<?xml version="1.0" encoding="UTF-8"?>
<testsuite name="de.tum.cit.aet.artemis.core.config.MetricsBeanTest" tests="10" skipped="0" failures="0" errors="0" timestamp="2025-02-14T23:44:50" hostname="fv-az1721-502" time="37.514">
  <properties/>
  <testcase name="testPublicMetricsExercises()" classname="de.tum.cit.aet.artemis.core.config.MetricsBeanTest" time="3.792"/>
  <testcase name="testPrometheusMetricsExams()" classname="de.tum.cit.aet.artemis.core.config.MetricsBeanTest" time="1.935"/>
  <testcase name="testPublicMetricsFilterTestCourses()" classname="de.tum.cit.aet.artemis.core.config.MetricsBeanTest" time="4.681"/>
  <testcase name="testEnsureCourseInformationIsSet()" classname="de.tum.cit.aet.artemis.core.config.MetricsBeanTest" time="5.66"/>
  <testcase name="testPrometheusMetricsExercises()" classname="de.tum.cit.aet.artemis.core.config.MetricsBeanTest" time="1.62"/>
  <testcase name="testPublicMetricsActiveUsers()" classname="de.tum.cit.aet.artemis.core.config.MetricsBeanTest" time="3.795"/>
  <testcase name="testPublicMetricsUpdatedWhenTriggered()" classname="de.tum.cit.aet.artemis.core.config.MetricsBeanTest" time="5.579"/>
  <testcase name="testPublicMetricsCourses()" classname="de.tum.cit.aet.artemis.core.config.MetricsBeanTest" time="3.98"/>
  <testcase name="testPublicMetricsExams()" classname="de.tum.cit.aet.artemis.core.config.MetricsBeanTest" time="3.368"/>
  <testcase name="testPublicMetricsCourseAndExamStudents()" classname="de.tum.cit.aet.artemis.core.config.MetricsBeanTest" time="3.074"/>
  <system-out><![CDATA[
Starting logs for MetricsBeanTest

  Starting logs for MetricsBeanTest > testPublicMetricsExercises()
    23:44:51.846 | 333 Pool-1-worker-97 | INFO  | i.z.t.d.l.EmbeddedDatabaseReporter   : JDBC URL to connect to 'dataSource': url='jdbc:h2:tcp://localhost:41063/mem:df70fc46-7e57-4cb5-9cd0-c1d90c14afa7;USER=sa', scope='MetricsBeanTest#testPublicMetricsExercises'
    23:44:53.908 | 333 Pool-1-worker-97 | DEBUG | d.t.c.a.a.core.config.MetricsBean    : updatePublicArtemisMetrics took 2038ms
    23:44:53.933 | 566 localvc.event-13 | DEBUG | s.l.LocalCIWebsocketMessagingService : Sending message on topic /topic/admin/queued-jobs: [BuildJobQueueItem[id=17441739576693929, name=SHORT1433D0160BE1D048240B38F04F231AEE650FTSTEXC-SOLUTION, buildAgent=BuildAgentDTO[name=null, memberAddress=null, displayName=null], participationId=1744, courseId=871, exerciseId=2446, retryCount=0, priority=2, status=null, repositoryInfo=RepositoryInfo[repositoryName=short1433d0160be1d048240b38f04f231aee650ftstexc-solution, repositoryType=solution, triggeredByPushTo=solution, assignmentRepositoryUri=, testRepositoryUri=, solutionRepositoryUri=, auxiliaryRepositoryUris=null, auxiliaryRepositoryCheckoutDirectories=null], jobTimingInfo=JobTimingInfo[submissionDate=2025-02-14T23:44:53.929193408Z[Etc/UTC], buildStartDate=null, buildCompletionDate=null, estimatedCompletionDate=null, estimatedDuration=19], buildConfig=BuildConfig[buildScript=, dockerImage=, commitHashToBuild=null, assignmentCommitHash=, testCommitHash=, branch=, programmingLanguage=null, projectType=null, scaEnabled=false, sequentialTestRunsEnabled=false, resultPaths=null, timeoutSeconds=0, assignmentCheckoutPath=, testCheckoutPath=, solutionCheckoutPath=, dockerRunConfig=null], submissionResult=null]]
    23:44:53.933 | 566 localvc.event-13 | DEBUG | s.l.LocalCIWebsocketMessagingService : Sending message on topic /topic/courses/871/queued-jobs: [BuildJobQueueItem[id=17441739576693929, name=SHORT1433D0160BE1D048240B38F04F231AEE650FTSTEXC-SOLUTION, buildAgent=BuildAgentDTO[name=null, memberAddress=null, displayName=null], participationId=1744, courseId=871, exerciseId=2446, retryCount=0, priority=2, status=null, repositoryInfo=RepositoryInfo[repositoryName=short1433d0160be1d048240b38f04f231aee650ftstexc-solution, repositoryType=solution, triggeredByPushTo=solution, assignmentRepositoryUri=, testRepositoryUri=, solutionRepositoryUri=, auxiliaryRepositoryUris=null, auxiliaryRepositoryCheckoutDirectories=null], jobTimingInfo=JobTimingInfo[submissionDate=2025-02-14T23:44:53.929193408Z[Etc/UTC], buildStartDate=null, buildCompletionDate=null, estimatedCompletionDate=null, estimatedDuration=19], buildConfig=BuildConfig[buildScript=, dockerImage=, commitHashToBuild=null, assignmentCommitHash=, testCommitHash=, branch=, programmingLanguage=null, projectType=null, scaEnabled=false, sequentialTestRunsEnabled=false, resultPaths=null, timeoutSeconds=0, assignmentCheckoutPath=, testCheckoutPath=, solutionCheckoutPath=, dockerRunConfig=null], submissionResult=null]]
    23:44:53.934 | 566 localvc.event-13 | DEBUG | a.a.b.s.SharedQueueProcessingService : CIBuildJobQueueItem added to queue: BuildJobQueueItem[id=17441739576693929, name=SHORT1433D0160BE1D048240B38F04F231AEE650FTSTEXC-SOLUTION, buildAgent=BuildAgentDTO[name=null, memberAddress=null, displayName=null], participationId=1744, courseId=871, exerciseId=2446, retryCount=0, priority=2, status=null, repositoryInfo=RepositoryInfo[repositoryName=short1433d0160be1d048240b38f04f231aee650ftstexc-solution, repositoryType=solution, triggeredByPushTo=solution, assignmentRepositoryUri=http://localhost:49152/git/SHORT1433D0160BE1D048240B38F04F231AEE650FTSTEXC/short1433d0160be1d048240b38f04f231aee650ftstexc-solution.git, testRepositoryUri=http://nadnasidni.tum/scm/SHORT1433D0160BE1D048240B38F04F231AEE650FTSTEXC/SHORT1433D0160BE1D048240B38F04F231AEE650FTSTEXC-tests.git, solutionRepositoryUri=null, auxiliaryRepositoryUris=[Ljava.lang.String;@3916ade1, auxiliaryRepositoryCheckoutDirectories=[Ljava.lang.String;@f191d93], jobTimingInfo=JobTimingInfo[submissionDate=2025-02-14T23:44:53.929193408Z[Etc/UTC], buildStartDate=null, buildCompletionDate=null, estimatedCompletionDate=null, estimatedDuration=19], buildConfig=BuildConfig[buildScript=#!/bin/bash
cd /var/tmp/testing-dir
mvn clean test
, dockerImage=dummy-docker-image, commitHashToBuild=null, assignmentCommitHash=9b3a9bd71a0d80e5bbc42204c319ed3d1d4f0d6d, testCommitHash=9b3a9bd71a0d80e5bbc42204c319ed3d1d4f0d6d, branch=main, programmingLanguage=JAVA, projectType=PLAIN_MAVEN, scaEnabled=false, sequentialTestRunsEnabled=false, resultPaths=[/var/tmp/testing-dir/**/target/surefire-reports/*.xml], timeoutSeconds=0, assignmentCheckoutPath=null, testCheckoutPath=null, solutionCheckoutPath=null, dockerRunConfig=null], submissionResult=null]
    23:44:53.935 | 566 localvc.event-13 | DEBUG | a.a.b.s.SharedQueueProcessingService : Current queued items: 1
    23:44:53.935 | 566 localvc.event-13 | DEBUG | a.a.b.s.SharedQueueProcessingService : Currently processing jobs on this node: 0, active threads in Pool: 0, maximum pool size of thread executor : 1
    23:44:53.935 | 566 localvc.event-13 | DEBUG | a.a.b.s.SharedQueueProcessingService : Currently processing jobs on this node: 0, active threads in Pool: 0, maximum pool size of thread executor : 1
    23:44:53.936 | 564 localvc.event-11 | DEBUG | a.p.s.l.LocalCIQueueWebsocketService : CIBuildJobQueueItem added to processing jobs: BuildJobQueueItem[id=17441739576693929, name=SHORT1433D0160BE1D048240B38F04F231AEE650FTSTEXC-SOLUTION, buildAgent=BuildAgentDTO[name=artemis-build-agent-test, memberAddress=[127.0.0.1]:5703, displayName=artemis-build-agent-test], participationId=1744, courseId=871, exerciseId=2446, retryCount=0, priority=2, status=null, repositoryInfo=RepositoryInfo[repositoryName=short1433d0160be1d048240b38f04f231aee650ftstexc-solution, repositoryType=solution, triggeredByPushTo=solution, assignmentRepositoryUri=http://localhost:49152/git/SHORT1433D0160BE1D048240B38F04F231AEE650FTSTEXC/short1433d0160be1d048240b38f04f231aee650ftstexc-solution.git, testRepositoryUri=http://nadnasidni.tum/scm/SHORT1433D0160BE1D048240B38F04F231AEE650FTSTEXC/SHORT1433D0160BE1D048240B38F04F231AEE650FTSTEXC-tests.git, solutionRepositoryUri=null, auxiliaryRepositoryUris=[Ljava.lang.String;@1d3205ee, auxiliaryRepositoryCheckoutDirectories=[Ljava.lang.String;@a2dc937], jobTimingInfo=JobTimingInfo[submissionDate=2025-02-14T23:44:53.929193408Z[Etc/UTC], buildStartDate=2025-02-14T23:44:53.935912198Z[Etc/UTC], buildCompletionDate=null, estimatedCompletionDate=2025-02-14T23:45:12.935900175Z[Etc/UTC], estimatedDuration=19], buildConfig=BuildConfig[buildScript=#!/bin/bash
cd /var/tmp/testing-dir
mvn clean test
, dockerImage=dummy-docker-image, commitHashToBuild=null, assignmentCommitHash=9b3a9bd71a0d80e5bbc42204c319ed3d1d4f0d6d, testCommitHash=9b3a9bd71a0d80e5bbc42204c319ed3d1d4f0d6d, branch=main, programmingLanguage=JAVA, projectType=PLAIN_MAVEN, scaEnabled=false, sequentialTestRunsEnabled=false, resultPaths=[/var/tmp/testing-dir/**/target/surefire-reports/*.xml], timeoutSeconds=0, assignmentCheckoutPath=null, testCheckoutPath=null, solutionCheckoutPath=null, dockerRunConfig=null], submissionResult=null]
    23:44:53.936 | 564 localvc.event-11 | DEBUG | s.l.LocalCIWebsocketMessagingService : Sending message on topic /topic/admin/running-jobs: [BuildJobQueueItem[id=17441739576693929, name=SHORT1433D0160BE1D048240B38F04F231AEE650FTSTEXC-SOLUTION, buildAgent=BuildAgentDTO[name=artemis-build-agent-test, memberAddress=[127.0.0.1]:5703, displayName=artemis-build-agent-test], participationId=1744, courseId=871, exerciseId=2446, retryCount=0, priority=2, status=null, repositoryInfo=RepositoryInfo[repositoryName=short1433d0160be1d048240b38f04f231aee650ftstexc-solution, repositoryType=solution, triggeredByPushTo=solution, assignmentRepositoryUri=, testRepositoryUri=, solutionRepositoryUri=, auxiliaryRepositoryUris=null, auxiliaryRepositoryCheckoutDirectories=null], jobTimingInfo=JobTimingInfo[submissionDate=2025-02-14T23:44:53.929193408Z[Etc/UTC], buildStartDate=2025-02-14T23:44:53.935912198Z[Etc/UTC], buildCompletionDate=null, estimatedCompletionDate=2025-02-14T23:45:12.935900175Z[Etc/UTC], estimatedDuration=19], buildConfig=BuildConfig[buildScript=, dockerImage=, commitHashToBuild=null, assignmentCommitHash=, testCommitHash=, branch=, programmingLanguage=null, projectType=null, scaEnabled=false, sequentialTestRunsEnabled=false, resultPaths=null, timeoutSeconds=0, assignmentCheckoutPath=, testCheckoutPath=, solutionCheckoutPath=, dockerRunConfig=null], submissionResult=null]]
    23:44:53.937 | 564 localvc.event-11 | DEBUG | s.l.LocalCIWebsocketMessagingService : Sending message on topic /topic/courses/871/running-jobs: [BuildJobQueueItem[id=17441739576693929, name=SHORT1433D0160BE1D048240B38F04F231AEE650FTSTEXC-SOLUTION, buildAgent=BuildAgentDTO[name=artemis-build-agent-test, memberAddress=[127.0.0.1]:5703, displayName=artemis-build-agent-test], participationId=1744, courseId=871, exerciseId=2446, retryCount=0, priority=2, status=null, repositoryInfo=RepositoryInfo[repositoryName=short1433d0160be1d048240b38f04f231aee650ftstexc-solution, repositoryType=solution, triggeredByPushTo=solution, assignmentRepositoryUri=, testRepositoryUri=, solutionRepositoryUri=, auxiliaryRepositoryUris=null, auxiliaryRepositoryCheckoutDirectories=null], jobTimingInfo=JobTimingInfo[submissionDate=2025-02-14T23:44:53.929193408Z[Etc/UTC], buildStartDate=2025-02-14T23:44:53.935912198Z[Etc/UTC], buildCompletionDate=null, estimatedCompletionDate=2025-02-14T23:45:12.935900175Z[Etc/UTC], estimatedDuration=19], buildConfig=BuildConfig[buildScript=, dockerImage=, commitHashToBuild=null, assignmentCommitHash=, testCommitHash=, branch=, programmingLanguage=null, projectType=null, scaEnabled=false, sequentialTestRunsEnabled=false, resultPaths=null, timeoutSeconds=0, assignmentCheckoutPath=, testCheckoutPath=, solutionCheckoutPath=, dockerRunConfig=null], submissionResult=null]]

  Starting logs for MetricsBeanTest > testPrometheusMetricsExams()
    23:44:53.948 | 566 localvc.event-13 | INFO  | a.a.b.s.SharedQueueProcessingService : Processing build job: BuildJobQueueItem[id=17441739576693929, name=SHORT1433D0160BE1D048240B38F04F231AEE650FTSTEXC-SOLUTION, buildAgent=BuildAgentDTO[name=artemis-build-agent-test, memberAddress=[127.0.0.1]:5703, displayName=artemis-build-agent-test], participationId=1744, courseId=871, exerciseId=2446, retryCount=0, priority=2, status=null, repositoryInfo=RepositoryInfo[repositoryName=short1433d0160be1d048240b38f04f231aee650ftstexc-solution, repositoryType=solution, triggeredByPushTo=solution, assignmentRepositoryUri=http://localhost:49152/git/SHORT1433D0160BE1D048240B38F04F231AEE650FTSTEXC/short1433d0160be1d048240b38f04f231aee650ftstexc-solution.git, testRepositoryUri=http://nadnasidni.tum/scm/SHORT1433D0160BE1D048240B38F04F231AEE650FTSTEXC/SHORT1433D0160BE1D048240B38F04F231AEE650FTSTEXC-tests.git, solutionRepositoryUri=null, auxiliaryRepositoryUris=[Ljava.lang.String;@7193d1b, auxiliaryRepositoryCheckoutDirectories=[Ljava.lang.String;@5d6364d7], jobTimingInfo=JobTimingInfo[submissionDate=2025-02-14T23:44:53.929193408Z[Etc/UTC], buildStartDate=2025-02-14T23:44:53.935912198Z[Etc/UTC], buildCompletionDate=null, estimatedCompletionDate=2025-02-14T23:45:12.935900175Z[Etc/UTC], estimatedDuration=19], buildConfig=BuildConfig[buildScript=#!/bin/bash
cd /var/tmp/testing-dir
mvn clean test
, dockerImage=dummy-docker-image, commitHashToBuild=null, assignmentCommitHash=9b3a9bd71a0d80e5bbc42204c319ed3d1d4f0d6d, testCommitHash=9b3a9bd71a0d80e5bbc42204c319ed3d1d4f0d6d, branch=main, programmingLanguage=JAVA, projectType=PLAIN_MAVEN, scaEnabled=false, sequentialTestRunsEnabled=false, resultPaths=[/var/tmp/testing-dir/**/target/surefire-reports/*.xml], timeoutSeconds=0, assignmentCheckoutPath=null, testCheckoutPath=null, solutionCheckoutPath=null, dockerRunConfig=null], submissionResult=null]
    23:44:54.304 | 566 localvc.event-13 | ERROR | .c.a.a.b.s.BuildJobManagementService : Error while executing build job 17441739576693929: de.tum.cit.aet.artemis.core.exception.LocalCIException: Could not pull Docker image dummy-docker-image
java.util.concurrent.ExecutionException: de.tum.cit.aet.artemis.core.exception.LocalCIException: Could not pull Docker image dummy-docker-image
	at java.base/java.util.concurrent.FutureTask.report(FutureTask.java:122)
	at java.base/java.util.concurrent.FutureTask.get(FutureTask.java:205)
	at de.tum.cit.aet.artemis.buildagent.service.BuildJobManagementService.lambda$executeBuildJob$2(BuildJobManagementService.java:165)
	at de.tum.cit.aet.artemis.buildagent.service.BuildJobManagementService.createCompletableFuture(BuildJobManagementService.java:236)
	at de.tum.cit.aet.artemis.buildagent.service.BuildJobManagementService.executeBuildJob(BuildJobManagementService.java:163)
	at de.tum.cit.aet.artemis.buildagent.service.SharedQueueProcessingService.processBuild(SharedQueueProcessingService.java:413)
	at de.tum.cit.aet.artemis.buildagent.service.SharedQueueProcessingService.checkAvailabilityAndProcessNextBuild(SharedQueueProcessingService.java:269)
	at de.tum.cit.aet.artemis.buildagent.service.SharedQueueProcessingService$QueuedBuildJobItemListener.itemAdded(SharedQueueProcessingService.java:594)
	at com.hazelcast.collection.impl.queue.QueueService.lambda$dispatchEvent$1(QueueService.java:277)
	at com.hazelcast.internal.namespace.impl.NoOpUserCodeNamespaceService.runWithNamespace(NoOpUserCodeNamespaceService.java:82)
	at com.hazelcast.internal.namespace.NamespaceUtil.runWithNamespace(NamespaceUtil.java:106)
	at com.hazelcast.collection.impl.queue.QueueService.dispatchEvent(QueueService.java:275)
	at com.hazelcast.collection.impl.queue.QueueService.dispatchEvent(QueueService.java:98)
	at com.hazelcast.spi.impl.eventservice.impl.LocalEventDispatcher.run(LocalEventDispatcher.java:64)
	at com.hazelcast.internal.util.executor.StripedExecutor$Worker.process(StripedExecutor.java:244)
	at com.hazelcast.internal.util.executor.StripedExecutor$Worker.run(StripedExecutor.java:227)
Caused by: de.tum.cit.aet.artemis.core.exception.LocalCIException: Could not pull Docker image dummy-docker-image
	at de.tum.cit.aet.artemis.buildagent.service.BuildJobExecutionService.runBuildJob(BuildJobExecutionService.java:157)
	at java.base/jdk.internal.reflect.DirectMethodHandleAccessor.invoke(DirectMethodHandleAccessor.java:103)
	at java.base/java.lang.reflect.Method.invoke(Method.java:580)
	at org.springframework.aop.support.AopUtils.invokeJoinpointUsingReflection(AopUtils.java:359)
	at org.springframework.aop.framework.CglibAopProxy$DynamicAdvisedInterceptor.intercept(CglibAopProxy.java:723)
	at de.tum.cit.aet.artemis.buildagent.service.BuildJobExecutionService$$SpringCGLIB$$0.runBuildJob(<generated>)
	at de.tum.cit.aet.artemis.buildagent.service.BuildJobManagementService.lambda$executeBuildJob$1(BuildJobManagementService.java:129)
	at java.base/java.util.concurrent.FutureTask.run(FutureTask.java:317)
	at java.base/java.util.concurrent.ThreadPoolExecutor.runWorker(ThreadPoolExecutor.java:1144)
	at java.base/java.util.concurrent.ThreadPoolExecutor$Worker.run(ThreadPoolExecutor.java:642)
	at java.base/java.lang.Thread.run(Thread.java:1583)
Caused by: de.tum.cit.aet.artemis.core.exception.LocalCIException: Error while pulling docker image dummy-docker-image
	at de.tum.cit.aet.artemis.buildagent.service.BuildAgentDockerService.pullDockerImage(BuildAgentDockerService.java:258)
	at de.tum.cit.aet.artemis.buildagent.service.BuildJobExecutionService.runBuildJob(BuildJobExecutionService.java:152)
	... 10 common frames omitted
Caused by: com.github.dockerjava.api.exception.NotFoundException: Status 404: {"message":"pull access denied for dummy-docker-image, repository does not exist or may require 'docker login': denied: requested access to the resource is denied"}

	at com.github.dockerjava.core.DefaultInvocationBuilder.execute(DefaultInvocationBuilder.java:241)
	at com.github.dockerjava.core.DefaultInvocationBuilder.lambda$executeAndStream$1(DefaultInvocationBuilder.java:269)
	... 1 common frames omitted
    23:44:54.304 | 566 localvc.event-13 | INFO  | .c.a.a.b.s.BuildJobManagementService : Getting ID of running container local-ci-17441739576693929
    23:44:54.304 | 566 localvc.event-13 | INFO  | .c.a.a.b.s.BuildJobManagementService : Stopping unresponsive container with ID null
    23:44:54.304 | 566 localvc.event-13 | DEBUG | a.a.b.s.SharedQueueProcessingService : Build job completed with exception: BuildJobQueueItem[id=17441739576693929, name=SHORT1433D0160BE1D048240B38F04F231AEE650FTSTEXC-SOLUTION, buildAgent=BuildAgentDTO[name=artemis-build-agent-test, memberAddress=[127.0.0.1]:5703, displayName=artemis-build-agent-test], participationId=1744, courseId=871, exerciseId=2446, retryCount=0, priority=2, status=null, repositoryInfo=RepositoryInfo[repositoryName=short1433d0160be1d048240b38f04f231aee650ftstexc-solution, repositoryType=solution, triggeredByPushTo=solution, assignmentRepositoryUri=http://localhost:49152/git/SHORT1433D0160BE1D048240B38F04F231AEE650FTSTEXC/short1433d0160be1d048240b38f04f231aee650ftstexc-solution.git, testRepositoryUri=http://nadnasidni.tum/scm/SHORT1433D0160BE1D048240B38F04F231AEE650FTSTEXC/SHORT1433D0160BE1D048240B38F04F231AEE650FTSTEXC-tests.git, solutionRepositoryUri=null, auxiliaryRepositoryUris=[Ljava.lang.String;@7193d1b, auxiliaryRepositoryCheckoutDirectories=[Ljava.lang.String;@5d6364d7], jobTimingInfo=JobTimingInfo[submissionDate=2025-02-14T23:44:53.929193408Z[Etc/UTC], buildStartDate=2025-02-14T23:44:53.935912198Z[Etc/UTC], buildCompletionDate=null, estimatedCompletionDate=2025-02-14T23:45:12.935900175Z[Etc/UTC], estimatedDuration=19], buildConfig=BuildConfig[buildScript=#!/bin/bash
cd /var/tmp/testing-dir
mvn clean test
, dockerImage=dummy-docker-image, commitHashToBuild=null, assignmentCommitHash=9b3a9bd71a0d80e5bbc42204c319ed3d1d4f0d6d, testCommitHash=9b3a9bd71a0d80e5bbc42204c319ed3d1d4f0d6d, branch=main, programmingLanguage=JAVA, projectType=PLAIN_MAVEN, scaEnabled=false, sequentialTestRunsEnabled=false, resultPaths=[/var/tmp/testing-dir/**/target/surefire-reports/*.xml], timeoutSeconds=0, assignmentCheckoutPath=null, testCheckoutPath=null, solutionCheckoutPath=null, dockerRunConfig=null], submissionResult=null]
java.util.concurrent.CompletionException: java.util.concurrent.ExecutionException: de.tum.cit.aet.artemis.core.exception.LocalCIException: Could not pull Docker image dummy-docker-image
	at de.tum.cit.aet.artemis.buildagent.service.BuildJobManagementService.lambda$executeBuildJob$2(BuildJobManagementService.java:188)
	at de.tum.cit.aet.artemis.buildagent.service.BuildJobManagementService.createCompletableFuture(BuildJobManagementService.java:236)
	at de.tum.cit.aet.artemis.buildagent.service.BuildJobManagementService.executeBuildJob(BuildJobManagementService.java:163)
	at de.tum.cit.aet.artemis.buildagent.service.SharedQueueProcessingService.processBuild(SharedQueueProcessingService.java:413)
	at de.tum.cit.aet.artemis.buildagent.service.SharedQueueProcessingService.checkAvailabilityAndProcessNextBuild(SharedQueueProcessingService.java:269)
	at de.tum.cit.aet.artemis.buildagent.service.SharedQueueProcessingService$QueuedBuildJobItemListener.itemAdded(SharedQueueProcessingService.java:594)
	at com.hazelcast.collection.impl.queue.QueueService.lambda$dispatchEvent$1(QueueService.java:277)
	at com.hazelcast.internal.namespace.impl.NoOpUserCodeNamespaceService.runWithNamespace(NoOpUserCodeNamespaceService.java:82)
	at com.hazelcast.internal.namespace.NamespaceUtil.runWithNamespace(NamespaceUtil.java:106)
	at com.hazelcast.collection.impl.queue.QueueService.dispatchEvent(QueueService.java:275)
	at com.hazelcast.collection.impl.queue.QueueService.dispatchEvent(QueueService.java:98)
	at com.hazelcast.spi.impl.eventservice.impl.LocalEventDispatcher.run(LocalEventDispatcher.java:64)
	at com.hazelcast.internal.util.executor.StripedExecutor$Worker.process(StripedExecutor.java:244)
	at com.hazelcast.internal.util.executor.StripedExecutor$Worker.run(StripedExecutor.java:227)
Caused by: java.util.concurrent.ExecutionException: de.tum.cit.aet.artemis.core.exception.LocalCIException: Could not pull Docker image dummy-docker-image
	at java.base/java.util.concurrent.FutureTask.report(FutureTask.java:122)
	at java.base/java.util.concurrent.FutureTask.get(FutureTask.java:205)
	at de.tum.cit.aet.artemis.buildagent.service.BuildJobManagementService.lambda$executeBuildJob$2(BuildJobManagementService.java:165)
	... 13 common frames omitted
Caused by: de.tum.cit.aet.artemis.core.exception.LocalCIException: Could not pull Docker image dummy-docker-image
	at de.tum.cit.aet.artemis.buildagent.service.BuildJobExecutionService.runBuildJob(BuildJobExecutionService.java:157)
	at java.base/jdk.internal.reflect.DirectMethodHandleAccessor.invoke(DirectMethodHandleAccessor.java:103)
	at java.base/java.lang.reflect.Method.invoke(Method.java:580)
	at org.springframework.aop.support.AopUtils.invokeJoinpointUsingReflection(AopUtils.java:359)
	at org.springframework.aop.framework.CglibAopProxy$DynamicAdvisedInterceptor.intercept(CglibAopProxy.java:723)
	at de.tum.cit.aet.artemis.buildagent.service.BuildJobExecutionService$$SpringCGLIB$$0.runBuildJob(<generated>)
	at de.tum.cit.aet.artemis.buildagent.service.BuildJobManagementService.lambda$executeBuildJob$1(BuildJobManagementService.java:129)
	at java.base/java.util.concurrent.FutureTask.run(FutureTask.java:317)
	at java.base/java.util.concurrent.ThreadPoolExecutor.runWorker(ThreadPoolExecutor.java:1144)
	at java.base/java.util.concurrent.ThreadPoolExecutor$Worker.run(ThreadPoolExecutor.java:642)
	at java.base/java.lang.Thread.run(Thread.java:1583)
Caused by: de.tum.cit.aet.artemis.core.exception.LocalCIException: Error while pulling docker image dummy-docker-image
	at de.tum.cit.aet.artemis.buildagent.service.BuildAgentDockerService.pullDockerImage(BuildAgentDockerService.java:258)
	at de.tum.cit.aet.artemis.buildagent.service.BuildJobExecutionService.runBuildJob(BuildJobExecutionService.java:152)
	... 10 common frames omitted
Caused by: com.github.dockerjava.api.exception.NotFoundException: Status 404: {"message":"pull access denied for dummy-docker-image, repository does not exist or may require 'docker login': denied: requested access to the resource is denied"}

	at com.github.dockerjava.core.DefaultInvocationBuilder.execute(DefaultInvocationBuilder.java:241)
	at com.github.dockerjava.core.DefaultInvocationBuilder.lambda$executeAndStream$1(DefaultInvocationBuilder.java:269)
	... 1 common frames omitted
    23:44:54.304 | 566 localvc.event-13 | ERROR | a.a.b.s.SharedQueueProcessingService : Error while processing build job: BuildJobQueueItem[id=17441739576693929, name=SHORT1433D0160BE1D048240B38F04F231AEE650FTSTEXC-SOLUTION, buildAgent=BuildAgentDTO[name=artemis-build-agent-test, memberAddress=[127.0.0.1]:5703, displayName=artemis-build-agent-test], participationId=1744, courseId=871, exerciseId=2446, retryCount=0, priority=2, status=null, repositoryInfo=RepositoryInfo[repositoryName=short1433d0160be1d048240b38f04f231aee650ftstexc-solution, repositoryType=solution, triggeredByPushTo=solution, assignmentRepositoryUri=http://localhost:49152/git/SHORT1433D0160BE1D048240B38F04F231AEE650FTSTEXC/short1433d0160be1d048240b38f04f231aee650ftstexc-solution.git, testRepositoryUri=http://nadnasidni.tum/scm/SHORT1433D0160BE1D048240B38F04F231AEE650FTSTEXC/SHORT1433D0160BE1D048240B38F04F231AEE650FTSTEXC-tests.git, solutionRepositoryUri=null, auxiliaryRepositoryUris=[Ljava.lang.String;@7193d1b, auxiliaryRepositoryCheckoutDirectories=[Ljava.lang.String;@5d6364d7], jobTimingInfo=JobTimingInfo[submissionDate=2025-02-14T23:44:53.929193408Z[Etc/UTC], buildStartDate=2025-02-14T23:44:53.935912198Z[Etc/UTC], buildCompletionDate=null, estimatedCompletionDate=2025-02-14T23:45:12.935900175Z[Etc/UTC], estimatedDuration=19], buildConfig=BuildConfig[buildScript=#!/bin/bash
cd /var/tmp/testing-dir
mvn clean test
, dockerImage=dummy-docker-image, commitHashToBuild=null, assignmentCommitHash=9b3a9bd71a0d80e5bbc42204c319ed3d1d4f0d6d, testCommitHash=9b3a9bd71a0d80e5bbc42204c319ed3d1d4f0d6d, branch=main, programmingLanguage=JAVA, projectType=PLAIN_MAVEN, scaEnabled=false, sequentialTestRunsEnabled=false, resultPaths=[/var/tmp/testing-dir/**/target/surefire-reports/*.xml], timeoutSeconds=0, assignmentCheckoutPath=null, testCheckoutPath=null, solutionCheckoutPath=null, dockerRunConfig=null], submissionResult=null]
java.util.concurrent.CompletionException: java.util.concurrent.ExecutionException: de.tum.cit.aet.artemis.core.exception.LocalCIException: Could not pull Docker image dummy-docker-image
	at de.tum.cit.aet.artemis.buildagent.service.BuildJobManagementService.lambda$executeBuildJob$2(BuildJobManagementService.java:188)
	at de.tum.cit.aet.artemis.buildagent.service.BuildJobManagementService.createCompletableFuture(BuildJobManagementService.java:236)
	at de.tum.cit.aet.artemis.buildagent.service.BuildJobManagementService.executeBuildJob(BuildJobManagementService.java:163)
	at de.tum.cit.aet.artemis.buildagent.service.SharedQueueProcessingService.processBuild(SharedQueueProcessingService.java:413)
	at de.tum.cit.aet.artemis.buildagent.service.SharedQueueProcessingService.checkAvailabilityAndProcessNextBuild(SharedQueueProcessingService.java:269)
	at de.tum.cit.aet.artemis.buildagent.service.SharedQueueProcessingService$QueuedBuildJobItemListener.itemAdded(SharedQueueProcessingService.java:594)
	at com.hazelcast.collection.impl.queue.QueueService.lambda$dispatchEvent$1(QueueService.java:277)
	at com.hazelcast.internal.namespace.impl.NoOpUserCodeNamespaceService.runWithNamespace(NoOpUserCodeNamespaceService.java:82)
	at com.hazelcast.internal.namespace.NamespaceUtil.runWithNamespace(NamespaceUtil.java:106)
	at com.hazelcast.collection.impl.queue.QueueService.dispatchEvent(QueueService.java:275)
	at com.hazelcast.collection.impl.queue.QueueService.dispatchEvent(QueueService.java:98)
	at com.hazelcast.spi.impl.eventservice.impl.LocalEventDispatcher.run(LocalEventDispatcher.java:64)
	at com.hazelcast.internal.util.executor.StripedExecutor$Worker.process(StripedExecutor.java:244)
	at com.hazelcast.internal.util.executor.StripedExecutor$Worker.run(StripedExecutor.java:227)
Caused by: java.util.concurrent.ExecutionException: de.tum.cit.aet.artemis.core.exception.LocalCIException: Could not pull Docker image dummy-docker-image
	at java.base/java.util.concurrent.FutureTask.report(FutureTask.java:122)
	at java.base/java.util.concurrent.FutureTask.get(FutureTask.java:205)
	at de.tum.cit.aet.artemis.buildagent.service.BuildJobManagementService.lambda$executeBuildJob$2(BuildJobManagementService.java:165)
	... 13 common frames omitted
Caused by: de.tum.cit.aet.artemis.core.exception.LocalCIException: Could not pull Docker image dummy-docker-image
	at de.tum.cit.aet.artemis.buildagent.service.BuildJobExecutionService.runBuildJob(BuildJobExecutionService.java:157)
	at java.base/jdk.internal.reflect.DirectMethodHandleAccessor.invoke(DirectMethodHandleAccessor.java:103)
	at java.base/java.lang.reflect.Method.invoke(Method.java:580)
	at org.springframework.aop.support.AopUtils.invokeJoinpointUsingReflection(AopUtils.java:359)
	at org.springframework.aop.framework.CglibAopProxy$DynamicAdvisedInterceptor.intercept(CglibAopProxy.java:723)
	at de.tum.cit.aet.artemis.buildagent.service.BuildJobExecutionService$$SpringCGLIB$$0.runBuildJob(<generated>)
	at de.tum.cit.aet.artemis.buildagent.service.BuildJobManagementService.lambda$executeBuildJob$1(BuildJobManagementService.java:129)
	at java.base/java.util.concurrent.FutureTask.run(FutureTask.java:317)
	at java.base/java.util.concurrent.ThreadPoolExecutor.runWorker(ThreadPoolExecutor.java:1144)
	at java.base/java.util.concurrent.ThreadPoolExecutor$Worker.run(ThreadPoolExecutor.java:642)
	at java.base/java.lang.Thread.run(Thread.java:1583)
Caused by: de.tum.cit.aet.artemis.core.exception.LocalCIException: Error while pulling docker image dummy-docker-image
	at de.tum.cit.aet.artemis.buildagent.service.BuildAgentDockerService.pullDockerImage(BuildAgentDockerService.java:258)
	at de.tum.cit.aet.artemis.buildagent.service.BuildJobExecutionService.runBuildJob(BuildJobExecutionService.java:152)
	... 10 common frames omitted
Caused by: com.github.dockerjava.api.exception.NotFoundException: Status 404: {"message":"pull access denied for dummy-docker-image, repository does not exist or may require 'docker login': denied: requested access to the resource is denied"}

	at com.github.dockerjava.core.DefaultInvocationBuilder.execute(DefaultInvocationBuilder.java:241)
	at com.github.dockerjava.core.DefaultInvocationBuilder.lambda$executeAndStream$1(DefaultInvocationBuilder.java:269)
	... 1 common frames omitted
    23:44:54.312 | 564 localvc.event-11 | DEBUG | a.p.s.l.LocalCIQueueWebsocketService : CIBuildJobQueueItem removed from processing jobs: BuildJobQueueItem[id=17441739576693929, name=SHORT1433D0160BE1D048240B38F04F231AEE650FTSTEXC-SOLUTION, buildAgent=BuildAgentDTO[name=artemis-build-agent-test, memberAddress=[127.0.0.1]:5703, displayName=artemis-build-agent-test], participationId=1744, courseId=871, exerciseId=2446, retryCount=0, priority=2, status=null, repositoryInfo=RepositoryInfo[repositoryName=short1433d0160be1d048240b38f04f231aee650ftstexc-solution, repositoryType=solution, triggeredByPushTo=solution, assignmentRepositoryUri=http://localhost:49152/git/SHORT1433D0160BE1D048240B38F04F231AEE650FTSTEXC/short1433d0160be1d048240b38f04f231aee650ftstexc-solution.git, testRepositoryUri=http://nadnasidni.tum/scm/SHORT1433D0160BE1D048240B38F04F231AEE650FTSTEXC/SHORT1433D0160BE1D048240B38F04F231AEE650FTSTEXC-tests.git, solutionRepositoryUri=null, auxiliaryRepositoryUris=[Ljava.lang.String;@2ef8141, auxiliaryRepositoryCheckoutDirectories=[Ljava.lang.String;@106a9993], jobTimingInfo=JobTimingInfo[submissionDate=2025-02-14T23:44:53.929193408Z[Etc/UTC], buildStartDate=2025-02-14T23:44:53.935912198Z[Etc/UTC], buildCompletionDate=null, estimatedCompletionDate=2025-02-14T23:45:12.935900175Z[Etc/UTC], estimatedDuration=19], buildConfig=BuildConfig[buildScript=#!/bin/bash
cd /var/tmp/testing-dir
mvn clean test
, dockerImage=dummy-docker-image, commitHashToBuild=null, assignmentCommitHash=9b3a9bd71a0d80e5bbc42204c319ed3d1d4f0d6d, testCommitHash=9b3a9bd71a0d80e5bbc42204c319ed3d1d4f0d6d, branch=main, programmingLanguage=JAVA, projectType=PLAIN_MAVEN, scaEnabled=false, sequentialTestRunsEnabled=false, resultPaths=[/var/tmp/testing-dir/**/target/surefire-reports/*.xml], timeoutSeconds=0, assignmentCheckoutPath=null, testCheckoutPath=null, solutionCheckoutPath=null, dockerRunConfig=null], submissionResult=null]
    23:44:54.313 | 564 localvc.event-11 | DEBUG | s.l.LocalCIWebsocketMessagingService : Sending message on topic /topic/admin/running-jobs: []
    23:44:54.314 | 564 localvc.event-11 | DEBUG | s.l.LocalCIWebsocketMessagingService : Sending message on topic /topic/courses/871/running-jobs: []
    23:44:54.326 | 566 localvc.event-13 | DEBUG | a.a.b.s.SharedQueueProcessingService : Currently processing jobs on this node: 0, active threads in Pool: 0, maximum pool size of thread executor : 1
    23:44:54.326 | 566 localvc.event-13 | DEBUG | a.a.b.s.SharedQueueProcessingService : Currently processing jobs on this node: 0, active threads in Pool: 0, maximum pool size of thread executor : 1
    23:44:54.340 | 566 localvc.event-13 | INFO  | a.a.b.s.SharedQueueProcessingService : Processing build job: BuildJobQueueItem[id=17451739576693934, name=SHORT1433D0160BE1D048240B38F04F231AEE650FTSTEXC-BASE, buildAgent=BuildAgentDTO[name=artemis-build-agent-test, memberAddress=[127.0.0.1]:5703, displayName=artemis-build-agent-test], participationId=1745, courseId=871, exerciseId=2446, retryCount=0, priority=2, status=null, repositoryInfo=RepositoryInfo[repositoryName=short1433d0160be1d048240b38f04f231aee650ftstexc-exercise, repositoryType=exercise, triggeredByPushTo=exercise, assignmentRepositoryUri=http://localhost:49152/git/SHORT1433D0160BE1D048240B38F04F231AEE650FTSTEXC/short1433d0160be1d048240b38f04f231aee650ftstexc-exercise.git, testRepositoryUri=http://nadnasidni.tum/scm/SHORT1433D0160BE1D048240B38F04F231AEE650FTSTEXC/SHORT1433D0160BE1D048240B38F04F231AEE650FTSTEXC-tests.git, solutionRepositoryUri=null, auxiliaryRepositoryUris=[Ljava.lang.String;@68f76819, auxiliaryRepositoryCheckoutDirectories=[Ljava.lang.String;@51c44cb7], jobTimingInfo=JobTimingInfo[submissionDate=2025-02-14T23:44:53.934335889Z[Etc/UTC], buildStartDate=2025-02-14T23:44:54.327124774Z[Etc/UTC], buildCompletionDate=null, estimatedCompletionDate=2025-02-14T23:45:13.327117811Z[Etc/UTC], estimatedDuration=19], buildConfig=BuildConfig[buildScript=#!/bin/bash
cd /var/tmp/testing-dir
mvn clean test
, dockerImage=dummy-docker-image, commitHashToBuild=null, assignmentCommitHash=9b3a9bd71a0d80e5bbc42204c319ed3d1d4f0d6d, testCommitHash=9b3a9bd71a0d80e5bbc42204c319ed3d1d4f0d6d, branch=main, programmingLanguage=JAVA, projectType=PLAIN_MAVEN, scaEnabled=false, sequentialTestRunsEnabled=false, resultPaths=[/var/tmp/testing-dir/**/target/surefire-reports/*.xml], timeoutSeconds=0, assignmentCheckoutPath=null, testCheckoutPath=null, solutionCheckoutPath=null, dockerRunConfig=null], submissionResult=null]
    23:44:54.341 | 566 localvc.event-13 | ERROR | .c.a.a.b.s.BuildJobManagementService : Error while executing build job 17451739576693934: de.tum.cit.aet.artemis.core.exception.LocalCIException: Could not pull Docker image dummy-docker-image
java.util.concurrent.ExecutionException: de.tum.cit.aet.artemis.core.exception.LocalCIException: Could not pull Docker image dummy-docker-image
	at java.base/java.util.concurrent.FutureTask.report(FutureTask.java:122)
	at java.base/java.util.concurrent.FutureTask.get(FutureTask.java:205)
	at de.tum.cit.aet.artemis.buildagent.service.BuildJobManagementService.lambda$executeBuildJob$2(BuildJobManagementService.java:165)
	at de.tum.cit.aet.artemis.buildagent.service.BuildJobManagementService.createCompletableFuture(BuildJobManagementService.java:236)
	at de.tum.cit.aet.artemis.buildagent.service.BuildJobManagementService.executeBuildJob(BuildJobManagementService.java:163)
	at de.tum.cit.aet.artemis.buildagent.service.SharedQueueProcessingService.processBuild(SharedQueueProcessingService.java:413)
	at de.tum.cit.aet.artemis.buildagent.service.SharedQueueProcessingService.checkAvailabilityAndProcessNextBuild(SharedQueueProcessingService.java:269)
	at de.tum.cit.aet.artemis.buildagent.service.SharedQueueProcessingService.lambda$processBuild$5(SharedQueueProcessingService.java:480)
	at java.base/java.util.concurrent.CompletableFuture.uniExceptionally(CompletableFuture.java:990)
	at java.base/java.util.concurrent.CompletableFuture.uniExceptionallyStage(CompletableFuture.java:1008)
	at java.base/java.util.concurrent.CompletableFuture.exceptionally(CompletableFuture.java:2396)
	at de.tum.cit.aet.artemis.buildagent.service.SharedQueueProcessingService.processBuild(SharedQueueProcessingService.java:444)
	at de.tum.cit.aet.artemis.buildagent.service.SharedQueueProcessingService.checkAvailabilityAndProcessNextBuild(SharedQueueProcessingService.java:269)
	at de.tum.cit.aet.artemis.buildagent.service.SharedQueueProcessingService$QueuedBuildJobItemListener.itemAdded(SharedQueueProcessingService.java:594)
	at com.hazelcast.collection.impl.queue.QueueService.lambda$dispatchEvent$1(QueueService.java:277)
	at com.hazelcast.internal.namespace.impl.NoOpUserCodeNamespaceService.runWithNamespace(NoOpUserCodeNamespaceService.java:82)
	at com.hazelcast.internal.namespace.NamespaceUtil.runWithNamespace(NamespaceUtil.java:106)
	at com.hazelcast.collection.impl.queue.QueueService.dispatchEvent(QueueService.java:275)
	at com.hazelcast.collection.impl.queue.QueueService.dispatchEvent(QueueService.java:98)
	at com.hazelcast.spi.impl.eventservice.impl.LocalEventDispatcher.run(LocalEventDispatcher.java:64)
	at com.hazelcast.internal.util.executor.StripedExecutor$Worker.process(StripedExecutor.java:244)
	at com.hazelcast.internal.util.executor.StripedExecutor$Worker.run(StripedExecutor.java:227)
Caused by: de.tum.cit.aet.artemis.core.exception.LocalCIException: Could not pull Docker image dummy-docker-image
	at de.tum.cit.aet.artemis.buildagent.service.BuildJobExecutionService.runBuildJob(BuildJobExecutionService.java:157)
	at java.base/jdk.internal.reflect.DirectMethodHandleAccessor.invoke(DirectMethodHandleAccessor.java:103)
	at java.base/java.lang.reflect.Method.invoke(Method.java:580)
	at org.springframework.aop.support.AopUtils.invokeJoinpointUsingReflection(AopUtils.java:359)
	at org.springframework.aop.framework.CglibAopProxy$DynamicAdvisedInterceptor.intercept(CglibAopProxy.java:723)
	at de.tum.cit.aet.artemis.buildagent.service.BuildJobExecutionService$$SpringCGLIB$$0.runBuildJob(<generated>)
	at de.tum.cit.aet.artemis.buildagent.service.BuildJobManagementService.lambda$executeBuildJob$1(BuildJobManagementService.java:129)
	at java.base/java.util.concurrent.FutureTask.run(FutureTask.java:317)
	at java.base/java.util.concurrent.ThreadPoolExecutor.runWorker(ThreadPoolExecutor.java:1144)
	at java.base/java.util.concurrent.ThreadPoolExecutor$Worker.run(ThreadPoolExecutor.java:642)
	at java.base/java.lang.Thread.run(Thread.java:1583)
Caused by: de.tum.cit.aet.artemis.core.exception.LocalCIException: Docker image dummy-docker-image is not compatible with the current architecture. Needed 'linux/amd64', but got 'null'
	at de.tum.cit.aet.artemis.buildagent.service.BuildAgentDockerService.checkImageArchitecture(BuildAgentDockerService.java:291)
	at de.tum.cit.aet.artemis.buildagent.service.BuildAgentDockerService.pullDockerImage(BuildAgentDockerService.java:223)
	at de.tum.cit.aet.artemis.buildagent.service.BuildJobExecutionService.runBuildJob(BuildJobExecutionService.java:152)
	... 10 common frames omitted
    23:44:54.341 | 566 localvc.event-13 | INFO  | .c.a.a.b.s.BuildJobManagementService : Getting ID of running container local-ci-17451739576693934
    23:44:54.342 | 566 localvc.event-13 | INFO  | .c.a.a.b.s.BuildJobManagementService : Stopping unresponsive container with ID null
    23:44:54.342 | 566 localvc.event-13 | DEBUG | a.a.b.s.SharedQueueProcessingService : Build job completed with exception: BuildJobQueueItem[id=17451739576693934, name=SHORT1433D0160BE1D048240B38F04F231AEE650FTSTEXC-BASE, buildAgent=BuildAgentDTO[name=artemis-build-agent-test, memberAddress=[127.0.0.1]:5703, displayName=artemis-build-agent-test], participationId=1745, courseId=871, exerciseId=2446, retryCount=0, priority=2, status=null, repositoryInfo=RepositoryInfo[repositoryName=short1433d0160be1d048240b38f04f231aee650ftstexc-exercise, repositoryType=exercise, triggeredByPushTo=exercise, assignmentRepositoryUri=http://localhost:49152/git/SHORT1433D0160BE1D048240B38F04F231AEE650FTSTEXC/short1433d0160be1d048240b38f04f231aee650ftstexc-exercise.git, testRepositoryUri=http://nadnasidni.tum/scm/SHORT1433D0160BE1D048240B38F04F231AEE650FTSTEXC/SHORT1433D0160BE1D048240B38F04F231AEE650FTSTEXC-tests.git, solutionRepositoryUri=null, auxiliaryRepositoryUris=[Ljava.lang.String;@68f76819, auxiliaryRepositoryCheckoutDirectories=[Ljava.lang.String;@51c44cb7], jobTimingInfo=JobTimingInfo[submissionDate=2025-02-14T23:44:53.934335889Z[Etc/UTC], buildStartDate=2025-02-14T23:44:54.327124774Z[Etc/UTC], buildCompletionDate=null, estimatedCompletionDate=2025-02-14T23:45:13.327117811Z[Etc/UTC], estimatedDuration=19], buildConfig=BuildConfig[buildScript=#!/bin/bash
cd /var/tmp/testing-dir
mvn clean test
, dockerImage=dummy-docker-image, commitHashToBuild=null, assignmentCommitHash=9b3a9bd71a0d80e5bbc42204c319ed3d1d4f0d6d, testCommitHash=9b3a9bd71a0d80e5bbc42204c319ed3d1d4f0d6d, branch=main, programmingLanguage=JAVA, projectType=PLAIN_MAVEN, scaEnabled=false, sequentialTestRunsEnabled=false, resultPaths=[/var/tmp/testing-dir/**/target/surefire-reports/*.xml], timeoutSeconds=0, assignmentCheckoutPath=null, testCheckoutPath=null, solutionCheckoutPath=null, dockerRunConfig=null], submissionResult=null]
java.util.concurrent.CompletionException: java.util.concurrent.ExecutionException: de.tum.cit.aet.artemis.core.exception.LocalCIException: Could not pull Docker image dummy-docker-image
	at de.tum.cit.aet.artemis.buildagent.service.BuildJobManagementService.lambda$executeBuildJob$2(BuildJobManagementService.java:188)
	at de.tum.cit.aet.artemis.buildagent.service.BuildJobManagementService.createCompletableFuture(BuildJobManagementService.java:236)
	at de.tum.cit.aet.artemis.buildagent.service.BuildJobManagementService.executeBuildJob(BuildJobManagementService.java:163)
	at de.tum.cit.aet.artemis.buildagent.service.SharedQueueProcessingService.processBuild(SharedQueueProcessingService.java:413)
	at de.tum.cit.aet.artemis.buildagent.service.SharedQueueProcessingService.checkAvailabilityAndProcessNextBuild(SharedQueueProcessingService.java:269)
	at de.tum.cit.aet.artemis.buildagent.service.SharedQueueProcessingService.lambda$processBuild$5(SharedQueueProcessingService.java:480)
	at java.base/java.util.concurrent.CompletableFuture.uniExceptionally(CompletableFuture.java:990)
	at java.base/java.util.concurrent.CompletableFuture.uniExceptionallyStage(CompletableFuture.java:1008)
	at java.base/java.util.concurrent.CompletableFuture.exceptionally(CompletableFuture.java:2396)
	at de.tum.cit.aet.artemis.buildagent.service.SharedQueueProcessingService.processBuild(SharedQueueProcessingService.java:444)
	at de.tum.cit.aet.artemis.buildagent.service.SharedQueueProcessingService.checkAvailabilityAndProcessNextBuild(SharedQueueProcessingService.java:269)
	at de.tum.cit.aet.artemis.buildagent.service.SharedQueueProcessingService$QueuedBuildJobItemListener.itemAdded(SharedQueueProcessingService.java:594)
	at com.hazelcast.collection.impl.queue.QueueService.lambda$dispatchEvent$1(QueueService.java:277)
	at com.hazelcast.internal.namespace.impl.NoOpUserCodeNamespaceService.runWithNamespace(NoOpUserCodeNamespaceService.java:82)
	at com.hazelcast.internal.namespace.NamespaceUtil.runWithNamespace(NamespaceUtil.java:106)
	at com.hazelcast.collection.impl.queue.QueueService.dispatchEvent(QueueService.java:275)
	at com.hazelcast.collection.impl.queue.QueueService.dispatchEvent(QueueService.java:98)
	at com.hazelcast.spi.impl.eventservice.impl.LocalEventDispatcher.run(LocalEventDispatcher.java:64)
	at com.hazelcast.internal.util.executor.StripedExecutor$Worker.process(StripedExecutor.java:244)
	at com.hazelcast.internal.util.executor.StripedExecutor$Worker.run(StripedExecutor.java:227)
Caused by: java.util.concurrent.ExecutionException: de.tum.cit.aet.artemis.core.exception.LocalCIException: Could not pull Docker image dummy-docker-image
	at java.base/java.util.concurrent.FutureTask.report(FutureTask.java:122)
	at java.base/java.util.concurrent.FutureTask.get(FutureTask.java:205)
	at de.tum.cit.aet.artemis.buildagent.service.BuildJobManagementService.lambda$executeBuildJob$2(BuildJobManagementService.java:165)
	... 19 common frames omitted
Caused by: de.tum.cit.aet.artemis.core.exception.LocalCIException: Could not pull Docker image dummy-docker-image
	at de.tum.cit.aet.artemis.buildagent.service.BuildJobExecutionService.runBuildJob(BuildJobExecutionService.java:157)
	at java.base/jdk.internal.reflect.DirectMethodHandleAccessor.invoke(DirectMethodHandleAccessor.java:103)
	at java.base/java.lang.reflect.Method.invoke(Method.java:580)
	at org.springframework.aop.support.AopUtils.invokeJoinpointUsingReflection(AopUtils.java:359)
	at org.springframework.aop.framework.CglibAopProxy$DynamicAdvisedInterceptor.intercept(CglibAopProxy.java:723)
	at de.tum.cit.aet.artemis.buildagent.service.BuildJobExecutionService$$SpringCGLIB$$0.runBuildJob(<generated>)
	at de.tum.cit.aet.artemis.buildagent.service.BuildJobManagementService.lambda$executeBuildJob$1(BuildJobManagementService.java:129)
	at java.base/java.util.concurrent.FutureTask.run(FutureTask.java:317)
	at java.base/java.util.concurrent.ThreadPoolExecutor.runWorker(ThreadPoolExecutor.java:1144)
	at java.base/java.util.concurrent.ThreadPoolExecutor$Worker.run(ThreadPoolExecutor.java:642)
	at java.base/java.lang.Thread.run(Thread.java:1583)
Caused by: de.tum.cit.aet.artemis.core.exception.LocalCIException: Docker image dummy-docker-image is not compatible with the current architecture. Needed 'linux/amd64', but got 'null'
	at de.tum.cit.aet.artemis.buildagent.service.BuildAgentDockerService.checkImageArchitecture(BuildAgentDockerService.java:291)
	at de.tum.cit.aet.artemis.buildagent.service.BuildAgentDockerService.pullDockerImage(BuildAgentDockerService.java:223)
	at de.tum.cit.aet.artemis.buildagent.service.BuildJobExecutionService.runBuildJob(BuildJobExecutionService.java:152)
	... 10 common frames omitted
    23:44:54.342 | 566 localvc.event-13 | ERROR | a.a.b.s.SharedQueueProcessingService : Error while processing build job: BuildJobQueueItem[id=17451739576693934, name=SHORT1433D0160BE1D048240B38F04F231AEE650FTSTEXC-BASE, buildAgent=BuildAgentDTO[name=artemis-build-agent-test, memberAddress=[127.0.0.1]:5703, displayName=artemis-build-agent-test], participationId=1745, courseId=871, exerciseId=2446, retryCount=0, priority=2, status=null, repositoryInfo=RepositoryInfo[repositoryName=short1433d0160be1d048240b38f04f231aee650ftstexc-exercise, repositoryType=exercise, triggeredByPushTo=exercise, assignmentRepositoryUri=http://localhost:49152/git/SHORT1433D0160BE1D048240B38F04F231AEE650FTSTEXC/short1433d0160be1d048240b38f04f231aee650ftstexc-exercise.git, testRepositoryUri=http://nadnasidni.tum/scm/SHORT1433D0160BE1D048240B38F04F231AEE650FTSTEXC/SHORT1433D0160BE1D048240B38F04F231AEE650FTSTEXC-tests.git, solutionRepositoryUri=null, auxiliaryRepositoryUris=[Ljava.lang.String;@68f76819, auxiliaryRepositoryCheckoutDirectories=[Ljava.lang.String;@51c44cb7], jobTimingInfo=JobTimingInfo[submissionDate=2025-02-14T23:44:53.934335889Z[Etc/UTC], buildStartDate=2025-02-14T23:44:54.327124774Z[Etc/UTC], buildCompletionDate=null, estimatedCompletionDate=2025-02-14T23:45:13.327117811Z[Etc/UTC], estimatedDuration=19], buildConfig=BuildConfig[buildScript=#!/bin/bash
cd /var/tmp/testing-dir
mvn clean test
, dockerImage=dummy-docker-image, commitHashToBuild=null, assignmentCommitHash=9b3a9bd71a0d80e5bbc42204c319ed3d1d4f0d6d, testCommitHash=9b3a9bd71a0d80e5bbc42204c319ed3d1d4f0d6d, branch=main, programmingLanguage=JAVA, projectType=PLAIN_MAVEN, scaEnabled=false, sequentialTestRunsEnabled=false, resultPaths=[/var/tmp/testing-dir/**/target/surefire-reports/*.xml], timeoutSeconds=0, assignmentCheckoutPath=null, testCheckoutPath=null, solutionCheckoutPath=null, dockerRunConfig=null], submissionResult=null]
java.util.concurrent.CompletionException: java.util.concurrent.ExecutionException: de.tum.cit.aet.artemis.core.exception.LocalCIException: Could not pull Docker image dummy-docker-image
	at de.tum.cit.aet.artemis.buildagent.service.BuildJobManagementService.lambda$executeBuildJob$2(BuildJobManagementService.java:188)
	at de.tum.cit.aet.artemis.buildagent.service.BuildJobManagementService.createCompletableFuture(BuildJobManagementService.java:236)
	at de.tum.cit.aet.artemis.buildagent.service.BuildJobManagementService.executeBuildJob(BuildJobManagementService.java:163)
	at de.tum.cit.aet.artemis.buildagent.service.SharedQueueProcessingService.processBuild(SharedQueueProcessingService.java:413)
	at de.tum.cit.aet.artemis.buildagent.service.SharedQueueProcessingService.checkAvailabilityAndProcessNextBuild(SharedQueueProcessingService.java:269)
	at de.tum.cit.aet.artemis.buildagent.service.SharedQueueProcessingService.lambda$processBuild$5(SharedQueueProcessingService.java:480)
	at java.base/java.util.concurrent.CompletableFuture.uniExceptionally(CompletableFuture.java:990)
	at java.base/java.util.concurrent.CompletableFuture.uniExceptionallyStage(CompletableFuture.java:1008)
	at java.base/java.util.concurrent.CompletableFuture.exceptionally(CompletableFuture.java:2396)
	at de.tum.cit.aet.artemis.buildagent.service.SharedQueueProcessingService.processBuild(SharedQueueProcessingService.java:444)
	at de.tum.cit.aet.artemis.buildagent.service.SharedQueueProcessingService.checkAvailabilityAndProcessNextBuild(SharedQueueProcessingService.java:269)
	at de.tum.cit.aet.artemis.buildagent.service.SharedQueueProcessingService$QueuedBuildJobItemListener.itemAdded(SharedQueueProcessingService.java:594)
	at com.hazelcast.collection.impl.queue.QueueService.lambda$dispatchEvent$1(QueueService.java:277)
	at com.hazelcast.internal.namespace.impl.NoOpUserCodeNamespaceService.runWithNamespace(NoOpUserCodeNamespaceService.java:82)
	at com.hazelcast.internal.namespace.NamespaceUtil.runWithNamespace(NamespaceUtil.java:106)
	at com.hazelcast.collection.impl.queue.QueueService.dispatchEvent(QueueService.java:275)
	at com.hazelcast.collection.impl.queue.QueueService.dispatchEvent(QueueService.java:98)
	at com.hazelcast.spi.impl.eventservice.impl.LocalEventDispatcher.run(LocalEventDispatcher.java:64)
	at com.hazelcast.internal.util.executor.StripedExecutor$Worker.process(StripedExecutor.java:244)
	at com.hazelcast.internal.util.executor.StripedExecutor$Worker.run(StripedExecutor.java:227)
Caused by: java.util.concurrent.ExecutionException: de.tum.cit.aet.artemis.core.exception.LocalCIException: Could not pull Docker image dummy-docker-image
	at java.base/java.util.concurrent.FutureTask.report(FutureTask.java:122)
	at java.base/java.util.concurrent.FutureTask.get(FutureTask.java:205)
	at de.tum.cit.aet.artemis.buildagent.service.BuildJobManagementService.lambda$executeBuildJob$2(BuildJobManagementService.java:165)
	... 19 common frames omitted
Caused by: de.tum.cit.aet.artemis.core.exception.LocalCIException: Could not pull Docker image dummy-docker-image
	at de.tum.cit.aet.artemis.buildagent.service.BuildJobExecutionService.runBuildJob(BuildJobExecutionService.java:157)
	at java.base/jdk.internal.reflect.DirectMethodHandleAccessor.invoke(DirectMethodHandleAccessor.java:103)
	at java.base/java.lang.reflect.Method.invoke(Method.java:580)
	at org.springframework.aop.support.AopUtils.invokeJoinpointUsingReflection(AopUtils.java:359)
	at org.springframework.aop.framework.CglibAopProxy$DynamicAdvisedInterceptor.intercept(CglibAopProxy.java:723)
	at de.tum.cit.aet.artemis.buildagent.service.BuildJobExecutionService$$SpringCGLIB$$0.runBuildJob(<generated>)
	at de.tum.cit.aet.artemis.buildagent.service.BuildJobManagementService.lambda$executeBuildJob$1(BuildJobManagementService.java:129)
	at java.base/java.util.concurrent.FutureTask.run(FutureTask.java:317)
	at java.base/java.util.concurrent.ThreadPoolExecutor.runWorker(ThreadPoolExecutor.java:1144)
	at java.base/java.util.concurrent.ThreadPoolExecutor$Worker.run(ThreadPoolExecutor.java:642)
	at java.base/java.lang.Thread.run(Thread.java:1583)
Caused by: de.tum.cit.aet.artemis.core.exception.LocalCIException: Docker image dummy-docker-image is not compatible with the current architecture. Needed 'linux/amd64', but got 'null'
	at de.tum.cit.aet.artemis.buildagent.service.BuildAgentDockerService.checkImageArchitecture(BuildAgentDockerService.java:291)
	at de.tum.cit.aet.artemis.buildagent.service.BuildAgentDockerService.pullDockerImage(BuildAgentDockerService.java:223)
	at de.tum.cit.aet.artemis.buildagent.service.BuildJobExecutionService.runBuildJob(BuildJobExecutionService.java:152)
	... 10 common frames omitted
    23:44:54.356 | 566 localvc.event-13 | DEBUG | a.a.b.s.SharedQueueProcessingService : Currently processing jobs on this node: 0, active threads in Pool: 0, maximum pool size of thread executor : 1
    23:44:54.356 | 566 localvc.event-13 | DEBUG | a.a.b.s.SharedQueueProcessingService : Currently processing jobs on this node: 0, active threads in Pool: 0, maximum pool size of thread executor : 1
    23:44:54.357 | 565 localvc.event-12 | DEBUG | a.p.s.l.LocalCIQueueWebsocketService : CIBuildJobQueueItem added to processing jobs: BuildJobQueueItem[id=17461739576694099, name=SHORT9813A60B0D82D0492A0A4D90B91108517937TSTEXC-SOLUTION, buildAgent=BuildAgentDTO[name=artemis-build-agent-test, memberAddress=[127.0.0.1]:5703, displayName=artemis-build-agent-test], participationId=1746, courseId=872, exerciseId=2447, retryCount=0, priority=2, status=null, repositoryInfo=RepositoryInfo[repositoryName=short9813a60b0d82d0492a0a4d90b91108517937tstexc-solution, repositoryType=solution, triggeredByPushTo=solution, assignmentRepositoryUri=http://localhost:49152/git/SHORT9813A60B0D82D0492A0A4D90B91108517937TSTEXC/short9813a60b0d82d0492a0a4d90b91108517937tstexc-solution.git, testRepositoryUri=http://nadnasidni.tum/scm/SHORT9813A60B0D82D0492A0A4D90B91108517937TSTEXC/SHORT9813A60B0D82D0492A0A4D90B91108517937TSTEXC-tests.git, solutionRepositoryUri=null, auxiliaryRepositoryUris=[Ljava.lang.String;@7808e5ce, auxiliaryRepositoryCheckoutDirectories=[Ljava.lang.String;@6a609fa8], jobTimingInfo=JobTimingInfo[submissionDate=2025-02-14T23:44:54.099771235Z[Etc/UTC], buildStartDate=2025-02-14T23:44:54.357176465Z[Etc/UTC], buildCompletionDate=null, estimatedCompletionDate=2025-02-14T23:45:13.357171275Z[Etc/UTC], estimatedDuration=19], buildConfig=BuildConfig[buildScript=#!/bin/bash
cd /var/tmp/testing-dir
mvn clean test
, dockerImage=dummy-docker-image, commitHashToBuild=null, assignmentCommitHash=9b3a9bd71a0d80e5bbc42204c319ed3d1d4f0d6d, testCommitHash=9b3a9bd71a0d80e5bbc42204c319ed3d1d4f0d6d, branch=main, programmingLanguage=JAVA, projectType=PLAIN_MAVEN, scaEnabled=false, sequentialTestRunsEnabled=false, resultPaths=[/var/tmp/testing-dir/**/target/surefire-reports/*.xml], timeoutSeconds=0, assignmentCheckoutPath=null, testCheckoutPath=null, solutionCheckoutPath=null, dockerRunConfig=null], submissionResult=null]
    23:44:54.357 | 565 localvc.event-12 | DEBUG | s.l.LocalCIWebsocketMessagingService : Sending message on topic /topic/admin/running-jobs: [BuildJobQueueItem[id=17461739576694099, name=SHORT9813A60B0D82D0492A0A4D90B91108517937TSTEXC-SOLUTION, buildAgent=BuildAgentDTO[name=artemis-build-agent-test, memberAddress=[127.0.0.1]:5703, displayName=artemis-build-agent-test], participationId=1746, courseId=872, exerciseId=2447, retryCount=0, priority=2, status=null, repositoryInfo=RepositoryInfo[repositoryName=short9813a60b0d82d0492a0a4d90b91108517937tstexc-solution, repositoryType=solution, triggeredByPushTo=solution, assignmentRepositoryUri=, testRepositoryUri=, solutionRepositoryUri=, auxiliaryRepositoryUris=null, auxiliaryRepositoryCheckoutDirectories=null], jobTimingInfo=JobTimingInfo[submissionDate=2025-02-14T23:44:54.099771235Z[Etc/UTC], buildStartDate=2025-02-14T23:44:54.357176465Z[Etc/UTC], buildCompletionDate=null, estimatedCompletionDate=2025-02-14T23:45:13.357171275Z[Etc/UTC], estimatedDuration=19], buildConfig=BuildConfig[buildScript=, dockerImage=, commitHashToBuild=null, assignmentCommitHash=, testCommitHash=, branch=, programmingLanguage=null, projectType=null, scaEnabled=false, sequentialTestRunsEnabled=false, resultPaths=null, timeoutSeconds=0, assignmentCheckoutPath=, testCheckoutPath=, solutionCheckoutPath=, dockerRunConfig=null], submissionResult=null]]
    23:44:54.358 | 565 localvc.event-12 | DEBUG | s.l.LocalCIWebsocketMessagingService : Sending message on topic /topic/courses/872/running-jobs: [BuildJobQueueItem[id=17461739576694099, name=SHORT9813A60B0D82D0492A0A4D90B91108517937TSTEXC-SOLUTION, buildAgent=BuildAgentDTO[name=artemis-build-agent-test, memberAddress=[127.0.0.1]:5703, displayName=artemis-build-agent-test], participationId=1746, courseId=872, exerciseId=2447, retryCount=0, priority=2, status=null, repositoryInfo=RepositoryInfo[repositoryName=short9813a60b0d82d0492a0a4d90b91108517937tstexc-solution, repositoryType=solution, triggeredByPushTo=solution, assignmentRepositoryUri=, testRepositoryUri=, solutionRepositoryUri=, auxiliaryRepositoryUris=null, auxiliaryRepositoryCheckoutDirectories=null], jobTimingInfo=JobTimingInfo[submissionDate=2025-02-14T23:44:54.099771235Z[Etc/UTC], buildStartDate=2025-02-14T23:44:54.357176465Z[Etc/UTC], buildCompletionDate=null, estimatedCompletionDate=2025-02-14T23:45:13.357171275Z[Etc/UTC], estimatedDuration=19], buildConfig=BuildConfig[buildScript=, dockerImage=, commitHashToBuild=null, assignmentCommitHash=, testCommitHash=, branch=, programmingLanguage=null, projectType=null, scaEnabled=false, sequentialTestRunsEnabled=false, resultPaths=null, timeoutSeconds=0, assignmentCheckoutPath=, testCheckoutPath=, solutionCheckoutPath=, dockerRunConfig=null], submissionResult=null]]
    23:44:54.367 | 566 localvc.event-13 | INFO  | a.a.b.s.SharedQueueProcessingService : Processing build job: BuildJobQueueItem[id=17461739576694099, name=SHORT9813A60B0D82D0492A0A4D90B91108517937TSTEXC-SOLUTION, buildAgent=BuildAgentDTO[name=artemis-build-agent-test, memberAddress=[127.0.0.1]:5703, displayName=artemis-build-agent-test], participationId=1746, courseId=872, exerciseId=2447, retryCount=0, priority=2, status=null, repositoryInfo=RepositoryInfo[repositoryName=short9813a60b0d82d0492a0a4d90b91108517937tstexc-solution, repositoryType=solution, triggeredByPushTo=solution, assignmentRepositoryUri=http://localhost:49152/git/SHORT9813A60B0D82D0492A0A4D90B91108517937TSTEXC/short9813a60b0d82d0492a0a4d90b91108517937tstexc-solution.git, testRepositoryUri=http://nadnasidni.tum/scm/SHORT9813A60B0D82D0492A0A4D90B91108517937TSTEXC/SHORT9813A60B0D82D0492A0A4D90B91108517937TSTEXC-tests.git, solutionRepositoryUri=null, auxiliaryRepositoryUris=[Ljava.lang.String;@4a8d023a, auxiliaryRepositoryCheckoutDirectories=[Ljava.lang.String;@520dc062], jobTimingInfo=JobTimingInfo[submissionDate=2025-02-14T23:44:54.099771235Z[Etc/UTC], buildStartDate=2025-02-14T23:44:54.357176465Z[Etc/UTC], buildCompletionDate=null, estimatedCompletionDate=2025-02-14T23:45:13.357171275Z[Etc/UTC], estimatedDuration=19], buildConfig=BuildConfig[buildScript=#!/bin/bash
cd /var/tmp/testing-dir
mvn clean test
, dockerImage=dummy-docker-image, commitHashToBuild=null, assignmentCommitHash=9b3a9bd71a0d80e5bbc42204c319ed3d1d4f0d6d, testCommitHash=9b3a9bd71a0d80e5bbc42204c319ed3d1d4f0d6d, branch=main, programmingLanguage=JAVA, projectType=PLAIN_MAVEN, scaEnabled=false, sequentialTestRunsEnabled=false, resultPaths=[/var/tmp/testing-dir/**/target/surefire-reports/*.xml], timeoutSeconds=0, assignmentCheckoutPath=null, testCheckoutPath=null, solutionCheckoutPath=null, dockerRunConfig=null], submissionResult=null]
    23:44:54.369 | 566 localvc.event-13 | ERROR | .c.a.a.b.s.BuildJobManagementService : Error while executing build job 17461739576694099: de.tum.cit.aet.artemis.core.exception.LocalCIException: Could not pull Docker image dummy-docker-image
java.util.concurrent.ExecutionException: de.tum.cit.aet.artemis.core.exception.LocalCIException: Could not pull Docker image dummy-docker-image
	at java.base/java.util.concurrent.FutureTask.report(FutureTask.java:122)
	at java.base/java.util.concurrent.FutureTask.get(FutureTask.java:205)
	at de.tum.cit.aet.artemis.buildagent.service.BuildJobManagementService.lambda$executeBuildJob$2(BuildJobManagementService.java:165)
	at de.tum.cit.aet.artemis.buildagent.service.BuildJobManagementService.createCompletableFuture(BuildJobManagementService.java:236)
	at de.tum.cit.aet.artemis.buildagent.service.BuildJobManagementService.executeBuildJob(BuildJobManagementService.java:163)
	at de.tum.cit.aet.artemis.buildagent.service.SharedQueueProcessingService.processBuild(SharedQueueProcessingService.java:413)
	at de.tum.cit.aet.artemis.buildagent.service.SharedQueueProcessingService.checkAvailabilityAndProcessNextBuild(SharedQueueProcessingService.java:269)
	at de.tum.cit.aet.artemis.buildagent.service.SharedQueueProcessingService.lambda$processBuild$5(SharedQueueProcessingService.java:480)
	at java.base/java.util.concurrent.CompletableFuture.uniExceptionally(CompletableFuture.java:990)
	at java.base/java.util.concurrent.CompletableFuture.uniExceptionallyStage(CompletableFuture.java:1008)
	at java.base/java.util.concurrent.CompletableFuture.exceptionally(CompletableFuture.java:2396)
	at de.tum.cit.aet.artemis.buildagent.service.SharedQueueProcessingService.processBuild(SharedQueueProcessingService.java:444)
	at de.tum.cit.aet.artemis.buildagent.service.SharedQueueProcessingService.checkAvailabilityAndProcessNextBuild(SharedQueueProcessingService.java:269)
	at de.tum.cit.aet.artemis.buildagent.service.SharedQueueProcessingService.lambda$processBuild$5(SharedQueueProcessingService.java:480)
	at java.base/java.util.concurrent.CompletableFuture.uniExceptionally(CompletableFuture.java:990)
	at java.base/java.util.concurrent.CompletableFuture.uniExceptionallyStage(CompletableFuture.java:1008)
	at java.base/java.util.concurrent.CompletableFuture.exceptionally(CompletableFuture.java:2396)
	at de.tum.cit.aet.artemis.buildagent.service.SharedQueueProcessingService.processBuild(SharedQueueProcessingService.java:444)
	at de.tum.cit.aet.artemis.buildagent.service.SharedQueueProcessingService.checkAvailabilityAndProcessNextBuild(SharedQueueProcessingService.java:269)
	at de.tum.cit.aet.artemis.buildagent.service.SharedQueueProcessingService$QueuedBuildJobItemListener.itemAdded(SharedQueueProcessingService.java:594)
	at com.hazelcast.collection.impl.queue.QueueService.lambda$dispatchEvent$1(QueueService.java:277)
	at com.hazelcast.internal.namespace.impl.NoOpUserCodeNamespaceService.runWithNamespace(NoOpUserCodeNamespaceService.java:82)
	at com.hazelcast.internal.namespace.NamespaceUtil.runWithNamespace(NamespaceUtil.java:106)
	at com.hazelcast.collection.impl.queue.QueueService.dispatchEvent(QueueService.java:275)
	at com.hazelcast.collection.impl.queue.QueueService.dispatchEvent(QueueService.java:98)
	at com.hazelcast.spi.impl.eventservice.impl.LocalEventDispatcher.run(LocalEventDispatcher.java:64)
	at com.hazelcast.internal.util.executor.StripedExecutor$Worker.process(StripedExecutor.java:244)
	at com.hazelcast.internal.util.executor.StripedExecutor$Worker.run(StripedExecutor.java:227)
Caused by: de.tum.cit.aet.artemis.core.exception.LocalCIException: Could not pull Docker image dummy-docker-image
	at de.tum.cit.aet.artemis.buildagent.service.BuildJobExecutionService.runBuildJob(BuildJobExecutionService.java:157)
	at java.base/jdk.internal.reflect.DirectMethodHandleAccessor.invoke(DirectMethodHandleAccessor.java:103)
	at java.base/java.lang.reflect.Method.invoke(Method.java:580)
	at org.springframework.aop.support.AopUtils.invokeJoinpointUsingReflection(AopUtils.java:359)
	at org.springframework.aop.framework.CglibAopProxy$DynamicAdvisedInterceptor.intercept(CglibAopProxy.java:723)
	at de.tum.cit.aet.artemis.buildagent.service.BuildJobExecutionService$$SpringCGLIB$$0.runBuildJob(<generated>)
	at de.tum.cit.aet.artemis.buildagent.service.BuildJobManagementService.lambda$executeBuildJob$1(BuildJobManagementService.java:129)
	at java.base/java.util.concurrent.FutureTask.run(FutureTask.java:317)
	at java.base/java.util.concurrent.ThreadPoolExecutor.runWorker(ThreadPoolExecutor.java:1144)
	at java.base/java.util.concurrent.ThreadPoolExecutor$Worker.run(ThreadPoolExecutor.java:642)
	at java.base/java.lang.Thread.run(Thread.java:1583)
Caused by: de.tum.cit.aet.artemis.core.exception.LocalCIException: Docker image dummy-docker-image is not compatible with the current architecture. Needed 'linux/amd64', but got 'null'
	at de.tum.cit.aet.artemis.buildagent.service.BuildAgentDockerService.checkImageArchitecture(BuildAgentDockerService.java:291)
	at de.tum.cit.aet.artemis.buildagent.service.BuildAgentDockerService.pullDockerImage(BuildAgentDockerService.java:223)
	at de.tum.cit.aet.artemis.buildagent.service.BuildJobExecutionService.runBuildJob(BuildJobExecutionService.java:152)
	... 10 common frames omitted
    23:44:54.369 | 566 localvc.event-13 | INFO  | .c.a.a.b.s.BuildJobManagementService : Getting ID of running container local-ci-17461739576694099
    23:44:54.369 | 566 localvc.event-13 | INFO  | .c.a.a.b.s.BuildJobManagementService : Stopping unresponsive container with ID null
    23:44:54.369 | 566 localvc.event-13 | DEBUG | a.a.b.s.SharedQueueProcessingService : Build job completed with exception: BuildJobQueueItem[id=17461739576694099, name=SHORT9813A60B0D82D0492A0A4D90B91108517937TSTEXC-SOLUTION, buildAgent=BuildAgentDTO[name=artemis-build-agent-test, memberAddress=[127.0.0.1]:5703, displayName=artemis-build-agent-test], participationId=1746, courseId=872, exerciseId=2447, retryCount=0, priority=2, status=null, repositoryInfo=RepositoryInfo[repositoryName=short9813a60b0d82d0492a0a4d90b91108517937tstexc-solution, repositoryType=solution, triggeredByPushTo=solution, assignmentRepositoryUri=http://localhost:49152/git/SHORT9813A60B0D82D0492A0A4D90B91108517937TSTEXC/short9813a60b0d82d0492a0a4d90b91108517937tstexc-solution.git, testRepositoryUri=http://nadnasidni.tum/scm/SHORT9813A60B0D82D0492A0A4D90B91108517937TSTEXC/SHORT9813A60B0D82D0492A0A4D90B91108517937TSTEXC-tests.git, solutionRepositoryUri=null, auxiliaryRepositoryUris=[Ljava.lang.String;@4a8d023a, auxiliaryRepositoryCheckoutDirectories=[Ljava.lang.String;@520dc062], jobTimingInfo=JobTimingInfo[submissionDate=2025-02-14T23:44:54.099771235Z[Etc/UTC], buildStartDate=2025-02-14T23:44:54.357176465Z[Etc/UTC], buildCompletionDate=null, estimatedCompletionDate=2025-02-14T23:45:13.357171275Z[Etc/UTC], estimatedDuration=19], buildConfig=BuildConfig[buildScript=#!/bin/bash
cd /var/tmp/testing-dir
mvn clean test
, dockerImage=dummy-docker-image, commitHashToBuild=null, assignmentCommitHash=9b3a9bd71a0d80e5bbc42204c319ed3d1d4f0d6d, testCommitHash=9b3a9bd71a0d80e5bbc42204c319ed3d1d4f0d6d, branch=main, programmingLanguage=JAVA, projectType=PLAIN_MAVEN, scaEnabled=false, sequentialTestRunsEnabled=false, resultPaths=[/var/tmp/testing-dir/**/target/surefire-reports/*.xml], timeoutSeconds=0, assignmentCheckoutPath=null, testCheckoutPath=null, solutionCheckoutPath=null, dockerRunConfig=null], submissionResult=null]
java.util.concurrent.CompletionException: java.util.concurrent.ExecutionException: de.tum.cit.aet.artemis.core.exception.LocalCIException: Could not pull Docker image dummy-docker-image
	at de.tum.cit.aet.artemis.buildagent.service.BuildJobManagementService.lambda$executeBuildJob$2(BuildJobManagementService.java:188)
	at de.tum.cit.aet.artemis.buildagent.service.BuildJobManagementService.createCompletableFuture(BuildJobManagementService.java:236)
	at de.tum.cit.aet.artemis.buildagent.service.BuildJobManagementService.executeBuildJob(BuildJobManagementService.java:163)
	at de.tum.cit.aet.artemis.buildagent.service.SharedQueueProcessingService.processBuild(SharedQueueProcessingService.java:413)
	at de.tum.cit.aet.artemis.buildagent.service.SharedQueueProcessingService.checkAvailabilityAndProcessNextBuild(SharedQueueProcessingService.java:269)
	at de.tum.cit.aet.artemis.buildagent.service.SharedQueueProcessingService.lambda$processBuild$5(SharedQueueProcessingService.java:480)
	at java.base/java.util.concurrent.CompletableFuture.uniExceptionally(CompletableFuture.java:990)
	at java.base/java.util.concurrent.CompletableFuture.uniExceptionallyStage(CompletableFuture.java:1008)
	at java.base/java.util.concurrent.CompletableFuture.exceptionally(CompletableFuture.java:2396)
	at de.tum.cit.aet.artemis.buildagent.service.SharedQueueProcessingService.processBuild(SharedQueueProcessingService.java:444)
	at de.tum.cit.aet.artemis.buildagent.service.SharedQueueProcessingService.checkAvailabilityAndProcessNextBuild(SharedQueueProcessingService.java:269)
	at de.tum.cit.aet.artemis.buildagent.service.SharedQueueProcessingService.lambda$processBuild$5(SharedQueueProcessingService.java:480)
	at java.base/java.util.concurrent.CompletableFuture.uniExceptionally(CompletableFuture.java:990)
	at java.base/java.util.concurrent.CompletableFuture.uniExceptionallyStage(CompletableFuture.java:1008)
	at java.base/java.util.concurrent.CompletableFuture.exceptionally(CompletableFuture.java:2396)
	at de.tum.cit.aet.artemis.buildagent.service.SharedQueueProcessingService.processBuild(SharedQueueProcessingService.java:444)
	at de.tum.cit.aet.artemis.buildagent.service.SharedQueueProcessingService.checkAvailabilityAndProcessNextBuild(SharedQueueProcessingService.java:269)
	at de.tum.cit.aet.artemis.buildagent.service.SharedQueueProcessingService$QueuedBuildJobItemListener.itemAdded(SharedQueueProcessingService.java:594)
	at com.hazelcast.collection.impl.queue.QueueService.lambda$dispatchEvent$1(QueueService.java:277)
	at com.hazelcast.internal.namespace.impl.NoOpUserCodeNamespaceService.runWithNamespace(NoOpUserCodeNamespaceService.java:82)
	at com.hazelcast.internal.namespace.NamespaceUtil.runWithNamespace(NamespaceUtil.java:106)
	at com.hazelcast.collection.impl.queue.QueueService.dispatchEvent(QueueService.java:275)
	at com.hazelcast.collection.impl.queue.QueueService.dispatchEvent(QueueService.java:98)
	at com.hazelcast.spi.impl.eventservice.impl.LocalEventDispatcher.run(LocalEventDispatcher.java:64)
	at com.hazelcast.internal.util.executor.StripedExecutor$Worker.process(StripedExecutor.java:244)
	at com.hazelcast.internal.util.executor.StripedExecutor$Worker.run(StripedExecutor.java:227)
Caused by: java.util.concurrent.ExecutionException: de.tum.cit.aet.artemis.core.exception.LocalCIException: Could not pull Docker image dummy-docker-image
	at java.base/java.util.concurrent.FutureTask.report(FutureTask.java:122)
	at java.base/java.util.concurrent.FutureTask.get(FutureTask.java:205)
	at de.tum.cit.aet.artemis.buildagent.service.BuildJobManagementService.lambda$executeBuildJob$2(BuildJobManagementService.java:165)
	... 25 common frames omitted
Caused by: de.tum.cit.aet.artemis.core.exception.LocalCIException: Could not pull Docker image dummy-docker-image
	at de.tum.cit.aet.artemis.buildagent.service.BuildJobExecutionService.runBuildJob(BuildJobExecutionService.java:157)
	at java.base/jdk.internal.reflect.DirectMethodHandleAccessor.invoke(DirectMethodHandleAccessor.java:103)
	at java.base/java.lang.reflect.Method.invoke(Method.java:580)
	at org.springframework.aop.support.AopUtils.invokeJoinpointUsingReflection(AopUtils.java:359)
	at org.springframework.aop.framework.CglibAopProxy$DynamicAdvisedInterceptor.intercept(CglibAopProxy.java:723)
	at de.tum.cit.aet.artemis.buildagent.service.BuildJobExecutionService$$SpringCGLIB$$0.runBuildJob(<generated>)
	at de.tum.cit.aet.artemis.buildagent.service.BuildJobManagementService.lambda$executeBuildJob$1(BuildJobManagementService.java:129)
	at java.base/java.util.concurrent.FutureTask.run(FutureTask.java:317)
	at java.base/java.util.concurrent.ThreadPoolExecutor.runWorker(ThreadPoolExecutor.java:1144)
	at java.base/java.util.concurrent.ThreadPoolExecutor$Worker.run(ThreadPoolExecutor.java:642)
	at java.base/java.lang.Thread.run(Thread.java:1583)
Caused by: de.tum.cit.aet.artemis.core.exception.LocalCIException: Docker image dummy-docker-image is not compatible with the current architecture. Needed 'linux/amd64', but got 'null'
	at de.tum.cit.aet.artemis.buildagent.service.BuildAgentDockerService.checkImageArchitecture(BuildAgentDockerService.java:291)
	at de.tum.cit.aet.artemis.buildagent.service.BuildAgentDockerService.pullDockerImage(BuildAgentDockerService.java:223)
	at de.tum.cit.aet.artemis.buildagent.service.BuildJobExecutionService.runBuildJob(BuildJobExecutionService.java:152)
	... 10 common frames omitted
    23:44:54.369 | 566 localvc.event-13 | ERROR | a.a.b.s.SharedQueueProcessingService : Error while processing build job: BuildJobQueueItem[id=17461739576694099, name=SHORT9813A60B0D82D0492A0A4D90B91108517937TSTEXC-SOLUTION, buildAgent=BuildAgentDTO[name=artemis-build-agent-test, memberAddress=[127.0.0.1]:5703, displayName=artemis-build-agent-test], participationId=1746, courseId=872, exerciseId=2447, retryCount=0, priority=2, status=null, repositoryInfo=RepositoryInfo[repositoryName=short9813a60b0d82d0492a0a4d90b91108517937tstexc-solution, repositoryType=solution, triggeredByPushTo=solution, assignmentRepositoryUri=http://localhost:49152/git/SHORT9813A60B0D82D0492A0A4D90B91108517937TSTEXC/short9813a60b0d82d0492a0a4d90b91108517937tstexc-solution.git, testRepositoryUri=http://nadnasidni.tum/scm/SHORT9813A60B0D82D0492A0A4D90B91108517937TSTEXC/SHORT9813A60B0D82D0492A0A4D90B91108517937TSTEXC-tests.git, solutionRepositoryUri=null, auxiliaryRepositoryUris=[Ljava.lang.String;@4a8d023a, auxiliaryRepositoryCheckoutDirectories=[Ljava.lang.String;@520dc062], jobTimingInfo=JobTimingInfo[submissionDate=2025-02-14T23:44:54.099771235Z[Etc/UTC], buildStartDate=2025-02-14T23:44:54.357176465Z[Etc/UTC], buildCompletionDate=null, estimatedCompletionDate=2025-02-14T23:45:13.357171275Z[Etc/UTC], estimatedDuration=19], buildConfig=BuildConfig[buildScript=#!/bin/bash
cd /var/tmp/testing-dir
mvn clean test
, dockerImage=dummy-docker-image, commitHashToBuild=null, assignmentCommitHash=9b3a9bd71a0d80e5bbc42204c319ed3d1d4f0d6d, testCommitHash=9b3a9bd71a0d80e5bbc42204c319ed3d1d4f0d6d, branch=main, programmingLanguage=JAVA, projectType=PLAIN_MAVEN, scaEnabled=false, sequentialTestRunsEnabled=false, resultPaths=[/var/tmp/testing-dir/**/target/surefire-reports/*.xml], timeoutSeconds=0, assignmentCheckoutPath=null, testCheckoutPath=null, solutionCheckoutPath=null, dockerRunConfig=null], submissionResult=null]
java.util.concurrent.CompletionException: java.util.concurrent.ExecutionException: de.tum.cit.aet.artemis.core.exception.LocalCIException: Could not pull Docker image dummy-docker-image
	at de.tum.cit.aet.artemis.buildagent.service.BuildJobManagementService.lambda$executeBuildJob$2(BuildJobManagementService.java:188)
	at de.tum.cit.aet.artemis.buildagent.service.BuildJobManagementService.createCompletableFuture(BuildJobManagementService.java:236)
	at de.tum.cit.aet.artemis.buildagent.service.BuildJobManagementService.executeBuildJob(BuildJobManagementService.java:163)
	at de.tum.cit.aet.artemis.buildagent.service.SharedQueueProcessingService.processBuild(SharedQueueProcessingService.java:413)
	at de.tum.cit.aet.artemis.buildagent.service.SharedQueueProcessingService.checkAvailabilityAndProcessNextBuild(SharedQueueProcessingService.java:269)
	at de.tum.cit.aet.artemis.buildagent.service.SharedQueueProcessingService.lambda$processBuild$5(SharedQueueProcessingService.java:480)
	at java.base/java.util.concurrent.CompletableFuture.uniExceptionally(CompletableFuture.java:990)
	at java.base/java.util.concurrent.CompletableFuture.uniExceptionallyStage(CompletableFuture.java:1008)
	at java.base/java.util.concurrent.CompletableFuture.exceptionally(CompletableFuture.java:2396)
	at de.tum.cit.aet.artemis.buildagent.service.SharedQueueProcessingService.processBuild(SharedQueueProcessingService.java:444)
	at de.tum.cit.aet.artemis.buildagent.service.SharedQueueProcessingService.checkAvailabilityAndProcessNextBuild(SharedQueueProcessingService.java:269)
	at de.tum.cit.aet.artemis.buildagent.service.SharedQueueProcessingService.lambda$processBuild$5(SharedQueueProcessingService.java:480)
	at java.base/java.util.concurrent.CompletableFuture.uniExceptionally(CompletableFuture.java:990)
	at java.base/java.util.concurrent.CompletableFuture.uniExceptionallyStage(CompletableFuture.java:1008)
	at java.base/java.util.concurrent.CompletableFuture.exceptionally(CompletableFuture.java:2396)
	at de.tum.cit.aet.artemis.buildagent.service.SharedQueueProcessingService.processBuild(SharedQueueProcessingService.java:444)
	at de.tum.cit.aet.artemis.buildagent.service.SharedQueueProcessingService.checkAvailabilityAndProcessNextBuild(SharedQueueProcessingService.java:269)
	at de.tum.cit.aet.artemis.buildagent.service.SharedQueueProcessingService$QueuedBuildJobItemListener.itemAdded(SharedQueueProcessingService.java:594)
	at com.hazelcast.collection.impl.queue.QueueService.lambda$dispatchEvent$1(QueueService.java:277)
	at com.hazelcast.internal.namespace.impl.NoOpUserCodeNamespaceService.runWithNamespace(NoOpUserCodeNamespaceService.java:82)
	at com.hazelcast.internal.namespace.NamespaceUtil.runWithNamespace(NamespaceUtil.java:106)
	at com.hazelcast.collection.impl.queue.QueueService.dispatchEvent(QueueService.java:275)
	at com.hazelcast.collection.impl.queue.QueueService.dispatchEvent(QueueService.java:98)
	at com.hazelcast.spi.impl.eventservice.impl.LocalEventDispatcher.run(LocalEventDispatcher.java:64)
	at com.hazelcast.internal.util.executor.StripedExecutor$Worker.process(StripedExecutor.java:244)
	at com.hazelcast.internal.util.executor.StripedExecutor$Worker.run(StripedExecutor.java:227)
Caused by: java.util.concurrent.ExecutionException: de.tum.cit.aet.artemis.core.exception.LocalCIException: Could not pull Docker image dummy-docker-image
	at java.base/java.util.concurrent.FutureTask.report(FutureTask.java:122)
	at java.base/java.util.concurrent.FutureTask.get(FutureTask.java:205)
	at de.tum.cit.aet.artemis.buildagent.service.BuildJobManagementService.lambda$executeBuildJob$2(BuildJobManagementService.java:165)
	... 25 common frames omitted
Caused by: de.tum.cit.aet.artemis.core.exception.LocalCIException: Could not pull Docker image dummy-docker-image
	at de.tum.cit.aet.artemis.buildagent.service.BuildJobExecutionService.runBuildJob(BuildJobExecutionService.java:157)
	at java.base/jdk.internal.reflect.DirectMethodHandleAccessor.invoke(DirectMethodHandleAccessor.java:103)
	at java.base/java.lang.reflect.Method.invoke(Method.java:580)
	at org.springframework.aop.support.AopUtils.invokeJoinpointUsingReflection(AopUtils.java:359)
	at org.springframework.aop.framework.CglibAopProxy$DynamicAdvisedInterceptor.intercept(CglibAopProxy.java:723)
	at de.tum.cit.aet.artemis.buildagent.service.BuildJobExecutionService$$SpringCGLIB$$0.runBuildJob(<generated>)
	at de.tum.cit.aet.artemis.buildagent.service.BuildJobManagementService.lambda$executeBuildJob$1(BuildJobManagementService.java:129)
	at java.base/java.util.concurrent.FutureTask.run(FutureTask.java:317)
	at java.base/java.util.concurrent.ThreadPoolExecutor.runWorker(ThreadPoolExecutor.java:1144)
	at java.base/java.util.concurrent.ThreadPoolExecutor$Worker.run(ThreadPoolExecutor.java:642)
	at java.base/java.lang.Thread.run(Thread.java:1583)
Caused by: de.tum.cit.aet.artemis.core.exception.LocalCIException: Docker image dummy-docker-image is not compatible with the current architecture. Needed 'linux/amd64', but got 'null'
	at de.tum.cit.aet.artemis.buildagent.service.BuildAgentDockerService.checkImageArchitecture(BuildAgentDockerService.java:291)
	at de.tum.cit.aet.artemis.buildagent.service.BuildAgentDockerService.pullDockerImage(BuildAgentDockerService.java:223)
	at de.tum.cit.aet.artemis.buildagent.service.BuildJobExecutionService.runBuildJob(BuildJobExecutionService.java:152)
	... 10 common frames omitted
    23:44:54.371 | 565 localvc.event-12 | DEBUG | a.p.s.l.LocalCIQueueWebsocketService : CIBuildJobQueueItem removed from processing jobs: BuildJobQueueItem[id=17461739576694099, name=SHORT9813A60B0D82D0492A0A4D90B91108517937TSTEXC-SOLUTION, buildAgent=BuildAgentDTO[name=artemis-build-agent-test, memberAddress=[127.0.0.1]:5703, displayName=artemis-build-agent-test], participationId=1746, courseId=872, exerciseId=2447, retryCount=0, priority=2, status=null, repositoryInfo=RepositoryInfo[repositoryName=short9813a60b0d82d0492a0a4d90b91108517937tstexc-solution, repositoryType=solution, triggeredByPushTo=solution, assignmentRepositoryUri=http://localhost:49152/git/SHORT9813A60B0D82D0492A0A4D90B91108517937TSTEXC/short9813a60b0d82d0492a0a4d90b91108517937tstexc-solution.git, testRepositoryUri=http://nadnasidni.tum/scm/SHORT9813A60B0D82D0492A0A4D90B91108517937TSTEXC/SHORT9813A60B0D82D0492A0A4D90B91108517937TSTEXC-tests.git, solutionRepositoryUri=null, auxiliaryRepositoryUris=[Ljava.lang.String;@214d8e8e, auxiliaryRepositoryCheckoutDirectories=[Ljava.lang.String;@7427648c], jobTimingInfo=JobTimingInfo[submissionDate=2025-02-14T23:44:54.099771235Z[Etc/UTC], buildStartDate=2025-02-14T23:44:54.357176465Z[Etc/UTC], buildCompletionDate=null, estimatedCompletionDate=2025-02-14T23:45:13.357171275Z[Etc/UTC], estimatedDuration=19], buildConfig=BuildConfig[buildScript=#!/bin/bash
cd /var/tmp/testing-dir
mvn clean test
, dockerImage=dummy-docker-image, commitHashToBuild=null, assignmentCommitHash=9b3a9bd71a0d80e5bbc42204c319ed3d1d4f0d6d, testCommitHash=9b3a9bd71a0d80e5bbc42204c319ed3d1d4f0d6d, branch=main, programmingLanguage=JAVA, projectType=PLAIN_MAVEN, scaEnabled=false, sequentialTestRunsEnabled=false, resultPaths=[/var/tmp/testing-dir/**/target/surefire-reports/*.xml], timeoutSeconds=0, assignmentCheckoutPath=null, testCheckoutPath=null, solutionCheckoutPath=null, dockerRunConfig=null], submissionResult=null]
    23:44:54.371 | 565 localvc.event-12 | DEBUG | s.l.LocalCIWebsocketMessagingService : Sending message on topic /topic/admin/running-jobs: []
    23:44:54.371 | 565 localvc.event-12 | DEBUG | s.l.LocalCIWebsocketMessagingService : Sending message on topic /topic/courses/872/running-jobs: []
    23:44:54.381 | 566 localvc.event-13 | DEBUG | a.a.b.s.SharedQueueProcessingService : Currently processing jobs on this node: 0, active threads in Pool: 0, maximum pool size of thread executor : 1
    23:44:54.382 | 566 localvc.event-13 | DEBUG | a.a.b.s.SharedQueueProcessingService : Currently processing jobs on this node: 0, active threads in Pool: 0, maximum pool size of thread executor : 1
    23:44:54.383 | 565 localvc.event-12 | DEBUG | a.p.s.l.LocalCIQueueWebsocketService : CIBuildJobQueueItem added to processing jobs: BuildJobQueueItem[id=17471739576694103, name=SHORT9813A60B0D82D0492A0A4D90B91108517937TSTEXC-BASE, buildAgent=BuildAgentDTO[name=artemis-build-agent-test, memberAddress=[127.0.0.1]:5703, displayName=artemis-build-agent-test], participationId=1747, courseId=872, exerciseId=2447, retryCount=0, priority=2, status=null, repositoryInfo=RepositoryInfo[repositoryName=short9813a60b0d82d0492a0a4d90b91108517937tstexc-exercise, repositoryType=exercise, triggeredByPushTo=exercise, assignmentRepositoryUri=http://localhost:49152/git/SHORT9813A60B0D82D0492A0A4D90B91108517937TSTEXC/short9813a60b0d82d0492a0a4d90b91108517937tstexc-exercise.git, testRepositoryUri=http://nadnasidni.tum/scm/SHORT9813A60B0D82D0492A0A4D90B91108517937TSTEXC/SHORT9813A60B0D82D0492A0A4D90B91108517937TSTEXC-tests.git, solutionRepositoryUri=null, auxiliaryRepositoryUris=[Ljava.lang.String;@68f86606, auxiliaryRepositoryCheckoutDirectories=[Ljava.lang.String;@27b47c91], jobTimingInfo=JobTimingInfo[submissionDate=2025-02-14T23:44:54.103710671Z[Etc/UTC], buildStartDate=2025-02-14T23:44:54.382756129Z[Etc/UTC], buildCompletionDate=null, estimatedCompletionDate=2025-02-14T23:45:13.382751040Z[Etc/UTC], estimatedDuration=19], buildConfig=BuildConfig[buildScript=#!/bin/bash
cd /var/tmp/testing-dir
mvn clean test
, dockerImage=dummy-docker-image, commitHashToBuild=null, assignmentCommitHash=9b3a9bd71a0d80e5bbc42204c319ed3d1d4f0d6d, testCommitHash=9b3a9bd71a0d80e5bbc42204c319ed3d1d4f0d6d, branch=main, programmingLanguage=JAVA, projectType=PLAIN_MAVEN, scaEnabled=false, sequentialTestRunsEnabled=false, resultPaths=[/var/tmp/testing-dir/**/target/surefire-reports/*.xml], timeoutSeconds=0, assignmentCheckoutPath=null, testCheckoutPath=null, solutionCheckoutPath=null, dockerRunConfig=null], submissionResult=null]
    23:44:54.383 | 565 localvc.event-12 | DEBUG | s.l.LocalCIWebsocketMessagingService : Sending message on topic /topic/admin/running-jobs: [BuildJobQueueItem[id=17471739576694103, name=SHORT9813A60B0D82D0492A0A4D90B91108517937TSTEXC-BASE, buildAgent=BuildAgentDTO[name=artemis-build-agent-test, memberAddress=[127.0.0.1]:5703, displayName=artemis-build-agent-test], participationId=1747, courseId=872, exerciseId=2447, retryCount=0, priority=2, status=null, repositoryInfo=RepositoryInfo[repositoryName=short9813a60b0d82d0492a0a4d90b91108517937tstexc-exercise, repositoryType=exercise, triggeredByPushTo=exercise, assignmentRepositoryUri=, testRepositoryUri=, solutionRepositoryUri=, auxiliaryRepositoryUris=null, auxiliaryRepositoryCheckoutDirectories=null], jobTimingInfo=JobTimingInfo[submissionDate=2025-02-14T23:44:54.103710671Z[Etc/UTC], buildStartDate=2025-02-14T23:44:54.382756129Z[Etc/UTC], buildCompletionDate=null, estimatedCompletionDate=2025-02-14T23:45:13.382751040Z[Etc/UTC], estimatedDuration=19], buildConfig=BuildConfig[buildScript=, dockerImage=, commitHashToBuild=null, assignmentCommitHash=, testCommitHash=, branch=, programmingLanguage=null, projectType=null, scaEnabled=false, sequentialTestRunsEnabled=false, resultPaths=null, timeoutSeconds=0, assignmentCheckoutPath=, testCheckoutPath=, solutionCheckoutPath=, dockerRunConfig=null], submissionResult=null]]
    23:44:54.383 | 565 localvc.event-12 | DEBUG | s.l.LocalCIWebsocketMessagingService : Sending message on topic /topic/courses/872/running-jobs: [BuildJobQueueItem[id=17471739576694103, name=SHORT9813A60B0D82D0492A0A4D90B91108517937TSTEXC-BASE, buildAgent=BuildAgentDTO[name=artemis-build-agent-test, memberAddress=[127.0.0.1]:5703, displayName=artemis-build-agent-test], participationId=1747, courseId=872, exerciseId=2447, retryCount=0, priority=2, status=null, repositoryInfo=RepositoryInfo[repositoryName=short9813a60b0d82d0492a0a4d90b91108517937tstexc-exercise, repositoryType=exercise, triggeredByPushTo=exercise, assignmentRepositoryUri=, testRepositoryUri=, solutionRepositoryUri=, auxiliaryRepositoryUris=null, auxiliaryRepositoryCheckoutDirectories=null], jobTimingInfo=JobTimingInfo[submissionDate=2025-02-14T23:44:54.103710671Z[Etc/UTC], buildStartDate=2025-02-14T23:44:54.382756129Z[Etc/UTC], buildCompletionDate=null, estimatedCompletionDate=2025-02-14T23:45:13.382751040Z[Etc/UTC], estimatedDuration=19], buildConfig=BuildConfig[buildScript=, dockerImage=, commitHashToBuild=null, assignmentCommitHash=, testCommitHash=, branch=, programmingLanguage=null, projectType=null, scaEnabled=false, sequentialTestRunsEnabled=false, resultPaths=null, timeoutSeconds=0, assignmentCheckoutPath=, testCheckoutPath=, solutionCheckoutPath=, dockerRunConfig=null], submissionResult=null]]
    23:44:54.394 | 566 localvc.event-13 | INFO  | a.a.b.s.SharedQueueProcessingService : Processing build job: BuildJobQueueItem[id=17471739576694103, name=SHORT9813A60B0D82D0492A0A4D90B91108517937TSTEXC-BASE, buildAgent=BuildAgentDTO[name=artemis-build-agent-test, memberAddress=[127.0.0.1]:5703, displayName=artemis-build-agent-test], participationId=1747, courseId=872, exerciseId=2447, retryCount=0, priority=2, status=null, repositoryInfo=RepositoryInfo[repositoryName=short9813a60b0d82d0492a0a4d90b91108517937tstexc-exercise, repositoryType=exercise, triggeredByPushTo=exercise, assignmentRepositoryUri=http://localhost:49152/git/SHORT9813A60B0D82D0492A0A4D90B91108517937TSTEXC/short9813a60b0d82d0492a0a4d90b91108517937tstexc-exercise.git, testRepositoryUri=http://nadnasidni.tum/scm/SHORT9813A60B0D82D0492A0A4D90B91108517937TSTEXC/SHORT9813A60B0D82D0492A0A4D90B91108517937TSTEXC-tests.git, solutionRepositoryUri=null, auxiliaryRepositoryUris=[Ljava.lang.String;@1df896fa, auxiliaryRepositoryCheckoutDirectories=[Ljava.lang.String;@36ca4d77], jobTimingInfo=JobTimingInfo[submissionDate=2025-02-14T23:44:54.103710671Z[Etc/UTC], buildStartDate=2025-02-14T23:44:54.382756129Z[Etc/UTC], buildCompletionDate=null, estimatedCompletionDate=2025-02-14T23:45:13.382751040Z[Etc/UTC], estimatedDuration=19], buildConfig=BuildConfig[buildScript=#!/bin/bash
cd /var/tmp/testing-dir
mvn clean test
, dockerImage=dummy-docker-image, commitHashToBuild=null, assignmentCommitHash=9b3a9bd71a0d80e5bbc42204c319ed3d1d4f0d6d, testCommitHash=9b3a9bd71a0d80e5bbc42204c319ed3d1d4f0d6d, branch=main, programmingLanguage=JAVA, projectType=PLAIN_MAVEN, scaEnabled=false, sequentialTestRunsEnabled=false, resultPaths=[/var/tmp/testing-dir/**/target/surefire-reports/*.xml], timeoutSeconds=0, assignmentCheckoutPath=null, testCheckoutPath=null, solutionCheckoutPath=null, dockerRunConfig=null], submissionResult=null]
    23:44:54.397 | 566 localvc.event-13 | ERROR | .c.a.a.b.s.BuildJobManagementService : Error while executing build job 17471739576694103: de.tum.cit.aet.artemis.core.exception.LocalCIException: Could not pull Docker image dummy-docker-image
java.util.concurrent.ExecutionException: de.tum.cit.aet.artemis.core.exception.LocalCIException: Could not pull Docker image dummy-docker-image
	at java.base/java.util.concurrent.FutureTask.report(FutureTask.java:122)
	at java.base/java.util.concurrent.FutureTask.get(FutureTask.java:205)
	at de.tum.cit.aet.artemis.buildagent.service.BuildJobManagementService.lambda$executeBuildJob$2(BuildJobManagementService.java:165)
	at de.tum.cit.aet.artemis.buildagent.service.BuildJobManagementService.createCompletableFuture(BuildJobManagementService.java:236)
	at de.tum.cit.aet.artemis.buildagent.service.BuildJobManagementService.executeBuildJob(BuildJobManagementService.java:163)
	at de.tum.cit.aet.artemis.buildagent.service.SharedQueueProcessingService.processBuild(SharedQueueProcessingService.java:413)
	at de.tum.cit.aet.artemis.buildagent.service.SharedQueueProcessingService.checkAvailabilityAndProcessNextBuild(SharedQueueProcessingService.java:269)
	at de.tum.cit.aet.artemis.buildagent.service.SharedQueueProcessingService.lambda$processBuild$5(SharedQueueProcessingService.java:480)
	at java.base/java.util.concurrent.CompletableFuture.uniExceptionally(CompletableFuture.java:990)
	at java.base/java.util.concurrent.CompletableFuture.uniExceptionallyStage(CompletableFuture.java:1008)
	at java.base/java.util.concurrent.CompletableFuture.exceptionally(CompletableFuture.java:2396)
	at de.tum.cit.aet.artemis.buildagent.service.SharedQueueProcessingService.processBuild(SharedQueueProcessingService.java:444)
	at de.tum.cit.aet.artemis.buildagent.service.SharedQueueProcessingService.checkAvailabilityAndProcessNextBuild(SharedQueueProcessingService.java:269)
	at de.tum.cit.aet.artemis.buildagent.service.SharedQueueProcessingService.lambda$processBuild$5(SharedQueueProcessingService.java:480)
	at java.base/java.util.concurrent.CompletableFuture.uniExceptionally(CompletableFuture.java:990)
	at java.base/java.util.concurrent.CompletableFuture.uniExceptionallyStage(CompletableFuture.java:1008)
	at java.base/java.util.concurrent.CompletableFuture.exceptionally(CompletableFuture.java:2396)
	at de.tum.cit.aet.artemis.buildagent.service.SharedQueueProcessingService.processBuild(SharedQueueProcessingService.java:444)
	at de.tum.cit.aet.artemis.buildagent.service.SharedQueueProcessingService.checkAvailabilityAndProcessNextBuild(SharedQueueProcessingService.java:269)
	at de.tum.cit.aet.artemis.buildagent.service.SharedQueueProcessingService.lambda$processBuild$5(SharedQueueProcessingService.java:480)
	at java.base/java.util.concurrent.CompletableFuture.uniExceptionally(CompletableFuture.java:990)
	at java.base/java.util.concurrent.CompletableFuture.uniExceptionallyStage(CompletableFuture.java:1008)
	at java.base/java.util.concurrent.CompletableFuture.exceptionally(CompletableFuture.java:2396)
	at de.tum.cit.aet.artemis.buildagent.service.SharedQueueProcessingService.processBuild(SharedQueueProcessingService.java:444)
	at de.tum.cit.aet.artemis.buildagent.service.SharedQueueProcessingService.checkAvailabilityAndProcessNextBuild(SharedQueueProcessingService.java:269)
	at de.tum.cit.aet.artemis.buildagent.service.SharedQueueProcessingService$QueuedBuildJobItemListener.itemAdded(SharedQueueProcessingService.java:594)
	at com.hazelcast.collection.impl.queue.QueueService.lambda$dispatchEvent$1(QueueService.java:277)
	at com.hazelcast.internal.namespace.impl.NoOpUserCodeNamespaceService.runWithNamespace(NoOpUserCodeNamespaceService.java:82)
	at com.hazelcast.internal.namespace.NamespaceUtil.runWithNamespace(NamespaceUtil.java:106)
	at com.hazelcast.collection.impl.queue.QueueService.dispatchEvent(QueueService.java:275)
	at com.hazelcast.collection.impl.queue.QueueService.dispatchEvent(QueueService.java:98)
	at com.hazelcast.spi.impl.eventservice.impl.LocalEventDispatcher.run(LocalEventDispatcher.java:64)
	at com.hazelcast.internal.util.executor.StripedExecutor$Worker.process(StripedExecutor.java:244)
	at com.hazelcast.internal.util.executor.StripedExecutor$Worker.run(StripedExecutor.java:227)
Caused by: de.tum.cit.aet.artemis.core.exception.LocalCIException: Could not pull Docker image dummy-docker-image
	at de.tum.cit.aet.artemis.buildagent.service.BuildJobExecutionService.runBuildJob(BuildJobExecutionService.java:157)
	at java.base/jdk.internal.reflect.DirectMethodHandleAccessor.invoke(DirectMethodHandleAccessor.java:103)
	at java.base/java.lang.reflect.Method.invoke(Method.java:580)
	at org.springframework.aop.support.AopUtils.invokeJoinpointUsingReflection(AopUtils.java:359)
	at org.springframework.aop.framework.CglibAopProxy$DynamicAdvisedInterceptor.intercept(CglibAopProxy.java:723)
	at de.tum.cit.aet.artemis.buildagent.service.BuildJobExecutionService$$SpringCGLIB$$0.runBuildJob(<generated>)
	at de.tum.cit.aet.artemis.buildagent.service.BuildJobManagementService.lambda$executeBuildJob$1(BuildJobManagementService.java:129)
	at java.base/java.util.concurrent.FutureTask.run(FutureTask.java:317)
	at java.base/java.util.concurrent.ThreadPoolExecutor.runWorker(ThreadPoolExecutor.java:1144)
	at java.base/java.util.concurrent.ThreadPoolExecutor$Worker.run(ThreadPoolExecutor.java:642)
	at java.base/java.lang.Thread.run(Thread.java:1583)
Caused by: de.tum.cit.aet.artemis.core.exception.LocalCIException: Docker image dummy-docker-image is not compatible with the current architecture. Needed 'linux/amd64', but got 'null'
	at de.tum.cit.aet.artemis.buildagent.service.BuildAgentDockerService.checkImageArchitecture(BuildAgentDockerService.java:291)
	at de.tum.cit.aet.artemis.buildagent.service.BuildAgentDockerService.pullDockerImage(BuildAgentDockerService.java:223)
	at de.tum.cit.aet.artemis.buildagent.service.BuildJobExecutionService.runBuildJob(BuildJobExecutionService.java:152)
	... 10 common frames omitted
    23:44:54.397 | 566 localvc.event-13 | INFO  | .c.a.a.b.s.BuildJobManagementService : Getting ID of running container local-ci-17471739576694103
    23:44:54.397 | 566 localvc.event-13 | INFO  | .c.a.a.b.s.BuildJobManagementService : Stopping unresponsive container with ID null
    23:44:54.397 | 566 localvc.event-13 | DEBUG | a.a.b.s.SharedQueueProcessingService : Build job completed with exception: BuildJobQueueItem[id=17471739576694103, name=SHORT9813A60B0D82D0492A0A4D90B91108517937TSTEXC-BASE, buildAgent=BuildAgentDTO[name=artemis-build-agent-test, memberAddress=[127.0.0.1]:5703, displayName=artemis-build-agent-test], participationId=1747, courseId=872, exerciseId=2447, retryCount=0, priority=2, status=null, repositoryInfo=RepositoryInfo[repositoryName=short9813a60b0d82d0492a0a4d90b91108517937tstexc-exercise, repositoryType=exercise, triggeredByPushTo=exercise, assignmentRepositoryUri=http://localhost:49152/git/SHORT9813A60B0D82D0492A0A4D90B91108517937TSTEXC/short9813a60b0d82d0492a0a4d90b91108517937tstexc-exercise.git, testRepositoryUri=http://nadnasidni.tum/scm/SHORT9813A60B0D82D0492A0A4D90B91108517937TSTEXC/SHORT9813A60B0D82D0492A0A4D90B91108517937TSTEXC-tests.git, solutionRepositoryUri=null, auxiliaryRepositoryUris=[Ljava.lang.String;@1df896fa, auxiliaryRepositoryCheckoutDirectories=[Ljava.lang.String;@36ca4d77], jobTimingInfo=JobTimingInfo[submissionDate=2025-02-14T23:44:54.103710671Z[Etc/UTC], buildStartDate=2025-02-14T23:44:54.382756129Z[Etc/UTC], buildCompletionDate=null, estimatedCompletionDate=2025-02-14T23:45:13.382751040Z[Etc/UTC], estimatedDuration=19], buildConfig=BuildConfig[buildScript=#!/bin/bash
cd /var/tmp/testing-dir
mvn clean test
, dockerImage=dummy-docker-image, commitHashToBuild=null, assignmentCommitHash=9b3a9bd71a0d80e5bbc42204c319ed3d1d4f0d6d, testCommitHash=9b3a9bd71a0d80e5bbc42204c319ed3d1d4f0d6d, branch=main, programmingLanguage=JAVA, projectType=PLAIN_MAVEN, scaEnabled=false, sequentialTestRunsEnabled=false, resultPaths=[/var/tmp/testing-dir/**/target/surefire-reports/*.xml], timeoutSeconds=0, assignmentCheckoutPath=null, testCheckoutPath=null, solutionCheckoutPath=null, dockerRunConfig=null], submissionResult=null]
java.util.concurrent.CompletionException: java.util.concurrent.ExecutionException: de.tum.cit.aet.artemis.core.exception.LocalCIException: Could not pull Docker image dummy-docker-image
	at de.tum.cit.aet.artemis.buildagent.service.BuildJobManagementService.lambda$executeBuildJob$2(BuildJobManagementService.java:188)
	at de.tum.cit.aet.artemis.buildagent.service.BuildJobManagementService.createCompletableFuture(BuildJobManagementService.java:236)
	at de.tum.cit.aet.artemis.buildagent.service.BuildJobManagementService.executeBuildJob(BuildJobManagementService.java:163)
	at de.tum.cit.aet.artemis.buildagent.service.SharedQueueProcessingService.processBuild(SharedQueueProcessingService.java:413)
	at de.tum.cit.aet.artemis.buildagent.service.SharedQueueProcessingService.checkAvailabilityAndProcessNextBuild(SharedQueueProcessingService.java:269)
	at de.tum.cit.aet.artemis.buildagent.service.SharedQueueProcessingService.lambda$processBuild$5(SharedQueueProcessingService.java:480)
	at java.base/java.util.concurrent.CompletableFuture.uniExceptionally(CompletableFuture.java:990)
	at java.base/java.util.concurrent.CompletableFuture.uniExceptionallyStage(CompletableFuture.java:1008)
	at java.base/java.util.concurrent.CompletableFuture.exceptionally(CompletableFuture.java:2396)
	at de.tum.cit.aet.artemis.buildagent.service.SharedQueueProcessingService.processBuild(SharedQueueProcessingService.java:444)
	at de.tum.cit.aet.artemis.buildagent.service.SharedQueueProcessingService.checkAvailabilityAndProcessNextBuild(SharedQueueProcessingService.java:269)
	at de.tum.cit.aet.artemis.buildagent.service.SharedQueueProcessingService.lambda$processBuild$5(SharedQueueProcessingService.java:480)
	at java.base/java.util.concurrent.CompletableFuture.uniExceptionally(CompletableFuture.java:990)
	at java.base/java.util.concurrent.CompletableFuture.uniExceptionallyStage(CompletableFuture.java:1008)
	at java.base/java.util.concurrent.CompletableFuture.exceptionally(CompletableFuture.java:2396)
	at de.tum.cit.aet.artemis.buildagent.service.SharedQueueProcessingService.processBuild(SharedQueueProcessingService.java:444)
	at de.tum.cit.aet.artemis.buildagent.service.SharedQueueProcessingService.checkAvailabilityAndProcessNextBuild(SharedQueueProcessingService.java:269)
	at de.tum.cit.aet.artemis.buildagent.service.SharedQueueProcessingService.lambda$processBuild$5(SharedQueueProcessingService.java:480)
	at java.base/java.util.concurrent.CompletableFuture.uniExceptionally(CompletableFuture.java:990)
	at java.base/java.util.concurrent.CompletableFuture.uniExceptionallyStage(CompletableFuture.java:1008)
	at java.base/java.util.concurrent.CompletableFuture.exceptionally(CompletableFuture.java:2396)
	at de.tum.cit.aet.artemis.buildagent.service.SharedQueueProcessingService.processBuild(SharedQueueProcessingService.java:444)
	at de.tum.cit.aet.artemis.buildagent.service.SharedQueueProcessingService.checkAvailabilityAndProcessNextBuild(SharedQueueProcessingService.java:269)
	at de.tum.cit.aet.artemis.buildagent.service.SharedQueueProcessingService$QueuedBuildJobItemListener.itemAdded(SharedQueueProcessingService.java:594)
	at com.hazelcast.collection.impl.queue.QueueService.lambda$dispatchEvent$1(QueueService.java:277)
	at com.hazelcast.internal.namespace.impl.NoOpUserCodeNamespaceService.runWithNamespace(NoOpUserCodeNamespaceService.java:82)
	at com.hazelcast.internal.namespace.NamespaceUtil.runWithNamespace(NamespaceUtil.java:106)
	at com.hazelcast.collection.impl.queue.QueueService.dispatchEvent(QueueService.java:275)
	at com.hazelcast.collection.impl.queue.QueueService.dispatchEvent(QueueService.java:98)
	at com.hazelcast.spi.impl.eventservice.impl.LocalEventDispatcher.run(LocalEventDispatcher.java:64)
	at com.hazelcast.internal.util.executor.StripedExecutor$Worker.process(StripedExecutor.java:244)
	at com.hazelcast.internal.util.executor.StripedExecutor$Worker.run(StripedExecutor.java:227)
Caused by: java.util.concurrent.ExecutionException: de.tum.cit.aet.artemis.core.exception.LocalCIException: Could not pull Docker image dummy-docker-image
	at java.base/java.util.concurrent.FutureTask.report(FutureTask.java:122)
	at java.base/java.util.concurrent.FutureTask.get(FutureTask.java:205)
	at de.tum.cit.aet.artemis.buildagent.service.BuildJobManagementService.lambda$executeBuildJob$2(BuildJobManagementService.java:165)
	... 31 common frames omitted
Caused by: de.tum.cit.aet.artemis.core.exception.LocalCIException: Could not pull Docker image dummy-docker-image
	at de.tum.cit.aet.artemis.buildagent.service.BuildJobExecutionService.runBuildJob(BuildJobExecutionService.java:157)
	at java.base/jdk.internal.reflect.DirectMethodHandleAccessor.invoke(DirectMethodHandleAccessor.java:103)
	at java.base/java.lang.reflect.Method.invoke(Method.java:580)
	at org.springframework.aop.support.AopUtils.invokeJoinpointUsingReflection(AopUtils.java:359)
	at org.springframework.aop.framework.CglibAopProxy$DynamicAdvisedInterceptor.intercept(CglibAopProxy.java:723)
	at de.tum.cit.aet.artemis.buildagent.service.BuildJobExecutionService$$SpringCGLIB$$0.runBuildJob(<generated>)
	at de.tum.cit.aet.artemis.buildagent.service.BuildJobManagementService.lambda$executeBuildJob$1(BuildJobManagementService.java:129)
	at java.base/java.util.concurrent.FutureTask.run(FutureTask.java:317)
	at java.base/java.util.concurrent.ThreadPoolExecutor.runWorker(ThreadPoolExecutor.java:1144)
	at java.base/java.util.concurrent.ThreadPoolExecutor$Worker.run(ThreadPoolExecutor.java:642)
	at java.base/java.lang.Thread.run(Thread.java:1583)
Caused by: de.tum.cit.aet.artemis.core.exception.LocalCIException: Docker image dummy-docker-image is not compatible with the current architecture. Needed 'linux/amd64', but got 'null'
	at de.tum.cit.aet.artemis.buildagent.service.BuildAgentDockerService.checkImageArchitecture(BuildAgentDockerService.java:291)
	at de.tum.cit.aet.artemis.buildagent.service.BuildAgentDockerService.pullDockerImage(BuildAgentDockerService.java:223)
	at de.tum.cit.aet.artemis.buildagent.service.BuildJobExecutionService.runBuildJob(BuildJobExecutionService.java:152)
	... 10 common frames omitted
    23:44:54.398 | 566 localvc.event-13 | ERROR | a.a.b.s.SharedQueueProcessingService : Error while processing build job: BuildJobQueueItem[id=17471739576694103, name=SHORT9813A60B0D82D0492A0A4D90B91108517937TSTEXC-BASE, buildAgent=BuildAgentDTO[name=artemis-build-agent-test, memberAddress=[127.0.0.1]:5703, displayName=artemis-build-agent-test], participationId=1747, courseId=872, exerciseId=2447, retryCount=0, priority=2, status=null, repositoryInfo=RepositoryInfo[repositoryName=short9813a60b0d82d0492a0a4d90b91108517937tstexc-exercise, repositoryType=exercise, triggeredByPushTo=exercise, assignmentRepositoryUri=http://localhost:49152/git/SHORT9813A60B0D82D0492A0A4D90B91108517937TSTEXC/short9813a60b0d82d0492a0a4d90b91108517937tstexc-exercise.git, testRepositoryUri=http://nadnasidni.tum/scm/SHORT9813A60B0D82D0492A0A4D90B91108517937TSTEXC/SHORT9813A60B0D82D0492A0A4D90B91108517937TSTEXC-tests.git, solutionRepositoryUri=null, auxiliaryRepositoryUris=[Ljava.lang.String;@1df896fa, auxiliaryRepositoryCheckoutDirectories=[Ljava.lang.String;@36ca4d77], jobTimingInfo=JobTimingInfo[submissionDate=2025-02-14T23:44:54.103710671Z[Etc/UTC], buildStartDate=2025-02-14T23:44:54.382756129Z[Etc/UTC], buildCompletionDate=null, estimatedCompletionDate=2025-02-14T23:45:13.382751040Z[Etc/UTC], estimatedDuration=19], buildConfig=BuildConfig[buildScript=#!/bin/bash
cd /var/tmp/testing-dir
mvn clean test
, dockerImage=dummy-docker-image, commitHashToBuild=null, assignmentCommitHash=9b3a9bd71a0d80e5bbc42204c319ed3d1d4f0d6d, testCommitHash=9b3a9bd71a0d80e5bbc42204c319ed3d1d4f0d6d, branch=main, programmingLanguage=JAVA, projectType=PLAIN_MAVEN, scaEnabled=false, sequentialTestRunsEnabled=false, resultPaths=[/var/tmp/testing-dir/**/target/surefire-reports/*.xml], timeoutSeconds=0, assignmentCheckoutPath=null, testCheckoutPath=null, solutionCheckoutPath=null, dockerRunConfig=null], submissionResult=null]
java.util.concurrent.CompletionException: java.util.concurrent.ExecutionException: de.tum.cit.aet.artemis.core.exception.LocalCIException: Could not pull Docker image dummy-docker-image
	at de.tum.cit.aet.artemis.buildagent.service.BuildJobManagementService.lambda$executeBuildJob$2(BuildJobManagementService.java:188)
	at de.tum.cit.aet.artemis.buildagent.service.BuildJobManagementService.createCompletableFuture(BuildJobManagementService.java:236)
	at de.tum.cit.aet.artemis.buildagent.service.BuildJobManagementService.executeBuildJob(BuildJobManagementService.java:163)
	at de.tum.cit.aet.artemis.buildagent.service.SharedQueueProcessingService.processBuild(SharedQueueProcessingService.java:413)
	at de.tum.cit.aet.artemis.buildagent.service.SharedQueueProcessingService.checkAvailabilityAndProcessNextBuild(SharedQueueProcessingService.java:269)
	at de.tum.cit.aet.artemis.buildagent.service.SharedQueueProcessingService.lambda$processBuild$5(SharedQueueProcessingService.java:480)
	at java.base/java.util.concurrent.CompletableFuture.uniExceptionally(CompletableFuture.java:990)
	at java.base/java.util.concurrent.CompletableFuture.uniExceptionallyStage(CompletableFuture.java:1008)
	at java.base/java.util.concurrent.CompletableFuture.exceptionally(CompletableFuture.java:2396)
	at de.tum.cit.aet.artemis.buildagent.service.SharedQueueProcessingService.processBuild(SharedQueueProcessingService.java:444)
	at de.tum.cit.aet.artemis.buildagent.service.SharedQueueProcessingService.checkAvailabilityAndProcessNextBuild(SharedQueueProcessingService.java:269)
	at de.tum.cit.aet.artemis.buildagent.service.SharedQueueProcessingService.lambda$processBuild$5(SharedQueueProcessingService.java:480)
	at java.base/java.util.concurrent.CompletableFuture.uniExceptionally(CompletableFuture.java:990)
	at java.base/java.util.concurrent.CompletableFuture.uniExceptionallyStage(CompletableFuture.java:1008)
	at java.base/java.util.concurrent.CompletableFuture.exceptionally(CompletableFuture.java:2396)
	at de.tum.cit.aet.artemis.buildagent.service.SharedQueueProcessingService.processBuild(SharedQueueProcessingService.java:444)
	at de.tum.cit.aet.artemis.buildagent.service.SharedQueueProcessingService.checkAvailabilityAndProcessNextBuild(SharedQueueProcessingService.java:269)
	at de.tum.cit.aet.artemis.buildagent.service.SharedQueueProcessingService.lambda$processBuild$5(SharedQueueProcessingService.java:480)
	at java.base/java.util.concurrent.CompletableFuture.uniExceptionally(CompletableFuture.java:990)
	at java.base/java.util.concurrent.CompletableFuture.uniExceptionallyStage(CompletableFuture.java:1008)
	at java.base/java.util.concurrent.CompletableFuture.exceptionally(CompletableFuture.java:2396)
	at de.tum.cit.aet.artemis.buildagent.service.SharedQueueProcessingService.processBuild(SharedQueueProcessingService.java:444)
	at de.tum.cit.aet.artemis.buildagent.service.SharedQueueProcessingService.checkAvailabilityAndProcessNextBuild(SharedQueueProcessingService.java:269)
	at de.tum.cit.aet.artemis.buildagent.service.SharedQueueProcessingService$QueuedBuildJobItemListener.itemAdded(SharedQueueProcessingService.java:594)
	at com.hazelcast.collection.impl.queue.QueueService.lambda$dispatchEvent$1(QueueService.java:277)
	at com.hazelcast.internal.namespace.impl.NoOpUserCodeNamespaceService.runWithNamespace(NoOpUserCodeNamespaceService.java:82)
	at com.hazelcast.internal.namespace.NamespaceUtil.runWithNamespace(NamespaceUtil.java:106)
	at com.hazelcast.collection.impl.queue.QueueService.dispatchEvent(QueueService.java:275)
	at com.hazelcast.collection.impl.queue.QueueService.dispatchEvent(QueueService.java:98)
	at com.hazelcast.spi.impl.eventservice.impl.LocalEventDispatcher.run(LocalEventDispatcher.java:64)
	at com.hazelcast.internal.util.executor.StripedExecutor$Worker.process(StripedExecutor.java:244)
	at com.hazelcast.internal.util.executor.StripedExecutor$Worker.run(StripedExecutor.java:227)
Caused by: java.util.concurrent.ExecutionException: de.tum.cit.aet.artemis.core.exception.LocalCIException: Could not pull Docker image dummy-docker-image
	at java.base/java.util.concurrent.FutureTask.report(FutureTask.java:122)
	at java.base/java.util.concurrent.FutureTask.get(FutureTask.java:205)
	at de.tum.cit.aet.artemis.buildagent.service.BuildJobManagementService.lambda$executeBuildJob$2(BuildJobManagementService.java:165)
	... 31 common frames omitted
Caused by: de.tum.cit.aet.artemis.core.exception.LocalCIException: Could not pull Docker image dummy-docker-image
	at de.tum.cit.aet.artemis.buildagent.service.BuildJobExecutionService.runBuildJob(BuildJobExecutionService.java:157)
	at java.base/jdk.internal.reflect.DirectMethodHandleAccessor.invoke(DirectMethodHandleAccessor.java:103)
	at java.base/java.lang.reflect.Method.invoke(Method.java:580)
	at org.springframework.aop.support.AopUtils.invokeJoinpointUsingReflection(AopUtils.java:359)
	at org.springframework.aop.framework.CglibAopProxy$DynamicAdvisedInterceptor.intercept(CglibAopProxy.java:723)
	at de.tum.cit.aet.artemis.buildagent.service.BuildJobExecutionService$$SpringCGLIB$$0.runBuildJob(<generated>)
	at de.tum.cit.aet.artemis.buildagent.service.BuildJobManagementService.lambda$executeBuildJob$1(BuildJobManagementService.java:129)
	at java.base/java.util.concurrent.FutureTask.run(FutureTask.java:317)
	at java.base/java.util.concurrent.ThreadPoolExecutor.runWorker(ThreadPoolExecutor.java:1144)
	at java.base/java.util.concurrent.ThreadPoolExecutor$Worker.run(ThreadPoolExecutor.java:642)
	at java.base/java.lang.Thread.run(Thread.java:1583)
Caused by: de.tum.cit.aet.artemis.core.exception.LocalCIException: Docker image dummy-docker-image is not compatible with the current architecture. Needed 'linux/amd64', but got 'null'
	at de.tum.cit.aet.artemis.buildagent.service.BuildAgentDockerService.checkImageArchitecture(BuildAgentDockerService.java:291)
	at de.tum.cit.aet.artemis.buildagent.service.BuildAgentDockerService.pullDockerImage(BuildAgentDockerService.java:223)
	at de.tum.cit.aet.artemis.buildagent.service.BuildJobExecutionService.runBuildJob(BuildJobExecutionService.java:152)
	... 10 common frames omitted
    23:44:54.399 | 565 localvc.event-12 | DEBUG | a.p.s.l.LocalCIQueueWebsocketService : CIBuildJobQueueItem removed from processing jobs: BuildJobQueueItem[id=17471739576694103, name=SHORT9813A60B0D82D0492A0A4D90B91108517937TSTEXC-BASE, buildAgent=BuildAgentDTO[name=artemis-build-agent-test, memberAddress=[127.0.0.1]:5703, displayName=artemis-build-agent-test], participationId=1747, courseId=872, exerciseId=2447, retryCount=0, priority=2, status=null, repositoryInfo=RepositoryInfo[repositoryName=short9813a60b0d82d0492a0a4d90b91108517937tstexc-exercise, repositoryType=exercise, triggeredByPushTo=exercise, assignmentRepositoryUri=http://localhost:49152/git/SHORT9813A60B0D82D0492A0A4D90B91108517937TSTEXC/short9813a60b0d82d0492a0a4d90b91108517937tstexc-exercise.git, testRepositoryUri=http://nadnasidni.tum/scm/SHORT9813A60B0D82D0492A0A4D90B91108517937TSTEXC/SHORT9813A60B0D82D0492A0A4D90B91108517937TSTEXC-tests.git, solutionRepositoryUri=null, auxiliaryRepositoryUris=[Ljava.lang.String;@238b24f0, auxiliaryRepositoryCheckoutDirectories=[Ljava.lang.String;@3fa0c3dc], jobTimingInfo=JobTimingInfo[submissionDate=2025-02-14T23:44:54.103710671Z[Etc/UTC], buildStartDate=2025-02-14T23:44:54.382756129Z[Etc/UTC], buildCompletionDate=null, estimatedCompletionDate=2025-02-14T23:45:13.382751040Z[Etc/UTC], estimatedDuration=19], buildConfig=BuildConfig[buildScript=#!/bin/bash
cd /var/tmp/testing-dir
mvn clean test
, dockerImage=dummy-docker-image, commitHashToBuild=null, assignmentCommitHash=9b3a9bd71a0d80e5bbc42204c319ed3d1d4f0d6d, testCommitHash=9b3a9bd71a0d80e5bbc42204c319ed3d1d4f0d6d, branch=main, programmingLanguage=JAVA, projectType=PLAIN_MAVEN, scaEnabled=false, sequentialTestRunsEnabled=false, resultPaths=[/var/tmp/testing-dir/**/target/surefire-reports/*.xml], timeoutSeconds=0, assignmentCheckoutPath=null, testCheckoutPath=null, solutionCheckoutPath=null, dockerRunConfig=null], submissionResult=null]
    23:44:54.400 | 565 localvc.event-12 | DEBUG | s.l.LocalCIWebsocketMessagingService : Sending message on topic /topic/admin/running-jobs: []
    23:44:54.400 | 565 localvc.event-12 | DEBUG | s.l.LocalCIWebsocketMessagingService : Sending message on topic /topic/courses/872/running-jobs: []
    23:44:54.408 | 566 localvc.event-13 | DEBUG | a.a.b.s.SharedQueueProcessingService : Currently processing jobs on this node: 0, active threads in Pool: 0, maximum pool size of thread executor : 1
    23:44:54.408 | 566 localvc.event-13 | DEBUG | a.a.b.s.SharedQueueProcessingService : Currently processing jobs on this node: 0, active threads in Pool: 0, maximum pool size of thread executor : 1
    23:44:54.408 | 565 localvc.event-12 | DEBUG | a.p.s.l.LocalCIQueueWebsocketService : CIBuildJobQueueItem added to processing jobs: BuildJobQueueItem[id=17481739576694246, name=SHORTD91D0B6D0E6A204E010812505A867B04E6F8TSTEXC-SOLUTION, buildAgent=BuildAgentDTO[name=artemis-build-agent-test, memberAddress=[127.0.0.1]:5703, displayName=artemis-build-agent-test], participationId=1748, courseId=873, exerciseId=2448, retryCount=0, priority=2, status=null, repositoryInfo=RepositoryInfo[repositoryName=shortd91d0b6d0e6a204e010812505a867b04e6f8tstexc-solution, repositoryType=solution, triggeredByPushTo=solution, assignmentRepositoryUri=http://localhost:49152/git/SHORTD91D0B6D0E6A204E010812505A867B04E6F8TSTEXC/shortd91d0b6d0e6a204e010812505a867b04e6f8tstexc-solution.git, testRepositoryUri=http://nadnasidni.tum/scm/SHORTD91D0B6D0E6A204E010812505A867B04E6F8TSTEXC/SHORTD91D0B6D0E6A204E010812505A867B04E6F8TSTEXC-tests.git, solutionRepositoryUri=null, auxiliaryRepositoryUris=[Ljava.lang.String;@20ce86be, auxiliaryRepositoryCheckoutDirectories=[Ljava.lang.String;@19c91f58], jobTimingInfo=JobTimingInfo[submissionDate=2025-02-14T23:44:54.246508059Z[Etc/UTC], buildStartDate=2025-02-14T23:44:54.408522902Z[Etc/UTC], buildCompletionDate=null, estimatedCompletionDate=2025-02-14T23:45:13.408517873Z[Etc/UTC], estimatedDuration=19], buildConfig=BuildConfig[buildScript=#!/bin/bash
cd /var/tmp/testing-dir
mvn clean test
, dockerImage=dummy-docker-image, commitHashToBuild=null, assignmentCommitHash=9b3a9bd71a0d80e5bbc42204c319ed3d1d4f0d6d, testCommitHash=9b3a9bd71a0d80e5bbc42204c319ed3d1d4f0d6d, branch=main, programmingLanguage=JAVA, projectType=PLAIN_MAVEN, scaEnabled=false, sequentialTestRunsEnabled=false, resultPaths=[/var/tmp/testing-dir/**/target/surefire-reports/*.xml], timeoutSeconds=0, assignmentCheckoutPath=null, testCheckoutPath=null, solutionCheckoutPath=null, dockerRunConfig=null], submissionResult=null]
    23:44:54.409 | 565 localvc.event-12 | DEBUG | s.l.LocalCIWebsocketMessagingService : Sending message on topic /topic/admin/running-jobs: [BuildJobQueueItem[id=17481739576694246, name=SHORTD91D0B6D0E6A204E010812505A867B04E6F8TSTEXC-SOLUTION, buildAgent=BuildAgentDTO[name=artemis-build-agent-test, memberAddress=[127.0.0.1]:5703, displayName=artemis-build-agent-test], participationId=1748, courseId=873, exerciseId=2448, retryCount=0, priority=2, status=null, repositoryInfo=RepositoryInfo[repositoryName=shortd91d0b6d0e6a204e010812505a867b04e6f8tstexc-solution, repositoryType=solution, triggeredByPushTo=solution, assignmentRepositoryUri=, testRepositoryUri=, solutionRepositoryUri=, auxiliaryRepositoryUris=null, auxiliaryRepositoryCheckoutDirectories=null], jobTimingInfo=JobTimingInfo[submissionDate=2025-02-14T23:44:54.246508059Z[Etc/UTC], buildStartDate=2025-02-14T23:44:54.408522902Z[Etc/UTC], buildCompletionDate=null, estimatedCompletionDate=2025-02-14T23:45:13.408517873Z[Etc/UTC], estimatedDuration=19], buildConfig=BuildConfig[buildScript=, dockerImage=, commitHashToBuild=null, assignmentCommitHash=, testCommitHash=, branch=, programmingLanguage=null, projectType=null, scaEnabled=false, sequentialTestRunsEnabled=false, resultPaths=null, timeoutSeconds=0, assignmentCheckoutPath=, testCheckoutPath=, solutionCheckoutPath=, dockerRunConfig=null], submissionResult=null]]
    23:44:54.412 | 565 localvc.event-12 | DEBUG | s.l.LocalCIWebsocketMessagingService : Sending message on topic /topic/courses/873/running-jobs: [BuildJobQueueItem[id=17481739576694246, name=SHORTD91D0B6D0E6A204E010812505A867B04E6F8TSTEXC-SOLUTION, buildAgent=BuildAgentDTO[name=artemis-build-agent-test, memberAddress=[127.0.0.1]:5703, displayName=artemis-build-agent-test], participationId=1748, courseId=873, exerciseId=2448, retryCount=0, priority=2, status=null, repositoryInfo=RepositoryInfo[repositoryName=shortd91d0b6d0e6a204e010812505a867b04e6f8tstexc-solution, repositoryType=solution, triggeredByPushTo=solution, assignmentRepositoryUri=, testRepositoryUri=, solutionRepositoryUri=, auxiliaryRepositoryUris=null, auxiliaryRepositoryCheckoutDirectories=null], jobTimingInfo=JobTimingInfo[submissionDate=2025-02-14T23:44:54.246508059Z[Etc/UTC], buildStartDate=2025-02-14T23:44:54.408522902Z[Etc/UTC], buildCompletionDate=null, estimatedCompletionDate=2025-02-14T23:45:13.408517873Z[Etc/UTC], estimatedDuration=19], buildConfig=BuildConfig[buildScript=, dockerImage=, commitHashToBuild=null, assignmentCommitHash=, testCommitHash=, branch=, programmingLanguage=null, projectType=null, scaEnabled=false, sequentialTestRunsEnabled=false, resultPaths=null, timeoutSeconds=0, assignmentCheckoutPath=, testCheckoutPath=, solutionCheckoutPath=, dockerRunConfig=null], submissionResult=null]]
    23:44:54.417 | 566 localvc.event-13 | INFO  | a.a.b.s.SharedQueueProcessingService : Processing build job: BuildJobQueueItem[id=17481739576694246, name=SHORTD91D0B6D0E6A204E010812505A867B04E6F8TSTEXC-SOLUTION, buildAgent=BuildAgentDTO[name=artemis-build-agent-test, memberAddress=[127.0.0.1]:5703, displayName=artemis-build-agent-test], participationId=1748, courseId=873, exerciseId=2448, retryCount=0, priority=2, status=null, repositoryInfo=RepositoryInfo[repositoryName=shortd91d0b6d0e6a204e010812505a867b04e6f8tstexc-solution, repositoryType=solution, triggeredByPushTo=solution, assignmentRepositoryUri=http://localhost:49152/git/SHORTD91D0B6D0E6A204E010812505A867B04E6F8TSTEXC/shortd91d0b6d0e6a204e010812505a867b04e6f8tstexc-solution.git, testRepositoryUri=http://nadnasidni.tum/scm/SHORTD91D0B6D0E6A204E010812505A867B04E6F8TSTEXC/SHORTD91D0B6D0E6A204E010812505A867B04E6F8TSTEXC-tests.git, solutionRepositoryUri=null, auxiliaryRepositoryUris=[Ljava.lang.String;@514e4a97, auxiliaryRepositoryCheckoutDirectories=[Ljava.lang.String;@16bb8c6a], jobTimingInfo=JobTimingInfo[submissionDate=2025-02-14T23:44:54.246508059Z[Etc/UTC], buildStartDate=2025-02-14T23:44:54.408522902Z[Etc/UTC], buildCompletionDate=null, estimatedCompletionDate=2025-02-14T23:45:13.408517873Z[Etc/UTC], estimatedDuration=19], buildConfig=BuildConfig[buildScript=#!/bin/bash
cd /var/tmp/testing-dir
mvn clean test
, dockerImage=dummy-docker-image, commitHashToBuild=null, assignmentCommitHash=9b3a9bd71a0d80e5bbc42204c319ed3d1d4f0d6d, testCommitHash=9b3a9bd71a0d80e5bbc42204c319ed3d1d4f0d6d, branch=main, programmingLanguage=JAVA, projectType=PLAIN_MAVEN, scaEnabled=false, sequentialTestRunsEnabled=false, resultPaths=[/var/tmp/testing-dir/**/target/surefire-reports/*.xml], timeoutSeconds=0, assignmentCheckoutPath=null, testCheckoutPath=null, solutionCheckoutPath=null, dockerRunConfig=null], submissionResult=null]
    23:44:54.553 | 566 localvc.event-13 | ERROR | .c.a.a.b.s.BuildJobManagementService : Error while executing build job 17481739576694246: de.tum.cit.aet.artemis.core.exception.LocalCIException: Could not pull Docker image dummy-docker-image
java.util.concurrent.ExecutionException: de.tum.cit.aet.artemis.core.exception.LocalCIException: Could not pull Docker image dummy-docker-image
	at java.base/java.util.concurrent.FutureTask.report(FutureTask.java:122)
	at java.base/java.util.concurrent.FutureTask.get(FutureTask.java:205)
	at de.tum.cit.aet.artemis.buildagent.service.BuildJobManagementService.lambda$executeBuildJob$2(BuildJobManagementService.java:165)
	at de.tum.cit.aet.artemis.buildagent.service.BuildJobManagementService.createCompletableFuture(BuildJobManagementService.java:236)
	at de.tum.cit.aet.artemis.buildagent.service.BuildJobManagementService.executeBuildJob(BuildJobManagementService.java:163)
	at de.tum.cit.aet.artemis.buildagent.service.SharedQueueProcessingService.processBuild(SharedQueueProcessingService.java:413)
	at de.tum.cit.aet.artemis.buildagent.service.SharedQueueProcessingService.checkAvailabilityAndProcessNextBuild(SharedQueueProcessingService.java:269)
	at de.tum.cit.aet.artemis.buildagent.service.SharedQueueProcessingService.lambda$processBuild$5(SharedQueueProcessingService.java:480)
	at java.base/java.util.concurrent.CompletableFuture.uniExceptionally(CompletableFuture.java:990)
	at java.base/java.util.concurrent.CompletableFuture.uniExceptionallyStage(CompletableFuture.java:1008)
	at java.base/java.util.concurrent.CompletableFuture.exceptionally(CompletableFuture.java:2396)
	at de.tum.cit.aet.artemis.buildagent.service.SharedQueueProcessingService.processBuild(SharedQueueProcessingService.java:444)
	at de.tum.cit.aet.artemis.buildagent.service.SharedQueueProcessingService.checkAvailabilityAndProcessNextBuild(SharedQueueProcessingService.java:269)
	at de.tum.cit.aet.artemis.buildagent.service.SharedQueueProcessingService.lambda$processBuild$5(SharedQueueProcessingService.java:480)
	at java.base/java.util.concurrent.CompletableFuture.uniExceptionally(CompletableFuture.java:990)
	at java.base/java.util.concurrent.CompletableFuture.uniExceptionallyStage(CompletableFuture.java:1008)
	at java.base/java.util.concurrent.CompletableFuture.exceptionally(CompletableFuture.java:2396)
	at de.tum.cit.aet.artemis.buildagent.service.SharedQueueProcessingService.processBuild(SharedQueueProcessingService.java:444)
	at de.tum.cit.aet.artemis.buildagent.service.SharedQueueProcessingService.checkAvailabilityAndProcessNextBuild(SharedQueueProcessingService.java:269)
	at de.tum.cit.aet.artemis.buildagent.service.SharedQueueProcessingService.lambda$processBuild$5(SharedQueueProcessingService.java:480)
	at java.base/java.util.concurrent.CompletableFuture.uniExceptionally(CompletableFuture.java:990)
	at java.base/java.util.concurrent.CompletableFuture.uniExceptionallyStage(CompletableFuture.java:1008)
	at java.base/java.util.concurrent.CompletableFuture.exceptionally(CompletableFuture.java:2396)
	at de.tum.cit.aet.artemis.buildagent.service.SharedQueueProcessingService.processBuild(SharedQueueProcessingService.java:444)
	at de.tum.cit.aet.artemis.buildagent.service.SharedQueueProcessingService.checkAvailabilityAndProcessNextBuild(SharedQueueProcessingService.java:269)
	at de.tum.cit.aet.artemis.buildagent.service.SharedQueueProcessingService.lambda$processBuild$5(SharedQueueProcessingService.java:480)
	at java.base/java.util.concurrent.CompletableFuture.uniExceptionally(CompletableFuture.java:990)
	at java.base/java.util.concurrent.CompletableFuture.uniExceptionallyStage(CompletableFuture.java:1008)
	at java.base/java.util.concurrent.CompletableFuture.exceptionally(CompletableFuture.java:2396)
	at de.tum.cit.aet.artemis.buildagent.service.SharedQueueProcessingService.processBuild(SharedQueueProcessingService.java:444)
	at de.tum.cit.aet.artemis.buildagent.service.SharedQueueProcessingService.checkAvailabilityAndProcessNextBuild(SharedQueueProcessingService.java:269)
	at de.tum.cit.aet.artemis.buildagent.service.SharedQueueProcessingService$QueuedBuildJobItemListener.itemAdded(SharedQueueProcessingService.java:594)
	at com.hazelcast.collection.impl.queue.QueueService.lambda$dispatchEvent$1(QueueService.java:277)
	at com.hazelcast.internal.namespace.impl.NoOpUserCodeNamespaceService.runWithNamespace(NoOpUserCodeNamespaceService.java:82)
	at com.hazelcast.internal.namespace.NamespaceUtil.runWithNamespace(NamespaceUtil.java:106)
	at com.hazelcast.collection.impl.queue.QueueService.dispatchEvent(QueueService.java:275)
	at com.hazelcast.collection.impl.queue.QueueService.dispatchEvent(QueueService.java:98)
	at com.hazelcast.spi.impl.eventservice.impl.LocalEventDispatcher.run(LocalEventDispatcher.java:64)
	at com.hazelcast.internal.util.executor.StripedExecutor$Worker.process(StripedExecutor.java:244)
	at com.hazelcast.internal.util.executor.StripedExecutor$Worker.run(StripedExecutor.java:227)
Caused by: de.tum.cit.aet.artemis.core.exception.LocalCIException: Could not pull Docker image dummy-docker-image
	at de.tum.cit.aet.artemis.buildagent.service.BuildJobExecutionService.runBuildJob(BuildJobExecutionService.java:157)
	at java.base/jdk.internal.reflect.DirectMethodHandleAccessor.invoke(DirectMethodHandleAccessor.java:103)
	at java.base/java.lang.reflect.Method.invoke(Method.java:580)
	at org.springframework.aop.support.AopUtils.invokeJoinpointUsingReflection(AopUtils.java:359)
	at org.springframework.aop.framework.CglibAopProxy$DynamicAdvisedInterceptor.intercept(CglibAopProxy.java:723)
	at de.tum.cit.aet.artemis.buildagent.service.BuildJobExecutionService$$SpringCGLIB$$0.runBuildJob(<generated>)
	at de.tum.cit.aet.artemis.buildagent.service.BuildJobManagementService.lambda$executeBuildJob$1(BuildJobManagementService.java:129)
	at java.base/java.util.concurrent.FutureTask.run(FutureTask.java:317)
	at java.base/java.util.concurrent.ThreadPoolExecutor.runWorker(ThreadPoolExecutor.java:1144)
	at java.base/java.util.concurrent.ThreadPoolExecutor$Worker.run(ThreadPoolExecutor.java:642)
	at java.base/java.lang.Thread.run(Thread.java:1583)
Caused by: de.tum.cit.aet.artemis.core.exception.LocalCIException: Error while pulling docker image dummy-docker-image
	at de.tum.cit.aet.artemis.buildagent.service.BuildAgentDockerService.pullDockerImage(BuildAgentDockerService.java:258)
	at de.tum.cit.aet.artemis.buildagent.service.BuildJobExecutionService.runBuildJob(BuildJobExecutionService.java:152)
	... 10 common frames omitted
Caused by: com.github.dockerjava.api.exception.NotFoundException: Status 404: {"message":"pull access denied for dummy-docker-image, repository does not exist or may require 'docker login': denied: requested access to the resource is denied"}

	at com.github.dockerjava.core.DefaultInvocationBuilder.execute(DefaultInvocationBuilder.java:241)
	at com.github.dockerjava.core.DefaultInvocationBuilder.lambda$executeAndStream$1(DefaultInvocationBuilder.java:269)
	... 1 common frames omitted
    23:44:54.553 | 566 localvc.event-13 | INFO  | .c.a.a.b.s.BuildJobManagementService : Getting ID of running container local-ci-17481739576694246
    23:44:54.557 | 566 localvc.event-13 | INFO  | .c.a.a.b.s.BuildJobManagementService : Stopping unresponsive container with ID null
    23:44:54.557 | 566 localvc.event-13 | DEBUG | a.a.b.s.SharedQueueProcessingService : Build job completed with exception: BuildJobQueueItem[id=17481739576694246, name=SHORTD91D0B6D0E6A204E010812505A867B04E6F8TSTEXC-SOLUTION, buildAgent=BuildAgentDTO[name=artemis-build-agent-test, memberAddress=[127.0.0.1]:5703, displayName=artemis-build-agent-test], participationId=1748, courseId=873, exerciseId=2448, retryCount=0, priority=2, status=null, repositoryInfo=RepositoryInfo[repositoryName=shortd91d0b6d0e6a204e010812505a867b04e6f8tstexc-solution, repositoryType=solution, triggeredByPushTo=solution, assignmentRepositoryUri=http://localhost:49152/git/SHORTD91D0B6D0E6A204E010812505A867B04E6F8TSTEXC/shortd91d0b6d0e6a204e010812505a867b04e6f8tstexc-solution.git, testRepositoryUri=http://nadnasidni.tum/scm/SHORTD91D0B6D0E6A204E010812505A867B04E6F8TSTEXC/SHORTD91D0B6D0E6A204E010812505A867B04E6F8TSTEXC-tests.git, solutionRepositoryUri=null, auxiliaryRepositoryUris=[Ljava.lang.String;@514e4a97, auxiliaryRepositoryCheckoutDirectories=[Ljava.lang.String;@16bb8c6a], jobTimingInfo=JobTimingInfo[submissionDate=2025-02-14T23:44:54.246508059Z[Etc/UTC], buildStartDate=2025-02-14T23:44:54.408522902Z[Etc/UTC], buildCompletionDate=null, estimatedCompletionDate=2025-02-14T23:45:13.408517873Z[Etc/UTC], estimatedDuration=19], buildConfig=BuildConfig[buildScript=#!/bin/bash
cd /var/tmp/testing-dir
mvn clean test
, dockerImage=dummy-docker-image, commitHashToBuild=null, assignmentCommitHash=9b3a9bd71a0d80e5bbc42204c319ed3d1d4f0d6d, testCommitHash=9b3a9bd71a0d80e5bbc42204c319ed3d1d4f0d6d, branch=main, programmingLanguage=JAVA, projectType=PLAIN_MAVEN, scaEnabled=false, sequentialTestRunsEnabled=false, resultPaths=[/var/tmp/testing-dir/**/target/surefire-reports/*.xml], timeoutSeconds=0, assignmentCheckoutPath=null, testCheckoutPath=null, solutionCheckoutPath=null, dockerRunConfig=null], submissionResult=null]
java.util.concurrent.CompletionException: java.util.concurrent.ExecutionException: de.tum.cit.aet.artemis.core.exception.LocalCIException: Could not pull Docker image dummy-docker-image
	at de.tum.cit.aet.artemis.buildagent.service.BuildJobManagementService.lambda$executeBuildJob$2(BuildJobManagementService.java:188)
	at de.tum.cit.aet.artemis.buildagent.service.BuildJobManagementService.createCompletableFuture(BuildJobManagementService.java:236)
	at de.tum.cit.aet.artemis.buildagent.service.BuildJobManagementService.executeBuildJob(BuildJobManagementService.java:163)
	at de.tum.cit.aet.artemis.buildagent.service.SharedQueueProcessingService.processBuild(SharedQueueProcessingService.java:413)
	at de.tum.cit.aet.artemis.buildagent.service.SharedQueueProcessingService.checkAvailabilityAndProcessNextBuild(SharedQueueProcessingService.java:269)
	at de.tum.cit.aet.artemis.buildagent.service.SharedQueueProcessingService.lambda$processBuild$5(SharedQueueProcessingService.java:480)
	at java.base/java.util.concurrent.CompletableFuture.uniExceptionally(CompletableFuture.java:990)
	at java.base/java.util.concurrent.CompletableFuture.uniExceptionallyStage(CompletableFuture.java:1008)
	at java.base/java.util.concurrent.CompletableFuture.exceptionally(CompletableFuture.java:2396)
	at de.tum.cit.aet.artemis.buildagent.service.SharedQueueProcessingService.processBuild(SharedQueueProcessingService.java:444)
	at de.tum.cit.aet.artemis.buildagent.service.SharedQueueProcessingService.checkAvailabilityAndProcessNextBuild(SharedQueueProcessingService.java:269)
	at de.tum.cit.aet.artemis.buildagent.service.SharedQueueProcessingService.lambda$processBuild$5(SharedQueueProcessingService.java:480)
	at java.base/java.util.concurrent.CompletableFuture.uniExceptionally(CompletableFuture.java:990)
	at java.base/java.util.concurrent.CompletableFuture.uniExceptionallyStage(CompletableFuture.java:1008)
	at java.base/java.util.concurrent.CompletableFuture.exceptionally(CompletableFuture.java:2396)
	at de.tum.cit.aet.artemis.buildagent.service.SharedQueueProcessingService.processBuild(SharedQueueProcessingService.java:444)
	at de.tum.cit.aet.artemis.buildagent.service.SharedQueueProcessingService.checkAvailabilityAndProcessNextBuild(SharedQueueProcessingService.java:269)
	at de.tum.cit.aet.artemis.buildagent.service.SharedQueueProcessingService.lambda$processBuild$5(SharedQueueProcessingService.java:480)
	at java.base/java.util.concurrent.CompletableFuture.uniExceptionally(CompletableFuture.java:990)
	at java.base/java.util.concurrent.CompletableFuture.uniExceptionallyStage(CompletableFuture.java:1008)
	at java.base/java.util.concurrent.CompletableFuture.exceptionally(CompletableFuture.java:2396)
	at de.tum.cit.aet.artemis.buildagent.service.SharedQueueProcessingService.processBuild(SharedQueueProcessingService.java:444)
	at de.tum.cit.aet.artemis.buildagent.service.SharedQueueProcessingService.checkAvailabilityAndProcessNextBuild(SharedQueueProcessingService.java:269)
	at de.tum.cit.aet.artemis.buildagent.service.SharedQueueProcessingService.lambda$processBuild$5(SharedQueueProcessingService.java:480)
	at java.base/java.util.concurrent.CompletableFuture.uniExceptionally(CompletableFuture.java:990)
	at java.base/java.util.concurrent.CompletableFuture.uniExceptionallyStage(CompletableFuture.java:1008)
	at java.base/java.util.concurrent.CompletableFuture.exceptionally(CompletableFuture.java:2396)
	at de.tum.cit.aet.artemis.buildagent.service.SharedQueueProcessingService.processBuild(SharedQueueProcessingService.java:444)
	at de.tum.cit.aet.artemis.buildagent.service.SharedQueueProcessingService.checkAvailabilityAndProcessNextBuild(SharedQueueProcessingService.java:269)
	at de.tum.cit.aet.artemis.buildagent.service.SharedQueueProcessingService$QueuedBuildJobItemListener.itemAdded(SharedQueueProcessingService.java:594)
	at com.hazelcast.collection.impl.queue.QueueService.lambda$dispatchEvent$1(QueueService.java:277)
	at com.hazelcast.internal.namespace.impl.NoOpUserCodeNamespaceService.runWithNamespace(NoOpUserCodeNamespaceService.java:82)
	at com.hazelcast.internal.namespace.NamespaceUtil.runWithNamespace(NamespaceUtil.java:106)
	at com.hazelcast.collection.impl.queue.QueueService.dispatchEvent(QueueService.java:275)
	at com.hazelcast.collection.impl.queue.QueueService.dispatchEvent(QueueService.java:98)
	at com.hazelcast.spi.impl.eventservice.impl.LocalEventDispatcher.run(LocalEventDispatcher.java:64)
	at com.hazelcast.internal.util.executor.StripedExecutor$Worker.process(StripedExecutor.java:244)
	at com.hazelcast.internal.util.executor.StripedExecutor$Worker.run(StripedExecutor.java:227)
Caused by: java.util.concurrent.ExecutionException: de.tum.cit.aet.artemis.core.exception.LocalCIException: Could not pull Docker image dummy-docker-image
	at java.base/java.util.concurrent.FutureTask.report(FutureTask.java:122)
	at java.base/java.util.concurrent.FutureTask.get(FutureTask.java:205)
	at de.tum.cit.aet.artemis.buildagent.service.BuildJobManagementService.lambda$executeBuildJob$2(BuildJobManagementService.java:165)
	... 37 common frames omitted
Caused by: de.tum.cit.aet.artemis.core.exception.LocalCIException: Could not pull Docker image dummy-docker-image
	at de.tum.cit.aet.artemis.buildagent.service.BuildJobExecutionService.runBuildJob(BuildJobExecutionService.java:157)
	at java.base/jdk.internal.reflect.DirectMethodHandleAccessor.invoke(DirectMethodHandleAccessor.java:103)
	at java.base/java.lang.reflect.Method.invoke(Method.java:580)
	at org.springframework.aop.support.AopUtils.invokeJoinpointUsingReflection(AopUtils.java:359)
	at org.springframework.aop.framework.CglibAopProxy$DynamicAdvisedInterceptor.intercept(CglibAopProxy.java:723)
	at de.tum.cit.aet.artemis.buildagent.service.BuildJobExecutionService$$SpringCGLIB$$0.runBuildJob(<generated>)
	at de.tum.cit.aet.artemis.buildagent.service.BuildJobManagementService.lambda$executeBuildJob$1(BuildJobManagementService.java:129)
	at java.base/java.util.concurrent.FutureTask.run(FutureTask.java:317)
	at java.base/java.util.concurrent.ThreadPoolExecutor.runWorker(ThreadPoolExecutor.java:1144)
	at java.base/java.util.concurrent.ThreadPoolExecutor$Worker.run(ThreadPoolExecutor.java:642)
	at java.base/java.lang.Thread.run(Thread.java:1583)
Caused by: de.tum.cit.aet.artemis.core.exception.LocalCIException: Error while pulling docker image dummy-docker-image
	at de.tum.cit.aet.artemis.buildagent.service.BuildAgentDockerService.pullDockerImage(BuildAgentDockerService.java:258)
	at de.tum.cit.aet.artemis.buildagent.service.BuildJobExecutionService.runBuildJob(BuildJobExecutionService.java:152)
	... 10 common frames omitted
Caused by: com.github.dockerjava.api.exception.NotFoundException: Status 404: {"message":"pull access denied for dummy-docker-image, repository does not exist or may require 'docker login': denied: requested access to the resource is denied"}

	at com.github.dockerjava.core.DefaultInvocationBuilder.execute(DefaultInvocationBuilder.java:241)
	at com.github.dockerjava.core.DefaultInvocationBuilder.lambda$executeAndStream$1(DefaultInvocationBuilder.java:269)
	... 1 common frames omitted
    23:44:54.557 | 566 localvc.event-13 | ERROR | a.a.b.s.SharedQueueProcessingService : Error while processing build job: BuildJobQueueItem[id=17481739576694246, name=SHORTD91D0B6D0E6A204E010812505A867B04E6F8TSTEXC-SOLUTION, buildAgent=BuildAgentDTO[name=artemis-build-agent-test, memberAddress=[127.0.0.1]:5703, displayName=artemis-build-agent-test], participationId=1748, courseId=873, exerciseId=2448, retryCount=0, priority=2, status=null, repositoryInfo=RepositoryInfo[repositoryName=shortd91d0b6d0e6a204e010812505a867b04e6f8tstexc-solution, repositoryType=solution, triggeredByPushTo=solution, assignmentRepositoryUri=http://localhost:49152/git/SHORTD91D0B6D0E6A204E010812505A867B04E6F8TSTEXC/shortd91d0b6d0e6a204e010812505a867b04e6f8tstexc-solution.git, testRepositoryUri=http://nadnasidni.tum/scm/SHORTD91D0B6D0E6A204E010812505A867B04E6F8TSTEXC/SHORTD91D0B6D0E6A204E010812505A867B04E6F8TSTEXC-tests.git, solutionRepositoryUri=null, auxiliaryRepositoryUris=[Ljava.lang.String;@514e4a97, auxiliaryRepositoryCheckoutDirectories=[Ljava.lang.String;@16bb8c6a], jobTimingInfo=JobTimingInfo[submissionDate=2025-02-14T23:44:54.246508059Z[Etc/UTC], buildStartDate=2025-02-14T23:44:54.408522902Z[Etc/UTC], buildCompletionDate=null, estimatedCompletionDate=2025-02-14T23:45:13.408517873Z[Etc/UTC], estimatedDuration=19], buildConfig=BuildConfig[buildScript=#!/bin/bash
cd /var/tmp/testing-dir
mvn clean test
, dockerImage=dummy-docker-image, commitHashToBuild=null, assignmentCommitHash=9b3a9bd71a0d80e5bbc42204c319ed3d1d4f0d6d, testCommitHash=9b3a9bd71a0d80e5bbc42204c319ed3d1d4f0d6d, branch=main, programmingLanguage=JAVA, projectType=PLAIN_MAVEN, scaEnabled=false, sequentialTestRunsEnabled=false, resultPaths=[/var/tmp/testing-dir/**/target/surefire-reports/*.xml], timeoutSeconds=0, assignmentCheckoutPath=null, testCheckoutPath=null, solutionCheckoutPath=null, dockerRunConfig=null], submissionResult=null]
java.util.concurrent.CompletionException: java.util.concurrent.ExecutionException: de.tum.cit.aet.artemis.core.exception.LocalCIException: Could not pull Docker image dummy-docker-image
	at de.tum.cit.aet.artemis.buildagent.service.BuildJobManagementService.lambda$executeBuildJob$2(BuildJobManagementService.java:188)
	at de.tum.cit.aet.artemis.buildagent.service.BuildJobManagementService.createCompletableFuture(BuildJobManagementService.java:236)
	at de.tum.cit.aet.artemis.buildagent.service.BuildJobManagementService.executeBuildJob(BuildJobManagementService.java:163)
	at de.tum.cit.aet.artemis.buildagent.service.SharedQueueProcessingService.processBuild(SharedQueueProcessingService.java:413)
	at de.tum.cit.aet.artemis.buildagent.service.SharedQueueProcessingService.checkAvailabilityAndProcessNextBuild(SharedQueueProcessingService.java:269)
	at de.tum.cit.aet.artemis.buildagent.service.SharedQueueProcessingService.lambda$processBuild$5(SharedQueueProcessingService.java:480)
	at java.base/java.util.concurrent.CompletableFuture.uniExceptionally(CompletableFuture.java:990)
	at java.base/java.util.concurrent.CompletableFuture.uniExceptionallyStage(CompletableFuture.java:1008)
	at java.base/java.util.concurrent.CompletableFuture.exceptionally(CompletableFuture.java:2396)
	at de.tum.cit.aet.artemis.buildagent.service.SharedQueueProcessingService.processBuild(SharedQueueProcessingService.java:444)
	at de.tum.cit.aet.artemis.buildagent.service.SharedQueueProcessingService.checkAvailabilityAndProcessNextBuild(SharedQueueProcessingService.java:269)
	at de.tum.cit.aet.artemis.buildagent.service.SharedQueueProcessingService.lambda$processBuild$5(SharedQueueProcessingService.java:480)
	at java.base/java.util.concurrent.CompletableFuture.uniExceptionally(CompletableFuture.java:990)
	at java.base/java.util.concurrent.CompletableFuture.uniExceptionallyStage(CompletableFuture.java:1008)
	at java.base/java.util.concurrent.CompletableFuture.exceptionally(CompletableFuture.java:2396)
	at de.tum.cit.aet.artemis.buildagent.service.SharedQueueProcessingService.processBuild(SharedQueueProcessingService.java:444)
	at de.tum.cit.aet.artemis.buildagent.service.SharedQueueProcessingService.checkAvailabilityAndProcessNextBuild(SharedQueueProcessingService.java:269)
	at de.tum.cit.aet.artemis.buildagent.service.SharedQueueProcessingService.lambda$processBuild$5(SharedQueueProcessingService.java:480)
	at java.base/java.util.concurrent.CompletableFuture.uniExceptionally(CompletableFuture.java:990)
	at java.base/java.util.concurrent.CompletableFuture.uniExceptionallyStage(CompletableFuture.java:1008)
	at java.base/java.util.concurrent.CompletableFuture.exceptionally(CompletableFuture.java:2396)
	at de.tum.cit.aet.artemis.buildagent.service.SharedQueueProcessingService.processBuild(SharedQueueProcessingService.java:444)
	at de.tum.cit.aet.artemis.buildagent.service.SharedQueueProcessingService.checkAvailabilityAndProcessNextBuild(SharedQueueProcessingService.java:269)
	at de.tum.cit.aet.artemis.buildagent.service.SharedQueueProcessingService.lambda$processBuild$5(SharedQueueProcessingService.java:480)
	at java.base/java.util.concurrent.CompletableFuture.uniExceptionally(CompletableFuture.java:990)
	at java.base/java.util.concurrent.CompletableFuture.uniExceptionallyStage(CompletableFuture.java:1008)
	at java.base/java.util.concurrent.CompletableFuture.exceptionally(CompletableFuture.java:2396)
	at de.tum.cit.aet.artemis.buildagent.service.SharedQueueProcessingService.processBuild(SharedQueueProcessingService.java:444)
	at de.tum.cit.aet.artemis.buildagent.service.SharedQueueProcessingService.checkAvailabilityAndProcessNextBuild(SharedQueueProcessingService.java:269)
	at de.tum.cit.aet.artemis.buildagent.service.SharedQueueProcessingService$QueuedBuildJobItemListener.itemAdded(SharedQueueProcessingService.java:594)
	at com.hazelcast.collection.impl.queue.QueueService.lambda$dispatchEvent$1(QueueService.java:277)
	at com.hazelcast.internal.namespace.impl.NoOpUserCodeNamespaceService.runWithNamespace(NoOpUserCodeNamespaceService.java:82)
	at com.hazelcast.internal.namespace.NamespaceUtil.runWithNamespace(NamespaceUtil.java:106)
	at com.hazelcast.collection.impl.queue.QueueService.dispatchEvent(QueueService.java:275)
	at com.hazelcast.collection.impl.queue.QueueService.dispatchEvent(QueueService.java:98)
	at com.hazelcast.spi.impl.eventservice.impl.LocalEventDispatcher.run(LocalEventDispatcher.java:64)
	at com.hazelcast.internal.util.executor.StripedExecutor$Worker.process(StripedExecutor.java:244)
	at com.hazelcast.internal.util.executor.StripedExecutor$Worker.run(StripedExecutor.java:227)
Caused by: java.util.concurrent.ExecutionException: de.tum.cit.aet.artemis.core.exception.LocalCIException: Could not pull Docker image dummy-docker-image
	at java.base/java.util.concurrent.FutureTask.report(FutureTask.java:122)
	at java.base/java.util.concurrent.FutureTask.get(FutureTask.java:205)
	at de.tum.cit.aet.artemis.buildagent.service.BuildJobManagementService.lambda$executeBuildJob$2(BuildJobManagementService.java:165)
	... 37 common frames omitted
Caused by: de.tum.cit.aet.artemis.core.exception.LocalCIException: Could not pull Docker image dummy-docker-image
	at de.tum.cit.aet.artemis.buildagent.service.BuildJobExecutionService.runBuildJob(BuildJobExecutionService.java:157)
	at java.base/jdk.internal.reflect.DirectMethodHandleAccessor.invoke(DirectMethodHandleAccessor.java:103)
	at java.base/java.lang.reflect.Method.invoke(Method.java:580)
	at org.springframework.aop.support.AopUtils.invokeJoinpointUsingReflection(AopUtils.java:359)
	at org.springframework.aop.framework.CglibAopProxy$DynamicAdvisedInterceptor.intercept(CglibAopProxy.java:723)
	at de.tum.cit.aet.artemis.buildagent.service.BuildJobExecutionService$$SpringCGLIB$$0.runBuildJob(<generated>)
	at de.tum.cit.aet.artemis.buildagent.service.BuildJobManagementService.lambda$executeBuildJob$1(BuildJobManagementService.java:129)
	at java.base/java.util.concurrent.FutureTask.run(FutureTask.java:317)
	at java.base/java.util.concurrent.ThreadPoolExecutor.runWorker(ThreadPoolExecutor.java:1144)
	at java.base/java.util.concurrent.ThreadPoolExecutor$Worker.run(ThreadPoolExecutor.java:642)
	at java.base/java.lang.Thread.run(Thread.java:1583)
Caused by: de.tum.cit.aet.artemis.core.exception.LocalCIException: Error while pulling docker image dummy-docker-image
	at de.tum.cit.aet.artemis.buildagent.service.BuildAgentDockerService.pullDockerImage(BuildAgentDockerService.java:258)
	at de.tum.cit.aet.artemis.buildagent.service.BuildJobExecutionService.runBuildJob(BuildJobExecutionService.java:152)
	... 10 common frames omitted
Caused by: com.github.dockerjava.api.exception.NotFoundException: Status 404: {"message":"pull access denied for dummy-docker-image, repository does not exist or may require 'docker login': denied: requested access to the resource is denied"}

	at com.github.dockerjava.core.DefaultInvocationBuilder.execute(DefaultInvocationBuilder.java:241)
	at com.github.dockerjava.core.DefaultInvocationBuilder.lambda$executeAndStream$1(DefaultInvocationBuilder.java:269)
	... 1 common frames omitted
    23:44:54.560 | 565 localvc.event-12 | DEBUG | a.p.s.l.LocalCIQueueWebsocketService : CIBuildJobQueueItem removed from processing jobs: BuildJobQueueItem[id=17481739576694246, name=SHORTD91D0B6D0E6A204E010812505A867B04E6F8TSTEXC-SOLUTION, buildAgent=BuildAgentDTO[name=artemis-build-agent-test, memberAddress=[127.0.0.1]:5703, displayName=artemis-build-agent-test], participationId=1748, courseId=873, exerciseId=2448, retryCount=0, priority=2, status=null, repositoryInfo=RepositoryInfo[repositoryName=shortd91d0b6d0e6a204e010812505a867b04e6f8tstexc-solution, repositoryType=solution, triggeredByPushTo=solution, assignmentRepositoryUri=http://localhost:49152/git/SHORTD91D0B6D0E6A204E010812505A867B04E6F8TSTEXC/shortd91d0b6d0e6a204e010812505a867b04e6f8tstexc-solution.git, testRepositoryUri=http://nadnasidni.tum/scm/SHORTD91D0B6D0E6A204E010812505A867B04E6F8TSTEXC/SHORTD91D0B6D0E6A204E010812505A867B04E6F8TSTEXC-tests.git, solutionRepositoryUri=null, auxiliaryRepositoryUris=[Ljava.lang.String;@7361980d, auxiliaryRepositoryCheckoutDirectories=[Ljava.lang.String;@15eed7d1], jobTimingInfo=JobTimingInfo[submissionDate=2025-02-14T23:44:54.246508059Z[Etc/UTC], buildStartDate=2025-02-14T23:44:54.408522902Z[Etc/UTC], buildCompletionDate=null, estimatedCompletionDate=2025-02-14T23:45:13.408517873Z[Etc/UTC], estimatedDuration=19], buildConfig=BuildConfig[buildScript=#!/bin/bash
cd /var/tmp/testing-dir
mvn clean test
, dockerImage=dummy-docker-image, commitHashToBuild=null, assignmentCommitHash=9b3a9bd71a0d80e5bbc42204c319ed3d1d4f0d6d, testCommitHash=9b3a9bd71a0d80e5bbc42204c319ed3d1d4f0d6d, branch=main, programmingLanguage=JAVA, projectType=PLAIN_MAVEN, scaEnabled=false, sequentialTestRunsEnabled=false, resultPaths=[/var/tmp/testing-dir/**/target/surefire-reports/*.xml], timeoutSeconds=0, assignmentCheckoutPath=null, testCheckoutPath=null, solutionCheckoutPath=null, dockerRunConfig=null], submissionResult=null]
    23:44:54.560 | 565 localvc.event-12 | DEBUG | s.l.LocalCIWebsocketMessagingService : Sending message on topic /topic/admin/running-jobs: []
    23:44:54.560 | 565 localvc.event-12 | DEBUG | s.l.LocalCIWebsocketMessagingService : Sending message on topic /topic/courses/873/running-jobs: []
    23:44:54.564 | 566 localvc.event-13 | DEBUG | a.a.b.s.SharedQueueProcessingService : Currently processing jobs on this node: 0, active threads in Pool: 0, maximum pool size of thread executor : 1
    23:44:54.564 | 566 localvc.event-13 | DEBUG | a.a.b.s.SharedQueueProcessingService : Currently processing jobs on this node: 0, active threads in Pool: 0, maximum pool size of thread executor : 1
    23:44:54.566 | 564 localvc.event-11 | DEBUG | a.p.s.l.LocalCIQueueWebsocketService : CIBuildJobQueueItem added to processing jobs: BuildJobQueueItem[id=17491739576694250, name=SHORTD91D0B6D0E6A204E010812505A867B04E6F8TSTEXC-BASE, buildAgent=BuildAgentDTO[name=artemis-build-agent-test, memberAddress=[127.0.0.1]:5703, displayName=artemis-build-agent-test], participationId=1749, courseId=873, exerciseId=2448, retryCount=0, priority=2, status=null, repositoryInfo=RepositoryInfo[repositoryName=shortd91d0b6d0e6a204e010812505a867b04e6f8tstexc-exercise, repositoryType=exercise, triggeredByPushTo=exercise, assignmentRepositoryUri=http://localhost:49152/git/SHORTD91D0B6D0E6A204E010812505A867B04E6F8TSTEXC/shortd91d0b6d0e6a204e010812505a867b04e6f8tstexc-exercise.git, testRepositoryUri=http://nadnasidni.tum/scm/SHORTD91D0B6D0E6A204E010812505A867B04E6F8TSTEXC/SHORTD91D0B6D0E6A204E010812505A867B04E6F8TSTEXC-tests.git, solutionRepositoryUri=null, auxiliaryRepositoryUris=[Ljava.lang.String;@41d7fa3, auxiliaryRepositoryCheckoutDirectories=[Ljava.lang.String;@407fd8b2], jobTimingInfo=JobTimingInfo[submissionDate=2025-02-14T23:44:54.250218388Z[Etc/UTC], buildStartDate=2025-02-14T23:44:54.565325579Z[Etc/UTC], buildCompletionDate=null, estimatedCompletionDate=2025-02-14T23:45:13.565320309Z[Etc/UTC], estimatedDuration=19], buildConfig=BuildConfig[buildScript=#!/bin/bash
cd /var/tmp/testing-dir
mvn clean test
, dockerImage=dummy-docker-image, commitHashToBuild=null, assignmentCommitHash=9b3a9bd71a0d80e5bbc42204c319ed3d1d4f0d6d, testCommitHash=9b3a9bd71a0d80e5bbc42204c319ed3d1d4f0d6d, branch=main, programmingLanguage=JAVA, projectType=PLAIN_MAVEN, scaEnabled=false, sequentialTestRunsEnabled=false, resultPaths=[/var/tmp/testing-dir/**/target/surefire-reports/*.xml], timeoutSeconds=0, assignmentCheckoutPath=null, testCheckoutPath=null, solutionCheckoutPath=null, dockerRunConfig=null], submissionResult=null]
    23:44:54.566 | 564 localvc.event-11 | DEBUG | s.l.LocalCIWebsocketMessagingService : Sending message on topic /topic/admin/running-jobs: [BuildJobQueueItem[id=17491739576694250, name=SHORTD91D0B6D0E6A204E010812505A867B04E6F8TSTEXC-BASE, buildAgent=BuildAgentDTO[name=artemis-build-agent-test, memberAddress=[127.0.0.1]:5703, displayName=artemis-build-agent-test], participationId=1749, courseId=873, exerciseId=2448, retryCount=0, priority=2, status=null, repositoryInfo=RepositoryInfo[repositoryName=shortd91d0b6d0e6a204e010812505a867b04e6f8tstexc-exercise, repositoryType=exercise, triggeredByPushTo=exercise, assignmentRepositoryUri=, testRepositoryUri=, solutionRepositoryUri=, auxiliaryRepositoryUris=null, auxiliaryRepositoryCheckoutDirectories=null], jobTimingInfo=JobTimingInfo[submissionDate=2025-02-14T23:44:54.250218388Z[Etc/UTC], buildStartDate=2025-02-14T23:44:54.565325579Z[Etc/UTC], buildCompletionDate=null, estimatedCompletionDate=2025-02-14T23:45:13.565320309Z[Etc/UTC], estimatedDuration=19], buildConfig=BuildConfig[buildScript=, dockerImage=, commitHashToBuild=null, assignmentCommitHash=, testCommitHash=, branch=, programmingLanguage=null, projectType=null, scaEnabled=false, sequentialTestRunsEnabled=false, resultPaths=null, timeoutSeconds=0, assignmentCheckoutPath=, testCheckoutPath=, solutionCheckoutPath=, dockerRunConfig=null], submissionResult=null]]
    23:44:54.567 | 564 localvc.event-11 | DEBUG | s.l.LocalCIWebsocketMessagingService : Sending message on topic /topic/courses/873/running-jobs: [BuildJobQueueItem[id=17491739576694250, name=SHORTD91D0B6D0E6A204E010812505A867B04E6F8TSTEXC-BASE, buildAgent=BuildAgentDTO[name=artemis-build-agent-test, memberAddress=[127.0.0.1]:5703, displayName=artemis-build-agent-test], participationId=1749, courseId=873, exerciseId=2448, retryCount=0, priority=2, status=null, repositoryInfo=RepositoryInfo[repositoryName=shortd91d0b6d0e6a204e010812505a867b04e6f8tstexc-exercise, repositoryType=exercise, triggeredByPushTo=exercise, assignmentRepositoryUri=, testRepositoryUri=, solutionRepositoryUri=, auxiliaryRepositoryUris=null, auxiliaryRepositoryCheckoutDirectories=null], jobTimingInfo=JobTimingInfo[submissionDate=2025-02-14T23:44:54.250218388Z[Etc/UTC], buildStartDate=2025-02-14T23:44:54.565325579Z[Etc/UTC], buildCompletionDate=null, estimatedCompletionDate=2025-02-14T23:45:13.565320309Z[Etc/UTC], estimatedDuration=19], buildConfig=BuildConfig[buildScript=, dockerImage=, commitHashToBuild=null, assignmentCommitHash=, testCommitHash=, branch=, programmingLanguage=null, projectType=null, scaEnabled=false, sequentialTestRunsEnabled=false, resultPaths=null, timeoutSeconds=0, assignmentCheckoutPath=, testCheckoutPath=, solutionCheckoutPath=, dockerRunConfig=null], submissionResult=null]]
    23:44:54.570 | 566 localvc.event-13 | INFO  | a.a.b.s.SharedQueueProcessingService : Processing build job: BuildJobQueueItem[id=17491739576694250, name=SHORTD91D0B6D0E6A204E010812505A867B04E6F8TSTEXC-BASE, buildAgent=BuildAgentDTO[name=artemis-build-agent-test, memberAddress=[127.0.0.1]:5703, displayName=artemis-build-agent-test], participationId=1749, courseId=873, exerciseId=2448, retryCount=0, priority=2, status=null, repositoryInfo=RepositoryInfo[repositoryName=shortd91d0b6d0e6a204e010812505a867b04e6f8tstexc-exercise, repositoryType=exercise, triggeredByPushTo=exercise, assignmentRepositoryUri=http://localhost:49152/git/SHORTD91D0B6D0E6A204E010812505A867B04E6F8TSTEXC/shortd91d0b6d0e6a204e010812505a867b04e6f8tstexc-exercise.git, testRepositoryUri=http://nadnasidni.tum/scm/SHORTD91D0B6D0E6A204E010812505A867B04E6F8TSTEXC/SHORTD91D0B6D0E6A204E010812505A867B04E6F8TSTEXC-tests.git, solutionRepositoryUri=null, auxiliaryRepositoryUris=[Ljava.lang.String;@311e00a3, auxiliaryRepositoryCheckoutDirectories=[Ljava.lang.String;@50197950], jobTimingInfo=JobTimingInfo[submissionDate=2025-02-14T23:44:54.250218388Z[Etc/UTC], buildStartDate=2025-02-14T23:44:54.565325579Z[Etc/UTC], buildCompletionDate=null, estimatedCompletionDate=2025-02-14T23:45:13.565320309Z[Etc/UTC], estimatedDuration=19], buildConfig=BuildConfig[buildScript=#!/bin/bash
cd /var/tmp/testing-dir
mvn clean test
, dockerImage=dummy-docker-image, commitHashToBuild=null, assignmentCommitHash=9b3a9bd71a0d80e5bbc42204c319ed3d1d4f0d6d, testCommitHash=9b3a9bd71a0d80e5bbc42204c319ed3d1d4f0d6d, branch=main, programmingLanguage=JAVA, projectType=PLAIN_MAVEN, scaEnabled=false, sequentialTestRunsEnabled=false, resultPaths=[/var/tmp/testing-dir/**/target/surefire-reports/*.xml], timeoutSeconds=0, assignmentCheckoutPath=null, testCheckoutPath=null, solutionCheckoutPath=null, dockerRunConfig=null], submissionResult=null]
    23:44:54.572 | 566 localvc.event-13 | ERROR | .c.a.a.b.s.BuildJobManagementService : Error while executing build job 17491739576694250: de.tum.cit.aet.artemis.core.exception.LocalCIException: Could not pull Docker image dummy-docker-image
java.util.concurrent.ExecutionException: de.tum.cit.aet.artemis.core.exception.LocalCIException: Could not pull Docker image dummy-docker-image
	at java.base/java.util.concurrent.FutureTask.report(FutureTask.java:122)
	at java.base/java.util.concurrent.FutureTask.get(FutureTask.java:205)
	at de.tum.cit.aet.artemis.buildagent.service.BuildJobManagementService.lambda$executeBuildJob$2(BuildJobManagementService.java:165)
	at de.tum.cit.aet.artemis.buildagent.service.BuildJobManagementService.createCompletableFuture(BuildJobManagementService.java:236)
	at de.tum.cit.aet.artemis.buildagent.service.BuildJobManagementService.executeBuildJob(BuildJobManagementService.java:163)
	at de.tum.cit.aet.artemis.buildagent.service.SharedQueueProcessingService.processBuild(SharedQueueProcessingService.java:413)
	at de.tum.cit.aet.artemis.buildagent.service.SharedQueueProcessingService.checkAvailabilityAndProcessNextBuild(SharedQueueProcessingService.java:269)
	at de.tum.cit.aet.artemis.buildagent.service.SharedQueueProcessingService.lambda$processBuild$5(SharedQueueProcessingService.java:480)
	at java.base/java.util.concurrent.CompletableFuture.uniExceptionally(CompletableFuture.java:990)
	at java.base/java.util.concurrent.CompletableFuture.uniExceptionallyStage(CompletableFuture.java:1008)
	at java.base/java.util.concurrent.CompletableFuture.exceptionally(CompletableFuture.java:2396)
	at de.tum.cit.aet.artemis.buildagent.service.SharedQueueProcessingService.processBuild(SharedQueueProcessingService.java:444)
	at de.tum.cit.aet.artemis.buildagent.service.SharedQueueProcessingService.checkAvailabilityAndProcessNextBuild(SharedQueueProcessingService.java:269)
	at de.tum.cit.aet.artemis.buildagent.service.SharedQueueProcessingService.lambda$processBuild$5(SharedQueueProcessingService.java:480)
	at java.base/java.util.concurrent.CompletableFuture.uniExceptionally(CompletableFuture.java:990)
	at java.base/java.util.concurrent.CompletableFuture.uniExceptionallyStage(CompletableFuture.java:1008)
	at java.base/java.util.concurrent.CompletableFuture.exceptionally(CompletableFuture.java:2396)
	at de.tum.cit.aet.artemis.buildagent.service.SharedQueueProcessingService.processBuild(SharedQueueProcessingService.java:444)
	at de.tum.cit.aet.artemis.buildagent.service.SharedQueueProcessingService.checkAvailabilityAndProcessNextBuild(SharedQueueProcessingService.java:269)
	at de.tum.cit.aet.artemis.buildagent.service.SharedQueueProcessingService.lambda$processBuild$5(SharedQueueProcessingService.java:480)
	at java.base/java.util.concurrent.CompletableFuture.uniExceptionally(CompletableFuture.java:990)
	at java.base/java.util.concurrent.CompletableFuture.uniExceptionallyStage(CompletableFuture.java:1008)
	at java.base/java.util.concurrent.CompletableFuture.exceptionally(CompletableFuture.java:2396)
	at de.tum.cit.aet.artemis.buildagent.service.SharedQueueProcessingService.processBuild(SharedQueueProcessingService.java:444)
	at de.tum.cit.aet.artemis.buildagent.service.SharedQueueProcessingService.checkAvailabilityAndProcessNextBuild(SharedQueueProcessingService.java:269)
	at de.tum.cit.aet.artemis.buildagent.service.SharedQueueProcessingService.lambda$processBuild$5(SharedQueueProcessingService.java:480)
	at java.base/java.util.concurrent.CompletableFuture.uniExceptionally(CompletableFuture.java:990)
	at java.base/java.util.concurrent.CompletableFuture.uniExceptionallyStage(CompletableFuture.java:1008)
	at java.base/java.util.concurrent.CompletableFuture.exceptionally(CompletableFuture.java:2396)
	at de.tum.cit.aet.artemis.buildagent.service.SharedQueueProcessingService.processBuild(SharedQueueProcessingService.java:444)
	at de.tum.cit.aet.artemis.buildagent.service.SharedQueueProcessingService.checkAvailabilityAndProcessNextBuild(SharedQueueProcessingService.java:269)
	at de.tum.cit.aet.artemis.buildagent.service.SharedQueueProcessingService.lambda$processBuild$5(SharedQueueProcessingService.java:480)
	at java.base/java.util.concurrent.CompletableFuture.uniExceptionally(CompletableFuture.java:990)
	at java.base/java.util.concurrent.CompletableFuture.uniExceptionallyStage(CompletableFuture.java:1008)
	at java.base/java.util.concurrent.CompletableFuture.exceptionally(CompletableFuture.java:2396)
	at de.tum.cit.aet.artemis.buildagent.service.SharedQueueProcessingService.processBuild(SharedQueueProcessingService.java:444)
	at de.tum.cit.aet.artemis.buildagent.service.SharedQueueProcessingService.checkAvailabilityAndProcessNextBuild(SharedQueueProcessingService.java:269)
	at de.tum.cit.aet.artemis.buildagent.service.SharedQueueProcessingService$QueuedBuildJobItemListener.itemAdded(SharedQueueProcessingService.java:594)
	at com.hazelcast.collection.impl.queue.QueueService.lambda$dispatchEvent$1(QueueService.java:277)
	at com.hazelcast.internal.namespace.impl.NoOpUserCodeNamespaceService.runWithNamespace(NoOpUserCodeNamespaceService.java:82)
	at com.hazelcast.internal.namespace.NamespaceUtil.runWithNamespace(NamespaceUtil.java:106)
	at com.hazelcast.collection.impl.queue.QueueService.dispatchEvent(QueueService.java:275)
	at com.hazelcast.collection.impl.queue.QueueService.dispatchEvent(QueueService.java:98)
	at com.hazelcast.spi.impl.eventservice.impl.LocalEventDispatcher.run(LocalEventDispatcher.java:64)
	at com.hazelcast.internal.util.executor.StripedExecutor$Worker.process(StripedExecutor.java:244)
	at com.hazelcast.internal.util.executor.StripedExecutor$Worker.run(StripedExecutor.java:227)
Caused by: de.tum.cit.aet.artemis.core.exception.LocalCIException: Could not pull Docker image dummy-docker-image
	at de.tum.cit.aet.artemis.buildagent.service.BuildJobExecutionService.runBuildJob(BuildJobExecutionService.java:157)
	at java.base/jdk.internal.reflect.DirectMethodHandleAccessor.invoke(DirectMethodHandleAccessor.java:103)
	at java.base/java.lang.reflect.Method.invoke(Method.java:580)
	at org.springframework.aop.support.AopUtils.invokeJoinpointUsingReflection(AopUtils.java:359)
	at org.springframework.aop.framework.CglibAopProxy$DynamicAdvisedInterceptor.intercept(CglibAopProxy.java:723)
	at de.tum.cit.aet.artemis.buildagent.service.BuildJobExecutionService$$SpringCGLIB$$0.runBuildJob(<generated>)
	at de.tum.cit.aet.artemis.buildagent.service.BuildJobManagementService.lambda$executeBuildJob$1(BuildJobManagementService.java:129)
	at java.base/java.util.concurrent.FutureTask.run(FutureTask.java:317)
	at java.base/java.util.concurrent.ThreadPoolExecutor.runWorker(ThreadPoolExecutor.java:1144)
	at java.base/java.util.concurrent.ThreadPoolExecutor$Worker.run(ThreadPoolExecutor.java:642)
	at java.base/java.lang.Thread.run(Thread.java:1583)
Caused by: de.tum.cit.aet.artemis.core.exception.LocalCIException: Docker image dummy-docker-image is not compatible with the current architecture. Needed 'linux/amd64', but got 'null'
	at de.tum.cit.aet.artemis.buildagent.service.BuildAgentDockerService.checkImageArchitecture(BuildAgentDockerService.java:291)
	at de.tum.cit.aet.artemis.buildagent.service.BuildAgentDockerService.pullDockerImage(BuildAgentDockerService.java:223)
	at de.tum.cit.aet.artemis.buildagent.service.BuildJobExecutionService.runBuildJob(BuildJobExecutionService.java:152)
	... 10 common frames omitted
    23:44:54.572 | 566 localvc.event-13 | INFO  | .c.a.a.b.s.BuildJobManagementService : Getting ID of running container local-ci-17491739576694250
    23:44:54.572 | 566 localvc.event-13 | INFO  | .c.a.a.b.s.BuildJobManagementService : Stopping unresponsive container with ID null
    23:44:54.572 | 566 localvc.event-13 | DEBUG | a.a.b.s.SharedQueueProcessingService : Build job completed with exception: BuildJobQueueItem[id=17491739576694250, name=SHORTD91D0B6D0E6A204E010812505A867B04E6F8TSTEXC-BASE, buildAgent=BuildAgentDTO[name=artemis-build-agent-test, memberAddress=[127.0.0.1]:5703, displayName=artemis-build-agent-test], participationId=1749, courseId=873, exerciseId=2448, retryCount=0, priority=2, status=null, repositoryInfo=RepositoryInfo[repositoryName=shortd91d0b6d0e6a204e010812505a867b04e6f8tstexc-exercise, repositoryType=exercise, triggeredByPushTo=exercise, assignmentRepositoryUri=http://localhost:49152/git/SHORTD91D0B6D0E6A204E010812505A867B04E6F8TSTEXC/shortd91d0b6d0e6a204e010812505a867b04e6f8tstexc-exercise.git, testRepositoryUri=http://nadnasidni.tum/scm/SHORTD91D0B6D0E6A204E010812505A867B04E6F8TSTEXC/SHORTD91D0B6D0E6A204E010812505A867B04E6F8TSTEXC-tests.git, solutionRepositoryUri=null, auxiliaryRepositoryUris=[Ljava.lang.String;@311e00a3, auxiliaryRepositoryCheckoutDirectories=[Ljava.lang.String;@50197950], jobTimingInfo=JobTimingInfo[submissionDate=2025-02-14T23:44:54.250218388Z[Etc/UTC], buildStartDate=2025-02-14T23:44:54.565325579Z[Etc/UTC], buildCompletionDate=null, estimatedCompletionDate=2025-02-14T23:45:13.565320309Z[Etc/UTC], estimatedDuration=19], buildConfig=BuildConfig[buildScript=#!/bin/bash
cd /var/tmp/testing-dir
mvn clean test
, dockerImage=dummy-docker-image, commitHashToBuild=null, assignmentCommitHash=9b3a9bd71a0d80e5bbc42204c319ed3d1d4f0d6d, testCommitHash=9b3a9bd71a0d80e5bbc42204c319ed3d1d4f0d6d, branch=main, programmingLanguage=JAVA, projectType=PLAIN_MAVEN, scaEnabled=false, sequentialTestRunsEnabled=false, resultPaths=[/var/tmp/testing-dir/**/target/surefire-reports/*.xml], timeoutSeconds=0, assignmentCheckoutPath=null, testCheckoutPath=null, solutionCheckoutPath=null, dockerRunConfig=null], submissionResult=null]
java.util.concurrent.CompletionException: java.util.concurrent.ExecutionException: de.tum.cit.aet.artemis.core.exception.LocalCIException: Could not pull Docker image dummy-docker-image
	at de.tum.cit.aet.artemis.buildagent.service.BuildJobManagementService.lambda$executeBuildJob$2(BuildJobManagementService.java:188)
	at de.tum.cit.aet.artemis.buildagent.service.BuildJobManagementService.createCompletableFuture(BuildJobManagementService.java:236)
	at de.tum.cit.aet.artemis.buildagent.service.BuildJobManagementService.executeBuildJob(BuildJobManagementService.java:163)
	at de.tum.cit.aet.artemis.buildagent.service.SharedQueueProcessingService.processBuild(SharedQueueProcessingService.java:413)
	at de.tum.cit.aet.artemis.buildagent.service.SharedQueueProcessingService.checkAvailabilityAndProcessNextBuild(SharedQueueProcessingService.java:269)
	at de.tum.cit.aet.artemis.buildagent.service.SharedQueueProcessingService.lambda$processBuild$5(SharedQueueProcessingService.java:480)
	at java.base/java.util.concurrent.CompletableFuture.uniExceptionally(CompletableFuture.java:990)
	at java.base/java.util.concurrent.CompletableFuture.uniExceptionallyStage(CompletableFuture.java:1008)
	at java.base/java.util.concurrent.CompletableFuture.exceptionally(CompletableFuture.java:2396)
	at de.tum.cit.aet.artemis.buildagent.service.SharedQueueProcessingService.processBuild(SharedQueueProcessingService.java:444)
	at de.tum.cit.aet.artemis.buildagent.service.SharedQueueProcessingService.checkAvailabilityAndProcessNextBuild(SharedQueueProcessingService.java:269)
	at de.tum.cit.aet.artemis.buildagent.service.SharedQueueProcessingService.lambda$processBuild$5(SharedQueueProcessingService.java:480)
	at java.base/java.util.concurrent.CompletableFuture.uniExceptionally(CompletableFuture.java:990)
	at java.base/java.util.concurrent.CompletableFuture.uniExceptionallyStage(CompletableFuture.java:1008)
	at java.base/java.util.concurrent.CompletableFuture.exceptionally(CompletableFuture.java:2396)
	at de.tum.cit.aet.artemis.buildagent.service.SharedQueueProcessingService.processBuild(SharedQueueProcessingService.java:444)
	at de.tum.cit.aet.artemis.buildagent.service.SharedQueueProcessingService.checkAvailabilityAndProcessNextBuild(SharedQueueProcessingService.java:269)
	at de.tum.cit.aet.artemis.buildagent.service.SharedQueueProcessingService.lambda$processBuild$5(SharedQueueProcessingService.java:480)
	at java.base/java.util.concurrent.CompletableFuture.uniExceptionally(CompletableFuture.java:990)
	at java.base/java.util.concurrent.CompletableFuture.uniExceptionallyStage(CompletableFuture.java:1008)
	at java.base/java.util.concurrent.CompletableFuture.exceptionally(CompletableFuture.java:2396)
	at de.tum.cit.aet.artemis.buildagent.service.SharedQueueProcessingService.processBuild(SharedQueueProcessingService.java:444)
	at de.tum.cit.aet.artemis.buildagent.service.SharedQueueProcessingService.checkAvailabilityAndProcessNextBuild(SharedQueueProcessingService.java:269)
	at de.tum.cit.aet.artemis.buildagent.service.SharedQueueProcessingService.lambda$processBuild$5(SharedQueueProcessingService.java:480)
	at java.base/java.util.concurrent.CompletableFuture.uniExceptionally(CompletableFuture.java:990)
	at java.base/java.util.concurrent.CompletableFuture.uniExceptionallyStage(CompletableFuture.java:1008)
	at java.base/java.util.concurrent.CompletableFuture.exceptionally(CompletableFuture.java:2396)
	at de.tum.cit.aet.artemis.buildagent.service.SharedQueueProcessingService.processBuild(SharedQueueProcessingService.java:444)
	at de.tum.cit.aet.artemis.buildagent.service.SharedQueueProcessingService.checkAvailabilityAndProcessNextBuild(SharedQueueProcessingService.java:269)
	at de.tum.cit.aet.artemis.buildagent.service.SharedQueueProcessingService.lambda$processBuild$5(SharedQueueProcessingService.java:480)
	at java.base/java.util.concurrent.CompletableFuture.uniExceptionally(CompletableFuture.java:990)
	at java.base/java.util.concurrent.CompletableFuture.uniExceptionallyStage(CompletableFuture.java:1008)
	at java.base/java.util.concurrent.CompletableFuture.exceptionally(CompletableFuture.java:2396)
	at de.tum.cit.aet.artemis.buildagent.service.SharedQueueProcessingService.processBuild(SharedQueueProcessingService.java:444)
	at de.tum.cit.aet.artemis.buildagent.service.SharedQueueProcessingService.checkAvailabilityAndProcessNextBuild(SharedQueueProcessingService.java:269)
	at de.tum.cit.aet.artemis.buildagent.service.SharedQueueProcessingService$QueuedBuildJobItemListener.itemAdded(SharedQueueProcessingService.java:594)
	at com.hazelcast.collection.impl.queue.QueueService.lambda$dispatchEvent$1(QueueService.java:277)
	at com.hazelcast.internal.namespace.impl.NoOpUserCodeNamespaceService.runWithNamespace(NoOpUserCodeNamespaceService.java:82)
	at com.hazelcast.internal.namespace.NamespaceUtil.runWithNamespace(NamespaceUtil.java:106)
	at com.hazelcast.collection.impl.queue.QueueService.dispatchEvent(QueueService.java:275)
	at com.hazelcast.collection.impl.queue.QueueService.dispatchEvent(QueueService.java:98)
	at com.hazelcast.spi.impl.eventservice.impl.LocalEventDispatcher.run(LocalEventDispatcher.java:64)
	at com.hazelcast.internal.util.executor.StripedExecutor$Worker.process(StripedExecutor.java:244)
	at com.hazelcast.internal.util.executor.StripedExecutor$Worker.run(StripedExecutor.java:227)
Caused by: java.util.concurrent.ExecutionException: de.tum.cit.aet.artemis.core.exception.LocalCIException: Could not pull Docker image dummy-docker-image
	at java.base/java.util.concurrent.FutureTask.report(FutureTask.java:122)
	at java.base/java.util.concurrent.FutureTask.get(FutureTask.java:205)
	at de.tum.cit.aet.artemis.buildagent.service.BuildJobManagementService.lambda$executeBuildJob$2(BuildJobManagementService.java:165)
	... 43 common frames omitted
Caused by: de.tum.cit.aet.artemis.core.exception.LocalCIException: Could not pull Docker image dummy-docker-image
	at de.tum.cit.aet.artemis.buildagent.service.BuildJobExecutionService.runBuildJob(BuildJobExecutionService.java:157)
	at java.base/jdk.internal.reflect.DirectMethodHandleAccessor.invoke(DirectMethodHandleAccessor.java:103)
	at java.base/java.lang.reflect.Method.invoke(Method.java:580)
	at org.springframework.aop.support.AopUtils.invokeJoinpointUsingReflection(AopUtils.java:359)
	at org.springframework.aop.framework.CglibAopProxy$DynamicAdvisedInterceptor.intercept(CglibAopProxy.java:723)
	at de.tum.cit.aet.artemis.buildagent.service.BuildJobExecutionService$$SpringCGLIB$$0.runBuildJob(<generated>)
	at de.tum.cit.aet.artemis.buildagent.service.BuildJobManagementService.lambda$executeBuildJob$1(BuildJobManagementService.java:129)
	at java.base/java.util.concurrent.FutureTask.run(FutureTask.java:317)
	at java.base/java.util.concurrent.ThreadPoolExecutor.runWorker(ThreadPoolExecutor.java:1144)
	at java.base/java.util.concurrent.ThreadPoolExecutor$Worker.run(ThreadPoolExecutor.java:642)
	at java.base/java.lang.Thread.run(Thread.java:1583)
Caused by: de.tum.cit.aet.artemis.core.exception.LocalCIException: Docker image dummy-docker-image is not compatible with the current architecture. Needed 'linux/amd64', but got 'null'
	at de.tum.cit.aet.artemis.buildagent.service.BuildAgentDockerService.checkImageArchitecture(BuildAgentDockerService.java:291)
	at de.tum.cit.aet.artemis.buildagent.service.BuildAgentDockerService.pullDockerImage(BuildAgentDockerService.java:223)
	at de.tum.cit.aet.artemis.buildagent.service.BuildJobExecutionService.runBuildJob(BuildJobExecutionService.java:152)
	... 10 common frames omitted
    23:44:54.572 | 566 localvc.event-13 | ERROR | a.a.b.s.SharedQueueProcessingService : Error while processing build job: BuildJobQueueItem[id=17491739576694250, name=SHORTD91D0B6D0E6A204E010812505A867B04E6F8TSTEXC-BASE, buildAgent=BuildAgentDTO[name=artemis-build-agent-test, memberAddress=[127.0.0.1]:5703, displayName=artemis-build-agent-test], participationId=1749, courseId=873, exerciseId=2448, retryCount=0, priority=2, status=null, repositoryInfo=RepositoryInfo[repositoryName=shortd91d0b6d0e6a204e010812505a867b04e6f8tstexc-exercise, repositoryType=exercise, triggeredByPushTo=exercise, assignmentRepositoryUri=http://localhost:49152/git/SHORTD91D0B6D0E6A204E010812505A867B04E6F8TSTEXC/shortd91d0b6d0e6a204e010812505a867b04e6f8tstexc-exercise.git, testRepositoryUri=http://nadnasidni.tum/scm/SHORTD91D0B6D0E6A204E010812505A867B04E6F8TSTEXC/SHORTD91D0B6D0E6A204E010812505A867B04E6F8TSTEXC-tests.git, solutionRepositoryUri=null, auxiliaryRepositoryUris=[Ljava.lang.String;@311e00a3, auxiliaryRepositoryCheckoutDirectories=[Ljava.lang.String;@50197950], jobTimingInfo=JobTimingInfo[submissionDate=2025-02-14T23:44:54.250218388Z[Etc/UTC], buildStartDate=2025-02-14T23:44:54.565325579Z[Etc/UTC], buildCompletionDate=null, estimatedCompletionDate=2025-02-14T23:45:13.565320309Z[Etc/UTC], estimatedDuration=19], buildConfig=BuildConfig[buildScript=#!/bin/bash
cd /var/tmp/testing-dir
mvn clean test
, dockerImage=dummy-docker-image, commitHashToBuild=null, assignmentCommitHash=9b3a9bd71a0d80e5bbc42204c319ed3d1d4f0d6d, testCommitHash=9b3a9bd71a0d80e5bbc42204c319ed3d1d4f0d6d, branch=main, programmingLanguage=JAVA, projectType=PLAIN_MAVEN, scaEnabled=false, sequentialTestRunsEnabled=false, resultPaths=[/var/tmp/testing-dir/**/target/surefire-reports/*.xml], timeoutSeconds=0, assignmentCheckoutPath=null, testCheckoutPath=null, solutionCheckoutPath=null, dockerRunConfig=null], submissionResult=null]
java.util.concurrent.CompletionException: java.util.concurrent.ExecutionException: de.tum.cit.aet.artemis.core.exception.LocalCIException: Could not pull Docker image dummy-docker-image
	at de.tum.cit.aet.artemis.buildagent.service.BuildJobManagementService.lambda$executeBuildJob$2(BuildJobManagementService.java:188)
	at de.tum.cit.aet.artemis.buildagent.service.BuildJobManagementService.createCompletableFuture(BuildJobManagementService.java:236)
	at de.tum.cit.aet.artemis.buildagent.service.BuildJobManagementService.executeBuildJob(BuildJobManagementService.java:163)
	at de.tum.cit.aet.artemis.buildagent.service.SharedQueueProcessingService.processBuild(SharedQueueProcessingService.java:413)
	at de.tum.cit.aet.artemis.buildagent.service.SharedQueueProcessingService.checkAvailabilityAndProcessNextBuild(SharedQueueProcessingService.java:269)
	at de.tum.cit.aet.artemis.buildagent.service.SharedQueueProcessingService.lambda$processBuild$5(SharedQueueProcessingService.java:480)
	at java.base/java.util.concurrent.CompletableFuture.uniExceptionally(CompletableFuture.java:990)
	at java.base/java.util.concurrent.CompletableFuture.uniExceptionallyStage(CompletableFuture.java:1008)
	at java.base/java.util.concurrent.CompletableFuture.exceptionally(CompletableFuture.java:2396)
	at de.tum.cit.aet.artemis.buildagent.service.SharedQueueProcessingService.processBuild(SharedQueueProcessingService.java:444)
	at de.tum.cit.aet.artemis.buildagent.service.SharedQueueProcessingService.checkAvailabilityAndProcessNextBuild(SharedQueueProcessingService.java:269)
	at de.tum.cit.aet.artemis.buildagent.service.SharedQueueProcessingService.lambda$processBuild$5(SharedQueueProcessingService.java:480)
	at java.base/java.util.concurrent.CompletableFuture.uniExceptionally(CompletableFuture.java:990)
	at java.base/java.util.concurrent.CompletableFuture.uniExceptionallyStage(CompletableFuture.java:1008)
	at java.base/java.util.concurrent.CompletableFuture.exceptionally(CompletableFuture.java:2396)
	at de.tum.cit.aet.artemis.buildagent.service.SharedQueueProcessingService.processBuild(SharedQueueProcessingService.java:444)
	at de.tum.cit.aet.artemis.buildagent.service.SharedQueueProcessingService.checkAvailabilityAndProcessNextBuild(SharedQueueProcessingService.java:269)
	at de.tum.cit.aet.artemis.buildagent.service.SharedQueueProcessingService.lambda$processBuild$5(SharedQueueProcessingService.java:480)
	at java.base/java.util.concurrent.CompletableFuture.uniExceptionally(CompletableFuture.java:990)
	at java.base/java.util.concurrent.CompletableFuture.uniExceptionallyStage(CompletableFuture.java:1008)
	at java.base/java.util.concurrent.CompletableFuture.exceptionally(CompletableFuture.java:2396)
	at de.tum.cit.aet.artemis.buildagent.service.SharedQueueProcessingService.processBuild(SharedQueueProcessingService.java:444)
	at de.tum.cit.aet.artemis.buildagent.service.SharedQueueProcessingService.checkAvailabilityAndProcessNextBuild(SharedQueueProcessingService.java:269)
	at de.tum.cit.aet.artemis.buildagent.service.SharedQueueProcessingService.lambda$processBuild$5(SharedQueueProcessingService.java:480)
	at java.base/java.util.concurrent.CompletableFuture.uniExceptionally(CompletableFuture.java:990)
	at java.base/java.util.concurrent.CompletableFuture.uniExceptionallyStage(CompletableFuture.java:1008)
	at java.base/java.util.concurrent.CompletableFuture.exceptionally(CompletableFuture.java:2396)
	at de.tum.cit.aet.artemis.buildagent.service.SharedQueueProcessingService.processBuild(SharedQueueProcessingService.java:444)
	at de.tum.cit.aet.artemis.buildagent.service.SharedQueueProcessingService.checkAvailabilityAndProcessNextBuild(SharedQueueProcessingService.java:269)
	at de.tum.cit.aet.artemis.buildagent.service.SharedQueueProcessingService.lambda$processBuild$5(SharedQueueProcessingService.java:480)
	at java.base/java.util.concurrent.CompletableFuture.uniExceptionally(CompletableFuture.java:990)
	at java.base/java.util.concurrent.CompletableFuture.uniExceptionallyStage(CompletableFuture.java:1008)
	at java.base/java.util.concurrent.CompletableFuture.exceptionally(CompletableFuture.java:2396)
	at de.tum.cit.aet.artemis.buildagent.service.SharedQueueProcessingService.processBuild(SharedQueueProcessingService.java:444)
	at de.tum.cit.aet.artemis.buildagent.service.SharedQueueProcessingService.checkAvailabilityAndProcessNextBuild(SharedQueueProcessingService.java:269)
	at de.tum.cit.aet.artemis.buildagent.service.SharedQueueProcessingService$QueuedBuildJobItemListener.itemAdded(SharedQueueProcessingService.java:594)
	at com.hazelcast.collection.impl.queue.QueueService.lambda$dispatchEvent$1(QueueService.java:277)
	at com.hazelcast.internal.namespace.impl.NoOpUserCodeNamespaceService.runWithNamespace(NoOpUserCodeNamespaceService.java:82)
	at com.hazelcast.internal.namespace.NamespaceUtil.runWithNamespace(NamespaceUtil.java:106)
	at com.hazelcast.collection.impl.queue.QueueService.dispatchEvent(QueueService.java:275)
	at com.hazelcast.collection.impl.queue.QueueService.dispatchEvent(QueueService.java:98)
	at com.hazelcast.spi.impl.eventservice.impl.LocalEventDispatcher.run(LocalEventDispatcher.java:64)
	at com.hazelcast.internal.util.executor.StripedExecutor$Worker.process(StripedExecutor.java:244)
	at com.hazelcast.internal.util.executor.StripedExecutor$Worker.run(StripedExecutor.java:227)
Caused by: java.util.concurrent.ExecutionException: de.tum.cit.aet.artemis.core.exception.LocalCIException: Could not pull Docker image dummy-docker-image
	at java.base/java.util.concurrent.FutureTask.report(FutureTask.java:122)
	at java.base/java.util.concurrent.FutureTask.get(FutureTask.java:205)
	at de.tum.cit.aet.artemis.buildagent.service.BuildJobManagementService.lambda$executeBuildJob$2(BuildJobManagementService.java:165)
	... 43 common frames omitted
Caused by: de.tum.cit.aet.artemis.core.exception.LocalCIException: Could not pull Docker image dummy-docker-image
	at de.tum.cit.aet.artemis.buildagent.service.BuildJobExecutionService.runBuildJob(BuildJobExecutionService.java:157)
	at java.base/jdk.internal.reflect.DirectMethodHandleAccessor.invoke(DirectMethodHandleAccessor.java:103)
	at java.base/java.lang.reflect.Method.invoke(Method.java:580)
	at org.springframework.aop.support.AopUtils.invokeJoinpointUsingReflection(AopUtils.java:359)
	at org.springframework.aop.framework.CglibAopProxy$DynamicAdvisedInterceptor.intercept(CglibAopProxy.java:723)
	at de.tum.cit.aet.artemis.buildagent.service.BuildJobExecutionService$$SpringCGLIB$$0.runBuildJob(<generated>)
	at de.tum.cit.aet.artemis.buildagent.service.BuildJobManagementService.lambda$executeBuildJob$1(BuildJobManagementService.java:129)
	at java.base/java.util.concurrent.FutureTask.run(FutureTask.java:317)
	at java.base/java.util.concurrent.ThreadPoolExecutor.runWorker(ThreadPoolExecutor.java:1144)
	at java.base/java.util.concurrent.ThreadPoolExecutor$Worker.run(ThreadPoolExecutor.java:642)
	at java.base/java.lang.Thread.run(Thread.java:1583)
Caused by: de.tum.cit.aet.artemis.core.exception.LocalCIException: Docker image dummy-docker-image is not compatible with the current architecture. Needed 'linux/amd64', but got 'null'
	at de.tum.cit.aet.artemis.buildagent.service.BuildAgentDockerService.checkImageArchitecture(BuildAgentDockerService.java:291)
	at de.tum.cit.aet.artemis.buildagent.service.BuildAgentDockerService.pullDockerImage(BuildAgentDockerService.java:223)
	at de.tum.cit.aet.artemis.buildagent.service.BuildJobExecutionService.runBuildJob(BuildJobExecutionService.java:152)
	... 10 common frames omitted
    23:44:54.574 | 564 localvc.event-11 | DEBUG | a.p.s.l.LocalCIQueueWebsocketService : CIBuildJobQueueItem removed from processing jobs: BuildJobQueueItem[id=17491739576694250, name=SHORTD91D0B6D0E6A204E010812505A867B04E6F8TSTEXC-BASE, buildAgent=BuildAgentDTO[name=artemis-build-agent-test, memberAddress=[127.0.0.1]:5703, displayName=artemis-build-agent-test], participationId=1749, courseId=873, exerciseId=2448, retryCount=0, priority=2, status=null, repositoryInfo=RepositoryInfo[repositoryName=shortd91d0b6d0e6a204e010812505a867b04e6f8tstexc-exercise, repositoryType=exercise, triggeredByPushTo=exercise, assignmentRepositoryUri=http://localhost:49152/git/SHORTD91D0B6D0E6A204E010812505A867B04E6F8TSTEXC/shortd91d0b6d0e6a204e010812505a867b04e6f8tstexc-exercise.git, testRepositoryUri=http://nadnasidni.tum/scm/SHORTD91D0B6D0E6A204E010812505A867B04E6F8TSTEXC/SHORTD91D0B6D0E6A204E010812505A867B04E6F8TSTEXC-tests.git, solutionRepositoryUri=null, auxiliaryRepositoryUris=[Ljava.lang.String;@5fcabafd, auxiliaryRepositoryCheckoutDirectories=[Ljava.lang.String;@5e7269e4], jobTimingInfo=JobTimingInfo[submissionDate=2025-02-14T23:44:54.250218388Z[Etc/UTC], buildStartDate=2025-02-14T23:44:54.565325579Z[Etc/UTC], buildCompletionDate=null, estimatedCompletionDate=2025-02-14T23:45:13.565320309Z[Etc/UTC], estimatedDuration=19], buildConfig=BuildConfig[buildScript=#!/bin/bash
cd /var/tmp/testing-dir
mvn clean test
, dockerImage=dummy-docker-image, commitHashToBuild=null, assignmentCommitHash=9b3a9bd71a0d80e5bbc42204c319ed3d1d4f0d6d, testCommitHash=9b3a9bd71a0d80e5bbc42204c319ed3d1d4f0d6d, branch=main, programmingLanguage=JAVA, projectType=PLAIN_MAVEN, scaEnabled=false, sequentialTestRunsEnabled=false, resultPaths=[/var/tmp/testing-dir/**/target/surefire-reports/*.xml], timeoutSeconds=0, assignmentCheckoutPath=null, testCheckoutPath=null, solutionCheckoutPath=null, dockerRunConfig=null], submissionResult=null]
    23:44:54.574 | 564 localvc.event-11 | DEBUG | s.l.LocalCIWebsocketMessagingService : Sending message on topic /topic/admin/running-jobs: []
    23:44:54.574 | 564 localvc.event-11 | DEBUG | s.l.LocalCIWebsocketMessagingService : Sending message on topic /topic/courses/873/running-jobs: []
    23:44:54.586 | 566 localvc.event-13 | DEBUG | a.a.b.s.SharedQueueProcessingService : Currently processing jobs on this node: 0, active threads in Pool: 0, maximum pool size of thread executor : 1
    23:44:54.587 | 566 localvc.event-13 | DEBUG | a.a.b.s.SharedQueueProcessingService : Currently processing jobs on this node: 0, active threads in Pool: 0, maximum pool size of thread executor : 1
    23:44:54.596 | 566 localvc.event-13 | INFO  | a.a.b.s.SharedQueueProcessingService : Processing build job: BuildJobQueueItem[id=17501739576694407, name=SHORTE1E2C8FB0925A040D30912709B8BA4309AE8TSTEXC-SOLUTION, buildAgent=BuildAgentDTO[name=artemis-build-agent-test, memberAddress=[127.0.0.1]:5703, displayName=artemis-build-agent-test], participationId=1750, courseId=874, exerciseId=2449, retryCount=0, priority=2, status=null, repositoryInfo=RepositoryInfo[repositoryName=shorte1e2c8fb0925a040d30912709b8ba4309ae8tstexc-solution, repositoryType=solution, triggeredByPushTo=solution, assignmentRepositoryUri=http://localhost:49152/git/SHORTE1E2C8FB0925A040D30912709B8BA4309AE8TSTEXC/shorte1e2c8fb0925a040d30912709b8ba4309ae8tstexc-solution.git, testRepositoryUri=http://nadnasidni.tum/scm/SHORTE1E2C8FB0925A040D30912709B8BA4309AE8TSTEXC/SHORTE1E2C8FB0925A040D30912709B8BA4309AE8TSTEXC-tests.git, solutionRepositoryUri=null, auxiliaryRepositoryUris=[Ljava.lang.String;@72489d4b, auxiliaryRepositoryCheckoutDirectories=[Ljava.lang.String;@1db089ad], jobTimingInfo=JobTimingInfo[submissionDate=2025-02-14T23:44:54.407559917Z[Etc/UTC], buildStartDate=2025-02-14T23:44:54.587426886Z[Etc/UTC], buildCompletionDate=null, estimatedCompletionDate=2025-02-14T23:45:13.587421336Z[Etc/UTC], estimatedDuration=19], buildConfig=BuildConfig[buildScript=#!/bin/bash
cd /var/tmp/testing-dir
mvn clean test
, dockerImage=dummy-docker-image, commitHashToBuild=null, assignmentCommitHash=9b3a9bd71a0d80e5bbc42204c319ed3d1d4f0d6d, testCommitHash=9b3a9bd71a0d80e5bbc42204c319ed3d1d4f0d6d, branch=main, programmingLanguage=JAVA, projectType=PLAIN_MAVEN, scaEnabled=false, sequentialTestRunsEnabled=false, resultPaths=[/var/tmp/testing-dir/**/target/surefire-reports/*.xml], timeoutSeconds=0, assignmentCheckoutPath=null, testCheckoutPath=null, solutionCheckoutPath=null, dockerRunConfig=null], submissionResult=null]
    23:44:54.599 | 566 localvc.event-13 | ERROR | .c.a.a.b.s.BuildJobManagementService : Error while executing build job 17501739576694407: de.tum.cit.aet.artemis.core.exception.LocalCIException: Could not pull Docker image dummy-docker-image
java.util.concurrent.ExecutionException: de.tum.cit.aet.artemis.core.exception.LocalCIException: Could not pull Docker image dummy-docker-image
	at java.base/java.util.concurrent.FutureTask.report(FutureTask.java:122)
	at java.base/java.util.concurrent.FutureTask.get(FutureTask.java:205)
	at de.tum.cit.aet.artemis.buildagent.service.BuildJobManagementService.lambda$executeBuildJob$2(BuildJobManagementService.java:165)
	at de.tum.cit.aet.artemis.buildagent.service.BuildJobManagementService.createCompletableFuture(BuildJobManagementService.java:236)
	at de.tum.cit.aet.artemis.buildagent.service.BuildJobManagementService.executeBuildJob(BuildJobManagementService.java:163)
	at de.tum.cit.aet.artemis.buildagent.service.SharedQueueProcessingService.processBuild(SharedQueueProcessingService.java:413)
	at de.tum.cit.aet.artemis.buildagent.service.SharedQueueProcessingService.checkAvailabilityAndProcessNextBuild(SharedQueueProcessingService.java:269)
	at de.tum.cit.aet.artemis.buildagent.service.SharedQueueProcessingService.lambda$processBuild$5(SharedQueueProcessingService.java:480)
	at java.base/java.util.concurrent.CompletableFuture.uniExceptionally(CompletableFuture.java:990)
	at java.base/java.util.concurrent.CompletableFuture.uniExceptionallyStage(CompletableFuture.java:1008)
	at java.base/java.util.concurrent.CompletableFuture.exceptionally(CompletableFuture.java:2396)
	at de.tum.cit.aet.artemis.buildagent.service.SharedQueueProcessingService.processBuild(SharedQueueProcessingService.java:444)
	at de.tum.cit.aet.artemis.buildagent.service.SharedQueueProcessingService.checkAvailabilityAndProcessNextBuild(SharedQueueProcessingService.java:269)
	at de.tum.cit.aet.artemis.buildagent.service.SharedQueueProcessingService.lambda$processBuild$5(SharedQueueProcessingService.java:480)
	at java.base/java.util.concurrent.CompletableFuture.uniExceptionally(CompletableFuture.java:990)
	at java.base/java.util.concurrent.CompletableFuture.uniExceptionallyStage(CompletableFuture.java:1008)
	at java.base/java.util.concurrent.CompletableFuture.exceptionally(CompletableFuture.java:2396)
	at de.tum.cit.aet.artemis.buildagent.service.SharedQueueProcessingService.processBuild(SharedQueueProcessingService.java:444)
	at de.tum.cit.aet.artemis.buildagent.service.SharedQueueProcessingService.checkAvailabilityAndProcessNextBuild(SharedQueueProcessingService.java:269)
	at de.tum.cit.aet.artemis.buildagent.service.SharedQueueProcessingService.lambda$processBuild$5(SharedQueueProcessingService.java:480)
	at java.base/java.util.concurrent.CompletableFuture.uniExceptionally(CompletableFuture.java:990)
	at java.base/java.util.concurrent.CompletableFuture.uniExceptionallyStage(CompletableFuture.java:1008)
	at java.base/java.util.concurrent.CompletableFuture.exceptionally(CompletableFuture.java:2396)
	at de.tum.cit.aet.artemis.buildagent.service.SharedQueueProcessingService.processBuild(SharedQueueProcessingService.java:444)
	at de.tum.cit.aet.artemis.buildagent.service.SharedQueueProcessingService.checkAvailabilityAndProcessNextBuild(SharedQueueProcessingService.java:269)
	at de.tum.cit.aet.artemis.buildagent.service.SharedQueueProcessingService.lambda$processBuild$5(SharedQueueProcessingService.java:480)
	at java.base/java.util.concurrent.CompletableFuture.uniExceptionally(CompletableFuture.java:990)
	at java.base/java.util.concurrent.CompletableFuture.uniExceptionallyStage(CompletableFuture.java:1008)
	at java.base/java.util.concurrent.CompletableFuture.exceptionally(CompletableFuture.java:2396)
	at de.tum.cit.aet.artemis.buildagent.service.SharedQueueProcessingService.processBuild(SharedQueueProcessingService.java:444)
	at de.tum.cit.aet.artemis.buildagent.service.SharedQueueProcessingService.checkAvailabilityAndProcessNextBuild(SharedQueueProcessingService.java:269)
	at de.tum.cit.aet.artemis.buildagent.service.SharedQueueProcessingService.lambda$processBuild$5(SharedQueueProcessingService.java:480)
	at java.base/java.util.concurrent.CompletableFuture.uniExceptionally(CompletableFuture.java:990)
	at java.base/java.util.concurrent.CompletableFuture.uniExceptionallyStage(CompletableFuture.java:1008)
	at java.base/java.util.concurrent.CompletableFuture.exceptionally(CompletableFuture.java:2396)
	at de.tum.cit.aet.artemis.buildagent.service.SharedQueueProcessingService.processBuild(SharedQueueProcessingService.java:444)
	at de.tum.cit.aet.artemis.buildagent.service.SharedQueueProcessingService.checkAvailabilityAndProcessNextBuild(SharedQueueProcessingService.java:269)
	at de.tum.cit.aet.artemis.buildagent.service.SharedQueueProcessingService.lambda$processBuild$5(SharedQueueProcessingService.java:480)
	at java.base/java.util.concurrent.CompletableFuture.uniExceptionally(CompletableFuture.java:990)
	at java.base/java.util.concurrent.CompletableFuture.uniExceptionallyStage(CompletableFuture.java:1008)
	at java.base/java.util.concurrent.CompletableFuture.exceptionally(CompletableFuture.java:2396)
	at de.tum.cit.aet.artemis.buildagent.service.SharedQueueProcessingService.processBuild(SharedQueueProcessingService.java:444)
	at de.tum.cit.aet.artemis.buildagent.service.SharedQueueProcessingService.checkAvailabilityAndProcessNextBuild(SharedQueueProcessingService.java:269)
	at de.tum.cit.aet.artemis.buildagent.service.SharedQueueProcessingService$QueuedBuildJobItemListener.itemAdded(SharedQueueProcessingService.java:594)
	at com.hazelcast.collection.impl.queue.QueueService.lambda$dispatchEvent$1(QueueService.java:277)
	at com.hazelcast.internal.namespace.impl.NoOpUserCodeNamespaceService.runWithNamespace(NoOpUserCodeNamespaceService.java:82)
	at com.hazelcast.internal.namespace.NamespaceUtil.runWithNamespace(NamespaceUtil.java:106)
	at com.hazelcast.collection.impl.queue.QueueService.dispatchEvent(QueueService.java:275)
	at com.hazelcast.collection.impl.queue.QueueService.dispatchEvent(QueueService.java:98)
	at com.hazelcast.spi.impl.eventservice.impl.LocalEventDispatcher.run(LocalEventDispatcher.java:64)
	at com.hazelcast.internal.util.executor.StripedExecutor$Worker.process(StripedExecutor.java:244)
	at com.hazelcast.internal.util.executor.StripedExecutor$Worker.run(StripedExecutor.java:227)
Caused by: de.tum.cit.aet.artemis.core.exception.LocalCIException: Could not pull Docker image dummy-docker-image
	at de.tum.cit.aet.artemis.buildagent.service.BuildJobExecutionService.runBuildJob(BuildJobExecutionService.java:157)
	at java.base/jdk.internal.reflect.DirectMethodHandleAccessor.invoke(DirectMethodHandleAccessor.java:103)
	at java.base/java.lang.reflect.Method.invoke(Method.java:580)
	at org.springframework.aop.support.AopUtils.invokeJoinpointUsingReflection(AopUtils.java:359)
	at org.springframework.aop.framework.CglibAopProxy$DynamicAdvisedInterceptor.intercept(CglibAopProxy.java:723)
	at de.tum.cit.aet.artemis.buildagent.service.BuildJobExecutionService$$SpringCGLIB$$0.runBuildJob(<generated>)
	at de.tum.cit.aet.artemis.buildagent.service.BuildJobManagementService.lambda$executeBuildJob$1(BuildJobManagementService.java:129)
	at java.base/java.util.concurrent.FutureTask.run(FutureTask.java:317)
	at java.base/java.util.concurrent.ThreadPoolExecutor.runWorker(ThreadPoolExecutor.java:1144)
	at java.base/java.util.concurrent.ThreadPoolExecutor$Worker.run(ThreadPoolExecutor.java:642)
	at java.base/java.lang.Thread.run(Thread.java:1583)
Caused by: de.tum.cit.aet.artemis.core.exception.LocalCIException: Docker image dummy-docker-image is not compatible with the current architecture. Needed 'linux/amd64', but got 'null'
	at de.tum.cit.aet.artemis.buildagent.service.BuildAgentDockerService.checkImageArchitecture(BuildAgentDockerService.java:291)
	at de.tum.cit.aet.artemis.buildagent.service.BuildAgentDockerService.pullDockerImage(BuildAgentDockerService.java:223)
	at de.tum.cit.aet.artemis.buildagent.service.BuildJobExecutionService.runBuildJob(BuildJobExecutionService.java:152)
	... 10 common frames omitted
    23:44:54.599 | 566 localvc.event-13 | INFO  | .c.a.a.b.s.BuildJobManagementService : Getting ID of running container local-ci-17501739576694407
    23:44:54.599 | 566 localvc.event-13 | INFO  | .c.a.a.b.s.BuildJobManagementService : Stopping unresponsive container with ID null
    23:44:54.599 | 566 localvc.event-13 | DEBUG | a.a.b.s.SharedQueueProcessingService : Build job completed with exception: BuildJobQueueItem[id=17501739576694407, name=SHORTE1E2C8FB0925A040D30912709B8BA4309AE8TSTEXC-SOLUTION, buildAgent=BuildAgentDTO[name=artemis-build-agent-test, memberAddress=[127.0.0.1]:5703, displayName=artemis-build-agent-test], participationId=1750, courseId=874, exerciseId=2449, retryCount=0, priority=2, status=null, repositoryInfo=RepositoryInfo[repositoryName=shorte1e2c8fb0925a040d30912709b8ba4309ae8tstexc-solution, repositoryType=solution, triggeredByPushTo=solution, assignmentRepositoryUri=http://localhost:49152/git/SHORTE1E2C8FB0925A040D30912709B8BA4309AE8TSTEXC/shorte1e2c8fb0925a040d30912709b8ba4309ae8tstexc-solution.git, testRepositoryUri=http://nadnasidni.tum/scm/SHORTE1E2C8FB0925A040D30912709B8BA4309AE8TSTEXC/SHORTE1E2C8FB0925A040D30912709B8BA4309AE8TSTEXC-tests.git, solutionRepositoryUri=null, auxiliaryRepositoryUris=[Ljava.lang.String;@72489d4b, auxiliaryRepositoryCheckoutDirectories=[Ljava.lang.String;@1db089ad], jobTimingInfo=JobTimingInfo[submissionDate=2025-02-14T23:44:54.407559917Z[Etc/UTC], buildStartDate=2025-02-14T23:44:54.587426886Z[Etc/UTC], buildCompletionDate=null, estimatedCompletionDate=2025-02-14T23:45:13.587421336Z[Etc/UTC], estimatedDuration=19], buildConfig=BuildConfig[buildScript=#!/bin/bash
cd /var/tmp/testing-dir
mvn clean test
, dockerImage=dummy-docker-image, commitHashToBuild=null, assignmentCommitHash=9b3a9bd71a0d80e5bbc42204c319ed3d1d4f0d6d, testCommitHash=9b3a9bd71a0d80e5bbc42204c319ed3d1d4f0d6d, branch=main, programmingLanguage=JAVA, projectType=PLAIN_MAVEN, scaEnabled=false, sequentialTestRunsEnabled=false, resultPaths=[/var/tmp/testing-dir/**/target/surefire-reports/*.xml], timeoutSeconds=0, assignmentCheckoutPath=null, testCheckoutPath=null, solutionCheckoutPath=null, dockerRunConfig=null], submissionResult=null]
java.util.concurrent.CompletionException: java.util.concurrent.ExecutionException: de.tum.cit.aet.artemis.core.exception.LocalCIException: Could not pull Docker image dummy-docker-image
	at de.tum.cit.aet.artemis.buildagent.service.BuildJobManagementService.lambda$executeBuildJob$2(BuildJobManagementService.java:188)
	at de.tum.cit.aet.artemis.buildagent.service.BuildJobManagementService.createCompletableFuture(BuildJobManagementService.java:236)
	at de.tum.cit.aet.artemis.buildagent.service.BuildJobManagementService.executeBuildJob(BuildJobManagementService.java:163)
	at de.tum.cit.aet.artemis.buildagent.service.SharedQueueProcessingService.processBuild(SharedQueueProcessingService.java:413)
	at de.tum.cit.aet.artemis.buildagent.service.SharedQueueProcessingService.checkAvailabilityAndProcessNextBuild(SharedQueueProcessingService.java:269)
	at de.tum.cit.aet.artemis.buildagent.service.SharedQueueProcessingService.lambda$processBuild$5(SharedQueueProcessingService.java:480)
	at java.base/java.util.concurrent.CompletableFuture.uniExceptionally(CompletableFuture.java:990)
	at java.base/java.util.concurrent.CompletableFuture.uniExceptionallyStage(CompletableFuture.java:1008)
	at java.base/java.util.concurrent.CompletableFuture.exceptionally(CompletableFuture.java:2396)
	at de.tum.cit.aet.artemis.buildagent.service.SharedQueueProcessingService.processBuild(SharedQueueProcessingService.java:444)
	at de.tum.cit.aet.artemis.buildagent.service.SharedQueueProcessingService.checkAvailabilityAndProcessNextBuild(SharedQueueProcessingService.java:269)
	at de.tum.cit.aet.artemis.buildagent.service.SharedQueueProcessingService.lambda$processBuild$5(SharedQueueProcessingService.java:480)
	at java.base/java.util.concurrent.CompletableFuture.uniExceptionally(CompletableFuture.java:990)
	at java.base/java.util.concurrent.CompletableFuture.uniExceptionallyStage(CompletableFuture.java:1008)
	at java.base/java.util.concurrent.CompletableFuture.exceptionally(CompletableFuture.java:2396)
	at de.tum.cit.aet.artemis.buildagent.service.SharedQueueProcessingService.processBuild(SharedQueueProcessingService.java:444)
	at de.tum.cit.aet.artemis.buildagent.service.SharedQueueProcessingService.checkAvailabilityAndProcessNextBuild(SharedQueueProcessingService.java:269)
	at de.tum.cit.aet.artemis.buildagent.service.SharedQueueProcessingService.lambda$processBuild$5(SharedQueueProcessingService.java:480)
	at java.base/java.util.concurrent.CompletableFuture.uniExceptionally(CompletableFuture.java:990)
	at java.base/java.util.concurrent.CompletableFuture.uniExceptionallyStage(CompletableFuture.java:1008)
	at java.base/java.util.concurrent.CompletableFuture.exceptionally(CompletableFuture.java:2396)
	at de.tum.cit.aet.artemis.buildagent.service.SharedQueueProcessingService.processBuild(SharedQueueProcessingService.java:444)
	at de.tum.cit.aet.artemis.buildagent.service.SharedQueueProcessingService.checkAvailabilityAndProcessNextBuild(SharedQueueProcessingService.java:269)
	at de.tum.cit.aet.artemis.buildagent.service.SharedQueueProcessingService.lambda$processBuild$5(SharedQueueProcessingService.java:480)
	at java.base/java.util.concurrent.CompletableFuture.uniExceptionally(CompletableFuture.java:990)
	at java.base/java.util.concurrent.CompletableFuture.uniExceptionallyStage(CompletableFuture.java:1008)
	at java.base/java.util.concurrent.CompletableFuture.exceptionally(CompletableFuture.java:2396)
	at de.tum.cit.aet.artemis.buildagent.service.SharedQueueProcessingService.processBuild(SharedQueueProcessingService.java:444)
	at de.tum.cit.aet.artemis.buildagent.service.SharedQueueProcessingService.checkAvailabilityAndProcessNextBuild(SharedQueueProcessingService.java:269)
	at de.tum.cit.aet.artemis.buildagent.service.SharedQueueProcessingService.lambda$processBuild$5(SharedQueueProcessingService.java:480)
	at java.base/java.util.concurrent.CompletableFuture.uniExceptionally(CompletableFuture.java:990)
	at java.base/java.util.concurrent.CompletableFuture.uniExceptionallyStage(CompletableFuture.java:1008)
	at java.base/java.util.concurrent.CompletableFuture.exceptionally(CompletableFuture.java:2396)
	at de.tum.cit.aet.artemis.buildagent.service.SharedQueueProcessingService.processBuild(SharedQueueProcessingService.java:444)
	at de.tum.cit.aet.artemis.buildagent.service.SharedQueueProcessingService.checkAvailabilityAndProcessNextBuild(SharedQueueProcessingService.java:269)
	at de.tum.cit.aet.artemis.buildagent.service.SharedQueueProcessingService.lambda$processBuild$5(SharedQueueProcessingService.java:480)
	at java.base/java.util.concurrent.CompletableFuture.uniExceptionally(CompletableFuture.java:990)
	at java.base/java.util.concurrent.CompletableFuture.uniExceptionallyStage(CompletableFuture.java:1008)
	at java.base/java.util.concurrent.CompletableFuture.exceptionally(CompletableFuture.java:2396)
	at de.tum.cit.aet.artemis.buildagent.service.SharedQueueProcessingService.processBuild(SharedQueueProcessingService.java:444)
	at de.tum.cit.aet.artemis.buildagent.service.SharedQueueProcessingService.checkAvailabilityAndProcessNextBuild(SharedQueueProcessingService.java:269)
	at de.tum.cit.aet.artemis.buildagent.service.SharedQueueProcessingService$QueuedBuildJobItemListener.itemAdded(SharedQueueProcessingService.java:594)
	at com.hazelcast.collection.impl.queue.QueueService.lambda$dispatchEvent$1(QueueService.java:277)
	at com.hazelcast.internal.namespace.impl.NoOpUserCodeNamespaceService.runWithNamespace(NoOpUserCodeNamespaceService.java:82)
	at com.hazelcast.internal.namespace.NamespaceUtil.runWithNamespace(NamespaceUtil.java:106)
	at com.hazelcast.collection.impl.queue.QueueService.dispatchEvent(QueueService.java:275)
	at com.hazelcast.collection.impl.queue.QueueService.dispatchEvent(QueueService.java:98)
	at com.hazelcast.spi.impl.eventservice.impl.LocalEventDispatcher.run(LocalEventDispatcher.java:64)
	at com.hazelcast.internal.util.executor.StripedExecutor$Worker.process(StripedExecutor.java:244)
	at com.hazelcast.internal.util.executor.StripedExecutor$Worker.run(StripedExecutor.java:227)
Caused by: java.util.concurrent.ExecutionException: de.tum.cit.aet.artemis.core.exception.LocalCIException: Could not pull Docker image dummy-docker-image
	at java.base/java.util.concurrent.FutureTask.report(FutureTask.java:122)
	at java.base/java.util.concurrent.FutureTask.get(FutureTask.java:205)
	at de.tum.cit.aet.artemis.buildagent.service.BuildJobManagementService.lambda$executeBuildJob$2(BuildJobManagementService.java:165)
	... 49 common frames omitted
Caused by: de.tum.cit.aet.artemis.core.exception.LocalCIException: Could not pull Docker image dummy-docker-image
	at de.tum.cit.aet.artemis.buildagent.service.BuildJobExecutionService.runBuildJob(BuildJobExecutionService.java:157)
	at java.base/jdk.internal.reflect.DirectMethodHandleAccessor.invoke(DirectMethodHandleAccessor.java:103)
	at java.base/java.lang.reflect.Method.invoke(Method.java:580)
	at org.springframework.aop.support.AopUtils.invokeJoinpointUsingReflection(AopUtils.java:359)
	at org.springframework.aop.framework.CglibAopProxy$DynamicAdvisedInterceptor.intercept(CglibAopProxy.java:723)
	at de.tum.cit.aet.artemis.buildagent.service.BuildJobExecutionService$$SpringCGLIB$$0.runBuildJob(<generated>)
	at de.tum.cit.aet.artemis.buildagent.service.BuildJobManagementService.lambda$executeBuildJob$1(BuildJobManagementService.java:129)
	at java.base/java.util.concurrent.FutureTask.run(FutureTask.java:317)
	at java.base/java.util.concurrent.ThreadPoolExecutor.runWorker(ThreadPoolExecutor.java:1144)
	at java.base/java.util.concurrent.ThreadPoolExecutor$Worker.run(ThreadPoolExecutor.java:642)
	at java.base/java.lang.Thread.run(Thread.java:1583)
Caused by: de.tum.cit.aet.artemis.core.exception.LocalCIException: Docker image dummy-docker-image is not compatible with the current architecture. Needed 'linux/amd64', but got 'null'
	at de.tum.cit.aet.artemis.buildagent.service.BuildAgentDockerService.checkImageArchitecture(BuildAgentDockerService.java:291)
	at de.tum.cit.aet.artemis.buildagent.service.BuildAgentDockerService.pullDockerImage(BuildAgentDockerService.java:223)
	at de.tum.cit.aet.artemis.buildagent.service.BuildJobExecutionService.runBuildJob(BuildJobExecutionService.java:152)
	... 10 common frames omitted
    23:44:54.600 | 566 localvc.event-13 | ERROR | a.a.b.s.SharedQueueProcessingService : Error while processing build job: BuildJobQueueItem[id=17501739576694407, name=SHORTE1E2C8FB0925A040D30912709B8BA4309AE8TSTEXC-SOLUTION, buildAgent=BuildAgentDTO[name=artemis-build-agent-test, memberAddress=[127.0.0.1]:5703, displayName=artemis-build-agent-test], participationId=1750, courseId=874, exerciseId=2449, retryCount=0, priority=2, status=null, repositoryInfo=RepositoryInfo[repositoryName=shorte1e2c8fb0925a040d30912709b8ba4309ae8tstexc-solution, repositoryType=solution, triggeredByPushTo=solution, assignmentRepositoryUri=http://localhost:49152/git/SHORTE1E2C8FB0925A040D30912709B8BA4309AE8TSTEXC/shorte1e2c8fb0925a040d30912709b8ba4309ae8tstexc-solution.git, testRepositoryUri=http://nadnasidni.tum/scm/SHORTE1E2C8FB0925A040D30912709B8BA4309AE8TSTEXC/SHORTE1E2C8FB0925A040D30912709B8BA4309AE8TSTEXC-tests.git, solutionRepositoryUri=null, auxiliaryRepositoryUris=[Ljava.lang.String;@72489d4b, auxiliaryRepositoryCheckoutDirectories=[Ljava.lang.String;@1db089ad], jobTimingInfo=JobTimingInfo[submissionDate=2025-02-14T23:44:54.407559917Z[Etc/UTC], buildStartDate=2025-02-14T23:44:54.587426886Z[Etc/UTC], buildCompletionDate=null, estimatedCompletionDate=2025-02-14T23:45:13.587421336Z[Etc/UTC], estimatedDuration=19], buildConfig=BuildConfig[buildScript=#!/bin/bash
cd /var/tmp/testing-dir
mvn clean test
, dockerImage=dummy-docker-image, commitHashToBuild=null, assignmentCommitHash=9b3a9bd71a0d80e5bbc42204c319ed3d1d4f0d6d, testCommitHash=9b3a9bd71a0d80e5bbc42204c319ed3d1d4f0d6d, branch=main, programmingLanguage=JAVA, projectType=PLAIN_MAVEN, scaEnabled=false, sequentialTestRunsEnabled=false, resultPaths=[/var/tmp/testing-dir/**/target/surefire-reports/*.xml], timeoutSeconds=0, assignmentCheckoutPath=null, testCheckoutPath=null, solutionCheckoutPath=null, dockerRunConfig=null], submissionResult=null]
java.util.concurrent.CompletionException: java.util.concurrent.ExecutionException: de.tum.cit.aet.artemis.core.exception.LocalCIException: Could not pull Docker image dummy-docker-image
	at de.tum.cit.aet.artemis.buildagent.service.BuildJobManagementService.lambda$executeBuildJob$2(BuildJobManagementService.java:188)
	at de.tum.cit.aet.artemis.buildagent.service.BuildJobManagementService.createCompletableFuture(BuildJobManagementService.java:236)
	at de.tum.cit.aet.artemis.buildagent.service.BuildJobManagementService.executeBuildJob(BuildJobManagementService.java:163)
	at de.tum.cit.aet.artemis.buildagent.service.SharedQueueProcessingService.processBuild(SharedQueueProcessingService.java:413)
	at de.tum.cit.aet.artemis.buildagent.service.SharedQueueProcessingService.checkAvailabilityAndProcessNextBuild(SharedQueueProcessingService.java:269)
	at de.tum.cit.aet.artemis.buildagent.service.SharedQueueProcessingService.lambda$processBuild$5(SharedQueueProcessingService.java:480)
	at java.base/java.util.concurrent.CompletableFuture.uniExceptionally(CompletableFuture.java:990)
	at java.base/java.util.concurrent.CompletableFuture.uniExceptionallyStage(CompletableFuture.java:1008)
	at java.base/java.util.concurrent.CompletableFuture.exceptionally(CompletableFuture.java:2396)
	at de.tum.cit.aet.artemis.buildagent.service.SharedQueueProcessingService.processBuild(SharedQueueProcessingService.java:444)
	at de.tum.cit.aet.artemis.buildagent.service.SharedQueueProcessingService.checkAvailabilityAndProcessNextBuild(SharedQueueProcessingService.java:269)
	at de.tum.cit.aet.artemis.buildagent.service.SharedQueueProcessingService.lambda$processBuild$5(SharedQueueProcessingService.java:480)
	at java.base/java.util.concurrent.CompletableFuture.uniExceptionally(CompletableFuture.java:990)
	at java.base/java.util.concurrent.CompletableFuture.uniExceptionallyStage(CompletableFuture.java:1008)
	at java.base/java.util.concurrent.CompletableFuture.exceptionally(CompletableFuture.java:2396)
	at de.tum.cit.aet.artemis.buildagent.service.SharedQueueProcessingService.processBuild(SharedQueueProcessingService.java:444)
	at de.tum.cit.aet.artemis.buildagent.service.SharedQueueProcessingService.checkAvailabilityAndProcessNextBuild(SharedQueueProcessingService.java:269)
	at de.tum.cit.aet.artemis.buildagent.service.SharedQueueProcessingService.lambda$processBuild$5(SharedQueueProcessingService.java:480)
	at java.base/java.util.concurrent.CompletableFuture.uniExceptionally(CompletableFuture.java:990)
	at java.base/java.util.concurrent.CompletableFuture.uniExceptionallyStage(CompletableFuture.java:1008)
	at java.base/java.util.concurrent.CompletableFuture.exceptionally(CompletableFuture.java:2396)
	at de.tum.cit.aet.artemis.buildagent.service.SharedQueueProcessingService.processBuild(SharedQueueProcessingService.java:444)
	at de.tum.cit.aet.artemis.buildagent.service.SharedQueueProcessingService.checkAvailabilityAndProcessNextBuild(SharedQueueProcessingService.java:269)
	at de.tum.cit.aet.artemis.buildagent.service.SharedQueueProcessingService.lambda$processBuild$5(SharedQueueProcessingService.java:480)
	at java.base/java.util.concurrent.CompletableFuture.uniExceptionally(CompletableFuture.java:990)
	at java.base/java.util.concurrent.CompletableFuture.uniExceptionallyStage(CompletableFuture.java:1008)
	at java.base/java.util.concurrent.CompletableFuture.exceptionally(CompletableFuture.java:2396)
	at de.tum.cit.aet.artemis.buildagent.service.SharedQueueProcessingService.processBuild(SharedQueueProcessingService.java:444)
	at de.tum.cit.aet.artemis.buildagent.service.SharedQueueProcessingService.checkAvailabilityAndProcessNextBuild(SharedQueueProcessingService.java:269)
	at de.tum.cit.aet.artemis.buildagent.service.SharedQueueProcessingService.lambda$processBuild$5(SharedQueueProcessingService.java:480)
	at java.base/java.util.concurrent.CompletableFuture.uniExceptionally(CompletableFuture.java:990)
	at java.base/java.util.concurrent.CompletableFuture.uniExceptionallyStage(CompletableFuture.java:1008)
	at java.base/java.util.concurrent.CompletableFuture.exceptionally(CompletableFuture.java:2396)
	at de.tum.cit.aet.artemis.buildagent.service.SharedQueueProcessingService.processBuild(SharedQueueProcessingService.java:444)
	at de.tum.cit.aet.artemis.buildagent.service.SharedQueueProcessingService.checkAvailabilityAndProcessNextBuild(SharedQueueProcessingService.java:269)
	at de.tum.cit.aet.artemis.buildagent.service.SharedQueueProcessingService.lambda$processBuild$5(SharedQueueProcessingService.java:480)
	at java.base/java.util.concurrent.CompletableFuture.uniExceptionally(CompletableFuture.java:990)
	at java.base/java.util.concurrent.CompletableFuture.uniExceptionallyStage(CompletableFuture.java:1008)
	at java.base/java.util.concurrent.CompletableFuture.exceptionally(CompletableFuture.java:2396)
	at de.tum.cit.aet.artemis.buildagent.service.SharedQueueProcessingService.processBuild(SharedQueueProcessingService.java:444)
	at de.tum.cit.aet.artemis.buildagent.service.SharedQueueProcessingService.checkAvailabilityAndProcessNextBuild(SharedQueueProcessingService.java:269)
	at de.tum.cit.aet.artemis.buildagent.service.SharedQueueProcessingService$QueuedBuildJobItemListener.itemAdded(SharedQueueProcessingService.java:594)
	at com.hazelcast.collection.impl.queue.QueueService.lambda$dispatchEvent$1(QueueService.java:277)
	at com.hazelcast.internal.namespace.impl.NoOpUserCodeNamespaceService.runWithNamespace(NoOpUserCodeNamespaceService.java:82)
	at com.hazelcast.internal.namespace.NamespaceUtil.runWithNamespace(NamespaceUtil.java:106)
	at com.hazelcast.collection.impl.queue.QueueService.dispatchEvent(QueueService.java:275)
	at com.hazelcast.collection.impl.queue.QueueService.dispatchEvent(QueueService.java:98)
	at com.hazelcast.spi.impl.eventservice.impl.LocalEventDispatcher.run(LocalEventDispatcher.java:64)
	at com.hazelcast.internal.util.executor.StripedExecutor$Worker.process(StripedExecutor.java:244)
	at com.hazelcast.internal.util.executor.StripedExecutor$Worker.run(StripedExecutor.java:227)
Caused by: java.util.concurrent.ExecutionException: de.tum.cit.aet.artemis.core.exception.LocalCIException: Could not pull Docker image dummy-docker-image
	at java.base/java.util.concurrent.FutureTask.report(FutureTask.java:122)
	at java.base/java.util.concurrent.FutureTask.get(FutureTask.java:205)
	at de.tum.cit.aet.artemis.buildagent.service.BuildJobManagementService.lambda$executeBuildJob$2(BuildJobManagementService.java:165)
	... 49 common frames omitted
Caused by: de.tum.cit.aet.artemis.core.exception.LocalCIException: Could not pull Docker image dummy-docker-image
	at de.tum.cit.aet.artemis.buildagent.service.BuildJobExecutionService.runBuildJob(BuildJobExecutionService.java:157)
	at java.base/jdk.internal.reflect.DirectMethodHandleAccessor.invoke(DirectMethodHandleAccessor.java:103)
	at java.base/java.lang.reflect.Method.invoke(Method.java:580)
	at org.springframework.aop.support.AopUtils.invokeJoinpointUsingReflection(AopUtils.java:359)
	at org.springframework.aop.framework.CglibAopProxy$DynamicAdvisedInterceptor.intercept(CglibAopProxy.java:723)
	at de.tum.cit.aet.artemis.buildagent.service.BuildJobExecutionService$$SpringCGLIB$$0.runBuildJob(<generated>)
	at de.tum.cit.aet.artemis.buildagent.service.BuildJobManagementService.lambda$executeBuildJob$1(BuildJobManagementService.java:129)
	at java.base/java.util.concurrent.FutureTask.run(FutureTask.java:317)
	at java.base/java.util.concurrent.ThreadPoolExecutor.runWorker(ThreadPoolExecutor.java:1144)
	at java.base/java.util.concurrent.ThreadPoolExecutor$Worker.run(ThreadPoolExecutor.java:642)
	at java.base/java.lang.Thread.run(Thread.java:1583)
Caused by: de.tum.cit.aet.artemis.core.exception.LocalCIException: Docker image dummy-docker-image is not compatible with the current architecture. Needed 'linux/amd64', but got 'null'
	at de.tum.cit.aet.artemis.buildagent.service.BuildAgentDockerService.checkImageArchitecture(BuildAgentDockerService.java:291)
	at de.tum.cit.aet.artemis.buildagent.service.BuildAgentDockerService.pullDockerImage(BuildAgentDockerService.java:223)
	at de.tum.cit.aet.artemis.buildagent.service.BuildJobExecutionService.runBuildJob(BuildJobExecutionService.java:152)
	... 10 common frames omitted
    23:44:54.612 | 566 localvc.event-13 | DEBUG | a.a.b.s.SharedQueueProcessingService : Currently processing jobs on this node: 0, active threads in Pool: 0, maximum pool size of thread executor : 1
    23:44:54.612 | 566 localvc.event-13 | DEBUG | a.a.b.s.SharedQueueProcessingService : Currently processing jobs on this node: 0, active threads in Pool: 0, maximum pool size of thread executor : 1
    23:44:54.612 | 568 localvc.event-15 | DEBUG | a.p.s.l.LocalCIQueueWebsocketService : CIBuildJobQueueItem added to processing jobs: BuildJobQueueItem[id=17511739576694411, name=SHORTE1E2C8FB0925A040D30912709B8BA4309AE8TSTEXC-BASE, buildAgent=BuildAgentDTO[name=artemis-build-agent-test, memberAddress=[127.0.0.1]:5703, displayName=artemis-build-agent-test], participationId=1751, courseId=874, exerciseId=2449, retryCount=0, priority=2, status=null, repositoryInfo=RepositoryInfo[repositoryName=shorte1e2c8fb0925a040d30912709b8ba4309ae8tstexc-exercise, repositoryType=exercise, triggeredByPushTo=exercise, assignmentRepositoryUri=http://localhost:49152/git/SHORTE1E2C8FB0925A040D30912709B8BA4309AE8TSTEXC/shorte1e2c8fb0925a040d30912709b8ba4309ae8tstexc-exercise.git, testRepositoryUri=http://nadnasidni.tum/scm/SHORTE1E2C8FB0925A040D30912709B8BA4309AE8TSTEXC/SHORTE1E2C8FB0925A040D30912709B8BA4309AE8TSTEXC-tests.git, solutionRepositoryUri=null, auxiliaryRepositoryUris=[Ljava.lang.String;@2a1d1f79, auxiliaryRepositoryCheckoutDirectories=[Ljava.lang.String;@44338f], jobTimingInfo=JobTimingInfo[submissionDate=2025-02-14T23:44:54.411372528Z[Etc/UTC], buildStartDate=2025-02-14T23:44:54.612545140Z[Etc/UTC], buildCompletionDate=null, estimatedCompletionDate=2025-02-14T23:45:13.612539730Z[Etc/UTC], estimatedDuration=19], buildConfig=BuildConfig[buildScript=#!/bin/bash
cd /var/tmp/testing-dir
mvn clean test
, dockerImage=dummy-docker-image, commitHashToBuild=null, assignmentCommitHash=9b3a9bd71a0d80e5bbc42204c319ed3d1d4f0d6d, testCommitHash=9b3a9bd71a0d80e5bbc42204c319ed3d1d4f0d6d, branch=main, programmingLanguage=JAVA, projectType=PLAIN_MAVEN, scaEnabled=false, sequentialTestRunsEnabled=false, resultPaths=[/var/tmp/testing-dir/**/target/surefire-reports/*.xml], timeoutSeconds=0, assignmentCheckoutPath=null, testCheckoutPath=null, solutionCheckoutPath=null, dockerRunConfig=null], submissionResult=null]
    23:44:54.613 | 568 localvc.event-15 | DEBUG | s.l.LocalCIWebsocketMessagingService : Sending message on topic /topic/admin/running-jobs: [BuildJobQueueItem[id=17511739576694411, name=SHORTE1E2C8FB0925A040D30912709B8BA4309AE8TSTEXC-BASE, buildAgent=BuildAgentDTO[name=artemis-build-agent-test, memberAddress=[127.0.0.1]:5703, displayName=artemis-build-agent-test], participationId=1751, courseId=874, exerciseId=2449, retryCount=0, priority=2, status=null, repositoryInfo=RepositoryInfo[repositoryName=shorte1e2c8fb0925a040d30912709b8ba4309ae8tstexc-exercise, repositoryType=exercise, triggeredByPushTo=exercise, assignmentRepositoryUri=, testRepositoryUri=, solutionRepositoryUri=, auxiliaryRepositoryUris=null, auxiliaryRepositoryCheckoutDirectories=null], jobTimingInfo=JobTimingInfo[submissionDate=2025-02-14T23:44:54.411372528Z[Etc/UTC], buildStartDate=2025-02-14T23:44:54.612545140Z[Etc/UTC], buildCompletionDate=null, estimatedCompletionDate=2025-02-14T23:45:13.612539730Z[Etc/UTC], estimatedDuration=19], buildConfig=BuildConfig[buildScript=, dockerImage=, commitHashToBuild=null, assignmentCommitHash=, testCommitHash=, branch=, programmingLanguage=null, projectType=null, scaEnabled=false, sequentialTestRunsEnabled=false, resultPaths=null, timeoutSeconds=0, assignmentCheckoutPath=, testCheckoutPath=, solutionCheckoutPath=, dockerRunConfig=null], submissionResult=null]]
    23:44:54.613 | 568 localvc.event-15 | DEBUG | s.l.LocalCIWebsocketMessagingService : Sending message on topic /topic/courses/874/running-jobs: [BuildJobQueueItem[id=17511739576694411, name=SHORTE1E2C8FB0925A040D30912709B8BA4309AE8TSTEXC-BASE, buildAgent=BuildAgentDTO[name=artemis-build-agent-test, memberAddress=[127.0.0.1]:5703, displayName=artemis-build-agent-test], participationId=1751, courseId=874, exerciseId=2449, retryCount=0, priority=2, status=null, repositoryInfo=RepositoryInfo[repositoryName=shorte1e2c8fb0925a040d30912709b8ba4309ae8tstexc-exercise, repositoryType=exercise, triggeredByPushTo=exercise, assignmentRepositoryUri=, testRepositoryUri=, solutionRepositoryUri=, auxiliaryRepositoryUris=null, auxiliaryRepositoryCheckoutDirectories=null], jobTimingInfo=JobTimingInfo[submissionDate=2025-02-14T23:44:54.411372528Z[Etc/UTC], buildStartDate=2025-02-14T23:44:54.612545140Z[Etc/UTC], buildCompletionDate=null, estimatedCompletionDate=2025-02-14T23:45:13.612539730Z[Etc/UTC], estimatedDuration=19], buildConfig=BuildConfig[buildScript=, dockerImage=, commitHashToBuild=null, assignmentCommitHash=, testCommitHash=, branch=, programmingLanguage=null, projectType=null, scaEnabled=false, sequentialTestRunsEnabled=false, resultPaths=null, timeoutSeconds=0, assignmentCheckoutPath=, testCheckoutPath=, solutionCheckoutPath=, dockerRunConfig=null], submissionResult=null]]
    23:44:54.621 | 566 localvc.event-13 | INFO  | a.a.b.s.SharedQueueProcessingService : Processing build job: BuildJobQueueItem[id=17511739576694411, name=SHORTE1E2C8FB0925A040D30912709B8BA4309AE8TSTEXC-BASE, buildAgent=BuildAgentDTO[name=artemis-build-agent-test, memberAddress=[127.0.0.1]:5703, displayName=artemis-build-agent-test], participationId=1751, courseId=874, exerciseId=2449, retryCount=0, priority=2, status=null, repositoryInfo=RepositoryInfo[repositoryName=shorte1e2c8fb0925a040d30912709b8ba4309ae8tstexc-exercise, repositoryType=exercise, triggeredByPushTo=exercise, assignmentRepositoryUri=http://localhost:49152/git/SHORTE1E2C8FB0925A040D30912709B8BA4309AE8TSTEXC/shorte1e2c8fb0925a040d30912709b8ba4309ae8tstexc-exercise.git, testRepositoryUri=http://nadnasidni.tum/scm/SHORTE1E2C8FB0925A040D30912709B8BA4309AE8TSTEXC/SHORTE1E2C8FB0925A040D30912709B8BA4309AE8TSTEXC-tests.git, solutionRepositoryUri=null, auxiliaryRepositoryUris=[Ljava.lang.String;@52c357dc, auxiliaryRepositoryCheckoutDirectories=[Ljava.lang.String;@ca520c6], jobTimingInfo=JobTimingInfo[submissionDate=2025-02-14T23:44:54.411372528Z[Etc/UTC], buildStartDate=2025-02-14T23:44:54.612545140Z[Etc/UTC], buildCompletionDate=null, estimatedCompletionDate=2025-02-14T23:45:13.612539730Z[Etc/UTC], estimatedDuration=19], buildConfig=BuildConfig[buildScript=#!/bin/bash
cd /var/tmp/testing-dir
mvn clean test
, dockerImage=dummy-docker-image, commitHashToBuild=null, assignmentCommitHash=9b3a9bd71a0d80e5bbc42204c319ed3d1d4f0d6d, testCommitHash=9b3a9bd71a0d80e5bbc42204c319ed3d1d4f0d6d, branch=main, programmingLanguage=JAVA, projectType=PLAIN_MAVEN, scaEnabled=false, sequentialTestRunsEnabled=false, resultPaths=[/var/tmp/testing-dir/**/target/surefire-reports/*.xml], timeoutSeconds=0, assignmentCheckoutPath=null, testCheckoutPath=null, solutionCheckoutPath=null, dockerRunConfig=null], submissionResult=null]
    23:44:54.622 | 566 localvc.event-13 | ERROR | .c.a.a.b.s.BuildJobManagementService : Error while executing build job 17511739576694411: de.tum.cit.aet.artemis.core.exception.LocalCIException: Could not pull Docker image dummy-docker-image
java.util.concurrent.ExecutionException: de.tum.cit.aet.artemis.core.exception.LocalCIException: Could not pull Docker image dummy-docker-image
	at java.base/java.util.concurrent.FutureTask.report(FutureTask.java:122)
	at java.base/java.util.concurrent.FutureTask.get(FutureTask.java:205)
	at de.tum.cit.aet.artemis.buildagent.service.BuildJobManagementService.lambda$executeBuildJob$2(BuildJobManagementService.java:165)
	at de.tum.cit.aet.artemis.buildagent.service.BuildJobManagementService.createCompletableFuture(BuildJobManagementService.java:236)
	at de.tum.cit.aet.artemis.buildagent.service.BuildJobManagementService.executeBuildJob(BuildJobManagementService.java:163)
	at de.tum.cit.aet.artemis.buildagent.service.SharedQueueProcessingService.processBuild(SharedQueueProcessingService.java:413)
	at de.tum.cit.aet.artemis.buildagent.service.SharedQueueProcessingService.checkAvailabilityAndProcessNextBuild(SharedQueueProcessingService.java:269)
	at de.tum.cit.aet.artemis.buildagent.service.SharedQueueProcessingService.lambda$processBuild$5(SharedQueueProcessingService.java:480)
	at java.base/java.util.concurrent.CompletableFuture.uniExceptionally(CompletableFuture.java:990)
	at java.base/java.util.concurrent.CompletableFuture.uniExceptionallyStage(CompletableFuture.java:1008)
	at java.base/java.util.concurrent.CompletableFuture.exceptionally(CompletableFuture.java:2396)
	at de.tum.cit.aet.artemis.buildagent.service.SharedQueueProcessingService.processBuild(SharedQueueProcessingService.java:444)
	at de.tum.cit.aet.artemis.buildagent.service.SharedQueueProcessingService.checkAvailabilityAndProcessNextBuild(SharedQueueProcessingService.java:269)
	at de.tum.cit.aet.artemis.buildagent.service.SharedQueueProcessingService.lambda$processBuild$5(SharedQueueProcessingService.java:480)
	at java.base/java.util.concurrent.CompletableFuture.uniExceptionally(CompletableFuture.java:990)
	at java.base/java.util.concurrent.CompletableFuture.uniExceptionallyStage(CompletableFuture.java:1008)
	at java.base/java.util.concurrent.CompletableFuture.exceptionally(CompletableFuture.java:2396)
	at de.tum.cit.aet.artemis.buildagent.service.SharedQueueProcessingService.processBuild(SharedQueueProcessingService.java:444)
	at de.tum.cit.aet.artemis.buildagent.service.SharedQueueProcessingService.checkAvailabilityAndProcessNextBuild(SharedQueueProcessingService.java:269)
	at de.tum.cit.aet.artemis.buildagent.service.SharedQueueProcessingService.lambda$processBuild$5(SharedQueueProcessingService.java:480)
	at java.base/java.util.concurrent.CompletableFuture.uniExceptionally(CompletableFuture.java:990)
	at java.base/java.util.concurrent.CompletableFuture.uniExceptionallyStage(CompletableFuture.java:1008)
	at java.base/java.util.concurrent.CompletableFuture.exceptionally(CompletableFuture.java:2396)
	at de.tum.cit.aet.artemis.buildagent.service.SharedQueueProcessingService.processBuild(SharedQueueProcessingService.java:444)
	at de.tum.cit.aet.artemis.buildagent.service.SharedQueueProcessingService.checkAvailabilityAndProcessNextBuild(SharedQueueProcessingService.java:269)
	at de.tum.cit.aet.artemis.buildagent.service.SharedQueueProcessingService.lambda$processBuild$5(SharedQueueProcessingService.java:480)
	at java.base/java.util.concurrent.CompletableFuture.uniExceptionally(CompletableFuture.java:990)
	at java.base/java.util.concurrent.CompletableFuture.uniExceptionallyStage(CompletableFuture.java:1008)
	at java.base/java.util.concurrent.CompletableFuture.exceptionally(CompletableFuture.java:2396)
	at de.tum.cit.aet.artemis.buildagent.service.SharedQueueProcessingService.processBuild(SharedQueueProcessingService.java:444)
	at de.tum.cit.aet.artemis.buildagent.service.SharedQueueProcessingService.checkAvailabilityAndProcessNextBuild(SharedQueueProcessingService.java:269)
	at de.tum.cit.aet.artemis.buildagent.service.SharedQueueProcessingService.lambda$processBuild$5(SharedQueueProcessingService.java:480)
	at java.base/java.util.concurrent.CompletableFuture.uniExceptionally(CompletableFuture.java:990)
	at java.base/java.util.concurrent.CompletableFuture.uniExceptionallyStage(CompletableFuture.java:1008)
	at java.base/java.util.concurrent.CompletableFuture.exceptionally(CompletableFuture.java:2396)
	at de.tum.cit.aet.artemis.buildagent.service.SharedQueueProcessingService.processBuild(SharedQueueProcessingService.java:444)
	at de.tum.cit.aet.artemis.buildagent.service.SharedQueueProcessingService.checkAvailabilityAndProcessNextBuild(SharedQueueProcessingService.java:269)
	at de.tum.cit.aet.artemis.buildagent.service.SharedQueueProcessingService.lambda$processBuild$5(SharedQueueProcessingService.java:480)
	at java.base/java.util.concurrent.CompletableFuture.uniExceptionally(CompletableFuture.java:990)
	at java.base/java.util.concurrent.CompletableFuture.uniExceptionallyStage(CompletableFuture.java:1008)
	at java.base/java.util.concurrent.CompletableFuture.exceptionally(CompletableFuture.java:2396)
	at de.tum.cit.aet.artemis.buildagent.service.SharedQueueProcessingService.processBuild(SharedQueueProcessingService.java:444)
	at de.tum.cit.aet.artemis.buildagent.service.SharedQueueProcessingService.checkAvailabilityAndProcessNextBuild(SharedQueueProcessingService.java:269)
	at de.tum.cit.aet.artemis.buildagent.service.SharedQueueProcessingService.lambda$processBuild$5(SharedQueueProcessingService.java:480)
	at java.base/java.util.concurrent.CompletableFuture.uniExceptionally(CompletableFuture.java:990)
	at java.base/java.util.concurrent.CompletableFuture.uniExceptionallyStage(CompletableFuture.java:1008)
	at java.base/java.util.concurrent.CompletableFuture.exceptionally(CompletableFuture.java:2396)
	at de.tum.cit.aet.artemis.buildagent.service.SharedQueueProcessingService.processBuild(SharedQueueProcessingService.java:444)
	at de.tum.cit.aet.artemis.buildagent.service.SharedQueueProcessingService.checkAvailabilityAndProcessNextBuild(SharedQueueProcessingService.java:269)
	at de.tum.cit.aet.artemis.buildagent.service.SharedQueueProcessingService$QueuedBuildJobItemListener.itemAdded(SharedQueueProcessingService.java:594)
	at com.hazelcast.collection.impl.queue.QueueService.lambda$dispatchEvent$1(QueueService.java:277)
	at com.hazelcast.internal.namespace.impl.NoOpUserCodeNamespaceService.runWithNamespace(NoOpUserCodeNamespaceService.java:82)
	at com.hazelcast.internal.namespace.NamespaceUtil.runWithNamespace(NamespaceUtil.java:106)
	at com.hazelcast.collection.impl.queue.QueueService.dispatchEvent(QueueService.java:275)
	at com.hazelcast.collection.impl.queue.QueueService.dispatchEvent(QueueService.java:98)
	at com.hazelcast.spi.impl.eventservice.impl.LocalEventDispatcher.run(LocalEventDispatcher.java:64)
	at com.hazelcast.internal.util.executor.StripedExecutor$Worker.process(StripedExecutor.java:244)
	at com.hazelcast.internal.util.executor.StripedExecutor$Worker.run(StripedExecutor.java:227)
Caused by: de.tum.cit.aet.artemis.core.exception.LocalCIException: Could not pull Docker image dummy-docker-image
	at de.tum.cit.aet.artemis.buildagent.service.BuildJobExecutionService.runBuildJob(BuildJobExecutionService.java:157)
	at java.base/jdk.internal.reflect.DirectMethodHandleAccessor.invoke(DirectMethodHandleAccessor.java:103)
	at java.base/java.lang.reflect.Method.invoke(Method.java:580)
	at org.springframework.aop.support.AopUtils.invokeJoinpointUsingReflection(AopUtils.java:359)
	at org.springframework.aop.framework.CglibAopProxy$DynamicAdvisedInterceptor.intercept(CglibAopProxy.java:723)
	at de.tum.cit.aet.artemis.buildagent.service.BuildJobExecutionService$$SpringCGLIB$$0.runBuildJob(<generated>)
	at de.tum.cit.aet.artemis.buildagent.service.BuildJobManagementService.lambda$executeBuildJob$1(BuildJobManagementService.java:129)
	at java.base/java.util.concurrent.FutureTask.run(FutureTask.java:317)
	at java.base/java.util.concurrent.ThreadPoolExecutor.runWorker(ThreadPoolExecutor.java:1144)
	at java.base/java.util.concurrent.ThreadPoolExecutor$Worker.run(ThreadPoolExecutor.java:642)
	at java.base/java.lang.Thread.run(Thread.java:1583)
Caused by: de.tum.cit.aet.artemis.core.exception.LocalCIException: Docker image dummy-docker-image is not compatible with the current architecture. Needed 'linux/amd64', but got 'null'
	at de.tum.cit.aet.artemis.buildagent.service.BuildAgentDockerService.checkImageArchitecture(BuildAgentDockerService.java:291)
	at de.tum.cit.aet.artemis.buildagent.service.BuildAgentDockerService.pullDockerImage(BuildAgentDockerService.java:223)
	at de.tum.cit.aet.artemis.buildagent.service.BuildJobExecutionService.runBuildJob(BuildJobExecutionService.java:152)
	... 10 common frames omitted
    23:44:54.622 | 566 localvc.event-13 | INFO  | .c.a.a.b.s.BuildJobManagementService : Getting ID of running container local-ci-17511739576694411
    23:44:54.622 | 566 localvc.event-13 | INFO  | .c.a.a.b.s.BuildJobManagementService : Stopping unresponsive container with ID null
    23:44:54.622 | 566 localvc.event-13 | DEBUG | a.a.b.s.SharedQueueProcessingService : Build job completed with exception: BuildJobQueueItem[id=17511739576694411, name=SHORTE1E2C8FB0925A040D30912709B8BA4309AE8TSTEXC-BASE, buildAgent=BuildAgentDTO[name=artemis-build-agent-test, memberAddress=[127.0.0.1]:5703, displayName=artemis-build-agent-test], participationId=1751, courseId=874, exerciseId=2449, retryCount=0, priority=2, status=null, repositoryInfo=RepositoryInfo[repositoryName=shorte1e2c8fb0925a040d30912709b8ba4309ae8tstexc-exercise, repositoryType=exercise, triggeredByPushTo=exercise, assignmentRepositoryUri=http://localhost:49152/git/SHORTE1E2C8FB0925A040D30912709B8BA4309AE8TSTEXC/shorte1e2c8fb0925a040d30912709b8ba4309ae8tstexc-exercise.git, testRepositoryUri=http://nadnasidni.tum/scm/SHORTE1E2C8FB0925A040D30912709B8BA4309AE8TSTEXC/SHORTE1E2C8FB0925A040D30912709B8BA4309AE8TSTEXC-tests.git, solutionRepositoryUri=null, auxiliaryRepositoryUris=[Ljava.lang.String;@52c357dc, auxiliaryRepositoryCheckoutDirectories=[Ljava.lang.String;@ca520c6], jobTimingInfo=JobTimingInfo[submissionDate=2025-02-14T23:44:54.411372528Z[Etc/UTC], buildStartDate=2025-02-14T23:44:54.612545140Z[Etc/UTC], buildCompletionDate=null, estimatedCompletionDate=2025-02-14T23:45:13.612539730Z[Etc/UTC], estimatedDuration=19], buildConfig=BuildConfig[buildScript=#!/bin/bash
cd /var/tmp/testing-dir
mvn clean test
, dockerImage=dummy-docker-image, commitHashToBuild=null, assignmentCommitHash=9b3a9bd71a0d80e5bbc42204c319ed3d1d4f0d6d, testCommitHash=9b3a9bd71a0d80e5bbc42204c319ed3d1d4f0d6d, branch=main, programmingLanguage=JAVA, projectType=PLAIN_MAVEN, scaEnabled=false, sequentialTestRunsEnabled=false, resultPaths=[/var/tmp/testing-dir/**/target/surefire-reports/*.xml], timeoutSeconds=0, assignmentCheckoutPath=null, testCheckoutPath=null, solutionCheckoutPath=null, dockerRunConfig=null], submissionResult=null]
java.util.concurrent.CompletionException: java.util.concurrent.ExecutionException: de.tum.cit.aet.artemis.core.exception.LocalCIException: Could not pull Docker image dummy-docker-image
	at de.tum.cit.aet.artemis.buildagent.service.BuildJobManagementService.lambda$executeBuildJob$2(BuildJobManagementService.java:188)
	at de.tum.cit.aet.artemis.buildagent.service.BuildJobManagementService.createCompletableFuture(BuildJobManagementService.java:236)
	at de.tum.cit.aet.artemis.buildagent.service.BuildJobManagementService.executeBuildJob(BuildJobManagementService.java:163)
	at de.tum.cit.aet.artemis.buildagent.service.SharedQueueProcessingService.processBuild(SharedQueueProcessingService.java:413)
	at de.tum.cit.aet.artemis.buildagent.service.SharedQueueProcessingService.checkAvailabilityAndProcessNextBuild(SharedQueueProcessingService.java:269)
	at de.tum.cit.aet.artemis.buildagent.service.SharedQueueProcessingService.lambda$processBuild$5(SharedQueueProcessingService.java:480)
	at java.base/java.util.concurrent.CompletableFuture.uniExceptionally(CompletableFuture.java:990)
	at java.base/java.util.concurrent.CompletableFuture.uniExceptionallyStage(CompletableFuture.java:1008)
	at java.base/java.util.concurrent.CompletableFuture.exceptionally(CompletableFuture.java:2396)
	at de.tum.cit.aet.artemis.buildagent.service.SharedQueueProcessingService.processBuild(SharedQueueProcessingService.java:444)
	at de.tum.cit.aet.artemis.buildagent.service.SharedQueueProcessingService.checkAvailabilityAndProcessNextBuild(SharedQueueProcessingService.java:269)
	at de.tum.cit.aet.artemis.buildagent.service.SharedQueueProcessingService.lambda$processBuild$5(SharedQueueProcessingService.java:480)
	at java.base/java.util.concurrent.CompletableFuture.uniExceptionally(CompletableFuture.java:990)
	at java.base/java.util.concurrent.CompletableFuture.uniExceptionallyStage(CompletableFuture.java:1008)
	at java.base/java.util.concurrent.CompletableFuture.exceptionally(CompletableFuture.java:2396)
	at de.tum.cit.aet.artemis.buildagent.service.SharedQueueProcessingService.processBuild(SharedQueueProcessingService.java:444)
	at de.tum.cit.aet.artemis.buildagent.service.SharedQueueProcessingService.checkAvailabilityAndProcessNextBuild(SharedQueueProcessingService.java:269)
	at de.tum.cit.aet.artemis.buildagent.service.SharedQueueProcessingService.lambda$processBuild$5(SharedQueueProcessingService.java:480)
	at java.base/java.util.concurrent.CompletableFuture.uniExceptionally(CompletableFuture.java:990)
	at java.base/java.util.concurrent.CompletableFuture.uniExceptionallyStage(CompletableFuture.java:1008)
	at java.base/java.util.concurrent.CompletableFuture.exceptionally(CompletableFuture.java:2396)
	at de.tum.cit.aet.artemis.buildagent.service.SharedQueueProcessingService.processBuild(SharedQueueProcessingService.java:444)
	at de.tum.cit.aet.artemis.buildagent.service.SharedQueueProcessingService.checkAvailabilityAndProcessNextBuild(SharedQueueProcessingService.java:269)
	at de.tum.cit.aet.artemis.buildagent.service.SharedQueueProcessingService.lambda$processBuild$5(SharedQueueProcessingService.java:480)
	at java.base/java.util.concurrent.CompletableFuture.uniExceptionally(CompletableFuture.java:990)
	at java.base/java.util.concurrent.CompletableFuture.uniExceptionallyStage(CompletableFuture.java:1008)
	at java.base/java.util.concurrent.CompletableFuture.exceptionally(CompletableFuture.java:2396)
	at de.tum.cit.aet.artemis.buildagent.service.SharedQueueProcessingService.processBuild(SharedQueueProcessingService.java:444)
	at de.tum.cit.aet.artemis.buildagent.service.SharedQueueProcessingService.checkAvailabilityAndProcessNextBuild(SharedQueueProcessingService.java:269)
	at de.tum.cit.aet.artemis.buildagent.service.SharedQueueProcessingService.lambda$processBuild$5(SharedQueueProcessingService.java:480)
	at java.base/java.util.concurrent.CompletableFuture.uniExceptionally(CompletableFuture.java:990)
	at java.base/java.util.concurrent.CompletableFuture.uniExceptionallyStage(CompletableFuture.java:1008)
	at java.base/java.util.concurrent.CompletableFuture.exceptionally(CompletableFuture.java:2396)
	at de.tum.cit.aet.artemis.buildagent.service.SharedQueueProcessingService.processBuild(SharedQueueProcessingService.java:444)
	at de.tum.cit.aet.artemis.buildagent.service.SharedQueueProcessingService.checkAvailabilityAndProcessNextBuild(SharedQueueProcessingService.java:269)
	at de.tum.cit.aet.artemis.buildagent.service.SharedQueueProcessingService.lambda$processBuild$5(SharedQueueProcessingService.java:480)
	at java.base/java.util.concurrent.CompletableFuture.uniExceptionally(CompletableFuture.java:990)
	at java.base/java.util.concurrent.CompletableFuture.uniExceptionallyStage(CompletableFuture.java:1008)
	at java.base/java.util.concurrent.CompletableFuture.exceptionally(CompletableFuture.java:2396)
	at de.tum.cit.aet.artemis.buildagent.service.SharedQueueProcessingService.processBuild(SharedQueueProcessingService.java:444)
	at de.tum.cit.aet.artemis.buildagent.service.SharedQueueProcessingService.checkAvailabilityAndProcessNextBuild(SharedQueueProcessingService.java:269)
	at de.tum.cit.aet.artemis.buildagent.service.SharedQueueProcessingService.lambda$processBuild$5(SharedQueueProcessingService.java:480)
	at java.base/java.util.concurrent.CompletableFuture.uniExceptionally(CompletableFuture.java:990)
	at java.base/java.util.concurrent.CompletableFuture.uniExceptionallyStage(CompletableFuture.java:1008)
	at java.base/java.util.concurrent.CompletableFuture.exceptionally(CompletableFuture.java:2396)
	at de.tum.cit.aet.artemis.buildagent.service.SharedQueueProcessingService.processBuild(SharedQueueProcessingService.java:444)
	at de.tum.cit.aet.artemis.buildagent.service.SharedQueueProcessingService.checkAvailabilityAndProcessNextBuild(SharedQueueProcessingService.java:269)
	at de.tum.cit.aet.artemis.buildagent.service.SharedQueueProcessingService$QueuedBuildJobItemListener.itemAdded(SharedQueueProcessingService.java:594)
	at com.hazelcast.collection.impl.queue.QueueService.lambda$dispatchEvent$1(QueueService.java:277)
	at com.hazelcast.internal.namespace.impl.NoOpUserCodeNamespaceService.runWithNamespace(NoOpUserCodeNamespaceService.java:82)
	at com.hazelcast.internal.namespace.NamespaceUtil.runWithNamespace(NamespaceUtil.java:106)
	at com.hazelcast.collection.impl.queue.QueueService.dispatchEvent(QueueService.java:275)
	at com.hazelcast.collection.impl.queue.QueueService.dispatchEvent(QueueService.java:98)
	at com.hazelcast.spi.impl.eventservice.impl.LocalEventDispatcher.run(LocalEventDispatcher.java:64)
	at com.hazelcast.internal.util.executor.StripedExecutor$Worker.process(StripedExecutor.java:244)
	at com.hazelcast.internal.util.executor.StripedExecutor$Worker.run(StripedExecutor.java:227)
Caused by: java.util.concurrent.ExecutionException: de.tum.cit.aet.artemis.core.exception.LocalCIException: Could not pull Docker image dummy-docker-image
	at java.base/java.util.concurrent.FutureTask.report(FutureTask.java:122)
	at java.base/java.util.concurrent.FutureTask.get(FutureTask.java:205)
	at de.tum.cit.aet.artemis.buildagent.service.BuildJobManagementService.lambda$executeBuildJob$2(BuildJobManagementService.java:165)
	... 55 common frames omitted
Caused by: de.tum.cit.aet.artemis.core.exception.LocalCIException: Could not pull Docker image dummy-docker-image
	at de.tum.cit.aet.artemis.buildagent.service.BuildJobExecutionService.runBuildJob(BuildJobExecutionService.java:157)
	at java.base/jdk.internal.reflect.DirectMethodHandleAccessor.invoke(DirectMethodHandleAccessor.java:103)
	at java.base/java.lang.reflect.Method.invoke(Method.java:580)
	at org.springframework.aop.support.AopUtils.invokeJoinpointUsingReflection(AopUtils.java:359)
	at org.springframework.aop.framework.CglibAopProxy$DynamicAdvisedInterceptor.intercept(CglibAopProxy.java:723)
	at de.tum.cit.aet.artemis.buildagent.service.BuildJobExecutionService$$SpringCGLIB$$0.runBuildJob(<generated>)
	at de.tum.cit.aet.artemis.buildagent.service.BuildJobManagementService.lambda$executeBuildJob$1(BuildJobManagementService.java:129)
	at java.base/java.util.concurrent.FutureTask.run(FutureTask.java:317)
	at java.base/java.util.concurrent.ThreadPoolExecutor.runWorker(ThreadPoolExecutor.java:1144)
	at java.base/java.util.concurrent.ThreadPoolExecutor$Worker.run(ThreadPoolExecutor.java:642)
	at java.base/java.lang.Thread.run(Thread.java:1583)
Caused by: de.tum.cit.aet.artemis.core.exception.LocalCIException: Docker image dummy-docker-image is not compatible with the current architecture. Needed 'linux/amd64', but got 'null'
	at de.tum.cit.aet.artemis.buildagent.service.BuildAgentDockerService.checkImageArchitecture(BuildAgentDockerService.java:291)
	at de.tum.cit.aet.artemis.buildagent.service.BuildAgentDockerService.pullDockerImage(BuildAgentDockerService.java:223)
	at de.tum.cit.aet.artemis.buildagent.service.BuildJobExecutionService.runBuildJob(BuildJobExecutionService.java:152)
	... 10 common frames omitted
    23:44:54.622 | 566 localvc.event-13 | ERROR | a.a.b.s.SharedQueueProcessingService : Error while processing build job: BuildJobQueueItem[id=17511739576694411, name=SHORTE1E2C8FB0925A040D30912709B8BA4309AE8TSTEXC-BASE, buildAgent=BuildAgentDTO[name=artemis-build-agent-test, memberAddress=[127.0.0.1]:5703, displayName=artemis-build-agent-test], participationId=1751, courseId=874, exerciseId=2449, retryCount=0, priority=2, status=null, repositoryInfo=RepositoryInfo[repositoryName=shorte1e2c8fb0925a040d30912709b8ba4309ae8tstexc-exercise, repositoryType=exercise, triggeredByPushTo=exercise, assignmentRepositoryUri=http://localhost:49152/git/SHORTE1E2C8FB0925A040D30912709B8BA4309AE8TSTEXC/shorte1e2c8fb0925a040d30912709b8ba4309ae8tstexc-exercise.git, testRepositoryUri=http://nadnasidni.tum/scm/SHORTE1E2C8FB0925A040D30912709B8BA4309AE8TSTEXC/SHORTE1E2C8FB0925A040D30912709B8BA4309AE8TSTEXC-tests.git, solutionRepositoryUri=null, auxiliaryRepositoryUris=[Ljava.lang.String;@52c357dc, auxiliaryRepositoryCheckoutDirectories=[Ljava.lang.String;@ca520c6], jobTimingInfo=JobTimingInfo[submissionDate=2025-02-14T23:44:54.411372528Z[Etc/UTC], buildStartDate=2025-02-14T23:44:54.612545140Z[Etc/UTC], buildCompletionDate=null, estimatedCompletionDate=2025-02-14T23:45:13.612539730Z[Etc/UTC], estimatedDuration=19], buildConfig=BuildConfig[buildScript=#!/bin/bash
cd /var/tmp/testing-dir
mvn clean test
, dockerImage=dummy-docker-image, commitHashToBuild=null, assignmentCommitHash=9b3a9bd71a0d80e5bbc42204c319ed3d1d4f0d6d, testCommitHash=9b3a9bd71a0d80e5bbc42204c319ed3d1d4f0d6d, branch=main, programmingLanguage=JAVA, projectType=PLAIN_MAVEN, scaEnabled=false, sequentialTestRunsEnabled=false, resultPaths=[/var/tmp/testing-dir/**/target/surefire-reports/*.xml], timeoutSeconds=0, assignmentCheckoutPath=null, testCheckoutPath=null, solutionCheckoutPath=null, dockerRunConfig=null], submissionResult=null]
java.util.concurrent.CompletionException: java.util.concurrent.ExecutionException: de.tum.cit.aet.artemis.core.exception.LocalCIException: Could not pull Docker image dummy-docker-image
	at de.tum.cit.aet.artemis.buildagent.service.BuildJobManagementService.lambda$executeBuildJob$2(BuildJobManagementService.java:188)
	at de.tum.cit.aet.artemis.buildagent.service.BuildJobManagementService.createCompletableFuture(BuildJobManagementService.java:236)
	at de.tum.cit.aet.artemis.buildagent.service.BuildJobManagementService.executeBuildJob(BuildJobManagementService.java:163)
	at de.tum.cit.aet.artemis.buildagent.service.SharedQueueProcessingService.processBuild(SharedQueueProcessingService.java:413)
	at de.tum.cit.aet.artemis.buildagent.service.SharedQueueProcessingService.checkAvailabilityAndProcessNextBuild(SharedQueueProcessingService.java:269)
	at de.tum.cit.aet.artemis.buildagent.service.SharedQueueProcessingService.lambda$processBuild$5(SharedQueueProcessingService.java:480)
	at java.base/java.util.concurrent.CompletableFuture.uniExceptionally(CompletableFuture.java:990)
	at java.base/java.util.concurrent.CompletableFuture.uniExceptionallyStage(CompletableFuture.java:1008)
	at java.base/java.util.concurrent.CompletableFuture.exceptionally(CompletableFuture.java:2396)
	at de.tum.cit.aet.artemis.buildagent.service.SharedQueueProcessingService.processBuild(SharedQueueProcessingService.java:444)
	at de.tum.cit.aet.artemis.buildagent.service.SharedQueueProcessingService.checkAvailabilityAndProcessNextBuild(SharedQueueProcessingService.java:269)
	at de.tum.cit.aet.artemis.buildagent.service.SharedQueueProcessingService.lambda$processBuild$5(SharedQueueProcessingService.java:480)
	at java.base/java.util.concurrent.CompletableFuture.uniExceptionally(CompletableFuture.java:990)
	at java.base/java.util.concurrent.CompletableFuture.uniExceptionallyStage(CompletableFuture.java:1008)
	at java.base/java.util.concurrent.CompletableFuture.exceptionally(CompletableFuture.java:2396)
	at de.tum.cit.aet.artemis.buildagent.service.SharedQueueProcessingService.processBuild(SharedQueueProcessingService.java:444)
	at de.tum.cit.aet.artemis.buildagent.service.SharedQueueProcessingService.checkAvailabilityAndProcessNextBuild(SharedQueueProcessingService.java:269)
	at de.tum.cit.aet.artemis.buildagent.service.SharedQueueProcessingService.lambda$processBuild$5(SharedQueueProcessingService.java:480)
	at java.base/java.util.concurrent.CompletableFuture.uniExceptionally(CompletableFuture.java:990)
	at java.base/java.util.concurrent.CompletableFuture.uniExceptionallyStage(CompletableFuture.java:1008)
	at java.base/java.util.concurrent.CompletableFuture.exceptionally(CompletableFuture.java:2396)
	at de.tum.cit.aet.artemis.buildagent.service.SharedQueueProcessingService.processBuild(SharedQueueProcessingService.java:444)
	at de.tum.cit.aet.artemis.buildagent.service.SharedQueueProcessingService.checkAvailabilityAndProcessNextBuild(SharedQueueProcessingService.java:269)
	at de.tum.cit.aet.artemis.buildagent.service.SharedQueueProcessingService.lambda$processBuild$5(SharedQueueProcessingService.java:480)
	at java.base/java.util.concurrent.CompletableFuture.uniExceptionally(CompletableFuture.java:990)
	at java.base/java.util.concurrent.CompletableFuture.uniExceptionallyStage(CompletableFuture.java:1008)
	at java.base/java.util.concurrent.CompletableFuture.exceptionally(CompletableFuture.java:2396)
	at de.tum.cit.aet.artemis.buildagent.service.SharedQueueProcessingService.processBuild(SharedQueueProcessingService.java:444)
	at de.tum.cit.aet.artemis.buildagent.service.SharedQueueProcessingService.checkAvailabilityAndProcessNextBuild(SharedQueueProcessingService.java:269)
	at de.tum.cit.aet.artemis.buildagent.service.SharedQueueProcessingService.lambda$processBuild$5(SharedQueueProcessingService.java:480)
	at java.base/java.util.concurrent.CompletableFuture.uniExceptionally(CompletableFuture.java:990)
	at java.base/java.util.concurrent.CompletableFuture.uniExceptionallyStage(CompletableFuture.java:1008)
	at java.base/java.util.concurrent.CompletableFuture.exceptionally(CompletableFuture.java:2396)
	at de.tum.cit.aet.artemis.buildagent.service.SharedQueueProcessingService.processBuild(SharedQueueProcessingService.java:444)
	at de.tum.cit.aet.artemis.buildagent.service.SharedQueueProcessingService.checkAvailabilityAndProcessNextBuild(SharedQueueProcessingService.java:269)
	at de.tum.cit.aet.artemis.buildagent.service.SharedQueueProcessingService.lambda$processBuild$5(SharedQueueProcessingService.java:480)
	at java.base/java.util.concurrent.CompletableFuture.uniExceptionally(CompletableFuture.java:990)
	at java.base/java.util.concurrent.CompletableFuture.uniExceptionallyStage(CompletableFuture.java:1008)
	at java.base/java.util.concurrent.CompletableFuture.exceptionally(CompletableFuture.java:2396)
	at de.tum.cit.aet.artemis.buildagent.service.SharedQueueProcessingService.processBuild(SharedQueueProcessingService.java:444)
	at de.tum.cit.aet.artemis.buildagent.service.SharedQueueProcessingService.checkAvailabilityAndProcessNextBuild(SharedQueueProcessingService.java:269)
	at de.tum.cit.aet.artemis.buildagent.service.SharedQueueProcessingService.lambda$processBuild$5(SharedQueueProcessingService.java:480)
	at java.base/java.util.concurrent.CompletableFuture.uniExceptionally(CompletableFuture.java:990)
	at java.base/java.util.concurrent.CompletableFuture.uniExceptionallyStage(CompletableFuture.java:1008)
	at java.base/java.util.concurrent.CompletableFuture.exceptionally(CompletableFuture.java:2396)
	at de.tum.cit.aet.artemis.buildagent.service.SharedQueueProcessingService.processBuild(SharedQueueProcessingService.java:444)
	at de.tum.cit.aet.artemis.buildagent.service.SharedQueueProcessingService.checkAvailabilityAndProcessNextBuild(SharedQueueProcessingService.java:269)
	at de.tum.cit.aet.artemis.buildagent.service.SharedQueueProcessingService$QueuedBuildJobItemListener.itemAdded(SharedQueueProcessingService.java:594)
	at com.hazelcast.collection.impl.queue.QueueService.lambda$dispatchEvent$1(QueueService.java:277)
	at com.hazelcast.internal.namespace.impl.NoOpUserCodeNamespaceService.runWithNamespace(NoOpUserCodeNamespaceService.java:82)
	at com.hazelcast.internal.namespace.NamespaceUtil.runWithNamespace(NamespaceUtil.java:106)
	at com.hazelcast.collection.impl.queue.QueueService.dispatchEvent(QueueService.java:275)
	at com.hazelcast.collection.impl.queue.QueueService.dispatchEvent(QueueService.java:98)
	at com.hazelcast.spi.impl.eventservice.impl.LocalEventDispatcher.run(LocalEventDispatcher.java:64)
	at com.hazelcast.internal.util.executor.StripedExecutor$Worker.process(StripedExecutor.java:244)
	at com.hazelcast.internal.util.executor.StripedExecutor$Worker.run(StripedExecutor.java:227)
Caused by: java.util.concurrent.ExecutionException: de.tum.cit.aet.artemis.core.exception.LocalCIException: Could not pull Docker image dummy-docker-image
	at java.base/java.util.concurrent.FutureTask.report(FutureTask.java:122)
	at java.base/java.util.concurrent.FutureTask.get(FutureTask.java:205)
	at de.tum.cit.aet.artemis.buildagent.service.BuildJobManagementService.lambda$executeBuildJob$2(BuildJobManagementService.java:165)
	... 55 common frames omitted
Caused by: de.tum.cit.aet.artemis.core.exception.LocalCIException: Could not pull Docker image dummy-docker-image
	at de.tum.cit.aet.artemis.buildagent.service.BuildJobExecutionService.runBuildJob(BuildJobExecutionService.java:157)
	at java.base/jdk.internal.reflect.DirectMethodHandleAccessor.invoke(DirectMethodHandleAccessor.java:103)
	at java.base/java.lang.reflect.Method.invoke(Method.java:580)
	at org.springframework.aop.support.AopUtils.invokeJoinpointUsingReflection(AopUtils.java:359)
	at org.springframework.aop.framework.CglibAopProxy$DynamicAdvisedInterceptor.intercept(CglibAopProxy.java:723)
	at de.tum.cit.aet.artemis.buildagent.service.BuildJobExecutionService$$SpringCGLIB$$0.runBuildJob(<generated>)
	at de.tum.cit.aet.artemis.buildagent.service.BuildJobManagementService.lambda$executeBuildJob$1(BuildJobManagementService.java:129)
	at java.base/java.util.concurrent.FutureTask.run(FutureTask.java:317)
	at java.base/java.util.concurrent.ThreadPoolExecutor.runWorker(ThreadPoolExecutor.java:1144)
	at java.base/java.util.concurrent.ThreadPoolExecutor$Worker.run(ThreadPoolExecutor.java:642)
	at java.base/java.lang.Thread.run(Thread.java:1583)
Caused by: de.tum.cit.aet.artemis.core.exception.LocalCIException: Docker image dummy-docker-image is not compatible with the current architecture. Needed 'linux/amd64', but got 'null'
	at de.tum.cit.aet.artemis.buildagent.service.BuildAgentDockerService.checkImageArchitecture(BuildAgentDockerService.java:291)
	at de.tum.cit.aet.artemis.buildagent.service.BuildAgentDockerService.pullDockerImage(BuildAgentDockerService.java:223)
	at de.tum.cit.aet.artemis.buildagent.service.BuildJobExecutionService.runBuildJob(BuildJobExecutionService.java:152)
	... 10 common frames omitted
    23:44:54.624 | 568 localvc.event-15 | DEBUG | a.p.s.l.LocalCIQueueWebsocketService : CIBuildJobQueueItem removed from processing jobs: BuildJobQueueItem[id=17511739576694411, name=SHORTE1E2C8FB0925A040D30912709B8BA4309AE8TSTEXC-BASE, buildAgent=BuildAgentDTO[name=artemis-build-agent-test, memberAddress=[127.0.0.1]:5703, displayName=artemis-build-agent-test], participationId=1751, courseId=874, exerciseId=2449, retryCount=0, priority=2, status=null, repositoryInfo=RepositoryInfo[repositoryName=shorte1e2c8fb0925a040d30912709b8ba4309ae8tstexc-exercise, repositoryType=exercise, triggeredByPushTo=exercise, assignmentRepositoryUri=http://localhost:49152/git/SHORTE1E2C8FB0925A040D30912709B8BA4309AE8TSTEXC/shorte1e2c8fb0925a040d30912709b8ba4309ae8tstexc-exercise.git, testRepositoryUri=http://nadnasidni.tum/scm/SHORTE1E2C8FB0925A040D30912709B8BA4309AE8TSTEXC/SHORTE1E2C8FB0925A040D30912709B8BA4309AE8TSTEXC-tests.git, solutionRepositoryUri=null, auxiliaryRepositoryUris=[Ljava.lang.String;@3681f5c, auxiliaryRepositoryCheckoutDirectories=[Ljava.lang.String;@64966f4c], jobTimingInfo=JobTimingInfo[submissionDate=2025-02-14T23:44:54.411372528Z[Etc/UTC], buildStartDate=2025-02-14T23:44:54.612545140Z[Etc/UTC], buildCompletionDate=null, estimatedCompletionDate=2025-02-14T23:45:13.612539730Z[Etc/UTC], estimatedDuration=19], buildConfig=BuildConfig[buildScript=#!/bin/bash
cd /var/tmp/testing-dir
mvn clean test
, dockerImage=dummy-docker-image, commitHashToBuild=null, assignmentCommitHash=9b3a9bd71a0d80e5bbc42204c319ed3d1d4f0d6d, testCommitHash=9b3a9bd71a0d80e5bbc42204c319ed3d1d4f0d6d, branch=main, programmingLanguage=JAVA, projectType=PLAIN_MAVEN, scaEnabled=false, sequentialTestRunsEnabled=false, resultPaths=[/var/tmp/testing-dir/**/target/surefire-reports/*.xml], timeoutSeconds=0, assignmentCheckoutPath=null, testCheckoutPath=null, solutionCheckoutPath=null, dockerRunConfig=null], submissionResult=null]
    23:44:54.624 | 568 localvc.event-15 | DEBUG | s.l.LocalCIWebsocketMessagingService : Sending message on topic /topic/admin/running-jobs: []
    23:44:54.624 | 568 localvc.event-15 | DEBUG | s.l.LocalCIWebsocketMessagingService : Sending message on topic /topic/courses/874/running-jobs: []
    23:44:54.633 | 566 localvc.event-13 | DEBUG | a.a.b.s.SharedQueueProcessingService : Currently processing jobs on this node: 0, active threads in Pool: 0, maximum pool size of thread executor : 1
    23:44:54.633 | 566 localvc.event-13 | DEBUG | a.a.b.s.SharedQueueProcessingService : Currently processing jobs on this node: 0, active threads in Pool: 0, maximum pool size of thread executor : 1
    23:44:54.634 | 568 localvc.event-15 | DEBUG | a.p.s.l.LocalCIQueueWebsocketService : CIBuildJobQueueItem added to processing jobs: BuildJobQueueItem[id=17521739576694519, name=SHORTFDB0CC0C02BA4046D90BD74095B77B392C2CTSTEXC-SOLUTION, buildAgent=BuildAgentDTO[name=artemis-build-agent-test, memberAddress=[127.0.0.1]:5703, displayName=artemis-build-agent-test], participationId=1752, courseId=875, exerciseId=2450, retryCount=0, priority=2, status=null, repositoryInfo=RepositoryInfo[repositoryName=shortfdb0cc0c02ba4046d90bd74095b77b392c2ctstexc-solution, repositoryType=solution, triggeredByPushTo=solution, assignmentRepositoryUri=http://localhost:49152/git/SHORTFDB0CC0C02BA4046D90BD74095B77B392C2CTSTEXC/shortfdb0cc0c02ba4046d90bd74095b77b392c2ctstexc-solution.git, testRepositoryUri=http://nadnasidni.tum/scm/SHORTFDB0CC0C02BA4046D90BD74095B77B392C2CTSTEXC/SHORTFDB0CC0C02BA4046D90BD74095B77B392C2CTSTEXC-tests.git, solutionRepositoryUri=null, auxiliaryRepositoryUris=[Ljava.lang.String;@36492b6c, auxiliaryRepositoryCheckoutDirectories=[Ljava.lang.String;@61f2dee6], jobTimingInfo=JobTimingInfo[submissionDate=2025-02-14T23:44:54.519944287Z[Etc/UTC], buildStartDate=2025-02-14T23:44:54.633715Z[Etc/UTC], buildCompletionDate=null, estimatedCompletionDate=2025-02-14T23:45:13.633710151Z[Etc/UTC], estimatedDuration=19], buildConfig=BuildConfig[buildScript=#!/bin/bash
cd /var/tmp/testing-dir
mvn clean test
, dockerImage=dummy-docker-image, commitHashToBuild=null, assignmentCommitHash=9b3a9bd71a0d80e5bbc42204c319ed3d1d4f0d6d, testCommitHash=9b3a9bd71a0d80e5bbc42204c319ed3d1d4f0d6d, branch=main, programmingLanguage=JAVA, projectType=PLAIN_MAVEN, scaEnabled=false, sequentialTestRunsEnabled=false, resultPaths=[/var/tmp/testing-dir/**/target/surefire-reports/*.xml], timeoutSeconds=0, assignmentCheckoutPath=null, testCheckoutPath=null, solutionCheckoutPath=null, dockerRunConfig=null], submissionResult=null]
    23:44:54.634 | 568 localvc.event-15 | DEBUG | s.l.LocalCIWebsocketMessagingService : Sending message on topic /topic/admin/running-jobs: [BuildJobQueueItem[id=17521739576694519, name=SHORTFDB0CC0C02BA4046D90BD74095B77B392C2CTSTEXC-SOLUTION, buildAgent=BuildAgentDTO[name=artemis-build-agent-test, memberAddress=[127.0.0.1]:5703, displayName=artemis-build-agent-test], participationId=1752, courseId=875, exerciseId=2450, retryCount=0, priority=2, status=null, repositoryInfo=RepositoryInfo[repositoryName=shortfdb0cc0c02ba4046d90bd74095b77b392c2ctstexc-solution, repositoryType=solution, triggeredByPushTo=solution, assignmentRepositoryUri=, testRepositoryUri=, solutionRepositoryUri=, auxiliaryRepositoryUris=null, auxiliaryRepositoryCheckoutDirectories=null], jobTimingInfo=JobTimingInfo[submissionDate=2025-02-14T23:44:54.519944287Z[Etc/UTC], buildStartDate=2025-02-14T23:44:54.633715Z[Etc/UTC], buildCompletionDate=null, estimatedCompletionDate=2025-02-14T23:45:13.633710151Z[Etc/UTC], estimatedDuration=19], buildConfig=BuildConfig[buildScript=, dockerImage=, commitHashToBuild=null, assignmentCommitHash=, testCommitHash=, branch=, programmingLanguage=null, projectType=null, scaEnabled=false, sequentialTestRunsEnabled=false, resultPaths=null, timeoutSeconds=0, assignmentCheckoutPath=, testCheckoutPath=, solutionCheckoutPath=, dockerRunConfig=null], submissionResult=null]]
    23:44:54.634 | 568 localvc.event-15 | DEBUG | s.l.LocalCIWebsocketMessagingService : Sending message on topic /topic/courses/875/running-jobs: [BuildJobQueueItem[id=17521739576694519, name=SHORTFDB0CC0C02BA4046D90BD74095B77B392C2CTSTEXC-SOLUTION, buildAgent=BuildAgentDTO[name=artemis-build-agent-test, memberAddress=[127.0.0.1]:5703, displayName=artemis-build-agent-test], participationId=1752, courseId=875, exerciseId=2450, retryCount=0, priority=2, status=null, repositoryInfo=RepositoryInfo[repositoryName=shortfdb0cc0c02ba4046d90bd74095b77b392c2ctstexc-solution, repositoryType=solution, triggeredByPushTo=solution, assignmentRepositoryUri=, testRepositoryUri=, solutionRepositoryUri=, auxiliaryRepositoryUris=null, auxiliaryRepositoryCheckoutDirectories=null], jobTimingInfo=JobTimingInfo[submissionDate=2025-02-14T23:44:54.519944287Z[Etc/UTC], buildStartDate=2025-02-14T23:44:54.633715Z[Etc/UTC], buildCompletionDate=null, estimatedCompletionDate=2025-02-14T23:45:13.633710151Z[Etc/UTC], estimatedDuration=19], buildConfig=BuildConfig[buildScript=, dockerImage=, commitHashToBuild=null, assignmentCommitHash=, testCommitHash=, branch=, programmingLanguage=null, projectType=null, scaEnabled=false, sequentialTestRunsEnabled=false, resultPaths=null, timeoutSeconds=0, assignmentCheckoutPath=, testCheckoutPath=, solutionCheckoutPath=, dockerRunConfig=null], submissionResult=null]]
    23:44:54.641 | 566 localvc.event-13 | INFO  | a.a.b.s.SharedQueueProcessingService : Processing build job: BuildJobQueueItem[id=17521739576694519, name=SHORTFDB0CC0C02BA4046D90BD74095B77B392C2CTSTEXC-SOLUTION, buildAgent=BuildAgentDTO[name=artemis-build-agent-test, memberAddress=[127.0.0.1]:5703, displayName=artemis-build-agent-test], participationId=1752, courseId=875, exerciseId=2450, retryCount=0, priority=2, status=null, repositoryInfo=RepositoryInfo[repositoryName=shortfdb0cc0c02ba4046d90bd74095b77b392c2ctstexc-solution, repositoryType=solution, triggeredByPushTo=solution, assignmentRepositoryUri=http://localhost:49152/git/SHORTFDB0CC0C02BA4046D90BD74095B77B392C2CTSTEXC/shortfdb0cc0c02ba4046d90bd74095b77b392c2ctstexc-solution.git, testRepositoryUri=http://nadnasidni.tum/scm/SHORTFDB0CC0C02BA4046D90BD74095B77B392C2CTSTEXC/SHORTFDB0CC0C02BA4046D90BD74095B77B392C2CTSTEXC-tests.git, solutionRepositoryUri=null, auxiliaryRepositoryUris=[Ljava.lang.String;@7406f685, auxiliaryRepositoryCheckoutDirectories=[Ljava.lang.String;@7f7d6690], jobTimingInfo=JobTimingInfo[submissionDate=2025-02-14T23:44:54.519944287Z[Etc/UTC], buildStartDate=2025-02-14T23:44:54.633715Z[Etc/UTC], buildCompletionDate=null, estimatedCompletionDate=2025-02-14T23:45:13.633710151Z[Etc/UTC], estimatedDuration=19], buildConfig=BuildConfig[buildScript=#!/bin/bash
cd /var/tmp/testing-dir
mvn clean test
, dockerImage=dummy-docker-image, commitHashToBuild=null, assignmentCommitHash=9b3a9bd71a0d80e5bbc42204c319ed3d1d4f0d6d, testCommitHash=9b3a9bd71a0d80e5bbc42204c319ed3d1d4f0d6d, branch=main, programmingLanguage=JAVA, projectType=PLAIN_MAVEN, scaEnabled=false, sequentialTestRunsEnabled=false, resultPaths=[/var/tmp/testing-dir/**/target/surefire-reports/*.xml], timeoutSeconds=0, assignmentCheckoutPath=null, testCheckoutPath=null, solutionCheckoutPath=null, dockerRunConfig=null], submissionResult=null]
    23:44:54.643 | 566 localvc.event-13 | ERROR | .c.a.a.b.s.BuildJobManagementService : Error while executing build job 17521739576694519: de.tum.cit.aet.artemis.core.exception.LocalCIException: Could not pull Docker image dummy-docker-image
java.util.concurrent.ExecutionException: de.tum.cit.aet.artemis.core.exception.LocalCIException: Could not pull Docker image dummy-docker-image
	at java.base/java.util.concurrent.FutureTask.report(FutureTask.java:122)
	at java.base/java.util.concurrent.FutureTask.get(FutureTask.java:205)
	at de.tum.cit.aet.artemis.buildagent.service.BuildJobManagementService.lambda$executeBuildJob$2(BuildJobManagementService.java:165)
	at de.tum.cit.aet.artemis.buildagent.service.BuildJobManagementService.createCompletableFuture(BuildJobManagementService.java:236)
	at de.tum.cit.aet.artemis.buildagent.service.BuildJobManagementService.executeBuildJob(BuildJobManagementService.java:163)
	at de.tum.cit.aet.artemis.buildagent.service.SharedQueueProcessingService.processBuild(SharedQueueProcessingService.java:413)
	at de.tum.cit.aet.artemis.buildagent.service.SharedQueueProcessingService.checkAvailabilityAndProcessNextBuild(SharedQueueProcessingService.java:269)
	at de.tum.cit.aet.artemis.buildagent.service.SharedQueueProcessingService.lambda$processBuild$5(SharedQueueProcessingService.java:480)
	at java.base/java.util.concurrent.CompletableFuture.uniExceptionally(CompletableFuture.java:990)
	at java.base/java.util.concurrent.CompletableFuture.uniExceptionallyStage(CompletableFuture.java:1008)
	at java.base/java.util.concurrent.CompletableFuture.exceptionally(CompletableFuture.java:2396)
	at de.tum.cit.aet.artemis.buildagent.service.SharedQueueProcessingService.processBuild(SharedQueueProcessingService.java:444)
	at de.tum.cit.aet.artemis.buildagent.service.SharedQueueProcessingService.checkAvailabilityAndProcessNextBuild(SharedQueueProcessingService.java:269)
	at de.tum.cit.aet.artemis.buildagent.service.SharedQueueProcessingService.lambda$processBuild$5(SharedQueueProcessingService.java:480)
	at java.base/java.util.concurrent.CompletableFuture.uniExceptionally(CompletableFuture.java:990)
	at java.base/java.util.concurrent.CompletableFuture.uniExceptionallyStage(CompletableFuture.java:1008)
	at java.base/java.util.concurrent.CompletableFuture.exceptionally(CompletableFuture.java:2396)
	at de.tum.cit.aet.artemis.buildagent.service.SharedQueueProcessingService.processBuild(SharedQueueProcessingService.java:444)
	at de.tum.cit.aet.artemis.buildagent.service.SharedQueueProcessingService.checkAvailabilityAndProcessNextBuild(SharedQueueProcessingService.java:269)
	at de.tum.cit.aet.artemis.buildagent.service.SharedQueueProcessingService.lambda$processBuild$5(SharedQueueProcessingService.java:480)
	at java.base/java.util.concurrent.CompletableFuture.uniExceptionally(CompletableFuture.java:990)
	at java.base/java.util.concurrent.CompletableFuture.uniExceptionallyStage(CompletableFuture.java:1008)
	at java.base/java.util.concurrent.CompletableFuture.exceptionally(CompletableFuture.java:2396)
	at de.tum.cit.aet.artemis.buildagent.service.SharedQueueProcessingService.processBuild(SharedQueueProcessingService.java:444)
	at de.tum.cit.aet.artemis.buildagent.service.SharedQueueProcessingService.checkAvailabilityAndProcessNextBuild(SharedQueueProcessingService.java:269)
	at de.tum.cit.aet.artemis.buildagent.service.SharedQueueProcessingService.lambda$processBuild$5(SharedQueueProcessingService.java:480)
	at java.base/java.util.concurrent.CompletableFuture.uniExceptionally(CompletableFuture.java:990)
	at java.base/java.util.concurrent.CompletableFuture.uniExceptionallyStage(CompletableFuture.java:1008)
	at java.base/java.util.concurrent.CompletableFuture.exceptionally(CompletableFuture.java:2396)
	at de.tum.cit.aet.artemis.buildagent.service.SharedQueueProcessingService.processBuild(SharedQueueProcessingService.java:444)
	at de.tum.cit.aet.artemis.buildagent.service.SharedQueueProcessingService.checkAvailabilityAndProcessNextBuild(SharedQueueProcessingService.java:269)
	at de.tum.cit.aet.artemis.buildagent.service.SharedQueueProcessingService.lambda$processBuild$5(SharedQueueProcessingService.java:480)
	at java.base/java.util.concurrent.CompletableFuture.uniExceptionally(CompletableFuture.java:990)
	at java.base/java.util.concurrent.CompletableFuture.uniExceptionallyStage(CompletableFuture.java:1008)
	at java.base/java.util.concurrent.CompletableFuture.exceptionally(CompletableFuture.java:2396)
	at de.tum.cit.aet.artemis.buildagent.service.SharedQueueProcessingService.processBuild(SharedQueueProcessingService.java:444)
	at de.tum.cit.aet.artemis.buildagent.service.SharedQueueProcessingService.checkAvailabilityAndProcessNextBuild(SharedQueueProcessingService.java:269)
	at de.tum.cit.aet.artemis.buildagent.service.SharedQueueProcessingService.lambda$processBuild$5(SharedQueueProcessingService.java:480)
	at java.base/java.util.concurrent.CompletableFuture.uniExceptionally(CompletableFuture.java:990)
	at java.base/java.util.concurrent.CompletableFuture.uniExceptionallyStage(CompletableFuture.java:1008)
	at java.base/java.util.concurrent.CompletableFuture.exceptionally(CompletableFuture.java:2396)
	at de.tum.cit.aet.artemis.buildagent.service.SharedQueueProcessingService.processBuild(SharedQueueProcessingService.java:444)
	at de.tum.cit.aet.artemis.buildagent.service.SharedQueueProcessingService.checkAvailabilityAndProcessNextBuild(SharedQueueProcessingService.java:269)
	at de.tum.cit.aet.artemis.buildagent.service.SharedQueueProcessingService.lambda$processBuild$5(SharedQueueProcessingService.java:480)
	at java.base/java.util.concurrent.CompletableFuture.uniExceptionally(CompletableFuture.java:990)
	at java.base/java.util.concurrent.CompletableFuture.uniExceptionallyStage(CompletableFuture.java:1008)
	at java.base/java.util.concurrent.CompletableFuture.exceptionally(CompletableFuture.java:2396)
	at de.tum.cit.aet.artemis.buildagent.service.SharedQueueProcessingService.processBuild(SharedQueueProcessingService.java:444)
	at de.tum.cit.aet.artemis.buildagent.service.SharedQueueProcessingService.checkAvailabilityAndProcessNextBuild(SharedQueueProcessingService.java:269)
	at de.tum.cit.aet.artemis.buildagent.service.SharedQueueProcessingService.lambda$processBuild$5(SharedQueueProcessingService.java:480)
	at java.base/java.util.concurrent.CompletableFuture.uniExceptionally(CompletableFuture.java:990)
	at java.base/java.util.concurrent.CompletableFuture.uniExceptionallyStage(CompletableFuture.java:1008)
	at java.base/java.util.concurrent.CompletableFuture.exceptionally(CompletableFuture.java:2396)
	at de.tum.cit.aet.artemis.buildagent.service.SharedQueueProcessingService.processBuild(SharedQueueProcessingService.java:444)
	at de.tum.cit.aet.artemis.buildagent.service.SharedQueueProcessingService.checkAvailabilityAndProcessNextBuild(SharedQueueProcessingService.java:269)
	at de.tum.cit.aet.artemis.buildagent.service.SharedQueueProcessingService$QueuedBuildJobItemListener.itemAdded(SharedQueueProcessingService.java:594)
	at com.hazelcast.collection.impl.queue.QueueService.lambda$dispatchEvent$1(QueueService.java:277)
	at com.hazelcast.internal.namespace.impl.NoOpUserCodeNamespaceService.runWithNamespace(NoOpUserCodeNamespaceService.java:82)
	at com.hazelcast.internal.namespace.NamespaceUtil.runWithNamespace(NamespaceUtil.java:106)
	at com.hazelcast.collection.impl.queue.QueueService.dispatchEvent(QueueService.java:275)
	at com.hazelcast.collection.impl.queue.QueueService.dispatchEvent(QueueService.java:98)
	at com.hazelcast.spi.impl.eventservice.impl.LocalEventDispatcher.run(LocalEventDispatcher.java:64)
	at com.hazelcast.internal.util.executor.StripedExecutor$Worker.process(StripedExecutor.java:244)
	at com.hazelcast.internal.util.executor.StripedExecutor$Worker.run(StripedExecutor.java:227)
Caused by: de.tum.cit.aet.artemis.core.exception.LocalCIException: Could not pull Docker image dummy-docker-image
	at de.tum.cit.aet.artemis.buildagent.service.BuildJobExecutionService.runBuildJob(BuildJobExecutionService.java:157)
	at java.base/jdk.internal.reflect.DirectMethodHandleAccessor.invoke(DirectMethodHandleAccessor.java:103)
	at java.base/java.lang.reflect.Method.invoke(Method.java:580)
	at org.springframework.aop.support.AopUtils.invokeJoinpointUsingReflection(AopUtils.java:359)
	at org.springframework.aop.framework.CglibAopProxy$DynamicAdvisedInterceptor.intercept(CglibAopProxy.java:723)
	at de.tum.cit.aet.artemis.buildagent.service.BuildJobExecutionService$$SpringCGLIB$$0.runBuildJob(<generated>)
	at de.tum.cit.aet.artemis.buildagent.service.BuildJobManagementService.lambda$executeBuildJob$1(BuildJobManagementService.java:129)
	at java.base/java.util.concurrent.FutureTask.run(FutureTask.java:317)
	at java.base/java.util.concurrent.ThreadPoolExecutor.runWorker(ThreadPoolExecutor.java:1144)
	at java.base/java.util.concurrent.ThreadPoolExecutor$Worker.run(ThreadPoolExecutor.java:642)
	at java.base/java.lang.Thread.run(Thread.java:1583)
Caused by: de.tum.cit.aet.artemis.core.exception.LocalCIException: Docker image dummy-docker-image is not compatible with the current architecture. Needed 'linux/amd64', but got 'null'
	at de.tum.cit.aet.artemis.buildagent.service.BuildAgentDockerService.checkImageArchitecture(BuildAgentDockerService.java:291)
	at de.tum.cit.aet.artemis.buildagent.service.BuildAgentDockerService.pullDockerImage(BuildAgentDockerService.java:223)
	at de.tum.cit.aet.artemis.buildagent.service.BuildJobExecutionService.runBuildJob(BuildJobExecutionService.java:152)
	... 10 common frames omitted
    23:44:54.643 | 566 localvc.event-13 | INFO  | .c.a.a.b.s.BuildJobManagementService : Getting ID of running container local-ci-17521739576694519
    23:44:54.643 | 566 localvc.event-13 | INFO  | .c.a.a.b.s.BuildJobManagementService : Stopping unresponsive container with ID null
    23:44:54.643 | 566 localvc.event-13 | DEBUG | a.a.b.s.SharedQueueProcessingService : Build job completed with exception: BuildJobQueueItem[id=17521739576694519, name=SHORTFDB0CC0C02BA4046D90BD74095B77B392C2CTSTEXC-SOLUTION, buildAgent=BuildAgentDTO[name=artemis-build-agent-test, memberAddress=[127.0.0.1]:5703, displayName=artemis-build-agent-test], participationId=1752, courseId=875, exerciseId=2450, retryCount=0, priority=2, status=null, repositoryInfo=RepositoryInfo[repositoryName=shortfdb0cc0c02ba4046d90bd74095b77b392c2ctstexc-solution, repositoryType=solution, triggeredByPushTo=solution, assignmentRepositoryUri=http://localhost:49152/git/SHORTFDB0CC0C02BA4046D90BD74095B77B392C2CTSTEXC/shortfdb0cc0c02ba4046d90bd74095b77b392c2ctstexc-solution.git, testRepositoryUri=http://nadnasidni.tum/scm/SHORTFDB0CC0C02BA4046D90BD74095B77B392C2CTSTEXC/SHORTFDB0CC0C02BA4046D90BD74095B77B392C2CTSTEXC-tests.git, solutionRepositoryUri=null, auxiliaryRepositoryUris=[Ljava.lang.String;@7406f685, auxiliaryRepositoryCheckoutDirectories=[Ljava.lang.String;@7f7d6690], jobTimingInfo=JobTimingInfo[submissionDate=2025-02-14T23:44:54.519944287Z[Etc/UTC], buildStartDate=2025-02-14T23:44:54.633715Z[Etc/UTC], buildCompletionDate=null, estimatedCompletionDate=2025-02-14T23:45:13.633710151Z[Etc/UTC], estimatedDuration=19], buildConfig=BuildConfig[buildScript=#!/bin/bash
cd /var/tmp/testing-dir
mvn clean test
, dockerImage=dummy-docker-image, commitHashToBuild=null, assignmentCommitHash=9b3a9bd71a0d80e5bbc42204c319ed3d1d4f0d6d, testCommitHash=9b3a9bd71a0d80e5bbc42204c319ed3d1d4f0d6d, branch=main, programmingLanguage=JAVA, projectType=PLAIN_MAVEN, scaEnabled=false, sequentialTestRunsEnabled=false, resultPaths=[/var/tmp/testing-dir/**/target/surefire-reports/*.xml], timeoutSeconds=0, assignmentCheckoutPath=null, testCheckoutPath=null, solutionCheckoutPath=null, dockerRunConfig=null], submissionResult=null]
java.util.concurrent.CompletionException: java.util.concurrent.ExecutionException: de.tum.cit.aet.artemis.core.exception.LocalCIException: Could not pull Docker image dummy-docker-image
	at de.tum.cit.aet.artemis.buildagent.service.BuildJobManagementService.lambda$executeBuildJob$2(BuildJobManagementService.java:188)
	at de.tum.cit.aet.artemis.buildagent.service.BuildJobManagementService.createCompletableFuture(BuildJobManagementService.java:236)
	at de.tum.cit.aet.artemis.buildagent.service.BuildJobManagementService.executeBuildJob(BuildJobManagementService.java:163)
	at de.tum.cit.aet.artemis.buildagent.service.SharedQueueProcessingService.processBuild(SharedQueueProcessingService.java:413)
	at de.tum.cit.aet.artemis.buildagent.service.SharedQueueProcessingService.checkAvailabilityAndProcessNextBuild(SharedQueueProcessingService.java:269)
	at de.tum.cit.aet.artemis.buildagent.service.SharedQueueProcessingService.lambda$processBuild$5(SharedQueueProcessingService.java:480)
	at java.base/java.util.concurrent.CompletableFuture.uniExceptionally(CompletableFuture.java:990)
	at java.base/java.util.concurrent.CompletableFuture.uniExceptionallyStage(CompletableFuture.java:1008)
	at java.base/java.util.concurrent.CompletableFuture.exceptionally(CompletableFuture.java:2396)
	at de.tum.cit.aet.artemis.buildagent.service.SharedQueueProcessingService.processBuild(SharedQueueProcessingService.java:444)
	at de.tum.cit.aet.artemis.buildagent.service.SharedQueueProcessingService.checkAvailabilityAndProcessNextBuild(SharedQueueProcessingService.java:269)
	at de.tum.cit.aet.artemis.buildagent.service.SharedQueueProcessingService.lambda$processBuild$5(SharedQueueProcessingService.java:480)
	at java.base/java.util.concurrent.CompletableFuture.uniExceptionally(CompletableFuture.java:990)
	at java.base/java.util.concurrent.CompletableFuture.uniExceptionallyStage(CompletableFuture.java:1008)
	at java.base/java.util.concurrent.CompletableFuture.exceptionally(CompletableFuture.java:2396)
	at de.tum.cit.aet.artemis.buildagent.service.SharedQueueProcessingService.processBuild(SharedQueueProcessingService.java:444)
	at de.tum.cit.aet.artemis.buildagent.service.SharedQueueProcessingService.checkAvailabilityAndProcessNextBuild(SharedQueueProcessingService.java:269)
	at de.tum.cit.aet.artemis.buildagent.service.SharedQueueProcessingService.lambda$processBuild$5(SharedQueueProcessingService.java:480)
	at java.base/java.util.concurrent.CompletableFuture.uniExceptionally(CompletableFuture.java:990)
	at java.base/java.util.concurrent.CompletableFuture.uniExceptionallyStage(CompletableFuture.java:1008)
	at java.base/java.util.concurrent.CompletableFuture.exceptionally(CompletableFuture.java:2396)
	at de.tum.cit.aet.artemis.buildagent.service.SharedQueueProcessingService.processBuild(SharedQueueProcessingService.java:444)
	at de.tum.cit.aet.artemis.buildagent.service.SharedQueueProcessingService.checkAvailabilityAndProcessNextBuild(SharedQueueProcessingService.java:269)
	at de.tum.cit.aet.artemis.buildagent.service.SharedQueueProcessingService.lambda$processBuild$5(SharedQueueProcessingService.java:480)
	at java.base/java.util.concurrent.CompletableFuture.uniExceptionally(CompletableFuture.java:990)
	at java.base/java.util.concurrent.CompletableFuture.uniExceptionallyStage(CompletableFuture.java:1008)
	at java.base/java.util.concurrent.CompletableFuture.exceptionally(CompletableFuture.java:2396)
	at de.tum.cit.aet.artemis.buildagent.service.SharedQueueProcessingService.processBuild(SharedQueueProcessingService.java:444)
	at de.tum.cit.aet.artemis.buildagent.service.SharedQueueProcessingService.checkAvailabilityAndProcessNextBuild(SharedQueueProcessingService.java:269)
	at de.tum.cit.aet.artemis.buildagent.service.SharedQueueProcessingService.lambda$processBuild$5(SharedQueueProcessingService.java:480)
	at java.base/java.util.concurrent.CompletableFuture.uniExceptionally(CompletableFuture.java:990)
	at java.base/java.util.concurrent.CompletableFuture.uniExceptionallyStage(CompletableFuture.java:1008)
	at java.base/java.util.concurrent.CompletableFuture.exceptionally(CompletableFuture.java:2396)
	at de.tum.cit.aet.artemis.buildagent.service.SharedQueueProcessingService.processBuild(SharedQueueProcessingService.java:444)
	at de.tum.cit.aet.artemis.buildagent.service.SharedQueueProcessingService.checkAvailabilityAndProcessNextBuild(SharedQueueProcessingService.java:269)
	at de.tum.cit.aet.artemis.buildagent.service.SharedQueueProcessingService.lambda$processBuild$5(SharedQueueProcessingService.java:480)
	at java.base/java.util.concurrent.CompletableFuture.uniExceptionally(CompletableFuture.java:990)
	at java.base/java.util.concurrent.CompletableFuture.uniExceptionallyStage(CompletableFuture.java:1008)
	at java.base/java.util.concurrent.CompletableFuture.exceptionally(CompletableFuture.java:2396)
	at de.tum.cit.aet.artemis.buildagent.service.SharedQueueProcessingService.processBuild(SharedQueueProcessingService.java:444)
	at de.tum.cit.aet.artemis.buildagent.service.SharedQueueProcessingService.checkAvailabilityAndProcessNextBuild(SharedQueueProcessingService.java:269)
	at de.tum.cit.aet.artemis.buildagent.service.SharedQueueProcessingService.lambda$processBuild$5(SharedQueueProcessingService.java:480)
	at java.base/java.util.concurrent.CompletableFuture.uniExceptionally(CompletableFuture.java:990)
	at java.base/java.util.concurrent.CompletableFuture.uniExceptionallyStage(CompletableFuture.java:1008)
	at java.base/java.util.concurrent.CompletableFuture.exceptionally(CompletableFuture.java:2396)
	at de.tum.cit.aet.artemis.buildagent.service.SharedQueueProcessingService.processBuild(SharedQueueProcessingService.java:444)
	at de.tum.cit.aet.artemis.buildagent.service.SharedQueueProcessingService.checkAvailabilityAndProcessNextBuild(SharedQueueProcessingService.java:269)
	at de.tum.cit.aet.artemis.buildagent.service.SharedQueueProcessingService.lambda$processBuild$5(SharedQueueProcessingService.java:480)
	at java.base/java.util.concurrent.CompletableFuture.uniExceptionally(CompletableFuture.java:990)
	at java.base/java.util.concurrent.CompletableFuture.uniExceptionallyStage(CompletableFuture.java:1008)
	at java.base/java.util.concurrent.CompletableFuture.exceptionally(CompletableFuture.java:2396)
	at de.tum.cit.aet.artemis.buildagent.service.SharedQueueProcessingService.processBuild(SharedQueueProcessingService.java:444)
	at de.tum.cit.aet.artemis.buildagent.service.SharedQueueProcessingService.checkAvailabilityAndProcessNextBuild(SharedQueueProcessingService.java:269)
	at de.tum.cit.aet.artemis.buildagent.service.SharedQueueProcessingService$QueuedBuildJobItemListener.itemAdded(SharedQueueProcessingService.java:594)
	at com.hazelcast.collection.impl.queue.QueueService.lambda$dispatchEvent$1(QueueService.java:277)
	at com.hazelcast.internal.namespace.impl.NoOpUserCodeNamespaceService.runWithNamespace(NoOpUserCodeNamespaceService.java:82)
	at com.hazelcast.internal.namespace.NamespaceUtil.runWithNamespace(NamespaceUtil.java:106)
	at com.hazelcast.collection.impl.queue.QueueService.dispatchEvent(QueueService.java:275)
	at com.hazelcast.collection.impl.queue.QueueService.dispatchEvent(QueueService.java:98)
	at com.hazelcast.spi.impl.eventservice.impl.LocalEventDispatcher.run(LocalEventDispatcher.java:64)
	at com.hazelcast.internal.util.executor.StripedExecutor$Worker.process(StripedExecutor.java:244)
	at com.hazelcast.internal.util.executor.StripedExecutor$Worker.run(StripedExecutor.java:227)
Caused by: java.util.concurrent.ExecutionException: de.tum.cit.aet.artemis.core.exception.LocalCIException: Could not pull Docker image dummy-docker-image
	at java.base/java.util.concurrent.FutureTask.report(FutureTask.java:122)
	at java.base/java.util.concurrent.FutureTask.get(FutureTask.java:205)
	at de.tum.cit.aet.artemis.buildagent.service.BuildJobManagementService.lambda$executeBuildJob$2(BuildJobManagementService.java:165)
	... 61 common frames omitted
Caused by: de.tum.cit.aet.artemis.core.exception.LocalCIException: Could not pull Docker image dummy-docker-image
	at de.tum.cit.aet.artemis.buildagent.service.BuildJobExecutionService.runBuildJob(BuildJobExecutionService.java:157)
	at java.base/jdk.internal.reflect.DirectMethodHandleAccessor.invoke(DirectMethodHandleAccessor.java:103)
	at java.base/java.lang.reflect.Method.invoke(Method.java:580)
	at org.springframework.aop.support.AopUtils.invokeJoinpointUsingReflection(AopUtils.java:359)
	at org.springframework.aop.framework.CglibAopProxy$DynamicAdvisedInterceptor.intercept(CglibAopProxy.java:723)
	at de.tum.cit.aet.artemis.buildagent.service.BuildJobExecutionService$$SpringCGLIB$$0.runBuildJob(<generated>)
	at de.tum.cit.aet.artemis.buildagent.service.BuildJobManagementService.lambda$executeBuildJob$1(BuildJobManagementService.java:129)
	at java.base/java.util.concurrent.FutureTask.run(FutureTask.java:317)
	at java.base/java.util.concurrent.ThreadPoolExecutor.runWorker(ThreadPoolExecutor.java:1144)
	at java.base/java.util.concurrent.ThreadPoolExecutor$Worker.run(ThreadPoolExecutor.java:642)
	at java.base/java.lang.Thread.run(Thread.java:1583)
Caused by: de.tum.cit.aet.artemis.core.exception.LocalCIException: Docker image dummy-docker-image is not compatible with the current architecture. Needed 'linux/amd64', but got 'null'
	at de.tum.cit.aet.artemis.buildagent.service.BuildAgentDockerService.checkImageArchitecture(BuildAgentDockerService.java:291)
	at de.tum.cit.aet.artemis.buildagent.service.BuildAgentDockerService.pullDockerImage(BuildAgentDockerService.java:223)
	at de.tum.cit.aet.artemis.buildagent.service.BuildJobExecutionService.runBuildJob(BuildJobExecutionService.java:152)
	... 10 common frames omitted
    23:44:54.643 | 566 localvc.event-13 | ERROR | a.a.b.s.SharedQueueProcessingService : Error while processing build job: BuildJobQueueItem[id=17521739576694519, name=SHORTFDB0CC0C02BA4046D90BD74095B77B392C2CTSTEXC-SOLUTION, buildAgent=BuildAgentDTO[name=artemis-build-agent-test, memberAddress=[127.0.0.1]:5703, displayName=artemis-build-agent-test], participationId=1752, courseId=875, exerciseId=2450, retryCount=0, priority=2, status=null, repositoryInfo=RepositoryInfo[repositoryName=shortfdb0cc0c02ba4046d90bd74095b77b392c2ctstexc-solution, repositoryType=solution, triggeredByPushTo=solution, assignmentRepositoryUri=http://localhost:49152/git/SHORTFDB0CC0C02BA4046D90BD74095B77B392C2CTSTEXC/shortfdb0cc0c02ba4046d90bd74095b77b392c2ctstexc-solution.git, testRepositoryUri=http://nadnasidni.tum/scm/SHORTFDB0CC0C02BA4046D90BD74095B77B392C2CTSTEXC/SHORTFDB0CC0C02BA4046D90BD74095B77B392C2CTSTEXC-tests.git, solutionRepositoryUri=null, auxiliaryRepositoryUris=[Ljava.lang.String;@7406f685, auxiliaryRepositoryCheckoutDirectories=[Ljava.lang.String;@7f7d6690], jobTimingInfo=JobTimingInfo[submissionDate=2025-02-14T23:44:54.519944287Z[Etc/UTC], buildStartDate=2025-02-14T23:44:54.633715Z[Etc/UTC], buildCompletionDate=null, estimatedCompletionDate=2025-02-14T23:45:13.633710151Z[Etc/UTC], estimatedDuration=19], buildConfig=BuildConfig[buildScript=#!/bin/bash
cd /var/tmp/testing-dir
mvn clean test
, dockerImage=dummy-docker-image, commitHashToBuild=null, assignmentCommitHash=9b3a9bd71a0d80e5bbc42204c319ed3d1d4f0d6d, testCommitHash=9b3a9bd71a0d80e5bbc42204c319ed3d1d4f0d6d, branch=main, programmingLanguage=JAVA, projectType=PLAIN_MAVEN, scaEnabled=false, sequentialTestRunsEnabled=false, resultPaths=[/var/tmp/testing-dir/**/target/surefire-reports/*.xml], timeoutSeconds=0, assignmentCheckoutPath=null, testCheckoutPath=null, solutionCheckoutPath=null, dockerRunConfig=null], submissionResult=null]
java.util.concurrent.CompletionException: java.util.concurrent.ExecutionException: de.tum.cit.aet.artemis.core.exception.LocalCIException: Could not pull Docker image dummy-docker-image
	at de.tum.cit.aet.artemis.buildagent.service.BuildJobManagementService.lambda$executeBuildJob$2(BuildJobManagementService.java:188)
	at de.tum.cit.aet.artemis.buildagent.service.BuildJobManagementService.createCompletableFuture(BuildJobManagementService.java:236)
	at de.tum.cit.aet.artemis.buildagent.service.BuildJobManagementService.executeBuildJob(BuildJobManagementService.java:163)
	at de.tum.cit.aet.artemis.buildagent.service.SharedQueueProcessingService.processBuild(SharedQueueProcessingService.java:413)
	at de.tum.cit.aet.artemis.buildagent.service.SharedQueueProcessingService.checkAvailabilityAndProcessNextBuild(SharedQueueProcessingService.java:269)
	at de.tum.cit.aet.artemis.buildagent.service.SharedQueueProcessingService.lambda$processBuild$5(SharedQueueProcessingService.java:480)
	at java.base/java.util.concurrent.CompletableFuture.uniExceptionally(CompletableFuture.java:990)
	at java.base/java.util.concurrent.CompletableFuture.uniExceptionallyStage(CompletableFuture.java:1008)
	at java.base/java.util.concurrent.CompletableFuture.exceptionally(CompletableFuture.java:2396)
	at de.tum.cit.aet.artemis.buildagent.service.SharedQueueProcessingService.processBuild(SharedQueueProcessingService.java:444)
	at de.tum.cit.aet.artemis.buildagent.service.SharedQueueProcessingService.checkAvailabilityAndProcessNextBuild(SharedQueueProcessingService.java:269)
	at de.tum.cit.aet.artemis.buildagent.service.SharedQueueProcessingService.lambda$processBuild$5(SharedQueueProcessingService.java:480)
	at java.base/java.util.concurrent.CompletableFuture.uniExceptionally(CompletableFuture.java:990)
	at java.base/java.util.concurrent.CompletableFuture.uniExceptionallyStage(CompletableFuture.java:1008)
	at java.base/java.util.concurrent.CompletableFuture.exceptionally(CompletableFuture.java:2396)
	at de.tum.cit.aet.artemis.buildagent.service.SharedQueueProcessingService.processBuild(SharedQueueProcessingService.java:444)
	at de.tum.cit.aet.artemis.buildagent.service.SharedQueueProcessingService.checkAvailabilityAndProcessNextBuild(SharedQueueProcessingService.java:269)
	at de.tum.cit.aet.artemis.buildagent.service.SharedQueueProcessingService.lambda$processBuild$5(SharedQueueProcessingService.java:480)
	at java.base/java.util.concurrent.CompletableFuture.uniExceptionally(CompletableFuture.java:990)
	at java.base/java.util.concurrent.CompletableFuture.uniExceptionallyStage(CompletableFuture.java:1008)
	at java.base/java.util.concurrent.CompletableFuture.exceptionally(CompletableFuture.java:2396)
	at de.tum.cit.aet.artemis.buildagent.service.SharedQueueProcessingService.processBuild(SharedQueueProcessingService.java:444)
	at de.tum.cit.aet.artemis.buildagent.service.SharedQueueProcessingService.checkAvailabilityAndProcessNextBuild(SharedQueueProcessingService.java:269)
	at de.tum.cit.aet.artemis.buildagent.service.SharedQueueProcessingService.lambda$processBuild$5(SharedQueueProcessingService.java:480)
	at java.base/java.util.concurrent.CompletableFuture.uniExceptionally(CompletableFuture.java:990)
	at java.base/java.util.concurrent.CompletableFuture.uniExceptionallyStage(CompletableFuture.java:1008)
	at java.base/java.util.concurrent.CompletableFuture.exceptionally(CompletableFuture.java:2396)
	at de.tum.cit.aet.artemis.buildagent.service.SharedQueueProcessingService.processBuild(SharedQueueProcessingService.java:444)
	at de.tum.cit.aet.artemis.buildagent.service.SharedQueueProcessingService.checkAvailabilityAndProcessNextBuild(SharedQueueProcessingService.java:269)
	at de.tum.cit.aet.artemis.buildagent.service.SharedQueueProcessingService.lambda$processBuild$5(SharedQueueProcessingService.java:480)
	at java.base/java.util.concurrent.CompletableFuture.uniExceptionally(CompletableFuture.java:990)
	at java.base/java.util.concurrent.CompletableFuture.uniExceptionallyStage(CompletableFuture.java:1008)
	at java.base/java.util.concurrent.CompletableFuture.exceptionally(CompletableFuture.java:2396)
	at de.tum.cit.aet.artemis.buildagent.service.SharedQueueProcessingService.processBuild(SharedQueueProcessingService.java:444)
	at de.tum.cit.aet.artemis.buildagent.service.SharedQueueProcessingService.checkAvailabilityAndProcessNextBuild(SharedQueueProcessingService.java:269)
	at de.tum.cit.aet.artemis.buildagent.service.SharedQueueProcessingService.lambda$processBuild$5(SharedQueueProcessingService.java:480)
	at java.base/java.util.concurrent.CompletableFuture.uniExceptionally(CompletableFuture.java:990)
	at java.base/java.util.concurrent.CompletableFuture.uniExceptionallyStage(CompletableFuture.java:1008)
	at java.base/java.util.concurrent.CompletableFuture.exceptionally(CompletableFuture.java:2396)
	at de.tum.cit.aet.artemis.buildagent.service.SharedQueueProcessingService.processBuild(SharedQueueProcessingService.java:444)
	at de.tum.cit.aet.artemis.buildagent.service.SharedQueueProcessingService.checkAvailabilityAndProcessNextBuild(SharedQueueProcessingService.java:269)
	at de.tum.cit.aet.artemis.buildagent.service.SharedQueueProcessingService.lambda$processBuild$5(SharedQueueProcessingService.java:480)
	at java.base/java.util.concurrent.CompletableFuture.uniExceptionally(CompletableFuture.java:990)
	at java.base/java.util.concurrent.CompletableFuture.uniExceptionallyStage(CompletableFuture.java:1008)
	at java.base/java.util.concurrent.CompletableFuture.exceptionally(CompletableFuture.java:2396)
	at de.tum.cit.aet.artemis.buildagent.service.SharedQueueProcessingService.processBuild(SharedQueueProcessingService.java:444)
	at de.tum.cit.aet.artemis.buildagent.service.SharedQueueProcessingService.checkAvailabilityAndProcessNextBuild(SharedQueueProcessingService.java:269)
	at de.tum.cit.aet.artemis.buildagent.service.SharedQueueProcessingService.lambda$processBuild$5(SharedQueueProcessingService.java:480)
	at java.base/java.util.concurrent.CompletableFuture.uniExceptionally(CompletableFuture.java:990)
	at java.base/java.util.concurrent.CompletableFuture.uniExceptionallyStage(CompletableFuture.java:1008)
	at java.base/java.util.concurrent.CompletableFuture.exceptionally(CompletableFuture.java:2396)
	at de.tum.cit.aet.artemis.buildagent.service.SharedQueueProcessingService.processBuild(SharedQueueProcessingService.java:444)
	at de.tum.cit.aet.artemis.buildagent.service.SharedQueueProcessingService.checkAvailabilityAndProcessNextBuild(SharedQueueProcessingService.java:269)
	at de.tum.cit.aet.artemis.buildagent.service.SharedQueueProcessingService$QueuedBuildJobItemListener.itemAdded(SharedQueueProcessingService.java:594)
	at com.hazelcast.collection.impl.queue.QueueService.lambda$dispatchEvent$1(QueueService.java:277)
	at com.hazelcast.internal.namespace.impl.NoOpUserCodeNamespaceService.runWithNamespace(NoOpUserCodeNamespaceService.java:82)
	at com.hazelcast.internal.namespace.NamespaceUtil.runWithNamespace(NamespaceUtil.java:106)
	at com.hazelcast.collection.impl.queue.QueueService.dispatchEvent(QueueService.java:275)
	at com.hazelcast.collection.impl.queue.QueueService.dispatchEvent(QueueService.java:98)
	at com.hazelcast.spi.impl.eventservice.impl.LocalEventDispatcher.run(LocalEventDispatcher.java:64)
	at com.hazelcast.internal.util.executor.StripedExecutor$Worker.process(StripedExecutor.java:244)
	at com.hazelcast.internal.util.executor.StripedExecutor$Worker.run(StripedExecutor.java:227)
Caused by: java.util.concurrent.ExecutionException: de.tum.cit.aet.artemis.core.exception.LocalCIException: Could not pull Docker image dummy-docker-image
	at java.base/java.util.concurrent.FutureTask.report(FutureTask.java:122)
	at java.base/java.util.concurrent.FutureTask.get(FutureTask.java:205)
	at de.tum.cit.aet.artemis.buildagent.service.BuildJobManagementService.lambda$executeBuildJob$2(BuildJobManagementService.java:165)
	... 61 common frames omitted
Caused by: de.tum.cit.aet.artemis.core.exception.LocalCIException: Could not pull Docker image dummy-docker-image
	at de.tum.cit.aet.artemis.buildagent.service.BuildJobExecutionService.runBuildJob(BuildJobExecutionService.java:157)
	at java.base/jdk.internal.reflect.DirectMethodHandleAccessor.invoke(DirectMethodHandleAccessor.java:103)
	at java.base/java.lang.reflect.Method.invoke(Method.java:580)
	at org.springframework.aop.support.AopUtils.invokeJoinpointUsingReflection(AopUtils.java:359)
	at org.springframework.aop.framework.CglibAopProxy$DynamicAdvisedInterceptor.intercept(CglibAopProxy.java:723)
	at de.tum.cit.aet.artemis.buildagent.service.BuildJobExecutionService$$SpringCGLIB$$0.runBuildJob(<generated>)
	at de.tum.cit.aet.artemis.buildagent.service.BuildJobManagementService.lambda$executeBuildJob$1(BuildJobManagementService.java:129)
	at java.base/java.util.concurrent.FutureTask.run(FutureTask.java:317)
	at java.base/java.util.concurrent.ThreadPoolExecutor.runWorker(ThreadPoolExecutor.java:1144)
	at java.base/java.util.concurrent.ThreadPoolExecutor$Worker.run(ThreadPoolExecutor.java:642)
	at java.base/java.lang.Thread.run(Thread.java:1583)
Caused by: de.tum.cit.aet.artemis.core.exception.LocalCIException: Docker image dummy-docker-image is not compatible with the current architecture. Needed 'linux/amd64', but got 'null'
	at de.tum.cit.aet.artemis.buildagent.service.BuildAgentDockerService.checkImageArchitecture(BuildAgentDockerService.java:291)
	at de.tum.cit.aet.artemis.buildagent.service.BuildAgentDockerService.pullDockerImage(BuildAgentDockerService.java:223)
	at de.tum.cit.aet.artemis.buildagent.service.BuildJobExecutionService.runBuildJob(BuildJobExecutionService.java:152)
	... 10 common frames omitted
    23:44:54.644 | 568 localvc.event-15 | DEBUG | a.p.s.l.LocalCIQueueWebsocketService : CIBuildJobQueueItem removed from processing jobs: BuildJobQueueItem[id=17521739576694519, name=SHORTFDB0CC0C02BA4046D90BD74095B77B392C2CTSTEXC-SOLUTION, buildAgent=BuildAgentDTO[name=artemis-build-agent-test, memberAddress=[127.0.0.1]:5703, displayName=artemis-build-agent-test], participationId=1752, courseId=875, exerciseId=2450, retryCount=0, priority=2, status=null, repositoryInfo=RepositoryInfo[repositoryName=shortfdb0cc0c02ba4046d90bd74095b77b392c2ctstexc-solution, repositoryType=solution, triggeredByPushTo=solution, assignmentRepositoryUri=http://localhost:49152/git/SHORTFDB0CC0C02BA4046D90BD74095B77B392C2CTSTEXC/shortfdb0cc0c02ba4046d90bd74095b77b392c2ctstexc-solution.git, testRepositoryUri=http://nadnasidni.tum/scm/SHORTFDB0CC0C02BA4046D90BD74095B77B392C2CTSTEXC/SHORTFDB0CC0C02BA4046D90BD74095B77B392C2CTSTEXC-tests.git, solutionRepositoryUri=null, auxiliaryRepositoryUris=[Ljava.lang.String;@5b651d51, auxiliaryRepositoryCheckoutDirectories=[Ljava.lang.String;@4ff8f382], jobTimingInfo=JobTimingInfo[submissionDate=2025-02-14T23:44:54.519944287Z[Etc/UTC], buildStartDate=2025-02-14T23:44:54.633715Z[Etc/UTC], buildCompletionDate=null, estimatedCompletionDate=2025-02-14T23:45:13.633710151Z[Etc/UTC], estimatedDuration=19], buildConfig=BuildConfig[buildScript=#!/bin/bash
cd /var/tmp/testing-dir
mvn clean test
, dockerImage=dummy-docker-image, commitHashToBuild=null, assignmentCommitHash=9b3a9bd71a0d80e5bbc42204c319ed3d1d4f0d6d, testCommitHash=9b3a9bd71a0d80e5bbc42204c319ed3d1d4f0d6d, branch=main, programmingLanguage=JAVA, projectType=PLAIN_MAVEN, scaEnabled=false, sequentialTestRunsEnabled=false, resultPaths=[/var/tmp/testing-dir/**/target/surefire-reports/*.xml], timeoutSeconds=0, assignmentCheckoutPath=null, testCheckoutPath=null, solutionCheckoutPath=null, dockerRunConfig=null], submissionResult=null]
    23:44:54.645 | 568 localvc.event-15 | DEBUG | s.l.LocalCIWebsocketMessagingService : Sending message on topic /topic/admin/running-jobs: []
    23:44:54.647 | 568 localvc.event-15 | DEBUG | s.l.LocalCIWebsocketMessagingService : Sending message on topic /topic/courses/875/running-jobs: []
    23:44:54.652 | 566 localvc.event-13 | DEBUG | a.a.b.s.SharedQueueProcessingService : Currently processing jobs on this node: 0, active threads in Pool: 0, maximum pool size of thread executor : 1
    23:44:54.652 | 566 localvc.event-13 | DEBUG | a.a.b.s.SharedQueueProcessingService : Currently processing jobs on this node: 0, active threads in Pool: 0, maximum pool size of thread executor : 1
    23:44:54.652 | 565 localvc.event-12 | DEBUG | a.p.s.l.LocalCIQueueWebsocketService : CIBuildJobQueueItem added to processing jobs: BuildJobQueueItem[id=17531739576694522, name=SHORTFDB0CC0C02BA4046D90BD74095B77B392C2CTSTEXC-BASE, buildAgent=BuildAgentDTO[name=artemis-build-agent-test, memberAddress=[127.0.0.1]:5703, displayName=artemis-build-agent-test], participationId=1753, courseId=875, exerciseId=2450, retryCount=0, priority=2, status=null, repositoryInfo=RepositoryInfo[repositoryName=shortfdb0cc0c02ba4046d90bd74095b77b392c2ctstexc-exercise, repositoryType=exercise, triggeredByPushTo=exercise, assignmentRepositoryUri=http://localhost:49152/git/SHORTFDB0CC0C02BA4046D90BD74095B77B392C2CTSTEXC/shortfdb0cc0c02ba4046d90bd74095b77b392c2ctstexc-exercise.git, testRepositoryUri=http://nadnasidni.tum/scm/SHORTFDB0CC0C02BA4046D90BD74095B77B392C2CTSTEXC/SHORTFDB0CC0C02BA4046D90BD74095B77B392C2CTSTEXC-tests.git, solutionRepositoryUri=null, auxiliaryRepositoryUris=[Ljava.lang.String;@1891c0d5, auxiliaryRepositoryCheckoutDirectories=[Ljava.lang.String;@7ba2cc49], jobTimingInfo=JobTimingInfo[submissionDate=2025-02-14T23:44:54.522500123Z[Etc/UTC], buildStartDate=2025-02-14T23:44:54.652544627Z[Etc/UTC], buildCompletionDate=null, estimatedCompletionDate=2025-02-14T23:45:13.652540008Z[Etc/UTC], estimatedDuration=19], buildConfig=BuildConfig[buildScript=#!/bin/bash
cd /var/tmp/testing-dir
mvn clean test
, dockerImage=dummy-docker-image, commitHashToBuild=null, assignmentCommitHash=9b3a9bd71a0d80e5bbc42204c319ed3d1d4f0d6d, testCommitHash=9b3a9bd71a0d80e5bbc42204c319ed3d1d4f0d6d, branch=main, programmingLanguage=JAVA, projectType=PLAIN_MAVEN, scaEnabled=false, sequentialTestRunsEnabled=false, resultPaths=[/var/tmp/testing-dir/**/target/surefire-reports/*.xml], timeoutSeconds=0, assignmentCheckoutPath=null, testCheckoutPath=null, solutionCheckoutPath=null, dockerRunConfig=null], submissionResult=null]
    23:44:54.653 | 565 localvc.event-12 | DEBUG | s.l.LocalCIWebsocketMessagingService : Sending message on topic /topic/admin/running-jobs: [BuildJobQueueItem[id=17531739576694522, name=SHORTFDB0CC0C02BA4046D90BD74095B77B392C2CTSTEXC-BASE, buildAgent=BuildAgentDTO[name=artemis-build-agent-test, memberAddress=[127.0.0.1]:5703, displayName=artemis-build-agent-test], participationId=1753, courseId=875, exerciseId=2450, retryCount=0, priority=2, status=null, repositoryInfo=RepositoryInfo[repositoryName=shortfdb0cc0c02ba4046d90bd74095b77b392c2ctstexc-exercise, repositoryType=exercise, triggeredByPushTo=exercise, assignmentRepositoryUri=, testRepositoryUri=, solutionRepositoryUri=, auxiliaryRepositoryUris=null, auxiliaryRepositoryCheckoutDirectories=null], jobTimingInfo=JobTimingInfo[submissionDate=2025-02-14T23:44:54.522500123Z[Etc/UTC], buildStartDate=2025-02-14T23:44:54.652544627Z[Etc/UTC], buildCompletionDate=null, estimatedCompletionDate=2025-02-14T23:45:13.652540008Z[Etc/UTC], estimatedDuration=19], buildConfig=BuildConfig[buildScript=, dockerImage=, commitHashToBuild=null, assignmentCommitHash=, testCommitHash=, branch=, programmingLanguage=null, projectType=null, scaEnabled=false, sequentialTestRunsEnabled=false, resultPaths=null, timeoutSeconds=0, assignmentCheckoutPath=, testCheckoutPath=, solutionCheckoutPath=, dockerRunConfig=null], submissionResult=null]]
    23:44:54.653 | 565 localvc.event-12 | DEBUG | s.l.LocalCIWebsocketMessagingService : Sending message on topic /topic/courses/875/running-jobs: [BuildJobQueueItem[id=17531739576694522, name=SHORTFDB0CC0C02BA4046D90BD74095B77B392C2CTSTEXC-BASE, buildAgent=BuildAgentDTO[name=artemis-build-agent-test, memberAddress=[127.0.0.1]:5703, displayName=artemis-build-agent-test], participationId=1753, courseId=875, exerciseId=2450, retryCount=0, priority=2, status=null, repositoryInfo=RepositoryInfo[repositoryName=shortfdb0cc0c02ba4046d90bd74095b77b392c2ctstexc-exercise, repositoryType=exercise, triggeredByPushTo=exercise, assignmentRepositoryUri=, testRepositoryUri=, solutionRepositoryUri=, auxiliaryRepositoryUris=null, auxiliaryRepositoryCheckoutDirectories=null], jobTimingInfo=JobTimingInfo[submissionDate=2025-02-14T23:44:54.522500123Z[Etc/UTC], buildStartDate=2025-02-14T23:44:54.652544627Z[Etc/UTC], buildCompletionDate=null, estimatedCompletionDate=2025-02-14T23:45:13.652540008Z[Etc/UTC], estimatedDuration=19], buildConfig=BuildConfig[buildScript=, dockerImage=, commitHashToBuild=null, assignmentCommitHash=, testCommitHash=, branch=, programmingLanguage=null, projectType=null, scaEnabled=false, sequentialTestRunsEnabled=false, resultPaths=null, timeoutSeconds=0, assignmentCheckoutPath=, testCheckoutPath=, solutionCheckoutPath=, dockerRunConfig=null], submissionResult=null]]
    23:44:54.666 | 566 localvc.event-13 | INFO  | a.a.b.s.SharedQueueProcessingService : Processing build job: BuildJobQueueItem[id=17531739576694522, name=SHORTFDB0CC0C02BA4046D90BD74095B77B392C2CTSTEXC-BASE, buildAgent=BuildAgentDTO[name=artemis-build-agent-test, memberAddress=[127.0.0.1]:5703, displayName=artemis-build-agent-test], participationId=1753, courseId=875, exerciseId=2450, retryCount=0, priority=2, status=null, repositoryInfo=RepositoryInfo[repositoryName=shortfdb0cc0c02ba4046d90bd74095b77b392c2ctstexc-exercise, repositoryType=exercise, triggeredByPushTo=exercise, assignmentRepositoryUri=http://localhost:49152/git/SHORTFDB0CC0C02BA4046D90BD74095B77B392C2CTSTEXC/shortfdb0cc0c02ba4046d90bd74095b77b392c2ctstexc-exercise.git, testRepositoryUri=http://nadnasidni.tum/scm/SHORTFDB0CC0C02BA4046D90BD74095B77B392C2CTSTEXC/SHORTFDB0CC0C02BA4046D90BD74095B77B392C2CTSTEXC-tests.git, solutionRepositoryUri=null, auxiliaryRepositoryUris=[Ljava.lang.String;@93c7575, auxiliaryRepositoryCheckoutDirectories=[Ljava.lang.String;@7bd949ff], jobTimingInfo=JobTimingInfo[submissionDate=2025-02-14T23:44:54.522500123Z[Etc/UTC], buildStartDate=2025-02-14T23:44:54.652544627Z[Etc/UTC], buildCompletionDate=null, estimatedCompletionDate=2025-02-14T23:45:13.652540008Z[Etc/UTC], estimatedDuration=19], buildConfig=BuildConfig[buildScript=#!/bin/bash
cd /var/tmp/testing-dir
mvn clean test
, dockerImage=dummy-docker-image, commitHashToBuild=null, assignmentCommitHash=9b3a9bd71a0d80e5bbc42204c319ed3d1d4f0d6d, testCommitHash=9b3a9bd71a0d80e5bbc42204c319ed3d1d4f0d6d, branch=main, programmingLanguage=JAVA, projectType=PLAIN_MAVEN, scaEnabled=false, sequentialTestRunsEnabled=false, resultPaths=[/var/tmp/testing-dir/**/target/surefire-reports/*.xml], timeoutSeconds=0, assignmentCheckoutPath=null, testCheckoutPath=null, solutionCheckoutPath=null, dockerRunConfig=null], submissionResult=null]
    23:44:54.667 | 566 localvc.event-13 | ERROR | .c.a.a.b.s.BuildJobManagementService : Error while executing build job 17531739576694522: de.tum.cit.aet.artemis.core.exception.LocalCIException: Could not pull Docker image dummy-docker-image
java.util.concurrent.ExecutionException: de.tum.cit.aet.artemis.core.exception.LocalCIException: Could not pull Docker image dummy-docker-image
	at java.base/java.util.concurrent.FutureTask.report(FutureTask.java:122)
	at java.base/java.util.concurrent.FutureTask.get(FutureTask.java:205)
	at de.tum.cit.aet.artemis.buildagent.service.BuildJobManagementService.lambda$executeBuildJob$2(BuildJobManagementService.java:165)
	at de.tum.cit.aet.artemis.buildagent.service.BuildJobManagementService.createCompletableFuture(BuildJobManagementService.java:236)
	at de.tum.cit.aet.artemis.buildagent.service.BuildJobManagementService.executeBuildJob(BuildJobManagementService.java:163)
	at de.tum.cit.aet.artemis.buildagent.service.SharedQueueProcessingService.processBuild(SharedQueueProcessingService.java:413)
	at de.tum.cit.aet.artemis.buildagent.service.SharedQueueProcessingService.checkAvailabilityAndProcessNextBuild(SharedQueueProcessingService.java:269)
	at de.tum.cit.aet.artemis.buildagent.service.SharedQueueProcessingService.lambda$processBuild$5(SharedQueueProcessingService.java:480)
	at java.base/java.util.concurrent.CompletableFuture.uniExceptionally(CompletableFuture.java:990)
	at java.base/java.util.concurrent.CompletableFuture.uniExceptionallyStage(CompletableFuture.java:1008)
	at java.base/java.util.concurrent.CompletableFuture.exceptionally(CompletableFuture.java:2396)
	at de.tum.cit.aet.artemis.buildagent.service.SharedQueueProcessingService.processBuild(SharedQueueProcessingService.java:444)
	at de.tum.cit.aet.artemis.buildagent.service.SharedQueueProcessingService.checkAvailabilityAndProcessNextBuild(SharedQueueProcessingService.java:269)
	at de.tum.cit.aet.artemis.buildagent.service.SharedQueueProcessingService.lambda$processBuild$5(SharedQueueProcessingService.java:480)
	at java.base/java.util.concurrent.CompletableFuture.uniExceptionally(CompletableFuture.java:990)
	at java.base/java.util.concurrent.CompletableFuture.uniExceptionallyStage(CompletableFuture.java:1008)
	at java.base/java.util.concurrent.CompletableFuture.exceptionally(CompletableFuture.java:2396)
	at de.tum.cit.aet.artemis.buildagent.service.SharedQueueProcessingService.processBuild(SharedQueueProcessingService.java:444)
	at de.tum.cit.aet.artemis.buildagent.service.SharedQueueProcessingService.checkAvailabilityAndProcessNextBuild(SharedQueueProcessingService.java:269)
	at de.tum.cit.aet.artemis.buildagent.service.SharedQueueProcessingService.lambda$processBuild$5(SharedQueueProcessingService.java:480)
	at java.base/java.util.concurrent.CompletableFuture.uniExceptionally(CompletableFuture.java:990)
	at java.base/java.util.concurrent.CompletableFuture.uniExceptionallyStage(CompletableFuture.java:1008)
	at java.base/java.util.concurrent.CompletableFuture.exceptionally(CompletableFuture.java:2396)
	at de.tum.cit.aet.artemis.buildagent.service.SharedQueueProcessingService.processBuild(SharedQueueProcessingService.java:444)
	at de.tum.cit.aet.artemis.buildagent.service.SharedQueueProcessingService.checkAvailabilityAndProcessNextBuild(SharedQueueProcessingService.java:269)
	at de.tum.cit.aet.artemis.buildagent.service.SharedQueueProcessingService.lambda$processBuild$5(SharedQueueProcessingService.java:480)
	at java.base/java.util.concurrent.CompletableFuture.uniExceptionally(CompletableFuture.java:990)
	at java.base/java.util.concurrent.CompletableFuture.uniExceptionallyStage(CompletableFuture.java:1008)
	at java.base/java.util.concurrent.CompletableFuture.exceptionally(CompletableFuture.java:2396)
	at de.tum.cit.aet.artemis.buildagent.service.SharedQueueProcessingService.processBuild(SharedQueueProcessingService.java:444)
	at de.tum.cit.aet.artemis.buildagent.service.SharedQueueProcessingService.checkAvailabilityAndProcessNextBuild(SharedQueueProcessingService.java:269)
	at de.tum.cit.aet.artemis.buildagent.service.SharedQueueProcessingService.lambda$processBuild$5(SharedQueueProcessingService.java:480)
	at java.base/java.util.concurrent.CompletableFuture.uniExceptionally(CompletableFuture.java:990)
	at java.base/java.util.concurrent.CompletableFuture.uniExceptionallyStage(CompletableFuture.java:1008)
	at java.base/java.util.concurrent.CompletableFuture.exceptionally(CompletableFuture.java:2396)
	at de.tum.cit.aet.artemis.buildagent.service.SharedQueueProcessingService.processBuild(SharedQueueProcessingService.java:444)
	at de.tum.cit.aet.artemis.buildagent.service.SharedQueueProcessingService.checkAvailabilityAndProcessNextBuild(SharedQueueProcessingService.java:269)
	at de.tum.cit.aet.artemis.buildagent.service.SharedQueueProcessingService.lambda$processBuild$5(SharedQueueProcessingService.java:480)
	at java.base/java.util.concurrent.CompletableFuture.uniExceptionally(CompletableFuture.java:990)
	at java.base/java.util.concurrent.CompletableFuture.uniExceptionallyStage(CompletableFuture.java:1008)
	at java.base/java.util.concurrent.CompletableFuture.exceptionally(CompletableFuture.java:2396)
	at de.tum.cit.aet.artemis.buildagent.service.SharedQueueProcessingService.processBuild(SharedQueueProcessingService.java:444)
	at de.tum.cit.aet.artemis.buildagent.service.SharedQueueProcessingService.checkAvailabilityAndProcessNextBuild(SharedQueueProcessingService.java:269)
	at de.tum.cit.aet.artemis.buildagent.service.SharedQueueProcessingService.lambda$processBuild$5(SharedQueueProcessingService.java:480)
	at java.base/java.util.concurrent.CompletableFuture.uniExceptionally(CompletableFuture.java:990)
	at java.base/java.util.concurrent.CompletableFuture.uniExceptionallyStage(CompletableFuture.java:1008)
	at java.base/java.util.concurrent.CompletableFuture.exceptionally(CompletableFuture.java:2396)
	at de.tum.cit.aet.artemis.buildagent.service.SharedQueueProcessingService.processBuild(SharedQueueProcessingService.java:444)
	at de.tum.cit.aet.artemis.buildagent.service.SharedQueueProcessingService.checkAvailabilityAndProcessNextBuild(SharedQueueProcessingService.java:269)
	at de.tum.cit.aet.artemis.buildagent.service.SharedQueueProcessingService.lambda$processBuild$5(SharedQueueProcessingService.java:480)
	at java.base/java.util.concurrent.CompletableFuture.uniExceptionally(CompletableFuture.java:990)
	at java.base/java.util.concurrent.CompletableFuture.uniExceptionallyStage(CompletableFuture.java:1008)
	at java.base/java.util.concurrent.CompletableFuture.exceptionally(CompletableFuture.java:2396)
	at de.tum.cit.aet.artemis.buildagent.service.SharedQueueProcessingService.processBuild(SharedQueueProcessingService.java:444)
	at de.tum.cit.aet.artemis.buildagent.service.SharedQueueProcessingService.checkAvailabilityAndProcessNextBuild(SharedQueueProcessingService.java:269)
	at de.tum.cit.aet.artemis.buildagent.service.SharedQueueProcessingService.lambda$processBuild$5(SharedQueueProcessingService.java:480)
	at java.base/java.util.concurrent.CompletableFuture.uniExceptionally(CompletableFuture.java:990)
	at java.base/java.util.concurrent.CompletableFuture.uniExceptionallyStage(CompletableFuture.java:1008)
	at java.base/java.util.concurrent.CompletableFuture.exceptionally(CompletableFuture.java:2396)
	at de.tum.cit.aet.artemis.buildagent.service.SharedQueueProcessingService.processBuild(SharedQueueProcessingService.java:444)
	at de.tum.cit.aet.artemis.buildagent.service.SharedQueueProcessingService.checkAvailabilityAndProcessNextBuild(SharedQueueProcessingService.java:269)
	at de.tum.cit.aet.artemis.buildagent.service.SharedQueueProcessingService$QueuedBuildJobItemListener.itemAdded(SharedQueueProcessingService.java:594)
	at com.hazelcast.collection.impl.queue.QueueService.lambda$dispatchEvent$1(QueueService.java:277)
	at com.hazelcast.internal.namespace.impl.NoOpUserCodeNamespaceService.runWithNamespace(NoOpUserCodeNamespaceService.java:82)
	at com.hazelcast.internal.namespace.NamespaceUtil.runWithNamespace(NamespaceUtil.java:106)
	at com.hazelcast.collection.impl.queue.QueueService.dispatchEvent(QueueService.java:275)
	at com.hazelcast.collection.impl.queue.QueueService.dispatchEvent(QueueService.java:98)
	at com.hazelcast.spi.impl.eventservice.impl.LocalEventDispatcher.run(LocalEventDispatcher.java:64)
	at com.hazelcast.internal.util.executor.StripedExecutor$Worker.process(StripedExecutor.java:244)
	at com.hazelcast.internal.util.executor.StripedExecutor$Worker.run(StripedExecutor.java:227)
Caused by: de.tum.cit.aet.artemis.core.exception.LocalCIException: Could not pull Docker image dummy-docker-image
	at de.tum.cit.aet.artemis.buildagent.service.BuildJobExecutionService.runBuildJob(BuildJobExecutionService.java:157)
	at java.base/jdk.internal.reflect.DirectMethodHandleAccessor.invoke(DirectMethodHandleAccessor.java:103)
	at java.base/java.lang.reflect.Method.invoke(Method.java:580)
	at org.springframework.aop.support.AopUtils.invokeJoinpointUsingReflection(AopUtils.java:359)
	at org.springframework.aop.framework.CglibAopProxy$DynamicAdvisedInterceptor.intercept(CglibAopProxy.java:723)
	at de.tum.cit.aet.artemis.buildagent.service.BuildJobExecutionService$$SpringCGLIB$$0.runBuildJob(<generated>)
	at de.tum.cit.aet.artemis.buildagent.service.BuildJobManagementService.lambda$executeBuildJob$1(BuildJobManagementService.java:129)
	at java.base/java.util.concurrent.FutureTask.run(FutureTask.java:317)
	at java.base/java.util.concurrent.ThreadPoolExecutor.runWorker(ThreadPoolExecutor.java:1144)
	at java.base/java.util.concurrent.ThreadPoolExecutor$Worker.run(ThreadPoolExecutor.java:642)
	at java.base/java.lang.Thread.run(Thread.java:1583)
Caused by: de.tum.cit.aet.artemis.core.exception.LocalCIException: Docker image dummy-docker-image is not compatible with the current architecture. Needed 'linux/amd64', but got 'null'
	at de.tum.cit.aet.artemis.buildagent.service.BuildAgentDockerService.checkImageArchitecture(BuildAgentDockerService.java:291)
	at de.tum.cit.aet.artemis.buildagent.service.BuildAgentDockerService.pullDockerImage(BuildAgentDockerService.java:223)
	at de.tum.cit.aet.artemis.buildagent.service.BuildJobExecutionService.runBuildJob(BuildJobExecutionService.java:152)
	... 10 common frames omitted
    23:44:54.667 | 566 localvc.event-13 | INFO  | .c.a.a.b.s.BuildJobManagementService : Getting ID of running container local-ci-17531739576694522
    23:44:54.667 | 566 localvc.event-13 | INFO  | .c.a.a.b.s.BuildJobManagementService : Stopping unresponsive container with ID null
    23:44:54.667 | 566 localvc.event-13 | DEBUG | a.a.b.s.SharedQueueProcessingService : Build job completed with exception: BuildJobQueueItem[id=17531739576694522, name=SHORTFDB0CC0C02BA4046D90BD74095B77B392C2CTSTEXC-BASE, buildAgent=BuildAgentDTO[name=artemis-build-agent-test, memberAddress=[127.0.0.1]:5703, displayName=artemis-build-agent-test], participationId=1753, courseId=875, exerciseId=2450, retryCount=0, priority=2, status=null, repositoryInfo=RepositoryInfo[repositoryName=shortfdb0cc0c02ba4046d90bd74095b77b392c2ctstexc-exercise, repositoryType=exercise, triggeredByPushTo=exercise, assignmentRepositoryUri=http://localhost:49152/git/SHORTFDB0CC0C02BA4046D90BD74095B77B392C2CTSTEXC/shortfdb0cc0c02ba4046d90bd74095b77b392c2ctstexc-exercise.git, testRepositoryUri=http://nadnasidni.tum/scm/SHORTFDB0CC0C02BA4046D90BD74095B77B392C2CTSTEXC/SHORTFDB0CC0C02BA4046D90BD74095B77B392C2CTSTEXC-tests.git, solutionRepositoryUri=null, auxiliaryRepositoryUris=[Ljava.lang.String;@93c7575, auxiliaryRepositoryCheckoutDirectories=[Ljava.lang.String;@7bd949ff], jobTimingInfo=JobTimingInfo[submissionDate=2025-02-14T23:44:54.522500123Z[Etc/UTC], buildStartDate=2025-02-14T23:44:54.652544627Z[Etc/UTC], buildCompletionDate=null, estimatedCompletionDate=2025-02-14T23:45:13.652540008Z[Etc/UTC], estimatedDuration=19], buildConfig=BuildConfig[buildScript=#!/bin/bash
cd /var/tmp/testing-dir
mvn clean test
, dockerImage=dummy-docker-image, commitHashToBuild=null, assignmentCommitHash=9b3a9bd71a0d80e5bbc42204c319ed3d1d4f0d6d, testCommitHash=9b3a9bd71a0d80e5bbc42204c319ed3d1d4f0d6d, branch=main, programmingLanguage=JAVA, projectType=PLAIN_MAVEN, scaEnabled=false, sequentialTestRunsEnabled=false, resultPaths=[/var/tmp/testing-dir/**/target/surefire-reports/*.xml], timeoutSeconds=0, assignmentCheckoutPath=null, testCheckoutPath=null, solutionCheckoutPath=null, dockerRunConfig=null], submissionResult=null]
java.util.concurrent.CompletionException: java.util.concurrent.ExecutionException: de.tum.cit.aet.artemis.core.exception.LocalCIException: Could not pull Docker image dummy-docker-image
	at de.tum.cit.aet.artemis.buildagent.service.BuildJobManagementService.lambda$executeBuildJob$2(BuildJobManagementService.java:188)
	at de.tum.cit.aet.artemis.buildagent.service.BuildJobManagementService.createCompletableFuture(BuildJobManagementService.java:236)
	at de.tum.cit.aet.artemis.buildagent.service.BuildJobManagementService.executeBuildJob(BuildJobManagementService.java:163)
	at de.tum.cit.aet.artemis.buildagent.service.SharedQueueProcessingService.processBuild(SharedQueueProcessingService.java:413)
	at de.tum.cit.aet.artemis.buildagent.service.SharedQueueProcessingService.checkAvailabilityAndProcessNextBuild(SharedQueueProcessingService.java:269)
	at de.tum.cit.aet.artemis.buildagent.service.SharedQueueProcessingService.lambda$processBuild$5(SharedQueueProcessingService.java:480)
	at java.base/java.util.concurrent.CompletableFuture.uniExceptionally(CompletableFuture.java:990)
	at java.base/java.util.concurrent.CompletableFuture.uniExceptionallyStage(CompletableFuture.java:1008)
	at java.base/java.util.concurrent.CompletableFuture.exceptionally(CompletableFuture.java:2396)
	at de.tum.cit.aet.artemis.buildagent.service.SharedQueueProcessingService.processBuild(SharedQueueProcessingService.java:444)
	at de.tum.cit.aet.artemis.buildagent.service.SharedQueueProcessingService.checkAvailabilityAndProcessNextBuild(SharedQueueProcessingService.java:269)
	at de.tum.cit.aet.artemis.buildagent.service.SharedQueueProcessingService.lambda$processBuild$5(SharedQueueProcessingService.java:480)
	at java.base/java.util.concurrent.CompletableFuture.uniExceptionally(CompletableFuture.java:990)
	at java.base/java.util.concurrent.CompletableFuture.uniExceptionallyStage(CompletableFuture.java:1008)
	at java.base/java.util.concurrent.CompletableFuture.exceptionally(CompletableFuture.java:2396)
	at de.tum.cit.aet.artemis.buildagent.service.SharedQueueProcessingService.processBuild(SharedQueueProcessingService.java:444)
	at de.tum.cit.aet.artemis.buildagent.service.SharedQueueProcessingService.checkAvailabilityAndProcessNextBuild(SharedQueueProcessingService.java:269)
	at de.tum.cit.aet.artemis.buildagent.service.SharedQueueProcessingService.lambda$processBuild$5(SharedQueueProcessingService.java:480)
	at java.base/java.util.concurrent.CompletableFuture.uniExceptionally(CompletableFuture.java:990)
	at java.base/java.util.concurrent.CompletableFuture.uniExceptionallyStage(CompletableFuture.java:1008)
	at java.base/java.util.concurrent.CompletableFuture.exceptionally(CompletableFuture.java:2396)
	at de.tum.cit.aet.artemis.buildagent.service.SharedQueueProcessingService.processBuild(SharedQueueProcessingService.java:444)
	at de.tum.cit.aet.artemis.buildagent.service.SharedQueueProcessingService.checkAvailabilityAndProcessNextBuild(SharedQueueProcessingService.java:269)
	at de.tum.cit.aet.artemis.buildagent.service.SharedQueueProcessingService.lambda$processBuild$5(SharedQueueProcessingService.java:480)
	at java.base/java.util.concurrent.CompletableFuture.uniExceptionally(CompletableFuture.java:990)
	at java.base/java.util.concurrent.CompletableFuture.uniExceptionallyStage(CompletableFuture.java:1008)
	at java.base/java.util.concurrent.CompletableFuture.exceptionally(CompletableFuture.java:2396)
	at de.tum.cit.aet.artemis.buildagent.service.SharedQueueProcessingService.processBuild(SharedQueueProcessingService.java:444)
	at de.tum.cit.aet.artemis.buildagent.service.SharedQueueProcessingService.checkAvailabilityAndProcessNextBuild(SharedQueueProcessingService.java:269)
	at de.tum.cit.aet.artemis.buildagent.service.SharedQueueProcessingService.lambda$processBuild$5(SharedQueueProcessingService.java:480)
	at java.base/java.util.concurrent.CompletableFuture.uniExceptionally(CompletableFuture.java:990)
	at java.base/java.util.concurrent.CompletableFuture.uniExceptionallyStage(CompletableFuture.java:1008)
	at java.base/java.util.concurrent.CompletableFuture.exceptionally(CompletableFuture.java:2396)
	at de.tum.cit.aet.artemis.buildagent.service.SharedQueueProcessingService.processBuild(SharedQueueProcessingService.java:444)
	at de.tum.cit.aet.artemis.buildagent.service.SharedQueueProcessingService.checkAvailabilityAndProcessNextBuild(SharedQueueProcessingService.java:269)
	at de.tum.cit.aet.artemis.buildagent.service.SharedQueueProcessingService.lambda$processBuild$5(SharedQueueProcessingService.java:480)
	at java.base/java.util.concurrent.CompletableFuture.uniExceptionally(CompletableFuture.java:990)
	at java.base/java.util.concurrent.CompletableFuture.uniExceptionallyStage(CompletableFuture.java:1008)
	at java.base/java.util.concurrent.CompletableFuture.exceptionally(CompletableFuture.java:2396)
	at de.tum.cit.aet.artemis.buildagent.service.SharedQueueProcessingService.processBuild(SharedQueueProcessingService.java:444)
	at de.tum.cit.aet.artemis.buildagent.service.SharedQueueProcessingService.checkAvailabilityAndProcessNextBuild(SharedQueueProcessingService.java:269)
	at de.tum.cit.aet.artemis.buildagent.service.SharedQueueProcessingService.lambda$processBuild$5(SharedQueueProcessingService.java:480)
	at java.base/java.util.concurrent.CompletableFuture.uniExceptionally(CompletableFuture.java:990)
	at java.base/java.util.concurrent.CompletableFuture.uniExceptionallyStage(CompletableFuture.java:1008)
	at java.base/java.util.concurrent.CompletableFuture.exceptionally(CompletableFuture.java:2396)
	at de.tum.cit.aet.artemis.buildagent.service.SharedQueueProcessingService.processBuild(SharedQueueProcessingService.java:444)
	at de.tum.cit.aet.artemis.buildagent.service.SharedQueueProcessingService.checkAvailabilityAndProcessNextBuild(SharedQueueProcessingService.java:269)
	at de.tum.cit.aet.artemis.buildagent.service.SharedQueueProcessingService.lambda$processBuild$5(SharedQueueProcessingService.java:480)
	at java.base/java.util.concurrent.CompletableFuture.uniExceptionally(CompletableFuture.java:990)
	at java.base/java.util.concurrent.CompletableFuture.uniExceptionallyStage(CompletableFuture.java:1008)
	at java.base/java.util.concurrent.CompletableFuture.exceptionally(CompletableFuture.java:2396)
	at de.tum.cit.aet.artemis.buildagent.service.SharedQueueProcessingService.processBuild(SharedQueueProcessingService.java:444)
	at de.tum.cit.aet.artemis.buildagent.service.SharedQueueProcessingService.checkAvailabilityAndProcessNextBuild(SharedQueueProcessingService.java:269)
	at de.tum.cit.aet.artemis.buildagent.service.SharedQueueProcessingService.lambda$processBuild$5(SharedQueueProcessingService.java:480)
	at java.base/java.util.concurrent.CompletableFuture.uniExceptionally(CompletableFuture.java:990)
	at java.base/java.util.concurrent.CompletableFuture.uniExceptionallyStage(CompletableFuture.java:1008)
	at java.base/java.util.concurrent.CompletableFuture.exceptionally(CompletableFuture.java:2396)
	at de.tum.cit.aet.artemis.buildagent.service.SharedQueueProcessingService.processBuild(SharedQueueProcessingService.java:444)
	at de.tum.cit.aet.artemis.buildagent.service.SharedQueueProcessingService.checkAvailabilityAndProcessNextBuild(SharedQueueProcessingService.java:269)
	at de.tum.cit.aet.artemis.buildagent.service.SharedQueueProcessingService$QueuedBuildJobItemListener.itemAdded(SharedQueueProcessingService.java:594)
	at com.hazelcast.collection.impl.queue.QueueService.lambda$dispatchEvent$1(QueueService.java:277)
	at com.hazelcast.internal.namespace.impl.NoOpUserCodeNamespaceService.runWithNamespace(NoOpUserCodeNamespaceService.java:82)
	at com.hazelcast.internal.namespace.NamespaceUtil.runWithNamespace(NamespaceUtil.java:106)
	at com.hazelcast.collection.impl.queue.QueueService.dispatchEvent(QueueService.java:275)
	at com.hazelcast.collection.impl.queue.QueueService.dispatchEvent(QueueService.java:98)
	at com.hazelcast.spi.impl.eventservice.impl.LocalEventDispatcher.run(LocalEventDispatcher.java:64)
	at com.hazelcast.internal.util.executor.StripedExecutor$Worker.process(StripedExecutor.java:244)
	at com.hazelcast.internal.util.executor.StripedExecutor$Worker.run(StripedExecutor.java:227)
Caused by: java.util.concurrent.ExecutionException: de.tum.cit.aet.artemis.core.exception.LocalCIException: Could not pull Docker image dummy-docker-image
	at java.base/java.util.concurrent.FutureTask.report(FutureTask.java:122)
	at java.base/java.util.concurrent.FutureTask.get(FutureTask.java:205)
	at de.tum.cit.aet.artemis.buildagent.service.BuildJobManagementService.lambda$executeBuildJob$2(BuildJobManagementService.java:165)
	... 67 common frames omitted
Caused by: de.tum.cit.aet.artemis.core.exception.LocalCIException: Could not pull Docker image dummy-docker-image
	at de.tum.cit.aet.artemis.buildagent.service.BuildJobExecutionService.runBuildJob(BuildJobExecutionService.java:157)
	at java.base/jdk.internal.reflect.DirectMethodHandleAccessor.invoke(DirectMethodHandleAccessor.java:103)
	at java.base/java.lang.reflect.Method.invoke(Method.java:580)
	at org.springframework.aop.support.AopUtils.invokeJoinpointUsingReflection(AopUtils.java:359)
	at org.springframework.aop.framework.CglibAopProxy$DynamicAdvisedInterceptor.intercept(CglibAopProxy.java:723)
	at de.tum.cit.aet.artemis.buildagent.service.BuildJobExecutionService$$SpringCGLIB$$0.runBuildJob(<generated>)
	at de.tum.cit.aet.artemis.buildagent.service.BuildJobManagementService.lambda$executeBuildJob$1(BuildJobManagementService.java:129)
	at java.base/java.util.concurrent.FutureTask.run(FutureTask.java:317)
	at java.base/java.util.concurrent.ThreadPoolExecutor.runWorker(ThreadPoolExecutor.java:1144)
	at java.base/java.util.concurrent.ThreadPoolExecutor$Worker.run(ThreadPoolExecutor.java:642)
	at java.base/java.lang.Thread.run(Thread.java:1583)
Caused by: de.tum.cit.aet.artemis.core.exception.LocalCIException: Docker image dummy-docker-image is not compatible with the current architecture. Needed 'linux/amd64', but got 'null'
	at de.tum.cit.aet.artemis.buildagent.service.BuildAgentDockerService.checkImageArchitecture(BuildAgentDockerService.java:291)
	at de.tum.cit.aet.artemis.buildagent.service.BuildAgentDockerService.pullDockerImage(BuildAgentDockerService.java:223)
	at de.tum.cit.aet.artemis.buildagent.service.BuildJobExecutionService.runBuildJob(BuildJobExecutionService.java:152)
	... 10 common frames omitted
    23:44:54.667 | 566 localvc.event-13 | ERROR | a.a.b.s.SharedQueueProcessingService : Error while processing build job: BuildJobQueueItem[id=17531739576694522, name=SHORTFDB0CC0C02BA4046D90BD74095B77B392C2CTSTEXC-BASE, buildAgent=BuildAgentDTO[name=artemis-build-agent-test, memberAddress=[127.0.0.1]:5703, displayName=artemis-build-agent-test], participationId=1753, courseId=875, exerciseId=2450, retryCount=0, priority=2, status=null, repositoryInfo=RepositoryInfo[repositoryName=shortfdb0cc0c02ba4046d90bd74095b77b392c2ctstexc-exercise, repositoryType=exercise, triggeredByPushTo=exercise, assignmentRepositoryUri=http://localhost:49152/git/SHORTFDB0CC0C02BA4046D90BD74095B77B392C2CTSTEXC/shortfdb0cc0c02ba4046d90bd74095b77b392c2ctstexc-exercise.git, testRepositoryUri=http://nadnasidni.tum/scm/SHORTFDB0CC0C02BA4046D90BD74095B77B392C2CTSTEXC/SHORTFDB0CC0C02BA4046D90BD74095B77B392C2CTSTEXC-tests.git, solutionRepositoryUri=null, auxiliaryRepositoryUris=[Ljava.lang.String;@93c7575, auxiliaryRepositoryCheckoutDirectories=[Ljava.lang.String;@7bd949ff], jobTimingInfo=JobTimingInfo[submissionDate=2025-02-14T23:44:54.522500123Z[Etc/UTC], buildStartDate=2025-02-14T23:44:54.652544627Z[Etc/UTC], buildCompletionDate=null, estimatedCompletionDate=2025-02-14T23:45:13.652540008Z[Etc/UTC], estimatedDuration=19], buildConfig=BuildConfig[buildScript=#!/bin/bash
cd /var/tmp/testing-dir
mvn clean test
, dockerImage=dummy-docker-image, commitHashToBuild=null, assignmentCommitHash=9b3a9bd71a0d80e5bbc42204c319ed3d1d4f0d6d, testCommitHash=9b3a9bd71a0d80e5bbc42204c319ed3d1d4f0d6d, branch=main, programmingLanguage=JAVA, projectType=PLAIN_MAVEN, scaEnabled=false, sequentialTestRunsEnabled=false, resultPaths=[/var/tmp/testing-dir/**/target/surefire-reports/*.xml], timeoutSeconds=0, assignmentCheckoutPath=null, testCheckoutPath=null, solutionCheckoutPath=null, dockerRunConfig=null], submissionResult=null]
java.util.concurrent.CompletionException: java.util.concurrent.ExecutionException: de.tum.cit.aet.artemis.core.exception.LocalCIException: Could not pull Docker image dummy-docker-image
	at de.tum.cit.aet.artemis.buildagent.service.BuildJobManagementService.lambda$executeBuildJob$2(BuildJobManagementService.java:188)
	at de.tum.cit.aet.artemis.buildagent.service.BuildJobManagementService.createCompletableFuture(BuildJobManagementService.java:236)
	at de.tum.cit.aet.artemis.buildagent.service.BuildJobManagementService.executeBuildJob(BuildJobManagementService.java:163)
	at de.tum.cit.aet.artemis.buildagent.service.SharedQueueProcessingService.processBuild(SharedQueueProcessingService.java:413)
	at de.tum.cit.aet.artemis.buildagent.service.SharedQueueProcessingService.checkAvailabilityAndProcessNextBuild(SharedQueueProcessingService.java:269)
	at de.tum.cit.aet.artemis.buildagent.service.SharedQueueProcessingService.lambda$processBuild$5(SharedQueueProcessingService.java:480)
	at java.base/java.util.concurrent.CompletableFuture.uniExceptionally(CompletableFuture.java:990)
	at java.base/java.util.concurrent.CompletableFuture.uniExceptionallyStage(CompletableFuture.java:1008)
	at java.base/java.util.concurrent.CompletableFuture.exceptionally(CompletableFuture.java:2396)
	at de.tum.cit.aet.artemis.buildagent.service.SharedQueueProcessingService.processBuild(SharedQueueProcessingService.java:444)
	at de.tum.cit.aet.artemis.buildagent.service.SharedQueueProcessingService.checkAvailabilityAndProcessNextBuild(SharedQueueProcessingService.java:269)
	at de.tum.cit.aet.artemis.buildagent.service.SharedQueueProcessingService.lambda$processBuild$5(SharedQueueProcessingService.java:480)
	at java.base/java.util.concurrent.CompletableFuture.uniExceptionally(CompletableFuture.java:990)
	at java.base/java.util.concurrent.CompletableFuture.uniExceptionallyStage(CompletableFuture.java:1008)
	at java.base/java.util.concurrent.CompletableFuture.exceptionally(CompletableFuture.java:2396)
	at de.tum.cit.aet.artemis.buildagent.service.SharedQueueProcessingService.processBuild(SharedQueueProcessingService.java:444)
	at de.tum.cit.aet.artemis.buildagent.service.SharedQueueProcessingService.checkAvailabilityAndProcessNextBuild(SharedQueueProcessingService.java:269)
	at de.tum.cit.aet.artemis.buildagent.service.SharedQueueProcessingService.lambda$processBuild$5(SharedQueueProcessingService.java:480)
	at java.base/java.util.concurrent.CompletableFuture.uniExceptionally(CompletableFuture.java:990)
	at java.base/java.util.concurrent.CompletableFuture.uniExceptionallyStage(CompletableFuture.java:1008)
	at java.base/java.util.concurrent.CompletableFuture.exceptionally(CompletableFuture.java:2396)
	at de.tum.cit.aet.artemis.buildagent.service.SharedQueueProcessingService.processBuild(SharedQueueProcessingService.java:444)
	at de.tum.cit.aet.artemis.buildagent.service.SharedQueueProcessingService.checkAvailabilityAndProcessNextBuild(SharedQueueProcessingService.java:269)
	at de.tum.cit.aet.artemis.buildagent.service.SharedQueueProcessingService.lambda$processBuild$5(SharedQueueProcessingService.java:480)
	at java.base/java.util.concurrent.CompletableFuture.uniExceptionally(CompletableFuture.java:990)
	at java.base/java.util.concurrent.CompletableFuture.uniExceptionallyStage(CompletableFuture.java:1008)
	at java.base/java.util.concurrent.CompletableFuture.exceptionally(CompletableFuture.java:2396)
	at de.tum.cit.aet.artemis.buildagent.service.SharedQueueProcessingService.processBuild(SharedQueueProcessingService.java:444)
	at de.tum.cit.aet.artemis.buildagent.service.SharedQueueProcessingService.checkAvailabilityAndProcessNextBuild(SharedQueueProcessingService.java:269)
	at de.tum.cit.aet.artemis.buildagent.service.SharedQueueProcessingService.lambda$processBuild$5(SharedQueueProcessingService.java:480)
	at java.base/java.util.concurrent.CompletableFuture.uniExceptionally(CompletableFuture.java:990)
	at java.base/java.util.concurrent.CompletableFuture.uniExceptionallyStage(CompletableFuture.java:1008)
	at java.base/java.util.concurrent.CompletableFuture.exceptionally(CompletableFuture.java:2396)
	at de.tum.cit.aet.artemis.buildagent.service.SharedQueueProcessingService.processBuild(SharedQueueProcessingService.java:444)
	at de.tum.cit.aet.artemis.buildagent.service.SharedQueueProcessingService.checkAvailabilityAndProcessNextBuild(SharedQueueProcessingService.java:269)
	at de.tum.cit.aet.artemis.buildagent.service.SharedQueueProcessingService.lambda$processBuild$5(SharedQueueProcessingService.java:480)
	at java.base/java.util.concurrent.CompletableFuture.uniExceptionally(CompletableFuture.java:990)
	at java.base/java.util.concurrent.CompletableFuture.uniExceptionallyStage(CompletableFuture.java:1008)
	at java.base/java.util.concurrent.CompletableFuture.exceptionally(CompletableFuture.java:2396)
	at de.tum.cit.aet.artemis.buildagent.service.SharedQueueProcessingService.processBuild(SharedQueueProcessingService.java:444)
	at de.tum.cit.aet.artemis.buildagent.service.SharedQueueProcessingService.checkAvailabilityAndProcessNextBuild(SharedQueueProcessingService.java:269)
	at de.tum.cit.aet.artemis.buildagent.service.SharedQueueProcessingService.lambda$processBuild$5(SharedQueueProcessingService.java:480)
	at java.base/java.util.concurrent.CompletableFuture.uniExceptionally(CompletableFuture.java:990)
	at java.base/java.util.concurrent.CompletableFuture.uniExceptionallyStage(CompletableFuture.java:1008)
	at java.base/java.util.concurrent.CompletableFuture.exceptionally(CompletableFuture.java:2396)
	at de.tum.cit.aet.artemis.buildagent.service.SharedQueueProcessingService.processBuild(SharedQueueProcessingService.java:444)
	at de.tum.cit.aet.artemis.buildagent.service.SharedQueueProcessingService.checkAvailabilityAndProcessNextBuild(SharedQueueProcessingService.java:269)
	at de.tum.cit.aet.artemis.buildagent.service.SharedQueueProcessingService.lambda$processBuild$5(SharedQueueProcessingService.java:480)
	at java.base/java.util.concurrent.CompletableFuture.uniExceptionally(CompletableFuture.java:990)
	at java.base/java.util.concurrent.CompletableFuture.uniExceptionallyStage(CompletableFuture.java:1008)
	at java.base/java.util.concurrent.CompletableFuture.exceptionally(CompletableFuture.java:2396)
	at de.tum.cit.aet.artemis.buildagent.service.SharedQueueProcessingService.processBuild(SharedQueueProcessingService.java:444)
	at de.tum.cit.aet.artemis.buildagent.service.SharedQueueProcessingService.checkAvailabilityAndProcessNextBuild(SharedQueueProcessingService.java:269)
	at de.tum.cit.aet.artemis.buildagent.service.SharedQueueProcessingService.lambda$processBuild$5(SharedQueueProcessingService.java:480)
	at java.base/java.util.concurrent.CompletableFuture.uniExceptionally(CompletableFuture.java:990)
	at java.base/java.util.concurrent.CompletableFuture.uniExceptionallyStage(CompletableFuture.java:1008)
	at java.base/java.util.concurrent.CompletableFuture.exceptionally(CompletableFuture.java:2396)
	at de.tum.cit.aet.artemis.buildagent.service.SharedQueueProcessingService.processBuild(SharedQueueProcessingService.java:444)
	at de.tum.cit.aet.artemis.buildagent.service.SharedQueueProcessingService.checkAvailabilityAndProcessNextBuild(SharedQueueProcessingService.java:269)
	at de.tum.cit.aet.artemis.buildagent.service.SharedQueueProcessingService$QueuedBuildJobItemListener.itemAdded(SharedQueueProcessingService.java:594)
	at com.hazelcast.collection.impl.queue.QueueService.lambda$dispatchEvent$1(QueueService.java:277)
	at com.hazelcast.internal.namespace.impl.NoOpUserCodeNamespaceService.runWithNamespace(NoOpUserCodeNamespaceService.java:82)
	at com.hazelcast.internal.namespace.NamespaceUtil.runWithNamespace(NamespaceUtil.java:106)
	at com.hazelcast.collection.impl.queue.QueueService.dispatchEvent(QueueService.java:275)
	at com.hazelcast.collection.impl.queue.QueueService.dispatchEvent(QueueService.java:98)
	at com.hazelcast.spi.impl.eventservice.impl.LocalEventDispatcher.run(LocalEventDispatcher.java:64)
	at com.hazelcast.internal.util.executor.StripedExecutor$Worker.process(StripedExecutor.java:244)
	at com.hazelcast.internal.util.executor.StripedExecutor$Worker.run(StripedExecutor.java:227)
Caused by: java.util.concurrent.ExecutionException: de.tum.cit.aet.artemis.core.exception.LocalCIException: Could not pull Docker image dummy-docker-image
	at java.base/java.util.concurrent.FutureTask.report(FutureTask.java:122)
	at java.base/java.util.concurrent.FutureTask.get(FutureTask.java:205)
	at de.tum.cit.aet.artemis.buildagent.service.BuildJobManagementService.lambda$executeBuildJob$2(BuildJobManagementService.java:165)
	... 67 common frames omitted
Caused by: de.tum.cit.aet.artemis.core.exception.LocalCIException: Could not pull Docker image dummy-docker-image
	at de.tum.cit.aet.artemis.buildagent.service.BuildJobExecutionService.runBuildJob(BuildJobExecutionService.java:157)
	at java.base/jdk.internal.reflect.DirectMethodHandleAccessor.invoke(DirectMethodHandleAccessor.java:103)
	at java.base/java.lang.reflect.Method.invoke(Method.java:580)
	at org.springframework.aop.support.AopUtils.invokeJoinpointUsingReflection(AopUtils.java:359)
	at org.springframework.aop.framework.CglibAopProxy$DynamicAdvisedInterceptor.intercept(CglibAopProxy.java:723)
	at de.tum.cit.aet.artemis.buildagent.service.BuildJobExecutionService$$SpringCGLIB$$0.runBuildJob(<generated>)
	at de.tum.cit.aet.artemis.buildagent.service.BuildJobManagementService.lambda$executeBuildJob$1(BuildJobManagementService.java:129)
	at java.base/java.util.concurrent.FutureTask.run(FutureTask.java:317)
	at java.base/java.util.concurrent.ThreadPoolExecutor.runWorker(ThreadPoolExecutor.java:1144)
	at java.base/java.util.concurrent.ThreadPoolExecutor$Worker.run(ThreadPoolExecutor.java:642)
	at java.base/java.lang.Thread.run(Thread.java:1583)
Caused by: de.tum.cit.aet.artemis.core.exception.LocalCIException: Docker image dummy-docker-image is not compatible with the current architecture. Needed 'linux/amd64', but got 'null'
	at de.tum.cit.aet.artemis.buildagent.service.BuildAgentDockerService.checkImageArchitecture(BuildAgentDockerService.java:291)
	at de.tum.cit.aet.artemis.buildagent.service.BuildAgentDockerService.pullDockerImage(BuildAgentDockerService.java:223)
	at de.tum.cit.aet.artemis.buildagent.service.BuildJobExecutionService.runBuildJob(BuildJobExecutionService.java:152)
	... 10 common frames omitted
    23:44:54.672 | 565 localvc.event-12 | DEBUG | a.p.s.l.LocalCIQueueWebsocketService : CIBuildJobQueueItem removed from processing jobs: BuildJobQueueItem[id=17531739576694522, name=SHORTFDB0CC0C02BA4046D90BD74095B77B392C2CTSTEXC-BASE, buildAgent=BuildAgentDTO[name=artemis-build-agent-test, memberAddress=[127.0.0.1]:5703, displayName=artemis-build-agent-test], participationId=1753, courseId=875, exerciseId=2450, retryCount=0, priority=2, status=null, repositoryInfo=RepositoryInfo[repositoryName=shortfdb0cc0c02ba4046d90bd74095b77b392c2ctstexc-exercise, repositoryType=exercise, triggeredByPushTo=exercise, assignmentRepositoryUri=http://localhost:49152/git/SHORTFDB0CC0C02BA4046D90BD74095B77B392C2CTSTEXC/shortfdb0cc0c02ba4046d90bd74095b77b392c2ctstexc-exercise.git, testRepositoryUri=http://nadnasidni.tum/scm/SHORTFDB0CC0C02BA4046D90BD74095B77B392C2CTSTEXC/SHORTFDB0CC0C02BA4046D90BD74095B77B392C2CTSTEXC-tests.git, solutionRepositoryUri=null, auxiliaryRepositoryUris=[Ljava.lang.String;@29585ab2, auxiliaryRepositoryCheckoutDirectories=[Ljava.lang.String;@7c659d2b], jobTimingInfo=JobTimingInfo[submissionDate=2025-02-14T23:44:54.522500123Z[Etc/UTC], buildStartDate=2025-02-14T23:44:54.652544627Z[Etc/UTC], buildCompletionDate=null, estimatedCompletionDate=2025-02-14T23:45:13.652540008Z[Etc/UTC], estimatedDuration=19], buildConfig=BuildConfig[buildScript=#!/bin/bash
cd /var/tmp/testing-dir
mvn clean test
, dockerImage=dummy-docker-image, commitHashToBuild=null, assignmentCommitHash=9b3a9bd71a0d80e5bbc42204c319ed3d1d4f0d6d, testCommitHash=9b3a9bd71a0d80e5bbc42204c319ed3d1d4f0d6d, branch=main, programmingLanguage=JAVA, projectType=PLAIN_MAVEN, scaEnabled=false, sequentialTestRunsEnabled=false, resultPaths=[/var/tmp/testing-dir/**/target/surefire-reports/*.xml], timeoutSeconds=0, assignmentCheckoutPath=null, testCheckoutPath=null, solutionCheckoutPath=null, dockerRunConfig=null], submissionResult=null]
    23:44:54.672 | 565 localvc.event-12 | DEBUG | s.l.LocalCIWebsocketMessagingService : Sending message on topic /topic/admin/running-jobs: []
    23:44:54.672 | 565 localvc.event-12 | DEBUG | s.l.LocalCIWebsocketMessagingService : Sending message on topic /topic/courses/875/running-jobs: []
    23:44:54.679 | 566 localvc.event-13 | DEBUG | a.a.b.s.SharedQueueProcessingService : Currently processing jobs on this node: 0, active threads in Pool: 0, maximum pool size of thread executor : 1
    23:44:54.679 | 566 localvc.event-13 | DEBUG | a.a.b.s.SharedQueueProcessingService : Currently processing jobs on this node: 0, active threads in Pool: 0, maximum pool size of thread executor : 1
    23:44:54.680 | 567 localvc.event-14 | DEBUG | a.p.s.l.LocalCIQueueWebsocketService : CIBuildJobQueueItem added to processing jobs: BuildJobQueueItem[id=17551739576694666, name=SHORT4B6B7AAF03B28040600B8D20E984055B617ATSTEXC-SOLUTION, buildAgent=BuildAgentDTO[name=artemis-build-agent-test, memberAddress=[127.0.0.1]:5703, displayName=artemis-build-agent-test], participationId=1755, courseId=876, exerciseId=2451, retryCount=0, priority=2, status=null, repositoryInfo=RepositoryInfo[repositoryName=short4b6b7aaf03b28040600b8d20e984055b617atstexc-solution, repositoryType=solution, triggeredByPushTo=solution, assignmentRepositoryUri=http://localhost:49152/git/SHORT4B6B7AAF03B28040600B8D20E984055B617ATSTEXC/short4b6b7aaf03b28040600b8d20e984055b617atstexc-solution.git, testRepositoryUri=http://nadnasidni.tum/scm/SHORT4B6B7AAF03B28040600B8D20E984055B617ATSTEXC/SHORT4B6B7AAF03B28040600B8D20E984055B617ATSTEXC-tests.git, solutionRepositoryUri=null, auxiliaryRepositoryUris=[Ljava.lang.String;@5e5c1e72, auxiliaryRepositoryCheckoutDirectories=[Ljava.lang.String;@6ee18b8b], jobTimingInfo=JobTimingInfo[submissionDate=2025-02-14T23:44:54.666476750Z[Etc/UTC], buildStartDate=2025-02-14T23:44:54.680145230Z[Etc/UTC], buildCompletionDate=null, estimatedCompletionDate=2025-02-14T23:45:13.680139659Z[Etc/UTC], estimatedDuration=19], buildConfig=BuildConfig[buildScript=#!/bin/bash
cd /var/tmp/testing-dir
mvn clean test
, dockerImage=dummy-docker-image, commitHashToBuild=null, assignmentCommitHash=9b3a9bd71a0d80e5bbc42204c319ed3d1d4f0d6d, testCommitHash=9b3a9bd71a0d80e5bbc42204c319ed3d1d4f0d6d, branch=main, programmingLanguage=JAVA, projectType=PLAIN_MAVEN, scaEnabled=false, sequentialTestRunsEnabled=false, resultPaths=[/var/tmp/testing-dir/**/target/surefire-reports/*.xml], timeoutSeconds=0, assignmentCheckoutPath=null, testCheckoutPath=null, solutionCheckoutPath=null, dockerRunConfig=null], submissionResult=null]
    23:44:54.680 | 567 localvc.event-14 | DEBUG | s.l.LocalCIWebsocketMessagingService : Sending message on topic /topic/admin/running-jobs: [BuildJobQueueItem[id=17551739576694666, name=SHORT4B6B7AAF03B28040600B8D20E984055B617ATSTEXC-SOLUTION, buildAgent=BuildAgentDTO[name=artemis-build-agent-test, memberAddress=[127.0.0.1]:5703, displayName=artemis-build-agent-test], participationId=1755, courseId=876, exerciseId=2451, retryCount=0, priority=2, status=null, repositoryInfo=RepositoryInfo[repositoryName=short4b6b7aaf03b28040600b8d20e984055b617atstexc-solution, repositoryType=solution, triggeredByPushTo=solution, assignmentRepositoryUri=, testRepositoryUri=, solutionRepositoryUri=, auxiliaryRepositoryUris=null, auxiliaryRepositoryCheckoutDirectories=null], jobTimingInfo=JobTimingInfo[submissionDate=2025-02-14T23:44:54.666476750Z[Etc/UTC], buildStartDate=2025-02-14T23:44:54.680145230Z[Etc/UTC], buildCompletionDate=null, estimatedCompletionDate=2025-02-14T23:45:13.680139659Z[Etc/UTC], estimatedDuration=19], buildConfig=BuildConfig[buildScript=, dockerImage=, commitHashToBuild=null, assignmentCommitHash=, testCommitHash=, branch=, programmingLanguage=null, projectType=null, scaEnabled=false, sequentialTestRunsEnabled=false, resultPaths=null, timeoutSeconds=0, assignmentCheckoutPath=, testCheckoutPath=, solutionCheckoutPath=, dockerRunConfig=null], submissionResult=null]]
    23:44:54.681 | 567 localvc.event-14 | DEBUG | s.l.LocalCIWebsocketMessagingService : Sending message on topic /topic/courses/876/running-jobs: [BuildJobQueueItem[id=17551739576694666, name=SHORT4B6B7AAF03B28040600B8D20E984055B617ATSTEXC-SOLUTION, buildAgent=BuildAgentDTO[name=artemis-build-agent-test, memberAddress=[127.0.0.1]:5703, displayName=artemis-build-agent-test], participationId=1755, courseId=876, exerciseId=2451, retryCount=0, priority=2, status=null, repositoryInfo=RepositoryInfo[repositoryName=short4b6b7aaf03b28040600b8d20e984055b617atstexc-solution, repositoryType=solution, triggeredByPushTo=solution, assignmentRepositoryUri=, testRepositoryUri=, solutionRepositoryUri=, auxiliaryRepositoryUris=null, auxiliaryRepositoryCheckoutDirectories=null], jobTimingInfo=JobTimingInfo[submissionDate=2025-02-14T23:44:54.666476750Z[Etc/UTC], buildStartDate=2025-02-14T23:44:54.680145230Z[Etc/UTC], buildCompletionDate=null, estimatedCompletionDate=2025-02-14T23:45:13.680139659Z[Etc/UTC], estimatedDuration=19], buildConfig=BuildConfig[buildScript=, dockerImage=, commitHashToBuild=null, assignmentCommitHash=, testCommitHash=, branch=, programmingLanguage=null, projectType=null, scaEnabled=false, sequentialTestRunsEnabled=false, resultPaths=null, timeoutSeconds=0, assignmentCheckoutPath=, testCheckoutPath=, solutionCheckoutPath=, dockerRunConfig=null], submissionResult=null]]
    23:44:54.695 | 566 localvc.event-13 | INFO  | a.a.b.s.SharedQueueProcessingService : Processing build job: BuildJobQueueItem[id=17551739576694666, name=SHORT4B6B7AAF03B28040600B8D20E984055B617ATSTEXC-SOLUTION, buildAgent=BuildAgentDTO[name=artemis-build-agent-test, memberAddress=[127.0.0.1]:5703, displayName=artemis-build-agent-test], participationId=1755, courseId=876, exerciseId=2451, retryCount=0, priority=2, status=null, repositoryInfo=RepositoryInfo[repositoryName=short4b6b7aaf03b28040600b8d20e984055b617atstexc-solution, repositoryType=solution, triggeredByPushTo=solution, assignmentRepositoryUri=http://localhost:49152/git/SHORT4B6B7AAF03B28040600B8D20E984055B617ATSTEXC/short4b6b7aaf03b28040600b8d20e984055b617atstexc-solution.git, testRepositoryUri=http://nadnasidni.tum/scm/SHORT4B6B7AAF03B28040600B8D20E984055B617ATSTEXC/SHORT4B6B7AAF03B28040600B8D20E984055B617ATSTEXC-tests.git, solutionRepositoryUri=null, auxiliaryRepositoryUris=[Ljava.lang.String;@39f773b0, auxiliaryRepositoryCheckoutDirectories=[Ljava.lang.String;@40ff2af4], jobTimingInfo=JobTimingInfo[submissionDate=2025-02-14T23:44:54.666476750Z[Etc/UTC], buildStartDate=2025-02-14T23:44:54.680145230Z[Etc/UTC], buildCompletionDate=null, estimatedCompletionDate=2025-02-14T23:45:13.680139659Z[Etc/UTC], estimatedDuration=19], buildConfig=BuildConfig[buildScript=#!/bin/bash
cd /var/tmp/testing-dir
mvn clean test
, dockerImage=dummy-docker-image, commitHashToBuild=null, assignmentCommitHash=9b3a9bd71a0d80e5bbc42204c319ed3d1d4f0d6d, testCommitHash=9b3a9bd71a0d80e5bbc42204c319ed3d1d4f0d6d, branch=main, programmingLanguage=JAVA, projectType=PLAIN_MAVEN, scaEnabled=false, sequentialTestRunsEnabled=false, resultPaths=[/var/tmp/testing-dir/**/target/surefire-reports/*.xml], timeoutSeconds=0, assignmentCheckoutPath=null, testCheckoutPath=null, solutionCheckoutPath=null, dockerRunConfig=null], submissionResult=null]
    23:44:54.822 | 566 localvc.event-13 | ERROR | .c.a.a.b.s.BuildJobManagementService : Error while executing build job 17551739576694666: de.tum.cit.aet.artemis.core.exception.LocalCIException: Could not pull Docker image dummy-docker-image
java.util.concurrent.ExecutionException: de.tum.cit.aet.artemis.core.exception.LocalCIException: Could not pull Docker image dummy-docker-image
	at java.base/java.util.concurrent.FutureTask.report(FutureTask.java:122)
	at java.base/java.util.concurrent.FutureTask.get(FutureTask.java:205)
	at de.tum.cit.aet.artemis.buildagent.service.BuildJobManagementService.lambda$executeBuildJob$2(BuildJobManagementService.java:165)
	at de.tum.cit.aet.artemis.buildagent.service.BuildJobManagementService.createCompletableFuture(BuildJobManagementService.java:236)
	at de.tum.cit.aet.artemis.buildagent.service.BuildJobManagementService.executeBuildJob(BuildJobManagementService.java:163)
	at de.tum.cit.aet.artemis.buildagent.service.SharedQueueProcessingService.processBuild(SharedQueueProcessingService.java:413)
	at de.tum.cit.aet.artemis.buildagent.service.SharedQueueProcessingService.checkAvailabilityAndProcessNextBuild(SharedQueueProcessingService.java:269)
	at de.tum.cit.aet.artemis.buildagent.service.SharedQueueProcessingService.lambda$processBuild$5(SharedQueueProcessingService.java:480)
	at java.base/java.util.concurrent.CompletableFuture.uniExceptionally(CompletableFuture.java:990)
	at java.base/java.util.concurrent.CompletableFuture.uniExceptionallyStage(CompletableFuture.java:1008)
	at java.base/java.util.concurrent.CompletableFuture.exceptionally(CompletableFuture.java:2396)
	at de.tum.cit.aet.artemis.buildagent.service.SharedQueueProcessingService.processBuild(SharedQueueProcessingService.java:444)
	at de.tum.cit.aet.artemis.buildagent.service.SharedQueueProcessingService.checkAvailabilityAndProcessNextBuild(SharedQueueProcessingService.java:269)
	at de.tum.cit.aet.artemis.buildagent.service.SharedQueueProcessingService.lambda$processBuild$5(SharedQueueProcessingService.java:480)
	at java.base/java.util.concurrent.CompletableFuture.uniExceptionally(CompletableFuture.java:990)
	at java.base/java.util.concurrent.CompletableFuture.uniExceptionallyStage(CompletableFuture.java:1008)
	at java.base/java.util.concurrent.CompletableFuture.exceptionally(CompletableFuture.java:2396)
	at de.tum.cit.aet.artemis.buildagent.service.SharedQueueProcessingService.processBuild(SharedQueueProcessingService.java:444)
	at de.tum.cit.aet.artemis.buildagent.service.SharedQueueProcessingService.checkAvailabilityAndProcessNextBuild(SharedQueueProcessingService.java:269)
	at de.tum.cit.aet.artemis.buildagent.service.SharedQueueProcessingService.lambda$processBuild$5(SharedQueueProcessingService.java:480)
	at java.base/java.util.concurrent.CompletableFuture.uniExceptionally(CompletableFuture.java:990)
	at java.base/java.util.concurrent.CompletableFuture.uniExceptionallyStage(CompletableFuture.java:1008)
	at java.base/java.util.concurrent.CompletableFuture.exceptionally(CompletableFuture.java:2396)
	at de.tum.cit.aet.artemis.buildagent.service.SharedQueueProcessingService.processBuild(SharedQueueProcessingService.java:444)
	at de.tum.cit.aet.artemis.buildagent.service.SharedQueueProcessingService.checkAvailabilityAndProcessNextBuild(SharedQueueProcessingService.java:269)
	at de.tum.cit.aet.artemis.buildagent.service.SharedQueueProcessingService.lambda$processBuild$5(SharedQueueProcessingService.java:480)
	at java.base/java.util.concurrent.CompletableFuture.uniExceptionally(CompletableFuture.java:990)
	at java.base/java.util.concurrent.CompletableFuture.uniExceptionallyStage(CompletableFuture.java:1008)
	at java.base/java.util.concurrent.CompletableFuture.exceptionally(CompletableFuture.java:2396)
	at de.tum.cit.aet.artemis.buildagent.service.SharedQueueProcessingService.processBuild(SharedQueueProcessingService.java:444)
	at de.tum.cit.aet.artemis.buildagent.service.SharedQueueProcessingService.checkAvailabilityAndProcessNextBuild(SharedQueueProcessingService.java:269)
	at de.tum.cit.aet.artemis.buildagent.service.SharedQueueProcessingService.lambda$processBuild$5(SharedQueueProcessingService.java:480)
	at java.base/java.util.concurrent.CompletableFuture.uniExceptionally(CompletableFuture.java:990)
	at java.base/java.util.concurrent.CompletableFuture.uniExceptionallyStage(CompletableFuture.java:1008)
	at java.base/java.util.concurrent.CompletableFuture.exceptionally(CompletableFuture.java:2396)
	at de.tum.cit.aet.artemis.buildagent.service.SharedQueueProcessingService.processBuild(SharedQueueProcessingService.java:444)
	at de.tum.cit.aet.artemis.buildagent.service.SharedQueueProcessingService.checkAvailabilityAndProcessNextBuild(SharedQueueProcessingService.java:269)
	at de.tum.cit.aet.artemis.buildagent.service.SharedQueueProcessingService.lambda$processBuild$5(SharedQueueProcessingService.java:480)
	at java.base/java.util.concurrent.CompletableFuture.uniExceptionally(CompletableFuture.java:990)
	at java.base/java.util.concurrent.CompletableFuture.uniExceptionallyStage(CompletableFuture.java:1008)
	at java.base/java.util.concurrent.CompletableFuture.exceptionally(CompletableFuture.java:2396)
	at de.tum.cit.aet.artemis.buildagent.service.SharedQueueProcessingService.processBuild(SharedQueueProcessingService.java:444)
	at de.tum.cit.aet.artemis.buildagent.service.SharedQueueProcessingService.checkAvailabilityAndProcessNextBuild(SharedQueueProcessingService.java:269)
	at de.tum.cit.aet.artemis.buildagent.service.SharedQueueProcessingService.lambda$processBuild$5(SharedQueueProcessingService.java:480)
	at java.base/java.util.concurrent.CompletableFuture.uniExceptionally(CompletableFuture.java:990)
	at java.base/java.util.concurrent.CompletableFuture.uniExceptionallyStage(CompletableFuture.java:1008)
	at java.base/java.util.concurrent.CompletableFuture.exceptionally(CompletableFuture.java:2396)
	at de.tum.cit.aet.artemis.buildagent.service.SharedQueueProcessingService.processBuild(SharedQueueProcessingService.java:444)
	at de.tum.cit.aet.artemis.buildagent.service.SharedQueueProcessingService.checkAvailabilityAndProcessNextBuild(SharedQueueProcessingService.java:269)
	at de.tum.cit.aet.artemis.buildagent.service.SharedQueueProcessingService.lambda$processBuild$5(SharedQueueProcessingService.java:480)
	at java.base/java.util.concurrent.CompletableFuture.uniExceptionally(CompletableFuture.java:990)
	at java.base/java.util.concurrent.CompletableFuture.uniExceptionallyStage(CompletableFuture.java:1008)
	at java.base/java.util.concurrent.CompletableFuture.exceptionally(CompletableFuture.java:2396)
	at de.tum.cit.aet.artemis.buildagent.service.SharedQueueProcessingService.processBuild(SharedQueueProcessingService.java:444)
	at de.tum.cit.aet.artemis.buildagent.service.SharedQueueProcessingService.checkAvailabilityAndProcessNextBuild(SharedQueueProcessingService.java:269)
	at de.tum.cit.aet.artemis.buildagent.service.SharedQueueProcessingService.lambda$processBuild$5(SharedQueueProcessingService.java:480)
	at java.base/java.util.concurrent.CompletableFuture.uniExceptionally(CompletableFuture.java:990)
	at java.base/java.util.concurrent.CompletableFuture.uniExceptionallyStage(CompletableFuture.java:1008)
	at java.base/java.util.concurrent.CompletableFuture.exceptionally(CompletableFuture.java:2396)
	at de.tum.cit.aet.artemis.buildagent.service.SharedQueueProcessingService.processBuild(SharedQueueProcessingService.java:444)
	at de.tum.cit.aet.artemis.buildagent.service.SharedQueueProcessingService.checkAvailabilityAndProcessNextBuild(SharedQueueProcessingService.java:269)
	at de.tum.cit.aet.artemis.buildagent.service.SharedQueueProcessingService.lambda$processBuild$5(SharedQueueProcessingService.java:480)
	at java.base/java.util.concurrent.CompletableFuture.uniExceptionally(CompletableFuture.java:990)
	at java.base/java.util.concurrent.CompletableFuture.uniExceptionallyStage(CompletableFuture.java:1008)
	at java.base/java.util.concurrent.CompletableFuture.exceptionally(CompletableFuture.java:2396)
	at de.tum.cit.aet.artemis.buildagent.service.SharedQueueProcessingService.processBuild(SharedQueueProcessingService.java:444)
	at de.tum.cit.aet.artemis.buildagent.service.SharedQueueProcessingService.checkAvailabilityAndProcessNextBuild(SharedQueueProcessingService.java:269)
	at de.tum.cit.aet.artemis.buildagent.service.SharedQueueProcessingService$QueuedBuildJobItemListener.itemAdded(SharedQueueProcessingService.java:594)
	at com.hazelcast.collection.impl.queue.QueueService.lambda$dispatchEvent$1(QueueService.java:277)
	at com.hazelcast.internal.namespace.impl.NoOpUserCodeNamespaceService.runWithNamespace(NoOpUserCodeNamespaceService.java:82)
	at com.hazelcast.internal.namespace.NamespaceUtil.runWithNamespace(NamespaceUtil.java:106)
	at com.hazelcast.collection.impl.queue.QueueService.dispatchEvent(QueueService.java:275)
	at com.hazelcast.collection.impl.queue.QueueService.dispatchEvent(QueueService.java:98)
	at com.hazelcast.spi.impl.eventservice.impl.LocalEventDispatcher.run(LocalEventDispatcher.java:64)
	at com.hazelcast.internal.util.executor.StripedExecutor$Worker.process(StripedExecutor.java:244)
	at com.hazelcast.internal.util.executor.StripedExecutor$Worker.run(StripedExecutor.java:227)
Caused by: de.tum.cit.aet.artemis.core.exception.LocalCIException: Could not pull Docker image dummy-docker-image
	at de.tum.cit.aet.artemis.buildagent.service.BuildJobExecutionService.runBuildJob(BuildJobExecutionService.java:157)
	at java.base/jdk.internal.reflect.DirectMethodHandleAccessor.invoke(DirectMethodHandleAccessor.java:103)
	at java.base/java.lang.reflect.Method.invoke(Method.java:580)
	at org.springframework.aop.support.AopUtils.invokeJoinpointUsingReflection(AopUtils.java:359)
	at org.springframework.aop.framework.CglibAopProxy$DynamicAdvisedInterceptor.intercept(CglibAopProxy.java:723)
	at de.tum.cit.aet.artemis.buildagent.service.BuildJobExecutionService$$SpringCGLIB$$0.runBuildJob(<generated>)
	at de.tum.cit.aet.artemis.buildagent.service.BuildJobManagementService.lambda$executeBuildJob$1(BuildJobManagementService.java:129)
	at java.base/java.util.concurrent.FutureTask.run(FutureTask.java:317)
	at java.base/java.util.concurrent.ThreadPoolExecutor.runWorker(ThreadPoolExecutor.java:1144)
	at java.base/java.util.concurrent.ThreadPoolExecutor$Worker.run(ThreadPoolExecutor.java:642)
	at java.base/java.lang.Thread.run(Thread.java:1583)
Caused by: de.tum.cit.aet.artemis.core.exception.LocalCIException: Error while pulling docker image dummy-docker-image
	at de.tum.cit.aet.artemis.buildagent.service.BuildAgentDockerService.pullDockerImage(BuildAgentDockerService.java:258)
	at de.tum.cit.aet.artemis.buildagent.service.BuildJobExecutionService.runBuildJob(BuildJobExecutionService.java:152)
	... 10 common frames omitted
Caused by: com.github.dockerjava.api.exception.NotFoundException: Status 404: {"message":"pull access denied for dummy-docker-image, repository does not exist or may require 'docker login': denied: requested access to the resource is denied"}

	at com.github.dockerjava.core.DefaultInvocationBuilder.execute(DefaultInvocationBuilder.java:241)
	at com.github.dockerjava.core.DefaultInvocationBuilder.lambda$executeAndStream$1(DefaultInvocationBuilder.java:269)
	... 1 common frames omitted
    23:44:54.822 | 566 localvc.event-13 | INFO  | .c.a.a.b.s.BuildJobManagementService : Getting ID of running container local-ci-17551739576694666
    23:44:54.823 | 566 localvc.event-13 | INFO  | .c.a.a.b.s.BuildJobManagementService : Stopping unresponsive container with ID null
    23:44:54.823 | 566 localvc.event-13 | DEBUG | a.a.b.s.SharedQueueProcessingService : Build job completed with exception: BuildJobQueueItem[id=17551739576694666, name=SHORT4B6B7AAF03B28040600B8D20E984055B617ATSTEXC-SOLUTION, buildAgent=BuildAgentDTO[name=artemis-build-agent-test, memberAddress=[127.0.0.1]:5703, displayName=artemis-build-agent-test], participationId=1755, courseId=876, exerciseId=2451, retryCount=0, priority=2, status=null, repositoryInfo=RepositoryInfo[repositoryName=short4b6b7aaf03b28040600b8d20e984055b617atstexc-solution, repositoryType=solution, triggeredByPushTo=solution, assignmentRepositoryUri=http://localhost:49152/git/SHORT4B6B7AAF03B28040600B8D20E984055B617ATSTEXC/short4b6b7aaf03b28040600b8d20e984055b617atstexc-solution.git, testRepositoryUri=http://nadnasidni.tum/scm/SHORT4B6B7AAF03B28040600B8D20E984055B617ATSTEXC/SHORT4B6B7AAF03B28040600B8D20E984055B617ATSTEXC-tests.git, solutionRepositoryUri=null, auxiliaryRepositoryUris=[Ljava.lang.String;@39f773b0, auxiliaryRepositoryCheckoutDirectories=[Ljava.lang.String;@40ff2af4], jobTimingInfo=JobTimingInfo[submissionDate=2025-02-14T23:44:54.666476750Z[Etc/UTC], buildStartDate=2025-02-14T23:44:54.680145230Z[Etc/UTC], buildCompletionDate=null, estimatedCompletionDate=2025-02-14T23:45:13.680139659Z[Etc/UTC], estimatedDuration=19], buildConfig=BuildConfig[buildScript=#!/bin/bash
cd /var/tmp/testing-dir
mvn clean test
, dockerImage=dummy-docker-image, commitHashToBuild=null, assignmentCommitHash=9b3a9bd71a0d80e5bbc42204c319ed3d1d4f0d6d, testCommitHash=9b3a9bd71a0d80e5bbc42204c319ed3d1d4f0d6d, branch=main, programmingLanguage=JAVA, projectType=PLAIN_MAVEN, scaEnabled=false, sequentialTestRunsEnabled=false, resultPaths=[/var/tmp/testing-dir/**/target/surefire-reports/*.xml], timeoutSeconds=0, assignmentCheckoutPath=null, testCheckoutPath=null, solutionCheckoutPath=null, dockerRunConfig=null], submissionResult=null]
java.util.concurrent.CompletionException: java.util.concurrent.ExecutionException: de.tum.cit.aet.artemis.core.exception.LocalCIException: Could not pull Docker image dummy-docker-image
	at de.tum.cit.aet.artemis.buildagent.service.BuildJobManagementService.lambda$executeBuildJob$2(BuildJobManagementService.java:188)
	at de.tum.cit.aet.artemis.buildagent.service.BuildJobManagementService.createCompletableFuture(BuildJobManagementService.java:236)
	at de.tum.cit.aet.artemis.buildagent.service.BuildJobManagementService.executeBuildJob(BuildJobManagementService.java:163)
	at de.tum.cit.aet.artemis.buildagent.service.SharedQueueProcessingService.processBuild(SharedQueueProcessingService.java:413)
	at de.tum.cit.aet.artemis.buildagent.service.SharedQueueProcessingService.checkAvailabilityAndProcessNextBuild(SharedQueueProcessingService.java:269)
	at de.tum.cit.aet.artemis.buildagent.service.SharedQueueProcessingService.lambda$processBuild$5(SharedQueueProcessingService.java:480)
	at java.base/java.util.concurrent.CompletableFuture.uniExceptionally(CompletableFuture.java:990)
	at java.base/java.util.concurrent.CompletableFuture.uniExceptionallyStage(CompletableFuture.java:1008)
	at java.base/java.util.concurrent.CompletableFuture.exceptionally(CompletableFuture.java:2396)
	at de.tum.cit.aet.artemis.buildagent.service.SharedQueueProcessingService.processBuild(SharedQueueProcessingService.java:444)
	at de.tum.cit.aet.artemis.buildagent.service.SharedQueueProcessingService.checkAvailabilityAndProcessNextBuild(SharedQueueProcessingService.java:269)
	at de.tum.cit.aet.artemis.buildagent.service.SharedQueueProcessingService.lambda$processBuild$5(SharedQueueProcessingService.java:480)
	at java.base/java.util.concurrent.CompletableFuture.uniExceptionally(CompletableFuture.java:990)
	at java.base/java.util.concurrent.CompletableFuture.uniExceptionallyStage(CompletableFuture.java:1008)
	at java.base/java.util.concurrent.CompletableFuture.exceptionally(CompletableFuture.java:2396)
	at de.tum.cit.aet.artemis.buildagent.service.SharedQueueProcessingService.processBuild(SharedQueueProcessingService.java:444)
	at de.tum.cit.aet.artemis.buildagent.service.SharedQueueProcessingService.checkAvailabilityAndProcessNextBuild(SharedQueueProcessingService.java:269)
	at de.tum.cit.aet.artemis.buildagent.service.SharedQueueProcessingService.lambda$processBuild$5(SharedQueueProcessingService.java:480)
	at java.base/java.util.concurrent.CompletableFuture.uniExceptionally(CompletableFuture.java:990)
	at java.base/java.util.concurrent.CompletableFuture.uniExceptionallyStage(CompletableFuture.java:1008)
	at java.base/java.util.concurrent.CompletableFuture.exceptionally(CompletableFuture.java:2396)
	at de.tum.cit.aet.artemis.buildagent.service.SharedQueueProcessingService.processBuild(SharedQueueProcessingService.java:444)
	at de.tum.cit.aet.artemis.buildagent.service.SharedQueueProcessingService.checkAvailabilityAndProcessNextBuild(SharedQueueProcessingService.java:269)
	at de.tum.cit.aet.artemis.buildagent.service.SharedQueueProcessingService.lambda$processBuild$5(SharedQueueProcessingService.java:480)
	at java.base/java.util.concurrent.CompletableFuture.uniExceptionally(CompletableFuture.java:990)
	at java.base/java.util.concurrent.CompletableFuture.uniExceptionallyStage(CompletableFuture.java:1008)
	at java.base/java.util.concurrent.CompletableFuture.exceptionally(CompletableFuture.java:2396)
	at de.tum.cit.aet.artemis.buildagent.service.SharedQueueProcessingService.processBuild(SharedQueueProcessingService.java:444)
	at de.tum.cit.aet.artemis.buildagent.service.SharedQueueProcessingService.checkAvailabilityAndProcessNextBuild(SharedQueueProcessingService.java:269)
	at de.tum.cit.aet.artemis.buildagent.service.SharedQueueProcessingService.lambda$processBuild$5(SharedQueueProcessingService.java:480)
	at java.base/java.util.concurrent.CompletableFuture.uniExceptionally(CompletableFuture.java:990)
	at java.base/java.util.concurrent.CompletableFuture.uniExceptionallyStage(CompletableFuture.java:1008)
	at java.base/java.util.concurrent.CompletableFuture.exceptionally(CompletableFuture.java:2396)
	at de.tum.cit.aet.artemis.buildagent.service.SharedQueueProcessingService.processBuild(SharedQueueProcessingService.java:444)
	at de.tum.cit.aet.artemis.buildagent.service.SharedQueueProcessingService.checkAvailabilityAndProcessNextBuild(SharedQueueProcessingService.java:269)
	at de.tum.cit.aet.artemis.buildagent.service.SharedQueueProcessingService.lambda$processBuild$5(SharedQueueProcessingService.java:480)
	at java.base/java.util.concurrent.CompletableFuture.uniExceptionally(CompletableFuture.java:990)
	at java.base/java.util.concurrent.CompletableFuture.uniExceptionallyStage(CompletableFuture.java:1008)
	at java.base/java.util.concurrent.CompletableFuture.exceptionally(CompletableFuture.java:2396)
	at de.tum.cit.aet.artemis.buildagent.service.SharedQueueProcessingService.processBuild(SharedQueueProcessingService.java:444)
	at de.tum.cit.aet.artemis.buildagent.service.SharedQueueProcessingService.checkAvailabilityAndProcessNextBuild(SharedQueueProcessingService.java:269)
	at de.tum.cit.aet.artemis.buildagent.service.SharedQueueProcessingService.lambda$processBuild$5(SharedQueueProcessingService.java:480)
	at java.base/java.util.concurrent.CompletableFuture.uniExceptionally(CompletableFuture.java:990)
	at java.base/java.util.concurrent.CompletableFuture.uniExceptionallyStage(CompletableFuture.java:1008)
	at java.base/java.util.concurrent.CompletableFuture.exceptionally(CompletableFuture.java:2396)
	at de.tum.cit.aet.artemis.buildagent.service.SharedQueueProcessingService.processBuild(SharedQueueProcessingService.java:444)
	at de.tum.cit.aet.artemis.buildagent.service.SharedQueueProcessingService.checkAvailabilityAndProcessNextBuild(SharedQueueProcessingService.java:269)
	at de.tum.cit.aet.artemis.buildagent.service.SharedQueueProcessingService.lambda$processBuild$5(SharedQueueProcessingService.java:480)
	at java.base/java.util.concurrent.CompletableFuture.uniExceptionally(CompletableFuture.java:990)
	at java.base/java.util.concurrent.CompletableFuture.uniExceptionallyStage(CompletableFuture.java:1008)
	at java.base/java.util.concurrent.CompletableFuture.exceptionally(CompletableFuture.java:2396)
	at de.tum.cit.aet.artemis.buildagent.service.SharedQueueProcessingService.processBuild(SharedQueueProcessingService.java:444)
	at de.tum.cit.aet.artemis.buildagent.service.SharedQueueProcessingService.checkAvailabilityAndProcessNextBuild(SharedQueueProcessingService.java:269)
	at de.tum.cit.aet.artemis.buildagent.service.SharedQueueProcessingService.lambda$processBuild$5(SharedQueueProcessingService.java:480)
	at java.base/java.util.concurrent.CompletableFuture.uniExceptionally(CompletableFuture.java:990)
	at java.base/java.util.concurrent.CompletableFuture.uniExceptionallyStage(CompletableFuture.java:1008)
	at java.base/java.util.concurrent.CompletableFuture.exceptionally(CompletableFuture.java:2396)
	at de.tum.cit.aet.artemis.buildagent.service.SharedQueueProcessingService.processBuild(SharedQueueProcessingService.java:444)
	at de.tum.cit.aet.artemis.buildagent.service.SharedQueueProcessingService.checkAvailabilityAndProcessNextBuild(SharedQueueProcessingService.java:269)
	at de.tum.cit.aet.artemis.buildagent.service.SharedQueueProcessingService.lambda$processBuild$5(SharedQueueProcessingService.java:480)
	at java.base/java.util.concurrent.CompletableFuture.uniExceptionally(CompletableFuture.java:990)
	at java.base/java.util.concurrent.CompletableFuture.uniExceptionallyStage(CompletableFuture.java:1008)
	at java.base/java.util.concurrent.CompletableFuture.exceptionally(CompletableFuture.java:2396)
	at de.tum.cit.aet.artemis.buildagent.service.SharedQueueProcessingService.processBuild(SharedQueueProcessingService.java:444)
	at de.tum.cit.aet.artemis.buildagent.service.SharedQueueProcessingService.checkAvailabilityAndProcessNextBuild(SharedQueueProcessingService.java:269)
	at de.tum.cit.aet.artemis.buildagent.service.SharedQueueProcessingService$QueuedBuildJobItemListener.itemAdded(SharedQueueProcessingService.java:594)
	at com.hazelcast.collection.impl.queue.QueueService.lambda$dispatchEvent$1(QueueService.java:277)
	at com.hazelcast.internal.namespace.impl.NoOpUserCodeNamespaceService.runWithNamespace(NoOpUserCodeNamespaceService.java:82)
	at com.hazelcast.internal.namespace.NamespaceUtil.runWithNamespace(NamespaceUtil.java:106)
	at com.hazelcast.collection.impl.queue.QueueService.dispatchEvent(QueueService.java:275)
	at com.hazelcast.collection.impl.queue.QueueService.dispatchEvent(QueueService.java:98)
	at com.hazelcast.spi.impl.eventservice.impl.LocalEventDispatcher.run(LocalEventDispatcher.java:64)
	at com.hazelcast.internal.util.executor.StripedExecutor$Worker.process(StripedExecutor.java:244)
	at com.hazelcast.internal.util.executor.StripedExecutor$Worker.run(StripedExecutor.java:227)
Caused by: java.util.concurrent.ExecutionException: de.tum.cit.aet.artemis.core.exception.LocalCIException: Could not pull Docker image dummy-docker-image
	at java.base/java.util.concurrent.FutureTask.report(FutureTask.java:122)
	at java.base/java.util.concurrent.FutureTask.get(FutureTask.java:205)
	at de.tum.cit.aet.artemis.buildagent.service.BuildJobManagementService.lambda$executeBuildJob$2(BuildJobManagementService.java:165)
	... 73 common frames omitted
Caused by: de.tum.cit.aet.artemis.core.exception.LocalCIException: Could not pull Docker image dummy-docker-image
	at de.tum.cit.aet.artemis.buildagent.service.BuildJobExecutionService.runBuildJob(BuildJobExecutionService.java:157)
	at java.base/jdk.internal.reflect.DirectMethodHandleAccessor.invoke(DirectMethodHandleAccessor.java:103)
	at java.base/java.lang.reflect.Method.invoke(Method.java:580)
	at org.springframework.aop.support.AopUtils.invokeJoinpointUsingReflection(AopUtils.java:359)
	at org.springframework.aop.framework.CglibAopProxy$DynamicAdvisedInterceptor.intercept(CglibAopProxy.java:723)
	at de.tum.cit.aet.artemis.buildagent.service.BuildJobExecutionService$$SpringCGLIB$$0.runBuildJob(<generated>)
	at de.tum.cit.aet.artemis.buildagent.service.BuildJobManagementService.lambda$executeBuildJob$1(BuildJobManagementService.java:129)
	at java.base/java.util.concurrent.FutureTask.run(FutureTask.java:317)
	at java.base/java.util.concurrent.ThreadPoolExecutor.runWorker(ThreadPoolExecutor.java:1144)
	at java.base/java.util.concurrent.ThreadPoolExecutor$Worker.run(ThreadPoolExecutor.java:642)
	at java.base/java.lang.Thread.run(Thread.java:1583)
Caused by: de.tum.cit.aet.artemis.core.exception.LocalCIException: Error while pulling docker image dummy-docker-image
	at de.tum.cit.aet.artemis.buildagent.service.BuildAgentDockerService.pullDockerImage(BuildAgentDockerService.java:258)
	at de.tum.cit.aet.artemis.buildagent.service.BuildJobExecutionService.runBuildJob(BuildJobExecutionService.java:152)
	... 10 common frames omitted
Caused by: com.github.dockerjava.api.exception.NotFoundException: Status 404: {"message":"pull access denied for dummy-docker-image, repository does not exist or may require 'docker login': denied: requested access to the resource is denied"}

	at com.github.dockerjava.core.DefaultInvocationBuilder.execute(DefaultInvocationBuilder.java:241)
	at com.github.dockerjava.core.DefaultInvocationBuilder.lambda$executeAndStream$1(DefaultInvocationBuilder.java:269)
	... 1 common frames omitted
    23:44:54.823 | 566 localvc.event-13 | ERROR | a.a.b.s.SharedQueueProcessingService : Error while processing build job: BuildJobQueueItem[id=17551739576694666, name=SHORT4B6B7AAF03B28040600B8D20E984055B617ATSTEXC-SOLUTION, buildAgent=BuildAgentDTO[name=artemis-build-agent-test, memberAddress=[127.0.0.1]:5703, displayName=artemis-build-agent-test], participationId=1755, courseId=876, exerciseId=2451, retryCount=0, priority=2, status=null, repositoryInfo=RepositoryInfo[repositoryName=short4b6b7aaf03b28040600b8d20e984055b617atstexc-solution, repositoryType=solution, triggeredByPushTo=solution, assignmentRepositoryUri=http://localhost:49152/git/SHORT4B6B7AAF03B28040600B8D20E984055B617ATSTEXC/short4b6b7aaf03b28040600b8d20e984055b617atstexc-solution.git, testRepositoryUri=http://nadnasidni.tum/scm/SHORT4B6B7AAF03B28040600B8D20E984055B617ATSTEXC/SHORT4B6B7AAF03B28040600B8D20E984055B617ATSTEXC-tests.git, solutionRepositoryUri=null, auxiliaryRepositoryUris=[Ljava.lang.String;@39f773b0, auxiliaryRepositoryCheckoutDirectories=[Ljava.lang.String;@40ff2af4], jobTimingInfo=JobTimingInfo[submissionDate=2025-02-14T23:44:54.666476750Z[Etc/UTC], buildStartDate=2025-02-14T23:44:54.680145230Z[Etc/UTC], buildCompletionDate=null, estimatedCompletionDate=2025-02-14T23:45:13.680139659Z[Etc/UTC], estimatedDuration=19], buildConfig=BuildConfig[buildScript=#!/bin/bash
cd /var/tmp/testing-dir
mvn clean test
, dockerImage=dummy-docker-image, commitHashToBuild=null, assignmentCommitHash=9b3a9bd71a0d80e5bbc42204c319ed3d1d4f0d6d, testCommitHash=9b3a9bd71a0d80e5bbc42204c319ed3d1d4f0d6d, branch=main, programmingLanguage=JAVA, projectType=PLAIN_MAVEN, scaEnabled=false, sequentialTestRunsEnabled=false, resultPaths=[/var/tmp/testing-dir/**/target/surefire-reports/*.xml], timeoutSeconds=0, assignmentCheckoutPath=null, testCheckoutPath=null, solutionCheckoutPath=null, dockerRunConfig=null], submissionResult=null]
java.util.concurrent.CompletionException: java.util.concurrent.ExecutionException: de.tum.cit.aet.artemis.core.exception.LocalCIException: Could not pull Docker image dummy-docker-image
	at de.tum.cit.aet.artemis.buildagent.service.BuildJobManagementService.lambda$executeBuildJob$2(BuildJobManagementService.java:188)
	at de.tum.cit.aet.artemis.buildagent.service.BuildJobManagementService.createCompletableFuture(BuildJobManagementService.java:236)
	at de.tum.cit.aet.artemis.buildagent.service.BuildJobManagementService.executeBuildJob(BuildJobManagementService.java:163)
	at de.tum.cit.aet.artemis.buildagent.service.SharedQueueProcessingService.processBuild(SharedQueueProcessingService.java:413)
	at de.tum.cit.aet.artemis.buildagent.service.SharedQueueProcessingService.checkAvailabilityAndProcessNextBuild(SharedQueueProcessingService.java:269)
	at de.tum.cit.aet.artemis.buildagent.service.SharedQueueProcessingService.lambda$processBuild$5(SharedQueueProcessingService.java:480)
	at java.base/java.util.concurrent.CompletableFuture.uniExceptionally(CompletableFuture.java:990)
	at java.base/java.util.concurrent.CompletableFuture.uniExceptionallyStage(CompletableFuture.java:1008)
	at java.base/java.util.concurrent.CompletableFuture.exceptionally(CompletableFuture.java:2396)
	at de.tum.cit.aet.artemis.buildagent.service.SharedQueueProcessingService.processBuild(SharedQueueProcessingService.java:444)
	at de.tum.cit.aet.artemis.buildagent.service.SharedQueueProcessingService.checkAvailabilityAndProcessNextBuild(SharedQueueProcessingService.java:269)
	at de.tum.cit.aet.artemis.buildagent.service.SharedQueueProcessingService.lambda$processBuild$5(SharedQueueProcessingService.java:480)
	at java.base/java.util.concurrent.CompletableFuture.uniExceptionally(CompletableFuture.java:990)
	at java.base/java.util.concurrent.CompletableFuture.uniExceptionallyStage(CompletableFuture.java:1008)
	at java.base/java.util.concurrent.CompletableFuture.exceptionally(CompletableFuture.java:2396)
	at de.tum.cit.aet.artemis.buildagent.service.SharedQueueProcessingService.processBuild(SharedQueueProcessingService.java:444)
	at de.tum.cit.aet.artemis.buildagent.service.SharedQueueProcessingService.checkAvailabilityAndProcessNextBuild(SharedQueueProcessingService.java:269)
	at de.tum.cit.aet.artemis.buildagent.service.SharedQueueProcessingService.lambda$processBuild$5(SharedQueueProcessingService.java:480)
	at java.base/java.util.concurrent.CompletableFuture.uniExceptionally(CompletableFuture.java:990)
	at java.base/java.util.concurrent.CompletableFuture.uniExceptionallyStage(CompletableFuture.java:1008)
	at java.base/java.util.concurrent.CompletableFuture.exceptionally(CompletableFuture.java:2396)
	at de.tum.cit.aet.artemis.buildagent.service.SharedQueueProcessingService.processBuild(SharedQueueProcessingService.java:444)
	at de.tum.cit.aet.artemis.buildagent.service.SharedQueueProcessingService.checkAvailabilityAndProcessNextBuild(SharedQueueProcessingService.java:269)
	at de.tum.cit.aet.artemis.buildagent.service.SharedQueueProcessingService.lambda$processBuild$5(SharedQueueProcessingService.java:480)
	at java.base/java.util.concurrent.CompletableFuture.uniExceptionally(CompletableFuture.java:990)
	at java.base/java.util.concurrent.CompletableFuture.uniExceptionallyStage(CompletableFuture.java:1008)
	at java.base/java.util.concurrent.CompletableFuture.exceptionally(CompletableFuture.java:2396)
	at de.tum.cit.aet.artemis.buildagent.service.SharedQueueProcessingService.processBuild(SharedQueueProcessingService.java:444)
	at de.tum.cit.aet.artemis.buildagent.service.SharedQueueProcessingService.checkAvailabilityAndProcessNextBuild(SharedQueueProcessingService.java:269)
	at de.tum.cit.aet.artemis.buildagent.service.SharedQueueProcessingService.lambda$processBuild$5(SharedQueueProcessingService.java:480)
	at java.base/java.util.concurrent.CompletableFuture.uniExceptionally(CompletableFuture.java:990)
	at java.base/java.util.concurrent.CompletableFuture.uniExceptionallyStage(CompletableFuture.java:1008)
	at java.base/java.util.concurrent.CompletableFuture.exceptionally(CompletableFuture.java:2396)
	at de.tum.cit.aet.artemis.buildagent.service.SharedQueueProcessingService.processBuild(SharedQueueProcessingService.java:444)
	at de.tum.cit.aet.artemis.buildagent.service.SharedQueueProcessingService.checkAvailabilityAndProcessNextBuild(SharedQueueProcessingService.java:269)
	at de.tum.cit.aet.artemis.buildagent.service.SharedQueueProcessingService.lambda$processBuild$5(SharedQueueProcessingService.java:480)
	at java.base/java.util.concurrent.CompletableFuture.uniExceptionally(CompletableFuture.java:990)
	at java.base/java.util.concurrent.CompletableFuture.uniExceptionallyStage(CompletableFuture.java:1008)
	at java.base/java.util.concurrent.CompletableFuture.exceptionally(CompletableFuture.java:2396)
	at de.tum.cit.aet.artemis.buildagent.service.SharedQueueProcessingService.processBuild(SharedQueueProcessingService.java:444)
	at de.tum.cit.aet.artemis.buildagent.service.SharedQueueProcessingService.checkAvailabilityAndProcessNextBuild(SharedQueueProcessingService.java:269)
	at de.tum.cit.aet.artemis.buildagent.service.SharedQueueProcessingService.lambda$processBuild$5(SharedQueueProcessingService.java:480)
	at java.base/java.util.concurrent.CompletableFuture.uniExceptionally(CompletableFuture.java:990)
	at java.base/java.util.concurrent.CompletableFuture.uniExceptionallyStage(CompletableFuture.java:1008)
	at java.base/java.util.concurrent.CompletableFuture.exceptionally(CompletableFuture.java:2396)
	at de.tum.cit.aet.artemis.buildagent.service.SharedQueueProcessingService.processBuild(SharedQueueProcessingService.java:444)
	at de.tum.cit.aet.artemis.buildagent.service.SharedQueueProcessingService.checkAvailabilityAndProcessNextBuild(SharedQueueProcessingService.java:269)
	at de.tum.cit.aet.artemis.buildagent.service.SharedQueueProcessingService.lambda$processBuild$5(SharedQueueProcessingService.java:480)
	at java.base/java.util.concurrent.CompletableFuture.uniExceptionally(CompletableFuture.java:990)
	at java.base/java.util.concurrent.CompletableFuture.uniExceptionallyStage(CompletableFuture.java:1008)
	at java.base/java.util.concurrent.CompletableFuture.exceptionally(CompletableFuture.java:2396)
	at de.tum.cit.aet.artemis.buildagent.service.SharedQueueProcessingService.processBuild(SharedQueueProcessingService.java:444)
	at de.tum.cit.aet.artemis.buildagent.service.SharedQueueProcessingService.checkAvailabilityAndProcessNextBuild(SharedQueueProcessingService.java:269)
	at de.tum.cit.aet.artemis.buildagent.service.SharedQueueProcessingService.lambda$processBuild$5(SharedQueueProcessingService.java:480)
	at java.base/java.util.concurrent.CompletableFuture.uniExceptionally(CompletableFuture.java:990)
	at java.base/java.util.concurrent.CompletableFuture.uniExceptionallyStage(CompletableFuture.java:1008)
	at java.base/java.util.concurrent.CompletableFuture.exceptionally(CompletableFuture.java:2396)
	at de.tum.cit.aet.artemis.buildagent.service.SharedQueueProcessingService.processBuild(SharedQueueProcessingService.java:444)
	at de.tum.cit.aet.artemis.buildagent.service.SharedQueueProcessingService.checkAvailabilityAndProcessNextBuild(SharedQueueProcessingService.java:269)
	at de.tum.cit.aet.artemis.buildagent.service.SharedQueueProcessingService.lambda$processBuild$5(SharedQueueProcessingService.java:480)
	at java.base/java.util.concurrent.CompletableFuture.uniExceptionally(CompletableFuture.java:990)
	at java.base/java.util.concurrent.CompletableFuture.uniExceptionallyStage(CompletableFuture.java:1008)
	at java.base/java.util.concurrent.CompletableFuture.exceptionally(CompletableFuture.java:2396)
	at de.tum.cit.aet.artemis.buildagent.service.SharedQueueProcessingService.processBuild(SharedQueueProcessingService.java:444)
	at de.tum.cit.aet.artemis.buildagent.service.SharedQueueProcessingService.checkAvailabilityAndProcessNextBuild(SharedQueueProcessingService.java:269)
	at de.tum.cit.aet.artemis.buildagent.service.SharedQueueProcessingService$QueuedBuildJobItemListener.itemAdded(SharedQueueProcessingService.java:594)
	at com.hazelcast.collection.impl.queue.QueueService.lambda$dispatchEvent$1(QueueService.java:277)
	at com.hazelcast.internal.namespace.impl.NoOpUserCodeNamespaceService.runWithNamespace(NoOpUserCodeNamespaceService.java:82)
	at com.hazelcast.internal.namespace.NamespaceUtil.runWithNamespace(NamespaceUtil.java:106)
	at com.hazelcast.collection.impl.queue.QueueService.dispatchEvent(QueueService.java:275)
	at com.hazelcast.collection.impl.queue.QueueService.dispatchEvent(QueueService.java:98)
	at com.hazelcast.spi.impl.eventservice.impl.LocalEventDispatcher.run(LocalEventDispatcher.java:64)
	at com.hazelcast.internal.util.executor.StripedExecutor$Worker.process(StripedExecutor.java:244)
	at com.hazelcast.internal.util.executor.StripedExecutor$Worker.run(StripedExecutor.java:227)
Caused by: java.util.concurrent.ExecutionException: de.tum.cit.aet.artemis.core.exception.LocalCIException: Could not pull Docker image dummy-docker-image
	at java.base/java.util.concurrent.FutureTask.report(FutureTask.java:122)
	at java.base/java.util.concurrent.FutureTask.get(FutureTask.java:205)
	at de.tum.cit.aet.artemis.buildagent.service.BuildJobManagementService.lambda$executeBuildJob$2(BuildJobManagementService.java:165)
	... 73 common frames omitted
Caused by: de.tum.cit.aet.artemis.core.exception.LocalCIException: Could not pull Docker image dummy-docker-image
	at de.tum.cit.aet.artemis.buildagent.service.BuildJobExecutionService.runBuildJob(BuildJobExecutionService.java:157)
	at java.base/jdk.internal.reflect.DirectMethodHandleAccessor.invoke(DirectMethodHandleAccessor.java:103)
	at java.base/java.lang.reflect.Method.invoke(Method.java:580)
	at org.springframework.aop.support.AopUtils.invokeJoinpointUsingReflection(AopUtils.java:359)
	at org.springframework.aop.framework.CglibAopProxy$DynamicAdvisedInterceptor.intercept(CglibAopProxy.java:723)
	at de.tum.cit.aet.artemis.buildagent.service.BuildJobExecutionService$$SpringCGLIB$$0.runBuildJob(<generated>)
	at de.tum.cit.aet.artemis.buildagent.service.BuildJobManagementService.lambda$executeBuildJob$1(BuildJobManagementService.java:129)
	at java.base/java.util.concurrent.FutureTask.run(FutureTask.java:317)
	at java.base/java.util.concurrent.ThreadPoolExecutor.runWorker(ThreadPoolExecutor.java:1144)
	at java.base/java.util.concurrent.ThreadPoolExecutor$Worker.run(ThreadPoolExecutor.java:642)
	at java.base/java.lang.Thread.run(Thread.java:1583)
Caused by: de.tum.cit.aet.artemis.core.exception.LocalCIException: Error while pulling docker image dummy-docker-image
	at de.tum.cit.aet.artemis.buildagent.service.BuildAgentDockerService.pullDockerImage(BuildAgentDockerService.java:258)
	at de.tum.cit.aet.artemis.buildagent.service.BuildJobExecutionService.runBuildJob(BuildJobExecutionService.java:152)
	... 10 common frames omitted
Caused by: com.github.dockerjava.api.exception.NotFoundException: Status 404: {"message":"pull access denied for dummy-docker-image, repository does not exist or may require 'docker login': denied: requested access to the resource is denied"}

	at com.github.dockerjava.core.DefaultInvocationBuilder.execute(DefaultInvocationBuilder.java:241)
	at com.github.dockerjava.core.DefaultInvocationBuilder.lambda$executeAndStream$1(DefaultInvocationBuilder.java:269)
	... 1 common frames omitted
    23:44:54.824 | 567 localvc.event-14 | DEBUG | a.p.s.l.LocalCIQueueWebsocketService : CIBuildJobQueueItem removed from processing jobs: BuildJobQueueItem[id=17551739576694666, name=SHORT4B6B7AAF03B28040600B8D20E984055B617ATSTEXC-SOLUTION, buildAgent=BuildAgentDTO[name=artemis-build-agent-test, memberAddress=[127.0.0.1]:5703, displayName=artemis-build-agent-test], participationId=1755, courseId=876, exerciseId=2451, retryCount=0, priority=2, status=null, repositoryInfo=RepositoryInfo[repositoryName=short4b6b7aaf03b28040600b8d20e984055b617atstexc-solution, repositoryType=solution, triggeredByPushTo=solution, assignmentRepositoryUri=http://localhost:49152/git/SHORT4B6B7AAF03B28040600B8D20E984055B617ATSTEXC/short4b6b7aaf03b28040600b8d20e984055b617atstexc-solution.git, testRepositoryUri=http://nadnasidni.tum/scm/SHORT4B6B7AAF03B28040600B8D20E984055B617ATSTEXC/SHORT4B6B7AAF03B28040600B8D20E984055B617ATSTEXC-tests.git, solutionRepositoryUri=null, auxiliaryRepositoryUris=[Ljava.lang.String;@768e06ec, auxiliaryRepositoryCheckoutDirectories=[Ljava.lang.String;@7ef2c91], jobTimingInfo=JobTimingInfo[submissionDate=2025-02-14T23:44:54.666476750Z[Etc/UTC], buildStartDate=2025-02-14T23:44:54.680145230Z[Etc/UTC], buildCompletionDate=null, estimatedCompletionDate=2025-02-14T23:45:13.680139659Z[Etc/UTC], estimatedDuration=19], buildConfig=BuildConfig[buildScript=#!/bin/bash
cd /var/tmp/testing-dir
mvn clean test
, dockerImage=dummy-docker-image, commitHashToBuild=null, assignmentCommitHash=9b3a9bd71a0d80e5bbc42204c319ed3d1d4f0d6d, testCommitHash=9b3a9bd71a0d80e5bbc42204c319ed3d1d4f0d6d, branch=main, programmingLanguage=JAVA, projectType=PLAIN_MAVEN, scaEnabled=false, sequentialTestRunsEnabled=false, resultPaths=[/var/tmp/testing-dir/**/target/surefire-reports/*.xml], timeoutSeconds=0, assignmentCheckoutPath=null, testCheckoutPath=null, solutionCheckoutPath=null, dockerRunConfig=null], submissionResult=null]
    23:44:54.825 | 567 localvc.event-14 | DEBUG | s.l.LocalCIWebsocketMessagingService : Sending message on topic /topic/admin/running-jobs: []
    23:44:54.825 | 567 localvc.event-14 | DEBUG | s.l.LocalCIWebsocketMessagingService : Sending message on topic /topic/courses/876/running-jobs: []
    23:44:54.838 | 566 localvc.event-13 | DEBUG | a.a.b.s.SharedQueueProcessingService : Currently processing jobs on this node: 0, active threads in Pool: 0, maximum pool size of thread executor : 1
    23:44:54.838 | 566 localvc.event-13 | DEBUG | a.a.b.s.SharedQueueProcessingService : Currently processing jobs on this node: 0, active threads in Pool: 0, maximum pool size of thread executor : 1
    23:44:54.846 | 566 localvc.event-13 | INFO  | a.a.b.s.SharedQueueProcessingService : Processing build job: BuildJobQueueItem[id=17561739576694670, name=SHORT4B6B7AAF03B28040600B8D20E984055B617ATSTEXC-BASE, buildAgent=BuildAgentDTO[name=artemis-build-agent-test, memberAddress=[127.0.0.1]:5703, displayName=artemis-build-agent-test], participationId=1756, courseId=876, exerciseId=2451, retryCount=0, priority=2, status=null, repositoryInfo=RepositoryInfo[repositoryName=short4b6b7aaf03b28040600b8d20e984055b617atstexc-exercise, repositoryType=exercise, triggeredByPushTo=exercise, assignmentRepositoryUri=http://localhost:49152/git/SHORT4B6B7AAF03B28040600B8D20E984055B617ATSTEXC/short4b6b7aaf03b28040600b8d20e984055b617atstexc-exercise.git, testRepositoryUri=http://nadnasidni.tum/scm/SHORT4B6B7AAF03B28040600B8D20E984055B617ATSTEXC/SHORT4B6B7AAF03B28040600B8D20E984055B617ATSTEXC-tests.git, solutionRepositoryUri=null, auxiliaryRepositoryUris=[Ljava.lang.String;@602f0ce6, auxiliaryRepositoryCheckoutDirectories=[Ljava.lang.String;@1a03ff58], jobTimingInfo=JobTimingInfo[submissionDate=2025-02-14T23:44:54.670345785Z[Etc/UTC], buildStartDate=2025-02-14T23:44:54.839162169Z[Etc/UTC], buildCompletionDate=null, estimatedCompletionDate=2025-02-14T23:45:13.839155737Z[Etc/UTC], estimatedDuration=19], buildConfig=BuildConfig[buildScript=#!/bin/bash
cd /var/tmp/testing-dir
mvn clean test
, dockerImage=dummy-docker-image, commitHashToBuild=null, assignmentCommitHash=9b3a9bd71a0d80e5bbc42204c319ed3d1d4f0d6d, testCommitHash=9b3a9bd71a0d80e5bbc42204c319ed3d1d4f0d6d, branch=main, programmingLanguage=JAVA, projectType=PLAIN_MAVEN, scaEnabled=false, sequentialTestRunsEnabled=false, resultPaths=[/var/tmp/testing-dir/**/target/surefire-reports/*.xml], timeoutSeconds=0, assignmentCheckoutPath=null, testCheckoutPath=null, solutionCheckoutPath=null, dockerRunConfig=null], submissionResult=null]
    23:44:55.001 | 566 localvc.event-13 | ERROR | .c.a.a.b.s.BuildJobManagementService : Error while executing build job 17561739576694670: de.tum.cit.aet.artemis.core.exception.LocalCIException: Could not pull Docker image dummy-docker-image
java.util.concurrent.ExecutionException: de.tum.cit.aet.artemis.core.exception.LocalCIException: Could not pull Docker image dummy-docker-image
	at java.base/java.util.concurrent.FutureTask.report(FutureTask.java:122)
	at java.base/java.util.concurrent.FutureTask.get(FutureTask.java:205)
	at de.tum.cit.aet.artemis.buildagent.service.BuildJobManagementService.lambda$executeBuildJob$2(BuildJobManagementService.java:165)
	at de.tum.cit.aet.artemis.buildagent.service.BuildJobManagementService.createCompletableFuture(BuildJobManagementService.java:236)
	at de.tum.cit.aet.artemis.buildagent.service.BuildJobManagementService.executeBuildJob(BuildJobManagementService.java:163)
	at de.tum.cit.aet.artemis.buildagent.service.SharedQueueProcessingService.processBuild(SharedQueueProcessingService.java:413)
	at de.tum.cit.aet.artemis.buildagent.service.SharedQueueProcessingService.checkAvailabilityAndProcessNextBuild(SharedQueueProcessingService.java:269)
	at de.tum.cit.aet.artemis.buildagent.service.SharedQueueProcessingService.lambda$processBuild$5(SharedQueueProcessingService.java:480)
	at java.base/java.util.concurrent.CompletableFuture.uniExceptionally(CompletableFuture.java:990)
	at java.base/java.util.concurrent.CompletableFuture.uniExceptionallyStage(CompletableFuture.java:1008)
	at java.base/java.util.concurrent.CompletableFuture.exceptionally(CompletableFuture.java:2396)
	at de.tum.cit.aet.artemis.buildagent.service.SharedQueueProcessingService.processBuild(SharedQueueProcessingService.java:444)
	at de.tum.cit.aet.artemis.buildagent.service.SharedQueueProcessingService.checkAvailabilityAndProcessNextBuild(SharedQueueProcessingService.java:269)
	at de.tum.cit.aet.artemis.buildagent.service.SharedQueueProcessingService.lambda$processBuild$5(SharedQueueProcessingService.java:480)
	at java.base/java.util.concurrent.CompletableFuture.uniExceptionally(CompletableFuture.java:990)
	at java.base/java.util.concurrent.CompletableFuture.uniExceptionallyStage(CompletableFuture.java:1008)
	at java.base/java.util.concurrent.CompletableFuture.exceptionally(CompletableFuture.java:2396)
	at de.tum.cit.aet.artemis.buildagent.service.SharedQueueProcessingService.processBuild(SharedQueueProcessingService.java:444)
	at de.tum.cit.aet.artemis.buildagent.service.SharedQueueProcessingService.checkAvailabilityAndProcessNextBuild(SharedQueueProcessingService.java:269)
	at de.tum.cit.aet.artemis.buildagent.service.SharedQueueProcessingService.lambda$processBuild$5(SharedQueueProcessingService.java:480)
	at java.base/java.util.concurrent.CompletableFuture.uniExceptionally(CompletableFuture.java:990)
	at java.base/java.util.concurrent.CompletableFuture.uniExceptionallyStage(CompletableFuture.java:1008)
	at java.base/java.util.concurrent.CompletableFuture.exceptionally(CompletableFuture.java:2396)
	at de.tum.cit.aet.artemis.buildagent.service.SharedQueueProcessingService.processBuild(SharedQueueProcessingService.java:444)
	at de.tum.cit.aet.artemis.buildagent.service.SharedQueueProcessingService.checkAvailabilityAndProcessNextBuild(SharedQueueProcessingService.java:269)
	at de.tum.cit.aet.artemis.buildagent.service.SharedQueueProcessingService.lambda$processBuild$5(SharedQueueProcessingService.java:480)
	at java.base/java.util.concurrent.CompletableFuture.uniExceptionally(CompletableFuture.java:990)
	at java.base/java.util.concurrent.CompletableFuture.uniExceptionallyStage(CompletableFuture.java:1008)
	at java.base/java.util.concurrent.CompletableFuture.exceptionally(CompletableFuture.java:2396)
	at de.tum.cit.aet.artemis.buildagent.service.SharedQueueProcessingService.processBuild(SharedQueueProcessingService.java:444)
	at de.tum.cit.aet.artemis.buildagent.service.SharedQueueProcessingService.checkAvailabilityAndProcessNextBuild(SharedQueueProcessingService.java:269)
	at de.tum.cit.aet.artemis.buildagent.service.SharedQueueProcessingService.lambda$processBuild$5(SharedQueueProcessingService.java:480)
	at java.base/java.util.concurrent.CompletableFuture.uniExceptionally(CompletableFuture.java:990)
	at java.base/java.util.concurrent.CompletableFuture.uniExceptionallyStage(CompletableFuture.java:1008)
	at java.base/java.util.concurrent.CompletableFuture.exceptionally(CompletableFuture.java:2396)
	at de.tum.cit.aet.artemis.buildagent.service.SharedQueueProcessingService.processBuild(SharedQueueProcessingService.java:444)
	at de.tum.cit.aet.artemis.buildagent.service.SharedQueueProcessingService.checkAvailabilityAndProcessNextBuild(SharedQueueProcessingService.java:269)
	at de.tum.cit.aet.artemis.buildagent.service.SharedQueueProcessingService.lambda$processBuild$5(SharedQueueProcessingService.java:480)
	at java.base/java.util.concurrent.CompletableFuture.uniExceptionally(CompletableFuture.java:990)
	at java.base/java.util.concurrent.CompletableFuture.uniExceptionallyStage(CompletableFuture.java:1008)
	at java.base/java.util.concurrent.CompletableFuture.exceptionally(CompletableFuture.java:2396)
	at de.tum.cit.aet.artemis.buildagent.service.SharedQueueProcessingService.processBuild(SharedQueueProcessingService.java:444)
	at de.tum.cit.aet.artemis.buildagent.service.SharedQueueProcessingService.checkAvailabilityAndProcessNextBuild(SharedQueueProcessingService.java:269)
	at de.tum.cit.aet.artemis.buildagent.service.SharedQueueProcessingService.lambda$processBuild$5(SharedQueueProcessingService.java:480)
	at java.base/java.util.concurrent.CompletableFuture.uniExceptionally(CompletableFuture.java:990)
	at java.base/java.util.concurrent.CompletableFuture.uniExceptionallyStage(CompletableFuture.java:1008)
	at java.base/java.util.concurrent.CompletableFuture.exceptionally(CompletableFuture.java:2396)
	at de.tum.cit.aet.artemis.buildagent.service.SharedQueueProcessingService.processBuild(SharedQueueProcessingService.java:444)
	at de.tum.cit.aet.artemis.buildagent.service.SharedQueueProcessingService.checkAvailabilityAndProcessNextBuild(SharedQueueProcessingService.java:269)
	at de.tum.cit.aet.artemis.buildagent.service.SharedQueueProcessingService.lambda$processBuild$5(SharedQueueProcessingService.java:480)
	at java.base/java.util.concurrent.CompletableFuture.uniExceptionally(CompletableFuture.java:990)
	at java.base/java.util.concurrent.CompletableFuture.uniExceptionallyStage(CompletableFuture.java:1008)
	at java.base/java.util.concurrent.CompletableFuture.exceptionally(CompletableFuture.java:2396)
	at de.tum.cit.aet.artemis.buildagent.service.SharedQueueProcessingService.processBuild(SharedQueueProcessingService.java:444)
	at de.tum.cit.aet.artemis.buildagent.service.SharedQueueProcessingService.checkAvailabilityAndProcessNextBuild(SharedQueueProcessingService.java:269)
	at de.tum.cit.aet.artemis.buildagent.service.SharedQueueProcessingService.lambda$processBuild$5(SharedQueueProcessingService.java:480)
	at java.base/java.util.concurrent.CompletableFuture.uniExceptionally(CompletableFuture.java:990)
	at java.base/java.util.concurrent.CompletableFuture.uniExceptionallyStage(CompletableFuture.java:1008)
	at java.base/java.util.concurrent.CompletableFuture.exceptionally(CompletableFuture.java:2396)
	at de.tum.cit.aet.artemis.buildagent.service.SharedQueueProcessingService.processBuild(SharedQueueProcessingService.java:444)
	at de.tum.cit.aet.artemis.buildagent.service.SharedQueueProcessingService.checkAvailabilityAndProcessNextBuild(SharedQueueProcessingService.java:269)
	at de.tum.cit.aet.artemis.buildagent.service.SharedQueueProcessingService.lambda$processBuild$5(SharedQueueProcessingService.java:480)
	at java.base/java.util.concurrent.CompletableFuture.uniExceptionally(CompletableFuture.java:990)
	at java.base/java.util.concurrent.CompletableFuture.uniExceptionallyStage(CompletableFuture.java:1008)
	at java.base/java.util.concurrent.CompletableFuture.exceptionally(CompletableFuture.java:2396)
	at de.tum.cit.aet.artemis.buildagent.service.SharedQueueProcessingService.processBuild(SharedQueueProcessingService.java:444)
	at de.tum.cit.aet.artemis.buildagent.service.SharedQueueProcessingService.checkAvailabilityAndProcessNextBuild(SharedQueueProcessingService.java:269)
	at de.tum.cit.aet.artemis.buildagent.service.SharedQueueProcessingService.lambda$processBuild$5(SharedQueueProcessingService.java:480)
	at java.base/java.util.concurrent.CompletableFuture.uniExceptionally(CompletableFuture.java:990)
	at java.base/java.util.concurrent.CompletableFuture.uniExceptionallyStage(CompletableFuture.java:1008)
	at java.base/java.util.concurrent.CompletableFuture.exceptionally(CompletableFuture.java:2396)
	at de.tum.cit.aet.artemis.buildagent.service.SharedQueueProcessingService.processBuild(SharedQueueProcessingService.java:444)
	at de.tum.cit.aet.artemis.buildagent.service.SharedQueueProcessingService.checkAvailabilityAndProcessNextBuild(SharedQueueProcessingService.java:269)
	at de.tum.cit.aet.artemis.buildagent.service.SharedQueueProcessingService$QueuedBuildJobItemListener.itemAdded(SharedQueueProcessingService.java:594)
	at com.hazelcast.collection.impl.queue.QueueService.lambda$dispatchEvent$1(QueueService.java:277)
	at com.hazelcast.internal.namespace.impl.NoOpUserCodeNamespaceService.runWithNamespace(NoOpUserCodeNamespaceService.java:82)
	at com.hazelcast.internal.namespace.NamespaceUtil.runWithNamespace(NamespaceUtil.java:106)
	at com.hazelcast.collection.impl.queue.QueueService.dispatchEvent(QueueService.java:275)
	at com.hazelcast.collection.impl.queue.QueueService.dispatchEvent(QueueService.java:98)
	at com.hazelcast.spi.impl.eventservice.impl.LocalEventDispatcher.run(LocalEventDispatcher.java:64)
	at com.hazelcast.internal.util.executor.StripedExecutor$Worker.process(StripedExecutor.java:244)
	at com.hazelcast.internal.util.executor.StripedExecutor$Worker.run(StripedExecutor.java:227)
Caused by: de.tum.cit.aet.artemis.core.exception.LocalCIException: Could not pull Docker image dummy-docker-image
	at de.tum.cit.aet.artemis.buildagent.service.BuildJobExecutionService.runBuildJob(BuildJobExecutionService.java:157)
	at java.base/jdk.internal.reflect.DirectMethodHandleAccessor.invoke(DirectMethodHandleAccessor.java:103)
	at java.base/java.lang.reflect.Method.invoke(Method.java:580)
	at org.springframework.aop.support.AopUtils.invokeJoinpointUsingReflection(AopUtils.java:359)
	at org.springframework.aop.framework.CglibAopProxy$DynamicAdvisedInterceptor.intercept(CglibAopProxy.java:723)
	at de.tum.cit.aet.artemis.buildagent.service.BuildJobExecutionService$$SpringCGLIB$$0.runBuildJob(<generated>)
	at de.tum.cit.aet.artemis.buildagent.service.BuildJobManagementService.lambda$executeBuildJob$1(BuildJobManagementService.java:129)
	at java.base/java.util.concurrent.FutureTask.run(FutureTask.java:317)
	at java.base/java.util.concurrent.ThreadPoolExecutor.runWorker(ThreadPoolExecutor.java:1144)
	at java.base/java.util.concurrent.ThreadPoolExecutor$Worker.run(ThreadPoolExecutor.java:642)
	at java.base/java.lang.Thread.run(Thread.java:1583)
Caused by: de.tum.cit.aet.artemis.core.exception.LocalCIException: Error while pulling docker image dummy-docker-image
	at de.tum.cit.aet.artemis.buildagent.service.BuildAgentDockerService.pullDockerImage(BuildAgentDockerService.java:258)
	at de.tum.cit.aet.artemis.buildagent.service.BuildJobExecutionService.runBuildJob(BuildJobExecutionService.java:152)
	... 10 common frames omitted
Caused by: com.github.dockerjava.api.exception.NotFoundException: Status 404: {"message":"pull access denied for dummy-docker-image, repository does not exist or may require 'docker login': denied: requested access to the resource is denied"}

	at com.github.dockerjava.core.DefaultInvocationBuilder.execute(DefaultInvocationBuilder.java:241)
	at com.github.dockerjava.core.DefaultInvocationBuilder.lambda$executeAndStream$1(DefaultInvocationBuilder.java:269)
	... 1 common frames omitted
    23:44:55.001 | 566 localvc.event-13 | INFO  | .c.a.a.b.s.BuildJobManagementService : Getting ID of running container local-ci-17561739576694670
    23:44:55.002 | 566 localvc.event-13 | INFO  | .c.a.a.b.s.BuildJobManagementService : Stopping unresponsive container with ID null
    23:44:55.002 | 566 localvc.event-13 | DEBUG | a.a.b.s.SharedQueueProcessingService : Build job completed with exception: BuildJobQueueItem[id=17561739576694670, name=SHORT4B6B7AAF03B28040600B8D20E984055B617ATSTEXC-BASE, buildAgent=BuildAgentDTO[name=artemis-build-agent-test, memberAddress=[127.0.0.1]:5703, displayName=artemis-build-agent-test], participationId=1756, courseId=876, exerciseId=2451, retryCount=0, priority=2, status=null, repositoryInfo=RepositoryInfo[repositoryName=short4b6b7aaf03b28040600b8d20e984055b617atstexc-exercise, repositoryType=exercise, triggeredByPushTo=exercise, assignmentRepositoryUri=http://localhost:49152/git/SHORT4B6B7AAF03B28040600B8D20E984055B617ATSTEXC/short4b6b7aaf03b28040600b8d20e984055b617atstexc-exercise.git, testRepositoryUri=http://nadnasidni.tum/scm/SHORT4B6B7AAF03B28040600B8D20E984055B617ATSTEXC/SHORT4B6B7AAF03B28040600B8D20E984055B617ATSTEXC-tests.git, solutionRepositoryUri=null, auxiliaryRepositoryUris=[Ljava.lang.String;@602f0ce6, auxiliaryRepositoryCheckoutDirectories=[Ljava.lang.String;@1a03ff58], jobTimingInfo=JobTimingInfo[submissionDate=2025-02-14T23:44:54.670345785Z[Etc/UTC], buildStartDate=2025-02-14T23:44:54.839162169Z[Etc/UTC], buildCompletionDate=null, estimatedCompletionDate=2025-02-14T23:45:13.839155737Z[Etc/UTC], estimatedDuration=19], buildConfig=BuildConfig[buildScript=#!/bin/bash
cd /var/tmp/testing-dir
mvn clean test
, dockerImage=dummy-docker-image, commitHashToBuild=null, assignmentCommitHash=9b3a9bd71a0d80e5bbc42204c319ed3d1d4f0d6d, testCommitHash=9b3a9bd71a0d80e5bbc42204c319ed3d1d4f0d6d, branch=main, programmingLanguage=JAVA, projectType=PLAIN_MAVEN, scaEnabled=false, sequentialTestRunsEnabled=false, resultPaths=[/var/tmp/testing-dir/**/target/surefire-reports/*.xml], timeoutSeconds=0, assignmentCheckoutPath=null, testCheckoutPath=null, solutionCheckoutPath=null, dockerRunConfig=null], submissionResult=null]
java.util.concurrent.CompletionException: java.util.concurrent.ExecutionException: de.tum.cit.aet.artemis.core.exception.LocalCIException: Could not pull Docker image dummy-docker-image
	at de.tum.cit.aet.artemis.buildagent.service.BuildJobManagementService.lambda$executeBuildJob$2(BuildJobManagementService.java:188)
	at de.tum.cit.aet.artemis.buildagent.service.BuildJobManagementService.createCompletableFuture(BuildJobManagementService.java:236)
	at de.tum.cit.aet.artemis.buildagent.service.BuildJobManagementService.executeBuildJob(BuildJobManagementService.java:163)
	at de.tum.cit.aet.artemis.buildagent.service.SharedQueueProcessingService.processBuild(SharedQueueProcessingService.java:413)
	at de.tum.cit.aet.artemis.buildagent.service.SharedQueueProcessingService.checkAvailabilityAndProcessNextBuild(SharedQueueProcessingService.java:269)
	at de.tum.cit.aet.artemis.buildagent.service.SharedQueueProcessingService.lambda$processBuild$5(SharedQueueProcessingService.java:480)
	at java.base/java.util.concurrent.CompletableFuture.uniExceptionally(CompletableFuture.java:990)
	at java.base/java.util.concurrent.CompletableFuture.uniExceptionallyStage(CompletableFuture.java:1008)
	at java.base/java.util.concurrent.CompletableFuture.exceptionally(CompletableFuture.java:2396)
	at de.tum.cit.aet.artemis.buildagent.service.SharedQueueProcessingService.processBuild(SharedQueueProcessingService.java:444)
	at de.tum.cit.aet.artemis.buildagent.service.SharedQueueProcessingService.checkAvailabilityAndProcessNextBuild(SharedQueueProcessingService.java:269)
	at de.tum.cit.aet.artemis.buildagent.service.SharedQueueProcessingService.lambda$processBuild$5(SharedQueueProcessingService.java:480)
	at java.base/java.util.concurrent.CompletableFuture.uniExceptionally(CompletableFuture.java:990)
	at java.base/java.util.concurrent.CompletableFuture.uniExceptionallyStage(CompletableFuture.java:1008)
	at java.base/java.util.concurrent.CompletableFuture.exceptionally(CompletableFuture.java:2396)
	at de.tum.cit.aet.artemis.buildagent.service.SharedQueueProcessingService.processBuild(SharedQueueProcessingService.java:444)
	at de.tum.cit.aet.artemis.buildagent.service.SharedQueueProcessingService.checkAvailabilityAndProcessNextBuild(SharedQueueProcessingService.java:269)
	at de.tum.cit.aet.artemis.buildagent.service.SharedQueueProcessingService.lambda$processBuild$5(SharedQueueProcessingService.java:480)
	at java.base/java.util.concurrent.CompletableFuture.uniExceptionally(CompletableFuture.java:990)
	at java.base/java.util.concurrent.CompletableFuture.uniExceptionallyStage(CompletableFuture.java:1008)
	at java.base/java.util.concurrent.CompletableFuture.exceptionally(CompletableFuture.java:2396)
	at de.tum.cit.aet.artemis.buildagent.service.SharedQueueProcessingService.processBuild(SharedQueueProcessingService.java:444)
	at de.tum.cit.aet.artemis.buildagent.service.SharedQueueProcessingService.checkAvailabilityAndProcessNextBuild(SharedQueueProcessingService.java:269)
	at de.tum.cit.aet.artemis.buildagent.service.SharedQueueProcessingService.lambda$processBuild$5(SharedQueueProcessingService.java:480)
	at java.base/java.util.concurrent.CompletableFuture.uniExceptionally(CompletableFuture.java:990)
	at java.base/java.util.concurrent.CompletableFuture.uniExceptionallyStage(CompletableFuture.java:1008)
	at java.base/java.util.concurrent.CompletableFuture.exceptionally(CompletableFuture.java:2396)
	at de.tum.cit.aet.artemis.buildagent.service.SharedQueueProcessingService.processBuild(SharedQueueProcessingService.java:444)
	at de.tum.cit.aet.artemis.buildagent.service.SharedQueueProcessingService.checkAvailabilityAndProcessNextBuild(SharedQueueProcessingService.java:269)
	at de.tum.cit.aet.artemis.buildagent.service.SharedQueueProcessingService.lambda$processBuild$5(SharedQueueProcessingService.java:480)
	at java.base/java.util.concurrent.CompletableFuture.uniExceptionally(CompletableFuture.java:990)
	at java.base/java.util.concurrent.CompletableFuture.uniExceptionallyStage(CompletableFuture.java:1008)
	at java.base/java.util.concurrent.CompletableFuture.exceptionally(CompletableFuture.java:2396)
	at de.tum.cit.aet.artemis.buildagent.service.SharedQueueProcessingService.processBuild(SharedQueueProcessingService.java:444)
	at de.tum.cit.aet.artemis.buildagent.service.SharedQueueProcessingService.checkAvailabilityAndProcessNextBuild(SharedQueueProcessingService.java:269)
	at de.tum.cit.aet.artemis.buildagent.service.SharedQueueProcessingService.lambda$processBuild$5(SharedQueueProcessingService.java:480)
	at java.base/java.util.concurrent.CompletableFuture.uniExceptionally(CompletableFuture.java:990)
	at java.base/java.util.concurrent.CompletableFuture.uniExceptionallyStage(CompletableFuture.java:1008)
	at java.base/java.util.concurrent.CompletableFuture.exceptionally(CompletableFuture.java:2396)
	at de.tum.cit.aet.artemis.buildagent.service.SharedQueueProcessingService.processBuild(SharedQueueProcessingService.java:444)
	at de.tum.cit.aet.artemis.buildagent.service.SharedQueueProcessingService.checkAvailabilityAndProcessNextBuild(SharedQueueProcessingService.java:269)
	at de.tum.cit.aet.artemis.buildagent.service.SharedQueueProcessingService.lambda$processBuild$5(SharedQueueProcessingService.java:480)
	at java.base/java.util.concurrent.CompletableFuture.uniExceptionally(CompletableFuture.java:990)
	at java.base/java.util.concurrent.CompletableFuture.uniExceptionallyStage(CompletableFuture.java:1008)
	at java.base/java.util.concurrent.CompletableFuture.exceptionally(CompletableFuture.java:2396)
	at de.tum.cit.aet.artemis.buildagent.service.SharedQueueProcessingService.processBuild(SharedQueueProcessingService.java:444)
	at de.tum.cit.aet.artemis.buildagent.service.SharedQueueProcessingService.checkAvailabilityAndProcessNextBuild(SharedQueueProcessingService.java:269)
	at de.tum.cit.aet.artemis.buildagent.service.SharedQueueProcessingService.lambda$processBuild$5(SharedQueueProcessingService.java:480)
	at java.base/java.util.concurrent.CompletableFuture.uniExceptionally(CompletableFuture.java:990)
	at java.base/java.util.concurrent.CompletableFuture.uniExceptionallyStage(CompletableFuture.java:1008)
	at java.base/java.util.concurrent.CompletableFuture.exceptionally(CompletableFuture.java:2396)
	at de.tum.cit.aet.artemis.buildagent.service.SharedQueueProcessingService.processBuild(SharedQueueProcessingService.java:444)
	at de.tum.cit.aet.artemis.buildagent.service.SharedQueueProcessingService.checkAvailabilityAndProcessNextBuild(SharedQueueProcessingService.java:269)
	at de.tum.cit.aet.artemis.buildagent.service.SharedQueueProcessingService.lambda$processBuild$5(SharedQueueProcessingService.java:480)
	at java.base/java.util.concurrent.CompletableFuture.uniExceptionally(CompletableFuture.java:990)
	at java.base/java.util.concurrent.CompletableFuture.uniExceptionallyStage(CompletableFuture.java:1008)
	at java.base/java.util.concurrent.CompletableFuture.exceptionally(CompletableFuture.java:2396)
	at de.tum.cit.aet.artemis.buildagent.service.SharedQueueProcessingService.processBuild(SharedQueueProcessingService.java:444)
	at de.tum.cit.aet.artemis.buildagent.service.SharedQueueProcessingService.checkAvailabilityAndProcessNextBuild(SharedQueueProcessingService.java:269)
	at de.tum.cit.aet.artemis.buildagent.service.SharedQueueProcessingService.lambda$processBuild$5(SharedQueueProcessingService.java:480)
	at java.base/java.util.concurrent.CompletableFuture.uniExceptionally(CompletableFuture.java:990)
	at java.base/java.util.concurrent.CompletableFuture.uniExceptionallyStage(CompletableFuture.java:1008)
	at java.base/java.util.concurrent.CompletableFuture.exceptionally(CompletableFuture.java:2396)
	at de.tum.cit.aet.artemis.buildagent.service.SharedQueueProcessingService.processBuild(SharedQueueProcessingService.java:444)
	at de.tum.cit.aet.artemis.buildagent.service.SharedQueueProcessingService.checkAvailabilityAndProcessNextBuild(SharedQueueProcessingService.java:269)
	at de.tum.cit.aet.artemis.buildagent.service.SharedQueueProcessingService.lambda$processBuild$5(SharedQueueProcessingService.java:480)
	at java.base/java.util.concurrent.CompletableFuture.uniExceptionally(CompletableFuture.java:990)
	at java.base/java.util.concurrent.CompletableFuture.uniExceptionallyStage(CompletableFuture.java:1008)
	at java.base/java.util.concurrent.CompletableFuture.exceptionally(CompletableFuture.java:2396)
	at de.tum.cit.aet.artemis.buildagent.service.SharedQueueProcessingService.processBuild(SharedQueueProcessingService.java:444)
	at de.tum.cit.aet.artemis.buildagent.service.SharedQueueProcessingService.checkAvailabilityAndProcessNextBuild(SharedQueueProcessingService.java:269)
	at de.tum.cit.aet.artemis.buildagent.service.SharedQueueProcessingService$QueuedBuildJobItemListener.itemAdded(SharedQueueProcessingService.java:594)
	at com.hazelcast.collection.impl.queue.QueueService.lambda$dispatchEvent$1(QueueService.java:277)
	at com.hazelcast.internal.namespace.impl.NoOpUserCodeNamespaceService.runWithNamespace(NoOpUserCodeNamespaceService.java:82)
	at com.hazelcast.internal.namespace.NamespaceUtil.runWithNamespace(NamespaceUtil.java:106)
	at com.hazelcast.collection.impl.queue.QueueService.dispatchEvent(QueueService.java:275)
	at com.hazelcast.collection.impl.queue.QueueService.dispatchEvent(QueueService.java:98)
	at com.hazelcast.spi.impl.eventservice.impl.LocalEventDispatcher.run(LocalEventDispatcher.java:64)
	at com.hazelcast.internal.util.executor.StripedExecutor$Worker.process(StripedExecutor.java:244)
	at com.hazelcast.internal.util.executor.StripedExecutor$Worker.run(StripedExecutor.java:227)
Caused by: java.util.concurrent.ExecutionException: de.tum.cit.aet.artemis.core.exception.LocalCIException: Could not pull Docker image dummy-docker-image
	at java.base/java.util.concurrent.FutureTask.report(FutureTask.java:122)
	at java.base/java.util.concurrent.FutureTask.get(FutureTask.java:205)
	at de.tum.cit.aet.artemis.buildagent.service.BuildJobManagementService.lambda$executeBuildJob$2(BuildJobManagementService.java:165)
	... 79 common frames omitted
Caused by: de.tum.cit.aet.artemis.core.exception.LocalCIException: Could not pull Docker image dummy-docker-image
	at de.tum.cit.aet.artemis.buildagent.service.BuildJobExecutionService.runBuildJob(BuildJobExecutionService.java:157)
	at java.base/jdk.internal.reflect.DirectMethodHandleAccessor.invoke(DirectMethodHandleAccessor.java:103)
	at java.base/java.lang.reflect.Method.invoke(Method.java:580)
	at org.springframework.aop.support.AopUtils.invokeJoinpointUsingReflection(AopUtils.java:359)
	at org.springframework.aop.framework.CglibAopProxy$DynamicAdvisedInterceptor.intercept(CglibAopProxy.java:723)
	at de.tum.cit.aet.artemis.buildagent.service.BuildJobExecutionService$$SpringCGLIB$$0.runBuildJob(<generated>)
	at de.tum.cit.aet.artemis.buildagent.service.BuildJobManagementService.lambda$executeBuildJob$1(BuildJobManagementService.java:129)
	at java.base/java.util.concurrent.FutureTask.run(FutureTask.java:317)
	at java.base/java.util.concurrent.ThreadPoolExecutor.runWorker(ThreadPoolExecutor.java:1144)
	at java.base/java.util.concurrent.ThreadPoolExecutor$Worker.run(ThreadPoolExecutor.java:642)
	at java.base/java.lang.Thread.run(Thread.java:1583)
Caused by: de.tum.cit.aet.artemis.core.exception.LocalCIException: Error while pulling docker image dummy-docker-image
	at de.tum.cit.aet.artemis.buildagent.service.BuildAgentDockerService.pullDockerImage(BuildAgentDockerService.java:258)
	at de.tum.cit.aet.artemis.buildagent.service.BuildJobExecutionService.runBuildJob(BuildJobExecutionService.java:152)
	... 10 common frames omitted
Caused by: com.github.dockerjava.api.exception.NotFoundException: Status 404: {"message":"pull access denied for dummy-docker-image, repository does not exist or may require 'docker login': denied: requested access to the resource is denied"}

	at com.github.dockerjava.core.DefaultInvocationBuilder.execute(DefaultInvocationBuilder.java:241)
	at com.github.dockerjava.core.DefaultInvocationBuilder.lambda$executeAndStream$1(DefaultInvocationBuilder.java:269)
	... 1 common frames omitted
    23:44:55.002 | 566 localvc.event-13 | ERROR | a.a.b.s.SharedQueueProcessingService : Error while processing build job: BuildJobQueueItem[id=17561739576694670, name=SHORT4B6B7AAF03B28040600B8D20E984055B617ATSTEXC-BASE, buildAgent=BuildAgentDTO[name=artemis-build-agent-test, memberAddress=[127.0.0.1]:5703, displayName=artemis-build-agent-test], participationId=1756, courseId=876, exerciseId=2451, retryCount=0, priority=2, status=null, repositoryInfo=RepositoryInfo[repositoryName=short4b6b7aaf03b28040600b8d20e984055b617atstexc-exercise, repositoryType=exercise, triggeredByPushTo=exercise, assignmentRepositoryUri=http://localhost:49152/git/SHORT4B6B7AAF03B28040600B8D20E984055B617ATSTEXC/short4b6b7aaf03b28040600b8d20e984055b617atstexc-exercise.git, testRepositoryUri=http://nadnasidni.tum/scm/SHORT4B6B7AAF03B28040600B8D20E984055B617ATSTEXC/SHORT4B6B7AAF03B28040600B8D20E984055B617ATSTEXC-tests.git, solutionRepositoryUri=null, auxiliaryRepositoryUris=[Ljava.lang.String;@602f0ce6, auxiliaryRepositoryCheckoutDirectories=[Ljava.lang.String;@1a03ff58], jobTimingInfo=JobTimingInfo[submissionDate=2025-02-14T23:44:54.670345785Z[Etc/UTC], buildStartDate=2025-02-14T23:44:54.839162169Z[Etc/UTC], buildCompletionDate=null, estimatedCompletionDate=2025-02-14T23:45:13.839155737Z[Etc/UTC], estimatedDuration=19], buildConfig=BuildConfig[buildScript=#!/bin/bash
cd /var/tmp/testing-dir
mvn clean test
, dockerImage=dummy-docker-image, commitHashToBuild=null, assignmentCommitHash=9b3a9bd71a0d80e5bbc42204c319ed3d1d4f0d6d, testCommitHash=9b3a9bd71a0d80e5bbc42204c319ed3d1d4f0d6d, branch=main, programmingLanguage=JAVA, projectType=PLAIN_MAVEN, scaEnabled=false, sequentialTestRunsEnabled=false, resultPaths=[/var/tmp/testing-dir/**/target/surefire-reports/*.xml], timeoutSeconds=0, assignmentCheckoutPath=null, testCheckoutPath=null, solutionCheckoutPath=null, dockerRunConfig=null], submissionResult=null]
java.util.concurrent.CompletionException: java.util.concurrent.ExecutionException: de.tum.cit.aet.artemis.core.exception.LocalCIException: Could not pull Docker image dummy-docker-image
	at de.tum.cit.aet.artemis.buildagent.service.BuildJobManagementService.lambda$executeBuildJob$2(BuildJobManagementService.java:188)
	at de.tum.cit.aet.artemis.buildagent.service.BuildJobManagementService.createCompletableFuture(BuildJobManagementService.java:236)
	at de.tum.cit.aet.artemis.buildagent.service.BuildJobManagementService.executeBuildJob(BuildJobManagementService.java:163)
	at de.tum.cit.aet.artemis.buildagent.service.SharedQueueProcessingService.processBuild(SharedQueueProcessingService.java:413)
	at de.tum.cit.aet.artemis.buildagent.service.SharedQueueProcessingService.checkAvailabilityAndProcessNextBuild(SharedQueueProcessingService.java:269)
	at de.tum.cit.aet.artemis.buildagent.service.SharedQueueProcessingService.lambda$processBuild$5(SharedQueueProcessingService.java:480)
	at java.base/java.util.concurrent.CompletableFuture.uniExceptionally(CompletableFuture.java:990)
	at java.base/java.util.concurrent.CompletableFuture.uniExceptionallyStage(CompletableFuture.java:1008)
	at java.base/java.util.concurrent.CompletableFuture.exceptionally(CompletableFuture.java:2396)
	at de.tum.cit.aet.artemis.buildagent.service.SharedQueueProcessingService.processBuild(SharedQueueProcessingService.java:444)
	at de.tum.cit.aet.artemis.buildagent.service.SharedQueueProcessingService.checkAvailabilityAndProcessNextBuild(SharedQueueProcessingService.java:269)
	at de.tum.cit.aet.artemis.buildagent.service.SharedQueueProcessingService.lambda$processBuild$5(SharedQueueProcessingService.java:480)
	at java.base/java.util.concurrent.CompletableFuture.uniExceptionally(CompletableFuture.java:990)
	at java.base/java.util.concurrent.CompletableFuture.uniExceptionallyStage(CompletableFuture.java:1008)
	at java.base/java.util.concurrent.CompletableFuture.exceptionally(CompletableFuture.java:2396)
	at de.tum.cit.aet.artemis.buildagent.service.SharedQueueProcessingService.processBuild(SharedQueueProcessingService.java:444)
	at de.tum.cit.aet.artemis.buildagent.service.SharedQueueProcessingService.checkAvailabilityAndProcessNextBuild(SharedQueueProcessingService.java:269)
	at de.tum.cit.aet.artemis.buildagent.service.SharedQueueProcessingService.lambda$processBuild$5(SharedQueueProcessingService.java:480)
	at java.base/java.util.concurrent.CompletableFuture.uniExceptionally(CompletableFuture.java:990)
	at java.base/java.util.concurrent.CompletableFuture.uniExceptionallyStage(CompletableFuture.java:1008)
	at java.base/java.util.concurrent.CompletableFuture.exceptionally(CompletableFuture.java:2396)
	at de.tum.cit.aet.artemis.buildagent.service.SharedQueueProcessingService.processBuild(SharedQueueProcessingService.java:444)
	at de.tum.cit.aet.artemis.buildagent.service.SharedQueueProcessingService.checkAvailabilityAndProcessNextBuild(SharedQueueProcessingService.java:269)
	at de.tum.cit.aet.artemis.buildagent.service.SharedQueueProcessingService.lambda$processBuild$5(SharedQueueProcessingService.java:480)
	at java.base/java.util.concurrent.CompletableFuture.uniExceptionally(CompletableFuture.java:990)
	at java.base/java.util.concurrent.CompletableFuture.uniExceptionallyStage(CompletableFuture.java:1008)
	at java.base/java.util.concurrent.CompletableFuture.exceptionally(CompletableFuture.java:2396)
	at de.tum.cit.aet.artemis.buildagent.service.SharedQueueProcessingService.processBuild(SharedQueueProcessingService.java:444)
	at de.tum.cit.aet.artemis.buildagent.service.SharedQueueProcessingService.checkAvailabilityAndProcessNextBuild(SharedQueueProcessingService.java:269)
	at de.tum.cit.aet.artemis.buildagent.service.SharedQueueProcessingService.lambda$processBuild$5(SharedQueueProcessingService.java:480)
	at java.base/java.util.concurrent.CompletableFuture.uniExceptionally(CompletableFuture.java:990)
	at java.base/java.util.concurrent.CompletableFuture.uniExceptionallyStage(CompletableFuture.java:1008)
	at java.base/java.util.concurrent.CompletableFuture.exceptionally(CompletableFuture.java:2396)
	at de.tum.cit.aet.artemis.buildagent.service.SharedQueueProcessingService.processBuild(SharedQueueProcessingService.java:444)
	at de.tum.cit.aet.artemis.buildagent.service.SharedQueueProcessingService.checkAvailabilityAndProcessNextBuild(SharedQueueProcessingService.java:269)
	at de.tum.cit.aet.artemis.buildagent.service.SharedQueueProcessingService.lambda$processBuild$5(SharedQueueProcessingService.java:480)
	at java.base/java.util.concurrent.CompletableFuture.uniExceptionally(CompletableFuture.java:990)
	at java.base/java.util.concurrent.CompletableFuture.uniExceptionallyStage(CompletableFuture.java:1008)
	at java.base/java.util.concurrent.CompletableFuture.exceptionally(CompletableFuture.java:2396)
	at de.tum.cit.aet.artemis.buildagent.service.SharedQueueProcessingService.processBuild(SharedQueueProcessingService.java:444)
	at de.tum.cit.aet.artemis.buildagent.service.SharedQueueProcessingService.checkAvailabilityAndProcessNextBuild(SharedQueueProcessingService.java:269)
	at de.tum.cit.aet.artemis.buildagent.service.SharedQueueProcessingService.lambda$processBuild$5(SharedQueueProcessingService.java:480)
	at java.base/java.util.concurrent.CompletableFuture.uniExceptionally(CompletableFuture.java:990)
	at java.base/java.util.concurrent.CompletableFuture.uniExceptionallyStage(CompletableFuture.java:1008)
	at java.base/java.util.concurrent.CompletableFuture.exceptionally(CompletableFuture.java:2396)
	at de.tum.cit.aet.artemis.buildagent.service.SharedQueueProcessingService.processBuild(SharedQueueProcessingService.java:444)
	at de.tum.cit.aet.artemis.buildagent.service.SharedQueueProcessingService.checkAvailabilityAndProcessNextBuild(SharedQueueProcessingService.java:269)
	at de.tum.cit.aet.artemis.buildagent.service.SharedQueueProcessingService.lambda$processBuild$5(SharedQueueProcessingService.java:480)
	at java.base/java.util.concurrent.CompletableFuture.uniExceptionally(CompletableFuture.java:990)
	at java.base/java.util.concurrent.CompletableFuture.uniExceptionallyStage(CompletableFuture.java:1008)
	at java.base/java.util.concurrent.CompletableFuture.exceptionally(CompletableFuture.java:2396)
	at de.tum.cit.aet.artemis.buildagent.service.SharedQueueProcessingService.processBuild(SharedQueueProcessingService.java:444)
	at de.tum.cit.aet.artemis.buildagent.service.SharedQueueProcessingService.checkAvailabilityAndProcessNextBuild(SharedQueueProcessingService.java:269)
	at de.tum.cit.aet.artemis.buildagent.service.SharedQueueProcessingService.lambda$processBuild$5(SharedQueueProcessingService.java:480)
	at java.base/java.util.concurrent.CompletableFuture.uniExceptionally(CompletableFuture.java:990)
	at java.base/java.util.concurrent.CompletableFuture.uniExceptionallyStage(CompletableFuture.java:1008)
	at java.base/java.util.concurrent.CompletableFuture.exceptionally(CompletableFuture.java:2396)
	at de.tum.cit.aet.artemis.buildagent.service.SharedQueueProcessingService.processBuild(SharedQueueProcessingService.java:444)
	at de.tum.cit.aet.artemis.buildagent.service.SharedQueueProcessingService.checkAvailabilityAndProcessNextBuild(SharedQueueProcessingService.java:269)
	at de.tum.cit.aet.artemis.buildagent.service.SharedQueueProcessingService.lambda$processBuild$5(SharedQueueProcessingService.java:480)
	at java.base/java.util.concurrent.CompletableFuture.uniExceptionally(CompletableFuture.java:990)
	at java.base/java.util.concurrent.CompletableFuture.uniExceptionallyStage(CompletableFuture.java:1008)
	at java.base/java.util.concurrent.CompletableFuture.exceptionally(CompletableFuture.java:2396)
	at de.tum.cit.aet.artemis.buildagent.service.SharedQueueProcessingService.processBuild(SharedQueueProcessingService.java:444)
	at de.tum.cit.aet.artemis.buildagent.service.SharedQueueProcessingService.checkAvailabilityAndProcessNextBuild(SharedQueueProcessingService.java:269)
	at de.tum.cit.aet.artemis.buildagent.service.SharedQueueProcessingService.lambda$processBuild$5(SharedQueueProcessingService.java:480)
	at java.base/java.util.concurrent.CompletableFuture.uniExceptionally(CompletableFuture.java:990)
	at java.base/java.util.concurrent.CompletableFuture.uniExceptionallyStage(CompletableFuture.java:1008)
	at java.base/java.util.concurrent.CompletableFuture.exceptionally(CompletableFuture.java:2396)
	at de.tum.cit.aet.artemis.buildagent.service.SharedQueueProcessingService.processBuild(SharedQueueProcessingService.java:444)
	at de.tum.cit.aet.artemis.buildagent.service.SharedQueueProcessingService.checkAvailabilityAndProcessNextBuild(SharedQueueProcessingService.java:269)
	at de.tum.cit.aet.artemis.buildagent.service.SharedQueueProcessingService$QueuedBuildJobItemListener.itemAdded(SharedQueueProcessingService.java:594)
	at com.hazelcast.collection.impl.queue.QueueService.lambda$dispatchEvent$1(QueueService.java:277)
	at com.hazelcast.internal.namespace.impl.NoOpUserCodeNamespaceService.runWithNamespace(NoOpUserCodeNamespaceService.java:82)
	at com.hazelcast.internal.namespace.NamespaceUtil.runWithNamespace(NamespaceUtil.java:106)
	at com.hazelcast.collection.impl.queue.QueueService.dispatchEvent(QueueService.java:275)
	at com.hazelcast.collection.impl.queue.QueueService.dispatchEvent(QueueService.java:98)
	at com.hazelcast.spi.impl.eventservice.impl.LocalEventDispatcher.run(LocalEventDispatcher.java:64)
	at com.hazelcast.internal.util.executor.StripedExecutor$Worker.process(StripedExecutor.java:244)
	at com.hazelcast.internal.util.executor.StripedExecutor$Worker.run(StripedExecutor.java:227)
Caused by: java.util.concurrent.ExecutionException: de.tum.cit.aet.artemis.core.exception.LocalCIException: Could not pull Docker image dummy-docker-image
	at java.base/java.util.concurrent.FutureTask.report(FutureTask.java:122)
	at java.base/java.util.concurrent.FutureTask.get(FutureTask.java:205)
	at de.tum.cit.aet.artemis.buildagent.service.BuildJobManagementService.lambda$executeBuildJob$2(BuildJobManagementService.java:165)
	... 79 common frames omitted
Caused by: de.tum.cit.aet.artemis.core.exception.LocalCIException: Could not pull Docker image dummy-docker-image
	at de.tum.cit.aet.artemis.buildagent.service.BuildJobExecutionService.runBuildJob(BuildJobExecutionService.java:157)
	at java.base/jdk.internal.reflect.DirectMethodHandleAccessor.invoke(DirectMethodHandleAccessor.java:103)
	at java.base/java.lang.reflect.Method.invoke(Method.java:580)
	at org.springframework.aop.support.AopUtils.invokeJoinpointUsingReflection(AopUtils.java:359)
	at org.springframework.aop.framework.CglibAopProxy$DynamicAdvisedInterceptor.intercept(CglibAopProxy.java:723)
	at de.tum.cit.aet.artemis.buildagent.service.BuildJobExecutionService$$SpringCGLIB$$0.runBuildJob(<generated>)
	at de.tum.cit.aet.artemis.buildagent.service.BuildJobManagementService.lambda$executeBuildJob$1(BuildJobManagementService.java:129)
	at java.base/java.util.concurrent.FutureTask.run(FutureTask.java:317)
	at java.base/java.util.concurrent.ThreadPoolExecutor.runWorker(ThreadPoolExecutor.java:1144)
	at java.base/java.util.concurrent.ThreadPoolExecutor$Worker.run(ThreadPoolExecutor.java:642)
	at java.base/java.lang.Thread.run(Thread.java:1583)
Caused by: de.tum.cit.aet.artemis.core.exception.LocalCIException: Error while pulling docker image dummy-docker-image
	at de.tum.cit.aet.artemis.buildagent.service.BuildAgentDockerService.pullDockerImage(BuildAgentDockerService.java:258)
	at de.tum.cit.aet.artemis.buildagent.service.BuildJobExecutionService.runBuildJob(BuildJobExecutionService.java:152)
	... 10 common frames omitted
Caused by: com.github.dockerjava.api.exception.NotFoundException: Status 404: {"message":"pull access denied for dummy-docker-image, repository does not exist or may require 'docker login': denied: requested access to the resource is denied"}

	at com.github.dockerjava.core.DefaultInvocationBuilder.execute(DefaultInvocationBuilder.java:241)
	at com.github.dockerjava.core.DefaultInvocationBuilder.lambda$executeAndStream$1(DefaultInvocationBuilder.java:269)
	... 1 common frames omitted
    23:44:55.012 | 566 localvc.event-13 | DEBUG | a.a.b.s.SharedQueueProcessingService : Currently processing jobs on this node: 0, active threads in Pool: 0, maximum pool size of thread executor : 1
    23:44:55.012 | 566 localvc.event-13 | DEBUG | a.a.b.s.SharedQueueProcessingService : Currently processing jobs on this node: 0, active threads in Pool: 0, maximum pool size of thread executor : 1
    23:44:55.013 | 565 localvc.event-12 | DEBUG | a.p.s.l.LocalCIQueueWebsocketService : CIBuildJobQueueItem added to processing jobs: BuildJobQueueItem[id=17581739576694813, name=SHORT3EDCA5D300D94041B20BB570F0D80AF7BCD8TSTEXC-SOLUTION, buildAgent=BuildAgentDTO[name=artemis-build-agent-test, memberAddress=[127.0.0.1]:5703, displayName=artemis-build-agent-test], participationId=1758, courseId=877, exerciseId=2452, retryCount=0, priority=2, status=null, repositoryInfo=RepositoryInfo[repositoryName=short3edca5d300d94041b20bb570f0d80af7bcd8tstexc-solution, repositoryType=solution, triggeredByPushTo=solution, assignmentRepositoryUri=http://localhost:49152/git/SHORT3EDCA5D300D94041B20BB570F0D80AF7BCD8TSTEXC/short3edca5d300d94041b20bb570f0d80af7bcd8tstexc-solution.git, testRepositoryUri=http://nadnasidni.tum/scm/SHORT3EDCA5D300D94041B20BB570F0D80AF7BCD8TSTEXC/SHORT3EDCA5D300D94041B20BB570F0D80AF7BCD8TSTEXC-tests.git, solutionRepositoryUri=null, auxiliaryRepositoryUris=[Ljava.lang.String;@5218c64a, auxiliaryRepositoryCheckoutDirectories=[Ljava.lang.String;@2c485e7], jobTimingInfo=JobTimingInfo[submissionDate=2025-02-14T23:44:54.813084406Z[Etc/UTC], buildStartDate=2025-02-14T23:44:55.012695357Z[Etc/UTC], buildCompletionDate=null, estimatedCompletionDate=2025-02-14T23:45:14.012689757Z[Etc/UTC], estimatedDuration=19], buildConfig=BuildConfig[buildScript=#!/bin/bash
cd /var/tmp/testing-dir
mvn clean test
, dockerImage=dummy-docker-image, commitHashToBuild=null, assignmentCommitHash=9b3a9bd71a0d80e5bbc42204c319ed3d1d4f0d6d, testCommitHash=9b3a9bd71a0d80e5bbc42204c319ed3d1d4f0d6d, branch=main, programmingLanguage=JAVA, projectType=PLAIN_MAVEN, scaEnabled=false, sequentialTestRunsEnabled=false, resultPaths=[/var/tmp/testing-dir/**/target/surefire-reports/*.xml], timeoutSeconds=0, assignmentCheckoutPath=null, testCheckoutPath=null, solutionCheckoutPath=null, dockerRunConfig=null], submissionResult=null]
    23:44:55.013 | 565 localvc.event-12 | DEBUG | s.l.LocalCIWebsocketMessagingService : Sending message on topic /topic/admin/running-jobs: [BuildJobQueueItem[id=17581739576694813, name=SHORT3EDCA5D300D94041B20BB570F0D80AF7BCD8TSTEXC-SOLUTION, buildAgent=BuildAgentDTO[name=artemis-build-agent-test, memberAddress=[127.0.0.1]:5703, displayName=artemis-build-agent-test], participationId=1758, courseId=877, exerciseId=2452, retryCount=0, priority=2, status=null, repositoryInfo=RepositoryInfo[repositoryName=short3edca5d300d94041b20bb570f0d80af7bcd8tstexc-solution, repositoryType=solution, triggeredByPushTo=solution, assignmentRepositoryUri=, testRepositoryUri=, solutionRepositoryUri=, auxiliaryRepositoryUris=null, auxiliaryRepositoryCheckoutDirectories=null], jobTimingInfo=JobTimingInfo[submissionDate=2025-02-14T23:44:54.813084406Z[Etc/UTC], buildStartDate=2025-02-14T23:44:55.012695357Z[Etc/UTC], buildCompletionDate=null, estimatedCompletionDate=2025-02-14T23:45:14.012689757Z[Etc/UTC], estimatedDuration=19], buildConfig=BuildConfig[buildScript=, dockerImage=, commitHashToBuild=null, assignmentCommitHash=, testCommitHash=, branch=, programmingLanguage=null, projectType=null, scaEnabled=false, sequentialTestRunsEnabled=false, resultPaths=null, timeoutSeconds=0, assignmentCheckoutPath=, testCheckoutPath=, solutionCheckoutPath=, dockerRunConfig=null], submissionResult=null]]
    23:44:55.013 | 565 localvc.event-12 | DEBUG | s.l.LocalCIWebsocketMessagingService : Sending message on topic /topic/courses/877/running-jobs: [BuildJobQueueItem[id=17581739576694813, name=SHORT3EDCA5D300D94041B20BB570F0D80AF7BCD8TSTEXC-SOLUTION, buildAgent=BuildAgentDTO[name=artemis-build-agent-test, memberAddress=[127.0.0.1]:5703, displayName=artemis-build-agent-test], participationId=1758, courseId=877, exerciseId=2452, retryCount=0, priority=2, status=null, repositoryInfo=RepositoryInfo[repositoryName=short3edca5d300d94041b20bb570f0d80af7bcd8tstexc-solution, repositoryType=solution, triggeredByPushTo=solution, assignmentRepositoryUri=, testRepositoryUri=, solutionRepositoryUri=, auxiliaryRepositoryUris=null, auxiliaryRepositoryCheckoutDirectories=null], jobTimingInfo=JobTimingInfo[submissionDate=2025-02-14T23:44:54.813084406Z[Etc/UTC], buildStartDate=2025-02-14T23:44:55.012695357Z[Etc/UTC], buildCompletionDate=null, estimatedCompletionDate=2025-02-14T23:45:14.012689757Z[Etc/UTC], estimatedDuration=19], buildConfig=BuildConfig[buildScript=, dockerImage=, commitHashToBuild=null, assignmentCommitHash=, testCommitHash=, branch=, programmingLanguage=null, projectType=null, scaEnabled=false, sequentialTestRunsEnabled=false, resultPaths=null, timeoutSeconds=0, assignmentCheckoutPath=, testCheckoutPath=, solutionCheckoutPath=, dockerRunConfig=null], submissionResult=null]]
    23:44:55.023 | 566 localvc.event-13 | INFO  | a.a.b.s.SharedQueueProcessingService : Processing build job: BuildJobQueueItem[id=17581739576694813, name=SHORT3EDCA5D300D94041B20BB570F0D80AF7BCD8TSTEXC-SOLUTION, buildAgent=BuildAgentDTO[name=artemis-build-agent-test, memberAddress=[127.0.0.1]:5703, displayName=artemis-build-agent-test], participationId=1758, courseId=877, exerciseId=2452, retryCount=0, priority=2, status=null, repositoryInfo=RepositoryInfo[repositoryName=short3edca5d300d94041b20bb570f0d80af7bcd8tstexc-solution, repositoryType=solution, triggeredByPushTo=solution, assignmentRepositoryUri=http://localhost:49152/git/SHORT3EDCA5D300D94041B20BB570F0D80AF7BCD8TSTEXC/short3edca5d300d94041b20bb570f0d80af7bcd8tstexc-solution.git, testRepositoryUri=http://nadnasidni.tum/scm/SHORT3EDCA5D300D94041B20BB570F0D80AF7BCD8TSTEXC/SHORT3EDCA5D300D94041B20BB570F0D80AF7BCD8TSTEXC-tests.git, solutionRepositoryUri=null, auxiliaryRepositoryUris=[Ljava.lang.String;@3b34cda5, auxiliaryRepositoryCheckoutDirectories=[Ljava.lang.String;@1cb15c2e], jobTimingInfo=JobTimingInfo[submissionDate=2025-02-14T23:44:54.813084406Z[Etc/UTC], buildStartDate=2025-02-14T23:44:55.012695357Z[Etc/UTC], buildCompletionDate=null, estimatedCompletionDate=2025-02-14T23:45:14.012689757Z[Etc/UTC], estimatedDuration=19], buildConfig=BuildConfig[buildScript=#!/bin/bash
cd /var/tmp/testing-dir
mvn clean test
, dockerImage=dummy-docker-image, commitHashToBuild=null, assignmentCommitHash=9b3a9bd71a0d80e5bbc42204c319ed3d1d4f0d6d, testCommitHash=9b3a9bd71a0d80e5bbc42204c319ed3d1d4f0d6d, branch=main, programmingLanguage=JAVA, projectType=PLAIN_MAVEN, scaEnabled=false, sequentialTestRunsEnabled=false, resultPaths=[/var/tmp/testing-dir/**/target/surefire-reports/*.xml], timeoutSeconds=0, assignmentCheckoutPath=null, testCheckoutPath=null, solutionCheckoutPath=null, dockerRunConfig=null], submissionResult=null]
    23:44:55.173 | 566 localvc.event-13 | ERROR | .c.a.a.b.s.BuildJobManagementService : Error while executing build job 17581739576694813: de.tum.cit.aet.artemis.core.exception.LocalCIException: Could not pull Docker image dummy-docker-image
java.util.concurrent.ExecutionException: de.tum.cit.aet.artemis.core.exception.LocalCIException: Could not pull Docker image dummy-docker-image
	at java.base/java.util.concurrent.FutureTask.report(FutureTask.java:122)
	at java.base/java.util.concurrent.FutureTask.get(FutureTask.java:205)
	at de.tum.cit.aet.artemis.buildagent.service.BuildJobManagementService.lambda$executeBuildJob$2(BuildJobManagementService.java:165)
	at de.tum.cit.aet.artemis.buildagent.service.BuildJobManagementService.createCompletableFuture(BuildJobManagementService.java:236)
	at de.tum.cit.aet.artemis.buildagent.service.BuildJobManagementService.executeBuildJob(BuildJobManagementService.java:163)
	at de.tum.cit.aet.artemis.buildagent.service.SharedQueueProcessingService.processBuild(SharedQueueProcessingService.java:413)
	at de.tum.cit.aet.artemis.buildagent.service.SharedQueueProcessingService.checkAvailabilityAndProcessNextBuild(SharedQueueProcessingService.java:269)
	at de.tum.cit.aet.artemis.buildagent.service.SharedQueueProcessingService.lambda$processBuild$5(SharedQueueProcessingService.java:480)
	at java.base/java.util.concurrent.CompletableFuture.uniExceptionally(CompletableFuture.java:990)
	at java.base/java.util.concurrent.CompletableFuture.uniExceptionallyStage(CompletableFuture.java:1008)
	at java.base/java.util.concurrent.CompletableFuture.exceptionally(CompletableFuture.java:2396)
	at de.tum.cit.aet.artemis.buildagent.service.SharedQueueProcessingService.processBuild(SharedQueueProcessingService.java:444)
	at de.tum.cit.aet.artemis.buildagent.service.SharedQueueProcessingService.checkAvailabilityAndProcessNextBuild(SharedQueueProcessingService.java:269)
	at de.tum.cit.aet.artemis.buildagent.service.SharedQueueProcessingService.lambda$processBuild$5(SharedQueueProcessingService.java:480)
	at java.base/java.util.concurrent.CompletableFuture.uniExceptionally(CompletableFuture.java:990)
	at java.base/java.util.concurrent.CompletableFuture.uniExceptionallyStage(CompletableFuture.java:1008)
	at java.base/java.util.concurrent.CompletableFuture.exceptionally(CompletableFuture.java:2396)
	at de.tum.cit.aet.artemis.buildagent.service.SharedQueueProcessingService.processBuild(SharedQueueProcessingService.java:444)
	at de.tum.cit.aet.artemis.buildagent.service.SharedQueueProcessingService.checkAvailabilityAndProcessNextBuild(SharedQueueProcessingService.java:269)
	at de.tum.cit.aet.artemis.buildagent.service.SharedQueueProcessingService.lambda$processBuild$5(SharedQueueProcessingService.java:480)
	at java.base/java.util.concurrent.CompletableFuture.uniExceptionally(CompletableFuture.java:990)
	at java.base/java.util.concurrent.CompletableFuture.uniExceptionallyStage(CompletableFuture.java:1008)
	at java.base/java.util.concurrent.CompletableFuture.exceptionally(CompletableFuture.java:2396)
	at de.tum.cit.aet.artemis.buildagent.service.SharedQueueProcessingService.processBuild(SharedQueueProcessingService.java:444)
	at de.tum.cit.aet.artemis.buildagent.service.SharedQueueProcessingService.checkAvailabilityAndProcessNextBuild(SharedQueueProcessingService.java:269)
	at de.tum.cit.aet.artemis.buildagent.service.SharedQueueProcessingService.lambda$processBuild$5(SharedQueueProcessingService.java:480)
	at java.base/java.util.concurrent.CompletableFuture.uniExceptionally(CompletableFuture.java:990)
	at java.base/java.util.concurrent.CompletableFuture.uniExceptionallyStage(CompletableFuture.java:1008)
	at java.base/java.util.concurrent.CompletableFuture.exceptionally(CompletableFuture.java:2396)
	at de.tum.cit.aet.artemis.buildagent.service.SharedQueueProcessingService.processBuild(SharedQueueProcessingService.java:444)
	at de.tum.cit.aet.artemis.buildagent.service.SharedQueueProcessingService.checkAvailabilityAndProcessNextBuild(SharedQueueProcessingService.java:269)
	at de.tum.cit.aet.artemis.buildagent.service.SharedQueueProcessingService.lambda$processBuild$5(SharedQueueProcessingService.java:480)
	at java.base/java.util.concurrent.CompletableFuture.uniExceptionally(CompletableFuture.java:990)
	at java.base/java.util.concurrent.CompletableFuture.uniExceptionallyStage(CompletableFuture.java:1008)
	at java.base/java.util.concurrent.CompletableFuture.exceptionally(CompletableFuture.java:2396)
	at de.tum.cit.aet.artemis.buildagent.service.SharedQueueProcessingService.processBuild(SharedQueueProcessingService.java:444)
	at de.tum.cit.aet.artemis.buildagent.service.SharedQueueProcessingService.checkAvailabilityAndProcessNextBuild(SharedQueueProcessingService.java:269)
	at de.tum.cit.aet.artemis.buildagent.service.SharedQueueProcessingService.lambda$processBuild$5(SharedQueueProcessingService.java:480)
	at java.base/java.util.concurrent.CompletableFuture.uniExceptionally(CompletableFuture.java:990)
	at java.base/java.util.concurrent.CompletableFuture.uniExceptionallyStage(CompletableFuture.java:1008)
	at java.base/java.util.concurrent.CompletableFuture.exceptionally(CompletableFuture.java:2396)
	at de.tum.cit.aet.artemis.buildagent.service.SharedQueueProcessingService.processBuild(SharedQueueProcessingService.java:444)
	at de.tum.cit.aet.artemis.buildagent.service.SharedQueueProcessingService.checkAvailabilityAndProcessNextBuild(SharedQueueProcessingService.java:269)
	at de.tum.cit.aet.artemis.buildagent.service.SharedQueueProcessingService.lambda$processBuild$5(SharedQueueProcessingService.java:480)
	at java.base/java.util.concurrent.CompletableFuture.uniExceptionally(CompletableFuture.java:990)
	at java.base/java.util.concurrent.CompletableFuture.uniExceptionallyStage(CompletableFuture.java:1008)
	at java.base/java.util.concurrent.CompletableFuture.exceptionally(CompletableFuture.java:2396)
	at de.tum.cit.aet.artemis.buildagent.service.SharedQueueProcessingService.processBuild(SharedQueueProcessingService.java:444)
	at de.tum.cit.aet.artemis.buildagent.service.SharedQueueProcessingService.checkAvailabilityAndProcessNextBuild(SharedQueueProcessingService.java:269)
	at de.tum.cit.aet.artemis.buildagent.service.SharedQueueProcessingService.lambda$processBuild$5(SharedQueueProcessingService.java:480)
	at java.base/java.util.concurrent.CompletableFuture.uniExceptionally(CompletableFuture.java:990)
	at java.base/java.util.concurrent.CompletableFuture.uniExceptionallyStage(CompletableFuture.java:1008)
	at java.base/java.util.concurrent.CompletableFuture.exceptionally(CompletableFuture.java:2396)
	at de.tum.cit.aet.artemis.buildagent.service.SharedQueueProcessingService.processBuild(SharedQueueProcessingService.java:444)
	at de.tum.cit.aet.artemis.buildagent.service.SharedQueueProcessingService.checkAvailabilityAndProcessNextBuild(SharedQueueProcessingService.java:269)
	at de.tum.cit.aet.artemis.buildagent.service.SharedQueueProcessingService.lambda$processBuild$5(SharedQueueProcessingService.java:480)
	at java.base/java.util.concurrent.CompletableFuture.uniExceptionally(CompletableFuture.java:990)
	at java.base/java.util.concurrent.CompletableFuture.uniExceptionallyStage(CompletableFuture.java:1008)
	at java.base/java.util.concurrent.CompletableFuture.exceptionally(CompletableFuture.java:2396)
	at de.tum.cit.aet.artemis.buildagent.service.SharedQueueProcessingService.processBuild(SharedQueueProcessingService.java:444)
	at de.tum.cit.aet.artemis.buildagent.service.SharedQueueProcessingService.checkAvailabilityAndProcessNextBuild(SharedQueueProcessingService.java:269)
	at de.tum.cit.aet.artemis.buildagent.service.SharedQueueProcessingService.lambda$processBuild$5(SharedQueueProcessingService.java:480)
	at java.base/java.util.concurrent.CompletableFuture.uniExceptionally(CompletableFuture.java:990)
	at java.base/java.util.concurrent.CompletableFuture.uniExceptionallyStage(CompletableFuture.java:1008)
	at java.base/java.util.concurrent.CompletableFuture.exceptionally(CompletableFuture.java:2396)
	at de.tum.cit.aet.artemis.buildagent.service.SharedQueueProcessingService.processBuild(SharedQueueProcessingService.java:444)
	at de.tum.cit.aet.artemis.buildagent.service.SharedQueueProcessingService.checkAvailabilityAndProcessNextBuild(SharedQueueProcessingService.java:269)
	at de.tum.cit.aet.artemis.buildagent.service.SharedQueueProcessingService.lambda$processBuild$5(SharedQueueProcessingService.java:480)
	at java.base/java.util.concurrent.CompletableFuture.uniExceptionally(CompletableFuture.java:990)
	at java.base/java.util.concurrent.CompletableFuture.uniExceptionallyStage(CompletableFuture.java:1008)
	at java.base/java.util.concurrent.CompletableFuture.exceptionally(CompletableFuture.java:2396)
	at de.tum.cit.aet.artemis.buildagent.service.SharedQueueProcessingService.processBuild(SharedQueueProcessingService.java:444)
	at de.tum.cit.aet.artemis.buildagent.service.SharedQueueProcessingService.checkAvailabilityAndProcessNextBuild(SharedQueueProcessingService.java:269)
	at de.tum.cit.aet.artemis.buildagent.service.SharedQueueProcessingService.lambda$processBuild$5(SharedQueueProcessingService.java:480)
	at java.base/java.util.concurrent.CompletableFuture.uniExceptionally(CompletableFuture.java:990)
	at java.base/java.util.concurrent.CompletableFuture.uniExceptionallyStage(CompletableFuture.java:1008)
	at java.base/java.util.concurrent.CompletableFuture.exceptionally(CompletableFuture.java:2396)
	at de.tum.cit.aet.artemis.buildagent.service.SharedQueueProcessingService.processBuild(SharedQueueProcessingService.java:444)
	at de.tum.cit.aet.artemis.buildagent.service.SharedQueueProcessingService.checkAvailabilityAndProcessNextBuild(SharedQueueProcessingService.java:269)
	at de.tum.cit.aet.artemis.buildagent.service.SharedQueueProcessingService$QueuedBuildJobItemListener.itemAdded(SharedQueueProcessingService.java:594)
	at com.hazelcast.collection.impl.queue.QueueService.lambda$dispatchEvent$1(QueueService.java:277)
	at com.hazelcast.internal.namespace.impl.NoOpUserCodeNamespaceService.runWithNamespace(NoOpUserCodeNamespaceService.java:82)
	at com.hazelcast.internal.namespace.NamespaceUtil.runWithNamespace(NamespaceUtil.java:106)
	at com.hazelcast.collection.impl.queue.QueueService.dispatchEvent(QueueService.java:275)
	at com.hazelcast.collection.impl.queue.QueueService.dispatchEvent(QueueService.java:98)
	at com.hazelcast.spi.impl.eventservice.impl.LocalEventDispatcher.run(LocalEventDispatcher.java:64)
	at com.hazelcast.internal.util.executor.StripedExecutor$Worker.process(StripedExecutor.java:244)
	at com.hazelcast.internal.util.executor.StripedExecutor$Worker.run(StripedExecutor.java:227)
Caused by: de.tum.cit.aet.artemis.core.exception.LocalCIException: Could not pull Docker image dummy-docker-image
	at de.tum.cit.aet.artemis.buildagent.service.BuildJobExecutionService.runBuildJob(BuildJobExecutionService.java:157)
	at java.base/jdk.internal.reflect.DirectMethodHandleAccessor.invoke(DirectMethodHandleAccessor.java:103)
	at java.base/java.lang.reflect.Method.invoke(Method.java:580)
	at org.springframework.aop.support.AopUtils.invokeJoinpointUsingReflection(AopUtils.java:359)
	at org.springframework.aop.framework.CglibAopProxy$DynamicAdvisedInterceptor.intercept(CglibAopProxy.java:723)
	at de.tum.cit.aet.artemis.buildagent.service.BuildJobExecutionService$$SpringCGLIB$$0.runBuildJob(<generated>)
	at de.tum.cit.aet.artemis.buildagent.service.BuildJobManagementService.lambda$executeBuildJob$1(BuildJobManagementService.java:129)
	at java.base/java.util.concurrent.FutureTask.run(FutureTask.java:317)
	at java.base/java.util.concurrent.ThreadPoolExecutor.runWorker(ThreadPoolExecutor.java:1144)
	at java.base/java.util.concurrent.ThreadPoolExecutor$Worker.run(ThreadPoolExecutor.java:642)
	at java.base/java.lang.Thread.run(Thread.java:1583)
Caused by: de.tum.cit.aet.artemis.core.exception.LocalCIException: Error while pulling docker image dummy-docker-image
	at de.tum.cit.aet.artemis.buildagent.service.BuildAgentDockerService.pullDockerImage(BuildAgentDockerService.java:258)
	at de.tum.cit.aet.artemis.buildagent.service.BuildJobExecutionService.runBuildJob(BuildJobExecutionService.java:152)
	... 10 common frames omitted
Caused by: com.github.dockerjava.api.exception.NotFoundException: Status 404: {"message":"pull access denied for dummy-docker-image, repository does not exist or may require 'docker login': denied: requested access to the resource is denied"}

	at com.github.dockerjava.core.DefaultInvocationBuilder.execute(DefaultInvocationBuilder.java:241)
	at com.github.dockerjava.core.DefaultInvocationBuilder.lambda$executeAndStream$1(DefaultInvocationBuilder.java:269)
	... 1 common frames omitted
    23:44:55.173 | 566 localvc.event-13 | INFO  | .c.a.a.b.s.BuildJobManagementService : Getting ID of running container local-ci-17581739576694813
    23:44:55.174 | 566 localvc.event-13 | INFO  | .c.a.a.b.s.BuildJobManagementService : Stopping unresponsive container with ID null
    23:44:55.174 | 566 localvc.event-13 | DEBUG | a.a.b.s.SharedQueueProcessingService : Build job completed with exception: BuildJobQueueItem[id=17581739576694813, name=SHORT3EDCA5D300D94041B20BB570F0D80AF7BCD8TSTEXC-SOLUTION, buildAgent=BuildAgentDTO[name=artemis-build-agent-test, memberAddress=[127.0.0.1]:5703, displayName=artemis-build-agent-test], participationId=1758, courseId=877, exerciseId=2452, retryCount=0, priority=2, status=null, repositoryInfo=RepositoryInfo[repositoryName=short3edca5d300d94041b20bb570f0d80af7bcd8tstexc-solution, repositoryType=solution, triggeredByPushTo=solution, assignmentRepositoryUri=http://localhost:49152/git/SHORT3EDCA5D300D94041B20BB570F0D80AF7BCD8TSTEXC/short3edca5d300d94041b20bb570f0d80af7bcd8tstexc-solution.git, testRepositoryUri=http://nadnasidni.tum/scm/SHORT3EDCA5D300D94041B20BB570F0D80AF7BCD8TSTEXC/SHORT3EDCA5D300D94041B20BB570F0D80AF7BCD8TSTEXC-tests.git, solutionRepositoryUri=null, auxiliaryRepositoryUris=[Ljava.lang.String;@3b34cda5, auxiliaryRepositoryCheckoutDirectories=[Ljava.lang.String;@1cb15c2e], jobTimingInfo=JobTimingInfo[submissionDate=2025-02-14T23:44:54.813084406Z[Etc/UTC], buildStartDate=2025-02-14T23:44:55.012695357Z[Etc/UTC], buildCompletionDate=null, estimatedCompletionDate=2025-02-14T23:45:14.012689757Z[Etc/UTC], estimatedDuration=19], buildConfig=BuildConfig[buildScript=#!/bin/bash
cd /var/tmp/testing-dir
mvn clean test
, dockerImage=dummy-docker-image, commitHashToBuild=null, assignmentCommitHash=9b3a9bd71a0d80e5bbc42204c319ed3d1d4f0d6d, testCommitHash=9b3a9bd71a0d80e5bbc42204c319ed3d1d4f0d6d, branch=main, programmingLanguage=JAVA, projectType=PLAIN_MAVEN, scaEnabled=false, sequentialTestRunsEnabled=false, resultPaths=[/var/tmp/testing-dir/**/target/surefire-reports/*.xml], timeoutSeconds=0, assignmentCheckoutPath=null, testCheckoutPath=null, solutionCheckoutPath=null, dockerRunConfig=null], submissionResult=null]
java.util.concurrent.CompletionException: java.util.concurrent.ExecutionException: de.tum.cit.aet.artemis.core.exception.LocalCIException: Could not pull Docker image dummy-docker-image
	at de.tum.cit.aet.artemis.buildagent.service.BuildJobManagementService.lambda$executeBuildJob$2(BuildJobManagementService.java:188)
	at de.tum.cit.aet.artemis.buildagent.service.BuildJobManagementService.createCompletableFuture(BuildJobManagementService.java:236)
	at de.tum.cit.aet.artemis.buildagent.service.BuildJobManagementService.executeBuildJob(BuildJobManagementService.java:163)
	at de.tum.cit.aet.artemis.buildagent.service.SharedQueueProcessingService.processBuild(SharedQueueProcessingService.java:413)
	at de.tum.cit.aet.artemis.buildagent.service.SharedQueueProcessingService.checkAvailabilityAndProcessNextBuild(SharedQueueProcessingService.java:269)
	at de.tum.cit.aet.artemis.buildagent.service.SharedQueueProcessingService.lambda$processBuild$5(SharedQueueProcessingService.java:480)
	at java.base/java.util.concurrent.CompletableFuture.uniExceptionally(CompletableFuture.java:990)
	at java.base/java.util.concurrent.CompletableFuture.uniExceptionallyStage(CompletableFuture.java:1008)
	at java.base/java.util.concurrent.CompletableFuture.exceptionally(CompletableFuture.java:2396)
	at de.tum.cit.aet.artemis.buildagent.service.SharedQueueProcessingService.processBuild(SharedQueueProcessingService.java:444)
	at de.tum.cit.aet.artemis.buildagent.service.SharedQueueProcessingService.checkAvailabilityAndProcessNextBuild(SharedQueueProcessingService.java:269)
	at de.tum.cit.aet.artemis.buildagent.service.SharedQueueProcessingService.lambda$processBuild$5(SharedQueueProcessingService.java:480)
	at java.base/java.util.concurrent.CompletableFuture.uniExceptionally(CompletableFuture.java:990)
	at java.base/java.util.concurrent.CompletableFuture.uniExceptionallyStage(CompletableFuture.java:1008)
	at java.base/java.util.concurrent.CompletableFuture.exceptionally(CompletableFuture.java:2396)
	at de.tum.cit.aet.artemis.buildagent.service.SharedQueueProcessingService.processBuild(SharedQueueProcessingService.java:444)
	at de.tum.cit.aet.artemis.buildagent.service.SharedQueueProcessingService.checkAvailabilityAndProcessNextBuild(SharedQueueProcessingService.java:269)
	at de.tum.cit.aet.artemis.buildagent.service.SharedQueueProcessingService.lambda$processBuild$5(SharedQueueProcessingService.java:480)
	at java.base/java.util.concurrent.CompletableFuture.uniExceptionally(CompletableFuture.java:990)
	at java.base/java.util.concurrent.CompletableFuture.uniExceptionallyStage(CompletableFuture.java:1008)
	at java.base/java.util.concurrent.CompletableFuture.exceptionally(CompletableFuture.java:2396)
	at de.tum.cit.aet.artemis.buildagent.service.SharedQueueProcessingService.processBuild(SharedQueueProcessingService.java:444)
	at de.tum.cit.aet.artemis.buildagent.service.SharedQueueProcessingService.checkAvailabilityAndProcessNextBuild(SharedQueueProcessingService.java:269)
	at de.tum.cit.aet.artemis.buildagent.service.SharedQueueProcessingService.lambda$processBuild$5(SharedQueueProcessingService.java:480)
	at java.base/java.util.concurrent.CompletableFuture.uniExceptionally(CompletableFuture.java:990)
	at java.base/java.util.concurrent.CompletableFuture.uniExceptionallyStage(CompletableFuture.java:1008)
	at java.base/java.util.concurrent.CompletableFuture.exceptionally(CompletableFuture.java:2396)
	at de.tum.cit.aet.artemis.buildagent.service.SharedQueueProcessingService.processBuild(SharedQueueProcessingService.java:444)
	at de.tum.cit.aet.artemis.buildagent.service.SharedQueueProcessingService.checkAvailabilityAndProcessNextBuild(SharedQueueProcessingService.java:269)
	at de.tum.cit.aet.artemis.buildagent.service.SharedQueueProcessingService.lambda$processBuild$5(SharedQueueProcessingService.java:480)
	at java.base/java.util.concurrent.CompletableFuture.uniExceptionally(CompletableFuture.java:990)
	at java.base/java.util.concurrent.CompletableFuture.uniExceptionallyStage(CompletableFuture.java:1008)
	at java.base/java.util.concurrent.CompletableFuture.exceptionally(CompletableFuture.java:2396)
	at de.tum.cit.aet.artemis.buildagent.service.SharedQueueProcessingService.processBuild(SharedQueueProcessingService.java:444)
	at de.tum.cit.aet.artemis.buildagent.service.SharedQueueProcessingService.checkAvailabilityAndProcessNextBuild(SharedQueueProcessingService.java:269)
	at de.tum.cit.aet.artemis.buildagent.service.SharedQueueProcessingService.lambda$processBuild$5(SharedQueueProcessingService.java:480)
	at java.base/java.util.concurrent.CompletableFuture.uniExceptionally(CompletableFuture.java:990)
	at java.base/java.util.concurrent.CompletableFuture.uniExceptionallyStage(CompletableFuture.java:1008)
	at java.base/java.util.concurrent.CompletableFuture.exceptionally(CompletableFuture.java:2396)
	at de.tum.cit.aet.artemis.buildagent.service.SharedQueueProcessingService.processBuild(SharedQueueProcessingService.java:444)
	at de.tum.cit.aet.artemis.buildagent.service.SharedQueueProcessingService.checkAvailabilityAndProcessNextBuild(SharedQueueProcessingService.java:269)
	at de.tum.cit.aet.artemis.buildagent.service.SharedQueueProcessingService.lambda$processBuild$5(SharedQueueProcessingService.java:480)
	at java.base/java.util.concurrent.CompletableFuture.uniExceptionally(CompletableFuture.java:990)
	at java.base/java.util.concurrent.CompletableFuture.uniExceptionallyStage(CompletableFuture.java:1008)
	at java.base/java.util.concurrent.CompletableFuture.exceptionally(CompletableFuture.java:2396)
	at de.tum.cit.aet.artemis.buildagent.service.SharedQueueProcessingService.processBuild(SharedQueueProcessingService.java:444)
	at de.tum.cit.aet.artemis.buildagent.service.SharedQueueProcessingService.checkAvailabilityAndProcessNextBuild(SharedQueueProcessingService.java:269)
	at de.tum.cit.aet.artemis.buildagent.service.SharedQueueProcessingService.lambda$processBuild$5(SharedQueueProcessingService.java:480)
	at java.base/java.util.concurrent.CompletableFuture.uniExceptionally(CompletableFuture.java:990)
	at java.base/java.util.concurrent.CompletableFuture.uniExceptionallyStage(CompletableFuture.java:1008)
	at java.base/java.util.concurrent.CompletableFuture.exceptionally(CompletableFuture.java:2396)
	at de.tum.cit.aet.artemis.buildagent.service.SharedQueueProcessingService.processBuild(SharedQueueProcessingService.java:444)
	at de.tum.cit.aet.artemis.buildagent.service.SharedQueueProcessingService.checkAvailabilityAndProcessNextBuild(SharedQueueProcessingService.java:269)
	at de.tum.cit.aet.artemis.buildagent.service.SharedQueueProcessingService.lambda$processBuild$5(SharedQueueProcessingService.java:480)
	at java.base/java.util.concurrent.CompletableFuture.uniExceptionally(CompletableFuture.java:990)
	at java.base/java.util.concurrent.CompletableFuture.uniExceptionallyStage(CompletableFuture.java:1008)
	at java.base/java.util.concurrent.CompletableFuture.exceptionally(CompletableFuture.java:2396)
	at de.tum.cit.aet.artemis.buildagent.service.SharedQueueProcessingService.processBuild(SharedQueueProcessingService.java:444)
	at de.tum.cit.aet.artemis.buildagent.service.SharedQueueProcessingService.checkAvailabilityAndProcessNextBuild(SharedQueueProcessingService.java:269)
	at de.tum.cit.aet.artemis.buildagent.service.SharedQueueProcessingService.lambda$processBuild$5(SharedQueueProcessingService.java:480)
	at java.base/java.util.concurrent.CompletableFuture.uniExceptionally(CompletableFuture.java:990)
	at java.base/java.util.concurrent.CompletableFuture.uniExceptionallyStage(CompletableFuture.java:1008)
	at java.base/java.util.concurrent.CompletableFuture.exceptionally(CompletableFuture.java:2396)
	at de.tum.cit.aet.artemis.buildagent.service.SharedQueueProcessingService.processBuild(SharedQueueProcessingService.java:444)
	at de.tum.cit.aet.artemis.buildagent.service.SharedQueueProcessingService.checkAvailabilityAndProcessNextBuild(SharedQueueProcessingService.java:269)
	at de.tum.cit.aet.artemis.buildagent.service.SharedQueueProcessingService.lambda$processBuild$5(SharedQueueProcessingService.java:480)
	at java.base/java.util.concurrent.CompletableFuture.uniExceptionally(CompletableFuture.java:990)
	at java.base/java.util.concurrent.CompletableFuture.uniExceptionallyStage(CompletableFuture.java:1008)
	at java.base/java.util.concurrent.CompletableFuture.exceptionally(CompletableFuture.java:2396)
	at de.tum.cit.aet.artemis.buildagent.service.SharedQueueProcessingService.processBuild(SharedQueueProcessingService.java:444)
	at de.tum.cit.aet.artemis.buildagent.service.SharedQueueProcessingService.checkAvailabilityAndProcessNextBuild(SharedQueueProcessingService.java:269)
	at de.tum.cit.aet.artemis.buildagent.service.SharedQueueProcessingService.lambda$processBuild$5(SharedQueueProcessingService.java:480)
	at java.base/java.util.concurrent.CompletableFuture.uniExceptionally(CompletableFuture.java:990)
	at java.base/java.util.concurrent.CompletableFuture.uniExceptionallyStage(CompletableFuture.java:1008)
	at java.base/java.util.concurrent.CompletableFuture.exceptionally(CompletableFuture.java:2396)
	at de.tum.cit.aet.artemis.buildagent.service.SharedQueueProcessingService.processBuild(SharedQueueProcessingService.java:444)
	at de.tum.cit.aet.artemis.buildagent.service.SharedQueueProcessingService.checkAvailabilityAndProcessNextBuild(SharedQueueProcessingService.java:269)
	at de.tum.cit.aet.artemis.buildagent.service.SharedQueueProcessingService$QueuedBuildJobItemListener.itemAdded(SharedQueueProcessingService.java:594)
	at com.hazelcast.collection.impl.queue.QueueService.lambda$dispatchEvent$1(QueueService.java:277)
	at com.hazelcast.internal.namespace.impl.NoOpUserCodeNamespaceService.runWithNamespace(NoOpUserCodeNamespaceService.java:82)
	at com.hazelcast.internal.namespace.NamespaceUtil.runWithNamespace(NamespaceUtil.java:106)
	at com.hazelcast.collection.impl.queue.QueueService.dispatchEvent(QueueService.java:275)
	at com.hazelcast.collection.impl.queue.QueueService.dispatchEvent(QueueService.java:98)
	at com.hazelcast.spi.impl.eventservice.impl.LocalEventDispatcher.run(LocalEventDispatcher.java:64)
	at com.hazelcast.internal.util.executor.StripedExecutor$Worker.process(StripedExecutor.java:244)
	at com.hazelcast.internal.util.executor.StripedExecutor$Worker.run(StripedExecutor.java:227)
Caused by: java.util.concurrent.ExecutionException: de.tum.cit.aet.artemis.core.exception.LocalCIException: Could not pull Docker image dummy-docker-image
	at java.base/java.util.concurrent.FutureTask.report(FutureTask.java:122)
	at java.base/java.util.concurrent.FutureTask.get(FutureTask.java:205)
	at de.tum.cit.aet.artemis.buildagent.service.BuildJobManagementService.lambda$executeBuildJob$2(BuildJobManagementService.java:165)
	... 85 common frames omitted
Caused by: de.tum.cit.aet.artemis.core.exception.LocalCIException: Could not pull Docker image dummy-docker-image
	at de.tum.cit.aet.artemis.buildagent.service.BuildJobExecutionService.runBuildJob(BuildJobExecutionService.java:157)
	at java.base/jdk.internal.reflect.DirectMethodHandleAccessor.invoke(DirectMethodHandleAccessor.java:103)
	at java.base/java.lang.reflect.Method.invoke(Method.java:580)
	at org.springframework.aop.support.AopUtils.invokeJoinpointUsingReflection(AopUtils.java:359)
	at org.springframework.aop.framework.CglibAopProxy$DynamicAdvisedInterceptor.intercept(CglibAopProxy.java:723)
	at de.tum.cit.aet.artemis.buildagent.service.BuildJobExecutionService$$SpringCGLIB$$0.runBuildJob(<generated>)
	at de.tum.cit.aet.artemis.buildagent.service.BuildJobManagementService.lambda$executeBuildJob$1(BuildJobManagementService.java:129)
	at java.base/java.util.concurrent.FutureTask.run(FutureTask.java:317)
	at java.base/java.util.concurrent.ThreadPoolExecutor.runWorker(ThreadPoolExecutor.java:1144)
	at java.base/java.util.concurrent.ThreadPoolExecutor$Worker.run(ThreadPoolExecutor.java:642)
	at java.base/java.lang.Thread.run(Thread.java:1583)
Caused by: de.tum.cit.aet.artemis.core.exception.LocalCIException: Error while pulling docker image dummy-docker-image
	at de.tum.cit.aet.artemis.buildagent.service.BuildAgentDockerService.pullDockerImage(BuildAgentDockerService.java:258)
	at de.tum.cit.aet.artemis.buildagent.service.BuildJobExecutionService.runBuildJob(BuildJobExecutionService.java:152)
	... 10 common frames omitted
Caused by: com.github.dockerjava.api.exception.NotFoundException: Status 404: {"message":"pull access denied for dummy-docker-image, repository does not exist or may require 'docker login': denied: requested access to the resource is denied"}

	at com.github.dockerjava.core.DefaultInvocationBuilder.execute(DefaultInvocationBuilder.java:241)
	at com.github.dockerjava.core.DefaultInvocationBuilder.lambda$executeAndStream$1(DefaultInvocationBuilder.java:269)
	... 1 common frames omitted
    23:44:55.174 | 566 localvc.event-13 | ERROR | a.a.b.s.SharedQueueProcessingService : Error while processing build job: BuildJobQueueItem[id=17581739576694813, name=SHORT3EDCA5D300D94041B20BB570F0D80AF7BCD8TSTEXC-SOLUTION, buildAgent=BuildAgentDTO[name=artemis-build-agent-test, memberAddress=[127.0.0.1]:5703, displayName=artemis-build-agent-test], participationId=1758, courseId=877, exerciseId=2452, retryCount=0, priority=2, status=null, repositoryInfo=RepositoryInfo[repositoryName=short3edca5d300d94041b20bb570f0d80af7bcd8tstexc-solution, repositoryType=solution, triggeredByPushTo=solution, assignmentRepositoryUri=http://localhost:49152/git/SHORT3EDCA5D300D94041B20BB570F0D80AF7BCD8TSTEXC/short3edca5d300d94041b20bb570f0d80af7bcd8tstexc-solution.git, testRepositoryUri=http://nadnasidni.tum/scm/SHORT3EDCA5D300D94041B20BB570F0D80AF7BCD8TSTEXC/SHORT3EDCA5D300D94041B20BB570F0D80AF7BCD8TSTEXC-tests.git, solutionRepositoryUri=null, auxiliaryRepositoryUris=[Ljava.lang.String;@3b34cda5, auxiliaryRepositoryCheckoutDirectories=[Ljava.lang.String;@1cb15c2e], jobTimingInfo=JobTimingInfo[submissionDate=2025-02-14T23:44:54.813084406Z[Etc/UTC], buildStartDate=2025-02-14T23:44:55.012695357Z[Etc/UTC], buildCompletionDate=null, estimatedCompletionDate=2025-02-14T23:45:14.012689757Z[Etc/UTC], estimatedDuration=19], buildConfig=BuildConfig[buildScript=#!/bin/bash
cd /var/tmp/testing-dir
mvn clean test
, dockerImage=dummy-docker-image, commitHashToBuild=null, assignmentCommitHash=9b3a9bd71a0d80e5bbc42204c319ed3d1d4f0d6d, testCommitHash=9b3a9bd71a0d80e5bbc42204c319ed3d1d4f0d6d, branch=main, programmingLanguage=JAVA, projectType=PLAIN_MAVEN, scaEnabled=false, sequentialTestRunsEnabled=false, resultPaths=[/var/tmp/testing-dir/**/target/surefire-reports/*.xml], timeoutSeconds=0, assignmentCheckoutPath=null, testCheckoutPath=null, solutionCheckoutPath=null, dockerRunConfig=null], submissionResult=null]
java.util.concurrent.CompletionException: java.util.concurrent.ExecutionException: de.tum.cit.aet.artemis.core.exception.LocalCIException: Could not pull Docker image dummy-docker-image
	at de.tum.cit.aet.artemis.buildagent.service.BuildJobManagementService.lambda$executeBuildJob$2(BuildJobManagementService.java:188)
	at de.tum.cit.aet.artemis.buildagent.service.BuildJobManagementService.createCompletableFuture(BuildJobManagementService.java:236)
	at de.tum.cit.aet.artemis.buildagent.service.BuildJobManagementService.executeBuildJob(BuildJobManagementService.java:163)
	at de.tum.cit.aet.artemis.buildagent.service.SharedQueueProcessingService.processBuild(SharedQueueProcessingService.java:413)
	at de.tum.cit.aet.artemis.buildagent.service.SharedQueueProcessingService.checkAvailabilityAndProcessNextBuild(SharedQueueProcessingService.java:269)
	at de.tum.cit.aet.artemis.buildagent.service.SharedQueueProcessingService.lambda$processBuild$5(SharedQueueProcessingService.java:480)
	at java.base/java.util.concurrent.CompletableFuture.uniExceptionally(CompletableFuture.java:990)
	at java.base/java.util.concurrent.CompletableFuture.uniExceptionallyStage(CompletableFuture.java:1008)
	at java.base/java.util.concurrent.CompletableFuture.exceptionally(CompletableFuture.java:2396)
	at de.tum.cit.aet.artemis.buildagent.service.SharedQueueProcessingService.processBuild(SharedQueueProcessingService.java:444)
	at de.tum.cit.aet.artemis.buildagent.service.SharedQueueProcessingService.checkAvailabilityAndProcessNextBuild(SharedQueueProcessingService.java:269)
	at de.tum.cit.aet.artemis.buildagent.service.SharedQueueProcessingService.lambda$processBuild$5(SharedQueueProcessingService.java:480)
	at java.base/java.util.concurrent.CompletableFuture.uniExceptionally(CompletableFuture.java:990)
	at java.base/java.util.concurrent.CompletableFuture.uniExceptionallyStage(CompletableFuture.java:1008)
	at java.base/java.util.concurrent.CompletableFuture.exceptionally(CompletableFuture.java:2396)
	at de.tum.cit.aet.artemis.buildagent.service.SharedQueueProcessingService.processBuild(SharedQueueProcessingService.java:444)
	at de.tum.cit.aet.artemis.buildagent.service.SharedQueueProcessingService.checkAvailabilityAndProcessNextBuild(SharedQueueProcessingService.java:269)
	at de.tum.cit.aet.artemis.buildagent.service.SharedQueueProcessingService.lambda$processBuild$5(SharedQueueProcessingService.java:480)
	at java.base/java.util.concurrent.CompletableFuture.uniExceptionally(CompletableFuture.java:990)
	at java.base/java.util.concurrent.CompletableFuture.uniExceptionallyStage(CompletableFuture.java:1008)
	at java.base/java.util.concurrent.CompletableFuture.exceptionally(CompletableFuture.java:2396)
	at de.tum.cit.aet.artemis.buildagent.service.SharedQueueProcessingService.processBuild(SharedQueueProcessingService.java:444)
	at de.tum.cit.aet.artemis.buildagent.service.SharedQueueProcessingService.checkAvailabilityAndProcessNextBuild(SharedQueueProcessingService.java:269)
	at de.tum.cit.aet.artemis.buildagent.service.SharedQueueProcessingService.lambda$processBuild$5(SharedQueueProcessingService.java:480)
	at java.base/java.util.concurrent.CompletableFuture.uniExceptionally(CompletableFuture.java:990)
	at java.base/java.util.concurrent.CompletableFuture.uniExceptionallyStage(CompletableFuture.java:1008)
	at java.base/java.util.concurrent.CompletableFuture.exceptionally(CompletableFuture.java:2396)
	at de.tum.cit.aet.artemis.buildagent.service.SharedQueueProcessingService.processBuild(SharedQueueProcessingService.java:444)
	at de.tum.cit.aet.artemis.buildagent.service.SharedQueueProcessingService.checkAvailabilityAndProcessNextBuild(SharedQueueProcessingService.java:269)
	at de.tum.cit.aet.artemis.buildagent.service.SharedQueueProcessingService.lambda$processBuild$5(SharedQueueProcessingService.java:480)
	at java.base/java.util.concurrent.CompletableFuture.uniExceptionally(CompletableFuture.java:990)
	at java.base/java.util.concurrent.CompletableFuture.uniExceptionallyStage(CompletableFuture.java:1008)
	at java.base/java.util.concurrent.CompletableFuture.exceptionally(CompletableFuture.java:2396)
	at de.tum.cit.aet.artemis.buildagent.service.SharedQueueProcessingService.processBuild(SharedQueueProcessingService.java:444)
	at de.tum.cit.aet.artemis.buildagent.service.SharedQueueProcessingService.checkAvailabilityAndProcessNextBuild(SharedQueueProcessingService.java:269)
	at de.tum.cit.aet.artemis.buildagent.service.SharedQueueProcessingService.lambda$processBuild$5(SharedQueueProcessingService.java:480)
	at java.base/java.util.concurrent.CompletableFuture.uniExceptionally(CompletableFuture.java:990)
	at java.base/java.util.concurrent.CompletableFuture.uniExceptionallyStage(CompletableFuture.java:1008)
	at java.base/java.util.concurrent.CompletableFuture.exceptionally(CompletableFuture.java:2396)
	at de.tum.cit.aet.artemis.buildagent.service.SharedQueueProcessingService.processBuild(SharedQueueProcessingService.java:444)
	at de.tum.cit.aet.artemis.buildagent.service.SharedQueueProcessingService.checkAvailabilityAndProcessNextBuild(SharedQueueProcessingService.java:269)
	at de.tum.cit.aet.artemis.buildagent.service.SharedQueueProcessingService.lambda$processBuild$5(SharedQueueProcessingService.java:480)
	at java.base/java.util.concurrent.CompletableFuture.uniExceptionally(CompletableFuture.java:990)
	at java.base/java.util.concurrent.CompletableFuture.uniExceptionallyStage(CompletableFuture.java:1008)
	at java.base/java.util.concurrent.CompletableFuture.exceptionally(CompletableFuture.java:2396)
	at de.tum.cit.aet.artemis.buildagent.service.SharedQueueProcessingService.processBuild(SharedQueueProcessingService.java:444)
	at de.tum.cit.aet.artemis.buildagent.service.SharedQueueProcessingService.checkAvailabilityAndProcessNextBuild(SharedQueueProcessingService.java:269)
	at de.tum.cit.aet.artemis.buildagent.service.SharedQueueProcessingService.lambda$processBuild$5(SharedQueueProcessingService.java:480)
	at java.base/java.util.concurrent.CompletableFuture.uniExceptionally(CompletableFuture.java:990)
	at java.base/java.util.concurrent.CompletableFuture.uniExceptionallyStage(CompletableFuture.java:1008)
	at java.base/java.util.concurrent.CompletableFuture.exceptionally(CompletableFuture.java:2396)
	at de.tum.cit.aet.artemis.buildagent.service.SharedQueueProcessingService.processBuild(SharedQueueProcessingService.java:444)
	at de.tum.cit.aet.artemis.buildagent.service.SharedQueueProcessingService.checkAvailabilityAndProcessNextBuild(SharedQueueProcessingService.java:269)
	at de.tum.cit.aet.artemis.buildagent.service.SharedQueueProcessingService.lambda$processBuild$5(SharedQueueProcessingService.java:480)
	at java.base/java.util.concurrent.CompletableFuture.uniExceptionally(CompletableFuture.java:990)
	at java.base/java.util.concurrent.CompletableFuture.uniExceptionallyStage(CompletableFuture.java:1008)
	at java.base/java.util.concurrent.CompletableFuture.exceptionally(CompletableFuture.java:2396)
	at de.tum.cit.aet.artemis.buildagent.service.SharedQueueProcessingService.processBuild(SharedQueueProcessingService.java:444)
	at de.tum.cit.aet.artemis.buildagent.service.SharedQueueProcessingService.checkAvailabilityAndProcessNextBuild(SharedQueueProcessingService.java:269)
	at de.tum.cit.aet.artemis.buildagent.service.SharedQueueProcessingService.lambda$processBuild$5(SharedQueueProcessingService.java:480)
	at java.base/java.util.concurrent.CompletableFuture.uniExceptionally(CompletableFuture.java:990)
	at java.base/java.util.concurrent.CompletableFuture.uniExceptionallyStage(CompletableFuture.java:1008)
	at java.base/java.util.concurrent.CompletableFuture.exceptionally(CompletableFuture.java:2396)
	at de.tum.cit.aet.artemis.buildagent.service.SharedQueueProcessingService.processBuild(SharedQueueProcessingService.java:444)
	at de.tum.cit.aet.artemis.buildagent.service.SharedQueueProcessingService.checkAvailabilityAndProcessNextBuild(SharedQueueProcessingService.java:269)
	at de.tum.cit.aet.artemis.buildagent.service.SharedQueueProcessingService.lambda$processBuild$5(SharedQueueProcessingService.java:480)
	at java.base/java.util.concurrent.CompletableFuture.uniExceptionally(CompletableFuture.java:990)
	at java.base/java.util.concurrent.CompletableFuture.uniExceptionallyStage(CompletableFuture.java:1008)
	at java.base/java.util.concurrent.CompletableFuture.exceptionally(CompletableFuture.java:2396)
	at de.tum.cit.aet.artemis.buildagent.service.SharedQueueProcessingService.processBuild(SharedQueueProcessingService.java:444)
	at de.tum.cit.aet.artemis.buildagent.service.SharedQueueProcessingService.checkAvailabilityAndProcessNextBuild(SharedQueueProcessingService.java:269)
	at de.tum.cit.aet.artemis.buildagent.service.SharedQueueProcessingService.lambda$processBuild$5(SharedQueueProcessingService.java:480)
	at java.base/java.util.concurrent.CompletableFuture.uniExceptionally(CompletableFuture.java:990)
	at java.base/java.util.concurrent.CompletableFuture.uniExceptionallyStage(CompletableFuture.java:1008)
	at java.base/java.util.concurrent.CompletableFuture.exceptionally(CompletableFuture.java:2396)
	at de.tum.cit.aet.artemis.buildagent.service.SharedQueueProcessingService.processBuild(SharedQueueProcessingService.java:444)
	at de.tum.cit.aet.artemis.buildagent.service.SharedQueueProcessingService.checkAvailabilityAndProcessNextBuild(SharedQueueProcessingService.java:269)
	at de.tum.cit.aet.artemis.buildagent.service.SharedQueueProcessingService$QueuedBuildJobItemListener.itemAdded(SharedQueueProcessingService.java:594)
	at com.hazelcast.collection.impl.queue.QueueService.lambda$dispatchEvent$1(QueueService.java:277)
	at com.hazelcast.internal.namespace.impl.NoOpUserCodeNamespaceService.runWithNamespace(NoOpUserCodeNamespaceService.java:82)
	at com.hazelcast.internal.namespace.NamespaceUtil.runWithNamespace(NamespaceUtil.java:106)
	at com.hazelcast.collection.impl.queue.QueueService.dispatchEvent(QueueService.java:275)
	at com.hazelcast.collection.impl.queue.QueueService.dispatchEvent(QueueService.java:98)
	at com.hazelcast.spi.impl.eventservice.impl.LocalEventDispatcher.run(LocalEventDispatcher.java:64)
	at com.hazelcast.internal.util.executor.StripedExecutor$Worker.process(StripedExecutor.java:244)
	at com.hazelcast.internal.util.executor.StripedExecutor$Worker.run(StripedExecutor.java:227)
Caused by: java.util.concurrent.ExecutionException: de.tum.cit.aet.artemis.core.exception.LocalCIException: Could not pull Docker image dummy-docker-image
	at java.base/java.util.concurrent.FutureTask.report(FutureTask.java:122)
	at java.base/java.util.concurrent.FutureTask.get(FutureTask.java:205)
	at de.tum.cit.aet.artemis.buildagent.service.BuildJobManagementService.lambda$executeBuildJob$2(BuildJobManagementService.java:165)
	... 85 common frames omitted
Caused by: de.tum.cit.aet.artemis.core.exception.LocalCIException: Could not pull Docker image dummy-docker-image
	at de.tum.cit.aet.artemis.buildagent.service.BuildJobExecutionService.runBuildJob(BuildJobExecutionService.java:157)
	at java.base/jdk.internal.reflect.DirectMethodHandleAccessor.invoke(DirectMethodHandleAccessor.java:103)
	at java.base/java.lang.reflect.Method.invoke(Method.java:580)
	at org.springframework.aop.support.AopUtils.invokeJoinpointUsingReflection(AopUtils.java:359)
	at org.springframework.aop.framework.CglibAopProxy$DynamicAdvisedInterceptor.intercept(CglibAopProxy.java:723)
	at de.tum.cit.aet.artemis.buildagent.service.BuildJobExecutionService$$SpringCGLIB$$0.runBuildJob(<generated>)
	at de.tum.cit.aet.artemis.buildagent.service.BuildJobManagementService.lambda$executeBuildJob$1(BuildJobManagementService.java:129)
	at java.base/java.util.concurrent.FutureTask.run(FutureTask.java:317)
	at java.base/java.util.concurrent.ThreadPoolExecutor.runWorker(ThreadPoolExecutor.java:1144)
	at java.base/java.util.concurrent.ThreadPoolExecutor$Worker.run(ThreadPoolExecutor.java:642)
	at java.base/java.lang.Thread.run(Thread.java:1583)
Caused by: de.tum.cit.aet.artemis.core.exception.LocalCIException: Error while pulling docker image dummy-docker-image
	at de.tum.cit.aet.artemis.buildagent.service.BuildAgentDockerService.pullDockerImage(BuildAgentDockerService.java:258)
	at de.tum.cit.aet.artemis.buildagent.service.BuildJobExecutionService.runBuildJob(BuildJobExecutionService.java:152)
	... 10 common frames omitted
Caused by: com.github.dockerjava.api.exception.NotFoundException: Status 404: {"message":"pull access denied for dummy-docker-image, repository does not exist or may require 'docker login': denied: requested access to the resource is denied"}

	at com.github.dockerjava.core.DefaultInvocationBuilder.execute(DefaultInvocationBuilder.java:241)
	at com.github.dockerjava.core.DefaultInvocationBuilder.lambda$executeAndStream$1(DefaultInvocationBuilder.java:269)
	... 1 common frames omitted
    23:44:55.175 | 565 localvc.event-12 | DEBUG | a.p.s.l.LocalCIQueueWebsocketService : CIBuildJobQueueItem removed from processing jobs: BuildJobQueueItem[id=17581739576694813, name=SHORT3EDCA5D300D94041B20BB570F0D80AF7BCD8TSTEXC-SOLUTION, buildAgent=BuildAgentDTO[name=artemis-build-agent-test, memberAddress=[127.0.0.1]:5703, displayName=artemis-build-agent-test], participationId=1758, courseId=877, exerciseId=2452, retryCount=0, priority=2, status=null, repositoryInfo=RepositoryInfo[repositoryName=short3edca5d300d94041b20bb570f0d80af7bcd8tstexc-solution, repositoryType=solution, triggeredByPushTo=solution, assignmentRepositoryUri=http://localhost:49152/git/SHORT3EDCA5D300D94041B20BB570F0D80AF7BCD8TSTEXC/short3edca5d300d94041b20bb570f0d80af7bcd8tstexc-solution.git, testRepositoryUri=http://nadnasidni.tum/scm/SHORT3EDCA5D300D94041B20BB570F0D80AF7BCD8TSTEXC/SHORT3EDCA5D300D94041B20BB570F0D80AF7BCD8TSTEXC-tests.git, solutionRepositoryUri=null, auxiliaryRepositoryUris=[Ljava.lang.String;@26e9f07a, auxiliaryRepositoryCheckoutDirectories=[Ljava.lang.String;@d0b8cc5], jobTimingInfo=JobTimingInfo[submissionDate=2025-02-14T23:44:54.813084406Z[Etc/UTC], buildStartDate=2025-02-14T23:44:55.012695357Z[Etc/UTC], buildCompletionDate=null, estimatedCompletionDate=2025-02-14T23:45:14.012689757Z[Etc/UTC], estimatedDuration=19], buildConfig=BuildConfig[buildScript=#!/bin/bash
cd /var/tmp/testing-dir
mvn clean test
, dockerImage=dummy-docker-image, commitHashToBuild=null, assignmentCommitHash=9b3a9bd71a0d80e5bbc42204c319ed3d1d4f0d6d, testCommitHash=9b3a9bd71a0d80e5bbc42204c319ed3d1d4f0d6d, branch=main, programmingLanguage=JAVA, projectType=PLAIN_MAVEN, scaEnabled=false, sequentialTestRunsEnabled=false, resultPaths=[/var/tmp/testing-dir/**/target/surefire-reports/*.xml], timeoutSeconds=0, assignmentCheckoutPath=null, testCheckoutPath=null, solutionCheckoutPath=null, dockerRunConfig=null], submissionResult=null]
    23:44:55.176 | 565 localvc.event-12 | DEBUG | s.l.LocalCIWebsocketMessagingService : Sending message on topic /topic/admin/running-jobs: []
    23:44:55.176 | 565 localvc.event-12 | DEBUG | s.l.LocalCIWebsocketMessagingService : Sending message on topic /topic/courses/877/running-jobs: []
    23:44:55.188 | 566 localvc.event-13 | DEBUG | a.a.b.s.SharedQueueProcessingService : Currently processing jobs on this node: 0, active threads in Pool: 0, maximum pool size of thread executor : 1
    23:44:55.189 | 566 localvc.event-13 | DEBUG | a.a.b.s.SharedQueueProcessingService : Currently processing jobs on this node: 0, active threads in Pool: 0, maximum pool size of thread executor : 1
    23:44:55.202 | 566 localvc.event-13 | INFO  | a.a.b.s.SharedQueueProcessingService : Processing build job: BuildJobQueueItem[id=17591739576694814, name=SHORT3EDCA5D300D94041B20BB570F0D80AF7BCD8TSTEXC-BASE, buildAgent=BuildAgentDTO[name=artemis-build-agent-test, memberAddress=[127.0.0.1]:5703, displayName=artemis-build-agent-test], participationId=1759, courseId=877, exerciseId=2452, retryCount=0, priority=2, status=null, repositoryInfo=RepositoryInfo[repositoryName=short3edca5d300d94041b20bb570f0d80af7bcd8tstexc-exercise, repositoryType=exercise, triggeredByPushTo=exercise, assignmentRepositoryUri=http://localhost:49152/git/SHORT3EDCA5D300D94041B20BB570F0D80AF7BCD8TSTEXC/short3edca5d300d94041b20bb570f0d80af7bcd8tstexc-exercise.git, testRepositoryUri=http://nadnasidni.tum/scm/SHORT3EDCA5D300D94041B20BB570F0D80AF7BCD8TSTEXC/SHORT3EDCA5D300D94041B20BB570F0D80AF7BCD8TSTEXC-tests.git, solutionRepositoryUri=null, auxiliaryRepositoryUris=[Ljava.lang.String;@64b06e8d, auxiliaryRepositoryCheckoutDirectories=[Ljava.lang.String;@123cb2d3], jobTimingInfo=JobTimingInfo[submissionDate=2025-02-14T23:44:54.814974027Z[Etc/UTC], buildStartDate=2025-02-14T23:44:55.192169835Z[Etc/UTC], buildCompletionDate=null, estimatedCompletionDate=2025-02-14T23:45:14.192163012Z[Etc/UTC], estimatedDuration=19], buildConfig=BuildConfig[buildScript=#!/bin/bash
cd /var/tmp/testing-dir
mvn clean test
, dockerImage=dummy-docker-image, commitHashToBuild=null, assignmentCommitHash=9b3a9bd71a0d80e5bbc42204c319ed3d1d4f0d6d, testCommitHash=9b3a9bd71a0d80e5bbc42204c319ed3d1d4f0d6d, branch=main, programmingLanguage=JAVA, projectType=PLAIN_MAVEN, scaEnabled=false, sequentialTestRunsEnabled=false, resultPaths=[/var/tmp/testing-dir/**/target/surefire-reports/*.xml], timeoutSeconds=0, assignmentCheckoutPath=null, testCheckoutPath=null, solutionCheckoutPath=null, dockerRunConfig=null], submissionResult=null]
    23:44:55.355 | 566 localvc.event-13 | ERROR | .c.a.a.b.s.BuildJobManagementService : Error while executing build job 17591739576694814: de.tum.cit.aet.artemis.core.exception.LocalCIException: Could not pull Docker image dummy-docker-image
java.util.concurrent.ExecutionException: de.tum.cit.aet.artemis.core.exception.LocalCIException: Could not pull Docker image dummy-docker-image
	at java.base/java.util.concurrent.FutureTask.report(FutureTask.java:122)
	at java.base/java.util.concurrent.FutureTask.get(FutureTask.java:205)
	at de.tum.cit.aet.artemis.buildagent.service.BuildJobManagementService.lambda$executeBuildJob$2(BuildJobManagementService.java:165)
	at de.tum.cit.aet.artemis.buildagent.service.BuildJobManagementService.createCompletableFuture(BuildJobManagementService.java:236)
	at de.tum.cit.aet.artemis.buildagent.service.BuildJobManagementService.executeBuildJob(BuildJobManagementService.java:163)
	at de.tum.cit.aet.artemis.buildagent.service.SharedQueueProcessingService.processBuild(SharedQueueProcessingService.java:413)
	at de.tum.cit.aet.artemis.buildagent.service.SharedQueueProcessingService.checkAvailabilityAndProcessNextBuild(SharedQueueProcessingService.java:269)
	at de.tum.cit.aet.artemis.buildagent.service.SharedQueueProcessingService.lambda$processBuild$5(SharedQueueProcessingService.java:480)
	at java.base/java.util.concurrent.CompletableFuture.uniExceptionally(CompletableFuture.java:990)
	at java.base/java.util.concurrent.CompletableFuture.uniExceptionallyStage(CompletableFuture.java:1008)
	at java.base/java.util.concurrent.CompletableFuture.exceptionally(CompletableFuture.java:2396)
	at de.tum.cit.aet.artemis.buildagent.service.SharedQueueProcessingService.processBuild(SharedQueueProcessingService.java:444)
	at de.tum.cit.aet.artemis.buildagent.service.SharedQueueProcessingService.checkAvailabilityAndProcessNextBuild(SharedQueueProcessingService.java:269)
	at de.tum.cit.aet.artemis.buildagent.service.SharedQueueProcessingService.lambda$processBuild$5(SharedQueueProcessingService.java:480)
	at java.base/java.util.concurrent.CompletableFuture.uniExceptionally(CompletableFuture.java:990)
	at java.base/java.util.concurrent.CompletableFuture.uniExceptionallyStage(CompletableFuture.java:1008)
	at java.base/java.util.concurrent.CompletableFuture.exceptionally(CompletableFuture.java:2396)
	at de.tum.cit.aet.artemis.buildagent.service.SharedQueueProcessingService.processBuild(SharedQueueProcessingService.java:444)
	at de.tum.cit.aet.artemis.buildagent.service.SharedQueueProcessingService.checkAvailabilityAndProcessNextBuild(SharedQueueProcessingService.java:269)
	at de.tum.cit.aet.artemis.buildagent.service.SharedQueueProcessingService.lambda$processBuild$5(SharedQueueProcessingService.java:480)
	at java.base/java.util.concurrent.CompletableFuture.uniExceptionally(CompletableFuture.java:990)
	at java.base/java.util.concurrent.CompletableFuture.uniExceptionallyStage(CompletableFuture.java:1008)
	at java.base/java.util.concurrent.CompletableFuture.exceptionally(CompletableFuture.java:2396)
	at de.tum.cit.aet.artemis.buildagent.service.SharedQueueProcessingService.processBuild(SharedQueueProcessingService.java:444)
	at de.tum.cit.aet.artemis.buildagent.service.SharedQueueProcessingService.checkAvailabilityAndProcessNextBuild(SharedQueueProcessingService.java:269)
	at de.tum.cit.aet.artemis.buildagent.service.SharedQueueProcessingService.lambda$processBuild$5(SharedQueueProcessingService.java:480)
	at java.base/java.util.concurrent.CompletableFuture.uniExceptionally(CompletableFuture.java:990)
	at java.base/java.util.concurrent.CompletableFuture.uniExceptionallyStage(CompletableFuture.java:1008)
	at java.base/java.util.concurrent.CompletableFuture.exceptionally(CompletableFuture.java:2396)
	at de.tum.cit.aet.artemis.buildagent.service.SharedQueueProcessingService.processBuild(SharedQueueProcessingService.java:444)
	at de.tum.cit.aet.artemis.buildagent.service.SharedQueueProcessingService.checkAvailabilityAndProcessNextBuild(SharedQueueProcessingService.java:269)
	at de.tum.cit.aet.artemis.buildagent.service.SharedQueueProcessingService.lambda$processBuild$5(SharedQueueProcessingService.java:480)
	at java.base/java.util.concurrent.CompletableFuture.uniExceptionally(CompletableFuture.java:990)
	at java.base/java.util.concurrent.CompletableFuture.uniExceptionallyStage(CompletableFuture.java:1008)
	at java.base/java.util.concurrent.CompletableFuture.exceptionally(CompletableFuture.java:2396)
	at de.tum.cit.aet.artemis.buildagent.service.SharedQueueProcessingService.processBuild(SharedQueueProcessingService.java:444)
	at de.tum.cit.aet.artemis.buildagent.service.SharedQueueProcessingService.checkAvailabilityAndProcessNextBuild(SharedQueueProcessingService.java:269)
	at de.tum.cit.aet.artemis.buildagent.service.SharedQueueProcessingService.lambda$processBuild$5(SharedQueueProcessingService.java:480)
	at java.base/java.util.concurrent.CompletableFuture.uniExceptionally(CompletableFuture.java:990)
	at java.base/java.util.concurrent.CompletableFuture.uniExceptionallyStage(CompletableFuture.java:1008)
	at java.base/java.util.concurrent.CompletableFuture.exceptionally(CompletableFuture.java:2396)
	at de.tum.cit.aet.artemis.buildagent.service.SharedQueueProcessingService.processBuild(SharedQueueProcessingService.java:444)
	at de.tum.cit.aet.artemis.buildagent.service.SharedQueueProcessingService.checkAvailabilityAndProcessNextBuild(SharedQueueProcessingService.java:269)
	at de.tum.cit.aet.artemis.buildagent.service.SharedQueueProcessingService.lambda$processBuild$5(SharedQueueProcessingService.java:480)
	at java.base/java.util.concurrent.CompletableFuture.uniExceptionally(CompletableFuture.java:990)
	at java.base/java.util.concurrent.CompletableFuture.uniExceptionallyStage(CompletableFuture.java:1008)
	at java.base/java.util.concurrent.CompletableFuture.exceptionally(CompletableFuture.java:2396)
	at de.tum.cit.aet.artemis.buildagent.service.SharedQueueProcessingService.processBuild(SharedQueueProcessingService.java:444)
	at de.tum.cit.aet.artemis.buildagent.service.SharedQueueProcessingService.checkAvailabilityAndProcessNextBuild(SharedQueueProcessingService.java:269)
	at de.tum.cit.aet.artemis.buildagent.service.SharedQueueProcessingService.lambda$processBuild$5(SharedQueueProcessingService.java:480)
	at java.base/java.util.concurrent.CompletableFuture.uniExceptionally(CompletableFuture.java:990)
	at java.base/java.util.concurrent.CompletableFuture.uniExceptionallyStage(CompletableFuture.java:1008)
	at java.base/java.util.concurrent.CompletableFuture.exceptionally(CompletableFuture.java:2396)
	at de.tum.cit.aet.artemis.buildagent.service.SharedQueueProcessingService.processBuild(SharedQueueProcessingService.java:444)
	at de.tum.cit.aet.artemis.buildagent.service.SharedQueueProcessingService.checkAvailabilityAndProcessNextBuild(SharedQueueProcessingService.java:269)
	at de.tum.cit.aet.artemis.buildagent.service.SharedQueueProcessingService.lambda$processBuild$5(SharedQueueProcessingService.java:480)
	at java.base/java.util.concurrent.CompletableFuture.uniExceptionally(CompletableFuture.java:990)
	at java.base/java.util.concurrent.CompletableFuture.uniExceptionallyStage(CompletableFuture.java:1008)
	at java.base/java.util.concurrent.CompletableFuture.exceptionally(CompletableFuture.java:2396)
	at de.tum.cit.aet.artemis.buildagent.service.SharedQueueProcessingService.processBuild(SharedQueueProcessingService.java:444)
	at de.tum.cit.aet.artemis.buildagent.service.SharedQueueProcessingService.checkAvailabilityAndProcessNextBuild(SharedQueueProcessingService.java:269)
	at de.tum.cit.aet.artemis.buildagent.service.SharedQueueProcessingService.lambda$processBuild$5(SharedQueueProcessingService.java:480)
	at java.base/java.util.concurrent.CompletableFuture.uniExceptionally(CompletableFuture.java:990)
	at java.base/java.util.concurrent.CompletableFuture.uniExceptionallyStage(CompletableFuture.java:1008)
	at java.base/java.util.concurrent.CompletableFuture.exceptionally(CompletableFuture.java:2396)
	at de.tum.cit.aet.artemis.buildagent.service.SharedQueueProcessingService.processBuild(SharedQueueProcessingService.java:444)
	at de.tum.cit.aet.artemis.buildagent.service.SharedQueueProcessingService.checkAvailabilityAndProcessNextBuild(SharedQueueProcessingService.java:269)
	at de.tum.cit.aet.artemis.buildagent.service.SharedQueueProcessingService.lambda$processBuild$5(SharedQueueProcessingService.java:480)
	at java.base/java.util.concurrent.CompletableFuture.uniExceptionally(CompletableFuture.java:990)
	at java.base/java.util.concurrent.CompletableFuture.uniExceptionallyStage(CompletableFuture.java:1008)
	at java.base/java.util.concurrent.CompletableFuture.exceptionally(CompletableFuture.java:2396)
	at de.tum.cit.aet.artemis.buildagent.service.SharedQueueProcessingService.processBuild(SharedQueueProcessingService.java:444)
	at de.tum.cit.aet.artemis.buildagent.service.SharedQueueProcessingService.checkAvailabilityAndProcessNextBuild(SharedQueueProcessingService.java:269)
	at de.tum.cit.aet.artemis.buildagent.service.SharedQueueProcessingService.lambda$processBuild$5(SharedQueueProcessingService.java:480)
	at java.base/java.util.concurrent.CompletableFuture.uniExceptionally(CompletableFuture.java:990)
	at java.base/java.util.concurrent.CompletableFuture.uniExceptionallyStage(CompletableFuture.java:1008)
	at java.base/java.util.concurrent.CompletableFuture.exceptionally(CompletableFuture.java:2396)
	at de.tum.cit.aet.artemis.buildagent.service.SharedQueueProcessingService.processBuild(SharedQueueProcessingService.java:444)
	at de.tum.cit.aet.artemis.buildagent.service.SharedQueueProcessingService.checkAvailabilityAndProcessNextBuild(SharedQueueProcessingService.java:269)
	at de.tum.cit.aet.artemis.buildagent.service.SharedQueueProcessingService.lambda$processBuild$5(SharedQueueProcessingService.java:480)
	at java.base/java.util.concurrent.CompletableFuture.uniExceptionally(CompletableFuture.java:990)
	at java.base/java.util.concurrent.CompletableFuture.uniExceptionallyStage(CompletableFuture.java:1008)
	at java.base/java.util.concurrent.CompletableFuture.exceptionally(CompletableFuture.java:2396)
	at de.tum.cit.aet.artemis.buildagent.service.SharedQueueProcessingService.processBuild(SharedQueueProcessingService.java:444)
	at de.tum.cit.aet.artemis.buildagent.service.SharedQueueProcessingService.checkAvailabilityAndProcessNextBuild(SharedQueueProcessingService.java:269)
	at de.tum.cit.aet.artemis.buildagent.service.SharedQueueProcessingService$QueuedBuildJobItemListener.itemAdded(SharedQueueProcessingService.java:594)
	at com.hazelcast.collection.impl.queue.QueueService.lambda$dispatchEvent$1(QueueService.java:277)
	at com.hazelcast.internal.namespace.impl.NoOpUserCodeNamespaceService.runWithNamespace(NoOpUserCodeNamespaceService.java:82)
	at com.hazelcast.internal.namespace.NamespaceUtil.runWithNamespace(NamespaceUtil.java:106)
	at com.hazelcast.collection.impl.queue.QueueService.dispatchEvent(QueueService.java:275)
	at com.hazelcast.collection.impl.queue.QueueService.dispatchEvent(QueueService.java:98)
	at com.hazelcast.spi.impl.eventservice.impl.LocalEventDispatcher.run(LocalEventDispatcher.java:64)
	at com.hazelcast.internal.util.executor.StripedExecutor$Worker.process(StripedExecutor.java:244)
	at com.hazelcast.internal.util.executor.StripedExecutor$Worker.run(StripedExecutor.java:227)
Caused by: de.tum.cit.aet.artemis.core.exception.LocalCIException: Could not pull Docker image dummy-docker-image
	at de.tum.cit.aet.artemis.buildagent.service.BuildJobExecutionService.runBuildJob(BuildJobExecutionService.java:157)
	at java.base/jdk.internal.reflect.DirectMethodHandleAccessor.invoke(DirectMethodHandleAccessor.java:103)
	at java.base/java.lang.reflect.Method.invoke(Method.java:580)
	at org.springframework.aop.support.AopUtils.invokeJoinpointUsingReflection(AopUtils.java:359)
	at org.springframework.aop.framework.CglibAopProxy$DynamicAdvisedInterceptor.intercept(CglibAopProxy.java:723)
	at de.tum.cit.aet.artemis.buildagent.service.BuildJobExecutionService$$SpringCGLIB$$0.runBuildJob(<generated>)
	at de.tum.cit.aet.artemis.buildagent.service.BuildJobManagementService.lambda$executeBuildJob$1(BuildJobManagementService.java:129)
	at java.base/java.util.concurrent.FutureTask.run(FutureTask.java:317)
	at java.base/java.util.concurrent.ThreadPoolExecutor.runWorker(ThreadPoolExecutor.java:1144)
	at java.base/java.util.concurrent.ThreadPoolExecutor$Worker.run(ThreadPoolExecutor.java:642)
	at java.base/java.lang.Thread.run(Thread.java:1583)
Caused by: de.tum.cit.aet.artemis.core.exception.LocalCIException: Error while pulling docker image dummy-docker-image
	at de.tum.cit.aet.artemis.buildagent.service.BuildAgentDockerService.pullDockerImage(BuildAgentDockerService.java:258)
	at de.tum.cit.aet.artemis.buildagent.service.BuildJobExecutionService.runBuildJob(BuildJobExecutionService.java:152)
	... 10 common frames omitted
Caused by: com.github.dockerjava.api.exception.NotFoundException: Status 404: {"message":"pull access denied for dummy-docker-image, repository does not exist or may require 'docker login': denied: requested access to the resource is denied"}

	at com.github.dockerjava.core.DefaultInvocationBuilder.execute(DefaultInvocationBuilder.java:241)
	at com.github.dockerjava.core.DefaultInvocationBuilder.lambda$executeAndStream$1(DefaultInvocationBuilder.java:269)
	... 1 common frames omitted
    23:44:55.355 | 566 localvc.event-13 | INFO  | .c.a.a.b.s.BuildJobManagementService : Getting ID of running container local-ci-17591739576694814
    23:44:55.356 | 566 localvc.event-13 | INFO  | .c.a.a.b.s.BuildJobManagementService : Stopping unresponsive container with ID null
    23:44:55.356 | 566 localvc.event-13 | DEBUG | a.a.b.s.SharedQueueProcessingService : Build job completed with exception: BuildJobQueueItem[id=17591739576694814, name=SHORT3EDCA5D300D94041B20BB570F0D80AF7BCD8TSTEXC-BASE, buildAgent=BuildAgentDTO[name=artemis-build-agent-test, memberAddress=[127.0.0.1]:5703, displayName=artemis-build-agent-test], participationId=1759, courseId=877, exerciseId=2452, retryCount=0, priority=2, status=null, repositoryInfo=RepositoryInfo[repositoryName=short3edca5d300d94041b20bb570f0d80af7bcd8tstexc-exercise, repositoryType=exercise, triggeredByPushTo=exercise, assignmentRepositoryUri=http://localhost:49152/git/SHORT3EDCA5D300D94041B20BB570F0D80AF7BCD8TSTEXC/short3edca5d300d94041b20bb570f0d80af7bcd8tstexc-exercise.git, testRepositoryUri=http://nadnasidni.tum/scm/SHORT3EDCA5D300D94041B20BB570F0D80AF7BCD8TSTEXC/SHORT3EDCA5D300D94041B20BB570F0D80AF7BCD8TSTEXC-tests.git, solutionRepositoryUri=null, auxiliaryRepositoryUris=[Ljava.lang.String;@64b06e8d, auxiliaryRepositoryCheckoutDirectories=[Ljava.lang.String;@123cb2d3], jobTimingInfo=JobTimingInfo[submissionDate=2025-02-14T23:44:54.814974027Z[Etc/UTC], buildStartDate=2025-02-14T23:44:55.192169835Z[Etc/UTC], buildCompletionDate=null, estimatedCompletionDate=2025-02-14T23:45:14.192163012Z[Etc/UTC], estimatedDuration=19], buildConfig=BuildConfig[buildScript=#!/bin/bash
cd /var/tmp/testing-dir
mvn clean test
, dockerImage=dummy-docker-image, commitHashToBuild=null, assignmentCommitHash=9b3a9bd71a0d80e5bbc42204c319ed3d1d4f0d6d, testCommitHash=9b3a9bd71a0d80e5bbc42204c319ed3d1d4f0d6d, branch=main, programmingLanguage=JAVA, projectType=PLAIN_MAVEN, scaEnabled=false, sequentialTestRunsEnabled=false, resultPaths=[/var/tmp/testing-dir/**/target/surefire-reports/*.xml], timeoutSeconds=0, assignmentCheckoutPath=null, testCheckoutPath=null, solutionCheckoutPath=null, dockerRunConfig=null], submissionResult=null]
java.util.concurrent.CompletionException: java.util.concurrent.ExecutionException: de.tum.cit.aet.artemis.core.exception.LocalCIException: Could not pull Docker image dummy-docker-image
	at de.tum.cit.aet.artemis.buildagent.service.BuildJobManagementService.lambda$executeBuildJob$2(BuildJobManagementService.java:188)
	at de.tum.cit.aet.artemis.buildagent.service.BuildJobManagementService.createCompletableFuture(BuildJobManagementService.java:236)
	at de.tum.cit.aet.artemis.buildagent.service.BuildJobManagementService.executeBuildJob(BuildJobManagementService.java:163)
	at de.tum.cit.aet.artemis.buildagent.service.SharedQueueProcessingService.processBuild(SharedQueueProcessingService.java:413)
	at de.tum.cit.aet.artemis.buildagent.service.SharedQueueProcessingService.checkAvailabilityAndProcessNextBuild(SharedQueueProcessingService.java:269)
	at de.tum.cit.aet.artemis.buildagent.service.SharedQueueProcessingService.lambda$processBuild$5(SharedQueueProcessingService.java:480)
	at java.base/java.util.concurrent.CompletableFuture.uniExceptionally(CompletableFuture.java:990)
	at java.base/java.util.concurrent.CompletableFuture.uniExceptionallyStage(CompletableFuture.java:1008)
	at java.base/java.util.concurrent.CompletableFuture.exceptionally(CompletableFuture.java:2396)
	at de.tum.cit.aet.artemis.buildagent.service.SharedQueueProcessingService.processBuild(SharedQueueProcessingService.java:444)
	at de.tum.cit.aet.artemis.buildagent.service.SharedQueueProcessingService.checkAvailabilityAndProcessNextBuild(SharedQueueProcessingService.java:269)
	at de.tum.cit.aet.artemis.buildagent.service.SharedQueueProcessingService.lambda$processBuild$5(SharedQueueProcessingService.java:480)
	at java.base/java.util.concurrent.CompletableFuture.uniExceptionally(CompletableFuture.java:990)
	at java.base/java.util.concurrent.CompletableFuture.uniExceptionallyStage(CompletableFuture.java:1008)
	at java.base/java.util.concurrent.CompletableFuture.exceptionally(CompletableFuture.java:2396)
	at de.tum.cit.aet.artemis.buildagent.service.SharedQueueProcessingService.processBuild(SharedQueueProcessingService.java:444)
	at de.tum.cit.aet.artemis.buildagent.service.SharedQueueProcessingService.checkAvailabilityAndProcessNextBuild(SharedQueueProcessingService.java:269)
	at de.tum.cit.aet.artemis.buildagent.service.SharedQueueProcessingService.lambda$processBuild$5(SharedQueueProcessingService.java:480)
	at java.base/java.util.concurrent.CompletableFuture.uniExceptionally(CompletableFuture.java:990)
	at java.base/java.util.concurrent.CompletableFuture.uniExceptionallyStage(CompletableFuture.java:1008)
	at java.base/java.util.concurrent.CompletableFuture.exceptionally(CompletableFuture.java:2396)
	at de.tum.cit.aet.artemis.buildagent.service.SharedQueueProcessingService.processBuild(SharedQueueProcessingService.java:444)
	at de.tum.cit.aet.artemis.buildagent.service.SharedQueueProcessingService.checkAvailabilityAndProcessNextBuild(SharedQueueProcessingService.java:269)
	at de.tum.cit.aet.artemis.buildagent.service.SharedQueueProcessingService.lambda$processBuild$5(SharedQueueProcessingService.java:480)
	at java.base/java.util.concurrent.CompletableFuture.uniExceptionally(CompletableFuture.java:990)
	at java.base/java.util.concurrent.CompletableFuture.uniExceptionallyStage(CompletableFuture.java:1008)
	at java.base/java.util.concurrent.CompletableFuture.exceptionally(CompletableFuture.java:2396)
	at de.tum.cit.aet.artemis.buildagent.service.SharedQueueProcessingService.processBuild(SharedQueueProcessingService.java:444)
	at de.tum.cit.aet.artemis.buildagent.service.SharedQueueProcessingService.checkAvailabilityAndProcessNextBuild(SharedQueueProcessingService.java:269)
	at de.tum.cit.aet.artemis.buildagent.service.SharedQueueProcessingService.lambda$processBuild$5(SharedQueueProcessingService.java:480)
	at java.base/java.util.concurrent.CompletableFuture.uniExceptionally(CompletableFuture.java:990)
	at java.base/java.util.concurrent.CompletableFuture.uniExceptionallyStage(CompletableFuture.java:1008)
	at java.base/java.util.concurrent.CompletableFuture.exceptionally(CompletableFuture.java:2396)
	at de.tum.cit.aet.artemis.buildagent.service.SharedQueueProcessingService.processBuild(SharedQueueProcessingService.java:444)
	at de.tum.cit.aet.artemis.buildagent.service.SharedQueueProcessingService.checkAvailabilityAndProcessNextBuild(SharedQueueProcessingService.java:269)
	at de.tum.cit.aet.artemis.buildagent.service.SharedQueueProcessingService.lambda$processBuild$5(SharedQueueProcessingService.java:480)
	at java.base/java.util.concurrent.CompletableFuture.uniExceptionally(CompletableFuture.java:990)
	at java.base/java.util.concurrent.CompletableFuture.uniExceptionallyStage(CompletableFuture.java:1008)
	at java.base/java.util.concurrent.CompletableFuture.exceptionally(CompletableFuture.java:2396)
	at de.tum.cit.aet.artemis.buildagent.service.SharedQueueProcessingService.processBuild(SharedQueueProcessingService.java:444)
	at de.tum.cit.aet.artemis.buildagent.service.SharedQueueProcessingService.checkAvailabilityAndProcessNextBuild(SharedQueueProcessingService.java:269)
	at de.tum.cit.aet.artemis.buildagent.service.SharedQueueProcessingService.lambda$processBuild$5(SharedQueueProcessingService.java:480)
	at java.base/java.util.concurrent.CompletableFuture.uniExceptionally(CompletableFuture.java:990)
	at java.base/java.util.concurrent.CompletableFuture.uniExceptionallyStage(CompletableFuture.java:1008)
	at java.base/java.util.concurrent.CompletableFuture.exceptionally(CompletableFuture.java:2396)
	at de.tum.cit.aet.artemis.buildagent.service.SharedQueueProcessingService.processBuild(SharedQueueProcessingService.java:444)
	at de.tum.cit.aet.artemis.buildagent.service.SharedQueueProcessingService.checkAvailabilityAndProcessNextBuild(SharedQueueProcessingService.java:269)
	at de.tum.cit.aet.artemis.buildagent.service.SharedQueueProcessingService.lambda$processBuild$5(SharedQueueProcessingService.java:480)
	at java.base/java.util.concurrent.CompletableFuture.uniExceptionally(CompletableFuture.java:990)
	at java.base/java.util.concurrent.CompletableFuture.uniExceptionallyStage(CompletableFuture.java:1008)
	at java.base/java.util.concurrent.CompletableFuture.exceptionally(CompletableFuture.java:2396)
	at de.tum.cit.aet.artemis.buildagent.service.SharedQueueProcessingService.processBuild(SharedQueueProcessingService.java:444)
	at de.tum.cit.aet.artemis.buildagent.service.SharedQueueProcessingService.checkAvailabilityAndProcessNextBuild(SharedQueueProcessingService.java:269)
	at de.tum.cit.aet.artemis.buildagent.service.SharedQueueProcessingService.lambda$processBuild$5(SharedQueueProcessingService.java:480)
	at java.base/java.util.concurrent.CompletableFuture.uniExceptionally(CompletableFuture.java:990)
	at java.base/java.util.concurrent.CompletableFuture.uniExceptionallyStage(CompletableFuture.java:1008)
	at java.base/java.util.concurrent.CompletableFuture.exceptionally(CompletableFuture.java:2396)
	at de.tum.cit.aet.artemis.buildagent.service.SharedQueueProcessingService.processBuild(SharedQueueProcessingService.java:444)
	at de.tum.cit.aet.artemis.buildagent.service.SharedQueueProcessingService.checkAvailabilityAndProcessNextBuild(SharedQueueProcessingService.java:269)
	at de.tum.cit.aet.artemis.buildagent.service.SharedQueueProcessingService.lambda$processBuild$5(SharedQueueProcessingService.java:480)
	at java.base/java.util.concurrent.CompletableFuture.uniExceptionally(CompletableFuture.java:990)
	at java.base/java.util.concurrent.CompletableFuture.uniExceptionallyStage(CompletableFuture.java:1008)
	at java.base/java.util.concurrent.CompletableFuture.exceptionally(CompletableFuture.java:2396)
	at de.tum.cit.aet.artemis.buildagent.service.SharedQueueProcessingService.processBuild(SharedQueueProcessingService.java:444)
	at de.tum.cit.aet.artemis.buildagent.service.SharedQueueProcessingService.checkAvailabilityAndProcessNextBuild(SharedQueueProcessingService.java:269)
	at de.tum.cit.aet.artemis.buildagent.service.SharedQueueProcessingService.lambda$processBuild$5(SharedQueueProcessingService.java:480)
	at java.base/java.util.concurrent.CompletableFuture.uniExceptionally(CompletableFuture.java:990)
	at java.base/java.util.concurrent.CompletableFuture.uniExceptionallyStage(CompletableFuture.java:1008)
	at java.base/java.util.concurrent.CompletableFuture.exceptionally(CompletableFuture.java:2396)
	at de.tum.cit.aet.artemis.buildagent.service.SharedQueueProcessingService.processBuild(SharedQueueProcessingService.java:444)
	at de.tum.cit.aet.artemis.buildagent.service.SharedQueueProcessingService.checkAvailabilityAndProcessNextBuild(SharedQueueProcessingService.java:269)
	at de.tum.cit.aet.artemis.buildagent.service.SharedQueueProcessingService.lambda$processBuild$5(SharedQueueProcessingService.java:480)
	at java.base/java.util.concurrent.CompletableFuture.uniExceptionally(CompletableFuture.java:990)
	at java.base/java.util.concurrent.CompletableFuture.uniExceptionallyStage(CompletableFuture.java:1008)
	at java.base/java.util.concurrent.CompletableFuture.exceptionally(CompletableFuture.java:2396)
	at de.tum.cit.aet.artemis.buildagent.service.SharedQueueProcessingService.processBuild(SharedQueueProcessingService.java:444)
	at de.tum.cit.aet.artemis.buildagent.service.SharedQueueProcessingService.checkAvailabilityAndProcessNextBuild(SharedQueueProcessingService.java:269)
	at de.tum.cit.aet.artemis.buildagent.service.SharedQueueProcessingService.lambda$processBuild$5(SharedQueueProcessingService.java:480)
	at java.base/java.util.concurrent.CompletableFuture.uniExceptionally(CompletableFuture.java:990)
	at java.base/java.util.concurrent.CompletableFuture.uniExceptionallyStage(CompletableFuture.java:1008)
	at java.base/java.util.concurrent.CompletableFuture.exceptionally(CompletableFuture.java:2396)
	at de.tum.cit.aet.artemis.buildagent.service.SharedQueueProcessingService.processBuild(SharedQueueProcessingService.java:444)
	at de.tum.cit.aet.artemis.buildagent.service.SharedQueueProcessingService.checkAvailabilityAndProcessNextBuild(SharedQueueProcessingService.java:269)
	at de.tum.cit.aet.artemis.buildagent.service.SharedQueueProcessingService$QueuedBuildJobItemListener.itemAdded(SharedQueueProcessingService.java:594)
	at com.hazelcast.collection.impl.queue.QueueService.lambda$dispatchEvent$1(QueueService.java:277)
	at com.hazelcast.internal.namespace.impl.NoOpUserCodeNamespaceService.runWithNamespace(NoOpUserCodeNamespaceService.java:82)
	at com.hazelcast.internal.namespace.NamespaceUtil.runWithNamespace(NamespaceUtil.java:106)
	at com.hazelcast.collection.impl.queue.QueueService.dispatchEvent(QueueService.java:275)
	at com.hazelcast.collection.impl.queue.QueueService.dispatchEvent(QueueService.java:98)
	at com.hazelcast.spi.impl.eventservice.impl.LocalEventDispatcher.run(LocalEventDispatcher.java:64)
	at com.hazelcast.internal.util.executor.StripedExecutor$Worker.process(StripedExecutor.java:244)
	at com.hazelcast.internal.util.executor.StripedExecutor$Worker.run(StripedExecutor.java:227)
Caused by: java.util.concurrent.ExecutionException: de.tum.cit.aet.artemis.core.exception.LocalCIException: Could not pull Docker image dummy-docker-image
	at java.base/java.util.concurrent.FutureTask.report(FutureTask.java:122)
	at java.base/java.util.concurrent.FutureTask.get(FutureTask.java:205)
	at de.tum.cit.aet.artemis.buildagent.service.BuildJobManagementService.lambda$executeBuildJob$2(BuildJobManagementService.java:165)
	... 91 common frames omitted
Caused by: de.tum.cit.aet.artemis.core.exception.LocalCIException: Could not pull Docker image dummy-docker-image
	at de.tum.cit.aet.artemis.buildagent.service.BuildJobExecutionService.runBuildJob(BuildJobExecutionService.java:157)
	at java.base/jdk.internal.reflect.DirectMethodHandleAccessor.invoke(DirectMethodHandleAccessor.java:103)
	at java.base/java.lang.reflect.Method.invoke(Method.java:580)
	at org.springframework.aop.support.AopUtils.invokeJoinpointUsingReflection(AopUtils.java:359)
	at org.springframework.aop.framework.CglibAopProxy$DynamicAdvisedInterceptor.intercept(CglibAopProxy.java:723)
	at de.tum.cit.aet.artemis.buildagent.service.BuildJobExecutionService$$SpringCGLIB$$0.runBuildJob(<generated>)
	at de.tum.cit.aet.artemis.buildagent.service.BuildJobManagementService.lambda$executeBuildJob$1(BuildJobManagementService.java:129)
	at java.base/java.util.concurrent.FutureTask.run(FutureTask.java:317)
	at java.base/java.util.concurrent.ThreadPoolExecutor.runWorker(ThreadPoolExecutor.java:1144)
	at java.base/java.util.concurrent.ThreadPoolExecutor$Worker.run(ThreadPoolExecutor.java:642)
	at java.base/java.lang.Thread.run(Thread.java:1583)
Caused by: de.tum.cit.aet.artemis.core.exception.LocalCIException: Error while pulling docker image dummy-docker-image
	at de.tum.cit.aet.artemis.buildagent.service.BuildAgentDockerService.pullDockerImage(BuildAgentDockerService.java:258)
	at de.tum.cit.aet.artemis.buildagent.service.BuildJobExecutionService.runBuildJob(BuildJobExecutionService.java:152)
	... 10 common frames omitted
Caused by: com.github.dockerjava.api.exception.NotFoundException: Status 404: {"message":"pull access denied for dummy-docker-image, repository does not exist or may require 'docker login': denied: requested access to the resource is denied"}

	at com.github.dockerjava.core.DefaultInvocationBuilder.execute(DefaultInvocationBuilder.java:241)
	at com.github.dockerjava.core.DefaultInvocationBuilder.lambda$executeAndStream$1(DefaultInvocationBuilder.java:269)
	... 1 common frames omitted
    23:44:55.357 | 566 localvc.event-13 | ERROR | a.a.b.s.SharedQueueProcessingService : Error while processing build job: BuildJobQueueItem[id=17591739576694814, name=SHORT3EDCA5D300D94041B20BB570F0D80AF7BCD8TSTEXC-BASE, buildAgent=BuildAgentDTO[name=artemis-build-agent-test, memberAddress=[127.0.0.1]:5703, displayName=artemis-build-agent-test], participationId=1759, courseId=877, exerciseId=2452, retryCount=0, priority=2, status=null, repositoryInfo=RepositoryInfo[repositoryName=short3edca5d300d94041b20bb570f0d80af7bcd8tstexc-exercise, repositoryType=exercise, triggeredByPushTo=exercise, assignmentRepositoryUri=http://localhost:49152/git/SHORT3EDCA5D300D94041B20BB570F0D80AF7BCD8TSTEXC/short3edca5d300d94041b20bb570f0d80af7bcd8tstexc-exercise.git, testRepositoryUri=http://nadnasidni.tum/scm/SHORT3EDCA5D300D94041B20BB570F0D80AF7BCD8TSTEXC/SHORT3EDCA5D300D94041B20BB570F0D80AF7BCD8TSTEXC-tests.git, solutionRepositoryUri=null, auxiliaryRepositoryUris=[Ljava.lang.String;@64b06e8d, auxiliaryRepositoryCheckoutDirectories=[Ljava.lang.String;@123cb2d3], jobTimingInfo=JobTimingInfo[submissionDate=2025-02-14T23:44:54.814974027Z[Etc/UTC], buildStartDate=2025-02-14T23:44:55.192169835Z[Etc/UTC], buildCompletionDate=null, estimatedCompletionDate=2025-02-14T23:45:14.192163012Z[Etc/UTC], estimatedDuration=19], buildConfig=BuildConfig[buildScript=#!/bin/bash
cd /var/tmp/testing-dir
mvn clean test
, dockerImage=dummy-docker-image, commitHashToBuild=null, assignmentCommitHash=9b3a9bd71a0d80e5bbc42204c319ed3d1d4f0d6d, testCommitHash=9b3a9bd71a0d80e5bbc42204c319ed3d1d4f0d6d, branch=main, programmingLanguage=JAVA, projectType=PLAIN_MAVEN, scaEnabled=false, sequentialTestRunsEnabled=false, resultPaths=[/var/tmp/testing-dir/**/target/surefire-reports/*.xml], timeoutSeconds=0, assignmentCheckoutPath=null, testCheckoutPath=null, solutionCheckoutPath=null, dockerRunConfig=null], submissionResult=null]
java.util.concurrent.CompletionException: java.util.concurrent.ExecutionException: de.tum.cit.aet.artemis.core.exception.LocalCIException: Could not pull Docker image dummy-docker-image
	at de.tum.cit.aet.artemis.buildagent.service.BuildJobManagementService.lambda$executeBuildJob$2(BuildJobManagementService.java:188)
	at de.tum.cit.aet.artemis.buildagent.service.BuildJobManagementService.createCompletableFuture(BuildJobManagementService.java:236)
	at de.tum.cit.aet.artemis.buildagent.service.BuildJobManagementService.executeBuildJob(BuildJobManagementService.java:163)
	at de.tum.cit.aet.artemis.buildagent.service.SharedQueueProcessingService.processBuild(SharedQueueProcessingService.java:413)
	at de.tum.cit.aet.artemis.buildagent.service.SharedQueueProcessingService.checkAvailabilityAndProcessNextBuild(SharedQueueProcessingService.java:269)
	at de.tum.cit.aet.artemis.buildagent.service.SharedQueueProcessingService.lambda$processBuild$5(SharedQueueProcessingService.java:480)
	at java.base/java.util.concurrent.CompletableFuture.uniExceptionally(CompletableFuture.java:990)
	at java.base/java.util.concurrent.CompletableFuture.uniExceptionallyStage(CompletableFuture.java:1008)
	at java.base/java.util.concurrent.CompletableFuture.exceptionally(CompletableFuture.java:2396)
	at de.tum.cit.aet.artemis.buildagent.service.SharedQueueProcessingService.processBuild(SharedQueueProcessingService.java:444)
	at de.tum.cit.aet.artemis.buildagent.service.SharedQueueProcessingService.checkAvailabilityAndProcessNextBuild(SharedQueueProcessingService.java:269)
	at de.tum.cit.aet.artemis.buildagent.service.SharedQueueProcessingService.lambda$processBuild$5(SharedQueueProcessingService.java:480)
	at java.base/java.util.concurrent.CompletableFuture.uniExceptionally(CompletableFuture.java:990)
	at java.base/java.util.concurrent.CompletableFuture.uniExceptionallyStage(CompletableFuture.java:1008)
	at java.base/java.util.concurrent.CompletableFuture.exceptionally(CompletableFuture.java:2396)
	at de.tum.cit.aet.artemis.buildagent.service.SharedQueueProcessingService.processBuild(SharedQueueProcessingService.java:444)
	at de.tum.cit.aet.artemis.buildagent.service.SharedQueueProcessingService.checkAvailabilityAndProcessNextBuild(SharedQueueProcessingService.java:269)
	at de.tum.cit.aet.artemis.buildagent.service.SharedQueueProcessingService.lambda$processBuild$5(SharedQueueProcessingService.java:480)
	at java.base/java.util.concurrent.CompletableFuture.uniExceptionally(CompletableFuture.java:990)
	at java.base/java.util.concurrent.CompletableFuture.uniExceptionallyStage(CompletableFuture.java:1008)
	at java.base/java.util.concurrent.CompletableFuture.exceptionally(CompletableFuture.java:2396)
	at de.tum.cit.aet.artemis.buildagent.service.SharedQueueProcessingService.processBuild(SharedQueueProcessingService.java:444)
	at de.tum.cit.aet.artemis.buildagent.service.SharedQueueProcessingService.checkAvailabilityAndProcessNextBuild(SharedQueueProcessingService.java:269)
	at de.tum.cit.aet.artemis.buildagent.service.SharedQueueProcessingService.lambda$processBuild$5(SharedQueueProcessingService.java:480)
	at java.base/java.util.concurrent.CompletableFuture.uniExceptionally(CompletableFuture.java:990)
	at java.base/java.util.concurrent.CompletableFuture.uniExceptionallyStage(CompletableFuture.java:1008)
	at java.base/java.util.concurrent.CompletableFuture.exceptionally(CompletableFuture.java:2396)
	at de.tum.cit.aet.artemis.buildagent.service.SharedQueueProcessingService.processBuild(SharedQueueProcessingService.java:444)
	at de.tum.cit.aet.artemis.buildagent.service.SharedQueueProcessingService.checkAvailabilityAndProcessNextBuild(SharedQueueProcessingService.java:269)
	at de.tum.cit.aet.artemis.buildagent.service.SharedQueueProcessingService.lambda$processBuild$5(SharedQueueProcessingService.java:480)
	at java.base/java.util.concurrent.CompletableFuture.uniExceptionally(CompletableFuture.java:990)
	at java.base/java.util.concurrent.CompletableFuture.uniExceptionallyStage(CompletableFuture.java:1008)
	at java.base/java.util.concurrent.CompletableFuture.exceptionally(CompletableFuture.java:2396)
	at de.tum.cit.aet.artemis.buildagent.service.SharedQueueProcessingService.processBuild(SharedQueueProcessingService.java:444)
	at de.tum.cit.aet.artemis.buildagent.service.SharedQueueProcessingService.checkAvailabilityAndProcessNextBuild(SharedQueueProcessingService.java:269)
	at de.tum.cit.aet.artemis.buildagent.service.SharedQueueProcessingService.lambda$processBuild$5(SharedQueueProcessingService.java:480)
	at java.base/java.util.concurrent.CompletableFuture.uniExceptionally(CompletableFuture.java:990)
	at java.base/java.util.concurrent.CompletableFuture.uniExceptionallyStage(CompletableFuture.java:1008)
	at java.base/java.util.concurrent.CompletableFuture.exceptionally(CompletableFuture.java:2396)
	at de.tum.cit.aet.artemis.buildagent.service.SharedQueueProcessingService.processBuild(SharedQueueProcessingService.java:444)
	at de.tum.cit.aet.artemis.buildagent.service.SharedQueueProcessingService.checkAvailabilityAndProcessNextBuild(SharedQueueProcessingService.java:269)
	at de.tum.cit.aet.artemis.buildagent.service.SharedQueueProcessingService.lambda$processBuild$5(SharedQueueProcessingService.java:480)
	at java.base/java.util.concurrent.CompletableFuture.uniExceptionally(CompletableFuture.java:990)
	at java.base/java.util.concurrent.CompletableFuture.uniExceptionallyStage(CompletableFuture.java:1008)
	at java.base/java.util.concurrent.CompletableFuture.exceptionally(CompletableFuture.java:2396)
	at de.tum.cit.aet.artemis.buildagent.service.SharedQueueProcessingService.processBuild(SharedQueueProcessingService.java:444)
	at de.tum.cit.aet.artemis.buildagent.service.SharedQueueProcessingService.checkAvailabilityAndProcessNextBuild(SharedQueueProcessingService.java:269)
	at de.tum.cit.aet.artemis.buildagent.service.SharedQueueProcessingService.lambda$processBuild$5(SharedQueueProcessingService.java:480)
	at java.base/java.util.concurrent.CompletableFuture.uniExceptionally(CompletableFuture.java:990)
	at java.base/java.util.concurrent.CompletableFuture.uniExceptionallyStage(CompletableFuture.java:1008)
	at java.base/java.util.concurrent.CompletableFuture.exceptionally(CompletableFuture.java:2396)
	at de.tum.cit.aet.artemis.buildagent.service.SharedQueueProcessingService.processBuild(SharedQueueProcessingService.java:444)
	at de.tum.cit.aet.artemis.buildagent.service.SharedQueueProcessingService.checkAvailabilityAndProcessNextBuild(SharedQueueProcessingService.java:269)
	at de.tum.cit.aet.artemis.buildagent.service.SharedQueueProcessingService.lambda$processBuild$5(SharedQueueProcessingService.java:480)
	at java.base/java.util.concurrent.CompletableFuture.uniExceptionally(CompletableFuture.java:990)
	at java.base/java.util.concurrent.CompletableFuture.uniExceptionallyStage(CompletableFuture.java:1008)
	at java.base/java.util.concurrent.CompletableFuture.exceptionally(CompletableFuture.java:2396)
	at de.tum.cit.aet.artemis.buildagent.service.SharedQueueProcessingService.processBuild(SharedQueueProcessingService.java:444)
	at de.tum.cit.aet.artemis.buildagent.service.SharedQueueProcessingService.checkAvailabilityAndProcessNextBuild(SharedQueueProcessingService.java:269)
	at de.tum.cit.aet.artemis.buildagent.service.SharedQueueProcessingService.lambda$processBuild$5(SharedQueueProcessingService.java:480)
	at java.base/java.util.concurrent.CompletableFuture.uniExceptionally(CompletableFuture.java:990)
	at java.base/java.util.concurrent.CompletableFuture.uniExceptionallyStage(CompletableFuture.java:1008)
	at java.base/java.util.concurrent.CompletableFuture.exceptionally(CompletableFuture.java:2396)
	at de.tum.cit.aet.artemis.buildagent.service.SharedQueueProcessingService.processBuild(SharedQueueProcessingService.java:444)
	at de.tum.cit.aet.artemis.buildagent.service.SharedQueueProcessingService.checkAvailabilityAndProcessNextBuild(SharedQueueProcessingService.java:269)
	at de.tum.cit.aet.artemis.buildagent.service.SharedQueueProcessingService.lambda$processBuild$5(SharedQueueProcessingService.java:480)
	at java.base/java.util.concurrent.CompletableFuture.uniExceptionally(CompletableFuture.java:990)
	at java.base/java.util.concurrent.CompletableFuture.uniExceptionallyStage(CompletableFuture.java:1008)
	at java.base/java.util.concurrent.CompletableFuture.exceptionally(CompletableFuture.java:2396)
	at de.tum.cit.aet.artemis.buildagent.service.SharedQueueProcessingService.processBuild(SharedQueueProcessingService.java:444)
	at de.tum.cit.aet.artemis.buildagent.service.SharedQueueProcessingService.checkAvailabilityAndProcessNextBuild(SharedQueueProcessingService.java:269)
	at de.tum.cit.aet.artemis.buildagent.service.SharedQueueProcessingService.lambda$processBuild$5(SharedQueueProcessingService.java:480)
	at java.base/java.util.concurrent.CompletableFuture.uniExceptionally(CompletableFuture.java:990)
	at java.base/java.util.concurrent.CompletableFuture.uniExceptionallyStage(CompletableFuture.java:1008)
	at java.base/java.util.concurrent.CompletableFuture.exceptionally(CompletableFuture.java:2396)
	at de.tum.cit.aet.artemis.buildagent.service.SharedQueueProcessingService.processBuild(SharedQueueProcessingService.java:444)
	at de.tum.cit.aet.artemis.buildagent.service.SharedQueueProcessingService.checkAvailabilityAndProcessNextBuild(SharedQueueProcessingService.java:269)
	at de.tum.cit.aet.artemis.buildagent.service.SharedQueueProcessingService.lambda$processBuild$5(SharedQueueProcessingService.java:480)
	at java.base/java.util.concurrent.CompletableFuture.uniExceptionally(CompletableFuture.java:990)
	at java.base/java.util.concurrent.CompletableFuture.uniExceptionallyStage(CompletableFuture.java:1008)
	at java.base/java.util.concurrent.CompletableFuture.exceptionally(CompletableFuture.java:2396)
	at de.tum.cit.aet.artemis.buildagent.service.SharedQueueProcessingService.processBuild(SharedQueueProcessingService.java:444)
	at de.tum.cit.aet.artemis.buildagent.service.SharedQueueProcessingService.checkAvailabilityAndProcessNextBuild(SharedQueueProcessingService.java:269)
	at de.tum.cit.aet.artemis.buildagent.service.SharedQueueProcessingService$QueuedBuildJobItemListener.itemAdded(SharedQueueProcessingService.java:594)
	at com.hazelcast.collection.impl.queue.QueueService.lambda$dispatchEvent$1(QueueService.java:277)
	at com.hazelcast.internal.namespace.impl.NoOpUserCodeNamespaceService.runWithNamespace(NoOpUserCodeNamespaceService.java:82)
	at com.hazelcast.internal.namespace.NamespaceUtil.runWithNamespace(NamespaceUtil.java:106)
	at com.hazelcast.collection.impl.queue.QueueService.dispatchEvent(QueueService.java:275)
	at com.hazelcast.collection.impl.queue.QueueService.dispatchEvent(QueueService.java:98)
	at com.hazelcast.spi.impl.eventservice.impl.LocalEventDispatcher.run(LocalEventDispatcher.java:64)
	at com.hazelcast.internal.util.executor.StripedExecutor$Worker.process(StripedExecutor.java:244)
	at com.hazelcast.internal.util.executor.StripedExecutor$Worker.run(StripedExecutor.java:227)
Caused by: java.util.concurrent.ExecutionException: de.tum.cit.aet.artemis.core.exception.LocalCIException: Could not pull Docker image dummy-docker-image
	at java.base/java.util.concurrent.FutureTask.report(FutureTask.java:122)
	at java.base/java.util.concurrent.FutureTask.get(FutureTask.java:205)
	at de.tum.cit.aet.artemis.buildagent.service.BuildJobManagementService.lambda$executeBuildJob$2(BuildJobManagementService.java:165)
	... 91 common frames omitted
Caused by: de.tum.cit.aet.artemis.core.exception.LocalCIException: Could not pull Docker image dummy-docker-image
	at de.tum.cit.aet.artemis.buildagent.service.BuildJobExecutionService.runBuildJob(BuildJobExecutionService.java:157)
	at java.base/jdk.internal.reflect.DirectMethodHandleAccessor.invoke(DirectMethodHandleAccessor.java:103)
	at java.base/java.lang.reflect.Method.invoke(Method.java:580)
	at org.springframework.aop.support.AopUtils.invokeJoinpointUsingReflection(AopUtils.java:359)
	at org.springframework.aop.framework.CglibAopProxy$DynamicAdvisedInterceptor.intercept(CglibAopProxy.java:723)
	at de.tum.cit.aet.artemis.buildagent.service.BuildJobExecutionService$$SpringCGLIB$$0.runBuildJob(<generated>)
	at de.tum.cit.aet.artemis.buildagent.service.BuildJobManagementService.lambda$executeBuildJob$1(BuildJobManagementService.java:129)
	at java.base/java.util.concurrent.FutureTask.run(FutureTask.java:317)
	at java.base/java.util.concurrent.ThreadPoolExecutor.runWorker(ThreadPoolExecutor.java:1144)
	at java.base/java.util.concurrent.ThreadPoolExecutor$Worker.run(ThreadPoolExecutor.java:642)
	at java.base/java.lang.Thread.run(Thread.java:1583)
Caused by: de.tum.cit.aet.artemis.core.exception.LocalCIException: Error while pulling docker image dummy-docker-image
	at de.tum.cit.aet.artemis.buildagent.service.BuildAgentDockerService.pullDockerImage(BuildAgentDockerService.java:258)
	at de.tum.cit.aet.artemis.buildagent.service.BuildJobExecutionService.runBuildJob(BuildJobExecutionService.java:152)
	... 10 common frames omitted
Caused by: com.github.dockerjava.api.exception.NotFoundException: Status 404: {"message":"pull access denied for dummy-docker-image, repository does not exist or may require 'docker login': denied: requested access to the resource is denied"}

	at com.github.dockerjava.core.DefaultInvocationBuilder.execute(DefaultInvocationBuilder.java:241)
	at com.github.dockerjava.core.DefaultInvocationBuilder.lambda$executeAndStream$1(DefaultInvocationBuilder.java:269)
	... 1 common frames omitted
    23:44:55.371 | 566 localvc.event-13 | DEBUG | a.a.b.s.SharedQueueProcessingService : Currently processing jobs on this node: 0, active threads in Pool: 0, maximum pool size of thread executor : 1
    23:44:55.371 | 566 localvc.event-13 | DEBUG | s.l.LocalCIWebsocketMessagingService : Sending message on topic /topic/admin/queued-jobs: []
    23:44:55.372 | 566 localvc.event-13 | DEBUG | s.l.LocalCIWebsocketMessagingService : Sending message on topic /topic/courses/871/queued-jobs: []
    23:44:55.373 | 566 localvc.event-13 | DEBUG | a.a.b.s.SharedQueueProcessingService : CIBuildJobQueueItem added to queue: BuildJobQueueItem[id=17451739576693934, name=SHORT1433D0160BE1D048240B38F04F231AEE650FTSTEXC-BASE, buildAgent=BuildAgentDTO[name=null, memberAddress=null, displayName=null], participationId=1745, courseId=871, exerciseId=2446, retryCount=0, priority=2, status=null, repositoryInfo=RepositoryInfo[repositoryName=short1433d0160be1d048240b38f04f231aee650ftstexc-exercise, repositoryType=exercise, triggeredByPushTo=exercise, assignmentRepositoryUri=http://localhost:49152/git/SHORT1433D0160BE1D048240B38F04F231AEE650FTSTEXC/short1433d0160be1d048240b38f04f231aee650ftstexc-exercise.git, testRepositoryUri=http://nadnasidni.tum/scm/SHORT1433D0160BE1D048240B38F04F231AEE650FTSTEXC/SHORT1433D0160BE1D048240B38F04F231AEE650FTSTEXC-tests.git, solutionRepositoryUri=null, auxiliaryRepositoryUris=[Ljava.lang.String;@7186fcb9, auxiliaryRepositoryCheckoutDirectories=[Ljava.lang.String;@23cb1e74], jobTimingInfo=JobTimingInfo[submissionDate=2025-02-14T23:44:53.934335889Z[Etc/UTC], buildStartDate=null, buildCompletionDate=null, estimatedCompletionDate=null, estimatedDuration=19], buildConfig=BuildConfig[buildScript=#!/bin/bash
cd /var/tmp/testing-dir
mvn clean test
, dockerImage=dummy-docker-image, commitHashToBuild=null, assignmentCommitHash=9b3a9bd71a0d80e5bbc42204c319ed3d1d4f0d6d, testCommitHash=9b3a9bd71a0d80e5bbc42204c319ed3d1d4f0d6d, branch=main, programmingLanguage=JAVA, projectType=PLAIN_MAVEN, scaEnabled=false, sequentialTestRunsEnabled=false, resultPaths=[/var/tmp/testing-dir/**/target/surefire-reports/*.xml], timeoutSeconds=0, assignmentCheckoutPath=null, testCheckoutPath=null, solutionCheckoutPath=null, dockerRunConfig=null], submissionResult=null]
    23:44:55.373 | 566 localvc.event-13 | DEBUG | a.a.b.s.SharedQueueProcessingService : Current queued items: 0
    23:44:55.373 | 566 localvc.event-13 | DEBUG | a.a.b.s.SharedQueueProcessingService : Currently processing jobs on this node: 0, active threads in Pool: 0, maximum pool size of thread executor : 1
    23:44:55.375 | 566 localvc.event-13 | DEBUG | s.l.LocalCIWebsocketMessagingService : Sending message on topic /topic/admin/queued-jobs: []
    23:44:55.375 | 566 localvc.event-13 | DEBUG | s.l.LocalCIWebsocketMessagingService : Sending message on topic /topic/courses/871/queued-jobs: []
    23:44:55.375 | 566 localvc.event-13 | DEBUG | a.a.b.s.SharedQueueProcessingService : CIBuildJobQueueItem removed from queue: BuildJobQueueItem[id=17441739576693929, name=SHORT1433D0160BE1D048240B38F04F231AEE650FTSTEXC-SOLUTION, buildAgent=BuildAgentDTO[name=null, memberAddress=null, displayName=null], participationId=1744, courseId=871, exerciseId=2446, retryCount=0, priority=2, status=null, repositoryInfo=RepositoryInfo[repositoryName=short1433d0160be1d048240b38f04f231aee650ftstexc-solution, repositoryType=solution, triggeredByPushTo=solution, assignmentRepositoryUri=http://localhost:49152/git/SHORT1433D0160BE1D048240B38F04F231AEE650FTSTEXC/short1433d0160be1d048240b38f04f231aee650ftstexc-solution.git, testRepositoryUri=http://nadnasidni.tum/scm/SHORT1433D0160BE1D048240B38F04F231AEE650FTSTEXC/SHORT1433D0160BE1D048240B38F04F231AEE650FTSTEXC-tests.git, solutionRepositoryUri=null, auxiliaryRepositoryUris=[Ljava.lang.String;@4744c9a9, auxiliaryRepositoryCheckoutDirectories=[Ljava.lang.String;@25ee40fb], jobTimingInfo=JobTimingInfo[submissionDate=2025-02-14T23:44:53.929193408Z[Etc/UTC], buildStartDate=null, buildCompletionDate=null, estimatedCompletionDate=null, estimatedDuration=19], buildConfig=BuildConfig[buildScript=#!/bin/bash
cd /var/tmp/testing-dir
mvn clean test
, dockerImage=dummy-docker-image, commitHashToBuild=null, assignmentCommitHash=9b3a9bd71a0d80e5bbc42204c319ed3d1d4f0d6d, testCommitHash=9b3a9bd71a0d80e5bbc42204c319ed3d1d4f0d6d, branch=main, programmingLanguage=JAVA, projectType=PLAIN_MAVEN, scaEnabled=false, sequentialTestRunsEnabled=false, resultPaths=[/var/tmp/testing-dir/**/target/surefire-reports/*.xml], timeoutSeconds=0, assignmentCheckoutPath=null, testCheckoutPath=null, solutionCheckoutPath=null, dockerRunConfig=null], submissionResult=null]
    23:44:55.380 | 566 localvc.event-13 | DEBUG | a.p.s.l.LocalCIQueueWebsocketService : Build agent updated: BuildAgentInformation[buildAgent=BuildAgentDTO[name=artemis-build-agent-test, memberAddress=[127.0.0.1]:5703, displayName=artemis-build-agent-test], maxNumberOfConcurrentBuildJobs=1, numberOfCurrentBuildJobs=1, runningBuildJobs=[BuildJobQueueItem[id=17441739576693929, name=SHORT1433D0160BE1D048240B38F04F231AEE650FTSTEXC-SOLUTION, buildAgent=BuildAgentDTO[name=artemis-build-agent-test, memberAddress=[127.0.0.1]:5703, displayName=artemis-build-agent-test], participationId=1744, courseId=871, exerciseId=2446, retryCount=0, priority=2, status=null, repositoryInfo=RepositoryInfo[repositoryName=short1433d0160be1d048240b38f04f231aee650ftstexc-solution, repositoryType=solution, triggeredByPushTo=solution, assignmentRepositoryUri=http://localhost:49152/git/SHORT1433D0160BE1D048240B38F04F231AEE650FTSTEXC/short1433d0160be1d048240b38f04f231aee650ftstexc-solution.git, testRepositoryUri=http://nadnasidni.tum/scm/SHORT1433D0160BE1D048240B38F04F231AEE650FTSTEXC/SHORT1433D0160BE1D048240B38F04F231AEE650FTSTEXC-tests.git, solutionRepositoryUri=null, auxiliaryRepositoryUris=[Ljava.lang.String;@4f2737ac, auxiliaryRepositoryCheckoutDirectories=[Ljava.lang.String;@4961beeb], jobTimingInfo=JobTimingInfo[submissionDate=2025-02-14T23:44:53.929193408Z[Etc/UTC], buildStartDate=2025-02-14T23:44:53.935912198Z[Etc/UTC], buildCompletionDate=null, estimatedCompletionDate=2025-02-14T23:45:12.935900175Z[Etc/UTC], estimatedDuration=19], buildConfig=BuildConfig[buildScript=#!/bin/bash
cd /var/tmp/testing-dir
mvn clean test
, dockerImage=dummy-docker-image, commitHashToBuild=null, assignmentCommitHash=9b3a9bd71a0d80e5bbc42204c319ed3d1d4f0d6d, testCommitHash=9b3a9bd71a0d80e5bbc42204c319ed3d1d4f0d6d, branch=main, programmingLanguage=JAVA, projectType=PLAIN_MAVEN, scaEnabled=false, sequentialTestRunsEnabled=false, resultPaths=[/var/tmp/testing-dir/**/target/surefire-reports/*.xml], timeoutSeconds=0, assignmentCheckoutPath=null, testCheckoutPath=null, solutionCheckoutPath=null, dockerRunConfig=null], submissionResult=null]], status=ACTIVE, recentBuildJobs=[BuildJobQueueItem[id=4621739576562326, name=SHORT43ACF76B02BC1044B80938509D14043FABDETSTEXC-LOCALCIINTSTUDENT1, buildAgent=BuildAgentDTO[name=artemis-build-agent-test, memberAddress=[127.0.0.1]:5703, displayName=artemis-build-agent-test], participationId=462, courseId=147, exerciseId=298, retryCount=0, priority=2, status=SUCCESSFUL, repositoryInfo=RepositoryInfo[repositoryName=short43acf76b02bc1044b80938509d14043fabdetstexc-localciintstudent1, repositoryType=user, triggeredByPushTo=user, assignmentRepositoryUri=http://localhost:49152/git/SHORT43ACF76B02BC1044B80938509D14043FABDETSTEXC/short43acf76b02bc1044b80938509d14043fabdetstexc-localciintstudent1.git, testRepositoryUri=http://localhost:49152/git/SHORT43ACF76B02BC1044B80938509D14043FABDETSTEXC/short43acf76b02bc1044b80938509d14043fabdetstexc-tests.git, solutionRepositoryUri=null, auxiliaryRepositoryUris=[Ljava.lang.String;@28892fef, auxiliaryRepositoryCheckoutDirectories=[Ljava.lang.String;@7f375b9d], jobTimingInfo=JobTimingInfo[submissionDate=2025-02-14T23:42:42.326978596Z[Etc/UTC], buildStartDate=2025-02-14T23:42:42.420147010Z[Etc/UTC], buildCompletionDate=2025-02-14T23:42:45.573855829Z[Etc/UTC], estimatedCompletionDate=2025-02-14T23:43:01.420129377Z[Etc/UTC], estimatedDuration=19], buildConfig=BuildConfig[buildScript=#!/bin/bash
cd /var/tmp/testing-dir
chmod +x ./gradlew
./gradlew clean test
, dockerImage=dummy-docker-image:latest, commitHashToBuild=a9c717ccf7bcbe9531d3eee21dbaeb5aab2ff971, assignmentCommitHash=a9c717ccf7bcbe9531d3eee21dbaeb5aab2ff971, testCommitHash=a9c717ccf7bcbe9531d3eee21dbaeb5aab2ff971, branch=main, programmingLanguage=JAVA, projectType=PLAIN_GRADLE, scaEnabled=false, sequentialTestRunsEnabled=false, resultPaths=[/var/tmp/testing-dir/**/test-results/test/*.xml], timeoutSeconds=0, assignmentCheckoutPath=null, testCheckoutPath=null, solutionCheckoutPath=null, dockerRunConfig=DockerRunConfig[isNetworkDisabled=true, env=[key=value]]], submissionResult=ResultDTO[id=132, completionDate=2025-02-14T23:42:45.519869118Z[Etc/UTC], successful=false, score=7.7, rated=true, submission=SubmissionDTO[id=119, submitted=true, type=MANUAL, exampleSubmission=null, submissionDate=2025-02-14T23:42:42.302762Z, commitHash=a9c717ccf7bcbe9531d3eee21dbaeb5aab2ff971, buildFailed=false, buildArtifact=false, participation=ParticipationDTO[id=462, testRun=false, type=programming, submissionCount=null, exercise=ParticipationExerciseDTO[id=298, exerciseType=PROGRAMMING, type=programming, assessmentType=AUTOMATIC, dueDate=2025-02-16T23:42:41.553955Z, assessmentDueDate=null, maxPoints=42.0, course=CourseDTO[id=147, accuracyOfScores=1]]], submissionExerciseType=programming, isProcessing=false, buildStartDate=null, estimatedCompletionDate=null], participation=ParticipationDTO[id=462, testRun=false, type=programming, submissionCount=null, exercise=ParticipationExerciseDTO[id=298, exerciseType=PROGRAMMING, type=programming, assessmentType=AUTOMATIC, dueDate=2025-02-16T23:42:41.553955Z, assessmentDueDate=null, maxPoints=42.0, course=CourseDTO[id=147, accuracyOfScores=1]]], feedbacks=[FeedbackDTO[id=67, text=null, detailText=The exercise expects a class with the name Context in the package testpackage. You did not implement the class in the exercise., hasLongFeedbackText=false, reference=null, credits=0.0, positive=false, type=AUTOMATIC, visibility=ALWAYS, testCase=TestCaseDTO[testName=null, id=13]], FeedbackDTO[id=68, text=null, detailText=The exercise expects a class with the name Policy in the package testpackage. You did not implement the class in the exercise., hasLongFeedbackText=false, reference=null, credits=0.0, positive=false, type=AUTOMATIC, visibility=ALWAYS, testCase=TestCaseDTO[testName=null, id=14]], FeedbackDTO[id=69, text=null, detailText=The exercise expects a class with the name SortStrategy in the package testpackage. You did not implement the class in the exercise., hasLongFeedbackText=false, reference=null, credits=0.0, positive=false, type=AUTOMATIC, visibility=ALWAYS, testCase=TestCaseDTO[testName=null, id=15]], FeedbackDTO[id=70, text=null, detailText=The class 'MergeSort' does not implement the interface 'SortStrategy' as expected. Implement the interface and its methods., hasLongFeedbackText=false, reference=null, credits=0.0, positive=false, type=AUTOMATIC, visibility=ALWAYS, testCase=TestCaseDTO[testName=null, id=10]], FeedbackDTO[id=71, text=null, detailText=The exercise expects a class with the name SortStrategy in the package testpackage. You did not implement the class in the exercise., hasLongFeedbackText=false, reference=null, credits=0.0, positive=false, type=AUTOMATIC, visibility=ALWAYS, testCase=TestCaseDTO[testName=null, id=7]], FeedbackDTO[id=72, text=null, detailText=The class 'BubbleSort' does not implement the interface 'SortStrategy' as expected. Implement the interface and its methods., hasLongFeedbackText=false, reference=null, credits=0.0, positive=false, type=AUTOMATIC, visibility=ALWAYS, testCase=TestCaseDTO[testName=null, id=11]], FeedbackDTO[id=73, text=null, detailText=MergeSort does not sort correctly, hasLongFeedbackText=false, reference=null, credits=0.0, positive=false, type=AUTOMATIC, visibility=ALWAYS, testCase=TestCaseDTO[testName=null, id=16]], FeedbackDTO[id=74, text=null, detailText=The class 'Context' was not found within the submission. Make sure to implement it properly., hasLongFeedbackText=false, reference=null, credits=0.0, positive=false, type=AUTOMATIC, visibility=ALWAYS, testCase=TestCaseDTO[testName=null, id=17]], FeedbackDTO[id=75, text=null, detailText=The class 'Context' was not found within the submission. Make sure to implement it properly., hasLongFeedbackText=false, reference=null, credits=0.0, positive=false, type=AUTOMATIC, visibility=ALWAYS, testCase=TestCaseDTO[testName=null, id=18]], FeedbackDTO[id=76, text=null, detailText=The exercise expects a class with the name Policy in the package testpackage. You did not implement the class in the exercise., hasLongFeedbackText=false, reference=null, credits=0.0, positive=false, type=AUTOMATIC, visibility=ALWAYS, testCase=TestCaseDTO[testName=null, id=12]], FeedbackDTO[id=77, text=null, detailText=The exercise expects a class with the name Context in the package testpackage. You did not implement the class in the exercise., hasLongFeedbackText=false, reference=null, credits=0.0, positive=false, type=AUTOMATIC, visibility=ALWAYS, testCase=TestCaseDTO[testName=null, id=8]], FeedbackDTO[id=78, text=null, detailText=The exercise expects a class with the name Policy in the package testpackage. You did not implement the class in the exercise., hasLongFeedbackText=false, reference=null, credits=0.0, positive=false, type=AUTOMATIC, visibility=ALWAYS, testCase=TestCaseDTO[testName=null, id=9]], FeedbackDTO[id=79, text=null, detailText=null, hasLongFeedbackText=false, reference=null, credits=3.230769230769231, positive=true, type=AUTOMATIC, visibility=ALWAYS, testCase=TestCaseDTO[testName=null, id=19]]], assessmentType=AUTOMATIC, hasComplaint=null, exampleResult=null, testCaseCount=13, passedTestCaseCount=1, codeIssueCount=0]], BuildJobQueueItem[id=4651739576569330, name=SHORTB06DD3F905F4604F6E085260D83ED657A6DFTSTEXC-LOCALCIINTSTUDENT1, buildAgent=BuildAgentDTO[name=artemis-build-agent-test, memberAddress=[127.0.0.1]:5703, displayName=artemis-build-agent-test], participationId=465, courseId=148, exerciseId=299, retryCount=0, priority=2, status=SUCCESSFUL, repositoryInfo=RepositoryInfo[repositoryName=shortb06dd3f905f4604f6e085260d83ed657a6dftstexc-localciintstudent1, repositoryType=user, triggeredByPushTo=user, assignmentRepositoryUri=http://localhost:49152/git/SHORTB06DD3F905F4604F6E085260D83ED657A6DFTSTEXC/shortb06dd3f905f4604f6e085260d83ed657a6dftstexc-localciintstudent1.git, testRepositoryUri=http://localhost:49152/git/SHORTB06DD3F905F4604F6E085260D83ED657A6DFTSTEXC/shortb06dd3f905f4604f6e085260d83ed657a6dftstexc-tests.git, solutionRepositoryUri=null, auxiliaryRepositoryUris=[Ljava.lang.String;@9db9980, auxiliaryRepositoryCheckoutDirectories=[Ljava.lang.String;@4d89e8b6], jobTimingInfo=JobTimingInfo[submissionDate=2025-02-14T23:42:49.330093960Z[Etc/UTC], buildStartDate=2025-02-14T23:42:49.347797345Z[Etc/UTC], buildCompletionDate=2025-02-14T23:42:51.204319751Z[Etc/UTC], estimatedCompletionDate=2025-02-14T23:43:08.347788449Z[Etc/UTC], estimatedDuration=19], buildConfig=BuildConfig[buildScript=#!/bin/bash
cd /var/tmp/testing-dir
chmod +x ./gradlew
./gradlew clean test
, dockerImage=dummy-docker-image:latest, commitHashToBuild=41581fff25954d36cf07586926ee0c77d1003131, assignmentCommitHash=41581fff25954d36cf07586926ee0c77d1003131, testCommitHash=41581fff25954d36cf07586926ee0c77d1003131, branch=main, programmingLanguage=JAVA, projectType=PLAIN_GRADLE, scaEnabled=false, sequentialTestRunsEnabled=false, resultPaths=[/var/tmp/testing-dir/**/test-results/test/*.xml], timeoutSeconds=0, assignmentCheckoutPath=null, testCheckoutPath=null, solutionCheckoutPath=null, dockerRunConfig=null], submissionResult=ResultDTO[id=133, completionDate=2025-02-14T23:42:51.155372920Z[Etc/UTC], successful=false, score=7.7, rated=true, submission=SubmissionDTO[id=120, submitted=true, type=MANUAL, exampleSubmission=null, submissionDate=2025-02-14T23:42:49.321855Z, commitHash=41581fff25954d36cf07586926ee0c77d1003131, buildFailed=false, buildArtifact=false, participation=ParticipationDTO[id=465, testRun=false, type=programming, submissionCount=null, exercise=ParticipationExerciseDTO[id=299, exerciseType=PROGRAMMING, type=programming, assessmentType=AUTOMATIC, dueDate=2025-02-16T23:42:49.163661Z, assessmentDueDate=null, maxPoints=42.0, course=CourseDTO[id=148, accuracyOfScores=1]]], submissionExerciseType=programming, isProcessing=false, buildStartDate=null, estimatedCompletionDate=null], participation=ParticipationDTO[id=465, testRun=false, type=programming, submissionCount=null, exercise=ParticipationExerciseDTO[id=299, exerciseType=PROGRAMMING, type=programming, assessmentType=AUTOMATIC, dueDate=2025-02-16T23:42:49.163661Z, assessmentDueDate=null, maxPoints=42.0, course=CourseDTO[id=148, accuracyOfScores=1]]], feedbacks=[FeedbackDTO[id=80, text=null, detailText=The exercise expects a class with the name Context in the package testpackage. You did not implement the class in the exercise., hasLongFeedbackText=false, reference=null, credits=0.0, positive=false, type=AUTOMATIC, visibility=ALWAYS, testCase=TestCaseDTO[testName=null, id=26]], FeedbackDTO[id=81, text=null, detailText=The exercise expects a class with the name Policy in the package testpackage. You did not implement the class in the exercise., hasLongFeedbackText=false, reference=null, credits=0.0, positive=false, type=AUTOMATIC, visibility=ALWAYS, testCase=TestCaseDTO[testName=null, id=27]], FeedbackDTO[id=82, text=null, detailText=The exercise expects a class with the name SortStrategy in the package testpackage. You did not implement the class in the exercise., hasLongFeedbackText=false, reference=null, credits=0.0, positive=false, type=AUTOMATIC, visibility=ALWAYS, testCase=TestCaseDTO[testName=null, id=28]], FeedbackDTO[id=83, text=null, detailText=The class 'MergeSort' does not implement the interface 'SortStrategy' as expected. Implement the interface and its methods., hasLongFeedbackText=false, reference=null, credits=0.0, positive=false, type=AUTOMATIC, visibility=ALWAYS, testCase=TestCaseDTO[testName=null, id=23]], FeedbackDTO[id=84, text=null, detailText=The exercise expects a class with the name SortStrategy in the package testpackage. You did not implement the class in the exercise., hasLongFeedbackText=false, reference=null, credits=0.0, positive=false, type=AUTOMATIC, visibility=ALWAYS, testCase=TestCaseDTO[testName=null, id=20]], FeedbackDTO[id=85, text=null, detailText=The class 'BubbleSort' does not implement the interface 'SortStrategy' as expected. Implement the interface and its methods., hasLongFeedbackText=false, reference=null, credits=0.0, positive=false, type=AUTOMATIC, visibility=ALWAYS, testCase=TestCaseDTO[testName=null, id=24]], FeedbackDTO[id=86, text=null, detailText=MergeSort does not sort correctly, hasLongFeedbackText=false, reference=null, credits=0.0, positive=false, type=AUTOMATIC, visibility=ALWAYS, testCase=TestCaseDTO[testName=null, id=29]], FeedbackDTO[id=87, text=null, detailText=The class 'Context' was not found within the submission. Make sure to implement it properly., hasLongFeedbackText=false, reference=null, credits=0.0, positive=false, type=AUTOMATIC, visibility=ALWAYS, testCase=TestCaseDTO[testName=null, id=30]], FeedbackDTO[id=88, text=null, detailText=The class 'Context' was not found within the submission. Make sure to implement it properly., hasLongFeedbackText=false, reference=null, credits=0.0, positive=false, type=AUTOMATIC, visibility=ALWAYS, testCase=TestCaseDTO[testName=null, id=31]], FeedbackDTO[id=89, text=null, detailText=The exercise expects a class with the name Policy in the package testpackage. You did not implement the class in the exercise., hasLongFeedbackText=false, reference=null, credits=0.0, positive=false, type=AUTOMATIC, visibility=ALWAYS, testCase=TestCaseDTO[testName=null, id=25]], FeedbackDTO[id=90, text=null, detailText=The exercise expects a class with the name Context in the package testpackage. You did not implement the class in the exercise., hasLongFeedbackText=false, reference=null, credits=0.0, positive=false, type=AUTOMATIC, visibility=ALWAYS, testCase=TestCaseDTO[testName=null, id=21]], FeedbackDTO[id=91, text=null, detailText=The exercise expects a class with the name Policy in the package testpackage. You did not implement the class in the exercise., hasLongFeedbackText=false, reference=null, credits=0.0, positive=false, type=AUTOMATIC, visibility=ALWAYS, testCase=TestCaseDTO[testName=null, id=22]], FeedbackDTO[id=92, text=null, detailText=null, hasLongFeedbackText=false, reference=null, credits=3.230769230769231, positive=true, type=AUTOMATIC, visibility=ALWAYS, testCase=TestCaseDTO[testName=null, id=32]]], assessmentType=AUTOMATIC, hasComplaint=null, exampleResult=null, testCaseCount=13, passedTestCaseCount=1, codeIssueCount=0]], BuildJobQueueItem[id=4681739576573068, name=SHORTBCF65534040390488B0A46605F5F3776B89ATSTEXC-LOCALCIINTSTUDENT1, buildAgent=BuildAgentDTO[name=artemis-build-agent-test, memberAddress=[127.0.0.1]:5703, displayName=artemis-build-agent-test], participationId=468, courseId=149, exerciseId=300, retryCount=0, priority=2, status=SUCCESSFUL, repositoryInfo=RepositoryInfo[repositoryName=shortbcf65534040390488b0a46605f5f3776b89atstexc-localciintstudent1, repositoryType=user, triggeredByPushTo=user, assignmentRepositoryUri=http://localhost:49152/git/SHORTBCF65534040390488B0A46605F5F3776B89ATSTEXC/shortbcf65534040390488b0a46605f5f3776b89atstexc-localciintstudent1.git, testRepositoryUri=http://localhost:49152/git/SHORTBCF65534040390488B0A46605F5F3776B89ATSTEXC/shortbcf65534040390488b0a46605f5f3776b89atstexc-tests.git, solutionRepositoryUri=null, auxiliaryRepositoryUris=[Ljava.lang.String;@2c1e50bf, auxiliaryRepositoryCheckoutDirectories=[Ljava.lang.String;@69301d12], jobTimingInfo=JobTimingInfo[submissionDate=2025-02-14T23:42:53.068019209Z[Etc/UTC], buildStartDate=2025-02-14T23:42:53.092867394Z[Etc/UTC], buildCompletionDate=2025-02-14T23:42:55.086950323Z[Etc/UTC], estimatedCompletionDate=2025-02-14T23:43:12.092858828Z[Etc/UTC], estimatedDuration=19], buildConfig=BuildConfig[buildScript=#!/bin/bash
cd /var/tmp/testing-dir
chmod +x ./gradlew
./gradlew clean test
, dockerImage=dummy-docker-image:latest, commitHashToBuild=2d5c0482fc77d3f5ec0841962528a43054e83170, assignmentCommitHash=2d5c0482fc77d3f5ec0841962528a43054e83170, testCommitHash=7477e25d56ce5fee2c938542a7e7ed4ed085d373, branch=main, programmingLanguage=JAVA, projectType=PLAIN_GRADLE, scaEnabled=false, sequentialTestRunsEnabled=false, resultPaths=[/var/tmp/testing-dir/**/test-results/test/*.xml], timeoutSeconds=0, assignmentCheckoutPath=null, testCheckoutPath=null, solutionCheckoutPath=null, dockerRunConfig=null], submissionResult=ResultDTO[id=134, completionDate=2025-02-14T23:42:55.059618627Z[Etc/UTC], successful=false, score=7.7, rated=true, submission=SubmissionDTO[id=121, submitted=true, type=MANUAL, exampleSubmission=null, submissionDate=2025-02-14T23:42:53.048221Z, commitHash=2d5c0482fc77d3f5ec0841962528a43054e83170, buildFailed=false, buildArtifact=false, participation=ParticipationDTO[id=468, testRun=false, type=programming, submissionCount=null, exercise=ParticipationExerciseDTO[id=300, exerciseType=PROGRAMMING, type=programming, assessmentType=AUTOMATIC, dueDate=2025-02-16T23:42:52.873722Z, assessmentDueDate=null, maxPoints=42.0, course=CourseDTO[id=149, accuracyOfScores=1]]], submissionExerciseType=programming, isProcessing=false, buildStartDate=null, estimatedCompletionDate=null], participation=ParticipationDTO[id=468, testRun=false, type=programming, submissionCount=null, exercise=ParticipationExerciseDTO[id=300, exerciseType=PROGRAMMING, type=programming, assessmentType=AUTOMATIC, dueDate=2025-02-16T23:42:52.873722Z, assessmentDueDate=null, maxPoints=42.0, course=CourseDTO[id=149, accuracyOfScores=1]]], feedbacks=[FeedbackDTO[id=93, text=null, detailText=The exercise expects a class with the name Context in the package testpackage. You did not implement the class in the exercise., hasLongFeedbackText=false, reference=null, credits=0.0, positive=false, type=AUTOMATIC, visibility=ALWAYS, testCase=TestCaseDTO[testName=null, id=39]], FeedbackDTO[id=94, text=null, detailText=The exercise expects a class with the name Policy in the package testpackage. You did not implement the class in the exercise., hasLongFeedbackText=false, reference=null, credits=0.0, positive=false, type=AUTOMATIC, visibility=ALWAYS, testCase=TestCaseDTO[testName=null, id=40]], FeedbackDTO[id=95, text=null, detailText=The exercise expects a class with the name SortStrategy in the package testpackage. You did not implement the class in the exercise., hasLongFeedbackText=false, reference=null, credits=0.0, positive=false, type=AUTOMATIC, visibility=ALWAYS, testCase=TestCaseDTO[testName=null, id=41]], FeedbackDTO[id=96, text=null, detailText=The class 'MergeSort' does not implement the interface 'SortStrategy' as expected. Implement the interface and its methods., hasLongFeedbackText=false, reference=null, credits=0.0, positive=false, type=AUTOMATIC, visibility=ALWAYS, testCase=TestCaseDTO[testName=null, id=36]], FeedbackDTO[id=97, text=null, detailText=The exercise expects a class with the name SortStrategy in the package testpackage. You did not implement the class in the exercise., hasLongFeedbackText=false, reference=null, credits=0.0, positive=false, type=AUTOMATIC, visibility=ALWAYS, testCase=TestCaseDTO[testName=null, id=33]], FeedbackDTO[id=98, text=null, detailText=The class 'BubbleSort' does not implement the interface 'SortStrategy' as expected. Implement the interface and its methods., hasLongFeedbackText=false, reference=null, credits=0.0, positive=false, type=AUTOMATIC, visibility=ALWAYS, testCase=TestCaseDTO[testName=null, id=37]], FeedbackDTO[id=99, text=null, detailText=MergeSort does not sort correctly, hasLongFeedbackText=false, reference=null, credits=0.0, positive=false, type=AUTOMATIC, visibility=ALWAYS, testCase=TestCaseDTO[testName=null, id=42]], FeedbackDTO[id=100, text=null, detailText=The class 'Context' was not found within the submission. Make sure to implement it properly., hasLongFeedbackText=false, reference=null, credits=0.0, positive=false, type=AUTOMATIC, visibility=ALWAYS, testCase=TestCaseDTO[testName=null, id=43]], FeedbackDTO[id=101, text=null, detailText=The class 'Context' was not found within the submission. Make sure to implement it properly., hasLongFeedbackText=false, reference=null, credits=0.0, positive=false, type=AUTOMATIC, visibility=ALWAYS, testCase=TestCaseDTO[testName=null, id=44]], FeedbackDTO[id=102, text=null, detailText=The exercise expects a class with the name Policy in the package testpackage. You did not implement the class in the exercise., hasLongFeedbackText=false, reference=null, credits=0.0, positive=false, type=AUTOMATIC, visibility=ALWAYS, testCase=TestCaseDTO[testName=null, id=38]], FeedbackDTO[id=103, text=null, detailText=The exercise expects a class with the name Context in the package testpackage. You did not implement the class in the exercise., hasLongFeedbackText=false, reference=null, credits=0.0, positive=false, type=AUTOMATIC, visibility=ALWAYS, testCase=TestCaseDTO[testName=null, id=34]], FeedbackDTO[id=104, text=null, detailText=The exercise expects a class with the name Policy in the package testpackage. You did not implement the class in the exercise., hasLongFeedbackText=false, reference=null, credits=0.0, positive=false, type=AUTOMATIC, visibility=ALWAYS, testCase=TestCaseDTO[testName=null, id=35]], FeedbackDTO[id=105, text=null, detailText=null, hasLongFeedbackText=false, reference=null, credits=3.230769230769231, positive=true, type=AUTOMATIC, visibility=ALWAYS, testCase=TestCaseDTO[testName=null, id=45]]], assessmentType=AUTOMATIC, hasComplaint=null, exampleResult=null, testCaseCount=13, passedTestCaseCount=1, codeIssueCount=0]], BuildJobQueueItem[id=4741739576577297, name=SHORT88A9A223023E2047B709E4A029FA08BCF2CFTSTEXC-LOCALCIINTSTUDENT1, buildAgent=BuildAgentDTO[name=artemis-build-agent-test, memberAddress=[127.0.0.1]:5703, displayName=artemis-build-agent-test], participationId=474, courseId=151, exerciseId=302, retryCount=0, priority=2, status=SUCCESSFUL, repositoryInfo=RepositoryInfo[repositoryName=short88a9a223023e2047b709e4a029fa08bcf2cftstexc-localciintstudent1, repositoryType=user, triggeredByPushTo=user, assignmentRepositoryUri=http://localhost:49152/git/SHORT88A9A223023E2047B709E4A029FA08BCF2CFTSTEXC/short88a9a223023e2047b709e4a029fa08bcf2cftstexc-localciintstudent1.git, testRepositoryUri=http://localhost:49152/git/SHORT88A9A223023E2047B709E4A029FA08BCF2CFTSTEXC/short88a9a223023e2047b709e4a029fa08bcf2cftstexc-tests.git, solutionRepositoryUri=null, auxiliaryRepositoryUris=[Ljava.lang.String;@3cf29e2d, auxiliaryRepositoryCheckoutDirectories=[Ljava.lang.String;@3ebc1d5d], jobTimingInfo=JobTimingInfo[submissionDate=2025-02-14T23:42:57.297342281Z[Etc/UTC], buildStartDate=2025-02-14T23:42:57.308570327Z[Etc/UTC], buildCompletionDate=2025-02-14T23:42:59.047616654Z[Etc/UTC], estimatedCompletionDate=2025-02-14T23:43:16.308558064Z[Etc/UTC], estimatedDuration=19], buildConfig=BuildConfig[buildScript=#!/bin/bash
cd /var/tmp/testing-dir
chmod +x ./gradlew
./gradlew clean test
, dockerImage=dummy-docker-image:latest, commitHashToBuild=736cbea1e46d6849b41266b2bf1cccd3b9ea55b1, assignmentCommitHash=736cbea1e46d6849b41266b2bf1cccd3b9ea55b1, testCommitHash=ea6267edd396a304305339b036512b63e0374c66, branch=main, programmingLanguage=JAVA, projectType=PLAIN_GRADLE, scaEnabled=false, sequentialTestRunsEnabled=false, resultPaths=[/var/tmp/testing-dir/**/test-results/test/*.xml], timeoutSeconds=0, assignmentCheckoutPath=null, testCheckoutPath=null, solutionCheckoutPath=null, dockerRunConfig=null], submissionResult=ResultDTO[id=135, completionDate=2025-02-14T23:42:59.014168821Z[Etc/UTC], successful=false, score=7.7, rated=true, submission=SubmissionDTO[id=123, submitted=true, type=MANUAL, exampleSubmission=null, submissionDate=2025-02-14T23:42:57.278471Z, commitHash=736cbea1e46d6849b41266b2bf1cccd3b9ea55b1, buildFailed=false, buildArtifact=false, participation=ParticipationDTO[id=474, testRun=false, type=programming, submissionCount=null, exercise=ParticipationExerciseDTO[id=302, exerciseType=PROGRAMMING, type=programming, assessmentType=AUTOMATIC, dueDate=2025-02-16T23:42:56.796251Z, assessmentDueDate=null, maxPoints=42.0, course=CourseDTO[id=151, accuracyOfScores=1]]], submissionExerciseType=programming, isProcessing=false, buildStartDate=null, estimatedCompletionDate=null], participation=ParticipationDTO[id=474, testRun=false, type=programming, submissionCount=null, exercise=ParticipationExerciseDTO[id=302, exerciseType=PROGRAMMING, type=programming, assessmentType=AUTOMATIC, dueDate=2025-02-16T23:42:56.796251Z, assessmentDueDate=null, maxPoints=42.0, course=CourseDTO[id=151, accuracyOfScores=1]]], feedbacks=[FeedbackDTO[id=106, text=null, detailText=The exercise expects a class with the name Context in the package testpackage. You did not implement the class in the exercise., hasLongFeedbackText=false, reference=null, credits=0.0, positive=false, type=AUTOMATIC, visibility=ALWAYS, testCase=TestCaseDTO[testName=null, id=65]], FeedbackDTO[id=107, text=null, detailText=The exercise expects a class with the name Policy in the package testpackage. You did not implement the class in the exercise., hasLongFeedbackText=false, reference=null, credits=0.0, positive=false, type=AUTOMATIC, visibility=ALWAYS, testCase=TestCaseDTO[testName=null, id=66]], FeedbackDTO[id=108, text=null, detailText=The exercise expects a class with the name SortStrategy in the package testpackage. You did not implement the class in the exercise., hasLongFeedbackText=false, reference=null, credits=0.0, positive=false, type=AUTOMATIC, visibility=ALWAYS, testCase=TestCaseDTO[testName=null, id=67]], FeedbackDTO[id=109, text=null, detailText=The class 'MergeSort' does not implement the interface 'SortStrategy' as expected. Implement the interface and its methods., hasLongFeedbackText=false, reference=null, credits=0.0, positive=false, type=AUTOMATIC, visibility=ALWAYS, testCase=TestCaseDTO[testName=null, id=62]], FeedbackDTO[id=110, text=null, detailText=The exercise expects a class with the name SortStrategy in the package testpackage. You did not implement the class in the exercise., hasLongFeedbackText=false, reference=null, credits=0.0, positive=false, type=AUTOMATIC, visibility=ALWAYS, testCase=TestCaseDTO[testName=null, id=59]], FeedbackDTO[id=111, text=null, detailText=The class 'BubbleSort' does not implement the interface 'SortStrategy' as expected. Implement the interface and its methods., hasLongFeedbackText=false, reference=null, credits=0.0, positive=false, type=AUTOMATIC, visibility=ALWAYS, testCase=TestCaseDTO[testName=null, id=63]], FeedbackDTO[id=112, text=null, detailText=MergeSort does not sort correctly, hasLongFeedbackText=false, reference=null, credits=0.0, positive=false, type=AUTOMATIC, visibility=ALWAYS, testCase=TestCaseDTO[testName=null, id=68]], FeedbackDTO[id=113, text=null, detailText=The class 'Context' was not found within the submission. Make sure to implement it properly., hasLongFeedbackText=false, reference=null, credits=0.0, positive=false, type=AUTOMATIC, visibility=ALWAYS, testCase=TestCaseDTO[testName=null, id=69]], FeedbackDTO[id=114, text=null, detailText=The class 'Context' was not found within the submission. Make sure to implement it properly., hasLongFeedbackText=false, reference=null, credits=0.0, positive=false, type=AUTOMATIC, visibility=ALWAYS, testCase=TestCaseDTO[testName=null, id=70]], FeedbackDTO[id=115, text=null, detailText=The exercise expects a class with the name Policy in the package testpackage. You did not implement the class in the exercise., hasLongFeedbackText=false, reference=null, credits=0.0, positive=false, type=AUTOMATIC, visibility=ALWAYS, testCase=TestCaseDTO[testName=null, id=64]], FeedbackDTO[id=116, text=null, detailText=The exercise expects a class with the name Context in the package testpackage. You did not implement the class in the exercise., hasLongFeedbackText=false, reference=null, credits=0.0, positive=false, type=AUTOMATIC, visibility=ALWAYS, testCase=TestCaseDTO[testName=null, id=60]], FeedbackDTO[id=117, text=null, detailText=The exercise expects a class with the name Policy in the package testpackage. You did not implement the class in the exercise., hasLongFeedbackText=false, reference=null, credits=0.0, positive=false, type=AUTOMATIC, visibility=ALWAYS, testCase=TestCaseDTO[testName=null, id=61]], FeedbackDTO[id=118, text=null, detailText=null, hasLongFeedbackText=false, reference=null, credits=3.230769230769231, positive=true, type=AUTOMATIC, visibility=ALWAYS, testCase=TestCaseDTO[testName=null, id=71]]], assessmentType=AUTOMATIC, hasComplaint=null, exampleResult=null, testCaseCount=13, passedTestCaseCount=1, codeIssueCount=0]], BuildJobQueueItem[id=4771739576580898, name=SHORT51E611E30D6B60466F0B8BA0AA97F58888C2TSTEXC-LOCALCIINTSTUDENT1, buildAgent=BuildAgentDTO[name=artemis-build-agent-test, memberAddress=[127.0.0.1]:5703, displayName=artemis-build-agent-test], participationId=477, courseId=152, exerciseId=303, retryCount=0, priority=2, status=SUCCESSFUL, repositoryInfo=RepositoryInfo[repositoryName=short51e611e30d6b60466f0b8ba0aa97f58888c2tstexc-localciintstudent1, repositoryType=user, triggeredByPushTo=user, assignmentRepositoryUri=http://localhost:49152/git/SHORT51E611E30D6B60466F0B8BA0AA97F58888C2TSTEXC/short51e611e30d6b60466f0b8ba0aa97f58888c2tstexc-localciintstudent1.git, testRepositoryUri=http://localhost:49152/git/SHORT51E611E30D6B60466F0B8BA0AA97F58888C2TSTEXC/short51e611e30d6b60466f0b8ba0aa97f58888c2tstexc-tests.git, solutionRepositoryUri=null, auxiliaryRepositoryUris=[Ljava.lang.String;@6079299d, auxiliaryRepositoryCheckoutDirectories=[Ljava.lang.String;@948700d], jobTimingInfo=JobTimingInfo[submissionDate=2025-02-14T23:43:00.898532688Z[Etc/UTC], buildStartDate=2025-02-14T23:43:00.905733056Z[Etc/UTC], buildCompletionDate=2025-02-14T23:43:02.692768910Z[Etc/UTC], estimatedCompletionDate=2025-02-14T23:43:19.905720463Z[Etc/UTC], estimatedDuration=19], buildConfig=BuildConfig[buildScript=#!/bin/bash
cd /var/tmp/testing-dir
chmod +x ./gradlew
./gradlew clean test
, dockerImage=dummy-docker-image:latest, commitHashToBuild=8f3057cbd462f5e3de4e6ba85115f60d8dbb5aea, assignmentCommitHash=8f3057cbd462f5e3de4e6ba85115f60d8dbb5aea, testCommitHash=8f3057cbd462f5e3de4e6ba85115f60d8dbb5aea, branch=main, programmingLanguage=JAVA, projectType=PLAIN_GRADLE, scaEnabled=true, sequentialTestRunsEnabled=false, resultPaths=[/var/tmp/testing-dir/**/test-results/test/*.xml], timeoutSeconds=0, assignmentCheckoutPath=null, testCheckoutPath=null, solutionCheckoutPath=null, dockerRunConfig=null], submissionResult=ResultDTO[id=136, completionDate=2025-02-14T23:43:02.637820510Z[Etc/UTC], successful=false, score=7.7, rated=true, submission=SubmissionDTO[id=124, submitted=true, type=MANUAL, exampleSubmission=null, submissionDate=2025-02-14T23:43:00.886601Z, commitHash=8f3057cbd462f5e3de4e6ba85115f60d8dbb5aea, buildFailed=false, buildArtifact=false, participation=ParticipationDTO[id=477, testRun=false, type=programming, submissionCount=null, exercise=ParticipationExerciseDTO[id=303, exerciseType=PROGRAMMING, type=programming, assessmentType=AUTOMATIC, dueDate=2025-02-16T23:43:00.631824Z, assessmentDueDate=null, maxPoints=42.0, course=CourseDTO[id=152, accuracyOfScores=1]]], submissionExerciseType=programming, isProcessing=false, buildStartDate=null, estimatedCompletionDate=null], participation=ParticipationDTO[id=477, testRun=false, type=programming, submissionCount=null, exercise=ParticipationExerciseDTO[id=303, exerciseType=PROGRAMMING, type=programming, assessmentType=AUTOMATIC, dueDate=2025-02-16T23:43:00.631824Z, assessmentDueDate=null, maxPoints=42.0, course=CourseDTO[id=152, accuracyOfScores=1]]], feedbacks=[FeedbackDTO[id=119, text=null, detailText=The exercise expects a class with the name Context in the package testpackage. You did not implement the class in the exercise., hasLongFeedbackText=false, reference=null, credits=0.0, positive=false, type=AUTOMATIC, visibility=ALWAYS, testCase=TestCaseDTO[testName=null, id=78]], FeedbackDTO[id=120, text=null, detailText=The exercise expects a class with the name Policy in the package testpackage. You did not implement the class in the exercise., hasLongFeedbackText=false, reference=null, credits=0.0, positive=false, type=AUTOMATIC, visibility=ALWAYS, testCase=TestCaseDTO[testName=null, id=79]], FeedbackDTO[id=121, text=null, detailText=The exercise expects a class with the name SortStrategy in the package testpackage. You did not implement the class in the exercise., hasLongFeedbackText=false, reference=null, credits=0.0, positive=false, type=AUTOMATIC, visibility=ALWAYS, testCase=TestCaseDTO[testName=null, id=80]], FeedbackDTO[id=122, text=null, detailText=The class 'MergeSort' does not implement the interface 'SortStrategy' as expected. Implement the interface and its methods., hasLongFeedbackText=false, reference=null, credits=0.0, positive=false, type=AUTOMATIC, visibility=ALWAYS, testCase=TestCaseDTO[testName=null, id=75]], FeedbackDTO[id=123, text=null, detailText=The exercise expects a class with the name SortStrategy in the package testpackage. You did not implement the class in the exercise., hasLongFeedbackText=false, reference=null, credits=0.0, positive=false, type=AUTOMATIC, visibility=ALWAYS, testCase=TestCaseDTO[testName=null, id=72]], FeedbackDTO[id=124, text=null, detailText=The class 'BubbleSort' does not implement the interface 'SortStrategy' as expected. Implement the interface and its methods., hasLongFeedbackText=false, reference=null, credits=0.0, positive=false, type=AUTOMATIC, visibility=ALWAYS, testCase=TestCaseDTO[testName=null, id=76]], FeedbackDTO[id=125, text=null, detailText=MergeSort does not sort correctly, hasLongFeedbackText=false, reference=null, credits=0.0, positive=false, type=AUTOMATIC, visibility=ALWAYS, testCase=TestCaseDTO[testName=null, id=81]], FeedbackDTO[id=126, text=null, detailText=The class 'Context' was not found within the submission. Make sure to implement it properly., hasLongFeedbackText=false, reference=null, credits=0.0, positive=false, type=AUTOMATIC, visibility=ALWAYS, testCase=TestCaseDTO[testName=null, id=82]], FeedbackDTO[id=127, text=null, detailText=The class 'Context' was not found within the submission. Make sure to implement it properly., hasLongFeedbackText=false, reference=null, credits=0.0, positive=false, type=AUTOMATIC, visibility=ALWAYS, testCase=TestCaseDTO[testName=null, id=83]], FeedbackDTO[id=128, text=null, detailText=The exercise expects a class with the name Policy in the package testpackage. You did not implement the class in the exercise., hasLongFeedbackText=false, reference=null, credits=0.0, positive=false, type=AUTOMATIC, visibility=ALWAYS, testCase=TestCaseDTO[testName=null, id=77]], FeedbackDTO[id=129, text=null, detailText=The exercise expects a class with the name Context in the package testpackage. You did not implement the class in the exercise., hasLongFeedbackText=false, reference=null, credits=0.0, positive=false, type=AUTOMATIC, visibility=ALWAYS, testCase=TestCaseDTO[testName=null, id=73]], FeedbackDTO[id=130, text=null, detailText=The exercise expects a class with the name Policy in the package testpackage. You did not implement the class in the exercise., hasLongFeedbackText=false, reference=null, credits=0.0, positive=false, type=AUTOMATIC, visibility=ALWAYS, testCase=TestCaseDTO[testName=null, id=74]], FeedbackDTO[id=131, text=null, detailText=null, hasLongFeedbackText=false, reference=null, credits=3.230769230769231, positive=true, type=AUTOMATIC, visibility=ALWAYS, testCase=TestCaseDTO[testName=null, id=84]], FeedbackDTO[id=132, text=SCAFeedbackIdentifier:Bad Practice, detailText={"filePath":"src/code/Client.java","startLine":6,"endLine":6,"startColumn":1,"endColumn":26,"rule":"UnusedImports","category":"Best Practices","message":"Avoid unused imports such as 'javax.swing.JFrame'","priority":"4"}, hasLongFeedbackText=false, reference=PMD, credits=0.0, positive=false, type=AUTOMATIC, visibility=null, testCase=null], FeedbackDTO[id=133, text=SCAFeedbackIdentifier:Code Style, detailText={"filePath":"src/code/Client.java","startLine":7,"endLine":7,"startColumn":1,"endColumn":19,"rule":"DontImportJavaLang","category":"Code Style","message":"Avoid importing anything from the package java.lang","priority":"4"}, hasLongFeedbackText=false, reference=PMD, credits=0.0, positive=false, type=AUTOMATIC, visibility=null, testCase=null], FeedbackDTO[id=134, text=SCAFeedbackIdentifier:Bad Practice, detailText={"filePath":"src/code/Client.java","startLine":7,"endLine":7,"startColumn":1,"endColumn":19,"rule":"UnusedImports","category":"Best Practices","message":"Avoid unused imports such as 'java.lang'","priority":"4"}, hasLongFeedbackText=false, reference=PMD, credits=0.0, positive=false, type=AUTOMATIC, visibility=null, testCase=null], FeedbackDTO[id=135, text=SCAFeedbackIdentifier:Bad Practice, detailText={"filePath":"src/code/Client.java","startLine":73,"endLine":73,"startColumn":18,"endColumn":27,"rule":"UnusedLocalVariable","category":"Best Practices","message":"Avoid unused local variables such as 'randomDate'.","priority":"3"}, hasLongFeedbackText=false, reference=PMD, credits=0.0, positive=false, type=AUTOMATIC, visibility=null, testCase=null], FeedbackDTO[id=136, text=SCAFeedbackIdentifier:Bad Practice, detailText={"filePath":"src/code/Client.java","startLine":81,"endLine":81,"startColumn":31,"endColumn":53,"rule":"UnusedPrivateMethod","category":"Best Practices","message":"Avoid unused private methods such as 'CreateRandomDatesList()'.","priority":"3"}, hasLongFeedbackText=false, reference=PMD, credits=0.0, positive=false, type=AUTOMATIC, visibility=null, testCase=null], FeedbackDTO[id=137, text=SCAFeedbackIdentifier:Potential Bugs, detailText={"filePath":"src/code/Client.java","startLine":94,"endLine":94,"startColumn":9,"endColumn":9,"rule":"EmptyStatementNotInLoop","category":"Error Prone","message":"An empty statement (semicolon) not part of a loop","priority":"3"}, hasLongFeedbackText=false, reference=PMD, credits=0.0, positive=false, type=AUTOMATIC, visibility=null, testCase=null], FeedbackDTO[id=138, text=SCAFeedbackIdentifier:Potential Bugs, detailText={"filePath":"src/code/Client.java","startLine":94,"endLine":94,"startColumn":10,"endColumn":10,"rule":"EmptyStatementNotInLoop","category":"Error Prone","message":"An empty statement (semicolon) not part of a loop","priority":"3"}, hasLongFeedbackText=false, reference=PMD, credits=0.0, positive=false, type=AUTOMATIC, visibility=null, testCase=null], FeedbackDTO[id=139, text=SCAFeedbackIdentifier:Potential Bugs, detailText={"filePath":"src/code/Client.java","startLine":94,"endLine":94,"startColumn":11,"endColumn":11,"rule":"EmptyStatementNotInLoop","category":"Error Prone","message":"An empty statement (semicolon) not part of a loop","priority":"3"}, hasLongFeedbackText=false, reference=PMD, credits=0.0, positive=false, type=AUTOMATIC, visibility=null, testCase=null], FeedbackDTO[id=140, text=SCAFeedbackIdentifier:Code Style, detailText={"filePath":"src/code/Client.java","startLine":73,"endLine":73,"rule":"DLS_DEAD_LOCAL_STORE","category":"STYLE","message":"Dead store to randomDate in code.Client.createRandomDatesList()","priority":"2"}, hasLongFeedbackText=false, reference=SPOTBUGS, credits=0.0, positive=false, type=AUTOMATIC, visibility=null, testCase=null], FeedbackDTO[id=141, text=SCAFeedbackIdentifier:Bad Practice, detailText={"filePath":"src/code/Client.java","startLine":82,"endLine":95,"rule":"NM_METHOD_NAMING_CONVENTION","category":"BAD_PRACTICE","message":"The method name code.Client.CreateRandomDatesList() doesn't start with a lower case letter","priority":"3"}, hasLongFeedbackText=false, reference=SPOTBUGS, credits=0.0, positive=false, type=AUTOMATIC, visibility=null, testCase=null], FeedbackDTO[id=142, text=SCAFeedbackIdentifier:Performance, detailText={"filePath":"src/code/Client.java","startLine":82,"endLine":95,"rule":"UPM_UNCALLED_PRIVATE_METHOD","category":"PERFORMANCE","message":"Private method code.Client.CreateRandomDatesList() is never called","priority":"2"}, hasLongFeedbackText=false, reference=SPOTBUGS, credits=0.0, positive=false, type=AUTOMATIC, visibility=null, testCase=null], FeedbackDTO[id=143, text=SCAFeedbackIdentifier:Code Style, detailText={"filePath":"src/code/Client.java","startLine":70,"endLine":70,"startColumn":9,"endColumn":9,"rule":"NeedBracesCheck","category":"blocks","message":"'for' construct must use '{}'s.","priority":"error"}, hasLongFeedbackText=false, reference=CHECKSTYLE, credits=0.0, positive=false, type=AUTOMATIC, visibility=null, testCase=null], FeedbackDTO[id=144, text=SCAFeedbackIdentifier:Code Style, detailText={"filePath":"src/code/Client.java","startLine":93,"endLine":93,"startColumn":9,"endColumn":9,"rule":"EmptyStatementCheck","category":"coding","message":"Empty statement.","priority":"error"}, hasLongFeedbackText=false, reference=CHECKSTYLE, credits=0.0, positive=false, type=AUTOMATIC, visibility=null, testCase=null], FeedbackDTO[id=145, text=SCAFeedbackIdentifier:Code Style, detailText={"filePath":"src/code/Client.java","startLine":93,"endLine":93,"startColumn":10,"endColumn":10,"rule":"EmptyStatementCheck","category":"coding","message":"Empty statement.","priority":"error"}, hasLongFeedbackText=false, reference=CHECKSTYLE, credits=0.0, positive=false, type=AUTOMATIC, visibility=null, testCase=null], FeedbackDTO[id=146, text=SCAFeedbackIdentifier:Code Style, detailText={"filePath":"src/code/Client.java","startLine":93,"endLine":93,"startColumn":11,"endColumn":11,"rule":"EmptyStatementCheck","category":"coding","message":"Empty statement.","priority":"error"}, hasLongFeedbackText=false, reference=CHECKSTYLE, credits=0.0, positive=false, type=AUTOMATIC, visibility=null, testCase=null]], assessmentType=AUTOMATIC, hasComplaint=null, exampleResult=null, testCaseCount=13, passedTestCaseCount=1, codeIssueCount=15]], BuildJobQueueItem[id=4821739576584632, name=SHORT433BAC4500363044960B6E10DFA0493471B2TSTEXC-LOCALCIINTSTUDENT1, buildAgent=BuildAgentDTO[name=artemis-build-agent-test, memberAddress=[127.0.0.1]:5703, displayName=artemis-build-agent-test], participationId=482, courseId=154, exerciseId=305, retryCount=0, priority=2, status=SUCCESSFUL, repositoryInfo=RepositoryInfo[repositoryName=short433bac4500363044960b6e10dfa0493471b2tstexc-localciintstudent1, repositoryType=user, triggeredByPushTo=user, assignmentRepositoryUri=http://localhost:49152/git/SHORT433BAC4500363044960B6E10DFA0493471B2TSTEXC/short433bac4500363044960b6e10dfa0493471b2tstexc-localciintstudent1.git, testRepositoryUri=http://localhost:49152/git/SHORT433BAC4500363044960B6E10DFA0493471B2TSTEXC/short433bac4500363044960b6e10dfa0493471b2tstexc-tests.git, solutionRepositoryUri=null, auxiliaryRepositoryUris=[Ljava.lang.String;@216394ff, auxiliaryRepositoryCheckoutDirectories=[Ljava.lang.String;@7feb237b], jobTimingInfo=JobTimingInfo[submissionDate=2025-02-14T23:43:04.632341258Z[Etc/UTC], buildStartDate=2025-02-14T23:43:04.637633457Z[Etc/UTC], buildCompletionDate=2025-02-14T23:43:06.421238953Z[Etc/UTC], estimatedCompletionDate=2025-02-14T23:43:23.637623879Z[Etc/UTC], estimatedDuration=19], buildConfig=BuildConfig[buildScript=#!/bin/bash
cd /var/tmp/testing-dir
chmod +x ./gradlew
./gradlew clean test
, dockerImage=dummy-docker-image:latest, commitHashToBuild=8355c4f3cd5d3e0443707d3310206e460e333c6f, assignmentCommitHash=8355c4f3cd5d3e0443707d3310206e460e333c6f, testCommitHash=8355c4f3cd5d3e0443707d3310206e460e333c6f, branch=main, programmingLanguage=JAVA, projectType=PLAIN_GRADLE, scaEnabled=false, sequentialTestRunsEnabled=false, resultPaths=[/var/tmp/testing-dir/**/test-results/test/*.xml], timeoutSeconds=0, assignmentCheckoutPath=null, testCheckoutPath=null, solutionCheckoutPath=null, dockerRunConfig=null], submissionResult=ResultDTO[id=137, completionDate=2025-02-14T23:43:06.404877412Z[Etc/UTC], successful=false, score=7.7, rated=true, submission=SubmissionDTO[id=125, submitted=true, type=MANUAL, exampleSubmission=null, submissionDate=2025-02-14T23:43:04.623230Z, commitHash=8355c4f3cd5d3e0443707d3310206e460e333c6f, buildFailed=false, buildArtifact=false, participation=ParticipationDTO[id=482, testRun=false, type=programming, submissionCount=null, exercise=ParticipationExerciseDTO[id=305, exerciseType=PROGRAMMING, type=programming, assessmentType=AUTOMATIC, dueDate=2025-02-16T23:43:04.425734Z, assessmentDueDate=null, maxPoints=42.0, course=CourseDTO[id=154, accuracyOfScores=1]]], submissionExerciseType=programming, isProcessing=false, buildStartDate=null, estimatedCompletionDate=null], participation=ParticipationDTO[id=482, testRun=false, type=programming, submissionCount=null, exercise=ParticipationExerciseDTO[id=305, exerciseType=PROGRAMMING, type=programming, assessmentType=AUTOMATIC, dueDate=2025-02-16T23:43:04.425734Z, assessmentDueDate=null, maxPoints=42.0, course=CourseDTO[id=154, accuracyOfScores=1]]], feedbacks=[FeedbackDTO[id=147, text=null, detailText=The exercise expects a class with the name Context in the package testpackage. You did not implement the class in the exercise., hasLongFeedbackText=false, reference=null, credits=0.0, positive=false, type=AUTOMATIC, visibility=ALWAYS, testCase=TestCaseDTO[testName=null, id=104]], FeedbackDTO[id=148, text=null, detailText=The exercise expects a class with the name Policy in the package testpackage. You did not implement the class in the exercise., hasLongFeedbackText=false, reference=null, credits=0.0, positive=false, type=AUTOMATIC, visibility=ALWAYS, testCase=TestCaseDTO[testName=null, id=105]], FeedbackDTO[id=149, text=null, detailText=The exercise expects a class with the name SortStrategy in the package testpackage. You did not implement the class in the exercise., hasLongFeedbackText=false, reference=null, credits=0.0, positive=false, type=AUTOMATIC, visibility=ALWAYS, testCase=TestCaseDTO[testName=null, id=106]], FeedbackDTO[id=150, text=null, detailText=The class 'MergeSort' does not implement the interface 'SortStrategy' as expected. Implement the interface and its methods., hasLongFeedbackText=false, reference=null, credits=0.0, positive=false, type=AUTOMATIC, visibility=ALWAYS, testCase=TestCaseDTO[testName=null, id=101]], FeedbackDTO[id=151, text=null, detailText=The exercise expects a class with the name SortStrategy in the package testpackage. You did not implement the class in the exercise., hasLongFeedbackText=false, reference=null, credits=0.0, positive=false, type=AUTOMATIC, visibility=ALWAYS, testCase=TestCaseDTO[testName=null, id=98]], FeedbackDTO[id=152, text=null, detailText=The class 'BubbleSort' does not implement the interface 'SortStrategy' as expected. Implement the interface and its methods., hasLongFeedbackText=false, reference=null, credits=0.0, positive=false, type=AUTOMATIC, visibility=ALWAYS, testCase=TestCaseDTO[testName=null, id=102]], FeedbackDTO[id=153, text=null, detailText=MergeSort does not sort correctly, hasLongFeedbackText=false, reference=null, credits=0.0, positive=false, type=AUTOMATIC, visibility=ALWAYS, testCase=TestCaseDTO[testName=null, id=107]], FeedbackDTO[id=154, text=null, detailText=The class 'Context' was not found within the submission. Make sure to implement it properly., hasLongFeedbackText=false, reference=null, credits=0.0, positive=false, type=AUTOMATIC, visibility=ALWAYS, testCase=TestCaseDTO[testName=null, id=108]], FeedbackDTO[id=155, text=null, detailText=The class 'Context' was not found within the submission. Make sure to implement it properly., hasLongFeedbackText=false, reference=null, credits=0.0, positive=false, type=AUTOMATIC, visibility=ALWAYS, testCase=TestCaseDTO[testName=null, id=109]], FeedbackDTO[id=156, text=null, detailText=The exercise expects a class with the name Policy in the package testpackage. You did not implement the class in the exercise., hasLongFeedbackText=false, reference=null, credits=0.0, positive=false, type=AUTOMATIC, visibility=ALWAYS, testCase=TestCaseDTO[testName=null, id=103]], FeedbackDTO[id=157, text=null, detailText=The exercise expects a class with the name Context in the package testpackage. You did not implement the class in the exercise., hasLongFeedbackText=false, reference=null, credits=0.0, positive=false, type=AUTOMATIC, visibility=ALWAYS, testCase=TestCaseDTO[testName=null, id=99]], FeedbackDTO[id=158, text=null, detailText=The exercise expects a class with the name Policy in the package testpackage. You did not implement the class in the exercise., hasLongFeedbackText=false, reference=null, credits=0.0, positive=false, type=AUTOMATIC, visibility=ALWAYS, testCase=TestCaseDTO[testName=null, id=100]], FeedbackDTO[id=159, text=null, detailText=null, hasLongFeedbackText=false, reference=null, credits=3.230769230769231, positive=true, type=AUTOMATIC, visibility=ALWAYS, testCase=TestCaseDTO[testName=null, id=110]]], assessmentType=AUTOMATIC, hasComplaint=null, exampleResult=null, testCaseCount=13, passedTestCaseCount=1, codeIssueCount=0]], BuildJobQueueItem[id=4851739576588371, name=SHORT495D587A0856D04A9E08BC60D2E08365FB9ETSTEXC-LOCALCIINTSTUDENT1, buildAgent=BuildAgentDTO[name=artemis-build-agent-test, memberAddress=[127.0.0.1]:5703, displayName=artemis-build-agent-test], participationId=485, courseId=155, exerciseId=306, retryCount=0, priority=2, status=FAILED, repositoryInfo=RepositoryInfo[repositoryName=short495d587a0856d04a9e08bc60d2e08365fb9etstexc-localciintstudent1, repositoryType=user, triggeredByPushTo=user, assignmentRepositoryUri=http://localhost:49152/git/SHORT495D587A0856D04A9E08BC60D2E08365FB9ETSTEXC/short495d587a0856d04a9e08bc60d2e08365fb9etstexc-localciintstudent1.git, testRepositoryUri=http://localhost:49152/git/SHORT495D587A0856D04A9E08BC60D2E08365FB9ETSTEXC/short495d587a0856d04a9e08bc60d2e08365fb9etstexc-tests.git, solutionRepositoryUri=null, auxiliaryRepositoryUris=[Ljava.lang.String;@5677d8da, auxiliaryRepositoryCheckoutDirectories=[Ljava.lang.String;@1c751201], jobTimingInfo=JobTimingInfo[submissionDate=2025-02-14T23:43:08.371015915Z[Etc/UTC], buildStartDate=2025-02-14T23:43:08.374658929Z[Etc/UTC], buildCompletionDate=2025-02-14T23:43:09.341007666Z[Etc/UTC], estimatedCompletionDate=2025-02-14T23:43:27.374650503Z[Etc/UTC], estimatedDuration=19], buildConfig=BuildConfig[buildScript=#!/bin/bash
cd /var/tmp/testing-dir
chmod +x ./gradlew
./gradlew clean test
, dockerImage=dummy-docker-image:latest, commitHashToBuild=ebb8aa4dc3625fe07e975266e18313ad871ce864, assignmentCommitHash=9b3a9bd71a0d80e5bbc42204c319ed3d1d4f0d6d, testCommitHash=9b3a9bd71a0d80e5bbc42204c319ed3d1d4f0d6d, branch=main, programmingLanguage=JAVA, projectType=PLAIN_GRADLE, scaEnabled=false, sequentialTestRunsEnabled=false, resultPaths=[/var/tmp/testing-dir/**/test-results/test/*.xml], timeoutSeconds=0, assignmentCheckoutPath=null, testCheckoutPath=null, solutionCheckoutPath=null, dockerRunConfig=null], submissionResult=ResultDTO[id=138, completionDate=2025-02-14T23:43:09.343306574Z[Etc/UTC], successful=false, score=0.0, rated=true, submission=SubmissionDTO[id=127, submitted=true, type=MANUAL, exampleSubmission=null, submissionDate=2025-02-14T23:43:09.343306574Z[Etc/UTC], commitHash=9b3a9bd71a0d80e5bbc42204c319ed3d1d4f0d6d, buildFailed=true, buildArtifact=false, participation=ParticipationDTO[id=485, testRun=false, type=programming, submissionCount=null, exercise=ParticipationExerciseDTO[id=306, exerciseType=PROGRAMMING, type=programming, assessmentType=AUTOMATIC, dueDate=2025-02-16T23:43:08.185273Z, assessmentDueDate=null, maxPoints=42.0, course=CourseDTO[id=155, accuracyOfScores=1]]], submissionExerciseType=programming, isProcessing=false, buildStartDate=null, estimatedCompletionDate=null], participation=ParticipationDTO[id=485, testRun=false, type=programming, submissionCount=null, exercise=ParticipationExerciseDTO[id=306, exerciseType=PROGRAMMING, type=programming, assessmentType=AUTOMATIC, dueDate=2025-02-16T23:43:08.185273Z, assessmentDueDate=null, maxPoints=42.0, course=CourseDTO[id=155, accuracyOfScores=1]]], feedbacks=[], assessmentType=AUTOMATIC, hasComplaint=null, exampleResult=null, testCaseCount=0, passedTestCaseCount=0, codeIssueCount=0]], BuildJobQueueItem[id=4881739576590204, name=SHORT80B5DD0E0D6B304EBB096E9020B949996A1CTSTEXC-LOCALCIINTSTUDENT1, buildAgent=BuildAgentDTO[name=artemis-build-agent-test, memberAddress=[127.0.0.1]:5703, displayName=artemis-build-agent-test], participationId=488, courseId=156, exerciseId=307, retryCount=0, priority=2, status=SUCCESSFUL, repositoryInfo=RepositoryInfo[repositoryName=short80b5dd0e0d6b304ebb096e9020b949996a1ctstexc-localciintstudent1, repositoryType=user, triggeredByPushTo=user, assignmentRepositoryUri=http://localhost:49152/git/SHORT80B5DD0E0D6B304EBB096E9020B949996A1CTSTEXC/short80b5dd0e0d6b304ebb096e9020b949996a1ctstexc-localciintstudent1.git, testRepositoryUri=http://localhost:49152/git/SHORT80B5DD0E0D6B304EBB096E9020B949996A1CTSTEXC/short80b5dd0e0d6b304ebb096e9020b949996a1ctstexc-tests.git, solutionRepositoryUri=null, auxiliaryRepositoryUris=[Ljava.lang.String;@210cb91c, auxiliaryRepositoryCheckoutDirectories=[Ljava.lang.String;@7daa6bd], jobTimingInfo=JobTimingInfo[submissionDate=2025-02-14T23:43:10.204264160Z[Etc/UTC], buildStartDate=2025-02-14T23:43:10.223149139Z[Etc/UTC], buildCompletionDate=2025-02-14T23:43:12.086509109Z[Etc/UTC], estimatedCompletionDate=2025-02-14T23:43:29.223142246Z[Etc/UTC], estimatedDuration=19], buildConfig=BuildConfig[buildScript=#!/bin/bash
cd /var/tmp/testing-dir
chmod +x ./gradlew
./gradlew clean test
, dockerImage=dummy-docker-image:latest, commitHashToBuild=b806a93102242552beed7c01b08b2769731814b3, assignmentCommitHash=b806a93102242552beed7c01b08b2769731814b3, testCommitHash=b806a93102242552beed7c01b08b2769731814b3, branch=main, programmingLanguage=JAVA, projectType=PLAIN_GRADLE, scaEnabled=false, sequentialTestRunsEnabled=false, resultPaths=[/var/tmp/testing-dir/**/test-results/test/*.xml], timeoutSeconds=0, assignmentCheckoutPath=null, testCheckoutPath=null, solutionCheckoutPath=null, dockerRunConfig=null], submissionResult=ResultDTO[id=139, completionDate=2025-02-14T23:43:12.066436124Z[Etc/UTC], successful=false, score=0.0, rated=true, submission=SubmissionDTO[id=128, submitted=true, type=MANUAL, exampleSubmission=null, submissionDate=2025-02-14T23:43:10.192407Z, commitHash=b806a93102242552beed7c01b08b2769731814b3, buildFailed=true, buildArtifact=false, participation=ParticipationDTO[id=488, testRun=false, type=programming, submissionCount=null, exercise=ParticipationExerciseDTO[id=307, exerciseType=PROGRAMMING, type=programming, assessmentType=AUTOMATIC, dueDate=2025-02-16T23:43:09.986646Z, assessmentDueDate=null, maxPoints=42.0, course=CourseDTO[id=156, accuracyOfScores=1]]], submissionExerciseType=programming, isProcessing=false, buildStartDate=null, estimatedCompletionDate=null], participation=ParticipationDTO[id=488, testRun=false, type=programming, submissionCount=null, exercise=ParticipationExerciseDTO[id=307, exerciseType=PROGRAMMING, type=programming, assessmentType=AUTOMATIC, dueDate=2025-02-16T23:43:09.986646Z, assessmentDueDate=null, maxPoints=42.0, course=CourseDTO[id=156, accuracyOfScores=1]]], feedbacks=[], assessmentType=AUTOMATIC, hasComplaint=null, exampleResult=null, testCaseCount=0, passedTestCaseCount=0, codeIssueCount=0]], BuildJobQueueItem[id=4911739576593817, name=SHORT585B2198089880462509B3007867E72DFB7ATSTEXC-LOCALCIINTSTUDENT1, buildAgent=BuildAgentDTO[name=artemis-build-agent-test, memberAddress=[127.0.0.1]:5703, displayName=artemis-build-agent-test], participationId=491, courseId=157, exerciseId=308, retryCount=0, priority=2, status=SUCCESSFUL, repositoryInfo=RepositoryInfo[repositoryName=short585b2198089880462509b3007867e72dfb7atstexc-localciintstudent1, repositoryType=user, triggeredByPushTo=user, assignmentRepositoryUri=http://localhost:49152/git/SHORT585B2198089880462509B3007867E72DFB7ATSTEXC/short585b2198089880462509b3007867e72dfb7atstexc-localciintstudent1.git, testRepositoryUri=http://localhost:49152/git/SHORT585B2198089880462509B3007867E72DFB7ATSTEXC/short585b2198089880462509b3007867e72dfb7atstexc-tests.git, solutionRepositoryUri=null, auxiliaryRepositoryUris=[Ljava.lang.String;@6f030f94, auxiliaryRepositoryCheckoutDirectories=[Ljava.lang.String;@5b52ed6f], jobTimingInfo=JobTimingInfo[submissionDate=2025-02-14T23:43:13.817124706Z[Etc/UTC], buildStartDate=2025-02-14T23:43:13.834335931Z[Etc/UTC], buildCompletionDate=2025-02-14T23:43:15.746259139Z[Etc/UTC], estimatedCompletionDate=2025-02-14T23:43:32.834326082Z[Etc/UTC], estimatedDuration=19], buildConfig=BuildConfig[buildScript=#!/bin/bash
cd /var/tmp/testing-dir
chmod +x ./gradlew
./gradlew clean test
, dockerImage=dummy-docker-image:latest, commitHashToBuild=42077d078a5d5042fe2d4bd8299a990d342fce6e, assignmentCommitHash=42077d078a5d5042fe2d4bd8299a990d342fce6e, testCommitHash=42077d078a5d5042fe2d4bd8299a990d342fce6e, branch=main, programmingLanguage=JAVA, projectType=PLAIN_GRADLE, scaEnabled=false, sequentialTestRunsEnabled=false, resultPaths=[/var/tmp/testing-dir/**/test-results/test/*.xml], timeoutSeconds=0, assignmentCheckoutPath=null, testCheckoutPath=null, solutionCheckoutPath=null, dockerRunConfig=null], submissionResult=ResultDTO[id=140, completionDate=2025-02-14T23:43:15.725343914Z[Etc/UTC], successful=false, score=0.0, rated=true, submission=SubmissionDTO[id=129, submitted=true, type=MANUAL, exampleSubmission=null, submissionDate=2025-02-14T23:43:13.805401Z, commitHash=42077d078a5d5042fe2d4bd8299a990d342fce6e, buildFailed=false, buildArtifact=false, participation=ParticipationDTO[id=491, testRun=false, type=programming, submissionCount=null, exercise=ParticipationExerciseDTO[id=308, exerciseType=PROGRAMMING, type=programming, assessmentType=AUTOMATIC, dueDate=2025-02-16T23:43:13.569213Z, assessmentDueDate=null, maxPoints=42.0, course=CourseDTO[id=157, accuracyOfScores=1]]], submissionExerciseType=programming, isProcessing=false, buildStartDate=null, estimatedCompletionDate=null], participation=ParticipationDTO[id=491, testRun=false, type=programming, submissionCount=null, exercise=ParticipationExerciseDTO[id=308, exerciseType=PROGRAMMING, type=programming, assessmentType=AUTOMATIC, dueDate=2025-02-16T23:43:13.569213Z, assessmentDueDate=null, maxPoints=42.0, course=CourseDTO[id=157, accuracyOfScores=1]]], feedbacks=[FeedbackDTO[id=160, text=null, detailText=Deine Einreichung enthält keine Ausgabe. (67cac2), hasLongFeedbackText=false, reference=null, credits=0.0, positive=false, type=AUTOMATIC, visibility=ALWAYS, testCase=TestCaseDTO[testName=null, id=146]], FeedbackDTO[id=161, text=null, detailText=test `add` failed on ≥ 1 cases:
(0, 0)
Your submission raised an error Failure("TODO add"), hasLongFeedbackText=false, reference=null, credits=0.0, positive=false, type=AUTOMATIC, visibility=ALWAYS, testCase=TestCaseDTO[testName=null, id=149]], FeedbackDTO[id=162, text=null, detailText=test `filter` failed on ≥ 1 cases:
(even, [1; 2; 3; 4])
Your submission raised an error Failure("TODO filter"), hasLongFeedbackText=false, reference=null, credits=0.0, positive=false, type=AUTOMATIC, visibility=ALWAYS, testCase=TestCaseDTO[testName=null, id=148]], FeedbackDTO[id=163, text=null, detailText=Test was not executed., hasLongFeedbackText=false, reference=null, credits=0.0, positive=null, type=AUTOMATIC, visibility=null, testCase=TestCaseDTO[testName=null, id=137]], FeedbackDTO[id=164, text=null, detailText=Test was not executed., hasLongFeedbackText=false, reference=null, credits=0.0, positive=null, type=AUTOMATIC, visibility=null, testCase=TestCaseDTO[testName=null, id=138]], FeedbackDTO[id=165, text=null, detailText=Test was not executed., hasLongFeedbackText=false, reference=null, credits=0.0, positive=null, type=AUTOMATIC, visibility=null, testCase=TestCaseDTO[testName=null, id=139]], FeedbackDTO[id=166, text=null, detailText=Test was not executed., hasLongFeedbackText=false, reference=null, credits=0.0, positive=null, type=AUTOMATIC, visibility=null, testCase=TestCaseDTO[testName=null, id=140]], FeedbackDTO[id=167, text=null, detailText=Test was not executed., hasLongFeedbackText=false, reference=null, credits=0.0, positive=null, type=AUTOMATIC, visibility=null, testCase=TestCaseDTO[testName=null, id=141]], FeedbackDTO[id=168, text=null, detailText=Test was not executed., hasLongFeedbackText=false, reference=null, credits=0.0, positive=null, type=AUTOMATIC, visibility=null, testCase=TestCaseDTO[testName=null, id=142]], FeedbackDTO[id=169, text=null, detailText=Test was not executed., hasLongFeedbackText=false, reference=null, credits=0.0, positive=null, type=AUTOMATIC, visibility=null, testCase=TestCaseDTO[testName=null, id=143]], FeedbackDTO[id=170, text=null, detailText=Test was not executed., hasLongFeedbackText=false, reference=null, credits=0.0, positive=null, type=AUTOMATIC, visibility=null, testCase=TestCaseDTO[testName=null, id=144]], FeedbackDTO[id=171, text=null, detailText=Test was not executed., hasLongFeedbackText=false, reference=null, credits=0.0, positive=null, type=AUTOMATIC, visibility=null, testCase=TestCaseDTO[testName=null, id=145]], FeedbackDTO[id=172, text=null, detailText=Test was not executed., hasLongFeedbackText=false, reference=null, credits=0.0, positive=null, type=AUTOMATIC, visibility=null, testCase=TestCaseDTO[testName=null, id=147]]], assessmentType=AUTOMATIC, hasComplaint=null, exampleResult=null, testCaseCount=13, passedTestCaseCount=0, codeIssueCount=0]], BuildJobQueueItem[id=4941739576597286, name=SHORTFBCBD7BF0E6EB0451A080E80FCB407DC1F12TSTEXC-LOCALCIINTSTUDENT1, buildAgent=BuildAgentDTO[name=artemis-build-agent-test, memberAddress=[127.0.0.1]:5703, displayName=artemis-build-agent-test], participationId=494, courseId=158, exerciseId=309, retryCount=0, priority=2, status=SUCCESSFUL, repositoryInfo=RepositoryInfo[repositoryName=shortfbcbd7bf0e6eb0451a080e80fcb407dc1f12tstexc-localciintstudent1, repositoryType=user, triggeredByPushTo=user, assignmentRepositoryUri=http://localhost:49152/git/SHORTFBCBD7BF0E6EB0451A080E80FCB407DC1F12TSTEXC/shortfbcbd7bf0e6eb0451a080e80fcb407dc1f12tstexc-localciintstudent1.git, testRepositoryUri=http://localhost:49152/git/SHORTFBCBD7BF0E6EB0451A080E80FCB407DC1F12TSTEXC/shortfbcbd7bf0e6eb0451a080e80fcb407dc1f12tstexc-tests.git, solutionRepositoryUri=null, auxiliaryRepositoryUris=[Ljava.lang.String;@1f527b40, auxiliaryRepositoryCheckoutDirectories=[Ljava.lang.String;@4defc959], jobTimingInfo=JobTimingInfo[submissionDate=2025-02-14T23:43:17.286977233Z[Etc/UTC], buildStartDate=2025-02-14T23:43:17.293977347Z[Etc/UTC], buildCompletionDate=2025-02-14T23:43:18.740990762Z[Etc/UTC], estimatedCompletionDate=2025-02-14T23:43:36.293970494Z[Etc/UTC], estimatedDuration=19], buildConfig=BuildConfig[buildScript=#!/bin/bash
cd /var/tmp/testing-dir
chmod +x ./gradlew
./gradlew clean test
, dockerImage=dummy-docker-image:latest, commitHashToBuild=4a1af7e8a64e6505c5fc09b9f81ea41af9fcff44, assignmentCommitHash=4a1af7e8a64e6505c5fc09b9f81ea41af9fcff44, testCommitHash=4a1af7e8a64e6505c5fc09b9f81ea41af9fcff44, branch=main, programmingLanguage=JAVA, projectType=PLAIN_GRADLE, scaEnabled=false, sequentialTestRunsEnabled=false, resultPaths=[/var/tmp/testing-dir/**/test-results/test/*.xml], timeoutSeconds=0, assignmentCheckoutPath=null, testCheckoutPath=null, solutionCheckoutPath=null, dockerRunConfig=null], submissionResult=ResultDTO[id=141, completionDate=2025-02-14T23:43:18.729015138Z[Etc/UTC], successful=false, score=0.0, rated=true, submission=SubmissionDTO[id=130, submitted=true, type=MANUAL, exampleSubmission=null, submissionDate=2025-02-14T23:43:17.272936Z, commitHash=4a1af7e8a64e6505c5fc09b9f81ea41af9fcff44, buildFailed=true, buildArtifact=false, participation=ParticipationDTO[id=494, testRun=false, type=programming, submissionCount=null, exercise=ParticipationExerciseDTO[id=309, exerciseType=PROGRAMMING, type=programming, assessmentType=AUTOMATIC, dueDate=2025-02-16T23:43:17.147218Z, assessmentDueDate=null, maxPoints=42.0, course=CourseDTO[id=158, accuracyOfScores=1]]], submissionExerciseType=programming, isProcessing=false, buildStartDate=null, estimatedCompletionDate=null], participation=ParticipationDTO[id=494, testRun=false, type=programming, submissionCount=null, exercise=ParticipationExerciseDTO[id=309, exerciseType=PROGRAMMING, type=programming, assessmentType=AUTOMATIC, dueDate=2025-02-16T23:43:17.147218Z, assessmentDueDate=null, maxPoints=42.0, course=CourseDTO[id=158, accuracyOfScores=1]]], feedbacks=[], assessmentType=AUTOMATIC, hasComplaint=null, exampleResult=null, testCaseCount=0, passedTestCaseCount=0, codeIssueCount=0]], BuildJobQueueItem[id=4971739576599269, name=SHORT52AD57270517204728083260501A19D262D1TSTEXC-LOCALCIINTSTUDENT1, buildAgent=BuildAgentDTO[name=artemis-build-agent-test, memberAddress=[127.0.0.1]:5703, displayName=artemis-build-agent-test], participationId=497, courseId=159, exerciseId=310, retryCount=0, priority=2, status=SUCCESSFUL, repositoryInfo=RepositoryInfo[repositoryName=short52ad57270517204728083260501a19d262d1tstexc-localciintstudent1, repositoryType=user, triggeredByPushTo=user, assignmentRepositoryUri=http://localhost:49152/git/SHORT52AD57270517204728083260501A19D262D1TSTEXC/short52ad57270517204728083260501a19d262d1tstexc-localciintstudent1.git, testRepositoryUri=http://localhost:49152/git/SHORT52AD57270517204728083260501A19D262D1TSTEXC/short52ad57270517204728083260501a19d262d1tstexc-tests.git, solutionRepositoryUri=null, auxiliaryRepositoryUris=[Ljava.lang.String;@3a6700df, auxiliaryRepositoryCheckoutDirectories=[Ljava.lang.String;@7692ab69], jobTimingInfo=JobTimingInfo[submissionDate=2025-02-14T23:43:19.269997499Z[Etc/UTC], buildStartDate=2025-02-14T23:43:19.277325895Z[Etc/UTC], buildCompletionDate=2025-02-14T23:43:20.497391524Z[Etc/UTC], estimatedCompletionDate=2025-02-14T23:43:38.277310787Z[Etc/UTC], estimatedDuration=19], buildConfig=BuildConfig[buildScript=#!/bin/bash
cd /var/tmp/testing-dir
chmod +x ./gradlew
./gradlew clean test
, dockerImage=dummy-docker-image:latest, commitHashToBuild=9f4f76247a188e9a0f3516a9fbd60e829d53fb05, assignmentCommitHash=9f4f76247a188e9a0f3516a9fbd60e829d53fb05, testCommitHash=9f4f76247a188e9a0f3516a9fbd60e829d53fb05, branch=main, programmingLanguage=JAVA, projectType=PLAIN_GRADLE, scaEnabled=false, sequentialTestRunsEnabled=false, resultPaths=[/var/tmp/testing-dir/**/test-results/test/*.xml], timeoutSeconds=0, assignmentCheckoutPath=null, testCheckoutPath=null, solutionCheckoutPath=null, dockerRunConfig=null], submissionResult=ResultDTO[id=142, completionDate=2025-02-14T23:43:20.484244187Z[Etc/UTC], successful=false, score=7.7, rated=true, submission=SubmissionDTO[id=131, submitted=true, type=MANUAL, exampleSubmission=null, submissionDate=2025-02-14T23:43:19.265464Z, commitHash=9f4f76247a188e9a0f3516a9fbd60e829d53fb05, buildFailed=false, buildArtifact=false, participation=ParticipationDTO[id=497, testRun=false, type=programming, submissionCount=null, exercise=ParticipationExerciseDTO[id=310, exerciseType=PROGRAMMING, type=programming, assessmentType=AUTOMATIC, dueDate=2025-02-16T23:43:19.182228Z, assessmentDueDate=null, maxPoints=42.0, course=CourseDTO[id=159, accuracyOfScores=1]]], submissionExerciseType=programming, isProcessing=false, buildStartDate=null, estimatedCompletionDate=null], participation=ParticipationDTO[id=497, testRun=false, type=programming, submissionCount=null, exercise=ParticipationExerciseDTO[id=310, exerciseType=PROGRAMMING, type=programming, assessmentType=AUTOMATIC, dueDate=2025-02-16T23:43:19.182228Z, assessmentDueDate=null, maxPoints=42.0, course=CourseDTO[id=159, accuracyOfScores=1]]], feedbacks=[FeedbackDTO[id=173, text=null, detailText=The exercise expects a class with the name Context in the package testpackage. You did not implement the class in the exercise., hasLongFeedbackText=false, reference=null, credits=0.0, positive=false, type=AUTOMATIC, visibility=ALWAYS, testCase=TestCaseDTO[testName=null, id=169]], FeedbackDTO[id=174, text=null, detailText=The exercise expects a class with the name Policy in the package testpackage. You did not implement the class in the exercise., hasLongFeedbackText=false, reference=null, credits=0.0, positive=false, type=AUTOMATIC, visibility=ALWAYS, testCase=TestCaseDTO[testName=null, id=170]], FeedbackDTO[id=175, text=null, detailText=The exercise expects a class with the name SortStrategy in the package testpackage. You did not implement the class in the exercise., hasLongFeedbackText=false, reference=null, credits=0.0, positive=false, type=AUTOMATIC, visibility=ALWAYS, testCase=TestCaseDTO[testName=null, id=171]], FeedbackDTO[id=176, text=null, detailText=The class 'MergeSort' does not implement the interface 'SortStrategy' as expected. Implement the interface and its methods., hasLongFeedbackText=false, reference=null, credits=0.0, positive=false, type=AUTOMATIC, visibility=ALWAYS, testCase=TestCaseDTO[testName=null, id=166]], FeedbackDTO[id=177, text=null, detailText=The exercise expects a class with the name SortStrategy in the package testpackage. You did not implement the class in the exercise., hasLongFeedbackText=false, reference=null, credits=0.0, positive=false, type=AUTOMATIC, visibility=ALWAYS, testCase=TestCaseDTO[testName=null, id=163]], FeedbackDTO[id=178, text=null, detailText=The class 'BubbleSort' does not implement the interface 'SortStrategy' as expected. Implement the interface and its methods., hasLongFeedbackText=false, reference=null, credits=0.0, positive=false, type=AUTOMATIC, visibility=ALWAYS, testCase=TestCaseDTO[testName=null, id=167]], FeedbackDTO[id=179, text=null, detailText=MergeSort does not sort correctly, hasLongFeedbackText=false, reference=null, credits=0.0, positive=false, type=AUTOMATIC, visibility=ALWAYS, testCase=TestCaseDTO[testName=null, id=172]], FeedbackDTO[id=180, text=null, detailText=The class 'Context' was not found within the submission. Make sure to implement it properly., hasLongFeedbackText=false, reference=null, credits=0.0, positive=false, type=AUTOMATIC, visibility=ALWAYS, testCase=TestCaseDTO[testName=null, id=173]], FeedbackDTO[id=181, text=null, detailText=The class 'Context' was not found within the submission. Make sure to implement it properly., hasLongFeedbackText=false, reference=null, credits=0.0, positive=false, type=AUTOMATIC, visibility=ALWAYS, testCase=TestCaseDTO[testName=null, id=174]], FeedbackDTO[id=182, text=null, detailText=The exercise expects a class with the name Policy in the package testpackage. You did not implement the class in the exercise., hasLongFeedbackText=false, reference=null, credits=0.0, positive=false, type=AUTOMATIC, visibility=ALWAYS, testCase=TestCaseDTO[testName=null, id=168]], FeedbackDTO[id=183, text=null, detailText=The exercise expects a class with the name Context in the package testpackage. You did not implement the class in the exercise., hasLongFeedbackText=false, reference=null, credits=0.0, positive=false, type=AUTOMATIC, visibility=ALWAYS, testCase=TestCaseDTO[testName=null, id=164]], FeedbackDTO[id=184, text=null, detailText=The exercise expects a class with the name Policy in the package testpackage. You did not implement the class in the exercise., hasLongFeedbackText=false, reference=null, credits=0.0, positive=false, type=AUTOMATIC, visibility=ALWAYS, testCase=TestCaseDTO[testName=null, id=165]], FeedbackDTO[id=185, text=null, detailText=null, hasLongFeedbackText=false, reference=null, credits=3.230769230769231, positive=true, type=AUTOMATIC, visibility=ALWAYS, testCase=TestCaseDTO[testName=null, id=175]]], assessmentType=AUTOMATIC, hasComplaint=null, exampleResult=null, testCaseCount=13, passedTestCaseCount=1, codeIssueCount=0]], BuildJobQueueItem[id=5001739576601035, name=SHORT582B1BDC0A17704D6D0A46800FC19163DA47TSTEXC-LOCALCIINTSTUDENT1, buildAgent=BuildAgentDTO[name=artemis-build-agent-test, memberAddress=[127.0.0.1]:5703, displayName=artemis-build-agent-test], participationId=500, courseId=160, exerciseId=311, retryCount=0, priority=2, status=SUCCESSFUL, repositoryInfo=RepositoryInfo[repositoryName=short582b1bdc0a17704d6d0a46800fc19163da47tstexc-localciintstudent1, repositoryType=user, triggeredByPushTo=user, assignmentRepositoryUri=http://localhost:49152/git/SHORT582B1BDC0A17704D6D0A46800FC19163DA47TSTEXC/short582b1bdc0a17704d6d0a46800fc19163da47tstexc-localciintstudent1.git, testRepositoryUri=http://localhost:49152/git/SHORT582B1BDC0A17704D6D0A46800FC19163DA47TSTEXC/short582b1bdc0a17704d6d0a46800fc19163da47tstexc-tests.git, solutionRepositoryUri=null, auxiliaryRepositoryUris=[Ljava.lang.String;@7a164680, auxiliaryRepositoryCheckoutDirectories=[Ljava.lang.String;@4900fd9a], jobTimingInfo=JobTimingInfo[submissionDate=2025-02-14T23:43:21.035120760Z[Etc/UTC], buildStartDate=2025-02-14T23:43:21.040320383Z[Etc/UTC], buildCompletionDate=2025-02-14T23:43:22.581236903Z[Etc/UTC], estimatedCompletionDate=2025-02-14T23:43:40.040312057Z[Etc/UTC], estimatedDuration=19], buildConfig=BuildConfig[buildScript=#!/bin/bash
cd /var/tmp/testing-dir
chmod +x ./gradlew
./gradlew clean test
, dockerImage=dummy-docker-image:latest, commitHashToBuild=887566cf754016f986627cf5c5c365dea16c907f, assignmentCommitHash=887566cf754016f986627cf5c5c365dea16c907f, testCommitHash=6af67146332066e7430917928a4b9b81c43b7c71, branch=main, programmingLanguage=JAVA, projectType=PLAIN_GRADLE, scaEnabled=false, sequentialTestRunsEnabled=false, resultPaths=[/var/tmp/testing-dir/**/test-results/test/*.xml], timeoutSeconds=0, assignmentCheckoutPath=customAssignmentPath, testCheckoutPath=null, solutionCheckoutPath=null, dockerRunConfig=null], submissionResult=ResultDTO[id=143, completionDate=2025-02-14T23:43:22.538158998Z[Etc/UTC], successful=false, score=7.7, rated=true, submission=SubmissionDTO[id=132, submitted=true, type=MANUAL, exampleSubmission=null, submissionDate=2025-02-14T23:43:21.028930Z, commitHash=887566cf754016f986627cf5c5c365dea16c907f, buildFailed=false, buildArtifact=false, participation=ParticipationDTO[id=500, testRun=false, type=programming, submissionCount=null, exercise=ParticipationExerciseDTO[id=311, exerciseType=PROGRAMMING, type=programming, assessmentType=AUTOMATIC, dueDate=2025-02-16T23:43:20.897280Z, assessmentDueDate=null, maxPoints=42.0, course=CourseDTO[id=160, accuracyOfScores=1]]], submissionExerciseType=programming, isProcessing=false, buildStartDate=null, estimatedCompletionDate=null], participation=ParticipationDTO[id=500, testRun=false, type=programming, submissionCount=null, exercise=ParticipationExerciseDTO[id=311, exerciseType=PROGRAMMING, type=programming, assessmentType=AUTOMATIC, dueDate=2025-02-16T23:43:20.897280Z, assessmentDueDate=null, maxPoints=42.0, course=CourseDTO[id=160, accuracyOfScores=1]]], feedbacks=[FeedbackDTO[id=186, text=null, detailText=The exercise expects a class with the name Context in the package testpackage. You did not implement the class in the exercise., hasLongFeedbackText=false, reference=null, credits=0.0, positive=false, type=AUTOMATIC, visibility=ALWAYS, testCase=TestCaseDTO[testName=null, id=182]], FeedbackDTO[id=187, text=null, detailText=The exercise expects a class with the name Policy in the package testpackage. You did not implement the class in the exercise., hasLongFeedbackText=false, reference=null, credits=0.0, positive=false, type=AUTOMATIC, visibility=ALWAYS, testCase=TestCaseDTO[testName=null, id=183]], FeedbackDTO[id=188, text=null, detailText=The exercise expects a class with the name SortStrategy in the package testpackage. You did not implement the class in the exercise., hasLongFeedbackText=false, reference=null, credits=0.0, positive=false, type=AUTOMATIC, visibility=ALWAYS, testCase=TestCaseDTO[testName=null, id=184]], FeedbackDTO[id=189, text=null, detailText=The class 'MergeSort' does not implement the interface 'SortStrategy' as expected. Implement the interface and its methods., hasLongFeedbackText=false, reference=null, credits=0.0, positive=false, type=AUTOMATIC, visibility=ALWAYS, testCase=TestCaseDTO[testName=null, id=179]], FeedbackDTO[id=190, text=null, detailText=The exercise expects a class with the name SortStrategy in the package testpackage. You did not implement the class in the exercise., hasLongFeedbackText=false, reference=null, credits=0.0, positive=false, type=AUTOMATIC, visibility=ALWAYS, testCase=TestCaseDTO[testName=null, id=176]], FeedbackDTO[id=191, text=null, detailText=The class 'BubbleSort' does not implement the interface 'SortStrategy' as expected. Implement the interface and its methods., hasLongFeedbackText=false, reference=null, credits=0.0, positive=false, type=AUTOMATIC, visibility=ALWAYS, testCase=TestCaseDTO[testName=null, id=180]], FeedbackDTO[id=192, text=null, detailText=MergeSort does not sort correctly, hasLongFeedbackText=false, reference=null, credits=0.0, positive=false, type=AUTOMATIC, visibility=ALWAYS, testCase=TestCaseDTO[testName=null, id=185]], FeedbackDTO[id=193, text=null, detailText=The class 'Context' was not found within the submission. Make sure to implement it properly., hasLongFeedbackText=false, reference=null, credits=0.0, positive=false, type=AUTOMATIC, visibility=ALWAYS, testCase=TestCaseDTO[testName=null, id=186]], FeedbackDTO[id=194, text=null, detailText=The class 'Context' was not found within the submission. Make sure to implement it properly., hasLongFeedbackText=false, reference=null, credits=0.0, positive=false, type=AUTOMATIC, visibility=ALWAYS, testCase=TestCaseDTO[testName=null, id=187]], FeedbackDTO[id=195, text=null, detailText=The exercise expects a class with the name Policy in the package testpackage. You did not implement the class in the exercise., hasLongFeedbackText=false, reference=null, credits=0.0, positive=false, type=AUTOMATIC, visibility=ALWAYS, testCase=TestCaseDTO[testName=null, id=181]], FeedbackDTO[id=196, text=null, detailText=The exercise expects a class with the name Context in the package testpackage. You did not implement the class in the exercise., hasLongFeedbackText=false, reference=null, credits=0.0, positive=false, type=AUTOMATIC, visibility=ALWAYS, testCase=TestCaseDTO[testName=null, id=177]], FeedbackDTO[id=197, text=null, detailText=The exercise expects a class with the name Policy in the package testpackage. You did not implement the class in the exercise., hasLongFeedbackText=false, reference=null, credits=0.0, positive=false, type=AUTOMATIC, visibility=ALWAYS, testCase=TestCaseDTO[testName=null, id=178]], FeedbackDTO[id=198, text=null, detailText=null, hasLongFeedbackText=false, reference=null, credits=3.230769230769231, positive=true, type=AUTOMATIC, visibility=ALWAYS, testCase=TestCaseDTO[testName=null, id=188]]], assessmentType=AUTOMATIC, hasComplaint=null, exampleResult=null, testCaseCount=13, passedTestCaseCount=1, codeIssueCount=0]], BuildJobQueueItem[id=5031739576604847, name=SHORT00FA1A240403404C7E097D7007C591BE2AB1TSTEXC-LOCALCIINTSTUDENT1, buildAgent=BuildAgentDTO[name=artemis-build-agent-test, memberAddress=[127.0.0.1]:5703, displayName=artemis-build-agent-test], participationId=503, courseId=161, exerciseId=312, retryCount=0, priority=2, status=FAILED, repositoryInfo=RepositoryInfo[repositoryName=short00fa1a240403404c7e097d7007c591be2ab1tstexc-localciintstudent1, repositoryType=user, triggeredByPushTo=user, assignmentRepositoryUri=http://localhost:49152/git/SHORT00FA1A240403404C7E097D7007C591BE2AB1TSTEXC/short00fa1a240403404c7e097d7007c591be2ab1tstexc-localciintstudent1.git, testRepositoryUri=http://localhost:49152/git/SHORT00FA1A240403404C7E097D7007C591BE2AB1TSTEXC/short00fa1a240403404c7e097d7007c591be2ab1tstexc-tests.git, solutionRepositoryUri=null, auxiliaryRepositoryUris=[Ljava.lang.String;@4b636d9d, auxiliaryRepositoryCheckoutDirectories=[Ljava.lang.String;@28c94e7b], jobTimingInfo=JobTimingInfo[submissionDate=2025-02-14T23:43:24.847396156Z[Etc/UTC], buildStartDate=2025-02-14T23:43:24.860457211Z[Etc/UTC], buildCompletionDate=2025-02-14T23:43:26.809353681Z[Etc/UTC], estimatedCompletionDate=2025-02-14T23:43:46.860451490Z[Etc/UTC], estimatedDuration=22], buildConfig=BuildConfig[buildScript=#!/bin/bash
cd /var/tmp/testing-dir
chmod +x ./gradlew
./gradlew clean test
, dockerImage=dummy-docker-image:latest, commitHashToBuild=9690714a509af0a98c6790a7e52ee3574c7ef689, assignmentCommitHash=9690714a509af0a98c6790a7e52ee3574c7ef689, testCommitHash=9690714a509af0a98c6790a7e52ee3574c7ef689, branch=main, programmingLanguage=JAVA, projectType=PLAIN_GRADLE, scaEnabled=false, sequentialTestRunsEnabled=false, resultPaths=[/var/tmp/testing-dir/**/test-results/test/*.xml], timeoutSeconds=0, assignmentCheckoutPath=null, testCheckoutPath=null, solutionCheckoutPath=null, dockerRunConfig=null], submissionResult=ResultDTO[id=144, completionDate=2025-02-14T23:43:26.809483684Z[Etc/UTC], successful=false, score=0.0, rated=true, submission=SubmissionDTO[id=133, submitted=true, type=MANUAL, exampleSubmission=null, submissionDate=2025-02-14T23:43:24.841319Z, commitHash=9690714a509af0a98c6790a7e52ee3574c7ef689, buildFailed=true, buildArtifact=false, participation=ParticipationDTO[id=503, testRun=false, type=programming, submissionCount=null, exercise=ParticipationExerciseDTO[id=312, exerciseType=PROGRAMMING, type=programming, assessmentType=AUTOMATIC, dueDate=2025-02-16T23:43:24.571329Z, assessmentDueDate=null, maxPoints=42.0, course=CourseDTO[id=161, accuracyOfScores=1]]], submissionExerciseType=programming, isProcessing=false, buildStartDate=null, estimatedCompletionDate=null], participation=ParticipationDTO[id=503, testRun=false, type=programming, submissionCount=null, exercise=ParticipationExerciseDTO[id=312, exerciseType=PROGRAMMING, type=programming, assessmentType=AUTOMATIC, dueDate=2025-02-16T23:43:24.571329Z, assessmentDueDate=null, maxPoints=42.0, course=CourseDTO[id=161, accuracyOfScores=1]]], feedbacks=[], assessmentType=AUTOMATIC, hasComplaint=null, exampleResult=null, testCaseCount=0, passedTestCaseCount=0, codeIssueCount=0]], BuildJobQueueItem[id=5061739576605250, name=SHORT62C808EE04ECE040740AF7B0CF3AE5F5BEF2TSTEXC-LOCALCIINTSTUDENT1, buildAgent=BuildAgentDTO[name=artemis-build-agent-test, memberAddress=[127.0.0.1]:5703, displayName=artemis-build-agent-test], participationId=506, courseId=162, exerciseId=313, retryCount=0, priority=2, status=SUCCESSFUL, repositoryInfo=RepositoryInfo[repositoryName=short62c808ee04ece040740af7b0cf3ae5f5bef2tstexc-localciintstudent1, repositoryType=user, triggeredByPushTo=user, assignmentRepositoryUri=http://localhost:49152/git/SHORT62C808EE04ECE040740AF7B0CF3AE5F5BEF2TSTEXC/short62c808ee04ece040740af7b0cf3ae5f5bef2tstexc-localciintstudent1.git, testRepositoryUri=http://localhost:49152/git/SHORT62C808EE04ECE040740AF7B0CF3AE5F5BEF2TSTEXC/short62c808ee04ece040740af7b0cf3ae5f5bef2tstexc-tests.git, solutionRepositoryUri=null, auxiliaryRepositoryUris=[Ljava.lang.String;@60a32fa4, auxiliaryRepositoryCheckoutDirectories=[Ljava.lang.String;@2e01e207], jobTimingInfo=JobTimingInfo[submissionDate=2025-02-14T23:43:25.250749866Z[Etc/UTC], buildStartDate=2025-02-14T23:43:26.820713075Z[Etc/UTC], buildCompletionDate=2025-02-14T23:43:28.304236378Z[Etc/UTC], estimatedCompletionDate=2025-02-14T23:43:45.820704920Z[Etc/UTC], estimatedDuration=19], buildConfig=BuildConfig[buildScript=#!/bin/bash
cd /var/tmp/testing-dir
chmod +x ./gradlew
./gradlew clean test
, dockerImage=dummy-docker-image:latest, commitHashToBuild=993b6f756e3e52a44d0537d4fa3a5d0e0acdbe89, assignmentCommitHash=993b6f756e3e52a44d0537d4fa3a5d0e0acdbe89, testCommitHash=993b6f756e3e52a44d0537d4fa3a5d0e0acdbe89, branch=main, programmingLanguage=JAVA, projectType=null, scaEnabled=false, sequentialTestRunsEnabled=false, resultPaths=[/var/tmp/testing-dir/**/test-results/test/*.xml], timeoutSeconds=0, assignmentCheckoutPath=null, testCheckoutPath=null, solutionCheckoutPath=null, dockerRunConfig=null], submissionResult=ResultDTO[id=145, completionDate=2025-02-14T23:43:28.269051286Z[Etc/UTC], successful=false, score=7.7, rated=true, submission=SubmissionDTO[id=134, submitted=true, type=MANUAL, exampleSubmission=null, submissionDate=2025-02-14T23:43:25.241685Z, commitHash=993b6f756e3e52a44d0537d4fa3a5d0e0acdbe89, buildFailed=false, buildArtifact=false, participation=ParticipationDTO[id=506, testRun=false, type=programming, submissionCount=null, exercise=ParticipationExerciseDTO[id=313, exerciseType=PROGRAMMING, type=programming, assessmentType=AUTOMATIC, dueDate=2025-02-16T23:43:24.986721Z, assessmentDueDate=null, maxPoints=42.0, course=CourseDTO[id=162, accuracyOfScores=1]]], submissionExerciseType=programming, isProcessing=false, buildStartDate=null, estimatedCompletionDate=null], participation=ParticipationDTO[id=506, testRun=false, type=programming, submissionCount=null, exercise=ParticipationExerciseDTO[id=313, exerciseType=PROGRAMMING, type=programming, assessmentType=AUTOMATIC, dueDate=2025-02-16T23:43:24.986721Z, assessmentDueDate=null, maxPoints=42.0, course=CourseDTO[id=162, accuracyOfScores=1]]], feedbacks=[FeedbackDTO[id=199, text=null, detailText=The exercise expects a class with the name Context in the package testpackage. You did not implement the class in the exercise., hasLongFeedbackText=false, reference=null, credits=0.0, positive=false, type=AUTOMATIC, visibility=ALWAYS, testCase=TestCaseDTO[testName=null, id=208]], FeedbackDTO[id=200, text=null, detailText=The exercise expects a class with the name Policy in the package testpackage. You did not implement the class in the exercise., hasLongFeedbackText=false, reference=null, credits=0.0, positive=false, type=AUTOMATIC, visibility=ALWAYS, testCase=TestCaseDTO[testName=null, id=209]], FeedbackDTO[id=201, text=null, detailText=The exercise expects a class with the name SortStrategy in the package testpackage. You did not implement the class in the exercise., hasLongFeedbackText=false, reference=null, credits=0.0, positive=false, type=AUTOMATIC, visibility=ALWAYS, testCase=TestCaseDTO[testName=null, id=210]], FeedbackDTO[id=202, text=null, detailText=The class 'MergeSort' does not implement the interface 'SortStrategy' as expected. Implement the interface and its methods., hasLongFeedbackText=false, reference=null, credits=0.0, positive=false, type=AUTOMATIC, visibility=ALWAYS, testCase=TestCaseDTO[testName=null, id=205]], FeedbackDTO[id=203, text=null, detailText=The exercise expects a class with the name SortStrategy in the package testpackage. You did not implement the class in the exercise., hasLongFeedbackText=false, reference=null, credits=0.0, positive=false, type=AUTOMATIC, visibility=ALWAYS, testCase=TestCaseDTO[testName=null, id=202]], FeedbackDTO[id=204, text=null, detailText=The class 'BubbleSort' does not implement the interface 'SortStrategy' as expected. Implement the interface and its methods., hasLongFeedbackText=false, reference=null, credits=0.0, positive=false, type=AUTOMATIC, visibility=ALWAYS, testCase=TestCaseDTO[testName=null, id=206]], FeedbackDTO[id=205, text=null, detailText=MergeSort does not sort correctly, hasLongFeedbackText=false, reference=null, credits=0.0, positive=false, type=AUTOMATIC, visibility=ALWAYS, testCase=TestCaseDTO[testName=null, id=211]], FeedbackDTO[id=206, text=null, detailText=The class 'Context' was not found within the submission. Make sure to implement it properly., hasLongFeedbackText=false, reference=null, credits=0.0, positive=false, type=AUTOMATIC, visibility=ALWAYS, testCase=TestCaseDTO[testName=null, id=212]], FeedbackDTO[id=207, text=null, detailText=The class 'Context' was not found within the submission. Make sure to implement it properly., hasLongFeedbackText=false, reference=null, credits=0.0, positive=false, type=AUTOMATIC, visibility=ALWAYS, testCase=TestCaseDTO[testName=null, id=213]], FeedbackDTO[id=208, text=null, detailText=The exercise expects a class with the name Policy in the package testpackage. You did not implement the class in the exercise., hasLongFeedbackText=false, reference=null, credits=0.0, positive=false, type=AUTOMATIC, visibility=ALWAYS, testCase=TestCaseDTO[testName=null, id=207]], FeedbackDTO[id=209, text=null, detailText=The exercise expects a class with the name Context in the package testpackage. You did not implement the class in the exercise., hasLongFeedbackText=false, reference=null, credits=0.0, positive=false, type=AUTOMATIC, visibility=ALWAYS, testCase=TestCaseDTO[testName=null, id=203]], FeedbackDTO[id=210, text=null, detailText=The exercise expects a class with the name Policy in the package testpackage. You did not implement the class in the exercise., hasLongFeedbackText=false, reference=null, credits=0.0, positive=false, type=AUTOMATIC, visibility=ALWAYS, testCase=TestCaseDTO[testName=null, id=204]], FeedbackDTO[id=211, text=null, detailText=null, hasLongFeedbackText=false, reference=null, credits=3.230769230769231, positive=true, type=AUTOMATIC, visibility=ALWAYS, testCase=TestCaseDTO[testName=null, id=214]]], assessmentType=AUTOMATIC, hasComplaint=null, exampleResult=null, testCaseCount=13, passedTestCaseCount=1, codeIssueCount=0]], BuildJobQueueItem[id=5121739576609302, name=SHORT3D739532080B804BC608BDA0F7816DDB4316TSTEXC-LOCALCIINTSTUDENT1, buildAgent=BuildAgentDTO[name=artemis-build-agent-test, memberAddress=[127.0.0.1]:5703, displayName=artemis-build-agent-test], participationId=512, courseId=164, exerciseId=315, retryCount=0, priority=2, status=SUCCESSFUL, repositoryInfo=RepositoryInfo[repositoryName=short3d739532080b804bc608bda0f7816ddb4316tstexc-localciintstudent1, repositoryType=user, triggeredByPushTo=user, assignmentRepositoryUri=http://localhost:49152/git/SHORT3D739532080B804BC608BDA0F7816DDB4316TSTEXC/short3d739532080b804bc608bda0f7816ddb4316tstexc-localciintstudent1.git, testRepositoryUri=http://localhost:49152/git/SHORT3D739532080B804BC608BDA0F7816DDB4316TSTEXC/short3d739532080b804bc608bda0f7816ddb4316tstexc-tests.git, solutionRepositoryUri=null, auxiliaryRepositoryUris=[Ljava.lang.String;@7e5e6ddf, auxiliaryRepositoryCheckoutDirectories=[Ljava.lang.String;@1c864ef9], jobTimingInfo=JobTimingInfo[submissionDate=2025-02-14T23:43:29.302618463Z[Etc/UTC], buildStartDate=2025-02-14T23:43:29.307985701Z[Etc/UTC], buildCompletionDate=2025-02-14T23:43:30.717961572Z[Etc/UTC], estimatedCompletionDate=2025-02-14T23:43:48.307979980Z[Etc/UTC], estimatedDuration=19], buildConfig=BuildConfig[buildScript=#!/bin/bash
cd /var/tmp/testing-dir
chmod +x ./gradlew
./gradlew clean test
, dockerImage=dummy-docker-image:latest, commitHashToBuild=71f54bdf5e0f9c98936e24a4638fd2ffcf966edd, assignmentCommitHash=71f54bdf5e0f9c98936e24a4638fd2ffcf966edd, testCommitHash=71f54bdf5e0f9c98936e24a4638fd2ffcf966edd, branch=main, programmingLanguage=JAVA, projectType=PLAIN_GRADLE, scaEnabled=false, sequentialTestRunsEnabled=false, resultPaths=[/var/tmp/testing-dir/**/test-results/test/*.xml], timeoutSeconds=0, assignmentCheckoutPath=null, testCheckoutPath=null, solutionCheckoutPath=null, dockerRunConfig=null], submissionResult=ResultDTO[id=146, completionDate=2025-02-14T23:43:30.706391245Z[Etc/UTC], successful=false, score=0.0, rated=true, submission=SubmissionDTO[id=135, submitted=true, type=MANUAL, exampleSubmission=null, submissionDate=2025-02-14T23:43:29.291920Z, commitHash=71f54bdf5e0f9c98936e24a4638fd2ffcf966edd, buildFailed=true, buildArtifact=false, participation=ParticipationDTO[id=512, testRun=false, type=programming, submissionCount=null, exercise=ParticipationExerciseDTO[id=315, exerciseType=PROGRAMMING, type=programming, assessmentType=AUTOMATIC, dueDate=2025-02-16T23:43:29.183823Z, assessmentDueDate=null, maxPoints=42.0, course=CourseDTO[id=164, accuracyOfScores=1]]], submissionExerciseType=programming, isProcessing=false, buildStartDate=null, estimatedCompletionDate=null], participation=ParticipationDTO[id=512, testRun=false, type=programming, submissionCount=null, exercise=ParticipationExerciseDTO[id=315, exerciseType=PROGRAMMING, type=programming, assessmentType=AUTOMATIC, dueDate=2025-02-16T23:43:29.183823Z, assessmentDueDate=null, maxPoints=42.0, course=CourseDTO[id=164, accuracyOfScores=1]]], feedbacks=[], assessmentType=AUTOMATIC, hasComplaint=null, exampleResult=null, testCaseCount=0, passedTestCaseCount=0, codeIssueCount=0]]], publicSshKey=ssh-rsa AAAAB3NzaC1yc2EAAAADAQABAAACAQCOPdMsxRE2jFJ/UEa5/LsBxtwzJcrh3/rYBCQvcMeVpiRfhzQPWu7mrt/G2Ew+i+vRloGH9aqKg6dd1liRncao53Zmd/ePxoatXePNhmzTfkCkcSkTUz7B+QMjkoDDV5jwuFPD6mF3JkhuzSi64n9Zy905t4w2IhVcjM2mL3eYNjiCXt6Qpq3Pkt7dM/Ksw1nxnvuiIALuJLB3FTkXkHqq3PJav+9HSq2r6ZaWgekneaGxlQlb+U+Vy3XOuArKAzK8c8i+0bR+AHiTG6ncYXt7ax3U+TdlDTF7OLP3umwaYjs1NBXOHwG42pevvpKn2fqavZZozk+M05jXLx3bq0O7itxfErWc7etky8qYPyyIMF/txQIVLd78+Ze4d7Y60t5MGbXM5cGE6fFif5fEJwgswXD+BrG0cafz1CTatjSKFdvp8Vp4VszXhHDan1PrP6JEFJ5Cc5GDmLRZPCFa3vL9f5qXgf4bkqKN8MYeEujwJE5nMRWoiJVNakix2bcrrneQMBlnYeYZVWXXXUusAQBzl4NgddC1umZpihZkL1b1MffZAUW3EGEXi7KHnllQhkTLLsQ8ntMgbylqaJKStqaXlLvdeRJcEnUuiFCrHEVVbXRFZR7XVDZ02CE5o3MuaRPty8Kh+jRTF3COlAckHwYEJCNNJvXFgb2CNXL4mjzYDw== test@localhost]
    23:44:55.386 | 566 localvc.event-13 | DEBUG | s.l.LocalCIWebsocketMessagingService : Sending message on topic /topic/admin/build-agents: [BuildAgentInformation[buildAgent=BuildAgentDTO[name=artemis-build-agent-test, memberAddress=[127.0.0.1]:5703, displayName=artemis-build-agent-test], maxNumberOfConcurrentBuildJobs=1, numberOfCurrentBuildJobs=0, runningBuildJobs=[], status=IDLE, recentBuildJobs=null, publicSshKey=null]]
    23:44:55.389 | 566 localvc.event-13 | DEBUG | s.l.LocalCIWebsocketMessagingService : Sending message on topic /topic/admin/build-agent/artemis-build-agent-test: BuildAgentInformation[buildAgent=BuildAgentDTO[name=artemis-build-agent-test, memberAddress=[127.0.0.1]:5703, displayName=artemis-build-agent-test], maxNumberOfConcurrentBuildJobs=1, numberOfCurrentBuildJobs=0, runningBuildJobs=[], status=IDLE, recentBuildJobs=[BuildJobQueueItem[id=4941739576597286, name=SHORTFBCBD7BF0E6EB0451A080E80FCB407DC1F12TSTEXC-LOCALCIINTSTUDENT1, buildAgent=BuildAgentDTO[name=artemis-build-agent-test, memberAddress=[127.0.0.1]:5703, displayName=artemis-build-agent-test], participationId=494, courseId=158, exerciseId=309, retryCount=0, priority=2, status=SUCCESSFUL, repositoryInfo=RepositoryInfo[repositoryName=shortfbcbd7bf0e6eb0451a080e80fcb407dc1f12tstexc-localciintstudent1, repositoryType=user, triggeredByPushTo=user, assignmentRepositoryUri=http://localhost:49152/git/SHORTFBCBD7BF0E6EB0451A080E80FCB407DC1F12TSTEXC/shortfbcbd7bf0e6eb0451a080e80fcb407dc1f12tstexc-localciintstudent1.git, testRepositoryUri=http://localhost:49152/git/SHORTFBCBD7BF0E6EB0451A080E80FCB407DC1F12TSTEXC/shortfbcbd7bf0e6eb0451a080e80fcb407dc1f12tstexc-tests.git, solutionRepositoryUri=null, auxiliaryRepositoryUris=[Ljava.lang.String;@49acf673, auxiliaryRepositoryCheckoutDirectories=[Ljava.lang.String;@67739839], jobTimingInfo=JobTimingInfo[submissionDate=2025-02-14T23:43:17.286977233Z[Etc/UTC], buildStartDate=2025-02-14T23:43:17.293977347Z[Etc/UTC], buildCompletionDate=2025-02-14T23:43:18.740990762Z[Etc/UTC], estimatedCompletionDate=2025-02-14T23:43:36.293970494Z[Etc/UTC], estimatedDuration=19], buildConfig=BuildConfig[buildScript=#!/bin/bash
cd /var/tmp/testing-dir
chmod +x ./gradlew
./gradlew clean test
, dockerImage=dummy-docker-image:latest, commitHashToBuild=4a1af7e8a64e6505c5fc09b9f81ea41af9fcff44, assignmentCommitHash=4a1af7e8a64e6505c5fc09b9f81ea41af9fcff44, testCommitHash=4a1af7e8a64e6505c5fc09b9f81ea41af9fcff44, branch=main, programmingLanguage=JAVA, projectType=PLAIN_GRADLE, scaEnabled=false, sequentialTestRunsEnabled=false, resultPaths=[/var/tmp/testing-dir/**/test-results/test/*.xml], timeoutSeconds=0, assignmentCheckoutPath=null, testCheckoutPath=null, solutionCheckoutPath=null, dockerRunConfig=null], submissionResult=ResultDTO[id=141, completionDate=2025-02-14T23:43:18.729015138Z[Etc/UTC], successful=false, score=0.0, rated=true, submission=SubmissionDTO[id=130, submitted=true, type=MANUAL, exampleSubmission=null, submissionDate=2025-02-14T23:43:17.272936Z, commitHash=4a1af7e8a64e6505c5fc09b9f81ea41af9fcff44, buildFailed=true, buildArtifact=false, participation=ParticipationDTO[id=494, testRun=false, type=programming, submissionCount=null, exercise=ParticipationExerciseDTO[id=309, exerciseType=PROGRAMMING, type=programming, assessmentType=AUTOMATIC, dueDate=2025-02-16T23:43:17.147218Z, assessmentDueDate=null, maxPoints=42.0, course=CourseDTO[id=158, accuracyOfScores=1]]], submissionExerciseType=programming, isProcessing=false, buildStartDate=null, estimatedCompletionDate=null], participation=ParticipationDTO[id=494, testRun=false, type=programming, submissionCount=null, exercise=ParticipationExerciseDTO[id=309, exerciseType=PROGRAMMING, type=programming, assessmentType=AUTOMATIC, dueDate=2025-02-16T23:43:17.147218Z, assessmentDueDate=null, maxPoints=42.0, course=CourseDTO[id=158, accuracyOfScores=1]]], feedbacks=[], assessmentType=AUTOMATIC, hasComplaint=null, exampleResult=null, testCaseCount=0, passedTestCaseCount=0, codeIssueCount=0]], BuildJobQueueItem[id=4971739576599269, name=SHORT52AD57270517204728083260501A19D262D1TSTEXC-LOCALCIINTSTUDENT1, buildAgent=BuildAgentDTO[name=artemis-build-agent-test, memberAddress=[127.0.0.1]:5703, displayName=artemis-build-agent-test], participationId=497, courseId=159, exerciseId=310, retryCount=0, priority=2, status=SUCCESSFUL, repositoryInfo=RepositoryInfo[repositoryName=short52ad57270517204728083260501a19d262d1tstexc-localciintstudent1, repositoryType=user, triggeredByPushTo=user, assignmentRepositoryUri=http://localhost:49152/git/SHORT52AD57270517204728083260501A19D262D1TSTEXC/short52ad57270517204728083260501a19d262d1tstexc-localciintstudent1.git, testRepositoryUri=http://localhost:49152/git/SHORT52AD57270517204728083260501A19D262D1TSTEXC/short52ad57270517204728083260501a19d262d1tstexc-tests.git, solutionRepositoryUri=null, auxiliaryRepositoryUris=[Ljava.lang.String;@eddcf99, auxiliaryRepositoryCheckoutDirectories=[Ljava.lang.String;@40df917a], jobTimingInfo=JobTimingInfo[submissionDate=2025-02-14T23:43:19.269997499Z[Etc/UTC], buildStartDate=2025-02-14T23:43:19.277325895Z[Etc/UTC], buildCompletionDate=2025-02-14T23:43:20.497391524Z[Etc/UTC], estimatedCompletionDate=2025-02-14T23:43:38.277310787Z[Etc/UTC], estimatedDuration=19], buildConfig=BuildConfig[buildScript=#!/bin/bash
cd /var/tmp/testing-dir
chmod +x ./gradlew
./gradlew clean test
, dockerImage=dummy-docker-image:latest, commitHashToBuild=9f4f76247a188e9a0f3516a9fbd60e829d53fb05, assignmentCommitHash=9f4f76247a188e9a0f3516a9fbd60e829d53fb05, testCommitHash=9f4f76247a188e9a0f3516a9fbd60e829d53fb05, branch=main, programmingLanguage=JAVA, projectType=PLAIN_GRADLE, scaEnabled=false, sequentialTestRunsEnabled=false, resultPaths=[/var/tmp/testing-dir/**/test-results/test/*.xml], timeoutSeconds=0, assignmentCheckoutPath=null, testCheckoutPath=null, solutionCheckoutPath=null, dockerRunConfig=null], submissionResult=ResultDTO[id=142, completionDate=2025-02-14T23:43:20.484244187Z[Etc/UTC], successful=false, score=7.7, rated=true, submission=SubmissionDTO[id=131, submitted=true, type=MANUAL, exampleSubmission=null, submissionDate=2025-02-14T23:43:19.265464Z, commitHash=9f4f76247a188e9a0f3516a9fbd60e829d53fb05, buildFailed=false, buildArtifact=false, participation=ParticipationDTO[id=497, testRun=false, type=programming, submissionCount=null, exercise=ParticipationExerciseDTO[id=310, exerciseType=PROGRAMMING, type=programming, assessmentType=AUTOMATIC, dueDate=2025-02-16T23:43:19.182228Z, assessmentDueDate=null, maxPoints=42.0, course=CourseDTO[id=159, accuracyOfScores=1]]], submissionExerciseType=programming, isProcessing=false, buildStartDate=null, estimatedCompletionDate=null], participation=ParticipationDTO[id=497, testRun=false, type=programming, submissionCount=null, exercise=ParticipationExerciseDTO[id=310, exerciseType=PROGRAMMING, type=programming, assessmentType=AUTOMATIC, dueDate=2025-02-16T23:43:19.182228Z, assessmentDueDate=null, maxPoints=42.0, course=CourseDTO[id=159, accuracyOfScores=1]]], feedbacks=[FeedbackDTO[id=173, text=null, detailText=The exercise expects a class with the name Context in the package testpackage. You did not implement the class in the exercise., hasLongFeedbackText=false, reference=null, credits=0.0, positive=false, type=AUTOMATIC, visibility=ALWAYS, testCase=TestCaseDTO[testName=null, id=169]], FeedbackDTO[id=174, text=null, detailText=The exercise expects a class with the name Policy in the package testpackage. You did not implement the class in the exercise., hasLongFeedbackText=false, reference=null, credits=0.0, positive=false, type=AUTOMATIC, visibility=ALWAYS, testCase=TestCaseDTO[testName=null, id=170]], FeedbackDTO[id=175, text=null, detailText=The exercise expects a class with the name SortStrategy in the package testpackage. You did not implement the class in the exercise., hasLongFeedbackText=false, reference=null, credits=0.0, positive=false, type=AUTOMATIC, visibility=ALWAYS, testCase=TestCaseDTO[testName=null, id=171]], FeedbackDTO[id=176, text=null, detailText=The class 'MergeSort' does not implement the interface 'SortStrategy' as expected. Implement the interface and its methods., hasLongFeedbackText=false, reference=null, credits=0.0, positive=false, type=AUTOMATIC, visibility=ALWAYS, testCase=TestCaseDTO[testName=null, id=166]], FeedbackDTO[id=177, text=null, detailText=The exercise expects a class with the name SortStrategy in the package testpackage. You did not implement the class in the exercise., hasLongFeedbackText=false, reference=null, credits=0.0, positive=false, type=AUTOMATIC, visibility=ALWAYS, testCase=TestCaseDTO[testName=null, id=163]], FeedbackDTO[id=178, text=null, detailText=The class 'BubbleSort' does not implement the interface 'SortStrategy' as expected. Implement the interface and its methods., hasLongFeedbackText=false, reference=null, credits=0.0, positive=false, type=AUTOMATIC, visibility=ALWAYS, testCase=TestCaseDTO[testName=null, id=167]], FeedbackDTO[id=179, text=null, detailText=MergeSort does not sort correctly, hasLongFeedbackText=false, reference=null, credits=0.0, positive=false, type=AUTOMATIC, visibility=ALWAYS, testCase=TestCaseDTO[testName=null, id=172]], FeedbackDTO[id=180, text=null, detailText=The class 'Context' was not found within the submission. Make sure to implement it properly., hasLongFeedbackText=false, reference=null, credits=0.0, positive=false, type=AUTOMATIC, visibility=ALWAYS, testCase=TestCaseDTO[testName=null, id=173]], FeedbackDTO[id=181, text=null, detailText=The class 'Context' was not found within the submission. Make sure to implement it properly., hasLongFeedbackText=false, reference=null, credits=0.0, positive=false, type=AUTOMATIC, visibility=ALWAYS, testCase=TestCaseDTO[testName=null, id=174]], FeedbackDTO[id=182, text=null, detailText=The exercise expects a class with the name Policy in the package testpackage. You did not implement the class in the exercise., hasLongFeedbackText=false, reference=null, credits=0.0, positive=false, type=AUTOMATIC, visibility=ALWAYS, testCase=TestCaseDTO[testName=null, id=168]], FeedbackDTO[id=183, text=null, detailText=The exercise expects a class with the name Context in the package testpackage. You did not implement the class in the exercise., hasLongFeedbackText=false, reference=null, credits=0.0, positive=false, type=AUTOMATIC, visibility=ALWAYS, testCase=TestCaseDTO[testName=null, id=164]], FeedbackDTO[id=184, text=null, detailText=The exercise expects a class with the name Policy in the package testpackage. You did not implement the class in the exercise., hasLongFeedbackText=false, reference=null, credits=0.0, positive=false, type=AUTOMATIC, visibility=ALWAYS, testCase=TestCaseDTO[testName=null, id=165]], FeedbackDTO[id=185, text=null, detailText=null, hasLongFeedbackText=false, reference=null, credits=3.230769230769231, positive=true, type=AUTOMATIC, visibility=ALWAYS, testCase=TestCaseDTO[testName=null, id=175]]], assessmentType=AUTOMATIC, hasComplaint=null, exampleResult=null, testCaseCount=13, passedTestCaseCount=1, codeIssueCount=0]], BuildJobQueueItem[id=5001739576601035, name=SHORT582B1BDC0A17704D6D0A46800FC19163DA47TSTEXC-LOCALCIINTSTUDENT1, buildAgent=BuildAgentDTO[name=artemis-build-agent-test, memberAddress=[127.0.0.1]:5703, displayName=artemis-build-agent-test], participationId=500, courseId=160, exerciseId=311, retryCount=0, priority=2, status=SUCCESSFUL, repositoryInfo=RepositoryInfo[repositoryName=short582b1bdc0a17704d6d0a46800fc19163da47tstexc-localciintstudent1, repositoryType=user, triggeredByPushTo=user, assignmentRepositoryUri=http://localhost:49152/git/SHORT582B1BDC0A17704D6D0A46800FC19163DA47TSTEXC/short582b1bdc0a17704d6d0a46800fc19163da47tstexc-localciintstudent1.git, testRepositoryUri=http://localhost:49152/git/SHORT582B1BDC0A17704D6D0A46800FC19163DA47TSTEXC/short582b1bdc0a17704d6d0a46800fc19163da47tstexc-tests.git, solutionRepositoryUri=null, auxiliaryRepositoryUris=[Ljava.lang.String;@6e6ee87c, auxiliaryRepositoryCheckoutDirectories=[Ljava.lang.String;@15a717d8], jobTimingInfo=JobTimingInfo[submissionDate=2025-02-14T23:43:21.035120760Z[Etc/UTC], buildStartDate=2025-02-14T23:43:21.040320383Z[Etc/UTC], buildCompletionDate=2025-02-14T23:43:22.581236903Z[Etc/UTC], estimatedCompletionDate=2025-02-14T23:43:40.040312057Z[Etc/UTC], estimatedDuration=19], buildConfig=BuildConfig[buildScript=#!/bin/bash
cd /var/tmp/testing-dir
chmod +x ./gradlew
./gradlew clean test
, dockerImage=dummy-docker-image:latest, commitHashToBuild=887566cf754016f986627cf5c5c365dea16c907f, assignmentCommitHash=887566cf754016f986627cf5c5c365dea16c907f, testCommitHash=6af67146332066e7430917928a4b9b81c43b7c71, branch=main, programmingLanguage=JAVA, projectType=PLAIN_GRADLE, scaEnabled=false, sequentialTestRunsEnabled=false, resultPaths=[/var/tmp/testing-dir/**/test-results/test/*.xml], timeoutSeconds=0, assignmentCheckoutPath=customAssignmentPath, testCheckoutPath=null, solutionCheckoutPath=null, dockerRunConfig=null], submissionResult=ResultDTO[id=143, completionDate=2025-02-14T23:43:22.538158998Z[Etc/UTC], successful=false, score=7.7, rated=true, submission=SubmissionDTO[id=132, submitted=true, type=MANUAL, exampleSubmission=null, submissionDate=2025-02-14T23:43:21.028930Z, commitHash=887566cf754016f986627cf5c5c365dea16c907f, buildFailed=false, buildArtifact=false, participation=ParticipationDTO[id=500, testRun=false, type=programming, submissionCount=null, exercise=ParticipationExerciseDTO[id=311, exerciseType=PROGRAMMING, type=programming, assessmentType=AUTOMATIC, dueDate=2025-02-16T23:43:20.897280Z, assessmentDueDate=null, maxPoints=42.0, course=CourseDTO[id=160, accuracyOfScores=1]]], submissionExerciseType=programming, isProcessing=false, buildStartDate=null, estimatedCompletionDate=null], participation=ParticipationDTO[id=500, testRun=false, type=programming, submissionCount=null, exercise=ParticipationExerciseDTO[id=311, exerciseType=PROGRAMMING, type=programming, assessmentType=AUTOMATIC, dueDate=2025-02-16T23:43:20.897280Z, assessmentDueDate=null, maxPoints=42.0, course=CourseDTO[id=160, accuracyOfScores=1]]], feedbacks=[FeedbackDTO[id=186, text=null, detailText=The exercise expects a class with the name Context in the package testpackage. You did not implement the class in the exercise., hasLongFeedbackText=false, reference=null, credits=0.0, positive=false, type=AUTOMATIC, visibility=ALWAYS, testCase=TestCaseDTO[testName=null, id=182]], FeedbackDTO[id=187, text=null, detailText=The exercise expects a class with the name Policy in the package testpackage. You did not implement the class in the exercise., hasLongFeedbackText=false, reference=null, credits=0.0, positive=false, type=AUTOMATIC, visibility=ALWAYS, testCase=TestCaseDTO[testName=null, id=183]], FeedbackDTO[id=188, text=null, detailText=The exercise expects a class with the name SortStrategy in the package testpackage. You did not implement the class in the exercise., hasLongFeedbackText=false, reference=null, credits=0.0, positive=false, type=AUTOMATIC, visibility=ALWAYS, testCase=TestCaseDTO[testName=null, id=184]], FeedbackDTO[id=189, text=null, detailText=The class 'MergeSort' does not implement the interface 'SortStrategy' as expected. Implement the interface and its methods., hasLongFeedbackText=false, reference=null, credits=0.0, positive=false, type=AUTOMATIC, visibility=ALWAYS, testCase=TestCaseDTO[testName=null, id=179]], FeedbackDTO[id=190, text=null, detailText=The exercise expects a class with the name SortStrategy in the package testpackage. You did not implement the class in the exercise., hasLongFeedbackText=false, reference=null, credits=0.0, positive=false, type=AUTOMATIC, visibility=ALWAYS, testCase=TestCaseDTO[testName=null, id=176]], FeedbackDTO[id=191, text=null, detailText=The class 'BubbleSort' does not implement the interface 'SortStrategy' as expected. Implement the interface and its methods., hasLongFeedbackText=false, reference=null, credits=0.0, positive=false, type=AUTOMATIC, visibility=ALWAYS, testCase=TestCaseDTO[testName=null, id=180]], FeedbackDTO[id=192, text=null, detailText=MergeSort does not sort correctly, hasLongFeedbackText=false, reference=null, credits=0.0, positive=false, type=AUTOMATIC, visibility=ALWAYS, testCase=TestCaseDTO[testName=null, id=185]], FeedbackDTO[id=193, text=null, detailText=The class 'Context' was not found within the submission. Make sure to implement it properly., hasLongFeedbackText=false, reference=null, credits=0.0, positive=false, type=AUTOMATIC, visibility=ALWAYS, testCase=TestCaseDTO[testName=null, id=186]], FeedbackDTO[id=194, text=null, detailText=The class 'Context' was not found within the submission. Make sure to implement it properly., hasLongFeedbackText=false, reference=null, credits=0.0, positive=false, type=AUTOMATIC, visibility=ALWAYS, testCase=TestCaseDTO[testName=null, id=187]], FeedbackDTO[id=195, text=null, detailText=The exercise expects a class with the name Policy in the package testpackage. You did not implement the class in the exercise., hasLongFeedbackText=false, reference=null, credits=0.0, positive=false, type=AUTOMATIC, visibility=ALWAYS, testCase=TestCaseDTO[testName=null, id=181]], FeedbackDTO[id=196, text=null, detailText=The exercise expects a class with the name Context in the package testpackage. You did not implement the class in the exercise., hasLongFeedbackText=false, reference=null, credits=0.0, positive=false, type=AUTOMATIC, visibility=ALWAYS, testCase=TestCaseDTO[testName=null, id=177]], FeedbackDTO[id=197, text=null, detailText=The exercise expects a class with the name Policy in the package testpackage. You did not implement the class in the exercise., hasLongFeedbackText=false, reference=null, credits=0.0, positive=false, type=AUTOMATIC, visibility=ALWAYS, testCase=TestCaseDTO[testName=null, id=178]], FeedbackDTO[id=198, text=null, detailText=null, hasLongFeedbackText=false, reference=null, credits=3.230769230769231, positive=true, type=AUTOMATIC, visibility=ALWAYS, testCase=TestCaseDTO[testName=null, id=188]]], assessmentType=AUTOMATIC, hasComplaint=null, exampleResult=null, testCaseCount=13, passedTestCaseCount=1, codeIssueCount=0]], BuildJobQueueItem[id=5031739576604847, name=SHORT00FA1A240403404C7E097D7007C591BE2AB1TSTEXC-LOCALCIINTSTUDENT1, buildAgent=BuildAgentDTO[name=artemis-build-agent-test, memberAddress=[127.0.0.1]:5703, displayName=artemis-build-agent-test], participationId=503, courseId=161, exerciseId=312, retryCount=0, priority=2, status=FAILED, repositoryInfo=RepositoryInfo[repositoryName=short00fa1a240403404c7e097d7007c591be2ab1tstexc-localciintstudent1, repositoryType=user, triggeredByPushTo=user, assignmentRepositoryUri=http://localhost:49152/git/SHORT00FA1A240403404C7E097D7007C591BE2AB1TSTEXC/short00fa1a240403404c7e097d7007c591be2ab1tstexc-localciintstudent1.git, testRepositoryUri=http://localhost:49152/git/SHORT00FA1A240403404C7E097D7007C591BE2AB1TSTEXC/short00fa1a240403404c7e097d7007c591be2ab1tstexc-tests.git, solutionRepositoryUri=null, auxiliaryRepositoryUris=[Ljava.lang.String;@7566a3f2, auxiliaryRepositoryCheckoutDirectories=[Ljava.lang.String;@498ea865], jobTimingInfo=JobTimingInfo[submissionDate=2025-02-14T23:43:24.847396156Z[Etc/UTC], buildStartDate=2025-02-14T23:43:24.860457211Z[Etc/UTC], buildCompletionDate=2025-02-14T23:43:26.809353681Z[Etc/UTC], estimatedCompletionDate=2025-02-14T23:43:46.860451490Z[Etc/UTC], estimatedDuration=22], buildConfig=BuildConfig[buildScript=#!/bin/bash
cd /var/tmp/testing-dir
chmod +x ./gradlew
./gradlew clean test
, dockerImage=dummy-docker-image:latest, commitHashToBuild=9690714a509af0a98c6790a7e52ee3574c7ef689, assignmentCommitHash=9690714a509af0a98c6790a7e52ee3574c7ef689, testCommitHash=9690714a509af0a98c6790a7e52ee3574c7ef689, branch=main, programmingLanguage=JAVA, projectType=PLAIN_GRADLE, scaEnabled=false, sequentialTestRunsEnabled=false, resultPaths=[/var/tmp/testing-dir/**/test-results/test/*.xml], timeoutSeconds=0, assignmentCheckoutPath=null, testCheckoutPath=null, solutionCheckoutPath=null, dockerRunConfig=null], submissionResult=ResultDTO[id=144, completionDate=2025-02-14T23:43:26.809483684Z[Etc/UTC], successful=false, score=0.0, rated=true, submission=SubmissionDTO[id=133, submitted=true, type=MANUAL, exampleSubmission=null, submissionDate=2025-02-14T23:43:24.841319Z, commitHash=9690714a509af0a98c6790a7e52ee3574c7ef689, buildFailed=true, buildArtifact=false, participation=ParticipationDTO[id=503, testRun=false, type=programming, submissionCount=null, exercise=ParticipationExerciseDTO[id=312, exerciseType=PROGRAMMING, type=programming, assessmentType=AUTOMATIC, dueDate=2025-02-16T23:43:24.571329Z, assessmentDueDate=null, maxPoints=42.0, course=CourseDTO[id=161, accuracyOfScores=1]]], submissionExerciseType=programming, isProcessing=false, buildStartDate=null, estimatedCompletionDate=null], participation=ParticipationDTO[id=503, testRun=false, type=programming, submissionCount=null, exercise=ParticipationExerciseDTO[id=312, exerciseType=PROGRAMMING, type=programming, assessmentType=AUTOMATIC, dueDate=2025-02-16T23:43:24.571329Z, assessmentDueDate=null, maxPoints=42.0, course=CourseDTO[id=161, accuracyOfScores=1]]], feedbacks=[], assessmentType=AUTOMATIC, hasComplaint=null, exampleResult=null, testCaseCount=0, passedTestCaseCount=0, codeIssueCount=0]], BuildJobQueueItem[id=5061739576605250, name=SHORT62C808EE04ECE040740AF7B0CF3AE5F5BEF2TSTEXC-LOCALCIINTSTUDENT1, buildAgent=BuildAgentDTO[name=artemis-build-agent-test, memberAddress=[127.0.0.1]:5703, displayName=artemis-build-agent-test], participationId=506, courseId=162, exerciseId=313, retryCount=0, priority=2, status=SUCCESSFUL, repositoryInfo=RepositoryInfo[repositoryName=short62c808ee04ece040740af7b0cf3ae5f5bef2tstexc-localciintstudent1, repositoryType=user, triggeredByPushTo=user, assignmentRepositoryUri=http://localhost:49152/git/SHORT62C808EE04ECE040740AF7B0CF3AE5F5BEF2TSTEXC/short62c808ee04ece040740af7b0cf3ae5f5bef2tstexc-localciintstudent1.git, testRepositoryUri=http://localhost:49152/git/SHORT62C808EE04ECE040740AF7B0CF3AE5F5BEF2TSTEXC/short62c808ee04ece040740af7b0cf3ae5f5bef2tstexc-tests.git, solutionRepositoryUri=null, auxiliaryRepositoryUris=[Ljava.lang.String;@503a8420, auxiliaryRepositoryCheckoutDirectories=[Ljava.lang.String;@7d8e5028], jobTimingInfo=JobTimingInfo[submissionDate=2025-02-14T23:43:25.250749866Z[Etc/UTC], buildStartDate=2025-02-14T23:43:26.820713075Z[Etc/UTC], buildCompletionDate=2025-02-14T23:43:28.304236378Z[Etc/UTC], estimatedCompletionDate=2025-02-14T23:43:45.820704920Z[Etc/UTC], estimatedDuration=19], buildConfig=BuildConfig[buildScript=#!/bin/bash
cd /var/tmp/testing-dir
chmod +x ./gradlew
./gradlew clean test
, dockerImage=dummy-docker-image:latest, commitHashToBuild=993b6f756e3e52a44d0537d4fa3a5d0e0acdbe89, assignmentCommitHash=993b6f756e3e52a44d0537d4fa3a5d0e0acdbe89, testCommitHash=993b6f756e3e52a44d0537d4fa3a5d0e0acdbe89, branch=main, programmingLanguage=JAVA, projectType=null, scaEnabled=false, sequentialTestRunsEnabled=false, resultPaths=[/var/tmp/testing-dir/**/test-results/test/*.xml], timeoutSeconds=0, assignmentCheckoutPath=null, testCheckoutPath=null, solutionCheckoutPath=null, dockerRunConfig=null], submissionResult=ResultDTO[id=145, completionDate=2025-02-14T23:43:28.269051286Z[Etc/UTC], successful=false, score=7.7, rated=true, submission=SubmissionDTO[id=134, submitted=true, type=MANUAL, exampleSubmission=null, submissionDate=2025-02-14T23:43:25.241685Z, commitHash=993b6f756e3e52a44d0537d4fa3a5d0e0acdbe89, buildFailed=false, buildArtifact=false, participation=ParticipationDTO[id=506, testRun=false, type=programming, submissionCount=null, exercise=ParticipationExerciseDTO[id=313, exerciseType=PROGRAMMING, type=programming, assessmentType=AUTOMATIC, dueDate=2025-02-16T23:43:24.986721Z, assessmentDueDate=null, maxPoints=42.0, course=CourseDTO[id=162, accuracyOfScores=1]]], submissionExerciseType=programming, isProcessing=false, buildStartDate=null, estimatedCompletionDate=null], participation=ParticipationDTO[id=506, testRun=false, type=programming, submissionCount=null, exercise=ParticipationExerciseDTO[id=313, exerciseType=PROGRAMMING, type=programming, assessmentType=AUTOMATIC, dueDate=2025-02-16T23:43:24.986721Z, assessmentDueDate=null, maxPoints=42.0, course=CourseDTO[id=162, accuracyOfScores=1]]], feedbacks=[FeedbackDTO[id=199, text=null, detailText=The exercise expects a class with the name Context in the package testpackage. You did not implement the class in the exercise., hasLongFeedbackText=false, reference=null, credits=0.0, positive=false, type=AUTOMATIC, visibility=ALWAYS, testCase=TestCaseDTO[testName=null, id=208]], FeedbackDTO[id=200, text=null, detailText=The exercise expects a class with the name Policy in the package testpackage. You did not implement the class in the exercise., hasLongFeedbackText=false, reference=null, credits=0.0, positive=false, type=AUTOMATIC, visibility=ALWAYS, testCase=TestCaseDTO[testName=null, id=209]], FeedbackDTO[id=201, text=null, detailText=The exercise expects a class with the name SortStrategy in the package testpackage. You did not implement the class in the exercise., hasLongFeedbackText=false, reference=null, credits=0.0, positive=false, type=AUTOMATIC, visibility=ALWAYS, testCase=TestCaseDTO[testName=null, id=210]], FeedbackDTO[id=202, text=null, detailText=The class 'MergeSort' does not implement the interface 'SortStrategy' as expected. Implement the interface and its methods., hasLongFeedbackText=false, reference=null, credits=0.0, positive=false, type=AUTOMATIC, visibility=ALWAYS, testCase=TestCaseDTO[testName=null, id=205]], FeedbackDTO[id=203, text=null, detailText=The exercise expects a class with the name SortStrategy in the package testpackage. You did not implement the class in the exercise., hasLongFeedbackText=false, reference=null, credits=0.0, positive=false, type=AUTOMATIC, visibility=ALWAYS, testCase=TestCaseDTO[testName=null, id=202]], FeedbackDTO[id=204, text=null, detailText=The class 'BubbleSort' does not implement the interface 'SortStrategy' as expected. Implement the interface and its methods., hasLongFeedbackText=false, reference=null, credits=0.0, positive=false, type=AUTOMATIC, visibility=ALWAYS, testCase=TestCaseDTO[testName=null, id=206]], FeedbackDTO[id=205, text=null, detailText=MergeSort does not sort correctly, hasLongFeedbackText=false, reference=null, credits=0.0, positive=false, type=AUTOMATIC, visibility=ALWAYS, testCase=TestCaseDTO[testName=null, id=211]], FeedbackDTO[id=206, text=null, detailText=The class 'Context' was not found within the submission. Make sure to implement it properly., hasLongFeedbackText=false, reference=null, credits=0.0, positive=false, type=AUTOMATIC, visibility=ALWAYS, testCase=TestCaseDTO[testName=null, id=212]], FeedbackDTO[id=207, text=null, detailText=The class 'Context' was not found within the submission. Make sure to implement it properly., hasLongFeedbackText=false, reference=null, credits=0.0, positive=false, type=AUTOMATIC, visibility=ALWAYS, testCase=TestCaseDTO[testName=null, id=213]], FeedbackDTO[id=208, text=null, detailText=The exercise expects a class with the name Policy in the package testpackage. You did not implement the class in the exercise., hasLongFeedbackText=false, reference=null, credits=0.0, positive=false, type=AUTOMATIC, visibility=ALWAYS, testCase=TestCaseDTO[testName=null, id=207]], FeedbackDTO[id=209, text=null, detailText=The exercise expects a class with the name Context in the package testpackage. You did not implement the class in the exercise., hasLongFeedbackText=false, reference=null, credits=0.0, positive=false, type=AUTOMATIC, visibility=ALWAYS, testCase=TestCaseDTO[testName=null, id=203]], FeedbackDTO[id=210, text=null, detailText=The exercise expects a class with the name Policy in the package testpackage. You did not implement the class in the exercise., hasLongFeedbackText=false, reference=null, credits=0.0, positive=false, type=AUTOMATIC, visibility=ALWAYS, testCase=TestCaseDTO[testName=null, id=204]], FeedbackDTO[id=211, text=null, detailText=null, hasLongFeedbackText=false, reference=null, credits=3.230769230769231, positive=true, type=AUTOMATIC, visibility=ALWAYS, testCase=TestCaseDTO[testName=null, id=214]]], assessmentType=AUTOMATIC, hasComplaint=null, exampleResult=null, testCaseCount=13, passedTestCaseCount=1, codeIssueCount=0]], BuildJobQueueItem[id=5121739576609302, name=SHORT3D739532080B804BC608BDA0F7816DDB4316TSTEXC-LOCALCIINTSTUDENT1, buildAgent=BuildAgentDTO[name=artemis-build-agent-test, memberAddress=[127.0.0.1]:5703, displayName=artemis-build-agent-test], participationId=512, courseId=164, exerciseId=315, retryCount=0, priority=2, status=SUCCESSFUL, repositoryInfo=RepositoryInfo[repositoryName=short3d739532080b804bc608bda0f7816ddb4316tstexc-localciintstudent1, repositoryType=user, triggeredByPushTo=user, assignmentRepositoryUri=http://localhost:49152/git/SHORT3D739532080B804BC608BDA0F7816DDB4316TSTEXC/short3d739532080b804bc608bda0f7816ddb4316tstexc-localciintstudent1.git, testRepositoryUri=http://localhost:49152/git/SHORT3D739532080B804BC608BDA0F7816DDB4316TSTEXC/short3d739532080b804bc608bda0f7816ddb4316tstexc-tests.git, solutionRepositoryUri=null, auxiliaryRepositoryUris=[Ljava.lang.String;@3d371558, auxiliaryRepositoryCheckoutDirectories=[Ljava.lang.String;@1c64f1b], jobTimingInfo=JobTimingInfo[submissionDate=2025-02-14T23:43:29.302618463Z[Etc/UTC], buildStartDate=2025-02-14T23:43:29.307985701Z[Etc/UTC], buildCompletionDate=2025-02-14T23:43:30.717961572Z[Etc/UTC], estimatedCompletionDate=2025-02-14T23:43:48.307979980Z[Etc/UTC], estimatedDuration=19], buildConfig=BuildConfig[buildScript=#!/bin/bash
cd /var/tmp/testing-dir
chmod +x ./gradlew
./gradlew clean test
, dockerImage=dummy-docker-image:latest, commitHashToBuild=71f54bdf5e0f9c98936e24a4638fd2ffcf966edd, assignmentCommitHash=71f54bdf5e0f9c98936e24a4638fd2ffcf966edd, testCommitHash=71f54bdf5e0f9c98936e24a4638fd2ffcf966edd, branch=main, programmingLanguage=JAVA, projectType=PLAIN_GRADLE, scaEnabled=false, sequentialTestRunsEnabled=false, resultPaths=[/var/tmp/testing-dir/**/test-results/test/*.xml], timeoutSeconds=0, assignmentCheckoutPath=null, testCheckoutPath=null, solutionCheckoutPath=null, dockerRunConfig=null], submissionResult=ResultDTO[id=146, completionDate=2025-02-14T23:43:30.706391245Z[Etc/UTC], successful=false, score=0.0, rated=true, submission=SubmissionDTO[id=135, submitted=true, type=MANUAL, exampleSubmission=null, submissionDate=2025-02-14T23:43:29.291920Z, commitHash=71f54bdf5e0f9c98936e24a4638fd2ffcf966edd, buildFailed=true, buildArtifact=false, participation=ParticipationDTO[id=512, testRun=false, type=programming, submissionCount=null, exercise=ParticipationExerciseDTO[id=315, exerciseType=PROGRAMMING, type=programming, assessmentType=AUTOMATIC, dueDate=2025-02-16T23:43:29.183823Z, assessmentDueDate=null, maxPoints=42.0, course=CourseDTO[id=164, accuracyOfScores=1]]], submissionExerciseType=programming, isProcessing=false, buildStartDate=null, estimatedCompletionDate=null], participation=ParticipationDTO[id=512, testRun=false, type=programming, submissionCount=null, exercise=ParticipationExerciseDTO[id=315, exerciseType=PROGRAMMING, type=programming, assessmentType=AUTOMATIC, dueDate=2025-02-16T23:43:29.183823Z, assessmentDueDate=null, maxPoints=42.0, course=CourseDTO[id=164, accuracyOfScores=1]]], feedbacks=[], assessmentType=AUTOMATIC, hasComplaint=null, exampleResult=null, testCaseCount=0, passedTestCaseCount=0, codeIssueCount=0]], BuildJobQueueItem[id=17441739576693929, name=SHORT1433D0160BE1D048240B38F04F231AEE650FTSTEXC-SOLUTION, buildAgent=BuildAgentDTO[name=artemis-build-agent-test, memberAddress=[127.0.0.1]:5703, displayName=artemis-build-agent-test], participationId=1744, courseId=871, exerciseId=2446, retryCount=0, priority=2, status=FAILED, repositoryInfo=RepositoryInfo[repositoryName=short1433d0160be1d048240b38f04f231aee650ftstexc-solution, repositoryType=solution, triggeredByPushTo=solution, assignmentRepositoryUri=http://localhost:49152/git/SHORT1433D0160BE1D048240B38F04F231AEE650FTSTEXC/short1433d0160be1d048240b38f04f231aee650ftstexc-solution.git, testRepositoryUri=http://nadnasidni.tum/scm/SHORT1433D0160BE1D048240B38F04F231AEE650FTSTEXC/SHORT1433D0160BE1D048240B38F04F231AEE650FTSTEXC-tests.git, solutionRepositoryUri=null, auxiliaryRepositoryUris=[Ljava.lang.String;@5d9c087, auxiliaryRepositoryCheckoutDirectories=[Ljava.lang.String;@ad9cf04], jobTimingInfo=JobTimingInfo[submissionDate=2025-02-14T23:44:53.929193408Z[Etc/UTC], buildStartDate=2025-02-14T23:44:53.935912198Z[Etc/UTC], buildCompletionDate=2025-02-14T23:44:54.304976027Z[Etc/UTC], estimatedCompletionDate=2025-02-14T23:45:12.935900175Z[Etc/UTC], estimatedDuration=19], buildConfig=BuildConfig[buildScript=#!/bin/bash
cd /var/tmp/testing-dir
mvn clean test
, dockerImage=dummy-docker-image, commitHashToBuild=null, assignmentCommitHash=9b3a9bd71a0d80e5bbc42204c319ed3d1d4f0d6d, testCommitHash=9b3a9bd71a0d80e5bbc42204c319ed3d1d4f0d6d, branch=main, programmingLanguage=JAVA, projectType=PLAIN_MAVEN, scaEnabled=false, sequentialTestRunsEnabled=false, resultPaths=[/var/tmp/testing-dir/**/target/surefire-reports/*.xml], timeoutSeconds=0, assignmentCheckoutPath=null, testCheckoutPath=null, solutionCheckoutPath=null, dockerRunConfig=null], submissionResult=null], BuildJobQueueItem[id=17451739576693934, name=SHORT1433D0160BE1D048240B38F04F231AEE650FTSTEXC-BASE, buildAgent=BuildAgentDTO[name=artemis-build-agent-test, memberAddress=[127.0.0.1]:5703, displayName=artemis-build-agent-test], participationId=1745, courseId=871, exerciseId=2446, retryCount=0, priority=2, status=FAILED, repositoryInfo=RepositoryInfo[repositoryName=short1433d0160be1d048240b38f04f231aee650ftstexc-exercise, repositoryType=exercise, triggeredByPushTo=exercise, assignmentRepositoryUri=http://localhost:49152/git/SHORT1433D0160BE1D048240B38F04F231AEE650FTSTEXC/short1433d0160be1d048240b38f04f231aee650ftstexc-exercise.git, testRepositoryUri=http://nadnasidni.tum/scm/SHORT1433D0160BE1D048240B38F04F231AEE650FTSTEXC/SHORT1433D0160BE1D048240B38F04F231AEE650FTSTEXC-tests.git, solutionRepositoryUri=null, auxiliaryRepositoryUris=[Ljava.lang.String;@f4196d2, auxiliaryRepositoryCheckoutDirectories=[Ljava.lang.String;@3c4caeb6], jobTimingInfo=JobTimingInfo[submissionDate=2025-02-14T23:44:53.934335889Z[Etc/UTC], buildStartDate=2025-02-14T23:44:54.327124774Z[Etc/UTC], buildCompletionDate=2025-02-14T23:44:54.342227569Z[Etc/UTC], estimatedCompletionDate=2025-02-14T23:45:13.327117811Z[Etc/UTC], estimatedDuration=19], buildConfig=BuildConfig[buildScript=#!/bin/bash
cd /var/tmp/testing-dir
mvn clean test
, dockerImage=dummy-docker-image, commitHashToBuild=null, assignmentCommitHash=9b3a9bd71a0d80e5bbc42204c319ed3d1d4f0d6d, testCommitHash=9b3a9bd71a0d80e5bbc42204c319ed3d1d4f0d6d, branch=main, programmingLanguage=JAVA, projectType=PLAIN_MAVEN, scaEnabled=false, sequentialTestRunsEnabled=false, resultPaths=[/var/tmp/testing-dir/**/target/surefire-reports/*.xml], timeoutSeconds=0, assignmentCheckoutPath=null, testCheckoutPath=null, solutionCheckoutPath=null, dockerRunConfig=null], submissionResult=null], BuildJobQueueItem[id=17461739576694099, name=SHORT9813A60B0D82D0492A0A4D90B91108517937TSTEXC-SOLUTION, buildAgent=BuildAgentDTO[name=artemis-build-agent-test, memberAddress=[127.0.0.1]:5703, displayName=artemis-build-agent-test], participationId=1746, courseId=872, exerciseId=2447, retryCount=0, priority=2, status=FAILED, repositoryInfo=RepositoryInfo[repositoryName=short9813a60b0d82d0492a0a4d90b91108517937tstexc-solution, repositoryType=solution, triggeredByPushTo=solution, assignmentRepositoryUri=http://localhost:49152/git/SHORT9813A60B0D82D0492A0A4D90B91108517937TSTEXC/short9813a60b0d82d0492a0a4d90b91108517937tstexc-solution.git, testRepositoryUri=http://nadnasidni.tum/scm/SHORT9813A60B0D82D0492A0A4D90B91108517937TSTEXC/SHORT9813A60B0D82D0492A0A4D90B91108517937TSTEXC-tests.git, solutionRepositoryUri=null, auxiliaryRepositoryUris=[Ljava.lang.String;@77da8c40, auxiliaryRepositoryCheckoutDirectories=[Ljava.lang.String;@333fcc50], jobTimingInfo=JobTimingInfo[submissionDate=2025-02-14T23:44:54.099771235Z[Etc/UTC], buildStartDate=2025-02-14T23:44:54.357176465Z[Etc/UTC], buildCompletionDate=2025-02-14T23:44:54.369810707Z[Etc/UTC], estimatedCompletionDate=2025-02-14T23:45:13.357171275Z[Etc/UTC], estimatedDuration=19], buildConfig=BuildConfig[buildScript=#!/bin/bash
cd /var/tmp/testing-dir
mvn clean test
, dockerImage=dummy-docker-image, commitHashToBuild=null, assignmentCommitHash=9b3a9bd71a0d80e5bbc42204c319ed3d1d4f0d6d, testCommitHash=9b3a9bd71a0d80e5bbc42204c319ed3d1d4f0d6d, branch=main, programmingLanguage=JAVA, projectType=PLAIN_MAVEN, scaEnabled=false, sequentialTestRunsEnabled=false, resultPaths=[/var/tmp/testing-dir/**/target/surefire-reports/*.xml], timeoutSeconds=0, assignmentCheckoutPath=null, testCheckoutPath=null, solutionCheckoutPath=null, dockerRunConfig=null], submissionResult=null], BuildJobQueueItem[id=17471739576694103, name=SHORT9813A60B0D82D0492A0A4D90B91108517937TSTEXC-BASE, buildAgent=BuildAgentDTO[name=artemis-build-agent-test, memberAddress=[127.0.0.1]:5703, displayName=artemis-build-agent-test], participationId=1747, courseId=872, exerciseId=2447, retryCount=0, priority=2, status=FAILED, repositoryInfo=RepositoryInfo[repositoryName=short9813a60b0d82d0492a0a4d90b91108517937tstexc-exercise, repositoryType=exercise, triggeredByPushTo=exercise, assignmentRepositoryUri=http://localhost:49152/git/SHORT9813A60B0D82D0492A0A4D90B91108517937TSTEXC/short9813a60b0d82d0492a0a4d90b91108517937tstexc-exercise.git, testRepositoryUri=http://nadnasidni.tum/scm/SHORT9813A60B0D82D0492A0A4D90B91108517937TSTEXC/SHORT9813A60B0D82D0492A0A4D90B91108517937TSTEXC-tests.git, solutionRepositoryUri=null, auxiliaryRepositoryUris=[Ljava.lang.String;@304b3be3, auxiliaryRepositoryCheckoutDirectories=[Ljava.lang.String;@692b0a42], jobTimingInfo=JobTimingInfo[submissionDate=2025-02-14T23:44:54.103710671Z[Etc/UTC], buildStartDate=2025-02-14T23:44:54.382756129Z[Etc/UTC], buildCompletionDate=2025-02-14T23:44:54.398052636Z[Etc/UTC], estimatedCompletionDate=2025-02-14T23:45:13.382751040Z[Etc/UTC], estimatedDuration=19], buildConfig=BuildConfig[buildScript=#!/bin/bash
cd /var/tmp/testing-dir
mvn clean test
, dockerImage=dummy-docker-image, commitHashToBuild=null, assignmentCommitHash=9b3a9bd71a0d80e5bbc42204c319ed3d1d4f0d6d, testCommitHash=9b3a9bd71a0d80e5bbc42204c319ed3d1d4f0d6d, branch=main, programmingLanguage=JAVA, projectType=PLAIN_MAVEN, scaEnabled=false, sequentialTestRunsEnabled=false, resultPaths=[/var/tmp/testing-dir/**/target/surefire-reports/*.xml], timeoutSeconds=0, assignmentCheckoutPath=null, testCheckoutPath=null, solutionCheckoutPath=null, dockerRunConfig=null], submissionResult=null], BuildJobQueueItem[id=17481739576694246, name=SHORTD91D0B6D0E6A204E010812505A867B04E6F8TSTEXC-SOLUTION, buildAgent=BuildAgentDTO[name=artemis-build-agent-test, memberAddress=[127.0.0.1]:5703, displayName=artemis-build-agent-test], participationId=1748, courseId=873, exerciseId=2448, retryCount=0, priority=2, status=FAILED, repositoryInfo=RepositoryInfo[repositoryName=shortd91d0b6d0e6a204e010812505a867b04e6f8tstexc-solution, repositoryType=solution, triggeredByPushTo=solution, assignmentRepositoryUri=http://localhost:49152/git/SHORTD91D0B6D0E6A204E010812505A867B04E6F8TSTEXC/shortd91d0b6d0e6a204e010812505a867b04e6f8tstexc-solution.git, testRepositoryUri=http://nadnasidni.tum/scm/SHORTD91D0B6D0E6A204E010812505A867B04E6F8TSTEXC/SHORTD91D0B6D0E6A204E010812505A867B04E6F8TSTEXC-tests.git, solutionRepositoryUri=null, auxiliaryRepositoryUris=[Ljava.lang.String;@4a3023ab, auxiliaryRepositoryCheckoutDirectories=[Ljava.lang.String;@7a03bf1], jobTimingInfo=JobTimingInfo[submissionDate=2025-02-14T23:44:54.246508059Z[Etc/UTC], buildStartDate=2025-02-14T23:44:54.408522902Z[Etc/UTC], buildCompletionDate=2025-02-14T23:44:54.557346549Z[Etc/UTC], estimatedCompletionDate=2025-02-14T23:45:13.408517873Z[Etc/UTC], estimatedDuration=19], buildConfig=BuildConfig[buildScript=#!/bin/bash
cd /var/tmp/testing-dir
mvn clean test
, dockerImage=dummy-docker-image, commitHashToBuild=null, assignmentCommitHash=9b3a9bd71a0d80e5bbc42204c319ed3d1d4f0d6d, testCommitHash=9b3a9bd71a0d80e5bbc42204c319ed3d1d4f0d6d, branch=main, programmingLanguage=JAVA, projectType=PLAIN_MAVEN, scaEnabled=false, sequentialTestRunsEnabled=false, resultPaths=[/var/tmp/testing-dir/**/target/surefire-reports/*.xml], timeoutSeconds=0, assignmentCheckoutPath=null, testCheckoutPath=null, solutionCheckoutPath=null, dockerRunConfig=null], submissionResult=null], BuildJobQueueItem[id=17491739576694250, name=SHORTD91D0B6D0E6A204E010812505A867B04E6F8TSTEXC-BASE, buildAgent=BuildAgentDTO[name=artemis-build-agent-test, memberAddress=[127.0.0.1]:5703, displayName=artemis-build-agent-test], participationId=1749, courseId=873, exerciseId=2448, retryCount=0, priority=2, status=FAILED, repositoryInfo=RepositoryInfo[repositoryName=shortd91d0b6d0e6a204e010812505a867b04e6f8tstexc-exercise, repositoryType=exercise, triggeredByPushTo=exercise, assignmentRepositoryUri=http://localhost:49152/git/SHORTD91D0B6D0E6A204E010812505A867B04E6F8TSTEXC/shortd91d0b6d0e6a204e010812505a867b04e6f8tstexc-exercise.git, testRepositoryUri=http://nadnasidni.tum/scm/SHORTD91D0B6D0E6A204E010812505A867B04E6F8TSTEXC/SHORTD91D0B6D0E6A204E010812505A867B04E6F8TSTEXC-tests.git, solutionRepositoryUri=null, auxiliaryRepositoryUris=[Ljava.lang.String;@6edd9cc5, auxiliaryRepositoryCheckoutDirectories=[Ljava.lang.String;@5f15f246], jobTimingInfo=JobTimingInfo[submissionDate=2025-02-14T23:44:54.250218388Z[Etc/UTC], buildStartDate=2025-02-14T23:44:54.565325579Z[Etc/UTC], buildCompletionDate=2025-02-14T23:44:54.572575439Z[Etc/UTC], estimatedCompletionDate=2025-02-14T23:45:13.565320309Z[Etc/UTC], estimatedDuration=19], buildConfig=BuildConfig[buildScript=#!/bin/bash
cd /var/tmp/testing-dir
mvn clean test
, dockerImage=dummy-docker-image, commitHashToBuild=null, assignmentCommitHash=9b3a9bd71a0d80e5bbc42204c319ed3d1d4f0d6d, testCommitHash=9b3a9bd71a0d80e5bbc42204c319ed3d1d4f0d6d, branch=main, programmingLanguage=JAVA, projectType=PLAIN_MAVEN, scaEnabled=false, sequentialTestRunsEnabled=false, resultPaths=[/var/tmp/testing-dir/**/target/surefire-reports/*.xml], timeoutSeconds=0, assignmentCheckoutPath=null, testCheckoutPath=null, solutionCheckoutPath=null, dockerRunConfig=null], submissionResult=null], BuildJobQueueItem[id=17501739576694407, name=SHORTE1E2C8FB0925A040D30912709B8BA4309AE8TSTEXC-SOLUTION, buildAgent=BuildAgentDTO[name=artemis-build-agent-test, memberAddress=[127.0.0.1]:5703, displayName=artemis-build-agent-test], participationId=1750, courseId=874, exerciseId=2449, retryCount=0, priority=2, status=FAILED, repositoryInfo=RepositoryInfo[repositoryName=shorte1e2c8fb0925a040d30912709b8ba4309ae8tstexc-solution, repositoryType=solution, triggeredByPushTo=solution, assignmentRepositoryUri=http://localhost:49152/git/SHORTE1E2C8FB0925A040D30912709B8BA4309AE8TSTEXC/shorte1e2c8fb0925a040d30912709b8ba4309ae8tstexc-solution.git, testRepositoryUri=http://nadnasidni.tum/scm/SHORTE1E2C8FB0925A040D30912709B8BA4309AE8TSTEXC/SHORTE1E2C8FB0925A040D30912709B8BA4309AE8TSTEXC-tests.git, solutionRepositoryUri=null, auxiliaryRepositoryUris=[Ljava.lang.String;@14f3bf74, auxiliaryRepositoryCheckoutDirectories=[Ljava.lang.String;@120a71a8], jobTimingInfo=JobTimingInfo[submissionDate=2025-02-14T23:44:54.407559917Z[Etc/UTC], buildStartDate=2025-02-14T23:44:54.587426886Z[Etc/UTC], buildCompletionDate=2025-02-14T23:44:54.600146307Z[Etc/UTC], estimatedCompletionDate=2025-02-14T23:45:13.587421336Z[Etc/UTC], estimatedDuration=19], buildConfig=BuildConfig[buildScript=#!/bin/bash
cd /var/tmp/testing-dir
mvn clean test
, dockerImage=dummy-docker-image, commitHashToBuild=null, assignmentCommitHash=9b3a9bd71a0d80e5bbc42204c319ed3d1d4f0d6d, testCommitHash=9b3a9bd71a0d80e5bbc42204c319ed3d1d4f0d6d, branch=main, programmingLanguage=JAVA, projectType=PLAIN_MAVEN, scaEnabled=false, sequentialTestRunsEnabled=false, resultPaths=[/var/tmp/testing-dir/**/target/surefire-reports/*.xml], timeoutSeconds=0, assignmentCheckoutPath=null, testCheckoutPath=null, solutionCheckoutPath=null, dockerRunConfig=null], submissionResult=null], BuildJobQueueItem[id=17511739576694411, name=SHORTE1E2C8FB0925A040D30912709B8BA4309AE8TSTEXC-BASE, buildAgent=BuildAgentDTO[name=artemis-build-agent-test, memberAddress=[127.0.0.1]:5703, displayName=artemis-build-agent-test], participationId=1751, courseId=874, exerciseId=2449, retryCount=0, priority=2, status=FAILED, repositoryInfo=RepositoryInfo[repositoryName=shorte1e2c8fb0925a040d30912709b8ba4309ae8tstexc-exercise, repositoryType=exercise, triggeredByPushTo=exercise, assignmentRepositoryUri=http://localhost:49152/git/SHORTE1E2C8FB0925A040D30912709B8BA4309AE8TSTEXC/shorte1e2c8fb0925a040d30912709b8ba4309ae8tstexc-exercise.git, testRepositoryUri=http://nadnasidni.tum/scm/SHORTE1E2C8FB0925A040D30912709B8BA4309AE8TSTEXC/SHORTE1E2C8FB0925A040D30912709B8BA4309AE8TSTEXC-tests.git, solutionRepositoryUri=null, auxiliaryRepositoryUris=[Ljava.lang.String;@10b3ec98, auxiliaryRepositoryCheckoutDirectories=[Ljava.lang.String;@6044ab0a], jobTimingInfo=JobTimingInfo[submissionDate=2025-02-14T23:44:54.411372528Z[Etc/UTC], buildStartDate=2025-02-14T23:44:54.612545140Z[Etc/UTC], buildCompletionDate=2025-02-14T23:44:54.622668850Z[Etc/UTC], estimatedCompletionDate=2025-02-14T23:45:13.612539730Z[Etc/UTC], estimatedDuration=19], buildConfig=BuildConfig[buildScript=#!/bin/bash
cd /var/tmp/testing-dir
mvn clean test
, dockerImage=dummy-docker-image, commitHashToBuild=null, assignmentCommitHash=9b3a9bd71a0d80e5bbc42204c319ed3d1d4f0d6d, testCommitHash=9b3a9bd71a0d80e5bbc42204c319ed3d1d4f0d6d, branch=main, programmingLanguage=JAVA, projectType=PLAIN_MAVEN, scaEnabled=false, sequentialTestRunsEnabled=false, resultPaths=[/var/tmp/testing-dir/**/target/surefire-reports/*.xml], timeoutSeconds=0, assignmentCheckoutPath=null, testCheckoutPath=null, solutionCheckoutPath=null, dockerRunConfig=null], submissionResult=null], BuildJobQueueItem[id=17521739576694519, name=SHORTFDB0CC0C02BA4046D90BD74095B77B392C2CTSTEXC-SOLUTION, buildAgent=BuildAgentDTO[name=artemis-build-agent-test, memberAddress=[127.0.0.1]:5703, displayName=artemis-build-agent-test], participationId=1752, courseId=875, exerciseId=2450, retryCount=0, priority=2, status=FAILED, repositoryInfo=RepositoryInfo[repositoryName=shortfdb0cc0c02ba4046d90bd74095b77b392c2ctstexc-solution, repositoryType=solution, triggeredByPushTo=solution, assignmentRepositoryUri=http://localhost:49152/git/SHORTFDB0CC0C02BA4046D90BD74095B77B392C2CTSTEXC/shortfdb0cc0c02ba4046d90bd74095b77b392c2ctstexc-solution.git, testRepositoryUri=http://nadnasidni.tum/scm/SHORTFDB0CC0C02BA4046D90BD74095B77B392C2CTSTEXC/SHORTFDB0CC0C02BA4046D90BD74095B77B392C2CTSTEXC-tests.git, solutionRepositoryUri=null, auxiliaryRepositoryUris=[Ljava.lang.String;@69c5b069, auxiliaryRepositoryCheckoutDirectories=[Ljava.lang.String;@28831bc8], jobTimingInfo=JobTimingInfo[submissionDate=2025-02-14T23:44:54.519944287Z[Etc/UTC], buildStartDate=2025-02-14T23:44:54.633715Z[Etc/UTC], buildCompletionDate=2025-02-14T23:44:54.643824003Z[Etc/UTC], estimatedCompletionDate=2025-02-14T23:45:13.633710151Z[Etc/UTC], estimatedDuration=19], buildConfig=BuildConfig[buildScript=#!/bin/bash
cd /var/tmp/testing-dir
mvn clean test
, dockerImage=dummy-docker-image, commitHashToBuild=null, assignmentCommitHash=9b3a9bd71a0d80e5bbc42204c319ed3d1d4f0d6d, testCommitHash=9b3a9bd71a0d80e5bbc42204c319ed3d1d4f0d6d, branch=main, programmingLanguage=JAVA, projectType=PLAIN_MAVEN, scaEnabled=false, sequentialTestRunsEnabled=false, resultPaths=[/var/tmp/testing-dir/**/target/surefire-reports/*.xml], timeoutSeconds=0, assignmentCheckoutPath=null, testCheckoutPath=null, solutionCheckoutPath=null, dockerRunConfig=null], submissionResult=null], BuildJobQueueItem[id=17531739576694522, name=SHORTFDB0CC0C02BA4046D90BD74095B77B392C2CTSTEXC-BASE, buildAgent=BuildAgentDTO[name=artemis-build-agent-test, memberAddress=[127.0.0.1]:5703, displayName=artemis-build-agent-test], participationId=1753, courseId=875, exerciseId=2450, retryCount=0, priority=2, status=FAILED, repositoryInfo=RepositoryInfo[repositoryName=shortfdb0cc0c02ba4046d90bd74095b77b392c2ctstexc-exercise, repositoryType=exercise, triggeredByPushTo=exercise, assignmentRepositoryUri=http://localhost:49152/git/SHORTFDB0CC0C02BA4046D90BD74095B77B392C2CTSTEXC/shortfdb0cc0c02ba4046d90bd74095b77b392c2ctstexc-exercise.git, testRepositoryUri=http://nadnasidni.tum/scm/SHORTFDB0CC0C02BA4046D90BD74095B77B392C2CTSTEXC/SHORTFDB0CC0C02BA4046D90BD74095B77B392C2CTSTEXC-tests.git, solutionRepositoryUri=null, auxiliaryRepositoryUris=[Ljava.lang.String;@27dbe56c, auxiliaryRepositoryCheckoutDirectories=[Ljava.lang.String;@62821666], jobTimingInfo=JobTimingInfo[submissionDate=2025-02-14T23:44:54.522500123Z[Etc/UTC], buildStartDate=2025-02-14T23:44:54.652544627Z[Etc/UTC], buildCompletionDate=2025-02-14T23:44:54.667867112Z[Etc/UTC], estimatedCompletionDate=2025-02-14T23:45:13.652540008Z[Etc/UTC], estimatedDuration=19], buildConfig=BuildConfig[buildScript=#!/bin/bash
cd /var/tmp/testing-dir
mvn clean test
, dockerImage=dummy-docker-image, commitHashToBuild=null, assignmentCommitHash=9b3a9bd71a0d80e5bbc42204c319ed3d1d4f0d6d, testCommitHash=9b3a9bd71a0d80e5bbc42204c319ed3d1d4f0d6d, branch=main, programmingLanguage=JAVA, projectType=PLAIN_MAVEN, scaEnabled=false, sequentialTestRunsEnabled=false, resultPaths=[/var/tmp/testing-dir/**/target/surefire-reports/*.xml], timeoutSeconds=0, assignmentCheckoutPath=null, testCheckoutPath=null, solutionCheckoutPath=null, dockerRunConfig=null], submissionResult=null], BuildJobQueueItem[id=17551739576694666, name=SHORT4B6B7AAF03B28040600B8D20E984055B617ATSTEXC-SOLUTION, buildAgent=BuildAgentDTO[name=artemis-build-agent-test, memberAddress=[127.0.0.1]:5703, displayName=artemis-build-agent-test], participationId=1755, courseId=876, exerciseId=2451, retryCount=0, priority=2, status=FAILED, repositoryInfo=RepositoryInfo[repositoryName=short4b6b7aaf03b28040600b8d20e984055b617atstexc-solution, repositoryType=solution, triggeredByPushTo=solution, assignmentRepositoryUri=http://localhost:49152/git/SHORT4B6B7AAF03B28040600B8D20E984055B617ATSTEXC/short4b6b7aaf03b28040600b8d20e984055b617atstexc-solution.git, testRepositoryUri=http://nadnasidni.tum/scm/SHORT4B6B7AAF03B28040600B8D20E984055B617ATSTEXC/SHORT4B6B7AAF03B28040600B8D20E984055B617ATSTEXC-tests.git, solutionRepositoryUri=null, auxiliaryRepositoryUris=[Ljava.lang.String;@2600b4a7, auxiliaryRepositoryCheckoutDirectories=[Ljava.lang.String;@166db6f4], jobTimingInfo=JobTimingInfo[submissionDate=2025-02-14T23:44:54.666476750Z[Etc/UTC], buildStartDate=2025-02-14T23:44:54.680145230Z[Etc/UTC], buildCompletionDate=2025-02-14T23:44:54.823544984Z[Etc/UTC], estimatedCompletionDate=2025-02-14T23:45:13.680139659Z[Etc/UTC], estimatedDuration=19], buildConfig=BuildConfig[buildScript=#!/bin/bash
cd /var/tmp/testing-dir
mvn clean test
, dockerImage=dummy-docker-image, commitHashToBuild=null, assignmentCommitHash=9b3a9bd71a0d80e5bbc42204c319ed3d1d4f0d6d, testCommitHash=9b3a9bd71a0d80e5bbc42204c319ed3d1d4f0d6d, branch=main, programmingLanguage=JAVA, projectType=PLAIN_MAVEN, scaEnabled=false, sequentialTestRunsEnabled=false, resultPaths=[/var/tmp/testing-dir/**/target/surefire-reports/*.xml], timeoutSeconds=0, assignmentCheckoutPath=null, testCheckoutPath=null, solutionCheckoutPath=null, dockerRunConfig=null], submissionResult=null], BuildJobQueueItem[id=17561739576694670, name=SHORT4B6B7AAF03B28040600B8D20E984055B617ATSTEXC-BASE, buildAgent=BuildAgentDTO[name=artemis-build-agent-test, memberAddress=[127.0.0.1]:5703, displayName=artemis-build-agent-test], participationId=1756, courseId=876, exerciseId=2451, retryCount=0, priority=2, status=FAILED, repositoryInfo=RepositoryInfo[repositoryName=short4b6b7aaf03b28040600b8d20e984055b617atstexc-exercise, repositoryType=exercise, triggeredByPushTo=exercise, assignmentRepositoryUri=http://localhost:49152/git/SHORT4B6B7AAF03B28040600B8D20E984055B617ATSTEXC/short4b6b7aaf03b28040600b8d20e984055b617atstexc-exercise.git, testRepositoryUri=http://nadnasidni.tum/scm/SHORT4B6B7AAF03B28040600B8D20E984055B617ATSTEXC/SHORT4B6B7AAF03B28040600B8D20E984055B617ATSTEXC-tests.git, solutionRepositoryUri=null, auxiliaryRepositoryUris=[Ljava.lang.String;@6ee5c1d0, auxiliaryRepositoryCheckoutDirectories=[Ljava.lang.String;@1c26db4c], jobTimingInfo=JobTimingInfo[submissionDate=2025-02-14T23:44:54.670345785Z[Etc/UTC], buildStartDate=2025-02-14T23:44:54.839162169Z[Etc/UTC], buildCompletionDate=2025-02-14T23:44:55.002957236Z[Etc/UTC], estimatedCompletionDate=2025-02-14T23:45:13.839155737Z[Etc/UTC], estimatedDuration=19], buildConfig=BuildConfig[buildScript=#!/bin/bash
cd /var/tmp/testing-dir
mvn clean test
, dockerImage=dummy-docker-image, commitHashToBuild=null, assignmentCommitHash=9b3a9bd71a0d80e5bbc42204c319ed3d1d4f0d6d, testCommitHash=9b3a9bd71a0d80e5bbc42204c319ed3d1d4f0d6d, branch=main, programmingLanguage=JAVA, projectType=PLAIN_MAVEN, scaEnabled=false, sequentialTestRunsEnabled=false, resultPaths=[/var/tmp/testing-dir/**/target/surefire-reports/*.xml], timeoutSeconds=0, assignmentCheckoutPath=null, testCheckoutPath=null, solutionCheckoutPath=null, dockerRunConfig=null], submissionResult=null], BuildJobQueueItem[id=17581739576694813, name=SHORT3EDCA5D300D94041B20BB570F0D80AF7BCD8TSTEXC-SOLUTION, buildAgent=BuildAgentDTO[name=artemis-build-agent-test, memberAddress=[127.0.0.1]:5703, displayName=artemis-build-agent-test], participationId=1758, courseId=877, exerciseId=2452, retryCount=0, priority=2, status=FAILED, repositoryInfo=RepositoryInfo[repositoryName=short3edca5d300d94041b20bb570f0d80af7bcd8tstexc-solution, repositoryType=solution, triggeredByPushTo=solution, assignmentRepositoryUri=http://localhost:49152/git/SHORT3EDCA5D300D94041B20BB570F0D80AF7BCD8TSTEXC/short3edca5d300d94041b20bb570f0d80af7bcd8tstexc-solution.git, testRepositoryUri=http://nadnasidni.tum/scm/SHORT3EDCA5D300D94041B20BB570F0D80AF7BCD8TSTEXC/SHORT3EDCA5D300D94041B20BB570F0D80AF7BCD8TSTEXC-tests.git, solutionRepositoryUri=null, auxiliaryRepositoryUris=[Ljava.lang.String;@3fa0e1e3, auxiliaryRepositoryCheckoutDirectories=[Ljava.lang.String;@44013af5], jobTimingInfo=JobTimingInfo[submissionDate=2025-02-14T23:44:54.813084406Z[Etc/UTC], buildStartDate=2025-02-14T23:44:55.012695357Z[Etc/UTC], buildCompletionDate=2025-02-14T23:44:55.174435893Z[Etc/UTC], estimatedCompletionDate=2025-02-14T23:45:14.012689757Z[Etc/UTC], estimatedDuration=19], buildConfig=BuildConfig[buildScript=#!/bin/bash
cd /var/tmp/testing-dir
mvn clean test
, dockerImage=dummy-docker-image, commitHashToBuild=null, assignmentCommitHash=9b3a9bd71a0d80e5bbc42204c319ed3d1d4f0d6d, testCommitHash=9b3a9bd71a0d80e5bbc42204c319ed3d1d4f0d6d, branch=main, programmingLanguage=JAVA, projectType=PLAIN_MAVEN, scaEnabled=false, sequentialTestRunsEnabled=false, resultPaths=[/var/tmp/testing-dir/**/target/surefire-reports/*.xml], timeoutSeconds=0, assignmentCheckoutPath=null, testCheckoutPath=null, solutionCheckoutPath=null, dockerRunConfig=null], submissionResult=null], BuildJobQueueItem[id=17591739576694814, name=SHORT3EDCA5D300D94041B20BB570F0D80AF7BCD8TSTEXC-BASE, buildAgent=BuildAgentDTO[name=artemis-build-agent-test, memberAddress=[127.0.0.1]:5703, displayName=artemis-build-agent-test], participationId=1759, courseId=877, exerciseId=2452, retryCount=0, priority=2, status=FAILED, repositoryInfo=RepositoryInfo[repositoryName=short3edca5d300d94041b20bb570f0d80af7bcd8tstexc-exercise, repositoryType=exercise, triggeredByPushTo=exercise, assignmentRepositoryUri=http://localhost:49152/git/SHORT3EDCA5D300D94041B20BB570F0D80AF7BCD8TSTEXC/short3edca5d300d94041b20bb570f0d80af7bcd8tstexc-exercise.git, testRepositoryUri=http://nadnasidni.tum/scm/SHORT3EDCA5D300D94041B20BB570F0D80AF7BCD8TSTEXC/SHORT3EDCA5D300D94041B20BB570F0D80AF7BCD8TSTEXC-tests.git, solutionRepositoryUri=null, auxiliaryRepositoryUris=[Ljava.lang.String;@4aa88e4, auxiliaryRepositoryCheckoutDirectories=[Ljava.lang.String;@2efcdf86], jobTimingInfo=JobTimingInfo[submissionDate=2025-02-14T23:44:54.814974027Z[Etc/UTC], buildStartDate=2025-02-14T23:44:55.192169835Z[Etc/UTC], buildCompletionDate=2025-02-14T23:44:55.357257843Z[Etc/UTC], estimatedCompletionDate=2025-02-14T23:45:14.192163012Z[Etc/UTC], estimatedDuration=19], buildConfig=BuildConfig[buildScript=#!/bin/bash
cd /var/tmp/testing-dir
mvn clean test
, dockerImage=dummy-docker-image, commitHashToBuild=null, assignmentCommitHash=9b3a9bd71a0d80e5bbc42204c319ed3d1d4f0d6d, testCommitHash=9b3a9bd71a0d80e5bbc42204c319ed3d1d4f0d6d, branch=main, programmingLanguage=JAVA, projectType=PLAIN_MAVEN, scaEnabled=false, sequentialTestRunsEnabled=false, resultPaths=[/var/tmp/testing-dir/**/target/surefire-reports/*.xml], timeoutSeconds=0, assignmentCheckoutPath=null, testCheckoutPath=null, solutionCheckoutPath=null, dockerRunConfig=null], submissionResult=null]], publicSshKey=ssh-rsa AAAAB3NzaC1yc2EAAAADAQABAAACAQCOPdMsxRE2jFJ/UEa5/LsBxtwzJcrh3/rYBCQvcMeVpiRfhzQPWu7mrt/G2Ew+i+vRloGH9aqKg6dd1liRncao53Zmd/ePxoatXePNhmzTfkCkcSkTUz7B+QMjkoDDV5jwuFPD6mF3JkhuzSi64n9Zy905t4w2IhVcjM2mL3eYNjiCXt6Qpq3Pkt7dM/Ksw1nxnvuiIALuJLB3FTkXkHqq3PJav+9HSq2r6ZaWgekneaGxlQlb+U+Vy3XOuArKAzK8c8i+0bR+AHiTG6ncYXt7ax3U+TdlDTF7OLP3umwaYjs1NBXOHwG42pevvpKn2fqavZZozk+M05jXLx3bq0O7itxfErWc7etky8qYPyyIMF/txQIVLd78+Ze4d7Y60t5MGbXM5cGE6fFif5fEJwgswXD+BrG0cafz1CTatjSKFdvp8Vp4VszXhHDan1PrP6JEFJ5Cc5GDmLRZPCFa3vL9f5qXgf4bkqKN8MYeEujwJE5nMRWoiJVNakix2bcrrneQMBlnYeYZVWXXXUusAQBzl4NgddC1umZpihZkL1b1MffZAUW3EGEXi7KHnllQhkTLLsQ8ntMgbylqaJKStqaXlLvdeRJcEnUuiFCrHEVVbXRFZR7XVDZ02CE5o3MuaRPty8Kh+jRTF3COlAckHwYEJCNNJvXFgb2CNXL4mjzYDw== test@localhost]
    23:44:55.393 | 566 localvc.event-13 | DEBUG | a.p.s.l.SharedQueueManagementService : Build agent updated: null
    23:44:55.401 | 566 localvc.event-13 | DEBUG | s.l.LocalCIWebsocketMessagingService : Sending message on topic /topic/admin/queued-jobs: []
    23:44:55.401 | 566 localvc.event-13 | DEBUG | s.l.LocalCIWebsocketMessagingService : Sending message on topic /topic/courses/872/queued-jobs: []
    23:44:55.401 | 566 localvc.event-13 | DEBUG | a.a.b.s.SharedQueueProcessingService : CIBuildJobQueueItem added to queue: BuildJobQueueItem[id=17461739576694099, name=SHORT9813A60B0D82D0492A0A4D90B91108517937TSTEXC-SOLUTION, buildAgent=BuildAgentDTO[name=null, memberAddress=null, displayName=null], participationId=1746, courseId=872, exerciseId=2447, retryCount=0, priority=2, status=null, repositoryInfo=RepositoryInfo[repositoryName=short9813a60b0d82d0492a0a4d90b91108517937tstexc-solution, repositoryType=solution, triggeredByPushTo=solution, assignmentRepositoryUri=http://localhost:49152/git/SHORT9813A60B0D82D0492A0A4D90B91108517937TSTEXC/short9813a60b0d82d0492a0a4d90b91108517937tstexc-solution.git, testRepositoryUri=http://nadnasidni.tum/scm/SHORT9813A60B0D82D0492A0A4D90B91108517937TSTEXC/SHORT9813A60B0D82D0492A0A4D90B91108517937TSTEXC-tests.git, solutionRepositoryUri=null, auxiliaryRepositoryUris=[Ljava.lang.String;@43056adb, auxiliaryRepositoryCheckoutDirectories=[Ljava.lang.String;@9467f6c], jobTimingInfo=JobTimingInfo[submissionDate=2025-02-14T23:44:54.099771235Z[Etc/UTC], buildStartDate=null, buildCompletionDate=null, estimatedCompletionDate=null, estimatedDuration=19], buildConfig=BuildConfig[buildScript=#!/bin/bash
cd /var/tmp/testing-dir
mvn clean test
, dockerImage=dummy-docker-image, commitHashToBuild=null, assignmentCommitHash=9b3a9bd71a0d80e5bbc42204c319ed3d1d4f0d6d, testCommitHash=9b3a9bd71a0d80e5bbc42204c319ed3d1d4f0d6d, branch=main, programmingLanguage=JAVA, projectType=PLAIN_MAVEN, scaEnabled=false, sequentialTestRunsEnabled=false, resultPaths=[/var/tmp/testing-dir/**/target/surefire-reports/*.xml], timeoutSeconds=0, assignmentCheckoutPath=null, testCheckoutPath=null, solutionCheckoutPath=null, dockerRunConfig=null], submissionResult=null]
    23:44:55.403 | 566 localvc.event-13 | DEBUG | a.a.b.s.SharedQueueProcessingService : Current queued items: 0
    23:44:55.403 | 566 localvc.event-13 | DEBUG | a.a.b.s.SharedQueueProcessingService : Currently processing jobs on this node: 0, active threads in Pool: 0, maximum pool size of thread executor : 1
    23:44:55.403 | 566 localvc.event-13 | DEBUG | s.l.LocalCIWebsocketMessagingService : Sending message on topic /topic/admin/queued-jobs: []
    23:44:55.403 | 566 localvc.event-13 | DEBUG | s.l.LocalCIWebsocketMessagingService : Sending message on topic /topic/courses/872/queued-jobs: []
    23:44:55.403 | 566 localvc.event-13 | DEBUG | a.a.b.s.SharedQueueProcessingService : CIBuildJobQueueItem added to queue: BuildJobQueueItem[id=17471739576694103, name=SHORT9813A60B0D82D0492A0A4D90B91108517937TSTEXC-BASE, buildAgent=BuildAgentDTO[name=null, memberAddress=null, displayName=null], participationId=1747, courseId=872, exerciseId=2447, retryCount=0, priority=2, status=null, repositoryInfo=RepositoryInfo[repositoryName=short9813a60b0d82d0492a0a4d90b91108517937tstexc-exercise, repositoryType=exercise, triggeredByPushTo=exercise, assignmentRepositoryUri=http://localhost:49152/git/SHORT9813A60B0D82D0492A0A4D90B91108517937TSTEXC/short9813a60b0d82d0492a0a4d90b91108517937tstexc-exercise.git, testRepositoryUri=http://nadnasidni.tum/scm/SHORT9813A60B0D82D0492A0A4D90B91108517937TSTEXC/SHORT9813A60B0D82D0492A0A4D90B91108517937TSTEXC-tests.git, solutionRepositoryUri=null, auxiliaryRepositoryUris=[Ljava.lang.String;@610cb822, auxiliaryRepositoryCheckoutDirectories=[Ljava.lang.String;@57dbf68f], jobTimingInfo=JobTimingInfo[submissionDate=2025-02-14T23:44:54.103710671Z[Etc/UTC], buildStartDate=null, buildCompletionDate=null, estimatedCompletionDate=null, estimatedDuration=19], buildConfig=BuildConfig[buildScript=#!/bin/bash
cd /var/tmp/testing-dir
mvn clean test
, dockerImage=dummy-docker-image, commitHashToBuild=null, assignmentCommitHash=9b3a9bd71a0d80e5bbc42204c319ed3d1d4f0d6d, testCommitHash=9b3a9bd71a0d80e5bbc42204c319ed3d1d4f0d6d, branch=main, programmingLanguage=JAVA, projectType=PLAIN_MAVEN, scaEnabled=false, sequentialTestRunsEnabled=false, resultPaths=[/var/tmp/testing-dir/**/target/surefire-reports/*.xml], timeoutSeconds=0, assignmentCheckoutPath=null, testCheckoutPath=null, solutionCheckoutPath=null, dockerRunConfig=null], submissionResult=null]
    23:44:55.404 | 566 localvc.event-13 | DEBUG | a.a.b.s.SharedQueueProcessingService : Current queued items: 0
    23:44:55.404 | 566 localvc.event-13 | DEBUG | a.a.b.s.SharedQueueProcessingService : Currently processing jobs on this node: 0, active threads in Pool: 0, maximum pool size of thread executor : 1
    23:44:55.405 | 566 localvc.event-13 | DEBUG | s.l.LocalCIWebsocketMessagingService : Sending message on topic /topic/admin/queued-jobs: []
    23:44:55.405 | 566 localvc.event-13 | DEBUG | s.l.LocalCIWebsocketMessagingService : Sending message on topic /topic/courses/873/queued-jobs: []
    23:44:55.405 | 566 localvc.event-13 | DEBUG | a.a.b.s.SharedQueueProcessingService : CIBuildJobQueueItem added to queue: BuildJobQueueItem[id=17481739576694246, name=SHORTD91D0B6D0E6A204E010812505A867B04E6F8TSTEXC-SOLUTION, buildAgent=BuildAgentDTO[name=null, memberAddress=null, displayName=null], participationId=1748, courseId=873, exerciseId=2448, retryCount=0, priority=2, status=null, repositoryInfo=RepositoryInfo[repositoryName=shortd91d0b6d0e6a204e010812505a867b04e6f8tstexc-solution, repositoryType=solution, triggeredByPushTo=solution, assignmentRepositoryUri=http://localhost:49152/git/SHORTD91D0B6D0E6A204E010812505A867B04E6F8TSTEXC/shortd91d0b6d0e6a204e010812505a867b04e6f8tstexc-solution.git, testRepositoryUri=http://nadnasidni.tum/scm/SHORTD91D0B6D0E6A204E010812505A867B04E6F8TSTEXC/SHORTD91D0B6D0E6A204E010812505A867B04E6F8TSTEXC-tests.git, solutionRepositoryUri=null, auxiliaryRepositoryUris=[Ljava.lang.String;@6c41788b, auxiliaryRepositoryCheckoutDirectories=[Ljava.lang.String;@7ca54a0d], jobTimingInfo=JobTimingInfo[submissionDate=2025-02-14T23:44:54.246508059Z[Etc/UTC], buildStartDate=null, buildCompletionDate=null, estimatedCompletionDate=null, estimatedDuration=19], buildConfig=BuildConfig[buildScript=#!/bin/bash
cd /var/tmp/testing-dir
mvn clean test
, dockerImage=dummy-docker-image, commitHashToBuild=null, assignmentCommitHash=9b3a9bd71a0d80e5bbc42204c319ed3d1d4f0d6d, testCommitHash=9b3a9bd71a0d80e5bbc42204c319ed3d1d4f0d6d, branch=main, programmingLanguage=JAVA, projectType=PLAIN_MAVEN, scaEnabled=false, sequentialTestRunsEnabled=false, resultPaths=[/var/tmp/testing-dir/**/target/surefire-reports/*.xml], timeoutSeconds=0, assignmentCheckoutPath=null, testCheckoutPath=null, solutionCheckoutPath=null, dockerRunConfig=null], submissionResult=null]
    23:44:55.405 | 566 localvc.event-13 | DEBUG | a.a.b.s.SharedQueueProcessingService : Current queued items: 0
    23:44:55.405 | 566 localvc.event-13 | DEBUG | a.a.b.s.SharedQueueProcessingService : Currently processing jobs on this node: 0, active threads in Pool: 0, maximum pool size of thread executor : 1
    23:44:55.406 | 566 localvc.event-13 | DEBUG | s.l.LocalCIWebsocketMessagingService : Sending message on topic /topic/admin/queued-jobs: []
    23:44:55.406 | 566 localvc.event-13 | DEBUG | s.l.LocalCIWebsocketMessagingService : Sending message on topic /topic/courses/873/queued-jobs: []
    23:44:55.406 | 566 localvc.event-13 | DEBUG | a.a.b.s.SharedQueueProcessingService : CIBuildJobQueueItem added to queue: BuildJobQueueItem[id=17491739576694250, name=SHORTD91D0B6D0E6A204E010812505A867B04E6F8TSTEXC-BASE, buildAgent=BuildAgentDTO[name=null, memberAddress=null, displayName=null], participationId=1749, courseId=873, exerciseId=2448, retryCount=0, priority=2, status=null, repositoryInfo=RepositoryInfo[repositoryName=shortd91d0b6d0e6a204e010812505a867b04e6f8tstexc-exercise, repositoryType=exercise, triggeredByPushTo=exercise, assignmentRepositoryUri=http://localhost:49152/git/SHORTD91D0B6D0E6A204E010812505A867B04E6F8TSTEXC/shortd91d0b6d0e6a204e010812505a867b04e6f8tstexc-exercise.git, testRepositoryUri=http://nadnasidni.tum/scm/SHORTD91D0B6D0E6A204E010812505A867B04E6F8TSTEXC/SHORTD91D0B6D0E6A204E010812505A867B04E6F8TSTEXC-tests.git, solutionRepositoryUri=null, auxiliaryRepositoryUris=[Ljava.lang.String;@2ae63d1, auxiliaryRepositoryCheckoutDirectories=[Ljava.lang.String;@6a26497a], jobTimingInfo=JobTimingInfo[submissionDate=2025-02-14T23:44:54.250218388Z[Etc/UTC], buildStartDate=null, buildCompletionDate=null, estimatedCompletionDate=null, estimatedDuration=19], buildConfig=BuildConfig[buildScript=#!/bin/bash
cd /var/tmp/testing-dir
mvn clean test
, dockerImage=dummy-docker-image, commitHashToBuild=null, assignmentCommitHash=9b3a9bd71a0d80e5bbc42204c319ed3d1d4f0d6d, testCommitHash=9b3a9bd71a0d80e5bbc42204c319ed3d1d4f0d6d, branch=main, programmingLanguage=JAVA, projectType=PLAIN_MAVEN, scaEnabled=false, sequentialTestRunsEnabled=false, resultPaths=[/var/tmp/testing-dir/**/target/surefire-reports/*.xml], timeoutSeconds=0, assignmentCheckoutPath=null, testCheckoutPath=null, solutionCheckoutPath=null, dockerRunConfig=null], submissionResult=null]
    23:44:55.406 | 566 localvc.event-13 | DEBUG | a.a.b.s.SharedQueueProcessingService : Current queued items: 0
    23:44:55.406 | 566 localvc.event-13 | DEBUG | a.a.b.s.SharedQueueProcessingService : Currently processing jobs on this node: 0, active threads in Pool: 0, maximum pool size of thread executor : 1
    23:44:55.410 | 566 localvc.event-13 | DEBUG | p.s.l.LocalCIResultProcessingService : Result of build job with id 17441739576693929 added to queue
    23:44:55.413 | 566 localvc.event-13 | INFO  | p.s.l.LocalCIResultProcessingService : Processing build job result with id 17441739576693929
    23:44:55.413 | 566 localvc.event-13 | DEBUG | p.s.l.LocalCIResultProcessingService : Build jobs waiting in queue: 13
    23:44:55.427 | 566 localvc.event-13 | DEBUG | p.s.l.LocalCIResultProcessingService : Queued build jobs: [17451739576693934, 17461739576694099, 17471739576694103, 17481739576694246, 17491739576694250, 17501739576694407, 17511739576694411, 17521739576694519, 17531739576694522, 17551739576694666, 17561739576694670, 17581739576694813, 17591739576694814]
    23:44:55.435 | 566 localvc.event-13 | DEBUG | .s.ProgrammingExerciseGradingService : Received new build result (NEW) for participation 1744
    23:44:55.454 | 566 localvc.event-13 | WARN  | .s.ProgrammingExerciseGradingService : Could not find pending ProgrammingSubmission for Commit Hash 9b3a9bd71a0d80e5bbc42204c319ed3d1d4f0d6d (Participation 1744, Build Plan SHORT1433D0160BE1D048240B38F04F231AEE650FTSTEXC-SOLUTION). Will create a new one subsequently...
    23:44:55.454 | 566 localvc.event-13 | DEBUG | d.t.c.a.a.p.service.GitService       : Cloning from file:///tmp/SHORT1433D0160BE1D048240B38F04F231AEE650FTSTEXC/short1433d0160be1d048240b38f04f231aee650ftstexc-solution.git to repos/server-integration-test/SHORT1433D0160BE1D048240B38F04F231AEE650FTSTEXC/short1433d0160be1d048240b38f04f231aee650ftstexc-solution
    23:44:55.465 | 566 localvc.event-13 | ERROR | d.t.c.a.a.p.service.GitService       : Could not delete directory after failed clone: /home/runner/work/Artemis/Artemis/repos/server-integration-test/SHORT1433D0160BE1D048240B38F04F231AEE650FTSTEXC/short1433d0160be1d048240b38f04f231aee650ftstexc-solution
    23:44:55.466 | 566 localvc.event-13 | ERROR | p.s.l.LocalCIResultProcessingService : Error while processing build job: BuildJobQueueItem[id=17441739576693929, name=SHORT1433D0160BE1D048240B38F04F231AEE650FTSTEXC-SOLUTION, buildAgent=BuildAgentDTO[name=artemis-build-agent-test, memberAddress=[127.0.0.1]:5703, displayName=artemis-build-agent-test], participationId=1744, courseId=871, exerciseId=2446, retryCount=0, priority=2, status=FAILED, repositoryInfo=RepositoryInfo[repositoryName=short1433d0160be1d048240b38f04f231aee650ftstexc-solution, repositoryType=solution, triggeredByPushTo=solution, assignmentRepositoryUri=http://localhost:49152/git/SHORT1433D0160BE1D048240B38F04F231AEE650FTSTEXC/short1433d0160be1d048240b38f04f231aee650ftstexc-solution.git, testRepositoryUri=http://nadnasidni.tum/scm/SHORT1433D0160BE1D048240B38F04F231AEE650FTSTEXC/SHORT1433D0160BE1D048240B38F04F231AEE650FTSTEXC-tests.git, solutionRepositoryUri=null, auxiliaryRepositoryUris=[Ljava.lang.String;@41b9f851, auxiliaryRepositoryCheckoutDirectories=[Ljava.lang.String;@3e68b1b2], jobTimingInfo=JobTimingInfo[submissionDate=2025-02-14T23:44:53.929193408Z[Etc/UTC], buildStartDate=2025-02-14T23:44:53.935912198Z[Etc/UTC], buildCompletionDate=2025-02-14T23:44:54.304976027Z[Etc/UTC], estimatedCompletionDate=2025-02-14T23:45:12.935900175Z[Etc/UTC], estimatedDuration=19], buildConfig=BuildConfig[buildScript=#!/bin/bash
cd /var/tmp/testing-dir
mvn clean test
, dockerImage=dummy-docker-image, commitHashToBuild=null, assignmentCommitHash=9b3a9bd71a0d80e5bbc42204c319ed3d1d4f0d6d, testCommitHash=9b3a9bd71a0d80e5bbc42204c319ed3d1d4f0d6d, branch=main, programmingLanguage=JAVA, projectType=PLAIN_MAVEN, scaEnabled=false, sequentialTestRunsEnabled=false, resultPaths=[/var/tmp/testing-dir/**/target/surefire-reports/*.xml], timeoutSeconds=0, assignmentCheckoutPath=null, testCheckoutPath=null, solutionCheckoutPath=null, dockerRunConfig=null], submissionResult=null]
java.util.concurrent.CompletionException: java.util.concurrent.ExecutionException: de.tum.cit.aet.artemis.core.exception.LocalCIException: Could not pull Docker image dummy-docker-image
	at de.tum.cit.aet.artemis.buildagent.service.BuildJobManagementService.lambda$executeBuildJob$2(BuildJobManagementService.java:188)
	at de.tum.cit.aet.artemis.buildagent.service.BuildJobManagementService.createCompletableFuture(BuildJobManagementService.java:236)
	at de.tum.cit.aet.artemis.buildagent.service.BuildJobManagementService.executeBuildJob(BuildJobManagementService.java:163)
	at de.tum.cit.aet.artemis.buildagent.service.SharedQueueProcessingService.processBuild(SharedQueueProcessingService.java:413)
	at de.tum.cit.aet.artemis.buildagent.service.SharedQueueProcessingService.checkAvailabilityAndProcessNextBuild(SharedQueueProcessingService.java:269)
	at de.tum.cit.aet.artemis.buildagent.service.SharedQueueProcessingService$QueuedBuildJobItemListener.itemAdded(SharedQueueProcessingService.java:594)
	at com.hazelcast.collection.impl.queue.QueueService.lambda$dispatchEvent$1(QueueService.java:277)
	at com.hazelcast.internal.namespace.impl.NoOpUserCodeNamespaceService.runWithNamespace(NoOpUserCodeNamespaceService.java:82)
	at com.hazelcast.internal.namespace.NamespaceUtil.runWithNamespace(NamespaceUtil.java:106)
	at com.hazelcast.collection.impl.queue.QueueService.dispatchEvent(QueueService.java:275)
	at com.hazelcast.collection.impl.queue.QueueService.dispatchEvent(QueueService.java:98)
	at com.hazelcast.spi.impl.eventservice.impl.LocalEventDispatcher.run(LocalEventDispatcher.java:64)
	at com.hazelcast.internal.util.executor.StripedExecutor$Worker.process(StripedExecutor.java:244)
	at com.hazelcast.internal.util.executor.StripedExecutor$Worker.run(StripedExecutor.java:227)
Caused by: java.util.concurrent.ExecutionException: de.tum.cit.aet.artemis.core.exception.LocalCIException: Could not pull Docker image dummy-docker-image
	at java.base/java.util.concurrent.FutureTask.report(FutureTask.java:122)
	at java.base/java.util.concurrent.FutureTask.get(FutureTask.java:205)
	at de.tum.cit.aet.artemis.buildagent.service.BuildJobManagementService.lambda$executeBuildJob$2(BuildJobManagementService.java:165)
	... 13 common frames omitted
Caused by: de.tum.cit.aet.artemis.core.exception.LocalCIException: Could not pull Docker image dummy-docker-image
	at de.tum.cit.aet.artemis.buildagent.service.BuildJobExecutionService.runBuildJob(BuildJobExecutionService.java:157)
	at java.base/jdk.internal.reflect.DirectMethodHandleAccessor.invoke(DirectMethodHandleAccessor.java:103)
	at java.base/java.lang.reflect.Method.invoke(Method.java:580)
	at org.springframework.aop.support.AopUtils.invokeJoinpointUsingReflection(AopUtils.java:359)
	at org.springframework.aop.framework.CglibAopProxy$DynamicAdvisedInterceptor.intercept(CglibAopProxy.java:723)
	at de.tum.cit.aet.artemis.buildagent.service.BuildJobExecutionService$$SpringCGLIB$$0.runBuildJob(<generated>)
	at de.tum.cit.aet.artemis.buildagent.service.BuildJobManagementService.lambda$executeBuildJob$1(BuildJobManagementService.java:129)
	at java.base/java.util.concurrent.FutureTask.run(FutureTask.java:317)
	at java.base/java.util.concurrent.ThreadPoolExecutor.runWorker(ThreadPoolExecutor.java:1144)
	at java.base/java.util.concurrent.ThreadPoolExecutor$Worker.run(ThreadPoolExecutor.java:642)
	at java.base/java.lang.Thread.run(Thread.java:1583)
Caused by: de.tum.cit.aet.artemis.core.exception.LocalCIException: Error while pulling docker image dummy-docker-image
	at de.tum.cit.aet.artemis.buildagent.service.BuildAgentDockerService.pullDockerImage(BuildAgentDockerService.java:258)
	at de.tum.cit.aet.artemis.buildagent.service.BuildJobExecutionService.runBuildJob(BuildJobExecutionService.java:152)
	... 10 common frames omitted
Caused by: com.github.dockerjava.api.exception.NotFoundException: Status 404: {"message":"pull access denied for dummy-docker-image, repository does not exist or may require 'docker login': denied: requested access to the resource is denied"}

	at com.github.dockerjava.core.DefaultInvocationBuilder.execute(DefaultInvocationBuilder.java:241)
	at com.github.dockerjava.core.DefaultInvocationBuilder.lambda$executeAndStream$1(DefaultInvocationBuilder.java:269)
	... 1 common frames omitted
    23:44:55.469 | 566 localvc.event-13 | DEBUG | d.t.c.a.a.p.s.BuildLogEntryService   : Saved build logs for build job 17441739576693929 to file /tmp/build-logs/short1433d0160be1d048240b38f04f231aee650f/TSTEXC/17441739576693929.log
    23:44:55.469 | 566 localvc.event-13 | ERROR | c.h.s.i.e.impl.EventServiceImpl      : [127.0.0.1]:5703 [dev] [5.5.0] hz.Artemis_localcilocalvc.event-13 caught an exception while processing:com.hazelcast.spi.impl.eventservice.impl.LocalEventDispatcher@473e09a2
de.tum.cit.aet.artemis.core.exception.GitException: org.eclipse.jgit.api.errors.InvalidRemoteException: Invalid remote: origin
	at de.tum.cit.aet.artemis.programming.service.GitService.getOrCheckoutRepository(GitService.java:409)
	at de.tum.cit.aet.artemis.programming.service.GitService.getOrCheckoutRepository(GitService.java:368)
	at de.tum.cit.aet.artemis.programming.service.GitService.getOrCheckoutRepository(GitService.java:348)
	at de.tum.cit.aet.artemis.programming.service.GitService.getOrCheckoutRepository(GitService.java:331)
	at de.tum.cit.aet.artemis.programming.service.GitService.getOrCheckoutRepository(GitService.java:272)
	at de.tum.cit.aet.artemis.programming.service.GitService.getOrCheckoutRepository(GitService.java:271)
	at de.tum.cit.aet.artemis.programming.service.GitService.getOrCheckoutRepository(GitService.java:214)
	at de.tum.cit.aet.artemis.programming.service.GitService.getOrCheckoutRepository(GitService.java:213)
	at de.tum.cit.aet.artemis.programming.service.GitService.getOrCheckoutRepository(GitService.java:199)
	at de.tum.cit.aet.artemis.programming.service.localvc.LocalVCService.getPushDate(LocalVCService.java:334)
	at de.tum.cit.aet.artemis.programming.service.ProgrammingExerciseGradingService.createAndSaveFallbackSubmission(ProgrammingExerciseGradingService.java:286)
	at de.tum.cit.aet.artemis.programming.service.ProgrammingExerciseGradingService.createAndSaveFallbackSubmission(ProgrammingExerciseGradingService.java:272)
	at java.base/java.util.Optional.orElseGet(Optional.java:364)
	at de.tum.cit.aet.artemis.programming.service.ProgrammingExerciseGradingService.processNewProgrammingExerciseResult(ProgrammingExerciseGradingService.java:177)
	at de.tum.cit.aet.artemis.programming.service.ProgrammingExerciseGradingService.processNewProgrammingExerciseResult(ProgrammingExerciseGradingService.java:156)
	at de.tum.cit.aet.artemis.programming.service.localci.LocalCIResultProcessingService.processResult(LocalCIResultProcessingService.java:164)
	at de.tum.cit.aet.artemis.programming.service.localci.LocalCIResultProcessingService$ResultQueueListener.itemAdded(LocalCIResultProcessingService.java:324)
	at com.hazelcast.collection.impl.queue.QueueService.lambda$dispatchEvent$1(QueueService.java:277)
	at com.hazelcast.internal.namespace.impl.NoOpUserCodeNamespaceService.runWithNamespace(NoOpUserCodeNamespaceService.java:82)
	at com.hazelcast.internal.namespace.NamespaceUtil.runWithNamespace(NamespaceUtil.java:106)
	at com.hazelcast.collection.impl.queue.QueueService.dispatchEvent(QueueService.java:275)
	at com.hazelcast.collection.impl.queue.QueueService.dispatchEvent(QueueService.java:98)
	at com.hazelcast.spi.impl.eventservice.impl.LocalEventDispatcher.run(LocalEventDispatcher.java:64)
	at com.hazelcast.internal.util.executor.StripedExecutor$Worker.process(StripedExecutor.java:244)
	at com.hazelcast.internal.util.executor.StripedExecutor$Worker.run(StripedExecutor.java:227)
Caused by: org.eclipse.jgit.api.errors.InvalidRemoteException: Invalid remote: origin
	at org.eclipse.jgit.api.FetchCommand.call(FetchCommand.java:246)
	at org.eclipse.jgit.api.CloneCommand.fetch(CloneCommand.java:319)
	at org.eclipse.jgit.api.CloneCommand.call(CloneCommand.java:189)
	at de.tum.cit.aet.artemis.programming.service.GitService.getOrCheckoutRepository(GitService.java:400)
	at java.base/java.lang.invoke.MethodHandle.invokeWithArguments(MethodHandle.java:733)
	at org.mockito.internal.util.reflection.InstrumentationMemberAccessor$Dispatcher$ByteBuddy$oog9jsgw.invokeWithArguments(Unknown Source)
	at org.mockito.internal.util.reflection.InstrumentationMemberAccessor.invoke(InstrumentationMemberAccessor.java:251)
	at org.mockito.internal.util.reflection.ModuleMemberAccessor.invoke(ModuleMemberAccessor.java:55)
	at org.mockito.internal.creation.bytebuddy.MockMethodAdvice.tryInvoke(MockMethodAdvice.java:314)
	at org.mockito.internal.creation.bytebuddy.MockMethodAdvice$RealMethodCall.invoke(MockMethodAdvice.java:234)
	at org.mockito.internal.invocation.InterceptedInvocation.callRealMethod(InterceptedInvocation.java:142)
	at org.mockito.internal.stubbing.answers.CallsRealMethods.answer(CallsRealMethods.java:45)
	at org.mockito.Answers.answer(Answers.java:90)
	at org.mockito.internal.handler.MockHandlerImpl.handle(MockHandlerImpl.java:111)
	at org.mockito.internal.handler.NullResultGuardian.handle(NullResultGuardian.java:29)
	at org.mockito.internal.handler.InvocationNotifierHandler.handle(InvocationNotifierHandler.java:34)
	at org.mockito.internal.creation.bytebuddy.MockMethodInterceptor.doIntercept(MockMethodInterceptor.java:82)
	at org.mockito.internal.creation.bytebuddy.MockMethodAdvice.handle(MockMethodAdvice.java:134)
	at de.tum.cit.aet.artemis.programming.service.GitService.getOrCheckoutRepository(GitService.java:368)
	at de.tum.cit.aet.artemis.programming.service.GitService.getOrCheckoutRepository(GitService.java:348)
	at java.base/java.lang.invoke.MethodHandle.invokeWithArguments(MethodHandle.java:733)
	at org.mockito.internal.util.reflection.InstrumentationMemberAccessor$Dispatcher$ByteBuddy$oog9jsgw.invokeWithArguments(Unknown Source)
	at org.mockito.internal.util.reflection.InstrumentationMemberAccessor.invoke(InstrumentationMemberAccessor.java:251)
	at org.mockito.internal.util.reflection.ModuleMemberAccessor.invoke(ModuleMemberAccessor.java:55)
	at org.mockito.internal.creation.bytebuddy.MockMethodAdvice.tryInvoke(MockMethodAdvice.java:314)
	at org.mockito.internal.creation.bytebuddy.MockMethodAdvice$RealMethodCall.invoke(MockMethodAdvice.java:234)
	at org.mockito.internal.invocation.InterceptedInvocation.callRealMethod(InterceptedInvocation.java:142)
	at org.mockito.internal.stubbing.answers.CallsRealMethods.answer(CallsRealMethods.java:45)
	at org.mockito.Answers.answer(Answers.java:90)
	at org.mockito.internal.handler.MockHandlerImpl.handle(MockHandlerImpl.java:111)
	at org.mockito.internal.handler.NullResultGuardian.handle(NullResultGuardian.java:29)
	at org.mockito.internal.handler.InvocationNotifierHandler.handle(InvocationNotifierHandler.java:34)
	at org.mockito.internal.creation.bytebuddy.MockMethodInterceptor.doIntercept(MockMethodInterceptor.java:82)
	at org.mockito.internal.creation.bytebuddy.MockMethodAdvice.handle(MockMethodAdvice.java:134)
	at de.tum.cit.aet.artemis.programming.service.GitService.getOrCheckoutRepository(GitService.java:348)
	at de.tum.cit.aet.artemis.programming.service.GitService.getOrCheckoutRepository(GitService.java:331)
	at java.base/java.lang.invoke.MethodHandle.invokeWithArguments(MethodHandle.java:733)
	at org.mockito.internal.util.reflection.InstrumentationMemberAccessor$Dispatcher$ByteBuddy$oog9jsgw.invokeWithArguments(Unknown Source)
	at org.mockito.internal.util.reflection.InstrumentationMemberAccessor.invoke(InstrumentationMemberAccessor.java:251)
	at org.mockito.internal.util.reflection.ModuleMemberAccessor.invoke(ModuleMemberAccessor.java:55)
	at org.mockito.internal.creation.bytebuddy.MockMethodAdvice.tryInvoke(MockMethodAdvice.java:314)
	at org.mockito.internal.creation.bytebuddy.MockMethodAdvice$RealMethodCall.invoke(MockMethodAdvice.java:234)
	at org.mockito.internal.invocation.InterceptedInvocation.callRealMethod(InterceptedInvocation.java:142)
	at org.mockito.internal.stubbing.answers.CallsRealMethods.answer(CallsRealMethods.java:45)
	at org.mockito.Answers.answer(Answers.java:90)
	at org.mockito.internal.handler.MockHandlerImpl.handle(MockHandlerImpl.java:111)
	at org.mockito.internal.handler.NullResultGuardian.handle(NullResultGuardian.java:29)
	at org.mockito.internal.handler.InvocationNotifierHandler.handle(InvocationNotifierHandler.java:34)
	at org.mockito.internal.creation.bytebuddy.MockMethodInterceptor.doIntercept(MockMethodInterceptor.java:82)
	at org.mockito.internal.creation.bytebuddy.MockMethodAdvice.handle(MockMethodAdvice.java:134)
	at de.tum.cit.aet.artemis.programming.service.GitService.getOrCheckoutRepository(GitService.java:331)
	at de.tum.cit.aet.artemis.programming.service.GitService.getOrCheckoutRepository(GitService.java:272)
	at java.base/java.lang.invoke.MethodHandle.invokeWithArguments(MethodHandle.java:733)
	at org.mockito.internal.util.reflection.InstrumentationMemberAccessor$Dispatcher$ByteBuddy$oog9jsgw.invokeWithArguments(Unknown Source)
	at org.mockito.internal.util.reflection.InstrumentationMemberAccessor.invoke(InstrumentationMemberAccessor.java:251)
	at org.mockito.internal.util.reflection.ModuleMemberAccessor.invoke(ModuleMemberAccessor.java:55)
	at org.mockito.internal.creation.bytebuddy.MockMethodAdvice.tryInvoke(MockMethodAdvice.java:314)
	at org.mockito.internal.creation.bytebuddy.MockMethodAdvice$RealMethodCall.invoke(MockMethodAdvice.java:234)
	at org.mockito.internal.invocation.InterceptedInvocation.callRealMethod(InterceptedInvocation.java:142)
	at org.mockito.internal.stubbing.answers.CallsRealMethods.answer(CallsRealMethods.java:45)
	at org.mockito.Answers.answer(Answers.java:90)
	at org.mockito.internal.handler.MockHandlerImpl.handle(MockHandlerImpl.java:111)
	at org.mockito.internal.handler.NullResultGuardian.handle(NullResultGuardian.java:29)
	at org.mockito.internal.handler.InvocationNotifierHandler.handle(InvocationNotifierHandler.java:34)
	at org.mockito.internal.creation.bytebuddy.MockMethodInterceptor.doIntercept(MockMethodInterceptor.java:82)
	at org.mockito.internal.creation.bytebuddy.MockMethodAdvice.handle(MockMethodAdvice.java:134)
	at de.tum.cit.aet.artemis.programming.service.GitService.getOrCheckoutRepository(GitService.java:271)
	at de.tum.cit.aet.artemis.programming.service.GitService.getOrCheckoutRepository(GitService.java:214)
	at java.base/java.lang.invoke.MethodHandle.invokeWithArguments(MethodHandle.java:733)
	at org.mockito.internal.util.reflection.InstrumentationMemberAccessor$Dispatcher$ByteBuddy$oog9jsgw.invokeWithArguments(Unknown Source)
	at org.mockito.internal.util.reflection.InstrumentationMemberAccessor.invoke(InstrumentationMemberAccessor.java:251)
	at org.mockito.internal.util.reflection.ModuleMemberAccessor.invoke(ModuleMemberAccessor.java:55)
	at org.mockito.internal.creation.bytebuddy.MockMethodAdvice.tryInvoke(MockMethodAdvice.java:314)
	at org.mockito.internal.creation.bytebuddy.MockMethodAdvice$RealMethodCall.invoke(MockMethodAdvice.java:234)
	at org.mockito.internal.invocation.InterceptedInvocation.callRealMethod(InterceptedInvocation.java:142)
	at org.mockito.internal.stubbing.answers.CallsRealMethods.answer(CallsRealMethods.java:45)
	at org.mockito.Answers.answer(Answers.java:90)
	at org.mockito.internal.handler.MockHandlerImpl.handle(MockHandlerImpl.java:111)
	at org.mockito.internal.handler.NullResultGuardian.handle(NullResultGuardian.java:29)
	at org.mockito.internal.handler.InvocationNotifierHandler.handle(InvocationNotifierHandler.java:34)
	at org.mockito.internal.creation.bytebuddy.MockMethodInterceptor.doIntercept(MockMethodInterceptor.java:82)
	at org.mockito.internal.creation.bytebuddy.MockMethodAdvice.handle(MockMethodAdvice.java:134)
	at de.tum.cit.aet.artemis.programming.service.GitService.getOrCheckoutRepository(GitService.java:213)
	at de.tum.cit.aet.artemis.programming.service.GitService.getOrCheckoutRepository(GitService.java:199)
	at java.base/java.lang.invoke.MethodHandle.invokeWithArguments(MethodHandle.java:733)
	at org.mockito.internal.util.reflection.InstrumentationMemberAccessor$Dispatcher$ByteBuddy$oog9jsgw.invokeWithArguments(Unknown Source)
	at org.mockito.internal.util.reflection.InstrumentationMemberAccessor.invoke(InstrumentationMemberAccessor.java:251)
	at org.mockito.internal.util.reflection.ModuleMemberAccessor.invoke(ModuleMemberAccessor.java:55)
	at org.mockito.internal.creation.bytebuddy.MockMethodAdvice.tryInvoke(MockMethodAdvice.java:314)
	at org.mockito.internal.creation.bytebuddy.MockMethodAdvice$RealMethodCall.invoke(MockMethodAdvice.java:234)
	at org.mockito.internal.invocation.InterceptedInvocation.callRealMethod(InterceptedInvocation.java:142)
	at org.mockito.internal.stubbing.answers.CallsRealMethods.answer(CallsRealMethods.java:45)
	at org.mockito.Answers.answer(Answers.java:90)
	at org.mockito.internal.handler.MockHandlerImpl.handle(MockHandlerImpl.java:111)
	at org.mockito.internal.handler.NullResultGuardian.handle(NullResultGuardian.java:29)
	at org.mockito.internal.handler.InvocationNotifierHandler.handle(InvocationNotifierHandler.java:34)
	at org.mockito.internal.creation.bytebuddy.MockMethodInterceptor.doIntercept(MockMethodInterceptor.java:82)
	at org.mockito.internal.creation.bytebuddy.MockMethodAdvice.handle(MockMethodAdvice.java:134)
	at de.tum.cit.aet.artemis.programming.service.GitService.getOrCheckoutRepository(GitService.java:199)
	at de.tum.cit.aet.artemis.programming.service.localvc.LocalVCService.getPushDate(LocalVCService.java:334)
	at java.base/java.lang.invoke.MethodHandle.invokeWithArguments(MethodHandle.java:733)
	at org.mockito.internal.util.reflection.InstrumentationMemberAccessor$Dispatcher$ByteBuddy$oog9jsgw.invokeWithArguments(Unknown Source)
	at org.mockito.internal.util.reflection.InstrumentationMemberAccessor.invoke(InstrumentationMemberAccessor.java:251)
	at org.mockito.internal.util.reflection.ModuleMemberAccessor.invoke(ModuleMemberAccessor.java:55)
	at org.mockito.internal.creation.bytebuddy.MockMethodAdvice.tryInvoke(MockMethodAdvice.java:314)
	at org.mockito.internal.creation.bytebuddy.MockMethodAdvice$RealMethodCall.invoke(MockMethodAdvice.java:234)
	at org.mockito.internal.invocation.InterceptedInvocation.callRealMethod(InterceptedInvocation.java:142)
	at org.mockito.internal.stubbing.answers.CallsRealMethods.answer(CallsRealMethods.java:45)
	at org.mockito.Answers.answer(Answers.java:90)
	at org.mockito.internal.handler.MockHandlerImpl.handle(MockHandlerImpl.java:111)
	at org.mockito.internal.handler.NullResultGuardian.handle(NullResultGuardian.java:29)
	at org.mockito.internal.handler.InvocationNotifierHandler.handle(InvocationNotifierHandler.java:34)
	at org.mockito.internal.creation.bytebuddy.MockMethodInterceptor.doIntercept(MockMethodInterceptor.java:82)
	at org.mockito.internal.creation.bytebuddy.MockMethodAdvice.handle(MockMethodAdvice.java:134)
	at de.tum.cit.aet.artemis.programming.service.localvc.LocalVCService.getPushDate(LocalVCService.java:334)
	at de.tum.cit.aet.artemis.programming.service.ProgrammingExerciseGradingService.createAndSaveFallbackSubmission(ProgrammingExerciseGradingService.java:286)
	at java.base/java.lang.invoke.MethodHandle.invokeWithArguments(MethodHandle.java:733)
	at org.mockito.internal.util.reflection.InstrumentationMemberAccessor$Dispatcher$ByteBuddy$oog9jsgw.invokeWithArguments(Unknown Source)
	at org.mockito.internal.util.reflection.InstrumentationMemberAccessor.invoke(InstrumentationMemberAccessor.java:251)
	at org.mockito.internal.util.reflection.ModuleMemberAccessor.invoke(ModuleMemberAccessor.java:55)
	at org.mockito.internal.creation.bytebuddy.MockMethodAdvice.tryInvoke(MockMethodAdvice.java:314)
	at org.mockito.internal.creation.bytebuddy.MockMethodAdvice$RealMethodCall.invoke(MockMethodAdvice.java:234)
	at org.mockito.internal.invocation.InterceptedInvocation.callRealMethod(InterceptedInvocation.java:142)
	at org.mockito.internal.stubbing.answers.CallsRealMethods.answer(CallsRealMethods.java:45)
	at org.mockito.Answers.answer(Answers.java:90)
	at org.mockito.internal.handler.MockHandlerImpl.handle(MockHandlerImpl.java:111)
	at org.mockito.internal.handler.NullResultGuardian.handle(NullResultGuardian.java:29)
	at org.mockito.internal.handler.InvocationNotifierHandler.handle(InvocationNotifierHandler.java:34)
	at org.mockito.internal.creation.bytebuddy.MockMethodInterceptor.doIntercept(MockMethodInterceptor.java:82)
	at org.mockito.internal.creation.bytebuddy.MockMethodAdvice.handle(MockMethodAdvice.java:134)
	at de.tum.cit.aet.artemis.programming.service.ProgrammingExerciseGradingService.createAndSaveFallbackSubmission(ProgrammingExerciseGradingService.java:272)
	at de.tum.cit.aet.artemis.programming.service.ProgrammingExerciseGradingService.lambda$processNewProgrammingExerciseResult$0(ProgrammingExerciseGradingService.java:177)
	at java.base/java.util.Optional.orElseGet(Optional.java:364)
	at de.tum.cit.aet.artemis.programming.service.ProgrammingExerciseGradingService.processNewProgrammingExerciseResult(ProgrammingExerciseGradingService.java:177)
	at java.base/java.lang.invoke.MethodHandle.invokeWithArguments(MethodHandle.java:733)
	at org.mockito.internal.util.reflection.InstrumentationMemberAccessor$Dispatcher$ByteBuddy$oog9jsgw.invokeWithArguments(Unknown Source)
	at org.mockito.internal.util.reflection.InstrumentationMemberAccessor.invoke(InstrumentationMemberAccessor.java:251)
	at org.mockito.internal.util.reflection.ModuleMemberAccessor.invoke(ModuleMemberAccessor.java:55)
	at org.mockito.internal.creation.bytebuddy.MockMethodAdvice.tryInvoke(MockMethodAdvice.java:314)
	at org.mockito.internal.creation.bytebuddy.MockMethodAdvice$RealMethodCall.invoke(MockMethodAdvice.java:234)
	at org.mockito.internal.invocation.InterceptedInvocation.callRealMethod(InterceptedInvocation.java:142)
	at org.mockito.internal.stubbing.answers.CallsRealMethods.answer(CallsRealMethods.java:45)
	at org.mockito.Answers.answer(Answers.java:90)
	at org.mockito.internal.handler.MockHandlerImpl.handle(MockHandlerImpl.java:111)
	at org.mockito.internal.handler.NullResultGuardian.handle(NullResultGuardian.java:29)
	at org.mockito.internal.handler.InvocationNotifierHandler.handle(InvocationNotifierHandler.java:34)
	at org.mockito.internal.creation.bytebuddy.MockMethodInterceptor.doIntercept(MockMethodInterceptor.java:82)
	at org.mockito.internal.creation.bytebuddy.MockMethodAdvice.handle(MockMethodAdvice.java:134)
	... 11 common frames omitted
Caused by: org.eclipse.jgit.errors.NoRemoteRepositoryException: file:///tmp/SHORT1433D0160BE1D048240B38F04F231AEE650FTSTEXC/short1433d0160be1d048240b38f04f231aee650ftstexc-solution.git: not found.
	at org.eclipse.jgit.transport.TransportLocal$1.open(TransportLocal.java:100)
	at org.eclipse.jgit.transport.TransportBundleFile$1.open(TransportBundleFile.java:74)
	at org.eclipse.jgit.transport.Transport.open(Transport.java:525)
	at org.eclipse.jgit.transport.Transport.open(Transport.java:400)
	at org.eclipse.jgit.transport.Transport.open(Transport.java:279)
	at org.eclipse.jgit.transport.Transport.open(Transport.java:247)
	at org.eclipse.jgit.api.FetchCommand.call(FetchCommand.java:217)
	... 158 common frames omitted
    23:44:55.471 | 566 localvc.event-13 | DEBUG | a.p.s.l.LocalCIQueueWebsocketService : Build agent updated: BuildAgentInformation[buildAgent=BuildAgentDTO[name=artemis-build-agent-test, memberAddress=[127.0.0.1]:5703, displayName=artemis-build-agent-test], maxNumberOfConcurrentBuildJobs=1, numberOfCurrentBuildJobs=0, runningBuildJobs=[], status=IDLE, recentBuildJobs=[BuildJobQueueItem[id=4621739576562326, name=SHORT43ACF76B02BC1044B80938509D14043FABDETSTEXC-LOCALCIINTSTUDENT1, buildAgent=BuildAgentDTO[name=artemis-build-agent-test, memberAddress=[127.0.0.1]:5703, displayName=artemis-build-agent-test], participationId=462, courseId=147, exerciseId=298, retryCount=0, priority=2, status=SUCCESSFUL, repositoryInfo=RepositoryInfo[repositoryName=short43acf76b02bc1044b80938509d14043fabdetstexc-localciintstudent1, repositoryType=user, triggeredByPushTo=user, assignmentRepositoryUri=http://localhost:49152/git/SHORT43ACF76B02BC1044B80938509D14043FABDETSTEXC/short43acf76b02bc1044b80938509d14043fabdetstexc-localciintstudent1.git, testRepositoryUri=http://localhost:49152/git/SHORT43ACF76B02BC1044B80938509D14043FABDETSTEXC/short43acf76b02bc1044b80938509d14043fabdetstexc-tests.git, solutionRepositoryUri=null, auxiliaryRepositoryUris=[Ljava.lang.String;@3729a4e5, auxiliaryRepositoryCheckoutDirectories=[Ljava.lang.String;@1bb49655], jobTimingInfo=JobTimingInfo[submissionDate=2025-02-14T23:42:42.326978596Z[Etc/UTC], buildStartDate=2025-02-14T23:42:42.420147010Z[Etc/UTC], buildCompletionDate=2025-02-14T23:42:45.573855829Z[Etc/UTC], estimatedCompletionDate=2025-02-14T23:43:01.420129377Z[Etc/UTC], estimatedDuration=19], buildConfig=BuildConfig[buildScript=#!/bin/bash
cd /var/tmp/testing-dir
chmod +x ./gradlew
./gradlew clean test
, dockerImage=dummy-docker-image:latest, commitHashToBuild=a9c717ccf7bcbe9531d3eee21dbaeb5aab2ff971, assignmentCommitHash=a9c717ccf7bcbe9531d3eee21dbaeb5aab2ff971, testCommitHash=a9c717ccf7bcbe9531d3eee21dbaeb5aab2ff971, branch=main, programmingLanguage=JAVA, projectType=PLAIN_GRADLE, scaEnabled=false, sequentialTestRunsEnabled=false, resultPaths=[/var/tmp/testing-dir/**/test-results/test/*.xml], timeoutSeconds=0, assignmentCheckoutPath=null, testCheckoutPath=null, solutionCheckoutPath=null, dockerRunConfig=DockerRunConfig[isNetworkDisabled=true, env=[key=value]]], submissionResult=ResultDTO[id=132, completionDate=2025-02-14T23:42:45.519869118Z[Etc/UTC], successful=false, score=7.7, rated=true, submission=SubmissionDTO[id=119, submitted=true, type=MANUAL, exampleSubmission=null, submissionDate=2025-02-14T23:42:42.302762Z, commitHash=a9c717ccf7bcbe9531d3eee21dbaeb5aab2ff971, buildFailed=false, buildArtifact=false, participation=ParticipationDTO[id=462, testRun=false, type=programming, submissionCount=null, exercise=ParticipationExerciseDTO[id=298, exerciseType=PROGRAMMING, type=programming, assessmentType=AUTOMATIC, dueDate=2025-02-16T23:42:41.553955Z, assessmentDueDate=null, maxPoints=42.0, course=CourseDTO[id=147, accuracyOfScores=1]]], submissionExerciseType=programming, isProcessing=false, buildStartDate=null, estimatedCompletionDate=null], participation=ParticipationDTO[id=462, testRun=false, type=programming, submissionCount=null, exercise=ParticipationExerciseDTO[id=298, exerciseType=PROGRAMMING, type=programming, assessmentType=AUTOMATIC, dueDate=2025-02-16T23:42:41.553955Z, assessmentDueDate=null, maxPoints=42.0, course=CourseDTO[id=147, accuracyOfScores=1]]], feedbacks=[FeedbackDTO[id=67, text=null, detailText=The exercise expects a class with the name Context in the package testpackage. You did not implement the class in the exercise., hasLongFeedbackText=false, reference=null, credits=0.0, positive=false, type=AUTOMATIC, visibility=ALWAYS, testCase=TestCaseDTO[testName=null, id=13]], FeedbackDTO[id=68, text=null, detailText=The exercise expects a class with the name Policy in the package testpackage. You did not implement the class in the exercise., hasLongFeedbackText=false, reference=null, credits=0.0, positive=false, type=AUTOMATIC, visibility=ALWAYS, testCase=TestCaseDTO[testName=null, id=14]], FeedbackDTO[id=69, text=null, detailText=The exercise expects a class with the name SortStrategy in the package testpackage. You did not implement the class in the exercise., hasLongFeedbackText=false, reference=null, credits=0.0, positive=false, type=AUTOMATIC, visibility=ALWAYS, testCase=TestCaseDTO[testName=null, id=15]], FeedbackDTO[id=70, text=null, detailText=The class 'MergeSort' does not implement the interface 'SortStrategy' as expected. Implement the interface and its methods., hasLongFeedbackText=false, reference=null, credits=0.0, positive=false, type=AUTOMATIC, visibility=ALWAYS, testCase=TestCaseDTO[testName=null, id=10]], FeedbackDTO[id=71, text=null, detailText=The exercise expects a class with the name SortStrategy in the package testpackage. You did not implement the class in the exercise., hasLongFeedbackText=false, reference=null, credits=0.0, positive=false, type=AUTOMATIC, visibility=ALWAYS, testCase=TestCaseDTO[testName=null, id=7]], FeedbackDTO[id=72, text=null, detailText=The class 'BubbleSort' does not implement the interface 'SortStrategy' as expected. Implement the interface and its methods., hasLongFeedbackText=false, reference=null, credits=0.0, positive=false, type=AUTOMATIC, visibility=ALWAYS, testCase=TestCaseDTO[testName=null, id=11]], FeedbackDTO[id=73, text=null, detailText=MergeSort does not sort correctly, hasLongFeedbackText=false, reference=null, credits=0.0, positive=false, type=AUTOMATIC, visibility=ALWAYS, testCase=TestCaseDTO[testName=null, id=16]], FeedbackDTO[id=74, text=null, detailText=The class 'Context' was not found within the submission. Make sure to implement it properly., hasLongFeedbackText=false, reference=null, credits=0.0, positive=false, type=AUTOMATIC, visibility=ALWAYS, testCase=TestCaseDTO[testName=null, id=17]], FeedbackDTO[id=75, text=null, detailText=The class 'Context' was not found within the submission. Make sure to implement it properly., hasLongFeedbackText=false, reference=null, credits=0.0, positive=false, type=AUTOMATIC, visibility=ALWAYS, testCase=TestCaseDTO[testName=null, id=18]], FeedbackDTO[id=76, text=null, detailText=The exercise expects a class with the name Policy in the package testpackage. You did not implement the class in the exercise., hasLongFeedbackText=false, reference=null, credits=0.0, positive=false, type=AUTOMATIC, visibility=ALWAYS, testCase=TestCaseDTO[testName=null, id=12]], FeedbackDTO[id=77, text=null, detailText=The exercise expects a class with the name Context in the package testpackage. You did not implement the class in the exercise., hasLongFeedbackText=false, reference=null, credits=0.0, positive=false, type=AUTOMATIC, visibility=ALWAYS, testCase=TestCaseDTO[testName=null, id=8]], FeedbackDTO[id=78, text=null, detailText=The exercise expects a class with the name Policy in the package testpackage. You did not implement the class in the exercise., hasLongFeedbackText=false, reference=null, credits=0.0, positive=false, type=AUTOMATIC, visibility=ALWAYS, testCase=TestCaseDTO[testName=null, id=9]], FeedbackDTO[id=79, text=null, detailText=null, hasLongFeedbackText=false, reference=null, credits=3.230769230769231, positive=true, type=AUTOMATIC, visibility=ALWAYS, testCase=TestCaseDTO[testName=null, id=19]]], assessmentType=AUTOMATIC, hasComplaint=null, exampleResult=null, testCaseCount=13, passedTestCaseCount=1, codeIssueCount=0]], BuildJobQueueItem[id=4651739576569330, name=SHORTB06DD3F905F4604F6E085260D83ED657A6DFTSTEXC-LOCALCIINTSTUDENT1, buildAgent=BuildAgentDTO[name=artemis-build-agent-test, memberAddress=[127.0.0.1]:5703, displayName=artemis-build-agent-test], participationId=465, courseId=148, exerciseId=299, retryCount=0, priority=2, status=SUCCESSFUL, repositoryInfo=RepositoryInfo[repositoryName=shortb06dd3f905f4604f6e085260d83ed657a6dftstexc-localciintstudent1, repositoryType=user, triggeredByPushTo=user, assignmentRepositoryUri=http://localhost:49152/git/SHORTB06DD3F905F4604F6E085260D83ED657A6DFTSTEXC/shortb06dd3f905f4604f6e085260d83ed657a6dftstexc-localciintstudent1.git, testRepositoryUri=http://localhost:49152/git/SHORTB06DD3F905F4604F6E085260D83ED657A6DFTSTEXC/shortb06dd3f905f4604f6e085260d83ed657a6dftstexc-tests.git, solutionRepositoryUri=null, auxiliaryRepositoryUris=[Ljava.lang.String;@65d68a61, auxiliaryRepositoryCheckoutDirectories=[Ljava.lang.String;@ba7dfde], jobTimingInfo=JobTimingInfo[submissionDate=2025-02-14T23:42:49.330093960Z[Etc/UTC], buildStartDate=2025-02-14T23:42:49.347797345Z[Etc/UTC], buildCompletionDate=2025-02-14T23:42:51.204319751Z[Etc/UTC], estimatedCompletionDate=2025-02-14T23:43:08.347788449Z[Etc/UTC], estimatedDuration=19], buildConfig=BuildConfig[buildScript=#!/bin/bash
cd /var/tmp/testing-dir
chmod +x ./gradlew
./gradlew clean test
, dockerImage=dummy-docker-image:latest, commitHashToBuild=41581fff25954d36cf07586926ee0c77d1003131, assignmentCommitHash=41581fff25954d36cf07586926ee0c77d1003131, testCommitHash=41581fff25954d36cf07586926ee0c77d1003131, branch=main, programmingLanguage=JAVA, projectType=PLAIN_GRADLE, scaEnabled=false, sequentialTestRunsEnabled=false, resultPaths=[/var/tmp/testing-dir/**/test-results/test/*.xml], timeoutSeconds=0, assignmentCheckoutPath=null, testCheckoutPath=null, solutionCheckoutPath=null, dockerRunConfig=null], submissionResult=ResultDTO[id=133, completionDate=2025-02-14T23:42:51.155372920Z[Etc/UTC], successful=false, score=7.7, rated=true, submission=SubmissionDTO[id=120, submitted=true, type=MANUAL, exampleSubmission=null, submissionDate=2025-02-14T23:42:49.321855Z, commitHash=41581fff25954d36cf07586926ee0c77d1003131, buildFailed=false, buildArtifact=false, participation=ParticipationDTO[id=465, testRun=false, type=programming, submissionCount=null, exercise=ParticipationExerciseDTO[id=299, exerciseType=PROGRAMMING, type=programming, assessmentType=AUTOMATIC, dueDate=2025-02-16T23:42:49.163661Z, assessmentDueDate=null, maxPoints=42.0, course=CourseDTO[id=148, accuracyOfScores=1]]], submissionExerciseType=programming, isProcessing=false, buildStartDate=null, estimatedCompletionDate=null], participation=ParticipationDTO[id=465, testRun=false, type=programming, submissionCount=null, exercise=ParticipationExerciseDTO[id=299, exerciseType=PROGRAMMING, type=programming, assessmentType=AUTOMATIC, dueDate=2025-02-16T23:42:49.163661Z, assessmentDueDate=null, maxPoints=42.0, course=CourseDTO[id=148, accuracyOfScores=1]]], feedbacks=[FeedbackDTO[id=80, text=null, detailText=The exercise expects a class with the name Context in the package testpackage. You did not implement the class in the exercise., hasLongFeedbackText=false, reference=null, credits=0.0, positive=false, type=AUTOMATIC, visibility=ALWAYS, testCase=TestCaseDTO[testName=null, id=26]], FeedbackDTO[id=81, text=null, detailText=The exercise expects a class with the name Policy in the package testpackage. You did not implement the class in the exercise., hasLongFeedbackText=false, reference=null, credits=0.0, positive=false, type=AUTOMATIC, visibility=ALWAYS, testCase=TestCaseDTO[testName=null, id=27]], FeedbackDTO[id=82, text=null, detailText=The exercise expects a class with the name SortStrategy in the package testpackage. You did not implement the class in the exercise., hasLongFeedbackText=false, reference=null, credits=0.0, positive=false, type=AUTOMATIC, visibility=ALWAYS, testCase=TestCaseDTO[testName=null, id=28]], FeedbackDTO[id=83, text=null, detailText=The class 'MergeSort' does not implement the interface 'SortStrategy' as expected. Implement the interface and its methods., hasLongFeedbackText=false, reference=null, credits=0.0, positive=false, type=AUTOMATIC, visibility=ALWAYS, testCase=TestCaseDTO[testName=null, id=23]], FeedbackDTO[id=84, text=null, detailText=The exercise expects a class with the name SortStrategy in the package testpackage. You did not implement the class in the exercise., hasLongFeedbackText=false, reference=null, credits=0.0, positive=false, type=AUTOMATIC, visibility=ALWAYS, testCase=TestCaseDTO[testName=null, id=20]], FeedbackDTO[id=85, text=null, detailText=The class 'BubbleSort' does not implement the interface 'SortStrategy' as expected. Implement the interface and its methods., hasLongFeedbackText=false, reference=null, credits=0.0, positive=false, type=AUTOMATIC, visibility=ALWAYS, testCase=TestCaseDTO[testName=null, id=24]], FeedbackDTO[id=86, text=null, detailText=MergeSort does not sort correctly, hasLongFeedbackText=false, reference=null, credits=0.0, positive=false, type=AUTOMATIC, visibility=ALWAYS, testCase=TestCaseDTO[testName=null, id=29]], FeedbackDTO[id=87, text=null, detailText=The class 'Context' was not found within the submission. Make sure to implement it properly., hasLongFeedbackText=false, reference=null, credits=0.0, positive=false, type=AUTOMATIC, visibility=ALWAYS, testCase=TestCaseDTO[testName=null, id=30]], FeedbackDTO[id=88, text=null, detailText=The class 'Context' was not found within the submission. Make sure to implement it properly., hasLongFeedbackText=false, reference=null, credits=0.0, positive=false, type=AUTOMATIC, visibility=ALWAYS, testCase=TestCaseDTO[testName=null, id=31]], FeedbackDTO[id=89, text=null, detailText=The exercise expects a class with the name Policy in the package testpackage. You did not implement the class in the exercise., hasLongFeedbackText=false, reference=null, credits=0.0, positive=false, type=AUTOMATIC, visibility=ALWAYS, testCase=TestCaseDTO[testName=null, id=25]], FeedbackDTO[id=90, text=null, detailText=The exercise expects a class with the name Context in the package testpackage. You did not implement the class in the exercise., hasLongFeedbackText=false, reference=null, credits=0.0, positive=false, type=AUTOMATIC, visibility=ALWAYS, testCase=TestCaseDTO[testName=null, id=21]], FeedbackDTO[id=91, text=null, detailText=The exercise expects a class with the name Policy in the package testpackage. You did not implement the class in the exercise., hasLongFeedbackText=false, reference=null, credits=0.0, positive=false, type=AUTOMATIC, visibility=ALWAYS, testCase=TestCaseDTO[testName=null, id=22]], FeedbackDTO[id=92, text=null, detailText=null, hasLongFeedbackText=false, reference=null, credits=3.230769230769231, positive=true, type=AUTOMATIC, visibility=ALWAYS, testCase=TestCaseDTO[testName=null, id=32]]], assessmentType=AUTOMATIC, hasComplaint=null, exampleResult=null, testCaseCount=13, passedTestCaseCount=1, codeIssueCount=0]], BuildJobQueueItem[id=4681739576573068, name=SHORTBCF65534040390488B0A46605F5F3776B89ATSTEXC-LOCALCIINTSTUDENT1, buildAgent=BuildAgentDTO[name=artemis-build-agent-test, memberAddress=[127.0.0.1]:5703, displayName=artemis-build-agent-test], participationId=468, courseId=149, exerciseId=300, retryCount=0, priority=2, status=SUCCESSFUL, repositoryInfo=RepositoryInfo[repositoryName=shortbcf65534040390488b0a46605f5f3776b89atstexc-localciintstudent1, repositoryType=user, triggeredByPushTo=user, assignmentRepositoryUri=http://localhost:49152/git/SHORTBCF65534040390488B0A46605F5F3776B89ATSTEXC/shortbcf65534040390488b0a46605f5f3776b89atstexc-localciintstudent1.git, testRepositoryUri=http://localhost:49152/git/SHORTBCF65534040390488B0A46605F5F3776B89ATSTEXC/shortbcf65534040390488b0a46605f5f3776b89atstexc-tests.git, solutionRepositoryUri=null, auxiliaryRepositoryUris=[Ljava.lang.String;@71d34cc3, auxiliaryRepositoryCheckoutDirectories=[Ljava.lang.String;@4e6a6a92], jobTimingInfo=JobTimingInfo[submissionDate=2025-02-14T23:42:53.068019209Z[Etc/UTC], buildStartDate=2025-02-14T23:42:53.092867394Z[Etc/UTC], buildCompletionDate=2025-02-14T23:42:55.086950323Z[Etc/UTC], estimatedCompletionDate=2025-02-14T23:43:12.092858828Z[Etc/UTC], estimatedDuration=19], buildConfig=BuildConfig[buildScript=#!/bin/bash
cd /var/tmp/testing-dir
chmod +x ./gradlew
./gradlew clean test
, dockerImage=dummy-docker-image:latest, commitHashToBuild=2d5c0482fc77d3f5ec0841962528a43054e83170, assignmentCommitHash=2d5c0482fc77d3f5ec0841962528a43054e83170, testCommitHash=7477e25d56ce5fee2c938542a7e7ed4ed085d373, branch=main, programmingLanguage=JAVA, projectType=PLAIN_GRADLE, scaEnabled=false, sequentialTestRunsEnabled=false, resultPaths=[/var/tmp/testing-dir/**/test-results/test/*.xml], timeoutSeconds=0, assignmentCheckoutPath=null, testCheckoutPath=null, solutionCheckoutPath=null, dockerRunConfig=null], submissionResult=ResultDTO[id=134, completionDate=2025-02-14T23:42:55.059618627Z[Etc/UTC], successful=false, score=7.7, rated=true, submission=SubmissionDTO[id=121, submitted=true, type=MANUAL, exampleSubmission=null, submissionDate=2025-02-14T23:42:53.048221Z, commitHash=2d5c0482fc77d3f5ec0841962528a43054e83170, buildFailed=false, buildArtifact=false, participation=ParticipationDTO[id=468, testRun=false, type=programming, submissionCount=null, exercise=ParticipationExerciseDTO[id=300, exerciseType=PROGRAMMING, type=programming, assessmentType=AUTOMATIC, dueDate=2025-02-16T23:42:52.873722Z, assessmentDueDate=null, maxPoints=42.0, course=CourseDTO[id=149, accuracyOfScores=1]]], submissionExerciseType=programming, isProcessing=false, buildStartDate=null, estimatedCompletionDate=null], participation=ParticipationDTO[id=468, testRun=false, type=programming, submissionCount=null, exercise=ParticipationExerciseDTO[id=300, exerciseType=PROGRAMMING, type=programming, assessmentType=AUTOMATIC, dueDate=2025-02-16T23:42:52.873722Z, assessmentDueDate=null, maxPoints=42.0, course=CourseDTO[id=149, accuracyOfScores=1]]], feedbacks=[FeedbackDTO[id=93, text=null, detailText=The exercise expects a class with the name Context in the package testpackage. You did not implement the class in the exercise., hasLongFeedbackText=false, reference=null, credits=0.0, positive=false, type=AUTOMATIC, visibility=ALWAYS, testCase=TestCaseDTO[testName=null, id=39]], FeedbackDTO[id=94, text=null, detailText=The exercise expects a class with the name Policy in the package testpackage. You did not implement the class in the exercise., hasLongFeedbackText=false, reference=null, credits=0.0, positive=false, type=AUTOMATIC, visibility=ALWAYS, testCase=TestCaseDTO[testName=null, id=40]], FeedbackDTO[id=95, text=null, detailText=The exercise expects a class with the name SortStrategy in the package testpackage. You did not implement the class in the exercise., hasLongFeedbackText=false, reference=null, credits=0.0, positive=false, type=AUTOMATIC, visibility=ALWAYS, testCase=TestCaseDTO[testName=null, id=41]], FeedbackDTO[id=96, text=null, detailText=The class 'MergeSort' does not implement the interface 'SortStrategy' as expected. Implement the interface and its methods., hasLongFeedbackText=false, reference=null, credits=0.0, positive=false, type=AUTOMATIC, visibility=ALWAYS, testCase=TestCaseDTO[testName=null, id=36]], FeedbackDTO[id=97, text=null, detailText=The exercise expects a class with the name SortStrategy in the package testpackage. You did not implement the class in the exercise., hasLongFeedbackText=false, reference=null, credits=0.0, positive=false, type=AUTOMATIC, visibility=ALWAYS, testCase=TestCaseDTO[testName=null, id=33]], FeedbackDTO[id=98, text=null, detailText=The class 'BubbleSort' does not implement the interface 'SortStrategy' as expected. Implement the interface and its methods., hasLongFeedbackText=false, reference=null, credits=0.0, positive=false, type=AUTOMATIC, visibility=ALWAYS, testCase=TestCaseDTO[testName=null, id=37]], FeedbackDTO[id=99, text=null, detailText=MergeSort does not sort correctly, hasLongFeedbackText=false, reference=null, credits=0.0, positive=false, type=AUTOMATIC, visibility=ALWAYS, testCase=TestCaseDTO[testName=null, id=42]], FeedbackDTO[id=100, text=null, detailText=The class 'Context' was not found within the submission. Make sure to implement it properly., hasLongFeedbackText=false, reference=null, credits=0.0, positive=false, type=AUTOMATIC, visibility=ALWAYS, testCase=TestCaseDTO[testName=null, id=43]], FeedbackDTO[id=101, text=null, detailText=The class 'Context' was not found within the submission. Make sure to implement it properly., hasLongFeedbackText=false, reference=null, credits=0.0, positive=false, type=AUTOMATIC, visibility=ALWAYS, testCase=TestCaseDTO[testName=null, id=44]], FeedbackDTO[id=102, text=null, detailText=The exercise expects a class with the name Policy in the package testpackage. You did not implement the class in the exercise., hasLongFeedbackText=false, reference=null, credits=0.0, positive=false, type=AUTOMATIC, visibility=ALWAYS, testCase=TestCaseDTO[testName=null, id=38]], FeedbackDTO[id=103, text=null, detailText=The exercise expects a class with the name Context in the package testpackage. You did not implement the class in the exercise., hasLongFeedbackText=false, reference=null, credits=0.0, positive=false, type=AUTOMATIC, visibility=ALWAYS, testCase=TestCaseDTO[testName=null, id=34]], FeedbackDTO[id=104, text=null, detailText=The exercise expects a class with the name Policy in the package testpackage. You did not implement the class in the exercise., hasLongFeedbackText=false, reference=null, credits=0.0, positive=false, type=AUTOMATIC, visibility=ALWAYS, testCase=TestCaseDTO[testName=null, id=35]], FeedbackDTO[id=105, text=null, detailText=null, hasLongFeedbackText=false, reference=null, credits=3.230769230769231, positive=true, type=AUTOMATIC, visibility=ALWAYS, testCase=TestCaseDTO[testName=null, id=45]]], assessmentType=AUTOMATIC, hasComplaint=null, exampleResult=null, testCaseCount=13, passedTestCaseCount=1, codeIssueCount=0]], BuildJobQueueItem[id=4741739576577297, name=SHORT88A9A223023E2047B709E4A029FA08BCF2CFTSTEXC-LOCALCIINTSTUDENT1, buildAgent=BuildAgentDTO[name=artemis-build-agent-test, memberAddress=[127.0.0.1]:5703, displayName=artemis-build-agent-test], participationId=474, courseId=151, exerciseId=302, retryCount=0, priority=2, status=SUCCESSFUL, repositoryInfo=RepositoryInfo[repositoryName=short88a9a223023e2047b709e4a029fa08bcf2cftstexc-localciintstudent1, repositoryType=user, triggeredByPushTo=user, assignmentRepositoryUri=http://localhost:49152/git/SHORT88A9A223023E2047B709E4A029FA08BCF2CFTSTEXC/short88a9a223023e2047b709e4a029fa08bcf2cftstexc-localciintstudent1.git, testRepositoryUri=http://localhost:49152/git/SHORT88A9A223023E2047B709E4A029FA08BCF2CFTSTEXC/short88a9a223023e2047b709e4a029fa08bcf2cftstexc-tests.git, solutionRepositoryUri=null, auxiliaryRepositoryUris=[Ljava.lang.String;@1fbe64bc, auxiliaryRepositoryCheckoutDirectories=[Ljava.lang.String;@2a5211ba], jobTimingInfo=JobTimingInfo[submissionDate=2025-02-14T23:42:57.297342281Z[Etc/UTC], buildStartDate=2025-02-14T23:42:57.308570327Z[Etc/UTC], buildCompletionDate=2025-02-14T23:42:59.047616654Z[Etc/UTC], estimatedCompletionDate=2025-02-14T23:43:16.308558064Z[Etc/UTC], estimatedDuration=19], buildConfig=BuildConfig[buildScript=#!/bin/bash
cd /var/tmp/testing-dir
chmod +x ./gradlew
./gradlew clean test
, dockerImage=dummy-docker-image:latest, commitHashToBuild=736cbea1e46d6849b41266b2bf1cccd3b9ea55b1, assignmentCommitHash=736cbea1e46d6849b41266b2bf1cccd3b9ea55b1, testCommitHash=ea6267edd396a304305339b036512b63e0374c66, branch=main, programmingLanguage=JAVA, projectType=PLAIN_GRADLE, scaEnabled=false, sequentialTestRunsEnabled=false, resultPaths=[/var/tmp/testing-dir/**/test-results/test/*.xml], timeoutSeconds=0, assignmentCheckoutPath=null, testCheckoutPath=null, solutionCheckoutPath=null, dockerRunConfig=null], submissionResult=ResultDTO[id=135, completionDate=2025-02-14T23:42:59.014168821Z[Etc/UTC], successful=false, score=7.7, rated=true, submission=SubmissionDTO[id=123, submitted=true, type=MANUAL, exampleSubmission=null, submissionDate=2025-02-14T23:42:57.278471Z, commitHash=736cbea1e46d6849b41266b2bf1cccd3b9ea55b1, buildFailed=false, buildArtifact=false, participation=ParticipationDTO[id=474, testRun=false, type=programming, submissionCount=null, exercise=ParticipationExerciseDTO[id=302, exerciseType=PROGRAMMING, type=programming, assessmentType=AUTOMATIC, dueDate=2025-02-16T23:42:56.796251Z, assessmentDueDate=null, maxPoints=42.0, course=CourseDTO[id=151, accuracyOfScores=1]]], submissionExerciseType=programming, isProcessing=false, buildStartDate=null, estimatedCompletionDate=null], participation=ParticipationDTO[id=474, testRun=false, type=programming, submissionCount=null, exercise=ParticipationExerciseDTO[id=302, exerciseType=PROGRAMMING, type=programming, assessmentType=AUTOMATIC, dueDate=2025-02-16T23:42:56.796251Z, assessmentDueDate=null, maxPoints=42.0, course=CourseDTO[id=151, accuracyOfScores=1]]], feedbacks=[FeedbackDTO[id=106, text=null, detailText=The exercise expects a class with the name Context in the package testpackage. You did not implement the class in the exercise., hasLongFeedbackText=false, reference=null, credits=0.0, positive=false, type=AUTOMATIC, visibility=ALWAYS, testCase=TestCaseDTO[testName=null, id=65]], FeedbackDTO[id=107, text=null, detailText=The exercise expects a class with the name Policy in the package testpackage. You did not implement the class in the exercise., hasLongFeedbackText=false, reference=null, credits=0.0, positive=false, type=AUTOMATIC, visibility=ALWAYS, testCase=TestCaseDTO[testName=null, id=66]], FeedbackDTO[id=108, text=null, detailText=The exercise expects a class with the name SortStrategy in the package testpackage. You did not implement the class in the exercise., hasLongFeedbackText=false, reference=null, credits=0.0, positive=false, type=AUTOMATIC, visibility=ALWAYS, testCase=TestCaseDTO[testName=null, id=67]], FeedbackDTO[id=109, text=null, detailText=The class 'MergeSort' does not implement the interface 'SortStrategy' as expected. Implement the interface and its methods., hasLongFeedbackText=false, reference=null, credits=0.0, positive=false, type=AUTOMATIC, visibility=ALWAYS, testCase=TestCaseDTO[testName=null, id=62]], FeedbackDTO[id=110, text=null, detailText=The exercise expects a class with the name SortStrategy in the package testpackage. You did not implement the class in the exercise., hasLongFeedbackText=false, reference=null, credits=0.0, positive=false, type=AUTOMATIC, visibility=ALWAYS, testCase=TestCaseDTO[testName=null, id=59]], FeedbackDTO[id=111, text=null, detailText=The class 'BubbleSort' does not implement the interface 'SortStrategy' as expected. Implement the interface and its methods., hasLongFeedbackText=false, reference=null, credits=0.0, positive=false, type=AUTOMATIC, visibility=ALWAYS, testCase=TestCaseDTO[testName=null, id=63]], FeedbackDTO[id=112, text=null, detailText=MergeSort does not sort correctly, hasLongFeedbackText=false, reference=null, credits=0.0, positive=false, type=AUTOMATIC, visibility=ALWAYS, testCase=TestCaseDTO[testName=null, id=68]], FeedbackDTO[id=113, text=null, detailText=The class 'Context' was not found within the submission. Make sure to implement it properly., hasLongFeedbackText=false, reference=null, credits=0.0, positive=false, type=AUTOMATIC, visibility=ALWAYS, testCase=TestCaseDTO[testName=null, id=69]], FeedbackDTO[id=114, text=null, detailText=The class 'Context' was not found within the submission. Make sure to implement it properly., hasLongFeedbackText=false, reference=null, credits=0.0, positive=false, type=AUTOMATIC, visibility=ALWAYS, testCase=TestCaseDTO[testName=null, id=70]], FeedbackDTO[id=115, text=null, detailText=The exercise expects a class with the name Policy in the package testpackage. You did not implement the class in the exercise., hasLongFeedbackText=false, reference=null, credits=0.0, positive=false, type=AUTOMATIC, visibility=ALWAYS, testCase=TestCaseDTO[testName=null, id=64]], FeedbackDTO[id=116, text=null, detailText=The exercise expects a class with the name Context in the package testpackage. You did not implement the class in the exercise., hasLongFeedbackText=false, reference=null, credits=0.0, positive=false, type=AUTOMATIC, visibility=ALWAYS, testCase=TestCaseDTO[testName=null, id=60]], FeedbackDTO[id=117, text=null, detailText=The exercise expects a class with the name Policy in the package testpackage. You did not implement the class in the exercise., hasLongFeedbackText=false, reference=null, credits=0.0, positive=false, type=AUTOMATIC, visibility=ALWAYS, testCase=TestCaseDTO[testName=null, id=61]], FeedbackDTO[id=118, text=null, detailText=null, hasLongFeedbackText=false, reference=null, credits=3.230769230769231, positive=true, type=AUTOMATIC, visibility=ALWAYS, testCase=TestCaseDTO[testName=null, id=71]]], assessmentType=AUTOMATIC, hasComplaint=null, exampleResult=null, testCaseCount=13, passedTestCaseCount=1, codeIssueCount=0]], BuildJobQueueItem[id=4771739576580898, name=SHORT51E611E30D6B60466F0B8BA0AA97F58888C2TSTEXC-LOCALCIINTSTUDENT1, buildAgent=BuildAgentDTO[name=artemis-build-agent-test, memberAddress=[127.0.0.1]:5703, displayName=artemis-build-agent-test], participationId=477, courseId=152, exerciseId=303, retryCount=0, priority=2, status=SUCCESSFUL, repositoryInfo=RepositoryInfo[repositoryName=short51e611e30d6b60466f0b8ba0aa97f58888c2tstexc-localciintstudent1, repositoryType=user, triggeredByPushTo=user, assignmentRepositoryUri=http://localhost:49152/git/SHORT51E611E30D6B60466F0B8BA0AA97F58888C2TSTEXC/short51e611e30d6b60466f0b8ba0aa97f58888c2tstexc-localciintstudent1.git, testRepositoryUri=http://localhost:49152/git/SHORT51E611E30D6B60466F0B8BA0AA97F58888C2TSTEXC/short51e611e30d6b60466f0b8ba0aa97f58888c2tstexc-tests.git, solutionRepositoryUri=null, auxiliaryRepositoryUris=[Ljava.lang.String;@418ce567, auxiliaryRepositoryCheckoutDirectories=[Ljava.lang.String;@5caf393e], jobTimingInfo=JobTimingInfo[submissionDate=2025-02-14T23:43:00.898532688Z[Etc/UTC], buildStartDate=2025-02-14T23:43:00.905733056Z[Etc/UTC], buildCompletionDate=2025-02-14T23:43:02.692768910Z[Etc/UTC], estimatedCompletionDate=2025-02-14T23:43:19.905720463Z[Etc/UTC], estimatedDuration=19], buildConfig=BuildConfig[buildScript=#!/bin/bash
cd /var/tmp/testing-dir
chmod +x ./gradlew
./gradlew clean test
, dockerImage=dummy-docker-image:latest, commitHashToBuild=8f3057cbd462f5e3de4e6ba85115f60d8dbb5aea, assignmentCommitHash=8f3057cbd462f5e3de4e6ba85115f60d8dbb5aea, testCommitHash=8f3057cbd462f5e3de4e6ba85115f60d8dbb5aea, branch=main, programmingLanguage=JAVA, projectType=PLAIN_GRADLE, scaEnabled=true, sequentialTestRunsEnabled=false, resultPaths=[/var/tmp/testing-dir/**/test-results/test/*.xml], timeoutSeconds=0, assignmentCheckoutPath=null, testCheckoutPath=null, solutionCheckoutPath=null, dockerRunConfig=null], submissionResult=ResultDTO[id=136, completionDate=2025-02-14T23:43:02.637820510Z[Etc/UTC], successful=false, score=7.7, rated=true, submission=SubmissionDTO[id=124, submitted=true, type=MANUAL, exampleSubmission=null, submissionDate=2025-02-14T23:43:00.886601Z, commitHash=8f3057cbd462f5e3de4e6ba85115f60d8dbb5aea, buildFailed=false, buildArtifact=false, participation=ParticipationDTO[id=477, testRun=false, type=programming, submissionCount=null, exercise=ParticipationExerciseDTO[id=303, exerciseType=PROGRAMMING, type=programming, assessmentType=AUTOMATIC, dueDate=2025-02-16T23:43:00.631824Z, assessmentDueDate=null, maxPoints=42.0, course=CourseDTO[id=152, accuracyOfScores=1]]], submissionExerciseType=programming, isProcessing=false, buildStartDate=null, estimatedCompletionDate=null], participation=ParticipationDTO[id=477, testRun=false, type=programming, submissionCount=null, exercise=ParticipationExerciseDTO[id=303, exerciseType=PROGRAMMING, type=programming, assessmentType=AUTOMATIC, dueDate=2025-02-16T23:43:00.631824Z, assessmentDueDate=null, maxPoints=42.0, course=CourseDTO[id=152, accuracyOfScores=1]]], feedbacks=[FeedbackDTO[id=119, text=null, detailText=The exercise expects a class with the name Context in the package testpackage. You did not implement the class in the exercise., hasLongFeedbackText=false, reference=null, credits=0.0, positive=false, type=AUTOMATIC, visibility=ALWAYS, testCase=TestCaseDTO[testName=null, id=78]], FeedbackDTO[id=120, text=null, detailText=The exercise expects a class with the name Policy in the package testpackage. You did not implement the class in the exercise., hasLongFeedbackText=false, reference=null, credits=0.0, positive=false, type=AUTOMATIC, visibility=ALWAYS, testCase=TestCaseDTO[testName=null, id=79]], FeedbackDTO[id=121, text=null, detailText=The exercise expects a class with the name SortStrategy in the package testpackage. You did not implement the class in the exercise., hasLongFeedbackText=false, reference=null, credits=0.0, positive=false, type=AUTOMATIC, visibility=ALWAYS, testCase=TestCaseDTO[testName=null, id=80]], FeedbackDTO[id=122, text=null, detailText=The class 'MergeSort' does not implement the interface 'SortStrategy' as expected. Implement the interface and its methods., hasLongFeedbackText=false, reference=null, credits=0.0, positive=false, type=AUTOMATIC, visibility=ALWAYS, testCase=TestCaseDTO[testName=null, id=75]], FeedbackDTO[id=123, text=null, detailText=The exercise expects a class with the name SortStrategy in the package testpackage. You did not implement the class in the exercise., hasLongFeedbackText=false, reference=null, credits=0.0, positive=false, type=AUTOMATIC, visibility=ALWAYS, testCase=TestCaseDTO[testName=null, id=72]], FeedbackDTO[id=124, text=null, detailText=The class 'BubbleSort' does not implement the interface 'SortStrategy' as expected. Implement the interface and its methods., hasLongFeedbackText=false, reference=null, credits=0.0, positive=false, type=AUTOMATIC, visibility=ALWAYS, testCase=TestCaseDTO[testName=null, id=76]], FeedbackDTO[id=125, text=null, detailText=MergeSort does not sort correctly, hasLongFeedbackText=false, reference=null, credits=0.0, positive=false, type=AUTOMATIC, visibility=ALWAYS, testCase=TestCaseDTO[testName=null, id=81]], FeedbackDTO[id=126, text=null, detailText=The class 'Context' was not found within the submission. Make sure to implement it properly., hasLongFeedbackText=false, reference=null, credits=0.0, positive=false, type=AUTOMATIC, visibility=ALWAYS, testCase=TestCaseDTO[testName=null, id=82]], FeedbackDTO[id=127, text=null, detailText=The class 'Context' was not found within the submission. Make sure to implement it properly., hasLongFeedbackText=false, reference=null, credits=0.0, positive=false, type=AUTOMATIC, visibility=ALWAYS, testCase=TestCaseDTO[testName=null, id=83]], FeedbackDTO[id=128, text=null, detailText=The exercise expects a class with the name Policy in the package testpackage. You did not implement the class in the exercise., hasLongFeedbackText=false, reference=null, credits=0.0, positive=false, type=AUTOMATIC, visibility=ALWAYS, testCase=TestCaseDTO[testName=null, id=77]], FeedbackDTO[id=129, text=null, detailText=The exercise expects a class with the name Context in the package testpackage. You did not implement the class in the exercise., hasLongFeedbackText=false, reference=null, credits=0.0, positive=false, type=AUTOMATIC, visibility=ALWAYS, testCase=TestCaseDTO[testName=null, id=73]], FeedbackDTO[id=130, text=null, detailText=The exercise expects a class with the name Policy in the package testpackage. You did not implement the class in the exercise., hasLongFeedbackText=false, reference=null, credits=0.0, positive=false, type=AUTOMATIC, visibility=ALWAYS, testCase=TestCaseDTO[testName=null, id=74]], FeedbackDTO[id=131, text=null, detailText=null, hasLongFeedbackText=false, reference=null, credits=3.230769230769231, positive=true, type=AUTOMATIC, visibility=ALWAYS, testCase=TestCaseDTO[testName=null, id=84]], FeedbackDTO[id=132, text=SCAFeedbackIdentifier:Bad Practice, detailText={"filePath":"src/code/Client.java","startLine":6,"endLine":6,"startColumn":1,"endColumn":26,"rule":"UnusedImports","category":"Best Practices","message":"Avoid unused imports such as 'javax.swing.JFrame'","priority":"4"}, hasLongFeedbackText=false, reference=PMD, credits=0.0, positive=false, type=AUTOMATIC, visibility=null, testCase=null], FeedbackDTO[id=133, text=SCAFeedbackIdentifier:Code Style, detailText={"filePath":"src/code/Client.java","startLine":7,"endLine":7,"startColumn":1,"endColumn":19,"rule":"DontImportJavaLang","category":"Code Style","message":"Avoid importing anything from the package java.lang","priority":"4"}, hasLongFeedbackText=false, reference=PMD, credits=0.0, positive=false, type=AUTOMATIC, visibility=null, testCase=null], FeedbackDTO[id=134, text=SCAFeedbackIdentifier:Bad Practice, detailText={"filePath":"src/code/Client.java","startLine":7,"endLine":7,"startColumn":1,"endColumn":19,"rule":"UnusedImports","category":"Best Practices","message":"Avoid unused imports such as 'java.lang'","priority":"4"}, hasLongFeedbackText=false, reference=PMD, credits=0.0, positive=false, type=AUTOMATIC, visibility=null, testCase=null], FeedbackDTO[id=135, text=SCAFeedbackIdentifier:Bad Practice, detailText={"filePath":"src/code/Client.java","startLine":73,"endLine":73,"startColumn":18,"endColumn":27,"rule":"UnusedLocalVariable","category":"Best Practices","message":"Avoid unused local variables such as 'randomDate'.","priority":"3"}, hasLongFeedbackText=false, reference=PMD, credits=0.0, positive=false, type=AUTOMATIC, visibility=null, testCase=null], FeedbackDTO[id=136, text=SCAFeedbackIdentifier:Bad Practice, detailText={"filePath":"src/code/Client.java","startLine":81,"endLine":81,"startColumn":31,"endColumn":53,"rule":"UnusedPrivateMethod","category":"Best Practices","message":"Avoid unused private methods such as 'CreateRandomDatesList()'.","priority":"3"}, hasLongFeedbackText=false, reference=PMD, credits=0.0, positive=false, type=AUTOMATIC, visibility=null, testCase=null], FeedbackDTO[id=137, text=SCAFeedbackIdentifier:Potential Bugs, detailText={"filePath":"src/code/Client.java","startLine":94,"endLine":94,"startColumn":9,"endColumn":9,"rule":"EmptyStatementNotInLoop","category":"Error Prone","message":"An empty statement (semicolon) not part of a loop","priority":"3"}, hasLongFeedbackText=false, reference=PMD, credits=0.0, positive=false, type=AUTOMATIC, visibility=null, testCase=null], FeedbackDTO[id=138, text=SCAFeedbackIdentifier:Potential Bugs, detailText={"filePath":"src/code/Client.java","startLine":94,"endLine":94,"startColumn":10,"endColumn":10,"rule":"EmptyStatementNotInLoop","category":"Error Prone","message":"An empty statement (semicolon) not part of a loop","priority":"3"}, hasLongFeedbackText=false, reference=PMD, credits=0.0, positive=false, type=AUTOMATIC, visibility=null, testCase=null], FeedbackDTO[id=139, text=SCAFeedbackIdentifier:Potential Bugs, detailText={"filePath":"src/code/Client.java","startLine":94,"endLine":94,"startColumn":11,"endColumn":11,"rule":"EmptyStatementNotInLoop","category":"Error Prone","message":"An empty statement (semicolon) not part of a loop","priority":"3"}, hasLongFeedbackText=false, reference=PMD, credits=0.0, positive=false, type=AUTOMATIC, visibility=null, testCase=null], FeedbackDTO[id=140, text=SCAFeedbackIdentifier:Code Style, detailText={"filePath":"src/code/Client.java","startLine":73,"endLine":73,"rule":"DLS_DEAD_LOCAL_STORE","category":"STYLE","message":"Dead store to randomDate in code.Client.createRandomDatesList()","priority":"2"}, hasLongFeedbackText=false, reference=SPOTBUGS, credits=0.0, positive=false, type=AUTOMATIC, visibility=null, testCase=null], FeedbackDTO[id=141, text=SCAFeedbackIdentifier:Bad Practice, detailText={"filePath":"src/code/Client.java","startLine":82,"endLine":95,"rule":"NM_METHOD_NAMING_CONVENTION","category":"BAD_PRACTICE","message":"The method name code.Client.CreateRandomDatesList() doesn't start with a lower case letter","priority":"3"}, hasLongFeedbackText=false, reference=SPOTBUGS, credits=0.0, positive=false, type=AUTOMATIC, visibility=null, testCase=null], FeedbackDTO[id=142, text=SCAFeedbackIdentifier:Performance, detailText={"filePath":"src/code/Client.java","startLine":82,"endLine":95,"rule":"UPM_UNCALLED_PRIVATE_METHOD","category":"PERFORMANCE","message":"Private method code.Client.CreateRandomDatesList() is never called","priority":"2"}, hasLongFeedbackText=false, reference=SPOTBUGS, credits=0.0, positive=false, type=AUTOMATIC, visibility=null, testCase=null], FeedbackDTO[id=143, text=SCAFeedbackIdentifier:Code Style, detailText={"filePath":"src/code/Client.java","startLine":70,"endLine":70,"startColumn":9,"endColumn":9,"rule":"NeedBracesCheck","category":"blocks","message":"'for' construct must use '{}'s.","priority":"error"}, hasLongFeedbackText=false, reference=CHECKSTYLE, credits=0.0, positive=false, type=AUTOMATIC, visibility=null, testCase=null], FeedbackDTO[id=144, text=SCAFeedbackIdentifier:Code Style, detailText={"filePath":"src/code/Client.java","startLine":93,"endLine":93,"startColumn":9,"endColumn":9,"rule":"EmptyStatementCheck","category":"coding","message":"Empty statement.","priority":"error"}, hasLongFeedbackText=false, reference=CHECKSTYLE, credits=0.0, positive=false, type=AUTOMATIC, visibility=null, testCase=null], FeedbackDTO[id=145, text=SCAFeedbackIdentifier:Code Style, detailText={"filePath":"src/code/Client.java","startLine":93,"endLine":93,"startColumn":10,"endColumn":10,"rule":"EmptyStatementCheck","category":"coding","message":"Empty statement.","priority":"error"}, hasLongFeedbackText=false, reference=CHECKSTYLE, credits=0.0, positive=false, type=AUTOMATIC, visibility=null, testCase=null], FeedbackDTO[id=146, text=SCAFeedbackIdentifier:Code Style, detailText={"filePath":"src/code/Client.java","startLine":93,"endLine":93,"startColumn":11,"endColumn":11,"rule":"EmptyStatementCheck","category":"coding","message":"Empty statement.","priority":"error"}, hasLongFeedbackText=false, reference=CHECKSTYLE, credits=0.0, positive=false, type=AUTOMATIC, visibility=null, testCase=null]], assessmentType=AUTOMATIC, hasComplaint=null, exampleResult=null, testCaseCount=13, passedTestCaseCount=1, codeIssueCount=15]], BuildJobQueueItem[id=4821739576584632, name=SHORT433BAC4500363044960B6E10DFA0493471B2TSTEXC-LOCALCIINTSTUDENT1, buildAgent=BuildAgentDTO[name=artemis-build-agent-test, memberAddress=[127.0.0.1]:5703, displayName=artemis-build-agent-test], participationId=482, courseId=154, exerciseId=305, retryCount=0, priority=2, status=SUCCESSFUL, repositoryInfo=RepositoryInfo[repositoryName=short433bac4500363044960b6e10dfa0493471b2tstexc-localciintstudent1, repositoryType=user, triggeredByPushTo=user, assignmentRepositoryUri=http://localhost:49152/git/SHORT433BAC4500363044960B6E10DFA0493471B2TSTEXC/short433bac4500363044960b6e10dfa0493471b2tstexc-localciintstudent1.git, testRepositoryUri=http://localhost:49152/git/SHORT433BAC4500363044960B6E10DFA0493471B2TSTEXC/short433bac4500363044960b6e10dfa0493471b2tstexc-tests.git, solutionRepositoryUri=null, auxiliaryRepositoryUris=[Ljava.lang.String;@30d83d93, auxiliaryRepositoryCheckoutDirectories=[Ljava.lang.String;@a3d25f3], jobTimingInfo=JobTimingInfo[submissionDate=2025-02-14T23:43:04.632341258Z[Etc/UTC], buildStartDate=2025-02-14T23:43:04.637633457Z[Etc/UTC], buildCompletionDate=2025-02-14T23:43:06.421238953Z[Etc/UTC], estimatedCompletionDate=2025-02-14T23:43:23.637623879Z[Etc/UTC], estimatedDuration=19], buildConfig=BuildConfig[buildScript=#!/bin/bash
cd /var/tmp/testing-dir
chmod +x ./gradlew
./gradlew clean test
, dockerImage=dummy-docker-image:latest, commitHashToBuild=8355c4f3cd5d3e0443707d3310206e460e333c6f, assignmentCommitHash=8355c4f3cd5d3e0443707d3310206e460e333c6f, testCommitHash=8355c4f3cd5d3e0443707d3310206e460e333c6f, branch=main, programmingLanguage=JAVA, projectType=PLAIN_GRADLE, scaEnabled=false, sequentialTestRunsEnabled=false, resultPaths=[/var/tmp/testing-dir/**/test-results/test/*.xml], timeoutSeconds=0, assignmentCheckoutPath=null, testCheckoutPath=null, solutionCheckoutPath=null, dockerRunConfig=null], submissionResult=ResultDTO[id=137, completionDate=2025-02-14T23:43:06.404877412Z[Etc/UTC], successful=false, score=7.7, rated=true, submission=SubmissionDTO[id=125, submitted=true, type=MANUAL, exampleSubmission=null, submissionDate=2025-02-14T23:43:04.623230Z, commitHash=8355c4f3cd5d3e0443707d3310206e460e333c6f, buildFailed=false, buildArtifact=false, participation=ParticipationDTO[id=482, testRun=false, type=programming, submissionCount=null, exercise=ParticipationExerciseDTO[id=305, exerciseType=PROGRAMMING, type=programming, assessmentType=AUTOMATIC, dueDate=2025-02-16T23:43:04.425734Z, assessmentDueDate=null, maxPoints=42.0, course=CourseDTO[id=154, accuracyOfScores=1]]], submissionExerciseType=programming, isProcessing=false, buildStartDate=null, estimatedCompletionDate=null], participation=ParticipationDTO[id=482, testRun=false, type=programming, submissionCount=null, exercise=ParticipationExerciseDTO[id=305, exerciseType=PROGRAMMING, type=programming, assessmentType=AUTOMATIC, dueDate=2025-02-16T23:43:04.425734Z, assessmentDueDate=null, maxPoints=42.0, course=CourseDTO[id=154, accuracyOfScores=1]]], feedbacks=[FeedbackDTO[id=147, text=null, detailText=The exercise expects a class with the name Context in the package testpackage. You did not implement the class in the exercise., hasLongFeedbackText=false, reference=null, credits=0.0, positive=false, type=AUTOMATIC, visibility=ALWAYS, testCase=TestCaseDTO[testName=null, id=104]], FeedbackDTO[id=148, text=null, detailText=The exercise expects a class with the name Policy in the package testpackage. You did not implement the class in the exercise., hasLongFeedbackText=false, reference=null, credits=0.0, positive=false, type=AUTOMATIC, visibility=ALWAYS, testCase=TestCaseDTO[testName=null, id=105]], FeedbackDTO[id=149, text=null, detailText=The exercise expects a class with the name SortStrategy in the package testpackage. You did not implement the class in the exercise., hasLongFeedbackText=false, reference=null, credits=0.0, positive=false, type=AUTOMATIC, visibility=ALWAYS, testCase=TestCaseDTO[testName=null, id=106]], FeedbackDTO[id=150, text=null, detailText=The class 'MergeSort' does not implement the interface 'SortStrategy' as expected. Implement the interface and its methods., hasLongFeedbackText=false, reference=null, credits=0.0, positive=false, type=AUTOMATIC, visibility=ALWAYS, testCase=TestCaseDTO[testName=null, id=101]], FeedbackDTO[id=151, text=null, detailText=The exercise expects a class with the name SortStrategy in the package testpackage. You did not implement the class in the exercise., hasLongFeedbackText=false, reference=null, credits=0.0, positive=false, type=AUTOMATIC, visibility=ALWAYS, testCase=TestCaseDTO[testName=null, id=98]], FeedbackDTO[id=152, text=null, detailText=The class 'BubbleSort' does not implement the interface 'SortStrategy' as expected. Implement the interface and its methods., hasLongFeedbackText=false, reference=null, credits=0.0, positive=false, type=AUTOMATIC, visibility=ALWAYS, testCase=TestCaseDTO[testName=null, id=102]], FeedbackDTO[id=153, text=null, detailText=MergeSort does not sort correctly, hasLongFeedbackText=false, reference=null, credits=0.0, positive=false, type=AUTOMATIC, visibility=ALWAYS, testCase=TestCaseDTO[testName=null, id=107]], FeedbackDTO[id=154, text=null, detailText=The class 'Context' was not found within the submission. Make sure to implement it properly., hasLongFeedbackText=false, reference=null, credits=0.0, positive=false, type=AUTOMATIC, visibility=ALWAYS, testCase=TestCaseDTO[testName=null, id=108]], FeedbackDTO[id=155, text=null, detailText=The class 'Context' was not found within the submission. Make sure to implement it properly., hasLongFeedbackText=false, reference=null, credits=0.0, positive=false, type=AUTOMATIC, visibility=ALWAYS, testCase=TestCaseDTO[testName=null, id=109]], FeedbackDTO[id=156, text=null, detailText=The exercise expects a class with the name Policy in the package testpackage. You did not implement the class in the exercise., hasLongFeedbackText=false, reference=null, credits=0.0, positive=false, type=AUTOMATIC, visibility=ALWAYS, testCase=TestCaseDTO[testName=null, id=103]], FeedbackDTO[id=157, text=null, detailText=The exercise expects a class with the name Context in the package testpackage. You did not implement the class in the exercise., hasLongFeedbackText=false, reference=null, credits=0.0, positive=false, type=AUTOMATIC, visibility=ALWAYS, testCase=TestCaseDTO[testName=null, id=99]], FeedbackDTO[id=158, text=null, detailText=The exercise expects a class with the name Policy in the package testpackage. You did not implement the class in the exercise., hasLongFeedbackText=false, reference=null, credits=0.0, positive=false, type=AUTOMATIC, visibility=ALWAYS, testCase=TestCaseDTO[testName=null, id=100]], FeedbackDTO[id=159, text=null, detailText=null, hasLongFeedbackText=false, reference=null, credits=3.230769230769231, positive=true, type=AUTOMATIC, visibility=ALWAYS, testCase=TestCaseDTO[testName=null, id=110]]], assessmentType=AUTOMATIC, hasComplaint=null, exampleResult=null, testCaseCount=13, passedTestCaseCount=1, codeIssueCount=0]], BuildJobQueueItem[id=4851739576588371, name=SHORT495D587A0856D04A9E08BC60D2E08365FB9ETSTEXC-LOCALCIINTSTUDENT1, buildAgent=BuildAgentDTO[name=artemis-build-agent-test, memberAddress=[127.0.0.1]:5703, displayName=artemis-build-agent-test], participationId=485, courseId=155, exerciseId=306, retryCount=0, priority=2, status=FAILED, repositoryInfo=RepositoryInfo[repositoryName=short495d587a0856d04a9e08bc60d2e08365fb9etstexc-localciintstudent1, repositoryType=user, triggeredByPushTo=user, assignmentRepositoryUri=http://localhost:49152/git/SHORT495D587A0856D04A9E08BC60D2E08365FB9ETSTEXC/short495d587a0856d04a9e08bc60d2e08365fb9etstexc-localciintstudent1.git, testRepositoryUri=http://localhost:49152/git/SHORT495D587A0856D04A9E08BC60D2E08365FB9ETSTEXC/short495d587a0856d04a9e08bc60d2e08365fb9etstexc-tests.git, solutionRepositoryUri=null, auxiliaryRepositoryUris=[Ljava.lang.String;@2c3c5e0e, auxiliaryRepositoryCheckoutDirectories=[Ljava.lang.String;@9ffe47e], jobTimingInfo=JobTimingInfo[submissionDate=2025-02-14T23:43:08.371015915Z[Etc/UTC], buildStartDate=2025-02-14T23:43:08.374658929Z[Etc/UTC], buildCompletionDate=2025-02-14T23:43:09.341007666Z[Etc/UTC], estimatedCompletionDate=2025-02-14T23:43:27.374650503Z[Etc/UTC], estimatedDuration=19], buildConfig=BuildConfig[buildScript=#!/bin/bash
cd /var/tmp/testing-dir
chmod +x ./gradlew
./gradlew clean test
, dockerImage=dummy-docker-image:latest, commitHashToBuild=ebb8aa4dc3625fe07e975266e18313ad871ce864, assignmentCommitHash=9b3a9bd71a0d80e5bbc42204c319ed3d1d4f0d6d, testCommitHash=9b3a9bd71a0d80e5bbc42204c319ed3d1d4f0d6d, branch=main, programmingLanguage=JAVA, projectType=PLAIN_GRADLE, scaEnabled=false, sequentialTestRunsEnabled=false, resultPaths=[/var/tmp/testing-dir/**/test-results/test/*.xml], timeoutSeconds=0, assignmentCheckoutPath=null, testCheckoutPath=null, solutionCheckoutPath=null, dockerRunConfig=null], submissionResult=ResultDTO[id=138, completionDate=2025-02-14T23:43:09.343306574Z[Etc/UTC], successful=false, score=0.0, rated=true, submission=SubmissionDTO[id=127, submitted=true, type=MANUAL, exampleSubmission=null, submissionDate=2025-02-14T23:43:09.343306574Z[Etc/UTC], commitHash=9b3a9bd71a0d80e5bbc42204c319ed3d1d4f0d6d, buildFailed=true, buildArtifact=false, participation=ParticipationDTO[id=485, testRun=false, type=programming, submissionCount=null, exercise=ParticipationExerciseDTO[id=306, exerciseType=PROGRAMMING, type=programming, assessmentType=AUTOMATIC, dueDate=2025-02-16T23:43:08.185273Z, assessmentDueDate=null, maxPoints=42.0, course=CourseDTO[id=155, accuracyOfScores=1]]], submissionExerciseType=programming, isProcessing=false, buildStartDate=null, estimatedCompletionDate=null], participation=ParticipationDTO[id=485, testRun=false, type=programming, submissionCount=null, exercise=ParticipationExerciseDTO[id=306, exerciseType=PROGRAMMING, type=programming, assessmentType=AUTOMATIC, dueDate=2025-02-16T23:43:08.185273Z, assessmentDueDate=null, maxPoints=42.0, course=CourseDTO[id=155, accuracyOfScores=1]]], feedbacks=[], assessmentType=AUTOMATIC, hasComplaint=null, exampleResult=null, testCaseCount=0, passedTestCaseCount=0, codeIssueCount=0]], BuildJobQueueItem[id=4881739576590204, name=SHORT80B5DD0E0D6B304EBB096E9020B949996A1CTSTEXC-LOCALCIINTSTUDENT1, buildAgent=BuildAgentDTO[name=artemis-build-agent-test, memberAddress=[127.0.0.1]:5703, displayName=artemis-build-agent-test], participationId=488, courseId=156, exerciseId=307, retryCount=0, priority=2, status=SUCCESSFUL, repositoryInfo=RepositoryInfo[repositoryName=short80b5dd0e0d6b304ebb096e9020b949996a1ctstexc-localciintstudent1, repositoryType=user, triggeredByPushTo=user, assignmentRepositoryUri=http://localhost:49152/git/SHORT80B5DD0E0D6B304EBB096E9020B949996A1CTSTEXC/short80b5dd0e0d6b304ebb096e9020b949996a1ctstexc-localciintstudent1.git, testRepositoryUri=http://localhost:49152/git/SHORT80B5DD0E0D6B304EBB096E9020B949996A1CTSTEXC/short80b5dd0e0d6b304ebb096e9020b949996a1ctstexc-tests.git, solutionRepositoryUri=null, auxiliaryRepositoryUris=[Ljava.lang.String;@783a7477, auxiliaryRepositoryCheckoutDirectories=[Ljava.lang.String;@1bcbc43e], jobTimingInfo=JobTimingInfo[submissionDate=2025-02-14T23:43:10.204264160Z[Etc/UTC], buildStartDate=2025-02-14T23:43:10.223149139Z[Etc/UTC], buildCompletionDate=2025-02-14T23:43:12.086509109Z[Etc/UTC], estimatedCompletionDate=2025-02-14T23:43:29.223142246Z[Etc/UTC], estimatedDuration=19], buildConfig=BuildConfig[buildScript=#!/bin/bash
cd /var/tmp/testing-dir
chmod +x ./gradlew
./gradlew clean test
, dockerImage=dummy-docker-image:latest, commitHashToBuild=b806a93102242552beed7c01b08b2769731814b3, assignmentCommitHash=b806a93102242552beed7c01b08b2769731814b3, testCommitHash=b806a93102242552beed7c01b08b2769731814b3, branch=main, programmingLanguage=JAVA, projectType=PLAIN_GRADLE, scaEnabled=false, sequentialTestRunsEnabled=false, resultPaths=[/var/tmp/testing-dir/**/test-results/test/*.xml], timeoutSeconds=0, assignmentCheckoutPath=null, testCheckoutPath=null, solutionCheckoutPath=null, dockerRunConfig=null], submissionResult=ResultDTO[id=139, completionDate=2025-02-14T23:43:12.066436124Z[Etc/UTC], successful=false, score=0.0, rated=true, submission=SubmissionDTO[id=128, submitted=true, type=MANUAL, exampleSubmission=null, submissionDate=2025-02-14T23:43:10.192407Z, commitHash=b806a93102242552beed7c01b08b2769731814b3, buildFailed=true, buildArtifact=false, participation=ParticipationDTO[id=488, testRun=false, type=programming, submissionCount=null, exercise=ParticipationExerciseDTO[id=307, exerciseType=PROGRAMMING, type=programming, assessmentType=AUTOMATIC, dueDate=2025-02-16T23:43:09.986646Z, assessmentDueDate=null, maxPoints=42.0, course=CourseDTO[id=156, accuracyOfScores=1]]], submissionExerciseType=programming, isProcessing=false, buildStartDate=null, estimatedCompletionDate=null], participation=ParticipationDTO[id=488, testRun=false, type=programming, submissionCount=null, exercise=ParticipationExerciseDTO[id=307, exerciseType=PROGRAMMING, type=programming, assessmentType=AUTOMATIC, dueDate=2025-02-16T23:43:09.986646Z, assessmentDueDate=null, maxPoints=42.0, course=CourseDTO[id=156, accuracyOfScores=1]]], feedbacks=[], assessmentType=AUTOMATIC, hasComplaint=null, exampleResult=null, testCaseCount=0, passedTestCaseCount=0, codeIssueCount=0]], BuildJobQueueItem[id=4911739576593817, name=SHORT585B2198089880462509B3007867E72DFB7ATSTEXC-LOCALCIINTSTUDENT1, buildAgent=BuildAgentDTO[name=artemis-build-agent-test, memberAddress=[127.0.0.1]:5703, displayName=artemis-build-agent-test], participationId=491, courseId=157, exerciseId=308, retryCount=0, priority=2, status=SUCCESSFUL, repositoryInfo=RepositoryInfo[repositoryName=short585b2198089880462509b3007867e72dfb7atstexc-localciintstudent1, repositoryType=user, triggeredByPushTo=user, assignmentRepositoryUri=http://localhost:49152/git/SHORT585B2198089880462509B3007867E72DFB7ATSTEXC/short585b2198089880462509b3007867e72dfb7atstexc-localciintstudent1.git, testRepositoryUri=http://localhost:49152/git/SHORT585B2198089880462509B3007867E72DFB7ATSTEXC/short585b2198089880462509b3007867e72dfb7atstexc-tests.git, solutionRepositoryUri=null, auxiliaryRepositoryUris=[Ljava.lang.String;@55492567, auxiliaryRepositoryCheckoutDirectories=[Ljava.lang.String;@2363e7a4], jobTimingInfo=JobTimingInfo[submissionDate=2025-02-14T23:43:13.817124706Z[Etc/UTC], buildStartDate=2025-02-14T23:43:13.834335931Z[Etc/UTC], buildCompletionDate=2025-02-14T23:43:15.746259139Z[Etc/UTC], estimatedCompletionDate=2025-02-14T23:43:32.834326082Z[Etc/UTC], estimatedDuration=19], buildConfig=BuildConfig[buildScript=#!/bin/bash
cd /var/tmp/testing-dir
chmod +x ./gradlew
./gradlew clean test
, dockerImage=dummy-docker-image:latest, commitHashToBuild=42077d078a5d5042fe2d4bd8299a990d342fce6e, assignmentCommitHash=42077d078a5d5042fe2d4bd8299a990d342fce6e, testCommitHash=42077d078a5d5042fe2d4bd8299a990d342fce6e, branch=main, programmingLanguage=JAVA, projectType=PLAIN_GRADLE, scaEnabled=false, sequentialTestRunsEnabled=false, resultPaths=[/var/tmp/testing-dir/**/test-results/test/*.xml], timeoutSeconds=0, assignmentCheckoutPath=null, testCheckoutPath=null, solutionCheckoutPath=null, dockerRunConfig=null], submissionResult=ResultDTO[id=140, completionDate=2025-02-14T23:43:15.725343914Z[Etc/UTC], successful=false, score=0.0, rated=true, submission=SubmissionDTO[id=129, submitted=true, type=MANUAL, exampleSubmission=null, submissionDate=2025-02-14T23:43:13.805401Z, commitHash=42077d078a5d5042fe2d4bd8299a990d342fce6e, buildFailed=false, buildArtifact=false, participation=ParticipationDTO[id=491, testRun=false, type=programming, submissionCount=null, exercise=ParticipationExerciseDTO[id=308, exerciseType=PROGRAMMING, type=programming, assessmentType=AUTOMATIC, dueDate=2025-02-16T23:43:13.569213Z, assessmentDueDate=null, maxPoints=42.0, course=CourseDTO[id=157, accuracyOfScores=1]]], submissionExerciseType=programming, isProcessing=false, buildStartDate=null, estimatedCompletionDate=null], participation=ParticipationDTO[id=491, testRun=false, type=programming, submissionCount=null, exercise=ParticipationExerciseDTO[id=308, exerciseType=PROGRAMMING, type=programming, assessmentType=AUTOMATIC, dueDate=2025-02-16T23:43:13.569213Z, assessmentDueDate=null, maxPoints=42.0, course=CourseDTO[id=157, accuracyOfScores=1]]], feedbacks=[FeedbackDTO[id=160, text=null, detailText=Deine Einreichung enthält keine Ausgabe. (67cac2), hasLongFeedbackText=false, reference=null, credits=0.0, positive=false, type=AUTOMATIC, visibility=ALWAYS, testCase=TestCaseDTO[testName=null, id=146]], FeedbackDTO[id=161, text=null, detailText=test `add` failed on ≥ 1 cases:
(0, 0)
Your submission raised an error Failure("TODO add"), hasLongFeedbackText=false, reference=null, credits=0.0, positive=false, type=AUTOMATIC, visibility=ALWAYS, testCase=TestCaseDTO[testName=null, id=149]], FeedbackDTO[id=162, text=null, detailText=test `filter` failed on ≥ 1 cases:
(even, [1; 2; 3; 4])
Your submission raised an error Failure("TODO filter"), hasLongFeedbackText=false, reference=null, credits=0.0, positive=false, type=AUTOMATIC, visibility=ALWAYS, testCase=TestCaseDTO[testName=null, id=148]], FeedbackDTO[id=163, text=null, detailText=Test was not executed., hasLongFeedbackText=false, reference=null, credits=0.0, positive=null, type=AUTOMATIC, visibility=null, testCase=TestCaseDTO[testName=null, id=137]], FeedbackDTO[id=164, text=null, detailText=Test was not executed., hasLongFeedbackText=false, reference=null, credits=0.0, positive=null, type=AUTOMATIC, visibility=null, testCase=TestCaseDTO[testName=null, id=138]], FeedbackDTO[id=165, text=null, detailText=Test was not executed., hasLongFeedbackText=false, reference=null, credits=0.0, positive=null, type=AUTOMATIC, visibility=null, testCase=TestCaseDTO[testName=null, id=139]], FeedbackDTO[id=166, text=null, detailText=Test was not executed., hasLongFeedbackText=false, reference=null, credits=0.0, positive=null, type=AUTOMATIC, visibility=null, testCase=TestCaseDTO[testName=null, id=140]], FeedbackDTO[id=167, text=null, detailText=Test was not executed., hasLongFeedbackText=false, reference=null, credits=0.0, positive=null, type=AUTOMATIC, visibility=null, testCase=TestCaseDTO[testName=null, id=141]], FeedbackDTO[id=168, text=null, detailText=Test was not executed., hasLongFeedbackText=false, reference=null, credits=0.0, positive=null, type=AUTOMATIC, visibility=null, testCase=TestCaseDTO[testName=null, id=142]], FeedbackDTO[id=169, text=null, detailText=Test was not executed., hasLongFeedbackText=false, reference=null, credits=0.0, positive=null, type=AUTOMATIC, visibility=null, testCase=TestCaseDTO[testName=null, id=143]], FeedbackDTO[id=170, text=null, detailText=Test was not executed., hasLongFeedbackText=false, reference=null, credits=0.0, positive=null, type=AUTOMATIC, visibility=null, testCase=TestCaseDTO[testName=null, id=144]], FeedbackDTO[id=171, text=null, detailText=Test was not executed., hasLongFeedbackText=false, reference=null, credits=0.0, positive=null, type=AUTOMATIC, visibility=null, testCase=TestCaseDTO[testName=null, id=145]], FeedbackDTO[id=172, text=null, detailText=Test was not executed., hasLongFeedbackText=false, reference=null, credits=0.0, positive=null, type=AUTOMATIC, visibility=null, testCase=TestCaseDTO[testName=null, id=147]]], assessmentType=AUTOMATIC, hasComplaint=null, exampleResult=null, testCaseCount=13, passedTestCaseCount=0, codeIssueCount=0]], BuildJobQueueItem[id=4941739576597286, name=SHORTFBCBD7BF0E6EB0451A080E80FCB407DC1F12TSTEXC-LOCALCIINTSTUDENT1, buildAgent=BuildAgentDTO[name=artemis-build-agent-test, memberAddress=[127.0.0.1]:5703, displayName=artemis-build-agent-test], participationId=494, courseId=158, exerciseId=309, retryCount=0, priority=2, status=SUCCESSFUL, repositoryInfo=RepositoryInfo[repositoryName=shortfbcbd7bf0e6eb0451a080e80fcb407dc1f12tstexc-localciintstudent1, repositoryType=user, triggeredByPushTo=user, assignmentRepositoryUri=http://localhost:49152/git/SHORTFBCBD7BF0E6EB0451A080E80FCB407DC1F12TSTEXC/shortfbcbd7bf0e6eb0451a080e80fcb407dc1f12tstexc-localciintstudent1.git, testRepositoryUri=http://localhost:49152/git/SHORTFBCBD7BF0E6EB0451A080E80FCB407DC1F12TSTEXC/shortfbcbd7bf0e6eb0451a080e80fcb407dc1f12tstexc-tests.git, solutionRepositoryUri=null, auxiliaryRepositoryUris=[Ljava.lang.String;@8d1a673, auxiliaryRepositoryCheckoutDirectories=[Ljava.lang.String;@4d7e6963], jobTimingInfo=JobTimingInfo[submissionDate=2025-02-14T23:43:17.286977233Z[Etc/UTC], buildStartDate=2025-02-14T23:43:17.293977347Z[Etc/UTC], buildCompletionDate=2025-02-14T23:43:18.740990762Z[Etc/UTC], estimatedCompletionDate=2025-02-14T23:43:36.293970494Z[Etc/UTC], estimatedDuration=19], buildConfig=BuildConfig[buildScript=#!/bin/bash
cd /var/tmp/testing-dir
chmod +x ./gradlew
./gradlew clean test
, dockerImage=dummy-docker-image:latest, commitHashToBuild=4a1af7e8a64e6505c5fc09b9f81ea41af9fcff44, assignmentCommitHash=4a1af7e8a64e6505c5fc09b9f81ea41af9fcff44, testCommitHash=4a1af7e8a64e6505c5fc09b9f81ea41af9fcff44, branch=main, programmingLanguage=JAVA, projectType=PLAIN_GRADLE, scaEnabled=false, sequentialTestRunsEnabled=false, resultPaths=[/var/tmp/testing-dir/**/test-results/test/*.xml], timeoutSeconds=0, assignmentCheckoutPath=null, testCheckoutPath=null, solutionCheckoutPath=null, dockerRunConfig=null], submissionResult=ResultDTO[id=141, completionDate=2025-02-14T23:43:18.729015138Z[Etc/UTC], successful=false, score=0.0, rated=true, submission=SubmissionDTO[id=130, submitted=true, type=MANUAL, exampleSubmission=null, submissionDate=2025-02-14T23:43:17.272936Z, commitHash=4a1af7e8a64e6505c5fc09b9f81ea41af9fcff44, buildFailed=true, buildArtifact=false, participation=ParticipationDTO[id=494, testRun=false, type=programming, submissionCount=null, exercise=ParticipationExerciseDTO[id=309, exerciseType=PROGRAMMING, type=programming, assessmentType=AUTOMATIC, dueDate=2025-02-16T23:43:17.147218Z, assessmentDueDate=null, maxPoints=42.0, course=CourseDTO[id=158, accuracyOfScores=1]]], submissionExerciseType=programming, isProcessing=false, buildStartDate=null, estimatedCompletionDate=null], participation=ParticipationDTO[id=494, testRun=false, type=programming, submissionCount=null, exercise=ParticipationExerciseDTO[id=309, exerciseType=PROGRAMMING, type=programming, assessmentType=AUTOMATIC, dueDate=2025-02-16T23:43:17.147218Z, assessmentDueDate=null, maxPoints=42.0, course=CourseDTO[id=158, accuracyOfScores=1]]], feedbacks=[], assessmentType=AUTOMATIC, hasComplaint=null, exampleResult=null, testCaseCount=0, passedTestCaseCount=0, codeIssueCount=0]], BuildJobQueueItem[id=4971739576599269, name=SHORT52AD57270517204728083260501A19D262D1TSTEXC-LOCALCIINTSTUDENT1, buildAgent=BuildAgentDTO[name=artemis-build-agent-test, memberAddress=[127.0.0.1]:5703, displayName=artemis-build-agent-test], participationId=497, courseId=159, exerciseId=310, retryCount=0, priority=2, status=SUCCESSFUL, repositoryInfo=RepositoryInfo[repositoryName=short52ad57270517204728083260501a19d262d1tstexc-localciintstudent1, repositoryType=user, triggeredByPushTo=user, assignmentRepositoryUri=http://localhost:49152/git/SHORT52AD57270517204728083260501A19D262D1TSTEXC/short52ad57270517204728083260501a19d262d1tstexc-localciintstudent1.git, testRepositoryUri=http://localhost:49152/git/SHORT52AD57270517204728083260501A19D262D1TSTEXC/short52ad57270517204728083260501a19d262d1tstexc-tests.git, solutionRepositoryUri=null, auxiliaryRepositoryUris=[Ljava.lang.String;@51000fb6, auxiliaryRepositoryCheckoutDirectories=[Ljava.lang.String;@6de28cf5], jobTimingInfo=JobTimingInfo[submissionDate=2025-02-14T23:43:19.269997499Z[Etc/UTC], buildStartDate=2025-02-14T23:43:19.277325895Z[Etc/UTC], buildCompletionDate=2025-02-14T23:43:20.497391524Z[Etc/UTC], estimatedCompletionDate=2025-02-14T23:43:38.277310787Z[Etc/UTC], estimatedDuration=19], buildConfig=BuildConfig[buildScript=#!/bin/bash
cd /var/tmp/testing-dir
chmod +x ./gradlew
./gradlew clean test
, dockerImage=dummy-docker-image:latest, commitHashToBuild=9f4f76247a188e9a0f3516a9fbd60e829d53fb05, assignmentCommitHash=9f4f76247a188e9a0f3516a9fbd60e829d53fb05, testCommitHash=9f4f76247a188e9a0f3516a9fbd60e829d53fb05, branch=main, programmingLanguage=JAVA, projectType=PLAIN_GRADLE, scaEnabled=false, sequentialTestRunsEnabled=false, resultPaths=[/var/tmp/testing-dir/**/test-results/test/*.xml], timeoutSeconds=0, assignmentCheckoutPath=null, testCheckoutPath=null, solutionCheckoutPath=null, dockerRunConfig=null], submissionResult=ResultDTO[id=142, completionDate=2025-02-14T23:43:20.484244187Z[Etc/UTC], successful=false, score=7.7, rated=true, submission=SubmissionDTO[id=131, submitted=true, type=MANUAL, exampleSubmission=null, submissionDate=2025-02-14T23:43:19.265464Z, commitHash=9f4f76247a188e9a0f3516a9fbd60e829d53fb05, buildFailed=false, buildArtifact=false, participation=ParticipationDTO[id=497, testRun=false, type=programming, submissionCount=null, exercise=ParticipationExerciseDTO[id=310, exerciseType=PROGRAMMING, type=programming, assessmentType=AUTOMATIC, dueDate=2025-02-16T23:43:19.182228Z, assessmentDueDate=null, maxPoints=42.0, course=CourseDTO[id=159, accuracyOfScores=1]]], submissionExerciseType=programming, isProcessing=false, buildStartDate=null, estimatedCompletionDate=null], participation=ParticipationDTO[id=497, testRun=false, type=programming, submissionCount=null, exercise=ParticipationExerciseDTO[id=310, exerciseType=PROGRAMMING, type=programming, assessmentType=AUTOMATIC, dueDate=2025-02-16T23:43:19.182228Z, assessmentDueDate=null, maxPoints=42.0, course=CourseDTO[id=159, accuracyOfScores=1]]], feedbacks=[FeedbackDTO[id=173, text=null, detailText=The exercise expects a class with the name Context in the package testpackage. You did not implement the class in the exercise., hasLongFeedbackText=false, reference=null, credits=0.0, positive=false, type=AUTOMATIC, visibility=ALWAYS, testCase=TestCaseDTO[testName=null, id=169]], FeedbackDTO[id=174, text=null, detailText=The exercise expects a class with the name Policy in the package testpackage. You did not implement the class in the exercise., hasLongFeedbackText=false, reference=null, credits=0.0, positive=false, type=AUTOMATIC, visibility=ALWAYS, testCase=TestCaseDTO[testName=null, id=170]], FeedbackDTO[id=175, text=null, detailText=The exercise expects a class with the name SortStrategy in the package testpackage. You did not implement the class in the exercise., hasLongFeedbackText=false, reference=null, credits=0.0, positive=false, type=AUTOMATIC, visibility=ALWAYS, testCase=TestCaseDTO[testName=null, id=171]], FeedbackDTO[id=176, text=null, detailText=The class 'MergeSort' does not implement the interface 'SortStrategy' as expected. Implement the interface and its methods., hasLongFeedbackText=false, reference=null, credits=0.0, positive=false, type=AUTOMATIC, visibility=ALWAYS, testCase=TestCaseDTO[testName=null, id=166]], FeedbackDTO[id=177, text=null, detailText=The exercise expects a class with the name SortStrategy in the package testpackage. You did not implement the class in the exercise., hasLongFeedbackText=false, reference=null, credits=0.0, positive=false, type=AUTOMATIC, visibility=ALWAYS, testCase=TestCaseDTO[testName=null, id=163]], FeedbackDTO[id=178, text=null, detailText=The class 'BubbleSort' does not implement the interface 'SortStrategy' as expected. Implement the interface and its methods., hasLongFeedbackText=false, reference=null, credits=0.0, positive=false, type=AUTOMATIC, visibility=ALWAYS, testCase=TestCaseDTO[testName=null, id=167]], FeedbackDTO[id=179, text=null, detailText=MergeSort does not sort correctly, hasLongFeedbackText=false, reference=null, credits=0.0, positive=false, type=AUTOMATIC, visibility=ALWAYS, testCase=TestCaseDTO[testName=null, id=172]], FeedbackDTO[id=180, text=null, detailText=The class 'Context' was not found within the submission. Make sure to implement it properly., hasLongFeedbackText=false, reference=null, credits=0.0, positive=false, type=AUTOMATIC, visibility=ALWAYS, testCase=TestCaseDTO[testName=null, id=173]], FeedbackDTO[id=181, text=null, detailText=The class 'Context' was not found within the submission. Make sure to implement it properly., hasLongFeedbackText=false, reference=null, credits=0.0, positive=false, type=AUTOMATIC, visibility=ALWAYS, testCase=TestCaseDTO[testName=null, id=174]], FeedbackDTO[id=182, text=null, detailText=The exercise expects a class with the name Policy in the package testpackage. You did not implement the class in the exercise., hasLongFeedbackText=false, reference=null, credits=0.0, positive=false, type=AUTOMATIC, visibility=ALWAYS, testCase=TestCaseDTO[testName=null, id=168]], FeedbackDTO[id=183, text=null, detailText=The exercise expects a class with the name Context in the package testpackage. You did not implement the class in the exercise., hasLongFeedbackText=false, reference=null, credits=0.0, positive=false, type=AUTOMATIC, visibility=ALWAYS, testCase=TestCaseDTO[testName=null, id=164]], FeedbackDTO[id=184, text=null, detailText=The exercise expects a class with the name Policy in the package testpackage. You did not implement the class in the exercise., hasLongFeedbackText=false, reference=null, credits=0.0, positive=false, type=AUTOMATIC, visibility=ALWAYS, testCase=TestCaseDTO[testName=null, id=165]], FeedbackDTO[id=185, text=null, detailText=null, hasLongFeedbackText=false, reference=null, credits=3.230769230769231, positive=true, type=AUTOMATIC, visibility=ALWAYS, testCase=TestCaseDTO[testName=null, id=175]]], assessmentType=AUTOMATIC, hasComplaint=null, exampleResult=null, testCaseCount=13, passedTestCaseCount=1, codeIssueCount=0]], BuildJobQueueItem[id=5001739576601035, name=SHORT582B1BDC0A17704D6D0A46800FC19163DA47TSTEXC-LOCALCIINTSTUDENT1, buildAgent=BuildAgentDTO[name=artemis-build-agent-test, memberAddress=[127.0.0.1]:5703, displayName=artemis-build-agent-test], participationId=500, courseId=160, exerciseId=311, retryCount=0, priority=2, status=SUCCESSFUL, repositoryInfo=RepositoryInfo[repositoryName=short582b1bdc0a17704d6d0a46800fc19163da47tstexc-localciintstudent1, repositoryType=user, triggeredByPushTo=user, assignmentRepositoryUri=http://localhost:49152/git/SHORT582B1BDC0A17704D6D0A46800FC19163DA47TSTEXC/short582b1bdc0a17704d6d0a46800fc19163da47tstexc-localciintstudent1.git, testRepositoryUri=http://localhost:49152/git/SHORT582B1BDC0A17704D6D0A46800FC19163DA47TSTEXC/short582b1bdc0a17704d6d0a46800fc19163da47tstexc-tests.git, solutionRepositoryUri=null, auxiliaryRepositoryUris=[Ljava.lang.String;@68055d04, auxiliaryRepositoryCheckoutDirectories=[Ljava.lang.String;@560e1416], jobTimingInfo=JobTimingInfo[submissionDate=2025-02-14T23:43:21.035120760Z[Etc/UTC], buildStartDate=2025-02-14T23:43:21.040320383Z[Etc/UTC], buildCompletionDate=2025-02-14T23:43:22.581236903Z[Etc/UTC], estimatedCompletionDate=2025-02-14T23:43:40.040312057Z[Etc/UTC], estimatedDuration=19], buildConfig=BuildConfig[buildScript=#!/bin/bash
cd /var/tmp/testing-dir
chmod +x ./gradlew
./gradlew clean test
, dockerImage=dummy-docker-image:latest, commitHashToBuild=887566cf754016f986627cf5c5c365dea16c907f, assignmentCommitHash=887566cf754016f986627cf5c5c365dea16c907f, testCommitHash=6af67146332066e7430917928a4b9b81c43b7c71, branch=main, programmingLanguage=JAVA, projectType=PLAIN_GRADLE, scaEnabled=false, sequentialTestRunsEnabled=false, resultPaths=[/var/tmp/testing-dir/**/test-results/test/*.xml], timeoutSeconds=0, assignmentCheckoutPath=customAssignmentPath, testCheckoutPath=null, solutionCheckoutPath=null, dockerRunConfig=null], submissionResult=ResultDTO[id=143, completionDate=2025-02-14T23:43:22.538158998Z[Etc/UTC], successful=false, score=7.7, rated=true, submission=SubmissionDTO[id=132, submitted=true, type=MANUAL, exampleSubmission=null, submissionDate=2025-02-14T23:43:21.028930Z, commitHash=887566cf754016f986627cf5c5c365dea16c907f, buildFailed=false, buildArtifact=false, participation=ParticipationDTO[id=500, testRun=false, type=programming, submissionCount=null, exercise=ParticipationExerciseDTO[id=311, exerciseType=PROGRAMMING, type=programming, assessmentType=AUTOMATIC, dueDate=2025-02-16T23:43:20.897280Z, assessmentDueDate=null, maxPoints=42.0, course=CourseDTO[id=160, accuracyOfScores=1]]], submissionExerciseType=programming, isProcessing=false, buildStartDate=null, estimatedCompletionDate=null], participation=ParticipationDTO[id=500, testRun=false, type=programming, submissionCount=null, exercise=ParticipationExerciseDTO[id=311, exerciseType=PROGRAMMING, type=programming, assessmentType=AUTOMATIC, dueDate=2025-02-16T23:43:20.897280Z, assessmentDueDate=null, maxPoints=42.0, course=CourseDTO[id=160, accuracyOfScores=1]]], feedbacks=[FeedbackDTO[id=186, text=null, detailText=The exercise expects a class with the name Context in the package testpackage. You did not implement the class in the exercise., hasLongFeedbackText=false, reference=null, credits=0.0, positive=false, type=AUTOMATIC, visibility=ALWAYS, testCase=TestCaseDTO[testName=null, id=182]], FeedbackDTO[id=187, text=null, detailText=The exercise expects a class with the name Policy in the package testpackage. You did not implement the class in the exercise., hasLongFeedbackText=false, reference=null, credits=0.0, positive=false, type=AUTOMATIC, visibility=ALWAYS, testCase=TestCaseDTO[testName=null, id=183]], FeedbackDTO[id=188, text=null, detailText=The exercise expects a class with the name SortStrategy in the package testpackage. You did not implement the class in the exercise., hasLongFeedbackText=false, reference=null, credits=0.0, positive=false, type=AUTOMATIC, visibility=ALWAYS, testCase=TestCaseDTO[testName=null, id=184]], FeedbackDTO[id=189, text=null, detailText=The class 'MergeSort' does not implement the interface 'SortStrategy' as expected. Implement the interface and its methods., hasLongFeedbackText=false, reference=null, credits=0.0, positive=false, type=AUTOMATIC, visibility=ALWAYS, testCase=TestCaseDTO[testName=null, id=179]], FeedbackDTO[id=190, text=null, detailText=The exercise expects a class with the name SortStrategy in the package testpackage. You did not implement the class in the exercise., hasLongFeedbackText=false, reference=null, credits=0.0, positive=false, type=AUTOMATIC, visibility=ALWAYS, testCase=TestCaseDTO[testName=null, id=176]], FeedbackDTO[id=191, text=null, detailText=The class 'BubbleSort' does not implement the interface 'SortStrategy' as expected. Implement the interface and its methods., hasLongFeedbackText=false, reference=null, credits=0.0, positive=false, type=AUTOMATIC, visibility=ALWAYS, testCase=TestCaseDTO[testName=null, id=180]], FeedbackDTO[id=192, text=null, detailText=MergeSort does not sort correctly, hasLongFeedbackText=false, reference=null, credits=0.0, positive=false, type=AUTOMATIC, visibility=ALWAYS, testCase=TestCaseDTO[testName=null, id=185]], FeedbackDTO[id=193, text=null, detailText=The class 'Context' was not found within the submission. Make sure to implement it properly., hasLongFeedbackText=false, reference=null, credits=0.0, positive=false, type=AUTOMATIC, visibility=ALWAYS, testCase=TestCaseDTO[testName=null, id=186]], FeedbackDTO[id=194, text=null, detailText=The class 'Context' was not found within the submission. Make sure to implement it properly., hasLongFeedbackText=false, reference=null, credits=0.0, positive=false, type=AUTOMATIC, visibility=ALWAYS, testCase=TestCaseDTO[testName=null, id=187]], FeedbackDTO[id=195, text=null, detailText=The exercise expects a class with the name Policy in the package testpackage. You did not implement the class in the exercise., hasLongFeedbackText=false, reference=null, credits=0.0, positive=false, type=AUTOMATIC, visibility=ALWAYS, testCase=TestCaseDTO[testName=null, id=181]], FeedbackDTO[id=196, text=null, detailText=The exercise expects a class with the name Context in the package testpackage. You did not implement the class in the exercise., hasLongFeedbackText=false, reference=null, credits=0.0, positive=false, type=AUTOMATIC, visibility=ALWAYS, testCase=TestCaseDTO[testName=null, id=177]], FeedbackDTO[id=197, text=null, detailText=The exercise expects a class with the name Policy in the package testpackage. You did not implement the class in the exercise., hasLongFeedbackText=false, reference=null, credits=0.0, positive=false, type=AUTOMATIC, visibility=ALWAYS, testCase=TestCaseDTO[testName=null, id=178]], FeedbackDTO[id=198, text=null, detailText=null, hasLongFeedbackText=false, reference=null, credits=3.230769230769231, positive=true, type=AUTOMATIC, visibility=ALWAYS, testCase=TestCaseDTO[testName=null, id=188]]], assessmentType=AUTOMATIC, hasComplaint=null, exampleResult=null, testCaseCount=13, passedTestCaseCount=1, codeIssueCount=0]], BuildJobQueueItem[id=5031739576604847, name=SHORT00FA1A240403404C7E097D7007C591BE2AB1TSTEXC-LOCALCIINTSTUDENT1, buildAgent=BuildAgentDTO[name=artemis-build-agent-test, memberAddress=[127.0.0.1]:5703, displayName=artemis-build-agent-test], participationId=503, courseId=161, exerciseId=312, retryCount=0, priority=2, status=FAILED, repositoryInfo=RepositoryInfo[repositoryName=short00fa1a240403404c7e097d7007c591be2ab1tstexc-localciintstudent1, repositoryType=user, triggeredByPushTo=user, assignmentRepositoryUri=http://localhost:49152/git/SHORT00FA1A240403404C7E097D7007C591BE2AB1TSTEXC/short00fa1a240403404c7e097d7007c591be2ab1tstexc-localciintstudent1.git, testRepositoryUri=http://localhost:49152/git/SHORT00FA1A240403404C7E097D7007C591BE2AB1TSTEXC/short00fa1a240403404c7e097d7007c591be2ab1tstexc-tests.git, solutionRepositoryUri=null, auxiliaryRepositoryUris=[Ljava.lang.String;@7a2dcde, auxiliaryRepositoryCheckoutDirectories=[Ljava.lang.String;@7e5e6dfb], jobTimingInfo=JobTimingInfo[submissionDate=2025-02-14T23:43:24.847396156Z[Etc/UTC], buildStartDate=2025-02-14T23:43:24.860457211Z[Etc/UTC], buildCompletionDate=2025-02-14T23:43:26.809353681Z[Etc/UTC], estimatedCompletionDate=2025-02-14T23:43:46.860451490Z[Etc/UTC], estimatedDuration=22], buildConfig=BuildConfig[buildScript=#!/bin/bash
cd /var/tmp/testing-dir
chmod +x ./gradlew
./gradlew clean test
, dockerImage=dummy-docker-image:latest, commitHashToBuild=9690714a509af0a98c6790a7e52ee3574c7ef689, assignmentCommitHash=9690714a509af0a98c6790a7e52ee3574c7ef689, testCommitHash=9690714a509af0a98c6790a7e52ee3574c7ef689, branch=main, programmingLanguage=JAVA, projectType=PLAIN_GRADLE, scaEnabled=false, sequentialTestRunsEnabled=false, resultPaths=[/var/tmp/testing-dir/**/test-results/test/*.xml], timeoutSeconds=0, assignmentCheckoutPath=null, testCheckoutPath=null, solutionCheckoutPath=null, dockerRunConfig=null], submissionResult=ResultDTO[id=144, completionDate=2025-02-14T23:43:26.809483684Z[Etc/UTC], successful=false, score=0.0, rated=true, submission=SubmissionDTO[id=133, submitted=true, type=MANUAL, exampleSubmission=null, submissionDate=2025-02-14T23:43:24.841319Z, commitHash=9690714a509af0a98c6790a7e52ee3574c7ef689, buildFailed=true, buildArtifact=false, participation=ParticipationDTO[id=503, testRun=false, type=programming, submissionCount=null, exercise=ParticipationExerciseDTO[id=312, exerciseType=PROGRAMMING, type=programming, assessmentType=AUTOMATIC, dueDate=2025-02-16T23:43:24.571329Z, assessmentDueDate=null, maxPoints=42.0, course=CourseDTO[id=161, accuracyOfScores=1]]], submissionExerciseType=programming, isProcessing=false, buildStartDate=null, estimatedCompletionDate=null], participation=ParticipationDTO[id=503, testRun=false, type=programming, submissionCount=null, exercise=ParticipationExerciseDTO[id=312, exerciseType=PROGRAMMING, type=programming, assessmentType=AUTOMATIC, dueDate=2025-02-16T23:43:24.571329Z, assessmentDueDate=null, maxPoints=42.0, course=CourseDTO[id=161, accuracyOfScores=1]]], feedbacks=[], assessmentType=AUTOMATIC, hasComplaint=null, exampleResult=null, testCaseCount=0, passedTestCaseCount=0, codeIssueCount=0]], BuildJobQueueItem[id=5061739576605250, name=SHORT62C808EE04ECE040740AF7B0CF3AE5F5BEF2TSTEXC-LOCALCIINTSTUDENT1, buildAgent=BuildAgentDTO[name=artemis-build-agent-test, memberAddress=[127.0.0.1]:5703, displayName=artemis-build-agent-test], participationId=506, courseId=162, exerciseId=313, retryCount=0, priority=2, status=SUCCESSFUL, repositoryInfo=RepositoryInfo[repositoryName=short62c808ee04ece040740af7b0cf3ae5f5bef2tstexc-localciintstudent1, repositoryType=user, triggeredByPushTo=user, assignmentRepositoryUri=http://localhost:49152/git/SHORT62C808EE04ECE040740AF7B0CF3AE5F5BEF2TSTEXC/short62c808ee04ece040740af7b0cf3ae5f5bef2tstexc-localciintstudent1.git, testRepositoryUri=http://localhost:49152/git/SHORT62C808EE04ECE040740AF7B0CF3AE5F5BEF2TSTEXC/short62c808ee04ece040740af7b0cf3ae5f5bef2tstexc-tests.git, solutionRepositoryUri=null, auxiliaryRepositoryUris=[Ljava.lang.String;@3cf1e249, auxiliaryRepositoryCheckoutDirectories=[Ljava.lang.String;@1a79ff65], jobTimingInfo=JobTimingInfo[submissionDate=2025-02-14T23:43:25.250749866Z[Etc/UTC], buildStartDate=2025-02-14T23:43:26.820713075Z[Etc/UTC], buildCompletionDate=2025-02-14T23:43:28.304236378Z[Etc/UTC], estimatedCompletionDate=2025-02-14T23:43:45.820704920Z[Etc/UTC], estimatedDuration=19], buildConfig=BuildConfig[buildScript=#!/bin/bash
cd /var/tmp/testing-dir
chmod +x ./gradlew
./gradlew clean test
, dockerImage=dummy-docker-image:latest, commitHashToBuild=993b6f756e3e52a44d0537d4fa3a5d0e0acdbe89, assignmentCommitHash=993b6f756e3e52a44d0537d4fa3a5d0e0acdbe89, testCommitHash=993b6f756e3e52a44d0537d4fa3a5d0e0acdbe89, branch=main, programmingLanguage=JAVA, projectType=null, scaEnabled=false, sequentialTestRunsEnabled=false, resultPaths=[/var/tmp/testing-dir/**/test-results/test/*.xml], timeoutSeconds=0, assignmentCheckoutPath=null, testCheckoutPath=null, solutionCheckoutPath=null, dockerRunConfig=null], submissionResult=ResultDTO[id=145, completionDate=2025-02-14T23:43:28.269051286Z[Etc/UTC], successful=false, score=7.7, rated=true, submission=SubmissionDTO[id=134, submitted=true, type=MANUAL, exampleSubmission=null, submissionDate=2025-02-14T23:43:25.241685Z, commitHash=993b6f756e3e52a44d0537d4fa3a5d0e0acdbe89, buildFailed=false, buildArtifact=false, participation=ParticipationDTO[id=506, testRun=false, type=programming, submissionCount=null, exercise=ParticipationExerciseDTO[id=313, exerciseType=PROGRAMMING, type=programming, assessmentType=AUTOMATIC, dueDate=2025-02-16T23:43:24.986721Z, assessmentDueDate=null, maxPoints=42.0, course=CourseDTO[id=162, accuracyOfScores=1]]], submissionExerciseType=programming, isProcessing=false, buildStartDate=null, estimatedCompletionDate=null], participation=ParticipationDTO[id=506, testRun=false, type=programming, submissionCount=null, exercise=ParticipationExerciseDTO[id=313, exerciseType=PROGRAMMING, type=programming, assessmentType=AUTOMATIC, dueDate=2025-02-16T23:43:24.986721Z, assessmentDueDate=null, maxPoints=42.0, course=CourseDTO[id=162, accuracyOfScores=1]]], feedbacks=[FeedbackDTO[id=199, text=null, detailText=The exercise expects a class with the name Context in the package testpackage. You did not implement the class in the exercise., hasLongFeedbackText=false, reference=null, credits=0.0, positive=false, type=AUTOMATIC, visibility=ALWAYS, testCase=TestCaseDTO[testName=null, id=208]], FeedbackDTO[id=200, text=null, detailText=The exercise expects a class with the name Policy in the package testpackage. You did not implement the class in the exercise., hasLongFeedbackText=false, reference=null, credits=0.0, positive=false, type=AUTOMATIC, visibility=ALWAYS, testCase=TestCaseDTO[testName=null, id=209]], FeedbackDTO[id=201, text=null, detailText=The exercise expects a class with the name SortStrategy in the package testpackage. You did not implement the class in the exercise., hasLongFeedbackText=false, reference=null, credits=0.0, positive=false, type=AUTOMATIC, visibility=ALWAYS, testCase=TestCaseDTO[testName=null, id=210]], FeedbackDTO[id=202, text=null, detailText=The class 'MergeSort' does not implement the interface 'SortStrategy' as expected. Implement the interface and its methods., hasLongFeedbackText=false, reference=null, credits=0.0, positive=false, type=AUTOMATIC, visibility=ALWAYS, testCase=TestCaseDTO[testName=null, id=205]], FeedbackDTO[id=203, text=null, detailText=The exercise expects a class with the name SortStrategy in the package testpackage. You did not implement the class in the exercise., hasLongFeedbackText=false, reference=null, credits=0.0, positive=false, type=AUTOMATIC, visibility=ALWAYS, testCase=TestCaseDTO[testName=null, id=202]], FeedbackDTO[id=204, text=null, detailText=The class 'BubbleSort' does not implement the interface 'SortStrategy' as expected. Implement the interface and its methods., hasLongFeedbackText=false, reference=null, credits=0.0, positive=false, type=AUTOMATIC, visibility=ALWAYS, testCase=TestCaseDTO[testName=null, id=206]], FeedbackDTO[id=205, text=null, detailText=MergeSort does not sort correctly, hasLongFeedbackText=false, reference=null, credits=0.0, positive=false, type=AUTOMATIC, visibility=ALWAYS, testCase=TestCaseDTO[testName=null, id=211]], FeedbackDTO[id=206, text=null, detailText=The class 'Context' was not found within the submission. Make sure to implement it properly., hasLongFeedbackText=false, reference=null, credits=0.0, positive=false, type=AUTOMATIC, visibility=ALWAYS, testCase=TestCaseDTO[testName=null, id=212]], FeedbackDTO[id=207, text=null, detailText=The class 'Context' was not found within the submission. Make sure to implement it properly., hasLongFeedbackText=false, reference=null, credits=0.0, positive=false, type=AUTOMATIC, visibility=ALWAYS, testCase=TestCaseDTO[testName=null, id=213]], FeedbackDTO[id=208, text=null, detailText=The exercise expects a class with the name Policy in the package testpackage. You did not implement the class in the exercise., hasLongFeedbackText=false, reference=null, credits=0.0, positive=false, type=AUTOMATIC, visibility=ALWAYS, testCase=TestCaseDTO[testName=null, id=207]], FeedbackDTO[id=209, text=null, detailText=The exercise expects a class with the name Context in the package testpackage. You did not implement the class in the exercise., hasLongFeedbackText=false, reference=null, credits=0.0, positive=false, type=AUTOMATIC, visibility=ALWAYS, testCase=TestCaseDTO[testName=null, id=203]], FeedbackDTO[id=210, text=null, detailText=The exercise expects a class with the name Policy in the package testpackage. You did not implement the class in the exercise., hasLongFeedbackText=false, reference=null, credits=0.0, positive=false, type=AUTOMATIC, visibility=ALWAYS, testCase=TestCaseDTO[testName=null, id=204]], FeedbackDTO[id=211, text=null, detailText=null, hasLongFeedbackText=false, reference=null, credits=3.230769230769231, positive=true, type=AUTOMATIC, visibility=ALWAYS, testCase=TestCaseDTO[testName=null, id=214]]], assessmentType=AUTOMATIC, hasComplaint=null, exampleResult=null, testCaseCount=13, passedTestCaseCount=1, codeIssueCount=0]], BuildJobQueueItem[id=5121739576609302, name=SHORT3D739532080B804BC608BDA0F7816DDB4316TSTEXC-LOCALCIINTSTUDENT1, buildAgent=BuildAgentDTO[name=artemis-build-agent-test, memberAddress=[127.0.0.1]:5703, displayName=artemis-build-agent-test], participationId=512, courseId=164, exerciseId=315, retryCount=0, priority=2, status=SUCCESSFUL, repositoryInfo=RepositoryInfo[repositoryName=short3d739532080b804bc608bda0f7816ddb4316tstexc-localciintstudent1, repositoryType=user, triggeredByPushTo=user, assignmentRepositoryUri=http://localhost:49152/git/SHORT3D739532080B804BC608BDA0F7816DDB4316TSTEXC/short3d739532080b804bc608bda0f7816ddb4316tstexc-localciintstudent1.git, testRepositoryUri=http://localhost:49152/git/SHORT3D739532080B804BC608BDA0F7816DDB4316TSTEXC/short3d739532080b804bc608bda0f7816ddb4316tstexc-tests.git, solutionRepositoryUri=null, auxiliaryRepositoryUris=[Ljava.lang.String;@bac84d8, auxiliaryRepositoryCheckoutDirectories=[Ljava.lang.String;@69001e3], jobTimingInfo=JobTimingInfo[submissionDate=2025-02-14T23:43:29.302618463Z[Etc/UTC], buildStartDate=2025-02-14T23:43:29.307985701Z[Etc/UTC], buildCompletionDate=2025-02-14T23:43:30.717961572Z[Etc/UTC], estimatedCompletionDate=2025-02-14T23:43:48.307979980Z[Etc/UTC], estimatedDuration=19], buildConfig=BuildConfig[buildScript=#!/bin/bash
cd /var/tmp/testing-dir
chmod +x ./gradlew
./gradlew clean test
, dockerImage=dummy-docker-image:latest, commitHashToBuild=71f54bdf5e0f9c98936e24a4638fd2ffcf966edd, assignmentCommitHash=71f54bdf5e0f9c98936e24a4638fd2ffcf966edd, testCommitHash=71f54bdf5e0f9c98936e24a4638fd2ffcf966edd, branch=main, programmingLanguage=JAVA, projectType=PLAIN_GRADLE, scaEnabled=false, sequentialTestRunsEnabled=false, resultPaths=[/var/tmp/testing-dir/**/test-results/test/*.xml], timeoutSeconds=0, assignmentCheckoutPath=null, testCheckoutPath=null, solutionCheckoutPath=null, dockerRunConfig=null], submissionResult=ResultDTO[id=146, completionDate=2025-02-14T23:43:30.706391245Z[Etc/UTC], successful=false, score=0.0, rated=true, submission=SubmissionDTO[id=135, submitted=true, type=MANUAL, exampleSubmission=null, submissionDate=2025-02-14T23:43:29.291920Z, commitHash=71f54bdf5e0f9c98936e24a4638fd2ffcf966edd, buildFailed=true, buildArtifact=false, participation=ParticipationDTO[id=512, testRun=false, type=programming, submissionCount=null, exercise=ParticipationExerciseDTO[id=315, exerciseType=PROGRAMMING, type=programming, assessmentType=AUTOMATIC, dueDate=2025-02-16T23:43:29.183823Z, assessmentDueDate=null, maxPoints=42.0, course=CourseDTO[id=164, accuracyOfScores=1]]], submissionExerciseType=programming, isProcessing=false, buildStartDate=null, estimatedCompletionDate=null], participation=ParticipationDTO[id=512, testRun=false, type=programming, submissionCount=null, exercise=ParticipationExerciseDTO[id=315, exerciseType=PROGRAMMING, type=programming, assessmentType=AUTOMATIC, dueDate=2025-02-16T23:43:29.183823Z, assessmentDueDate=null, maxPoints=42.0, course=CourseDTO[id=164, accuracyOfScores=1]]], feedbacks=[], assessmentType=AUTOMATIC, hasComplaint=null, exampleResult=null, testCaseCount=0, passedTestCaseCount=0, codeIssueCount=0]], BuildJobQueueItem[id=17441739576693929, name=SHORT1433D0160BE1D048240B38F04F231AEE650FTSTEXC-SOLUTION, buildAgent=BuildAgentDTO[name=artemis-build-agent-test, memberAddress=[127.0.0.1]:5703, displayName=artemis-build-agent-test], participationId=1744, courseId=871, exerciseId=2446, retryCount=0, priority=2, status=FAILED, repositoryInfo=RepositoryInfo[repositoryName=short1433d0160be1d048240b38f04f231aee650ftstexc-solution, repositoryType=solution, triggeredByPushTo=solution, assignmentRepositoryUri=http://localhost:49152/git/SHORT1433D0160BE1D048240B38F04F231AEE650FTSTEXC/short1433d0160be1d048240b38f04f231aee650ftstexc-solution.git, testRepositoryUri=http://nadnasidni.tum/scm/SHORT1433D0160BE1D048240B38F04F231AEE650FTSTEXC/SHORT1433D0160BE1D048240B38F04F231AEE650FTSTEXC-tests.git, solutionRepositoryUri=null, auxiliaryRepositoryUris=[Ljava.lang.String;@354048d2, auxiliaryRepositoryCheckoutDirectories=[Ljava.lang.String;@60971bc8], jobTimingInfo=JobTimingInfo[submissionDate=2025-02-14T23:44:53.929193408Z[Etc/UTC], buildStartDate=2025-02-14T23:44:53.935912198Z[Etc/UTC], buildCompletionDate=2025-02-14T23:44:54.304976027Z[Etc/UTC], estimatedCompletionDate=2025-02-14T23:45:12.935900175Z[Etc/UTC], estimatedDuration=19], buildConfig=BuildConfig[buildScript=#!/bin/bash
cd /var/tmp/testing-dir
mvn clean test
, dockerImage=dummy-docker-image, commitHashToBuild=null, assignmentCommitHash=9b3a9bd71a0d80e5bbc42204c319ed3d1d4f0d6d, testCommitHash=9b3a9bd71a0d80e5bbc42204c319ed3d1d4f0d6d, branch=main, programmingLanguage=JAVA, projectType=PLAIN_MAVEN, scaEnabled=false, sequentialTestRunsEnabled=false, resultPaths=[/var/tmp/testing-dir/**/target/surefire-reports/*.xml], timeoutSeconds=0, assignmentCheckoutPath=null, testCheckoutPath=null, solutionCheckoutPath=null, dockerRunConfig=null], submissionResult=null]], publicSshKey=ssh-rsa AAAAB3NzaC1yc2EAAAADAQABAAACAQCOPdMsxRE2jFJ/UEa5/LsBxtwzJcrh3/rYBCQvcMeVpiRfhzQPWu7mrt/G2Ew+i+vRloGH9aqKg6dd1liRncao53Zmd/ePxoatXePNhmzTfkCkcSkTUz7B+QMjkoDDV5jwuFPD6mF3JkhuzSi64n9Zy905t4w2IhVcjM2mL3eYNjiCXt6Qpq3Pkt7dM/Ksw1nxnvuiIALuJLB3FTkXkHqq3PJav+9HSq2r6ZaWgekneaGxlQlb+U+Vy3XOuArKAzK8c8i+0bR+AHiTG6ncYXt7ax3U+TdlDTF7OLP3umwaYjs1NBXOHwG42pevvpKn2fqavZZozk+M05jXLx3bq0O7itxfErWc7etky8qYPyyIMF/txQIVLd78+Ze4d7Y60t5MGbXM5cGE6fFif5fEJwgswXD+BrG0cafz1CTatjSKFdvp8Vp4VszXhHDan1PrP6JEFJ5Cc5GDmLRZPCFa3vL9f5qXgf4bkqKN8MYeEujwJE5nMRWoiJVNakix2bcrrneQMBlnYeYZVWXXXUusAQBzl4NgddC1umZpihZkL1b1MffZAUW3EGEXi7KHnllQhkTLLsQ8ntMgbylqaJKStqaXlLvdeRJcEnUuiFCrHEVVbXRFZR7XVDZ02CE5o3MuaRPty8Kh+jRTF3COlAckHwYEJCNNJvXFgb2CNXL4mjzYDw== test@localhost]
    23:44:55.480 | 566 localvc.event-13 | DEBUG | s.l.LocalCIWebsocketMessagingService : Sending message on topic /topic/admin/build-agents: [BuildAgentInformation[buildAgent=BuildAgentDTO[name=artemis-build-agent-test, memberAddress=[127.0.0.1]:5703, displayName=artemis-build-agent-test], maxNumberOfConcurrentBuildJobs=1, numberOfCurrentBuildJobs=0, runningBuildJobs=[], status=IDLE, recentBuildJobs=null, publicSshKey=null]]
    23:44:55.485 | 566 localvc.event-13 | DEBUG | s.l.LocalCIWebsocketMessagingService : Sending message on topic /topic/admin/build-agent/artemis-build-agent-test: BuildAgentInformation[buildAgent=BuildAgentDTO[name=artemis-build-agent-test, memberAddress=[127.0.0.1]:5703, displayName=artemis-build-agent-test], maxNumberOfConcurrentBuildJobs=1, numberOfCurrentBuildJobs=0, runningBuildJobs=[], status=IDLE, recentBuildJobs=[BuildJobQueueItem[id=4941739576597286, name=SHORTFBCBD7BF0E6EB0451A080E80FCB407DC1F12TSTEXC-LOCALCIINTSTUDENT1, buildAgent=BuildAgentDTO[name=artemis-build-agent-test, memberAddress=[127.0.0.1]:5703, displayName=artemis-build-agent-test], participationId=494, courseId=158, exerciseId=309, retryCount=0, priority=2, status=SUCCESSFUL, repositoryInfo=RepositoryInfo[repositoryName=shortfbcbd7bf0e6eb0451a080e80fcb407dc1f12tstexc-localciintstudent1, repositoryType=user, triggeredByPushTo=user, assignmentRepositoryUri=http://localhost:49152/git/SHORTFBCBD7BF0E6EB0451A080E80FCB407DC1F12TSTEXC/shortfbcbd7bf0e6eb0451a080e80fcb407dc1f12tstexc-localciintstudent1.git, testRepositoryUri=http://localhost:49152/git/SHORTFBCBD7BF0E6EB0451A080E80FCB407DC1F12TSTEXC/shortfbcbd7bf0e6eb0451a080e80fcb407dc1f12tstexc-tests.git, solutionRepositoryUri=null, auxiliaryRepositoryUris=[Ljava.lang.String;@3e5a9175, auxiliaryRepositoryCheckoutDirectories=[Ljava.lang.String;@66cb942d], jobTimingInfo=JobTimingInfo[submissionDate=2025-02-14T23:43:17.286977233Z[Etc/UTC], buildStartDate=2025-02-14T23:43:17.293977347Z[Etc/UTC], buildCompletionDate=2025-02-14T23:43:18.740990762Z[Etc/UTC], estimatedCompletionDate=2025-02-14T23:43:36.293970494Z[Etc/UTC], estimatedDuration=19], buildConfig=BuildConfig[buildScript=#!/bin/bash
cd /var/tmp/testing-dir
chmod +x ./gradlew
./gradlew clean test
, dockerImage=dummy-docker-image:latest, commitHashToBuild=4a1af7e8a64e6505c5fc09b9f81ea41af9fcff44, assignmentCommitHash=4a1af7e8a64e6505c5fc09b9f81ea41af9fcff44, testCommitHash=4a1af7e8a64e6505c5fc09b9f81ea41af9fcff44, branch=main, programmingLanguage=JAVA, projectType=PLAIN_GRADLE, scaEnabled=false, sequentialTestRunsEnabled=false, resultPaths=[/var/tmp/testing-dir/**/test-results/test/*.xml], timeoutSeconds=0, assignmentCheckoutPath=null, testCheckoutPath=null, solutionCheckoutPath=null, dockerRunConfig=null], submissionResult=ResultDTO[id=141, completionDate=2025-02-14T23:43:18.729015138Z[Etc/UTC], successful=false, score=0.0, rated=true, submission=SubmissionDTO[id=130, submitted=true, type=MANUAL, exampleSubmission=null, submissionDate=2025-02-14T23:43:17.272936Z, commitHash=4a1af7e8a64e6505c5fc09b9f81ea41af9fcff44, buildFailed=true, buildArtifact=false, participation=ParticipationDTO[id=494, testRun=false, type=programming, submissionCount=null, exercise=ParticipationExerciseDTO[id=309, exerciseType=PROGRAMMING, type=programming, assessmentType=AUTOMATIC, dueDate=2025-02-16T23:43:17.147218Z, assessmentDueDate=null, maxPoints=42.0, course=CourseDTO[id=158, accuracyOfScores=1]]], submissionExerciseType=programming, isProcessing=false, buildStartDate=null, estimatedCompletionDate=null], participation=ParticipationDTO[id=494, testRun=false, type=programming, submissionCount=null, exercise=ParticipationExerciseDTO[id=309, exerciseType=PROGRAMMING, type=programming, assessmentType=AUTOMATIC, dueDate=2025-02-16T23:43:17.147218Z, assessmentDueDate=null, maxPoints=42.0, course=CourseDTO[id=158, accuracyOfScores=1]]], feedbacks=[], assessmentType=AUTOMATIC, hasComplaint=null, exampleResult=null, testCaseCount=0, passedTestCaseCount=0, codeIssueCount=0]], BuildJobQueueItem[id=4971739576599269, name=SHORT52AD57270517204728083260501A19D262D1TSTEXC-LOCALCIINTSTUDENT1, buildAgent=BuildAgentDTO[name=artemis-build-agent-test, memberAddress=[127.0.0.1]:5703, displayName=artemis-build-agent-test], participationId=497, courseId=159, exerciseId=310, retryCount=0, priority=2, status=SUCCESSFUL, repositoryInfo=RepositoryInfo[repositoryName=short52ad57270517204728083260501a19d262d1tstexc-localciintstudent1, repositoryType=user, triggeredByPushTo=user, assignmentRepositoryUri=http://localhost:49152/git/SHORT52AD57270517204728083260501A19D262D1TSTEXC/short52ad57270517204728083260501a19d262d1tstexc-localciintstudent1.git, testRepositoryUri=http://localhost:49152/git/SHORT52AD57270517204728083260501A19D262D1TSTEXC/short52ad57270517204728083260501a19d262d1tstexc-tests.git, solutionRepositoryUri=null, auxiliaryRepositoryUris=[Ljava.lang.String;@7feac95b, auxiliaryRepositoryCheckoutDirectories=[Ljava.lang.String;@2ca0813a], jobTimingInfo=JobTimingInfo[submissionDate=2025-02-14T23:43:19.269997499Z[Etc/UTC], buildStartDate=2025-02-14T23:43:19.277325895Z[Etc/UTC], buildCompletionDate=2025-02-14T23:43:20.497391524Z[Etc/UTC], estimatedCompletionDate=2025-02-14T23:43:38.277310787Z[Etc/UTC], estimatedDuration=19], buildConfig=BuildConfig[buildScript=#!/bin/bash
cd /var/tmp/testing-dir
chmod +x ./gradlew
./gradlew clean test
, dockerImage=dummy-docker-image:latest, commitHashToBuild=9f4f76247a188e9a0f3516a9fbd60e829d53fb05, assignmentCommitHash=9f4f76247a188e9a0f3516a9fbd60e829d53fb05, testCommitHash=9f4f76247a188e9a0f3516a9fbd60e829d53fb05, branch=main, programmingLanguage=JAVA, projectType=PLAIN_GRADLE, scaEnabled=false, sequentialTestRunsEnabled=false, resultPaths=[/var/tmp/testing-dir/**/test-results/test/*.xml], timeoutSeconds=0, assignmentCheckoutPath=null, testCheckoutPath=null, solutionCheckoutPath=null, dockerRunConfig=null], submissionResult=ResultDTO[id=142, completionDate=2025-02-14T23:43:20.484244187Z[Etc/UTC], successful=false, score=7.7, rated=true, submission=SubmissionDTO[id=131, submitted=true, type=MANUAL, exampleSubmission=null, submissionDate=2025-02-14T23:43:19.265464Z, commitHash=9f4f76247a188e9a0f3516a9fbd60e829d53fb05, buildFailed=false, buildArtifact=false, participation=ParticipationDTO[id=497, testRun=false, type=programming, submissionCount=null, exercise=ParticipationExerciseDTO[id=310, exerciseType=PROGRAMMING, type=programming, assessmentType=AUTOMATIC, dueDate=2025-02-16T23:43:19.182228Z, assessmentDueDate=null, maxPoints=42.0, course=CourseDTO[id=159, accuracyOfScores=1]]], submissionExerciseType=programming, isProcessing=false, buildStartDate=null, estimatedCompletionDate=null], participation=ParticipationDTO[id=497, testRun=false, type=programming, submissionCount=null, exercise=ParticipationExerciseDTO[id=310, exerciseType=PROGRAMMING, type=programming, assessmentType=AUTOMATIC, dueDate=2025-02-16T23:43:19.182228Z, assessmentDueDate=null, maxPoints=42.0, course=CourseDTO[id=159, accuracyOfScores=1]]], feedbacks=[FeedbackDTO[id=173, text=null, detailText=The exercise expects a class with the name Context in the package testpackage. You did not implement the class in the exercise., hasLongFeedbackText=false, reference=null, credits=0.0, positive=false, type=AUTOMATIC, visibility=ALWAYS, testCase=TestCaseDTO[testName=null, id=169]], FeedbackDTO[id=174, text=null, detailText=The exercise expects a class with the name Policy in the package testpackage. You did not implement the class in the exercise., hasLongFeedbackText=false, reference=null, credits=0.0, positive=false, type=AUTOMATIC, visibility=ALWAYS, testCase=TestCaseDTO[testName=null, id=170]], FeedbackDTO[id=175, text=null, detailText=The exercise expects a class with the name SortStrategy in the package testpackage. You did not implement the class in the exercise., hasLongFeedbackText=false, reference=null, credits=0.0, positive=false, type=AUTOMATIC, visibility=ALWAYS, testCase=TestCaseDTO[testName=null, id=171]], FeedbackDTO[id=176, text=null, detailText=The class 'MergeSort' does not implement the interface 'SortStrategy' as expected. Implement the interface and its methods., hasLongFeedbackText=false, reference=null, credits=0.0, positive=false, type=AUTOMATIC, visibility=ALWAYS, testCase=TestCaseDTO[testName=null, id=166]], FeedbackDTO[id=177, text=null, detailText=The exercise expects a class with the name SortStrategy in the package testpackage. You did not implement the class in the exercise., hasLongFeedbackText=false, reference=null, credits=0.0, positive=false, type=AUTOMATIC, visibility=ALWAYS, testCase=TestCaseDTO[testName=null, id=163]], FeedbackDTO[id=178, text=null, detailText=The class 'BubbleSort' does not implement the interface 'SortStrategy' as expected. Implement the interface and its methods., hasLongFeedbackText=false, reference=null, credits=0.0, positive=false, type=AUTOMATIC, visibility=ALWAYS, testCase=TestCaseDTO[testName=null, id=167]], FeedbackDTO[id=179, text=null, detailText=MergeSort does not sort correctly, hasLongFeedbackText=false, reference=null, credits=0.0, positive=false, type=AUTOMATIC, visibility=ALWAYS, testCase=TestCaseDTO[testName=null, id=172]], FeedbackDTO[id=180, text=null, detailText=The class 'Context' was not found within the submission. Make sure to implement it properly., hasLongFeedbackText=false, reference=null, credits=0.0, positive=false, type=AUTOMATIC, visibility=ALWAYS, testCase=TestCaseDTO[testName=null, id=173]], FeedbackDTO[id=181, text=null, detailText=The class 'Context' was not found within the submission. Make sure to implement it properly., hasLongFeedbackText=false, reference=null, credits=0.0, positive=false, type=AUTOMATIC, visibility=ALWAYS, testCase=TestCaseDTO[testName=null, id=174]], FeedbackDTO[id=182, text=null, detailText=The exercise expects a class with the name Policy in the package testpackage. You did not implement the class in the exercise., hasLongFeedbackText=false, reference=null, credits=0.0, positive=false, type=AUTOMATIC, visibility=ALWAYS, testCase=TestCaseDTO[testName=null, id=168]], FeedbackDTO[id=183, text=null, detailText=The exercise expects a class with the name Context in the package testpackage. You did not implement the class in the exercise., hasLongFeedbackText=false, reference=null, credits=0.0, positive=false, type=AUTOMATIC, visibility=ALWAYS, testCase=TestCaseDTO[testName=null, id=164]], FeedbackDTO[id=184, text=null, detailText=The exercise expects a class with the name Policy in the package testpackage. You did not implement the class in the exercise., hasLongFeedbackText=false, reference=null, credits=0.0, positive=false, type=AUTOMATIC, visibility=ALWAYS, testCase=TestCaseDTO[testName=null, id=165]], FeedbackDTO[id=185, text=null, detailText=null, hasLongFeedbackText=false, reference=null, credits=3.230769230769231, positive=true, type=AUTOMATIC, visibility=ALWAYS, testCase=TestCaseDTO[testName=null, id=175]]], assessmentType=AUTOMATIC, hasComplaint=null, exampleResult=null, testCaseCount=13, passedTestCaseCount=1, codeIssueCount=0]], BuildJobQueueItem[id=5001739576601035, name=SHORT582B1BDC0A17704D6D0A46800FC19163DA47TSTEXC-LOCALCIINTSTUDENT1, buildAgent=BuildAgentDTO[name=artemis-build-agent-test, memberAddress=[127.0.0.1]:5703, displayName=artemis-build-agent-test], participationId=500, courseId=160, exerciseId=311, retryCount=0, priority=2, status=SUCCESSFUL, repositoryInfo=RepositoryInfo[repositoryName=short582b1bdc0a17704d6d0a46800fc19163da47tstexc-localciintstudent1, repositoryType=user, triggeredByPushTo=user, assignmentRepositoryUri=http://localhost:49152/git/SHORT582B1BDC0A17704D6D0A46800FC19163DA47TSTEXC/short582b1bdc0a17704d6d0a46800fc19163da47tstexc-localciintstudent1.git, testRepositoryUri=http://localhost:49152/git/SHORT582B1BDC0A17704D6D0A46800FC19163DA47TSTEXC/short582b1bdc0a17704d6d0a46800fc19163da47tstexc-tests.git, solutionRepositoryUri=null, auxiliaryRepositoryUris=[Ljava.lang.String;@461b6ce2, auxiliaryRepositoryCheckoutDirectories=[Ljava.lang.String;@7c4bf2f0], jobTimingInfo=JobTimingInfo[submissionDate=2025-02-14T23:43:21.035120760Z[Etc/UTC], buildStartDate=2025-02-14T23:43:21.040320383Z[Etc/UTC], buildCompletionDate=2025-02-14T23:43:22.581236903Z[Etc/UTC], estimatedCompletionDate=2025-02-14T23:43:40.040312057Z[Etc/UTC], estimatedDuration=19], buildConfig=BuildConfig[buildScript=#!/bin/bash
cd /var/tmp/testing-dir
chmod +x ./gradlew
./gradlew clean test
, dockerImage=dummy-docker-image:latest, commitHashToBuild=887566cf754016f986627cf5c5c365dea16c907f, assignmentCommitHash=887566cf754016f986627cf5c5c365dea16c907f, testCommitHash=6af67146332066e7430917928a4b9b81c43b7c71, branch=main, programmingLanguage=JAVA, projectType=PLAIN_GRADLE, scaEnabled=false, sequentialTestRunsEnabled=false, resultPaths=[/var/tmp/testing-dir/**/test-results/test/*.xml], timeoutSeconds=0, assignmentCheckoutPath=customAssignmentPath, testCheckoutPath=null, solutionCheckoutPath=null, dockerRunConfig=null], submissionResult=ResultDTO[id=143, completionDate=2025-02-14T23:43:22.538158998Z[Etc/UTC], successful=false, score=7.7, rated=true, submission=SubmissionDTO[id=132, submitted=true, type=MANUAL, exampleSubmission=null, submissionDate=2025-02-14T23:43:21.028930Z, commitHash=887566cf754016f986627cf5c5c365dea16c907f, buildFailed=false, buildArtifact=false, participation=ParticipationDTO[id=500, testRun=false, type=programming, submissionCount=null, exercise=ParticipationExerciseDTO[id=311, exerciseType=PROGRAMMING, type=programming, assessmentType=AUTOMATIC, dueDate=2025-02-16T23:43:20.897280Z, assessmentDueDate=null, maxPoints=42.0, course=CourseDTO[id=160, accuracyOfScores=1]]], submissionExerciseType=programming, isProcessing=false, buildStartDate=null, estimatedCompletionDate=null], participation=ParticipationDTO[id=500, testRun=false, type=programming, submissionCount=null, exercise=ParticipationExerciseDTO[id=311, exerciseType=PROGRAMMING, type=programming, assessmentType=AUTOMATIC, dueDate=2025-02-16T23:43:20.897280Z, assessmentDueDate=null, maxPoints=42.0, course=CourseDTO[id=160, accuracyOfScores=1]]], feedbacks=[FeedbackDTO[id=186, text=null, detailText=The exercise expects a class with the name Context in the package testpackage. You did not implement the class in the exercise., hasLongFeedbackText=false, reference=null, credits=0.0, positive=false, type=AUTOMATIC, visibility=ALWAYS, testCase=TestCaseDTO[testName=null, id=182]], FeedbackDTO[id=187, text=null, detailText=The exercise expects a class with the name Policy in the package testpackage. You did not implement the class in the exercise., hasLongFeedbackText=false, reference=null, credits=0.0, positive=false, type=AUTOMATIC, visibility=ALWAYS, testCase=TestCaseDTO[testName=null, id=183]], FeedbackDTO[id=188, text=null, detailText=The exercise expects a class with the name SortStrategy in the package testpackage. You did not implement the class in the exercise., hasLongFeedbackText=false, reference=null, credits=0.0, positive=false, type=AUTOMATIC, visibility=ALWAYS, testCase=TestCaseDTO[testName=null, id=184]], FeedbackDTO[id=189, text=null, detailText=The class 'MergeSort' does not implement the interface 'SortStrategy' as expected. Implement the interface and its methods., hasLongFeedbackText=false, reference=null, credits=0.0, positive=false, type=AUTOMATIC, visibility=ALWAYS, testCase=TestCaseDTO[testName=null, id=179]], FeedbackDTO[id=190, text=null, detailText=The exercise expects a class with the name SortStrategy in the package testpackage. You did not implement the class in the exercise., hasLongFeedbackText=false, reference=null, credits=0.0, positive=false, type=AUTOMATIC, visibility=ALWAYS, testCase=TestCaseDTO[testName=null, id=176]], FeedbackDTO[id=191, text=null, detailText=The class 'BubbleSort' does not implement the interface 'SortStrategy' as expected. Implement the interface and its methods., hasLongFeedbackText=false, reference=null, credits=0.0, positive=false, type=AUTOMATIC, visibility=ALWAYS, testCase=TestCaseDTO[testName=null, id=180]], FeedbackDTO[id=192, text=null, detailText=MergeSort does not sort correctly, hasLongFeedbackText=false, reference=null, credits=0.0, positive=false, type=AUTOMATIC, visibility=ALWAYS, testCase=TestCaseDTO[testName=null, id=185]], FeedbackDTO[id=193, text=null, detailText=The class 'Context' was not found within the submission. Make sure to implement it properly., hasLongFeedbackText=false, reference=null, credits=0.0, positive=false, type=AUTOMATIC, visibility=ALWAYS, testCase=TestCaseDTO[testName=null, id=186]], FeedbackDTO[id=194, text=null, detailText=The class 'Context' was not found within the submission. Make sure to implement it properly., hasLongFeedbackText=false, reference=null, credits=0.0, positive=false, type=AUTOMATIC, visibility=ALWAYS, testCase=TestCaseDTO[testName=null, id=187]], FeedbackDTO[id=195, text=null, detailText=The exercise expects a class with the name Policy in the package testpackage. You did not implement the class in the exercise., hasLongFeedbackText=false, reference=null, credits=0.0, positive=false, type=AUTOMATIC, visibility=ALWAYS, testCase=TestCaseDTO[testName=null, id=181]], FeedbackDTO[id=196, text=null, detailText=The exercise expects a class with the name Context in the package testpackage. You did not implement the class in the exercise., hasLongFeedbackText=false, reference=null, credits=0.0, positive=false, type=AUTOMATIC, visibility=ALWAYS, testCase=TestCaseDTO[testName=null, id=177]], FeedbackDTO[id=197, text=null, detailText=The exercise expects a class with the name Policy in the package testpackage. You did not implement the class in the exercise., hasLongFeedbackText=false, reference=null, credits=0.0, positive=false, type=AUTOMATIC, visibility=ALWAYS, testCase=TestCaseDTO[testName=null, id=178]], FeedbackDTO[id=198, text=null, detailText=null, hasLongFeedbackText=false, reference=null, credits=3.230769230769231, positive=true, type=AUTOMATIC, visibility=ALWAYS, testCase=TestCaseDTO[testName=null, id=188]]], assessmentType=AUTOMATIC, hasComplaint=null, exampleResult=null, testCaseCount=13, passedTestCaseCount=1, codeIssueCount=0]], BuildJobQueueItem[id=5031739576604847, name=SHORT00FA1A240403404C7E097D7007C591BE2AB1TSTEXC-LOCALCIINTSTUDENT1, buildAgent=BuildAgentDTO[name=artemis-build-agent-test, memberAddress=[127.0.0.1]:5703, displayName=artemis-build-agent-test], participationId=503, courseId=161, exerciseId=312, retryCount=0, priority=2, status=FAILED, repositoryInfo=RepositoryInfo[repositoryName=short00fa1a240403404c7e097d7007c591be2ab1tstexc-localciintstudent1, repositoryType=user, triggeredByPushTo=user, assignmentRepositoryUri=http://localhost:49152/git/SHORT00FA1A240403404C7E097D7007C591BE2AB1TSTEXC/short00fa1a240403404c7e097d7007c591be2ab1tstexc-localciintstudent1.git, testRepositoryUri=http://localhost:49152/git/SHORT00FA1A240403404C7E097D7007C591BE2AB1TSTEXC/short00fa1a240403404c7e097d7007c591be2ab1tstexc-tests.git, solutionRepositoryUri=null, auxiliaryRepositoryUris=[Ljava.lang.String;@55424c33, auxiliaryRepositoryCheckoutDirectories=[Ljava.lang.String;@7dc3aef0], jobTimingInfo=JobTimingInfo[submissionDate=2025-02-14T23:43:24.847396156Z[Etc/UTC], buildStartDate=2025-02-14T23:43:24.860457211Z[Etc/UTC], buildCompletionDate=2025-02-14T23:43:26.809353681Z[Etc/UTC], estimatedCompletionDate=2025-02-14T23:43:46.860451490Z[Etc/UTC], estimatedDuration=22], buildConfig=BuildConfig[buildScript=#!/bin/bash
cd /var/tmp/testing-dir
chmod +x ./gradlew
./gradlew clean test
, dockerImage=dummy-docker-image:latest, commitHashToBuild=9690714a509af0a98c6790a7e52ee3574c7ef689, assignmentCommitHash=9690714a509af0a98c6790a7e52ee3574c7ef689, testCommitHash=9690714a509af0a98c6790a7e52ee3574c7ef689, branch=main, programmingLanguage=JAVA, projectType=PLAIN_GRADLE, scaEnabled=false, sequentialTestRunsEnabled=false, resultPaths=[/var/tmp/testing-dir/**/test-results/test/*.xml], timeoutSeconds=0, assignmentCheckoutPath=null, testCheckoutPath=null, solutionCheckoutPath=null, dockerRunConfig=null], submissionResult=ResultDTO[id=144, completionDate=2025-02-14T23:43:26.809483684Z[Etc/UTC], successful=false, score=0.0, rated=true, submission=SubmissionDTO[id=133, submitted=true, type=MANUAL, exampleSubmission=null, submissionDate=2025-02-14T23:43:24.841319Z, commitHash=9690714a509af0a98c6790a7e52ee3574c7ef689, buildFailed=true, buildArtifact=false, participation=ParticipationDTO[id=503, testRun=false, type=programming, submissionCount=null, exercise=ParticipationExerciseDTO[id=312, exerciseType=PROGRAMMING, type=programming, assessmentType=AUTOMATIC, dueDate=2025-02-16T23:43:24.571329Z, assessmentDueDate=null, maxPoints=42.0, course=CourseDTO[id=161, accuracyOfScores=1]]], submissionExerciseType=programming, isProcessing=false, buildStartDate=null, estimatedCompletionDate=null], participation=ParticipationDTO[id=503, testRun=false, type=programming, submissionCount=null, exercise=ParticipationExerciseDTO[id=312, exerciseType=PROGRAMMING, type=programming, assessmentType=AUTOMATIC, dueDate=2025-02-16T23:43:24.571329Z, assessmentDueDate=null, maxPoints=42.0, course=CourseDTO[id=161, accuracyOfScores=1]]], feedbacks=[], assessmentType=AUTOMATIC, hasComplaint=null, exampleResult=null, testCaseCount=0, passedTestCaseCount=0, codeIssueCount=0]], BuildJobQueueItem[id=5061739576605250, name=SHORT62C808EE04ECE040740AF7B0CF3AE5F5BEF2TSTEXC-LOCALCIINTSTUDENT1, buildAgent=BuildAgentDTO[name=artemis-build-agent-test, memberAddress=[127.0.0.1]:5703, displayName=artemis-build-agent-test], participationId=506, courseId=162, exerciseId=313, retryCount=0, priority=2, status=SUCCESSFUL, repositoryInfo=RepositoryInfo[repositoryName=short62c808ee04ece040740af7b0cf3ae5f5bef2tstexc-localciintstudent1, repositoryType=user, triggeredByPushTo=user, assignmentRepositoryUri=http://localhost:49152/git/SHORT62C808EE04ECE040740AF7B0CF3AE5F5BEF2TSTEXC/short62c808ee04ece040740af7b0cf3ae5f5bef2tstexc-localciintstudent1.git, testRepositoryUri=http://localhost:49152/git/SHORT62C808EE04ECE040740AF7B0CF3AE5F5BEF2TSTEXC/short62c808ee04ece040740af7b0cf3ae5f5bef2tstexc-tests.git, solutionRepositoryUri=null, auxiliaryRepositoryUris=[Ljava.lang.String;@6022b1d6, auxiliaryRepositoryCheckoutDirectories=[Ljava.lang.String;@43dd1350], jobTimingInfo=JobTimingInfo[submissionDate=2025-02-14T23:43:25.250749866Z[Etc/UTC], buildStartDate=2025-02-14T23:43:26.820713075Z[Etc/UTC], buildCompletionDate=2025-02-14T23:43:28.304236378Z[Etc/UTC], estimatedCompletionDate=2025-02-14T23:43:45.820704920Z[Etc/UTC], estimatedDuration=19], buildConfig=BuildConfig[buildScript=#!/bin/bash
cd /var/tmp/testing-dir
chmod +x ./gradlew
./gradlew clean test
, dockerImage=dummy-docker-image:latest, commitHashToBuild=993b6f756e3e52a44d0537d4fa3a5d0e0acdbe89, assignmentCommitHash=993b6f756e3e52a44d0537d4fa3a5d0e0acdbe89, testCommitHash=993b6f756e3e52a44d0537d4fa3a5d0e0acdbe89, branch=main, programmingLanguage=JAVA, projectType=null, scaEnabled=false, sequentialTestRunsEnabled=false, resultPaths=[/var/tmp/testing-dir/**/test-results/test/*.xml], timeoutSeconds=0, assignmentCheckoutPath=null, testCheckoutPath=null, solutionCheckoutPath=null, dockerRunConfig=null], submissionResult=ResultDTO[id=145, completionDate=2025-02-14T23:43:28.269051286Z[Etc/UTC], successful=false, score=7.7, rated=true, submission=SubmissionDTO[id=134, submitted=true, type=MANUAL, exampleSubmission=null, submissionDate=2025-02-14T23:43:25.241685Z, commitHash=993b6f756e3e52a44d0537d4fa3a5d0e0acdbe89, buildFailed=false, buildArtifact=false, participation=ParticipationDTO[id=506, testRun=false, type=programming, submissionCount=null, exercise=ParticipationExerciseDTO[id=313, exerciseType=PROGRAMMING, type=programming, assessmentType=AUTOMATIC, dueDate=2025-02-16T23:43:24.986721Z, assessmentDueDate=null, maxPoints=42.0, course=CourseDTO[id=162, accuracyOfScores=1]]], submissionExerciseType=programming, isProcessing=false, buildStartDate=null, estimatedCompletionDate=null], participation=ParticipationDTO[id=506, testRun=false, type=programming, submissionCount=null, exercise=ParticipationExerciseDTO[id=313, exerciseType=PROGRAMMING, type=programming, assessmentType=AUTOMATIC, dueDate=2025-02-16T23:43:24.986721Z, assessmentDueDate=null, maxPoints=42.0, course=CourseDTO[id=162, accuracyOfScores=1]]], feedbacks=[FeedbackDTO[id=199, text=null, detailText=The exercise expects a class with the name Context in the package testpackage. You did not implement the class in the exercise., hasLongFeedbackText=false, reference=null, credits=0.0, positive=false, type=AUTOMATIC, visibility=ALWAYS, testCase=TestCaseDTO[testName=null, id=208]], FeedbackDTO[id=200, text=null, detailText=The exercise expects a class with the name Policy in the package testpackage. You did not implement the class in the exercise., hasLongFeedbackText=false, reference=null, credits=0.0, positive=false, type=AUTOMATIC, visibility=ALWAYS, testCase=TestCaseDTO[testName=null, id=209]], FeedbackDTO[id=201, text=null, detailText=The exercise expects a class with the name SortStrategy in the package testpackage. You did not implement the class in the exercise., hasLongFeedbackText=false, reference=null, credits=0.0, positive=false, type=AUTOMATIC, visibility=ALWAYS, testCase=TestCaseDTO[testName=null, id=210]], FeedbackDTO[id=202, text=null, detailText=The class 'MergeSort' does not implement the interface 'SortStrategy' as expected. Implement the interface and its methods., hasLongFeedbackText=false, reference=null, credits=0.0, positive=false, type=AUTOMATIC, visibility=ALWAYS, testCase=TestCaseDTO[testName=null, id=205]], FeedbackDTO[id=203, text=null, detailText=The exercise expects a class with the name SortStrategy in the package testpackage. You did not implement the class in the exercise., hasLongFeedbackText=false, reference=null, credits=0.0, positive=false, type=AUTOMATIC, visibility=ALWAYS, testCase=TestCaseDTO[testName=null, id=202]], FeedbackDTO[id=204, text=null, detailText=The class 'BubbleSort' does not implement the interface 'SortStrategy' as expected. Implement the interface and its methods., hasLongFeedbackText=false, reference=null, credits=0.0, positive=false, type=AUTOMATIC, visibility=ALWAYS, testCase=TestCaseDTO[testName=null, id=206]], FeedbackDTO[id=205, text=null, detailText=MergeSort does not sort correctly, hasLongFeedbackText=false, reference=null, credits=0.0, positive=false, type=AUTOMATIC, visibility=ALWAYS, testCase=TestCaseDTO[testName=null, id=211]], FeedbackDTO[id=206, text=null, detailText=The class 'Context' was not found within the submission. Make sure to implement it properly., hasLongFeedbackText=false, reference=null, credits=0.0, positive=false, type=AUTOMATIC, visibility=ALWAYS, testCase=TestCaseDTO[testName=null, id=212]], FeedbackDTO[id=207, text=null, detailText=The class 'Context' was not found within the submission. Make sure to implement it properly., hasLongFeedbackText=false, reference=null, credits=0.0, positive=false, type=AUTOMATIC, visibility=ALWAYS, testCase=TestCaseDTO[testName=null, id=213]], FeedbackDTO[id=208, text=null, detailText=The exercise expects a class with the name Policy in the package testpackage. You did not implement the class in the exercise., hasLongFeedbackText=false, reference=null, credits=0.0, positive=false, type=AUTOMATIC, visibility=ALWAYS, testCase=TestCaseDTO[testName=null, id=207]], FeedbackDTO[id=209, text=null, detailText=The exercise expects a class with the name Context in the package testpackage. You did not implement the class in the exercise., hasLongFeedbackText=false, reference=null, credits=0.0, positive=false, type=AUTOMATIC, visibility=ALWAYS, testCase=TestCaseDTO[testName=null, id=203]], FeedbackDTO[id=210, text=null, detailText=The exercise expects a class with the name Policy in the package testpackage. You did not implement the class in the exercise., hasLongFeedbackText=false, reference=null, credits=0.0, positive=false, type=AUTOMATIC, visibility=ALWAYS, testCase=TestCaseDTO[testName=null, id=204]], FeedbackDTO[id=211, text=null, detailText=null, hasLongFeedbackText=false, reference=null, credits=3.230769230769231, positive=true, type=AUTOMATIC, visibility=ALWAYS, testCase=TestCaseDTO[testName=null, id=214]]], assessmentType=AUTOMATIC, hasComplaint=null, exampleResult=null, testCaseCount=13, passedTestCaseCount=1, codeIssueCount=0]], BuildJobQueueItem[id=5121739576609302, name=SHORT3D739532080B804BC608BDA0F7816DDB4316TSTEXC-LOCALCIINTSTUDENT1, buildAgent=BuildAgentDTO[name=artemis-build-agent-test, memberAddress=[127.0.0.1]:5703, displayName=artemis-build-agent-test], participationId=512, courseId=164, exerciseId=315, retryCount=0, priority=2, status=SUCCESSFUL, repositoryInfo=RepositoryInfo[repositoryName=short3d739532080b804bc608bda0f7816ddb4316tstexc-localciintstudent1, repositoryType=user, triggeredByPushTo=user, assignmentRepositoryUri=http://localhost:49152/git/SHORT3D739532080B804BC608BDA0F7816DDB4316TSTEXC/short3d739532080b804bc608bda0f7816ddb4316tstexc-localciintstudent1.git, testRepositoryUri=http://localhost:49152/git/SHORT3D739532080B804BC608BDA0F7816DDB4316TSTEXC/short3d739532080b804bc608bda0f7816ddb4316tstexc-tests.git, solutionRepositoryUri=null, auxiliaryRepositoryUris=[Ljava.lang.String;@439eccc, auxiliaryRepositoryCheckoutDirectories=[Ljava.lang.String;@646d6695], jobTimingInfo=JobTimingInfo[submissionDate=2025-02-14T23:43:29.302618463Z[Etc/UTC], buildStartDate=2025-02-14T23:43:29.307985701Z[Etc/UTC], buildCompletionDate=2025-02-14T23:43:30.717961572Z[Etc/UTC], estimatedCompletionDate=2025-02-14T23:43:48.307979980Z[Etc/UTC], estimatedDuration=19], buildConfig=BuildConfig[buildScript=#!/bin/bash
cd /var/tmp/testing-dir
chmod +x ./gradlew
./gradlew clean test
, dockerImage=dummy-docker-image:latest, commitHashToBuild=71f54bdf5e0f9c98936e24a4638fd2ffcf966edd, assignmentCommitHash=71f54bdf5e0f9c98936e24a4638fd2ffcf966edd, testCommitHash=71f54bdf5e0f9c98936e24a4638fd2ffcf966edd, branch=main, programmingLanguage=JAVA, projectType=PLAIN_GRADLE, scaEnabled=false, sequentialTestRunsEnabled=false, resultPaths=[/var/tmp/testing-dir/**/test-results/test/*.xml], timeoutSeconds=0, assignmentCheckoutPath=null, testCheckoutPath=null, solutionCheckoutPath=null, dockerRunConfig=null], submissionResult=ResultDTO[id=146, completionDate=2025-02-14T23:43:30.706391245Z[Etc/UTC], successful=false, score=0.0, rated=true, submission=SubmissionDTO[id=135, submitted=true, type=MANUAL, exampleSubmission=null, submissionDate=2025-02-14T23:43:29.291920Z, commitHash=71f54bdf5e0f9c98936e24a4638fd2ffcf966edd, buildFailed=true, buildArtifact=false, participation=ParticipationDTO[id=512, testRun=false, type=programming, submissionCount=null, exercise=ParticipationExerciseDTO[id=315, exerciseType=PROGRAMMING, type=programming, assessmentType=AUTOMATIC, dueDate=2025-02-16T23:43:29.183823Z, assessmentDueDate=null, maxPoints=42.0, course=CourseDTO[id=164, accuracyOfScores=1]]], submissionExerciseType=programming, isProcessing=false, buildStartDate=null, estimatedCompletionDate=null], participation=ParticipationDTO[id=512, testRun=false, type=programming, submissionCount=null, exercise=ParticipationExerciseDTO[id=315, exerciseType=PROGRAMMING, type=programming, assessmentType=AUTOMATIC, dueDate=2025-02-16T23:43:29.183823Z, assessmentDueDate=null, maxPoints=42.0, course=CourseDTO[id=164, accuracyOfScores=1]]], feedbacks=[], assessmentType=AUTOMATIC, hasComplaint=null, exampleResult=null, testCaseCount=0, passedTestCaseCount=0, codeIssueCount=0]], BuildJobQueueItem[id=17441739576693929, name=SHORT1433D0160BE1D048240B38F04F231AEE650FTSTEXC-SOLUTION, buildAgent=BuildAgentDTO[name=artemis-build-agent-test, memberAddress=[127.0.0.1]:5703, displayName=artemis-build-agent-test], participationId=1744, courseId=871, exerciseId=2446, retryCount=0, priority=2, status=FAILED, repositoryInfo=RepositoryInfo[repositoryName=short1433d0160be1d048240b38f04f231aee650ftstexc-solution, repositoryType=solution, triggeredByPushTo=solution, assignmentRepositoryUri=http://localhost:49152/git/SHORT1433D0160BE1D048240B38F04F231AEE650FTSTEXC/short1433d0160be1d048240b38f04f231aee650ftstexc-solution.git, testRepositoryUri=http://nadnasidni.tum/scm/SHORT1433D0160BE1D048240B38F04F231AEE650FTSTEXC/SHORT1433D0160BE1D048240B38F04F231AEE650FTSTEXC-tests.git, solutionRepositoryUri=null, auxiliaryRepositoryUris=[Ljava.lang.String;@11b4c7cf, auxiliaryRepositoryCheckoutDirectories=[Ljava.lang.String;@3a58113a], jobTimingInfo=JobTimingInfo[submissionDate=2025-02-14T23:44:53.929193408Z[Etc/UTC], buildStartDate=2025-02-14T23:44:53.935912198Z[Etc/UTC], buildCompletionDate=2025-02-14T23:44:54.304976027Z[Etc/UTC], estimatedCompletionDate=2025-02-14T23:45:12.935900175Z[Etc/UTC], estimatedDuration=19], buildConfig=BuildConfig[buildScript=#!/bin/bash
cd /var/tmp/testing-dir
mvn clean test
, dockerImage=dummy-docker-image, commitHashToBuild=null, assignmentCommitHash=9b3a9bd71a0d80e5bbc42204c319ed3d1d4f0d6d, testCommitHash=9b3a9bd71a0d80e5bbc42204c319ed3d1d4f0d6d, branch=main, programmingLanguage=JAVA, projectType=PLAIN_MAVEN, scaEnabled=false, sequentialTestRunsEnabled=false, resultPaths=[/var/tmp/testing-dir/**/target/surefire-reports/*.xml], timeoutSeconds=0, assignmentCheckoutPath=null, testCheckoutPath=null, solutionCheckoutPath=null, dockerRunConfig=null], submissionResult=null], BuildJobQueueItem[id=17451739576693934, name=SHORT1433D0160BE1D048240B38F04F231AEE650FTSTEXC-BASE, buildAgent=BuildAgentDTO[name=artemis-build-agent-test, memberAddress=[127.0.0.1]:5703, displayName=artemis-build-agent-test], participationId=1745, courseId=871, exerciseId=2446, retryCount=0, priority=2, status=FAILED, repositoryInfo=RepositoryInfo[repositoryName=short1433d0160be1d048240b38f04f231aee650ftstexc-exercise, repositoryType=exercise, triggeredByPushTo=exercise, assignmentRepositoryUri=http://localhost:49152/git/SHORT1433D0160BE1D048240B38F04F231AEE650FTSTEXC/short1433d0160be1d048240b38f04f231aee650ftstexc-exercise.git, testRepositoryUri=http://nadnasidni.tum/scm/SHORT1433D0160BE1D048240B38F04F231AEE650FTSTEXC/SHORT1433D0160BE1D048240B38F04F231AEE650FTSTEXC-tests.git, solutionRepositoryUri=null, auxiliaryRepositoryUris=[Ljava.lang.String;@714cd531, auxiliaryRepositoryCheckoutDirectories=[Ljava.lang.String;@7e1a5c43], jobTimingInfo=JobTimingInfo[submissionDate=2025-02-14T23:44:53.934335889Z[Etc/UTC], buildStartDate=2025-02-14T23:44:54.327124774Z[Etc/UTC], buildCompletionDate=2025-02-14T23:44:54.342227569Z[Etc/UTC], estimatedCompletionDate=2025-02-14T23:45:13.327117811Z[Etc/UTC], estimatedDuration=19], buildConfig=BuildConfig[buildScript=#!/bin/bash
cd /var/tmp/testing-dir
mvn clean test
, dockerImage=dummy-docker-image, commitHashToBuild=null, assignmentCommitHash=9b3a9bd71a0d80e5bbc42204c319ed3d1d4f0d6d, testCommitHash=9b3a9bd71a0d80e5bbc42204c319ed3d1d4f0d6d, branch=main, programmingLanguage=JAVA, projectType=PLAIN_MAVEN, scaEnabled=false, sequentialTestRunsEnabled=false, resultPaths=[/var/tmp/testing-dir/**/target/surefire-reports/*.xml], timeoutSeconds=0, assignmentCheckoutPath=null, testCheckoutPath=null, solutionCheckoutPath=null, dockerRunConfig=null], submissionResult=null], BuildJobQueueItem[id=17461739576694099, name=SHORT9813A60B0D82D0492A0A4D90B91108517937TSTEXC-SOLUTION, buildAgent=BuildAgentDTO[name=artemis-build-agent-test, memberAddress=[127.0.0.1]:5703, displayName=artemis-build-agent-test], participationId=1746, courseId=872, exerciseId=2447, retryCount=0, priority=2, status=FAILED, repositoryInfo=RepositoryInfo[repositoryName=short9813a60b0d82d0492a0a4d90b91108517937tstexc-solution, repositoryType=solution, triggeredByPushTo=solution, assignmentRepositoryUri=http://localhost:49152/git/SHORT9813A60B0D82D0492A0A4D90B91108517937TSTEXC/short9813a60b0d82d0492a0a4d90b91108517937tstexc-solution.git, testRepositoryUri=http://nadnasidni.tum/scm/SHORT9813A60B0D82D0492A0A4D90B91108517937TSTEXC/SHORT9813A60B0D82D0492A0A4D90B91108517937TSTEXC-tests.git, solutionRepositoryUri=null, auxiliaryRepositoryUris=[Ljava.lang.String;@492776f0, auxiliaryRepositoryCheckoutDirectories=[Ljava.lang.String;@338c6f2f], jobTimingInfo=JobTimingInfo[submissionDate=2025-02-14T23:44:54.099771235Z[Etc/UTC], buildStartDate=2025-02-14T23:44:54.357176465Z[Etc/UTC], buildCompletionDate=2025-02-14T23:44:54.369810707Z[Etc/UTC], estimatedCompletionDate=2025-02-14T23:45:13.357171275Z[Etc/UTC], estimatedDuration=19], buildConfig=BuildConfig[buildScript=#!/bin/bash
cd /var/tmp/testing-dir
mvn clean test
, dockerImage=dummy-docker-image, commitHashToBuild=null, assignmentCommitHash=9b3a9bd71a0d80e5bbc42204c319ed3d1d4f0d6d, testCommitHash=9b3a9bd71a0d80e5bbc42204c319ed3d1d4f0d6d, branch=main, programmingLanguage=JAVA, projectType=PLAIN_MAVEN, scaEnabled=false, sequentialTestRunsEnabled=false, resultPaths=[/var/tmp/testing-dir/**/target/surefire-reports/*.xml], timeoutSeconds=0, assignmentCheckoutPath=null, testCheckoutPath=null, solutionCheckoutPath=null, dockerRunConfig=null], submissionResult=null], BuildJobQueueItem[id=17471739576694103, name=SHORT9813A60B0D82D0492A0A4D90B91108517937TSTEXC-BASE, buildAgent=BuildAgentDTO[name=artemis-build-agent-test, memberAddress=[127.0.0.1]:5703, displayName=artemis-build-agent-test], participationId=1747, courseId=872, exerciseId=2447, retryCount=0, priority=2, status=FAILED, repositoryInfo=RepositoryInfo[repositoryName=short9813a60b0d82d0492a0a4d90b91108517937tstexc-exercise, repositoryType=exercise, triggeredByPushTo=exercise, assignmentRepositoryUri=http://localhost:49152/git/SHORT9813A60B0D82D0492A0A4D90B91108517937TSTEXC/short9813a60b0d82d0492a0a4d90b91108517937tstexc-exercise.git, testRepositoryUri=http://nadnasidni.tum/scm/SHORT9813A60B0D82D0492A0A4D90B91108517937TSTEXC/SHORT9813A60B0D82D0492A0A4D90B91108517937TSTEXC-tests.git, solutionRepositoryUri=null, auxiliaryRepositoryUris=[Ljava.lang.String;@24fed132, auxiliaryRepositoryCheckoutDirectories=[Ljava.lang.String;@82a79aa], jobTimingInfo=JobTimingInfo[submissionDate=2025-02-14T23:44:54.103710671Z[Etc/UTC], buildStartDate=2025-02-14T23:44:54.382756129Z[Etc/UTC], buildCompletionDate=2025-02-14T23:44:54.398052636Z[Etc/UTC], estimatedCompletionDate=2025-02-14T23:45:13.382751040Z[Etc/UTC], estimatedDuration=19], buildConfig=BuildConfig[buildScript=#!/bin/bash
cd /var/tmp/testing-dir
mvn clean test
, dockerImage=dummy-docker-image, commitHashToBuild=null, assignmentCommitHash=9b3a9bd71a0d80e5bbc42204c319ed3d1d4f0d6d, testCommitHash=9b3a9bd71a0d80e5bbc42204c319ed3d1d4f0d6d, branch=main, programmingLanguage=JAVA, projectType=PLAIN_MAVEN, scaEnabled=false, sequentialTestRunsEnabled=false, resultPaths=[/var/tmp/testing-dir/**/target/surefire-reports/*.xml], timeoutSeconds=0, assignmentCheckoutPath=null, testCheckoutPath=null, solutionCheckoutPath=null, dockerRunConfig=null], submissionResult=null], BuildJobQueueItem[id=17481739576694246, name=SHORTD91D0B6D0E6A204E010812505A867B04E6F8TSTEXC-SOLUTION, buildAgent=BuildAgentDTO[name=artemis-build-agent-test, memberAddress=[127.0.0.1]:5703, displayName=artemis-build-agent-test], participationId=1748, courseId=873, exerciseId=2448, retryCount=0, priority=2, status=FAILED, repositoryInfo=RepositoryInfo[repositoryName=shortd91d0b6d0e6a204e010812505a867b04e6f8tstexc-solution, repositoryType=solution, triggeredByPushTo=solution, assignmentRepositoryUri=http://localhost:49152/git/SHORTD91D0B6D0E6A204E010812505A867B04E6F8TSTEXC/shortd91d0b6d0e6a204e010812505a867b04e6f8tstexc-solution.git, testRepositoryUri=http://nadnasidni.tum/scm/SHORTD91D0B6D0E6A204E010812505A867B04E6F8TSTEXC/SHORTD91D0B6D0E6A204E010812505A867B04E6F8TSTEXC-tests.git, solutionRepositoryUri=null, auxiliaryRepositoryUris=[Ljava.lang.String;@7ac80ea9, auxiliaryRepositoryCheckoutDirectories=[Ljava.lang.String;@2a6df3c8], jobTimingInfo=JobTimingInfo[submissionDate=2025-02-14T23:44:54.246508059Z[Etc/UTC], buildStartDate=2025-02-14T23:44:54.408522902Z[Etc/UTC], buildCompletionDate=2025-02-14T23:44:54.557346549Z[Etc/UTC], estimatedCompletionDate=2025-02-14T23:45:13.408517873Z[Etc/UTC], estimatedDuration=19], buildConfig=BuildConfig[buildScript=#!/bin/bash
cd /var/tmp/testing-dir
mvn clean test
, dockerImage=dummy-docker-image, commitHashToBuild=null, assignmentCommitHash=9b3a9bd71a0d80e5bbc42204c319ed3d1d4f0d6d, testCommitHash=9b3a9bd71a0d80e5bbc42204c319ed3d1d4f0d6d, branch=main, programmingLanguage=JAVA, projectType=PLAIN_MAVEN, scaEnabled=false, sequentialTestRunsEnabled=false, resultPaths=[/var/tmp/testing-dir/**/target/surefire-reports/*.xml], timeoutSeconds=0, assignmentCheckoutPath=null, testCheckoutPath=null, solutionCheckoutPath=null, dockerRunConfig=null], submissionResult=null], BuildJobQueueItem[id=17491739576694250, name=SHORTD91D0B6D0E6A204E010812505A867B04E6F8TSTEXC-BASE, buildAgent=BuildAgentDTO[name=artemis-build-agent-test, memberAddress=[127.0.0.1]:5703, displayName=artemis-build-agent-test], participationId=1749, courseId=873, exerciseId=2448, retryCount=0, priority=2, status=FAILED, repositoryInfo=RepositoryInfo[repositoryName=shortd91d0b6d0e6a204e010812505a867b04e6f8tstexc-exercise, repositoryType=exercise, triggeredByPushTo=exercise, assignmentRepositoryUri=http://localhost:49152/git/SHORTD91D0B6D0E6A204E010812505A867B04E6F8TSTEXC/shortd91d0b6d0e6a204e010812505a867b04e6f8tstexc-exercise.git, testRepositoryUri=http://nadnasidni.tum/scm/SHORTD91D0B6D0E6A204E010812505A867B04E6F8TSTEXC/SHORTD91D0B6D0E6A204E010812505A867B04E6F8TSTEXC-tests.git, solutionRepositoryUri=null, auxiliaryRepositoryUris=[Ljava.lang.String;@7848d0f6, auxiliaryRepositoryCheckoutDirectories=[Ljava.lang.String;@2374017c], jobTimingInfo=JobTimingInfo[submissionDate=2025-02-14T23:44:54.250218388Z[Etc/UTC], buildStartDate=2025-02-14T23:44:54.565325579Z[Etc/UTC], buildCompletionDate=2025-02-14T23:44:54.572575439Z[Etc/UTC], estimatedCompletionDate=2025-02-14T23:45:13.565320309Z[Etc/UTC], estimatedDuration=19], buildConfig=BuildConfig[buildScript=#!/bin/bash
cd /var/tmp/testing-dir
mvn clean test
, dockerImage=dummy-docker-image, commitHashToBuild=null, assignmentCommitHash=9b3a9bd71a0d80e5bbc42204c319ed3d1d4f0d6d, testCommitHash=9b3a9bd71a0d80e5bbc42204c319ed3d1d4f0d6d, branch=main, programmingLanguage=JAVA, projectType=PLAIN_MAVEN, scaEnabled=false, sequentialTestRunsEnabled=false, resultPaths=[/var/tmp/testing-dir/**/target/surefire-reports/*.xml], timeoutSeconds=0, assignmentCheckoutPath=null, testCheckoutPath=null, solutionCheckoutPath=null, dockerRunConfig=null], submissionResult=null], BuildJobQueueItem[id=17501739576694407, name=SHORTE1E2C8FB0925A040D30912709B8BA4309AE8TSTEXC-SOLUTION, buildAgent=BuildAgentDTO[name=artemis-build-agent-test, memberAddress=[127.0.0.1]:5703, displayName=artemis-build-agent-test], participationId=1750, courseId=874, exerciseId=2449, retryCount=0, priority=2, status=FAILED, repositoryInfo=RepositoryInfo[repositoryName=shorte1e2c8fb0925a040d30912709b8ba4309ae8tstexc-solution, repositoryType=solution, triggeredByPushTo=solution, assignmentRepositoryUri=http://localhost:49152/git/SHORTE1E2C8FB0925A040D30912709B8BA4309AE8TSTEXC/shorte1e2c8fb0925a040d30912709b8ba4309ae8tstexc-solution.git, testRepositoryUri=http://nadnasidni.tum/scm/SHORTE1E2C8FB0925A040D30912709B8BA4309AE8TSTEXC/SHORTE1E2C8FB0925A040D30912709B8BA4309AE8TSTEXC-tests.git, solutionRepositoryUri=null, auxiliaryRepositoryUris=[Ljava.lang.String;@1973fefd, auxiliaryRepositoryCheckoutDirectories=[Ljava.lang.String;@5c45ada8], jobTimingInfo=JobTimingInfo[submissionDate=2025-02-14T23:44:54.407559917Z[Etc/UTC], buildStartDate=2025-02-14T23:44:54.587426886Z[Etc/UTC], buildCompletionDate=2025-02-14T23:44:54.600146307Z[Etc/UTC], estimatedCompletionDate=2025-02-14T23:45:13.587421336Z[Etc/UTC], estimatedDuration=19], buildConfig=BuildConfig[buildScript=#!/bin/bash
cd /var/tmp/testing-dir
mvn clean test
, dockerImage=dummy-docker-image, commitHashToBuild=null, assignmentCommitHash=9b3a9bd71a0d80e5bbc42204c319ed3d1d4f0d6d, testCommitHash=9b3a9bd71a0d80e5bbc42204c319ed3d1d4f0d6d, branch=main, programmingLanguage=JAVA, projectType=PLAIN_MAVEN, scaEnabled=false, sequentialTestRunsEnabled=false, resultPaths=[/var/tmp/testing-dir/**/target/surefire-reports/*.xml], timeoutSeconds=0, assignmentCheckoutPath=null, testCheckoutPath=null, solutionCheckoutPath=null, dockerRunConfig=null], submissionResult=null], BuildJobQueueItem[id=17511739576694411, name=SHORTE1E2C8FB0925A040D30912709B8BA4309AE8TSTEXC-BASE, buildAgent=BuildAgentDTO[name=artemis-build-agent-test, memberAddress=[127.0.0.1]:5703, displayName=artemis-build-agent-test], participationId=1751, courseId=874, exerciseId=2449, retryCount=0, priority=2, status=FAILED, repositoryInfo=RepositoryInfo[repositoryName=shorte1e2c8fb0925a040d30912709b8ba4309ae8tstexc-exercise, repositoryType=exercise, triggeredByPushTo=exercise, assignmentRepositoryUri=http://localhost:49152/git/SHORTE1E2C8FB0925A040D30912709B8BA4309AE8TSTEXC/shorte1e2c8fb0925a040d30912709b8ba4309ae8tstexc-exercise.git, testRepositoryUri=http://nadnasidni.tum/scm/SHORTE1E2C8FB0925A040D30912709B8BA4309AE8TSTEXC/SHORTE1E2C8FB0925A040D30912709B8BA4309AE8TSTEXC-tests.git, solutionRepositoryUri=null, auxiliaryRepositoryUris=[Ljava.lang.String;@623409b6, auxiliaryRepositoryCheckoutDirectories=[Ljava.lang.String;@61c88b6d], jobTimingInfo=JobTimingInfo[submissionDate=2025-02-14T23:44:54.411372528Z[Etc/UTC], buildStartDate=2025-02-14T23:44:54.612545140Z[Etc/UTC], buildCompletionDate=2025-02-14T23:44:54.622668850Z[Etc/UTC], estimatedCompletionDate=2025-02-14T23:45:13.612539730Z[Etc/UTC], estimatedDuration=19], buildConfig=BuildConfig[buildScript=#!/bin/bash
cd /var/tmp/testing-dir
mvn clean test
, dockerImage=dummy-docker-image, commitHashToBuild=null, assignmentCommitHash=9b3a9bd71a0d80e5bbc42204c319ed3d1d4f0d6d, testCommitHash=9b3a9bd71a0d80e5bbc42204c319ed3d1d4f0d6d, branch=main, programmingLanguage=JAVA, projectType=PLAIN_MAVEN, scaEnabled=false, sequentialTestRunsEnabled=false, resultPaths=[/var/tmp/testing-dir/**/target/surefire-reports/*.xml], timeoutSeconds=0, assignmentCheckoutPath=null, testCheckoutPath=null, solutionCheckoutPath=null, dockerRunConfig=null], submissionResult=null], BuildJobQueueItem[id=17521739576694519, name=SHORTFDB0CC0C02BA4046D90BD74095B77B392C2CTSTEXC-SOLUTION, buildAgent=BuildAgentDTO[name=artemis-build-agent-test, memberAddress=[127.0.0.1]:5703, displayName=artemis-build-agent-test], participationId=1752, courseId=875, exerciseId=2450, retryCount=0, priority=2, status=FAILED, repositoryInfo=RepositoryInfo[repositoryName=shortfdb0cc0c02ba4046d90bd74095b77b392c2ctstexc-solution, repositoryType=solution, triggeredByPushTo=solution, assignmentRepositoryUri=http://localhost:49152/git/SHORTFDB0CC0C02BA4046D90BD74095B77B392C2CTSTEXC/shortfdb0cc0c02ba4046d90bd74095b77b392c2ctstexc-solution.git, testRepositoryUri=http://nadnasidni.tum/scm/SHORTFDB0CC0C02BA4046D90BD74095B77B392C2CTSTEXC/SHORTFDB0CC0C02BA4046D90BD74095B77B392C2CTSTEXC-tests.git, solutionRepositoryUri=null, auxiliaryRepositoryUris=[Ljava.lang.String;@674a15bf, auxiliaryRepositoryCheckoutDirectories=[Ljava.lang.String;@1613dc13], jobTimingInfo=JobTimingInfo[submissionDate=2025-02-14T23:44:54.519944287Z[Etc/UTC], buildStartDate=2025-02-14T23:44:54.633715Z[Etc/UTC], buildCompletionDate=2025-02-14T23:44:54.643824003Z[Etc/UTC], estimatedCompletionDate=2025-02-14T23:45:13.633710151Z[Etc/UTC], estimatedDuration=19], buildConfig=BuildConfig[buildScript=#!/bin/bash
cd /var/tmp/testing-dir
mvn clean test
, dockerImage=dummy-docker-image, commitHashToBuild=null, assignmentCommitHash=9b3a9bd71a0d80e5bbc42204c319ed3d1d4f0d6d, testCommitHash=9b3a9bd71a0d80e5bbc42204c319ed3d1d4f0d6d, branch=main, programmingLanguage=JAVA, projectType=PLAIN_MAVEN, scaEnabled=false, sequentialTestRunsEnabled=false, resultPaths=[/var/tmp/testing-dir/**/target/surefire-reports/*.xml], timeoutSeconds=0, assignmentCheckoutPath=null, testCheckoutPath=null, solutionCheckoutPath=null, dockerRunConfig=null], submissionResult=null], BuildJobQueueItem[id=17531739576694522, name=SHORTFDB0CC0C02BA4046D90BD74095B77B392C2CTSTEXC-BASE, buildAgent=BuildAgentDTO[name=artemis-build-agent-test, memberAddress=[127.0.0.1]:5703, displayName=artemis-build-agent-test], participationId=1753, courseId=875, exerciseId=2450, retryCount=0, priority=2, status=FAILED, repositoryInfo=RepositoryInfo[repositoryName=shortfdb0cc0c02ba4046d90bd74095b77b392c2ctstexc-exercise, repositoryType=exercise, triggeredByPushTo=exercise, assignmentRepositoryUri=http://localhost:49152/git/SHORTFDB0CC0C02BA4046D90BD74095B77B392C2CTSTEXC/shortfdb0cc0c02ba4046d90bd74095b77b392c2ctstexc-exercise.git, testRepositoryUri=http://nadnasidni.tum/scm/SHORTFDB0CC0C02BA4046D90BD74095B77B392C2CTSTEXC/SHORTFDB0CC0C02BA4046D90BD74095B77B392C2CTSTEXC-tests.git, solutionRepositoryUri=null, auxiliaryRepositoryUris=[Ljava.lang.String;@54281ede, auxiliaryRepositoryCheckoutDirectories=[Ljava.lang.String;@719e64d5], jobTimingInfo=JobTimingInfo[submissionDate=2025-02-14T23:44:54.522500123Z[Etc/UTC], buildStartDate=2025-02-14T23:44:54.652544627Z[Etc/UTC], buildCompletionDate=2025-02-14T23:44:54.667867112Z[Etc/UTC], estimatedCompletionDate=2025-02-14T23:45:13.652540008Z[Etc/UTC], estimatedDuration=19], buildConfig=BuildConfig[buildScript=#!/bin/bash
cd /var/tmp/testing-dir
mvn clean test
, dockerImage=dummy-docker-image, commitHashToBuild=null, assignmentCommitHash=9b3a9bd71a0d80e5bbc42204c319ed3d1d4f0d6d, testCommitHash=9b3a9bd71a0d80e5bbc42204c319ed3d1d4f0d6d, branch=main, programmingLanguage=JAVA, projectType=PLAIN_MAVEN, scaEnabled=false, sequentialTestRunsEnabled=false, resultPaths=[/var/tmp/testing-dir/**/target/surefire-reports/*.xml], timeoutSeconds=0, assignmentCheckoutPath=null, testCheckoutPath=null, solutionCheckoutPath=null, dockerRunConfig=null], submissionResult=null], BuildJobQueueItem[id=17551739576694666, name=SHORT4B6B7AAF03B28040600B8D20E984055B617ATSTEXC-SOLUTION, buildAgent=BuildAgentDTO[name=artemis-build-agent-test, memberAddress=[127.0.0.1]:5703, displayName=artemis-build-agent-test], participationId=1755, courseId=876, exerciseId=2451, retryCount=0, priority=2, status=FAILED, repositoryInfo=RepositoryInfo[repositoryName=short4b6b7aaf03b28040600b8d20e984055b617atstexc-solution, repositoryType=solution, triggeredByPushTo=solution, assignmentRepositoryUri=http://localhost:49152/git/SHORT4B6B7AAF03B28040600B8D20E984055B617ATSTEXC/short4b6b7aaf03b28040600b8d20e984055b617atstexc-solution.git, testRepositoryUri=http://nadnasidni.tum/scm/SHORT4B6B7AAF03B28040600B8D20E984055B617ATSTEXC/SHORT4B6B7AAF03B28040600B8D20E984055B617ATSTEXC-tests.git, solutionRepositoryUri=null, auxiliaryRepositoryUris=[Ljava.lang.String;@464e60b4, auxiliaryRepositoryCheckoutDirectories=[Ljava.lang.String;@4e35df2a], jobTimingInfo=JobTimingInfo[submissionDate=2025-02-14T23:44:54.666476750Z[Etc/UTC], buildStartDate=2025-02-14T23:44:54.680145230Z[Etc/UTC], buildCompletionDate=2025-02-14T23:44:54.823544984Z[Etc/UTC], estimatedCompletionDate=2025-02-14T23:45:13.680139659Z[Etc/UTC], estimatedDuration=19], buildConfig=BuildConfig[buildScript=#!/bin/bash
cd /var/tmp/testing-dir
mvn clean test
, dockerImage=dummy-docker-image, commitHashToBuild=null, assignmentCommitHash=9b3a9bd71a0d80e5bbc42204c319ed3d1d4f0d6d, testCommitHash=9b3a9bd71a0d80e5bbc42204c319ed3d1d4f0d6d, branch=main, programmingLanguage=JAVA, projectType=PLAIN_MAVEN, scaEnabled=false, sequentialTestRunsEnabled=false, resultPaths=[/var/tmp/testing-dir/**/target/surefire-reports/*.xml], timeoutSeconds=0, assignmentCheckoutPath=null, testCheckoutPath=null, solutionCheckoutPath=null, dockerRunConfig=null], submissionResult=null], BuildJobQueueItem[id=17561739576694670, name=SHORT4B6B7AAF03B28040600B8D20E984055B617ATSTEXC-BASE, buildAgent=BuildAgentDTO[name=artemis-build-agent-test, memberAddress=[127.0.0.1]:5703, displayName=artemis-build-agent-test], participationId=1756, courseId=876, exerciseId=2451, retryCount=0, priority=2, status=FAILED, repositoryInfo=RepositoryInfo[repositoryName=short4b6b7aaf03b28040600b8d20e984055b617atstexc-exercise, repositoryType=exercise, triggeredByPushTo=exercise, assignmentRepositoryUri=http://localhost:49152/git/SHORT4B6B7AAF03B28040600B8D20E984055B617ATSTEXC/short4b6b7aaf03b28040600b8d20e984055b617atstexc-exercise.git, testRepositoryUri=http://nadnasidni.tum/scm/SHORT4B6B7AAF03B28040600B8D20E984055B617ATSTEXC/SHORT4B6B7AAF03B28040600B8D20E984055B617ATSTEXC-tests.git, solutionRepositoryUri=null, auxiliaryRepositoryUris=[Ljava.lang.String;@5afff6dc, auxiliaryRepositoryCheckoutDirectories=[Ljava.lang.String;@58c5999a], jobTimingInfo=JobTimingInfo[submissionDate=2025-02-14T23:44:54.670345785Z[Etc/UTC], buildStartDate=2025-02-14T23:44:54.839162169Z[Etc/UTC], buildCompletionDate=2025-02-14T23:44:55.002957236Z[Etc/UTC], estimatedCompletionDate=2025-02-14T23:45:13.839155737Z[Etc/UTC], estimatedDuration=19], buildConfig=BuildConfig[buildScript=#!/bin/bash
cd /var/tmp/testing-dir
mvn clean test
, dockerImage=dummy-docker-image, commitHashToBuild=null, assignmentCommitHash=9b3a9bd71a0d80e5bbc42204c319ed3d1d4f0d6d, testCommitHash=9b3a9bd71a0d80e5bbc42204c319ed3d1d4f0d6d, branch=main, programmingLanguage=JAVA, projectType=PLAIN_MAVEN, scaEnabled=false, sequentialTestRunsEnabled=false, resultPaths=[/var/tmp/testing-dir/**/target/surefire-reports/*.xml], timeoutSeconds=0, assignmentCheckoutPath=null, testCheckoutPath=null, solutionCheckoutPath=null, dockerRunConfig=null], submissionResult=null], BuildJobQueueItem[id=17581739576694813, name=SHORT3EDCA5D300D94041B20BB570F0D80AF7BCD8TSTEXC-SOLUTION, buildAgent=BuildAgentDTO[name=artemis-build-agent-test, memberAddress=[127.0.0.1]:5703, displayName=artemis-build-agent-test], participationId=1758, courseId=877, exerciseId=2452, retryCount=0, priority=2, status=FAILED, repositoryInfo=RepositoryInfo[repositoryName=short3edca5d300d94041b20bb570f0d80af7bcd8tstexc-solution, repositoryType=solution, triggeredByPushTo=solution, assignmentRepositoryUri=http://localhost:49152/git/SHORT3EDCA5D300D94041B20BB570F0D80AF7BCD8TSTEXC/short3edca5d300d94041b20bb570f0d80af7bcd8tstexc-solution.git, testRepositoryUri=http://nadnasidni.tum/scm/SHORT3EDCA5D300D94041B20BB570F0D80AF7BCD8TSTEXC/SHORT3EDCA5D300D94041B20BB570F0D80AF7BCD8TSTEXC-tests.git, solutionRepositoryUri=null, auxiliaryRepositoryUris=[Ljava.lang.String;@6dbb19f6, auxiliaryRepositoryCheckoutDirectories=[Ljava.lang.String;@d1757e4], jobTimingInfo=JobTimingInfo[submissionDate=2025-02-14T23:44:54.813084406Z[Etc/UTC], buildStartDate=2025-02-14T23:44:55.012695357Z[Etc/UTC], buildCompletionDate=2025-02-14T23:44:55.174435893Z[Etc/UTC], estimatedCompletionDate=2025-02-14T23:45:14.012689757Z[Etc/UTC], estimatedDuration=19], buildConfig=BuildConfig[buildScript=#!/bin/bash
cd /var/tmp/testing-dir
mvn clean test
, dockerImage=dummy-docker-image, commitHashToBuild=null, assignmentCommitHash=9b3a9bd71a0d80e5bbc42204c319ed3d1d4f0d6d, testCommitHash=9b3a9bd71a0d80e5bbc42204c319ed3d1d4f0d6d, branch=main, programmingLanguage=JAVA, projectType=PLAIN_MAVEN, scaEnabled=false, sequentialTestRunsEnabled=false, resultPaths=[/var/tmp/testing-dir/**/target/surefire-reports/*.xml], timeoutSeconds=0, assignmentCheckoutPath=null, testCheckoutPath=null, solutionCheckoutPath=null, dockerRunConfig=null], submissionResult=null], BuildJobQueueItem[id=17591739576694814, name=SHORT3EDCA5D300D94041B20BB570F0D80AF7BCD8TSTEXC-BASE, buildAgent=BuildAgentDTO[name=artemis-build-agent-test, memberAddress=[127.0.0.1]:5703, displayName=artemis-build-agent-test], participationId=1759, courseId=877, exerciseId=2452, retryCount=0, priority=2, status=FAILED, repositoryInfo=RepositoryInfo[repositoryName=short3edca5d300d94041b20bb570f0d80af7bcd8tstexc-exercise, repositoryType=exercise, triggeredByPushTo=exercise, assignmentRepositoryUri=http://localhost:49152/git/SHORT3EDCA5D300D94041B20BB570F0D80AF7BCD8TSTEXC/short3edca5d300d94041b20bb570f0d80af7bcd8tstexc-exercise.git, testRepositoryUri=http://nadnasidni.tum/scm/SHORT3EDCA5D300D94041B20BB570F0D80AF7BCD8TSTEXC/SHORT3EDCA5D300D94041B20BB570F0D80AF7BCD8TSTEXC-tests.git, solutionRepositoryUri=null, auxiliaryRepositoryUris=[Ljava.lang.String;@287b098c, auxiliaryRepositoryCheckoutDirectories=[Ljava.lang.String;@5c064c50], jobTimingInfo=JobTimingInfo[submissionDate=2025-02-14T23:44:54.814974027Z[Etc/UTC], buildStartDate=2025-02-14T23:44:55.192169835Z[Etc/UTC], buildCompletionDate=2025-02-14T23:44:55.357257843Z[Etc/UTC], estimatedCompletionDate=2025-02-14T23:45:14.192163012Z[Etc/UTC], estimatedDuration=19], buildConfig=BuildConfig[buildScript=#!/bin/bash
cd /var/tmp/testing-dir
mvn clean test
, dockerImage=dummy-docker-image, commitHashToBuild=null, assignmentCommitHash=9b3a9bd71a0d80e5bbc42204c319ed3d1d4f0d6d, testCommitHash=9b3a9bd71a0d80e5bbc42204c319ed3d1d4f0d6d, branch=main, programmingLanguage=JAVA, projectType=PLAIN_MAVEN, scaEnabled=false, sequentialTestRunsEnabled=false, resultPaths=[/var/tmp/testing-dir/**/target/surefire-reports/*.xml], timeoutSeconds=0, assignmentCheckoutPath=null, testCheckoutPath=null, solutionCheckoutPath=null, dockerRunConfig=null], submissionResult=null]], publicSshKey=ssh-rsa AAAAB3NzaC1yc2EAAAADAQABAAACAQCOPdMsxRE2jFJ/UEa5/LsBxtwzJcrh3/rYBCQvcMeVpiRfhzQPWu7mrt/G2Ew+i+vRloGH9aqKg6dd1liRncao53Zmd/ePxoatXePNhmzTfkCkcSkTUz7B+QMjkoDDV5jwuFPD6mF3JkhuzSi64n9Zy905t4w2IhVcjM2mL3eYNjiCXt6Qpq3Pkt7dM/Ksw1nxnvuiIALuJLB3FTkXkHqq3PJav+9HSq2r6ZaWgekneaGxlQlb+U+Vy3XOuArKAzK8c8i+0bR+AHiTG6ncYXt7ax3U+TdlDTF7OLP3umwaYjs1NBXOHwG42pevvpKn2fqavZZozk+M05jXLx3bq0O7itxfErWc7etky8qYPyyIMF/txQIVLd78+Ze4d7Y60t5MGbXM5cGE6fFif5fEJwgswXD+BrG0cafz1CTatjSKFdvp8Vp4VszXhHDan1PrP6JEFJ5Cc5GDmLRZPCFa3vL9f5qXgf4bkqKN8MYeEujwJE5nMRWoiJVNakix2bcrrneQMBlnYeYZVWXXXUusAQBzl4NgddC1umZpihZkL1b1MffZAUW3EGEXi7KHnllQhkTLLsQ8ntMgbylqaJKStqaXlLvdeRJcEnUuiFCrHEVVbXRFZR7XVDZ02CE5o3MuaRPty8Kh+jRTF3COlAckHwYEJCNNJvXFgb2CNXL4mjzYDw== test@localhost]
    23:44:55.487 | 566 localvc.event-13 | DEBUG | a.p.s.l.SharedQueueManagementService : Build agent updated: null
    23:44:55.493 | 566 localvc.event-13 | DEBUG | s.l.LocalCIWebsocketMessagingService : Sending message on topic /topic/admin/queued-jobs: []
    23:44:55.493 | 566 localvc.event-13 | DEBUG | s.l.LocalCIWebsocketMessagingService : Sending message on topic /topic/courses/871/queued-jobs: []
    23:44:55.494 | 566 localvc.event-13 | DEBUG | a.a.b.s.SharedQueueProcessingService : CIBuildJobQueueItem removed from queue: BuildJobQueueItem[id=17451739576693934, name=SHORT1433D0160BE1D048240B38F04F231AEE650FTSTEXC-BASE, buildAgent=BuildAgentDTO[name=null, memberAddress=null, displayName=null], participationId=1745, courseId=871, exerciseId=2446, retryCount=0, priority=2, status=null, repositoryInfo=RepositoryInfo[repositoryName=short1433d0160be1d048240b38f04f231aee650ftstexc-exercise, repositoryType=exercise, triggeredByPushTo=exercise, assignmentRepositoryUri=http://localhost:49152/git/SHORT1433D0160BE1D048240B38F04F231AEE650FTSTEXC/short1433d0160be1d048240b38f04f231aee650ftstexc-exercise.git, testRepositoryUri=http://nadnasidni.tum/scm/SHORT1433D0160BE1D048240B38F04F231AEE650FTSTEXC/SHORT1433D0160BE1D048240B38F04F231AEE650FTSTEXC-tests.git, solutionRepositoryUri=null, auxiliaryRepositoryUris=[Ljava.lang.String;@4015b045, auxiliaryRepositoryCheckoutDirectories=[Ljava.lang.String;@15d3592a], jobTimingInfo=JobTimingInfo[submissionDate=2025-02-14T23:44:53.934335889Z[Etc/UTC], buildStartDate=null, buildCompletionDate=null, estimatedCompletionDate=null, estimatedDuration=19], buildConfig=BuildConfig[buildScript=#!/bin/bash
cd /var/tmp/testing-dir
mvn clean test
, dockerImage=dummy-docker-image, commitHashToBuild=null, assignmentCommitHash=9b3a9bd71a0d80e5bbc42204c319ed3d1d4f0d6d, testCommitHash=9b3a9bd71a0d80e5bbc42204c319ed3d1d4f0d6d, branch=main, programmingLanguage=JAVA, projectType=PLAIN_MAVEN, scaEnabled=false, sequentialTestRunsEnabled=false, resultPaths=[/var/tmp/testing-dir/**/target/surefire-reports/*.xml], timeoutSeconds=0, assignmentCheckoutPath=null, testCheckoutPath=null, solutionCheckoutPath=null, dockerRunConfig=null], submissionResult=null]
    23:44:55.494 | 566 localvc.event-13 | DEBUG | a.p.s.l.LocalCIQueueWebsocketService : CIBuildJobQueueItem added to processing jobs: BuildJobQueueItem[id=17451739576693934, name=SHORT1433D0160BE1D048240B38F04F231AEE650FTSTEXC-BASE, buildAgent=BuildAgentDTO[name=artemis-build-agent-test, memberAddress=[127.0.0.1]:5703, displayName=artemis-build-agent-test], participationId=1745, courseId=871, exerciseId=2446, retryCount=0, priority=2, status=null, repositoryInfo=RepositoryInfo[repositoryName=short1433d0160be1d048240b38f04f231aee650ftstexc-exercise, repositoryType=exercise, triggeredByPushTo=exercise, assignmentRepositoryUri=http://localhost:49152/git/SHORT1433D0160BE1D048240B38F04F231AEE650FTSTEXC/short1433d0160be1d048240b38f04f231aee650ftstexc-exercise.git, testRepositoryUri=http://nadnasidni.tum/scm/SHORT1433D0160BE1D048240B38F04F231AEE650FTSTEXC/SHORT1433D0160BE1D048240B38F04F231AEE650FTSTEXC-tests.git, solutionRepositoryUri=null, auxiliaryRepositoryUris=[Ljava.lang.String;@9563acc, auxiliaryRepositoryCheckoutDirectories=[Ljava.lang.String;@5f778121], jobTimingInfo=JobTimingInfo[submissionDate=2025-02-14T23:44:53.934335889Z[Etc/UTC], buildStartDate=2025-02-14T23:44:54.327124774Z[Etc/UTC], buildCompletionDate=null, estimatedCompletionDate=2025-02-14T23:45:13.327117811Z[Etc/UTC], estimatedDuration=19], buildConfig=BuildConfig[buildScript=#!/bin/bash
cd /var/tmp/testing-dir
mvn clean test
, dockerImage=dummy-docker-image, commitHashToBuild=null, assignmentCommitHash=9b3a9bd71a0d80e5bbc42204c319ed3d1d4f0d6d, testCommitHash=9b3a9bd71a0d80e5bbc42204c319ed3d1d4f0d6d, branch=main, programmingLanguage=JAVA, projectType=PLAIN_MAVEN, scaEnabled=false, sequentialTestRunsEnabled=false, resultPaths=[/var/tmp/testing-dir/**/target/surefire-reports/*.xml], timeoutSeconds=0, assignmentCheckoutPath=null, testCheckoutPath=null, solutionCheckoutPath=null, dockerRunConfig=null], submissionResult=null]
    23:44:55.495 | 566 localvc.event-13 | DEBUG | s.l.LocalCIWebsocketMessagingService : Sending message on topic /topic/admin/running-jobs: []
    23:44:55.495 | 566 localvc.event-13 | DEBUG | s.l.LocalCIWebsocketMessagingService : Sending message on topic /topic/courses/871/running-jobs: []
    23:44:55.504 | 566 localvc.event-13 | DEBUG | a.p.s.l.LocalCIQueueWebsocketService : Build agent updated: BuildAgentInformation[buildAgent=BuildAgentDTO[name=artemis-build-agent-test, memberAddress=[127.0.0.1]:5703, displayName=artemis-build-agent-test], maxNumberOfConcurrentBuildJobs=1, numberOfCurrentBuildJobs=1, runningBuildJobs=[BuildJobQueueItem[id=17451739576693934, name=SHORT1433D0160BE1D048240B38F04F231AEE650FTSTEXC-BASE, buildAgent=BuildAgentDTO[name=artemis-build-agent-test, memberAddress=[127.0.0.1]:5703, displayName=artemis-build-agent-test], participationId=1745, courseId=871, exerciseId=2446, retryCount=0, priority=2, status=null, repositoryInfo=RepositoryInfo[repositoryName=short1433d0160be1d048240b38f04f231aee650ftstexc-exercise, repositoryType=exercise, triggeredByPushTo=exercise, assignmentRepositoryUri=http://localhost:49152/git/SHORT1433D0160BE1D048240B38F04F231AEE650FTSTEXC/short1433d0160be1d048240b38f04f231aee650ftstexc-exercise.git, testRepositoryUri=http://nadnasidni.tum/scm/SHORT1433D0160BE1D048240B38F04F231AEE650FTSTEXC/SHORT1433D0160BE1D048240B38F04F231AEE650FTSTEXC-tests.git, solutionRepositoryUri=null, auxiliaryRepositoryUris=[Ljava.lang.String;@2c4ad6e2, auxiliaryRepositoryCheckoutDirectories=[Ljava.lang.String;@4984bb72], jobTimingInfo=JobTimingInfo[submissionDate=2025-02-14T23:44:53.934335889Z[Etc/UTC], buildStartDate=2025-02-14T23:44:54.327124774Z[Etc/UTC], buildCompletionDate=null, estimatedCompletionDate=2025-02-14T23:45:13.327117811Z[Etc/UTC], estimatedDuration=19], buildConfig=BuildConfig[buildScript=#!/bin/bash
cd /var/tmp/testing-dir
mvn clean test
, dockerImage=dummy-docker-image, commitHashToBuild=null, assignmentCommitHash=9b3a9bd71a0d80e5bbc42204c319ed3d1d4f0d6d, testCommitHash=9b3a9bd71a0d80e5bbc42204c319ed3d1d4f0d6d, branch=main, programmingLanguage=JAVA, projectType=PLAIN_MAVEN, scaEnabled=false, sequentialTestRunsEnabled=false, resultPaths=[/var/tmp/testing-dir/**/target/surefire-reports/*.xml], timeoutSeconds=0, assignmentCheckoutPath=null, testCheckoutPath=null, solutionCheckoutPath=null, dockerRunConfig=null], submissionResult=null]], status=ACTIVE, recentBuildJobs=[BuildJobQueueItem[id=4621739576562326, name=SHORT43ACF76B02BC1044B80938509D14043FABDETSTEXC-LOCALCIINTSTUDENT1, buildAgent=BuildAgentDTO[name=artemis-build-agent-test, memberAddress=[127.0.0.1]:5703, displayName=artemis-build-agent-test], participationId=462, courseId=147, exerciseId=298, retryCount=0, priority=2, status=SUCCESSFUL, repositoryInfo=RepositoryInfo[repositoryName=short43acf76b02bc1044b80938509d14043fabdetstexc-localciintstudent1, repositoryType=user, triggeredByPushTo=user, assignmentRepositoryUri=http://localhost:49152/git/SHORT43ACF76B02BC1044B80938509D14043FABDETSTEXC/short43acf76b02bc1044b80938509d14043fabdetstexc-localciintstudent1.git, testRepositoryUri=http://localhost:49152/git/SHORT43ACF76B02BC1044B80938509D14043FABDETSTEXC/short43acf76b02bc1044b80938509d14043fabdetstexc-tests.git, solutionRepositoryUri=null, auxiliaryRepositoryUris=[Ljava.lang.String;@32a994ac, auxiliaryRepositoryCheckoutDirectories=[Ljava.lang.String;@6be8f486], jobTimingInfo=JobTimingInfo[submissionDate=2025-02-14T23:42:42.326978596Z[Etc/UTC], buildStartDate=2025-02-14T23:42:42.420147010Z[Etc/UTC], buildCompletionDate=2025-02-14T23:42:45.573855829Z[Etc/UTC], estimatedCompletionDate=2025-02-14T23:43:01.420129377Z[Etc/UTC], estimatedDuration=19], buildConfig=BuildConfig[buildScript=#!/bin/bash
cd /var/tmp/testing-dir
chmod +x ./gradlew
./gradlew clean test
, dockerImage=dummy-docker-image:latest, commitHashToBuild=a9c717ccf7bcbe9531d3eee21dbaeb5aab2ff971, assignmentCommitHash=a9c717ccf7bcbe9531d3eee21dbaeb5aab2ff971, testCommitHash=a9c717ccf7bcbe9531d3eee21dbaeb5aab2ff971, branch=main, programmingLanguage=JAVA, projectType=PLAIN_GRADLE, scaEnabled=false, sequentialTestRunsEnabled=false, resultPaths=[/var/tmp/testing-dir/**/test-results/test/*.xml], timeoutSeconds=0, assignmentCheckoutPath=null, testCheckoutPath=null, solutionCheckoutPath=null, dockerRunConfig=DockerRunConfig[isNetworkDisabled=true, env=[key=value]]], submissionResult=ResultDTO[id=132, completionDate=2025-02-14T23:42:45.519869118Z[Etc/UTC], successful=false, score=7.7, rated=true, submission=SubmissionDTO[id=119, submitted=true, type=MANUAL, exampleSubmission=null, submissionDate=2025-02-14T23:42:42.302762Z, commitHash=a9c717ccf7bcbe9531d3eee21dbaeb5aab2ff971, buildFailed=false, buildArtifact=false, participation=ParticipationDTO[id=462, testRun=false, type=programming, submissionCount=null, exercise=ParticipationExerciseDTO[id=298, exerciseType=PROGRAMMING, type=programming, assessmentType=AUTOMATIC, dueDate=2025-02-16T23:42:41.553955Z, assessmentDueDate=null, maxPoints=42.0, course=CourseDTO[id=147, accuracyOfScores=1]]], submissionExerciseType=programming, isProcessing=false, buildStartDate=null, estimatedCompletionDate=null], participation=ParticipationDTO[id=462, testRun=false, type=programming, submissionCount=null, exercise=ParticipationExerciseDTO[id=298, exerciseType=PROGRAMMING, type=programming, assessmentType=AUTOMATIC, dueDate=2025-02-16T23:42:41.553955Z, assessmentDueDate=null, maxPoints=42.0, course=CourseDTO[id=147, accuracyOfScores=1]]], feedbacks=[FeedbackDTO[id=67, text=null, detailText=The exercise expects a class with the name Context in the package testpackage. You did not implement the class in the exercise., hasLongFeedbackText=false, reference=null, credits=0.0, positive=false, type=AUTOMATIC, visibility=ALWAYS, testCase=TestCaseDTO[testName=null, id=13]], FeedbackDTO[id=68, text=null, detailText=The exercise expects a class with the name Policy in the package testpackage. You did not implement the class in the exercise., hasLongFeedbackText=false, reference=null, credits=0.0, positive=false, type=AUTOMATIC, visibility=ALWAYS, testCase=TestCaseDTO[testName=null, id=14]], FeedbackDTO[id=69, text=null, detailText=The exercise expects a class with the name SortStrategy in the package testpackage. You did not implement the class in the exercise., hasLongFeedbackText=false, reference=null, credits=0.0, positive=false, type=AUTOMATIC, visibility=ALWAYS, testCase=TestCaseDTO[testName=null, id=15]], FeedbackDTO[id=70, text=null, detailText=The class 'MergeSort' does not implement the interface 'SortStrategy' as expected. Implement the interface and its methods., hasLongFeedbackText=false, reference=null, credits=0.0, positive=false, type=AUTOMATIC, visibility=ALWAYS, testCase=TestCaseDTO[testName=null, id=10]], FeedbackDTO[id=71, text=null, detailText=The exercise expects a class with the name SortStrategy in the package testpackage. You did not implement the class in the exercise., hasLongFeedbackText=false, reference=null, credits=0.0, positive=false, type=AUTOMATIC, visibility=ALWAYS, testCase=TestCaseDTO[testName=null, id=7]], FeedbackDTO[id=72, text=null, detailText=The class 'BubbleSort' does not implement the interface 'SortStrategy' as expected. Implement the interface and its methods., hasLongFeedbackText=false, reference=null, credits=0.0, positive=false, type=AUTOMATIC, visibility=ALWAYS, testCase=TestCaseDTO[testName=null, id=11]], FeedbackDTO[id=73, text=null, detailText=MergeSort does not sort correctly, hasLongFeedbackText=false, reference=null, credits=0.0, positive=false, type=AUTOMATIC, visibility=ALWAYS, testCase=TestCaseDTO[testName=null, id=16]], FeedbackDTO[id=74, text=null, detailText=The class 'Context' was not found within the submission. Make sure to implement it properly., hasLongFeedbackText=false, reference=null, credits=0.0, positive=false, type=AUTOMATIC, visibility=ALWAYS, testCase=TestCaseDTO[testName=null, id=17]], FeedbackDTO[id=75, text=null, detailText=The class 'Context' was not found within the submission. Make sure to implement it properly., hasLongFeedbackText=false, reference=null, credits=0.0, positive=false, type=AUTOMATIC, visibility=ALWAYS, testCase=TestCaseDTO[testName=null, id=18]], FeedbackDTO[id=76, text=null, detailText=The exercise expects a class with the name Policy in the package testpackage. You did not implement the class in the exercise., hasLongFeedbackText=false, reference=null, credits=0.0, positive=false, type=AUTOMATIC, visibility=ALWAYS, testCase=TestCaseDTO[testName=null, id=12]], FeedbackDTO[id=77, text=null, detailText=The exercise expects a class with the name Context in the package testpackage. You did not implement the class in the exercise., hasLongFeedbackText=false, reference=null, credits=0.0, positive=false, type=AUTOMATIC, visibility=ALWAYS, testCase=TestCaseDTO[testName=null, id=8]], FeedbackDTO[id=78, text=null, detailText=The exercise expects a class with the name Policy in the package testpackage. You did not implement the class in the exercise., hasLongFeedbackText=false, reference=null, credits=0.0, positive=false, type=AUTOMATIC, visibility=ALWAYS, testCase=TestCaseDTO[testName=null, id=9]], FeedbackDTO[id=79, text=null, detailText=null, hasLongFeedbackText=false, reference=null, credits=3.230769230769231, positive=true, type=AUTOMATIC, visibility=ALWAYS, testCase=TestCaseDTO[testName=null, id=19]]], assessmentType=AUTOMATIC, hasComplaint=null, exampleResult=null, testCaseCount=13, passedTestCaseCount=1, codeIssueCount=0]], BuildJobQueueItem[id=4651739576569330, name=SHORTB06DD3F905F4604F6E085260D83ED657A6DFTSTEXC-LOCALCIINTSTUDENT1, buildAgent=BuildAgentDTO[name=artemis-build-agent-test, memberAddress=[127.0.0.1]:5703, displayName=artemis-build-agent-test], participationId=465, courseId=148, exerciseId=299, retryCount=0, priority=2, status=SUCCESSFUL, repositoryInfo=RepositoryInfo[repositoryName=shortb06dd3f905f4604f6e085260d83ed657a6dftstexc-localciintstudent1, repositoryType=user, triggeredByPushTo=user, assignmentRepositoryUri=http://localhost:49152/git/SHORTB06DD3F905F4604F6E085260D83ED657A6DFTSTEXC/shortb06dd3f905f4604f6e085260d83ed657a6dftstexc-localciintstudent1.git, testRepositoryUri=http://localhost:49152/git/SHORTB06DD3F905F4604F6E085260D83ED657A6DFTSTEXC/shortb06dd3f905f4604f6e085260d83ed657a6dftstexc-tests.git, solutionRepositoryUri=null, auxiliaryRepositoryUris=[Ljava.lang.String;@116fc2df, auxiliaryRepositoryCheckoutDirectories=[Ljava.lang.String;@7ddcb4ab], jobTimingInfo=JobTimingInfo[submissionDate=2025-02-14T23:42:49.330093960Z[Etc/UTC], buildStartDate=2025-02-14T23:42:49.347797345Z[Etc/UTC], buildCompletionDate=2025-02-14T23:42:51.204319751Z[Etc/UTC], estimatedCompletionDate=2025-02-14T23:43:08.347788449Z[Etc/UTC], estimatedDuration=19], buildConfig=BuildConfig[buildScript=#!/bin/bash
cd /var/tmp/testing-dir
chmod +x ./gradlew
./gradlew clean test
, dockerImage=dummy-docker-image:latest, commitHashToBuild=41581fff25954d36cf07586926ee0c77d1003131, assignmentCommitHash=41581fff25954d36cf07586926ee0c77d1003131, testCommitHash=41581fff25954d36cf07586926ee0c77d1003131, branch=main, programmingLanguage=JAVA, projectType=PLAIN_GRADLE, scaEnabled=false, sequentialTestRunsEnabled=false, resultPaths=[/var/tmp/testing-dir/**/test-results/test/*.xml], timeoutSeconds=0, assignmentCheckoutPath=null, testCheckoutPath=null, solutionCheckoutPath=null, dockerRunConfig=null], submissionResult=ResultDTO[id=133, completionDate=2025-02-14T23:42:51.155372920Z[Etc/UTC], successful=false, score=7.7, rated=true, submission=SubmissionDTO[id=120, submitted=true, type=MANUAL, exampleSubmission=null, submissionDate=2025-02-14T23:42:49.321855Z, commitHash=41581fff25954d36cf07586926ee0c77d1003131, buildFailed=false, buildArtifact=false, participation=ParticipationDTO[id=465, testRun=false, type=programming, submissionCount=null, exercise=ParticipationExerciseDTO[id=299, exerciseType=PROGRAMMING, type=programming, assessmentType=AUTOMATIC, dueDate=2025-02-16T23:42:49.163661Z, assessmentDueDate=null, maxPoints=42.0, course=CourseDTO[id=148, accuracyOfScores=1]]], submissionExerciseType=programming, isProcessing=false, buildStartDate=null, estimatedCompletionDate=null], participation=ParticipationDTO[id=465, testRun=false, type=programming, submissionCount=null, exercise=ParticipationExerciseDTO[id=299, exerciseType=PROGRAMMING, type=programming, assessmentType=AUTOMATIC, dueDate=2025-02-16T23:42:49.163661Z, assessmentDueDate=null, maxPoints=42.0, course=CourseDTO[id=148, accuracyOfScores=1]]], feedbacks=[FeedbackDTO[id=80, text=null, detailText=The exercise expects a class with the name Context in the package testpackage. You did not implement the class in the exercise., hasLongFeedbackText=false, reference=null, credits=0.0, positive=false, type=AUTOMATIC, visibility=ALWAYS, testCase=TestCaseDTO[testName=null, id=26]], FeedbackDTO[id=81, text=null, detailText=The exercise expects a class with the name Policy in the package testpackage. You did not implement the class in the exercise., hasLongFeedbackText=false, reference=null, credits=0.0, positive=false, type=AUTOMATIC, visibility=ALWAYS, testCase=TestCaseDTO[testName=null, id=27]], FeedbackDTO[id=82, text=null, detailText=The exercise expects a class with the name SortStrategy in the package testpackage. You did not implement the class in the exercise., hasLongFeedbackText=false, reference=null, credits=0.0, positive=false, type=AUTOMATIC, visibility=ALWAYS, testCase=TestCaseDTO[testName=null, id=28]], FeedbackDTO[id=83, text=null, detailText=The class 'MergeSort' does not implement the interface 'SortStrategy' as expected. Implement the interface and its methods., hasLongFeedbackText=false, reference=null, credits=0.0, positive=false, type=AUTOMATIC, visibility=ALWAYS, testCase=TestCaseDTO[testName=null, id=23]], FeedbackDTO[id=84, text=null, detailText=The exercise expects a class with the name SortStrategy in the package testpackage. You did not implement the class in the exercise., hasLongFeedbackText=false, reference=null, credits=0.0, positive=false, type=AUTOMATIC, visibility=ALWAYS, testCase=TestCaseDTO[testName=null, id=20]], FeedbackDTO[id=85, text=null, detailText=The class 'BubbleSort' does not implement the interface 'SortStrategy' as expected. Implement the interface and its methods., hasLongFeedbackText=false, reference=null, credits=0.0, positive=false, type=AUTOMATIC, visibility=ALWAYS, testCase=TestCaseDTO[testName=null, id=24]], FeedbackDTO[id=86, text=null, detailText=MergeSort does not sort correctly, hasLongFeedbackText=false, reference=null, credits=0.0, positive=false, type=AUTOMATIC, visibility=ALWAYS, testCase=TestCaseDTO[testName=null, id=29]], FeedbackDTO[id=87, text=null, detailText=The class 'Context' was not found within the submission. Make sure to implement it properly., hasLongFeedbackText=false, reference=null, credits=0.0, positive=false, type=AUTOMATIC, visibility=ALWAYS, testCase=TestCaseDTO[testName=null, id=30]], FeedbackDTO[id=88, text=null, detailText=The class 'Context' was not found within the submission. Make sure to implement it properly., hasLongFeedbackText=false, reference=null, credits=0.0, positive=false, type=AUTOMATIC, visibility=ALWAYS, testCase=TestCaseDTO[testName=null, id=31]], FeedbackDTO[id=89, text=null, detailText=The exercise expects a class with the name Policy in the package testpackage. You did not implement the class in the exercise., hasLongFeedbackText=false, reference=null, credits=0.0, positive=false, type=AUTOMATIC, visibility=ALWAYS, testCase=TestCaseDTO[testName=null, id=25]], FeedbackDTO[id=90, text=null, detailText=The exercise expects a class with the name Context in the package testpackage. You did not implement the class in the exercise., hasLongFeedbackText=false, reference=null, credits=0.0, positive=false, type=AUTOMATIC, visibility=ALWAYS, testCase=TestCaseDTO[testName=null, id=21]], FeedbackDTO[id=91, text=null, detailText=The exercise expects a class with the name Policy in the package testpackage. You did not implement the class in the exercise., hasLongFeedbackText=false, reference=null, credits=0.0, positive=false, type=AUTOMATIC, visibility=ALWAYS, testCase=TestCaseDTO[testName=null, id=22]], FeedbackDTO[id=92, text=null, detailText=null, hasLongFeedbackText=false, reference=null, credits=3.230769230769231, positive=true, type=AUTOMATIC, visibility=ALWAYS, testCase=TestCaseDTO[testName=null, id=32]]], assessmentType=AUTOMATIC, hasComplaint=null, exampleResult=null, testCaseCount=13, passedTestCaseCount=1, codeIssueCount=0]], BuildJobQueueItem[id=4681739576573068, name=SHORTBCF65534040390488B0A46605F5F3776B89ATSTEXC-LOCALCIINTSTUDENT1, buildAgent=BuildAgentDTO[name=artemis-build-agent-test, memberAddress=[127.0.0.1]:5703, displayName=artemis-build-agent-test], participationId=468, courseId=149, exerciseId=300, retryCount=0, priority=2, status=SUCCESSFUL, repositoryInfo=RepositoryInfo[repositoryName=shortbcf65534040390488b0a46605f5f3776b89atstexc-localciintstudent1, repositoryType=user, triggeredByPushTo=user, assignmentRepositoryUri=http://localhost:49152/git/SHORTBCF65534040390488B0A46605F5F3776B89ATSTEXC/shortbcf65534040390488b0a46605f5f3776b89atstexc-localciintstudent1.git, testRepositoryUri=http://localhost:49152/git/SHORTBCF65534040390488B0A46605F5F3776B89ATSTEXC/shortbcf65534040390488b0a46605f5f3776b89atstexc-tests.git, solutionRepositoryUri=null, auxiliaryRepositoryUris=[Ljava.lang.String;@3ae5348, auxiliaryRepositoryCheckoutDirectories=[Ljava.lang.String;@2fcecb7f], jobTimingInfo=JobTimingInfo[submissionDate=2025-02-14T23:42:53.068019209Z[Etc/UTC], buildStartDate=2025-02-14T23:42:53.092867394Z[Etc/UTC], buildCompletionDate=2025-02-14T23:42:55.086950323Z[Etc/UTC], estimatedCompletionDate=2025-02-14T23:43:12.092858828Z[Etc/UTC], estimatedDuration=19], buildConfig=BuildConfig[buildScript=#!/bin/bash
cd /var/tmp/testing-dir
chmod +x ./gradlew
./gradlew clean test
, dockerImage=dummy-docker-image:latest, commitHashToBuild=2d5c0482fc77d3f5ec0841962528a43054e83170, assignmentCommitHash=2d5c0482fc77d3f5ec0841962528a43054e83170, testCommitHash=7477e25d56ce5fee2c938542a7e7ed4ed085d373, branch=main, programmingLanguage=JAVA, projectType=PLAIN_GRADLE, scaEnabled=false, sequentialTestRunsEnabled=false, resultPaths=[/var/tmp/testing-dir/**/test-results/test/*.xml], timeoutSeconds=0, assignmentCheckoutPath=null, testCheckoutPath=null, solutionCheckoutPath=null, dockerRunConfig=null], submissionResult=ResultDTO[id=134, completionDate=2025-02-14T23:42:55.059618627Z[Etc/UTC], successful=false, score=7.7, rated=true, submission=SubmissionDTO[id=121, submitted=true, type=MANUAL, exampleSubmission=null, submissionDate=2025-02-14T23:42:53.048221Z, commitHash=2d5c0482fc77d3f5ec0841962528a43054e83170, buildFailed=false, buildArtifact=false, participation=ParticipationDTO[id=468, testRun=false, type=programming, submissionCount=null, exercise=ParticipationExerciseDTO[id=300, exerciseType=PROGRAMMING, type=programming, assessmentType=AUTOMATIC, dueDate=2025-02-16T23:42:52.873722Z, assessmentDueDate=null, maxPoints=42.0, course=CourseDTO[id=149, accuracyOfScores=1]]], submissionExerciseType=programming, isProcessing=false, buildStartDate=null, estimatedCompletionDate=null], participation=ParticipationDTO[id=468, testRun=false, type=programming, submissionCount=null, exercise=ParticipationExerciseDTO[id=300, exerciseType=PROGRAMMING, type=programming, assessmentType=AUTOMATIC, dueDate=2025-02-16T23:42:52.873722Z, assessmentDueDate=null, maxPoints=42.0, course=CourseDTO[id=149, accuracyOfScores=1]]], feedbacks=[FeedbackDTO[id=93, text=null, detailText=The exercise expects a class with the name Context in the package testpackage. You did not implement the class in the exercise., hasLongFeedbackText=false, reference=null, credits=0.0, positive=false, type=AUTOMATIC, visibility=ALWAYS, testCase=TestCaseDTO[testName=null, id=39]], FeedbackDTO[id=94, text=null, detailText=The exercise expects a class with the name Policy in the package testpackage. You did not implement the class in the exercise., hasLongFeedbackText=false, reference=null, credits=0.0, positive=false, type=AUTOMATIC, visibility=ALWAYS, testCase=TestCaseDTO[testName=null, id=40]], FeedbackDTO[id=95, text=null, detailText=The exercise expects a class with the name SortStrategy in the package testpackage. You did not implement the class in the exercise., hasLongFeedbackText=false, reference=null, credits=0.0, positive=false, type=AUTOMATIC, visibility=ALWAYS, testCase=TestCaseDTO[testName=null, id=41]], FeedbackDTO[id=96, text=null, detailText=The class 'MergeSort' does not implement the interface 'SortStrategy' as expected. Implement the interface and its methods., hasLongFeedbackText=false, reference=null, credits=0.0, positive=false, type=AUTOMATIC, visibility=ALWAYS, testCase=TestCaseDTO[testName=null, id=36]], FeedbackDTO[id=97, text=null, detailText=The exercise expects a class with the name SortStrategy in the package testpackage. You did not implement the class in the exercise., hasLongFeedbackText=false, reference=null, credits=0.0, positive=false, type=AUTOMATIC, visibility=ALWAYS, testCase=TestCaseDTO[testName=null, id=33]], FeedbackDTO[id=98, text=null, detailText=The class 'BubbleSort' does not implement the interface 'SortStrategy' as expected. Implement the interface and its methods., hasLongFeedbackText=false, reference=null, credits=0.0, positive=false, type=AUTOMATIC, visibility=ALWAYS, testCase=TestCaseDTO[testName=null, id=37]], FeedbackDTO[id=99, text=null, detailText=MergeSort does not sort correctly, hasLongFeedbackText=false, reference=null, credits=0.0, positive=false, type=AUTOMATIC, visibility=ALWAYS, testCase=TestCaseDTO[testName=null, id=42]], FeedbackDTO[id=100, text=null, detailText=The class 'Context' was not found within the submission. Make sure to implement it properly., hasLongFeedbackText=false, reference=null, credits=0.0, positive=false, type=AUTOMATIC, visibility=ALWAYS, testCase=TestCaseDTO[testName=null, id=43]], FeedbackDTO[id=101, text=null, detailText=The class 'Context' was not found within the submission. Make sure to implement it properly., hasLongFeedbackText=false, reference=null, credits=0.0, positive=false, type=AUTOMATIC, visibility=ALWAYS, testCase=TestCaseDTO[testName=null, id=44]], FeedbackDTO[id=102, text=null, detailText=The exercise expects a class with the name Policy in the package testpackage. You did not implement the class in the exercise., hasLongFeedbackText=false, reference=null, credits=0.0, positive=false, type=AUTOMATIC, visibility=ALWAYS, testCase=TestCaseDTO[testName=null, id=38]], FeedbackDTO[id=103, text=null, detailText=The exercise expects a class with the name Context in the package testpackage. You did not implement the class in the exercise., hasLongFeedbackText=false, reference=null, credits=0.0, positive=false, type=AUTOMATIC, visibility=ALWAYS, testCase=TestCaseDTO[testName=null, id=34]], FeedbackDTO[id=104, text=null, detailText=The exercise expects a class with the name Policy in the package testpackage. You did not implement the class in the exercise., hasLongFeedbackText=false, reference=null, credits=0.0, positive=false, type=AUTOMATIC, visibility=ALWAYS, testCase=TestCaseDTO[testName=null, id=35]], FeedbackDTO[id=105, text=null, detailText=null, hasLongFeedbackText=false, reference=null, credits=3.230769230769231, positive=true, type=AUTOMATIC, visibility=ALWAYS, testCase=TestCaseDTO[testName=null, id=45]]], assessmentType=AUTOMATIC, hasComplaint=null, exampleResult=null, testCaseCount=13, passedTestCaseCount=1, codeIssueCount=0]], BuildJobQueueItem[id=4741739576577297, name=SHORT88A9A223023E2047B709E4A029FA08BCF2CFTSTEXC-LOCALCIINTSTUDENT1, buildAgent=BuildAgentDTO[name=artemis-build-agent-test, memberAddress=[127.0.0.1]:5703, displayName=artemis-build-agent-test], participationId=474, courseId=151, exerciseId=302, retryCount=0, priority=2, status=SUCCESSFUL, repositoryInfo=RepositoryInfo[repositoryName=short88a9a223023e2047b709e4a029fa08bcf2cftstexc-localciintstudent1, repositoryType=user, triggeredByPushTo=user, assignmentRepositoryUri=http://localhost:49152/git/SHORT88A9A223023E2047B709E4A029FA08BCF2CFTSTEXC/short88a9a223023e2047b709e4a029fa08bcf2cftstexc-localciintstudent1.git, testRepositoryUri=http://localhost:49152/git/SHORT88A9A223023E2047B709E4A029FA08BCF2CFTSTEXC/short88a9a223023e2047b709e4a029fa08bcf2cftstexc-tests.git, solutionRepositoryUri=null, auxiliaryRepositoryUris=[Ljava.lang.String;@40d89d63, auxiliaryRepositoryCheckoutDirectories=[Ljava.lang.String;@58b9103f], jobTimingInfo=JobTimingInfo[submissionDate=2025-02-14T23:42:57.297342281Z[Etc/UTC], buildStartDate=2025-02-14T23:42:57.308570327Z[Etc/UTC], buildCompletionDate=2025-02-14T23:42:59.047616654Z[Etc/UTC], estimatedCompletionDate=2025-02-14T23:43:16.308558064Z[Etc/UTC], estimatedDuration=19], buildConfig=BuildConfig[buildScript=#!/bin/bash
cd /var/tmp/testing-dir
chmod +x ./gradlew
./gradlew clean test
, dockerImage=dummy-docker-image:latest, commitHashToBuild=736cbea1e46d6849b41266b2bf1cccd3b9ea55b1, assignmentCommitHash=736cbea1e46d6849b41266b2bf1cccd3b9ea55b1, testCommitHash=ea6267edd396a304305339b036512b63e0374c66, branch=main, programmingLanguage=JAVA, projectType=PLAIN_GRADLE, scaEnabled=false, sequentialTestRunsEnabled=false, resultPaths=[/var/tmp/testing-dir/**/test-results/test/*.xml], timeoutSeconds=0, assignmentCheckoutPath=null, testCheckoutPath=null, solutionCheckoutPath=null, dockerRunConfig=null], submissionResult=ResultDTO[id=135, completionDate=2025-02-14T23:42:59.014168821Z[Etc/UTC], successful=false, score=7.7, rated=true, submission=SubmissionDTO[id=123, submitted=true, type=MANUAL, exampleSubmission=null, submissionDate=2025-02-14T23:42:57.278471Z, commitHash=736cbea1e46d6849b41266b2bf1cccd3b9ea55b1, buildFailed=false, buildArtifact=false, participation=ParticipationDTO[id=474, testRun=false, type=programming, submissionCount=null, exercise=ParticipationExerciseDTO[id=302, exerciseType=PROGRAMMING, type=programming, assessmentType=AUTOMATIC, dueDate=2025-02-16T23:42:56.796251Z, assessmentDueDate=null, maxPoints=42.0, course=CourseDTO[id=151, accuracyOfScores=1]]], submissionExerciseType=programming, isProcessing=false, buildStartDate=null, estimatedCompletionDate=null], participation=ParticipationDTO[id=474, testRun=false, type=programming, submissionCount=null, exercise=ParticipationExerciseDTO[id=302, exerciseType=PROGRAMMING, type=programming, assessmentType=AUTOMATIC, dueDate=2025-02-16T23:42:56.796251Z, assessmentDueDate=null, maxPoints=42.0, course=CourseDTO[id=151, accuracyOfScores=1]]], feedbacks=[FeedbackDTO[id=106, text=null, detailText=The exercise expects a class with the name Context in the package testpackage. You did not implement the class in the exercise., hasLongFeedbackText=false, reference=null, credits=0.0, positive=false, type=AUTOMATIC, visibility=ALWAYS, testCase=TestCaseDTO[testName=null, id=65]], FeedbackDTO[id=107, text=null, detailText=The exercise expects a class with the name Policy in the package testpackage. You did not implement the class in the exercise., hasLongFeedbackText=false, reference=null, credits=0.0, positive=false, type=AUTOMATIC, visibility=ALWAYS, testCase=TestCaseDTO[testName=null, id=66]], FeedbackDTO[id=108, text=null, detailText=The exercise expects a class with the name SortStrategy in the package testpackage. You did not implement the class in the exercise., hasLongFeedbackText=false, reference=null, credits=0.0, positive=false, type=AUTOMATIC, visibility=ALWAYS, testCase=TestCaseDTO[testName=null, id=67]], FeedbackDTO[id=109, text=null, detailText=The class 'MergeSort' does not implement the interface 'SortStrategy' as expected. Implement the interface and its methods., hasLongFeedbackText=false, reference=null, credits=0.0, positive=false, type=AUTOMATIC, visibility=ALWAYS, testCase=TestCaseDTO[testName=null, id=62]], FeedbackDTO[id=110, text=null, detailText=The exercise expects a class with the name SortStrategy in the package testpackage. You did not implement the class in the exercise., hasLongFeedbackText=false, reference=null, credits=0.0, positive=false, type=AUTOMATIC, visibility=ALWAYS, testCase=TestCaseDTO[testName=null, id=59]], FeedbackDTO[id=111, text=null, detailText=The class 'BubbleSort' does not implement the interface 'SortStrategy' as expected. Implement the interface and its methods., hasLongFeedbackText=false, reference=null, credits=0.0, positive=false, type=AUTOMATIC, visibility=ALWAYS, testCase=TestCaseDTO[testName=null, id=63]], FeedbackDTO[id=112, text=null, detailText=MergeSort does not sort correctly, hasLongFeedbackText=false, reference=null, credits=0.0, positive=false, type=AUTOMATIC, visibility=ALWAYS, testCase=TestCaseDTO[testName=null, id=68]], FeedbackDTO[id=113, text=null, detailText=The class 'Context' was not found within the submission. Make sure to implement it properly., hasLongFeedbackText=false, reference=null, credits=0.0, positive=false, type=AUTOMATIC, visibility=ALWAYS, testCase=TestCaseDTO[testName=null, id=69]], FeedbackDTO[id=114, text=null, detailText=The class 'Context' was not found within the submission. Make sure to implement it properly., hasLongFeedbackText=false, reference=null, credits=0.0, positive=false, type=AUTOMATIC, visibility=ALWAYS, testCase=TestCaseDTO[testName=null, id=70]], FeedbackDTO[id=115, text=null, detailText=The exercise expects a class with the name Policy in the package testpackage. You did not implement the class in the exercise., hasLongFeedbackText=false, reference=null, credits=0.0, positive=false, type=AUTOMATIC, visibility=ALWAYS, testCase=TestCaseDTO[testName=null, id=64]], FeedbackDTO[id=116, text=null, detailText=The exercise expects a class with the name Context in the package testpackage. You did not implement the class in the exercise., hasLongFeedbackText=false, reference=null, credits=0.0, positive=false, type=AUTOMATIC, visibility=ALWAYS, testCase=TestCaseDTO[testName=null, id=60]], FeedbackDTO[id=117, text=null, detailText=The exercise expects a class with the name Policy in the package testpackage. You did not implement the class in the exercise., hasLongFeedbackText=false, reference=null, credits=0.0, positive=false, type=AUTOMATIC, visibility=ALWAYS, testCase=TestCaseDTO[testName=null, id=61]], FeedbackDTO[id=118, text=null, detailText=null, hasLongFeedbackText=false, reference=null, credits=3.230769230769231, positive=true, type=AUTOMATIC, visibility=ALWAYS, testCase=TestCaseDTO[testName=null, id=71]]], assessmentType=AUTOMATIC, hasComplaint=null, exampleResult=null, testCaseCount=13, passedTestCaseCount=1, codeIssueCount=0]], BuildJobQueueItem[id=4771739576580898, name=SHORT51E611E30D6B60466F0B8BA0AA97F58888C2TSTEXC-LOCALCIINTSTUDENT1, buildAgent=BuildAgentDTO[name=artemis-build-agent-test, memberAddress=[127.0.0.1]:5703, displayName=artemis-build-agent-test], participationId=477, courseId=152, exerciseId=303, retryCount=0, priority=2, status=SUCCESSFUL, repositoryInfo=RepositoryInfo[repositoryName=short51e611e30d6b60466f0b8ba0aa97f58888c2tstexc-localciintstudent1, repositoryType=user, triggeredByPushTo=user, assignmentRepositoryUri=http://localhost:49152/git/SHORT51E611E30D6B60466F0B8BA0AA97F58888C2TSTEXC/short51e611e30d6b60466f0b8ba0aa97f58888c2tstexc-localciintstudent1.git, testRepositoryUri=http://localhost:49152/git/SHORT51E611E30D6B60466F0B8BA0AA97F58888C2TSTEXC/short51e611e30d6b60466f0b8ba0aa97f58888c2tstexc-tests.git, solutionRepositoryUri=null, auxiliaryRepositoryUris=[Ljava.lang.String;@297c2c73, auxiliaryRepositoryCheckoutDirectories=[Ljava.lang.String;@70308f10], jobTimingInfo=JobTimingInfo[submissionDate=2025-02-14T23:43:00.898532688Z[Etc/UTC], buildStartDate=2025-02-14T23:43:00.905733056Z[Etc/UTC], buildCompletionDate=2025-02-14T23:43:02.692768910Z[Etc/UTC], estimatedCompletionDate=2025-02-14T23:43:19.905720463Z[Etc/UTC], estimatedDuration=19], buildConfig=BuildConfig[buildScript=#!/bin/bash
cd /var/tmp/testing-dir
chmod +x ./gradlew
./gradlew clean test
, dockerImage=dummy-docker-image:latest, commitHashToBuild=8f3057cbd462f5e3de4e6ba85115f60d8dbb5aea, assignmentCommitHash=8f3057cbd462f5e3de4e6ba85115f60d8dbb5aea, testCommitHash=8f3057cbd462f5e3de4e6ba85115f60d8dbb5aea, branch=main, programmingLanguage=JAVA, projectType=PLAIN_GRADLE, scaEnabled=true, sequentialTestRunsEnabled=false, resultPaths=[/var/tmp/testing-dir/**/test-results/test/*.xml], timeoutSeconds=0, assignmentCheckoutPath=null, testCheckoutPath=null, solutionCheckoutPath=null, dockerRunConfig=null], submissionResult=ResultDTO[id=136, completionDate=2025-02-14T23:43:02.637820510Z[Etc/UTC], successful=false, score=7.7, rated=true, submission=SubmissionDTO[id=124, submitted=true, type=MANUAL, exampleSubmission=null, submissionDate=2025-02-14T23:43:00.886601Z, commitHash=8f3057cbd462f5e3de4e6ba85115f60d8dbb5aea, buildFailed=false, buildArtifact=false, participation=ParticipationDTO[id=477, testRun=false, type=programming, submissionCount=null, exercise=ParticipationExerciseDTO[id=303, exerciseType=PROGRAMMING, type=programming, assessmentType=AUTOMATIC, dueDate=2025-02-16T23:43:00.631824Z, assessmentDueDate=null, maxPoints=42.0, course=CourseDTO[id=152, accuracyOfScores=1]]], submissionExerciseType=programming, isProcessing=false, buildStartDate=null, estimatedCompletionDate=null], participation=ParticipationDTO[id=477, testRun=false, type=programming, submissionCount=null, exercise=ParticipationExerciseDTO[id=303, exerciseType=PROGRAMMING, type=programming, assessmentType=AUTOMATIC, dueDate=2025-02-16T23:43:00.631824Z, assessmentDueDate=null, maxPoints=42.0, course=CourseDTO[id=152, accuracyOfScores=1]]], feedbacks=[FeedbackDTO[id=119, text=null, detailText=The exercise expects a class with the name Context in the package testpackage. You did not implement the class in the exercise., hasLongFeedbackText=false, reference=null, credits=0.0, positive=false, type=AUTOMATIC, visibility=ALWAYS, testCase=TestCaseDTO[testName=null, id=78]], FeedbackDTO[id=120, text=null, detailText=The exercise expects a class with the name Policy in the package testpackage. You did not implement the class in the exercise., hasLongFeedbackText=false, reference=null, credits=0.0, positive=false, type=AUTOMATIC, visibility=ALWAYS, testCase=TestCaseDTO[testName=null, id=79]], FeedbackDTO[id=121, text=null, detailText=The exercise expects a class with the name SortStrategy in the package testpackage. You did not implement the class in the exercise., hasLongFeedbackText=false, reference=null, credits=0.0, positive=false, type=AUTOMATIC, visibility=ALWAYS, testCase=TestCaseDTO[testName=null, id=80]], FeedbackDTO[id=122, text=null, detailText=The class 'MergeSort' does not implement the interface 'SortStrategy' as expected. Implement the interface and its methods., hasLongFeedbackText=false, reference=null, credits=0.0, positive=false, type=AUTOMATIC, visibility=ALWAYS, testCase=TestCaseDTO[testName=null, id=75]], FeedbackDTO[id=123, text=null, detailText=The exercise expects a class with the name SortStrategy in the package testpackage. You did not implement the class in the exercise., hasLongFeedbackText=false, reference=null, credits=0.0, positive=false, type=AUTOMATIC, visibility=ALWAYS, testCase=TestCaseDTO[testName=null, id=72]], FeedbackDTO[id=124, text=null, detailText=The class 'BubbleSort' does not implement the interface 'SortStrategy' as expected. Implement the interface and its methods., hasLongFeedbackText=false, reference=null, credits=0.0, positive=false, type=AUTOMATIC, visibility=ALWAYS, testCase=TestCaseDTO[testName=null, id=76]], FeedbackDTO[id=125, text=null, detailText=MergeSort does not sort correctly, hasLongFeedbackText=false, reference=null, credits=0.0, positive=false, type=AUTOMATIC, visibility=ALWAYS, testCase=TestCaseDTO[testName=null, id=81]], FeedbackDTO[id=126, text=null, detailText=The class 'Context' was not found within the submission. Make sure to implement it properly., hasLongFeedbackText=false, reference=null, credits=0.0, positive=false, type=AUTOMATIC, visibility=ALWAYS, testCase=TestCaseDTO[testName=null, id=82]], FeedbackDTO[id=127, text=null, detailText=The class 'Context' was not found within the submission. Make sure to implement it properly., hasLongFeedbackText=false, reference=null, credits=0.0, positive=false, type=AUTOMATIC, visibility=ALWAYS, testCase=TestCaseDTO[testName=null, id=83]], FeedbackDTO[id=128, text=null, detailText=The exercise expects a class with the name Policy in the package testpackage. You did not implement the class in the exercise., hasLongFeedbackText=false, reference=null, credits=0.0, positive=false, type=AUTOMATIC, visibility=ALWAYS, testCase=TestCaseDTO[testName=null, id=77]], FeedbackDTO[id=129, text=null, detailText=The exercise expects a class with the name Context in the package testpackage. You did not implement the class in the exercise., hasLongFeedbackText=false, reference=null, credits=0.0, positive=false, type=AUTOMATIC, visibility=ALWAYS, testCase=TestCaseDTO[testName=null, id=73]], FeedbackDTO[id=130, text=null, detailText=The exercise expects a class with the name Policy in the package testpackage. You did not implement the class in the exercise., hasLongFeedbackText=false, reference=null, credits=0.0, positive=false, type=AUTOMATIC, visibility=ALWAYS, testCase=TestCaseDTO[testName=null, id=74]], FeedbackDTO[id=131, text=null, detailText=null, hasLongFeedbackText=false, reference=null, credits=3.230769230769231, positive=true, type=AUTOMATIC, visibility=ALWAYS, testCase=TestCaseDTO[testName=null, id=84]], FeedbackDTO[id=132, text=SCAFeedbackIdentifier:Bad Practice, detailText={"filePath":"src/code/Client.java","startLine":6,"endLine":6,"startColumn":1,"endColumn":26,"rule":"UnusedImports","category":"Best Practices","message":"Avoid unused imports such as 'javax.swing.JFrame'","priority":"4"}, hasLongFeedbackText=false, reference=PMD, credits=0.0, positive=false, type=AUTOMATIC, visibility=null, testCase=null], FeedbackDTO[id=133, text=SCAFeedbackIdentifier:Code Style, detailText={"filePath":"src/code/Client.java","startLine":7,"endLine":7,"startColumn":1,"endColumn":19,"rule":"DontImportJavaLang","category":"Code Style","message":"Avoid importing anything from the package java.lang","priority":"4"}, hasLongFeedbackText=false, reference=PMD, credits=0.0, positive=false, type=AUTOMATIC, visibility=null, testCase=null], FeedbackDTO[id=134, text=SCAFeedbackIdentifier:Bad Practice, detailText={"filePath":"src/code/Client.java","startLine":7,"endLine":7,"startColumn":1,"endColumn":19,"rule":"UnusedImports","category":"Best Practices","message":"Avoid unused imports such as 'java.lang'","priority":"4"}, hasLongFeedbackText=false, reference=PMD, credits=0.0, positive=false, type=AUTOMATIC, visibility=null, testCase=null], FeedbackDTO[id=135, text=SCAFeedbackIdentifier:Bad Practice, detailText={"filePath":"src/code/Client.java","startLine":73,"endLine":73,"startColumn":18,"endColumn":27,"rule":"UnusedLocalVariable","category":"Best Practices","message":"Avoid unused local variables such as 'randomDate'.","priority":"3"}, hasLongFeedbackText=false, reference=PMD, credits=0.0, positive=false, type=AUTOMATIC, visibility=null, testCase=null], FeedbackDTO[id=136, text=SCAFeedbackIdentifier:Bad Practice, detailText={"filePath":"src/code/Client.java","startLine":81,"endLine":81,"startColumn":31,"endColumn":53,"rule":"UnusedPrivateMethod","category":"Best Practices","message":"Avoid unused private methods such as 'CreateRandomDatesList()'.","priority":"3"}, hasLongFeedbackText=false, reference=PMD, credits=0.0, positive=false, type=AUTOMATIC, visibility=null, testCase=null], FeedbackDTO[id=137, text=SCAFeedbackIdentifier:Potential Bugs, detailText={"filePath":"src/code/Client.java","startLine":94,"endLine":94,"startColumn":9,"endColumn":9,"rule":"EmptyStatementNotInLoop","category":"Error Prone","message":"An empty statement (semicolon) not part of a loop","priority":"3"}, hasLongFeedbackText=false, reference=PMD, credits=0.0, positive=false, type=AUTOMATIC, visibility=null, testCase=null], FeedbackDTO[id=138, text=SCAFeedbackIdentifier:Potential Bugs, detailText={"filePath":"src/code/Client.java","startLine":94,"endLine":94,"startColumn":10,"endColumn":10,"rule":"EmptyStatementNotInLoop","category":"Error Prone","message":"An empty statement (semicolon) not part of a loop","priority":"3"}, hasLongFeedbackText=false, reference=PMD, credits=0.0, positive=false, type=AUTOMATIC, visibility=null, testCase=null], FeedbackDTO[id=139, text=SCAFeedbackIdentifier:Potential Bugs, detailText={"filePath":"src/code/Client.java","startLine":94,"endLine":94,"startColumn":11,"endColumn":11,"rule":"EmptyStatementNotInLoop","category":"Error Prone","message":"An empty statement (semicolon) not part of a loop","priority":"3"}, hasLongFeedbackText=false, reference=PMD, credits=0.0, positive=false, type=AUTOMATIC, visibility=null, testCase=null], FeedbackDTO[id=140, text=SCAFeedbackIdentifier:Code Style, detailText={"filePath":"src/code/Client.java","startLine":73,"endLine":73,"rule":"DLS_DEAD_LOCAL_STORE","category":"STYLE","message":"Dead store to randomDate in code.Client.createRandomDatesList()","priority":"2"}, hasLongFeedbackText=false, reference=SPOTBUGS, credits=0.0, positive=false, type=AUTOMATIC, visibility=null, testCase=null], FeedbackDTO[id=141, text=SCAFeedbackIdentifier:Bad Practice, detailText={"filePath":"src/code/Client.java","startLine":82,"endLine":95,"rule":"NM_METHOD_NAMING_CONVENTION","category":"BAD_PRACTICE","message":"The method name code.Client.CreateRandomDatesList() doesn't start with a lower case letter","priority":"3"}, hasLongFeedbackText=false, reference=SPOTBUGS, credits=0.0, positive=false, type=AUTOMATIC, visibility=null, testCase=null], FeedbackDTO[id=142, text=SCAFeedbackIdentifier:Performance, detailText={"filePath":"src/code/Client.java","startLine":82,"endLine":95,"rule":"UPM_UNCALLED_PRIVATE_METHOD","category":"PERFORMANCE","message":"Private method code.Client.CreateRandomDatesList() is never called","priority":"2"}, hasLongFeedbackText=false, reference=SPOTBUGS, credits=0.0, positive=false, type=AUTOMATIC, visibility=null, testCase=null], FeedbackDTO[id=143, text=SCAFeedbackIdentifier:Code Style, detailText={"filePath":"src/code/Client.java","startLine":70,"endLine":70,"startColumn":9,"endColumn":9,"rule":"NeedBracesCheck","category":"blocks","message":"'for' construct must use '{}'s.","priority":"error"}, hasLongFeedbackText=false, reference=CHECKSTYLE, credits=0.0, positive=false, type=AUTOMATIC, visibility=null, testCase=null], FeedbackDTO[id=144, text=SCAFeedbackIdentifier:Code Style, detailText={"filePath":"src/code/Client.java","startLine":93,"endLine":93,"startColumn":9,"endColumn":9,"rule":"EmptyStatementCheck","category":"coding","message":"Empty statement.","priority":"error"}, hasLongFeedbackText=false, reference=CHECKSTYLE, credits=0.0, positive=false, type=AUTOMATIC, visibility=null, testCase=null], FeedbackDTO[id=145, text=SCAFeedbackIdentifier:Code Style, detailText={"filePath":"src/code/Client.java","startLine":93,"endLine":93,"startColumn":10,"endColumn":10,"rule":"EmptyStatementCheck","category":"coding","message":"Empty statement.","priority":"error"}, hasLongFeedbackText=false, reference=CHECKSTYLE, credits=0.0, positive=false, type=AUTOMATIC, visibility=null, testCase=null], FeedbackDTO[id=146, text=SCAFeedbackIdentifier:Code Style, detailText={"filePath":"src/code/Client.java","startLine":93,"endLine":93,"startColumn":11,"endColumn":11,"rule":"EmptyStatementCheck","category":"coding","message":"Empty statement.","priority":"error"}, hasLongFeedbackText=false, reference=CHECKSTYLE, credits=0.0, positive=false, type=AUTOMATIC, visibility=null, testCase=null]], assessmentType=AUTOMATIC, hasComplaint=null, exampleResult=null, testCaseCount=13, passedTestCaseCount=1, codeIssueCount=15]], BuildJobQueueItem[id=4821739576584632, name=SHORT433BAC4500363044960B6E10DFA0493471B2TSTEXC-LOCALCIINTSTUDENT1, buildAgent=BuildAgentDTO[name=artemis-build-agent-test, memberAddress=[127.0.0.1]:5703, displayName=artemis-build-agent-test], participationId=482, courseId=154, exerciseId=305, retryCount=0, priority=2, status=SUCCESSFUL, repositoryInfo=RepositoryInfo[repositoryName=short433bac4500363044960b6e10dfa0493471b2tstexc-localciintstudent1, repositoryType=user, triggeredByPushTo=user, assignmentRepositoryUri=http://localhost:49152/git/SHORT433BAC4500363044960B6E10DFA0493471B2TSTEXC/short433bac4500363044960b6e10dfa0493471b2tstexc-localciintstudent1.git, testRepositoryUri=http://localhost:49152/git/SHORT433BAC4500363044960B6E10DFA0493471B2TSTEXC/short433bac4500363044960b6e10dfa0493471b2tstexc-tests.git, solutionRepositoryUri=null, auxiliaryRepositoryUris=[Ljava.lang.String;@740727f0, auxiliaryRepositoryCheckoutDirectories=[Ljava.lang.String;@642fe9a7], jobTimingInfo=JobTimingInfo[submissionDate=2025-02-14T23:43:04.632341258Z[Etc/UTC], buildStartDate=2025-02-14T23:43:04.637633457Z[Etc/UTC], buildCompletionDate=2025-02-14T23:43:06.421238953Z[Etc/UTC], estimatedCompletionDate=2025-02-14T23:43:23.637623879Z[Etc/UTC], estimatedDuration=19], buildConfig=BuildConfig[buildScript=#!/bin/bash
cd /var/tmp/testing-dir
chmod +x ./gradlew
./gradlew clean test
, dockerImage=dummy-docker-image:latest, commitHashToBuild=8355c4f3cd5d3e0443707d3310206e460e333c6f, assignmentCommitHash=8355c4f3cd5d3e0443707d3310206e460e333c6f, testCommitHash=8355c4f3cd5d3e0443707d3310206e460e333c6f, branch=main, programmingLanguage=JAVA, projectType=PLAIN_GRADLE, scaEnabled=false, sequentialTestRunsEnabled=false, resultPaths=[/var/tmp/testing-dir/**/test-results/test/*.xml], timeoutSeconds=0, assignmentCheckoutPath=null, testCheckoutPath=null, solutionCheckoutPath=null, dockerRunConfig=null], submissionResult=ResultDTO[id=137, completionDate=2025-02-14T23:43:06.404877412Z[Etc/UTC], successful=false, score=7.7, rated=true, submission=SubmissionDTO[id=125, submitted=true, type=MANUAL, exampleSubmission=null, submissionDate=2025-02-14T23:43:04.623230Z, commitHash=8355c4f3cd5d3e0443707d3310206e460e333c6f, buildFailed=false, buildArtifact=false, participation=ParticipationDTO[id=482, testRun=false, type=programming, submissionCount=null, exercise=ParticipationExerciseDTO[id=305, exerciseType=PROGRAMMING, type=programming, assessmentType=AUTOMATIC, dueDate=2025-02-16T23:43:04.425734Z, assessmentDueDate=null, maxPoints=42.0, course=CourseDTO[id=154, accuracyOfScores=1]]], submissionExerciseType=programming, isProcessing=false, buildStartDate=null, estimatedCompletionDate=null], participation=ParticipationDTO[id=482, testRun=false, type=programming, submissionCount=null, exercise=ParticipationExerciseDTO[id=305, exerciseType=PROGRAMMING, type=programming, assessmentType=AUTOMATIC, dueDate=2025-02-16T23:43:04.425734Z, assessmentDueDate=null, maxPoints=42.0, course=CourseDTO[id=154, accuracyOfScores=1]]], feedbacks=[FeedbackDTO[id=147, text=null, detailText=The exercise expects a class with the name Context in the package testpackage. You did not implement the class in the exercise., hasLongFeedbackText=false, reference=null, credits=0.0, positive=false, type=AUTOMATIC, visibility=ALWAYS, testCase=TestCaseDTO[testName=null, id=104]], FeedbackDTO[id=148, text=null, detailText=The exercise expects a class with the name Policy in the package testpackage. You did not implement the class in the exercise., hasLongFeedbackText=false, reference=null, credits=0.0, positive=false, type=AUTOMATIC, visibility=ALWAYS, testCase=TestCaseDTO[testName=null, id=105]], FeedbackDTO[id=149, text=null, detailText=The exercise expects a class with the name SortStrategy in the package testpackage. You did not implement the class in the exercise., hasLongFeedbackText=false, reference=null, credits=0.0, positive=false, type=AUTOMATIC, visibility=ALWAYS, testCase=TestCaseDTO[testName=null, id=106]], FeedbackDTO[id=150, text=null, detailText=The class 'MergeSort' does not implement the interface 'SortStrategy' as expected. Implement the interface and its methods., hasLongFeedbackText=false, reference=null, credits=0.0, positive=false, type=AUTOMATIC, visibility=ALWAYS, testCase=TestCaseDTO[testName=null, id=101]], FeedbackDTO[id=151, text=null, detailText=The exercise expects a class with the name SortStrategy in the package testpackage. You did not implement the class in the exercise., hasLongFeedbackText=false, reference=null, credits=0.0, positive=false, type=AUTOMATIC, visibility=ALWAYS, testCase=TestCaseDTO[testName=null, id=98]], FeedbackDTO[id=152, text=null, detailText=The class 'BubbleSort' does not implement the interface 'SortStrategy' as expected. Implement the interface and its methods., hasLongFeedbackText=false, reference=null, credits=0.0, positive=false, type=AUTOMATIC, visibility=ALWAYS, testCase=TestCaseDTO[testName=null, id=102]], FeedbackDTO[id=153, text=null, detailText=MergeSort does not sort correctly, hasLongFeedbackText=false, reference=null, credits=0.0, positive=false, type=AUTOMATIC, visibility=ALWAYS, testCase=TestCaseDTO[testName=null, id=107]], FeedbackDTO[id=154, text=null, detailText=The class 'Context' was not found within the submission. Make sure to implement it properly., hasLongFeedbackText=false, reference=null, credits=0.0, positive=false, type=AUTOMATIC, visibility=ALWAYS, testCase=TestCaseDTO[testName=null, id=108]], FeedbackDTO[id=155, text=null, detailText=The class 'Context' was not found within the submission. Make sure to implement it properly., hasLongFeedbackText=false, reference=null, credits=0.0, positive=false, type=AUTOMATIC, visibility=ALWAYS, testCase=TestCaseDTO[testName=null, id=109]], FeedbackDTO[id=156, text=null, detailText=The exercise expects a class with the name Policy in the package testpackage. You did not implement the class in the exercise., hasLongFeedbackText=false, reference=null, credits=0.0, positive=false, type=AUTOMATIC, visibility=ALWAYS, testCase=TestCaseDTO[testName=null, id=103]], FeedbackDTO[id=157, text=null, detailText=The exercise expects a class with the name Context in the package testpackage. You did not implement the class in the exercise., hasLongFeedbackText=false, reference=null, credits=0.0, positive=false, type=AUTOMATIC, visibility=ALWAYS, testCase=TestCaseDTO[testName=null, id=99]], FeedbackDTO[id=158, text=null, detailText=The exercise expects a class with the name Policy in the package testpackage. You did not implement the class in the exercise., hasLongFeedbackText=false, reference=null, credits=0.0, positive=false, type=AUTOMATIC, visibility=ALWAYS, testCase=TestCaseDTO[testName=null, id=100]], FeedbackDTO[id=159, text=null, detailText=null, hasLongFeedbackText=false, reference=null, credits=3.230769230769231, positive=true, type=AUTOMATIC, visibility=ALWAYS, testCase=TestCaseDTO[testName=null, id=110]]], assessmentType=AUTOMATIC, hasComplaint=null, exampleResult=null, testCaseCount=13, passedTestCaseCount=1, codeIssueCount=0]], BuildJobQueueItem[id=4851739576588371, name=SHORT495D587A0856D04A9E08BC60D2E08365FB9ETSTEXC-LOCALCIINTSTUDENT1, buildAgent=BuildAgentDTO[name=artemis-build-agent-test, memberAddress=[127.0.0.1]:5703, displayName=artemis-build-agent-test], participationId=485, courseId=155, exerciseId=306, retryCount=0, priority=2, status=FAILED, repositoryInfo=RepositoryInfo[repositoryName=short495d587a0856d04a9e08bc60d2e08365fb9etstexc-localciintstudent1, repositoryType=user, triggeredByPushTo=user, assignmentRepositoryUri=http://localhost:49152/git/SHORT495D587A0856D04A9E08BC60D2E08365FB9ETSTEXC/short495d587a0856d04a9e08bc60d2e08365fb9etstexc-localciintstudent1.git, testRepositoryUri=http://localhost:49152/git/SHORT495D587A0856D04A9E08BC60D2E08365FB9ETSTEXC/short495d587a0856d04a9e08bc60d2e08365fb9etstexc-tests.git, solutionRepositoryUri=null, auxiliaryRepositoryUris=[Ljava.lang.String;@2cf85ee5, auxiliaryRepositoryCheckoutDirectories=[Ljava.lang.String;@58c41c65], jobTimingInfo=JobTimingInfo[submissionDate=2025-02-14T23:43:08.371015915Z[Etc/UTC], buildStartDate=2025-02-14T23:43:08.374658929Z[Etc/UTC], buildCompletionDate=2025-02-14T23:43:09.341007666Z[Etc/UTC], estimatedCompletionDate=2025-02-14T23:43:27.374650503Z[Etc/UTC], estimatedDuration=19], buildConfig=BuildConfig[buildScript=#!/bin/bash
cd /var/tmp/testing-dir
chmod +x ./gradlew
./gradlew clean test
, dockerImage=dummy-docker-image:latest, commitHashToBuild=ebb8aa4dc3625fe07e975266e18313ad871ce864, assignmentCommitHash=9b3a9bd71a0d80e5bbc42204c319ed3d1d4f0d6d, testCommitHash=9b3a9bd71a0d80e5bbc42204c319ed3d1d4f0d6d, branch=main, programmingLanguage=JAVA, projectType=PLAIN_GRADLE, scaEnabled=false, sequentialTestRunsEnabled=false, resultPaths=[/var/tmp/testing-dir/**/test-results/test/*.xml], timeoutSeconds=0, assignmentCheckoutPath=null, testCheckoutPath=null, solutionCheckoutPath=null, dockerRunConfig=null], submissionResult=ResultDTO[id=138, completionDate=2025-02-14T23:43:09.343306574Z[Etc/UTC], successful=false, score=0.0, rated=true, submission=SubmissionDTO[id=127, submitted=true, type=MANUAL, exampleSubmission=null, submissionDate=2025-02-14T23:43:09.343306574Z[Etc/UTC], commitHash=9b3a9bd71a0d80e5bbc42204c319ed3d1d4f0d6d, buildFailed=true, buildArtifact=false, participation=ParticipationDTO[id=485, testRun=false, type=programming, submissionCount=null, exercise=ParticipationExerciseDTO[id=306, exerciseType=PROGRAMMING, type=programming, assessmentType=AUTOMATIC, dueDate=2025-02-16T23:43:08.185273Z, assessmentDueDate=null, maxPoints=42.0, course=CourseDTO[id=155, accuracyOfScores=1]]], submissionExerciseType=programming, isProcessing=false, buildStartDate=null, estimatedCompletionDate=null], participation=ParticipationDTO[id=485, testRun=false, type=programming, submissionCount=null, exercise=ParticipationExerciseDTO[id=306, exerciseType=PROGRAMMING, type=programming, assessmentType=AUTOMATIC, dueDate=2025-02-16T23:43:08.185273Z, assessmentDueDate=null, maxPoints=42.0, course=CourseDTO[id=155, accuracyOfScores=1]]], feedbacks=[], assessmentType=AUTOMATIC, hasComplaint=null, exampleResult=null, testCaseCount=0, passedTestCaseCount=0, codeIssueCount=0]], BuildJobQueueItem[id=4881739576590204, name=SHORT80B5DD0E0D6B304EBB096E9020B949996A1CTSTEXC-LOCALCIINTSTUDENT1, buildAgent=BuildAgentDTO[name=artemis-build-agent-test, memberAddress=[127.0.0.1]:5703, displayName=artemis-build-agent-test], participationId=488, courseId=156, exerciseId=307, retryCount=0, priority=2, status=SUCCESSFUL, repositoryInfo=RepositoryInfo[repositoryName=short80b5dd0e0d6b304ebb096e9020b949996a1ctstexc-localciintstudent1, repositoryType=user, triggeredByPushTo=user, assignmentRepositoryUri=http://localhost:49152/git/SHORT80B5DD0E0D6B304EBB096E9020B949996A1CTSTEXC/short80b5dd0e0d6b304ebb096e9020b949996a1ctstexc-localciintstudent1.git, testRepositoryUri=http://localhost:49152/git/SHORT80B5DD0E0D6B304EBB096E9020B949996A1CTSTEXC/short80b5dd0e0d6b304ebb096e9020b949996a1ctstexc-tests.git, solutionRepositoryUri=null, auxiliaryRepositoryUris=[Ljava.lang.String;@1531882a, auxiliaryRepositoryCheckoutDirectories=[Ljava.lang.String;@ec829fa], jobTimingInfo=JobTimingInfo[submissionDate=2025-02-14T23:43:10.204264160Z[Etc/UTC], buildStartDate=2025-02-14T23:43:10.223149139Z[Etc/UTC], buildCompletionDate=2025-02-14T23:43:12.086509109Z[Etc/UTC], estimatedCompletionDate=2025-02-14T23:43:29.223142246Z[Etc/UTC], estimatedDuration=19], buildConfig=BuildConfig[buildScript=#!/bin/bash
cd /var/tmp/testing-dir
chmod +x ./gradlew
./gradlew clean test
, dockerImage=dummy-docker-image:latest, commitHashToBuild=b806a93102242552beed7c01b08b2769731814b3, assignmentCommitHash=b806a93102242552beed7c01b08b2769731814b3, testCommitHash=b806a93102242552beed7c01b08b2769731814b3, branch=main, programmingLanguage=JAVA, projectType=PLAIN_GRADLE, scaEnabled=false, sequentialTestRunsEnabled=false, resultPaths=[/var/tmp/testing-dir/**/test-results/test/*.xml], timeoutSeconds=0, assignmentCheckoutPath=null, testCheckoutPath=null, solutionCheckoutPath=null, dockerRunConfig=null], submissionResult=ResultDTO[id=139, completionDate=2025-02-14T23:43:12.066436124Z[Etc/UTC], successful=false, score=0.0, rated=true, submission=SubmissionDTO[id=128, submitted=true, type=MANUAL, exampleSubmission=null, submissionDate=2025-02-14T23:43:10.192407Z, commitHash=b806a93102242552beed7c01b08b2769731814b3, buildFailed=true, buildArtifact=false, participation=ParticipationDTO[id=488, testRun=false, type=programming, submissionCount=null, exercise=ParticipationExerciseDTO[id=307, exerciseType=PROGRAMMING, type=programming, assessmentType=AUTOMATIC, dueDate=2025-02-16T23:43:09.986646Z, assessmentDueDate=null, maxPoints=42.0, course=CourseDTO[id=156, accuracyOfScores=1]]], submissionExerciseType=programming, isProcessing=false, buildStartDate=null, estimatedCompletionDate=null], participation=ParticipationDTO[id=488, testRun=false, type=programming, submissionCount=null, exercise=ParticipationExerciseDTO[id=307, exerciseType=PROGRAMMING, type=programming, assessmentType=AUTOMATIC, dueDate=2025-02-16T23:43:09.986646Z, assessmentDueDate=null, maxPoints=42.0, course=CourseDTO[id=156, accuracyOfScores=1]]], feedbacks=[], assessmentType=AUTOMATIC, hasComplaint=null, exampleResult=null, testCaseCount=0, passedTestCaseCount=0, codeIssueCount=0]], BuildJobQueueItem[id=4911739576593817, name=SHORT585B2198089880462509B3007867E72DFB7ATSTEXC-LOCALCIINTSTUDENT1, buildAgent=BuildAgentDTO[name=artemis-build-agent-test, memberAddress=[127.0.0.1]:5703, displayName=artemis-build-agent-test], participationId=491, courseId=157, exerciseId=308, retryCount=0, priority=2, status=SUCCESSFUL, repositoryInfo=RepositoryInfo[repositoryName=short585b2198089880462509b3007867e72dfb7atstexc-localciintstudent1, repositoryType=user, triggeredByPushTo=user, assignmentRepositoryUri=http://localhost:49152/git/SHORT585B2198089880462509B3007867E72DFB7ATSTEXC/short585b2198089880462509b3007867e72dfb7atstexc-localciintstudent1.git, testRepositoryUri=http://localhost:49152/git/SHORT585B2198089880462509B3007867E72DFB7ATSTEXC/short585b2198089880462509b3007867e72dfb7atstexc-tests.git, solutionRepositoryUri=null, auxiliaryRepositoryUris=[Ljava.lang.String;@602951b0, auxiliaryRepositoryCheckoutDirectories=[Ljava.lang.String;@18765ee4], jobTimingInfo=JobTimingInfo[submissionDate=2025-02-14T23:43:13.817124706Z[Etc/UTC], buildStartDate=2025-02-14T23:43:13.834335931Z[Etc/UTC], buildCompletionDate=2025-02-14T23:43:15.746259139Z[Etc/UTC], estimatedCompletionDate=2025-02-14T23:43:32.834326082Z[Etc/UTC], estimatedDuration=19], buildConfig=BuildConfig[buildScript=#!/bin/bash
cd /var/tmp/testing-dir
chmod +x ./gradlew
./gradlew clean test
, dockerImage=dummy-docker-image:latest, commitHashToBuild=42077d078a5d5042fe2d4bd8299a990d342fce6e, assignmentCommitHash=42077d078a5d5042fe2d4bd8299a990d342fce6e, testCommitHash=42077d078a5d5042fe2d4bd8299a990d342fce6e, branch=main, programmingLanguage=JAVA, projectType=PLAIN_GRADLE, scaEnabled=false, sequentialTestRunsEnabled=false, resultPaths=[/var/tmp/testing-dir/**/test-results/test/*.xml], timeoutSeconds=0, assignmentCheckoutPath=null, testCheckoutPath=null, solutionCheckoutPath=null, dockerRunConfig=null], submissionResult=ResultDTO[id=140, completionDate=2025-02-14T23:43:15.725343914Z[Etc/UTC], successful=false, score=0.0, rated=true, submission=SubmissionDTO[id=129, submitted=true, type=MANUAL, exampleSubmission=null, submissionDate=2025-02-14T23:43:13.805401Z, commitHash=42077d078a5d5042fe2d4bd8299a990d342fce6e, buildFailed=false, buildArtifact=false, participation=ParticipationDTO[id=491, testRun=false, type=programming, submissionCount=null, exercise=ParticipationExerciseDTO[id=308, exerciseType=PROGRAMMING, type=programming, assessmentType=AUTOMATIC, dueDate=2025-02-16T23:43:13.569213Z, assessmentDueDate=null, maxPoints=42.0, course=CourseDTO[id=157, accuracyOfScores=1]]], submissionExerciseType=programming, isProcessing=false, buildStartDate=null, estimatedCompletionDate=null], participation=ParticipationDTO[id=491, testRun=false, type=programming, submissionCount=null, exercise=ParticipationExerciseDTO[id=308, exerciseType=PROGRAMMING, type=programming, assessmentType=AUTOMATIC, dueDate=2025-02-16T23:43:13.569213Z, assessmentDueDate=null, maxPoints=42.0, course=CourseDTO[id=157, accuracyOfScores=1]]], feedbacks=[FeedbackDTO[id=160, text=null, detailText=Deine Einreichung enthält keine Ausgabe. (67cac2), hasLongFeedbackText=false, reference=null, credits=0.0, positive=false, type=AUTOMATIC, visibility=ALWAYS, testCase=TestCaseDTO[testName=null, id=146]], FeedbackDTO[id=161, text=null, detailText=test `add` failed on ≥ 1 cases:
(0, 0)
Your submission raised an error Failure("TODO add"), hasLongFeedbackText=false, reference=null, credits=0.0, positive=false, type=AUTOMATIC, visibility=ALWAYS, testCase=TestCaseDTO[testName=null, id=149]], FeedbackDTO[id=162, text=null, detailText=test `filter` failed on ≥ 1 cases:
(even, [1; 2; 3; 4])
Your submission raised an error Failure("TODO filter"), hasLongFeedbackText=false, reference=null, credits=0.0, positive=false, type=AUTOMATIC, visibility=ALWAYS, testCase=TestCaseDTO[testName=null, id=148]], FeedbackDTO[id=163, text=null, detailText=Test was not executed., hasLongFeedbackText=false, reference=null, credits=0.0, positive=null, type=AUTOMATIC, visibility=null, testCase=TestCaseDTO[testName=null, id=137]], FeedbackDTO[id=164, text=null, detailText=Test was not executed., hasLongFeedbackText=false, reference=null, credits=0.0, positive=null, type=AUTOMATIC, visibility=null, testCase=TestCaseDTO[testName=null, id=138]], FeedbackDTO[id=165, text=null, detailText=Test was not executed., hasLongFeedbackText=false, reference=null, credits=0.0, positive=null, type=AUTOMATIC, visibility=null, testCase=TestCaseDTO[testName=null, id=139]], FeedbackDTO[id=166, text=null, detailText=Test was not executed., hasLongFeedbackText=false, reference=null, credits=0.0, positive=null, type=AUTOMATIC, visibility=null, testCase=TestCaseDTO[testName=null, id=140]], FeedbackDTO[id=167, text=null, detailText=Test was not executed., hasLongFeedbackText=false, reference=null, credits=0.0, positive=null, type=AUTOMATIC, visibility=null, testCase=TestCaseDTO[testName=null, id=141]], FeedbackDTO[id=168, text=null, detailText=Test was not executed., hasLongFeedbackText=false, reference=null, credits=0.0, positive=null, type=AUTOMATIC, visibility=null, testCase=TestCaseDTO[testName=null, id=142]], FeedbackDTO[id=169, text=null, detailText=Test was not executed., hasLongFeedbackText=false, reference=null, credits=0.0, positive=null, type=AUTOMATIC, visibility=null, testCase=TestCaseDTO[testName=null, id=143]], FeedbackDTO[id=170, text=null, detailText=Test was not executed., hasLongFeedbackText=false, reference=null, credits=0.0, positive=null, type=AUTOMATIC, visibility=null, testCase=TestCaseDTO[testName=null, id=144]], FeedbackDTO[id=171, text=null, detailText=Test was not executed., hasLongFeedbackText=false, reference=null, credits=0.0, positive=null, type=AUTOMATIC, visibility=null, testCase=TestCaseDTO[testName=null, id=145]], FeedbackDTO[id=172, text=null, detailText=Test was not executed., hasLongFeedbackText=false, reference=null, credits=0.0, positive=null, type=AUTOMATIC, visibility=null, testCase=TestCaseDTO[testName=null, id=147]]], assessmentType=AUTOMATIC, hasComplaint=null, exampleResult=null, testCaseCount=13, passedTestCaseCount=0, codeIssueCount=0]], BuildJobQueueItem[id=4941739576597286, name=SHORTFBCBD7BF0E6EB0451A080E80FCB407DC1F12TSTEXC-LOCALCIINTSTUDENT1, buildAgent=BuildAgentDTO[name=artemis-build-agent-test, memberAddress=[127.0.0.1]:5703, displayName=artemis-build-agent-test], participationId=494, courseId=158, exerciseId=309, retryCount=0, priority=2, status=SUCCESSFUL, repositoryInfo=RepositoryInfo[repositoryName=shortfbcbd7bf0e6eb0451a080e80fcb407dc1f12tstexc-localciintstudent1, repositoryType=user, triggeredByPushTo=user, assignmentRepositoryUri=http://localhost:49152/git/SHORTFBCBD7BF0E6EB0451A080E80FCB407DC1F12TSTEXC/shortfbcbd7bf0e6eb0451a080e80fcb407dc1f12tstexc-localciintstudent1.git, testRepositoryUri=http://localhost:49152/git/SHORTFBCBD7BF0E6EB0451A080E80FCB407DC1F12TSTEXC/shortfbcbd7bf0e6eb0451a080e80fcb407dc1f12tstexc-tests.git, solutionRepositoryUri=null, auxiliaryRepositoryUris=[Ljava.lang.String;@11fe518, auxiliaryRepositoryCheckoutDirectories=[Ljava.lang.String;@4ed78b38], jobTimingInfo=JobTimingInfo[submissionDate=2025-02-14T23:43:17.286977233Z[Etc/UTC], buildStartDate=2025-02-14T23:43:17.293977347Z[Etc/UTC], buildCompletionDate=2025-02-14T23:43:18.740990762Z[Etc/UTC], estimatedCompletionDate=2025-02-14T23:43:36.293970494Z[Etc/UTC], estimatedDuration=19], buildConfig=BuildConfig[buildScript=#!/bin/bash
cd /var/tmp/testing-dir
chmod +x ./gradlew
./gradlew clean test
, dockerImage=dummy-docker-image:latest, commitHashToBuild=4a1af7e8a64e6505c5fc09b9f81ea41af9fcff44, assignmentCommitHash=4a1af7e8a64e6505c5fc09b9f81ea41af9fcff44, testCommitHash=4a1af7e8a64e6505c5fc09b9f81ea41af9fcff44, branch=main, programmingLanguage=JAVA, projectType=PLAIN_GRADLE, scaEnabled=false, sequentialTestRunsEnabled=false, resultPaths=[/var/tmp/testing-dir/**/test-results/test/*.xml], timeoutSeconds=0, assignmentCheckoutPath=null, testCheckoutPath=null, solutionCheckoutPath=null, dockerRunConfig=null], submissionResult=ResultDTO[id=141, completionDate=2025-02-14T23:43:18.729015138Z[Etc/UTC], successful=false, score=0.0, rated=true, submission=SubmissionDTO[id=130, submitted=true, type=MANUAL, exampleSubmission=null, submissionDate=2025-02-14T23:43:17.272936Z, commitHash=4a1af7e8a64e6505c5fc09b9f81ea41af9fcff44, buildFailed=true, buildArtifact=false, participation=ParticipationDTO[id=494, testRun=false, type=programming, submissionCount=null, exercise=ParticipationExerciseDTO[id=309, exerciseType=PROGRAMMING, type=programming, assessmentType=AUTOMATIC, dueDate=2025-02-16T23:43:17.147218Z, assessmentDueDate=null, maxPoints=42.0, course=CourseDTO[id=158, accuracyOfScores=1]]], submissionExerciseType=programming, isProcessing=false, buildStartDate=null, estimatedCompletionDate=null], participation=ParticipationDTO[id=494, testRun=false, type=programming, submissionCount=null, exercise=ParticipationExerciseDTO[id=309, exerciseType=PROGRAMMING, type=programming, assessmentType=AUTOMATIC, dueDate=2025-02-16T23:43:17.147218Z, assessmentDueDate=null, maxPoints=42.0, course=CourseDTO[id=158, accuracyOfScores=1]]], feedbacks=[], assessmentType=AUTOMATIC, hasComplaint=null, exampleResult=null, testCaseCount=0, passedTestCaseCount=0, codeIssueCount=0]], BuildJobQueueItem[id=4971739576599269, name=SHORT52AD57270517204728083260501A19D262D1TSTEXC-LOCALCIINTSTUDENT1, buildAgent=BuildAgentDTO[name=artemis-build-agent-test, memberAddress=[127.0.0.1]:5703, displayName=artemis-build-agent-test], participationId=497, courseId=159, exerciseId=310, retryCount=0, priority=2, status=SUCCESSFUL, repositoryInfo=RepositoryInfo[repositoryName=short52ad57270517204728083260501a19d262d1tstexc-localciintstudent1, repositoryType=user, triggeredByPushTo=user, assignmentRepositoryUri=http://localhost:49152/git/SHORT52AD57270517204728083260501A19D262D1TSTEXC/short52ad57270517204728083260501a19d262d1tstexc-localciintstudent1.git, testRepositoryUri=http://localhost:49152/git/SHORT52AD57270517204728083260501A19D262D1TSTEXC/short52ad57270517204728083260501a19d262d1tstexc-tests.git, solutionRepositoryUri=null, auxiliaryRepositoryUris=[Ljava.lang.String;@64d9e783, auxiliaryRepositoryCheckoutDirectories=[Ljava.lang.String;@4e721482], jobTimingInfo=JobTimingInfo[submissionDate=2025-02-14T23:43:19.269997499Z[Etc/UTC], buildStartDate=2025-02-14T23:43:19.277325895Z[Etc/UTC], buildCompletionDate=2025-02-14T23:43:20.497391524Z[Etc/UTC], estimatedCompletionDate=2025-02-14T23:43:38.277310787Z[Etc/UTC], estimatedDuration=19], buildConfig=BuildConfig[buildScript=#!/bin/bash
cd /var/tmp/testing-dir
chmod +x ./gradlew
./gradlew clean test
, dockerImage=dummy-docker-image:latest, commitHashToBuild=9f4f76247a188e9a0f3516a9fbd60e829d53fb05, assignmentCommitHash=9f4f76247a188e9a0f3516a9fbd60e829d53fb05, testCommitHash=9f4f76247a188e9a0f3516a9fbd60e829d53fb05, branch=main, programmingLanguage=JAVA, projectType=PLAIN_GRADLE, scaEnabled=false, sequentialTestRunsEnabled=false, resultPaths=[/var/tmp/testing-dir/**/test-results/test/*.xml], timeoutSeconds=0, assignmentCheckoutPath=null, testCheckoutPath=null, solutionCheckoutPath=null, dockerRunConfig=null], submissionResult=ResultDTO[id=142, completionDate=2025-02-14T23:43:20.484244187Z[Etc/UTC], successful=false, score=7.7, rated=true, submission=SubmissionDTO[id=131, submitted=true, type=MANUAL, exampleSubmission=null, submissionDate=2025-02-14T23:43:19.265464Z, commitHash=9f4f76247a188e9a0f3516a9fbd60e829d53fb05, buildFailed=false, buildArtifact=false, participation=ParticipationDTO[id=497, testRun=false, type=programming, submissionCount=null, exercise=ParticipationExerciseDTO[id=310, exerciseType=PROGRAMMING, type=programming, assessmentType=AUTOMATIC, dueDate=2025-02-16T23:43:19.182228Z, assessmentDueDate=null, maxPoints=42.0, course=CourseDTO[id=159, accuracyOfScores=1]]], submissionExerciseType=programming, isProcessing=false, buildStartDate=null, estimatedCompletionDate=null], participation=ParticipationDTO[id=497, testRun=false, type=programming, submissionCount=null, exercise=ParticipationExerciseDTO[id=310, exerciseType=PROGRAMMING, type=programming, assessmentType=AUTOMATIC, dueDate=2025-02-16T23:43:19.182228Z, assessmentDueDate=null, maxPoints=42.0, course=CourseDTO[id=159, accuracyOfScores=1]]], feedbacks=[FeedbackDTO[id=173, text=null, detailText=The exercise expects a class with the name Context in the package testpackage. You did not implement the class in the exercise., hasLongFeedbackText=false, reference=null, credits=0.0, positive=false, type=AUTOMATIC, visibility=ALWAYS, testCase=TestCaseDTO[testName=null, id=169]], FeedbackDTO[id=174, text=null, detailText=The exercise expects a class with the name Policy in the package testpackage. You did not implement the class in the exercise., hasLongFeedbackText=false, reference=null, credits=0.0, positive=false, type=AUTOMATIC, visibility=ALWAYS, testCase=TestCaseDTO[testName=null, id=170]], FeedbackDTO[id=175, text=null, detailText=The exercise expects a class with the name SortStrategy in the package testpackage. You did not implement the class in the exercise., hasLongFeedbackText=false, reference=null, credits=0.0, positive=false, type=AUTOMATIC, visibility=ALWAYS, testCase=TestCaseDTO[testName=null, id=171]], FeedbackDTO[id=176, text=null, detailText=The class 'MergeSort' does not implement the interface 'SortStrategy' as expected. Implement the interface and its methods., hasLongFeedbackText=false, reference=null, credits=0.0, positive=false, type=AUTOMATIC, visibility=ALWAYS, testCase=TestCaseDTO[testName=null, id=166]], FeedbackDTO[id=177, text=null, detailText=The exercise expects a class with the name SortStrategy in the package testpackage. You did not implement the class in the exercise., hasLongFeedbackText=false, reference=null, credits=0.0, positive=false, type=AUTOMATIC, visibility=ALWAYS, testCase=TestCaseDTO[testName=null, id=163]], FeedbackDTO[id=178, text=null, detailText=The class 'BubbleSort' does not implement the interface 'SortStrategy' as expected. Implement the interface and its methods., hasLongFeedbackText=false, reference=null, credits=0.0, positive=false, type=AUTOMATIC, visibility=ALWAYS, testCase=TestCaseDTO[testName=null, id=167]], FeedbackDTO[id=179, text=null, detailText=MergeSort does not sort correctly, hasLongFeedbackText=false, reference=null, credits=0.0, positive=false, type=AUTOMATIC, visibility=ALWAYS, testCase=TestCaseDTO[testName=null, id=172]], FeedbackDTO[id=180, text=null, detailText=The class 'Context' was not found within the submission. Make sure to implement it properly., hasLongFeedbackText=false, reference=null, credits=0.0, positive=false, type=AUTOMATIC, visibility=ALWAYS, testCase=TestCaseDTO[testName=null, id=173]], FeedbackDTO[id=181, text=null, detailText=The class 'Context' was not found within the submission. Make sure to implement it properly., hasLongFeedbackText=false, reference=null, credits=0.0, positive=false, type=AUTOMATIC, visibility=ALWAYS, testCase=TestCaseDTO[testName=null, id=174]], FeedbackDTO[id=182, text=null, detailText=The exercise expects a class with the name Policy in the package testpackage. You did not implement the class in the exercise., hasLongFeedbackText=false, reference=null, credits=0.0, positive=false, type=AUTOMATIC, visibility=ALWAYS, testCase=TestCaseDTO[testName=null, id=168]], FeedbackDTO[id=183, text=null, detailText=The exercise expects a class with the name Context in the package testpackage. You did not implement the class in the exercise., hasLongFeedbackText=false, reference=null, credits=0.0, positive=false, type=AUTOMATIC, visibility=ALWAYS, testCase=TestCaseDTO[testName=null, id=164]], FeedbackDTO[id=184, text=null, detailText=The exercise expects a class with the name Policy in the package testpackage. You did not implement the class in the exercise., hasLongFeedbackText=false, reference=null, credits=0.0, positive=false, type=AUTOMATIC, visibility=ALWAYS, testCase=TestCaseDTO[testName=null, id=165]], FeedbackDTO[id=185, text=null, detailText=null, hasLongFeedbackText=false, reference=null, credits=3.230769230769231, positive=true, type=AUTOMATIC, visibility=ALWAYS, testCase=TestCaseDTO[testName=null, id=175]]], assessmentType=AUTOMATIC, hasComplaint=null, exampleResult=null, testCaseCount=13, passedTestCaseCount=1, codeIssueCount=0]], BuildJobQueueItem[id=5001739576601035, name=SHORT582B1BDC0A17704D6D0A46800FC19163DA47TSTEXC-LOCALCIINTSTUDENT1, buildAgent=BuildAgentDTO[name=artemis-build-agent-test, memberAddress=[127.0.0.1]:5703, displayName=artemis-build-agent-test], participationId=500, courseId=160, exerciseId=311, retryCount=0, priority=2, status=SUCCESSFUL, repositoryInfo=RepositoryInfo[repositoryName=short582b1bdc0a17704d6d0a46800fc19163da47tstexc-localciintstudent1, repositoryType=user, triggeredByPushTo=user, assignmentRepositoryUri=http://localhost:49152/git/SHORT582B1BDC0A17704D6D0A46800FC19163DA47TSTEXC/short582b1bdc0a17704d6d0a46800fc19163da47tstexc-localciintstudent1.git, testRepositoryUri=http://localhost:49152/git/SHORT582B1BDC0A17704D6D0A46800FC19163DA47TSTEXC/short582b1bdc0a17704d6d0a46800fc19163da47tstexc-tests.git, solutionRepositoryUri=null, auxiliaryRepositoryUris=[Ljava.lang.String;@303b0f71, auxiliaryRepositoryCheckoutDirectories=[Ljava.lang.String;@42c7cc05], jobTimingInfo=JobTimingInfo[submissionDate=2025-02-14T23:43:21.035120760Z[Etc/UTC], buildStartDate=2025-02-14T23:43:21.040320383Z[Etc/UTC], buildCompletionDate=2025-02-14T23:43:22.581236903Z[Etc/UTC], estimatedCompletionDate=2025-02-14T23:43:40.040312057Z[Etc/UTC], estimatedDuration=19], buildConfig=BuildConfig[buildScript=#!/bin/bash
cd /var/tmp/testing-dir
chmod +x ./gradlew
./gradlew clean test
, dockerImage=dummy-docker-image:latest, commitHashToBuild=887566cf754016f986627cf5c5c365dea16c907f, assignmentCommitHash=887566cf754016f986627cf5c5c365dea16c907f, testCommitHash=6af67146332066e7430917928a4b9b81c43b7c71, branch=main, programmingLanguage=JAVA, projectType=PLAIN_GRADLE, scaEnabled=false, sequentialTestRunsEnabled=false, resultPaths=[/var/tmp/testing-dir/**/test-results/test/*.xml], timeoutSeconds=0, assignmentCheckoutPath=customAssignmentPath, testCheckoutPath=null, solutionCheckoutPath=null, dockerRunConfig=null], submissionResult=ResultDTO[id=143, completionDate=2025-02-14T23:43:22.538158998Z[Etc/UTC], successful=false, score=7.7, rated=true, submission=SubmissionDTO[id=132, submitted=true, type=MANUAL, exampleSubmission=null, submissionDate=2025-02-14T23:43:21.028930Z, commitHash=887566cf754016f986627cf5c5c365dea16c907f, buildFailed=false, buildArtifact=false, participation=ParticipationDTO[id=500, testRun=false, type=programming, submissionCount=null, exercise=ParticipationExerciseDTO[id=311, exerciseType=PROGRAMMING, type=programming, assessmentType=AUTOMATIC, dueDate=2025-02-16T23:43:20.897280Z, assessmentDueDate=null, maxPoints=42.0, course=CourseDTO[id=160, accuracyOfScores=1]]], submissionExerciseType=programming, isProcessing=false, buildStartDate=null, estimatedCompletionDate=null], participation=ParticipationDTO[id=500, testRun=false, type=programming, submissionCount=null, exercise=ParticipationExerciseDTO[id=311, exerciseType=PROGRAMMING, type=programming, assessmentType=AUTOMATIC, dueDate=2025-02-16T23:43:20.897280Z, assessmentDueDate=null, maxPoints=42.0, course=CourseDTO[id=160, accuracyOfScores=1]]], feedbacks=[FeedbackDTO[id=186, text=null, detailText=The exercise expects a class with the name Context in the package testpackage. You did not implement the class in the exercise., hasLongFeedbackText=false, reference=null, credits=0.0, positive=false, type=AUTOMATIC, visibility=ALWAYS, testCase=TestCaseDTO[testName=null, id=182]], FeedbackDTO[id=187, text=null, detailText=The exercise expects a class with the name Policy in the package testpackage. You did not implement the class in the exercise., hasLongFeedbackText=false, reference=null, credits=0.0, positive=false, type=AUTOMATIC, visibility=ALWAYS, testCase=TestCaseDTO[testName=null, id=183]], FeedbackDTO[id=188, text=null, detailText=The exercise expects a class with the name SortStrategy in the package testpackage. You did not implement the class in the exercise., hasLongFeedbackText=false, reference=null, credits=0.0, positive=false, type=AUTOMATIC, visibility=ALWAYS, testCase=TestCaseDTO[testName=null, id=184]], FeedbackDTO[id=189, text=null, detailText=The class 'MergeSort' does not implement the interface 'SortStrategy' as expected. Implement the interface and its methods., hasLongFeedbackText=false, reference=null, credits=0.0, positive=false, type=AUTOMATIC, visibility=ALWAYS, testCase=TestCaseDTO[testName=null, id=179]], FeedbackDTO[id=190, text=null, detailText=The exercise expects a class with the name SortStrategy in the package testpackage. You did not implement the class in the exercise., hasLongFeedbackText=false, reference=null, credits=0.0, positive=false, type=AUTOMATIC, visibility=ALWAYS, testCase=TestCaseDTO[testName=null, id=176]], FeedbackDTO[id=191, text=null, detailText=The class 'BubbleSort' does not implement the interface 'SortStrategy' as expected. Implement the interface and its methods., hasLongFeedbackText=false, reference=null, credits=0.0, positive=false, type=AUTOMATIC, visibility=ALWAYS, testCase=TestCaseDTO[testName=null, id=180]], FeedbackDTO[id=192, text=null, detailText=MergeSort does not sort correctly, hasLongFeedbackText=false, reference=null, credits=0.0, positive=false, type=AUTOMATIC, visibility=ALWAYS, testCase=TestCaseDTO[testName=null, id=185]], FeedbackDTO[id=193, text=null, detailText=The class 'Context' was not found within the submission. Make sure to implement it properly., hasLongFeedbackText=false, reference=null, credits=0.0, positive=false, type=AUTOMATIC, visibility=ALWAYS, testCase=TestCaseDTO[testName=null, id=186]], FeedbackDTO[id=194, text=null, detailText=The class 'Context' was not found within the submission. Make sure to implement it properly., hasLongFeedbackText=false, reference=null, credits=0.0, positive=false, type=AUTOMATIC, visibility=ALWAYS, testCase=TestCaseDTO[testName=null, id=187]], FeedbackDTO[id=195, text=null, detailText=The exercise expects a class with the name Policy in the package testpackage. You did not implement the class in the exercise., hasLongFeedbackText=false, reference=null, credits=0.0, positive=false, type=AUTOMATIC, visibility=ALWAYS, testCase=TestCaseDTO[testName=null, id=181]], FeedbackDTO[id=196, text=null, detailText=The exercise expects a class with the name Context in the package testpackage. You did not implement the class in the exercise., hasLongFeedbackText=false, reference=null, credits=0.0, positive=false, type=AUTOMATIC, visibility=ALWAYS, testCase=TestCaseDTO[testName=null, id=177]], FeedbackDTO[id=197, text=null, detailText=The exercise expects a class with the name Policy in the package testpackage. You did not implement the class in the exercise., hasLongFeedbackText=false, reference=null, credits=0.0, positive=false, type=AUTOMATIC, visibility=ALWAYS, testCase=TestCaseDTO[testName=null, id=178]], FeedbackDTO[id=198, text=null, detailText=null, hasLongFeedbackText=false, reference=null, credits=3.230769230769231, positive=true, type=AUTOMATIC, visibility=ALWAYS, testCase=TestCaseDTO[testName=null, id=188]]], assessmentType=AUTOMATIC, hasComplaint=null, exampleResult=null, testCaseCount=13, passedTestCaseCount=1, codeIssueCount=0]], BuildJobQueueItem[id=5031739576604847, name=SHORT00FA1A240403404C7E097D7007C591BE2AB1TSTEXC-LOCALCIINTSTUDENT1, buildAgent=BuildAgentDTO[name=artemis-build-agent-test, memberAddress=[127.0.0.1]:5703, displayName=artemis-build-agent-test], participationId=503, courseId=161, exerciseId=312, retryCount=0, priority=2, status=FAILED, repositoryInfo=RepositoryInfo[repositoryName=short00fa1a240403404c7e097d7007c591be2ab1tstexc-localciintstudent1, repositoryType=user, triggeredByPushTo=user, assignmentRepositoryUri=http://localhost:49152/git/SHORT00FA1A240403404C7E097D7007C591BE2AB1TSTEXC/short00fa1a240403404c7e097d7007c591be2ab1tstexc-localciintstudent1.git, testRepositoryUri=http://localhost:49152/git/SHORT00FA1A240403404C7E097D7007C591BE2AB1TSTEXC/short00fa1a240403404c7e097d7007c591be2ab1tstexc-tests.git, solutionRepositoryUri=null, auxiliaryRepositoryUris=[Ljava.lang.String;@6989de21, auxiliaryRepositoryCheckoutDirectories=[Ljava.lang.String;@37811196], jobTimingInfo=JobTimingInfo[submissionDate=2025-02-14T23:43:24.847396156Z[Etc/UTC], buildStartDate=2025-02-14T23:43:24.860457211Z[Etc/UTC], buildCompletionDate=2025-02-14T23:43:26.809353681Z[Etc/UTC], estimatedCompletionDate=2025-02-14T23:43:46.860451490Z[Etc/UTC], estimatedDuration=22], buildConfig=BuildConfig[buildScript=#!/bin/bash
cd /var/tmp/testing-dir
chmod +x ./gradlew
./gradlew clean test
, dockerImage=dummy-docker-image:latest, commitHashToBuild=9690714a509af0a98c6790a7e52ee3574c7ef689, assignmentCommitHash=9690714a509af0a98c6790a7e52ee3574c7ef689, testCommitHash=9690714a509af0a98c6790a7e52ee3574c7ef689, branch=main, programmingLanguage=JAVA, projectType=PLAIN_GRADLE, scaEnabled=false, sequentialTestRunsEnabled=false, resultPaths=[/var/tmp/testing-dir/**/test-results/test/*.xml], timeoutSeconds=0, assignmentCheckoutPath=null, testCheckoutPath=null, solutionCheckoutPath=null, dockerRunConfig=null], submissionResult=ResultDTO[id=144, completionDate=2025-02-14T23:43:26.809483684Z[Etc/UTC], successful=false, score=0.0, rated=true, submission=SubmissionDTO[id=133, submitted=true, type=MANUAL, exampleSubmission=null, submissionDate=2025-02-14T23:43:24.841319Z, commitHash=9690714a509af0a98c6790a7e52ee3574c7ef689, buildFailed=true, buildArtifact=false, participation=ParticipationDTO[id=503, testRun=false, type=programming, submissionCount=null, exercise=ParticipationExerciseDTO[id=312, exerciseType=PROGRAMMING, type=programming, assessmentType=AUTOMATIC, dueDate=2025-02-16T23:43:24.571329Z, assessmentDueDate=null, maxPoints=42.0, course=CourseDTO[id=161, accuracyOfScores=1]]], submissionExerciseType=programming, isProcessing=false, buildStartDate=null, estimatedCompletionDate=null], participation=ParticipationDTO[id=503, testRun=false, type=programming, submissionCount=null, exercise=ParticipationExerciseDTO[id=312, exerciseType=PROGRAMMING, type=programming, assessmentType=AUTOMATIC, dueDate=2025-02-16T23:43:24.571329Z, assessmentDueDate=null, maxPoints=42.0, course=CourseDTO[id=161, accuracyOfScores=1]]], feedbacks=[], assessmentType=AUTOMATIC, hasComplaint=null, exampleResult=null, testCaseCount=0, passedTestCaseCount=0, codeIssueCount=0]], BuildJobQueueItem[id=5061739576605250, name=SHORT62C808EE04ECE040740AF7B0CF3AE5F5BEF2TSTEXC-LOCALCIINTSTUDENT1, buildAgent=BuildAgentDTO[name=artemis-build-agent-test, memberAddress=[127.0.0.1]:5703, displayName=artemis-build-agent-test], participationId=506, courseId=162, exerciseId=313, retryCount=0, priority=2, status=SUCCESSFUL, repositoryInfo=RepositoryInfo[repositoryName=short62c808ee04ece040740af7b0cf3ae5f5bef2tstexc-localciintstudent1, repositoryType=user, triggeredByPushTo=user, assignmentRepositoryUri=http://localhost:49152/git/SHORT62C808EE04ECE040740AF7B0CF3AE5F5BEF2TSTEXC/short62c808ee04ece040740af7b0cf3ae5f5bef2tstexc-localciintstudent1.git, testRepositoryUri=http://localhost:49152/git/SHORT62C808EE04ECE040740AF7B0CF3AE5F5BEF2TSTEXC/short62c808ee04ece040740af7b0cf3ae5f5bef2tstexc-tests.git, solutionRepositoryUri=null, auxiliaryRepositoryUris=[Ljava.lang.String;@5f29d090, auxiliaryRepositoryCheckoutDirectories=[Ljava.lang.String;@23f28894], jobTimingInfo=JobTimingInfo[submissionDate=2025-02-14T23:43:25.250749866Z[Etc/UTC], buildStartDate=2025-02-14T23:43:26.820713075Z[Etc/UTC], buildCompletionDate=2025-02-14T23:43:28.304236378Z[Etc/UTC], estimatedCompletionDate=2025-02-14T23:43:45.820704920Z[Etc/UTC], estimatedDuration=19], buildConfig=BuildConfig[buildScript=#!/bin/bash
cd /var/tmp/testing-dir
chmod +x ./gradlew
./gradlew clean test
, dockerImage=dummy-docker-image:latest, commitHashToBuild=993b6f756e3e52a44d0537d4fa3a5d0e0acdbe89, assignmentCommitHash=993b6f756e3e52a44d0537d4fa3a5d0e0acdbe89, testCommitHash=993b6f756e3e52a44d0537d4fa3a5d0e0acdbe89, branch=main, programmingLanguage=JAVA, projectType=null, scaEnabled=false, sequentialTestRunsEnabled=false, resultPaths=[/var/tmp/testing-dir/**/test-results/test/*.xml], timeoutSeconds=0, assignmentCheckoutPath=null, testCheckoutPath=null, solutionCheckoutPath=null, dockerRunConfig=null], submissionResult=ResultDTO[id=145, completionDate=2025-02-14T23:43:28.269051286Z[Etc/UTC], successful=false, score=7.7, rated=true, submission=SubmissionDTO[id=134, submitted=true, type=MANUAL, exampleSubmission=null, submissionDate=2025-02-14T23:43:25.241685Z, commitHash=993b6f756e3e52a44d0537d4fa3a5d0e0acdbe89, buildFailed=false, buildArtifact=false, participation=ParticipationDTO[id=506, testRun=false, type=programming, submissionCount=null, exercise=ParticipationExerciseDTO[id=313, exerciseType=PROGRAMMING, type=programming, assessmentType=AUTOMATIC, dueDate=2025-02-16T23:43:24.986721Z, assessmentDueDate=null, maxPoints=42.0, course=CourseDTO[id=162, accuracyOfScores=1]]], submissionExerciseType=programming, isProcessing=false, buildStartDate=null, estimatedCompletionDate=null], participation=ParticipationDTO[id=506, testRun=false, type=programming, submissionCount=null, exercise=ParticipationExerciseDTO[id=313, exerciseType=PROGRAMMING, type=programming, assessmentType=AUTOMATIC, dueDate=2025-02-16T23:43:24.986721Z, assessmentDueDate=null, maxPoints=42.0, course=CourseDTO[id=162, accuracyOfScores=1]]], feedbacks=[FeedbackDTO[id=199, text=null, detailText=The exercise expects a class with the name Context in the package testpackage. You did not implement the class in the exercise., hasLongFeedbackText=false, reference=null, credits=0.0, positive=false, type=AUTOMATIC, visibility=ALWAYS, testCase=TestCaseDTO[testName=null, id=208]], FeedbackDTO[id=200, text=null, detailText=The exercise expects a class with the name Policy in the package testpackage. You did not implement the class in the exercise., hasLongFeedbackText=false, reference=null, credits=0.0, positive=false, type=AUTOMATIC, visibility=ALWAYS, testCase=TestCaseDTO[testName=null, id=209]], FeedbackDTO[id=201, text=null, detailText=The exercise expects a class with the name SortStrategy in the package testpackage. You did not implement the class in the exercise., hasLongFeedbackText=false, reference=null, credits=0.0, positive=false, type=AUTOMATIC, visibility=ALWAYS, testCase=TestCaseDTO[testName=null, id=210]], FeedbackDTO[id=202, text=null, detailText=The class 'MergeSort' does not implement the interface 'SortStrategy' as expected. Implement the interface and its methods., hasLongFeedbackText=false, reference=null, credits=0.0, positive=false, type=AUTOMATIC, visibility=ALWAYS, testCase=TestCaseDTO[testName=null, id=205]], FeedbackDTO[id=203, text=null, detailText=The exercise expects a class with the name SortStrategy in the package testpackage. You did not implement the class in the exercise., hasLongFeedbackText=false, reference=null, credits=0.0, positive=false, type=AUTOMATIC, visibility=ALWAYS, testCase=TestCaseDTO[testName=null, id=202]], FeedbackDTO[id=204, text=null, detailText=The class 'BubbleSort' does not implement the interface 'SortStrategy' as expected. Implement the interface and its methods., hasLongFeedbackText=false, reference=null, credits=0.0, positive=false, type=AUTOMATIC, visibility=ALWAYS, testCase=TestCaseDTO[testName=null, id=206]], FeedbackDTO[id=205, text=null, detailText=MergeSort does not sort correctly, hasLongFeedbackText=false, reference=null, credits=0.0, positive=false, type=AUTOMATIC, visibility=ALWAYS, testCase=TestCaseDTO[testName=null, id=211]], FeedbackDTO[id=206, text=null, detailText=The class 'Context' was not found within the submission. Make sure to implement it properly., hasLongFeedbackText=false, reference=null, credits=0.0, positive=false, type=AUTOMATIC, visibility=ALWAYS, testCase=TestCaseDTO[testName=null, id=212]], FeedbackDTO[id=207, text=null, detailText=The class 'Context' was not found within the submission. Make sure to implement it properly., hasLongFeedbackText=false, reference=null, credits=0.0, positive=false, type=AUTOMATIC, visibility=ALWAYS, testCase=TestCaseDTO[testName=null, id=213]], FeedbackDTO[id=208, text=null, detailText=The exercise expects a class with the name Policy in the package testpackage. You did not implement the class in the exercise., hasLongFeedbackText=false, reference=null, credits=0.0, positive=false, type=AUTOMATIC, visibility=ALWAYS, testCase=TestCaseDTO[testName=null, id=207]], FeedbackDTO[id=209, text=null, detailText=The exercise expects a class with the name Context in the package testpackage. You did not implement the class in the exercise., hasLongFeedbackText=false, reference=null, credits=0.0, positive=false, type=AUTOMATIC, visibility=ALWAYS, testCase=TestCaseDTO[testName=null, id=203]], FeedbackDTO[id=210, text=null, detailText=The exercise expects a class with the name Policy in the package testpackage. You did not implement the class in the exercise., hasLongFeedbackText=false, reference=null, credits=0.0, positive=false, type=AUTOMATIC, visibility=ALWAYS, testCase=TestCaseDTO[testName=null, id=204]], FeedbackDTO[id=211, text=null, detailText=null, hasLongFeedbackText=false, reference=null, credits=3.230769230769231, positive=true, type=AUTOMATIC, visibility=ALWAYS, testCase=TestCaseDTO[testName=null, id=214]]], assessmentType=AUTOMATIC, hasComplaint=null, exampleResult=null, testCaseCount=13, passedTestCaseCount=1, codeIssueCount=0]], BuildJobQueueItem[id=5121739576609302, name=SHORT3D739532080B804BC608BDA0F7816DDB4316TSTEXC-LOCALCIINTSTUDENT1, buildAgent=BuildAgentDTO[name=artemis-build-agent-test, memberAddress=[127.0.0.1]:5703, displayName=artemis-build-agent-test], participationId=512, courseId=164, exerciseId=315, retryCount=0, priority=2, status=SUCCESSFUL, repositoryInfo=RepositoryInfo[repositoryName=short3d739532080b804bc608bda0f7816ddb4316tstexc-localciintstudent1, repositoryType=user, triggeredByPushTo=user, assignmentRepositoryUri=http://localhost:49152/git/SHORT3D739532080B804BC608BDA0F7816DDB4316TSTEXC/short3d739532080b804bc608bda0f7816ddb4316tstexc-localciintstudent1.git, testRepositoryUri=http://localhost:49152/git/SHORT3D739532080B804BC608BDA0F7816DDB4316TSTEXC/short3d739532080b804bc608bda0f7816ddb4316tstexc-tests.git, solutionRepositoryUri=null, auxiliaryRepositoryUris=[Ljava.lang.String;@42d321d, auxiliaryRepositoryCheckoutDirectories=[Ljava.lang.String;@3b1f9eaf], jobTimingInfo=JobTimingInfo[submissionDate=2025-02-14T23:43:29.302618463Z[Etc/UTC], buildStartDate=2025-02-14T23:43:29.307985701Z[Etc/UTC], buildCompletionDate=2025-02-14T23:43:30.717961572Z[Etc/UTC], estimatedCompletionDate=2025-02-14T23:43:48.307979980Z[Etc/UTC], estimatedDuration=19], buildConfig=BuildConfig[buildScript=#!/bin/bash
cd /var/tmp/testing-dir
chmod +x ./gradlew
./gradlew clean test
, dockerImage=dummy-docker-image:latest, commitHashToBuild=71f54bdf5e0f9c98936e24a4638fd2ffcf966edd, assignmentCommitHash=71f54bdf5e0f9c98936e24a4638fd2ffcf966edd, testCommitHash=71f54bdf5e0f9c98936e24a4638fd2ffcf966edd, branch=main, programmingLanguage=JAVA, projectType=PLAIN_GRADLE, scaEnabled=false, sequentialTestRunsEnabled=false, resultPaths=[/var/tmp/testing-dir/**/test-results/test/*.xml], timeoutSeconds=0, assignmentCheckoutPath=null, testCheckoutPath=null, solutionCheckoutPath=null, dockerRunConfig=null], submissionResult=ResultDTO[id=146, completionDate=2025-02-14T23:43:30.706391245Z[Etc/UTC], successful=false, score=0.0, rated=true, submission=SubmissionDTO[id=135, submitted=true, type=MANUAL, exampleSubmission=null, submissionDate=2025-02-14T23:43:29.291920Z, commitHash=71f54bdf5e0f9c98936e24a4638fd2ffcf966edd, buildFailed=true, buildArtifact=false, participation=ParticipationDTO[id=512, testRun=false, type=programming, submissionCount=null, exercise=ParticipationExerciseDTO[id=315, exerciseType=PROGRAMMING, type=programming, assessmentType=AUTOMATIC, dueDate=2025-02-16T23:43:29.183823Z, assessmentDueDate=null, maxPoints=42.0, course=CourseDTO[id=164, accuracyOfScores=1]]], submissionExerciseType=programming, isProcessing=false, buildStartDate=null, estimatedCompletionDate=null], participation=ParticipationDTO[id=512, testRun=false, type=programming, submissionCount=null, exercise=ParticipationExerciseDTO[id=315, exerciseType=PROGRAMMING, type=programming, assessmentType=AUTOMATIC, dueDate=2025-02-16T23:43:29.183823Z, assessmentDueDate=null, maxPoints=42.0, course=CourseDTO[id=164, accuracyOfScores=1]]], feedbacks=[], assessmentType=AUTOMATIC, hasComplaint=null, exampleResult=null, testCaseCount=0, passedTestCaseCount=0, codeIssueCount=0]], BuildJobQueueItem[id=17441739576693929, name=SHORT1433D0160BE1D048240B38F04F231AEE650FTSTEXC-SOLUTION, buildAgent=BuildAgentDTO[name=artemis-build-agent-test, memberAddress=[127.0.0.1]:5703, displayName=artemis-build-agent-test], participationId=1744, courseId=871, exerciseId=2446, retryCount=0, priority=2, status=FAILED, repositoryInfo=RepositoryInfo[repositoryName=short1433d0160be1d048240b38f04f231aee650ftstexc-solution, repositoryType=solution, triggeredByPushTo=solution, assignmentRepositoryUri=http://localhost:49152/git/SHORT1433D0160BE1D048240B38F04F231AEE650FTSTEXC/short1433d0160be1d048240b38f04f231aee650ftstexc-solution.git, testRepositoryUri=http://nadnasidni.tum/scm/SHORT1433D0160BE1D048240B38F04F231AEE650FTSTEXC/SHORT1433D0160BE1D048240B38F04F231AEE650FTSTEXC-tests.git, solutionRepositoryUri=null, auxiliaryRepositoryUris=[Ljava.lang.String;@2a23640c, auxiliaryRepositoryCheckoutDirectories=[Ljava.lang.String;@1da2eff4], jobTimingInfo=JobTimingInfo[submissionDate=2025-02-14T23:44:53.929193408Z[Etc/UTC], buildStartDate=2025-02-14T23:44:53.935912198Z[Etc/UTC], buildCompletionDate=2025-02-14T23:44:54.304976027Z[Etc/UTC], estimatedCompletionDate=2025-02-14T23:45:12.935900175Z[Etc/UTC], estimatedDuration=19], buildConfig=BuildConfig[buildScript=#!/bin/bash
cd /var/tmp/testing-dir
mvn clean test
, dockerImage=dummy-docker-image, commitHashToBuild=null, assignmentCommitHash=9b3a9bd71a0d80e5bbc42204c319ed3d1d4f0d6d, testCommitHash=9b3a9bd71a0d80e5bbc42204c319ed3d1d4f0d6d, branch=main, programmingLanguage=JAVA, projectType=PLAIN_MAVEN, scaEnabled=false, sequentialTestRunsEnabled=false, resultPaths=[/var/tmp/testing-dir/**/target/surefire-reports/*.xml], timeoutSeconds=0, assignmentCheckoutPath=null, testCheckoutPath=null, solutionCheckoutPath=null, dockerRunConfig=null], submissionResult=null]], publicSshKey=ssh-rsa AAAAB3NzaC1yc2EAAAADAQABAAACAQCOPdMsxRE2jFJ/UEa5/LsBxtwzJcrh3/rYBCQvcMeVpiRfhzQPWu7mrt/G2Ew+i+vRloGH9aqKg6dd1liRncao53Zmd/ePxoatXePNhmzTfkCkcSkTUz7B+QMjkoDDV5jwuFPD6mF3JkhuzSi64n9Zy905t4w2IhVcjM2mL3eYNjiCXt6Qpq3Pkt7dM/Ksw1nxnvuiIALuJLB3FTkXkHqq3PJav+9HSq2r6ZaWgekneaGxlQlb+U+Vy3XOuArKAzK8c8i+0bR+AHiTG6ncYXt7ax3U+TdlDTF7OLP3umwaYjs1NBXOHwG42pevvpKn2fqavZZozk+M05jXLx3bq0O7itxfErWc7etky8qYPyyIMF/txQIVLd78+Ze4d7Y60t5MGbXM5cGE6fFif5fEJwgswXD+BrG0cafz1CTatjSKFdvp8Vp4VszXhHDan1PrP6JEFJ5Cc5GDmLRZPCFa3vL9f5qXgf4bkqKN8MYeEujwJE5nMRWoiJVNakix2bcrrneQMBlnYeYZVWXXXUusAQBzl4NgddC1umZpihZkL1b1MffZAUW3EGEXi7KHnllQhkTLLsQ8ntMgbylqaJKStqaXlLvdeRJcEnUuiFCrHEVVbXRFZR7XVDZ02CE5o3MuaRPty8Kh+jRTF3COlAckHwYEJCNNJvXFgb2CNXL4mjzYDw== test@localhost]
    23:44:55.515 | 566 localvc.event-13 | DEBUG | s.l.LocalCIWebsocketMessagingService : Sending message on topic /topic/admin/build-agents: [BuildAgentInformation[buildAgent=BuildAgentDTO[name=artemis-build-agent-test, memberAddress=[127.0.0.1]:5703, displayName=artemis-build-agent-test], maxNumberOfConcurrentBuildJobs=1, numberOfCurrentBuildJobs=0, runningBuildJobs=[], status=IDLE, recentBuildJobs=null, publicSshKey=null]]
    23:44:55.518 | 566 localvc.event-13 | DEBUG | s.l.LocalCIWebsocketMessagingService : Sending message on topic /topic/admin/build-agent/artemis-build-agent-test: BuildAgentInformation[buildAgent=BuildAgentDTO[name=artemis-build-agent-test, memberAddress=[127.0.0.1]:5703, displayName=artemis-build-agent-test], maxNumberOfConcurrentBuildJobs=1, numberOfCurrentBuildJobs=0, runningBuildJobs=[], status=IDLE, recentBuildJobs=[BuildJobQueueItem[id=4941739576597286, name=SHORTFBCBD7BF0E6EB0451A080E80FCB407DC1F12TSTEXC-LOCALCIINTSTUDENT1, buildAgent=BuildAgentDTO[name=artemis-build-agent-test, memberAddress=[127.0.0.1]:5703, displayName=artemis-build-agent-test], participationId=494, courseId=158, exerciseId=309, retryCount=0, priority=2, status=SUCCESSFUL, repositoryInfo=RepositoryInfo[repositoryName=shortfbcbd7bf0e6eb0451a080e80fcb407dc1f12tstexc-localciintstudent1, repositoryType=user, triggeredByPushTo=user, assignmentRepositoryUri=http://localhost:49152/git/SHORTFBCBD7BF0E6EB0451A080E80FCB407DC1F12TSTEXC/shortfbcbd7bf0e6eb0451a080e80fcb407dc1f12tstexc-localciintstudent1.git, testRepositoryUri=http://localhost:49152/git/SHORTFBCBD7BF0E6EB0451A080E80FCB407DC1F12TSTEXC/shortfbcbd7bf0e6eb0451a080e80fcb407dc1f12tstexc-tests.git, solutionRepositoryUri=null, auxiliaryRepositoryUris=[Ljava.lang.String;@6ed8823, auxiliaryRepositoryCheckoutDirectories=[Ljava.lang.String;@cba0a45], jobTimingInfo=JobTimingInfo[submissionDate=2025-02-14T23:43:17.286977233Z[Etc/UTC], buildStartDate=2025-02-14T23:43:17.293977347Z[Etc/UTC], buildCompletionDate=2025-02-14T23:43:18.740990762Z[Etc/UTC], estimatedCompletionDate=2025-02-14T23:43:36.293970494Z[Etc/UTC], estimatedDuration=19], buildConfig=BuildConfig[buildScript=#!/bin/bash
cd /var/tmp/testing-dir
chmod +x ./gradlew
./gradlew clean test
, dockerImage=dummy-docker-image:latest, commitHashToBuild=4a1af7e8a64e6505c5fc09b9f81ea41af9fcff44, assignmentCommitHash=4a1af7e8a64e6505c5fc09b9f81ea41af9fcff44, testCommitHash=4a1af7e8a64e6505c5fc09b9f81ea41af9fcff44, branch=main, programmingLanguage=JAVA, projectType=PLAIN_GRADLE, scaEnabled=false, sequentialTestRunsEnabled=false, resultPaths=[/var/tmp/testing-dir/**/test-results/test/*.xml], timeoutSeconds=0, assignmentCheckoutPath=null, testCheckoutPath=null, solutionCheckoutPath=null, dockerRunConfig=null], submissionResult=ResultDTO[id=141, completionDate=2025-02-14T23:43:18.729015138Z[Etc/UTC], successful=false, score=0.0, rated=true, submission=SubmissionDTO[id=130, submitted=true, type=MANUAL, exampleSubmission=null, submissionDate=2025-02-14T23:43:17.272936Z, commitHash=4a1af7e8a64e6505c5fc09b9f81ea41af9fcff44, buildFailed=true, buildArtifact=false, participation=ParticipationDTO[id=494, testRun=false, type=programming, submissionCount=null, exercise=ParticipationExerciseDTO[id=309, exerciseType=PROGRAMMING, type=programming, assessmentType=AUTOMATIC, dueDate=2025-02-16T23:43:17.147218Z, assessmentDueDate=null, maxPoints=42.0, course=CourseDTO[id=158, accuracyOfScores=1]]], submissionExerciseType=programming, isProcessing=false, buildStartDate=null, estimatedCompletionDate=null], participation=ParticipationDTO[id=494, testRun=false, type=programming, submissionCount=null, exercise=ParticipationExerciseDTO[id=309, exerciseType=PROGRAMMING, type=programming, assessmentType=AUTOMATIC, dueDate=2025-02-16T23:43:17.147218Z, assessmentDueDate=null, maxPoints=42.0, course=CourseDTO[id=158, accuracyOfScores=1]]], feedbacks=[], assessmentType=AUTOMATIC, hasComplaint=null, exampleResult=null, testCaseCount=0, passedTestCaseCount=0, codeIssueCount=0]], BuildJobQueueItem[id=4971739576599269, name=SHORT52AD57270517204728083260501A19D262D1TSTEXC-LOCALCIINTSTUDENT1, buildAgent=BuildAgentDTO[name=artemis-build-agent-test, memberAddress=[127.0.0.1]:5703, displayName=artemis-build-agent-test], participationId=497, courseId=159, exerciseId=310, retryCount=0, priority=2, status=SUCCESSFUL, repositoryInfo=RepositoryInfo[repositoryName=short52ad57270517204728083260501a19d262d1tstexc-localciintstudent1, repositoryType=user, triggeredByPushTo=user, assignmentRepositoryUri=http://localhost:49152/git/SHORT52AD57270517204728083260501A19D262D1TSTEXC/short52ad57270517204728083260501a19d262d1tstexc-localciintstudent1.git, testRepositoryUri=http://localhost:49152/git/SHORT52AD57270517204728083260501A19D262D1TSTEXC/short52ad57270517204728083260501a19d262d1tstexc-tests.git, solutionRepositoryUri=null, auxiliaryRepositoryUris=[Ljava.lang.String;@687006f6, auxiliaryRepositoryCheckoutDirectories=[Ljava.lang.String;@23aa93b1], jobTimingInfo=JobTimingInfo[submissionDate=2025-02-14T23:43:19.269997499Z[Etc/UTC], buildStartDate=2025-02-14T23:43:19.277325895Z[Etc/UTC], buildCompletionDate=2025-02-14T23:43:20.497391524Z[Etc/UTC], estimatedCompletionDate=2025-02-14T23:43:38.277310787Z[Etc/UTC], estimatedDuration=19], buildConfig=BuildConfig[buildScript=#!/bin/bash
cd /var/tmp/testing-dir
chmod +x ./gradlew
./gradlew clean test
, dockerImage=dummy-docker-image:latest, commitHashToBuild=9f4f76247a188e9a0f3516a9fbd60e829d53fb05, assignmentCommitHash=9f4f76247a188e9a0f3516a9fbd60e829d53fb05, testCommitHash=9f4f76247a188e9a0f3516a9fbd60e829d53fb05, branch=main, programmingLanguage=JAVA, projectType=PLAIN_GRADLE, scaEnabled=false, sequentialTestRunsEnabled=false, resultPaths=[/var/tmp/testing-dir/**/test-results/test/*.xml], timeoutSeconds=0, assignmentCheckoutPath=null, testCheckoutPath=null, solutionCheckoutPath=null, dockerRunConfig=null], submissionResult=ResultDTO[id=142, completionDate=2025-02-14T23:43:20.484244187Z[Etc/UTC], successful=false, score=7.7, rated=true, submission=SubmissionDTO[id=131, submitted=true, type=MANUAL, exampleSubmission=null, submissionDate=2025-02-14T23:43:19.265464Z, commitHash=9f4f76247a188e9a0f3516a9fbd60e829d53fb05, buildFailed=false, buildArtifact=false, participation=ParticipationDTO[id=497, testRun=false, type=programming, submissionCount=null, exercise=ParticipationExerciseDTO[id=310, exerciseType=PROGRAMMING, type=programming, assessmentType=AUTOMATIC, dueDate=2025-02-16T23:43:19.182228Z, assessmentDueDate=null, maxPoints=42.0, course=CourseDTO[id=159, accuracyOfScores=1]]], submissionExerciseType=programming, isProcessing=false, buildStartDate=null, estimatedCompletionDate=null], participation=ParticipationDTO[id=497, testRun=false, type=programming, submissionCount=null, exercise=ParticipationExerciseDTO[id=310, exerciseType=PROGRAMMING, type=programming, assessmentType=AUTOMATIC, dueDate=2025-02-16T23:43:19.182228Z, assessmentDueDate=null, maxPoints=42.0, course=CourseDTO[id=159, accuracyOfScores=1]]], feedbacks=[FeedbackDTO[id=173, text=null, detailText=The exercise expects a class with the name Context in the package testpackage. You did not implement the class in the exercise., hasLongFeedbackText=false, reference=null, credits=0.0, positive=false, type=AUTOMATIC, visibility=ALWAYS, testCase=TestCaseDTO[testName=null, id=169]], FeedbackDTO[id=174, text=null, detailText=The exercise expects a class with the name Policy in the package testpackage. You did not implement the class in the exercise., hasLongFeedbackText=false, reference=null, credits=0.0, positive=false, type=AUTOMATIC, visibility=ALWAYS, testCase=TestCaseDTO[testName=null, id=170]], FeedbackDTO[id=175, text=null, detailText=The exercise expects a class with the name SortStrategy in the package testpackage. You did not implement the class in the exercise., hasLongFeedbackText=false, reference=null, credits=0.0, positive=false, type=AUTOMATIC, visibility=ALWAYS, testCase=TestCaseDTO[testName=null, id=171]], FeedbackDTO[id=176, text=null, detailText=The class 'MergeSort' does not implement the interface 'SortStrategy' as expected. Implement the interface and its methods., hasLongFeedbackText=false, reference=null, credits=0.0, positive=false, type=AUTOMATIC, visibility=ALWAYS, testCase=TestCaseDTO[testName=null, id=166]], FeedbackDTO[id=177, text=null, detailText=The exercise expects a class with the name SortStrategy in the package testpackage. You did not implement the class in the exercise., hasLongFeedbackText=false, reference=null, credits=0.0, positive=false, type=AUTOMATIC, visibility=ALWAYS, testCase=TestCaseDTO[testName=null, id=163]], FeedbackDTO[id=178, text=null, detailText=The class 'BubbleSort' does not implement the interface 'SortStrategy' as expected. Implement the interface and its methods., hasLongFeedbackText=false, reference=null, credits=0.0, positive=false, type=AUTOMATIC, visibility=ALWAYS, testCase=TestCaseDTO[testName=null, id=167]], FeedbackDTO[id=179, text=null, detailText=MergeSort does not sort correctly, hasLongFeedbackText=false, reference=null, credits=0.0, positive=false, type=AUTOMATIC, visibility=ALWAYS, testCase=TestCaseDTO[testName=null, id=172]], FeedbackDTO[id=180, text=null, detailText=The class 'Context' was not found within the submission. Make sure to implement it properly., hasLongFeedbackText=false, reference=null, credits=0.0, positive=false, type=AUTOMATIC, visibility=ALWAYS, testCase=TestCaseDTO[testName=null, id=173]], FeedbackDTO[id=181, text=null, detailText=The class 'Context' was not found within the submission. Make sure to implement it properly., hasLongFeedbackText=false, reference=null, credits=0.0, positive=false, type=AUTOMATIC, visibility=ALWAYS, testCase=TestCaseDTO[testName=null, id=174]], FeedbackDTO[id=182, text=null, detailText=The exercise expects a class with the name Policy in the package testpackage. You did not implement the class in the exercise., hasLongFeedbackText=false, reference=null, credits=0.0, positive=false, type=AUTOMATIC, visibility=ALWAYS, testCase=TestCaseDTO[testName=null, id=168]], FeedbackDTO[id=183, text=null, detailText=The exercise expects a class with the name Context in the package testpackage. You did not implement the class in the exercise., hasLongFeedbackText=false, reference=null, credits=0.0, positive=false, type=AUTOMATIC, visibility=ALWAYS, testCase=TestCaseDTO[testName=null, id=164]], FeedbackDTO[id=184, text=null, detailText=The exercise expects a class with the name Policy in the package testpackage. You did not implement the class in the exercise., hasLongFeedbackText=false, reference=null, credits=0.0, positive=false, type=AUTOMATIC, visibility=ALWAYS, testCase=TestCaseDTO[testName=null, id=165]], FeedbackDTO[id=185, text=null, detailText=null, hasLongFeedbackText=false, reference=null, credits=3.230769230769231, positive=true, type=AUTOMATIC, visibility=ALWAYS, testCase=TestCaseDTO[testName=null, id=175]]], assessmentType=AUTOMATIC, hasComplaint=null, exampleResult=null, testCaseCount=13, passedTestCaseCount=1, codeIssueCount=0]], BuildJobQueueItem[id=5001739576601035, name=SHORT582B1BDC0A17704D6D0A46800FC19163DA47TSTEXC-LOCALCIINTSTUDENT1, buildAgent=BuildAgentDTO[name=artemis-build-agent-test, memberAddress=[127.0.0.1]:5703, displayName=artemis-build-agent-test], participationId=500, courseId=160, exerciseId=311, retryCount=0, priority=2, status=SUCCESSFUL, repositoryInfo=RepositoryInfo[repositoryName=short582b1bdc0a17704d6d0a46800fc19163da47tstexc-localciintstudent1, repositoryType=user, triggeredByPushTo=user, assignmentRepositoryUri=http://localhost:49152/git/SHORT582B1BDC0A17704D6D0A46800FC19163DA47TSTEXC/short582b1bdc0a17704d6d0a46800fc19163da47tstexc-localciintstudent1.git, testRepositoryUri=http://localhost:49152/git/SHORT582B1BDC0A17704D6D0A46800FC19163DA47TSTEXC/short582b1bdc0a17704d6d0a46800fc19163da47tstexc-tests.git, solutionRepositoryUri=null, auxiliaryRepositoryUris=[Ljava.lang.String;@49ecbb77, auxiliaryRepositoryCheckoutDirectories=[Ljava.lang.String;@15d8782d], jobTimingInfo=JobTimingInfo[submissionDate=2025-02-14T23:43:21.035120760Z[Etc/UTC], buildStartDate=2025-02-14T23:43:21.040320383Z[Etc/UTC], buildCompletionDate=2025-02-14T23:43:22.581236903Z[Etc/UTC], estimatedCompletionDate=2025-02-14T23:43:40.040312057Z[Etc/UTC], estimatedDuration=19], buildConfig=BuildConfig[buildScript=#!/bin/bash
cd /var/tmp/testing-dir
chmod +x ./gradlew
./gradlew clean test
, dockerImage=dummy-docker-image:latest, commitHashToBuild=887566cf754016f986627cf5c5c365dea16c907f, assignmentCommitHash=887566cf754016f986627cf5c5c365dea16c907f, testCommitHash=6af67146332066e7430917928a4b9b81c43b7c71, branch=main, programmingLanguage=JAVA, projectType=PLAIN_GRADLE, scaEnabled=false, sequentialTestRunsEnabled=false, resultPaths=[/var/tmp/testing-dir/**/test-results/test/*.xml], timeoutSeconds=0, assignmentCheckoutPath=customAssignmentPath, testCheckoutPath=null, solutionCheckoutPath=null, dockerRunConfig=null], submissionResult=ResultDTO[id=143, completionDate=2025-02-14T23:43:22.538158998Z[Etc/UTC], successful=false, score=7.7, rated=true, submission=SubmissionDTO[id=132, submitted=true, type=MANUAL, exampleSubmission=null, submissionDate=2025-02-14T23:43:21.028930Z, commitHash=887566cf754016f986627cf5c5c365dea16c907f, buildFailed=false, buildArtifact=false, participation=ParticipationDTO[id=500, testRun=false, type=programming, submissionCount=null, exercise=ParticipationExerciseDTO[id=311, exerciseType=PROGRAMMING, type=programming, assessmentType=AUTOMATIC, dueDate=2025-02-16T23:43:20.897280Z, assessmentDueDate=null, maxPoints=42.0, course=CourseDTO[id=160, accuracyOfScores=1]]], submissionExerciseType=programming, isProcessing=false, buildStartDate=null, estimatedCompletionDate=null], participation=ParticipationDTO[id=500, testRun=false, type=programming, submissionCount=null, exercise=ParticipationExerciseDTO[id=311, exerciseType=PROGRAMMING, type=programming, assessmentType=AUTOMATIC, dueDate=2025-02-16T23:43:20.897280Z, assessmentDueDate=null, maxPoints=42.0, course=CourseDTO[id=160, accuracyOfScores=1]]], feedbacks=[FeedbackDTO[id=186, text=null, detailText=The exercise expects a class with the name Context in the package testpackage. You did not implement the class in the exercise., hasLongFeedbackText=false, reference=null, credits=0.0, positive=false, type=AUTOMATIC, visibility=ALWAYS, testCase=TestCaseDTO[testName=null, id=182]], FeedbackDTO[id=187, text=null, detailText=The exercise expects a class with the name Policy in the package testpackage. You did not implement the class in the exercise., hasLongFeedbackText=false, reference=null, credits=0.0, positive=false, type=AUTOMATIC, visibility=ALWAYS, testCase=TestCaseDTO[testName=null, id=183]], FeedbackDTO[id=188, text=null, detailText=The exercise expects a class with the name SortStrategy in the package testpackage. You did not implement the class in the exercise., hasLongFeedbackText=false, reference=null, credits=0.0, positive=false, type=AUTOMATIC, visibility=ALWAYS, testCase=TestCaseDTO[testName=null, id=184]], FeedbackDTO[id=189, text=null, detailText=The class 'MergeSort' does not implement the interface 'SortStrategy' as expected. Implement the interface and its methods., hasLongFeedbackText=false, reference=null, credits=0.0, positive=false, type=AUTOMATIC, visibility=ALWAYS, testCase=TestCaseDTO[testName=null, id=179]], FeedbackDTO[id=190, text=null, detailText=The exercise expects a class with the name SortStrategy in the package testpackage. You did not implement the class in the exercise., hasLongFeedbackText=false, reference=null, credits=0.0, positive=false, type=AUTOMATIC, visibility=ALWAYS, testCase=TestCaseDTO[testName=null, id=176]], FeedbackDTO[id=191, text=null, detailText=The class 'BubbleSort' does not implement the interface 'SortStrategy' as expected. Implement the interface and its methods., hasLongFeedbackText=false, reference=null, credits=0.0, positive=false, type=AUTOMATIC, visibility=ALWAYS, testCase=TestCaseDTO[testName=null, id=180]], FeedbackDTO[id=192, text=null, detailText=MergeSort does not sort correctly, hasLongFeedbackText=false, reference=null, credits=0.0, positive=false, type=AUTOMATIC, visibility=ALWAYS, testCase=TestCaseDTO[testName=null, id=185]], FeedbackDTO[id=193, text=null, detailText=The class 'Context' was not found within the submission. Make sure to implement it properly., hasLongFeedbackText=false, reference=null, credits=0.0, positive=false, type=AUTOMATIC, visibility=ALWAYS, testCase=TestCaseDTO[testName=null, id=186]], FeedbackDTO[id=194, text=null, detailText=The class 'Context' was not found within the submission. Make sure to implement it properly., hasLongFeedbackText=false, reference=null, credits=0.0, positive=false, type=AUTOMATIC, visibility=ALWAYS, testCase=TestCaseDTO[testName=null, id=187]], FeedbackDTO[id=195, text=null, detailText=The exercise expects a class with the name Policy in the package testpackage. You did not implement the class in the exercise., hasLongFeedbackText=false, reference=null, credits=0.0, positive=false, type=AUTOMATIC, visibility=ALWAYS, testCase=TestCaseDTO[testName=null, id=181]], FeedbackDTO[id=196, text=null, detailText=The exercise expects a class with the name Context in the package testpackage. You did not implement the class in the exercise., hasLongFeedbackText=false, reference=null, credits=0.0, positive=false, type=AUTOMATIC, visibility=ALWAYS, testCase=TestCaseDTO[testName=null, id=177]], FeedbackDTO[id=197, text=null, detailText=The exercise expects a class with the name Policy in the package testpackage. You did not implement the class in the exercise., hasLongFeedbackText=false, reference=null, credits=0.0, positive=false, type=AUTOMATIC, visibility=ALWAYS, testCase=TestCaseDTO[testName=null, id=178]], FeedbackDTO[id=198, text=null, detailText=null, hasLongFeedbackText=false, reference=null, credits=3.230769230769231, positive=true, type=AUTOMATIC, visibility=ALWAYS, testCase=TestCaseDTO[testName=null, id=188]]], assessmentType=AUTOMATIC, hasComplaint=null, exampleResult=null, testCaseCount=13, passedTestCaseCount=1, codeIssueCount=0]], BuildJobQueueItem[id=5031739576604847, name=SHORT00FA1A240403404C7E097D7007C591BE2AB1TSTEXC-LOCALCIINTSTUDENT1, buildAgent=BuildAgentDTO[name=artemis-build-agent-test, memberAddress=[127.0.0.1]:5703, displayName=artemis-build-agent-test], participationId=503, courseId=161, exerciseId=312, retryCount=0, priority=2, status=FAILED, repositoryInfo=RepositoryInfo[repositoryName=short00fa1a240403404c7e097d7007c591be2ab1tstexc-localciintstudent1, repositoryType=user, triggeredByPushTo=user, assignmentRepositoryUri=http://localhost:49152/git/SHORT00FA1A240403404C7E097D7007C591BE2AB1TSTEXC/short00fa1a240403404c7e097d7007c591be2ab1tstexc-localciintstudent1.git, testRepositoryUri=http://localhost:49152/git/SHORT00FA1A240403404C7E097D7007C591BE2AB1TSTEXC/short00fa1a240403404c7e097d7007c591be2ab1tstexc-tests.git, solutionRepositoryUri=null, auxiliaryRepositoryUris=[Ljava.lang.String;@7d779bd6, auxiliaryRepositoryCheckoutDirectories=[Ljava.lang.String;@ab7b8d2], jobTimingInfo=JobTimingInfo[submissionDate=2025-02-14T23:43:24.847396156Z[Etc/UTC], buildStartDate=2025-02-14T23:43:24.860457211Z[Etc/UTC], buildCompletionDate=2025-02-14T23:43:26.809353681Z[Etc/UTC], estimatedCompletionDate=2025-02-14T23:43:46.860451490Z[Etc/UTC], estimatedDuration=22], buildConfig=BuildConfig[buildScript=#!/bin/bash
cd /var/tmp/testing-dir
chmod +x ./gradlew
./gradlew clean test
, dockerImage=dummy-docker-image:latest, commitHashToBuild=9690714a509af0a98c6790a7e52ee3574c7ef689, assignmentCommitHash=9690714a509af0a98c6790a7e52ee3574c7ef689, testCommitHash=9690714a509af0a98c6790a7e52ee3574c7ef689, branch=main, programmingLanguage=JAVA, projectType=PLAIN_GRADLE, scaEnabled=false, sequentialTestRunsEnabled=false, resultPaths=[/var/tmp/testing-dir/**/test-results/test/*.xml], timeoutSeconds=0, assignmentCheckoutPath=null, testCheckoutPath=null, solutionCheckoutPath=null, dockerRunConfig=null], submissionResult=ResultDTO[id=144, completionDate=2025-02-14T23:43:26.809483684Z[Etc/UTC], successful=false, score=0.0, rated=true, submission=SubmissionDTO[id=133, submitted=true, type=MANUAL, exampleSubmission=null, submissionDate=2025-02-14T23:43:24.841319Z, commitHash=9690714a509af0a98c6790a7e52ee3574c7ef689, buildFailed=true, buildArtifact=false, participation=ParticipationDTO[id=503, testRun=false, type=programming, submissionCount=null, exercise=ParticipationExerciseDTO[id=312, exerciseType=PROGRAMMING, type=programming, assessmentType=AUTOMATIC, dueDate=2025-02-16T23:43:24.571329Z, assessmentDueDate=null, maxPoints=42.0, course=CourseDTO[id=161, accuracyOfScores=1]]], submissionExerciseType=programming, isProcessing=false, buildStartDate=null, estimatedCompletionDate=null], participation=ParticipationDTO[id=503, testRun=false, type=programming, submissionCount=null, exercise=ParticipationExerciseDTO[id=312, exerciseType=PROGRAMMING, type=programming, assessmentType=AUTOMATIC, dueDate=2025-02-16T23:43:24.571329Z, assessmentDueDate=null, maxPoints=42.0, course=CourseDTO[id=161, accuracyOfScores=1]]], feedbacks=[], assessmentType=AUTOMATIC, hasComplaint=null, exampleResult=null, testCaseCount=0, passedTestCaseCount=0, codeIssueCount=0]], BuildJobQueueItem[id=5061739576605250, name=SHORT62C808EE04ECE040740AF7B0CF3AE5F5BEF2TSTEXC-LOCALCIINTSTUDENT1, buildAgent=BuildAgentDTO[name=artemis-build-agent-test, memberAddress=[127.0.0.1]:5703, displayName=artemis-build-agent-test], participationId=506, courseId=162, exerciseId=313, retryCount=0, priority=2, status=SUCCESSFUL, repositoryInfo=RepositoryInfo[repositoryName=short62c808ee04ece040740af7b0cf3ae5f5bef2tstexc-localciintstudent1, repositoryType=user, triggeredByPushTo=user, assignmentRepositoryUri=http://localhost:49152/git/SHORT62C808EE04ECE040740AF7B0CF3AE5F5BEF2TSTEXC/short62c808ee04ece040740af7b0cf3ae5f5bef2tstexc-localciintstudent1.git, testRepositoryUri=http://localhost:49152/git/SHORT62C808EE04ECE040740AF7B0CF3AE5F5BEF2TSTEXC/short62c808ee04ece040740af7b0cf3ae5f5bef2tstexc-tests.git, solutionRepositoryUri=null, auxiliaryRepositoryUris=[Ljava.lang.String;@26ac9df0, auxiliaryRepositoryCheckoutDirectories=[Ljava.lang.String;@70e38018], jobTimingInfo=JobTimingInfo[submissionDate=2025-02-14T23:43:25.250749866Z[Etc/UTC], buildStartDate=2025-02-14T23:43:26.820713075Z[Etc/UTC], buildCompletionDate=2025-02-14T23:43:28.304236378Z[Etc/UTC], estimatedCompletionDate=2025-02-14T23:43:45.820704920Z[Etc/UTC], estimatedDuration=19], buildConfig=BuildConfig[buildScript=#!/bin/bash
cd /var/tmp/testing-dir
chmod +x ./gradlew
./gradlew clean test
, dockerImage=dummy-docker-image:latest, commitHashToBuild=993b6f756e3e52a44d0537d4fa3a5d0e0acdbe89, assignmentCommitHash=993b6f756e3e52a44d0537d4fa3a5d0e0acdbe89, testCommitHash=993b6f756e3e52a44d0537d4fa3a5d0e0acdbe89, branch=main, programmingLanguage=JAVA, projectType=null, scaEnabled=false, sequentialTestRunsEnabled=false, resultPaths=[/var/tmp/testing-dir/**/test-results/test/*.xml], timeoutSeconds=0, assignmentCheckoutPath=null, testCheckoutPath=null, solutionCheckoutPath=null, dockerRunConfig=null], submissionResult=ResultDTO[id=145, completionDate=2025-02-14T23:43:28.269051286Z[Etc/UTC], successful=false, score=7.7, rated=true, submission=SubmissionDTO[id=134, submitted=true, type=MANUAL, exampleSubmission=null, submissionDate=2025-02-14T23:43:25.241685Z, commitHash=993b6f756e3e52a44d0537d4fa3a5d0e0acdbe89, buildFailed=false, buildArtifact=false, participation=ParticipationDTO[id=506, testRun=false, type=programming, submissionCount=null, exercise=ParticipationExerciseDTO[id=313, exerciseType=PROGRAMMING, type=programming, assessmentType=AUTOMATIC, dueDate=2025-02-16T23:43:24.986721Z, assessmentDueDate=null, maxPoints=42.0, course=CourseDTO[id=162, accuracyOfScores=1]]], submissionExerciseType=programming, isProcessing=false, buildStartDate=null, estimatedCompletionDate=null], participation=ParticipationDTO[id=506, testRun=false, type=programming, submissionCount=null, exercise=ParticipationExerciseDTO[id=313, exerciseType=PROGRAMMING, type=programming, assessmentType=AUTOMATIC, dueDate=2025-02-16T23:43:24.986721Z, assessmentDueDate=null, maxPoints=42.0, course=CourseDTO[id=162, accuracyOfScores=1]]], feedbacks=[FeedbackDTO[id=199, text=null, detailText=The exercise expects a class with the name Context in the package testpackage. You did not implement the class in the exercise., hasLongFeedbackText=false, reference=null, credits=0.0, positive=false, type=AUTOMATIC, visibility=ALWAYS, testCase=TestCaseDTO[testName=null, id=208]], FeedbackDTO[id=200, text=null, detailText=The exercise expects a class with the name Policy in the package testpackage. You did not implement the class in the exercise., hasLongFeedbackText=false, reference=null, credits=0.0, positive=false, type=AUTOMATIC, visibility=ALWAYS, testCase=TestCaseDTO[testName=null, id=209]], FeedbackDTO[id=201, text=null, detailText=The exercise expects a class with the name SortStrategy in the package testpackage. You did not implement the class in the exercise., hasLongFeedbackText=false, reference=null, credits=0.0, positive=false, type=AUTOMATIC, visibility=ALWAYS, testCase=TestCaseDTO[testName=null, id=210]], FeedbackDTO[id=202, text=null, detailText=The class 'MergeSort' does not implement the interface 'SortStrategy' as expected. Implement the interface and its methods., hasLongFeedbackText=false, reference=null, credits=0.0, positive=false, type=AUTOMATIC, visibility=ALWAYS, testCase=TestCaseDTO[testName=null, id=205]], FeedbackDTO[id=203, text=null, detailText=The exercise expects a class with the name SortStrategy in the package testpackage. You did not implement the class in the exercise., hasLongFeedbackText=false, reference=null, credits=0.0, positive=false, type=AUTOMATIC, visibility=ALWAYS, testCase=TestCaseDTO[testName=null, id=202]], FeedbackDTO[id=204, text=null, detailText=The class 'BubbleSort' does not implement the interface 'SortStrategy' as expected. Implement the interface and its methods., hasLongFeedbackText=false, reference=null, credits=0.0, positive=false, type=AUTOMATIC, visibility=ALWAYS, testCase=TestCaseDTO[testName=null, id=206]], FeedbackDTO[id=205, text=null, detailText=MergeSort does not sort correctly, hasLongFeedbackText=false, reference=null, credits=0.0, positive=false, type=AUTOMATIC, visibility=ALWAYS, testCase=TestCaseDTO[testName=null, id=211]], FeedbackDTO[id=206, text=null, detailText=The class 'Context' was not found within the submission. Make sure to implement it properly., hasLongFeedbackText=false, reference=null, credits=0.0, positive=false, type=AUTOMATIC, visibility=ALWAYS, testCase=TestCaseDTO[testName=null, id=212]], FeedbackDTO[id=207, text=null, detailText=The class 'Context' was not found within the submission. Make sure to implement it properly., hasLongFeedbackText=false, reference=null, credits=0.0, positive=false, type=AUTOMATIC, visibility=ALWAYS, testCase=TestCaseDTO[testName=null, id=213]], FeedbackDTO[id=208, text=null, detailText=The exercise expects a class with the name Policy in the package testpackage. You did not implement the class in the exercise., hasLongFeedbackText=false, reference=null, credits=0.0, positive=false, type=AUTOMATIC, visibility=ALWAYS, testCase=TestCaseDTO[testName=null, id=207]], FeedbackDTO[id=209, text=null, detailText=The exercise expects a class with the name Context in the package testpackage. You did not implement the class in the exercise., hasLongFeedbackText=false, reference=null, credits=0.0, positive=false, type=AUTOMATIC, visibility=ALWAYS, testCase=TestCaseDTO[testName=null, id=203]], FeedbackDTO[id=210, text=null, detailText=The exercise expects a class with the name Policy in the package testpackage. You did not implement the class in the exercise., hasLongFeedbackText=false, reference=null, credits=0.0, positive=false, type=AUTOMATIC, visibility=ALWAYS, testCase=TestCaseDTO[testName=null, id=204]], FeedbackDTO[id=211, text=null, detailText=null, hasLongFeedbackText=false, reference=null, credits=3.230769230769231, positive=true, type=AUTOMATIC, visibility=ALWAYS, testCase=TestCaseDTO[testName=null, id=214]]], assessmentType=AUTOMATIC, hasComplaint=null, exampleResult=null, testCaseCount=13, passedTestCaseCount=1, codeIssueCount=0]], BuildJobQueueItem[id=5121739576609302, name=SHORT3D739532080B804BC608BDA0F7816DDB4316TSTEXC-LOCALCIINTSTUDENT1, buildAgent=BuildAgentDTO[name=artemis-build-agent-test, memberAddress=[127.0.0.1]:5703, displayName=artemis-build-agent-test], participationId=512, courseId=164, exerciseId=315, retryCount=0, priority=2, status=SUCCESSFUL, repositoryInfo=RepositoryInfo[repositoryName=short3d739532080b804bc608bda0f7816ddb4316tstexc-localciintstudent1, repositoryType=user, triggeredByPushTo=user, assignmentRepositoryUri=http://localhost:49152/git/SHORT3D739532080B804BC608BDA0F7816DDB4316TSTEXC/short3d739532080b804bc608bda0f7816ddb4316tstexc-localciintstudent1.git, testRepositoryUri=http://localhost:49152/git/SHORT3D739532080B804BC608BDA0F7816DDB4316TSTEXC/short3d739532080b804bc608bda0f7816ddb4316tstexc-tests.git, solutionRepositoryUri=null, auxiliaryRepositoryUris=[Ljava.lang.String;@318b1cf9, auxiliaryRepositoryCheckoutDirectories=[Ljava.lang.String;@6cd4332], jobTimingInfo=JobTimingInfo[submissionDate=2025-02-14T23:43:29.302618463Z[Etc/UTC], buildStartDate=2025-02-14T23:43:29.307985701Z[Etc/UTC], buildCompletionDate=2025-02-14T23:43:30.717961572Z[Etc/UTC], estimatedCompletionDate=2025-02-14T23:43:48.307979980Z[Etc/UTC], estimatedDuration=19], buildConfig=BuildConfig[buildScript=#!/bin/bash
cd /var/tmp/testing-dir
chmod +x ./gradlew
./gradlew clean test
, dockerImage=dummy-docker-image:latest, commitHashToBuild=71f54bdf5e0f9c98936e24a4638fd2ffcf966edd, assignmentCommitHash=71f54bdf5e0f9c98936e24a4638fd2ffcf966edd, testCommitHash=71f54bdf5e0f9c98936e24a4638fd2ffcf966edd, branch=main, programmingLanguage=JAVA, projectType=PLAIN_GRADLE, scaEnabled=false, sequentialTestRunsEnabled=false, resultPaths=[/var/tmp/testing-dir/**/test-results/test/*.xml], timeoutSeconds=0, assignmentCheckoutPath=null, testCheckoutPath=null, solutionCheckoutPath=null, dockerRunConfig=null], submissionResult=ResultDTO[id=146, completionDate=2025-02-14T23:43:30.706391245Z[Etc/UTC], successful=false, score=0.0, rated=true, submission=SubmissionDTO[id=135, submitted=true, type=MANUAL, exampleSubmission=null, submissionDate=2025-02-14T23:43:29.291920Z, commitHash=71f54bdf5e0f9c98936e24a4638fd2ffcf966edd, buildFailed=true, buildArtifact=false, participation=ParticipationDTO[id=512, testRun=false, type=programming, submissionCount=null, exercise=ParticipationExerciseDTO[id=315, exerciseType=PROGRAMMING, type=programming, assessmentType=AUTOMATIC, dueDate=2025-02-16T23:43:29.183823Z, assessmentDueDate=null, maxPoints=42.0, course=CourseDTO[id=164, accuracyOfScores=1]]], submissionExerciseType=programming, isProcessing=false, buildStartDate=null, estimatedCompletionDate=null], participation=ParticipationDTO[id=512, testRun=false, type=programming, submissionCount=null, exercise=ParticipationExerciseDTO[id=315, exerciseType=PROGRAMMING, type=programming, assessmentType=AUTOMATIC, dueDate=2025-02-16T23:43:29.183823Z, assessmentDueDate=null, maxPoints=42.0, course=CourseDTO[id=164, accuracyOfScores=1]]], feedbacks=[], assessmentType=AUTOMATIC, hasComplaint=null, exampleResult=null, testCaseCount=0, passedTestCaseCount=0, codeIssueCount=0]], BuildJobQueueItem[id=17441739576693929, name=SHORT1433D0160BE1D048240B38F04F231AEE650FTSTEXC-SOLUTION, buildAgent=BuildAgentDTO[name=artemis-build-agent-test, memberAddress=[127.0.0.1]:5703, displayName=artemis-build-agent-test], participationId=1744, courseId=871, exerciseId=2446, retryCount=0, priority=2, status=FAILED, repositoryInfo=RepositoryInfo[repositoryName=short1433d0160be1d048240b38f04f231aee650ftstexc-solution, repositoryType=solution, triggeredByPushTo=solution, assignmentRepositoryUri=http://localhost:49152/git/SHORT1433D0160BE1D048240B38F04F231AEE650FTSTEXC/short1433d0160be1d048240b38f04f231aee650ftstexc-solution.git, testRepositoryUri=http://nadnasidni.tum/scm/SHORT1433D0160BE1D048240B38F04F231AEE650FTSTEXC/SHORT1433D0160BE1D048240B38F04F231AEE650FTSTEXC-tests.git, solutionRepositoryUri=null, auxiliaryRepositoryUris=[Ljava.lang.String;@444c1d06, auxiliaryRepositoryCheckoutDirectories=[Ljava.lang.String;@2843a6d7], jobTimingInfo=JobTimingInfo[submissionDate=2025-02-14T23:44:53.929193408Z[Etc/UTC], buildStartDate=2025-02-14T23:44:53.935912198Z[Etc/UTC], buildCompletionDate=2025-02-14T23:44:54.304976027Z[Etc/UTC], estimatedCompletionDate=2025-02-14T23:45:12.935900175Z[Etc/UTC], estimatedDuration=19], buildConfig=BuildConfig[buildScript=#!/bin/bash
cd /var/tmp/testing-dir
mvn clean test
, dockerImage=dummy-docker-image, commitHashToBuild=null, assignmentCommitHash=9b3a9bd71a0d80e5bbc42204c319ed3d1d4f0d6d, testCommitHash=9b3a9bd71a0d80e5bbc42204c319ed3d1d4f0d6d, branch=main, programmingLanguage=JAVA, projectType=PLAIN_MAVEN, scaEnabled=false, sequentialTestRunsEnabled=false, resultPaths=[/var/tmp/testing-dir/**/target/surefire-reports/*.xml], timeoutSeconds=0, assignmentCheckoutPath=null, testCheckoutPath=null, solutionCheckoutPath=null, dockerRunConfig=null], submissionResult=null], BuildJobQueueItem[id=17451739576693934, name=SHORT1433D0160BE1D048240B38F04F231AEE650FTSTEXC-BASE, buildAgent=BuildAgentDTO[name=artemis-build-agent-test, memberAddress=[127.0.0.1]:5703, displayName=artemis-build-agent-test], participationId=1745, courseId=871, exerciseId=2446, retryCount=0, priority=2, status=FAILED, repositoryInfo=RepositoryInfo[repositoryName=short1433d0160be1d048240b38f04f231aee650ftstexc-exercise, repositoryType=exercise, triggeredByPushTo=exercise, assignmentRepositoryUri=http://localhost:49152/git/SHORT1433D0160BE1D048240B38F04F231AEE650FTSTEXC/short1433d0160be1d048240b38f04f231aee650ftstexc-exercise.git, testRepositoryUri=http://nadnasidni.tum/scm/SHORT1433D0160BE1D048240B38F04F231AEE650FTSTEXC/SHORT1433D0160BE1D048240B38F04F231AEE650FTSTEXC-tests.git, solutionRepositoryUri=null, auxiliaryRepositoryUris=[Ljava.lang.String;@41461bf2, auxiliaryRepositoryCheckoutDirectories=[Ljava.lang.String;@2dfe143b], jobTimingInfo=JobTimingInfo[submissionDate=2025-02-14T23:44:53.934335889Z[Etc/UTC], buildStartDate=2025-02-14T23:44:54.327124774Z[Etc/UTC], buildCompletionDate=2025-02-14T23:44:54.342227569Z[Etc/UTC], estimatedCompletionDate=2025-02-14T23:45:13.327117811Z[Etc/UTC], estimatedDuration=19], buildConfig=BuildConfig[buildScript=#!/bin/bash
cd /var/tmp/testing-dir
mvn clean test
, dockerImage=dummy-docker-image, commitHashToBuild=null, assignmentCommitHash=9b3a9bd71a0d80e5bbc42204c319ed3d1d4f0d6d, testCommitHash=9b3a9bd71a0d80e5bbc42204c319ed3d1d4f0d6d, branch=main, programmingLanguage=JAVA, projectType=PLAIN_MAVEN, scaEnabled=false, sequentialTestRunsEnabled=false, resultPaths=[/var/tmp/testing-dir/**/target/surefire-reports/*.xml], timeoutSeconds=0, assignmentCheckoutPath=null, testCheckoutPath=null, solutionCheckoutPath=null, dockerRunConfig=null], submissionResult=null], BuildJobQueueItem[id=17461739576694099, name=SHORT9813A60B0D82D0492A0A4D90B91108517937TSTEXC-SOLUTION, buildAgent=BuildAgentDTO[name=artemis-build-agent-test, memberAddress=[127.0.0.1]:5703, displayName=artemis-build-agent-test], participationId=1746, courseId=872, exerciseId=2447, retryCount=0, priority=2, status=FAILED, repositoryInfo=RepositoryInfo[repositoryName=short9813a60b0d82d0492a0a4d90b91108517937tstexc-solution, repositoryType=solution, triggeredByPushTo=solution, assignmentRepositoryUri=http://localhost:49152/git/SHORT9813A60B0D82D0492A0A4D90B91108517937TSTEXC/short9813a60b0d82d0492a0a4d90b91108517937tstexc-solution.git, testRepositoryUri=http://nadnasidni.tum/scm/SHORT9813A60B0D82D0492A0A4D90B91108517937TSTEXC/SHORT9813A60B0D82D0492A0A4D90B91108517937TSTEXC-tests.git, solutionRepositoryUri=null, auxiliaryRepositoryUris=[Ljava.lang.String;@9fe98af, auxiliaryRepositoryCheckoutDirectories=[Ljava.lang.String;@3cbee259], jobTimingInfo=JobTimingInfo[submissionDate=2025-02-14T23:44:54.099771235Z[Etc/UTC], buildStartDate=2025-02-14T23:44:54.357176465Z[Etc/UTC], buildCompletionDate=2025-02-14T23:44:54.369810707Z[Etc/UTC], estimatedCompletionDate=2025-02-14T23:45:13.357171275Z[Etc/UTC], estimatedDuration=19], buildConfig=BuildConfig[buildScript=#!/bin/bash
cd /var/tmp/testing-dir
mvn clean test
, dockerImage=dummy-docker-image, commitHashToBuild=null, assignmentCommitHash=9b3a9bd71a0d80e5bbc42204c319ed3d1d4f0d6d, testCommitHash=9b3a9bd71a0d80e5bbc42204c319ed3d1d4f0d6d, branch=main, programmingLanguage=JAVA, projectType=PLAIN_MAVEN, scaEnabled=false, sequentialTestRunsEnabled=false, resultPaths=[/var/tmp/testing-dir/**/target/surefire-reports/*.xml], timeoutSeconds=0, assignmentCheckoutPath=null, testCheckoutPath=null, solutionCheckoutPath=null, dockerRunConfig=null], submissionResult=null], BuildJobQueueItem[id=17471739576694103, name=SHORT9813A60B0D82D0492A0A4D90B91108517937TSTEXC-BASE, buildAgent=BuildAgentDTO[name=artemis-build-agent-test, memberAddress=[127.0.0.1]:5703, displayName=artemis-build-agent-test], participationId=1747, courseId=872, exerciseId=2447, retryCount=0, priority=2, status=FAILED, repositoryInfo=RepositoryInfo[repositoryName=short9813a60b0d82d0492a0a4d90b91108517937tstexc-exercise, repositoryType=exercise, triggeredByPushTo=exercise, assignmentRepositoryUri=http://localhost:49152/git/SHORT9813A60B0D82D0492A0A4D90B91108517937TSTEXC/short9813a60b0d82d0492a0a4d90b91108517937tstexc-exercise.git, testRepositoryUri=http://nadnasidni.tum/scm/SHORT9813A60B0D82D0492A0A4D90B91108517937TSTEXC/SHORT9813A60B0D82D0492A0A4D90B91108517937TSTEXC-tests.git, solutionRepositoryUri=null, auxiliaryRepositoryUris=[Ljava.lang.String;@4d56e7b7, auxiliaryRepositoryCheckoutDirectories=[Ljava.lang.String;@10d46dea], jobTimingInfo=JobTimingInfo[submissionDate=2025-02-14T23:44:54.103710671Z[Etc/UTC], buildStartDate=2025-02-14T23:44:54.382756129Z[Etc/UTC], buildCompletionDate=2025-02-14T23:44:54.398052636Z[Etc/UTC], estimatedCompletionDate=2025-02-14T23:45:13.382751040Z[Etc/UTC], estimatedDuration=19], buildConfig=BuildConfig[buildScript=#!/bin/bash
cd /var/tmp/testing-dir
mvn clean test
, dockerImage=dummy-docker-image, commitHashToBuild=null, assignmentCommitHash=9b3a9bd71a0d80e5bbc42204c319ed3d1d4f0d6d, testCommitHash=9b3a9bd71a0d80e5bbc42204c319ed3d1d4f0d6d, branch=main, programmingLanguage=JAVA, projectType=PLAIN_MAVEN, scaEnabled=false, sequentialTestRunsEnabled=false, resultPaths=[/var/tmp/testing-dir/**/target/surefire-reports/*.xml], timeoutSeconds=0, assignmentCheckoutPath=null, testCheckoutPath=null, solutionCheckoutPath=null, dockerRunConfig=null], submissionResult=null], BuildJobQueueItem[id=17481739576694246, name=SHORTD91D0B6D0E6A204E010812505A867B04E6F8TSTEXC-SOLUTION, buildAgent=BuildAgentDTO[name=artemis-build-agent-test, memberAddress=[127.0.0.1]:5703, displayName=artemis-build-agent-test], participationId=1748, courseId=873, exerciseId=2448, retryCount=0, priority=2, status=FAILED, repositoryInfo=RepositoryInfo[repositoryName=shortd91d0b6d0e6a204e010812505a867b04e6f8tstexc-solution, repositoryType=solution, triggeredByPushTo=solution, assignmentRepositoryUri=http://localhost:49152/git/SHORTD91D0B6D0E6A204E010812505A867B04E6F8TSTEXC/shortd91d0b6d0e6a204e010812505a867b04e6f8tstexc-solution.git, testRepositoryUri=http://nadnasidni.tum/scm/SHORTD91D0B6D0E6A204E010812505A867B04E6F8TSTEXC/SHORTD91D0B6D0E6A204E010812505A867B04E6F8TSTEXC-tests.git, solutionRepositoryUri=null, auxiliaryRepositoryUris=[Ljava.lang.String;@6d92b4bf, auxiliaryRepositoryCheckoutDirectories=[Ljava.lang.String;@26753f7e], jobTimingInfo=JobTimingInfo[submissionDate=2025-02-14T23:44:54.246508059Z[Etc/UTC], buildStartDate=2025-02-14T23:44:54.408522902Z[Etc/UTC], buildCompletionDate=2025-02-14T23:44:54.557346549Z[Etc/UTC], estimatedCompletionDate=2025-02-14T23:45:13.408517873Z[Etc/UTC], estimatedDuration=19], buildConfig=BuildConfig[buildScript=#!/bin/bash
cd /var/tmp/testing-dir
mvn clean test
, dockerImage=dummy-docker-image, commitHashToBuild=null, assignmentCommitHash=9b3a9bd71a0d80e5bbc42204c319ed3d1d4f0d6d, testCommitHash=9b3a9bd71a0d80e5bbc42204c319ed3d1d4f0d6d, branch=main, programmingLanguage=JAVA, projectType=PLAIN_MAVEN, scaEnabled=false, sequentialTestRunsEnabled=false, resultPaths=[/var/tmp/testing-dir/**/target/surefire-reports/*.xml], timeoutSeconds=0, assignmentCheckoutPath=null, testCheckoutPath=null, solutionCheckoutPath=null, dockerRunConfig=null], submissionResult=null], BuildJobQueueItem[id=17491739576694250, name=SHORTD91D0B6D0E6A204E010812505A867B04E6F8TSTEXC-BASE, buildAgent=BuildAgentDTO[name=artemis-build-agent-test, memberAddress=[127.0.0.1]:5703, displayName=artemis-build-agent-test], participationId=1749, courseId=873, exerciseId=2448, retryCount=0, priority=2, status=FAILED, repositoryInfo=RepositoryInfo[repositoryName=shortd91d0b6d0e6a204e010812505a867b04e6f8tstexc-exercise, repositoryType=exercise, triggeredByPushTo=exercise, assignmentRepositoryUri=http://localhost:49152/git/SHORTD91D0B6D0E6A204E010812505A867B04E6F8TSTEXC/shortd91d0b6d0e6a204e010812505a867b04e6f8tstexc-exercise.git, testRepositoryUri=http://nadnasidni.tum/scm/SHORTD91D0B6D0E6A204E010812505A867B04E6F8TSTEXC/SHORTD91D0B6D0E6A204E010812505A867B04E6F8TSTEXC-tests.git, solutionRepositoryUri=null, auxiliaryRepositoryUris=[Ljava.lang.String;@5c640f58, auxiliaryRepositoryCheckoutDirectories=[Ljava.lang.String;@6f6c8203], jobTimingInfo=JobTimingInfo[submissionDate=2025-02-14T23:44:54.250218388Z[Etc/UTC], buildStartDate=2025-02-14T23:44:54.565325579Z[Etc/UTC], buildCompletionDate=2025-02-14T23:44:54.572575439Z[Etc/UTC], estimatedCompletionDate=2025-02-14T23:45:13.565320309Z[Etc/UTC], estimatedDuration=19], buildConfig=BuildConfig[buildScript=#!/bin/bash
cd /var/tmp/testing-dir
mvn clean test
, dockerImage=dummy-docker-image, commitHashToBuild=null, assignmentCommitHash=9b3a9bd71a0d80e5bbc42204c319ed3d1d4f0d6d, testCommitHash=9b3a9bd71a0d80e5bbc42204c319ed3d1d4f0d6d, branch=main, programmingLanguage=JAVA, projectType=PLAIN_MAVEN, scaEnabled=false, sequentialTestRunsEnabled=false, resultPaths=[/var/tmp/testing-dir/**/target/surefire-reports/*.xml], timeoutSeconds=0, assignmentCheckoutPath=null, testCheckoutPath=null, solutionCheckoutPath=null, dockerRunConfig=null], submissionResult=null], BuildJobQueueItem[id=17501739576694407, name=SHORTE1E2C8FB0925A040D30912709B8BA4309AE8TSTEXC-SOLUTION, buildAgent=BuildAgentDTO[name=artemis-build-agent-test, memberAddress=[127.0.0.1]:5703, displayName=artemis-build-agent-test], participationId=1750, courseId=874, exerciseId=2449, retryCount=0, priority=2, status=FAILED, repositoryInfo=RepositoryInfo[repositoryName=shorte1e2c8fb0925a040d30912709b8ba4309ae8tstexc-solution, repositoryType=solution, triggeredByPushTo=solution, assignmentRepositoryUri=http://localhost:49152/git/SHORTE1E2C8FB0925A040D30912709B8BA4309AE8TSTEXC/shorte1e2c8fb0925a040d30912709b8ba4309ae8tstexc-solution.git, testRepositoryUri=http://nadnasidni.tum/scm/SHORTE1E2C8FB0925A040D30912709B8BA4309AE8TSTEXC/SHORTE1E2C8FB0925A040D30912709B8BA4309AE8TSTEXC-tests.git, solutionRepositoryUri=null, auxiliaryRepositoryUris=[Ljava.lang.String;@17a3e41d, auxiliaryRepositoryCheckoutDirectories=[Ljava.lang.String;@18a2a758], jobTimingInfo=JobTimingInfo[submissionDate=2025-02-14T23:44:54.407559917Z[Etc/UTC], buildStartDate=2025-02-14T23:44:54.587426886Z[Etc/UTC], buildCompletionDate=2025-02-14T23:44:54.600146307Z[Etc/UTC], estimatedCompletionDate=2025-02-14T23:45:13.587421336Z[Etc/UTC], estimatedDuration=19], buildConfig=BuildConfig[buildScript=#!/bin/bash
cd /var/tmp/testing-dir
mvn clean test
, dockerImage=dummy-docker-image, commitHashToBuild=null, assignmentCommitHash=9b3a9bd71a0d80e5bbc42204c319ed3d1d4f0d6d, testCommitHash=9b3a9bd71a0d80e5bbc42204c319ed3d1d4f0d6d, branch=main, programmingLanguage=JAVA, projectType=PLAIN_MAVEN, scaEnabled=false, sequentialTestRunsEnabled=false, resultPaths=[/var/tmp/testing-dir/**/target/surefire-reports/*.xml], timeoutSeconds=0, assignmentCheckoutPath=null, testCheckoutPath=null, solutionCheckoutPath=null, dockerRunConfig=null], submissionResult=null], BuildJobQueueItem[id=17511739576694411, name=SHORTE1E2C8FB0925A040D30912709B8BA4309AE8TSTEXC-BASE, buildAgent=BuildAgentDTO[name=artemis-build-agent-test, memberAddress=[127.0.0.1]:5703, displayName=artemis-build-agent-test], participationId=1751, courseId=874, exerciseId=2449, retryCount=0, priority=2, status=FAILED, repositoryInfo=RepositoryInfo[repositoryName=shorte1e2c8fb0925a040d30912709b8ba4309ae8tstexc-exercise, repositoryType=exercise, triggeredByPushTo=exercise, assignmentRepositoryUri=http://localhost:49152/git/SHORTE1E2C8FB0925A040D30912709B8BA4309AE8TSTEXC/shorte1e2c8fb0925a040d30912709b8ba4309ae8tstexc-exercise.git, testRepositoryUri=http://nadnasidni.tum/scm/SHORTE1E2C8FB0925A040D30912709B8BA4309AE8TSTEXC/SHORTE1E2C8FB0925A040D30912709B8BA4309AE8TSTEXC-tests.git, solutionRepositoryUri=null, auxiliaryRepositoryUris=[Ljava.lang.String;@64c065db, auxiliaryRepositoryCheckoutDirectories=[Ljava.lang.String;@6f379fda], jobTimingInfo=JobTimingInfo[submissionDate=2025-02-14T23:44:54.411372528Z[Etc/UTC], buildStartDate=2025-02-14T23:44:54.612545140Z[Etc/UTC], buildCompletionDate=2025-02-14T23:44:54.622668850Z[Etc/UTC], estimatedCompletionDate=2025-02-14T23:45:13.612539730Z[Etc/UTC], estimatedDuration=19], buildConfig=BuildConfig[buildScript=#!/bin/bash
cd /var/tmp/testing-dir
mvn clean test
, dockerImage=dummy-docker-image, commitHashToBuild=null, assignmentCommitHash=9b3a9bd71a0d80e5bbc42204c319ed3d1d4f0d6d, testCommitHash=9b3a9bd71a0d80e5bbc42204c319ed3d1d4f0d6d, branch=main, programmingLanguage=JAVA, projectType=PLAIN_MAVEN, scaEnabled=false, sequentialTestRunsEnabled=false, resultPaths=[/var/tmp/testing-dir/**/target/surefire-reports/*.xml], timeoutSeconds=0, assignmentCheckoutPath=null, testCheckoutPath=null, solutionCheckoutPath=null, dockerRunConfig=null], submissionResult=null], BuildJobQueueItem[id=17521739576694519, name=SHORTFDB0CC0C02BA4046D90BD74095B77B392C2CTSTEXC-SOLUTION, buildAgent=BuildAgentDTO[name=artemis-build-agent-test, memberAddress=[127.0.0.1]:5703, displayName=artemis-build-agent-test], participationId=1752, courseId=875, exerciseId=2450, retryCount=0, priority=2, status=FAILED, repositoryInfo=RepositoryInfo[repositoryName=shortfdb0cc0c02ba4046d90bd74095b77b392c2ctstexc-solution, repositoryType=solution, triggeredByPushTo=solution, assignmentRepositoryUri=http://localhost:49152/git/SHORTFDB0CC0C02BA4046D90BD74095B77B392C2CTSTEXC/shortfdb0cc0c02ba4046d90bd74095b77b392c2ctstexc-solution.git, testRepositoryUri=http://nadnasidni.tum/scm/SHORTFDB0CC0C02BA4046D90BD74095B77B392C2CTSTEXC/SHORTFDB0CC0C02BA4046D90BD74095B77B392C2CTSTEXC-tests.git, solutionRepositoryUri=null, auxiliaryRepositoryUris=[Ljava.lang.String;@67bc1d2d, auxiliaryRepositoryCheckoutDirectories=[Ljava.lang.String;@6aa9eee5], jobTimingInfo=JobTimingInfo[submissionDate=2025-02-14T23:44:54.519944287Z[Etc/UTC], buildStartDate=2025-02-14T23:44:54.633715Z[Etc/UTC], buildCompletionDate=2025-02-14T23:44:54.643824003Z[Etc/UTC], estimatedCompletionDate=2025-02-14T23:45:13.633710151Z[Etc/UTC], estimatedDuration=19], buildConfig=BuildConfig[buildScript=#!/bin/bash
cd /var/tmp/testing-dir
mvn clean test
, dockerImage=dummy-docker-image, commitHashToBuild=null, assignmentCommitHash=9b3a9bd71a0d80e5bbc42204c319ed3d1d4f0d6d, testCommitHash=9b3a9bd71a0d80e5bbc42204c319ed3d1d4f0d6d, branch=main, programmingLanguage=JAVA, projectType=PLAIN_MAVEN, scaEnabled=false, sequentialTestRunsEnabled=false, resultPaths=[/var/tmp/testing-dir/**/target/surefire-reports/*.xml], timeoutSeconds=0, assignmentCheckoutPath=null, testCheckoutPath=null, solutionCheckoutPath=null, dockerRunConfig=null], submissionResult=null], BuildJobQueueItem[id=17531739576694522, name=SHORTFDB0CC0C02BA4046D90BD74095B77B392C2CTSTEXC-BASE, buildAgent=BuildAgentDTO[name=artemis-build-agent-test, memberAddress=[127.0.0.1]:5703, displayName=artemis-build-agent-test], participationId=1753, courseId=875, exerciseId=2450, retryCount=0, priority=2, status=FAILED, repositoryInfo=RepositoryInfo[repositoryName=shortfdb0cc0c02ba4046d90bd74095b77b392c2ctstexc-exercise, repositoryType=exercise, triggeredByPushTo=exercise, assignmentRepositoryUri=http://localhost:49152/git/SHORTFDB0CC0C02BA4046D90BD74095B77B392C2CTSTEXC/shortfdb0cc0c02ba4046d90bd74095b77b392c2ctstexc-exercise.git, testRepositoryUri=http://nadnasidni.tum/scm/SHORTFDB0CC0C02BA4046D90BD74095B77B392C2CTSTEXC/SHORTFDB0CC0C02BA4046D90BD74095B77B392C2CTSTEXC-tests.git, solutionRepositoryUri=null, auxiliaryRepositoryUris=[Ljava.lang.String;@da0a0d6, auxiliaryRepositoryCheckoutDirectories=[Ljava.lang.String;@5eba27f7], jobTimingInfo=JobTimingInfo[submissionDate=2025-02-14T23:44:54.522500123Z[Etc/UTC], buildStartDate=2025-02-14T23:44:54.652544627Z[Etc/UTC], buildCompletionDate=2025-02-14T23:44:54.667867112Z[Etc/UTC], estimatedCompletionDate=2025-02-14T23:45:13.652540008Z[Etc/UTC], estimatedDuration=19], buildConfig=BuildConfig[buildScript=#!/bin/bash
cd /var/tmp/testing-dir
mvn clean test
, dockerImage=dummy-docker-image, commitHashToBuild=null, assignmentCommitHash=9b3a9bd71a0d80e5bbc42204c319ed3d1d4f0d6d, testCommitHash=9b3a9bd71a0d80e5bbc42204c319ed3d1d4f0d6d, branch=main, programmingLanguage=JAVA, projectType=PLAIN_MAVEN, scaEnabled=false, sequentialTestRunsEnabled=false, resultPaths=[/var/tmp/testing-dir/**/target/surefire-reports/*.xml], timeoutSeconds=0, assignmentCheckoutPath=null, testCheckoutPath=null, solutionCheckoutPath=null, dockerRunConfig=null], submissionResult=null], BuildJobQueueItem[id=17551739576694666, name=SHORT4B6B7AAF03B28040600B8D20E984055B617ATSTEXC-SOLUTION, buildAgent=BuildAgentDTO[name=artemis-build-agent-test, memberAddress=[127.0.0.1]:5703, displayName=artemis-build-agent-test], participationId=1755, courseId=876, exerciseId=2451, retryCount=0, priority=2, status=FAILED, repositoryInfo=RepositoryInfo[repositoryName=short4b6b7aaf03b28040600b8d20e984055b617atstexc-solution, repositoryType=solution, triggeredByPushTo=solution, assignmentRepositoryUri=http://localhost:49152/git/SHORT4B6B7AAF03B28040600B8D20E984055B617ATSTEXC/short4b6b7aaf03b28040600b8d20e984055b617atstexc-solution.git, testRepositoryUri=http://nadnasidni.tum/scm/SHORT4B6B7AAF03B28040600B8D20E984055B617ATSTEXC/SHORT4B6B7AAF03B28040600B8D20E984055B617ATSTEXC-tests.git, solutionRepositoryUri=null, auxiliaryRepositoryUris=[Ljava.lang.String;@59681c78, auxiliaryRepositoryCheckoutDirectories=[Ljava.lang.String;@7c130f76], jobTimingInfo=JobTimingInfo[submissionDate=2025-02-14T23:44:54.666476750Z[Etc/UTC], buildStartDate=2025-02-14T23:44:54.680145230Z[Etc/UTC], buildCompletionDate=2025-02-14T23:44:54.823544984Z[Etc/UTC], estimatedCompletionDate=2025-02-14T23:45:13.680139659Z[Etc/UTC], estimatedDuration=19], buildConfig=BuildConfig[buildScript=#!/bin/bash
cd /var/tmp/testing-dir
mvn clean test
, dockerImage=dummy-docker-image, commitHashToBuild=null, assignmentCommitHash=9b3a9bd71a0d80e5bbc42204c319ed3d1d4f0d6d, testCommitHash=9b3a9bd71a0d80e5bbc42204c319ed3d1d4f0d6d, branch=main, programmingLanguage=JAVA, projectType=PLAIN_MAVEN, scaEnabled=false, sequentialTestRunsEnabled=false, resultPaths=[/var/tmp/testing-dir/**/target/surefire-reports/*.xml], timeoutSeconds=0, assignmentCheckoutPath=null, testCheckoutPath=null, solutionCheckoutPath=null, dockerRunConfig=null], submissionResult=null], BuildJobQueueItem[id=17561739576694670, name=SHORT4B6B7AAF03B28040600B8D20E984055B617ATSTEXC-BASE, buildAgent=BuildAgentDTO[name=artemis-build-agent-test, memberAddress=[127.0.0.1]:5703, displayName=artemis-build-agent-test], participationId=1756, courseId=876, exerciseId=2451, retryCount=0, priority=2, status=FAILED, repositoryInfo=RepositoryInfo[repositoryName=short4b6b7aaf03b28040600b8d20e984055b617atstexc-exercise, repositoryType=exercise, triggeredByPushTo=exercise, assignmentRepositoryUri=http://localhost:49152/git/SHORT4B6B7AAF03B28040600B8D20E984055B617ATSTEXC/short4b6b7aaf03b28040600b8d20e984055b617atstexc-exercise.git, testRepositoryUri=http://nadnasidni.tum/scm/SHORT4B6B7AAF03B28040600B8D20E984055B617ATSTEXC/SHORT4B6B7AAF03B28040600B8D20E984055B617ATSTEXC-tests.git, solutionRepositoryUri=null, auxiliaryRepositoryUris=[Ljava.lang.String;@74bda632, auxiliaryRepositoryCheckoutDirectories=[Ljava.lang.String;@7b37a2cd], jobTimingInfo=JobTimingInfo[submissionDate=2025-02-14T23:44:54.670345785Z[Etc/UTC], buildStartDate=2025-02-14T23:44:54.839162169Z[Etc/UTC], buildCompletionDate=2025-02-14T23:44:55.002957236Z[Etc/UTC], estimatedCompletionDate=2025-02-14T23:45:13.839155737Z[Etc/UTC], estimatedDuration=19], buildConfig=BuildConfig[buildScript=#!/bin/bash
cd /var/tmp/testing-dir
mvn clean test
, dockerImage=dummy-docker-image, commitHashToBuild=null, assignmentCommitHash=9b3a9bd71a0d80e5bbc42204c319ed3d1d4f0d6d, testCommitHash=9b3a9bd71a0d80e5bbc42204c319ed3d1d4f0d6d, branch=main, programmingLanguage=JAVA, projectType=PLAIN_MAVEN, scaEnabled=false, sequentialTestRunsEnabled=false, resultPaths=[/var/tmp/testing-dir/**/target/surefire-reports/*.xml], timeoutSeconds=0, assignmentCheckoutPath=null, testCheckoutPath=null, solutionCheckoutPath=null, dockerRunConfig=null], submissionResult=null], BuildJobQueueItem[id=17581739576694813, name=SHORT3EDCA5D300D94041B20BB570F0D80AF7BCD8TSTEXC-SOLUTION, buildAgent=BuildAgentDTO[name=artemis-build-agent-test, memberAddress=[127.0.0.1]:5703, displayName=artemis-build-agent-test], participationId=1758, courseId=877, exerciseId=2452, retryCount=0, priority=2, status=FAILED, repositoryInfo=RepositoryInfo[repositoryName=short3edca5d300d94041b20bb570f0d80af7bcd8tstexc-solution, repositoryType=solution, triggeredByPushTo=solution, assignmentRepositoryUri=http://localhost:49152/git/SHORT3EDCA5D300D94041B20BB570F0D80AF7BCD8TSTEXC/short3edca5d300d94041b20bb570f0d80af7bcd8tstexc-solution.git, testRepositoryUri=http://nadnasidni.tum/scm/SHORT3EDCA5D300D94041B20BB570F0D80AF7BCD8TSTEXC/SHORT3EDCA5D300D94041B20BB570F0D80AF7BCD8TSTEXC-tests.git, solutionRepositoryUri=null, auxiliaryRepositoryUris=[Ljava.lang.String;@62a5ea0f, auxiliaryRepositoryCheckoutDirectories=[Ljava.lang.String;@6a92192], jobTimingInfo=JobTimingInfo[submissionDate=2025-02-14T23:44:54.813084406Z[Etc/UTC], buildStartDate=2025-02-14T23:44:55.012695357Z[Etc/UTC], buildCompletionDate=2025-02-14T23:44:55.174435893Z[Etc/UTC], estimatedCompletionDate=2025-02-14T23:45:14.012689757Z[Etc/UTC], estimatedDuration=19], buildConfig=BuildConfig[buildScript=#!/bin/bash
cd /var/tmp/testing-dir
mvn clean test
, dockerImage=dummy-docker-image, commitHashToBuild=null, assignmentCommitHash=9b3a9bd71a0d80e5bbc42204c319ed3d1d4f0d6d, testCommitHash=9b3a9bd71a0d80e5bbc42204c319ed3d1d4f0d6d, branch=main, programmingLanguage=JAVA, projectType=PLAIN_MAVEN, scaEnabled=false, sequentialTestRunsEnabled=false, resultPaths=[/var/tmp/testing-dir/**/target/surefire-reports/*.xml], timeoutSeconds=0, assignmentCheckoutPath=null, testCheckoutPath=null, solutionCheckoutPath=null, dockerRunConfig=null], submissionResult=null], BuildJobQueueItem[id=17591739576694814, name=SHORT3EDCA5D300D94041B20BB570F0D80AF7BCD8TSTEXC-BASE, buildAgent=BuildAgentDTO[name=artemis-build-agent-test, memberAddress=[127.0.0.1]:5703, displayName=artemis-build-agent-test], participationId=1759, courseId=877, exerciseId=2452, retryCount=0, priority=2, status=FAILED, repositoryInfo=RepositoryInfo[repositoryName=short3edca5d300d94041b20bb570f0d80af7bcd8tstexc-exercise, repositoryType=exercise, triggeredByPushTo=exercise, assignmentRepositoryUri=http://localhost:49152/git/SHORT3EDCA5D300D94041B20BB570F0D80AF7BCD8TSTEXC/short3edca5d300d94041b20bb570f0d80af7bcd8tstexc-exercise.git, testRepositoryUri=http://nadnasidni.tum/scm/SHORT3EDCA5D300D94041B20BB570F0D80AF7BCD8TSTEXC/SHORT3EDCA5D300D94041B20BB570F0D80AF7BCD8TSTEXC-tests.git, solutionRepositoryUri=null, auxiliaryRepositoryUris=[Ljava.lang.String;@1f3c8b43, auxiliaryRepositoryCheckoutDirectories=[Ljava.lang.String;@595b73a3], jobTimingInfo=JobTimingInfo[submissionDate=2025-02-14T23:44:54.814974027Z[Etc/UTC], buildStartDate=2025-02-14T23:44:55.192169835Z[Etc/UTC], buildCompletionDate=2025-02-14T23:44:55.357257843Z[Etc/UTC], estimatedCompletionDate=2025-02-14T23:45:14.192163012Z[Etc/UTC], estimatedDuration=19], buildConfig=BuildConfig[buildScript=#!/bin/bash
cd /var/tmp/testing-dir
mvn clean test
, dockerImage=dummy-docker-image, commitHashToBuild=null, assignmentCommitHash=9b3a9bd71a0d80e5bbc42204c319ed3d1d4f0d6d, testCommitHash=9b3a9bd71a0d80e5bbc42204c319ed3d1d4f0d6d, branch=main, programmingLanguage=JAVA, projectType=PLAIN_MAVEN, scaEnabled=false, sequentialTestRunsEnabled=false, resultPaths=[/var/tmp/testing-dir/**/target/surefire-reports/*.xml], timeoutSeconds=0, assignmentCheckoutPath=null, testCheckoutPath=null, solutionCheckoutPath=null, dockerRunConfig=null], submissionResult=null]], publicSshKey=ssh-rsa AAAAB3NzaC1yc2EAAAADAQABAAACAQCOPdMsxRE2jFJ/UEa5/LsBxtwzJcrh3/rYBCQvcMeVpiRfhzQPWu7mrt/G2Ew+i+vRloGH9aqKg6dd1liRncao53Zmd/ePxoatXePNhmzTfkCkcSkTUz7B+QMjkoDDV5jwuFPD6mF3JkhuzSi64n9Zy905t4w2IhVcjM2mL3eYNjiCXt6Qpq3Pkt7dM/Ksw1nxnvuiIALuJLB3FTkXkHqq3PJav+9HSq2r6ZaWgekneaGxlQlb+U+Vy3XOuArKAzK8c8i+0bR+AHiTG6ncYXt7ax3U+TdlDTF7OLP3umwaYjs1NBXOHwG42pevvpKn2fqavZZozk+M05jXLx3bq0O7itxfErWc7etky8qYPyyIMF/txQIVLd78+Ze4d7Y60t5MGbXM5cGE6fFif5fEJwgswXD+BrG0cafz1CTatjSKFdvp8Vp4VszXhHDan1PrP6JEFJ5Cc5GDmLRZPCFa3vL9f5qXgf4bkqKN8MYeEujwJE5nMRWoiJVNakix2bcrrneQMBlnYeYZVWXXXUusAQBzl4NgddC1umZpihZkL1b1MffZAUW3EGEXi7KHnllQhkTLLsQ8ntMgbylqaJKStqaXlLvdeRJcEnUuiFCrHEVVbXRFZR7XVDZ02CE5o3MuaRPty8Kh+jRTF3COlAckHwYEJCNNJvXFgb2CNXL4mjzYDw== test@localhost]
    23:44:55.523 | 566 localvc.event-13 | DEBUG | a.p.s.l.SharedQueueManagementService : Build agent updated: null
    23:44:55.532 | 566 localvc.event-13 | DEBUG | p.s.l.LocalCIResultProcessingService : Result of build job with id 17451739576693934 added to queue
    23:44:55.534 | 566 localvc.event-13 | INFO  | p.s.l.LocalCIResultProcessingService : Processing build job result with id 17451739576693934
    23:44:55.535 | 566 localvc.event-13 | DEBUG | p.s.l.LocalCIResultProcessingService : Build jobs waiting in queue: 12
    23:44:55.550 | 566 localvc.event-13 | DEBUG | p.s.l.LocalCIResultProcessingService : Queued build jobs: [17461739576694099, 17471739576694103, 17481739576694246, 17491739576694250, 17501739576694407, 17511739576694411, 17521739576694519, 17531739576694522, 17551739576694666, 17561739576694670, 17581739576694813, 17591739576694814]
    23:44:55.558 | 566 localvc.event-13 | DEBUG | .s.ProgrammingExerciseGradingService : Received new build result (NEW) for participation 1745
    23:44:55.570 | 566 localvc.event-13 | WARN  | .s.ProgrammingExerciseGradingService : Could not find pending ProgrammingSubmission for Commit Hash 9b3a9bd71a0d80e5bbc42204c319ed3d1d4f0d6d (Participation 1745, Build Plan SHORT1433D0160BE1D048240B38F04F231AEE650FTSTEXC-BASE). Will create a new one subsequently...
    23:44:55.571 | 566 localvc.event-13 | DEBUG | d.t.c.a.a.p.service.GitService       : Cloning from file:///tmp/SHORT1433D0160BE1D048240B38F04F231AEE650FTSTEXC/short1433d0160be1d048240b38f04f231aee650ftstexc-exercise.git to repos/server-integration-test/SHORT1433D0160BE1D048240B38F04F231AEE650FTSTEXC/short1433d0160be1d048240b38f04f231aee650ftstexc-exercise
    23:44:55.586 | 566 localvc.event-13 | ERROR | d.t.c.a.a.p.service.GitService       : Could not delete directory after failed clone: /home/runner/work/Artemis/Artemis/repos/server-integration-test/SHORT1433D0160BE1D048240B38F04F231AEE650FTSTEXC/short1433d0160be1d048240b38f04f231aee650ftstexc-exercise
    23:44:55.586 | 566 localvc.event-13 | ERROR | p.s.l.LocalCIResultProcessingService : Error while processing build job: BuildJobQueueItem[id=17451739576693934, name=SHORT1433D0160BE1D048240B38F04F231AEE650FTSTEXC-BASE, buildAgent=BuildAgentDTO[name=artemis-build-agent-test, memberAddress=[127.0.0.1]:5703, displayName=artemis-build-agent-test], participationId=1745, courseId=871, exerciseId=2446, retryCount=0, priority=2, status=FAILED, repositoryInfo=RepositoryInfo[repositoryName=short1433d0160be1d048240b38f04f231aee650ftstexc-exercise, repositoryType=exercise, triggeredByPushTo=exercise, assignmentRepositoryUri=http://localhost:49152/git/SHORT1433D0160BE1D048240B38F04F231AEE650FTSTEXC/short1433d0160be1d048240b38f04f231aee650ftstexc-exercise.git, testRepositoryUri=http://nadnasidni.tum/scm/SHORT1433D0160BE1D048240B38F04F231AEE650FTSTEXC/SHORT1433D0160BE1D048240B38F04F231AEE650FTSTEXC-tests.git, solutionRepositoryUri=null, auxiliaryRepositoryUris=[Ljava.lang.String;@3e988aa8, auxiliaryRepositoryCheckoutDirectories=[Ljava.lang.String;@3c7b5828], jobTimingInfo=JobTimingInfo[submissionDate=2025-02-14T23:44:53.934335889Z[Etc/UTC], buildStartDate=2025-02-14T23:44:54.327124774Z[Etc/UTC], buildCompletionDate=2025-02-14T23:44:54.342227569Z[Etc/UTC], estimatedCompletionDate=2025-02-14T23:45:13.327117811Z[Etc/UTC], estimatedDuration=19], buildConfig=BuildConfig[buildScript=#!/bin/bash
cd /var/tmp/testing-dir
mvn clean test
, dockerImage=dummy-docker-image, commitHashToBuild=null, assignmentCommitHash=9b3a9bd71a0d80e5bbc42204c319ed3d1d4f0d6d, testCommitHash=9b3a9bd71a0d80e5bbc42204c319ed3d1d4f0d6d, branch=main, programmingLanguage=JAVA, projectType=PLAIN_MAVEN, scaEnabled=false, sequentialTestRunsEnabled=false, resultPaths=[/var/tmp/testing-dir/**/target/surefire-reports/*.xml], timeoutSeconds=0, assignmentCheckoutPath=null, testCheckoutPath=null, solutionCheckoutPath=null, dockerRunConfig=null], submissionResult=null]
]]></system-out>
  <system-err><![CDATA[]]></system-err>
</testsuite>
