<?xml version="1.0" encoding="UTF-8"?>
<testsuite name="de.tum.cit.aet.artemis.atlas.competency.CompetencyJolIntegrationTest$GetLatestJudgementOfLearningForCompetency" tests="4" skipped="0" failures="0" errors="0" timestamp="2025-02-14T23:42:59" hostname="fv-az1721-502" time="0.4">
  <properties/>
  <testcase name="shouldReturnNullForBothWhenNotExists()" classname="de.tum.cit.aet.artemis.atlas.competency.CompetencyJolIntegrationTest$GetLatestJudgementOfLearningForCompetency" time="0.104"/>
  <testcase name="shouldReturnValue()" classname="de.tum.cit.aet.artemis.atlas.competency.CompetencyJolIntegrationTest$GetLatestJudgementOfLearningForCompetency" time="0.132"/>
  <testcase name="shouldReturnBadRequestForCompetencyNotInCourse()" classname="de.tum.cit.aet.artemis.atlas.competency.CompetencyJolIntegrationTest$GetLatestJudgementOfLearningForCompetency" time="0.084"/>
  <testcase name="shouldReturnForbiddenForStudentNotInCourse()" classname="de.tum.cit.aet.artemis.atlas.competency.CompetencyJolIntegrationTest$GetLatestJudgementOfLearningForCompetency" time="0.064"/>
  <system-out><![CDATA[
Starting logs for GetLatestJudgementOfLearningForCompetency

  Starting logs for GetLatestJudgementOfLearningForCompetency > shouldReturnNullForBothWhenNotExists()
    23:42:59.917 | 119 Pool-1-worker-34 | DEBUG | d.t.c.a.a.c.u.util.UserUtilService   : Generate 1 students...
    23:42:59.922 | 119 Pool-1-worker-34 | DEBUG | d.t.c.a.a.c.u.util.UserUtilService   : 1 students generated. Generate 0 tutors...
    23:42:59.923 | 119 Pool-1-worker-34 | DEBUG | d.t.c.a.a.c.u.util.UserUtilService   : 0 tutors generated. Generate 0 editors...
    23:42:59.925 | 119 Pool-1-worker-34 | DEBUG | d.t.c.a.a.c.u.util.UserUtilService   : 0 editors generated. Generate 0 instructors...
    23:42:59.929 | 119 Pool-1-worker-34 | DEBUG | d.t.c.a.a.c.u.util.UserUtilService   : 0 instructors generated
    23:42:59.933 | 119 Pool-1-worker-34 | DEBUG | d.t.c.a.a.c.u.util.UserUtilService   : Removing 5 users from all courses...
    23:42:59.934 | 119 Pool-1-worker-34 | DEBUG | d.t.c.a.a.c.u.util.UserUtilService   : Removing 5 users from all courses. Done
    23:42:59.934 | 119 Pool-1-worker-34 | DEBUG | d.t.c.a.a.c.u.util.UserUtilService   : Save 1 users to database...
    23:42:59.935 | 119 Pool-1-worker-34 | DEBUG | d.t.c.a.a.c.u.util.UserUtilService   : Save 1 users to database. Done
    23:42:59.950 | 119 Pool-1-worker-34 | INFO  | i.z.t.d.l.EmbeddedDatabaseReporter   : JDBC URL to connect to 'dataSource': url='jdbc:h2:tcp://localhost:41063/mem:df70fc46-7e57-4cb5-9cd0-c1d90c14afa7;USER=sa', scope='GetLatestJudgementOfLearningForCompetency#shouldReturnNullForBothWhenNotExists'
    23:42:59.951 | 119 Pool-1-worker-34 | DEBUG | d.t.c.a.a.c.s.f.ApiVersionFilter     : Adding Version to Request GET /api/courses/583/course-competencies/77/jol
    23:42:59.961 | 119 Pool-1-worker-34 | DEBUG | t.c.a.a.a.w.CourseCompetencyResource : REST request to get judgement of learning for competency: 77

  Starting logs for GetLatestJudgementOfLearningForCompetency > shouldReturnValue()
    23:43:00.025 | 119 Pool-1-worker-34 | DEBUG | d.t.c.a.a.c.u.util.UserUtilService   : Generate 1 students...
    23:43:00.029 | 119 Pool-1-worker-34 | DEBUG | d.t.c.a.a.c.u.util.UserUtilService   : 1 students generated. Generate 0 tutors...
    23:43:00.034 | 119 Pool-1-worker-34 | DEBUG | d.t.c.a.a.c.u.util.UserUtilService   : 0 tutors generated. Generate 0 editors...
    23:43:00.038 | 119 Pool-1-worker-34 | DEBUG | d.t.c.a.a.c.u.util.UserUtilService   : 0 editors generated. Generate 0 instructors...
    23:43:00.039 | 119 Pool-1-worker-34 | DEBUG | d.t.c.a.a.c.u.util.UserUtilService   : 0 instructors generated
    23:43:00.043 | 119 Pool-1-worker-34 | DEBUG | d.t.c.a.a.c.u.util.UserUtilService   : Removing 2 users from all courses...
    23:43:00.044 | 119 Pool-1-worker-34 | DEBUG | d.t.c.a.a.c.u.util.UserUtilService   : Removing 2 users from all courses. Done
    23:43:00.044 | 119 Pool-1-worker-34 | DEBUG | d.t.c.a.a.c.u.util.UserUtilService   : Save 1 users to database...
    23:43:00.050 | 119 Pool-1-worker-34 | DEBUG | d.t.c.a.a.c.u.util.UserUtilService   : Save 1 users to database. Done
    23:43:00.073 | 119 Pool-1-worker-34 | INFO  | i.z.t.d.l.EmbeddedDatabaseReporter   : JDBC URL to connect to 'dataSource': url='jdbc:h2:tcp://localhost:41063/mem:df70fc46-7e57-4cb5-9cd0-c1d90c14afa7;USER=sa', scope='GetLatestJudgementOfLearningForCompetency#shouldReturnValue'
    23:43:00.079 | 119 Pool-1-worker-34 | DEBUG | d.t.c.a.a.c.s.f.ApiVersionFilter     : Adding Version to Request GET /api/courses/584/course-competencies/81/jol
    23:43:00.088 | 119 Pool-1-worker-34 | DEBUG | t.c.a.a.a.w.CourseCompetencyResource : REST request to get judgement of learning for competency: 81
    23:43:00.107 | 119 Pool-1-worker-34 | DEBUG | d.t.c.a.a.c.s.f.ApiVersionFilter     : Adding Version to Request GET /api/courses/584/course-competencies/81/jol
    23:43:00.114 | 119 Pool-1-worker-34 | DEBUG | t.c.a.a.a.w.CourseCompetencyResource : REST request to get judgement of learning for competency: 81

  Starting logs for GetLatestJudgementOfLearningForCompetency > shouldReturnBadRequestForCompetencyNotInCourse()
    23:43:00.163 | 119 Pool-1-worker-34 | DEBUG | d.t.c.a.a.c.u.util.UserUtilService   : Generate 1 students...
    23:43:00.169 | 119 Pool-1-worker-34 | DEBUG | d.t.c.a.a.c.u.util.UserUtilService   : 1 students generated. Generate 0 tutors...
    23:43:00.173 | 119 Pool-1-worker-34 | DEBUG | d.t.c.a.a.c.u.util.UserUtilService   : 0 tutors generated. Generate 0 editors...
    23:43:00.174 | 119 Pool-1-worker-34 | DEBUG | d.t.c.a.a.c.u.util.UserUtilService   : 0 editors generated. Generate 0 instructors...
    23:43:00.179 | 119 Pool-1-worker-34 | DEBUG | d.t.c.a.a.c.u.util.UserUtilService   : 0 instructors generated
    23:43:00.181 | 119 Pool-1-worker-34 | DEBUG | d.t.c.a.a.c.u.util.UserUtilService   : Removing 2 users from all courses...
    23:43:00.181 | 119 Pool-1-worker-34 | DEBUG | d.t.c.a.a.c.u.util.UserUtilService   : Removing 2 users from all courses. Done
    23:43:00.181 | 119 Pool-1-worker-34 | DEBUG | d.t.c.a.a.c.u.util.UserUtilService   : Save 1 users to database...
    23:43:00.190 | 119 Pool-1-worker-34 | DEBUG | d.t.c.a.a.c.u.util.UserUtilService   : Save 1 users to database. Done
    23:43:00.210 | 119 Pool-1-worker-34 | INFO  | i.z.t.d.l.EmbeddedDatabaseReporter   : JDBC URL to connect to 'dataSource': url='jdbc:h2:tcp://localhost:41063/mem:df70fc46-7e57-4cb5-9cd0-c1d90c14afa7;USER=sa', scope='GetLatestJudgementOfLearningForCompetency#shouldReturnBadRequestForCompetencyNotInCourse'
    23:43:00.217 | 119 Pool-1-worker-34 | DEBUG | d.t.c.a.a.c.s.f.ApiVersionFilter     : Adding Version to Request GET /api/courses/585/course-competencies/88/jol
    23:43:00.219 | 119 Pool-1-worker-34 | DEBUG | t.c.a.a.a.w.CourseCompetencyResource : REST request to get judgement of learning for competency: 88
    23:43:00.221 | 119 Pool-1-worker-34 | ERROR | tech.jhipster.web.util.HeaderUtil    : Entity processing failed, The competency does not belong to the course
    23:43:00.221 | 119 Pool-1-worker-34 | WARN  | o.z.p.spring.common.AdviceTraits     : Bad Request: The competency does not belong to the course

  Starting logs for GetLatestJudgementOfLearningForCompetency > shouldReturnForbiddenForStudentNotInCourse()
    23:43:00.245 | 119 Pool-1-worker-34 | DEBUG | d.t.c.a.a.c.u.util.UserUtilService   : Generate 1 students...
    23:43:00.248 | 119 Pool-1-worker-34 | DEBUG | d.t.c.a.a.c.u.util.UserUtilService   : 1 students generated. Generate 0 tutors...
    23:43:00.249 | 119 Pool-1-worker-34 | DEBUG | d.t.c.a.a.c.u.util.UserUtilService   : 0 tutors generated. Generate 0 editors...
    23:43:00.250 | 119 Pool-1-worker-34 | DEBUG | d.t.c.a.a.c.u.util.UserUtilService   : 0 editors generated. Generate 0 instructors...
    23:43:00.252 | 119 Pool-1-worker-34 | DEBUG | d.t.c.a.a.c.u.util.UserUtilService   : 0 instructors generated
    23:43:00.253 | 119 Pool-1-worker-34 | DEBUG | d.t.c.a.a.c.u.util.UserUtilService   : Removing 2 users from all courses...
    23:43:00.254 | 119 Pool-1-worker-34 | DEBUG | d.t.c.a.a.c.u.util.UserUtilService   : Removing 2 users from all courses. Done
    23:43:00.254 | 119 Pool-1-worker-34 | DEBUG | d.t.c.a.a.c.u.util.UserUtilService   : Save 1 users to database...
    23:43:00.258 | 119 Pool-1-worker-34 | DEBUG | d.t.c.a.a.c.u.util.UserUtilService   : Save 1 users to database. Done
    23:43:00.283 | 119 Pool-1-worker-34 | INFO  | i.z.t.d.l.EmbeddedDatabaseReporter   : JDBC URL to connect to 'dataSource': url='jdbc:h2:tcp://localhost:41063/mem:df70fc46-7e57-4cb5-9cd0-c1d90c14afa7;USER=sa', scope='GetLatestJudgementOfLearningForCompetency#shouldReturnForbiddenForStudentNotInCourse'
    23:43:00.287 | 119 Pool-1-worker-34 | DEBUG | d.t.c.a.a.c.s.f.ApiVersionFilter     : Adding Version to Request GET /api/courses/586/course-competencies/89/jol
    23:43:00.290 | 119 Pool-1-worker-34 | WARN  | o.z.p.spring.common.AdviceTraits     : Forbidden: You are not allowed to access the Course with id 586

Finished logs for GetLatestJudgementOfLearningForCompetency
]]></system-out>
  <system-err><![CDATA[]]></system-err>
</testsuite>
