<?xml version="1.0" encoding="UTF-8"?>
<testsuite name="de.tum.cit.aet.artemis.communication.notification.NotificationTargetFactoryTest" tests="6" skipped="0" failures="0" errors="0" timestamp="2025-02-14T23:39:28" hostname="fv-az1721-502" time="0.037">
  <properties/>
  <testcase name="extractNotificationUrl_NotificationType_ExerciseReleased()" classname="de.tum.cit.aet.artemis.communication.notification.NotificationTargetFactoryTest" time="0.006"/>
  <testcase name="extractNotificationUrl_NotificationType_ExerciseOpenForPractice()" classname="de.tum.cit.aet.artemis.communication.notification.NotificationTargetFactoryTest" time="0.005"/>
  <testcase name="extractNotificationUrl_NotificationType_FileSubmissionSuccessful()" classname="de.tum.cit.aet.artemis.communication.notification.NotificationTargetFactoryTest" time="0.004"/>
  <testcase name="extractNotificationUrl_NotificationType_AttachmentChanged()" classname="de.tum.cit.aet.artemis.communication.notification.NotificationTargetFactoryTest" time="0.008"/>
  <testcase name="extractNotificationUrl_NotificationType_DuplicateTestCases()" classname="de.tum.cit.aet.artemis.communication.notification.NotificationTargetFactoryTest" time="0.002"/>
  <testcase name="extractNotificationUrl_Posts_Announcement()" classname="de.tum.cit.aet.artemis.communication.notification.NotificationTargetFactoryTest" time="0.001"/>
  <system-out><![CDATA[
Starting logs for NotificationTargetFactoryTest

  Starting logs for NotificationTargetFactoryTest > extractNotificationUrl_NotificationType_ExerciseReleased()

  Starting logs for NotificationTargetFactoryTest > extractNotificationUrl_NotificationType_ExerciseOpenForPractice()

  Starting logs for NotificationTargetFactoryTest > extractNotificationUrl_NotificationType_FileSubmissionSuccessful()

  Starting logs for NotificationTargetFactoryTest > extractNotificationUrl_NotificationType_AttachmentChanged()

  Starting logs for NotificationTargetFactoryTest > extractNotificationUrl_NotificationType_DuplicateTestCases()

  Starting logs for NotificationTargetFactoryTest > extractNotificationUrl_Posts_Announcement()

Finished logs for NotificationTargetFactoryTest
]]></system-out>
  <system-err><![CDATA[]]></system-err>
</testsuite>
