<?xml version="1.0" encoding="UTF-8"?>
<testsuite name="de.tum.cit.aet.artemis.communication.notification.NotificationSettingsServiceTest" tests="7" skipped="0" failures="0" errors="0" timestamp="2025-02-14T23:44:12" hostname="fv-az1721-502" time="0.389">
  <properties/>
  <testcase name="testCheckLoadedNotificationSettingsForCorrectness_correct()" classname="de.tum.cit.aet.artemis.communication.notification.NotificationSettingsServiceTest" time="0.062"/>
  <testcase name="testCheckLoadedNotificationSettingsForCorrectness_outdated()" classname="de.tum.cit.aet.artemis.communication.notification.NotificationSettingsServiceTest" time="0.075"/>
  <testcase name="testCheckLoadedNotificationSettingsForCorrectness_empty()" classname="de.tum.cit.aet.artemis.communication.notification.NotificationSettingsServiceTest" time="0.055"/>
  <testcase name="testCheckLoadedNotificationSettingsForCorrectness_incomplete()" classname="de.tum.cit.aet.artemis.communication.notification.NotificationSettingsServiceTest" time="0.04"/>
  <testcase name="testFindDeactivatedNotificationTypes()" classname="de.tum.cit.aet.artemis.communication.notification.NotificationSettingsServiceTest" time="0.025"/>
  <testcase name="testSetCurrentUser()" classname="de.tum.cit.aet.artemis.communication.notification.NotificationSettingsServiceTest" time="0.05"/>
  <testcase name="testCheckIfNotificationEmailAndPushIsAllowedBySettingsForGivenUser()" classname="de.tum.cit.aet.artemis.communication.notification.NotificationSettingsServiceTest" time="0.066"/>
  <system-out><![CDATA[
Starting logs for NotificationSettingsServiceTest

  Starting logs for NotificationSettingsServiceTest > testCheckLoadedNotificationSettingsForCorrectness_correct()
    23:44:12.679 | 169 Pool-1-worker-62 | DEBUG | d.t.c.a.a.c.u.util.UserUtilService   : Generate 1 students...
    23:44:12.685 | 169 Pool-1-worker-62 | DEBUG | d.t.c.a.a.c.u.util.UserUtilService   : 1 students generated. Generate 0 tutors...
    23:44:12.686 | 169 Pool-1-worker-62 | DEBUG | d.t.c.a.a.c.u.util.UserUtilService   : 0 tutors generated. Generate 0 editors...
    23:44:12.691 | 169 Pool-1-worker-62 | DEBUG | d.t.c.a.a.c.u.util.UserUtilService   : 0 editors generated. Generate 0 instructors...
    23:44:12.692 | 169 Pool-1-worker-62 | DEBUG | d.t.c.a.a.c.u.util.UserUtilService   : 0 instructors generated
    23:44:12.695 | 169 Pool-1-worker-62 | DEBUG | d.t.c.a.a.c.u.util.UserUtilService   : Removing 5 users from all courses...
    23:44:12.696 | 169 Pool-1-worker-62 | DEBUG | d.t.c.a.a.c.u.util.UserUtilService   : Removing 5 users from all courses. Done
    23:44:12.696 | 169 Pool-1-worker-62 | DEBUG | d.t.c.a.a.c.u.util.UserUtilService   : Save 1 users to database...
    23:44:12.703 | 169 Pool-1-worker-62 | DEBUG | d.t.c.a.a.c.u.util.UserUtilService   : Save 1 users to database. Done
    23:44:12.706 | 169 Pool-1-worker-62 | INFO  | i.z.t.d.l.EmbeddedDatabaseReporter   : JDBC URL to connect to 'dataSource': url='jdbc:h2:tcp://localhost:41063/mem:df70fc46-7e57-4cb5-9cd0-c1d90c14afa7;USER=sa', scope='NotificationSettingsServiceTest#testCheckLoadedNotificationSettingsForCorrectness_correct'

  Starting logs for NotificationSettingsServiceTest > testCheckLoadedNotificationSettingsForCorrectness_outdated()
    23:44:12.746 | 169 Pool-1-worker-62 | DEBUG | d.t.c.a.a.c.u.util.UserUtilService   : Generate 1 students...
    23:44:12.752 | 169 Pool-1-worker-62 | DEBUG | d.t.c.a.a.c.u.util.UserUtilService   : 1 students generated. Generate 0 tutors...
    23:44:12.753 | 169 Pool-1-worker-62 | DEBUG | d.t.c.a.a.c.u.util.UserUtilService   : 0 tutors generated. Generate 0 editors...
    23:44:12.758 | 169 Pool-1-worker-62 | DEBUG | d.t.c.a.a.c.u.util.UserUtilService   : 0 editors generated. Generate 0 instructors...
    23:44:12.759 | 169 Pool-1-worker-62 | DEBUG | d.t.c.a.a.c.u.util.UserUtilService   : 0 instructors generated
    23:44:12.764 | 169 Pool-1-worker-62 | DEBUG | d.t.c.a.a.c.u.util.UserUtilService   : Removing 1 users from all courses...
    23:44:12.765 | 169 Pool-1-worker-62 | DEBUG | d.t.c.a.a.c.u.util.UserUtilService   : Removing 1 users from all courses. Done
    23:44:12.765 | 169 Pool-1-worker-62 | DEBUG | d.t.c.a.a.c.u.util.UserUtilService   : Save 1 users to database...
    23:44:12.771 | 169 Pool-1-worker-62 | DEBUG | d.t.c.a.a.c.u.util.UserUtilService   : Save 1 users to database. Done
    23:44:12.772 | 169 Pool-1-worker-62 | INFO  | i.z.t.d.l.EmbeddedDatabaseReporter   : JDBC URL to connect to 'dataSource': url='jdbc:h2:tcp://localhost:41063/mem:df70fc46-7e57-4cb5-9cd0-c1d90c14afa7;USER=sa', scope='NotificationSettingsServiceTest#testCheckLoadedNotificationSettingsForCorrectness_outdated'

  Starting logs for NotificationSettingsServiceTest > testCheckLoadedNotificationSettingsForCorrectness_empty()
    23:44:12.821 | 169 Pool-1-worker-62 | DEBUG | d.t.c.a.a.c.u.util.UserUtilService   : Generate 1 students...
    23:44:12.827 | 169 Pool-1-worker-62 | DEBUG | d.t.c.a.a.c.u.util.UserUtilService   : 1 students generated. Generate 0 tutors...
    23:44:12.831 | 169 Pool-1-worker-62 | DEBUG | d.t.c.a.a.c.u.util.UserUtilService   : 0 tutors generated. Generate 0 editors...
    23:44:12.832 | 169 Pool-1-worker-62 | DEBUG | d.t.c.a.a.c.u.util.UserUtilService   : 0 editors generated. Generate 0 instructors...
    23:44:12.836 | 169 Pool-1-worker-62 | DEBUG | d.t.c.a.a.c.u.util.UserUtilService   : 0 instructors generated
    23:44:12.838 | 169 Pool-1-worker-62 | DEBUG | d.t.c.a.a.c.u.util.UserUtilService   : Removing 1 users from all courses...
    23:44:12.838 | 169 Pool-1-worker-62 | DEBUG | d.t.c.a.a.c.u.util.UserUtilService   : Removing 1 users from all courses. Done
    23:44:12.838 | 169 Pool-1-worker-62 | DEBUG | d.t.c.a.a.c.u.util.UserUtilService   : Save 1 users to database...
    23:44:12.843 | 169 Pool-1-worker-62 | DEBUG | d.t.c.a.a.c.u.util.UserUtilService   : Save 1 users to database. Done
    23:44:12.844 | 169 Pool-1-worker-62 | INFO  | i.z.t.d.l.EmbeddedDatabaseReporter   : JDBC URL to connect to 'dataSource': url='jdbc:h2:tcp://localhost:41063/mem:df70fc46-7e57-4cb5-9cd0-c1d90c14afa7;USER=sa', scope='NotificationSettingsServiceTest#testCheckLoadedNotificationSettingsForCorrectness_empty'

  Starting logs for NotificationSettingsServiceTest > testCheckLoadedNotificationSettingsForCorrectness_incomplete()
    23:44:12.877 | 169 Pool-1-worker-62 | DEBUG | d.t.c.a.a.c.u.util.UserUtilService   : Generate 1 students...
    23:44:12.881 | 169 Pool-1-worker-62 | DEBUG | d.t.c.a.a.c.u.util.UserUtilService   : 1 students generated. Generate 0 tutors...
    23:44:12.882 | 169 Pool-1-worker-62 | DEBUG | d.t.c.a.a.c.u.util.UserUtilService   : 0 tutors generated. Generate 0 editors...
    23:44:12.884 | 169 Pool-1-worker-62 | DEBUG | d.t.c.a.a.c.u.util.UserUtilService   : 0 editors generated. Generate 0 instructors...
    23:44:12.885 | 169 Pool-1-worker-62 | DEBUG | d.t.c.a.a.c.u.util.UserUtilService   : 0 instructors generated
    23:44:12.887 | 169 Pool-1-worker-62 | DEBUG | d.t.c.a.a.c.u.util.UserUtilService   : Removing 1 users from all courses...
    23:44:12.887 | 169 Pool-1-worker-62 | DEBUG | d.t.c.a.a.c.u.util.UserUtilService   : Removing 1 users from all courses. Done
    23:44:12.887 | 169 Pool-1-worker-62 | DEBUG | d.t.c.a.a.c.u.util.UserUtilService   : Save 1 users to database...
    23:44:12.889 | 169 Pool-1-worker-62 | DEBUG | d.t.c.a.a.c.u.util.UserUtilService   : Save 1 users to database. Done
    23:44:12.890 | 169 Pool-1-worker-62 | INFO  | i.z.t.d.l.EmbeddedDatabaseReporter   : JDBC URL to connect to 'dataSource': url='jdbc:h2:tcp://localhost:41063/mem:df70fc46-7e57-4cb5-9cd0-c1d90c14afa7;USER=sa', scope='NotificationSettingsServiceTest#testCheckLoadedNotificationSettingsForCorrectness_incomplete'

  Starting logs for NotificationSettingsServiceTest > testFindDeactivatedNotificationTypes()
    23:44:12.913 | 169 Pool-1-worker-62 | DEBUG | d.t.c.a.a.c.u.util.UserUtilService   : Generate 1 students...
    23:44:12.916 | 169 Pool-1-worker-62 | DEBUG | d.t.c.a.a.c.u.util.UserUtilService   : 1 students generated. Generate 0 tutors...
    23:44:12.917 | 169 Pool-1-worker-62 | DEBUG | d.t.c.a.a.c.u.util.UserUtilService   : 0 tutors generated. Generate 0 editors...
    23:44:12.919 | 169 Pool-1-worker-62 | DEBUG | d.t.c.a.a.c.u.util.UserUtilService   : 0 editors generated. Generate 0 instructors...
    23:44:12.920 | 169 Pool-1-worker-62 | DEBUG | d.t.c.a.a.c.u.util.UserUtilService   : 0 instructors generated
    23:44:12.921 | 169 Pool-1-worker-62 | DEBUG | d.t.c.a.a.c.u.util.UserUtilService   : Removing 1 users from all courses...
    23:44:12.922 | 169 Pool-1-worker-62 | DEBUG | d.t.c.a.a.c.u.util.UserUtilService   : Removing 1 users from all courses. Done
    23:44:12.922 | 169 Pool-1-worker-62 | DEBUG | d.t.c.a.a.c.u.util.UserUtilService   : Save 1 users to database...
    23:44:12.923 | 169 Pool-1-worker-62 | DEBUG | d.t.c.a.a.c.u.util.UserUtilService   : Save 1 users to database. Done
    23:44:12.925 | 169 Pool-1-worker-62 | INFO  | i.z.t.d.l.EmbeddedDatabaseReporter   : JDBC URL to connect to 'dataSource': url='jdbc:h2:tcp://localhost:41063/mem:df70fc46-7e57-4cb5-9cd0-c1d90c14afa7;USER=sa', scope='NotificationSettingsServiceTest#testFindDeactivatedNotificationTypes'

  Starting logs for NotificationSettingsServiceTest > testSetCurrentUser()
    23:44:12.945 | 169 Pool-1-worker-62 | DEBUG | d.t.c.a.a.c.u.util.UserUtilService   : Generate 1 students...
    23:44:12.951 | 169 Pool-1-worker-62 | DEBUG | d.t.c.a.a.c.u.util.UserUtilService   : 1 students generated. Generate 0 tutors...
    23:44:12.952 | 169 Pool-1-worker-62 | DEBUG | d.t.c.a.a.c.u.util.UserUtilService   : 0 tutors generated. Generate 0 editors...
    23:44:12.956 | 169 Pool-1-worker-62 | DEBUG | d.t.c.a.a.c.u.util.UserUtilService   : 0 editors generated. Generate 0 instructors...
    23:44:12.957 | 169 Pool-1-worker-62 | DEBUG | d.t.c.a.a.c.u.util.UserUtilService   : 0 instructors generated
    23:44:12.962 | 169 Pool-1-worker-62 | DEBUG | d.t.c.a.a.c.u.util.UserUtilService   : Removing 1 users from all courses...
    23:44:12.962 | 169 Pool-1-worker-62 | DEBUG | d.t.c.a.a.c.u.util.UserUtilService   : Removing 1 users from all courses. Done
    23:44:12.962 | 169 Pool-1-worker-62 | DEBUG | d.t.c.a.a.c.u.util.UserUtilService   : Save 1 users to database...
    23:44:12.967 | 169 Pool-1-worker-62 | DEBUG | d.t.c.a.a.c.u.util.UserUtilService   : Save 1 users to database. Done
    23:44:12.968 | 169 Pool-1-worker-62 | INFO  | i.z.t.d.l.EmbeddedDatabaseReporter   : JDBC URL to connect to 'dataSource': url='jdbc:h2:tcp://localhost:41063/mem:df70fc46-7e57-4cb5-9cd0-c1d90c14afa7;USER=sa', scope='NotificationSettingsServiceTest#testSetCurrentUser'

  Starting logs for NotificationSettingsServiceTest > testCheckIfNotificationEmailAndPushIsAllowedBySettingsForGivenUser()
    23:44:12.999 | 169 Pool-1-worker-62 | DEBUG | d.t.c.a.a.c.u.util.UserUtilService   : Generate 1 students...
    23:44:13.005 | 169 Pool-1-worker-62 | DEBUG | d.t.c.a.a.c.u.util.UserUtilService   : 1 students generated. Generate 0 tutors...
    23:44:13.008 | 169 Pool-1-worker-62 | DEBUG | d.t.c.a.a.c.u.util.UserUtilService   : 0 tutors generated. Generate 0 editors...
    23:44:13.010 | 169 Pool-1-worker-62 | DEBUG | d.t.c.a.a.c.u.util.UserUtilService   : 0 editors generated. Generate 0 instructors...
    23:44:13.013 | 169 Pool-1-worker-62 | DEBUG | d.t.c.a.a.c.u.util.UserUtilService   : 0 instructors generated
    23:44:13.015 | 169 Pool-1-worker-62 | DEBUG | d.t.c.a.a.c.u.util.UserUtilService   : Removing 1 users from all courses...
    23:44:13.015 | 169 Pool-1-worker-62 | DEBUG | d.t.c.a.a.c.u.util.UserUtilService   : Removing 1 users from all courses. Done
    23:44:13.015 | 169 Pool-1-worker-62 | DEBUG | d.t.c.a.a.c.u.util.UserUtilService   : Save 1 users to database...
    23:44:13.021 | 169 Pool-1-worker-62 | DEBUG | d.t.c.a.a.c.u.util.UserUtilService   : Save 1 users to database. Done
    23:44:13.023 | 169 Pool-1-worker-62 | INFO  | i.z.t.d.l.EmbeddedDatabaseReporter   : JDBC URL to connect to 'dataSource': url='jdbc:h2:tcp://localhost:41063/mem:df70fc46-7e57-4cb5-9cd0-c1d90c14afa7;USER=sa', scope='NotificationSettingsServiceTest#testCheckIfNotificationEmailAndPushIsAllowedBySettingsForGivenUser'

Finished logs for NotificationSettingsServiceTest
]]></system-out>
  <system-err><![CDATA[]]></system-err>
</testsuite>
