<?xml version="1.0" encoding="UTF-8"?>
<testsuite name="de.tum.cit.aet.artemis.plagiarism.PlagiarismAnswerPostIntegrationTest" tests="36" skipped="0" failures="0" errors="0" timestamp="2025-02-14T23:47:07" hostname="fv-az1721-502" time="5.441">
  <properties/>
  <testcase name="testPostingNotAllowedIfDisabledSetting()" classname="de.tum.cit.aet.artemis.plagiarism.PlagiarismAnswerPostIntegrationTest" time="0.185"/>
  <testcase name="testDeleteAnswerPost()" classname="de.tum.cit.aet.artemis.plagiarism.PlagiarismAnswerPostIntegrationTest" time="0.233"/>
  <testcase name="[1] userMention=no mention, isUserMentionValid=true" classname="de.tum.cit.aet.artemis.plagiarism.PlagiarismAnswerPostIntegrationTest" time="0.206"/>
  <testcase name="[2] userMention=[user]answerpostintegrationstudent1First answerpostintegrationstudent1Last(answerpostintegrationstudent1)[/user], isUserMentionValid=true" classname="de.tum.cit.aet.artemis.plagiarism.PlagiarismAnswerPostIntegrationTest" time="0.186"/>
  <testcase name="[3] userMention=[user](answerpostintegrationstudent1)[/user], isUserMentionValid=false" classname="de.tum.cit.aet.artemis.plagiarism.PlagiarismAnswerPostIntegrationTest" time="0.129"/>
  <testcase name="[4] userMention=[user]answerpostintegrationstudent1First answerpostintegrationstudent1Last()[/user], isUserMentionValid=false" classname="de.tum.cit.aet.artemis.plagiarism.PlagiarismAnswerPostIntegrationTest" time="0.211"/>
  <testcase name="[5] userMention=[user]answerpostintegrationstudent1First answerpostintegrationstudent1Last[/user], isUserMentionValid=false" classname="de.tum.cit.aet.artemis.plagiarism.PlagiarismAnswerPostIntegrationTest" time="0.14"/>
  <testcase name="[6] userMention=[user]answerpostintegrationstudent2First answerpostintegrationstudent2Last(answerpostintegrationstudent2)[/user][user]answerpostintegrationstudent1First answerpostintegrationstudent1Last(answerpostintegrationstudent1)[/user], isUserMentionValid=true" classname="de.tum.cit.aet.artemis.plagiarism.PlagiarismAnswerPostIntegrationTest" time="0.158"/>
  <testcase name="[7] userMention=[user]invalidName(answerpostintegrationstudent1)[/user], isUserMentionValid=false" classname="de.tum.cit.aet.artemis.plagiarism.PlagiarismAnswerPostIntegrationTest" time="0.127"/>
  <testcase name="[8] userMention=[user]noCourseMemberFirst noCourseMemberLast(nocoursemember)[/user], isUserMentionValid=false" classname="de.tum.cit.aet.artemis.plagiarism.PlagiarismAnswerPostIntegrationTest" time="0.127"/>
  <testcase name="[9] userMention=[user]invalidName[user]answerpostintegrationstudent1First answerpostintegrationstudent1Last(answerpostintegrationstudent1)[/user](invalid)[/user], isUserMentionValid=true" classname="de.tum.cit.aet.artemis.plagiarism.PlagiarismAnswerPostIntegrationTest" time="0.141"/>
  <testcase name="testEditAnswerPostWithIdIsNull_badRequest()" classname="de.tum.cit.aet.artemis.plagiarism.PlagiarismAnswerPostIntegrationTest" time="0.091"/>
  <testcase name="[1] userMention=no mention, isUserMentionValid=true" classname="de.tum.cit.aet.artemis.plagiarism.PlagiarismAnswerPostIntegrationTest" time="0.087"/>
  <testcase name="[2] userMention=[user]answerpostintegrationstudent1First answerpostintegrationstudent1Last(answerpostintegrationstudent1)[/user], isUserMentionValid=true" classname="de.tum.cit.aet.artemis.plagiarism.PlagiarismAnswerPostIntegrationTest" time="0.112"/>
  <testcase name="[3] userMention=[user](answerpostintegrationstudent1)[/user], isUserMentionValid=false" classname="de.tum.cit.aet.artemis.plagiarism.PlagiarismAnswerPostIntegrationTest" time="0.145"/>
  <testcase name="[4] userMention=[user]answerpostintegrationstudent1First answerpostintegrationstudent1Last()[/user], isUserMentionValid=false" classname="de.tum.cit.aet.artemis.plagiarism.PlagiarismAnswerPostIntegrationTest" time="0.128"/>
  <testcase name="[5] userMention=[user]answerpostintegrationstudent1First answerpostintegrationstudent1Last[/user], isUserMentionValid=false" classname="de.tum.cit.aet.artemis.plagiarism.PlagiarismAnswerPostIntegrationTest" time="0.156"/>
  <testcase name="[6] userMention=[user]answerpostintegrationstudent2First answerpostintegrationstudent2Last(answerpostintegrationstudent2)[/user][user]answerpostintegrationstudent1First answerpostintegrationstudent1Last(answerpostintegrationstudent1)[/user], isUserMentionValid=true" classname="de.tum.cit.aet.artemis.plagiarism.PlagiarismAnswerPostIntegrationTest" time="0.154"/>
  <testcase name="[7] userMention=[user]invalidName(answerpostintegrationstudent1)[/user], isUserMentionValid=false" classname="de.tum.cit.aet.artemis.plagiarism.PlagiarismAnswerPostIntegrationTest" time="0.112"/>
  <testcase name="[8] userMention=[user]noCourseMemberFirst noCourseMemberLast(nocoursemember)[/user], isUserMentionValid=false" classname="de.tum.cit.aet.artemis.plagiarism.PlagiarismAnswerPostIntegrationTest" time="0.101"/>
  <testcase name="[9] userMention=[user]invalidName[user]answerpostintegrationstudent1First answerpostintegrationstudent1Last(answerpostintegrationstudent1)[/user](invalid)[/user], isUserMentionValid=true" classname="de.tum.cit.aet.artemis.plagiarism.PlagiarismAnswerPostIntegrationTest" time="0.093"/>
  <testcase name="testToggleResolvesPost_notAuthor_forbidden()" classname="de.tum.cit.aet.artemis.plagiarism.PlagiarismAnswerPostIntegrationTest" time="0.151"/>
  <testcase name="testEditAnswerPostWithWrongCourseId_badRequest()" classname="de.tum.cit.aet.artemis.plagiarism.PlagiarismAnswerPostIntegrationTest" time="0.148"/>
  <testcase name="testEditAnswerPost_asStudent2_forbidden()" classname="de.tum.cit.aet.artemis.plagiarism.PlagiarismAnswerPostIntegrationTest" time="0.144"/>
  <testcase name="testDeleteAnswerPosts_asStudent2_forbidden()" classname="de.tum.cit.aet.artemis.plagiarism.PlagiarismAnswerPostIntegrationTest" time="0.176"/>
  <testcase name="testDeleteResolvingAnswerPost_asAuthor()" classname="de.tum.cit.aet.artemis.plagiarism.PlagiarismAnswerPostIntegrationTest" time="0.213"/>
  <testcase name="testDeleteAnswerPosts_asStudent1()" classname="de.tum.cit.aet.artemis.plagiarism.PlagiarismAnswerPostIntegrationTest" time="0.154"/>
  <testcase name="testGetPlagiarismPostsForCourse_Forbidden()" classname="de.tum.cit.aet.artemis.plagiarism.PlagiarismAnswerPostIntegrationTest" time="0.139"/>
  <testcase name="testEditAnswerPost_asStudent1()" classname="de.tum.cit.aet.artemis.plagiarism.PlagiarismAnswerPostIntegrationTest" time="0.171"/>
  <testcase name="testToggleResolvesPost()" classname="de.tum.cit.aet.artemis.plagiarism.PlagiarismAnswerPostIntegrationTest" time="0.203"/>
  <testcase name="testEditAnswerPost_asStudent_Forbidden()" classname="de.tum.cit.aet.artemis.plagiarism.PlagiarismAnswerPostIntegrationTest" time="0.131"/>
  <testcase name="testToggleResolvesPost_asPostAuthor()" classname="de.tum.cit.aet.artemis.plagiarism.PlagiarismAnswerPostIntegrationTest" time="0.176"/>
  <testcase name="testCreateExistingAnswerPost_badRequest()" classname="de.tum.cit.aet.artemis.plagiarism.PlagiarismAnswerPostIntegrationTest" time="0.124"/>
  <testcase name="testGetPlagiarismPostsForCourse_BadRequest()" classname="de.tum.cit.aet.artemis.plagiarism.PlagiarismAnswerPostIntegrationTest" time="0.127"/>
  <testcase name="testDeleteAnswerPost_asStudent_notFound()" classname="de.tum.cit.aet.artemis.plagiarism.PlagiarismAnswerPostIntegrationTest" time="0.107"/>
  <testcase name="testGetPlagiarismPostsForCourse()" classname="de.tum.cit.aet.artemis.plagiarism.PlagiarismAnswerPostIntegrationTest" time="0.185"/>
  <system-out><![CDATA[
Starting logs for PlagiarismAnswerPostIntegrationTest

  Starting logs for PlagiarismAnswerPostIntegrationTest > testPostingNotAllowedIfDisabledSetting()
    23:47:07.301 | 433 ool-1-worker-197 | DEBUG | d.t.c.a.a.c.u.util.UserUtilService   : Generate 4 students...
    23:47:07.308 | 433 ool-1-worker-197 | DEBUG | d.t.c.a.a.c.u.util.UserUtilService   : 4 students generated. Generate 4 tutors...
    23:47:07.314 | 433 ool-1-worker-197 | DEBUG | d.t.c.a.a.c.u.util.UserUtilService   : 4 tutors generated. Generate 4 editors...
    23:47:07.320 | 433 ool-1-worker-197 | DEBUG | d.t.c.a.a.c.u.util.UserUtilService   : 4 editors generated. Generate 1 instructors...
    23:47:07.325 | 433 ool-1-worker-197 | DEBUG | d.t.c.a.a.c.u.util.UserUtilService   : 1 instructors generated
    23:47:07.330 | 433 ool-1-worker-197 | DEBUG | d.t.c.a.a.c.u.util.UserUtilService   : Removing 3 users from all courses...
    23:47:07.331 | 433 ool-1-worker-197 | DEBUG | d.t.c.a.a.c.u.util.UserUtilService   : Removing 3 users from all courses. Done
    23:47:07.331 | 433 ool-1-worker-197 | DEBUG | d.t.c.a.a.c.u.util.UserUtilService   : Save 13 users to database...
    23:47:07.337 | 433 ool-1-worker-197 | DEBUG | d.t.c.a.a.c.u.util.UserUtilService   : Save 13 users to database. Done
    23:47:07.413 | 433 ool-1-worker-197 | INFO  | i.z.t.d.l.EmbeddedDatabaseReporter   : JDBC URL to connect to 'dataSource': url='jdbc:h2:tcp://localhost:41063/mem:df70fc46-7e57-4cb5-9cd0-c1d90c14afa7;USER=sa', scope='PlagiarismAnswerPostIntegrationTest#testPostingNotAllowedIfDisabledSetting'
    23:47:07.416 | 433 ool-1-worker-197 | DEBUG | d.t.c.a.a.c.s.f.ApiVersionFilter     : Adding Version to Request POST /api/courses/2363/answer-posts
    23:47:07.417 | 433 ool-1-worker-197 | DEBUG | a.a.p.w.PlagiarismAnswerPostResource : POST createAnswerPost invoked for course 2363 with post Content Answer Post
    23:47:07.436 | 433 ool-1-worker-197 | INFO  | a.a.p.w.PlagiarismAnswerPostResource : createAnswerPost took 19.69ms

  Starting logs for PlagiarismAnswerPostIntegrationTest > testDeleteAnswerPost()
    23:47:07.472 | 433 ool-1-worker-197 | DEBUG | d.t.c.a.a.c.u.util.UserUtilService   : Generate 4 students...
    23:47:07.486 | 433 ool-1-worker-197 | DEBUG | d.t.c.a.a.c.u.util.UserUtilService   : 4 students generated. Generate 4 tutors...
    23:47:07.498 | 433 ool-1-worker-197 | DEBUG | d.t.c.a.a.c.u.util.UserUtilService   : 4 tutors generated. Generate 4 editors...
    23:47:07.514 | 433 ool-1-worker-197 | DEBUG | d.t.c.a.a.c.u.util.UserUtilService   : 4 editors generated. Generate 1 instructors...
    23:47:07.520 | 433 ool-1-worker-197 | DEBUG | d.t.c.a.a.c.u.util.UserUtilService   : 1 instructors generated
    23:47:07.523 | 433 ool-1-worker-197 | DEBUG | d.t.c.a.a.c.u.util.UserUtilService   : Removing 13 users from all courses...
    23:47:07.527 | 433 ool-1-worker-197 | DEBUG | d.t.c.a.a.c.u.util.UserUtilService   : Removing 13 users from all courses. Done
    23:47:07.527 | 433 ool-1-worker-197 | DEBUG | d.t.c.a.a.c.u.util.UserUtilService   : Save 13 users to database...
    23:47:07.553 | 433 ool-1-worker-197 | DEBUG | d.t.c.a.a.c.u.util.UserUtilService   : Save 13 users to database. Done
    23:47:07.632 | 433 ool-1-worker-197 | INFO  | i.z.t.d.l.EmbeddedDatabaseReporter   : JDBC URL to connect to 'dataSource': url='jdbc:h2:tcp://localhost:41063/mem:df70fc46-7e57-4cb5-9cd0-c1d90c14afa7;USER=sa', scope='PlagiarismAnswerPostIntegrationTest#testDeleteAnswerPost'
    23:47:07.634 | 433 ool-1-worker-197 | DEBUG | d.t.c.a.a.c.s.f.ApiVersionFilter     : Adding Version to Request DELETE /api/courses/2364/answer-posts/655
    23:47:07.634 | 433 ool-1-worker-197 | DEBUG | a.a.p.w.PlagiarismAnswerPostResource : PUT deleteAnswerPost invoked for course 2364 on post 655
    23:47:07.672 | 433 ool-1-worker-197 | INFO  | a.a.p.w.PlagiarismAnswerPostResource : deleteAnswerPost took 37.91ms

  Starting logs for PlagiarismAnswerPostIntegrationTest > [1] userMention=no mention, isUserMentionValid=true
    23:47:07.714 | 433 ool-1-worker-197 | DEBUG | d.t.c.a.a.c.u.util.UserUtilService   : Generate 4 students...
    23:47:07.728 | 433 ool-1-worker-197 | DEBUG | d.t.c.a.a.c.u.util.UserUtilService   : 4 students generated. Generate 4 tutors...
    23:47:07.749 | 433 ool-1-worker-197 | DEBUG | d.t.c.a.a.c.u.util.UserUtilService   : 4 tutors generated. Generate 4 editors...
    23:47:07.761 | 433 ool-1-worker-197 | DEBUG | d.t.c.a.a.c.u.util.UserUtilService   : 4 editors generated. Generate 1 instructors...
    23:47:07.767 | 433 ool-1-worker-197 | DEBUG | d.t.c.a.a.c.u.util.UserUtilService   : 1 instructors generated
    23:47:07.773 | 433 ool-1-worker-197 | DEBUG | d.t.c.a.a.c.u.util.UserUtilService   : Removing 13 users from all courses...
    23:47:07.774 | 433 ool-1-worker-197 | DEBUG | d.t.c.a.a.c.u.util.UserUtilService   : Removing 13 users from all courses. Done
    23:47:07.774 | 433 ool-1-worker-197 | DEBUG | d.t.c.a.a.c.u.util.UserUtilService   : Save 13 users to database...
    23:47:07.792 | 433 ool-1-worker-197 | DEBUG | d.t.c.a.a.c.u.util.UserUtilService   : Save 13 users to database. Done
    23:47:07.873 | 433 ool-1-worker-197 | INFO  | i.z.t.d.l.EmbeddedDatabaseReporter   : JDBC URL to connect to 'dataSource': url='jdbc:h2:tcp://localhost:41063/mem:df70fc46-7e57-4cb5-9cd0-c1d90c14afa7;USER=sa', scope='PlagiarismAnswerPostIntegrationTest#testCreateAnswerPostWithUserMention'
    23:47:07.875 | 433 ool-1-worker-197 | DEBUG | d.t.c.a.a.c.s.f.ApiVersionFilter     : Adding Version to Request POST /api/courses/2365/answer-posts
    23:47:07.879 | 433 ool-1-worker-197 | DEBUG | a.a.p.w.PlagiarismAnswerPostResource : POST createAnswerPost invoked for course 2365 with post no mention
    23:47:07.892 | 433 ool-1-worker-197 | INFO  | a.a.p.w.PlagiarismAnswerPostResource : createAnswerPost took 12.94ms

  Starting logs for PlagiarismAnswerPostIntegrationTest > [2] userMention=[user]answerpostintegrationstudent1First answerpostintegrationstudent1Last(answerpostintegrationstudent1)[/user], isUserMentionValid=true
    23:47:07.913 | 433 ool-1-worker-197 | DEBUG | d.t.c.a.a.c.u.util.UserUtilService   : Generate 4 students...
    23:47:07.929 | 433 ool-1-worker-197 | DEBUG | d.t.c.a.a.c.u.util.UserUtilService   : 4 students generated. Generate 4 tutors...
    23:47:07.941 | 433 ool-1-worker-197 | DEBUG | d.t.c.a.a.c.u.util.UserUtilService   : 4 tutors generated. Generate 4 editors...
    23:47:07.955 | 433 ool-1-worker-197 | DEBUG | d.t.c.a.a.c.u.util.UserUtilService   : 4 editors generated. Generate 1 instructors...
    23:47:07.960 | 433 ool-1-worker-197 | DEBUG | d.t.c.a.a.c.u.util.UserUtilService   : 1 instructors generated
    23:47:07.962 | 433 ool-1-worker-197 | DEBUG | d.t.c.a.a.c.u.util.UserUtilService   : Removing 13 users from all courses...
    23:47:07.964 | 433 ool-1-worker-197 | DEBUG | d.t.c.a.a.c.u.util.UserUtilService   : Removing 13 users from all courses. Done
    23:47:07.964 | 433 ool-1-worker-197 | DEBUG | d.t.c.a.a.c.u.util.UserUtilService   : Save 13 users to database...
    23:47:07.974 | 433 ool-1-worker-197 | DEBUG | d.t.c.a.a.c.u.util.UserUtilService   : Save 13 users to database. Done
    23:47:08.066 | 433 ool-1-worker-197 | INFO  | i.z.t.d.l.EmbeddedDatabaseReporter   : JDBC URL to connect to 'dataSource': url='jdbc:h2:tcp://localhost:41063/mem:df70fc46-7e57-4cb5-9cd0-c1d90c14afa7;USER=sa', scope='PlagiarismAnswerPostIntegrationTest#testCreateAnswerPostWithUserMention'
    23:47:08.068 | 433 ool-1-worker-197 | DEBUG | d.t.c.a.a.c.s.f.ApiVersionFilter     : Adding Version to Request POST /api/courses/2366/answer-posts
    23:47:08.068 | 433 ool-1-worker-197 | DEBUG | a.a.p.w.PlagiarismAnswerPostResource : POST createAnswerPost invoked for course 2366 with post [user]answerpostintegrationstudent1First answerpostintegrationstudent1Last(answerpostintegrationstudent1)[/user]
    23:47:08.080 | 433 ool-1-worker-197 | INFO  | a.a.p.w.PlagiarismAnswerPostResource : createAnswerPost took 12.00ms

  Starting logs for PlagiarismAnswerPostIntegrationTest > [3] userMention=[user](answerpostintegrationstudent1)[/user], isUserMentionValid=false
    23:47:08.100 | 433 ool-1-worker-197 | DEBUG | d.t.c.a.a.c.u.util.UserUtilService   : Generate 4 students...
    23:47:08.107 | 433 ool-1-worker-197 | DEBUG | d.t.c.a.a.c.u.util.UserUtilService   : 4 students generated. Generate 4 tutors...
    23:47:08.113 | 433 ool-1-worker-197 | DEBUG | d.t.c.a.a.c.u.util.UserUtilService   : 4 tutors generated. Generate 4 editors...
    23:47:08.119 | 433 ool-1-worker-197 | DEBUG | d.t.c.a.a.c.u.util.UserUtilService   : 4 editors generated. Generate 1 instructors...
    23:47:08.122 | 433 ool-1-worker-197 | DEBUG | d.t.c.a.a.c.u.util.UserUtilService   : 1 instructors generated
    23:47:08.124 | 433 ool-1-worker-197 | DEBUG | d.t.c.a.a.c.u.util.UserUtilService   : Removing 13 users from all courses...
    23:47:08.126 | 433 ool-1-worker-197 | DEBUG | d.t.c.a.a.c.u.util.UserUtilService   : Removing 13 users from all courses. Done
    23:47:08.126 | 433 ool-1-worker-197 | DEBUG | d.t.c.a.a.c.u.util.UserUtilService   : Save 13 users to database...
    23:47:08.133 | 433 ool-1-worker-197 | DEBUG | d.t.c.a.a.c.u.util.UserUtilService   : Save 13 users to database. Done
    23:47:08.208 | 433 ool-1-worker-197 | INFO  | i.z.t.d.l.EmbeddedDatabaseReporter   : JDBC URL to connect to 'dataSource': url='jdbc:h2:tcp://localhost:41063/mem:df70fc46-7e57-4cb5-9cd0-c1d90c14afa7;USER=sa', scope='PlagiarismAnswerPostIntegrationTest#testCreateAnswerPostWithUserMention'
    23:47:08.210 | 433 ool-1-worker-197 | DEBUG | d.t.c.a.a.c.s.f.ApiVersionFilter     : Adding Version to Request POST /api/courses/2367/messages
    23:47:08.215 | 433 ool-1-worker-197 | WARN  | o.z.p.spring.common.AdviceTraits     : Bad Request: Validation failed for argument [1] in public org.springframework.http.ResponseEntity<de.tum.cit.aet.artemis.communication.domain.Post> de.tum.cit.aet.artemis.communication.web.ConversationMessageResource.createMessage(java.lang.Long,de.tum.cit.aet.artemis.communication.domain.Post) throws java.net.URISyntaxException: [Error in object 'post': codes [PostConstraints.post,PostConstraints]; arguments [org.springframework.context.support.DefaultMessageSourceResolvable: codes [post]; arguments []; default message []]; default message [{de.tum.cit.aet.artemis.communication.domain.PostConstraints}]] 

  Starting logs for PlagiarismAnswerPostIntegrationTest > [4] userMention=[user]answerpostintegrationstudent1First answerpostintegrationstudent1Last()[/user], isUserMentionValid=false
    23:47:08.232 | 433 ool-1-worker-197 | DEBUG | d.t.c.a.a.c.u.util.UserUtilService   : Generate 4 students...
    23:47:08.239 | 433 ool-1-worker-197 | DEBUG | d.t.c.a.a.c.u.util.UserUtilService   : 4 students generated. Generate 4 tutors...
    23:47:08.245 | 433 ool-1-worker-197 | DEBUG | d.t.c.a.a.c.u.util.UserUtilService   : 4 tutors generated. Generate 4 editors...
    23:47:08.252 | 433 ool-1-worker-197 | DEBUG | d.t.c.a.a.c.u.util.UserUtilService   : 4 editors generated. Generate 1 instructors...
    23:47:08.256 | 433 ool-1-worker-197 | DEBUG | d.t.c.a.a.c.u.util.UserUtilService   : 1 instructors generated
    23:47:08.258 | 433 ool-1-worker-197 | DEBUG | d.t.c.a.a.c.u.util.UserUtilService   : Removing 13 users from all courses...
    23:47:08.264 | 433 ool-1-worker-197 | DEBUG | d.t.c.a.a.c.u.util.UserUtilService   : Removing 13 users from all courses. Done
    23:47:08.264 | 433 ool-1-worker-197 | DEBUG | d.t.c.a.a.c.u.util.UserUtilService   : Save 13 users to database...
    23:47:08.274 | 433 ool-1-worker-197 | DEBUG | d.t.c.a.a.c.u.util.UserUtilService   : Save 13 users to database. Done
    23:47:08.424 | 433 ool-1-worker-197 | INFO  | i.z.t.d.l.EmbeddedDatabaseReporter   : JDBC URL to connect to 'dataSource': url='jdbc:h2:tcp://localhost:41063/mem:df70fc46-7e57-4cb5-9cd0-c1d90c14afa7;USER=sa', scope='PlagiarismAnswerPostIntegrationTest#testCreateAnswerPostWithUserMention'
    23:47:08.426 | 433 ool-1-worker-197 | DEBUG | d.t.c.a.a.c.s.f.ApiVersionFilter     : Adding Version to Request POST /api/courses/2368/messages
    23:47:08.428 | 433 ool-1-worker-197 | WARN  | o.z.p.spring.common.AdviceTraits     : Bad Request: Validation failed for argument [1] in public org.springframework.http.ResponseEntity<de.tum.cit.aet.artemis.communication.domain.Post> de.tum.cit.aet.artemis.communication.web.ConversationMessageResource.createMessage(java.lang.Long,de.tum.cit.aet.artemis.communication.domain.Post) throws java.net.URISyntaxException: [Error in object 'post': codes [PostConstraints.post,PostConstraints]; arguments [org.springframework.context.support.DefaultMessageSourceResolvable: codes [post]; arguments []; default message []]; default message [{de.tum.cit.aet.artemis.communication.domain.PostConstraints}]] 

  Starting logs for PlagiarismAnswerPostIntegrationTest > [5] userMention=[user]answerpostintegrationstudent1First answerpostintegrationstudent1Last[/user], isUserMentionValid=false
    23:47:08.445 | 433 ool-1-worker-197 | DEBUG | d.t.c.a.a.c.u.util.UserUtilService   : Generate 4 students...
    23:47:08.452 | 433 ool-1-worker-197 | DEBUG | d.t.c.a.a.c.u.util.UserUtilService   : 4 students generated. Generate 4 tutors...
    23:47:08.459 | 433 ool-1-worker-197 | DEBUG | d.t.c.a.a.c.u.util.UserUtilService   : 4 tutors generated. Generate 4 editors...
    23:47:08.466 | 433 ool-1-worker-197 | DEBUG | d.t.c.a.a.c.u.util.UserUtilService   : 4 editors generated. Generate 1 instructors...
    23:47:08.468 | 433 ool-1-worker-197 | DEBUG | d.t.c.a.a.c.u.util.UserUtilService   : 1 instructors generated
    23:47:08.471 | 433 ool-1-worker-197 | DEBUG | d.t.c.a.a.c.u.util.UserUtilService   : Removing 13 users from all courses...
    23:47:08.473 | 433 ool-1-worker-197 | DEBUG | d.t.c.a.a.c.u.util.UserUtilService   : Removing 13 users from all courses. Done
    23:47:08.473 | 433 ool-1-worker-197 | DEBUG | d.t.c.a.a.c.u.util.UserUtilService   : Save 13 users to database...
    23:47:08.482 | 433 ool-1-worker-197 | DEBUG | d.t.c.a.a.c.u.util.UserUtilService   : Save 13 users to database. Done
    23:47:08.568 | 433 ool-1-worker-197 | INFO  | i.z.t.d.l.EmbeddedDatabaseReporter   : JDBC URL to connect to 'dataSource': url='jdbc:h2:tcp://localhost:41063/mem:df70fc46-7e57-4cb5-9cd0-c1d90c14afa7;USER=sa', scope='PlagiarismAnswerPostIntegrationTest#testCreateAnswerPostWithUserMention'
    23:47:08.570 | 433 ool-1-worker-197 | DEBUG | d.t.c.a.a.c.s.f.ApiVersionFilter     : Adding Version to Request POST /api/courses/2369/messages
    23:47:08.571 | 433 ool-1-worker-197 | WARN  | o.z.p.spring.common.AdviceTraits     : Bad Request: Validation failed for argument [1] in public org.springframework.http.ResponseEntity<de.tum.cit.aet.artemis.communication.domain.Post> de.tum.cit.aet.artemis.communication.web.ConversationMessageResource.createMessage(java.lang.Long,de.tum.cit.aet.artemis.communication.domain.Post) throws java.net.URISyntaxException: [Error in object 'post': codes [PostConstraints.post,PostConstraints]; arguments [org.springframework.context.support.DefaultMessageSourceResolvable: codes [post]; arguments []; default message []]; default message [{de.tum.cit.aet.artemis.communication.domain.PostConstraints}]] 

  Starting logs for PlagiarismAnswerPostIntegrationTest > [6] userMention=[user]answerpostintegrationstudent2First answerpostintegrationstudent2Last(answerpostintegrationstudent2)[/user][user]answerpostintegrationstudent1First answerpostintegrationstudent1Last(answerpostintegrationstudent1)[/user], isUserMentionValid=true
    23:47:08.586 | 433 ool-1-worker-197 | DEBUG | d.t.c.a.a.c.u.util.UserUtilService   : Generate 4 students...
    23:47:08.593 | 433 ool-1-worker-197 | DEBUG | d.t.c.a.a.c.u.util.UserUtilService   : 4 students generated. Generate 4 tutors...
    23:47:08.607 | 433 ool-1-worker-197 | DEBUG | d.t.c.a.a.c.u.util.UserUtilService   : 4 tutors generated. Generate 4 editors...
    23:47:08.614 | 433 ool-1-worker-197 | DEBUG | d.t.c.a.a.c.u.util.UserUtilService   : 4 editors generated. Generate 1 instructors...
    23:47:08.617 | 433 ool-1-worker-197 | DEBUG | d.t.c.a.a.c.u.util.UserUtilService   : 1 instructors generated
    23:47:08.620 | 433 ool-1-worker-197 | DEBUG | d.t.c.a.a.c.u.util.UserUtilService   : Removing 13 users from all courses...
    23:47:08.621 | 433 ool-1-worker-197 | DEBUG | d.t.c.a.a.c.u.util.UserUtilService   : Removing 13 users from all courses. Done
    23:47:08.621 | 433 ool-1-worker-197 | DEBUG | d.t.c.a.a.c.u.util.UserUtilService   : Save 13 users to database...
    23:47:08.630 | 433 ool-1-worker-197 | DEBUG | d.t.c.a.a.c.u.util.UserUtilService   : Save 13 users to database. Done
    23:47:08.714 | 433 ool-1-worker-197 | INFO  | i.z.t.d.l.EmbeddedDatabaseReporter   : JDBC URL to connect to 'dataSource': url='jdbc:h2:tcp://localhost:41063/mem:df70fc46-7e57-4cb5-9cd0-c1d90c14afa7;USER=sa', scope='PlagiarismAnswerPostIntegrationTest#testCreateAnswerPostWithUserMention'
    23:47:08.716 | 433 ool-1-worker-197 | DEBUG | d.t.c.a.a.c.s.f.ApiVersionFilter     : Adding Version to Request POST /api/courses/2370/answer-posts
    23:47:08.716 | 433 ool-1-worker-197 | DEBUG | a.a.p.w.PlagiarismAnswerPostResource : POST createAnswerPost invoked for course 2370 with post [user]answerpostintegrationstudent2First answerpostintegrationstudent2Last(answerpostintegrationstudent2)[/user][user]answerpostintegrationstudent1First answerpostintegrationstudent1Last(answerpostintegrationstudent1)[/user]
    23:47:08.727 | 433 ool-1-worker-197 | INFO  | a.a.p.w.PlagiarismAnswerPostResource : createAnswerPost took 10.65ms

  Starting logs for PlagiarismAnswerPostIntegrationTest > [7] userMention=[user]invalidName(answerpostintegrationstudent1)[/user], isUserMentionValid=false
    23:47:08.746 | 433 ool-1-worker-197 | DEBUG | d.t.c.a.a.c.u.util.UserUtilService   : Generate 4 students...
    23:47:08.754 | 433 ool-1-worker-197 | DEBUG | d.t.c.a.a.c.u.util.UserUtilService   : 4 students generated. Generate 4 tutors...
    23:47:08.760 | 433 ool-1-worker-197 | DEBUG | d.t.c.a.a.c.u.util.UserUtilService   : 4 tutors generated. Generate 4 editors...
    23:47:08.767 | 433 ool-1-worker-197 | DEBUG | d.t.c.a.a.c.u.util.UserUtilService   : 4 editors generated. Generate 1 instructors...
    23:47:08.770 | 433 ool-1-worker-197 | DEBUG | d.t.c.a.a.c.u.util.UserUtilService   : 1 instructors generated
    23:47:08.772 | 433 ool-1-worker-197 | DEBUG | d.t.c.a.a.c.u.util.UserUtilService   : Removing 13 users from all courses...
    23:47:08.774 | 433 ool-1-worker-197 | DEBUG | d.t.c.a.a.c.u.util.UserUtilService   : Removing 13 users from all courses. Done
    23:47:08.774 | 433 ool-1-worker-197 | DEBUG | d.t.c.a.a.c.u.util.UserUtilService   : Save 13 users to database...
    23:47:08.783 | 433 ool-1-worker-197 | DEBUG | d.t.c.a.a.c.u.util.UserUtilService   : Save 13 users to database. Done
    23:47:08.857 | 433 ool-1-worker-197 | INFO  | i.z.t.d.l.EmbeddedDatabaseReporter   : JDBC URL to connect to 'dataSource': url='jdbc:h2:tcp://localhost:41063/mem:df70fc46-7e57-4cb5-9cd0-c1d90c14afa7;USER=sa', scope='PlagiarismAnswerPostIntegrationTest#testCreateAnswerPostWithUserMention'
    23:47:08.858 | 433 ool-1-worker-197 | DEBUG | d.t.c.a.a.c.s.f.ApiVersionFilter     : Adding Version to Request POST /api/courses/2371/messages
    23:47:08.859 | 433 ool-1-worker-197 | WARN  | o.z.p.spring.common.AdviceTraits     : Bad Request: Validation failed for argument [1] in public org.springframework.http.ResponseEntity<de.tum.cit.aet.artemis.communication.domain.Post> de.tum.cit.aet.artemis.communication.web.ConversationMessageResource.createMessage(java.lang.Long,de.tum.cit.aet.artemis.communication.domain.Post) throws java.net.URISyntaxException: [Error in object 'post': codes [PostConstraints.post,PostConstraints]; arguments [org.springframework.context.support.DefaultMessageSourceResolvable: codes [post]; arguments []; default message []]; default message [{de.tum.cit.aet.artemis.communication.domain.PostConstraints}]] 

  Starting logs for PlagiarismAnswerPostIntegrationTest > [8] userMention=[user]noCourseMemberFirst noCourseMemberLast(nocoursemember)[/user], isUserMentionValid=false
    23:47:08.874 | 433 ool-1-worker-197 | DEBUG | d.t.c.a.a.c.u.util.UserUtilService   : Generate 4 students...
    23:47:08.882 | 433 ool-1-worker-197 | DEBUG | d.t.c.a.a.c.u.util.UserUtilService   : 4 students generated. Generate 4 tutors...
    23:47:08.888 | 433 ool-1-worker-197 | DEBUG | d.t.c.a.a.c.u.util.UserUtilService   : 4 tutors generated. Generate 4 editors...
    23:47:08.894 | 433 ool-1-worker-197 | DEBUG | d.t.c.a.a.c.u.util.UserUtilService   : 4 editors generated. Generate 1 instructors...
    23:47:08.897 | 433 ool-1-worker-197 | DEBUG | d.t.c.a.a.c.u.util.UserUtilService   : 1 instructors generated
    23:47:08.899 | 433 ool-1-worker-197 | DEBUG | d.t.c.a.a.c.u.util.UserUtilService   : Removing 13 users from all courses...
    23:47:08.903 | 433 ool-1-worker-197 | DEBUG | d.t.c.a.a.c.u.util.UserUtilService   : Removing 13 users from all courses. Done
    23:47:08.903 | 433 ool-1-worker-197 | DEBUG | d.t.c.a.a.c.u.util.UserUtilService   : Save 13 users to database...
    23:47:08.912 | 433 ool-1-worker-197 | DEBUG | d.t.c.a.a.c.u.util.UserUtilService   : Save 13 users to database. Done
    23:47:08.986 | 433 ool-1-worker-197 | INFO  | i.z.t.d.l.EmbeddedDatabaseReporter   : JDBC URL to connect to 'dataSource': url='jdbc:h2:tcp://localhost:41063/mem:df70fc46-7e57-4cb5-9cd0-c1d90c14afa7;USER=sa', scope='PlagiarismAnswerPostIntegrationTest#testCreateAnswerPostWithUserMention'
    23:47:08.987 | 433 ool-1-worker-197 | DEBUG | d.t.c.a.a.c.s.f.ApiVersionFilter     : Adding Version to Request POST /api/courses/2372/messages
    23:47:08.988 | 433 ool-1-worker-197 | WARN  | o.z.p.spring.common.AdviceTraits     : Bad Request: Validation failed for argument [1] in public org.springframework.http.ResponseEntity<de.tum.cit.aet.artemis.communication.domain.Post> de.tum.cit.aet.artemis.communication.web.ConversationMessageResource.createMessage(java.lang.Long,de.tum.cit.aet.artemis.communication.domain.Post) throws java.net.URISyntaxException: [Error in object 'post': codes [PostConstraints.post,PostConstraints]; arguments [org.springframework.context.support.DefaultMessageSourceResolvable: codes [post]; arguments []; default message []]; default message [{de.tum.cit.aet.artemis.communication.domain.PostConstraints}]] 

  Starting logs for PlagiarismAnswerPostIntegrationTest > [9] userMention=[user]invalidName[user]answerpostintegrationstudent1First answerpostintegrationstudent1Last(answerpostintegrationstudent1)[/user](invalid)[/user], isUserMentionValid=true
    23:47:09.004 | 433 ool-1-worker-197 | DEBUG | d.t.c.a.a.c.u.util.UserUtilService   : Generate 4 students...
    23:47:09.011 | 433 ool-1-worker-197 | DEBUG | d.t.c.a.a.c.u.util.UserUtilService   : 4 students generated. Generate 4 tutors...
    23:47:09.017 | 433 ool-1-worker-197 | DEBUG | d.t.c.a.a.c.u.util.UserUtilService   : 4 tutors generated. Generate 4 editors...
    23:47:09.024 | 433 ool-1-worker-197 | DEBUG | d.t.c.a.a.c.u.util.UserUtilService   : 4 editors generated. Generate 1 instructors...
    23:47:09.027 | 433 ool-1-worker-197 | DEBUG | d.t.c.a.a.c.u.util.UserUtilService   : 1 instructors generated
    23:47:09.029 | 433 ool-1-worker-197 | DEBUG | d.t.c.a.a.c.u.util.UserUtilService   : Removing 13 users from all courses...
    23:47:09.031 | 433 ool-1-worker-197 | DEBUG | d.t.c.a.a.c.u.util.UserUtilService   : Removing 13 users from all courses. Done
    23:47:09.031 | 433 ool-1-worker-197 | DEBUG | d.t.c.a.a.c.u.util.UserUtilService   : Save 13 users to database...
    23:47:09.040 | 433 ool-1-worker-197 | DEBUG | d.t.c.a.a.c.u.util.UserUtilService   : Save 13 users to database. Done
    23:47:09.110 | 433 ool-1-worker-197 | INFO  | i.z.t.d.l.EmbeddedDatabaseReporter   : JDBC URL to connect to 'dataSource': url='jdbc:h2:tcp://localhost:41063/mem:df70fc46-7e57-4cb5-9cd0-c1d90c14afa7;USER=sa', scope='PlagiarismAnswerPostIntegrationTest#testCreateAnswerPostWithUserMention'
    23:47:09.113 | 433 ool-1-worker-197 | DEBUG | d.t.c.a.a.c.s.f.ApiVersionFilter     : Adding Version to Request POST /api/courses/2373/answer-posts
    23:47:09.114 | 433 ool-1-worker-197 | DEBUG | a.a.p.w.PlagiarismAnswerPostResource : POST createAnswerPost invoked for course 2373 with post [user]invalidName[user]answerpostintegrationstudent1First answerpostintegrationstudent1Last(answerpostintegrationstudent1)[/user](invalid)[/user]
    23:47:09.125 | 433 ool-1-worker-197 | INFO  | a.a.p.w.PlagiarismAnswerPostResource : createAnswerPost took 11.21ms

  Starting logs for PlagiarismAnswerPostIntegrationTest > testEditAnswerPostWithIdIsNull_badRequest()
    23:47:09.146 | 433 ool-1-worker-197 | DEBUG | d.t.c.a.a.c.u.util.UserUtilService   : Generate 4 students...
    23:47:09.153 | 433 ool-1-worker-197 | DEBUG | d.t.c.a.a.c.u.util.UserUtilService   : 4 students generated. Generate 4 tutors...
    23:47:09.160 | 433 ool-1-worker-197 | DEBUG | d.t.c.a.a.c.u.util.UserUtilService   : 4 tutors generated. Generate 4 editors...
    23:47:09.166 | 433 ool-1-worker-197 | DEBUG | d.t.c.a.a.c.u.util.UserUtilService   : 4 editors generated. Generate 1 instructors...
    23:47:09.168 | 433 ool-1-worker-197 | DEBUG | d.t.c.a.a.c.u.util.UserUtilService   : 1 instructors generated
    23:47:09.171 | 433 ool-1-worker-197 | DEBUG | d.t.c.a.a.c.u.util.UserUtilService   : Removing 13 users from all courses...
    23:47:09.172 | 433 ool-1-worker-197 | DEBUG | d.t.c.a.a.c.u.util.UserUtilService   : Removing 13 users from all courses. Done
    23:47:09.172 | 433 ool-1-worker-197 | DEBUG | d.t.c.a.a.c.u.util.UserUtilService   : Save 13 users to database...
    23:47:09.178 | 433 ool-1-worker-197 | DEBUG | d.t.c.a.a.c.u.util.UserUtilService   : Save 13 users to database. Done
    23:47:09.225 | 433 ool-1-worker-197 | INFO  | i.z.t.d.l.EmbeddedDatabaseReporter   : JDBC URL to connect to 'dataSource': url='jdbc:h2:tcp://localhost:41063/mem:df70fc46-7e57-4cb5-9cd0-c1d90c14afa7;USER=sa', scope='PlagiarismAnswerPostIntegrationTest#testEditAnswerPostWithIdIsNull_badRequest'
    23:47:09.226 | 433 ool-1-worker-197 | DEBUG | d.t.c.a.a.c.s.f.ApiVersionFilter     : Adding Version to Request PUT /api/courses/2374/answer-posts/null
    23:47:09.227 | 433 ool-1-worker-197 | WARN  | o.z.p.spring.common.AdviceTraits     : Bad Request: Method parameter 'answerPostId': Failed to convert value of type 'java.lang.String' to required type 'java.lang.Long'; For input string: "null"

  Starting logs for PlagiarismAnswerPostIntegrationTest > [1] userMention=no mention, isUserMentionValid=true
    23:47:09.237 | 433 ool-1-worker-197 | DEBUG | d.t.c.a.a.c.u.util.UserUtilService   : Generate 4 students...
    23:47:09.242 | 433 ool-1-worker-197 | DEBUG | d.t.c.a.a.c.u.util.UserUtilService   : 4 students generated. Generate 4 tutors...
    23:47:09.246 | 433 ool-1-worker-197 | DEBUG | d.t.c.a.a.c.u.util.UserUtilService   : 4 tutors generated. Generate 4 editors...
    23:47:09.251 | 433 ool-1-worker-197 | DEBUG | d.t.c.a.a.c.u.util.UserUtilService   : 4 editors generated. Generate 1 instructors...
    23:47:09.253 | 433 ool-1-worker-197 | DEBUG | d.t.c.a.a.c.u.util.UserUtilService   : 1 instructors generated
    23:47:09.254 | 433 ool-1-worker-197 | DEBUG | d.t.c.a.a.c.u.util.UserUtilService   : Removing 13 users from all courses...
    23:47:09.255 | 433 ool-1-worker-197 | DEBUG | d.t.c.a.a.c.u.util.UserUtilService   : Removing 13 users from all courses. Done
    23:47:09.255 | 433 ool-1-worker-197 | DEBUG | d.t.c.a.a.c.u.util.UserUtilService   : Save 13 users to database...
    23:47:09.260 | 433 ool-1-worker-197 | DEBUG | d.t.c.a.a.c.u.util.UserUtilService   : Save 13 users to database. Done
    23:47:09.308 | 433 ool-1-worker-197 | INFO  | i.z.t.d.l.EmbeddedDatabaseReporter   : JDBC URL to connect to 'dataSource': url='jdbc:h2:tcp://localhost:41063/mem:df70fc46-7e57-4cb5-9cd0-c1d90c14afa7;USER=sa', scope='PlagiarismAnswerPostIntegrationTest#testEditAnswerPostWithUserMention'
    23:47:09.309 | 433 ool-1-worker-197 | DEBUG | d.t.c.a.a.c.s.f.ApiVersionFilter     : Adding Version to Request PUT /api/courses/2375/answer-posts/747
    23:47:09.309 | 433 ool-1-worker-197 | DEBUG | a.a.p.w.PlagiarismAnswerPostResource : PUT updateAnswerPost invoked for course 2375 with post no mention
    23:47:09.316 | 433 ool-1-worker-197 | INFO  | a.a.p.w.PlagiarismAnswerPostResource : updatedAnswerPost took 6.29ms

  Starting logs for PlagiarismAnswerPostIntegrationTest > [2] userMention=[user]answerpostintegrationstudent1First answerpostintegrationstudent1Last(answerpostintegrationstudent1)[/user], isUserMentionValid=true
    23:47:09.325 | 433 ool-1-worker-197 | DEBUG | d.t.c.a.a.c.u.util.UserUtilService   : Generate 4 students...
    23:47:09.330 | 433 ool-1-worker-197 | DEBUG | d.t.c.a.a.c.u.util.UserUtilService   : 4 students generated. Generate 4 tutors...
    23:47:09.335 | 433 ool-1-worker-197 | DEBUG | d.t.c.a.a.c.u.util.UserUtilService   : 4 tutors generated. Generate 4 editors...
    23:47:09.339 | 433 ool-1-worker-197 | DEBUG | d.t.c.a.a.c.u.util.UserUtilService   : 4 editors generated. Generate 1 instructors...
    23:47:09.341 | 433 ool-1-worker-197 | DEBUG | d.t.c.a.a.c.u.util.UserUtilService   : 1 instructors generated
    23:47:09.343 | 433 ool-1-worker-197 | DEBUG | d.t.c.a.a.c.u.util.UserUtilService   : Removing 13 users from all courses...
    23:47:09.344 | 433 ool-1-worker-197 | DEBUG | d.t.c.a.a.c.u.util.UserUtilService   : Removing 13 users from all courses. Done
    23:47:09.344 | 433 ool-1-worker-197 | DEBUG | d.t.c.a.a.c.u.util.UserUtilService   : Save 13 users to database...
    23:47:09.349 | 433 ool-1-worker-197 | DEBUG | d.t.c.a.a.c.u.util.UserUtilService   : Save 13 users to database. Done
    23:47:09.415 | 433 ool-1-worker-197 | INFO  | i.z.t.d.l.EmbeddedDatabaseReporter   : JDBC URL to connect to 'dataSource': url='jdbc:h2:tcp://localhost:41063/mem:df70fc46-7e57-4cb5-9cd0-c1d90c14afa7;USER=sa', scope='PlagiarismAnswerPostIntegrationTest#testEditAnswerPostWithUserMention'
    23:47:09.416 | 433 ool-1-worker-197 | DEBUG | d.t.c.a.a.c.s.f.ApiVersionFilter     : Adding Version to Request PUT /api/courses/2376/answer-posts/755
    23:47:09.417 | 433 ool-1-worker-197 | DEBUG | a.a.p.w.PlagiarismAnswerPostResource : PUT updateAnswerPost invoked for course 2376 with post [user]answerpostintegrationstudent1First answerpostintegrationstudent1Last(answerpostintegrationstudent1)[/user]
    23:47:09.426 | 433 ool-1-worker-197 | INFO  | a.a.p.w.PlagiarismAnswerPostResource : updatedAnswerPost took 9.10ms

  Starting logs for PlagiarismAnswerPostIntegrationTest > [3] userMention=[user](answerpostintegrationstudent1)[/user], isUserMentionValid=false
    23:47:09.440 | 433 ool-1-worker-197 | DEBUG | d.t.c.a.a.c.u.util.UserUtilService   : Generate 4 students...
    23:47:09.448 | 433 ool-1-worker-197 | DEBUG | d.t.c.a.a.c.u.util.UserUtilService   : 4 students generated. Generate 4 tutors...
    23:47:09.454 | 433 ool-1-worker-197 | DEBUG | d.t.c.a.a.c.u.util.UserUtilService   : 4 tutors generated. Generate 4 editors...
    23:47:09.460 | 433 ool-1-worker-197 | DEBUG | d.t.c.a.a.c.u.util.UserUtilService   : 4 editors generated. Generate 1 instructors...
    23:47:09.463 | 433 ool-1-worker-197 | DEBUG | d.t.c.a.a.c.u.util.UserUtilService   : 1 instructors generated
    23:47:09.465 | 433 ool-1-worker-197 | DEBUG | d.t.c.a.a.c.u.util.UserUtilService   : Removing 13 users from all courses...
    23:47:09.467 | 433 ool-1-worker-197 | DEBUG | d.t.c.a.a.c.u.util.UserUtilService   : Removing 13 users from all courses. Done
    23:47:09.467 | 433 ool-1-worker-197 | DEBUG | d.t.c.a.a.c.u.util.UserUtilService   : Save 13 users to database...
    23:47:09.475 | 433 ool-1-worker-197 | DEBUG | d.t.c.a.a.c.u.util.UserUtilService   : Save 13 users to database. Done
    23:47:09.558 | 433 ool-1-worker-197 | INFO  | i.z.t.d.l.EmbeddedDatabaseReporter   : JDBC URL to connect to 'dataSource': url='jdbc:h2:tcp://localhost:41063/mem:df70fc46-7e57-4cb5-9cd0-c1d90c14afa7;USER=sa', scope='PlagiarismAnswerPostIntegrationTest#testEditAnswerPostWithUserMention'
    23:47:09.563 | 433 ool-1-worker-197 | DEBUG | d.t.c.a.a.c.s.f.ApiVersionFilter     : Adding Version to Request PUT /api/courses/2377/answer-posts/763
    23:47:09.563 | 433 ool-1-worker-197 | DEBUG | a.a.p.w.PlagiarismAnswerPostResource : PUT updateAnswerPost invoked for course 2377 with post [user](answerpostintegrationstudent1)[/user]
    23:47:09.573 | 433 ool-1-worker-197 | ERROR | tech.jhipster.web.util.HeaderUtil    : Entity processing failed, The name provided for user answerpostintegrationstudent1 does not match the user's full name answerpostintegrationstudent1First answerpostintegrationstudent1Last
    23:47:09.573 | 433 ool-1-worker-197 | WARN  | o.z.p.spring.common.AdviceTraits     : Bad Request: The name provided for user answerpostintegrationstudent1 does not match the user's full name answerpostintegrationstudent1First answerpostintegrationstudent1Last

  Starting logs for PlagiarismAnswerPostIntegrationTest > [4] userMention=[user]answerpostintegrationstudent1First answerpostintegrationstudent1Last()[/user], isUserMentionValid=false
    23:47:09.586 | 433 ool-1-worker-197 | DEBUG | d.t.c.a.a.c.u.util.UserUtilService   : Generate 4 students...
    23:47:09.592 | 433 ool-1-worker-197 | DEBUG | d.t.c.a.a.c.u.util.UserUtilService   : 4 students generated. Generate 4 tutors...
    23:47:09.597 | 433 ool-1-worker-197 | DEBUG | d.t.c.a.a.c.u.util.UserUtilService   : 4 tutors generated. Generate 4 editors...
    23:47:09.601 | 433 ool-1-worker-197 | DEBUG | d.t.c.a.a.c.u.util.UserUtilService   : 4 editors generated. Generate 1 instructors...
    23:47:09.604 | 433 ool-1-worker-197 | DEBUG | d.t.c.a.a.c.u.util.UserUtilService   : 1 instructors generated
    23:47:09.606 | 433 ool-1-worker-197 | DEBUG | d.t.c.a.a.c.u.util.UserUtilService   : Removing 13 users from all courses...
    23:47:09.608 | 433 ool-1-worker-197 | DEBUG | d.t.c.a.a.c.u.util.UserUtilService   : Removing 13 users from all courses. Done
    23:47:09.608 | 433 ool-1-worker-197 | DEBUG | d.t.c.a.a.c.u.util.UserUtilService   : Save 13 users to database...
    23:47:09.617 | 433 ool-1-worker-197 | DEBUG | d.t.c.a.a.c.u.util.UserUtilService   : Save 13 users to database. Done
    23:47:09.691 | 433 ool-1-worker-197 | INFO  | i.z.t.d.l.EmbeddedDatabaseReporter   : JDBC URL to connect to 'dataSource': url='jdbc:h2:tcp://localhost:41063/mem:df70fc46-7e57-4cb5-9cd0-c1d90c14afa7;USER=sa', scope='PlagiarismAnswerPostIntegrationTest#testEditAnswerPostWithUserMention'
    23:47:09.692 | 433 ool-1-worker-197 | DEBUG | d.t.c.a.a.c.s.f.ApiVersionFilter     : Adding Version to Request PUT /api/courses/2378/answer-posts/771
    23:47:09.693 | 433 ool-1-worker-197 | DEBUG | a.a.p.w.PlagiarismAnswerPostResource : PUT updateAnswerPost invoked for course 2378 with post [user]answerpostintegrationstudent1First answerpostintegrationstudent1Last()[/user]
    23:47:09.699 | 433 ool-1-worker-197 | ERROR | tech.jhipster.web.util.HeaderUtil    : Entity processing failed, At least one of the mentioned users does not exist
    23:47:09.699 | 433 ool-1-worker-197 | WARN  | o.z.p.spring.common.AdviceTraits     : Bad Request: At least one of the mentioned users does not exist

  Starting logs for PlagiarismAnswerPostIntegrationTest > [5] userMention=[user]answerpostintegrationstudent1First answerpostintegrationstudent1Last[/user], isUserMentionValid=false
    23:47:09.718 | 433 ool-1-worker-197 | DEBUG | d.t.c.a.a.c.u.util.UserUtilService   : Generate 4 students...
    23:47:09.725 | 433 ool-1-worker-197 | DEBUG | d.t.c.a.a.c.u.util.UserUtilService   : 4 students generated. Generate 4 tutors...
    23:47:09.731 | 433 ool-1-worker-197 | DEBUG | d.t.c.a.a.c.u.util.UserUtilService   : 4 tutors generated. Generate 4 editors...
    23:47:09.738 | 433 ool-1-worker-197 | DEBUG | d.t.c.a.a.c.u.util.UserUtilService   : 4 editors generated. Generate 1 instructors...
    23:47:09.740 | 433 ool-1-worker-197 | DEBUG | d.t.c.a.a.c.u.util.UserUtilService   : 1 instructors generated
    23:47:09.743 | 433 ool-1-worker-197 | DEBUG | d.t.c.a.a.c.u.util.UserUtilService   : Removing 13 users from all courses...
    23:47:09.745 | 433 ool-1-worker-197 | DEBUG | d.t.c.a.a.c.u.util.UserUtilService   : Removing 13 users from all courses. Done
    23:47:09.745 | 433 ool-1-worker-197 | DEBUG | d.t.c.a.a.c.u.util.UserUtilService   : Save 13 users to database...
    23:47:09.754 | 433 ool-1-worker-197 | DEBUG | d.t.c.a.a.c.u.util.UserUtilService   : Save 13 users to database. Done
    23:47:09.848 | 433 ool-1-worker-197 | INFO  | i.z.t.d.l.EmbeddedDatabaseReporter   : JDBC URL to connect to 'dataSource': url='jdbc:h2:tcp://localhost:41063/mem:df70fc46-7e57-4cb5-9cd0-c1d90c14afa7;USER=sa', scope='PlagiarismAnswerPostIntegrationTest#testEditAnswerPostWithUserMention'
    23:47:09.849 | 433 ool-1-worker-197 | DEBUG | d.t.c.a.a.c.s.f.ApiVersionFilter     : Adding Version to Request PUT /api/courses/2379/answer-posts/779
    23:47:09.850 | 433 ool-1-worker-197 | DEBUG | a.a.p.w.PlagiarismAnswerPostResource : PUT updateAnswerPost invoked for course 2379 with post [user]answerpostintegrationstudent1First answerpostintegrationstudent1Last[/user]
    23:47:09.856 | 433 ool-1-worker-197 | ERROR | tech.jhipster.web.util.HeaderUtil    : Entity processing failed, At least one of the mentioned users does not exist
    23:47:09.856 | 433 ool-1-worker-197 | WARN  | o.z.p.spring.common.AdviceTraits     : Bad Request: At least one of the mentioned users does not exist

  Starting logs for PlagiarismAnswerPostIntegrationTest > [6] userMention=[user]answerpostintegrationstudent2First answerpostintegrationstudent2Last(answerpostintegrationstudent2)[/user][user]answerpostintegrationstudent1First answerpostintegrationstudent1Last(answerpostintegrationstudent1)[/user], isUserMentionValid=true
    23:47:09.882 | 433 ool-1-worker-197 | DEBUG | d.t.c.a.a.c.u.util.UserUtilService   : Generate 4 students...
    23:47:09.898 | 433 ool-1-worker-197 | DEBUG | d.t.c.a.a.c.u.util.UserUtilService   : 4 students generated. Generate 4 tutors...
    23:47:09.910 | 433 ool-1-worker-197 | DEBUG | d.t.c.a.a.c.u.util.UserUtilService   : 4 tutors generated. Generate 4 editors...
    23:47:09.917 | 433 ool-1-worker-197 | DEBUG | d.t.c.a.a.c.u.util.UserUtilService   : 4 editors generated. Generate 1 instructors...
    23:47:09.924 | 433 ool-1-worker-197 | DEBUG | d.t.c.a.a.c.u.util.UserUtilService   : 1 instructors generated
    23:47:09.927 | 433 ool-1-worker-197 | DEBUG | d.t.c.a.a.c.u.util.UserUtilService   : Removing 13 users from all courses...
    23:47:09.929 | 433 ool-1-worker-197 | DEBUG | d.t.c.a.a.c.u.util.UserUtilService   : Removing 13 users from all courses. Done
    23:47:09.929 | 433 ool-1-worker-197 | DEBUG | d.t.c.a.a.c.u.util.UserUtilService   : Save 13 users to database...
    23:47:09.939 | 433 ool-1-worker-197 | DEBUG | d.t.c.a.a.c.u.util.UserUtilService   : Save 13 users to database. Done
    23:47:09.999 | 433 ool-1-worker-197 | INFO  | i.z.t.d.l.EmbeddedDatabaseReporter   : JDBC URL to connect to 'dataSource': url='jdbc:h2:tcp://localhost:41063/mem:df70fc46-7e57-4cb5-9cd0-c1d90c14afa7;USER=sa', scope='PlagiarismAnswerPostIntegrationTest#testEditAnswerPostWithUserMention'
    23:47:10.000 | 433 ool-1-worker-197 | DEBUG | d.t.c.a.a.c.s.f.ApiVersionFilter     : Adding Version to Request PUT /api/courses/2380/answer-posts/787
    23:47:10.000 | 433 ool-1-worker-197 | DEBUG | a.a.p.w.PlagiarismAnswerPostResource : PUT updateAnswerPost invoked for course 2380 with post [user]answerpostintegrationstudent2First answerpostintegrationstudent2Last(answerpostintegrationstudent2)[/user][user]answerpostintegrationstudent1First answerpostintegrationstudent1Last(answerpostintegrationstudent1)[/user]
    23:47:10.011 | 433 ool-1-worker-197 | INFO  | a.a.p.w.PlagiarismAnswerPostResource : updatedAnswerPost took 10.29ms

  Starting logs for PlagiarismAnswerPostIntegrationTest > [7] userMention=[user]invalidName(answerpostintegrationstudent1)[/user], isUserMentionValid=false
    23:47:10.031 | 433 ool-1-worker-197 | DEBUG | d.t.c.a.a.c.u.util.UserUtilService   : Generate 4 students...
    23:47:10.037 | 433 ool-1-worker-197 | DEBUG | d.t.c.a.a.c.u.util.UserUtilService   : 4 students generated. Generate 4 tutors...
    23:47:10.044 | 433 ool-1-worker-197 | DEBUG | d.t.c.a.a.c.u.util.UserUtilService   : 4 tutors generated. Generate 4 editors...
    23:47:10.050 | 433 ool-1-worker-197 | DEBUG | d.t.c.a.a.c.u.util.UserUtilService   : 4 editors generated. Generate 1 instructors...
    23:47:10.053 | 433 ool-1-worker-197 | DEBUG | d.t.c.a.a.c.u.util.UserUtilService   : 1 instructors generated
    23:47:10.055 | 433 ool-1-worker-197 | DEBUG | d.t.c.a.a.c.u.util.UserUtilService   : Removing 13 users from all courses...
    23:47:10.057 | 433 ool-1-worker-197 | DEBUG | d.t.c.a.a.c.u.util.UserUtilService   : Removing 13 users from all courses. Done
    23:47:10.057 | 433 ool-1-worker-197 | DEBUG | d.t.c.a.a.c.u.util.UserUtilService   : Save 13 users to database...
    23:47:10.065 | 433 ool-1-worker-197 | DEBUG | d.t.c.a.a.c.u.util.UserUtilService   : Save 13 users to database. Done
    23:47:10.125 | 433 ool-1-worker-197 | INFO  | i.z.t.d.l.EmbeddedDatabaseReporter   : JDBC URL to connect to 'dataSource': url='jdbc:h2:tcp://localhost:41063/mem:df70fc46-7e57-4cb5-9cd0-c1d90c14afa7;USER=sa', scope='PlagiarismAnswerPostIntegrationTest#testEditAnswerPostWithUserMention'
    23:47:10.126 | 433 ool-1-worker-197 | DEBUG | d.t.c.a.a.c.s.f.ApiVersionFilter     : Adding Version to Request PUT /api/courses/2381/answer-posts/795
    23:47:10.127 | 433 ool-1-worker-197 | DEBUG | a.a.p.w.PlagiarismAnswerPostResource : PUT updateAnswerPost invoked for course 2381 with post [user]invalidName(answerpostintegrationstudent1)[/user]
    23:47:10.131 | 433 ool-1-worker-197 | ERROR | tech.jhipster.web.util.HeaderUtil    : Entity processing failed, The name provided for user answerpostintegrationstudent1 does not match the user's full name answerpostintegrationstudent1First answerpostintegrationstudent1Last
    23:47:10.131 | 433 ool-1-worker-197 | WARN  | o.z.p.spring.common.AdviceTraits     : Bad Request: The name provided for user answerpostintegrationstudent1 does not match the user's full name answerpostintegrationstudent1First answerpostintegrationstudent1Last

  Starting logs for PlagiarismAnswerPostIntegrationTest > [8] userMention=[user]noCourseMemberFirst noCourseMemberLast(nocoursemember)[/user], isUserMentionValid=false
    23:47:10.141 | 433 ool-1-worker-197 | DEBUG | d.t.c.a.a.c.u.util.UserUtilService   : Generate 4 students...
    23:47:10.146 | 433 ool-1-worker-197 | DEBUG | d.t.c.a.a.c.u.util.UserUtilService   : 4 students generated. Generate 4 tutors...
    23:47:10.151 | 433 ool-1-worker-197 | DEBUG | d.t.c.a.a.c.u.util.UserUtilService   : 4 tutors generated. Generate 4 editors...
    23:47:10.155 | 433 ool-1-worker-197 | DEBUG | d.t.c.a.a.c.u.util.UserUtilService   : 4 editors generated. Generate 1 instructors...
    23:47:10.157 | 433 ool-1-worker-197 | DEBUG | d.t.c.a.a.c.u.util.UserUtilService   : 1 instructors generated
    23:47:10.159 | 433 ool-1-worker-197 | DEBUG | d.t.c.a.a.c.u.util.UserUtilService   : Removing 13 users from all courses...
    23:47:10.160 | 433 ool-1-worker-197 | DEBUG | d.t.c.a.a.c.u.util.UserUtilService   : Removing 13 users from all courses. Done
    23:47:10.160 | 433 ool-1-worker-197 | DEBUG | d.t.c.a.a.c.u.util.UserUtilService   : Save 13 users to database...
    23:47:10.165 | 433 ool-1-worker-197 | DEBUG | d.t.c.a.a.c.u.util.UserUtilService   : Save 13 users to database. Done
    23:47:10.228 | 433 ool-1-worker-197 | INFO  | i.z.t.d.l.EmbeddedDatabaseReporter   : JDBC URL to connect to 'dataSource': url='jdbc:h2:tcp://localhost:41063/mem:df70fc46-7e57-4cb5-9cd0-c1d90c14afa7;USER=sa', scope='PlagiarismAnswerPostIntegrationTest#testEditAnswerPostWithUserMention'
    23:47:10.229 | 433 ool-1-worker-197 | DEBUG | d.t.c.a.a.c.s.f.ApiVersionFilter     : Adding Version to Request PUT /api/courses/2382/answer-posts/803
    23:47:10.229 | 433 ool-1-worker-197 | DEBUG | a.a.p.w.PlagiarismAnswerPostResource : PUT updateAnswerPost invoked for course 2382 with post [user]noCourseMemberFirst noCourseMemberLast(nocoursemember)[/user]
    23:47:10.233 | 433 ool-1-worker-197 | ERROR | tech.jhipster.web.util.HeaderUtil    : Entity processing failed, At least one of the mentioned users does not exist
    23:47:10.233 | 433 ool-1-worker-197 | WARN  | o.z.p.spring.common.AdviceTraits     : Bad Request: At least one of the mentioned users does not exist

  Starting logs for PlagiarismAnswerPostIntegrationTest > [9] userMention=[user]invalidName[user]answerpostintegrationstudent1First answerpostintegrationstudent1Last(answerpostintegrationstudent1)[/user](invalid)[/user], isUserMentionValid=true
    23:47:10.243 | 433 ool-1-worker-197 | DEBUG | d.t.c.a.a.c.u.util.UserUtilService   : Generate 4 students...
    23:47:10.248 | 433 ool-1-worker-197 | DEBUG | d.t.c.a.a.c.u.util.UserUtilService   : 4 students generated. Generate 4 tutors...
    23:47:10.253 | 433 ool-1-worker-197 | DEBUG | d.t.c.a.a.c.u.util.UserUtilService   : 4 tutors generated. Generate 4 editors...
    23:47:10.258 | 433 ool-1-worker-197 | DEBUG | d.t.c.a.a.c.u.util.UserUtilService   : 4 editors generated. Generate 1 instructors...
    23:47:10.261 | 433 ool-1-worker-197 | DEBUG | d.t.c.a.a.c.u.util.UserUtilService   : 1 instructors generated
    23:47:10.262 | 433 ool-1-worker-197 | DEBUG | d.t.c.a.a.c.u.util.UserUtilService   : Removing 13 users from all courses...
    23:47:10.263 | 433 ool-1-worker-197 | DEBUG | d.t.c.a.a.c.u.util.UserUtilService   : Removing 13 users from all courses. Done
    23:47:10.263 | 433 ool-1-worker-197 | DEBUG | d.t.c.a.a.c.u.util.UserUtilService   : Save 13 users to database...
    23:47:10.268 | 433 ool-1-worker-197 | DEBUG | d.t.c.a.a.c.u.util.UserUtilService   : Save 13 users to database. Done
    23:47:10.315 | 433 ool-1-worker-197 | INFO  | i.z.t.d.l.EmbeddedDatabaseReporter   : JDBC URL to connect to 'dataSource': url='jdbc:h2:tcp://localhost:41063/mem:df70fc46-7e57-4cb5-9cd0-c1d90c14afa7;USER=sa', scope='PlagiarismAnswerPostIntegrationTest#testEditAnswerPostWithUserMention'
    23:47:10.316 | 433 ool-1-worker-197 | DEBUG | d.t.c.a.a.c.s.f.ApiVersionFilter     : Adding Version to Request PUT /api/courses/2383/answer-posts/811
    23:47:10.317 | 433 ool-1-worker-197 | DEBUG | a.a.p.w.PlagiarismAnswerPostResource : PUT updateAnswerPost invoked for course 2383 with post [user]invalidName[user]answerpostintegrationstudent1First answerpostintegrationstudent1Last(answerpostintegrationstudent1)[/user](invalid)[/user]
    23:47:10.325 | 433 ool-1-worker-197 | INFO  | a.a.p.w.PlagiarismAnswerPostResource : updatedAnswerPost took 8.64ms

  Starting logs for PlagiarismAnswerPostIntegrationTest > testToggleResolvesPost_notAuthor_forbidden()
    23:47:10.339 | 433 ool-1-worker-197 | DEBUG | d.t.c.a.a.c.u.util.UserUtilService   : Generate 4 students...
    23:47:10.346 | 433 ool-1-worker-197 | DEBUG | d.t.c.a.a.c.u.util.UserUtilService   : 4 students generated. Generate 4 tutors...
    23:47:10.352 | 433 ool-1-worker-197 | DEBUG | d.t.c.a.a.c.u.util.UserUtilService   : 4 tutors generated. Generate 4 editors...
    23:47:10.362 | 433 ool-1-worker-197 | DEBUG | d.t.c.a.a.c.u.util.UserUtilService   : 4 editors generated. Generate 1 instructors...
    23:47:10.364 | 433 ool-1-worker-197 | DEBUG | d.t.c.a.a.c.u.util.UserUtilService   : 1 instructors generated
    23:47:10.367 | 433 ool-1-worker-197 | DEBUG | d.t.c.a.a.c.u.util.UserUtilService   : Removing 13 users from all courses...
    23:47:10.369 | 433 ool-1-worker-197 | DEBUG | d.t.c.a.a.c.u.util.UserUtilService   : Removing 13 users from all courses. Done
    23:47:10.369 | 433 ool-1-worker-197 | DEBUG | d.t.c.a.a.c.u.util.UserUtilService   : Save 13 users to database...
    23:47:10.376 | 433 ool-1-worker-197 | DEBUG | d.t.c.a.a.c.u.util.UserUtilService   : Save 13 users to database. Done
    23:47:10.449 | 433 ool-1-worker-197 | INFO  | i.z.t.d.l.EmbeddedDatabaseReporter   : JDBC URL to connect to 'dataSource': url='jdbc:h2:tcp://localhost:41063/mem:df70fc46-7e57-4cb5-9cd0-c1d90c14afa7;USER=sa', scope='PlagiarismAnswerPostIntegrationTest#testToggleResolvesPost_notAuthor_forbidden'
    23:47:10.450 | 433 ool-1-worker-197 | DEBUG | d.t.c.a.a.c.s.f.ApiVersionFilter     : Adding Version to Request PUT /api/courses/2384/answer-posts/819
    23:47:10.451 | 433 ool-1-worker-197 | DEBUG | a.a.p.w.PlagiarismAnswerPostResource : PUT updateAnswerPost invoked for course 2384 with post Content Post 1 Answer
    23:47:10.457 | 433 ool-1-worker-197 | WARN  | o.z.p.spring.common.AdviceTraits     : Forbidden: You are not allowed to access the Course with id 2384
    23:47:10.460 | 433 ool-1-worker-197 | DEBUG | d.t.c.a.a.c.s.f.ApiVersionFilter     : Adding Version to Request PUT /api/courses/2384/answer-posts/819
    23:47:10.460 | 433 ool-1-worker-197 | DEBUG | a.a.p.w.PlagiarismAnswerPostResource : PUT updateAnswerPost invoked for course 2384 with post Content Post 1 Answer
    23:47:10.466 | 433 ool-1-worker-197 | WARN  | o.z.p.spring.common.AdviceTraits     : Forbidden: You are not allowed to edit this post

  Starting logs for PlagiarismAnswerPostIntegrationTest > testEditAnswerPostWithWrongCourseId_badRequest()
    23:47:10.493 | 433 ool-1-worker-197 | DEBUG | d.t.c.a.a.c.u.util.UserUtilService   : Generate 4 students...
    23:47:10.510 | 433 ool-1-worker-197 | DEBUG | d.t.c.a.a.c.u.util.UserUtilService   : 4 students generated. Generate 4 tutors...
    23:47:10.522 | 433 ool-1-worker-197 | DEBUG | d.t.c.a.a.c.u.util.UserUtilService   : 4 tutors generated. Generate 4 editors...
    23:47:10.530 | 433 ool-1-worker-197 | DEBUG | d.t.c.a.a.c.u.util.UserUtilService   : 4 editors generated. Generate 1 instructors...
    23:47:10.533 | 433 ool-1-worker-197 | DEBUG | d.t.c.a.a.c.u.util.UserUtilService   : 1 instructors generated
    23:47:10.535 | 433 ool-1-worker-197 | DEBUG | d.t.c.a.a.c.u.util.UserUtilService   : Removing 13 users from all courses...
    23:47:10.537 | 433 ool-1-worker-197 | DEBUG | d.t.c.a.a.c.u.util.UserUtilService   : Removing 13 users from all courses. Done
    23:47:10.537 | 433 ool-1-worker-197 | DEBUG | d.t.c.a.a.c.u.util.UserUtilService   : Save 13 users to database...
    23:47:10.546 | 433 ool-1-worker-197 | DEBUG | d.t.c.a.a.c.u.util.UserUtilService   : Save 13 users to database. Done
    23:47:10.624 | 433 ool-1-worker-197 | INFO  | i.z.t.d.l.EmbeddedDatabaseReporter   : JDBC URL to connect to 'dataSource': url='jdbc:h2:tcp://localhost:41063/mem:df70fc46-7e57-4cb5-9cd0-c1d90c14afa7;USER=sa', scope='PlagiarismAnswerPostIntegrationTest#testEditAnswerPostWithWrongCourseId_badRequest'
    23:47:10.626 | 433 ool-1-worker-197 | DEBUG | d.t.c.a.a.c.s.f.ApiVersionFilter     : Adding Version to Request PUT /api/courses/2386/answer-posts/null
    23:47:10.628 | 433 ool-1-worker-197 | WARN  | o.z.p.spring.common.AdviceTraits     : Bad Request: Method parameter 'answerPostId': Failed to convert value of type 'java.lang.String' to required type 'java.lang.Long'; For input string: "null"

  Starting logs for PlagiarismAnswerPostIntegrationTest > testEditAnswerPost_asStudent2_forbidden()
    23:47:10.643 | 433 ool-1-worker-197 | DEBUG | d.t.c.a.a.c.u.util.UserUtilService   : Generate 4 students...
    23:47:10.650 | 433 ool-1-worker-197 | DEBUG | d.t.c.a.a.c.u.util.UserUtilService   : 4 students generated. Generate 4 tutors...
    23:47:10.656 | 433 ool-1-worker-197 | DEBUG | d.t.c.a.a.c.u.util.UserUtilService   : 4 tutors generated. Generate 4 editors...
    23:47:10.663 | 433 ool-1-worker-197 | DEBUG | d.t.c.a.a.c.u.util.UserUtilService   : 4 editors generated. Generate 1 instructors...
    23:47:10.665 | 433 ool-1-worker-197 | DEBUG | d.t.c.a.a.c.u.util.UserUtilService   : 1 instructors generated
    23:47:10.668 | 433 ool-1-worker-197 | DEBUG | d.t.c.a.a.c.u.util.UserUtilService   : Removing 13 users from all courses...
    23:47:10.670 | 433 ool-1-worker-197 | DEBUG | d.t.c.a.a.c.u.util.UserUtilService   : Removing 13 users from all courses. Done
    23:47:10.670 | 433 ool-1-worker-197 | DEBUG | d.t.c.a.a.c.u.util.UserUtilService   : Save 13 users to database...
    23:47:10.677 | 433 ool-1-worker-197 | DEBUG | d.t.c.a.a.c.u.util.UserUtilService   : Save 13 users to database. Done
    23:47:10.766 | 433 ool-1-worker-197 | INFO  | i.z.t.d.l.EmbeddedDatabaseReporter   : JDBC URL to connect to 'dataSource': url='jdbc:h2:tcp://localhost:41063/mem:df70fc46-7e57-4cb5-9cd0-c1d90c14afa7;USER=sa', scope='PlagiarismAnswerPostIntegrationTest#testEditAnswerPost_asStudent2_forbidden'
    23:47:10.767 | 433 ool-1-worker-197 | DEBUG | d.t.c.a.a.c.s.f.ApiVersionFilter     : Adding Version to Request PUT /api/courses/2387/answer-posts/835
    23:47:10.768 | 433 ool-1-worker-197 | DEBUG | a.a.p.w.PlagiarismAnswerPostResource : PUT updateAnswerPost invoked for course 2387 with post New Test Answer Post
    23:47:10.774 | 433 ool-1-worker-197 | WARN  | o.z.p.spring.common.AdviceTraits     : Forbidden: You are not allowed to edit this post

  Starting logs for PlagiarismAnswerPostIntegrationTest > testDeleteAnswerPosts_asStudent2_forbidden()
    23:47:10.789 | 433 ool-1-worker-197 | DEBUG | d.t.c.a.a.c.u.util.UserUtilService   : Generate 4 students...
    23:47:10.796 | 433 ool-1-worker-197 | DEBUG | d.t.c.a.a.c.u.util.UserUtilService   : 4 students generated. Generate 4 tutors...
    23:47:10.803 | 433 ool-1-worker-197 | DEBUG | d.t.c.a.a.c.u.util.UserUtilService   : 4 tutors generated. Generate 4 editors...
    23:47:10.809 | 433 ool-1-worker-197 | DEBUG | d.t.c.a.a.c.u.util.UserUtilService   : 4 editors generated. Generate 1 instructors...
    23:47:10.812 | 433 ool-1-worker-197 | DEBUG | d.t.c.a.a.c.u.util.UserUtilService   : 1 instructors generated
    23:47:10.815 | 433 ool-1-worker-197 | DEBUG | d.t.c.a.a.c.u.util.UserUtilService   : Removing 13 users from all courses...
    23:47:10.817 | 433 ool-1-worker-197 | DEBUG | d.t.c.a.a.c.u.util.UserUtilService   : Removing 13 users from all courses. Done
    23:47:10.817 | 433 ool-1-worker-197 | DEBUG | d.t.c.a.a.c.u.util.UserUtilService   : Save 13 users to database...
    23:47:10.826 | 433 ool-1-worker-197 | DEBUG | d.t.c.a.a.c.u.util.UserUtilService   : Save 13 users to database. Done
    23:47:10.919 | 433 ool-1-worker-197 | INFO  | i.z.t.d.l.EmbeddedDatabaseReporter   : JDBC URL to connect to 'dataSource': url='jdbc:h2:tcp://localhost:41063/mem:df70fc46-7e57-4cb5-9cd0-c1d90c14afa7;USER=sa', scope='PlagiarismAnswerPostIntegrationTest#testDeleteAnswerPosts_asStudent2_forbidden'
    23:47:10.921 | 433 ool-1-worker-197 | DEBUG | d.t.c.a.a.c.s.f.ApiVersionFilter     : Adding Version to Request DELETE /api/courses/2388/answer-posts/843
    23:47:10.921 | 433 ool-1-worker-197 | DEBUG | a.a.p.w.PlagiarismAnswerPostResource : PUT deleteAnswerPost invoked for course 2388 on post 843
    23:47:10.939 | 433 ool-1-worker-197 | WARN  | o.z.p.spring.common.AdviceTraits     : Forbidden: You are not allowed to edit this post

  Starting logs for PlagiarismAnswerPostIntegrationTest > testDeleteResolvingAnswerPost_asAuthor()
    23:47:10.978 | 433 ool-1-worker-197 | DEBUG | d.t.c.a.a.c.u.util.UserUtilService   : Generate 4 students...
    23:47:10.988 | 433 ool-1-worker-197 | DEBUG | d.t.c.a.a.c.u.util.UserUtilService   : 4 students generated. Generate 4 tutors...
    23:47:10.994 | 433 ool-1-worker-197 | DEBUG | d.t.c.a.a.c.u.util.UserUtilService   : 4 tutors generated. Generate 4 editors...
    23:47:11.001 | 433 ool-1-worker-197 | DEBUG | d.t.c.a.a.c.u.util.UserUtilService   : 4 editors generated. Generate 1 instructors...
    23:47:11.003 | 433 ool-1-worker-197 | DEBUG | d.t.c.a.a.c.u.util.UserUtilService   : 1 instructors generated
    23:47:11.006 | 433 ool-1-worker-197 | DEBUG | d.t.c.a.a.c.u.util.UserUtilService   : Removing 13 users from all courses...
    23:47:11.007 | 433 ool-1-worker-197 | DEBUG | d.t.c.a.a.c.u.util.UserUtilService   : Removing 13 users from all courses. Done
    23:47:11.007 | 433 ool-1-worker-197 | DEBUG | d.t.c.a.a.c.u.util.UserUtilService   : Save 13 users to database...
    23:47:11.019 | 433 ool-1-worker-197 | DEBUG | d.t.c.a.a.c.u.util.UserUtilService   : Save 13 users to database. Done
    23:47:11.148 | 433 ool-1-worker-197 | INFO  | i.z.t.d.l.EmbeddedDatabaseReporter   : JDBC URL to connect to 'dataSource': url='jdbc:h2:tcp://localhost:41063/mem:df70fc46-7e57-4cb5-9cd0-c1d90c14afa7;USER=sa', scope='PlagiarismAnswerPostIntegrationTest#testDeleteResolvingAnswerPost_asAuthor'
    23:47:11.150 | 433 ool-1-worker-197 | DEBUG | d.t.c.a.a.c.s.f.ApiVersionFilter     : Adding Version to Request DELETE /api/courses/2389/answer-posts/851
    23:47:11.150 | 433 ool-1-worker-197 | DEBUG | a.a.p.w.PlagiarismAnswerPostResource : PUT deleteAnswerPost invoked for course 2389 on post 851
    23:47:11.165 | 433 ool-1-worker-197 | INFO  | a.a.p.w.PlagiarismAnswerPostResource : deleteAnswerPost took 14.98ms

  Starting logs for PlagiarismAnswerPostIntegrationTest > testDeleteAnswerPosts_asStudent1()
    23:47:11.194 | 433 ool-1-worker-197 | DEBUG | d.t.c.a.a.c.u.util.UserUtilService   : Generate 4 students...
    23:47:11.202 | 433 ool-1-worker-197 | DEBUG | d.t.c.a.a.c.u.util.UserUtilService   : 4 students generated. Generate 4 tutors...
    23:47:11.208 | 433 ool-1-worker-197 | DEBUG | d.t.c.a.a.c.u.util.UserUtilService   : 4 tutors generated. Generate 4 editors...
    23:47:11.216 | 433 ool-1-worker-197 | DEBUG | d.t.c.a.a.c.u.util.UserUtilService   : 4 editors generated. Generate 1 instructors...
    23:47:11.219 | 433 ool-1-worker-197 | DEBUG | d.t.c.a.a.c.u.util.UserUtilService   : 1 instructors generated
    23:47:11.222 | 433 ool-1-worker-197 | DEBUG | d.t.c.a.a.c.u.util.UserUtilService   : Removing 13 users from all courses...
    23:47:11.224 | 433 ool-1-worker-197 | DEBUG | d.t.c.a.a.c.u.util.UserUtilService   : Removing 13 users from all courses. Done
    23:47:11.224 | 433 ool-1-worker-197 | DEBUG | d.t.c.a.a.c.u.util.UserUtilService   : Save 13 users to database...
    23:47:11.236 | 433 ool-1-worker-197 | DEBUG | d.t.c.a.a.c.u.util.UserUtilService   : Save 13 users to database. Done
    23:47:11.308 | 433 ool-1-worker-197 | INFO  | i.z.t.d.l.EmbeddedDatabaseReporter   : JDBC URL to connect to 'dataSource': url='jdbc:h2:tcp://localhost:41063/mem:df70fc46-7e57-4cb5-9cd0-c1d90c14afa7;USER=sa', scope='PlagiarismAnswerPostIntegrationTest#testDeleteAnswerPosts_asStudent1'
    23:47:11.309 | 433 ool-1-worker-197 | DEBUG | d.t.c.a.a.c.s.f.ApiVersionFilter     : Adding Version to Request DELETE /api/courses/2390/answer-posts/859
    23:47:11.310 | 433 ool-1-worker-197 | DEBUG | a.a.p.w.PlagiarismAnswerPostResource : PUT deleteAnswerPost invoked for course 2390 on post 859
    23:47:11.325 | 433 ool-1-worker-197 | INFO  | a.a.p.w.PlagiarismAnswerPostResource : deleteAnswerPost took 15.33ms

  Starting logs for PlagiarismAnswerPostIntegrationTest > testGetPlagiarismPostsForCourse_Forbidden()
    23:47:11.342 | 433 ool-1-worker-197 | DEBUG | d.t.c.a.a.c.u.util.UserUtilService   : Generate 4 students...
    23:47:11.349 | 433 ool-1-worker-197 | DEBUG | d.t.c.a.a.c.u.util.UserUtilService   : 4 students generated. Generate 4 tutors...
    23:47:11.355 | 433 ool-1-worker-197 | DEBUG | d.t.c.a.a.c.u.util.UserUtilService   : 4 tutors generated. Generate 4 editors...
    23:47:11.362 | 433 ool-1-worker-197 | DEBUG | d.t.c.a.a.c.u.util.UserUtilService   : 4 editors generated. Generate 1 instructors...
    23:47:11.364 | 433 ool-1-worker-197 | DEBUG | d.t.c.a.a.c.u.util.UserUtilService   : 1 instructors generated
    23:47:11.367 | 433 ool-1-worker-197 | DEBUG | d.t.c.a.a.c.u.util.UserUtilService   : Removing 13 users from all courses...
    23:47:11.371 | 433 ool-1-worker-197 | DEBUG | d.t.c.a.a.c.u.util.UserUtilService   : Removing 13 users from all courses. Done
    23:47:11.371 | 433 ool-1-worker-197 | DEBUG | d.t.c.a.a.c.u.util.UserUtilService   : Save 13 users to database...
    23:47:11.383 | 433 ool-1-worker-197 | DEBUG | d.t.c.a.a.c.u.util.UserUtilService   : Save 13 users to database. Done
    23:47:11.460 | 433 ool-1-worker-197 | INFO  | i.z.t.d.l.EmbeddedDatabaseReporter   : JDBC URL to connect to 'dataSource': url='jdbc:h2:tcp://localhost:41063/mem:df70fc46-7e57-4cb5-9cd0-c1d90c14afa7;USER=sa', scope='PlagiarismAnswerPostIntegrationTest#testGetPlagiarismPostsForCourse_Forbidden'
    23:47:11.461 | 433 ool-1-worker-197 | DEBUG | d.t.c.a.a.c.s.f.ApiVersionFilter     : Adding Version to Request GET /api/courses/2391/posts
    23:47:11.468 | 433 ool-1-worker-197 | WARN  | o.z.p.spring.common.AdviceTraits     : Forbidden: Only instructors in the course or the students affected by the plagiarism case are allowed to view its post

  Starting logs for PlagiarismAnswerPostIntegrationTest > testEditAnswerPost_asStudent1()
    23:47:11.483 | 433 ool-1-worker-197 | DEBUG | d.t.c.a.a.c.u.util.UserUtilService   : Generate 4 students...
    23:47:11.490 | 433 ool-1-worker-197 | DEBUG | d.t.c.a.a.c.u.util.UserUtilService   : 4 students generated. Generate 4 tutors...
    23:47:11.496 | 433 ool-1-worker-197 | DEBUG | d.t.c.a.a.c.u.util.UserUtilService   : 4 tutors generated. Generate 4 editors...
    23:47:11.503 | 433 ool-1-worker-197 | DEBUG | d.t.c.a.a.c.u.util.UserUtilService   : 4 editors generated. Generate 1 instructors...
    23:47:11.505 | 433 ool-1-worker-197 | DEBUG | d.t.c.a.a.c.u.util.UserUtilService   : 1 instructors generated
    23:47:11.508 | 433 ool-1-worker-197 | DEBUG | d.t.c.a.a.c.u.util.UserUtilService   : Removing 13 users from all courses...
    23:47:11.509 | 433 ool-1-worker-197 | DEBUG | d.t.c.a.a.c.u.util.UserUtilService   : Removing 13 users from all courses. Done
    23:47:11.509 | 433 ool-1-worker-197 | DEBUG | d.t.c.a.a.c.u.util.UserUtilService   : Save 13 users to database...
    23:47:11.518 | 433 ool-1-worker-197 | DEBUG | d.t.c.a.a.c.u.util.UserUtilService   : Save 13 users to database. Done
    23:47:11.624 | 433 ool-1-worker-197 | INFO  | i.z.t.d.l.EmbeddedDatabaseReporter   : JDBC URL to connect to 'dataSource': url='jdbc:h2:tcp://localhost:41063/mem:df70fc46-7e57-4cb5-9cd0-c1d90c14afa7;USER=sa', scope='PlagiarismAnswerPostIntegrationTest#testEditAnswerPost_asStudent1'
    23:47:11.626 | 433 ool-1-worker-197 | DEBUG | d.t.c.a.a.c.s.f.ApiVersionFilter     : Adding Version to Request PUT /api/courses/2392/answer-posts/875
    23:47:11.626 | 433 ool-1-worker-197 | DEBUG | a.a.p.w.PlagiarismAnswerPostResource : PUT updateAnswerPost invoked for course 2392 with post New Test Answer Post
    23:47:11.638 | 433 ool-1-worker-197 | INFO  | a.a.p.w.PlagiarismAnswerPostResource : updatedAnswerPost took 11.58ms

  Starting logs for PlagiarismAnswerPostIntegrationTest > testToggleResolvesPost()
    23:47:11.656 | 433 ool-1-worker-197 | DEBUG | d.t.c.a.a.c.u.util.UserUtilService   : Generate 4 students...
    23:47:11.663 | 433 ool-1-worker-197 | DEBUG | d.t.c.a.a.c.u.util.UserUtilService   : 4 students generated. Generate 4 tutors...
    23:47:11.669 | 433 ool-1-worker-197 | DEBUG | d.t.c.a.a.c.u.util.UserUtilService   : 4 tutors generated. Generate 4 editors...
    23:47:11.675 | 433 ool-1-worker-197 | DEBUG | d.t.c.a.a.c.u.util.UserUtilService   : 4 editors generated. Generate 1 instructors...
    23:47:11.678 | 433 ool-1-worker-197 | DEBUG | d.t.c.a.a.c.u.util.UserUtilService   : 1 instructors generated
    23:47:11.680 | 433 ool-1-worker-197 | DEBUG | d.t.c.a.a.c.u.util.UserUtilService   : Removing 13 users from all courses...
    23:47:11.681 | 433 ool-1-worker-197 | DEBUG | d.t.c.a.a.c.u.util.UserUtilService   : Removing 13 users from all courses. Done
    23:47:11.681 | 433 ool-1-worker-197 | DEBUG | d.t.c.a.a.c.u.util.UserUtilService   : Save 13 users to database...
    23:47:11.689 | 433 ool-1-worker-197 | DEBUG | d.t.c.a.a.c.u.util.UserUtilService   : Save 13 users to database. Done
    23:47:11.757 | 433 ool-1-worker-197 | INFO  | i.z.t.d.l.EmbeddedDatabaseReporter   : JDBC URL to connect to 'dataSource': url='jdbc:h2:tcp://localhost:41063/mem:df70fc46-7e57-4cb5-9cd0-c1d90c14afa7;USER=sa', scope='PlagiarismAnswerPostIntegrationTest#testToggleResolvesPost'
    23:47:11.759 | 433 ool-1-worker-197 | DEBUG | d.t.c.a.a.c.s.f.ApiVersionFilter     : Adding Version to Request PUT /api/courses/2393/answer-posts/883
    23:47:11.759 | 433 ool-1-worker-197 | DEBUG | a.a.p.w.PlagiarismAnswerPostResource : PUT updateAnswerPost invoked for course 2393 with post Content Post 1 Answer
    23:47:11.779 | 433 ool-1-worker-197 | INFO  | a.a.p.w.PlagiarismAnswerPostResource : updatedAnswerPost took 20.02ms
    23:47:11.784 | 433 ool-1-worker-197 | DEBUG | d.t.c.a.a.c.s.f.ApiVersionFilter     : Adding Version to Request PUT /api/courses/2393/answer-posts/884
    23:47:11.784 | 433 ool-1-worker-197 | DEBUG | a.a.p.w.PlagiarismAnswerPostResource : PUT updateAnswerPost invoked for course 2393 with post Content Post 1 Answer
    23:47:11.797 | 433 ool-1-worker-197 | INFO  | a.a.p.w.PlagiarismAnswerPostResource : updatedAnswerPost took 12.30ms
    23:47:11.798 | 433 ool-1-worker-197 | DEBUG | d.t.c.a.a.c.s.f.ApiVersionFilter     : Adding Version to Request PUT /api/courses/2393/answer-posts/883
    23:47:11.799 | 433 ool-1-worker-197 | DEBUG | a.a.p.w.PlagiarismAnswerPostResource : PUT updateAnswerPost invoked for course 2393 with post Content Post 1 Answer
    23:47:11.812 | 433 ool-1-worker-197 | INFO  | a.a.p.w.PlagiarismAnswerPostResource : updatedAnswerPost took 12.53ms
    23:47:11.816 | 433 ool-1-worker-197 | DEBUG | d.t.c.a.a.c.s.f.ApiVersionFilter     : Adding Version to Request PUT /api/courses/2393/answer-posts/884
    23:47:11.817 | 433 ool-1-worker-197 | DEBUG | a.a.p.w.PlagiarismAnswerPostResource : PUT updateAnswerPost invoked for course 2393 with post Content Post 1 Answer
    23:47:11.836 | 433 ool-1-worker-197 | INFO  | a.a.p.w.PlagiarismAnswerPostResource : updatedAnswerPost took 18.98ms

  Starting logs for PlagiarismAnswerPostIntegrationTest > testEditAnswerPost_asStudent_Forbidden()
    23:47:11.860 | 433 ool-1-worker-197 | DEBUG | d.t.c.a.a.c.u.util.UserUtilService   : Generate 4 students...
    23:47:11.866 | 433 ool-1-worker-197 | DEBUG | d.t.c.a.a.c.u.util.UserUtilService   : 4 students generated. Generate 4 tutors...
    23:47:11.872 | 433 ool-1-worker-197 | DEBUG | d.t.c.a.a.c.u.util.UserUtilService   : 4 tutors generated. Generate 4 editors...
    23:47:11.880 | 433 ool-1-worker-197 | DEBUG | d.t.c.a.a.c.u.util.UserUtilService   : 4 editors generated. Generate 1 instructors...
    23:47:11.882 | 433 ool-1-worker-197 | DEBUG | d.t.c.a.a.c.u.util.UserUtilService   : 1 instructors generated
    23:47:11.885 | 433 ool-1-worker-197 | DEBUG | d.t.c.a.a.c.u.util.UserUtilService   : Removing 13 users from all courses...
    23:47:11.886 | 433 ool-1-worker-197 | DEBUG | d.t.c.a.a.c.u.util.UserUtilService   : Removing 13 users from all courses. Done
    23:47:11.886 | 433 ool-1-worker-197 | DEBUG | d.t.c.a.a.c.u.util.UserUtilService   : Save 13 users to database...
    23:47:11.897 | 433 ool-1-worker-197 | DEBUG | d.t.c.a.a.c.u.util.UserUtilService   : Save 13 users to database. Done
    23:47:11.972 | 433 ool-1-worker-197 | INFO  | i.z.t.d.l.EmbeddedDatabaseReporter   : JDBC URL to connect to 'dataSource': url='jdbc:h2:tcp://localhost:41063/mem:df70fc46-7e57-4cb5-9cd0-c1d90c14afa7;USER=sa', scope='PlagiarismAnswerPostIntegrationTest#testEditAnswerPost_asStudent_Forbidden'
    23:47:11.973 | 433 ool-1-worker-197 | DEBUG | d.t.c.a.a.c.s.f.ApiVersionFilter     : Adding Version to Request PUT /api/courses/2394/answer-posts/891
    23:47:11.974 | 433 ool-1-worker-197 | WARN  | o.z.p.spring.common.AdviceTraits     : Forbidden: Access Denied

  Starting logs for PlagiarismAnswerPostIntegrationTest > testToggleResolvesPost_asPostAuthor()
    23:47:11.997 | 433 ool-1-worker-197 | DEBUG | d.t.c.a.a.c.u.util.UserUtilService   : Generate 4 students...
    23:47:12.012 | 433 ool-1-worker-197 | DEBUG | d.t.c.a.a.c.u.util.UserUtilService   : 4 students generated. Generate 4 tutors...
    23:47:12.021 | 433 ool-1-worker-197 | DEBUG | d.t.c.a.a.c.u.util.UserUtilService   : 4 tutors generated. Generate 4 editors...
    23:47:12.027 | 433 ool-1-worker-197 | DEBUG | d.t.c.a.a.c.u.util.UserUtilService   : 4 editors generated. Generate 1 instructors...
    23:47:12.030 | 433 ool-1-worker-197 | DEBUG | d.t.c.a.a.c.u.util.UserUtilService   : 1 instructors generated
    23:47:12.032 | 433 ool-1-worker-197 | DEBUG | d.t.c.a.a.c.u.util.UserUtilService   : Removing 13 users from all courses...
    23:47:12.034 | 433 ool-1-worker-197 | DEBUG | d.t.c.a.a.c.u.util.UserUtilService   : Removing 13 users from all courses. Done
    23:47:12.034 | 433 ool-1-worker-197 | DEBUG | d.t.c.a.a.c.u.util.UserUtilService   : Save 13 users to database...
    23:47:12.041 | 433 ool-1-worker-197 | DEBUG | d.t.c.a.a.c.u.util.UserUtilService   : Save 13 users to database. Done
    23:47:12.124 | 433 ool-1-worker-197 | INFO  | i.z.t.d.l.EmbeddedDatabaseReporter   : JDBC URL to connect to 'dataSource': url='jdbc:h2:tcp://localhost:41063/mem:df70fc46-7e57-4cb5-9cd0-c1d90c14afa7;USER=sa', scope='PlagiarismAnswerPostIntegrationTest#testToggleResolvesPost_asPostAuthor'
    23:47:12.125 | 433 ool-1-worker-197 | DEBUG | d.t.c.a.a.c.s.f.ApiVersionFilter     : Adding Version to Request PUT /api/courses/2395/answer-posts/899
    23:47:12.126 | 433 ool-1-worker-197 | DEBUG | a.a.p.w.PlagiarismAnswerPostResource : PUT updateAnswerPost invoked for course 2395 with post Content Post 1 Answer
    23:47:12.141 | 433 ool-1-worker-197 | INFO  | a.a.p.w.PlagiarismAnswerPostResource : updatedAnswerPost took 15.18ms
    23:47:12.143 | 433 ool-1-worker-197 | DEBUG | d.t.c.a.a.c.s.f.ApiVersionFilter     : Adding Version to Request PUT /api/courses/2395/answer-posts/899
    23:47:12.144 | 433 ool-1-worker-197 | DEBUG | a.a.p.w.PlagiarismAnswerPostResource : PUT updateAnswerPost invoked for course 2395 with post Content Post 1 Answer
    23:47:12.156 | 433 ool-1-worker-197 | INFO  | a.a.p.w.PlagiarismAnswerPostResource : updatedAnswerPost took 12.56ms

  Starting logs for PlagiarismAnswerPostIntegrationTest > testCreateExistingAnswerPost_badRequest()
    23:47:12.169 | 433 ool-1-worker-197 | DEBUG | d.t.c.a.a.c.u.util.UserUtilService   : Generate 4 students...
    23:47:12.176 | 433 ool-1-worker-197 | DEBUG | d.t.c.a.a.c.u.util.UserUtilService   : 4 students generated. Generate 4 tutors...
    23:47:12.182 | 433 ool-1-worker-197 | DEBUG | d.t.c.a.a.c.u.util.UserUtilService   : 4 tutors generated. Generate 4 editors...
    23:47:12.188 | 433 ool-1-worker-197 | DEBUG | d.t.c.a.a.c.u.util.UserUtilService   : 4 editors generated. Generate 1 instructors...
    23:47:12.191 | 433 ool-1-worker-197 | DEBUG | d.t.c.a.a.c.u.util.UserUtilService   : 1 instructors generated
    23:47:12.193 | 433 ool-1-worker-197 | DEBUG | d.t.c.a.a.c.u.util.UserUtilService   : Removing 13 users from all courses...
    23:47:12.195 | 433 ool-1-worker-197 | DEBUG | d.t.c.a.a.c.u.util.UserUtilService   : Removing 13 users from all courses. Done
    23:47:12.195 | 433 ool-1-worker-197 | DEBUG | d.t.c.a.a.c.u.util.UserUtilService   : Save 13 users to database...
    23:47:12.203 | 433 ool-1-worker-197 | DEBUG | d.t.c.a.a.c.u.util.UserUtilService   : Save 13 users to database. Done
    23:47:12.274 | 433 ool-1-worker-197 | INFO  | i.z.t.d.l.EmbeddedDatabaseReporter   : JDBC URL to connect to 'dataSource': url='jdbc:h2:tcp://localhost:41063/mem:df70fc46-7e57-4cb5-9cd0-c1d90c14afa7;USER=sa', scope='PlagiarismAnswerPostIntegrationTest#testCreateExistingAnswerPost_badRequest'
    23:47:12.276 | 433 ool-1-worker-197 | DEBUG | d.t.c.a.a.c.s.f.ApiVersionFilter     : Adding Version to Request POST /api/courses/2396/answer-posts
    23:47:12.277 | 433 ool-1-worker-197 | DEBUG | a.a.p.w.PlagiarismAnswerPostResource : POST createAnswerPost invoked for course 2396 with post Content Post 1 Answer
    23:47:12.278 | 433 ool-1-worker-197 | ERROR | tech.jhipster.web.util.HeaderUtil    : Entity processing failed, A new answer post cannot already have an ID
    23:47:12.278 | 433 ool-1-worker-197 | WARN  | o.z.p.spring.common.AdviceTraits     : Bad Request: A new answer post cannot already have an ID

  Starting logs for PlagiarismAnswerPostIntegrationTest > testGetPlagiarismPostsForCourse_BadRequest()
    23:47:12.294 | 433 ool-1-worker-197 | DEBUG | d.t.c.a.a.c.u.util.UserUtilService   : Generate 4 students...
    23:47:12.301 | 433 ool-1-worker-197 | DEBUG | d.t.c.a.a.c.u.util.UserUtilService   : 4 students generated. Generate 4 tutors...
    23:47:12.307 | 433 ool-1-worker-197 | DEBUG | d.t.c.a.a.c.u.util.UserUtilService   : 4 tutors generated. Generate 4 editors...
    23:47:12.313 | 433 ool-1-worker-197 | DEBUG | d.t.c.a.a.c.u.util.UserUtilService   : 4 editors generated. Generate 1 instructors...
    23:47:12.316 | 433 ool-1-worker-197 | DEBUG | d.t.c.a.a.c.u.util.UserUtilService   : 1 instructors generated
    23:47:12.318 | 433 ool-1-worker-197 | DEBUG | d.t.c.a.a.c.u.util.UserUtilService   : Removing 13 users from all courses...
    23:47:12.319 | 433 ool-1-worker-197 | DEBUG | d.t.c.a.a.c.u.util.UserUtilService   : Removing 13 users from all courses. Done
    23:47:12.319 | 433 ool-1-worker-197 | DEBUG | d.t.c.a.a.c.u.util.UserUtilService   : Save 13 users to database...
    23:47:12.327 | 433 ool-1-worker-197 | DEBUG | d.t.c.a.a.c.u.util.UserUtilService   : Save 13 users to database. Done
    23:47:12.400 | 433 ool-1-worker-197 | INFO  | i.z.t.d.l.EmbeddedDatabaseReporter   : JDBC URL to connect to 'dataSource': url='jdbc:h2:tcp://localhost:41063/mem:df70fc46-7e57-4cb5-9cd0-c1d90c14afa7;USER=sa', scope='PlagiarismAnswerPostIntegrationTest#testGetPlagiarismPostsForCourse_BadRequest'
    23:47:12.404 | 433 ool-1-worker-197 | DEBUG | d.t.c.a.a.c.s.f.ApiVersionFilter     : Adding Version to Request GET /api/courses/2397/posts
    23:47:12.409 | 433 ool-1-worker-197 | ERROR | tech.jhipster.web.util.HeaderUtil    : Entity processing failed, A post cannot be associated with more than one context if plagiarismCaseId is set
    23:47:12.409 | 433 ool-1-worker-197 | WARN  | o.z.p.spring.common.AdviceTraits     : Bad Request: A post cannot be associated with more than one context if plagiarismCaseId is set

  Starting logs for PlagiarismAnswerPostIntegrationTest > testDeleteAnswerPost_asStudent_notFound()
    23:47:12.423 | 433 ool-1-worker-197 | DEBUG | d.t.c.a.a.c.u.util.UserUtilService   : Generate 4 students...
    23:47:12.429 | 433 ool-1-worker-197 | DEBUG | d.t.c.a.a.c.u.util.UserUtilService   : 4 students generated. Generate 4 tutors...
    23:47:12.435 | 433 ool-1-worker-197 | DEBUG | d.t.c.a.a.c.u.util.UserUtilService   : 4 tutors generated. Generate 4 editors...
    23:47:12.440 | 433 ool-1-worker-197 | DEBUG | d.t.c.a.a.c.u.util.UserUtilService   : 4 editors generated. Generate 1 instructors...
    23:47:12.442 | 433 ool-1-worker-197 | DEBUG | d.t.c.a.a.c.u.util.UserUtilService   : 1 instructors generated
    23:47:12.444 | 433 ool-1-worker-197 | DEBUG | d.t.c.a.a.c.u.util.UserUtilService   : Removing 13 users from all courses...
    23:47:12.445 | 433 ool-1-worker-197 | DEBUG | d.t.c.a.a.c.u.util.UserUtilService   : Removing 13 users from all courses. Done
    23:47:12.445 | 433 ool-1-worker-197 | DEBUG | d.t.c.a.a.c.u.util.UserUtilService   : Save 13 users to database...
    23:47:12.454 | 433 ool-1-worker-197 | DEBUG | d.t.c.a.a.c.u.util.UserUtilService   : Save 13 users to database. Done
    23:47:12.516 | 433 ool-1-worker-197 | INFO  | i.z.t.d.l.EmbeddedDatabaseReporter   : JDBC URL to connect to 'dataSource': url='jdbc:h2:tcp://localhost:41063/mem:df70fc46-7e57-4cb5-9cd0-c1d90c14afa7;USER=sa', scope='PlagiarismAnswerPostIntegrationTest#testDeleteAnswerPost_asStudent_notFound'
    23:47:12.517 | 433 ool-1-worker-197 | DEBUG | d.t.c.a.a.c.s.f.ApiVersionFilter     : Adding Version to Request DELETE /api/courses/2398/answer-posts/9999
    23:47:12.517 | 433 ool-1-worker-197 | DEBUG | a.a.p.w.PlagiarismAnswerPostResource : PUT deleteAnswerPost invoked for course 2398 on post 9999
    23:47:12.519 | 433 ool-1-worker-197 | WARN  | o.z.p.spring.common.AdviceTraits     : Not Found: AnswerPost with identifier: "9999" does not exist

  Starting logs for PlagiarismAnswerPostIntegrationTest > testGetPlagiarismPostsForCourse()
    23:47:12.530 | 433 ool-1-worker-197 | DEBUG | d.t.c.a.a.c.u.util.UserUtilService   : Generate 4 students...
    23:47:12.536 | 433 ool-1-worker-197 | DEBUG | d.t.c.a.a.c.u.util.UserUtilService   : 4 students generated. Generate 4 tutors...
    23:47:12.542 | 433 ool-1-worker-197 | DEBUG | d.t.c.a.a.c.u.util.UserUtilService   : 4 tutors generated. Generate 4 editors...
    23:47:12.549 | 433 ool-1-worker-197 | DEBUG | d.t.c.a.a.c.u.util.UserUtilService   : 4 editors generated. Generate 1 instructors...
    23:47:12.555 | 433 ool-1-worker-197 | DEBUG | d.t.c.a.a.c.u.util.UserUtilService   : 1 instructors generated
    23:47:12.558 | 433 ool-1-worker-197 | DEBUG | d.t.c.a.a.c.u.util.UserUtilService   : Removing 13 users from all courses...
    23:47:12.562 | 433 ool-1-worker-197 | DEBUG | d.t.c.a.a.c.u.util.UserUtilService   : Removing 13 users from all courses. Done
    23:47:12.562 | 433 ool-1-worker-197 | DEBUG | d.t.c.a.a.c.u.util.UserUtilService   : Save 13 users to database...
    23:47:12.580 | 433 ool-1-worker-197 | DEBUG | d.t.c.a.a.c.u.util.UserUtilService   : Save 13 users to database. Done
    23:47:12.681 | 433 ool-1-worker-197 | INFO  | i.z.t.d.l.EmbeddedDatabaseReporter   : JDBC URL to connect to 'dataSource': url='jdbc:h2:tcp://localhost:41063/mem:df70fc46-7e57-4cb5-9cd0-c1d90c14afa7;USER=sa', scope='PlagiarismAnswerPostIntegrationTest#testGetPlagiarismPostsForCourse'
    23:47:12.683 | 433 ool-1-worker-197 | DEBUG | d.t.c.a.a.c.s.f.ApiVersionFilter     : Adding Version to Request GET /api/courses/2399/posts
    23:47:12.700 | 433 ool-1-worker-197 | DEBUG | d.t.c.a.a.c.service.PostingService   : userRepository.findUserRolesInCourse done for 2 authors 

Finished logs for PlagiarismAnswerPostIntegrationTest
]]></system-out>
  <system-err><![CDATA[]]></system-err>
</testsuite>
