<?xml version="1.0" encoding="UTF-8"?>
<testsuite name="de.tum.cit.aet.artemis.text.architecture.TextResourceArchitectureTest" tests="7" skipped="0" failures="0" errors="0" timestamp="2025-02-14T23:46:33" hostname="fv-az1721-502" time="0.245">
  <properties/>
  <testcase name="testNoOverrideOfEnforceAdmin()" classname="de.tum.cit.aet.artemis.text.architecture.TextResourceArchitectureTest" time="0.018"/>
  <testcase name="testUseKebabCaseForRestEndpoints()" classname="de.tum.cit.aet.artemis.text.architecture.TextResourceArchitectureTest" time="0.092"/>
  <testcase name="allPublicMethodsShouldReturnResponseEntity()" classname="de.tum.cit.aet.artemis.text.architecture.TextResourceArchitectureTest" time="0.024"/>
  <testcase name="testClassWithEnforceAdminInCorrectlyNamed()" classname="de.tum.cit.aet.artemis.text.architecture.TextResourceArchitectureTest" time="0.007"/>
  <testcase name="shouldBeNamedResource()" classname="de.tum.cit.aet.artemis.text.architecture.TextResourceArchitectureTest" time="0.003"/>
  <testcase name="shouldBeInResourcePackage()" classname="de.tum.cit.aet.artemis.text.architecture.TextResourceArchitectureTest" time="0.002"/>
  <testcase name="shouldCorrectlyUseRequestMappingAnnotations()" classname="de.tum.cit.aet.artemis.text.architecture.TextResourceArchitectureTest" time="0.096"/>
  <system-out><![CDATA[
Starting logs for TextResourceArchitectureTest

  Starting logs for TextResourceArchitectureTest > testNoOverrideOfEnforceAdmin()

  Starting logs for TextResourceArchitectureTest > testUseKebabCaseForRestEndpoints()

  Starting logs for TextResourceArchitectureTest > allPublicMethodsShouldReturnResponseEntity()

  Starting logs for TextResourceArchitectureTest > testClassWithEnforceAdminInCorrectlyNamed()

  Starting logs for TextResourceArchitectureTest > shouldBeNamedResource()

  Starting logs for TextResourceArchitectureTest > shouldBeInResourcePackage()

  Starting logs for TextResourceArchitectureTest > shouldCorrectlyUseRequestMappingAnnotations()

Finished logs for TextResourceArchitectureTest
]]></system-out>
  <system-err><![CDATA[]]></system-err>
</testsuite>
