<?xml version="1.0" encoding="UTF-8"?>
<testsuite name="de.tum.cit.aet.artemis.core.service.AuthorizationCheckServiceTest$IsUserAllowedToGetResultTest" tests="4" skipped="0" failures="0" errors="0" timestamp="2025-02-14T23:42:26" hostname="fv-az1721-502" time="0.189">
  <properties/>
  <testcase name="testIsNotAllowedAsStudentForNonTestRunExerciseBeforeDeadline()" classname="de.tum.cit.aet.artemis.core.service.AuthorizationCheckServiceTest$IsUserAllowedToGetResultTest" time="0.043"/>
  <testcase name="testIsNotAllowedAsStudentDuringTestRun()" classname="de.tum.cit.aet.artemis.core.service.AuthorizationCheckServiceTest$IsUserAllowedToGetResultTest" time="0.041"/>
  <testcase name="testIsNotAllowedAsInstructorForNonTestRunExerciseBeforeDeadline()" classname="de.tum.cit.aet.artemis.core.service.AuthorizationCheckServiceTest$IsUserAllowedToGetResultTest" time="0.05"/>
  <testcase name="testIsAllowedAsInstructorDuringTestRun()" classname="de.tum.cit.aet.artemis.core.service.AuthorizationCheckServiceTest$IsUserAllowedToGetResultTest" time="0.045"/>
  <system-out><![CDATA[
Starting logs for IsUserAllowedToGetResultTest

  Starting logs for IsUserAllowedToGetResultTest > testIsNotAllowedAsStudentForNonTestRunExerciseBeforeDeadline()
    23:42:26.548 | 343 ool-1-worker-107 | DEBUG | d.t.c.a.a.c.u.util.UserUtilService   : Generate 2 students...
    23:42:26.552 | 343 ool-1-worker-107 | DEBUG | d.t.c.a.a.c.u.util.UserUtilService   : 2 students generated. Generate 0 tutors...
    23:42:26.554 | 343 ool-1-worker-107 | DEBUG | d.t.c.a.a.c.u.util.UserUtilService   : 0 tutors generated. Generate 0 editors...
    23:42:26.555 | 343 ool-1-worker-107 | DEBUG | d.t.c.a.a.c.u.util.UserUtilService   : 0 editors generated. Generate 1 instructors...
    23:42:26.558 | 343 ool-1-worker-107 | DEBUG | d.t.c.a.a.c.u.util.UserUtilService   : 1 instructors generated
    23:42:26.560 | 343 ool-1-worker-107 | DEBUG | d.t.c.a.a.c.u.util.UserUtilService   : Removing 3 users from all courses...
    23:42:26.561 | 343 ool-1-worker-107 | DEBUG | d.t.c.a.a.c.u.util.UserUtilService   : Removing 3 users from all courses. Done
    23:42:26.561 | 343 ool-1-worker-107 | DEBUG | d.t.c.a.a.c.u.util.UserUtilService   : Save 3 users to database...
    23:42:26.565 | 343 ool-1-worker-107 | DEBUG | d.t.c.a.a.c.u.util.UserUtilService   : Save 3 users to database. Done
    23:42:26.573 | 343 ool-1-worker-107 | INFO  | i.z.t.d.l.EmbeddedDatabaseReporter   : JDBC URL to connect to 'dataSource': url='jdbc:h2:tcp://localhost:41063/mem:736625c0-cf5e-400d-aeaa-8a7eabd6262b;USER=sa', scope='IsUserAllowedToGetResultTest#testIsNotAllowedAsStudentForNonTestRunExerciseBeforeDeadline'

  Starting logs for IsUserAllowedToGetResultTest > testIsNotAllowedAsStudentDuringTestRun()
    23:42:26.596 | 343 ool-1-worker-107 | DEBUG | d.t.c.a.a.c.u.util.UserUtilService   : Generate 2 students...
    23:42:26.600 | 343 ool-1-worker-107 | DEBUG | d.t.c.a.a.c.u.util.UserUtilService   : 2 students generated. Generate 0 tutors...
    23:42:26.602 | 343 ool-1-worker-107 | DEBUG | d.t.c.a.a.c.u.util.UserUtilService   : 0 tutors generated. Generate 0 editors...
    23:42:26.603 | 343 ool-1-worker-107 | DEBUG | d.t.c.a.a.c.u.util.UserUtilService   : 0 editors generated. Generate 1 instructors...
    23:42:26.606 | 343 ool-1-worker-107 | DEBUG | d.t.c.a.a.c.u.util.UserUtilService   : 1 instructors generated
    23:42:26.608 | 343 ool-1-worker-107 | DEBUG | d.t.c.a.a.c.u.util.UserUtilService   : Removing 3 users from all courses...
    23:42:26.609 | 343 ool-1-worker-107 | DEBUG | d.t.c.a.a.c.u.util.UserUtilService   : Removing 3 users from all courses. Done
    23:42:26.609 | 343 ool-1-worker-107 | DEBUG | d.t.c.a.a.c.u.util.UserUtilService   : Save 3 users to database...
    23:42:26.612 | 343 ool-1-worker-107 | DEBUG | d.t.c.a.a.c.u.util.UserUtilService   : Save 3 users to database. Done
    23:42:26.619 | 343 ool-1-worker-107 | INFO  | i.z.t.d.l.EmbeddedDatabaseReporter   : JDBC URL to connect to 'dataSource': url='jdbc:h2:tcp://localhost:41063/mem:736625c0-cf5e-400d-aeaa-8a7eabd6262b;USER=sa', scope='IsUserAllowedToGetResultTest#testIsNotAllowedAsStudentDuringTestRun'

  Starting logs for IsUserAllowedToGetResultTest > testIsNotAllowedAsInstructorForNonTestRunExerciseBeforeDeadline()
    23:42:26.638 | 343 ool-1-worker-107 | DEBUG | d.t.c.a.a.c.u.util.UserUtilService   : Generate 2 students...
    23:42:26.642 | 343 ool-1-worker-107 | DEBUG | d.t.c.a.a.c.u.util.UserUtilService   : 2 students generated. Generate 0 tutors...
    23:42:26.643 | 343 ool-1-worker-107 | DEBUG | d.t.c.a.a.c.u.util.UserUtilService   : 0 tutors generated. Generate 0 editors...
    23:42:26.645 | 343 ool-1-worker-107 | DEBUG | d.t.c.a.a.c.u.util.UserUtilService   : 0 editors generated. Generate 1 instructors...
    23:42:26.648 | 343 ool-1-worker-107 | DEBUG | d.t.c.a.a.c.u.util.UserUtilService   : 1 instructors generated
    23:42:26.649 | 343 ool-1-worker-107 | DEBUG | d.t.c.a.a.c.u.util.UserUtilService   : Removing 3 users from all courses...
    23:42:26.651 | 343 ool-1-worker-107 | DEBUG | d.t.c.a.a.c.u.util.UserUtilService   : Removing 3 users from all courses. Done
    23:42:26.651 | 343 ool-1-worker-107 | DEBUG | d.t.c.a.a.c.u.util.UserUtilService   : Save 3 users to database...
    23:42:26.654 | 343 ool-1-worker-107 | DEBUG | d.t.c.a.a.c.u.util.UserUtilService   : Save 3 users to database. Done
    23:42:26.661 | 343 ool-1-worker-107 | INFO  | i.z.t.d.l.EmbeddedDatabaseReporter   : JDBC URL to connect to 'dataSource': url='jdbc:h2:tcp://localhost:41063/mem:736625c0-cf5e-400d-aeaa-8a7eabd6262b;USER=sa', scope='IsUserAllowedToGetResultTest#testIsNotAllowedAsInstructorForNonTestRunExerciseBeforeDeadline'

  Starting logs for IsUserAllowedToGetResultTest > testIsAllowedAsInstructorDuringTestRun()
    23:42:26.692 | 343 ool-1-worker-107 | DEBUG | d.t.c.a.a.c.u.util.UserUtilService   : Generate 2 students...
    23:42:26.696 | 343 ool-1-worker-107 | DEBUG | d.t.c.a.a.c.u.util.UserUtilService   : 2 students generated. Generate 0 tutors...
    23:42:26.698 | 343 ool-1-worker-107 | DEBUG | d.t.c.a.a.c.u.util.UserUtilService   : 0 tutors generated. Generate 0 editors...
    23:42:26.700 | 343 ool-1-worker-107 | DEBUG | d.t.c.a.a.c.u.util.UserUtilService   : 0 editors generated. Generate 1 instructors...
    23:42:26.703 | 343 ool-1-worker-107 | DEBUG | d.t.c.a.a.c.u.util.UserUtilService   : 1 instructors generated
    23:42:26.705 | 343 ool-1-worker-107 | DEBUG | d.t.c.a.a.c.u.util.UserUtilService   : Removing 3 users from all courses...
    23:42:26.706 | 343 ool-1-worker-107 | DEBUG | d.t.c.a.a.c.u.util.UserUtilService   : Removing 3 users from all courses. Done
    23:42:26.706 | 343 ool-1-worker-107 | DEBUG | d.t.c.a.a.c.u.util.UserUtilService   : Save 3 users to database...
    23:42:26.710 | 343 ool-1-worker-107 | DEBUG | d.t.c.a.a.c.u.util.UserUtilService   : Save 3 users to database. Done
    23:42:26.720 | 343 ool-1-worker-107 | INFO  | i.z.t.d.l.EmbeddedDatabaseReporter   : JDBC URL to connect to 'dataSource': url='jdbc:h2:tcp://localhost:41063/mem:736625c0-cf5e-400d-aeaa-8a7eabd6262b;USER=sa', scope='IsUserAllowedToGetResultTest#testIsAllowedAsInstructorDuringTestRun'

Finished logs for IsUserAllowedToGetResultTest
]]></system-out>
  <system-err><![CDATA[]]></system-err>
</testsuite>
