<?xml version="1.0" encoding="UTF-8"?>
<testsuite name="de.tum.cit.aet.artemis.exercise.service.ParticipationServiceTest" tests="8" skipped="0" failures="0" errors="0" timestamp="2025-02-14T23:44:03" hostname="fv-az1721-502" time="0.825">
  <properties/>
  <testcase name="testStartPracticeMode(boolean) [1] useGradedParticipation=true" classname="de.tum.cit.aet.artemis.exercise.service.ParticipationServiceTest" time="0.1"/>
  <testcase name="testStartPracticeMode(boolean) [2] useGradedParticipation=false" classname="de.tum.cit.aet.artemis.exercise.service.ParticipationServiceTest" time="0.086"/>
  <testcase name="canStartExerciseWithPracticeParticipationAfterDueDateChange()" classname="de.tum.cit.aet.artemis.exercise.service.ParticipationServiceTest" time="0.099"/>
  <testcase name="testGetBuildJobsForResultsOfParticipation()" classname="de.tum.cit.aet.artemis.exercise.service.ParticipationServiceTest" time="0.081"/>
  <testcase name="testStartExerciseWithInitializationDate_newParticipation()" classname="de.tum.cit.aet.artemis.exercise.service.ParticipationServiceTest" time="0.071"/>
  <testcase name="testCreateParticipationForExternalSubmission()" classname="de.tum.cit.aet.artemis.exercise.service.ParticipationServiceTest" time="0.094"/>
  <testcase name="testDeleteParticipation_removesBuildLogEntries()" classname="de.tum.cit.aet.artemis.exercise.service.ParticipationServiceTest" time="0.206"/>
  <testcase name="testStartExercise_newParticipation()" classname="de.tum.cit.aet.artemis.exercise.service.ParticipationServiceTest" time="0.074"/>
  <system-out><![CDATA[
Starting logs for ParticipationServiceTest
    23:44:02.904 | 060 pool-4-thread-3  | INFO  | d.t.c.a.a.p.s.gitlab.GitLabService   : Protecting branch main for Gitlab repository SHORT8F63C69A0D7DC043810A2F90C2ED9347A244TEC8/short8f63c69a0d7dc043810a2f90c2ed9347a244tec8-studexamstudent1

  Starting logs for ParticipationServiceTest > testStartPracticeMode(boolean) [1] useGradedParticipation=true
    23:44:03.012 | 387 ool-1-worker-151 | DEBUG | d.t.c.a.a.c.u.util.UserUtilService   : Generate 3 students...
    23:44:03.015 | 387 ool-1-worker-151 | DEBUG | d.t.c.a.a.c.u.util.UserUtilService   : 3 students generated. Generate 0 tutors...
    23:44:03.016 | 387 ool-1-worker-151 | DEBUG | d.t.c.a.a.c.u.util.UserUtilService   : 0 tutors generated. Generate 0 editors...
    23:44:03.019 | 387 ool-1-worker-151 | DEBUG | d.t.c.a.a.c.u.util.UserUtilService   : 0 editors generated. Generate 1 instructors...
    23:44:03.021 | 387 ool-1-worker-151 | DEBUG | d.t.c.a.a.c.u.util.UserUtilService   : 1 instructors generated
    23:44:03.022 | 387 ool-1-worker-151 | DEBUG | d.t.c.a.a.c.u.util.UserUtilService   : Removing 3 users from all courses...
    23:44:03.023 | 387 ool-1-worker-151 | DEBUG | d.t.c.a.a.c.u.util.UserUtilService   : Removing 3 users from all courses. Done
    23:44:03.023 | 387 ool-1-worker-151 | DEBUG | d.t.c.a.a.c.u.util.UserUtilService   : Save 4 users to database...
    23:44:03.025 | 387 ool-1-worker-151 | DEBUG | d.t.c.a.a.c.u.util.UserUtilService   : Save 4 users to database. Done
    23:44:03.051 | 387 ool-1-worker-151 | INFO  | i.z.t.d.l.EmbeddedDatabaseReporter   : JDBC URL to connect to 'dataSource': url='jdbc:h2:tcp://localhost:41063/mem:736625c0-cf5e-400d-aeaa-8a7eabd6262b;USER=sa', scope='ParticipationServiceTest#testStartPracticeMode'
    23:44:03.065 | 387 ool-1-worker-151 | DEBUG | .c.s.m.InstanceMessageReceiveService : Received schedule participant score for exercise 2358 and participant 680 (result to be deleted: null)
    23:44:03.065 | 387 ool-1-worker-151 | DEBUG | .a.s.ParticipantScoreScheduleService : Scheduled task for exercise 2358 and participant 680 at 2025-02-14T23:44:03.165170759Z[Etc/UTC].
    23:44:03.072 | 387 ool-1-worker-151 | DEBUG | PersonalAccessTokenManagementService : Generate secure vcs access token

  Starting logs for ParticipationServiceTest > testStartPracticeMode(boolean) [2] useGradedParticipation=false
    23:44:03.115 | 387 ool-1-worker-151 | DEBUG | d.t.c.a.a.c.u.util.UserUtilService   : Generate 3 students...
    23:44:03.121 | 387 ool-1-worker-151 | DEBUG | d.t.c.a.a.c.u.util.UserUtilService   : 3 students generated. Generate 0 tutors...
    23:44:03.122 | 387 ool-1-worker-151 | DEBUG | d.t.c.a.a.c.u.util.UserUtilService   : 0 tutors generated. Generate 0 editors...
    23:44:03.123 | 387 ool-1-worker-151 | DEBUG | d.t.c.a.a.c.u.util.UserUtilService   : 0 editors generated. Generate 1 instructors...
    23:44:03.126 | 387 ool-1-worker-151 | DEBUG | d.t.c.a.a.c.u.util.UserUtilService   : 1 instructors generated
    23:44:03.128 | 387 ool-1-worker-151 | DEBUG | d.t.c.a.a.c.u.util.UserUtilService   : Removing 4 users from all courses...
    23:44:03.129 | 387 ool-1-worker-151 | DEBUG | d.t.c.a.a.c.u.util.UserUtilService   : Removing 4 users from all courses. Done
    23:44:03.129 | 387 ool-1-worker-151 | DEBUG | d.t.c.a.a.c.u.util.UserUtilService   : Save 4 users to database...
    23:44:03.137 | 387 ool-1-worker-151 | DEBUG | d.t.c.a.a.c.u.util.UserUtilService   : Save 4 users to database. Done
    23:44:03.157 | 387 ool-1-worker-151 | INFO  | i.z.t.d.l.EmbeddedDatabaseReporter   : JDBC URL to connect to 'dataSource': url='jdbc:h2:tcp://localhost:41063/mem:736625c0-cf5e-400d-aeaa-8a7eabd6262b;USER=sa', scope='ParticipationServiceTest#testStartPracticeMode'
    23:44:03.164 | 387 ool-1-worker-151 | DEBUG | .c.s.m.InstanceMessageReceiveService : Received schedule participant score for exercise 2359 and participant 680 (result to be deleted: null)
    23:44:03.164 | 387 ool-1-worker-151 | DEBUG | .a.s.ParticipantScoreScheduleService : Scheduled task for exercise 2359 and participant 680 at 2025-02-14T23:44:03.264772766Z[Etc/UTC].
    23:44:03.167 | 387 ool-1-worker-151 | DEBUG | PersonalAccessTokenManagementService : Generate secure vcs access token

  Starting logs for ParticipationServiceTest > canStartExerciseWithPracticeParticipationAfterDueDateChange()
    23:44:03.205 | 387 ool-1-worker-151 | DEBUG | d.t.c.a.a.c.u.util.UserUtilService   : Generate 3 students...
    23:44:03.210 | 387 ool-1-worker-151 | DEBUG | d.t.c.a.a.c.u.util.UserUtilService   : 3 students generated. Generate 0 tutors...
    23:44:03.211 | 387 ool-1-worker-151 | DEBUG | d.t.c.a.a.c.u.util.UserUtilService   : 0 tutors generated. Generate 0 editors...
    23:44:03.213 | 387 ool-1-worker-151 | DEBUG | d.t.c.a.a.c.u.util.UserUtilService   : 0 editors generated. Generate 1 instructors...
    23:44:03.216 | 387 ool-1-worker-151 | DEBUG | d.t.c.a.a.c.u.util.UserUtilService   : 1 instructors generated
    23:44:03.217 | 387 ool-1-worker-151 | DEBUG | d.t.c.a.a.c.u.util.UserUtilService   : Removing 4 users from all courses...
    23:44:03.218 | 387 ool-1-worker-151 | DEBUG | d.t.c.a.a.c.u.util.UserUtilService   : Removing 4 users from all courses. Done
    23:44:03.218 | 387 ool-1-worker-151 | DEBUG | d.t.c.a.a.c.u.util.UserUtilService   : Save 4 users to database...
    23:44:03.221 | 387 ool-1-worker-151 | DEBUG | d.t.c.a.a.c.u.util.UserUtilService   : Save 4 users to database. Done
    23:44:03.251 | 387 ool-1-worker-151 | INFO  | i.z.t.d.l.EmbeddedDatabaseReporter   : JDBC URL to connect to 'dataSource': url='jdbc:h2:tcp://localhost:41063/mem:736625c0-cf5e-400d-aeaa-8a7eabd6262b;USER=sa', scope='ParticipationServiceTest#canStartExerciseWithPracticeParticipationAfterDueDateChange'
    23:44:03.255 | 387 ool-1-worker-151 | DEBUG | PersonalAccessTokenManagementService : Generate secure vcs access token

  Starting logs for ParticipationServiceTest > testGetBuildJobsForResultsOfParticipation()
    23:44:03.303 | 387 ool-1-worker-151 | DEBUG | d.t.c.a.a.c.u.util.UserUtilService   : Generate 3 students...
    23:44:03.310 | 387 ool-1-worker-151 | DEBUG | d.t.c.a.a.c.u.util.UserUtilService   : 3 students generated. Generate 0 tutors...
    23:44:03.312 | 387 ool-1-worker-151 | DEBUG | d.t.c.a.a.c.u.util.UserUtilService   : 0 tutors generated. Generate 0 editors...
    23:44:03.313 | 387 ool-1-worker-151 | DEBUG | d.t.c.a.a.c.u.util.UserUtilService   : 0 editors generated. Generate 1 instructors...
    23:44:03.316 | 387 ool-1-worker-151 | DEBUG | d.t.c.a.a.c.u.util.UserUtilService   : 1 instructors generated
    23:44:03.317 | 387 ool-1-worker-151 | DEBUG | d.t.c.a.a.c.u.util.UserUtilService   : Removing 4 users from all courses...
    23:44:03.318 | 387 ool-1-worker-151 | DEBUG | d.t.c.a.a.c.u.util.UserUtilService   : Removing 4 users from all courses. Done
    23:44:03.318 | 387 ool-1-worker-151 | DEBUG | d.t.c.a.a.c.u.util.UserUtilService   : Save 4 users to database...
    23:44:03.321 | 387 ool-1-worker-151 | DEBUG | d.t.c.a.a.c.u.util.UserUtilService   : Save 4 users to database. Done
    23:44:03.342 | 387 ool-1-worker-151 | INFO  | i.z.t.d.l.EmbeddedDatabaseReporter   : JDBC URL to connect to 'dataSource': url='jdbc:h2:tcp://localhost:41063/mem:736625c0-cf5e-400d-aeaa-8a7eabd6262b;USER=sa', scope='ParticipationServiceTest#testGetBuildJobsForResultsOfParticipation'
    23:44:03.352 | 387 ool-1-worker-151 | ERROR | d.t.c.a.a.e.s.ParticipationService   : Removing write permissions failed for programming exercise with id 2361 for student repository with participation id 1537: User can not be found: participationservicestudent1

  Starting logs for ParticipationServiceTest > testStartExerciseWithInitializationDate_newParticipation()
    23:44:03.394 | 387 ool-1-worker-151 | DEBUG | d.t.c.a.a.c.u.util.UserUtilService   : Generate 3 students...
    23:44:03.399 | 387 ool-1-worker-151 | DEBUG | d.t.c.a.a.c.u.util.UserUtilService   : 3 students generated. Generate 0 tutors...
    23:44:03.400 | 387 ool-1-worker-151 | DEBUG | d.t.c.a.a.c.u.util.UserUtilService   : 0 tutors generated. Generate 0 editors...
    23:44:03.402 | 387 ool-1-worker-151 | DEBUG | d.t.c.a.a.c.u.util.UserUtilService   : 0 editors generated. Generate 1 instructors...
    23:44:03.404 | 387 ool-1-worker-151 | DEBUG | d.t.c.a.a.c.u.util.UserUtilService   : 1 instructors generated
    23:44:03.406 | 387 ool-1-worker-151 | DEBUG | d.t.c.a.a.c.u.util.UserUtilService   : Removing 4 users from all courses...
    23:44:03.406 | 387 ool-1-worker-151 | DEBUG | d.t.c.a.a.c.u.util.UserUtilService   : Removing 4 users from all courses. Done
    23:44:03.406 | 387 ool-1-worker-151 | DEBUG | d.t.c.a.a.c.u.util.UserUtilService   : Save 4 users to database...
    23:44:03.410 | 387 ool-1-worker-151 | DEBUG | d.t.c.a.a.c.u.util.UserUtilService   : Save 4 users to database. Done
    23:44:03.432 | 387 ool-1-worker-151 | INFO  | i.z.t.d.l.EmbeddedDatabaseReporter   : JDBC URL to connect to 'dataSource': url='jdbc:h2:tcp://localhost:41063/mem:736625c0-cf5e-400d-aeaa-8a7eabd6262b;USER=sa', scope='ParticipationServiceTest#testStartExerciseWithInitializationDate_newParticipation'

  Starting logs for ParticipationServiceTest > testCreateParticipationForExternalSubmission()
    23:44:03.462 | 387 ool-1-worker-151 | DEBUG | d.t.c.a.a.c.u.util.UserUtilService   : Generate 3 students...
    23:44:03.467 | 387 ool-1-worker-151 | DEBUG | d.t.c.a.a.c.u.util.UserUtilService   : 3 students generated. Generate 0 tutors...
    23:44:03.469 | 387 ool-1-worker-151 | DEBUG | d.t.c.a.a.c.u.util.UserUtilService   : 0 tutors generated. Generate 0 editors...
    23:44:03.470 | 387 ool-1-worker-151 | DEBUG | d.t.c.a.a.c.u.util.UserUtilService   : 0 editors generated. Generate 1 instructors...
    23:44:03.473 | 387 ool-1-worker-151 | DEBUG | d.t.c.a.a.c.u.util.UserUtilService   : 1 instructors generated
    23:44:03.474 | 387 ool-1-worker-151 | DEBUG | d.t.c.a.a.c.u.util.UserUtilService   : Removing 4 users from all courses...
    23:44:03.475 | 387 ool-1-worker-151 | DEBUG | d.t.c.a.a.c.u.util.UserUtilService   : Removing 4 users from all courses. Done
    23:44:03.475 | 387 ool-1-worker-151 | DEBUG | d.t.c.a.a.c.u.util.UserUtilService   : Save 4 users to database...
    23:44:03.479 | 387 ool-1-worker-151 | DEBUG | d.t.c.a.a.c.u.util.UserUtilService   : Save 4 users to database. Done
    23:44:03.496 | 060 pool-4-thread-3  | INFO  | d.t.c.a.a.p.s.gitlab.GitLabService   : Unprotecting branch main for Gitlab repository SHORTC8D982FE09C5C04B2E09005039C8E7E41B7FT27B/shortc8d982fe09c5c04b2e09005039c8e7e41b7ft27b-studexamstudent1
    23:44:03.503 | 387 ool-1-worker-151 | INFO  | i.z.t.d.l.EmbeddedDatabaseReporter   : JDBC URL to connect to 'dataSource': url='jdbc:h2:tcp://localhost:41063/mem:736625c0-cf5e-400d-aeaa-8a7eabd6262b;USER=sa', scope='ParticipationServiceTest#testCreateParticipationForExternalSubmission'
    23:44:03.517 | 387 ool-1-worker-151 | ERROR | d.t.c.a.a.e.s.ParticipationService   : Removing write permissions failed for programming exercise with id 2364 for student repository with participation id 1545: User can not be found: participationservicestudent1
    23:44:03.524 | 060 pool-4-thread-3  | INFO  | d.t.c.a.a.p.s.gitlab.GitLabService   : Unprotecting branch main for Gitlab repository SHORTC8D982FE09C5C04B2E09005039C8E7E41B7FT27B/shortc8d982fe09c5c04b2e09005039c8e7e41b7ft27b-studexamstudent2

  Starting logs for ParticipationServiceTest > testDeleteParticipation_removesBuildLogEntries()
    23:44:03.562 | 387 ool-1-worker-151 | DEBUG | d.t.c.a.a.c.u.util.UserUtilService   : Generate 3 students...
    23:44:03.570 | 387 ool-1-worker-151 | DEBUG | d.t.c.a.a.c.u.util.UserUtilService   : 3 students generated. Generate 0 tutors...
    23:44:03.574 | 387 ool-1-worker-151 | DEBUG | d.t.c.a.a.c.u.util.UserUtilService   : 0 tutors generated. Generate 0 editors...
    23:44:03.576 | 387 ool-1-worker-151 | DEBUG | d.t.c.a.a.c.u.util.UserUtilService   : 0 editors generated. Generate 1 instructors...
    23:44:03.580 | 387 ool-1-worker-151 | DEBUG | d.t.c.a.a.c.u.util.UserUtilService   : 1 instructors generated
    23:44:03.582 | 387 ool-1-worker-151 | DEBUG | d.t.c.a.a.c.u.util.UserUtilService   : Removing 4 users from all courses...
    23:44:03.582 | 387 ool-1-worker-151 | DEBUG | d.t.c.a.a.c.u.util.UserUtilService   : Removing 4 users from all courses. Done
    23:44:03.582 | 387 ool-1-worker-151 | DEBUG | d.t.c.a.a.c.u.util.UserUtilService   : Save 4 users to database...
    23:44:03.586 | 387 ool-1-worker-151 | DEBUG | d.t.c.a.a.c.u.util.UserUtilService   : Save 4 users to database. Done
    23:44:03.612 | 387 ool-1-worker-151 | INFO  | i.z.t.d.l.EmbeddedDatabaseReporter   : JDBC URL to connect to 'dataSource': url='jdbc:h2:tcp://localhost:41063/mem:736625c0-cf5e-400d-aeaa-8a7eabd6262b;USER=sa', scope='ParticipationServiceTest#testDeleteParticipation_removesBuildLogEntries'
    23:44:03.700 | 060 pool-4-thread-3  | INFO  | d.t.c.a.a.p.s.gitlab.GitLabService   : Protecting branch main for Gitlab repository SHORTBC276B940427C046A00AC440E4CFB5F67D55T1A0/shortbc276b940427c046a00ac440e4cfb5f67d55t1a0-studexamstudent1
    23:44:03.708 | 387 ool-1-worker-151 | DEBUG | PersonalAccessTokenManagementService : Generate secure vcs access token
    23:44:03.717 | 387 ool-1-worker-151 | DEBUG | d.t.c.a.a.e.s.ParticipationService   : Request to delete all results and submissions of participation with id : 1551
    23:44:03.726 | 387 ool-1-worker-151 | DEBUG | d.t.c.a.a.e.s.ParticipationService   : Request to delete all results and submissions of participation with id : 1552
    23:44:03.739 | 387 ool-1-worker-151 | DEBUG | d.t.c.a.a.e.s.ParticipationService   : Request to delete all results and submissions of participation with id : 1553

  Starting logs for ParticipationServiceTest > testStartExercise_newParticipation()
    23:44:03.763 | 387 ool-1-worker-151 | DEBUG | d.t.c.a.a.c.u.util.UserUtilService   : Generate 3 students...
    23:44:03.768 | 387 ool-1-worker-151 | DEBUG | d.t.c.a.a.c.u.util.UserUtilService   : 3 students generated. Generate 0 tutors...
    23:44:03.769 | 387 ool-1-worker-151 | DEBUG | d.t.c.a.a.c.u.util.UserUtilService   : 0 tutors generated. Generate 0 editors...
    23:44:03.774 | 387 ool-1-worker-151 | DEBUG | d.t.c.a.a.c.u.util.UserUtilService   : 0 editors generated. Generate 1 instructors...
    23:44:03.777 | 387 ool-1-worker-151 | DEBUG | d.t.c.a.a.c.u.util.UserUtilService   : 1 instructors generated
    23:44:03.779 | 387 ool-1-worker-151 | DEBUG | d.t.c.a.a.c.u.util.UserUtilService   : Removing 4 users from all courses...
    23:44:03.779 | 387 ool-1-worker-151 | DEBUG | d.t.c.a.a.c.u.util.UserUtilService   : Removing 4 users from all courses. Done
    23:44:03.779 | 387 ool-1-worker-151 | DEBUG | d.t.c.a.a.c.u.util.UserUtilService   : Save 4 users to database...
    23:44:03.783 | 387 ool-1-worker-151 | DEBUG | d.t.c.a.a.c.u.util.UserUtilService   : Save 4 users to database. Done
    23:44:03.803 | 387 ool-1-worker-151 | INFO  | i.z.t.d.l.EmbeddedDatabaseReporter   : JDBC URL to connect to 'dataSource': url='jdbc:h2:tcp://localhost:41063/mem:736625c0-cf5e-400d-aeaa-8a7eabd6262b;USER=sa', scope='ParticipationServiceTest#testStartExercise_newParticipation'

Finished logs for ParticipationServiceTest
]]></system-out>
  <system-err><![CDATA[]]></system-err>
</testsuite>
