<?xml version="1.0" encoding="UTF-8"?>
<testsuite name="de.tum.cit.aet.artemis.programming.service.JenkinsJobServiceTest" tests="5" skipped="0" failures="0" errors="0" timestamp="2025-02-14T23:49:21" hostname="fv-az1721-502" time="0.27">
  <properties/>
  <testcase name="testUpdateJobThrowIOExceptionOnXmlError()" classname="de.tum.cit.aet.artemis.programming.service.JenkinsJobServiceTest" time="0.198"/>
  <testcase name="testCreateIfJobExists()" classname="de.tum.cit.aet.artemis.programming.service.JenkinsJobServiceTest" time="0.018"/>
  <testcase name="testCreateJobInFolderJenkinsExceptionOnXmlError()" classname="de.tum.cit.aet.artemis.programming.service.JenkinsJobServiceTest" time="0.017"/>
  <testcase name="testUpdateFolderJobThrowIOExceptionOnXmlError()" classname="de.tum.cit.aet.artemis.programming.service.JenkinsJobServiceTest" time="0.016"/>
  <testcase name="testCreateIfJobDoesNotExist()" classname="de.tum.cit.aet.artemis.programming.service.JenkinsJobServiceTest" time="0.016"/>
  <system-out><![CDATA[
Starting logs for JenkinsJobServiceTest

  Starting logs for JenkinsJobServiceTest > testUpdateJobThrowIOExceptionOnXmlError()
    23:49:21.424 | 490 ool-1-worker-254 | DEBUG | d.t.c.a.a.c.u.util.UserUtilService   : Generate 1 students...
    23:49:21.425 | 490 ool-1-worker-254 | DEBUG | d.t.c.a.a.c.u.util.UserUtilService   : 1 students generated. Generate 0 tutors...
    23:49:21.427 | 490 ool-1-worker-254 | DEBUG | d.t.c.a.a.c.u.util.UserUtilService   : 0 tutors generated. Generate 0 editors...
    23:49:21.428 | 490 ool-1-worker-254 | DEBUG | d.t.c.a.a.c.u.util.UserUtilService   : 0 editors generated. Generate 0 instructors...
    23:49:21.429 | 490 ool-1-worker-254 | DEBUG | d.t.c.a.a.c.u.util.UserUtilService   : 0 instructors generated
    23:49:21.430 | 490 ool-1-worker-254 | DEBUG | d.t.c.a.a.c.u.util.UserUtilService   : Removing 3 users from all courses...
    23:49:21.431 | 490 ool-1-worker-254 | DEBUG | d.t.c.a.a.c.u.util.UserUtilService   : Removing 3 users from all courses. Done
    23:49:21.431 | 490 ool-1-worker-254 | DEBUG | d.t.c.a.a.c.u.util.UserUtilService   : Save 1 users to database...
    23:49:21.431 | 490 ool-1-worker-254 | DEBUG | d.t.c.a.a.c.u.util.UserUtilService   : Save 1 users to database. Done
    23:49:21.613 | 490 ool-1-worker-254 | INFO  | i.z.t.d.l.EmbeddedDatabaseReporter   : JDBC URL to connect to 'dataSource': url='jdbc:h2:tcp://localhost:41063/mem:736625c0-cf5e-400d-aeaa-8a7eabd6262b;USER=sa', scope='JenkinsJobServiceTest#testUpdateJobThrowIOExceptionOnXmlError'
    23:49:21.613 | 490 ool-1-worker-254 | ERROR | d.t.c.a.a.p.s.j.j.JenkinsJobService  : Error trying to configure build plan in Jenkins JenkinsJob
javax.xml.transform.TransformerException: null

  Starting logs for JenkinsJobServiceTest > testCreateIfJobExists()
    23:49:21.622 | 490 ool-1-worker-254 | DEBUG | d.t.c.a.a.c.u.util.UserUtilService   : Generate 1 students...
    23:49:21.625 | 490 ool-1-worker-254 | DEBUG | d.t.c.a.a.c.u.util.UserUtilService   : 1 students generated. Generate 0 tutors...
    23:49:21.626 | 490 ool-1-worker-254 | DEBUG | d.t.c.a.a.c.u.util.UserUtilService   : 0 tutors generated. Generate 0 editors...
    23:49:21.627 | 490 ool-1-worker-254 | DEBUG | d.t.c.a.a.c.u.util.UserUtilService   : 0 editors generated. Generate 0 instructors...
    23:49:21.628 | 490 ool-1-worker-254 | DEBUG | d.t.c.a.a.c.u.util.UserUtilService   : 0 instructors generated
    23:49:21.629 | 490 ool-1-worker-254 | DEBUG | d.t.c.a.a.c.u.util.UserUtilService   : Removing 1 users from all courses...
    23:49:21.630 | 490 ool-1-worker-254 | DEBUG | d.t.c.a.a.c.u.util.UserUtilService   : Removing 1 users from all courses. Done
    23:49:21.630 | 490 ool-1-worker-254 | DEBUG | d.t.c.a.a.c.u.util.UserUtilService   : Save 1 users to database...
    23:49:21.631 | 490 ool-1-worker-254 | DEBUG | d.t.c.a.a.c.u.util.UserUtilService   : Save 1 users to database. Done
    23:49:21.633 | 490 ool-1-worker-254 | INFO  | i.z.t.d.l.EmbeddedDatabaseReporter   : JDBC URL to connect to 'dataSource': url='jdbc:h2:tcp://localhost:41063/mem:736625c0-cf5e-400d-aeaa-8a7eabd6262b;USER=sa', scope='JenkinsJobServiceTest#testCreateIfJobExists'
    23:49:21.633 | 490 ool-1-worker-254 | INFO  | d.t.c.a.a.p.s.j.j.JenkinsJobService  : Build Plan JenkinsJob already exists. Skipping creation of job.

  Starting logs for JenkinsJobServiceTest > testCreateJobInFolderJenkinsExceptionOnXmlError()
    23:49:21.641 | 490 ool-1-worker-254 | DEBUG | d.t.c.a.a.c.u.util.UserUtilService   : Generate 1 students...
    23:49:21.643 | 490 ool-1-worker-254 | DEBUG | d.t.c.a.a.c.u.util.UserUtilService   : 1 students generated. Generate 0 tutors...
    23:49:21.645 | 490 ool-1-worker-254 | DEBUG | d.t.c.a.a.c.u.util.UserUtilService   : 0 tutors generated. Generate 0 editors...
    23:49:21.646 | 490 ool-1-worker-254 | DEBUG | d.t.c.a.a.c.u.util.UserUtilService   : 0 editors generated. Generate 0 instructors...
    23:49:21.647 | 490 ool-1-worker-254 | DEBUG | d.t.c.a.a.c.u.util.UserUtilService   : 0 instructors generated
    23:49:21.648 | 490 ool-1-worker-254 | DEBUG | d.t.c.a.a.c.u.util.UserUtilService   : Removing 1 users from all courses...
    23:49:21.648 | 490 ool-1-worker-254 | DEBUG | d.t.c.a.a.c.u.util.UserUtilService   : Removing 1 users from all courses. Done
    23:49:21.648 | 490 ool-1-worker-254 | DEBUG | d.t.c.a.a.c.u.util.UserUtilService   : Save 1 users to database...
    23:49:21.650 | 490 ool-1-worker-254 | DEBUG | d.t.c.a.a.c.u.util.UserUtilService   : Save 1 users to database. Done
    23:49:21.651 | 490 ool-1-worker-254 | INFO  | i.z.t.d.l.EmbeddedDatabaseReporter   : JDBC URL to connect to 'dataSource': url='jdbc:h2:tcp://localhost:41063/mem:736625c0-cf5e-400d-aeaa-8a7eabd6262b;USER=sa', scope='JenkinsJobServiceTest#testCreateJobInFolderJenkinsExceptionOnXmlError'

  Starting logs for JenkinsJobServiceTest > testUpdateFolderJobThrowIOExceptionOnXmlError()
    23:49:21.660 | 490 ool-1-worker-254 | DEBUG | d.t.c.a.a.c.u.util.UserUtilService   : Generate 1 students...
    23:49:21.662 | 490 ool-1-worker-254 | DEBUG | d.t.c.a.a.c.u.util.UserUtilService   : 1 students generated. Generate 0 tutors...
    23:49:21.663 | 490 ool-1-worker-254 | DEBUG | d.t.c.a.a.c.u.util.UserUtilService   : 0 tutors generated. Generate 0 editors...
    23:49:21.664 | 490 ool-1-worker-254 | DEBUG | d.t.c.a.a.c.u.util.UserUtilService   : 0 editors generated. Generate 0 instructors...
    23:49:21.665 | 490 ool-1-worker-254 | DEBUG | d.t.c.a.a.c.u.util.UserUtilService   : 0 instructors generated
    23:49:21.666 | 490 ool-1-worker-254 | DEBUG | d.t.c.a.a.c.u.util.UserUtilService   : Removing 1 users from all courses...
    23:49:21.667 | 490 ool-1-worker-254 | DEBUG | d.t.c.a.a.c.u.util.UserUtilService   : Removing 1 users from all courses. Done
    23:49:21.667 | 490 ool-1-worker-254 | DEBUG | d.t.c.a.a.c.u.util.UserUtilService   : Save 1 users to database...
    23:49:21.668 | 490 ool-1-worker-254 | DEBUG | d.t.c.a.a.c.u.util.UserUtilService   : Save 1 users to database. Done
    23:49:21.669 | 490 ool-1-worker-254 | INFO  | i.z.t.d.l.EmbeddedDatabaseReporter   : JDBC URL to connect to 'dataSource': url='jdbc:h2:tcp://localhost:41063/mem:736625c0-cf5e-400d-aeaa-8a7eabd6262b;USER=sa', scope='JenkinsJobServiceTest#testUpdateFolderJobThrowIOExceptionOnXmlError'

  Starting logs for JenkinsJobServiceTest > testCreateIfJobDoesNotExist()
    23:49:21.677 | 490 ool-1-worker-254 | DEBUG | d.t.c.a.a.c.u.util.UserUtilService   : Generate 1 students...
    23:49:21.679 | 490 ool-1-worker-254 | DEBUG | d.t.c.a.a.c.u.util.UserUtilService   : 1 students generated. Generate 0 tutors...
    23:49:21.681 | 490 ool-1-worker-254 | DEBUG | d.t.c.a.a.c.u.util.UserUtilService   : 0 tutors generated. Generate 0 editors...
    23:49:21.682 | 490 ool-1-worker-254 | DEBUG | d.t.c.a.a.c.u.util.UserUtilService   : 0 editors generated. Generate 0 instructors...
    23:49:21.683 | 490 ool-1-worker-254 | DEBUG | d.t.c.a.a.c.u.util.UserUtilService   : 0 instructors generated
    23:49:21.684 | 490 ool-1-worker-254 | DEBUG | d.t.c.a.a.c.u.util.UserUtilService   : Removing 1 users from all courses...
    23:49:21.684 | 490 ool-1-worker-254 | DEBUG | d.t.c.a.a.c.u.util.UserUtilService   : Removing 1 users from all courses. Done
    23:49:21.684 | 490 ool-1-worker-254 | DEBUG | d.t.c.a.a.c.u.util.UserUtilService   : Save 1 users to database...
    23:49:21.685 | 490 ool-1-worker-254 | DEBUG | d.t.c.a.a.c.u.util.UserUtilService   : Save 1 users to database. Done
    23:49:21.687 | 490 ool-1-worker-254 | INFO  | i.z.t.d.l.EmbeddedDatabaseReporter   : JDBC URL to connect to 'dataSource': url='jdbc:h2:tcp://localhost:41063/mem:736625c0-cf5e-400d-aeaa-8a7eabd6262b;USER=sa', scope='JenkinsJobServiceTest#testCreateIfJobDoesNotExist'

Finished logs for JenkinsJobServiceTest
]]></system-out>
  <system-err><![CDATA[]]></system-err>
</testsuite>
