<?xml version="1.0" encoding="UTF-8"?>
<testsuite name="de.tum.cit.aet.artemis.exercise.participation.SubmissionIntegrationTest" tests="9" skipped="0" failures="0" errors="0" timestamp="2025-02-14T23:46:00" hostname="fv-az1721-502" time="0.649">
  <properties/>
  <testcase name="testGetSubmissionsOnPageWithSize_exerciseNotFound()" classname="de.tum.cit.aet.artemis.exercise.participation.SubmissionIntegrationTest" time="0.06"/>
  <testcase name="testGetSubmissionVersionsBySubmissionId_submissionNotFound()" classname="de.tum.cit.aet.artemis.exercise.participation.SubmissionIntegrationTest" time="0.087"/>
  <testcase name="updateMultipleResultsFromOneSubmission()" classname="de.tum.cit.aet.artemis.exercise.participation.SubmissionIntegrationTest" time="0.075"/>
  <testcase name="addMultipleResultsToOneSubmissionSavedSequentially()" classname="de.tum.cit.aet.artemis.exercise.participation.SubmissionIntegrationTest" time="0.067"/>
  <testcase name="addMultipleResultsToOneSubmission()" classname="de.tum.cit.aet.artemis.exercise.participation.SubmissionIntegrationTest" time="0.069"/>
  <testcase name="testGetSubmissionVersionsBySubmissionIdForTextExercise_returnsCorrectContent()" classname="de.tum.cit.aet.artemis.exercise.participation.SubmissionIntegrationTest" time="0.072"/>
  <testcase name="testGetSubmissionVersionsBySubmissionId_isNotInstructorInCourse_forbidden()" classname="de.tum.cit.aet.artemis.exercise.participation.SubmissionIntegrationTest" time="0.073"/>
  <testcase name="testGetSubmissionsOnPageWithSize_isNotAtLeastInstructorInExercise_forbidden()" classname="de.tum.cit.aet.artemis.exercise.participation.SubmissionIntegrationTest" time="0.043"/>
  <testcase name="testGetSubmissionsOnPageWithSize()" classname="de.tum.cit.aet.artemis.exercise.participation.SubmissionIntegrationTest" time="0.088"/>
  <system-out><![CDATA[
Starting logs for SubmissionIntegrationTest
    23:46:00.791 | 566 localvc.event-13 | DEBUG | a.p.s.l.SharedQueueManagementService : Build agent updated: null

  Starting logs for SubmissionIntegrationTest > testGetSubmissionsOnPageWithSize_exerciseNotFound()
    23:46:00.810 | 381 ool-1-worker-145 | DEBUG | d.t.c.a.a.c.u.util.UserUtilService   : Generate 1 students...
    23:46:00.814 | 381 ool-1-worker-145 | DEBUG | d.t.c.a.a.c.u.util.UserUtilService   : 1 students generated. Generate 1 tutors...
    23:46:00.816 | 381 ool-1-worker-145 | DEBUG | d.t.c.a.a.c.u.util.UserUtilService   : 1 tutors generated. Generate 0 editors...
    23:46:00.821 | 381 ool-1-worker-145 | DEBUG | d.t.c.a.a.c.u.util.UserUtilService   : 0 editors generated. Generate 1 instructors...
    23:46:00.823 | 381 ool-1-worker-145 | DEBUG | d.t.c.a.a.c.u.util.UserUtilService   : 1 instructors generated
    23:46:00.828 | 381 ool-1-worker-145 | DEBUG | d.t.c.a.a.c.u.util.UserUtilService   : Removing 5 users from all courses...
    23:46:00.829 | 381 ool-1-worker-145 | DEBUG | d.t.c.a.a.c.u.util.UserUtilService   : Removing 5 users from all courses. Done
    23:46:00.829 | 381 ool-1-worker-145 | DEBUG | d.t.c.a.a.c.u.util.UserUtilService   : Save 3 users to database...
    23:46:00.833 | 381 ool-1-worker-145 | DEBUG | d.t.c.a.a.c.u.util.UserUtilService   : Save 3 users to database. Done
    23:46:00.833 | 381 ool-1-worker-145 | INFO  | i.z.t.d.l.EmbeddedDatabaseReporter   : JDBC URL to connect to 'dataSource': url='jdbc:h2:tcp://localhost:41063/mem:df70fc46-7e57-4cb5-9cd0-c1d90c14afa7;USER=sa', scope='SubmissionIntegrationTest#testGetSubmissionsOnPageWithSize_exerciseNotFound'
    23:46:00.839 | 381 ool-1-worker-145 | DEBUG | d.t.c.a.a.c.s.f.ApiVersionFilter     : Adding Version to Request GET /api/exercises/688887797400023923/submissions-for-import
    23:46:00.840 | 381 ool-1-worker-145 | DEBUG | d.t.c.a.a.e.web.SubmissionResource   : REST request to get all Submissions for import : 688887797400023923
    23:46:00.845 | 381 ool-1-worker-145 | WARN  | o.z.p.spring.common.AdviceTraits     : Not Found: Exercise with identifier: "688887797400023923" does not exist

  Starting logs for SubmissionIntegrationTest > testGetSubmissionVersionsBySubmissionId_submissionNotFound()
    23:46:00.869 | 381 ool-1-worker-145 | DEBUG | d.t.c.a.a.c.u.util.UserUtilService   : Generate 1 students...
    23:46:00.875 | 381 ool-1-worker-145 | DEBUG | d.t.c.a.a.c.u.util.UserUtilService   : 1 students generated. Generate 1 tutors...
    23:46:00.885 | 381 ool-1-worker-145 | DEBUG | d.t.c.a.a.c.u.util.UserUtilService   : 1 tutors generated. Generate 0 editors...
    23:46:00.886 | 381 ool-1-worker-145 | DEBUG | d.t.c.a.a.c.u.util.UserUtilService   : 0 editors generated. Generate 1 instructors...
    23:46:00.897 | 381 ool-1-worker-145 | DEBUG | d.t.c.a.a.c.u.util.UserUtilService   : 1 instructors generated
    23:46:00.903 | 381 ool-1-worker-145 | DEBUG | d.t.c.a.a.c.u.util.UserUtilService   : Removing 3 users from all courses...
    23:46:00.904 | 381 ool-1-worker-145 | DEBUG | d.t.c.a.a.c.u.util.UserUtilService   : Removing 3 users from all courses. Done
    23:46:00.904 | 381 ool-1-worker-145 | DEBUG | d.t.c.a.a.c.u.util.UserUtilService   : Save 3 users to database...
    23:46:00.920 | 381 ool-1-worker-145 | DEBUG | d.t.c.a.a.c.u.util.UserUtilService   : Save 3 users to database. Done
    23:46:00.920 | 381 ool-1-worker-145 | INFO  | i.z.t.d.l.EmbeddedDatabaseReporter   : JDBC URL to connect to 'dataSource': url='jdbc:h2:tcp://localhost:41063/mem:df70fc46-7e57-4cb5-9cd0-c1d90c14afa7;USER=sa', scope='SubmissionIntegrationTest#testGetSubmissionVersionsBySubmissionId_submissionNotFound'
    23:46:00.922 | 381 ool-1-worker-145 | DEBUG | d.t.c.a.a.c.s.f.ApiVersionFilter     : Adding Version to Request GET /api/submissions/688887797400023923/versions
    23:46:00.933 | 381 ool-1-worker-145 | WARN  | o.z.p.spring.common.AdviceTraits     : Not Found: Submission with identifier: "688887797400023923" does not exist

  Starting logs for SubmissionIntegrationTest > updateMultipleResultsFromOneSubmission()
    23:46:00.962 | 381 ool-1-worker-145 | DEBUG | d.t.c.a.a.c.u.util.UserUtilService   : Generate 1 students...
    23:46:00.966 | 381 ool-1-worker-145 | DEBUG | d.t.c.a.a.c.u.util.UserUtilService   : 1 students generated. Generate 1 tutors...
    23:46:00.969 | 381 ool-1-worker-145 | DEBUG | d.t.c.a.a.c.u.util.UserUtilService   : 1 tutors generated. Generate 0 editors...
    23:46:00.970 | 381 ool-1-worker-145 | DEBUG | d.t.c.a.a.c.u.util.UserUtilService   : 0 editors generated. Generate 1 instructors...
    23:46:00.973 | 381 ool-1-worker-145 | DEBUG | d.t.c.a.a.c.u.util.UserUtilService   : 1 instructors generated
    23:46:00.976 | 381 ool-1-worker-145 | DEBUG | d.t.c.a.a.c.u.util.UserUtilService   : Removing 3 users from all courses...
    23:46:00.977 | 381 ool-1-worker-145 | DEBUG | d.t.c.a.a.c.u.util.UserUtilService   : Removing 3 users from all courses. Done
    23:46:00.977 | 381 ool-1-worker-145 | DEBUG | d.t.c.a.a.c.u.util.UserUtilService   : Save 3 users to database...
    23:46:00.981 | 381 ool-1-worker-145 | DEBUG | d.t.c.a.a.c.u.util.UserUtilService   : Save 3 users to database. Done
    23:46:00.981 | 381 ool-1-worker-145 | INFO  | i.z.t.d.l.EmbeddedDatabaseReporter   : JDBC URL to connect to 'dataSource': url='jdbc:h2:tcp://localhost:41063/mem:df70fc46-7e57-4cb5-9cd0-c1d90c14afa7;USER=sa', scope='SubmissionIntegrationTest#updateMultipleResultsFromOneSubmission'

  Starting logs for SubmissionIntegrationTest > addMultipleResultsToOneSubmissionSavedSequentially()
    23:46:01.041 | 381 ool-1-worker-145 | DEBUG | d.t.c.a.a.c.u.util.UserUtilService   : Generate 1 students...
    23:46:01.047 | 381 ool-1-worker-145 | DEBUG | d.t.c.a.a.c.u.util.UserUtilService   : 1 students generated. Generate 1 tutors...
    23:46:01.053 | 381 ool-1-worker-145 | DEBUG | d.t.c.a.a.c.u.util.UserUtilService   : 1 tutors generated. Generate 0 editors...
    23:46:01.055 | 381 ool-1-worker-145 | DEBUG | d.t.c.a.a.c.u.util.UserUtilService   : 0 editors generated. Generate 1 instructors...
    23:46:01.057 | 381 ool-1-worker-145 | DEBUG | d.t.c.a.a.c.u.util.UserUtilService   : 1 instructors generated
    23:46:01.059 | 381 ool-1-worker-145 | DEBUG | d.t.c.a.a.c.u.util.UserUtilService   : Removing 3 users from all courses...
    23:46:01.060 | 381 ool-1-worker-145 | DEBUG | d.t.c.a.a.c.u.util.UserUtilService   : Removing 3 users from all courses. Done
    23:46:01.060 | 381 ool-1-worker-145 | DEBUG | d.t.c.a.a.c.u.util.UserUtilService   : Save 3 users to database...
    23:46:01.063 | 381 ool-1-worker-145 | DEBUG | d.t.c.a.a.c.u.util.UserUtilService   : Save 3 users to database. Done
    23:46:01.063 | 381 ool-1-worker-145 | INFO  | i.z.t.d.l.EmbeddedDatabaseReporter   : JDBC URL to connect to 'dataSource': url='jdbc:h2:tcp://localhost:41063/mem:df70fc46-7e57-4cb5-9cd0-c1d90c14afa7;USER=sa', scope='SubmissionIntegrationTest#addMultipleResultsToOneSubmissionSavedSequentially'

  Starting logs for SubmissionIntegrationTest > addMultipleResultsToOneSubmission()
    23:46:01.107 | 381 ool-1-worker-145 | DEBUG | d.t.c.a.a.c.u.util.UserUtilService   : Generate 1 students...
    23:46:01.115 | 381 ool-1-worker-145 | DEBUG | d.t.c.a.a.c.u.util.UserUtilService   : 1 students generated. Generate 1 tutors...
    23:46:01.119 | 381 ool-1-worker-145 | DEBUG | d.t.c.a.a.c.u.util.UserUtilService   : 1 tutors generated. Generate 0 editors...
    23:46:01.123 | 381 ool-1-worker-145 | DEBUG | d.t.c.a.a.c.u.util.UserUtilService   : 0 editors generated. Generate 1 instructors...
    23:46:01.129 | 381 ool-1-worker-145 | DEBUG | d.t.c.a.a.c.u.util.UserUtilService   : 1 instructors generated
    23:46:01.132 | 381 ool-1-worker-145 | DEBUG | d.t.c.a.a.c.u.util.UserUtilService   : Removing 3 users from all courses...
    23:46:01.134 | 381 ool-1-worker-145 | DEBUG | d.t.c.a.a.c.u.util.UserUtilService   : Removing 3 users from all courses. Done
    23:46:01.134 | 381 ool-1-worker-145 | DEBUG | d.t.c.a.a.c.u.util.UserUtilService   : Save 3 users to database...
    23:46:01.137 | 381 ool-1-worker-145 | DEBUG | d.t.c.a.a.c.u.util.UserUtilService   : Save 3 users to database. Done
    23:46:01.137 | 381 ool-1-worker-145 | INFO  | i.z.t.d.l.EmbeddedDatabaseReporter   : JDBC URL to connect to 'dataSource': url='jdbc:h2:tcp://localhost:41063/mem:df70fc46-7e57-4cb5-9cd0-c1d90c14afa7;USER=sa', scope='SubmissionIntegrationTest#addMultipleResultsToOneSubmission'

  Starting logs for SubmissionIntegrationTest > testGetSubmissionVersionsBySubmissionIdForTextExercise_returnsCorrectContent()
    23:46:01.170 | 381 ool-1-worker-145 | DEBUG | d.t.c.a.a.c.u.util.UserUtilService   : Generate 1 students...
    23:46:01.173 | 381 ool-1-worker-145 | DEBUG | d.t.c.a.a.c.u.util.UserUtilService   : 1 students generated. Generate 1 tutors...
    23:46:01.176 | 381 ool-1-worker-145 | DEBUG | d.t.c.a.a.c.u.util.UserUtilService   : 1 tutors generated. Generate 0 editors...
    23:46:01.177 | 381 ool-1-worker-145 | DEBUG | d.t.c.a.a.c.u.util.UserUtilService   : 0 editors generated. Generate 1 instructors...
    23:46:01.180 | 381 ool-1-worker-145 | DEBUG | d.t.c.a.a.c.u.util.UserUtilService   : 1 instructors generated
    23:46:01.182 | 381 ool-1-worker-145 | DEBUG | d.t.c.a.a.c.u.util.UserUtilService   : Removing 3 users from all courses...
    23:46:01.182 | 381 ool-1-worker-145 | DEBUG | d.t.c.a.a.c.u.util.UserUtilService   : Removing 3 users from all courses. Done
    23:46:01.182 | 381 ool-1-worker-145 | DEBUG | d.t.c.a.a.c.u.util.UserUtilService   : Save 3 users to database...
    23:46:01.186 | 381 ool-1-worker-145 | DEBUG | d.t.c.a.a.c.u.util.UserUtilService   : Save 3 users to database. Done
    23:46:01.186 | 381 ool-1-worker-145 | INFO  | i.z.t.d.l.EmbeddedDatabaseReporter   : JDBC URL to connect to 'dataSource': url='jdbc:h2:tcp://localhost:41063/mem:df70fc46-7e57-4cb5-9cd0-c1d90c14afa7;USER=sa', scope='SubmissionIntegrationTest#testGetSubmissionVersionsBySubmissionIdForTextExercise_returnsCorrectContent'
    23:46:01.208 | 381 ool-1-worker-145 | DEBUG | d.t.c.a.a.c.s.f.ApiVersionFilter     : Adding Version to Request GET /api/submissions/1098/versions

  Starting logs for SubmissionIntegrationTest > testGetSubmissionVersionsBySubmissionId_isNotInstructorInCourse_forbidden()
    23:46:01.254 | 381 ool-1-worker-145 | DEBUG | d.t.c.a.a.c.u.util.UserUtilService   : Generate 1 students...
    23:46:01.260 | 381 ool-1-worker-145 | DEBUG | d.t.c.a.a.c.u.util.UserUtilService   : 1 students generated. Generate 1 tutors...
    23:46:01.265 | 381 ool-1-worker-145 | DEBUG | d.t.c.a.a.c.u.util.UserUtilService   : 1 tutors generated. Generate 0 editors...
    23:46:01.270 | 381 ool-1-worker-145 | DEBUG | d.t.c.a.a.c.u.util.UserUtilService   : 0 editors generated. Generate 1 instructors...
    23:46:01.273 | 381 ool-1-worker-145 | DEBUG | d.t.c.a.a.c.u.util.UserUtilService   : 1 instructors generated
    23:46:01.275 | 381 ool-1-worker-145 | DEBUG | d.t.c.a.a.c.u.util.UserUtilService   : Removing 3 users from all courses...
    23:46:01.276 | 381 ool-1-worker-145 | DEBUG | d.t.c.a.a.c.u.util.UserUtilService   : Removing 3 users from all courses. Done
    23:46:01.276 | 381 ool-1-worker-145 | DEBUG | d.t.c.a.a.c.u.util.UserUtilService   : Save 3 users to database...
    23:46:01.279 | 381 ool-1-worker-145 | DEBUG | d.t.c.a.a.c.u.util.UserUtilService   : Save 3 users to database. Done
    23:46:01.279 | 381 ool-1-worker-145 | INFO  | i.z.t.d.l.EmbeddedDatabaseReporter   : JDBC URL to connect to 'dataSource': url='jdbc:h2:tcp://localhost:41063/mem:df70fc46-7e57-4cb5-9cd0-c1d90c14afa7;USER=sa', scope='SubmissionIntegrationTest#testGetSubmissionVersionsBySubmissionId_isNotInstructorInCourse_forbidden'
    23:46:01.303 | 381 ool-1-worker-145 | DEBUG | d.t.c.a.a.c.s.f.ApiVersionFilter     : Adding Version to Request GET /api/submissions/1099/versions
    23:46:01.307 | 381 ool-1-worker-145 | WARN  | o.z.p.spring.common.AdviceTraits     : Forbidden: You are not allowed to access the Course with id 1767

  Starting logs for SubmissionIntegrationTest > testGetSubmissionsOnPageWithSize_isNotAtLeastInstructorInExercise_forbidden()
    23:46:01.319 | 381 ool-1-worker-145 | DEBUG | d.t.c.a.a.c.u.util.UserUtilService   : Generate 1 students...
    23:46:01.322 | 381 ool-1-worker-145 | DEBUG | d.t.c.a.a.c.u.util.UserUtilService   : 1 students generated. Generate 1 tutors...
    23:46:01.325 | 381 ool-1-worker-145 | DEBUG | d.t.c.a.a.c.u.util.UserUtilService   : 1 tutors generated. Generate 0 editors...
    23:46:01.326 | 381 ool-1-worker-145 | DEBUG | d.t.c.a.a.c.u.util.UserUtilService   : 0 editors generated. Generate 1 instructors...
    23:46:01.329 | 381 ool-1-worker-145 | DEBUG | d.t.c.a.a.c.u.util.UserUtilService   : 1 instructors generated
    23:46:01.331 | 381 ool-1-worker-145 | DEBUG | d.t.c.a.a.c.u.util.UserUtilService   : Removing 3 users from all courses...
    23:46:01.332 | 381 ool-1-worker-145 | DEBUG | d.t.c.a.a.c.u.util.UserUtilService   : Removing 3 users from all courses. Done
    23:46:01.332 | 381 ool-1-worker-145 | DEBUG | d.t.c.a.a.c.u.util.UserUtilService   : Save 3 users to database...
    23:46:01.335 | 381 ool-1-worker-145 | DEBUG | d.t.c.a.a.c.u.util.UserUtilService   : Save 3 users to database. Done
    23:46:01.335 | 381 ool-1-worker-145 | INFO  | i.z.t.d.l.EmbeddedDatabaseReporter   : JDBC URL to connect to 'dataSource': url='jdbc:h2:tcp://localhost:41063/mem:df70fc46-7e57-4cb5-9cd0-c1d90c14afa7;USER=sa', scope='SubmissionIntegrationTest#testGetSubmissionsOnPageWithSize_isNotAtLeastInstructorInExercise_forbidden'
    23:46:01.346 | 381 ool-1-worker-145 | DEBUG | d.t.c.a.a.c.s.f.ApiVersionFilter     : Adding Version to Request GET /api/exercises/2024/submissions-for-import
    23:46:01.347 | 381 ool-1-worker-145 | DEBUG | d.t.c.a.a.e.web.SubmissionResource   : REST request to get all Submissions for import : 2024
    23:46:01.350 | 381 ool-1-worker-145 | WARN  | o.z.p.spring.common.AdviceTraits     : Forbidden: You are not allowed to access the Course with id 1768

  Starting logs for SubmissionIntegrationTest > testGetSubmissionsOnPageWithSize()
    23:46:01.365 | 381 ool-1-worker-145 | DEBUG | d.t.c.a.a.c.u.util.UserUtilService   : Generate 1 students...
    23:46:01.368 | 381 ool-1-worker-145 | DEBUG | d.t.c.a.a.c.u.util.UserUtilService   : 1 students generated. Generate 1 tutors...
    23:46:01.370 | 381 ool-1-worker-145 | DEBUG | d.t.c.a.a.c.u.util.UserUtilService   : 1 tutors generated. Generate 0 editors...
    23:46:01.372 | 381 ool-1-worker-145 | DEBUG | d.t.c.a.a.c.u.util.UserUtilService   : 0 editors generated. Generate 1 instructors...
    23:46:01.375 | 381 ool-1-worker-145 | DEBUG | d.t.c.a.a.c.u.util.UserUtilService   : 1 instructors generated
    23:46:01.377 | 381 ool-1-worker-145 | DEBUG | d.t.c.a.a.c.u.util.UserUtilService   : Removing 3 users from all courses...
    23:46:01.377 | 381 ool-1-worker-145 | DEBUG | d.t.c.a.a.c.u.util.UserUtilService   : Removing 3 users from all courses. Done
    23:46:01.377 | 381 ool-1-worker-145 | DEBUG | d.t.c.a.a.c.u.util.UserUtilService   : Save 3 users to database...
    23:46:01.381 | 381 ool-1-worker-145 | DEBUG | d.t.c.a.a.c.u.util.UserUtilService   : Save 3 users to database. Done
    23:46:01.381 | 381 ool-1-worker-145 | INFO  | i.z.t.d.l.EmbeddedDatabaseReporter   : JDBC URL to connect to 'dataSource': url='jdbc:h2:tcp://localhost:41063/mem:df70fc46-7e57-4cb5-9cd0-c1d90c14afa7;USER=sa', scope='SubmissionIntegrationTest#testGetSubmissionsOnPageWithSize'
    23:46:01.397 | 381 ool-1-worker-145 | DEBUG | .c.s.m.InstanceMessageReceiveService : Received schedule participant score for exercise 2026 and participant 418 (result to be deleted: null)
    23:46:01.397 | 381 ool-1-worker-145 | DEBUG | .a.s.ParticipantScoreScheduleService : Scheduled task for exercise 2026 and participant 418 at 2025-02-14T23:46:01.497975584Z[Etc/UTC].
    23:46:01.420 | 381 ool-1-worker-145 | DEBUG | .c.s.m.InstanceMessageReceiveService : Received schedule participant score for exercise 2026 and participant 418 (result to be deleted: null)
    23:46:01.420 | 381 ool-1-worker-145 | DEBUG | .a.s.ParticipantScoreScheduleService : Scheduled task for exercise 2026 and participant 418 at 2025-02-14T23:46:01.520564601Z[Etc/UTC].
    23:46:01.424 | 381 ool-1-worker-145 | DEBUG | d.t.c.a.a.c.s.f.ApiVersionFilter     : Adding Version to Request GET /api/exercises/2026/submissions-for-import
    23:46:01.425 | 381 ool-1-worker-145 | DEBUG | d.t.c.a.a.e.web.SubmissionResource   : REST request to get all Submissions for import : 2026

Finished logs for SubmissionIntegrationTest
]]></system-out>
  <system-err><![CDATA[]]></system-err>
</testsuite>
