<?xml version="1.0" encoding="UTF-8"?>
<testsuite name="de.tum.cit.aet.artemis.core.authorization.AuthorizationGeneralAndIndependentEndpointTest" tests="1" skipped="0" failures="0" errors="0" timestamp="2025-02-14T23:44:49" hostname="fv-az1721-502" time="0.063">
  <properties/>
  <testcase name="testEndpoints()" classname="de.tum.cit.aet.artemis.core.authorization.AuthorizationGeneralAndIndependentEndpointTest" time="0.063"/>
  <system-out><![CDATA[
Starting logs for AuthorizationGeneralAndIndependentEndpointTest

  Starting logs for AuthorizationGeneralAndIndependentEndpointTest > testEndpoints()
    23:44:49.905 | 200 Pool-1-worker-93 | INFO  | i.z.t.d.l.EmbeddedDatabaseReporter   : JDBC URL to connect to 'dataSource': url='jdbc:h2:tcp://localhost:41063/mem:df70fc46-7e57-4cb5-9cd0-c1d90c14afa7;USER=sa', scope='AuthorizationGeneralAndIndependentEndpointTest#testEndpoints'

Finished logs for AuthorizationGeneralAndIndependentEndpointTest
]]></system-out>
  <system-err><![CDATA[]]></system-err>
</testsuite>
