<?xml version="1.0" encoding="UTF-8"?>
<testsuite name="de.tum.cit.aet.artemis.atlas.competency.CourseCompetencyIntegrationTest$GetCompetenciesForImport" tests="3" skipped="0" failures="0" errors="0" timestamp="2025-02-14T23:43:03" hostname="fv-az1721-502" time="0.428">
  <properties/>
  <testcase name="shouldGetCompetenciesAsAdmin()" classname="de.tum.cit.aet.artemis.atlas.competency.CourseCompetencyIntegrationTest$GetCompetenciesForImport" time="0.109"/>
  <testcase name="shouldGetCompetenciesFromOwnCourses()" classname="de.tum.cit.aet.artemis.atlas.competency.CourseCompetencyIntegrationTest$GetCompetenciesForImport" time="0.193"/>
  <testcase name="shouldNotGetCompetenciesForInstructorOfOtherCourse()" classname="de.tum.cit.aet.artemis.atlas.competency.CourseCompetencyIntegrationTest$GetCompetenciesForImport" time="0.119"/>
  <system-out><![CDATA[    23:43:01.989 | 362 ool-1-worker-126 | INFO  | d.t.c.a.a.e.s.ParticipationService   : Request to delete Participation : StudentParticipation{id=720, presentationScore=null, student=User{login='examparticipationteststudent1', firstName='examparticipationteststudent1First', lastName='examparticipationteststudent1Last', email='examparticipationteststudent1@test.de', imageUrl='null', activated='true', langKey='en', activationKey='null'}}
    23:43:01.989 | 362 ool-1-worker-126 | DEBUG | d.t.c.a.a.e.s.ParticipationService   : Request to delete all results and submissions of participation with id : 720
    23:43:01.992 | 362 ool-1-worker-126 | DEBUG | d.t.c.a.a.a.service.ResultService    : Delete result 211
    23:43:01.992 | 362 ool-1-worker-126 | DEBUG | d.t.c.a.a.a.service.ResultService    : Delete result references 211
    23:43:01.997 | 362 ool-1-worker-126 | DEBUG | d.t.c.a.a.a.service.ResultService    : Delete result 212
    23:43:01.997 | 362 ool-1-worker-126 | DEBUG | d.t.c.a.a.a.service.ResultService    : Delete result references 212
    23:43:02.022 | 362 ool-1-worker-126 | WARN  | d.t.c.a.artemis.quiz.domain.DragItem : Could not delete file with path dragItemImage2.png. Assume already deleted, DragAndDropQuestion 153 can be removed.
    23:43:02.022 | 362 ool-1-worker-126 | WARN  | d.t.c.a.artemis.quiz.domain.DragItem : Could not delete file with path dragItemImage4.png. Assume already deleted, DragAndDropQuestion 155 can be removed.
    23:43:02.023 | 362 ool-1-worker-126 | INFO  | .c.a.a.c.s.TitleCacheEvictionService : Evicted entry '624' from title cache 'exerciseTitle'
    23:43:02.026 | 362 ool-1-worker-126 | INFO  | .t.c.a.a.e.s.ExerciseDeletionService : Request to delete QuizExercise with id 625
    23:43:02.027 | 362 ool-1-worker-126 | INFO  | .t.c.a.a.e.s.ExerciseDeletionService : Deleting the channel took 352µs
    23:43:02.028 | 362 ool-1-worker-126 | INFO  | d.t.c.a.a.e.s.ParticipationService   : Request to delete all 4 participations of exercise with id : 625
    23:43:02.033 | 362 ool-1-worker-126 | INFO  | d.t.c.a.a.e.s.ParticipationService   : Request to delete Participation : StudentParticipation{id=719, presentationScore=null, student=User{login='examparticipationtesttutor2', firstName='examparticipationtesttutor2First', lastName='examparticipationtesttutor2Last', email='examparticipationtesttutor2@test.de', imageUrl='null', activated='true', langKey='en', activationKey='null'}}
    23:43:02.033 | 362 ool-1-worker-126 | DEBUG | d.t.c.a.a.e.s.ParticipationService   : Request to delete all results and submissions of participation with id : 719
    23:43:02.034 | 362 ool-1-worker-126 | DEBUG | d.t.c.a.a.a.service.ResultService    : Delete result 219
    23:43:02.034 | 362 ool-1-worker-126 | DEBUG | d.t.c.a.a.a.service.ResultService    : Delete result references 219
    23:43:02.040 | 362 ool-1-worker-126 | DEBUG | d.t.c.a.a.a.service.ResultService    : Delete result 220
    23:43:02.040 | 362 ool-1-worker-126 | DEBUG | d.t.c.a.a.a.service.ResultService    : Delete result references 220
    23:43:02.047 | 362 ool-1-worker-126 | INFO  | d.t.c.a.a.e.s.ParticipationService   : Request to delete Participation : StudentParticipation{id=721, presentationScore=null, student=User{login='examparticipationtesttutor1', firstName='examparticipationtesttutor1First', lastName='examparticipationtesttutor1Last', email='examparticipationtesttutor1@test.de', imageUrl='null', activated='true', langKey='en', activationKey='null'}}
    23:43:02.047 | 362 ool-1-worker-126 | DEBUG | d.t.c.a.a.e.s.ParticipationService   : Request to delete all results and submissions of participation with id : 721
    23:43:02.048 | 362 ool-1-worker-126 | DEBUG | d.t.c.a.a.a.service.ResultService    : Delete result 213
    23:43:02.048 | 362 ool-1-worker-126 | DEBUG | d.t.c.a.a.a.service.ResultService    : Delete result references 213
    23:43:02.050 | 362 ool-1-worker-126 | DEBUG | d.t.c.a.a.a.service.ResultService    : Delete result 214
    23:43:02.050 | 362 ool-1-worker-126 | DEBUG | d.t.c.a.a.a.service.ResultService    : Delete result references 214
    23:43:02.057 | 362 ool-1-worker-126 | INFO  | d.t.c.a.a.e.s.ParticipationService   : Request to delete Participation : StudentParticipation{id=722, presentationScore=null, student=User{login='examparticipationteststudent3', firstName='examparticipationteststudent3First', lastName='examparticipationteststudent3Last', email='examparticipationteststudent3@test.de', imageUrl='null', activated='true', langKey='en', activationKey='null'}}
    23:43:02.057 | 362 ool-1-worker-126 | DEBUG | d.t.c.a.a.e.s.ParticipationService   : Request to delete all results and submissions of participation with id : 722
    23:43:02.058 | 362 ool-1-worker-126 | DEBUG | d.t.c.a.a.a.service.ResultService    : Delete result 215
    23:43:02.058 | 362 ool-1-worker-126 | DEBUG | d.t.c.a.a.a.service.ResultService    : Delete result references 215
    23:43:02.060 | 362 ool-1-worker-126 | DEBUG | d.t.c.a.a.a.service.ResultService    : Delete result 216
    23:43:02.060 | 362 ool-1-worker-126 | DEBUG | d.t.c.a.a.a.service.ResultService    : Delete result references 216
    23:43:02.067 | 362 ool-1-worker-126 | INFO  | d.t.c.a.a.e.s.ParticipationService   : Request to delete Participation : StudentParticipation{id=723, presentationScore=null, student=User{login='examparticipationteststudent2', firstName='examparticipationteststudent2First', lastName='examparticipationteststudent2Last', email='examparticipationteststudent2@test.de', imageUrl='null', activated='true', langKey='en', activationKey='null'}}
    23:43:02.067 | 362 ool-1-worker-126 | DEBUG | d.t.c.a.a.e.s.ParticipationService   : Request to delete all results and submissions of participation with id : 723
    23:43:02.068 | 362 ool-1-worker-126 | DEBUG | d.t.c.a.a.a.service.ResultService    : Delete result 217
    23:43:02.068 | 362 ool-1-worker-126 | DEBUG | d.t.c.a.a.a.service.ResultService    : Delete result references 217
    23:43:02.070 | 362 ool-1-worker-126 | DEBUG | d.t.c.a.a.a.service.ResultService    : Delete result 218
    23:43:02.070 | 362 ool-1-worker-126 | DEBUG | d.t.c.a.a.a.service.ResultService    : Delete result references 218
    23:43:02.098 | 362 ool-1-worker-126 | WARN  | d.t.c.a.artemis.quiz.domain.DragItem : Could not delete file with path dragItemImage2.png. Assume already deleted, DragAndDropQuestion 157 can be removed.
    23:43:02.099 | 362 ool-1-worker-126 | WARN  | d.t.c.a.artemis.quiz.domain.DragItem : Could not delete file with path dragItemImage4.png. Assume already deleted, DragAndDropQuestion 159 can be removed.
    23:43:02.100 | 362 ool-1-worker-126 | INFO  | .c.a.a.c.s.TitleCacheEvictionService : Evicted entry '625' from title cache 'exerciseTitle'
    23:43:02.102 | 362 ool-1-worker-126 | INFO  | .t.c.a.a.e.s.ExerciseDeletionService : Request to delete FileUploadExercise with id 626
    23:43:02.102 | 362 ool-1-worker-126 | INFO  | .t.c.a.a.e.s.ExerciseDeletionService : Deleting the channel took 324µs
    23:43:02.104 | 362 ool-1-worker-126 | INFO  | d.t.c.a.a.e.s.ParticipationService   : Request to delete all 2 participations of exercise with id : 626
    23:43:02.105 | 362 ool-1-worker-126 | INFO  | d.t.c.a.a.e.s.ParticipationService   : Request to delete Participation : StudentParticipation{id=724, presentationScore=null, student=User{login='examparticipationtesttutor1', firstName='examparticipationtesttutor1First', lastName='examparticipationtesttutor1Last', email='examparticipationtesttutor1@test.de', imageUrl='null', activated='true', langKey='en', activationKey='null'}}
    23:43:02.105 | 362 ool-1-worker-126 | DEBUG | d.t.c.a.a.e.s.ParticipationService   : Request to delete all results and submissions of participation with id : 724
    23:43:02.106 | 362 ool-1-worker-126 | DEBUG | d.t.c.a.a.a.service.ResultService    : Delete result 221
    23:43:02.106 | 362 ool-1-worker-126 | DEBUG | d.t.c.a.a.a.service.ResultService    : Delete result references 221
    23:43:02.108 | 362 ool-1-worker-126 | DEBUG | d.t.c.a.a.a.service.ResultService    : Delete result 222
    23:43:02.108 | 362 ool-1-worker-126 | DEBUG | d.t.c.a.a.a.service.ResultService    : Delete result references 222
    23:43:02.112 | 362 ool-1-worker-126 | INFO  | d.t.c.a.a.e.s.ParticipationService   : Request to delete Participation : StudentParticipation{id=729, presentationScore=null, student=User{login='examparticipationteststudent2', firstName='examparticipationteststudent2First', lastName='examparticipationteststudent2Last', email='examparticipationteststudent2@test.de', imageUrl='null', activated='true', langKey='en', activationKey='null'}}
    23:43:02.112 | 362 ool-1-worker-126 | DEBUG | d.t.c.a.a.e.s.ParticipationService   : Request to delete all results and submissions of participation with id : 729
    23:43:02.113 | 362 ool-1-worker-126 | DEBUG | d.t.c.a.a.a.service.ResultService    : Delete result 224
    23:43:02.113 | 362 ool-1-worker-126 | DEBUG | d.t.c.a.a.a.service.ResultService    : Delete result references 224
    23:43:02.115 | 362 ool-1-worker-126 | DEBUG | d.t.c.a.a.a.service.ResultService    : Delete result 223
    23:43:02.115 | 362 ool-1-worker-126 | DEBUG | d.t.c.a.a.a.service.ResultService    : Delete result references 223
    23:43:02.131 | 362 ool-1-worker-126 | INFO  | .c.a.a.c.s.TitleCacheEvictionService : Evicted entry '626' from title cache 'exerciseTitle'
    23:43:02.132 | 362 ool-1-worker-126 | INFO  | .t.c.a.a.e.s.ExerciseDeletionService : Request to delete FileUploadExercise with id 627
    23:43:02.133 | 362 ool-1-worker-126 | INFO  | .t.c.a.a.e.s.ExerciseDeletionService : Deleting the channel took 343µs
    23:43:02.137 | 362 ool-1-worker-126 | INFO  | d.t.c.a.a.e.s.ParticipationService   : Request to delete all 3 participations of exercise with id : 627
    23:43:02.141 | 362 ool-1-worker-126 | INFO  | d.t.c.a.a.e.s.ParticipationService   : Request to delete Participation : StudentParticipation{id=725, presentationScore=null, student=User{login='examparticipationtesttutor2', firstName='examparticipationtesttutor2First', lastName='examparticipationtesttutor2Last', email='examparticipationtesttutor2@test.de', imageUrl='null', activated='true', langKey='en', activationKey='null'}}
    23:43:02.141 | 362 ool-1-worker-126 | DEBUG | d.t.c.a.a.e.s.ParticipationService   : Request to delete all results and submissions of participation with id : 725
    23:43:02.142 | 362 ool-1-worker-126 | DEBUG | d.t.c.a.a.a.service.ResultService    : Delete result 225
    23:43:02.142 | 362 ool-1-worker-126 | DEBUG | d.t.c.a.a.a.service.ResultService    : Delete result references 225
    23:43:02.147 | 362 ool-1-worker-126 | DEBUG | d.t.c.a.a.a.service.ResultService    : Delete result 226
    23:43:02.147 | 362 ool-1-worker-126 | DEBUG | d.t.c.a.a.a.service.ResultService    : Delete result references 226
    23:43:02.156 | 362 ool-1-worker-126 | INFO  | d.t.c.a.a.e.s.ParticipationService   : Request to delete Participation : StudentParticipation{id=726, presentationScore=null, student=User{login='examparticipationteststudent3', firstName='examparticipationteststudent3First', lastName='examparticipationteststudent3Last', email='examparticipationteststudent3@test.de', imageUrl='null', activated='true', langKey='en', activationKey='null'}}
    23:43:02.156 | 362 ool-1-worker-126 | DEBUG | d.t.c.a.a.e.s.ParticipationService   : Request to delete all results and submissions of participation with id : 726
    23:43:02.157 | 362 ool-1-worker-126 | DEBUG | d.t.c.a.a.a.service.ResultService    : Delete result 227
    23:43:02.157 | 362 ool-1-worker-126 | DEBUG | d.t.c.a.a.a.service.ResultService    : Delete result references 227
    23:43:02.165 | 362 ool-1-worker-126 | DEBUG | d.t.c.a.a.a.service.ResultService    : Delete result 228
    23:43:02.165 | 362 ool-1-worker-126 | DEBUG | d.t.c.a.a.a.service.ResultService    : Delete result references 228
    23:43:02.171 | 362 ool-1-worker-126 | INFO  | d.t.c.a.a.e.s.ParticipationService   : Request to delete Participation : StudentParticipation{id=731, presentationScore=null, student=User{login='examparticipationteststudent1', firstName='examparticipationteststudent1First', lastName='examparticipationteststudent1Last', email='examparticipationteststudent1@test.de', imageUrl='null', activated='true', langKey='en', activationKey='null'}}
    23:43:02.171 | 362 ool-1-worker-126 | DEBUG | d.t.c.a.a.e.s.ParticipationService   : Request to delete all results and submissions of participation with id : 731
    23:43:02.172 | 362 ool-1-worker-126 | DEBUG | d.t.c.a.a.a.service.ResultService    : Delete result 229
    23:43:02.172 | 362 ool-1-worker-126 | DEBUG | d.t.c.a.a.a.service.ResultService    : Delete result references 229
    23:43:02.174 | 362 ool-1-worker-126 | DEBUG | d.t.c.a.a.a.service.ResultService    : Delete result 230
    23:43:02.174 | 362 ool-1-worker-126 | DEBUG | d.t.c.a.a.a.service.ResultService    : Delete result references 230
    23:43:02.192 | 362 ool-1-worker-126 | INFO  | .c.a.a.c.s.TitleCacheEvictionService : Evicted entry '627' from title cache 'exerciseTitle'
    23:43:02.193 | 362 ool-1-worker-126 | INFO  | .t.c.a.a.e.s.ExerciseDeletionService : Request to delete ModelingExercise with id 628
    23:43:02.194 | 362 ool-1-worker-126 | INFO  | .t.c.a.a.e.s.ExerciseDeletionService : Deleting the channel took 371µs
    23:43:02.194 | 362 ool-1-worker-126 | INFO  | .t.c.a.a.e.s.ExerciseDeletionService : Deleting clusters, elements and cancel scheduled operations of exercise 628
    23:43:02.194 | 362 ool-1-worker-126 | INFO  | .c.s.m.InstanceMessageReceiveService : Received schedule cancel for modeling exercise 628
    23:43:02.196 | 362 ool-1-worker-126 | INFO  | d.t.c.a.a.e.s.ParticipationService   : Request to delete all 4 participations of exercise with id : 628
    23:43:02.197 | 362 ool-1-worker-126 | INFO  | d.t.c.a.a.e.s.ParticipationService   : Request to delete Participation : StudentParticipation{id=727, presentationScore=null, student=User{login='examparticipationtesttutor1', firstName='examparticipationtesttutor1First', lastName='examparticipationtesttutor1Last', email='examparticipationtesttutor1@test.de', imageUrl='null', activated='true', langKey='en', activationKey='null'}}
    23:43:02.197 | 362 ool-1-worker-126 | DEBUG | d.t.c.a.a.e.s.ParticipationService   : Request to delete all results and submissions of participation with id : 727
    23:43:02.198 | 362 ool-1-worker-126 | DEBUG | d.t.c.a.a.a.service.ResultService    : Delete result 233
    23:43:02.198 | 362 ool-1-worker-126 | DEBUG | d.t.c.a.a.a.service.ResultService    : Delete result references 233
    23:43:02.200 | 362 ool-1-worker-126 | DEBUG | d.t.c.a.a.a.service.ResultService    : Delete result 234
    23:43:02.200 | 362 ool-1-worker-126 | DEBUG | d.t.c.a.a.a.service.ResultService    : Delete result references 234
    23:43:02.205 | 362 ool-1-worker-126 | INFO  | d.t.c.a.a.e.s.ParticipationService   : Request to delete Participation : StudentParticipation{id=730, presentationScore=null, student=User{login='examparticipationtesttutor2', firstName='examparticipationtesttutor2First', lastName='examparticipationtesttutor2Last', email='examparticipationtesttutor2@test.de', imageUrl='null', activated='true', langKey='en', activationKey='null'}}
    23:43:02.205 | 362 ool-1-worker-126 | DEBUG | d.t.c.a.a.e.s.ParticipationService   : Request to delete all results and submissions of participation with id : 730
    23:43:02.206 | 362 ool-1-worker-126 | DEBUG | d.t.c.a.a.a.service.ResultService    : Delete result 235
    23:43:02.206 | 362 ool-1-worker-126 | DEBUG | d.t.c.a.a.a.service.ResultService    : Delete result references 235
    23:43:02.208 | 362 ool-1-worker-126 | DEBUG | d.t.c.a.a.a.service.ResultService    : Delete result 236
    23:43:02.208 | 362 ool-1-worker-126 | DEBUG | d.t.c.a.a.a.service.ResultService    : Delete result references 236
    23:43:02.213 | 362 ool-1-worker-126 | INFO  | d.t.c.a.a.e.s.ParticipationService   : Request to delete Participation : StudentParticipation{id=733, presentationScore=null, student=User{login='examparticipationteststudent3', firstName='examparticipationteststudent3First', lastName='examparticipationteststudent3Last', email='examparticipationteststudent3@test.de', imageUrl='null', activated='true', langKey='en', activationKey='null'}}
    23:43:02.213 | 362 ool-1-worker-126 | DEBUG | d.t.c.a.a.e.s.ParticipationService   : Request to delete all results and submissions of participation with id : 733
    23:43:02.214 | 362 ool-1-worker-126 | DEBUG | d.t.c.a.a.a.service.ResultService    : Delete result 237
    23:43:02.214 | 362 ool-1-worker-126 | DEBUG | d.t.c.a.a.a.service.ResultService    : Delete result references 237
    23:43:02.216 | 362 ool-1-worker-126 | DEBUG | d.t.c.a.a.a.service.ResultService    : Delete result 238
    23:43:02.216 | 362 ool-1-worker-126 | DEBUG | d.t.c.a.a.a.service.ResultService    : Delete result references 238
    23:43:02.221 | 362 ool-1-worker-126 | INFO  | d.t.c.a.a.e.s.ParticipationService   : Request to delete Participation : StudentParticipation{id=736, presentationScore=null, student=User{login='examparticipationteststudent2', firstName='examparticipationteststudent2First', lastName='examparticipationteststudent2Last', email='examparticipationteststudent2@test.de', imageUrl='null', activated='true', langKey='en', activationKey='null'}}
    23:43:02.221 | 362 ool-1-worker-126 | DEBUG | d.t.c.a.a.e.s.ParticipationService   : Request to delete all results and submissions of participation with id : 736
    23:43:02.222 | 362 ool-1-worker-126 | DEBUG | d.t.c.a.a.a.service.ResultService    : Delete result 231
    23:43:02.222 | 362 ool-1-worker-126 | DEBUG | d.t.c.a.a.a.service.ResultService    : Delete result references 231
    23:43:02.224 | 362 ool-1-worker-126 | DEBUG | d.t.c.a.a.a.service.ResultService    : Delete result 232
    23:43:02.224 | 362 ool-1-worker-126 | DEBUG | d.t.c.a.a.a.service.ResultService    : Delete result references 232
    23:43:02.241 | 362 ool-1-worker-126 | INFO  | .c.a.a.c.s.TitleCacheEvictionService : Evicted entry '628' from title cache 'exerciseTitle'
    23:43:02.243 | 362 ool-1-worker-126 | INFO  | .t.c.a.a.e.s.ExerciseDeletionService : Request to delete ModelingExercise with id 629
    23:43:02.243 | 362 ool-1-worker-126 | INFO  | .t.c.a.a.e.s.ExerciseDeletionService : Deleting the channel took 424µs
    23:43:02.243 | 362 ool-1-worker-126 | INFO  | .t.c.a.a.e.s.ExerciseDeletionService : Deleting clusters, elements and cancel scheduled operations of exercise 629
    23:43:02.244 | 362 ool-1-worker-126 | INFO  | .c.s.m.InstanceMessageReceiveService : Received schedule cancel for modeling exercise 629
    23:43:02.245 | 362 ool-1-worker-126 | INFO  | d.t.c.a.a.e.s.ParticipationService   : Request to delete all 1 participations of exercise with id : 629
    23:43:02.246 | 362 ool-1-worker-126 | INFO  | d.t.c.a.a.e.s.ParticipationService   : Request to delete Participation : StudentParticipation{id=737, presentationScore=null, student=User{login='examparticipationteststudent1', firstName='examparticipationteststudent1First', lastName='examparticipationteststudent1Last', email='examparticipationteststudent1@test.de', imageUrl='null', activated='true', langKey='en', activationKey='null'}}
    23:43:02.246 | 362 ool-1-worker-126 | DEBUG | d.t.c.a.a.e.s.ParticipationService   : Request to delete all results and submissions of participation with id : 737
    23:43:02.247 | 362 ool-1-worker-126 | DEBUG | d.t.c.a.a.a.service.ResultService    : Delete result 240
    23:43:02.247 | 362 ool-1-worker-126 | DEBUG | d.t.c.a.a.a.service.ResultService    : Delete result references 240
    23:43:02.250 | 362 ool-1-worker-126 | DEBUG | d.t.c.a.a.a.service.ResultService    : Delete result 239
    23:43:02.250 | 362 ool-1-worker-126 | DEBUG | d.t.c.a.a.a.service.ResultService    : Delete result references 239
    23:43:02.269 | 362 ool-1-worker-126 | INFO  | .c.a.a.c.s.TitleCacheEvictionService : Evicted entry '629' from title cache 'exerciseTitle'
    23:43:02.271 | 362 ool-1-worker-126 | INFO  | .t.c.a.a.e.s.ExerciseDeletionService : Request to delete TextExercise with id 630
    23:43:02.271 | 362 ool-1-worker-126 | INFO  | .t.c.a.a.e.s.ExerciseDeletionService : Deleting the channel took 339µs
    23:43:02.271 | 362 ool-1-worker-126 | INFO  | .t.c.a.a.e.s.ExerciseDeletionService : Cancel scheduled operations of exercise 630
    23:43:02.271 | 362 ool-1-worker-126 | INFO  | .c.s.m.InstanceMessageReceiveService : Received schedule cancel for potential Athena exercise 630
    23:43:02.272 | 362 ool-1-worker-126 | INFO  | d.t.c.a.a.e.s.ParticipationService   : Request to delete all 5 participations of exercise with id : 630
    23:43:02.274 | 362 ool-1-worker-126 | INFO  | d.t.c.a.a.e.s.ParticipationService   : Request to delete Participation : StudentParticipation{id=728, presentationScore=null, student=User{login='examparticipationtesttutor1', firstName='examparticipationtesttutor1First', lastName='examparticipationtesttutor1Last', email='examparticipationtesttutor1@test.de', imageUrl='null', activated='true', langKey='en', activationKey='null'}}
    23:43:02.274 | 362 ool-1-worker-126 | DEBUG | d.t.c.a.a.e.s.ParticipationService   : Request to delete all results and submissions of participation with id : 728
    23:43:02.275 | 362 ool-1-worker-126 | DEBUG | d.t.c.a.a.a.service.ResultService    : Delete result 245
    23:43:02.275 | 362 ool-1-worker-126 | DEBUG | d.t.c.a.a.a.service.ResultService    : Delete result references 245
    23:43:02.277 | 362 ool-1-worker-126 | DEBUG | d.t.c.a.a.a.service.ResultService    : Delete result 246
    23:43:02.277 | 362 ool-1-worker-126 | DEBUG | d.t.c.a.a.a.service.ResultService    : Delete result references 246
    23:43:02.281 | 362 ool-1-worker-126 | INFO  | d.t.c.a.a.e.s.ParticipationService   : Request to delete Participation : StudentParticipation{id=734, presentationScore=null, student=User{login='examparticipationtesttutor2', firstName='examparticipationtesttutor2First', lastName='examparticipationtesttutor2Last', email='examparticipationtesttutor2@test.de', imageUrl='null', activated='true', langKey='en', activationKey='null'}}
    23:43:02.281 | 362 ool-1-worker-126 | DEBUG | d.t.c.a.a.e.s.ParticipationService   : Request to delete all results and submissions of participation with id : 734
    23:43:02.282 | 362 ool-1-worker-126 | DEBUG | d.t.c.a.a.a.service.ResultService    : Delete result 249
    23:43:02.282 | 362 ool-1-worker-126 | DEBUG | d.t.c.a.a.a.service.ResultService    : Delete result references 249
    23:43:02.284 | 362 ool-1-worker-126 | DEBUG | d.t.c.a.a.a.service.ResultService    : Delete result 250
    23:43:02.284 | 362 ool-1-worker-126 | DEBUG | d.t.c.a.a.a.service.ResultService    : Delete result references 250
    23:43:02.289 | 362 ool-1-worker-126 | INFO  | d.t.c.a.a.e.s.ParticipationService   : Request to delete Participation : StudentParticipation{id=738, presentationScore=null, student=User{login='examparticipationteststudent3', firstName='examparticipationteststudent3First', lastName='examparticipationteststudent3Last', email='examparticipationteststudent3@test.de', imageUrl='null', activated='true', langKey='en', activationKey='null'}}
    23:43:02.289 | 362 ool-1-worker-126 | DEBUG | d.t.c.a.a.e.s.ParticipationService   : Request to delete all results and submissions of participation with id : 738
    23:43:02.290 | 362 ool-1-worker-126 | DEBUG | d.t.c.a.a.a.service.ResultService    : Delete result 241
    23:43:02.290 | 362 ool-1-worker-126 | DEBUG | d.t.c.a.a.a.service.ResultService    : Delete result references 241
    23:43:02.294 | 362 ool-1-worker-126 | DEBUG | d.t.c.a.a.a.service.ResultService    : Delete result 242
    23:43:02.294 | 362 ool-1-worker-126 | DEBUG | d.t.c.a.a.a.service.ResultService    : Delete result references 242
    23:43:02.299 | 362 ool-1-worker-126 | INFO  | d.t.c.a.a.e.s.ParticipationService   : Request to delete Participation : StudentParticipation{id=741, presentationScore=null, student=User{login='examparticipationteststudent2', firstName='examparticipationteststudent2First', lastName='examparticipationteststudent2Last', email='examparticipationteststudent2@test.de', imageUrl='null', activated='true', langKey='en', activationKey='null'}}
    23:43:02.299 | 362 ool-1-worker-126 | DEBUG | d.t.c.a.a.e.s.ParticipationService   : Request to delete all results and submissions of participation with id : 741
    23:43:02.300 | 362 ool-1-worker-126 | DEBUG | d.t.c.a.a.a.service.ResultService    : Delete result 243
    23:43:02.300 | 362 ool-1-worker-126 | DEBUG | d.t.c.a.a.a.service.ResultService    : Delete result references 243
    23:43:02.302 | 362 ool-1-worker-126 | DEBUG | d.t.c.a.a.a.service.ResultService    : Delete result 244
    23:43:02.302 | 362 ool-1-worker-126 | DEBUG | d.t.c.a.a.a.service.ResultService    : Delete result references 244
    23:43:02.306 | 362 ool-1-worker-126 | INFO  | d.t.c.a.a.e.s.ParticipationService   : Request to delete Participation : StudentParticipation{id=744, presentationScore=null, student=User{login='examparticipationteststudent1', firstName='examparticipationteststudent1First', lastName='examparticipationteststudent1Last', email='examparticipationteststudent1@test.de', imageUrl='null', activated='true', langKey='en', activationKey='null'}}
    23:43:02.306 | 362 ool-1-worker-126 | DEBUG | d.t.c.a.a.e.s.ParticipationService   : Request to delete all results and submissions of participation with id : 744
    23:43:02.307 | 362 ool-1-worker-126 | DEBUG | d.t.c.a.a.a.service.ResultService    : Delete result 247
    23:43:02.307 | 362 ool-1-worker-126 | DEBUG | d.t.c.a.a.a.service.ResultService    : Delete result references 247
    23:43:02.309 | 362 ool-1-worker-126 | DEBUG | d.t.c.a.a.a.service.ResultService    : Delete result 248
    23:43:02.309 | 362 ool-1-worker-126 | DEBUG | d.t.c.a.a.a.service.ResultService    : Delete result references 248
    23:43:02.337 | 362 ool-1-worker-126 | INFO  | .c.a.a.c.s.TitleCacheEvictionService : Evicted entry '630' from title cache 'exerciseTitle'
    23:43:02.339 | 362 ool-1-worker-126 | INFO  | .t.c.a.a.e.s.ExerciseDeletionService : Request to delete TextExercise with id 631
    23:43:02.339 | 362 ool-1-worker-126 | INFO  | .t.c.a.a.e.s.ExerciseDeletionService : Deleting the channel took 330µs
    23:43:02.339 | 362 ool-1-worker-126 | INFO  | .t.c.a.a.e.s.ExerciseDeletionService : Cancel scheduled operations of exercise 631
    23:43:02.339 | 362 ool-1-worker-126 | INFO  | .c.s.m.InstanceMessageReceiveService : Received schedule cancel for potential Athena exercise 631
    23:43:02.340 | 362 ool-1-worker-126 | INFO  | d.t.c.a.a.e.s.ParticipationService   : Request to delete all 5 participations of exercise with id : 631
    23:43:02.342 | 362 ool-1-worker-126 | INFO  | d.t.c.a.a.e.s.ParticipationService   : Request to delete Participation : StudentParticipation{id=732, presentationScore=null, student=User{login='examparticipationtesttutor1', firstName='examparticipationtesttutor1First', lastName='examparticipationtesttutor1Last', email='examparticipationtesttutor1@test.de', imageUrl='null', activated='true', langKey='en', activationKey='null'}}
    23:43:02.342 | 362 ool-1-worker-126 | DEBUG | d.t.c.a.a.e.s.ParticipationService   : Request to delete all results and submissions of participation with id : 732
    23:43:02.343 | 362 ool-1-worker-126 | DEBUG | d.t.c.a.a.a.service.ResultService    : Delete result 259
    23:43:02.343 | 362 ool-1-worker-126 | DEBUG | d.t.c.a.a.a.service.ResultService    : Delete result references 259
    23:43:02.345 | 362 ool-1-worker-126 | DEBUG | d.t.c.a.a.a.service.ResultService    : Delete result 260
    23:43:02.345 | 362 ool-1-worker-126 | DEBUG | d.t.c.a.a.a.service.ResultService    : Delete result references 260
    23:43:02.349 | 362 ool-1-worker-126 | INFO  | d.t.c.a.a.e.s.ParticipationService   : Request to delete Participation : StudentParticipation{id=739, presentationScore=null, student=User{login='examparticipationtesttutor2', firstName='examparticipationtesttutor2First', lastName='examparticipationtesttutor2Last', email='examparticipationtesttutor2@test.de', imageUrl='null', activated='true', langKey='en', activationKey='null'}}
    23:43:02.349 | 362 ool-1-worker-126 | DEBUG | d.t.c.a.a.e.s.ParticipationService   : Request to delete all results and submissions of participation with id : 739
    23:43:02.350 | 362 ool-1-worker-126 | DEBUG | d.t.c.a.a.a.service.ResultService    : Delete result 251
    23:43:02.350 | 362 ool-1-worker-126 | DEBUG | d.t.c.a.a.a.service.ResultService    : Delete result references 251
    23:43:02.353 | 362 ool-1-worker-126 | DEBUG | d.t.c.a.a.a.service.ResultService    : Delete result 252
    23:43:02.353 | 362 ool-1-worker-126 | DEBUG | d.t.c.a.a.a.service.ResultService    : Delete result references 252
    23:43:02.361 | 362 ool-1-worker-126 | INFO  | d.t.c.a.a.e.s.ParticipationService   : Request to delete Participation : StudentParticipation{id=740, presentationScore=null, student=User{login='examparticipationteststudent3', firstName='examparticipationteststudent3First', lastName='examparticipationteststudent3Last', email='examparticipationteststudent3@test.de', imageUrl='null', activated='true', langKey='en', activationKey='null'}}
    23:43:02.361 | 362 ool-1-worker-126 | DEBUG | d.t.c.a.a.e.s.ParticipationService   : Request to delete all results and submissions of participation with id : 740
    23:43:02.362 | 362 ool-1-worker-126 | DEBUG | d.t.c.a.a.a.service.ResultService    : Delete result 253
    23:43:02.362 | 362 ool-1-worker-126 | DEBUG | d.t.c.a.a.a.service.ResultService    : Delete result references 253
    23:43:02.367 | 362 ool-1-worker-126 | DEBUG | d.t.c.a.a.a.service.ResultService    : Delete result 254
    23:43:02.367 | 362 ool-1-worker-126 | DEBUG | d.t.c.a.a.a.service.ResultService    : Delete result references 254
    23:43:02.372 | 362 ool-1-worker-126 | INFO  | d.t.c.a.a.e.s.ParticipationService   : Request to delete Participation : StudentParticipation{id=745, presentationScore=null, student=User{login='examparticipationteststudent2', firstName='examparticipationteststudent2First', lastName='examparticipationteststudent2Last', email='examparticipationteststudent2@test.de', imageUrl='null', activated='true', langKey='en', activationKey='null'}}
    23:43:02.372 | 362 ool-1-worker-126 | DEBUG | d.t.c.a.a.e.s.ParticipationService   : Request to delete all results and submissions of participation with id : 745
    23:43:02.373 | 362 ool-1-worker-126 | DEBUG | d.t.c.a.a.a.service.ResultService    : Delete result 256
    23:43:02.373 | 362 ool-1-worker-126 | DEBUG | d.t.c.a.a.a.service.ResultService    : Delete result references 256
    23:43:02.375 | 362 ool-1-worker-126 | DEBUG | d.t.c.a.a.a.service.ResultService    : Delete result 255
    23:43:02.375 | 362 ool-1-worker-126 | DEBUG | d.t.c.a.a.a.service.ResultService    : Delete result references 255
    23:43:02.380 | 362 ool-1-worker-126 | INFO  | d.t.c.a.a.e.s.ParticipationService   : Request to delete Participation : StudentParticipation{id=746, presentationScore=null, student=User{login='examparticipationteststudent1', firstName='examparticipationteststudent1First', lastName='examparticipationteststudent1Last', email='examparticipationteststudent1@test.de', imageUrl='null', activated='true', langKey='en', activationKey='null'}}
    23:43:02.380 | 362 ool-1-worker-126 | DEBUG | d.t.c.a.a.e.s.ParticipationService   : Request to delete all results and submissions of participation with id : 746
    23:43:02.381 | 362 ool-1-worker-126 | DEBUG | d.t.c.a.a.a.service.ResultService    : Delete result 257
    23:43:02.381 | 362 ool-1-worker-126 | DEBUG | d.t.c.a.a.a.service.ResultService    : Delete result references 257
    23:43:02.383 | 362 ool-1-worker-126 | DEBUG | d.t.c.a.a.a.service.ResultService    : Delete result 258
    23:43:02.383 | 362 ool-1-worker-126 | DEBUG | d.t.c.a.a.a.service.ResultService    : Delete result references 258
    23:43:02.408 | 362 ool-1-worker-126 | INFO  | .c.a.a.c.s.TitleCacheEvictionService : Evicted entry '631' from title cache 'exerciseTitle'
    23:43:02.410 | 362 ool-1-worker-126 | INFO  | .t.c.a.a.e.s.ExerciseDeletionService : Request to delete ProgrammingExercise with id 632
    23:43:02.410 | 362 ool-1-worker-126 | INFO  | .t.c.a.a.e.s.ExerciseDeletionService : Deleting the channel took 336µs
    23:43:02.412 | 362 ool-1-worker-126 | INFO  | d.t.c.a.a.e.s.ParticipationService   : Request to delete all 5 participations of exercise with id : 632
    23:43:02.413 | 362 ool-1-worker-126 | INFO  | d.t.c.a.a.e.s.ParticipationService   : Request to delete Participation : ProgrammingExerciseStudentParticipation{id=735, repositoryUri='file:/tmp/studentOriginRepo2022624303241912275/', buildPlanId='SHORTB90775A1067F104AA90AAC507026330C80D3T893-EXAMPARTICIPATIONTESTTUTOR1', initializationState='INITIALIZED', initializationDate='2025-02-14T23:42:59.756845Z', individualDueDate=null', presentationScore=null}
    23:43:02.416 | 362 ool-1-worker-126 | WARN  | org.eclipse.jgit.lib.Repository      : close() called when useCnt is already zero for Repository[repos/server-integration-test/studentOriginRepo2022624303241912275/.git]
    23:43:02.418 | 362 ool-1-worker-126 | DEBUG | d.t.c.a.a.p.s.AbstractGitService     : Deleted Repository at repos/server-integration-test/studentOriginRepo2022624303241912275
    23:43:02.418 | 362 ool-1-worker-126 | DEBUG | d.t.c.a.a.e.s.ParticipationService   : Request to delete all results and submissions of participation with id : 735
    23:43:02.420 | 362 ool-1-worker-126 | DEBUG | d.t.c.a.a.a.service.ResultService    : Delete result 269
    23:43:02.420 | 362 ool-1-worker-126 | DEBUG | d.t.c.a.a.a.service.ResultService    : Delete result references 269
    23:43:02.422 | 362 ool-1-worker-126 | DEBUG | d.t.c.a.a.a.service.ResultService    : Delete result 270
    23:43:02.422 | 362 ool-1-worker-126 | DEBUG | d.t.c.a.a.a.service.ResultService    : Delete result references 270
    23:43:02.429 | 362 ool-1-worker-126 | INFO  | d.t.c.a.a.e.s.ParticipationService   : Request to delete Participation : ProgrammingExerciseStudentParticipation{id=742, repositoryUri='file:/tmp/studentOriginRepo15040340304759926626/', buildPlanId='SHORTB90775A1067F104AA90AAC507026330C80D3T893-EXAMPARTICIPATIONTESTSTUDENT3', initializationState='INITIALIZED', initializationDate='2025-02-14T23:42:59.758902Z', individualDueDate=null', presentationScore=null}
    23:43:02.431 | 362 ool-1-worker-126 | WARN  | org.eclipse.jgit.lib.Repository      : close() called when useCnt is already zero for Repository[repos/server-integration-test/studentOriginRepo15040340304759926626/.git]
    23:43:02.432 | 362 ool-1-worker-126 | DEBUG | d.t.c.a.a.p.s.AbstractGitService     : Deleted Repository at repos/server-integration-test/studentOriginRepo15040340304759926626
    23:43:02.433 | 362 ool-1-worker-126 | DEBUG | d.t.c.a.a.e.s.ParticipationService   : Request to delete all results and submissions of participation with id : 742
    23:43:02.435 | 362 ool-1-worker-126 | DEBUG | d.t.c.a.a.a.service.ResultService    : Delete result 261
    23:43:02.435 | 362 ool-1-worker-126 | DEBUG | d.t.c.a.a.a.service.ResultService    : Delete result references 261
    23:43:02.437 | 362 ool-1-worker-126 | DEBUG | d.t.c.a.a.a.service.ResultService    : Delete result 262
    23:43:02.437 | 362 ool-1-worker-126 | DEBUG | d.t.c.a.a.a.service.ResultService    : Delete result references 262
    23:43:02.444 | 362 ool-1-worker-126 | INFO  | d.t.c.a.a.e.s.ParticipationService   : Request to delete Participation : ProgrammingExerciseStudentParticipation{id=743, repositoryUri='file:/tmp/studentOriginRepo16209463504562801470/', buildPlanId='SHORTB90775A1067F104AA90AAC507026330C80D3T893-EXAMPARTICIPATIONTESTTUTOR2', initializationState='INITIALIZED', initializationDate='2025-02-14T23:42:59.793553Z', individualDueDate=null', presentationScore=null}
    23:43:02.445 | 362 ool-1-worker-126 | WARN  | org.eclipse.jgit.lib.Repository      : close() called when useCnt is already zero for Repository[repos/server-integration-test/studentOriginRepo16209463504562801470/.git]
    23:43:02.447 | 362 ool-1-worker-126 | DEBUG | d.t.c.a.a.p.s.AbstractGitService     : Deleted Repository at repos/server-integration-test/studentOriginRepo16209463504562801470
    23:43:02.447 | 362 ool-1-worker-126 | DEBUG | d.t.c.a.a.e.s.ParticipationService   : Request to delete all results and submissions of participation with id : 743
    23:43:02.449 | 362 ool-1-worker-126 | DEBUG | d.t.c.a.a.a.service.ResultService    : Delete result 263
    23:43:02.449 | 362 ool-1-worker-126 | DEBUG | d.t.c.a.a.a.service.ResultService    : Delete result references 263
    23:43:02.451 | 362 ool-1-worker-126 | DEBUG | d.t.c.a.a.a.service.ResultService    : Delete result 264
    23:43:02.451 | 362 ool-1-worker-126 | DEBUG | d.t.c.a.a.a.service.ResultService    : Delete result references 264
    23:43:02.458 | 362 ool-1-worker-126 | INFO  | d.t.c.a.a.e.s.ParticipationService   : Request to delete Participation : ProgrammingExerciseStudentParticipation{id=747, repositoryUri='file:/tmp/studentOriginRepo9360537659741123413/', buildPlanId='SHORTB90775A1067F104AA90AAC507026330C80D3T893-EXAMPARTICIPATIONTESTSTUDENT2', initializationState='INITIALIZED', initializationDate='2025-02-14T23:42:59.783860Z', individualDueDate=null', presentationScore=null}
    23:43:02.459 | 362 ool-1-worker-126 | WARN  | org.eclipse.jgit.lib.Repository      : close() called when useCnt is already zero for Repository[repos/server-integration-test/studentOriginRepo9360537659741123413/.git]
    23:43:02.462 | 362 ool-1-worker-126 | DEBUG | d.t.c.a.a.p.s.AbstractGitService     : Deleted Repository at repos/server-integration-test/studentOriginRepo9360537659741123413
    23:43:02.462 | 362 ool-1-worker-126 | DEBUG | d.t.c.a.a.e.s.ParticipationService   : Request to delete all results and submissions of participation with id : 747
    23:43:02.464 | 362 ool-1-worker-126 | DEBUG | d.t.c.a.a.a.service.ResultService    : Delete result 265
    23:43:02.464 | 362 ool-1-worker-126 | DEBUG | d.t.c.a.a.a.service.ResultService    : Delete result references 265
    23:43:02.467 | 362 ool-1-worker-126 | DEBUG | d.t.c.a.a.a.service.ResultService    : Delete result 266
    23:43:02.467 | 362 ool-1-worker-126 | DEBUG | d.t.c.a.a.a.service.ResultService    : Delete result references 266
    23:43:02.474 | 362 ool-1-worker-126 | INFO  | d.t.c.a.a.e.s.ParticipationService   : Request to delete Participation : ProgrammingExerciseStudentParticipation{id=748, repositoryUri='file:/tmp/studentOriginRepo13737351422542987293/', buildPlanId='SHORTB90775A1067F104AA90AAC507026330C80D3T893-EXAMPARTICIPATIONTESTSTUDENT1', initializationState='INITIALIZED', initializationDate='2025-02-14T23:42:59.786194Z', individualDueDate=null', presentationScore=null}
    23:43:02.475 | 362 ool-1-worker-126 | WARN  | org.eclipse.jgit.lib.Repository      : close() called when useCnt is already zero for Repository[repos/server-integration-test/studentOriginRepo13737351422542987293/.git]
    23:43:02.477 | 362 ool-1-worker-126 | DEBUG | d.t.c.a.a.p.s.AbstractGitService     : Deleted Repository at repos/server-integration-test/studentOriginRepo13737351422542987293
    23:43:02.477 | 362 ool-1-worker-126 | DEBUG | d.t.c.a.a.e.s.ParticipationService   : Request to delete all results and submissions of participation with id : 748
    23:43:02.479 | 362 ool-1-worker-126 | DEBUG | d.t.c.a.a.a.service.ResultService    : Delete result 267
    23:43:02.479 | 362 ool-1-worker-126 | DEBUG | d.t.c.a.a.a.service.ResultService    : Delete result references 267
    23:43:02.481 | 362 ool-1-worker-126 | DEBUG | d.t.c.a.a.a.service.ResultService    : Delete result 268
    23:43:02.481 | 362 ool-1-worker-126 | DEBUG | d.t.c.a.a.a.service.ResultService    : Delete result references 268
    23:43:02.497 | 362 ool-1-worker-126 | INFO  | .c.s.m.InstanceMessageReceiveService : Received schedule cancel for programming exercise 632
    23:43:02.497 | 362 ool-1-worker-126 | DEBUG | d.t.c.a.a.c.service.ScheduleService  : Cancelling scheduled task DUE for Exercise (#632).
    23:43:02.498 | 362 ool-1-worker-126 | INFO  | .c.s.m.InstanceMessageReceiveService : Received schedule cancel for potential Athena exercise 632
    23:43:02.500 | 362 ool-1-worker-126 | DEBUG | d.t.c.a.a.e.s.ParticipationService   : Request to delete all results and submissions of participation with id : 708
    23:43:02.502 | 362 ool-1-worker-126 | DEBUG | d.t.c.a.a.e.s.ParticipationService   : Request to delete all results and submissions of participation with id : 713
    23:43:02.505 | 362 ool-1-worker-126 | DEBUG | c.a.a.p.s.ProgrammingExerciseService : Delete programming exercises with student participations: []
    23:43:02.509 | 362 ool-1-worker-126 | INFO  | .c.a.a.c.s.TitleCacheEvictionService : Evicted entry '632' from title cache 'exerciseTitle'
    23:43:02.517 | 362 ool-1-worker-126 | WARN  | .c.a.a.c.s.TitleCacheEvictionService : Unable to clear title of exercises from exercise group 359: Exercises not initialized
    23:43:02.517 | 362 ool-1-worker-126 | WARN  | .c.a.a.c.s.TitleCacheEvictionService : Unable to clear title of exercises from exercise group 360: Exercises not initialized
    23:43:02.517 | 362 ool-1-worker-126 | WARN  | .c.a.a.c.s.TitleCacheEvictionService : Unable to clear title of exercises from exercise group 361: Exercises not initialized
    23:43:02.517 | 362 ool-1-worker-126 | WARN  | .c.a.a.c.s.TitleCacheEvictionService : Unable to clear title of exercises from exercise group 362: Exercises not initialized
    23:43:02.517 | 362 ool-1-worker-126 | WARN  | .c.a.a.c.s.TitleCacheEvictionService : Unable to clear title of exercises from exercise group 363: Exercises not initialized
    23:43:02.517 | 362 ool-1-worker-126 | WARN  | .c.a.a.c.s.TitleCacheEvictionService : Unable to clear title of exercises from exercise group 364: Exercises not initialized
    23:43:02.518 | 362 ool-1-worker-126 | WARN  | .c.a.a.c.s.TitleCacheEvictionService : Unable to clear title of exercises from exercise group 365: Exercises not initialized
    23:43:02.518 | 362 ool-1-worker-126 | INFO  | .c.a.a.c.s.TitleCacheEvictionService : Evicted entry '532' from title cache 'examTitle'

  Starting logs for ExamParticipationIntegrationTest > testDeleteStudent_AfterParticipatingInExam()
    23:43:02.566 | 362 ool-1-worker-126 | DEBUG | d.t.c.a.a.c.u.util.UserUtilService   : Generate 3 students...
    23:43:02.570 | 362 ool-1-worker-126 | DEBUG | d.t.c.a.a.c.u.util.UserUtilService   : 3 students generated. Generate 2 tutors...
    23:43:02.574 | 362 ool-1-worker-126 | DEBUG | d.t.c.a.a.c.u.util.UserUtilService   : 2 tutors generated. Generate 0 editors...
    23:43:02.575 | 362 ool-1-worker-126 | DEBUG | d.t.c.a.a.c.u.util.UserUtilService   : 0 editors generated. Generate 1 instructors...
    23:43:02.578 | 362 ool-1-worker-126 | DEBUG | d.t.c.a.a.c.u.util.UserUtilService   : 1 instructors generated
    23:43:02.579 | 362 ool-1-worker-126 | DEBUG | d.t.c.a.a.c.u.util.UserUtilService   : Removing 6 users from all courses...
    23:43:02.580 | 362 ool-1-worker-126 | DEBUG | d.t.c.a.a.c.u.util.UserUtilService   : Removing 6 users from all courses. Done
    23:43:02.581 | 362 ool-1-worker-126 | DEBUG | d.t.c.a.a.c.u.util.UserUtilService   : Save 6 users to database...
    23:43:02.588 | 362 ool-1-worker-126 | DEBUG | d.t.c.a.a.c.u.util.UserUtilService   : Save 6 users to database. Done
    23:43:02.592 | 362 ool-1-worker-126 | INFO  | i.z.t.d.l.EmbeddedDatabaseReporter   : JDBC URL to connect to 'dataSource': url='jdbc:h2:tcp://localhost:41063/mem:736625c0-cf5e-400d-aeaa-8a7eabd6262b;USER=sa', scope='ExamParticipationIntegrationTest#testDeleteStudent_AfterParticipatingInExam'
    23:43:02.628 | 362 ool-1-worker-126 | DEBUG | d.t.c.a.a.c.s.f.ApiVersionFilter     : Adding Version to Request DELETE /api/courses/228/exams/533/students/examparticipationteststudent1
    23:43:02.632 | 362 ool-1-worker-126 | DEBUG | d.t.c.a.a.exam.web.ExamResource      : REST request to remove examparticipationteststudent1 as student from exam : 533
    23:43:02.647 | 362 ool-1-worker-126 | INFO  | .t.c.a.a.e.s.ExamRegistrationService : User examparticipationtestinstructor1 has removed user examparticipationteststudent1 from the exam Real exam 1 with id 533. This also deleted a potentially existing student exam with all its participations and submissions.
    23:43:02.649 | 362 ool-1-worker-126 | DEBUG | d.t.c.a.a.c.s.f.ApiVersionFilter     : Adding Version to Request GET /api/courses/228/exams/533
    23:43:02.650 | 362 ool-1-worker-126 | DEBUG | d.t.c.a.a.exam.web.ExamResource      : REST request to get exam : 533
    23:43:02.657 | 362 ool-1-worker-126 | DEBUG | d.t.c.a.a.c.s.f.ApiVersionFilter     : Adding Version to Request POST /api/courses/228/exams/533/generate-student-exams
    23:43:02.658 | 362 ool-1-worker-126 | INFO  | d.t.c.a.a.exam.web.ExamResource      : REST request to generate student exams for exam 533
    23:43:02.666 | 362 ool-1-worker-126 | INFO  | d.t.c.a.a.e.s.ExamDeletionService    : User examparticipationtestinstructor1 has requested to delete existing student exams and participations for exam Real exam 1
    23:43:02.667 | 362 ool-1-worker-126 | INFO  | d.t.c.a.a.e.s.ParticipationService   : Request to delete all 0 participations of exercise with id : 637
    23:43:02.668 | 362 ool-1-worker-126 | INFO  | d.t.c.a.a.e.s.ParticipationService   : Request to delete all 0 participations of exercise with id : 638
    23:43:02.669 | 362 ool-1-worker-126 | INFO  | d.t.c.a.a.e.s.ParticipationService   : Request to delete all 0 participations of exercise with id : 639
    23:43:02.670 | 362 ool-1-worker-126 | INFO  | d.t.c.a.a.e.s.ParticipationService   : Request to delete all 0 participations of exercise with id : 640
    23:43:02.671 | 362 ool-1-worker-126 | INFO  | d.t.c.a.a.e.s.ParticipationService   : Request to delete all 0 participations of exercise with id : 641
    23:43:02.673 | 362 ool-1-worker-126 | INFO  | d.t.c.a.a.e.s.ParticipationService   : Request to delete all 0 participations of exercise with id : 642
    23:43:02.674 | 362 ool-1-worker-126 | INFO  | d.t.c.a.a.e.s.ParticipationService   : Request to delete all 0 participations of exercise with id : 643
    23:43:02.675 | 362 ool-1-worker-126 | INFO  | d.t.c.a.a.e.s.ParticipationService   : Request to delete all 0 participations of exercise with id : 644
    23:43:02.676 | 362 ool-1-worker-126 | INFO  | d.t.c.a.a.e.s.ParticipationService   : Request to delete all 0 participations of exercise with id : 645
    23:43:02.677 | 362 ool-1-worker-126 | INFO  | d.t.c.a.a.e.s.ParticipationService   : Request to delete all 0 participations of exercise with id : 646
    23:43:02.679 | 362 ool-1-worker-126 | INFO  | d.t.c.a.a.e.s.ParticipationService   : Request to delete all 0 participations of exercise with id : 647
    23:43:02.680 | 362 ool-1-worker-126 | INFO  | d.t.c.a.a.e.s.ParticipationService   : Request to delete all 0 participations of exercise with id : 648
    23:43:02.681 | 362 ool-1-worker-126 | INFO  | d.t.c.a.a.e.s.ParticipationService   : Request to delete all 0 participations of exercise with id : 649
    23:43:02.682 | 362 ool-1-worker-126 | INFO  | d.t.c.a.a.e.s.ParticipationService   : Request to delete all 0 participations of exercise with id : 650
    23:43:02.683 | 362 ool-1-worker-126 | INFO  | d.t.c.a.a.e.s.ParticipationService   : Request to delete all 0 participations of exercise with id : 651
    23:43:02.687 | 362 ool-1-worker-126 | INFO  | d.t.c.a.a.exam.web.ExamResource      : Generated 2 student exams in 28.77ms for exam 533
    23:43:02.692 | 566 localvc.event-13 | DEBUG | a.a.b.s.SharedQueueProcessingService : Build job completed: BuildJobQueueItem[id=4771739576580898, name=SHORT51E611E30D6B60466F0B8BA0AA97F58888C2TSTEXC-LOCALCIINTSTUDENT1, buildAgent=BuildAgentDTO[name=artemis-build-agent-test, memberAddress=[127.0.0.1]:5703, displayName=artemis-build-agent-test], participationId=477, courseId=152, exerciseId=303, retryCount=0, priority=2, status=null, repositoryInfo=RepositoryInfo[repositoryName=short51e611e30d6b60466f0b8ba0aa97f58888c2tstexc-localciintstudent1, repositoryType=user, triggeredByPushTo=user, assignmentRepositoryUri=http://localhost:49152/git/SHORT51E611E30D6B60466F0B8BA0AA97F58888C2TSTEXC/short51e611e30d6b60466f0b8ba0aa97f58888c2tstexc-localciintstudent1.git, testRepositoryUri=http://localhost:49152/git/SHORT51E611E30D6B60466F0B8BA0AA97F58888C2TSTEXC/short51e611e30d6b60466f0b8ba0aa97f58888c2tstexc-tests.git, solutionRepositoryUri=null, auxiliaryRepositoryUris=[Ljava.lang.String;@655f14bf, auxiliaryRepositoryCheckoutDirectories=[Ljava.lang.String;@5fcb6409], jobTimingInfo=JobTimingInfo[submissionDate=2025-02-14T23:43:00.898532688Z[Etc/UTC], buildStartDate=2025-02-14T23:43:00.905733056Z[Etc/UTC], buildCompletionDate=null, estimatedCompletionDate=2025-02-14T23:43:19.905720463Z[Etc/UTC], estimatedDuration=19], buildConfig=BuildConfig[buildScript=#!/bin/bash
cd /var/tmp/testing-dir
chmod +x ./gradlew
./gradlew clean test
, dockerImage=dummy-docker-image:latest, commitHashToBuild=8f3057cbd462f5e3de4e6ba85115f60d8dbb5aea, assignmentCommitHash=8f3057cbd462f5e3de4e6ba85115f60d8dbb5aea, testCommitHash=8f3057cbd462f5e3de4e6ba85115f60d8dbb5aea, branch=main, programmingLanguage=JAVA, projectType=PLAIN_GRADLE, scaEnabled=true, sequentialTestRunsEnabled=false, resultPaths=[/var/tmp/testing-dir/**/test-results/test/*.xml], timeoutSeconds=0, assignmentCheckoutPath=null, testCheckoutPath=null, solutionCheckoutPath=null, dockerRunConfig=null], submissionResult=null]
    23:43:02.694 | 362 ool-1-worker-126 | DEBUG | d.t.c.a.a.c.s.f.ApiVersionFilter     : Adding Version to Request POST /api/courses/228/exams/533/student-exams/start-exercises
    23:43:02.700 | 566 localvc.event-13 | DEBUG | a.a.b.s.SharedQueueProcessingService : Currently processing jobs on this node: 0, active threads in Pool: 0, maximum pool size of thread executor : 1
    23:43:02.700 | 362 ool-1-worker-126 | INFO  | d.t.c.a.a.e.web.StudentExamResource  : REST request to start exercises for student exams of exam 533
    23:43:02.701 | 566 localvc.event-13 | DEBUG | s.l.LocalCIWebsocketMessagingService : Sending message on topic /topic/admin/queued-jobs: []
    23:43:02.701 | 566 localvc.event-13 | DEBUG | s.l.LocalCIWebsocketMessagingService : Sending message on topic /topic/courses/152/queued-jobs: []
    23:43:02.701 | 566 localvc.event-13 | DEBUG | a.a.b.s.SharedQueueProcessingService : CIBuildJobQueueItem removed from queue: BuildJobQueueItem[id=4771739576580898, name=SHORT51E611E30D6B60466F0B8BA0AA97F58888C2TSTEXC-LOCALCIINTSTUDENT1, buildAgent=BuildAgentDTO[name=null, memberAddress=null, displayName=null], participationId=477, courseId=152, exerciseId=303, retryCount=0, priority=2, status=null, repositoryInfo=RepositoryInfo[repositoryName=short51e611e30d6b60466f0b8ba0aa97f58888c2tstexc-localciintstudent1, repositoryType=user, triggeredByPushTo=user, assignmentRepositoryUri=http://localhost:49152/git/SHORT51E611E30D6B60466F0B8BA0AA97F58888C2TSTEXC/short51e611e30d6b60466f0b8ba0aa97f58888c2tstexc-localciintstudent1.git, testRepositoryUri=http://localhost:49152/git/SHORT51E611E30D6B60466F0B8BA0AA97F58888C2TSTEXC/short51e611e30d6b60466f0b8ba0aa97f58888c2tstexc-tests.git, solutionRepositoryUri=null, auxiliaryRepositoryUris=[Ljava.lang.String;@2628ea99, auxiliaryRepositoryCheckoutDirectories=[Ljava.lang.String;@e70b16f], jobTimingInfo=JobTimingInfo[submissionDate=2025-02-14T23:43:00.898532688Z[Etc/UTC], buildStartDate=null, buildCompletionDate=null, estimatedCompletionDate=null, estimatedDuration=19], buildConfig=BuildConfig[buildScript=#!/bin/bash
cd /var/tmp/testing-dir
chmod +x ./gradlew
./gradlew clean test
, dockerImage=dummy-docker-image:latest, commitHashToBuild=8f3057cbd462f5e3de4e6ba85115f60d8dbb5aea, assignmentCommitHash=8f3057cbd462f5e3de4e6ba85115f60d8dbb5aea, testCommitHash=8f3057cbd462f5e3de4e6ba85115f60d8dbb5aea, branch=main, programmingLanguage=JAVA, projectType=PLAIN_GRADLE, scaEnabled=true, sequentialTestRunsEnabled=false, resultPaths=[/var/tmp/testing-dir/**/test-results/test/*.xml], timeoutSeconds=0, assignmentCheckoutPath=null, testCheckoutPath=null, solutionCheckoutPath=null, dockerRunConfig=null], submissionResult=null]
    23:43:02.701 | 566 localvc.event-13 | DEBUG | s.l.LocalCIWebsocketMessagingService : Sending message on topic /topic/admin/queued-jobs: []
    23:43:02.701 | 566 localvc.event-13 | DEBUG | s.l.LocalCIWebsocketMessagingService : Sending message on topic /topic/courses/152/queued-jobs: []
    23:43:02.702 | 566 localvc.event-13 | DEBUG | a.p.s.l.LocalCIQueueWebsocketService : CIBuildJobQueueItem added to processing jobs: BuildJobQueueItem[id=4771739576580898, name=SHORT51E611E30D6B60466F0B8BA0AA97F58888C2TSTEXC-LOCALCIINTSTUDENT1, buildAgent=BuildAgentDTO[name=artemis-build-agent-test, memberAddress=[127.0.0.1]:5703, displayName=artemis-build-agent-test], participationId=477, courseId=152, exerciseId=303, retryCount=0, priority=2, status=null, repositoryInfo=RepositoryInfo[repositoryName=short51e611e30d6b60466f0b8ba0aa97f58888c2tstexc-localciintstudent1, repositoryType=user, triggeredByPushTo=user, assignmentRepositoryUri=http://localhost:49152/git/SHORT51E611E30D6B60466F0B8BA0AA97F58888C2TSTEXC/short51e611e30d6b60466f0b8ba0aa97f58888c2tstexc-localciintstudent1.git, testRepositoryUri=http://localhost:49152/git/SHORT51E611E30D6B60466F0B8BA0AA97F58888C2TSTEXC/short51e611e30d6b60466f0b8ba0aa97f58888c2tstexc-tests.git, solutionRepositoryUri=null, auxiliaryRepositoryUris=[Ljava.lang.String;@33bf1ccd, auxiliaryRepositoryCheckoutDirectories=[Ljava.lang.String;@384f281c], jobTimingInfo=JobTimingInfo[submissionDate=2025-02-14T23:43:00.898532688Z[Etc/UTC], buildStartDate=2025-02-14T23:43:00.905733056Z[Etc/UTC], buildCompletionDate=null, estimatedCompletionDate=2025-02-14T23:43:19.905720463Z[Etc/UTC], estimatedDuration=19], buildConfig=BuildConfig[buildScript=#!/bin/bash
cd /var/tmp/testing-dir
chmod +x ./gradlew
./gradlew clean test
, dockerImage=dummy-docker-image:latest, commitHashToBuild=8f3057cbd462f5e3de4e6ba85115f60d8dbb5aea, assignmentCommitHash=8f3057cbd462f5e3de4e6ba85115f60d8dbb5aea, testCommitHash=8f3057cbd462f5e3de4e6ba85115f60d8dbb5aea, branch=main, programmingLanguage=JAVA, projectType=PLAIN_GRADLE, scaEnabled=true, sequentialTestRunsEnabled=false, resultPaths=[/var/tmp/testing-dir/**/test-results/test/*.xml], timeoutSeconds=0, assignmentCheckoutPath=null, testCheckoutPath=null, solutionCheckoutPath=null, dockerRunConfig=null], submissionResult=null]
    23:43:02.702 | 566 localvc.event-13 | DEBUG | s.l.LocalCIWebsocketMessagingService : Sending message on topic /topic/admin/running-jobs: []
    23:43:02.702 | 566 localvc.event-13 | DEBUG | s.l.LocalCIWebsocketMessagingService : Sending message on topic /topic/courses/152/running-jobs: []
    23:43:02.705 | 566 localvc.event-13 | DEBUG | a.p.s.l.LocalCIQueueWebsocketService : Build agent updated: BuildAgentInformation[buildAgent=BuildAgentDTO[name=artemis-build-agent-test, memberAddress=[127.0.0.1]:5703, displayName=artemis-build-agent-test], maxNumberOfConcurrentBuildJobs=1, numberOfCurrentBuildJobs=1, runningBuildJobs=[BuildJobQueueItem[id=4771739576580898, name=SHORT51E611E30D6B60466F0B8BA0AA97F58888C2TSTEXC-LOCALCIINTSTUDENT1, buildAgent=BuildAgentDTO[name=artemis-build-agent-test, memberAddress=[127.0.0.1]:5703, displayName=artemis-build-agent-test], participationId=477, courseId=152, exerciseId=303, retryCount=0, priority=2, status=null, repositoryInfo=RepositoryInfo[repositoryName=short51e611e30d6b60466f0b8ba0aa97f58888c2tstexc-localciintstudent1, repositoryType=user, triggeredByPushTo=user, assignmentRepositoryUri=http://localhost:49152/git/SHORT51E611E30D6B60466F0B8BA0AA97F58888C2TSTEXC/short51e611e30d6b60466f0b8ba0aa97f58888c2tstexc-localciintstudent1.git, testRepositoryUri=http://localhost:49152/git/SHORT51E611E30D6B60466F0B8BA0AA97F58888C2TSTEXC/short51e611e30d6b60466f0b8ba0aa97f58888c2tstexc-tests.git, solutionRepositoryUri=null, auxiliaryRepositoryUris=[Ljava.lang.String;@1332a3a, auxiliaryRepositoryCheckoutDirectories=[Ljava.lang.String;@1f9a9c88], jobTimingInfo=JobTimingInfo[submissionDate=2025-02-14T23:43:00.898532688Z[Etc/UTC], buildStartDate=2025-02-14T23:43:00.905733056Z[Etc/UTC], buildCompletionDate=null, estimatedCompletionDate=2025-02-14T23:43:19.905720463Z[Etc/UTC], estimatedDuration=19], buildConfig=BuildConfig[buildScript=#!/bin/bash
cd /var/tmp/testing-dir
chmod +x ./gradlew
./gradlew clean test
, dockerImage=dummy-docker-image:latest, commitHashToBuild=8f3057cbd462f5e3de4e6ba85115f60d8dbb5aea, assignmentCommitHash=8f3057cbd462f5e3de4e6ba85115f60d8dbb5aea, testCommitHash=8f3057cbd462f5e3de4e6ba85115f60d8dbb5aea, branch=main, programmingLanguage=JAVA, projectType=PLAIN_GRADLE, scaEnabled=true, sequentialTestRunsEnabled=false, resultPaths=[/var/tmp/testing-dir/**/test-results/test/*.xml], timeoutSeconds=0, assignmentCheckoutPath=null, testCheckoutPath=null, solutionCheckoutPath=null, dockerRunConfig=null], submissionResult=null]], status=ACTIVE, recentBuildJobs=[BuildJobQueueItem[id=4621739576562326, name=SHORT43ACF76B02BC1044B80938509D14043FABDETSTEXC-LOCALCIINTSTUDENT1, buildAgent=BuildAgentDTO[name=artemis-build-agent-test, memberAddress=[127.0.0.1]:5703, displayName=artemis-build-agent-test], participationId=462, courseId=147, exerciseId=298, retryCount=0, priority=2, status=SUCCESSFUL, repositoryInfo=RepositoryInfo[repositoryName=short43acf76b02bc1044b80938509d14043fabdetstexc-localciintstudent1, repositoryType=user, triggeredByPushTo=user, assignmentRepositoryUri=http://localhost:49152/git/SHORT43ACF76B02BC1044B80938509D14043FABDETSTEXC/short43acf76b02bc1044b80938509d14043fabdetstexc-localciintstudent1.git, testRepositoryUri=http://localhost:49152/git/SHORT43ACF76B02BC1044B80938509D14043FABDETSTEXC/short43acf76b02bc1044b80938509d14043fabdetstexc-tests.git, solutionRepositoryUri=null, auxiliaryRepositoryUris=[Ljava.lang.String;@16cd5d4d, auxiliaryRepositoryCheckoutDirectories=[Ljava.lang.String;@47a2355f], jobTimingInfo=JobTimingInfo[submissionDate=2025-02-14T23:42:42.326978596Z[Etc/UTC], buildStartDate=2025-02-14T23:42:42.420147010Z[Etc/UTC], buildCompletionDate=2025-02-14T23:42:45.573855829Z[Etc/UTC], estimatedCompletionDate=2025-02-14T23:43:01.420129377Z[Etc/UTC], estimatedDuration=19], buildConfig=BuildConfig[buildScript=#!/bin/bash
cd /var/tmp/testing-dir
chmod +x ./gradlew
./gradlew clean test
, dockerImage=dummy-docker-image:latest, commitHashToBuild=a9c717ccf7bcbe9531d3eee21dbaeb5aab2ff971, assignmentCommitHash=a9c717ccf7bcbe9531d3eee21dbaeb5aab2ff971, testCommitHash=a9c717ccf7bcbe9531d3eee21dbaeb5aab2ff971, branch=main, programmingLanguage=JAVA, projectType=PLAIN_GRADLE, scaEnabled=false, sequentialTestRunsEnabled=false, resultPaths=[/var/tmp/testing-dir/**/test-results/test/*.xml], timeoutSeconds=0, assignmentCheckoutPath=null, testCheckoutPath=null, solutionCheckoutPath=null, dockerRunConfig=DockerRunConfig[isNetworkDisabled=true, env=[key=value]]], submissionResult=ResultDTO[id=132, completionDate=2025-02-14T23:42:45.519869118Z[Etc/UTC], successful=false, score=7.7, rated=true, submission=SubmissionDTO[id=119, submitted=true, type=MANUAL, exampleSubmission=null, submissionDate=2025-02-14T23:42:42.302762Z, commitHash=a9c717ccf7bcbe9531d3eee21dbaeb5aab2ff971, buildFailed=false, buildArtifact=false, participation=ParticipationDTO[id=462, testRun=false, type=programming, submissionCount=null, exercise=ParticipationExerciseDTO[id=298, exerciseType=PROGRAMMING, type=programming, assessmentType=AUTOMATIC, dueDate=2025-02-16T23:42:41.553955Z, assessmentDueDate=null, maxPoints=42.0, course=CourseDTO[id=147, accuracyOfScores=1]]], submissionExerciseType=programming, isProcessing=false, buildStartDate=null, estimatedCompletionDate=null], participation=ParticipationDTO[id=462, testRun=false, type=programming, submissionCount=null, exercise=ParticipationExerciseDTO[id=298, exerciseType=PROGRAMMING, type=programming, assessmentType=AUTOMATIC, dueDate=2025-02-16T23:42:41.553955Z, assessmentDueDate=null, maxPoints=42.0, course=CourseDTO[id=147, accuracyOfScores=1]]], feedbacks=[FeedbackDTO[id=67, text=null, detailText=The exercise expects a class with the name Context in the package testpackage. You did not implement the class in the exercise., hasLongFeedbackText=false, reference=null, credits=0.0, positive=false, type=AUTOMATIC, visibility=ALWAYS, testCase=TestCaseDTO[testName=null, id=13]], FeedbackDTO[id=68, text=null, detailText=The exercise expects a class with the name Policy in the package testpackage. You did not implement the class in the exercise., hasLongFeedbackText=false, reference=null, credits=0.0, positive=false, type=AUTOMATIC, visibility=ALWAYS, testCase=TestCaseDTO[testName=null, id=14]], FeedbackDTO[id=69, text=null, detailText=The exercise expects a class with the name SortStrategy in the package testpackage. You did not implement the class in the exercise., hasLongFeedbackText=false, reference=null, credits=0.0, positive=false, type=AUTOMATIC, visibility=ALWAYS, testCase=TestCaseDTO[testName=null, id=15]], FeedbackDTO[id=70, text=null, detailText=The class 'MergeSort' does not implement the interface 'SortStrategy' as expected. Implement the interface and its methods., hasLongFeedbackText=false, reference=null, credits=0.0, positive=false, type=AUTOMATIC, visibility=ALWAYS, testCase=TestCaseDTO[testName=null, id=10]], FeedbackDTO[id=71, text=null, detailText=The exercise expects a class with the name SortStrategy in the package testpackage. You did not implement the class in the exercise., hasLongFeedbackText=false, reference=null, credits=0.0, positive=false, type=AUTOMATIC, visibility=ALWAYS, testCase=TestCaseDTO[testName=null, id=7]], FeedbackDTO[id=72, text=null, detailText=The class 'BubbleSort' does not implement the interface 'SortStrategy' as expected. Implement the interface and its methods., hasLongFeedbackText=false, reference=null, credits=0.0, positive=false, type=AUTOMATIC, visibility=ALWAYS, testCase=TestCaseDTO[testName=null, id=11]], FeedbackDTO[id=73, text=null, detailText=MergeSort does not sort correctly, hasLongFeedbackText=false, reference=null, credits=0.0, positive=false, type=AUTOMATIC, visibility=ALWAYS, testCase=TestCaseDTO[testName=null, id=16]], FeedbackDTO[id=74, text=null, detailText=The class 'Context' was not found within the submission. Make sure to implement it properly., hasLongFeedbackText=false, reference=null, credits=0.0, positive=false, type=AUTOMATIC, visibility=ALWAYS, testCase=TestCaseDTO[testName=null, id=17]], FeedbackDTO[id=75, text=null, detailText=The class 'Context' was not found within the submission. Make sure to implement it properly., hasLongFeedbackText=false, reference=null, credits=0.0, positive=false, type=AUTOMATIC, visibility=ALWAYS, testCase=TestCaseDTO[testName=null, id=18]], FeedbackDTO[id=76, text=null, detailText=The exercise expects a class with the name Policy in the package testpackage. You did not implement the class in the exercise., hasLongFeedbackText=false, reference=null, credits=0.0, positive=false, type=AUTOMATIC, visibility=ALWAYS, testCase=TestCaseDTO[testName=null, id=12]], FeedbackDTO[id=77, text=null, detailText=The exercise expects a class with the name Context in the package testpackage. You did not implement the class in the exercise., hasLongFeedbackText=false, reference=null, credits=0.0, positive=false, type=AUTOMATIC, visibility=ALWAYS, testCase=TestCaseDTO[testName=null, id=8]], FeedbackDTO[id=78, text=null, detailText=The exercise expects a class with the name Policy in the package testpackage. You did not implement the class in the exercise., hasLongFeedbackText=false, reference=null, credits=0.0, positive=false, type=AUTOMATIC, visibility=ALWAYS, testCase=TestCaseDTO[testName=null, id=9]], FeedbackDTO[id=79, text=null, detailText=null, hasLongFeedbackText=false, reference=null, credits=3.230769230769231, positive=true, type=AUTOMATIC, visibility=ALWAYS, testCase=TestCaseDTO[testName=null, id=19]]], assessmentType=AUTOMATIC, hasComplaint=null, exampleResult=null, testCaseCount=13, passedTestCaseCount=1, codeIssueCount=0]], BuildJobQueueItem[id=4651739576569330, name=SHORTB06DD3F905F4604F6E085260D83ED657A6DFTSTEXC-LOCALCIINTSTUDENT1, buildAgent=BuildAgentDTO[name=artemis-build-agent-test, memberAddress=[127.0.0.1]:5703, displayName=artemis-build-agent-test], participationId=465, courseId=148, exerciseId=299, retryCount=0, priority=2, status=SUCCESSFUL, repositoryInfo=RepositoryInfo[repositoryName=shortb06dd3f905f4604f6e085260d83ed657a6dftstexc-localciintstudent1, repositoryType=user, triggeredByPushTo=user, assignmentRepositoryUri=http://localhost:49152/git/SHORTB06DD3F905F4604F6E085260D83ED657A6DFTSTEXC/shortb06dd3f905f4604f6e085260d83ed657a6dftstexc-localciintstudent1.git, testRepositoryUri=http://localhost:49152/git/SHORTB06DD3F905F4604F6E085260D83ED657A6DFTSTEXC/shortb06dd3f905f4604f6e085260d83ed657a6dftstexc-tests.git, solutionRepositoryUri=null, auxiliaryRepositoryUris=[Ljava.lang.String;@5f58a56b, auxiliaryRepositoryCheckoutDirectories=[Ljava.lang.String;@14ed1cd4], jobTimingInfo=JobTimingInfo[submissionDate=2025-02-14T23:42:49.330093960Z[Etc/UTC], buildStartDate=2025-02-14T23:42:49.347797345Z[Etc/UTC], buildCompletionDate=2025-02-14T23:42:51.204319751Z[Etc/UTC], estimatedCompletionDate=2025-02-14T23:43:08.347788449Z[Etc/UTC], estimatedDuration=19], buildConfig=BuildConfig[buildScript=#!/bin/bash
cd /var/tmp/testing-dir
chmod +x ./gradlew
./gradlew clean test
, dockerImage=dummy-docker-image:latest, commitHashToBuild=41581fff25954d36cf07586926ee0c77d1003131, assignmentCommitHash=41581fff25954d36cf07586926ee0c77d1003131, testCommitHash=41581fff25954d36cf07586926ee0c77d1003131, branch=main, programmingLanguage=JAVA, projectType=PLAIN_GRADLE, scaEnabled=false, sequentialTestRunsEnabled=false, resultPaths=[/var/tmp/testing-dir/**/test-results/test/*.xml], timeoutSeconds=0, assignmentCheckoutPath=null, testCheckoutPath=null, solutionCheckoutPath=null, dockerRunConfig=null], submissionResult=ResultDTO[id=133, completionDate=2025-02-14T23:42:51.155372920Z[Etc/UTC], successful=false, score=7.7, rated=true, submission=SubmissionDTO[id=120, submitted=true, type=MANUAL, exampleSubmission=null, submissionDate=2025-02-14T23:42:49.321855Z, commitHash=41581fff25954d36cf07586926ee0c77d1003131, buildFailed=false, buildArtifact=false, participation=ParticipationDTO[id=465, testRun=false, type=programming, submissionCount=null, exercise=ParticipationExerciseDTO[id=299, exerciseType=PROGRAMMING, type=programming, assessmentType=AUTOMATIC, dueDate=2025-02-16T23:42:49.163661Z, assessmentDueDate=null, maxPoints=42.0, course=CourseDTO[id=148, accuracyOfScores=1]]], submissionExerciseType=programming, isProcessing=false, buildStartDate=null, estimatedCompletionDate=null], participation=ParticipationDTO[id=465, testRun=false, type=programming, submissionCount=null, exercise=ParticipationExerciseDTO[id=299, exerciseType=PROGRAMMING, type=programming, assessmentType=AUTOMATIC, dueDate=2025-02-16T23:42:49.163661Z, assessmentDueDate=null, maxPoints=42.0, course=CourseDTO[id=148, accuracyOfScores=1]]], feedbacks=[FeedbackDTO[id=80, text=null, detailText=The exercise expects a class with the name Context in the package testpackage. You did not implement the class in the exercise., hasLongFeedbackText=false, reference=null, credits=0.0, positive=false, type=AUTOMATIC, visibility=ALWAYS, testCase=TestCaseDTO[testName=null, id=26]], FeedbackDTO[id=81, text=null, detailText=The exercise expects a class with the name Policy in the package testpackage. You did not implement the class in the exercise., hasLongFeedbackText=false, reference=null, credits=0.0, positive=false, type=AUTOMATIC, visibility=ALWAYS, testCase=TestCaseDTO[testName=null, id=27]], FeedbackDTO[id=82, text=null, detailText=The exercise expects a class with the name SortStrategy in the package testpackage. You did not implement the class in the exercise., hasLongFeedbackText=false, reference=null, credits=0.0, positive=false, type=AUTOMATIC, visibility=ALWAYS, testCase=TestCaseDTO[testName=null, id=28]], FeedbackDTO[id=83, text=null, detailText=The class 'MergeSort' does not implement the interface 'SortStrategy' as expected. Implement the interface and its methods., hasLongFeedbackText=false, reference=null, credits=0.0, positive=false, type=AUTOMATIC, visibility=ALWAYS, testCase=TestCaseDTO[testName=null, id=23]], FeedbackDTO[id=84, text=null, detailText=The exercise expects a class with the name SortStrategy in the package testpackage. You did not implement the class in the exercise., hasLongFeedbackText=false, reference=null, credits=0.0, positive=false, type=AUTOMATIC, visibility=ALWAYS, testCase=TestCaseDTO[testName=null, id=20]], FeedbackDTO[id=85, text=null, detailText=The class 'BubbleSort' does not implement the interface 'SortStrategy' as expected. Implement the interface and its methods., hasLongFeedbackText=false, reference=null, credits=0.0, positive=false, type=AUTOMATIC, visibility=ALWAYS, testCase=TestCaseDTO[testName=null, id=24]], FeedbackDTO[id=86, text=null, detailText=MergeSort does not sort correctly, hasLongFeedbackText=false, reference=null, credits=0.0, positive=false, type=AUTOMATIC, visibility=ALWAYS, testCase=TestCaseDTO[testName=null, id=29]], FeedbackDTO[id=87, text=null, detailText=The class 'Context' was not found within the submission. Make sure to implement it properly., hasLongFeedbackText=false, reference=null, credits=0.0, positive=false, type=AUTOMATIC, visibility=ALWAYS, testCase=TestCaseDTO[testName=null, id=30]], FeedbackDTO[id=88, text=null, detailText=The class 'Context' was not found within the submission. Make sure to implement it properly., hasLongFeedbackText=false, reference=null, credits=0.0, positive=false, type=AUTOMATIC, visibility=ALWAYS, testCase=TestCaseDTO[testName=null, id=31]], FeedbackDTO[id=89, text=null, detailText=The exercise expects a class with the name Policy in the package testpackage. You did not implement the class in the exercise., hasLongFeedbackText=false, reference=null, credits=0.0, positive=false, type=AUTOMATIC, visibility=ALWAYS, testCase=TestCaseDTO[testName=null, id=25]], FeedbackDTO[id=90, text=null, detailText=The exercise expects a class with the name Context in the package testpackage. You did not implement the class in the exercise., hasLongFeedbackText=false, reference=null, credits=0.0, positive=false, type=AUTOMATIC, visibility=ALWAYS, testCase=TestCaseDTO[testName=null, id=21]], FeedbackDTO[id=91, text=null, detailText=The exercise expects a class with the name Policy in the package testpackage. You did not implement the class in the exercise., hasLongFeedbackText=false, reference=null, credits=0.0, positive=false, type=AUTOMATIC, visibility=ALWAYS, testCase=TestCaseDTO[testName=null, id=22]], FeedbackDTO[id=92, text=null, detailText=null, hasLongFeedbackText=false, reference=null, credits=3.230769230769231, positive=true, type=AUTOMATIC, visibility=ALWAYS, testCase=TestCaseDTO[testName=null, id=32]]], assessmentType=AUTOMATIC, hasComplaint=null, exampleResult=null, testCaseCount=13, passedTestCaseCount=1, codeIssueCount=0]], BuildJobQueueItem[id=4681739576573068, name=SHORTBCF65534040390488B0A46605F5F3776B89ATSTEXC-LOCALCIINTSTUDENT1, buildAgent=BuildAgentDTO[name=artemis-build-agent-test, memberAddress=[127.0.0.1]:5703, displayName=artemis-build-agent-test], participationId=468, courseId=149, exerciseId=300, retryCount=0, priority=2, status=SUCCESSFUL, repositoryInfo=RepositoryInfo[repositoryName=shortbcf65534040390488b0a46605f5f3776b89atstexc-localciintstudent1, repositoryType=user, triggeredByPushTo=user, assignmentRepositoryUri=http://localhost:49152/git/SHORTBCF65534040390488B0A46605F5F3776B89ATSTEXC/shortbcf65534040390488b0a46605f5f3776b89atstexc-localciintstudent1.git, testRepositoryUri=http://localhost:49152/git/SHORTBCF65534040390488B0A46605F5F3776B89ATSTEXC/shortbcf65534040390488b0a46605f5f3776b89atstexc-tests.git, solutionRepositoryUri=null, auxiliaryRepositoryUris=[Ljava.lang.String;@68b60c31, auxiliaryRepositoryCheckoutDirectories=[Ljava.lang.String;@3ee8c4b5], jobTimingInfo=JobTimingInfo[submissionDate=2025-02-14T23:42:53.068019209Z[Etc/UTC], buildStartDate=2025-02-14T23:42:53.092867394Z[Etc/UTC], buildCompletionDate=2025-02-14T23:42:55.086950323Z[Etc/UTC], estimatedCompletionDate=2025-02-14T23:43:12.092858828Z[Etc/UTC], estimatedDuration=19], buildConfig=BuildConfig[buildScript=#!/bin/bash
cd /var/tmp/testing-dir
chmod +x ./gradlew
./gradlew clean test
, dockerImage=dummy-docker-image:latest, commitHashToBuild=2d5c0482fc77d3f5ec0841962528a43054e83170, assignmentCommitHash=2d5c0482fc77d3f5ec0841962528a43054e83170, testCommitHash=7477e25d56ce5fee2c938542a7e7ed4ed085d373, branch=main, programmingLanguage=JAVA, projectType=PLAIN_GRADLE, scaEnabled=false, sequentialTestRunsEnabled=false, resultPaths=[/var/tmp/testing-dir/**/test-results/test/*.xml], timeoutSeconds=0, assignmentCheckoutPath=null, testCheckoutPath=null, solutionCheckoutPath=null, dockerRunConfig=null], submissionResult=ResultDTO[id=134, completionDate=2025-02-14T23:42:55.059618627Z[Etc/UTC], successful=false, score=7.7, rated=true, submission=SubmissionDTO[id=121, submitted=true, type=MANUAL, exampleSubmission=null, submissionDate=2025-02-14T23:42:53.048221Z, commitHash=2d5c0482fc77d3f5ec0841962528a43054e83170, buildFailed=false, buildArtifact=false, participation=ParticipationDTO[id=468, testRun=false, type=programming, submissionCount=null, exercise=ParticipationExerciseDTO[id=300, exerciseType=PROGRAMMING, type=programming, assessmentType=AUTOMATIC, dueDate=2025-02-16T23:42:52.873722Z, assessmentDueDate=null, maxPoints=42.0, course=CourseDTO[id=149, accuracyOfScores=1]]], submissionExerciseType=programming, isProcessing=false, buildStartDate=null, estimatedCompletionDate=null], participation=ParticipationDTO[id=468, testRun=false, type=programming, submissionCount=null, exercise=ParticipationExerciseDTO[id=300, exerciseType=PROGRAMMING, type=programming, assessmentType=AUTOMATIC, dueDate=2025-02-16T23:42:52.873722Z, assessmentDueDate=null, maxPoints=42.0, course=CourseDTO[id=149, accuracyOfScores=1]]], feedbacks=[FeedbackDTO[id=93, text=null, detailText=The exercise expects a class with the name Context in the package testpackage. You did not implement the class in the exercise., hasLongFeedbackText=false, reference=null, credits=0.0, positive=false, type=AUTOMATIC, visibility=ALWAYS, testCase=TestCaseDTO[testName=null, id=39]], FeedbackDTO[id=94, text=null, detailText=The exercise expects a class with the name Policy in the package testpackage. You did not implement the class in the exercise., hasLongFeedbackText=false, reference=null, credits=0.0, positive=false, type=AUTOMATIC, visibility=ALWAYS, testCase=TestCaseDTO[testName=null, id=40]], FeedbackDTO[id=95, text=null, detailText=The exercise expects a class with the name SortStrategy in the package testpackage. You did not implement the class in the exercise., hasLongFeedbackText=false, reference=null, credits=0.0, positive=false, type=AUTOMATIC, visibility=ALWAYS, testCase=TestCaseDTO[testName=null, id=41]], FeedbackDTO[id=96, text=null, detailText=The class 'MergeSort' does not implement the interface 'SortStrategy' as expected. Implement the interface and its methods., hasLongFeedbackText=false, reference=null, credits=0.0, positive=false, type=AUTOMATIC, visibility=ALWAYS, testCase=TestCaseDTO[testName=null, id=36]], FeedbackDTO[id=97, text=null, detailText=The exercise expects a class with the name SortStrategy in the package testpackage. You did not implement the class in the exercise., hasLongFeedbackText=false, reference=null, credits=0.0, positive=false, type=AUTOMATIC, visibility=ALWAYS, testCase=TestCaseDTO[testName=null, id=33]], FeedbackDTO[id=98, text=null, detailText=The class 'BubbleSort' does not implement the interface 'SortStrategy' as expected. Implement the interface and its methods., hasLongFeedbackText=false, reference=null, credits=0.0, positive=false, type=AUTOMATIC, visibility=ALWAYS, testCase=TestCaseDTO[testName=null, id=37]], FeedbackDTO[id=99, text=null, detailText=MergeSort does not sort correctly, hasLongFeedbackText=false, reference=null, credits=0.0, positive=false, type=AUTOMATIC, visibility=ALWAYS, testCase=TestCaseDTO[testName=null, id=42]], FeedbackDTO[id=100, text=null, detailText=The class 'Context' was not found within the submission. Make sure to implement it properly., hasLongFeedbackText=false, reference=null, credits=0.0, positive=false, type=AUTOMATIC, visibility=ALWAYS, testCase=TestCaseDTO[testName=null, id=43]], FeedbackDTO[id=101, text=null, detailText=The class 'Context' was not found within the submission. Make sure to implement it properly., hasLongFeedbackText=false, reference=null, credits=0.0, positive=false, type=AUTOMATIC, visibility=ALWAYS, testCase=TestCaseDTO[testName=null, id=44]], FeedbackDTO[id=102, text=null, detailText=The exercise expects a class with the name Policy in the package testpackage. You did not implement the class in the exercise., hasLongFeedbackText=false, reference=null, credits=0.0, positive=false, type=AUTOMATIC, visibility=ALWAYS, testCase=TestCaseDTO[testName=null, id=38]], FeedbackDTO[id=103, text=null, detailText=The exercise expects a class with the name Context in the package testpackage. You did not implement the class in the exercise., hasLongFeedbackText=false, reference=null, credits=0.0, positive=false, type=AUTOMATIC, visibility=ALWAYS, testCase=TestCaseDTO[testName=null, id=34]], FeedbackDTO[id=104, text=null, detailText=The exercise expects a class with the name Policy in the package testpackage. You did not implement the class in the exercise., hasLongFeedbackText=false, reference=null, credits=0.0, positive=false, type=AUTOMATIC, visibility=ALWAYS, testCase=TestCaseDTO[testName=null, id=35]], FeedbackDTO[id=105, text=null, detailText=null, hasLongFeedbackText=false, reference=null, credits=3.230769230769231, positive=true, type=AUTOMATIC, visibility=ALWAYS, testCase=TestCaseDTO[testName=null, id=45]]], assessmentType=AUTOMATIC, hasComplaint=null, exampleResult=null, testCaseCount=13, passedTestCaseCount=1, codeIssueCount=0]], BuildJobQueueItem[id=4741739576577297, name=SHORT88A9A223023E2047B709E4A029FA08BCF2CFTSTEXC-LOCALCIINTSTUDENT1, buildAgent=BuildAgentDTO[name=artemis-build-agent-test, memberAddress=[127.0.0.1]:5703, displayName=artemis-build-agent-test], participationId=474, courseId=151, exerciseId=302, retryCount=0, priority=2, status=SUCCESSFUL, repositoryInfo=RepositoryInfo[repositoryName=short88a9a223023e2047b709e4a029fa08bcf2cftstexc-localciintstudent1, repositoryType=user, triggeredByPushTo=user, assignmentRepositoryUri=http://localhost:49152/git/SHORT88A9A223023E2047B709E4A029FA08BCF2CFTSTEXC/short88a9a223023e2047b709e4a029fa08bcf2cftstexc-localciintstudent1.git, testRepositoryUri=http://localhost:49152/git/SHORT88A9A223023E2047B709E4A029FA08BCF2CFTSTEXC/short88a9a223023e2047b709e4a029fa08bcf2cftstexc-tests.git, solutionRepositoryUri=null, auxiliaryRepositoryUris=[Ljava.lang.String;@24814dfe, auxiliaryRepositoryCheckoutDirectories=[Ljava.lang.String;@58f6fe06], jobTimingInfo=JobTimingInfo[submissionDate=2025-02-14T23:42:57.297342281Z[Etc/UTC], buildStartDate=2025-02-14T23:42:57.308570327Z[Etc/UTC], buildCompletionDate=2025-02-14T23:42:59.047616654Z[Etc/UTC], estimatedCompletionDate=2025-02-14T23:43:16.308558064Z[Etc/UTC], estimatedDuration=19], buildConfig=BuildConfig[buildScript=#!/bin/bash
cd /var/tmp/testing-dir
chmod +x ./gradlew
./gradlew clean test
, dockerImage=dummy-docker-image:latest, commitHashToBuild=736cbea1e46d6849b41266b2bf1cccd3b9ea55b1, assignmentCommitHash=736cbea1e46d6849b41266b2bf1cccd3b9ea55b1, testCommitHash=ea6267edd396a304305339b036512b63e0374c66, branch=main, programmingLanguage=JAVA, projectType=PLAIN_GRADLE, scaEnabled=false, sequentialTestRunsEnabled=false, resultPaths=[/var/tmp/testing-dir/**/test-results/test/*.xml], timeoutSeconds=0, assignmentCheckoutPath=null, testCheckoutPath=null, solutionCheckoutPath=null, dockerRunConfig=null], submissionResult=ResultDTO[id=135, completionDate=2025-02-14T23:42:59.014168821Z[Etc/UTC], successful=false, score=7.7, rated=true, submission=SubmissionDTO[id=123, submitted=true, type=MANUAL, exampleSubmission=null, submissionDate=2025-02-14T23:42:57.278471Z, commitHash=736cbea1e46d6849b41266b2bf1cccd3b9ea55b1, buildFailed=false, buildArtifact=false, participation=ParticipationDTO[id=474, testRun=false, type=programming, submissionCount=null, exercise=ParticipationExerciseDTO[id=302, exerciseType=PROGRAMMING, type=programming, assessmentType=AUTOMATIC, dueDate=2025-02-16T23:42:56.796251Z, assessmentDueDate=null, maxPoints=42.0, course=CourseDTO[id=151, accuracyOfScores=1]]], submissionExerciseType=programming, isProcessing=false, buildStartDate=null, estimatedCompletionDate=null], participation=ParticipationDTO[id=474, testRun=false, type=programming, submissionCount=null, exercise=ParticipationExerciseDTO[id=302, exerciseType=PROGRAMMING, type=programming, assessmentType=AUTOMATIC, dueDate=2025-02-16T23:42:56.796251Z, assessmentDueDate=null, maxPoints=42.0, course=CourseDTO[id=151, accuracyOfScores=1]]], feedbacks=[FeedbackDTO[id=106, text=null, detailText=The exercise expects a class with the name Context in the package testpackage. You did not implement the class in the exercise., hasLongFeedbackText=false, reference=null, credits=0.0, positive=false, type=AUTOMATIC, visibility=ALWAYS, testCase=TestCaseDTO[testName=null, id=65]], FeedbackDTO[id=107, text=null, detailText=The exercise expects a class with the name Policy in the package testpackage. You did not implement the class in the exercise., hasLongFeedbackText=false, reference=null, credits=0.0, positive=false, type=AUTOMATIC, visibility=ALWAYS, testCase=TestCaseDTO[testName=null, id=66]], FeedbackDTO[id=108, text=null, detailText=The exercise expects a class with the name SortStrategy in the package testpackage. You did not implement the class in the exercise., hasLongFeedbackText=false, reference=null, credits=0.0, positive=false, type=AUTOMATIC, visibility=ALWAYS, testCase=TestCaseDTO[testName=null, id=67]], FeedbackDTO[id=109, text=null, detailText=The class 'MergeSort' does not implement the interface 'SortStrategy' as expected. Implement the interface and its methods., hasLongFeedbackText=false, reference=null, credits=0.0, positive=false, type=AUTOMATIC, visibility=ALWAYS, testCase=TestCaseDTO[testName=null, id=62]], FeedbackDTO[id=110, text=null, detailText=The exercise expects a class with the name SortStrategy in the package testpackage. You did not implement the class in the exercise., hasLongFeedbackText=false, reference=null, credits=0.0, positive=false, type=AUTOMATIC, visibility=ALWAYS, testCase=TestCaseDTO[testName=null, id=59]], FeedbackDTO[id=111, text=null, detailText=The class 'BubbleSort' does not implement the interface 'SortStrategy' as expected. Implement the interface and its methods., hasLongFeedbackText=false, reference=null, credits=0.0, positive=false, type=AUTOMATIC, visibility=ALWAYS, testCase=TestCaseDTO[testName=null, id=63]], FeedbackDTO[id=112, text=null, detailText=MergeSort does not sort correctly, hasLongFeedbackText=false, reference=null, credits=0.0, positive=false, type=AUTOMATIC, visibility=ALWAYS, testCase=TestCaseDTO[testName=null, id=68]], FeedbackDTO[id=113, text=null, detailText=The class 'Context' was not found within the submission. Make sure to implement it properly., hasLongFeedbackText=false, reference=null, credits=0.0, positive=false, type=AUTOMATIC, visibility=ALWAYS, testCase=TestCaseDTO[testName=null, id=69]], FeedbackDTO[id=114, text=null, detailText=The class 'Context' was not found within the submission. Make sure to implement it properly., hasLongFeedbackText=false, reference=null, credits=0.0, positive=false, type=AUTOMATIC, visibility=ALWAYS, testCase=TestCaseDTO[testName=null, id=70]], FeedbackDTO[id=115, text=null, detailText=The exercise expects a class with the name Policy in the package testpackage. You did not implement the class in the exercise., hasLongFeedbackText=false, reference=null, credits=0.0, positive=false, type=AUTOMATIC, visibility=ALWAYS, testCase=TestCaseDTO[testName=null, id=64]], FeedbackDTO[id=116, text=null, detailText=The exercise expects a class with the name Context in the package testpackage. You did not implement the class in the exercise., hasLongFeedbackText=false, reference=null, credits=0.0, positive=false, type=AUTOMATIC, visibility=ALWAYS, testCase=TestCaseDTO[testName=null, id=60]], FeedbackDTO[id=117, text=null, detailText=The exercise expects a class with the name Policy in the package testpackage. You did not implement the class in the exercise., hasLongFeedbackText=false, reference=null, credits=0.0, positive=false, type=AUTOMATIC, visibility=ALWAYS, testCase=TestCaseDTO[testName=null, id=61]], FeedbackDTO[id=118, text=null, detailText=null, hasLongFeedbackText=false, reference=null, credits=3.230769230769231, positive=true, type=AUTOMATIC, visibility=ALWAYS, testCase=TestCaseDTO[testName=null, id=71]]], assessmentType=AUTOMATIC, hasComplaint=null, exampleResult=null, testCaseCount=13, passedTestCaseCount=1, codeIssueCount=0]]], publicSshKey=ssh-rsa AAAAB3NzaC1yc2EAAAADAQABAAACAQCOPdMsxRE2jFJ/UEa5/LsBxtwzJcrh3/rYBCQvcMeVpiRfhzQPWu7mrt/G2Ew+i+vRloGH9aqKg6dd1liRncao53Zmd/ePxoatXePNhmzTfkCkcSkTUz7B+QMjkoDDV5jwuFPD6mF3JkhuzSi64n9Zy905t4w2IhVcjM2mL3eYNjiCXt6Qpq3Pkt7dM/Ksw1nxnvuiIALuJLB3FTkXkHqq3PJav+9HSq2r6ZaWgekneaGxlQlb+U+Vy3XOuArKAzK8c8i+0bR+AHiTG6ncYXt7ax3U+TdlDTF7OLP3umwaYjs1NBXOHwG42pevvpKn2fqavZZozk+M05jXLx3bq0O7itxfErWc7etky8qYPyyIMF/txQIVLd78+Ze4d7Y60t5MGbXM5cGE6fFif5fEJwgswXD+BrG0cafz1CTatjSKFdvp8Vp4VszXhHDan1PrP6JEFJ5Cc5GDmLRZPCFa3vL9f5qXgf4bkqKN8MYeEujwJE5nMRWoiJVNakix2bcrrneQMBlnYeYZVWXXXUusAQBzl4NgddC1umZpihZkL1b1MffZAUW3EGEXi7KHnllQhkTLLsQ8ntMgbylqaJKStqaXlLvdeRJcEnUuiFCrHEVVbXRFZR7XVDZ02CE5o3MuaRPty8Kh+jRTF3COlAckHwYEJCNNJvXFgb2CNXL4mjzYDw== test@localhost]
    23:43:02.707 | 566 localvc.event-13 | DEBUG | s.l.LocalCIWebsocketMessagingService : Sending message on topic /topic/admin/build-agents: [BuildAgentInformation[buildAgent=BuildAgentDTO[name=artemis-build-agent-test, memberAddress=[127.0.0.1]:5703, displayName=artemis-build-agent-test], maxNumberOfConcurrentBuildJobs=1, numberOfCurrentBuildJobs=0, runningBuildJobs=[], status=IDLE, recentBuildJobs=null, publicSshKey=null]]
    23:43:02.711 | 566 localvc.event-13 | DEBUG | s.l.LocalCIWebsocketMessagingService : Sending message on topic /topic/admin/build-agent/artemis-build-agent-test: BuildAgentInformation[buildAgent=BuildAgentDTO[name=artemis-build-agent-test, memberAddress=[127.0.0.1]:5703, displayName=artemis-build-agent-test], maxNumberOfConcurrentBuildJobs=1, numberOfCurrentBuildJobs=0, runningBuildJobs=[], status=IDLE, recentBuildJobs=[BuildJobQueueItem[id=4621739576562326, name=SHORT43ACF76B02BC1044B80938509D14043FABDETSTEXC-LOCALCIINTSTUDENT1, buildAgent=BuildAgentDTO[name=artemis-build-agent-test, memberAddress=[127.0.0.1]:5703, displayName=artemis-build-agent-test], participationId=462, courseId=147, exerciseId=298, retryCount=0, priority=2, status=SUCCESSFUL, repositoryInfo=RepositoryInfo[repositoryName=short43acf76b02bc1044b80938509d14043fabdetstexc-localciintstudent1, repositoryType=user, triggeredByPushTo=user, assignmentRepositoryUri=http://localhost:49152/git/SHORT43ACF76B02BC1044B80938509D14043FABDETSTEXC/short43acf76b02bc1044b80938509d14043fabdetstexc-localciintstudent1.git, testRepositoryUri=http://localhost:49152/git/SHORT43ACF76B02BC1044B80938509D14043FABDETSTEXC/short43acf76b02bc1044b80938509d14043fabdetstexc-tests.git, solutionRepositoryUri=null, auxiliaryRepositoryUris=[Ljava.lang.String;@568c5b21, auxiliaryRepositoryCheckoutDirectories=[Ljava.lang.String;@39658938], jobTimingInfo=JobTimingInfo[submissionDate=2025-02-14T23:42:42.326978596Z[Etc/UTC], buildStartDate=2025-02-14T23:42:42.420147010Z[Etc/UTC], buildCompletionDate=2025-02-14T23:42:45.573855829Z[Etc/UTC], estimatedCompletionDate=2025-02-14T23:43:01.420129377Z[Etc/UTC], estimatedDuration=19], buildConfig=BuildConfig[buildScript=#!/bin/bash
cd /var/tmp/testing-dir
chmod +x ./gradlew
./gradlew clean test
, dockerImage=dummy-docker-image:latest, commitHashToBuild=a9c717ccf7bcbe9531d3eee21dbaeb5aab2ff971, assignmentCommitHash=a9c717ccf7bcbe9531d3eee21dbaeb5aab2ff971, testCommitHash=a9c717ccf7bcbe9531d3eee21dbaeb5aab2ff971, branch=main, programmingLanguage=JAVA, projectType=PLAIN_GRADLE, scaEnabled=false, sequentialTestRunsEnabled=false, resultPaths=[/var/tmp/testing-dir/**/test-results/test/*.xml], timeoutSeconds=0, assignmentCheckoutPath=null, testCheckoutPath=null, solutionCheckoutPath=null, dockerRunConfig=DockerRunConfig[isNetworkDisabled=true, env=[key=value]]], submissionResult=ResultDTO[id=132, completionDate=2025-02-14T23:42:45.519869118Z[Etc/UTC], successful=false, score=7.7, rated=true, submission=SubmissionDTO[id=119, submitted=true, type=MANUAL, exampleSubmission=null, submissionDate=2025-02-14T23:42:42.302762Z, commitHash=a9c717ccf7bcbe9531d3eee21dbaeb5aab2ff971, buildFailed=false, buildArtifact=false, participation=ParticipationDTO[id=462, testRun=false, type=programming, submissionCount=null, exercise=ParticipationExerciseDTO[id=298, exerciseType=PROGRAMMING, type=programming, assessmentType=AUTOMATIC, dueDate=2025-02-16T23:42:41.553955Z, assessmentDueDate=null, maxPoints=42.0, course=CourseDTO[id=147, accuracyOfScores=1]]], submissionExerciseType=programming, isProcessing=false, buildStartDate=null, estimatedCompletionDate=null], participation=ParticipationDTO[id=462, testRun=false, type=programming, submissionCount=null, exercise=ParticipationExerciseDTO[id=298, exerciseType=PROGRAMMING, type=programming, assessmentType=AUTOMATIC, dueDate=2025-02-16T23:42:41.553955Z, assessmentDueDate=null, maxPoints=42.0, course=CourseDTO[id=147, accuracyOfScores=1]]], feedbacks=[FeedbackDTO[id=67, text=null, detailText=The exercise expects a class with the name Context in the package testpackage. You did not implement the class in the exercise., hasLongFeedbackText=false, reference=null, credits=0.0, positive=false, type=AUTOMATIC, visibility=ALWAYS, testCase=TestCaseDTO[testName=null, id=13]], FeedbackDTO[id=68, text=null, detailText=The exercise expects a class with the name Policy in the package testpackage. You did not implement the class in the exercise., hasLongFeedbackText=false, reference=null, credits=0.0, positive=false, type=AUTOMATIC, visibility=ALWAYS, testCase=TestCaseDTO[testName=null, id=14]], FeedbackDTO[id=69, text=null, detailText=The exercise expects a class with the name SortStrategy in the package testpackage. You did not implement the class in the exercise., hasLongFeedbackText=false, reference=null, credits=0.0, positive=false, type=AUTOMATIC, visibility=ALWAYS, testCase=TestCaseDTO[testName=null, id=15]], FeedbackDTO[id=70, text=null, detailText=The class 'MergeSort' does not implement the interface 'SortStrategy' as expected. Implement the interface and its methods., hasLongFeedbackText=false, reference=null, credits=0.0, positive=false, type=AUTOMATIC, visibility=ALWAYS, testCase=TestCaseDTO[testName=null, id=10]], FeedbackDTO[id=71, text=null, detailText=The exercise expects a class with the name SortStrategy in the package testpackage. You did not implement the class in the exercise., hasLongFeedbackText=false, reference=null, credits=0.0, positive=false, type=AUTOMATIC, visibility=ALWAYS, testCase=TestCaseDTO[testName=null, id=7]], FeedbackDTO[id=72, text=null, detailText=The class 'BubbleSort' does not implement the interface 'SortStrategy' as expected. Implement the interface and its methods., hasLongFeedbackText=false, reference=null, credits=0.0, positive=false, type=AUTOMATIC, visibility=ALWAYS, testCase=TestCaseDTO[testName=null, id=11]], FeedbackDTO[id=73, text=null, detailText=MergeSort does not sort correctly, hasLongFeedbackText=false, reference=null, credits=0.0, positive=false, type=AUTOMATIC, visibility=ALWAYS, testCase=TestCaseDTO[testName=null, id=16]], FeedbackDTO[id=74, text=null, detailText=The class 'Context' was not found within the submission. Make sure to implement it properly., hasLongFeedbackText=false, reference=null, credits=0.0, positive=false, type=AUTOMATIC, visibility=ALWAYS, testCase=TestCaseDTO[testName=null, id=17]], FeedbackDTO[id=75, text=null, detailText=The class 'Context' was not found within the submission. Make sure to implement it properly., hasLongFeedbackText=false, reference=null, credits=0.0, positive=false, type=AUTOMATIC, visibility=ALWAYS, testCase=TestCaseDTO[testName=null, id=18]], FeedbackDTO[id=76, text=null, detailText=The exercise expects a class with the name Policy in the package testpackage. You did not implement the class in the exercise., hasLongFeedbackText=false, reference=null, credits=0.0, positive=false, type=AUTOMATIC, visibility=ALWAYS, testCase=TestCaseDTO[testName=null, id=12]], FeedbackDTO[id=77, text=null, detailText=The exercise expects a class with the name Context in the package testpackage. You did not implement the class in the exercise., hasLongFeedbackText=false, reference=null, credits=0.0, positive=false, type=AUTOMATIC, visibility=ALWAYS, testCase=TestCaseDTO[testName=null, id=8]], FeedbackDTO[id=78, text=null, detailText=The exercise expects a class with the name Policy in the package testpackage. You did not implement the class in the exercise., hasLongFeedbackText=false, reference=null, credits=0.0, positive=false, type=AUTOMATIC, visibility=ALWAYS, testCase=TestCaseDTO[testName=null, id=9]], FeedbackDTO[id=79, text=null, detailText=null, hasLongFeedbackText=false, reference=null, credits=3.230769230769231, positive=true, type=AUTOMATIC, visibility=ALWAYS, testCase=TestCaseDTO[testName=null, id=19]]], assessmentType=AUTOMATIC, hasComplaint=null, exampleResult=null, testCaseCount=13, passedTestCaseCount=1, codeIssueCount=0]], BuildJobQueueItem[id=4651739576569330, name=SHORTB06DD3F905F4604F6E085260D83ED657A6DFTSTEXC-LOCALCIINTSTUDENT1, buildAgent=BuildAgentDTO[name=artemis-build-agent-test, memberAddress=[127.0.0.1]:5703, displayName=artemis-build-agent-test], participationId=465, courseId=148, exerciseId=299, retryCount=0, priority=2, status=SUCCESSFUL, repositoryInfo=RepositoryInfo[repositoryName=shortb06dd3f905f4604f6e085260d83ed657a6dftstexc-localciintstudent1, repositoryType=user, triggeredByPushTo=user, assignmentRepositoryUri=http://localhost:49152/git/SHORTB06DD3F905F4604F6E085260D83ED657A6DFTSTEXC/shortb06dd3f905f4604f6e085260d83ed657a6dftstexc-localciintstudent1.git, testRepositoryUri=http://localhost:49152/git/SHORTB06DD3F905F4604F6E085260D83ED657A6DFTSTEXC/shortb06dd3f905f4604f6e085260d83ed657a6dftstexc-tests.git, solutionRepositoryUri=null, auxiliaryRepositoryUris=[Ljava.lang.String;@74e48c77, auxiliaryRepositoryCheckoutDirectories=[Ljava.lang.String;@6c8b3acf], jobTimingInfo=JobTimingInfo[submissionDate=2025-02-14T23:42:49.330093960Z[Etc/UTC], buildStartDate=2025-02-14T23:42:49.347797345Z[Etc/UTC], buildCompletionDate=2025-02-14T23:42:51.204319751Z[Etc/UTC], estimatedCompletionDate=2025-02-14T23:43:08.347788449Z[Etc/UTC], estimatedDuration=19], buildConfig=BuildConfig[buildScript=#!/bin/bash
cd /var/tmp/testing-dir
chmod +x ./gradlew
./gradlew clean test
, dockerImage=dummy-docker-image:latest, commitHashToBuild=41581fff25954d36cf07586926ee0c77d1003131, assignmentCommitHash=41581fff25954d36cf07586926ee0c77d1003131, testCommitHash=41581fff25954d36cf07586926ee0c77d1003131, branch=main, programmingLanguage=JAVA, projectType=PLAIN_GRADLE, scaEnabled=false, sequentialTestRunsEnabled=false, resultPaths=[/var/tmp/testing-dir/**/test-results/test/*.xml], timeoutSeconds=0, assignmentCheckoutPath=null, testCheckoutPath=null, solutionCheckoutPath=null, dockerRunConfig=null], submissionResult=ResultDTO[id=133, completionDate=2025-02-14T23:42:51.155372920Z[Etc/UTC], successful=false, score=7.7, rated=true, submission=SubmissionDTO[id=120, submitted=true, type=MANUAL, exampleSubmission=null, submissionDate=2025-02-14T23:42:49.321855Z, commitHash=41581fff25954d36cf07586926ee0c77d1003131, buildFailed=false, buildArtifact=false, participation=ParticipationDTO[id=465, testRun=false, type=programming, submissionCount=null, exercise=ParticipationExerciseDTO[id=299, exerciseType=PROGRAMMING, type=programming, assessmentType=AUTOMATIC, dueDate=2025-02-16T23:42:49.163661Z, assessmentDueDate=null, maxPoints=42.0, course=CourseDTO[id=148, accuracyOfScores=1]]], submissionExerciseType=programming, isProcessing=false, buildStartDate=null, estimatedCompletionDate=null], participation=ParticipationDTO[id=465, testRun=false, type=programming, submissionCount=null, exercise=ParticipationExerciseDTO[id=299, exerciseType=PROGRAMMING, type=programming, assessmentType=AUTOMATIC, dueDate=2025-02-16T23:42:49.163661Z, assessmentDueDate=null, maxPoints=42.0, course=CourseDTO[id=148, accuracyOfScores=1]]], feedbacks=[FeedbackDTO[id=80, text=null, detailText=The exercise expects a class with the name Context in the package testpackage. You did not implement the class in the exercise., hasLongFeedbackText=false, reference=null, credits=0.0, positive=false, type=AUTOMATIC, visibility=ALWAYS, testCase=TestCaseDTO[testName=null, id=26]], FeedbackDTO[id=81, text=null, detailText=The exercise expects a class with the name Policy in the package testpackage. You did not implement the class in the exercise., hasLongFeedbackText=false, reference=null, credits=0.0, positive=false, type=AUTOMATIC, visibility=ALWAYS, testCase=TestCaseDTO[testName=null, id=27]], FeedbackDTO[id=82, text=null, detailText=The exercise expects a class with the name SortStrategy in the package testpackage. You did not implement the class in the exercise., hasLongFeedbackText=false, reference=null, credits=0.0, positive=false, type=AUTOMATIC, visibility=ALWAYS, testCase=TestCaseDTO[testName=null, id=28]], FeedbackDTO[id=83, text=null, detailText=The class 'MergeSort' does not implement the interface 'SortStrategy' as expected. Implement the interface and its methods., hasLongFeedbackText=false, reference=null, credits=0.0, positive=false, type=AUTOMATIC, visibility=ALWAYS, testCase=TestCaseDTO[testName=null, id=23]], FeedbackDTO[id=84, text=null, detailText=The exercise expects a class with the name SortStrategy in the package testpackage. You did not implement the class in the exercise., hasLongFeedbackText=false, reference=null, credits=0.0, positive=false, type=AUTOMATIC, visibility=ALWAYS, testCase=TestCaseDTO[testName=null, id=20]], FeedbackDTO[id=85, text=null, detailText=The class 'BubbleSort' does not implement the interface 'SortStrategy' as expected. Implement the interface and its methods., hasLongFeedbackText=false, reference=null, credits=0.0, positive=false, type=AUTOMATIC, visibility=ALWAYS, testCase=TestCaseDTO[testName=null, id=24]], FeedbackDTO[id=86, text=null, detailText=MergeSort does not sort correctly, hasLongFeedbackText=false, reference=null, credits=0.0, positive=false, type=AUTOMATIC, visibility=ALWAYS, testCase=TestCaseDTO[testName=null, id=29]], FeedbackDTO[id=87, text=null, detailText=The class 'Context' was not found within the submission. Make sure to implement it properly., hasLongFeedbackText=false, reference=null, credits=0.0, positive=false, type=AUTOMATIC, visibility=ALWAYS, testCase=TestCaseDTO[testName=null, id=30]], FeedbackDTO[id=88, text=null, detailText=The class 'Context' was not found within the submission. Make sure to implement it properly., hasLongFeedbackText=false, reference=null, credits=0.0, positive=false, type=AUTOMATIC, visibility=ALWAYS, testCase=TestCaseDTO[testName=null, id=31]], FeedbackDTO[id=89, text=null, detailText=The exercise expects a class with the name Policy in the package testpackage. You did not implement the class in the exercise., hasLongFeedbackText=false, reference=null, credits=0.0, positive=false, type=AUTOMATIC, visibility=ALWAYS, testCase=TestCaseDTO[testName=null, id=25]], FeedbackDTO[id=90, text=null, detailText=The exercise expects a class with the name Context in the package testpackage. You did not implement the class in the exercise., hasLongFeedbackText=false, reference=null, credits=0.0, positive=false, type=AUTOMATIC, visibility=ALWAYS, testCase=TestCaseDTO[testName=null, id=21]], FeedbackDTO[id=91, text=null, detailText=The exercise expects a class with the name Policy in the package testpackage. You did not implement the class in the exercise., hasLongFeedbackText=false, reference=null, credits=0.0, positive=false, type=AUTOMATIC, visibility=ALWAYS, testCase=TestCaseDTO[testName=null, id=22]], FeedbackDTO[id=92, text=null, detailText=null, hasLongFeedbackText=false, reference=null, credits=3.230769230769231, positive=true, type=AUTOMATIC, visibility=ALWAYS, testCase=TestCaseDTO[testName=null, id=32]]], assessmentType=AUTOMATIC, hasComplaint=null, exampleResult=null, testCaseCount=13, passedTestCaseCount=1, codeIssueCount=0]], BuildJobQueueItem[id=4681739576573068, name=SHORTBCF65534040390488B0A46605F5F3776B89ATSTEXC-LOCALCIINTSTUDENT1, buildAgent=BuildAgentDTO[name=artemis-build-agent-test, memberAddress=[127.0.0.1]:5703, displayName=artemis-build-agent-test], participationId=468, courseId=149, exerciseId=300, retryCount=0, priority=2, status=SUCCESSFUL, repositoryInfo=RepositoryInfo[repositoryName=shortbcf65534040390488b0a46605f5f3776b89atstexc-localciintstudent1, repositoryType=user, triggeredByPushTo=user, assignmentRepositoryUri=http://localhost:49152/git/SHORTBCF65534040390488B0A46605F5F3776B89ATSTEXC/shortbcf65534040390488b0a46605f5f3776b89atstexc-localciintstudent1.git, testRepositoryUri=http://localhost:49152/git/SHORTBCF65534040390488B0A46605F5F3776B89ATSTEXC/shortbcf65534040390488b0a46605f5f3776b89atstexc-tests.git, solutionRepositoryUri=null, auxiliaryRepositoryUris=[Ljava.lang.String;@586a212c, auxiliaryRepositoryCheckoutDirectories=[Ljava.lang.String;@4d534f50], jobTimingInfo=JobTimingInfo[submissionDate=2025-02-14T23:42:53.068019209Z[Etc/UTC], buildStartDate=2025-02-14T23:42:53.092867394Z[Etc/UTC], buildCompletionDate=2025-02-14T23:42:55.086950323Z[Etc/UTC], estimatedCompletionDate=2025-02-14T23:43:12.092858828Z[Etc/UTC], estimatedDuration=19], buildConfig=BuildConfig[buildScript=#!/bin/bash
cd /var/tmp/testing-dir
chmod +x ./gradlew
./gradlew clean test
, dockerImage=dummy-docker-image:latest, commitHashToBuild=2d5c0482fc77d3f5ec0841962528a43054e83170, assignmentCommitHash=2d5c0482fc77d3f5ec0841962528a43054e83170, testCommitHash=7477e25d56ce5fee2c938542a7e7ed4ed085d373, branch=main, programmingLanguage=JAVA, projectType=PLAIN_GRADLE, scaEnabled=false, sequentialTestRunsEnabled=false, resultPaths=[/var/tmp/testing-dir/**/test-results/test/*.xml], timeoutSeconds=0, assignmentCheckoutPath=null, testCheckoutPath=null, solutionCheckoutPath=null, dockerRunConfig=null], submissionResult=ResultDTO[id=134, completionDate=2025-02-14T23:42:55.059618627Z[Etc/UTC], successful=false, score=7.7, rated=true, submission=SubmissionDTO[id=121, submitted=true, type=MANUAL, exampleSubmission=null, submissionDate=2025-02-14T23:42:53.048221Z, commitHash=2d5c0482fc77d3f5ec0841962528a43054e83170, buildFailed=false, buildArtifact=false, participation=ParticipationDTO[id=468, testRun=false, type=programming, submissionCount=null, exercise=ParticipationExerciseDTO[id=300, exerciseType=PROGRAMMING, type=programming, assessmentType=AUTOMATIC, dueDate=2025-02-16T23:42:52.873722Z, assessmentDueDate=null, maxPoints=42.0, course=CourseDTO[id=149, accuracyOfScores=1]]], submissionExerciseType=programming, isProcessing=false, buildStartDate=null, estimatedCompletionDate=null], participation=ParticipationDTO[id=468, testRun=false, type=programming, submissionCount=null, exercise=ParticipationExerciseDTO[id=300, exerciseType=PROGRAMMING, type=programming, assessmentType=AUTOMATIC, dueDate=2025-02-16T23:42:52.873722Z, assessmentDueDate=null, maxPoints=42.0, course=CourseDTO[id=149, accuracyOfScores=1]]], feedbacks=[FeedbackDTO[id=93, text=null, detailText=The exercise expects a class with the name Context in the package testpackage. You did not implement the class in the exercise., hasLongFeedbackText=false, reference=null, credits=0.0, positive=false, type=AUTOMATIC, visibility=ALWAYS, testCase=TestCaseDTO[testName=null, id=39]], FeedbackDTO[id=94, text=null, detailText=The exercise expects a class with the name Policy in the package testpackage. You did not implement the class in the exercise., hasLongFeedbackText=false, reference=null, credits=0.0, positive=false, type=AUTOMATIC, visibility=ALWAYS, testCase=TestCaseDTO[testName=null, id=40]], FeedbackDTO[id=95, text=null, detailText=The exercise expects a class with the name SortStrategy in the package testpackage. You did not implement the class in the exercise., hasLongFeedbackText=false, reference=null, credits=0.0, positive=false, type=AUTOMATIC, visibility=ALWAYS, testCase=TestCaseDTO[testName=null, id=41]], FeedbackDTO[id=96, text=null, detailText=The class 'MergeSort' does not implement the interface 'SortStrategy' as expected. Implement the interface and its methods., hasLongFeedbackText=false, reference=null, credits=0.0, positive=false, type=AUTOMATIC, visibility=ALWAYS, testCase=TestCaseDTO[testName=null, id=36]], FeedbackDTO[id=97, text=null, detailText=The exercise expects a class with the name SortStrategy in the package testpackage. You did not implement the class in the exercise., hasLongFeedbackText=false, reference=null, credits=0.0, positive=false, type=AUTOMATIC, visibility=ALWAYS, testCase=TestCaseDTO[testName=null, id=33]], FeedbackDTO[id=98, text=null, detailText=The class 'BubbleSort' does not implement the interface 'SortStrategy' as expected. Implement the interface and its methods., hasLongFeedbackText=false, reference=null, credits=0.0, positive=false, type=AUTOMATIC, visibility=ALWAYS, testCase=TestCaseDTO[testName=null, id=37]], FeedbackDTO[id=99, text=null, detailText=MergeSort does not sort correctly, hasLongFeedbackText=false, reference=null, credits=0.0, positive=false, type=AUTOMATIC, visibility=ALWAYS, testCase=TestCaseDTO[testName=null, id=42]], FeedbackDTO[id=100, text=null, detailText=The class 'Context' was not found within the submission. Make sure to implement it properly., hasLongFeedbackText=false, reference=null, credits=0.0, positive=false, type=AUTOMATIC, visibility=ALWAYS, testCase=TestCaseDTO[testName=null, id=43]], FeedbackDTO[id=101, text=null, detailText=The class 'Context' was not found within the submission. Make sure to implement it properly., hasLongFeedbackText=false, reference=null, credits=0.0, positive=false, type=AUTOMATIC, visibility=ALWAYS, testCase=TestCaseDTO[testName=null, id=44]], FeedbackDTO[id=102, text=null, detailText=The exercise expects a class with the name Policy in the package testpackage. You did not implement the class in the exercise., hasLongFeedbackText=false, reference=null, credits=0.0, positive=false, type=AUTOMATIC, visibility=ALWAYS, testCase=TestCaseDTO[testName=null, id=38]], FeedbackDTO[id=103, text=null, detailText=The exercise expects a class with the name Context in the package testpackage. You did not implement the class in the exercise., hasLongFeedbackText=false, reference=null, credits=0.0, positive=false, type=AUTOMATIC, visibility=ALWAYS, testCase=TestCaseDTO[testName=null, id=34]], FeedbackDTO[id=104, text=null, detailText=The exercise expects a class with the name Policy in the package testpackage. You did not implement the class in the exercise., hasLongFeedbackText=false, reference=null, credits=0.0, positive=false, type=AUTOMATIC, visibility=ALWAYS, testCase=TestCaseDTO[testName=null, id=35]], FeedbackDTO[id=105, text=null, detailText=null, hasLongFeedbackText=false, reference=null, credits=3.230769230769231, positive=true, type=AUTOMATIC, visibility=ALWAYS, testCase=TestCaseDTO[testName=null, id=45]]], assessmentType=AUTOMATIC, hasComplaint=null, exampleResult=null, testCaseCount=13, passedTestCaseCount=1, codeIssueCount=0]], BuildJobQueueItem[id=4741739576577297, name=SHORT88A9A223023E2047B709E4A029FA08BCF2CFTSTEXC-LOCALCIINTSTUDENT1, buildAgent=BuildAgentDTO[name=artemis-build-agent-test, memberAddress=[127.0.0.1]:5703, displayName=artemis-build-agent-test], participationId=474, courseId=151, exerciseId=302, retryCount=0, priority=2, status=SUCCESSFUL, repositoryInfo=RepositoryInfo[repositoryName=short88a9a223023e2047b709e4a029fa08bcf2cftstexc-localciintstudent1, repositoryType=user, triggeredByPushTo=user, assignmentRepositoryUri=http://localhost:49152/git/SHORT88A9A223023E2047B709E4A029FA08BCF2CFTSTEXC/short88a9a223023e2047b709e4a029fa08bcf2cftstexc-localciintstudent1.git, testRepositoryUri=http://localhost:49152/git/SHORT88A9A223023E2047B709E4A029FA08BCF2CFTSTEXC/short88a9a223023e2047b709e4a029fa08bcf2cftstexc-tests.git, solutionRepositoryUri=null, auxiliaryRepositoryUris=[Ljava.lang.String;@1d84f5b9, auxiliaryRepositoryCheckoutDirectories=[Ljava.lang.String;@286ce984], jobTimingInfo=JobTimingInfo[submissionDate=2025-02-14T23:42:57.297342281Z[Etc/UTC], buildStartDate=2025-02-14T23:42:57.308570327Z[Etc/UTC], buildCompletionDate=2025-02-14T23:42:59.047616654Z[Etc/UTC], estimatedCompletionDate=2025-02-14T23:43:16.308558064Z[Etc/UTC], estimatedDuration=19], buildConfig=BuildConfig[buildScript=#!/bin/bash
cd /var/tmp/testing-dir
chmod +x ./gradlew
./gradlew clean test
, dockerImage=dummy-docker-image:latest, commitHashToBuild=736cbea1e46d6849b41266b2bf1cccd3b9ea55b1, assignmentCommitHash=736cbea1e46d6849b41266b2bf1cccd3b9ea55b1, testCommitHash=ea6267edd396a304305339b036512b63e0374c66, branch=main, programmingLanguage=JAVA, projectType=PLAIN_GRADLE, scaEnabled=false, sequentialTestRunsEnabled=false, resultPaths=[/var/tmp/testing-dir/**/test-results/test/*.xml], timeoutSeconds=0, assignmentCheckoutPath=null, testCheckoutPath=null, solutionCheckoutPath=null, dockerRunConfig=null], submissionResult=ResultDTO[id=135, completionDate=2025-02-14T23:42:59.014168821Z[Etc/UTC], successful=false, score=7.7, rated=true, submission=SubmissionDTO[id=123, submitted=true, type=MANUAL, exampleSubmission=null, submissionDate=2025-02-14T23:42:57.278471Z, commitHash=736cbea1e46d6849b41266b2bf1cccd3b9ea55b1, buildFailed=false, buildArtifact=false, participation=ParticipationDTO[id=474, testRun=false, type=programming, submissionCount=null, exercise=ParticipationExerciseDTO[id=302, exerciseType=PROGRAMMING, type=programming, assessmentType=AUTOMATIC, dueDate=2025-02-16T23:42:56.796251Z, assessmentDueDate=null, maxPoints=42.0, course=CourseDTO[id=151, accuracyOfScores=1]]], submissionExerciseType=programming, isProcessing=false, buildStartDate=null, estimatedCompletionDate=null], participation=ParticipationDTO[id=474, testRun=false, type=programming, submissionCount=null, exercise=ParticipationExerciseDTO[id=302, exerciseType=PROGRAMMING, type=programming, assessmentType=AUTOMATIC, dueDate=2025-02-16T23:42:56.796251Z, assessmentDueDate=null, maxPoints=42.0, course=CourseDTO[id=151, accuracyOfScores=1]]], feedbacks=[FeedbackDTO[id=106, text=null, detailText=The exercise expects a class with the name Context in the package testpackage. You did not implement the class in the exercise., hasLongFeedbackText=false, reference=null, credits=0.0, positive=false, type=AUTOMATIC, visibility=ALWAYS, testCase=TestCaseDTO[testName=null, id=65]], FeedbackDTO[id=107, text=null, detailText=The exercise expects a class with the name Policy in the package testpackage. You did not implement the class in the exercise., hasLongFeedbackText=false, reference=null, credits=0.0, positive=false, type=AUTOMATIC, visibility=ALWAYS, testCase=TestCaseDTO[testName=null, id=66]], FeedbackDTO[id=108, text=null, detailText=The exercise expects a class with the name SortStrategy in the package testpackage. You did not implement the class in the exercise., hasLongFeedbackText=false, reference=null, credits=0.0, positive=false, type=AUTOMATIC, visibility=ALWAYS, testCase=TestCaseDTO[testName=null, id=67]], FeedbackDTO[id=109, text=null, detailText=The class 'MergeSort' does not implement the interface 'SortStrategy' as expected. Implement the interface and its methods., hasLongFeedbackText=false, reference=null, credits=0.0, positive=false, type=AUTOMATIC, visibility=ALWAYS, testCase=TestCaseDTO[testName=null, id=62]], FeedbackDTO[id=110, text=null, detailText=The exercise expects a class with the name SortStrategy in the package testpackage. You did not implement the class in the exercise., hasLongFeedbackText=false, reference=null, credits=0.0, positive=false, type=AUTOMATIC, visibility=ALWAYS, testCase=TestCaseDTO[testName=null, id=59]], FeedbackDTO[id=111, text=null, detailText=The class 'BubbleSort' does not implement the interface 'SortStrategy' as expected. Implement the interface and its methods., hasLongFeedbackText=false, reference=null, credits=0.0, positive=false, type=AUTOMATIC, visibility=ALWAYS, testCase=TestCaseDTO[testName=null, id=63]], FeedbackDTO[id=112, text=null, detailText=MergeSort does not sort correctly, hasLongFeedbackText=false, reference=null, credits=0.0, positive=false, type=AUTOMATIC, visibility=ALWAYS, testCase=TestCaseDTO[testName=null, id=68]], FeedbackDTO[id=113, text=null, detailText=The class 'Context' was not found within the submission. Make sure to implement it properly., hasLongFeedbackText=false, reference=null, credits=0.0, positive=false, type=AUTOMATIC, visibility=ALWAYS, testCase=TestCaseDTO[testName=null, id=69]], FeedbackDTO[id=114, text=null, detailText=The class 'Context' was not found within the submission. Make sure to implement it properly., hasLongFeedbackText=false, reference=null, credits=0.0, positive=false, type=AUTOMATIC, visibility=ALWAYS, testCase=TestCaseDTO[testName=null, id=70]], FeedbackDTO[id=115, text=null, detailText=The exercise expects a class with the name Policy in the package testpackage. You did not implement the class in the exercise., hasLongFeedbackText=false, reference=null, credits=0.0, positive=false, type=AUTOMATIC, visibility=ALWAYS, testCase=TestCaseDTO[testName=null, id=64]], FeedbackDTO[id=116, text=null, detailText=The exercise expects a class with the name Context in the package testpackage. You did not implement the class in the exercise., hasLongFeedbackText=false, reference=null, credits=0.0, positive=false, type=AUTOMATIC, visibility=ALWAYS, testCase=TestCaseDTO[testName=null, id=60]], FeedbackDTO[id=117, text=null, detailText=The exercise expects a class with the name Policy in the package testpackage. You did not implement the class in the exercise., hasLongFeedbackText=false, reference=null, credits=0.0, positive=false, type=AUTOMATIC, visibility=ALWAYS, testCase=TestCaseDTO[testName=null, id=61]], FeedbackDTO[id=118, text=null, detailText=null, hasLongFeedbackText=false, reference=null, credits=3.230769230769231, positive=true, type=AUTOMATIC, visibility=ALWAYS, testCase=TestCaseDTO[testName=null, id=71]]], assessmentType=AUTOMATIC, hasComplaint=null, exampleResult=null, testCaseCount=13, passedTestCaseCount=1, codeIssueCount=0]], BuildJobQueueItem[id=4771739576580898, name=SHORT51E611E30D6B60466F0B8BA0AA97F58888C2TSTEXC-LOCALCIINTSTUDENT1, buildAgent=BuildAgentDTO[name=artemis-build-agent-test, memberAddress=[127.0.0.1]:5703, displayName=artemis-build-agent-test], participationId=477, courseId=152, exerciseId=303, retryCount=0, priority=2, status=SUCCESSFUL, repositoryInfo=RepositoryInfo[repositoryName=short51e611e30d6b60466f0b8ba0aa97f58888c2tstexc-localciintstudent1, repositoryType=user, triggeredByPushTo=user, assignmentRepositoryUri=http://localhost:49152/git/SHORT51E611E30D6B60466F0B8BA0AA97F58888C2TSTEXC/short51e611e30d6b60466f0b8ba0aa97f58888c2tstexc-localciintstudent1.git, testRepositoryUri=http://localhost:49152/git/SHORT51E611E30D6B60466F0B8BA0AA97F58888C2TSTEXC/short51e611e30d6b60466f0b8ba0aa97f58888c2tstexc-tests.git, solutionRepositoryUri=null, auxiliaryRepositoryUris=[Ljava.lang.String;@2106dee4, auxiliaryRepositoryCheckoutDirectories=[Ljava.lang.String;@76f82c5b], jobTimingInfo=JobTimingInfo[submissionDate=2025-02-14T23:43:00.898532688Z[Etc/UTC], buildStartDate=2025-02-14T23:43:00.905733056Z[Etc/UTC], buildCompletionDate=2025-02-14T23:43:02.692768910Z[Etc/UTC], estimatedCompletionDate=2025-02-14T23:43:19.905720463Z[Etc/UTC], estimatedDuration=19], buildConfig=BuildConfig[buildScript=#!/bin/bash
cd /var/tmp/testing-dir
chmod +x ./gradlew
./gradlew clean test
, dockerImage=dummy-docker-image:latest, commitHashToBuild=8f3057cbd462f5e3de4e6ba85115f60d8dbb5aea, assignmentCommitHash=8f3057cbd462f5e3de4e6ba85115f60d8dbb5aea, testCommitHash=8f3057cbd462f5e3de4e6ba85115f60d8dbb5aea, branch=main, programmingLanguage=JAVA, projectType=PLAIN_GRADLE, scaEnabled=true, sequentialTestRunsEnabled=false, resultPaths=[/var/tmp/testing-dir/**/test-results/test/*.xml], timeoutSeconds=0, assignmentCheckoutPath=null, testCheckoutPath=null, solutionCheckoutPath=null, dockerRunConfig=null], submissionResult=null]], publicSshKey=ssh-rsa AAAAB3NzaC1yc2EAAAADAQABAAACAQCOPdMsxRE2jFJ/UEa5/LsBxtwzJcrh3/rYBCQvcMeVpiRfhzQPWu7mrt/G2Ew+i+vRloGH9aqKg6dd1liRncao53Zmd/ePxoatXePNhmzTfkCkcSkTUz7B+QMjkoDDV5jwuFPD6mF3JkhuzSi64n9Zy905t4w2IhVcjM2mL3eYNjiCXt6Qpq3Pkt7dM/Ksw1nxnvuiIALuJLB3FTkXkHqq3PJav+9HSq2r6ZaWgekneaGxlQlb+U+Vy3XOuArKAzK8c8i+0bR+AHiTG6ncYXt7ax3U+TdlDTF7OLP3umwaYjs1NBXOHwG42pevvpKn2fqavZZozk+M05jXLx3bq0O7itxfErWc7etky8qYPyyIMF/txQIVLd78+Ze4d7Y60t5MGbXM5cGE6fFif5fEJwgswXD+BrG0cafz1CTatjSKFdvp8Vp4VszXhHDan1PrP6JEFJ5Cc5GDmLRZPCFa3vL9f5qXgf4bkqKN8MYeEujwJE5nMRWoiJVNakix2bcrrneQMBlnYeYZVWXXXUusAQBzl4NgddC1umZpihZkL1b1MffZAUW3EGEXi7KHnllQhkTLLsQ8ntMgbylqaJKStqaXlLvdeRJcEnUuiFCrHEVVbXRFZR7XVDZ02CE5o3MuaRPty8Kh+jRTF3COlAckHwYEJCNNJvXFgb2CNXL4mjzYDw== test@localhost]
    23:43:02.712 | 243 ol-1903-thread-1 | INFO  | d.t.c.a.a.e.s.StudentExamService     : SUCCESS: Start exercise for student exam 128 and exercise 639 and student examparticipationteststudent2
    23:43:02.712 | 566 localvc.event-13 | DEBUG | a.p.s.l.SharedQueueManagementService : Build agent updated: null
    23:43:02.719 | 243 ol-1903-thread-1 | INFO  | d.t.c.a.a.e.s.StudentExamService     : SUCCESS: Start exercise for student exam 128 and exercise 644 and student examparticipationteststudent2
    23:43:02.720 | 244 ol-1903-thread-2 | INFO  | d.t.c.a.a.e.s.StudentExamService     : SUCCESS: Start exercise for student exam 129 and exercise 650 and student examparticipationteststudent3
    23:43:02.721 | 566 localvc.event-13 | DEBUG | p.s.l.LocalCIResultProcessingService : Result of build job with id 4771739576580898 added to queue
    23:43:02.722 | 566 localvc.event-13 | INFO  | p.s.l.LocalCIResultProcessingService : Processing build job result with id 4771739576580898
    23:43:02.722 | 566 localvc.event-13 | DEBUG | p.s.l.LocalCIResultProcessingService : Build jobs waiting in queue: 0
    23:43:02.722 | 566 localvc.event-13 | DEBUG | p.s.l.LocalCIResultProcessingService : Queued build jobs: []
    23:43:02.724 | 566 localvc.event-13 | DEBUG | .s.ProgrammingExerciseGradingService : Received new build result (NEW) for participation 477
    23:43:02.726 | 243 ol-1903-thread-1 | INFO  | d.t.c.a.a.e.s.StudentExamService     : SUCCESS: Start exercise for student exam 128 and exercise 648 and student examparticipationteststudent2
    23:43:02.727 | 244 ol-1903-thread-2 | INFO  | d.t.c.a.a.e.s.StudentExamService     : SUCCESS: Start exercise for student exam 129 and exercise 642 and student examparticipationteststudent3
    23:43:02.733 | 244 ol-1903-thread-2 | INFO  | d.t.c.a.a.e.s.StudentExamService     : SUCCESS: Start exercise for student exam 129 and exercise 637 and student examparticipationteststudent3
    23:43:02.734 | 243 ol-1903-thread-1 | INFO  | d.t.c.a.a.e.s.StudentExamService     : SUCCESS: Start exercise for student exam 128 and exercise 640 and student examparticipationteststudent2
    23:43:02.740 | 244 ol-1903-thread-2 | INFO  | d.t.c.a.a.e.s.StudentExamService     : SUCCESS: Start exercise for student exam 129 and exercise 643 and student examparticipationteststudent3
    23:43:02.741 | 362 ool-1-worker-126 | INFO  | d.t.c.a.a.e.web.StudentExamResource  : Generated 8 participations in 46.08ms for student exams of exam 533
    23:43:02.743 | 362 ool-1-worker-126 | DEBUG | d.t.c.a.a.c.s.f.ApiVersionFilter     : Adding Version to Request GET /api/courses/228/exams/533/student-exams/start-exercises/status
    23:43:02.752 | 362 ool-1-worker-126 | DEBUG | d.t.c.a.a.c.s.f.ApiVersionFilter     : Adding Version to Request DELETE /api/courses/228/exams/533/students/examparticipationteststudent2
    23:43:02.752 | 362 ool-1-worker-126 | DEBUG | d.t.c.a.a.exam.web.ExamResource      : REST request to remove examparticipationteststudent2 as student from exam : 533
    23:43:02.762 | 362 ool-1-worker-126 | INFO  | .t.c.a.a.e.s.ExamRegistrationService : User examparticipationtestinstructor1 has removed user examparticipationteststudent2 from the exam Real exam 1 with id 533. This also deleted a potentially existing student exam with all its participations and submissions.
    23:43:02.764 | 362 ool-1-worker-126 | DEBUG | d.t.c.a.a.c.s.f.ApiVersionFilter     : Adding Version to Request GET /api/courses/228/exams/533
    23:43:02.764 | 362 ool-1-worker-126 | DEBUG | d.t.c.a.a.exam.web.ExamResource      : REST request to get exam : 533
    23:43:02.770 | 362 ool-1-worker-126 | DEBUG | d.t.c.a.a.c.s.f.ApiVersionFilter     : Adding Version to Request GET /api/courses/228/exams/533/student-exams
    23:43:02.771 | 362 ool-1-worker-126 | DEBUG | d.t.c.a.a.e.web.StudentExamResource  : REST request to get all student exams for exam : 533
    23:43:02.776 | 362 ool-1-worker-126 | DEBUG | d.t.c.a.a.c.s.f.ApiVersionFilter     : Adding Version to Request DELETE /api/courses/228/exams/533
    23:43:02.776 | 362 ool-1-worker-126 | INFO  | d.t.c.a.a.exam.web.ExamResource      : REST request to delete exam : 533
    23:43:02.781 | 362 ool-1-worker-126 | INFO  | d.t.c.a.a.e.s.ExamDeletionService    : User examparticipationtestinstructor1 has requested to delete the exam Real exam 1
    23:43:02.785 | 362 ool-1-worker-126 | INFO  | .t.c.a.a.e.s.ExerciseDeletionService : Request to delete TextExercise with id 637
    23:43:02.785 | 362 ool-1-worker-126 | INFO  | .t.c.a.a.e.s.ExerciseDeletionService : Deleting the channel took 313µs
    23:43:02.785 | 362 ool-1-worker-126 | INFO  | .t.c.a.a.e.s.ExerciseDeletionService : Cancel scheduled operations of exercise 637
    23:43:02.785 | 362 ool-1-worker-126 | INFO  | .c.s.m.InstanceMessageReceiveService : Received schedule cancel for potential Athena exercise 637
    23:43:02.787 | 362 ool-1-worker-126 | INFO  | d.t.c.a.a.e.s.ParticipationService   : Request to delete all 1 participations of exercise with id : 637
    23:43:02.788 | 362 ool-1-worker-126 | INFO  | d.t.c.a.a.e.s.ParticipationService   : Request to delete Participation : StudentParticipation{id=760, presentationScore=null, student=User{login='examparticipationteststudent3', firstName='examparticipationteststudent3First', lastName='examparticipationteststudent3Last', email='examparticipationteststudent3@test.de', imageUrl='null', activated='true', langKey='en', activationKey='null'}}
    23:43:02.788 | 362 ool-1-worker-126 | DEBUG | d.t.c.a.a.e.s.ParticipationService   : Request to delete all results and submissions of participation with id : 760
    23:43:02.793 | 566 localvc.event-13 | DEBUG | .c.s.m.InstanceMessageReceiveService : Received schedule participant score for exercise 303 and participant 37 (result to be deleted: null)
    23:43:02.795 | 566 localvc.event-13 | DEBUG | .a.s.ParticipantScoreScheduleService : Scheduled task for exercise 303 and participant 37 at 2025-02-14T23:43:02.895185877Z[Etc/UTC].
    23:43:02.796 | 566 localvc.event-13 | DEBUG | .a.a.p.s.ProgrammingMessagingService : Send result to client over websocket. Result: Result{id136, completionDate=2025-02-14T23:43:02.637820510Z[Etc/UTC], successful=false, score=7.7, rated=true, assessmentType=AUTOMATIC, hasComplaint=null, testCaseCount=13, passedTestCaseCount=1, codeIssueCount=15}, Submission: ProgrammingSubmission{commitHash='8f3057cbd462f5e3de4e6ba85115f60d8dbb5aea', buildFailed=false, buildArtifact=false, type=MANUAL}, Participation: ProgrammingExerciseStudentParticipation{id=477, repositoryUri='http://localhost:49152/git/SHORT51E611E30D6B60466F0B8BA0AA97F58888C2TSTEXC/short51e611e30d6b60466f0b8ba0aa97f58888c2tstexc-localciintstudent1.git', buildPlanId='SHORT51E611E30D6B60466F0B8BA0AA97F58888C2TSTEXC-LOCALCIINTSTUDENT1', initializationState='INITIALIZED', initializationDate='2025-02-14T23:43:00.866766Z', individualDueDate=null', presentationScore=null}
    23:43:02.801 | 362 ool-1-worker-126 | INFO  | .c.a.a.c.s.TitleCacheEvictionService : Evicted entry '637' from title cache 'exerciseTitle'
    23:43:02.803 | 362 ool-1-worker-126 | INFO  | .t.c.a.a.e.s.ExerciseDeletionService : Request to delete TextExercise with id 638
    23:43:02.803 | 362 ool-1-worker-126 | INFO  | .t.c.a.a.e.s.ExerciseDeletionService : Deleting the channel took 334µs
    23:43:02.803 | 362 ool-1-worker-126 | INFO  | .t.c.a.a.e.s.ExerciseDeletionService : Cancel scheduled operations of exercise 638
    23:43:02.803 | 362 ool-1-worker-126 | INFO  | .c.s.m.InstanceMessageReceiveService : Received schedule cancel for potential Athena exercise 638
    23:43:02.804 | 362 ool-1-worker-126 | INFO  | d.t.c.a.a.e.s.ParticipationService   : Request to delete all 0 participations of exercise with id : 638
    23:43:02.814 | 566 localvc.event-13 | DEBUG | d.t.c.a.a.p.s.BuildLogEntryService   : Saved build logs for build job 4771739576580898 to file /tmp/build-logs/short51e611e30d6b60466f0b8ba0aa97f58888c2/TSTEXC/4771739576580898.log
    23:43:02.814 | 362 ool-1-worker-126 | INFO  | .c.a.a.c.s.TitleCacheEvictionService : Evicted entry '638' from title cache 'exerciseTitle'
    23:43:02.814 | 566 localvc.event-13 | DEBUG | a.p.s.l.LocalCIQueueWebsocketService : CIBuildJobQueueItem removed from processing jobs: BuildJobQueueItem[id=4771739576580898, name=SHORT51E611E30D6B60466F0B8BA0AA97F58888C2TSTEXC-LOCALCIINTSTUDENT1, buildAgent=BuildAgentDTO[name=artemis-build-agent-test, memberAddress=[127.0.0.1]:5703, displayName=artemis-build-agent-test], participationId=477, courseId=152, exerciseId=303, retryCount=0, priority=2, status=null, repositoryInfo=RepositoryInfo[repositoryName=short51e611e30d6b60466f0b8ba0aa97f58888c2tstexc-localciintstudent1, repositoryType=user, triggeredByPushTo=user, assignmentRepositoryUri=http://localhost:49152/git/SHORT51E611E30D6B60466F0B8BA0AA97F58888C2TSTEXC/short51e611e30d6b60466f0b8ba0aa97f58888c2tstexc-localciintstudent1.git, testRepositoryUri=http://localhost:49152/git/SHORT51E611E30D6B60466F0B8BA0AA97F58888C2TSTEXC/short51e611e30d6b60466f0b8ba0aa97f58888c2tstexc-tests.git, solutionRepositoryUri=null, auxiliaryRepositoryUris=[Ljava.lang.String;@4ae80782, auxiliaryRepositoryCheckoutDirectories=[Ljava.lang.String;@71f1353], jobTimingInfo=JobTimingInfo[submissionDate=2025-02-14T23:43:00.898532688Z[Etc/UTC], buildStartDate=2025-02-14T23:43:00.905733056Z[Etc/UTC], buildCompletionDate=null, estimatedCompletionDate=2025-02-14T23:43:19.905720463Z[Etc/UTC], estimatedDuration=19], buildConfig=BuildConfig[buildScript=#!/bin/bash
cd /var/tmp/testing-dir
chmod +x ./gradlew
./gradlew clean test
, dockerImage=dummy-docker-image:latest, commitHashToBuild=8f3057cbd462f5e3de4e6ba85115f60d8dbb5aea, assignmentCommitHash=8f3057cbd462f5e3de4e6ba85115f60d8dbb5aea, testCommitHash=8f3057cbd462f5e3de4e6ba85115f60d8dbb5aea, branch=main, programmingLanguage=JAVA, projectType=PLAIN_GRADLE, scaEnabled=true, sequentialTestRunsEnabled=false, resultPaths=[/var/tmp/testing-dir/**/test-results/test/*.xml], timeoutSeconds=0, assignmentCheckoutPath=null, testCheckoutPath=null, solutionCheckoutPath=null, dockerRunConfig=null], submissionResult=null]
    23:43:02.815 | 566 localvc.event-13 | DEBUG | s.l.LocalCIWebsocketMessagingService : Sending message on topic /topic/admin/running-jobs: []
    23:43:02.816 | 362 ool-1-worker-126 | INFO  | .t.c.a.a.e.s.ExerciseDeletionService : Request to delete TextExercise with id 639
    23:43:02.816 | 362 ool-1-worker-126 | INFO  | .t.c.a.a.e.s.ExerciseDeletionService : Deleting the channel took 348µs
    23:43:02.816 | 362 ool-1-worker-126 | INFO  | .t.c.a.a.e.s.ExerciseDeletionService : Cancel scheduled operations of exercise 639
    23:43:02.817 | 362 ool-1-worker-126 | INFO  | .c.s.m.InstanceMessageReceiveService : Received schedule cancel for potential Athena exercise 639
    23:43:02.818 | 362 ool-1-worker-126 | INFO  | d.t.c.a.a.e.s.ParticipationService   : Request to delete all 1 participations of exercise with id : 639
    23:43:02.819 | 362 ool-1-worker-126 | INFO  | d.t.c.a.a.e.s.ParticipationService   : Request to delete Participation : StudentParticipation{id=754, presentationScore=null, student=User{login='examparticipationteststudent2', firstName='examparticipationteststudent2First', lastName='examparticipationteststudent2Last', email='examparticipationteststudent2@test.de', imageUrl='null', activated='true', langKey='en', activationKey='null'}}
    23:43:02.819 | 362 ool-1-worker-126 | DEBUG | d.t.c.a.a.e.s.ParticipationService   : Request to delete all results and submissions of participation with id : 754
    23:43:02.821 | 566 localvc.event-13 | DEBUG | s.l.LocalCIWebsocketMessagingService : Sending message on topic /topic/courses/152/running-jobs: []
    23:43:02.822 | 566 localvc.event-13 | DEBUG | a.p.s.l.LocalCIQueueWebsocketService : Build agent updated: BuildAgentInformation[buildAgent=BuildAgentDTO[name=artemis-build-agent-test, memberAddress=[127.0.0.1]:5703, displayName=artemis-build-agent-test], maxNumberOfConcurrentBuildJobs=1, numberOfCurrentBuildJobs=0, runningBuildJobs=[], status=IDLE, recentBuildJobs=[BuildJobQueueItem[id=4621739576562326, name=SHORT43ACF76B02BC1044B80938509D14043FABDETSTEXC-LOCALCIINTSTUDENT1, buildAgent=BuildAgentDTO[name=artemis-build-agent-test, memberAddress=[127.0.0.1]:5703, displayName=artemis-build-agent-test], participationId=462, courseId=147, exerciseId=298, retryCount=0, priority=2, status=SUCCESSFUL, repositoryInfo=RepositoryInfo[repositoryName=short43acf76b02bc1044b80938509d14043fabdetstexc-localciintstudent1, repositoryType=user, triggeredByPushTo=user, assignmentRepositoryUri=http://localhost:49152/git/SHORT43ACF76B02BC1044B80938509D14043FABDETSTEXC/short43acf76b02bc1044b80938509d14043fabdetstexc-localciintstudent1.git, testRepositoryUri=http://localhost:49152/git/SHORT43ACF76B02BC1044B80938509D14043FABDETSTEXC/short43acf76b02bc1044b80938509d14043fabdetstexc-tests.git, solutionRepositoryUri=null, auxiliaryRepositoryUris=[Ljava.lang.String;@48976256, auxiliaryRepositoryCheckoutDirectories=[Ljava.lang.String;@37ed659c], jobTimingInfo=JobTimingInfo[submissionDate=2025-02-14T23:42:42.326978596Z[Etc/UTC], buildStartDate=2025-02-14T23:42:42.420147010Z[Etc/UTC], buildCompletionDate=2025-02-14T23:42:45.573855829Z[Etc/UTC], estimatedCompletionDate=2025-02-14T23:43:01.420129377Z[Etc/UTC], estimatedDuration=19], buildConfig=BuildConfig[buildScript=#!/bin/bash
cd /var/tmp/testing-dir
chmod +x ./gradlew
./gradlew clean test
, dockerImage=dummy-docker-image:latest, commitHashToBuild=a9c717ccf7bcbe9531d3eee21dbaeb5aab2ff971, assignmentCommitHash=a9c717ccf7bcbe9531d3eee21dbaeb5aab2ff971, testCommitHash=a9c717ccf7bcbe9531d3eee21dbaeb5aab2ff971, branch=main, programmingLanguage=JAVA, projectType=PLAIN_GRADLE, scaEnabled=false, sequentialTestRunsEnabled=false, resultPaths=[/var/tmp/testing-dir/**/test-results/test/*.xml], timeoutSeconds=0, assignmentCheckoutPath=null, testCheckoutPath=null, solutionCheckoutPath=null, dockerRunConfig=DockerRunConfig[isNetworkDisabled=true, env=[key=value]]], submissionResult=ResultDTO[id=132, completionDate=2025-02-14T23:42:45.519869118Z[Etc/UTC], successful=false, score=7.7, rated=true, submission=SubmissionDTO[id=119, submitted=true, type=MANUAL, exampleSubmission=null, submissionDate=2025-02-14T23:42:42.302762Z, commitHash=a9c717ccf7bcbe9531d3eee21dbaeb5aab2ff971, buildFailed=false, buildArtifact=false, participation=ParticipationDTO[id=462, testRun=false, type=programming, submissionCount=null, exercise=ParticipationExerciseDTO[id=298, exerciseType=PROGRAMMING, type=programming, assessmentType=AUTOMATIC, dueDate=2025-02-16T23:42:41.553955Z, assessmentDueDate=null, maxPoints=42.0, course=CourseDTO[id=147, accuracyOfScores=1]]], submissionExerciseType=programming, isProcessing=false, buildStartDate=null, estimatedCompletionDate=null], participation=ParticipationDTO[id=462, testRun=false, type=programming, submissionCount=null, exercise=ParticipationExerciseDTO[id=298, exerciseType=PROGRAMMING, type=programming, assessmentType=AUTOMATIC, dueDate=2025-02-16T23:42:41.553955Z, assessmentDueDate=null, maxPoints=42.0, course=CourseDTO[id=147, accuracyOfScores=1]]], feedbacks=[FeedbackDTO[id=67, text=null, detailText=The exercise expects a class with the name Context in the package testpackage. You did not implement the class in the exercise., hasLongFeedbackText=false, reference=null, credits=0.0, positive=false, type=AUTOMATIC, visibility=ALWAYS, testCase=TestCaseDTO[testName=null, id=13]], FeedbackDTO[id=68, text=null, detailText=The exercise expects a class with the name Policy in the package testpackage. You did not implement the class in the exercise., hasLongFeedbackText=false, reference=null, credits=0.0, positive=false, type=AUTOMATIC, visibility=ALWAYS, testCase=TestCaseDTO[testName=null, id=14]], FeedbackDTO[id=69, text=null, detailText=The exercise expects a class with the name SortStrategy in the package testpackage. You did not implement the class in the exercise., hasLongFeedbackText=false, reference=null, credits=0.0, positive=false, type=AUTOMATIC, visibility=ALWAYS, testCase=TestCaseDTO[testName=null, id=15]], FeedbackDTO[id=70, text=null, detailText=The class 'MergeSort' does not implement the interface 'SortStrategy' as expected. Implement the interface and its methods., hasLongFeedbackText=false, reference=null, credits=0.0, positive=false, type=AUTOMATIC, visibility=ALWAYS, testCase=TestCaseDTO[testName=null, id=10]], FeedbackDTO[id=71, text=null, detailText=The exercise expects a class with the name SortStrategy in the package testpackage. You did not implement the class in the exercise., hasLongFeedbackText=false, reference=null, credits=0.0, positive=false, type=AUTOMATIC, visibility=ALWAYS, testCase=TestCaseDTO[testName=null, id=7]], FeedbackDTO[id=72, text=null, detailText=The class 'BubbleSort' does not implement the interface 'SortStrategy' as expected. Implement the interface and its methods., hasLongFeedbackText=false, reference=null, credits=0.0, positive=false, type=AUTOMATIC, visibility=ALWAYS, testCase=TestCaseDTO[testName=null, id=11]], FeedbackDTO[id=73, text=null, detailText=MergeSort does not sort correctly, hasLongFeedbackText=false, reference=null, credits=0.0, positive=false, type=AUTOMATIC, visibility=ALWAYS, testCase=TestCaseDTO[testName=null, id=16]], FeedbackDTO[id=74, text=null, detailText=The class 'Context' was not found within the submission. Make sure to implement it properly., hasLongFeedbackText=false, reference=null, credits=0.0, positive=false, type=AUTOMATIC, visibility=ALWAYS, testCase=TestCaseDTO[testName=null, id=17]], FeedbackDTO[id=75, text=null, detailText=The class 'Context' was not found within the submission. Make sure to implement it properly., hasLongFeedbackText=false, reference=null, credits=0.0, positive=false, type=AUTOMATIC, visibility=ALWAYS, testCase=TestCaseDTO[testName=null, id=18]], FeedbackDTO[id=76, text=null, detailText=The exercise expects a class with the name Policy in the package testpackage. You did not implement the class in the exercise., hasLongFeedbackText=false, reference=null, credits=0.0, positive=false, type=AUTOMATIC, visibility=ALWAYS, testCase=TestCaseDTO[testName=null, id=12]], FeedbackDTO[id=77, text=null, detailText=The exercise expects a class with the name Context in the package testpackage. You did not implement the class in the exercise., hasLongFeedbackText=false, reference=null, credits=0.0, positive=false, type=AUTOMATIC, visibility=ALWAYS, testCase=TestCaseDTO[testName=null, id=8]], FeedbackDTO[id=78, text=null, detailText=The exercise expects a class with the name Policy in the package testpackage. You did not implement the class in the exercise., hasLongFeedbackText=false, reference=null, credits=0.0, positive=false, type=AUTOMATIC, visibility=ALWAYS, testCase=TestCaseDTO[testName=null, id=9]], FeedbackDTO[id=79, text=null, detailText=null, hasLongFeedbackText=false, reference=null, credits=3.230769230769231, positive=true, type=AUTOMATIC, visibility=ALWAYS, testCase=TestCaseDTO[testName=null, id=19]]], assessmentType=AUTOMATIC, hasComplaint=null, exampleResult=null, testCaseCount=13, passedTestCaseCount=1, codeIssueCount=0]], BuildJobQueueItem[id=4651739576569330, name=SHORTB06DD3F905F4604F6E085260D83ED657A6DFTSTEXC-LOCALCIINTSTUDENT1, buildAgent=BuildAgentDTO[name=artemis-build-agent-test, memberAddress=[127.0.0.1]:5703, displayName=artemis-build-agent-test], participationId=465, courseId=148, exerciseId=299, retryCount=0, priority=2, status=SUCCESSFUL, repositoryInfo=RepositoryInfo[repositoryName=shortb06dd3f905f4604f6e085260d83ed657a6dftstexc-localciintstudent1, repositoryType=user, triggeredByPushTo=user, assignmentRepositoryUri=http://localhost:49152/git/SHORTB06DD3F905F4604F6E085260D83ED657A6DFTSTEXC/shortb06dd3f905f4604f6e085260d83ed657a6dftstexc-localciintstudent1.git, testRepositoryUri=http://localhost:49152/git/SHORTB06DD3F905F4604F6E085260D83ED657A6DFTSTEXC/shortb06dd3f905f4604f6e085260d83ed657a6dftstexc-tests.git, solutionRepositoryUri=null, auxiliaryRepositoryUris=[Ljava.lang.String;@65bd97c0, auxiliaryRepositoryCheckoutDirectories=[Ljava.lang.String;@6ab76704], jobTimingInfo=JobTimingInfo[submissionDate=2025-02-14T23:42:49.330093960Z[Etc/UTC], buildStartDate=2025-02-14T23:42:49.347797345Z[Etc/UTC], buildCompletionDate=2025-02-14T23:42:51.204319751Z[Etc/UTC], estimatedCompletionDate=2025-02-14T23:43:08.347788449Z[Etc/UTC], estimatedDuration=19], buildConfig=BuildConfig[buildScript=#!/bin/bash
cd /var/tmp/testing-dir
chmod +x ./gradlew
./gradlew clean test
, dockerImage=dummy-docker-image:latest, commitHashToBuild=41581fff25954d36cf07586926ee0c77d1003131, assignmentCommitHash=41581fff25954d36cf07586926ee0c77d1003131, testCommitHash=41581fff25954d36cf07586926ee0c77d1003131, branch=main, programmingLanguage=JAVA, projectType=PLAIN_GRADLE, scaEnabled=false, sequentialTestRunsEnabled=false, resultPaths=[/var/tmp/testing-dir/**/test-results/test/*.xml], timeoutSeconds=0, assignmentCheckoutPath=null, testCheckoutPath=null, solutionCheckoutPath=null, dockerRunConfig=null], submissionResult=ResultDTO[id=133, completionDate=2025-02-14T23:42:51.155372920Z[Etc/UTC], successful=false, score=7.7, rated=true, submission=SubmissionDTO[id=120, submitted=true, type=MANUAL, exampleSubmission=null, submissionDate=2025-02-14T23:42:49.321855Z, commitHash=41581fff25954d36cf07586926ee0c77d1003131, buildFailed=false, buildArtifact=false, participation=ParticipationDTO[id=465, testRun=false, type=programming, submissionCount=null, exercise=ParticipationExerciseDTO[id=299, exerciseType=PROGRAMMING, type=programming, assessmentType=AUTOMATIC, dueDate=2025-02-16T23:42:49.163661Z, assessmentDueDate=null, maxPoints=42.0, course=CourseDTO[id=148, accuracyOfScores=1]]], submissionExerciseType=programming, isProcessing=false, buildStartDate=null, estimatedCompletionDate=null], participation=ParticipationDTO[id=465, testRun=false, type=programming, submissionCount=null, exercise=ParticipationExerciseDTO[id=299, exerciseType=PROGRAMMING, type=programming, assessmentType=AUTOMATIC, dueDate=2025-02-16T23:42:49.163661Z, assessmentDueDate=null, maxPoints=42.0, course=CourseDTO[id=148, accuracyOfScores=1]]], feedbacks=[FeedbackDTO[id=80, text=null, detailText=The exercise expects a class with the name Context in the package testpackage. You did not implement the class in the exercise., hasLongFeedbackText=false, reference=null, credits=0.0, positive=false, type=AUTOMATIC, visibility=ALWAYS, testCase=TestCaseDTO[testName=null, id=26]], FeedbackDTO[id=81, text=null, detailText=The exercise expects a class with the name Policy in the package testpackage. You did not implement the class in the exercise., hasLongFeedbackText=false, reference=null, credits=0.0, positive=false, type=AUTOMATIC, visibility=ALWAYS, testCase=TestCaseDTO[testName=null, id=27]], FeedbackDTO[id=82, text=null, detailText=The exercise expects a class with the name SortStrategy in the package testpackage. You did not implement the class in the exercise., hasLongFeedbackText=false, reference=null, credits=0.0, positive=false, type=AUTOMATIC, visibility=ALWAYS, testCase=TestCaseDTO[testName=null, id=28]], FeedbackDTO[id=83, text=null, detailText=The class 'MergeSort' does not implement the interface 'SortStrategy' as expected. Implement the interface and its methods., hasLongFeedbackText=false, reference=null, credits=0.0, positive=false, type=AUTOMATIC, visibility=ALWAYS, testCase=TestCaseDTO[testName=null, id=23]], FeedbackDTO[id=84, text=null, detailText=The exercise expects a class with the name SortStrategy in the package testpackage. You did not implement the class in the exercise., hasLongFeedbackText=false, reference=null, credits=0.0, positive=false, type=AUTOMATIC, visibility=ALWAYS, testCase=TestCaseDTO[testName=null, id=20]], FeedbackDTO[id=85, text=null, detailText=The class 'BubbleSort' does not implement the interface 'SortStrategy' as expected. Implement the interface and its methods., hasLongFeedbackText=false, reference=null, credits=0.0, positive=false, type=AUTOMATIC, visibility=ALWAYS, testCase=TestCaseDTO[testName=null, id=24]], FeedbackDTO[id=86, text=null, detailText=MergeSort does not sort correctly, hasLongFeedbackText=false, reference=null, credits=0.0, positive=false, type=AUTOMATIC, visibility=ALWAYS, testCase=TestCaseDTO[testName=null, id=29]], FeedbackDTO[id=87, text=null, detailText=The class 'Context' was not found within the submission. Make sure to implement it properly., hasLongFeedbackText=false, reference=null, credits=0.0, positive=false, type=AUTOMATIC, visibility=ALWAYS, testCase=TestCaseDTO[testName=null, id=30]], FeedbackDTO[id=88, text=null, detailText=The class 'Context' was not found within the submission. Make sure to implement it properly., hasLongFeedbackText=false, reference=null, credits=0.0, positive=false, type=AUTOMATIC, visibility=ALWAYS, testCase=TestCaseDTO[testName=null, id=31]], FeedbackDTO[id=89, text=null, detailText=The exercise expects a class with the name Policy in the package testpackage. You did not implement the class in the exercise., hasLongFeedbackText=false, reference=null, credits=0.0, positive=false, type=AUTOMATIC, visibility=ALWAYS, testCase=TestCaseDTO[testName=null, id=25]], FeedbackDTO[id=90, text=null, detailText=The exercise expects a class with the name Context in the package testpackage. You did not implement the class in the exercise., hasLongFeedbackText=false, reference=null, credits=0.0, positive=false, type=AUTOMATIC, visibility=ALWAYS, testCase=TestCaseDTO[testName=null, id=21]], FeedbackDTO[id=91, text=null, detailText=The exercise expects a class with the name Policy in the package testpackage. You did not implement the class in the exercise., hasLongFeedbackText=false, reference=null, credits=0.0, positive=false, type=AUTOMATIC, visibility=ALWAYS, testCase=TestCaseDTO[testName=null, id=22]], FeedbackDTO[id=92, text=null, detailText=null, hasLongFeedbackText=false, reference=null, credits=3.230769230769231, positive=true, type=AUTOMATIC, visibility=ALWAYS, testCase=TestCaseDTO[testName=null, id=32]]], assessmentType=AUTOMATIC, hasComplaint=null, exampleResult=null, testCaseCount=13, passedTestCaseCount=1, codeIssueCount=0]], BuildJobQueueItem[id=4681739576573068, name=SHORTBCF65534040390488B0A46605F5F3776B89ATSTEXC-LOCALCIINTSTUDENT1, buildAgent=BuildAgentDTO[name=artemis-build-agent-test, memberAddress=[127.0.0.1]:5703, displayName=artemis-build-agent-test], participationId=468, courseId=149, exerciseId=300, retryCount=0, priority=2, status=SUCCESSFUL, repositoryInfo=RepositoryInfo[repositoryName=shortbcf65534040390488b0a46605f5f3776b89atstexc-localciintstudent1, repositoryType=user, triggeredByPushTo=user, assignmentRepositoryUri=http://localhost:49152/git/SHORTBCF65534040390488B0A46605F5F3776B89ATSTEXC/shortbcf65534040390488b0a46605f5f3776b89atstexc-localciintstudent1.git, testRepositoryUri=http://localhost:49152/git/SHORTBCF65534040390488B0A46605F5F3776B89ATSTEXC/shortbcf65534040390488b0a46605f5f3776b89atstexc-tests.git, solutionRepositoryUri=null, auxiliaryRepositoryUris=[Ljava.lang.String;@19c13dd6, auxiliaryRepositoryCheckoutDirectories=[Ljava.lang.String;@45dc6af7], jobTimingInfo=JobTimingInfo[submissionDate=2025-02-14T23:42:53.068019209Z[Etc/UTC], buildStartDate=2025-02-14T23:42:53.092867394Z[Etc/UTC], buildCompletionDate=2025-02-14T23:42:55.086950323Z[Etc/UTC], estimatedCompletionDate=2025-02-14T23:43:12.092858828Z[Etc/UTC], estimatedDuration=19], buildConfig=BuildConfig[buildScript=#!/bin/bash
cd /var/tmp/testing-dir
chmod +x ./gradlew
./gradlew clean test
, dockerImage=dummy-docker-image:latest, commitHashToBuild=2d5c0482fc77d3f5ec0841962528a43054e83170, assignmentCommitHash=2d5c0482fc77d3f5ec0841962528a43054e83170, testCommitHash=7477e25d56ce5fee2c938542a7e7ed4ed085d373, branch=main, programmingLanguage=JAVA, projectType=PLAIN_GRADLE, scaEnabled=false, sequentialTestRunsEnabled=false, resultPaths=[/var/tmp/testing-dir/**/test-results/test/*.xml], timeoutSeconds=0, assignmentCheckoutPath=null, testCheckoutPath=null, solutionCheckoutPath=null, dockerRunConfig=null], submissionResult=ResultDTO[id=134, completionDate=2025-02-14T23:42:55.059618627Z[Etc/UTC], successful=false, score=7.7, rated=true, submission=SubmissionDTO[id=121, submitted=true, type=MANUAL, exampleSubmission=null, submissionDate=2025-02-14T23:42:53.048221Z, commitHash=2d5c0482fc77d3f5ec0841962528a43054e83170, buildFailed=false, buildArtifact=false, participation=ParticipationDTO[id=468, testRun=false, type=programming, submissionCount=null, exercise=ParticipationExerciseDTO[id=300, exerciseType=PROGRAMMING, type=programming, assessmentType=AUTOMATIC, dueDate=2025-02-16T23:42:52.873722Z, assessmentDueDate=null, maxPoints=42.0, course=CourseDTO[id=149, accuracyOfScores=1]]], submissionExerciseType=programming, isProcessing=false, buildStartDate=null, estimatedCompletionDate=null], participation=ParticipationDTO[id=468, testRun=false, type=programming, submissionCount=null, exercise=ParticipationExerciseDTO[id=300, exerciseType=PROGRAMMING, type=programming, assessmentType=AUTOMATIC, dueDate=2025-02-16T23:42:52.873722Z, assessmentDueDate=null, maxPoints=42.0, course=CourseDTO[id=149, accuracyOfScores=1]]], feedbacks=[FeedbackDTO[id=93, text=null, detailText=The exercise expects a class with the name Context in the package testpackage. You did not implement the class in the exercise., hasLongFeedbackText=false, reference=null, credits=0.0, positive=false, type=AUTOMATIC, visibility=ALWAYS, testCase=TestCaseDTO[testName=null, id=39]], FeedbackDTO[id=94, text=null, detailText=The exercise expects a class with the name Policy in the package testpackage. You did not implement the class in the exercise., hasLongFeedbackText=false, reference=null, credits=0.0, positive=false, type=AUTOMATIC, visibility=ALWAYS, testCase=TestCaseDTO[testName=null, id=40]], FeedbackDTO[id=95, text=null, detailText=The exercise expects a class with the name SortStrategy in the package testpackage. You did not implement the class in the exercise., hasLongFeedbackText=false, reference=null, credits=0.0, positive=false, type=AUTOMATIC, visibility=ALWAYS, testCase=TestCaseDTO[testName=null, id=41]], FeedbackDTO[id=96, text=null, detailText=The class 'MergeSort' does not implement the interface 'SortStrategy' as expected. Implement the interface and its methods., hasLongFeedbackText=false, reference=null, credits=0.0, positive=false, type=AUTOMATIC, visibility=ALWAYS, testCase=TestCaseDTO[testName=null, id=36]], FeedbackDTO[id=97, text=null, detailText=The exercise expects a class with the name SortStrategy in the package testpackage. You did not implement the class in the exercise., hasLongFeedbackText=false, reference=null, credits=0.0, positive=false, type=AUTOMATIC, visibility=ALWAYS, testCase=TestCaseDTO[testName=null, id=33]], FeedbackDTO[id=98, text=null, detailText=The class 'BubbleSort' does not implement the interface 'SortStrategy' as expected. Implement the interface and its methods., hasLongFeedbackText=false, reference=null, credits=0.0, positive=false, type=AUTOMATIC, visibility=ALWAYS, testCase=TestCaseDTO[testName=null, id=37]], FeedbackDTO[id=99, text=null, detailText=MergeSort does not sort correctly, hasLongFeedbackText=false, reference=null, credits=0.0, positive=false, type=AUTOMATIC, visibility=ALWAYS, testCase=TestCaseDTO[testName=null, id=42]], FeedbackDTO[id=100, text=null, detailText=The class 'Context' was not found within the submission. Make sure to implement it properly., hasLongFeedbackText=false, reference=null, credits=0.0, positive=false, type=AUTOMATIC, visibility=ALWAYS, testCase=TestCaseDTO[testName=null, id=43]], FeedbackDTO[id=101, text=null, detailText=The class 'Context' was not found within the submission. Make sure to implement it properly., hasLongFeedbackText=false, reference=null, credits=0.0, positive=false, type=AUTOMATIC, visibility=ALWAYS, testCase=TestCaseDTO[testName=null, id=44]], FeedbackDTO[id=102, text=null, detailText=The exercise expects a class with the name Policy in the package testpackage. You did not implement the class in the exercise., hasLongFeedbackText=false, reference=null, credits=0.0, positive=false, type=AUTOMATIC, visibility=ALWAYS, testCase=TestCaseDTO[testName=null, id=38]], FeedbackDTO[id=103, text=null, detailText=The exercise expects a class with the name Context in the package testpackage. You did not implement the class in the exercise., hasLongFeedbackText=false, reference=null, credits=0.0, positive=false, type=AUTOMATIC, visibility=ALWAYS, testCase=TestCaseDTO[testName=null, id=34]], FeedbackDTO[id=104, text=null, detailText=The exercise expects a class with the name Policy in the package testpackage. You did not implement the class in the exercise., hasLongFeedbackText=false, reference=null, credits=0.0, positive=false, type=AUTOMATIC, visibility=ALWAYS, testCase=TestCaseDTO[testName=null, id=35]], FeedbackDTO[id=105, text=null, detailText=null, hasLongFeedbackText=false, reference=null, credits=3.230769230769231, positive=true, type=AUTOMATIC, visibility=ALWAYS, testCase=TestCaseDTO[testName=null, id=45]]], assessmentType=AUTOMATIC, hasComplaint=null, exampleResult=null, testCaseCount=13, passedTestCaseCount=1, codeIssueCount=0]], BuildJobQueueItem[id=4741739576577297, name=SHORT88A9A223023E2047B709E4A029FA08BCF2CFTSTEXC-LOCALCIINTSTUDENT1, buildAgent=BuildAgentDTO[name=artemis-build-agent-test, memberAddress=[127.0.0.1]:5703, displayName=artemis-build-agent-test], participationId=474, courseId=151, exerciseId=302, retryCount=0, priority=2, status=SUCCESSFUL, repositoryInfo=RepositoryInfo[repositoryName=short88a9a223023e2047b709e4a029fa08bcf2cftstexc-localciintstudent1, repositoryType=user, triggeredByPushTo=user, assignmentRepositoryUri=http://localhost:49152/git/SHORT88A9A223023E2047B709E4A029FA08BCF2CFTSTEXC/short88a9a223023e2047b709e4a029fa08bcf2cftstexc-localciintstudent1.git, testRepositoryUri=http://localhost:49152/git/SHORT88A9A223023E2047B709E4A029FA08BCF2CFTSTEXC/short88a9a223023e2047b709e4a029fa08bcf2cftstexc-tests.git, solutionRepositoryUri=null, auxiliaryRepositoryUris=[Ljava.lang.String;@4c56f61b, auxiliaryRepositoryCheckoutDirectories=[Ljava.lang.String;@1d0827d2], jobTimingInfo=JobTimingInfo[submissionDate=2025-02-14T23:42:57.297342281Z[Etc/UTC], buildStartDate=2025-02-14T23:42:57.308570327Z[Etc/UTC], buildCompletionDate=2025-02-14T23:42:59.047616654Z[Etc/UTC], estimatedCompletionDate=2025-02-14T23:43:16.308558064Z[Etc/UTC], estimatedDuration=19], buildConfig=BuildConfig[buildScript=#!/bin/bash
cd /var/tmp/testing-dir
chmod +x ./gradlew
./gradlew clean test
, dockerImage=dummy-docker-image:latest, commitHashToBuild=736cbea1e46d6849b41266b2bf1cccd3b9ea55b1, assignmentCommitHash=736cbea1e46d6849b41266b2bf1cccd3b9ea55b1, testCommitHash=ea6267edd396a304305339b036512b63e0374c66, branch=main, programmingLanguage=JAVA, projectType=PLAIN_GRADLE, scaEnabled=false, sequentialTestRunsEnabled=false, resultPaths=[/var/tmp/testing-dir/**/test-results/test/*.xml], timeoutSeconds=0, assignmentCheckoutPath=null, testCheckoutPath=null, solutionCheckoutPath=null, dockerRunConfig=null], submissionResult=ResultDTO[id=135, completionDate=2025-02-14T23:42:59.014168821Z[Etc/UTC], successful=false, score=7.7, rated=true, submission=SubmissionDTO[id=123, submitted=true, type=MANUAL, exampleSubmission=null, submissionDate=2025-02-14T23:42:57.278471Z, commitHash=736cbea1e46d6849b41266b2bf1cccd3b9ea55b1, buildFailed=false, buildArtifact=false, participation=ParticipationDTO[id=474, testRun=false, type=programming, submissionCount=null, exercise=ParticipationExerciseDTO[id=302, exerciseType=PROGRAMMING, type=programming, assessmentType=AUTOMATIC, dueDate=2025-02-16T23:42:56.796251Z, assessmentDueDate=null, maxPoints=42.0, course=CourseDTO[id=151, accuracyOfScores=1]]], submissionExerciseType=programming, isProcessing=false, buildStartDate=null, estimatedCompletionDate=null], participation=ParticipationDTO[id=474, testRun=false, type=programming, submissionCount=null, exercise=ParticipationExerciseDTO[id=302, exerciseType=PROGRAMMING, type=programming, assessmentType=AUTOMATIC, dueDate=2025-02-16T23:42:56.796251Z, assessmentDueDate=null, maxPoints=42.0, course=CourseDTO[id=151, accuracyOfScores=1]]], feedbacks=[FeedbackDTO[id=106, text=null, detailText=The exercise expects a class with the name Context in the package testpackage. You did not implement the class in the exercise., hasLongFeedbackText=false, reference=null, credits=0.0, positive=false, type=AUTOMATIC, visibility=ALWAYS, testCase=TestCaseDTO[testName=null, id=65]], FeedbackDTO[id=107, text=null, detailText=The exercise expects a class with the name Policy in the package testpackage. You did not implement the class in the exercise., hasLongFeedbackText=false, reference=null, credits=0.0, positive=false, type=AUTOMATIC, visibility=ALWAYS, testCase=TestCaseDTO[testName=null, id=66]], FeedbackDTO[id=108, text=null, detailText=The exercise expects a class with the name SortStrategy in the package testpackage. You did not implement the class in the exercise., hasLongFeedbackText=false, reference=null, credits=0.0, positive=false, type=AUTOMATIC, visibility=ALWAYS, testCase=TestCaseDTO[testName=null, id=67]], FeedbackDTO[id=109, text=null, detailText=The class 'MergeSort' does not implement the interface 'SortStrategy' as expected. Implement the interface and its methods., hasLongFeedbackText=false, reference=null, credits=0.0, positive=false, type=AUTOMATIC, visibility=ALWAYS, testCase=TestCaseDTO[testName=null, id=62]], FeedbackDTO[id=110, text=null, detailText=The exercise expects a class with the name SortStrategy in the package testpackage. You did not implement the class in the exercise., hasLongFeedbackText=false, reference=null, credits=0.0, positive=false, type=AUTOMATIC, visibility=ALWAYS, testCase=TestCaseDTO[testName=null, id=59]], FeedbackDTO[id=111, text=null, detailText=The class 'BubbleSort' does not implement the interface 'SortStrategy' as expected. Implement the interface and its methods., hasLongFeedbackText=false, reference=null, credits=0.0, positive=false, type=AUTOMATIC, visibility=ALWAYS, testCase=TestCaseDTO[testName=null, id=63]], FeedbackDTO[id=112, text=null, detailText=MergeSort does not sort correctly, hasLongFeedbackText=false, reference=null, credits=0.0, positive=false, type=AUTOMATIC, visibility=ALWAYS, testCase=TestCaseDTO[testName=null, id=68]], FeedbackDTO[id=113, text=null, detailText=The class 'Context' was not found within the submission. Make sure to implement it properly., hasLongFeedbackText=false, reference=null, credits=0.0, positive=false, type=AUTOMATIC, visibility=ALWAYS, testCase=TestCaseDTO[testName=null, id=69]], FeedbackDTO[id=114, text=null, detailText=The class 'Context' was not found within the submission. Make sure to implement it properly., hasLongFeedbackText=false, reference=null, credits=0.0, positive=false, type=AUTOMATIC, visibility=ALWAYS, testCase=TestCaseDTO[testName=null, id=70]], FeedbackDTO[id=115, text=null, detailText=The exercise expects a class with the name Policy in the package testpackage. You did not implement the class in the exercise., hasLongFeedbackText=false, reference=null, credits=0.0, positive=false, type=AUTOMATIC, visibility=ALWAYS, testCase=TestCaseDTO[testName=null, id=64]], FeedbackDTO[id=116, text=null, detailText=The exercise expects a class with the name Context in the package testpackage. You did not implement the class in the exercise., hasLongFeedbackText=false, reference=null, credits=0.0, positive=false, type=AUTOMATIC, visibility=ALWAYS, testCase=TestCaseDTO[testName=null, id=60]], FeedbackDTO[id=117, text=null, detailText=The exercise expects a class with the name Policy in the package testpackage. You did not implement the class in the exercise., hasLongFeedbackText=false, reference=null, credits=0.0, positive=false, type=AUTOMATIC, visibility=ALWAYS, testCase=TestCaseDTO[testName=null, id=61]], FeedbackDTO[id=118, text=null, detailText=null, hasLongFeedbackText=false, reference=null, credits=3.230769230769231, positive=true, type=AUTOMATIC, visibility=ALWAYS, testCase=TestCaseDTO[testName=null, id=71]]], assessmentType=AUTOMATIC, hasComplaint=null, exampleResult=null, testCaseCount=13, passedTestCaseCount=1, codeIssueCount=0]], BuildJobQueueItem[id=4771739576580898, name=SHORT51E611E30D6B60466F0B8BA0AA97F58888C2TSTEXC-LOCALCIINTSTUDENT1, buildAgent=BuildAgentDTO[name=artemis-build-agent-test, memberAddress=[127.0.0.1]:5703, displayName=artemis-build-agent-test], participationId=477, courseId=152, exerciseId=303, retryCount=0, priority=2, status=SUCCESSFUL, repositoryInfo=RepositoryInfo[repositoryName=short51e611e30d6b60466f0b8ba0aa97f58888c2tstexc-localciintstudent1, repositoryType=user, triggeredByPushTo=user, assignmentRepositoryUri=http://localhost:49152/git/SHORT51E611E30D6B60466F0B8BA0AA97F58888C2TSTEXC/short51e611e30d6b60466f0b8ba0aa97f58888c2tstexc-localciintstudent1.git, testRepositoryUri=http://localhost:49152/git/SHORT51E611E30D6B60466F0B8BA0AA97F58888C2TSTEXC/short51e611e30d6b60466f0b8ba0aa97f58888c2tstexc-tests.git, solutionRepositoryUri=null, auxiliaryRepositoryUris=[Ljava.lang.String;@db78628, auxiliaryRepositoryCheckoutDirectories=[Ljava.lang.String;@2b9acebb], jobTimingInfo=JobTimingInfo[submissionDate=2025-02-14T23:43:00.898532688Z[Etc/UTC], buildStartDate=2025-02-14T23:43:00.905733056Z[Etc/UTC], buildCompletionDate=2025-02-14T23:43:02.692768910Z[Etc/UTC], estimatedCompletionDate=2025-02-14T23:43:19.905720463Z[Etc/UTC], estimatedDuration=19], buildConfig=BuildConfig[buildScript=#!/bin/bash
cd /var/tmp/testing-dir
chmod +x ./gradlew
./gradlew clean test
, dockerImage=dummy-docker-image:latest, commitHashToBuild=8f3057cbd462f5e3de4e6ba85115f60d8dbb5aea, assignmentCommitHash=8f3057cbd462f5e3de4e6ba85115f60d8dbb5aea, testCommitHash=8f3057cbd462f5e3de4e6ba85115f60d8dbb5aea, branch=main, programmingLanguage=JAVA, projectType=PLAIN_GRADLE, scaEnabled=true, sequentialTestRunsEnabled=false, resultPaths=[/var/tmp/testing-dir/**/test-results/test/*.xml], timeoutSeconds=0, assignmentCheckoutPath=null, testCheckoutPath=null, solutionCheckoutPath=null, dockerRunConfig=null], submissionResult=null]], publicSshKey=ssh-rsa AAAAB3NzaC1yc2EAAAADAQABAAACAQCOPdMsxRE2jFJ/UEa5/LsBxtwzJcrh3/rYBCQvcMeVpiRfhzQPWu7mrt/G2Ew+i+vRloGH9aqKg6dd1liRncao53Zmd/ePxoatXePNhmzTfkCkcSkTUz7B+QMjkoDDV5jwuFPD6mF3JkhuzSi64n9Zy905t4w2IhVcjM2mL3eYNjiCXt6Qpq3Pkt7dM/Ksw1nxnvuiIALuJLB3FTkXkHqq3PJav+9HSq2r6ZaWgekneaGxlQlb+U+Vy3XOuArKAzK8c8i+0bR+AHiTG6ncYXt7ax3U+TdlDTF7OLP3umwaYjs1NBXOHwG42pevvpKn2fqavZZozk+M05jXLx3bq0O7itxfErWc7etky8qYPyyIMF/txQIVLd78+Ze4d7Y60t5MGbXM5cGE6fFif5fEJwgswXD+BrG0cafz1CTatjSKFdvp8Vp4VszXhHDan1PrP6JEFJ5Cc5GDmLRZPCFa3vL9f5qXgf4bkqKN8MYeEujwJE5nMRWoiJVNakix2bcrrneQMBlnYeYZVWXXXUusAQBzl4NgddC1umZpihZkL1b1MffZAUW3EGEXi7KHnllQhkTLLsQ8ntMgbylqaJKStqaXlLvdeRJcEnUuiFCrHEVVbXRFZR7XVDZ02CE5o3MuaRPty8Kh+jRTF3COlAckHwYEJCNNJvXFgb2CNXL4mjzYDw== test@localhost]
    23:43:02.829 | 566 localvc.event-13 | DEBUG | s.l.LocalCIWebsocketMessagingService : Sending message on topic /topic/admin/build-agents: [BuildAgentInformation[buildAgent=BuildAgentDTO[name=artemis-build-agent-test, memberAddress=[127.0.0.1]:5703, displayName=artemis-build-agent-test], maxNumberOfConcurrentBuildJobs=1, numberOfCurrentBuildJobs=0, runningBuildJobs=[], status=IDLE, recentBuildJobs=null, publicSshKey=null]]
    23:43:02.831 | 362 ool-1-worker-126 | INFO  | .c.a.a.c.s.TitleCacheEvictionService : Evicted entry '639' from title cache 'exerciseTitle'
    23:43:02.833 | 362 ool-1-worker-126 | INFO  | .t.c.a.a.e.s.ExerciseDeletionService : Request to delete TextExercise with id 640
    23:43:02.833 | 362 ool-1-worker-126 | INFO  | .t.c.a.a.e.s.ExerciseDeletionService : Deleting the channel took 350µs
    23:43:02.833 | 362 ool-1-worker-126 | INFO  | .t.c.a.a.e.s.ExerciseDeletionService : Cancel scheduled operations of exercise 640
    23:43:02.833 | 362 ool-1-worker-126 | INFO  | .c.s.m.InstanceMessageReceiveService : Received schedule cancel for potential Athena exercise 640
    23:43:02.834 | 362 ool-1-worker-126 | INFO  | d.t.c.a.a.e.s.ParticipationService   : Request to delete all 1 participations of exercise with id : 640
    23:43:02.835 | 566 localvc.event-13 | DEBUG | s.l.LocalCIWebsocketMessagingService : Sending message on topic /topic/admin/build-agent/artemis-build-agent-test: BuildAgentInformation[buildAgent=BuildAgentDTO[name=artemis-build-agent-test, memberAddress=[127.0.0.1]:5703, displayName=artemis-build-agent-test], maxNumberOfConcurrentBuildJobs=1, numberOfCurrentBuildJobs=0, runningBuildJobs=[], status=IDLE, recentBuildJobs=[BuildJobQueueItem[id=4621739576562326, name=SHORT43ACF76B02BC1044B80938509D14043FABDETSTEXC-LOCALCIINTSTUDENT1, buildAgent=BuildAgentDTO[name=artemis-build-agent-test, memberAddress=[127.0.0.1]:5703, displayName=artemis-build-agent-test], participationId=462, courseId=147, exerciseId=298, retryCount=0, priority=2, status=SUCCESSFUL, repositoryInfo=RepositoryInfo[repositoryName=short43acf76b02bc1044b80938509d14043fabdetstexc-localciintstudent1, repositoryType=user, triggeredByPushTo=user, assignmentRepositoryUri=http://localhost:49152/git/SHORT43ACF76B02BC1044B80938509D14043FABDETSTEXC/short43acf76b02bc1044b80938509d14043fabdetstexc-localciintstudent1.git, testRepositoryUri=http://localhost:49152/git/SHORT43ACF76B02BC1044B80938509D14043FABDETSTEXC/short43acf76b02bc1044b80938509d14043fabdetstexc-tests.git, solutionRepositoryUri=null, auxiliaryRepositoryUris=[Ljava.lang.String;@3ddac9fb, auxiliaryRepositoryCheckoutDirectories=[Ljava.lang.String;@40c837ed], jobTimingInfo=JobTimingInfo[submissionDate=2025-02-14T23:42:42.326978596Z[Etc/UTC], buildStartDate=2025-02-14T23:42:42.420147010Z[Etc/UTC], buildCompletionDate=2025-02-14T23:42:45.573855829Z[Etc/UTC], estimatedCompletionDate=2025-02-14T23:43:01.420129377Z[Etc/UTC], estimatedDuration=19], buildConfig=BuildConfig[buildScript=#!/bin/bash
cd /var/tmp/testing-dir
chmod +x ./gradlew
./gradlew clean test
, dockerImage=dummy-docker-image:latest, commitHashToBuild=a9c717ccf7bcbe9531d3eee21dbaeb5aab2ff971, assignmentCommitHash=a9c717ccf7bcbe9531d3eee21dbaeb5aab2ff971, testCommitHash=a9c717ccf7bcbe9531d3eee21dbaeb5aab2ff971, branch=main, programmingLanguage=JAVA, projectType=PLAIN_GRADLE, scaEnabled=false, sequentialTestRunsEnabled=false, resultPaths=[/var/tmp/testing-dir/**/test-results/test/*.xml], timeoutSeconds=0, assignmentCheckoutPath=null, testCheckoutPath=null, solutionCheckoutPath=null, dockerRunConfig=DockerRunConfig[isNetworkDisabled=true, env=[key=value]]], submissionResult=ResultDTO[id=132, completionDate=2025-02-14T23:42:45.519869118Z[Etc/UTC], successful=false, score=7.7, rated=true, submission=SubmissionDTO[id=119, submitted=true, type=MANUAL, exampleSubmission=null, submissionDate=2025-02-14T23:42:42.302762Z, commitHash=a9c717ccf7bcbe9531d3eee21dbaeb5aab2ff971, buildFailed=false, buildArtifact=false, participation=ParticipationDTO[id=462, testRun=false, type=programming, submissionCount=null, exercise=ParticipationExerciseDTO[id=298, exerciseType=PROGRAMMING, type=programming, assessmentType=AUTOMATIC, dueDate=2025-02-16T23:42:41.553955Z, assessmentDueDate=null, maxPoints=42.0, course=CourseDTO[id=147, accuracyOfScores=1]]], submissionExerciseType=programming, isProcessing=false, buildStartDate=null, estimatedCompletionDate=null], participation=ParticipationDTO[id=462, testRun=false, type=programming, submissionCount=null, exercise=ParticipationExerciseDTO[id=298, exerciseType=PROGRAMMING, type=programming, assessmentType=AUTOMATIC, dueDate=2025-02-16T23:42:41.553955Z, assessmentDueDate=null, maxPoints=42.0, course=CourseDTO[id=147, accuracyOfScores=1]]], feedbacks=[FeedbackDTO[id=67, text=null, detailText=The exercise expects a class with the name Context in the package testpackage. You did not implement the class in the exercise., hasLongFeedbackText=false, reference=null, credits=0.0, positive=false, type=AUTOMATIC, visibility=ALWAYS, testCase=TestCaseDTO[testName=null, id=13]], FeedbackDTO[id=68, text=null, detailText=The exercise expects a class with the name Policy in the package testpackage. You did not implement the class in the exercise., hasLongFeedbackText=false, reference=null, credits=0.0, positive=false, type=AUTOMATIC, visibility=ALWAYS, testCase=TestCaseDTO[testName=null, id=14]], FeedbackDTO[id=69, text=null, detailText=The exercise expects a class with the name SortStrategy in the package testpackage. You did not implement the class in the exercise., hasLongFeedbackText=false, reference=null, credits=0.0, positive=false, type=AUTOMATIC, visibility=ALWAYS, testCase=TestCaseDTO[testName=null, id=15]], FeedbackDTO[id=70, text=null, detailText=The class 'MergeSort' does not implement the interface 'SortStrategy' as expected. Implement the interface and its methods., hasLongFeedbackText=false, reference=null, credits=0.0, positive=false, type=AUTOMATIC, visibility=ALWAYS, testCase=TestCaseDTO[testName=null, id=10]], FeedbackDTO[id=71, text=null, detailText=The exercise expects a class with the name SortStrategy in the package testpackage. You did not implement the class in the exercise., hasLongFeedbackText=false, reference=null, credits=0.0, positive=false, type=AUTOMATIC, visibility=ALWAYS, testCase=TestCaseDTO[testName=null, id=7]], FeedbackDTO[id=72, text=null, detailText=The class 'BubbleSort' does not implement the interface 'SortStrategy' as expected. Implement the interface and its methods., hasLongFeedbackText=false, reference=null, credits=0.0, positive=false, type=AUTOMATIC, visibility=ALWAYS, testCase=TestCaseDTO[testName=null, id=11]], FeedbackDTO[id=73, text=null, detailText=MergeSort does not sort correctly, hasLongFeedbackText=false, reference=null, credits=0.0, positive=false, type=AUTOMATIC, visibility=ALWAYS, testCase=TestCaseDTO[testName=null, id=16]], FeedbackDTO[id=74, text=null, detailText=The class 'Context' was not found within the submission. Make sure to implement it properly., hasLongFeedbackText=false, reference=null, credits=0.0, positive=false, type=AUTOMATIC, visibility=ALWAYS, testCase=TestCaseDTO[testName=null, id=17]], FeedbackDTO[id=75, text=null, detailText=The class 'Context' was not found within the submission. Make sure to implement it properly., hasLongFeedbackText=false, reference=null, credits=0.0, positive=false, type=AUTOMATIC, visibility=ALWAYS, testCase=TestCaseDTO[testName=null, id=18]], FeedbackDTO[id=76, text=null, detailText=The exercise expects a class with the name Policy in the package testpackage. You did not implement the class in the exercise., hasLongFeedbackText=false, reference=null, credits=0.0, positive=false, type=AUTOMATIC, visibility=ALWAYS, testCase=TestCaseDTO[testName=null, id=12]], FeedbackDTO[id=77, text=null, detailText=The exercise expects a class with the name Context in the package testpackage. You did not implement the class in the exercise., hasLongFeedbackText=false, reference=null, credits=0.0, positive=false, type=AUTOMATIC, visibility=ALWAYS, testCase=TestCaseDTO[testName=null, id=8]], FeedbackDTO[id=78, text=null, detailText=The exercise expects a class with the name Policy in the package testpackage. You did not implement the class in the exercise., hasLongFeedbackText=false, reference=null, credits=0.0, positive=false, type=AUTOMATIC, visibility=ALWAYS, testCase=TestCaseDTO[testName=null, id=9]], FeedbackDTO[id=79, text=null, detailText=null, hasLongFeedbackText=false, reference=null, credits=3.230769230769231, positive=true, type=AUTOMATIC, visibility=ALWAYS, testCase=TestCaseDTO[testName=null, id=19]]], assessmentType=AUTOMATIC, hasComplaint=null, exampleResult=null, testCaseCount=13, passedTestCaseCount=1, codeIssueCount=0]], BuildJobQueueItem[id=4651739576569330, name=SHORTB06DD3F905F4604F6E085260D83ED657A6DFTSTEXC-LOCALCIINTSTUDENT1, buildAgent=BuildAgentDTO[name=artemis-build-agent-test, memberAddress=[127.0.0.1]:5703, displayName=artemis-build-agent-test], participationId=465, courseId=148, exerciseId=299, retryCount=0, priority=2, status=SUCCESSFUL, repositoryInfo=RepositoryInfo[repositoryName=shortb06dd3f905f4604f6e085260d83ed657a6dftstexc-localciintstudent1, repositoryType=user, triggeredByPushTo=user, assignmentRepositoryUri=http://localhost:49152/git/SHORTB06DD3F905F4604F6E085260D83ED657A6DFTSTEXC/shortb06dd3f905f4604f6e085260d83ed657a6dftstexc-localciintstudent1.git, testRepositoryUri=http://localhost:49152/git/SHORTB06DD3F905F4604F6E085260D83ED657A6DFTSTEXC/shortb06dd3f905f4604f6e085260d83ed657a6dftstexc-tests.git, solutionRepositoryUri=null, auxiliaryRepositoryUris=[Ljava.lang.String;@28b8dce2, auxiliaryRepositoryCheckoutDirectories=[Ljava.lang.String;@48f1a825], jobTimingInfo=JobTimingInfo[submissionDate=2025-02-14T23:42:49.330093960Z[Etc/UTC], buildStartDate=2025-02-14T23:42:49.347797345Z[Etc/UTC], buildCompletionDate=2025-02-14T23:42:51.204319751Z[Etc/UTC], estimatedCompletionDate=2025-02-14T23:43:08.347788449Z[Etc/UTC], estimatedDuration=19], buildConfig=BuildConfig[buildScript=#!/bin/bash
cd /var/tmp/testing-dir
chmod +x ./gradlew
./gradlew clean test
, dockerImage=dummy-docker-image:latest, commitHashToBuild=41581fff25954d36cf07586926ee0c77d1003131, assignmentCommitHash=41581fff25954d36cf07586926ee0c77d1003131, testCommitHash=41581fff25954d36cf07586926ee0c77d1003131, branch=main, programmingLanguage=JAVA, projectType=PLAIN_GRADLE, scaEnabled=false, sequentialTestRunsEnabled=false, resultPaths=[/var/tmp/testing-dir/**/test-results/test/*.xml], timeoutSeconds=0, assignmentCheckoutPath=null, testCheckoutPath=null, solutionCheckoutPath=null, dockerRunConfig=null], submissionResult=ResultDTO[id=133, completionDate=2025-02-14T23:42:51.155372920Z[Etc/UTC], successful=false, score=7.7, rated=true, submission=SubmissionDTO[id=120, submitted=true, type=MANUAL, exampleSubmission=null, submissionDate=2025-02-14T23:42:49.321855Z, commitHash=41581fff25954d36cf07586926ee0c77d1003131, buildFailed=false, buildArtifact=false, participation=ParticipationDTO[id=465, testRun=false, type=programming, submissionCount=null, exercise=ParticipationExerciseDTO[id=299, exerciseType=PROGRAMMING, type=programming, assessmentType=AUTOMATIC, dueDate=2025-02-16T23:42:49.163661Z, assessmentDueDate=null, maxPoints=42.0, course=CourseDTO[id=148, accuracyOfScores=1]]], submissionExerciseType=programming, isProcessing=false, buildStartDate=null, estimatedCompletionDate=null], participation=ParticipationDTO[id=465, testRun=false, type=programming, submissionCount=null, exercise=ParticipationExerciseDTO[id=299, exerciseType=PROGRAMMING, type=programming, assessmentType=AUTOMATIC, dueDate=2025-02-16T23:42:49.163661Z, assessmentDueDate=null, maxPoints=42.0, course=CourseDTO[id=148, accuracyOfScores=1]]], feedbacks=[FeedbackDTO[id=80, text=null, detailText=The exercise expects a class with the name Context in the package testpackage. You did not implement the class in the exercise., hasLongFeedbackText=false, reference=null, credits=0.0, positive=false, type=AUTOMATIC, visibility=ALWAYS, testCase=TestCaseDTO[testName=null, id=26]], FeedbackDTO[id=81, text=null, detailText=The exercise expects a class with the name Policy in the package testpackage. You did not implement the class in the exercise., hasLongFeedbackText=false, reference=null, credits=0.0, positive=false, type=AUTOMATIC, visibility=ALWAYS, testCase=TestCaseDTO[testName=null, id=27]], FeedbackDTO[id=82, text=null, detailText=The exercise expects a class with the name SortStrategy in the package testpackage. You did not implement the class in the exercise., hasLongFeedbackText=false, reference=null, credits=0.0, positive=false, type=AUTOMATIC, visibility=ALWAYS, testCase=TestCaseDTO[testName=null, id=28]], FeedbackDTO[id=83, text=null, detailText=The class 'MergeSort' does not implement the interface 'SortStrategy' as expected. Implement the interface and its methods., hasLongFeedbackText=false, reference=null, credits=0.0, positive=false, type=AUTOMATIC, visibility=ALWAYS, testCase=TestCaseDTO[testName=null, id=23]], FeedbackDTO[id=84, text=null, detailText=The exercise expects a class with the name SortStrategy in the package testpackage. You did not implement the class in the exercise., hasLongFeedbackText=false, reference=null, credits=0.0, positive=false, type=AUTOMATIC, visibility=ALWAYS, testCase=TestCaseDTO[testName=null, id=20]], FeedbackDTO[id=85, text=null, detailText=The class 'BubbleSort' does not implement the interface 'SortStrategy' as expected. Implement the interface and its methods., hasLongFeedbackText=false, reference=null, credits=0.0, positive=false, type=AUTOMATIC, visibility=ALWAYS, testCase=TestCaseDTO[testName=null, id=24]], FeedbackDTO[id=86, text=null, detailText=MergeSort does not sort correctly, hasLongFeedbackText=false, reference=null, credits=0.0, positive=false, type=AUTOMATIC, visibility=ALWAYS, testCase=TestCaseDTO[testName=null, id=29]], FeedbackDTO[id=87, text=null, detailText=The class 'Context' was not found within the submission. Make sure to implement it properly., hasLongFeedbackText=false, reference=null, credits=0.0, positive=false, type=AUTOMATIC, visibility=ALWAYS, testCase=TestCaseDTO[testName=null, id=30]], FeedbackDTO[id=88, text=null, detailText=The class 'Context' was not found within the submission. Make sure to implement it properly., hasLongFeedbackText=false, reference=null, credits=0.0, positive=false, type=AUTOMATIC, visibility=ALWAYS, testCase=TestCaseDTO[testName=null, id=31]], FeedbackDTO[id=89, text=null, detailText=The exercise expects a class with the name Policy in the package testpackage. You did not implement the class in the exercise., hasLongFeedbackText=false, reference=null, credits=0.0, positive=false, type=AUTOMATIC, visibility=ALWAYS, testCase=TestCaseDTO[testName=null, id=25]], FeedbackDTO[id=90, text=null, detailText=The exercise expects a class with the name Context in the package testpackage. You did not implement the class in the exercise., hasLongFeedbackText=false, reference=null, credits=0.0, positive=false, type=AUTOMATIC, visibility=ALWAYS, testCase=TestCaseDTO[testName=null, id=21]], FeedbackDTO[id=91, text=null, detailText=The exercise expects a class with the name Policy in the package testpackage. You did not implement the class in the exercise., hasLongFeedbackText=false, reference=null, credits=0.0, positive=false, type=AUTOMATIC, visibility=ALWAYS, testCase=TestCaseDTO[testName=null, id=22]], FeedbackDTO[id=92, text=null, detailText=null, hasLongFeedbackText=false, reference=null, credits=3.230769230769231, positive=true, type=AUTOMATIC, visibility=ALWAYS, testCase=TestCaseDTO[testName=null, id=32]]], assessmentType=AUTOMATIC, hasComplaint=null, exampleResult=null, testCaseCount=13, passedTestCaseCount=1, codeIssueCount=0]], BuildJobQueueItem[id=4681739576573068, name=SHORTBCF65534040390488B0A46605F5F3776B89ATSTEXC-LOCALCIINTSTUDENT1, buildAgent=BuildAgentDTO[name=artemis-build-agent-test, memberAddress=[127.0.0.1]:5703, displayName=artemis-build-agent-test], participationId=468, courseId=149, exerciseId=300, retryCount=0, priority=2, status=SUCCESSFUL, repositoryInfo=RepositoryInfo[repositoryName=shortbcf65534040390488b0a46605f5f3776b89atstexc-localciintstudent1, repositoryType=user, triggeredByPushTo=user, assignmentRepositoryUri=http://localhost:49152/git/SHORTBCF65534040390488B0A46605F5F3776B89ATSTEXC/shortbcf65534040390488b0a46605f5f3776b89atstexc-localciintstudent1.git, testRepositoryUri=http://localhost:49152/git/SHORTBCF65534040390488B0A46605F5F3776B89ATSTEXC/shortbcf65534040390488b0a46605f5f3776b89atstexc-tests.git, solutionRepositoryUri=null, auxiliaryRepositoryUris=[Ljava.lang.String;@238f35d1, auxiliaryRepositoryCheckoutDirectories=[Ljava.lang.String;@22791912], jobTimingInfo=JobTimingInfo[submissionDate=2025-02-14T23:42:53.068019209Z[Etc/UTC], buildStartDate=2025-02-14T23:42:53.092867394Z[Etc/UTC], buildCompletionDate=2025-02-14T23:42:55.086950323Z[Etc/UTC], estimatedCompletionDate=2025-02-14T23:43:12.092858828Z[Etc/UTC], estimatedDuration=19], buildConfig=BuildConfig[buildScript=#!/bin/bash
cd /var/tmp/testing-dir
chmod +x ./gradlew
./gradlew clean test
, dockerImage=dummy-docker-image:latest, commitHashToBuild=2d5c0482fc77d3f5ec0841962528a43054e83170, assignmentCommitHash=2d5c0482fc77d3f5ec0841962528a43054e83170, testCommitHash=7477e25d56ce5fee2c938542a7e7ed4ed085d373, branch=main, programmingLanguage=JAVA, projectType=PLAIN_GRADLE, scaEnabled=false, sequentialTestRunsEnabled=false, resultPaths=[/var/tmp/testing-dir/**/test-results/test/*.xml], timeoutSeconds=0, assignmentCheckoutPath=null, testCheckoutPath=null, solutionCheckoutPath=null, dockerRunConfig=null], submissionResult=ResultDTO[id=134, completionDate=2025-02-14T23:42:55.059618627Z[Etc/UTC], successful=false, score=7.7, rated=true, submission=SubmissionDTO[id=121, submitted=true, type=MANUAL, exampleSubmission=null, submissionDate=2025-02-14T23:42:53.048221Z, commitHash=2d5c0482fc77d3f5ec0841962528a43054e83170, buildFailed=false, buildArtifact=false, participation=ParticipationDTO[id=468, testRun=false, type=programming, submissionCount=null, exercise=ParticipationExerciseDTO[id=300, exerciseType=PROGRAMMING, type=programming, assessmentType=AUTOMATIC, dueDate=2025-02-16T23:42:52.873722Z, assessmentDueDate=null, maxPoints=42.0, course=CourseDTO[id=149, accuracyOfScores=1]]], submissionExerciseType=programming, isProcessing=false, buildStartDate=null, estimatedCompletionDate=null], participation=ParticipationDTO[id=468, testRun=false, type=programming, submissionCount=null, exercise=ParticipationExerciseDTO[id=300, exerciseType=PROGRAMMING, type=programming, assessmentType=AUTOMATIC, dueDate=2025-02-16T23:42:52.873722Z, assessmentDueDate=null, maxPoints=42.0, course=CourseDTO[id=149, accuracyOfScores=1]]], feedbacks=[FeedbackDTO[id=93, text=null, detailText=The exercise expects a class with the name Context in the package testpackage. You did not implement the class in the exercise., hasLongFeedbackText=false, reference=null, credits=0.0, positive=false, type=AUTOMATIC, visibility=ALWAYS, testCase=TestCaseDTO[testName=null, id=39]], FeedbackDTO[id=94, text=null, detailText=The exercise expects a class with the name Policy in the package testpackage. You did not implement the class in the exercise., hasLongFeedbackText=false, reference=null, credits=0.0, positive=false, type=AUTOMATIC, visibility=ALWAYS, testCase=TestCaseDTO[testName=null, id=40]], FeedbackDTO[id=95, text=null, detailText=The exercise expects a class with the name SortStrategy in the package testpackage. You did not implement the class in the exercise., hasLongFeedbackText=false, reference=null, credits=0.0, positive=false, type=AUTOMATIC, visibility=ALWAYS, testCase=TestCaseDTO[testName=null, id=41]], FeedbackDTO[id=96, text=null, detailText=The class 'MergeSort' does not implement the interface 'SortStrategy' as expected. Implement the interface and its methods., hasLongFeedbackText=false, reference=null, credits=0.0, positive=false, type=AUTOMATIC, visibility=ALWAYS, testCase=TestCaseDTO[testName=null, id=36]], FeedbackDTO[id=97, text=null, detailText=The exercise expects a class with the name SortStrategy in the package testpackage. You did not implement the class in the exercise., hasLongFeedbackText=false, reference=null, credits=0.0, positive=false, type=AUTOMATIC, visibility=ALWAYS, testCase=TestCaseDTO[testName=null, id=33]], FeedbackDTO[id=98, text=null, detailText=The class 'BubbleSort' does not implement the interface 'SortStrategy' as expected. Implement the interface and its methods., hasLongFeedbackText=false, reference=null, credits=0.0, positive=false, type=AUTOMATIC, visibility=ALWAYS, testCase=TestCaseDTO[testName=null, id=37]], FeedbackDTO[id=99, text=null, detailText=MergeSort does not sort correctly, hasLongFeedbackText=false, reference=null, credits=0.0, positive=false, type=AUTOMATIC, visibility=ALWAYS, testCase=TestCaseDTO[testName=null, id=42]], FeedbackDTO[id=100, text=null, detailText=The class 'Context' was not found within the submission. Make sure to implement it properly., hasLongFeedbackText=false, reference=null, credits=0.0, positive=false, type=AUTOMATIC, visibility=ALWAYS, testCase=TestCaseDTO[testName=null, id=43]], FeedbackDTO[id=101, text=null, detailText=The class 'Context' was not found within the submission. Make sure to implement it properly., hasLongFeedbackText=false, reference=null, credits=0.0, positive=false, type=AUTOMATIC, visibility=ALWAYS, testCase=TestCaseDTO[testName=null, id=44]], FeedbackDTO[id=102, text=null, detailText=The exercise expects a class with the name Policy in the package testpackage. You did not implement the class in the exercise., hasLongFeedbackText=false, reference=null, credits=0.0, positive=false, type=AUTOMATIC, visibility=ALWAYS, testCase=TestCaseDTO[testName=null, id=38]], FeedbackDTO[id=103, text=null, detailText=The exercise expects a class with the name Context in the package testpackage. You did not implement the class in the exercise., hasLongFeedbackText=false, reference=null, credits=0.0, positive=false, type=AUTOMATIC, visibility=ALWAYS, testCase=TestCaseDTO[testName=null, id=34]], FeedbackDTO[id=104, text=null, detailText=The exercise expects a class with the name Policy in the package testpackage. You did not implement the class in the exercise., hasLongFeedbackText=false, reference=null, credits=0.0, positive=false, type=AUTOMATIC, visibility=ALWAYS, testCase=TestCaseDTO[testName=null, id=35]], FeedbackDTO[id=105, text=null, detailText=null, hasLongFeedbackText=false, reference=null, credits=3.230769230769231, positive=true, type=AUTOMATIC, visibility=ALWAYS, testCase=TestCaseDTO[testName=null, id=45]]], assessmentType=AUTOMATIC, hasComplaint=null, exampleResult=null, testCaseCount=13, passedTestCaseCount=1, codeIssueCount=0]], BuildJobQueueItem[id=4741739576577297, name=SHORT88A9A223023E2047B709E4A029FA08BCF2CFTSTEXC-LOCALCIINTSTUDENT1, buildAgent=BuildAgentDTO[name=artemis-build-agent-test, memberAddress=[127.0.0.1]:5703, displayName=artemis-build-agent-test], participationId=474, courseId=151, exerciseId=302, retryCount=0, priority=2, status=SUCCESSFUL, repositoryInfo=RepositoryInfo[repositoryName=short88a9a223023e2047b709e4a029fa08bcf2cftstexc-localciintstudent1, repositoryType=user, triggeredByPushTo=user, assignmentRepositoryUri=http://localhost:49152/git/SHORT88A9A223023E2047B709E4A029FA08BCF2CFTSTEXC/short88a9a223023e2047b709e4a029fa08bcf2cftstexc-localciintstudent1.git, testRepositoryUri=http://localhost:49152/git/SHORT88A9A223023E2047B709E4A029FA08BCF2CFTSTEXC/short88a9a223023e2047b709e4a029fa08bcf2cftstexc-tests.git, solutionRepositoryUri=null, auxiliaryRepositoryUris=[Ljava.lang.String;@4c489e73, auxiliaryRepositoryCheckoutDirectories=[Ljava.lang.String;@9bdb75f], jobTimingInfo=JobTimingInfo[submissionDate=2025-02-14T23:42:57.297342281Z[Etc/UTC], buildStartDate=2025-02-14T23:42:57.308570327Z[Etc/UTC], buildCompletionDate=2025-02-14T23:42:59.047616654Z[Etc/UTC], estimatedCompletionDate=2025-02-14T23:43:16.308558064Z[Etc/UTC], estimatedDuration=19], buildConfig=BuildConfig[buildScript=#!/bin/bash
cd /var/tmp/testing-dir
chmod +x ./gradlew
./gradlew clean test
, dockerImage=dummy-docker-image:latest, commitHashToBuild=736cbea1e46d6849b41266b2bf1cccd3b9ea55b1, assignmentCommitHash=736cbea1e46d6849b41266b2bf1cccd3b9ea55b1, testCommitHash=ea6267edd396a304305339b036512b63e0374c66, branch=main, programmingLanguage=JAVA, projectType=PLAIN_GRADLE, scaEnabled=false, sequentialTestRunsEnabled=false, resultPaths=[/var/tmp/testing-dir/**/test-results/test/*.xml], timeoutSeconds=0, assignmentCheckoutPath=null, testCheckoutPath=null, solutionCheckoutPath=null, dockerRunConfig=null], submissionResult=ResultDTO[id=135, completionDate=2025-02-14T23:42:59.014168821Z[Etc/UTC], successful=false, score=7.7, rated=true, submission=SubmissionDTO[id=123, submitted=true, type=MANUAL, exampleSubmission=null, submissionDate=2025-02-14T23:42:57.278471Z, commitHash=736cbea1e46d6849b41266b2bf1cccd3b9ea55b1, buildFailed=false, buildArtifact=false, participation=ParticipationDTO[id=474, testRun=false, type=programming, submissionCount=null, exercise=ParticipationExerciseDTO[id=302, exerciseType=PROGRAMMING, type=programming, assessmentType=AUTOMATIC, dueDate=2025-02-16T23:42:56.796251Z, assessmentDueDate=null, maxPoints=42.0, course=CourseDTO[id=151, accuracyOfScores=1]]], submissionExerciseType=programming, isProcessing=false, buildStartDate=null, estimatedCompletionDate=null], participation=ParticipationDTO[id=474, testRun=false, type=programming, submissionCount=null, exercise=ParticipationExerciseDTO[id=302, exerciseType=PROGRAMMING, type=programming, assessmentType=AUTOMATIC, dueDate=2025-02-16T23:42:56.796251Z, assessmentDueDate=null, maxPoints=42.0, course=CourseDTO[id=151, accuracyOfScores=1]]], feedbacks=[FeedbackDTO[id=106, text=null, detailText=The exercise expects a class with the name Context in the package testpackage. You did not implement the class in the exercise., hasLongFeedbackText=false, reference=null, credits=0.0, positive=false, type=AUTOMATIC, visibility=ALWAYS, testCase=TestCaseDTO[testName=null, id=65]], FeedbackDTO[id=107, text=null, detailText=The exercise expects a class with the name Policy in the package testpackage. You did not implement the class in the exercise., hasLongFeedbackText=false, reference=null, credits=0.0, positive=false, type=AUTOMATIC, visibility=ALWAYS, testCase=TestCaseDTO[testName=null, id=66]], FeedbackDTO[id=108, text=null, detailText=The exercise expects a class with the name SortStrategy in the package testpackage. You did not implement the class in the exercise., hasLongFeedbackText=false, reference=null, credits=0.0, positive=false, type=AUTOMATIC, visibility=ALWAYS, testCase=TestCaseDTO[testName=null, id=67]], FeedbackDTO[id=109, text=null, detailText=The class 'MergeSort' does not implement the interface 'SortStrategy' as expected. Implement the interface and its methods., hasLongFeedbackText=false, reference=null, credits=0.0, positive=false, type=AUTOMATIC, visibility=ALWAYS, testCase=TestCaseDTO[testName=null, id=62]], FeedbackDTO[id=110, text=null, detailText=The exercise expects a class with the name SortStrategy in the package testpackage. You did not implement the class in the exercise., hasLongFeedbackText=false, reference=null, credits=0.0, positive=false, type=AUTOMATIC, visibility=ALWAYS, testCase=TestCaseDTO[testName=null, id=59]], FeedbackDTO[id=111, text=null, detailText=The class 'BubbleSort' does not implement the interface 'SortStrategy' as expected. Implement the interface and its methods., hasLongFeedbackText=false, reference=null, credits=0.0, positive=false, type=AUTOMATIC, visibility=ALWAYS, testCase=TestCaseDTO[testName=null, id=63]], FeedbackDTO[id=112, text=null, detailText=MergeSort does not sort correctly, hasLongFeedbackText=false, reference=null, credits=0.0, positive=false, type=AUTOMATIC, visibility=ALWAYS, testCase=TestCaseDTO[testName=null, id=68]], FeedbackDTO[id=113, text=null, detailText=The class 'Context' was not found within the submission. Make sure to implement it properly., hasLongFeedbackText=false, reference=null, credits=0.0, positive=false, type=AUTOMATIC, visibility=ALWAYS, testCase=TestCaseDTO[testName=null, id=69]], FeedbackDTO[id=114, text=null, detailText=The class 'Context' was not found within the submission. Make sure to implement it properly., hasLongFeedbackText=false, reference=null, credits=0.0, positive=false, type=AUTOMATIC, visibility=ALWAYS, testCase=TestCaseDTO[testName=null, id=70]], FeedbackDTO[id=115, text=null, detailText=The exercise expects a class with the name Policy in the package testpackage. You did not implement the class in the exercise., hasLongFeedbackText=false, reference=null, credits=0.0, positive=false, type=AUTOMATIC, visibility=ALWAYS, testCase=TestCaseDTO[testName=null, id=64]], FeedbackDTO[id=116, text=null, detailText=The exercise expects a class with the name Context in the package testpackage. You did not implement the class in the exercise., hasLongFeedbackText=false, reference=null, credits=0.0, positive=false, type=AUTOMATIC, visibility=ALWAYS, testCase=TestCaseDTO[testName=null, id=60]], FeedbackDTO[id=117, text=null, detailText=The exercise expects a class with the name Policy in the package testpackage. You did not implement the class in the exercise., hasLongFeedbackText=false, reference=null, credits=0.0, positive=false, type=AUTOMATIC, visibility=ALWAYS, testCase=TestCaseDTO[testName=null, id=61]], FeedbackDTO[id=118, text=null, detailText=null, hasLongFeedbackText=false, reference=null, credits=3.230769230769231, positive=true, type=AUTOMATIC, visibility=ALWAYS, testCase=TestCaseDTO[testName=null, id=71]]], assessmentType=AUTOMATIC, hasComplaint=null, exampleResult=null, testCaseCount=13, passedTestCaseCount=1, codeIssueCount=0]], BuildJobQueueItem[id=4771739576580898, name=SHORT51E611E30D6B60466F0B8BA0AA97F58888C2TSTEXC-LOCALCIINTSTUDENT1, buildAgent=BuildAgentDTO[name=artemis-build-agent-test, memberAddress=[127.0.0.1]:5703, displayName=artemis-build-agent-test], participationId=477, courseId=152, exerciseId=303, retryCount=0, priority=2, status=SUCCESSFUL, repositoryInfo=RepositoryInfo[repositoryName=short51e611e30d6b60466f0b8ba0aa97f58888c2tstexc-localciintstudent1, repositoryType=user, triggeredByPushTo=user, assignmentRepositoryUri=http://localhost:49152/git/SHORT51E611E30D6B60466F0B8BA0AA97F58888C2TSTEXC/short51e611e30d6b60466f0b8ba0aa97f58888c2tstexc-localciintstudent1.git, testRepositoryUri=http://localhost:49152/git/SHORT51E611E30D6B60466F0B8BA0AA97F58888C2TSTEXC/short51e611e30d6b60466f0b8ba0aa97f58888c2tstexc-tests.git, solutionRepositoryUri=null, auxiliaryRepositoryUris=[Ljava.lang.String;@53c63a04, auxiliaryRepositoryCheckoutDirectories=[Ljava.lang.String;@391d18e7], jobTimingInfo=JobTimingInfo[submissionDate=2025-02-14T23:43:00.898532688Z[Etc/UTC], buildStartDate=2025-02-14T23:43:00.905733056Z[Etc/UTC], buildCompletionDate=2025-02-14T23:43:02.692768910Z[Etc/UTC], estimatedCompletionDate=2025-02-14T23:43:19.905720463Z[Etc/UTC], estimatedDuration=19], buildConfig=BuildConfig[buildScript=#!/bin/bash
cd /var/tmp/testing-dir
chmod +x ./gradlew
./gradlew clean test
, dockerImage=dummy-docker-image:latest, commitHashToBuild=8f3057cbd462f5e3de4e6ba85115f60d8dbb5aea, assignmentCommitHash=8f3057cbd462f5e3de4e6ba85115f60d8dbb5aea, testCommitHash=8f3057cbd462f5e3de4e6ba85115f60d8dbb5aea, branch=main, programmingLanguage=JAVA, projectType=PLAIN_GRADLE, scaEnabled=true, sequentialTestRunsEnabled=false, resultPaths=[/var/tmp/testing-dir/**/test-results/test/*.xml], timeoutSeconds=0, assignmentCheckoutPath=null, testCheckoutPath=null, solutionCheckoutPath=null, dockerRunConfig=null], submissionResult=ResultDTO[id=136, completionDate=2025-02-14T23:43:02.637820510Z[Etc/UTC], successful=false, score=7.7, rated=true, submission=SubmissionDTO[id=124, submitted=true, type=MANUAL, exampleSubmission=null, submissionDate=2025-02-14T23:43:00.886601Z, commitHash=8f3057cbd462f5e3de4e6ba85115f60d8dbb5aea, buildFailed=false, buildArtifact=false, participation=ParticipationDTO[id=477, testRun=false, type=programming, submissionCount=null, exercise=ParticipationExerciseDTO[id=303, exerciseType=PROGRAMMING, type=programming, assessmentType=AUTOMATIC, dueDate=2025-02-16T23:43:00.631824Z, assessmentDueDate=null, maxPoints=42.0, course=CourseDTO[id=152, accuracyOfScores=1]]], submissionExerciseType=programming, isProcessing=false, buildStartDate=null, estimatedCompletionDate=null], participation=ParticipationDTO[id=477, testRun=false, type=programming, submissionCount=null, exercise=ParticipationExerciseDTO[id=303, exerciseType=PROGRAMMING, type=programming, assessmentType=AUTOMATIC, dueDate=2025-02-16T23:43:00.631824Z, assessmentDueDate=null, maxPoints=42.0, course=CourseDTO[id=152, accuracyOfScores=1]]], feedbacks=[FeedbackDTO[id=119, text=null, detailText=The exercise expects a class with the name Context in the package testpackage. You did not implement the class in the exercise., hasLongFeedbackText=false, reference=null, credits=0.0, positive=false, type=AUTOMATIC, visibility=ALWAYS, testCase=TestCaseDTO[testName=null, id=78]], FeedbackDTO[id=120, text=null, detailText=The exercise expects a class with the name Policy in the package testpackage. You did not implement the class in the exercise., hasLongFeedbackText=false, reference=null, credits=0.0, positive=false, type=AUTOMATIC, visibility=ALWAYS, testCase=TestCaseDTO[testName=null, id=79]], FeedbackDTO[id=121, text=null, detailText=The exercise expects a class with the name SortStrategy in the package testpackage. You did not implement the class in the exercise., hasLongFeedbackText=false, reference=null, credits=0.0, positive=false, type=AUTOMATIC, visibility=ALWAYS, testCase=TestCaseDTO[testName=null, id=80]], FeedbackDTO[id=122, text=null, detailText=The class 'MergeSort' does not implement the interface 'SortStrategy' as expected. Implement the interface and its methods., hasLongFeedbackText=false, reference=null, credits=0.0, positive=false, type=AUTOMATIC, visibility=ALWAYS, testCase=TestCaseDTO[testName=null, id=75]], FeedbackDTO[id=123, text=null, detailText=The exercise expects a class with the name SortStrategy in the package testpackage. You did not implement the class in the exercise., hasLongFeedbackText=false, reference=null, credits=0.0, positive=false, type=AUTOMATIC, visibility=ALWAYS, testCase=TestCaseDTO[testName=null, id=72]], FeedbackDTO[id=124, text=null, detailText=The class 'BubbleSort' does not implement the interface 'SortStrategy' as expected. Implement the interface and its methods., hasLongFeedbackText=false, reference=null, credits=0.0, positive=false, type=AUTOMATIC, visibility=ALWAYS, testCase=TestCaseDTO[testName=null, id=76]], FeedbackDTO[id=125, text=null, detailText=MergeSort does not sort correctly, hasLongFeedbackText=false, reference=null, credits=0.0, positive=false, type=AUTOMATIC, visibility=ALWAYS, testCase=TestCaseDTO[testName=null, id=81]], FeedbackDTO[id=126, text=null, detailText=The class 'Context' was not found within the submission. Make sure to implement it properly., hasLongFeedbackText=false, reference=null, credits=0.0, positive=false, type=AUTOMATIC, visibility=ALWAYS, testCase=TestCaseDTO[testName=null, id=82]], FeedbackDTO[id=127, text=null, detailText=The class 'Context' was not found within the submission. Make sure to implement it properly., hasLongFeedbackText=false, reference=null, credits=0.0, positive=false, type=AUTOMATIC, visibility=ALWAYS, testCase=TestCaseDTO[testName=null, id=83]], FeedbackDTO[id=128, text=null, detailText=The exercise expects a class with the name Policy in the package testpackage. You did not implement the class in the exercise., hasLongFeedbackText=false, reference=null, credits=0.0, positive=false, type=AUTOMATIC, visibility=ALWAYS, testCase=TestCaseDTO[testName=null, id=77]], FeedbackDTO[id=129, text=null, detailText=The exercise expects a class with the name Context in the package testpackage. You did not implement the class in the exercise., hasLongFeedbackText=false, reference=null, credits=0.0, positive=false, type=AUTOMATIC, visibility=ALWAYS, testCase=TestCaseDTO[testName=null, id=73]], FeedbackDTO[id=130, text=null, detailText=The exercise expects a class with the name Policy in the package testpackage. You did not implement the class in the exercise., hasLongFeedbackText=false, reference=null, credits=0.0, positive=false, type=AUTOMATIC, visibility=ALWAYS, testCase=TestCaseDTO[testName=null, id=74]], FeedbackDTO[id=131, text=null, detailText=null, hasLongFeedbackText=false, reference=null, credits=3.230769230769231, positive=true, type=AUTOMATIC, visibility=ALWAYS, testCase=TestCaseDTO[testName=null, id=84]], FeedbackDTO[id=132, text=SCAFeedbackIdentifier:Bad Practice, detailText={"filePath":"src/code/Client.java","startLine":6,"endLine":6,"startColumn":1,"endColumn":26,"rule":"UnusedImports","category":"Best Practices","message":"Avoid unused imports such as 'javax.swing.JFrame'","priority":"4"}, hasLongFeedbackText=false, reference=PMD, credits=0.0, positive=false, type=AUTOMATIC, visibility=null, testCase=null], FeedbackDTO[id=133, text=SCAFeedbackIdentifier:Code Style, detailText={"filePath":"src/code/Client.java","startLine":7,"endLine":7,"startColumn":1,"endColumn":19,"rule":"DontImportJavaLang","category":"Code Style","message":"Avoid importing anything from the package java.lang","priority":"4"}, hasLongFeedbackText=false, reference=PMD, credits=0.0, positive=false, type=AUTOMATIC, visibility=null, testCase=null], FeedbackDTO[id=134, text=SCAFeedbackIdentifier:Bad Practice, detailText={"filePath":"src/code/Client.java","startLine":7,"endLine":7,"startColumn":1,"endColumn":19,"rule":"UnusedImports","category":"Best Practices","message":"Avoid unused imports such as 'java.lang'","priority":"4"}, hasLongFeedbackText=false, reference=PMD, credits=0.0, positive=false, type=AUTOMATIC, visibility=null, testCase=null], FeedbackDTO[id=135, text=SCAFeedbackIdentifier:Bad Practice, detailText={"filePath":"src/code/Client.java","startLine":73,"endLine":73,"startColumn":18,"endColumn":27,"rule":"UnusedLocalVariable","category":"Best Practices","message":"Avoid unused local variables such as 'randomDate'.","priority":"3"}, hasLongFeedbackText=false, reference=PMD, credits=0.0, positive=false, type=AUTOMATIC, visibility=null, testCase=null], FeedbackDTO[id=136, text=SCAFeedbackIdentifier:Bad Practice, detailText={"filePath":"src/code/Client.java","startLine":81,"endLine":81,"startColumn":31,"endColumn":53,"rule":"UnusedPrivateMethod","category":"Best Practices","message":"Avoid unused private methods such as 'CreateRandomDatesList()'.","priority":"3"}, hasLongFeedbackText=false, reference=PMD, credits=0.0, positive=false, type=AUTOMATIC, visibility=null, testCase=null], FeedbackDTO[id=137, text=SCAFeedbackIdentifier:Potential Bugs, detailText={"filePath":"src/code/Client.java","startLine":94,"endLine":94,"startColumn":9,"endColumn":9,"rule":"EmptyStatementNotInLoop","category":"Error Prone","message":"An empty statement (semicolon) not part of a loop","priority":"3"}, hasLongFeedbackText=false, reference=PMD, credits=0.0, positive=false, type=AUTOMATIC, visibility=null, testCase=null], FeedbackDTO[id=138, text=SCAFeedbackIdentifier:Potential Bugs, detailText={"filePath":"src/code/Client.java","startLine":94,"endLine":94,"startColumn":10,"endColumn":10,"rule":"EmptyStatementNotInLoop","category":"Error Prone","message":"An empty statement (semicolon) not part of a loop","priority":"3"}, hasLongFeedbackText=false, reference=PMD, credits=0.0, positive=false, type=AUTOMATIC, visibility=null, testCase=null], FeedbackDTO[id=139, text=SCAFeedbackIdentifier:Potential Bugs, detailText={"filePath":"src/code/Client.java","startLine":94,"endLine":94,"startColumn":11,"endColumn":11,"rule":"EmptyStatementNotInLoop","category":"Error Prone","message":"An empty statement (semicolon) not part of a loop","priority":"3"}, hasLongFeedbackText=false, reference=PMD, credits=0.0, positive=false, type=AUTOMATIC, visibility=null, testCase=null], FeedbackDTO[id=140, text=SCAFeedbackIdentifier:Code Style, detailText={"filePath":"src/code/Client.java","startLine":73,"endLine":73,"rule":"DLS_DEAD_LOCAL_STORE","category":"STYLE","message":"Dead store to randomDate in code.Client.createRandomDatesList()","priority":"2"}, hasLongFeedbackText=false, reference=SPOTBUGS, credits=0.0, positive=false, type=AUTOMATIC, visibility=null, testCase=null], FeedbackDTO[id=141, text=SCAFeedbackIdentifier:Bad Practice, detailText={"filePath":"src/code/Client.java","startLine":82,"endLine":95,"rule":"NM_METHOD_NAMING_CONVENTION","category":"BAD_PRACTICE","message":"The method name code.Client.CreateRandomDatesList() doesn't start with a lower case letter","priority":"3"}, hasLongFeedbackText=false, reference=SPOTBUGS, credits=0.0, positive=false, type=AUTOMATIC, visibility=null, testCase=null], FeedbackDTO[id=142, text=SCAFeedbackIdentifier:Performance, detailText={"filePath":"src/code/Client.java","startLine":82,"endLine":95,"rule":"UPM_UNCALLED_PRIVATE_METHOD","category":"PERFORMANCE","message":"Private method code.Client.CreateRandomDatesList() is never called","priority":"2"}, hasLongFeedbackText=false, reference=SPOTBUGS, credits=0.0, positive=false, type=AUTOMATIC, visibility=null, testCase=null], FeedbackDTO[id=143, text=SCAFeedbackIdentifier:Code Style, detailText={"filePath":"src/code/Client.java","startLine":70,"endLine":70,"startColumn":9,"endColumn":9,"rule":"NeedBracesCheck","category":"blocks","message":"'for' construct must use '{}'s.","priority":"error"}, hasLongFeedbackText=false, reference=CHECKSTYLE, credits=0.0, positive=false, type=AUTOMATIC, visibility=null, testCase=null], FeedbackDTO[id=144, text=SCAFeedbackIdentifier:Code Style, detailText={"filePath":"src/code/Client.java","startLine":93,"endLine":93,"startColumn":9,"endColumn":9,"rule":"EmptyStatementCheck","category":"coding","message":"Empty statement.","priority":"error"}, hasLongFeedbackText=false, reference=CHECKSTYLE, credits=0.0, positive=false, type=AUTOMATIC, visibility=null, testCase=null], FeedbackDTO[id=145, text=SCAFeedbackIdentifier:Code Style, detailText={"filePath":"src/code/Client.java","startLine":93,"endLine":93,"startColumn":10,"endColumn":10,"rule":"EmptyStatementCheck","category":"coding","message":"Empty statement.","priority":"error"}, hasLongFeedbackText=false, reference=CHECKSTYLE, credits=0.0, positive=false, type=AUTOMATIC, visibility=null, testCase=null], FeedbackDTO[id=146, text=SCAFeedbackIdentifier:Code Style, detailText={"filePath":"src/code/Client.java","startLine":93,"endLine":93,"startColumn":11,"endColumn":11,"rule":"EmptyStatementCheck","category":"coding","message":"Empty statement.","priority":"error"}, hasLongFeedbackText=false, reference=CHECKSTYLE, credits=0.0, positive=false, type=AUTOMATIC, visibility=null, testCase=null]], assessmentType=AUTOMATIC, hasComplaint=null, exampleResult=null, testCaseCount=13, passedTestCaseCount=1, codeIssueCount=15]]], publicSshKey=ssh-rsa AAAAB3NzaC1yc2EAAAADAQABAAACAQCOPdMsxRE2jFJ/UEa5/LsBxtwzJcrh3/rYBCQvcMeVpiRfhzQPWu7mrt/G2Ew+i+vRloGH9aqKg6dd1liRncao53Zmd/ePxoatXePNhmzTfkCkcSkTUz7B+QMjkoDDV5jwuFPD6mF3JkhuzSi64n9Zy905t4w2IhVcjM2mL3eYNjiCXt6Qpq3Pkt7dM/Ksw1nxnvuiIALuJLB3FTkXkHqq3PJav+9HSq2r6ZaWgekneaGxlQlb+U+Vy3XOuArKAzK8c8i+0bR+AHiTG6ncYXt7ax3U+TdlDTF7OLP3umwaYjs1NBXOHwG42pevvpKn2fqavZZozk+M05jXLx3bq0O7itxfErWc7etky8qYPyyIMF/txQIVLd78+Ze4d7Y60t5MGbXM5cGE6fFif5fEJwgswXD+BrG0cafz1CTatjSKFdvp8Vp4VszXhHDan1PrP6JEFJ5Cc5GDmLRZPCFa3vL9f5qXgf4bkqKN8MYeEujwJE5nMRWoiJVNakix2bcrrneQMBlnYeYZVWXXXUusAQBzl4NgddC1umZpihZkL1b1MffZAUW3EGEXi7KHnllQhkTLLsQ8ntMgbylqaJKStqaXlLvdeRJcEnUuiFCrHEVVbXRFZR7XVDZ02CE5o3MuaRPty8Kh+jRTF3COlAckHwYEJCNNJvXFgb2CNXL4mjzYDw== test@localhost]
    23:43:02.835 | 362 ool-1-worker-126 | INFO  | d.t.c.a.a.e.s.ParticipationService   : Request to delete Participation : StudentParticipation{id=759, presentationScore=null, student=User{login='examparticipationteststudent2', firstName='examparticipationteststudent2First', lastName='examparticipationteststudent2Last', email='examparticipationteststudent2@test.de', imageUrl='null', activated='true', langKey='en', activationKey='null'}}
    23:43:02.838 | 362 ool-1-worker-126 | DEBUG | d.t.c.a.a.e.s.ParticipationService   : Request to delete all results and submissions of participation with id : 759
    23:43:02.839 | 566 localvc.event-13 | DEBUG | a.p.s.l.SharedQueueManagementService : Build agent updated: null
    23:43:02.845 | 566 localvc.event-13 | DEBUG | a.p.s.l.LocalCIQueueWebsocketService : Build agent updated: BuildAgentInformation[buildAgent=BuildAgentDTO[name=artemis-build-agent-test, memberAddress=[127.0.0.1]:5703, displayName=artemis-build-agent-test], maxNumberOfConcurrentBuildJobs=1, numberOfCurrentBuildJobs=0, runningBuildJobs=[], status=IDLE, recentBuildJobs=[BuildJobQueueItem[id=4621739576562326, name=SHORT43ACF76B02BC1044B80938509D14043FABDETSTEXC-LOCALCIINTSTUDENT1, buildAgent=BuildAgentDTO[name=artemis-build-agent-test, memberAddress=[127.0.0.1]:5703, displayName=artemis-build-agent-test], participationId=462, courseId=147, exerciseId=298, retryCount=0, priority=2, status=SUCCESSFUL, repositoryInfo=RepositoryInfo[repositoryName=short43acf76b02bc1044b80938509d14043fabdetstexc-localciintstudent1, repositoryType=user, triggeredByPushTo=user, assignmentRepositoryUri=http://localhost:49152/git/SHORT43ACF76B02BC1044B80938509D14043FABDETSTEXC/short43acf76b02bc1044b80938509d14043fabdetstexc-localciintstudent1.git, testRepositoryUri=http://localhost:49152/git/SHORT43ACF76B02BC1044B80938509D14043FABDETSTEXC/short43acf76b02bc1044b80938509d14043fabdetstexc-tests.git, solutionRepositoryUri=null, auxiliaryRepositoryUris=[Ljava.lang.String;@554dfc84, auxiliaryRepositoryCheckoutDirectories=[Ljava.lang.String;@37b9fa33], jobTimingInfo=JobTimingInfo[submissionDate=2025-02-14T23:42:42.326978596Z[Etc/UTC], buildStartDate=2025-02-14T23:42:42.420147010Z[Etc/UTC], buildCompletionDate=2025-02-14T23:42:45.573855829Z[Etc/UTC], estimatedCompletionDate=2025-02-14T23:43:01.420129377Z[Etc/UTC], estimatedDuration=19], buildConfig=BuildConfig[buildScript=#!/bin/bash
cd /var/tmp/testing-dir
chmod +x ./gradlew
./gradlew clean test
, dockerImage=dummy-docker-image:latest, commitHashToBuild=a9c717ccf7bcbe9531d3eee21dbaeb5aab2ff971, assignmentCommitHash=a9c717ccf7bcbe9531d3eee21dbaeb5aab2ff971, testCommitHash=a9c717ccf7bcbe9531d3eee21dbaeb5aab2ff971, branch=main, programmingLanguage=JAVA, projectType=PLAIN_GRADLE, scaEnabled=false, sequentialTestRunsEnabled=false, resultPaths=[/var/tmp/testing-dir/**/test-results/test/*.xml], timeoutSeconds=0, assignmentCheckoutPath=null, testCheckoutPath=null, solutionCheckoutPath=null, dockerRunConfig=DockerRunConfig[isNetworkDisabled=true, env=[key=value]]], submissionResult=ResultDTO[id=132, completionDate=2025-02-14T23:42:45.519869118Z[Etc/UTC], successful=false, score=7.7, rated=true, submission=SubmissionDTO[id=119, submitted=true, type=MANUAL, exampleSubmission=null, submissionDate=2025-02-14T23:42:42.302762Z, commitHash=a9c717ccf7bcbe9531d3eee21dbaeb5aab2ff971, buildFailed=false, buildArtifact=false, participation=ParticipationDTO[id=462, testRun=false, type=programming, submissionCount=null, exercise=ParticipationExerciseDTO[id=298, exerciseType=PROGRAMMING, type=programming, assessmentType=AUTOMATIC, dueDate=2025-02-16T23:42:41.553955Z, assessmentDueDate=null, maxPoints=42.0, course=CourseDTO[id=147, accuracyOfScores=1]]], submissionExerciseType=programming, isProcessing=false, buildStartDate=null, estimatedCompletionDate=null], participation=ParticipationDTO[id=462, testRun=false, type=programming, submissionCount=null, exercise=ParticipationExerciseDTO[id=298, exerciseType=PROGRAMMING, type=programming, assessmentType=AUTOMATIC, dueDate=2025-02-16T23:42:41.553955Z, assessmentDueDate=null, maxPoints=42.0, course=CourseDTO[id=147, accuracyOfScores=1]]], feedbacks=[FeedbackDTO[id=67, text=null, detailText=The exercise expects a class with the name Context in the package testpackage. You did not implement the class in the exercise., hasLongFeedbackText=false, reference=null, credits=0.0, positive=false, type=AUTOMATIC, visibility=ALWAYS, testCase=TestCaseDTO[testName=null, id=13]], FeedbackDTO[id=68, text=null, detailText=The exercise expects a class with the name Policy in the package testpackage. You did not implement the class in the exercise., hasLongFeedbackText=false, reference=null, credits=0.0, positive=false, type=AUTOMATIC, visibility=ALWAYS, testCase=TestCaseDTO[testName=null, id=14]], FeedbackDTO[id=69, text=null, detailText=The exercise expects a class with the name SortStrategy in the package testpackage. You did not implement the class in the exercise., hasLongFeedbackText=false, reference=null, credits=0.0, positive=false, type=AUTOMATIC, visibility=ALWAYS, testCase=TestCaseDTO[testName=null, id=15]], FeedbackDTO[id=70, text=null, detailText=The class 'MergeSort' does not implement the interface 'SortStrategy' as expected. Implement the interface and its methods., hasLongFeedbackText=false, reference=null, credits=0.0, positive=false, type=AUTOMATIC, visibility=ALWAYS, testCase=TestCaseDTO[testName=null, id=10]], FeedbackDTO[id=71, text=null, detailText=The exercise expects a class with the name SortStrategy in the package testpackage. You did not implement the class in the exercise., hasLongFeedbackText=false, reference=null, credits=0.0, positive=false, type=AUTOMATIC, visibility=ALWAYS, testCase=TestCaseDTO[testName=null, id=7]], FeedbackDTO[id=72, text=null, detailText=The class 'BubbleSort' does not implement the interface 'SortStrategy' as expected. Implement the interface and its methods., hasLongFeedbackText=false, reference=null, credits=0.0, positive=false, type=AUTOMATIC, visibility=ALWAYS, testCase=TestCaseDTO[testName=null, id=11]], FeedbackDTO[id=73, text=null, detailText=MergeSort does not sort correctly, hasLongFeedbackText=false, reference=null, credits=0.0, positive=false, type=AUTOMATIC, visibility=ALWAYS, testCase=TestCaseDTO[testName=null, id=16]], FeedbackDTO[id=74, text=null, detailText=The class 'Context' was not found within the submission. Make sure to implement it properly., hasLongFeedbackText=false, reference=null, credits=0.0, positive=false, type=AUTOMATIC, visibility=ALWAYS, testCase=TestCaseDTO[testName=null, id=17]], FeedbackDTO[id=75, text=null, detailText=The class 'Context' was not found within the submission. Make sure to implement it properly., hasLongFeedbackText=false, reference=null, credits=0.0, positive=false, type=AUTOMATIC, visibility=ALWAYS, testCase=TestCaseDTO[testName=null, id=18]], FeedbackDTO[id=76, text=null, detailText=The exercise expects a class with the name Policy in the package testpackage. You did not implement the class in the exercise., hasLongFeedbackText=false, reference=null, credits=0.0, positive=false, type=AUTOMATIC, visibility=ALWAYS, testCase=TestCaseDTO[testName=null, id=12]], FeedbackDTO[id=77, text=null, detailText=The exercise expects a class with the name Context in the package testpackage. You did not implement the class in the exercise., hasLongFeedbackText=false, reference=null, credits=0.0, positive=false, type=AUTOMATIC, visibility=ALWAYS, testCase=TestCaseDTO[testName=null, id=8]], FeedbackDTO[id=78, text=null, detailText=The exercise expects a class with the name Policy in the package testpackage. You did not implement the class in the exercise., hasLongFeedbackText=false, reference=null, credits=0.0, positive=false, type=AUTOMATIC, visibility=ALWAYS, testCase=TestCaseDTO[testName=null, id=9]], FeedbackDTO[id=79, text=null, detailText=null, hasLongFeedbackText=false, reference=null, credits=3.230769230769231, positive=true, type=AUTOMATIC, visibility=ALWAYS, testCase=TestCaseDTO[testName=null, id=19]]], assessmentType=AUTOMATIC, hasComplaint=null, exampleResult=null, testCaseCount=13, passedTestCaseCount=1, codeIssueCount=0]], BuildJobQueueItem[id=4651739576569330, name=SHORTB06DD3F905F4604F6E085260D83ED657A6DFTSTEXC-LOCALCIINTSTUDENT1, buildAgent=BuildAgentDTO[name=artemis-build-agent-test, memberAddress=[127.0.0.1]:5703, displayName=artemis-build-agent-test], participationId=465, courseId=148, exerciseId=299, retryCount=0, priority=2, status=SUCCESSFUL, repositoryInfo=RepositoryInfo[repositoryName=shortb06dd3f905f4604f6e085260d83ed657a6dftstexc-localciintstudent1, repositoryType=user, triggeredByPushTo=user, assignmentRepositoryUri=http://localhost:49152/git/SHORTB06DD3F905F4604F6E085260D83ED657A6DFTSTEXC/shortb06dd3f905f4604f6e085260d83ed657a6dftstexc-localciintstudent1.git, testRepositoryUri=http://localhost:49152/git/SHORTB06DD3F905F4604F6E085260D83ED657A6DFTSTEXC/shortb06dd3f905f4604f6e085260d83ed657a6dftstexc-tests.git, solutionRepositoryUri=null, auxiliaryRepositoryUris=[Ljava.lang.String;@66321603, auxiliaryRepositoryCheckoutDirectories=[Ljava.lang.String;@22cd8b4e], jobTimingInfo=JobTimingInfo[submissionDate=2025-02-14T23:42:49.330093960Z[Etc/UTC], buildStartDate=2025-02-14T23:42:49.347797345Z[Etc/UTC], buildCompletionDate=2025-02-14T23:42:51.204319751Z[Etc/UTC], estimatedCompletionDate=2025-02-14T23:43:08.347788449Z[Etc/UTC], estimatedDuration=19], buildConfig=BuildConfig[buildScript=#!/bin/bash
cd /var/tmp/testing-dir
chmod +x ./gradlew
./gradlew clean test
, dockerImage=dummy-docker-image:latest, commitHashToBuild=41581fff25954d36cf07586926ee0c77d1003131, assignmentCommitHash=41581fff25954d36cf07586926ee0c77d1003131, testCommitHash=41581fff25954d36cf07586926ee0c77d1003131, branch=main, programmingLanguage=JAVA, projectType=PLAIN_GRADLE, scaEnabled=false, sequentialTestRunsEnabled=false, resultPaths=[/var/tmp/testing-dir/**/test-results/test/*.xml], timeoutSeconds=0, assignmentCheckoutPath=null, testCheckoutPath=null, solutionCheckoutPath=null, dockerRunConfig=null], submissionResult=ResultDTO[id=133, completionDate=2025-02-14T23:42:51.155372920Z[Etc/UTC], successful=false, score=7.7, rated=true, submission=SubmissionDTO[id=120, submitted=true, type=MANUAL, exampleSubmission=null, submissionDate=2025-02-14T23:42:49.321855Z, commitHash=41581fff25954d36cf07586926ee0c77d1003131, buildFailed=false, buildArtifact=false, participation=ParticipationDTO[id=465, testRun=false, type=programming, submissionCount=null, exercise=ParticipationExerciseDTO[id=299, exerciseType=PROGRAMMING, type=programming, assessmentType=AUTOMATIC, dueDate=2025-02-16T23:42:49.163661Z, assessmentDueDate=null, maxPoints=42.0, course=CourseDTO[id=148, accuracyOfScores=1]]], submissionExerciseType=programming, isProcessing=false, buildStartDate=null, estimatedCompletionDate=null], participation=ParticipationDTO[id=465, testRun=false, type=programming, submissionCount=null, exercise=ParticipationExerciseDTO[id=299, exerciseType=PROGRAMMING, type=programming, assessmentType=AUTOMATIC, dueDate=2025-02-16T23:42:49.163661Z, assessmentDueDate=null, maxPoints=42.0, course=CourseDTO[id=148, accuracyOfScores=1]]], feedbacks=[FeedbackDTO[id=80, text=null, detailText=The exercise expects a class with the name Context in the package testpackage. You did not implement the class in the exercise., hasLongFeedbackText=false, reference=null, credits=0.0, positive=false, type=AUTOMATIC, visibility=ALWAYS, testCase=TestCaseDTO[testName=null, id=26]], FeedbackDTO[id=81, text=null, detailText=The exercise expects a class with the name Policy in the package testpackage. You did not implement the class in the exercise., hasLongFeedbackText=false, reference=null, credits=0.0, positive=false, type=AUTOMATIC, visibility=ALWAYS, testCase=TestCaseDTO[testName=null, id=27]], FeedbackDTO[id=82, text=null, detailText=The exercise expects a class with the name SortStrategy in the package testpackage. You did not implement the class in the exercise., hasLongFeedbackText=false, reference=null, credits=0.0, positive=false, type=AUTOMATIC, visibility=ALWAYS, testCase=TestCaseDTO[testName=null, id=28]], FeedbackDTO[id=83, text=null, detailText=The class 'MergeSort' does not implement the interface 'SortStrategy' as expected. Implement the interface and its methods., hasLongFeedbackText=false, reference=null, credits=0.0, positive=false, type=AUTOMATIC, visibility=ALWAYS, testCase=TestCaseDTO[testName=null, id=23]], FeedbackDTO[id=84, text=null, detailText=The exercise expects a class with the name SortStrategy in the package testpackage. You did not implement the class in the exercise., hasLongFeedbackText=false, reference=null, credits=0.0, positive=false, type=AUTOMATIC, visibility=ALWAYS, testCase=TestCaseDTO[testName=null, id=20]], FeedbackDTO[id=85, text=null, detailText=The class 'BubbleSort' does not implement the interface 'SortStrategy' as expected. Implement the interface and its methods., hasLongFeedbackText=false, reference=null, credits=0.0, positive=false, type=AUTOMATIC, visibility=ALWAYS, testCase=TestCaseDTO[testName=null, id=24]], FeedbackDTO[id=86, text=null, detailText=MergeSort does not sort correctly, hasLongFeedbackText=false, reference=null, credits=0.0, positive=false, type=AUTOMATIC, visibility=ALWAYS, testCase=TestCaseDTO[testName=null, id=29]], FeedbackDTO[id=87, text=null, detailText=The class 'Context' was not found within the submission. Make sure to implement it properly., hasLongFeedbackText=false, reference=null, credits=0.0, positive=false, type=AUTOMATIC, visibility=ALWAYS, testCase=TestCaseDTO[testName=null, id=30]], FeedbackDTO[id=88, text=null, detailText=The class 'Context' was not found within the submission. Make sure to implement it properly., hasLongFeedbackText=false, reference=null, credits=0.0, positive=false, type=AUTOMATIC, visibility=ALWAYS, testCase=TestCaseDTO[testName=null, id=31]], FeedbackDTO[id=89, text=null, detailText=The exercise expects a class with the name Policy in the package testpackage. You did not implement the class in the exercise., hasLongFeedbackText=false, reference=null, credits=0.0, positive=false, type=AUTOMATIC, visibility=ALWAYS, testCase=TestCaseDTO[testName=null, id=25]], FeedbackDTO[id=90, text=null, detailText=The exercise expects a class with the name Context in the package testpackage. You did not implement the class in the exercise., hasLongFeedbackText=false, reference=null, credits=0.0, positive=false, type=AUTOMATIC, visibility=ALWAYS, testCase=TestCaseDTO[testName=null, id=21]], FeedbackDTO[id=91, text=null, detailText=The exercise expects a class with the name Policy in the package testpackage. You did not implement the class in the exercise., hasLongFeedbackText=false, reference=null, credits=0.0, positive=false, type=AUTOMATIC, visibility=ALWAYS, testCase=TestCaseDTO[testName=null, id=22]], FeedbackDTO[id=92, text=null, detailText=null, hasLongFeedbackText=false, reference=null, credits=3.230769230769231, positive=true, type=AUTOMATIC, visibility=ALWAYS, testCase=TestCaseDTO[testName=null, id=32]]], assessmentType=AUTOMATIC, hasComplaint=null, exampleResult=null, testCaseCount=13, passedTestCaseCount=1, codeIssueCount=0]], BuildJobQueueItem[id=4681739576573068, name=SHORTBCF65534040390488B0A46605F5F3776B89ATSTEXC-LOCALCIINTSTUDENT1, buildAgent=BuildAgentDTO[name=artemis-build-agent-test, memberAddress=[127.0.0.1]:5703, displayName=artemis-build-agent-test], participationId=468, courseId=149, exerciseId=300, retryCount=0, priority=2, status=SUCCESSFUL, repositoryInfo=RepositoryInfo[repositoryName=shortbcf65534040390488b0a46605f5f3776b89atstexc-localciintstudent1, repositoryType=user, triggeredByPushTo=user, assignmentRepositoryUri=http://localhost:49152/git/SHORTBCF65534040390488B0A46605F5F3776B89ATSTEXC/shortbcf65534040390488b0a46605f5f3776b89atstexc-localciintstudent1.git, testRepositoryUri=http://localhost:49152/git/SHORTBCF65534040390488B0A46605F5F3776B89ATSTEXC/shortbcf65534040390488b0a46605f5f3776b89atstexc-tests.git, solutionRepositoryUri=null, auxiliaryRepositoryUris=[Ljava.lang.String;@185eea4f, auxiliaryRepositoryCheckoutDirectories=[Ljava.lang.String;@604ef315], jobTimingInfo=JobTimingInfo[submissionDate=2025-02-14T23:42:53.068019209Z[Etc/UTC], buildStartDate=2025-02-14T23:42:53.092867394Z[Etc/UTC], buildCompletionDate=2025-02-14T23:42:55.086950323Z[Etc/UTC], estimatedCompletionDate=2025-02-14T23:43:12.092858828Z[Etc/UTC], estimatedDuration=19], buildConfig=BuildConfig[buildScript=#!/bin/bash
cd /var/tmp/testing-dir
chmod +x ./gradlew
./gradlew clean test
, dockerImage=dummy-docker-image:latest, commitHashToBuild=2d5c0482fc77d3f5ec0841962528a43054e83170, assignmentCommitHash=2d5c0482fc77d3f5ec0841962528a43054e83170, testCommitHash=7477e25d56ce5fee2c938542a7e7ed4ed085d373, branch=main, programmingLanguage=JAVA, projectType=PLAIN_GRADLE, scaEnabled=false, sequentialTestRunsEnabled=false, resultPaths=[/var/tmp/testing-dir/**/test-results/test/*.xml], timeoutSeconds=0, assignmentCheckoutPath=null, testCheckoutPath=null, solutionCheckoutPath=null, dockerRunConfig=null], submissionResult=ResultDTO[id=134, completionDate=2025-02-14T23:42:55.059618627Z[Etc/UTC], successful=false, score=7.7, rated=true, submission=SubmissionDTO[id=121, submitted=true, type=MANUAL, exampleSubmission=null, submissionDate=2025-02-14T23:42:53.048221Z, commitHash=2d5c0482fc77d3f5ec0841962528a43054e83170, buildFailed=false, buildArtifact=false, participation=ParticipationDTO[id=468, testRun=false, type=programming, submissionCount=null, exercise=ParticipationExerciseDTO[id=300, exerciseType=PROGRAMMING, type=programming, assessmentType=AUTOMATIC, dueDate=2025-02-16T23:42:52.873722Z, assessmentDueDate=null, maxPoints=42.0, course=CourseDTO[id=149, accuracyOfScores=1]]], submissionExerciseType=programming, isProcessing=false, buildStartDate=null, estimatedCompletionDate=null], participation=ParticipationDTO[id=468, testRun=false, type=programming, submissionCount=null, exercise=ParticipationExerciseDTO[id=300, exerciseType=PROGRAMMING, type=programming, assessmentType=AUTOMATIC, dueDate=2025-02-16T23:42:52.873722Z, assessmentDueDate=null, maxPoints=42.0, course=CourseDTO[id=149, accuracyOfScores=1]]], feedbacks=[FeedbackDTO[id=93, text=null, detailText=The exercise expects a class with the name Context in the package testpackage. You did not implement the class in the exercise., hasLongFeedbackText=false, reference=null, credits=0.0, positive=false, type=AUTOMATIC, visibility=ALWAYS, testCase=TestCaseDTO[testName=null, id=39]], FeedbackDTO[id=94, text=null, detailText=The exercise expects a class with the name Policy in the package testpackage. You did not implement the class in the exercise., hasLongFeedbackText=false, reference=null, credits=0.0, positive=false, type=AUTOMATIC, visibility=ALWAYS, testCase=TestCaseDTO[testName=null, id=40]], FeedbackDTO[id=95, text=null, detailText=The exercise expects a class with the name SortStrategy in the package testpackage. You did not implement the class in the exercise., hasLongFeedbackText=false, reference=null, credits=0.0, positive=false, type=AUTOMATIC, visibility=ALWAYS, testCase=TestCaseDTO[testName=null, id=41]], FeedbackDTO[id=96, text=null, detailText=The class 'MergeSort' does not implement the interface 'SortStrategy' as expected. Implement the interface and its methods., hasLongFeedbackText=false, reference=null, credits=0.0, positive=false, type=AUTOMATIC, visibility=ALWAYS, testCase=TestCaseDTO[testName=null, id=36]], FeedbackDTO[id=97, text=null, detailText=The exercise expects a class with the name SortStrategy in the package testpackage. You did not implement the class in the exercise., hasLongFeedbackText=false, reference=null, credits=0.0, positive=false, type=AUTOMATIC, visibility=ALWAYS, testCase=TestCaseDTO[testName=null, id=33]], FeedbackDTO[id=98, text=null, detailText=The class 'BubbleSort' does not implement the interface 'SortStrategy' as expected. Implement the interface and its methods., hasLongFeedbackText=false, reference=null, credits=0.0, positive=false, type=AUTOMATIC, visibility=ALWAYS, testCase=TestCaseDTO[testName=null, id=37]], FeedbackDTO[id=99, text=null, detailText=MergeSort does not sort correctly, hasLongFeedbackText=false, reference=null, credits=0.0, positive=false, type=AUTOMATIC, visibility=ALWAYS, testCase=TestCaseDTO[testName=null, id=42]], FeedbackDTO[id=100, text=null, detailText=The class 'Context' was not found within the submission. Make sure to implement it properly., hasLongFeedbackText=false, reference=null, credits=0.0, positive=false, type=AUTOMATIC, visibility=ALWAYS, testCase=TestCaseDTO[testName=null, id=43]], FeedbackDTO[id=101, text=null, detailText=The class 'Context' was not found within the submission. Make sure to implement it properly., hasLongFeedbackText=false, reference=null, credits=0.0, positive=false, type=AUTOMATIC, visibility=ALWAYS, testCase=TestCaseDTO[testName=null, id=44]], FeedbackDTO[id=102, text=null, detailText=The exercise expects a class with the name Policy in the package testpackage. You did not implement the class in the exercise., hasLongFeedbackText=false, reference=null, credits=0.0, positive=false, type=AUTOMATIC, visibility=ALWAYS, testCase=TestCaseDTO[testName=null, id=38]], FeedbackDTO[id=103, text=null, detailText=The exercise expects a class with the name Context in the package testpackage. You did not implement the class in the exercise., hasLongFeedbackText=false, reference=null, credits=0.0, positive=false, type=AUTOMATIC, visibility=ALWAYS, testCase=TestCaseDTO[testName=null, id=34]], FeedbackDTO[id=104, text=null, detailText=The exercise expects a class with the name Policy in the package testpackage. You did not implement the class in the exercise., hasLongFeedbackText=false, reference=null, credits=0.0, positive=false, type=AUTOMATIC, visibility=ALWAYS, testCase=TestCaseDTO[testName=null, id=35]], FeedbackDTO[id=105, text=null, detailText=null, hasLongFeedbackText=false, reference=null, credits=3.230769230769231, positive=true, type=AUTOMATIC, visibility=ALWAYS, testCase=TestCaseDTO[testName=null, id=45]]], assessmentType=AUTOMATIC, hasComplaint=null, exampleResult=null, testCaseCount=13, passedTestCaseCount=1, codeIssueCount=0]], BuildJobQueueItem[id=4741739576577297, name=SHORT88A9A223023E2047B709E4A029FA08BCF2CFTSTEXC-LOCALCIINTSTUDENT1, buildAgent=BuildAgentDTO[name=artemis-build-agent-test, memberAddress=[127.0.0.1]:5703, displayName=artemis-build-agent-test], participationId=474, courseId=151, exerciseId=302, retryCount=0, priority=2, status=SUCCESSFUL, repositoryInfo=RepositoryInfo[repositoryName=short88a9a223023e2047b709e4a029fa08bcf2cftstexc-localciintstudent1, repositoryType=user, triggeredByPushTo=user, assignmentRepositoryUri=http://localhost:49152/git/SHORT88A9A223023E2047B709E4A029FA08BCF2CFTSTEXC/short88a9a223023e2047b709e4a029fa08bcf2cftstexc-localciintstudent1.git, testRepositoryUri=http://localhost:49152/git/SHORT88A9A223023E2047B709E4A029FA08BCF2CFTSTEXC/short88a9a223023e2047b709e4a029fa08bcf2cftstexc-tests.git, solutionRepositoryUri=null, auxiliaryRepositoryUris=[Ljava.lang.String;@16ba6311, auxiliaryRepositoryCheckoutDirectories=[Ljava.lang.String;@58e31d73], jobTimingInfo=JobTimingInfo[submissionDate=2025-02-14T23:42:57.297342281Z[Etc/UTC], buildStartDate=2025-02-14T23:42:57.308570327Z[Etc/UTC], buildCompletionDate=2025-02-14T23:42:59.047616654Z[Etc/UTC], estimatedCompletionDate=2025-02-14T23:43:16.308558064Z[Etc/UTC], estimatedDuration=19], buildConfig=BuildConfig[buildScript=#!/bin/bash
cd /var/tmp/testing-dir
chmod +x ./gradlew
./gradlew clean test
, dockerImage=dummy-docker-image:latest, commitHashToBuild=736cbea1e46d6849b41266b2bf1cccd3b9ea55b1, assignmentCommitHash=736cbea1e46d6849b41266b2bf1cccd3b9ea55b1, testCommitHash=ea6267edd396a304305339b036512b63e0374c66, branch=main, programmingLanguage=JAVA, projectType=PLAIN_GRADLE, scaEnabled=false, sequentialTestRunsEnabled=false, resultPaths=[/var/tmp/testing-dir/**/test-results/test/*.xml], timeoutSeconds=0, assignmentCheckoutPath=null, testCheckoutPath=null, solutionCheckoutPath=null, dockerRunConfig=null], submissionResult=ResultDTO[id=135, completionDate=2025-02-14T23:42:59.014168821Z[Etc/UTC], successful=false, score=7.7, rated=true, submission=SubmissionDTO[id=123, submitted=true, type=MANUAL, exampleSubmission=null, submissionDate=2025-02-14T23:42:57.278471Z, commitHash=736cbea1e46d6849b41266b2bf1cccd3b9ea55b1, buildFailed=false, buildArtifact=false, participation=ParticipationDTO[id=474, testRun=false, type=programming, submissionCount=null, exercise=ParticipationExerciseDTO[id=302, exerciseType=PROGRAMMING, type=programming, assessmentType=AUTOMATIC, dueDate=2025-02-16T23:42:56.796251Z, assessmentDueDate=null, maxPoints=42.0, course=CourseDTO[id=151, accuracyOfScores=1]]], submissionExerciseType=programming, isProcessing=false, buildStartDate=null, estimatedCompletionDate=null], participation=ParticipationDTO[id=474, testRun=false, type=programming, submissionCount=null, exercise=ParticipationExerciseDTO[id=302, exerciseType=PROGRAMMING, type=programming, assessmentType=AUTOMATIC, dueDate=2025-02-16T23:42:56.796251Z, assessmentDueDate=null, maxPoints=42.0, course=CourseDTO[id=151, accuracyOfScores=1]]], feedbacks=[FeedbackDTO[id=106, text=null, detailText=The exercise expects a class with the name Context in the package testpackage. You did not implement the class in the exercise., hasLongFeedbackText=false, reference=null, credits=0.0, positive=false, type=AUTOMATIC, visibility=ALWAYS, testCase=TestCaseDTO[testName=null, id=65]], FeedbackDTO[id=107, text=null, detailText=The exercise expects a class with the name Policy in the package testpackage. You did not implement the class in the exercise., hasLongFeedbackText=false, reference=null, credits=0.0, positive=false, type=AUTOMATIC, visibility=ALWAYS, testCase=TestCaseDTO[testName=null, id=66]], FeedbackDTO[id=108, text=null, detailText=The exercise expects a class with the name SortStrategy in the package testpackage. You did not implement the class in the exercise., hasLongFeedbackText=false, reference=null, credits=0.0, positive=false, type=AUTOMATIC, visibility=ALWAYS, testCase=TestCaseDTO[testName=null, id=67]], FeedbackDTO[id=109, text=null, detailText=The class 'MergeSort' does not implement the interface 'SortStrategy' as expected. Implement the interface and its methods., hasLongFeedbackText=false, reference=null, credits=0.0, positive=false, type=AUTOMATIC, visibility=ALWAYS, testCase=TestCaseDTO[testName=null, id=62]], FeedbackDTO[id=110, text=null, detailText=The exercise expects a class with the name SortStrategy in the package testpackage. You did not implement the class in the exercise., hasLongFeedbackText=false, reference=null, credits=0.0, positive=false, type=AUTOMATIC, visibility=ALWAYS, testCase=TestCaseDTO[testName=null, id=59]], FeedbackDTO[id=111, text=null, detailText=The class 'BubbleSort' does not implement the interface 'SortStrategy' as expected. Implement the interface and its methods., hasLongFeedbackText=false, reference=null, credits=0.0, positive=false, type=AUTOMATIC, visibility=ALWAYS, testCase=TestCaseDTO[testName=null, id=63]], FeedbackDTO[id=112, text=null, detailText=MergeSort does not sort correctly, hasLongFeedbackText=false, reference=null, credits=0.0, positive=false, type=AUTOMATIC, visibility=ALWAYS, testCase=TestCaseDTO[testName=null, id=68]], FeedbackDTO[id=113, text=null, detailText=The class 'Context' was not found within the submission. Make sure to implement it properly., hasLongFeedbackText=false, reference=null, credits=0.0, positive=false, type=AUTOMATIC, visibility=ALWAYS, testCase=TestCaseDTO[testName=null, id=69]], FeedbackDTO[id=114, text=null, detailText=The class 'Context' was not found within the submission. Make sure to implement it properly., hasLongFeedbackText=false, reference=null, credits=0.0, positive=false, type=AUTOMATIC, visibility=ALWAYS, testCase=TestCaseDTO[testName=null, id=70]], FeedbackDTO[id=115, text=null, detailText=The exercise expects a class with the name Policy in the package testpackage. You did not implement the class in the exercise., hasLongFeedbackText=false, reference=null, credits=0.0, positive=false, type=AUTOMATIC, visibility=ALWAYS, testCase=TestCaseDTO[testName=null, id=64]], FeedbackDTO[id=116, text=null, detailText=The exercise expects a class with the name Context in the package testpackage. You did not implement the class in the exercise., hasLongFeedbackText=false, reference=null, credits=0.0, positive=false, type=AUTOMATIC, visibility=ALWAYS, testCase=TestCaseDTO[testName=null, id=60]], FeedbackDTO[id=117, text=null, detailText=The exercise expects a class with the name Policy in the package testpackage. You did not implement the class in the exercise., hasLongFeedbackText=false, reference=null, credits=0.0, positive=false, type=AUTOMATIC, visibility=ALWAYS, testCase=TestCaseDTO[testName=null, id=61]], FeedbackDTO[id=118, text=null, detailText=null, hasLongFeedbackText=false, reference=null, credits=3.230769230769231, positive=true, type=AUTOMATIC, visibility=ALWAYS, testCase=TestCaseDTO[testName=null, id=71]]], assessmentType=AUTOMATIC, hasComplaint=null, exampleResult=null, testCaseCount=13, passedTestCaseCount=1, codeIssueCount=0]], BuildJobQueueItem[id=4771739576580898, name=SHORT51E611E30D6B60466F0B8BA0AA97F58888C2TSTEXC-LOCALCIINTSTUDENT1, buildAgent=BuildAgentDTO[name=artemis-build-agent-test, memberAddress=[127.0.0.1]:5703, displayName=artemis-build-agent-test], participationId=477, courseId=152, exerciseId=303, retryCount=0, priority=2, status=SUCCESSFUL, repositoryInfo=RepositoryInfo[repositoryName=short51e611e30d6b60466f0b8ba0aa97f58888c2tstexc-localciintstudent1, repositoryType=user, triggeredByPushTo=user, assignmentRepositoryUri=http://localhost:49152/git/SHORT51E611E30D6B60466F0B8BA0AA97F58888C2TSTEXC/short51e611e30d6b60466f0b8ba0aa97f58888c2tstexc-localciintstudent1.git, testRepositoryUri=http://localhost:49152/git/SHORT51E611E30D6B60466F0B8BA0AA97F58888C2TSTEXC/short51e611e30d6b60466f0b8ba0aa97f58888c2tstexc-tests.git, solutionRepositoryUri=null, auxiliaryRepositoryUris=[Ljava.lang.String;@378088b2, auxiliaryRepositoryCheckoutDirectories=[Ljava.lang.String;@20c1030c], jobTimingInfo=JobTimingInfo[submissionDate=2025-02-14T23:43:00.898532688Z[Etc/UTC], buildStartDate=2025-02-14T23:43:00.905733056Z[Etc/UTC], buildCompletionDate=2025-02-14T23:43:02.692768910Z[Etc/UTC], estimatedCompletionDate=2025-02-14T23:43:19.905720463Z[Etc/UTC], estimatedDuration=19], buildConfig=BuildConfig[buildScript=#!/bin/bash
cd /var/tmp/testing-dir
chmod +x ./gradlew
./gradlew clean test
, dockerImage=dummy-docker-image:latest, commitHashToBuild=8f3057cbd462f5e3de4e6ba85115f60d8dbb5aea, assignmentCommitHash=8f3057cbd462f5e3de4e6ba85115f60d8dbb5aea, testCommitHash=8f3057cbd462f5e3de4e6ba85115f60d8dbb5aea, branch=main, programmingLanguage=JAVA, projectType=PLAIN_GRADLE, scaEnabled=true, sequentialTestRunsEnabled=false, resultPaths=[/var/tmp/testing-dir/**/test-results/test/*.xml], timeoutSeconds=0, assignmentCheckoutPath=null, testCheckoutPath=null, solutionCheckoutPath=null, dockerRunConfig=null], submissionResult=ResultDTO[id=136, completionDate=2025-02-14T23:43:02.637820510Z[Etc/UTC], successful=false, score=7.7, rated=true, submission=SubmissionDTO[id=124, submitted=true, type=MANUAL, exampleSubmission=null, submissionDate=2025-02-14T23:43:00.886601Z, commitHash=8f3057cbd462f5e3de4e6ba85115f60d8dbb5aea, buildFailed=false, buildArtifact=false, participation=ParticipationDTO[id=477, testRun=false, type=programming, submissionCount=null, exercise=ParticipationExerciseDTO[id=303, exerciseType=PROGRAMMING, type=programming, assessmentType=AUTOMATIC, dueDate=2025-02-16T23:43:00.631824Z, assessmentDueDate=null, maxPoints=42.0, course=CourseDTO[id=152, accuracyOfScores=1]]], submissionExerciseType=programming, isProcessing=false, buildStartDate=null, estimatedCompletionDate=null], participation=ParticipationDTO[id=477, testRun=false, type=programming, submissionCount=null, exercise=ParticipationExerciseDTO[id=303, exerciseType=PROGRAMMING, type=programming, assessmentType=AUTOMATIC, dueDate=2025-02-16T23:43:00.631824Z, assessmentDueDate=null, maxPoints=42.0, course=CourseDTO[id=152, accuracyOfScores=1]]], feedbacks=[FeedbackDTO[id=119, text=null, detailText=The exercise expects a class with the name Context in the package testpackage. You did not implement the class in the exercise., hasLongFeedbackText=false, reference=null, credits=0.0, positive=false, type=AUTOMATIC, visibility=ALWAYS, testCase=TestCaseDTO[testName=null, id=78]], FeedbackDTO[id=120, text=null, detailText=The exercise expects a class with the name Policy in the package testpackage. You did not implement the class in the exercise., hasLongFeedbackText=false, reference=null, credits=0.0, positive=false, type=AUTOMATIC, visibility=ALWAYS, testCase=TestCaseDTO[testName=null, id=79]], FeedbackDTO[id=121, text=null, detailText=The exercise expects a class with the name SortStrategy in the package testpackage. You did not implement the class in the exercise., hasLongFeedbackText=false, reference=null, credits=0.0, positive=false, type=AUTOMATIC, visibility=ALWAYS, testCase=TestCaseDTO[testName=null, id=80]], FeedbackDTO[id=122, text=null, detailText=The class 'MergeSort' does not implement the interface 'SortStrategy' as expected. Implement the interface and its methods., hasLongFeedbackText=false, reference=null, credits=0.0, positive=false, type=AUTOMATIC, visibility=ALWAYS, testCase=TestCaseDTO[testName=null, id=75]], FeedbackDTO[id=123, text=null, detailText=The exercise expects a class with the name SortStrategy in the package testpackage. You did not implement the class in the exercise., hasLongFeedbackText=false, reference=null, credits=0.0, positive=false, type=AUTOMATIC, visibility=ALWAYS, testCase=TestCaseDTO[testName=null, id=72]], FeedbackDTO[id=124, text=null, detailText=The class 'BubbleSort' does not implement the interface 'SortStrategy' as expected. Implement the interface and its methods., hasLongFeedbackText=false, reference=null, credits=0.0, positive=false, type=AUTOMATIC, visibility=ALWAYS, testCase=TestCaseDTO[testName=null, id=76]], FeedbackDTO[id=125, text=null, detailText=MergeSort does not sort correctly, hasLongFeedbackText=false, reference=null, credits=0.0, positive=false, type=AUTOMATIC, visibility=ALWAYS, testCase=TestCaseDTO[testName=null, id=81]], FeedbackDTO[id=126, text=null, detailText=The class 'Context' was not found within the submission. Make sure to implement it properly., hasLongFeedbackText=false, reference=null, credits=0.0, positive=false, type=AUTOMATIC, visibility=ALWAYS, testCase=TestCaseDTO[testName=null, id=82]], FeedbackDTO[id=127, text=null, detailText=The class 'Context' was not found within the submission. Make sure to implement it properly., hasLongFeedbackText=false, reference=null, credits=0.0, positive=false, type=AUTOMATIC, visibility=ALWAYS, testCase=TestCaseDTO[testName=null, id=83]], FeedbackDTO[id=128, text=null, detailText=The exercise expects a class with the name Policy in the package testpackage. You did not implement the class in the exercise., hasLongFeedbackText=false, reference=null, credits=0.0, positive=false, type=AUTOMATIC, visibility=ALWAYS, testCase=TestCaseDTO[testName=null, id=77]], FeedbackDTO[id=129, text=null, detailText=The exercise expects a class with the name Context in the package testpackage. You did not implement the class in the exercise., hasLongFeedbackText=false, reference=null, credits=0.0, positive=false, type=AUTOMATIC, visibility=ALWAYS, testCase=TestCaseDTO[testName=null, id=73]], FeedbackDTO[id=130, text=null, detailText=The exercise expects a class with the name Policy in the package testpackage. You did not implement the class in the exercise., hasLongFeedbackText=false, reference=null, credits=0.0, positive=false, type=AUTOMATIC, visibility=ALWAYS, testCase=TestCaseDTO[testName=null, id=74]], FeedbackDTO[id=131, text=null, detailText=null, hasLongFeedbackText=false, reference=null, credits=3.230769230769231, positive=true, type=AUTOMATIC, visibility=ALWAYS, testCase=TestCaseDTO[testName=null, id=84]], FeedbackDTO[id=132, text=SCAFeedbackIdentifier:Bad Practice, detailText={"filePath":"src/code/Client.java","startLine":6,"endLine":6,"startColumn":1,"endColumn":26,"rule":"UnusedImports","category":"Best Practices","message":"Avoid unused imports such as 'javax.swing.JFrame'","priority":"4"}, hasLongFeedbackText=false, reference=PMD, credits=0.0, positive=false, type=AUTOMATIC, visibility=null, testCase=null], FeedbackDTO[id=133, text=SCAFeedbackIdentifier:Code Style, detailText={"filePath":"src/code/Client.java","startLine":7,"endLine":7,"startColumn":1,"endColumn":19,"rule":"DontImportJavaLang","category":"Code Style","message":"Avoid importing anything from the package java.lang","priority":"4"}, hasLongFeedbackText=false, reference=PMD, credits=0.0, positive=false, type=AUTOMATIC, visibility=null, testCase=null], FeedbackDTO[id=134, text=SCAFeedbackIdentifier:Bad Practice, detailText={"filePath":"src/code/Client.java","startLine":7,"endLine":7,"startColumn":1,"endColumn":19,"rule":"UnusedImports","category":"Best Practices","message":"Avoid unused imports such as 'java.lang'","priority":"4"}, hasLongFeedbackText=false, reference=PMD, credits=0.0, positive=false, type=AUTOMATIC, visibility=null, testCase=null], FeedbackDTO[id=135, text=SCAFeedbackIdentifier:Bad Practice, detailText={"filePath":"src/code/Client.java","startLine":73,"endLine":73,"startColumn":18,"endColumn":27,"rule":"UnusedLocalVariable","category":"Best Practices","message":"Avoid unused local variables such as 'randomDate'.","priority":"3"}, hasLongFeedbackText=false, reference=PMD, credits=0.0, positive=false, type=AUTOMATIC, visibility=null, testCase=null], FeedbackDTO[id=136, text=SCAFeedbackIdentifier:Bad Practice, detailText={"filePath":"src/code/Client.java","startLine":81,"endLine":81,"startColumn":31,"endColumn":53,"rule":"UnusedPrivateMethod","category":"Best Practices","message":"Avoid unused private methods such as 'CreateRandomDatesList()'.","priority":"3"}, hasLongFeedbackText=false, reference=PMD, credits=0.0, positive=false, type=AUTOMATIC, visibility=null, testCase=null], FeedbackDTO[id=137, text=SCAFeedbackIdentifier:Potential Bugs, detailText={"filePath":"src/code/Client.java","startLine":94,"endLine":94,"startColumn":9,"endColumn":9,"rule":"EmptyStatementNotInLoop","category":"Error Prone","message":"An empty statement (semicolon) not part of a loop","priority":"3"}, hasLongFeedbackText=false, reference=PMD, credits=0.0, positive=false, type=AUTOMATIC, visibility=null, testCase=null], FeedbackDTO[id=138, text=SCAFeedbackIdentifier:Potential Bugs, detailText={"filePath":"src/code/Client.java","startLine":94,"endLine":94,"startColumn":10,"endColumn":10,"rule":"EmptyStatementNotInLoop","category":"Error Prone","message":"An empty statement (semicolon) not part of a loop","priority":"3"}, hasLongFeedbackText=false, reference=PMD, credits=0.0, positive=false, type=AUTOMATIC, visibility=null, testCase=null], FeedbackDTO[id=139, text=SCAFeedbackIdentifier:Potential Bugs, detailText={"filePath":"src/code/Client.java","startLine":94,"endLine":94,"startColumn":11,"endColumn":11,"rule":"EmptyStatementNotInLoop","category":"Error Prone","message":"An empty statement (semicolon) not part of a loop","priority":"3"}, hasLongFeedbackText=false, reference=PMD, credits=0.0, positive=false, type=AUTOMATIC, visibility=null, testCase=null], FeedbackDTO[id=140, text=SCAFeedbackIdentifier:Code Style, detailText={"filePath":"src/code/Client.java","startLine":73,"endLine":73,"rule":"DLS_DEAD_LOCAL_STORE","category":"STYLE","message":"Dead store to randomDate in code.Client.createRandomDatesList()","priority":"2"}, hasLongFeedbackText=false, reference=SPOTBUGS, credits=0.0, positive=false, type=AUTOMATIC, visibility=null, testCase=null], FeedbackDTO[id=141, text=SCAFeedbackIdentifier:Bad Practice, detailText={"filePath":"src/code/Client.java","startLine":82,"endLine":95,"rule":"NM_METHOD_NAMING_CONVENTION","category":"BAD_PRACTICE","message":"The method name code.Client.CreateRandomDatesList() doesn't start with a lower case letter","priority":"3"}, hasLongFeedbackText=false, reference=SPOTBUGS, credits=0.0, positive=false, type=AUTOMATIC, visibility=null, testCase=null], FeedbackDTO[id=142, text=SCAFeedbackIdentifier:Performance, detailText={"filePath":"src/code/Client.java","startLine":82,"endLine":95,"rule":"UPM_UNCALLED_PRIVATE_METHOD","category":"PERFORMANCE","message":"Private method code.Client.CreateRandomDatesList() is never called","priority":"2"}, hasLongFeedbackText=false, reference=SPOTBUGS, credits=0.0, positive=false, type=AUTOMATIC, visibility=null, testCase=null], FeedbackDTO[id=143, text=SCAFeedbackIdentifier:Code Style, detailText={"filePath":"src/code/Client.java","startLine":70,"endLine":70,"startColumn":9,"endColumn":9,"rule":"NeedBracesCheck","category":"blocks","message":"'for' construct must use '{}'s.","priority":"error"}, hasLongFeedbackText=false, reference=CHECKSTYLE, credits=0.0, positive=false, type=AUTOMATIC, visibility=null, testCase=null], FeedbackDTO[id=144, text=SCAFeedbackIdentifier:Code Style, detailText={"filePath":"src/code/Client.java","startLine":93,"endLine":93,"startColumn":9,"endColumn":9,"rule":"EmptyStatementCheck","category":"coding","message":"Empty statement.","priority":"error"}, hasLongFeedbackText=false, reference=CHECKSTYLE, credits=0.0, positive=false, type=AUTOMATIC, visibility=null, testCase=null], FeedbackDTO[id=145, text=SCAFeedbackIdentifier:Code Style, detailText={"filePath":"src/code/Client.java","startLine":93,"endLine":93,"startColumn":10,"endColumn":10,"rule":"EmptyStatementCheck","category":"coding","message":"Empty statement.","priority":"error"}, hasLongFeedbackText=false, reference=CHECKSTYLE, credits=0.0, positive=false, type=AUTOMATIC, visibility=null, testCase=null], FeedbackDTO[id=146, text=SCAFeedbackIdentifier:Code Style, detailText={"filePath":"src/code/Client.java","startLine":93,"endLine":93,"startColumn":11,"endColumn":11,"rule":"EmptyStatementCheck","category":"coding","message":"Empty statement.","priority":"error"}, hasLongFeedbackText=false, reference=CHECKSTYLE, credits=0.0, positive=false, type=AUTOMATIC, visibility=null, testCase=null]], assessmentType=AUTOMATIC, hasComplaint=null, exampleResult=null, testCaseCount=13, passedTestCaseCount=1, codeIssueCount=15]]], publicSshKey=ssh-rsa AAAAB3NzaC1yc2EAAAADAQABAAACAQCOPdMsxRE2jFJ/UEa5/LsBxtwzJcrh3/rYBCQvcMeVpiRfhzQPWu7mrt/G2Ew+i+vRloGH9aqKg6dd1liRncao53Zmd/ePxoatXePNhmzTfkCkcSkTUz7B+QMjkoDDV5jwuFPD6mF3JkhuzSi64n9Zy905t4w2IhVcjM2mL3eYNjiCXt6Qpq3Pkt7dM/Ksw1nxnvuiIALuJLB3FTkXkHqq3PJav+9HSq2r6ZaWgekneaGxlQlb+U+Vy3XOuArKAzK8c8i+0bR+AHiTG6ncYXt7ax3U+TdlDTF7OLP3umwaYjs1NBXOHwG42pevvpKn2fqavZZozk+M05jXLx3bq0O7itxfErWc7etky8qYPyyIMF/txQIVLd78+Ze4d7Y60t5MGbXM5cGE6fFif5fEJwgswXD+BrG0cafz1CTatjSKFdvp8Vp4VszXhHDan1PrP6JEFJ5Cc5GDmLRZPCFa3vL9f5qXgf4bkqKN8MYeEujwJE5nMRWoiJVNakix2bcrrneQMBlnYeYZVWXXXUusAQBzl4NgddC1umZpihZkL1b1MffZAUW3EGEXi7KHnllQhkTLLsQ8ntMgbylqaJKStqaXlLvdeRJcEnUuiFCrHEVVbXRFZR7XVDZ02CE5o3MuaRPty8Kh+jRTF3COlAckHwYEJCNNJvXFgb2CNXL4mjzYDw== test@localhost]
    23:43:02.848 | 566 localvc.event-13 | DEBUG | s.l.LocalCIWebsocketMessagingService : Sending message on topic /topic/admin/build-agents: [BuildAgentInformation[buildAgent=BuildAgentDTO[name=artemis-build-agent-test, memberAddress=[127.0.0.1]:5703, displayName=artemis-build-agent-test], maxNumberOfConcurrentBuildJobs=1, numberOfCurrentBuildJobs=0, runningBuildJobs=[], status=IDLE, recentBuildJobs=null, publicSshKey=null]]
    23:43:02.850 | 566 localvc.event-13 | DEBUG | s.l.LocalCIWebsocketMessagingService : Sending message on topic /topic/admin/build-agent/artemis-build-agent-test: BuildAgentInformation[buildAgent=BuildAgentDTO[name=artemis-build-agent-test, memberAddress=[127.0.0.1]:5703, displayName=artemis-build-agent-test], maxNumberOfConcurrentBuildJobs=1, numberOfCurrentBuildJobs=0, runningBuildJobs=[], status=IDLE, recentBuildJobs=[BuildJobQueueItem[id=4621739576562326, name=SHORT43ACF76B02BC1044B80938509D14043FABDETSTEXC-LOCALCIINTSTUDENT1, buildAgent=BuildAgentDTO[name=artemis-build-agent-test, memberAddress=[127.0.0.1]:5703, displayName=artemis-build-agent-test], participationId=462, courseId=147, exerciseId=298, retryCount=0, priority=2, status=SUCCESSFUL, repositoryInfo=RepositoryInfo[repositoryName=short43acf76b02bc1044b80938509d14043fabdetstexc-localciintstudent1, repositoryType=user, triggeredByPushTo=user, assignmentRepositoryUri=http://localhost:49152/git/SHORT43ACF76B02BC1044B80938509D14043FABDETSTEXC/short43acf76b02bc1044b80938509d14043fabdetstexc-localciintstudent1.git, testRepositoryUri=http://localhost:49152/git/SHORT43ACF76B02BC1044B80938509D14043FABDETSTEXC/short43acf76b02bc1044b80938509d14043fabdetstexc-tests.git, solutionRepositoryUri=null, auxiliaryRepositoryUris=[Ljava.lang.String;@169806bb, auxiliaryRepositoryCheckoutDirectories=[Ljava.lang.String;@3ee9ae07], jobTimingInfo=JobTimingInfo[submissionDate=2025-02-14T23:42:42.326978596Z[Etc/UTC], buildStartDate=2025-02-14T23:42:42.420147010Z[Etc/UTC], buildCompletionDate=2025-02-14T23:42:45.573855829Z[Etc/UTC], estimatedCompletionDate=2025-02-14T23:43:01.420129377Z[Etc/UTC], estimatedDuration=19], buildConfig=BuildConfig[buildScript=#!/bin/bash
cd /var/tmp/testing-dir
chmod +x ./gradlew
./gradlew clean test
, dockerImage=dummy-docker-image:latest, commitHashToBuild=a9c717ccf7bcbe9531d3eee21dbaeb5aab2ff971, assignmentCommitHash=a9c717ccf7bcbe9531d3eee21dbaeb5aab2ff971, testCommitHash=a9c717ccf7bcbe9531d3eee21dbaeb5aab2ff971, branch=main, programmingLanguage=JAVA, projectType=PLAIN_GRADLE, scaEnabled=false, sequentialTestRunsEnabled=false, resultPaths=[/var/tmp/testing-dir/**/test-results/test/*.xml], timeoutSeconds=0, assignmentCheckoutPath=null, testCheckoutPath=null, solutionCheckoutPath=null, dockerRunConfig=DockerRunConfig[isNetworkDisabled=true, env=[key=value]]], submissionResult=ResultDTO[id=132, completionDate=2025-02-14T23:42:45.519869118Z[Etc/UTC], successful=false, score=7.7, rated=true, submission=SubmissionDTO[id=119, submitted=true, type=MANUAL, exampleSubmission=null, submissionDate=2025-02-14T23:42:42.302762Z, commitHash=a9c717ccf7bcbe9531d3eee21dbaeb5aab2ff971, buildFailed=false, buildArtifact=false, participation=ParticipationDTO[id=462, testRun=false, type=programming, submissionCount=null, exercise=ParticipationExerciseDTO[id=298, exerciseType=PROGRAMMING, type=programming, assessmentType=AUTOMATIC, dueDate=2025-02-16T23:42:41.553955Z, assessmentDueDate=null, maxPoints=42.0, course=CourseDTO[id=147, accuracyOfScores=1]]], submissionExerciseType=programming, isProcessing=false, buildStartDate=null, estimatedCompletionDate=null], participation=ParticipationDTO[id=462, testRun=false, type=programming, submissionCount=null, exercise=ParticipationExerciseDTO[id=298, exerciseType=PROGRAMMING, type=programming, assessmentType=AUTOMATIC, dueDate=2025-02-16T23:42:41.553955Z, assessmentDueDate=null, maxPoints=42.0, course=CourseDTO[id=147, accuracyOfScores=1]]], feedbacks=[FeedbackDTO[id=67, text=null, detailText=The exercise expects a class with the name Context in the package testpackage. You did not implement the class in the exercise., hasLongFeedbackText=false, reference=null, credits=0.0, positive=false, type=AUTOMATIC, visibility=ALWAYS, testCase=TestCaseDTO[testName=null, id=13]], FeedbackDTO[id=68, text=null, detailText=The exercise expects a class with the name Policy in the package testpackage. You did not implement the class in the exercise., hasLongFeedbackText=false, reference=null, credits=0.0, positive=false, type=AUTOMATIC, visibility=ALWAYS, testCase=TestCaseDTO[testName=null, id=14]], FeedbackDTO[id=69, text=null, detailText=The exercise expects a class with the name SortStrategy in the package testpackage. You did not implement the class in the exercise., hasLongFeedbackText=false, reference=null, credits=0.0, positive=false, type=AUTOMATIC, visibility=ALWAYS, testCase=TestCaseDTO[testName=null, id=15]], FeedbackDTO[id=70, text=null, detailText=The class 'MergeSort' does not implement the interface 'SortStrategy' as expected. Implement the interface and its methods., hasLongFeedbackText=false, reference=null, credits=0.0, positive=false, type=AUTOMATIC, visibility=ALWAYS, testCase=TestCaseDTO[testName=null, id=10]], FeedbackDTO[id=71, text=null, detailText=The exercise expects a class with the name SortStrategy in the package testpackage. You did not implement the class in the exercise., hasLongFeedbackText=false, reference=null, credits=0.0, positive=false, type=AUTOMATIC, visibility=ALWAYS, testCase=TestCaseDTO[testName=null, id=7]], FeedbackDTO[id=72, text=null, detailText=The class 'BubbleSort' does not implement the interface 'SortStrategy' as expected. Implement the interface and its methods., hasLongFeedbackText=false, reference=null, credits=0.0, positive=false, type=AUTOMATIC, visibility=ALWAYS, testCase=TestCaseDTO[testName=null, id=11]], FeedbackDTO[id=73, text=null, detailText=MergeSort does not sort correctly, hasLongFeedbackText=false, reference=null, credits=0.0, positive=false, type=AUTOMATIC, visibility=ALWAYS, testCase=TestCaseDTO[testName=null, id=16]], FeedbackDTO[id=74, text=null, detailText=The class 'Context' was not found within the submission. Make sure to implement it properly., hasLongFeedbackText=false, reference=null, credits=0.0, positive=false, type=AUTOMATIC, visibility=ALWAYS, testCase=TestCaseDTO[testName=null, id=17]], FeedbackDTO[id=75, text=null, detailText=The class 'Context' was not found within the submission. Make sure to implement it properly., hasLongFeedbackText=false, reference=null, credits=0.0, positive=false, type=AUTOMATIC, visibility=ALWAYS, testCase=TestCaseDTO[testName=null, id=18]], FeedbackDTO[id=76, text=null, detailText=The exercise expects a class with the name Policy in the package testpackage. You did not implement the class in the exercise., hasLongFeedbackText=false, reference=null, credits=0.0, positive=false, type=AUTOMATIC, visibility=ALWAYS, testCase=TestCaseDTO[testName=null, id=12]], FeedbackDTO[id=77, text=null, detailText=The exercise expects a class with the name Context in the package testpackage. You did not implement the class in the exercise., hasLongFeedbackText=false, reference=null, credits=0.0, positive=false, type=AUTOMATIC, visibility=ALWAYS, testCase=TestCaseDTO[testName=null, id=8]], FeedbackDTO[id=78, text=null, detailText=The exercise expects a class with the name Policy in the package testpackage. You did not implement the class in the exercise., hasLongFeedbackText=false, reference=null, credits=0.0, positive=false, type=AUTOMATIC, visibility=ALWAYS, testCase=TestCaseDTO[testName=null, id=9]], FeedbackDTO[id=79, text=null, detailText=null, hasLongFeedbackText=false, reference=null, credits=3.230769230769231, positive=true, type=AUTOMATIC, visibility=ALWAYS, testCase=TestCaseDTO[testName=null, id=19]]], assessmentType=AUTOMATIC, hasComplaint=null, exampleResult=null, testCaseCount=13, passedTestCaseCount=1, codeIssueCount=0]], BuildJobQueueItem[id=4651739576569330, name=SHORTB06DD3F905F4604F6E085260D83ED657A6DFTSTEXC-LOCALCIINTSTUDENT1, buildAgent=BuildAgentDTO[name=artemis-build-agent-test, memberAddress=[127.0.0.1]:5703, displayName=artemis-build-agent-test], participationId=465, courseId=148, exerciseId=299, retryCount=0, priority=2, status=SUCCESSFUL, repositoryInfo=RepositoryInfo[repositoryName=shortb06dd3f905f4604f6e085260d83ed657a6dftstexc-localciintstudent1, repositoryType=user, triggeredByPushTo=user, assignmentRepositoryUri=http://localhost:49152/git/SHORTB06DD3F905F4604F6E085260D83ED657A6DFTSTEXC/shortb06dd3f905f4604f6e085260d83ed657a6dftstexc-localciintstudent1.git, testRepositoryUri=http://localhost:49152/git/SHORTB06DD3F905F4604F6E085260D83ED657A6DFTSTEXC/shortb06dd3f905f4604f6e085260d83ed657a6dftstexc-tests.git, solutionRepositoryUri=null, auxiliaryRepositoryUris=[Ljava.lang.String;@69ef561a, auxiliaryRepositoryCheckoutDirectories=[Ljava.lang.String;@3a2f77b4], jobTimingInfo=JobTimingInfo[submissionDate=2025-02-14T23:42:49.330093960Z[Etc/UTC], buildStartDate=2025-02-14T23:42:49.347797345Z[Etc/UTC], buildCompletionDate=2025-02-14T23:42:51.204319751Z[Etc/UTC], estimatedCompletionDate=2025-02-14T23:43:08.347788449Z[Etc/UTC], estimatedDuration=19], buildConfig=BuildConfig[buildScript=#!/bin/bash
cd /var/tmp/testing-dir
chmod +x ./gradlew
./gradlew clean test
, dockerImage=dummy-docker-image:latest, commitHashToBuild=41581fff25954d36cf07586926ee0c77d1003131, assignmentCommitHash=41581fff25954d36cf07586926ee0c77d1003131, testCommitHash=41581fff25954d36cf07586926ee0c77d1003131, branch=main, programmingLanguage=JAVA, projectType=PLAIN_GRADLE, scaEnabled=false, sequentialTestRunsEnabled=false, resultPaths=[/var/tmp/testing-dir/**/test-results/test/*.xml], timeoutSeconds=0, assignmentCheckoutPath=null, testCheckoutPath=null, solutionCheckoutPath=null, dockerRunConfig=null], submissionResult=ResultDTO[id=133, completionDate=2025-02-14T23:42:51.155372920Z[Etc/UTC], successful=false, score=7.7, rated=true, submission=SubmissionDTO[id=120, submitted=true, type=MANUAL, exampleSubmission=null, submissionDate=2025-02-14T23:42:49.321855Z, commitHash=41581fff25954d36cf07586926ee0c77d1003131, buildFailed=false, buildArtifact=false, participation=ParticipationDTO[id=465, testRun=false, type=programming, submissionCount=null, exercise=ParticipationExerciseDTO[id=299, exerciseType=PROGRAMMING, type=programming, assessmentType=AUTOMATIC, dueDate=2025-02-16T23:42:49.163661Z, assessmentDueDate=null, maxPoints=42.0, course=CourseDTO[id=148, accuracyOfScores=1]]], submissionExerciseType=programming, isProcessing=false, buildStartDate=null, estimatedCompletionDate=null], participation=ParticipationDTO[id=465, testRun=false, type=programming, submissionCount=null, exercise=ParticipationExerciseDTO[id=299, exerciseType=PROGRAMMING, type=programming, assessmentType=AUTOMATIC, dueDate=2025-02-16T23:42:49.163661Z, assessmentDueDate=null, maxPoints=42.0, course=CourseDTO[id=148, accuracyOfScores=1]]], feedbacks=[FeedbackDTO[id=80, text=null, detailText=The exercise expects a class with the name Context in the package testpackage. You did not implement the class in the exercise., hasLongFeedbackText=false, reference=null, credits=0.0, positive=false, type=AUTOMATIC, visibility=ALWAYS, testCase=TestCaseDTO[testName=null, id=26]], FeedbackDTO[id=81, text=null, detailText=The exercise expects a class with the name Policy in the package testpackage. You did not implement the class in the exercise., hasLongFeedbackText=false, reference=null, credits=0.0, positive=false, type=AUTOMATIC, visibility=ALWAYS, testCase=TestCaseDTO[testName=null, id=27]], FeedbackDTO[id=82, text=null, detailText=The exercise expects a class with the name SortStrategy in the package testpackage. You did not implement the class in the exercise., hasLongFeedbackText=false, reference=null, credits=0.0, positive=false, type=AUTOMATIC, visibility=ALWAYS, testCase=TestCaseDTO[testName=null, id=28]], FeedbackDTO[id=83, text=null, detailText=The class 'MergeSort' does not implement the interface 'SortStrategy' as expected. Implement the interface and its methods., hasLongFeedbackText=false, reference=null, credits=0.0, positive=false, type=AUTOMATIC, visibility=ALWAYS, testCase=TestCaseDTO[testName=null, id=23]], FeedbackDTO[id=84, text=null, detailText=The exercise expects a class with the name SortStrategy in the package testpackage. You did not implement the class in the exercise., hasLongFeedbackText=false, reference=null, credits=0.0, positive=false, type=AUTOMATIC, visibility=ALWAYS, testCase=TestCaseDTO[testName=null, id=20]], FeedbackDTO[id=85, text=null, detailText=The class 'BubbleSort' does not implement the interface 'SortStrategy' as expected. Implement the interface and its methods., hasLongFeedbackText=false, reference=null, credits=0.0, positive=false, type=AUTOMATIC, visibility=ALWAYS, testCase=TestCaseDTO[testName=null, id=24]], FeedbackDTO[id=86, text=null, detailText=MergeSort does not sort correctly, hasLongFeedbackText=false, reference=null, credits=0.0, positive=false, type=AUTOMATIC, visibility=ALWAYS, testCase=TestCaseDTO[testName=null, id=29]], FeedbackDTO[id=87, text=null, detailText=The class 'Context' was not found within the submission. Make sure to implement it properly., hasLongFeedbackText=false, reference=null, credits=0.0, positive=false, type=AUTOMATIC, visibility=ALWAYS, testCase=TestCaseDTO[testName=null, id=30]], FeedbackDTO[id=88, text=null, detailText=The class 'Context' was not found within the submission. Make sure to implement it properly., hasLongFeedbackText=false, reference=null, credits=0.0, positive=false, type=AUTOMATIC, visibility=ALWAYS, testCase=TestCaseDTO[testName=null, id=31]], FeedbackDTO[id=89, text=null, detailText=The exercise expects a class with the name Policy in the package testpackage. You did not implement the class in the exercise., hasLongFeedbackText=false, reference=null, credits=0.0, positive=false, type=AUTOMATIC, visibility=ALWAYS, testCase=TestCaseDTO[testName=null, id=25]], FeedbackDTO[id=90, text=null, detailText=The exercise expects a class with the name Context in the package testpackage. You did not implement the class in the exercise., hasLongFeedbackText=false, reference=null, credits=0.0, positive=false, type=AUTOMATIC, visibility=ALWAYS, testCase=TestCaseDTO[testName=null, id=21]], FeedbackDTO[id=91, text=null, detailText=The exercise expects a class with the name Policy in the package testpackage. You did not implement the class in the exercise., hasLongFeedbackText=false, reference=null, credits=0.0, positive=false, type=AUTOMATIC, visibility=ALWAYS, testCase=TestCaseDTO[testName=null, id=22]], FeedbackDTO[id=92, text=null, detailText=null, hasLongFeedbackText=false, reference=null, credits=3.230769230769231, positive=true, type=AUTOMATIC, visibility=ALWAYS, testCase=TestCaseDTO[testName=null, id=32]]], assessmentType=AUTOMATIC, hasComplaint=null, exampleResult=null, testCaseCount=13, passedTestCaseCount=1, codeIssueCount=0]], BuildJobQueueItem[id=4681739576573068, name=SHORTBCF65534040390488B0A46605F5F3776B89ATSTEXC-LOCALCIINTSTUDENT1, buildAgent=BuildAgentDTO[name=artemis-build-agent-test, memberAddress=[127.0.0.1]:5703, displayName=artemis-build-agent-test], participationId=468, courseId=149, exerciseId=300, retryCount=0, priority=2, status=SUCCESSFUL, repositoryInfo=RepositoryInfo[repositoryName=shortbcf65534040390488b0a46605f5f3776b89atstexc-localciintstudent1, repositoryType=user, triggeredByPushTo=user, assignmentRepositoryUri=http://localhost:49152/git/SHORTBCF65534040390488B0A46605F5F3776B89ATSTEXC/shortbcf65534040390488b0a46605f5f3776b89atstexc-localciintstudent1.git, testRepositoryUri=http://localhost:49152/git/SHORTBCF65534040390488B0A46605F5F3776B89ATSTEXC/shortbcf65534040390488b0a46605f5f3776b89atstexc-tests.git, solutionRepositoryUri=null, auxiliaryRepositoryUris=[Ljava.lang.String;@6cd40394, auxiliaryRepositoryCheckoutDirectories=[Ljava.lang.String;@1f3e019f], jobTimingInfo=JobTimingInfo[submissionDate=2025-02-14T23:42:53.068019209Z[Etc/UTC], buildStartDate=2025-02-14T23:42:53.092867394Z[Etc/UTC], buildCompletionDate=2025-02-14T23:42:55.086950323Z[Etc/UTC], estimatedCompletionDate=2025-02-14T23:43:12.092858828Z[Etc/UTC], estimatedDuration=19], buildConfig=BuildConfig[buildScript=#!/bin/bash
cd /var/tmp/testing-dir
chmod +x ./gradlew
./gradlew clean test
, dockerImage=dummy-docker-image:latest, commitHashToBuild=2d5c0482fc77d3f5ec0841962528a43054e83170, assignmentCommitHash=2d5c0482fc77d3f5ec0841962528a43054e83170, testCommitHash=7477e25d56ce5fee2c938542a7e7ed4ed085d373, branch=main, programmingLanguage=JAVA, projectType=PLAIN_GRADLE, scaEnabled=false, sequentialTestRunsEnabled=false, resultPaths=[/var/tmp/testing-dir/**/test-results/test/*.xml], timeoutSeconds=0, assignmentCheckoutPath=null, testCheckoutPath=null, solutionCheckoutPath=null, dockerRunConfig=null], submissionResult=ResultDTO[id=134, completionDate=2025-02-14T23:42:55.059618627Z[Etc/UTC], successful=false, score=7.7, rated=true, submission=SubmissionDTO[id=121, submitted=true, type=MANUAL, exampleSubmission=null, submissionDate=2025-02-14T23:42:53.048221Z, commitHash=2d5c0482fc77d3f5ec0841962528a43054e83170, buildFailed=false, buildArtifact=false, participation=ParticipationDTO[id=468, testRun=false, type=programming, submissionCount=null, exercise=ParticipationExerciseDTO[id=300, exerciseType=PROGRAMMING, type=programming, assessmentType=AUTOMATIC, dueDate=2025-02-16T23:42:52.873722Z, assessmentDueDate=null, maxPoints=42.0, course=CourseDTO[id=149, accuracyOfScores=1]]], submissionExerciseType=programming, isProcessing=false, buildStartDate=null, estimatedCompletionDate=null], participation=ParticipationDTO[id=468, testRun=false, type=programming, submissionCount=null, exercise=ParticipationExerciseDTO[id=300, exerciseType=PROGRAMMING, type=programming, assessmentType=AUTOMATIC, dueDate=2025-02-16T23:42:52.873722Z, assessmentDueDate=null, maxPoints=42.0, course=CourseDTO[id=149, accuracyOfScores=1]]], feedbacks=[FeedbackDTO[id=93, text=null, detailText=The exercise expects a class with the name Context in the package testpackage. You did not implement the class in the exercise., hasLongFeedbackText=false, reference=null, credits=0.0, positive=false, type=AUTOMATIC, visibility=ALWAYS, testCase=TestCaseDTO[testName=null, id=39]], FeedbackDTO[id=94, text=null, detailText=The exercise expects a class with the name Policy in the package testpackage. You did not implement the class in the exercise., hasLongFeedbackText=false, reference=null, credits=0.0, positive=false, type=AUTOMATIC, visibility=ALWAYS, testCase=TestCaseDTO[testName=null, id=40]], FeedbackDTO[id=95, text=null, detailText=The exercise expects a class with the name SortStrategy in the package testpackage. You did not implement the class in the exercise., hasLongFeedbackText=false, reference=null, credits=0.0, positive=false, type=AUTOMATIC, visibility=ALWAYS, testCase=TestCaseDTO[testName=null, id=41]], FeedbackDTO[id=96, text=null, detailText=The class 'MergeSort' does not implement the interface 'SortStrategy' as expected. Implement the interface and its methods., hasLongFeedbackText=false, reference=null, credits=0.0, positive=false, type=AUTOMATIC, visibility=ALWAYS, testCase=TestCaseDTO[testName=null, id=36]], FeedbackDTO[id=97, text=null, detailText=The exercise expects a class with the name SortStrategy in the package testpackage. You did not implement the class in the exercise., hasLongFeedbackText=false, reference=null, credits=0.0, positive=false, type=AUTOMATIC, visibility=ALWAYS, testCase=TestCaseDTO[testName=null, id=33]], FeedbackDTO[id=98, text=null, detailText=The class 'BubbleSort' does not implement the interface 'SortStrategy' as expected. Implement the interface and its methods., hasLongFeedbackText=false, reference=null, credits=0.0, positive=false, type=AUTOMATIC, visibility=ALWAYS, testCase=TestCaseDTO[testName=null, id=37]], FeedbackDTO[id=99, text=null, detailText=MergeSort does not sort correctly, hasLongFeedbackText=false, reference=null, credits=0.0, positive=false, type=AUTOMATIC, visibility=ALWAYS, testCase=TestCaseDTO[testName=null, id=42]], FeedbackDTO[id=100, text=null, detailText=The class 'Context' was not found within the submission. Make sure to implement it properly., hasLongFeedbackText=false, reference=null, credits=0.0, positive=false, type=AUTOMATIC, visibility=ALWAYS, testCase=TestCaseDTO[testName=null, id=43]], FeedbackDTO[id=101, text=null, detailText=The class 'Context' was not found within the submission. Make sure to implement it properly., hasLongFeedbackText=false, reference=null, credits=0.0, positive=false, type=AUTOMATIC, visibility=ALWAYS, testCase=TestCaseDTO[testName=null, id=44]], FeedbackDTO[id=102, text=null, detailText=The exercise expects a class with the name Policy in the package testpackage. You did not implement the class in the exercise., hasLongFeedbackText=false, reference=null, credits=0.0, positive=false, type=AUTOMATIC, visibility=ALWAYS, testCase=TestCaseDTO[testName=null, id=38]], FeedbackDTO[id=103, text=null, detailText=The exercise expects a class with the name Context in the package testpackage. You did not implement the class in the exercise., hasLongFeedbackText=false, reference=null, credits=0.0, positive=false, type=AUTOMATIC, visibility=ALWAYS, testCase=TestCaseDTO[testName=null, id=34]], FeedbackDTO[id=104, text=null, detailText=The exercise expects a class with the name Policy in the package testpackage. You did not implement the class in the exercise., hasLongFeedbackText=false, reference=null, credits=0.0, positive=false, type=AUTOMATIC, visibility=ALWAYS, testCase=TestCaseDTO[testName=null, id=35]], FeedbackDTO[id=105, text=null, detailText=null, hasLongFeedbackText=false, reference=null, credits=3.230769230769231, positive=true, type=AUTOMATIC, visibility=ALWAYS, testCase=TestCaseDTO[testName=null, id=45]]], assessmentType=AUTOMATIC, hasComplaint=null, exampleResult=null, testCaseCount=13, passedTestCaseCount=1, codeIssueCount=0]], BuildJobQueueItem[id=4741739576577297, name=SHORT88A9A223023E2047B709E4A029FA08BCF2CFTSTEXC-LOCALCIINTSTUDENT1, buildAgent=BuildAgentDTO[name=artemis-build-agent-test, memberAddress=[127.0.0.1]:5703, displayName=artemis-build-agent-test], participationId=474, courseId=151, exerciseId=302, retryCount=0, priority=2, status=SUCCESSFUL, repositoryInfo=RepositoryInfo[repositoryName=short88a9a223023e2047b709e4a029fa08bcf2cftstexc-localciintstudent1, repositoryType=user, triggeredByPushTo=user, assignmentRepositoryUri=http://localhost:49152/git/SHORT88A9A223023E2047B709E4A029FA08BCF2CFTSTEXC/short88a9a223023e2047b709e4a029fa08bcf2cftstexc-localciintstudent1.git, testRepositoryUri=http://localhost:49152/git/SHORT88A9A223023E2047B709E4A029FA08BCF2CFTSTEXC/short88a9a223023e2047b709e4a029fa08bcf2cftstexc-tests.git, solutionRepositoryUri=null, auxiliaryRepositoryUris=[Ljava.lang.String;@cf2dbe4, auxiliaryRepositoryCheckoutDirectories=[Ljava.lang.String;@4d218f19], jobTimingInfo=JobTimingInfo[submissionDate=2025-02-14T23:42:57.297342281Z[Etc/UTC], buildStartDate=2025-02-14T23:42:57.308570327Z[Etc/UTC], buildCompletionDate=2025-02-14T23:42:59.047616654Z[Etc/UTC], estimatedCompletionDate=2025-02-14T23:43:16.308558064Z[Etc/UTC], estimatedDuration=19], buildConfig=BuildConfig[buildScript=#!/bin/bash
cd /var/tmp/testing-dir
chmod +x ./gradlew
./gradlew clean test
, dockerImage=dummy-docker-image:latest, commitHashToBuild=736cbea1e46d6849b41266b2bf1cccd3b9ea55b1, assignmentCommitHash=736cbea1e46d6849b41266b2bf1cccd3b9ea55b1, testCommitHash=ea6267edd396a304305339b036512b63e0374c66, branch=main, programmingLanguage=JAVA, projectType=PLAIN_GRADLE, scaEnabled=false, sequentialTestRunsEnabled=false, resultPaths=[/var/tmp/testing-dir/**/test-results/test/*.xml], timeoutSeconds=0, assignmentCheckoutPath=null, testCheckoutPath=null, solutionCheckoutPath=null, dockerRunConfig=null], submissionResult=ResultDTO[id=135, completionDate=2025-02-14T23:42:59.014168821Z[Etc/UTC], successful=false, score=7.7, rated=true, submission=SubmissionDTO[id=123, submitted=true, type=MANUAL, exampleSubmission=null, submissionDate=2025-02-14T23:42:57.278471Z, commitHash=736cbea1e46d6849b41266b2bf1cccd3b9ea55b1, buildFailed=false, buildArtifact=false, participation=ParticipationDTO[id=474, testRun=false, type=programming, submissionCount=null, exercise=ParticipationExerciseDTO[id=302, exerciseType=PROGRAMMING, type=programming, assessmentType=AUTOMATIC, dueDate=2025-02-16T23:42:56.796251Z, assessmentDueDate=null, maxPoints=42.0, course=CourseDTO[id=151, accuracyOfScores=1]]], submissionExerciseType=programming, isProcessing=false, buildStartDate=null, estimatedCompletionDate=null], participation=ParticipationDTO[id=474, testRun=false, type=programming, submissionCount=null, exercise=ParticipationExerciseDTO[id=302, exerciseType=PROGRAMMING, type=programming, assessmentType=AUTOMATIC, dueDate=2025-02-16T23:42:56.796251Z, assessmentDueDate=null, maxPoints=42.0, course=CourseDTO[id=151, accuracyOfScores=1]]], feedbacks=[FeedbackDTO[id=106, text=null, detailText=The exercise expects a class with the name Context in the package testpackage. You did not implement the class in the exercise., hasLongFeedbackText=false, reference=null, credits=0.0, positive=false, type=AUTOMATIC, visibility=ALWAYS, testCase=TestCaseDTO[testName=null, id=65]], FeedbackDTO[id=107, text=null, detailText=The exercise expects a class with the name Policy in the package testpackage. You did not implement the class in the exercise., hasLongFeedbackText=false, reference=null, credits=0.0, positive=false, type=AUTOMATIC, visibility=ALWAYS, testCase=TestCaseDTO[testName=null, id=66]], FeedbackDTO[id=108, text=null, detailText=The exercise expects a class with the name SortStrategy in the package testpackage. You did not implement the class in the exercise., hasLongFeedbackText=false, reference=null, credits=0.0, positive=false, type=AUTOMATIC, visibility=ALWAYS, testCase=TestCaseDTO[testName=null, id=67]], FeedbackDTO[id=109, text=null, detailText=The class 'MergeSort' does not implement the interface 'SortStrategy' as expected. Implement the interface and its methods., hasLongFeedbackText=false, reference=null, credits=0.0, positive=false, type=AUTOMATIC, visibility=ALWAYS, testCase=TestCaseDTO[testName=null, id=62]], FeedbackDTO[id=110, text=null, detailText=The exercise expects a class with the name SortStrategy in the package testpackage. You did not implement the class in the exercise., hasLongFeedbackText=false, reference=null, credits=0.0, positive=false, type=AUTOMATIC, visibility=ALWAYS, testCase=TestCaseDTO[testName=null, id=59]], FeedbackDTO[id=111, text=null, detailText=The class 'BubbleSort' does not implement the interface 'SortStrategy' as expected. Implement the interface and its methods., hasLongFeedbackText=false, reference=null, credits=0.0, positive=false, type=AUTOMATIC, visibility=ALWAYS, testCase=TestCaseDTO[testName=null, id=63]], FeedbackDTO[id=112, text=null, detailText=MergeSort does not sort correctly, hasLongFeedbackText=false, reference=null, credits=0.0, positive=false, type=AUTOMATIC, visibility=ALWAYS, testCase=TestCaseDTO[testName=null, id=68]], FeedbackDTO[id=113, text=null, detailText=The class 'Context' was not found within the submission. Make sure to implement it properly., hasLongFeedbackText=false, reference=null, credits=0.0, positive=false, type=AUTOMATIC, visibility=ALWAYS, testCase=TestCaseDTO[testName=null, id=69]], FeedbackDTO[id=114, text=null, detailText=The class 'Context' was not found within the submission. Make sure to implement it properly., hasLongFeedbackText=false, reference=null, credits=0.0, positive=false, type=AUTOMATIC, visibility=ALWAYS, testCase=TestCaseDTO[testName=null, id=70]], FeedbackDTO[id=115, text=null, detailText=The exercise expects a class with the name Policy in the package testpackage. You did not implement the class in the exercise., hasLongFeedbackText=false, reference=null, credits=0.0, positive=false, type=AUTOMATIC, visibility=ALWAYS, testCase=TestCaseDTO[testName=null, id=64]], FeedbackDTO[id=116, text=null, detailText=The exercise expects a class with the name Context in the package testpackage. You did not implement the class in the exercise., hasLongFeedbackText=false, reference=null, credits=0.0, positive=false, type=AUTOMATIC, visibility=ALWAYS, testCase=TestCaseDTO[testName=null, id=60]], FeedbackDTO[id=117, text=null, detailText=The exercise expects a class with the name Policy in the package testpackage. You did not implement the class in the exercise., hasLongFeedbackText=false, reference=null, credits=0.0, positive=false, type=AUTOMATIC, visibility=ALWAYS, testCase=TestCaseDTO[testName=null, id=61]], FeedbackDTO[id=118, text=null, detailText=null, hasLongFeedbackText=false, reference=null, credits=3.230769230769231, positive=true, type=AUTOMATIC, visibility=ALWAYS, testCase=TestCaseDTO[testName=null, id=71]]], assessmentType=AUTOMATIC, hasComplaint=null, exampleResult=null, testCaseCount=13, passedTestCaseCount=1, codeIssueCount=0]], BuildJobQueueItem[id=4771739576580898, name=SHORT51E611E30D6B60466F0B8BA0AA97F58888C2TSTEXC-LOCALCIINTSTUDENT1, buildAgent=BuildAgentDTO[name=artemis-build-agent-test, memberAddress=[127.0.0.1]:5703, displayName=artemis-build-agent-test], participationId=477, courseId=152, exerciseId=303, retryCount=0, priority=2, status=SUCCESSFUL, repositoryInfo=RepositoryInfo[repositoryName=short51e611e30d6b60466f0b8ba0aa97f58888c2tstexc-localciintstudent1, repositoryType=user, triggeredByPushTo=user, assignmentRepositoryUri=http://localhost:49152/git/SHORT51E611E30D6B60466F0B8BA0AA97F58888C2TSTEXC/short51e611e30d6b60466f0b8ba0aa97f58888c2tstexc-localciintstudent1.git, testRepositoryUri=http://localhost:49152/git/SHORT51E611E30D6B60466F0B8BA0AA97F58888C2TSTEXC/short51e611e30d6b60466f0b8ba0aa97f58888c2tstexc-tests.git, solutionRepositoryUri=null, auxiliaryRepositoryUris=[Ljava.lang.String;@125fd8a, auxiliaryRepositoryCheckoutDirectories=[Ljava.lang.String;@6ef836c8], jobTimingInfo=JobTimingInfo[submissionDate=2025-02-14T23:43:00.898532688Z[Etc/UTC], buildStartDate=2025-02-14T23:43:00.905733056Z[Etc/UTC], buildCompletionDate=2025-02-14T23:43:02.692768910Z[Etc/UTC], estimatedCompletionDate=2025-02-14T23:43:19.905720463Z[Etc/UTC], estimatedDuration=19], buildConfig=BuildConfig[buildScript=#!/bin/bash
cd /var/tmp/testing-dir
chmod +x ./gradlew
./gradlew clean test
, dockerImage=dummy-docker-image:latest, commitHashToBuild=8f3057cbd462f5e3de4e6ba85115f60d8dbb5aea, assignmentCommitHash=8f3057cbd462f5e3de4e6ba85115f60d8dbb5aea, testCommitHash=8f3057cbd462f5e3de4e6ba85115f60d8dbb5aea, branch=main, programmingLanguage=JAVA, projectType=PLAIN_GRADLE, scaEnabled=true, sequentialTestRunsEnabled=false, resultPaths=[/var/tmp/testing-dir/**/test-results/test/*.xml], timeoutSeconds=0, assignmentCheckoutPath=null, testCheckoutPath=null, solutionCheckoutPath=null, dockerRunConfig=null], submissionResult=ResultDTO[id=136, completionDate=2025-02-14T23:43:02.637820510Z[Etc/UTC], successful=false, score=7.7, rated=true, submission=SubmissionDTO[id=124, submitted=true, type=MANUAL, exampleSubmission=null, submissionDate=2025-02-14T23:43:00.886601Z, commitHash=8f3057cbd462f5e3de4e6ba85115f60d8dbb5aea, buildFailed=false, buildArtifact=false, participation=ParticipationDTO[id=477, testRun=false, type=programming, submissionCount=null, exercise=ParticipationExerciseDTO[id=303, exerciseType=PROGRAMMING, type=programming, assessmentType=AUTOMATIC, dueDate=2025-02-16T23:43:00.631824Z, assessmentDueDate=null, maxPoints=42.0, course=CourseDTO[id=152, accuracyOfScores=1]]], submissionExerciseType=programming, isProcessing=false, buildStartDate=null, estimatedCompletionDate=null], participation=ParticipationDTO[id=477, testRun=false, type=programming, submissionCount=null, exercise=ParticipationExerciseDTO[id=303, exerciseType=PROGRAMMING, type=programming, assessmentType=AUTOMATIC, dueDate=2025-02-16T23:43:00.631824Z, assessmentDueDate=null, maxPoints=42.0, course=CourseDTO[id=152, accuracyOfScores=1]]], feedbacks=[FeedbackDTO[id=119, text=null, detailText=The exercise expects a class with the name Context in the package testpackage. You did not implement the class in the exercise., hasLongFeedbackText=false, reference=null, credits=0.0, positive=false, type=AUTOMATIC, visibility=ALWAYS, testCase=TestCaseDTO[testName=null, id=78]], FeedbackDTO[id=120, text=null, detailText=The exercise expects a class with the name Policy in the package testpackage. You did not implement the class in the exercise., hasLongFeedbackText=false, reference=null, credits=0.0, positive=false, type=AUTOMATIC, visibility=ALWAYS, testCase=TestCaseDTO[testName=null, id=79]], FeedbackDTO[id=121, text=null, detailText=The exercise expects a class with the name SortStrategy in the package testpackage. You did not implement the class in the exercise., hasLongFeedbackText=false, reference=null, credits=0.0, positive=false, type=AUTOMATIC, visibility=ALWAYS, testCase=TestCaseDTO[testName=null, id=80]], FeedbackDTO[id=122, text=null, detailText=The class 'MergeSort' does not implement the interface 'SortStrategy' as expected. Implement the interface and its methods., hasLongFeedbackText=false, reference=null, credits=0.0, positive=false, type=AUTOMATIC, visibility=ALWAYS, testCase=TestCaseDTO[testName=null, id=75]], FeedbackDTO[id=123, text=null, detailText=The exercise expects a class with the name SortStrategy in the package testpackage. You did not implement the class in the exercise., hasLongFeedbackText=false, reference=null, credits=0.0, positive=false, type=AUTOMATIC, visibility=ALWAYS, testCase=TestCaseDTO[testName=null, id=72]], FeedbackDTO[id=124, text=null, detailText=The class 'BubbleSort' does not implement the interface 'SortStrategy' as expected. Implement the interface and its methods., hasLongFeedbackText=false, reference=null, credits=0.0, positive=false, type=AUTOMATIC, visibility=ALWAYS, testCase=TestCaseDTO[testName=null, id=76]], FeedbackDTO[id=125, text=null, detailText=MergeSort does not sort correctly, hasLongFeedbackText=false, reference=null, credits=0.0, positive=false, type=AUTOMATIC, visibility=ALWAYS, testCase=TestCaseDTO[testName=null, id=81]], FeedbackDTO[id=126, text=null, detailText=The class 'Context' was not found within the submission. Make sure to implement it properly., hasLongFeedbackText=false, reference=null, credits=0.0, positive=false, type=AUTOMATIC, visibility=ALWAYS, testCase=TestCaseDTO[testName=null, id=82]], FeedbackDTO[id=127, text=null, detailText=The class 'Context' was not found within the submission. Make sure to implement it properly., hasLongFeedbackText=false, reference=null, credits=0.0, positive=false, type=AUTOMATIC, visibility=ALWAYS, testCase=TestCaseDTO[testName=null, id=83]], FeedbackDTO[id=128, text=null, detailText=The exercise expects a class with the name Policy in the package testpackage. You did not implement the class in the exercise., hasLongFeedbackText=false, reference=null, credits=0.0, positive=false, type=AUTOMATIC, visibility=ALWAYS, testCase=TestCaseDTO[testName=null, id=77]], FeedbackDTO[id=129, text=null, detailText=The exercise expects a class with the name Context in the package testpackage. You did not implement the class in the exercise., hasLongFeedbackText=false, reference=null, credits=0.0, positive=false, type=AUTOMATIC, visibility=ALWAYS, testCase=TestCaseDTO[testName=null, id=73]], FeedbackDTO[id=130, text=null, detailText=The exercise expects a class with the name Policy in the package testpackage. You did not implement the class in the exercise., hasLongFeedbackText=false, reference=null, credits=0.0, positive=false, type=AUTOMATIC, visibility=ALWAYS, testCase=TestCaseDTO[testName=null, id=74]], FeedbackDTO[id=131, text=null, detailText=null, hasLongFeedbackText=false, reference=null, credits=3.230769230769231, positive=true, type=AUTOMATIC, visibility=ALWAYS, testCase=TestCaseDTO[testName=null, id=84]], FeedbackDTO[id=132, text=SCAFeedbackIdentifier:Bad Practice, detailText={"filePath":"src/code/Client.java","startLine":6,"endLine":6,"startColumn":1,"endColumn":26,"rule":"UnusedImports","category":"Best Practices","message":"Avoid unused imports such as 'javax.swing.JFrame'","priority":"4"}, hasLongFeedbackText=false, reference=PMD, credits=0.0, positive=false, type=AUTOMATIC, visibility=null, testCase=null], FeedbackDTO[id=133, text=SCAFeedbackIdentifier:Code Style, detailText={"filePath":"src/code/Client.java","startLine":7,"endLine":7,"startColumn":1,"endColumn":19,"rule":"DontImportJavaLang","category":"Code Style","message":"Avoid importing anything from the package java.lang","priority":"4"}, hasLongFeedbackText=false, reference=PMD, credits=0.0, positive=false, type=AUTOMATIC, visibility=null, testCase=null], FeedbackDTO[id=134, text=SCAFeedbackIdentifier:Bad Practice, detailText={"filePath":"src/code/Client.java","startLine":7,"endLine":7,"startColumn":1,"endColumn":19,"rule":"UnusedImports","category":"Best Practices","message":"Avoid unused imports such as 'java.lang'","priority":"4"}, hasLongFeedbackText=false, reference=PMD, credits=0.0, positive=false, type=AUTOMATIC, visibility=null, testCase=null], FeedbackDTO[id=135, text=SCAFeedbackIdentifier:Bad Practice, detailText={"filePath":"src/code/Client.java","startLine":73,"endLine":73,"startColumn":18,"endColumn":27,"rule":"UnusedLocalVariable","category":"Best Practices","message":"Avoid unused local variables such as 'randomDate'.","priority":"3"}, hasLongFeedbackText=false, reference=PMD, credits=0.0, positive=false, type=AUTOMATIC, visibility=null, testCase=null], FeedbackDTO[id=136, text=SCAFeedbackIdentifier:Bad Practice, detailText={"filePath":"src/code/Client.java","startLine":81,"endLine":81,"startColumn":31,"endColumn":53,"rule":"UnusedPrivateMethod","category":"Best Practices","message":"Avoid unused private methods such as 'CreateRandomDatesList()'.","priority":"3"}, hasLongFeedbackText=false, reference=PMD, credits=0.0, positive=false, type=AUTOMATIC, visibility=null, testCase=null], FeedbackDTO[id=137, text=SCAFeedbackIdentifier:Potential Bugs, detailText={"filePath":"src/code/Client.java","startLine":94,"endLine":94,"startColumn":9,"endColumn":9,"rule":"EmptyStatementNotInLoop","category":"Error Prone","message":"An empty statement (semicolon) not part of a loop","priority":"3"}, hasLongFeedbackText=false, reference=PMD, credits=0.0, positive=false, type=AUTOMATIC, visibility=null, testCase=null], FeedbackDTO[id=138, text=SCAFeedbackIdentifier:Potential Bugs, detailText={"filePath":"src/code/Client.java","startLine":94,"endLine":94,"startColumn":10,"endColumn":10,"rule":"EmptyStatementNotInLoop","category":"Error Prone","message":"An empty statement (semicolon) not part of a loop","priority":"3"}, hasLongFeedbackText=false, reference=PMD, credits=0.0, positive=false, type=AUTOMATIC, visibility=null, testCase=null], FeedbackDTO[id=139, text=SCAFeedbackIdentifier:Potential Bugs, detailText={"filePath":"src/code/Client.java","startLine":94,"endLine":94,"startColumn":11,"endColumn":11,"rule":"EmptyStatementNotInLoop","category":"Error Prone","message":"An empty statement (semicolon) not part of a loop","priority":"3"}, hasLongFeedbackText=false, reference=PMD, credits=0.0, positive=false, type=AUTOMATIC, visibility=null, testCase=null], FeedbackDTO[id=140, text=SCAFeedbackIdentifier:Code Style, detailText={"filePath":"src/code/Client.java","startLine":73,"endLine":73,"rule":"DLS_DEAD_LOCAL_STORE","category":"STYLE","message":"Dead store to randomDate in code.Client.createRandomDatesList()","priority":"2"}, hasLongFeedbackText=false, reference=SPOTBUGS, credits=0.0, positive=false, type=AUTOMATIC, visibility=null, testCase=null], FeedbackDTO[id=141, text=SCAFeedbackIdentifier:Bad Practice, detailText={"filePath":"src/code/Client.java","startLine":82,"endLine":95,"rule":"NM_METHOD_NAMING_CONVENTION","category":"BAD_PRACTICE","message":"The method name code.Client.CreateRandomDatesList() doesn't start with a lower case letter","priority":"3"}, hasLongFeedbackText=false, reference=SPOTBUGS, credits=0.0, positive=false, type=AUTOMATIC, visibility=null, testCase=null], FeedbackDTO[id=142, text=SCAFeedbackIdentifier:Performance, detailText={"filePath":"src/code/Client.java","startLine":82,"endLine":95,"rule":"UPM_UNCALLED_PRIVATE_METHOD","category":"PERFORMANCE","message":"Private method code.Client.CreateRandomDatesList() is never called","priority":"2"}, hasLongFeedbackText=false, reference=SPOTBUGS, credits=0.0, positive=false, type=AUTOMATIC, visibility=null, testCase=null], FeedbackDTO[id=143, text=SCAFeedbackIdentifier:Code Style, detailText={"filePath":"src/code/Client.java","startLine":70,"endLine":70,"startColumn":9,"endColumn":9,"rule":"NeedBracesCheck","category":"blocks","message":"'for' construct must use '{}'s.","priority":"error"}, hasLongFeedbackText=false, reference=CHECKSTYLE, credits=0.0, positive=false, type=AUTOMATIC, visibility=null, testCase=null], FeedbackDTO[id=144, text=SCAFeedbackIdentifier:Code Style, detailText={"filePath":"src/code/Client.java","startLine":93,"endLine":93,"startColumn":9,"endColumn":9,"rule":"EmptyStatementCheck","category":"coding","message":"Empty statement.","priority":"error"}, hasLongFeedbackText=false, reference=CHECKSTYLE, credits=0.0, positive=false, type=AUTOMATIC, visibility=null, testCase=null], FeedbackDTO[id=145, text=SCAFeedbackIdentifier:Code Style, detailText={"filePath":"src/code/Client.java","startLine":93,"endLine":93,"startColumn":10,"endColumn":10,"rule":"EmptyStatementCheck","category":"coding","message":"Empty statement.","priority":"error"}, hasLongFeedbackText=false, reference=CHECKSTYLE, credits=0.0, positive=false, type=AUTOMATIC, visibility=null, testCase=null], FeedbackDTO[id=146, text=SCAFeedbackIdentifier:Code Style, detailText={"filePath":"src/code/Client.java","startLine":93,"endLine":93,"startColumn":11,"endColumn":11,"rule":"EmptyStatementCheck","category":"coding","message":"Empty statement.","priority":"error"}, hasLongFeedbackText=false, reference=CHECKSTYLE, credits=0.0, positive=false, type=AUTOMATIC, visibility=null, testCase=null]], assessmentType=AUTOMATIC, hasComplaint=null, exampleResult=null, testCaseCount=13, passedTestCaseCount=1, codeIssueCount=15]]], publicSshKey=ssh-rsa AAAAB3NzaC1yc2EAAAADAQABAAACAQCOPdMsxRE2jFJ/UEa5/LsBxtwzJcrh3/rYBCQvcMeVpiRfhzQPWu7mrt/G2Ew+i+vRloGH9aqKg6dd1liRncao53Zmd/ePxoatXePNhmzTfkCkcSkTUz7B+QMjkoDDV5jwuFPD6mF3JkhuzSi64n9Zy905t4w2IhVcjM2mL3eYNjiCXt6Qpq3Pkt7dM/Ksw1nxnvuiIALuJLB3FTkXkHqq3PJav+9HSq2r6ZaWgekneaGxlQlb+U+Vy3XOuArKAzK8c8i+0bR+AHiTG6ncYXt7ax3U+TdlDTF7OLP3umwaYjs1NBXOHwG42pevvpKn2fqavZZozk+M05jXLx3bq0O7itxfErWc7etky8qYPyyIMF/txQIVLd78+Ze4d7Y60t5MGbXM5cGE6fFif5fEJwgswXD+BrG0cafz1CTatjSKFdvp8Vp4VszXhHDan1PrP6JEFJ5Cc5GDmLRZPCFa3vL9f5qXgf4bkqKN8MYeEujwJE5nMRWoiJVNakix2bcrrneQMBlnYeYZVWXXXUusAQBzl4NgddC1umZpihZkL1b1MffZAUW3EGEXi7KHnllQhkTLLsQ8ntMgbylqaJKStqaXlLvdeRJcEnUuiFCrHEVVbXRFZR7XVDZ02CE5o3MuaRPty8Kh+jRTF3COlAckHwYEJCNNJvXFgb2CNXL4mjzYDw== test@localhost]
    23:43:02.853 | 566 localvc.event-13 | DEBUG | a.p.s.l.SharedQueueManagementService : Build agent updated: null
    23:43:02.863 | 362 ool-1-worker-126 | INFO  | .c.a.a.c.s.TitleCacheEvictionService : Evicted entry '640' from title cache 'exerciseTitle'
    23:43:02.865 | 362 ool-1-worker-126 | INFO  | .t.c.a.a.e.s.ExerciseDeletionService : Request to delete TextExercise with id 641
    23:43:02.865 | 362 ool-1-worker-126 | INFO  | .t.c.a.a.e.s.ExerciseDeletionService : Deleting the channel took 328µs
    23:43:02.865 | 362 ool-1-worker-126 | INFO  | .t.c.a.a.e.s.ExerciseDeletionService : Cancel scheduled operations of exercise 641
    23:43:02.865 | 362 ool-1-worker-126 | INFO  | .c.s.m.InstanceMessageReceiveService : Received schedule cancel for potential Athena exercise 641
    23:43:02.866 | 362 ool-1-worker-126 | INFO  | d.t.c.a.a.e.s.ParticipationService   : Request to delete all 0 participations of exercise with id : 641
    23:43:02.875 | 362 ool-1-worker-126 | INFO  | .c.a.a.c.s.TitleCacheEvictionService : Evicted entry '641' from title cache 'exerciseTitle'
    23:43:02.877 | 362 ool-1-worker-126 | INFO  | .t.c.a.a.e.s.ExerciseDeletionService : Request to delete TextExercise with id 642
    23:43:02.877 | 362 ool-1-worker-126 | INFO  | .t.c.a.a.e.s.ExerciseDeletionService : Deleting the channel took 314µs
    23:43:02.877 | 362 ool-1-worker-126 | INFO  | .t.c.a.a.e.s.ExerciseDeletionService : Cancel scheduled operations of exercise 642
    23:43:02.877 | 362 ool-1-worker-126 | INFO  | .c.s.m.InstanceMessageReceiveService : Received schedule cancel for potential Athena exercise 642
    23:43:02.879 | 362 ool-1-worker-126 | INFO  | d.t.c.a.a.e.s.ParticipationService   : Request to delete all 1 participations of exercise with id : 642
    23:43:02.879 | 362 ool-1-worker-126 | INFO  | d.t.c.a.a.e.s.ParticipationService   : Request to delete Participation : StudentParticipation{id=758, presentationScore=null, student=User{login='examparticipationteststudent3', firstName='examparticipationteststudent3First', lastName='examparticipationteststudent3Last', email='examparticipationteststudent3@test.de', imageUrl='null', activated='true', langKey='en', activationKey='null'}}
    23:43:02.879 | 362 ool-1-worker-126 | DEBUG | d.t.c.a.a.e.s.ParticipationService   : Request to delete all results and submissions of participation with id : 758
    23:43:02.894 | 362 ool-1-worker-126 | INFO  | .c.a.a.c.s.TitleCacheEvictionService : Evicted entry '642' from title cache 'exerciseTitle'
    23:43:02.895 | 362 ool-1-worker-126 | INFO  | .t.c.a.a.e.s.ExerciseDeletionService : Request to delete TextExercise with id 643
    23:43:02.896 | 362 ool-1-worker-126 | INFO  | .t.c.a.a.e.s.ExerciseDeletionService : Deleting the channel took 368µs
    23:43:02.896 | 362 ool-1-worker-126 | INFO  | .t.c.a.a.e.s.ExerciseDeletionService : Cancel scheduled operations of exercise 643
    23:43:02.896 | 362 ool-1-worker-126 | INFO  | .c.s.m.InstanceMessageReceiveService : Received schedule cancel for potential Athena exercise 643
    23:43:02.897 | 362 ool-1-worker-126 | INFO  | d.t.c.a.a.e.s.ParticipationService   : Request to delete all 1 participations of exercise with id : 643
    23:43:02.898 | 362 ool-1-worker-126 | INFO  | d.t.c.a.a.e.s.ParticipationService   : Request to delete Participation : StudentParticipation{id=761, presentationScore=null, student=User{login='examparticipationteststudent3', firstName='examparticipationteststudent3First', lastName='examparticipationteststudent3Last', email='examparticipationteststudent3@test.de', imageUrl='null', activated='true', langKey='en', activationKey='null'}}
    23:43:02.898 | 362 ool-1-worker-126 | DEBUG | d.t.c.a.a.e.s.ParticipationService   : Request to delete all results and submissions of participation with id : 761
    23:43:02.912 | 362 ool-1-worker-126 | INFO  | .c.a.a.c.s.TitleCacheEvictionService : Evicted entry '643' from title cache 'exerciseTitle'
    23:43:02.913 | 362 ool-1-worker-126 | INFO  | .t.c.a.a.e.s.ExerciseDeletionService : Request to delete TextExercise with id 644
    23:43:02.914 | 362 ool-1-worker-126 | INFO  | .t.c.a.a.e.s.ExerciseDeletionService : Deleting the channel took 350µs
    23:43:02.914 | 362 ool-1-worker-126 | INFO  | .t.c.a.a.e.s.ExerciseDeletionService : Cancel scheduled operations of exercise 644
    23:43:02.914 | 362 ool-1-worker-126 | INFO  | .c.s.m.InstanceMessageReceiveService : Received schedule cancel for potential Athena exercise 644
    23:43:02.915 | 362 ool-1-worker-126 | INFO  | d.t.c.a.a.e.s.ParticipationService   : Request to delete all 1 participations of exercise with id : 644
    23:43:02.916 | 362 ool-1-worker-126 | INFO  | d.t.c.a.a.e.s.ParticipationService   : Request to delete Participation : StudentParticipation{id=756, presentationScore=null, student=User{login='examparticipationteststudent2', firstName='examparticipationteststudent2First', lastName='examparticipationteststudent2Last', email='examparticipationteststudent2@test.de', imageUrl='null', activated='true', langKey='en', activationKey='null'}}
    23:43:02.916 | 362 ool-1-worker-126 | DEBUG | d.t.c.a.a.e.s.ParticipationService   : Request to delete all results and submissions of participation with id : 756
    23:43:02.928 | 362 ool-1-worker-126 | INFO  | .c.a.a.c.s.TitleCacheEvictionService : Evicted entry '644' from title cache 'exerciseTitle'
    23:43:02.929 | 362 ool-1-worker-126 | INFO  | .t.c.a.a.e.s.ExerciseDeletionService : Request to delete TextExercise with id 645
    23:43:02.930 | 362 ool-1-worker-126 | INFO  | .t.c.a.a.e.s.ExerciseDeletionService : Deleting the channel took 372µs
    23:43:02.930 | 362 ool-1-worker-126 | INFO  | .t.c.a.a.e.s.ExerciseDeletionService : Cancel scheduled operations of exercise 645
    23:43:02.930 | 362 ool-1-worker-126 | INFO  | .c.s.m.InstanceMessageReceiveService : Received schedule cancel for potential Athena exercise 645
    23:43:02.931 | 362 ool-1-worker-126 | INFO  | d.t.c.a.a.e.s.ParticipationService   : Request to delete all 0 participations of exercise with id : 645
    23:43:02.937 | 362 ool-1-worker-126 | INFO  | .c.a.a.c.s.TitleCacheEvictionService : Evicted entry '645' from title cache 'exerciseTitle'
    23:43:02.939 | 362 ool-1-worker-126 | INFO  | .t.c.a.a.e.s.ExerciseDeletionService : Request to delete TextExercise with id 646
    23:43:02.939 | 362 ool-1-worker-126 | INFO  | .t.c.a.a.e.s.ExerciseDeletionService : Deleting the channel took 254µs
    23:43:02.939 | 362 ool-1-worker-126 | INFO  | .t.c.a.a.e.s.ExerciseDeletionService : Cancel scheduled operations of exercise 646
    23:43:02.939 | 362 ool-1-worker-126 | INFO  | .c.s.m.InstanceMessageReceiveService : Received schedule cancel for potential Athena exercise 646
    23:43:02.940 | 362 ool-1-worker-126 | INFO  | d.t.c.a.a.e.s.ParticipationService   : Request to delete all 0 participations of exercise with id : 646
    23:43:02.946 | 362 ool-1-worker-126 | INFO  | .c.a.a.c.s.TitleCacheEvictionService : Evicted entry '646' from title cache 'exerciseTitle'
    23:43:02.947 | 362 ool-1-worker-126 | INFO  | .t.c.a.a.e.s.ExerciseDeletionService : Request to delete TextExercise with id 647
    23:43:02.947 | 362 ool-1-worker-126 | INFO  | .t.c.a.a.e.s.ExerciseDeletionService : Deleting the channel took 235µs
    23:43:02.947 | 362 ool-1-worker-126 | INFO  | .t.c.a.a.e.s.ExerciseDeletionService : Cancel scheduled operations of exercise 647
    23:43:02.947 | 362 ool-1-worker-126 | INFO  | .c.s.m.InstanceMessageReceiveService : Received schedule cancel for potential Athena exercise 647
    23:43:02.948 | 362 ool-1-worker-126 | INFO  | d.t.c.a.a.e.s.ParticipationService   : Request to delete all 0 participations of exercise with id : 647
    23:43:02.958 | 362 ool-1-worker-126 | INFO  | .c.a.a.c.s.TitleCacheEvictionService : Evicted entry '647' from title cache 'exerciseTitle'
    23:43:02.962 | 362 ool-1-worker-126 | INFO  | .t.c.a.a.e.s.ExerciseDeletionService : Request to delete TextExercise with id 648
    23:43:02.962 | 362 ool-1-worker-126 | INFO  | .t.c.a.a.e.s.ExerciseDeletionService : Deleting the channel took 344µs
    23:43:02.962 | 362 ool-1-worker-126 | INFO  | .t.c.a.a.e.s.ExerciseDeletionService : Cancel scheduled operations of exercise 648
    23:43:02.962 | 362 ool-1-worker-126 | INFO  | .c.s.m.InstanceMessageReceiveService : Received schedule cancel for potential Athena exercise 648
    23:43:02.964 | 362 ool-1-worker-126 | INFO  | d.t.c.a.a.e.s.ParticipationService   : Request to delete all 1 participations of exercise with id : 648
    23:43:02.964 | 362 ool-1-worker-126 | INFO  | d.t.c.a.a.e.s.ParticipationService   : Request to delete Participation : StudentParticipation{id=757, presentationScore=null, student=User{login='examparticipationteststudent2', firstName='examparticipationteststudent2First', lastName='examparticipationteststudent2Last', email='examparticipationteststudent2@test.de', imageUrl='null', activated='true', langKey='en', activationKey='null'}}
    23:43:02.964 | 362 ool-1-worker-126 | DEBUG | d.t.c.a.a.e.s.ParticipationService   : Request to delete all results and submissions of participation with id : 757
    23:43:02.985 | 362 ool-1-worker-126 | INFO  | .c.a.a.c.s.TitleCacheEvictionService : Evicted entry '648' from title cache 'exerciseTitle'
    23:43:02.987 | 362 ool-1-worker-126 | INFO  | .t.c.a.a.e.s.ExerciseDeletionService : Request to delete TextExercise with id 649
    23:43:02.987 | 362 ool-1-worker-126 | INFO  | .t.c.a.a.e.s.ExerciseDeletionService : Deleting the channel took 352µs
    23:43:02.987 | 362 ool-1-worker-126 | INFO  | .t.c.a.a.e.s.ExerciseDeletionService : Cancel scheduled operations of exercise 649
    23:43:02.987 | 362 ool-1-worker-126 | INFO  | .c.s.m.InstanceMessageReceiveService : Received schedule cancel for potential Athena exercise 649
    23:43:02.989 | 362 ool-1-worker-126 | INFO  | d.t.c.a.a.e.s.ParticipationService   : Request to delete all 0 participations of exercise with id : 649
    23:43:03.002 | 362 ool-1-worker-126 | INFO  | .c.a.a.c.s.TitleCacheEvictionService : Evicted entry '649' from title cache 'exerciseTitle'
    23:43:03.006 | 362 ool-1-worker-126 | INFO  | .t.c.a.a.e.s.ExerciseDeletionService : Request to delete TextExercise with id 650
    23:43:03.006 | 362 ool-1-worker-126 | INFO  | .t.c.a.a.e.s.ExerciseDeletionService : Deleting the channel took 321µs
    23:43:03.006 | 362 ool-1-worker-126 | INFO  | .t.c.a.a.e.s.ExerciseDeletionService : Cancel scheduled operations of exercise 650
    23:43:03.006 | 362 ool-1-worker-126 | INFO  | .c.s.m.InstanceMessageReceiveService : Received schedule cancel for potential Athena exercise 650
    23:43:03.007 | 362 ool-1-worker-126 | INFO  | d.t.c.a.a.e.s.ParticipationService   : Request to delete all 1 participations of exercise with id : 650
    23:43:03.008 | 362 ool-1-worker-126 | INFO  | d.t.c.a.a.e.s.ParticipationService   : Request to delete Participation : StudentParticipation{id=755, presentationScore=null, student=User{login='examparticipationteststudent3', firstName='examparticipationteststudent3First', lastName='examparticipationteststudent3Last', email='examparticipationteststudent3@test.de', imageUrl='null', activated='true', langKey='en', activationKey='null'}}
    23:43:03.008 | 362 ool-1-worker-126 | DEBUG | d.t.c.a.a.e.s.ParticipationService   : Request to delete all results and submissions of participation with id : 755
    23:43:03.017 | 362 ool-1-worker-126 | INFO  | .c.a.a.c.s.TitleCacheEvictionService : Evicted entry '650' from title cache 'exerciseTitle'
    23:43:03.018 | 362 ool-1-worker-126 | INFO  | .t.c.a.a.e.s.ExerciseDeletionService : Request to delete TextExercise with id 651
    23:43:03.018 | 362 ool-1-worker-126 | INFO  | .t.c.a.a.e.s.ExerciseDeletionService : Deleting the channel took 228µs
    23:43:03.018 | 362 ool-1-worker-126 | INFO  | .t.c.a.a.e.s.ExerciseDeletionService : Cancel scheduled operations of exercise 651
    23:43:03.018 | 362 ool-1-worker-126 | INFO  | .c.s.m.InstanceMessageReceiveService : Received schedule cancel for potential Athena exercise 651
    23:43:03.019 | 362 ool-1-worker-126 | INFO  | d.t.c.a.a.e.s.ParticipationService   : Request to delete all 0 participations of exercise with id : 651
    23:43:03.024 | 362 ool-1-worker-126 | INFO  | .c.a.a.c.s.TitleCacheEvictionService : Evicted entry '651' from title cache 'exerciseTitle'
    23:43:03.027 | 362 ool-1-worker-126 | WARN  | .c.a.a.c.s.TitleCacheEvictionService : Unable to clear title of exercises from exercise group 366: Exercises not initialized
    23:43:03.027 | 362 ool-1-worker-126 | WARN  | .c.a.a.c.s.TitleCacheEvictionService : Unable to clear title of exercises from exercise group 367: Exercises not initialized
    23:43:03.027 | 362 ool-1-worker-126 | WARN  | .c.a.a.c.s.TitleCacheEvictionService : Unable to clear title of exercises from exercise group 368: Exercises not initialized
    23:43:03.027 | 362 ool-1-worker-126 | WARN  | .c.a.a.c.s.TitleCacheEvictionService : Unable to clear title of exercises from exercise group 369: Exercises not initialized
    23:43:03.027 | 362 ool-1-worker-126 | WARN  | .c.a.a.c.s.TitleCacheEvictionService : Unable to clear title of exercises from exercise group 370: Exercises not initialized
    23:43:03.028 | 362 ool-1-worker-126 | INFO  | .c.a.a.c.s.TitleCacheEvictionService : Evicted entry '533' from title cache 'examTitle'
    23:43:03.029 | 362 ool-1-worker-126 | WARN  | org.eclipse.jgit.lib.Repository      : close() called when useCnt is already zero for Repository[/tmp/exerciseLocalRepo13598067410462554896/.git]
    23:43:03.029 | 362 ool-1-worker-126 | WARN  | org.eclipse.jgit.lib.Repository      : close() called when useCnt is already zero for Repository[/tmp/exerciseOriginRepo16045055389317553508]
    23:43:03.029 | 362 ool-1-worker-126 | WARN  | org.eclipse.jgit.lib.Repository      : close() called when useCnt is already zero for Repository[/tmp/testLocalRepo15233827349227016547/.git]
    23:43:03.030 | 362 ool-1-worker-126 | WARN  | org.eclipse.jgit.lib.Repository      : close() called when useCnt is already zero for Repository[/tmp/testOriginRepo2593723878510648103]
    23:43:03.030 | 362 ool-1-worker-126 | WARN  | org.eclipse.jgit.lib.Repository      : close() called when useCnt is already zero for Repository[/tmp/solutionLocalRepo6500640494811398808/.git]
    23:43:03.030 | 362 ool-1-worker-126 | WARN  | org.eclipse.jgit.lib.Repository      : close() called when useCnt is already zero for Repository[/tmp/solutionOriginRepo4989807048585859826]
    23:43:03.030 | 362 ool-1-worker-126 | WARN  | org.eclipse.jgit.lib.Repository      : close() called when useCnt is already zero for Repository[/tmp/sourceExerciseLocalRepo11657118124544084909/.git]
    23:43:03.030 | 362 ool-1-worker-126 | WARN  | org.eclipse.jgit.lib.Repository      : close() called when useCnt is already zero for Repository[/tmp/sourceExerciseOriginRepo11959191662238528106]
    23:43:03.030 | 362 ool-1-worker-126 | WARN  | org.eclipse.jgit.lib.Repository      : close() called when useCnt is already zero for Repository[/tmp/sourceTestLocalRepo17555472806092938630/.git]
    23:43:03.030 | 362 ool-1-worker-126 | WARN  | org.eclipse.jgit.lib.Repository      : close() called when useCnt is already zero for Repository[/tmp/sourceTestOriginRepo17717342766471410056]
    23:43:03.030 | 362 ool-1-worker-126 | WARN  | org.eclipse.jgit.lib.Repository      : close() called when useCnt is already zero for Repository[/tmp/sourceSolutionLocalRepo15122665418300407605/.git]
    23:43:03.030 | 362 ool-1-worker-126 | WARN  | org.eclipse.jgit.lib.Repository      : close() called when useCnt is already zero for Repository[/tmp/sourceSolutionOriginRepo14744098627223506806]
    23:43:03.030 | 362 ool-1-worker-126 | WARN  | org.eclipse.jgit.lib.Repository      : close() called when useCnt is already zero for Repository[/tmp/sourceAuxLocalRepo12173369247111424885/.git]
    23:43:03.030 | 362 ool-1-worker-126 | WARN  | org.eclipse.jgit.lib.Repository      : close() called when useCnt is already zero for Repository[/tmp/sourceAuxOriginRepo11209331621617592057]
    23:43:03.030 | 362 ool-1-worker-126 | WARN  | org.eclipse.jgit.lib.Repository      : close() called when useCnt is already zero for Repository[/tmp/studentRepo13485931166207157551/.git]
    23:43:03.030 | 362 ool-1-worker-126 | WARN  | org.eclipse.jgit.lib.Repository      : close() called when useCnt is already zero for Repository[/tmp/studentOriginRepo11326988153194787637]
    23:43:03.030 | 362 ool-1-worker-126 | WARN  | org.eclipse.jgit.lib.Repository      : close() called when useCnt is already zero for Repository[/tmp/studentTeamRepo2203268781790574350/.git]
    23:43:03.030 | 362 ool-1-worker-126 | WARN  | org.eclipse.jgit.lib.Repository      : close() called when useCnt is already zero for Repository[/tmp/studentTeamOriginRepo6762231552778903969]

Finished logs for ExamParticipationIntegrationTest

Starting logs for GetCompetenciesForImport

  Starting logs for GetCompetenciesForImport > shouldGetCompetenciesAsAdmin()
    23:43:03.011 | 120 Pool-1-worker-35 | DEBUG | d.t.c.a.a.c.u.util.UserUtilService   : Generate 2 students...
    23:43:03.015 | 120 Pool-1-worker-35 | DEBUG | d.t.c.a.a.c.u.util.UserUtilService   : 2 students generated. Generate 1 tutors...
    23:43:03.018 | 120 Pool-1-worker-35 | DEBUG | d.t.c.a.a.c.u.util.UserUtilService   : 1 tutors generated. Generate 1 editors...
    23:43:03.020 | 120 Pool-1-worker-35 | DEBUG | d.t.c.a.a.c.u.util.UserUtilService   : 1 editors generated. Generate 1 instructors...
    23:43:03.023 | 120 Pool-1-worker-35 | DEBUG | d.t.c.a.a.c.u.util.UserUtilService   : 1 instructors generated
    23:43:03.024 | 120 Pool-1-worker-35 | DEBUG | d.t.c.a.a.c.u.util.UserUtilService   : Removing 5 users from all courses...
    23:43:03.026 | 120 Pool-1-worker-35 | DEBUG | d.t.c.a.a.c.u.util.UserUtilService   : Removing 5 users from all courses. Done
    23:43:03.026 | 120 Pool-1-worker-35 | DEBUG | d.t.c.a.a.c.u.util.UserUtilService   : Save 5 users to database...
    23:43:03.031 | 120 Pool-1-worker-35 | DEBUG | d.t.c.a.a.c.u.util.UserUtilService   : Save 5 users to database. Done
    23:43:03.061 | 120 Pool-1-worker-35 | INFO  | i.z.t.d.l.EmbeddedDatabaseReporter   : JDBC URL to connect to 'dataSource': url='jdbc:h2:tcp://localhost:41063/mem:df70fc46-7e57-4cb5-9cd0-c1d90c14afa7;USER=sa', scope='GetCompetenciesForImport#shouldGetCompetenciesAsAdmin'
    23:43:03.063 | 120 Pool-1-worker-35 | DEBUG | d.t.c.a.a.c.s.f.ApiVersionFilter     : Adding Version to Request GET /api/course-competencies/for-import

  Starting logs for GetCompetenciesForImport > shouldGetCompetenciesFromOwnCourses()
    23:43:03.155 | 120 Pool-1-worker-35 | DEBUG | d.t.c.a.a.c.u.util.UserUtilService   : Generate 2 students...
    23:43:03.169 | 120 Pool-1-worker-35 | DEBUG | d.t.c.a.a.c.u.util.UserUtilService   : 2 students generated. Generate 1 tutors...
    23:43:03.178 | 120 Pool-1-worker-35 | DEBUG | d.t.c.a.a.c.u.util.UserUtilService   : 1 tutors generated. Generate 1 editors...
    23:43:03.181 | 120 Pool-1-worker-35 | DEBUG | d.t.c.a.a.c.u.util.UserUtilService   : 1 editors generated. Generate 1 instructors...
    23:43:03.194 | 120 Pool-1-worker-35 | DEBUG | d.t.c.a.a.c.u.util.UserUtilService   : 1 instructors generated
    23:43:03.196 | 120 Pool-1-worker-35 | DEBUG | d.t.c.a.a.c.u.util.UserUtilService   : Removing 5 users from all courses...
    23:43:03.204 | 120 Pool-1-worker-35 | DEBUG | d.t.c.a.a.c.u.util.UserUtilService   : Removing 5 users from all courses. Done
    23:43:03.204 | 120 Pool-1-worker-35 | DEBUG | d.t.c.a.a.c.u.util.UserUtilService   : Save 5 users to database...
    23:43:03.214 | 120 Pool-1-worker-35 | DEBUG | d.t.c.a.a.c.u.util.UserUtilService   : Save 5 users to database. Done
    23:43:03.284 | 120 Pool-1-worker-35 | INFO  | i.z.t.d.l.EmbeddedDatabaseReporter   : JDBC URL to connect to 'dataSource': url='jdbc:h2:tcp://localhost:41063/mem:df70fc46-7e57-4cb5-9cd0-c1d90c14afa7;USER=sa', scope='GetCompetenciesForImport#shouldGetCompetenciesFromOwnCourses'
    23:43:03.286 | 120 Pool-1-worker-35 | DEBUG | d.t.c.a.a.c.s.f.ApiVersionFilter     : Adding Version to Request GET /api/course-competencies/for-import

  Starting logs for GetCompetenciesForImport > shouldNotGetCompetenciesForInstructorOfOtherCourse()
    23:43:03.320 | 120 Pool-1-worker-35 | DEBUG | d.t.c.a.a.c.u.util.UserUtilService   : Generate 2 students...
    23:43:03.324 | 120 Pool-1-worker-35 | DEBUG | d.t.c.a.a.c.u.util.UserUtilService   : 2 students generated. Generate 1 tutors...
    23:43:03.327 | 120 Pool-1-worker-35 | DEBUG | d.t.c.a.a.c.u.util.UserUtilService   : 1 tutors generated. Generate 1 editors...
    23:43:03.330 | 120 Pool-1-worker-35 | DEBUG | d.t.c.a.a.c.u.util.UserUtilService   : 1 editors generated. Generate 1 instructors...
    23:43:03.333 | 120 Pool-1-worker-35 | DEBUG | d.t.c.a.a.c.u.util.UserUtilService   : 1 instructors generated
    23:43:03.334 | 120 Pool-1-worker-35 | DEBUG | d.t.c.a.a.c.u.util.UserUtilService   : Removing 5 users from all courses...
    23:43:03.339 | 120 Pool-1-worker-35 | DEBUG | d.t.c.a.a.c.u.util.UserUtilService   : Removing 5 users from all courses. Done
    23:43:03.339 | 120 Pool-1-worker-35 | DEBUG | d.t.c.a.a.c.u.util.UserUtilService   : Save 5 users to database...
    23:43:03.350 | 120 Pool-1-worker-35 | DEBUG | d.t.c.a.a.c.u.util.UserUtilService   : Save 5 users to database. Done
    23:43:03.401 | 120 Pool-1-worker-35 | INFO  | i.z.t.d.l.EmbeddedDatabaseReporter   : JDBC URL to connect to 'dataSource': url='jdbc:h2:tcp://localhost:41063/mem:df70fc46-7e57-4cb5-9cd0-c1d90c14afa7;USER=sa', scope='GetCompetenciesForImport#shouldNotGetCompetenciesForInstructorOfOtherCourse'
    23:43:03.406 | 120 Pool-1-worker-35 | DEBUG | d.t.c.a.a.c.s.f.ApiVersionFilter     : Adding Version to Request GET /api/course-competencies/for-import

Finished logs for GetCompetenciesForImport
]]></system-out>
  <system-err><![CDATA[]]></system-err>
</testsuite>
