<?xml version="1.0" encoding="UTF-8"?>
<testsuite name="de.tum.cit.aet.artemis.atlas.learningpath.LearningPathIntegrationTest$StartLearningPath" tests="3" skipped="0" failures="0" errors="0" timestamp="2025-02-14T23:43:21" hostname="fv-az1721-502" time="0.556">
  <properties/>
  <testcase name="shouldStartLearningPath()" classname="de.tum.cit.aet.artemis.atlas.learningpath.LearningPathIntegrationTest$StartLearningPath" time="0.16"/>
  <testcase name="shouldReturnBadRequestIfAlreadyStarted()" classname="de.tum.cit.aet.artemis.atlas.learningpath.LearningPathIntegrationTest$StartLearningPath" time="0.192"/>
  <testcase name="shouldReturnForbiddenIfNotOwn()" classname="de.tum.cit.aet.artemis.atlas.learningpath.LearningPathIntegrationTest$StartLearningPath" time="0.2"/>
  <system-out><![CDATA[
Starting logs for StartLearningPath

  Starting logs for StartLearningPath > shouldStartLearningPath()
    23:43:21.500 | 123 Pool-1-worker-38 | DEBUG | d.t.c.a.a.c.u.util.UserUtilService   : Generate 5 students...
    23:43:21.508 | 123 Pool-1-worker-38 | DEBUG | d.t.c.a.a.c.u.util.UserUtilService   : 5 students generated. Generate 1 tutors...
    23:43:21.511 | 123 Pool-1-worker-38 | DEBUG | d.t.c.a.a.c.u.util.UserUtilService   : 1 tutors generated. Generate 1 editors...
    23:43:21.513 | 123 Pool-1-worker-38 | DEBUG | d.t.c.a.a.c.u.util.UserUtilService   : 1 editors generated. Generate 1 instructors...
    23:43:21.516 | 123 Pool-1-worker-38 | DEBUG | d.t.c.a.a.c.u.util.UserUtilService   : 1 instructors generated
    23:43:21.517 | 123 Pool-1-worker-38 | DEBUG | d.t.c.a.a.c.u.util.UserUtilService   : Removing 8 users from all courses...
    23:43:21.518 | 123 Pool-1-worker-38 | DEBUG | d.t.c.a.a.c.u.util.UserUtilService   : Removing 8 users from all courses. Done
    23:43:21.518 | 123 Pool-1-worker-38 | DEBUG | d.t.c.a.a.c.u.util.UserUtilService   : Save 8 users to database...
    23:43:21.530 | 123 Pool-1-worker-38 | DEBUG | d.t.c.a.a.c.u.util.UserUtilService   : Save 8 users to database. Done
    23:43:21.561 | 123 Pool-1-worker-38 | DEBUG | .c.s.m.InstanceMessageReceiveService : Received schedule participant score for exercise 962 and participant 107 (result to be deleted: null)
    23:43:21.561 | 123 Pool-1-worker-38 | DEBUG | .a.s.ParticipantScoreScheduleService : Scheduled task for exercise 962 and participant 107 at 2025-02-14T23:43:21.661404580Z[Etc/UTC].
    23:43:21.561 | 123 Pool-1-worker-38 | DEBUG | .c.s.m.InstanceMessageReceiveService : Received schedule participant score for exercise 962 and participant 107 (result to be deleted: null)
    23:43:21.561 | 123 Pool-1-worker-38 | DEBUG | .a.s.ParticipantScoreScheduleService : Scheduled task for exercise 962 and participant 107 at 2025-02-14T23:43:21.661980624Z[Etc/UTC].
    23:43:21.562 | 123 Pool-1-worker-38 | DEBUG | .c.s.m.InstanceMessageReceiveService : Received schedule participant score for exercise 963 and participant 107 (result to be deleted: null)
    23:43:21.562 | 123 Pool-1-worker-38 | DEBUG | .a.s.ParticipantScoreScheduleService : Scheduled task for exercise 963 and participant 107 at 2025-02-14T23:43:21.662544165Z[Etc/UTC].
    23:43:21.562 | 123 Pool-1-worker-38 | DEBUG | .c.s.m.InstanceMessageReceiveService : Received schedule participant score for exercise 965 and participant 107 (result to be deleted: null)
    23:43:21.562 | 123 Pool-1-worker-38 | DEBUG | .a.s.ParticipantScoreScheduleService : Scheduled task for exercise 965 and participant 107 at 2025-02-14T23:43:21.662980058Z[Etc/UTC].
    23:43:21.563 | 123 Pool-1-worker-38 | DEBUG | .c.s.m.InstanceMessageReceiveService : Received schedule participant score for exercise 965 and participant 107 (result to be deleted: null)
    23:43:21.563 | 123 Pool-1-worker-38 | DEBUG | .a.s.ParticipantScoreScheduleService : Scheduled task for exercise 965 and participant 107 at 2025-02-14T23:43:21.663418776Z[Etc/UTC].
    23:43:21.567 | 123 Pool-1-worker-38 | DEBUG | .c.s.m.InstanceMessageReceiveService : Received schedule participant score for exercise 962 and participant 107 (result to be deleted: null)
    23:43:21.567 | 123 Pool-1-worker-38 | DEBUG | .a.s.ParticipantScoreScheduleService : Scheduled task for exercise 962 and participant 107 at 2025-02-14T23:43:21.667619489Z[Etc/UTC].
    23:43:21.574 | 123 Pool-1-worker-38 | DEBUG | .c.s.m.InstanceMessageReceiveService : Received schedule participant score for exercise 962 and participant 107 (result to be deleted: null)
    23:43:21.574 | 123 Pool-1-worker-38 | DEBUG | .a.s.ParticipantScoreScheduleService : Scheduled task for exercise 962 and participant 107 at 2025-02-14T23:43:21.674326927Z[Etc/UTC].
    23:43:21.580 | 123 Pool-1-worker-38 | DEBUG | .c.s.m.InstanceMessageReceiveService : Received schedule participant score for exercise 963 and participant 107 (result to be deleted: null)
    23:43:21.580 | 123 Pool-1-worker-38 | DEBUG | .a.s.ParticipantScoreScheduleService : Scheduled task for exercise 963 and participant 107 at 2025-02-14T23:43:21.680878114Z[Etc/UTC].
    23:43:21.585 | 123 Pool-1-worker-38 | DEBUG | .c.s.m.InstanceMessageReceiveService : Received schedule participant score for exercise 965 and participant 107 (result to be deleted: null)
    23:43:21.585 | 123 Pool-1-worker-38 | DEBUG | .a.s.ParticipantScoreScheduleService : Scheduled task for exercise 965 and participant 107 at 2025-02-14T23:43:21.685937939Z[Etc/UTC].
    23:43:21.590 | 123 Pool-1-worker-38 | DEBUG | .c.s.m.InstanceMessageReceiveService : Received schedule participant score for exercise 965 and participant 107 (result to be deleted: null)
    23:43:21.590 | 123 Pool-1-worker-38 | DEBUG | .a.s.ParticipantScoreScheduleService : Scheduled task for exercise 965 and participant 107 at 2025-02-14T23:43:21.690459742Z[Etc/UTC].
    23:43:21.616 | 123 Pool-1-worker-38 | DEBUG | d.t.c.a.a.a.s.l.LearningPathService  : Created LearningPath (id=143) for user (id=107) in course (id=832)
    23:43:21.622 | 123 Pool-1-worker-38 | DEBUG | d.t.c.a.a.a.s.l.LearningPathService  : Updated LearningPath (id=143) for user (id=107)
    23:43:21.622 | 123 Pool-1-worker-38 | DEBUG | d.t.c.a.a.a.s.l.LearningPathService  : Created LearningPath (id=144) for user (id=108) in course (id=832)
    23:43:21.627 | 123 Pool-1-worker-38 | DEBUG | d.t.c.a.a.a.s.l.LearningPathService  : Updated LearningPath (id=144) for user (id=108)
    23:43:21.628 | 123 Pool-1-worker-38 | DEBUG | d.t.c.a.a.a.s.l.LearningPathService  : Created LearningPath (id=145) for user (id=109) in course (id=832)
    23:43:21.631 | 123 Pool-1-worker-38 | DEBUG | d.t.c.a.a.a.s.l.LearningPathService  : Updated LearningPath (id=145) for user (id=109)
    23:43:21.632 | 123 Pool-1-worker-38 | DEBUG | d.t.c.a.a.a.s.l.LearningPathService  : Created LearningPath (id=146) for user (id=110) in course (id=832)
    23:43:21.635 | 123 Pool-1-worker-38 | DEBUG | d.t.c.a.a.a.s.l.LearningPathService  : Updated LearningPath (id=146) for user (id=110)
    23:43:21.635 | 123 Pool-1-worker-38 | DEBUG | d.t.c.a.a.a.s.l.LearningPathService  : Created LearningPath (id=147) for user (id=111) in course (id=832)
    23:43:21.638 | 123 Pool-1-worker-38 | DEBUG | d.t.c.a.a.a.s.l.LearningPathService  : Updated LearningPath (id=147) for user (id=111)
    23:43:21.638 | 123 Pool-1-worker-38 | DEBUG | d.t.c.a.a.a.s.l.LearningPathService  : Successfully created learning paths for all 5 students in course (id=832)
    23:43:21.640 | 123 Pool-1-worker-38 | INFO  | i.z.t.d.l.EmbeddedDatabaseReporter   : JDBC URL to connect to 'dataSource': url='jdbc:h2:tcp://localhost:41063/mem:df70fc46-7e57-4cb5-9cd0-c1d90c14afa7;USER=sa', scope='StartLearningPath#shouldStartLearningPath'
    23:43:21.642 | 123 Pool-1-worker-38 | DEBUG | d.t.c.a.a.c.s.f.ApiVersionFilter     : Adding Version to Request PATCH /api/learning-path/143/start
    23:43:21.645 | 123 Pool-1-worker-38 | DEBUG | d.t.c.a.a.a.web.LearningPathResource : REST request to start learning path with id: 143

  Starting logs for StartLearningPath > shouldReturnBadRequestIfAlreadyStarted()
    23:43:21.662 | 123 Pool-1-worker-38 | DEBUG | d.t.c.a.a.c.u.util.UserUtilService   : Generate 5 students...
    23:43:21.670 | 123 Pool-1-worker-38 | DEBUG | d.t.c.a.a.c.u.util.UserUtilService   : 5 students generated. Generate 1 tutors...
    23:43:21.673 | 123 Pool-1-worker-38 | DEBUG | d.t.c.a.a.c.u.util.UserUtilService   : 1 tutors generated. Generate 1 editors...
    23:43:21.676 | 123 Pool-1-worker-38 | DEBUG | d.t.c.a.a.c.u.util.UserUtilService   : 1 editors generated. Generate 1 instructors...
    23:43:21.679 | 123 Pool-1-worker-38 | DEBUG | d.t.c.a.a.c.u.util.UserUtilService   : 1 instructors generated
    23:43:21.680 | 123 Pool-1-worker-38 | DEBUG | d.t.c.a.a.c.u.util.UserUtilService   : Removing 8 users from all courses...
    23:43:21.682 | 123 Pool-1-worker-38 | DEBUG | d.t.c.a.a.c.u.util.UserUtilService   : Removing 8 users from all courses. Done
    23:43:21.682 | 123 Pool-1-worker-38 | DEBUG | d.t.c.a.a.c.u.util.UserUtilService   : Save 8 users to database...
    23:43:21.697 | 123 Pool-1-worker-38 | DEBUG | d.t.c.a.a.c.u.util.UserUtilService   : Save 8 users to database. Done
    23:43:21.738 | 123 Pool-1-worker-38 | DEBUG | .c.s.m.InstanceMessageReceiveService : Received schedule participant score for exercise 968 and participant 107 (result to be deleted: null)
    23:43:21.738 | 123 Pool-1-worker-38 | DEBUG | .a.s.ParticipantScoreScheduleService : Scheduled task for exercise 968 and participant 107 at 2025-02-14T23:43:21.838335930Z[Etc/UTC].
    23:43:21.738 | 123 Pool-1-worker-38 | DEBUG | .c.s.m.InstanceMessageReceiveService : Received schedule participant score for exercise 968 and participant 107 (result to be deleted: null)
    23:43:21.738 | 123 Pool-1-worker-38 | DEBUG | .a.s.ParticipantScoreScheduleService : Scheduled task for exercise 968 and participant 107 at 2025-02-14T23:43:21.838901135Z[Etc/UTC].
    23:43:21.739 | 123 Pool-1-worker-38 | DEBUG | .c.s.m.InstanceMessageReceiveService : Received schedule participant score for exercise 969 and participant 107 (result to be deleted: null)
    23:43:21.739 | 123 Pool-1-worker-38 | DEBUG | .a.s.ParticipantScoreScheduleService : Scheduled task for exercise 969 and participant 107 at 2025-02-14T23:43:21.839412979Z[Etc/UTC].
    23:43:21.739 | 123 Pool-1-worker-38 | DEBUG | .c.s.m.InstanceMessageReceiveService : Received schedule participant score for exercise 971 and participant 107 (result to be deleted: null)
    23:43:21.739 | 123 Pool-1-worker-38 | DEBUG | .a.s.ParticipantScoreScheduleService : Scheduled task for exercise 971 and participant 107 at 2025-02-14T23:43:21.839934502Z[Etc/UTC].
    23:43:21.740 | 123 Pool-1-worker-38 | DEBUG | .c.s.m.InstanceMessageReceiveService : Received schedule participant score for exercise 971 and participant 107 (result to be deleted: null)
    23:43:21.740 | 123 Pool-1-worker-38 | DEBUG | .a.s.ParticipantScoreScheduleService : Scheduled task for exercise 971 and participant 107 at 2025-02-14T23:43:21.840461765Z[Etc/UTC].
    23:43:21.746 | 123 Pool-1-worker-38 | DEBUG | .c.s.m.InstanceMessageReceiveService : Received schedule participant score for exercise 968 and participant 107 (result to be deleted: null)
    23:43:21.746 | 123 Pool-1-worker-38 | DEBUG | .a.s.ParticipantScoreScheduleService : Scheduled task for exercise 968 and participant 107 at 2025-02-14T23:43:21.846806857Z[Etc/UTC].
    23:43:21.753 | 123 Pool-1-worker-38 | DEBUG | .c.s.m.InstanceMessageReceiveService : Received schedule participant score for exercise 968 and participant 107 (result to be deleted: null)
    23:43:21.753 | 123 Pool-1-worker-38 | DEBUG | .a.s.ParticipantScoreScheduleService : Scheduled task for exercise 968 and participant 107 at 2025-02-14T23:43:21.853219746Z[Etc/UTC].
    23:43:21.759 | 123 Pool-1-worker-38 | DEBUG | .c.s.m.InstanceMessageReceiveService : Received schedule participant score for exercise 969 and participant 107 (result to be deleted: null)
    23:43:21.759 | 123 Pool-1-worker-38 | DEBUG | .a.s.ParticipantScoreScheduleService : Scheduled task for exercise 969 and participant 107 at 2025-02-14T23:43:21.859888292Z[Etc/UTC].
    23:43:21.766 | 123 Pool-1-worker-38 | DEBUG | .c.s.m.InstanceMessageReceiveService : Received schedule participant score for exercise 971 and participant 107 (result to be deleted: null)
    23:43:21.766 | 123 Pool-1-worker-38 | DEBUG | .a.s.ParticipantScoreScheduleService : Scheduled task for exercise 971 and participant 107 at 2025-02-14T23:43:21.866705745Z[Etc/UTC].
    23:43:21.773 | 123 Pool-1-worker-38 | DEBUG | .c.s.m.InstanceMessageReceiveService : Received schedule participant score for exercise 971 and participant 107 (result to be deleted: null)
    23:43:21.773 | 123 Pool-1-worker-38 | DEBUG | .a.s.ParticipantScoreScheduleService : Scheduled task for exercise 971 and participant 107 at 2025-02-14T23:43:21.873181421Z[Etc/UTC].
    23:43:21.803 | 123 Pool-1-worker-38 | DEBUG | d.t.c.a.a.a.s.l.LearningPathService  : Created LearningPath (id=148) for user (id=107) in course (id=834)
    23:43:21.808 | 123 Pool-1-worker-38 | DEBUG | d.t.c.a.a.a.s.l.LearningPathService  : Updated LearningPath (id=148) for user (id=107)
    23:43:21.809 | 123 Pool-1-worker-38 | DEBUG | d.t.c.a.a.a.s.l.LearningPathService  : Created LearningPath (id=149) for user (id=108) in course (id=834)
    23:43:21.814 | 123 Pool-1-worker-38 | DEBUG | d.t.c.a.a.a.s.l.LearningPathService  : Updated LearningPath (id=149) for user (id=108)
    23:43:21.815 | 123 Pool-1-worker-38 | DEBUG | d.t.c.a.a.a.s.l.LearningPathService  : Created LearningPath (id=150) for user (id=109) in course (id=834)
    23:43:21.821 | 123 Pool-1-worker-38 | DEBUG | d.t.c.a.a.a.s.l.LearningPathService  : Updated LearningPath (id=150) for user (id=109)
    23:43:21.821 | 123 Pool-1-worker-38 | DEBUG | d.t.c.a.a.a.s.l.LearningPathService  : Created LearningPath (id=151) for user (id=110) in course (id=834)
    23:43:21.827 | 123 Pool-1-worker-38 | DEBUG | d.t.c.a.a.a.s.l.LearningPathService  : Updated LearningPath (id=151) for user (id=110)
    23:43:21.828 | 123 Pool-1-worker-38 | DEBUG | d.t.c.a.a.a.s.l.LearningPathService  : Created LearningPath (id=152) for user (id=111) in course (id=834)
    23:43:21.833 | 123 Pool-1-worker-38 | DEBUG | d.t.c.a.a.a.s.l.LearningPathService  : Updated LearningPath (id=152) for user (id=111)
    23:43:21.833 | 123 Pool-1-worker-38 | DEBUG | d.t.c.a.a.a.s.l.LearningPathService  : Successfully created learning paths for all 5 students in course (id=834)
    23:43:21.836 | 123 Pool-1-worker-38 | INFO  | i.z.t.d.l.EmbeddedDatabaseReporter   : JDBC URL to connect to 'dataSource': url='jdbc:h2:tcp://localhost:41063/mem:df70fc46-7e57-4cb5-9cd0-c1d90c14afa7;USER=sa', scope='StartLearningPath#shouldReturnBadRequestIfAlreadyStarted'
    23:43:21.839 | 123 Pool-1-worker-38 | DEBUG | d.t.c.a.a.c.s.f.ApiVersionFilter     : Adding Version to Request PATCH /api/learning-path/148/start
    23:43:21.840 | 123 Pool-1-worker-38 | DEBUG | d.t.c.a.a.a.web.LearningPathResource : REST request to start learning path with id: 148
    23:43:21.842 | 123 Pool-1-worker-38 | WARN  | o.z.p.spring.common.AdviceTraits     : Conflict: Learning path already started.

  Starting logs for StartLearningPath > shouldReturnForbiddenIfNotOwn()
    23:43:21.857 | 123 Pool-1-worker-38 | DEBUG | d.t.c.a.a.c.u.util.UserUtilService   : Generate 5 students...
    23:43:21.866 | 123 Pool-1-worker-38 | DEBUG | d.t.c.a.a.c.u.util.UserUtilService   : 5 students generated. Generate 1 tutors...
    23:43:21.868 | 123 Pool-1-worker-38 | DEBUG | d.t.c.a.a.c.u.util.UserUtilService   : 1 tutors generated. Generate 1 editors...
    23:43:21.871 | 123 Pool-1-worker-38 | DEBUG | d.t.c.a.a.c.u.util.UserUtilService   : 1 editors generated. Generate 1 instructors...
    23:43:21.874 | 123 Pool-1-worker-38 | DEBUG | d.t.c.a.a.c.u.util.UserUtilService   : 1 instructors generated
    23:43:21.875 | 123 Pool-1-worker-38 | DEBUG | d.t.c.a.a.c.u.util.UserUtilService   : Removing 8 users from all courses...
    23:43:21.877 | 123 Pool-1-worker-38 | DEBUG | d.t.c.a.a.c.u.util.UserUtilService   : Removing 8 users from all courses. Done
    23:43:21.877 | 123 Pool-1-worker-38 | DEBUG | d.t.c.a.a.c.u.util.UserUtilService   : Save 8 users to database...
    23:43:21.893 | 123 Pool-1-worker-38 | DEBUG | d.t.c.a.a.c.u.util.UserUtilService   : Save 8 users to database. Done
    23:43:21.936 | 123 Pool-1-worker-38 | DEBUG | .c.s.m.InstanceMessageReceiveService : Received schedule participant score for exercise 974 and participant 107 (result to be deleted: null)
    23:43:21.936 | 123 Pool-1-worker-38 | DEBUG | .a.s.ParticipantScoreScheduleService : Scheduled task for exercise 974 and participant 107 at 2025-02-14T23:43:22.036596208Z[Etc/UTC].
    23:43:21.937 | 123 Pool-1-worker-38 | DEBUG | .c.s.m.InstanceMessageReceiveService : Received schedule participant score for exercise 974 and participant 107 (result to be deleted: null)
    23:43:21.937 | 123 Pool-1-worker-38 | DEBUG | .a.s.ParticipantScoreScheduleService : Scheduled task for exercise 974 and participant 107 at 2025-02-14T23:43:22.037220022Z[Etc/UTC].
    23:43:21.937 | 123 Pool-1-worker-38 | DEBUG | .c.s.m.InstanceMessageReceiveService : Received schedule participant score for exercise 975 and participant 107 (result to be deleted: null)
    23:43:21.937 | 123 Pool-1-worker-38 | DEBUG | .a.s.ParticipantScoreScheduleService : Scheduled task for exercise 975 and participant 107 at 2025-02-14T23:43:22.037744049Z[Etc/UTC].
    23:43:21.938 | 123 Pool-1-worker-38 | DEBUG | .c.s.m.InstanceMessageReceiveService : Received schedule participant score for exercise 977 and participant 107 (result to be deleted: null)
    23:43:21.938 | 123 Pool-1-worker-38 | DEBUG | .a.s.ParticipantScoreScheduleService : Scheduled task for exercise 977 and participant 107 at 2025-02-14T23:43:22.038352534Z[Etc/UTC].
    23:43:21.938 | 123 Pool-1-worker-38 | DEBUG | .c.s.m.InstanceMessageReceiveService : Received schedule participant score for exercise 977 and participant 107 (result to be deleted: null)
    23:43:21.938 | 123 Pool-1-worker-38 | DEBUG | .a.s.ParticipantScoreScheduleService : Scheduled task for exercise 977 and participant 107 at 2025-02-14T23:43:22.038936342Z[Etc/UTC].
    23:43:21.945 | 123 Pool-1-worker-38 | DEBUG | .c.s.m.InstanceMessageReceiveService : Received schedule participant score for exercise 974 and participant 107 (result to be deleted: null)
    23:43:21.945 | 123 Pool-1-worker-38 | DEBUG | .a.s.ParticipantScoreScheduleService : Scheduled task for exercise 974 and participant 107 at 2025-02-14T23:43:22.045701027Z[Etc/UTC].
    23:43:21.952 | 123 Pool-1-worker-38 | DEBUG | .c.s.m.InstanceMessageReceiveService : Received schedule participant score for exercise 974 and participant 107 (result to be deleted: null)
    23:43:21.952 | 123 Pool-1-worker-38 | DEBUG | .a.s.ParticipantScoreScheduleService : Scheduled task for exercise 974 and participant 107 at 2025-02-14T23:43:22.052540301Z[Etc/UTC].
    23:43:21.959 | 123 Pool-1-worker-38 | DEBUG | .c.s.m.InstanceMessageReceiveService : Received schedule participant score for exercise 975 and participant 107 (result to be deleted: null)
    23:43:21.959 | 123 Pool-1-worker-38 | DEBUG | .a.s.ParticipantScoreScheduleService : Scheduled task for exercise 975 and participant 107 at 2025-02-14T23:43:22.059676218Z[Etc/UTC].
    23:43:21.966 | 123 Pool-1-worker-38 | DEBUG | .c.s.m.InstanceMessageReceiveService : Received schedule participant score for exercise 977 and participant 107 (result to be deleted: null)
    23:43:21.966 | 123 Pool-1-worker-38 | DEBUG | .a.s.ParticipantScoreScheduleService : Scheduled task for exercise 977 and participant 107 at 2025-02-14T23:43:22.066851949Z[Etc/UTC].
    23:43:21.973 | 123 Pool-1-worker-38 | DEBUG | .c.s.m.InstanceMessageReceiveService : Received schedule participant score for exercise 977 and participant 107 (result to be deleted: null)
    23:43:21.973 | 123 Pool-1-worker-38 | DEBUG | .a.s.ParticipantScoreScheduleService : Scheduled task for exercise 977 and participant 107 at 2025-02-14T23:43:22.073609651Z[Etc/UTC].
    23:43:22.004 | 123 Pool-1-worker-38 | DEBUG | d.t.c.a.a.a.s.l.LearningPathService  : Created LearningPath (id=153) for user (id=107) in course (id=836)
    23:43:22.009 | 123 Pool-1-worker-38 | DEBUG | d.t.c.a.a.a.s.l.LearningPathService  : Updated LearningPath (id=153) for user (id=107)
    23:43:22.010 | 123 Pool-1-worker-38 | DEBUG | d.t.c.a.a.a.s.l.LearningPathService  : Created LearningPath (id=154) for user (id=108) in course (id=836)
    23:43:22.016 | 123 Pool-1-worker-38 | DEBUG | d.t.c.a.a.a.s.l.LearningPathService  : Updated LearningPath (id=154) for user (id=108)
    23:43:22.016 | 123 Pool-1-worker-38 | DEBUG | d.t.c.a.a.a.s.l.LearningPathService  : Created LearningPath (id=155) for user (id=109) in course (id=836)
    23:43:22.022 | 123 Pool-1-worker-38 | DEBUG | d.t.c.a.a.a.s.l.LearningPathService  : Updated LearningPath (id=155) for user (id=109)
    23:43:22.023 | 123 Pool-1-worker-38 | DEBUG | d.t.c.a.a.a.s.l.LearningPathService  : Created LearningPath (id=156) for user (id=110) in course (id=836)
    23:43:22.029 | 123 Pool-1-worker-38 | DEBUG | d.t.c.a.a.a.s.l.LearningPathService  : Updated LearningPath (id=156) for user (id=110)
    23:43:22.029 | 123 Pool-1-worker-38 | DEBUG | d.t.c.a.a.a.s.l.LearningPathService  : Created LearningPath (id=157) for user (id=111) in course (id=836)
    23:43:22.035 | 123 Pool-1-worker-38 | DEBUG | d.t.c.a.a.a.s.l.LearningPathService  : Updated LearningPath (id=157) for user (id=111)
    23:43:22.035 | 123 Pool-1-worker-38 | DEBUG | d.t.c.a.a.a.s.l.LearningPathService  : Successfully created learning paths for all 5 students in course (id=836)
    23:43:22.037 | 123 Pool-1-worker-38 | INFO  | i.z.t.d.l.EmbeddedDatabaseReporter   : JDBC URL to connect to 'dataSource': url='jdbc:h2:tcp://localhost:41063/mem:df70fc46-7e57-4cb5-9cd0-c1d90c14afa7;USER=sa', scope='StartLearningPath#shouldReturnForbiddenIfNotOwn'
    23:43:22.040 | 123 Pool-1-worker-38 | DEBUG | d.t.c.a.a.c.s.f.ApiVersionFilter     : Adding Version to Request PATCH /api/learning-path/153/start
    23:43:22.042 | 123 Pool-1-worker-38 | DEBUG | d.t.c.a.a.a.web.LearningPathResource : REST request to start learning path with id: 153
    23:43:22.043 | 123 Pool-1-worker-38 | WARN  | o.z.p.spring.common.AdviceTraits     : Forbidden: You are not allowed to start this learning path.

Finished logs for StartLearningPath
]]></system-out>
  <system-err><![CDATA[]]></system-err>
</testsuite>
