<?xml version="1.0" encoding="UTF-8"?>
<testsuite name="de.tum.cit.aet.artemis.programming.service.RepositoryAccessServiceTest" tests="3" skipped="0" failures="0" errors="0" timestamp="2025-02-14T23:49:22" hostname="fv-az1721-502" time="0.136">
  <properties/>
  <testcase name="testShouldEnforceLockRepositoryPolicy()" classname="de.tum.cit.aet.artemis.programming.service.RepositoryAccessServiceTest" time="0.071"/>
  <testcase name="testShouldDenyAccessToTestRepository(boolean) [1] atLeastEditor=true" classname="de.tum.cit.aet.artemis.programming.service.RepositoryAccessServiceTest" time="0.033"/>
  <testcase name="testShouldDenyAccessToTestRepository(boolean) [2] atLeastEditor=false" classname="de.tum.cit.aet.artemis.programming.service.RepositoryAccessServiceTest" time="0.028"/>
  <system-out><![CDATA[
Starting logs for RepositoryAccessServiceTest

  Starting logs for RepositoryAccessServiceTest > testShouldEnforceLockRepositoryPolicy()
    23:49:22.915 | 494 ool-1-worker-258 | DEBUG | d.t.c.a.a.c.u.util.UserUtilService   : Generate 1 students...
    23:49:22.917 | 494 ool-1-worker-258 | DEBUG | d.t.c.a.a.c.u.util.UserUtilService   : 1 students generated. Generate 0 tutors...
    23:49:22.918 | 494 ool-1-worker-258 | DEBUG | d.t.c.a.a.c.u.util.UserUtilService   : 0 tutors generated. Generate 0 editors...
    23:49:22.919 | 494 ool-1-worker-258 | DEBUG | d.t.c.a.a.c.u.util.UserUtilService   : 0 editors generated. Generate 0 instructors...
    23:49:22.921 | 494 ool-1-worker-258 | DEBUG | d.t.c.a.a.c.u.util.UserUtilService   : 0 instructors generated
    23:49:22.923 | 494 ool-1-worker-258 | DEBUG | d.t.c.a.a.c.u.util.UserUtilService   : Removing 3 users from all courses...
    23:49:22.923 | 494 ool-1-worker-258 | DEBUG | d.t.c.a.a.c.u.util.UserUtilService   : Removing 3 users from all courses. Done
    23:49:22.923 | 494 ool-1-worker-258 | DEBUG | d.t.c.a.a.c.u.util.UserUtilService   : Save 1 users to database...
    23:49:22.924 | 494 ool-1-worker-258 | DEBUG | d.t.c.a.a.c.u.util.UserUtilService   : Save 1 users to database. Done
    23:49:22.938 | 494 ool-1-worker-258 | INFO  | i.z.t.d.l.EmbeddedDatabaseReporter   : JDBC URL to connect to 'dataSource': url='jdbc:h2:tcp://localhost:41063/mem:736625c0-cf5e-400d-aeaa-8a7eabd6262b;USER=sa', scope='RepositoryAccessServiceTest#testShouldEnforceLockRepositoryPolicy'
    23:49:22.940 | 494 ool-1-worker-258 | DEBUG | PersonalAccessTokenManagementService : Generate secure vcs access token
    23:49:22.944 | 494 ool-1-worker-258 | DEBUG | .s.ProgrammingExerciseGradingService : Received new build result (NEW) for participation 5784
    23:49:22.947 | 494 ool-1-worker-258 | WARN  | .s.ProgrammingExerciseGradingService : Could not find pending ProgrammingSubmission for Commit Hash 9b3a9bd71a0d80e5bbc42204c319ed3d1d4f0d6d (Participation 5784, Build Plan SHORT2546F74E09DE4047DA09B8303C52BAE94AC9TSTEXC-RASTESTSTUDENT1). Will create a new one subsequently...
    23:49:22.951 | 494 ool-1-worker-258 | INFO  | d.t.c.a.a.p.s.gitlab.GitLabService   : Adding user 1 with permissions 20 to repository SHORT2546F74E09DE4047DA09B8303C52BAE94AC9TSTEXC/short2546f74e09de4047da09b8303c52bae94ac9tstexc-rasteststudent1
    23:49:22.970 | 494 ool-1-worker-258 | DEBUG | .c.s.m.InstanceMessageReceiveService : Received schedule participant score for exercise 3767 and participant 818 (result to be deleted: null)
    23:49:22.970 | 494 ool-1-worker-258 | DEBUG | .a.s.ParticipantScoreScheduleService : Scheduled task for exercise 3767 and participant 818 at 2025-02-14T23:49:23.070634200Z[Etc/UTC].

  Starting logs for RepositoryAccessServiceTest > testShouldDenyAccessToTestRepository(boolean) [1] atLeastEditor=true
    23:49:22.987 | 494 ool-1-worker-258 | DEBUG | d.t.c.a.a.c.u.util.UserUtilService   : Generate 1 students...
    23:49:22.990 | 494 ool-1-worker-258 | DEBUG | d.t.c.a.a.c.u.util.UserUtilService   : 1 students generated. Generate 0 tutors...
    23:49:22.991 | 494 ool-1-worker-258 | DEBUG | d.t.c.a.a.c.u.util.UserUtilService   : 0 tutors generated. Generate 0 editors...
    23:49:22.992 | 494 ool-1-worker-258 | DEBUG | d.t.c.a.a.c.u.util.UserUtilService   : 0 editors generated. Generate 0 instructors...
    23:49:22.994 | 494 ool-1-worker-258 | DEBUG | d.t.c.a.a.c.u.util.UserUtilService   : 0 instructors generated
    23:49:22.995 | 494 ool-1-worker-258 | DEBUG | d.t.c.a.a.c.u.util.UserUtilService   : Removing 1 users from all courses...
    23:49:22.996 | 494 ool-1-worker-258 | DEBUG | d.t.c.a.a.c.u.util.UserUtilService   : Removing 1 users from all courses. Done
    23:49:22.996 | 494 ool-1-worker-258 | DEBUG | d.t.c.a.a.c.u.util.UserUtilService   : Save 1 users to database...
    23:49:22.998 | 494 ool-1-worker-258 | DEBUG | d.t.c.a.a.c.u.util.UserUtilService   : Save 1 users to database. Done
    23:49:23.009 | 494 ool-1-worker-258 | INFO  | i.z.t.d.l.EmbeddedDatabaseReporter   : JDBC URL to connect to 'dataSource': url='jdbc:h2:tcp://localhost:41063/mem:736625c0-cf5e-400d-aeaa-8a7eabd6262b;USER=sa', scope='RepositoryAccessServiceTest#testShouldDenyAccessToTestRepository'

  Starting logs for RepositoryAccessServiceTest > testShouldDenyAccessToTestRepository(boolean) [2] atLeastEditor=false
    23:49:23.020 | 494 ool-1-worker-258 | DEBUG | d.t.c.a.a.c.u.util.UserUtilService   : Generate 1 students...
    23:49:23.022 | 494 ool-1-worker-258 | DEBUG | d.t.c.a.a.c.u.util.UserUtilService   : 1 students generated. Generate 0 tutors...
    23:49:23.023 | 494 ool-1-worker-258 | DEBUG | d.t.c.a.a.c.u.util.UserUtilService   : 0 tutors generated. Generate 0 editors...
    23:49:23.025 | 494 ool-1-worker-258 | DEBUG | d.t.c.a.a.c.u.util.UserUtilService   : 0 editors generated. Generate 0 instructors...
    23:49:23.026 | 494 ool-1-worker-258 | DEBUG | d.t.c.a.a.c.u.util.UserUtilService   : 0 instructors generated
    23:49:23.027 | 494 ool-1-worker-258 | DEBUG | d.t.c.a.a.c.u.util.UserUtilService   : Removing 1 users from all courses...
    23:49:23.027 | 494 ool-1-worker-258 | DEBUG | d.t.c.a.a.c.u.util.UserUtilService   : Removing 1 users from all courses. Done
    23:49:23.027 | 494 ool-1-worker-258 | DEBUG | d.t.c.a.a.c.u.util.UserUtilService   : Save 1 users to database...
    23:49:23.028 | 494 ool-1-worker-258 | DEBUG | d.t.c.a.a.c.u.util.UserUtilService   : Save 1 users to database. Done
    23:49:23.041 | 494 ool-1-worker-258 | INFO  | i.z.t.d.l.EmbeddedDatabaseReporter   : JDBC URL to connect to 'dataSource': url='jdbc:h2:tcp://localhost:41063/mem:736625c0-cf5e-400d-aeaa-8a7eabd6262b;USER=sa', scope='RepositoryAccessServiceTest#testShouldDenyAccessToTestRepository'

Finished logs for RepositoryAccessServiceTest
]]></system-out>
  <system-err><![CDATA[]]></system-err>
</testsuite>
