<?xml version="1.0" encoding="UTF-8"?>
<testsuite name="de.tum.cit.aet.artemis.communication.notification.GroupNotificationServiceTest" tests="24" skipped="0" failures="0" errors="0" timestamp="2025-02-14T23:44:07" hostname="fv-az1721-502" time="2.012">
  <properties/>
  <testcase name="testCheckAndCreateAppropriateNotificationsWhenUpdatingExercise()" classname="de.tum.cit.aet.artemis.communication.notification.GroupNotificationServiceTest" time="0.263"/>
  <testcase name="testNotifyInstructorGroupAboutCourseArchiveState_CourseArchiveFailed()" classname="de.tum.cit.aet.artemis.communication.notification.GroupNotificationServiceTest" time="0.051"/>
  <testcase name="testCheckNotificationForExerciseRelease_currentOrPastReleaseDate()" classname="de.tum.cit.aet.artemis.communication.notification.GroupNotificationServiceTest" time="0.066"/>
  <testcase name="testNotifyInstructorGroupAboutCourseArchiveState_ExamArchiveStarted()" classname="de.tum.cit.aet.artemis.communication.notification.GroupNotificationServiceTest" time="0.05"/>
  <testcase name="testNotifyInstructorGroupAboutCourseArchiveState_ExamArchiveFinished()" classname="de.tum.cit.aet.artemis.communication.notification.GroupNotificationServiceTest" time="0.082"/>
  <testcase name="testNotifyInstructorGroupAboutCourseArchiveState_CourseArchiveStarted()" classname="de.tum.cit.aet.artemis.communication.notification.GroupNotificationServiceTest" time="0.076"/>
  <testcase name="testNotifyStudentAndEditorAndInstructorGroupAboutExerciseUpdate()" classname="de.tum.cit.aet.artemis.communication.notification.GroupNotificationServiceTest" time="0.048"/>
  <testcase name="testCheckNotificationForExerciseRelease_futureReleaseDate()" classname="de.tum.cit.aet.artemis.communication.notification.GroupNotificationServiceTest" time="0.056"/>
  <testcase name="testNotifyAboutExerciseUpdate_undefinedReleaseDate()" classname="de.tum.cit.aet.artemis.communication.notification.GroupNotificationServiceTest" time="0.05"/>
  <testcase name="testNotifyInstructorGroupAboutIllegalSubmissionsForExercise()" classname="de.tum.cit.aet.artemis.communication.notification.GroupNotificationServiceTest" time="0.042"/>
  <testcase name="testNotifyAboutExerciseUpdate_futureReleaseDate()" classname="de.tum.cit.aet.artemis.communication.notification.GroupNotificationServiceTest" time="0.04"/>
  <testcase name="testNotifyStudentGroupAboutQuizExerciseStart()" classname="de.tum.cit.aet.artemis.communication.notification.GroupNotificationServiceTest" time="0.05"/>
  <testcase name="testNotifyStudentGroupAboutAttachmentChange_nonFutureReleaseDate()" classname="de.tum.cit.aet.artemis.communication.notification.GroupNotificationServiceTest" time="0.12"/>
  <testcase name="testNotifyEditorAndInstructorGroupAboutDuplicateTestCasesForExercise()" classname="de.tum.cit.aet.artemis.communication.notification.GroupNotificationServiceTest" time="0.083"/>
  <testcase name="testNotifyInstructorGroupAboutChangedTestCasesForProgrammingExercise()" classname="de.tum.cit.aet.artemis.communication.notification.GroupNotificationServiceTest" time="0.093"/>
  <testcase name="testNotifyAboutExerciseUpdate_correctReleaseDate_examExercise()" classname="de.tum.cit.aet.artemis.communication.notification.GroupNotificationServiceTest" time="0.083"/>
  <testcase name="testNotifyInstructorGroupAboutCourseArchiveState_CourseArchiveFinished()" classname="de.tum.cit.aet.artemis.communication.notification.GroupNotificationServiceTest" time="0.054"/>
  <testcase name="testNotifyAllGroupsAboutReleasedExercise()" classname="de.tum.cit.aet.artemis.communication.notification.GroupNotificationServiceTest" time="0.131"/>
  <testcase name="testNotifyAboutExerciseUpdate_correctReleaseDate_courseExercise()" classname="de.tum.cit.aet.artemis.communication.notification.GroupNotificationServiceTest" time="0.06"/>
  <testcase name="testCheckNotificationForExerciseRelease_undefinedReleaseDate()" classname="de.tum.cit.aet.artemis.communication.notification.GroupNotificationServiceTest" time="0.07"/>
  <testcase name="testNotifyStudentGroupAboutAttachmentChange_futureReleaseDate()" classname="de.tum.cit.aet.artemis.communication.notification.GroupNotificationServiceTest" time="0.091"/>
  <testcase name="testNotifyStudentGroupAboutExercisePractice()" classname="de.tum.cit.aet.artemis.communication.notification.GroupNotificationServiceTest" time="0.169"/>
  <testcase name="testNotifyEditorAndInstructorGroupAboutExerciseUpdate()" classname="de.tum.cit.aet.artemis.communication.notification.GroupNotificationServiceTest" time="0.091"/>
  <testcase name="testNotifyInstructorGroupAboutCourseArchiveState_ExamArchiveFailed()" classname="de.tum.cit.aet.artemis.communication.notification.GroupNotificationServiceTest" time="0.043"/>
  <system-out><![CDATA[
Starting logs for GroupNotificationServiceTest

  Starting logs for GroupNotificationServiceTest > testCheckAndCreateAppropriateNotificationsWhenUpdatingExercise()
    23:44:07.608 | 142 Pool-1-worker-57 | DEBUG | d.t.c.a.a.c.u.util.UserUtilService   : Generate 1 students...
    23:44:07.613 | 142 Pool-1-worker-57 | DEBUG | d.t.c.a.a.c.u.util.UserUtilService   : 1 students generated. Generate 0 tutors...
    23:44:07.614 | 142 Pool-1-worker-57 | DEBUG | d.t.c.a.a.c.u.util.UserUtilService   : 0 tutors generated. Generate 0 editors...
    23:44:07.615 | 142 Pool-1-worker-57 | DEBUG | d.t.c.a.a.c.u.util.UserUtilService   : 0 editors generated. Generate 1 instructors...
    23:44:07.620 | 142 Pool-1-worker-57 | DEBUG | d.t.c.a.a.c.u.util.UserUtilService   : 1 instructors generated
    23:44:07.624 | 142 Pool-1-worker-57 | DEBUG | d.t.c.a.a.c.u.util.UserUtilService   : Removing 1 users from all courses...
    23:44:07.625 | 142 Pool-1-worker-57 | DEBUG | d.t.c.a.a.c.u.util.UserUtilService   : Removing 1 users from all courses. Done
    23:44:07.625 | 142 Pool-1-worker-57 | DEBUG | d.t.c.a.a.c.u.util.UserUtilService   : Save 2 users to database...
    23:44:07.627 | 142 Pool-1-worker-57 | DEBUG | d.t.c.a.a.c.u.util.UserUtilService   : Save 2 users to database. Done
    23:44:07.679 | 142 Pool-1-worker-57 | INFO  | i.z.t.d.l.EmbeddedDatabaseReporter   : JDBC URL to connect to 'dataSource': url='jdbc:h2:tcp://localhost:41063/mem:df70fc46-7e57-4cb5-9cd0-c1d90c14afa7;USER=sa', scope='GroupNotificationServiceTest#testCheckAndCreateAppropriateNotificationsWhenUpdatingExercise'
    23:44:07.712 | 142 Pool-1-worker-57 | INFO  | .c.s.m.InstanceMessageReceiveService : Received schedule update for exercise 1336 released notification 
    23:44:07.713 | 142 Pool-1-worker-57 | INFO  | .c.s.m.InstanceMessageReceiveService : Received schedule update for assessed exercise submitted 1336 notification 
    23:44:07.749 | 142 Pool-1-worker-57 | INFO  | .c.s.m.InstanceMessageReceiveService : Received schedule update for exercise 1336 released notification 
    23:44:07.749 | 142 Pool-1-worker-57 | INFO  | .c.s.m.InstanceMessageReceiveService : Received schedule update for assessed exercise submitted 1336 notification 
    23:44:07.768 | 142 Pool-1-worker-57 | INFO  | .c.s.m.InstanceMessageReceiveService : Received schedule update for exercise 1336 released notification 
    23:44:07.769 | 142 Pool-1-worker-57 | INFO  | .c.s.m.InstanceMessageReceiveService : Received schedule update for assessed exercise submitted 1336 notification 
    23:44:07.841 | 142 Pool-1-worker-57 | INFO  | .c.s.m.InstanceMessageReceiveService : Received schedule update for exercise 1336 released notification 
    23:44:07.841 | 142 Pool-1-worker-57 | INFO  | .c.s.m.InstanceMessageReceiveService : Received schedule update for assessed exercise submitted 1336 notification 

  Starting logs for GroupNotificationServiceTest > testNotifyInstructorGroupAboutCourseArchiveState_CourseArchiveFailed()
    23:44:07.869 | 142 Pool-1-worker-57 | DEBUG | d.t.c.a.a.c.u.util.UserUtilService   : Generate 1 students...
    23:44:07.872 | 142 Pool-1-worker-57 | DEBUG | d.t.c.a.a.c.u.util.UserUtilService   : 1 students generated. Generate 0 tutors...
    23:44:07.873 | 142 Pool-1-worker-57 | DEBUG | d.t.c.a.a.c.u.util.UserUtilService   : 0 tutors generated. Generate 0 editors...
    23:44:07.875 | 142 Pool-1-worker-57 | DEBUG | d.t.c.a.a.c.u.util.UserUtilService   : 0 editors generated. Generate 1 instructors...
    23:44:07.877 | 142 Pool-1-worker-57 | DEBUG | d.t.c.a.a.c.u.util.UserUtilService   : 1 instructors generated
    23:44:07.879 | 142 Pool-1-worker-57 | DEBUG | d.t.c.a.a.c.u.util.UserUtilService   : Removing 2 users from all courses...
    23:44:07.880 | 142 Pool-1-worker-57 | DEBUG | d.t.c.a.a.c.u.util.UserUtilService   : Removing 2 users from all courses. Done
    23:44:07.880 | 142 Pool-1-worker-57 | DEBUG | d.t.c.a.a.c.u.util.UserUtilService   : Save 2 users to database...
    23:44:07.885 | 142 Pool-1-worker-57 | DEBUG | d.t.c.a.a.c.u.util.UserUtilService   : Save 2 users to database. Done
    23:44:07.900 | 142 Pool-1-worker-57 | INFO  | i.z.t.d.l.EmbeddedDatabaseReporter   : JDBC URL to connect to 'dataSource': url='jdbc:h2:tcp://localhost:41063/mem:df70fc46-7e57-4cb5-9cd0-c1d90c14afa7;USER=sa', scope='GroupNotificationServiceTest#testNotifyInstructorGroupAboutCourseArchiveState_CourseArchiveFailed'

  Starting logs for GroupNotificationServiceTest > testCheckNotificationForExerciseRelease_currentOrPastReleaseDate()
    23:44:07.921 | 142 Pool-1-worker-57 | DEBUG | d.t.c.a.a.c.u.util.UserUtilService   : Generate 1 students...
    23:44:07.924 | 142 Pool-1-worker-57 | DEBUG | d.t.c.a.a.c.u.util.UserUtilService   : 1 students generated. Generate 0 tutors...
    23:44:07.925 | 142 Pool-1-worker-57 | DEBUG | d.t.c.a.a.c.u.util.UserUtilService   : 0 tutors generated. Generate 0 editors...
    23:44:07.926 | 142 Pool-1-worker-57 | DEBUG | d.t.c.a.a.c.u.util.UserUtilService   : 0 editors generated. Generate 1 instructors...
    23:44:07.932 | 142 Pool-1-worker-57 | DEBUG | d.t.c.a.a.c.u.util.UserUtilService   : 1 instructors generated
    23:44:07.933 | 142 Pool-1-worker-57 | DEBUG | d.t.c.a.a.c.u.util.UserUtilService   : Removing 2 users from all courses...
    23:44:07.937 | 142 Pool-1-worker-57 | DEBUG | d.t.c.a.a.c.u.util.UserUtilService   : Removing 2 users from all courses. Done
    23:44:07.937 | 142 Pool-1-worker-57 | DEBUG | d.t.c.a.a.c.u.util.UserUtilService   : Save 2 users to database...
    23:44:07.942 | 142 Pool-1-worker-57 | DEBUG | d.t.c.a.a.c.u.util.UserUtilService   : Save 2 users to database. Done
    23:44:07.967 | 142 Pool-1-worker-57 | INFO  | i.z.t.d.l.EmbeddedDatabaseReporter   : JDBC URL to connect to 'dataSource': url='jdbc:h2:tcp://localhost:41063/mem:df70fc46-7e57-4cb5-9cd0-c1d90c14afa7;USER=sa', scope='GroupNotificationServiceTest#testCheckNotificationForExerciseRelease_currentOrPastReleaseDate'

  Starting logs for GroupNotificationServiceTest > testNotifyInstructorGroupAboutCourseArchiveState_ExamArchiveStarted()
    23:44:07.991 | 142 Pool-1-worker-57 | DEBUG | d.t.c.a.a.c.u.util.UserUtilService   : Generate 1 students...
    23:44:07.994 | 142 Pool-1-worker-57 | DEBUG | d.t.c.a.a.c.u.util.UserUtilService   : 1 students generated. Generate 0 tutors...
    23:44:07.995 | 142 Pool-1-worker-57 | DEBUG | d.t.c.a.a.c.u.util.UserUtilService   : 0 tutors generated. Generate 0 editors...
    23:44:07.997 | 142 Pool-1-worker-57 | DEBUG | d.t.c.a.a.c.u.util.UserUtilService   : 0 editors generated. Generate 1 instructors...
    23:44:07.999 | 142 Pool-1-worker-57 | DEBUG | d.t.c.a.a.c.u.util.UserUtilService   : 1 instructors generated
    23:44:08.001 | 142 Pool-1-worker-57 | DEBUG | d.t.c.a.a.c.u.util.UserUtilService   : Removing 2 users from all courses...
    23:44:08.001 | 142 Pool-1-worker-57 | DEBUG | d.t.c.a.a.c.u.util.UserUtilService   : Removing 2 users from all courses. Done
    23:44:08.001 | 142 Pool-1-worker-57 | DEBUG | d.t.c.a.a.c.u.util.UserUtilService   : Save 2 users to database...
    23:44:08.004 | 142 Pool-1-worker-57 | DEBUG | d.t.c.a.a.c.u.util.UserUtilService   : Save 2 users to database. Done
    23:44:08.020 | 142 Pool-1-worker-57 | INFO  | i.z.t.d.l.EmbeddedDatabaseReporter   : JDBC URL to connect to 'dataSource': url='jdbc:h2:tcp://localhost:41063/mem:df70fc46-7e57-4cb5-9cd0-c1d90c14afa7;USER=sa', scope='GroupNotificationServiceTest#testNotifyInstructorGroupAboutCourseArchiveState_ExamArchiveStarted'

  Starting logs for GroupNotificationServiceTest > testNotifyInstructorGroupAboutCourseArchiveState_ExamArchiveFinished()
    23:44:08.061 | 142 Pool-1-worker-57 | DEBUG | d.t.c.a.a.c.u.util.UserUtilService   : Generate 1 students...
    23:44:08.064 | 142 Pool-1-worker-57 | DEBUG | d.t.c.a.a.c.u.util.UserUtilService   : 1 students generated. Generate 0 tutors...
    23:44:08.066 | 142 Pool-1-worker-57 | DEBUG | d.t.c.a.a.c.u.util.UserUtilService   : 0 tutors generated. Generate 0 editors...
    23:44:08.067 | 142 Pool-1-worker-57 | DEBUG | d.t.c.a.a.c.u.util.UserUtilService   : 0 editors generated. Generate 1 instructors...
    23:44:08.070 | 142 Pool-1-worker-57 | DEBUG | d.t.c.a.a.c.u.util.UserUtilService   : 1 instructors generated
    23:44:08.071 | 142 Pool-1-worker-57 | DEBUG | d.t.c.a.a.c.u.util.UserUtilService   : Removing 2 users from all courses...
    23:44:08.072 | 142 Pool-1-worker-57 | DEBUG | d.t.c.a.a.c.u.util.UserUtilService   : Removing 2 users from all courses. Done
    23:44:08.072 | 142 Pool-1-worker-57 | DEBUG | d.t.c.a.a.c.u.util.UserUtilService   : Save 2 users to database...
    23:44:08.076 | 142 Pool-1-worker-57 | DEBUG | d.t.c.a.a.c.u.util.UserUtilService   : Save 2 users to database. Done
    23:44:08.093 | 142 Pool-1-worker-57 | INFO  | i.z.t.d.l.EmbeddedDatabaseReporter   : JDBC URL to connect to 'dataSource': url='jdbc:h2:tcp://localhost:41063/mem:df70fc46-7e57-4cb5-9cd0-c1d90c14afa7;USER=sa', scope='GroupNotificationServiceTest#testNotifyInstructorGroupAboutCourseArchiveState_ExamArchiveFinished'

  Starting logs for GroupNotificationServiceTest > testNotifyInstructorGroupAboutCourseArchiveState_CourseArchiveStarted()
    23:44:08.134 | 142 Pool-1-worker-57 | DEBUG | d.t.c.a.a.c.u.util.UserUtilService   : Generate 1 students...
    23:44:08.138 | 142 Pool-1-worker-57 | DEBUG | d.t.c.a.a.c.u.util.UserUtilService   : 1 students generated. Generate 0 tutors...
    23:44:08.142 | 142 Pool-1-worker-57 | DEBUG | d.t.c.a.a.c.u.util.UserUtilService   : 0 tutors generated. Generate 0 editors...
    23:44:08.144 | 142 Pool-1-worker-57 | DEBUG | d.t.c.a.a.c.u.util.UserUtilService   : 0 editors generated. Generate 1 instructors...
    23:44:08.151 | 142 Pool-1-worker-57 | DEBUG | d.t.c.a.a.c.u.util.UserUtilService   : 1 instructors generated
    23:44:08.155 | 142 Pool-1-worker-57 | DEBUG | d.t.c.a.a.c.u.util.UserUtilService   : Removing 2 users from all courses...
    23:44:08.155 | 142 Pool-1-worker-57 | DEBUG | d.t.c.a.a.c.u.util.UserUtilService   : Removing 2 users from all courses. Done
    23:44:08.155 | 142 Pool-1-worker-57 | DEBUG | d.t.c.a.a.c.u.util.UserUtilService   : Save 2 users to database...
    23:44:08.161 | 142 Pool-1-worker-57 | DEBUG | d.t.c.a.a.c.u.util.UserUtilService   : Save 2 users to database. Done
    23:44:08.183 | 142 Pool-1-worker-57 | INFO  | i.z.t.d.l.EmbeddedDatabaseReporter   : JDBC URL to connect to 'dataSource': url='jdbc:h2:tcp://localhost:41063/mem:df70fc46-7e57-4cb5-9cd0-c1d90c14afa7;USER=sa', scope='GroupNotificationServiceTest#testNotifyInstructorGroupAboutCourseArchiveState_CourseArchiveStarted'

  Starting logs for GroupNotificationServiceTest > testNotifyStudentAndEditorAndInstructorGroupAboutExerciseUpdate()
    23:44:08.203 | 142 Pool-1-worker-57 | DEBUG | d.t.c.a.a.c.u.util.UserUtilService   : Generate 1 students...
    23:44:08.206 | 142 Pool-1-worker-57 | DEBUG | d.t.c.a.a.c.u.util.UserUtilService   : 1 students generated. Generate 0 tutors...
    23:44:08.207 | 142 Pool-1-worker-57 | DEBUG | d.t.c.a.a.c.u.util.UserUtilService   : 0 tutors generated. Generate 0 editors...
    23:44:08.209 | 142 Pool-1-worker-57 | DEBUG | d.t.c.a.a.c.u.util.UserUtilService   : 0 editors generated. Generate 1 instructors...
    23:44:08.211 | 142 Pool-1-worker-57 | DEBUG | d.t.c.a.a.c.u.util.UserUtilService   : 1 instructors generated
    23:44:08.213 | 142 Pool-1-worker-57 | DEBUG | d.t.c.a.a.c.u.util.UserUtilService   : Removing 2 users from all courses...
    23:44:08.214 | 142 Pool-1-worker-57 | DEBUG | d.t.c.a.a.c.u.util.UserUtilService   : Removing 2 users from all courses. Done
    23:44:08.214 | 142 Pool-1-worker-57 | DEBUG | d.t.c.a.a.c.u.util.UserUtilService   : Save 2 users to database...
    23:44:08.217 | 142 Pool-1-worker-57 | DEBUG | d.t.c.a.a.c.u.util.UserUtilService   : Save 2 users to database. Done
    23:44:08.231 | 142 Pool-1-worker-57 | INFO  | i.z.t.d.l.EmbeddedDatabaseReporter   : JDBC URL to connect to 'dataSource': url='jdbc:h2:tcp://localhost:41063/mem:df70fc46-7e57-4cb5-9cd0-c1d90c14afa7;USER=sa', scope='GroupNotificationServiceTest#testNotifyStudentAndEditorAndInstructorGroupAboutExerciseUpdate'

  Starting logs for GroupNotificationServiceTest > testCheckNotificationForExerciseRelease_futureReleaseDate()
    23:44:08.252 | 142 Pool-1-worker-57 | DEBUG | d.t.c.a.a.c.u.util.UserUtilService   : Generate 1 students...
    23:44:08.254 | 142 Pool-1-worker-57 | DEBUG | d.t.c.a.a.c.u.util.UserUtilService   : 1 students generated. Generate 0 tutors...
    23:44:08.256 | 142 Pool-1-worker-57 | DEBUG | d.t.c.a.a.c.u.util.UserUtilService   : 0 tutors generated. Generate 0 editors...
    23:44:08.257 | 142 Pool-1-worker-57 | DEBUG | d.t.c.a.a.c.u.util.UserUtilService   : 0 editors generated. Generate 1 instructors...
    23:44:08.260 | 142 Pool-1-worker-57 | DEBUG | d.t.c.a.a.c.u.util.UserUtilService   : 1 instructors generated
    23:44:08.262 | 142 Pool-1-worker-57 | DEBUG | d.t.c.a.a.c.u.util.UserUtilService   : Removing 2 users from all courses...
    23:44:08.262 | 142 Pool-1-worker-57 | DEBUG | d.t.c.a.a.c.u.util.UserUtilService   : Removing 2 users from all courses. Done
    23:44:08.262 | 142 Pool-1-worker-57 | DEBUG | d.t.c.a.a.c.u.util.UserUtilService   : Save 2 users to database...
    23:44:08.265 | 142 Pool-1-worker-57 | DEBUG | d.t.c.a.a.c.u.util.UserUtilService   : Save 2 users to database. Done
    23:44:08.278 | 142 Pool-1-worker-57 | INFO  | i.z.t.d.l.EmbeddedDatabaseReporter   : JDBC URL to connect to 'dataSource': url='jdbc:h2:tcp://localhost:41063/mem:df70fc46-7e57-4cb5-9cd0-c1d90c14afa7;USER=sa', scope='GroupNotificationServiceTest#testCheckNotificationForExerciseRelease_futureReleaseDate'
    23:44:08.279 | 621 artemis-task-1   | INFO  | .c.s.m.InstanceMessageReceiveService : Received schedule update for exercise 1356 released notification 

  Starting logs for GroupNotificationServiceTest > testNotifyAboutExerciseUpdate_undefinedReleaseDate()
    23:44:08.311 | 142 Pool-1-worker-57 | DEBUG | d.t.c.a.a.c.u.util.UserUtilService   : Generate 1 students...
    23:44:08.314 | 142 Pool-1-worker-57 | DEBUG | d.t.c.a.a.c.u.util.UserUtilService   : 1 students generated. Generate 0 tutors...
    23:44:08.315 | 142 Pool-1-worker-57 | DEBUG | d.t.c.a.a.c.u.util.UserUtilService   : 0 tutors generated. Generate 0 editors...
    23:44:08.317 | 142 Pool-1-worker-57 | DEBUG | d.t.c.a.a.c.u.util.UserUtilService   : 0 editors generated. Generate 1 instructors...
    23:44:08.319 | 142 Pool-1-worker-57 | DEBUG | d.t.c.a.a.c.u.util.UserUtilService   : 1 instructors generated
    23:44:08.321 | 142 Pool-1-worker-57 | DEBUG | d.t.c.a.a.c.u.util.UserUtilService   : Removing 2 users from all courses...
    23:44:08.322 | 142 Pool-1-worker-57 | DEBUG | d.t.c.a.a.c.u.util.UserUtilService   : Removing 2 users from all courses. Done
    23:44:08.322 | 142 Pool-1-worker-57 | DEBUG | d.t.c.a.a.c.u.util.UserUtilService   : Save 2 users to database...
    23:44:08.324 | 142 Pool-1-worker-57 | DEBUG | d.t.c.a.a.c.u.util.UserUtilService   : Save 2 users to database. Done
    23:44:08.338 | 142 Pool-1-worker-57 | INFO  | i.z.t.d.l.EmbeddedDatabaseReporter   : JDBC URL to connect to 'dataSource': url='jdbc:h2:tcp://localhost:41063/mem:df70fc46-7e57-4cb5-9cd0-c1d90c14afa7;USER=sa', scope='GroupNotificationServiceTest#testNotifyAboutExerciseUpdate_undefinedReleaseDate'

  Starting logs for GroupNotificationServiceTest > testNotifyInstructorGroupAboutIllegalSubmissionsForExercise()
    23:44:08.364 | 142 Pool-1-worker-57 | DEBUG | d.t.c.a.a.c.u.util.UserUtilService   : Generate 1 students...
    23:44:08.366 | 142 Pool-1-worker-57 | DEBUG | d.t.c.a.a.c.u.util.UserUtilService   : 1 students generated. Generate 0 tutors...
    23:44:08.367 | 142 Pool-1-worker-57 | DEBUG | d.t.c.a.a.c.u.util.UserUtilService   : 0 tutors generated. Generate 0 editors...
    23:44:08.369 | 142 Pool-1-worker-57 | DEBUG | d.t.c.a.a.c.u.util.UserUtilService   : 0 editors generated. Generate 1 instructors...
    23:44:08.371 | 142 Pool-1-worker-57 | DEBUG | d.t.c.a.a.c.u.util.UserUtilService   : 1 instructors generated
    23:44:08.373 | 142 Pool-1-worker-57 | DEBUG | d.t.c.a.a.c.u.util.UserUtilService   : Removing 2 users from all courses...
    23:44:08.374 | 142 Pool-1-worker-57 | DEBUG | d.t.c.a.a.c.u.util.UserUtilService   : Removing 2 users from all courses. Done
    23:44:08.374 | 142 Pool-1-worker-57 | DEBUG | d.t.c.a.a.c.u.util.UserUtilService   : Save 2 users to database...
    23:44:08.376 | 142 Pool-1-worker-57 | DEBUG | d.t.c.a.a.c.u.util.UserUtilService   : Save 2 users to database. Done
    23:44:08.389 | 142 Pool-1-worker-57 | INFO  | i.z.t.d.l.EmbeddedDatabaseReporter   : JDBC URL to connect to 'dataSource': url='jdbc:h2:tcp://localhost:41063/mem:df70fc46-7e57-4cb5-9cd0-c1d90c14afa7;USER=sa', scope='GroupNotificationServiceTest#testNotifyInstructorGroupAboutIllegalSubmissionsForExercise'

  Starting logs for GroupNotificationServiceTest > testNotifyAboutExerciseUpdate_futureReleaseDate()
    23:44:08.408 | 142 Pool-1-worker-57 | DEBUG | d.t.c.a.a.c.u.util.UserUtilService   : Generate 1 students...
    23:44:08.410 | 142 Pool-1-worker-57 | DEBUG | d.t.c.a.a.c.u.util.UserUtilService   : 1 students generated. Generate 0 tutors...
    23:44:08.412 | 142 Pool-1-worker-57 | DEBUG | d.t.c.a.a.c.u.util.UserUtilService   : 0 tutors generated. Generate 0 editors...
    23:44:08.413 | 142 Pool-1-worker-57 | DEBUG | d.t.c.a.a.c.u.util.UserUtilService   : 0 editors generated. Generate 1 instructors...
    23:44:08.416 | 142 Pool-1-worker-57 | DEBUG | d.t.c.a.a.c.u.util.UserUtilService   : 1 instructors generated
    23:44:08.417 | 142 Pool-1-worker-57 | DEBUG | d.t.c.a.a.c.u.util.UserUtilService   : Removing 2 users from all courses...
    23:44:08.418 | 142 Pool-1-worker-57 | DEBUG | d.t.c.a.a.c.u.util.UserUtilService   : Removing 2 users from all courses. Done
    23:44:08.418 | 142 Pool-1-worker-57 | DEBUG | d.t.c.a.a.c.u.util.UserUtilService   : Save 2 users to database...
    23:44:08.420 | 142 Pool-1-worker-57 | DEBUG | d.t.c.a.a.c.u.util.UserUtilService   : Save 2 users to database. Done
    23:44:08.433 | 142 Pool-1-worker-57 | INFO  | i.z.t.d.l.EmbeddedDatabaseReporter   : JDBC URL to connect to 'dataSource': url='jdbc:h2:tcp://localhost:41063/mem:df70fc46-7e57-4cb5-9cd0-c1d90c14afa7;USER=sa', scope='GroupNotificationServiceTest#testNotifyAboutExerciseUpdate_futureReleaseDate'

  Starting logs for GroupNotificationServiceTest > testNotifyStudentGroupAboutQuizExerciseStart()
    23:44:08.449 | 142 Pool-1-worker-57 | DEBUG | d.t.c.a.a.c.u.util.UserUtilService   : Generate 1 students...
    23:44:08.451 | 142 Pool-1-worker-57 | DEBUG | d.t.c.a.a.c.u.util.UserUtilService   : 1 students generated. Generate 0 tutors...
    23:44:08.453 | 142 Pool-1-worker-57 | DEBUG | d.t.c.a.a.c.u.util.UserUtilService   : 0 tutors generated. Generate 0 editors...
    23:44:08.454 | 142 Pool-1-worker-57 | DEBUG | d.t.c.a.a.c.u.util.UserUtilService   : 0 editors generated. Generate 1 instructors...
    23:44:08.457 | 142 Pool-1-worker-57 | DEBUG | d.t.c.a.a.c.u.util.UserUtilService   : 1 instructors generated
    23:44:08.458 | 142 Pool-1-worker-57 | DEBUG | d.t.c.a.a.c.u.util.UserUtilService   : Removing 2 users from all courses...
    23:44:08.459 | 142 Pool-1-worker-57 | DEBUG | d.t.c.a.a.c.u.util.UserUtilService   : Removing 2 users from all courses. Done
    23:44:08.459 | 142 Pool-1-worker-57 | DEBUG | d.t.c.a.a.c.u.util.UserUtilService   : Save 2 users to database...
    23:44:08.462 | 142 Pool-1-worker-57 | DEBUG | d.t.c.a.a.c.u.util.UserUtilService   : Save 2 users to database. Done
    23:44:08.479 | 142 Pool-1-worker-57 | INFO  | i.z.t.d.l.EmbeddedDatabaseReporter   : JDBC URL to connect to 'dataSource': url='jdbc:h2:tcp://localhost:41063/mem:df70fc46-7e57-4cb5-9cd0-c1d90c14afa7;USER=sa', scope='GroupNotificationServiceTest#testNotifyStudentGroupAboutQuizExerciseStart'

  Starting logs for GroupNotificationServiceTest > testNotifyStudentGroupAboutAttachmentChange_nonFutureReleaseDate()
    23:44:08.503 | 142 Pool-1-worker-57 | DEBUG | d.t.c.a.a.c.u.util.UserUtilService   : Generate 1 students...
    23:44:08.506 | 142 Pool-1-worker-57 | DEBUG | d.t.c.a.a.c.u.util.UserUtilService   : 1 students generated. Generate 0 tutors...
    23:44:08.507 | 142 Pool-1-worker-57 | DEBUG | d.t.c.a.a.c.u.util.UserUtilService   : 0 tutors generated. Generate 0 editors...
    23:44:08.509 | 142 Pool-1-worker-57 | DEBUG | d.t.c.a.a.c.u.util.UserUtilService   : 0 editors generated. Generate 1 instructors...
    23:44:08.511 | 142 Pool-1-worker-57 | DEBUG | d.t.c.a.a.c.u.util.UserUtilService   : 1 instructors generated
    23:44:08.513 | 142 Pool-1-worker-57 | DEBUG | d.t.c.a.a.c.u.util.UserUtilService   : Removing 2 users from all courses...
    23:44:08.514 | 142 Pool-1-worker-57 | DEBUG | d.t.c.a.a.c.u.util.UserUtilService   : Removing 2 users from all courses. Done
    23:44:08.514 | 142 Pool-1-worker-57 | DEBUG | d.t.c.a.a.c.u.util.UserUtilService   : Save 2 users to database...
    23:44:08.516 | 142 Pool-1-worker-57 | DEBUG | d.t.c.a.a.c.u.util.UserUtilService   : Save 2 users to database. Done
    23:44:08.531 | 142 Pool-1-worker-57 | INFO  | i.z.t.d.l.EmbeddedDatabaseReporter   : JDBC URL to connect to 'dataSource': url='jdbc:h2:tcp://localhost:41063/mem:df70fc46-7e57-4cb5-9cd0-c1d90c14afa7;USER=sa', scope='GroupNotificationServiceTest#testNotifyStudentGroupAboutAttachmentChange_nonFutureReleaseDate'
    23:44:08.537 | 621 artemis-task-1   | DEBUG | d.t.c.a.a.c.s.n.MailService          : Sending 'ATTACHMENT_CHANGE' notification email to 'groupnotificationservicestudent1@test.de'
    23:44:08.599 | 621 artemis-task-1   | DEBUG | d.t.c.a.a.c.s.n.MailSendingService   : Send email[multipart 'false' and html 'true'] to 'User{login='groupnotificationservicestudent1', firstName='groupnotificationservicestudent1First', lastName='groupnotificationservicestudent1Last', email='groupnotificationservicestudent1@test.de', imageUrl='null', activated='true', langKey='en', activationKey='null'}' with subject 'Attachment updated'
    23:44:08.599 | 621 artemis-task-1   | INFO  | d.t.c.a.a.c.s.n.MailSendingService   : Sent email with subject 'Attachment updated' to User 'User{login='groupnotificationservicestudent1', firstName='groupnotificationservicestudent1First', lastName='groupnotificationservicestudent1Last', email='groupnotificationservicestudent1@test.de', imageUrl='null', activated='true', langKey='en', activationKey='null'}'

  Starting logs for GroupNotificationServiceTest > testNotifyEditorAndInstructorGroupAboutDuplicateTestCasesForExercise()
    23:44:08.623 | 142 Pool-1-worker-57 | DEBUG | d.t.c.a.a.c.u.util.UserUtilService   : Generate 1 students...
    23:44:08.626 | 142 Pool-1-worker-57 | DEBUG | d.t.c.a.a.c.u.util.UserUtilService   : 1 students generated. Generate 0 tutors...
    23:44:08.627 | 142 Pool-1-worker-57 | DEBUG | d.t.c.a.a.c.u.util.UserUtilService   : 0 tutors generated. Generate 0 editors...
    23:44:08.629 | 142 Pool-1-worker-57 | DEBUG | d.t.c.a.a.c.u.util.UserUtilService   : 0 editors generated. Generate 1 instructors...
    23:44:08.631 | 142 Pool-1-worker-57 | DEBUG | d.t.c.a.a.c.u.util.UserUtilService   : 1 instructors generated
    23:44:08.633 | 142 Pool-1-worker-57 | DEBUG | d.t.c.a.a.c.u.util.UserUtilService   : Removing 2 users from all courses...
    23:44:08.635 | 142 Pool-1-worker-57 | DEBUG | d.t.c.a.a.c.u.util.UserUtilService   : Removing 2 users from all courses. Done
    23:44:08.635 | 142 Pool-1-worker-57 | DEBUG | d.t.c.a.a.c.u.util.UserUtilService   : Save 2 users to database...
    23:44:08.638 | 142 Pool-1-worker-57 | DEBUG | d.t.c.a.a.c.u.util.UserUtilService   : Save 2 users to database. Done
    23:44:08.653 | 142 Pool-1-worker-57 | INFO  | i.z.t.d.l.EmbeddedDatabaseReporter   : JDBC URL to connect to 'dataSource': url='jdbc:h2:tcp://localhost:41063/mem:df70fc46-7e57-4cb5-9cd0-c1d90c14afa7;USER=sa', scope='GroupNotificationServiceTest#testNotifyEditorAndInstructorGroupAboutDuplicateTestCasesForExercise'
    23:44:08.663 | 621 artemis-task-1   | DEBUG | d.t.c.a.a.c.s.n.MailService          : Sending 'DUPLICATE_TEST_CASE' notification email to 'groupnotificationserviceinstructor1@test.de'

  Starting logs for GroupNotificationServiceTest > testNotifyInstructorGroupAboutChangedTestCasesForProgrammingExercise()
    23:44:08.718 | 142 Pool-1-worker-57 | DEBUG | d.t.c.a.a.c.u.util.UserUtilService   : Generate 1 students...
    23:44:08.723 | 621 artemis-task-1   | DEBUG | d.t.c.a.a.c.s.n.MailSendingService   : Send email[multipart 'false' and html 'true'] to 'User{login='groupnotificationserviceinstructor1', firstName='groupnotificationserviceinstructor1First', lastName='groupnotificationserviceinstructor1Last', email='groupnotificationserviceinstructor1@test.de', imageUrl='null', activated='true', langKey='en', activationKey='null'}' with subject 'Duplicate test case was found.'
    23:44:08.723 | 142 Pool-1-worker-57 | DEBUG | d.t.c.a.a.c.u.util.UserUtilService   : 1 students generated. Generate 0 tutors...
    23:44:08.724 | 621 artemis-task-1   | INFO  | d.t.c.a.a.c.s.n.MailSendingService   : Sent email with subject 'Duplicate test case was found.' to User 'User{login='groupnotificationserviceinstructor1', firstName='groupnotificationserviceinstructor1First', lastName='groupnotificationserviceinstructor1Last', email='groupnotificationserviceinstructor1@test.de', imageUrl='null', activated='true', langKey='en', activationKey='null'}'
    23:44:08.725 | 142 Pool-1-worker-57 | DEBUG | d.t.c.a.a.c.u.util.UserUtilService   : 0 tutors generated. Generate 0 editors...
    23:44:08.729 | 142 Pool-1-worker-57 | DEBUG | d.t.c.a.a.c.u.util.UserUtilService   : 0 editors generated. Generate 1 instructors...
    23:44:08.735 | 142 Pool-1-worker-57 | DEBUG | d.t.c.a.a.c.u.util.UserUtilService   : 1 instructors generated
    23:44:08.736 | 142 Pool-1-worker-57 | DEBUG | d.t.c.a.a.c.u.util.UserUtilService   : Removing 2 users from all courses...
    23:44:08.737 | 142 Pool-1-worker-57 | DEBUG | d.t.c.a.a.c.u.util.UserUtilService   : Removing 2 users from all courses. Done
    23:44:08.737 | 142 Pool-1-worker-57 | DEBUG | d.t.c.a.a.c.u.util.UserUtilService   : Save 2 users to database...
    23:44:08.745 | 142 Pool-1-worker-57 | DEBUG | d.t.c.a.a.c.u.util.UserUtilService   : Save 2 users to database. Done
    23:44:08.770 | 142 Pool-1-worker-57 | INFO  | i.z.t.d.l.EmbeddedDatabaseReporter   : JDBC URL to connect to 'dataSource': url='jdbc:h2:tcp://localhost:41063/mem:df70fc46-7e57-4cb5-9cd0-c1d90c14afa7;USER=sa', scope='GroupNotificationServiceTest#testNotifyInstructorGroupAboutChangedTestCasesForProgrammingExercise'

  Starting logs for GroupNotificationServiceTest > testNotifyAboutExerciseUpdate_correctReleaseDate_examExercise()
    23:44:08.814 | 142 Pool-1-worker-57 | DEBUG | d.t.c.a.a.c.u.util.UserUtilService   : Generate 1 students...
    23:44:08.817 | 142 Pool-1-worker-57 | DEBUG | d.t.c.a.a.c.u.util.UserUtilService   : 1 students generated. Generate 0 tutors...
    23:44:08.825 | 142 Pool-1-worker-57 | DEBUG | d.t.c.a.a.c.u.util.UserUtilService   : 0 tutors generated. Generate 0 editors...
    23:44:08.826 | 142 Pool-1-worker-57 | DEBUG | d.t.c.a.a.c.u.util.UserUtilService   : 0 editors generated. Generate 1 instructors...
    23:44:08.835 | 142 Pool-1-worker-57 | DEBUG | d.t.c.a.a.c.u.util.UserUtilService   : 1 instructors generated
    23:44:08.844 | 142 Pool-1-worker-57 | DEBUG | d.t.c.a.a.c.u.util.UserUtilService   : Removing 2 users from all courses...
    23:44:08.845 | 142 Pool-1-worker-57 | DEBUG | d.t.c.a.a.c.u.util.UserUtilService   : Removing 2 users from all courses. Done
    23:44:08.845 | 142 Pool-1-worker-57 | DEBUG | d.t.c.a.a.c.u.util.UserUtilService   : Save 2 users to database...
    23:44:08.855 | 142 Pool-1-worker-57 | DEBUG | d.t.c.a.a.c.u.util.UserUtilService   : Save 2 users to database. Done
    23:44:08.871 | 142 Pool-1-worker-57 | INFO  | i.z.t.d.l.EmbeddedDatabaseReporter   : JDBC URL to connect to 'dataSource': url='jdbc:h2:tcp://localhost:41063/mem:df70fc46-7e57-4cb5-9cd0-c1d90c14afa7;USER=sa', scope='GroupNotificationServiceTest#testNotifyAboutExerciseUpdate_correctReleaseDate_examExercise'

  Starting logs for GroupNotificationServiceTest > testNotifyInstructorGroupAboutCourseArchiveState_CourseArchiveFinished()
    23:44:08.887 | 142 Pool-1-worker-57 | DEBUG | d.t.c.a.a.c.u.util.UserUtilService   : Generate 1 students...
    23:44:08.890 | 142 Pool-1-worker-57 | DEBUG | d.t.c.a.a.c.u.util.UserUtilService   : 1 students generated. Generate 0 tutors...
    23:44:08.891 | 142 Pool-1-worker-57 | DEBUG | d.t.c.a.a.c.u.util.UserUtilService   : 0 tutors generated. Generate 0 editors...
    23:44:08.893 | 142 Pool-1-worker-57 | DEBUG | d.t.c.a.a.c.u.util.UserUtilService   : 0 editors generated. Generate 1 instructors...
    23:44:08.895 | 142 Pool-1-worker-57 | DEBUG | d.t.c.a.a.c.u.util.UserUtilService   : 1 instructors generated
    23:44:08.897 | 142 Pool-1-worker-57 | DEBUG | d.t.c.a.a.c.u.util.UserUtilService   : Removing 2 users from all courses...
    23:44:08.898 | 142 Pool-1-worker-57 | DEBUG | d.t.c.a.a.c.u.util.UserUtilService   : Removing 2 users from all courses. Done
    23:44:08.898 | 142 Pool-1-worker-57 | DEBUG | d.t.c.a.a.c.u.util.UserUtilService   : Save 2 users to database...
    23:44:08.901 | 142 Pool-1-worker-57 | DEBUG | d.t.c.a.a.c.u.util.UserUtilService   : Save 2 users to database. Done
    23:44:08.918 | 142 Pool-1-worker-57 | INFO  | i.z.t.d.l.EmbeddedDatabaseReporter   : JDBC URL to connect to 'dataSource': url='jdbc:h2:tcp://localhost:41063/mem:df70fc46-7e57-4cb5-9cd0-c1d90c14afa7;USER=sa', scope='GroupNotificationServiceTest#testNotifyInstructorGroupAboutCourseArchiveState_CourseArchiveFinished'

  Starting logs for GroupNotificationServiceTest > testNotifyAllGroupsAboutReleasedExercise()
    23:44:08.956 | 142 Pool-1-worker-57 | DEBUG | d.t.c.a.a.c.u.util.UserUtilService   : Generate 1 students...
    23:44:08.959 | 142 Pool-1-worker-57 | DEBUG | d.t.c.a.a.c.u.util.UserUtilService   : 1 students generated. Generate 0 tutors...
    23:44:08.960 | 142 Pool-1-worker-57 | DEBUG | d.t.c.a.a.c.u.util.UserUtilService   : 0 tutors generated. Generate 0 editors...
    23:44:08.965 | 142 Pool-1-worker-57 | DEBUG | d.t.c.a.a.c.u.util.UserUtilService   : 0 editors generated. Generate 1 instructors...
    23:44:08.970 | 142 Pool-1-worker-57 | DEBUG | d.t.c.a.a.c.u.util.UserUtilService   : 1 instructors generated
    23:44:08.972 | 142 Pool-1-worker-57 | DEBUG | d.t.c.a.a.c.u.util.UserUtilService   : Removing 2 users from all courses...
    23:44:08.972 | 142 Pool-1-worker-57 | DEBUG | d.t.c.a.a.c.u.util.UserUtilService   : Removing 2 users from all courses. Done
    23:44:08.972 | 142 Pool-1-worker-57 | DEBUG | d.t.c.a.a.c.u.util.UserUtilService   : Save 2 users to database...
    23:44:08.981 | 142 Pool-1-worker-57 | DEBUG | d.t.c.a.a.c.u.util.UserUtilService   : Save 2 users to database. Done
    23:44:08.995 | 142 Pool-1-worker-57 | INFO  | i.z.t.d.l.EmbeddedDatabaseReporter   : JDBC URL to connect to 'dataSource': url='jdbc:h2:tcp://localhost:41063/mem:df70fc46-7e57-4cb5-9cd0-c1d90c14afa7;USER=sa', scope='GroupNotificationServiceTest#testNotifyAllGroupsAboutReleasedExercise'
    23:44:09.002 | 621 artemis-task-1   | DEBUG | d.t.c.a.a.c.s.n.MailService          : Sending 'EXERCISE_RELEASED' notification email to 'groupnotificationservicestudent1@test.de'
    23:44:09.023 | 621 artemis-task-1   | WARN  | o.t.s.p.StandardIncludeTagProcessor  : [THYMELEAF][artemis-task-1][mail/notification/exerciseReleasedEmail] Deprecated attribute {th:include,data-th-include} found in template mail/notification/exerciseReleasedEmail, line 18, col 25. Please use {th:insert,data-th-insert} instead, this deprecated attribute will be removed in future versions of Thymeleaf.
    23:44:09.053 | 621 artemis-task-1   | DEBUG | d.t.c.a.a.c.s.n.MailSendingService   : Send email[multipart 'false' and html 'true'] to 'User{login='groupnotificationservicestudent1', firstName='groupnotificationservicestudent1First', lastName='groupnotificationservicestudent1Last', email='groupnotificationservicestudent1@test.de', imageUrl='null', activated='true', langKey='en', activationKey='null'}' with subject 'Exercise released'
    23:44:09.053 | 621 artemis-task-1   | INFO  | d.t.c.a.a.c.s.n.MailSendingService   : Sent email with subject 'Exercise released' to User 'User{login='groupnotificationservicestudent1', firstName='groupnotificationservicestudent1First', lastName='groupnotificationservicestudent1Last', email='groupnotificationservicestudent1@test.de', imageUrl='null', activated='true', langKey='en', activationKey='null'}'

  Starting logs for GroupNotificationServiceTest > testNotifyAboutExerciseUpdate_correctReleaseDate_courseExercise()
    23:44:09.088 | 142 Pool-1-worker-57 | DEBUG | d.t.c.a.a.c.u.util.UserUtilService   : Generate 1 students...
    23:44:09.094 | 142 Pool-1-worker-57 | DEBUG | d.t.c.a.a.c.u.util.UserUtilService   : 1 students generated. Generate 0 tutors...
    23:44:09.095 | 142 Pool-1-worker-57 | DEBUG | d.t.c.a.a.c.u.util.UserUtilService   : 0 tutors generated. Generate 0 editors...
    23:44:09.096 | 142 Pool-1-worker-57 | DEBUG | d.t.c.a.a.c.u.util.UserUtilService   : 0 editors generated. Generate 1 instructors...
    23:44:09.102 | 142 Pool-1-worker-57 | DEBUG | d.t.c.a.a.c.u.util.UserUtilService   : 1 instructors generated
    23:44:09.103 | 142 Pool-1-worker-57 | DEBUG | d.t.c.a.a.c.u.util.UserUtilService   : Removing 2 users from all courses...
    23:44:09.104 | 142 Pool-1-worker-57 | DEBUG | d.t.c.a.a.c.u.util.UserUtilService   : Removing 2 users from all courses. Done
    23:44:09.104 | 142 Pool-1-worker-57 | DEBUG | d.t.c.a.a.c.u.util.UserUtilService   : Save 2 users to database...
    23:44:09.107 | 142 Pool-1-worker-57 | DEBUG | d.t.c.a.a.c.u.util.UserUtilService   : Save 2 users to database. Done
    23:44:09.122 | 142 Pool-1-worker-57 | INFO  | i.z.t.d.l.EmbeddedDatabaseReporter   : JDBC URL to connect to 'dataSource': url='jdbc:h2:tcp://localhost:41063/mem:df70fc46-7e57-4cb5-9cd0-c1d90c14afa7;USER=sa', scope='GroupNotificationServiceTest#testNotifyAboutExerciseUpdate_correctReleaseDate_courseExercise'

  Starting logs for GroupNotificationServiceTest > testCheckNotificationForExerciseRelease_undefinedReleaseDate()
    23:44:09.146 | 142 Pool-1-worker-57 | DEBUG | d.t.c.a.a.c.u.util.UserUtilService   : Generate 1 students...
    23:44:09.149 | 142 Pool-1-worker-57 | DEBUG | d.t.c.a.a.c.u.util.UserUtilService   : 1 students generated. Generate 0 tutors...
    23:44:09.150 | 142 Pool-1-worker-57 | DEBUG | d.t.c.a.a.c.u.util.UserUtilService   : 0 tutors generated. Generate 0 editors...
    23:44:09.154 | 142 Pool-1-worker-57 | DEBUG | d.t.c.a.a.c.u.util.UserUtilService   : 0 editors generated. Generate 1 instructors...
    23:44:09.157 | 142 Pool-1-worker-57 | DEBUG | d.t.c.a.a.c.u.util.UserUtilService   : 1 instructors generated
    23:44:09.159 | 142 Pool-1-worker-57 | DEBUG | d.t.c.a.a.c.u.util.UserUtilService   : Removing 2 users from all courses...
    23:44:09.159 | 142 Pool-1-worker-57 | DEBUG | d.t.c.a.a.c.u.util.UserUtilService   : Removing 2 users from all courses. Done
    23:44:09.159 | 142 Pool-1-worker-57 | DEBUG | d.t.c.a.a.c.u.util.UserUtilService   : Save 2 users to database...
    23:44:09.162 | 142 Pool-1-worker-57 | DEBUG | d.t.c.a.a.c.u.util.UserUtilService   : Save 2 users to database. Done
    23:44:09.179 | 142 Pool-1-worker-57 | INFO  | i.z.t.d.l.EmbeddedDatabaseReporter   : JDBC URL to connect to 'dataSource': url='jdbc:h2:tcp://localhost:41063/mem:df70fc46-7e57-4cb5-9cd0-c1d90c14afa7;USER=sa', scope='GroupNotificationServiceTest#testCheckNotificationForExerciseRelease_undefinedReleaseDate'

  Starting logs for GroupNotificationServiceTest > testNotifyStudentGroupAboutAttachmentChange_futureReleaseDate()
    23:44:09.223 | 142 Pool-1-worker-57 | DEBUG | d.t.c.a.a.c.u.util.UserUtilService   : Generate 1 students...
    23:44:09.227 | 142 Pool-1-worker-57 | DEBUG | d.t.c.a.a.c.u.util.UserUtilService   : 1 students generated. Generate 0 tutors...
    23:44:09.227 | 621 artemis-task-1   | DEBUG | d.t.c.a.a.c.s.n.MailService          : Sending 'EXERCISE_RELEASED' notification email to 'groupnotificationservicestudent1@test.de'
    23:44:09.229 | 142 Pool-1-worker-57 | DEBUG | d.t.c.a.a.c.u.util.UserUtilService   : 0 tutors generated. Generate 0 editors...
    23:44:09.231 | 142 Pool-1-worker-57 | DEBUG | d.t.c.a.a.c.u.util.UserUtilService   : 0 editors generated. Generate 1 instructors...
    23:44:09.236 | 621 artemis-task-1   | WARN  | o.t.s.p.StandardIncludeTagProcessor  : [THYMELEAF][artemis-task-1][mail/notification/exerciseReleasedEmail] Deprecated attribute {th:include,data-th-include} found in template mail/notification/exerciseReleasedEmail, line 18, col 25. Please use {th:insert,data-th-insert} instead, this deprecated attribute will be removed in future versions of Thymeleaf.
    23:44:09.237 | 142 Pool-1-worker-57 | DEBUG | d.t.c.a.a.c.u.util.UserUtilService   : 1 instructors generated
    23:44:09.241 | 142 Pool-1-worker-57 | DEBUG | d.t.c.a.a.c.u.util.UserUtilService   : Removing 2 users from all courses...
    23:44:09.242 | 142 Pool-1-worker-57 | DEBUG | d.t.c.a.a.c.u.util.UserUtilService   : Removing 2 users from all courses. Done
    23:44:09.242 | 142 Pool-1-worker-57 | DEBUG | d.t.c.a.a.c.u.util.UserUtilService   : Save 2 users to database...
    23:44:09.249 | 621 artemis-task-1   | DEBUG | d.t.c.a.a.c.s.n.MailSendingService   : Send email[multipart 'false' and html 'true'] to 'User{login='groupnotificationservicestudent1', firstName='groupnotificationservicestudent1First', lastName='groupnotificationservicestudent1Last', email='groupnotificationservicestudent1@test.de', imageUrl='null', activated='true', langKey='en', activationKey='null'}' with subject 'Exercise released'
    23:44:09.249 | 621 artemis-task-1   | INFO  | d.t.c.a.a.c.s.n.MailSendingService   : Sent email with subject 'Exercise released' to User 'User{login='groupnotificationservicestudent1', firstName='groupnotificationservicestudent1First', lastName='groupnotificationservicestudent1Last', email='groupnotificationservicestudent1@test.de', imageUrl='null', activated='true', langKey='en', activationKey='null'}'
    23:44:09.250 | 142 Pool-1-worker-57 | DEBUG | d.t.c.a.a.c.u.util.UserUtilService   : Save 2 users to database. Done
    23:44:09.279 | 142 Pool-1-worker-57 | INFO  | i.z.t.d.l.EmbeddedDatabaseReporter   : JDBC URL to connect to 'dataSource': url='jdbc:h2:tcp://localhost:41063/mem:df70fc46-7e57-4cb5-9cd0-c1d90c14afa7;USER=sa', scope='GroupNotificationServiceTest#testNotifyStudentGroupAboutAttachmentChange_futureReleaseDate'

  Starting logs for GroupNotificationServiceTest > testNotifyStudentGroupAboutExercisePractice()
    23:44:09.317 | 142 Pool-1-worker-57 | DEBUG | d.t.c.a.a.c.u.util.UserUtilService   : Generate 1 students...
    23:44:09.323 | 142 Pool-1-worker-57 | DEBUG | d.t.c.a.a.c.u.util.UserUtilService   : 1 students generated. Generate 0 tutors...
    23:44:09.325 | 142 Pool-1-worker-57 | DEBUG | d.t.c.a.a.c.u.util.UserUtilService   : 0 tutors generated. Generate 0 editors...
    23:44:09.326 | 142 Pool-1-worker-57 | DEBUG | d.t.c.a.a.c.u.util.UserUtilService   : 0 editors generated. Generate 1 instructors...
    23:44:09.332 | 142 Pool-1-worker-57 | DEBUG | d.t.c.a.a.c.u.util.UserUtilService   : 1 instructors generated
    23:44:09.337 | 142 Pool-1-worker-57 | DEBUG | d.t.c.a.a.c.u.util.UserUtilService   : Removing 2 users from all courses...
    23:44:09.337 | 142 Pool-1-worker-57 | DEBUG | d.t.c.a.a.c.u.util.UserUtilService   : Removing 2 users from all courses. Done
    23:44:09.337 | 142 Pool-1-worker-57 | DEBUG | d.t.c.a.a.c.u.util.UserUtilService   : Save 2 users to database...
    23:44:09.344 | 142 Pool-1-worker-57 | DEBUG | d.t.c.a.a.c.u.util.UserUtilService   : Save 2 users to database. Done
    23:44:09.376 | 142 Pool-1-worker-57 | INFO  | i.z.t.d.l.EmbeddedDatabaseReporter   : JDBC URL to connect to 'dataSource': url='jdbc:h2:tcp://localhost:41063/mem:df70fc46-7e57-4cb5-9cd0-c1d90c14afa7;USER=sa', scope='GroupNotificationServiceTest#testNotifyStudentGroupAboutExercisePractice'
    23:44:09.391 | 621 artemis-task-1   | DEBUG | d.t.c.a.a.c.s.n.MailService          : Sending 'EXERCISE_PRACTICE' notification email to 'groupnotificationservicestudent1@test.de'
    23:44:09.431 | 621 artemis-task-1   | WARN  | o.t.s.p.StandardIncludeTagProcessor  : [THYMELEAF][artemis-task-1][mail/notification/exerciseOpenForPracticeEmail] Deprecated attribute {th:include,data-th-include} found in template mail/notification/exerciseOpenForPracticeEmail, line 18, col 21. Please use {th:insert,data-th-insert} instead, this deprecated attribute will be removed in future versions of Thymeleaf.
    23:44:09.448 | 621 artemis-task-1   | DEBUG | d.t.c.a.a.c.s.n.MailSendingService   : Send email[multipart 'false' and html 'true'] to 'User{login='groupnotificationservicestudent1', firstName='groupnotificationservicestudent1First', lastName='groupnotificationservicestudent1Last', email='groupnotificationservicestudent1@test.de', imageUrl='null', activated='true', langKey='en', activationKey='null'}' with subject 'Exercise open for practice'
    23:44:09.448 | 621 artemis-task-1   | INFO  | d.t.c.a.a.c.s.n.MailSendingService   : Sent email with subject 'Exercise open for practice' to User 'User{login='groupnotificationservicestudent1', firstName='groupnotificationservicestudent1First', lastName='groupnotificationservicestudent1Last', email='groupnotificationservicestudent1@test.de', imageUrl='null', activated='true', langKey='en', activationKey='null'}'

  Starting logs for GroupNotificationServiceTest > testNotifyEditorAndInstructorGroupAboutExerciseUpdate()
    23:44:09.487 | 142 Pool-1-worker-57 | DEBUG | d.t.c.a.a.c.u.util.UserUtilService   : Generate 1 students...
    23:44:09.493 | 142 Pool-1-worker-57 | DEBUG | d.t.c.a.a.c.u.util.UserUtilService   : 1 students generated. Generate 0 tutors...
    23:44:09.495 | 142 Pool-1-worker-57 | DEBUG | d.t.c.a.a.c.u.util.UserUtilService   : 0 tutors generated. Generate 0 editors...
    23:44:09.499 | 142 Pool-1-worker-57 | DEBUG | d.t.c.a.a.c.u.util.UserUtilService   : 0 editors generated. Generate 1 instructors...
    23:44:09.505 | 142 Pool-1-worker-57 | DEBUG | d.t.c.a.a.c.u.util.UserUtilService   : 1 instructors generated
    23:44:09.506 | 142 Pool-1-worker-57 | DEBUG | d.t.c.a.a.c.u.util.UserUtilService   : Removing 2 users from all courses...
    23:44:09.507 | 142 Pool-1-worker-57 | DEBUG | d.t.c.a.a.c.u.util.UserUtilService   : Removing 2 users from all courses. Done
    23:44:09.507 | 142 Pool-1-worker-57 | DEBUG | d.t.c.a.a.c.u.util.UserUtilService   : Save 2 users to database...
    23:44:09.515 | 142 Pool-1-worker-57 | DEBUG | d.t.c.a.a.c.u.util.UserUtilService   : Save 2 users to database. Done
    23:44:09.542 | 142 Pool-1-worker-57 | INFO  | i.z.t.d.l.EmbeddedDatabaseReporter   : JDBC URL to connect to 'dataSource': url='jdbc:h2:tcp://localhost:41063/mem:df70fc46-7e57-4cb5-9cd0-c1d90c14afa7;USER=sa', scope='GroupNotificationServiceTest#testNotifyEditorAndInstructorGroupAboutExerciseUpdate'

  Starting logs for GroupNotificationServiceTest > testNotifyInstructorGroupAboutCourseArchiveState_ExamArchiveFailed()
    23:44:09.572 | 142 Pool-1-worker-57 | DEBUG | d.t.c.a.a.c.u.util.UserUtilService   : Generate 1 students...
    23:44:09.575 | 142 Pool-1-worker-57 | DEBUG | d.t.c.a.a.c.u.util.UserUtilService   : 1 students generated. Generate 0 tutors...
    23:44:09.576 | 142 Pool-1-worker-57 | DEBUG | d.t.c.a.a.c.u.util.UserUtilService   : 0 tutors generated. Generate 0 editors...
    23:44:09.577 | 142 Pool-1-worker-57 | DEBUG | d.t.c.a.a.c.u.util.UserUtilService   : 0 editors generated. Generate 1 instructors...
    23:44:09.580 | 142 Pool-1-worker-57 | DEBUG | d.t.c.a.a.c.u.util.UserUtilService   : 1 instructors generated
    23:44:09.582 | 142 Pool-1-worker-57 | DEBUG | d.t.c.a.a.c.u.util.UserUtilService   : Removing 2 users from all courses...
    23:44:09.582 | 142 Pool-1-worker-57 | DEBUG | d.t.c.a.a.c.u.util.UserUtilService   : Removing 2 users from all courses. Done
    23:44:09.582 | 142 Pool-1-worker-57 | DEBUG | d.t.c.a.a.c.u.util.UserUtilService   : Save 2 users to database...
    23:44:09.585 | 142 Pool-1-worker-57 | DEBUG | d.t.c.a.a.c.u.util.UserUtilService   : Save 2 users to database. Done
    23:44:09.598 | 142 Pool-1-worker-57 | INFO  | i.z.t.d.l.EmbeddedDatabaseReporter   : JDBC URL to connect to 'dataSource': url='jdbc:h2:tcp://localhost:41063/mem:df70fc46-7e57-4cb5-9cd0-c1d90c14afa7;USER=sa', scope='GroupNotificationServiceTest#testNotifyInstructorGroupAboutCourseArchiveState_ExamArchiveFailed'

Finished logs for GroupNotificationServiceTest
]]></system-out>
  <system-err><![CDATA[]]></system-err>
</testsuite>
