<?xml version="1.0" encoding="UTF-8"?>
<testsuite name="de.tum.cit.aet.artemis.exam.ExamRegistrationIntegrationTest" tests="16" skipped="0" failures="0" errors="0" timestamp="2025-02-14T23:43:37" hostname="fv-az1721-502" time="1.516">
  <properties/>
  <testcase name="testAddStudentsToExam_testExam()" classname="de.tum.cit.aet.artemis.exam.ExamRegistrationIntegrationTest" time="0.103"/>
  <testcase name="testCheckRegistrationOrRegisterStudentToTestExam_noTestExam()" classname="de.tum.cit.aet.artemis.exam.ExamRegistrationIntegrationTest" time="0.097"/>
  <testcase name="testCheckRegistrationOrRegisterStudentToTestExam_studentNotPartOfCourse()" classname="de.tum.cit.aet.artemis.exam.ExamRegistrationIntegrationTest" time="0.083"/>
  <testcase name="testRemoveStudentToExam_testExam()" classname="de.tum.cit.aet.artemis.exam.ExamRegistrationIntegrationTest" time="0.107"/>
  <testcase name="testAddStudentToExam_testExam()" classname="de.tum.cit.aet.artemis.exam.ExamRegistrationIntegrationTest" time="0.104"/>
  <testcase name="testRegisterLDAPUsersInExam()" classname="de.tum.cit.aet.artemis.exam.ExamRegistrationIntegrationTest" time="0.178"/>
  <testcase name="testCheckRegistrationOrRegisterStudentToTestExam_successfulRegistration()" classname="de.tum.cit.aet.artemis.exam.ExamRegistrationIntegrationTest" time="0.083"/>
  <testcase name="testIsUserRegisteredForExam()" classname="de.tum.cit.aet.artemis.exam.ExamRegistrationIntegrationTest" time="0.064"/>
  <testcase name="testRemoveAllStudentsFromExam_testExam()" classname="de.tum.cit.aet.artemis.exam.ExamRegistrationIntegrationTest" time="0.056"/>
  <testcase name="testRegisterCourseStudents_testExam()" classname="de.tum.cit.aet.artemis.exam.ExamRegistrationIntegrationTest" time="0.06"/>
  <testcase name="testRegisterUserInExam_addedToCourseStudentsGroup()" classname="de.tum.cit.aet.artemis.exam.ExamRegistrationIntegrationTest" time="0.062"/>
  <testcase name="testAddAllRegisteredUsersToExam()" classname="de.tum.cit.aet.artemis.exam.ExamRegistrationIntegrationTest" time="0.064"/>
  <testcase name="testRegisterUserInExam_studentExamGenerated()" classname="de.tum.cit.aet.artemis.exam.ExamRegistrationIntegrationTest" time="0.073"/>
  <testcase name="testRegisterUsersInExam()" classname="de.tum.cit.aet.artemis.exam.ExamRegistrationIntegrationTest" time="0.208"/>
  <testcase name="testDeleteStudentThatDoesNotExist()" classname="de.tum.cit.aet.artemis.exam.ExamRegistrationIntegrationTest" time="0.078"/>
  <testcase name="testRegisterInstructorToExam()" classname="de.tum.cit.aet.artemis.exam.ExamRegistrationIntegrationTest" time="0.057"/>
  <system-out><![CDATA[
Starting logs for ExamRegistrationIntegrationTest

  Starting logs for ExamRegistrationIntegrationTest > testAddStudentsToExam_testExam()
    23:43:37.536 | 363 ool-1-worker-127 | DEBUG | d.t.c.a.a.c.u.util.UserUtilService   : Generate 3 students...
    23:43:37.543 | 363 ool-1-worker-127 | DEBUG | d.t.c.a.a.c.u.util.UserUtilService   : 3 students generated. Generate 1 tutors...
    23:43:37.548 | 363 ool-1-worker-127 | DEBUG | d.t.c.a.a.c.u.util.UserUtilService   : 1 tutors generated. Generate 0 editors...
    23:43:37.550 | 363 ool-1-worker-127 | DEBUG | d.t.c.a.a.c.u.util.UserUtilService   : 0 editors generated. Generate 1 instructors...
    23:43:37.554 | 363 ool-1-worker-127 | DEBUG | d.t.c.a.a.c.u.util.UserUtilService   : 1 instructors generated
    23:43:37.555 | 363 ool-1-worker-127 | DEBUG | d.t.c.a.a.c.u.util.UserUtilService   : Removing 3 users from all courses...
    23:43:37.556 | 363 ool-1-worker-127 | DEBUG | d.t.c.a.a.c.u.util.UserUtilService   : Removing 3 users from all courses. Done
    23:43:37.556 | 363 ool-1-worker-127 | DEBUG | d.t.c.a.a.c.u.util.UserUtilService   : Save 5 users to database...
    23:43:37.562 | 363 ool-1-worker-127 | DEBUG | d.t.c.a.a.c.u.util.UserUtilService   : Save 5 users to database. Done
    23:43:37.585 | 363 ool-1-worker-127 | INFO  | i.z.t.d.l.EmbeddedDatabaseReporter   : JDBC URL to connect to 'dataSource': url='jdbc:h2:tcp://localhost:41063/mem:f240edcd-27ce-47a3-b4ab-a6a00c154135;USER=sa', scope='ExamRegistrationIntegrationTest#testAddStudentsToExam_testExam'
    23:43:37.590 | 363 ool-1-worker-127 | DEBUG | d.t.c.a.a.c.s.f.ApiVersionFilter     : Adding Version to Request POST /api/courses/245/exams/55/students
    23:43:37.601 | 363 ool-1-worker-127 | DEBUG | d.t.c.a.a.exam.web.ExamResource      : REST request to add [ExamUserDTO[login=null, firstName=null, lastName=null, registrationNumber=1111111, email=null, studentIdentifier=null, room=null, seat=null, didCheckImage=false, didCheckName=false, didCheckRegistrationNumber=false, didCheckLogin=false, signingImagePath=null]] as students to exam 55
    23:43:37.612 | 363 ool-1-worker-127 | WARN  | o.z.p.spring.common.AdviceTraits     : Forbidden: Registration of students is only allowed for real exams

  Starting logs for ExamRegistrationIntegrationTest > testCheckRegistrationOrRegisterStudentToTestExam_noTestExam()
    23:43:37.637 | 363 ool-1-worker-127 | DEBUG | d.t.c.a.a.c.u.util.UserUtilService   : Generate 3 students...
    23:43:37.650 | 363 ool-1-worker-127 | DEBUG | d.t.c.a.a.c.u.util.UserUtilService   : 3 students generated. Generate 1 tutors...
    23:43:37.652 | 363 ool-1-worker-127 | DEBUG | d.t.c.a.a.c.u.util.UserUtilService   : 1 tutors generated. Generate 0 editors...
    23:43:37.655 | 363 ool-1-worker-127 | DEBUG | d.t.c.a.a.c.u.util.UserUtilService   : 0 editors generated. Generate 1 instructors...
    23:43:37.660 | 363 ool-1-worker-127 | DEBUG | d.t.c.a.a.c.u.util.UserUtilService   : 1 instructors generated
    23:43:37.661 | 363 ool-1-worker-127 | DEBUG | d.t.c.a.a.c.u.util.UserUtilService   : Removing 5 users from all courses...
    23:43:37.662 | 363 ool-1-worker-127 | DEBUG | d.t.c.a.a.c.u.util.UserUtilService   : Removing 5 users from all courses. Done
    23:43:37.662 | 363 ool-1-worker-127 | DEBUG | d.t.c.a.a.c.u.util.UserUtilService   : Save 5 users to database...
    23:43:37.685 | 363 ool-1-worker-127 | DEBUG | d.t.c.a.a.c.u.util.UserUtilService   : Save 5 users to database. Done
    23:43:37.701 | 363 ool-1-worker-127 | INFO  | i.z.t.d.l.EmbeddedDatabaseReporter   : JDBC URL to connect to 'dataSource': url='jdbc:h2:tcp://localhost:41063/mem:f240edcd-27ce-47a3-b4ab-a6a00c154135;USER=sa', scope='ExamRegistrationIntegrationTest#testCheckRegistrationOrRegisterStudentToTestExam_noTestExam'

  Starting logs for ExamRegistrationIntegrationTest > testCheckRegistrationOrRegisterStudentToTestExam_studentNotPartOfCourse()
    23:43:37.739 | 363 ool-1-worker-127 | DEBUG | d.t.c.a.a.c.u.util.UserUtilService   : Generate 3 students...
    23:43:37.749 | 363 ool-1-worker-127 | DEBUG | d.t.c.a.a.c.u.util.UserUtilService   : 3 students generated. Generate 1 tutors...
    23:43:37.754 | 363 ool-1-worker-127 | DEBUG | d.t.c.a.a.c.u.util.UserUtilService   : 1 tutors generated. Generate 0 editors...
    23:43:37.758 | 363 ool-1-worker-127 | DEBUG | d.t.c.a.a.c.u.util.UserUtilService   : 0 editors generated. Generate 1 instructors...
    23:43:37.760 | 363 ool-1-worker-127 | DEBUG | d.t.c.a.a.c.u.util.UserUtilService   : 1 instructors generated
    23:43:37.766 | 363 ool-1-worker-127 | DEBUG | d.t.c.a.a.c.u.util.UserUtilService   : Removing 5 users from all courses...
    23:43:37.766 | 363 ool-1-worker-127 | DEBUG | d.t.c.a.a.c.u.util.UserUtilService   : Removing 5 users from all courses. Done
    23:43:37.766 | 363 ool-1-worker-127 | DEBUG | d.t.c.a.a.c.u.util.UserUtilService   : Save 5 users to database...
    23:43:37.775 | 363 ool-1-worker-127 | DEBUG | d.t.c.a.a.c.u.util.UserUtilService   : Save 5 users to database. Done
    23:43:37.789 | 363 ool-1-worker-127 | INFO  | i.z.t.d.l.EmbeddedDatabaseReporter   : JDBC URL to connect to 'dataSource': url='jdbc:h2:tcp://localhost:41063/mem:f240edcd-27ce-47a3-b4ab-a6a00c154135;USER=sa', scope='ExamRegistrationIntegrationTest#testCheckRegistrationOrRegisterStudentToTestExam_studentNotPartOfCourse'

  Starting logs for ExamRegistrationIntegrationTest > testRemoveStudentToExam_testExam()
    23:43:37.832 | 363 ool-1-worker-127 | DEBUG | d.t.c.a.a.c.u.util.UserUtilService   : Generate 3 students...
    23:43:37.843 | 363 ool-1-worker-127 | DEBUG | d.t.c.a.a.c.u.util.UserUtilService   : 3 students generated. Generate 1 tutors...
    23:43:37.849 | 363 ool-1-worker-127 | DEBUG | d.t.c.a.a.c.u.util.UserUtilService   : 1 tutors generated. Generate 0 editors...
    23:43:37.850 | 363 ool-1-worker-127 | DEBUG | d.t.c.a.a.c.u.util.UserUtilService   : 0 editors generated. Generate 1 instructors...
    23:43:37.856 | 363 ool-1-worker-127 | DEBUG | d.t.c.a.a.c.u.util.UserUtilService   : 1 instructors generated
    23:43:37.857 | 363 ool-1-worker-127 | DEBUG | d.t.c.a.a.c.u.util.UserUtilService   : Removing 5 users from all courses...
    23:43:37.864 | 363 ool-1-worker-127 | DEBUG | d.t.c.a.a.c.u.util.UserUtilService   : Removing 5 users from all courses. Done
    23:43:37.864 | 363 ool-1-worker-127 | DEBUG | d.t.c.a.a.c.u.util.UserUtilService   : Save 5 users to database...
    23:43:37.871 | 363 ool-1-worker-127 | DEBUG | d.t.c.a.a.c.u.util.UserUtilService   : Save 5 users to database. Done
    23:43:37.888 | 363 ool-1-worker-127 | INFO  | i.z.t.d.l.EmbeddedDatabaseReporter   : JDBC URL to connect to 'dataSource': url='jdbc:h2:tcp://localhost:41063/mem:f240edcd-27ce-47a3-b4ab-a6a00c154135;USER=sa', scope='ExamRegistrationIntegrationTest#testRemoveStudentToExam_testExam'
    23:43:37.889 | 363 ool-1-worker-127 | DEBUG | d.t.c.a.a.c.s.f.ApiVersionFilter     : Adding Version to Request DELETE /api/courses/248/exams/61/students/examregistrationteststudent42
    23:43:37.892 | 363 ool-1-worker-127 | DEBUG | d.t.c.a.a.exam.web.ExamResource      : REST request to remove examregistrationteststudent42 as student from exam : 61
    23:43:37.899 | 363 ool-1-worker-127 | ERROR | tech.jhipster.web.util.HeaderUtil    : Entity processing failed, Deletion of users is only allowed for real exams
    23:43:37.899 | 363 ool-1-worker-127 | WARN  | o.z.p.spring.common.AdviceTraits     : Bad Request: Deletion of users is only allowed for real exams

  Starting logs for ExamRegistrationIntegrationTest > testAddStudentToExam_testExam()
    23:43:37.948 | 363 ool-1-worker-127 | DEBUG | d.t.c.a.a.c.u.util.UserUtilService   : Generate 3 students...
    23:43:37.958 | 363 ool-1-worker-127 | DEBUG | d.t.c.a.a.c.u.util.UserUtilService   : 3 students generated. Generate 1 tutors...
    23:43:37.964 | 363 ool-1-worker-127 | DEBUG | d.t.c.a.a.c.u.util.UserUtilService   : 1 tutors generated. Generate 0 editors...
    23:43:37.965 | 363 ool-1-worker-127 | DEBUG | d.t.c.a.a.c.u.util.UserUtilService   : 0 editors generated. Generate 1 instructors...
    23:43:37.972 | 363 ool-1-worker-127 | DEBUG | d.t.c.a.a.c.u.util.UserUtilService   : 1 instructors generated
    23:43:37.973 | 363 ool-1-worker-127 | DEBUG | d.t.c.a.a.c.u.util.UserUtilService   : Removing 5 users from all courses...
    23:43:37.976 | 363 ool-1-worker-127 | DEBUG | d.t.c.a.a.c.u.util.UserUtilService   : Removing 5 users from all courses. Done
    23:43:37.976 | 363 ool-1-worker-127 | DEBUG | d.t.c.a.a.c.u.util.UserUtilService   : Save 5 users to database...
    23:43:37.986 | 363 ool-1-worker-127 | DEBUG | d.t.c.a.a.c.u.util.UserUtilService   : Save 5 users to database. Done
    23:43:38.001 | 363 ool-1-worker-127 | INFO  | i.z.t.d.l.EmbeddedDatabaseReporter   : JDBC URL to connect to 'dataSource': url='jdbc:h2:tcp://localhost:41063/mem:f240edcd-27ce-47a3-b4ab-a6a00c154135;USER=sa', scope='ExamRegistrationIntegrationTest#testAddStudentToExam_testExam'
    23:43:38.003 | 363 ool-1-worker-127 | DEBUG | d.t.c.a.a.c.s.f.ApiVersionFilter     : Adding Version to Request POST /api/courses/249/exams/63/students/examregistrationteststudent42
    23:43:38.007 | 363 ool-1-worker-127 | DEBUG | d.t.c.a.a.exam.web.ExamResource      : REST request to add examregistrationteststudent42 as student to exam : 63
    23:43:38.013 | 363 ool-1-worker-127 | ERROR | tech.jhipster.web.util.HeaderUtil    : Entity processing failed, Add student to exam is only allowed for real exams
    23:43:38.013 | 363 ool-1-worker-127 | WARN  | o.z.p.spring.common.AdviceTraits     : Bad Request: Add student to exam is only allowed for real exams

  Starting logs for ExamRegistrationIntegrationTest > testRegisterLDAPUsersInExam()
    23:43:38.052 | 363 ool-1-worker-127 | DEBUG | d.t.c.a.a.c.u.util.UserUtilService   : Generate 3 students...
    23:43:38.060 | 363 ool-1-worker-127 | DEBUG | d.t.c.a.a.c.u.util.UserUtilService   : 3 students generated. Generate 1 tutors...
    23:43:38.068 | 363 ool-1-worker-127 | DEBUG | d.t.c.a.a.c.u.util.UserUtilService   : 1 tutors generated. Generate 0 editors...
    23:43:38.069 | 363 ool-1-worker-127 | DEBUG | d.t.c.a.a.c.u.util.UserUtilService   : 0 editors generated. Generate 1 instructors...
    23:43:38.073 | 363 ool-1-worker-127 | DEBUG | d.t.c.a.a.c.u.util.UserUtilService   : 1 instructors generated
    23:43:38.075 | 363 ool-1-worker-127 | DEBUG | d.t.c.a.a.c.u.util.UserUtilService   : Removing 5 users from all courses...
    23:43:38.076 | 363 ool-1-worker-127 | DEBUG | d.t.c.a.a.c.u.util.UserUtilService   : Removing 5 users from all courses. Done
    23:43:38.076 | 363 ool-1-worker-127 | DEBUG | d.t.c.a.a.c.u.util.UserUtilService   : Save 5 users to database...
    23:43:38.080 | 363 ool-1-worker-127 | DEBUG | d.t.c.a.a.c.u.util.UserUtilService   : Save 5 users to database. Done
    23:43:38.088 | 363 ool-1-worker-127 | INFO  | i.z.t.d.l.EmbeddedDatabaseReporter   : JDBC URL to connect to 'dataSource': url='jdbc:h2:tcp://localhost:41063/mem:f240edcd-27ce-47a3-b4ab-a6a00c154135;USER=sa', scope='ExamRegistrationIntegrationTest#testRegisterLDAPUsersInExam'
    23:43:38.090 | 363 ool-1-worker-127 | DEBUG | d.t.c.a.a.c.s.f.ApiVersionFilter     : Adding Version to Request POST /api/courses/250/exams/66/students
    23:43:38.091 | 363 ool-1-worker-127 | DEBUG | d.t.c.a.a.exam.web.ExamResource      : REST request to add [ExamUserDTO[login=examregistrationteststudent100, firstName=examregistrationteststudent100, lastName=examregistrationteststudent100, registrationNumber=null, email=null, studentIdentifier=null, room=null, seat=null, didCheckImage=false, didCheckName=false, didCheckRegistrationNumber=false, didCheckLogin=false, signingImagePath=null], ExamUserDTO[login=null, firstName=examregistrationteststudent200, lastName=examregistrationteststudent200, registrationNumber=null, email=examregistrationteststudent200@tum.de, studentIdentifier=null, room=null, seat=null, didCheckImage=false, didCheckName=false, didCheckRegistrationNumber=false, didCheckLogin=false, signingImagePath=null], ExamUserDTO[login=null, firstName=examregistrationteststudent300, lastName=examregistrationteststudent300, registrationNumber=3000000, email=null, studentIdentifier=null, room=null, seat=null, didCheckImage=false, didCheckName=false, didCheckRegistrationNumber=false, didCheckLogin=false, signingImagePath=null], ExamUserDTO[login=null, firstName=null, lastName=null, registrationNumber=null, email=null, studentIdentifier=null, room=null, seat=null, didCheckImage=false, didCheckName=false, didCheckRegistrationNumber=false, didCheckLogin=false, signingImagePath=null]] as students to exam 66
    23:43:38.098 | 363 ool-1-worker-127 | INFO  | d.t.c.a.a.c.service.user.UserService : Ldap User examregistrationteststudent100 examregistrationteststudent100 has login: examregistrationteststudent100
    23:43:38.102 | 363 ool-1-worker-127 | DEBUG | d.t.c.a.a.c.s.u.UserCreationService  : Save user User{login='examregistrationteststudent100', firstName='examregistrationteststudent100', lastName='examregistrationteststudent100', email='examregistrationteststudent100@tum.de', imageUrl='null', activated='false', langKey='en', activationKey='GbwFfQL3l0tDztW31NyO'}
    23:43:38.113 | 363 ool-1-worker-127 | DEBUG | d.t.c.a.a.c.s.u.UserCreationService  : Created user: User{login='examregistrationteststudent100', firstName='examregistrationteststudent100', lastName='examregistrationteststudent100', email='examregistrationteststudent100@tum.de', imageUrl='null', activated='false', langKey='en', activationKey='GbwFfQL3l0tDztW31NyO'}
    23:43:38.113 | 363 ool-1-worker-127 | DEBUG | d.t.c.a.a.c.service.user.UserService : Add user examregistrationteststudent100 to group tumuser
    23:43:38.118 | 363 ool-1-worker-127 | DEBUG | d.t.c.a.a.c.service.user.UserService : Save user User{login='examregistrationteststudent100', firstName='examregistrationteststudent100', lastName='examregistrationteststudent100', email='examregistrationteststudent100@tum.de', imageUrl='null', activated='false', langKey='en', activationKey='GbwFfQL3l0tDztW31NyO'}
    23:43:38.128 | 363 ool-1-worker-127 | INFO  | d.t.c.a.a.c.service.user.UserService : Ldap User examregistrationteststudent200 examregistrationteststudent200 has login: examregistrationteststudent200
    23:43:38.134 | 363 ool-1-worker-127 | DEBUG | d.t.c.a.a.c.s.u.UserCreationService  : Save user User{login='examregistrationteststudent200', firstName='examregistrationteststudent200', lastName='examregistrationteststudent200', email='examregistrationteststudent200@tum.de', imageUrl='null', activated='false', langKey='en', activationKey='H9Dyz467XUFhI9glS8WQ'}
    23:43:38.143 | 363 ool-1-worker-127 | DEBUG | d.t.c.a.a.c.s.u.UserCreationService  : Created user: User{login='examregistrationteststudent200', firstName='examregistrationteststudent200', lastName='examregistrationteststudent200', email='examregistrationteststudent200@tum.de', imageUrl='null', activated='false', langKey='en', activationKey='H9Dyz467XUFhI9glS8WQ'}
    23:43:38.143 | 363 ool-1-worker-127 | DEBUG | d.t.c.a.a.c.service.user.UserService : Add user examregistrationteststudent200 to group tumuser
    23:43:38.148 | 363 ool-1-worker-127 | DEBUG | d.t.c.a.a.c.service.user.UserService : Save user User{login='examregistrationteststudent200', firstName='examregistrationteststudent200', lastName='examregistrationteststudent200', email='examregistrationteststudent200@tum.de', imageUrl='null', activated='false', langKey='en', activationKey='H9Dyz467XUFhI9glS8WQ'}
    23:43:38.160 | 363 ool-1-worker-127 | INFO  | d.t.c.a.a.c.service.user.UserService : Ldap User examregistrationteststudent300 examregistrationteststudent300 has login: examregistrationteststudent300
    23:43:38.163 | 363 ool-1-worker-127 | DEBUG | d.t.c.a.a.c.s.u.UserCreationService  : Save user User{login='examregistrationteststudent300', firstName='examregistrationteststudent300', lastName='examregistrationteststudent300', email='examregistrationteststudent300@tum.de', imageUrl='null', activated='false', langKey='en', activationKey='35unNL5EmNYewuf852ba'}
    23:43:38.173 | 363 ool-1-worker-127 | DEBUG | d.t.c.a.a.c.s.u.UserCreationService  : Created user: User{login='examregistrationteststudent300', firstName='examregistrationteststudent300', lastName='examregistrationteststudent300', email='examregistrationteststudent300@tum.de', imageUrl='null', activated='false', langKey='en', activationKey='35unNL5EmNYewuf852ba'}
    23:43:38.173 | 363 ool-1-worker-127 | DEBUG | d.t.c.a.a.c.service.user.UserService : Add user examregistrationteststudent300 to group tumuser
    23:43:38.174 | 363 ool-1-worker-127 | DEBUG | d.t.c.a.a.c.service.user.UserService : Save user User{login='examregistrationteststudent300', firstName='examregistrationteststudent300', lastName='examregistrationteststudent300', email='examregistrationteststudent300@tum.de', imageUrl='null', activated='false', langKey='en', activationKey='35unNL5EmNYewuf852ba'}
    23:43:38.186 | 363 ool-1-worker-127 | INFO  | .t.c.a.a.e.s.ExamRegistrationService : User examregistrationtestinstructor1 has added multiple users [examregistrationteststudent100, examregistrationteststudent200, examregistrationteststudent300] to the exam Real exam 1 with id 66

  Starting logs for ExamRegistrationIntegrationTest > testCheckRegistrationOrRegisterStudentToTestExam_successfulRegistration()
    23:43:38.224 | 363 ool-1-worker-127 | DEBUG | d.t.c.a.a.c.u.util.UserUtilService   : Generate 3 students...
    23:43:38.232 | 363 ool-1-worker-127 | DEBUG | d.t.c.a.a.c.u.util.UserUtilService   : 3 students generated. Generate 1 tutors...
    23:43:38.234 | 363 ool-1-worker-127 | DEBUG | d.t.c.a.a.c.u.util.UserUtilService   : 1 tutors generated. Generate 0 editors...
    23:43:38.239 | 363 ool-1-worker-127 | DEBUG | d.t.c.a.a.c.u.util.UserUtilService   : 0 editors generated. Generate 1 instructors...
    23:43:38.245 | 363 ool-1-worker-127 | DEBUG | d.t.c.a.a.c.u.util.UserUtilService   : 1 instructors generated
    23:43:38.246 | 363 ool-1-worker-127 | DEBUG | d.t.c.a.a.c.u.util.UserUtilService   : Removing 8 users from all courses...
    23:43:38.250 | 363 ool-1-worker-127 | DEBUG | d.t.c.a.a.c.u.util.UserUtilService   : Removing 8 users from all courses. Done
    23:43:38.250 | 363 ool-1-worker-127 | DEBUG | d.t.c.a.a.c.u.util.UserUtilService   : Save 5 users to database...
    23:43:38.259 | 363 ool-1-worker-127 | DEBUG | d.t.c.a.a.c.u.util.UserUtilService   : Save 5 users to database. Done
    23:43:38.274 | 363 ool-1-worker-127 | INFO  | i.z.t.d.l.EmbeddedDatabaseReporter   : JDBC URL to connect to 'dataSource': url='jdbc:h2:tcp://localhost:41063/mem:f240edcd-27ce-47a3-b4ab-a6a00c154135;USER=sa', scope='ExamRegistrationIntegrationTest#testCheckRegistrationOrRegisterStudentToTestExam_successfulRegistration'

  Starting logs for ExamRegistrationIntegrationTest > testIsUserRegisteredForExam()
    23:43:38.315 | 363 ool-1-worker-127 | DEBUG | d.t.c.a.a.c.u.util.UserUtilService   : Generate 3 students...
    23:43:38.326 | 363 ool-1-worker-127 | DEBUG | d.t.c.a.a.c.u.util.UserUtilService   : 3 students generated. Generate 1 tutors...
    23:43:38.332 | 363 ool-1-worker-127 | DEBUG | d.t.c.a.a.c.u.util.UserUtilService   : 1 tutors generated. Generate 0 editors...
    23:43:38.333 | 363 ool-1-worker-127 | DEBUG | d.t.c.a.a.c.u.util.UserUtilService   : 0 editors generated. Generate 1 instructors...
    23:43:38.338 | 363 ool-1-worker-127 | DEBUG | d.t.c.a.a.c.u.util.UserUtilService   : 1 instructors generated
    23:43:38.339 | 363 ool-1-worker-127 | DEBUG | d.t.c.a.a.c.u.util.UserUtilService   : Removing 5 users from all courses...
    23:43:38.341 | 363 ool-1-worker-127 | DEBUG | d.t.c.a.a.c.u.util.UserUtilService   : Removing 5 users from all courses. Done
    23:43:38.341 | 363 ool-1-worker-127 | DEBUG | d.t.c.a.a.c.u.util.UserUtilService   : Save 5 users to database...
    23:43:38.347 | 363 ool-1-worker-127 | DEBUG | d.t.c.a.a.c.u.util.UserUtilService   : Save 5 users to database. Done
    23:43:38.355 | 363 ool-1-worker-127 | INFO  | i.z.t.d.l.EmbeddedDatabaseReporter   : JDBC URL to connect to 'dataSource': url='jdbc:h2:tcp://localhost:41063/mem:f240edcd-27ce-47a3-b4ab-a6a00c154135;USER=sa', scope='ExamRegistrationIntegrationTest#testIsUserRegisteredForExam'

  Starting logs for ExamRegistrationIntegrationTest > testRemoveAllStudentsFromExam_testExam()
    23:43:38.382 | 363 ool-1-worker-127 | DEBUG | d.t.c.a.a.c.u.util.UserUtilService   : Generate 3 students...
    23:43:38.391 | 363 ool-1-worker-127 | DEBUG | d.t.c.a.a.c.u.util.UserUtilService   : 3 students generated. Generate 1 tutors...
    23:43:38.393 | 363 ool-1-worker-127 | DEBUG | d.t.c.a.a.c.u.util.UserUtilService   : 1 tutors generated. Generate 0 editors...
    23:43:38.394 | 363 ool-1-worker-127 | DEBUG | d.t.c.a.a.c.u.util.UserUtilService   : 0 editors generated. Generate 1 instructors...
    23:43:38.397 | 363 ool-1-worker-127 | DEBUG | d.t.c.a.a.c.u.util.UserUtilService   : 1 instructors generated
    23:43:38.398 | 363 ool-1-worker-127 | DEBUG | d.t.c.a.a.c.u.util.UserUtilService   : Removing 5 users from all courses...
    23:43:38.399 | 363 ool-1-worker-127 | DEBUG | d.t.c.a.a.c.u.util.UserUtilService   : Removing 5 users from all courses. Done
    23:43:38.399 | 363 ool-1-worker-127 | DEBUG | d.t.c.a.a.c.u.util.UserUtilService   : Save 5 users to database...
    23:43:38.403 | 363 ool-1-worker-127 | DEBUG | d.t.c.a.a.c.u.util.UserUtilService   : Save 5 users to database. Done
    23:43:38.411 | 363 ool-1-worker-127 | INFO  | i.z.t.d.l.EmbeddedDatabaseReporter   : JDBC URL to connect to 'dataSource': url='jdbc:h2:tcp://localhost:41063/mem:f240edcd-27ce-47a3-b4ab-a6a00c154135;USER=sa', scope='ExamRegistrationIntegrationTest#testRemoveAllStudentsFromExam_testExam'
    23:43:38.412 | 363 ool-1-worker-127 | DEBUG | d.t.c.a.a.c.s.f.ApiVersionFilter     : Adding Version to Request DELETE /api/courses/253/exams/73/students
    23:43:38.414 | 363 ool-1-worker-127 | DEBUG | d.t.c.a.a.exam.web.ExamResource      : REST request to remove all students from exam 73 with courseId 253
    23:43:38.417 | 363 ool-1-worker-127 | ERROR | tech.jhipster.web.util.HeaderUtil    : Entity processing failed, Deregister students is only allowed for real exams
    23:43:38.417 | 363 ool-1-worker-127 | WARN  | o.z.p.spring.common.AdviceTraits     : Bad Request: Deregister students is only allowed for real exams

  Starting logs for ExamRegistrationIntegrationTest > testRegisterCourseStudents_testExam()
    23:43:38.432 | 363 ool-1-worker-127 | DEBUG | d.t.c.a.a.c.u.util.UserUtilService   : Generate 3 students...
    23:43:38.437 | 363 ool-1-worker-127 | DEBUG | d.t.c.a.a.c.u.util.UserUtilService   : 3 students generated. Generate 1 tutors...
    23:43:38.440 | 363 ool-1-worker-127 | DEBUG | d.t.c.a.a.c.u.util.UserUtilService   : 1 tutors generated. Generate 0 editors...
    23:43:38.441 | 363 ool-1-worker-127 | DEBUG | d.t.c.a.a.c.u.util.UserUtilService   : 0 editors generated. Generate 1 instructors...
    23:43:38.444 | 363 ool-1-worker-127 | DEBUG | d.t.c.a.a.c.u.util.UserUtilService   : 1 instructors generated
    23:43:38.445 | 363 ool-1-worker-127 | DEBUG | d.t.c.a.a.c.u.util.UserUtilService   : Removing 5 users from all courses...
    23:43:38.446 | 363 ool-1-worker-127 | DEBUG | d.t.c.a.a.c.u.util.UserUtilService   : Removing 5 users from all courses. Done
    23:43:38.446 | 363 ool-1-worker-127 | DEBUG | d.t.c.a.a.c.u.util.UserUtilService   : Save 5 users to database...
    23:43:38.450 | 363 ool-1-worker-127 | DEBUG | d.t.c.a.a.c.u.util.UserUtilService   : Save 5 users to database. Done
    23:43:38.465 | 363 ool-1-worker-127 | INFO  | i.z.t.d.l.EmbeddedDatabaseReporter   : JDBC URL to connect to 'dataSource': url='jdbc:h2:tcp://localhost:41063/mem:f240edcd-27ce-47a3-b4ab-a6a00c154135;USER=sa', scope='ExamRegistrationIntegrationTest#testRegisterCourseStudents_testExam'
    23:43:38.466 | 363 ool-1-worker-127 | DEBUG | d.t.c.a.a.c.s.f.ApiVersionFilter     : Adding Version to Request POST /api/courses/254/exams/75/register-course-students
    23:43:38.471 | 363 ool-1-worker-127 | DEBUG | d.t.c.a.a.exam.web.ExamResource      : REST request to add all students to exam 75 with courseId 254
    23:43:38.477 | 363 ool-1-worker-127 | ERROR | tech.jhipster.web.util.HeaderUtil    : Entity processing failed, Registration of course students is only allowed for real exams
    23:43:38.477 | 363 ool-1-worker-127 | WARN  | o.z.p.spring.common.AdviceTraits     : Bad Request: Registration of course students is only allowed for real exams

  Starting logs for ExamRegistrationIntegrationTest > testRegisterUserInExam_addedToCourseStudentsGroup()
    23:43:38.493 | 363 ool-1-worker-127 | DEBUG | d.t.c.a.a.c.u.util.UserUtilService   : Generate 3 students...
    23:43:38.498 | 363 ool-1-worker-127 | DEBUG | d.t.c.a.a.c.u.util.UserUtilService   : 3 students generated. Generate 1 tutors...
    23:43:38.501 | 363 ool-1-worker-127 | DEBUG | d.t.c.a.a.c.u.util.UserUtilService   : 1 tutors generated. Generate 0 editors...
    23:43:38.502 | 363 ool-1-worker-127 | DEBUG | d.t.c.a.a.c.u.util.UserUtilService   : 0 editors generated. Generate 1 instructors...
    23:43:38.505 | 363 ool-1-worker-127 | DEBUG | d.t.c.a.a.c.u.util.UserUtilService   : 1 instructors generated
    23:43:38.506 | 363 ool-1-worker-127 | DEBUG | d.t.c.a.a.c.u.util.UserUtilService   : Removing 5 users from all courses...
    23:43:38.506 | 363 ool-1-worker-127 | DEBUG | d.t.c.a.a.c.u.util.UserUtilService   : Removing 5 users from all courses. Done
    23:43:38.506 | 363 ool-1-worker-127 | DEBUG | d.t.c.a.a.c.u.util.UserUtilService   : Save 5 users to database...
    23:43:38.511 | 363 ool-1-worker-127 | DEBUG | d.t.c.a.a.c.u.util.UserUtilService   : Save 5 users to database. Done
    23:43:38.521 | 363 ool-1-worker-127 | INFO  | i.z.t.d.l.EmbeddedDatabaseReporter   : JDBC URL to connect to 'dataSource': url='jdbc:h2:tcp://localhost:41063/mem:f240edcd-27ce-47a3-b4ab-a6a00c154135;USER=sa', scope='ExamRegistrationIntegrationTest#testRegisterUserInExam_addedToCourseStudentsGroup'
    23:43:38.524 | 363 ool-1-worker-127 | DEBUG | d.t.c.a.a.c.s.f.ApiVersionFilter     : Adding Version to Request POST /api/courses/255/exams/76/students/examregistrationteststudent42
    23:43:38.524 | 363 ool-1-worker-127 | DEBUG | d.t.c.a.a.exam.web.ExamResource      : REST request to add examregistrationteststudent42 as student to exam : 76
    23:43:38.529 | 363 ool-1-worker-127 | DEBUG | d.t.c.a.a.c.service.user.UserService : Add user examregistrationteststudent42 to group tumuser
    23:43:38.530 | 363 ool-1-worker-127 | DEBUG | d.t.c.a.a.c.service.user.UserService : Save user User{login='examregistrationteststudent42', firstName='examregistrationteststudent42First', lastName='examregistrationteststudent42Last', email='examregistrationteststudent42@test.de', imageUrl='null', activated='true', langKey='en', activationKey='null'}
    23:43:38.534 | 363 ool-1-worker-127 | INFO  | .t.c.a.a.e.s.ExamRegistrationService : User examregistrationtestinstructor1 has added user examregistrationteststudent42 to the exam Real exam 1 with id 76

  Starting logs for ExamRegistrationIntegrationTest > testAddAllRegisteredUsersToExam()
    23:43:38.558 | 363 ool-1-worker-127 | DEBUG | d.t.c.a.a.c.u.util.UserUtilService   : Generate 3 students...
    23:43:38.563 | 363 ool-1-worker-127 | DEBUG | d.t.c.a.a.c.u.util.UserUtilService   : 3 students generated. Generate 1 tutors...
    23:43:38.566 | 363 ool-1-worker-127 | DEBUG | d.t.c.a.a.c.u.util.UserUtilService   : 1 tutors generated. Generate 0 editors...
    23:43:38.567 | 363 ool-1-worker-127 | DEBUG | d.t.c.a.a.c.u.util.UserUtilService   : 0 editors generated. Generate 1 instructors...
    23:43:38.570 | 363 ool-1-worker-127 | DEBUG | d.t.c.a.a.c.u.util.UserUtilService   : 1 instructors generated
    23:43:38.571 | 363 ool-1-worker-127 | DEBUG | d.t.c.a.a.c.u.util.UserUtilService   : Removing 6 users from all courses...
    23:43:38.572 | 363 ool-1-worker-127 | DEBUG | d.t.c.a.a.c.u.util.UserUtilService   : Removing 6 users from all courses. Done
    23:43:38.572 | 363 ool-1-worker-127 | DEBUG | d.t.c.a.a.c.u.util.UserUtilService   : Save 5 users to database...
    23:43:38.576 | 363 ool-1-worker-127 | DEBUG | d.t.c.a.a.c.u.util.UserUtilService   : Save 5 users to database. Done
    23:43:38.585 | 363 ool-1-worker-127 | INFO  | i.z.t.d.l.EmbeddedDatabaseReporter   : JDBC URL to connect to 'dataSource': url='jdbc:h2:tcp://localhost:41063/mem:f240edcd-27ce-47a3-b4ab-a6a00c154135;USER=sa', scope='ExamRegistrationIntegrationTest#testAddAllRegisteredUsersToExam'
    23:43:38.593 | 363 ool-1-worker-127 | DEBUG | d.t.c.a.a.c.s.f.ApiVersionFilter     : Adding Version to Request POST /api/courses/256/exams/80/register-course-students
    23:43:38.593 | 363 ool-1-worker-127 | DEBUG | d.t.c.a.a.exam.web.ExamResource      : REST request to add all students to exam 80 with courseId 256

  Starting logs for ExamRegistrationIntegrationTest > testRegisterUserInExam_studentExamGenerated()
    23:43:38.623 | 363 ool-1-worker-127 | DEBUG | d.t.c.a.a.c.u.util.UserUtilService   : Generate 3 students...
    23:43:38.628 | 363 ool-1-worker-127 | DEBUG | d.t.c.a.a.c.u.util.UserUtilService   : 3 students generated. Generate 1 tutors...
    23:43:38.630 | 363 ool-1-worker-127 | DEBUG | d.t.c.a.a.c.u.util.UserUtilService   : 1 tutors generated. Generate 0 editors...
    23:43:38.632 | 363 ool-1-worker-127 | DEBUG | d.t.c.a.a.c.u.util.UserUtilService   : 0 editors generated. Generate 1 instructors...
    23:43:38.634 | 363 ool-1-worker-127 | DEBUG | d.t.c.a.a.c.u.util.UserUtilService   : 1 instructors generated
    23:43:38.636 | 363 ool-1-worker-127 | DEBUG | d.t.c.a.a.c.u.util.UserUtilService   : Removing 6 users from all courses...
    23:43:38.637 | 363 ool-1-worker-127 | DEBUG | d.t.c.a.a.c.u.util.UserUtilService   : Removing 6 users from all courses. Done
    23:43:38.637 | 363 ool-1-worker-127 | DEBUG | d.t.c.a.a.c.u.util.UserUtilService   : Save 5 users to database...
    23:43:38.641 | 363 ool-1-worker-127 | DEBUG | d.t.c.a.a.c.u.util.UserUtilService   : Save 5 users to database. Done
    23:43:38.649 | 363 ool-1-worker-127 | INFO  | i.z.t.d.l.EmbeddedDatabaseReporter   : JDBC URL to connect to 'dataSource': url='jdbc:h2:tcp://localhost:41063/mem:f240edcd-27ce-47a3-b4ab-a6a00c154135;USER=sa', scope='ExamRegistrationIntegrationTest#testRegisterUserInExam_studentExamGenerated'
    23:43:38.660 | 363 ool-1-worker-127 | DEBUG | d.t.c.a.a.c.s.f.ApiVersionFilter     : Adding Version to Request POST /api/courses/257/exams/83/students/examregistrationteststudent42
    23:43:38.661 | 363 ool-1-worker-127 | DEBUG | d.t.c.a.a.exam.web.ExamResource      : REST request to add examregistrationteststudent42 as student to exam : 83
    23:43:38.664 | 363 ool-1-worker-127 | DEBUG | d.t.c.a.a.c.service.user.UserService : Add user examregistrationteststudent42 to group tumuser
    23:43:38.666 | 363 ool-1-worker-127 | DEBUG | d.t.c.a.a.c.service.user.UserService : Save user User{login='examregistrationteststudent42', firstName='examregistrationteststudent42First', lastName='examregistrationteststudent42Last', email='examregistrationteststudent42@test.de', imageUrl='null', activated='true', langKey='en', activationKey='null'}
    23:43:38.678 | 363 ool-1-worker-127 | INFO  | d.t.c.a.a.e.s.StudentExamService     : Generated 1 student exam for 55 in 7.29ms for exam 83
    23:43:38.680 | 363 ool-1-worker-127 | INFO  | .t.c.a.a.e.s.ExamRegistrationService : User examregistrationtestinstructor1 has added user examregistrationteststudent42 to the exam Real exam 1 with id 83

  Starting logs for ExamRegistrationIntegrationTest > testRegisterUsersInExam()
    23:43:38.697 | 363 ool-1-worker-127 | DEBUG | d.t.c.a.a.c.u.util.UserUtilService   : Generate 3 students...
    23:43:38.702 | 363 ool-1-worker-127 | DEBUG | d.t.c.a.a.c.u.util.UserUtilService   : 3 students generated. Generate 1 tutors...
    23:43:38.705 | 363 ool-1-worker-127 | DEBUG | d.t.c.a.a.c.u.util.UserUtilService   : 1 tutors generated. Generate 0 editors...
    23:43:38.706 | 363 ool-1-worker-127 | DEBUG | d.t.c.a.a.c.u.util.UserUtilService   : 0 editors generated. Generate 1 instructors...
    23:43:38.709 | 363 ool-1-worker-127 | DEBUG | d.t.c.a.a.c.u.util.UserUtilService   : 1 instructors generated
    23:43:38.711 | 363 ool-1-worker-127 | DEBUG | d.t.c.a.a.c.u.util.UserUtilService   : Removing 6 users from all courses...
    23:43:38.712 | 363 ool-1-worker-127 | DEBUG | d.t.c.a.a.c.u.util.UserUtilService   : Removing 6 users from all courses. Done
    23:43:38.712 | 363 ool-1-worker-127 | DEBUG | d.t.c.a.a.c.u.util.UserUtilService   : Save 5 users to database...
    23:43:38.716 | 363 ool-1-worker-127 | DEBUG | d.t.c.a.a.c.u.util.UserUtilService   : Save 5 users to database. Done
    23:43:38.724 | 363 ool-1-worker-127 | INFO  | i.z.t.d.l.EmbeddedDatabaseReporter   : JDBC URL to connect to 'dataSource': url='jdbc:h2:tcp://localhost:41063/mem:f240edcd-27ce-47a3-b4ab-a6a00c154135;USER=sa', scope='ExamRegistrationIntegrationTest#testRegisterUsersInExam'
    23:43:38.739 | 363 ool-1-worker-127 | DEBUG | d.t.c.a.a.c.s.f.ApiVersionFilter     : Adding Version to Request POST /api/courses/258/exams/86/students/examregistrationteststudent1
    23:43:38.740 | 363 ool-1-worker-127 | DEBUG | d.t.c.a.a.exam.web.ExamResource      : REST request to add examregistrationteststudent1 as student to exam : 86
    23:43:38.753 | 363 ool-1-worker-127 | INFO  | .t.c.a.a.e.s.ExamRegistrationService : User examregistrationtestinstructor1 has added user examregistrationteststudent1 to the exam Real exam 1 with id 86
    23:43:38.760 | 363 ool-1-worker-127 | DEBUG | d.t.c.a.a.c.s.f.ApiVersionFilter     : Adding Version to Request POST /api/courses/258/exams/86/students/nonExistingStudent
    23:43:38.761 | 363 ool-1-worker-127 | DEBUG | d.t.c.a.a.exam.web.ExamResource      : REST request to add nonExistingStudent as student to exam : 86
    23:43:38.767 | 363 ool-1-worker-127 | WARN  | o.z.p.spring.common.AdviceTraits     : Not Found: User with login: "nonExistingStudent" does not exist
    23:43:38.770 | 363 ool-1-worker-127 | DEBUG | d.t.c.a.a.c.s.f.ApiVersionFilter     : Adding Version to Request DELETE /api/courses/258/exams/86/students/examregistrationteststudent1
    23:43:38.771 | 363 ool-1-worker-127 | DEBUG | d.t.c.a.a.exam.web.ExamResource      : REST request to remove examregistrationteststudent1 as student from exam : 86
    23:43:38.780 | 363 ool-1-worker-127 | INFO  | .t.c.a.a.e.s.ExamRegistrationService : User examregistrationtestinstructor1 has removed user examregistrationteststudent1 from the exam Real exam 1 with id 86. This also deleted a potentially existing student exam with all its participations and submissions.
    23:43:38.781 | 363 ool-1-worker-127 | DEBUG | d.t.c.a.a.c.s.f.ApiVersionFilter     : Adding Version to Request DELETE /api/courses/258/exams/86/students/nonExistingStudent
    23:43:38.782 | 363 ool-1-worker-127 | DEBUG | d.t.c.a.a.exam.web.ExamResource      : REST request to remove nonExistingStudent as student from exam : 86
    23:43:38.784 | 363 ool-1-worker-127 | WARN  | o.z.p.spring.common.AdviceTraits     : Not Found: user with identifier: "nonExistingStudent" does not exist
    23:43:38.791 | 363 ool-1-worker-127 | DEBUG | d.t.c.a.a.c.s.f.ApiVersionFilter     : Adding Version to Request POST /api/courses/258/exams/86/students
    23:43:38.793 | 363 ool-1-worker-127 | DEBUG | d.t.c.a.a.exam.web.ExamResource      : REST request to add [ExamUserDTO[login=null, firstName=null, lastName=null, registrationNumber=1111111, email=null, studentIdentifier=null, room=null, seat=null, didCheckImage=false, didCheckName=false, didCheckRegistrationNumber=false, didCheckLogin=false, signingImagePath=null], ExamUserDTO[login=null, firstName=null, lastName=null, registrationNumber=1111112, email=null, studentIdentifier=null, room=null, seat=null, didCheckImage=false, didCheckName=false, didCheckRegistrationNumber=false, didCheckLogin=false, signingImagePath=null], ExamUserDTO[login=examregistrationteststudent3, firstName=null, lastName=null, registrationNumber=11111130, email=null, studentIdentifier=null, room=null, seat=null, didCheckImage=false, didCheckName=false, didCheckRegistrationNumber=false, didCheckLogin=false, signingImagePath=null], ExamUserDTO[login=null, firstName=null, lastName=null, registrationNumber=11111151, email=null, studentIdentifier=null, room=null, seat=null, didCheckImage=false, didCheckName=false, didCheckRegistrationNumber=false, didCheckLogin=false, signingImagePath=null], ExamUserDTO[login=student99, firstName=null, lastName=null, registrationNumber=1111199, email=null, studentIdentifier=null, room=null, seat=null, didCheckImage=false, didCheckName=false, didCheckRegistrationNumber=false, didCheckLogin=false, signingImagePath=null], ExamUserDTO[login=null, firstName=null, lastName=null, registrationNumber=1111100, email=null, studentIdentifier=null, room=null, seat=null, didCheckImage=false, didCheckName=false, didCheckRegistrationNumber=false, didCheckLogin=false, signingImagePath=null], ExamUserDTO[login=null, firstName=null, lastName=null, registrationNumber=null, email=null, studentIdentifier=null, room=null, seat=null, didCheckImage=false, didCheckName=false, didCheckRegistrationNumber=false, didCheckLogin=false, signingImagePath=null]] as students to exam 86
    23:43:38.808 | 363 ool-1-worker-127 | WARN  | d.t.c.a.a.c.service.user.UserService : Ldap User with userIdentifier '11111151' not found
    23:43:38.808 | 363 ool-1-worker-127 | WARN  | d.t.c.a.a.c.service.user.UserService : User with registration number '11111151', login 'null' and email 'null' NOT found in Artemis user database NOR in connected LDAP
    23:43:38.808 | 363 ool-1-worker-127 | DEBUG | d.t.c.a.a.c.service.user.UserService : Add user student99 to group tumuser
    23:43:38.810 | 363 ool-1-worker-127 | DEBUG | d.t.c.a.a.c.service.user.UserService : Save user User{login='student99', firstName='student99First', lastName='student99Last', email='student99@test.de', imageUrl='null', activated='true', langKey='en', activationKey='null'}
    23:43:38.812 | 363 ool-1-worker-127 | INFO  | d.t.c.a.a.c.service.user.UserService : Ldap User examregistrationteststudent111 examregistrationteststudent111 has login: examregistrationteststudent111
    23:43:38.814 | 363 ool-1-worker-127 | DEBUG | d.t.c.a.a.c.s.u.UserCreationService  : Save user User{login='examregistrationteststudent111', firstName='examregistrationteststudent111', lastName='examregistrationteststudent111', email='examregistrationteststudent111@tum.de', imageUrl='null', activated='false', langKey='en', activationKey='3UVBcpoGGq7La3ZP5eUN'}
    23:43:38.818 | 363 ool-1-worker-127 | DEBUG | d.t.c.a.a.c.s.u.UserCreationService  : Created user: User{login='examregistrationteststudent111', firstName='examregistrationteststudent111', lastName='examregistrationteststudent111', email='examregistrationteststudent111@tum.de', imageUrl='null', activated='false', langKey='en', activationKey='3UVBcpoGGq7La3ZP5eUN'}
    23:43:38.818 | 363 ool-1-worker-127 | DEBUG | d.t.c.a.a.c.service.user.UserService : Add user examregistrationteststudent111 to group tumuser
    23:43:38.819 | 363 ool-1-worker-127 | DEBUG | d.t.c.a.a.c.service.user.UserService : Save user User{login='examregistrationteststudent111', firstName='examregistrationteststudent111', lastName='examregistrationteststudent111', email='examregistrationteststudent111@tum.de', imageUrl='null', activated='false', langKey='en', activationKey='3UVBcpoGGq7La3ZP5eUN'}
    23:43:38.825 | 363 ool-1-worker-127 | INFO  | .t.c.a.a.e.s.ExamRegistrationService : User examregistrationtestinstructor1 has added multiple users [examregistrationteststudent1, examregistrationteststudent2, examregistrationteststudent3, student99, examregistrationteststudent111] to the exam Real exam 1 with id 86
    23:43:38.836 | 363 ool-1-worker-127 | DEBUG | d.t.c.a.a.c.s.f.ApiVersionFilter     : Adding Version to Request DELETE /api/courses/258/exams/86
    23:43:38.836 | 363 ool-1-worker-127 | INFO  | d.t.c.a.a.exam.web.ExamResource      : REST request to delete exam : 86
    23:43:38.841 | 363 ool-1-worker-127 | INFO  | d.t.c.a.a.e.s.ExamDeletionService    : User examregistrationtestinstructor1 has requested to delete the exam Real exam 1
    23:43:38.886 | 363 ool-1-worker-127 | INFO  | .c.a.a.c.s.TitleCacheEvictionService : Evicted entry '86' from title cache 'examTitle'

  Starting logs for ExamRegistrationIntegrationTest > testDeleteStudentThatDoesNotExist()
    23:43:38.910 | 363 ool-1-worker-127 | DEBUG | d.t.c.a.a.c.u.util.UserUtilService   : Generate 3 students...
    23:43:38.915 | 363 ool-1-worker-127 | DEBUG | d.t.c.a.a.c.u.util.UserUtilService   : 3 students generated. Generate 1 tutors...
    23:43:38.918 | 363 ool-1-worker-127 | DEBUG | d.t.c.a.a.c.u.util.UserUtilService   : 1 tutors generated. Generate 0 editors...
    23:43:38.919 | 363 ool-1-worker-127 | DEBUG | d.t.c.a.a.c.u.util.UserUtilService   : 0 editors generated. Generate 1 instructors...
    23:43:38.923 | 363 ool-1-worker-127 | DEBUG | d.t.c.a.a.c.u.util.UserUtilService   : 1 instructors generated
    23:43:38.924 | 363 ool-1-worker-127 | DEBUG | d.t.c.a.a.c.u.util.UserUtilService   : Removing 7 users from all courses...
    23:43:38.925 | 363 ool-1-worker-127 | DEBUG | d.t.c.a.a.c.u.util.UserUtilService   : Removing 7 users from all courses. Done
    23:43:38.925 | 363 ool-1-worker-127 | DEBUG | d.t.c.a.a.c.u.util.UserUtilService   : Save 5 users to database...
    23:43:38.929 | 363 ool-1-worker-127 | DEBUG | d.t.c.a.a.c.u.util.UserUtilService   : Save 5 users to database. Done
    23:43:38.937 | 363 ool-1-worker-127 | INFO  | i.z.t.d.l.EmbeddedDatabaseReporter   : JDBC URL to connect to 'dataSource': url='jdbc:h2:tcp://localhost:41063/mem:f240edcd-27ce-47a3-b4ab-a6a00c154135;USER=sa', scope='ExamRegistrationIntegrationTest#testDeleteStudentThatDoesNotExist'
    23:43:38.959 | 363 ool-1-worker-127 | DEBUG | d.t.c.a.a.c.s.f.ApiVersionFilter     : Adding Version to Request DELETE /api/courses/259/exams/89/students/nonExistingStudent
    23:43:38.959 | 363 ool-1-worker-127 | DEBUG | d.t.c.a.a.exam.web.ExamResource      : REST request to remove nonExistingStudent as student from exam : 89
    23:43:38.967 | 363 ool-1-worker-127 | WARN  | o.z.p.spring.common.AdviceTraits     : Not Found: user with identifier: "nonExistingStudent" does not exist

  Starting logs for ExamRegistrationIntegrationTest > testRegisterInstructorToExam()
    23:43:38.988 | 363 ool-1-worker-127 | DEBUG | d.t.c.a.a.c.u.util.UserUtilService   : Generate 3 students...
    23:43:38.996 | 363 ool-1-worker-127 | DEBUG | d.t.c.a.a.c.u.util.UserUtilService   : 3 students generated. Generate 1 tutors...
    23:43:39.001 | 363 ool-1-worker-127 | DEBUG | d.t.c.a.a.c.u.util.UserUtilService   : 1 tutors generated. Generate 0 editors...
    23:43:39.003 | 363 ool-1-worker-127 | DEBUG | d.t.c.a.a.c.u.util.UserUtilService   : 0 editors generated. Generate 1 instructors...
    23:43:39.005 | 363 ool-1-worker-127 | DEBUG | d.t.c.a.a.c.u.util.UserUtilService   : 1 instructors generated
    23:43:39.006 | 363 ool-1-worker-127 | DEBUG | d.t.c.a.a.c.u.util.UserUtilService   : Removing 5 users from all courses...
    23:43:39.007 | 363 ool-1-worker-127 | DEBUG | d.t.c.a.a.c.u.util.UserUtilService   : Removing 5 users from all courses. Done
    23:43:39.007 | 363 ool-1-worker-127 | DEBUG | d.t.c.a.a.c.u.util.UserUtilService   : Save 5 users to database...
    23:43:39.012 | 363 ool-1-worker-127 | DEBUG | d.t.c.a.a.c.u.util.UserUtilService   : Save 5 users to database. Done
    23:43:39.020 | 363 ool-1-worker-127 | INFO  | i.z.t.d.l.EmbeddedDatabaseReporter   : JDBC URL to connect to 'dataSource': url='jdbc:h2:tcp://localhost:41063/mem:f240edcd-27ce-47a3-b4ab-a6a00c154135;USER=sa', scope='ExamRegistrationIntegrationTest#testRegisterInstructorToExam'
    23:43:39.022 | 363 ool-1-worker-127 | DEBUG | d.t.c.a.a.c.s.f.ApiVersionFilter     : Adding Version to Request POST /api/courses/260/exams/90/students/examregistrationtestinstructor1
    23:43:39.022 | 363 ool-1-worker-127 | DEBUG | d.t.c.a.a.exam.web.ExamResource      : REST request to add examregistrationtestinstructor1 as student to exam : 90
    23:43:39.028 | 363 ool-1-worker-127 | WARN  | o.z.p.spring.common.AdviceTraits     : Forbidden: You cannot register instructors or administrators to exams.

Finished logs for ExamRegistrationIntegrationTest
]]></system-out>
  <system-err><![CDATA[]]></system-err>
</testsuite>
