<?xml version="1.0" encoding="UTF-8"?>
<testsuite name="de.tum.cit.aet.artemis.communication.notification.NotificationResourceIntegrationTest" tests="9" skipped="0" failures="0" errors="0" timestamp="2025-02-14T23:44:11" hostname="fv-az1721-502" time="0.911">
  <properties/>
  <testcase name="testGetNotifications_groupNotificationTypeEvaluation_asEditor()" classname="de.tum.cit.aet.artemis.communication.notification.NotificationResourceIntegrationTest" time="0.114"/>
  <testcase name="testGetNotifications_courseEvaluation()" classname="de.tum.cit.aet.artemis.communication.notification.NotificationResourceIntegrationTest" time="0.136"/>
  <testcase name="testGetAllNotificationsForCurrentUser_hideUntilActivated()" classname="de.tum.cit.aet.artemis.communication.notification.NotificationResourceIntegrationTest" time="0.061"/>
  <testcase name="testGetNotifications_groupNotificationTypeEvaluation_asInstructor()" classname="de.tum.cit.aet.artemis.communication.notification.NotificationResourceIntegrationTest" time="0.075"/>
  <testcase name="testGetNotifications_groupNotificationTypeEvaluation_asTutor()" classname="de.tum.cit.aet.artemis.communication.notification.NotificationResourceIntegrationTest" time="0.111"/>
  <testcase name="testGetNotifications_groupNotificationTypeEvaluation_asStudent()" classname="de.tum.cit.aet.artemis.communication.notification.NotificationResourceIntegrationTest" time="0.111"/>
  <testcase name="testGetAllNotificationsForCurrentUser_hideUntilDeactivated()" classname="de.tum.cit.aet.artemis.communication.notification.NotificationResourceIntegrationTest" time="0.089"/>
  <testcase name="testGetAllNotificationsForCurrentUserFilteredBySettings()" classname="de.tum.cit.aet.artemis.communication.notification.NotificationResourceIntegrationTest" time="0.118"/>
  <testcase name="testGetNotifications_recipientEvaluation()" classname="de.tum.cit.aet.artemis.communication.notification.NotificationResourceIntegrationTest" time="0.071"/>
  <system-out><![CDATA[
Starting logs for NotificationResourceIntegrationTest

  Starting logs for NotificationResourceIntegrationTest > testGetNotifications_groupNotificationTypeEvaluation_asEditor()
    23:44:11.739 | 144 Pool-1-worker-59 | DEBUG | d.t.c.a.a.c.u.util.UserUtilService   : Generate 2 students...
    23:44:11.744 | 144 Pool-1-worker-59 | DEBUG | d.t.c.a.a.c.u.util.UserUtilService   : 2 students generated. Generate 1 tutors...
    23:44:11.748 | 144 Pool-1-worker-59 | DEBUG | d.t.c.a.a.c.u.util.UserUtilService   : 1 tutors generated. Generate 1 editors...
    23:44:11.751 | 144 Pool-1-worker-59 | DEBUG | d.t.c.a.a.c.u.util.UserUtilService   : 1 editors generated. Generate 1 instructors...
    23:44:11.755 | 144 Pool-1-worker-59 | DEBUG | d.t.c.a.a.c.u.util.UserUtilService   : 1 instructors generated
    23:44:11.759 | 144 Pool-1-worker-59 | DEBUG | d.t.c.a.a.c.u.util.UserUtilService   : Removing 2 users from all courses...
    23:44:11.761 | 144 Pool-1-worker-59 | DEBUG | d.t.c.a.a.c.u.util.UserUtilService   : Removing 2 users from all courses. Done
    23:44:11.761 | 144 Pool-1-worker-59 | DEBUG | d.t.c.a.a.c.u.util.UserUtilService   : Save 5 users to database...
    23:44:11.766 | 144 Pool-1-worker-59 | DEBUG | d.t.c.a.a.c.u.util.UserUtilService   : Save 5 users to database. Done
    23:44:11.789 | 144 Pool-1-worker-59 | INFO  | i.z.t.d.l.EmbeddedDatabaseReporter   : JDBC URL to connect to 'dataSource': url='jdbc:h2:tcp://localhost:41063/mem:df70fc46-7e57-4cb5-9cd0-c1d90c14afa7;USER=sa', scope='NotificationResourceIntegrationTest#testGetNotifications_groupNotificationTypeEvaluation_asEditor'
    23:44:11.795 | 144 Pool-1-worker-59 | DEBUG | d.t.c.a.a.c.s.f.ApiVersionFilter     : Adding Version to Request GET /api/notifications
    23:44:11.800 | 144 Pool-1-worker-59 | DEBUG | d.t.c.a.a.c.web.NotificationResource : REST request to get notifications page 0 with size 20 for current user notificationresourceeditor1 filtered by settings
    23:44:11.824 | 144 Pool-1-worker-59 | DEBUG | d.t.c.a.a.c.web.NotificationResource : Load notifications for user notificationresourceeditor1 done in 28.46ms

  Starting logs for NotificationResourceIntegrationTest > testGetNotifications_courseEvaluation()
    23:44:11.849 | 144 Pool-1-worker-59 | DEBUG | d.t.c.a.a.c.u.util.UserUtilService   : Generate 2 students...
    23:44:11.854 | 144 Pool-1-worker-59 | DEBUG | d.t.c.a.a.c.u.util.UserUtilService   : 2 students generated. Generate 1 tutors...
    23:44:11.857 | 144 Pool-1-worker-59 | DEBUG | d.t.c.a.a.c.u.util.UserUtilService   : 1 tutors generated. Generate 1 editors...
    23:44:11.860 | 144 Pool-1-worker-59 | DEBUG | d.t.c.a.a.c.u.util.UserUtilService   : 1 editors generated. Generate 1 instructors...
    23:44:11.863 | 144 Pool-1-worker-59 | DEBUG | d.t.c.a.a.c.u.util.UserUtilService   : 1 instructors generated
    23:44:11.865 | 144 Pool-1-worker-59 | DEBUG | d.t.c.a.a.c.u.util.UserUtilService   : Removing 5 users from all courses...
    23:44:11.866 | 144 Pool-1-worker-59 | DEBUG | d.t.c.a.a.c.u.util.UserUtilService   : Removing 5 users from all courses. Done
    23:44:11.866 | 144 Pool-1-worker-59 | DEBUG | d.t.c.a.a.c.u.util.UserUtilService   : Save 5 users to database...
    23:44:11.880 | 144 Pool-1-worker-59 | DEBUG | d.t.c.a.a.c.u.util.UserUtilService   : Save 5 users to database. Done
    23:44:11.889 | 144 Pool-1-worker-59 | INFO  | i.z.t.d.l.EmbeddedDatabaseReporter   : JDBC URL to connect to 'dataSource': url='jdbc:h2:tcp://localhost:41063/mem:df70fc46-7e57-4cb5-9cd0-c1d90c14afa7;USER=sa', scope='NotificationResourceIntegrationTest#testGetNotifications_courseEvaluation'
    23:44:11.947 | 144 Pool-1-worker-59 | DEBUG | d.t.c.a.a.c.s.f.ApiVersionFilter     : Adding Version to Request GET /api/notifications
    23:44:11.954 | 144 Pool-1-worker-59 | DEBUG | d.t.c.a.a.c.web.NotificationResource : REST request to get notifications page 0 with size 20 for current user notificationresourcestudent1 filtered by settings
    23:44:11.965 | 144 Pool-1-worker-59 | DEBUG | d.t.c.a.a.c.web.NotificationResource : Load notifications for user notificationresourcestudent1 done in 16.59ms

  Starting logs for NotificationResourceIntegrationTest > testGetAllNotificationsForCurrentUser_hideUntilActivated()
    23:44:11.988 | 144 Pool-1-worker-59 | DEBUG | d.t.c.a.a.c.u.util.UserUtilService   : Generate 2 students...
    23:44:11.992 | 144 Pool-1-worker-59 | DEBUG | d.t.c.a.a.c.u.util.UserUtilService   : 2 students generated. Generate 1 tutors...
    23:44:11.995 | 144 Pool-1-worker-59 | DEBUG | d.t.c.a.a.c.u.util.UserUtilService   : 1 tutors generated. Generate 1 editors...
    23:44:11.998 | 144 Pool-1-worker-59 | DEBUG | d.t.c.a.a.c.u.util.UserUtilService   : 1 editors generated. Generate 1 instructors...
    23:44:12.001 | 144 Pool-1-worker-59 | DEBUG | d.t.c.a.a.c.u.util.UserUtilService   : 1 instructors generated
    23:44:12.003 | 144 Pool-1-worker-59 | DEBUG | d.t.c.a.a.c.u.util.UserUtilService   : Removing 5 users from all courses...
    23:44:12.004 | 144 Pool-1-worker-59 | DEBUG | d.t.c.a.a.c.u.util.UserUtilService   : Removing 5 users from all courses. Done
    23:44:12.004 | 144 Pool-1-worker-59 | DEBUG | d.t.c.a.a.c.u.util.UserUtilService   : Save 5 users to database...
    23:44:12.009 | 144 Pool-1-worker-59 | DEBUG | d.t.c.a.a.c.u.util.UserUtilService   : Save 5 users to database. Done
    23:44:12.019 | 144 Pool-1-worker-59 | INFO  | i.z.t.d.l.EmbeddedDatabaseReporter   : JDBC URL to connect to 'dataSource': url='jdbc:h2:tcp://localhost:41063/mem:df70fc46-7e57-4cb5-9cd0-c1d90c14afa7;USER=sa', scope='NotificationResourceIntegrationTest#testGetAllNotificationsForCurrentUser_hideUntilActivated'
    23:44:12.023 | 144 Pool-1-worker-59 | DEBUG | d.t.c.a.a.c.s.f.ApiVersionFilter     : Adding Version to Request GET /api/notifications
    23:44:12.024 | 144 Pool-1-worker-59 | DEBUG | d.t.c.a.a.c.web.NotificationResource : REST request to get notifications page 0 with size 20 for current user notificationresourcestudent1 filtered by settings
    23:44:12.033 | 144 Pool-1-worker-59 | DEBUG | d.t.c.a.a.c.web.NotificationResource : Load notifications for user notificationresourcestudent1 done in 9.78ms

  Starting logs for NotificationResourceIntegrationTest > testGetNotifications_groupNotificationTypeEvaluation_asInstructor()
    23:44:12.051 | 144 Pool-1-worker-59 | DEBUG | d.t.c.a.a.c.u.util.UserUtilService   : Generate 2 students...
    23:44:12.055 | 144 Pool-1-worker-59 | DEBUG | d.t.c.a.a.c.u.util.UserUtilService   : 2 students generated. Generate 1 tutors...
    23:44:12.058 | 144 Pool-1-worker-59 | DEBUG | d.t.c.a.a.c.u.util.UserUtilService   : 1 tutors generated. Generate 1 editors...
    23:44:12.061 | 144 Pool-1-worker-59 | DEBUG | d.t.c.a.a.c.u.util.UserUtilService   : 1 editors generated. Generate 1 instructors...
    23:44:12.064 | 144 Pool-1-worker-59 | DEBUG | d.t.c.a.a.c.u.util.UserUtilService   : 1 instructors generated
    23:44:12.066 | 144 Pool-1-worker-59 | DEBUG | d.t.c.a.a.c.u.util.UserUtilService   : Removing 5 users from all courses...
    23:44:12.067 | 144 Pool-1-worker-59 | DEBUG | d.t.c.a.a.c.u.util.UserUtilService   : Removing 5 users from all courses. Done
    23:44:12.067 | 144 Pool-1-worker-59 | DEBUG | d.t.c.a.a.c.u.util.UserUtilService   : Save 5 users to database...
    23:44:12.071 | 144 Pool-1-worker-59 | DEBUG | d.t.c.a.a.c.u.util.UserUtilService   : Save 5 users to database. Done
    23:44:12.083 | 144 Pool-1-worker-59 | INFO  | i.z.t.d.l.EmbeddedDatabaseReporter   : JDBC URL to connect to 'dataSource': url='jdbc:h2:tcp://localhost:41063/mem:df70fc46-7e57-4cb5-9cd0-c1d90c14afa7;USER=sa', scope='NotificationResourceIntegrationTest#testGetNotifications_groupNotificationTypeEvaluation_asInstructor'
    23:44:12.085 | 144 Pool-1-worker-59 | DEBUG | d.t.c.a.a.c.s.f.ApiVersionFilter     : Adding Version to Request GET /api/notifications
    23:44:12.086 | 144 Pool-1-worker-59 | DEBUG | d.t.c.a.a.c.web.NotificationResource : REST request to get notifications page 0 with size 20 for current user notificationresourceinstructor1 filtered by settings
    23:44:12.104 | 144 Pool-1-worker-59 | DEBUG | d.t.c.a.a.c.web.NotificationResource : Load notifications for user notificationresourceinstructor1 done in 18.79ms

  Starting logs for NotificationResourceIntegrationTest > testGetNotifications_groupNotificationTypeEvaluation_asTutor()
    23:44:12.135 | 144 Pool-1-worker-59 | DEBUG | d.t.c.a.a.c.u.util.UserUtilService   : Generate 2 students...
    23:44:12.142 | 144 Pool-1-worker-59 | DEBUG | d.t.c.a.a.c.u.util.UserUtilService   : 2 students generated. Generate 1 tutors...
    23:44:12.147 | 144 Pool-1-worker-59 | DEBUG | d.t.c.a.a.c.u.util.UserUtilService   : 1 tutors generated. Generate 1 editors...
    23:44:12.153 | 144 Pool-1-worker-59 | DEBUG | d.t.c.a.a.c.u.util.UserUtilService   : 1 editors generated. Generate 1 instructors...
    23:44:12.159 | 144 Pool-1-worker-59 | DEBUG | d.t.c.a.a.c.u.util.UserUtilService   : 1 instructors generated
    23:44:12.161 | 144 Pool-1-worker-59 | DEBUG | d.t.c.a.a.c.u.util.UserUtilService   : Removing 5 users from all courses...
    23:44:12.162 | 144 Pool-1-worker-59 | DEBUG | d.t.c.a.a.c.u.util.UserUtilService   : Removing 5 users from all courses. Done
    23:44:12.162 | 144 Pool-1-worker-59 | DEBUG | d.t.c.a.a.c.u.util.UserUtilService   : Save 5 users to database...
    23:44:12.170 | 144 Pool-1-worker-59 | DEBUG | d.t.c.a.a.c.u.util.UserUtilService   : Save 5 users to database. Done
    23:44:12.188 | 144 Pool-1-worker-59 | INFO  | i.z.t.d.l.EmbeddedDatabaseReporter   : JDBC URL to connect to 'dataSource': url='jdbc:h2:tcp://localhost:41063/mem:df70fc46-7e57-4cb5-9cd0-c1d90c14afa7;USER=sa', scope='NotificationResourceIntegrationTest#testGetNotifications_groupNotificationTypeEvaluation_asTutor'
    23:44:12.193 | 144 Pool-1-worker-59 | DEBUG | d.t.c.a.a.c.s.f.ApiVersionFilter     : Adding Version to Request GET /api/notifications
    23:44:12.195 | 144 Pool-1-worker-59 | DEBUG | d.t.c.a.a.c.web.NotificationResource : REST request to get notifications page 0 with size 20 for current user notificationresourcetutor1 filtered by settings
    23:44:12.213 | 144 Pool-1-worker-59 | DEBUG | d.t.c.a.a.c.web.NotificationResource : Load notifications for user notificationresourcetutor1 done in 19.19ms

  Starting logs for NotificationResourceIntegrationTest > testGetNotifications_groupNotificationTypeEvaluation_asStudent()
    23:44:12.251 | 144 Pool-1-worker-59 | DEBUG | d.t.c.a.a.c.u.util.UserUtilService   : Generate 2 students...
    23:44:12.263 | 144 Pool-1-worker-59 | DEBUG | d.t.c.a.a.c.u.util.UserUtilService   : 2 students generated. Generate 1 tutors...
    23:44:12.267 | 144 Pool-1-worker-59 | DEBUG | d.t.c.a.a.c.u.util.UserUtilService   : 1 tutors generated. Generate 1 editors...
    23:44:12.269 | 144 Pool-1-worker-59 | DEBUG | d.t.c.a.a.c.u.util.UserUtilService   : 1 editors generated. Generate 1 instructors...
    23:44:12.277 | 144 Pool-1-worker-59 | DEBUG | d.t.c.a.a.c.u.util.UserUtilService   : 1 instructors generated
    23:44:12.282 | 144 Pool-1-worker-59 | DEBUG | d.t.c.a.a.c.u.util.UserUtilService   : Removing 5 users from all courses...
    23:44:12.283 | 144 Pool-1-worker-59 | DEBUG | d.t.c.a.a.c.u.util.UserUtilService   : Removing 5 users from all courses. Done
    23:44:12.283 | 144 Pool-1-worker-59 | DEBUG | d.t.c.a.a.c.u.util.UserUtilService   : Save 5 users to database...
    23:44:12.296 | 144 Pool-1-worker-59 | DEBUG | d.t.c.a.a.c.u.util.UserUtilService   : Save 5 users to database. Done
    23:44:12.310 | 144 Pool-1-worker-59 | INFO  | i.z.t.d.l.EmbeddedDatabaseReporter   : JDBC URL to connect to 'dataSource': url='jdbc:h2:tcp://localhost:41063/mem:df70fc46-7e57-4cb5-9cd0-c1d90c14afa7;USER=sa', scope='NotificationResourceIntegrationTest#testGetNotifications_groupNotificationTypeEvaluation_asStudent'
    23:44:12.314 | 144 Pool-1-worker-59 | DEBUG | d.t.c.a.a.c.s.f.ApiVersionFilter     : Adding Version to Request GET /api/notifications
    23:44:12.317 | 144 Pool-1-worker-59 | DEBUG | d.t.c.a.a.c.web.NotificationResource : REST request to get notifications page 0 with size 20 for current user notificationresourcestudent1 filtered by settings
    23:44:12.334 | 144 Pool-1-worker-59 | DEBUG | d.t.c.a.a.c.web.NotificationResource : Load notifications for user notificationresourcestudent1 done in 19.11ms

  Starting logs for NotificationResourceIntegrationTest > testGetAllNotificationsForCurrentUser_hideUntilDeactivated()
    23:44:12.362 | 144 Pool-1-worker-59 | DEBUG | d.t.c.a.a.c.u.util.UserUtilService   : Generate 2 students...
    23:44:12.372 | 144 Pool-1-worker-59 | DEBUG | d.t.c.a.a.c.u.util.UserUtilService   : 2 students generated. Generate 1 tutors...
    23:44:12.378 | 144 Pool-1-worker-59 | DEBUG | d.t.c.a.a.c.u.util.UserUtilService   : 1 tutors generated. Generate 1 editors...
    23:44:12.383 | 144 Pool-1-worker-59 | DEBUG | d.t.c.a.a.c.u.util.UserUtilService   : 1 editors generated. Generate 1 instructors...
    23:44:12.388 | 144 Pool-1-worker-59 | DEBUG | d.t.c.a.a.c.u.util.UserUtilService   : 1 instructors generated
    23:44:12.393 | 144 Pool-1-worker-59 | DEBUG | d.t.c.a.a.c.u.util.UserUtilService   : Removing 5 users from all courses...
    23:44:12.394 | 144 Pool-1-worker-59 | DEBUG | d.t.c.a.a.c.u.util.UserUtilService   : Removing 5 users from all courses. Done
    23:44:12.394 | 144 Pool-1-worker-59 | DEBUG | d.t.c.a.a.c.u.util.UserUtilService   : Save 5 users to database...
    23:44:12.401 | 144 Pool-1-worker-59 | DEBUG | d.t.c.a.a.c.u.util.UserUtilService   : Save 5 users to database. Done
    23:44:12.410 | 144 Pool-1-worker-59 | INFO  | i.z.t.d.l.EmbeddedDatabaseReporter   : JDBC URL to connect to 'dataSource': url='jdbc:h2:tcp://localhost:41063/mem:df70fc46-7e57-4cb5-9cd0-c1d90c14afa7;USER=sa', scope='NotificationResourceIntegrationTest#testGetAllNotificationsForCurrentUser_hideUntilDeactivated'
    23:44:12.412 | 144 Pool-1-worker-59 | DEBUG | d.t.c.a.a.c.s.f.ApiVersionFilter     : Adding Version to Request GET /api/notifications
    23:44:12.413 | 144 Pool-1-worker-59 | DEBUG | d.t.c.a.a.c.web.NotificationResource : REST request to get notifications page 0 with size 20 for current user notificationresourcestudent1 filtered by settings
    23:44:12.424 | 144 Pool-1-worker-59 | DEBUG | d.t.c.a.a.c.web.NotificationResource : Load notifications for user notificationresourcestudent1 done in 11.48ms

  Starting logs for NotificationResourceIntegrationTest > testGetAllNotificationsForCurrentUserFilteredBySettings()
    23:44:12.468 | 144 Pool-1-worker-59 | DEBUG | d.t.c.a.a.c.u.util.UserUtilService   : Generate 2 students...
    23:44:12.478 | 144 Pool-1-worker-59 | DEBUG | d.t.c.a.a.c.u.util.UserUtilService   : 2 students generated. Generate 1 tutors...
    23:44:12.482 | 144 Pool-1-worker-59 | DEBUG | d.t.c.a.a.c.u.util.UserUtilService   : 1 tutors generated. Generate 1 editors...
    23:44:12.488 | 144 Pool-1-worker-59 | DEBUG | d.t.c.a.a.c.u.util.UserUtilService   : 1 editors generated. Generate 1 instructors...
    23:44:12.494 | 144 Pool-1-worker-59 | DEBUG | d.t.c.a.a.c.u.util.UserUtilService   : 1 instructors generated
    23:44:12.499 | 144 Pool-1-worker-59 | DEBUG | d.t.c.a.a.c.u.util.UserUtilService   : Removing 5 users from all courses...
    23:44:12.500 | 144 Pool-1-worker-59 | DEBUG | d.t.c.a.a.c.u.util.UserUtilService   : Removing 5 users from all courses. Done
    23:44:12.500 | 144 Pool-1-worker-59 | DEBUG | d.t.c.a.a.c.u.util.UserUtilService   : Save 5 users to database...
    23:44:12.509 | 144 Pool-1-worker-59 | DEBUG | d.t.c.a.a.c.u.util.UserUtilService   : Save 5 users to database. Done
    23:44:12.526 | 144 Pool-1-worker-59 | INFO  | i.z.t.d.l.EmbeddedDatabaseReporter   : JDBC URL to connect to 'dataSource': url='jdbc:h2:tcp://localhost:41063/mem:df70fc46-7e57-4cb5-9cd0-c1d90c14afa7;USER=sa', scope='NotificationResourceIntegrationTest#testGetAllNotificationsForCurrentUserFilteredBySettings'
    23:44:12.532 | 144 Pool-1-worker-59 | DEBUG | d.t.c.a.a.c.s.f.ApiVersionFilter     : Adding Version to Request GET /api/notifications
    23:44:12.534 | 144 Pool-1-worker-59 | DEBUG | d.t.c.a.a.c.web.NotificationResource : REST request to get notifications page 0 with size 20 for current user notificationresourcestudent1 filtered by settings
    23:44:12.551 | 144 Pool-1-worker-59 | DEBUG | d.t.c.a.a.c.web.NotificationResource : Load notifications for user notificationresourcestudent1 done in 18.40ms

  Starting logs for NotificationResourceIntegrationTest > testGetNotifications_recipientEvaluation()
    23:44:12.571 | 144 Pool-1-worker-59 | DEBUG | d.t.c.a.a.c.u.util.UserUtilService   : Generate 2 students...
    23:44:12.579 | 144 Pool-1-worker-59 | DEBUG | d.t.c.a.a.c.u.util.UserUtilService   : 2 students generated. Generate 1 tutors...
    23:44:12.581 | 144 Pool-1-worker-59 | DEBUG | d.t.c.a.a.c.u.util.UserUtilService   : 1 tutors generated. Generate 1 editors...
    23:44:12.584 | 144 Pool-1-worker-59 | DEBUG | d.t.c.a.a.c.u.util.UserUtilService   : 1 editors generated. Generate 1 instructors...
    23:44:12.587 | 144 Pool-1-worker-59 | DEBUG | d.t.c.a.a.c.u.util.UserUtilService   : 1 instructors generated
    23:44:12.588 | 144 Pool-1-worker-59 | DEBUG | d.t.c.a.a.c.u.util.UserUtilService   : Removing 5 users from all courses...
    23:44:12.590 | 144 Pool-1-worker-59 | DEBUG | d.t.c.a.a.c.u.util.UserUtilService   : Removing 5 users from all courses. Done
    23:44:12.590 | 144 Pool-1-worker-59 | DEBUG | d.t.c.a.a.c.u.util.UserUtilService   : Save 5 users to database...
    23:44:12.594 | 144 Pool-1-worker-59 | DEBUG | d.t.c.a.a.c.u.util.UserUtilService   : Save 5 users to database. Done
    23:44:12.602 | 144 Pool-1-worker-59 | INFO  | i.z.t.d.l.EmbeddedDatabaseReporter   : JDBC URL to connect to 'dataSource': url='jdbc:h2:tcp://localhost:41063/mem:df70fc46-7e57-4cb5-9cd0-c1d90c14afa7;USER=sa', scope='NotificationResourceIntegrationTest#testGetNotifications_recipientEvaluation'
    23:44:12.605 | 144 Pool-1-worker-59 | DEBUG | d.t.c.a.a.c.s.f.ApiVersionFilter     : Adding Version to Request GET /api/notifications
    23:44:12.606 | 144 Pool-1-worker-59 | DEBUG | d.t.c.a.a.c.web.NotificationResource : REST request to get notifications page 0 with size 20 for current user notificationresourcestudent1 filtered by settings
    23:44:12.614 | 144 Pool-1-worker-59 | DEBUG | d.t.c.a.a.c.web.NotificationResource : Load notifications for user notificationresourcestudent1 done in 8.89ms

Finished logs for NotificationResourceIntegrationTest
]]></system-out>
  <system-err><![CDATA[]]></system-err>
</testsuite>
