<?xml version="1.0" encoding="UTF-8"?>
<testsuite name="de.tum.cit.aet.artemis.programming.ProgrammingExerciseParticipationIntegrationTest$GetCommitHistoryForTemplateSolutionTestOrAuxRepo" tests="6" skipped="0" failures="0" errors="0" timestamp="2025-02-14T23:47:55" hostname="fv-az1721-502" time="0.702">
  <properties/>
  <testcase name="shouldGetListForSolutionRepository()" classname="de.tum.cit.aet.artemis.programming.ProgrammingExerciseParticipationIntegrationTest$GetCommitHistoryForTemplateSolutionTestOrAuxRepo" time="0.123"/>
  <testcase name="shouldGetListForTemplateRepository()" classname="de.tum.cit.aet.artemis.programming.ProgrammingExerciseParticipationIntegrationTest$GetCommitHistoryForTemplateSolutionTestOrAuxRepo" time="0.114"/>
  <testcase name="shouldReturnBadRequestForInvalidRepositoryType()" classname="de.tum.cit.aet.artemis.programming.ProgrammingExerciseParticipationIntegrationTest$GetCommitHistoryForTemplateSolutionTestOrAuxRepo" time="0.111"/>
  <testcase name="shouldGetListForTestsRepository()" classname="de.tum.cit.aet.artemis.programming.ProgrammingExerciseParticipationIntegrationTest$GetCommitHistoryForTemplateSolutionTestOrAuxRepo" time="0.107"/>
  <testcase name="shouldThrowWithInvalidAuxiliaryRepositoryId()" classname="de.tum.cit.aet.artemis.programming.ProgrammingExerciseParticipationIntegrationTest$GetCommitHistoryForTemplateSolutionTestOrAuxRepo" time="0.111"/>
  <testcase name="shouldGetListForAuxiliaryRepository()" classname="de.tum.cit.aet.artemis.programming.ProgrammingExerciseParticipationIntegrationTest$GetCommitHistoryForTemplateSolutionTestOrAuxRepo" time="0.124"/>
  <system-out><![CDATA[[INFO] 
[INFO] -------------------------------------------------------
[INFO]  T E S T S
[INFO] -------------------------------------------------------
[INFO] Running de.test.ConstructorTest

Starting logs for GetCommitHistoryForTemplateSolutionTestOrAuxRepo

  Starting logs for GetCommitHistoryForTemplateSolutionTestOrAuxRepo > shouldGetListForSolutionRepository()
    23:47:55.164 | 454 ool-1-worker-218 | DEBUG | d.t.c.a.a.c.u.util.UserUtilService   : Generate 4 students...
    23:47:55.170 | 454 ool-1-worker-218 | DEBUG | d.t.c.a.a.c.u.util.UserUtilService   : 4 students generated. Generate 2 tutors...
    23:47:55.174 | 454 ool-1-worker-218 | DEBUG | d.t.c.a.a.c.u.util.UserUtilService   : 2 tutors generated. Generate 0 editors...
    23:47:55.177 | 454 ool-1-worker-218 | DEBUG | d.t.c.a.a.c.u.util.UserUtilService   : 0 editors generated. Generate 2 instructors...
    23:47:55.181 | 454 ool-1-worker-218 | DEBUG | d.t.c.a.a.c.u.util.UserUtilService   : 2 instructors generated
    23:47:55.183 | 454 ool-1-worker-218 | DEBUG | d.t.c.a.a.c.u.util.UserUtilService   : Removing 8 users from all courses...
    23:47:55.185 | 454 ool-1-worker-218 | DEBUG | d.t.c.a.a.c.u.util.UserUtilService   : Removing 8 users from all courses. Done
    23:47:55.185 | 454 ool-1-worker-218 | DEBUG | d.t.c.a.a.c.u.util.UserUtilService   : Save 8 users to database...
    23:47:55.190 | 454 ool-1-worker-218 | DEBUG | d.t.c.a.a.c.u.util.UserUtilService   : Save 8 users to database. Done
    23:47:55.214 | 454 ool-1-worker-218 | DEBUG | d.t.c.a.a.c.u.util.UserUtilService   : Generate 4 students...
    23:47:55.220 | 454 ool-1-worker-218 | DEBUG | d.t.c.a.a.c.u.util.UserUtilService   : 4 students generated. Generate 2 tutors...
    23:47:55.224 | 454 ool-1-worker-218 | DEBUG | d.t.c.a.a.c.u.util.UserUtilService   : 2 tutors generated. Generate 0 editors...
    23:47:55.225 | 454 ool-1-worker-218 | DEBUG | d.t.c.a.a.c.u.util.UserUtilService   : 0 editors generated. Generate 2 instructors...
    23:47:55.229 | 454 ool-1-worker-218 | DEBUG | d.t.c.a.a.c.u.util.UserUtilService   : 2 instructors generated
    23:47:55.231 | 454 ool-1-worker-218 | DEBUG | d.t.c.a.a.c.u.util.UserUtilService   : Removing 8 users from all courses...
    23:47:55.233 | 454 ool-1-worker-218 | DEBUG | d.t.c.a.a.c.u.util.UserUtilService   : Removing 8 users from all courses. Done
    23:47:55.233 | 454 ool-1-worker-218 | DEBUG | d.t.c.a.a.c.u.util.UserUtilService   : Save 8 users to database...
    23:47:55.238 | 454 ool-1-worker-218 | DEBUG | d.t.c.a.a.c.u.util.UserUtilService   : Save 8 users to database. Done
    23:47:55.261 | 454 ool-1-worker-218 | INFO  | i.z.t.d.l.EmbeddedDatabaseReporter   : JDBC URL to connect to 'dataSource': url='jdbc:h2:tcp://localhost:41063/mem:df70fc46-7e57-4cb5-9cd0-c1d90c14afa7;USER=sa', scope='GetCommitHistoryForTemplateSolutionTestOrAuxRepo#shouldGetListForSolutionRepository'
    23:47:55.263 | 454 ool-1-worker-218 | DEBUG | d.t.c.a.a.c.s.f.ApiVersionFilter     : Adding Version to Request GET /api/programming-exercise/3586/commit-history/SOLUTION
    23:47:55.272 | 454 ool-1-worker-218 | ERROR | grammingExerciseParticipationService : Could not get commit infos for participation 3157 with repository uri https://version-control.fake.fake/git/SHORTC6A0320B0271A042700938702030825AFE07TSTEXC/shortc6a0320b0271a042700938702030825afe07tstexc-solution.git

  Starting logs for GetCommitHistoryForTemplateSolutionTestOrAuxRepo > shouldGetListForTemplateRepository()
    23:47:55.290 | 454 ool-1-worker-218 | DEBUG | d.t.c.a.a.c.u.util.UserUtilService   : Generate 4 students...
    23:47:55.297 | 454 ool-1-worker-218 | DEBUG | d.t.c.a.a.c.u.util.UserUtilService   : 4 students generated. Generate 2 tutors...
    23:47:55.301 | 454 ool-1-worker-218 | DEBUG | d.t.c.a.a.c.u.util.UserUtilService   : 2 tutors generated. Generate 0 editors...
    23:47:55.302 | 454 ool-1-worker-218 | DEBUG | d.t.c.a.a.c.u.util.UserUtilService   : 0 editors generated. Generate 2 instructors...
    23:47:55.309 | 454 ool-1-worker-218 | DEBUG | d.t.c.a.a.c.u.util.UserUtilService   : 2 instructors generated
    23:47:55.311 | 454 ool-1-worker-218 | DEBUG | d.t.c.a.a.c.u.util.UserUtilService   : Removing 8 users from all courses...
    23:47:55.312 | 454 ool-1-worker-218 | DEBUG | d.t.c.a.a.c.u.util.UserUtilService   : Removing 8 users from all courses. Done
    23:47:55.312 | 454 ool-1-worker-218 | DEBUG | d.t.c.a.a.c.u.util.UserUtilService   : Save 8 users to database...
    23:47:55.316 | 454 ool-1-worker-218 | DEBUG | d.t.c.a.a.c.u.util.UserUtilService   : Save 8 users to database. Done
    23:47:55.337 | 454 ool-1-worker-218 | DEBUG | d.t.c.a.a.c.u.util.UserUtilService   : Generate 4 students...
    23:47:55.343 | 454 ool-1-worker-218 | DEBUG | d.t.c.a.a.c.u.util.UserUtilService   : 4 students generated. Generate 2 tutors...
    23:47:55.346 | 454 ool-1-worker-218 | DEBUG | d.t.c.a.a.c.u.util.UserUtilService   : 2 tutors generated. Generate 0 editors...
    23:47:55.347 | 454 ool-1-worker-218 | DEBUG | d.t.c.a.a.c.u.util.UserUtilService   : 0 editors generated. Generate 2 instructors...
    23:47:55.350 | 454 ool-1-worker-218 | DEBUG | d.t.c.a.a.c.u.util.UserUtilService   : 2 instructors generated
    23:47:55.352 | 454 ool-1-worker-218 | DEBUG | d.t.c.a.a.c.u.util.UserUtilService   : Removing 8 users from all courses...
    23:47:55.354 | 454 ool-1-worker-218 | DEBUG | d.t.c.a.a.c.u.util.UserUtilService   : Removing 8 users from all courses. Done
    23:47:55.354 | 454 ool-1-worker-218 | DEBUG | d.t.c.a.a.c.u.util.UserUtilService   : Save 8 users to database...
    23:47:55.358 | 454 ool-1-worker-218 | DEBUG | d.t.c.a.a.c.u.util.UserUtilService   : Save 8 users to database. Done
    23:47:55.380 | 454 ool-1-worker-218 | INFO  | i.z.t.d.l.EmbeddedDatabaseReporter   : JDBC URL to connect to 'dataSource': url='jdbc:h2:tcp://localhost:41063/mem:df70fc46-7e57-4cb5-9cd0-c1d90c14afa7;USER=sa', scope='GetCommitHistoryForTemplateSolutionTestOrAuxRepo#shouldGetListForTemplateRepository'
    23:47:55.381 | 454 ool-1-worker-218 | DEBUG | d.t.c.a.a.c.s.f.ApiVersionFilter     : Adding Version to Request GET /api/programming-exercise/3588/commit-history/TEMPLATE
    23:47:55.390 | 454 ool-1-worker-218 | ERROR | grammingExerciseParticipationService : Could not get commit infos for participation 3162 with repository uri https://version-control.fake.fake/git/SHORTC1FA9AA40A35A042B90A7DF06D7A1BB44CB2TSTEXC/shortc1fa9aa40a35a042b90a7df06d7a1bb44cb2tstexc-exercise.git

  Starting logs for GetCommitHistoryForTemplateSolutionTestOrAuxRepo > shouldReturnBadRequestForInvalidRepositoryType()
    23:47:55.405 | 454 ool-1-worker-218 | DEBUG | d.t.c.a.a.c.u.util.UserUtilService   : Generate 4 students...
    23:47:55.412 | 454 ool-1-worker-218 | DEBUG | d.t.c.a.a.c.u.util.UserUtilService   : 4 students generated. Generate 2 tutors...
    23:47:55.416 | 454 ool-1-worker-218 | DEBUG | d.t.c.a.a.c.u.util.UserUtilService   : 2 tutors generated. Generate 0 editors...
    23:47:55.417 | 454 ool-1-worker-218 | DEBUG | d.t.c.a.a.c.u.util.UserUtilService   : 0 editors generated. Generate 2 instructors...
    23:47:55.421 | 454 ool-1-worker-218 | DEBUG | d.t.c.a.a.c.u.util.UserUtilService   : 2 instructors generated
    23:47:55.423 | 454 ool-1-worker-218 | DEBUG | d.t.c.a.a.c.u.util.UserUtilService   : Removing 8 users from all courses...
    23:47:55.424 | 454 ool-1-worker-218 | DEBUG | d.t.c.a.a.c.u.util.UserUtilService   : Removing 8 users from all courses. Done
    23:47:55.424 | 454 ool-1-worker-218 | DEBUG | d.t.c.a.a.c.u.util.UserUtilService   : Save 8 users to database...
    23:47:55.428 | 454 ool-1-worker-218 | DEBUG | d.t.c.a.a.c.u.util.UserUtilService   : Save 8 users to database. Done
    23:47:55.450 | 454 ool-1-worker-218 | DEBUG | d.t.c.a.a.c.u.util.UserUtilService   : Generate 4 students...
    23:47:55.457 | 454 ool-1-worker-218 | DEBUG | d.t.c.a.a.c.u.util.UserUtilService   : 4 students generated. Generate 2 tutors...
    23:47:55.461 | 454 ool-1-worker-218 | DEBUG | d.t.c.a.a.c.u.util.UserUtilService   : 2 tutors generated. Generate 0 editors...
    23:47:55.462 | 454 ool-1-worker-218 | DEBUG | d.t.c.a.a.c.u.util.UserUtilService   : 0 editors generated. Generate 2 instructors...
    23:47:55.466 | 454 ool-1-worker-218 | DEBUG | d.t.c.a.a.c.u.util.UserUtilService   : 2 instructors generated
    23:47:55.469 | 454 ool-1-worker-218 | DEBUG | d.t.c.a.a.c.u.util.UserUtilService   : Removing 8 users from all courses...
    23:47:55.470 | 454 ool-1-worker-218 | DEBUG | d.t.c.a.a.c.u.util.UserUtilService   : Removing 8 users from all courses. Done
    23:47:55.470 | 454 ool-1-worker-218 | DEBUG | d.t.c.a.a.c.u.util.UserUtilService   : Save 8 users to database...
    23:47:55.477 | 454 ool-1-worker-218 | DEBUG | d.t.c.a.a.c.u.util.UserUtilService   : Save 8 users to database. Done
    23:47:55.501 | 454 ool-1-worker-218 | INFO  | i.z.t.d.l.EmbeddedDatabaseReporter   : JDBC URL to connect to 'dataSource': url='jdbc:h2:tcp://localhost:41063/mem:df70fc46-7e57-4cb5-9cd0-c1d90c14afa7;USER=sa', scope='GetCommitHistoryForTemplateSolutionTestOrAuxRepo#shouldReturnBadRequestForInvalidRepositoryType'
    23:47:55.502 | 454 ool-1-worker-218 | DEBUG | d.t.c.a.a.c.s.f.ApiVersionFilter     : Adding Version to Request GET /api/programming-exercise/3590/commit-history/INVALIDTYPE
    23:47:55.504 | 454 ool-1-worker-218 | WARN  | o.z.p.spring.common.AdviceTraits     : Bad Request: Method parameter 'repositoryType': Failed to convert value of type 'java.lang.String' to required type 'de.tum.cit.aet.artemis.programming.domain.RepositoryType'; Failed to convert from type [java.lang.String] to type [@org.springframework.web.bind.annotation.PathVariable de.tum.cit.aet.artemis.programming.domain.RepositoryType] for value [INVALIDTYPE]

  Starting logs for GetCommitHistoryForTemplateSolutionTestOrAuxRepo > shouldGetListForTestsRepository()
    23:47:55.519 | 454 ool-1-worker-218 | DEBUG | d.t.c.a.a.c.u.util.UserUtilService   : Generate 4 students...
    23:47:55.526 | 454 ool-1-worker-218 | DEBUG | d.t.c.a.a.c.u.util.UserUtilService   : 4 students generated. Generate 2 tutors...
    23:47:55.530 | 454 ool-1-worker-218 | DEBUG | d.t.c.a.a.c.u.util.UserUtilService   : 2 tutors generated. Generate 0 editors...
    23:47:55.532 | 454 ool-1-worker-218 | DEBUG | d.t.c.a.a.c.u.util.UserUtilService   : 0 editors generated. Generate 2 instructors...
    23:47:55.536 | 454 ool-1-worker-218 | DEBUG | d.t.c.a.a.c.u.util.UserUtilService   : 2 instructors generated
    23:47:55.538 | 454 ool-1-worker-218 | DEBUG | d.t.c.a.a.c.u.util.UserUtilService   : Removing 8 users from all courses...
    23:47:55.539 | 454 ool-1-worker-218 | DEBUG | d.t.c.a.a.c.u.util.UserUtilService   : Removing 8 users from all courses. Done
    23:47:55.539 | 454 ool-1-worker-218 | DEBUG | d.t.c.a.a.c.u.util.UserUtilService   : Save 8 users to database...
    23:47:55.545 | 454 ool-1-worker-218 | DEBUG | d.t.c.a.a.c.u.util.UserUtilService   : Save 8 users to database. Done
    23:47:55.568 | 454 ool-1-worker-218 | DEBUG | d.t.c.a.a.c.u.util.UserUtilService   : Generate 4 students...
    23:47:55.573 | 454 ool-1-worker-218 | DEBUG | d.t.c.a.a.c.u.util.UserUtilService   : 4 students generated. Generate 2 tutors...
    23:47:55.577 | 454 ool-1-worker-218 | DEBUG | d.t.c.a.a.c.u.util.UserUtilService   : 2 tutors generated. Generate 0 editors...
    23:47:55.578 | 454 ool-1-worker-218 | DEBUG | d.t.c.a.a.c.u.util.UserUtilService   : 0 editors generated. Generate 2 instructors...
    23:47:55.581 | 454 ool-1-worker-218 | DEBUG | d.t.c.a.a.c.u.util.UserUtilService   : 2 instructors generated
    23:47:55.583 | 454 ool-1-worker-218 | DEBUG | d.t.c.a.a.c.u.util.UserUtilService   : Removing 8 users from all courses...
    23:47:55.584 | 454 ool-1-worker-218 | DEBUG | d.t.c.a.a.c.u.util.UserUtilService   : Removing 8 users from all courses. Done
    23:47:55.584 | 454 ool-1-worker-218 | DEBUG | d.t.c.a.a.c.u.util.UserUtilService   : Save 8 users to database...
    23:47:55.589 | 454 ool-1-worker-218 | DEBUG | d.t.c.a.a.c.u.util.UserUtilService   : Save 8 users to database. Done
    23:47:55.608 | 454 ool-1-worker-218 | INFO  | i.z.t.d.l.EmbeddedDatabaseReporter   : JDBC URL to connect to 'dataSource': url='jdbc:h2:tcp://localhost:41063/mem:df70fc46-7e57-4cb5-9cd0-c1d90c14afa7;USER=sa', scope='GetCommitHistoryForTemplateSolutionTestOrAuxRepo#shouldGetListForTestsRepository'
    23:47:55.609 | 454 ool-1-worker-218 | DEBUG | d.t.c.a.a.c.s.f.ApiVersionFilter     : Adding Version to Request GET /api/programming-exercise/3592/commit-history/TESTS
    23:47:55.615 | 454 ool-1-worker-218 | ERROR | grammingExerciseParticipationService : Could not get commit infos for test repository with participation id 3169

  Starting logs for GetCommitHistoryForTemplateSolutionTestOrAuxRepo > shouldThrowWithInvalidAuxiliaryRepositoryId()
    23:47:55.626 | 454 ool-1-worker-218 | DEBUG | d.t.c.a.a.c.u.util.UserUtilService   : Generate 4 students...
    23:47:55.632 | 454 ool-1-worker-218 | DEBUG | d.t.c.a.a.c.u.util.UserUtilService   : 4 students generated. Generate 2 tutors...
    23:47:55.636 | 454 ool-1-worker-218 | DEBUG | d.t.c.a.a.c.u.util.UserUtilService   : 2 tutors generated. Generate 0 editors...
    23:47:55.637 | 454 ool-1-worker-218 | DEBUG | d.t.c.a.a.c.u.util.UserUtilService   : 0 editors generated. Generate 2 instructors...
    23:47:55.641 | 454 ool-1-worker-218 | DEBUG | d.t.c.a.a.c.u.util.UserUtilService   : 2 instructors generated
    23:47:55.644 | 454 ool-1-worker-218 | DEBUG | d.t.c.a.a.c.u.util.UserUtilService   : Removing 8 users from all courses...
    23:47:55.645 | 454 ool-1-worker-218 | DEBUG | d.t.c.a.a.c.u.util.UserUtilService   : Removing 8 users from all courses. Done
    23:47:55.645 | 454 ool-1-worker-218 | DEBUG | d.t.c.a.a.c.u.util.UserUtilService   : Save 8 users to database...
    23:47:55.650 | 454 ool-1-worker-218 | DEBUG | d.t.c.a.a.c.u.util.UserUtilService   : Save 8 users to database. Done
    23:47:55.671 | 454 ool-1-worker-218 | DEBUG | d.t.c.a.a.c.u.util.UserUtilService   : Generate 4 students...
    23:47:55.677 | 454 ool-1-worker-218 | DEBUG | d.t.c.a.a.c.u.util.UserUtilService   : 4 students generated. Generate 2 tutors...
    23:47:55.680 | 454 ool-1-worker-218 | DEBUG | d.t.c.a.a.c.u.util.UserUtilService   : 2 tutors generated. Generate 0 editors...
    23:47:55.681 | 454 ool-1-worker-218 | DEBUG | d.t.c.a.a.c.u.util.UserUtilService   : 0 editors generated. Generate 2 instructors...
    23:47:55.685 | 454 ool-1-worker-218 | DEBUG | d.t.c.a.a.c.u.util.UserUtilService   : 2 instructors generated
    23:47:55.687 | 454 ool-1-worker-218 | DEBUG | d.t.c.a.a.c.u.util.UserUtilService   : Removing 8 users from all courses...
    23:47:55.688 | 454 ool-1-worker-218 | DEBUG | d.t.c.a.a.c.u.util.UserUtilService   : Removing 8 users from all courses. Done
    23:47:55.688 | 454 ool-1-worker-218 | DEBUG | d.t.c.a.a.c.u.util.UserUtilService   : Save 8 users to database...
    23:47:55.694 | 454 ool-1-worker-218 | DEBUG | d.t.c.a.a.c.u.util.UserUtilService   : Save 8 users to database. Done
    23:47:55.717 | 454 ool-1-worker-218 | INFO  | i.z.t.d.l.EmbeddedDatabaseReporter   : JDBC URL to connect to 'dataSource': url='jdbc:h2:tcp://localhost:41063/mem:df70fc46-7e57-4cb5-9cd0-c1d90c14afa7;USER=sa', scope='GetCommitHistoryForTemplateSolutionTestOrAuxRepo#shouldThrowWithInvalidAuxiliaryRepositoryId'
    23:47:55.718 | 454 ool-1-worker-218 | DEBUG | d.t.c.a.a.c.s.f.ApiVersionFilter     : Adding Version to Request GET /api/programming-exercise/3594/commit-history/AUXILIARY
    23:47:55.727 | 454 ool-1-worker-218 | WARN  | o.z.p.spring.common.AdviceTraits     : Not Found: AuxiliaryRepository with identifier: "128" does not exist

  Starting logs for GetCommitHistoryForTemplateSolutionTestOrAuxRepo > shouldGetListForAuxiliaryRepository()
    23:47:55.740 | 454 ool-1-worker-218 | DEBUG | d.t.c.a.a.c.u.util.UserUtilService   : Generate 4 students...
    23:47:55.746 | 454 ool-1-worker-218 | DEBUG | d.t.c.a.a.c.u.util.UserUtilService   : 4 students generated. Generate 2 tutors...
    23:47:55.750 | 454 ool-1-worker-218 | DEBUG | d.t.c.a.a.c.u.util.UserUtilService   : 2 tutors generated. Generate 0 editors...
    23:47:55.751 | 454 ool-1-worker-218 | DEBUG | d.t.c.a.a.c.u.util.UserUtilService   : 0 editors generated. Generate 2 instructors...
    23:47:55.755 | 454 ool-1-worker-218 | DEBUG | d.t.c.a.a.c.u.util.UserUtilService   : 2 instructors generated
    23:47:55.757 | 454 ool-1-worker-218 | DEBUG | d.t.c.a.a.c.u.util.UserUtilService   : Removing 8 users from all courses...
    23:47:55.758 | 454 ool-1-worker-218 | DEBUG | d.t.c.a.a.c.u.util.UserUtilService   : Removing 8 users from all courses. Done
    23:47:55.758 | 454 ool-1-worker-218 | DEBUG | d.t.c.a.a.c.u.util.UserUtilService   : Save 8 users to database...
    23:47:55.763 | 454 ool-1-worker-218 | DEBUG | d.t.c.a.a.c.u.util.UserUtilService   : Save 8 users to database. Done
    23:47:55.785 | 454 ool-1-worker-218 | DEBUG | d.t.c.a.a.c.u.util.UserUtilService   : Generate 4 students...
    23:47:55.792 | 454 ool-1-worker-218 | DEBUG | d.t.c.a.a.c.u.util.UserUtilService   : 4 students generated. Generate 2 tutors...
    23:47:55.796 | 454 ool-1-worker-218 | DEBUG | d.t.c.a.a.c.u.util.UserUtilService   : 2 tutors generated. Generate 0 editors...
    23:47:55.797 | 454 ool-1-worker-218 | DEBUG | d.t.c.a.a.c.u.util.UserUtilService   : 0 editors generated. Generate 2 instructors...
    23:47:55.802 | 454 ool-1-worker-218 | DEBUG | d.t.c.a.a.c.u.util.UserUtilService   : 2 instructors generated
    23:47:55.804 | 454 ool-1-worker-218 | DEBUG | d.t.c.a.a.c.u.util.UserUtilService   : Removing 8 users from all courses...
    23:47:55.806 | 454 ool-1-worker-218 | DEBUG | d.t.c.a.a.c.u.util.UserUtilService   : Removing 8 users from all courses. Done
    23:47:55.806 | 454 ool-1-worker-218 | DEBUG | d.t.c.a.a.c.u.util.UserUtilService   : Save 8 users to database...
    23:47:55.811 | 454 ool-1-worker-218 | DEBUG | d.t.c.a.a.c.u.util.UserUtilService   : Save 8 users to database. Done
    23:47:55.837 | 454 ool-1-worker-218 | INFO  | i.z.t.d.l.EmbeddedDatabaseReporter   : JDBC URL to connect to 'dataSource': url='jdbc:h2:tcp://localhost:41063/mem:df70fc46-7e57-4cb5-9cd0-c1d90c14afa7;USER=sa', scope='GetCommitHistoryForTemplateSolutionTestOrAuxRepo#shouldGetListForAuxiliaryRepository'
    23:47:55.838 | 454 ool-1-worker-218 | DEBUG | d.t.c.a.a.c.s.f.ApiVersionFilter     : Adding Version to Request GET /api/programming-exercise/3596/commit-history/AUXILIARY
    23:47:55.852 | 454 ool-1-worker-218 | ERROR | grammingExerciseParticipationService : Could not get commit infos for auxiliaryRepository 112 with repository uri null

Finished logs for GetCommitHistoryForTemplateSolutionTestOrAuxRepo
]]></system-out>
  <system-err><![CDATA[]]></system-err>
</testsuite>
