<?xml version="1.0" encoding="UTF-8"?>
<testsuite name="de.tum.cit.aet.artemis.core.MetricsIntegrationTest" tests="0" skipped="0" failures="0" errors="0" timestamp="1970-01-01T00:00:00" hostname="fv-az1721-502" time="0.0">
  <properties/>
  <system-out><![CDATA[
Starting logs for MetricsIntegrationTest
    23:44:21.509 | 666 taskScheduler-4  | DEBUG | .a.s.ParticipantScoreScheduleService : Processing exercise 1454 and participant 264 to update participant scores.
    23:44:21.527 | 666 taskScheduler-4  | DEBUG | .a.s.ParticipantScoreScheduleService : Updating the participant score for exercise 1454 and participant 264 took 18 ms.
    23:44:21.548 | 663 taskScheduler-1  | DEBUG | .a.s.ParticipantScoreScheduleService : Processing exercise 1451 and participant 264 to update participant scores.
    23:44:21.560 | 663 taskScheduler-1  | DEBUG | .a.s.ParticipantScoreScheduleService : Updating the participant score for exercise 1451 and participant 264 took 12 ms.
    23:44:21.563 | 664 taskScheduler-2  | DEBUG | .a.s.ParticipantScoreScheduleService : Processing exercise 1452 and participant 264 to update participant scores.
    23:44:21.575 | 665 taskScheduler-3  | DEBUG | .a.s.ParticipantScoreScheduleService : Processing exercise 1453 and participant 264 to update participant scores.
    23:44:21.585 | 664 taskScheduler-2  | DEBUG | .a.s.ParticipantScoreScheduleService : Updating the participant score for exercise 1452 and participant 264 took 22 ms.
    23:44:21.593 | 665 taskScheduler-3  | DEBUG | .a.s.ParticipantScoreScheduleService : Updating the participant score for exercise 1453 and participant 264 took 18 ms.
    23:44:21.594 | 666 taskScheduler-4  | DEBUG | .a.s.ParticipantScoreScheduleService : Processing exercise 1455 and participant 264 to update participant scores.
    23:44:21.603 | 666 taskScheduler-4  | DEBUG | .a.s.ParticipantScoreScheduleService : Updating the participant score for exercise 1455 and participant 264 took 9 ms.
    23:44:21.617 | 663 taskScheduler-1  | DEBUG | .a.s.ParticipantScoreScheduleService : Processing exercise 1454 and participant 264 to update participant scores.
    23:44:21.630 | 663 taskScheduler-1  | DEBUG | .a.s.ParticipantScoreScheduleService : Updating the participant score for exercise 1454 and participant 264 took 13 ms.
    23:44:21.779 | 664 taskScheduler-2  | DEBUG | .a.s.ParticipantScoreScheduleService : Processing exercise 1456 and participant 264 to update participant scores.
    23:44:21.784 | 665 taskScheduler-3  | DEBUG | .a.s.ParticipantScoreScheduleService : Processing exercise 1457 and participant 264 to update participant scores.
    23:44:21.793 | 663 taskScheduler-1  | DEBUG | .a.s.ParticipantScoreScheduleService : Processing exercise 1458 and participant 264 to update participant scores.
    23:44:21.800 | 664 taskScheduler-2  | DEBUG | .a.s.ParticipantScoreScheduleService : Updating the participant score for exercise 1456 and participant 264 took 21 ms.
    23:44:21.803 | 665 taskScheduler-3  | DEBUG | .a.s.ParticipantScoreScheduleService : Updating the participant score for exercise 1457 and participant 264 took 19 ms.
    23:44:21.803 | 666 taskScheduler-4  | DEBUG | .a.s.ParticipantScoreScheduleService : Processing exercise 1460 and participant 264 to update participant scores.
    23:44:21.807 | 663 taskScheduler-1  | DEBUG | .a.s.ParticipantScoreScheduleService : Updating the participant score for exercise 1458 and participant 264 took 14 ms.
    23:44:21.811 | 666 taskScheduler-4  | DEBUG | .a.s.ParticipantScoreScheduleService : Updating the participant score for exercise 1460 and participant 264 took 8 ms.
    23:44:21.812 | 663 taskScheduler-1  | DEBUG | .a.s.ParticipantScoreScheduleService : Processing exercise 1459 and participant 264 to update participant scores.
    23:44:21.832 | 663 taskScheduler-1  | DEBUG | .a.s.ParticipantScoreScheduleService : Updating the participant score for exercise 1459 and participant 264 took 20 ms.
    23:44:22.111 | 664 taskScheduler-2  | DEBUG | .a.s.ParticipantScoreScheduleService : Processing exercise 1463 and participant 264 to update participant scores.
    23:44:22.113 | 666 taskScheduler-4  | DEBUG | .a.s.ParticipantScoreScheduleService : Processing exercise 1465 and participant 264 to update participant scores.
    23:44:22.114 | 665 taskScheduler-3  | DEBUG | .a.s.ParticipantScoreScheduleService : Processing exercise 1464 and participant 264 to update participant scores.
    23:44:22.128 | 664 taskScheduler-2  | DEBUG | .a.s.ParticipantScoreScheduleService : Updating the participant score for exercise 1463 and participant 264 took 17 ms.
    23:44:22.131 | 665 taskScheduler-3  | DEBUG | .a.s.ParticipantScoreScheduleService : Updating the participant score for exercise 1464 and participant 264 took 17 ms.
    23:44:22.133 | 666 taskScheduler-4  | DEBUG | .a.s.ParticipantScoreScheduleService : Updating the participant score for exercise 1465 and participant 264 took 20 ms.
    23:44:22.193 | 663 taskScheduler-1  | DEBUG | .a.s.ParticipantScoreScheduleService : Processing exercise 1461 and participant 264 to update participant scores.
    23:44:22.207 | 663 taskScheduler-1  | DEBUG | .a.s.ParticipantScoreScheduleService : Updating the participant score for exercise 1461 and participant 264 took 14 ms.
    23:44:22.210 | 664 taskScheduler-2  | DEBUG | .a.s.ParticipantScoreScheduleService : Processing exercise 1462 and participant 264 to update participant scores.
    23:44:22.221 | 664 taskScheduler-2  | DEBUG | .a.s.ParticipantScoreScheduleService : Updating the participant score for exercise 1462 and participant 264 took 11 ms.
    23:44:22.237 | 665 taskScheduler-3  | DEBUG | .a.s.ParticipantScoreScheduleService : Processing exercise 1463 and participant 264 to update participant scores.
    23:44:22.250 | 665 taskScheduler-3  | DEBUG | .a.s.ParticipantScoreScheduleService : Updating the participant score for exercise 1463 and participant 264 took 13 ms.
    23:44:22.261 | 666 taskScheduler-4  | DEBUG | .a.s.ParticipantScoreScheduleService : Processing exercise 1465 and participant 264 to update participant scores.
    23:44:22.275 | 663 taskScheduler-1  | DEBUG | .a.s.ParticipantScoreScheduleService : Processing exercise 1464 and participant 264 to update participant scores.
    23:44:22.279 | 666 taskScheduler-4  | DEBUG | .a.s.ParticipantScoreScheduleService : Updating the participant score for exercise 1465 and participant 264 took 17 ms.
    23:44:22.301 | 663 taskScheduler-1  | DEBUG | .a.s.ParticipantScoreScheduleService : Updating the participant score for exercise 1464 and participant 264 took 26 ms.
    23:44:22.452 | 665 taskScheduler-3  | DEBUG | .a.s.ParticipantScoreScheduleService : Processing exercise 1466 and participant 264 to update participant scores.
    23:44:22.457 | 663 taskScheduler-1  | DEBUG | .a.s.ParticipantScoreScheduleService : Processing exercise 1467 and participant 264 to update participant scores.
    23:44:22.464 | 663 taskScheduler-1  | DEBUG | .a.s.ParticipantScoreScheduleService : Updating the participant score for exercise 1467 and participant 264 took 7 ms.
    23:44:22.466 | 664 taskScheduler-2  | DEBUG | .a.s.ParticipantScoreScheduleService : Processing exercise 1468 and participant 264 to update participant scores.
    23:44:22.469 | 665 taskScheduler-3  | DEBUG | .a.s.ParticipantScoreScheduleService : Updating the participant score for exercise 1466 and participant 264 took 17 ms.
    23:44:22.475 | 666 taskScheduler-4  | DEBUG | .a.s.ParticipantScoreScheduleService : Processing exercise 1470 and participant 264 to update participant scores.
    23:44:22.483 | 664 taskScheduler-2  | DEBUG | .a.s.ParticipantScoreScheduleService : Updating the participant score for exercise 1468 and participant 264 took 17 ms.
    23:44:22.484 | 663 taskScheduler-1  | DEBUG | .a.s.ParticipantScoreScheduleService : Processing exercise 1469 and participant 264 to update participant scores.
    23:44:22.499 | 666 taskScheduler-4  | DEBUG | .a.s.ParticipantScoreScheduleService : Updating the participant score for exercise 1470 and participant 264 took 24 ms.
    23:44:22.503 | 663 taskScheduler-1  | DEBUG | .a.s.ParticipantScoreScheduleService : Updating the participant score for exercise 1469 and participant 264 took 19 ms.
    23:44:22.743 | 664 taskScheduler-2  | DEBUG | .a.s.ParticipantScoreScheduleService : Processing exercise 1474 and participant 264 to update participant scores.
    23:44:22.756 | 664 taskScheduler-2  | DEBUG | .a.s.ParticipantScoreScheduleService : Updating the participant score for exercise 1474 and participant 264 took 13 ms.
    23:44:22.811 | 666 taskScheduler-4  | DEBUG | .a.s.ParticipantScoreScheduleService : Processing exercise 1471 and participant 264 to update participant scores.
    23:44:22.820 | 663 taskScheduler-1  | DEBUG | .a.s.ParticipantScoreScheduleService : Processing exercise 1472 and participant 264 to update participant scores.
    23:44:22.831 | 665 taskScheduler-3  | DEBUG | .a.s.ParticipantScoreScheduleService : Processing exercise 1473 and participant 264 to update participant scores.
    23:44:22.834 | 666 taskScheduler-4  | DEBUG | .a.s.ParticipantScoreScheduleService : Updating the participant score for exercise 1471 and participant 264 took 23 ms.
    23:44:22.837 | 663 taskScheduler-1  | DEBUG | .a.s.ParticipantScoreScheduleService : Updating the participant score for exercise 1472 and participant 264 took 17 ms.
    23:44:22.840 | 665 taskScheduler-3  | DEBUG | .a.s.ParticipantScoreScheduleService : Updating the participant score for exercise 1473 and participant 264 took 9 ms.
    23:44:22.842 | 666 taskScheduler-4  | DEBUG | .a.s.ParticipantScoreScheduleService : Processing exercise 1475 and participant 264 to update participant scores.
    23:44:22.852 | 664 taskScheduler-2  | DEBUG | .a.s.ParticipantScoreScheduleService : Processing exercise 1474 and participant 264 to update participant scores.
    23:44:22.857 | 666 taskScheduler-4  | DEBUG | .a.s.ParticipantScoreScheduleService : Updating the participant score for exercise 1475 and participant 264 took 15 ms.
    23:44:22.861 | 664 taskScheduler-2  | DEBUG | .a.s.ParticipantScoreScheduleService : Updating the participant score for exercise 1474 and participant 264 took 8 ms.
    23:44:23.013 | 663 taskScheduler-1  | DEBUG | .a.s.ParticipantScoreScheduleService : Processing exercise 1476 and participant 264 to update participant scores.
    23:44:23.018 | 664 taskScheduler-2  | DEBUG | .a.s.ParticipantScoreScheduleService : Processing exercise 1477 and participant 264 to update participant scores.
    23:44:23.024 | 664 taskScheduler-2  | DEBUG | .a.s.ParticipantScoreScheduleService : Updating the participant score for exercise 1477 and participant 264 took 6 ms.
    23:44:23.026 | 663 taskScheduler-1  | DEBUG | .a.s.ParticipantScoreScheduleService : Updating the participant score for exercise 1476 and participant 264 took 13 ms.
    23:44:23.026 | 665 taskScheduler-3  | DEBUG | .a.s.ParticipantScoreScheduleService : Processing exercise 1478 and participant 264 to update participant scores.
    23:44:23.039 | 666 taskScheduler-4  | DEBUG | .a.s.ParticipantScoreScheduleService : Processing exercise 1480 and participant 264 to update participant scores.
    23:44:23.045 | 666 taskScheduler-4  | DEBUG | .a.s.ParticipantScoreScheduleService : Updating the participant score for exercise 1480 and participant 264 took 6 ms.
    23:44:23.046 | 664 taskScheduler-2  | DEBUG | .a.s.ParticipantScoreScheduleService : Processing exercise 1479 and participant 264 to update participant scores.
    23:44:23.048 | 665 taskScheduler-3  | DEBUG | .a.s.ParticipantScoreScheduleService : Updating the participant score for exercise 1478 and participant 264 took 22 ms.
    23:44:23.054 | 664 taskScheduler-2  | DEBUG | .a.s.ParticipantScoreScheduleService : Updating the participant score for exercise 1479 and participant 264 took 8 ms.
    23:44:23.235 | 666 taskScheduler-4  | DEBUG | .a.s.ParticipantScoreScheduleService : Processing exercise 1485 and participant 264 to update participant scores.
    23:44:23.238 | 663 taskScheduler-1  | DEBUG | .a.s.ParticipantScoreScheduleService : Processing exercise 1484 and participant 264 to update participant scores.
    23:44:23.258 | 666 taskScheduler-4  | DEBUG | .a.s.ParticipantScoreScheduleService : Updating the participant score for exercise 1485 and participant 264 took 23 ms.
    23:44:23.261 | 663 taskScheduler-1  | DEBUG | .a.s.ParticipantScoreScheduleService : Updating the participant score for exercise 1484 and participant 264 took 23 ms.
    23:44:23.282 | 665 taskScheduler-3  | DEBUG | .a.s.ParticipantScoreScheduleService : Processing exercise 1481 and participant 264 to update participant scores.
    23:44:23.300 | 664 taskScheduler-2  | DEBUG | .a.s.ParticipantScoreScheduleService : Processing exercise 1482 and participant 264 to update participant scores.
    23:44:23.302 | 665 taskScheduler-3  | DEBUG | .a.s.ParticipantScoreScheduleService : Updating the participant score for exercise 1481 and participant 264 took 20 ms.
    23:44:23.315 | 664 taskScheduler-2  | DEBUG | .a.s.ParticipantScoreScheduleService : Updating the participant score for exercise 1482 and participant 264 took 15 ms.
    23:44:23.317 | 665 taskScheduler-3  | DEBUG | .a.s.ParticipantScoreScheduleService : Processing exercise 1483 and participant 264 to update participant scores.
    23:44:23.330 | 665 taskScheduler-3  | DEBUG | .a.s.ParticipantScoreScheduleService : Updating the participant score for exercise 1483 and participant 264 took 13 ms.
    23:44:23.344 | 663 taskScheduler-1  | DEBUG | .a.s.ParticipantScoreScheduleService : Processing exercise 1485 and participant 264 to update participant scores.
    23:44:23.354 | 663 taskScheduler-1  | DEBUG | .a.s.ParticipantScoreScheduleService : Updating the participant score for exercise 1485 and participant 264 took 10 ms.
    23:44:23.373 | 666 taskScheduler-4  | DEBUG | .a.s.ParticipantScoreScheduleService : Processing exercise 1484 and participant 264 to update participant scores.
    23:44:23.390 | 666 taskScheduler-4  | DEBUG | .a.s.ParticipantScoreScheduleService : Updating the participant score for exercise 1484 and participant 264 took 17 ms.
    23:44:23.526 | 665 taskScheduler-3  | DEBUG | .a.s.ParticipantScoreScheduleService : Processing exercise 1486 and participant 264 to update participant scores.
    23:44:23.527 | 663 taskScheduler-1  | DEBUG | .a.s.ParticipantScoreScheduleService : Processing exercise 1487 and participant 264 to update participant scores.
    23:44:23.532 | 664 taskScheduler-2  | DEBUG | .a.s.ParticipantScoreScheduleService : Processing exercise 1488 and participant 264 to update participant scores.
    23:44:23.534 | 666 taskScheduler-4  | DEBUG | .a.s.ParticipantScoreScheduleService : Processing exercise 1490 and participant 264 to update participant scores.
    23:44:23.550 | 665 taskScheduler-3  | DEBUG | .a.s.ParticipantScoreScheduleService : Updating the participant score for exercise 1486 and participant 264 took 24 ms.
    23:44:23.550 | 665 taskScheduler-3  | DEBUG | .a.s.ParticipantScoreScheduleService : Processing exercise 1489 and participant 264 to update participant scores.
    23:44:23.553 | 664 taskScheduler-2  | DEBUG | .a.s.ParticipantScoreScheduleService : Updating the participant score for exercise 1488 and participant 264 took 21 ms.
    23:44:23.555 | 663 taskScheduler-1  | DEBUG | .a.s.ParticipantScoreScheduleService : Updating the participant score for exercise 1487 and participant 264 took 28 ms.
    23:44:23.558 | 666 taskScheduler-4  | DEBUG | .a.s.ParticipantScoreScheduleService : Updating the participant score for exercise 1490 and participant 264 took 24 ms.
    23:44:23.576 | 665 taskScheduler-3  | DEBUG | .a.s.ParticipantScoreScheduleService : Updating the participant score for exercise 1489 and participant 264 took 26 ms.
    23:44:23.656 | 663 taskScheduler-1  | DEBUG | .a.s.ParticipantScoreScheduleService : Processing exercise 1486 and participant 264 to update participant scores.
    23:44:23.664 | 666 taskScheduler-4  | DEBUG | .a.s.ParticipantScoreScheduleService : Processing exercise 1487 and participant 264 to update participant scores.
    23:44:23.669 | 663 taskScheduler-1  | DEBUG | .a.s.ParticipantScoreScheduleService : Updating the participant score for exercise 1486 and participant 264 took 13 ms.
    23:44:23.676 | 666 taskScheduler-4  | DEBUG | .a.s.ParticipantScoreScheduleService : Updating the participant score for exercise 1487 and participant 264 took 12 ms.
    23:44:23.683 | 664 taskScheduler-2  | DEBUG | .a.s.ParticipantScoreScheduleService : Processing exercise 1488 and participant 264 to update participant scores.
    23:44:23.693 | 665 taskScheduler-3  | DEBUG | .a.s.ParticipantScoreScheduleService : Processing exercise 1490 and participant 264 to update participant scores.
    23:44:23.694 | 664 taskScheduler-2  | DEBUG | .a.s.ParticipantScoreScheduleService : Updating the participant score for exercise 1488 and participant 264 took 11 ms.
    23:44:23.702 | 664 taskScheduler-2  | DEBUG | .a.s.ParticipantScoreScheduleService : Processing exercise 1489 and participant 264 to update participant scores.
    23:44:23.710 | 665 taskScheduler-3  | DEBUG | .a.s.ParticipantScoreScheduleService : Updating the participant score for exercise 1490 and participant 264 took 17 ms.
    23:44:23.716 | 664 taskScheduler-2  | DEBUG | .a.s.ParticipantScoreScheduleService : Updating the participant score for exercise 1489 and participant 264 took 14 ms.
    23:44:23.884 | 663 taskScheduler-1  | DEBUG | .a.s.ParticipantScoreScheduleService : Processing exercise 1492 and participant 264 to update participant scores.
    23:44:23.885 | 665 taskScheduler-3  | DEBUG | .a.s.ParticipantScoreScheduleService : Processing exercise 1493 and participant 264 to update participant scores.
    23:44:23.895 | 664 taskScheduler-2  | DEBUG | .a.s.ParticipantScoreScheduleService : Processing exercise 1495 and participant 264 to update participant scores.
    23:44:23.897 | 666 taskScheduler-4  | DEBUG | .a.s.ParticipantScoreScheduleService : Processing exercise 1494 and participant 264 to update participant scores.
    23:44:23.901 | 665 taskScheduler-3  | DEBUG | .a.s.ParticipantScoreScheduleService : Updating the participant score for exercise 1493 and participant 264 took 16 ms.
    23:44:23.903 | 663 taskScheduler-1  | DEBUG | .a.s.ParticipantScoreScheduleService : Updating the participant score for exercise 1492 and participant 264 took 19 ms.
    23:44:23.908 | 664 taskScheduler-2  | DEBUG | .a.s.ParticipantScoreScheduleService : Updating the participant score for exercise 1495 and participant 264 took 13 ms.
    23:44:23.912 | 666 taskScheduler-4  | DEBUG | .a.s.ParticipantScoreScheduleService : Updating the participant score for exercise 1494 and participant 264 took 15 ms.
    23:44:23.975 | 665 taskScheduler-3  | DEBUG | .a.s.ParticipantScoreScheduleService : Processing exercise 1491 and participant 264 to update participant scores.
    23:44:23.989 | 665 taskScheduler-3  | DEBUG | .a.s.ParticipantScoreScheduleService : Updating the participant score for exercise 1491 and participant 264 took 14 ms.
    23:44:23.998 | 663 taskScheduler-1  | DEBUG | .a.s.ParticipantScoreScheduleService : Processing exercise 1492 and participant 264 to update participant scores.
    23:44:24.011 | 663 taskScheduler-1  | DEBUG | .a.s.ParticipantScoreScheduleService : Updating the participant score for exercise 1492 and participant 264 took 13 ms.
    23:44:24.011 | 664 taskScheduler-2  | DEBUG | .a.s.ParticipantScoreScheduleService : Processing exercise 1493 and participant 264 to update participant scores.
    23:44:24.020 | 664 taskScheduler-2  | DEBUG | .a.s.ParticipantScoreScheduleService : Updating the participant score for exercise 1493 and participant 264 took 9 ms.
    23:44:24.020 | 666 taskScheduler-4  | DEBUG | .a.s.ParticipantScoreScheduleService : Processing exercise 1495 and participant 264 to update participant scores.
    23:44:24.029 | 665 taskScheduler-3  | DEBUG | .a.s.ParticipantScoreScheduleService : Processing exercise 1494 and participant 264 to update participant scores.
    23:44:24.030 | 666 taskScheduler-4  | DEBUG | .a.s.ParticipantScoreScheduleService : Updating the participant score for exercise 1495 and participant 264 took 10 ms.
    23:44:24.041 | 665 taskScheduler-3  | DEBUG | .a.s.ParticipantScoreScheduleService : Updating the participant score for exercise 1494 and participant 264 took 12 ms.
    23:44:24.169 | 663 taskScheduler-1  | DEBUG | .a.s.ParticipantScoreScheduleService : Processing exercise 1496 and participant 264 to update participant scores.
    23:44:24.176 | 666 taskScheduler-4  | DEBUG | .a.s.ParticipantScoreScheduleService : Processing exercise 1497 and participant 264 to update participant scores.
    23:44:24.182 | 665 taskScheduler-3  | DEBUG | .a.s.ParticipantScoreScheduleService : Processing exercise 1498 and participant 264 to update participant scores.
    23:44:24.191 | 663 taskScheduler-1  | DEBUG | .a.s.ParticipantScoreScheduleService : Updating the participant score for exercise 1496 and participant 264 took 22 ms.
    23:44:24.191 | 664 taskScheduler-2  | DEBUG | .a.s.ParticipantScoreScheduleService : Processing exercise 1500 and participant 264 to update participant scores.
    23:44:24.192 | 666 taskScheduler-4  | DEBUG | .a.s.ParticipantScoreScheduleService : Updating the participant score for exercise 1497 and participant 264 took 16 ms.
    23:44:24.198 | 665 taskScheduler-3  | DEBUG | .a.s.ParticipantScoreScheduleService : Updating the participant score for exercise 1498 and participant 264 took 16 ms.
    23:44:24.200 | 663 taskScheduler-1  | DEBUG | .a.s.ParticipantScoreScheduleService : Processing exercise 1499 and participant 264 to update participant scores.
    23:44:24.207 | 664 taskScheduler-2  | DEBUG | .a.s.ParticipantScoreScheduleService : Updating the participant score for exercise 1500 and participant 264 took 16 ms.
    23:44:24.212 | 663 taskScheduler-1  | DEBUG | .a.s.ParticipantScoreScheduleService : Updating the participant score for exercise 1499 and participant 264 took 12 ms.
    23:44:24.332 | 641 nt.HealthMonitor | INFO  | c.h.i.diagnostics.HealthMonitor      : [127.0.0.1]:5704 [dev] [5.5.0] processors=4, physical.memory.total=15.6G, physical.memory.free=2.5G, swap.space.total=0, swap.space.free=0, heap.memory.used=2.5G, heap.memory.free=629.7M, heap.memory.total=3.1G, heap.memory.max=6.0G, heap.memory.used/total=79.99%, heap.memory.used/max=41.40%, minor.gc.count=149, minor.gc.time=7362ms, major.gc.count=0, major.gc.time=0ms, unknown.gc.count=65, unknown.gc.time=1111ms, load.process=0.00%, load.system=100.00%, load.systemAverage=6.55, thread.count=488, thread.peakCount=500, cluster.timeDiff=0, event.q.size=0, executor.q.async.size=0, executor.q.client.size=0, executor.q.client.query.size=0, executor.q.client.blocking.size=0, executor.q.query.size=0, executor.q.scheduled.size=0, executor.q.io.size=0, executor.q.system.size=0, executor.q.operations.size=0, executor.q.priorityOperation.size=0, operations.completed.count=1595, executor.q.mapLoad.size=0, executor.q.mapLoadAllKeys.size=0, executor.q.cluster.size=0, executor.q.response.size=0, operations.running.count=0, operations.pending.invocations.percentage=0.00%, operations.pending.invocations.count=0, proxy.count=210, clientEndpoint.count=0, connection.active.count=0, client.connection.count=0, connection.count=0
    23:44:24.461 | 666 taskScheduler-4  | DEBUG | .a.s.ParticipantScoreScheduleService : Processing exercise 1504 and participant 264 to update participant scores.
    23:44:24.474 | 666 taskScheduler-4  | DEBUG | .a.s.ParticipantScoreScheduleService : Updating the participant score for exercise 1504 and participant 264 took 13 ms.
    23:44:24.523 | 663 taskScheduler-1  | DEBUG | .a.s.ParticipantScoreScheduleService : Processing exercise 1501 and participant 264 to update participant scores.
    23:44:24.530 | 665 taskScheduler-3  | DEBUG | .a.s.ParticipantScoreScheduleService : Processing exercise 1502 and participant 264 to update participant scores.
    23:44:24.538 | 664 taskScheduler-2  | DEBUG | .a.s.ParticipantScoreScheduleService : Processing exercise 1503 and participant 264 to update participant scores.
    23:44:24.545 | 663 taskScheduler-1  | DEBUG | .a.s.ParticipantScoreScheduleService : Updating the participant score for exercise 1501 and participant 264 took 22 ms.
    23:44:24.547 | 666 taskScheduler-4  | DEBUG | .a.s.ParticipantScoreScheduleService : Processing exercise 1505 and participant 264 to update participant scores.
    23:44:24.549 | 665 taskScheduler-3  | DEBUG | .a.s.ParticipantScoreScheduleService : Updating the participant score for exercise 1502 and participant 264 took 19 ms.
    23:44:24.553 | 664 taskScheduler-2  | DEBUG | .a.s.ParticipantScoreScheduleService : Updating the participant score for exercise 1503 and participant 264 took 15 ms.
    23:44:24.564 | 665 taskScheduler-3  | DEBUG | .a.s.ParticipantScoreScheduleService : Processing exercise 1504 and participant 264 to update participant scores.
    23:44:24.565 | 666 taskScheduler-4  | DEBUG | .a.s.ParticipantScoreScheduleService : Updating the participant score for exercise 1505 and participant 264 took 18 ms.
    23:44:24.576 | 665 taskScheduler-3  | DEBUG | .a.s.ParticipantScoreScheduleService : Updating the participant score for exercise 1504 and participant 264 took 12 ms.
    23:44:24.692 | 664 taskScheduler-2  | DEBUG | .a.s.ParticipantScoreScheduleService : Processing exercise 1510 and participant 264 to update participant scores.
    23:44:24.694 | 663 taskScheduler-1  | DEBUG | .a.s.ParticipantScoreScheduleService : Processing exercise 1509 and participant 264 to update participant scores.
    23:44:24.708 | 663 taskScheduler-1  | DEBUG | .a.s.ParticipantScoreScheduleService : Updating the participant score for exercise 1509 and participant 264 took 14 ms.
    23:44:24.708 | 664 taskScheduler-2  | DEBUG | .a.s.ParticipantScoreScheduleService : Updating the participant score for exercise 1510 and participant 264 took 16 ms.
    23:44:24.746 | 665 taskScheduler-3  | DEBUG | .a.s.ParticipantScoreScheduleService : Processing exercise 1506 and participant 264 to update participant scores.
    23:44:24.757 | 666 taskScheduler-4  | DEBUG | .a.s.ParticipantScoreScheduleService : Processing exercise 1507 and participant 264 to update participant scores.
    23:44:24.759 | 665 taskScheduler-3  | DEBUG | .a.s.ParticipantScoreScheduleService : Updating the participant score for exercise 1506 and participant 264 took 13 ms.
    23:44:24.773 | 665 taskScheduler-3  | DEBUG | .a.s.ParticipantScoreScheduleService : Processing exercise 1508 and participant 264 to update participant scores.
    23:44:24.777 | 666 taskScheduler-4  | DEBUG | .a.s.ParticipantScoreScheduleService : Updating the participant score for exercise 1507 and participant 264 took 20 ms.
    23:44:24.782 | 665 taskScheduler-3  | DEBUG | .a.s.ParticipantScoreScheduleService : Updating the participant score for exercise 1508 and participant 264 took 9 ms.
    23:44:24.795 | 664 taskScheduler-2  | DEBUG | .a.s.ParticipantScoreScheduleService : Processing exercise 1510 and participant 264 to update participant scores.
    23:44:24.804 | 664 taskScheduler-2  | DEBUG | .a.s.ParticipantScoreScheduleService : Updating the participant score for exercise 1510 and participant 264 took 9 ms.
    23:44:24.810 | 663 taskScheduler-1  | DEBUG | .a.s.ParticipantScoreScheduleService : Processing exercise 1509 and participant 264 to update participant scores.
    23:44:24.816 | 663 taskScheduler-1  | DEBUG | .a.s.ParticipantScoreScheduleService : Updating the participant score for exercise 1509 and participant 264 took 6 ms.
    23:44:25.071 | 666 taskScheduler-4  | DEBUG | .a.s.ParticipantScoreScheduleService : Processing exercise 1511 and participant 264 to update participant scores.
    23:44:25.077 | 666 taskScheduler-4  | DEBUG | .a.s.ParticipantScoreScheduleService : Updating the participant score for exercise 1511 and participant 264 took 6 ms.
    23:44:25.079 | 663 taskScheduler-1  | DEBUG | .a.s.ParticipantScoreScheduleService : Processing exercise 1512 and participant 264 to update participant scores.
    23:44:25.087 | 665 taskScheduler-3  | DEBUG | .a.s.ParticipantScoreScheduleService : Processing exercise 1513 and participant 264 to update participant scores.
    23:44:25.089 | 663 taskScheduler-1  | DEBUG | .a.s.ParticipantScoreScheduleService : Updating the participant score for exercise 1512 and participant 264 took 10 ms.
    23:44:25.097 | 665 taskScheduler-3  | DEBUG | .a.s.ParticipantScoreScheduleService : Updating the participant score for exercise 1513 and participant 264 took 10 ms.
    23:44:25.101 | 663 taskScheduler-1  | DEBUG | .a.s.ParticipantScoreScheduleService : Processing exercise 1515 and participant 264 to update participant scores.
    23:44:25.108 | 666 taskScheduler-4  | DEBUG | .a.s.ParticipantScoreScheduleService : Processing exercise 1514 and participant 264 to update participant scores.
    23:44:25.109 | 663 taskScheduler-1  | DEBUG | .a.s.ParticipantScoreScheduleService : Updating the participant score for exercise 1515 and participant 264 took 8 ms.
    23:44:25.120 | 666 taskScheduler-4  | DEBUG | .a.s.ParticipantScoreScheduleService : Updating the participant score for exercise 1514 and participant 264 took 12 ms.
    23:44:25.254 | 664 taskScheduler-2  | DEBUG | .a.s.ParticipantScoreScheduleService : Processing exercise 1516 and participant 264 to update participant scores.
    23:44:25.258 | 666 taskScheduler-4  | DEBUG | .a.s.ParticipantScoreScheduleService : Processing exercise 1517 and participant 264 to update participant scores.
    23:44:25.266 | 665 taskScheduler-3  | DEBUG | .a.s.ParticipantScoreScheduleService : Processing exercise 1518 and participant 264 to update participant scores.
    23:44:25.269 | 664 taskScheduler-2  | DEBUG | .a.s.ParticipantScoreScheduleService : Updating the participant score for exercise 1516 and participant 264 took 15 ms.
    23:44:25.274 | 666 taskScheduler-4  | DEBUG | .a.s.ParticipantScoreScheduleService : Updating the participant score for exercise 1517 and participant 264 took 16 ms.
    23:44:25.274 | 665 taskScheduler-3  | DEBUG | .a.s.ParticipantScoreScheduleService : Updating the participant score for exercise 1518 and participant 264 took 8 ms.
    23:44:25.276 | 663 taskScheduler-1  | DEBUG | .a.s.ParticipantScoreScheduleService : Processing exercise 1520 and participant 264 to update participant scores.
    23:44:25.285 | 664 taskScheduler-2  | DEBUG | .a.s.ParticipantScoreScheduleService : Processing exercise 1519 and participant 264 to update participant scores.
    23:44:25.288 | 663 taskScheduler-1  | DEBUG | .a.s.ParticipantScoreScheduleService : Updating the participant score for exercise 1520 and participant 264 took 12 ms.
    23:44:25.294 | 664 taskScheduler-2  | DEBUG | .a.s.ParticipantScoreScheduleService : Updating the participant score for exercise 1519 and participant 264 took 9 ms.
    23:44:25.498 | 665 taskScheduler-3  | DEBUG | .a.s.ParticipantScoreScheduleService : Processing exercise 1521 and participant 264 to update participant scores.
    23:44:25.503 | 663 taskScheduler-1  | DEBUG | .a.s.ParticipantScoreScheduleService : Processing exercise 1522 and participant 264 to update participant scores.
    23:44:25.511 | 666 taskScheduler-4  | DEBUG | .a.s.ParticipantScoreScheduleService : Processing exercise 1523 and participant 264 to update participant scores.
    23:44:25.517 | 665 taskScheduler-3  | DEBUG | .a.s.ParticipantScoreScheduleService : Updating the participant score for exercise 1521 and participant 264 took 19 ms.
    23:44:25.521 | 663 taskScheduler-1  | DEBUG | .a.s.ParticipantScoreScheduleService : Updating the participant score for exercise 1522 and participant 264 took 18 ms.
    23:44:25.522 | 664 taskScheduler-2  | DEBUG | .a.s.ParticipantScoreScheduleService : Processing exercise 1525 and participant 264 to update participant scores.
    23:44:25.527 | 666 taskScheduler-4  | DEBUG | .a.s.ParticipantScoreScheduleService : Updating the participant score for exercise 1523 and participant 264 took 16 ms.
    23:44:25.533 | 665 taskScheduler-3  | DEBUG | .a.s.ParticipantScoreScheduleService : Processing exercise 1524 and participant 264 to update participant scores.
    23:44:25.537 | 664 taskScheduler-2  | DEBUG | .a.s.ParticipantScoreScheduleService : Updating the participant score for exercise 1525 and participant 264 took 15 ms.
    23:44:25.540 | 665 taskScheduler-3  | DEBUG | .a.s.ParticipantScoreScheduleService : Updating the participant score for exercise 1524 and participant 264 took 7 ms.
    23:44:25.685 | 663 taskScheduler-1  | DEBUG | .a.s.ParticipantScoreScheduleService : Processing exercise 1526 and participant 264 to update participant scores.
    23:44:25.688 | 665 taskScheduler-3  | DEBUG | .a.s.ParticipantScoreScheduleService : Processing exercise 1527 and participant 264 to update participant scores.
    23:44:25.695 | 666 taskScheduler-4  | DEBUG | .a.s.ParticipantScoreScheduleService : Processing exercise 1528 and participant 264 to update participant scores.
    23:44:25.704 | 663 taskScheduler-1  | DEBUG | .a.s.ParticipantScoreScheduleService : Updating the participant score for exercise 1526 and participant 264 took 19 ms.
    23:44:25.705 | 664 taskScheduler-2  | DEBUG | .a.s.ParticipantScoreScheduleService : Processing exercise 1530 and participant 264 to update participant scores.
    23:44:25.708 | 665 taskScheduler-3  | DEBUG | .a.s.ParticipantScoreScheduleService : Updating the participant score for exercise 1527 and participant 264 took 20 ms.
    23:44:25.717 | 666 taskScheduler-4  | DEBUG | .a.s.ParticipantScoreScheduleService : Updating the participant score for exercise 1528 and participant 264 took 22 ms.
    23:44:25.723 | 664 taskScheduler-2  | DEBUG | .a.s.ParticipantScoreScheduleService : Updating the participant score for exercise 1530 and participant 264 took 18 ms.
    23:44:25.906 | 665 taskScheduler-3  | DEBUG | .a.s.ParticipantScoreScheduleService : Processing exercise 1531 and participant 264 to update participant scores.
    23:44:25.917 | 663 taskScheduler-1  | DEBUG | .a.s.ParticipantScoreScheduleService : Processing exercise 1532 and participant 264 to update participant scores.
    23:44:25.921 | 665 taskScheduler-3  | DEBUG | .a.s.ParticipantScoreScheduleService : Updating the participant score for exercise 1531 and participant 264 took 15 ms.
    23:44:25.924 | 666 taskScheduler-4  | DEBUG | .a.s.ParticipantScoreScheduleService : Processing exercise 1533 and participant 264 to update participant scores.
    23:44:25.930 | 663 taskScheduler-1  | DEBUG | .a.s.ParticipantScoreScheduleService : Updating the participant score for exercise 1532 and participant 264 took 13 ms.
    23:44:25.934 | 664 taskScheduler-2  | DEBUG | .a.s.ParticipantScoreScheduleService : Processing exercise 1535 and participant 264 to update participant scores.
    23:44:25.936 | 666 taskScheduler-4  | DEBUG | .a.s.ParticipantScoreScheduleService : Updating the participant score for exercise 1533 and participant 264 took 12 ms.
    23:44:25.940 | 664 taskScheduler-2  | DEBUG | .a.s.ParticipantScoreScheduleService : Updating the participant score for exercise 1535 and participant 264 took 6 ms.
    23:44:25.943 | 665 taskScheduler-3  | DEBUG | .a.s.ParticipantScoreScheduleService : Processing exercise 1534 and participant 264 to update participant scores.
    23:44:25.958 | 665 taskScheduler-3  | DEBUG | .a.s.ParticipantScoreScheduleService : Updating the participant score for exercise 1534 and participant 264 took 15 ms.
    23:44:26.018 | 663 taskScheduler-1  | DEBUG | .a.s.ParticipantScoreScheduleService : Processing exercise 1539 and participant 264 to update participant scores.
    23:44:26.032 | 663 taskScheduler-1  | DEBUG | .a.s.ParticipantScoreScheduleService : Updating the participant score for exercise 1539 and participant 264 took 14 ms.
    23:44:26.079 | 664 taskScheduler-2  | DEBUG | .a.s.ParticipantScoreScheduleService : Processing exercise 1536 and participant 264 to update participant scores.
    23:44:26.083 | 665 taskScheduler-3  | DEBUG | .a.s.ParticipantScoreScheduleService : Processing exercise 1537 and participant 264 to update participant scores.
    23:44:26.089 | 664 taskScheduler-2  | DEBUG | .a.s.ParticipantScoreScheduleService : Updating the participant score for exercise 1536 and participant 264 took 10 ms.
    23:44:26.092 | 666 taskScheduler-4  | DEBUG | .a.s.ParticipantScoreScheduleService : Processing exercise 1538 and participant 264 to update participant scores.
    23:44:26.096 | 665 taskScheduler-3  | DEBUG | .a.s.ParticipantScoreScheduleService : Updating the participant score for exercise 1537 and participant 264 took 13 ms.
    23:44:26.101 | 666 taskScheduler-4  | DEBUG | .a.s.ParticipantScoreScheduleService : Updating the participant score for exercise 1538 and participant 264 took 9 ms.
    23:44:26.107 | 663 taskScheduler-1  | DEBUG | .a.s.ParticipantScoreScheduleService : Processing exercise 1540 and participant 264 to update participant scores.
    23:44:26.118 | 663 taskScheduler-1  | DEBUG | .a.s.ParticipantScoreScheduleService : Updating the participant score for exercise 1540 and participant 264 took 11 ms.
    23:44:26.133 | 664 taskScheduler-2  | DEBUG | .a.s.ParticipantScoreScheduleService : Processing exercise 1539 and participant 264 to update participant scores.
    23:44:26.148 | 664 taskScheduler-2  | DEBUG | .a.s.ParticipantScoreScheduleService : Updating the participant score for exercise 1539 and participant 264 took 15 ms.
    23:44:26.326 | 666 taskScheduler-4  | DEBUG | .a.s.ParticipantScoreScheduleService : Processing exercise 1541 and participant 264 to update participant scores.
    23:44:26.335 | 664 taskScheduler-2  | DEBUG | .a.s.ParticipantScoreScheduleService : Processing exercise 1542 and participant 264 to update participant scores.
    23:44:26.345 | 663 taskScheduler-1  | DEBUG | .a.s.ParticipantScoreScheduleService : Processing exercise 1543 and participant 264 to update participant scores.
    23:44:26.353 | 665 taskScheduler-3  | DEBUG | .a.s.ParticipantScoreScheduleService : Processing exercise 1545 and participant 264 to update participant scores.
    23:44:26.359 | 666 taskScheduler-4  | DEBUG | .a.s.ParticipantScoreScheduleService : Updating the participant score for exercise 1541 and participant 264 took 33 ms.
    23:44:26.362 | 666 taskScheduler-4  | DEBUG | .a.s.ParticipantScoreScheduleService : Processing exercise 1544 and participant 264 to update participant scores.
    23:44:26.372 | 664 taskScheduler-2  | DEBUG | .a.s.ParticipantScoreScheduleService : Updating the participant score for exercise 1542 and participant 264 took 37 ms.
    23:44:26.373 | 663 taskScheduler-1  | DEBUG | .a.s.ParticipantScoreScheduleService : Updating the participant score for exercise 1543 and participant 264 took 28 ms.
    23:44:26.384 | 665 taskScheduler-3  | DEBUG | .a.s.ParticipantScoreScheduleService : Updating the participant score for exercise 1545 and participant 264 took 31 ms.
    23:44:26.388 | 666 taskScheduler-4  | DEBUG | .a.s.ParticipantScoreScheduleService : Updating the participant score for exercise 1544 and participant 264 took 26 ms.
    23:44:26.563 | 664 taskScheduler-2  | DEBUG | .a.s.ParticipantScoreScheduleService : Processing exercise 1546 and participant 264 to update participant scores.
    23:44:26.568 | 666 taskScheduler-4  | DEBUG | .a.s.ParticipantScoreScheduleService : Processing exercise 1547 and participant 264 to update participant scores.
    23:44:26.576 | 664 taskScheduler-2  | DEBUG | .a.s.ParticipantScoreScheduleService : Updating the participant score for exercise 1546 and participant 264 took 13 ms.
    23:44:26.576 | 664 taskScheduler-2  | DEBUG | .a.s.ParticipantScoreScheduleService : Processing exercise 1548 and participant 264 to update participant scores.
    23:44:26.579 | 666 taskScheduler-4  | DEBUG | .a.s.ParticipantScoreScheduleService : Updating the participant score for exercise 1547 and participant 264 took 11 ms.
    23:44:26.586 | 663 taskScheduler-1  | DEBUG | .a.s.ParticipantScoreScheduleService : Processing exercise 1550 and participant 264 to update participant scores.
    23:44:26.594 | 664 taskScheduler-2  | DEBUG | .a.s.ParticipantScoreScheduleService : Updating the participant score for exercise 1548 and participant 264 took 18 ms.
    23:44:26.594 | 665 taskScheduler-3  | DEBUG | .a.s.ParticipantScoreScheduleService : Processing exercise 1549 and participant 264 to update participant scores.
    23:44:26.598 | 663 taskScheduler-1  | DEBUG | .a.s.ParticipantScoreScheduleService : Updating the participant score for exercise 1550 and participant 264 took 12 ms.
    23:44:26.606 | 665 taskScheduler-3  | DEBUG | .a.s.ParticipantScoreScheduleService : Updating the participant score for exercise 1549 and participant 264 took 12 ms.
    23:44:26.843 | 664 taskScheduler-2  | DEBUG | .a.s.ParticipantScoreScheduleService : Processing exercise 1551 and participant 264 to update participant scores.
    23:44:26.850 | 664 taskScheduler-2  | DEBUG | .a.s.ParticipantScoreScheduleService : Updating the participant score for exercise 1551 and participant 264 took 7 ms.
    23:44:26.852 | 666 taskScheduler-4  | DEBUG | .a.s.ParticipantScoreScheduleService : Processing exercise 1552 and participant 264 to update participant scores.
    23:44:26.859 | 666 taskScheduler-4  | DEBUG | .a.s.ParticipantScoreScheduleService : Updating the participant score for exercise 1552 and participant 264 took 7 ms.
    23:44:26.861 | 663 taskScheduler-1  | DEBUG | .a.s.ParticipantScoreScheduleService : Processing exercise 1553 and participant 264 to update participant scores.
    23:44:26.867 | 663 taskScheduler-1  | DEBUG | .a.s.ParticipantScoreScheduleService : Updating the participant score for exercise 1553 and participant 264 took 6 ms.
    23:44:26.870 | 665 taskScheduler-3  | DEBUG | .a.s.ParticipantScoreScheduleService : Processing exercise 1555 and participant 264 to update participant scores.
    23:44:26.876 | 665 taskScheduler-3  | DEBUG | .a.s.ParticipantScoreScheduleService : Updating the participant score for exercise 1555 and participant 264 took 6 ms.
    23:44:26.880 | 664 taskScheduler-2  | DEBUG | .a.s.ParticipantScoreScheduleService : Processing exercise 1554 and participant 264 to update participant scores.
    23:44:26.887 | 664 taskScheduler-2  | DEBUG | .a.s.ParticipantScoreScheduleService : Updating the participant score for exercise 1554 and participant 264 took 7 ms.
    23:44:27.050 | 666 taskScheduler-4  | DEBUG | .a.s.ParticipantScoreScheduleService : Processing exercise 1556 and participant 264 to update participant scores.
    23:44:27.053 | 664 taskScheduler-2  | DEBUG | .a.s.ParticipantScoreScheduleService : Processing exercise 1557 and participant 264 to update participant scores.
    23:44:27.058 | 663 taskScheduler-1  | DEBUG | .a.s.ParticipantScoreScheduleService : Processing exercise 1558 and participant 264 to update participant scores.
    23:44:27.063 | 665 taskScheduler-3  | DEBUG | .a.s.ParticipantScoreScheduleService : Processing exercise 1560 and participant 264 to update participant scores.
    23:44:27.076 | 664 taskScheduler-2  | DEBUG | .a.s.ParticipantScoreScheduleService : Updating the participant score for exercise 1557 and participant 264 took 23 ms.
    23:44:27.076 | 664 taskScheduler-2  | DEBUG | .a.s.ParticipantScoreScheduleService : Processing exercise 1559 and participant 264 to update participant scores.
    23:44:27.076 | 666 taskScheduler-4  | DEBUG | .a.s.ParticipantScoreScheduleService : Updating the participant score for exercise 1556 and participant 264 took 26 ms.
    23:44:27.079 | 663 taskScheduler-1  | DEBUG | .a.s.ParticipantScoreScheduleService : Updating the participant score for exercise 1558 and participant 264 took 21 ms.
    23:44:27.080 | 665 taskScheduler-3  | DEBUG | .a.s.ParticipantScoreScheduleService : Updating the participant score for exercise 1560 and participant 264 took 17 ms.
    23:44:27.093 | 664 taskScheduler-2  | DEBUG | .a.s.ParticipantScoreScheduleService : Updating the participant score for exercise 1559 and participant 264 took 17 ms.
    23:44:27.287 | 663 taskScheduler-1  | DEBUG | .a.s.ParticipantScoreScheduleService : Processing exercise 1561 and participant 264 to update participant scores.
    23:44:27.296 | 664 taskScheduler-2  | DEBUG | .a.s.ParticipantScoreScheduleService : Processing exercise 1562 and participant 264 to update participant scores.
    23:44:27.304 | 666 taskScheduler-4  | DEBUG | .a.s.ParticipantScoreScheduleService : Processing exercise 1563 and participant 264 to update participant scores.
    23:44:27.304 | 663 taskScheduler-1  | DEBUG | .a.s.ParticipantScoreScheduleService : Updating the participant score for exercise 1561 and participant 264 took 17 ms.
    23:44:27.307 | 664 taskScheduler-2  | DEBUG | .a.s.ParticipantScoreScheduleService : Updating the participant score for exercise 1562 and participant 264 took 11 ms.
    23:44:27.313 | 665 taskScheduler-3  | DEBUG | .a.s.ParticipantScoreScheduleService : Processing exercise 1565 and participant 264 to update participant scores.
    23:44:27.319 | 666 taskScheduler-4  | DEBUG | .a.s.ParticipantScoreScheduleService : Updating the participant score for exercise 1563 and participant 264 took 15 ms.
    23:44:27.322 | 663 taskScheduler-1  | DEBUG | .a.s.ParticipantScoreScheduleService : Processing exercise 1564 and participant 264 to update participant scores.
    23:44:27.331 | 665 taskScheduler-3  | DEBUG | .a.s.ParticipantScoreScheduleService : Updating the participant score for exercise 1565 and participant 264 took 18 ms.
    23:44:27.340 | 663 taskScheduler-1  | DEBUG | .a.s.ParticipantScoreScheduleService : Updating the participant score for exercise 1564 and participant 264 took 18 ms.
    23:44:27.471 | 664 taskScheduler-2  | DEBUG | .a.s.ParticipantScoreScheduleService : Processing exercise 1566 and participant 264 to update participant scores.
    23:44:27.476 | 663 taskScheduler-1  | DEBUG | .a.s.ParticipantScoreScheduleService : Processing exercise 1567 and participant 264 to update participant scores.
    23:44:27.478 | 664 taskScheduler-2  | DEBUG | .a.s.ParticipantScoreScheduleService : Updating the participant score for exercise 1566 and participant 264 took 7 ms.
    23:44:27.507 | 666 taskScheduler-4  | DEBUG | .a.s.ParticipantScoreScheduleService : Processing exercise 1569 and participant 264 to update participant scores.
    23:44:27.507 | 665 taskScheduler-3  | DEBUG | .a.s.ParticipantScoreScheduleService : Processing exercise 1570 and participant 264 to update participant scores.
    23:44:27.510 | 664 taskScheduler-2  | DEBUG | .a.s.ParticipantScoreScheduleService : Processing exercise 1568 and participant 264 to update participant scores.
    23:44:27.512 | 663 taskScheduler-1  | DEBUG | .a.s.ParticipantScoreScheduleService : Updating the participant score for exercise 1567 and participant 264 took 36 ms.
    23:44:27.517 | 666 taskScheduler-4  | DEBUG | .a.s.ParticipantScoreScheduleService : Updating the participant score for exercise 1569 and participant 264 took 10 ms.
    23:44:27.521 | 664 taskScheduler-2  | DEBUG | .a.s.ParticipantScoreScheduleService : Updating the participant score for exercise 1568 and participant 264 took 11 ms.
    23:44:27.522 | 665 taskScheduler-3  | DEBUG | .a.s.ParticipantScoreScheduleService : Updating the participant score for exercise 1570 and participant 264 took 15 ms.

Finished logs for MetricsIntegrationTest
]]></system-out>
  <system-err><![CDATA[]]></system-err>
</testsuite>
