<?xml version="1.0" encoding="UTF-8"?>
<testsuite name="de.tum.cit.aet.artemis.lti.LtiDeepLinkingIntegrationTest" tests="5" skipped="0" failures="0" errors="0" timestamp="2025-02-14T23:47:03" hostname="fv-az1721-502" time="0.612">
  <properties/>
  <testcase name="deepLinkingFailsForNonOnlineCourse()" classname="de.tum.cit.aet.artemis.lti.LtiDeepLinkingIntegrationTest" time="0.111"/>
  <testcase name="deepLinkingFailsAsStudent()" classname="de.tum.cit.aet.artemis.lti.LtiDeepLinkingIntegrationTest" time="0.126"/>
  <testcase name="deepLinkingSuccessAsInstructor()" classname="de.tum.cit.aet.artemis.lti.LtiDeepLinkingIntegrationTest" time="0.262"/>
  <testcase name="deepLinkingFailsWithoutExerciseId()" classname="de.tum.cit.aet.artemis.lti.LtiDeepLinkingIntegrationTest" time="0.046"/>
  <testcase name="deepLinkingAsInstructor()" classname="de.tum.cit.aet.artemis.lti.LtiDeepLinkingIntegrationTest" time="0.053"/>
  <system-out><![CDATA[
Starting logs for LtiDeepLinkingIntegrationTest

  Starting logs for LtiDeepLinkingIntegrationTest > deepLinkingFailsForNonOnlineCourse()
    23:47:03.125 | 423 ool-1-worker-187 | DEBUG | d.t.c.a.a.c.u.util.UserUtilService   : Generate 1 students...
    23:47:03.130 | 423 ool-1-worker-187 | DEBUG | d.t.c.a.a.c.u.util.UserUtilService   : 1 students generated. Generate 1 tutors...
    23:47:03.134 | 423 ool-1-worker-187 | DEBUG | d.t.c.a.a.c.u.util.UserUtilService   : 1 tutors generated. Generate 0 editors...
    23:47:03.136 | 423 ool-1-worker-187 | DEBUG | d.t.c.a.a.c.u.util.UserUtilService   : 0 editors generated. Generate 1 instructors...
    23:47:03.137 | 423 ool-1-worker-187 | DEBUG | d.t.c.a.a.c.u.util.UserUtilService   : 1 instructors generated
    23:47:03.140 | 423 ool-1-worker-187 | DEBUG | d.t.c.a.a.c.u.util.UserUtilService   : Removing 3 users from all courses...
    23:47:03.140 | 423 ool-1-worker-187 | DEBUG | d.t.c.a.a.c.u.util.UserUtilService   : Removing 3 users from all courses. Done
    23:47:03.140 | 423 ool-1-worker-187 | DEBUG | d.t.c.a.a.c.u.util.UserUtilService   : Save 3 users to database...
    23:47:03.142 | 423 ool-1-worker-187 | DEBUG | d.t.c.a.a.c.u.util.UserUtilService   : Save 3 users to database. Done
    23:47:03.164 | 423 ool-1-worker-187 | INFO  | i.z.t.d.l.EmbeddedDatabaseReporter   : JDBC URL to connect to 'dataSource': url='jdbc:h2:tcp://localhost:41063/mem:df70fc46-7e57-4cb5-9cd0-c1d90c14afa7;USER=sa', scope='LtiDeepLinkingIntegrationTest#deepLinkingFailsForNonOnlineCourse'
    23:47:03.179 | 423 ool-1-worker-187 | DEBUG | d.t.c.a.a.c.s.f.ApiVersionFilter     : Adding Version to Request POST /api/lti13/deep-linking/2326
    23:47:03.182 | 423 ool-1-worker-187 | INFO  | d.t.c.a.artemis.lti.web.LtiResource  : LTI 1.3 Deep Linking request received for course 2326 with exercises [3107] for registrationId registration-id
    23:47:03.191 | 423 ool-1-worker-187 | ERROR | tech.jhipster.web.util.HeaderUtil    : Entity processing failed, LTI is not configured for this course
    23:47:03.191 | 423 ool-1-worker-187 | WARN  | o.z.p.spring.common.AdviceTraits     : Bad Request: LTI is not configured for this course

  Starting logs for LtiDeepLinkingIntegrationTest > deepLinkingFailsAsStudent()
    23:47:03.233 | 423 ool-1-worker-187 | DEBUG | d.t.c.a.a.c.u.util.UserUtilService   : Generate 1 students...
    23:47:03.239 | 423 ool-1-worker-187 | DEBUG | d.t.c.a.a.c.u.util.UserUtilService   : 1 students generated. Generate 1 tutors...
    23:47:03.242 | 423 ool-1-worker-187 | DEBUG | d.t.c.a.a.c.u.util.UserUtilService   : 1 tutors generated. Generate 0 editors...
    23:47:03.243 | 423 ool-1-worker-187 | DEBUG | d.t.c.a.a.c.u.util.UserUtilService   : 0 editors generated. Generate 1 instructors...
    23:47:03.246 | 423 ool-1-worker-187 | DEBUG | d.t.c.a.a.c.u.util.UserUtilService   : 1 instructors generated
    23:47:03.254 | 423 ool-1-worker-187 | DEBUG | d.t.c.a.a.c.u.util.UserUtilService   : Removing 3 users from all courses...
    23:47:03.255 | 423 ool-1-worker-187 | DEBUG | d.t.c.a.a.c.u.util.UserUtilService   : Removing 3 users from all courses. Done
    23:47:03.255 | 423 ool-1-worker-187 | DEBUG | d.t.c.a.a.c.u.util.UserUtilService   : Save 3 users to database...
    23:47:03.273 | 423 ool-1-worker-187 | DEBUG | d.t.c.a.a.c.u.util.UserUtilService   : Save 3 users to database. Done
    23:47:03.311 | 423 ool-1-worker-187 | INFO  | i.z.t.d.l.EmbeddedDatabaseReporter   : JDBC URL to connect to 'dataSource': url='jdbc:h2:tcp://localhost:41063/mem:df70fc46-7e57-4cb5-9cd0-c1d90c14afa7;USER=sa', scope='LtiDeepLinkingIntegrationTest#deepLinkingFailsAsStudent'
    23:47:03.314 | 423 ool-1-worker-187 | DEBUG | d.t.c.a.a.c.s.f.ApiVersionFilter     : Adding Version to Request POST /api/lti13/deep-linking/2327
    23:47:03.320 | 423 ool-1-worker-187 | WARN  | o.z.p.spring.common.AdviceTraits     : Forbidden: Access Denied

  Starting logs for LtiDeepLinkingIntegrationTest > deepLinkingSuccessAsInstructor()
    23:47:03.366 | 423 ool-1-worker-187 | DEBUG | d.t.c.a.a.c.u.util.UserUtilService   : Generate 1 students...
    23:47:03.376 | 423 ool-1-worker-187 | DEBUG | d.t.c.a.a.c.u.util.UserUtilService   : 1 students generated. Generate 1 tutors...
    23:47:03.381 | 423 ool-1-worker-187 | DEBUG | d.t.c.a.a.c.u.util.UserUtilService   : 1 tutors generated. Generate 0 editors...
    23:47:03.383 | 423 ool-1-worker-187 | DEBUG | d.t.c.a.a.c.u.util.UserUtilService   : 0 editors generated. Generate 1 instructors...
    23:47:03.391 | 423 ool-1-worker-187 | DEBUG | d.t.c.a.a.c.u.util.UserUtilService   : 1 instructors generated
    23:47:03.393 | 423 ool-1-worker-187 | DEBUG | d.t.c.a.a.c.u.util.UserUtilService   : Removing 3 users from all courses...
    23:47:03.394 | 423 ool-1-worker-187 | DEBUG | d.t.c.a.a.c.u.util.UserUtilService   : Removing 3 users from all courses. Done
    23:47:03.394 | 423 ool-1-worker-187 | DEBUG | d.t.c.a.a.c.u.util.UserUtilService   : Save 3 users to database...
    23:47:03.402 | 423 ool-1-worker-187 | DEBUG | d.t.c.a.a.c.u.util.UserUtilService   : Save 3 users to database. Done
    23:47:03.421 | 423 ool-1-worker-187 | INFO  | i.z.t.d.l.EmbeddedDatabaseReporter   : JDBC URL to connect to 'dataSource': url='jdbc:h2:tcp://localhost:41063/mem:df70fc46-7e57-4cb5-9cd0-c1d90c14afa7;USER=sa', scope='LtiDeepLinkingIntegrationTest#deepLinkingSuccessAsInstructor'
    23:47:03.588 | 423 ool-1-worker-187 | DEBUG | d.t.c.a.a.c.s.f.ApiVersionFilter     : Adding Version to Request POST /api/lti13/deep-linking/2328
    23:47:03.589 | 423 ool-1-worker-187 | INFO  | d.t.c.a.artemis.lti.web.LtiResource  : LTI 1.3 Deep Linking request received for course 2328 with exercises [3109] for registrationId registration-id
    23:47:03.605 | 423 ool-1-worker-187 | DEBUG | d.t.c.a.a.l.c.Lti13TokenRetriever    : Created signed token: eyJ0eXAiOiJKV1QiLCJhbGciOiJSUzI1NiJ9.eyJhdWQiOiJodHRwczovL3BsYXRmb3JtLmV4YW1wbGUub3JnIiwiaHR0cHM6Ly9wdXJsLmltc2dsb2JhbC5vcmcvc3BlYy9sdGkvY2xhaW0vbWVzc2FnZV90eXBlIjoiTHRpRGVlcExpbmtpbmdSZXNwb25zZSIsImh0dHBzOi8vcHVybC5pbXNnbG9iYWwub3JnL3NwZWMvbHRpL2NsYWltL2RlcGxveW1lbnRfaWQiOiIwNzk0MDU4MC1iMzA5LTQxNWUtYTM3Yy05MTRkMzg3YzExNTAiLCJodHRwczovL3B1cmwuaW1zZ2xvYmFsLm9yZy9zcGVjL2x0aS9jbGFpbS92ZXJzaW9uIjoiMS4zLjAiLCJodHRwczovL3B1cmwuaW1zZ2xvYmFsLm9yZy9zcGVjL2x0aS1kbC9jbGFpbS9jb250ZW50X2l0ZW1zIjpbeyJsaW5lSXRlbSI6eyJzY29yZU1heGltdW0iOjEwMC4wfSwidHlwZSI6Imx0aVJlc291cmNlTGluayIsInRpdGxlIjoiUHJvZ3JhbW1pbmciLCJ1cmwiOiJodHRwczovL2FydGVtaXNsb2NhbC5hc2UuaW4udHVtLmRlL2NvdXJzZXMvMjMyOC9leGVyY2lzZXMvMzEwOSJ9XSwiaXNzIjoiOTYyZmE0ZDgtYmNiZi00OWEwLTk0YjItMmRlMDVhZDI3NGFmIiwiZXhwIjoxNzM5NTc2ODgzLCJodHRwczovL3B1cmwuaW1zZ2xvYmFsLm9yZy9zcGVjL2x0aS1kbC9jbGFpbS9tc2ciOiJDb250ZW50IHN1Y2Nlc3NmdWxseSBsaW5rZWQiLCJpYXQiOjE3Mzk1NzY4MjMsIm5vbmNlIjoiZmM1ZmRjNmQtNWRkNi00N2Y0LWIyYzktNWQxMjE2ZTliNzcxIn0.PsKsNejonAY0rv9_iKIeBzybMdwK8p-DSgjuHf-O6JzYbzoFt_RNZtznkhVS7dZ7D6YwZK8-0fTdsU1NYF1pYl_ojVauRmalE2SLGZoJwnln4YlhJEOTynex01mGCN7AhkbS5vxwBu-9Dkd62eVzWLXJRk-hp75RGaukxB8zmAaQ9HSUZyqmjnByf4_w1ohFkW3xQ-Z8DYHj1gHtldFzOYXzqK5tfCj_phlxeOZz5cdN7rxZwHIswpDUAq4Q5m7tplyuwjJD8Mk12dpaLqrGCSzTH69X7SWBO7yYz3isiqd85L5mTNEypL4PrpKGG0OyzX8ZSBRUis2d2APm12dlLw

  Starting logs for LtiDeepLinkingIntegrationTest > deepLinkingFailsWithoutExerciseId()
    23:47:03.621 | 423 ool-1-worker-187 | DEBUG | d.t.c.a.a.c.u.util.UserUtilService   : Generate 1 students...
    23:47:03.624 | 423 ool-1-worker-187 | DEBUG | d.t.c.a.a.c.u.util.UserUtilService   : 1 students generated. Generate 1 tutors...
    23:47:03.626 | 423 ool-1-worker-187 | DEBUG | d.t.c.a.a.c.u.util.UserUtilService   : 1 tutors generated. Generate 0 editors...
    23:47:03.628 | 423 ool-1-worker-187 | DEBUG | d.t.c.a.a.c.u.util.UserUtilService   : 0 editors generated. Generate 1 instructors...
    23:47:03.630 | 423 ool-1-worker-187 | DEBUG | d.t.c.a.a.c.u.util.UserUtilService   : 1 instructors generated
    23:47:03.632 | 423 ool-1-worker-187 | DEBUG | d.t.c.a.a.c.u.util.UserUtilService   : Removing 3 users from all courses...
    23:47:03.633 | 423 ool-1-worker-187 | DEBUG | d.t.c.a.a.c.u.util.UserUtilService   : Removing 3 users from all courses. Done
    23:47:03.633 | 423 ool-1-worker-187 | DEBUG | d.t.c.a.a.c.u.util.UserUtilService   : Save 3 users to database...
    23:47:03.636 | 423 ool-1-worker-187 | DEBUG | d.t.c.a.a.c.u.util.UserUtilService   : Save 3 users to database. Done
    23:47:03.653 | 423 ool-1-worker-187 | INFO  | i.z.t.d.l.EmbeddedDatabaseReporter   : JDBC URL to connect to 'dataSource': url='jdbc:h2:tcp://localhost:41063/mem:df70fc46-7e57-4cb5-9cd0-c1d90c14afa7;USER=sa', scope='LtiDeepLinkingIntegrationTest#deepLinkingFailsWithoutExerciseId'
    23:47:03.654 | 423 ool-1-worker-187 | DEBUG | d.t.c.a.a.c.s.f.ApiVersionFilter     : Adding Version to Request POST /api/lti13/deep-linking/2329
    23:47:03.655 | 423 ool-1-worker-187 | WARN  | o.z.p.spring.common.AdviceTraits     : Bad Request: Required request parameter 'exerciseIds' for method parameter type Set is not present

  Starting logs for LtiDeepLinkingIntegrationTest > deepLinkingAsInstructor()
    23:47:03.669 | 423 ool-1-worker-187 | DEBUG | d.t.c.a.a.c.u.util.UserUtilService   : Generate 1 students...
    23:47:03.672 | 423 ool-1-worker-187 | DEBUG | d.t.c.a.a.c.u.util.UserUtilService   : 1 students generated. Generate 1 tutors...
    23:47:03.675 | 423 ool-1-worker-187 | DEBUG | d.t.c.a.a.c.u.util.UserUtilService   : 1 tutors generated. Generate 0 editors...
    23:47:03.676 | 423 ool-1-worker-187 | DEBUG | d.t.c.a.a.c.u.util.UserUtilService   : 0 editors generated. Generate 1 instructors...
    23:47:03.679 | 423 ool-1-worker-187 | DEBUG | d.t.c.a.a.c.u.util.UserUtilService   : 1 instructors generated
    23:47:03.680 | 423 ool-1-worker-187 | DEBUG | d.t.c.a.a.c.u.util.UserUtilService   : Removing 3 users from all courses...
    23:47:03.681 | 423 ool-1-worker-187 | DEBUG | d.t.c.a.a.c.u.util.UserUtilService   : Removing 3 users from all courses. Done
    23:47:03.681 | 423 ool-1-worker-187 | DEBUG | d.t.c.a.a.c.u.util.UserUtilService   : Save 3 users to database...
    23:47:03.684 | 423 ool-1-worker-187 | DEBUG | d.t.c.a.a.c.u.util.UserUtilService   : Save 3 users to database. Done
    23:47:03.701 | 423 ool-1-worker-187 | INFO  | i.z.t.d.l.EmbeddedDatabaseReporter   : JDBC URL to connect to 'dataSource': url='jdbc:h2:tcp://localhost:41063/mem:df70fc46-7e57-4cb5-9cd0-c1d90c14afa7;USER=sa', scope='LtiDeepLinkingIntegrationTest#deepLinkingAsInstructor'
    23:47:03.704 | 423 ool-1-worker-187 | DEBUG | d.t.c.a.a.c.s.f.ApiVersionFilter     : Adding Version to Request POST /api/lti13/deep-linking/2330
    23:47:03.705 | 423 ool-1-worker-187 | INFO  | d.t.c.a.artemis.lti.web.LtiResource  : LTI 1.3 Deep Linking request received for course 2330 with exercises [3111] for registrationId registration-id
    23:47:03.709 | 423 ool-1-worker-187 | ERROR | d.t.c.a.a.l.c.Lti13TokenRetriever    : Could not create keypair for clientRegistrationId registration-id
    23:47:03.709 | 423 ool-1-worker-187 | ERROR | tech.jhipster.web.util.HeaderUtil    : Entity processing failed, Deep linking response cannot be created
    23:47:03.709 | 423 ool-1-worker-187 | WARN  | o.z.p.spring.common.AdviceTraits     : Bad Request: Deep linking response cannot be created

Finished logs for LtiDeepLinkingIntegrationTest
]]></system-out>
  <system-err><![CDATA[]]></system-err>
</testsuite>
