<?xml version="1.0" encoding="UTF-8"?>
<testsuite name="de.tum.cit.aet.artemis.exam.service.StudentExamAccessServiceTest" tests="9" skipped="0" failures="0" errors="0" timestamp="2025-02-14T23:45:53" hostname="fv-az1721-502" time="0.394">
  <properties/>
  <testcase name="testIsAtLeastStudentInCourse()" classname="de.tum.cit.aet.artemis.exam.service.StudentExamAccessServiceTest" time="0.047"/>
  <testcase name="testUserStudentExamExists()" classname="de.tum.cit.aet.artemis.exam.service.StudentExamAccessServiceTest" time="0.044"/>
  <testcase name="testExamExists()" classname="de.tum.cit.aet.artemis.exam.service.StudentExamAccessServiceTest" time="0.045"/>
  <testcase name="testExamBelongsToCourse()" classname="de.tum.cit.aet.artemis.exam.service.StudentExamAccessServiceTest" time="0.039"/>
  <testcase name="testExamIsLive()" classname="de.tum.cit.aet.artemis.exam.service.StudentExamAccessServiceTest" time="0.047"/>
  <testcase name="testExamIdEqualsExamOfStudentExam()" classname="de.tum.cit.aet.artemis.exam.service.StudentExamAccessServiceTest" time="0.038"/>
  <testcase name="testCurrentUserIsUserOfStudentExam()" classname="de.tum.cit.aet.artemis.exam.service.StudentExamAccessServiceTest" time="0.041"/>
  <testcase name="testCurrentUserHasCourseAccess()" classname="de.tum.cit.aet.artemis.exam.service.StudentExamAccessServiceTest" time="0.037"/>
  <testcase name="testUserIsRegisteredForExam()" classname="de.tum.cit.aet.artemis.exam.service.StudentExamAccessServiceTest" time="0.045"/>
  <system-out><![CDATA[
Starting logs for StudentExamAccessServiceTest

  Starting logs for StudentExamAccessServiceTest > testIsAtLeastStudentInCourse()
    23:45:53.223 | 376 ool-1-worker-140 | DEBUG | d.t.c.a.a.c.u.util.UserUtilService   : Generate 2 students...
    23:45:53.225 | 376 ool-1-worker-140 | DEBUG | d.t.c.a.a.c.u.util.UserUtilService   : 2 students generated. Generate 0 tutors...
    23:45:53.226 | 376 ool-1-worker-140 | DEBUG | d.t.c.a.a.c.u.util.UserUtilService   : 0 tutors generated. Generate 0 editors...
    23:45:53.228 | 376 ool-1-worker-140 | DEBUG | d.t.c.a.a.c.u.util.UserUtilService   : 0 editors generated. Generate 0 instructors...
    23:45:53.229 | 376 ool-1-worker-140 | DEBUG | d.t.c.a.a.c.u.util.UserUtilService   : 0 instructors generated
    23:45:53.230 | 376 ool-1-worker-140 | DEBUG | d.t.c.a.a.c.u.util.UserUtilService   : Removing 2 users from all courses...
    23:45:53.231 | 376 ool-1-worker-140 | DEBUG | d.t.c.a.a.c.u.util.UserUtilService   : Removing 2 users from all courses. Done
    23:45:53.231 | 376 ool-1-worker-140 | DEBUG | d.t.c.a.a.c.u.util.UserUtilService   : Save 2 users to database...
    23:45:53.232 | 376 ool-1-worker-140 | DEBUG | d.t.c.a.a.c.u.util.UserUtilService   : Save 2 users to database. Done
    23:45:53.238 | 566 localvc.event-13 | DEBUG | a.a.b.s.SharedQueueProcessingService : Build job completed: BuildJobQueueItem[id=20301739576752239, name=SHORT716C2EC10B19B049C80A2F00B97EAB20B2A9TSTEXC-BASE, buildAgent=BuildAgentDTO[name=artemis-build-agent-test, memberAddress=[127.0.0.1]:5703, displayName=artemis-build-agent-test], participationId=2030, courseId=993, exerciseId=2610, retryCount=0, priority=2, status=null, repositoryInfo=RepositoryInfo[repositoryName=short716c2ec10b19b049c80a2f00b97eab20b2a9tstexc-exercise, repositoryType=exercise, triggeredByPushTo=tests, assignmentRepositoryUri=http://localhost:49152/git/SHORT716C2EC10B19B049C80A2F00B97EAB20B2A9TSTEXC/short716c2ec10b19b049c80a2f00b97eab20b2a9tstexc-exercise.git, testRepositoryUri=http://localhost:49152/git/SHORT716C2EC10B19B049C80A2F00B97EAB20B2A9TSTEXC/short716c2ec10b19b049c80a2f00b97eab20b2a9tstexc-tests.git, solutionRepositoryUri=null, auxiliaryRepositoryUris=[Ljava.lang.String;@27bb2700, auxiliaryRepositoryCheckoutDirectories=[Ljava.lang.String;@7913eb72], jobTimingInfo=JobTimingInfo[submissionDate=2025-02-14T23:45:52.239402475Z[Etc/UTC], buildStartDate=2025-02-14T23:45:52.258713639Z[Etc/UTC], buildCompletionDate=null, estimatedCompletionDate=2025-02-14T23:45:53.258707428Z[Etc/UTC], estimatedDuration=1], buildConfig=BuildConfig[buildScript=#!/bin/bash
cd /var/tmp/testing-dir
chmod +x ./gradlew
./gradlew clean test
, dockerImage=dummy-docker-image:latest, commitHashToBuild=1e531733ed6e9237f710b528d1eb0b7beac565fd, assignmentCommitHash=815e279f12ad296b4f24c44134a07293c04c010f, testCommitHash=1e531733ed6e9237f710b528d1eb0b7beac565fd, branch=main, programmingLanguage=JAVA, projectType=PLAIN_GRADLE, scaEnabled=false, sequentialTestRunsEnabled=false, resultPaths=[/var/tmp/testing-dir/**/test-results/test/*.xml], timeoutSeconds=0, assignmentCheckoutPath=null, testCheckoutPath=null, solutionCheckoutPath=null, dockerRunConfig=null], submissionResult=null]
    23:45:53.239 | 568 localvc.event-15 | DEBUG | a.p.s.l.LocalCIQueueWebsocketService : CIBuildJobQueueItem removed from processing jobs: BuildJobQueueItem[id=20301739576752239, name=SHORT716C2EC10B19B049C80A2F00B97EAB20B2A9TSTEXC-BASE, buildAgent=BuildAgentDTO[name=artemis-build-agent-test, memberAddress=[127.0.0.1]:5703, displayName=artemis-build-agent-test], participationId=2030, courseId=993, exerciseId=2610, retryCount=0, priority=2, status=null, repositoryInfo=RepositoryInfo[repositoryName=short716c2ec10b19b049c80a2f00b97eab20b2a9tstexc-exercise, repositoryType=exercise, triggeredByPushTo=tests, assignmentRepositoryUri=http://localhost:49152/git/SHORT716C2EC10B19B049C80A2F00B97EAB20B2A9TSTEXC/short716c2ec10b19b049c80a2f00b97eab20b2a9tstexc-exercise.git, testRepositoryUri=http://localhost:49152/git/SHORT716C2EC10B19B049C80A2F00B97EAB20B2A9TSTEXC/short716c2ec10b19b049c80a2f00b97eab20b2a9tstexc-tests.git, solutionRepositoryUri=null, auxiliaryRepositoryUris=[Ljava.lang.String;@737899e3, auxiliaryRepositoryCheckoutDirectories=[Ljava.lang.String;@73edfed1], jobTimingInfo=JobTimingInfo[submissionDate=2025-02-14T23:45:52.239402475Z[Etc/UTC], buildStartDate=2025-02-14T23:45:52.258713639Z[Etc/UTC], buildCompletionDate=null, estimatedCompletionDate=2025-02-14T23:45:53.258707428Z[Etc/UTC], estimatedDuration=1], buildConfig=BuildConfig[buildScript=#!/bin/bash
cd /var/tmp/testing-dir
chmod +x ./gradlew
./gradlew clean test
, dockerImage=dummy-docker-image:latest, commitHashToBuild=1e531733ed6e9237f710b528d1eb0b7beac565fd, assignmentCommitHash=815e279f12ad296b4f24c44134a07293c04c010f, testCommitHash=1e531733ed6e9237f710b528d1eb0b7beac565fd, branch=main, programmingLanguage=JAVA, projectType=PLAIN_GRADLE, scaEnabled=false, sequentialTestRunsEnabled=false, resultPaths=[/var/tmp/testing-dir/**/test-results/test/*.xml], timeoutSeconds=0, assignmentCheckoutPath=null, testCheckoutPath=null, solutionCheckoutPath=null, dockerRunConfig=null], submissionResult=null]
    23:45:53.239 | 568 localvc.event-15 | DEBUG | s.l.LocalCIWebsocketMessagingService : Sending message on topic /topic/admin/running-jobs: []
    23:45:53.239 | 568 localvc.event-15 | DEBUG | s.l.LocalCIWebsocketMessagingService : Sending message on topic /topic/courses/993/running-jobs: []
    23:45:53.245 | 376 ool-1-worker-140 | INFO  | i.z.t.d.l.EmbeddedDatabaseReporter   : JDBC URL to connect to 'dataSource': url='jdbc:h2:tcp://localhost:41063/mem:df70fc46-7e57-4cb5-9cd0-c1d90c14afa7;USER=sa', scope='StudentExamAccessServiceTest#testIsAtLeastStudentInCourse'
    23:45:53.247 | 566 localvc.event-13 | DEBUG | a.a.b.s.SharedQueueProcessingService : Currently processing jobs on this node: 0, active threads in Pool: 0, maximum pool size of thread executor : 1
    23:45:53.248 | 566 localvc.event-13 | DEBUG | s.l.LocalCIWebsocketMessagingService : Sending message on topic /topic/admin/queued-jobs: []
    23:45:53.248 | 566 localvc.event-13 | DEBUG | s.l.LocalCIWebsocketMessagingService : Sending message on topic /topic/courses/993/queued-jobs: []
    23:45:53.248 | 566 localvc.event-13 | DEBUG | a.a.b.s.SharedQueueProcessingService : CIBuildJobQueueItem removed from queue: BuildJobQueueItem[id=20301739576752239, name=SHORT716C2EC10B19B049C80A2F00B97EAB20B2A9TSTEXC-BASE, buildAgent=BuildAgentDTO[name=null, memberAddress=null, displayName=null], participationId=2030, courseId=993, exerciseId=2610, retryCount=0, priority=2, status=null, repositoryInfo=RepositoryInfo[repositoryName=short716c2ec10b19b049c80a2f00b97eab20b2a9tstexc-exercise, repositoryType=exercise, triggeredByPushTo=tests, assignmentRepositoryUri=http://localhost:49152/git/SHORT716C2EC10B19B049C80A2F00B97EAB20B2A9TSTEXC/short716c2ec10b19b049c80a2f00b97eab20b2a9tstexc-exercise.git, testRepositoryUri=http://localhost:49152/git/SHORT716C2EC10B19B049C80A2F00B97EAB20B2A9TSTEXC/short716c2ec10b19b049c80a2f00b97eab20b2a9tstexc-tests.git, solutionRepositoryUri=null, auxiliaryRepositoryUris=[Ljava.lang.String;@4cf1eb75, auxiliaryRepositoryCheckoutDirectories=[Ljava.lang.String;@4652303b], jobTimingInfo=JobTimingInfo[submissionDate=2025-02-14T23:45:52.239402475Z[Etc/UTC], buildStartDate=null, buildCompletionDate=null, estimatedCompletionDate=null, estimatedDuration=1], buildConfig=BuildConfig[buildScript=#!/bin/bash
cd /var/tmp/testing-dir
chmod +x ./gradlew
./gradlew clean test
, dockerImage=dummy-docker-image:latest, commitHashToBuild=1e531733ed6e9237f710b528d1eb0b7beac565fd, assignmentCommitHash=815e279f12ad296b4f24c44134a07293c04c010f, testCommitHash=1e531733ed6e9237f710b528d1eb0b7beac565fd, branch=main, programmingLanguage=JAVA, projectType=PLAIN_GRADLE, scaEnabled=false, sequentialTestRunsEnabled=false, resultPaths=[/var/tmp/testing-dir/**/test-results/test/*.xml], timeoutSeconds=0, assignmentCheckoutPath=null, testCheckoutPath=null, solutionCheckoutPath=null, dockerRunConfig=null], submissionResult=null]
    23:45:53.249 | 566 localvc.event-13 | DEBUG | s.l.LocalCIWebsocketMessagingService : Sending message on topic /topic/admin/queued-jobs: []
    23:45:53.249 | 566 localvc.event-13 | DEBUG | s.l.LocalCIWebsocketMessagingService : Sending message on topic /topic/courses/993/queued-jobs: []
    23:45:53.249 | 566 localvc.event-13 | DEBUG | a.p.s.l.LocalCIQueueWebsocketService : Build agent updated: BuildAgentInformation[buildAgent=BuildAgentDTO[name=artemis-build-agent-test, memberAddress=[127.0.0.1]:5703, displayName=artemis-build-agent-test], maxNumberOfConcurrentBuildJobs=1, numberOfCurrentBuildJobs=1, runningBuildJobs=[BuildJobQueueItem[id=20301739576752239, name=SHORT716C2EC10B19B049C80A2F00B97EAB20B2A9TSTEXC-BASE, buildAgent=BuildAgentDTO[name=artemis-build-agent-test, memberAddress=[127.0.0.1]:5703, displayName=artemis-build-agent-test], participationId=2030, courseId=993, exerciseId=2610, retryCount=0, priority=2, status=null, repositoryInfo=RepositoryInfo[repositoryName=short716c2ec10b19b049c80a2f00b97eab20b2a9tstexc-exercise, repositoryType=exercise, triggeredByPushTo=tests, assignmentRepositoryUri=http://localhost:49152/git/SHORT716C2EC10B19B049C80A2F00B97EAB20B2A9TSTEXC/short716c2ec10b19b049c80a2f00b97eab20b2a9tstexc-exercise.git, testRepositoryUri=http://localhost:49152/git/SHORT716C2EC10B19B049C80A2F00B97EAB20B2A9TSTEXC/short716c2ec10b19b049c80a2f00b97eab20b2a9tstexc-tests.git, solutionRepositoryUri=null, auxiliaryRepositoryUris=[Ljava.lang.String;@b475e19, auxiliaryRepositoryCheckoutDirectories=[Ljava.lang.String;@5cc374a2], jobTimingInfo=JobTimingInfo[submissionDate=2025-02-14T23:45:52.239402475Z[Etc/UTC], buildStartDate=2025-02-14T23:45:52.258713639Z[Etc/UTC], buildCompletionDate=null, estimatedCompletionDate=2025-02-14T23:45:53.258707428Z[Etc/UTC], estimatedDuration=1], buildConfig=BuildConfig[buildScript=#!/bin/bash
cd /var/tmp/testing-dir
chmod +x ./gradlew
./gradlew clean test
, dockerImage=dummy-docker-image:latest, commitHashToBuild=1e531733ed6e9237f710b528d1eb0b7beac565fd, assignmentCommitHash=815e279f12ad296b4f24c44134a07293c04c010f, testCommitHash=1e531733ed6e9237f710b528d1eb0b7beac565fd, branch=main, programmingLanguage=JAVA, projectType=PLAIN_GRADLE, scaEnabled=false, sequentialTestRunsEnabled=false, resultPaths=[/var/tmp/testing-dir/**/test-results/test/*.xml], timeoutSeconds=0, assignmentCheckoutPath=null, testCheckoutPath=null, solutionCheckoutPath=null, dockerRunConfig=null], submissionResult=null]], status=ACTIVE, recentBuildJobs=[BuildJobQueueItem[id=19141739576708030, name=SHORT5F02A8F400311042E70858306EB148073CFDTSTEXC-LOCALVCINTSTUDENT1, buildAgent=BuildAgentDTO[name=artemis-build-agent-test, memberAddress=[127.0.0.1]:5703, displayName=artemis-build-agent-test], participationId=1914, courseId=947, exerciseId=2564, retryCount=0, priority=2, status=FAILED, repositoryInfo=RepositoryInfo[repositoryName=short5f02a8f400311042e70858306eb148073cfdtstexc-localvcintstudent1, repositoryType=user, triggeredByPushTo=user, assignmentRepositoryUri=http://localhost:49152/git/SHORT5F02A8F400311042E70858306EB148073CFDTSTEXC/short5f02a8f400311042e70858306eb148073cfdtstexc-localvcintstudent1.git, testRepositoryUri=http://localhost:49152/git/SHORT5F02A8F400311042E70858306EB148073CFDTSTEXC/short5f02a8f400311042e70858306eb148073cfdtstexc-tests.git, solutionRepositoryUri=null, auxiliaryRepositoryUris=[Ljava.lang.String;@24ffa327, auxiliaryRepositoryCheckoutDirectories=[Ljava.lang.String;@191d867c], jobTimingInfo=JobTimingInfo[submissionDate=2025-02-14T23:45:08.030118216Z[Etc/UTC], buildStartDate=2025-02-14T23:45:08.041011412Z[Etc/UTC], buildCompletionDate=2025-02-14T23:45:08.054603331Z[Etc/UTC], estimatedCompletionDate=2025-02-14T23:45:27.041005080Z[Etc/UTC], estimatedDuration=19], buildConfig=BuildConfig[buildScript=#!/bin/bash
cd /var/tmp/testing-dir
chmod +x ./gradlew
./gradlew clean test
, dockerImage=dummy-docker-image:latest, commitHashToBuild=6e7146cac5059504aa9d170ec3fa23aec740bb51, assignmentCommitHash=6e7146cac5059504aa9d170ec3fa23aec740bb51, testCommitHash=931e5303581c7a2f01339ba603cfafbfe668b901, branch=main, programmingLanguage=JAVA, projectType=PLAIN_GRADLE, scaEnabled=false, sequentialTestRunsEnabled=false, resultPaths=[/var/tmp/testing-dir/**/test-results/test/*.xml], timeoutSeconds=0, assignmentCheckoutPath=null, testCheckoutPath=null, solutionCheckoutPath=null, dockerRunConfig=null], submissionResult=ResultDTO[id=622, completionDate=2025-02-14T23:45:08.054683681Z[Etc/UTC], successful=false, score=0.0, rated=true, submission=SubmissionDTO[id=814, submitted=true, type=MANUAL, exampleSubmission=null, submissionDate=2025-02-14T23:45:08.016200Z, commitHash=6e7146cac5059504aa9d170ec3fa23aec740bb51, buildFailed=true, buildArtifact=false, participation=ParticipationDTO[id=1914, testRun=false, type=programming, submissionCount=null, exercise=ParticipationExerciseDTO[id=2564, exerciseType=PROGRAMMING, type=programming, assessmentType=AUTOMATIC, dueDate=2025-02-16T23:45:07.324348Z, assessmentDueDate=null, maxPoints=42.0, course=CourseDTO[id=947, accuracyOfScores=1]]], submissionExerciseType=programming, isProcessing=false, buildStartDate=null, estimatedCompletionDate=null], participation=ParticipationDTO[id=1914, testRun=false, type=programming, submissionCount=null, exercise=ParticipationExerciseDTO[id=2564, exerciseType=PROGRAMMING, type=programming, assessmentType=AUTOMATIC, dueDate=2025-02-16T23:45:07.324348Z, assessmentDueDate=null, maxPoints=42.0, course=CourseDTO[id=947, accuracyOfScores=1]]], feedbacks=[], assessmentType=AUTOMATIC, hasComplaint=null, exampleResult=null, testCaseCount=0, passedTestCaseCount=0, codeIssueCount=0]], BuildJobQueueItem[id=19361739576711303, name=SHORT9AFDAE3804CA304DDF0889A0CB0F56104A86TSTEXC-LOCALVCINTSTUDENT1, buildAgent=BuildAgentDTO[name=artemis-build-agent-test, memberAddress=[127.0.0.1]:5703, displayName=artemis-build-agent-test], participationId=1936, courseId=956, exerciseId=2573, retryCount=0, priority=2, status=FAILED, repositoryInfo=RepositoryInfo[repositoryName=short9afdae3804ca304ddf0889a0cb0f56104a86tstexc-localvcintstudent1, repositoryType=user, triggeredByPushTo=user, assignmentRepositoryUri=http://localhost:49152/git/SHORT9AFDAE3804CA304DDF0889A0CB0F56104A86TSTEXC/short9afdae3804ca304ddf0889a0cb0f56104a86tstexc-localvcintstudent1.git, testRepositoryUri=http://localhost:49152/git/SHORT9AFDAE3804CA304DDF0889A0CB0F56104A86TSTEXC/short9afdae3804ca304ddf0889a0cb0f56104a86tstexc-tests.git, solutionRepositoryUri=null, auxiliaryRepositoryUris=[Ljava.lang.String;@281bb4d0, auxiliaryRepositoryCheckoutDirectories=[Ljava.lang.String;@6fbab315], jobTimingInfo=JobTimingInfo[submissionDate=2025-02-14T23:45:11.303805653Z[Etc/UTC], buildStartDate=2025-02-14T23:45:11.310981356Z[Etc/UTC], buildCompletionDate=2025-02-14T23:45:11.319178384Z[Etc/UTC], estimatedCompletionDate=2025-02-14T23:45:30.310974944Z[Etc/UTC], estimatedDuration=19], buildConfig=BuildConfig[buildScript=#!/bin/bash
cd /var/tmp/testing-dir
chmod +x ./gradlew
./gradlew clean test
, dockerImage=dummy-docker-image:latest, commitHashToBuild=a1099e378cffde441ef85f9b12577ca174b8e1e4, assignmentCommitHash=a1099e378cffde441ef85f9b12577ca174b8e1e4, testCommitHash=bd38d61c299ab11a1dea82a3ca5493fe04d97d47, branch=main, programmingLanguage=JAVA, projectType=PLAIN_GRADLE, scaEnabled=false, sequentialTestRunsEnabled=false, resultPaths=[/var/tmp/testing-dir/**/test-results/test/*.xml], timeoutSeconds=0, assignmentCheckoutPath=null, testCheckoutPath=null, solutionCheckoutPath=null, dockerRunConfig=null], submissionResult=ResultDTO[id=623, completionDate=2025-02-14T23:45:11.319278430Z[Etc/UTC], successful=false, score=0.0, rated=true, submission=SubmissionDTO[id=815, submitted=true, type=MANUAL, exampleSubmission=null, submissionDate=2025-02-14T23:45:11.294386Z, commitHash=a1099e378cffde441ef85f9b12577ca174b8e1e4, buildFailed=true, buildArtifact=false, participation=ParticipationDTO[id=1936, testRun=false, type=programming, submissionCount=null, exercise=ParticipationExerciseDTO[id=2573, exerciseType=PROGRAMMING, type=programming, assessmentType=AUTOMATIC, dueDate=2025-02-16T23:45:10.996982Z, assessmentDueDate=null, maxPoints=42.0, course=CourseDTO[id=956, accuracyOfScores=1]]], submissionExerciseType=programming, isProcessing=false, buildStartDate=null, estimatedCompletionDate=null], participation=ParticipationDTO[id=1936, testRun=false, type=programming, submissionCount=null, exercise=ParticipationExerciseDTO[id=2573, exerciseType=PROGRAMMING, type=programming, assessmentType=AUTOMATIC, dueDate=2025-02-16T23:45:10.996982Z, assessmentDueDate=null, maxPoints=42.0, course=CourseDTO[id=956, accuracyOfScores=1]]], feedbacks=[], assessmentType=AUTOMATIC, hasComplaint=null, exampleResult=null, testCaseCount=0, passedTestCaseCount=0, codeIssueCount=0]], BuildJobQueueItem[id=19351739576711674, name=SHORT9AFDAE3804CA304DDF0889A0CB0F56104A86TSTEXC-BASE, buildAgent=BuildAgentDTO[name=artemis-build-agent-test, memberAddress=[127.0.0.1]:5703, displayName=artemis-build-agent-test], participationId=1935, courseId=956, exerciseId=2573, retryCount=0, priority=2, status=FAILED, repositoryInfo=RepositoryInfo[repositoryName=short9afdae3804ca304ddf0889a0cb0f56104a86tstexc-exercise, repositoryType=exercise, triggeredByPushTo=exercise, assignmentRepositoryUri=http://localhost:49152/git/SHORT9AFDAE3804CA304DDF0889A0CB0F56104A86TSTEXC/short9afdae3804ca304ddf0889a0cb0f56104a86tstexc-exercise.git, testRepositoryUri=http://localhost:49152/git/SHORT9AFDAE3804CA304DDF0889A0CB0F56104A86TSTEXC/short9afdae3804ca304ddf0889a0cb0f56104a86tstexc-tests.git, solutionRepositoryUri=null, auxiliaryRepositoryUris=[Ljava.lang.String;@3605d35e, auxiliaryRepositoryCheckoutDirectories=[Ljava.lang.String;@435e8d84], jobTimingInfo=JobTimingInfo[submissionDate=2025-02-14T23:45:11.674556681Z[Etc/UTC], buildStartDate=2025-02-14T23:45:11.677776879Z[Etc/UTC], buildCompletionDate=2025-02-14T23:45:11.688097378Z[Etc/UTC], estimatedCompletionDate=2025-02-14T23:45:30.677771620Z[Etc/UTC], estimatedDuration=19], buildConfig=BuildConfig[buildScript=#!/bin/bash
cd /var/tmp/testing-dir
chmod +x ./gradlew
./gradlew clean test
, dockerImage=dummy-docker-image:latest, commitHashToBuild=a1099e378cffde441ef85f9b12577ca174b8e1e4, assignmentCommitHash=a1099e378cffde441ef85f9b12577ca174b8e1e4, testCommitHash=bd38d61c299ab11a1dea82a3ca5493fe04d97d47, branch=main, programmingLanguage=JAVA, projectType=PLAIN_GRADLE, scaEnabled=false, sequentialTestRunsEnabled=false, resultPaths=[/var/tmp/testing-dir/**/test-results/test/*.xml], timeoutSeconds=0, assignmentCheckoutPath=null, testCheckoutPath=null, solutionCheckoutPath=null, dockerRunConfig=null], submissionResult=ResultDTO[id=624, completionDate=2025-02-14T23:45:11.688214837Z[Etc/UTC], successful=false, score=0.0, rated=true, submission=SubmissionDTO[id=816, submitted=true, type=MANUAL, exampleSubmission=null, submissionDate=2025-02-14T23:45:11.656934Z, commitHash=a1099e378cffde441ef85f9b12577ca174b8e1e4, buildFailed=true, buildArtifact=false, participation=ParticipationDTO[id=1935, testRun=false, type=template, submissionCount=null, exercise=ParticipationExerciseDTO[id=2573, exerciseType=PROGRAMMING, type=programming, assessmentType=AUTOMATIC, dueDate=2025-02-16T23:45:10.996982Z, assessmentDueDate=null, maxPoints=42.0, course=CourseDTO[id=956, accuracyOfScores=1]]], submissionExerciseType=programming, isProcessing=false, buildStartDate=null, estimatedCompletionDate=null], participation=ParticipationDTO[id=1935, testRun=false, type=template, submissionCount=null, exercise=ParticipationExerciseDTO[id=2573, exerciseType=PROGRAMMING, type=programming, assessmentType=AUTOMATIC, dueDate=2025-02-16T23:45:10.996982Z, assessmentDueDate=null, maxPoints=42.0, course=CourseDTO[id=956, accuracyOfScores=1]]], feedbacks=[], assessmentType=AUTOMATIC, hasComplaint=null, exampleResult=null, testCaseCount=0, passedTestCaseCount=0, codeIssueCount=0]], BuildJobQueueItem[id=19341739576712112, name=SHORT9AFDAE3804CA304DDF0889A0CB0F56104A86TSTEXC-SOLUTION, buildAgent=BuildAgentDTO[name=artemis-build-agent-test, memberAddress=[127.0.0.1]:5703, displayName=artemis-build-agent-test], participationId=1934, courseId=956, exerciseId=2573, retryCount=0, priority=2, status=FAILED, repositoryInfo=RepositoryInfo[repositoryName=short9afdae3804ca304ddf0889a0cb0f56104a86tstexc-solution, repositoryType=solution, triggeredByPushTo=solution, assignmentRepositoryUri=http://localhost:49152/git/SHORT9AFDAE3804CA304DDF0889A0CB0F56104A86TSTEXC/short9afdae3804ca304ddf0889a0cb0f56104a86tstexc-solution.git, testRepositoryUri=http://localhost:49152/git/SHORT9AFDAE3804CA304DDF0889A0CB0F56104A86TSTEXC/short9afdae3804ca304ddf0889a0cb0f56104a86tstexc-tests.git, solutionRepositoryUri=null, auxiliaryRepositoryUris=[Ljava.lang.String;@36161c0b, auxiliaryRepositoryCheckoutDirectories=[Ljava.lang.String;@c0e23c7], jobTimingInfo=JobTimingInfo[submissionDate=2025-02-14T23:45:12.112332872Z[Etc/UTC], buildStartDate=2025-02-14T23:45:12.121617114Z[Etc/UTC], buildCompletionDate=2025-02-14T23:45:12.127931701Z[Etc/UTC], estimatedCompletionDate=2025-02-14T23:45:31.121609600Z[Etc/UTC], estimatedDuration=19], buildConfig=BuildConfig[buildScript=#!/bin/bash
cd /var/tmp/testing-dir
chmod +x ./gradlew
./gradlew clean test
, dockerImage=dummy-docker-image:latest, commitHashToBuild=a1099e378cffde441ef85f9b12577ca174b8e1e4, assignmentCommitHash=a1099e378cffde441ef85f9b12577ca174b8e1e4, testCommitHash=bd38d61c299ab11a1dea82a3ca5493fe04d97d47, branch=main, programmingLanguage=JAVA, projectType=PLAIN_GRADLE, scaEnabled=false, sequentialTestRunsEnabled=false, resultPaths=[/var/tmp/testing-dir/**/test-results/test/*.xml], timeoutSeconds=0, assignmentCheckoutPath=null, testCheckoutPath=null, solutionCheckoutPath=null, dockerRunConfig=null], submissionResult=ResultDTO[id=625, completionDate=2025-02-14T23:45:12.128011800Z[Etc/UTC], successful=false, score=0.0, rated=true, submission=SubmissionDTO[id=817, submitted=true, type=MANUAL, exampleSubmission=null, submissionDate=2025-02-14T23:45:12.098737Z, commitHash=a1099e378cffde441ef85f9b12577ca174b8e1e4, buildFailed=true, buildArtifact=false, participation=ParticipationDTO[id=1934, testRun=false, type=solution, submissionCount=null, exercise=ParticipationExerciseDTO[id=2573, exerciseType=PROGRAMMING, type=programming, assessmentType=AUTOMATIC, dueDate=2025-02-16T23:45:10.996982Z, assessmentDueDate=null, maxPoints=42.0, course=CourseDTO[id=956, accuracyOfScores=1]]], submissionExerciseType=programming, isProcessing=false, buildStartDate=null, estimatedCompletionDate=null], participation=ParticipationDTO[id=1934, testRun=false, type=solution, submissionCount=null, exercise=ParticipationExerciseDTO[id=2573, exerciseType=PROGRAMMING, type=programming, assessmentType=AUTOMATIC, dueDate=2025-02-16T23:45:10.996982Z, assessmentDueDate=null, maxPoints=42.0, course=CourseDTO[id=956, accuracyOfScores=1]]], feedbacks=[], assessmentType=AUTOMATIC, hasComplaint=null, exampleResult=null, testCaseCount=0, passedTestCaseCount=0, codeIssueCount=0]], BuildJobQueueItem[id=19341739576713025, name=SHORT9AFDAE3804CA304DDF0889A0CB0F56104A86TSTEXC-SOLUTION, buildAgent=BuildAgentDTO[name=artemis-build-agent-test, memberAddress=[127.0.0.1]:5703, displayName=artemis-build-agent-test], participationId=1934, courseId=956, exerciseId=2573, retryCount=0, priority=2, status=FAILED, repositoryInfo=RepositoryInfo[repositoryName=short9afdae3804ca304ddf0889a0cb0f56104a86tstexc-solution, repositoryType=solution, triggeredByPushTo=tests, assignmentRepositoryUri=http://localhost:49152/git/SHORT9AFDAE3804CA304DDF0889A0CB0F56104A86TSTEXC/short9afdae3804ca304ddf0889a0cb0f56104a86tstexc-solution.git, testRepositoryUri=http://localhost:49152/git/SHORT9AFDAE3804CA304DDF0889A0CB0F56104A86TSTEXC/short9afdae3804ca304ddf0889a0cb0f56104a86tstexc-tests.git, solutionRepositoryUri=null, auxiliaryRepositoryUris=[Ljava.lang.String;@14099e3b, auxiliaryRepositoryCheckoutDirectories=[Ljava.lang.String;@230c1393], jobTimingInfo=JobTimingInfo[submissionDate=2025-02-14T23:45:13.025319671Z[Etc/UTC], buildStartDate=2025-02-14T23:45:13.040293146Z[Etc/UTC], buildCompletionDate=2025-02-14T23:45:13.053032917Z[Etc/UTC], estimatedCompletionDate=2025-02-14T23:45:32.040285703Z[Etc/UTC], estimatedDuration=19], buildConfig=BuildConfig[buildScript=#!/bin/bash
cd /var/tmp/testing-dir
chmod +x ./gradlew
./gradlew clean test
, dockerImage=dummy-docker-image:latest, commitHashToBuild=784f8f0049d2a1a54f21c67dd772bea86715267a, assignmentCommitHash=a1099e378cffde441ef85f9b12577ca174b8e1e4, testCommitHash=784f8f0049d2a1a54f21c67dd772bea86715267a, branch=main, programmingLanguage=JAVA, projectType=PLAIN_GRADLE, scaEnabled=false, sequentialTestRunsEnabled=false, resultPaths=[/var/tmp/testing-dir/**/test-results/test/*.xml], timeoutSeconds=0, assignmentCheckoutPath=null, testCheckoutPath=null, solutionCheckoutPath=null, dockerRunConfig=null], submissionResult=ResultDTO[id=626, completionDate=2025-02-14T23:45:13.053131811Z[Etc/UTC], successful=false, score=0.0, rated=true, submission=SubmissionDTO[id=818, submitted=true, type=TEST, exampleSubmission=null, submissionDate=2025-02-14T23:45:13.005779Z, commitHash=784f8f0049d2a1a54f21c67dd772bea86715267a, buildFailed=true, buildArtifact=false, participation=ParticipationDTO[id=1934, testRun=false, type=solution, submissionCount=null, exercise=ParticipationExerciseDTO[id=2573, exerciseType=PROGRAMMING, type=programming, assessmentType=AUTOMATIC, dueDate=2025-02-16T23:45:10.996982Z, assessmentDueDate=null, maxPoints=42.0, course=CourseDTO[id=956, accuracyOfScores=1]]], submissionExerciseType=programming, isProcessing=false, buildStartDate=null, estimatedCompletionDate=null], participation=ParticipationDTO[id=1934, testRun=false, type=solution, submissionCount=null, exercise=ParticipationExerciseDTO[id=2573, exerciseType=PROGRAMMING, type=programming, assessmentType=AUTOMATIC, dueDate=2025-02-16T23:45:10.996982Z, assessmentDueDate=null, maxPoints=42.0, course=CourseDTO[id=956, accuracyOfScores=1]]], feedbacks=[], assessmentType=AUTOMATIC, hasComplaint=null, exampleResult=null, testCaseCount=0, passedTestCaseCount=0, codeIssueCount=0]], BuildJobQueueItem[id=19581739576715555, name=SHORTC1A3F9FC03D2304B4308FA20AF16D54AAA49TSTEXC-LOCALVCSSHINTSTUDENT1, buildAgent=BuildAgentDTO[name=artemis-build-agent-test, memberAddress=[127.0.0.1]:5703, displayName=artemis-build-agent-test], participationId=1958, courseId=965, exerciseId=2582, retryCount=0, priority=2, status=FAILED, repositoryInfo=RepositoryInfo[repositoryName=shortc1a3f9fc03d2304b4308fa20af16d54aaa49tstexc-localvcsshintstudent1, repositoryType=user, triggeredByPushTo=user, assignmentRepositoryUri=http://localhost:49152/git/SHORTC1A3F9FC03D2304B4308FA20AF16D54AAA49TSTEXC/shortc1a3f9fc03d2304b4308fa20af16d54aaa49tstexc-localvcsshintstudent1.git, testRepositoryUri=http://localhost:49152/git/SHORTC1A3F9FC03D2304B4308FA20AF16D54AAA49TSTEXC/shortc1a3f9fc03d2304b4308fa20af16d54aaa49tstexc-tests.git, solutionRepositoryUri=null, auxiliaryRepositoryUris=[Ljava.lang.String;@257cb5bd, auxiliaryRepositoryCheckoutDirectories=[Ljava.lang.String;@5811bace], jobTimingInfo=JobTimingInfo[submissionDate=2025-02-14T23:45:15.555989584Z[Etc/UTC], buildStartDate=2025-02-14T23:45:15.568477627Z[Etc/UTC], buildCompletionDate=2025-02-14T23:45:15.579021148Z[Etc/UTC], estimatedCompletionDate=2025-02-14T23:45:34.568443924Z[Etc/UTC], estimatedDuration=19], buildConfig=BuildConfig[buildScript=#!/bin/bash
cd /var/tmp/testing-dir
chmod +x ./gradlew
./gradlew clean test
, dockerImage=dummy-docker-image:latest, commitHashToBuild=ca76dac20e040e6609db02fd7fedd56bf58829d7, assignmentCommitHash=ca76dac20e040e6609db02fd7fedd56bf58829d7, testCommitHash=bd0d58c226dc63bfa4bc9052870589952c0a1f83, branch=main, programmingLanguage=JAVA, projectType=PLAIN_GRADLE, scaEnabled=false, sequentialTestRunsEnabled=false, resultPaths=[/var/tmp/testing-dir/**/test-results/test/*.xml], timeoutSeconds=0, assignmentCheckoutPath=null, testCheckoutPath=null, solutionCheckoutPath=null, dockerRunConfig=null], submissionResult=ResultDTO[id=627, completionDate=2025-02-14T23:45:15.579119131Z[Etc/UTC], successful=false, score=0.0, rated=true, submission=SubmissionDTO[id=820, submitted=true, type=MANUAL, exampleSubmission=null, submissionDate=2025-02-14T23:45:15.548349Z, commitHash=ca76dac20e040e6609db02fd7fedd56bf58829d7, buildFailed=true, buildArtifact=false, participation=ParticipationDTO[id=1958, testRun=false, type=programming, submissionCount=null, exercise=ParticipationExerciseDTO[id=2582, exerciseType=PROGRAMMING, type=programming, assessmentType=AUTOMATIC, dueDate=2025-02-16T23:45:15.103512Z, assessmentDueDate=null, maxPoints=42.0, course=CourseDTO[id=965, accuracyOfScores=1]]], submissionExerciseType=programming, isProcessing=false, buildStartDate=null, estimatedCompletionDate=null], participation=ParticipationDTO[id=1958, testRun=false, type=programming, submissionCount=null, exercise=ParticipationExerciseDTO[id=2582, exerciseType=PROGRAMMING, type=programming, assessmentType=AUTOMATIC, dueDate=2025-02-16T23:45:15.103512Z, assessmentDueDate=null, maxPoints=42.0, course=CourseDTO[id=965, accuracyOfScores=1]]], feedbacks=[], assessmentType=AUTOMATIC, hasComplaint=null, exampleResult=null, testCaseCount=0, passedTestCaseCount=0, codeIssueCount=0]], BuildJobQueueItem[id=19801739576719393, name=SHORTB2A6C58B0D447045380A858075B170A5B7C6TSTEXC-LOCALVCSSHINTSTUDENT1, buildAgent=BuildAgentDTO[name=artemis-build-agent-test, memberAddress=[127.0.0.1]:5703, displayName=artemis-build-agent-test], participationId=1980, courseId=974, exerciseId=2591, retryCount=0, priority=2, status=FAILED, repositoryInfo=RepositoryInfo[repositoryName=shortb2a6c58b0d447045380a858075b170a5b7c6tstexc-localvcsshintstudent1, repositoryType=user, triggeredByPushTo=user, assignmentRepositoryUri=http://localhost:49152/git/SHORTB2A6C58B0D447045380A858075B170A5B7C6TSTEXC/shortb2a6c58b0d447045380a858075b170a5b7c6tstexc-localvcsshintstudent1.git, testRepositoryUri=http://localhost:49152/git/SHORTB2A6C58B0D447045380A858075B170A5B7C6TSTEXC/shortb2a6c58b0d447045380a858075b170a5b7c6tstexc-tests.git, solutionRepositoryUri=null, auxiliaryRepositoryUris=[Ljava.lang.String;@310fb1, auxiliaryRepositoryCheckoutDirectories=[Ljava.lang.String;@436204af], jobTimingInfo=JobTimingInfo[submissionDate=2025-02-14T23:45:19.393259829Z[Etc/UTC], buildStartDate=2025-02-14T23:45:19.405438171Z[Etc/UTC], buildCompletionDate=2025-02-14T23:45:19.414070673Z[Etc/UTC], estimatedCompletionDate=2025-02-14T23:45:38.405431569Z[Etc/UTC], estimatedDuration=19], buildConfig=BuildConfig[buildScript=#!/bin/bash
cd /var/tmp/testing-dir
chmod +x ./gradlew
./gradlew clean test
, dockerImage=dummy-docker-image:latest, commitHashToBuild=363cdbf709a9fff149f813ab848ee800a675cc77, assignmentCommitHash=363cdbf709a9fff149f813ab848ee800a675cc77, testCommitHash=a5e046ece417b2e538f21f816e2524dab61e0d10, branch=main, programmingLanguage=JAVA, projectType=PLAIN_GRADLE, scaEnabled=false, sequentialTestRunsEnabled=false, resultPaths=[/var/tmp/testing-dir/**/test-results/test/*.xml], timeoutSeconds=0, assignmentCheckoutPath=null, testCheckoutPath=null, solutionCheckoutPath=null, dockerRunConfig=null], submissionResult=ResultDTO[id=628, completionDate=2025-02-14T23:45:19.414171040Z[Etc/UTC], successful=false, score=0.0, rated=true, submission=SubmissionDTO[id=821, submitted=true, type=MANUAL, exampleSubmission=null, submissionDate=2025-02-14T23:45:19.376840Z, commitHash=363cdbf709a9fff149f813ab848ee800a675cc77, buildFailed=true, buildArtifact=false, participation=ParticipationDTO[id=1980, testRun=false, type=programming, submissionCount=null, exercise=ParticipationExerciseDTO[id=2591, exerciseType=PROGRAMMING, type=programming, assessmentType=AUTOMATIC, dueDate=2025-02-16T23:45:18.950569Z, assessmentDueDate=null, maxPoints=42.0, course=CourseDTO[id=974, accuracyOfScores=1]]], submissionExerciseType=programming, isProcessing=false, buildStartDate=null, estimatedCompletionDate=null], participation=ParticipationDTO[id=1980, testRun=false, type=programming, submissionCount=null, exercise=ParticipationExerciseDTO[id=2591, exerciseType=PROGRAMMING, type=programming, assessmentType=AUTOMATIC, dueDate=2025-02-16T23:45:18.950569Z, assessmentDueDate=null, maxPoints=42.0, course=CourseDTO[id=974, accuracyOfScores=1]]], feedbacks=[], assessmentType=AUTOMATIC, hasComplaint=null, exampleResult=null, testCaseCount=0, passedTestCaseCount=0, codeIssueCount=0]], BuildJobQueueItem[id=19791739576719787, name=SHORTB2A6C58B0D447045380A858075B170A5B7C6TSTEXC-BASE, buildAgent=BuildAgentDTO[name=artemis-build-agent-test, memberAddress=[127.0.0.1]:5703, displayName=artemis-build-agent-test], participationId=1979, courseId=974, exerciseId=2591, retryCount=0, priority=2, status=FAILED, repositoryInfo=RepositoryInfo[repositoryName=shortb2a6c58b0d447045380a858075b170a5b7c6tstexc-exercise, repositoryType=exercise, triggeredByPushTo=exercise, assignmentRepositoryUri=http://localhost:49152/git/SHORTB2A6C58B0D447045380A858075B170A5B7C6TSTEXC/shortb2a6c58b0d447045380a858075b170a5b7c6tstexc-exercise.git, testRepositoryUri=http://localhost:49152/git/SHORTB2A6C58B0D447045380A858075B170A5B7C6TSTEXC/shortb2a6c58b0d447045380a858075b170a5b7c6tstexc-tests.git, solutionRepositoryUri=null, auxiliaryRepositoryUris=[Ljava.lang.String;@3738023, auxiliaryRepositoryCheckoutDirectories=[Ljava.lang.String;@56619d49], jobTimingInfo=JobTimingInfo[submissionDate=2025-02-14T23:45:19.787985058Z[Etc/UTC], buildStartDate=2025-02-14T23:45:19.796327417Z[Etc/UTC], buildCompletionDate=2025-02-14T23:45:19.799750982Z[Etc/UTC], estimatedCompletionDate=2025-02-14T23:45:38.796319082Z[Etc/UTC], estimatedDuration=19], buildConfig=BuildConfig[buildScript=#!/bin/bash
cd /var/tmp/testing-dir
chmod +x ./gradlew
./gradlew clean test
, dockerImage=dummy-docker-image:latest, commitHashToBuild=363cdbf709a9fff149f813ab848ee800a675cc77, assignmentCommitHash=363cdbf709a9fff149f813ab848ee800a675cc77, testCommitHash=a5e046ece417b2e538f21f816e2524dab61e0d10, branch=main, programmingLanguage=JAVA, projectType=PLAIN_GRADLE, scaEnabled=false, sequentialTestRunsEnabled=false, resultPaths=[/var/tmp/testing-dir/**/test-results/test/*.xml], timeoutSeconds=0, assignmentCheckoutPath=null, testCheckoutPath=null, solutionCheckoutPath=null, dockerRunConfig=null], submissionResult=ResultDTO[id=629, completionDate=2025-02-14T23:45:19.799820341Z[Etc/UTC], successful=false, score=0.0, rated=true, submission=SubmissionDTO[id=822, submitted=true, type=MANUAL, exampleSubmission=null, submissionDate=2025-02-14T23:45:19.775952Z, commitHash=363cdbf709a9fff149f813ab848ee800a675cc77, buildFailed=true, buildArtifact=false, participation=ParticipationDTO[id=1979, testRun=false, type=template, submissionCount=null, exercise=ParticipationExerciseDTO[id=2591, exerciseType=PROGRAMMING, type=programming, assessmentType=AUTOMATIC, dueDate=2025-02-16T23:45:18.950569Z, assessmentDueDate=null, maxPoints=42.0, course=CourseDTO[id=974, accuracyOfScores=1]]], submissionExerciseType=programming, isProcessing=false, buildStartDate=null, estimatedCompletionDate=null], participation=ParticipationDTO[id=1979, testRun=false, type=template, submissionCount=null, exercise=ParticipationExerciseDTO[id=2591, exerciseType=PROGRAMMING, type=programming, assessmentType=AUTOMATIC, dueDate=2025-02-16T23:45:18.950569Z, assessmentDueDate=null, maxPoints=42.0, course=CourseDTO[id=974, accuracyOfScores=1]]], feedbacks=[], assessmentType=AUTOMATIC, hasComplaint=null, exampleResult=null, testCaseCount=0, passedTestCaseCount=0, codeIssueCount=0]], BuildJobQueueItem[id=19781739576720235, name=SHORTB2A6C58B0D447045380A858075B170A5B7C6TSTEXC-SOLUTION, buildAgent=BuildAgentDTO[name=artemis-build-agent-test, memberAddress=[127.0.0.1]:5703, displayName=artemis-build-agent-test], participationId=1978, courseId=974, exerciseId=2591, retryCount=0, priority=2, status=FAILED, repositoryInfo=RepositoryInfo[repositoryName=shortb2a6c58b0d447045380a858075b170a5b7c6tstexc-solution, repositoryType=solution, triggeredByPushTo=solution, assignmentRepositoryUri=http://localhost:49152/git/SHORTB2A6C58B0D447045380A858075B170A5B7C6TSTEXC/shortb2a6c58b0d447045380a858075b170a5b7c6tstexc-solution.git, testRepositoryUri=http://localhost:49152/git/SHORTB2A6C58B0D447045380A858075B170A5B7C6TSTEXC/shortb2a6c58b0d447045380a858075b170a5b7c6tstexc-tests.git, solutionRepositoryUri=null, auxiliaryRepositoryUris=[Ljava.lang.String;@5e255cb3, auxiliaryRepositoryCheckoutDirectories=[Ljava.lang.String;@d316ca4], jobTimingInfo=JobTimingInfo[submissionDate=2025-02-14T23:45:20.235272325Z[Etc/UTC], buildStartDate=2025-02-14T23:45:20.243033812Z[Etc/UTC], buildCompletionDate=2025-02-14T23:45:20.250721018Z[Etc/UTC], estimatedCompletionDate=2025-02-14T23:45:39.243026949Z[Etc/UTC], estimatedDuration=19], buildConfig=BuildConfig[buildScript=#!/bin/bash
cd /var/tmp/testing-dir
chmod +x ./gradlew
./gradlew clean test
, dockerImage=dummy-docker-image:latest, commitHashToBuild=c710d0e68c9c7db8cda7d1a278308de2b9642cc0, assignmentCommitHash=c710d0e68c9c7db8cda7d1a278308de2b9642cc0, testCommitHash=a5e046ece417b2e538f21f816e2524dab61e0d10, branch=main, programmingLanguage=JAVA, projectType=PLAIN_GRADLE, scaEnabled=false, sequentialTestRunsEnabled=false, resultPaths=[/var/tmp/testing-dir/**/test-results/test/*.xml], timeoutSeconds=0, assignmentCheckoutPath=null, testCheckoutPath=null, solutionCheckoutPath=null, dockerRunConfig=null], submissionResult=ResultDTO[id=630, completionDate=2025-02-14T23:45:20.250809893Z[Etc/UTC], successful=false, score=0.0, rated=true, submission=SubmissionDTO[id=823, submitted=true, type=MANUAL, exampleSubmission=null, submissionDate=2025-02-14T23:45:20.211707Z, commitHash=c710d0e68c9c7db8cda7d1a278308de2b9642cc0, buildFailed=true, buildArtifact=false, participation=ParticipationDTO[id=1978, testRun=false, type=solution, submissionCount=null, exercise=ParticipationExerciseDTO[id=2591, exerciseType=PROGRAMMING, type=programming, assessmentType=AUTOMATIC, dueDate=2025-02-16T23:45:18.950569Z, assessmentDueDate=null, maxPoints=42.0, course=CourseDTO[id=974, accuracyOfScores=1]]], submissionExerciseType=programming, isProcessing=false, buildStartDate=null, estimatedCompletionDate=null], participation=ParticipationDTO[id=1978, testRun=false, type=solution, submissionCount=null, exercise=ParticipationExerciseDTO[id=2591, exerciseType=PROGRAMMING, type=programming, assessmentType=AUTOMATIC, dueDate=2025-02-16T23:45:18.950569Z, assessmentDueDate=null, maxPoints=42.0, course=CourseDTO[id=974, accuracyOfScores=1]]], feedbacks=[], assessmentType=AUTOMATIC, hasComplaint=null, exampleResult=null, testCaseCount=0, passedTestCaseCount=0, codeIssueCount=0]], BuildJobQueueItem[id=19781739576720802, name=SHORTB2A6C58B0D447045380A858075B170A5B7C6TSTEXC-SOLUTION, buildAgent=BuildAgentDTO[name=artemis-build-agent-test, memberAddress=[127.0.0.1]:5703, displayName=artemis-build-agent-test], participationId=1978, courseId=974, exerciseId=2591, retryCount=0, priority=2, status=FAILED, repositoryInfo=RepositoryInfo[repositoryName=shortb2a6c58b0d447045380a858075b170a5b7c6tstexc-solution, repositoryType=solution, triggeredByPushTo=tests, assignmentRepositoryUri=http://localhost:49152/git/SHORTB2A6C58B0D447045380A858075B170A5B7C6TSTEXC/shortb2a6c58b0d447045380a858075b170a5b7c6tstexc-solution.git, testRepositoryUri=http://localhost:49152/git/SHORTB2A6C58B0D447045380A858075B170A5B7C6TSTEXC/shortb2a6c58b0d447045380a858075b170a5b7c6tstexc-tests.git, solutionRepositoryUri=null, auxiliaryRepositoryUris=[Ljava.lang.String;@125c87b9, auxiliaryRepositoryCheckoutDirectories=[Ljava.lang.String;@488ddb6e], jobTimingInfo=JobTimingInfo[submissionDate=2025-02-14T23:45:20.802935026Z[Etc/UTC], buildStartDate=2025-02-14T23:45:20.809306435Z[Etc/UTC], buildCompletionDate=2025-02-14T23:45:20.822452342Z[Etc/UTC], estimatedCompletionDate=2025-02-14T23:45:39.809298491Z[Etc/UTC], estimatedDuration=19], buildConfig=BuildConfig[buildScript=#!/bin/bash
cd /var/tmp/testing-dir
chmod +x ./gradlew
./gradlew clean test
, dockerImage=dummy-docker-image:latest, commitHashToBuild=c710d0e68c9c7db8cda7d1a278308de2b9642cc0, assignmentCommitHash=c710d0e68c9c7db8cda7d1a278308de2b9642cc0, testCommitHash=c710d0e68c9c7db8cda7d1a278308de2b9642cc0, branch=main, programmingLanguage=JAVA, projectType=PLAIN_GRADLE, scaEnabled=false, sequentialTestRunsEnabled=false, resultPaths=[/var/tmp/testing-dir/**/test-results/test/*.xml], timeoutSeconds=0, assignmentCheckoutPath=null, testCheckoutPath=null, solutionCheckoutPath=null, dockerRunConfig=null], submissionResult=ResultDTO[id=631, completionDate=2025-02-14T23:45:20.822527362Z[Etc/UTC], successful=false, score=0.0, rated=true, submission=SubmissionDTO[id=824, submitted=true, type=TEST, exampleSubmission=null, submissionDate=2025-02-14T23:45:20.791240Z, commitHash=c710d0e68c9c7db8cda7d1a278308de2b9642cc0, buildFailed=true, buildArtifact=false, participation=ParticipationDTO[id=1978, testRun=false, type=solution, submissionCount=null, exercise=ParticipationExerciseDTO[id=2591, exerciseType=PROGRAMMING, type=programming, assessmentType=AUTOMATIC, dueDate=2025-02-16T23:45:18.950569Z, assessmentDueDate=null, maxPoints=42.0, course=CourseDTO[id=974, accuracyOfScores=1]]], submissionExerciseType=programming, isProcessing=false, buildStartDate=null, estimatedCompletionDate=null], participation=ParticipationDTO[id=1978, testRun=false, type=solution, submissionCount=null, exercise=ParticipationExerciseDTO[id=2591, exerciseType=PROGRAMMING, type=programming, assessmentType=AUTOMATIC, dueDate=2025-02-16T23:45:18.950569Z, assessmentDueDate=null, maxPoints=42.0, course=CourseDTO[id=974, accuracyOfScores=1]]], feedbacks=[], assessmentType=AUTOMATIC, hasComplaint=null, exampleResult=null, testCaseCount=0, passedTestCaseCount=0, codeIssueCount=0]], BuildJobQueueItem[id=20061739576732554, name=SHORT94A899E303D7504C5D0840704DAAFA3DFF4DTSTEXC-LOCALVCCIINTINSTRUCTOR1, buildAgent=BuildAgentDTO[name=artemis-build-agent-test, memberAddress=[127.0.0.1]:5703, displayName=artemis-build-agent-test], participationId=2006, courseId=984, exerciseId=2601, retryCount=0, priority=2, status=SUCCESSFUL, repositoryInfo=RepositoryInfo[repositoryName=short94a899e303d7504c5d0840704daafa3dff4dtstexc-localvcciintinstructor1, repositoryType=user, triggeredByPushTo=user, assignmentRepositoryUri=http://localhost:49152/git/SHORT94A899E303D7504C5D0840704DAAFA3DFF4DTSTEXC/short94a899e303d7504c5d0840704daafa3dff4dtstexc-localvcciintinstructor1.git, testRepositoryUri=http://localhost:49152/git/SHORT94A899E303D7504C5D0840704DAAFA3DFF4DTSTEXC/short94a899e303d7504c5d0840704daafa3dff4dtstexc-tests.git, solutionRepositoryUri=null, auxiliaryRepositoryUris=[Ljava.lang.String;@3c39d608, auxiliaryRepositoryCheckoutDirectories=[Ljava.lang.String;@3aebc967], jobTimingInfo=JobTimingInfo[submissionDate=2025-02-14T23:45:32.554795798Z[Etc/UTC], buildStartDate=2025-02-14T23:45:32.567287465Z[Etc/UTC], buildCompletionDate=2025-02-14T23:45:34.535226768Z[Etc/UTC], estimatedCompletionDate=2025-02-14T23:45:51.567257960Z[Etc/UTC], estimatedDuration=19], buildConfig=BuildConfig[buildScript=#!/bin/bash
cd /var/tmp/testing-dir
chmod +x ./gradlew
./gradlew clean test
, dockerImage=dummy-docker-image:latest, commitHashToBuild=ca2dbc0ae87edf7035058a6a17c0ea60e90a290f, assignmentCommitHash=ca2dbc0ae87edf7035058a6a17c0ea60e90a290f, testCommitHash=0207f6f98af5fbb66ad68455f3fc3cf128af8ae9, branch=main, programmingLanguage=JAVA, projectType=PLAIN_GRADLE, scaEnabled=false, sequentialTestRunsEnabled=false, resultPaths=[/var/tmp/testing-dir/**/test-results/test/*.xml], timeoutSeconds=0, assignmentCheckoutPath=null, testCheckoutPath=null, solutionCheckoutPath=null, dockerRunConfig=null], submissionResult=ResultDTO[id=632, completionDate=2025-02-14T23:45:34.504415716Z[Etc/UTC], successful=false, score=7.7, rated=false, submission=SubmissionDTO[id=826, submitted=true, type=MANUAL, exampleSubmission=null, submissionDate=2025-02-14T23:45:32.541533Z, commitHash=ca2dbc0ae87edf7035058a6a17c0ea60e90a290f, buildFailed=false, buildArtifact=false, participation=ParticipationDTO[id=2006, testRun=true, type=programming, submissionCount=null, exercise=ParticipationExerciseDTO[id=2601, exerciseType=PROGRAMMING, type=programming, assessmentType=AUTOMATIC, dueDate=2025-02-16T23:45:31.864042Z, assessmentDueDate=null, maxPoints=42.0, course=CourseDTO[id=984, accuracyOfScores=1]]], submissionExerciseType=programming, isProcessing=false, buildStartDate=null, estimatedCompletionDate=null], participation=ParticipationDTO[id=2006, testRun=true, type=programming, submissionCount=null, exercise=ParticipationExerciseDTO[id=2601, exerciseType=PROGRAMMING, type=programming, assessmentType=AUTOMATIC, dueDate=2025-02-16T23:45:31.864042Z, assessmentDueDate=null, maxPoints=42.0, course=CourseDTO[id=984, accuracyOfScores=1]]], feedbacks=[FeedbackDTO[id=920, text=null, detailText=The exercise expects a class with the name Context in the package testpackage. You did not implement the class in the exercise., hasLongFeedbackText=false, reference=null, credits=0.0, positive=false, type=AUTOMATIC, visibility=ALWAYS, testCase=TestCaseDTO[testName=null, id=1357]], FeedbackDTO[id=921, text=null, detailText=The exercise expects a class with the name Policy in the package testpackage. You did not implement the class in the exercise., hasLongFeedbackText=false, reference=null, credits=0.0, positive=false, type=AUTOMATIC, visibility=ALWAYS, testCase=TestCaseDTO[testName=null, id=1358]], FeedbackDTO[id=922, text=null, detailText=The exercise expects a class with the name SortStrategy in the package testpackage. You did not implement the class in the exercise., hasLongFeedbackText=false, reference=null, credits=0.0, positive=false, type=AUTOMATIC, visibility=ALWAYS, testCase=TestCaseDTO[testName=null, id=1359]], FeedbackDTO[id=923, text=null, detailText=The class 'MergeSort' does not implement the interface 'SortStrategy' as expected. Implement the interface and its methods., hasLongFeedbackText=false, reference=null, credits=0.0, positive=false, type=AUTOMATIC, visibility=ALWAYS, testCase=TestCaseDTO[testName=null, id=1354]], FeedbackDTO[id=924, text=null, detailText=The exercise expects a class with the name SortStrategy in the package testpackage. You did not implement the class in the exercise., hasLongFeedbackText=false, reference=null, credits=0.0, positive=false, type=AUTOMATIC, visibility=ALWAYS, testCase=TestCaseDTO[testName=null, id=1351]], FeedbackDTO[id=925, text=null, detailText=The class 'BubbleSort' does not implement the interface 'SortStrategy' as expected. Implement the interface and its methods., hasLongFeedbackText=false, reference=null, credits=0.0, positive=false, type=AUTOMATIC, visibility=ALWAYS, testCase=TestCaseDTO[testName=null, id=1355]], FeedbackDTO[id=926, text=null, detailText=MergeSort does not sort correctly, hasLongFeedbackText=false, reference=null, credits=0.0, positive=false, type=AUTOMATIC, visibility=ALWAYS, testCase=TestCaseDTO[testName=null, id=1360]], FeedbackDTO[id=927, text=null, detailText=The class 'Context' was not found within the submission. Make sure to implement it properly., hasLongFeedbackText=false, reference=null, credits=0.0, positive=false, type=AUTOMATIC, visibility=ALWAYS, testCase=TestCaseDTO[testName=null, id=1361]], FeedbackDTO[id=928, text=null, detailText=The class 'Context' was not found within the submission. Make sure to implement it properly., hasLongFeedbackText=false, reference=null, credits=0.0, positive=false, type=AUTOMATIC, visibility=ALWAYS, testCase=TestCaseDTO[testName=null, id=1362]], FeedbackDTO[id=929, text=null, detailText=The exercise expects a class with the name Policy in the package testpackage. You did not implement the class in the exercise., hasLongFeedbackText=false, reference=null, credits=0.0, positive=false, type=AUTOMATIC, visibility=ALWAYS, testCase=TestCaseDTO[testName=null, id=1356]], FeedbackDTO[id=930, text=null, detailText=The exercise expects a class with the name Context in the package testpackage. You did not implement the class in the exercise., hasLongFeedbackText=false, reference=null, credits=0.0, positive=false, type=AUTOMATIC, visibility=ALWAYS, testCase=TestCaseDTO[testName=null, id=1352]], FeedbackDTO[id=931, text=null, detailText=The exercise expects a class with the name Policy in the package testpackage. You did not implement the class in the exercise., hasLongFeedbackText=false, reference=null, credits=0.0, positive=false, type=AUTOMATIC, visibility=ALWAYS, testCase=TestCaseDTO[testName=null, id=1353]], FeedbackDTO[id=932, text=null, detailText=null, hasLongFeedbackText=false, reference=null, credits=3.230769230769231, positive=true, type=AUTOMATIC, visibility=ALWAYS, testCase=TestCaseDTO[testName=null, id=1363]]], assessmentType=AUTOMATIC, hasComplaint=null, exampleResult=null, testCaseCount=13, passedTestCaseCount=1, codeIssueCount=0]], BuildJobQueueItem[id=20111739576737317, name=SHORTD49A6DAE04F9E049850BD5601663FD17A5B7TSTEXC-BASE, buildAgent=BuildAgentDTO[name=artemis-build-agent-test, memberAddress=[127.0.0.1]:5703, displayName=artemis-build-agent-test], participationId=2011, courseId=986, exerciseId=2603, retryCount=0, priority=2, status=SUCCESSFUL, repositoryInfo=RepositoryInfo[repositoryName=shortd49a6dae04f9e049850bd5601663fd17a5b7tstexc-exercise, repositoryType=exercise, triggeredByPushTo=exercise, assignmentRepositoryUri=http://localhost:49152/git/SHORTD49A6DAE04F9E049850BD5601663FD17A5B7TSTEXC/shortd49a6dae04f9e049850bd5601663fd17a5b7tstexc-exercise.git, testRepositoryUri=http://localhost:49152/git/SHORTD49A6DAE04F9E049850BD5601663FD17A5B7TSTEXC/shortd49a6dae04f9e049850bd5601663fd17a5b7tstexc-tests.git, solutionRepositoryUri=null, auxiliaryRepositoryUris=[Ljava.lang.String;@4c7cf0cc, auxiliaryRepositoryCheckoutDirectories=[Ljava.lang.String;@6a0c0486], jobTimingInfo=JobTimingInfo[submissionDate=2025-02-14T23:45:37.317968648Z[Etc/UTC], buildStartDate=2025-02-14T23:45:37.324534774Z[Etc/UTC], buildCompletionDate=2025-02-14T23:45:38.527225461Z[Etc/UTC], estimatedCompletionDate=2025-02-14T23:45:56.324506331Z[Etc/UTC], estimatedDuration=19], buildConfig=BuildConfig[buildScript=#!/bin/bash
cd /var/tmp/testing-dir
chmod +x ./gradlew
./gradlew clean test
, dockerImage=dummy-docker-image:latest, commitHashToBuild=c795243c185829bbefa399f45dcbcfac22311b2f, assignmentCommitHash=c795243c185829bbefa399f45dcbcfac22311b2f, testCommitHash=fa8b162170bf767d852e05e0eb7a128efa2e1f34, branch=main, programmingLanguage=JAVA, projectType=PLAIN_GRADLE, scaEnabled=false, sequentialTestRunsEnabled=false, resultPaths=[/var/tmp/testing-dir/**/test-results/test/*.xml], timeoutSeconds=0, assignmentCheckoutPath=null, testCheckoutPath=null, solutionCheckoutPath=null, dockerRunConfig=null], submissionResult=ResultDTO[id=633, completionDate=2025-02-14T23:45:38.476795726Z[Etc/UTC], successful=false, score=0.0, rated=true, submission=SubmissionDTO[id=827, submitted=true, type=MANUAL, exampleSubmission=null, submissionDate=2025-02-14T23:45:37.303401Z, commitHash=c795243c185829bbefa399f45dcbcfac22311b2f, buildFailed=false, buildArtifact=false, participation=ParticipationDTO[id=2011, testRun=false, type=template, submissionCount=null, exercise=ParticipationExerciseDTO[id=2603, exerciseType=PROGRAMMING, type=programming, assessmentType=AUTOMATIC, dueDate=2025-02-16T23:45:36.830269Z, assessmentDueDate=null, maxPoints=42.0, course=CourseDTO[id=986, accuracyOfScores=1]]], submissionExerciseType=programming, isProcessing=false, buildStartDate=null, estimatedCompletionDate=null], participation=ParticipationDTO[id=2011, testRun=false, type=template, submissionCount=null, exercise=ParticipationExerciseDTO[id=2603, exerciseType=PROGRAMMING, type=programming, assessmentType=AUTOMATIC, dueDate=2025-02-16T23:45:36.830269Z, assessmentDueDate=null, maxPoints=42.0, course=CourseDTO[id=986, accuracyOfScores=1]]], feedbacks=[FeedbackDTO[id=933, text=null, detailText=The exercise expects a class with the name Context in the package testpackage. You did not implement the class in the exercise., hasLongFeedbackText=false, reference=null, credits=0.0, positive=false, type=AUTOMATIC, visibility=ALWAYS, testCase=TestCaseDTO[testName=testMethods[Context], id=1383]], FeedbackDTO[id=934, text=null, detailText=The exercise expects a class with the name Policy in the package testpackage. You did not implement the class in the exercise., hasLongFeedbackText=false, reference=null, credits=0.0, positive=false, type=AUTOMATIC, visibility=ALWAYS, testCase=TestCaseDTO[testName=testMethods[Policy], id=1384]], FeedbackDTO[id=935, text=null, detailText=The exercise expects a class with the name SortStrategy in the package testpackage. You did not implement the class in the exercise., hasLongFeedbackText=false, reference=null, credits=0.0, positive=false, type=AUTOMATIC, visibility=ALWAYS, testCase=TestCaseDTO[testName=testMethods[SortStrategy], id=1385]], FeedbackDTO[id=936, text=null, detailText=The class 'MergeSort' does not implement the interface 'SortStrategy' as expected. Implement the interface and its methods., hasLongFeedbackText=false, reference=null, credits=0.0, positive=false, type=AUTOMATIC, visibility=ALWAYS, testCase=TestCaseDTO[testName=testClass[MergeSort], id=1380]], FeedbackDTO[id=937, text=null, detailText=The exercise expects a class with the name SortStrategy in the package testpackage. You did not implement the class in the exercise., hasLongFeedbackText=false, reference=null, credits=0.0, positive=false, type=AUTOMATIC, visibility=ALWAYS, testCase=TestCaseDTO[testName=testClass[SortStrategy], id=1377]], FeedbackDTO[id=938, text=null, detailText=The class 'BubbleSort' does not implement the interface 'SortStrategy' as expected. Implement the interface and its methods., hasLongFeedbackText=false, reference=null, credits=0.0, positive=false, type=AUTOMATIC, visibility=ALWAYS, testCase=TestCaseDTO[testName=testClass[BubbleSort], id=1381]], FeedbackDTO[id=939, text=null, detailText=MergeSort does not sort correctly, hasLongFeedbackText=false, reference=null, credits=0.0, positive=false, type=AUTOMATIC, visibility=ALWAYS, testCase=TestCaseDTO[testName=testMergeSort(), id=1386]], FeedbackDTO[id=940, text=null, detailText=The class 'Context' was not found within the submission. Make sure to implement it properly., hasLongFeedbackText=false, reference=null, credits=0.0, positive=false, type=AUTOMATIC, visibility=ALWAYS, testCase=TestCaseDTO[testName=testUseBubbleSortForSmallList(), id=1387]], FeedbackDTO[id=941, text=null, detailText=BubbleSort does not sort correctly, hasLongFeedbackText=false, reference=null, credits=0.0, positive=false, type=AUTOMATIC, visibility=ALWAYS, testCase=TestCaseDTO[testName=testBubbleSort(), id=1389]], FeedbackDTO[id=942, text=null, detailText=The class 'Context' was not found within the submission. Make sure to implement it properly., hasLongFeedbackText=false, reference=null, credits=0.0, positive=false, type=AUTOMATIC, visibility=ALWAYS, testCase=TestCaseDTO[testName=testUseMergeSortForBigList(), id=1388]], FeedbackDTO[id=943, text=null, detailText=The exercise expects a class with the name Policy in the package testpackage. You did not implement the class in the exercise., hasLongFeedbackText=false, reference=null, credits=0.0, positive=false, type=AUTOMATIC, visibility=ALWAYS, testCase=TestCaseDTO[testName=testConstructors[Policy], id=1382]], FeedbackDTO[id=944, text=null, detailText=The exercise expects a class with the name Context in the package testpackage. You did not implement the class in the exercise., hasLongFeedbackText=false, reference=null, credits=0.0, positive=false, type=AUTOMATIC, visibility=ALWAYS, testCase=TestCaseDTO[testName=testAttributes[Context], id=1378]], FeedbackDTO[id=945, text=null, detailText=The exercise expects a class with the name Policy in the package testpackage. You did not implement the class in the exercise., hasLongFeedbackText=false, reference=null, credits=0.0, positive=false, type=AUTOMATIC, visibility=ALWAYS, testCase=TestCaseDTO[testName=testAttributes[Policy], id=1379]]], assessmentType=AUTOMATIC, hasComplaint=null, exampleResult=null, testCaseCount=13, passedTestCaseCount=0, codeIssueCount=0]], BuildJobQueueItem[id=20171739576740018, name=SHORT7914AFA00ADC3047140B99D01AC07810CE44TSTEXC-LOCALVCCIINTSTUDENT1, buildAgent=BuildAgentDTO[name=artemis-build-agent-test, memberAddress=[127.0.0.1]:5703, displayName=artemis-build-agent-test], participationId=2017, courseId=988, exerciseId=2605, retryCount=0, priority=2, status=SUCCESSFUL, repositoryInfo=RepositoryInfo[repositoryName=short7914afa00adc3047140b99d01ac07810ce44tstexc-practice-localvcciintstudent1, repositoryType=user, triggeredByPushTo=user, assignmentRepositoryUri=http://localhost:49152/git/SHORT7914AFA00ADC3047140B99D01AC07810CE44TSTEXC/short7914afa00adc3047140b99d01ac07810ce44tstexc-practice-localvcciintstudent1.git, testRepositoryUri=http://localhost:49152/git/SHORT7914AFA00ADC3047140B99D01AC07810CE44TSTEXC/short7914afa00adc3047140b99d01ac07810ce44tstexc-tests.git, solutionRepositoryUri=null, auxiliaryRepositoryUris=[Ljava.lang.String;@18771659, auxiliaryRepositoryCheckoutDirectories=[Ljava.lang.String;@7c3354c1], jobTimingInfo=JobTimingInfo[submissionDate=2025-02-14T23:45:40.018961253Z[Etc/UTC], buildStartDate=2025-02-14T23:45:40.029742701Z[Etc/UTC], buildCompletionDate=2025-02-14T23:45:41.150208242Z[Etc/UTC], estimatedCompletionDate=2025-02-14T23:45:59.029734065Z[Etc/UTC], estimatedDuration=19], buildConfig=BuildConfig[buildScript=#!/bin/bash
cd /var/tmp/testing-dir
chmod +x ./gradlew
./gradlew clean test
, dockerImage=dummy-docker-image:latest, commitHashToBuild=d80b57877989b971e83ccdb4863c8a7023c76266, assignmentCommitHash=d80b57877989b971e83ccdb4863c8a7023c76266, testCommitHash=327b116890c92b1312314341f43f21ef13ecf7d7, branch=main, programmingLanguage=JAVA, projectType=PLAIN_GRADLE, scaEnabled=false, sequentialTestRunsEnabled=false, resultPaths=[/var/tmp/testing-dir/**/test-results/test/*.xml], timeoutSeconds=0, assignmentCheckoutPath=null, testCheckoutPath=null, solutionCheckoutPath=null, dockerRunConfig=null], submissionResult=ResultDTO[id=634, completionDate=2025-02-14T23:45:41.120192603Z[Etc/UTC], successful=false, score=7.7, rated=false, submission=SubmissionDTO[id=828, submitted=true, type=MANUAL, exampleSubmission=null, submissionDate=2025-02-14T23:45:40.008666Z, commitHash=d80b57877989b971e83ccdb4863c8a7023c76266, buildFailed=false, buildArtifact=false, participation=ParticipationDTO[id=2017, testRun=true, type=programming, submissionCount=null, exercise=ParticipationExerciseDTO[id=2605, exerciseType=PROGRAMMING, type=programming, assessmentType=AUTOMATIC, dueDate=2025-02-16T23:45:39.523500Z, assessmentDueDate=null, maxPoints=42.0, course=CourseDTO[id=988, accuracyOfScores=1]]], submissionExerciseType=programming, isProcessing=false, buildStartDate=null, estimatedCompletionDate=null], participation=ParticipationDTO[id=2017, testRun=true, type=programming, submissionCount=null, exercise=ParticipationExerciseDTO[id=2605, exerciseType=PROGRAMMING, type=programming, assessmentType=AUTOMATIC, dueDate=2025-02-16T23:45:39.523500Z, assessmentDueDate=null, maxPoints=42.0, course=CourseDTO[id=988, accuracyOfScores=1]]], feedbacks=[FeedbackDTO[id=946, text=null, detailText=The exercise expects a class with the name Context in the package testpackage. You did not implement the class in the exercise., hasLongFeedbackText=false, reference=null, credits=0.0, positive=false, type=AUTOMATIC, visibility=ALWAYS, testCase=TestCaseDTO[testName=null, id=1409]], FeedbackDTO[id=947, text=null, detailText=The exercise expects a class with the name Policy in the package testpackage. You did not implement the class in the exercise., hasLongFeedbackText=false, reference=null, credits=0.0, positive=false, type=AUTOMATIC, visibility=ALWAYS, testCase=TestCaseDTO[testName=null, id=1410]], FeedbackDTO[id=948, text=null, detailText=The exercise expects a class with the name SortStrategy in the package testpackage. You did not implement the class in the exercise., hasLongFeedbackText=false, reference=null, credits=0.0, positive=false, type=AUTOMATIC, visibility=ALWAYS, testCase=TestCaseDTO[testName=null, id=1411]], FeedbackDTO[id=949, text=null, detailText=The class 'MergeSort' does not implement the interface 'SortStrategy' as expected. Implement the interface and its methods., hasLongFeedbackText=false, reference=null, credits=0.0, positive=false, type=AUTOMATIC, visibility=ALWAYS, testCase=TestCaseDTO[testName=null, id=1406]], FeedbackDTO[id=950, text=null, detailText=The exercise expects a class with the name SortStrategy in the package testpackage. You did not implement the class in the exercise., hasLongFeedbackText=false, reference=null, credits=0.0, positive=false, type=AUTOMATIC, visibility=ALWAYS, testCase=TestCaseDTO[testName=null, id=1403]], FeedbackDTO[id=951, text=null, detailText=The class 'BubbleSort' does not implement the interface 'SortStrategy' as expected. Implement the interface and its methods., hasLongFeedbackText=false, reference=null, credits=0.0, positive=false, type=AUTOMATIC, visibility=ALWAYS, testCase=TestCaseDTO[testName=null, id=1407]], FeedbackDTO[id=952, text=null, detailText=MergeSort does not sort correctly, hasLongFeedbackText=false, reference=null, credits=0.0, positive=false, type=AUTOMATIC, visibility=ALWAYS, testCase=TestCaseDTO[testName=null, id=1412]], FeedbackDTO[id=953, text=null, detailText=The class 'Context' was not found within the submission. Make sure to implement it properly., hasLongFeedbackText=false, reference=null, credits=0.0, positive=false, type=AUTOMATIC, visibility=ALWAYS, testCase=TestCaseDTO[testName=null, id=1413]], FeedbackDTO[id=954, text=null, detailText=The class 'Context' was not found within the submission. Make sure to implement it properly., hasLongFeedbackText=false, reference=null, credits=0.0, positive=false, type=AUTOMATIC, visibility=ALWAYS, testCase=TestCaseDTO[testName=null, id=1414]], FeedbackDTO[id=955, text=null, detailText=The exercise expects a class with the name Policy in the package testpackage. You did not implement the class in the exercise., hasLongFeedbackText=false, reference=null, credits=0.0, positive=false, type=AUTOMATIC, visibility=ALWAYS, testCase=TestCaseDTO[testName=null, id=1408]], FeedbackDTO[id=956, text=null, detailText=The exercise expects a class with the name Context in the package testpackage. You did not implement the class in the exercise., hasLongFeedbackText=false, reference=null, credits=0.0, positive=false, type=AUTOMATIC, visibility=ALWAYS, testCase=TestCaseDTO[testName=null, id=1404]], FeedbackDTO[id=957, text=null, detailText=The exercise expects a class with the name Policy in the package testpackage. You did not implement the class in the exercise., hasLongFeedbackText=false, reference=null, credits=0.0, positive=false, type=AUTOMATIC, visibility=ALWAYS, testCase=TestCaseDTO[testName=null, id=1405]], FeedbackDTO[id=958, text=null, detailText=null, hasLongFeedbackText=false, reference=null, credits=3.230769230769231, positive=true, type=AUTOMATIC, visibility=ALWAYS, testCase=TestCaseDTO[testName=null, id=1415]]], assessmentType=AUTOMATIC, hasComplaint=null, exampleResult=null, testCaseCount=13, passedTestCaseCount=1, codeIssueCount=0]], BuildJobQueueItem[id=20261739576743984, name=SHORT53C73BE505404043100AC2F00C039353CE8FTSTEXC-LOCALVCCIINTSTUDENT1, buildAgent=BuildAgentDTO[name=artemis-build-agent-test, memberAddress=[127.0.0.1]:5703, displayName=artemis-build-agent-test], participationId=2026, courseId=991, exerciseId=2608, retryCount=0, priority=1, status=SUCCESSFUL, repositoryInfo=RepositoryInfo[repositoryName=short53c73be505404043100ac2f00c039353ce8ftstexc-localvcciintstudent1, repositoryType=user, triggeredByPushTo=user, assignmentRepositoryUri=http://localhost:49152/git/SHORT53C73BE505404043100AC2F00C039353CE8FTSTEXC/short53c73be505404043100ac2f00c039353ce8ftstexc-localvcciintstudent1.git, testRepositoryUri=http://localhost:49152/git/SHORT53C73BE505404043100AC2F00C039353CE8FTSTEXC/short53c73be505404043100ac2f00c039353ce8ftstexc-tests.git, solutionRepositoryUri=null, auxiliaryRepositoryUris=[Ljava.lang.String;@5762311b, auxiliaryRepositoryCheckoutDirectories=[Ljava.lang.String;@5d403745], jobTimingInfo=JobTimingInfo[submissionDate=2025-02-14T23:45:43.984518859Z[Etc/UTC], buildStartDate=2025-02-14T23:45:43.991385682Z[Etc/UTC], buildCompletionDate=2025-02-14T23:45:44.982059928Z[Etc/UTC], estimatedCompletionDate=2025-02-14T23:46:02.991380122Z[Etc/UTC], estimatedDuration=19], buildConfig=BuildConfig[buildScript=#!/bin/bash
cd /var/tmp/testing-dir
chmod +x ./gradlew
./gradlew clean test
, dockerImage=dummy-docker-image:latest, commitHashToBuild=3e90ae9fef2e44ffb41451a080bdaa6a44ad6848, assignmentCommitHash=3e90ae9fef2e44ffb41451a080bdaa6a44ad6848, testCommitHash=0582754c87aae13e640312855ce7dbe490ecb50c, branch=main, programmingLanguage=JAVA, projectType=PLAIN_GRADLE, scaEnabled=false, sequentialTestRunsEnabled=false, resultPaths=[/var/tmp/testing-dir/**/test-results/test/*.xml], timeoutSeconds=0, assignmentCheckoutPath=null, testCheckoutPath=null, solutionCheckoutPath=null, dockerRunConfig=null], submissionResult=ResultDTO[id=635, completionDate=2025-02-14T23:45:44.961313737Z[Etc/UTC], successful=false, score=7.7, rated=true, submission=SubmissionDTO[id=829, submitted=true, type=MANUAL, exampleSubmission=null, submissionDate=2025-02-14T23:45:43.967766Z, commitHash=3e90ae9fef2e44ffb41451a080bdaa6a44ad6848, buildFailed=false, buildArtifact=false, participation=ParticipationDTO[id=2026, testRun=false, type=programming, submissionCount=null, exercise=ParticipationExerciseDTO[id=2608, exerciseType=PROGRAMMING, type=programming, assessmentType=AUTOMATIC, dueDate=2025-02-16T23:45:43.597978Z, assessmentDueDate=null, maxPoints=42.0, course=CourseDTO[id=991, accuracyOfScores=1]]], submissionExerciseType=programming, isProcessing=false, buildStartDate=null, estimatedCompletionDate=null], participation=ParticipationDTO[id=2026, testRun=false, type=programming, submissionCount=null, exercise=ParticipationExerciseDTO[id=2608, exerciseType=PROGRAMMING, type=programming, assessmentType=AUTOMATIC, dueDate=2025-02-16T23:45:43.597978Z, assessmentDueDate=null, maxPoints=42.0, course=CourseDTO[id=991, accuracyOfScores=1]]], feedbacks=[FeedbackDTO[id=959, text=null, detailText=The exercise expects a class with the name Context in the package testpackage. You did not implement the class in the exercise., hasLongFeedbackText=false, reference=null, credits=0.0, positive=false, type=AUTOMATIC, visibility=ALWAYS, testCase=TestCaseDTO[testName=null, id=1448]], FeedbackDTO[id=960, text=null, detailText=The exercise expects a class with the name Policy in the package testpackage. You did not implement the class in the exercise., hasLongFeedbackText=false, reference=null, credits=0.0, positive=false, type=AUTOMATIC, visibility=ALWAYS, testCase=TestCaseDTO[testName=null, id=1449]], FeedbackDTO[id=961, text=null, detailText=The exercise expects a class with the name SortStrategy in the package testpackage. You did not implement the class in the exercise., hasLongFeedbackText=false, reference=null, credits=0.0, positive=false, type=AUTOMATIC, visibility=ALWAYS, testCase=TestCaseDTO[testName=null, id=1450]], FeedbackDTO[id=962, text=null, detailText=The class 'MergeSort' does not implement the interface 'SortStrategy' as expected. Implement the interface and its methods., hasLongFeedbackText=false, reference=null, credits=0.0, positive=false, type=AUTOMATIC, visibility=ALWAYS, testCase=TestCaseDTO[testName=null, id=1445]], FeedbackDTO[id=963, text=null, detailText=The exercise expects a class with the name SortStrategy in the package testpackage. You did not implement the class in the exercise., hasLongFeedbackText=false, reference=null, credits=0.0, positive=false, type=AUTOMATIC, visibility=ALWAYS, testCase=TestCaseDTO[testName=null, id=1442]], FeedbackDTO[id=964, text=null, detailText=The class 'BubbleSort' does not implement the interface 'SortStrategy' as expected. Implement the interface and its methods., hasLongFeedbackText=false, reference=null, credits=0.0, positive=false, type=AUTOMATIC, visibility=ALWAYS, testCase=TestCaseDTO[testName=null, id=1446]], FeedbackDTO[id=965, text=null, detailText=MergeSort does not sort correctly, hasLongFeedbackText=false, reference=null, credits=0.0, positive=false, type=AUTOMATIC, visibility=ALWAYS, testCase=TestCaseDTO[testName=null, id=1451]], FeedbackDTO[id=966, text=null, detailText=The class 'Context' was not found within the submission. Make sure to implement it properly., hasLongFeedbackText=false, reference=null, credits=0.0, positive=false, type=AUTOMATIC, visibility=ALWAYS, testCase=TestCaseDTO[testName=null, id=1452]], FeedbackDTO[id=967, text=null, detailText=The class 'Context' was not found within the submission. Make sure to implement it properly., hasLongFeedbackText=false, reference=null, credits=0.0, positive=false, type=AUTOMATIC, visibility=ALWAYS, testCase=TestCaseDTO[testName=null, id=1453]], FeedbackDTO[id=968, text=null, detailText=The exercise expects a class with the name Policy in the package testpackage. You did not implement the class in the exercise., hasLongFeedbackText=false, reference=null, credits=0.0, positive=false, type=AUTOMATIC, visibility=ALWAYS, testCase=TestCaseDTO[testName=null, id=1447]], FeedbackDTO[id=969, text=null, detailText=The exercise expects a class with the name Context in the package testpackage. You did not implement the class in the exercise., hasLongFeedbackText=false, reference=null, credits=0.0, positive=false, type=AUTOMATIC, visibility=ALWAYS, testCase=TestCaseDTO[testName=null, id=1443]], FeedbackDTO[id=970, text=null, detailText=The exercise expects a class with the name Policy in the package testpackage. You did not implement the class in the exercise., hasLongFeedbackText=false, reference=null, credits=0.0, positive=false, type=AUTOMATIC, visibility=ALWAYS, testCase=TestCaseDTO[testName=null, id=1444]], FeedbackDTO[id=971, text=null, detailText=null, hasLongFeedbackText=false, reference=null, credits=3.230769230769231, positive=true, type=AUTOMATIC, visibility=ALWAYS, testCase=TestCaseDTO[testName=null, id=1454]]], assessmentType=AUTOMATIC, hasComplaint=null, exampleResult=null, testCaseCount=13, passedTestCaseCount=1, codeIssueCount=0]], BuildJobQueueItem[id=20271739576746886, name=SHORT0FC863930E92904248098A506171F81CF6CFTSTEXC-SOLUTION, buildAgent=BuildAgentDTO[name=artemis-build-agent-test, memberAddress=[127.0.0.1]:5703, displayName=artemis-build-agent-test], participationId=2027, courseId=992, exerciseId=2609, retryCount=0, priority=2, status=SUCCESSFUL, repositoryInfo=RepositoryInfo[repositoryName=short0fc863930e92904248098a506171f81cf6cftstexc-solution, repositoryType=solution, triggeredByPushTo=auxiliary, assignmentRepositoryUri=http://localhost:49152/git/SHORT0FC863930E92904248098A506171F81CF6CFTSTEXC/short0fc863930e92904248098a506171f81cf6cftstexc-solution.git, testRepositoryUri=http://localhost:49152/git/SHORT0FC863930E92904248098A506171F81CF6CFTSTEXC/short0fc863930e92904248098a506171f81cf6cftstexc-tests.git, solutionRepositoryUri=null, auxiliaryRepositoryUris=[Ljava.lang.String;@7da5376a, auxiliaryRepositoryCheckoutDirectories=[Ljava.lang.String;@1bd6e143], jobTimingInfo=JobTimingInfo[submissionDate=2025-02-14T23:45:46.886984066Z[Etc/UTC], buildStartDate=2025-02-14T23:45:46.897709578Z[Etc/UTC], buildCompletionDate=2025-02-14T23:45:48.628460156Z[Etc/UTC], estimatedCompletionDate=2025-02-14T23:46:05.897701272Z[Etc/UTC], estimatedDuration=19], buildConfig=BuildConfig[buildScript=#!/bin/bash
cd /var/tmp/testing-dir
chmod +x ./gradlew
./gradlew clean test
, dockerImage=dummy-docker-image:latest, commitHashToBuild=null, assignmentCommitHash=115a2e943bee242fdad360b50d8ad5f30792577e, testCommitHash=9b3a9bd71a0d80e5bbc42204c319ed3d1d4f0d6d, branch=main, programmingLanguage=JAVA, projectType=PLAIN_GRADLE, scaEnabled=false, sequentialTestRunsEnabled=false, resultPaths=[/var/tmp/testing-dir/**/test-results/test/*.xml], timeoutSeconds=0, assignmentCheckoutPath=null, testCheckoutPath=null, solutionCheckoutPath=null, dockerRunConfig=null], submissionResult=ResultDTO[id=636, completionDate=2025-02-14T23:45:48.593370968Z[Etc/UTC], successful=true, score=100.0, rated=true, submission=SubmissionDTO[id=830, submitted=true, type=TEST, exampleSubmission=null, submissionDate=2025-02-14T23:45:46.873671Z, commitHash=9b3a9bd71a0d80e5bbc42204c319ed3d1d4f0d6d, buildFailed=false, buildArtifact=false, participation=ParticipationDTO[id=2027, testRun=false, type=solution, submissionCount=null, exercise=ParticipationExerciseDTO[id=2609, exerciseType=PROGRAMMING, type=programming, assessmentType=AUTOMATIC, dueDate=2025-02-16T23:45:46.386304Z, assessmentDueDate=null, maxPoints=42.0, course=CourseDTO[id=992, accuracyOfScores=1]]], submissionExerciseType=programming, isProcessing=false, buildStartDate=null, estimatedCompletionDate=null], participation=ParticipationDTO[id=2027, testRun=false, type=solution, submissionCount=null, exercise=ParticipationExerciseDTO[id=2609, exerciseType=PROGRAMMING, type=programming, assessmentType=AUTOMATIC, dueDate=2025-02-16T23:45:46.386304Z, assessmentDueDate=null, maxPoints=42.0, course=CourseDTO[id=992, accuracyOfScores=1]]], feedbacks=[FeedbackDTO[id=972, text=null, detailText=null, hasLongFeedbackText=false, reference=null, credits=3.230769230769231, positive=true, type=AUTOMATIC, visibility=ALWAYS, testCase=TestCaseDTO[testName=testMethods[Context], id=1461]], FeedbackDTO[id=973, text=null, detailText=null, hasLongFeedbackText=false, reference=null, credits=3.230769230769231, positive=true, type=AUTOMATIC, visibility=ALWAYS, testCase=TestCaseDTO[testName=testMethods[Policy], id=1462]], FeedbackDTO[id=974, text=null, detailText=null, hasLongFeedbackText=false, reference=null, credits=3.230769230769231, positive=true, type=AUTOMATIC, visibility=ALWAYS, testCase=TestCaseDTO[testName=testMethods[SortStrategy], id=1463]], FeedbackDTO[id=975, text=null, detailText=null, hasLongFeedbackText=false, reference=null, credits=3.230769230769231, positive=true, type=AUTOMATIC, visibility=ALWAYS, testCase=TestCaseDTO[testName=testClass[MergeSort], id=1458]], FeedbackDTO[id=976, text=null, detailText=null, hasLongFeedbackText=false, reference=null, credits=3.230769230769231, positive=true, type=AUTOMATIC, visibility=ALWAYS, testCase=TestCaseDTO[testName=testClass[SortStrategy], id=1455]], FeedbackDTO[id=977, text=null, detailText=null, hasLongFeedbackText=false, reference=null, credits=3.230769230769231, positive=true, type=AUTOMATIC, visibility=ALWAYS, testCase=TestCaseDTO[testName=testClass[BubbleSort], id=1459]], FeedbackDTO[id=978, text=null, detailText=null, hasLongFeedbackText=false, reference=null, credits=3.230769230769231, positive=true, type=AUTOMATIC, visibility=ALWAYS, testCase=TestCaseDTO[testName=testMergeSort(), id=1464]], FeedbackDTO[id=979, text=null, detailText=null, hasLongFeedbackText=false, reference=null, credits=3.230769230769231, positive=true, type=AUTOMATIC, visibility=ALWAYS, testCase=TestCaseDTO[testName=testUseBubbleSortForSmallList(), id=1465]], FeedbackDTO[id=980, text=null, detailText=null, hasLongFeedbackText=false, reference=null, credits=3.230769230769231, positive=true, type=AUTOMATIC, visibility=ALWAYS, testCase=TestCaseDTO[testName=testBubbleSort(), id=1467]], FeedbackDTO[id=981, text=null, detailText=null, hasLongFeedbackText=false, reference=null, credits=3.230769230769231, positive=true, type=AUTOMATIC, visibility=ALWAYS, testCase=TestCaseDTO[testName=testUseMergeSortForBigList(), id=1466]], FeedbackDTO[id=982, text=null, detailText=null, hasLongFeedbackText=false, reference=null, credits=3.230769230769231, positive=true, type=AUTOMATIC, visibility=ALWAYS, testCase=TestCaseDTO[testName=testConstructors[Policy], id=1460]], FeedbackDTO[id=983, text=null, detailText=null, hasLongFeedbackText=false, reference=null, credits=3.230769230769231, positive=true, type=AUTOMATIC, visibility=ALWAYS, testCase=TestCaseDTO[testName=testAttributes[Context], id=1456]], FeedbackDTO[id=984, text=null, detailText=null, hasLongFeedbackText=false, reference=null, credits=3.230769230769231, positive=true, type=AUTOMATIC, visibility=ALWAYS, testCase=TestCaseDTO[testName=testAttributes[Policy], id=1457]]], assessmentType=AUTOMATIC, hasComplaint=null, exampleResult=null, testCaseCount=13, passedTestCaseCount=13, codeIssueCount=0]], BuildJobQueueItem[id=20281739576748768, name=SHORT0FC863930E92904248098A506171F81CF6CFTSTEXC-BASE, buildAgent=BuildAgentDTO[name=artemis-build-agent-test, memberAddress=[127.0.0.1]:5703, displayName=artemis-build-agent-test], participationId=2028, courseId=992, exerciseId=2609, retryCount=0, priority=2, status=SUCCESSFUL, repositoryInfo=RepositoryInfo[repositoryName=short0fc863930e92904248098a506171f81cf6cftstexc-exercise, repositoryType=exercise, triggeredByPushTo=auxiliary, assignmentRepositoryUri=http://localhost:49152/git/SHORT0FC863930E92904248098A506171F81CF6CFTSTEXC/short0fc863930e92904248098a506171f81cf6cftstexc-exercise.git, testRepositoryUri=http://localhost:49152/git/SHORT0FC863930E92904248098A506171F81CF6CFTSTEXC/short0fc863930e92904248098a506171f81cf6cftstexc-tests.git, solutionRepositoryUri=null, auxiliaryRepositoryUris=[Ljava.lang.String;@5dfae1cb, auxiliaryRepositoryCheckoutDirectories=[Ljava.lang.String;@1dc1f2e], jobTimingInfo=JobTimingInfo[submissionDate=2025-02-14T23:45:48.768063548Z[Etc/UTC], buildStartDate=2025-02-14T23:45:48.802531989Z[Etc/UTC], buildCompletionDate=2025-02-14T23:45:50.482681367Z[Etc/UTC], estimatedCompletionDate=2025-02-14T23:45:50.802523092Z[Etc/UTC], estimatedDuration=2], buildConfig=BuildConfig[buildScript=#!/bin/bash
cd /var/tmp/testing-dir
chmod +x ./gradlew
./gradlew clean test
, dockerImage=dummy-docker-image:latest, commitHashToBuild=9b3a9bd71a0d80e5bbc42204c319ed3d1d4f0d6d, assignmentCommitHash=115a2e943bee242fdad360b50d8ad5f30792577e, testCommitHash=9b3a9bd71a0d80e5bbc42204c319ed3d1d4f0d6d, branch=main, programmingLanguage=JAVA, projectType=PLAIN_GRADLE, scaEnabled=false, sequentialTestRunsEnabled=false, resultPaths=[/var/tmp/testing-dir/**/test-results/test/*.xml], timeoutSeconds=0, assignmentCheckoutPath=null, testCheckoutPath=null, solutionCheckoutPath=null, dockerRunConfig=null], submissionResult=ResultDTO[id=637, completionDate=2025-02-14T23:45:50.449084694Z[Etc/UTC], successful=false, score=0.0, rated=true, submission=SubmissionDTO[id=831, submitted=true, type=TEST, exampleSubmission=null, submissionDate=2025-02-14T23:45:48.761177Z, commitHash=9b3a9bd71a0d80e5bbc42204c319ed3d1d4f0d6d, buildFailed=false, buildArtifact=false, participation=ParticipationDTO[id=2028, testRun=false, type=template, submissionCount=null, exercise=ParticipationExerciseDTO[id=2609, exerciseType=PROGRAMMING, type=programming, assessmentType=AUTOMATIC, dueDate=2025-02-16T23:45:46.386304Z, assessmentDueDate=null, maxPoints=42.0, course=CourseDTO[id=992, accuracyOfScores=1]]], submissionExerciseType=programming, isProcessing=false, buildStartDate=null, estimatedCompletionDate=null], participation=ParticipationDTO[id=2028, testRun=false, type=template, submissionCount=null, exercise=ParticipationExerciseDTO[id=2609, exerciseType=PROGRAMMING, type=programming, assessmentType=AUTOMATIC, dueDate=2025-02-16T23:45:46.386304Z, assessmentDueDate=null, maxPoints=42.0, course=CourseDTO[id=992, accuracyOfScores=1]]], feedbacks=[FeedbackDTO[id=985, text=null, detailText=The exercise expects a class with the name Context in the package testpackage. You did not implement the class in the exercise., hasLongFeedbackText=false, reference=null, credits=0.0, positive=false, type=AUTOMATIC, visibility=ALWAYS, testCase=TestCaseDTO[testName=testMethods[Context], id=1461]], FeedbackDTO[id=986, text=null, detailText=The exercise expects a class with the name Policy in the package testpackage. You did not implement the class in the exercise., hasLongFeedbackText=false, reference=null, credits=0.0, positive=false, type=AUTOMATIC, visibility=ALWAYS, testCase=TestCaseDTO[testName=testMethods[Policy], id=1462]], FeedbackDTO[id=987, text=null, detailText=The exercise expects a class with the name SortStrategy in the package testpackage. You did not implement the class in the exercise., hasLongFeedbackText=false, reference=null, credits=0.0, positive=false, type=AUTOMATIC, visibility=ALWAYS, testCase=TestCaseDTO[testName=testMethods[SortStrategy], id=1463]], FeedbackDTO[id=988, text=null, detailText=The class 'MergeSort' does not implement the interface 'SortStrategy' as expected. Implement the interface and its methods., hasLongFeedbackText=false, reference=null, credits=0.0, positive=false, type=AUTOMATIC, visibility=ALWAYS, testCase=TestCaseDTO[testName=testClass[MergeSort], id=1458]], FeedbackDTO[id=989, text=null, detailText=The exercise expects a class with the name SortStrategy in the package testpackage. You did not implement the class in the exercise., hasLongFeedbackText=false, reference=null, credits=0.0, positive=false, type=AUTOMATIC, visibility=ALWAYS, testCase=TestCaseDTO[testName=testClass[SortStrategy], id=1455]], FeedbackDTO[id=990, text=null, detailText=The class 'BubbleSort' does not implement the interface 'SortStrategy' as expected. Implement the interface and its methods., hasLongFeedbackText=false, reference=null, credits=0.0, positive=false, type=AUTOMATIC, visibility=ALWAYS, testCase=TestCaseDTO[testName=testClass[BubbleSort], id=1459]], FeedbackDTO[id=991, text=null, detailText=MergeSort does not sort correctly, hasLongFeedbackText=false, reference=null, credits=0.0, positive=false, type=AUTOMATIC, visibility=ALWAYS, testCase=TestCaseDTO[testName=testMergeSort(), id=1464]], FeedbackDTO[id=992, text=null, detailText=The class 'Context' was not found within the submission. Make sure to implement it properly., hasLongFeedbackText=false, reference=null, credits=0.0, positive=false, type=AUTOMATIC, visibility=ALWAYS, testCase=TestCaseDTO[testName=testUseBubbleSortForSmallList(), id=1465]], FeedbackDTO[id=993, text=null, detailText=BubbleSort does not sort correctly, hasLongFeedbackText=false, reference=null, credits=0.0, positive=false, type=AUTOMATIC, visibility=ALWAYS, testCase=TestCaseDTO[testName=testBubbleSort(), id=1467]], FeedbackDTO[id=994, text=null, detailText=The class 'Context' was not found within the submission. Make sure to implement it properly., hasLongFeedbackText=false, reference=null, credits=0.0, positive=false, type=AUTOMATIC, visibility=ALWAYS, testCase=TestCaseDTO[testName=testUseMergeSortForBigList(), id=1466]], FeedbackDTO[id=995, text=null, detailText=The exercise expects a class with the name Policy in the package testpackage. You did not implement the class in the exercise., hasLongFeedbackText=false, reference=null, credits=0.0, positive=false, type=AUTOMATIC, visibility=ALWAYS, testCase=TestCaseDTO[testName=testConstructors[Policy], id=1460]], FeedbackDTO[id=996, text=null, detailText=The exercise expects a class with the name Context in the package testpackage. You did not implement the class in the exercise., hasLongFeedbackText=false, reference=null, credits=0.0, positive=false, type=AUTOMATIC, visibility=ALWAYS, testCase=TestCaseDTO[testName=testAttributes[Context], id=1456]], FeedbackDTO[id=997, text=null, detailText=The exercise expects a class with the name Policy in the package testpackage. You did not implement the class in the exercise., hasLongFeedbackText=false, reference=null, credits=0.0, positive=false, type=AUTOMATIC, visibility=ALWAYS, testCase=TestCaseDTO[testName=testAttributes[Policy], id=1457]]], assessmentType=AUTOMATIC, hasComplaint=null, exampleResult=null, testCaseCount=13, passedTestCaseCount=0, codeIssueCount=0]], BuildJobQueueItem[id=20291739576751299, name=SHORT716C2EC10B19B049C80A2F00B97EAB20B2A9TSTEXC-SOLUTION, buildAgent=BuildAgentDTO[name=artemis-build-agent-test, memberAddress=[127.0.0.1]:5703, displayName=artemis-build-agent-test], participationId=2029, courseId=993, exerciseId=2610, retryCount=0, priority=2, status=SUCCESSFUL, repositoryInfo=RepositoryInfo[repositoryName=short716c2ec10b19b049c80a2f00b97eab20b2a9tstexc-solution, repositoryType=solution, triggeredByPushTo=tests, assignmentRepositoryUri=http://localhost:49152/git/SHORT716C2EC10B19B049C80A2F00B97EAB20B2A9TSTEXC/short716c2ec10b19b049c80a2f00b97eab20b2a9tstexc-solution.git, testRepositoryUri=http://localhost:49152/git/SHORT716C2EC10B19B049C80A2F00B97EAB20B2A9TSTEXC/short716c2ec10b19b049c80a2f00b97eab20b2a9tstexc-tests.git, solutionRepositoryUri=null, auxiliaryRepositoryUris=[Ljava.lang.String;@55166618, auxiliaryRepositoryCheckoutDirectories=[Ljava.lang.String;@79665900], jobTimingInfo=JobTimingInfo[submissionDate=2025-02-14T23:45:51.299892174Z[Etc/UTC], buildStartDate=2025-02-14T23:45:51.314028505Z[Etc/UTC], buildCompletionDate=2025-02-14T23:45:52.158312850Z[Etc/UTC], estimatedCompletionDate=2025-02-14T23:46:10.314021752Z[Etc/UTC], estimatedDuration=19], buildConfig=BuildConfig[buildScript=#!/bin/bash
cd /var/tmp/testing-dir
chmod +x ./gradlew
./gradlew clean test
, dockerImage=dummy-docker-image:latest, commitHashToBuild=1e531733ed6e9237f710b528d1eb0b7beac565fd, assignmentCommitHash=815e279f12ad296b4f24c44134a07293c04c010f, testCommitHash=1e531733ed6e9237f710b528d1eb0b7beac565fd, branch=main, programmingLanguage=JAVA, projectType=PLAIN_GRADLE, scaEnabled=false, sequentialTestRunsEnabled=false, resultPaths=[/var/tmp/testing-dir/**/test-results/test/*.xml], timeoutSeconds=0, assignmentCheckoutPath=null, testCheckoutPath=null, solutionCheckoutPath=null, dockerRunConfig=null], submissionResult=ResultDTO[id=638, completionDate=2025-02-14T23:45:52.146826070Z[Etc/UTC], successful=true, score=100.0, rated=true, submission=SubmissionDTO[id=832, submitted=true, type=TEST, exampleSubmission=null, submissionDate=2025-02-14T23:45:51.275713Z, commitHash=1e531733ed6e9237f710b528d1eb0b7beac565fd, buildFailed=false, buildArtifact=false, participation=ParticipationDTO[id=2029, testRun=false, type=solution, submissionCount=null, exercise=ParticipationExerciseDTO[id=2610, exerciseType=PROGRAMMING, type=programming, assessmentType=AUTOMATIC, dueDate=2025-02-16T23:45:50.869093Z, assessmentDueDate=null, maxPoints=42.0, course=CourseDTO[id=993, accuracyOfScores=1]]], submissionExerciseType=programming, isProcessing=false, buildStartDate=null, estimatedCompletionDate=null], participation=ParticipationDTO[id=2029, testRun=false, type=solution, submissionCount=null, exercise=ParticipationExerciseDTO[id=2610, exerciseType=PROGRAMMING, type=programming, assessmentType=AUTOMATIC, dueDate=2025-02-16T23:45:50.869093Z, assessmentDueDate=null, maxPoints=42.0, course=CourseDTO[id=993, accuracyOfScores=1]]], feedbacks=[FeedbackDTO[id=998, text=null, detailText=null, hasLongFeedbackText=false, reference=null, credits=3.230769230769231, positive=true, type=AUTOMATIC, visibility=ALWAYS, testCase=TestCaseDTO[testName=testMethods[Context], id=1474]], FeedbackDTO[id=999, text=null, detailText=null, hasLongFeedbackText=false, reference=null, credits=3.230769230769231, positive=true, type=AUTOMATIC, visibility=ALWAYS, testCase=TestCaseDTO[testName=testMethods[Policy], id=1475]], FeedbackDTO[id=1000, text=null, detailText=null, hasLongFeedbackText=false, reference=null, credits=3.230769230769231, positive=true, type=AUTOMATIC, visibility=ALWAYS, testCase=TestCaseDTO[testName=testMethods[SortStrategy], id=1476]], FeedbackDTO[id=1001, text=null, detailText=null, hasLongFeedbackText=false, reference=null, credits=3.230769230769231, positive=true, type=AUTOMATIC, visibility=ALWAYS, testCase=TestCaseDTO[testName=testClass[MergeSort], id=1471]], FeedbackDTO[id=1002, text=null, detailText=null, hasLongFeedbackText=false, reference=null, credits=3.230769230769231, positive=true, type=AUTOMATIC, visibility=ALWAYS, testCase=TestCaseDTO[testName=testClass[SortStrategy], id=1468]], FeedbackDTO[id=1003, text=null, detailText=null, hasLongFeedbackText=false, reference=null, credits=3.230769230769231, positive=true, type=AUTOMATIC, visibility=ALWAYS, testCase=TestCaseDTO[testName=testClass[BubbleSort], id=1472]], FeedbackDTO[id=1004, text=null, detailText=null, hasLongFeedbackText=false, reference=null, credits=3.230769230769231, positive=true, type=AUTOMATIC, visibility=ALWAYS, testCase=TestCaseDTO[testName=testMergeSort(), id=1477]], FeedbackDTO[id=1005, text=null, detailText=null, hasLongFeedbackText=false, reference=null, credits=3.230769230769231, positive=true, type=AUTOMATIC, visibility=ALWAYS, testCase=TestCaseDTO[testName=testUseBubbleSortForSmallList(), id=1478]], FeedbackDTO[id=1006, text=null, detailText=null, hasLongFeedbackText=false, reference=null, credits=3.230769230769231, positive=true, type=AUTOMATIC, visibility=ALWAYS, testCase=TestCaseDTO[testName=testBubbleSort(), id=1480]], FeedbackDTO[id=1007, text=null, detailText=null, hasLongFeedbackText=false, reference=null, credits=3.230769230769231, positive=true, type=AUTOMATIC, visibility=ALWAYS, testCase=TestCaseDTO[testName=testUseMergeSortForBigList(), id=1479]], FeedbackDTO[id=1008, text=null, detailText=null, hasLongFeedbackText=false, reference=null, credits=3.230769230769231, positive=true, type=AUTOMATIC, visibility=ALWAYS, testCase=TestCaseDTO[testName=testConstructors[Policy], id=1473]], FeedbackDTO[id=1009, text=null, detailText=null, hasLongFeedbackText=false, reference=null, credits=3.230769230769231, positive=true, type=AUTOMATIC, visibility=ALWAYS, testCase=TestCaseDTO[testName=testAttributes[Context], id=1469]], FeedbackDTO[id=1010, text=null, detailText=null, hasLongFeedbackText=false, reference=null, credits=3.230769230769231, positive=true, type=AUTOMATIC, visibility=ALWAYS, testCase=TestCaseDTO[testName=testAttributes[Policy], id=1470]]], assessmentType=AUTOMATIC, hasComplaint=null, exampleResult=null, testCaseCount=13, passedTestCaseCount=13, codeIssueCount=0]]], publicSshKey=ssh-rsa AAAAB3NzaC1yc2EAAAADAQABAAACAQCOPdMsxRE2jFJ/UEa5/LsBxtwzJcrh3/rYBCQvcMeVpiRfhzQPWu7mrt/G2Ew+i+vRloGH9aqKg6dd1liRncao53Zmd/ePxoatXePNhmzTfkCkcSkTUz7B+QMjkoDDV5jwuFPD6mF3JkhuzSi64n9Zy905t4w2IhVcjM2mL3eYNjiCXt6Qpq3Pkt7dM/Ksw1nxnvuiIALuJLB3FTkXkHqq3PJav+9HSq2r6ZaWgekneaGxlQlb+U+Vy3XOuArKAzK8c8i+0bR+AHiTG6ncYXt7ax3U+TdlDTF7OLP3umwaYjs1NBXOHwG42pevvpKn2fqavZZozk+M05jXLx3bq0O7itxfErWc7etky8qYPyyIMF/txQIVLd78+Ze4d7Y60t5MGbXM5cGE6fFif5fEJwgswXD+BrG0cafz1CTatjSKFdvp8Vp4VszXhHDan1PrP6JEFJ5Cc5GDmLRZPCFa3vL9f5qXgf4bkqKN8MYeEujwJE5nMRWoiJVNakix2bcrrneQMBlnYeYZVWXXXUusAQBzl4NgddC1umZpihZkL1b1MffZAUW3EGEXi7KHnllQhkTLLsQ8ntMgbylqaJKStqaXlLvdeRJcEnUuiFCrHEVVbXRFZR7XVDZ02CE5o3MuaRPty8Kh+jRTF3COlAckHwYEJCNNJvXFgb2CNXL4mjzYDw== test@localhost]
    23:45:53.251 | 566 localvc.event-13 | DEBUG | s.l.LocalCIWebsocketMessagingService : Sending message on topic /topic/admin/build-agents: [BuildAgentInformation[buildAgent=BuildAgentDTO[name=artemis-build-agent-test, memberAddress=[127.0.0.1]:5703, displayName=artemis-build-agent-test], maxNumberOfConcurrentBuildJobs=1, numberOfCurrentBuildJobs=0, runningBuildJobs=[], status=IDLE, recentBuildJobs=null, publicSshKey=null]]
    23:45:53.252 | 566 localvc.event-13 | DEBUG | s.l.LocalCIWebsocketMessagingService : Sending message on topic /topic/admin/build-agent/artemis-build-agent-test: BuildAgentInformation[buildAgent=BuildAgentDTO[name=artemis-build-agent-test, memberAddress=[127.0.0.1]:5703, displayName=artemis-build-agent-test], maxNumberOfConcurrentBuildJobs=1, numberOfCurrentBuildJobs=0, runningBuildJobs=[], status=IDLE, recentBuildJobs=[BuildJobQueueItem[id=19141739576708030, name=SHORT5F02A8F400311042E70858306EB148073CFDTSTEXC-LOCALVCINTSTUDENT1, buildAgent=BuildAgentDTO[name=artemis-build-agent-test, memberAddress=[127.0.0.1]:5703, displayName=artemis-build-agent-test], participationId=1914, courseId=947, exerciseId=2564, retryCount=0, priority=2, status=FAILED, repositoryInfo=RepositoryInfo[repositoryName=short5f02a8f400311042e70858306eb148073cfdtstexc-localvcintstudent1, repositoryType=user, triggeredByPushTo=user, assignmentRepositoryUri=http://localhost:49152/git/SHORT5F02A8F400311042E70858306EB148073CFDTSTEXC/short5f02a8f400311042e70858306eb148073cfdtstexc-localvcintstudent1.git, testRepositoryUri=http://localhost:49152/git/SHORT5F02A8F400311042E70858306EB148073CFDTSTEXC/short5f02a8f400311042e70858306eb148073cfdtstexc-tests.git, solutionRepositoryUri=null, auxiliaryRepositoryUris=[Ljava.lang.String;@741ccd99, auxiliaryRepositoryCheckoutDirectories=[Ljava.lang.String;@3ff92443], jobTimingInfo=JobTimingInfo[submissionDate=2025-02-14T23:45:08.030118216Z[Etc/UTC], buildStartDate=2025-02-14T23:45:08.041011412Z[Etc/UTC], buildCompletionDate=2025-02-14T23:45:08.054603331Z[Etc/UTC], estimatedCompletionDate=2025-02-14T23:45:27.041005080Z[Etc/UTC], estimatedDuration=19], buildConfig=BuildConfig[buildScript=#!/bin/bash
cd /var/tmp/testing-dir
chmod +x ./gradlew
./gradlew clean test
, dockerImage=dummy-docker-image:latest, commitHashToBuild=6e7146cac5059504aa9d170ec3fa23aec740bb51, assignmentCommitHash=6e7146cac5059504aa9d170ec3fa23aec740bb51, testCommitHash=931e5303581c7a2f01339ba603cfafbfe668b901, branch=main, programmingLanguage=JAVA, projectType=PLAIN_GRADLE, scaEnabled=false, sequentialTestRunsEnabled=false, resultPaths=[/var/tmp/testing-dir/**/test-results/test/*.xml], timeoutSeconds=0, assignmentCheckoutPath=null, testCheckoutPath=null, solutionCheckoutPath=null, dockerRunConfig=null], submissionResult=ResultDTO[id=622, completionDate=2025-02-14T23:45:08.054683681Z[Etc/UTC], successful=false, score=0.0, rated=true, submission=SubmissionDTO[id=814, submitted=true, type=MANUAL, exampleSubmission=null, submissionDate=2025-02-14T23:45:08.016200Z, commitHash=6e7146cac5059504aa9d170ec3fa23aec740bb51, buildFailed=true, buildArtifact=false, participation=ParticipationDTO[id=1914, testRun=false, type=programming, submissionCount=null, exercise=ParticipationExerciseDTO[id=2564, exerciseType=PROGRAMMING, type=programming, assessmentType=AUTOMATIC, dueDate=2025-02-16T23:45:07.324348Z, assessmentDueDate=null, maxPoints=42.0, course=CourseDTO[id=947, accuracyOfScores=1]]], submissionExerciseType=programming, isProcessing=false, buildStartDate=null, estimatedCompletionDate=null], participation=ParticipationDTO[id=1914, testRun=false, type=programming, submissionCount=null, exercise=ParticipationExerciseDTO[id=2564, exerciseType=PROGRAMMING, type=programming, assessmentType=AUTOMATIC, dueDate=2025-02-16T23:45:07.324348Z, assessmentDueDate=null, maxPoints=42.0, course=CourseDTO[id=947, accuracyOfScores=1]]], feedbacks=[], assessmentType=AUTOMATIC, hasComplaint=null, exampleResult=null, testCaseCount=0, passedTestCaseCount=0, codeIssueCount=0]], BuildJobQueueItem[id=19361739576711303, name=SHORT9AFDAE3804CA304DDF0889A0CB0F56104A86TSTEXC-LOCALVCINTSTUDENT1, buildAgent=BuildAgentDTO[name=artemis-build-agent-test, memberAddress=[127.0.0.1]:5703, displayName=artemis-build-agent-test], participationId=1936, courseId=956, exerciseId=2573, retryCount=0, priority=2, status=FAILED, repositoryInfo=RepositoryInfo[repositoryName=short9afdae3804ca304ddf0889a0cb0f56104a86tstexc-localvcintstudent1, repositoryType=user, triggeredByPushTo=user, assignmentRepositoryUri=http://localhost:49152/git/SHORT9AFDAE3804CA304DDF0889A0CB0F56104A86TSTEXC/short9afdae3804ca304ddf0889a0cb0f56104a86tstexc-localvcintstudent1.git, testRepositoryUri=http://localhost:49152/git/SHORT9AFDAE3804CA304DDF0889A0CB0F56104A86TSTEXC/short9afdae3804ca304ddf0889a0cb0f56104a86tstexc-tests.git, solutionRepositoryUri=null, auxiliaryRepositoryUris=[Ljava.lang.String;@c089a09, auxiliaryRepositoryCheckoutDirectories=[Ljava.lang.String;@7cdf03db], jobTimingInfo=JobTimingInfo[submissionDate=2025-02-14T23:45:11.303805653Z[Etc/UTC], buildStartDate=2025-02-14T23:45:11.310981356Z[Etc/UTC], buildCompletionDate=2025-02-14T23:45:11.319178384Z[Etc/UTC], estimatedCompletionDate=2025-02-14T23:45:30.310974944Z[Etc/UTC], estimatedDuration=19], buildConfig=BuildConfig[buildScript=#!/bin/bash
cd /var/tmp/testing-dir
chmod +x ./gradlew
./gradlew clean test
, dockerImage=dummy-docker-image:latest, commitHashToBuild=a1099e378cffde441ef85f9b12577ca174b8e1e4, assignmentCommitHash=a1099e378cffde441ef85f9b12577ca174b8e1e4, testCommitHash=bd38d61c299ab11a1dea82a3ca5493fe04d97d47, branch=main, programmingLanguage=JAVA, projectType=PLAIN_GRADLE, scaEnabled=false, sequentialTestRunsEnabled=false, resultPaths=[/var/tmp/testing-dir/**/test-results/test/*.xml], timeoutSeconds=0, assignmentCheckoutPath=null, testCheckoutPath=null, solutionCheckoutPath=null, dockerRunConfig=null], submissionResult=ResultDTO[id=623, completionDate=2025-02-14T23:45:11.319278430Z[Etc/UTC], successful=false, score=0.0, rated=true, submission=SubmissionDTO[id=815, submitted=true, type=MANUAL, exampleSubmission=null, submissionDate=2025-02-14T23:45:11.294386Z, commitHash=a1099e378cffde441ef85f9b12577ca174b8e1e4, buildFailed=true, buildArtifact=false, participation=ParticipationDTO[id=1936, testRun=false, type=programming, submissionCount=null, exercise=ParticipationExerciseDTO[id=2573, exerciseType=PROGRAMMING, type=programming, assessmentType=AUTOMATIC, dueDate=2025-02-16T23:45:10.996982Z, assessmentDueDate=null, maxPoints=42.0, course=CourseDTO[id=956, accuracyOfScores=1]]], submissionExerciseType=programming, isProcessing=false, buildStartDate=null, estimatedCompletionDate=null], participation=ParticipationDTO[id=1936, testRun=false, type=programming, submissionCount=null, exercise=ParticipationExerciseDTO[id=2573, exerciseType=PROGRAMMING, type=programming, assessmentType=AUTOMATIC, dueDate=2025-02-16T23:45:10.996982Z, assessmentDueDate=null, maxPoints=42.0, course=CourseDTO[id=956, accuracyOfScores=1]]], feedbacks=[], assessmentType=AUTOMATIC, hasComplaint=null, exampleResult=null, testCaseCount=0, passedTestCaseCount=0, codeIssueCount=0]], BuildJobQueueItem[id=19351739576711674, name=SHORT9AFDAE3804CA304DDF0889A0CB0F56104A86TSTEXC-BASE, buildAgent=BuildAgentDTO[name=artemis-build-agent-test, memberAddress=[127.0.0.1]:5703, displayName=artemis-build-agent-test], participationId=1935, courseId=956, exerciseId=2573, retryCount=0, priority=2, status=FAILED, repositoryInfo=RepositoryInfo[repositoryName=short9afdae3804ca304ddf0889a0cb0f56104a86tstexc-exercise, repositoryType=exercise, triggeredByPushTo=exercise, assignmentRepositoryUri=http://localhost:49152/git/SHORT9AFDAE3804CA304DDF0889A0CB0F56104A86TSTEXC/short9afdae3804ca304ddf0889a0cb0f56104a86tstexc-exercise.git, testRepositoryUri=http://localhost:49152/git/SHORT9AFDAE3804CA304DDF0889A0CB0F56104A86TSTEXC/short9afdae3804ca304ddf0889a0cb0f56104a86tstexc-tests.git, solutionRepositoryUri=null, auxiliaryRepositoryUris=[Ljava.lang.String;@6ebd79dc, auxiliaryRepositoryCheckoutDirectories=[Ljava.lang.String;@18109374], jobTimingInfo=JobTimingInfo[submissionDate=2025-02-14T23:45:11.674556681Z[Etc/UTC], buildStartDate=2025-02-14T23:45:11.677776879Z[Etc/UTC], buildCompletionDate=2025-02-14T23:45:11.688097378Z[Etc/UTC], estimatedCompletionDate=2025-02-14T23:45:30.677771620Z[Etc/UTC], estimatedDuration=19], buildConfig=BuildConfig[buildScript=#!/bin/bash
cd /var/tmp/testing-dir
chmod +x ./gradlew
./gradlew clean test
, dockerImage=dummy-docker-image:latest, commitHashToBuild=a1099e378cffde441ef85f9b12577ca174b8e1e4, assignmentCommitHash=a1099e378cffde441ef85f9b12577ca174b8e1e4, testCommitHash=bd38d61c299ab11a1dea82a3ca5493fe04d97d47, branch=main, programmingLanguage=JAVA, projectType=PLAIN_GRADLE, scaEnabled=false, sequentialTestRunsEnabled=false, resultPaths=[/var/tmp/testing-dir/**/test-results/test/*.xml], timeoutSeconds=0, assignmentCheckoutPath=null, testCheckoutPath=null, solutionCheckoutPath=null, dockerRunConfig=null], submissionResult=ResultDTO[id=624, completionDate=2025-02-14T23:45:11.688214837Z[Etc/UTC], successful=false, score=0.0, rated=true, submission=SubmissionDTO[id=816, submitted=true, type=MANUAL, exampleSubmission=null, submissionDate=2025-02-14T23:45:11.656934Z, commitHash=a1099e378cffde441ef85f9b12577ca174b8e1e4, buildFailed=true, buildArtifact=false, participation=ParticipationDTO[id=1935, testRun=false, type=template, submissionCount=null, exercise=ParticipationExerciseDTO[id=2573, exerciseType=PROGRAMMING, type=programming, assessmentType=AUTOMATIC, dueDate=2025-02-16T23:45:10.996982Z, assessmentDueDate=null, maxPoints=42.0, course=CourseDTO[id=956, accuracyOfScores=1]]], submissionExerciseType=programming, isProcessing=false, buildStartDate=null, estimatedCompletionDate=null], participation=ParticipationDTO[id=1935, testRun=false, type=template, submissionCount=null, exercise=ParticipationExerciseDTO[id=2573, exerciseType=PROGRAMMING, type=programming, assessmentType=AUTOMATIC, dueDate=2025-02-16T23:45:10.996982Z, assessmentDueDate=null, maxPoints=42.0, course=CourseDTO[id=956, accuracyOfScores=1]]], feedbacks=[], assessmentType=AUTOMATIC, hasComplaint=null, exampleResult=null, testCaseCount=0, passedTestCaseCount=0, codeIssueCount=0]], BuildJobQueueItem[id=19341739576712112, name=SHORT9AFDAE3804CA304DDF0889A0CB0F56104A86TSTEXC-SOLUTION, buildAgent=BuildAgentDTO[name=artemis-build-agent-test, memberAddress=[127.0.0.1]:5703, displayName=artemis-build-agent-test], participationId=1934, courseId=956, exerciseId=2573, retryCount=0, priority=2, status=FAILED, repositoryInfo=RepositoryInfo[repositoryName=short9afdae3804ca304ddf0889a0cb0f56104a86tstexc-solution, repositoryType=solution, triggeredByPushTo=solution, assignmentRepositoryUri=http://localhost:49152/git/SHORT9AFDAE3804CA304DDF0889A0CB0F56104A86TSTEXC/short9afdae3804ca304ddf0889a0cb0f56104a86tstexc-solution.git, testRepositoryUri=http://localhost:49152/git/SHORT9AFDAE3804CA304DDF0889A0CB0F56104A86TSTEXC/short9afdae3804ca304ddf0889a0cb0f56104a86tstexc-tests.git, solutionRepositoryUri=null, auxiliaryRepositoryUris=[Ljava.lang.String;@50809aad, auxiliaryRepositoryCheckoutDirectories=[Ljava.lang.String;@54c58abd], jobTimingInfo=JobTimingInfo[submissionDate=2025-02-14T23:45:12.112332872Z[Etc/UTC], buildStartDate=2025-02-14T23:45:12.121617114Z[Etc/UTC], buildCompletionDate=2025-02-14T23:45:12.127931701Z[Etc/UTC], estimatedCompletionDate=2025-02-14T23:45:31.121609600Z[Etc/UTC], estimatedDuration=19], buildConfig=BuildConfig[buildScript=#!/bin/bash
cd /var/tmp/testing-dir
chmod +x ./gradlew
./gradlew clean test
, dockerImage=dummy-docker-image:latest, commitHashToBuild=a1099e378cffde441ef85f9b12577ca174b8e1e4, assignmentCommitHash=a1099e378cffde441ef85f9b12577ca174b8e1e4, testCommitHash=bd38d61c299ab11a1dea82a3ca5493fe04d97d47, branch=main, programmingLanguage=JAVA, projectType=PLAIN_GRADLE, scaEnabled=false, sequentialTestRunsEnabled=false, resultPaths=[/var/tmp/testing-dir/**/test-results/test/*.xml], timeoutSeconds=0, assignmentCheckoutPath=null, testCheckoutPath=null, solutionCheckoutPath=null, dockerRunConfig=null], submissionResult=ResultDTO[id=625, completionDate=2025-02-14T23:45:12.128011800Z[Etc/UTC], successful=false, score=0.0, rated=true, submission=SubmissionDTO[id=817, submitted=true, type=MANUAL, exampleSubmission=null, submissionDate=2025-02-14T23:45:12.098737Z, commitHash=a1099e378cffde441ef85f9b12577ca174b8e1e4, buildFailed=true, buildArtifact=false, participation=ParticipationDTO[id=1934, testRun=false, type=solution, submissionCount=null, exercise=ParticipationExerciseDTO[id=2573, exerciseType=PROGRAMMING, type=programming, assessmentType=AUTOMATIC, dueDate=2025-02-16T23:45:10.996982Z, assessmentDueDate=null, maxPoints=42.0, course=CourseDTO[id=956, accuracyOfScores=1]]], submissionExerciseType=programming, isProcessing=false, buildStartDate=null, estimatedCompletionDate=null], participation=ParticipationDTO[id=1934, testRun=false, type=solution, submissionCount=null, exercise=ParticipationExerciseDTO[id=2573, exerciseType=PROGRAMMING, type=programming, assessmentType=AUTOMATIC, dueDate=2025-02-16T23:45:10.996982Z, assessmentDueDate=null, maxPoints=42.0, course=CourseDTO[id=956, accuracyOfScores=1]]], feedbacks=[], assessmentType=AUTOMATIC, hasComplaint=null, exampleResult=null, testCaseCount=0, passedTestCaseCount=0, codeIssueCount=0]], BuildJobQueueItem[id=19341739576713025, name=SHORT9AFDAE3804CA304DDF0889A0CB0F56104A86TSTEXC-SOLUTION, buildAgent=BuildAgentDTO[name=artemis-build-agent-test, memberAddress=[127.0.0.1]:5703, displayName=artemis-build-agent-test], participationId=1934, courseId=956, exerciseId=2573, retryCount=0, priority=2, status=FAILED, repositoryInfo=RepositoryInfo[repositoryName=short9afdae3804ca304ddf0889a0cb0f56104a86tstexc-solution, repositoryType=solution, triggeredByPushTo=tests, assignmentRepositoryUri=http://localhost:49152/git/SHORT9AFDAE3804CA304DDF0889A0CB0F56104A86TSTEXC/short9afdae3804ca304ddf0889a0cb0f56104a86tstexc-solution.git, testRepositoryUri=http://localhost:49152/git/SHORT9AFDAE3804CA304DDF0889A0CB0F56104A86TSTEXC/short9afdae3804ca304ddf0889a0cb0f56104a86tstexc-tests.git, solutionRepositoryUri=null, auxiliaryRepositoryUris=[Ljava.lang.String;@51337a60, auxiliaryRepositoryCheckoutDirectories=[Ljava.lang.String;@4d24c801], jobTimingInfo=JobTimingInfo[submissionDate=2025-02-14T23:45:13.025319671Z[Etc/UTC], buildStartDate=2025-02-14T23:45:13.040293146Z[Etc/UTC], buildCompletionDate=2025-02-14T23:45:13.053032917Z[Etc/UTC], estimatedCompletionDate=2025-02-14T23:45:32.040285703Z[Etc/UTC], estimatedDuration=19], buildConfig=BuildConfig[buildScript=#!/bin/bash
cd /var/tmp/testing-dir
chmod +x ./gradlew
./gradlew clean test
, dockerImage=dummy-docker-image:latest, commitHashToBuild=784f8f0049d2a1a54f21c67dd772bea86715267a, assignmentCommitHash=a1099e378cffde441ef85f9b12577ca174b8e1e4, testCommitHash=784f8f0049d2a1a54f21c67dd772bea86715267a, branch=main, programmingLanguage=JAVA, projectType=PLAIN_GRADLE, scaEnabled=false, sequentialTestRunsEnabled=false, resultPaths=[/var/tmp/testing-dir/**/test-results/test/*.xml], timeoutSeconds=0, assignmentCheckoutPath=null, testCheckoutPath=null, solutionCheckoutPath=null, dockerRunConfig=null], submissionResult=ResultDTO[id=626, completionDate=2025-02-14T23:45:13.053131811Z[Etc/UTC], successful=false, score=0.0, rated=true, submission=SubmissionDTO[id=818, submitted=true, type=TEST, exampleSubmission=null, submissionDate=2025-02-14T23:45:13.005779Z, commitHash=784f8f0049d2a1a54f21c67dd772bea86715267a, buildFailed=true, buildArtifact=false, participation=ParticipationDTO[id=1934, testRun=false, type=solution, submissionCount=null, exercise=ParticipationExerciseDTO[id=2573, exerciseType=PROGRAMMING, type=programming, assessmentType=AUTOMATIC, dueDate=2025-02-16T23:45:10.996982Z, assessmentDueDate=null, maxPoints=42.0, course=CourseDTO[id=956, accuracyOfScores=1]]], submissionExerciseType=programming, isProcessing=false, buildStartDate=null, estimatedCompletionDate=null], participation=ParticipationDTO[id=1934, testRun=false, type=solution, submissionCount=null, exercise=ParticipationExerciseDTO[id=2573, exerciseType=PROGRAMMING, type=programming, assessmentType=AUTOMATIC, dueDate=2025-02-16T23:45:10.996982Z, assessmentDueDate=null, maxPoints=42.0, course=CourseDTO[id=956, accuracyOfScores=1]]], feedbacks=[], assessmentType=AUTOMATIC, hasComplaint=null, exampleResult=null, testCaseCount=0, passedTestCaseCount=0, codeIssueCount=0]], BuildJobQueueItem[id=19581739576715555, name=SHORTC1A3F9FC03D2304B4308FA20AF16D54AAA49TSTEXC-LOCALVCSSHINTSTUDENT1, buildAgent=BuildAgentDTO[name=artemis-build-agent-test, memberAddress=[127.0.0.1]:5703, displayName=artemis-build-agent-test], participationId=1958, courseId=965, exerciseId=2582, retryCount=0, priority=2, status=FAILED, repositoryInfo=RepositoryInfo[repositoryName=shortc1a3f9fc03d2304b4308fa20af16d54aaa49tstexc-localvcsshintstudent1, repositoryType=user, triggeredByPushTo=user, assignmentRepositoryUri=http://localhost:49152/git/SHORTC1A3F9FC03D2304B4308FA20AF16D54AAA49TSTEXC/shortc1a3f9fc03d2304b4308fa20af16d54aaa49tstexc-localvcsshintstudent1.git, testRepositoryUri=http://localhost:49152/git/SHORTC1A3F9FC03D2304B4308FA20AF16D54AAA49TSTEXC/shortc1a3f9fc03d2304b4308fa20af16d54aaa49tstexc-tests.git, solutionRepositoryUri=null, auxiliaryRepositoryUris=[Ljava.lang.String;@192576fa, auxiliaryRepositoryCheckoutDirectories=[Ljava.lang.String;@614d9701], jobTimingInfo=JobTimingInfo[submissionDate=2025-02-14T23:45:15.555989584Z[Etc/UTC], buildStartDate=2025-02-14T23:45:15.568477627Z[Etc/UTC], buildCompletionDate=2025-02-14T23:45:15.579021148Z[Etc/UTC], estimatedCompletionDate=2025-02-14T23:45:34.568443924Z[Etc/UTC], estimatedDuration=19], buildConfig=BuildConfig[buildScript=#!/bin/bash
cd /var/tmp/testing-dir
chmod +x ./gradlew
./gradlew clean test
, dockerImage=dummy-docker-image:latest, commitHashToBuild=ca76dac20e040e6609db02fd7fedd56bf58829d7, assignmentCommitHash=ca76dac20e040e6609db02fd7fedd56bf58829d7, testCommitHash=bd0d58c226dc63bfa4bc9052870589952c0a1f83, branch=main, programmingLanguage=JAVA, projectType=PLAIN_GRADLE, scaEnabled=false, sequentialTestRunsEnabled=false, resultPaths=[/var/tmp/testing-dir/**/test-results/test/*.xml], timeoutSeconds=0, assignmentCheckoutPath=null, testCheckoutPath=null, solutionCheckoutPath=null, dockerRunConfig=null], submissionResult=ResultDTO[id=627, completionDate=2025-02-14T23:45:15.579119131Z[Etc/UTC], successful=false, score=0.0, rated=true, submission=SubmissionDTO[id=820, submitted=true, type=MANUAL, exampleSubmission=null, submissionDate=2025-02-14T23:45:15.548349Z, commitHash=ca76dac20e040e6609db02fd7fedd56bf58829d7, buildFailed=true, buildArtifact=false, participation=ParticipationDTO[id=1958, testRun=false, type=programming, submissionCount=null, exercise=ParticipationExerciseDTO[id=2582, exerciseType=PROGRAMMING, type=programming, assessmentType=AUTOMATIC, dueDate=2025-02-16T23:45:15.103512Z, assessmentDueDate=null, maxPoints=42.0, course=CourseDTO[id=965, accuracyOfScores=1]]], submissionExerciseType=programming, isProcessing=false, buildStartDate=null, estimatedCompletionDate=null], participation=ParticipationDTO[id=1958, testRun=false, type=programming, submissionCount=null, exercise=ParticipationExerciseDTO[id=2582, exerciseType=PROGRAMMING, type=programming, assessmentType=AUTOMATIC, dueDate=2025-02-16T23:45:15.103512Z, assessmentDueDate=null, maxPoints=42.0, course=CourseDTO[id=965, accuracyOfScores=1]]], feedbacks=[], assessmentType=AUTOMATIC, hasComplaint=null, exampleResult=null, testCaseCount=0, passedTestCaseCount=0, codeIssueCount=0]], BuildJobQueueItem[id=19801739576719393, name=SHORTB2A6C58B0D447045380A858075B170A5B7C6TSTEXC-LOCALVCSSHINTSTUDENT1, buildAgent=BuildAgentDTO[name=artemis-build-agent-test, memberAddress=[127.0.0.1]:5703, displayName=artemis-build-agent-test], participationId=1980, courseId=974, exerciseId=2591, retryCount=0, priority=2, status=FAILED, repositoryInfo=RepositoryInfo[repositoryName=shortb2a6c58b0d447045380a858075b170a5b7c6tstexc-localvcsshintstudent1, repositoryType=user, triggeredByPushTo=user, assignmentRepositoryUri=http://localhost:49152/git/SHORTB2A6C58B0D447045380A858075B170A5B7C6TSTEXC/shortb2a6c58b0d447045380a858075b170a5b7c6tstexc-localvcsshintstudent1.git, testRepositoryUri=http://localhost:49152/git/SHORTB2A6C58B0D447045380A858075B170A5B7C6TSTEXC/shortb2a6c58b0d447045380a858075b170a5b7c6tstexc-tests.git, solutionRepositoryUri=null, auxiliaryRepositoryUris=[Ljava.lang.String;@2b670132, auxiliaryRepositoryCheckoutDirectories=[Ljava.lang.String;@40e8b09f], jobTimingInfo=JobTimingInfo[submissionDate=2025-02-14T23:45:19.393259829Z[Etc/UTC], buildStartDate=2025-02-14T23:45:19.405438171Z[Etc/UTC], buildCompletionDate=2025-02-14T23:45:19.414070673Z[Etc/UTC], estimatedCompletionDate=2025-02-14T23:45:38.405431569Z[Etc/UTC], estimatedDuration=19], buildConfig=BuildConfig[buildScript=#!/bin/bash
cd /var/tmp/testing-dir
chmod +x ./gradlew
./gradlew clean test
, dockerImage=dummy-docker-image:latest, commitHashToBuild=363cdbf709a9fff149f813ab848ee800a675cc77, assignmentCommitHash=363cdbf709a9fff149f813ab848ee800a675cc77, testCommitHash=a5e046ece417b2e538f21f816e2524dab61e0d10, branch=main, programmingLanguage=JAVA, projectType=PLAIN_GRADLE, scaEnabled=false, sequentialTestRunsEnabled=false, resultPaths=[/var/tmp/testing-dir/**/test-results/test/*.xml], timeoutSeconds=0, assignmentCheckoutPath=null, testCheckoutPath=null, solutionCheckoutPath=null, dockerRunConfig=null], submissionResult=ResultDTO[id=628, completionDate=2025-02-14T23:45:19.414171040Z[Etc/UTC], successful=false, score=0.0, rated=true, submission=SubmissionDTO[id=821, submitted=true, type=MANUAL, exampleSubmission=null, submissionDate=2025-02-14T23:45:19.376840Z, commitHash=363cdbf709a9fff149f813ab848ee800a675cc77, buildFailed=true, buildArtifact=false, participation=ParticipationDTO[id=1980, testRun=false, type=programming, submissionCount=null, exercise=ParticipationExerciseDTO[id=2591, exerciseType=PROGRAMMING, type=programming, assessmentType=AUTOMATIC, dueDate=2025-02-16T23:45:18.950569Z, assessmentDueDate=null, maxPoints=42.0, course=CourseDTO[id=974, accuracyOfScores=1]]], submissionExerciseType=programming, isProcessing=false, buildStartDate=null, estimatedCompletionDate=null], participation=ParticipationDTO[id=1980, testRun=false, type=programming, submissionCount=null, exercise=ParticipationExerciseDTO[id=2591, exerciseType=PROGRAMMING, type=programming, assessmentType=AUTOMATIC, dueDate=2025-02-16T23:45:18.950569Z, assessmentDueDate=null, maxPoints=42.0, course=CourseDTO[id=974, accuracyOfScores=1]]], feedbacks=[], assessmentType=AUTOMATIC, hasComplaint=null, exampleResult=null, testCaseCount=0, passedTestCaseCount=0, codeIssueCount=0]], BuildJobQueueItem[id=19791739576719787, name=SHORTB2A6C58B0D447045380A858075B170A5B7C6TSTEXC-BASE, buildAgent=BuildAgentDTO[name=artemis-build-agent-test, memberAddress=[127.0.0.1]:5703, displayName=artemis-build-agent-test], participationId=1979, courseId=974, exerciseId=2591, retryCount=0, priority=2, status=FAILED, repositoryInfo=RepositoryInfo[repositoryName=shortb2a6c58b0d447045380a858075b170a5b7c6tstexc-exercise, repositoryType=exercise, triggeredByPushTo=exercise, assignmentRepositoryUri=http://localhost:49152/git/SHORTB2A6C58B0D447045380A858075B170A5B7C6TSTEXC/shortb2a6c58b0d447045380a858075b170a5b7c6tstexc-exercise.git, testRepositoryUri=http://localhost:49152/git/SHORTB2A6C58B0D447045380A858075B170A5B7C6TSTEXC/shortb2a6c58b0d447045380a858075b170a5b7c6tstexc-tests.git, solutionRepositoryUri=null, auxiliaryRepositoryUris=[Ljava.lang.String;@72c88cde, auxiliaryRepositoryCheckoutDirectories=[Ljava.lang.String;@7f30f819], jobTimingInfo=JobTimingInfo[submissionDate=2025-02-14T23:45:19.787985058Z[Etc/UTC], buildStartDate=2025-02-14T23:45:19.796327417Z[Etc/UTC], buildCompletionDate=2025-02-14T23:45:19.799750982Z[Etc/UTC], estimatedCompletionDate=2025-02-14T23:45:38.796319082Z[Etc/UTC], estimatedDuration=19], buildConfig=BuildConfig[buildScript=#!/bin/bash
cd /var/tmp/testing-dir
chmod +x ./gradlew
./gradlew clean test
, dockerImage=dummy-docker-image:latest, commitHashToBuild=363cdbf709a9fff149f813ab848ee800a675cc77, assignmentCommitHash=363cdbf709a9fff149f813ab848ee800a675cc77, testCommitHash=a5e046ece417b2e538f21f816e2524dab61e0d10, branch=main, programmingLanguage=JAVA, projectType=PLAIN_GRADLE, scaEnabled=false, sequentialTestRunsEnabled=false, resultPaths=[/var/tmp/testing-dir/**/test-results/test/*.xml], timeoutSeconds=0, assignmentCheckoutPath=null, testCheckoutPath=null, solutionCheckoutPath=null, dockerRunConfig=null], submissionResult=ResultDTO[id=629, completionDate=2025-02-14T23:45:19.799820341Z[Etc/UTC], successful=false, score=0.0, rated=true, submission=SubmissionDTO[id=822, submitted=true, type=MANUAL, exampleSubmission=null, submissionDate=2025-02-14T23:45:19.775952Z, commitHash=363cdbf709a9fff149f813ab848ee800a675cc77, buildFailed=true, buildArtifact=false, participation=ParticipationDTO[id=1979, testRun=false, type=template, submissionCount=null, exercise=ParticipationExerciseDTO[id=2591, exerciseType=PROGRAMMING, type=programming, assessmentType=AUTOMATIC, dueDate=2025-02-16T23:45:18.950569Z, assessmentDueDate=null, maxPoints=42.0, course=CourseDTO[id=974, accuracyOfScores=1]]], submissionExerciseType=programming, isProcessing=false, buildStartDate=null, estimatedCompletionDate=null], participation=ParticipationDTO[id=1979, testRun=false, type=template, submissionCount=null, exercise=ParticipationExerciseDTO[id=2591, exerciseType=PROGRAMMING, type=programming, assessmentType=AUTOMATIC, dueDate=2025-02-16T23:45:18.950569Z, assessmentDueDate=null, maxPoints=42.0, course=CourseDTO[id=974, accuracyOfScores=1]]], feedbacks=[], assessmentType=AUTOMATIC, hasComplaint=null, exampleResult=null, testCaseCount=0, passedTestCaseCount=0, codeIssueCount=0]], BuildJobQueueItem[id=19781739576720235, name=SHORTB2A6C58B0D447045380A858075B170A5B7C6TSTEXC-SOLUTION, buildAgent=BuildAgentDTO[name=artemis-build-agent-test, memberAddress=[127.0.0.1]:5703, displayName=artemis-build-agent-test], participationId=1978, courseId=974, exerciseId=2591, retryCount=0, priority=2, status=FAILED, repositoryInfo=RepositoryInfo[repositoryName=shortb2a6c58b0d447045380a858075b170a5b7c6tstexc-solution, repositoryType=solution, triggeredByPushTo=solution, assignmentRepositoryUri=http://localhost:49152/git/SHORTB2A6C58B0D447045380A858075B170A5B7C6TSTEXC/shortb2a6c58b0d447045380a858075b170a5b7c6tstexc-solution.git, testRepositoryUri=http://localhost:49152/git/SHORTB2A6C58B0D447045380A858075B170A5B7C6TSTEXC/shortb2a6c58b0d447045380a858075b170a5b7c6tstexc-tests.git, solutionRepositoryUri=null, auxiliaryRepositoryUris=[Ljava.lang.String;@6ccd185c, auxiliaryRepositoryCheckoutDirectories=[Ljava.lang.String;@69a43112], jobTimingInfo=JobTimingInfo[submissionDate=2025-02-14T23:45:20.235272325Z[Etc/UTC], buildStartDate=2025-02-14T23:45:20.243033812Z[Etc/UTC], buildCompletionDate=2025-02-14T23:45:20.250721018Z[Etc/UTC], estimatedCompletionDate=2025-02-14T23:45:39.243026949Z[Etc/UTC], estimatedDuration=19], buildConfig=BuildConfig[buildScript=#!/bin/bash
cd /var/tmp/testing-dir
chmod +x ./gradlew
./gradlew clean test
, dockerImage=dummy-docker-image:latest, commitHashToBuild=c710d0e68c9c7db8cda7d1a278308de2b9642cc0, assignmentCommitHash=c710d0e68c9c7db8cda7d1a278308de2b9642cc0, testCommitHash=a5e046ece417b2e538f21f816e2524dab61e0d10, branch=main, programmingLanguage=JAVA, projectType=PLAIN_GRADLE, scaEnabled=false, sequentialTestRunsEnabled=false, resultPaths=[/var/tmp/testing-dir/**/test-results/test/*.xml], timeoutSeconds=0, assignmentCheckoutPath=null, testCheckoutPath=null, solutionCheckoutPath=null, dockerRunConfig=null], submissionResult=ResultDTO[id=630, completionDate=2025-02-14T23:45:20.250809893Z[Etc/UTC], successful=false, score=0.0, rated=true, submission=SubmissionDTO[id=823, submitted=true, type=MANUAL, exampleSubmission=null, submissionDate=2025-02-14T23:45:20.211707Z, commitHash=c710d0e68c9c7db8cda7d1a278308de2b9642cc0, buildFailed=true, buildArtifact=false, participation=ParticipationDTO[id=1978, testRun=false, type=solution, submissionCount=null, exercise=ParticipationExerciseDTO[id=2591, exerciseType=PROGRAMMING, type=programming, assessmentType=AUTOMATIC, dueDate=2025-02-16T23:45:18.950569Z, assessmentDueDate=null, maxPoints=42.0, course=CourseDTO[id=974, accuracyOfScores=1]]], submissionExerciseType=programming, isProcessing=false, buildStartDate=null, estimatedCompletionDate=null], participation=ParticipationDTO[id=1978, testRun=false, type=solution, submissionCount=null, exercise=ParticipationExerciseDTO[id=2591, exerciseType=PROGRAMMING, type=programming, assessmentType=AUTOMATIC, dueDate=2025-02-16T23:45:18.950569Z, assessmentDueDate=null, maxPoints=42.0, course=CourseDTO[id=974, accuracyOfScores=1]]], feedbacks=[], assessmentType=AUTOMATIC, hasComplaint=null, exampleResult=null, testCaseCount=0, passedTestCaseCount=0, codeIssueCount=0]], BuildJobQueueItem[id=19781739576720802, name=SHORTB2A6C58B0D447045380A858075B170A5B7C6TSTEXC-SOLUTION, buildAgent=BuildAgentDTO[name=artemis-build-agent-test, memberAddress=[127.0.0.1]:5703, displayName=artemis-build-agent-test], participationId=1978, courseId=974, exerciseId=2591, retryCount=0, priority=2, status=FAILED, repositoryInfo=RepositoryInfo[repositoryName=shortb2a6c58b0d447045380a858075b170a5b7c6tstexc-solution, repositoryType=solution, triggeredByPushTo=tests, assignmentRepositoryUri=http://localhost:49152/git/SHORTB2A6C58B0D447045380A858075B170A5B7C6TSTEXC/shortb2a6c58b0d447045380a858075b170a5b7c6tstexc-solution.git, testRepositoryUri=http://localhost:49152/git/SHORTB2A6C58B0D447045380A858075B170A5B7C6TSTEXC/shortb2a6c58b0d447045380a858075b170a5b7c6tstexc-tests.git, solutionRepositoryUri=null, auxiliaryRepositoryUris=[Ljava.lang.String;@5fbcee84, auxiliaryRepositoryCheckoutDirectories=[Ljava.lang.String;@2734355a], jobTimingInfo=JobTimingInfo[submissionDate=2025-02-14T23:45:20.802935026Z[Etc/UTC], buildStartDate=2025-02-14T23:45:20.809306435Z[Etc/UTC], buildCompletionDate=2025-02-14T23:45:20.822452342Z[Etc/UTC], estimatedCompletionDate=2025-02-14T23:45:39.809298491Z[Etc/UTC], estimatedDuration=19], buildConfig=BuildConfig[buildScript=#!/bin/bash
cd /var/tmp/testing-dir
chmod +x ./gradlew
./gradlew clean test
, dockerImage=dummy-docker-image:latest, commitHashToBuild=c710d0e68c9c7db8cda7d1a278308de2b9642cc0, assignmentCommitHash=c710d0e68c9c7db8cda7d1a278308de2b9642cc0, testCommitHash=c710d0e68c9c7db8cda7d1a278308de2b9642cc0, branch=main, programmingLanguage=JAVA, projectType=PLAIN_GRADLE, scaEnabled=false, sequentialTestRunsEnabled=false, resultPaths=[/var/tmp/testing-dir/**/test-results/test/*.xml], timeoutSeconds=0, assignmentCheckoutPath=null, testCheckoutPath=null, solutionCheckoutPath=null, dockerRunConfig=null], submissionResult=ResultDTO[id=631, completionDate=2025-02-14T23:45:20.822527362Z[Etc/UTC], successful=false, score=0.0, rated=true, submission=SubmissionDTO[id=824, submitted=true, type=TEST, exampleSubmission=null, submissionDate=2025-02-14T23:45:20.791240Z, commitHash=c710d0e68c9c7db8cda7d1a278308de2b9642cc0, buildFailed=true, buildArtifact=false, participation=ParticipationDTO[id=1978, testRun=false, type=solution, submissionCount=null, exercise=ParticipationExerciseDTO[id=2591, exerciseType=PROGRAMMING, type=programming, assessmentType=AUTOMATIC, dueDate=2025-02-16T23:45:18.950569Z, assessmentDueDate=null, maxPoints=42.0, course=CourseDTO[id=974, accuracyOfScores=1]]], submissionExerciseType=programming, isProcessing=false, buildStartDate=null, estimatedCompletionDate=null], participation=ParticipationDTO[id=1978, testRun=false, type=solution, submissionCount=null, exercise=ParticipationExerciseDTO[id=2591, exerciseType=PROGRAMMING, type=programming, assessmentType=AUTOMATIC, dueDate=2025-02-16T23:45:18.950569Z, assessmentDueDate=null, maxPoints=42.0, course=CourseDTO[id=974, accuracyOfScores=1]]], feedbacks=[], assessmentType=AUTOMATIC, hasComplaint=null, exampleResult=null, testCaseCount=0, passedTestCaseCount=0, codeIssueCount=0]], BuildJobQueueItem[id=20061739576732554, name=SHORT94A899E303D7504C5D0840704DAAFA3DFF4DTSTEXC-LOCALVCCIINTINSTRUCTOR1, buildAgent=BuildAgentDTO[name=artemis-build-agent-test, memberAddress=[127.0.0.1]:5703, displayName=artemis-build-agent-test], participationId=2006, courseId=984, exerciseId=2601, retryCount=0, priority=2, status=SUCCESSFUL, repositoryInfo=RepositoryInfo[repositoryName=short94a899e303d7504c5d0840704daafa3dff4dtstexc-localvcciintinstructor1, repositoryType=user, triggeredByPushTo=user, assignmentRepositoryUri=http://localhost:49152/git/SHORT94A899E303D7504C5D0840704DAAFA3DFF4DTSTEXC/short94a899e303d7504c5d0840704daafa3dff4dtstexc-localvcciintinstructor1.git, testRepositoryUri=http://localhost:49152/git/SHORT94A899E303D7504C5D0840704DAAFA3DFF4DTSTEXC/short94a899e303d7504c5d0840704daafa3dff4dtstexc-tests.git, solutionRepositoryUri=null, auxiliaryRepositoryUris=[Ljava.lang.String;@233fd618, auxiliaryRepositoryCheckoutDirectories=[Ljava.lang.String;@6b5b4fcc], jobTimingInfo=JobTimingInfo[submissionDate=2025-02-14T23:45:32.554795798Z[Etc/UTC], buildStartDate=2025-02-14T23:45:32.567287465Z[Etc/UTC], buildCompletionDate=2025-02-14T23:45:34.535226768Z[Etc/UTC], estimatedCompletionDate=2025-02-14T23:45:51.567257960Z[Etc/UTC], estimatedDuration=19], buildConfig=BuildConfig[buildScript=#!/bin/bash
cd /var/tmp/testing-dir
chmod +x ./gradlew
./gradlew clean test
, dockerImage=dummy-docker-image:latest, commitHashToBuild=ca2dbc0ae87edf7035058a6a17c0ea60e90a290f, assignmentCommitHash=ca2dbc0ae87edf7035058a6a17c0ea60e90a290f, testCommitHash=0207f6f98af5fbb66ad68455f3fc3cf128af8ae9, branch=main, programmingLanguage=JAVA, projectType=PLAIN_GRADLE, scaEnabled=false, sequentialTestRunsEnabled=false, resultPaths=[/var/tmp/testing-dir/**/test-results/test/*.xml], timeoutSeconds=0, assignmentCheckoutPath=null, testCheckoutPath=null, solutionCheckoutPath=null, dockerRunConfig=null], submissionResult=ResultDTO[id=632, completionDate=2025-02-14T23:45:34.504415716Z[Etc/UTC], successful=false, score=7.7, rated=false, submission=SubmissionDTO[id=826, submitted=true, type=MANUAL, exampleSubmission=null, submissionDate=2025-02-14T23:45:32.541533Z, commitHash=ca2dbc0ae87edf7035058a6a17c0ea60e90a290f, buildFailed=false, buildArtifact=false, participation=ParticipationDTO[id=2006, testRun=true, type=programming, submissionCount=null, exercise=ParticipationExerciseDTO[id=2601, exerciseType=PROGRAMMING, type=programming, assessmentType=AUTOMATIC, dueDate=2025-02-16T23:45:31.864042Z, assessmentDueDate=null, maxPoints=42.0, course=CourseDTO[id=984, accuracyOfScores=1]]], submissionExerciseType=programming, isProcessing=false, buildStartDate=null, estimatedCompletionDate=null], participation=ParticipationDTO[id=2006, testRun=true, type=programming, submissionCount=null, exercise=ParticipationExerciseDTO[id=2601, exerciseType=PROGRAMMING, type=programming, assessmentType=AUTOMATIC, dueDate=2025-02-16T23:45:31.864042Z, assessmentDueDate=null, maxPoints=42.0, course=CourseDTO[id=984, accuracyOfScores=1]]], feedbacks=[FeedbackDTO[id=920, text=null, detailText=The exercise expects a class with the name Context in the package testpackage. You did not implement the class in the exercise., hasLongFeedbackText=false, reference=null, credits=0.0, positive=false, type=AUTOMATIC, visibility=ALWAYS, testCase=TestCaseDTO[testName=null, id=1357]], FeedbackDTO[id=921, text=null, detailText=The exercise expects a class with the name Policy in the package testpackage. You did not implement the class in the exercise., hasLongFeedbackText=false, reference=null, credits=0.0, positive=false, type=AUTOMATIC, visibility=ALWAYS, testCase=TestCaseDTO[testName=null, id=1358]], FeedbackDTO[id=922, text=null, detailText=The exercise expects a class with the name SortStrategy in the package testpackage. You did not implement the class in the exercise., hasLongFeedbackText=false, reference=null, credits=0.0, positive=false, type=AUTOMATIC, visibility=ALWAYS, testCase=TestCaseDTO[testName=null, id=1359]], FeedbackDTO[id=923, text=null, detailText=The class 'MergeSort' does not implement the interface 'SortStrategy' as expected. Implement the interface and its methods., hasLongFeedbackText=false, reference=null, credits=0.0, positive=false, type=AUTOMATIC, visibility=ALWAYS, testCase=TestCaseDTO[testName=null, id=1354]], FeedbackDTO[id=924, text=null, detailText=The exercise expects a class with the name SortStrategy in the package testpackage. You did not implement the class in the exercise., hasLongFeedbackText=false, reference=null, credits=0.0, positive=false, type=AUTOMATIC, visibility=ALWAYS, testCase=TestCaseDTO[testName=null, id=1351]], FeedbackDTO[id=925, text=null, detailText=The class 'BubbleSort' does not implement the interface 'SortStrategy' as expected. Implement the interface and its methods., hasLongFeedbackText=false, reference=null, credits=0.0, positive=false, type=AUTOMATIC, visibility=ALWAYS, testCase=TestCaseDTO[testName=null, id=1355]], FeedbackDTO[id=926, text=null, detailText=MergeSort does not sort correctly, hasLongFeedbackText=false, reference=null, credits=0.0, positive=false, type=AUTOMATIC, visibility=ALWAYS, testCase=TestCaseDTO[testName=null, id=1360]], FeedbackDTO[id=927, text=null, detailText=The class 'Context' was not found within the submission. Make sure to implement it properly., hasLongFeedbackText=false, reference=null, credits=0.0, positive=false, type=AUTOMATIC, visibility=ALWAYS, testCase=TestCaseDTO[testName=null, id=1361]], FeedbackDTO[id=928, text=null, detailText=The class 'Context' was not found within the submission. Make sure to implement it properly., hasLongFeedbackText=false, reference=null, credits=0.0, positive=false, type=AUTOMATIC, visibility=ALWAYS, testCase=TestCaseDTO[testName=null, id=1362]], FeedbackDTO[id=929, text=null, detailText=The exercise expects a class with the name Policy in the package testpackage. You did not implement the class in the exercise., hasLongFeedbackText=false, reference=null, credits=0.0, positive=false, type=AUTOMATIC, visibility=ALWAYS, testCase=TestCaseDTO[testName=null, id=1356]], FeedbackDTO[id=930, text=null, detailText=The exercise expects a class with the name Context in the package testpackage. You did not implement the class in the exercise., hasLongFeedbackText=false, reference=null, credits=0.0, positive=false, type=AUTOMATIC, visibility=ALWAYS, testCase=TestCaseDTO[testName=null, id=1352]], FeedbackDTO[id=931, text=null, detailText=The exercise expects a class with the name Policy in the package testpackage. You did not implement the class in the exercise., hasLongFeedbackText=false, reference=null, credits=0.0, positive=false, type=AUTOMATIC, visibility=ALWAYS, testCase=TestCaseDTO[testName=null, id=1353]], FeedbackDTO[id=932, text=null, detailText=null, hasLongFeedbackText=false, reference=null, credits=3.230769230769231, positive=true, type=AUTOMATIC, visibility=ALWAYS, testCase=TestCaseDTO[testName=null, id=1363]]], assessmentType=AUTOMATIC, hasComplaint=null, exampleResult=null, testCaseCount=13, passedTestCaseCount=1, codeIssueCount=0]], BuildJobQueueItem[id=20111739576737317, name=SHORTD49A6DAE04F9E049850BD5601663FD17A5B7TSTEXC-BASE, buildAgent=BuildAgentDTO[name=artemis-build-agent-test, memberAddress=[127.0.0.1]:5703, displayName=artemis-build-agent-test], participationId=2011, courseId=986, exerciseId=2603, retryCount=0, priority=2, status=SUCCESSFUL, repositoryInfo=RepositoryInfo[repositoryName=shortd49a6dae04f9e049850bd5601663fd17a5b7tstexc-exercise, repositoryType=exercise, triggeredByPushTo=exercise, assignmentRepositoryUri=http://localhost:49152/git/SHORTD49A6DAE04F9E049850BD5601663FD17A5B7TSTEXC/shortd49a6dae04f9e049850bd5601663fd17a5b7tstexc-exercise.git, testRepositoryUri=http://localhost:49152/git/SHORTD49A6DAE04F9E049850BD5601663FD17A5B7TSTEXC/shortd49a6dae04f9e049850bd5601663fd17a5b7tstexc-tests.git, solutionRepositoryUri=null, auxiliaryRepositoryUris=[Ljava.lang.String;@53ab54ed, auxiliaryRepositoryCheckoutDirectories=[Ljava.lang.String;@55333527], jobTimingInfo=JobTimingInfo[submissionDate=2025-02-14T23:45:37.317968648Z[Etc/UTC], buildStartDate=2025-02-14T23:45:37.324534774Z[Etc/UTC], buildCompletionDate=2025-02-14T23:45:38.527225461Z[Etc/UTC], estimatedCompletionDate=2025-02-14T23:45:56.324506331Z[Etc/UTC], estimatedDuration=19], buildConfig=BuildConfig[buildScript=#!/bin/bash
cd /var/tmp/testing-dir
chmod +x ./gradlew
./gradlew clean test
, dockerImage=dummy-docker-image:latest, commitHashToBuild=c795243c185829bbefa399f45dcbcfac22311b2f, assignmentCommitHash=c795243c185829bbefa399f45dcbcfac22311b2f, testCommitHash=fa8b162170bf767d852e05e0eb7a128efa2e1f34, branch=main, programmingLanguage=JAVA, projectType=PLAIN_GRADLE, scaEnabled=false, sequentialTestRunsEnabled=false, resultPaths=[/var/tmp/testing-dir/**/test-results/test/*.xml], timeoutSeconds=0, assignmentCheckoutPath=null, testCheckoutPath=null, solutionCheckoutPath=null, dockerRunConfig=null], submissionResult=ResultDTO[id=633, completionDate=2025-02-14T23:45:38.476795726Z[Etc/UTC], successful=false, score=0.0, rated=true, submission=SubmissionDTO[id=827, submitted=true, type=MANUAL, exampleSubmission=null, submissionDate=2025-02-14T23:45:37.303401Z, commitHash=c795243c185829bbefa399f45dcbcfac22311b2f, buildFailed=false, buildArtifact=false, participation=ParticipationDTO[id=2011, testRun=false, type=template, submissionCount=null, exercise=ParticipationExerciseDTO[id=2603, exerciseType=PROGRAMMING, type=programming, assessmentType=AUTOMATIC, dueDate=2025-02-16T23:45:36.830269Z, assessmentDueDate=null, maxPoints=42.0, course=CourseDTO[id=986, accuracyOfScores=1]]], submissionExerciseType=programming, isProcessing=false, buildStartDate=null, estimatedCompletionDate=null], participation=ParticipationDTO[id=2011, testRun=false, type=template, submissionCount=null, exercise=ParticipationExerciseDTO[id=2603, exerciseType=PROGRAMMING, type=programming, assessmentType=AUTOMATIC, dueDate=2025-02-16T23:45:36.830269Z, assessmentDueDate=null, maxPoints=42.0, course=CourseDTO[id=986, accuracyOfScores=1]]], feedbacks=[FeedbackDTO[id=933, text=null, detailText=The exercise expects a class with the name Context in the package testpackage. You did not implement the class in the exercise., hasLongFeedbackText=false, reference=null, credits=0.0, positive=false, type=AUTOMATIC, visibility=ALWAYS, testCase=TestCaseDTO[testName=testMethods[Context], id=1383]], FeedbackDTO[id=934, text=null, detailText=The exercise expects a class with the name Policy in the package testpackage. You did not implement the class in the exercise., hasLongFeedbackText=false, reference=null, credits=0.0, positive=false, type=AUTOMATIC, visibility=ALWAYS, testCase=TestCaseDTO[testName=testMethods[Policy], id=1384]], FeedbackDTO[id=935, text=null, detailText=The exercise expects a class with the name SortStrategy in the package testpackage. You did not implement the class in the exercise., hasLongFeedbackText=false, reference=null, credits=0.0, positive=false, type=AUTOMATIC, visibility=ALWAYS, testCase=TestCaseDTO[testName=testMethods[SortStrategy], id=1385]], FeedbackDTO[id=936, text=null, detailText=The class 'MergeSort' does not implement the interface 'SortStrategy' as expected. Implement the interface and its methods., hasLongFeedbackText=false, reference=null, credits=0.0, positive=false, type=AUTOMATIC, visibility=ALWAYS, testCase=TestCaseDTO[testName=testClass[MergeSort], id=1380]], FeedbackDTO[id=937, text=null, detailText=The exercise expects a class with the name SortStrategy in the package testpackage. You did not implement the class in the exercise., hasLongFeedbackText=false, reference=null, credits=0.0, positive=false, type=AUTOMATIC, visibility=ALWAYS, testCase=TestCaseDTO[testName=testClass[SortStrategy], id=1377]], FeedbackDTO[id=938, text=null, detailText=The class 'BubbleSort' does not implement the interface 'SortStrategy' as expected. Implement the interface and its methods., hasLongFeedbackText=false, reference=null, credits=0.0, positive=false, type=AUTOMATIC, visibility=ALWAYS, testCase=TestCaseDTO[testName=testClass[BubbleSort], id=1381]], FeedbackDTO[id=939, text=null, detailText=MergeSort does not sort correctly, hasLongFeedbackText=false, reference=null, credits=0.0, positive=false, type=AUTOMATIC, visibility=ALWAYS, testCase=TestCaseDTO[testName=testMergeSort(), id=1386]], FeedbackDTO[id=940, text=null, detailText=The class 'Context' was not found within the submission. Make sure to implement it properly., hasLongFeedbackText=false, reference=null, credits=0.0, positive=false, type=AUTOMATIC, visibility=ALWAYS, testCase=TestCaseDTO[testName=testUseBubbleSortForSmallList(), id=1387]], FeedbackDTO[id=941, text=null, detailText=BubbleSort does not sort correctly, hasLongFeedbackText=false, reference=null, credits=0.0, positive=false, type=AUTOMATIC, visibility=ALWAYS, testCase=TestCaseDTO[testName=testBubbleSort(), id=1389]], FeedbackDTO[id=942, text=null, detailText=The class 'Context' was not found within the submission. Make sure to implement it properly., hasLongFeedbackText=false, reference=null, credits=0.0, positive=false, type=AUTOMATIC, visibility=ALWAYS, testCase=TestCaseDTO[testName=testUseMergeSortForBigList(), id=1388]], FeedbackDTO[id=943, text=null, detailText=The exercise expects a class with the name Policy in the package testpackage. You did not implement the class in the exercise., hasLongFeedbackText=false, reference=null, credits=0.0, positive=false, type=AUTOMATIC, visibility=ALWAYS, testCase=TestCaseDTO[testName=testConstructors[Policy], id=1382]], FeedbackDTO[id=944, text=null, detailText=The exercise expects a class with the name Context in the package testpackage. You did not implement the class in the exercise., hasLongFeedbackText=false, reference=null, credits=0.0, positive=false, type=AUTOMATIC, visibility=ALWAYS, testCase=TestCaseDTO[testName=testAttributes[Context], id=1378]], FeedbackDTO[id=945, text=null, detailText=The exercise expects a class with the name Policy in the package testpackage. You did not implement the class in the exercise., hasLongFeedbackText=false, reference=null, credits=0.0, positive=false, type=AUTOMATIC, visibility=ALWAYS, testCase=TestCaseDTO[testName=testAttributes[Policy], id=1379]]], assessmentType=AUTOMATIC, hasComplaint=null, exampleResult=null, testCaseCount=13, passedTestCaseCount=0, codeIssueCount=0]], BuildJobQueueItem[id=20171739576740018, name=SHORT7914AFA00ADC3047140B99D01AC07810CE44TSTEXC-LOCALVCCIINTSTUDENT1, buildAgent=BuildAgentDTO[name=artemis-build-agent-test, memberAddress=[127.0.0.1]:5703, displayName=artemis-build-agent-test], participationId=2017, courseId=988, exerciseId=2605, retryCount=0, priority=2, status=SUCCESSFUL, repositoryInfo=RepositoryInfo[repositoryName=short7914afa00adc3047140b99d01ac07810ce44tstexc-practice-localvcciintstudent1, repositoryType=user, triggeredByPushTo=user, assignmentRepositoryUri=http://localhost:49152/git/SHORT7914AFA00ADC3047140B99D01AC07810CE44TSTEXC/short7914afa00adc3047140b99d01ac07810ce44tstexc-practice-localvcciintstudent1.git, testRepositoryUri=http://localhost:49152/git/SHORT7914AFA00ADC3047140B99D01AC07810CE44TSTEXC/short7914afa00adc3047140b99d01ac07810ce44tstexc-tests.git, solutionRepositoryUri=null, auxiliaryRepositoryUris=[Ljava.lang.String;@8e1b68f, auxiliaryRepositoryCheckoutDirectories=[Ljava.lang.String;@39f5ad70], jobTimingInfo=JobTimingInfo[submissionDate=2025-02-14T23:45:40.018961253Z[Etc/UTC], buildStartDate=2025-02-14T23:45:40.029742701Z[Etc/UTC], buildCompletionDate=2025-02-14T23:45:41.150208242Z[Etc/UTC], estimatedCompletionDate=2025-02-14T23:45:59.029734065Z[Etc/UTC], estimatedDuration=19], buildConfig=BuildConfig[buildScript=#!/bin/bash
cd /var/tmp/testing-dir
chmod +x ./gradlew
./gradlew clean test
, dockerImage=dummy-docker-image:latest, commitHashToBuild=d80b57877989b971e83ccdb4863c8a7023c76266, assignmentCommitHash=d80b57877989b971e83ccdb4863c8a7023c76266, testCommitHash=327b116890c92b1312314341f43f21ef13ecf7d7, branch=main, programmingLanguage=JAVA, projectType=PLAIN_GRADLE, scaEnabled=false, sequentialTestRunsEnabled=false, resultPaths=[/var/tmp/testing-dir/**/test-results/test/*.xml], timeoutSeconds=0, assignmentCheckoutPath=null, testCheckoutPath=null, solutionCheckoutPath=null, dockerRunConfig=null], submissionResult=ResultDTO[id=634, completionDate=2025-02-14T23:45:41.120192603Z[Etc/UTC], successful=false, score=7.7, rated=false, submission=SubmissionDTO[id=828, submitted=true, type=MANUAL, exampleSubmission=null, submissionDate=2025-02-14T23:45:40.008666Z, commitHash=d80b57877989b971e83ccdb4863c8a7023c76266, buildFailed=false, buildArtifact=false, participation=ParticipationDTO[id=2017, testRun=true, type=programming, submissionCount=null, exercise=ParticipationExerciseDTO[id=2605, exerciseType=PROGRAMMING, type=programming, assessmentType=AUTOMATIC, dueDate=2025-02-16T23:45:39.523500Z, assessmentDueDate=null, maxPoints=42.0, course=CourseDTO[id=988, accuracyOfScores=1]]], submissionExerciseType=programming, isProcessing=false, buildStartDate=null, estimatedCompletionDate=null], participation=ParticipationDTO[id=2017, testRun=true, type=programming, submissionCount=null, exercise=ParticipationExerciseDTO[id=2605, exerciseType=PROGRAMMING, type=programming, assessmentType=AUTOMATIC, dueDate=2025-02-16T23:45:39.523500Z, assessmentDueDate=null, maxPoints=42.0, course=CourseDTO[id=988, accuracyOfScores=1]]], feedbacks=[FeedbackDTO[id=946, text=null, detailText=The exercise expects a class with the name Context in the package testpackage. You did not implement the class in the exercise., hasLongFeedbackText=false, reference=null, credits=0.0, positive=false, type=AUTOMATIC, visibility=ALWAYS, testCase=TestCaseDTO[testName=null, id=1409]], FeedbackDTO[id=947, text=null, detailText=The exercise expects a class with the name Policy in the package testpackage. You did not implement the class in the exercise., hasLongFeedbackText=false, reference=null, credits=0.0, positive=false, type=AUTOMATIC, visibility=ALWAYS, testCase=TestCaseDTO[testName=null, id=1410]], FeedbackDTO[id=948, text=null, detailText=The exercise expects a class with the name SortStrategy in the package testpackage. You did not implement the class in the exercise., hasLongFeedbackText=false, reference=null, credits=0.0, positive=false, type=AUTOMATIC, visibility=ALWAYS, testCase=TestCaseDTO[testName=null, id=1411]], FeedbackDTO[id=949, text=null, detailText=The class 'MergeSort' does not implement the interface 'SortStrategy' as expected. Implement the interface and its methods., hasLongFeedbackText=false, reference=null, credits=0.0, positive=false, type=AUTOMATIC, visibility=ALWAYS, testCase=TestCaseDTO[testName=null, id=1406]], FeedbackDTO[id=950, text=null, detailText=The exercise expects a class with the name SortStrategy in the package testpackage. You did not implement the class in the exercise., hasLongFeedbackText=false, reference=null, credits=0.0, positive=false, type=AUTOMATIC, visibility=ALWAYS, testCase=TestCaseDTO[testName=null, id=1403]], FeedbackDTO[id=951, text=null, detailText=The class 'BubbleSort' does not implement the interface 'SortStrategy' as expected. Implement the interface and its methods., hasLongFeedbackText=false, reference=null, credits=0.0, positive=false, type=AUTOMATIC, visibility=ALWAYS, testCase=TestCaseDTO[testName=null, id=1407]], FeedbackDTO[id=952, text=null, detailText=MergeSort does not sort correctly, hasLongFeedbackText=false, reference=null, credits=0.0, positive=false, type=AUTOMATIC, visibility=ALWAYS, testCase=TestCaseDTO[testName=null, id=1412]], FeedbackDTO[id=953, text=null, detailText=The class 'Context' was not found within the submission. Make sure to implement it properly., hasLongFeedbackText=false, reference=null, credits=0.0, positive=false, type=AUTOMATIC, visibility=ALWAYS, testCase=TestCaseDTO[testName=null, id=1413]], FeedbackDTO[id=954, text=null, detailText=The class 'Context' was not found within the submission. Make sure to implement it properly., hasLongFeedbackText=false, reference=null, credits=0.0, positive=false, type=AUTOMATIC, visibility=ALWAYS, testCase=TestCaseDTO[testName=null, id=1414]], FeedbackDTO[id=955, text=null, detailText=The exercise expects a class with the name Policy in the package testpackage. You did not implement the class in the exercise., hasLongFeedbackText=false, reference=null, credits=0.0, positive=false, type=AUTOMATIC, visibility=ALWAYS, testCase=TestCaseDTO[testName=null, id=1408]], FeedbackDTO[id=956, text=null, detailText=The exercise expects a class with the name Context in the package testpackage. You did not implement the class in the exercise., hasLongFeedbackText=false, reference=null, credits=0.0, positive=false, type=AUTOMATIC, visibility=ALWAYS, testCase=TestCaseDTO[testName=null, id=1404]], FeedbackDTO[id=957, text=null, detailText=The exercise expects a class with the name Policy in the package testpackage. You did not implement the class in the exercise., hasLongFeedbackText=false, reference=null, credits=0.0, positive=false, type=AUTOMATIC, visibility=ALWAYS, testCase=TestCaseDTO[testName=null, id=1405]], FeedbackDTO[id=958, text=null, detailText=null, hasLongFeedbackText=false, reference=null, credits=3.230769230769231, positive=true, type=AUTOMATIC, visibility=ALWAYS, testCase=TestCaseDTO[testName=null, id=1415]]], assessmentType=AUTOMATIC, hasComplaint=null, exampleResult=null, testCaseCount=13, passedTestCaseCount=1, codeIssueCount=0]], BuildJobQueueItem[id=20261739576743984, name=SHORT53C73BE505404043100AC2F00C039353CE8FTSTEXC-LOCALVCCIINTSTUDENT1, buildAgent=BuildAgentDTO[name=artemis-build-agent-test, memberAddress=[127.0.0.1]:5703, displayName=artemis-build-agent-test], participationId=2026, courseId=991, exerciseId=2608, retryCount=0, priority=1, status=SUCCESSFUL, repositoryInfo=RepositoryInfo[repositoryName=short53c73be505404043100ac2f00c039353ce8ftstexc-localvcciintstudent1, repositoryType=user, triggeredByPushTo=user, assignmentRepositoryUri=http://localhost:49152/git/SHORT53C73BE505404043100AC2F00C039353CE8FTSTEXC/short53c73be505404043100ac2f00c039353ce8ftstexc-localvcciintstudent1.git, testRepositoryUri=http://localhost:49152/git/SHORT53C73BE505404043100AC2F00C039353CE8FTSTEXC/short53c73be505404043100ac2f00c039353ce8ftstexc-tests.git, solutionRepositoryUri=null, auxiliaryRepositoryUris=[Ljava.lang.String;@30708a9f, auxiliaryRepositoryCheckoutDirectories=[Ljava.lang.String;@7ca61bbb], jobTimingInfo=JobTimingInfo[submissionDate=2025-02-14T23:45:43.984518859Z[Etc/UTC], buildStartDate=2025-02-14T23:45:43.991385682Z[Etc/UTC], buildCompletionDate=2025-02-14T23:45:44.982059928Z[Etc/UTC], estimatedCompletionDate=2025-02-14T23:46:02.991380122Z[Etc/UTC], estimatedDuration=19], buildConfig=BuildConfig[buildScript=#!/bin/bash
cd /var/tmp/testing-dir
chmod +x ./gradlew
./gradlew clean test
, dockerImage=dummy-docker-image:latest, commitHashToBuild=3e90ae9fef2e44ffb41451a080bdaa6a44ad6848, assignmentCommitHash=3e90ae9fef2e44ffb41451a080bdaa6a44ad6848, testCommitHash=0582754c87aae13e640312855ce7dbe490ecb50c, branch=main, programmingLanguage=JAVA, projectType=PLAIN_GRADLE, scaEnabled=false, sequentialTestRunsEnabled=false, resultPaths=[/var/tmp/testing-dir/**/test-results/test/*.xml], timeoutSeconds=0, assignmentCheckoutPath=null, testCheckoutPath=null, solutionCheckoutPath=null, dockerRunConfig=null], submissionResult=ResultDTO[id=635, completionDate=2025-02-14T23:45:44.961313737Z[Etc/UTC], successful=false, score=7.7, rated=true, submission=SubmissionDTO[id=829, submitted=true, type=MANUAL, exampleSubmission=null, submissionDate=2025-02-14T23:45:43.967766Z, commitHash=3e90ae9fef2e44ffb41451a080bdaa6a44ad6848, buildFailed=false, buildArtifact=false, participation=ParticipationDTO[id=2026, testRun=false, type=programming, submissionCount=null, exercise=ParticipationExerciseDTO[id=2608, exerciseType=PROGRAMMING, type=programming, assessmentType=AUTOMATIC, dueDate=2025-02-16T23:45:43.597978Z, assessmentDueDate=null, maxPoints=42.0, course=CourseDTO[id=991, accuracyOfScores=1]]], submissionExerciseType=programming, isProcessing=false, buildStartDate=null, estimatedCompletionDate=null], participation=ParticipationDTO[id=2026, testRun=false, type=programming, submissionCount=null, exercise=ParticipationExerciseDTO[id=2608, exerciseType=PROGRAMMING, type=programming, assessmentType=AUTOMATIC, dueDate=2025-02-16T23:45:43.597978Z, assessmentDueDate=null, maxPoints=42.0, course=CourseDTO[id=991, accuracyOfScores=1]]], feedbacks=[FeedbackDTO[id=959, text=null, detailText=The exercise expects a class with the name Context in the package testpackage. You did not implement the class in the exercise., hasLongFeedbackText=false, reference=null, credits=0.0, positive=false, type=AUTOMATIC, visibility=ALWAYS, testCase=TestCaseDTO[testName=null, id=1448]], FeedbackDTO[id=960, text=null, detailText=The exercise expects a class with the name Policy in the package testpackage. You did not implement the class in the exercise., hasLongFeedbackText=false, reference=null, credits=0.0, positive=false, type=AUTOMATIC, visibility=ALWAYS, testCase=TestCaseDTO[testName=null, id=1449]], FeedbackDTO[id=961, text=null, detailText=The exercise expects a class with the name SortStrategy in the package testpackage. You did not implement the class in the exercise., hasLongFeedbackText=false, reference=null, credits=0.0, positive=false, type=AUTOMATIC, visibility=ALWAYS, testCase=TestCaseDTO[testName=null, id=1450]], FeedbackDTO[id=962, text=null, detailText=The class 'MergeSort' does not implement the interface 'SortStrategy' as expected. Implement the interface and its methods., hasLongFeedbackText=false, reference=null, credits=0.0, positive=false, type=AUTOMATIC, visibility=ALWAYS, testCase=TestCaseDTO[testName=null, id=1445]], FeedbackDTO[id=963, text=null, detailText=The exercise expects a class with the name SortStrategy in the package testpackage. You did not implement the class in the exercise., hasLongFeedbackText=false, reference=null, credits=0.0, positive=false, type=AUTOMATIC, visibility=ALWAYS, testCase=TestCaseDTO[testName=null, id=1442]], FeedbackDTO[id=964, text=null, detailText=The class 'BubbleSort' does not implement the interface 'SortStrategy' as expected. Implement the interface and its methods., hasLongFeedbackText=false, reference=null, credits=0.0, positive=false, type=AUTOMATIC, visibility=ALWAYS, testCase=TestCaseDTO[testName=null, id=1446]], FeedbackDTO[id=965, text=null, detailText=MergeSort does not sort correctly, hasLongFeedbackText=false, reference=null, credits=0.0, positive=false, type=AUTOMATIC, visibility=ALWAYS, testCase=TestCaseDTO[testName=null, id=1451]], FeedbackDTO[id=966, text=null, detailText=The class 'Context' was not found within the submission. Make sure to implement it properly., hasLongFeedbackText=false, reference=null, credits=0.0, positive=false, type=AUTOMATIC, visibility=ALWAYS, testCase=TestCaseDTO[testName=null, id=1452]], FeedbackDTO[id=967, text=null, detailText=The class 'Context' was not found within the submission. Make sure to implement it properly., hasLongFeedbackText=false, reference=null, credits=0.0, positive=false, type=AUTOMATIC, visibility=ALWAYS, testCase=TestCaseDTO[testName=null, id=1453]], FeedbackDTO[id=968, text=null, detailText=The exercise expects a class with the name Policy in the package testpackage. You did not implement the class in the exercise., hasLongFeedbackText=false, reference=null, credits=0.0, positive=false, type=AUTOMATIC, visibility=ALWAYS, testCase=TestCaseDTO[testName=null, id=1447]], FeedbackDTO[id=969, text=null, detailText=The exercise expects a class with the name Context in the package testpackage. You did not implement the class in the exercise., hasLongFeedbackText=false, reference=null, credits=0.0, positive=false, type=AUTOMATIC, visibility=ALWAYS, testCase=TestCaseDTO[testName=null, id=1443]], FeedbackDTO[id=970, text=null, detailText=The exercise expects a class with the name Policy in the package testpackage. You did not implement the class in the exercise., hasLongFeedbackText=false, reference=null, credits=0.0, positive=false, type=AUTOMATIC, visibility=ALWAYS, testCase=TestCaseDTO[testName=null, id=1444]], FeedbackDTO[id=971, text=null, detailText=null, hasLongFeedbackText=false, reference=null, credits=3.230769230769231, positive=true, type=AUTOMATIC, visibility=ALWAYS, testCase=TestCaseDTO[testName=null, id=1454]]], assessmentType=AUTOMATIC, hasComplaint=null, exampleResult=null, testCaseCount=13, passedTestCaseCount=1, codeIssueCount=0]], BuildJobQueueItem[id=20271739576746886, name=SHORT0FC863930E92904248098A506171F81CF6CFTSTEXC-SOLUTION, buildAgent=BuildAgentDTO[name=artemis-build-agent-test, memberAddress=[127.0.0.1]:5703, displayName=artemis-build-agent-test], participationId=2027, courseId=992, exerciseId=2609, retryCount=0, priority=2, status=SUCCESSFUL, repositoryInfo=RepositoryInfo[repositoryName=short0fc863930e92904248098a506171f81cf6cftstexc-solution, repositoryType=solution, triggeredByPushTo=auxiliary, assignmentRepositoryUri=http://localhost:49152/git/SHORT0FC863930E92904248098A506171F81CF6CFTSTEXC/short0fc863930e92904248098a506171f81cf6cftstexc-solution.git, testRepositoryUri=http://localhost:49152/git/SHORT0FC863930E92904248098A506171F81CF6CFTSTEXC/short0fc863930e92904248098a506171f81cf6cftstexc-tests.git, solutionRepositoryUri=null, auxiliaryRepositoryUris=[Ljava.lang.String;@79768f6e, auxiliaryRepositoryCheckoutDirectories=[Ljava.lang.String;@6dfc231d], jobTimingInfo=JobTimingInfo[submissionDate=2025-02-14T23:45:46.886984066Z[Etc/UTC], buildStartDate=2025-02-14T23:45:46.897709578Z[Etc/UTC], buildCompletionDate=2025-02-14T23:45:48.628460156Z[Etc/UTC], estimatedCompletionDate=2025-02-14T23:46:05.897701272Z[Etc/UTC], estimatedDuration=19], buildConfig=BuildConfig[buildScript=#!/bin/bash
cd /var/tmp/testing-dir
chmod +x ./gradlew
./gradlew clean test
, dockerImage=dummy-docker-image:latest, commitHashToBuild=null, assignmentCommitHash=115a2e943bee242fdad360b50d8ad5f30792577e, testCommitHash=9b3a9bd71a0d80e5bbc42204c319ed3d1d4f0d6d, branch=main, programmingLanguage=JAVA, projectType=PLAIN_GRADLE, scaEnabled=false, sequentialTestRunsEnabled=false, resultPaths=[/var/tmp/testing-dir/**/test-results/test/*.xml], timeoutSeconds=0, assignmentCheckoutPath=null, testCheckoutPath=null, solutionCheckoutPath=null, dockerRunConfig=null], submissionResult=ResultDTO[id=636, completionDate=2025-02-14T23:45:48.593370968Z[Etc/UTC], successful=true, score=100.0, rated=true, submission=SubmissionDTO[id=830, submitted=true, type=TEST, exampleSubmission=null, submissionDate=2025-02-14T23:45:46.873671Z, commitHash=9b3a9bd71a0d80e5bbc42204c319ed3d1d4f0d6d, buildFailed=false, buildArtifact=false, participation=ParticipationDTO[id=2027, testRun=false, type=solution, submissionCount=null, exercise=ParticipationExerciseDTO[id=2609, exerciseType=PROGRAMMING, type=programming, assessmentType=AUTOMATIC, dueDate=2025-02-16T23:45:46.386304Z, assessmentDueDate=null, maxPoints=42.0, course=CourseDTO[id=992, accuracyOfScores=1]]], submissionExerciseType=programming, isProcessing=false, buildStartDate=null, estimatedCompletionDate=null], participation=ParticipationDTO[id=2027, testRun=false, type=solution, submissionCount=null, exercise=ParticipationExerciseDTO[id=2609, exerciseType=PROGRAMMING, type=programming, assessmentType=AUTOMATIC, dueDate=2025-02-16T23:45:46.386304Z, assessmentDueDate=null, maxPoints=42.0, course=CourseDTO[id=992, accuracyOfScores=1]]], feedbacks=[FeedbackDTO[id=972, text=null, detailText=null, hasLongFeedbackText=false, reference=null, credits=3.230769230769231, positive=true, type=AUTOMATIC, visibility=ALWAYS, testCase=TestCaseDTO[testName=testMethods[Context], id=1461]], FeedbackDTO[id=973, text=null, detailText=null, hasLongFeedbackText=false, reference=null, credits=3.230769230769231, positive=true, type=AUTOMATIC, visibility=ALWAYS, testCase=TestCaseDTO[testName=testMethods[Policy], id=1462]], FeedbackDTO[id=974, text=null, detailText=null, hasLongFeedbackText=false, reference=null, credits=3.230769230769231, positive=true, type=AUTOMATIC, visibility=ALWAYS, testCase=TestCaseDTO[testName=testMethods[SortStrategy], id=1463]], FeedbackDTO[id=975, text=null, detailText=null, hasLongFeedbackText=false, reference=null, credits=3.230769230769231, positive=true, type=AUTOMATIC, visibility=ALWAYS, testCase=TestCaseDTO[testName=testClass[MergeSort], id=1458]], FeedbackDTO[id=976, text=null, detailText=null, hasLongFeedbackText=false, reference=null, credits=3.230769230769231, positive=true, type=AUTOMATIC, visibility=ALWAYS, testCase=TestCaseDTO[testName=testClass[SortStrategy], id=1455]], FeedbackDTO[id=977, text=null, detailText=null, hasLongFeedbackText=false, reference=null, credits=3.230769230769231, positive=true, type=AUTOMATIC, visibility=ALWAYS, testCase=TestCaseDTO[testName=testClass[BubbleSort], id=1459]], FeedbackDTO[id=978, text=null, detailText=null, hasLongFeedbackText=false, reference=null, credits=3.230769230769231, positive=true, type=AUTOMATIC, visibility=ALWAYS, testCase=TestCaseDTO[testName=testMergeSort(), id=1464]], FeedbackDTO[id=979, text=null, detailText=null, hasLongFeedbackText=false, reference=null, credits=3.230769230769231, positive=true, type=AUTOMATIC, visibility=ALWAYS, testCase=TestCaseDTO[testName=testUseBubbleSortForSmallList(), id=1465]], FeedbackDTO[id=980, text=null, detailText=null, hasLongFeedbackText=false, reference=null, credits=3.230769230769231, positive=true, type=AUTOMATIC, visibility=ALWAYS, testCase=TestCaseDTO[testName=testBubbleSort(), id=1467]], FeedbackDTO[id=981, text=null, detailText=null, hasLongFeedbackText=false, reference=null, credits=3.230769230769231, positive=true, type=AUTOMATIC, visibility=ALWAYS, testCase=TestCaseDTO[testName=testUseMergeSortForBigList(), id=1466]], FeedbackDTO[id=982, text=null, detailText=null, hasLongFeedbackText=false, reference=null, credits=3.230769230769231, positive=true, type=AUTOMATIC, visibility=ALWAYS, testCase=TestCaseDTO[testName=testConstructors[Policy], id=1460]], FeedbackDTO[id=983, text=null, detailText=null, hasLongFeedbackText=false, reference=null, credits=3.230769230769231, positive=true, type=AUTOMATIC, visibility=ALWAYS, testCase=TestCaseDTO[testName=testAttributes[Context], id=1456]], FeedbackDTO[id=984, text=null, detailText=null, hasLongFeedbackText=false, reference=null, credits=3.230769230769231, positive=true, type=AUTOMATIC, visibility=ALWAYS, testCase=TestCaseDTO[testName=testAttributes[Policy], id=1457]]], assessmentType=AUTOMATIC, hasComplaint=null, exampleResult=null, testCaseCount=13, passedTestCaseCount=13, codeIssueCount=0]], BuildJobQueueItem[id=20281739576748768, name=SHORT0FC863930E92904248098A506171F81CF6CFTSTEXC-BASE, buildAgent=BuildAgentDTO[name=artemis-build-agent-test, memberAddress=[127.0.0.1]:5703, displayName=artemis-build-agent-test], participationId=2028, courseId=992, exerciseId=2609, retryCount=0, priority=2, status=SUCCESSFUL, repositoryInfo=RepositoryInfo[repositoryName=short0fc863930e92904248098a506171f81cf6cftstexc-exercise, repositoryType=exercise, triggeredByPushTo=auxiliary, assignmentRepositoryUri=http://localhost:49152/git/SHORT0FC863930E92904248098A506171F81CF6CFTSTEXC/short0fc863930e92904248098a506171f81cf6cftstexc-exercise.git, testRepositoryUri=http://localhost:49152/git/SHORT0FC863930E92904248098A506171F81CF6CFTSTEXC/short0fc863930e92904248098a506171f81cf6cftstexc-tests.git, solutionRepositoryUri=null, auxiliaryRepositoryUris=[Ljava.lang.String;@596c684f, auxiliaryRepositoryCheckoutDirectories=[Ljava.lang.String;@155bdb1a], jobTimingInfo=JobTimingInfo[submissionDate=2025-02-14T23:45:48.768063548Z[Etc/UTC], buildStartDate=2025-02-14T23:45:48.802531989Z[Etc/UTC], buildCompletionDate=2025-02-14T23:45:50.482681367Z[Etc/UTC], estimatedCompletionDate=2025-02-14T23:45:50.802523092Z[Etc/UTC], estimatedDuration=2], buildConfig=BuildConfig[buildScript=#!/bin/bash
cd /var/tmp/testing-dir
chmod +x ./gradlew
./gradlew clean test
, dockerImage=dummy-docker-image:latest, commitHashToBuild=9b3a9bd71a0d80e5bbc42204c319ed3d1d4f0d6d, assignmentCommitHash=115a2e943bee242fdad360b50d8ad5f30792577e, testCommitHash=9b3a9bd71a0d80e5bbc42204c319ed3d1d4f0d6d, branch=main, programmingLanguage=JAVA, projectType=PLAIN_GRADLE, scaEnabled=false, sequentialTestRunsEnabled=false, resultPaths=[/var/tmp/testing-dir/**/test-results/test/*.xml], timeoutSeconds=0, assignmentCheckoutPath=null, testCheckoutPath=null, solutionCheckoutPath=null, dockerRunConfig=null], submissionResult=ResultDTO[id=637, completionDate=2025-02-14T23:45:50.449084694Z[Etc/UTC], successful=false, score=0.0, rated=true, submission=SubmissionDTO[id=831, submitted=true, type=TEST, exampleSubmission=null, submissionDate=2025-02-14T23:45:48.761177Z, commitHash=9b3a9bd71a0d80e5bbc42204c319ed3d1d4f0d6d, buildFailed=false, buildArtifact=false, participation=ParticipationDTO[id=2028, testRun=false, type=template, submissionCount=null, exercise=ParticipationExerciseDTO[id=2609, exerciseType=PROGRAMMING, type=programming, assessmentType=AUTOMATIC, dueDate=2025-02-16T23:45:46.386304Z, assessmentDueDate=null, maxPoints=42.0, course=CourseDTO[id=992, accuracyOfScores=1]]], submissionExerciseType=programming, isProcessing=false, buildStartDate=null, estimatedCompletionDate=null], participation=ParticipationDTO[id=2028, testRun=false, type=template, submissionCount=null, exercise=ParticipationExerciseDTO[id=2609, exerciseType=PROGRAMMING, type=programming, assessmentType=AUTOMATIC, dueDate=2025-02-16T23:45:46.386304Z, assessmentDueDate=null, maxPoints=42.0, course=CourseDTO[id=992, accuracyOfScores=1]]], feedbacks=[FeedbackDTO[id=985, text=null, detailText=The exercise expects a class with the name Context in the package testpackage. You did not implement the class in the exercise., hasLongFeedbackText=false, reference=null, credits=0.0, positive=false, type=AUTOMATIC, visibility=ALWAYS, testCase=TestCaseDTO[testName=testMethods[Context], id=1461]], FeedbackDTO[id=986, text=null, detailText=The exercise expects a class with the name Policy in the package testpackage. You did not implement the class in the exercise., hasLongFeedbackText=false, reference=null, credits=0.0, positive=false, type=AUTOMATIC, visibility=ALWAYS, testCase=TestCaseDTO[testName=testMethods[Policy], id=1462]], FeedbackDTO[id=987, text=null, detailText=The exercise expects a class with the name SortStrategy in the package testpackage. You did not implement the class in the exercise., hasLongFeedbackText=false, reference=null, credits=0.0, positive=false, type=AUTOMATIC, visibility=ALWAYS, testCase=TestCaseDTO[testName=testMethods[SortStrategy], id=1463]], FeedbackDTO[id=988, text=null, detailText=The class 'MergeSort' does not implement the interface 'SortStrategy' as expected. Implement the interface and its methods., hasLongFeedbackText=false, reference=null, credits=0.0, positive=false, type=AUTOMATIC, visibility=ALWAYS, testCase=TestCaseDTO[testName=testClass[MergeSort], id=1458]], FeedbackDTO[id=989, text=null, detailText=The exercise expects a class with the name SortStrategy in the package testpackage. You did not implement the class in the exercise., hasLongFeedbackText=false, reference=null, credits=0.0, positive=false, type=AUTOMATIC, visibility=ALWAYS, testCase=TestCaseDTO[testName=testClass[SortStrategy], id=1455]], FeedbackDTO[id=990, text=null, detailText=The class 'BubbleSort' does not implement the interface 'SortStrategy' as expected. Implement the interface and its methods., hasLongFeedbackText=false, reference=null, credits=0.0, positive=false, type=AUTOMATIC, visibility=ALWAYS, testCase=TestCaseDTO[testName=testClass[BubbleSort], id=1459]], FeedbackDTO[id=991, text=null, detailText=MergeSort does not sort correctly, hasLongFeedbackText=false, reference=null, credits=0.0, positive=false, type=AUTOMATIC, visibility=ALWAYS, testCase=TestCaseDTO[testName=testMergeSort(), id=1464]], FeedbackDTO[id=992, text=null, detailText=The class 'Context' was not found within the submission. Make sure to implement it properly., hasLongFeedbackText=false, reference=null, credits=0.0, positive=false, type=AUTOMATIC, visibility=ALWAYS, testCase=TestCaseDTO[testName=testUseBubbleSortForSmallList(), id=1465]], FeedbackDTO[id=993, text=null, detailText=BubbleSort does not sort correctly, hasLongFeedbackText=false, reference=null, credits=0.0, positive=false, type=AUTOMATIC, visibility=ALWAYS, testCase=TestCaseDTO[testName=testBubbleSort(), id=1467]], FeedbackDTO[id=994, text=null, detailText=The class 'Context' was not found within the submission. Make sure to implement it properly., hasLongFeedbackText=false, reference=null, credits=0.0, positive=false, type=AUTOMATIC, visibility=ALWAYS, testCase=TestCaseDTO[testName=testUseMergeSortForBigList(), id=1466]], FeedbackDTO[id=995, text=null, detailText=The exercise expects a class with the name Policy in the package testpackage. You did not implement the class in the exercise., hasLongFeedbackText=false, reference=null, credits=0.0, positive=false, type=AUTOMATIC, visibility=ALWAYS, testCase=TestCaseDTO[testName=testConstructors[Policy], id=1460]], FeedbackDTO[id=996, text=null, detailText=The exercise expects a class with the name Context in the package testpackage. You did not implement the class in the exercise., hasLongFeedbackText=false, reference=null, credits=0.0, positive=false, type=AUTOMATIC, visibility=ALWAYS, testCase=TestCaseDTO[testName=testAttributes[Context], id=1456]], FeedbackDTO[id=997, text=null, detailText=The exercise expects a class with the name Policy in the package testpackage. You did not implement the class in the exercise., hasLongFeedbackText=false, reference=null, credits=0.0, positive=false, type=AUTOMATIC, visibility=ALWAYS, testCase=TestCaseDTO[testName=testAttributes[Policy], id=1457]]], assessmentType=AUTOMATIC, hasComplaint=null, exampleResult=null, testCaseCount=13, passedTestCaseCount=0, codeIssueCount=0]], BuildJobQueueItem[id=20291739576751299, name=SHORT716C2EC10B19B049C80A2F00B97EAB20B2A9TSTEXC-SOLUTION, buildAgent=BuildAgentDTO[name=artemis-build-agent-test, memberAddress=[127.0.0.1]:5703, displayName=artemis-build-agent-test], participationId=2029, courseId=993, exerciseId=2610, retryCount=0, priority=2, status=SUCCESSFUL, repositoryInfo=RepositoryInfo[repositoryName=short716c2ec10b19b049c80a2f00b97eab20b2a9tstexc-solution, repositoryType=solution, triggeredByPushTo=tests, assignmentRepositoryUri=http://localhost:49152/git/SHORT716C2EC10B19B049C80A2F00B97EAB20B2A9TSTEXC/short716c2ec10b19b049c80a2f00b97eab20b2a9tstexc-solution.git, testRepositoryUri=http://localhost:49152/git/SHORT716C2EC10B19B049C80A2F00B97EAB20B2A9TSTEXC/short716c2ec10b19b049c80a2f00b97eab20b2a9tstexc-tests.git, solutionRepositoryUri=null, auxiliaryRepositoryUris=[Ljava.lang.String;@581b2b20, auxiliaryRepositoryCheckoutDirectories=[Ljava.lang.String;@54f30ff5], jobTimingInfo=JobTimingInfo[submissionDate=2025-02-14T23:45:51.299892174Z[Etc/UTC], buildStartDate=2025-02-14T23:45:51.314028505Z[Etc/UTC], buildCompletionDate=2025-02-14T23:45:52.158312850Z[Etc/UTC], estimatedCompletionDate=2025-02-14T23:46:10.314021752Z[Etc/UTC], estimatedDuration=19], buildConfig=BuildConfig[buildScript=#!/bin/bash
cd /var/tmp/testing-dir
chmod +x ./gradlew
./gradlew clean test
, dockerImage=dummy-docker-image:latest, commitHashToBuild=1e531733ed6e9237f710b528d1eb0b7beac565fd, assignmentCommitHash=815e279f12ad296b4f24c44134a07293c04c010f, testCommitHash=1e531733ed6e9237f710b528d1eb0b7beac565fd, branch=main, programmingLanguage=JAVA, projectType=PLAIN_GRADLE, scaEnabled=false, sequentialTestRunsEnabled=false, resultPaths=[/var/tmp/testing-dir/**/test-results/test/*.xml], timeoutSeconds=0, assignmentCheckoutPath=null, testCheckoutPath=null, solutionCheckoutPath=null, dockerRunConfig=null], submissionResult=ResultDTO[id=638, completionDate=2025-02-14T23:45:52.146826070Z[Etc/UTC], successful=true, score=100.0, rated=true, submission=SubmissionDTO[id=832, submitted=true, type=TEST, exampleSubmission=null, submissionDate=2025-02-14T23:45:51.275713Z, commitHash=1e531733ed6e9237f710b528d1eb0b7beac565fd, buildFailed=false, buildArtifact=false, participation=ParticipationDTO[id=2029, testRun=false, type=solution, submissionCount=null, exercise=ParticipationExerciseDTO[id=2610, exerciseType=PROGRAMMING, type=programming, assessmentType=AUTOMATIC, dueDate=2025-02-16T23:45:50.869093Z, assessmentDueDate=null, maxPoints=42.0, course=CourseDTO[id=993, accuracyOfScores=1]]], submissionExerciseType=programming, isProcessing=false, buildStartDate=null, estimatedCompletionDate=null], participation=ParticipationDTO[id=2029, testRun=false, type=solution, submissionCount=null, exercise=ParticipationExerciseDTO[id=2610, exerciseType=PROGRAMMING, type=programming, assessmentType=AUTOMATIC, dueDate=2025-02-16T23:45:50.869093Z, assessmentDueDate=null, maxPoints=42.0, course=CourseDTO[id=993, accuracyOfScores=1]]], feedbacks=[FeedbackDTO[id=998, text=null, detailText=null, hasLongFeedbackText=false, reference=null, credits=3.230769230769231, positive=true, type=AUTOMATIC, visibility=ALWAYS, testCase=TestCaseDTO[testName=testMethods[Context], id=1474]], FeedbackDTO[id=999, text=null, detailText=null, hasLongFeedbackText=false, reference=null, credits=3.230769230769231, positive=true, type=AUTOMATIC, visibility=ALWAYS, testCase=TestCaseDTO[testName=testMethods[Policy], id=1475]], FeedbackDTO[id=1000, text=null, detailText=null, hasLongFeedbackText=false, reference=null, credits=3.230769230769231, positive=true, type=AUTOMATIC, visibility=ALWAYS, testCase=TestCaseDTO[testName=testMethods[SortStrategy], id=1476]], FeedbackDTO[id=1001, text=null, detailText=null, hasLongFeedbackText=false, reference=null, credits=3.230769230769231, positive=true, type=AUTOMATIC, visibility=ALWAYS, testCase=TestCaseDTO[testName=testClass[MergeSort], id=1471]], FeedbackDTO[id=1002, text=null, detailText=null, hasLongFeedbackText=false, reference=null, credits=3.230769230769231, positive=true, type=AUTOMATIC, visibility=ALWAYS, testCase=TestCaseDTO[testName=testClass[SortStrategy], id=1468]], FeedbackDTO[id=1003, text=null, detailText=null, hasLongFeedbackText=false, reference=null, credits=3.230769230769231, positive=true, type=AUTOMATIC, visibility=ALWAYS, testCase=TestCaseDTO[testName=testClass[BubbleSort], id=1472]], FeedbackDTO[id=1004, text=null, detailText=null, hasLongFeedbackText=false, reference=null, credits=3.230769230769231, positive=true, type=AUTOMATIC, visibility=ALWAYS, testCase=TestCaseDTO[testName=testMergeSort(), id=1477]], FeedbackDTO[id=1005, text=null, detailText=null, hasLongFeedbackText=false, reference=null, credits=3.230769230769231, positive=true, type=AUTOMATIC, visibility=ALWAYS, testCase=TestCaseDTO[testName=testUseBubbleSortForSmallList(), id=1478]], FeedbackDTO[id=1006, text=null, detailText=null, hasLongFeedbackText=false, reference=null, credits=3.230769230769231, positive=true, type=AUTOMATIC, visibility=ALWAYS, testCase=TestCaseDTO[testName=testBubbleSort(), id=1480]], FeedbackDTO[id=1007, text=null, detailText=null, hasLongFeedbackText=false, reference=null, credits=3.230769230769231, positive=true, type=AUTOMATIC, visibility=ALWAYS, testCase=TestCaseDTO[testName=testUseMergeSortForBigList(), id=1479]], FeedbackDTO[id=1008, text=null, detailText=null, hasLongFeedbackText=false, reference=null, credits=3.230769230769231, positive=true, type=AUTOMATIC, visibility=ALWAYS, testCase=TestCaseDTO[testName=testConstructors[Policy], id=1473]], FeedbackDTO[id=1009, text=null, detailText=null, hasLongFeedbackText=false, reference=null, credits=3.230769230769231, positive=true, type=AUTOMATIC, visibility=ALWAYS, testCase=TestCaseDTO[testName=testAttributes[Context], id=1469]], FeedbackDTO[id=1010, text=null, detailText=null, hasLongFeedbackText=false, reference=null, credits=3.230769230769231, positive=true, type=AUTOMATIC, visibility=ALWAYS, testCase=TestCaseDTO[testName=testAttributes[Policy], id=1470]]], assessmentType=AUTOMATIC, hasComplaint=null, exampleResult=null, testCaseCount=13, passedTestCaseCount=13, codeIssueCount=0]], BuildJobQueueItem[id=20301739576752239, name=SHORT716C2EC10B19B049C80A2F00B97EAB20B2A9TSTEXC-BASE, buildAgent=BuildAgentDTO[name=artemis-build-agent-test, memberAddress=[127.0.0.1]:5703, displayName=artemis-build-agent-test], participationId=2030, courseId=993, exerciseId=2610, retryCount=0, priority=2, status=SUCCESSFUL, repositoryInfo=RepositoryInfo[repositoryName=short716c2ec10b19b049c80a2f00b97eab20b2a9tstexc-exercise, repositoryType=exercise, triggeredByPushTo=tests, assignmentRepositoryUri=http://localhost:49152/git/SHORT716C2EC10B19B049C80A2F00B97EAB20B2A9TSTEXC/short716c2ec10b19b049c80a2f00b97eab20b2a9tstexc-exercise.git, testRepositoryUri=http://localhost:49152/git/SHORT716C2EC10B19B049C80A2F00B97EAB20B2A9TSTEXC/short716c2ec10b19b049c80a2f00b97eab20b2a9tstexc-tests.git, solutionRepositoryUri=null, auxiliaryRepositoryUris=[Ljava.lang.String;@6ee73b34, auxiliaryRepositoryCheckoutDirectories=[Ljava.lang.String;@25afbef9], jobTimingInfo=JobTimingInfo[submissionDate=2025-02-14T23:45:52.239402475Z[Etc/UTC], buildStartDate=2025-02-14T23:45:52.258713639Z[Etc/UTC], buildCompletionDate=2025-02-14T23:45:53.238773956Z[Etc/UTC], estimatedCompletionDate=2025-02-14T23:45:53.258707428Z[Etc/UTC], estimatedDuration=1], buildConfig=BuildConfig[buildScript=#!/bin/bash
cd /var/tmp/testing-dir
chmod +x ./gradlew
./gradlew clean test
, dockerImage=dummy-docker-image:latest, commitHashToBuild=1e531733ed6e9237f710b528d1eb0b7beac565fd, assignmentCommitHash=815e279f12ad296b4f24c44134a07293c04c010f, testCommitHash=1e531733ed6e9237f710b528d1eb0b7beac565fd, branch=main, programmingLanguage=JAVA, projectType=PLAIN_GRADLE, scaEnabled=false, sequentialTestRunsEnabled=false, resultPaths=[/var/tmp/testing-dir/**/test-results/test/*.xml], timeoutSeconds=0, assignmentCheckoutPath=null, testCheckoutPath=null, solutionCheckoutPath=null, dockerRunConfig=null], submissionResult=null]], publicSshKey=ssh-rsa AAAAB3NzaC1yc2EAAAADAQABAAACAQCOPdMsxRE2jFJ/UEa5/LsBxtwzJcrh3/rYBCQvcMeVpiRfhzQPWu7mrt/G2Ew+i+vRloGH9aqKg6dd1liRncao53Zmd/ePxoatXePNhmzTfkCkcSkTUz7B+QMjkoDDV5jwuFPD6mF3JkhuzSi64n9Zy905t4w2IhVcjM2mL3eYNjiCXt6Qpq3Pkt7dM/Ksw1nxnvuiIALuJLB3FTkXkHqq3PJav+9HSq2r6ZaWgekneaGxlQlb+U+Vy3XOuArKAzK8c8i+0bR+AHiTG6ncYXt7ax3U+TdlDTF7OLP3umwaYjs1NBXOHwG42pevvpKn2fqavZZozk+M05jXLx3bq0O7itxfErWc7etky8qYPyyIMF/txQIVLd78+Ze4d7Y60t5MGbXM5cGE6fFif5fEJwgswXD+BrG0cafz1CTatjSKFdvp8Vp4VszXhHDan1PrP6JEFJ5Cc5GDmLRZPCFa3vL9f5qXgf4bkqKN8MYeEujwJE5nMRWoiJVNakix2bcrrneQMBlnYeYZVWXXXUusAQBzl4NgddC1umZpihZkL1b1MffZAUW3EGEXi7KHnllQhkTLLsQ8ntMgbylqaJKStqaXlLvdeRJcEnUuiFCrHEVVbXRFZR7XVDZ02CE5o3MuaRPty8Kh+jRTF3COlAckHwYEJCNNJvXFgb2CNXL4mjzYDw== test@localhost]
    23:45:53.253 | 566 localvc.event-13 | DEBUG | a.p.s.l.SharedQueueManagementService : Build agent updated: null
    23:45:53.255 | 566 localvc.event-13 | DEBUG | p.s.l.LocalCIResultProcessingService : Result of build job with id 20301739576752239 added to queue
    23:45:53.255 | 566 localvc.event-13 | INFO  | p.s.l.LocalCIResultProcessingService : Processing build job result with id 20301739576752239
    23:45:53.255 | 566 localvc.event-13 | DEBUG | p.s.l.LocalCIResultProcessingService : Build jobs waiting in queue: 0
    23:45:53.255 | 566 localvc.event-13 | DEBUG | p.s.l.LocalCIResultProcessingService : Queued build jobs: []
    23:45:53.259 | 566 localvc.event-13 | DEBUG | .s.ProgrammingExerciseGradingService : Received new build result (NEW) for participation 2030

  Starting logs for StudentExamAccessServiceTest > testUserStudentExamExists()
    23:45:53.270 | 376 ool-1-worker-140 | DEBUG | d.t.c.a.a.c.u.util.UserUtilService   : Generate 2 students...
    23:45:53.274 | 376 ool-1-worker-140 | DEBUG | d.t.c.a.a.c.u.util.UserUtilService   : 2 students generated. Generate 0 tutors...
    23:45:53.276 | 376 ool-1-worker-140 | DEBUG | d.t.c.a.a.c.u.util.UserUtilService   : 0 tutors generated. Generate 0 editors...
    23:45:53.278 | 376 ool-1-worker-140 | DEBUG | d.t.c.a.a.c.u.util.UserUtilService   : 0 editors generated. Generate 0 instructors...
    23:45:53.279 | 376 ool-1-worker-140 | DEBUG | d.t.c.a.a.c.u.util.UserUtilService   : 0 instructors generated
    23:45:53.281 | 376 ool-1-worker-140 | DEBUG | d.t.c.a.a.c.u.util.UserUtilService   : Removing 2 users from all courses...
    23:45:53.281 | 376 ool-1-worker-140 | DEBUG | d.t.c.a.a.c.u.util.UserUtilService   : Removing 2 users from all courses. Done
    23:45:53.281 | 376 ool-1-worker-140 | DEBUG | d.t.c.a.a.c.u.util.UserUtilService   : Save 2 users to database...
    23:45:53.286 | 376 ool-1-worker-140 | DEBUG | d.t.c.a.a.c.u.util.UserUtilService   : Save 2 users to database. Done
    23:45:53.297 | 566 localvc.event-13 | DEBUG | .a.a.p.s.ProgrammingMessagingService : Send result to client over websocket. Result: Result{id639, completionDate=2025-02-14T23:45:53.225806205Z[Etc/UTC], successful=false, score=0.0, rated=true, assessmentType=AUTOMATIC, hasComplaint=null, testCaseCount=13, passedTestCaseCount=0, codeIssueCount=0}, Submission: ProgrammingSubmission{commitHash='1e531733ed6e9237f710b528d1eb0b7beac565fd', buildFailed=false, buildArtifact=false, type=TEST}, Participation: TemplateProgrammingExerciseParticipation{id=2030, repositoryUri='http://localhost:49152/git/SHORT716C2EC10B19B049C80A2F00B97EAB20B2A9TSTEXC/short716c2ec10b19b049c80a2f00b97eab20b2a9tstexc-exercise.git', buildPlanId='SHORT716C2EC10B19B049C80A2F00B97EAB20B2A9TSTEXC-BASE}
    23:45:53.300 | 376 ool-1-worker-140 | INFO  | i.z.t.d.l.EmbeddedDatabaseReporter   : JDBC URL to connect to 'dataSource': url='jdbc:h2:tcp://localhost:41063/mem:df70fc46-7e57-4cb5-9cd0-c1d90c14afa7;USER=sa', scope='StudentExamAccessServiceTest#testUserStudentExamExists'
    23:45:53.306 | 566 localvc.event-13 | DEBUG | d.t.c.a.a.p.s.BuildLogEntryService   : Saved build logs for build job 20301739576752239 to file /tmp/build-logs/short716c2ec10b19b049c80a2f00b97eab20b2a9/TSTEXC/20301739576752239.log
    23:45:53.307 | 566 localvc.event-13 | DEBUG | a.p.s.l.LocalCIQueueWebsocketService : Build agent updated: BuildAgentInformation[buildAgent=BuildAgentDTO[name=artemis-build-agent-test, memberAddress=[127.0.0.1]:5703, displayName=artemis-build-agent-test], maxNumberOfConcurrentBuildJobs=1, numberOfCurrentBuildJobs=0, runningBuildJobs=[], status=IDLE, recentBuildJobs=[BuildJobQueueItem[id=19141739576708030, name=SHORT5F02A8F400311042E70858306EB148073CFDTSTEXC-LOCALVCINTSTUDENT1, buildAgent=BuildAgentDTO[name=artemis-build-agent-test, memberAddress=[127.0.0.1]:5703, displayName=artemis-build-agent-test], participationId=1914, courseId=947, exerciseId=2564, retryCount=0, priority=2, status=FAILED, repositoryInfo=RepositoryInfo[repositoryName=short5f02a8f400311042e70858306eb148073cfdtstexc-localvcintstudent1, repositoryType=user, triggeredByPushTo=user, assignmentRepositoryUri=http://localhost:49152/git/SHORT5F02A8F400311042E70858306EB148073CFDTSTEXC/short5f02a8f400311042e70858306eb148073cfdtstexc-localvcintstudent1.git, testRepositoryUri=http://localhost:49152/git/SHORT5F02A8F400311042E70858306EB148073CFDTSTEXC/short5f02a8f400311042e70858306eb148073cfdtstexc-tests.git, solutionRepositoryUri=null, auxiliaryRepositoryUris=[Ljava.lang.String;@273261e1, auxiliaryRepositoryCheckoutDirectories=[Ljava.lang.String;@48b98f53], jobTimingInfo=JobTimingInfo[submissionDate=2025-02-14T23:45:08.030118216Z[Etc/UTC], buildStartDate=2025-02-14T23:45:08.041011412Z[Etc/UTC], buildCompletionDate=2025-02-14T23:45:08.054603331Z[Etc/UTC], estimatedCompletionDate=2025-02-14T23:45:27.041005080Z[Etc/UTC], estimatedDuration=19], buildConfig=BuildConfig[buildScript=#!/bin/bash
cd /var/tmp/testing-dir
chmod +x ./gradlew
./gradlew clean test
, dockerImage=dummy-docker-image:latest, commitHashToBuild=6e7146cac5059504aa9d170ec3fa23aec740bb51, assignmentCommitHash=6e7146cac5059504aa9d170ec3fa23aec740bb51, testCommitHash=931e5303581c7a2f01339ba603cfafbfe668b901, branch=main, programmingLanguage=JAVA, projectType=PLAIN_GRADLE, scaEnabled=false, sequentialTestRunsEnabled=false, resultPaths=[/var/tmp/testing-dir/**/test-results/test/*.xml], timeoutSeconds=0, assignmentCheckoutPath=null, testCheckoutPath=null, solutionCheckoutPath=null, dockerRunConfig=null], submissionResult=ResultDTO[id=622, completionDate=2025-02-14T23:45:08.054683681Z[Etc/UTC], successful=false, score=0.0, rated=true, submission=SubmissionDTO[id=814, submitted=true, type=MANUAL, exampleSubmission=null, submissionDate=2025-02-14T23:45:08.016200Z, commitHash=6e7146cac5059504aa9d170ec3fa23aec740bb51, buildFailed=true, buildArtifact=false, participation=ParticipationDTO[id=1914, testRun=false, type=programming, submissionCount=null, exercise=ParticipationExerciseDTO[id=2564, exerciseType=PROGRAMMING, type=programming, assessmentType=AUTOMATIC, dueDate=2025-02-16T23:45:07.324348Z, assessmentDueDate=null, maxPoints=42.0, course=CourseDTO[id=947, accuracyOfScores=1]]], submissionExerciseType=programming, isProcessing=false, buildStartDate=null, estimatedCompletionDate=null], participation=ParticipationDTO[id=1914, testRun=false, type=programming, submissionCount=null, exercise=ParticipationExerciseDTO[id=2564, exerciseType=PROGRAMMING, type=programming, assessmentType=AUTOMATIC, dueDate=2025-02-16T23:45:07.324348Z, assessmentDueDate=null, maxPoints=42.0, course=CourseDTO[id=947, accuracyOfScores=1]]], feedbacks=[], assessmentType=AUTOMATIC, hasComplaint=null, exampleResult=null, testCaseCount=0, passedTestCaseCount=0, codeIssueCount=0]], BuildJobQueueItem[id=19361739576711303, name=SHORT9AFDAE3804CA304DDF0889A0CB0F56104A86TSTEXC-LOCALVCINTSTUDENT1, buildAgent=BuildAgentDTO[name=artemis-build-agent-test, memberAddress=[127.0.0.1]:5703, displayName=artemis-build-agent-test], participationId=1936, courseId=956, exerciseId=2573, retryCount=0, priority=2, status=FAILED, repositoryInfo=RepositoryInfo[repositoryName=short9afdae3804ca304ddf0889a0cb0f56104a86tstexc-localvcintstudent1, repositoryType=user, triggeredByPushTo=user, assignmentRepositoryUri=http://localhost:49152/git/SHORT9AFDAE3804CA304DDF0889A0CB0F56104A86TSTEXC/short9afdae3804ca304ddf0889a0cb0f56104a86tstexc-localvcintstudent1.git, testRepositoryUri=http://localhost:49152/git/SHORT9AFDAE3804CA304DDF0889A0CB0F56104A86TSTEXC/short9afdae3804ca304ddf0889a0cb0f56104a86tstexc-tests.git, solutionRepositoryUri=null, auxiliaryRepositoryUris=[Ljava.lang.String;@412d39d1, auxiliaryRepositoryCheckoutDirectories=[Ljava.lang.String;@23c5944], jobTimingInfo=JobTimingInfo[submissionDate=2025-02-14T23:45:11.303805653Z[Etc/UTC], buildStartDate=2025-02-14T23:45:11.310981356Z[Etc/UTC], buildCompletionDate=2025-02-14T23:45:11.319178384Z[Etc/UTC], estimatedCompletionDate=2025-02-14T23:45:30.310974944Z[Etc/UTC], estimatedDuration=19], buildConfig=BuildConfig[buildScript=#!/bin/bash
cd /var/tmp/testing-dir
chmod +x ./gradlew
./gradlew clean test
, dockerImage=dummy-docker-image:latest, commitHashToBuild=a1099e378cffde441ef85f9b12577ca174b8e1e4, assignmentCommitHash=a1099e378cffde441ef85f9b12577ca174b8e1e4, testCommitHash=bd38d61c299ab11a1dea82a3ca5493fe04d97d47, branch=main, programmingLanguage=JAVA, projectType=PLAIN_GRADLE, scaEnabled=false, sequentialTestRunsEnabled=false, resultPaths=[/var/tmp/testing-dir/**/test-results/test/*.xml], timeoutSeconds=0, assignmentCheckoutPath=null, testCheckoutPath=null, solutionCheckoutPath=null, dockerRunConfig=null], submissionResult=ResultDTO[id=623, completionDate=2025-02-14T23:45:11.319278430Z[Etc/UTC], successful=false, score=0.0, rated=true, submission=SubmissionDTO[id=815, submitted=true, type=MANUAL, exampleSubmission=null, submissionDate=2025-02-14T23:45:11.294386Z, commitHash=a1099e378cffde441ef85f9b12577ca174b8e1e4, buildFailed=true, buildArtifact=false, participation=ParticipationDTO[id=1936, testRun=false, type=programming, submissionCount=null, exercise=ParticipationExerciseDTO[id=2573, exerciseType=PROGRAMMING, type=programming, assessmentType=AUTOMATIC, dueDate=2025-02-16T23:45:10.996982Z, assessmentDueDate=null, maxPoints=42.0, course=CourseDTO[id=956, accuracyOfScores=1]]], submissionExerciseType=programming, isProcessing=false, buildStartDate=null, estimatedCompletionDate=null], participation=ParticipationDTO[id=1936, testRun=false, type=programming, submissionCount=null, exercise=ParticipationExerciseDTO[id=2573, exerciseType=PROGRAMMING, type=programming, assessmentType=AUTOMATIC, dueDate=2025-02-16T23:45:10.996982Z, assessmentDueDate=null, maxPoints=42.0, course=CourseDTO[id=956, accuracyOfScores=1]]], feedbacks=[], assessmentType=AUTOMATIC, hasComplaint=null, exampleResult=null, testCaseCount=0, passedTestCaseCount=0, codeIssueCount=0]], BuildJobQueueItem[id=19351739576711674, name=SHORT9AFDAE3804CA304DDF0889A0CB0F56104A86TSTEXC-BASE, buildAgent=BuildAgentDTO[name=artemis-build-agent-test, memberAddress=[127.0.0.1]:5703, displayName=artemis-build-agent-test], participationId=1935, courseId=956, exerciseId=2573, retryCount=0, priority=2, status=FAILED, repositoryInfo=RepositoryInfo[repositoryName=short9afdae3804ca304ddf0889a0cb0f56104a86tstexc-exercise, repositoryType=exercise, triggeredByPushTo=exercise, assignmentRepositoryUri=http://localhost:49152/git/SHORT9AFDAE3804CA304DDF0889A0CB0F56104A86TSTEXC/short9afdae3804ca304ddf0889a0cb0f56104a86tstexc-exercise.git, testRepositoryUri=http://localhost:49152/git/SHORT9AFDAE3804CA304DDF0889A0CB0F56104A86TSTEXC/short9afdae3804ca304ddf0889a0cb0f56104a86tstexc-tests.git, solutionRepositoryUri=null, auxiliaryRepositoryUris=[Ljava.lang.String;@36350d8b, auxiliaryRepositoryCheckoutDirectories=[Ljava.lang.String;@32f2df09], jobTimingInfo=JobTimingInfo[submissionDate=2025-02-14T23:45:11.674556681Z[Etc/UTC], buildStartDate=2025-02-14T23:45:11.677776879Z[Etc/UTC], buildCompletionDate=2025-02-14T23:45:11.688097378Z[Etc/UTC], estimatedCompletionDate=2025-02-14T23:45:30.677771620Z[Etc/UTC], estimatedDuration=19], buildConfig=BuildConfig[buildScript=#!/bin/bash
cd /var/tmp/testing-dir
chmod +x ./gradlew
./gradlew clean test
, dockerImage=dummy-docker-image:latest, commitHashToBuild=a1099e378cffde441ef85f9b12577ca174b8e1e4, assignmentCommitHash=a1099e378cffde441ef85f9b12577ca174b8e1e4, testCommitHash=bd38d61c299ab11a1dea82a3ca5493fe04d97d47, branch=main, programmingLanguage=JAVA, projectType=PLAIN_GRADLE, scaEnabled=false, sequentialTestRunsEnabled=false, resultPaths=[/var/tmp/testing-dir/**/test-results/test/*.xml], timeoutSeconds=0, assignmentCheckoutPath=null, testCheckoutPath=null, solutionCheckoutPath=null, dockerRunConfig=null], submissionResult=ResultDTO[id=624, completionDate=2025-02-14T23:45:11.688214837Z[Etc/UTC], successful=false, score=0.0, rated=true, submission=SubmissionDTO[id=816, submitted=true, type=MANUAL, exampleSubmission=null, submissionDate=2025-02-14T23:45:11.656934Z, commitHash=a1099e378cffde441ef85f9b12577ca174b8e1e4, buildFailed=true, buildArtifact=false, participation=ParticipationDTO[id=1935, testRun=false, type=template, submissionCount=null, exercise=ParticipationExerciseDTO[id=2573, exerciseType=PROGRAMMING, type=programming, assessmentType=AUTOMATIC, dueDate=2025-02-16T23:45:10.996982Z, assessmentDueDate=null, maxPoints=42.0, course=CourseDTO[id=956, accuracyOfScores=1]]], submissionExerciseType=programming, isProcessing=false, buildStartDate=null, estimatedCompletionDate=null], participation=ParticipationDTO[id=1935, testRun=false, type=template, submissionCount=null, exercise=ParticipationExerciseDTO[id=2573, exerciseType=PROGRAMMING, type=programming, assessmentType=AUTOMATIC, dueDate=2025-02-16T23:45:10.996982Z, assessmentDueDate=null, maxPoints=42.0, course=CourseDTO[id=956, accuracyOfScores=1]]], feedbacks=[], assessmentType=AUTOMATIC, hasComplaint=null, exampleResult=null, testCaseCount=0, passedTestCaseCount=0, codeIssueCount=0]], BuildJobQueueItem[id=19341739576712112, name=SHORT9AFDAE3804CA304DDF0889A0CB0F56104A86TSTEXC-SOLUTION, buildAgent=BuildAgentDTO[name=artemis-build-agent-test, memberAddress=[127.0.0.1]:5703, displayName=artemis-build-agent-test], participationId=1934, courseId=956, exerciseId=2573, retryCount=0, priority=2, status=FAILED, repositoryInfo=RepositoryInfo[repositoryName=short9afdae3804ca304ddf0889a0cb0f56104a86tstexc-solution, repositoryType=solution, triggeredByPushTo=solution, assignmentRepositoryUri=http://localhost:49152/git/SHORT9AFDAE3804CA304DDF0889A0CB0F56104A86TSTEXC/short9afdae3804ca304ddf0889a0cb0f56104a86tstexc-solution.git, testRepositoryUri=http://localhost:49152/git/SHORT9AFDAE3804CA304DDF0889A0CB0F56104A86TSTEXC/short9afdae3804ca304ddf0889a0cb0f56104a86tstexc-tests.git, solutionRepositoryUri=null, auxiliaryRepositoryUris=[Ljava.lang.String;@1ab98b37, auxiliaryRepositoryCheckoutDirectories=[Ljava.lang.String;@7aaf175d], jobTimingInfo=JobTimingInfo[submissionDate=2025-02-14T23:45:12.112332872Z[Etc/UTC], buildStartDate=2025-02-14T23:45:12.121617114Z[Etc/UTC], buildCompletionDate=2025-02-14T23:45:12.127931701Z[Etc/UTC], estimatedCompletionDate=2025-02-14T23:45:31.121609600Z[Etc/UTC], estimatedDuration=19], buildConfig=BuildConfig[buildScript=#!/bin/bash
cd /var/tmp/testing-dir
chmod +x ./gradlew
./gradlew clean test
, dockerImage=dummy-docker-image:latest, commitHashToBuild=a1099e378cffde441ef85f9b12577ca174b8e1e4, assignmentCommitHash=a1099e378cffde441ef85f9b12577ca174b8e1e4, testCommitHash=bd38d61c299ab11a1dea82a3ca5493fe04d97d47, branch=main, programmingLanguage=JAVA, projectType=PLAIN_GRADLE, scaEnabled=false, sequentialTestRunsEnabled=false, resultPaths=[/var/tmp/testing-dir/**/test-results/test/*.xml], timeoutSeconds=0, assignmentCheckoutPath=null, testCheckoutPath=null, solutionCheckoutPath=null, dockerRunConfig=null], submissionResult=ResultDTO[id=625, completionDate=2025-02-14T23:45:12.128011800Z[Etc/UTC], successful=false, score=0.0, rated=true, submission=SubmissionDTO[id=817, submitted=true, type=MANUAL, exampleSubmission=null, submissionDate=2025-02-14T23:45:12.098737Z, commitHash=a1099e378cffde441ef85f9b12577ca174b8e1e4, buildFailed=true, buildArtifact=false, participation=ParticipationDTO[id=1934, testRun=false, type=solution, submissionCount=null, exercise=ParticipationExerciseDTO[id=2573, exerciseType=PROGRAMMING, type=programming, assessmentType=AUTOMATIC, dueDate=2025-02-16T23:45:10.996982Z, assessmentDueDate=null, maxPoints=42.0, course=CourseDTO[id=956, accuracyOfScores=1]]], submissionExerciseType=programming, isProcessing=false, buildStartDate=null, estimatedCompletionDate=null], participation=ParticipationDTO[id=1934, testRun=false, type=solution, submissionCount=null, exercise=ParticipationExerciseDTO[id=2573, exerciseType=PROGRAMMING, type=programming, assessmentType=AUTOMATIC, dueDate=2025-02-16T23:45:10.996982Z, assessmentDueDate=null, maxPoints=42.0, course=CourseDTO[id=956, accuracyOfScores=1]]], feedbacks=[], assessmentType=AUTOMATIC, hasComplaint=null, exampleResult=null, testCaseCount=0, passedTestCaseCount=0, codeIssueCount=0]], BuildJobQueueItem[id=19341739576713025, name=SHORT9AFDAE3804CA304DDF0889A0CB0F56104A86TSTEXC-SOLUTION, buildAgent=BuildAgentDTO[name=artemis-build-agent-test, memberAddress=[127.0.0.1]:5703, displayName=artemis-build-agent-test], participationId=1934, courseId=956, exerciseId=2573, retryCount=0, priority=2, status=FAILED, repositoryInfo=RepositoryInfo[repositoryName=short9afdae3804ca304ddf0889a0cb0f56104a86tstexc-solution, repositoryType=solution, triggeredByPushTo=tests, assignmentRepositoryUri=http://localhost:49152/git/SHORT9AFDAE3804CA304DDF0889A0CB0F56104A86TSTEXC/short9afdae3804ca304ddf0889a0cb0f56104a86tstexc-solution.git, testRepositoryUri=http://localhost:49152/git/SHORT9AFDAE3804CA304DDF0889A0CB0F56104A86TSTEXC/short9afdae3804ca304ddf0889a0cb0f56104a86tstexc-tests.git, solutionRepositoryUri=null, auxiliaryRepositoryUris=[Ljava.lang.String;@646814d6, auxiliaryRepositoryCheckoutDirectories=[Ljava.lang.String;@40c695c5], jobTimingInfo=JobTimingInfo[submissionDate=2025-02-14T23:45:13.025319671Z[Etc/UTC], buildStartDate=2025-02-14T23:45:13.040293146Z[Etc/UTC], buildCompletionDate=2025-02-14T23:45:13.053032917Z[Etc/UTC], estimatedCompletionDate=2025-02-14T23:45:32.040285703Z[Etc/UTC], estimatedDuration=19], buildConfig=BuildConfig[buildScript=#!/bin/bash
cd /var/tmp/testing-dir
chmod +x ./gradlew
./gradlew clean test
, dockerImage=dummy-docker-image:latest, commitHashToBuild=784f8f0049d2a1a54f21c67dd772bea86715267a, assignmentCommitHash=a1099e378cffde441ef85f9b12577ca174b8e1e4, testCommitHash=784f8f0049d2a1a54f21c67dd772bea86715267a, branch=main, programmingLanguage=JAVA, projectType=PLAIN_GRADLE, scaEnabled=false, sequentialTestRunsEnabled=false, resultPaths=[/var/tmp/testing-dir/**/test-results/test/*.xml], timeoutSeconds=0, assignmentCheckoutPath=null, testCheckoutPath=null, solutionCheckoutPath=null, dockerRunConfig=null], submissionResult=ResultDTO[id=626, completionDate=2025-02-14T23:45:13.053131811Z[Etc/UTC], successful=false, score=0.0, rated=true, submission=SubmissionDTO[id=818, submitted=true, type=TEST, exampleSubmission=null, submissionDate=2025-02-14T23:45:13.005779Z, commitHash=784f8f0049d2a1a54f21c67dd772bea86715267a, buildFailed=true, buildArtifact=false, participation=ParticipationDTO[id=1934, testRun=false, type=solution, submissionCount=null, exercise=ParticipationExerciseDTO[id=2573, exerciseType=PROGRAMMING, type=programming, assessmentType=AUTOMATIC, dueDate=2025-02-16T23:45:10.996982Z, assessmentDueDate=null, maxPoints=42.0, course=CourseDTO[id=956, accuracyOfScores=1]]], submissionExerciseType=programming, isProcessing=false, buildStartDate=null, estimatedCompletionDate=null], participation=ParticipationDTO[id=1934, testRun=false, type=solution, submissionCount=null, exercise=ParticipationExerciseDTO[id=2573, exerciseType=PROGRAMMING, type=programming, assessmentType=AUTOMATIC, dueDate=2025-02-16T23:45:10.996982Z, assessmentDueDate=null, maxPoints=42.0, course=CourseDTO[id=956, accuracyOfScores=1]]], feedbacks=[], assessmentType=AUTOMATIC, hasComplaint=null, exampleResult=null, testCaseCount=0, passedTestCaseCount=0, codeIssueCount=0]], BuildJobQueueItem[id=19581739576715555, name=SHORTC1A3F9FC03D2304B4308FA20AF16D54AAA49TSTEXC-LOCALVCSSHINTSTUDENT1, buildAgent=BuildAgentDTO[name=artemis-build-agent-test, memberAddress=[127.0.0.1]:5703, displayName=artemis-build-agent-test], participationId=1958, courseId=965, exerciseId=2582, retryCount=0, priority=2, status=FAILED, repositoryInfo=RepositoryInfo[repositoryName=shortc1a3f9fc03d2304b4308fa20af16d54aaa49tstexc-localvcsshintstudent1, repositoryType=user, triggeredByPushTo=user, assignmentRepositoryUri=http://localhost:49152/git/SHORTC1A3F9FC03D2304B4308FA20AF16D54AAA49TSTEXC/shortc1a3f9fc03d2304b4308fa20af16d54aaa49tstexc-localvcsshintstudent1.git, testRepositoryUri=http://localhost:49152/git/SHORTC1A3F9FC03D2304B4308FA20AF16D54AAA49TSTEXC/shortc1a3f9fc03d2304b4308fa20af16d54aaa49tstexc-tests.git, solutionRepositoryUri=null, auxiliaryRepositoryUris=[Ljava.lang.String;@16704ed9, auxiliaryRepositoryCheckoutDirectories=[Ljava.lang.String;@1467a6b5], jobTimingInfo=JobTimingInfo[submissionDate=2025-02-14T23:45:15.555989584Z[Etc/UTC], buildStartDate=2025-02-14T23:45:15.568477627Z[Etc/UTC], buildCompletionDate=2025-02-14T23:45:15.579021148Z[Etc/UTC], estimatedCompletionDate=2025-02-14T23:45:34.568443924Z[Etc/UTC], estimatedDuration=19], buildConfig=BuildConfig[buildScript=#!/bin/bash
cd /var/tmp/testing-dir
chmod +x ./gradlew
./gradlew clean test
, dockerImage=dummy-docker-image:latest, commitHashToBuild=ca76dac20e040e6609db02fd7fedd56bf58829d7, assignmentCommitHash=ca76dac20e040e6609db02fd7fedd56bf58829d7, testCommitHash=bd0d58c226dc63bfa4bc9052870589952c0a1f83, branch=main, programmingLanguage=JAVA, projectType=PLAIN_GRADLE, scaEnabled=false, sequentialTestRunsEnabled=false, resultPaths=[/var/tmp/testing-dir/**/test-results/test/*.xml], timeoutSeconds=0, assignmentCheckoutPath=null, testCheckoutPath=null, solutionCheckoutPath=null, dockerRunConfig=null], submissionResult=ResultDTO[id=627, completionDate=2025-02-14T23:45:15.579119131Z[Etc/UTC], successful=false, score=0.0, rated=true, submission=SubmissionDTO[id=820, submitted=true, type=MANUAL, exampleSubmission=null, submissionDate=2025-02-14T23:45:15.548349Z, commitHash=ca76dac20e040e6609db02fd7fedd56bf58829d7, buildFailed=true, buildArtifact=false, participation=ParticipationDTO[id=1958, testRun=false, type=programming, submissionCount=null, exercise=ParticipationExerciseDTO[id=2582, exerciseType=PROGRAMMING, type=programming, assessmentType=AUTOMATIC, dueDate=2025-02-16T23:45:15.103512Z, assessmentDueDate=null, maxPoints=42.0, course=CourseDTO[id=965, accuracyOfScores=1]]], submissionExerciseType=programming, isProcessing=false, buildStartDate=null, estimatedCompletionDate=null], participation=ParticipationDTO[id=1958, testRun=false, type=programming, submissionCount=null, exercise=ParticipationExerciseDTO[id=2582, exerciseType=PROGRAMMING, type=programming, assessmentType=AUTOMATIC, dueDate=2025-02-16T23:45:15.103512Z, assessmentDueDate=null, maxPoints=42.0, course=CourseDTO[id=965, accuracyOfScores=1]]], feedbacks=[], assessmentType=AUTOMATIC, hasComplaint=null, exampleResult=null, testCaseCount=0, passedTestCaseCount=0, codeIssueCount=0]], BuildJobQueueItem[id=19801739576719393, name=SHORTB2A6C58B0D447045380A858075B170A5B7C6TSTEXC-LOCALVCSSHINTSTUDENT1, buildAgent=BuildAgentDTO[name=artemis-build-agent-test, memberAddress=[127.0.0.1]:5703, displayName=artemis-build-agent-test], participationId=1980, courseId=974, exerciseId=2591, retryCount=0, priority=2, status=FAILED, repositoryInfo=RepositoryInfo[repositoryName=shortb2a6c58b0d447045380a858075b170a5b7c6tstexc-localvcsshintstudent1, repositoryType=user, triggeredByPushTo=user, assignmentRepositoryUri=http://localhost:49152/git/SHORTB2A6C58B0D447045380A858075B170A5B7C6TSTEXC/shortb2a6c58b0d447045380a858075b170a5b7c6tstexc-localvcsshintstudent1.git, testRepositoryUri=http://localhost:49152/git/SHORTB2A6C58B0D447045380A858075B170A5B7C6TSTEXC/shortb2a6c58b0d447045380a858075b170a5b7c6tstexc-tests.git, solutionRepositoryUri=null, auxiliaryRepositoryUris=[Ljava.lang.String;@300dce4b, auxiliaryRepositoryCheckoutDirectories=[Ljava.lang.String;@44110d32], jobTimingInfo=JobTimingInfo[submissionDate=2025-02-14T23:45:19.393259829Z[Etc/UTC], buildStartDate=2025-02-14T23:45:19.405438171Z[Etc/UTC], buildCompletionDate=2025-02-14T23:45:19.414070673Z[Etc/UTC], estimatedCompletionDate=2025-02-14T23:45:38.405431569Z[Etc/UTC], estimatedDuration=19], buildConfig=BuildConfig[buildScript=#!/bin/bash
cd /var/tmp/testing-dir
chmod +x ./gradlew
./gradlew clean test
, dockerImage=dummy-docker-image:latest, commitHashToBuild=363cdbf709a9fff149f813ab848ee800a675cc77, assignmentCommitHash=363cdbf709a9fff149f813ab848ee800a675cc77, testCommitHash=a5e046ece417b2e538f21f816e2524dab61e0d10, branch=main, programmingLanguage=JAVA, projectType=PLAIN_GRADLE, scaEnabled=false, sequentialTestRunsEnabled=false, resultPaths=[/var/tmp/testing-dir/**/test-results/test/*.xml], timeoutSeconds=0, assignmentCheckoutPath=null, testCheckoutPath=null, solutionCheckoutPath=null, dockerRunConfig=null], submissionResult=ResultDTO[id=628, completionDate=2025-02-14T23:45:19.414171040Z[Etc/UTC], successful=false, score=0.0, rated=true, submission=SubmissionDTO[id=821, submitted=true, type=MANUAL, exampleSubmission=null, submissionDate=2025-02-14T23:45:19.376840Z, commitHash=363cdbf709a9fff149f813ab848ee800a675cc77, buildFailed=true, buildArtifact=false, participation=ParticipationDTO[id=1980, testRun=false, type=programming, submissionCount=null, exercise=ParticipationExerciseDTO[id=2591, exerciseType=PROGRAMMING, type=programming, assessmentType=AUTOMATIC, dueDate=2025-02-16T23:45:18.950569Z, assessmentDueDate=null, maxPoints=42.0, course=CourseDTO[id=974, accuracyOfScores=1]]], submissionExerciseType=programming, isProcessing=false, buildStartDate=null, estimatedCompletionDate=null], participation=ParticipationDTO[id=1980, testRun=false, type=programming, submissionCount=null, exercise=ParticipationExerciseDTO[id=2591, exerciseType=PROGRAMMING, type=programming, assessmentType=AUTOMATIC, dueDate=2025-02-16T23:45:18.950569Z, assessmentDueDate=null, maxPoints=42.0, course=CourseDTO[id=974, accuracyOfScores=1]]], feedbacks=[], assessmentType=AUTOMATIC, hasComplaint=null, exampleResult=null, testCaseCount=0, passedTestCaseCount=0, codeIssueCount=0]], BuildJobQueueItem[id=19791739576719787, name=SHORTB2A6C58B0D447045380A858075B170A5B7C6TSTEXC-BASE, buildAgent=BuildAgentDTO[name=artemis-build-agent-test, memberAddress=[127.0.0.1]:5703, displayName=artemis-build-agent-test], participationId=1979, courseId=974, exerciseId=2591, retryCount=0, priority=2, status=FAILED, repositoryInfo=RepositoryInfo[repositoryName=shortb2a6c58b0d447045380a858075b170a5b7c6tstexc-exercise, repositoryType=exercise, triggeredByPushTo=exercise, assignmentRepositoryUri=http://localhost:49152/git/SHORTB2A6C58B0D447045380A858075B170A5B7C6TSTEXC/shortb2a6c58b0d447045380a858075b170a5b7c6tstexc-exercise.git, testRepositoryUri=http://localhost:49152/git/SHORTB2A6C58B0D447045380A858075B170A5B7C6TSTEXC/shortb2a6c58b0d447045380a858075b170a5b7c6tstexc-tests.git, solutionRepositoryUri=null, auxiliaryRepositoryUris=[Ljava.lang.String;@508395ef, auxiliaryRepositoryCheckoutDirectories=[Ljava.lang.String;@79f8c344], jobTimingInfo=JobTimingInfo[submissionDate=2025-02-14T23:45:19.787985058Z[Etc/UTC], buildStartDate=2025-02-14T23:45:19.796327417Z[Etc/UTC], buildCompletionDate=2025-02-14T23:45:19.799750982Z[Etc/UTC], estimatedCompletionDate=2025-02-14T23:45:38.796319082Z[Etc/UTC], estimatedDuration=19], buildConfig=BuildConfig[buildScript=#!/bin/bash
cd /var/tmp/testing-dir
chmod +x ./gradlew
./gradlew clean test
, dockerImage=dummy-docker-image:latest, commitHashToBuild=363cdbf709a9fff149f813ab848ee800a675cc77, assignmentCommitHash=363cdbf709a9fff149f813ab848ee800a675cc77, testCommitHash=a5e046ece417b2e538f21f816e2524dab61e0d10, branch=main, programmingLanguage=JAVA, projectType=PLAIN_GRADLE, scaEnabled=false, sequentialTestRunsEnabled=false, resultPaths=[/var/tmp/testing-dir/**/test-results/test/*.xml], timeoutSeconds=0, assignmentCheckoutPath=null, testCheckoutPath=null, solutionCheckoutPath=null, dockerRunConfig=null], submissionResult=ResultDTO[id=629, completionDate=2025-02-14T23:45:19.799820341Z[Etc/UTC], successful=false, score=0.0, rated=true, submission=SubmissionDTO[id=822, submitted=true, type=MANUAL, exampleSubmission=null, submissionDate=2025-02-14T23:45:19.775952Z, commitHash=363cdbf709a9fff149f813ab848ee800a675cc77, buildFailed=true, buildArtifact=false, participation=ParticipationDTO[id=1979, testRun=false, type=template, submissionCount=null, exercise=ParticipationExerciseDTO[id=2591, exerciseType=PROGRAMMING, type=programming, assessmentType=AUTOMATIC, dueDate=2025-02-16T23:45:18.950569Z, assessmentDueDate=null, maxPoints=42.0, course=CourseDTO[id=974, accuracyOfScores=1]]], submissionExerciseType=programming, isProcessing=false, buildStartDate=null, estimatedCompletionDate=null], participation=ParticipationDTO[id=1979, testRun=false, type=template, submissionCount=null, exercise=ParticipationExerciseDTO[id=2591, exerciseType=PROGRAMMING, type=programming, assessmentType=AUTOMATIC, dueDate=2025-02-16T23:45:18.950569Z, assessmentDueDate=null, maxPoints=42.0, course=CourseDTO[id=974, accuracyOfScores=1]]], feedbacks=[], assessmentType=AUTOMATIC, hasComplaint=null, exampleResult=null, testCaseCount=0, passedTestCaseCount=0, codeIssueCount=0]], BuildJobQueueItem[id=19781739576720235, name=SHORTB2A6C58B0D447045380A858075B170A5B7C6TSTEXC-SOLUTION, buildAgent=BuildAgentDTO[name=artemis-build-agent-test, memberAddress=[127.0.0.1]:5703, displayName=artemis-build-agent-test], participationId=1978, courseId=974, exerciseId=2591, retryCount=0, priority=2, status=FAILED, repositoryInfo=RepositoryInfo[repositoryName=shortb2a6c58b0d447045380a858075b170a5b7c6tstexc-solution, repositoryType=solution, triggeredByPushTo=solution, assignmentRepositoryUri=http://localhost:49152/git/SHORTB2A6C58B0D447045380A858075B170A5B7C6TSTEXC/shortb2a6c58b0d447045380a858075b170a5b7c6tstexc-solution.git, testRepositoryUri=http://localhost:49152/git/SHORTB2A6C58B0D447045380A858075B170A5B7C6TSTEXC/shortb2a6c58b0d447045380a858075b170a5b7c6tstexc-tests.git, solutionRepositoryUri=null, auxiliaryRepositoryUris=[Ljava.lang.String;@275925a6, auxiliaryRepositoryCheckoutDirectories=[Ljava.lang.String;@6b6dd4e2], jobTimingInfo=JobTimingInfo[submissionDate=2025-02-14T23:45:20.235272325Z[Etc/UTC], buildStartDate=2025-02-14T23:45:20.243033812Z[Etc/UTC], buildCompletionDate=2025-02-14T23:45:20.250721018Z[Etc/UTC], estimatedCompletionDate=2025-02-14T23:45:39.243026949Z[Etc/UTC], estimatedDuration=19], buildConfig=BuildConfig[buildScript=#!/bin/bash
cd /var/tmp/testing-dir
chmod +x ./gradlew
./gradlew clean test
, dockerImage=dummy-docker-image:latest, commitHashToBuild=c710d0e68c9c7db8cda7d1a278308de2b9642cc0, assignmentCommitHash=c710d0e68c9c7db8cda7d1a278308de2b9642cc0, testCommitHash=a5e046ece417b2e538f21f816e2524dab61e0d10, branch=main, programmingLanguage=JAVA, projectType=PLAIN_GRADLE, scaEnabled=false, sequentialTestRunsEnabled=false, resultPaths=[/var/tmp/testing-dir/**/test-results/test/*.xml], timeoutSeconds=0, assignmentCheckoutPath=null, testCheckoutPath=null, solutionCheckoutPath=null, dockerRunConfig=null], submissionResult=ResultDTO[id=630, completionDate=2025-02-14T23:45:20.250809893Z[Etc/UTC], successful=false, score=0.0, rated=true, submission=SubmissionDTO[id=823, submitted=true, type=MANUAL, exampleSubmission=null, submissionDate=2025-02-14T23:45:20.211707Z, commitHash=c710d0e68c9c7db8cda7d1a278308de2b9642cc0, buildFailed=true, buildArtifact=false, participation=ParticipationDTO[id=1978, testRun=false, type=solution, submissionCount=null, exercise=ParticipationExerciseDTO[id=2591, exerciseType=PROGRAMMING, type=programming, assessmentType=AUTOMATIC, dueDate=2025-02-16T23:45:18.950569Z, assessmentDueDate=null, maxPoints=42.0, course=CourseDTO[id=974, accuracyOfScores=1]]], submissionExerciseType=programming, isProcessing=false, buildStartDate=null, estimatedCompletionDate=null], participation=ParticipationDTO[id=1978, testRun=false, type=solution, submissionCount=null, exercise=ParticipationExerciseDTO[id=2591, exerciseType=PROGRAMMING, type=programming, assessmentType=AUTOMATIC, dueDate=2025-02-16T23:45:18.950569Z, assessmentDueDate=null, maxPoints=42.0, course=CourseDTO[id=974, accuracyOfScores=1]]], feedbacks=[], assessmentType=AUTOMATIC, hasComplaint=null, exampleResult=null, testCaseCount=0, passedTestCaseCount=0, codeIssueCount=0]], BuildJobQueueItem[id=19781739576720802, name=SHORTB2A6C58B0D447045380A858075B170A5B7C6TSTEXC-SOLUTION, buildAgent=BuildAgentDTO[name=artemis-build-agent-test, memberAddress=[127.0.0.1]:5703, displayName=artemis-build-agent-test], participationId=1978, courseId=974, exerciseId=2591, retryCount=0, priority=2, status=FAILED, repositoryInfo=RepositoryInfo[repositoryName=shortb2a6c58b0d447045380a858075b170a5b7c6tstexc-solution, repositoryType=solution, triggeredByPushTo=tests, assignmentRepositoryUri=http://localhost:49152/git/SHORTB2A6C58B0D447045380A858075B170A5B7C6TSTEXC/shortb2a6c58b0d447045380a858075b170a5b7c6tstexc-solution.git, testRepositoryUri=http://localhost:49152/git/SHORTB2A6C58B0D447045380A858075B170A5B7C6TSTEXC/shortb2a6c58b0d447045380a858075b170a5b7c6tstexc-tests.git, solutionRepositoryUri=null, auxiliaryRepositoryUris=[Ljava.lang.String;@270d088d, auxiliaryRepositoryCheckoutDirectories=[Ljava.lang.String;@18501dcb], jobTimingInfo=JobTimingInfo[submissionDate=2025-02-14T23:45:20.802935026Z[Etc/UTC], buildStartDate=2025-02-14T23:45:20.809306435Z[Etc/UTC], buildCompletionDate=2025-02-14T23:45:20.822452342Z[Etc/UTC], estimatedCompletionDate=2025-02-14T23:45:39.809298491Z[Etc/UTC], estimatedDuration=19], buildConfig=BuildConfig[buildScript=#!/bin/bash
cd /var/tmp/testing-dir
chmod +x ./gradlew
./gradlew clean test
, dockerImage=dummy-docker-image:latest, commitHashToBuild=c710d0e68c9c7db8cda7d1a278308de2b9642cc0, assignmentCommitHash=c710d0e68c9c7db8cda7d1a278308de2b9642cc0, testCommitHash=c710d0e68c9c7db8cda7d1a278308de2b9642cc0, branch=main, programmingLanguage=JAVA, projectType=PLAIN_GRADLE, scaEnabled=false, sequentialTestRunsEnabled=false, resultPaths=[/var/tmp/testing-dir/**/test-results/test/*.xml], timeoutSeconds=0, assignmentCheckoutPath=null, testCheckoutPath=null, solutionCheckoutPath=null, dockerRunConfig=null], submissionResult=ResultDTO[id=631, completionDate=2025-02-14T23:45:20.822527362Z[Etc/UTC], successful=false, score=0.0, rated=true, submission=SubmissionDTO[id=824, submitted=true, type=TEST, exampleSubmission=null, submissionDate=2025-02-14T23:45:20.791240Z, commitHash=c710d0e68c9c7db8cda7d1a278308de2b9642cc0, buildFailed=true, buildArtifact=false, participation=ParticipationDTO[id=1978, testRun=false, type=solution, submissionCount=null, exercise=ParticipationExerciseDTO[id=2591, exerciseType=PROGRAMMING, type=programming, assessmentType=AUTOMATIC, dueDate=2025-02-16T23:45:18.950569Z, assessmentDueDate=null, maxPoints=42.0, course=CourseDTO[id=974, accuracyOfScores=1]]], submissionExerciseType=programming, isProcessing=false, buildStartDate=null, estimatedCompletionDate=null], participation=ParticipationDTO[id=1978, testRun=false, type=solution, submissionCount=null, exercise=ParticipationExerciseDTO[id=2591, exerciseType=PROGRAMMING, type=programming, assessmentType=AUTOMATIC, dueDate=2025-02-16T23:45:18.950569Z, assessmentDueDate=null, maxPoints=42.0, course=CourseDTO[id=974, accuracyOfScores=1]]], feedbacks=[], assessmentType=AUTOMATIC, hasComplaint=null, exampleResult=null, testCaseCount=0, passedTestCaseCount=0, codeIssueCount=0]], BuildJobQueueItem[id=20061739576732554, name=SHORT94A899E303D7504C5D0840704DAAFA3DFF4DTSTEXC-LOCALVCCIINTINSTRUCTOR1, buildAgent=BuildAgentDTO[name=artemis-build-agent-test, memberAddress=[127.0.0.1]:5703, displayName=artemis-build-agent-test], participationId=2006, courseId=984, exerciseId=2601, retryCount=0, priority=2, status=SUCCESSFUL, repositoryInfo=RepositoryInfo[repositoryName=short94a899e303d7504c5d0840704daafa3dff4dtstexc-localvcciintinstructor1, repositoryType=user, triggeredByPushTo=user, assignmentRepositoryUri=http://localhost:49152/git/SHORT94A899E303D7504C5D0840704DAAFA3DFF4DTSTEXC/short94a899e303d7504c5d0840704daafa3dff4dtstexc-localvcciintinstructor1.git, testRepositoryUri=http://localhost:49152/git/SHORT94A899E303D7504C5D0840704DAAFA3DFF4DTSTEXC/short94a899e303d7504c5d0840704daafa3dff4dtstexc-tests.git, solutionRepositoryUri=null, auxiliaryRepositoryUris=[Ljava.lang.String;@764a7f72, auxiliaryRepositoryCheckoutDirectories=[Ljava.lang.String;@73057f9d], jobTimingInfo=JobTimingInfo[submissionDate=2025-02-14T23:45:32.554795798Z[Etc/UTC], buildStartDate=2025-02-14T23:45:32.567287465Z[Etc/UTC], buildCompletionDate=2025-02-14T23:45:34.535226768Z[Etc/UTC], estimatedCompletionDate=2025-02-14T23:45:51.567257960Z[Etc/UTC], estimatedDuration=19], buildConfig=BuildConfig[buildScript=#!/bin/bash
cd /var/tmp/testing-dir
chmod +x ./gradlew
./gradlew clean test
, dockerImage=dummy-docker-image:latest, commitHashToBuild=ca2dbc0ae87edf7035058a6a17c0ea60e90a290f, assignmentCommitHash=ca2dbc0ae87edf7035058a6a17c0ea60e90a290f, testCommitHash=0207f6f98af5fbb66ad68455f3fc3cf128af8ae9, branch=main, programmingLanguage=JAVA, projectType=PLAIN_GRADLE, scaEnabled=false, sequentialTestRunsEnabled=false, resultPaths=[/var/tmp/testing-dir/**/test-results/test/*.xml], timeoutSeconds=0, assignmentCheckoutPath=null, testCheckoutPath=null, solutionCheckoutPath=null, dockerRunConfig=null], submissionResult=ResultDTO[id=632, completionDate=2025-02-14T23:45:34.504415716Z[Etc/UTC], successful=false, score=7.7, rated=false, submission=SubmissionDTO[id=826, submitted=true, type=MANUAL, exampleSubmission=null, submissionDate=2025-02-14T23:45:32.541533Z, commitHash=ca2dbc0ae87edf7035058a6a17c0ea60e90a290f, buildFailed=false, buildArtifact=false, participation=ParticipationDTO[id=2006, testRun=true, type=programming, submissionCount=null, exercise=ParticipationExerciseDTO[id=2601, exerciseType=PROGRAMMING, type=programming, assessmentType=AUTOMATIC, dueDate=2025-02-16T23:45:31.864042Z, assessmentDueDate=null, maxPoints=42.0, course=CourseDTO[id=984, accuracyOfScores=1]]], submissionExerciseType=programming, isProcessing=false, buildStartDate=null, estimatedCompletionDate=null], participation=ParticipationDTO[id=2006, testRun=true, type=programming, submissionCount=null, exercise=ParticipationExerciseDTO[id=2601, exerciseType=PROGRAMMING, type=programming, assessmentType=AUTOMATIC, dueDate=2025-02-16T23:45:31.864042Z, assessmentDueDate=null, maxPoints=42.0, course=CourseDTO[id=984, accuracyOfScores=1]]], feedbacks=[FeedbackDTO[id=920, text=null, detailText=The exercise expects a class with the name Context in the package testpackage. You did not implement the class in the exercise., hasLongFeedbackText=false, reference=null, credits=0.0, positive=false, type=AUTOMATIC, visibility=ALWAYS, testCase=TestCaseDTO[testName=null, id=1357]], FeedbackDTO[id=921, text=null, detailText=The exercise expects a class with the name Policy in the package testpackage. You did not implement the class in the exercise., hasLongFeedbackText=false, reference=null, credits=0.0, positive=false, type=AUTOMATIC, visibility=ALWAYS, testCase=TestCaseDTO[testName=null, id=1358]], FeedbackDTO[id=922, text=null, detailText=The exercise expects a class with the name SortStrategy in the package testpackage. You did not implement the class in the exercise., hasLongFeedbackText=false, reference=null, credits=0.0, positive=false, type=AUTOMATIC, visibility=ALWAYS, testCase=TestCaseDTO[testName=null, id=1359]], FeedbackDTO[id=923, text=null, detailText=The class 'MergeSort' does not implement the interface 'SortStrategy' as expected. Implement the interface and its methods., hasLongFeedbackText=false, reference=null, credits=0.0, positive=false, type=AUTOMATIC, visibility=ALWAYS, testCase=TestCaseDTO[testName=null, id=1354]], FeedbackDTO[id=924, text=null, detailText=The exercise expects a class with the name SortStrategy in the package testpackage. You did not implement the class in the exercise., hasLongFeedbackText=false, reference=null, credits=0.0, positive=false, type=AUTOMATIC, visibility=ALWAYS, testCase=TestCaseDTO[testName=null, id=1351]], FeedbackDTO[id=925, text=null, detailText=The class 'BubbleSort' does not implement the interface 'SortStrategy' as expected. Implement the interface and its methods., hasLongFeedbackText=false, reference=null, credits=0.0, positive=false, type=AUTOMATIC, visibility=ALWAYS, testCase=TestCaseDTO[testName=null, id=1355]], FeedbackDTO[id=926, text=null, detailText=MergeSort does not sort correctly, hasLongFeedbackText=false, reference=null, credits=0.0, positive=false, type=AUTOMATIC, visibility=ALWAYS, testCase=TestCaseDTO[testName=null, id=1360]], FeedbackDTO[id=927, text=null, detailText=The class 'Context' was not found within the submission. Make sure to implement it properly., hasLongFeedbackText=false, reference=null, credits=0.0, positive=false, type=AUTOMATIC, visibility=ALWAYS, testCase=TestCaseDTO[testName=null, id=1361]], FeedbackDTO[id=928, text=null, detailText=The class 'Context' was not found within the submission. Make sure to implement it properly., hasLongFeedbackText=false, reference=null, credits=0.0, positive=false, type=AUTOMATIC, visibility=ALWAYS, testCase=TestCaseDTO[testName=null, id=1362]], FeedbackDTO[id=929, text=null, detailText=The exercise expects a class with the name Policy in the package testpackage. You did not implement the class in the exercise., hasLongFeedbackText=false, reference=null, credits=0.0, positive=false, type=AUTOMATIC, visibility=ALWAYS, testCase=TestCaseDTO[testName=null, id=1356]], FeedbackDTO[id=930, text=null, detailText=The exercise expects a class with the name Context in the package testpackage. You did not implement the class in the exercise., hasLongFeedbackText=false, reference=null, credits=0.0, positive=false, type=AUTOMATIC, visibility=ALWAYS, testCase=TestCaseDTO[testName=null, id=1352]], FeedbackDTO[id=931, text=null, detailText=The exercise expects a class with the name Policy in the package testpackage. You did not implement the class in the exercise., hasLongFeedbackText=false, reference=null, credits=0.0, positive=false, type=AUTOMATIC, visibility=ALWAYS, testCase=TestCaseDTO[testName=null, id=1353]], FeedbackDTO[id=932, text=null, detailText=null, hasLongFeedbackText=false, reference=null, credits=3.230769230769231, positive=true, type=AUTOMATIC, visibility=ALWAYS, testCase=TestCaseDTO[testName=null, id=1363]]], assessmentType=AUTOMATIC, hasComplaint=null, exampleResult=null, testCaseCount=13, passedTestCaseCount=1, codeIssueCount=0]], BuildJobQueueItem[id=20111739576737317, name=SHORTD49A6DAE04F9E049850BD5601663FD17A5B7TSTEXC-BASE, buildAgent=BuildAgentDTO[name=artemis-build-agent-test, memberAddress=[127.0.0.1]:5703, displayName=artemis-build-agent-test], participationId=2011, courseId=986, exerciseId=2603, retryCount=0, priority=2, status=SUCCESSFUL, repositoryInfo=RepositoryInfo[repositoryName=shortd49a6dae04f9e049850bd5601663fd17a5b7tstexc-exercise, repositoryType=exercise, triggeredByPushTo=exercise, assignmentRepositoryUri=http://localhost:49152/git/SHORTD49A6DAE04F9E049850BD5601663FD17A5B7TSTEXC/shortd49a6dae04f9e049850bd5601663fd17a5b7tstexc-exercise.git, testRepositoryUri=http://localhost:49152/git/SHORTD49A6DAE04F9E049850BD5601663FD17A5B7TSTEXC/shortd49a6dae04f9e049850bd5601663fd17a5b7tstexc-tests.git, solutionRepositoryUri=null, auxiliaryRepositoryUris=[Ljava.lang.String;@3c834810, auxiliaryRepositoryCheckoutDirectories=[Ljava.lang.String;@24a5b40e], jobTimingInfo=JobTimingInfo[submissionDate=2025-02-14T23:45:37.317968648Z[Etc/UTC], buildStartDate=2025-02-14T23:45:37.324534774Z[Etc/UTC], buildCompletionDate=2025-02-14T23:45:38.527225461Z[Etc/UTC], estimatedCompletionDate=2025-02-14T23:45:56.324506331Z[Etc/UTC], estimatedDuration=19], buildConfig=BuildConfig[buildScript=#!/bin/bash
cd /var/tmp/testing-dir
chmod +x ./gradlew
./gradlew clean test
, dockerImage=dummy-docker-image:latest, commitHashToBuild=c795243c185829bbefa399f45dcbcfac22311b2f, assignmentCommitHash=c795243c185829bbefa399f45dcbcfac22311b2f, testCommitHash=fa8b162170bf767d852e05e0eb7a128efa2e1f34, branch=main, programmingLanguage=JAVA, projectType=PLAIN_GRADLE, scaEnabled=false, sequentialTestRunsEnabled=false, resultPaths=[/var/tmp/testing-dir/**/test-results/test/*.xml], timeoutSeconds=0, assignmentCheckoutPath=null, testCheckoutPath=null, solutionCheckoutPath=null, dockerRunConfig=null], submissionResult=ResultDTO[id=633, completionDate=2025-02-14T23:45:38.476795726Z[Etc/UTC], successful=false, score=0.0, rated=true, submission=SubmissionDTO[id=827, submitted=true, type=MANUAL, exampleSubmission=null, submissionDate=2025-02-14T23:45:37.303401Z, commitHash=c795243c185829bbefa399f45dcbcfac22311b2f, buildFailed=false, buildArtifact=false, participation=ParticipationDTO[id=2011, testRun=false, type=template, submissionCount=null, exercise=ParticipationExerciseDTO[id=2603, exerciseType=PROGRAMMING, type=programming, assessmentType=AUTOMATIC, dueDate=2025-02-16T23:45:36.830269Z, assessmentDueDate=null, maxPoints=42.0, course=CourseDTO[id=986, accuracyOfScores=1]]], submissionExerciseType=programming, isProcessing=false, buildStartDate=null, estimatedCompletionDate=null], participation=ParticipationDTO[id=2011, testRun=false, type=template, submissionCount=null, exercise=ParticipationExerciseDTO[id=2603, exerciseType=PROGRAMMING, type=programming, assessmentType=AUTOMATIC, dueDate=2025-02-16T23:45:36.830269Z, assessmentDueDate=null, maxPoints=42.0, course=CourseDTO[id=986, accuracyOfScores=1]]], feedbacks=[FeedbackDTO[id=933, text=null, detailText=The exercise expects a class with the name Context in the package testpackage. You did not implement the class in the exercise., hasLongFeedbackText=false, reference=null, credits=0.0, positive=false, type=AUTOMATIC, visibility=ALWAYS, testCase=TestCaseDTO[testName=testMethods[Context], id=1383]], FeedbackDTO[id=934, text=null, detailText=The exercise expects a class with the name Policy in the package testpackage. You did not implement the class in the exercise., hasLongFeedbackText=false, reference=null, credits=0.0, positive=false, type=AUTOMATIC, visibility=ALWAYS, testCase=TestCaseDTO[testName=testMethods[Policy], id=1384]], FeedbackDTO[id=935, text=null, detailText=The exercise expects a class with the name SortStrategy in the package testpackage. You did not implement the class in the exercise., hasLongFeedbackText=false, reference=null, credits=0.0, positive=false, type=AUTOMATIC, visibility=ALWAYS, testCase=TestCaseDTO[testName=testMethods[SortStrategy], id=1385]], FeedbackDTO[id=936, text=null, detailText=The class 'MergeSort' does not implement the interface 'SortStrategy' as expected. Implement the interface and its methods., hasLongFeedbackText=false, reference=null, credits=0.0, positive=false, type=AUTOMATIC, visibility=ALWAYS, testCase=TestCaseDTO[testName=testClass[MergeSort], id=1380]], FeedbackDTO[id=937, text=null, detailText=The exercise expects a class with the name SortStrategy in the package testpackage. You did not implement the class in the exercise., hasLongFeedbackText=false, reference=null, credits=0.0, positive=false, type=AUTOMATIC, visibility=ALWAYS, testCase=TestCaseDTO[testName=testClass[SortStrategy], id=1377]], FeedbackDTO[id=938, text=null, detailText=The class 'BubbleSort' does not implement the interface 'SortStrategy' as expected. Implement the interface and its methods., hasLongFeedbackText=false, reference=null, credits=0.0, positive=false, type=AUTOMATIC, visibility=ALWAYS, testCase=TestCaseDTO[testName=testClass[BubbleSort], id=1381]], FeedbackDTO[id=939, text=null, detailText=MergeSort does not sort correctly, hasLongFeedbackText=false, reference=null, credits=0.0, positive=false, type=AUTOMATIC, visibility=ALWAYS, testCase=TestCaseDTO[testName=testMergeSort(), id=1386]], FeedbackDTO[id=940, text=null, detailText=The class 'Context' was not found within the submission. Make sure to implement it properly., hasLongFeedbackText=false, reference=null, credits=0.0, positive=false, type=AUTOMATIC, visibility=ALWAYS, testCase=TestCaseDTO[testName=testUseBubbleSortForSmallList(), id=1387]], FeedbackDTO[id=941, text=null, detailText=BubbleSort does not sort correctly, hasLongFeedbackText=false, reference=null, credits=0.0, positive=false, type=AUTOMATIC, visibility=ALWAYS, testCase=TestCaseDTO[testName=testBubbleSort(), id=1389]], FeedbackDTO[id=942, text=null, detailText=The class 'Context' was not found within the submission. Make sure to implement it properly., hasLongFeedbackText=false, reference=null, credits=0.0, positive=false, type=AUTOMATIC, visibility=ALWAYS, testCase=TestCaseDTO[testName=testUseMergeSortForBigList(), id=1388]], FeedbackDTO[id=943, text=null, detailText=The exercise expects a class with the name Policy in the package testpackage. You did not implement the class in the exercise., hasLongFeedbackText=false, reference=null, credits=0.0, positive=false, type=AUTOMATIC, visibility=ALWAYS, testCase=TestCaseDTO[testName=testConstructors[Policy], id=1382]], FeedbackDTO[id=944, text=null, detailText=The exercise expects a class with the name Context in the package testpackage. You did not implement the class in the exercise., hasLongFeedbackText=false, reference=null, credits=0.0, positive=false, type=AUTOMATIC, visibility=ALWAYS, testCase=TestCaseDTO[testName=testAttributes[Context], id=1378]], FeedbackDTO[id=945, text=null, detailText=The exercise expects a class with the name Policy in the package testpackage. You did not implement the class in the exercise., hasLongFeedbackText=false, reference=null, credits=0.0, positive=false, type=AUTOMATIC, visibility=ALWAYS, testCase=TestCaseDTO[testName=testAttributes[Policy], id=1379]]], assessmentType=AUTOMATIC, hasComplaint=null, exampleResult=null, testCaseCount=13, passedTestCaseCount=0, codeIssueCount=0]], BuildJobQueueItem[id=20171739576740018, name=SHORT7914AFA00ADC3047140B99D01AC07810CE44TSTEXC-LOCALVCCIINTSTUDENT1, buildAgent=BuildAgentDTO[name=artemis-build-agent-test, memberAddress=[127.0.0.1]:5703, displayName=artemis-build-agent-test], participationId=2017, courseId=988, exerciseId=2605, retryCount=0, priority=2, status=SUCCESSFUL, repositoryInfo=RepositoryInfo[repositoryName=short7914afa00adc3047140b99d01ac07810ce44tstexc-practice-localvcciintstudent1, repositoryType=user, triggeredByPushTo=user, assignmentRepositoryUri=http://localhost:49152/git/SHORT7914AFA00ADC3047140B99D01AC07810CE44TSTEXC/short7914afa00adc3047140b99d01ac07810ce44tstexc-practice-localvcciintstudent1.git, testRepositoryUri=http://localhost:49152/git/SHORT7914AFA00ADC3047140B99D01AC07810CE44TSTEXC/short7914afa00adc3047140b99d01ac07810ce44tstexc-tests.git, solutionRepositoryUri=null, auxiliaryRepositoryUris=[Ljava.lang.String;@131fe07, auxiliaryRepositoryCheckoutDirectories=[Ljava.lang.String;@5910802b], jobTimingInfo=JobTimingInfo[submissionDate=2025-02-14T23:45:40.018961253Z[Etc/UTC], buildStartDate=2025-02-14T23:45:40.029742701Z[Etc/UTC], buildCompletionDate=2025-02-14T23:45:41.150208242Z[Etc/UTC], estimatedCompletionDate=2025-02-14T23:45:59.029734065Z[Etc/UTC], estimatedDuration=19], buildConfig=BuildConfig[buildScript=#!/bin/bash
cd /var/tmp/testing-dir
chmod +x ./gradlew
./gradlew clean test
, dockerImage=dummy-docker-image:latest, commitHashToBuild=d80b57877989b971e83ccdb4863c8a7023c76266, assignmentCommitHash=d80b57877989b971e83ccdb4863c8a7023c76266, testCommitHash=327b116890c92b1312314341f43f21ef13ecf7d7, branch=main, programmingLanguage=JAVA, projectType=PLAIN_GRADLE, scaEnabled=false, sequentialTestRunsEnabled=false, resultPaths=[/var/tmp/testing-dir/**/test-results/test/*.xml], timeoutSeconds=0, assignmentCheckoutPath=null, testCheckoutPath=null, solutionCheckoutPath=null, dockerRunConfig=null], submissionResult=ResultDTO[id=634, completionDate=2025-02-14T23:45:41.120192603Z[Etc/UTC], successful=false, score=7.7, rated=false, submission=SubmissionDTO[id=828, submitted=true, type=MANUAL, exampleSubmission=null, submissionDate=2025-02-14T23:45:40.008666Z, commitHash=d80b57877989b971e83ccdb4863c8a7023c76266, buildFailed=false, buildArtifact=false, participation=ParticipationDTO[id=2017, testRun=true, type=programming, submissionCount=null, exercise=ParticipationExerciseDTO[id=2605, exerciseType=PROGRAMMING, type=programming, assessmentType=AUTOMATIC, dueDate=2025-02-16T23:45:39.523500Z, assessmentDueDate=null, maxPoints=42.0, course=CourseDTO[id=988, accuracyOfScores=1]]], submissionExerciseType=programming, isProcessing=false, buildStartDate=null, estimatedCompletionDate=null], participation=ParticipationDTO[id=2017, testRun=true, type=programming, submissionCount=null, exercise=ParticipationExerciseDTO[id=2605, exerciseType=PROGRAMMING, type=programming, assessmentType=AUTOMATIC, dueDate=2025-02-16T23:45:39.523500Z, assessmentDueDate=null, maxPoints=42.0, course=CourseDTO[id=988, accuracyOfScores=1]]], feedbacks=[FeedbackDTO[id=946, text=null, detailText=The exercise expects a class with the name Context in the package testpackage. You did not implement the class in the exercise., hasLongFeedbackText=false, reference=null, credits=0.0, positive=false, type=AUTOMATIC, visibility=ALWAYS, testCase=TestCaseDTO[testName=null, id=1409]], FeedbackDTO[id=947, text=null, detailText=The exercise expects a class with the name Policy in the package testpackage. You did not implement the class in the exercise., hasLongFeedbackText=false, reference=null, credits=0.0, positive=false, type=AUTOMATIC, visibility=ALWAYS, testCase=TestCaseDTO[testName=null, id=1410]], FeedbackDTO[id=948, text=null, detailText=The exercise expects a class with the name SortStrategy in the package testpackage. You did not implement the class in the exercise., hasLongFeedbackText=false, reference=null, credits=0.0, positive=false, type=AUTOMATIC, visibility=ALWAYS, testCase=TestCaseDTO[testName=null, id=1411]], FeedbackDTO[id=949, text=null, detailText=The class 'MergeSort' does not implement the interface 'SortStrategy' as expected. Implement the interface and its methods., hasLongFeedbackText=false, reference=null, credits=0.0, positive=false, type=AUTOMATIC, visibility=ALWAYS, testCase=TestCaseDTO[testName=null, id=1406]], FeedbackDTO[id=950, text=null, detailText=The exercise expects a class with the name SortStrategy in the package testpackage. You did not implement the class in the exercise., hasLongFeedbackText=false, reference=null, credits=0.0, positive=false, type=AUTOMATIC, visibility=ALWAYS, testCase=TestCaseDTO[testName=null, id=1403]], FeedbackDTO[id=951, text=null, detailText=The class 'BubbleSort' does not implement the interface 'SortStrategy' as expected. Implement the interface and its methods., hasLongFeedbackText=false, reference=null, credits=0.0, positive=false, type=AUTOMATIC, visibility=ALWAYS, testCase=TestCaseDTO[testName=null, id=1407]], FeedbackDTO[id=952, text=null, detailText=MergeSort does not sort correctly, hasLongFeedbackText=false, reference=null, credits=0.0, positive=false, type=AUTOMATIC, visibility=ALWAYS, testCase=TestCaseDTO[testName=null, id=1412]], FeedbackDTO[id=953, text=null, detailText=The class 'Context' was not found within the submission. Make sure to implement it properly., hasLongFeedbackText=false, reference=null, credits=0.0, positive=false, type=AUTOMATIC, visibility=ALWAYS, testCase=TestCaseDTO[testName=null, id=1413]], FeedbackDTO[id=954, text=null, detailText=The class 'Context' was not found within the submission. Make sure to implement it properly., hasLongFeedbackText=false, reference=null, credits=0.0, positive=false, type=AUTOMATIC, visibility=ALWAYS, testCase=TestCaseDTO[testName=null, id=1414]], FeedbackDTO[id=955, text=null, detailText=The exercise expects a class with the name Policy in the package testpackage. You did not implement the class in the exercise., hasLongFeedbackText=false, reference=null, credits=0.0, positive=false, type=AUTOMATIC, visibility=ALWAYS, testCase=TestCaseDTO[testName=null, id=1408]], FeedbackDTO[id=956, text=null, detailText=The exercise expects a class with the name Context in the package testpackage. You did not implement the class in the exercise., hasLongFeedbackText=false, reference=null, credits=0.0, positive=false, type=AUTOMATIC, visibility=ALWAYS, testCase=TestCaseDTO[testName=null, id=1404]], FeedbackDTO[id=957, text=null, detailText=The exercise expects a class with the name Policy in the package testpackage. You did not implement the class in the exercise., hasLongFeedbackText=false, reference=null, credits=0.0, positive=false, type=AUTOMATIC, visibility=ALWAYS, testCase=TestCaseDTO[testName=null, id=1405]], FeedbackDTO[id=958, text=null, detailText=null, hasLongFeedbackText=false, reference=null, credits=3.230769230769231, positive=true, type=AUTOMATIC, visibility=ALWAYS, testCase=TestCaseDTO[testName=null, id=1415]]], assessmentType=AUTOMATIC, hasComplaint=null, exampleResult=null, testCaseCount=13, passedTestCaseCount=1, codeIssueCount=0]], BuildJobQueueItem[id=20261739576743984, name=SHORT53C73BE505404043100AC2F00C039353CE8FTSTEXC-LOCALVCCIINTSTUDENT1, buildAgent=BuildAgentDTO[name=artemis-build-agent-test, memberAddress=[127.0.0.1]:5703, displayName=artemis-build-agent-test], participationId=2026, courseId=991, exerciseId=2608, retryCount=0, priority=1, status=SUCCESSFUL, repositoryInfo=RepositoryInfo[repositoryName=short53c73be505404043100ac2f00c039353ce8ftstexc-localvcciintstudent1, repositoryType=user, triggeredByPushTo=user, assignmentRepositoryUri=http://localhost:49152/git/SHORT53C73BE505404043100AC2F00C039353CE8FTSTEXC/short53c73be505404043100ac2f00c039353ce8ftstexc-localvcciintstudent1.git, testRepositoryUri=http://localhost:49152/git/SHORT53C73BE505404043100AC2F00C039353CE8FTSTEXC/short53c73be505404043100ac2f00c039353ce8ftstexc-tests.git, solutionRepositoryUri=null, auxiliaryRepositoryUris=[Ljava.lang.String;@7ff580d1, auxiliaryRepositoryCheckoutDirectories=[Ljava.lang.String;@76794ee5], jobTimingInfo=JobTimingInfo[submissionDate=2025-02-14T23:45:43.984518859Z[Etc/UTC], buildStartDate=2025-02-14T23:45:43.991385682Z[Etc/UTC], buildCompletionDate=2025-02-14T23:45:44.982059928Z[Etc/UTC], estimatedCompletionDate=2025-02-14T23:46:02.991380122Z[Etc/UTC], estimatedDuration=19], buildConfig=BuildConfig[buildScript=#!/bin/bash
cd /var/tmp/testing-dir
chmod +x ./gradlew
./gradlew clean test
, dockerImage=dummy-docker-image:latest, commitHashToBuild=3e90ae9fef2e44ffb41451a080bdaa6a44ad6848, assignmentCommitHash=3e90ae9fef2e44ffb41451a080bdaa6a44ad6848, testCommitHash=0582754c87aae13e640312855ce7dbe490ecb50c, branch=main, programmingLanguage=JAVA, projectType=PLAIN_GRADLE, scaEnabled=false, sequentialTestRunsEnabled=false, resultPaths=[/var/tmp/testing-dir/**/test-results/test/*.xml], timeoutSeconds=0, assignmentCheckoutPath=null, testCheckoutPath=null, solutionCheckoutPath=null, dockerRunConfig=null], submissionResult=ResultDTO[id=635, completionDate=2025-02-14T23:45:44.961313737Z[Etc/UTC], successful=false, score=7.7, rated=true, submission=SubmissionDTO[id=829, submitted=true, type=MANUAL, exampleSubmission=null, submissionDate=2025-02-14T23:45:43.967766Z, commitHash=3e90ae9fef2e44ffb41451a080bdaa6a44ad6848, buildFailed=false, buildArtifact=false, participation=ParticipationDTO[id=2026, testRun=false, type=programming, submissionCount=null, exercise=ParticipationExerciseDTO[id=2608, exerciseType=PROGRAMMING, type=programming, assessmentType=AUTOMATIC, dueDate=2025-02-16T23:45:43.597978Z, assessmentDueDate=null, maxPoints=42.0, course=CourseDTO[id=991, accuracyOfScores=1]]], submissionExerciseType=programming, isProcessing=false, buildStartDate=null, estimatedCompletionDate=null], participation=ParticipationDTO[id=2026, testRun=false, type=programming, submissionCount=null, exercise=ParticipationExerciseDTO[id=2608, exerciseType=PROGRAMMING, type=programming, assessmentType=AUTOMATIC, dueDate=2025-02-16T23:45:43.597978Z, assessmentDueDate=null, maxPoints=42.0, course=CourseDTO[id=991, accuracyOfScores=1]]], feedbacks=[FeedbackDTO[id=959, text=null, detailText=The exercise expects a class with the name Context in the package testpackage. You did not implement the class in the exercise., hasLongFeedbackText=false, reference=null, credits=0.0, positive=false, type=AUTOMATIC, visibility=ALWAYS, testCase=TestCaseDTO[testName=null, id=1448]], FeedbackDTO[id=960, text=null, detailText=The exercise expects a class with the name Policy in the package testpackage. You did not implement the class in the exercise., hasLongFeedbackText=false, reference=null, credits=0.0, positive=false, type=AUTOMATIC, visibility=ALWAYS, testCase=TestCaseDTO[testName=null, id=1449]], FeedbackDTO[id=961, text=null, detailText=The exercise expects a class with the name SortStrategy in the package testpackage. You did not implement the class in the exercise., hasLongFeedbackText=false, reference=null, credits=0.0, positive=false, type=AUTOMATIC, visibility=ALWAYS, testCase=TestCaseDTO[testName=null, id=1450]], FeedbackDTO[id=962, text=null, detailText=The class 'MergeSort' does not implement the interface 'SortStrategy' as expected. Implement the interface and its methods., hasLongFeedbackText=false, reference=null, credits=0.0, positive=false, type=AUTOMATIC, visibility=ALWAYS, testCase=TestCaseDTO[testName=null, id=1445]], FeedbackDTO[id=963, text=null, detailText=The exercise expects a class with the name SortStrategy in the package testpackage. You did not implement the class in the exercise., hasLongFeedbackText=false, reference=null, credits=0.0, positive=false, type=AUTOMATIC, visibility=ALWAYS, testCase=TestCaseDTO[testName=null, id=1442]], FeedbackDTO[id=964, text=null, detailText=The class 'BubbleSort' does not implement the interface 'SortStrategy' as expected. Implement the interface and its methods., hasLongFeedbackText=false, reference=null, credits=0.0, positive=false, type=AUTOMATIC, visibility=ALWAYS, testCase=TestCaseDTO[testName=null, id=1446]], FeedbackDTO[id=965, text=null, detailText=MergeSort does not sort correctly, hasLongFeedbackText=false, reference=null, credits=0.0, positive=false, type=AUTOMATIC, visibility=ALWAYS, testCase=TestCaseDTO[testName=null, id=1451]], FeedbackDTO[id=966, text=null, detailText=The class 'Context' was not found within the submission. Make sure to implement it properly., hasLongFeedbackText=false, reference=null, credits=0.0, positive=false, type=AUTOMATIC, visibility=ALWAYS, testCase=TestCaseDTO[testName=null, id=1452]], FeedbackDTO[id=967, text=null, detailText=The class 'Context' was not found within the submission. Make sure to implement it properly., hasLongFeedbackText=false, reference=null, credits=0.0, positive=false, type=AUTOMATIC, visibility=ALWAYS, testCase=TestCaseDTO[testName=null, id=1453]], FeedbackDTO[id=968, text=null, detailText=The exercise expects a class with the name Policy in the package testpackage. You did not implement the class in the exercise., hasLongFeedbackText=false, reference=null, credits=0.0, positive=false, type=AUTOMATIC, visibility=ALWAYS, testCase=TestCaseDTO[testName=null, id=1447]], FeedbackDTO[id=969, text=null, detailText=The exercise expects a class with the name Context in the package testpackage. You did not implement the class in the exercise., hasLongFeedbackText=false, reference=null, credits=0.0, positive=false, type=AUTOMATIC, visibility=ALWAYS, testCase=TestCaseDTO[testName=null, id=1443]], FeedbackDTO[id=970, text=null, detailText=The exercise expects a class with the name Policy in the package testpackage. You did not implement the class in the exercise., hasLongFeedbackText=false, reference=null, credits=0.0, positive=false, type=AUTOMATIC, visibility=ALWAYS, testCase=TestCaseDTO[testName=null, id=1444]], FeedbackDTO[id=971, text=null, detailText=null, hasLongFeedbackText=false, reference=null, credits=3.230769230769231, positive=true, type=AUTOMATIC, visibility=ALWAYS, testCase=TestCaseDTO[testName=null, id=1454]]], assessmentType=AUTOMATIC, hasComplaint=null, exampleResult=null, testCaseCount=13, passedTestCaseCount=1, codeIssueCount=0]], BuildJobQueueItem[id=20271739576746886, name=SHORT0FC863930E92904248098A506171F81CF6CFTSTEXC-SOLUTION, buildAgent=BuildAgentDTO[name=artemis-build-agent-test, memberAddress=[127.0.0.1]:5703, displayName=artemis-build-agent-test], participationId=2027, courseId=992, exerciseId=2609, retryCount=0, priority=2, status=SUCCESSFUL, repositoryInfo=RepositoryInfo[repositoryName=short0fc863930e92904248098a506171f81cf6cftstexc-solution, repositoryType=solution, triggeredByPushTo=auxiliary, assignmentRepositoryUri=http://localhost:49152/git/SHORT0FC863930E92904248098A506171F81CF6CFTSTEXC/short0fc863930e92904248098a506171f81cf6cftstexc-solution.git, testRepositoryUri=http://localhost:49152/git/SHORT0FC863930E92904248098A506171F81CF6CFTSTEXC/short0fc863930e92904248098a506171f81cf6cftstexc-tests.git, solutionRepositoryUri=null, auxiliaryRepositoryUris=[Ljava.lang.String;@78b657eb, auxiliaryRepositoryCheckoutDirectories=[Ljava.lang.String;@257a810e], jobTimingInfo=JobTimingInfo[submissionDate=2025-02-14T23:45:46.886984066Z[Etc/UTC], buildStartDate=2025-02-14T23:45:46.897709578Z[Etc/UTC], buildCompletionDate=2025-02-14T23:45:48.628460156Z[Etc/UTC], estimatedCompletionDate=2025-02-14T23:46:05.897701272Z[Etc/UTC], estimatedDuration=19], buildConfig=BuildConfig[buildScript=#!/bin/bash
cd /var/tmp/testing-dir
chmod +x ./gradlew
./gradlew clean test
, dockerImage=dummy-docker-image:latest, commitHashToBuild=null, assignmentCommitHash=115a2e943bee242fdad360b50d8ad5f30792577e, testCommitHash=9b3a9bd71a0d80e5bbc42204c319ed3d1d4f0d6d, branch=main, programmingLanguage=JAVA, projectType=PLAIN_GRADLE, scaEnabled=false, sequentialTestRunsEnabled=false, resultPaths=[/var/tmp/testing-dir/**/test-results/test/*.xml], timeoutSeconds=0, assignmentCheckoutPath=null, testCheckoutPath=null, solutionCheckoutPath=null, dockerRunConfig=null], submissionResult=ResultDTO[id=636, completionDate=2025-02-14T23:45:48.593370968Z[Etc/UTC], successful=true, score=100.0, rated=true, submission=SubmissionDTO[id=830, submitted=true, type=TEST, exampleSubmission=null, submissionDate=2025-02-14T23:45:46.873671Z, commitHash=9b3a9bd71a0d80e5bbc42204c319ed3d1d4f0d6d, buildFailed=false, buildArtifact=false, participation=ParticipationDTO[id=2027, testRun=false, type=solution, submissionCount=null, exercise=ParticipationExerciseDTO[id=2609, exerciseType=PROGRAMMING, type=programming, assessmentType=AUTOMATIC, dueDate=2025-02-16T23:45:46.386304Z, assessmentDueDate=null, maxPoints=42.0, course=CourseDTO[id=992, accuracyOfScores=1]]], submissionExerciseType=programming, isProcessing=false, buildStartDate=null, estimatedCompletionDate=null], participation=ParticipationDTO[id=2027, testRun=false, type=solution, submissionCount=null, exercise=ParticipationExerciseDTO[id=2609, exerciseType=PROGRAMMING, type=programming, assessmentType=AUTOMATIC, dueDate=2025-02-16T23:45:46.386304Z, assessmentDueDate=null, maxPoints=42.0, course=CourseDTO[id=992, accuracyOfScores=1]]], feedbacks=[FeedbackDTO[id=972, text=null, detailText=null, hasLongFeedbackText=false, reference=null, credits=3.230769230769231, positive=true, type=AUTOMATIC, visibility=ALWAYS, testCase=TestCaseDTO[testName=testMethods[Context], id=1461]], FeedbackDTO[id=973, text=null, detailText=null, hasLongFeedbackText=false, reference=null, credits=3.230769230769231, positive=true, type=AUTOMATIC, visibility=ALWAYS, testCase=TestCaseDTO[testName=testMethods[Policy], id=1462]], FeedbackDTO[id=974, text=null, detailText=null, hasLongFeedbackText=false, reference=null, credits=3.230769230769231, positive=true, type=AUTOMATIC, visibility=ALWAYS, testCase=TestCaseDTO[testName=testMethods[SortStrategy], id=1463]], FeedbackDTO[id=975, text=null, detailText=null, hasLongFeedbackText=false, reference=null, credits=3.230769230769231, positive=true, type=AUTOMATIC, visibility=ALWAYS, testCase=TestCaseDTO[testName=testClass[MergeSort], id=1458]], FeedbackDTO[id=976, text=null, detailText=null, hasLongFeedbackText=false, reference=null, credits=3.230769230769231, positive=true, type=AUTOMATIC, visibility=ALWAYS, testCase=TestCaseDTO[testName=testClass[SortStrategy], id=1455]], FeedbackDTO[id=977, text=null, detailText=null, hasLongFeedbackText=false, reference=null, credits=3.230769230769231, positive=true, type=AUTOMATIC, visibility=ALWAYS, testCase=TestCaseDTO[testName=testClass[BubbleSort], id=1459]], FeedbackDTO[id=978, text=null, detailText=null, hasLongFeedbackText=false, reference=null, credits=3.230769230769231, positive=true, type=AUTOMATIC, visibility=ALWAYS, testCase=TestCaseDTO[testName=testMergeSort(), id=1464]], FeedbackDTO[id=979, text=null, detailText=null, hasLongFeedbackText=false, reference=null, credits=3.230769230769231, positive=true, type=AUTOMATIC, visibility=ALWAYS, testCase=TestCaseDTO[testName=testUseBubbleSortForSmallList(), id=1465]], FeedbackDTO[id=980, text=null, detailText=null, hasLongFeedbackText=false, reference=null, credits=3.230769230769231, positive=true, type=AUTOMATIC, visibility=ALWAYS, testCase=TestCaseDTO[testName=testBubbleSort(), id=1467]], FeedbackDTO[id=981, text=null, detailText=null, hasLongFeedbackText=false, reference=null, credits=3.230769230769231, positive=true, type=AUTOMATIC, visibility=ALWAYS, testCase=TestCaseDTO[testName=testUseMergeSortForBigList(), id=1466]], FeedbackDTO[id=982, text=null, detailText=null, hasLongFeedbackText=false, reference=null, credits=3.230769230769231, positive=true, type=AUTOMATIC, visibility=ALWAYS, testCase=TestCaseDTO[testName=testConstructors[Policy], id=1460]], FeedbackDTO[id=983, text=null, detailText=null, hasLongFeedbackText=false, reference=null, credits=3.230769230769231, positive=true, type=AUTOMATIC, visibility=ALWAYS, testCase=TestCaseDTO[testName=testAttributes[Context], id=1456]], FeedbackDTO[id=984, text=null, detailText=null, hasLongFeedbackText=false, reference=null, credits=3.230769230769231, positive=true, type=AUTOMATIC, visibility=ALWAYS, testCase=TestCaseDTO[testName=testAttributes[Policy], id=1457]]], assessmentType=AUTOMATIC, hasComplaint=null, exampleResult=null, testCaseCount=13, passedTestCaseCount=13, codeIssueCount=0]], BuildJobQueueItem[id=20281739576748768, name=SHORT0FC863930E92904248098A506171F81CF6CFTSTEXC-BASE, buildAgent=BuildAgentDTO[name=artemis-build-agent-test, memberAddress=[127.0.0.1]:5703, displayName=artemis-build-agent-test], participationId=2028, courseId=992, exerciseId=2609, retryCount=0, priority=2, status=SUCCESSFUL, repositoryInfo=RepositoryInfo[repositoryName=short0fc863930e92904248098a506171f81cf6cftstexc-exercise, repositoryType=exercise, triggeredByPushTo=auxiliary, assignmentRepositoryUri=http://localhost:49152/git/SHORT0FC863930E92904248098A506171F81CF6CFTSTEXC/short0fc863930e92904248098a506171f81cf6cftstexc-exercise.git, testRepositoryUri=http://localhost:49152/git/SHORT0FC863930E92904248098A506171F81CF6CFTSTEXC/short0fc863930e92904248098a506171f81cf6cftstexc-tests.git, solutionRepositoryUri=null, auxiliaryRepositoryUris=[Ljava.lang.String;@765a7e78, auxiliaryRepositoryCheckoutDirectories=[Ljava.lang.String;@4a680830], jobTimingInfo=JobTimingInfo[submissionDate=2025-02-14T23:45:48.768063548Z[Etc/UTC], buildStartDate=2025-02-14T23:45:48.802531989Z[Etc/UTC], buildCompletionDate=2025-02-14T23:45:50.482681367Z[Etc/UTC], estimatedCompletionDate=2025-02-14T23:45:50.802523092Z[Etc/UTC], estimatedDuration=2], buildConfig=BuildConfig[buildScript=#!/bin/bash
cd /var/tmp/testing-dir
chmod +x ./gradlew
./gradlew clean test
, dockerImage=dummy-docker-image:latest, commitHashToBuild=9b3a9bd71a0d80e5bbc42204c319ed3d1d4f0d6d, assignmentCommitHash=115a2e943bee242fdad360b50d8ad5f30792577e, testCommitHash=9b3a9bd71a0d80e5bbc42204c319ed3d1d4f0d6d, branch=main, programmingLanguage=JAVA, projectType=PLAIN_GRADLE, scaEnabled=false, sequentialTestRunsEnabled=false, resultPaths=[/var/tmp/testing-dir/**/test-results/test/*.xml], timeoutSeconds=0, assignmentCheckoutPath=null, testCheckoutPath=null, solutionCheckoutPath=null, dockerRunConfig=null], submissionResult=ResultDTO[id=637, completionDate=2025-02-14T23:45:50.449084694Z[Etc/UTC], successful=false, score=0.0, rated=true, submission=SubmissionDTO[id=831, submitted=true, type=TEST, exampleSubmission=null, submissionDate=2025-02-14T23:45:48.761177Z, commitHash=9b3a9bd71a0d80e5bbc42204c319ed3d1d4f0d6d, buildFailed=false, buildArtifact=false, participation=ParticipationDTO[id=2028, testRun=false, type=template, submissionCount=null, exercise=ParticipationExerciseDTO[id=2609, exerciseType=PROGRAMMING, type=programming, assessmentType=AUTOMATIC, dueDate=2025-02-16T23:45:46.386304Z, assessmentDueDate=null, maxPoints=42.0, course=CourseDTO[id=992, accuracyOfScores=1]]], submissionExerciseType=programming, isProcessing=false, buildStartDate=null, estimatedCompletionDate=null], participation=ParticipationDTO[id=2028, testRun=false, type=template, submissionCount=null, exercise=ParticipationExerciseDTO[id=2609, exerciseType=PROGRAMMING, type=programming, assessmentType=AUTOMATIC, dueDate=2025-02-16T23:45:46.386304Z, assessmentDueDate=null, maxPoints=42.0, course=CourseDTO[id=992, accuracyOfScores=1]]], feedbacks=[FeedbackDTO[id=985, text=null, detailText=The exercise expects a class with the name Context in the package testpackage. You did not implement the class in the exercise., hasLongFeedbackText=false, reference=null, credits=0.0, positive=false, type=AUTOMATIC, visibility=ALWAYS, testCase=TestCaseDTO[testName=testMethods[Context], id=1461]], FeedbackDTO[id=986, text=null, detailText=The exercise expects a class with the name Policy in the package testpackage. You did not implement the class in the exercise., hasLongFeedbackText=false, reference=null, credits=0.0, positive=false, type=AUTOMATIC, visibility=ALWAYS, testCase=TestCaseDTO[testName=testMethods[Policy], id=1462]], FeedbackDTO[id=987, text=null, detailText=The exercise expects a class with the name SortStrategy in the package testpackage. You did not implement the class in the exercise., hasLongFeedbackText=false, reference=null, credits=0.0, positive=false, type=AUTOMATIC, visibility=ALWAYS, testCase=TestCaseDTO[testName=testMethods[SortStrategy], id=1463]], FeedbackDTO[id=988, text=null, detailText=The class 'MergeSort' does not implement the interface 'SortStrategy' as expected. Implement the interface and its methods., hasLongFeedbackText=false, reference=null, credits=0.0, positive=false, type=AUTOMATIC, visibility=ALWAYS, testCase=TestCaseDTO[testName=testClass[MergeSort], id=1458]], FeedbackDTO[id=989, text=null, detailText=The exercise expects a class with the name SortStrategy in the package testpackage. You did not implement the class in the exercise., hasLongFeedbackText=false, reference=null, credits=0.0, positive=false, type=AUTOMATIC, visibility=ALWAYS, testCase=TestCaseDTO[testName=testClass[SortStrategy], id=1455]], FeedbackDTO[id=990, text=null, detailText=The class 'BubbleSort' does not implement the interface 'SortStrategy' as expected. Implement the interface and its methods., hasLongFeedbackText=false, reference=null, credits=0.0, positive=false, type=AUTOMATIC, visibility=ALWAYS, testCase=TestCaseDTO[testName=testClass[BubbleSort], id=1459]], FeedbackDTO[id=991, text=null, detailText=MergeSort does not sort correctly, hasLongFeedbackText=false, reference=null, credits=0.0, positive=false, type=AUTOMATIC, visibility=ALWAYS, testCase=TestCaseDTO[testName=testMergeSort(), id=1464]], FeedbackDTO[id=992, text=null, detailText=The class 'Context' was not found within the submission. Make sure to implement it properly., hasLongFeedbackText=false, reference=null, credits=0.0, positive=false, type=AUTOMATIC, visibility=ALWAYS, testCase=TestCaseDTO[testName=testUseBubbleSortForSmallList(), id=1465]], FeedbackDTO[id=993, text=null, detailText=BubbleSort does not sort correctly, hasLongFeedbackText=false, reference=null, credits=0.0, positive=false, type=AUTOMATIC, visibility=ALWAYS, testCase=TestCaseDTO[testName=testBubbleSort(), id=1467]], FeedbackDTO[id=994, text=null, detailText=The class 'Context' was not found within the submission. Make sure to implement it properly., hasLongFeedbackText=false, reference=null, credits=0.0, positive=false, type=AUTOMATIC, visibility=ALWAYS, testCase=TestCaseDTO[testName=testUseMergeSortForBigList(), id=1466]], FeedbackDTO[id=995, text=null, detailText=The exercise expects a class with the name Policy in the package testpackage. You did not implement the class in the exercise., hasLongFeedbackText=false, reference=null, credits=0.0, positive=false, type=AUTOMATIC, visibility=ALWAYS, testCase=TestCaseDTO[testName=testConstructors[Policy], id=1460]], FeedbackDTO[id=996, text=null, detailText=The exercise expects a class with the name Context in the package testpackage. You did not implement the class in the exercise., hasLongFeedbackText=false, reference=null, credits=0.0, positive=false, type=AUTOMATIC, visibility=ALWAYS, testCase=TestCaseDTO[testName=testAttributes[Context], id=1456]], FeedbackDTO[id=997, text=null, detailText=The exercise expects a class with the name Policy in the package testpackage. You did not implement the class in the exercise., hasLongFeedbackText=false, reference=null, credits=0.0, positive=false, type=AUTOMATIC, visibility=ALWAYS, testCase=TestCaseDTO[testName=testAttributes[Policy], id=1457]]], assessmentType=AUTOMATIC, hasComplaint=null, exampleResult=null, testCaseCount=13, passedTestCaseCount=0, codeIssueCount=0]], BuildJobQueueItem[id=20291739576751299, name=SHORT716C2EC10B19B049C80A2F00B97EAB20B2A9TSTEXC-SOLUTION, buildAgent=BuildAgentDTO[name=artemis-build-agent-test, memberAddress=[127.0.0.1]:5703, displayName=artemis-build-agent-test], participationId=2029, courseId=993, exerciseId=2610, retryCount=0, priority=2, status=SUCCESSFUL, repositoryInfo=RepositoryInfo[repositoryName=short716c2ec10b19b049c80a2f00b97eab20b2a9tstexc-solution, repositoryType=solution, triggeredByPushTo=tests, assignmentRepositoryUri=http://localhost:49152/git/SHORT716C2EC10B19B049C80A2F00B97EAB20B2A9TSTEXC/short716c2ec10b19b049c80a2f00b97eab20b2a9tstexc-solution.git, testRepositoryUri=http://localhost:49152/git/SHORT716C2EC10B19B049C80A2F00B97EAB20B2A9TSTEXC/short716c2ec10b19b049c80a2f00b97eab20b2a9tstexc-tests.git, solutionRepositoryUri=null, auxiliaryRepositoryUris=[Ljava.lang.String;@2b1799, auxiliaryRepositoryCheckoutDirectories=[Ljava.lang.String;@71a88463], jobTimingInfo=JobTimingInfo[submissionDate=2025-02-14T23:45:51.299892174Z[Etc/UTC], buildStartDate=2025-02-14T23:45:51.314028505Z[Etc/UTC], buildCompletionDate=2025-02-14T23:45:52.158312850Z[Etc/UTC], estimatedCompletionDate=2025-02-14T23:46:10.314021752Z[Etc/UTC], estimatedDuration=19], buildConfig=BuildConfig[buildScript=#!/bin/bash
cd /var/tmp/testing-dir
chmod +x ./gradlew
./gradlew clean test
, dockerImage=dummy-docker-image:latest, commitHashToBuild=1e531733ed6e9237f710b528d1eb0b7beac565fd, assignmentCommitHash=815e279f12ad296b4f24c44134a07293c04c010f, testCommitHash=1e531733ed6e9237f710b528d1eb0b7beac565fd, branch=main, programmingLanguage=JAVA, projectType=PLAIN_GRADLE, scaEnabled=false, sequentialTestRunsEnabled=false, resultPaths=[/var/tmp/testing-dir/**/test-results/test/*.xml], timeoutSeconds=0, assignmentCheckoutPath=null, testCheckoutPath=null, solutionCheckoutPath=null, dockerRunConfig=null], submissionResult=ResultDTO[id=638, completionDate=2025-02-14T23:45:52.146826070Z[Etc/UTC], successful=true, score=100.0, rated=true, submission=SubmissionDTO[id=832, submitted=true, type=TEST, exampleSubmission=null, submissionDate=2025-02-14T23:45:51.275713Z, commitHash=1e531733ed6e9237f710b528d1eb0b7beac565fd, buildFailed=false, buildArtifact=false, participation=ParticipationDTO[id=2029, testRun=false, type=solution, submissionCount=null, exercise=ParticipationExerciseDTO[id=2610, exerciseType=PROGRAMMING, type=programming, assessmentType=AUTOMATIC, dueDate=2025-02-16T23:45:50.869093Z, assessmentDueDate=null, maxPoints=42.0, course=CourseDTO[id=993, accuracyOfScores=1]]], submissionExerciseType=programming, isProcessing=false, buildStartDate=null, estimatedCompletionDate=null], participation=ParticipationDTO[id=2029, testRun=false, type=solution, submissionCount=null, exercise=ParticipationExerciseDTO[id=2610, exerciseType=PROGRAMMING, type=programming, assessmentType=AUTOMATIC, dueDate=2025-02-16T23:45:50.869093Z, assessmentDueDate=null, maxPoints=42.0, course=CourseDTO[id=993, accuracyOfScores=1]]], feedbacks=[FeedbackDTO[id=998, text=null, detailText=null, hasLongFeedbackText=false, reference=null, credits=3.230769230769231, positive=true, type=AUTOMATIC, visibility=ALWAYS, testCase=TestCaseDTO[testName=testMethods[Context], id=1474]], FeedbackDTO[id=999, text=null, detailText=null, hasLongFeedbackText=false, reference=null, credits=3.230769230769231, positive=true, type=AUTOMATIC, visibility=ALWAYS, testCase=TestCaseDTO[testName=testMethods[Policy], id=1475]], FeedbackDTO[id=1000, text=null, detailText=null, hasLongFeedbackText=false, reference=null, credits=3.230769230769231, positive=true, type=AUTOMATIC, visibility=ALWAYS, testCase=TestCaseDTO[testName=testMethods[SortStrategy], id=1476]], FeedbackDTO[id=1001, text=null, detailText=null, hasLongFeedbackText=false, reference=null, credits=3.230769230769231, positive=true, type=AUTOMATIC, visibility=ALWAYS, testCase=TestCaseDTO[testName=testClass[MergeSort], id=1471]], FeedbackDTO[id=1002, text=null, detailText=null, hasLongFeedbackText=false, reference=null, credits=3.230769230769231, positive=true, type=AUTOMATIC, visibility=ALWAYS, testCase=TestCaseDTO[testName=testClass[SortStrategy], id=1468]], FeedbackDTO[id=1003, text=null, detailText=null, hasLongFeedbackText=false, reference=null, credits=3.230769230769231, positive=true, type=AUTOMATIC, visibility=ALWAYS, testCase=TestCaseDTO[testName=testClass[BubbleSort], id=1472]], FeedbackDTO[id=1004, text=null, detailText=null, hasLongFeedbackText=false, reference=null, credits=3.230769230769231, positive=true, type=AUTOMATIC, visibility=ALWAYS, testCase=TestCaseDTO[testName=testMergeSort(), id=1477]], FeedbackDTO[id=1005, text=null, detailText=null, hasLongFeedbackText=false, reference=null, credits=3.230769230769231, positive=true, type=AUTOMATIC, visibility=ALWAYS, testCase=TestCaseDTO[testName=testUseBubbleSortForSmallList(), id=1478]], FeedbackDTO[id=1006, text=null, detailText=null, hasLongFeedbackText=false, reference=null, credits=3.230769230769231, positive=true, type=AUTOMATIC, visibility=ALWAYS, testCase=TestCaseDTO[testName=testBubbleSort(), id=1480]], FeedbackDTO[id=1007, text=null, detailText=null, hasLongFeedbackText=false, reference=null, credits=3.230769230769231, positive=true, type=AUTOMATIC, visibility=ALWAYS, testCase=TestCaseDTO[testName=testUseMergeSortForBigList(), id=1479]], FeedbackDTO[id=1008, text=null, detailText=null, hasLongFeedbackText=false, reference=null, credits=3.230769230769231, positive=true, type=AUTOMATIC, visibility=ALWAYS, testCase=TestCaseDTO[testName=testConstructors[Policy], id=1473]], FeedbackDTO[id=1009, text=null, detailText=null, hasLongFeedbackText=false, reference=null, credits=3.230769230769231, positive=true, type=AUTOMATIC, visibility=ALWAYS, testCase=TestCaseDTO[testName=testAttributes[Context], id=1469]], FeedbackDTO[id=1010, text=null, detailText=null, hasLongFeedbackText=false, reference=null, credits=3.230769230769231, positive=true, type=AUTOMATIC, visibility=ALWAYS, testCase=TestCaseDTO[testName=testAttributes[Policy], id=1470]]], assessmentType=AUTOMATIC, hasComplaint=null, exampleResult=null, testCaseCount=13, passedTestCaseCount=13, codeIssueCount=0]], BuildJobQueueItem[id=20301739576752239, name=SHORT716C2EC10B19B049C80A2F00B97EAB20B2A9TSTEXC-BASE, buildAgent=BuildAgentDTO[name=artemis-build-agent-test, memberAddress=[127.0.0.1]:5703, displayName=artemis-build-agent-test], participationId=2030, courseId=993, exerciseId=2610, retryCount=0, priority=2, status=SUCCESSFUL, repositoryInfo=RepositoryInfo[repositoryName=short716c2ec10b19b049c80a2f00b97eab20b2a9tstexc-exercise, repositoryType=exercise, triggeredByPushTo=tests, assignmentRepositoryUri=http://localhost:49152/git/SHORT716C2EC10B19B049C80A2F00B97EAB20B2A9TSTEXC/short716c2ec10b19b049c80a2f00b97eab20b2a9tstexc-exercise.git, testRepositoryUri=http://localhost:49152/git/SHORT716C2EC10B19B049C80A2F00B97EAB20B2A9TSTEXC/short716c2ec10b19b049c80a2f00b97eab20b2a9tstexc-tests.git, solutionRepositoryUri=null, auxiliaryRepositoryUris=[Ljava.lang.String;@54249d90, auxiliaryRepositoryCheckoutDirectories=[Ljava.lang.String;@5e8736ac], jobTimingInfo=JobTimingInfo[submissionDate=2025-02-14T23:45:52.239402475Z[Etc/UTC], buildStartDate=2025-02-14T23:45:52.258713639Z[Etc/UTC], buildCompletionDate=2025-02-14T23:45:53.238773956Z[Etc/UTC], estimatedCompletionDate=2025-02-14T23:45:53.258707428Z[Etc/UTC], estimatedDuration=1], buildConfig=BuildConfig[buildScript=#!/bin/bash
cd /var/tmp/testing-dir
chmod +x ./gradlew
./gradlew clean test
, dockerImage=dummy-docker-image:latest, commitHashToBuild=1e531733ed6e9237f710b528d1eb0b7beac565fd, assignmentCommitHash=815e279f12ad296b4f24c44134a07293c04c010f, testCommitHash=1e531733ed6e9237f710b528d1eb0b7beac565fd, branch=main, programmingLanguage=JAVA, projectType=PLAIN_GRADLE, scaEnabled=false, sequentialTestRunsEnabled=false, resultPaths=[/var/tmp/testing-dir/**/test-results/test/*.xml], timeoutSeconds=0, assignmentCheckoutPath=null, testCheckoutPath=null, solutionCheckoutPath=null, dockerRunConfig=null], submissionResult=null]], publicSshKey=ssh-rsa AAAAB3NzaC1yc2EAAAADAQABAAACAQCOPdMsxRE2jFJ/UEa5/LsBxtwzJcrh3/rYBCQvcMeVpiRfhzQPWu7mrt/G2Ew+i+vRloGH9aqKg6dd1liRncao53Zmd/ePxoatXePNhmzTfkCkcSkTUz7B+QMjkoDDV5jwuFPD6mF3JkhuzSi64n9Zy905t4w2IhVcjM2mL3eYNjiCXt6Qpq3Pkt7dM/Ksw1nxnvuiIALuJLB3FTkXkHqq3PJav+9HSq2r6ZaWgekneaGxlQlb+U+Vy3XOuArKAzK8c8i+0bR+AHiTG6ncYXt7ax3U+TdlDTF7OLP3umwaYjs1NBXOHwG42pevvpKn2fqavZZozk+M05jXLx3bq0O7itxfErWc7etky8qYPyyIMF/txQIVLd78+Ze4d7Y60t5MGbXM5cGE6fFif5fEJwgswXD+BrG0cafz1CTatjSKFdvp8Vp4VszXhHDan1PrP6JEFJ5Cc5GDmLRZPCFa3vL9f5qXgf4bkqKN8MYeEujwJE5nMRWoiJVNakix2bcrrneQMBlnYeYZVWXXXUusAQBzl4NgddC1umZpihZkL1b1MffZAUW3EGEXi7KHnllQhkTLLsQ8ntMgbylqaJKStqaXlLvdeRJcEnUuiFCrHEVVbXRFZR7XVDZ02CE5o3MuaRPty8Kh+jRTF3COlAckHwYEJCNNJvXFgb2CNXL4mjzYDw== test@localhost]
    23:45:53.310 | 566 localvc.event-13 | DEBUG | s.l.LocalCIWebsocketMessagingService : Sending message on topic /topic/admin/build-agents: [BuildAgentInformation[buildAgent=BuildAgentDTO[name=artemis-build-agent-test, memberAddress=[127.0.0.1]:5703, displayName=artemis-build-agent-test], maxNumberOfConcurrentBuildJobs=1, numberOfCurrentBuildJobs=0, runningBuildJobs=[], status=IDLE, recentBuildJobs=null, publicSshKey=null]]

  Starting logs for StudentExamAccessServiceTest > testExamExists()
    23:45:53.310 | 566 localvc.event-13 | DEBUG | s.l.LocalCIWebsocketMessagingService : Sending message on topic /topic/admin/build-agent/artemis-build-agent-test: BuildAgentInformation[buildAgent=BuildAgentDTO[name=artemis-build-agent-test, memberAddress=[127.0.0.1]:5703, displayName=artemis-build-agent-test], maxNumberOfConcurrentBuildJobs=1, numberOfCurrentBuildJobs=0, runningBuildJobs=[], status=IDLE, recentBuildJobs=[BuildJobQueueItem[id=19141739576708030, name=SHORT5F02A8F400311042E70858306EB148073CFDTSTEXC-LOCALVCINTSTUDENT1, buildAgent=BuildAgentDTO[name=artemis-build-agent-test, memberAddress=[127.0.0.1]:5703, displayName=artemis-build-agent-test], participationId=1914, courseId=947, exerciseId=2564, retryCount=0, priority=2, status=FAILED, repositoryInfo=RepositoryInfo[repositoryName=short5f02a8f400311042e70858306eb148073cfdtstexc-localvcintstudent1, repositoryType=user, triggeredByPushTo=user, assignmentRepositoryUri=http://localhost:49152/git/SHORT5F02A8F400311042E70858306EB148073CFDTSTEXC/short5f02a8f400311042e70858306eb148073cfdtstexc-localvcintstudent1.git, testRepositoryUri=http://localhost:49152/git/SHORT5F02A8F400311042E70858306EB148073CFDTSTEXC/short5f02a8f400311042e70858306eb148073cfdtstexc-tests.git, solutionRepositoryUri=null, auxiliaryRepositoryUris=[Ljava.lang.String;@43cea1ff, auxiliaryRepositoryCheckoutDirectories=[Ljava.lang.String;@241bcd7c], jobTimingInfo=JobTimingInfo[submissionDate=2025-02-14T23:45:08.030118216Z[Etc/UTC], buildStartDate=2025-02-14T23:45:08.041011412Z[Etc/UTC], buildCompletionDate=2025-02-14T23:45:08.054603331Z[Etc/UTC], estimatedCompletionDate=2025-02-14T23:45:27.041005080Z[Etc/UTC], estimatedDuration=19], buildConfig=BuildConfig[buildScript=#!/bin/bash
cd /var/tmp/testing-dir
chmod +x ./gradlew
./gradlew clean test
, dockerImage=dummy-docker-image:latest, commitHashToBuild=6e7146cac5059504aa9d170ec3fa23aec740bb51, assignmentCommitHash=6e7146cac5059504aa9d170ec3fa23aec740bb51, testCommitHash=931e5303581c7a2f01339ba603cfafbfe668b901, branch=main, programmingLanguage=JAVA, projectType=PLAIN_GRADLE, scaEnabled=false, sequentialTestRunsEnabled=false, resultPaths=[/var/tmp/testing-dir/**/test-results/test/*.xml], timeoutSeconds=0, assignmentCheckoutPath=null, testCheckoutPath=null, solutionCheckoutPath=null, dockerRunConfig=null], submissionResult=ResultDTO[id=622, completionDate=2025-02-14T23:45:08.054683681Z[Etc/UTC], successful=false, score=0.0, rated=true, submission=SubmissionDTO[id=814, submitted=true, type=MANUAL, exampleSubmission=null, submissionDate=2025-02-14T23:45:08.016200Z, commitHash=6e7146cac5059504aa9d170ec3fa23aec740bb51, buildFailed=true, buildArtifact=false, participation=ParticipationDTO[id=1914, testRun=false, type=programming, submissionCount=null, exercise=ParticipationExerciseDTO[id=2564, exerciseType=PROGRAMMING, type=programming, assessmentType=AUTOMATIC, dueDate=2025-02-16T23:45:07.324348Z, assessmentDueDate=null, maxPoints=42.0, course=CourseDTO[id=947, accuracyOfScores=1]]], submissionExerciseType=programming, isProcessing=false, buildStartDate=null, estimatedCompletionDate=null], participation=ParticipationDTO[id=1914, testRun=false, type=programming, submissionCount=null, exercise=ParticipationExerciseDTO[id=2564, exerciseType=PROGRAMMING, type=programming, assessmentType=AUTOMATIC, dueDate=2025-02-16T23:45:07.324348Z, assessmentDueDate=null, maxPoints=42.0, course=CourseDTO[id=947, accuracyOfScores=1]]], feedbacks=[], assessmentType=AUTOMATIC, hasComplaint=null, exampleResult=null, testCaseCount=0, passedTestCaseCount=0, codeIssueCount=0]], BuildJobQueueItem[id=19361739576711303, name=SHORT9AFDAE3804CA304DDF0889A0CB0F56104A86TSTEXC-LOCALVCINTSTUDENT1, buildAgent=BuildAgentDTO[name=artemis-build-agent-test, memberAddress=[127.0.0.1]:5703, displayName=artemis-build-agent-test], participationId=1936, courseId=956, exerciseId=2573, retryCount=0, priority=2, status=FAILED, repositoryInfo=RepositoryInfo[repositoryName=short9afdae3804ca304ddf0889a0cb0f56104a86tstexc-localvcintstudent1, repositoryType=user, triggeredByPushTo=user, assignmentRepositoryUri=http://localhost:49152/git/SHORT9AFDAE3804CA304DDF0889A0CB0F56104A86TSTEXC/short9afdae3804ca304ddf0889a0cb0f56104a86tstexc-localvcintstudent1.git, testRepositoryUri=http://localhost:49152/git/SHORT9AFDAE3804CA304DDF0889A0CB0F56104A86TSTEXC/short9afdae3804ca304ddf0889a0cb0f56104a86tstexc-tests.git, solutionRepositoryUri=null, auxiliaryRepositoryUris=[Ljava.lang.String;@61bf8d70, auxiliaryRepositoryCheckoutDirectories=[Ljava.lang.String;@61d9e5c9], jobTimingInfo=JobTimingInfo[submissionDate=2025-02-14T23:45:11.303805653Z[Etc/UTC], buildStartDate=2025-02-14T23:45:11.310981356Z[Etc/UTC], buildCompletionDate=2025-02-14T23:45:11.319178384Z[Etc/UTC], estimatedCompletionDate=2025-02-14T23:45:30.310974944Z[Etc/UTC], estimatedDuration=19], buildConfig=BuildConfig[buildScript=#!/bin/bash
cd /var/tmp/testing-dir
chmod +x ./gradlew
./gradlew clean test
, dockerImage=dummy-docker-image:latest, commitHashToBuild=a1099e378cffde441ef85f9b12577ca174b8e1e4, assignmentCommitHash=a1099e378cffde441ef85f9b12577ca174b8e1e4, testCommitHash=bd38d61c299ab11a1dea82a3ca5493fe04d97d47, branch=main, programmingLanguage=JAVA, projectType=PLAIN_GRADLE, scaEnabled=false, sequentialTestRunsEnabled=false, resultPaths=[/var/tmp/testing-dir/**/test-results/test/*.xml], timeoutSeconds=0, assignmentCheckoutPath=null, testCheckoutPath=null, solutionCheckoutPath=null, dockerRunConfig=null], submissionResult=ResultDTO[id=623, completionDate=2025-02-14T23:45:11.319278430Z[Etc/UTC], successful=false, score=0.0, rated=true, submission=SubmissionDTO[id=815, submitted=true, type=MANUAL, exampleSubmission=null, submissionDate=2025-02-14T23:45:11.294386Z, commitHash=a1099e378cffde441ef85f9b12577ca174b8e1e4, buildFailed=true, buildArtifact=false, participation=ParticipationDTO[id=1936, testRun=false, type=programming, submissionCount=null, exercise=ParticipationExerciseDTO[id=2573, exerciseType=PROGRAMMING, type=programming, assessmentType=AUTOMATIC, dueDate=2025-02-16T23:45:10.996982Z, assessmentDueDate=null, maxPoints=42.0, course=CourseDTO[id=956, accuracyOfScores=1]]], submissionExerciseType=programming, isProcessing=false, buildStartDate=null, estimatedCompletionDate=null], participation=ParticipationDTO[id=1936, testRun=false, type=programming, submissionCount=null, exercise=ParticipationExerciseDTO[id=2573, exerciseType=PROGRAMMING, type=programming, assessmentType=AUTOMATIC, dueDate=2025-02-16T23:45:10.996982Z, assessmentDueDate=null, maxPoints=42.0, course=CourseDTO[id=956, accuracyOfScores=1]]], feedbacks=[], assessmentType=AUTOMATIC, hasComplaint=null, exampleResult=null, testCaseCount=0, passedTestCaseCount=0, codeIssueCount=0]], BuildJobQueueItem[id=19351739576711674, name=SHORT9AFDAE3804CA304DDF0889A0CB0F56104A86TSTEXC-BASE, buildAgent=BuildAgentDTO[name=artemis-build-agent-test, memberAddress=[127.0.0.1]:5703, displayName=artemis-build-agent-test], participationId=1935, courseId=956, exerciseId=2573, retryCount=0, priority=2, status=FAILED, repositoryInfo=RepositoryInfo[repositoryName=short9afdae3804ca304ddf0889a0cb0f56104a86tstexc-exercise, repositoryType=exercise, triggeredByPushTo=exercise, assignmentRepositoryUri=http://localhost:49152/git/SHORT9AFDAE3804CA304DDF0889A0CB0F56104A86TSTEXC/short9afdae3804ca304ddf0889a0cb0f56104a86tstexc-exercise.git, testRepositoryUri=http://localhost:49152/git/SHORT9AFDAE3804CA304DDF0889A0CB0F56104A86TSTEXC/short9afdae3804ca304ddf0889a0cb0f56104a86tstexc-tests.git, solutionRepositoryUri=null, auxiliaryRepositoryUris=[Ljava.lang.String;@572e7154, auxiliaryRepositoryCheckoutDirectories=[Ljava.lang.String;@2d2426e0], jobTimingInfo=JobTimingInfo[submissionDate=2025-02-14T23:45:11.674556681Z[Etc/UTC], buildStartDate=2025-02-14T23:45:11.677776879Z[Etc/UTC], buildCompletionDate=2025-02-14T23:45:11.688097378Z[Etc/UTC], estimatedCompletionDate=2025-02-14T23:45:30.677771620Z[Etc/UTC], estimatedDuration=19], buildConfig=BuildConfig[buildScript=#!/bin/bash
cd /var/tmp/testing-dir
chmod +x ./gradlew
./gradlew clean test
, dockerImage=dummy-docker-image:latest, commitHashToBuild=a1099e378cffde441ef85f9b12577ca174b8e1e4, assignmentCommitHash=a1099e378cffde441ef85f9b12577ca174b8e1e4, testCommitHash=bd38d61c299ab11a1dea82a3ca5493fe04d97d47, branch=main, programmingLanguage=JAVA, projectType=PLAIN_GRADLE, scaEnabled=false, sequentialTestRunsEnabled=false, resultPaths=[/var/tmp/testing-dir/**/test-results/test/*.xml], timeoutSeconds=0, assignmentCheckoutPath=null, testCheckoutPath=null, solutionCheckoutPath=null, dockerRunConfig=null], submissionResult=ResultDTO[id=624, completionDate=2025-02-14T23:45:11.688214837Z[Etc/UTC], successful=false, score=0.0, rated=true, submission=SubmissionDTO[id=816, submitted=true, type=MANUAL, exampleSubmission=null, submissionDate=2025-02-14T23:45:11.656934Z, commitHash=a1099e378cffde441ef85f9b12577ca174b8e1e4, buildFailed=true, buildArtifact=false, participation=ParticipationDTO[id=1935, testRun=false, type=template, submissionCount=null, exercise=ParticipationExerciseDTO[id=2573, exerciseType=PROGRAMMING, type=programming, assessmentType=AUTOMATIC, dueDate=2025-02-16T23:45:10.996982Z, assessmentDueDate=null, maxPoints=42.0, course=CourseDTO[id=956, accuracyOfScores=1]]], submissionExerciseType=programming, isProcessing=false, buildStartDate=null, estimatedCompletionDate=null], participation=ParticipationDTO[id=1935, testRun=false, type=template, submissionCount=null, exercise=ParticipationExerciseDTO[id=2573, exerciseType=PROGRAMMING, type=programming, assessmentType=AUTOMATIC, dueDate=2025-02-16T23:45:10.996982Z, assessmentDueDate=null, maxPoints=42.0, course=CourseDTO[id=956, accuracyOfScores=1]]], feedbacks=[], assessmentType=AUTOMATIC, hasComplaint=null, exampleResult=null, testCaseCount=0, passedTestCaseCount=0, codeIssueCount=0]], BuildJobQueueItem[id=19341739576712112, name=SHORT9AFDAE3804CA304DDF0889A0CB0F56104A86TSTEXC-SOLUTION, buildAgent=BuildAgentDTO[name=artemis-build-agent-test, memberAddress=[127.0.0.1]:5703, displayName=artemis-build-agent-test], participationId=1934, courseId=956, exerciseId=2573, retryCount=0, priority=2, status=FAILED, repositoryInfo=RepositoryInfo[repositoryName=short9afdae3804ca304ddf0889a0cb0f56104a86tstexc-solution, repositoryType=solution, triggeredByPushTo=solution, assignmentRepositoryUri=http://localhost:49152/git/SHORT9AFDAE3804CA304DDF0889A0CB0F56104A86TSTEXC/short9afdae3804ca304ddf0889a0cb0f56104a86tstexc-solution.git, testRepositoryUri=http://localhost:49152/git/SHORT9AFDAE3804CA304DDF0889A0CB0F56104A86TSTEXC/short9afdae3804ca304ddf0889a0cb0f56104a86tstexc-tests.git, solutionRepositoryUri=null, auxiliaryRepositoryUris=[Ljava.lang.String;@30edfa39, auxiliaryRepositoryCheckoutDirectories=[Ljava.lang.String;@1eb4a640], jobTimingInfo=JobTimingInfo[submissionDate=2025-02-14T23:45:12.112332872Z[Etc/UTC], buildStartDate=2025-02-14T23:45:12.121617114Z[Etc/UTC], buildCompletionDate=2025-02-14T23:45:12.127931701Z[Etc/UTC], estimatedCompletionDate=2025-02-14T23:45:31.121609600Z[Etc/UTC], estimatedDuration=19], buildConfig=BuildConfig[buildScript=#!/bin/bash
cd /var/tmp/testing-dir
chmod +x ./gradlew
./gradlew clean test
, dockerImage=dummy-docker-image:latest, commitHashToBuild=a1099e378cffde441ef85f9b12577ca174b8e1e4, assignmentCommitHash=a1099e378cffde441ef85f9b12577ca174b8e1e4, testCommitHash=bd38d61c299ab11a1dea82a3ca5493fe04d97d47, branch=main, programmingLanguage=JAVA, projectType=PLAIN_GRADLE, scaEnabled=false, sequentialTestRunsEnabled=false, resultPaths=[/var/tmp/testing-dir/**/test-results/test/*.xml], timeoutSeconds=0, assignmentCheckoutPath=null, testCheckoutPath=null, solutionCheckoutPath=null, dockerRunConfig=null], submissionResult=ResultDTO[id=625, completionDate=2025-02-14T23:45:12.128011800Z[Etc/UTC], successful=false, score=0.0, rated=true, submission=SubmissionDTO[id=817, submitted=true, type=MANUAL, exampleSubmission=null, submissionDate=2025-02-14T23:45:12.098737Z, commitHash=a1099e378cffde441ef85f9b12577ca174b8e1e4, buildFailed=true, buildArtifact=false, participation=ParticipationDTO[id=1934, testRun=false, type=solution, submissionCount=null, exercise=ParticipationExerciseDTO[id=2573, exerciseType=PROGRAMMING, type=programming, assessmentType=AUTOMATIC, dueDate=2025-02-16T23:45:10.996982Z, assessmentDueDate=null, maxPoints=42.0, course=CourseDTO[id=956, accuracyOfScores=1]]], submissionExerciseType=programming, isProcessing=false, buildStartDate=null, estimatedCompletionDate=null], participation=ParticipationDTO[id=1934, testRun=false, type=solution, submissionCount=null, exercise=ParticipationExerciseDTO[id=2573, exerciseType=PROGRAMMING, type=programming, assessmentType=AUTOMATIC, dueDate=2025-02-16T23:45:10.996982Z, assessmentDueDate=null, maxPoints=42.0, course=CourseDTO[id=956, accuracyOfScores=1]]], feedbacks=[], assessmentType=AUTOMATIC, hasComplaint=null, exampleResult=null, testCaseCount=0, passedTestCaseCount=0, codeIssueCount=0]], BuildJobQueueItem[id=19341739576713025, name=SHORT9AFDAE3804CA304DDF0889A0CB0F56104A86TSTEXC-SOLUTION, buildAgent=BuildAgentDTO[name=artemis-build-agent-test, memberAddress=[127.0.0.1]:5703, displayName=artemis-build-agent-test], participationId=1934, courseId=956, exerciseId=2573, retryCount=0, priority=2, status=FAILED, repositoryInfo=RepositoryInfo[repositoryName=short9afdae3804ca304ddf0889a0cb0f56104a86tstexc-solution, repositoryType=solution, triggeredByPushTo=tests, assignmentRepositoryUri=http://localhost:49152/git/SHORT9AFDAE3804CA304DDF0889A0CB0F56104A86TSTEXC/short9afdae3804ca304ddf0889a0cb0f56104a86tstexc-solution.git, testRepositoryUri=http://localhost:49152/git/SHORT9AFDAE3804CA304DDF0889A0CB0F56104A86TSTEXC/short9afdae3804ca304ddf0889a0cb0f56104a86tstexc-tests.git, solutionRepositoryUri=null, auxiliaryRepositoryUris=[Ljava.lang.String;@3a34c013, auxiliaryRepositoryCheckoutDirectories=[Ljava.lang.String;@362be293], jobTimingInfo=JobTimingInfo[submissionDate=2025-02-14T23:45:13.025319671Z[Etc/UTC], buildStartDate=2025-02-14T23:45:13.040293146Z[Etc/UTC], buildCompletionDate=2025-02-14T23:45:13.053032917Z[Etc/UTC], estimatedCompletionDate=2025-02-14T23:45:32.040285703Z[Etc/UTC], estimatedDuration=19], buildConfig=BuildConfig[buildScript=#!/bin/bash
cd /var/tmp/testing-dir
chmod +x ./gradlew
./gradlew clean test
, dockerImage=dummy-docker-image:latest, commitHashToBuild=784f8f0049d2a1a54f21c67dd772bea86715267a, assignmentCommitHash=a1099e378cffde441ef85f9b12577ca174b8e1e4, testCommitHash=784f8f0049d2a1a54f21c67dd772bea86715267a, branch=main, programmingLanguage=JAVA, projectType=PLAIN_GRADLE, scaEnabled=false, sequentialTestRunsEnabled=false, resultPaths=[/var/tmp/testing-dir/**/test-results/test/*.xml], timeoutSeconds=0, assignmentCheckoutPath=null, testCheckoutPath=null, solutionCheckoutPath=null, dockerRunConfig=null], submissionResult=ResultDTO[id=626, completionDate=2025-02-14T23:45:13.053131811Z[Etc/UTC], successful=false, score=0.0, rated=true, submission=SubmissionDTO[id=818, submitted=true, type=TEST, exampleSubmission=null, submissionDate=2025-02-14T23:45:13.005779Z, commitHash=784f8f0049d2a1a54f21c67dd772bea86715267a, buildFailed=true, buildArtifact=false, participation=ParticipationDTO[id=1934, testRun=false, type=solution, submissionCount=null, exercise=ParticipationExerciseDTO[id=2573, exerciseType=PROGRAMMING, type=programming, assessmentType=AUTOMATIC, dueDate=2025-02-16T23:45:10.996982Z, assessmentDueDate=null, maxPoints=42.0, course=CourseDTO[id=956, accuracyOfScores=1]]], submissionExerciseType=programming, isProcessing=false, buildStartDate=null, estimatedCompletionDate=null], participation=ParticipationDTO[id=1934, testRun=false, type=solution, submissionCount=null, exercise=ParticipationExerciseDTO[id=2573, exerciseType=PROGRAMMING, type=programming, assessmentType=AUTOMATIC, dueDate=2025-02-16T23:45:10.996982Z, assessmentDueDate=null, maxPoints=42.0, course=CourseDTO[id=956, accuracyOfScores=1]]], feedbacks=[], assessmentType=AUTOMATIC, hasComplaint=null, exampleResult=null, testCaseCount=0, passedTestCaseCount=0, codeIssueCount=0]], BuildJobQueueItem[id=19581739576715555, name=SHORTC1A3F9FC03D2304B4308FA20AF16D54AAA49TSTEXC-LOCALVCSSHINTSTUDENT1, buildAgent=BuildAgentDTO[name=artemis-build-agent-test, memberAddress=[127.0.0.1]:5703, displayName=artemis-build-agent-test], participationId=1958, courseId=965, exerciseId=2582, retryCount=0, priority=2, status=FAILED, repositoryInfo=RepositoryInfo[repositoryName=shortc1a3f9fc03d2304b4308fa20af16d54aaa49tstexc-localvcsshintstudent1, repositoryType=user, triggeredByPushTo=user, assignmentRepositoryUri=http://localhost:49152/git/SHORTC1A3F9FC03D2304B4308FA20AF16D54AAA49TSTEXC/shortc1a3f9fc03d2304b4308fa20af16d54aaa49tstexc-localvcsshintstudent1.git, testRepositoryUri=http://localhost:49152/git/SHORTC1A3F9FC03D2304B4308FA20AF16D54AAA49TSTEXC/shortc1a3f9fc03d2304b4308fa20af16d54aaa49tstexc-tests.git, solutionRepositoryUri=null, auxiliaryRepositoryUris=[Ljava.lang.String;@6948fa5d, auxiliaryRepositoryCheckoutDirectories=[Ljava.lang.String;@52f5c792], jobTimingInfo=JobTimingInfo[submissionDate=2025-02-14T23:45:15.555989584Z[Etc/UTC], buildStartDate=2025-02-14T23:45:15.568477627Z[Etc/UTC], buildCompletionDate=2025-02-14T23:45:15.579021148Z[Etc/UTC], estimatedCompletionDate=2025-02-14T23:45:34.568443924Z[Etc/UTC], estimatedDuration=19], buildConfig=BuildConfig[buildScript=#!/bin/bash
cd /var/tmp/testing-dir
chmod +x ./gradlew
./gradlew clean test
, dockerImage=dummy-docker-image:latest, commitHashToBuild=ca76dac20e040e6609db02fd7fedd56bf58829d7, assignmentCommitHash=ca76dac20e040e6609db02fd7fedd56bf58829d7, testCommitHash=bd0d58c226dc63bfa4bc9052870589952c0a1f83, branch=main, programmingLanguage=JAVA, projectType=PLAIN_GRADLE, scaEnabled=false, sequentialTestRunsEnabled=false, resultPaths=[/var/tmp/testing-dir/**/test-results/test/*.xml], timeoutSeconds=0, assignmentCheckoutPath=null, testCheckoutPath=null, solutionCheckoutPath=null, dockerRunConfig=null], submissionResult=ResultDTO[id=627, completionDate=2025-02-14T23:45:15.579119131Z[Etc/UTC], successful=false, score=0.0, rated=true, submission=SubmissionDTO[id=820, submitted=true, type=MANUAL, exampleSubmission=null, submissionDate=2025-02-14T23:45:15.548349Z, commitHash=ca76dac20e040e6609db02fd7fedd56bf58829d7, buildFailed=true, buildArtifact=false, participation=ParticipationDTO[id=1958, testRun=false, type=programming, submissionCount=null, exercise=ParticipationExerciseDTO[id=2582, exerciseType=PROGRAMMING, type=programming, assessmentType=AUTOMATIC, dueDate=2025-02-16T23:45:15.103512Z, assessmentDueDate=null, maxPoints=42.0, course=CourseDTO[id=965, accuracyOfScores=1]]], submissionExerciseType=programming, isProcessing=false, buildStartDate=null, estimatedCompletionDate=null], participation=ParticipationDTO[id=1958, testRun=false, type=programming, submissionCount=null, exercise=ParticipationExerciseDTO[id=2582, exerciseType=PROGRAMMING, type=programming, assessmentType=AUTOMATIC, dueDate=2025-02-16T23:45:15.103512Z, assessmentDueDate=null, maxPoints=42.0, course=CourseDTO[id=965, accuracyOfScores=1]]], feedbacks=[], assessmentType=AUTOMATIC, hasComplaint=null, exampleResult=null, testCaseCount=0, passedTestCaseCount=0, codeIssueCount=0]], BuildJobQueueItem[id=19801739576719393, name=SHORTB2A6C58B0D447045380A858075B170A5B7C6TSTEXC-LOCALVCSSHINTSTUDENT1, buildAgent=BuildAgentDTO[name=artemis-build-agent-test, memberAddress=[127.0.0.1]:5703, displayName=artemis-build-agent-test], participationId=1980, courseId=974, exerciseId=2591, retryCount=0, priority=2, status=FAILED, repositoryInfo=RepositoryInfo[repositoryName=shortb2a6c58b0d447045380a858075b170a5b7c6tstexc-localvcsshintstudent1, repositoryType=user, triggeredByPushTo=user, assignmentRepositoryUri=http://localhost:49152/git/SHORTB2A6C58B0D447045380A858075B170A5B7C6TSTEXC/shortb2a6c58b0d447045380a858075b170a5b7c6tstexc-localvcsshintstudent1.git, testRepositoryUri=http://localhost:49152/git/SHORTB2A6C58B0D447045380A858075B170A5B7C6TSTEXC/shortb2a6c58b0d447045380a858075b170a5b7c6tstexc-tests.git, solutionRepositoryUri=null, auxiliaryRepositoryUris=[Ljava.lang.String;@4eddb187, auxiliaryRepositoryCheckoutDirectories=[Ljava.lang.String;@270bedb5], jobTimingInfo=JobTimingInfo[submissionDate=2025-02-14T23:45:19.393259829Z[Etc/UTC], buildStartDate=2025-02-14T23:45:19.405438171Z[Etc/UTC], buildCompletionDate=2025-02-14T23:45:19.414070673Z[Etc/UTC], estimatedCompletionDate=2025-02-14T23:45:38.405431569Z[Etc/UTC], estimatedDuration=19], buildConfig=BuildConfig[buildScript=#!/bin/bash
cd /var/tmp/testing-dir
chmod +x ./gradlew
./gradlew clean test
, dockerImage=dummy-docker-image:latest, commitHashToBuild=363cdbf709a9fff149f813ab848ee800a675cc77, assignmentCommitHash=363cdbf709a9fff149f813ab848ee800a675cc77, testCommitHash=a5e046ece417b2e538f21f816e2524dab61e0d10, branch=main, programmingLanguage=JAVA, projectType=PLAIN_GRADLE, scaEnabled=false, sequentialTestRunsEnabled=false, resultPaths=[/var/tmp/testing-dir/**/test-results/test/*.xml], timeoutSeconds=0, assignmentCheckoutPath=null, testCheckoutPath=null, solutionCheckoutPath=null, dockerRunConfig=null], submissionResult=ResultDTO[id=628, completionDate=2025-02-14T23:45:19.414171040Z[Etc/UTC], successful=false, score=0.0, rated=true, submission=SubmissionDTO[id=821, submitted=true, type=MANUAL, exampleSubmission=null, submissionDate=2025-02-14T23:45:19.376840Z, commitHash=363cdbf709a9fff149f813ab848ee800a675cc77, buildFailed=true, buildArtifact=false, participation=ParticipationDTO[id=1980, testRun=false, type=programming, submissionCount=null, exercise=ParticipationExerciseDTO[id=2591, exerciseType=PROGRAMMING, type=programming, assessmentType=AUTOMATIC, dueDate=2025-02-16T23:45:18.950569Z, assessmentDueDate=null, maxPoints=42.0, course=CourseDTO[id=974, accuracyOfScores=1]]], submissionExerciseType=programming, isProcessing=false, buildStartDate=null, estimatedCompletionDate=null], participation=ParticipationDTO[id=1980, testRun=false, type=programming, submissionCount=null, exercise=ParticipationExerciseDTO[id=2591, exerciseType=PROGRAMMING, type=programming, assessmentType=AUTOMATIC, dueDate=2025-02-16T23:45:18.950569Z, assessmentDueDate=null, maxPoints=42.0, course=CourseDTO[id=974, accuracyOfScores=1]]], feedbacks=[], assessmentType=AUTOMATIC, hasComplaint=null, exampleResult=null, testCaseCount=0, passedTestCaseCount=0, codeIssueCount=0]], BuildJobQueueItem[id=19791739576719787, name=SHORTB2A6C58B0D447045380A858075B170A5B7C6TSTEXC-BASE, buildAgent=BuildAgentDTO[name=artemis-build-agent-test, memberAddress=[127.0.0.1]:5703, displayName=artemis-build-agent-test], participationId=1979, courseId=974, exerciseId=2591, retryCount=0, priority=2, status=FAILED, repositoryInfo=RepositoryInfo[repositoryName=shortb2a6c58b0d447045380a858075b170a5b7c6tstexc-exercise, repositoryType=exercise, triggeredByPushTo=exercise, assignmentRepositoryUri=http://localhost:49152/git/SHORTB2A6C58B0D447045380A858075B170A5B7C6TSTEXC/shortb2a6c58b0d447045380a858075b170a5b7c6tstexc-exercise.git, testRepositoryUri=http://localhost:49152/git/SHORTB2A6C58B0D447045380A858075B170A5B7C6TSTEXC/shortb2a6c58b0d447045380a858075b170a5b7c6tstexc-tests.git, solutionRepositoryUri=null, auxiliaryRepositoryUris=[Ljava.lang.String;@93f611b, auxiliaryRepositoryCheckoutDirectories=[Ljava.lang.String;@758aeef9], jobTimingInfo=JobTimingInfo[submissionDate=2025-02-14T23:45:19.787985058Z[Etc/UTC], buildStartDate=2025-02-14T23:45:19.796327417Z[Etc/UTC], buildCompletionDate=2025-02-14T23:45:19.799750982Z[Etc/UTC], estimatedCompletionDate=2025-02-14T23:45:38.796319082Z[Etc/UTC], estimatedDuration=19], buildConfig=BuildConfig[buildScript=#!/bin/bash
cd /var/tmp/testing-dir
chmod +x ./gradlew
./gradlew clean test
, dockerImage=dummy-docker-image:latest, commitHashToBuild=363cdbf709a9fff149f813ab848ee800a675cc77, assignmentCommitHash=363cdbf709a9fff149f813ab848ee800a675cc77, testCommitHash=a5e046ece417b2e538f21f816e2524dab61e0d10, branch=main, programmingLanguage=JAVA, projectType=PLAIN_GRADLE, scaEnabled=false, sequentialTestRunsEnabled=false, resultPaths=[/var/tmp/testing-dir/**/test-results/test/*.xml], timeoutSeconds=0, assignmentCheckoutPath=null, testCheckoutPath=null, solutionCheckoutPath=null, dockerRunConfig=null], submissionResult=ResultDTO[id=629, completionDate=2025-02-14T23:45:19.799820341Z[Etc/UTC], successful=false, score=0.0, rated=true, submission=SubmissionDTO[id=822, submitted=true, type=MANUAL, exampleSubmission=null, submissionDate=2025-02-14T23:45:19.775952Z, commitHash=363cdbf709a9fff149f813ab848ee800a675cc77, buildFailed=true, buildArtifact=false, participation=ParticipationDTO[id=1979, testRun=false, type=template, submissionCount=null, exercise=ParticipationExerciseDTO[id=2591, exerciseType=PROGRAMMING, type=programming, assessmentType=AUTOMATIC, dueDate=2025-02-16T23:45:18.950569Z, assessmentDueDate=null, maxPoints=42.0, course=CourseDTO[id=974, accuracyOfScores=1]]], submissionExerciseType=programming, isProcessing=false, buildStartDate=null, estimatedCompletionDate=null], participation=ParticipationDTO[id=1979, testRun=false, type=template, submissionCount=null, exercise=ParticipationExerciseDTO[id=2591, exerciseType=PROGRAMMING, type=programming, assessmentType=AUTOMATIC, dueDate=2025-02-16T23:45:18.950569Z, assessmentDueDate=null, maxPoints=42.0, course=CourseDTO[id=974, accuracyOfScores=1]]], feedbacks=[], assessmentType=AUTOMATIC, hasComplaint=null, exampleResult=null, testCaseCount=0, passedTestCaseCount=0, codeIssueCount=0]], BuildJobQueueItem[id=19781739576720235, name=SHORTB2A6C58B0D447045380A858075B170A5B7C6TSTEXC-SOLUTION, buildAgent=BuildAgentDTO[name=artemis-build-agent-test, memberAddress=[127.0.0.1]:5703, displayName=artemis-build-agent-test], participationId=1978, courseId=974, exerciseId=2591, retryCount=0, priority=2, status=FAILED, repositoryInfo=RepositoryInfo[repositoryName=shortb2a6c58b0d447045380a858075b170a5b7c6tstexc-solution, repositoryType=solution, triggeredByPushTo=solution, assignmentRepositoryUri=http://localhost:49152/git/SHORTB2A6C58B0D447045380A858075B170A5B7C6TSTEXC/shortb2a6c58b0d447045380a858075b170a5b7c6tstexc-solution.git, testRepositoryUri=http://localhost:49152/git/SHORTB2A6C58B0D447045380A858075B170A5B7C6TSTEXC/shortb2a6c58b0d447045380a858075b170a5b7c6tstexc-tests.git, solutionRepositoryUri=null, auxiliaryRepositoryUris=[Ljava.lang.String;@56f82846, auxiliaryRepositoryCheckoutDirectories=[Ljava.lang.String;@2ee61169], jobTimingInfo=JobTimingInfo[submissionDate=2025-02-14T23:45:20.235272325Z[Etc/UTC], buildStartDate=2025-02-14T23:45:20.243033812Z[Etc/UTC], buildCompletionDate=2025-02-14T23:45:20.250721018Z[Etc/UTC], estimatedCompletionDate=2025-02-14T23:45:39.243026949Z[Etc/UTC], estimatedDuration=19], buildConfig=BuildConfig[buildScript=#!/bin/bash
cd /var/tmp/testing-dir
chmod +x ./gradlew
./gradlew clean test
, dockerImage=dummy-docker-image:latest, commitHashToBuild=c710d0e68c9c7db8cda7d1a278308de2b9642cc0, assignmentCommitHash=c710d0e68c9c7db8cda7d1a278308de2b9642cc0, testCommitHash=a5e046ece417b2e538f21f816e2524dab61e0d10, branch=main, programmingLanguage=JAVA, projectType=PLAIN_GRADLE, scaEnabled=false, sequentialTestRunsEnabled=false, resultPaths=[/var/tmp/testing-dir/**/test-results/test/*.xml], timeoutSeconds=0, assignmentCheckoutPath=null, testCheckoutPath=null, solutionCheckoutPath=null, dockerRunConfig=null], submissionResult=ResultDTO[id=630, completionDate=2025-02-14T23:45:20.250809893Z[Etc/UTC], successful=false, score=0.0, rated=true, submission=SubmissionDTO[id=823, submitted=true, type=MANUAL, exampleSubmission=null, submissionDate=2025-02-14T23:45:20.211707Z, commitHash=c710d0e68c9c7db8cda7d1a278308de2b9642cc0, buildFailed=true, buildArtifact=false, participation=ParticipationDTO[id=1978, testRun=false, type=solution, submissionCount=null, exercise=ParticipationExerciseDTO[id=2591, exerciseType=PROGRAMMING, type=programming, assessmentType=AUTOMATIC, dueDate=2025-02-16T23:45:18.950569Z, assessmentDueDate=null, maxPoints=42.0, course=CourseDTO[id=974, accuracyOfScores=1]]], submissionExerciseType=programming, isProcessing=false, buildStartDate=null, estimatedCompletionDate=null], participation=ParticipationDTO[id=1978, testRun=false, type=solution, submissionCount=null, exercise=ParticipationExerciseDTO[id=2591, exerciseType=PROGRAMMING, type=programming, assessmentType=AUTOMATIC, dueDate=2025-02-16T23:45:18.950569Z, assessmentDueDate=null, maxPoints=42.0, course=CourseDTO[id=974, accuracyOfScores=1]]], feedbacks=[], assessmentType=AUTOMATIC, hasComplaint=null, exampleResult=null, testCaseCount=0, passedTestCaseCount=0, codeIssueCount=0]], BuildJobQueueItem[id=19781739576720802, name=SHORTB2A6C58B0D447045380A858075B170A5B7C6TSTEXC-SOLUTION, buildAgent=BuildAgentDTO[name=artemis-build-agent-test, memberAddress=[127.0.0.1]:5703, displayName=artemis-build-agent-test], participationId=1978, courseId=974, exerciseId=2591, retryCount=0, priority=2, status=FAILED, repositoryInfo=RepositoryInfo[repositoryName=shortb2a6c58b0d447045380a858075b170a5b7c6tstexc-solution, repositoryType=solution, triggeredByPushTo=tests, assignmentRepositoryUri=http://localhost:49152/git/SHORTB2A6C58B0D447045380A858075B170A5B7C6TSTEXC/shortb2a6c58b0d447045380a858075b170a5b7c6tstexc-solution.git, testRepositoryUri=http://localhost:49152/git/SHORTB2A6C58B0D447045380A858075B170A5B7C6TSTEXC/shortb2a6c58b0d447045380a858075b170a5b7c6tstexc-tests.git, solutionRepositoryUri=null, auxiliaryRepositoryUris=[Ljava.lang.String;@5ca38a17, auxiliaryRepositoryCheckoutDirectories=[Ljava.lang.String;@7efc4a5c], jobTimingInfo=JobTimingInfo[submissionDate=2025-02-14T23:45:20.802935026Z[Etc/UTC], buildStartDate=2025-02-14T23:45:20.809306435Z[Etc/UTC], buildCompletionDate=2025-02-14T23:45:20.822452342Z[Etc/UTC], estimatedCompletionDate=2025-02-14T23:45:39.809298491Z[Etc/UTC], estimatedDuration=19], buildConfig=BuildConfig[buildScript=#!/bin/bash
cd /var/tmp/testing-dir
chmod +x ./gradlew
./gradlew clean test
, dockerImage=dummy-docker-image:latest, commitHashToBuild=c710d0e68c9c7db8cda7d1a278308de2b9642cc0, assignmentCommitHash=c710d0e68c9c7db8cda7d1a278308de2b9642cc0, testCommitHash=c710d0e68c9c7db8cda7d1a278308de2b9642cc0, branch=main, programmingLanguage=JAVA, projectType=PLAIN_GRADLE, scaEnabled=false, sequentialTestRunsEnabled=false, resultPaths=[/var/tmp/testing-dir/**/test-results/test/*.xml], timeoutSeconds=0, assignmentCheckoutPath=null, testCheckoutPath=null, solutionCheckoutPath=null, dockerRunConfig=null], submissionResult=ResultDTO[id=631, completionDate=2025-02-14T23:45:20.822527362Z[Etc/UTC], successful=false, score=0.0, rated=true, submission=SubmissionDTO[id=824, submitted=true, type=TEST, exampleSubmission=null, submissionDate=2025-02-14T23:45:20.791240Z, commitHash=c710d0e68c9c7db8cda7d1a278308de2b9642cc0, buildFailed=true, buildArtifact=false, participation=ParticipationDTO[id=1978, testRun=false, type=solution, submissionCount=null, exercise=ParticipationExerciseDTO[id=2591, exerciseType=PROGRAMMING, type=programming, assessmentType=AUTOMATIC, dueDate=2025-02-16T23:45:18.950569Z, assessmentDueDate=null, maxPoints=42.0, course=CourseDTO[id=974, accuracyOfScores=1]]], submissionExerciseType=programming, isProcessing=false, buildStartDate=null, estimatedCompletionDate=null], participation=ParticipationDTO[id=1978, testRun=false, type=solution, submissionCount=null, exercise=ParticipationExerciseDTO[id=2591, exerciseType=PROGRAMMING, type=programming, assessmentType=AUTOMATIC, dueDate=2025-02-16T23:45:18.950569Z, assessmentDueDate=null, maxPoints=42.0, course=CourseDTO[id=974, accuracyOfScores=1]]], feedbacks=[], assessmentType=AUTOMATIC, hasComplaint=null, exampleResult=null, testCaseCount=0, passedTestCaseCount=0, codeIssueCount=0]], BuildJobQueueItem[id=20061739576732554, name=SHORT94A899E303D7504C5D0840704DAAFA3DFF4DTSTEXC-LOCALVCCIINTINSTRUCTOR1, buildAgent=BuildAgentDTO[name=artemis-build-agent-test, memberAddress=[127.0.0.1]:5703, displayName=artemis-build-agent-test], participationId=2006, courseId=984, exerciseId=2601, retryCount=0, priority=2, status=SUCCESSFUL, repositoryInfo=RepositoryInfo[repositoryName=short94a899e303d7504c5d0840704daafa3dff4dtstexc-localvcciintinstructor1, repositoryType=user, triggeredByPushTo=user, assignmentRepositoryUri=http://localhost:49152/git/SHORT94A899E303D7504C5D0840704DAAFA3DFF4DTSTEXC/short94a899e303d7504c5d0840704daafa3dff4dtstexc-localvcciintinstructor1.git, testRepositoryUri=http://localhost:49152/git/SHORT94A899E303D7504C5D0840704DAAFA3DFF4DTSTEXC/short94a899e303d7504c5d0840704daafa3dff4dtstexc-tests.git, solutionRepositoryUri=null, auxiliaryRepositoryUris=[Ljava.lang.String;@6951e7dd, auxiliaryRepositoryCheckoutDirectories=[Ljava.lang.String;@77a2dec7], jobTimingInfo=JobTimingInfo[submissionDate=2025-02-14T23:45:32.554795798Z[Etc/UTC], buildStartDate=2025-02-14T23:45:32.567287465Z[Etc/UTC], buildCompletionDate=2025-02-14T23:45:34.535226768Z[Etc/UTC], estimatedCompletionDate=2025-02-14T23:45:51.567257960Z[Etc/UTC], estimatedDuration=19], buildConfig=BuildConfig[buildScript=#!/bin/bash
cd /var/tmp/testing-dir
chmod +x ./gradlew
./gradlew clean test
, dockerImage=dummy-docker-image:latest, commitHashToBuild=ca2dbc0ae87edf7035058a6a17c0ea60e90a290f, assignmentCommitHash=ca2dbc0ae87edf7035058a6a17c0ea60e90a290f, testCommitHash=0207f6f98af5fbb66ad68455f3fc3cf128af8ae9, branch=main, programmingLanguage=JAVA, projectType=PLAIN_GRADLE, scaEnabled=false, sequentialTestRunsEnabled=false, resultPaths=[/var/tmp/testing-dir/**/test-results/test/*.xml], timeoutSeconds=0, assignmentCheckoutPath=null, testCheckoutPath=null, solutionCheckoutPath=null, dockerRunConfig=null], submissionResult=ResultDTO[id=632, completionDate=2025-02-14T23:45:34.504415716Z[Etc/UTC], successful=false, score=7.7, rated=false, submission=SubmissionDTO[id=826, submitted=true, type=MANUAL, exampleSubmission=null, submissionDate=2025-02-14T23:45:32.541533Z, commitHash=ca2dbc0ae87edf7035058a6a17c0ea60e90a290f, buildFailed=false, buildArtifact=false, participation=ParticipationDTO[id=2006, testRun=true, type=programming, submissionCount=null, exercise=ParticipationExerciseDTO[id=2601, exerciseType=PROGRAMMING, type=programming, assessmentType=AUTOMATIC, dueDate=2025-02-16T23:45:31.864042Z, assessmentDueDate=null, maxPoints=42.0, course=CourseDTO[id=984, accuracyOfScores=1]]], submissionExerciseType=programming, isProcessing=false, buildStartDate=null, estimatedCompletionDate=null], participation=ParticipationDTO[id=2006, testRun=true, type=programming, submissionCount=null, exercise=ParticipationExerciseDTO[id=2601, exerciseType=PROGRAMMING, type=programming, assessmentType=AUTOMATIC, dueDate=2025-02-16T23:45:31.864042Z, assessmentDueDate=null, maxPoints=42.0, course=CourseDTO[id=984, accuracyOfScores=1]]], feedbacks=[FeedbackDTO[id=920, text=null, detailText=The exercise expects a class with the name Context in the package testpackage. You did not implement the class in the exercise., hasLongFeedbackText=false, reference=null, credits=0.0, positive=false, type=AUTOMATIC, visibility=ALWAYS, testCase=TestCaseDTO[testName=null, id=1357]], FeedbackDTO[id=921, text=null, detailText=The exercise expects a class with the name Policy in the package testpackage. You did not implement the class in the exercise., hasLongFeedbackText=false, reference=null, credits=0.0, positive=false, type=AUTOMATIC, visibility=ALWAYS, testCase=TestCaseDTO[testName=null, id=1358]], FeedbackDTO[id=922, text=null, detailText=The exercise expects a class with the name SortStrategy in the package testpackage. You did not implement the class in the exercise., hasLongFeedbackText=false, reference=null, credits=0.0, positive=false, type=AUTOMATIC, visibility=ALWAYS, testCase=TestCaseDTO[testName=null, id=1359]], FeedbackDTO[id=923, text=null, detailText=The class 'MergeSort' does not implement the interface 'SortStrategy' as expected. Implement the interface and its methods., hasLongFeedbackText=false, reference=null, credits=0.0, positive=false, type=AUTOMATIC, visibility=ALWAYS, testCase=TestCaseDTO[testName=null, id=1354]], FeedbackDTO[id=924, text=null, detailText=The exercise expects a class with the name SortStrategy in the package testpackage. You did not implement the class in the exercise., hasLongFeedbackText=false, reference=null, credits=0.0, positive=false, type=AUTOMATIC, visibility=ALWAYS, testCase=TestCaseDTO[testName=null, id=1351]], FeedbackDTO[id=925, text=null, detailText=The class 'BubbleSort' does not implement the interface 'SortStrategy' as expected. Implement the interface and its methods., hasLongFeedbackText=false, reference=null, credits=0.0, positive=false, type=AUTOMATIC, visibility=ALWAYS, testCase=TestCaseDTO[testName=null, id=1355]], FeedbackDTO[id=926, text=null, detailText=MergeSort does not sort correctly, hasLongFeedbackText=false, reference=null, credits=0.0, positive=false, type=AUTOMATIC, visibility=ALWAYS, testCase=TestCaseDTO[testName=null, id=1360]], FeedbackDTO[id=927, text=null, detailText=The class 'Context' was not found within the submission. Make sure to implement it properly., hasLongFeedbackText=false, reference=null, credits=0.0, positive=false, type=AUTOMATIC, visibility=ALWAYS, testCase=TestCaseDTO[testName=null, id=1361]], FeedbackDTO[id=928, text=null, detailText=The class 'Context' was not found within the submission. Make sure to implement it properly., hasLongFeedbackText=false, reference=null, credits=0.0, positive=false, type=AUTOMATIC, visibility=ALWAYS, testCase=TestCaseDTO[testName=null, id=1362]], FeedbackDTO[id=929, text=null, detailText=The exercise expects a class with the name Policy in the package testpackage. You did not implement the class in the exercise., hasLongFeedbackText=false, reference=null, credits=0.0, positive=false, type=AUTOMATIC, visibility=ALWAYS, testCase=TestCaseDTO[testName=null, id=1356]], FeedbackDTO[id=930, text=null, detailText=The exercise expects a class with the name Context in the package testpackage. You did not implement the class in the exercise., hasLongFeedbackText=false, reference=null, credits=0.0, positive=false, type=AUTOMATIC, visibility=ALWAYS, testCase=TestCaseDTO[testName=null, id=1352]], FeedbackDTO[id=931, text=null, detailText=The exercise expects a class with the name Policy in the package testpackage. You did not implement the class in the exercise., hasLongFeedbackText=false, reference=null, credits=0.0, positive=false, type=AUTOMATIC, visibility=ALWAYS, testCase=TestCaseDTO[testName=null, id=1353]], FeedbackDTO[id=932, text=null, detailText=null, hasLongFeedbackText=false, reference=null, credits=3.230769230769231, positive=true, type=AUTOMATIC, visibility=ALWAYS, testCase=TestCaseDTO[testName=null, id=1363]]], assessmentType=AUTOMATIC, hasComplaint=null, exampleResult=null, testCaseCount=13, passedTestCaseCount=1, codeIssueCount=0]], BuildJobQueueItem[id=20111739576737317, name=SHORTD49A6DAE04F9E049850BD5601663FD17A5B7TSTEXC-BASE, buildAgent=BuildAgentDTO[name=artemis-build-agent-test, memberAddress=[127.0.0.1]:5703, displayName=artemis-build-agent-test], participationId=2011, courseId=986, exerciseId=2603, retryCount=0, priority=2, status=SUCCESSFUL, repositoryInfo=RepositoryInfo[repositoryName=shortd49a6dae04f9e049850bd5601663fd17a5b7tstexc-exercise, repositoryType=exercise, triggeredByPushTo=exercise, assignmentRepositoryUri=http://localhost:49152/git/SHORTD49A6DAE04F9E049850BD5601663FD17A5B7TSTEXC/shortd49a6dae04f9e049850bd5601663fd17a5b7tstexc-exercise.git, testRepositoryUri=http://localhost:49152/git/SHORTD49A6DAE04F9E049850BD5601663FD17A5B7TSTEXC/shortd49a6dae04f9e049850bd5601663fd17a5b7tstexc-tests.git, solutionRepositoryUri=null, auxiliaryRepositoryUris=[Ljava.lang.String;@37910116, auxiliaryRepositoryCheckoutDirectories=[Ljava.lang.String;@2ba30312], jobTimingInfo=JobTimingInfo[submissionDate=2025-02-14T23:45:37.317968648Z[Etc/UTC], buildStartDate=2025-02-14T23:45:37.324534774Z[Etc/UTC], buildCompletionDate=2025-02-14T23:45:38.527225461Z[Etc/UTC], estimatedCompletionDate=2025-02-14T23:45:56.324506331Z[Etc/UTC], estimatedDuration=19], buildConfig=BuildConfig[buildScript=#!/bin/bash
cd /var/tmp/testing-dir
chmod +x ./gradlew
./gradlew clean test
, dockerImage=dummy-docker-image:latest, commitHashToBuild=c795243c185829bbefa399f45dcbcfac22311b2f, assignmentCommitHash=c795243c185829bbefa399f45dcbcfac22311b2f, testCommitHash=fa8b162170bf767d852e05e0eb7a128efa2e1f34, branch=main, programmingLanguage=JAVA, projectType=PLAIN_GRADLE, scaEnabled=false, sequentialTestRunsEnabled=false, resultPaths=[/var/tmp/testing-dir/**/test-results/test/*.xml], timeoutSeconds=0, assignmentCheckoutPath=null, testCheckoutPath=null, solutionCheckoutPath=null, dockerRunConfig=null], submissionResult=ResultDTO[id=633, completionDate=2025-02-14T23:45:38.476795726Z[Etc/UTC], successful=false, score=0.0, rated=true, submission=SubmissionDTO[id=827, submitted=true, type=MANUAL, exampleSubmission=null, submissionDate=2025-02-14T23:45:37.303401Z, commitHash=c795243c185829bbefa399f45dcbcfac22311b2f, buildFailed=false, buildArtifact=false, participation=ParticipationDTO[id=2011, testRun=false, type=template, submissionCount=null, exercise=ParticipationExerciseDTO[id=2603, exerciseType=PROGRAMMING, type=programming, assessmentType=AUTOMATIC, dueDate=2025-02-16T23:45:36.830269Z, assessmentDueDate=null, maxPoints=42.0, course=CourseDTO[id=986, accuracyOfScores=1]]], submissionExerciseType=programming, isProcessing=false, buildStartDate=null, estimatedCompletionDate=null], participation=ParticipationDTO[id=2011, testRun=false, type=template, submissionCount=null, exercise=ParticipationExerciseDTO[id=2603, exerciseType=PROGRAMMING, type=programming, assessmentType=AUTOMATIC, dueDate=2025-02-16T23:45:36.830269Z, assessmentDueDate=null, maxPoints=42.0, course=CourseDTO[id=986, accuracyOfScores=1]]], feedbacks=[FeedbackDTO[id=933, text=null, detailText=The exercise expects a class with the name Context in the package testpackage. You did not implement the class in the exercise., hasLongFeedbackText=false, reference=null, credits=0.0, positive=false, type=AUTOMATIC, visibility=ALWAYS, testCase=TestCaseDTO[testName=testMethods[Context], id=1383]], FeedbackDTO[id=934, text=null, detailText=The exercise expects a class with the name Policy in the package testpackage. You did not implement the class in the exercise., hasLongFeedbackText=false, reference=null, credits=0.0, positive=false, type=AUTOMATIC, visibility=ALWAYS, testCase=TestCaseDTO[testName=testMethods[Policy], id=1384]], FeedbackDTO[id=935, text=null, detailText=The exercise expects a class with the name SortStrategy in the package testpackage. You did not implement the class in the exercise., hasLongFeedbackText=false, reference=null, credits=0.0, positive=false, type=AUTOMATIC, visibility=ALWAYS, testCase=TestCaseDTO[testName=testMethods[SortStrategy], id=1385]], FeedbackDTO[id=936, text=null, detailText=The class 'MergeSort' does not implement the interface 'SortStrategy' as expected. Implement the interface and its methods., hasLongFeedbackText=false, reference=null, credits=0.0, positive=false, type=AUTOMATIC, visibility=ALWAYS, testCase=TestCaseDTO[testName=testClass[MergeSort], id=1380]], FeedbackDTO[id=937, text=null, detailText=The exercise expects a class with the name SortStrategy in the package testpackage. You did not implement the class in the exercise., hasLongFeedbackText=false, reference=null, credits=0.0, positive=false, type=AUTOMATIC, visibility=ALWAYS, testCase=TestCaseDTO[testName=testClass[SortStrategy], id=1377]], FeedbackDTO[id=938, text=null, detailText=The class 'BubbleSort' does not implement the interface 'SortStrategy' as expected. Implement the interface and its methods., hasLongFeedbackText=false, reference=null, credits=0.0, positive=false, type=AUTOMATIC, visibility=ALWAYS, testCase=TestCaseDTO[testName=testClass[BubbleSort], id=1381]], FeedbackDTO[id=939, text=null, detailText=MergeSort does not sort correctly, hasLongFeedbackText=false, reference=null, credits=0.0, positive=false, type=AUTOMATIC, visibility=ALWAYS, testCase=TestCaseDTO[testName=testMergeSort(), id=1386]], FeedbackDTO[id=940, text=null, detailText=The class 'Context' was not found within the submission. Make sure to implement it properly., hasLongFeedbackText=false, reference=null, credits=0.0, positive=false, type=AUTOMATIC, visibility=ALWAYS, testCase=TestCaseDTO[testName=testUseBubbleSortForSmallList(), id=1387]], FeedbackDTO[id=941, text=null, detailText=BubbleSort does not sort correctly, hasLongFeedbackText=false, reference=null, credits=0.0, positive=false, type=AUTOMATIC, visibility=ALWAYS, testCase=TestCaseDTO[testName=testBubbleSort(), id=1389]], FeedbackDTO[id=942, text=null, detailText=The class 'Context' was not found within the submission. Make sure to implement it properly., hasLongFeedbackText=false, reference=null, credits=0.0, positive=false, type=AUTOMATIC, visibility=ALWAYS, testCase=TestCaseDTO[testName=testUseMergeSortForBigList(), id=1388]], FeedbackDTO[id=943, text=null, detailText=The exercise expects a class with the name Policy in the package testpackage. You did not implement the class in the exercise., hasLongFeedbackText=false, reference=null, credits=0.0, positive=false, type=AUTOMATIC, visibility=ALWAYS, testCase=TestCaseDTO[testName=testConstructors[Policy], id=1382]], FeedbackDTO[id=944, text=null, detailText=The exercise expects a class with the name Context in the package testpackage. You did not implement the class in the exercise., hasLongFeedbackText=false, reference=null, credits=0.0, positive=false, type=AUTOMATIC, visibility=ALWAYS, testCase=TestCaseDTO[testName=testAttributes[Context], id=1378]], FeedbackDTO[id=945, text=null, detailText=The exercise expects a class with the name Policy in the package testpackage. You did not implement the class in the exercise., hasLongFeedbackText=false, reference=null, credits=0.0, positive=false, type=AUTOMATIC, visibility=ALWAYS, testCase=TestCaseDTO[testName=testAttributes[Policy], id=1379]]], assessmentType=AUTOMATIC, hasComplaint=null, exampleResult=null, testCaseCount=13, passedTestCaseCount=0, codeIssueCount=0]], BuildJobQueueItem[id=20171739576740018, name=SHORT7914AFA00ADC3047140B99D01AC07810CE44TSTEXC-LOCALVCCIINTSTUDENT1, buildAgent=BuildAgentDTO[name=artemis-build-agent-test, memberAddress=[127.0.0.1]:5703, displayName=artemis-build-agent-test], participationId=2017, courseId=988, exerciseId=2605, retryCount=0, priority=2, status=SUCCESSFUL, repositoryInfo=RepositoryInfo[repositoryName=short7914afa00adc3047140b99d01ac07810ce44tstexc-practice-localvcciintstudent1, repositoryType=user, triggeredByPushTo=user, assignmentRepositoryUri=http://localhost:49152/git/SHORT7914AFA00ADC3047140B99D01AC07810CE44TSTEXC/short7914afa00adc3047140b99d01ac07810ce44tstexc-practice-localvcciintstudent1.git, testRepositoryUri=http://localhost:49152/git/SHORT7914AFA00ADC3047140B99D01AC07810CE44TSTEXC/short7914afa00adc3047140b99d01ac07810ce44tstexc-tests.git, solutionRepositoryUri=null, auxiliaryRepositoryUris=[Ljava.lang.String;@4d2a76b4, auxiliaryRepositoryCheckoutDirectories=[Ljava.lang.String;@2c9fcd30], jobTimingInfo=JobTimingInfo[submissionDate=2025-02-14T23:45:40.018961253Z[Etc/UTC], buildStartDate=2025-02-14T23:45:40.029742701Z[Etc/UTC], buildCompletionDate=2025-02-14T23:45:41.150208242Z[Etc/UTC], estimatedCompletionDate=2025-02-14T23:45:59.029734065Z[Etc/UTC], estimatedDuration=19], buildConfig=BuildConfig[buildScript=#!/bin/bash
cd /var/tmp/testing-dir
chmod +x ./gradlew
./gradlew clean test
, dockerImage=dummy-docker-image:latest, commitHashToBuild=d80b57877989b971e83ccdb4863c8a7023c76266, assignmentCommitHash=d80b57877989b971e83ccdb4863c8a7023c76266, testCommitHash=327b116890c92b1312314341f43f21ef13ecf7d7, branch=main, programmingLanguage=JAVA, projectType=PLAIN_GRADLE, scaEnabled=false, sequentialTestRunsEnabled=false, resultPaths=[/var/tmp/testing-dir/**/test-results/test/*.xml], timeoutSeconds=0, assignmentCheckoutPath=null, testCheckoutPath=null, solutionCheckoutPath=null, dockerRunConfig=null], submissionResult=ResultDTO[id=634, completionDate=2025-02-14T23:45:41.120192603Z[Etc/UTC], successful=false, score=7.7, rated=false, submission=SubmissionDTO[id=828, submitted=true, type=MANUAL, exampleSubmission=null, submissionDate=2025-02-14T23:45:40.008666Z, commitHash=d80b57877989b971e83ccdb4863c8a7023c76266, buildFailed=false, buildArtifact=false, participation=ParticipationDTO[id=2017, testRun=true, type=programming, submissionCount=null, exercise=ParticipationExerciseDTO[id=2605, exerciseType=PROGRAMMING, type=programming, assessmentType=AUTOMATIC, dueDate=2025-02-16T23:45:39.523500Z, assessmentDueDate=null, maxPoints=42.0, course=CourseDTO[id=988, accuracyOfScores=1]]], submissionExerciseType=programming, isProcessing=false, buildStartDate=null, estimatedCompletionDate=null], participation=ParticipationDTO[id=2017, testRun=true, type=programming, submissionCount=null, exercise=ParticipationExerciseDTO[id=2605, exerciseType=PROGRAMMING, type=programming, assessmentType=AUTOMATIC, dueDate=2025-02-16T23:45:39.523500Z, assessmentDueDate=null, maxPoints=42.0, course=CourseDTO[id=988, accuracyOfScores=1]]], feedbacks=[FeedbackDTO[id=946, text=null, detailText=The exercise expects a class with the name Context in the package testpackage. You did not implement the class in the exercise., hasLongFeedbackText=false, reference=null, credits=0.0, positive=false, type=AUTOMATIC, visibility=ALWAYS, testCase=TestCaseDTO[testName=null, id=1409]], FeedbackDTO[id=947, text=null, detailText=The exercise expects a class with the name Policy in the package testpackage. You did not implement the class in the exercise., hasLongFeedbackText=false, reference=null, credits=0.0, positive=false, type=AUTOMATIC, visibility=ALWAYS, testCase=TestCaseDTO[testName=null, id=1410]], FeedbackDTO[id=948, text=null, detailText=The exercise expects a class with the name SortStrategy in the package testpackage. You did not implement the class in the exercise., hasLongFeedbackText=false, reference=null, credits=0.0, positive=false, type=AUTOMATIC, visibility=ALWAYS, testCase=TestCaseDTO[testName=null, id=1411]], FeedbackDTO[id=949, text=null, detailText=The class 'MergeSort' does not implement the interface 'SortStrategy' as expected. Implement the interface and its methods., hasLongFeedbackText=false, reference=null, credits=0.0, positive=false, type=AUTOMATIC, visibility=ALWAYS, testCase=TestCaseDTO[testName=null, id=1406]], FeedbackDTO[id=950, text=null, detailText=The exercise expects a class with the name SortStrategy in the package testpackage. You did not implement the class in the exercise., hasLongFeedbackText=false, reference=null, credits=0.0, positive=false, type=AUTOMATIC, visibility=ALWAYS, testCase=TestCaseDTO[testName=null, id=1403]], FeedbackDTO[id=951, text=null, detailText=The class 'BubbleSort' does not implement the interface 'SortStrategy' as expected. Implement the interface and its methods., hasLongFeedbackText=false, reference=null, credits=0.0, positive=false, type=AUTOMATIC, visibility=ALWAYS, testCase=TestCaseDTO[testName=null, id=1407]], FeedbackDTO[id=952, text=null, detailText=MergeSort does not sort correctly, hasLongFeedbackText=false, reference=null, credits=0.0, positive=false, type=AUTOMATIC, visibility=ALWAYS, testCase=TestCaseDTO[testName=null, id=1412]], FeedbackDTO[id=953, text=null, detailText=The class 'Context' was not found within the submission. Make sure to implement it properly., hasLongFeedbackText=false, reference=null, credits=0.0, positive=false, type=AUTOMATIC, visibility=ALWAYS, testCase=TestCaseDTO[testName=null, id=1413]], FeedbackDTO[id=954, text=null, detailText=The class 'Context' was not found within the submission. Make sure to implement it properly., hasLongFeedbackText=false, reference=null, credits=0.0, positive=false, type=AUTOMATIC, visibility=ALWAYS, testCase=TestCaseDTO[testName=null, id=1414]], FeedbackDTO[id=955, text=null, detailText=The exercise expects a class with the name Policy in the package testpackage. You did not implement the class in the exercise., hasLongFeedbackText=false, reference=null, credits=0.0, positive=false, type=AUTOMATIC, visibility=ALWAYS, testCase=TestCaseDTO[testName=null, id=1408]], FeedbackDTO[id=956, text=null, detailText=The exercise expects a class with the name Context in the package testpackage. You did not implement the class in the exercise., hasLongFeedbackText=false, reference=null, credits=0.0, positive=false, type=AUTOMATIC, visibility=ALWAYS, testCase=TestCaseDTO[testName=null, id=1404]], FeedbackDTO[id=957, text=null, detailText=The exercise expects a class with the name Policy in the package testpackage. You did not implement the class in the exercise., hasLongFeedbackText=false, reference=null, credits=0.0, positive=false, type=AUTOMATIC, visibility=ALWAYS, testCase=TestCaseDTO[testName=null, id=1405]], FeedbackDTO[id=958, text=null, detailText=null, hasLongFeedbackText=false, reference=null, credits=3.230769230769231, positive=true, type=AUTOMATIC, visibility=ALWAYS, testCase=TestCaseDTO[testName=null, id=1415]]], assessmentType=AUTOMATIC, hasComplaint=null, exampleResult=null, testCaseCount=13, passedTestCaseCount=1, codeIssueCount=0]], BuildJobQueueItem[id=20261739576743984, name=SHORT53C73BE505404043100AC2F00C039353CE8FTSTEXC-LOCALVCCIINTSTUDENT1, buildAgent=BuildAgentDTO[name=artemis-build-agent-test, memberAddress=[127.0.0.1]:5703, displayName=artemis-build-agent-test], participationId=2026, courseId=991, exerciseId=2608, retryCount=0, priority=1, status=SUCCESSFUL, repositoryInfo=RepositoryInfo[repositoryName=short53c73be505404043100ac2f00c039353ce8ftstexc-localvcciintstudent1, repositoryType=user, triggeredByPushTo=user, assignmentRepositoryUri=http://localhost:49152/git/SHORT53C73BE505404043100AC2F00C039353CE8FTSTEXC/short53c73be505404043100ac2f00c039353ce8ftstexc-localvcciintstudent1.git, testRepositoryUri=http://localhost:49152/git/SHORT53C73BE505404043100AC2F00C039353CE8FTSTEXC/short53c73be505404043100ac2f00c039353ce8ftstexc-tests.git, solutionRepositoryUri=null, auxiliaryRepositoryUris=[Ljava.lang.String;@13b9f004, auxiliaryRepositoryCheckoutDirectories=[Ljava.lang.String;@20b1daf2], jobTimingInfo=JobTimingInfo[submissionDate=2025-02-14T23:45:43.984518859Z[Etc/UTC], buildStartDate=2025-02-14T23:45:43.991385682Z[Etc/UTC], buildCompletionDate=2025-02-14T23:45:44.982059928Z[Etc/UTC], estimatedCompletionDate=2025-02-14T23:46:02.991380122Z[Etc/UTC], estimatedDuration=19], buildConfig=BuildConfig[buildScript=#!/bin/bash
cd /var/tmp/testing-dir
chmod +x ./gradlew
./gradlew clean test
, dockerImage=dummy-docker-image:latest, commitHashToBuild=3e90ae9fef2e44ffb41451a080bdaa6a44ad6848, assignmentCommitHash=3e90ae9fef2e44ffb41451a080bdaa6a44ad6848, testCommitHash=0582754c87aae13e640312855ce7dbe490ecb50c, branch=main, programmingLanguage=JAVA, projectType=PLAIN_GRADLE, scaEnabled=false, sequentialTestRunsEnabled=false, resultPaths=[/var/tmp/testing-dir/**/test-results/test/*.xml], timeoutSeconds=0, assignmentCheckoutPath=null, testCheckoutPath=null, solutionCheckoutPath=null, dockerRunConfig=null], submissionResult=ResultDTO[id=635, completionDate=2025-02-14T23:45:44.961313737Z[Etc/UTC], successful=false, score=7.7, rated=true, submission=SubmissionDTO[id=829, submitted=true, type=MANUAL, exampleSubmission=null, submissionDate=2025-02-14T23:45:43.967766Z, commitHash=3e90ae9fef2e44ffb41451a080bdaa6a44ad6848, buildFailed=false, buildArtifact=false, participation=ParticipationDTO[id=2026, testRun=false, type=programming, submissionCount=null, exercise=ParticipationExerciseDTO[id=2608, exerciseType=PROGRAMMING, type=programming, assessmentType=AUTOMATIC, dueDate=2025-02-16T23:45:43.597978Z, assessmentDueDate=null, maxPoints=42.0, course=CourseDTO[id=991, accuracyOfScores=1]]], submissionExerciseType=programming, isProcessing=false, buildStartDate=null, estimatedCompletionDate=null], participation=ParticipationDTO[id=2026, testRun=false, type=programming, submissionCount=null, exercise=ParticipationExerciseDTO[id=2608, exerciseType=PROGRAMMING, type=programming, assessmentType=AUTOMATIC, dueDate=2025-02-16T23:45:43.597978Z, assessmentDueDate=null, maxPoints=42.0, course=CourseDTO[id=991, accuracyOfScores=1]]], feedbacks=[FeedbackDTO[id=959, text=null, detailText=The exercise expects a class with the name Context in the package testpackage. You did not implement the class in the exercise., hasLongFeedbackText=false, reference=null, credits=0.0, positive=false, type=AUTOMATIC, visibility=ALWAYS, testCase=TestCaseDTO[testName=null, id=1448]], FeedbackDTO[id=960, text=null, detailText=The exercise expects a class with the name Policy in the package testpackage. You did not implement the class in the exercise., hasLongFeedbackText=false, reference=null, credits=0.0, positive=false, type=AUTOMATIC, visibility=ALWAYS, testCase=TestCaseDTO[testName=null, id=1449]], FeedbackDTO[id=961, text=null, detailText=The exercise expects a class with the name SortStrategy in the package testpackage. You did not implement the class in the exercise., hasLongFeedbackText=false, reference=null, credits=0.0, positive=false, type=AUTOMATIC, visibility=ALWAYS, testCase=TestCaseDTO[testName=null, id=1450]], FeedbackDTO[id=962, text=null, detailText=The class 'MergeSort' does not implement the interface 'SortStrategy' as expected. Implement the interface and its methods., hasLongFeedbackText=false, reference=null, credits=0.0, positive=false, type=AUTOMATIC, visibility=ALWAYS, testCase=TestCaseDTO[testName=null, id=1445]], FeedbackDTO[id=963, text=null, detailText=The exercise expects a class with the name SortStrategy in the package testpackage. You did not implement the class in the exercise., hasLongFeedbackText=false, reference=null, credits=0.0, positive=false, type=AUTOMATIC, visibility=ALWAYS, testCase=TestCaseDTO[testName=null, id=1442]], FeedbackDTO[id=964, text=null, detailText=The class 'BubbleSort' does not implement the interface 'SortStrategy' as expected. Implement the interface and its methods., hasLongFeedbackText=false, reference=null, credits=0.0, positive=false, type=AUTOMATIC, visibility=ALWAYS, testCase=TestCaseDTO[testName=null, id=1446]], FeedbackDTO[id=965, text=null, detailText=MergeSort does not sort correctly, hasLongFeedbackText=false, reference=null, credits=0.0, positive=false, type=AUTOMATIC, visibility=ALWAYS, testCase=TestCaseDTO[testName=null, id=1451]], FeedbackDTO[id=966, text=null, detailText=The class 'Context' was not found within the submission. Make sure to implement it properly., hasLongFeedbackText=false, reference=null, credits=0.0, positive=false, type=AUTOMATIC, visibility=ALWAYS, testCase=TestCaseDTO[testName=null, id=1452]], FeedbackDTO[id=967, text=null, detailText=The class 'Context' was not found within the submission. Make sure to implement it properly., hasLongFeedbackText=false, reference=null, credits=0.0, positive=false, type=AUTOMATIC, visibility=ALWAYS, testCase=TestCaseDTO[testName=null, id=1453]], FeedbackDTO[id=968, text=null, detailText=The exercise expects a class with the name Policy in the package testpackage. You did not implement the class in the exercise., hasLongFeedbackText=false, reference=null, credits=0.0, positive=false, type=AUTOMATIC, visibility=ALWAYS, testCase=TestCaseDTO[testName=null, id=1447]], FeedbackDTO[id=969, text=null, detailText=The exercise expects a class with the name Context in the package testpackage. You did not implement the class in the exercise., hasLongFeedbackText=false, reference=null, credits=0.0, positive=false, type=AUTOMATIC, visibility=ALWAYS, testCase=TestCaseDTO[testName=null, id=1443]], FeedbackDTO[id=970, text=null, detailText=The exercise expects a class with the name Policy in the package testpackage. You did not implement the class in the exercise., hasLongFeedbackText=false, reference=null, credits=0.0, positive=false, type=AUTOMATIC, visibility=ALWAYS, testCase=TestCaseDTO[testName=null, id=1444]], FeedbackDTO[id=971, text=null, detailText=null, hasLongFeedbackText=false, reference=null, credits=3.230769230769231, positive=true, type=AUTOMATIC, visibility=ALWAYS, testCase=TestCaseDTO[testName=null, id=1454]]], assessmentType=AUTOMATIC, hasComplaint=null, exampleResult=null, testCaseCount=13, passedTestCaseCount=1, codeIssueCount=0]], BuildJobQueueItem[id=20271739576746886, name=SHORT0FC863930E92904248098A506171F81CF6CFTSTEXC-SOLUTION, buildAgent=BuildAgentDTO[name=artemis-build-agent-test, memberAddress=[127.0.0.1]:5703, displayName=artemis-build-agent-test], participationId=2027, courseId=992, exerciseId=2609, retryCount=0, priority=2, status=SUCCESSFUL, repositoryInfo=RepositoryInfo[repositoryName=short0fc863930e92904248098a506171f81cf6cftstexc-solution, repositoryType=solution, triggeredByPushTo=auxiliary, assignmentRepositoryUri=http://localhost:49152/git/SHORT0FC863930E92904248098A506171F81CF6CFTSTEXC/short0fc863930e92904248098a506171f81cf6cftstexc-solution.git, testRepositoryUri=http://localhost:49152/git/SHORT0FC863930E92904248098A506171F81CF6CFTSTEXC/short0fc863930e92904248098a506171f81cf6cftstexc-tests.git, solutionRepositoryUri=null, auxiliaryRepositoryUris=[Ljava.lang.String;@3e308786, auxiliaryRepositoryCheckoutDirectories=[Ljava.lang.String;@6c942b3d], jobTimingInfo=JobTimingInfo[submissionDate=2025-02-14T23:45:46.886984066Z[Etc/UTC], buildStartDate=2025-02-14T23:45:46.897709578Z[Etc/UTC], buildCompletionDate=2025-02-14T23:45:48.628460156Z[Etc/UTC], estimatedCompletionDate=2025-02-14T23:46:05.897701272Z[Etc/UTC], estimatedDuration=19], buildConfig=BuildConfig[buildScript=#!/bin/bash
cd /var/tmp/testing-dir
chmod +x ./gradlew
./gradlew clean test
, dockerImage=dummy-docker-image:latest, commitHashToBuild=null, assignmentCommitHash=115a2e943bee242fdad360b50d8ad5f30792577e, testCommitHash=9b3a9bd71a0d80e5bbc42204c319ed3d1d4f0d6d, branch=main, programmingLanguage=JAVA, projectType=PLAIN_GRADLE, scaEnabled=false, sequentialTestRunsEnabled=false, resultPaths=[/var/tmp/testing-dir/**/test-results/test/*.xml], timeoutSeconds=0, assignmentCheckoutPath=null, testCheckoutPath=null, solutionCheckoutPath=null, dockerRunConfig=null], submissionResult=ResultDTO[id=636, completionDate=2025-02-14T23:45:48.593370968Z[Etc/UTC], successful=true, score=100.0, rated=true, submission=SubmissionDTO[id=830, submitted=true, type=TEST, exampleSubmission=null, submissionDate=2025-02-14T23:45:46.873671Z, commitHash=9b3a9bd71a0d80e5bbc42204c319ed3d1d4f0d6d, buildFailed=false, buildArtifact=false, participation=ParticipationDTO[id=2027, testRun=false, type=solution, submissionCount=null, exercise=ParticipationExerciseDTO[id=2609, exerciseType=PROGRAMMING, type=programming, assessmentType=AUTOMATIC, dueDate=2025-02-16T23:45:46.386304Z, assessmentDueDate=null, maxPoints=42.0, course=CourseDTO[id=992, accuracyOfScores=1]]], submissionExerciseType=programming, isProcessing=false, buildStartDate=null, estimatedCompletionDate=null], participation=ParticipationDTO[id=2027, testRun=false, type=solution, submissionCount=null, exercise=ParticipationExerciseDTO[id=2609, exerciseType=PROGRAMMING, type=programming, assessmentType=AUTOMATIC, dueDate=2025-02-16T23:45:46.386304Z, assessmentDueDate=null, maxPoints=42.0, course=CourseDTO[id=992, accuracyOfScores=1]]], feedbacks=[FeedbackDTO[id=972, text=null, detailText=null, hasLongFeedbackText=false, reference=null, credits=3.230769230769231, positive=true, type=AUTOMATIC, visibility=ALWAYS, testCase=TestCaseDTO[testName=testMethods[Context], id=1461]], FeedbackDTO[id=973, text=null, detailText=null, hasLongFeedbackText=false, reference=null, credits=3.230769230769231, positive=true, type=AUTOMATIC, visibility=ALWAYS, testCase=TestCaseDTO[testName=testMethods[Policy], id=1462]], FeedbackDTO[id=974, text=null, detailText=null, hasLongFeedbackText=false, reference=null, credits=3.230769230769231, positive=true, type=AUTOMATIC, visibility=ALWAYS, testCase=TestCaseDTO[testName=testMethods[SortStrategy], id=1463]], FeedbackDTO[id=975, text=null, detailText=null, hasLongFeedbackText=false, reference=null, credits=3.230769230769231, positive=true, type=AUTOMATIC, visibility=ALWAYS, testCase=TestCaseDTO[testName=testClass[MergeSort], id=1458]], FeedbackDTO[id=976, text=null, detailText=null, hasLongFeedbackText=false, reference=null, credits=3.230769230769231, positive=true, type=AUTOMATIC, visibility=ALWAYS, testCase=TestCaseDTO[testName=testClass[SortStrategy], id=1455]], FeedbackDTO[id=977, text=null, detailText=null, hasLongFeedbackText=false, reference=null, credits=3.230769230769231, positive=true, type=AUTOMATIC, visibility=ALWAYS, testCase=TestCaseDTO[testName=testClass[BubbleSort], id=1459]], FeedbackDTO[id=978, text=null, detailText=null, hasLongFeedbackText=false, reference=null, credits=3.230769230769231, positive=true, type=AUTOMATIC, visibility=ALWAYS, testCase=TestCaseDTO[testName=testMergeSort(), id=1464]], FeedbackDTO[id=979, text=null, detailText=null, hasLongFeedbackText=false, reference=null, credits=3.230769230769231, positive=true, type=AUTOMATIC, visibility=ALWAYS, testCase=TestCaseDTO[testName=testUseBubbleSortForSmallList(), id=1465]], FeedbackDTO[id=980, text=null, detailText=null, hasLongFeedbackText=false, reference=null, credits=3.230769230769231, positive=true, type=AUTOMATIC, visibility=ALWAYS, testCase=TestCaseDTO[testName=testBubbleSort(), id=1467]], FeedbackDTO[id=981, text=null, detailText=null, hasLongFeedbackText=false, reference=null, credits=3.230769230769231, positive=true, type=AUTOMATIC, visibility=ALWAYS, testCase=TestCaseDTO[testName=testUseMergeSortForBigList(), id=1466]], FeedbackDTO[id=982, text=null, detailText=null, hasLongFeedbackText=false, reference=null, credits=3.230769230769231, positive=true, type=AUTOMATIC, visibility=ALWAYS, testCase=TestCaseDTO[testName=testConstructors[Policy], id=1460]], FeedbackDTO[id=983, text=null, detailText=null, hasLongFeedbackText=false, reference=null, credits=3.230769230769231, positive=true, type=AUTOMATIC, visibility=ALWAYS, testCase=TestCaseDTO[testName=testAttributes[Context], id=1456]], FeedbackDTO[id=984, text=null, detailText=null, hasLongFeedbackText=false, reference=null, credits=3.230769230769231, positive=true, type=AUTOMATIC, visibility=ALWAYS, testCase=TestCaseDTO[testName=testAttributes[Policy], id=1457]]], assessmentType=AUTOMATIC, hasComplaint=null, exampleResult=null, testCaseCount=13, passedTestCaseCount=13, codeIssueCount=0]], BuildJobQueueItem[id=20281739576748768, name=SHORT0FC863930E92904248098A506171F81CF6CFTSTEXC-BASE, buildAgent=BuildAgentDTO[name=artemis-build-agent-test, memberAddress=[127.0.0.1]:5703, displayName=artemis-build-agent-test], participationId=2028, courseId=992, exerciseId=2609, retryCount=0, priority=2, status=SUCCESSFUL, repositoryInfo=RepositoryInfo[repositoryName=short0fc863930e92904248098a506171f81cf6cftstexc-exercise, repositoryType=exercise, triggeredByPushTo=auxiliary, assignmentRepositoryUri=http://localhost:49152/git/SHORT0FC863930E92904248098A506171F81CF6CFTSTEXC/short0fc863930e92904248098a506171f81cf6cftstexc-exercise.git, testRepositoryUri=http://localhost:49152/git/SHORT0FC863930E92904248098A506171F81CF6CFTSTEXC/short0fc863930e92904248098a506171f81cf6cftstexc-tests.git, solutionRepositoryUri=null, auxiliaryRepositoryUris=[Ljava.lang.String;@3071df7b, auxiliaryRepositoryCheckoutDirectories=[Ljava.lang.String;@1e39f5cd], jobTimingInfo=JobTimingInfo[submissionDate=2025-02-14T23:45:48.768063548Z[Etc/UTC], buildStartDate=2025-02-14T23:45:48.802531989Z[Etc/UTC], buildCompletionDate=2025-02-14T23:45:50.482681367Z[Etc/UTC], estimatedCompletionDate=2025-02-14T23:45:50.802523092Z[Etc/UTC], estimatedDuration=2], buildConfig=BuildConfig[buildScript=#!/bin/bash
cd /var/tmp/testing-dir
chmod +x ./gradlew
./gradlew clean test
, dockerImage=dummy-docker-image:latest, commitHashToBuild=9b3a9bd71a0d80e5bbc42204c319ed3d1d4f0d6d, assignmentCommitHash=115a2e943bee242fdad360b50d8ad5f30792577e, testCommitHash=9b3a9bd71a0d80e5bbc42204c319ed3d1d4f0d6d, branch=main, programmingLanguage=JAVA, projectType=PLAIN_GRADLE, scaEnabled=false, sequentialTestRunsEnabled=false, resultPaths=[/var/tmp/testing-dir/**/test-results/test/*.xml], timeoutSeconds=0, assignmentCheckoutPath=null, testCheckoutPath=null, solutionCheckoutPath=null, dockerRunConfig=null], submissionResult=ResultDTO[id=637, completionDate=2025-02-14T23:45:50.449084694Z[Etc/UTC], successful=false, score=0.0, rated=true, submission=SubmissionDTO[id=831, submitted=true, type=TEST, exampleSubmission=null, submissionDate=2025-02-14T23:45:48.761177Z, commitHash=9b3a9bd71a0d80e5bbc42204c319ed3d1d4f0d6d, buildFailed=false, buildArtifact=false, participation=ParticipationDTO[id=2028, testRun=false, type=template, submissionCount=null, exercise=ParticipationExerciseDTO[id=2609, exerciseType=PROGRAMMING, type=programming, assessmentType=AUTOMATIC, dueDate=2025-02-16T23:45:46.386304Z, assessmentDueDate=null, maxPoints=42.0, course=CourseDTO[id=992, accuracyOfScores=1]]], submissionExerciseType=programming, isProcessing=false, buildStartDate=null, estimatedCompletionDate=null], participation=ParticipationDTO[id=2028, testRun=false, type=template, submissionCount=null, exercise=ParticipationExerciseDTO[id=2609, exerciseType=PROGRAMMING, type=programming, assessmentType=AUTOMATIC, dueDate=2025-02-16T23:45:46.386304Z, assessmentDueDate=null, maxPoints=42.0, course=CourseDTO[id=992, accuracyOfScores=1]]], feedbacks=[FeedbackDTO[id=985, text=null, detailText=The exercise expects a class with the name Context in the package testpackage. You did not implement the class in the exercise., hasLongFeedbackText=false, reference=null, credits=0.0, positive=false, type=AUTOMATIC, visibility=ALWAYS, testCase=TestCaseDTO[testName=testMethods[Context], id=1461]], FeedbackDTO[id=986, text=null, detailText=The exercise expects a class with the name Policy in the package testpackage. You did not implement the class in the exercise., hasLongFeedbackText=false, reference=null, credits=0.0, positive=false, type=AUTOMATIC, visibility=ALWAYS, testCase=TestCaseDTO[testName=testMethods[Policy], id=1462]], FeedbackDTO[id=987, text=null, detailText=The exercise expects a class with the name SortStrategy in the package testpackage. You did not implement the class in the exercise., hasLongFeedbackText=false, reference=null, credits=0.0, positive=false, type=AUTOMATIC, visibility=ALWAYS, testCase=TestCaseDTO[testName=testMethods[SortStrategy], id=1463]], FeedbackDTO[id=988, text=null, detailText=The class 'MergeSort' does not implement the interface 'SortStrategy' as expected. Implement the interface and its methods., hasLongFeedbackText=false, reference=null, credits=0.0, positive=false, type=AUTOMATIC, visibility=ALWAYS, testCase=TestCaseDTO[testName=testClass[MergeSort], id=1458]], FeedbackDTO[id=989, text=null, detailText=The exercise expects a class with the name SortStrategy in the package testpackage. You did not implement the class in the exercise., hasLongFeedbackText=false, reference=null, credits=0.0, positive=false, type=AUTOMATIC, visibility=ALWAYS, testCase=TestCaseDTO[testName=testClass[SortStrategy], id=1455]], FeedbackDTO[id=990, text=null, detailText=The class 'BubbleSort' does not implement the interface 'SortStrategy' as expected. Implement the interface and its methods., hasLongFeedbackText=false, reference=null, credits=0.0, positive=false, type=AUTOMATIC, visibility=ALWAYS, testCase=TestCaseDTO[testName=testClass[BubbleSort], id=1459]], FeedbackDTO[id=991, text=null, detailText=MergeSort does not sort correctly, hasLongFeedbackText=false, reference=null, credits=0.0, positive=false, type=AUTOMATIC, visibility=ALWAYS, testCase=TestCaseDTO[testName=testMergeSort(), id=1464]], FeedbackDTO[id=992, text=null, detailText=The class 'Context' was not found within the submission. Make sure to implement it properly., hasLongFeedbackText=false, reference=null, credits=0.0, positive=false, type=AUTOMATIC, visibility=ALWAYS, testCase=TestCaseDTO[testName=testUseBubbleSortForSmallList(), id=1465]], FeedbackDTO[id=993, text=null, detailText=BubbleSort does not sort correctly, hasLongFeedbackText=false, reference=null, credits=0.0, positive=false, type=AUTOMATIC, visibility=ALWAYS, testCase=TestCaseDTO[testName=testBubbleSort(), id=1467]], FeedbackDTO[id=994, text=null, detailText=The class 'Context' was not found within the submission. Make sure to implement it properly., hasLongFeedbackText=false, reference=null, credits=0.0, positive=false, type=AUTOMATIC, visibility=ALWAYS, testCase=TestCaseDTO[testName=testUseMergeSortForBigList(), id=1466]], FeedbackDTO[id=995, text=null, detailText=The exercise expects a class with the name Policy in the package testpackage. You did not implement the class in the exercise., hasLongFeedbackText=false, reference=null, credits=0.0, positive=false, type=AUTOMATIC, visibility=ALWAYS, testCase=TestCaseDTO[testName=testConstructors[Policy], id=1460]], FeedbackDTO[id=996, text=null, detailText=The exercise expects a class with the name Context in the package testpackage. You did not implement the class in the exercise., hasLongFeedbackText=false, reference=null, credits=0.0, positive=false, type=AUTOMATIC, visibility=ALWAYS, testCase=TestCaseDTO[testName=testAttributes[Context], id=1456]], FeedbackDTO[id=997, text=null, detailText=The exercise expects a class with the name Policy in the package testpackage. You did not implement the class in the exercise., hasLongFeedbackText=false, reference=null, credits=0.0, positive=false, type=AUTOMATIC, visibility=ALWAYS, testCase=TestCaseDTO[testName=testAttributes[Policy], id=1457]]], assessmentType=AUTOMATIC, hasComplaint=null, exampleResult=null, testCaseCount=13, passedTestCaseCount=0, codeIssueCount=0]], BuildJobQueueItem[id=20291739576751299, name=SHORT716C2EC10B19B049C80A2F00B97EAB20B2A9TSTEXC-SOLUTION, buildAgent=BuildAgentDTO[name=artemis-build-agent-test, memberAddress=[127.0.0.1]:5703, displayName=artemis-build-agent-test], participationId=2029, courseId=993, exerciseId=2610, retryCount=0, priority=2, status=SUCCESSFUL, repositoryInfo=RepositoryInfo[repositoryName=short716c2ec10b19b049c80a2f00b97eab20b2a9tstexc-solution, repositoryType=solution, triggeredByPushTo=tests, assignmentRepositoryUri=http://localhost:49152/git/SHORT716C2EC10B19B049C80A2F00B97EAB20B2A9TSTEXC/short716c2ec10b19b049c80a2f00b97eab20b2a9tstexc-solution.git, testRepositoryUri=http://localhost:49152/git/SHORT716C2EC10B19B049C80A2F00B97EAB20B2A9TSTEXC/short716c2ec10b19b049c80a2f00b97eab20b2a9tstexc-tests.git, solutionRepositoryUri=null, auxiliaryRepositoryUris=[Ljava.lang.String;@240f4d3b, auxiliaryRepositoryCheckoutDirectories=[Ljava.lang.String;@698f4744], jobTimingInfo=JobTimingInfo[submissionDate=2025-02-14T23:45:51.299892174Z[Etc/UTC], buildStartDate=2025-02-14T23:45:51.314028505Z[Etc/UTC], buildCompletionDate=2025-02-14T23:45:52.158312850Z[Etc/UTC], estimatedCompletionDate=2025-02-14T23:46:10.314021752Z[Etc/UTC], estimatedDuration=19], buildConfig=BuildConfig[buildScript=#!/bin/bash
cd /var/tmp/testing-dir
chmod +x ./gradlew
./gradlew clean test
, dockerImage=dummy-docker-image:latest, commitHashToBuild=1e531733ed6e9237f710b528d1eb0b7beac565fd, assignmentCommitHash=815e279f12ad296b4f24c44134a07293c04c010f, testCommitHash=1e531733ed6e9237f710b528d1eb0b7beac565fd, branch=main, programmingLanguage=JAVA, projectType=PLAIN_GRADLE, scaEnabled=false, sequentialTestRunsEnabled=false, resultPaths=[/var/tmp/testing-dir/**/test-results/test/*.xml], timeoutSeconds=0, assignmentCheckoutPath=null, testCheckoutPath=null, solutionCheckoutPath=null, dockerRunConfig=null], submissionResult=ResultDTO[id=638, completionDate=2025-02-14T23:45:52.146826070Z[Etc/UTC], successful=true, score=100.0, rated=true, submission=SubmissionDTO[id=832, submitted=true, type=TEST, exampleSubmission=null, submissionDate=2025-02-14T23:45:51.275713Z, commitHash=1e531733ed6e9237f710b528d1eb0b7beac565fd, buildFailed=false, buildArtifact=false, participation=ParticipationDTO[id=2029, testRun=false, type=solution, submissionCount=null, exercise=ParticipationExerciseDTO[id=2610, exerciseType=PROGRAMMING, type=programming, assessmentType=AUTOMATIC, dueDate=2025-02-16T23:45:50.869093Z, assessmentDueDate=null, maxPoints=42.0, course=CourseDTO[id=993, accuracyOfScores=1]]], submissionExerciseType=programming, isProcessing=false, buildStartDate=null, estimatedCompletionDate=null], participation=ParticipationDTO[id=2029, testRun=false, type=solution, submissionCount=null, exercise=ParticipationExerciseDTO[id=2610, exerciseType=PROGRAMMING, type=programming, assessmentType=AUTOMATIC, dueDate=2025-02-16T23:45:50.869093Z, assessmentDueDate=null, maxPoints=42.0, course=CourseDTO[id=993, accuracyOfScores=1]]], feedbacks=[FeedbackDTO[id=998, text=null, detailText=null, hasLongFeedbackText=false, reference=null, credits=3.230769230769231, positive=true, type=AUTOMATIC, visibility=ALWAYS, testCase=TestCaseDTO[testName=testMethods[Context], id=1474]], FeedbackDTO[id=999, text=null, detailText=null, hasLongFeedbackText=false, reference=null, credits=3.230769230769231, positive=true, type=AUTOMATIC, visibility=ALWAYS, testCase=TestCaseDTO[testName=testMethods[Policy], id=1475]], FeedbackDTO[id=1000, text=null, detailText=null, hasLongFeedbackText=false, reference=null, credits=3.230769230769231, positive=true, type=AUTOMATIC, visibility=ALWAYS, testCase=TestCaseDTO[testName=testMethods[SortStrategy], id=1476]], FeedbackDTO[id=1001, text=null, detailText=null, hasLongFeedbackText=false, reference=null, credits=3.230769230769231, positive=true, type=AUTOMATIC, visibility=ALWAYS, testCase=TestCaseDTO[testName=testClass[MergeSort], id=1471]], FeedbackDTO[id=1002, text=null, detailText=null, hasLongFeedbackText=false, reference=null, credits=3.230769230769231, positive=true, type=AUTOMATIC, visibility=ALWAYS, testCase=TestCaseDTO[testName=testClass[SortStrategy], id=1468]], FeedbackDTO[id=1003, text=null, detailText=null, hasLongFeedbackText=false, reference=null, credits=3.230769230769231, positive=true, type=AUTOMATIC, visibility=ALWAYS, testCase=TestCaseDTO[testName=testClass[BubbleSort], id=1472]], FeedbackDTO[id=1004, text=null, detailText=null, hasLongFeedbackText=false, reference=null, credits=3.230769230769231, positive=true, type=AUTOMATIC, visibility=ALWAYS, testCase=TestCaseDTO[testName=testMergeSort(), id=1477]], FeedbackDTO[id=1005, text=null, detailText=null, hasLongFeedbackText=false, reference=null, credits=3.230769230769231, positive=true, type=AUTOMATIC, visibility=ALWAYS, testCase=TestCaseDTO[testName=testUseBubbleSortForSmallList(), id=1478]], FeedbackDTO[id=1006, text=null, detailText=null, hasLongFeedbackText=false, reference=null, credits=3.230769230769231, positive=true, type=AUTOMATIC, visibility=ALWAYS, testCase=TestCaseDTO[testName=testBubbleSort(), id=1480]], FeedbackDTO[id=1007, text=null, detailText=null, hasLongFeedbackText=false, reference=null, credits=3.230769230769231, positive=true, type=AUTOMATIC, visibility=ALWAYS, testCase=TestCaseDTO[testName=testUseMergeSortForBigList(), id=1479]], FeedbackDTO[id=1008, text=null, detailText=null, hasLongFeedbackText=false, reference=null, credits=3.230769230769231, positive=true, type=AUTOMATIC, visibility=ALWAYS, testCase=TestCaseDTO[testName=testConstructors[Policy], id=1473]], FeedbackDTO[id=1009, text=null, detailText=null, hasLongFeedbackText=false, reference=null, credits=3.230769230769231, positive=true, type=AUTOMATIC, visibility=ALWAYS, testCase=TestCaseDTO[testName=testAttributes[Context], id=1469]], FeedbackDTO[id=1010, text=null, detailText=null, hasLongFeedbackText=false, reference=null, credits=3.230769230769231, positive=true, type=AUTOMATIC, visibility=ALWAYS, testCase=TestCaseDTO[testName=testAttributes[Policy], id=1470]]], assessmentType=AUTOMATIC, hasComplaint=null, exampleResult=null, testCaseCount=13, passedTestCaseCount=13, codeIssueCount=0]], BuildJobQueueItem[id=20301739576752239, name=SHORT716C2EC10B19B049C80A2F00B97EAB20B2A9TSTEXC-BASE, buildAgent=BuildAgentDTO[name=artemis-build-agent-test, memberAddress=[127.0.0.1]:5703, displayName=artemis-build-agent-test], participationId=2030, courseId=993, exerciseId=2610, retryCount=0, priority=2, status=SUCCESSFUL, repositoryInfo=RepositoryInfo[repositoryName=short716c2ec10b19b049c80a2f00b97eab20b2a9tstexc-exercise, repositoryType=exercise, triggeredByPushTo=tests, assignmentRepositoryUri=http://localhost:49152/git/SHORT716C2EC10B19B049C80A2F00B97EAB20B2A9TSTEXC/short716c2ec10b19b049c80a2f00b97eab20b2a9tstexc-exercise.git, testRepositoryUri=http://localhost:49152/git/SHORT716C2EC10B19B049C80A2F00B97EAB20B2A9TSTEXC/short716c2ec10b19b049c80a2f00b97eab20b2a9tstexc-tests.git, solutionRepositoryUri=null, auxiliaryRepositoryUris=[Ljava.lang.String;@57bbc709, auxiliaryRepositoryCheckoutDirectories=[Ljava.lang.String;@6fdd7ae], jobTimingInfo=JobTimingInfo[submissionDate=2025-02-14T23:45:52.239402475Z[Etc/UTC], buildStartDate=2025-02-14T23:45:52.258713639Z[Etc/UTC], buildCompletionDate=2025-02-14T23:45:53.238773956Z[Etc/UTC], estimatedCompletionDate=2025-02-14T23:45:53.258707428Z[Etc/UTC], estimatedDuration=1], buildConfig=BuildConfig[buildScript=#!/bin/bash
cd /var/tmp/testing-dir
chmod +x ./gradlew
./gradlew clean test
, dockerImage=dummy-docker-image:latest, commitHashToBuild=1e531733ed6e9237f710b528d1eb0b7beac565fd, assignmentCommitHash=815e279f12ad296b4f24c44134a07293c04c010f, testCommitHash=1e531733ed6e9237f710b528d1eb0b7beac565fd, branch=main, programmingLanguage=JAVA, projectType=PLAIN_GRADLE, scaEnabled=false, sequentialTestRunsEnabled=false, resultPaths=[/var/tmp/testing-dir/**/test-results/test/*.xml], timeoutSeconds=0, assignmentCheckoutPath=null, testCheckoutPath=null, solutionCheckoutPath=null, dockerRunConfig=null], submissionResult=ResultDTO[id=639, completionDate=2025-02-14T23:45:53.225806205Z[Etc/UTC], successful=false, score=0.0, rated=true, submission=SubmissionDTO[id=833, submitted=true, type=TEST, exampleSubmission=null, submissionDate=2025-02-14T23:45:52.237179Z, commitHash=1e531733ed6e9237f710b528d1eb0b7beac565fd, buildFailed=false, buildArtifact=false, participation=ParticipationDTO[id=2030, testRun=false, type=template, submissionCount=null, exercise=ParticipationExerciseDTO[id=2610, exerciseType=PROGRAMMING, type=programming, assessmentType=AUTOMATIC, dueDate=2025-02-16T23:45:50.869093Z, assessmentDueDate=null, maxPoints=42.0, course=CourseDTO[id=993, accuracyOfScores=1]]], submissionExerciseType=programming, isProcessing=false, buildStartDate=null, estimatedCompletionDate=null], participation=ParticipationDTO[id=2030, testRun=false, type=template, submissionCount=null, exercise=ParticipationExerciseDTO[id=2610, exerciseType=PROGRAMMING, type=programming, assessmentType=AUTOMATIC, dueDate=2025-02-16T23:45:50.869093Z, assessmentDueDate=null, maxPoints=42.0, course=CourseDTO[id=993, accuracyOfScores=1]]], feedbacks=[FeedbackDTO[id=1011, text=null, detailText=The exercise expects a class with the name Context in the package testpackage. You did not implement the class in the exercise., hasLongFeedbackText=false, reference=null, credits=0.0, positive=false, type=AUTOMATIC, visibility=ALWAYS, testCase=TestCaseDTO[testName=testMethods[Context], id=1474]], FeedbackDTO[id=1012, text=null, detailText=The exercise expects a class with the name Policy in the package testpackage. You did not implement the class in the exercise., hasLongFeedbackText=false, reference=null, credits=0.0, positive=false, type=AUTOMATIC, visibility=ALWAYS, testCase=TestCaseDTO[testName=testMethods[Policy], id=1475]], FeedbackDTO[id=1013, text=null, detailText=The exercise expects a class with the name SortStrategy in the package testpackage. You did not implement the class in the exercise., hasLongFeedbackText=false, reference=null, credits=0.0, positive=false, type=AUTOMATIC, visibility=ALWAYS, testCase=TestCaseDTO[testName=testMethods[SortStrategy], id=1476]], FeedbackDTO[id=1014, text=null, detailText=The class 'MergeSort' does not implement the interface 'SortStrategy' as expected. Implement the interface and its methods., hasLongFeedbackText=false, reference=null, credits=0.0, positive=false, type=AUTOMATIC, visibility=ALWAYS, testCase=TestCaseDTO[testName=testClass[MergeSort], id=1471]], FeedbackDTO[id=1015, text=null, detailText=The exercise expects a class with the name SortStrategy in the package testpackage. You did not implement the class in the exercise., hasLongFeedbackText=false, reference=null, credits=0.0, positive=false, type=AUTOMATIC, visibility=ALWAYS, testCase=TestCaseDTO[testName=testClass[SortStrategy], id=1468]], FeedbackDTO[id=1016, text=null, detailText=The class 'BubbleSort' does not implement the interface 'SortStrategy' as expected. Implement the interface and its methods., hasLongFeedbackText=false, reference=null, credits=0.0, positive=false, type=AUTOMATIC, visibility=ALWAYS, testCase=TestCaseDTO[testName=testClass[BubbleSort], id=1472]], FeedbackDTO[id=1017, text=null, detailText=MergeSort does not sort correctly, hasLongFeedbackText=false, reference=null, credits=0.0, positive=false, type=AUTOMATIC, visibility=ALWAYS, testCase=TestCaseDTO[testName=testMergeSort(), id=1477]], FeedbackDTO[id=1018, text=null, detailText=The class 'Context' was not found within the submission. Make sure to implement it properly., hasLongFeedbackText=false, reference=null, credits=0.0, positive=false, type=AUTOMATIC, visibility=ALWAYS, testCase=TestCaseDTO[testName=testUseBubbleSortForSmallList(), id=1478]], FeedbackDTO[id=1019, text=null, detailText=BubbleSort does not sort correctly, hasLongFeedbackText=false, reference=null, credits=0.0, positive=false, type=AUTOMATIC, visibility=ALWAYS, testCase=TestCaseDTO[testName=testBubbleSort(), id=1480]], FeedbackDTO[id=1020, text=null, detailText=The class 'Context' was not found within the submission. Make sure to implement it properly., hasLongFeedbackText=false, reference=null, credits=0.0, positive=false, type=AUTOMATIC, visibility=ALWAYS, testCase=TestCaseDTO[testName=testUseMergeSortForBigList(), id=1479]], FeedbackDTO[id=1021, text=null, detailText=The exercise expects a class with the name Policy in the package testpackage. You did not implement the class in the exercise., hasLongFeedbackText=false, reference=null, credits=0.0, positive=false, type=AUTOMATIC, visibility=ALWAYS, testCase=TestCaseDTO[testName=testConstructors[Policy], id=1473]], FeedbackDTO[id=1022, text=null, detailText=The exercise expects a class with the name Context in the package testpackage. You did not implement the class in the exercise., hasLongFeedbackText=false, reference=null, credits=0.0, positive=false, type=AUTOMATIC, visibility=ALWAYS, testCase=TestCaseDTO[testName=testAttributes[Context], id=1469]], FeedbackDTO[id=1023, text=null, detailText=The exercise expects a class with the name Policy in the package testpackage. You did not implement the class in the exercise., hasLongFeedbackText=false, reference=null, credits=0.0, positive=false, type=AUTOMATIC, visibility=ALWAYS, testCase=TestCaseDTO[testName=testAttributes[Policy], id=1470]]], assessmentType=AUTOMATIC, hasComplaint=null, exampleResult=null, testCaseCount=13, passedTestCaseCount=0, codeIssueCount=0]]], publicSshKey=ssh-rsa AAAAB3NzaC1yc2EAAAADAQABAAACAQCOPdMsxRE2jFJ/UEa5/LsBxtwzJcrh3/rYBCQvcMeVpiRfhzQPWu7mrt/G2Ew+i+vRloGH9aqKg6dd1liRncao53Zmd/ePxoatXePNhmzTfkCkcSkTUz7B+QMjkoDDV5jwuFPD6mF3JkhuzSi64n9Zy905t4w2IhVcjM2mL3eYNjiCXt6Qpq3Pkt7dM/Ksw1nxnvuiIALuJLB3FTkXkHqq3PJav+9HSq2r6ZaWgekneaGxlQlb+U+Vy3XOuArKAzK8c8i+0bR+AHiTG6ncYXt7ax3U+TdlDTF7OLP3umwaYjs1NBXOHwG42pevvpKn2fqavZZozk+M05jXLx3bq0O7itxfErWc7etky8qYPyyIMF/txQIVLd78+Ze4d7Y60t5MGbXM5cGE6fFif5fEJwgswXD+BrG0cafz1CTatjSKFdvp8Vp4VszXhHDan1PrP6JEFJ5Cc5GDmLRZPCFa3vL9f5qXgf4bkqKN8MYeEujwJE5nMRWoiJVNakix2bcrrneQMBlnYeYZVWXXXUusAQBzl4NgddC1umZpihZkL1b1MffZAUW3EGEXi7KHnllQhkTLLsQ8ntMgbylqaJKStqaXlLvdeRJcEnUuiFCrHEVVbXRFZR7XVDZ02CE5o3MuaRPty8Kh+jRTF3COlAckHwYEJCNNJvXFgb2CNXL4mjzYDw== test@localhost]
    23:45:53.311 | 566 localvc.event-13 | DEBUG | a.p.s.l.SharedQueueManagementService : Build agent updated: null
    23:45:53.314 | 566 localvc.event-13 | DEBUG | a.p.s.l.LocalCIQueueWebsocketService : Build agent updated: BuildAgentInformation[buildAgent=BuildAgentDTO[name=artemis-build-agent-test, memberAddress=[127.0.0.1]:5703, displayName=artemis-build-agent-test], maxNumberOfConcurrentBuildJobs=1, numberOfCurrentBuildJobs=0, runningBuildJobs=[], status=IDLE, recentBuildJobs=[BuildJobQueueItem[id=19141739576708030, name=SHORT5F02A8F400311042E70858306EB148073CFDTSTEXC-LOCALVCINTSTUDENT1, buildAgent=BuildAgentDTO[name=artemis-build-agent-test, memberAddress=[127.0.0.1]:5703, displayName=artemis-build-agent-test], participationId=1914, courseId=947, exerciseId=2564, retryCount=0, priority=2, status=FAILED, repositoryInfo=RepositoryInfo[repositoryName=short5f02a8f400311042e70858306eb148073cfdtstexc-localvcintstudent1, repositoryType=user, triggeredByPushTo=user, assignmentRepositoryUri=http://localhost:49152/git/SHORT5F02A8F400311042E70858306EB148073CFDTSTEXC/short5f02a8f400311042e70858306eb148073cfdtstexc-localvcintstudent1.git, testRepositoryUri=http://localhost:49152/git/SHORT5F02A8F400311042E70858306EB148073CFDTSTEXC/short5f02a8f400311042e70858306eb148073cfdtstexc-tests.git, solutionRepositoryUri=null, auxiliaryRepositoryUris=[Ljava.lang.String;@4b63fde4, auxiliaryRepositoryCheckoutDirectories=[Ljava.lang.String;@42e9f80e], jobTimingInfo=JobTimingInfo[submissionDate=2025-02-14T23:45:08.030118216Z[Etc/UTC], buildStartDate=2025-02-14T23:45:08.041011412Z[Etc/UTC], buildCompletionDate=2025-02-14T23:45:08.054603331Z[Etc/UTC], estimatedCompletionDate=2025-02-14T23:45:27.041005080Z[Etc/UTC], estimatedDuration=19], buildConfig=BuildConfig[buildScript=#!/bin/bash
cd /var/tmp/testing-dir
chmod +x ./gradlew
./gradlew clean test
, dockerImage=dummy-docker-image:latest, commitHashToBuild=6e7146cac5059504aa9d170ec3fa23aec740bb51, assignmentCommitHash=6e7146cac5059504aa9d170ec3fa23aec740bb51, testCommitHash=931e5303581c7a2f01339ba603cfafbfe668b901, branch=main, programmingLanguage=JAVA, projectType=PLAIN_GRADLE, scaEnabled=false, sequentialTestRunsEnabled=false, resultPaths=[/var/tmp/testing-dir/**/test-results/test/*.xml], timeoutSeconds=0, assignmentCheckoutPath=null, testCheckoutPath=null, solutionCheckoutPath=null, dockerRunConfig=null], submissionResult=ResultDTO[id=622, completionDate=2025-02-14T23:45:08.054683681Z[Etc/UTC], successful=false, score=0.0, rated=true, submission=SubmissionDTO[id=814, submitted=true, type=MANUAL, exampleSubmission=null, submissionDate=2025-02-14T23:45:08.016200Z, commitHash=6e7146cac5059504aa9d170ec3fa23aec740bb51, buildFailed=true, buildArtifact=false, participation=ParticipationDTO[id=1914, testRun=false, type=programming, submissionCount=null, exercise=ParticipationExerciseDTO[id=2564, exerciseType=PROGRAMMING, type=programming, assessmentType=AUTOMATIC, dueDate=2025-02-16T23:45:07.324348Z, assessmentDueDate=null, maxPoints=42.0, course=CourseDTO[id=947, accuracyOfScores=1]]], submissionExerciseType=programming, isProcessing=false, buildStartDate=null, estimatedCompletionDate=null], participation=ParticipationDTO[id=1914, testRun=false, type=programming, submissionCount=null, exercise=ParticipationExerciseDTO[id=2564, exerciseType=PROGRAMMING, type=programming, assessmentType=AUTOMATIC, dueDate=2025-02-16T23:45:07.324348Z, assessmentDueDate=null, maxPoints=42.0, course=CourseDTO[id=947, accuracyOfScores=1]]], feedbacks=[], assessmentType=AUTOMATIC, hasComplaint=null, exampleResult=null, testCaseCount=0, passedTestCaseCount=0, codeIssueCount=0]], BuildJobQueueItem[id=19361739576711303, name=SHORT9AFDAE3804CA304DDF0889A0CB0F56104A86TSTEXC-LOCALVCINTSTUDENT1, buildAgent=BuildAgentDTO[name=artemis-build-agent-test, memberAddress=[127.0.0.1]:5703, displayName=artemis-build-agent-test], participationId=1936, courseId=956, exerciseId=2573, retryCount=0, priority=2, status=FAILED, repositoryInfo=RepositoryInfo[repositoryName=short9afdae3804ca304ddf0889a0cb0f56104a86tstexc-localvcintstudent1, repositoryType=user, triggeredByPushTo=user, assignmentRepositoryUri=http://localhost:49152/git/SHORT9AFDAE3804CA304DDF0889A0CB0F56104A86TSTEXC/short9afdae3804ca304ddf0889a0cb0f56104a86tstexc-localvcintstudent1.git, testRepositoryUri=http://localhost:49152/git/SHORT9AFDAE3804CA304DDF0889A0CB0F56104A86TSTEXC/short9afdae3804ca304ddf0889a0cb0f56104a86tstexc-tests.git, solutionRepositoryUri=null, auxiliaryRepositoryUris=[Ljava.lang.String;@2a41175a, auxiliaryRepositoryCheckoutDirectories=[Ljava.lang.String;@5bd33d11], jobTimingInfo=JobTimingInfo[submissionDate=2025-02-14T23:45:11.303805653Z[Etc/UTC], buildStartDate=2025-02-14T23:45:11.310981356Z[Etc/UTC], buildCompletionDate=2025-02-14T23:45:11.319178384Z[Etc/UTC], estimatedCompletionDate=2025-02-14T23:45:30.310974944Z[Etc/UTC], estimatedDuration=19], buildConfig=BuildConfig[buildScript=#!/bin/bash
cd /var/tmp/testing-dir
chmod +x ./gradlew
./gradlew clean test
, dockerImage=dummy-docker-image:latest, commitHashToBuild=a1099e378cffde441ef85f9b12577ca174b8e1e4, assignmentCommitHash=a1099e378cffde441ef85f9b12577ca174b8e1e4, testCommitHash=bd38d61c299ab11a1dea82a3ca5493fe04d97d47, branch=main, programmingLanguage=JAVA, projectType=PLAIN_GRADLE, scaEnabled=false, sequentialTestRunsEnabled=false, resultPaths=[/var/tmp/testing-dir/**/test-results/test/*.xml], timeoutSeconds=0, assignmentCheckoutPath=null, testCheckoutPath=null, solutionCheckoutPath=null, dockerRunConfig=null], submissionResult=ResultDTO[id=623, completionDate=2025-02-14T23:45:11.319278430Z[Etc/UTC], successful=false, score=0.0, rated=true, submission=SubmissionDTO[id=815, submitted=true, type=MANUAL, exampleSubmission=null, submissionDate=2025-02-14T23:45:11.294386Z, commitHash=a1099e378cffde441ef85f9b12577ca174b8e1e4, buildFailed=true, buildArtifact=false, participation=ParticipationDTO[id=1936, testRun=false, type=programming, submissionCount=null, exercise=ParticipationExerciseDTO[id=2573, exerciseType=PROGRAMMING, type=programming, assessmentType=AUTOMATIC, dueDate=2025-02-16T23:45:10.996982Z, assessmentDueDate=null, maxPoints=42.0, course=CourseDTO[id=956, accuracyOfScores=1]]], submissionExerciseType=programming, isProcessing=false, buildStartDate=null, estimatedCompletionDate=null], participation=ParticipationDTO[id=1936, testRun=false, type=programming, submissionCount=null, exercise=ParticipationExerciseDTO[id=2573, exerciseType=PROGRAMMING, type=programming, assessmentType=AUTOMATIC, dueDate=2025-02-16T23:45:10.996982Z, assessmentDueDate=null, maxPoints=42.0, course=CourseDTO[id=956, accuracyOfScores=1]]], feedbacks=[], assessmentType=AUTOMATIC, hasComplaint=null, exampleResult=null, testCaseCount=0, passedTestCaseCount=0, codeIssueCount=0]], BuildJobQueueItem[id=19351739576711674, name=SHORT9AFDAE3804CA304DDF0889A0CB0F56104A86TSTEXC-BASE, buildAgent=BuildAgentDTO[name=artemis-build-agent-test, memberAddress=[127.0.0.1]:5703, displayName=artemis-build-agent-test], participationId=1935, courseId=956, exerciseId=2573, retryCount=0, priority=2, status=FAILED, repositoryInfo=RepositoryInfo[repositoryName=short9afdae3804ca304ddf0889a0cb0f56104a86tstexc-exercise, repositoryType=exercise, triggeredByPushTo=exercise, assignmentRepositoryUri=http://localhost:49152/git/SHORT9AFDAE3804CA304DDF0889A0CB0F56104A86TSTEXC/short9afdae3804ca304ddf0889a0cb0f56104a86tstexc-exercise.git, testRepositoryUri=http://localhost:49152/git/SHORT9AFDAE3804CA304DDF0889A0CB0F56104A86TSTEXC/short9afdae3804ca304ddf0889a0cb0f56104a86tstexc-tests.git, solutionRepositoryUri=null, auxiliaryRepositoryUris=[Ljava.lang.String;@f0b7752, auxiliaryRepositoryCheckoutDirectories=[Ljava.lang.String;@22fc735], jobTimingInfo=JobTimingInfo[submissionDate=2025-02-14T23:45:11.674556681Z[Etc/UTC], buildStartDate=2025-02-14T23:45:11.677776879Z[Etc/UTC], buildCompletionDate=2025-02-14T23:45:11.688097378Z[Etc/UTC], estimatedCompletionDate=2025-02-14T23:45:30.677771620Z[Etc/UTC], estimatedDuration=19], buildConfig=BuildConfig[buildScript=#!/bin/bash
cd /var/tmp/testing-dir
chmod +x ./gradlew
./gradlew clean test
, dockerImage=dummy-docker-image:latest, commitHashToBuild=a1099e378cffde441ef85f9b12577ca174b8e1e4, assignmentCommitHash=a1099e378cffde441ef85f9b12577ca174b8e1e4, testCommitHash=bd38d61c299ab11a1dea82a3ca5493fe04d97d47, branch=main, programmingLanguage=JAVA, projectType=PLAIN_GRADLE, scaEnabled=false, sequentialTestRunsEnabled=false, resultPaths=[/var/tmp/testing-dir/**/test-results/test/*.xml], timeoutSeconds=0, assignmentCheckoutPath=null, testCheckoutPath=null, solutionCheckoutPath=null, dockerRunConfig=null], submissionResult=ResultDTO[id=624, completionDate=2025-02-14T23:45:11.688214837Z[Etc/UTC], successful=false, score=0.0, rated=true, submission=SubmissionDTO[id=816, submitted=true, type=MANUAL, exampleSubmission=null, submissionDate=2025-02-14T23:45:11.656934Z, commitHash=a1099e378cffde441ef85f9b12577ca174b8e1e4, buildFailed=true, buildArtifact=false, participation=ParticipationDTO[id=1935, testRun=false, type=template, submissionCount=null, exercise=ParticipationExerciseDTO[id=2573, exerciseType=PROGRAMMING, type=programming, assessmentType=AUTOMATIC, dueDate=2025-02-16T23:45:10.996982Z, assessmentDueDate=null, maxPoints=42.0, course=CourseDTO[id=956, accuracyOfScores=1]]], submissionExerciseType=programming, isProcessing=false, buildStartDate=null, estimatedCompletionDate=null], participation=ParticipationDTO[id=1935, testRun=false, type=template, submissionCount=null, exercise=ParticipationExerciseDTO[id=2573, exerciseType=PROGRAMMING, type=programming, assessmentType=AUTOMATIC, dueDate=2025-02-16T23:45:10.996982Z, assessmentDueDate=null, maxPoints=42.0, course=CourseDTO[id=956, accuracyOfScores=1]]], feedbacks=[], assessmentType=AUTOMATIC, hasComplaint=null, exampleResult=null, testCaseCount=0, passedTestCaseCount=0, codeIssueCount=0]], BuildJobQueueItem[id=19341739576712112, name=SHORT9AFDAE3804CA304DDF0889A0CB0F56104A86TSTEXC-SOLUTION, buildAgent=BuildAgentDTO[name=artemis-build-agent-test, memberAddress=[127.0.0.1]:5703, displayName=artemis-build-agent-test], participationId=1934, courseId=956, exerciseId=2573, retryCount=0, priority=2, status=FAILED, repositoryInfo=RepositoryInfo[repositoryName=short9afdae3804ca304ddf0889a0cb0f56104a86tstexc-solution, repositoryType=solution, triggeredByPushTo=solution, assignmentRepositoryUri=http://localhost:49152/git/SHORT9AFDAE3804CA304DDF0889A0CB0F56104A86TSTEXC/short9afdae3804ca304ddf0889a0cb0f56104a86tstexc-solution.git, testRepositoryUri=http://localhost:49152/git/SHORT9AFDAE3804CA304DDF0889A0CB0F56104A86TSTEXC/short9afdae3804ca304ddf0889a0cb0f56104a86tstexc-tests.git, solutionRepositoryUri=null, auxiliaryRepositoryUris=[Ljava.lang.String;@2076ebed, auxiliaryRepositoryCheckoutDirectories=[Ljava.lang.String;@620f6147], jobTimingInfo=JobTimingInfo[submissionDate=2025-02-14T23:45:12.112332872Z[Etc/UTC], buildStartDate=2025-02-14T23:45:12.121617114Z[Etc/UTC], buildCompletionDate=2025-02-14T23:45:12.127931701Z[Etc/UTC], estimatedCompletionDate=2025-02-14T23:45:31.121609600Z[Etc/UTC], estimatedDuration=19], buildConfig=BuildConfig[buildScript=#!/bin/bash
cd /var/tmp/testing-dir
chmod +x ./gradlew
./gradlew clean test
, dockerImage=dummy-docker-image:latest, commitHashToBuild=a1099e378cffde441ef85f9b12577ca174b8e1e4, assignmentCommitHash=a1099e378cffde441ef85f9b12577ca174b8e1e4, testCommitHash=bd38d61c299ab11a1dea82a3ca5493fe04d97d47, branch=main, programmingLanguage=JAVA, projectType=PLAIN_GRADLE, scaEnabled=false, sequentialTestRunsEnabled=false, resultPaths=[/var/tmp/testing-dir/**/test-results/test/*.xml], timeoutSeconds=0, assignmentCheckoutPath=null, testCheckoutPath=null, solutionCheckoutPath=null, dockerRunConfig=null], submissionResult=ResultDTO[id=625, completionDate=2025-02-14T23:45:12.128011800Z[Etc/UTC], successful=false, score=0.0, rated=true, submission=SubmissionDTO[id=817, submitted=true, type=MANUAL, exampleSubmission=null, submissionDate=2025-02-14T23:45:12.098737Z, commitHash=a1099e378cffde441ef85f9b12577ca174b8e1e4, buildFailed=true, buildArtifact=false, participation=ParticipationDTO[id=1934, testRun=false, type=solution, submissionCount=null, exercise=ParticipationExerciseDTO[id=2573, exerciseType=PROGRAMMING, type=programming, assessmentType=AUTOMATIC, dueDate=2025-02-16T23:45:10.996982Z, assessmentDueDate=null, maxPoints=42.0, course=CourseDTO[id=956, accuracyOfScores=1]]], submissionExerciseType=programming, isProcessing=false, buildStartDate=null, estimatedCompletionDate=null], participation=ParticipationDTO[id=1934, testRun=false, type=solution, submissionCount=null, exercise=ParticipationExerciseDTO[id=2573, exerciseType=PROGRAMMING, type=programming, assessmentType=AUTOMATIC, dueDate=2025-02-16T23:45:10.996982Z, assessmentDueDate=null, maxPoints=42.0, course=CourseDTO[id=956, accuracyOfScores=1]]], feedbacks=[], assessmentType=AUTOMATIC, hasComplaint=null, exampleResult=null, testCaseCount=0, passedTestCaseCount=0, codeIssueCount=0]], BuildJobQueueItem[id=19341739576713025, name=SHORT9AFDAE3804CA304DDF0889A0CB0F56104A86TSTEXC-SOLUTION, buildAgent=BuildAgentDTO[name=artemis-build-agent-test, memberAddress=[127.0.0.1]:5703, displayName=artemis-build-agent-test], participationId=1934, courseId=956, exerciseId=2573, retryCount=0, priority=2, status=FAILED, repositoryInfo=RepositoryInfo[repositoryName=short9afdae3804ca304ddf0889a0cb0f56104a86tstexc-solution, repositoryType=solution, triggeredByPushTo=tests, assignmentRepositoryUri=http://localhost:49152/git/SHORT9AFDAE3804CA304DDF0889A0CB0F56104A86TSTEXC/short9afdae3804ca304ddf0889a0cb0f56104a86tstexc-solution.git, testRepositoryUri=http://localhost:49152/git/SHORT9AFDAE3804CA304DDF0889A0CB0F56104A86TSTEXC/short9afdae3804ca304ddf0889a0cb0f56104a86tstexc-tests.git, solutionRepositoryUri=null, auxiliaryRepositoryUris=[Ljava.lang.String;@366a3bb3, auxiliaryRepositoryCheckoutDirectories=[Ljava.lang.String;@4a805424], jobTimingInfo=JobTimingInfo[submissionDate=2025-02-14T23:45:13.025319671Z[Etc/UTC], buildStartDate=2025-02-14T23:45:13.040293146Z[Etc/UTC], buildCompletionDate=2025-02-14T23:45:13.053032917Z[Etc/UTC], estimatedCompletionDate=2025-02-14T23:45:32.040285703Z[Etc/UTC], estimatedDuration=19], buildConfig=BuildConfig[buildScript=#!/bin/bash
cd /var/tmp/testing-dir
chmod +x ./gradlew
./gradlew clean test
, dockerImage=dummy-docker-image:latest, commitHashToBuild=784f8f0049d2a1a54f21c67dd772bea86715267a, assignmentCommitHash=a1099e378cffde441ef85f9b12577ca174b8e1e4, testCommitHash=784f8f0049d2a1a54f21c67dd772bea86715267a, branch=main, programmingLanguage=JAVA, projectType=PLAIN_GRADLE, scaEnabled=false, sequentialTestRunsEnabled=false, resultPaths=[/var/tmp/testing-dir/**/test-results/test/*.xml], timeoutSeconds=0, assignmentCheckoutPath=null, testCheckoutPath=null, solutionCheckoutPath=null, dockerRunConfig=null], submissionResult=ResultDTO[id=626, completionDate=2025-02-14T23:45:13.053131811Z[Etc/UTC], successful=false, score=0.0, rated=true, submission=SubmissionDTO[id=818, submitted=true, type=TEST, exampleSubmission=null, submissionDate=2025-02-14T23:45:13.005779Z, commitHash=784f8f0049d2a1a54f21c67dd772bea86715267a, buildFailed=true, buildArtifact=false, participation=ParticipationDTO[id=1934, testRun=false, type=solution, submissionCount=null, exercise=ParticipationExerciseDTO[id=2573, exerciseType=PROGRAMMING, type=programming, assessmentType=AUTOMATIC, dueDate=2025-02-16T23:45:10.996982Z, assessmentDueDate=null, maxPoints=42.0, course=CourseDTO[id=956, accuracyOfScores=1]]], submissionExerciseType=programming, isProcessing=false, buildStartDate=null, estimatedCompletionDate=null], participation=ParticipationDTO[id=1934, testRun=false, type=solution, submissionCount=null, exercise=ParticipationExerciseDTO[id=2573, exerciseType=PROGRAMMING, type=programming, assessmentType=AUTOMATIC, dueDate=2025-02-16T23:45:10.996982Z, assessmentDueDate=null, maxPoints=42.0, course=CourseDTO[id=956, accuracyOfScores=1]]], feedbacks=[], assessmentType=AUTOMATIC, hasComplaint=null, exampleResult=null, testCaseCount=0, passedTestCaseCount=0, codeIssueCount=0]], BuildJobQueueItem[id=19581739576715555, name=SHORTC1A3F9FC03D2304B4308FA20AF16D54AAA49TSTEXC-LOCALVCSSHINTSTUDENT1, buildAgent=BuildAgentDTO[name=artemis-build-agent-test, memberAddress=[127.0.0.1]:5703, displayName=artemis-build-agent-test], participationId=1958, courseId=965, exerciseId=2582, retryCount=0, priority=2, status=FAILED, repositoryInfo=RepositoryInfo[repositoryName=shortc1a3f9fc03d2304b4308fa20af16d54aaa49tstexc-localvcsshintstudent1, repositoryType=user, triggeredByPushTo=user, assignmentRepositoryUri=http://localhost:49152/git/SHORTC1A3F9FC03D2304B4308FA20AF16D54AAA49TSTEXC/shortc1a3f9fc03d2304b4308fa20af16d54aaa49tstexc-localvcsshintstudent1.git, testRepositoryUri=http://localhost:49152/git/SHORTC1A3F9FC03D2304B4308FA20AF16D54AAA49TSTEXC/shortc1a3f9fc03d2304b4308fa20af16d54aaa49tstexc-tests.git, solutionRepositoryUri=null, auxiliaryRepositoryUris=[Ljava.lang.String;@5d3ef71a, auxiliaryRepositoryCheckoutDirectories=[Ljava.lang.String;@4422b0a3], jobTimingInfo=JobTimingInfo[submissionDate=2025-02-14T23:45:15.555989584Z[Etc/UTC], buildStartDate=2025-02-14T23:45:15.568477627Z[Etc/UTC], buildCompletionDate=2025-02-14T23:45:15.579021148Z[Etc/UTC], estimatedCompletionDate=2025-02-14T23:45:34.568443924Z[Etc/UTC], estimatedDuration=19], buildConfig=BuildConfig[buildScript=#!/bin/bash
cd /var/tmp/testing-dir
chmod +x ./gradlew
./gradlew clean test
, dockerImage=dummy-docker-image:latest, commitHashToBuild=ca76dac20e040e6609db02fd7fedd56bf58829d7, assignmentCommitHash=ca76dac20e040e6609db02fd7fedd56bf58829d7, testCommitHash=bd0d58c226dc63bfa4bc9052870589952c0a1f83, branch=main, programmingLanguage=JAVA, projectType=PLAIN_GRADLE, scaEnabled=false, sequentialTestRunsEnabled=false, resultPaths=[/var/tmp/testing-dir/**/test-results/test/*.xml], timeoutSeconds=0, assignmentCheckoutPath=null, testCheckoutPath=null, solutionCheckoutPath=null, dockerRunConfig=null], submissionResult=ResultDTO[id=627, completionDate=2025-02-14T23:45:15.579119131Z[Etc/UTC], successful=false, score=0.0, rated=true, submission=SubmissionDTO[id=820, submitted=true, type=MANUAL, exampleSubmission=null, submissionDate=2025-02-14T23:45:15.548349Z, commitHash=ca76dac20e040e6609db02fd7fedd56bf58829d7, buildFailed=true, buildArtifact=false, participation=ParticipationDTO[id=1958, testRun=false, type=programming, submissionCount=null, exercise=ParticipationExerciseDTO[id=2582, exerciseType=PROGRAMMING, type=programming, assessmentType=AUTOMATIC, dueDate=2025-02-16T23:45:15.103512Z, assessmentDueDate=null, maxPoints=42.0, course=CourseDTO[id=965, accuracyOfScores=1]]], submissionExerciseType=programming, isProcessing=false, buildStartDate=null, estimatedCompletionDate=null], participation=ParticipationDTO[id=1958, testRun=false, type=programming, submissionCount=null, exercise=ParticipationExerciseDTO[id=2582, exerciseType=PROGRAMMING, type=programming, assessmentType=AUTOMATIC, dueDate=2025-02-16T23:45:15.103512Z, assessmentDueDate=null, maxPoints=42.0, course=CourseDTO[id=965, accuracyOfScores=1]]], feedbacks=[], assessmentType=AUTOMATIC, hasComplaint=null, exampleResult=null, testCaseCount=0, passedTestCaseCount=0, codeIssueCount=0]], BuildJobQueueItem[id=19801739576719393, name=SHORTB2A6C58B0D447045380A858075B170A5B7C6TSTEXC-LOCALVCSSHINTSTUDENT1, buildAgent=BuildAgentDTO[name=artemis-build-agent-test, memberAddress=[127.0.0.1]:5703, displayName=artemis-build-agent-test], participationId=1980, courseId=974, exerciseId=2591, retryCount=0, priority=2, status=FAILED, repositoryInfo=RepositoryInfo[repositoryName=shortb2a6c58b0d447045380a858075b170a5b7c6tstexc-localvcsshintstudent1, repositoryType=user, triggeredByPushTo=user, assignmentRepositoryUri=http://localhost:49152/git/SHORTB2A6C58B0D447045380A858075B170A5B7C6TSTEXC/shortb2a6c58b0d447045380a858075b170a5b7c6tstexc-localvcsshintstudent1.git, testRepositoryUri=http://localhost:49152/git/SHORTB2A6C58B0D447045380A858075B170A5B7C6TSTEXC/shortb2a6c58b0d447045380a858075b170a5b7c6tstexc-tests.git, solutionRepositoryUri=null, auxiliaryRepositoryUris=[Ljava.lang.String;@2372bc37, auxiliaryRepositoryCheckoutDirectories=[Ljava.lang.String;@6b1bed09], jobTimingInfo=JobTimingInfo[submissionDate=2025-02-14T23:45:19.393259829Z[Etc/UTC], buildStartDate=2025-02-14T23:45:19.405438171Z[Etc/UTC], buildCompletionDate=2025-02-14T23:45:19.414070673Z[Etc/UTC], estimatedCompletionDate=2025-02-14T23:45:38.405431569Z[Etc/UTC], estimatedDuration=19], buildConfig=BuildConfig[buildScript=#!/bin/bash
cd /var/tmp/testing-dir
chmod +x ./gradlew
./gradlew clean test
, dockerImage=dummy-docker-image:latest, commitHashToBuild=363cdbf709a9fff149f813ab848ee800a675cc77, assignmentCommitHash=363cdbf709a9fff149f813ab848ee800a675cc77, testCommitHash=a5e046ece417b2e538f21f816e2524dab61e0d10, branch=main, programmingLanguage=JAVA, projectType=PLAIN_GRADLE, scaEnabled=false, sequentialTestRunsEnabled=false, resultPaths=[/var/tmp/testing-dir/**/test-results/test/*.xml], timeoutSeconds=0, assignmentCheckoutPath=null, testCheckoutPath=null, solutionCheckoutPath=null, dockerRunConfig=null], submissionResult=ResultDTO[id=628, completionDate=2025-02-14T23:45:19.414171040Z[Etc/UTC], successful=false, score=0.0, rated=true, submission=SubmissionDTO[id=821, submitted=true, type=MANUAL, exampleSubmission=null, submissionDate=2025-02-14T23:45:19.376840Z, commitHash=363cdbf709a9fff149f813ab848ee800a675cc77, buildFailed=true, buildArtifact=false, participation=ParticipationDTO[id=1980, testRun=false, type=programming, submissionCount=null, exercise=ParticipationExerciseDTO[id=2591, exerciseType=PROGRAMMING, type=programming, assessmentType=AUTOMATIC, dueDate=2025-02-16T23:45:18.950569Z, assessmentDueDate=null, maxPoints=42.0, course=CourseDTO[id=974, accuracyOfScores=1]]], submissionExerciseType=programming, isProcessing=false, buildStartDate=null, estimatedCompletionDate=null], participation=ParticipationDTO[id=1980, testRun=false, type=programming, submissionCount=null, exercise=ParticipationExerciseDTO[id=2591, exerciseType=PROGRAMMING, type=programming, assessmentType=AUTOMATIC, dueDate=2025-02-16T23:45:18.950569Z, assessmentDueDate=null, maxPoints=42.0, course=CourseDTO[id=974, accuracyOfScores=1]]], feedbacks=[], assessmentType=AUTOMATIC, hasComplaint=null, exampleResult=null, testCaseCount=0, passedTestCaseCount=0, codeIssueCount=0]], BuildJobQueueItem[id=19791739576719787, name=SHORTB2A6C58B0D447045380A858075B170A5B7C6TSTEXC-BASE, buildAgent=BuildAgentDTO[name=artemis-build-agent-test, memberAddress=[127.0.0.1]:5703, displayName=artemis-build-agent-test], participationId=1979, courseId=974, exerciseId=2591, retryCount=0, priority=2, status=FAILED, repositoryInfo=RepositoryInfo[repositoryName=shortb2a6c58b0d447045380a858075b170a5b7c6tstexc-exercise, repositoryType=exercise, triggeredByPushTo=exercise, assignmentRepositoryUri=http://localhost:49152/git/SHORTB2A6C58B0D447045380A858075B170A5B7C6TSTEXC/shortb2a6c58b0d447045380a858075b170a5b7c6tstexc-exercise.git, testRepositoryUri=http://localhost:49152/git/SHORTB2A6C58B0D447045380A858075B170A5B7C6TSTEXC/shortb2a6c58b0d447045380a858075b170a5b7c6tstexc-tests.git, solutionRepositoryUri=null, auxiliaryRepositoryUris=[Ljava.lang.String;@41b74157, auxiliaryRepositoryCheckoutDirectories=[Ljava.lang.String;@10c1466a], jobTimingInfo=JobTimingInfo[submissionDate=2025-02-14T23:45:19.787985058Z[Etc/UTC], buildStartDate=2025-02-14T23:45:19.796327417Z[Etc/UTC], buildCompletionDate=2025-02-14T23:45:19.799750982Z[Etc/UTC], estimatedCompletionDate=2025-02-14T23:45:38.796319082Z[Etc/UTC], estimatedDuration=19], buildConfig=BuildConfig[buildScript=#!/bin/bash
cd /var/tmp/testing-dir
chmod +x ./gradlew
./gradlew clean test
, dockerImage=dummy-docker-image:latest, commitHashToBuild=363cdbf709a9fff149f813ab848ee800a675cc77, assignmentCommitHash=363cdbf709a9fff149f813ab848ee800a675cc77, testCommitHash=a5e046ece417b2e538f21f816e2524dab61e0d10, branch=main, programmingLanguage=JAVA, projectType=PLAIN_GRADLE, scaEnabled=false, sequentialTestRunsEnabled=false, resultPaths=[/var/tmp/testing-dir/**/test-results/test/*.xml], timeoutSeconds=0, assignmentCheckoutPath=null, testCheckoutPath=null, solutionCheckoutPath=null, dockerRunConfig=null], submissionResult=ResultDTO[id=629, completionDate=2025-02-14T23:45:19.799820341Z[Etc/UTC], successful=false, score=0.0, rated=true, submission=SubmissionDTO[id=822, submitted=true, type=MANUAL, exampleSubmission=null, submissionDate=2025-02-14T23:45:19.775952Z, commitHash=363cdbf709a9fff149f813ab848ee800a675cc77, buildFailed=true, buildArtifact=false, participation=ParticipationDTO[id=1979, testRun=false, type=template, submissionCount=null, exercise=ParticipationExerciseDTO[id=2591, exerciseType=PROGRAMMING, type=programming, assessmentType=AUTOMATIC, dueDate=2025-02-16T23:45:18.950569Z, assessmentDueDate=null, maxPoints=42.0, course=CourseDTO[id=974, accuracyOfScores=1]]], submissionExerciseType=programming, isProcessing=false, buildStartDate=null, estimatedCompletionDate=null], participation=ParticipationDTO[id=1979, testRun=false, type=template, submissionCount=null, exercise=ParticipationExerciseDTO[id=2591, exerciseType=PROGRAMMING, type=programming, assessmentType=AUTOMATIC, dueDate=2025-02-16T23:45:18.950569Z, assessmentDueDate=null, maxPoints=42.0, course=CourseDTO[id=974, accuracyOfScores=1]]], feedbacks=[], assessmentType=AUTOMATIC, hasComplaint=null, exampleResult=null, testCaseCount=0, passedTestCaseCount=0, codeIssueCount=0]], BuildJobQueueItem[id=19781739576720235, name=SHORTB2A6C58B0D447045380A858075B170A5B7C6TSTEXC-SOLUTION, buildAgent=BuildAgentDTO[name=artemis-build-agent-test, memberAddress=[127.0.0.1]:5703, displayName=artemis-build-agent-test], participationId=1978, courseId=974, exerciseId=2591, retryCount=0, priority=2, status=FAILED, repositoryInfo=RepositoryInfo[repositoryName=shortb2a6c58b0d447045380a858075b170a5b7c6tstexc-solution, repositoryType=solution, triggeredByPushTo=solution, assignmentRepositoryUri=http://localhost:49152/git/SHORTB2A6C58B0D447045380A858075B170A5B7C6TSTEXC/shortb2a6c58b0d447045380a858075b170a5b7c6tstexc-solution.git, testRepositoryUri=http://localhost:49152/git/SHORTB2A6C58B0D447045380A858075B170A5B7C6TSTEXC/shortb2a6c58b0d447045380a858075b170a5b7c6tstexc-tests.git, solutionRepositoryUri=null, auxiliaryRepositoryUris=[Ljava.lang.String;@26e4c341, auxiliaryRepositoryCheckoutDirectories=[Ljava.lang.String;@12231131], jobTimingInfo=JobTimingInfo[submissionDate=2025-02-14T23:45:20.235272325Z[Etc/UTC], buildStartDate=2025-02-14T23:45:20.243033812Z[Etc/UTC], buildCompletionDate=2025-02-14T23:45:20.250721018Z[Etc/UTC], estimatedCompletionDate=2025-02-14T23:45:39.243026949Z[Etc/UTC], estimatedDuration=19], buildConfig=BuildConfig[buildScript=#!/bin/bash
cd /var/tmp/testing-dir
chmod +x ./gradlew
./gradlew clean test
, dockerImage=dummy-docker-image:latest, commitHashToBuild=c710d0e68c9c7db8cda7d1a278308de2b9642cc0, assignmentCommitHash=c710d0e68c9c7db8cda7d1a278308de2b9642cc0, testCommitHash=a5e046ece417b2e538f21f816e2524dab61e0d10, branch=main, programmingLanguage=JAVA, projectType=PLAIN_GRADLE, scaEnabled=false, sequentialTestRunsEnabled=false, resultPaths=[/var/tmp/testing-dir/**/test-results/test/*.xml], timeoutSeconds=0, assignmentCheckoutPath=null, testCheckoutPath=null, solutionCheckoutPath=null, dockerRunConfig=null], submissionResult=ResultDTO[id=630, completionDate=2025-02-14T23:45:20.250809893Z[Etc/UTC], successful=false, score=0.0, rated=true, submission=SubmissionDTO[id=823, submitted=true, type=MANUAL, exampleSubmission=null, submissionDate=2025-02-14T23:45:20.211707Z, commitHash=c710d0e68c9c7db8cda7d1a278308de2b9642cc0, buildFailed=true, buildArtifact=false, participation=ParticipationDTO[id=1978, testRun=false, type=solution, submissionCount=null, exercise=ParticipationExerciseDTO[id=2591, exerciseType=PROGRAMMING, type=programming, assessmentType=AUTOMATIC, dueDate=2025-02-16T23:45:18.950569Z, assessmentDueDate=null, maxPoints=42.0, course=CourseDTO[id=974, accuracyOfScores=1]]], submissionExerciseType=programming, isProcessing=false, buildStartDate=null, estimatedCompletionDate=null], participation=ParticipationDTO[id=1978, testRun=false, type=solution, submissionCount=null, exercise=ParticipationExerciseDTO[id=2591, exerciseType=PROGRAMMING, type=programming, assessmentType=AUTOMATIC, dueDate=2025-02-16T23:45:18.950569Z, assessmentDueDate=null, maxPoints=42.0, course=CourseDTO[id=974, accuracyOfScores=1]]], feedbacks=[], assessmentType=AUTOMATIC, hasComplaint=null, exampleResult=null, testCaseCount=0, passedTestCaseCount=0, codeIssueCount=0]], BuildJobQueueItem[id=19781739576720802, name=SHORTB2A6C58B0D447045380A858075B170A5B7C6TSTEXC-SOLUTION, buildAgent=BuildAgentDTO[name=artemis-build-agent-test, memberAddress=[127.0.0.1]:5703, displayName=artemis-build-agent-test], participationId=1978, courseId=974, exerciseId=2591, retryCount=0, priority=2, status=FAILED, repositoryInfo=RepositoryInfo[repositoryName=shortb2a6c58b0d447045380a858075b170a5b7c6tstexc-solution, repositoryType=solution, triggeredByPushTo=tests, assignmentRepositoryUri=http://localhost:49152/git/SHORTB2A6C58B0D447045380A858075B170A5B7C6TSTEXC/shortb2a6c58b0d447045380a858075b170a5b7c6tstexc-solution.git, testRepositoryUri=http://localhost:49152/git/SHORTB2A6C58B0D447045380A858075B170A5B7C6TSTEXC/shortb2a6c58b0d447045380a858075b170a5b7c6tstexc-tests.git, solutionRepositoryUri=null, auxiliaryRepositoryUris=[Ljava.lang.String;@696547db, auxiliaryRepositoryCheckoutDirectories=[Ljava.lang.String;@730dae8b], jobTimingInfo=JobTimingInfo[submissionDate=2025-02-14T23:45:20.802935026Z[Etc/UTC], buildStartDate=2025-02-14T23:45:20.809306435Z[Etc/UTC], buildCompletionDate=2025-02-14T23:45:20.822452342Z[Etc/UTC], estimatedCompletionDate=2025-02-14T23:45:39.809298491Z[Etc/UTC], estimatedDuration=19], buildConfig=BuildConfig[buildScript=#!/bin/bash
cd /var/tmp/testing-dir
chmod +x ./gradlew
./gradlew clean test
, dockerImage=dummy-docker-image:latest, commitHashToBuild=c710d0e68c9c7db8cda7d1a278308de2b9642cc0, assignmentCommitHash=c710d0e68c9c7db8cda7d1a278308de2b9642cc0, testCommitHash=c710d0e68c9c7db8cda7d1a278308de2b9642cc0, branch=main, programmingLanguage=JAVA, projectType=PLAIN_GRADLE, scaEnabled=false, sequentialTestRunsEnabled=false, resultPaths=[/var/tmp/testing-dir/**/test-results/test/*.xml], timeoutSeconds=0, assignmentCheckoutPath=null, testCheckoutPath=null, solutionCheckoutPath=null, dockerRunConfig=null], submissionResult=ResultDTO[id=631, completionDate=2025-02-14T23:45:20.822527362Z[Etc/UTC], successful=false, score=0.0, rated=true, submission=SubmissionDTO[id=824, submitted=true, type=TEST, exampleSubmission=null, submissionDate=2025-02-14T23:45:20.791240Z, commitHash=c710d0e68c9c7db8cda7d1a278308de2b9642cc0, buildFailed=true, buildArtifact=false, participation=ParticipationDTO[id=1978, testRun=false, type=solution, submissionCount=null, exercise=ParticipationExerciseDTO[id=2591, exerciseType=PROGRAMMING, type=programming, assessmentType=AUTOMATIC, dueDate=2025-02-16T23:45:18.950569Z, assessmentDueDate=null, maxPoints=42.0, course=CourseDTO[id=974, accuracyOfScores=1]]], submissionExerciseType=programming, isProcessing=false, buildStartDate=null, estimatedCompletionDate=null], participation=ParticipationDTO[id=1978, testRun=false, type=solution, submissionCount=null, exercise=ParticipationExerciseDTO[id=2591, exerciseType=PROGRAMMING, type=programming, assessmentType=AUTOMATIC, dueDate=2025-02-16T23:45:18.950569Z, assessmentDueDate=null, maxPoints=42.0, course=CourseDTO[id=974, accuracyOfScores=1]]], feedbacks=[], assessmentType=AUTOMATIC, hasComplaint=null, exampleResult=null, testCaseCount=0, passedTestCaseCount=0, codeIssueCount=0]], BuildJobQueueItem[id=20061739576732554, name=SHORT94A899E303D7504C5D0840704DAAFA3DFF4DTSTEXC-LOCALVCCIINTINSTRUCTOR1, buildAgent=BuildAgentDTO[name=artemis-build-agent-test, memberAddress=[127.0.0.1]:5703, displayName=artemis-build-agent-test], participationId=2006, courseId=984, exerciseId=2601, retryCount=0, priority=2, status=SUCCESSFUL, repositoryInfo=RepositoryInfo[repositoryName=short94a899e303d7504c5d0840704daafa3dff4dtstexc-localvcciintinstructor1, repositoryType=user, triggeredByPushTo=user, assignmentRepositoryUri=http://localhost:49152/git/SHORT94A899E303D7504C5D0840704DAAFA3DFF4DTSTEXC/short94a899e303d7504c5d0840704daafa3dff4dtstexc-localvcciintinstructor1.git, testRepositoryUri=http://localhost:49152/git/SHORT94A899E303D7504C5D0840704DAAFA3DFF4DTSTEXC/short94a899e303d7504c5d0840704daafa3dff4dtstexc-tests.git, solutionRepositoryUri=null, auxiliaryRepositoryUris=[Ljava.lang.String;@73f38560, auxiliaryRepositoryCheckoutDirectories=[Ljava.lang.String;@79d3a8b6], jobTimingInfo=JobTimingInfo[submissionDate=2025-02-14T23:45:32.554795798Z[Etc/UTC], buildStartDate=2025-02-14T23:45:32.567287465Z[Etc/UTC], buildCompletionDate=2025-02-14T23:45:34.535226768Z[Etc/UTC], estimatedCompletionDate=2025-02-14T23:45:51.567257960Z[Etc/UTC], estimatedDuration=19], buildConfig=BuildConfig[buildScript=#!/bin/bash
cd /var/tmp/testing-dir
chmod +x ./gradlew
./gradlew clean test
, dockerImage=dummy-docker-image:latest, commitHashToBuild=ca2dbc0ae87edf7035058a6a17c0ea60e90a290f, assignmentCommitHash=ca2dbc0ae87edf7035058a6a17c0ea60e90a290f, testCommitHash=0207f6f98af5fbb66ad68455f3fc3cf128af8ae9, branch=main, programmingLanguage=JAVA, projectType=PLAIN_GRADLE, scaEnabled=false, sequentialTestRunsEnabled=false, resultPaths=[/var/tmp/testing-dir/**/test-results/test/*.xml], timeoutSeconds=0, assignmentCheckoutPath=null, testCheckoutPath=null, solutionCheckoutPath=null, dockerRunConfig=null], submissionResult=ResultDTO[id=632, completionDate=2025-02-14T23:45:34.504415716Z[Etc/UTC], successful=false, score=7.7, rated=false, submission=SubmissionDTO[id=826, submitted=true, type=MANUAL, exampleSubmission=null, submissionDate=2025-02-14T23:45:32.541533Z, commitHash=ca2dbc0ae87edf7035058a6a17c0ea60e90a290f, buildFailed=false, buildArtifact=false, participation=ParticipationDTO[id=2006, testRun=true, type=programming, submissionCount=null, exercise=ParticipationExerciseDTO[id=2601, exerciseType=PROGRAMMING, type=programming, assessmentType=AUTOMATIC, dueDate=2025-02-16T23:45:31.864042Z, assessmentDueDate=null, maxPoints=42.0, course=CourseDTO[id=984, accuracyOfScores=1]]], submissionExerciseType=programming, isProcessing=false, buildStartDate=null, estimatedCompletionDate=null], participation=ParticipationDTO[id=2006, testRun=true, type=programming, submissionCount=null, exercise=ParticipationExerciseDTO[id=2601, exerciseType=PROGRAMMING, type=programming, assessmentType=AUTOMATIC, dueDate=2025-02-16T23:45:31.864042Z, assessmentDueDate=null, maxPoints=42.0, course=CourseDTO[id=984, accuracyOfScores=1]]], feedbacks=[FeedbackDTO[id=920, text=null, detailText=The exercise expects a class with the name Context in the package testpackage. You did not implement the class in the exercise., hasLongFeedbackText=false, reference=null, credits=0.0, positive=false, type=AUTOMATIC, visibility=ALWAYS, testCase=TestCaseDTO[testName=null, id=1357]], FeedbackDTO[id=921, text=null, detailText=The exercise expects a class with the name Policy in the package testpackage. You did not implement the class in the exercise., hasLongFeedbackText=false, reference=null, credits=0.0, positive=false, type=AUTOMATIC, visibility=ALWAYS, testCase=TestCaseDTO[testName=null, id=1358]], FeedbackDTO[id=922, text=null, detailText=The exercise expects a class with the name SortStrategy in the package testpackage. You did not implement the class in the exercise., hasLongFeedbackText=false, reference=null, credits=0.0, positive=false, type=AUTOMATIC, visibility=ALWAYS, testCase=TestCaseDTO[testName=null, id=1359]], FeedbackDTO[id=923, text=null, detailText=The class 'MergeSort' does not implement the interface 'SortStrategy' as expected. Implement the interface and its methods., hasLongFeedbackText=false, reference=null, credits=0.0, positive=false, type=AUTOMATIC, visibility=ALWAYS, testCase=TestCaseDTO[testName=null, id=1354]], FeedbackDTO[id=924, text=null, detailText=The exercise expects a class with the name SortStrategy in the package testpackage. You did not implement the class in the exercise., hasLongFeedbackText=false, reference=null, credits=0.0, positive=false, type=AUTOMATIC, visibility=ALWAYS, testCase=TestCaseDTO[testName=null, id=1351]], FeedbackDTO[id=925, text=null, detailText=The class 'BubbleSort' does not implement the interface 'SortStrategy' as expected. Implement the interface and its methods., hasLongFeedbackText=false, reference=null, credits=0.0, positive=false, type=AUTOMATIC, visibility=ALWAYS, testCase=TestCaseDTO[testName=null, id=1355]], FeedbackDTO[id=926, text=null, detailText=MergeSort does not sort correctly, hasLongFeedbackText=false, reference=null, credits=0.0, positive=false, type=AUTOMATIC, visibility=ALWAYS, testCase=TestCaseDTO[testName=null, id=1360]], FeedbackDTO[id=927, text=null, detailText=The class 'Context' was not found within the submission. Make sure to implement it properly., hasLongFeedbackText=false, reference=null, credits=0.0, positive=false, type=AUTOMATIC, visibility=ALWAYS, testCase=TestCaseDTO[testName=null, id=1361]], FeedbackDTO[id=928, text=null, detailText=The class 'Context' was not found within the submission. Make sure to implement it properly., hasLongFeedbackText=false, reference=null, credits=0.0, positive=false, type=AUTOMATIC, visibility=ALWAYS, testCase=TestCaseDTO[testName=null, id=1362]], FeedbackDTO[id=929, text=null, detailText=The exercise expects a class with the name Policy in the package testpackage. You did not implement the class in the exercise., hasLongFeedbackText=false, reference=null, credits=0.0, positive=false, type=AUTOMATIC, visibility=ALWAYS, testCase=TestCaseDTO[testName=null, id=1356]], FeedbackDTO[id=930, text=null, detailText=The exercise expects a class with the name Context in the package testpackage. You did not implement the class in the exercise., hasLongFeedbackText=false, reference=null, credits=0.0, positive=false, type=AUTOMATIC, visibility=ALWAYS, testCase=TestCaseDTO[testName=null, id=1352]], FeedbackDTO[id=931, text=null, detailText=The exercise expects a class with the name Policy in the package testpackage. You did not implement the class in the exercise., hasLongFeedbackText=false, reference=null, credits=0.0, positive=false, type=AUTOMATIC, visibility=ALWAYS, testCase=TestCaseDTO[testName=null, id=1353]], FeedbackDTO[id=932, text=null, detailText=null, hasLongFeedbackText=false, reference=null, credits=3.230769230769231, positive=true, type=AUTOMATIC, visibility=ALWAYS, testCase=TestCaseDTO[testName=null, id=1363]]], assessmentType=AUTOMATIC, hasComplaint=null, exampleResult=null, testCaseCount=13, passedTestCaseCount=1, codeIssueCount=0]], BuildJobQueueItem[id=20111739576737317, name=SHORTD49A6DAE04F9E049850BD5601663FD17A5B7TSTEXC-BASE, buildAgent=BuildAgentDTO[name=artemis-build-agent-test, memberAddress=[127.0.0.1]:5703, displayName=artemis-build-agent-test], participationId=2011, courseId=986, exerciseId=2603, retryCount=0, priority=2, status=SUCCESSFUL, repositoryInfo=RepositoryInfo[repositoryName=shortd49a6dae04f9e049850bd5601663fd17a5b7tstexc-exercise, repositoryType=exercise, triggeredByPushTo=exercise, assignmentRepositoryUri=http://localhost:49152/git/SHORTD49A6DAE04F9E049850BD5601663FD17A5B7TSTEXC/shortd49a6dae04f9e049850bd5601663fd17a5b7tstexc-exercise.git, testRepositoryUri=http://localhost:49152/git/SHORTD49A6DAE04F9E049850BD5601663FD17A5B7TSTEXC/shortd49a6dae04f9e049850bd5601663fd17a5b7tstexc-tests.git, solutionRepositoryUri=null, auxiliaryRepositoryUris=[Ljava.lang.String;@3acb63c8, auxiliaryRepositoryCheckoutDirectories=[Ljava.lang.String;@242cebec], jobTimingInfo=JobTimingInfo[submissionDate=2025-02-14T23:45:37.317968648Z[Etc/UTC], buildStartDate=2025-02-14T23:45:37.324534774Z[Etc/UTC], buildCompletionDate=2025-02-14T23:45:38.527225461Z[Etc/UTC], estimatedCompletionDate=2025-02-14T23:45:56.324506331Z[Etc/UTC], estimatedDuration=19], buildConfig=BuildConfig[buildScript=#!/bin/bash
cd /var/tmp/testing-dir
chmod +x ./gradlew
./gradlew clean test
, dockerImage=dummy-docker-image:latest, commitHashToBuild=c795243c185829bbefa399f45dcbcfac22311b2f, assignmentCommitHash=c795243c185829bbefa399f45dcbcfac22311b2f, testCommitHash=fa8b162170bf767d852e05e0eb7a128efa2e1f34, branch=main, programmingLanguage=JAVA, projectType=PLAIN_GRADLE, scaEnabled=false, sequentialTestRunsEnabled=false, resultPaths=[/var/tmp/testing-dir/**/test-results/test/*.xml], timeoutSeconds=0, assignmentCheckoutPath=null, testCheckoutPath=null, solutionCheckoutPath=null, dockerRunConfig=null], submissionResult=ResultDTO[id=633, completionDate=2025-02-14T23:45:38.476795726Z[Etc/UTC], successful=false, score=0.0, rated=true, submission=SubmissionDTO[id=827, submitted=true, type=MANUAL, exampleSubmission=null, submissionDate=2025-02-14T23:45:37.303401Z, commitHash=c795243c185829bbefa399f45dcbcfac22311b2f, buildFailed=false, buildArtifact=false, participation=ParticipationDTO[id=2011, testRun=false, type=template, submissionCount=null, exercise=ParticipationExerciseDTO[id=2603, exerciseType=PROGRAMMING, type=programming, assessmentType=AUTOMATIC, dueDate=2025-02-16T23:45:36.830269Z, assessmentDueDate=null, maxPoints=42.0, course=CourseDTO[id=986, accuracyOfScores=1]]], submissionExerciseType=programming, isProcessing=false, buildStartDate=null, estimatedCompletionDate=null], participation=ParticipationDTO[id=2011, testRun=false, type=template, submissionCount=null, exercise=ParticipationExerciseDTO[id=2603, exerciseType=PROGRAMMING, type=programming, assessmentType=AUTOMATIC, dueDate=2025-02-16T23:45:36.830269Z, assessmentDueDate=null, maxPoints=42.0, course=CourseDTO[id=986, accuracyOfScores=1]]], feedbacks=[FeedbackDTO[id=933, text=null, detailText=The exercise expects a class with the name Context in the package testpackage. You did not implement the class in the exercise., hasLongFeedbackText=false, reference=null, credits=0.0, positive=false, type=AUTOMATIC, visibility=ALWAYS, testCase=TestCaseDTO[testName=testMethods[Context], id=1383]], FeedbackDTO[id=934, text=null, detailText=The exercise expects a class with the name Policy in the package testpackage. You did not implement the class in the exercise., hasLongFeedbackText=false, reference=null, credits=0.0, positive=false, type=AUTOMATIC, visibility=ALWAYS, testCase=TestCaseDTO[testName=testMethods[Policy], id=1384]], FeedbackDTO[id=935, text=null, detailText=The exercise expects a class with the name SortStrategy in the package testpackage. You did not implement the class in the exercise., hasLongFeedbackText=false, reference=null, credits=0.0, positive=false, type=AUTOMATIC, visibility=ALWAYS, testCase=TestCaseDTO[testName=testMethods[SortStrategy], id=1385]], FeedbackDTO[id=936, text=null, detailText=The class 'MergeSort' does not implement the interface 'SortStrategy' as expected. Implement the interface and its methods., hasLongFeedbackText=false, reference=null, credits=0.0, positive=false, type=AUTOMATIC, visibility=ALWAYS, testCase=TestCaseDTO[testName=testClass[MergeSort], id=1380]], FeedbackDTO[id=937, text=null, detailText=The exercise expects a class with the name SortStrategy in the package testpackage. You did not implement the class in the exercise., hasLongFeedbackText=false, reference=null, credits=0.0, positive=false, type=AUTOMATIC, visibility=ALWAYS, testCase=TestCaseDTO[testName=testClass[SortStrategy], id=1377]], FeedbackDTO[id=938, text=null, detailText=The class 'BubbleSort' does not implement the interface 'SortStrategy' as expected. Implement the interface and its methods., hasLongFeedbackText=false, reference=null, credits=0.0, positive=false, type=AUTOMATIC, visibility=ALWAYS, testCase=TestCaseDTO[testName=testClass[BubbleSort], id=1381]], FeedbackDTO[id=939, text=null, detailText=MergeSort does not sort correctly, hasLongFeedbackText=false, reference=null, credits=0.0, positive=false, type=AUTOMATIC, visibility=ALWAYS, testCase=TestCaseDTO[testName=testMergeSort(), id=1386]], FeedbackDTO[id=940, text=null, detailText=The class 'Context' was not found within the submission. Make sure to implement it properly., hasLongFeedbackText=false, reference=null, credits=0.0, positive=false, type=AUTOMATIC, visibility=ALWAYS, testCase=TestCaseDTO[testName=testUseBubbleSortForSmallList(), id=1387]], FeedbackDTO[id=941, text=null, detailText=BubbleSort does not sort correctly, hasLongFeedbackText=false, reference=null, credits=0.0, positive=false, type=AUTOMATIC, visibility=ALWAYS, testCase=TestCaseDTO[testName=testBubbleSort(), id=1389]], FeedbackDTO[id=942, text=null, detailText=The class 'Context' was not found within the submission. Make sure to implement it properly., hasLongFeedbackText=false, reference=null, credits=0.0, positive=false, type=AUTOMATIC, visibility=ALWAYS, testCase=TestCaseDTO[testName=testUseMergeSortForBigList(), id=1388]], FeedbackDTO[id=943, text=null, detailText=The exercise expects a class with the name Policy in the package testpackage. You did not implement the class in the exercise., hasLongFeedbackText=false, reference=null, credits=0.0, positive=false, type=AUTOMATIC, visibility=ALWAYS, testCase=TestCaseDTO[testName=testConstructors[Policy], id=1382]], FeedbackDTO[id=944, text=null, detailText=The exercise expects a class with the name Context in the package testpackage. You did not implement the class in the exercise., hasLongFeedbackText=false, reference=null, credits=0.0, positive=false, type=AUTOMATIC, visibility=ALWAYS, testCase=TestCaseDTO[testName=testAttributes[Context], id=1378]], FeedbackDTO[id=945, text=null, detailText=The exercise expects a class with the name Policy in the package testpackage. You did not implement the class in the exercise., hasLongFeedbackText=false, reference=null, credits=0.0, positive=false, type=AUTOMATIC, visibility=ALWAYS, testCase=TestCaseDTO[testName=testAttributes[Policy], id=1379]]], assessmentType=AUTOMATIC, hasComplaint=null, exampleResult=null, testCaseCount=13, passedTestCaseCount=0, codeIssueCount=0]], BuildJobQueueItem[id=20171739576740018, name=SHORT7914AFA00ADC3047140B99D01AC07810CE44TSTEXC-LOCALVCCIINTSTUDENT1, buildAgent=BuildAgentDTO[name=artemis-build-agent-test, memberAddress=[127.0.0.1]:5703, displayName=artemis-build-agent-test], participationId=2017, courseId=988, exerciseId=2605, retryCount=0, priority=2, status=SUCCESSFUL, repositoryInfo=RepositoryInfo[repositoryName=short7914afa00adc3047140b99d01ac07810ce44tstexc-practice-localvcciintstudent1, repositoryType=user, triggeredByPushTo=user, assignmentRepositoryUri=http://localhost:49152/git/SHORT7914AFA00ADC3047140B99D01AC07810CE44TSTEXC/short7914afa00adc3047140b99d01ac07810ce44tstexc-practice-localvcciintstudent1.git, testRepositoryUri=http://localhost:49152/git/SHORT7914AFA00ADC3047140B99D01AC07810CE44TSTEXC/short7914afa00adc3047140b99d01ac07810ce44tstexc-tests.git, solutionRepositoryUri=null, auxiliaryRepositoryUris=[Ljava.lang.String;@4b9ba28c, auxiliaryRepositoryCheckoutDirectories=[Ljava.lang.String;@2fe93551], jobTimingInfo=JobTimingInfo[submissionDate=2025-02-14T23:45:40.018961253Z[Etc/UTC], buildStartDate=2025-02-14T23:45:40.029742701Z[Etc/UTC], buildCompletionDate=2025-02-14T23:45:41.150208242Z[Etc/UTC], estimatedCompletionDate=2025-02-14T23:45:59.029734065Z[Etc/UTC], estimatedDuration=19], buildConfig=BuildConfig[buildScript=#!/bin/bash
cd /var/tmp/testing-dir
chmod +x ./gradlew
./gradlew clean test
, dockerImage=dummy-docker-image:latest, commitHashToBuild=d80b57877989b971e83ccdb4863c8a7023c76266, assignmentCommitHash=d80b57877989b971e83ccdb4863c8a7023c76266, testCommitHash=327b116890c92b1312314341f43f21ef13ecf7d7, branch=main, programmingLanguage=JAVA, projectType=PLAIN_GRADLE, scaEnabled=false, sequentialTestRunsEnabled=false, resultPaths=[/var/tmp/testing-dir/**/test-results/test/*.xml], timeoutSeconds=0, assignmentCheckoutPath=null, testCheckoutPath=null, solutionCheckoutPath=null, dockerRunConfig=null], submissionResult=ResultDTO[id=634, completionDate=2025-02-14T23:45:41.120192603Z[Etc/UTC], successful=false, score=7.7, rated=false, submission=SubmissionDTO[id=828, submitted=true, type=MANUAL, exampleSubmission=null, submissionDate=2025-02-14T23:45:40.008666Z, commitHash=d80b57877989b971e83ccdb4863c8a7023c76266, buildFailed=false, buildArtifact=false, participation=ParticipationDTO[id=2017, testRun=true, type=programming, submissionCount=null, exercise=ParticipationExerciseDTO[id=2605, exerciseType=PROGRAMMING, type=programming, assessmentType=AUTOMATIC, dueDate=2025-02-16T23:45:39.523500Z, assessmentDueDate=null, maxPoints=42.0, course=CourseDTO[id=988, accuracyOfScores=1]]], submissionExerciseType=programming, isProcessing=false, buildStartDate=null, estimatedCompletionDate=null], participation=ParticipationDTO[id=2017, testRun=true, type=programming, submissionCount=null, exercise=ParticipationExerciseDTO[id=2605, exerciseType=PROGRAMMING, type=programming, assessmentType=AUTOMATIC, dueDate=2025-02-16T23:45:39.523500Z, assessmentDueDate=null, maxPoints=42.0, course=CourseDTO[id=988, accuracyOfScores=1]]], feedbacks=[FeedbackDTO[id=946, text=null, detailText=The exercise expects a class with the name Context in the package testpackage. You did not implement the class in the exercise., hasLongFeedbackText=false, reference=null, credits=0.0, positive=false, type=AUTOMATIC, visibility=ALWAYS, testCase=TestCaseDTO[testName=null, id=1409]], FeedbackDTO[id=947, text=null, detailText=The exercise expects a class with the name Policy in the package testpackage. You did not implement the class in the exercise., hasLongFeedbackText=false, reference=null, credits=0.0, positive=false, type=AUTOMATIC, visibility=ALWAYS, testCase=TestCaseDTO[testName=null, id=1410]], FeedbackDTO[id=948, text=null, detailText=The exercise expects a class with the name SortStrategy in the package testpackage. You did not implement the class in the exercise., hasLongFeedbackText=false, reference=null, credits=0.0, positive=false, type=AUTOMATIC, visibility=ALWAYS, testCase=TestCaseDTO[testName=null, id=1411]], FeedbackDTO[id=949, text=null, detailText=The class 'MergeSort' does not implement the interface 'SortStrategy' as expected. Implement the interface and its methods., hasLongFeedbackText=false, reference=null, credits=0.0, positive=false, type=AUTOMATIC, visibility=ALWAYS, testCase=TestCaseDTO[testName=null, id=1406]], FeedbackDTO[id=950, text=null, detailText=The exercise expects a class with the name SortStrategy in the package testpackage. You did not implement the class in the exercise., hasLongFeedbackText=false, reference=null, credits=0.0, positive=false, type=AUTOMATIC, visibility=ALWAYS, testCase=TestCaseDTO[testName=null, id=1403]], FeedbackDTO[id=951, text=null, detailText=The class 'BubbleSort' does not implement the interface 'SortStrategy' as expected. Implement the interface and its methods., hasLongFeedbackText=false, reference=null, credits=0.0, positive=false, type=AUTOMATIC, visibility=ALWAYS, testCase=TestCaseDTO[testName=null, id=1407]], FeedbackDTO[id=952, text=null, detailText=MergeSort does not sort correctly, hasLongFeedbackText=false, reference=null, credits=0.0, positive=false, type=AUTOMATIC, visibility=ALWAYS, testCase=TestCaseDTO[testName=null, id=1412]], FeedbackDTO[id=953, text=null, detailText=The class 'Context' was not found within the submission. Make sure to implement it properly., hasLongFeedbackText=false, reference=null, credits=0.0, positive=false, type=AUTOMATIC, visibility=ALWAYS, testCase=TestCaseDTO[testName=null, id=1413]], FeedbackDTO[id=954, text=null, detailText=The class 'Context' was not found within the submission. Make sure to implement it properly., hasLongFeedbackText=false, reference=null, credits=0.0, positive=false, type=AUTOMATIC, visibility=ALWAYS, testCase=TestCaseDTO[testName=null, id=1414]], FeedbackDTO[id=955, text=null, detailText=The exercise expects a class with the name Policy in the package testpackage. You did not implement the class in the exercise., hasLongFeedbackText=false, reference=null, credits=0.0, positive=false, type=AUTOMATIC, visibility=ALWAYS, testCase=TestCaseDTO[testName=null, id=1408]], FeedbackDTO[id=956, text=null, detailText=The exercise expects a class with the name Context in the package testpackage. You did not implement the class in the exercise., hasLongFeedbackText=false, reference=null, credits=0.0, positive=false, type=AUTOMATIC, visibility=ALWAYS, testCase=TestCaseDTO[testName=null, id=1404]], FeedbackDTO[id=957, text=null, detailText=The exercise expects a class with the name Policy in the package testpackage. You did not implement the class in the exercise., hasLongFeedbackText=false, reference=null, credits=0.0, positive=false, type=AUTOMATIC, visibility=ALWAYS, testCase=TestCaseDTO[testName=null, id=1405]], FeedbackDTO[id=958, text=null, detailText=null, hasLongFeedbackText=false, reference=null, credits=3.230769230769231, positive=true, type=AUTOMATIC, visibility=ALWAYS, testCase=TestCaseDTO[testName=null, id=1415]]], assessmentType=AUTOMATIC, hasComplaint=null, exampleResult=null, testCaseCount=13, passedTestCaseCount=1, codeIssueCount=0]], BuildJobQueueItem[id=20261739576743984, name=SHORT53C73BE505404043100AC2F00C039353CE8FTSTEXC-LOCALVCCIINTSTUDENT1, buildAgent=BuildAgentDTO[name=artemis-build-agent-test, memberAddress=[127.0.0.1]:5703, displayName=artemis-build-agent-test], participationId=2026, courseId=991, exerciseId=2608, retryCount=0, priority=1, status=SUCCESSFUL, repositoryInfo=RepositoryInfo[repositoryName=short53c73be505404043100ac2f00c039353ce8ftstexc-localvcciintstudent1, repositoryType=user, triggeredByPushTo=user, assignmentRepositoryUri=http://localhost:49152/git/SHORT53C73BE505404043100AC2F00C039353CE8FTSTEXC/short53c73be505404043100ac2f00c039353ce8ftstexc-localvcciintstudent1.git, testRepositoryUri=http://localhost:49152/git/SHORT53C73BE505404043100AC2F00C039353CE8FTSTEXC/short53c73be505404043100ac2f00c039353ce8ftstexc-tests.git, solutionRepositoryUri=null, auxiliaryRepositoryUris=[Ljava.lang.String;@4e5dc647, auxiliaryRepositoryCheckoutDirectories=[Ljava.lang.String;@ded37eb], jobTimingInfo=JobTimingInfo[submissionDate=2025-02-14T23:45:43.984518859Z[Etc/UTC], buildStartDate=2025-02-14T23:45:43.991385682Z[Etc/UTC], buildCompletionDate=2025-02-14T23:45:44.982059928Z[Etc/UTC], estimatedCompletionDate=2025-02-14T23:46:02.991380122Z[Etc/UTC], estimatedDuration=19], buildConfig=BuildConfig[buildScript=#!/bin/bash
cd /var/tmp/testing-dir
chmod +x ./gradlew
./gradlew clean test
, dockerImage=dummy-docker-image:latest, commitHashToBuild=3e90ae9fef2e44ffb41451a080bdaa6a44ad6848, assignmentCommitHash=3e90ae9fef2e44ffb41451a080bdaa6a44ad6848, testCommitHash=0582754c87aae13e640312855ce7dbe490ecb50c, branch=main, programmingLanguage=JAVA, projectType=PLAIN_GRADLE, scaEnabled=false, sequentialTestRunsEnabled=false, resultPaths=[/var/tmp/testing-dir/**/test-results/test/*.xml], timeoutSeconds=0, assignmentCheckoutPath=null, testCheckoutPath=null, solutionCheckoutPath=null, dockerRunConfig=null], submissionResult=ResultDTO[id=635, completionDate=2025-02-14T23:45:44.961313737Z[Etc/UTC], successful=false, score=7.7, rated=true, submission=SubmissionDTO[id=829, submitted=true, type=MANUAL, exampleSubmission=null, submissionDate=2025-02-14T23:45:43.967766Z, commitHash=3e90ae9fef2e44ffb41451a080bdaa6a44ad6848, buildFailed=false, buildArtifact=false, participation=ParticipationDTO[id=2026, testRun=false, type=programming, submissionCount=null, exercise=ParticipationExerciseDTO[id=2608, exerciseType=PROGRAMMING, type=programming, assessmentType=AUTOMATIC, dueDate=2025-02-16T23:45:43.597978Z, assessmentDueDate=null, maxPoints=42.0, course=CourseDTO[id=991, accuracyOfScores=1]]], submissionExerciseType=programming, isProcessing=false, buildStartDate=null, estimatedCompletionDate=null], participation=ParticipationDTO[id=2026, testRun=false, type=programming, submissionCount=null, exercise=ParticipationExerciseDTO[id=2608, exerciseType=PROGRAMMING, type=programming, assessmentType=AUTOMATIC, dueDate=2025-02-16T23:45:43.597978Z, assessmentDueDate=null, maxPoints=42.0, course=CourseDTO[id=991, accuracyOfScores=1]]], feedbacks=[FeedbackDTO[id=959, text=null, detailText=The exercise expects a class with the name Context in the package testpackage. You did not implement the class in the exercise., hasLongFeedbackText=false, reference=null, credits=0.0, positive=false, type=AUTOMATIC, visibility=ALWAYS, testCase=TestCaseDTO[testName=null, id=1448]], FeedbackDTO[id=960, text=null, detailText=The exercise expects a class with the name Policy in the package testpackage. You did not implement the class in the exercise., hasLongFeedbackText=false, reference=null, credits=0.0, positive=false, type=AUTOMATIC, visibility=ALWAYS, testCase=TestCaseDTO[testName=null, id=1449]], FeedbackDTO[id=961, text=null, detailText=The exercise expects a class with the name SortStrategy in the package testpackage. You did not implement the class in the exercise., hasLongFeedbackText=false, reference=null, credits=0.0, positive=false, type=AUTOMATIC, visibility=ALWAYS, testCase=TestCaseDTO[testName=null, id=1450]], FeedbackDTO[id=962, text=null, detailText=The class 'MergeSort' does not implement the interface 'SortStrategy' as expected. Implement the interface and its methods., hasLongFeedbackText=false, reference=null, credits=0.0, positive=false, type=AUTOMATIC, visibility=ALWAYS, testCase=TestCaseDTO[testName=null, id=1445]], FeedbackDTO[id=963, text=null, detailText=The exercise expects a class with the name SortStrategy in the package testpackage. You did not implement the class in the exercise., hasLongFeedbackText=false, reference=null, credits=0.0, positive=false, type=AUTOMATIC, visibility=ALWAYS, testCase=TestCaseDTO[testName=null, id=1442]], FeedbackDTO[id=964, text=null, detailText=The class 'BubbleSort' does not implement the interface 'SortStrategy' as expected. Implement the interface and its methods., hasLongFeedbackText=false, reference=null, credits=0.0, positive=false, type=AUTOMATIC, visibility=ALWAYS, testCase=TestCaseDTO[testName=null, id=1446]], FeedbackDTO[id=965, text=null, detailText=MergeSort does not sort correctly, hasLongFeedbackText=false, reference=null, credits=0.0, positive=false, type=AUTOMATIC, visibility=ALWAYS, testCase=TestCaseDTO[testName=null, id=1451]], FeedbackDTO[id=966, text=null, detailText=The class 'Context' was not found within the submission. Make sure to implement it properly., hasLongFeedbackText=false, reference=null, credits=0.0, positive=false, type=AUTOMATIC, visibility=ALWAYS, testCase=TestCaseDTO[testName=null, id=1452]], FeedbackDTO[id=967, text=null, detailText=The class 'Context' was not found within the submission. Make sure to implement it properly., hasLongFeedbackText=false, reference=null, credits=0.0, positive=false, type=AUTOMATIC, visibility=ALWAYS, testCase=TestCaseDTO[testName=null, id=1453]], FeedbackDTO[id=968, text=null, detailText=The exercise expects a class with the name Policy in the package testpackage. You did not implement the class in the exercise., hasLongFeedbackText=false, reference=null, credits=0.0, positive=false, type=AUTOMATIC, visibility=ALWAYS, testCase=TestCaseDTO[testName=null, id=1447]], FeedbackDTO[id=969, text=null, detailText=The exercise expects a class with the name Context in the package testpackage. You did not implement the class in the exercise., hasLongFeedbackText=false, reference=null, credits=0.0, positive=false, type=AUTOMATIC, visibility=ALWAYS, testCase=TestCaseDTO[testName=null, id=1443]], FeedbackDTO[id=970, text=null, detailText=The exercise expects a class with the name Policy in the package testpackage. You did not implement the class in the exercise., hasLongFeedbackText=false, reference=null, credits=0.0, positive=false, type=AUTOMATIC, visibility=ALWAYS, testCase=TestCaseDTO[testName=null, id=1444]], FeedbackDTO[id=971, text=null, detailText=null, hasLongFeedbackText=false, reference=null, credits=3.230769230769231, positive=true, type=AUTOMATIC, visibility=ALWAYS, testCase=TestCaseDTO[testName=null, id=1454]]], assessmentType=AUTOMATIC, hasComplaint=null, exampleResult=null, testCaseCount=13, passedTestCaseCount=1, codeIssueCount=0]], BuildJobQueueItem[id=20271739576746886, name=SHORT0FC863930E92904248098A506171F81CF6CFTSTEXC-SOLUTION, buildAgent=BuildAgentDTO[name=artemis-build-agent-test, memberAddress=[127.0.0.1]:5703, displayName=artemis-build-agent-test], participationId=2027, courseId=992, exerciseId=2609, retryCount=0, priority=2, status=SUCCESSFUL, repositoryInfo=RepositoryInfo[repositoryName=short0fc863930e92904248098a506171f81cf6cftstexc-solution, repositoryType=solution, triggeredByPushTo=auxiliary, assignmentRepositoryUri=http://localhost:49152/git/SHORT0FC863930E92904248098A506171F81CF6CFTSTEXC/short0fc863930e92904248098a506171f81cf6cftstexc-solution.git, testRepositoryUri=http://localhost:49152/git/SHORT0FC863930E92904248098A506171F81CF6CFTSTEXC/short0fc863930e92904248098a506171f81cf6cftstexc-tests.git, solutionRepositoryUri=null, auxiliaryRepositoryUris=[Ljava.lang.String;@1b746b18, auxiliaryRepositoryCheckoutDirectories=[Ljava.lang.String;@7d51869a], jobTimingInfo=JobTimingInfo[submissionDate=2025-02-14T23:45:46.886984066Z[Etc/UTC], buildStartDate=2025-02-14T23:45:46.897709578Z[Etc/UTC], buildCompletionDate=2025-02-14T23:45:48.628460156Z[Etc/UTC], estimatedCompletionDate=2025-02-14T23:46:05.897701272Z[Etc/UTC], estimatedDuration=19], buildConfig=BuildConfig[buildScript=#!/bin/bash
cd /var/tmp/testing-dir
chmod +x ./gradlew
./gradlew clean test
, dockerImage=dummy-docker-image:latest, commitHashToBuild=null, assignmentCommitHash=115a2e943bee242fdad360b50d8ad5f30792577e, testCommitHash=9b3a9bd71a0d80e5bbc42204c319ed3d1d4f0d6d, branch=main, programmingLanguage=JAVA, projectType=PLAIN_GRADLE, scaEnabled=false, sequentialTestRunsEnabled=false, resultPaths=[/var/tmp/testing-dir/**/test-results/test/*.xml], timeoutSeconds=0, assignmentCheckoutPath=null, testCheckoutPath=null, solutionCheckoutPath=null, dockerRunConfig=null], submissionResult=ResultDTO[id=636, completionDate=2025-02-14T23:45:48.593370968Z[Etc/UTC], successful=true, score=100.0, rated=true, submission=SubmissionDTO[id=830, submitted=true, type=TEST, exampleSubmission=null, submissionDate=2025-02-14T23:45:46.873671Z, commitHash=9b3a9bd71a0d80e5bbc42204c319ed3d1d4f0d6d, buildFailed=false, buildArtifact=false, participation=ParticipationDTO[id=2027, testRun=false, type=solution, submissionCount=null, exercise=ParticipationExerciseDTO[id=2609, exerciseType=PROGRAMMING, type=programming, assessmentType=AUTOMATIC, dueDate=2025-02-16T23:45:46.386304Z, assessmentDueDate=null, maxPoints=42.0, course=CourseDTO[id=992, accuracyOfScores=1]]], submissionExerciseType=programming, isProcessing=false, buildStartDate=null, estimatedCompletionDate=null], participation=ParticipationDTO[id=2027, testRun=false, type=solution, submissionCount=null, exercise=ParticipationExerciseDTO[id=2609, exerciseType=PROGRAMMING, type=programming, assessmentType=AUTOMATIC, dueDate=2025-02-16T23:45:46.386304Z, assessmentDueDate=null, maxPoints=42.0, course=CourseDTO[id=992, accuracyOfScores=1]]], feedbacks=[FeedbackDTO[id=972, text=null, detailText=null, hasLongFeedbackText=false, reference=null, credits=3.230769230769231, positive=true, type=AUTOMATIC, visibility=ALWAYS, testCase=TestCaseDTO[testName=testMethods[Context], id=1461]], FeedbackDTO[id=973, text=null, detailText=null, hasLongFeedbackText=false, reference=null, credits=3.230769230769231, positive=true, type=AUTOMATIC, visibility=ALWAYS, testCase=TestCaseDTO[testName=testMethods[Policy], id=1462]], FeedbackDTO[id=974, text=null, detailText=null, hasLongFeedbackText=false, reference=null, credits=3.230769230769231, positive=true, type=AUTOMATIC, visibility=ALWAYS, testCase=TestCaseDTO[testName=testMethods[SortStrategy], id=1463]], FeedbackDTO[id=975, text=null, detailText=null, hasLongFeedbackText=false, reference=null, credits=3.230769230769231, positive=true, type=AUTOMATIC, visibility=ALWAYS, testCase=TestCaseDTO[testName=testClass[MergeSort], id=1458]], FeedbackDTO[id=976, text=null, detailText=null, hasLongFeedbackText=false, reference=null, credits=3.230769230769231, positive=true, type=AUTOMATIC, visibility=ALWAYS, testCase=TestCaseDTO[testName=testClass[SortStrategy], id=1455]], FeedbackDTO[id=977, text=null, detailText=null, hasLongFeedbackText=false, reference=null, credits=3.230769230769231, positive=true, type=AUTOMATIC, visibility=ALWAYS, testCase=TestCaseDTO[testName=testClass[BubbleSort], id=1459]], FeedbackDTO[id=978, text=null, detailText=null, hasLongFeedbackText=false, reference=null, credits=3.230769230769231, positive=true, type=AUTOMATIC, visibility=ALWAYS, testCase=TestCaseDTO[testName=testMergeSort(), id=1464]], FeedbackDTO[id=979, text=null, detailText=null, hasLongFeedbackText=false, reference=null, credits=3.230769230769231, positive=true, type=AUTOMATIC, visibility=ALWAYS, testCase=TestCaseDTO[testName=testUseBubbleSortForSmallList(), id=1465]], FeedbackDTO[id=980, text=null, detailText=null, hasLongFeedbackText=false, reference=null, credits=3.230769230769231, positive=true, type=AUTOMATIC, visibility=ALWAYS, testCase=TestCaseDTO[testName=testBubbleSort(), id=1467]], FeedbackDTO[id=981, text=null, detailText=null, hasLongFeedbackText=false, reference=null, credits=3.230769230769231, positive=true, type=AUTOMATIC, visibility=ALWAYS, testCase=TestCaseDTO[testName=testUseMergeSortForBigList(), id=1466]], FeedbackDTO[id=982, text=null, detailText=null, hasLongFeedbackText=false, reference=null, credits=3.230769230769231, positive=true, type=AUTOMATIC, visibility=ALWAYS, testCase=TestCaseDTO[testName=testConstructors[Policy], id=1460]], FeedbackDTO[id=983, text=null, detailText=null, hasLongFeedbackText=false, reference=null, credits=3.230769230769231, positive=true, type=AUTOMATIC, visibility=ALWAYS, testCase=TestCaseDTO[testName=testAttributes[Context], id=1456]], FeedbackDTO[id=984, text=null, detailText=null, hasLongFeedbackText=false, reference=null, credits=3.230769230769231, positive=true, type=AUTOMATIC, visibility=ALWAYS, testCase=TestCaseDTO[testName=testAttributes[Policy], id=1457]]], assessmentType=AUTOMATIC, hasComplaint=null, exampleResult=null, testCaseCount=13, passedTestCaseCount=13, codeIssueCount=0]], BuildJobQueueItem[id=20281739576748768, name=SHORT0FC863930E92904248098A506171F81CF6CFTSTEXC-BASE, buildAgent=BuildAgentDTO[name=artemis-build-agent-test, memberAddress=[127.0.0.1]:5703, displayName=artemis-build-agent-test], participationId=2028, courseId=992, exerciseId=2609, retryCount=0, priority=2, status=SUCCESSFUL, repositoryInfo=RepositoryInfo[repositoryName=short0fc863930e92904248098a506171f81cf6cftstexc-exercise, repositoryType=exercise, triggeredByPushTo=auxiliary, assignmentRepositoryUri=http://localhost:49152/git/SHORT0FC863930E92904248098A506171F81CF6CFTSTEXC/short0fc863930e92904248098a506171f81cf6cftstexc-exercise.git, testRepositoryUri=http://localhost:49152/git/SHORT0FC863930E92904248098A506171F81CF6CFTSTEXC/short0fc863930e92904248098a506171f81cf6cftstexc-tests.git, solutionRepositoryUri=null, auxiliaryRepositoryUris=[Ljava.lang.String;@5d9e0889, auxiliaryRepositoryCheckoutDirectories=[Ljava.lang.String;@39283ebe], jobTimingInfo=JobTimingInfo[submissionDate=2025-02-14T23:45:48.768063548Z[Etc/UTC], buildStartDate=2025-02-14T23:45:48.802531989Z[Etc/UTC], buildCompletionDate=2025-02-14T23:45:50.482681367Z[Etc/UTC], estimatedCompletionDate=2025-02-14T23:45:50.802523092Z[Etc/UTC], estimatedDuration=2], buildConfig=BuildConfig[buildScript=#!/bin/bash
cd /var/tmp/testing-dir
chmod +x ./gradlew
./gradlew clean test
, dockerImage=dummy-docker-image:latest, commitHashToBuild=9b3a9bd71a0d80e5bbc42204c319ed3d1d4f0d6d, assignmentCommitHash=115a2e943bee242fdad360b50d8ad5f30792577e, testCommitHash=9b3a9bd71a0d80e5bbc42204c319ed3d1d4f0d6d, branch=main, programmingLanguage=JAVA, projectType=PLAIN_GRADLE, scaEnabled=false, sequentialTestRunsEnabled=false, resultPaths=[/var/tmp/testing-dir/**/test-results/test/*.xml], timeoutSeconds=0, assignmentCheckoutPath=null, testCheckoutPath=null, solutionCheckoutPath=null, dockerRunConfig=null], submissionResult=ResultDTO[id=637, completionDate=2025-02-14T23:45:50.449084694Z[Etc/UTC], successful=false, score=0.0, rated=true, submission=SubmissionDTO[id=831, submitted=true, type=TEST, exampleSubmission=null, submissionDate=2025-02-14T23:45:48.761177Z, commitHash=9b3a9bd71a0d80e5bbc42204c319ed3d1d4f0d6d, buildFailed=false, buildArtifact=false, participation=ParticipationDTO[id=2028, testRun=false, type=template, submissionCount=null, exercise=ParticipationExerciseDTO[id=2609, exerciseType=PROGRAMMING, type=programming, assessmentType=AUTOMATIC, dueDate=2025-02-16T23:45:46.386304Z, assessmentDueDate=null, maxPoints=42.0, course=CourseDTO[id=992, accuracyOfScores=1]]], submissionExerciseType=programming, isProcessing=false, buildStartDate=null, estimatedCompletionDate=null], participation=ParticipationDTO[id=2028, testRun=false, type=template, submissionCount=null, exercise=ParticipationExerciseDTO[id=2609, exerciseType=PROGRAMMING, type=programming, assessmentType=AUTOMATIC, dueDate=2025-02-16T23:45:46.386304Z, assessmentDueDate=null, maxPoints=42.0, course=CourseDTO[id=992, accuracyOfScores=1]]], feedbacks=[FeedbackDTO[id=985, text=null, detailText=The exercise expects a class with the name Context in the package testpackage. You did not implement the class in the exercise., hasLongFeedbackText=false, reference=null, credits=0.0, positive=false, type=AUTOMATIC, visibility=ALWAYS, testCase=TestCaseDTO[testName=testMethods[Context], id=1461]], FeedbackDTO[id=986, text=null, detailText=The exercise expects a class with the name Policy in the package testpackage. You did not implement the class in the exercise., hasLongFeedbackText=false, reference=null, credits=0.0, positive=false, type=AUTOMATIC, visibility=ALWAYS, testCase=TestCaseDTO[testName=testMethods[Policy], id=1462]], FeedbackDTO[id=987, text=null, detailText=The exercise expects a class with the name SortStrategy in the package testpackage. You did not implement the class in the exercise., hasLongFeedbackText=false, reference=null, credits=0.0, positive=false, type=AUTOMATIC, visibility=ALWAYS, testCase=TestCaseDTO[testName=testMethods[SortStrategy], id=1463]], FeedbackDTO[id=988, text=null, detailText=The class 'MergeSort' does not implement the interface 'SortStrategy' as expected. Implement the interface and its methods., hasLongFeedbackText=false, reference=null, credits=0.0, positive=false, type=AUTOMATIC, visibility=ALWAYS, testCase=TestCaseDTO[testName=testClass[MergeSort], id=1458]], FeedbackDTO[id=989, text=null, detailText=The exercise expects a class with the name SortStrategy in the package testpackage. You did not implement the class in the exercise., hasLongFeedbackText=false, reference=null, credits=0.0, positive=false, type=AUTOMATIC, visibility=ALWAYS, testCase=TestCaseDTO[testName=testClass[SortStrategy], id=1455]], FeedbackDTO[id=990, text=null, detailText=The class 'BubbleSort' does not implement the interface 'SortStrategy' as expected. Implement the interface and its methods., hasLongFeedbackText=false, reference=null, credits=0.0, positive=false, type=AUTOMATIC, visibility=ALWAYS, testCase=TestCaseDTO[testName=testClass[BubbleSort], id=1459]], FeedbackDTO[id=991, text=null, detailText=MergeSort does not sort correctly, hasLongFeedbackText=false, reference=null, credits=0.0, positive=false, type=AUTOMATIC, visibility=ALWAYS, testCase=TestCaseDTO[testName=testMergeSort(), id=1464]], FeedbackDTO[id=992, text=null, detailText=The class 'Context' was not found within the submission. Make sure to implement it properly., hasLongFeedbackText=false, reference=null, credits=0.0, positive=false, type=AUTOMATIC, visibility=ALWAYS, testCase=TestCaseDTO[testName=testUseBubbleSortForSmallList(), id=1465]], FeedbackDTO[id=993, text=null, detailText=BubbleSort does not sort correctly, hasLongFeedbackText=false, reference=null, credits=0.0, positive=false, type=AUTOMATIC, visibility=ALWAYS, testCase=TestCaseDTO[testName=testBubbleSort(), id=1467]], FeedbackDTO[id=994, text=null, detailText=The class 'Context' was not found within the submission. Make sure to implement it properly., hasLongFeedbackText=false, reference=null, credits=0.0, positive=false, type=AUTOMATIC, visibility=ALWAYS, testCase=TestCaseDTO[testName=testUseMergeSortForBigList(), id=1466]], FeedbackDTO[id=995, text=null, detailText=The exercise expects a class with the name Policy in the package testpackage. You did not implement the class in the exercise., hasLongFeedbackText=false, reference=null, credits=0.0, positive=false, type=AUTOMATIC, visibility=ALWAYS, testCase=TestCaseDTO[testName=testConstructors[Policy], id=1460]], FeedbackDTO[id=996, text=null, detailText=The exercise expects a class with the name Context in the package testpackage. You did not implement the class in the exercise., hasLongFeedbackText=false, reference=null, credits=0.0, positive=false, type=AUTOMATIC, visibility=ALWAYS, testCase=TestCaseDTO[testName=testAttributes[Context], id=1456]], FeedbackDTO[id=997, text=null, detailText=The exercise expects a class with the name Policy in the package testpackage. You did not implement the class in the exercise., hasLongFeedbackText=false, reference=null, credits=0.0, positive=false, type=AUTOMATIC, visibility=ALWAYS, testCase=TestCaseDTO[testName=testAttributes[Policy], id=1457]]], assessmentType=AUTOMATIC, hasComplaint=null, exampleResult=null, testCaseCount=13, passedTestCaseCount=0, codeIssueCount=0]], BuildJobQueueItem[id=20291739576751299, name=SHORT716C2EC10B19B049C80A2F00B97EAB20B2A9TSTEXC-SOLUTION, buildAgent=BuildAgentDTO[name=artemis-build-agent-test, memberAddress=[127.0.0.1]:5703, displayName=artemis-build-agent-test], participationId=2029, courseId=993, exerciseId=2610, retryCount=0, priority=2, status=SUCCESSFUL, repositoryInfo=RepositoryInfo[repositoryName=short716c2ec10b19b049c80a2f00b97eab20b2a9tstexc-solution, repositoryType=solution, triggeredByPushTo=tests, assignmentRepositoryUri=http://localhost:49152/git/SHORT716C2EC10B19B049C80A2F00B97EAB20B2A9TSTEXC/short716c2ec10b19b049c80a2f00b97eab20b2a9tstexc-solution.git, testRepositoryUri=http://localhost:49152/git/SHORT716C2EC10B19B049C80A2F00B97EAB20B2A9TSTEXC/short716c2ec10b19b049c80a2f00b97eab20b2a9tstexc-tests.git, solutionRepositoryUri=null, auxiliaryRepositoryUris=[Ljava.lang.String;@13cae28, auxiliaryRepositoryCheckoutDirectories=[Ljava.lang.String;@70288dc3], jobTimingInfo=JobTimingInfo[submissionDate=2025-02-14T23:45:51.299892174Z[Etc/UTC], buildStartDate=2025-02-14T23:45:51.314028505Z[Etc/UTC], buildCompletionDate=2025-02-14T23:45:52.158312850Z[Etc/UTC], estimatedCompletionDate=2025-02-14T23:46:10.314021752Z[Etc/UTC], estimatedDuration=19], buildConfig=BuildConfig[buildScript=#!/bin/bash
cd /var/tmp/testing-dir
chmod +x ./gradlew
./gradlew clean test
, dockerImage=dummy-docker-image:latest, commitHashToBuild=1e531733ed6e9237f710b528d1eb0b7beac565fd, assignmentCommitHash=815e279f12ad296b4f24c44134a07293c04c010f, testCommitHash=1e531733ed6e9237f710b528d1eb0b7beac565fd, branch=main, programmingLanguage=JAVA, projectType=PLAIN_GRADLE, scaEnabled=false, sequentialTestRunsEnabled=false, resultPaths=[/var/tmp/testing-dir/**/test-results/test/*.xml], timeoutSeconds=0, assignmentCheckoutPath=null, testCheckoutPath=null, solutionCheckoutPath=null, dockerRunConfig=null], submissionResult=ResultDTO[id=638, completionDate=2025-02-14T23:45:52.146826070Z[Etc/UTC], successful=true, score=100.0, rated=true, submission=SubmissionDTO[id=832, submitted=true, type=TEST, exampleSubmission=null, submissionDate=2025-02-14T23:45:51.275713Z, commitHash=1e531733ed6e9237f710b528d1eb0b7beac565fd, buildFailed=false, buildArtifact=false, participation=ParticipationDTO[id=2029, testRun=false, type=solution, submissionCount=null, exercise=ParticipationExerciseDTO[id=2610, exerciseType=PROGRAMMING, type=programming, assessmentType=AUTOMATIC, dueDate=2025-02-16T23:45:50.869093Z, assessmentDueDate=null, maxPoints=42.0, course=CourseDTO[id=993, accuracyOfScores=1]]], submissionExerciseType=programming, isProcessing=false, buildStartDate=null, estimatedCompletionDate=null], participation=ParticipationDTO[id=2029, testRun=false, type=solution, submissionCount=null, exercise=ParticipationExerciseDTO[id=2610, exerciseType=PROGRAMMING, type=programming, assessmentType=AUTOMATIC, dueDate=2025-02-16T23:45:50.869093Z, assessmentDueDate=null, maxPoints=42.0, course=CourseDTO[id=993, accuracyOfScores=1]]], feedbacks=[FeedbackDTO[id=998, text=null, detailText=null, hasLongFeedbackText=false, reference=null, credits=3.230769230769231, positive=true, type=AUTOMATIC, visibility=ALWAYS, testCase=TestCaseDTO[testName=testMethods[Context], id=1474]], FeedbackDTO[id=999, text=null, detailText=null, hasLongFeedbackText=false, reference=null, credits=3.230769230769231, positive=true, type=AUTOMATIC, visibility=ALWAYS, testCase=TestCaseDTO[testName=testMethods[Policy], id=1475]], FeedbackDTO[id=1000, text=null, detailText=null, hasLongFeedbackText=false, reference=null, credits=3.230769230769231, positive=true, type=AUTOMATIC, visibility=ALWAYS, testCase=TestCaseDTO[testName=testMethods[SortStrategy], id=1476]], FeedbackDTO[id=1001, text=null, detailText=null, hasLongFeedbackText=false, reference=null, credits=3.230769230769231, positive=true, type=AUTOMATIC, visibility=ALWAYS, testCase=TestCaseDTO[testName=testClass[MergeSort], id=1471]], FeedbackDTO[id=1002, text=null, detailText=null, hasLongFeedbackText=false, reference=null, credits=3.230769230769231, positive=true, type=AUTOMATIC, visibility=ALWAYS, testCase=TestCaseDTO[testName=testClass[SortStrategy], id=1468]], FeedbackDTO[id=1003, text=null, detailText=null, hasLongFeedbackText=false, reference=null, credits=3.230769230769231, positive=true, type=AUTOMATIC, visibility=ALWAYS, testCase=TestCaseDTO[testName=testClass[BubbleSort], id=1472]], FeedbackDTO[id=1004, text=null, detailText=null, hasLongFeedbackText=false, reference=null, credits=3.230769230769231, positive=true, type=AUTOMATIC, visibility=ALWAYS, testCase=TestCaseDTO[testName=testMergeSort(), id=1477]], FeedbackDTO[id=1005, text=null, detailText=null, hasLongFeedbackText=false, reference=null, credits=3.230769230769231, positive=true, type=AUTOMATIC, visibility=ALWAYS, testCase=TestCaseDTO[testName=testUseBubbleSortForSmallList(), id=1478]], FeedbackDTO[id=1006, text=null, detailText=null, hasLongFeedbackText=false, reference=null, credits=3.230769230769231, positive=true, type=AUTOMATIC, visibility=ALWAYS, testCase=TestCaseDTO[testName=testBubbleSort(), id=1480]], FeedbackDTO[id=1007, text=null, detailText=null, hasLongFeedbackText=false, reference=null, credits=3.230769230769231, positive=true, type=AUTOMATIC, visibility=ALWAYS, testCase=TestCaseDTO[testName=testUseMergeSortForBigList(), id=1479]], FeedbackDTO[id=1008, text=null, detailText=null, hasLongFeedbackText=false, reference=null, credits=3.230769230769231, positive=true, type=AUTOMATIC, visibility=ALWAYS, testCase=TestCaseDTO[testName=testConstructors[Policy], id=1473]], FeedbackDTO[id=1009, text=null, detailText=null, hasLongFeedbackText=false, reference=null, credits=3.230769230769231, positive=true, type=AUTOMATIC, visibility=ALWAYS, testCase=TestCaseDTO[testName=testAttributes[Context], id=1469]], FeedbackDTO[id=1010, text=null, detailText=null, hasLongFeedbackText=false, reference=null, credits=3.230769230769231, positive=true, type=AUTOMATIC, visibility=ALWAYS, testCase=TestCaseDTO[testName=testAttributes[Policy], id=1470]]], assessmentType=AUTOMATIC, hasComplaint=null, exampleResult=null, testCaseCount=13, passedTestCaseCount=13, codeIssueCount=0]], BuildJobQueueItem[id=20301739576752239, name=SHORT716C2EC10B19B049C80A2F00B97EAB20B2A9TSTEXC-BASE, buildAgent=BuildAgentDTO[name=artemis-build-agent-test, memberAddress=[127.0.0.1]:5703, displayName=artemis-build-agent-test], participationId=2030, courseId=993, exerciseId=2610, retryCount=0, priority=2, status=SUCCESSFUL, repositoryInfo=RepositoryInfo[repositoryName=short716c2ec10b19b049c80a2f00b97eab20b2a9tstexc-exercise, repositoryType=exercise, triggeredByPushTo=tests, assignmentRepositoryUri=http://localhost:49152/git/SHORT716C2EC10B19B049C80A2F00B97EAB20B2A9TSTEXC/short716c2ec10b19b049c80a2f00b97eab20b2a9tstexc-exercise.git, testRepositoryUri=http://localhost:49152/git/SHORT716C2EC10B19B049C80A2F00B97EAB20B2A9TSTEXC/short716c2ec10b19b049c80a2f00b97eab20b2a9tstexc-tests.git, solutionRepositoryUri=null, auxiliaryRepositoryUris=[Ljava.lang.String;@5d5f090f, auxiliaryRepositoryCheckoutDirectories=[Ljava.lang.String;@257a11d4], jobTimingInfo=JobTimingInfo[submissionDate=2025-02-14T23:45:52.239402475Z[Etc/UTC], buildStartDate=2025-02-14T23:45:52.258713639Z[Etc/UTC], buildCompletionDate=2025-02-14T23:45:53.238773956Z[Etc/UTC], estimatedCompletionDate=2025-02-14T23:45:53.258707428Z[Etc/UTC], estimatedDuration=1], buildConfig=BuildConfig[buildScript=#!/bin/bash
cd /var/tmp/testing-dir
chmod +x ./gradlew
./gradlew clean test
, dockerImage=dummy-docker-image:latest, commitHashToBuild=1e531733ed6e9237f710b528d1eb0b7beac565fd, assignmentCommitHash=815e279f12ad296b4f24c44134a07293c04c010f, testCommitHash=1e531733ed6e9237f710b528d1eb0b7beac565fd, branch=main, programmingLanguage=JAVA, projectType=PLAIN_GRADLE, scaEnabled=false, sequentialTestRunsEnabled=false, resultPaths=[/var/tmp/testing-dir/**/test-results/test/*.xml], timeoutSeconds=0, assignmentCheckoutPath=null, testCheckoutPath=null, solutionCheckoutPath=null, dockerRunConfig=null], submissionResult=ResultDTO[id=639, completionDate=2025-02-14T23:45:53.225806205Z[Etc/UTC], successful=false, score=0.0, rated=true, submission=SubmissionDTO[id=833, submitted=true, type=TEST, exampleSubmission=null, submissionDate=2025-02-14T23:45:52.237179Z, commitHash=1e531733ed6e9237f710b528d1eb0b7beac565fd, buildFailed=false, buildArtifact=false, participation=ParticipationDTO[id=2030, testRun=false, type=template, submissionCount=null, exercise=ParticipationExerciseDTO[id=2610, exerciseType=PROGRAMMING, type=programming, assessmentType=AUTOMATIC, dueDate=2025-02-16T23:45:50.869093Z, assessmentDueDate=null, maxPoints=42.0, course=CourseDTO[id=993, accuracyOfScores=1]]], submissionExerciseType=programming, isProcessing=false, buildStartDate=null, estimatedCompletionDate=null], participation=ParticipationDTO[id=2030, testRun=false, type=template, submissionCount=null, exercise=ParticipationExerciseDTO[id=2610, exerciseType=PROGRAMMING, type=programming, assessmentType=AUTOMATIC, dueDate=2025-02-16T23:45:50.869093Z, assessmentDueDate=null, maxPoints=42.0, course=CourseDTO[id=993, accuracyOfScores=1]]], feedbacks=[FeedbackDTO[id=1011, text=null, detailText=The exercise expects a class with the name Context in the package testpackage. You did not implement the class in the exercise., hasLongFeedbackText=false, reference=null, credits=0.0, positive=false, type=AUTOMATIC, visibility=ALWAYS, testCase=TestCaseDTO[testName=testMethods[Context], id=1474]], FeedbackDTO[id=1012, text=null, detailText=The exercise expects a class with the name Policy in the package testpackage. You did not implement the class in the exercise., hasLongFeedbackText=false, reference=null, credits=0.0, positive=false, type=AUTOMATIC, visibility=ALWAYS, testCase=TestCaseDTO[testName=testMethods[Policy], id=1475]], FeedbackDTO[id=1013, text=null, detailText=The exercise expects a class with the name SortStrategy in the package testpackage. You did not implement the class in the exercise., hasLongFeedbackText=false, reference=null, credits=0.0, positive=false, type=AUTOMATIC, visibility=ALWAYS, testCase=TestCaseDTO[testName=testMethods[SortStrategy], id=1476]], FeedbackDTO[id=1014, text=null, detailText=The class 'MergeSort' does not implement the interface 'SortStrategy' as expected. Implement the interface and its methods., hasLongFeedbackText=false, reference=null, credits=0.0, positive=false, type=AUTOMATIC, visibility=ALWAYS, testCase=TestCaseDTO[testName=testClass[MergeSort], id=1471]], FeedbackDTO[id=1015, text=null, detailText=The exercise expects a class with the name SortStrategy in the package testpackage. You did not implement the class in the exercise., hasLongFeedbackText=false, reference=null, credits=0.0, positive=false, type=AUTOMATIC, visibility=ALWAYS, testCase=TestCaseDTO[testName=testClass[SortStrategy], id=1468]], FeedbackDTO[id=1016, text=null, detailText=The class 'BubbleSort' does not implement the interface 'SortStrategy' as expected. Implement the interface and its methods., hasLongFeedbackText=false, reference=null, credits=0.0, positive=false, type=AUTOMATIC, visibility=ALWAYS, testCase=TestCaseDTO[testName=testClass[BubbleSort], id=1472]], FeedbackDTO[id=1017, text=null, detailText=MergeSort does not sort correctly, hasLongFeedbackText=false, reference=null, credits=0.0, positive=false, type=AUTOMATIC, visibility=ALWAYS, testCase=TestCaseDTO[testName=testMergeSort(), id=1477]], FeedbackDTO[id=1018, text=null, detailText=The class 'Context' was not found within the submission. Make sure to implement it properly., hasLongFeedbackText=false, reference=null, credits=0.0, positive=false, type=AUTOMATIC, visibility=ALWAYS, testCase=TestCaseDTO[testName=testUseBubbleSortForSmallList(), id=1478]], FeedbackDTO[id=1019, text=null, detailText=BubbleSort does not sort correctly, hasLongFeedbackText=false, reference=null, credits=0.0, positive=false, type=AUTOMATIC, visibility=ALWAYS, testCase=TestCaseDTO[testName=testBubbleSort(), id=1480]], FeedbackDTO[id=1020, text=null, detailText=The class 'Context' was not found within the submission. Make sure to implement it properly., hasLongFeedbackText=false, reference=null, credits=0.0, positive=false, type=AUTOMATIC, visibility=ALWAYS, testCase=TestCaseDTO[testName=testUseMergeSortForBigList(), id=1479]], FeedbackDTO[id=1021, text=null, detailText=The exercise expects a class with the name Policy in the package testpackage. You did not implement the class in the exercise., hasLongFeedbackText=false, reference=null, credits=0.0, positive=false, type=AUTOMATIC, visibility=ALWAYS, testCase=TestCaseDTO[testName=testConstructors[Policy], id=1473]], FeedbackDTO[id=1022, text=null, detailText=The exercise expects a class with the name Context in the package testpackage. You did not implement the class in the exercise., hasLongFeedbackText=false, reference=null, credits=0.0, positive=false, type=AUTOMATIC, visibility=ALWAYS, testCase=TestCaseDTO[testName=testAttributes[Context], id=1469]], FeedbackDTO[id=1023, text=null, detailText=The exercise expects a class with the name Policy in the package testpackage. You did not implement the class in the exercise., hasLongFeedbackText=false, reference=null, credits=0.0, positive=false, type=AUTOMATIC, visibility=ALWAYS, testCase=TestCaseDTO[testName=testAttributes[Policy], id=1470]]], assessmentType=AUTOMATIC, hasComplaint=null, exampleResult=null, testCaseCount=13, passedTestCaseCount=0, codeIssueCount=0]]], publicSshKey=ssh-rsa AAAAB3NzaC1yc2EAAAADAQABAAACAQCOPdMsxRE2jFJ/UEa5/LsBxtwzJcrh3/rYBCQvcMeVpiRfhzQPWu7mrt/G2Ew+i+vRloGH9aqKg6dd1liRncao53Zmd/ePxoatXePNhmzTfkCkcSkTUz7B+QMjkoDDV5jwuFPD6mF3JkhuzSi64n9Zy905t4w2IhVcjM2mL3eYNjiCXt6Qpq3Pkt7dM/Ksw1nxnvuiIALuJLB3FTkXkHqq3PJav+9HSq2r6ZaWgekneaGxlQlb+U+Vy3XOuArKAzK8c8i+0bR+AHiTG6ncYXt7ax3U+TdlDTF7OLP3umwaYjs1NBXOHwG42pevvpKn2fqavZZozk+M05jXLx3bq0O7itxfErWc7etky8qYPyyIMF/txQIVLd78+Ze4d7Y60t5MGbXM5cGE6fFif5fEJwgswXD+BrG0cafz1CTatjSKFdvp8Vp4VszXhHDan1PrP6JEFJ5Cc5GDmLRZPCFa3vL9f5qXgf4bkqKN8MYeEujwJE5nMRWoiJVNakix2bcrrneQMBlnYeYZVWXXXUusAQBzl4NgddC1umZpihZkL1b1MffZAUW3EGEXi7KHnllQhkTLLsQ8ntMgbylqaJKStqaXlLvdeRJcEnUuiFCrHEVVbXRFZR7XVDZ02CE5o3MuaRPty8Kh+jRTF3COlAckHwYEJCNNJvXFgb2CNXL4mjzYDw== test@localhost]
    23:45:53.315 | 566 localvc.event-13 | DEBUG | s.l.LocalCIWebsocketMessagingService : Sending message on topic /topic/admin/build-agents: [BuildAgentInformation[buildAgent=BuildAgentDTO[name=artemis-build-agent-test, memberAddress=[127.0.0.1]:5703, displayName=artemis-build-agent-test], maxNumberOfConcurrentBuildJobs=1, numberOfCurrentBuildJobs=0, runningBuildJobs=[], status=IDLE, recentBuildJobs=null, publicSshKey=null]]
    23:45:53.316 | 566 localvc.event-13 | DEBUG | s.l.LocalCIWebsocketMessagingService : Sending message on topic /topic/admin/build-agent/artemis-build-agent-test: BuildAgentInformation[buildAgent=BuildAgentDTO[name=artemis-build-agent-test, memberAddress=[127.0.0.1]:5703, displayName=artemis-build-agent-test], maxNumberOfConcurrentBuildJobs=1, numberOfCurrentBuildJobs=0, runningBuildJobs=[], status=IDLE, recentBuildJobs=[BuildJobQueueItem[id=19141739576708030, name=SHORT5F02A8F400311042E70858306EB148073CFDTSTEXC-LOCALVCINTSTUDENT1, buildAgent=BuildAgentDTO[name=artemis-build-agent-test, memberAddress=[127.0.0.1]:5703, displayName=artemis-build-agent-test], participationId=1914, courseId=947, exerciseId=2564, retryCount=0, priority=2, status=FAILED, repositoryInfo=RepositoryInfo[repositoryName=short5f02a8f400311042e70858306eb148073cfdtstexc-localvcintstudent1, repositoryType=user, triggeredByPushTo=user, assignmentRepositoryUri=http://localhost:49152/git/SHORT5F02A8F400311042E70858306EB148073CFDTSTEXC/short5f02a8f400311042e70858306eb148073cfdtstexc-localvcintstudent1.git, testRepositoryUri=http://localhost:49152/git/SHORT5F02A8F400311042E70858306EB148073CFDTSTEXC/short5f02a8f400311042e70858306eb148073cfdtstexc-tests.git, solutionRepositoryUri=null, auxiliaryRepositoryUris=[Ljava.lang.String;@5013050b, auxiliaryRepositoryCheckoutDirectories=[Ljava.lang.String;@25925a6c], jobTimingInfo=JobTimingInfo[submissionDate=2025-02-14T23:45:08.030118216Z[Etc/UTC], buildStartDate=2025-02-14T23:45:08.041011412Z[Etc/UTC], buildCompletionDate=2025-02-14T23:45:08.054603331Z[Etc/UTC], estimatedCompletionDate=2025-02-14T23:45:27.041005080Z[Etc/UTC], estimatedDuration=19], buildConfig=BuildConfig[buildScript=#!/bin/bash
cd /var/tmp/testing-dir
chmod +x ./gradlew
./gradlew clean test
, dockerImage=dummy-docker-image:latest, commitHashToBuild=6e7146cac5059504aa9d170ec3fa23aec740bb51, assignmentCommitHash=6e7146cac5059504aa9d170ec3fa23aec740bb51, testCommitHash=931e5303581c7a2f01339ba603cfafbfe668b901, branch=main, programmingLanguage=JAVA, projectType=PLAIN_GRADLE, scaEnabled=false, sequentialTestRunsEnabled=false, resultPaths=[/var/tmp/testing-dir/**/test-results/test/*.xml], timeoutSeconds=0, assignmentCheckoutPath=null, testCheckoutPath=null, solutionCheckoutPath=null, dockerRunConfig=null], submissionResult=ResultDTO[id=622, completionDate=2025-02-14T23:45:08.054683681Z[Etc/UTC], successful=false, score=0.0, rated=true, submission=SubmissionDTO[id=814, submitted=true, type=MANUAL, exampleSubmission=null, submissionDate=2025-02-14T23:45:08.016200Z, commitHash=6e7146cac5059504aa9d170ec3fa23aec740bb51, buildFailed=true, buildArtifact=false, participation=ParticipationDTO[id=1914, testRun=false, type=programming, submissionCount=null, exercise=ParticipationExerciseDTO[id=2564, exerciseType=PROGRAMMING, type=programming, assessmentType=AUTOMATIC, dueDate=2025-02-16T23:45:07.324348Z, assessmentDueDate=null, maxPoints=42.0, course=CourseDTO[id=947, accuracyOfScores=1]]], submissionExerciseType=programming, isProcessing=false, buildStartDate=null, estimatedCompletionDate=null], participation=ParticipationDTO[id=1914, testRun=false, type=programming, submissionCount=null, exercise=ParticipationExerciseDTO[id=2564, exerciseType=PROGRAMMING, type=programming, assessmentType=AUTOMATIC, dueDate=2025-02-16T23:45:07.324348Z, assessmentDueDate=null, maxPoints=42.0, course=CourseDTO[id=947, accuracyOfScores=1]]], feedbacks=[], assessmentType=AUTOMATIC, hasComplaint=null, exampleResult=null, testCaseCount=0, passedTestCaseCount=0, codeIssueCount=0]], BuildJobQueueItem[id=19361739576711303, name=SHORT9AFDAE3804CA304DDF0889A0CB0F56104A86TSTEXC-LOCALVCINTSTUDENT1, buildAgent=BuildAgentDTO[name=artemis-build-agent-test, memberAddress=[127.0.0.1]:5703, displayName=artemis-build-agent-test], participationId=1936, courseId=956, exerciseId=2573, retryCount=0, priority=2, status=FAILED, repositoryInfo=RepositoryInfo[repositoryName=short9afdae3804ca304ddf0889a0cb0f56104a86tstexc-localvcintstudent1, repositoryType=user, triggeredByPushTo=user, assignmentRepositoryUri=http://localhost:49152/git/SHORT9AFDAE3804CA304DDF0889A0CB0F56104A86TSTEXC/short9afdae3804ca304ddf0889a0cb0f56104a86tstexc-localvcintstudent1.git, testRepositoryUri=http://localhost:49152/git/SHORT9AFDAE3804CA304DDF0889A0CB0F56104A86TSTEXC/short9afdae3804ca304ddf0889a0cb0f56104a86tstexc-tests.git, solutionRepositoryUri=null, auxiliaryRepositoryUris=[Ljava.lang.String;@79a8662d, auxiliaryRepositoryCheckoutDirectories=[Ljava.lang.String;@719d3bc], jobTimingInfo=JobTimingInfo[submissionDate=2025-02-14T23:45:11.303805653Z[Etc/UTC], buildStartDate=2025-02-14T23:45:11.310981356Z[Etc/UTC], buildCompletionDate=2025-02-14T23:45:11.319178384Z[Etc/UTC], estimatedCompletionDate=2025-02-14T23:45:30.310974944Z[Etc/UTC], estimatedDuration=19], buildConfig=BuildConfig[buildScript=#!/bin/bash
cd /var/tmp/testing-dir
chmod +x ./gradlew
./gradlew clean test
, dockerImage=dummy-docker-image:latest, commitHashToBuild=a1099e378cffde441ef85f9b12577ca174b8e1e4, assignmentCommitHash=a1099e378cffde441ef85f9b12577ca174b8e1e4, testCommitHash=bd38d61c299ab11a1dea82a3ca5493fe04d97d47, branch=main, programmingLanguage=JAVA, projectType=PLAIN_GRADLE, scaEnabled=false, sequentialTestRunsEnabled=false, resultPaths=[/var/tmp/testing-dir/**/test-results/test/*.xml], timeoutSeconds=0, assignmentCheckoutPath=null, testCheckoutPath=null, solutionCheckoutPath=null, dockerRunConfig=null], submissionResult=ResultDTO[id=623, completionDate=2025-02-14T23:45:11.319278430Z[Etc/UTC], successful=false, score=0.0, rated=true, submission=SubmissionDTO[id=815, submitted=true, type=MANUAL, exampleSubmission=null, submissionDate=2025-02-14T23:45:11.294386Z, commitHash=a1099e378cffde441ef85f9b12577ca174b8e1e4, buildFailed=true, buildArtifact=false, participation=ParticipationDTO[id=1936, testRun=false, type=programming, submissionCount=null, exercise=ParticipationExerciseDTO[id=2573, exerciseType=PROGRAMMING, type=programming, assessmentType=AUTOMATIC, dueDate=2025-02-16T23:45:10.996982Z, assessmentDueDate=null, maxPoints=42.0, course=CourseDTO[id=956, accuracyOfScores=1]]], submissionExerciseType=programming, isProcessing=false, buildStartDate=null, estimatedCompletionDate=null], participation=ParticipationDTO[id=1936, testRun=false, type=programming, submissionCount=null, exercise=ParticipationExerciseDTO[id=2573, exerciseType=PROGRAMMING, type=programming, assessmentType=AUTOMATIC, dueDate=2025-02-16T23:45:10.996982Z, assessmentDueDate=null, maxPoints=42.0, course=CourseDTO[id=956, accuracyOfScores=1]]], feedbacks=[], assessmentType=AUTOMATIC, hasComplaint=null, exampleResult=null, testCaseCount=0, passedTestCaseCount=0, codeIssueCount=0]], BuildJobQueueItem[id=19351739576711674, name=SHORT9AFDAE3804CA304DDF0889A0CB0F56104A86TSTEXC-BASE, buildAgent=BuildAgentDTO[name=artemis-build-agent-test, memberAddress=[127.0.0.1]:5703, displayName=artemis-build-agent-test], participationId=1935, courseId=956, exerciseId=2573, retryCount=0, priority=2, status=FAILED, repositoryInfo=RepositoryInfo[repositoryName=short9afdae3804ca304ddf0889a0cb0f56104a86tstexc-exercise, repositoryType=exercise, triggeredByPushTo=exercise, assignmentRepositoryUri=http://localhost:49152/git/SHORT9AFDAE3804CA304DDF0889A0CB0F56104A86TSTEXC/short9afdae3804ca304ddf0889a0cb0f56104a86tstexc-exercise.git, testRepositoryUri=http://localhost:49152/git/SHORT9AFDAE3804CA304DDF0889A0CB0F56104A86TSTEXC/short9afdae3804ca304ddf0889a0cb0f56104a86tstexc-tests.git, solutionRepositoryUri=null, auxiliaryRepositoryUris=[Ljava.lang.String;@4f6aa509, auxiliaryRepositoryCheckoutDirectories=[Ljava.lang.String;@781cc7b2], jobTimingInfo=JobTimingInfo[submissionDate=2025-02-14T23:45:11.674556681Z[Etc/UTC], buildStartDate=2025-02-14T23:45:11.677776879Z[Etc/UTC], buildCompletionDate=2025-02-14T23:45:11.688097378Z[Etc/UTC], estimatedCompletionDate=2025-02-14T23:45:30.677771620Z[Etc/UTC], estimatedDuration=19], buildConfig=BuildConfig[buildScript=#!/bin/bash
cd /var/tmp/testing-dir
chmod +x ./gradlew
./gradlew clean test
, dockerImage=dummy-docker-image:latest, commitHashToBuild=a1099e378cffde441ef85f9b12577ca174b8e1e4, assignmentCommitHash=a1099e378cffde441ef85f9b12577ca174b8e1e4, testCommitHash=bd38d61c299ab11a1dea82a3ca5493fe04d97d47, branch=main, programmingLanguage=JAVA, projectType=PLAIN_GRADLE, scaEnabled=false, sequentialTestRunsEnabled=false, resultPaths=[/var/tmp/testing-dir/**/test-results/test/*.xml], timeoutSeconds=0, assignmentCheckoutPath=null, testCheckoutPath=null, solutionCheckoutPath=null, dockerRunConfig=null], submissionResult=ResultDTO[id=624, completionDate=2025-02-14T23:45:11.688214837Z[Etc/UTC], successful=false, score=0.0, rated=true, submission=SubmissionDTO[id=816, submitted=true, type=MANUAL, exampleSubmission=null, submissionDate=2025-02-14T23:45:11.656934Z, commitHash=a1099e378cffde441ef85f9b12577ca174b8e1e4, buildFailed=true, buildArtifact=false, participation=ParticipationDTO[id=1935, testRun=false, type=template, submissionCount=null, exercise=ParticipationExerciseDTO[id=2573, exerciseType=PROGRAMMING, type=programming, assessmentType=AUTOMATIC, dueDate=2025-02-16T23:45:10.996982Z, assessmentDueDate=null, maxPoints=42.0, course=CourseDTO[id=956, accuracyOfScores=1]]], submissionExerciseType=programming, isProcessing=false, buildStartDate=null, estimatedCompletionDate=null], participation=ParticipationDTO[id=1935, testRun=false, type=template, submissionCount=null, exercise=ParticipationExerciseDTO[id=2573, exerciseType=PROGRAMMING, type=programming, assessmentType=AUTOMATIC, dueDate=2025-02-16T23:45:10.996982Z, assessmentDueDate=null, maxPoints=42.0, course=CourseDTO[id=956, accuracyOfScores=1]]], feedbacks=[], assessmentType=AUTOMATIC, hasComplaint=null, exampleResult=null, testCaseCount=0, passedTestCaseCount=0, codeIssueCount=0]], BuildJobQueueItem[id=19341739576712112, name=SHORT9AFDAE3804CA304DDF0889A0CB0F56104A86TSTEXC-SOLUTION, buildAgent=BuildAgentDTO[name=artemis-build-agent-test, memberAddress=[127.0.0.1]:5703, displayName=artemis-build-agent-test], participationId=1934, courseId=956, exerciseId=2573, retryCount=0, priority=2, status=FAILED, repositoryInfo=RepositoryInfo[repositoryName=short9afdae3804ca304ddf0889a0cb0f56104a86tstexc-solution, repositoryType=solution, triggeredByPushTo=solution, assignmentRepositoryUri=http://localhost:49152/git/SHORT9AFDAE3804CA304DDF0889A0CB0F56104A86TSTEXC/short9afdae3804ca304ddf0889a0cb0f56104a86tstexc-solution.git, testRepositoryUri=http://localhost:49152/git/SHORT9AFDAE3804CA304DDF0889A0CB0F56104A86TSTEXC/short9afdae3804ca304ddf0889a0cb0f56104a86tstexc-tests.git, solutionRepositoryUri=null, auxiliaryRepositoryUris=[Ljava.lang.String;@423f4f92, auxiliaryRepositoryCheckoutDirectories=[Ljava.lang.String;@bf2f05a], jobTimingInfo=JobTimingInfo[submissionDate=2025-02-14T23:45:12.112332872Z[Etc/UTC], buildStartDate=2025-02-14T23:45:12.121617114Z[Etc/UTC], buildCompletionDate=2025-02-14T23:45:12.127931701Z[Etc/UTC], estimatedCompletionDate=2025-02-14T23:45:31.121609600Z[Etc/UTC], estimatedDuration=19], buildConfig=BuildConfig[buildScript=#!/bin/bash
cd /var/tmp/testing-dir
chmod +x ./gradlew
./gradlew clean test
, dockerImage=dummy-docker-image:latest, commitHashToBuild=a1099e378cffde441ef85f9b12577ca174b8e1e4, assignmentCommitHash=a1099e378cffde441ef85f9b12577ca174b8e1e4, testCommitHash=bd38d61c299ab11a1dea82a3ca5493fe04d97d47, branch=main, programmingLanguage=JAVA, projectType=PLAIN_GRADLE, scaEnabled=false, sequentialTestRunsEnabled=false, resultPaths=[/var/tmp/testing-dir/**/test-results/test/*.xml], timeoutSeconds=0, assignmentCheckoutPath=null, testCheckoutPath=null, solutionCheckoutPath=null, dockerRunConfig=null], submissionResult=ResultDTO[id=625, completionDate=2025-02-14T23:45:12.128011800Z[Etc/UTC], successful=false, score=0.0, rated=true, submission=SubmissionDTO[id=817, submitted=true, type=MANUAL, exampleSubmission=null, submissionDate=2025-02-14T23:45:12.098737Z, commitHash=a1099e378cffde441ef85f9b12577ca174b8e1e4, buildFailed=true, buildArtifact=false, participation=ParticipationDTO[id=1934, testRun=false, type=solution, submissionCount=null, exercise=ParticipationExerciseDTO[id=2573, exerciseType=PROGRAMMING, type=programming, assessmentType=AUTOMATIC, dueDate=2025-02-16T23:45:10.996982Z, assessmentDueDate=null, maxPoints=42.0, course=CourseDTO[id=956, accuracyOfScores=1]]], submissionExerciseType=programming, isProcessing=false, buildStartDate=null, estimatedCompletionDate=null], participation=ParticipationDTO[id=1934, testRun=false, type=solution, submissionCount=null, exercise=ParticipationExerciseDTO[id=2573, exerciseType=PROGRAMMING, type=programming, assessmentType=AUTOMATIC, dueDate=2025-02-16T23:45:10.996982Z, assessmentDueDate=null, maxPoints=42.0, course=CourseDTO[id=956, accuracyOfScores=1]]], feedbacks=[], assessmentType=AUTOMATIC, hasComplaint=null, exampleResult=null, testCaseCount=0, passedTestCaseCount=0, codeIssueCount=0]], BuildJobQueueItem[id=19341739576713025, name=SHORT9AFDAE3804CA304DDF0889A0CB0F56104A86TSTEXC-SOLUTION, buildAgent=BuildAgentDTO[name=artemis-build-agent-test, memberAddress=[127.0.0.1]:5703, displayName=artemis-build-agent-test], participationId=1934, courseId=956, exerciseId=2573, retryCount=0, priority=2, status=FAILED, repositoryInfo=RepositoryInfo[repositoryName=short9afdae3804ca304ddf0889a0cb0f56104a86tstexc-solution, repositoryType=solution, triggeredByPushTo=tests, assignmentRepositoryUri=http://localhost:49152/git/SHORT9AFDAE3804CA304DDF0889A0CB0F56104A86TSTEXC/short9afdae3804ca304ddf0889a0cb0f56104a86tstexc-solution.git, testRepositoryUri=http://localhost:49152/git/SHORT9AFDAE3804CA304DDF0889A0CB0F56104A86TSTEXC/short9afdae3804ca304ddf0889a0cb0f56104a86tstexc-tests.git, solutionRepositoryUri=null, auxiliaryRepositoryUris=[Ljava.lang.String;@112a5ec0, auxiliaryRepositoryCheckoutDirectories=[Ljava.lang.String;@f153a00], jobTimingInfo=JobTimingInfo[submissionDate=2025-02-14T23:45:13.025319671Z[Etc/UTC], buildStartDate=2025-02-14T23:45:13.040293146Z[Etc/UTC], buildCompletionDate=2025-02-14T23:45:13.053032917Z[Etc/UTC], estimatedCompletionDate=2025-02-14T23:45:32.040285703Z[Etc/UTC], estimatedDuration=19], buildConfig=BuildConfig[buildScript=#!/bin/bash
cd /var/tmp/testing-dir
chmod +x ./gradlew
./gradlew clean test
, dockerImage=dummy-docker-image:latest, commitHashToBuild=784f8f0049d2a1a54f21c67dd772bea86715267a, assignmentCommitHash=a1099e378cffde441ef85f9b12577ca174b8e1e4, testCommitHash=784f8f0049d2a1a54f21c67dd772bea86715267a, branch=main, programmingLanguage=JAVA, projectType=PLAIN_GRADLE, scaEnabled=false, sequentialTestRunsEnabled=false, resultPaths=[/var/tmp/testing-dir/**/test-results/test/*.xml], timeoutSeconds=0, assignmentCheckoutPath=null, testCheckoutPath=null, solutionCheckoutPath=null, dockerRunConfig=null], submissionResult=ResultDTO[id=626, completionDate=2025-02-14T23:45:13.053131811Z[Etc/UTC], successful=false, score=0.0, rated=true, submission=SubmissionDTO[id=818, submitted=true, type=TEST, exampleSubmission=null, submissionDate=2025-02-14T23:45:13.005779Z, commitHash=784f8f0049d2a1a54f21c67dd772bea86715267a, buildFailed=true, buildArtifact=false, participation=ParticipationDTO[id=1934, testRun=false, type=solution, submissionCount=null, exercise=ParticipationExerciseDTO[id=2573, exerciseType=PROGRAMMING, type=programming, assessmentType=AUTOMATIC, dueDate=2025-02-16T23:45:10.996982Z, assessmentDueDate=null, maxPoints=42.0, course=CourseDTO[id=956, accuracyOfScores=1]]], submissionExerciseType=programming, isProcessing=false, buildStartDate=null, estimatedCompletionDate=null], participation=ParticipationDTO[id=1934, testRun=false, type=solution, submissionCount=null, exercise=ParticipationExerciseDTO[id=2573, exerciseType=PROGRAMMING, type=programming, assessmentType=AUTOMATIC, dueDate=2025-02-16T23:45:10.996982Z, assessmentDueDate=null, maxPoints=42.0, course=CourseDTO[id=956, accuracyOfScores=1]]], feedbacks=[], assessmentType=AUTOMATIC, hasComplaint=null, exampleResult=null, testCaseCount=0, passedTestCaseCount=0, codeIssueCount=0]], BuildJobQueueItem[id=19581739576715555, name=SHORTC1A3F9FC03D2304B4308FA20AF16D54AAA49TSTEXC-LOCALVCSSHINTSTUDENT1, buildAgent=BuildAgentDTO[name=artemis-build-agent-test, memberAddress=[127.0.0.1]:5703, displayName=artemis-build-agent-test], participationId=1958, courseId=965, exerciseId=2582, retryCount=0, priority=2, status=FAILED, repositoryInfo=RepositoryInfo[repositoryName=shortc1a3f9fc03d2304b4308fa20af16d54aaa49tstexc-localvcsshintstudent1, repositoryType=user, triggeredByPushTo=user, assignmentRepositoryUri=http://localhost:49152/git/SHORTC1A3F9FC03D2304B4308FA20AF16D54AAA49TSTEXC/shortc1a3f9fc03d2304b4308fa20af16d54aaa49tstexc-localvcsshintstudent1.git, testRepositoryUri=http://localhost:49152/git/SHORTC1A3F9FC03D2304B4308FA20AF16D54AAA49TSTEXC/shortc1a3f9fc03d2304b4308fa20af16d54aaa49tstexc-tests.git, solutionRepositoryUri=null, auxiliaryRepositoryUris=[Ljava.lang.String;@37eeb7af, auxiliaryRepositoryCheckoutDirectories=[Ljava.lang.String;@2b02e128], jobTimingInfo=JobTimingInfo[submissionDate=2025-02-14T23:45:15.555989584Z[Etc/UTC], buildStartDate=2025-02-14T23:45:15.568477627Z[Etc/UTC], buildCompletionDate=2025-02-14T23:45:15.579021148Z[Etc/UTC], estimatedCompletionDate=2025-02-14T23:45:34.568443924Z[Etc/UTC], estimatedDuration=19], buildConfig=BuildConfig[buildScript=#!/bin/bash
cd /var/tmp/testing-dir
chmod +x ./gradlew
./gradlew clean test
, dockerImage=dummy-docker-image:latest, commitHashToBuild=ca76dac20e040e6609db02fd7fedd56bf58829d7, assignmentCommitHash=ca76dac20e040e6609db02fd7fedd56bf58829d7, testCommitHash=bd0d58c226dc63bfa4bc9052870589952c0a1f83, branch=main, programmingLanguage=JAVA, projectType=PLAIN_GRADLE, scaEnabled=false, sequentialTestRunsEnabled=false, resultPaths=[/var/tmp/testing-dir/**/test-results/test/*.xml], timeoutSeconds=0, assignmentCheckoutPath=null, testCheckoutPath=null, solutionCheckoutPath=null, dockerRunConfig=null], submissionResult=ResultDTO[id=627, completionDate=2025-02-14T23:45:15.579119131Z[Etc/UTC], successful=false, score=0.0, rated=true, submission=SubmissionDTO[id=820, submitted=true, type=MANUAL, exampleSubmission=null, submissionDate=2025-02-14T23:45:15.548349Z, commitHash=ca76dac20e040e6609db02fd7fedd56bf58829d7, buildFailed=true, buildArtifact=false, participation=ParticipationDTO[id=1958, testRun=false, type=programming, submissionCount=null, exercise=ParticipationExerciseDTO[id=2582, exerciseType=PROGRAMMING, type=programming, assessmentType=AUTOMATIC, dueDate=2025-02-16T23:45:15.103512Z, assessmentDueDate=null, maxPoints=42.0, course=CourseDTO[id=965, accuracyOfScores=1]]], submissionExerciseType=programming, isProcessing=false, buildStartDate=null, estimatedCompletionDate=null], participation=ParticipationDTO[id=1958, testRun=false, type=programming, submissionCount=null, exercise=ParticipationExerciseDTO[id=2582, exerciseType=PROGRAMMING, type=programming, assessmentType=AUTOMATIC, dueDate=2025-02-16T23:45:15.103512Z, assessmentDueDate=null, maxPoints=42.0, course=CourseDTO[id=965, accuracyOfScores=1]]], feedbacks=[], assessmentType=AUTOMATIC, hasComplaint=null, exampleResult=null, testCaseCount=0, passedTestCaseCount=0, codeIssueCount=0]], BuildJobQueueItem[id=19801739576719393, name=SHORTB2A6C58B0D447045380A858075B170A5B7C6TSTEXC-LOCALVCSSHINTSTUDENT1, buildAgent=BuildAgentDTO[name=artemis-build-agent-test, memberAddress=[127.0.0.1]:5703, displayName=artemis-build-agent-test], participationId=1980, courseId=974, exerciseId=2591, retryCount=0, priority=2, status=FAILED, repositoryInfo=RepositoryInfo[repositoryName=shortb2a6c58b0d447045380a858075b170a5b7c6tstexc-localvcsshintstudent1, repositoryType=user, triggeredByPushTo=user, assignmentRepositoryUri=http://localhost:49152/git/SHORTB2A6C58B0D447045380A858075B170A5B7C6TSTEXC/shortb2a6c58b0d447045380a858075b170a5b7c6tstexc-localvcsshintstudent1.git, testRepositoryUri=http://localhost:49152/git/SHORTB2A6C58B0D447045380A858075B170A5B7C6TSTEXC/shortb2a6c58b0d447045380a858075b170a5b7c6tstexc-tests.git, solutionRepositoryUri=null, auxiliaryRepositoryUris=[Ljava.lang.String;@681d76d6, auxiliaryRepositoryCheckoutDirectories=[Ljava.lang.String;@4efe84ef], jobTimingInfo=JobTimingInfo[submissionDate=2025-02-14T23:45:19.393259829Z[Etc/UTC], buildStartDate=2025-02-14T23:45:19.405438171Z[Etc/UTC], buildCompletionDate=2025-02-14T23:45:19.414070673Z[Etc/UTC], estimatedCompletionDate=2025-02-14T23:45:38.405431569Z[Etc/UTC], estimatedDuration=19], buildConfig=BuildConfig[buildScript=#!/bin/bash
cd /var/tmp/testing-dir
chmod +x ./gradlew
./gradlew clean test
, dockerImage=dummy-docker-image:latest, commitHashToBuild=363cdbf709a9fff149f813ab848ee800a675cc77, assignmentCommitHash=363cdbf709a9fff149f813ab848ee800a675cc77, testCommitHash=a5e046ece417b2e538f21f816e2524dab61e0d10, branch=main, programmingLanguage=JAVA, projectType=PLAIN_GRADLE, scaEnabled=false, sequentialTestRunsEnabled=false, resultPaths=[/var/tmp/testing-dir/**/test-results/test/*.xml], timeoutSeconds=0, assignmentCheckoutPath=null, testCheckoutPath=null, solutionCheckoutPath=null, dockerRunConfig=null], submissionResult=ResultDTO[id=628, completionDate=2025-02-14T23:45:19.414171040Z[Etc/UTC], successful=false, score=0.0, rated=true, submission=SubmissionDTO[id=821, submitted=true, type=MANUAL, exampleSubmission=null, submissionDate=2025-02-14T23:45:19.376840Z, commitHash=363cdbf709a9fff149f813ab848ee800a675cc77, buildFailed=true, buildArtifact=false, participation=ParticipationDTO[id=1980, testRun=false, type=programming, submissionCount=null, exercise=ParticipationExerciseDTO[id=2591, exerciseType=PROGRAMMING, type=programming, assessmentType=AUTOMATIC, dueDate=2025-02-16T23:45:18.950569Z, assessmentDueDate=null, maxPoints=42.0, course=CourseDTO[id=974, accuracyOfScores=1]]], submissionExerciseType=programming, isProcessing=false, buildStartDate=null, estimatedCompletionDate=null], participation=ParticipationDTO[id=1980, testRun=false, type=programming, submissionCount=null, exercise=ParticipationExerciseDTO[id=2591, exerciseType=PROGRAMMING, type=programming, assessmentType=AUTOMATIC, dueDate=2025-02-16T23:45:18.950569Z, assessmentDueDate=null, maxPoints=42.0, course=CourseDTO[id=974, accuracyOfScores=1]]], feedbacks=[], assessmentType=AUTOMATIC, hasComplaint=null, exampleResult=null, testCaseCount=0, passedTestCaseCount=0, codeIssueCount=0]], BuildJobQueueItem[id=19791739576719787, name=SHORTB2A6C58B0D447045380A858075B170A5B7C6TSTEXC-BASE, buildAgent=BuildAgentDTO[name=artemis-build-agent-test, memberAddress=[127.0.0.1]:5703, displayName=artemis-build-agent-test], participationId=1979, courseId=974, exerciseId=2591, retryCount=0, priority=2, status=FAILED, repositoryInfo=RepositoryInfo[repositoryName=shortb2a6c58b0d447045380a858075b170a5b7c6tstexc-exercise, repositoryType=exercise, triggeredByPushTo=exercise, assignmentRepositoryUri=http://localhost:49152/git/SHORTB2A6C58B0D447045380A858075B170A5B7C6TSTEXC/shortb2a6c58b0d447045380a858075b170a5b7c6tstexc-exercise.git, testRepositoryUri=http://localhost:49152/git/SHORTB2A6C58B0D447045380A858075B170A5B7C6TSTEXC/shortb2a6c58b0d447045380a858075b170a5b7c6tstexc-tests.git, solutionRepositoryUri=null, auxiliaryRepositoryUris=[Ljava.lang.String;@cef1150, auxiliaryRepositoryCheckoutDirectories=[Ljava.lang.String;@3058ba44], jobTimingInfo=JobTimingInfo[submissionDate=2025-02-14T23:45:19.787985058Z[Etc/UTC], buildStartDate=2025-02-14T23:45:19.796327417Z[Etc/UTC], buildCompletionDate=2025-02-14T23:45:19.799750982Z[Etc/UTC], estimatedCompletionDate=2025-02-14T23:45:38.796319082Z[Etc/UTC], estimatedDuration=19], buildConfig=BuildConfig[buildScript=#!/bin/bash
cd /var/tmp/testing-dir
chmod +x ./gradlew
./gradlew clean test
, dockerImage=dummy-docker-image:latest, commitHashToBuild=363cdbf709a9fff149f813ab848ee800a675cc77, assignmentCommitHash=363cdbf709a9fff149f813ab848ee800a675cc77, testCommitHash=a5e046ece417b2e538f21f816e2524dab61e0d10, branch=main, programmingLanguage=JAVA, projectType=PLAIN_GRADLE, scaEnabled=false, sequentialTestRunsEnabled=false, resultPaths=[/var/tmp/testing-dir/**/test-results/test/*.xml], timeoutSeconds=0, assignmentCheckoutPath=null, testCheckoutPath=null, solutionCheckoutPath=null, dockerRunConfig=null], submissionResult=ResultDTO[id=629, completionDate=2025-02-14T23:45:19.799820341Z[Etc/UTC], successful=false, score=0.0, rated=true, submission=SubmissionDTO[id=822, submitted=true, type=MANUAL, exampleSubmission=null, submissionDate=2025-02-14T23:45:19.775952Z, commitHash=363cdbf709a9fff149f813ab848ee800a675cc77, buildFailed=true, buildArtifact=false, participation=ParticipationDTO[id=1979, testRun=false, type=template, submissionCount=null, exercise=ParticipationExerciseDTO[id=2591, exerciseType=PROGRAMMING, type=programming, assessmentType=AUTOMATIC, dueDate=2025-02-16T23:45:18.950569Z, assessmentDueDate=null, maxPoints=42.0, course=CourseDTO[id=974, accuracyOfScores=1]]], submissionExerciseType=programming, isProcessing=false, buildStartDate=null, estimatedCompletionDate=null], participation=ParticipationDTO[id=1979, testRun=false, type=template, submissionCount=null, exercise=ParticipationExerciseDTO[id=2591, exerciseType=PROGRAMMING, type=programming, assessmentType=AUTOMATIC, dueDate=2025-02-16T23:45:18.950569Z, assessmentDueDate=null, maxPoints=42.0, course=CourseDTO[id=974, accuracyOfScores=1]]], feedbacks=[], assessmentType=AUTOMATIC, hasComplaint=null, exampleResult=null, testCaseCount=0, passedTestCaseCount=0, codeIssueCount=0]], BuildJobQueueItem[id=19781739576720235, name=SHORTB2A6C58B0D447045380A858075B170A5B7C6TSTEXC-SOLUTION, buildAgent=BuildAgentDTO[name=artemis-build-agent-test, memberAddress=[127.0.0.1]:5703, displayName=artemis-build-agent-test], participationId=1978, courseId=974, exerciseId=2591, retryCount=0, priority=2, status=FAILED, repositoryInfo=RepositoryInfo[repositoryName=shortb2a6c58b0d447045380a858075b170a5b7c6tstexc-solution, repositoryType=solution, triggeredByPushTo=solution, assignmentRepositoryUri=http://localhost:49152/git/SHORTB2A6C58B0D447045380A858075B170A5B7C6TSTEXC/shortb2a6c58b0d447045380a858075b170a5b7c6tstexc-solution.git, testRepositoryUri=http://localhost:49152/git/SHORTB2A6C58B0D447045380A858075B170A5B7C6TSTEXC/shortb2a6c58b0d447045380a858075b170a5b7c6tstexc-tests.git, solutionRepositoryUri=null, auxiliaryRepositoryUris=[Ljava.lang.String;@3370c15f, auxiliaryRepositoryCheckoutDirectories=[Ljava.lang.String;@913e222], jobTimingInfo=JobTimingInfo[submissionDate=2025-02-14T23:45:20.235272325Z[Etc/UTC], buildStartDate=2025-02-14T23:45:20.243033812Z[Etc/UTC], buildCompletionDate=2025-02-14T23:45:20.250721018Z[Etc/UTC], estimatedCompletionDate=2025-02-14T23:45:39.243026949Z[Etc/UTC], estimatedDuration=19], buildConfig=BuildConfig[buildScript=#!/bin/bash
cd /var/tmp/testing-dir
chmod +x ./gradlew
./gradlew clean test
, dockerImage=dummy-docker-image:latest, commitHashToBuild=c710d0e68c9c7db8cda7d1a278308de2b9642cc0, assignmentCommitHash=c710d0e68c9c7db8cda7d1a278308de2b9642cc0, testCommitHash=a5e046ece417b2e538f21f816e2524dab61e0d10, branch=main, programmingLanguage=JAVA, projectType=PLAIN_GRADLE, scaEnabled=false, sequentialTestRunsEnabled=false, resultPaths=[/var/tmp/testing-dir/**/test-results/test/*.xml], timeoutSeconds=0, assignmentCheckoutPath=null, testCheckoutPath=null, solutionCheckoutPath=null, dockerRunConfig=null], submissionResult=ResultDTO[id=630, completionDate=2025-02-14T23:45:20.250809893Z[Etc/UTC], successful=false, score=0.0, rated=true, submission=SubmissionDTO[id=823, submitted=true, type=MANUAL, exampleSubmission=null, submissionDate=2025-02-14T23:45:20.211707Z, commitHash=c710d0e68c9c7db8cda7d1a278308de2b9642cc0, buildFailed=true, buildArtifact=false, participation=ParticipationDTO[id=1978, testRun=false, type=solution, submissionCount=null, exercise=ParticipationExerciseDTO[id=2591, exerciseType=PROGRAMMING, type=programming, assessmentType=AUTOMATIC, dueDate=2025-02-16T23:45:18.950569Z, assessmentDueDate=null, maxPoints=42.0, course=CourseDTO[id=974, accuracyOfScores=1]]], submissionExerciseType=programming, isProcessing=false, buildStartDate=null, estimatedCompletionDate=null], participation=ParticipationDTO[id=1978, testRun=false, type=solution, submissionCount=null, exercise=ParticipationExerciseDTO[id=2591, exerciseType=PROGRAMMING, type=programming, assessmentType=AUTOMATIC, dueDate=2025-02-16T23:45:18.950569Z, assessmentDueDate=null, maxPoints=42.0, course=CourseDTO[id=974, accuracyOfScores=1]]], feedbacks=[], assessmentType=AUTOMATIC, hasComplaint=null, exampleResult=null, testCaseCount=0, passedTestCaseCount=0, codeIssueCount=0]], BuildJobQueueItem[id=19781739576720802, name=SHORTB2A6C58B0D447045380A858075B170A5B7C6TSTEXC-SOLUTION, buildAgent=BuildAgentDTO[name=artemis-build-agent-test, memberAddress=[127.0.0.1]:5703, displayName=artemis-build-agent-test], participationId=1978, courseId=974, exerciseId=2591, retryCount=0, priority=2, status=FAILED, repositoryInfo=RepositoryInfo[repositoryName=shortb2a6c58b0d447045380a858075b170a5b7c6tstexc-solution, repositoryType=solution, triggeredByPushTo=tests, assignmentRepositoryUri=http://localhost:49152/git/SHORTB2A6C58B0D447045380A858075B170A5B7C6TSTEXC/shortb2a6c58b0d447045380a858075b170a5b7c6tstexc-solution.git, testRepositoryUri=http://localhost:49152/git/SHORTB2A6C58B0D447045380A858075B170A5B7C6TSTEXC/shortb2a6c58b0d447045380a858075b170a5b7c6tstexc-tests.git, solutionRepositoryUri=null, auxiliaryRepositoryUris=[Ljava.lang.String;@7d0207c1, auxiliaryRepositoryCheckoutDirectories=[Ljava.lang.String;@8fd08bf], jobTimingInfo=JobTimingInfo[submissionDate=2025-02-14T23:45:20.802935026Z[Etc/UTC], buildStartDate=2025-02-14T23:45:20.809306435Z[Etc/UTC], buildCompletionDate=2025-02-14T23:45:20.822452342Z[Etc/UTC], estimatedCompletionDate=2025-02-14T23:45:39.809298491Z[Etc/UTC], estimatedDuration=19], buildConfig=BuildConfig[buildScript=#!/bin/bash
cd /var/tmp/testing-dir
chmod +x ./gradlew
./gradlew clean test
, dockerImage=dummy-docker-image:latest, commitHashToBuild=c710d0e68c9c7db8cda7d1a278308de2b9642cc0, assignmentCommitHash=c710d0e68c9c7db8cda7d1a278308de2b9642cc0, testCommitHash=c710d0e68c9c7db8cda7d1a278308de2b9642cc0, branch=main, programmingLanguage=JAVA, projectType=PLAIN_GRADLE, scaEnabled=false, sequentialTestRunsEnabled=false, resultPaths=[/var/tmp/testing-dir/**/test-results/test/*.xml], timeoutSeconds=0, assignmentCheckoutPath=null, testCheckoutPath=null, solutionCheckoutPath=null, dockerRunConfig=null], submissionResult=ResultDTO[id=631, completionDate=2025-02-14T23:45:20.822527362Z[Etc/UTC], successful=false, score=0.0, rated=true, submission=SubmissionDTO[id=824, submitted=true, type=TEST, exampleSubmission=null, submissionDate=2025-02-14T23:45:20.791240Z, commitHash=c710d0e68c9c7db8cda7d1a278308de2b9642cc0, buildFailed=true, buildArtifact=false, participation=ParticipationDTO[id=1978, testRun=false, type=solution, submissionCount=null, exercise=ParticipationExerciseDTO[id=2591, exerciseType=PROGRAMMING, type=programming, assessmentType=AUTOMATIC, dueDate=2025-02-16T23:45:18.950569Z, assessmentDueDate=null, maxPoints=42.0, course=CourseDTO[id=974, accuracyOfScores=1]]], submissionExerciseType=programming, isProcessing=false, buildStartDate=null, estimatedCompletionDate=null], participation=ParticipationDTO[id=1978, testRun=false, type=solution, submissionCount=null, exercise=ParticipationExerciseDTO[id=2591, exerciseType=PROGRAMMING, type=programming, assessmentType=AUTOMATIC, dueDate=2025-02-16T23:45:18.950569Z, assessmentDueDate=null, maxPoints=42.0, course=CourseDTO[id=974, accuracyOfScores=1]]], feedbacks=[], assessmentType=AUTOMATIC, hasComplaint=null, exampleResult=null, testCaseCount=0, passedTestCaseCount=0, codeIssueCount=0]], BuildJobQueueItem[id=20061739576732554, name=SHORT94A899E303D7504C5D0840704DAAFA3DFF4DTSTEXC-LOCALVCCIINTINSTRUCTOR1, buildAgent=BuildAgentDTO[name=artemis-build-agent-test, memberAddress=[127.0.0.1]:5703, displayName=artemis-build-agent-test], participationId=2006, courseId=984, exerciseId=2601, retryCount=0, priority=2, status=SUCCESSFUL, repositoryInfo=RepositoryInfo[repositoryName=short94a899e303d7504c5d0840704daafa3dff4dtstexc-localvcciintinstructor1, repositoryType=user, triggeredByPushTo=user, assignmentRepositoryUri=http://localhost:49152/git/SHORT94A899E303D7504C5D0840704DAAFA3DFF4DTSTEXC/short94a899e303d7504c5d0840704daafa3dff4dtstexc-localvcciintinstructor1.git, testRepositoryUri=http://localhost:49152/git/SHORT94A899E303D7504C5D0840704DAAFA3DFF4DTSTEXC/short94a899e303d7504c5d0840704daafa3dff4dtstexc-tests.git, solutionRepositoryUri=null, auxiliaryRepositoryUris=[Ljava.lang.String;@3d325ac6, auxiliaryRepositoryCheckoutDirectories=[Ljava.lang.String;@2b26adb0], jobTimingInfo=JobTimingInfo[submissionDate=2025-02-14T23:45:32.554795798Z[Etc/UTC], buildStartDate=2025-02-14T23:45:32.567287465Z[Etc/UTC], buildCompletionDate=2025-02-14T23:45:34.535226768Z[Etc/UTC], estimatedCompletionDate=2025-02-14T23:45:51.567257960Z[Etc/UTC], estimatedDuration=19], buildConfig=BuildConfig[buildScript=#!/bin/bash
cd /var/tmp/testing-dir
chmod +x ./gradlew
./gradlew clean test
, dockerImage=dummy-docker-image:latest, commitHashToBuild=ca2dbc0ae87edf7035058a6a17c0ea60e90a290f, assignmentCommitHash=ca2dbc0ae87edf7035058a6a17c0ea60e90a290f, testCommitHash=0207f6f98af5fbb66ad68455f3fc3cf128af8ae9, branch=main, programmingLanguage=JAVA, projectType=PLAIN_GRADLE, scaEnabled=false, sequentialTestRunsEnabled=false, resultPaths=[/var/tmp/testing-dir/**/test-results/test/*.xml], timeoutSeconds=0, assignmentCheckoutPath=null, testCheckoutPath=null, solutionCheckoutPath=null, dockerRunConfig=null], submissionResult=ResultDTO[id=632, completionDate=2025-02-14T23:45:34.504415716Z[Etc/UTC], successful=false, score=7.7, rated=false, submission=SubmissionDTO[id=826, submitted=true, type=MANUAL, exampleSubmission=null, submissionDate=2025-02-14T23:45:32.541533Z, commitHash=ca2dbc0ae87edf7035058a6a17c0ea60e90a290f, buildFailed=false, buildArtifact=false, participation=ParticipationDTO[id=2006, testRun=true, type=programming, submissionCount=null, exercise=ParticipationExerciseDTO[id=2601, exerciseType=PROGRAMMING, type=programming, assessmentType=AUTOMATIC, dueDate=2025-02-16T23:45:31.864042Z, assessmentDueDate=null, maxPoints=42.0, course=CourseDTO[id=984, accuracyOfScores=1]]], submissionExerciseType=programming, isProcessing=false, buildStartDate=null, estimatedCompletionDate=null], participation=ParticipationDTO[id=2006, testRun=true, type=programming, submissionCount=null, exercise=ParticipationExerciseDTO[id=2601, exerciseType=PROGRAMMING, type=programming, assessmentType=AUTOMATIC, dueDate=2025-02-16T23:45:31.864042Z, assessmentDueDate=null, maxPoints=42.0, course=CourseDTO[id=984, accuracyOfScores=1]]], feedbacks=[FeedbackDTO[id=920, text=null, detailText=The exercise expects a class with the name Context in the package testpackage. You did not implement the class in the exercise., hasLongFeedbackText=false, reference=null, credits=0.0, positive=false, type=AUTOMATIC, visibility=ALWAYS, testCase=TestCaseDTO[testName=null, id=1357]], FeedbackDTO[id=921, text=null, detailText=The exercise expects a class with the name Policy in the package testpackage. You did not implement the class in the exercise., hasLongFeedbackText=false, reference=null, credits=0.0, positive=false, type=AUTOMATIC, visibility=ALWAYS, testCase=TestCaseDTO[testName=null, id=1358]], FeedbackDTO[id=922, text=null, detailText=The exercise expects a class with the name SortStrategy in the package testpackage. You did not implement the class in the exercise., hasLongFeedbackText=false, reference=null, credits=0.0, positive=false, type=AUTOMATIC, visibility=ALWAYS, testCase=TestCaseDTO[testName=null, id=1359]], FeedbackDTO[id=923, text=null, detailText=The class 'MergeSort' does not implement the interface 'SortStrategy' as expected. Implement the interface and its methods., hasLongFeedbackText=false, reference=null, credits=0.0, positive=false, type=AUTOMATIC, visibility=ALWAYS, testCase=TestCaseDTO[testName=null, id=1354]], FeedbackDTO[id=924, text=null, detailText=The exercise expects a class with the name SortStrategy in the package testpackage. You did not implement the class in the exercise., hasLongFeedbackText=false, reference=null, credits=0.0, positive=false, type=AUTOMATIC, visibility=ALWAYS, testCase=TestCaseDTO[testName=null, id=1351]], FeedbackDTO[id=925, text=null, detailText=The class 'BubbleSort' does not implement the interface 'SortStrategy' as expected. Implement the interface and its methods., hasLongFeedbackText=false, reference=null, credits=0.0, positive=false, type=AUTOMATIC, visibility=ALWAYS, testCase=TestCaseDTO[testName=null, id=1355]], FeedbackDTO[id=926, text=null, detailText=MergeSort does not sort correctly, hasLongFeedbackText=false, reference=null, credits=0.0, positive=false, type=AUTOMATIC, visibility=ALWAYS, testCase=TestCaseDTO[testName=null, id=1360]], FeedbackDTO[id=927, text=null, detailText=The class 'Context' was not found within the submission. Make sure to implement it properly., hasLongFeedbackText=false, reference=null, credits=0.0, positive=false, type=AUTOMATIC, visibility=ALWAYS, testCase=TestCaseDTO[testName=null, id=1361]], FeedbackDTO[id=928, text=null, detailText=The class 'Context' was not found within the submission. Make sure to implement it properly., hasLongFeedbackText=false, reference=null, credits=0.0, positive=false, type=AUTOMATIC, visibility=ALWAYS, testCase=TestCaseDTO[testName=null, id=1362]], FeedbackDTO[id=929, text=null, detailText=The exercise expects a class with the name Policy in the package testpackage. You did not implement the class in the exercise., hasLongFeedbackText=false, reference=null, credits=0.0, positive=false, type=AUTOMATIC, visibility=ALWAYS, testCase=TestCaseDTO[testName=null, id=1356]], FeedbackDTO[id=930, text=null, detailText=The exercise expects a class with the name Context in the package testpackage. You did not implement the class in the exercise., hasLongFeedbackText=false, reference=null, credits=0.0, positive=false, type=AUTOMATIC, visibility=ALWAYS, testCase=TestCaseDTO[testName=null, id=1352]], FeedbackDTO[id=931, text=null, detailText=The exercise expects a class with the name Policy in the package testpackage. You did not implement the class in the exercise., hasLongFeedbackText=false, reference=null, credits=0.0, positive=false, type=AUTOMATIC, visibility=ALWAYS, testCase=TestCaseDTO[testName=null, id=1353]], FeedbackDTO[id=932, text=null, detailText=null, hasLongFeedbackText=false, reference=null, credits=3.230769230769231, positive=true, type=AUTOMATIC, visibility=ALWAYS, testCase=TestCaseDTO[testName=null, id=1363]]], assessmentType=AUTOMATIC, hasComplaint=null, exampleResult=null, testCaseCount=13, passedTestCaseCount=1, codeIssueCount=0]], BuildJobQueueItem[id=20111739576737317, name=SHORTD49A6DAE04F9E049850BD5601663FD17A5B7TSTEXC-BASE, buildAgent=BuildAgentDTO[name=artemis-build-agent-test, memberAddress=[127.0.0.1]:5703, displayName=artemis-build-agent-test], participationId=2011, courseId=986, exerciseId=2603, retryCount=0, priority=2, status=SUCCESSFUL, repositoryInfo=RepositoryInfo[repositoryName=shortd49a6dae04f9e049850bd5601663fd17a5b7tstexc-exercise, repositoryType=exercise, triggeredByPushTo=exercise, assignmentRepositoryUri=http://localhost:49152/git/SHORTD49A6DAE04F9E049850BD5601663FD17A5B7TSTEXC/shortd49a6dae04f9e049850bd5601663fd17a5b7tstexc-exercise.git, testRepositoryUri=http://localhost:49152/git/SHORTD49A6DAE04F9E049850BD5601663FD17A5B7TSTEXC/shortd49a6dae04f9e049850bd5601663fd17a5b7tstexc-tests.git, solutionRepositoryUri=null, auxiliaryRepositoryUris=[Ljava.lang.String;@46f79b1a, auxiliaryRepositoryCheckoutDirectories=[Ljava.lang.String;@262fcb8b], jobTimingInfo=JobTimingInfo[submissionDate=2025-02-14T23:45:37.317968648Z[Etc/UTC], buildStartDate=2025-02-14T23:45:37.324534774Z[Etc/UTC], buildCompletionDate=2025-02-14T23:45:38.527225461Z[Etc/UTC], estimatedCompletionDate=2025-02-14T23:45:56.324506331Z[Etc/UTC], estimatedDuration=19], buildConfig=BuildConfig[buildScript=#!/bin/bash
cd /var/tmp/testing-dir
chmod +x ./gradlew
./gradlew clean test
, dockerImage=dummy-docker-image:latest, commitHashToBuild=c795243c185829bbefa399f45dcbcfac22311b2f, assignmentCommitHash=c795243c185829bbefa399f45dcbcfac22311b2f, testCommitHash=fa8b162170bf767d852e05e0eb7a128efa2e1f34, branch=main, programmingLanguage=JAVA, projectType=PLAIN_GRADLE, scaEnabled=false, sequentialTestRunsEnabled=false, resultPaths=[/var/tmp/testing-dir/**/test-results/test/*.xml], timeoutSeconds=0, assignmentCheckoutPath=null, testCheckoutPath=null, solutionCheckoutPath=null, dockerRunConfig=null], submissionResult=ResultDTO[id=633, completionDate=2025-02-14T23:45:38.476795726Z[Etc/UTC], successful=false, score=0.0, rated=true, submission=SubmissionDTO[id=827, submitted=true, type=MANUAL, exampleSubmission=null, submissionDate=2025-02-14T23:45:37.303401Z, commitHash=c795243c185829bbefa399f45dcbcfac22311b2f, buildFailed=false, buildArtifact=false, participation=ParticipationDTO[id=2011, testRun=false, type=template, submissionCount=null, exercise=ParticipationExerciseDTO[id=2603, exerciseType=PROGRAMMING, type=programming, assessmentType=AUTOMATIC, dueDate=2025-02-16T23:45:36.830269Z, assessmentDueDate=null, maxPoints=42.0, course=CourseDTO[id=986, accuracyOfScores=1]]], submissionExerciseType=programming, isProcessing=false, buildStartDate=null, estimatedCompletionDate=null], participation=ParticipationDTO[id=2011, testRun=false, type=template, submissionCount=null, exercise=ParticipationExerciseDTO[id=2603, exerciseType=PROGRAMMING, type=programming, assessmentType=AUTOMATIC, dueDate=2025-02-16T23:45:36.830269Z, assessmentDueDate=null, maxPoints=42.0, course=CourseDTO[id=986, accuracyOfScores=1]]], feedbacks=[FeedbackDTO[id=933, text=null, detailText=The exercise expects a class with the name Context in the package testpackage. You did not implement the class in the exercise., hasLongFeedbackText=false, reference=null, credits=0.0, positive=false, type=AUTOMATIC, visibility=ALWAYS, testCase=TestCaseDTO[testName=testMethods[Context], id=1383]], FeedbackDTO[id=934, text=null, detailText=The exercise expects a class with the name Policy in the package testpackage. You did not implement the class in the exercise., hasLongFeedbackText=false, reference=null, credits=0.0, positive=false, type=AUTOMATIC, visibility=ALWAYS, testCase=TestCaseDTO[testName=testMethods[Policy], id=1384]], FeedbackDTO[id=935, text=null, detailText=The exercise expects a class with the name SortStrategy in the package testpackage. You did not implement the class in the exercise., hasLongFeedbackText=false, reference=null, credits=0.0, positive=false, type=AUTOMATIC, visibility=ALWAYS, testCase=TestCaseDTO[testName=testMethods[SortStrategy], id=1385]], FeedbackDTO[id=936, text=null, detailText=The class 'MergeSort' does not implement the interface 'SortStrategy' as expected. Implement the interface and its methods., hasLongFeedbackText=false, reference=null, credits=0.0, positive=false, type=AUTOMATIC, visibility=ALWAYS, testCase=TestCaseDTO[testName=testClass[MergeSort], id=1380]], FeedbackDTO[id=937, text=null, detailText=The exercise expects a class with the name SortStrategy in the package testpackage. You did not implement the class in the exercise., hasLongFeedbackText=false, reference=null, credits=0.0, positive=false, type=AUTOMATIC, visibility=ALWAYS, testCase=TestCaseDTO[testName=testClass[SortStrategy], id=1377]], FeedbackDTO[id=938, text=null, detailText=The class 'BubbleSort' does not implement the interface 'SortStrategy' as expected. Implement the interface and its methods., hasLongFeedbackText=false, reference=null, credits=0.0, positive=false, type=AUTOMATIC, visibility=ALWAYS, testCase=TestCaseDTO[testName=testClass[BubbleSort], id=1381]], FeedbackDTO[id=939, text=null, detailText=MergeSort does not sort correctly, hasLongFeedbackText=false, reference=null, credits=0.0, positive=false, type=AUTOMATIC, visibility=ALWAYS, testCase=TestCaseDTO[testName=testMergeSort(), id=1386]], FeedbackDTO[id=940, text=null, detailText=The class 'Context' was not found within the submission. Make sure to implement it properly., hasLongFeedbackText=false, reference=null, credits=0.0, positive=false, type=AUTOMATIC, visibility=ALWAYS, testCase=TestCaseDTO[testName=testUseBubbleSortForSmallList(), id=1387]], FeedbackDTO[id=941, text=null, detailText=BubbleSort does not sort correctly, hasLongFeedbackText=false, reference=null, credits=0.0, positive=false, type=AUTOMATIC, visibility=ALWAYS, testCase=TestCaseDTO[testName=testBubbleSort(), id=1389]], FeedbackDTO[id=942, text=null, detailText=The class 'Context' was not found within the submission. Make sure to implement it properly., hasLongFeedbackText=false, reference=null, credits=0.0, positive=false, type=AUTOMATIC, visibility=ALWAYS, testCase=TestCaseDTO[testName=testUseMergeSortForBigList(), id=1388]], FeedbackDTO[id=943, text=null, detailText=The exercise expects a class with the name Policy in the package testpackage. You did not implement the class in the exercise., hasLongFeedbackText=false, reference=null, credits=0.0, positive=false, type=AUTOMATIC, visibility=ALWAYS, testCase=TestCaseDTO[testName=testConstructors[Policy], id=1382]], FeedbackDTO[id=944, text=null, detailText=The exercise expects a class with the name Context in the package testpackage. You did not implement the class in the exercise., hasLongFeedbackText=false, reference=null, credits=0.0, positive=false, type=AUTOMATIC, visibility=ALWAYS, testCase=TestCaseDTO[testName=testAttributes[Context], id=1378]], FeedbackDTO[id=945, text=null, detailText=The exercise expects a class with the name Policy in the package testpackage. You did not implement the class in the exercise., hasLongFeedbackText=false, reference=null, credits=0.0, positive=false, type=AUTOMATIC, visibility=ALWAYS, testCase=TestCaseDTO[testName=testAttributes[Policy], id=1379]]], assessmentType=AUTOMATIC, hasComplaint=null, exampleResult=null, testCaseCount=13, passedTestCaseCount=0, codeIssueCount=0]], BuildJobQueueItem[id=20171739576740018, name=SHORT7914AFA00ADC3047140B99D01AC07810CE44TSTEXC-LOCALVCCIINTSTUDENT1, buildAgent=BuildAgentDTO[name=artemis-build-agent-test, memberAddress=[127.0.0.1]:5703, displayName=artemis-build-agent-test], participationId=2017, courseId=988, exerciseId=2605, retryCount=0, priority=2, status=SUCCESSFUL, repositoryInfo=RepositoryInfo[repositoryName=short7914afa00adc3047140b99d01ac07810ce44tstexc-practice-localvcciintstudent1, repositoryType=user, triggeredByPushTo=user, assignmentRepositoryUri=http://localhost:49152/git/SHORT7914AFA00ADC3047140B99D01AC07810CE44TSTEXC/short7914afa00adc3047140b99d01ac07810ce44tstexc-practice-localvcciintstudent1.git, testRepositoryUri=http://localhost:49152/git/SHORT7914AFA00ADC3047140B99D01AC07810CE44TSTEXC/short7914afa00adc3047140b99d01ac07810ce44tstexc-tests.git, solutionRepositoryUri=null, auxiliaryRepositoryUris=[Ljava.lang.String;@96451e2, auxiliaryRepositoryCheckoutDirectories=[Ljava.lang.String;@17313653], jobTimingInfo=JobTimingInfo[submissionDate=2025-02-14T23:45:40.018961253Z[Etc/UTC], buildStartDate=2025-02-14T23:45:40.029742701Z[Etc/UTC], buildCompletionDate=2025-02-14T23:45:41.150208242Z[Etc/UTC], estimatedCompletionDate=2025-02-14T23:45:59.029734065Z[Etc/UTC], estimatedDuration=19], buildConfig=BuildConfig[buildScript=#!/bin/bash
cd /var/tmp/testing-dir
chmod +x ./gradlew
./gradlew clean test
, dockerImage=dummy-docker-image:latest, commitHashToBuild=d80b57877989b971e83ccdb4863c8a7023c76266, assignmentCommitHash=d80b57877989b971e83ccdb4863c8a7023c76266, testCommitHash=327b116890c92b1312314341f43f21ef13ecf7d7, branch=main, programmingLanguage=JAVA, projectType=PLAIN_GRADLE, scaEnabled=false, sequentialTestRunsEnabled=false, resultPaths=[/var/tmp/testing-dir/**/test-results/test/*.xml], timeoutSeconds=0, assignmentCheckoutPath=null, testCheckoutPath=null, solutionCheckoutPath=null, dockerRunConfig=null], submissionResult=ResultDTO[id=634, completionDate=2025-02-14T23:45:41.120192603Z[Etc/UTC], successful=false, score=7.7, rated=false, submission=SubmissionDTO[id=828, submitted=true, type=MANUAL, exampleSubmission=null, submissionDate=2025-02-14T23:45:40.008666Z, commitHash=d80b57877989b971e83ccdb4863c8a7023c76266, buildFailed=false, buildArtifact=false, participation=ParticipationDTO[id=2017, testRun=true, type=programming, submissionCount=null, exercise=ParticipationExerciseDTO[id=2605, exerciseType=PROGRAMMING, type=programming, assessmentType=AUTOMATIC, dueDate=2025-02-16T23:45:39.523500Z, assessmentDueDate=null, maxPoints=42.0, course=CourseDTO[id=988, accuracyOfScores=1]]], submissionExerciseType=programming, isProcessing=false, buildStartDate=null, estimatedCompletionDate=null], participation=ParticipationDTO[id=2017, testRun=true, type=programming, submissionCount=null, exercise=ParticipationExerciseDTO[id=2605, exerciseType=PROGRAMMING, type=programming, assessmentType=AUTOMATIC, dueDate=2025-02-16T23:45:39.523500Z, assessmentDueDate=null, maxPoints=42.0, course=CourseDTO[id=988, accuracyOfScores=1]]], feedbacks=[FeedbackDTO[id=946, text=null, detailText=The exercise expects a class with the name Context in the package testpackage. You did not implement the class in the exercise., hasLongFeedbackText=false, reference=null, credits=0.0, positive=false, type=AUTOMATIC, visibility=ALWAYS, testCase=TestCaseDTO[testName=null, id=1409]], FeedbackDTO[id=947, text=null, detailText=The exercise expects a class with the name Policy in the package testpackage. You did not implement the class in the exercise., hasLongFeedbackText=false, reference=null, credits=0.0, positive=false, type=AUTOMATIC, visibility=ALWAYS, testCase=TestCaseDTO[testName=null, id=1410]], FeedbackDTO[id=948, text=null, detailText=The exercise expects a class with the name SortStrategy in the package testpackage. You did not implement the class in the exercise., hasLongFeedbackText=false, reference=null, credits=0.0, positive=false, type=AUTOMATIC, visibility=ALWAYS, testCase=TestCaseDTO[testName=null, id=1411]], FeedbackDTO[id=949, text=null, detailText=The class 'MergeSort' does not implement the interface 'SortStrategy' as expected. Implement the interface and its methods., hasLongFeedbackText=false, reference=null, credits=0.0, positive=false, type=AUTOMATIC, visibility=ALWAYS, testCase=TestCaseDTO[testName=null, id=1406]], FeedbackDTO[id=950, text=null, detailText=The exercise expects a class with the name SortStrategy in the package testpackage. You did not implement the class in the exercise., hasLongFeedbackText=false, reference=null, credits=0.0, positive=false, type=AUTOMATIC, visibility=ALWAYS, testCase=TestCaseDTO[testName=null, id=1403]], FeedbackDTO[id=951, text=null, detailText=The class 'BubbleSort' does not implement the interface 'SortStrategy' as expected. Implement the interface and its methods., hasLongFeedbackText=false, reference=null, credits=0.0, positive=false, type=AUTOMATIC, visibility=ALWAYS, testCase=TestCaseDTO[testName=null, id=1407]], FeedbackDTO[id=952, text=null, detailText=MergeSort does not sort correctly, hasLongFeedbackText=false, reference=null, credits=0.0, positive=false, type=AUTOMATIC, visibility=ALWAYS, testCase=TestCaseDTO[testName=null, id=1412]], FeedbackDTO[id=953, text=null, detailText=The class 'Context' was not found within the submission. Make sure to implement it properly., hasLongFeedbackText=false, reference=null, credits=0.0, positive=false, type=AUTOMATIC, visibility=ALWAYS, testCase=TestCaseDTO[testName=null, id=1413]], FeedbackDTO[id=954, text=null, detailText=The class 'Context' was not found within the submission. Make sure to implement it properly., hasLongFeedbackText=false, reference=null, credits=0.0, positive=false, type=AUTOMATIC, visibility=ALWAYS, testCase=TestCaseDTO[testName=null, id=1414]], FeedbackDTO[id=955, text=null, detailText=The exercise expects a class with the name Policy in the package testpackage. You did not implement the class in the exercise., hasLongFeedbackText=false, reference=null, credits=0.0, positive=false, type=AUTOMATIC, visibility=ALWAYS, testCase=TestCaseDTO[testName=null, id=1408]], FeedbackDTO[id=956, text=null, detailText=The exercise expects a class with the name Context in the package testpackage. You did not implement the class in the exercise., hasLongFeedbackText=false, reference=null, credits=0.0, positive=false, type=AUTOMATIC, visibility=ALWAYS, testCase=TestCaseDTO[testName=null, id=1404]], FeedbackDTO[id=957, text=null, detailText=The exercise expects a class with the name Policy in the package testpackage. You did not implement the class in the exercise., hasLongFeedbackText=false, reference=null, credits=0.0, positive=false, type=AUTOMATIC, visibility=ALWAYS, testCase=TestCaseDTO[testName=null, id=1405]], FeedbackDTO[id=958, text=null, detailText=null, hasLongFeedbackText=false, reference=null, credits=3.230769230769231, positive=true, type=AUTOMATIC, visibility=ALWAYS, testCase=TestCaseDTO[testName=null, id=1415]]], assessmentType=AUTOMATIC, hasComplaint=null, exampleResult=null, testCaseCount=13, passedTestCaseCount=1, codeIssueCount=0]], BuildJobQueueItem[id=20261739576743984, name=SHORT53C73BE505404043100AC2F00C039353CE8FTSTEXC-LOCALVCCIINTSTUDENT1, buildAgent=BuildAgentDTO[name=artemis-build-agent-test, memberAddress=[127.0.0.1]:5703, displayName=artemis-build-agent-test], participationId=2026, courseId=991, exerciseId=2608, retryCount=0, priority=1, status=SUCCESSFUL, repositoryInfo=RepositoryInfo[repositoryName=short53c73be505404043100ac2f00c039353ce8ftstexc-localvcciintstudent1, repositoryType=user, triggeredByPushTo=user, assignmentRepositoryUri=http://localhost:49152/git/SHORT53C73BE505404043100AC2F00C039353CE8FTSTEXC/short53c73be505404043100ac2f00c039353ce8ftstexc-localvcciintstudent1.git, testRepositoryUri=http://localhost:49152/git/SHORT53C73BE505404043100AC2F00C039353CE8FTSTEXC/short53c73be505404043100ac2f00c039353ce8ftstexc-tests.git, solutionRepositoryUri=null, auxiliaryRepositoryUris=[Ljava.lang.String;@6d6450e4, auxiliaryRepositoryCheckoutDirectories=[Ljava.lang.String;@35cfbd50], jobTimingInfo=JobTimingInfo[submissionDate=2025-02-14T23:45:43.984518859Z[Etc/UTC], buildStartDate=2025-02-14T23:45:43.991385682Z[Etc/UTC], buildCompletionDate=2025-02-14T23:45:44.982059928Z[Etc/UTC], estimatedCompletionDate=2025-02-14T23:46:02.991380122Z[Etc/UTC], estimatedDuration=19], buildConfig=BuildConfig[buildScript=#!/bin/bash
cd /var/tmp/testing-dir
chmod +x ./gradlew
./gradlew clean test
, dockerImage=dummy-docker-image:latest, commitHashToBuild=3e90ae9fef2e44ffb41451a080bdaa6a44ad6848, assignmentCommitHash=3e90ae9fef2e44ffb41451a080bdaa6a44ad6848, testCommitHash=0582754c87aae13e640312855ce7dbe490ecb50c, branch=main, programmingLanguage=JAVA, projectType=PLAIN_GRADLE, scaEnabled=false, sequentialTestRunsEnabled=false, resultPaths=[/var/tmp/testing-dir/**/test-results/test/*.xml], timeoutSeconds=0, assignmentCheckoutPath=null, testCheckoutPath=null, solutionCheckoutPath=null, dockerRunConfig=null], submissionResult=ResultDTO[id=635, completionDate=2025-02-14T23:45:44.961313737Z[Etc/UTC], successful=false, score=7.7, rated=true, submission=SubmissionDTO[id=829, submitted=true, type=MANUAL, exampleSubmission=null, submissionDate=2025-02-14T23:45:43.967766Z, commitHash=3e90ae9fef2e44ffb41451a080bdaa6a44ad6848, buildFailed=false, buildArtifact=false, participation=ParticipationDTO[id=2026, testRun=false, type=programming, submissionCount=null, exercise=ParticipationExerciseDTO[id=2608, exerciseType=PROGRAMMING, type=programming, assessmentType=AUTOMATIC, dueDate=2025-02-16T23:45:43.597978Z, assessmentDueDate=null, maxPoints=42.0, course=CourseDTO[id=991, accuracyOfScores=1]]], submissionExerciseType=programming, isProcessing=false, buildStartDate=null, estimatedCompletionDate=null], participation=ParticipationDTO[id=2026, testRun=false, type=programming, submissionCount=null, exercise=ParticipationExerciseDTO[id=2608, exerciseType=PROGRAMMING, type=programming, assessmentType=AUTOMATIC, dueDate=2025-02-16T23:45:43.597978Z, assessmentDueDate=null, maxPoints=42.0, course=CourseDTO[id=991, accuracyOfScores=1]]], feedbacks=[FeedbackDTO[id=959, text=null, detailText=The exercise expects a class with the name Context in the package testpackage. You did not implement the class in the exercise., hasLongFeedbackText=false, reference=null, credits=0.0, positive=false, type=AUTOMATIC, visibility=ALWAYS, testCase=TestCaseDTO[testName=null, id=1448]], FeedbackDTO[id=960, text=null, detailText=The exercise expects a class with the name Policy in the package testpackage. You did not implement the class in the exercise., hasLongFeedbackText=false, reference=null, credits=0.0, positive=false, type=AUTOMATIC, visibility=ALWAYS, testCase=TestCaseDTO[testName=null, id=1449]], FeedbackDTO[id=961, text=null, detailText=The exercise expects a class with the name SortStrategy in the package testpackage. You did not implement the class in the exercise., hasLongFeedbackText=false, reference=null, credits=0.0, positive=false, type=AUTOMATIC, visibility=ALWAYS, testCase=TestCaseDTO[testName=null, id=1450]], FeedbackDTO[id=962, text=null, detailText=The class 'MergeSort' does not implement the interface 'SortStrategy' as expected. Implement the interface and its methods., hasLongFeedbackText=false, reference=null, credits=0.0, positive=false, type=AUTOMATIC, visibility=ALWAYS, testCase=TestCaseDTO[testName=null, id=1445]], FeedbackDTO[id=963, text=null, detailText=The exercise expects a class with the name SortStrategy in the package testpackage. You did not implement the class in the exercise., hasLongFeedbackText=false, reference=null, credits=0.0, positive=false, type=AUTOMATIC, visibility=ALWAYS, testCase=TestCaseDTO[testName=null, id=1442]], FeedbackDTO[id=964, text=null, detailText=The class 'BubbleSort' does not implement the interface 'SortStrategy' as expected. Implement the interface and its methods., hasLongFeedbackText=false, reference=null, credits=0.0, positive=false, type=AUTOMATIC, visibility=ALWAYS, testCase=TestCaseDTO[testName=null, id=1446]], FeedbackDTO[id=965, text=null, detailText=MergeSort does not sort correctly, hasLongFeedbackText=false, reference=null, credits=0.0, positive=false, type=AUTOMATIC, visibility=ALWAYS, testCase=TestCaseDTO[testName=null, id=1451]], FeedbackDTO[id=966, text=null, detailText=The class 'Context' was not found within the submission. Make sure to implement it properly., hasLongFeedbackText=false, reference=null, credits=0.0, positive=false, type=AUTOMATIC, visibility=ALWAYS, testCase=TestCaseDTO[testName=null, id=1452]], FeedbackDTO[id=967, text=null, detailText=The class 'Context' was not found within the submission. Make sure to implement it properly., hasLongFeedbackText=false, reference=null, credits=0.0, positive=false, type=AUTOMATIC, visibility=ALWAYS, testCase=TestCaseDTO[testName=null, id=1453]], FeedbackDTO[id=968, text=null, detailText=The exercise expects a class with the name Policy in the package testpackage. You did not implement the class in the exercise., hasLongFeedbackText=false, reference=null, credits=0.0, positive=false, type=AUTOMATIC, visibility=ALWAYS, testCase=TestCaseDTO[testName=null, id=1447]], FeedbackDTO[id=969, text=null, detailText=The exercise expects a class with the name Context in the package testpackage. You did not implement the class in the exercise., hasLongFeedbackText=false, reference=null, credits=0.0, positive=false, type=AUTOMATIC, visibility=ALWAYS, testCase=TestCaseDTO[testName=null, id=1443]], FeedbackDTO[id=970, text=null, detailText=The exercise expects a class with the name Policy in the package testpackage. You did not implement the class in the exercise., hasLongFeedbackText=false, reference=null, credits=0.0, positive=false, type=AUTOMATIC, visibility=ALWAYS, testCase=TestCaseDTO[testName=null, id=1444]], FeedbackDTO[id=971, text=null, detailText=null, hasLongFeedbackText=false, reference=null, credits=3.230769230769231, positive=true, type=AUTOMATIC, visibility=ALWAYS, testCase=TestCaseDTO[testName=null, id=1454]]], assessmentType=AUTOMATIC, hasComplaint=null, exampleResult=null, testCaseCount=13, passedTestCaseCount=1, codeIssueCount=0]], BuildJobQueueItem[id=20271739576746886, name=SHORT0FC863930E92904248098A506171F81CF6CFTSTEXC-SOLUTION, buildAgent=BuildAgentDTO[name=artemis-build-agent-test, memberAddress=[127.0.0.1]:5703, displayName=artemis-build-agent-test], participationId=2027, courseId=992, exerciseId=2609, retryCount=0, priority=2, status=SUCCESSFUL, repositoryInfo=RepositoryInfo[repositoryName=short0fc863930e92904248098a506171f81cf6cftstexc-solution, repositoryType=solution, triggeredByPushTo=auxiliary, assignmentRepositoryUri=http://localhost:49152/git/SHORT0FC863930E92904248098A506171F81CF6CFTSTEXC/short0fc863930e92904248098a506171f81cf6cftstexc-solution.git, testRepositoryUri=http://localhost:49152/git/SHORT0FC863930E92904248098A506171F81CF6CFTSTEXC/short0fc863930e92904248098a506171f81cf6cftstexc-tests.git, solutionRepositoryUri=null, auxiliaryRepositoryUris=[Ljava.lang.String;@1e0f014a, auxiliaryRepositoryCheckoutDirectories=[Ljava.lang.String;@123f76], jobTimingInfo=JobTimingInfo[submissionDate=2025-02-14T23:45:46.886984066Z[Etc/UTC], buildStartDate=2025-02-14T23:45:46.897709578Z[Etc/UTC], buildCompletionDate=2025-02-14T23:45:48.628460156Z[Etc/UTC], estimatedCompletionDate=2025-02-14T23:46:05.897701272Z[Etc/UTC], estimatedDuration=19], buildConfig=BuildConfig[buildScript=#!/bin/bash
cd /var/tmp/testing-dir
chmod +x ./gradlew
./gradlew clean test
, dockerImage=dummy-docker-image:latest, commitHashToBuild=null, assignmentCommitHash=115a2e943bee242fdad360b50d8ad5f30792577e, testCommitHash=9b3a9bd71a0d80e5bbc42204c319ed3d1d4f0d6d, branch=main, programmingLanguage=JAVA, projectType=PLAIN_GRADLE, scaEnabled=false, sequentialTestRunsEnabled=false, resultPaths=[/var/tmp/testing-dir/**/test-results/test/*.xml], timeoutSeconds=0, assignmentCheckoutPath=null, testCheckoutPath=null, solutionCheckoutPath=null, dockerRunConfig=null], submissionResult=ResultDTO[id=636, completionDate=2025-02-14T23:45:48.593370968Z[Etc/UTC], successful=true, score=100.0, rated=true, submission=SubmissionDTO[id=830, submitted=true, type=TEST, exampleSubmission=null, submissionDate=2025-02-14T23:45:46.873671Z, commitHash=9b3a9bd71a0d80e5bbc42204c319ed3d1d4f0d6d, buildFailed=false, buildArtifact=false, participation=ParticipationDTO[id=2027, testRun=false, type=solution, submissionCount=null, exercise=ParticipationExerciseDTO[id=2609, exerciseType=PROGRAMMING, type=programming, assessmentType=AUTOMATIC, dueDate=2025-02-16T23:45:46.386304Z, assessmentDueDate=null, maxPoints=42.0, course=CourseDTO[id=992, accuracyOfScores=1]]], submissionExerciseType=programming, isProcessing=false, buildStartDate=null, estimatedCompletionDate=null], participation=ParticipationDTO[id=2027, testRun=false, type=solution, submissionCount=null, exercise=ParticipationExerciseDTO[id=2609, exerciseType=PROGRAMMING, type=programming, assessmentType=AUTOMATIC, dueDate=2025-02-16T23:45:46.386304Z, assessmentDueDate=null, maxPoints=42.0, course=CourseDTO[id=992, accuracyOfScores=1]]], feedbacks=[FeedbackDTO[id=972, text=null, detailText=null, hasLongFeedbackText=false, reference=null, credits=3.230769230769231, positive=true, type=AUTOMATIC, visibility=ALWAYS, testCase=TestCaseDTO[testName=testMethods[Context], id=1461]], FeedbackDTO[id=973, text=null, detailText=null, hasLongFeedbackText=false, reference=null, credits=3.230769230769231, positive=true, type=AUTOMATIC, visibility=ALWAYS, testCase=TestCaseDTO[testName=testMethods[Policy], id=1462]], FeedbackDTO[id=974, text=null, detailText=null, hasLongFeedbackText=false, reference=null, credits=3.230769230769231, positive=true, type=AUTOMATIC, visibility=ALWAYS, testCase=TestCaseDTO[testName=testMethods[SortStrategy], id=1463]], FeedbackDTO[id=975, text=null, detailText=null, hasLongFeedbackText=false, reference=null, credits=3.230769230769231, positive=true, type=AUTOMATIC, visibility=ALWAYS, testCase=TestCaseDTO[testName=testClass[MergeSort], id=1458]], FeedbackDTO[id=976, text=null, detailText=null, hasLongFeedbackText=false, reference=null, credits=3.230769230769231, positive=true, type=AUTOMATIC, visibility=ALWAYS, testCase=TestCaseDTO[testName=testClass[SortStrategy], id=1455]], FeedbackDTO[id=977, text=null, detailText=null, hasLongFeedbackText=false, reference=null, credits=3.230769230769231, positive=true, type=AUTOMATIC, visibility=ALWAYS, testCase=TestCaseDTO[testName=testClass[BubbleSort], id=1459]], FeedbackDTO[id=978, text=null, detailText=null, hasLongFeedbackText=false, reference=null, credits=3.230769230769231, positive=true, type=AUTOMATIC, visibility=ALWAYS, testCase=TestCaseDTO[testName=testMergeSort(), id=1464]], FeedbackDTO[id=979, text=null, detailText=null, hasLongFeedbackText=false, reference=null, credits=3.230769230769231, positive=true, type=AUTOMATIC, visibility=ALWAYS, testCase=TestCaseDTO[testName=testUseBubbleSortForSmallList(), id=1465]], FeedbackDTO[id=980, text=null, detailText=null, hasLongFeedbackText=false, reference=null, credits=3.230769230769231, positive=true, type=AUTOMATIC, visibility=ALWAYS, testCase=TestCaseDTO[testName=testBubbleSort(), id=1467]], FeedbackDTO[id=981, text=null, detailText=null, hasLongFeedbackText=false, reference=null, credits=3.230769230769231, positive=true, type=AUTOMATIC, visibility=ALWAYS, testCase=TestCaseDTO[testName=testUseMergeSortForBigList(), id=1466]], FeedbackDTO[id=982, text=null, detailText=null, hasLongFeedbackText=false, reference=null, credits=3.230769230769231, positive=true, type=AUTOMATIC, visibility=ALWAYS, testCase=TestCaseDTO[testName=testConstructors[Policy], id=1460]], FeedbackDTO[id=983, text=null, detailText=null, hasLongFeedbackText=false, reference=null, credits=3.230769230769231, positive=true, type=AUTOMATIC, visibility=ALWAYS, testCase=TestCaseDTO[testName=testAttributes[Context], id=1456]], FeedbackDTO[id=984, text=null, detailText=null, hasLongFeedbackText=false, reference=null, credits=3.230769230769231, positive=true, type=AUTOMATIC, visibility=ALWAYS, testCase=TestCaseDTO[testName=testAttributes[Policy], id=1457]]], assessmentType=AUTOMATIC, hasComplaint=null, exampleResult=null, testCaseCount=13, passedTestCaseCount=13, codeIssueCount=0]], BuildJobQueueItem[id=20281739576748768, name=SHORT0FC863930E92904248098A506171F81CF6CFTSTEXC-BASE, buildAgent=BuildAgentDTO[name=artemis-build-agent-test, memberAddress=[127.0.0.1]:5703, displayName=artemis-build-agent-test], participationId=2028, courseId=992, exerciseId=2609, retryCount=0, priority=2, status=SUCCESSFUL, repositoryInfo=RepositoryInfo[repositoryName=short0fc863930e92904248098a506171f81cf6cftstexc-exercise, repositoryType=exercise, triggeredByPushTo=auxiliary, assignmentRepositoryUri=http://localhost:49152/git/SHORT0FC863930E92904248098A506171F81CF6CFTSTEXC/short0fc863930e92904248098a506171f81cf6cftstexc-exercise.git, testRepositoryUri=http://localhost:49152/git/SHORT0FC863930E92904248098A506171F81CF6CFTSTEXC/short0fc863930e92904248098a506171f81cf6cftstexc-tests.git, solutionRepositoryUri=null, auxiliaryRepositoryUris=[Ljava.lang.String;@4fbeace0, auxiliaryRepositoryCheckoutDirectories=[Ljava.lang.String;@753bd7a], jobTimingInfo=JobTimingInfo[submissionDate=2025-02-14T23:45:48.768063548Z[Etc/UTC], buildStartDate=2025-02-14T23:45:48.802531989Z[Etc/UTC], buildCompletionDate=2025-02-14T23:45:50.482681367Z[Etc/UTC], estimatedCompletionDate=2025-02-14T23:45:50.802523092Z[Etc/UTC], estimatedDuration=2], buildConfig=BuildConfig[buildScript=#!/bin/bash
cd /var/tmp/testing-dir
chmod +x ./gradlew
./gradlew clean test
, dockerImage=dummy-docker-image:latest, commitHashToBuild=9b3a9bd71a0d80e5bbc42204c319ed3d1d4f0d6d, assignmentCommitHash=115a2e943bee242fdad360b50d8ad5f30792577e, testCommitHash=9b3a9bd71a0d80e5bbc42204c319ed3d1d4f0d6d, branch=main, programmingLanguage=JAVA, projectType=PLAIN_GRADLE, scaEnabled=false, sequentialTestRunsEnabled=false, resultPaths=[/var/tmp/testing-dir/**/test-results/test/*.xml], timeoutSeconds=0, assignmentCheckoutPath=null, testCheckoutPath=null, solutionCheckoutPath=null, dockerRunConfig=null], submissionResult=ResultDTO[id=637, completionDate=2025-02-14T23:45:50.449084694Z[Etc/UTC], successful=false, score=0.0, rated=true, submission=SubmissionDTO[id=831, submitted=true, type=TEST, exampleSubmission=null, submissionDate=2025-02-14T23:45:48.761177Z, commitHash=9b3a9bd71a0d80e5bbc42204c319ed3d1d4f0d6d, buildFailed=false, buildArtifact=false, participation=ParticipationDTO[id=2028, testRun=false, type=template, submissionCount=null, exercise=ParticipationExerciseDTO[id=2609, exerciseType=PROGRAMMING, type=programming, assessmentType=AUTOMATIC, dueDate=2025-02-16T23:45:46.386304Z, assessmentDueDate=null, maxPoints=42.0, course=CourseDTO[id=992, accuracyOfScores=1]]], submissionExerciseType=programming, isProcessing=false, buildStartDate=null, estimatedCompletionDate=null], participation=ParticipationDTO[id=2028, testRun=false, type=template, submissionCount=null, exercise=ParticipationExerciseDTO[id=2609, exerciseType=PROGRAMMING, type=programming, assessmentType=AUTOMATIC, dueDate=2025-02-16T23:45:46.386304Z, assessmentDueDate=null, maxPoints=42.0, course=CourseDTO[id=992, accuracyOfScores=1]]], feedbacks=[FeedbackDTO[id=985, text=null, detailText=The exercise expects a class with the name Context in the package testpackage. You did not implement the class in the exercise., hasLongFeedbackText=false, reference=null, credits=0.0, positive=false, type=AUTOMATIC, visibility=ALWAYS, testCase=TestCaseDTO[testName=testMethods[Context], id=1461]], FeedbackDTO[id=986, text=null, detailText=The exercise expects a class with the name Policy in the package testpackage. You did not implement the class in the exercise., hasLongFeedbackText=false, reference=null, credits=0.0, positive=false, type=AUTOMATIC, visibility=ALWAYS, testCase=TestCaseDTO[testName=testMethods[Policy], id=1462]], FeedbackDTO[id=987, text=null, detailText=The exercise expects a class with the name SortStrategy in the package testpackage. You did not implement the class in the exercise., hasLongFeedbackText=false, reference=null, credits=0.0, positive=false, type=AUTOMATIC, visibility=ALWAYS, testCase=TestCaseDTO[testName=testMethods[SortStrategy], id=1463]], FeedbackDTO[id=988, text=null, detailText=The class 'MergeSort' does not implement the interface 'SortStrategy' as expected. Implement the interface and its methods., hasLongFeedbackText=false, reference=null, credits=0.0, positive=false, type=AUTOMATIC, visibility=ALWAYS, testCase=TestCaseDTO[testName=testClass[MergeSort], id=1458]], FeedbackDTO[id=989, text=null, detailText=The exercise expects a class with the name SortStrategy in the package testpackage. You did not implement the class in the exercise., hasLongFeedbackText=false, reference=null, credits=0.0, positive=false, type=AUTOMATIC, visibility=ALWAYS, testCase=TestCaseDTO[testName=testClass[SortStrategy], id=1455]], FeedbackDTO[id=990, text=null, detailText=The class 'BubbleSort' does not implement the interface 'SortStrategy' as expected. Implement the interface and its methods., hasLongFeedbackText=false, reference=null, credits=0.0, positive=false, type=AUTOMATIC, visibility=ALWAYS, testCase=TestCaseDTO[testName=testClass[BubbleSort], id=1459]], FeedbackDTO[id=991, text=null, detailText=MergeSort does not sort correctly, hasLongFeedbackText=false, reference=null, credits=0.0, positive=false, type=AUTOMATIC, visibility=ALWAYS, testCase=TestCaseDTO[testName=testMergeSort(), id=1464]], FeedbackDTO[id=992, text=null, detailText=The class 'Context' was not found within the submission. Make sure to implement it properly., hasLongFeedbackText=false, reference=null, credits=0.0, positive=false, type=AUTOMATIC, visibility=ALWAYS, testCase=TestCaseDTO[testName=testUseBubbleSortForSmallList(), id=1465]], FeedbackDTO[id=993, text=null, detailText=BubbleSort does not sort correctly, hasLongFeedbackText=false, reference=null, credits=0.0, positive=false, type=AUTOMATIC, visibility=ALWAYS, testCase=TestCaseDTO[testName=testBubbleSort(), id=1467]], FeedbackDTO[id=994, text=null, detailText=The class 'Context' was not found within the submission. Make sure to implement it properly., hasLongFeedbackText=false, reference=null, credits=0.0, positive=false, type=AUTOMATIC, visibility=ALWAYS, testCase=TestCaseDTO[testName=testUseMergeSortForBigList(), id=1466]], FeedbackDTO[id=995, text=null, detailText=The exercise expects a class with the name Policy in the package testpackage. You did not implement the class in the exercise., hasLongFeedbackText=false, reference=null, credits=0.0, positive=false, type=AUTOMATIC, visibility=ALWAYS, testCase=TestCaseDTO[testName=testConstructors[Policy], id=1460]], FeedbackDTO[id=996, text=null, detailText=The exercise expects a class with the name Context in the package testpackage. You did not implement the class in the exercise., hasLongFeedbackText=false, reference=null, credits=0.0, positive=false, type=AUTOMATIC, visibility=ALWAYS, testCase=TestCaseDTO[testName=testAttributes[Context], id=1456]], FeedbackDTO[id=997, text=null, detailText=The exercise expects a class with the name Policy in the package testpackage. You did not implement the class in the exercise., hasLongFeedbackText=false, reference=null, credits=0.0, positive=false, type=AUTOMATIC, visibility=ALWAYS, testCase=TestCaseDTO[testName=testAttributes[Policy], id=1457]]], assessmentType=AUTOMATIC, hasComplaint=null, exampleResult=null, testCaseCount=13, passedTestCaseCount=0, codeIssueCount=0]], BuildJobQueueItem[id=20291739576751299, name=SHORT716C2EC10B19B049C80A2F00B97EAB20B2A9TSTEXC-SOLUTION, buildAgent=BuildAgentDTO[name=artemis-build-agent-test, memberAddress=[127.0.0.1]:5703, displayName=artemis-build-agent-test], participationId=2029, courseId=993, exerciseId=2610, retryCount=0, priority=2, status=SUCCESSFUL, repositoryInfo=RepositoryInfo[repositoryName=short716c2ec10b19b049c80a2f00b97eab20b2a9tstexc-solution, repositoryType=solution, triggeredByPushTo=tests, assignmentRepositoryUri=http://localhost:49152/git/SHORT716C2EC10B19B049C80A2F00B97EAB20B2A9TSTEXC/short716c2ec10b19b049c80a2f00b97eab20b2a9tstexc-solution.git, testRepositoryUri=http://localhost:49152/git/SHORT716C2EC10B19B049C80A2F00B97EAB20B2A9TSTEXC/short716c2ec10b19b049c80a2f00b97eab20b2a9tstexc-tests.git, solutionRepositoryUri=null, auxiliaryRepositoryUris=[Ljava.lang.String;@61b0f98b, auxiliaryRepositoryCheckoutDirectories=[Ljava.lang.String;@70c89344], jobTimingInfo=JobTimingInfo[submissionDate=2025-02-14T23:45:51.299892174Z[Etc/UTC], buildStartDate=2025-02-14T23:45:51.314028505Z[Etc/UTC], buildCompletionDate=2025-02-14T23:45:52.158312850Z[Etc/UTC], estimatedCompletionDate=2025-02-14T23:46:10.314021752Z[Etc/UTC], estimatedDuration=19], buildConfig=BuildConfig[buildScript=#!/bin/bash
cd /var/tmp/testing-dir
chmod +x ./gradlew
./gradlew clean test
, dockerImage=dummy-docker-image:latest, commitHashToBuild=1e531733ed6e9237f710b528d1eb0b7beac565fd, assignmentCommitHash=815e279f12ad296b4f24c44134a07293c04c010f, testCommitHash=1e531733ed6e9237f710b528d1eb0b7beac565fd, branch=main, programmingLanguage=JAVA, projectType=PLAIN_GRADLE, scaEnabled=false, sequentialTestRunsEnabled=false, resultPaths=[/var/tmp/testing-dir/**/test-results/test/*.xml], timeoutSeconds=0, assignmentCheckoutPath=null, testCheckoutPath=null, solutionCheckoutPath=null, dockerRunConfig=null], submissionResult=ResultDTO[id=638, completionDate=2025-02-14T23:45:52.146826070Z[Etc/UTC], successful=true, score=100.0, rated=true, submission=SubmissionDTO[id=832, submitted=true, type=TEST, exampleSubmission=null, submissionDate=2025-02-14T23:45:51.275713Z, commitHash=1e531733ed6e9237f710b528d1eb0b7beac565fd, buildFailed=false, buildArtifact=false, participation=ParticipationDTO[id=2029, testRun=false, type=solution, submissionCount=null, exercise=ParticipationExerciseDTO[id=2610, exerciseType=PROGRAMMING, type=programming, assessmentType=AUTOMATIC, dueDate=2025-02-16T23:45:50.869093Z, assessmentDueDate=null, maxPoints=42.0, course=CourseDTO[id=993, accuracyOfScores=1]]], submissionExerciseType=programming, isProcessing=false, buildStartDate=null, estimatedCompletionDate=null], participation=ParticipationDTO[id=2029, testRun=false, type=solution, submissionCount=null, exercise=ParticipationExerciseDTO[id=2610, exerciseType=PROGRAMMING, type=programming, assessmentType=AUTOMATIC, dueDate=2025-02-16T23:45:50.869093Z, assessmentDueDate=null, maxPoints=42.0, course=CourseDTO[id=993, accuracyOfScores=1]]], feedbacks=[FeedbackDTO[id=998, text=null, detailText=null, hasLongFeedbackText=false, reference=null, credits=3.230769230769231, positive=true, type=AUTOMATIC, visibility=ALWAYS, testCase=TestCaseDTO[testName=testMethods[Context], id=1474]], FeedbackDTO[id=999, text=null, detailText=null, hasLongFeedbackText=false, reference=null, credits=3.230769230769231, positive=true, type=AUTOMATIC, visibility=ALWAYS, testCase=TestCaseDTO[testName=testMethods[Policy], id=1475]], FeedbackDTO[id=1000, text=null, detailText=null, hasLongFeedbackText=false, reference=null, credits=3.230769230769231, positive=true, type=AUTOMATIC, visibility=ALWAYS, testCase=TestCaseDTO[testName=testMethods[SortStrategy], id=1476]], FeedbackDTO[id=1001, text=null, detailText=null, hasLongFeedbackText=false, reference=null, credits=3.230769230769231, positive=true, type=AUTOMATIC, visibility=ALWAYS, testCase=TestCaseDTO[testName=testClass[MergeSort], id=1471]], FeedbackDTO[id=1002, text=null, detailText=null, hasLongFeedbackText=false, reference=null, credits=3.230769230769231, positive=true, type=AUTOMATIC, visibility=ALWAYS, testCase=TestCaseDTO[testName=testClass[SortStrategy], id=1468]], FeedbackDTO[id=1003, text=null, detailText=null, hasLongFeedbackText=false, reference=null, credits=3.230769230769231, positive=true, type=AUTOMATIC, visibility=ALWAYS, testCase=TestCaseDTO[testName=testClass[BubbleSort], id=1472]], FeedbackDTO[id=1004, text=null, detailText=null, hasLongFeedbackText=false, reference=null, credits=3.230769230769231, positive=true, type=AUTOMATIC, visibility=ALWAYS, testCase=TestCaseDTO[testName=testMergeSort(), id=1477]], FeedbackDTO[id=1005, text=null, detailText=null, hasLongFeedbackText=false, reference=null, credits=3.230769230769231, positive=true, type=AUTOMATIC, visibility=ALWAYS, testCase=TestCaseDTO[testName=testUseBubbleSortForSmallList(), id=1478]], FeedbackDTO[id=1006, text=null, detailText=null, hasLongFeedbackText=false, reference=null, credits=3.230769230769231, positive=true, type=AUTOMATIC, visibility=ALWAYS, testCase=TestCaseDTO[testName=testBubbleSort(), id=1480]], FeedbackDTO[id=1007, text=null, detailText=null, hasLongFeedbackText=false, reference=null, credits=3.230769230769231, positive=true, type=AUTOMATIC, visibility=ALWAYS, testCase=TestCaseDTO[testName=testUseMergeSortForBigList(), id=1479]], FeedbackDTO[id=1008, text=null, detailText=null, hasLongFeedbackText=false, reference=null, credits=3.230769230769231, positive=true, type=AUTOMATIC, visibility=ALWAYS, testCase=TestCaseDTO[testName=testConstructors[Policy], id=1473]], FeedbackDTO[id=1009, text=null, detailText=null, hasLongFeedbackText=false, reference=null, credits=3.230769230769231, positive=true, type=AUTOMATIC, visibility=ALWAYS, testCase=TestCaseDTO[testName=testAttributes[Context], id=1469]], FeedbackDTO[id=1010, text=null, detailText=null, hasLongFeedbackText=false, reference=null, credits=3.230769230769231, positive=true, type=AUTOMATIC, visibility=ALWAYS, testCase=TestCaseDTO[testName=testAttributes[Policy], id=1470]]], assessmentType=AUTOMATIC, hasComplaint=null, exampleResult=null, testCaseCount=13, passedTestCaseCount=13, codeIssueCount=0]], BuildJobQueueItem[id=20301739576752239, name=SHORT716C2EC10B19B049C80A2F00B97EAB20B2A9TSTEXC-BASE, buildAgent=BuildAgentDTO[name=artemis-build-agent-test, memberAddress=[127.0.0.1]:5703, displayName=artemis-build-agent-test], participationId=2030, courseId=993, exerciseId=2610, retryCount=0, priority=2, status=SUCCESSFUL, repositoryInfo=RepositoryInfo[repositoryName=short716c2ec10b19b049c80a2f00b97eab20b2a9tstexc-exercise, repositoryType=exercise, triggeredByPushTo=tests, assignmentRepositoryUri=http://localhost:49152/git/SHORT716C2EC10B19B049C80A2F00B97EAB20B2A9TSTEXC/short716c2ec10b19b049c80a2f00b97eab20b2a9tstexc-exercise.git, testRepositoryUri=http://localhost:49152/git/SHORT716C2EC10B19B049C80A2F00B97EAB20B2A9TSTEXC/short716c2ec10b19b049c80a2f00b97eab20b2a9tstexc-tests.git, solutionRepositoryUri=null, auxiliaryRepositoryUris=[Ljava.lang.String;@4aabf811, auxiliaryRepositoryCheckoutDirectories=[Ljava.lang.String;@50092453], jobTimingInfo=JobTimingInfo[submissionDate=2025-02-14T23:45:52.239402475Z[Etc/UTC], buildStartDate=2025-02-14T23:45:52.258713639Z[Etc/UTC], buildCompletionDate=2025-02-14T23:45:53.238773956Z[Etc/UTC], estimatedCompletionDate=2025-02-14T23:45:53.258707428Z[Etc/UTC], estimatedDuration=1], buildConfig=BuildConfig[buildScript=#!/bin/bash
cd /var/tmp/testing-dir
chmod +x ./gradlew
./gradlew clean test
, dockerImage=dummy-docker-image:latest, commitHashToBuild=1e531733ed6e9237f710b528d1eb0b7beac565fd, assignmentCommitHash=815e279f12ad296b4f24c44134a07293c04c010f, testCommitHash=1e531733ed6e9237f710b528d1eb0b7beac565fd, branch=main, programmingLanguage=JAVA, projectType=PLAIN_GRADLE, scaEnabled=false, sequentialTestRunsEnabled=false, resultPaths=[/var/tmp/testing-dir/**/test-results/test/*.xml], timeoutSeconds=0, assignmentCheckoutPath=null, testCheckoutPath=null, solutionCheckoutPath=null, dockerRunConfig=null], submissionResult=ResultDTO[id=639, completionDate=2025-02-14T23:45:53.225806205Z[Etc/UTC], successful=false, score=0.0, rated=true, submission=SubmissionDTO[id=833, submitted=true, type=TEST, exampleSubmission=null, submissionDate=2025-02-14T23:45:52.237179Z, commitHash=1e531733ed6e9237f710b528d1eb0b7beac565fd, buildFailed=false, buildArtifact=false, participation=ParticipationDTO[id=2030, testRun=false, type=template, submissionCount=null, exercise=ParticipationExerciseDTO[id=2610, exerciseType=PROGRAMMING, type=programming, assessmentType=AUTOMATIC, dueDate=2025-02-16T23:45:50.869093Z, assessmentDueDate=null, maxPoints=42.0, course=CourseDTO[id=993, accuracyOfScores=1]]], submissionExerciseType=programming, isProcessing=false, buildStartDate=null, estimatedCompletionDate=null], participation=ParticipationDTO[id=2030, testRun=false, type=template, submissionCount=null, exercise=ParticipationExerciseDTO[id=2610, exerciseType=PROGRAMMING, type=programming, assessmentType=AUTOMATIC, dueDate=2025-02-16T23:45:50.869093Z, assessmentDueDate=null, maxPoints=42.0, course=CourseDTO[id=993, accuracyOfScores=1]]], feedbacks=[FeedbackDTO[id=1011, text=null, detailText=The exercise expects a class with the name Context in the package testpackage. You did not implement the class in the exercise., hasLongFeedbackText=false, reference=null, credits=0.0, positive=false, type=AUTOMATIC, visibility=ALWAYS, testCase=TestCaseDTO[testName=testMethods[Context], id=1474]], FeedbackDTO[id=1012, text=null, detailText=The exercise expects a class with the name Policy in the package testpackage. You did not implement the class in the exercise., hasLongFeedbackText=false, reference=null, credits=0.0, positive=false, type=AUTOMATIC, visibility=ALWAYS, testCase=TestCaseDTO[testName=testMethods[Policy], id=1475]], FeedbackDTO[id=1013, text=null, detailText=The exercise expects a class with the name SortStrategy in the package testpackage. You did not implement the class in the exercise., hasLongFeedbackText=false, reference=null, credits=0.0, positive=false, type=AUTOMATIC, visibility=ALWAYS, testCase=TestCaseDTO[testName=testMethods[SortStrategy], id=1476]], FeedbackDTO[id=1014, text=null, detailText=The class 'MergeSort' does not implement the interface 'SortStrategy' as expected. Implement the interface and its methods., hasLongFeedbackText=false, reference=null, credits=0.0, positive=false, type=AUTOMATIC, visibility=ALWAYS, testCase=TestCaseDTO[testName=testClass[MergeSort], id=1471]], FeedbackDTO[id=1015, text=null, detailText=The exercise expects a class with the name SortStrategy in the package testpackage. You did not implement the class in the exercise., hasLongFeedbackText=false, reference=null, credits=0.0, positive=false, type=AUTOMATIC, visibility=ALWAYS, testCase=TestCaseDTO[testName=testClass[SortStrategy], id=1468]], FeedbackDTO[id=1016, text=null, detailText=The class 'BubbleSort' does not implement the interface 'SortStrategy' as expected. Implement the interface and its methods., hasLongFeedbackText=false, reference=null, credits=0.0, positive=false, type=AUTOMATIC, visibility=ALWAYS, testCase=TestCaseDTO[testName=testClass[BubbleSort], id=1472]], FeedbackDTO[id=1017, text=null, detailText=MergeSort does not sort correctly, hasLongFeedbackText=false, reference=null, credits=0.0, positive=false, type=AUTOMATIC, visibility=ALWAYS, testCase=TestCaseDTO[testName=testMergeSort(), id=1477]], FeedbackDTO[id=1018, text=null, detailText=The class 'Context' was not found within the submission. Make sure to implement it properly., hasLongFeedbackText=false, reference=null, credits=0.0, positive=false, type=AUTOMATIC, visibility=ALWAYS, testCase=TestCaseDTO[testName=testUseBubbleSortForSmallList(), id=1478]], FeedbackDTO[id=1019, text=null, detailText=BubbleSort does not sort correctly, hasLongFeedbackText=false, reference=null, credits=0.0, positive=false, type=AUTOMATIC, visibility=ALWAYS, testCase=TestCaseDTO[testName=testBubbleSort(), id=1480]], FeedbackDTO[id=1020, text=null, detailText=The class 'Context' was not found within the submission. Make sure to implement it properly., hasLongFeedbackText=false, reference=null, credits=0.0, positive=false, type=AUTOMATIC, visibility=ALWAYS, testCase=TestCaseDTO[testName=testUseMergeSortForBigList(), id=1479]], FeedbackDTO[id=1021, text=null, detailText=The exercise expects a class with the name Policy in the package testpackage. You did not implement the class in the exercise., hasLongFeedbackText=false, reference=null, credits=0.0, positive=false, type=AUTOMATIC, visibility=ALWAYS, testCase=TestCaseDTO[testName=testConstructors[Policy], id=1473]], FeedbackDTO[id=1022, text=null, detailText=The exercise expects a class with the name Context in the package testpackage. You did not implement the class in the exercise., hasLongFeedbackText=false, reference=null, credits=0.0, positive=false, type=AUTOMATIC, visibility=ALWAYS, testCase=TestCaseDTO[testName=testAttributes[Context], id=1469]], FeedbackDTO[id=1023, text=null, detailText=The exercise expects a class with the name Policy in the package testpackage. You did not implement the class in the exercise., hasLongFeedbackText=false, reference=null, credits=0.0, positive=false, type=AUTOMATIC, visibility=ALWAYS, testCase=TestCaseDTO[testName=testAttributes[Policy], id=1470]]], assessmentType=AUTOMATIC, hasComplaint=null, exampleResult=null, testCaseCount=13, passedTestCaseCount=0, codeIssueCount=0]]], publicSshKey=ssh-rsa AAAAB3NzaC1yc2EAAAADAQABAAACAQCOPdMsxRE2jFJ/UEa5/LsBxtwzJcrh3/rYBCQvcMeVpiRfhzQPWu7mrt/G2Ew+i+vRloGH9aqKg6dd1liRncao53Zmd/ePxoatXePNhmzTfkCkcSkTUz7B+QMjkoDDV5jwuFPD6mF3JkhuzSi64n9Zy905t4w2IhVcjM2mL3eYNjiCXt6Qpq3Pkt7dM/Ksw1nxnvuiIALuJLB3FTkXkHqq3PJav+9HSq2r6ZaWgekneaGxlQlb+U+Vy3XOuArKAzK8c8i+0bR+AHiTG6ncYXt7ax3U+TdlDTF7OLP3umwaYjs1NBXOHwG42pevvpKn2fqavZZozk+M05jXLx3bq0O7itxfErWc7etky8qYPyyIMF/txQIVLd78+Ze4d7Y60t5MGbXM5cGE6fFif5fEJwgswXD+BrG0cafz1CTatjSKFdvp8Vp4VszXhHDan1PrP6JEFJ5Cc5GDmLRZPCFa3vL9f5qXgf4bkqKN8MYeEujwJE5nMRWoiJVNakix2bcrrneQMBlnYeYZVWXXXUusAQBzl4NgddC1umZpihZkL1b1MffZAUW3EGEXi7KHnllQhkTLLsQ8ntMgbylqaJKStqaXlLvdeRJcEnUuiFCrHEVVbXRFZR7XVDZ02CE5o3MuaRPty8Kh+jRTF3COlAckHwYEJCNNJvXFgb2CNXL4mjzYDw== test@localhost]
    23:45:53.317 | 566 localvc.event-13 | DEBUG | a.p.s.l.SharedQueueManagementService : Build agent updated: null
    23:45:53.322 | 376 ool-1-worker-140 | DEBUG | d.t.c.a.a.c.u.util.UserUtilService   : Generate 2 students...
    23:45:53.325 | 376 ool-1-worker-140 | DEBUG | d.t.c.a.a.c.u.util.UserUtilService   : 2 students generated. Generate 0 tutors...
    23:45:53.327 | 376 ool-1-worker-140 | DEBUG | d.t.c.a.a.c.u.util.UserUtilService   : 0 tutors generated. Generate 0 editors...
    23:45:53.328 | 376 ool-1-worker-140 | DEBUG | d.t.c.a.a.c.u.util.UserUtilService   : 0 editors generated. Generate 0 instructors...
    23:45:53.329 | 376 ool-1-worker-140 | DEBUG | d.t.c.a.a.c.u.util.UserUtilService   : 0 instructors generated
    23:45:53.331 | 376 ool-1-worker-140 | DEBUG | d.t.c.a.a.c.u.util.UserUtilService   : Removing 2 users from all courses...
    23:45:53.331 | 376 ool-1-worker-140 | DEBUG | d.t.c.a.a.c.u.util.UserUtilService   : Removing 2 users from all courses. Done
    23:45:53.331 | 376 ool-1-worker-140 | DEBUG | d.t.c.a.a.c.u.util.UserUtilService   : Save 2 users to database...
    23:45:53.334 | 376 ool-1-worker-140 | DEBUG | d.t.c.a.a.c.u.util.UserUtilService   : Save 2 users to database. Done
    23:45:53.346 | 376 ool-1-worker-140 | INFO  | i.z.t.d.l.EmbeddedDatabaseReporter   : JDBC URL to connect to 'dataSource': url='jdbc:h2:tcp://localhost:41063/mem:df70fc46-7e57-4cb5-9cd0-c1d90c14afa7;USER=sa', scope='StudentExamAccessServiceTest#testExamExists'

  Starting logs for StudentExamAccessServiceTest > testExamBelongsToCourse()
    23:45:53.361 | 376 ool-1-worker-140 | DEBUG | d.t.c.a.a.c.u.util.UserUtilService   : Generate 2 students...
    23:45:53.365 | 376 ool-1-worker-140 | DEBUG | d.t.c.a.a.c.u.util.UserUtilService   : 2 students generated. Generate 0 tutors...
    23:45:53.367 | 376 ool-1-worker-140 | DEBUG | d.t.c.a.a.c.u.util.UserUtilService   : 0 tutors generated. Generate 0 editors...
    23:45:53.368 | 376 ool-1-worker-140 | DEBUG | d.t.c.a.a.c.u.util.UserUtilService   : 0 editors generated. Generate 0 instructors...
    23:45:53.369 | 376 ool-1-worker-140 | DEBUG | d.t.c.a.a.c.u.util.UserUtilService   : 0 instructors generated
    23:45:53.371 | 376 ool-1-worker-140 | DEBUG | d.t.c.a.a.c.u.util.UserUtilService   : Removing 2 users from all courses...
    23:45:53.371 | 376 ool-1-worker-140 | DEBUG | d.t.c.a.a.c.u.util.UserUtilService   : Removing 2 users from all courses. Done
    23:45:53.371 | 376 ool-1-worker-140 | DEBUG | d.t.c.a.a.c.u.util.UserUtilService   : Save 2 users to database...
    23:45:53.374 | 376 ool-1-worker-140 | DEBUG | d.t.c.a.a.c.u.util.UserUtilService   : Save 2 users to database. Done
    23:45:53.386 | 376 ool-1-worker-140 | INFO  | i.z.t.d.l.EmbeddedDatabaseReporter   : JDBC URL to connect to 'dataSource': url='jdbc:h2:tcp://localhost:41063/mem:df70fc46-7e57-4cb5-9cd0-c1d90c14afa7;USER=sa', scope='StudentExamAccessServiceTest#testExamBelongsToCourse'

  Starting logs for StudentExamAccessServiceTest > testExamIsLive()
    23:45:53.401 | 376 ool-1-worker-140 | DEBUG | d.t.c.a.a.c.u.util.UserUtilService   : Generate 2 students...
    23:45:53.405 | 376 ool-1-worker-140 | DEBUG | d.t.c.a.a.c.u.util.UserUtilService   : 2 students generated. Generate 0 tutors...
    23:45:53.406 | 376 ool-1-worker-140 | DEBUG | d.t.c.a.a.c.u.util.UserUtilService   : 0 tutors generated. Generate 0 editors...
    23:45:53.408 | 376 ool-1-worker-140 | DEBUG | d.t.c.a.a.c.u.util.UserUtilService   : 0 editors generated. Generate 0 instructors...
    23:45:53.409 | 376 ool-1-worker-140 | DEBUG | d.t.c.a.a.c.u.util.UserUtilService   : 0 instructors generated
    23:45:53.411 | 376 ool-1-worker-140 | DEBUG | d.t.c.a.a.c.u.util.UserUtilService   : Removing 2 users from all courses...
    23:45:53.411 | 376 ool-1-worker-140 | DEBUG | d.t.c.a.a.c.u.util.UserUtilService   : Removing 2 users from all courses. Done
    23:45:53.411 | 376 ool-1-worker-140 | DEBUG | d.t.c.a.a.c.u.util.UserUtilService   : Save 2 users to database...
    23:45:53.414 | 376 ool-1-worker-140 | DEBUG | d.t.c.a.a.c.u.util.UserUtilService   : Save 2 users to database. Done
    23:45:53.426 | 376 ool-1-worker-140 | INFO  | i.z.t.d.l.EmbeddedDatabaseReporter   : JDBC URL to connect to 'dataSource': url='jdbc:h2:tcp://localhost:41063/mem:df70fc46-7e57-4cb5-9cd0-c1d90c14afa7;USER=sa', scope='StudentExamAccessServiceTest#testExamIsLive'

  Starting logs for StudentExamAccessServiceTest > testExamIdEqualsExamOfStudentExam()
    23:45:53.450 | 376 ool-1-worker-140 | DEBUG | d.t.c.a.a.c.u.util.UserUtilService   : Generate 2 students...
    23:45:53.453 | 376 ool-1-worker-140 | DEBUG | d.t.c.a.a.c.u.util.UserUtilService   : 2 students generated. Generate 0 tutors...
    23:45:53.455 | 376 ool-1-worker-140 | DEBUG | d.t.c.a.a.c.u.util.UserUtilService   : 0 tutors generated. Generate 0 editors...
    23:45:53.456 | 376 ool-1-worker-140 | DEBUG | d.t.c.a.a.c.u.util.UserUtilService   : 0 editors generated. Generate 0 instructors...
    23:45:53.457 | 376 ool-1-worker-140 | DEBUG | d.t.c.a.a.c.u.util.UserUtilService   : 0 instructors generated
    23:45:53.459 | 376 ool-1-worker-140 | DEBUG | d.t.c.a.a.c.u.util.UserUtilService   : Removing 2 users from all courses...
    23:45:53.459 | 376 ool-1-worker-140 | DEBUG | d.t.c.a.a.c.u.util.UserUtilService   : Removing 2 users from all courses. Done
    23:45:53.459 | 376 ool-1-worker-140 | DEBUG | d.t.c.a.a.c.u.util.UserUtilService   : Save 2 users to database...
    23:45:53.463 | 376 ool-1-worker-140 | DEBUG | d.t.c.a.a.c.u.util.UserUtilService   : Save 2 users to database. Done
    23:45:53.475 | 376 ool-1-worker-140 | INFO  | i.z.t.d.l.EmbeddedDatabaseReporter   : JDBC URL to connect to 'dataSource': url='jdbc:h2:tcp://localhost:41063/mem:df70fc46-7e57-4cb5-9cd0-c1d90c14afa7;USER=sa', scope='StudentExamAccessServiceTest#testExamIdEqualsExamOfStudentExam'

  Starting logs for StudentExamAccessServiceTest > testCurrentUserIsUserOfStudentExam()
    23:45:53.489 | 376 ool-1-worker-140 | DEBUG | d.t.c.a.a.c.u.util.UserUtilService   : Generate 2 students...
    23:45:53.493 | 376 ool-1-worker-140 | DEBUG | d.t.c.a.a.c.u.util.UserUtilService   : 2 students generated. Generate 0 tutors...
    23:45:53.494 | 376 ool-1-worker-140 | DEBUG | d.t.c.a.a.c.u.util.UserUtilService   : 0 tutors generated. Generate 0 editors...
    23:45:53.495 | 376 ool-1-worker-140 | DEBUG | d.t.c.a.a.c.u.util.UserUtilService   : 0 editors generated. Generate 0 instructors...
    23:45:53.497 | 376 ool-1-worker-140 | DEBUG | d.t.c.a.a.c.u.util.UserUtilService   : 0 instructors generated
    23:45:53.498 | 376 ool-1-worker-140 | DEBUG | d.t.c.a.a.c.u.util.UserUtilService   : Removing 2 users from all courses...
    23:45:53.499 | 376 ool-1-worker-140 | DEBUG | d.t.c.a.a.c.u.util.UserUtilService   : Removing 2 users from all courses. Done
    23:45:53.499 | 376 ool-1-worker-140 | DEBUG | d.t.c.a.a.c.u.util.UserUtilService   : Save 2 users to database...
    23:45:53.502 | 376 ool-1-worker-140 | DEBUG | d.t.c.a.a.c.u.util.UserUtilService   : Save 2 users to database. Done
    23:45:53.514 | 376 ool-1-worker-140 | INFO  | i.z.t.d.l.EmbeddedDatabaseReporter   : JDBC URL to connect to 'dataSource': url='jdbc:h2:tcp://localhost:41063/mem:df70fc46-7e57-4cb5-9cd0-c1d90c14afa7;USER=sa', scope='StudentExamAccessServiceTest#testCurrentUserIsUserOfStudentExam'

  Starting logs for StudentExamAccessServiceTest > testCurrentUserHasCourseAccess()
    23:45:53.531 | 376 ool-1-worker-140 | DEBUG | d.t.c.a.a.c.u.util.UserUtilService   : Generate 2 students...
    23:45:53.535 | 376 ool-1-worker-140 | DEBUG | d.t.c.a.a.c.u.util.UserUtilService   : 2 students generated. Generate 0 tutors...
    23:45:53.536 | 376 ool-1-worker-140 | DEBUG | d.t.c.a.a.c.u.util.UserUtilService   : 0 tutors generated. Generate 0 editors...
    23:45:53.537 | 376 ool-1-worker-140 | DEBUG | d.t.c.a.a.c.u.util.UserUtilService   : 0 editors generated. Generate 0 instructors...
    23:45:53.539 | 376 ool-1-worker-140 | DEBUG | d.t.c.a.a.c.u.util.UserUtilService   : 0 instructors generated
    23:45:53.540 | 376 ool-1-worker-140 | DEBUG | d.t.c.a.a.c.u.util.UserUtilService   : Removing 2 users from all courses...
    23:45:53.541 | 376 ool-1-worker-140 | DEBUG | d.t.c.a.a.c.u.util.UserUtilService   : Removing 2 users from all courses. Done
    23:45:53.541 | 376 ool-1-worker-140 | DEBUG | d.t.c.a.a.c.u.util.UserUtilService   : Save 2 users to database...
    23:45:53.544 | 376 ool-1-worker-140 | DEBUG | d.t.c.a.a.c.u.util.UserUtilService   : Save 2 users to database. Done
    23:45:53.557 | 376 ool-1-worker-140 | INFO  | i.z.t.d.l.EmbeddedDatabaseReporter   : JDBC URL to connect to 'dataSource': url='jdbc:h2:tcp://localhost:41063/mem:df70fc46-7e57-4cb5-9cd0-c1d90c14afa7;USER=sa', scope='StudentExamAccessServiceTest#testCurrentUserHasCourseAccess'

  Starting logs for StudentExamAccessServiceTest > testUserIsRegisteredForExam()
    23:45:53.570 | 376 ool-1-worker-140 | DEBUG | d.t.c.a.a.c.u.util.UserUtilService   : Generate 2 students...
    23:45:53.574 | 376 ool-1-worker-140 | DEBUG | d.t.c.a.a.c.u.util.UserUtilService   : 2 students generated. Generate 0 tutors...
    23:45:53.575 | 376 ool-1-worker-140 | DEBUG | d.t.c.a.a.c.u.util.UserUtilService   : 0 tutors generated. Generate 0 editors...
    23:45:53.577 | 376 ool-1-worker-140 | DEBUG | d.t.c.a.a.c.u.util.UserUtilService   : 0 editors generated. Generate 0 instructors...
    23:45:53.578 | 376 ool-1-worker-140 | DEBUG | d.t.c.a.a.c.u.util.UserUtilService   : 0 instructors generated
    23:45:53.579 | 376 ool-1-worker-140 | DEBUG | d.t.c.a.a.c.u.util.UserUtilService   : Removing 2 users from all courses...
    23:45:53.580 | 376 ool-1-worker-140 | DEBUG | d.t.c.a.a.c.u.util.UserUtilService   : Removing 2 users from all courses. Done
    23:45:53.580 | 376 ool-1-worker-140 | DEBUG | d.t.c.a.a.c.u.util.UserUtilService   : Save 2 users to database...
    23:45:53.584 | 376 ool-1-worker-140 | DEBUG | d.t.c.a.a.c.u.util.UserUtilService   : Save 2 users to database. Done
    23:45:53.597 | 376 ool-1-worker-140 | INFO  | i.z.t.d.l.EmbeddedDatabaseReporter   : JDBC URL to connect to 'dataSource': url='jdbc:h2:tcp://localhost:41063/mem:df70fc46-7e57-4cb5-9cd0-c1d90c14afa7;USER=sa', scope='StudentExamAccessServiceTest#testUserIsRegisteredForExam'

Finished logs for StudentExamAccessServiceTest
]]></system-out>
  <system-err><![CDATA[]]></system-err>
</testsuite>
