<?xml version="1.0" encoding="UTF-8"?>
<testsuite name="de.tum.cit.aet.artemis.atlas.learningpath.LearningPathIntegrationTest$GenerateLearningPath" tests="3" skipped="0" failures="0" errors="0" timestamp="2025-02-14T23:43:20" hostname="fv-az1721-502" time="0.478">
  <properties/>
  <testcase name="shouldReturnForbiddenIfNotEnabled()" classname="de.tum.cit.aet.artemis.atlas.learningpath.LearningPathIntegrationTest$GenerateLearningPath" time="0.12"/>
  <testcase name="shouldGenerateLearningPath()" classname="de.tum.cit.aet.artemis.atlas.learningpath.LearningPathIntegrationTest$GenerateLearningPath" time="0.142"/>
  <testcase name="shouldReturnBadRequestIfAlreadyExists()" classname="de.tum.cit.aet.artemis.atlas.learningpath.LearningPathIntegrationTest$GenerateLearningPath" time="0.212"/>
  <system-out><![CDATA[
Starting logs for GenerateLearningPath

  Starting logs for GenerateLearningPath > shouldReturnForbiddenIfNotEnabled()
    23:43:20.637 | 123 Pool-1-worker-38 | DEBUG | d.t.c.a.a.c.u.util.UserUtilService   : Generate 5 students...
    23:43:20.644 | 123 Pool-1-worker-38 | DEBUG | d.t.c.a.a.c.u.util.UserUtilService   : 5 students generated. Generate 1 tutors...
    23:43:20.646 | 123 Pool-1-worker-38 | DEBUG | d.t.c.a.a.c.u.util.UserUtilService   : 1 tutors generated. Generate 1 editors...
    23:43:20.648 | 123 Pool-1-worker-38 | DEBUG | d.t.c.a.a.c.u.util.UserUtilService   : 1 editors generated. Generate 1 instructors...
    23:43:20.650 | 123 Pool-1-worker-38 | DEBUG | d.t.c.a.a.c.u.util.UserUtilService   : 1 instructors generated
    23:43:20.651 | 123 Pool-1-worker-38 | DEBUG | d.t.c.a.a.c.u.util.UserUtilService   : Removing 8 users from all courses...
    23:43:20.652 | 123 Pool-1-worker-38 | DEBUG | d.t.c.a.a.c.u.util.UserUtilService   : Removing 8 users from all courses. Done
    23:43:20.653 | 123 Pool-1-worker-38 | DEBUG | d.t.c.a.a.c.u.util.UserUtilService   : Save 8 users to database...
    23:43:20.664 | 123 Pool-1-worker-38 | DEBUG | d.t.c.a.a.c.u.util.UserUtilService   : Save 8 users to database. Done
    23:43:20.696 | 123 Pool-1-worker-38 | DEBUG | .c.s.m.InstanceMessageReceiveService : Received schedule participant score for exercise 932 and participant 107 (result to be deleted: null)
    23:43:20.696 | 123 Pool-1-worker-38 | DEBUG | .a.s.ParticipantScoreScheduleService : Scheduled task for exercise 932 and participant 107 at 2025-02-14T23:43:20.796474128Z[Etc/UTC].
    23:43:20.696 | 123 Pool-1-worker-38 | DEBUG | .c.s.m.InstanceMessageReceiveService : Received schedule participant score for exercise 932 and participant 107 (result to be deleted: null)
    23:43:20.696 | 123 Pool-1-worker-38 | DEBUG | .a.s.ParticipantScoreScheduleService : Scheduled task for exercise 932 and participant 107 at 2025-02-14T23:43:20.796908328Z[Etc/UTC].
    23:43:20.697 | 123 Pool-1-worker-38 | DEBUG | .c.s.m.InstanceMessageReceiveService : Received schedule participant score for exercise 933 and participant 107 (result to be deleted: null)
    23:43:20.697 | 123 Pool-1-worker-38 | DEBUG | .a.s.ParticipantScoreScheduleService : Scheduled task for exercise 933 and participant 107 at 2025-02-14T23:43:20.797322310Z[Etc/UTC].
    23:43:20.697 | 123 Pool-1-worker-38 | DEBUG | .c.s.m.InstanceMessageReceiveService : Received schedule participant score for exercise 935 and participant 107 (result to be deleted: null)
    23:43:20.697 | 123 Pool-1-worker-38 | DEBUG | .a.s.ParticipantScoreScheduleService : Scheduled task for exercise 935 and participant 107 at 2025-02-14T23:43:20.797713810Z[Etc/UTC].
    23:43:20.698 | 123 Pool-1-worker-38 | DEBUG | .c.s.m.InstanceMessageReceiveService : Received schedule participant score for exercise 935 and participant 107 (result to be deleted: null)
    23:43:20.698 | 123 Pool-1-worker-38 | DEBUG | .a.s.ParticipantScoreScheduleService : Scheduled task for exercise 935 and participant 107 at 2025-02-14T23:43:20.798129725Z[Etc/UTC].
    23:43:20.702 | 123 Pool-1-worker-38 | DEBUG | .c.s.m.InstanceMessageReceiveService : Received schedule participant score for exercise 932 and participant 107 (result to be deleted: null)
    23:43:20.702 | 123 Pool-1-worker-38 | DEBUG | .a.s.ParticipantScoreScheduleService : Scheduled task for exercise 932 and participant 107 at 2025-02-14T23:43:20.802248657Z[Etc/UTC].
    23:43:20.706 | 123 Pool-1-worker-38 | DEBUG | .c.s.m.InstanceMessageReceiveService : Received schedule participant score for exercise 932 and participant 107 (result to be deleted: null)
    23:43:20.706 | 123 Pool-1-worker-38 | DEBUG | .a.s.ParticipantScoreScheduleService : Scheduled task for exercise 932 and participant 107 at 2025-02-14T23:43:20.806455712Z[Etc/UTC].
    23:43:20.710 | 123 Pool-1-worker-38 | DEBUG | .c.s.m.InstanceMessageReceiveService : Received schedule participant score for exercise 933 and participant 107 (result to be deleted: null)
    23:43:20.710 | 123 Pool-1-worker-38 | DEBUG | .a.s.ParticipantScoreScheduleService : Scheduled task for exercise 933 and participant 107 at 2025-02-14T23:43:20.810824629Z[Etc/UTC].
    23:43:20.715 | 123 Pool-1-worker-38 | DEBUG | .c.s.m.InstanceMessageReceiveService : Received schedule participant score for exercise 935 and participant 107 (result to be deleted: null)
    23:43:20.715 | 123 Pool-1-worker-38 | DEBUG | .a.s.ParticipantScoreScheduleService : Scheduled task for exercise 935 and participant 107 at 2025-02-14T23:43:20.815451778Z[Etc/UTC].
    23:43:20.719 | 123 Pool-1-worker-38 | DEBUG | .c.s.m.InstanceMessageReceiveService : Received schedule participant score for exercise 935 and participant 107 (result to be deleted: null)
    23:43:20.719 | 123 Pool-1-worker-38 | DEBUG | .a.s.ParticipantScoreScheduleService : Scheduled task for exercise 935 and participant 107 at 2025-02-14T23:43:20.819667189Z[Etc/UTC].
    23:43:20.738 | 123 Pool-1-worker-38 | INFO  | i.z.t.d.l.EmbeddedDatabaseReporter   : JDBC URL to connect to 'dataSource': url='jdbc:h2:tcp://localhost:41063/mem:df70fc46-7e57-4cb5-9cd0-c1d90c14afa7;USER=sa', scope='GenerateLearningPath#shouldReturnForbiddenIfNotEnabled'
    23:43:20.739 | 123 Pool-1-worker-38 | DEBUG | d.t.c.a.a.c.s.f.ApiVersionFilter     : Adding Version to Request POST /api/courses/822/learning-path
    23:43:20.744 | 123 Pool-1-worker-38 | DEBUG | d.t.c.a.a.a.web.LearningPathResource : REST request to generate learning path for current user in course with id: 822
    23:43:20.744 | 123 Pool-1-worker-38 | WARN  | o.z.p.spring.common.AdviceTraits     : Bad Request: Learning paths are not enabled for this course.

  Starting logs for GenerateLearningPath > shouldGenerateLearningPath()
    23:43:20.756 | 123 Pool-1-worker-38 | DEBUG | d.t.c.a.a.c.u.util.UserUtilService   : Generate 5 students...
    23:43:20.762 | 123 Pool-1-worker-38 | DEBUG | d.t.c.a.a.c.u.util.UserUtilService   : 5 students generated. Generate 1 tutors...
    23:43:20.764 | 123 Pool-1-worker-38 | DEBUG | d.t.c.a.a.c.u.util.UserUtilService   : 1 tutors generated. Generate 1 editors...
    23:43:20.766 | 123 Pool-1-worker-38 | DEBUG | d.t.c.a.a.c.u.util.UserUtilService   : 1 editors generated. Generate 1 instructors...
    23:43:20.769 | 123 Pool-1-worker-38 | DEBUG | d.t.c.a.a.c.u.util.UserUtilService   : 1 instructors generated
    23:43:20.770 | 123 Pool-1-worker-38 | DEBUG | d.t.c.a.a.c.u.util.UserUtilService   : Removing 8 users from all courses...
    23:43:20.771 | 123 Pool-1-worker-38 | DEBUG | d.t.c.a.a.c.u.util.UserUtilService   : Removing 8 users from all courses. Done
    23:43:20.771 | 123 Pool-1-worker-38 | DEBUG | d.t.c.a.a.c.u.util.UserUtilService   : Save 8 users to database...
    23:43:20.782 | 123 Pool-1-worker-38 | DEBUG | d.t.c.a.a.c.u.util.UserUtilService   : Save 8 users to database. Done
    23:43:20.813 | 123 Pool-1-worker-38 | DEBUG | .c.s.m.InstanceMessageReceiveService : Received schedule participant score for exercise 938 and participant 107 (result to be deleted: null)
    23:43:20.813 | 123 Pool-1-worker-38 | DEBUG | .a.s.ParticipantScoreScheduleService : Scheduled task for exercise 938 and participant 107 at 2025-02-14T23:43:20.913344339Z[Etc/UTC].
    23:43:20.813 | 123 Pool-1-worker-38 | DEBUG | .c.s.m.InstanceMessageReceiveService : Received schedule participant score for exercise 938 and participant 107 (result to be deleted: null)
    23:43:20.813 | 123 Pool-1-worker-38 | DEBUG | .a.s.ParticipantScoreScheduleService : Scheduled task for exercise 938 and participant 107 at 2025-02-14T23:43:20.913796001Z[Etc/UTC].
    23:43:20.814 | 123 Pool-1-worker-38 | DEBUG | .c.s.m.InstanceMessageReceiveService : Received schedule participant score for exercise 939 and participant 107 (result to be deleted: null)
    23:43:20.814 | 123 Pool-1-worker-38 | DEBUG | .a.s.ParticipantScoreScheduleService : Scheduled task for exercise 939 and participant 107 at 2025-02-14T23:43:20.914263944Z[Etc/UTC].
    23:43:20.814 | 123 Pool-1-worker-38 | DEBUG | .c.s.m.InstanceMessageReceiveService : Received schedule participant score for exercise 941 and participant 107 (result to be deleted: null)
    23:43:20.814 | 123 Pool-1-worker-38 | DEBUG | .a.s.ParticipantScoreScheduleService : Scheduled task for exercise 941 and participant 107 at 2025-02-14T23:43:20.914686602Z[Etc/UTC].
    23:43:20.815 | 123 Pool-1-worker-38 | DEBUG | .c.s.m.InstanceMessageReceiveService : Received schedule participant score for exercise 941 and participant 107 (result to be deleted: null)
    23:43:20.815 | 123 Pool-1-worker-38 | DEBUG | .a.s.ParticipantScoreScheduleService : Scheduled task for exercise 941 and participant 107 at 2025-02-14T23:43:20.915129067Z[Etc/UTC].
    23:43:20.819 | 123 Pool-1-worker-38 | DEBUG | .c.s.m.InstanceMessageReceiveService : Received schedule participant score for exercise 938 and participant 107 (result to be deleted: null)
    23:43:20.819 | 123 Pool-1-worker-38 | DEBUG | .a.s.ParticipantScoreScheduleService : Scheduled task for exercise 938 and participant 107 at 2025-02-14T23:43:20.919454123Z[Etc/UTC].
    23:43:20.823 | 123 Pool-1-worker-38 | DEBUG | .c.s.m.InstanceMessageReceiveService : Received schedule participant score for exercise 938 and participant 107 (result to be deleted: null)
    23:43:20.823 | 123 Pool-1-worker-38 | DEBUG | .a.s.ParticipantScoreScheduleService : Scheduled task for exercise 938 and participant 107 at 2025-02-14T23:43:20.923624690Z[Etc/UTC].
    23:43:20.828 | 123 Pool-1-worker-38 | DEBUG | .c.s.m.InstanceMessageReceiveService : Received schedule participant score for exercise 939 and participant 107 (result to be deleted: null)
    23:43:20.828 | 123 Pool-1-worker-38 | DEBUG | .a.s.ParticipantScoreScheduleService : Scheduled task for exercise 939 and participant 107 at 2025-02-14T23:43:20.928149438Z[Etc/UTC].
    23:43:20.832 | 123 Pool-1-worker-38 | DEBUG | .c.s.m.InstanceMessageReceiveService : Received schedule participant score for exercise 941 and participant 107 (result to be deleted: null)
    23:43:20.832 | 123 Pool-1-worker-38 | DEBUG | .a.s.ParticipantScoreScheduleService : Scheduled task for exercise 941 and participant 107 at 2025-02-14T23:43:20.932757100Z[Etc/UTC].
    23:43:20.836 | 123 Pool-1-worker-38 | DEBUG | .c.s.m.InstanceMessageReceiveService : Received schedule participant score for exercise 941 and participant 107 (result to be deleted: null)
    23:43:20.837 | 123 Pool-1-worker-38 | DEBUG | .a.s.ParticipantScoreScheduleService : Scheduled task for exercise 941 and participant 107 at 2025-02-14T23:43:20.937010322Z[Etc/UTC].
    23:43:20.859 | 123 Pool-1-worker-38 | INFO  | i.z.t.d.l.EmbeddedDatabaseReporter   : JDBC URL to connect to 'dataSource': url='jdbc:h2:tcp://localhost:41063/mem:df70fc46-7e57-4cb5-9cd0-c1d90c14afa7;USER=sa', scope='GenerateLearningPath#shouldGenerateLearningPath'
    23:43:20.867 | 123 Pool-1-worker-38 | DEBUG | d.t.c.a.a.c.s.f.ApiVersionFilter     : Adding Version to Request POST /api/courses/824/learning-path
    23:43:20.869 | 123 Pool-1-worker-38 | DEBUG | d.t.c.a.a.a.web.LearningPathResource : REST request to generate learning path for current user in course with id: 824
    23:43:20.874 | 123 Pool-1-worker-38 | DEBUG | d.t.c.a.a.a.s.l.LearningPathService  : Created LearningPath (id=132) for user (id=107) in course (id=824)
    23:43:20.879 | 123 Pool-1-worker-38 | DEBUG | d.t.c.a.a.a.s.l.LearningPathService  : Updated LearningPath (id=132) for user (id=107)

  Starting logs for GenerateLearningPath > shouldReturnBadRequestIfAlreadyExists()
    23:43:20.902 | 123 Pool-1-worker-38 | DEBUG | d.t.c.a.a.c.u.util.UserUtilService   : Generate 5 students...
    23:43:20.910 | 123 Pool-1-worker-38 | DEBUG | d.t.c.a.a.c.u.util.UserUtilService   : 5 students generated. Generate 1 tutors...
    23:43:20.913 | 123 Pool-1-worker-38 | DEBUG | d.t.c.a.a.c.u.util.UserUtilService   : 1 tutors generated. Generate 1 editors...
    23:43:20.916 | 123 Pool-1-worker-38 | DEBUG | d.t.c.a.a.c.u.util.UserUtilService   : 1 editors generated. Generate 1 instructors...
    23:43:20.918 | 123 Pool-1-worker-38 | DEBUG | d.t.c.a.a.c.u.util.UserUtilService   : 1 instructors generated
    23:43:20.920 | 123 Pool-1-worker-38 | DEBUG | d.t.c.a.a.c.u.util.UserUtilService   : Removing 8 users from all courses...
    23:43:20.921 | 123 Pool-1-worker-38 | DEBUG | d.t.c.a.a.c.u.util.UserUtilService   : Removing 8 users from all courses. Done
    23:43:20.921 | 123 Pool-1-worker-38 | DEBUG | d.t.c.a.a.c.u.util.UserUtilService   : Save 8 users to database...
    23:43:20.939 | 123 Pool-1-worker-38 | DEBUG | d.t.c.a.a.c.u.util.UserUtilService   : Save 8 users to database. Done
    23:43:20.985 | 123 Pool-1-worker-38 | DEBUG | .c.s.m.InstanceMessageReceiveService : Received schedule participant score for exercise 944 and participant 107 (result to be deleted: null)
    23:43:20.985 | 123 Pool-1-worker-38 | DEBUG | .a.s.ParticipantScoreScheduleService : Scheduled task for exercise 944 and participant 107 at 2025-02-14T23:43:21.085391384Z[Etc/UTC].
    23:43:20.985 | 123 Pool-1-worker-38 | DEBUG | .c.s.m.InstanceMessageReceiveService : Received schedule participant score for exercise 944 and participant 107 (result to be deleted: null)
    23:43:20.985 | 123 Pool-1-worker-38 | DEBUG | .a.s.ParticipantScoreScheduleService : Scheduled task for exercise 944 and participant 107 at 2025-02-14T23:43:21.085945558Z[Etc/UTC].
    23:43:20.986 | 123 Pool-1-worker-38 | DEBUG | .c.s.m.InstanceMessageReceiveService : Received schedule participant score for exercise 945 and participant 107 (result to be deleted: null)
    23:43:20.986 | 123 Pool-1-worker-38 | DEBUG | .a.s.ParticipantScoreScheduleService : Scheduled task for exercise 945 and participant 107 at 2025-02-14T23:43:21.086480134Z[Etc/UTC].
    23:43:20.986 | 123 Pool-1-worker-38 | DEBUG | .c.s.m.InstanceMessageReceiveService : Received schedule participant score for exercise 947 and participant 107 (result to be deleted: null)
    23:43:20.986 | 123 Pool-1-worker-38 | DEBUG | .a.s.ParticipantScoreScheduleService : Scheduled task for exercise 947 and participant 107 at 2025-02-14T23:43:21.086977562Z[Etc/UTC].
    23:43:20.987 | 123 Pool-1-worker-38 | DEBUG | .c.s.m.InstanceMessageReceiveService : Received schedule participant score for exercise 947 and participant 107 (result to be deleted: null)
    23:43:20.987 | 123 Pool-1-worker-38 | DEBUG | .a.s.ParticipantScoreScheduleService : Scheduled task for exercise 947 and participant 107 at 2025-02-14T23:43:21.087499645Z[Etc/UTC].
    23:43:20.996 | 123 Pool-1-worker-38 | DEBUG | .c.s.m.InstanceMessageReceiveService : Received schedule participant score for exercise 944 and participant 107 (result to be deleted: null)
    23:43:20.997 | 123 Pool-1-worker-38 | DEBUG | .a.s.ParticipantScoreScheduleService : Scheduled task for exercise 944 and participant 107 at 2025-02-14T23:43:21.097054914Z[Etc/UTC].
    23:43:21.004 | 123 Pool-1-worker-38 | DEBUG | .c.s.m.InstanceMessageReceiveService : Received schedule participant score for exercise 944 and participant 107 (result to be deleted: null)
    23:43:21.004 | 123 Pool-1-worker-38 | DEBUG | .a.s.ParticipantScoreScheduleService : Scheduled task for exercise 944 and participant 107 at 2025-02-14T23:43:21.104399400Z[Etc/UTC].
    23:43:21.011 | 123 Pool-1-worker-38 | DEBUG | .c.s.m.InstanceMessageReceiveService : Received schedule participant score for exercise 945 and participant 107 (result to be deleted: null)
    23:43:21.011 | 123 Pool-1-worker-38 | DEBUG | .a.s.ParticipantScoreScheduleService : Scheduled task for exercise 945 and participant 107 at 2025-02-14T23:43:21.111562999Z[Etc/UTC].
    23:43:21.019 | 123 Pool-1-worker-38 | DEBUG | .c.s.m.InstanceMessageReceiveService : Received schedule participant score for exercise 947 and participant 107 (result to be deleted: null)
    23:43:21.019 | 123 Pool-1-worker-38 | DEBUG | .a.s.ParticipantScoreScheduleService : Scheduled task for exercise 947 and participant 107 at 2025-02-14T23:43:21.119449055Z[Etc/UTC].
    23:43:21.026 | 123 Pool-1-worker-38 | DEBUG | .c.s.m.InstanceMessageReceiveService : Received schedule participant score for exercise 947 and participant 107 (result to be deleted: null)
    23:43:21.026 | 123 Pool-1-worker-38 | DEBUG | .a.s.ParticipantScoreScheduleService : Scheduled task for exercise 947 and participant 107 at 2025-02-14T23:43:21.126594139Z[Etc/UTC].
    23:43:21.039 | 566 localvc.event-13 | DEBUG | a.a.b.s.SharedQueueProcessingService : CIBuildJobQueueItem added to queue: BuildJobQueueItem[id=5001739576601035, name=SHORT582B1BDC0A17704D6D0A46800FC19163DA47TSTEXC-LOCALCIINTSTUDENT1, buildAgent=BuildAgentDTO[name=null, memberAddress=null, displayName=null], participationId=500, courseId=160, exerciseId=311, retryCount=0, priority=2, status=null, repositoryInfo=RepositoryInfo[repositoryName=short582b1bdc0a17704d6d0a46800fc19163da47tstexc-localciintstudent1, repositoryType=user, triggeredByPushTo=user, assignmentRepositoryUri=http://localhost:49152/git/SHORT582B1BDC0A17704D6D0A46800FC19163DA47TSTEXC/short582b1bdc0a17704d6d0a46800fc19163da47tstexc-localciintstudent1.git, testRepositoryUri=http://localhost:49152/git/SHORT582B1BDC0A17704D6D0A46800FC19163DA47TSTEXC/short582b1bdc0a17704d6d0a46800fc19163da47tstexc-tests.git, solutionRepositoryUri=null, auxiliaryRepositoryUris=[Ljava.lang.String;@371a4686, auxiliaryRepositoryCheckoutDirectories=[Ljava.lang.String;@66bc091c], jobTimingInfo=JobTimingInfo[submissionDate=2025-02-14T23:43:21.035120760Z[Etc/UTC], buildStartDate=null, buildCompletionDate=null, estimatedCompletionDate=null, estimatedDuration=19], buildConfig=BuildConfig[buildScript=#!/bin/bash
cd /var/tmp/testing-dir
chmod +x ./gradlew
./gradlew clean test
, dockerImage=dummy-docker-image:latest, commitHashToBuild=887566cf754016f986627cf5c5c365dea16c907f, assignmentCommitHash=887566cf754016f986627cf5c5c365dea16c907f, testCommitHash=6af67146332066e7430917928a4b9b81c43b7c71, branch=main, programmingLanguage=JAVA, projectType=PLAIN_GRADLE, scaEnabled=false, sequentialTestRunsEnabled=false, resultPaths=[/var/tmp/testing-dir/**/test-results/test/*.xml], timeoutSeconds=0, assignmentCheckoutPath=customAssignmentPath, testCheckoutPath=null, solutionCheckoutPath=null, dockerRunConfig=null], submissionResult=null]
    23:43:21.039 | 566 localvc.event-13 | DEBUG | a.a.b.s.SharedQueueProcessingService : Current queued items: 1
    23:43:21.039 | 566 localvc.event-13 | DEBUG | a.a.b.s.SharedQueueProcessingService : Currently processing jobs on this node: 0, active threads in Pool: 0, maximum pool size of thread executor : 1
    23:43:21.040 | 566 localvc.event-13 | DEBUG | a.a.b.s.SharedQueueProcessingService : Currently processing jobs on this node: 0, active threads in Pool: 0, maximum pool size of thread executor : 1
    23:43:21.040 | 565 localvc.event-12 | DEBUG | a.p.s.l.LocalCIQueueWebsocketService : CIBuildJobQueueItem added to processing jobs: BuildJobQueueItem[id=5001739576601035, name=SHORT582B1BDC0A17704D6D0A46800FC19163DA47TSTEXC-LOCALCIINTSTUDENT1, buildAgent=BuildAgentDTO[name=artemis-build-agent-test, memberAddress=[127.0.0.1]:5703, displayName=artemis-build-agent-test], participationId=500, courseId=160, exerciseId=311, retryCount=0, priority=2, status=null, repositoryInfo=RepositoryInfo[repositoryName=short582b1bdc0a17704d6d0a46800fc19163da47tstexc-localciintstudent1, repositoryType=user, triggeredByPushTo=user, assignmentRepositoryUri=http://localhost:49152/git/SHORT582B1BDC0A17704D6D0A46800FC19163DA47TSTEXC/short582b1bdc0a17704d6d0a46800fc19163da47tstexc-localciintstudent1.git, testRepositoryUri=http://localhost:49152/git/SHORT582B1BDC0A17704D6D0A46800FC19163DA47TSTEXC/short582b1bdc0a17704d6d0a46800fc19163da47tstexc-tests.git, solutionRepositoryUri=null, auxiliaryRepositoryUris=[Ljava.lang.String;@319eb00e, auxiliaryRepositoryCheckoutDirectories=[Ljava.lang.String;@6e59d1c9], jobTimingInfo=JobTimingInfo[submissionDate=2025-02-14T23:43:21.035120760Z[Etc/UTC], buildStartDate=2025-02-14T23:43:21.040320383Z[Etc/UTC], buildCompletionDate=null, estimatedCompletionDate=2025-02-14T23:43:40.040312057Z[Etc/UTC], estimatedDuration=19], buildConfig=BuildConfig[buildScript=#!/bin/bash
cd /var/tmp/testing-dir
chmod +x ./gradlew
./gradlew clean test
, dockerImage=dummy-docker-image:latest, commitHashToBuild=887566cf754016f986627cf5c5c365dea16c907f, assignmentCommitHash=887566cf754016f986627cf5c5c365dea16c907f, testCommitHash=6af67146332066e7430917928a4b9b81c43b7c71, branch=main, programmingLanguage=JAVA, projectType=PLAIN_GRADLE, scaEnabled=false, sequentialTestRunsEnabled=false, resultPaths=[/var/tmp/testing-dir/**/test-results/test/*.xml], timeoutSeconds=0, assignmentCheckoutPath=customAssignmentPath, testCheckoutPath=null, solutionCheckoutPath=null, dockerRunConfig=null], submissionResult=null]
    23:43:21.041 | 565 localvc.event-12 | DEBUG | s.l.LocalCIWebsocketMessagingService : Sending message on topic /topic/admin/running-jobs: [BuildJobQueueItem[id=5001739576601035, name=SHORT582B1BDC0A17704D6D0A46800FC19163DA47TSTEXC-LOCALCIINTSTUDENT1, buildAgent=BuildAgentDTO[name=artemis-build-agent-test, memberAddress=[127.0.0.1]:5703, displayName=artemis-build-agent-test], participationId=500, courseId=160, exerciseId=311, retryCount=0, priority=2, status=null, repositoryInfo=RepositoryInfo[repositoryName=short582b1bdc0a17704d6d0a46800fc19163da47tstexc-localciintstudent1, repositoryType=user, triggeredByPushTo=user, assignmentRepositoryUri=, testRepositoryUri=, solutionRepositoryUri=, auxiliaryRepositoryUris=null, auxiliaryRepositoryCheckoutDirectories=null], jobTimingInfo=JobTimingInfo[submissionDate=2025-02-14T23:43:21.035120760Z[Etc/UTC], buildStartDate=2025-02-14T23:43:21.040320383Z[Etc/UTC], buildCompletionDate=null, estimatedCompletionDate=2025-02-14T23:43:40.040312057Z[Etc/UTC], estimatedDuration=19], buildConfig=BuildConfig[buildScript=, dockerImage=, commitHashToBuild=887566cf754016f986627cf5c5c365dea16c907f, assignmentCommitHash=, testCommitHash=, branch=, programmingLanguage=null, projectType=null, scaEnabled=false, sequentialTestRunsEnabled=false, resultPaths=null, timeoutSeconds=0, assignmentCheckoutPath=, testCheckoutPath=, solutionCheckoutPath=, dockerRunConfig=null], submissionResult=null]]
    23:43:21.042 | 565 localvc.event-12 | DEBUG | s.l.LocalCIWebsocketMessagingService : Sending message on topic /topic/courses/160/running-jobs: [BuildJobQueueItem[id=5001739576601035, name=SHORT582B1BDC0A17704D6D0A46800FC19163DA47TSTEXC-LOCALCIINTSTUDENT1, buildAgent=BuildAgentDTO[name=artemis-build-agent-test, memberAddress=[127.0.0.1]:5703, displayName=artemis-build-agent-test], participationId=500, courseId=160, exerciseId=311, retryCount=0, priority=2, status=null, repositoryInfo=RepositoryInfo[repositoryName=short582b1bdc0a17704d6d0a46800fc19163da47tstexc-localciintstudent1, repositoryType=user, triggeredByPushTo=user, assignmentRepositoryUri=, testRepositoryUri=, solutionRepositoryUri=, auxiliaryRepositoryUris=null, auxiliaryRepositoryCheckoutDirectories=null], jobTimingInfo=JobTimingInfo[submissionDate=2025-02-14T23:43:21.035120760Z[Etc/UTC], buildStartDate=2025-02-14T23:43:21.040320383Z[Etc/UTC], buildCompletionDate=null, estimatedCompletionDate=2025-02-14T23:43:40.040312057Z[Etc/UTC], estimatedDuration=19], buildConfig=BuildConfig[buildScript=, dockerImage=, commitHashToBuild=887566cf754016f986627cf5c5c365dea16c907f, assignmentCommitHash=, testCommitHash=, branch=, programmingLanguage=null, projectType=null, scaEnabled=false, sequentialTestRunsEnabled=false, resultPaths=null, timeoutSeconds=0, assignmentCheckoutPath=, testCheckoutPath=, solutionCheckoutPath=, dockerRunConfig=null], submissionResult=null]]
    23:43:21.051 | 566 localvc.event-13 | INFO  | a.a.b.s.SharedQueueProcessingService : Processing build job: BuildJobQueueItem[id=5001739576601035, name=SHORT582B1BDC0A17704D6D0A46800FC19163DA47TSTEXC-LOCALCIINTSTUDENT1, buildAgent=BuildAgentDTO[name=artemis-build-agent-test, memberAddress=[127.0.0.1]:5703, displayName=artemis-build-agent-test], participationId=500, courseId=160, exerciseId=311, retryCount=0, priority=2, status=null, repositoryInfo=RepositoryInfo[repositoryName=short582b1bdc0a17704d6d0a46800fc19163da47tstexc-localciintstudent1, repositoryType=user, triggeredByPushTo=user, assignmentRepositoryUri=http://localhost:49152/git/SHORT582B1BDC0A17704D6D0A46800FC19163DA47TSTEXC/short582b1bdc0a17704d6d0a46800fc19163da47tstexc-localciintstudent1.git, testRepositoryUri=http://localhost:49152/git/SHORT582B1BDC0A17704D6D0A46800FC19163DA47TSTEXC/short582b1bdc0a17704d6d0a46800fc19163da47tstexc-tests.git, solutionRepositoryUri=null, auxiliaryRepositoryUris=[Ljava.lang.String;@b1f6261, auxiliaryRepositoryCheckoutDirectories=[Ljava.lang.String;@67e36e6f], jobTimingInfo=JobTimingInfo[submissionDate=2025-02-14T23:43:21.035120760Z[Etc/UTC], buildStartDate=2025-02-14T23:43:21.040320383Z[Etc/UTC], buildCompletionDate=null, estimatedCompletionDate=2025-02-14T23:43:40.040312057Z[Etc/UTC], estimatedDuration=19], buildConfig=BuildConfig[buildScript=#!/bin/bash
cd /var/tmp/testing-dir
chmod +x ./gradlew
./gradlew clean test
, dockerImage=dummy-docker-image:latest, commitHashToBuild=887566cf754016f986627cf5c5c365dea16c907f, assignmentCommitHash=887566cf754016f986627cf5c5c365dea16c907f, testCommitHash=6af67146332066e7430917928a4b9b81c43b7c71, branch=main, programmingLanguage=JAVA, projectType=PLAIN_GRADLE, scaEnabled=false, sequentialTestRunsEnabled=false, resultPaths=[/var/tmp/testing-dir/**/test-results/test/*.xml], timeoutSeconds=0, assignmentCheckoutPath=customAssignmentPath, testCheckoutPath=null, solutionCheckoutPath=null, dockerRunConfig=null], submissionResult=null]
    23:43:21.054 | 123 Pool-1-worker-38 | INFO  | i.z.t.d.l.EmbeddedDatabaseReporter   : JDBC URL to connect to 'dataSource': url='jdbc:h2:tcp://localhost:41063/mem:df70fc46-7e57-4cb5-9cd0-c1d90c14afa7;USER=sa', scope='GenerateLearningPath#shouldReturnBadRequestIfAlreadyExists'
    23:43:21.060 | 123 Pool-1-worker-38 | DEBUG | d.t.c.a.a.a.s.l.LearningPathService  : Created LearningPath (id=133) for user (id=107) in course (id=826)
    23:43:21.066 | 123 Pool-1-worker-38 | DEBUG | d.t.c.a.a.a.s.l.LearningPathService  : Updated LearningPath (id=133) for user (id=107)
    23:43:21.067 | 123 Pool-1-worker-38 | DEBUG | d.t.c.a.a.a.s.l.LearningPathService  : Created LearningPath (id=134) for user (id=108) in course (id=826)
    23:43:21.072 | 123 Pool-1-worker-38 | DEBUG | d.t.c.a.a.a.s.l.LearningPathService  : Updated LearningPath (id=134) for user (id=108)
    23:43:21.073 | 123 Pool-1-worker-38 | DEBUG | d.t.c.a.a.a.s.l.LearningPathService  : Created LearningPath (id=135) for user (id=109) in course (id=826)
    23:43:21.078 | 123 Pool-1-worker-38 | DEBUG | d.t.c.a.a.a.s.l.LearningPathService  : Updated LearningPath (id=135) for user (id=109)
    23:43:21.079 | 123 Pool-1-worker-38 | DEBUG | d.t.c.a.a.a.s.l.LearningPathService  : Created LearningPath (id=136) for user (id=110) in course (id=826)
    23:43:21.084 | 123 Pool-1-worker-38 | DEBUG | d.t.c.a.a.a.s.l.LearningPathService  : Updated LearningPath (id=136) for user (id=110)
    23:43:21.085 | 123 Pool-1-worker-38 | DEBUG | d.t.c.a.a.a.s.l.LearningPathService  : Created LearningPath (id=137) for user (id=111) in course (id=826)
    23:43:21.090 | 123 Pool-1-worker-38 | DEBUG | d.t.c.a.a.a.s.l.LearningPathService  : Updated LearningPath (id=137) for user (id=111)
    23:43:21.090 | 123 Pool-1-worker-38 | DEBUG | d.t.c.a.a.a.s.l.LearningPathService  : Successfully created learning paths for all 5 students in course (id=826)
    23:43:21.094 | 123 Pool-1-worker-38 | DEBUG | d.t.c.a.a.c.s.f.ApiVersionFilter     : Adding Version to Request POST /api/courses/826/learning-path
    23:43:21.096 | 123 Pool-1-worker-38 | DEBUG | d.t.c.a.a.a.web.LearningPathResource : REST request to generate learning path for current user in course with id: 826
    23:43:21.100 | 123 Pool-1-worker-38 | WARN  | o.z.p.spring.common.AdviceTraits     : Conflict: Learning path already exists.

Finished logs for GenerateLearningPath
]]></system-out>
  <system-err><![CDATA[]]></system-err>
</testsuite>
