<?xml version="1.0" encoding="UTF-8"?>
<testsuite name="de.tum.cit.aet.artemis.athena.architecture.AthenaServiceArchitectureTest" tests="5" skipped="0" failures="0" errors="0" timestamp="2025-02-14T23:39:16" hostname="fv-az1721-502" time="0.077">
  <properties/>
  <testcase name="testCorrectAsyncCalls()" classname="de.tum.cit.aet.artemis.athena.architecture.AthenaServiceArchitectureTest" time="0.019"/>
  <testcase name="shouldBeNamedService()" classname="de.tum.cit.aet.artemis.athena.architecture.AthenaServiceArchitectureTest" time="0.002"/>
  <testcase name="testCorrectServiceAnnotation()" classname="de.tum.cit.aet.artemis.athena.architecture.AthenaServiceArchitectureTest" time="0.024"/>
  <testcase name="shouldBeInServicePackage()" classname="de.tum.cit.aet.artemis.athena.architecture.AthenaServiceArchitectureTest" time="0.006"/>
  <testcase name="testNoWrongServiceImports()" classname="de.tum.cit.aet.artemis.athena.architecture.AthenaServiceArchitectureTest" time="0.025"/>
  <system-out><![CDATA[
Starting logs for AthenaServiceArchitectureTest

  Starting logs for AthenaServiceArchitectureTest > testCorrectAsyncCalls()

  Starting logs for AthenaServiceArchitectureTest > shouldBeNamedService()

  Starting logs for AthenaServiceArchitectureTest > testCorrectServiceAnnotation()

  Starting logs for AthenaServiceArchitectureTest > shouldBeInServicePackage()

  Starting logs for AthenaServiceArchitectureTest > testNoWrongServiceImports()

Finished logs for AthenaServiceArchitectureTest
]]></system-out>
  <system-err><![CDATA[]]></system-err>
</testsuite>
