<?xml version="1.0" encoding="UTF-8"?>
<testsuite name="de.tum.cit.aet.artemis.assessment.GradeStepIntegrationTest" tests="17" skipped="0" failures="0" errors="0" timestamp="2025-02-14T23:42:41" hostname="fv-az1721-502" time="0.866">
  <properties/>
  <testcase name="testGetGradeStepByPercentageForExamForbidden()" classname="de.tum.cit.aet.artemis.assessment.GradeStepIntegrationTest" time="0.076"/>
  <testcase name="testGetGradeStepByPercentageForExamNoGradingScaleExists()" classname="de.tum.cit.aet.artemis.assessment.GradeStepIntegrationTest" time="0.085"/>
  <testcase name="testGetAllGradeStepsForExamNoGradingScaleExists()" classname="de.tum.cit.aet.artemis.assessment.GradeStepIntegrationTest" time="0.053"/>
  <testcase name="testGetAllGradeStepsForCourse()" classname="de.tum.cit.aet.artemis.assessment.GradeStepIntegrationTest" time="0.052"/>
  <testcase name="testGetGradeStepByIdForExamNoGradingScaleExists()" classname="de.tum.cit.aet.artemis.assessment.GradeStepIntegrationTest" time="0.035"/>
  <testcase name="testGetGradeStepByIdForCourseNoGradingScaleExists()" classname="de.tum.cit.aet.artemis.assessment.GradeStepIntegrationTest" time="0.037"/>
  <testcase name="testGetGradeStepByIdForCourse()" classname="de.tum.cit.aet.artemis.assessment.GradeStepIntegrationTest" time="0.04"/>
  <testcase name="testGetAllGradeStepsForCourseStudentNotInCourse()" classname="de.tum.cit.aet.artemis.assessment.GradeStepIntegrationTest" time="0.055"/>
  <testcase name="testGetGradeStepByPercentageForCourseNoGradingScaleExists()" classname="de.tum.cit.aet.artemis.assessment.GradeStepIntegrationTest" time="0.045"/>
  <testcase name="testGetGradeStepByPercentageForExam()" classname="de.tum.cit.aet.artemis.assessment.GradeStepIntegrationTest" time="0.047"/>
  <testcase name="testGetGradeStepByPercentageForCourse()" classname="de.tum.cit.aet.artemis.assessment.GradeStepIntegrationTest" time="0.061"/>
  <testcase name="testGetAllGradeStepsForExamForbidden()" classname="de.tum.cit.aet.artemis.assessment.GradeStepIntegrationTest" time="0.039"/>
  <testcase name="testGetGradeStepForNoParticipationSpecialGradeForCourse()" classname="de.tum.cit.aet.artemis.assessment.GradeStepIntegrationTest" time="0.037"/>
  <testcase name="testGetAllGradeStepsForCourseNoGradingScaleExists()" classname="de.tum.cit.aet.artemis.assessment.GradeStepIntegrationTest" time="0.035"/>
  <testcase name="testGetGradeStepByIdForExam()" classname="de.tum.cit.aet.artemis.assessment.GradeStepIntegrationTest" time="0.041"/>
  <testcase name="testGetGradeStepForPlagiarismSpecialGradeForCourse()" classname="de.tum.cit.aet.artemis.assessment.GradeStepIntegrationTest" time="0.061"/>
  <testcase name="testGetAllGradeStepsForExam()" classname="de.tum.cit.aet.artemis.assessment.GradeStepIntegrationTest" time="0.042"/>
  <system-out><![CDATA[Starting logs for UserAccountLocalVcsIntegrationTest

  Starting logs for UserAccountLocalVcsIntegrationTest > getAndCreateParticipationVcsAccessTokenByUser()
    23:42:40.987 | 197 Pool-1-worker-90 | DEBUG | d.t.c.a.a.c.u.util.UserUtilService   : Generate 2 students...
    23:42:40.993 | 197 Pool-1-worker-90 | DEBUG | d.t.c.a.a.c.u.util.UserUtilService   : 2 students generated. Generate 1 tutors...
    23:42:40.996 | 197 Pool-1-worker-90 | DEBUG | d.t.c.a.a.c.u.util.UserUtilService   : 1 tutors generated. Generate 1 editors...
    23:42:40.998 | 197 Pool-1-worker-90 | DEBUG | d.t.c.a.a.c.u.util.UserUtilService   : 1 editors generated. Generate 1 instructors...
    23:42:41.005 | 197 Pool-1-worker-90 | DEBUG | d.t.c.a.a.c.u.util.UserUtilService   : 1 instructors generated
    23:42:41.006 | 197 Pool-1-worker-90 | DEBUG | d.t.c.a.a.c.u.util.UserUtilService   : Removing 4 users from all courses...
    23:42:41.009 | 197 Pool-1-worker-90 | DEBUG | d.t.c.a.a.c.u.util.UserUtilService   : Removing 4 users from all courses. Done
    23:42:41.009 | 197 Pool-1-worker-90 | DEBUG | d.t.c.a.a.c.u.util.UserUtilService   : Save 5 users to database...
    23:42:41.015 | 197 Pool-1-worker-90 | DEBUG | d.t.c.a.a.c.u.util.UserUtilService   : Save 5 users to database. Done
    23:42:41.024 | 197 Pool-1-worker-90 | INFO  | i.z.t.d.l.EmbeddedDatabaseReporter   : JDBC URL to connect to 'dataSource': url='jdbc:h2:tcp://localhost:41063/mem:f240edcd-27ce-47a3-b4ab-a6a00c154135;USER=sa', scope='UserAccountLocalVcsIntegrationTest#getAndCreateParticipationVcsAccessTokenByUser'
    23:42:41.030 | 197 Pool-1-worker-90 | DEBUG | d.t.c.a.a.c.s.f.ApiVersionFilter     : Adding Version to Request GET /api/account/participation-vcs-access-token
    23:42:41.031 | 197 Pool-1-worker-90 | DEBUG | d.t.c.a.a.core.web.AccountResource   : REST request to get VCS access token of user userlvcstudent1 for participation 11
    23:42:41.043 | 197 Pool-1-worker-90 | WARN  | o.z.p.spring.common.AdviceTraits     : Not Found: ProgrammingExerciseStudentParticipation with identifier: "11" does not exist
    23:42:41.072 | 197 Pool-1-worker-90 | DEBUG | PersonalAccessTokenManagementService : Generate secure vcs access token
    23:42:41.075 | 197 Pool-1-worker-90 | DEBUG | d.t.c.a.a.c.s.f.ApiVersionFilter     : Adding Version to Request GET /api/account/participation-vcs-access-token
    23:42:41.076 | 197 Pool-1-worker-90 | DEBUG | d.t.c.a.a.core.web.AccountResource   : REST request to get VCS access token of user userlvcstudent1 for participation 456
    23:42:41.137 | 197 Pool-1-worker-90 | DEBUG | d.t.c.a.a.c.s.f.ApiVersionFilter     : Adding Version to Request GET /api/account/participation-vcs-access-token
    23:42:41.141 | 197 Pool-1-worker-90 | DEBUG | d.t.c.a.a.core.web.AccountResource   : REST request to get VCS access token of user userlvcstudent1 for participation 456
    23:42:41.147 | 197 Pool-1-worker-90 | WARN  | o.z.p.spring.common.AdviceTraits     : Not Found: ParticipationVCSAccessToken
    23:42:41.152 | 197 Pool-1-worker-90 | DEBUG | d.t.c.a.a.c.s.f.ApiVersionFilter     : Adding Version to Request PUT /api/account/participation-vcs-access-token
    23:42:41.154 | 197 Pool-1-worker-90 | DEBUG | d.t.c.a.a.core.web.AccountResource   : REST request to create a new VCS access token for user userlvcstudent1 for participation 456
    23:42:41.159 | 197 Pool-1-worker-90 | DEBUG | PersonalAccessTokenManagementService : Generate secure vcs access token

  Starting logs for UserAccountLocalVcsIntegrationTest > getParticipationVcsAccessTokenByUserForTeamExercise()
    23:42:41.202 | 197 Pool-1-worker-90 | DEBUG | d.t.c.a.a.c.u.util.UserUtilService   : Generate 2 students...
    23:42:41.204 | 197 Pool-1-worker-90 | DEBUG | d.t.c.a.a.c.u.util.UserUtilService   : 2 students generated. Generate 1 tutors...
    23:42:41.206 | 197 Pool-1-worker-90 | DEBUG | d.t.c.a.a.c.u.util.UserUtilService   : 1 tutors generated. Generate 1 editors...
    23:42:41.208 | 197 Pool-1-worker-90 | DEBUG | d.t.c.a.a.c.u.util.UserUtilService   : 1 editors generated. Generate 1 instructors...
    23:42:41.210 | 197 Pool-1-worker-90 | DEBUG | d.t.c.a.a.c.u.util.UserUtilService   : 1 instructors generated
    23:42:41.211 | 197 Pool-1-worker-90 | DEBUG | d.t.c.a.a.c.u.util.UserUtilService   : Removing 0 users from all courses...
    23:42:41.211 | 197 Pool-1-worker-90 | DEBUG | d.t.c.a.a.c.u.util.UserUtilService   : Removing 0 users from all courses. Done
    23:42:41.211 | 197 Pool-1-worker-90 | DEBUG | d.t.c.a.a.c.u.util.UserUtilService   : Save 5 users to database...
    23:42:41.214 | 197 Pool-1-worker-90 | DEBUG | d.t.c.a.a.c.u.util.UserUtilService   : Save 5 users to database. Done
    23:42:41.216 | 197 Pool-1-worker-90 | INFO  | i.z.t.d.l.EmbeddedDatabaseReporter   : JDBC URL to connect to 'dataSource': url='jdbc:h2:tcp://localhost:41063/mem:f240edcd-27ce-47a3-b4ab-a6a00c154135;USER=sa', scope='UserAccountLocalVcsIntegrationTest#getParticipationVcsAccessTokenByUserForTeamExercise'
    23:42:41.246 | 197 Pool-1-worker-90 | DEBUG | d.t.c.a.a.c.s.f.ApiVersionFilter     : Adding Version to Request GET /api/account/participation-vcs-access-token
    23:42:41.247 | 197 Pool-1-worker-90 | DEBUG | d.t.c.a.a.core.web.AccountResource   : REST request to get VCS access token of user userlvcstudent1 for participation 459
    23:42:41.249 | 197 Pool-1-worker-90 | WARN  | o.z.p.spring.common.AdviceTraits     : Not Found: ParticipationVCSAccessToken
    23:42:41.251 | 197 Pool-1-worker-90 | DEBUG | d.t.c.a.a.c.s.f.ApiVersionFilter     : Adding Version to Request PUT /api/account/participation-vcs-access-token
    23:42:41.252 | 197 Pool-1-worker-90 | DEBUG | d.t.c.a.a.core.web.AccountResource   : REST request to create a new VCS access token for user userlvcstudent1 for participation 459
    23:42:41.253 | 197 Pool-1-worker-90 | DEBUG | PersonalAccessTokenManagementService : Generate secure vcs access token
    23:42:41.255 | 197 Pool-1-worker-90 | DEBUG | d.t.c.a.a.c.s.f.ApiVersionFilter     : Adding Version to Request GET /api/account/participation-vcs-access-token
    23:42:41.256 | 197 Pool-1-worker-90 | DEBUG | d.t.c.a.a.core.web.AccountResource   : REST request to get VCS access token of user userlvcstudent1 for participation 459

  Starting logs for UserAccountLocalVcsIntegrationTest > createAndDeleteUserVcsAccessTokenByUser()
    23:42:41.291 | 197 Pool-1-worker-90 | DEBUG | d.t.c.a.a.c.u.util.UserUtilService   : Generate 2 students...
    23:42:41.294 | 197 Pool-1-worker-90 | DEBUG | d.t.c.a.a.c.u.util.UserUtilService   : 2 students generated. Generate 1 tutors...
    23:42:41.295 | 197 Pool-1-worker-90 | DEBUG | d.t.c.a.a.c.u.util.UserUtilService   : 1 tutors generated. Generate 1 editors...
    23:42:41.297 | 197 Pool-1-worker-90 | DEBUG | d.t.c.a.a.c.u.util.UserUtilService   : 1 editors generated. Generate 1 instructors...
    23:42:41.299 | 197 Pool-1-worker-90 | DEBUG | d.t.c.a.a.c.u.util.UserUtilService   : 1 instructors generated
    23:42:41.302 | 197 Pool-1-worker-90 | DEBUG | d.t.c.a.a.c.u.util.UserUtilService   : Removing 0 users from all courses...
    23:42:41.302 | 197 Pool-1-worker-90 | DEBUG | d.t.c.a.a.c.u.util.UserUtilService   : Removing 0 users from all courses. Done
    23:42:41.302 | 197 Pool-1-worker-90 | DEBUG | d.t.c.a.a.c.u.util.UserUtilService   : Save 5 users to database...
    23:42:41.309 | 197 Pool-1-worker-90 | DEBUG | d.t.c.a.a.c.u.util.UserUtilService   : Save 5 users to database. Done
    23:42:41.315 | 197 Pool-1-worker-90 | INFO  | i.z.t.d.l.EmbeddedDatabaseReporter   : JDBC URL to connect to 'dataSource': url='jdbc:h2:tcp://localhost:41063/mem:f240edcd-27ce-47a3-b4ab-a6a00c154135;USER=sa', scope='UserAccountLocalVcsIntegrationTest#createAndDeleteUserVcsAccessTokenByUser'
    23:42:41.320 | 197 Pool-1-worker-90 | DEBUG | d.t.c.a.a.c.s.f.ApiVersionFilter     : Adding Version to Request PUT /api/account/user-vcs-access-token
    23:42:41.321 | 197 Pool-1-worker-90 | DEBUG | d.t.c.a.a.core.web.AccountResource   : REST request to create a new VCS access token for user userlvcstudent1
    23:42:41.322 | 197 Pool-1-worker-90 | WARN  | o.z.p.spring.common.AdviceTraits     : Bad Request: Invalid expiry date provided
    23:42:41.324 | 197 Pool-1-worker-90 | DEBUG | d.t.c.a.a.c.s.f.ApiVersionFilter     : Adding Version to Request PUT /api/account/user-vcs-access-token
    23:42:41.325 | 197 Pool-1-worker-90 | DEBUG | d.t.c.a.a.core.web.AccountResource   : REST request to create a new VCS access token for user userlvcstudent1
    23:42:41.325 | 197 Pool-1-worker-90 | DEBUG | PersonalAccessTokenManagementService : Generate secure vcs access token
    23:42:41.326 | 197 Pool-1-worker-90 | DEBUG | d.t.c.a.a.core.web.AccountResource   : Successfully created a VCS access token for user userlvcstudent1
    23:42:41.343 | 197 Pool-1-worker-90 | DEBUG | d.t.c.a.a.c.s.f.ApiVersionFilter     : Adding Version to Request DELETE /api/account/user-vcs-access-token
    23:42:41.344 | 197 Pool-1-worker-90 | DEBUG | d.t.c.a.a.core.web.AccountResource   : REST request to remove VCS access token key of user userlvcstudent1
    23:42:41.345 | 197 Pool-1-worker-90 | DEBUG | d.t.c.a.a.core.web.AccountResource   : Successfully deleted VCS access token of user userlvcstudent1

Finished logs for UserAccountLocalVcsIntegrationTest

Starting logs for GradeStepIntegrationTest

  Starting logs for GradeStepIntegrationTest > testGetGradeStepByPercentageForExamForbidden()
    23:42:41.048 |  34 nPool-1-worker-8 | DEBUG | d.t.c.a.a.c.u.util.UserUtilService   : Generate 1 students...
    23:42:41.057 |  34 nPool-1-worker-8 | DEBUG | d.t.c.a.a.c.u.util.UserUtilService   : 1 students generated. Generate 0 tutors...
    23:42:41.059 |  34 nPool-1-worker-8 | DEBUG | d.t.c.a.a.c.u.util.UserUtilService   : 0 tutors generated. Generate 0 editors...
    23:42:41.060 |  34 nPool-1-worker-8 | DEBUG | d.t.c.a.a.c.u.util.UserUtilService   : 0 editors generated. Generate 1 instructors...
    23:42:41.065 |  34 nPool-1-worker-8 | DEBUG | d.t.c.a.a.c.u.util.UserUtilService   : 1 instructors generated
    23:42:41.067 |  34 nPool-1-worker-8 | DEBUG | d.t.c.a.a.c.u.util.UserUtilService   : Removing 5 users from all courses...
    23:42:41.071 |  34 nPool-1-worker-8 | DEBUG | d.t.c.a.a.c.u.util.UserUtilService   : Removing 5 users from all courses. Done
    23:42:41.071 |  34 nPool-1-worker-8 | DEBUG | d.t.c.a.a.c.u.util.UserUtilService   : Save 2 users to database...
    23:42:41.076 |  34 nPool-1-worker-8 | DEBUG | d.t.c.a.a.c.u.util.UserUtilService   : Save 2 users to database. Done
    23:42:41.081 |  34 nPool-1-worker-8 | INFO  | i.z.t.d.l.EmbeddedDatabaseReporter   : JDBC URL to connect to 'dataSource': url='jdbc:h2:tcp://localhost:41063/mem:df70fc46-7e57-4cb5-9cd0-c1d90c14afa7;USER=sa', scope='GradeStepIntegrationTest#testGetGradeStepByPercentageForExamForbidden'
    23:42:41.084 |  34 nPool-1-worker-8 | DEBUG | d.t.c.a.a.c.s.f.ApiVersionFilter     : Adding Version to Request GET /api/courses/307/exams/44/grading-scale/match-grade-step
    23:42:41.089 |  34 nPool-1-worker-8 | DEBUG | d.t.c.a.a.a.web.GradeStepResource    : REST request to get grade step for grade percentage 70.0 for exam: 44
    23:42:41.095 |  34 nPool-1-worker-8 | WARN  | o.z.p.spring.common.AdviceTraits     : Forbidden: You are not allowed to access this resource

  Starting logs for GradeStepIntegrationTest > testGetGradeStepByPercentageForExamNoGradingScaleExists()
    23:42:41.127 |  34 nPool-1-worker-8 | DEBUG | d.t.c.a.a.c.u.util.UserUtilService   : Generate 1 students...
    23:42:41.133 |  34 nPool-1-worker-8 | DEBUG | d.t.c.a.a.c.u.util.UserUtilService   : 1 students generated. Generate 0 tutors...
    23:42:41.138 |  34 nPool-1-worker-8 | DEBUG | d.t.c.a.a.c.u.util.UserUtilService   : 0 tutors generated. Generate 0 editors...
    23:42:41.139 |  34 nPool-1-worker-8 | DEBUG | d.t.c.a.a.c.u.util.UserUtilService   : 0 editors generated. Generate 1 instructors...
    23:42:41.145 |  34 nPool-1-worker-8 | DEBUG | d.t.c.a.a.c.u.util.UserUtilService   : 1 instructors generated
    23:42:41.146 |  34 nPool-1-worker-8 | DEBUG | d.t.c.a.a.c.u.util.UserUtilService   : Removing 2 users from all courses...
    23:42:41.147 |  34 nPool-1-worker-8 | DEBUG | d.t.c.a.a.c.u.util.UserUtilService   : Removing 2 users from all courses. Done
    23:42:41.147 |  34 nPool-1-worker-8 | DEBUG | d.t.c.a.a.c.u.util.UserUtilService   : Save 2 users to database...
    23:42:41.161 |  34 nPool-1-worker-8 | DEBUG | d.t.c.a.a.c.u.util.UserUtilService   : Save 2 users to database. Done
    23:42:41.173 |  34 nPool-1-worker-8 | INFO  | i.z.t.d.l.EmbeddedDatabaseReporter   : JDBC URL to connect to 'dataSource': url='jdbc:h2:tcp://localhost:41063/mem:df70fc46-7e57-4cb5-9cd0-c1d90c14afa7;USER=sa', scope='GradeStepIntegrationTest#testGetGradeStepByPercentageForExamNoGradingScaleExists'
    23:42:41.176 |  34 nPool-1-worker-8 | DEBUG | d.t.c.a.a.c.s.f.ApiVersionFilter     : Adding Version to Request GET /api/courses/308/exams/45/grading-scale/match-grade-step
    23:42:41.177 |  34 nPool-1-worker-8 | DEBUG | d.t.c.a.a.a.web.GradeStepResource    : REST request to get grade step for grade percentage 70.0 for exam: 45

  Starting logs for GradeStepIntegrationTest > testGetAllGradeStepsForExamNoGradingScaleExists()
    23:42:41.211 |  34 nPool-1-worker-8 | DEBUG | d.t.c.a.a.c.u.util.UserUtilService   : Generate 1 students...
    23:42:41.216 |  34 nPool-1-worker-8 | DEBUG | d.t.c.a.a.c.u.util.UserUtilService   : 1 students generated. Generate 0 tutors...
    23:42:41.220 |  34 nPool-1-worker-8 | DEBUG | d.t.c.a.a.c.u.util.UserUtilService   : 0 tutors generated. Generate 0 editors...
    23:42:41.224 |  34 nPool-1-worker-8 | DEBUG | d.t.c.a.a.c.u.util.UserUtilService   : 0 editors generated. Generate 1 instructors...
    23:42:41.227 |  34 nPool-1-worker-8 | DEBUG | d.t.c.a.a.c.u.util.UserUtilService   : 1 instructors generated
    23:42:41.228 |  34 nPool-1-worker-8 | DEBUG | d.t.c.a.a.c.u.util.UserUtilService   : Removing 2 users from all courses...
    23:42:41.229 |  34 nPool-1-worker-8 | DEBUG | d.t.c.a.a.c.u.util.UserUtilService   : Removing 2 users from all courses. Done
    23:42:41.229 |  34 nPool-1-worker-8 | DEBUG | d.t.c.a.a.c.u.util.UserUtilService   : Save 2 users to database...
    23:42:41.231 |  34 nPool-1-worker-8 | DEBUG | d.t.c.a.a.c.u.util.UserUtilService   : Save 2 users to database. Done
    23:42:41.236 |  34 nPool-1-worker-8 | INFO  | i.z.t.d.l.EmbeddedDatabaseReporter   : JDBC URL to connect to 'dataSource': url='jdbc:h2:tcp://localhost:41063/mem:df70fc46-7e57-4cb5-9cd0-c1d90c14afa7;USER=sa', scope='GradeStepIntegrationTest#testGetAllGradeStepsForExamNoGradingScaleExists'
    23:42:41.239 |  34 nPool-1-worker-8 | DEBUG | d.t.c.a.a.c.s.f.ApiVersionFilter     : Adding Version to Request GET /api/courses/309/exams/46/grading-scale/grade-steps
    23:42:41.241 |  34 nPool-1-worker-8 | DEBUG | d.t.c.a.a.a.web.GradeStepResource    : REST request to get all grade steps for exam: 46
    23:42:41.248 |  34 nPool-1-worker-8 | WARN  | o.z.p.spring.common.AdviceTraits     : Not Found: GradingScale

  Starting logs for GradeStepIntegrationTest > testGetAllGradeStepsForCourse()
    23:42:41.263 |  34 nPool-1-worker-8 | DEBUG | d.t.c.a.a.c.u.util.UserUtilService   : Generate 1 students...
    23:42:41.266 |  34 nPool-1-worker-8 | DEBUG | d.t.c.a.a.c.u.util.UserUtilService   : 1 students generated. Generate 0 tutors...
    23:42:41.267 |  34 nPool-1-worker-8 | DEBUG | d.t.c.a.a.c.u.util.UserUtilService   : 0 tutors generated. Generate 0 editors...
    23:42:41.269 |  34 nPool-1-worker-8 | DEBUG | d.t.c.a.a.c.u.util.UserUtilService   : 0 editors generated. Generate 1 instructors...
    23:42:41.271 |  34 nPool-1-worker-8 | DEBUG | d.t.c.a.a.c.u.util.UserUtilService   : 1 instructors generated
    23:42:41.272 |  34 nPool-1-worker-8 | DEBUG | d.t.c.a.a.c.u.util.UserUtilService   : Removing 2 users from all courses...
    23:42:41.273 |  34 nPool-1-worker-8 | DEBUG | d.t.c.a.a.c.u.util.UserUtilService   : Removing 2 users from all courses. Done
    23:42:41.273 |  34 nPool-1-worker-8 | DEBUG | d.t.c.a.a.c.u.util.UserUtilService   : Save 2 users to database...
    23:42:41.276 |  34 nPool-1-worker-8 | DEBUG | d.t.c.a.a.c.u.util.UserUtilService   : Save 2 users to database. Done
    23:42:41.280 |  34 nPool-1-worker-8 | INFO  | i.z.t.d.l.EmbeddedDatabaseReporter   : JDBC URL to connect to 'dataSource': url='jdbc:h2:tcp://localhost:41063/mem:df70fc46-7e57-4cb5-9cd0-c1d90c14afa7;USER=sa', scope='GradeStepIntegrationTest#testGetAllGradeStepsForCourse'
    23:42:41.282 |  34 nPool-1-worker-8 | DEBUG | d.t.c.a.a.c.s.f.ApiVersionFilter     : Adding Version to Request GET /api/courses/310/grading-scale/grade-steps
    23:42:41.283 |  34 nPool-1-worker-8 | DEBUG | d.t.c.a.a.a.web.GradeStepResource    : REST request to get all grade steps for course: 310

  Starting logs for GradeStepIntegrationTest > testGetGradeStepByIdForExamNoGradingScaleExists()
    23:42:41.316 |  34 nPool-1-worker-8 | DEBUG | d.t.c.a.a.c.u.util.UserUtilService   : Generate 1 students...
    23:42:41.319 |  34 nPool-1-worker-8 | DEBUG | d.t.c.a.a.c.u.util.UserUtilService   : 1 students generated. Generate 0 tutors...
    23:42:41.321 |  34 nPool-1-worker-8 | DEBUG | d.t.c.a.a.c.u.util.UserUtilService   : 0 tutors generated. Generate 0 editors...
    23:42:41.322 |  34 nPool-1-worker-8 | DEBUG | d.t.c.a.a.c.u.util.UserUtilService   : 0 editors generated. Generate 1 instructors...
    23:42:41.325 |  34 nPool-1-worker-8 | DEBUG | d.t.c.a.a.c.u.util.UserUtilService   : 1 instructors generated
    23:42:41.326 |  34 nPool-1-worker-8 | DEBUG | d.t.c.a.a.c.u.util.UserUtilService   : Removing 2 users from all courses...
    23:42:41.326 |  34 nPool-1-worker-8 | DEBUG | d.t.c.a.a.c.u.util.UserUtilService   : Removing 2 users from all courses. Done
    23:42:41.326 |  34 nPool-1-worker-8 | DEBUG | d.t.c.a.a.c.u.util.UserUtilService   : Save 2 users to database...
    23:42:41.329 |  34 nPool-1-worker-8 | DEBUG | d.t.c.a.a.c.u.util.UserUtilService   : Save 2 users to database. Done
    23:42:41.334 |  34 nPool-1-worker-8 | INFO  | i.z.t.d.l.EmbeddedDatabaseReporter   : JDBC URL to connect to 'dataSource': url='jdbc:h2:tcp://localhost:41063/mem:df70fc46-7e57-4cb5-9cd0-c1d90c14afa7;USER=sa', scope='GradeStepIntegrationTest#testGetGradeStepByIdForExamNoGradingScaleExists'
    23:42:41.335 |  34 nPool-1-worker-8 | DEBUG | d.t.c.a.a.c.s.f.ApiVersionFilter     : Adding Version to Request GET /api/courses/311/grading-scale/grade-steps/1
    23:42:41.337 |  34 nPool-1-worker-8 | DEBUG | d.t.c.a.a.a.web.GradeStepResource    : REST request to get grade step 1 for course: 311
    23:42:41.339 |  34 nPool-1-worker-8 | WARN  | o.z.p.spring.common.AdviceTraits     : Not Found: GradingScale

  Starting logs for GradeStepIntegrationTest > testGetGradeStepByIdForCourseNoGradingScaleExists()
    23:42:41.353 |  34 nPool-1-worker-8 | DEBUG | d.t.c.a.a.c.u.util.UserUtilService   : Generate 1 students...
    23:42:41.356 |  34 nPool-1-worker-8 | DEBUG | d.t.c.a.a.c.u.util.UserUtilService   : 1 students generated. Generate 0 tutors...
    23:42:41.357 |  34 nPool-1-worker-8 | DEBUG | d.t.c.a.a.c.u.util.UserUtilService   : 0 tutors generated. Generate 0 editors...
    23:42:41.359 |  34 nPool-1-worker-8 | DEBUG | d.t.c.a.a.c.u.util.UserUtilService   : 0 editors generated. Generate 1 instructors...
    23:42:41.361 |  34 nPool-1-worker-8 | DEBUG | d.t.c.a.a.c.u.util.UserUtilService   : 1 instructors generated
    23:42:41.362 |  34 nPool-1-worker-8 | DEBUG | d.t.c.a.a.c.u.util.UserUtilService   : Removing 2 users from all courses...
    23:42:41.363 |  34 nPool-1-worker-8 | DEBUG | d.t.c.a.a.c.u.util.UserUtilService   : Removing 2 users from all courses. Done
    23:42:41.363 |  34 nPool-1-worker-8 | DEBUG | d.t.c.a.a.c.u.util.UserUtilService   : Save 2 users to database...
    23:42:41.365 |  34 nPool-1-worker-8 | DEBUG | d.t.c.a.a.c.u.util.UserUtilService   : Save 2 users to database. Done
    23:42:41.371 |  34 nPool-1-worker-8 | INFO  | i.z.t.d.l.EmbeddedDatabaseReporter   : JDBC URL to connect to 'dataSource': url='jdbc:h2:tcp://localhost:41063/mem:df70fc46-7e57-4cb5-9cd0-c1d90c14afa7;USER=sa', scope='GradeStepIntegrationTest#testGetGradeStepByIdForCourseNoGradingScaleExists'
    23:42:41.372 |  34 nPool-1-worker-8 | DEBUG | d.t.c.a.a.c.s.f.ApiVersionFilter     : Adding Version to Request GET /api/courses/312/grading-scale/grade-steps/1
    23:42:41.373 |  34 nPool-1-worker-8 | DEBUG | d.t.c.a.a.a.web.GradeStepResource    : REST request to get grade step 1 for course: 312
    23:42:41.375 |  34 nPool-1-worker-8 | WARN  | o.z.p.spring.common.AdviceTraits     : Not Found: GradingScale

  Starting logs for GradeStepIntegrationTest > testGetGradeStepByIdForCourse()
    23:42:41.391 |  34 nPool-1-worker-8 | DEBUG | d.t.c.a.a.c.u.util.UserUtilService   : Generate 1 students...
    23:42:41.394 |  34 nPool-1-worker-8 | DEBUG | d.t.c.a.a.c.u.util.UserUtilService   : 1 students generated. Generate 0 tutors...
    23:42:41.395 |  34 nPool-1-worker-8 | DEBUG | d.t.c.a.a.c.u.util.UserUtilService   : 0 tutors generated. Generate 0 editors...
    23:42:41.397 |  34 nPool-1-worker-8 | DEBUG | d.t.c.a.a.c.u.util.UserUtilService   : 0 editors generated. Generate 1 instructors...
    23:42:41.400 |  34 nPool-1-worker-8 | DEBUG | d.t.c.a.a.c.u.util.UserUtilService   : 1 instructors generated
    23:42:41.401 |  34 nPool-1-worker-8 | DEBUG | d.t.c.a.a.c.u.util.UserUtilService   : Removing 2 users from all courses...
    23:42:41.401 |  34 nPool-1-worker-8 | DEBUG | d.t.c.a.a.c.u.util.UserUtilService   : Removing 2 users from all courses. Done
    23:42:41.401 |  34 nPool-1-worker-8 | DEBUG | d.t.c.a.a.c.u.util.UserUtilService   : Save 2 users to database...
    23:42:41.404 |  34 nPool-1-worker-8 | DEBUG | d.t.c.a.a.c.u.util.UserUtilService   : Save 2 users to database. Done
    23:42:41.408 |  34 nPool-1-worker-8 | INFO  | i.z.t.d.l.EmbeddedDatabaseReporter   : JDBC URL to connect to 'dataSource': url='jdbc:h2:tcp://localhost:41063/mem:df70fc46-7e57-4cb5-9cd0-c1d90c14afa7;USER=sa', scope='GradeStepIntegrationTest#testGetGradeStepByIdForCourse'
    23:42:41.411 |  34 nPool-1-worker-8 | DEBUG | d.t.c.a.a.c.s.f.ApiVersionFilter     : Adding Version to Request GET /api/courses/313/grading-scale/grade-steps/39
    23:42:41.412 |  34 nPool-1-worker-8 | DEBUG | d.t.c.a.a.a.web.GradeStepResource    : REST request to get grade step 39 for course: 313

  Starting logs for GradeStepIntegrationTest > testGetAllGradeStepsForCourseStudentNotInCourse()
    23:42:41.432 |  34 nPool-1-worker-8 | DEBUG | d.t.c.a.a.c.u.util.UserUtilService   : Generate 1 students...
    23:42:41.435 |  34 nPool-1-worker-8 | DEBUG | d.t.c.a.a.c.u.util.UserUtilService   : 1 students generated. Generate 0 tutors...
    23:42:41.436 |  34 nPool-1-worker-8 | DEBUG | d.t.c.a.a.c.u.util.UserUtilService   : 0 tutors generated. Generate 0 editors...
    23:42:41.438 |  34 nPool-1-worker-8 | DEBUG | d.t.c.a.a.c.u.util.UserUtilService   : 0 editors generated. Generate 1 instructors...
    23:42:41.441 |  34 nPool-1-worker-8 | DEBUG | d.t.c.a.a.c.u.util.UserUtilService   : 1 instructors generated
    23:42:41.442 |  34 nPool-1-worker-8 | DEBUG | d.t.c.a.a.c.u.util.UserUtilService   : Removing 2 users from all courses...
    23:42:41.443 |  34 nPool-1-worker-8 | DEBUG | d.t.c.a.a.c.u.util.UserUtilService   : Removing 2 users from all courses. Done
    23:42:41.443 |  34 nPool-1-worker-8 | DEBUG | d.t.c.a.a.c.u.util.UserUtilService   : Save 2 users to database...
    23:42:41.446 |  34 nPool-1-worker-8 | DEBUG | d.t.c.a.a.c.u.util.UserUtilService   : Save 2 users to database. Done
    23:42:41.451 |  34 nPool-1-worker-8 | INFO  | i.z.t.d.l.EmbeddedDatabaseReporter   : JDBC URL to connect to 'dataSource': url='jdbc:h2:tcp://localhost:41063/mem:df70fc46-7e57-4cb5-9cd0-c1d90c14afa7;USER=sa', scope='GradeStepIntegrationTest#testGetAllGradeStepsForCourseStudentNotInCourse'
    23:42:41.457 |  34 nPool-1-worker-8 | DEBUG | d.t.c.a.a.c.s.f.ApiVersionFilter     : Adding Version to Request GET /api/courses/314/grading-scale/grade-steps
    23:42:41.457 |  34 nPool-1-worker-8 | DEBUG | d.t.c.a.a.a.web.GradeStepResource    : REST request to get all grade steps for course: 314
    23:42:41.460 |  34 nPool-1-worker-8 | WARN  | o.z.p.spring.common.AdviceTraits     : Forbidden: You are not allowed to access the Course with id 314

  Starting logs for GradeStepIntegrationTest > testGetGradeStepByPercentageForCourseNoGradingScaleExists()
    23:42:41.492 |  34 nPool-1-worker-8 | DEBUG | d.t.c.a.a.c.u.util.UserUtilService   : Generate 1 students...
    23:42:41.496 |  34 nPool-1-worker-8 | DEBUG | d.t.c.a.a.c.u.util.UserUtilService   : 1 students generated. Generate 0 tutors...
    23:42:41.497 |  34 nPool-1-worker-8 | DEBUG | d.t.c.a.a.c.u.util.UserUtilService   : 0 tutors generated. Generate 0 editors...
    23:42:41.498 |  34 nPool-1-worker-8 | DEBUG | d.t.c.a.a.c.u.util.UserUtilService   : 0 editors generated. Generate 1 instructors...
    23:42:41.501 |  34 nPool-1-worker-8 | DEBUG | d.t.c.a.a.c.u.util.UserUtilService   : 1 instructors generated
    23:42:41.502 |  34 nPool-1-worker-8 | DEBUG | d.t.c.a.a.c.u.util.UserUtilService   : Removing 2 users from all courses...
    23:42:41.503 |  34 nPool-1-worker-8 | DEBUG | d.t.c.a.a.c.u.util.UserUtilService   : Removing 2 users from all courses. Done
    23:42:41.503 |  34 nPool-1-worker-8 | DEBUG | d.t.c.a.a.c.u.util.UserUtilService   : Save 2 users to database...
    23:42:41.506 |  34 nPool-1-worker-8 | DEBUG | d.t.c.a.a.c.u.util.UserUtilService   : Save 2 users to database. Done
    23:42:41.511 |  34 nPool-1-worker-8 | INFO  | i.z.t.d.l.EmbeddedDatabaseReporter   : JDBC URL to connect to 'dataSource': url='jdbc:h2:tcp://localhost:41063/mem:df70fc46-7e57-4cb5-9cd0-c1d90c14afa7;USER=sa', scope='GradeStepIntegrationTest#testGetGradeStepByPercentageForCourseNoGradingScaleExists'
    23:42:41.512 |  34 nPool-1-worker-8 | DEBUG | d.t.c.a.a.c.s.f.ApiVersionFilter     : Adding Version to Request GET /api/courses/315/grading-scale/match-grade-step
    23:42:41.514 |  34 nPool-1-worker-8 | DEBUG | d.t.c.a.a.a.web.GradeStepResource    : REST request to get grade step for grade percentage 70.0 for course: 315

  Starting logs for GradeStepIntegrationTest > testGetGradeStepByPercentageForExam()
    23:42:41.536 |  34 nPool-1-worker-8 | DEBUG | d.t.c.a.a.c.u.util.UserUtilService   : Generate 1 students...
    23:42:41.539 |  34 nPool-1-worker-8 | DEBUG | d.t.c.a.a.c.u.util.UserUtilService   : 1 students generated. Generate 0 tutors...
    23:42:41.541 |  34 nPool-1-worker-8 | DEBUG | d.t.c.a.a.c.u.util.UserUtilService   : 0 tutors generated. Generate 0 editors...
    23:42:41.543 |  34 nPool-1-worker-8 | DEBUG | d.t.c.a.a.c.u.util.UserUtilService   : 0 editors generated. Generate 1 instructors...
    23:42:41.545 |  34 nPool-1-worker-8 | DEBUG | d.t.c.a.a.c.u.util.UserUtilService   : 1 instructors generated
    23:42:41.546 |  34 nPool-1-worker-8 | DEBUG | d.t.c.a.a.c.u.util.UserUtilService   : Removing 2 users from all courses...
    23:42:41.547 |  34 nPool-1-worker-8 | DEBUG | d.t.c.a.a.c.u.util.UserUtilService   : Removing 2 users from all courses. Done
    23:42:41.547 |  34 nPool-1-worker-8 | DEBUG | d.t.c.a.a.c.u.util.UserUtilService   : Save 2 users to database...
    23:42:41.550 |  34 nPool-1-worker-8 | DEBUG | d.t.c.a.a.c.u.util.UserUtilService   : Save 2 users to database. Done
    23:42:41.555 |  34 nPool-1-worker-8 | INFO  | i.z.t.d.l.EmbeddedDatabaseReporter   : JDBC URL to connect to 'dataSource': url='jdbc:h2:tcp://localhost:41063/mem:df70fc46-7e57-4cb5-9cd0-c1d90c14afa7;USER=sa', scope='GradeStepIntegrationTest#testGetGradeStepByPercentageForExam'
    23:42:41.559 |  34 nPool-1-worker-8 | DEBUG | d.t.c.a.a.c.s.f.ApiVersionFilter     : Adding Version to Request GET /api/courses/316/exams/53/grading-scale/match-grade-step
    23:42:41.560 |  34 nPool-1-worker-8 | DEBUG | d.t.c.a.a.a.web.GradeStepResource    : REST request to get grade step for grade percentage 35.0 for exam: 53

  Starting logs for GradeStepIntegrationTest > testGetGradeStepByPercentageForCourse()
    23:42:41.588 |  34 nPool-1-worker-8 | DEBUG | d.t.c.a.a.c.u.util.UserUtilService   : Generate 1 students...
    23:42:41.590 |  34 nPool-1-worker-8 | DEBUG | d.t.c.a.a.c.u.util.UserUtilService   : 1 students generated. Generate 0 tutors...
    23:42:41.592 |  34 nPool-1-worker-8 | DEBUG | d.t.c.a.a.c.u.util.UserUtilService   : 0 tutors generated. Generate 0 editors...
    23:42:41.593 |  34 nPool-1-worker-8 | DEBUG | d.t.c.a.a.c.u.util.UserUtilService   : 0 editors generated. Generate 1 instructors...
    23:42:41.596 |  34 nPool-1-worker-8 | DEBUG | d.t.c.a.a.c.u.util.UserUtilService   : 1 instructors generated
    23:42:41.597 |  34 nPool-1-worker-8 | DEBUG | d.t.c.a.a.c.u.util.UserUtilService   : Removing 2 users from all courses...
    23:42:41.598 |  34 nPool-1-worker-8 | DEBUG | d.t.c.a.a.c.u.util.UserUtilService   : Removing 2 users from all courses. Done
    23:42:41.598 |  34 nPool-1-worker-8 | DEBUG | d.t.c.a.a.c.u.util.UserUtilService   : Save 2 users to database...
    23:42:41.600 |  34 nPool-1-worker-8 | DEBUG | d.t.c.a.a.c.u.util.UserUtilService   : Save 2 users to database. Done
    23:42:41.607 |  34 nPool-1-worker-8 | INFO  | i.z.t.d.l.EmbeddedDatabaseReporter   : JDBC URL to connect to 'dataSource': url='jdbc:h2:tcp://localhost:41063/mem:df70fc46-7e57-4cb5-9cd0-c1d90c14afa7;USER=sa', scope='GradeStepIntegrationTest#testGetGradeStepByPercentageForCourse'
    23:42:41.621 |  34 nPool-1-worker-8 | DEBUG | .c.s.m.InstanceMessageReceiveService : Received schedule participant score for exercise 268 and participant 37 (result to be deleted: null)
    23:42:41.621 |  34 nPool-1-worker-8 | DEBUG | .a.s.ParticipantScoreScheduleService : Scheduled task for exercise 268 and participant 37 at 2025-02-14T23:42:41.721818326Z[Etc/UTC].
    23:42:41.624 |  34 nPool-1-worker-8 | DEBUG | d.t.c.a.a.c.s.f.ApiVersionFilter     : Adding Version to Request GET /api/courses/317/grading-scale/match-grade-step
    23:42:41.624 |  34 nPool-1-worker-8 | DEBUG | d.t.c.a.a.a.web.GradeStepResource    : REST request to get grade step for grade percentage 70.0 for course: 317

  Starting logs for GradeStepIntegrationTest > testGetAllGradeStepsForExamForbidden()
    23:42:41.645 |  34 nPool-1-worker-8 | DEBUG | d.t.c.a.a.c.u.util.UserUtilService   : Generate 1 students...
    23:42:41.648 |  34 nPool-1-worker-8 | DEBUG | d.t.c.a.a.c.u.util.UserUtilService   : 1 students generated. Generate 0 tutors...
    23:42:41.650 |  34 nPool-1-worker-8 | DEBUG | d.t.c.a.a.c.u.util.UserUtilService   : 0 tutors generated. Generate 0 editors...
    23:42:41.651 |  34 nPool-1-worker-8 | DEBUG | d.t.c.a.a.c.u.util.UserUtilService   : 0 editors generated. Generate 1 instructors...
    23:42:41.654 |  34 nPool-1-worker-8 | DEBUG | d.t.c.a.a.c.u.util.UserUtilService   : 1 instructors generated
    23:42:41.655 |  34 nPool-1-worker-8 | DEBUG | d.t.c.a.a.c.u.util.UserUtilService   : Removing 2 users from all courses...
    23:42:41.655 |  34 nPool-1-worker-8 | DEBUG | d.t.c.a.a.c.u.util.UserUtilService   : Removing 2 users from all courses. Done
    23:42:41.655 |  34 nPool-1-worker-8 | DEBUG | d.t.c.a.a.c.u.util.UserUtilService   : Save 2 users to database...
    23:42:41.658 |  34 nPool-1-worker-8 | DEBUG | d.t.c.a.a.c.u.util.UserUtilService   : Save 2 users to database. Done
    23:42:41.663 |  34 nPool-1-worker-8 | INFO  | i.z.t.d.l.EmbeddedDatabaseReporter   : JDBC URL to connect to 'dataSource': url='jdbc:h2:tcp://localhost:41063/mem:df70fc46-7e57-4cb5-9cd0-c1d90c14afa7;USER=sa', scope='GradeStepIntegrationTest#testGetAllGradeStepsForExamForbidden'
    23:42:41.665 |  34 nPool-1-worker-8 | DEBUG | d.t.c.a.a.c.s.f.ApiVersionFilter     : Adding Version to Request GET /api/courses/318/exams/55/grading-scale/grade-steps
    23:42:41.666 |  34 nPool-1-worker-8 | DEBUG | d.t.c.a.a.a.web.GradeStepResource    : REST request to get all grade steps for exam: 55
    23:42:41.670 |  34 nPool-1-worker-8 | WARN  | o.z.p.spring.common.AdviceTraits     : Forbidden: You are not allowed to access this resource

  Starting logs for GradeStepIntegrationTest > testGetGradeStepForNoParticipationSpecialGradeForCourse()
    23:42:41.686 |  34 nPool-1-worker-8 | DEBUG | d.t.c.a.a.c.u.util.UserUtilService   : Generate 1 students...
    23:42:41.689 |  34 nPool-1-worker-8 | DEBUG | d.t.c.a.a.c.u.util.UserUtilService   : 1 students generated. Generate 0 tutors...
    23:42:41.690 |  34 nPool-1-worker-8 | DEBUG | d.t.c.a.a.c.u.util.UserUtilService   : 0 tutors generated. Generate 0 editors...
    23:42:41.692 |  34 nPool-1-worker-8 | DEBUG | d.t.c.a.a.c.u.util.UserUtilService   : 0 editors generated. Generate 1 instructors...
    23:42:41.694 |  34 nPool-1-worker-8 | DEBUG | d.t.c.a.a.c.u.util.UserUtilService   : 1 instructors generated
    23:42:41.695 |  34 nPool-1-worker-8 | DEBUG | d.t.c.a.a.c.u.util.UserUtilService   : Removing 2 users from all courses...
    23:42:41.696 |  34 nPool-1-worker-8 | DEBUG | d.t.c.a.a.c.u.util.UserUtilService   : Removing 2 users from all courses. Done
    23:42:41.696 |  34 nPool-1-worker-8 | DEBUG | d.t.c.a.a.c.u.util.UserUtilService   : Save 2 users to database...
    23:42:41.699 |  34 nPool-1-worker-8 | DEBUG | d.t.c.a.a.c.u.util.UserUtilService   : Save 2 users to database. Done
    23:42:41.703 |  34 nPool-1-worker-8 | INFO  | i.z.t.d.l.EmbeddedDatabaseReporter   : JDBC URL to connect to 'dataSource': url='jdbc:h2:tcp://localhost:41063/mem:df70fc46-7e57-4cb5-9cd0-c1d90c14afa7;USER=sa', scope='GradeStepIntegrationTest#testGetGradeStepForNoParticipationSpecialGradeForCourse'
    23:42:41.706 |  34 nPool-1-worker-8 | DEBUG | d.t.c.a.a.c.s.f.ApiVersionFilter     : Adding Version to Request GET /api/courses/319/grading-scale/match-grade-step
    23:42:41.707 |  34 nPool-1-worker-8 | DEBUG | d.t.c.a.a.a.web.GradeStepResource    : REST request to get grade step for grade percentage 0.0 for course: 319

  Starting logs for GradeStepIntegrationTest > testGetAllGradeStepsForCourseNoGradingScaleExists()
    23:42:41.724 |  34 nPool-1-worker-8 | DEBUG | d.t.c.a.a.c.u.util.UserUtilService   : Generate 1 students...
    23:42:41.727 |  34 nPool-1-worker-8 | DEBUG | d.t.c.a.a.c.u.util.UserUtilService   : 1 students generated. Generate 0 tutors...
    23:42:41.729 |  34 nPool-1-worker-8 | DEBUG | d.t.c.a.a.c.u.util.UserUtilService   : 0 tutors generated. Generate 0 editors...
    23:42:41.730 |  34 nPool-1-worker-8 | DEBUG | d.t.c.a.a.c.u.util.UserUtilService   : 0 editors generated. Generate 1 instructors...
    23:42:41.733 |  34 nPool-1-worker-8 | DEBUG | d.t.c.a.a.c.u.util.UserUtilService   : 1 instructors generated
    23:42:41.734 |  34 nPool-1-worker-8 | DEBUG | d.t.c.a.a.c.u.util.UserUtilService   : Removing 2 users from all courses...
    23:42:41.734 |  34 nPool-1-worker-8 | DEBUG | d.t.c.a.a.c.u.util.UserUtilService   : Removing 2 users from all courses. Done
    23:42:41.734 |  34 nPool-1-worker-8 | DEBUG | d.t.c.a.a.c.u.util.UserUtilService   : Save 2 users to database...
    23:42:41.738 |  34 nPool-1-worker-8 | DEBUG | d.t.c.a.a.c.u.util.UserUtilService   : Save 2 users to database. Done
    23:42:41.743 |  34 nPool-1-worker-8 | INFO  | i.z.t.d.l.EmbeddedDatabaseReporter   : JDBC URL to connect to 'dataSource': url='jdbc:h2:tcp://localhost:41063/mem:df70fc46-7e57-4cb5-9cd0-c1d90c14afa7;USER=sa', scope='GradeStepIntegrationTest#testGetAllGradeStepsForCourseNoGradingScaleExists'
    23:42:41.744 |  34 nPool-1-worker-8 | DEBUG | d.t.c.a.a.c.s.f.ApiVersionFilter     : Adding Version to Request GET /api/courses/320/grading-scale/grade-steps
    23:42:41.745 |  34 nPool-1-worker-8 | DEBUG | d.t.c.a.a.a.web.GradeStepResource    : REST request to get all grade steps for course: 320

  Starting logs for GradeStepIntegrationTest > testGetGradeStepByIdForExam()
    23:42:41.761 |  34 nPool-1-worker-8 | DEBUG | d.t.c.a.a.c.u.util.UserUtilService   : Generate 1 students...
    23:42:41.764 |  34 nPool-1-worker-8 | DEBUG | d.t.c.a.a.c.u.util.UserUtilService   : 1 students generated. Generate 0 tutors...
    23:42:41.765 |  34 nPool-1-worker-8 | DEBUG | d.t.c.a.a.c.u.util.UserUtilService   : 0 tutors generated. Generate 0 editors...
    23:42:41.767 |  34 nPool-1-worker-8 | DEBUG | d.t.c.a.a.c.u.util.UserUtilService   : 0 editors generated. Generate 1 instructors...
    23:42:41.770 |  34 nPool-1-worker-8 | DEBUG | d.t.c.a.a.c.u.util.UserUtilService   : 1 instructors generated
    23:42:41.771 |  34 nPool-1-worker-8 | DEBUG | d.t.c.a.a.c.u.util.UserUtilService   : Removing 2 users from all courses...
    23:42:41.772 |  34 nPool-1-worker-8 | DEBUG | d.t.c.a.a.c.u.util.UserUtilService   : Removing 2 users from all courses. Done
    23:42:41.772 |  34 nPool-1-worker-8 | DEBUG | d.t.c.a.a.c.u.util.UserUtilService   : Save 2 users to database...
    23:42:41.774 |  34 nPool-1-worker-8 | DEBUG | d.t.c.a.a.c.u.util.UserUtilService   : Save 2 users to database. Done
    23:42:41.781 |  34 nPool-1-worker-8 | INFO  | i.z.t.d.l.EmbeddedDatabaseReporter   : JDBC URL to connect to 'dataSource': url='jdbc:h2:tcp://localhost:41063/mem:df70fc46-7e57-4cb5-9cd0-c1d90c14afa7;USER=sa', scope='GradeStepIntegrationTest#testGetGradeStepByIdForExam'
    23:42:41.783 |  34 nPool-1-worker-8 | DEBUG | d.t.c.a.a.c.s.f.ApiVersionFilter     : Adding Version to Request GET /api/courses/321/exams/58/grading-scale/grade-steps/44
    23:42:41.785 |  34 nPool-1-worker-8 | DEBUG | d.t.c.a.a.a.web.GradeStepResource    : REST request to get grade step 44 for exam: 58

  Starting logs for GradeStepIntegrationTest > testGetGradeStepForPlagiarismSpecialGradeForCourse()
    23:42:41.803 |  34 nPool-1-worker-8 | DEBUG | d.t.c.a.a.c.u.util.UserUtilService   : Generate 1 students...
    23:42:41.807 |  34 nPool-1-worker-8 | DEBUG | d.t.c.a.a.c.u.util.UserUtilService   : 1 students generated. Generate 0 tutors...
    23:42:41.808 |  34 nPool-1-worker-8 | DEBUG | d.t.c.a.a.c.u.util.UserUtilService   : 0 tutors generated. Generate 0 editors...
    23:42:41.809 |  34 nPool-1-worker-8 | DEBUG | d.t.c.a.a.c.u.util.UserUtilService   : 0 editors generated. Generate 1 instructors...
    23:42:41.812 |  34 nPool-1-worker-8 | DEBUG | d.t.c.a.a.c.u.util.UserUtilService   : 1 instructors generated
    23:42:41.813 |  34 nPool-1-worker-8 | DEBUG | d.t.c.a.a.c.u.util.UserUtilService   : Removing 2 users from all courses...
    23:42:41.814 |  34 nPool-1-worker-8 | DEBUG | d.t.c.a.a.c.u.util.UserUtilService   : Removing 2 users from all courses. Done
    23:42:41.814 |  34 nPool-1-worker-8 | DEBUG | d.t.c.a.a.c.u.util.UserUtilService   : Save 2 users to database...
    23:42:41.817 |  34 nPool-1-worker-8 | DEBUG | d.t.c.a.a.c.u.util.UserUtilService   : Save 2 users to database. Done
    23:42:41.821 |  34 nPool-1-worker-8 | INFO  | i.z.t.d.l.EmbeddedDatabaseReporter   : JDBC URL to connect to 'dataSource': url='jdbc:h2:tcp://localhost:41063/mem:df70fc46-7e57-4cb5-9cd0-c1d90c14afa7;USER=sa', scope='GradeStepIntegrationTest#testGetGradeStepForPlagiarismSpecialGradeForCourse'
    23:42:41.831 |  34 nPool-1-worker-8 | DEBUG | .c.s.m.InstanceMessageReceiveService : Received schedule participant score for exercise 270 and participant 37 (result to be deleted: null)
    23:42:41.831 |  34 nPool-1-worker-8 | DEBUG | .a.s.ParticipantScoreScheduleService : Scheduled task for exercise 270 and participant 37 at 2025-02-14T23:42:41.931918212Z[Etc/UTC].
    23:42:41.839 |  34 nPool-1-worker-8 | DEBUG | d.t.c.a.a.c.s.f.ApiVersionFilter     : Adding Version to Request GET /api/courses/322/grading-scale/match-grade-step
    23:42:41.839 |  34 nPool-1-worker-8 | DEBUG | d.t.c.a.a.a.web.GradeStepResource    : REST request to get grade step for grade percentage 50.0 for course: 322

  Starting logs for GradeStepIntegrationTest > testGetAllGradeStepsForExam()
    23:42:41.866 |  34 nPool-1-worker-8 | DEBUG | d.t.c.a.a.c.u.util.UserUtilService   : Generate 1 students...
    23:42:41.869 |  34 nPool-1-worker-8 | DEBUG | d.t.c.a.a.c.u.util.UserUtilService   : 1 students generated. Generate 0 tutors...
    23:42:41.870 |  34 nPool-1-worker-8 | DEBUG | d.t.c.a.a.c.u.util.UserUtilService   : 0 tutors generated. Generate 0 editors...
    23:42:41.872 |  34 nPool-1-worker-8 | DEBUG | d.t.c.a.a.c.u.util.UserUtilService   : 0 editors generated. Generate 1 instructors...
    23:42:41.876 |  34 nPool-1-worker-8 | DEBUG | d.t.c.a.a.c.u.util.UserUtilService   : 1 instructors generated
    23:42:41.877 |  34 nPool-1-worker-8 | DEBUG | d.t.c.a.a.c.u.util.UserUtilService   : Removing 2 users from all courses...
    23:42:41.877 |  34 nPool-1-worker-8 | DEBUG | d.t.c.a.a.c.u.util.UserUtilService   : Removing 2 users from all courses. Done
    23:42:41.877 |  34 nPool-1-worker-8 | DEBUG | d.t.c.a.a.c.u.util.UserUtilService   : Save 2 users to database...
    23:42:41.881 |  34 nPool-1-worker-8 | DEBUG | d.t.c.a.a.c.u.util.UserUtilService   : Save 2 users to database. Done
    23:42:41.885 |  34 nPool-1-worker-8 | INFO  | i.z.t.d.l.EmbeddedDatabaseReporter   : JDBC URL to connect to 'dataSource': url='jdbc:h2:tcp://localhost:41063/mem:df70fc46-7e57-4cb5-9cd0-c1d90c14afa7;USER=sa', scope='GradeStepIntegrationTest#testGetAllGradeStepsForExam'
    23:42:41.889 |  34 nPool-1-worker-8 | DEBUG | d.t.c.a.a.c.s.f.ApiVersionFilter     : Adding Version to Request GET /api/courses/323/exams/60/grading-scale/grade-steps
    23:42:41.890 |  34 nPool-1-worker-8 | DEBUG | d.t.c.a.a.a.web.GradeStepResource    : REST request to get all grade steps for exam: 60

Finished logs for GradeStepIntegrationTest
]]></system-out>
  <system-err><![CDATA[]]></system-err>
</testsuite>
