<?xml version="1.0" encoding="UTF-8"?>
<testsuite name="de.tum.cit.aet.artemis.exercise.participation.ParticipationSubmissionIntegrationTest" tests="4" skipped="0" failures="0" errors="0" timestamp="2025-02-14T23:45:59" hostname="fv-az1721-502" time="0.202">
  <properties/>
  <testcase name="deleteParticipation_notFound()" classname="de.tum.cit.aet.artemis.exercise.participation.ParticipationSubmissionIntegrationTest" time="0.03"/>
  <testcase name="deleteParticipation_forbidden_tutor()" classname="de.tum.cit.aet.artemis.exercise.participation.ParticipationSubmissionIntegrationTest" time="0.043"/>
  <testcase name="deleteSubmissionOfParticipation()" classname="de.tum.cit.aet.artemis.exercise.participation.ParticipationSubmissionIntegrationTest" time="0.09"/>
  <testcase name="deleteParticipation_forbidden_student()" classname="de.tum.cit.aet.artemis.exercise.participation.ParticipationSubmissionIntegrationTest" time="0.033"/>
  <system-out><![CDATA[
Starting logs for ParticipationSubmissionIntegrationTest

  Starting logs for ParticipationSubmissionIntegrationTest > deleteParticipation_notFound()
    23:45:59.200 | 379 ool-1-worker-143 | DEBUG | d.t.c.a.a.c.u.util.UserUtilService   : Generate 1 students...
    23:45:59.202 | 379 ool-1-worker-143 | DEBUG | d.t.c.a.a.c.u.util.UserUtilService   : 1 students generated. Generate 1 tutors...
    23:45:59.204 | 379 ool-1-worker-143 | DEBUG | d.t.c.a.a.c.u.util.UserUtilService   : 1 tutors generated. Generate 0 editors...
    23:45:59.205 | 379 ool-1-worker-143 | DEBUG | d.t.c.a.a.c.u.util.UserUtilService   : 0 editors generated. Generate 1 instructors...
    23:45:59.207 | 379 ool-1-worker-143 | DEBUG | d.t.c.a.a.c.u.util.UserUtilService   : 1 instructors generated
    23:45:59.209 | 379 ool-1-worker-143 | DEBUG | d.t.c.a.a.c.u.util.UserUtilService   : Removing 5 users from all courses...
    23:45:59.210 | 379 ool-1-worker-143 | DEBUG | d.t.c.a.a.c.u.util.UserUtilService   : Removing 5 users from all courses. Done
    23:45:59.210 | 379 ool-1-worker-143 | DEBUG | d.t.c.a.a.c.u.util.UserUtilService   : Save 3 users to database...
    23:45:59.211 | 379 ool-1-worker-143 | DEBUG | d.t.c.a.a.c.u.util.UserUtilService   : Save 3 users to database. Done
    23:45:59.214 | 379 ool-1-worker-143 | INFO  | i.z.t.d.l.EmbeddedDatabaseReporter   : JDBC URL to connect to 'dataSource': url='jdbc:h2:tcp://localhost:41063/mem:df70fc46-7e57-4cb5-9cd0-c1d90c14afa7;USER=sa', scope='ParticipationSubmissionIntegrationTest#deleteParticipation_notFound'
    23:45:59.215 | 379 ool-1-worker-143 | DEBUG | d.t.c.a.a.c.s.f.ApiVersionFilter     : Adding Version to Request DELETE /api/submissions/-1
    23:45:59.217 | 379 ool-1-worker-143 | DEBUG | d.t.c.a.a.e.web.SubmissionResource   : REST request to delete Submission : -1
    23:45:59.218 | 379 ool-1-worker-143 | ERROR | d.t.c.a.a.e.web.SubmissionResource   : Submission with id: -1 cannot be deleted

  Starting logs for ParticipationSubmissionIntegrationTest > deleteParticipation_forbidden_tutor()
    23:45:59.231 | 379 ool-1-worker-143 | DEBUG | d.t.c.a.a.c.u.util.UserUtilService   : Generate 1 students...
    23:45:59.233 | 379 ool-1-worker-143 | DEBUG | d.t.c.a.a.c.u.util.UserUtilService   : 1 students generated. Generate 1 tutors...
    23:45:59.236 | 379 ool-1-worker-143 | DEBUG | d.t.c.a.a.c.u.util.UserUtilService   : 1 tutors generated. Generate 0 editors...
    23:45:59.237 | 379 ool-1-worker-143 | DEBUG | d.t.c.a.a.c.u.util.UserUtilService   : 0 editors generated. Generate 1 instructors...
    23:45:59.240 | 379 ool-1-worker-143 | DEBUG | d.t.c.a.a.c.u.util.UserUtilService   : 1 instructors generated
    23:45:59.242 | 379 ool-1-worker-143 | DEBUG | d.t.c.a.a.c.u.util.UserUtilService   : Removing 3 users from all courses...
    23:45:59.242 | 379 ool-1-worker-143 | DEBUG | d.t.c.a.a.c.u.util.UserUtilService   : Removing 3 users from all courses. Done
    23:45:59.242 | 379 ool-1-worker-143 | DEBUG | d.t.c.a.a.c.u.util.UserUtilService   : Save 3 users to database...
    23:45:59.254 | 379 ool-1-worker-143 | DEBUG | d.t.c.a.a.c.u.util.UserUtilService   : Save 3 users to database. Done
    23:45:59.258 | 379 ool-1-worker-143 | INFO  | i.z.t.d.l.EmbeddedDatabaseReporter   : JDBC URL to connect to 'dataSource': url='jdbc:h2:tcp://localhost:41063/mem:df70fc46-7e57-4cb5-9cd0-c1d90c14afa7;USER=sa', scope='ParticipationSubmissionIntegrationTest#deleteParticipation_forbidden_tutor'
    23:45:59.259 | 379 ool-1-worker-143 | DEBUG | d.t.c.a.a.c.s.f.ApiVersionFilter     : Adding Version to Request DELETE /api/submissions/1
    23:45:59.261 | 379 ool-1-worker-143 | WARN  | o.z.p.spring.common.AdviceTraits     : Forbidden: Access Denied

  Starting logs for ParticipationSubmissionIntegrationTest > deleteSubmissionOfParticipation()
    23:45:59.275 | 379 ool-1-worker-143 | DEBUG | d.t.c.a.a.c.u.util.UserUtilService   : Generate 1 students...
    23:45:59.278 | 379 ool-1-worker-143 | DEBUG | d.t.c.a.a.c.u.util.UserUtilService   : 1 students generated. Generate 1 tutors...
    23:45:59.283 | 379 ool-1-worker-143 | DEBUG | d.t.c.a.a.c.u.util.UserUtilService   : 1 tutors generated. Generate 0 editors...
    23:45:59.284 | 379 ool-1-worker-143 | DEBUG | d.t.c.a.a.c.u.util.UserUtilService   : 0 editors generated. Generate 1 instructors...
    23:45:59.293 | 379 ool-1-worker-143 | DEBUG | d.t.c.a.a.c.u.util.UserUtilService   : 1 instructors generated
    23:45:59.295 | 379 ool-1-worker-143 | DEBUG | d.t.c.a.a.c.u.util.UserUtilService   : Removing 3 users from all courses...
    23:45:59.295 | 379 ool-1-worker-143 | DEBUG | d.t.c.a.a.c.u.util.UserUtilService   : Removing 3 users from all courses. Done
    23:45:59.295 | 379 ool-1-worker-143 | DEBUG | d.t.c.a.a.c.u.util.UserUtilService   : Save 3 users to database...
    23:45:59.301 | 379 ool-1-worker-143 | DEBUG | d.t.c.a.a.c.u.util.UserUtilService   : Save 3 users to database. Done
    23:45:59.305 | 379 ool-1-worker-143 | INFO  | i.z.t.d.l.EmbeddedDatabaseReporter   : JDBC URL to connect to 'dataSource': url='jdbc:h2:tcp://localhost:41063/mem:df70fc46-7e57-4cb5-9cd0-c1d90c14afa7;USER=sa', scope='ParticipationSubmissionIntegrationTest#deleteSubmissionOfParticipation'
    23:45:59.314 | 379 ool-1-worker-143 | DEBUG | .c.s.m.InstanceMessageReceiveService : Received schedule participant score for exercise 1990 and participant 410 (result to be deleted: null)
    23:45:59.314 | 379 ool-1-worker-143 | DEBUG | .a.s.ParticipantScoreScheduleService : Scheduled task for exercise 1990 and participant 410 at 2025-02-14T23:45:59.414786597Z[Etc/UTC].
    23:45:59.324 | 379 ool-1-worker-143 | DEBUG | .c.s.m.InstanceMessageReceiveService : Received schedule participant score for exercise 1990 and participant 410 (result to be deleted: null)
    23:45:59.324 | 379 ool-1-worker-143 | DEBUG | .a.s.ParticipantScoreScheduleService : Scheduled task for exercise 1990 and participant 410 at 2025-02-14T23:45:59.424148456Z[Etc/UTC].
    23:45:59.327 | 379 ool-1-worker-143 | DEBUG | d.t.c.a.a.c.s.f.ApiVersionFilter     : Adding Version to Request DELETE /api/submissions/1013
    23:45:59.328 | 379 ool-1-worker-143 | DEBUG | d.t.c.a.a.e.web.SubmissionResource   : REST request to delete Submission : 1013
    23:45:59.332 | 379 ool-1-worker-143 | DEBUG | d.t.c.a.a.a.service.ResultService    : Delete result 883
    23:45:59.332 | 379 ool-1-worker-143 | DEBUG | d.t.c.a.a.a.service.ResultService    : Delete result references 883
    23:45:59.338 | 379 ool-1-worker-143 | DEBUG | .c.s.m.InstanceMessageReceiveService : Received schedule participant score for exercise 1990 and participant 410 (result to be deleted: 883)
    23:45:59.338 | 379 ool-1-worker-143 | DEBUG | .a.s.ParticipantScoreScheduleService : Scheduled task for exercise 1990 and participant 410 at 2025-02-14T23:45:59.438541728Z[Etc/UTC].
    23:45:59.343 | 566 localvc.event-13 | DEBUG | a.a.b.s.SharedQueueProcessingService : CIBuildJobQueueItem added to queue: BuildJobQueueItem[id=20471739576759335, name=SHORT07624A260BD060493708A050BB6FAE261DD5TSTEXC-LOCALVCCIINTSTUDENT1, buildAgent=BuildAgentDTO[name=null, memberAddress=null, displayName=null], participationId=2047, courseId=999, exerciseId=2616, retryCount=0, priority=2, status=null, repositoryInfo=RepositoryInfo[repositoryName=short07624a260bd060493708a050bb6fae261dd5tstexc-localvcciintstudent1, repositoryType=user, triggeredByPushTo=user, assignmentRepositoryUri=http://localhost:49152/git/SHORT07624A260BD060493708A050BB6FAE261DD5TSTEXC/short07624a260bd060493708a050bb6fae261dd5tstexc-localvcciintstudent1.git, testRepositoryUri=http://localhost:49152/git/SHORT07624A260BD060493708A050BB6FAE261DD5TSTEXC/short07624a260bd060493708a050bb6fae261dd5tstexc-tests.git, solutionRepositoryUri=null, auxiliaryRepositoryUris=[Ljava.lang.String;@36d07198, auxiliaryRepositoryCheckoutDirectories=[Ljava.lang.String;@72dae052], jobTimingInfo=JobTimingInfo[submissionDate=2025-02-14T23:45:59.335772293Z[Etc/UTC], buildStartDate=null, buildCompletionDate=null, estimatedCompletionDate=null, estimatedDuration=19], buildConfig=BuildConfig[buildScript=#!/bin/bash
cd /var/tmp/testing-dir
chmod +x ./gradlew
./gradlew clean test
, dockerImage=dummy-docker-image:latest, commitHashToBuild=18a07c7296dd70e3280c5bdcec7fccd0be6b8148, assignmentCommitHash=18a07c7296dd70e3280c5bdcec7fccd0be6b8148, testCommitHash=d654a233667bae063bb900e455fd2da456e10333, branch=main, programmingLanguage=JAVA, projectType=PLAIN_GRADLE, scaEnabled=false, sequentialTestRunsEnabled=false, resultPaths=[/var/tmp/testing-dir/**/test-results/test/*.xml], timeoutSeconds=0, assignmentCheckoutPath=null, testCheckoutPath=null, solutionCheckoutPath=null, dockerRunConfig=null], submissionResult=null]
    23:45:59.343 | 566 localvc.event-13 | DEBUG | a.a.b.s.SharedQueueProcessingService : Current queued items: 1
    23:45:59.343 | 566 localvc.event-13 | DEBUG | a.a.b.s.SharedQueueProcessingService : Currently processing jobs on this node: 0, active threads in Pool: 0, maximum pool size of thread executor : 1
    23:45:59.343 | 566 localvc.event-13 | DEBUG | a.a.b.s.SharedQueueProcessingService : Currently processing jobs on this node: 0, active threads in Pool: 0, maximum pool size of thread executor : 1
    23:45:59.344 | 565 localvc.event-12 | DEBUG | a.p.s.l.LocalCIQueueWebsocketService : CIBuildJobQueueItem added to processing jobs: BuildJobQueueItem[id=20471739576759335, name=SHORT07624A260BD060493708A050BB6FAE261DD5TSTEXC-LOCALVCCIINTSTUDENT1, buildAgent=BuildAgentDTO[name=artemis-build-agent-test, memberAddress=[127.0.0.1]:5703, displayName=artemis-build-agent-test], participationId=2047, courseId=999, exerciseId=2616, retryCount=0, priority=2, status=null, repositoryInfo=RepositoryInfo[repositoryName=short07624a260bd060493708a050bb6fae261dd5tstexc-localvcciintstudent1, repositoryType=user, triggeredByPushTo=user, assignmentRepositoryUri=http://localhost:49152/git/SHORT07624A260BD060493708A050BB6FAE261DD5TSTEXC/short07624a260bd060493708a050bb6fae261dd5tstexc-localvcciintstudent1.git, testRepositoryUri=http://localhost:49152/git/SHORT07624A260BD060493708A050BB6FAE261DD5TSTEXC/short07624a260bd060493708a050bb6fae261dd5tstexc-tests.git, solutionRepositoryUri=null, auxiliaryRepositoryUris=[Ljava.lang.String;@6d4c54ec, auxiliaryRepositoryCheckoutDirectories=[Ljava.lang.String;@237ab2dd], jobTimingInfo=JobTimingInfo[submissionDate=2025-02-14T23:45:59.335772293Z[Etc/UTC], buildStartDate=2025-02-14T23:45:59.344175895Z[Etc/UTC], buildCompletionDate=null, estimatedCompletionDate=2025-02-14T23:46:18.344169813Z[Etc/UTC], estimatedDuration=19], buildConfig=BuildConfig[buildScript=#!/bin/bash
cd /var/tmp/testing-dir
chmod +x ./gradlew
./gradlew clean test
, dockerImage=dummy-docker-image:latest, commitHashToBuild=18a07c7296dd70e3280c5bdcec7fccd0be6b8148, assignmentCommitHash=18a07c7296dd70e3280c5bdcec7fccd0be6b8148, testCommitHash=d654a233667bae063bb900e455fd2da456e10333, branch=main, programmingLanguage=JAVA, projectType=PLAIN_GRADLE, scaEnabled=false, sequentialTestRunsEnabled=false, resultPaths=[/var/tmp/testing-dir/**/test-results/test/*.xml], timeoutSeconds=0, assignmentCheckoutPath=null, testCheckoutPath=null, solutionCheckoutPath=null, dockerRunConfig=null], submissionResult=null]
    23:45:59.344 | 565 localvc.event-12 | DEBUG | s.l.LocalCIWebsocketMessagingService : Sending message on topic /topic/admin/running-jobs: [BuildJobQueueItem[id=20471739576759335, name=SHORT07624A260BD060493708A050BB6FAE261DD5TSTEXC-LOCALVCCIINTSTUDENT1, buildAgent=BuildAgentDTO[name=artemis-build-agent-test, memberAddress=[127.0.0.1]:5703, displayName=artemis-build-agent-test], participationId=2047, courseId=999, exerciseId=2616, retryCount=0, priority=2, status=null, repositoryInfo=RepositoryInfo[repositoryName=short07624a260bd060493708a050bb6fae261dd5tstexc-localvcciintstudent1, repositoryType=user, triggeredByPushTo=user, assignmentRepositoryUri=, testRepositoryUri=, solutionRepositoryUri=, auxiliaryRepositoryUris=null, auxiliaryRepositoryCheckoutDirectories=null], jobTimingInfo=JobTimingInfo[submissionDate=2025-02-14T23:45:59.335772293Z[Etc/UTC], buildStartDate=2025-02-14T23:45:59.344175895Z[Etc/UTC], buildCompletionDate=null, estimatedCompletionDate=2025-02-14T23:46:18.344169813Z[Etc/UTC], estimatedDuration=19], buildConfig=BuildConfig[buildScript=, dockerImage=, commitHashToBuild=18a07c7296dd70e3280c5bdcec7fccd0be6b8148, assignmentCommitHash=, testCommitHash=, branch=, programmingLanguage=null, projectType=null, scaEnabled=false, sequentialTestRunsEnabled=false, resultPaths=null, timeoutSeconds=0, assignmentCheckoutPath=, testCheckoutPath=, solutionCheckoutPath=, dockerRunConfig=null], submissionResult=null]]
    23:45:59.345 | 565 localvc.event-12 | DEBUG | s.l.LocalCIWebsocketMessagingService : Sending message on topic /topic/courses/999/running-jobs: [BuildJobQueueItem[id=20471739576759335, name=SHORT07624A260BD060493708A050BB6FAE261DD5TSTEXC-LOCALVCCIINTSTUDENT1, buildAgent=BuildAgentDTO[name=artemis-build-agent-test, memberAddress=[127.0.0.1]:5703, displayName=artemis-build-agent-test], participationId=2047, courseId=999, exerciseId=2616, retryCount=0, priority=2, status=null, repositoryInfo=RepositoryInfo[repositoryName=short07624a260bd060493708a050bb6fae261dd5tstexc-localvcciintstudent1, repositoryType=user, triggeredByPushTo=user, assignmentRepositoryUri=, testRepositoryUri=, solutionRepositoryUri=, auxiliaryRepositoryUris=null, auxiliaryRepositoryCheckoutDirectories=null], jobTimingInfo=JobTimingInfo[submissionDate=2025-02-14T23:45:59.335772293Z[Etc/UTC], buildStartDate=2025-02-14T23:45:59.344175895Z[Etc/UTC], buildCompletionDate=null, estimatedCompletionDate=2025-02-14T23:46:18.344169813Z[Etc/UTC], estimatedDuration=19], buildConfig=BuildConfig[buildScript=, dockerImage=, commitHashToBuild=18a07c7296dd70e3280c5bdcec7fccd0be6b8148, assignmentCommitHash=, testCommitHash=, branch=, programmingLanguage=null, projectType=null, scaEnabled=false, sequentialTestRunsEnabled=false, resultPaths=null, timeoutSeconds=0, assignmentCheckoutPath=, testCheckoutPath=, solutionCheckoutPath=, dockerRunConfig=null], submissionResult=null]]
    23:45:59.352 | 566 localvc.event-13 | INFO  | a.a.b.s.SharedQueueProcessingService : Processing build job: BuildJobQueueItem[id=20471739576759335, name=SHORT07624A260BD060493708A050BB6FAE261DD5TSTEXC-LOCALVCCIINTSTUDENT1, buildAgent=BuildAgentDTO[name=artemis-build-agent-test, memberAddress=[127.0.0.1]:5703, displayName=artemis-build-agent-test], participationId=2047, courseId=999, exerciseId=2616, retryCount=0, priority=2, status=null, repositoryInfo=RepositoryInfo[repositoryName=short07624a260bd060493708a050bb6fae261dd5tstexc-localvcciintstudent1, repositoryType=user, triggeredByPushTo=user, assignmentRepositoryUri=http://localhost:49152/git/SHORT07624A260BD060493708A050BB6FAE261DD5TSTEXC/short07624a260bd060493708a050bb6fae261dd5tstexc-localvcciintstudent1.git, testRepositoryUri=http://localhost:49152/git/SHORT07624A260BD060493708A050BB6FAE261DD5TSTEXC/short07624a260bd060493708a050bb6fae261dd5tstexc-tests.git, solutionRepositoryUri=null, auxiliaryRepositoryUris=[Ljava.lang.String;@50e338d2, auxiliaryRepositoryCheckoutDirectories=[Ljava.lang.String;@17918738], jobTimingInfo=JobTimingInfo[submissionDate=2025-02-14T23:45:59.335772293Z[Etc/UTC], buildStartDate=2025-02-14T23:45:59.344175895Z[Etc/UTC], buildCompletionDate=null, estimatedCompletionDate=2025-02-14T23:46:18.344169813Z[Etc/UTC], estimatedDuration=19], buildConfig=BuildConfig[buildScript=#!/bin/bash
cd /var/tmp/testing-dir
chmod +x ./gradlew
./gradlew clean test
, dockerImage=dummy-docker-image:latest, commitHashToBuild=18a07c7296dd70e3280c5bdcec7fccd0be6b8148, assignmentCommitHash=18a07c7296dd70e3280c5bdcec7fccd0be6b8148, testCommitHash=d654a233667bae063bb900e455fd2da456e10333, branch=main, programmingLanguage=JAVA, projectType=PLAIN_GRADLE, scaEnabled=false, sequentialTestRunsEnabled=false, resultPaths=[/var/tmp/testing-dir/**/test-results/test/*.xml], timeoutSeconds=0, assignmentCheckoutPath=null, testCheckoutPath=null, solutionCheckoutPath=null, dockerRunConfig=null], submissionResult=null]

  Starting logs for ParticipationSubmissionIntegrationTest > deleteParticipation_forbidden_student()
    23:45:59.369 | 379 ool-1-worker-143 | DEBUG | d.t.c.a.a.c.u.util.UserUtilService   : Generate 1 students...
    23:45:59.372 | 379 ool-1-worker-143 | DEBUG | d.t.c.a.a.c.u.util.UserUtilService   : 1 students generated. Generate 1 tutors...
    23:45:59.374 | 379 ool-1-worker-143 | DEBUG | d.t.c.a.a.c.u.util.UserUtilService   : 1 tutors generated. Generate 0 editors...
    23:45:59.375 | 379 ool-1-worker-143 | DEBUG | d.t.c.a.a.c.u.util.UserUtilService   : 0 editors generated. Generate 1 instructors...
    23:45:59.378 | 379 ool-1-worker-143 | DEBUG | d.t.c.a.a.c.u.util.UserUtilService   : 1 instructors generated
    23:45:59.380 | 379 ool-1-worker-143 | DEBUG | d.t.c.a.a.c.u.util.UserUtilService   : Removing 3 users from all courses...
    23:45:59.381 | 379 ool-1-worker-143 | DEBUG | d.t.c.a.a.c.u.util.UserUtilService   : Removing 3 users from all courses. Done
    23:45:59.381 | 379 ool-1-worker-143 | DEBUG | d.t.c.a.a.c.u.util.UserUtilService   : Save 3 users to database...
    23:45:59.384 | 379 ool-1-worker-143 | DEBUG | d.t.c.a.a.c.u.util.UserUtilService   : Save 3 users to database. Done
    23:45:59.387 | 379 ool-1-worker-143 | INFO  | i.z.t.d.l.EmbeddedDatabaseReporter   : JDBC URL to connect to 'dataSource': url='jdbc:h2:tcp://localhost:41063/mem:df70fc46-7e57-4cb5-9cd0-c1d90c14afa7;USER=sa', scope='ParticipationSubmissionIntegrationTest#deleteParticipation_forbidden_student'
    23:45:59.388 | 379 ool-1-worker-143 | DEBUG | d.t.c.a.a.c.s.f.ApiVersionFilter     : Adding Version to Request DELETE /api/submissions/1
    23:45:59.389 | 379 ool-1-worker-143 | WARN  | o.z.p.spring.common.AdviceTraits     : Forbidden: Access Denied

Finished logs for ParticipationSubmissionIntegrationTest
]]></system-out>
  <system-err><![CDATA[]]></system-err>
</testsuite>
