<?xml version="1.0" encoding="UTF-8"?>
<testsuite name="de.tum.cit.aet.artemis.programming.SubmissionPolicyIntegrationTest" tests="54" skipped="0" failures="0" errors="0" timestamp="2025-02-14T23:49:15" hostname="fv-az1721-502" time="3.772">
  <properties/>
  <testcase name="test_toggleSubmissionPolicy_ok_lockRepositoryPolicy(boolean) [1] activate=true" classname="de.tum.cit.aet.artemis.programming.SubmissionPolicyIntegrationTest" time="0.056"/>
  <testcase name="test_toggleSubmissionPolicy_ok_lockRepositoryPolicy(boolean) [2] activate=false" classname="de.tum.cit.aet.artemis.programming.SubmissionPolicyIntegrationTest" time="0.061"/>
  <testcase name="test_addSubmissionPolicyToProgrammingExercise_badRequest_activeNull()" classname="de.tum.cit.aet.artemis.programming.SubmissionPolicyIntegrationTest" time="0.056"/>
  <testcase name="test_removeSubmissionPolicyFromProgrammingExercise_forbidden_student()" classname="de.tum.cit.aet.artemis.programming.SubmissionPolicyIntegrationTest" time="0.05"/>
  <testcase name="test_addSubmissionPolicyToProgrammingExercise_badRequest_submissionLimitNull()" classname="de.tum.cit.aet.artemis.programming.SubmissionPolicyIntegrationTest" time="0.052"/>
  <testcase name="test_toggleSubmissionPolicy_ok_submissionPenaltyPolicy(boolean) [1] activate=true" classname="de.tum.cit.aet.artemis.programming.SubmissionPolicyIntegrationTest" time="0.053"/>
  <testcase name="test_toggleSubmissionPolicy_ok_submissionPenaltyPolicy(boolean) [2] activate=false" classname="de.tum.cit.aet.artemis.programming.SubmissionPolicyIntegrationTest" time="0.054"/>
  <testcase name="test_updateSubmissionPolicy_notFound_exerciseNotPresent()" classname="de.tum.cit.aet.artemis.programming.SubmissionPolicyIntegrationTest" time="0.057"/>
  <testcase name="test_toggleSubmissionPolicy_forbidden_tutor()" classname="de.tum.cit.aet.artemis.programming.SubmissionPolicyIntegrationTest" time="0.054"/>
  <testcase name="test_removeSubmissionPolicyFromProgrammingExercise_forbidden_editor()" classname="de.tum.cit.aet.artemis.programming.SubmissionPolicyIntegrationTest" time="0.049"/>
  <testcase name="test_updateSubmissionPolicy_forbidden_student()" classname="de.tum.cit.aet.artemis.programming.SubmissionPolicyIntegrationTest" time="0.049"/>
  <testcase name="test_toggleSubmissionPolicy_forbidden_foreignInstructor()" classname="de.tum.cit.aet.artemis.programming.SubmissionPolicyIntegrationTest" time="0.052"/>
  <testcase name="test_addSubmissionPolicyToProgrammingExercise_badRequest_submissionPenaltySmallerEqualZero()" classname="de.tum.cit.aet.artemis.programming.SubmissionPolicyIntegrationTest" time="0.055"/>
  <testcase name="test_removeSubmissionPolicyFromProgrammingExercise_notFound_exerciseNotPresent()" classname="de.tum.cit.aet.artemis.programming.SubmissionPolicyIntegrationTest" time="0.051"/>
  <testcase name="test_toggleSubmissionPolicy_badRequest_policyNotPresent()" classname="de.tum.cit.aet.artemis.programming.SubmissionPolicyIntegrationTest" time="0.051"/>
  <testcase name="test_addSubmissionPolicyToProgrammingExercise_notFound_exerciseNotPresent()" classname="de.tum.cit.aet.artemis.programming.SubmissionPolicyIntegrationTest" time="0.051"/>
  <testcase name="test_updateSubmissionPolicy_forbidden_editor()" classname="de.tum.cit.aet.artemis.programming.SubmissionPolicyIntegrationTest" time="0.049"/>
  <testcase name="test_toggleSubmissionPolicy_badRequest_policyActiveStatusMatchesRequest(boolean) [1] activate=true" classname="de.tum.cit.aet.artemis.programming.SubmissionPolicyIntegrationTest" time="0.052"/>
  <testcase name="test_toggleSubmissionPolicy_badRequest_policyActiveStatusMatchesRequest(boolean) [2] activate=false" classname="de.tum.cit.aet.artemis.programming.SubmissionPolicyIntegrationTest" time="0.052"/>
  <testcase name="test_addSubmissionPolicyToProgrammingExercise_ok_lockRepositoryPolicy()" classname="de.tum.cit.aet.artemis.programming.SubmissionPolicyIntegrationTest" time="0.055"/>
  <testcase name="test_removeSubmissionPolicyFromProgrammingExercise_ok()" classname="de.tum.cit.aet.artemis.programming.SubmissionPolicyIntegrationTest" time="0.058"/>
  <testcase name="test_removeSubmissionPolicyFromProgrammingExercise_forbidden_tutor()" classname="de.tum.cit.aet.artemis.programming.SubmissionPolicyIntegrationTest" time="0.051"/>
  <testcase name="test_getSubmissionPolicyOfProgrammingExercise_forbidden_foreignStudent()" classname="de.tum.cit.aet.artemis.programming.SubmissionPolicyIntegrationTest" time="0.052"/>
  <testcase name="test_addSubmissionPolicyToProgrammingExercise_badRequest_submissionLimitSmallerOne()" classname="de.tum.cit.aet.artemis.programming.SubmissionPolicyIntegrationTest" time="0.054"/>
  <testcase name="test_updateSubmissionPolicy_ok_submissionPenaltyPolicy()" classname="de.tum.cit.aet.artemis.programming.SubmissionPolicyIntegrationTest" time="0.056"/>
  <testcase name="test_updateSubmissionPolicy_forbidden_foreignInstructor()" classname="de.tum.cit.aet.artemis.programming.SubmissionPolicyIntegrationTest" time="0.052"/>
  <testcase name="test_enforceLockRepositoryPolicyOnStudentParticipation(EnforcePolicyTestType) [1] type=POLICY_NULL" classname="de.tum.cit.aet.artemis.programming.SubmissionPolicyIntegrationTest" time="0.145"/>
  <testcase name="test_enforceLockRepositoryPolicyOnStudentParticipation(EnforcePolicyTestType) [2] type=POLICY_ACTIVE" classname="de.tum.cit.aet.artemis.programming.SubmissionPolicyIntegrationTest" time="0.14"/>
  <testcase name="test_enforceLockRepositoryPolicyOnStudentParticipation(EnforcePolicyTestType) [3] type=POLICY_INACTIVE" classname="de.tum.cit.aet.artemis.programming.SubmissionPolicyIntegrationTest" time="0.163"/>
  <testcase name="test_addSubmissionPolicyToProgrammingExercise_forbidden_student()" classname="de.tum.cit.aet.artemis.programming.SubmissionPolicyIntegrationTest" time="0.05"/>
  <testcase name="test_updateSubmissionPolicy_badRequest_policyNotPresent()" classname="de.tum.cit.aet.artemis.programming.SubmissionPolicyIntegrationTest" time="0.052"/>
  <testcase name="test_updateSubmissionPolicy_ok_lockRepositoryPolicy_newLimitGreater()" classname="de.tum.cit.aet.artemis.programming.SubmissionPolicyIntegrationTest" time="0.121"/>
  <testcase name="test_removeSubmissionPolicyFromProgrammingExercise_forbidden_foreignInstructor()" classname="de.tum.cit.aet.artemis.programming.SubmissionPolicyIntegrationTest" time="0.054"/>
  <testcase name="test_addSubmissionPolicyToProgrammingExercise_ok_submissionPenaltyPolicy()" classname="de.tum.cit.aet.artemis.programming.SubmissionPolicyIntegrationTest" time="0.055"/>
  <testcase name="test_enforceSubmissionPenaltyPolicyOnStudentParticipation(EnforcePolicyTestType) [1] type=POLICY_NULL" classname="de.tum.cit.aet.artemis.programming.SubmissionPolicyIntegrationTest" time="0.203"/>
  <testcase name="test_enforceSubmissionPenaltyPolicyOnStudentParticipation(EnforcePolicyTestType) [2] type=POLICY_ACTIVE" classname="de.tum.cit.aet.artemis.programming.SubmissionPolicyIntegrationTest" time="0.112"/>
  <testcase name="test_enforceSubmissionPenaltyPolicyOnStudentParticipation(EnforcePolicyTestType) [3] type=POLICY_INACTIVE" classname="de.tum.cit.aet.artemis.programming.SubmissionPolicyIntegrationTest" time="0.117"/>
  <testcase name="test_addSubmissionPolicyToProgrammingExercise_forbidden_tutor()" classname="de.tum.cit.aet.artemis.programming.SubmissionPolicyIntegrationTest" time="0.055"/>
  <testcase name="test_addSubmissionPolicyToProgrammingExercise_badRequest_submissionPenaltyNull()" classname="de.tum.cit.aet.artemis.programming.SubmissionPolicyIntegrationTest" time="0.069"/>
  <testcase name="test_addSubmissionPolicyToProgrammingExercise_forbidden_foreignInstructor()" classname="de.tum.cit.aet.artemis.programming.SubmissionPolicyIntegrationTest" time="0.067"/>
  <testcase name="test_addSubmissionPolicyToProgrammingExercise_forbidden_editor()" classname="de.tum.cit.aet.artemis.programming.SubmissionPolicyIntegrationTest" time="0.058"/>
  <testcase name="test_getSubmissionPolicyToProgrammingExercise_ok()" classname="de.tum.cit.aet.artemis.programming.SubmissionPolicyIntegrationTest" time="0.068"/>
  <testcase name="test_addSubmissionPolicyToProgrammingExercise_badRequest_policyHasId()" classname="de.tum.cit.aet.artemis.programming.SubmissionPolicyIntegrationTest" time="0.063"/>
  <testcase name="test_updateSubmissionPolicy_forbidden_tutor()" classname="de.tum.cit.aet.artemis.programming.SubmissionPolicyIntegrationTest" time="0.046"/>
  <testcase name="test_getParticipationSubmissionCount()" classname="de.tum.cit.aet.artemis.programming.SubmissionPolicyIntegrationTest" time="0.128"/>
  <testcase name="test_toggleSubmissionPolicy_notFound_exerciseNotPresent()" classname="de.tum.cit.aet.artemis.programming.SubmissionPolicyIntegrationTest" time="0.045"/>
  <testcase name="test_removeSubmissionPolicyFromProgrammingExercise_badRequest_noPolicyPresent()" classname="de.tum.cit.aet.artemis.programming.SubmissionPolicyIntegrationTest" time="0.046"/>
  <testcase name="test_getSubmissionPolicyToProgrammingExercise_forbidden_foreignInstructor()" classname="de.tum.cit.aet.artemis.programming.SubmissionPolicyIntegrationTest" time="0.048"/>
  <testcase name="test_toggleSubmissionPolicy_forbidden_editor()" classname="de.tum.cit.aet.artemis.programming.SubmissionPolicyIntegrationTest" time="0.045"/>
  <testcase name="test_addSubmissionPolicyToProgrammingExercise_badRequest_exerciseHasPolicy()" classname="de.tum.cit.aet.artemis.programming.SubmissionPolicyIntegrationTest" time="0.046"/>
  <testcase name="test_getSameScoreForSameCommitHash()" classname="de.tum.cit.aet.artemis.programming.SubmissionPolicyIntegrationTest" time="0.1"/>
  <testcase name="test_updateSubmissionPolicy_ok_lockRepositoryPolicy()" classname="de.tum.cit.aet.artemis.programming.SubmissionPolicyIntegrationTest" time="0.051"/>
  <testcase name="test_toggleSubmissionPolicy_forbidden_student()" classname="de.tum.cit.aet.artemis.programming.SubmissionPolicyIntegrationTest" time="0.047"/>
  <testcase name="test_updateSubmissionPolicy_ok_lockRepositoryPolicy_newLimitSmaller()" classname="de.tum.cit.aet.artemis.programming.SubmissionPolicyIntegrationTest" time="0.111"/>
  <system-out><![CDATA[
Starting logs for SubmissionPolicyIntegrationTest

  Starting logs for SubmissionPolicyIntegrationTest > test_toggleSubmissionPolicy_ok_lockRepositoryPolicy(boolean) [1] activate=true
    23:49:15.421 | 468 ool-1-worker-232 | DEBUG | d.t.c.a.a.c.u.util.UserUtilService   : Generate 2 students...
    23:49:15.423 | 468 ool-1-worker-232 | DEBUG | d.t.c.a.a.c.u.util.UserUtilService   : 2 students generated. Generate 1 tutors...
    23:49:15.425 | 468 ool-1-worker-232 | DEBUG | d.t.c.a.a.c.u.util.UserUtilService   : 1 tutors generated. Generate 1 editors...
    23:49:15.426 | 468 ool-1-worker-232 | DEBUG | d.t.c.a.a.c.u.util.UserUtilService   : 1 editors generated. Generate 1 instructors...
    23:49:15.428 | 468 ool-1-worker-232 | DEBUG | d.t.c.a.a.c.u.util.UserUtilService   : 1 instructors generated
    23:49:15.429 | 468 ool-1-worker-232 | DEBUG | d.t.c.a.a.c.u.util.UserUtilService   : Removing 3 users from all courses...
    23:49:15.430 | 468 ool-1-worker-232 | DEBUG | d.t.c.a.a.c.u.util.UserUtilService   : Removing 3 users from all courses. Done
    23:49:15.430 | 468 ool-1-worker-232 | DEBUG | d.t.c.a.a.c.u.util.UserUtilService   : Save 5 users to database...
    23:49:15.432 | 468 ool-1-worker-232 | DEBUG | d.t.c.a.a.c.u.util.UserUtilService   : Save 5 users to database. Done
    23:49:15.455 | 468 ool-1-worker-232 | INFO  | i.z.t.d.l.EmbeddedDatabaseReporter   : JDBC URL to connect to 'dataSource': url='jdbc:h2:tcp://localhost:41063/mem:736625c0-cf5e-400d-aeaa-8a7eabd6262b;USER=sa', scope='SubmissionPolicyIntegrationTest#test_toggleSubmissionPolicy_ok_lockRepositoryPolicy'
    23:49:15.458 | 468 ool-1-worker-232 | DEBUG | d.t.c.a.a.c.s.f.ApiVersionFilter     : Adding Version to Request PUT /api/programming-exercises/3665/submission-policy
    23:49:15.459 | 468 ool-1-worker-232 | DEBUG | t.c.a.a.p.w.SubmissionPolicyResource : REST request to toggle the submission policy for programming exercise 3665

  Starting logs for SubmissionPolicyIntegrationTest > test_toggleSubmissionPolicy_ok_lockRepositoryPolicy(boolean) [2] activate=false
    23:49:15.479 | 468 ool-1-worker-232 | DEBUG | d.t.c.a.a.c.u.util.UserUtilService   : Generate 2 students...
    23:49:15.482 | 468 ool-1-worker-232 | DEBUG | d.t.c.a.a.c.u.util.UserUtilService   : 2 students generated. Generate 1 tutors...
    23:49:15.485 | 468 ool-1-worker-232 | DEBUG | d.t.c.a.a.c.u.util.UserUtilService   : 1 tutors generated. Generate 1 editors...
    23:49:15.487 | 468 ool-1-worker-232 | DEBUG | d.t.c.a.a.c.u.util.UserUtilService   : 1 editors generated. Generate 1 instructors...
    23:49:15.489 | 468 ool-1-worker-232 | DEBUG | d.t.c.a.a.c.u.util.UserUtilService   : 1 instructors generated
    23:49:15.490 | 468 ool-1-worker-232 | DEBUG | d.t.c.a.a.c.u.util.UserUtilService   : Removing 8 users from all courses...
    23:49:15.491 | 468 ool-1-worker-232 | DEBUG | d.t.c.a.a.c.u.util.UserUtilService   : Removing 8 users from all courses. Done
    23:49:15.491 | 468 ool-1-worker-232 | DEBUG | d.t.c.a.a.c.u.util.UserUtilService   : Save 5 users to database...
    23:49:15.499 | 468 ool-1-worker-232 | DEBUG | d.t.c.a.a.c.u.util.UserUtilService   : Save 5 users to database. Done
    23:49:15.522 | 468 ool-1-worker-232 | INFO  | i.z.t.d.l.EmbeddedDatabaseReporter   : JDBC URL to connect to 'dataSource': url='jdbc:h2:tcp://localhost:41063/mem:736625c0-cf5e-400d-aeaa-8a7eabd6262b;USER=sa', scope='SubmissionPolicyIntegrationTest#test_toggleSubmissionPolicy_ok_lockRepositoryPolicy'
    23:49:15.524 | 468 ool-1-worker-232 | DEBUG | d.t.c.a.a.c.s.f.ApiVersionFilter     : Adding Version to Request PUT /api/programming-exercises/3666/submission-policy
    23:49:15.524 | 468 ool-1-worker-232 | DEBUG | t.c.a.a.p.w.SubmissionPolicyResource : REST request to toggle the submission policy for programming exercise 3666

  Starting logs for SubmissionPolicyIntegrationTest > test_addSubmissionPolicyToProgrammingExercise_badRequest_activeNull()
    23:49:15.539 | 468 ool-1-worker-232 | DEBUG | d.t.c.a.a.c.u.util.UserUtilService   : Generate 2 students...
    23:49:15.543 | 468 ool-1-worker-232 | DEBUG | d.t.c.a.a.c.u.util.UserUtilService   : 2 students generated. Generate 1 tutors...
    23:49:15.545 | 468 ool-1-worker-232 | DEBUG | d.t.c.a.a.c.u.util.UserUtilService   : 1 tutors generated. Generate 1 editors...
    23:49:15.547 | 468 ool-1-worker-232 | DEBUG | d.t.c.a.a.c.u.util.UserUtilService   : 1 editors generated. Generate 1 instructors...
    23:49:15.549 | 468 ool-1-worker-232 | DEBUG | d.t.c.a.a.c.u.util.UserUtilService   : 1 instructors generated
    23:49:15.551 | 468 ool-1-worker-232 | DEBUG | d.t.c.a.a.c.u.util.UserUtilService   : Removing 8 users from all courses...
    23:49:15.552 | 468 ool-1-worker-232 | DEBUG | d.t.c.a.a.c.u.util.UserUtilService   : Removing 8 users from all courses. Done
    23:49:15.552 | 468 ool-1-worker-232 | DEBUG | d.t.c.a.a.c.u.util.UserUtilService   : Save 5 users to database...
    23:49:15.554 | 468 ool-1-worker-232 | DEBUG | d.t.c.a.a.c.u.util.UserUtilService   : Save 5 users to database. Done
    23:49:15.578 | 468 ool-1-worker-232 | INFO  | i.z.t.d.l.EmbeddedDatabaseReporter   : JDBC URL to connect to 'dataSource': url='jdbc:h2:tcp://localhost:41063/mem:736625c0-cf5e-400d-aeaa-8a7eabd6262b;USER=sa', scope='SubmissionPolicyIntegrationTest#test_addSubmissionPolicyToProgrammingExercise_badRequest_activeNull'
    23:49:15.581 | 468 ool-1-worker-232 | DEBUG | d.t.c.a.a.c.s.f.ApiVersionFilter     : Adding Version to Request POST /api/programming-exercises/3667/submission-policy
    23:49:15.583 | 468 ool-1-worker-232 | DEBUG | t.c.a.a.p.w.SubmissionPolicyResource : REST request to add submission policy to programming exercise 3667
    23:49:15.585 | 468 ool-1-worker-232 | ERROR | tech.jhipster.web.util.HeaderUtil    : Entity processing failed, Submission policies must be activated or deactivated. Activation cannot be null.
    23:49:15.585 | 468 ool-1-worker-232 | WARN  | o.z.p.spring.common.AdviceTraits     : Bad Request: Submission policies must be activated or deactivated. Activation cannot be null.

  Starting logs for SubmissionPolicyIntegrationTest > test_removeSubmissionPolicyFromProgrammingExercise_forbidden_student()
    23:49:15.596 | 468 ool-1-worker-232 | DEBUG | d.t.c.a.a.c.u.util.UserUtilService   : Generate 2 students...
    23:49:15.600 | 468 ool-1-worker-232 | DEBUG | d.t.c.a.a.c.u.util.UserUtilService   : 2 students generated. Generate 1 tutors...
    23:49:15.602 | 468 ool-1-worker-232 | DEBUG | d.t.c.a.a.c.u.util.UserUtilService   : 1 tutors generated. Generate 1 editors...
    23:49:15.604 | 468 ool-1-worker-232 | DEBUG | d.t.c.a.a.c.u.util.UserUtilService   : 1 editors generated. Generate 1 instructors...
    23:49:15.606 | 468 ool-1-worker-232 | DEBUG | d.t.c.a.a.c.u.util.UserUtilService   : 1 instructors generated
    23:49:15.608 | 468 ool-1-worker-232 | DEBUG | d.t.c.a.a.c.u.util.UserUtilService   : Removing 8 users from all courses...
    23:49:15.609 | 468 ool-1-worker-232 | DEBUG | d.t.c.a.a.c.u.util.UserUtilService   : Removing 8 users from all courses. Done
    23:49:15.609 | 468 ool-1-worker-232 | DEBUG | d.t.c.a.a.c.u.util.UserUtilService   : Save 5 users to database...
    23:49:15.612 | 468 ool-1-worker-232 | DEBUG | d.t.c.a.a.c.u.util.UserUtilService   : Save 5 users to database. Done
    23:49:15.635 | 468 ool-1-worker-232 | INFO  | i.z.t.d.l.EmbeddedDatabaseReporter   : JDBC URL to connect to 'dataSource': url='jdbc:h2:tcp://localhost:41063/mem:736625c0-cf5e-400d-aeaa-8a7eabd6262b;USER=sa', scope='SubmissionPolicyIntegrationTest#test_removeSubmissionPolicyFromProgrammingExercise_forbidden_student'
    23:49:15.636 | 468 ool-1-worker-232 | DEBUG | d.t.c.a.a.c.s.f.ApiVersionFilter     : Adding Version to Request DELETE /api/programming-exercises/3668/submission-policy
    23:49:15.637 | 468 ool-1-worker-232 | WARN  | o.z.p.spring.common.AdviceTraits     : Forbidden: Access Denied

  Starting logs for SubmissionPolicyIntegrationTest > test_addSubmissionPolicyToProgrammingExercise_badRequest_submissionLimitNull()
    23:49:15.648 | 468 ool-1-worker-232 | DEBUG | d.t.c.a.a.c.u.util.UserUtilService   : Generate 2 students...
    23:49:15.651 | 468 ool-1-worker-232 | DEBUG | d.t.c.a.a.c.u.util.UserUtilService   : 2 students generated. Generate 1 tutors...
    23:49:15.654 | 468 ool-1-worker-232 | DEBUG | d.t.c.a.a.c.u.util.UserUtilService   : 1 tutors generated. Generate 1 editors...
    23:49:15.656 | 468 ool-1-worker-232 | DEBUG | d.t.c.a.a.c.u.util.UserUtilService   : 1 editors generated. Generate 1 instructors...
    23:49:15.658 | 468 ool-1-worker-232 | DEBUG | d.t.c.a.a.c.u.util.UserUtilService   : 1 instructors generated
    23:49:15.659 | 468 ool-1-worker-232 | DEBUG | d.t.c.a.a.c.u.util.UserUtilService   : Removing 8 users from all courses...
    23:49:15.660 | 468 ool-1-worker-232 | DEBUG | d.t.c.a.a.c.u.util.UserUtilService   : Removing 8 users from all courses. Done
    23:49:15.660 | 468 ool-1-worker-232 | DEBUG | d.t.c.a.a.c.u.util.UserUtilService   : Save 5 users to database...
    23:49:15.663 | 468 ool-1-worker-232 | DEBUG | d.t.c.a.a.c.u.util.UserUtilService   : Save 5 users to database. Done
    23:49:15.687 | 468 ool-1-worker-232 | INFO  | i.z.t.d.l.EmbeddedDatabaseReporter   : JDBC URL to connect to 'dataSource': url='jdbc:h2:tcp://localhost:41063/mem:736625c0-cf5e-400d-aeaa-8a7eabd6262b;USER=sa', scope='SubmissionPolicyIntegrationTest#test_addSubmissionPolicyToProgrammingExercise_badRequest_submissionLimitNull'
    23:49:15.688 | 468 ool-1-worker-232 | DEBUG | d.t.c.a.a.c.s.f.ApiVersionFilter     : Adding Version to Request POST /api/programming-exercises/3669/submission-policy
    23:49:15.688 | 468 ool-1-worker-232 | DEBUG | t.c.a.a.p.w.SubmissionPolicyResource : REST request to add submission policy to programming exercise 3669
    23:49:15.691 | 468 ool-1-worker-232 | ERROR | tech.jhipster.web.util.HeaderUtil    : Entity processing failed, The submission limit of submission policies must be greater than 0.
    23:49:15.691 | 468 ool-1-worker-232 | WARN  | o.z.p.spring.common.AdviceTraits     : Bad Request: The submission limit of submission policies must be greater than 0.

  Starting logs for SubmissionPolicyIntegrationTest > test_toggleSubmissionPolicy_ok_submissionPenaltyPolicy(boolean) [1] activate=true
    23:49:15.701 | 468 ool-1-worker-232 | DEBUG | d.t.c.a.a.c.u.util.UserUtilService   : Generate 2 students...
    23:49:15.705 | 468 ool-1-worker-232 | DEBUG | d.t.c.a.a.c.u.util.UserUtilService   : 2 students generated. Generate 1 tutors...
    23:49:15.707 | 468 ool-1-worker-232 | DEBUG | d.t.c.a.a.c.u.util.UserUtilService   : 1 tutors generated. Generate 1 editors...
    23:49:15.709 | 468 ool-1-worker-232 | DEBUG | d.t.c.a.a.c.u.util.UserUtilService   : 1 editors generated. Generate 1 instructors...
    23:49:15.712 | 468 ool-1-worker-232 | DEBUG | d.t.c.a.a.c.u.util.UserUtilService   : 1 instructors generated
    23:49:15.713 | 468 ool-1-worker-232 | DEBUG | d.t.c.a.a.c.u.util.UserUtilService   : Removing 8 users from all courses...
    23:49:15.714 | 468 ool-1-worker-232 | DEBUG | d.t.c.a.a.c.u.util.UserUtilService   : Removing 8 users from all courses. Done
    23:49:15.714 | 468 ool-1-worker-232 | DEBUG | d.t.c.a.a.c.u.util.UserUtilService   : Save 5 users to database...
    23:49:15.717 | 468 ool-1-worker-232 | DEBUG | d.t.c.a.a.c.u.util.UserUtilService   : Save 5 users to database. Done
    23:49:15.741 | 468 ool-1-worker-232 | INFO  | i.z.t.d.l.EmbeddedDatabaseReporter   : JDBC URL to connect to 'dataSource': url='jdbc:h2:tcp://localhost:41063/mem:736625c0-cf5e-400d-aeaa-8a7eabd6262b;USER=sa', scope='SubmissionPolicyIntegrationTest#test_toggleSubmissionPolicy_ok_submissionPenaltyPolicy'
    23:49:15.743 | 468 ool-1-worker-232 | DEBUG | d.t.c.a.a.c.s.f.ApiVersionFilter     : Adding Version to Request PUT /api/programming-exercises/3670/submission-policy
    23:49:15.743 | 468 ool-1-worker-232 | DEBUG | t.c.a.a.p.w.SubmissionPolicyResource : REST request to toggle the submission policy for programming exercise 3670

  Starting logs for SubmissionPolicyIntegrationTest > test_toggleSubmissionPolicy_ok_submissionPenaltyPolicy(boolean) [2] activate=false
    23:49:15.757 | 468 ool-1-worker-232 | DEBUG | d.t.c.a.a.c.u.util.UserUtilService   : Generate 2 students...
    23:49:15.760 | 468 ool-1-worker-232 | DEBUG | d.t.c.a.a.c.u.util.UserUtilService   : 2 students generated. Generate 1 tutors...
    23:49:15.762 | 468 ool-1-worker-232 | DEBUG | d.t.c.a.a.c.u.util.UserUtilService   : 1 tutors generated. Generate 1 editors...
    23:49:15.765 | 468 ool-1-worker-232 | DEBUG | d.t.c.a.a.c.u.util.UserUtilService   : 1 editors generated. Generate 1 instructors...
    23:49:15.767 | 468 ool-1-worker-232 | DEBUG | d.t.c.a.a.c.u.util.UserUtilService   : 1 instructors generated
    23:49:15.768 | 468 ool-1-worker-232 | DEBUG | d.t.c.a.a.c.u.util.UserUtilService   : Removing 8 users from all courses...
    23:49:15.769 | 468 ool-1-worker-232 | DEBUG | d.t.c.a.a.c.u.util.UserUtilService   : Removing 8 users from all courses. Done
    23:49:15.769 | 468 ool-1-worker-232 | DEBUG | d.t.c.a.a.c.u.util.UserUtilService   : Save 5 users to database...
    23:49:15.772 | 468 ool-1-worker-232 | DEBUG | d.t.c.a.a.c.u.util.UserUtilService   : Save 5 users to database. Done
    23:49:15.796 | 468 ool-1-worker-232 | INFO  | i.z.t.d.l.EmbeddedDatabaseReporter   : JDBC URL to connect to 'dataSource': url='jdbc:h2:tcp://localhost:41063/mem:736625c0-cf5e-400d-aeaa-8a7eabd6262b;USER=sa', scope='SubmissionPolicyIntegrationTest#test_toggleSubmissionPolicy_ok_submissionPenaltyPolicy'
    23:49:15.798 | 468 ool-1-worker-232 | DEBUG | d.t.c.a.a.c.s.f.ApiVersionFilter     : Adding Version to Request PUT /api/programming-exercises/3671/submission-policy
    23:49:15.798 | 468 ool-1-worker-232 | DEBUG | t.c.a.a.p.w.SubmissionPolicyResource : REST request to toggle the submission policy for programming exercise 3671

  Starting logs for SubmissionPolicyIntegrationTest > test_updateSubmissionPolicy_notFound_exerciseNotPresent()
    23:49:15.812 | 468 ool-1-worker-232 | DEBUG | d.t.c.a.a.c.u.util.UserUtilService   : Generate 2 students...
    23:49:15.815 | 468 ool-1-worker-232 | DEBUG | d.t.c.a.a.c.u.util.UserUtilService   : 2 students generated. Generate 1 tutors...
    23:49:15.817 | 468 ool-1-worker-232 | DEBUG | d.t.c.a.a.c.u.util.UserUtilService   : 1 tutors generated. Generate 1 editors...
    23:49:15.820 | 468 ool-1-worker-232 | DEBUG | d.t.c.a.a.c.u.util.UserUtilService   : 1 editors generated. Generate 1 instructors...
    23:49:15.822 | 468 ool-1-worker-232 | DEBUG | d.t.c.a.a.c.u.util.UserUtilService   : 1 instructors generated
    23:49:15.823 | 468 ool-1-worker-232 | DEBUG | d.t.c.a.a.c.u.util.UserUtilService   : Removing 8 users from all courses...
    23:49:15.824 | 468 ool-1-worker-232 | DEBUG | d.t.c.a.a.c.u.util.UserUtilService   : Removing 8 users from all courses. Done
    23:49:15.824 | 468 ool-1-worker-232 | DEBUG | d.t.c.a.a.c.u.util.UserUtilService   : Save 5 users to database...
    23:49:15.827 | 468 ool-1-worker-232 | DEBUG | d.t.c.a.a.c.u.util.UserUtilService   : Save 5 users to database. Done
    23:49:15.855 | 468 ool-1-worker-232 | INFO  | i.z.t.d.l.EmbeddedDatabaseReporter   : JDBC URL to connect to 'dataSource': url='jdbc:h2:tcp://localhost:41063/mem:736625c0-cf5e-400d-aeaa-8a7eabd6262b;USER=sa', scope='SubmissionPolicyIntegrationTest#test_updateSubmissionPolicy_notFound_exerciseNotPresent'
    23:49:15.856 | 468 ool-1-worker-232 | DEBUG | d.t.c.a.a.c.s.f.ApiVersionFilter     : Adding Version to Request PATCH /api/programming-exercises/9223372036854775807/submission-policy
    23:49:15.856 | 468 ool-1-worker-232 | DEBUG | t.c.a.a.p.w.SubmissionPolicyResource : REST request to update the submission policy of programming exercise 9223372036854775807
    23:49:15.858 | 468 ool-1-worker-232 | WARN  | o.z.p.spring.common.AdviceTraits     : Not Found: ProgrammingExercise with identifier: "9223372036854775807" does not exist

  Starting logs for SubmissionPolicyIntegrationTest > test_toggleSubmissionPolicy_forbidden_tutor()
    23:49:15.872 | 468 ool-1-worker-232 | DEBUG | d.t.c.a.a.c.u.util.UserUtilService   : Generate 2 students...
    23:49:15.876 | 468 ool-1-worker-232 | DEBUG | d.t.c.a.a.c.u.util.UserUtilService   : 2 students generated. Generate 1 tutors...
    23:49:15.879 | 468 ool-1-worker-232 | DEBUG | d.t.c.a.a.c.u.util.UserUtilService   : 1 tutors generated. Generate 1 editors...
    23:49:15.881 | 468 ool-1-worker-232 | DEBUG | d.t.c.a.a.c.u.util.UserUtilService   : 1 editors generated. Generate 1 instructors...
    23:49:15.884 | 468 ool-1-worker-232 | DEBUG | d.t.c.a.a.c.u.util.UserUtilService   : 1 instructors generated
    23:49:15.886 | 468 ool-1-worker-232 | DEBUG | d.t.c.a.a.c.u.util.UserUtilService   : Removing 8 users from all courses...
    23:49:15.887 | 468 ool-1-worker-232 | DEBUG | d.t.c.a.a.c.u.util.UserUtilService   : Removing 8 users from all courses. Done
    23:49:15.887 | 468 ool-1-worker-232 | DEBUG | d.t.c.a.a.c.u.util.UserUtilService   : Save 5 users to database...
    23:49:15.890 | 468 ool-1-worker-232 | DEBUG | d.t.c.a.a.c.u.util.UserUtilService   : Save 5 users to database. Done
    23:49:15.914 | 468 ool-1-worker-232 | INFO  | i.z.t.d.l.EmbeddedDatabaseReporter   : JDBC URL to connect to 'dataSource': url='jdbc:h2:tcp://localhost:41063/mem:736625c0-cf5e-400d-aeaa-8a7eabd6262b;USER=sa', scope='SubmissionPolicyIntegrationTest#test_toggleSubmissionPolicy_forbidden_tutor'
    23:49:15.915 | 468 ool-1-worker-232 | DEBUG | d.t.c.a.a.c.s.f.ApiVersionFilter     : Adding Version to Request PUT /api/programming-exercises/3673/submission-policy
    23:49:15.916 | 468 ool-1-worker-232 | WARN  | o.z.p.spring.common.AdviceTraits     : Forbidden: Access Denied

  Starting logs for SubmissionPolicyIntegrationTest > test_removeSubmissionPolicyFromProgrammingExercise_forbidden_editor()
    23:49:15.926 | 468 ool-1-worker-232 | DEBUG | d.t.c.a.a.c.u.util.UserUtilService   : Generate 2 students...
    23:49:15.929 | 468 ool-1-worker-232 | DEBUG | d.t.c.a.a.c.u.util.UserUtilService   : 2 students generated. Generate 1 tutors...
    23:49:15.932 | 468 ool-1-worker-232 | DEBUG | d.t.c.a.a.c.u.util.UserUtilService   : 1 tutors generated. Generate 1 editors...
    23:49:15.934 | 468 ool-1-worker-232 | DEBUG | d.t.c.a.a.c.u.util.UserUtilService   : 1 editors generated. Generate 1 instructors...
    23:49:15.936 | 468 ool-1-worker-232 | DEBUG | d.t.c.a.a.c.u.util.UserUtilService   : 1 instructors generated
    23:49:15.937 | 468 ool-1-worker-232 | DEBUG | d.t.c.a.a.c.u.util.UserUtilService   : Removing 8 users from all courses...
    23:49:15.938 | 468 ool-1-worker-232 | DEBUG | d.t.c.a.a.c.u.util.UserUtilService   : Removing 8 users from all courses. Done
    23:49:15.938 | 468 ool-1-worker-232 | DEBUG | d.t.c.a.a.c.u.util.UserUtilService   : Save 5 users to database...
    23:49:15.941 | 468 ool-1-worker-232 | DEBUG | d.t.c.a.a.c.u.util.UserUtilService   : Save 5 users to database. Done
    23:49:15.964 | 468 ool-1-worker-232 | INFO  | i.z.t.d.l.EmbeddedDatabaseReporter   : JDBC URL to connect to 'dataSource': url='jdbc:h2:tcp://localhost:41063/mem:736625c0-cf5e-400d-aeaa-8a7eabd6262b;USER=sa', scope='SubmissionPolicyIntegrationTest#test_removeSubmissionPolicyFromProgrammingExercise_forbidden_editor'
    23:49:15.965 | 468 ool-1-worker-232 | DEBUG | d.t.c.a.a.c.s.f.ApiVersionFilter     : Adding Version to Request DELETE /api/programming-exercises/3674/submission-policy
    23:49:15.966 | 468 ool-1-worker-232 | WARN  | o.z.p.spring.common.AdviceTraits     : Forbidden: Access Denied

  Starting logs for SubmissionPolicyIntegrationTest > test_updateSubmissionPolicy_forbidden_student()
    23:49:15.976 | 468 ool-1-worker-232 | DEBUG | d.t.c.a.a.c.u.util.UserUtilService   : Generate 2 students...
    23:49:15.980 | 468 ool-1-worker-232 | DEBUG | d.t.c.a.a.c.u.util.UserUtilService   : 2 students generated. Generate 1 tutors...
    23:49:15.982 | 468 ool-1-worker-232 | DEBUG | d.t.c.a.a.c.u.util.UserUtilService   : 1 tutors generated. Generate 1 editors...
    23:49:15.985 | 468 ool-1-worker-232 | DEBUG | d.t.c.a.a.c.u.util.UserUtilService   : 1 editors generated. Generate 1 instructors...
    23:49:15.987 | 468 ool-1-worker-232 | DEBUG | d.t.c.a.a.c.u.util.UserUtilService   : 1 instructors generated
    23:49:15.988 | 468 ool-1-worker-232 | DEBUG | d.t.c.a.a.c.u.util.UserUtilService   : Removing 8 users from all courses...
    23:49:15.989 | 468 ool-1-worker-232 | DEBUG | d.t.c.a.a.c.u.util.UserUtilService   : Removing 8 users from all courses. Done
    23:49:15.989 | 468 ool-1-worker-232 | DEBUG | d.t.c.a.a.c.u.util.UserUtilService   : Save 5 users to database...
    23:49:15.992 | 468 ool-1-worker-232 | DEBUG | d.t.c.a.a.c.u.util.UserUtilService   : Save 5 users to database. Done
    23:49:16.016 | 468 ool-1-worker-232 | INFO  | i.z.t.d.l.EmbeddedDatabaseReporter   : JDBC URL to connect to 'dataSource': url='jdbc:h2:tcp://localhost:41063/mem:736625c0-cf5e-400d-aeaa-8a7eabd6262b;USER=sa', scope='SubmissionPolicyIntegrationTest#test_updateSubmissionPolicy_forbidden_student'
    23:49:16.017 | 468 ool-1-worker-232 | DEBUG | d.t.c.a.a.c.s.f.ApiVersionFilter     : Adding Version to Request PATCH /api/programming-exercises/3675/submission-policy
    23:49:16.017 | 468 ool-1-worker-232 | WARN  | o.z.p.spring.common.AdviceTraits     : Forbidden: Access Denied

  Starting logs for SubmissionPolicyIntegrationTest > test_toggleSubmissionPolicy_forbidden_foreignInstructor()
    23:49:16.028 | 468 ool-1-worker-232 | DEBUG | d.t.c.a.a.c.u.util.UserUtilService   : Generate 2 students...
    23:49:16.031 | 468 ool-1-worker-232 | DEBUG | d.t.c.a.a.c.u.util.UserUtilService   : 2 students generated. Generate 1 tutors...
    23:49:16.034 | 468 ool-1-worker-232 | DEBUG | d.t.c.a.a.c.u.util.UserUtilService   : 1 tutors generated. Generate 1 editors...
    23:49:16.036 | 468 ool-1-worker-232 | DEBUG | d.t.c.a.a.c.u.util.UserUtilService   : 1 editors generated. Generate 1 instructors...
    23:49:16.038 | 468 ool-1-worker-232 | DEBUG | d.t.c.a.a.c.u.util.UserUtilService   : 1 instructors generated
    23:49:16.039 | 468 ool-1-worker-232 | DEBUG | d.t.c.a.a.c.u.util.UserUtilService   : Removing 8 users from all courses...
    23:49:16.040 | 468 ool-1-worker-232 | DEBUG | d.t.c.a.a.c.u.util.UserUtilService   : Removing 8 users from all courses. Done
    23:49:16.040 | 468 ool-1-worker-232 | DEBUG | d.t.c.a.a.c.u.util.UserUtilService   : Save 5 users to database...
    23:49:16.043 | 468 ool-1-worker-232 | DEBUG | d.t.c.a.a.c.u.util.UserUtilService   : Save 5 users to database. Done
    23:49:16.067 | 468 ool-1-worker-232 | INFO  | i.z.t.d.l.EmbeddedDatabaseReporter   : JDBC URL to connect to 'dataSource': url='jdbc:h2:tcp://localhost:41063/mem:736625c0-cf5e-400d-aeaa-8a7eabd6262b;USER=sa', scope='SubmissionPolicyIntegrationTest#test_toggleSubmissionPolicy_forbidden_foreignInstructor'
    23:49:16.068 | 468 ool-1-worker-232 | DEBUG | d.t.c.a.a.c.s.f.ApiVersionFilter     : Adding Version to Request PUT /api/programming-exercises/3676/submission-policy
    23:49:16.068 | 468 ool-1-worker-232 | DEBUG | t.c.a.a.p.w.SubmissionPolicyResource : REST request to toggle the submission policy for programming exercise 3676
    23:49:16.070 | 468 ool-1-worker-232 | WARN  | o.z.p.spring.common.AdviceTraits     : Forbidden: You are not allowed to access the Course with id 2125

  Starting logs for SubmissionPolicyIntegrationTest > test_addSubmissionPolicyToProgrammingExercise_badRequest_submissionPenaltySmallerEqualZero()
    23:49:16.081 | 468 ool-1-worker-232 | DEBUG | d.t.c.a.a.c.u.util.UserUtilService   : Generate 2 students...
    23:49:16.085 | 468 ool-1-worker-232 | DEBUG | d.t.c.a.a.c.u.util.UserUtilService   : 2 students generated. Generate 1 tutors...
    23:49:16.087 | 468 ool-1-worker-232 | DEBUG | d.t.c.a.a.c.u.util.UserUtilService   : 1 tutors generated. Generate 1 editors...
    23:49:16.089 | 468 ool-1-worker-232 | DEBUG | d.t.c.a.a.c.u.util.UserUtilService   : 1 editors generated. Generate 1 instructors...
    23:49:16.092 | 468 ool-1-worker-232 | DEBUG | d.t.c.a.a.c.u.util.UserUtilService   : 1 instructors generated
    23:49:16.093 | 468 ool-1-worker-232 | DEBUG | d.t.c.a.a.c.u.util.UserUtilService   : Removing 8 users from all courses...
    23:49:16.094 | 468 ool-1-worker-232 | DEBUG | d.t.c.a.a.c.u.util.UserUtilService   : Removing 8 users from all courses. Done
    23:49:16.094 | 468 ool-1-worker-232 | DEBUG | d.t.c.a.a.c.u.util.UserUtilService   : Save 5 users to database...
    23:49:16.097 | 468 ool-1-worker-232 | DEBUG | d.t.c.a.a.c.u.util.UserUtilService   : Save 5 users to database. Done
    23:49:16.121 | 468 ool-1-worker-232 | INFO  | i.z.t.d.l.EmbeddedDatabaseReporter   : JDBC URL to connect to 'dataSource': url='jdbc:h2:tcp://localhost:41063/mem:736625c0-cf5e-400d-aeaa-8a7eabd6262b;USER=sa', scope='SubmissionPolicyIntegrationTest#test_addSubmissionPolicyToProgrammingExercise_badRequest_submissionPenaltySmallerEqualZero'
    23:49:16.122 | 468 ool-1-worker-232 | DEBUG | d.t.c.a.a.c.s.f.ApiVersionFilter     : Adding Version to Request POST /api/programming-exercises/3677/submission-policy
    23:49:16.123 | 468 ool-1-worker-232 | DEBUG | t.c.a.a.p.w.SubmissionPolicyResource : REST request to add submission policy to programming exercise 3677
    23:49:16.125 | 468 ool-1-worker-232 | ERROR | tech.jhipster.web.util.HeaderUtil    : Entity processing failed, The penalty of submission penalty policies must be greater than 0.
    23:49:16.125 | 468 ool-1-worker-232 | WARN  | o.z.p.spring.common.AdviceTraits     : Bad Request: The penalty of submission penalty policies must be greater than 0.
    23:49:16.126 | 468 ool-1-worker-232 | DEBUG | d.t.c.a.a.c.s.f.ApiVersionFilter     : Adding Version to Request POST /api/programming-exercises/3677/submission-policy
    23:49:16.126 | 468 ool-1-worker-232 | DEBUG | t.c.a.a.p.w.SubmissionPolicyResource : REST request to add submission policy to programming exercise 3677
    23:49:16.128 | 468 ool-1-worker-232 | ERROR | tech.jhipster.web.util.HeaderUtil    : Entity processing failed, The penalty of submission penalty policies must be greater than 0.
    23:49:16.128 | 468 ool-1-worker-232 | WARN  | o.z.p.spring.common.AdviceTraits     : Bad Request: The penalty of submission penalty policies must be greater than 0.

  Starting logs for SubmissionPolicyIntegrationTest > test_removeSubmissionPolicyFromProgrammingExercise_notFound_exerciseNotPresent()
    23:49:16.138 | 468 ool-1-worker-232 | DEBUG | d.t.c.a.a.c.u.util.UserUtilService   : Generate 2 students...
    23:49:16.142 | 468 ool-1-worker-232 | DEBUG | d.t.c.a.a.c.u.util.UserUtilService   : 2 students generated. Generate 1 tutors...
    23:49:16.144 | 468 ool-1-worker-232 | DEBUG | d.t.c.a.a.c.u.util.UserUtilService   : 1 tutors generated. Generate 1 editors...
    23:49:16.147 | 468 ool-1-worker-232 | DEBUG | d.t.c.a.a.c.u.util.UserUtilService   : 1 editors generated. Generate 1 instructors...
    23:49:16.149 | 468 ool-1-worker-232 | DEBUG | d.t.c.a.a.c.u.util.UserUtilService   : 1 instructors generated
    23:49:16.150 | 468 ool-1-worker-232 | DEBUG | d.t.c.a.a.c.u.util.UserUtilService   : Removing 8 users from all courses...
    23:49:16.151 | 468 ool-1-worker-232 | DEBUG | d.t.c.a.a.c.u.util.UserUtilService   : Removing 8 users from all courses. Done
    23:49:16.151 | 468 ool-1-worker-232 | DEBUG | d.t.c.a.a.c.u.util.UserUtilService   : Save 5 users to database...
    23:49:16.154 | 468 ool-1-worker-232 | DEBUG | d.t.c.a.a.c.u.util.UserUtilService   : Save 5 users to database. Done
    23:49:16.178 | 468 ool-1-worker-232 | INFO  | i.z.t.d.l.EmbeddedDatabaseReporter   : JDBC URL to connect to 'dataSource': url='jdbc:h2:tcp://localhost:41063/mem:736625c0-cf5e-400d-aeaa-8a7eabd6262b;USER=sa', scope='SubmissionPolicyIntegrationTest#test_removeSubmissionPolicyFromProgrammingExercise_notFound_exerciseNotPresent'
    23:49:16.179 | 468 ool-1-worker-232 | DEBUG | d.t.c.a.a.c.s.f.ApiVersionFilter     : Adding Version to Request DELETE /api/programming-exercises/9223372036854775807/submission-policy
    23:49:16.179 | 468 ool-1-worker-232 | DEBUG | t.c.a.a.p.w.SubmissionPolicyResource : REST request to remove submission policy from programming exercise 9223372036854775807
    23:49:16.181 | 468 ool-1-worker-232 | WARN  | o.z.p.spring.common.AdviceTraits     : Not Found: ProgrammingExercise with identifier: "9223372036854775807" does not exist

  Starting logs for SubmissionPolicyIntegrationTest > test_toggleSubmissionPolicy_badRequest_policyNotPresent()
    23:49:16.191 | 468 ool-1-worker-232 | DEBUG | d.t.c.a.a.c.u.util.UserUtilService   : Generate 2 students...
    23:49:16.195 | 468 ool-1-worker-232 | DEBUG | d.t.c.a.a.c.u.util.UserUtilService   : 2 students generated. Generate 1 tutors...
    23:49:16.197 | 468 ool-1-worker-232 | DEBUG | d.t.c.a.a.c.u.util.UserUtilService   : 1 tutors generated. Generate 1 editors...
    23:49:16.199 | 468 ool-1-worker-232 | DEBUG | d.t.c.a.a.c.u.util.UserUtilService   : 1 editors generated. Generate 1 instructors...
    23:49:16.202 | 468 ool-1-worker-232 | DEBUG | d.t.c.a.a.c.u.util.UserUtilService   : 1 instructors generated
    23:49:16.203 | 468 ool-1-worker-232 | DEBUG | d.t.c.a.a.c.u.util.UserUtilService   : Removing 8 users from all courses...
    23:49:16.204 | 468 ool-1-worker-232 | DEBUG | d.t.c.a.a.c.u.util.UserUtilService   : Removing 8 users from all courses. Done
    23:49:16.204 | 468 ool-1-worker-232 | DEBUG | d.t.c.a.a.c.u.util.UserUtilService   : Save 5 users to database...
    23:49:16.207 | 468 ool-1-worker-232 | DEBUG | d.t.c.a.a.c.u.util.UserUtilService   : Save 5 users to database. Done
    23:49:16.230 | 468 ool-1-worker-232 | INFO  | i.z.t.d.l.EmbeddedDatabaseReporter   : JDBC URL to connect to 'dataSource': url='jdbc:h2:tcp://localhost:41063/mem:736625c0-cf5e-400d-aeaa-8a7eabd6262b;USER=sa', scope='SubmissionPolicyIntegrationTest#test_toggleSubmissionPolicy_badRequest_policyNotPresent'
    23:49:16.231 | 468 ool-1-worker-232 | DEBUG | d.t.c.a.a.c.s.f.ApiVersionFilter     : Adding Version to Request PUT /api/programming-exercises/3679/submission-policy
    23:49:16.231 | 468 ool-1-worker-232 | DEBUG | t.c.a.a.p.w.SubmissionPolicyResource : REST request to toggle the submission policy for programming exercise 3679
    23:49:16.234 | 468 ool-1-worker-232 | ERROR | tech.jhipster.web.util.HeaderUtil    : Entity processing failed, The submission policy could not be toggled, because the programming exercise does not have a submission policy.
    23:49:16.234 | 468 ool-1-worker-232 | WARN  | o.z.p.spring.common.AdviceTraits     : Bad Request: The submission policy could not be toggled, because the programming exercise does not have a submission policy.

  Starting logs for SubmissionPolicyIntegrationTest > test_addSubmissionPolicyToProgrammingExercise_notFound_exerciseNotPresent()
    23:49:16.244 | 468 ool-1-worker-232 | DEBUG | d.t.c.a.a.c.u.util.UserUtilService   : Generate 2 students...
    23:49:16.248 | 468 ool-1-worker-232 | DEBUG | d.t.c.a.a.c.u.util.UserUtilService   : 2 students generated. Generate 1 tutors...
    23:49:16.250 | 468 ool-1-worker-232 | DEBUG | d.t.c.a.a.c.u.util.UserUtilService   : 1 tutors generated. Generate 1 editors...
    23:49:16.252 | 468 ool-1-worker-232 | DEBUG | d.t.c.a.a.c.u.util.UserUtilService   : 1 editors generated. Generate 1 instructors...
    23:49:16.254 | 468 ool-1-worker-232 | DEBUG | d.t.c.a.a.c.u.util.UserUtilService   : 1 instructors generated
    23:49:16.256 | 468 ool-1-worker-232 | DEBUG | d.t.c.a.a.c.u.util.UserUtilService   : Removing 8 users from all courses...
    23:49:16.257 | 468 ool-1-worker-232 | DEBUG | d.t.c.a.a.c.u.util.UserUtilService   : Removing 8 users from all courses. Done
    23:49:16.257 | 468 ool-1-worker-232 | DEBUG | d.t.c.a.a.c.u.util.UserUtilService   : Save 5 users to database...
    23:49:16.260 | 468 ool-1-worker-232 | DEBUG | d.t.c.a.a.c.u.util.UserUtilService   : Save 5 users to database. Done
    23:49:16.284 | 468 ool-1-worker-232 | INFO  | i.z.t.d.l.EmbeddedDatabaseReporter   : JDBC URL to connect to 'dataSource': url='jdbc:h2:tcp://localhost:41063/mem:736625c0-cf5e-400d-aeaa-8a7eabd6262b;USER=sa', scope='SubmissionPolicyIntegrationTest#test_addSubmissionPolicyToProgrammingExercise_notFound_exerciseNotPresent'
    23:49:16.284 | 468 ool-1-worker-232 | DEBUG | d.t.c.a.a.c.s.f.ApiVersionFilter     : Adding Version to Request POST /api/programming-exercises/9223372036854775807/submission-policy
    23:49:16.285 | 468 ool-1-worker-232 | DEBUG | t.c.a.a.p.w.SubmissionPolicyResource : REST request to add submission policy to programming exercise 9223372036854775807
    23:49:16.286 | 468 ool-1-worker-232 | WARN  | o.z.p.spring.common.AdviceTraits     : Not Found: ProgrammingExercise with identifier: "9223372036854775807" does not exist

  Starting logs for SubmissionPolicyIntegrationTest > test_updateSubmissionPolicy_forbidden_editor()
    23:49:16.296 | 468 ool-1-worker-232 | DEBUG | d.t.c.a.a.c.u.util.UserUtilService   : Generate 2 students...
    23:49:16.300 | 468 ool-1-worker-232 | DEBUG | d.t.c.a.a.c.u.util.UserUtilService   : 2 students generated. Generate 1 tutors...
    23:49:16.302 | 468 ool-1-worker-232 | DEBUG | d.t.c.a.a.c.u.util.UserUtilService   : 1 tutors generated. Generate 1 editors...
    23:49:16.304 | 468 ool-1-worker-232 | DEBUG | d.t.c.a.a.c.u.util.UserUtilService   : 1 editors generated. Generate 1 instructors...
    23:49:16.306 | 468 ool-1-worker-232 | DEBUG | d.t.c.a.a.c.u.util.UserUtilService   : 1 instructors generated
    23:49:16.308 | 468 ool-1-worker-232 | DEBUG | d.t.c.a.a.c.u.util.UserUtilService   : Removing 8 users from all courses...
    23:49:16.309 | 468 ool-1-worker-232 | DEBUG | d.t.c.a.a.c.u.util.UserUtilService   : Removing 8 users from all courses. Done
    23:49:16.309 | 468 ool-1-worker-232 | DEBUG | d.t.c.a.a.c.u.util.UserUtilService   : Save 5 users to database...
    23:49:16.311 | 468 ool-1-worker-232 | DEBUG | d.t.c.a.a.c.u.util.UserUtilService   : Save 5 users to database. Done
    23:49:16.335 | 468 ool-1-worker-232 | INFO  | i.z.t.d.l.EmbeddedDatabaseReporter   : JDBC URL to connect to 'dataSource': url='jdbc:h2:tcp://localhost:41063/mem:736625c0-cf5e-400d-aeaa-8a7eabd6262b;USER=sa', scope='SubmissionPolicyIntegrationTest#test_updateSubmissionPolicy_forbidden_editor'
    23:49:16.336 | 468 ool-1-worker-232 | DEBUG | d.t.c.a.a.c.s.f.ApiVersionFilter     : Adding Version to Request PATCH /api/programming-exercises/3681/submission-policy
    23:49:16.337 | 468 ool-1-worker-232 | WARN  | o.z.p.spring.common.AdviceTraits     : Forbidden: Access Denied

  Starting logs for SubmissionPolicyIntegrationTest > test_toggleSubmissionPolicy_badRequest_policyActiveStatusMatchesRequest(boolean) [1] activate=true
    23:49:16.348 | 468 ool-1-worker-232 | DEBUG | d.t.c.a.a.c.u.util.UserUtilService   : Generate 2 students...
    23:49:16.352 | 468 ool-1-worker-232 | DEBUG | d.t.c.a.a.c.u.util.UserUtilService   : 2 students generated. Generate 1 tutors...
    23:49:16.354 | 468 ool-1-worker-232 | DEBUG | d.t.c.a.a.c.u.util.UserUtilService   : 1 tutors generated. Generate 1 editors...
    23:49:16.356 | 468 ool-1-worker-232 | DEBUG | d.t.c.a.a.c.u.util.UserUtilService   : 1 editors generated. Generate 1 instructors...
    23:49:16.358 | 468 ool-1-worker-232 | DEBUG | d.t.c.a.a.c.u.util.UserUtilService   : 1 instructors generated
    23:49:16.360 | 468 ool-1-worker-232 | DEBUG | d.t.c.a.a.c.u.util.UserUtilService   : Removing 8 users from all courses...
    23:49:16.361 | 468 ool-1-worker-232 | DEBUG | d.t.c.a.a.c.u.util.UserUtilService   : Removing 8 users from all courses. Done
    23:49:16.361 | 468 ool-1-worker-232 | DEBUG | d.t.c.a.a.c.u.util.UserUtilService   : Save 5 users to database...
    23:49:16.364 | 468 ool-1-worker-232 | DEBUG | d.t.c.a.a.c.u.util.UserUtilService   : Save 5 users to database. Done
    23:49:16.387 | 468 ool-1-worker-232 | INFO  | i.z.t.d.l.EmbeddedDatabaseReporter   : JDBC URL to connect to 'dataSource': url='jdbc:h2:tcp://localhost:41063/mem:736625c0-cf5e-400d-aeaa-8a7eabd6262b;USER=sa', scope='SubmissionPolicyIntegrationTest#test_toggleSubmissionPolicy_badRequest_policyActiveStatusMatchesRequest'
    23:49:16.389 | 468 ool-1-worker-232 | DEBUG | d.t.c.a.a.c.s.f.ApiVersionFilter     : Adding Version to Request PUT /api/programming-exercises/3682/submission-policy
    23:49:16.389 | 468 ool-1-worker-232 | DEBUG | t.c.a.a.p.w.SubmissionPolicyResource : REST request to toggle the submission policy for programming exercise 3682
    23:49:16.392 | 468 ool-1-worker-232 | ERROR | tech.jhipster.web.util.HeaderUtil    : Entity processing failed, The submission policy could not be enabled, because it is already active.
    23:49:16.392 | 468 ool-1-worker-232 | WARN  | o.z.p.spring.common.AdviceTraits     : Bad Request: The submission policy could not be enabled, because it is already active.

  Starting logs for SubmissionPolicyIntegrationTest > test_toggleSubmissionPolicy_badRequest_policyActiveStatusMatchesRequest(boolean) [2] activate=false
    23:49:16.402 | 468 ool-1-worker-232 | DEBUG | d.t.c.a.a.c.u.util.UserUtilService   : Generate 2 students...
    23:49:16.405 | 468 ool-1-worker-232 | DEBUG | d.t.c.a.a.c.u.util.UserUtilService   : 2 students generated. Generate 1 tutors...
    23:49:16.408 | 468 ool-1-worker-232 | DEBUG | d.t.c.a.a.c.u.util.UserUtilService   : 1 tutors generated. Generate 1 editors...
    23:49:16.410 | 468 ool-1-worker-232 | DEBUG | d.t.c.a.a.c.u.util.UserUtilService   : 1 editors generated. Generate 1 instructors...
    23:49:16.412 | 468 ool-1-worker-232 | DEBUG | d.t.c.a.a.c.u.util.UserUtilService   : 1 instructors generated
    23:49:16.413 | 468 ool-1-worker-232 | DEBUG | d.t.c.a.a.c.u.util.UserUtilService   : Removing 8 users from all courses...
    23:49:16.415 | 468 ool-1-worker-232 | DEBUG | d.t.c.a.a.c.u.util.UserUtilService   : Removing 8 users from all courses. Done
    23:49:16.415 | 468 ool-1-worker-232 | DEBUG | d.t.c.a.a.c.u.util.UserUtilService   : Save 5 users to database...
    23:49:16.417 | 468 ool-1-worker-232 | DEBUG | d.t.c.a.a.c.u.util.UserUtilService   : Save 5 users to database. Done
    23:49:16.441 | 468 ool-1-worker-232 | INFO  | i.z.t.d.l.EmbeddedDatabaseReporter   : JDBC URL to connect to 'dataSource': url='jdbc:h2:tcp://localhost:41063/mem:736625c0-cf5e-400d-aeaa-8a7eabd6262b;USER=sa', scope='SubmissionPolicyIntegrationTest#test_toggleSubmissionPolicy_badRequest_policyActiveStatusMatchesRequest'
    23:49:16.442 | 468 ool-1-worker-232 | DEBUG | d.t.c.a.a.c.s.f.ApiVersionFilter     : Adding Version to Request PUT /api/programming-exercises/3683/submission-policy
    23:49:16.443 | 468 ool-1-worker-232 | DEBUG | t.c.a.a.p.w.SubmissionPolicyResource : REST request to toggle the submission policy for programming exercise 3683
    23:49:16.445 | 468 ool-1-worker-232 | ERROR | tech.jhipster.web.util.HeaderUtil    : Entity processing failed, The submission policy could not be disabled, because it is not active.
    23:49:16.445 | 468 ool-1-worker-232 | WARN  | o.z.p.spring.common.AdviceTraits     : Bad Request: The submission policy could not be disabled, because it is not active.

  Starting logs for SubmissionPolicyIntegrationTest > test_addSubmissionPolicyToProgrammingExercise_ok_lockRepositoryPolicy()
    23:49:16.455 | 468 ool-1-worker-232 | DEBUG | d.t.c.a.a.c.u.util.UserUtilService   : Generate 2 students...
    23:49:16.458 | 468 ool-1-worker-232 | DEBUG | d.t.c.a.a.c.u.util.UserUtilService   : 2 students generated. Generate 1 tutors...
    23:49:16.461 | 468 ool-1-worker-232 | DEBUG | d.t.c.a.a.c.u.util.UserUtilService   : 1 tutors generated. Generate 1 editors...
    23:49:16.463 | 468 ool-1-worker-232 | DEBUG | d.t.c.a.a.c.u.util.UserUtilService   : 1 editors generated. Generate 1 instructors...
    23:49:16.465 | 468 ool-1-worker-232 | DEBUG | d.t.c.a.a.c.u.util.UserUtilService   : 1 instructors generated
    23:49:16.466 | 468 ool-1-worker-232 | DEBUG | d.t.c.a.a.c.u.util.UserUtilService   : Removing 8 users from all courses...
    23:49:16.467 | 468 ool-1-worker-232 | DEBUG | d.t.c.a.a.c.u.util.UserUtilService   : Removing 8 users from all courses. Done
    23:49:16.467 | 468 ool-1-worker-232 | DEBUG | d.t.c.a.a.c.u.util.UserUtilService   : Save 5 users to database...
    23:49:16.470 | 468 ool-1-worker-232 | DEBUG | d.t.c.a.a.c.u.util.UserUtilService   : Save 5 users to database. Done
    23:49:16.494 | 468 ool-1-worker-232 | INFO  | i.z.t.d.l.EmbeddedDatabaseReporter   : JDBC URL to connect to 'dataSource': url='jdbc:h2:tcp://localhost:41063/mem:736625c0-cf5e-400d-aeaa-8a7eabd6262b;USER=sa', scope='SubmissionPolicyIntegrationTest#test_addSubmissionPolicyToProgrammingExercise_ok_lockRepositoryPolicy'
    23:49:16.495 | 468 ool-1-worker-232 | DEBUG | d.t.c.a.a.c.s.f.ApiVersionFilter     : Adding Version to Request POST /api/programming-exercises/3684/submission-policy
    23:49:16.495 | 468 ool-1-worker-232 | DEBUG | t.c.a.a.p.w.SubmissionPolicyResource : REST request to add submission policy to programming exercise 3684

  Starting logs for SubmissionPolicyIntegrationTest > test_removeSubmissionPolicyFromProgrammingExercise_ok()
    23:49:16.511 | 468 ool-1-worker-232 | DEBUG | d.t.c.a.a.c.u.util.UserUtilService   : Generate 2 students...
    23:49:16.514 | 468 ool-1-worker-232 | DEBUG | d.t.c.a.a.c.u.util.UserUtilService   : 2 students generated. Generate 1 tutors...
    23:49:16.517 | 468 ool-1-worker-232 | DEBUG | d.t.c.a.a.c.u.util.UserUtilService   : 1 tutors generated. Generate 1 editors...
    23:49:16.519 | 468 ool-1-worker-232 | DEBUG | d.t.c.a.a.c.u.util.UserUtilService   : 1 editors generated. Generate 1 instructors...
    23:49:16.521 | 468 ool-1-worker-232 | DEBUG | d.t.c.a.a.c.u.util.UserUtilService   : 1 instructors generated
    23:49:16.522 | 468 ool-1-worker-232 | DEBUG | d.t.c.a.a.c.u.util.UserUtilService   : Removing 8 users from all courses...
    23:49:16.523 | 468 ool-1-worker-232 | DEBUG | d.t.c.a.a.c.u.util.UserUtilService   : Removing 8 users from all courses. Done
    23:49:16.523 | 468 ool-1-worker-232 | DEBUG | d.t.c.a.a.c.u.util.UserUtilService   : Save 5 users to database...
    23:49:16.526 | 468 ool-1-worker-232 | DEBUG | d.t.c.a.a.c.u.util.UserUtilService   : Save 5 users to database. Done
    23:49:16.549 | 468 ool-1-worker-232 | INFO  | i.z.t.d.l.EmbeddedDatabaseReporter   : JDBC URL to connect to 'dataSource': url='jdbc:h2:tcp://localhost:41063/mem:736625c0-cf5e-400d-aeaa-8a7eabd6262b;USER=sa', scope='SubmissionPolicyIntegrationTest#test_removeSubmissionPolicyFromProgrammingExercise_ok'
    23:49:16.551 | 468 ool-1-worker-232 | DEBUG | d.t.c.a.a.c.s.f.ApiVersionFilter     : Adding Version to Request DELETE /api/programming-exercises/3685/submission-policy
    23:49:16.551 | 468 ool-1-worker-232 | DEBUG | t.c.a.a.p.w.SubmissionPolicyResource : REST request to remove submission policy from programming exercise 3685

  Starting logs for SubmissionPolicyIntegrationTest > test_removeSubmissionPolicyFromProgrammingExercise_forbidden_tutor()
    23:49:16.570 | 468 ool-1-worker-232 | DEBUG | d.t.c.a.a.c.u.util.UserUtilService   : Generate 2 students...
    23:49:16.574 | 468 ool-1-worker-232 | DEBUG | d.t.c.a.a.c.u.util.UserUtilService   : 2 students generated. Generate 1 tutors...
    23:49:16.577 | 468 ool-1-worker-232 | DEBUG | d.t.c.a.a.c.u.util.UserUtilService   : 1 tutors generated. Generate 1 editors...
    23:49:16.579 | 468 ool-1-worker-232 | DEBUG | d.t.c.a.a.c.u.util.UserUtilService   : 1 editors generated. Generate 1 instructors...
    23:49:16.581 | 468 ool-1-worker-232 | DEBUG | d.t.c.a.a.c.u.util.UserUtilService   : 1 instructors generated
    23:49:16.582 | 468 ool-1-worker-232 | DEBUG | d.t.c.a.a.c.u.util.UserUtilService   : Removing 8 users from all courses...
    23:49:16.583 | 468 ool-1-worker-232 | DEBUG | d.t.c.a.a.c.u.util.UserUtilService   : Removing 8 users from all courses. Done
    23:49:16.583 | 468 ool-1-worker-232 | DEBUG | d.t.c.a.a.c.u.util.UserUtilService   : Save 5 users to database...
    23:49:16.586 | 468 ool-1-worker-232 | DEBUG | d.t.c.a.a.c.u.util.UserUtilService   : Save 5 users to database. Done
    23:49:16.611 | 468 ool-1-worker-232 | INFO  | i.z.t.d.l.EmbeddedDatabaseReporter   : JDBC URL to connect to 'dataSource': url='jdbc:h2:tcp://localhost:41063/mem:736625c0-cf5e-400d-aeaa-8a7eabd6262b;USER=sa', scope='SubmissionPolicyIntegrationTest#test_removeSubmissionPolicyFromProgrammingExercise_forbidden_tutor'
    23:49:16.611 | 468 ool-1-worker-232 | DEBUG | d.t.c.a.a.c.s.f.ApiVersionFilter     : Adding Version to Request DELETE /api/programming-exercises/3686/submission-policy
    23:49:16.612 | 468 ool-1-worker-232 | WARN  | o.z.p.spring.common.AdviceTraits     : Forbidden: Access Denied

  Starting logs for SubmissionPolicyIntegrationTest > test_getSubmissionPolicyOfProgrammingExercise_forbidden_foreignStudent()
    23:49:16.622 | 468 ool-1-worker-232 | DEBUG | d.t.c.a.a.c.u.util.UserUtilService   : Generate 2 students...
    23:49:16.626 | 468 ool-1-worker-232 | DEBUG | d.t.c.a.a.c.u.util.UserUtilService   : 2 students generated. Generate 1 tutors...
    23:49:16.628 | 468 ool-1-worker-232 | DEBUG | d.t.c.a.a.c.u.util.UserUtilService   : 1 tutors generated. Generate 1 editors...
    23:49:16.630 | 468 ool-1-worker-232 | DEBUG | d.t.c.a.a.c.u.util.UserUtilService   : 1 editors generated. Generate 1 instructors...
    23:49:16.633 | 468 ool-1-worker-232 | DEBUG | d.t.c.a.a.c.u.util.UserUtilService   : 1 instructors generated
    23:49:16.634 | 468 ool-1-worker-232 | DEBUG | d.t.c.a.a.c.u.util.UserUtilService   : Removing 8 users from all courses...
    23:49:16.635 | 468 ool-1-worker-232 | DEBUG | d.t.c.a.a.c.u.util.UserUtilService   : Removing 8 users from all courses. Done
    23:49:16.635 | 468 ool-1-worker-232 | DEBUG | d.t.c.a.a.c.u.util.UserUtilService   : Save 5 users to database...
    23:49:16.638 | 468 ool-1-worker-232 | DEBUG | d.t.c.a.a.c.u.util.UserUtilService   : Save 5 users to database. Done
    23:49:16.661 | 468 ool-1-worker-232 | INFO  | i.z.t.d.l.EmbeddedDatabaseReporter   : JDBC URL to connect to 'dataSource': url='jdbc:h2:tcp://localhost:41063/mem:736625c0-cf5e-400d-aeaa-8a7eabd6262b;USER=sa', scope='SubmissionPolicyIntegrationTest#test_getSubmissionPolicyOfProgrammingExercise_forbidden_foreignStudent'
    23:49:16.662 | 468 ool-1-worker-232 | DEBUG | d.t.c.a.a.c.s.f.ApiVersionFilter     : Adding Version to Request GET /api/programming-exercises/3687/submission-policy
    23:49:16.663 | 468 ool-1-worker-232 | DEBUG | t.c.a.a.p.w.SubmissionPolicyResource : REST request to get submission policy of programming exercise 3687
    23:49:16.665 | 468 ool-1-worker-232 | WARN  | o.z.p.spring.common.AdviceTraits     : Forbidden: You are not allowed to access the Course with id 2136

  Starting logs for SubmissionPolicyIntegrationTest > test_addSubmissionPolicyToProgrammingExercise_badRequest_submissionLimitSmallerOne()
    23:49:16.675 | 468 ool-1-worker-232 | DEBUG | d.t.c.a.a.c.u.util.UserUtilService   : Generate 2 students...
    23:49:16.679 | 468 ool-1-worker-232 | DEBUG | d.t.c.a.a.c.u.util.UserUtilService   : 2 students generated. Generate 1 tutors...
    23:49:16.681 | 468 ool-1-worker-232 | DEBUG | d.t.c.a.a.c.u.util.UserUtilService   : 1 tutors generated. Generate 1 editors...
    23:49:16.683 | 468 ool-1-worker-232 | DEBUG | d.t.c.a.a.c.u.util.UserUtilService   : 1 editors generated. Generate 1 instructors...
    23:49:16.685 | 468 ool-1-worker-232 | DEBUG | d.t.c.a.a.c.u.util.UserUtilService   : 1 instructors generated
    23:49:16.687 | 468 ool-1-worker-232 | DEBUG | d.t.c.a.a.c.u.util.UserUtilService   : Removing 8 users from all courses...
    23:49:16.688 | 468 ool-1-worker-232 | DEBUG | d.t.c.a.a.c.u.util.UserUtilService   : Removing 8 users from all courses. Done
    23:49:16.688 | 468 ool-1-worker-232 | DEBUG | d.t.c.a.a.c.u.util.UserUtilService   : Save 5 users to database...
    23:49:16.690 | 468 ool-1-worker-232 | DEBUG | d.t.c.a.a.c.u.util.UserUtilService   : Save 5 users to database. Done
    23:49:16.714 | 468 ool-1-worker-232 | INFO  | i.z.t.d.l.EmbeddedDatabaseReporter   : JDBC URL to connect to 'dataSource': url='jdbc:h2:tcp://localhost:41063/mem:736625c0-cf5e-400d-aeaa-8a7eabd6262b;USER=sa', scope='SubmissionPolicyIntegrationTest#test_addSubmissionPolicyToProgrammingExercise_badRequest_submissionLimitSmallerOne'
    23:49:16.715 | 468 ool-1-worker-232 | DEBUG | d.t.c.a.a.c.s.f.ApiVersionFilter     : Adding Version to Request POST /api/programming-exercises/3688/submission-policy
    23:49:16.716 | 468 ool-1-worker-232 | DEBUG | t.c.a.a.p.w.SubmissionPolicyResource : REST request to add submission policy to programming exercise 3688
    23:49:16.718 | 468 ool-1-worker-232 | ERROR | tech.jhipster.web.util.HeaderUtil    : Entity processing failed, The submission limit of submission policies must be greater than 0.
    23:49:16.718 | 468 ool-1-worker-232 | WARN  | o.z.p.spring.common.AdviceTraits     : Bad Request: The submission limit of submission policies must be greater than 0.
    23:49:16.719 | 468 ool-1-worker-232 | DEBUG | d.t.c.a.a.c.s.f.ApiVersionFilter     : Adding Version to Request POST /api/programming-exercises/3688/submission-policy
    23:49:16.719 | 468 ool-1-worker-232 | DEBUG | t.c.a.a.p.w.SubmissionPolicyResource : REST request to add submission policy to programming exercise 3688
    23:49:16.721 | 468 ool-1-worker-232 | ERROR | tech.jhipster.web.util.HeaderUtil    : Entity processing failed, The submission limit of submission policies must be greater than 0.
    23:49:16.721 | 468 ool-1-worker-232 | WARN  | o.z.p.spring.common.AdviceTraits     : Bad Request: The submission limit of submission policies must be greater than 0.

  Starting logs for SubmissionPolicyIntegrationTest > test_updateSubmissionPolicy_ok_submissionPenaltyPolicy()
    23:49:16.731 | 468 ool-1-worker-232 | DEBUG | d.t.c.a.a.c.u.util.UserUtilService   : Generate 2 students...
    23:49:16.734 | 468 ool-1-worker-232 | DEBUG | d.t.c.a.a.c.u.util.UserUtilService   : 2 students generated. Generate 1 tutors...
    23:49:16.736 | 468 ool-1-worker-232 | DEBUG | d.t.c.a.a.c.u.util.UserUtilService   : 1 tutors generated. Generate 1 editors...
    23:49:16.739 | 468 ool-1-worker-232 | DEBUG | d.t.c.a.a.c.u.util.UserUtilService   : 1 editors generated. Generate 1 instructors...
    23:49:16.741 | 468 ool-1-worker-232 | DEBUG | d.t.c.a.a.c.u.util.UserUtilService   : 1 instructors generated
    23:49:16.742 | 468 ool-1-worker-232 | DEBUG | d.t.c.a.a.c.u.util.UserUtilService   : Removing 8 users from all courses...
    23:49:16.743 | 468 ool-1-worker-232 | DEBUG | d.t.c.a.a.c.u.util.UserUtilService   : Removing 8 users from all courses. Done
    23:49:16.743 | 468 ool-1-worker-232 | DEBUG | d.t.c.a.a.c.u.util.UserUtilService   : Save 5 users to database...
    23:49:16.746 | 468 ool-1-worker-232 | DEBUG | d.t.c.a.a.c.u.util.UserUtilService   : Save 5 users to database. Done
    23:49:16.769 | 468 ool-1-worker-232 | INFO  | i.z.t.d.l.EmbeddedDatabaseReporter   : JDBC URL to connect to 'dataSource': url='jdbc:h2:tcp://localhost:41063/mem:736625c0-cf5e-400d-aeaa-8a7eabd6262b;USER=sa', scope='SubmissionPolicyIntegrationTest#test_updateSubmissionPolicy_ok_submissionPenaltyPolicy'
    23:49:16.771 | 468 ool-1-worker-232 | DEBUG | d.t.c.a.a.c.s.f.ApiVersionFilter     : Adding Version to Request PATCH /api/programming-exercises/3689/submission-policy
    23:49:16.771 | 468 ool-1-worker-232 | DEBUG | t.c.a.a.p.w.SubmissionPolicyResource : REST request to update the submission policy of programming exercise 3689

  Starting logs for SubmissionPolicyIntegrationTest > test_updateSubmissionPolicy_forbidden_foreignInstructor()
    23:49:16.788 | 468 ool-1-worker-232 | DEBUG | d.t.c.a.a.c.u.util.UserUtilService   : Generate 2 students...
    23:49:16.792 | 468 ool-1-worker-232 | DEBUG | d.t.c.a.a.c.u.util.UserUtilService   : 2 students generated. Generate 1 tutors...
    23:49:16.794 | 468 ool-1-worker-232 | DEBUG | d.t.c.a.a.c.u.util.UserUtilService   : 1 tutors generated. Generate 1 editors...
    23:49:16.796 | 468 ool-1-worker-232 | DEBUG | d.t.c.a.a.c.u.util.UserUtilService   : 1 editors generated. Generate 1 instructors...
    23:49:16.798 | 468 ool-1-worker-232 | DEBUG | d.t.c.a.a.c.u.util.UserUtilService   : 1 instructors generated
    23:49:16.800 | 468 ool-1-worker-232 | DEBUG | d.t.c.a.a.c.u.util.UserUtilService   : Removing 8 users from all courses...
    23:49:16.801 | 468 ool-1-worker-232 | DEBUG | d.t.c.a.a.c.u.util.UserUtilService   : Removing 8 users from all courses. Done
    23:49:16.801 | 468 ool-1-worker-232 | DEBUG | d.t.c.a.a.c.u.util.UserUtilService   : Save 5 users to database...
    23:49:16.804 | 468 ool-1-worker-232 | DEBUG | d.t.c.a.a.c.u.util.UserUtilService   : Save 5 users to database. Done
    23:49:16.827 | 468 ool-1-worker-232 | INFO  | i.z.t.d.l.EmbeddedDatabaseReporter   : JDBC URL to connect to 'dataSource': url='jdbc:h2:tcp://localhost:41063/mem:736625c0-cf5e-400d-aeaa-8a7eabd6262b;USER=sa', scope='SubmissionPolicyIntegrationTest#test_updateSubmissionPolicy_forbidden_foreignInstructor'
    23:49:16.828 | 468 ool-1-worker-232 | DEBUG | d.t.c.a.a.c.s.f.ApiVersionFilter     : Adding Version to Request PATCH /api/programming-exercises/3690/submission-policy
    23:49:16.828 | 468 ool-1-worker-232 | DEBUG | t.c.a.a.p.w.SubmissionPolicyResource : REST request to update the submission policy of programming exercise 3690
    23:49:16.831 | 468 ool-1-worker-232 | WARN  | o.z.p.spring.common.AdviceTraits     : Forbidden: You are not allowed to access the Course with id 2139

  Starting logs for SubmissionPolicyIntegrationTest > test_enforceLockRepositoryPolicyOnStudentParticipation(EnforcePolicyTestType) [1] type=POLICY_NULL
    23:49:16.845 | 468 ool-1-worker-232 | DEBUG | d.t.c.a.a.c.u.util.UserUtilService   : Generate 2 students...
    23:49:16.850 | 468 ool-1-worker-232 | DEBUG | d.t.c.a.a.c.u.util.UserUtilService   : 2 students generated. Generate 1 tutors...
    23:49:16.852 | 468 ool-1-worker-232 | DEBUG | d.t.c.a.a.c.u.util.UserUtilService   : 1 tutors generated. Generate 1 editors...
    23:49:16.855 | 468 ool-1-worker-232 | DEBUG | d.t.c.a.a.c.u.util.UserUtilService   : 1 editors generated. Generate 1 instructors...
    23:49:16.858 | 468 ool-1-worker-232 | DEBUG | d.t.c.a.a.c.u.util.UserUtilService   : 1 instructors generated
    23:49:16.860 | 468 ool-1-worker-232 | DEBUG | d.t.c.a.a.c.u.util.UserUtilService   : Removing 8 users from all courses...
    23:49:16.862 | 468 ool-1-worker-232 | DEBUG | d.t.c.a.a.c.u.util.UserUtilService   : Removing 8 users from all courses. Done
    23:49:16.862 | 468 ool-1-worker-232 | DEBUG | d.t.c.a.a.c.u.util.UserUtilService   : Save 5 users to database...
    23:49:16.866 | 468 ool-1-worker-232 | DEBUG | d.t.c.a.a.c.u.util.UserUtilService   : Save 5 users to database. Done
    23:49:16.894 | 468 ool-1-worker-232 | INFO  | i.z.t.d.l.EmbeddedDatabaseReporter   : JDBC URL to connect to 'dataSource': url='jdbc:h2:tcp://localhost:41063/mem:736625c0-cf5e-400d-aeaa-8a7eabd6262b;USER=sa', scope='SubmissionPolicyIntegrationTest#test_enforceLockRepositoryPolicyOnStudentParticipation'
    23:49:16.897 | 468 ool-1-worker-232 | DEBUG | PersonalAccessTokenManagementService : Generate secure vcs access token
    23:49:16.902 | 468 ool-1-worker-232 | DEBUG | .s.ProgrammingExerciseGradingService : Received new build result (NEW) for participation 5638
    23:49:16.908 | 468 ool-1-worker-232 | WARN  | .s.ProgrammingExerciseGradingService : Could not find pending ProgrammingSubmission for Commit Hash 9b3a9bd71a0d80e5bbc42204c319ed3d1d4f0d6d (Participation 5638, Build Plan SHORTAC189ED806B17048130B9EA02B8485B3587FTSTEXC-SUBMISSIONPOLICYINTEGRATIONSTUDENT1). Will create a new one subsequently...
    23:49:16.908 | 468 ool-1-worker-232 | ERROR | .s.ProgrammingExerciseGradingService : Could not retrieve push date for participation 5638 and build plan SHORTAC189ED806B17048130B9EA02B8485B3587FTSTEXC-SUBMISSIONPOLICYINTEGRATIONSTUDENT1
de.tum.cit.aet.artemis.programming.service.gitlab.GitLabException: Could not find build queue date for participation 5638
	at de.tum.cit.aet.artemis.programming.service.gitlab.GitLabService.getPushDate(GitLabService.java:369)
	at de.tum.cit.aet.artemis.programming.service.gitlab.GitLabService.getPushDate(GitLabService.java:358)
	at de.tum.cit.aet.artemis.programming.service.ProgrammingExerciseGradingService.createAndSaveFallbackSubmission(ProgrammingExerciseGradingService.java:286)
	at de.tum.cit.aet.artemis.programming.service.ProgrammingExerciseGradingService.createAndSaveFallbackSubmission(ProgrammingExerciseGradingService.java:272)
	at de.tum.cit.aet.artemis.programming.service.ProgrammingExerciseGradingService.lambda$processNewProgrammingExerciseResult$0(ProgrammingExerciseGradingService.java:177)
	at java.base/java.util.Optional.orElseGet(Optional.java:364)
	at de.tum.cit.aet.artemis.programming.service.ProgrammingExerciseGradingService.processNewProgrammingExerciseResult(ProgrammingExerciseGradingService.java:177)
	at de.tum.cit.aet.artemis.programming.service.ProgrammingExerciseGradingService.processNewProgrammingExerciseResult(ProgrammingExerciseGradingService.java:156)
	at de.tum.cit.aet.artemis.programming.SubmissionPolicyIntegrationTest.test_enforceLockRepositoryPolicyOnStudentParticipation(SubmissionPolicyIntegrationTest.java:391)
	at java.base/jdk.internal.reflect.DirectMethodHandleAccessor.invoke(DirectMethodHandleAccessor.java:103)
	at java.base/java.lang.reflect.Method.invoke(Method.java:580)
	at org.junit.platform.commons.util.ReflectionUtils.invokeMethod(ReflectionUtils.java:767)
	at org.junit.jupiter.engine.execution.MethodInvocation.proceed(MethodInvocation.java:60)
	at org.junit.jupiter.engine.execution.InvocationInterceptorChain$ValidatingInvocation.proceed(InvocationInterceptorChain.java:131)
	at org.junit.jupiter.engine.extension.TimeoutExtension.intercept(TimeoutExtension.java:156)
	at org.junit.jupiter.engine.extension.TimeoutExtension.interceptTestableMethod(TimeoutExtension.java:147)
	at org.junit.jupiter.engine.extension.TimeoutExtension.interceptTestTemplateMethod(TimeoutExtension.java:94)
	at org.junit.jupiter.engine.execution.InterceptingExecutableInvoker$ReflectiveInterceptorCall.lambda$ofVoidMethod$0(InterceptingExecutableInvoker.java:103)
	at org.junit.jupiter.engine.execution.InterceptingExecutableInvoker.lambda$invoke$0(InterceptingExecutableInvoker.java:93)
	at org.junit.jupiter.engine.execution.InvocationInterceptorChain$InterceptedInvocation.proceed(InvocationInterceptorChain.java:106)
	at org.junit.jupiter.engine.execution.InvocationInterceptorChain.proceed(InvocationInterceptorChain.java:64)
	at org.junit.jupiter.engine.execution.InvocationInterceptorChain.chainAndInvoke(InvocationInterceptorChain.java:45)
	at org.junit.jupiter.engine.execution.InvocationInterceptorChain.invoke(InvocationInterceptorChain.java:37)
	at org.junit.jupiter.engine.execution.InterceptingExecutableInvoker.invoke(InterceptingExecutableInvoker.java:92)
	at org.junit.jupiter.engine.execution.InterceptingExecutableInvoker.invoke(InterceptingExecutableInvoker.java:86)
	at org.junit.jupiter.engine.descriptor.TestMethodTestDescriptor.lambda$invokeTestMethod$8(TestMethodTestDescriptor.java:217)
	at org.junit.platform.engine.support.hierarchical.ThrowableCollector.execute(ThrowableCollector.java:73)
	at org.junit.jupiter.engine.descriptor.TestMethodTestDescriptor.invokeTestMethod(TestMethodTestDescriptor.java:213)
	at org.junit.jupiter.engine.descriptor.TestMethodTestDescriptor.execute(TestMethodTestDescriptor.java:138)
	at org.junit.jupiter.engine.descriptor.TestMethodTestDescriptor.execute(TestMethodTestDescriptor.java:68)
	at org.junit.platform.engine.support.hierarchical.NodeTestTask.lambda$executeRecursively$6(NodeTestTask.java:156)
	at org.junit.platform.engine.support.hierarchical.ThrowableCollector.execute(ThrowableCollector.java:73)
	at org.junit.platform.engine.support.hierarchical.NodeTestTask.lambda$executeRecursively$8(NodeTestTask.java:146)
	at org.junit.platform.engine.support.hierarchical.Node.around(Node.java:137)
	at org.junit.platform.engine.support.hierarchical.NodeTestTask.lambda$executeRecursively$9(NodeTestTask.java:144)
	at org.junit.platform.engine.support.hierarchical.ThrowableCollector.execute(ThrowableCollector.java:73)
	at org.junit.platform.engine.support.hierarchical.NodeTestTask.executeRecursively(NodeTestTask.java:143)
	at org.junit.platform.engine.support.hierarchical.NodeTestTask.execute(NodeTestTask.java:100)
	at org.junit.platform.engine.support.hierarchical.ForkJoinPoolHierarchicalTestExecutorService$ExclusiveTask.exec(ForkJoinPoolHierarchicalTestExecutorService.java:274)
	at org.junit.platform.engine.support.hierarchical.ForkJoinPoolHierarchicalTestExecutorService$ExclusiveTask.execSync(ForkJoinPoolHierarchicalTestExecutorService.java:247)
	at org.junit.platform.engine.support.hierarchical.ForkJoinPoolHierarchicalTestExecutorService.submit(ForkJoinPoolHierarchicalTestExecutorService.java:148)
	at org.junit.platform.engine.support.hierarchical.NodeTestTask$DefaultDynamicTestExecutor.execute(NodeTestTask.java:231)
	at org.junit.platform.engine.support.hierarchical.NodeTestTask$DefaultDynamicTestExecutor.execute(NodeTestTask.java:209)
	at org.junit.jupiter.engine.descriptor.TestTemplateTestDescriptor.execute(TestTemplateTestDescriptor.java:141)
	at org.junit.jupiter.engine.descriptor.TestTemplateTestDescriptor.lambda$execute$3(TestTemplateTestDescriptor.java:109)
	at java.base/java.util.stream.ForEachOps$ForEachOp$OfRef.accept(ForEachOps.java:184)
	at java.base/java.util.stream.ReferencePipeline$3$1.accept(ReferencePipeline.java:197)
	at java.base/java.util.stream.ReferencePipeline$2$1.accept(ReferencePipeline.java:179)
	at java.base/java.util.stream.ReferencePipeline$3$1.accept(ReferencePipeline.java:197)
	at java.base/java.util.stream.ForEachOps$ForEachOp$OfRef.accept(ForEachOps.java:184)
	at java.base/java.util.stream.ReferencePipeline$3$1.accept(ReferencePipeline.java:197)
	at java.base/java.util.stream.ForEachOps$ForEachOp$OfRef.accept(ForEachOps.java:184)
	at java.base/java.util.stream.ForEachOps$ForEachOp$OfRef.accept(ForEachOps.java:184)
	at java.base/java.util.stream.ReferencePipeline$3$1.accept(ReferencePipeline.java:197)
	at java.base/java.util.Iterator.forEachRemaining(Iterator.java:133)
	at java.base/java.util.Spliterators$IteratorSpliterator.forEachRemaining(Spliterators.java:1939)
	at java.base/java.util.stream.AbstractPipeline.copyInto(AbstractPipeline.java:509)
	at java.base/java.util.stream.AbstractPipeline.wrapAndCopyInto(AbstractPipeline.java:499)
	at java.base/java.util.stream.ForEachOps$ForEachOp.evaluateSequential(ForEachOps.java:151)
	at java.base/java.util.stream.ForEachOps$ForEachOp$OfRef.evaluateSequential(ForEachOps.java:174)
	at java.base/java.util.stream.AbstractPipeline.evaluate(AbstractPipeline.java:234)
	at java.base/java.util.stream.ReferencePipeline.forEach(ReferencePipeline.java:596)
	at java.base/java.util.stream.ReferencePipeline$7$1.accept(ReferencePipeline.java:276)
	at java.base/java.util.ArrayList$ArrayListSpliterator.forEachRemaining(ArrayList.java:1708)
	at java.base/java.util.stream.AbstractPipeline.copyInto(AbstractPipeline.java:509)
	at java.base/java.util.stream.AbstractPipeline.wrapAndCopyInto(AbstractPipeline.java:499)
	at java.base/java.util.stream.ForEachOps$ForEachOp.evaluateSequential(ForEachOps.java:151)
	at java.base/java.util.stream.ForEachOps$ForEachOp$OfRef.evaluateSequential(ForEachOps.java:174)
	at java.base/java.util.stream.AbstractPipeline.evaluate(AbstractPipeline.java:234)
	at java.base/java.util.stream.ReferencePipeline.forEach(ReferencePipeline.java:596)
	at java.base/java.util.stream.ReferencePipeline$7$1.accept(ReferencePipeline.java:276)
	at java.base/java.util.stream.ReferencePipeline$3$1.accept(ReferencePipeline.java:197)
	at java.base/java.util.stream.ReferencePipeline$3$1.accept(ReferencePipeline.java:197)
	at java.base/java.util.stream.ReferencePipeline$3$1.accept(ReferencePipeline.java:197)
	at java.base/java.util.ArrayList$ArrayListSpliterator.forEachRemaining(ArrayList.java:1708)
	at java.base/java.util.stream.AbstractPipeline.copyInto(AbstractPipeline.java:509)
	at java.base/java.util.stream.AbstractPipeline.wrapAndCopyInto(AbstractPipeline.java:499)
	at java.base/java.util.stream.ForEachOps$ForEachOp.evaluateSequential(ForEachOps.java:151)
	at java.base/java.util.stream.ForEachOps$ForEachOp$OfRef.evaluateSequential(ForEachOps.java:174)
	at java.base/java.util.stream.AbstractPipeline.evaluate(AbstractPipeline.java:234)
	at java.base/java.util.stream.ReferencePipeline.forEach(ReferencePipeline.java:596)
	at java.base/java.util.stream.ReferencePipeline$7$1.accept(ReferencePipeline.java:276)
	at java.base/java.util.ArrayList$ArrayListSpliterator.forEachRemaining(ArrayList.java:1708)
	at java.base/java.util.stream.AbstractPipeline.copyInto(AbstractPipeline.java:509)
	at java.base/java.util.stream.AbstractPipeline.wrapAndCopyInto(AbstractPipeline.java:499)
	at java.base/java.util.stream.ForEachOps$ForEachOp.evaluateSequential(ForEachOps.java:151)
	at java.base/java.util.stream.ForEachOps$ForEachOp$OfRef.evaluateSequential(ForEachOps.java:174)
	at java.base/java.util.stream.AbstractPipeline.evaluate(AbstractPipeline.java:234)
	at java.base/java.util.stream.ReferencePipeline.forEach(ReferencePipeline.java:596)
	at org.junit.jupiter.engine.descriptor.TestTemplateTestDescriptor.execute(TestTemplateTestDescriptor.java:109)
	at org.junit.jupiter.engine.descriptor.TestTemplateTestDescriptor.execute(TestTemplateTestDescriptor.java:43)
	at org.junit.platform.engine.support.hierarchical.NodeTestTask.lambda$executeRecursively$6(NodeTestTask.java:156)
	at org.junit.platform.engine.support.hierarchical.ThrowableCollector.execute(ThrowableCollector.java:73)
	at org.junit.platform.engine.support.hierarchical.NodeTestTask.lambda$executeRecursively$8(NodeTestTask.java:146)
	at org.junit.platform.engine.support.hierarchical.Node.around(Node.java:137)
	at org.junit.platform.engine.support.hierarchical.NodeTestTask.lambda$executeRecursively$9(NodeTestTask.java:144)
	at org.junit.platform.engine.support.hierarchical.ThrowableCollector.execute(ThrowableCollector.java:73)
	at org.junit.platform.engine.support.hierarchical.NodeTestTask.executeRecursively(NodeTestTask.java:143)
	at org.junit.platform.engine.support.hierarchical.NodeTestTask.execute(NodeTestTask.java:100)
	at org.junit.platform.engine.support.hierarchical.ForkJoinPoolHierarchicalTestExecutorService$ExclusiveTask.exec(ForkJoinPoolHierarchicalTestExecutorService.java:274)
	at org.junit.platform.engine.support.hierarchical.ForkJoinPoolHierarchicalTestExecutorService$ExclusiveTask.execSync(ForkJoinPoolHierarchicalTestExecutorService.java:247)
	at org.junit.platform.engine.support.hierarchical.ForkJoinPoolHierarchicalTestExecutorService.executeSync(ForkJoinPoolHierarchicalTestExecutorService.java:194)
	at org.junit.platform.engine.support.hierarchical.ForkJoinPoolHierarchicalTestExecutorService.invokeAll(ForkJoinPoolHierarchicalTestExecutorService.java:166)
	at org.junit.platform.engine.support.hierarchical.NodeTestTask.lambda$executeRecursively$6(NodeTestTask.java:160)
	at org.junit.platform.engine.support.hierarchical.ThrowableCollector.execute(ThrowableCollector.java:73)
	at org.junit.platform.engine.support.hierarchical.NodeTestTask.lambda$executeRecursively$8(NodeTestTask.java:146)
	at org.junit.platform.engine.support.hierarchical.Node.around(Node.java:137)
	at org.junit.platform.engine.support.hierarchical.NodeTestTask.lambda$executeRecursively$9(NodeTestTask.java:144)
	at org.junit.platform.engine.support.hierarchical.ThrowableCollector.execute(ThrowableCollector.java:73)
	at org.junit.platform.engine.support.hierarchical.NodeTestTask.executeRecursively(NodeTestTask.java:143)
	at org.junit.platform.engine.support.hierarchical.NodeTestTask.execute(NodeTestTask.java:100)
	at org.junit.platform.engine.support.hierarchical.ForkJoinPoolHierarchicalTestExecutorService$ExclusiveTask.exec(ForkJoinPoolHierarchicalTestExecutorService.java:274)
	at java.base/java.util.concurrent.ForkJoinTask.doExec(ForkJoinTask.java:387)
	at java.base/java.util.concurrent.ForkJoinPool$WorkQueue.topLevelExec(ForkJoinPool.java:1312)
	at java.base/java.util.concurrent.ForkJoinPool.scan(ForkJoinPool.java:1843)
	at java.base/java.util.concurrent.ForkJoinPool.runWorker(ForkJoinPool.java:1808)
	at java.base/java.util.concurrent.ForkJoinWorkerThread.run(ForkJoinWorkerThread.java:188)
    23:49:16.934 | 468 ool-1-worker-232 | DEBUG | .c.s.m.InstanceMessageReceiveService : Received schedule participant score for exercise 3691 and participant 803 (result to be deleted: null)
    23:49:16.934 | 468 ool-1-worker-232 | DEBUG | .a.s.ParticipantScoreScheduleService : Scheduled task for exercise 3691 and participant 803 at 2025-02-14T23:49:17.034776930Z[Etc/UTC].
    23:49:16.953 | 468 ool-1-worker-232 | DEBUG | .s.ProgrammingExerciseGradingService : Received new build result (NEW) for participation 5638
    23:49:16.979 | 468 ool-1-worker-232 | DEBUG | .c.s.m.InstanceMessageReceiveService : Received schedule participant score for exercise 3691 and participant 803 (result to be deleted: null)
    23:49:16.979 | 468 ool-1-worker-232 | DEBUG | .a.s.ParticipantScoreScheduleService : Scheduled task for exercise 3691 and participant 803 at 2025-02-14T23:49:17.079508693Z[Etc/UTC].

  Starting logs for SubmissionPolicyIntegrationTest > test_enforceLockRepositoryPolicyOnStudentParticipation(EnforcePolicyTestType) [2] type=POLICY_ACTIVE
    23:49:16.989 | 468 ool-1-worker-232 | DEBUG | d.t.c.a.a.c.u.util.UserUtilService   : Generate 2 students...
    23:49:16.993 | 468 ool-1-worker-232 | DEBUG | d.t.c.a.a.c.u.util.UserUtilService   : 2 students generated. Generate 1 tutors...
    23:49:16.995 | 468 ool-1-worker-232 | DEBUG | d.t.c.a.a.c.u.util.UserUtilService   : 1 tutors generated. Generate 1 editors...
    23:49:16.997 | 468 ool-1-worker-232 | DEBUG | d.t.c.a.a.c.u.util.UserUtilService   : 1 editors generated. Generate 1 instructors...
    23:49:17.000 | 468 ool-1-worker-232 | DEBUG | d.t.c.a.a.c.u.util.UserUtilService   : 1 instructors generated
    23:49:17.001 | 468 ool-1-worker-232 | DEBUG | d.t.c.a.a.c.u.util.UserUtilService   : Removing 8 users from all courses...
    23:49:17.002 | 468 ool-1-worker-232 | DEBUG | d.t.c.a.a.c.u.util.UserUtilService   : Removing 8 users from all courses. Done
    23:49:17.002 | 468 ool-1-worker-232 | DEBUG | d.t.c.a.a.c.u.util.UserUtilService   : Save 5 users to database...
    23:49:17.005 | 468 ool-1-worker-232 | DEBUG | d.t.c.a.a.c.u.util.UserUtilService   : Save 5 users to database. Done
    23:49:17.029 | 468 ool-1-worker-232 | INFO  | i.z.t.d.l.EmbeddedDatabaseReporter   : JDBC URL to connect to 'dataSource': url='jdbc:h2:tcp://localhost:41063/mem:736625c0-cf5e-400d-aeaa-8a7eabd6262b;USER=sa', scope='SubmissionPolicyIntegrationTest#test_enforceLockRepositoryPolicyOnStudentParticipation'
    23:49:17.032 | 468 ool-1-worker-232 | DEBUG | PersonalAccessTokenManagementService : Generate secure vcs access token
    23:49:17.037 | 468 ool-1-worker-232 | DEBUG | .s.ProgrammingExerciseGradingService : Received new build result (NEW) for participation 5641
    23:49:17.040 | 468 ool-1-worker-232 | WARN  | .s.ProgrammingExerciseGradingService : Could not find pending ProgrammingSubmission for Commit Hash 9b3a9bd71a0d80e5bbc42204c319ed3d1d4f0d6d (Participation 5641, Build Plan SHORT6FB64F370BCAD04EAA084170AAC2C1224D95TSTEXC-SUBMISSIONPOLICYINTEGRATIONSTUDENT1). Will create a new one subsequently...
    23:49:17.041 | 468 ool-1-worker-232 | ERROR | .s.ProgrammingExerciseGradingService : Could not retrieve push date for participation 5641 and build plan SHORT6FB64F370BCAD04EAA084170AAC2C1224D95TSTEXC-SUBMISSIONPOLICYINTEGRATIONSTUDENT1
de.tum.cit.aet.artemis.programming.service.gitlab.GitLabException: Could not find build queue date for participation 5641
	at de.tum.cit.aet.artemis.programming.service.gitlab.GitLabService.getPushDate(GitLabService.java:369)
	at de.tum.cit.aet.artemis.programming.service.gitlab.GitLabService.getPushDate(GitLabService.java:358)
	at de.tum.cit.aet.artemis.programming.service.ProgrammingExerciseGradingService.createAndSaveFallbackSubmission(ProgrammingExerciseGradingService.java:286)
	at de.tum.cit.aet.artemis.programming.service.ProgrammingExerciseGradingService.createAndSaveFallbackSubmission(ProgrammingExerciseGradingService.java:272)
	at de.tum.cit.aet.artemis.programming.service.ProgrammingExerciseGradingService.lambda$processNewProgrammingExerciseResult$0(ProgrammingExerciseGradingService.java:177)
	at java.base/java.util.Optional.orElseGet(Optional.java:364)
	at de.tum.cit.aet.artemis.programming.service.ProgrammingExerciseGradingService.processNewProgrammingExerciseResult(ProgrammingExerciseGradingService.java:177)
	at de.tum.cit.aet.artemis.programming.service.ProgrammingExerciseGradingService.processNewProgrammingExerciseResult(ProgrammingExerciseGradingService.java:156)
	at de.tum.cit.aet.artemis.programming.SubmissionPolicyIntegrationTest.test_enforceLockRepositoryPolicyOnStudentParticipation(SubmissionPolicyIntegrationTest.java:391)
	at java.base/jdk.internal.reflect.DirectMethodHandleAccessor.invoke(DirectMethodHandleAccessor.java:103)
	at java.base/java.lang.reflect.Method.invoke(Method.java:580)
	at org.junit.platform.commons.util.ReflectionUtils.invokeMethod(ReflectionUtils.java:767)
	at org.junit.jupiter.engine.execution.MethodInvocation.proceed(MethodInvocation.java:60)
	at org.junit.jupiter.engine.execution.InvocationInterceptorChain$ValidatingInvocation.proceed(InvocationInterceptorChain.java:131)
	at org.junit.jupiter.engine.extension.TimeoutExtension.intercept(TimeoutExtension.java:156)
	at org.junit.jupiter.engine.extension.TimeoutExtension.interceptTestableMethod(TimeoutExtension.java:147)
	at org.junit.jupiter.engine.extension.TimeoutExtension.interceptTestTemplateMethod(TimeoutExtension.java:94)
	at org.junit.jupiter.engine.execution.InterceptingExecutableInvoker$ReflectiveInterceptorCall.lambda$ofVoidMethod$0(InterceptingExecutableInvoker.java:103)
	at org.junit.jupiter.engine.execution.InterceptingExecutableInvoker.lambda$invoke$0(InterceptingExecutableInvoker.java:93)
	at org.junit.jupiter.engine.execution.InvocationInterceptorChain$InterceptedInvocation.proceed(InvocationInterceptorChain.java:106)
	at org.junit.jupiter.engine.execution.InvocationInterceptorChain.proceed(InvocationInterceptorChain.java:64)
	at org.junit.jupiter.engine.execution.InvocationInterceptorChain.chainAndInvoke(InvocationInterceptorChain.java:45)
	at org.junit.jupiter.engine.execution.InvocationInterceptorChain.invoke(InvocationInterceptorChain.java:37)
	at org.junit.jupiter.engine.execution.InterceptingExecutableInvoker.invoke(InterceptingExecutableInvoker.java:92)
	at org.junit.jupiter.engine.execution.InterceptingExecutableInvoker.invoke(InterceptingExecutableInvoker.java:86)
	at org.junit.jupiter.engine.descriptor.TestMethodTestDescriptor.lambda$invokeTestMethod$8(TestMethodTestDescriptor.java:217)
	at org.junit.platform.engine.support.hierarchical.ThrowableCollector.execute(ThrowableCollector.java:73)
	at org.junit.jupiter.engine.descriptor.TestMethodTestDescriptor.invokeTestMethod(TestMethodTestDescriptor.java:213)
	at org.junit.jupiter.engine.descriptor.TestMethodTestDescriptor.execute(TestMethodTestDescriptor.java:138)
	at org.junit.jupiter.engine.descriptor.TestMethodTestDescriptor.execute(TestMethodTestDescriptor.java:68)
	at org.junit.platform.engine.support.hierarchical.NodeTestTask.lambda$executeRecursively$6(NodeTestTask.java:156)
	at org.junit.platform.engine.support.hierarchical.ThrowableCollector.execute(ThrowableCollector.java:73)
	at org.junit.platform.engine.support.hierarchical.NodeTestTask.lambda$executeRecursively$8(NodeTestTask.java:146)
	at org.junit.platform.engine.support.hierarchical.Node.around(Node.java:137)
	at org.junit.platform.engine.support.hierarchical.NodeTestTask.lambda$executeRecursively$9(NodeTestTask.java:144)
	at org.junit.platform.engine.support.hierarchical.ThrowableCollector.execute(ThrowableCollector.java:73)
	at org.junit.platform.engine.support.hierarchical.NodeTestTask.executeRecursively(NodeTestTask.java:143)
	at org.junit.platform.engine.support.hierarchical.NodeTestTask.execute(NodeTestTask.java:100)
	at org.junit.platform.engine.support.hierarchical.ForkJoinPoolHierarchicalTestExecutorService$ExclusiveTask.exec(ForkJoinPoolHierarchicalTestExecutorService.java:274)
	at org.junit.platform.engine.support.hierarchical.ForkJoinPoolHierarchicalTestExecutorService$ExclusiveTask.execSync(ForkJoinPoolHierarchicalTestExecutorService.java:247)
	at org.junit.platform.engine.support.hierarchical.ForkJoinPoolHierarchicalTestExecutorService.submit(ForkJoinPoolHierarchicalTestExecutorService.java:148)
	at org.junit.platform.engine.support.hierarchical.NodeTestTask$DefaultDynamicTestExecutor.execute(NodeTestTask.java:231)
	at org.junit.platform.engine.support.hierarchical.NodeTestTask$DefaultDynamicTestExecutor.execute(NodeTestTask.java:209)
	at org.junit.jupiter.engine.descriptor.TestTemplateTestDescriptor.execute(TestTemplateTestDescriptor.java:141)
	at org.junit.jupiter.engine.descriptor.TestTemplateTestDescriptor.lambda$execute$3(TestTemplateTestDescriptor.java:109)
	at java.base/java.util.stream.ForEachOps$ForEachOp$OfRef.accept(ForEachOps.java:184)
	at java.base/java.util.stream.ReferencePipeline$3$1.accept(ReferencePipeline.java:197)
	at java.base/java.util.stream.ReferencePipeline$2$1.accept(ReferencePipeline.java:179)
	at java.base/java.util.stream.ReferencePipeline$3$1.accept(ReferencePipeline.java:197)
	at java.base/java.util.stream.ForEachOps$ForEachOp$OfRef.accept(ForEachOps.java:184)
	at java.base/java.util.stream.ReferencePipeline$3$1.accept(ReferencePipeline.java:197)
	at java.base/java.util.stream.ForEachOps$ForEachOp$OfRef.accept(ForEachOps.java:184)
	at java.base/java.util.stream.ForEachOps$ForEachOp$OfRef.accept(ForEachOps.java:184)
	at java.base/java.util.stream.ReferencePipeline$3$1.accept(ReferencePipeline.java:197)
	at java.base/java.util.Iterator.forEachRemaining(Iterator.java:133)
	at java.base/java.util.Spliterators$IteratorSpliterator.forEachRemaining(Spliterators.java:1939)
	at java.base/java.util.stream.AbstractPipeline.copyInto(AbstractPipeline.java:509)
	at java.base/java.util.stream.AbstractPipeline.wrapAndCopyInto(AbstractPipeline.java:499)
	at java.base/java.util.stream.ForEachOps$ForEachOp.evaluateSequential(ForEachOps.java:151)
	at java.base/java.util.stream.ForEachOps$ForEachOp$OfRef.evaluateSequential(ForEachOps.java:174)
	at java.base/java.util.stream.AbstractPipeline.evaluate(AbstractPipeline.java:234)
	at java.base/java.util.stream.ReferencePipeline.forEach(ReferencePipeline.java:596)
	at java.base/java.util.stream.ReferencePipeline$7$1.accept(ReferencePipeline.java:276)
	at java.base/java.util.ArrayList$ArrayListSpliterator.forEachRemaining(ArrayList.java:1708)
	at java.base/java.util.stream.AbstractPipeline.copyInto(AbstractPipeline.java:509)
	at java.base/java.util.stream.AbstractPipeline.wrapAndCopyInto(AbstractPipeline.java:499)
	at java.base/java.util.stream.ForEachOps$ForEachOp.evaluateSequential(ForEachOps.java:151)
	at java.base/java.util.stream.ForEachOps$ForEachOp$OfRef.evaluateSequential(ForEachOps.java:174)
	at java.base/java.util.stream.AbstractPipeline.evaluate(AbstractPipeline.java:234)
	at java.base/java.util.stream.ReferencePipeline.forEach(ReferencePipeline.java:596)
	at java.base/java.util.stream.ReferencePipeline$7$1.accept(ReferencePipeline.java:276)
	at java.base/java.util.stream.ReferencePipeline$3$1.accept(ReferencePipeline.java:197)
	at java.base/java.util.stream.ReferencePipeline$3$1.accept(ReferencePipeline.java:197)
	at java.base/java.util.stream.ReferencePipeline$3$1.accept(ReferencePipeline.java:197)
	at java.base/java.util.ArrayList$ArrayListSpliterator.forEachRemaining(ArrayList.java:1708)
	at java.base/java.util.stream.AbstractPipeline.copyInto(AbstractPipeline.java:509)
	at java.base/java.util.stream.AbstractPipeline.wrapAndCopyInto(AbstractPipeline.java:499)
	at java.base/java.util.stream.ForEachOps$ForEachOp.evaluateSequential(ForEachOps.java:151)
	at java.base/java.util.stream.ForEachOps$ForEachOp$OfRef.evaluateSequential(ForEachOps.java:174)
	at java.base/java.util.stream.AbstractPipeline.evaluate(AbstractPipeline.java:234)
	at java.base/java.util.stream.ReferencePipeline.forEach(ReferencePipeline.java:596)
	at java.base/java.util.stream.ReferencePipeline$7$1.accept(ReferencePipeline.java:276)
	at java.base/java.util.ArrayList$ArrayListSpliterator.forEachRemaining(ArrayList.java:1708)
	at java.base/java.util.stream.AbstractPipeline.copyInto(AbstractPipeline.java:509)
	at java.base/java.util.stream.AbstractPipeline.wrapAndCopyInto(AbstractPipeline.java:499)
	at java.base/java.util.stream.ForEachOps$ForEachOp.evaluateSequential(ForEachOps.java:151)
	at java.base/java.util.stream.ForEachOps$ForEachOp$OfRef.evaluateSequential(ForEachOps.java:174)
	at java.base/java.util.stream.AbstractPipeline.evaluate(AbstractPipeline.java:234)
	at java.base/java.util.stream.ReferencePipeline.forEach(ReferencePipeline.java:596)
	at org.junit.jupiter.engine.descriptor.TestTemplateTestDescriptor.execute(TestTemplateTestDescriptor.java:109)
	at org.junit.jupiter.engine.descriptor.TestTemplateTestDescriptor.execute(TestTemplateTestDescriptor.java:43)
	at org.junit.platform.engine.support.hierarchical.NodeTestTask.lambda$executeRecursively$6(NodeTestTask.java:156)
	at org.junit.platform.engine.support.hierarchical.ThrowableCollector.execute(ThrowableCollector.java:73)
	at org.junit.platform.engine.support.hierarchical.NodeTestTask.lambda$executeRecursively$8(NodeTestTask.java:146)
	at org.junit.platform.engine.support.hierarchical.Node.around(Node.java:137)
	at org.junit.platform.engine.support.hierarchical.NodeTestTask.lambda$executeRecursively$9(NodeTestTask.java:144)
	at org.junit.platform.engine.support.hierarchical.ThrowableCollector.execute(ThrowableCollector.java:73)
	at org.junit.platform.engine.support.hierarchical.NodeTestTask.executeRecursively(NodeTestTask.java:143)
	at org.junit.platform.engine.support.hierarchical.NodeTestTask.execute(NodeTestTask.java:100)
	at org.junit.platform.engine.support.hierarchical.ForkJoinPoolHierarchicalTestExecutorService$ExclusiveTask.exec(ForkJoinPoolHierarchicalTestExecutorService.java:274)
	at org.junit.platform.engine.support.hierarchical.ForkJoinPoolHierarchicalTestExecutorService$ExclusiveTask.execSync(ForkJoinPoolHierarchicalTestExecutorService.java:247)
	at org.junit.platform.engine.support.hierarchical.ForkJoinPoolHierarchicalTestExecutorService.executeSync(ForkJoinPoolHierarchicalTestExecutorService.java:194)
	at org.junit.platform.engine.support.hierarchical.ForkJoinPoolHierarchicalTestExecutorService.invokeAll(ForkJoinPoolHierarchicalTestExecutorService.java:166)
	at org.junit.platform.engine.support.hierarchical.NodeTestTask.lambda$executeRecursively$6(NodeTestTask.java:160)
	at org.junit.platform.engine.support.hierarchical.ThrowableCollector.execute(ThrowableCollector.java:73)
	at org.junit.platform.engine.support.hierarchical.NodeTestTask.lambda$executeRecursively$8(NodeTestTask.java:146)
	at org.junit.platform.engine.support.hierarchical.Node.around(Node.java:137)
	at org.junit.platform.engine.support.hierarchical.NodeTestTask.lambda$executeRecursively$9(NodeTestTask.java:144)
	at org.junit.platform.engine.support.hierarchical.ThrowableCollector.execute(ThrowableCollector.java:73)
	at org.junit.platform.engine.support.hierarchical.NodeTestTask.executeRecursively(NodeTestTask.java:143)
	at org.junit.platform.engine.support.hierarchical.NodeTestTask.execute(NodeTestTask.java:100)
	at org.junit.platform.engine.support.hierarchical.ForkJoinPoolHierarchicalTestExecutorService$ExclusiveTask.exec(ForkJoinPoolHierarchicalTestExecutorService.java:274)
	at java.base/java.util.concurrent.ForkJoinTask.doExec(ForkJoinTask.java:387)
	at java.base/java.util.concurrent.ForkJoinPool$WorkQueue.topLevelExec(ForkJoinPool.java:1312)
	at java.base/java.util.concurrent.ForkJoinPool.scan(ForkJoinPool.java:1843)
	at java.base/java.util.concurrent.ForkJoinPool.runWorker(ForkJoinPool.java:1808)
	at java.base/java.util.concurrent.ForkJoinWorkerThread.run(ForkJoinWorkerThread.java:188)
    23:49:17.047 | 468 ool-1-worker-232 | INFO  | d.t.c.a.a.p.s.gitlab.GitLabService   : Adding user 1 with permissions 20 to repository SHORT6FB64F370BCAD04EAA084170AAC2C1224D95TSTEXC/short6fb64f370bcad04eaa084170aac2c1224d95tstexc-submissionpolicyintegrationstudent1
    23:49:17.069 | 468 ool-1-worker-232 | DEBUG | .c.s.m.InstanceMessageReceiveService : Received schedule participant score for exercise 3692 and participant 803 (result to be deleted: null)
    23:49:17.069 | 468 ool-1-worker-232 | DEBUG | .a.s.ParticipantScoreScheduleService : Scheduled task for exercise 3692 and participant 803 at 2025-02-14T23:49:17.169831350Z[Etc/UTC].
    23:49:17.091 | 468 ool-1-worker-232 | DEBUG | .s.ProgrammingExerciseGradingService : Received new build result (NEW) for participation 5641
    23:49:17.120 | 468 ool-1-worker-232 | DEBUG | .c.s.m.InstanceMessageReceiveService : Received schedule participant score for exercise 3692 and participant 803 (result to be deleted: null)
    23:49:17.120 | 468 ool-1-worker-232 | DEBUG | .a.s.ParticipantScoreScheduleService : Scheduled task for exercise 3692 and participant 803 at 2025-02-14T23:49:17.220765400Z[Etc/UTC].

  Starting logs for SubmissionPolicyIntegrationTest > test_enforceLockRepositoryPolicyOnStudentParticipation(EnforcePolicyTestType) [3] type=POLICY_INACTIVE
    23:49:17.133 | 468 ool-1-worker-232 | DEBUG | d.t.c.a.a.c.u.util.UserUtilService   : Generate 2 students...
    23:49:17.138 | 468 ool-1-worker-232 | DEBUG | d.t.c.a.a.c.u.util.UserUtilService   : 2 students generated. Generate 1 tutors...
    23:49:17.140 | 468 ool-1-worker-232 | DEBUG | d.t.c.a.a.c.u.util.UserUtilService   : 1 tutors generated. Generate 1 editors...
    23:49:17.143 | 468 ool-1-worker-232 | DEBUG | d.t.c.a.a.c.u.util.UserUtilService   : 1 editors generated. Generate 1 instructors...
    23:49:17.146 | 468 ool-1-worker-232 | DEBUG | d.t.c.a.a.c.u.util.UserUtilService   : 1 instructors generated
    23:49:17.148 | 468 ool-1-worker-232 | DEBUG | d.t.c.a.a.c.u.util.UserUtilService   : Removing 8 users from all courses...
    23:49:17.150 | 468 ool-1-worker-232 | DEBUG | d.t.c.a.a.c.u.util.UserUtilService   : Removing 8 users from all courses. Done
    23:49:17.150 | 468 ool-1-worker-232 | DEBUG | d.t.c.a.a.c.u.util.UserUtilService   : Save 5 users to database...
    23:49:17.154 | 468 ool-1-worker-232 | DEBUG | d.t.c.a.a.c.u.util.UserUtilService   : Save 5 users to database. Done
    23:49:17.178 | 468 ool-1-worker-232 | INFO  | i.z.t.d.l.EmbeddedDatabaseReporter   : JDBC URL to connect to 'dataSource': url='jdbc:h2:tcp://localhost:41063/mem:736625c0-cf5e-400d-aeaa-8a7eabd6262b;USER=sa', scope='SubmissionPolicyIntegrationTest#test_enforceLockRepositoryPolicyOnStudentParticipation'
    23:49:17.181 | 468 ool-1-worker-232 | DEBUG | PersonalAccessTokenManagementService : Generate secure vcs access token
    23:49:17.184 | 468 ool-1-worker-232 | DEBUG | .s.ProgrammingExerciseGradingService : Received new build result (NEW) for participation 5644
    23:49:17.187 | 468 ool-1-worker-232 | WARN  | .s.ProgrammingExerciseGradingService : Could not find pending ProgrammingSubmission for Commit Hash 9b3a9bd71a0d80e5bbc42204c319ed3d1d4f0d6d (Participation 5644, Build Plan SHORT31DE9C22039B004F380BBDF0128CA9A2BB21TSTEXC-SUBMISSIONPOLICYINTEGRATIONSTUDENT1). Will create a new one subsequently...
    23:49:17.188 | 468 ool-1-worker-232 | ERROR | .s.ProgrammingExerciseGradingService : Could not retrieve push date for participation 5644 and build plan SHORT31DE9C22039B004F380BBDF0128CA9A2BB21TSTEXC-SUBMISSIONPOLICYINTEGRATIONSTUDENT1
de.tum.cit.aet.artemis.programming.service.gitlab.GitLabException: Could not find build queue date for participation 5644
	at de.tum.cit.aet.artemis.programming.service.gitlab.GitLabService.getPushDate(GitLabService.java:369)
	at de.tum.cit.aet.artemis.programming.service.gitlab.GitLabService.getPushDate(GitLabService.java:358)
	at de.tum.cit.aet.artemis.programming.service.ProgrammingExerciseGradingService.createAndSaveFallbackSubmission(ProgrammingExerciseGradingService.java:286)
	at de.tum.cit.aet.artemis.programming.service.ProgrammingExerciseGradingService.createAndSaveFallbackSubmission(ProgrammingExerciseGradingService.java:272)
	at de.tum.cit.aet.artemis.programming.service.ProgrammingExerciseGradingService.lambda$processNewProgrammingExerciseResult$0(ProgrammingExerciseGradingService.java:177)
	at java.base/java.util.Optional.orElseGet(Optional.java:364)
	at de.tum.cit.aet.artemis.programming.service.ProgrammingExerciseGradingService.processNewProgrammingExerciseResult(ProgrammingExerciseGradingService.java:177)
	at de.tum.cit.aet.artemis.programming.service.ProgrammingExerciseGradingService.processNewProgrammingExerciseResult(ProgrammingExerciseGradingService.java:156)
	at de.tum.cit.aet.artemis.programming.SubmissionPolicyIntegrationTest.test_enforceLockRepositoryPolicyOnStudentParticipation(SubmissionPolicyIntegrationTest.java:391)
	at java.base/jdk.internal.reflect.DirectMethodHandleAccessor.invoke(DirectMethodHandleAccessor.java:103)
	at java.base/java.lang.reflect.Method.invoke(Method.java:580)
	at org.junit.platform.commons.util.ReflectionUtils.invokeMethod(ReflectionUtils.java:767)
	at org.junit.jupiter.engine.execution.MethodInvocation.proceed(MethodInvocation.java:60)
	at org.junit.jupiter.engine.execution.InvocationInterceptorChain$ValidatingInvocation.proceed(InvocationInterceptorChain.java:131)
	at org.junit.jupiter.engine.extension.TimeoutExtension.intercept(TimeoutExtension.java:156)
	at org.junit.jupiter.engine.extension.TimeoutExtension.interceptTestableMethod(TimeoutExtension.java:147)
	at org.junit.jupiter.engine.extension.TimeoutExtension.interceptTestTemplateMethod(TimeoutExtension.java:94)
	at org.junit.jupiter.engine.execution.InterceptingExecutableInvoker$ReflectiveInterceptorCall.lambda$ofVoidMethod$0(InterceptingExecutableInvoker.java:103)
	at org.junit.jupiter.engine.execution.InterceptingExecutableInvoker.lambda$invoke$0(InterceptingExecutableInvoker.java:93)
	at org.junit.jupiter.engine.execution.InvocationInterceptorChain$InterceptedInvocation.proceed(InvocationInterceptorChain.java:106)
	at org.junit.jupiter.engine.execution.InvocationInterceptorChain.proceed(InvocationInterceptorChain.java:64)
	at org.junit.jupiter.engine.execution.InvocationInterceptorChain.chainAndInvoke(InvocationInterceptorChain.java:45)
	at org.junit.jupiter.engine.execution.InvocationInterceptorChain.invoke(InvocationInterceptorChain.java:37)
	at org.junit.jupiter.engine.execution.InterceptingExecutableInvoker.invoke(InterceptingExecutableInvoker.java:92)
	at org.junit.jupiter.engine.execution.InterceptingExecutableInvoker.invoke(InterceptingExecutableInvoker.java:86)
	at org.junit.jupiter.engine.descriptor.TestMethodTestDescriptor.lambda$invokeTestMethod$8(TestMethodTestDescriptor.java:217)
	at org.junit.platform.engine.support.hierarchical.ThrowableCollector.execute(ThrowableCollector.java:73)
	at org.junit.jupiter.engine.descriptor.TestMethodTestDescriptor.invokeTestMethod(TestMethodTestDescriptor.java:213)
	at org.junit.jupiter.engine.descriptor.TestMethodTestDescriptor.execute(TestMethodTestDescriptor.java:138)
	at org.junit.jupiter.engine.descriptor.TestMethodTestDescriptor.execute(TestMethodTestDescriptor.java:68)
	at org.junit.platform.engine.support.hierarchical.NodeTestTask.lambda$executeRecursively$6(NodeTestTask.java:156)
	at org.junit.platform.engine.support.hierarchical.ThrowableCollector.execute(ThrowableCollector.java:73)
	at org.junit.platform.engine.support.hierarchical.NodeTestTask.lambda$executeRecursively$8(NodeTestTask.java:146)
	at org.junit.platform.engine.support.hierarchical.Node.around(Node.java:137)
	at org.junit.platform.engine.support.hierarchical.NodeTestTask.lambda$executeRecursively$9(NodeTestTask.java:144)
	at org.junit.platform.engine.support.hierarchical.ThrowableCollector.execute(ThrowableCollector.java:73)
	at org.junit.platform.engine.support.hierarchical.NodeTestTask.executeRecursively(NodeTestTask.java:143)
	at org.junit.platform.engine.support.hierarchical.NodeTestTask.execute(NodeTestTask.java:100)
	at org.junit.platform.engine.support.hierarchical.ForkJoinPoolHierarchicalTestExecutorService$ExclusiveTask.exec(ForkJoinPoolHierarchicalTestExecutorService.java:274)
	at org.junit.platform.engine.support.hierarchical.ForkJoinPoolHierarchicalTestExecutorService$ExclusiveTask.execSync(ForkJoinPoolHierarchicalTestExecutorService.java:247)
	at org.junit.platform.engine.support.hierarchical.ForkJoinPoolHierarchicalTestExecutorService.submit(ForkJoinPoolHierarchicalTestExecutorService.java:148)
	at org.junit.platform.engine.support.hierarchical.NodeTestTask$DefaultDynamicTestExecutor.execute(NodeTestTask.java:231)
	at org.junit.platform.engine.support.hierarchical.NodeTestTask$DefaultDynamicTestExecutor.execute(NodeTestTask.java:209)
	at org.junit.jupiter.engine.descriptor.TestTemplateTestDescriptor.execute(TestTemplateTestDescriptor.java:141)
	at org.junit.jupiter.engine.descriptor.TestTemplateTestDescriptor.lambda$execute$3(TestTemplateTestDescriptor.java:109)
	at java.base/java.util.stream.ForEachOps$ForEachOp$OfRef.accept(ForEachOps.java:184)
	at java.base/java.util.stream.ReferencePipeline$3$1.accept(ReferencePipeline.java:197)
	at java.base/java.util.stream.ReferencePipeline$2$1.accept(ReferencePipeline.java:179)
	at java.base/java.util.stream.ReferencePipeline$3$1.accept(ReferencePipeline.java:197)
	at java.base/java.util.stream.ForEachOps$ForEachOp$OfRef.accept(ForEachOps.java:184)
	at java.base/java.util.stream.ReferencePipeline$3$1.accept(ReferencePipeline.java:197)
	at java.base/java.util.stream.ForEachOps$ForEachOp$OfRef.accept(ForEachOps.java:184)
	at java.base/java.util.stream.ForEachOps$ForEachOp$OfRef.accept(ForEachOps.java:184)
	at java.base/java.util.stream.ReferencePipeline$3$1.accept(ReferencePipeline.java:197)
	at java.base/java.util.Iterator.forEachRemaining(Iterator.java:133)
	at java.base/java.util.Spliterators$IteratorSpliterator.forEachRemaining(Spliterators.java:1939)
	at java.base/java.util.stream.AbstractPipeline.copyInto(AbstractPipeline.java:509)
	at java.base/java.util.stream.AbstractPipeline.wrapAndCopyInto(AbstractPipeline.java:499)
	at java.base/java.util.stream.ForEachOps$ForEachOp.evaluateSequential(ForEachOps.java:151)
	at java.base/java.util.stream.ForEachOps$ForEachOp$OfRef.evaluateSequential(ForEachOps.java:174)
	at java.base/java.util.stream.AbstractPipeline.evaluate(AbstractPipeline.java:234)
	at java.base/java.util.stream.ReferencePipeline.forEach(ReferencePipeline.java:596)
	at java.base/java.util.stream.ReferencePipeline$7$1.accept(ReferencePipeline.java:276)
	at java.base/java.util.ArrayList$ArrayListSpliterator.forEachRemaining(ArrayList.java:1708)
	at java.base/java.util.stream.AbstractPipeline.copyInto(AbstractPipeline.java:509)
	at java.base/java.util.stream.AbstractPipeline.wrapAndCopyInto(AbstractPipeline.java:499)
	at java.base/java.util.stream.ForEachOps$ForEachOp.evaluateSequential(ForEachOps.java:151)
	at java.base/java.util.stream.ForEachOps$ForEachOp$OfRef.evaluateSequential(ForEachOps.java:174)
	at java.base/java.util.stream.AbstractPipeline.evaluate(AbstractPipeline.java:234)
	at java.base/java.util.stream.ReferencePipeline.forEach(ReferencePipeline.java:596)
	at java.base/java.util.stream.ReferencePipeline$7$1.accept(ReferencePipeline.java:276)
	at java.base/java.util.stream.ReferencePipeline$3$1.accept(ReferencePipeline.java:197)
	at java.base/java.util.stream.ReferencePipeline$3$1.accept(ReferencePipeline.java:197)
	at java.base/java.util.stream.ReferencePipeline$3$1.accept(ReferencePipeline.java:197)
	at java.base/java.util.ArrayList$ArrayListSpliterator.forEachRemaining(ArrayList.java:1708)
	at java.base/java.util.stream.AbstractPipeline.copyInto(AbstractPipeline.java:509)
	at java.base/java.util.stream.AbstractPipeline.wrapAndCopyInto(AbstractPipeline.java:499)
	at java.base/java.util.stream.ForEachOps$ForEachOp.evaluateSequential(ForEachOps.java:151)
	at java.base/java.util.stream.ForEachOps$ForEachOp$OfRef.evaluateSequential(ForEachOps.java:174)
	at java.base/java.util.stream.AbstractPipeline.evaluate(AbstractPipeline.java:234)
	at java.base/java.util.stream.ReferencePipeline.forEach(ReferencePipeline.java:596)
	at java.base/java.util.stream.ReferencePipeline$7$1.accept(ReferencePipeline.java:276)
	at java.base/java.util.ArrayList$ArrayListSpliterator.forEachRemaining(ArrayList.java:1708)
	at java.base/java.util.stream.AbstractPipeline.copyInto(AbstractPipeline.java:509)
	at java.base/java.util.stream.AbstractPipeline.wrapAndCopyInto(AbstractPipeline.java:499)
	at java.base/java.util.stream.ForEachOps$ForEachOp.evaluateSequential(ForEachOps.java:151)
	at java.base/java.util.stream.ForEachOps$ForEachOp$OfRef.evaluateSequential(ForEachOps.java:174)
	at java.base/java.util.stream.AbstractPipeline.evaluate(AbstractPipeline.java:234)
	at java.base/java.util.stream.ReferencePipeline.forEach(ReferencePipeline.java:596)
	at org.junit.jupiter.engine.descriptor.TestTemplateTestDescriptor.execute(TestTemplateTestDescriptor.java:109)
	at org.junit.jupiter.engine.descriptor.TestTemplateTestDescriptor.execute(TestTemplateTestDescriptor.java:43)
	at org.junit.platform.engine.support.hierarchical.NodeTestTask.lambda$executeRecursively$6(NodeTestTask.java:156)
	at org.junit.platform.engine.support.hierarchical.ThrowableCollector.execute(ThrowableCollector.java:73)
	at org.junit.platform.engine.support.hierarchical.NodeTestTask.lambda$executeRecursively$8(NodeTestTask.java:146)
	at org.junit.platform.engine.support.hierarchical.Node.around(Node.java:137)
	at org.junit.platform.engine.support.hierarchical.NodeTestTask.lambda$executeRecursively$9(NodeTestTask.java:144)
	at org.junit.platform.engine.support.hierarchical.ThrowableCollector.execute(ThrowableCollector.java:73)
	at org.junit.platform.engine.support.hierarchical.NodeTestTask.executeRecursively(NodeTestTask.java:143)
	at org.junit.platform.engine.support.hierarchical.NodeTestTask.execute(NodeTestTask.java:100)
	at org.junit.platform.engine.support.hierarchical.ForkJoinPoolHierarchicalTestExecutorService$ExclusiveTask.exec(ForkJoinPoolHierarchicalTestExecutorService.java:274)
	at org.junit.platform.engine.support.hierarchical.ForkJoinPoolHierarchicalTestExecutorService$ExclusiveTask.execSync(ForkJoinPoolHierarchicalTestExecutorService.java:247)
	at org.junit.platform.engine.support.hierarchical.ForkJoinPoolHierarchicalTestExecutorService.executeSync(ForkJoinPoolHierarchicalTestExecutorService.java:194)
	at org.junit.platform.engine.support.hierarchical.ForkJoinPoolHierarchicalTestExecutorService.invokeAll(ForkJoinPoolHierarchicalTestExecutorService.java:166)
	at org.junit.platform.engine.support.hierarchical.NodeTestTask.lambda$executeRecursively$6(NodeTestTask.java:160)
	at org.junit.platform.engine.support.hierarchical.ThrowableCollector.execute(ThrowableCollector.java:73)
	at org.junit.platform.engine.support.hierarchical.NodeTestTask.lambda$executeRecursively$8(NodeTestTask.java:146)
	at org.junit.platform.engine.support.hierarchical.Node.around(Node.java:137)
	at org.junit.platform.engine.support.hierarchical.NodeTestTask.lambda$executeRecursively$9(NodeTestTask.java:144)
	at org.junit.platform.engine.support.hierarchical.ThrowableCollector.execute(ThrowableCollector.java:73)
	at org.junit.platform.engine.support.hierarchical.NodeTestTask.executeRecursively(NodeTestTask.java:143)
	at org.junit.platform.engine.support.hierarchical.NodeTestTask.execute(NodeTestTask.java:100)
	at org.junit.platform.engine.support.hierarchical.ForkJoinPoolHierarchicalTestExecutorService$ExclusiveTask.exec(ForkJoinPoolHierarchicalTestExecutorService.java:274)
	at java.base/java.util.concurrent.ForkJoinTask.doExec(ForkJoinTask.java:387)
	at java.base/java.util.concurrent.ForkJoinPool$WorkQueue.topLevelExec(ForkJoinPool.java:1312)
	at java.base/java.util.concurrent.ForkJoinPool.scan(ForkJoinPool.java:1843)
	at java.base/java.util.concurrent.ForkJoinPool.runWorker(ForkJoinPool.java:1808)
	at java.base/java.util.concurrent.ForkJoinWorkerThread.run(ForkJoinWorkerThread.java:188)
    23:49:17.227 | 468 ool-1-worker-232 | DEBUG | .c.s.m.InstanceMessageReceiveService : Received schedule participant score for exercise 3693 and participant 803 (result to be deleted: null)
    23:49:17.228 | 468 ool-1-worker-232 | DEBUG | .a.s.ParticipantScoreScheduleService : Scheduled task for exercise 3693 and participant 803 at 2025-02-14T23:49:17.328069157Z[Etc/UTC].
    23:49:17.257 | 468 ool-1-worker-232 | DEBUG | .s.ProgrammingExerciseGradingService : Received new build result (NEW) for participation 5644
    23:49:17.285 | 468 ool-1-worker-232 | DEBUG | .c.s.m.InstanceMessageReceiveService : Received schedule participant score for exercise 3693 and participant 803 (result to be deleted: null)
    23:49:17.285 | 468 ool-1-worker-232 | DEBUG | .a.s.ParticipantScoreScheduleService : Scheduled task for exercise 3693 and participant 803 at 2025-02-14T23:49:17.385829186Z[Etc/UTC].

  Starting logs for SubmissionPolicyIntegrationTest > test_addSubmissionPolicyToProgrammingExercise_forbidden_student()
    23:49:17.295 | 468 ool-1-worker-232 | DEBUG | d.t.c.a.a.c.u.util.UserUtilService   : Generate 2 students...
    23:49:17.299 | 468 ool-1-worker-232 | DEBUG | d.t.c.a.a.c.u.util.UserUtilService   : 2 students generated. Generate 1 tutors...
    23:49:17.301 | 468 ool-1-worker-232 | DEBUG | d.t.c.a.a.c.u.util.UserUtilService   : 1 tutors generated. Generate 1 editors...
    23:49:17.303 | 468 ool-1-worker-232 | DEBUG | d.t.c.a.a.c.u.util.UserUtilService   : 1 editors generated. Generate 1 instructors...
    23:49:17.306 | 468 ool-1-worker-232 | DEBUG | d.t.c.a.a.c.u.util.UserUtilService   : 1 instructors generated
    23:49:17.307 | 468 ool-1-worker-232 | DEBUG | d.t.c.a.a.c.u.util.UserUtilService   : Removing 8 users from all courses...
    23:49:17.308 | 468 ool-1-worker-232 | DEBUG | d.t.c.a.a.c.u.util.UserUtilService   : Removing 8 users from all courses. Done
    23:49:17.308 | 468 ool-1-worker-232 | DEBUG | d.t.c.a.a.c.u.util.UserUtilService   : Save 5 users to database...
    23:49:17.311 | 468 ool-1-worker-232 | DEBUG | d.t.c.a.a.c.u.util.UserUtilService   : Save 5 users to database. Done
    23:49:17.334 | 468 ool-1-worker-232 | INFO  | i.z.t.d.l.EmbeddedDatabaseReporter   : JDBC URL to connect to 'dataSource': url='jdbc:h2:tcp://localhost:41063/mem:736625c0-cf5e-400d-aeaa-8a7eabd6262b;USER=sa', scope='SubmissionPolicyIntegrationTest#test_addSubmissionPolicyToProgrammingExercise_forbidden_student'
    23:49:17.335 | 468 ool-1-worker-232 | DEBUG | d.t.c.a.a.c.s.f.ApiVersionFilter     : Adding Version to Request POST /api/programming-exercises/3694/submission-policy
    23:49:17.336 | 468 ool-1-worker-232 | WARN  | o.z.p.spring.common.AdviceTraits     : Forbidden: Access Denied

  Starting logs for SubmissionPolicyIntegrationTest > test_updateSubmissionPolicy_badRequest_policyNotPresent()
    23:49:17.346 | 468 ool-1-worker-232 | DEBUG | d.t.c.a.a.c.u.util.UserUtilService   : Generate 2 students...
    23:49:17.350 | 468 ool-1-worker-232 | DEBUG | d.t.c.a.a.c.u.util.UserUtilService   : 2 students generated. Generate 1 tutors...
    23:49:17.352 | 468 ool-1-worker-232 | DEBUG | d.t.c.a.a.c.u.util.UserUtilService   : 1 tutors generated. Generate 1 editors...
    23:49:17.355 | 468 ool-1-worker-232 | DEBUG | d.t.c.a.a.c.u.util.UserUtilService   : 1 editors generated. Generate 1 instructors...
    23:49:17.357 | 468 ool-1-worker-232 | DEBUG | d.t.c.a.a.c.u.util.UserUtilService   : 1 instructors generated
    23:49:17.358 | 468 ool-1-worker-232 | DEBUG | d.t.c.a.a.c.u.util.UserUtilService   : Removing 8 users from all courses...
    23:49:17.359 | 468 ool-1-worker-232 | DEBUG | d.t.c.a.a.c.u.util.UserUtilService   : Removing 8 users from all courses. Done
    23:49:17.359 | 468 ool-1-worker-232 | DEBUG | d.t.c.a.a.c.u.util.UserUtilService   : Save 5 users to database...
    23:49:17.362 | 468 ool-1-worker-232 | DEBUG | d.t.c.a.a.c.u.util.UserUtilService   : Save 5 users to database. Done
    23:49:17.386 | 468 ool-1-worker-232 | INFO  | i.z.t.d.l.EmbeddedDatabaseReporter   : JDBC URL to connect to 'dataSource': url='jdbc:h2:tcp://localhost:41063/mem:736625c0-cf5e-400d-aeaa-8a7eabd6262b;USER=sa', scope='SubmissionPolicyIntegrationTest#test_updateSubmissionPolicy_badRequest_policyNotPresent'
    23:49:17.387 | 468 ool-1-worker-232 | DEBUG | d.t.c.a.a.c.s.f.ApiVersionFilter     : Adding Version to Request PATCH /api/programming-exercises/3695/submission-policy
    23:49:17.387 | 468 ool-1-worker-232 | DEBUG | t.c.a.a.p.w.SubmissionPolicyResource : REST request to update the submission policy of programming exercise 3695
    23:49:17.390 | 468 ool-1-worker-232 | ERROR | tech.jhipster.web.util.HeaderUtil    : Entity processing failed, The submission policy could not be updated, because the programming exercise does not have a submission policy.
    23:49:17.390 | 468 ool-1-worker-232 | WARN  | o.z.p.spring.common.AdviceTraits     : Bad Request: The submission policy could not be updated, because the programming exercise does not have a submission policy.

  Starting logs for SubmissionPolicyIntegrationTest > test_updateSubmissionPolicy_ok_lockRepositoryPolicy_newLimitGreater()
    23:49:17.400 | 468 ool-1-worker-232 | DEBUG | d.t.c.a.a.c.u.util.UserUtilService   : Generate 2 students...
    23:49:17.404 | 468 ool-1-worker-232 | DEBUG | d.t.c.a.a.c.u.util.UserUtilService   : 2 students generated. Generate 1 tutors...
    23:49:17.406 | 468 ool-1-worker-232 | DEBUG | d.t.c.a.a.c.u.util.UserUtilService   : 1 tutors generated. Generate 1 editors...
    23:49:17.408 | 468 ool-1-worker-232 | DEBUG | d.t.c.a.a.c.u.util.UserUtilService   : 1 editors generated. Generate 1 instructors...
    23:49:17.410 | 468 ool-1-worker-232 | DEBUG | d.t.c.a.a.c.u.util.UserUtilService   : 1 instructors generated
    23:49:17.412 | 468 ool-1-worker-232 | DEBUG | d.t.c.a.a.c.u.util.UserUtilService   : Removing 8 users from all courses...
    23:49:17.413 | 468 ool-1-worker-232 | DEBUG | d.t.c.a.a.c.u.util.UserUtilService   : Removing 8 users from all courses. Done
    23:49:17.413 | 468 ool-1-worker-232 | DEBUG | d.t.c.a.a.c.u.util.UserUtilService   : Save 5 users to database...
    23:49:17.416 | 468 ool-1-worker-232 | DEBUG | d.t.c.a.a.c.u.util.UserUtilService   : Save 5 users to database. Done
    23:49:17.439 | 468 ool-1-worker-232 | INFO  | i.z.t.d.l.EmbeddedDatabaseReporter   : JDBC URL to connect to 'dataSource': url='jdbc:h2:tcp://localhost:41063/mem:736625c0-cf5e-400d-aeaa-8a7eabd6262b;USER=sa', scope='SubmissionPolicyIntegrationTest#test_updateSubmissionPolicy_ok_lockRepositoryPolicy_newLimitGreater'
    23:49:17.442 | 468 ool-1-worker-232 | DEBUG | PersonalAccessTokenManagementService : Generate secure vcs access token
    23:49:17.446 | 468 ool-1-worker-232 | DEBUG | PersonalAccessTokenManagementService : Generate secure vcs access token
    23:49:17.504 | 468 ool-1-worker-232 | DEBUG | d.t.c.a.a.c.s.f.ApiVersionFilter     : Adding Version to Request PATCH /api/programming-exercises/3696/submission-policy
    23:49:17.504 | 468 ool-1-worker-232 | DEBUG | t.c.a.a.p.w.SubmissionPolicyResource : REST request to update the submission policy of programming exercise 3696
    23:49:17.510 | 468 ool-1-worker-232 | INFO  | d.t.c.a.a.p.s.gitlab.GitLabService   : Adding user 1 with permissions 30 to repository SHORT4A831BC008D20049090A5F8052B6DA606D15TSTEXC/short4a831bc008d20049090a5f8052b6da606d15tstexc-submissionpolicyintegrationstudent2

  Starting logs for SubmissionPolicyIntegrationTest > test_removeSubmissionPolicyFromProgrammingExercise_forbidden_foreignInstructor()
    23:49:17.522 | 468 ool-1-worker-232 | DEBUG | d.t.c.a.a.c.u.util.UserUtilService   : Generate 2 students...
    23:49:17.526 | 468 ool-1-worker-232 | DEBUG | d.t.c.a.a.c.u.util.UserUtilService   : 2 students generated. Generate 1 tutors...
    23:49:17.528 | 468 ool-1-worker-232 | DEBUG | d.t.c.a.a.c.u.util.UserUtilService   : 1 tutors generated. Generate 1 editors...
    23:49:17.530 | 468 ool-1-worker-232 | DEBUG | d.t.c.a.a.c.u.util.UserUtilService   : 1 editors generated. Generate 1 instructors...
    23:49:17.532 | 468 ool-1-worker-232 | DEBUG | d.t.c.a.a.c.u.util.UserUtilService   : 1 instructors generated
    23:49:17.533 | 468 ool-1-worker-232 | DEBUG | d.t.c.a.a.c.u.util.UserUtilService   : Removing 8 users from all courses...
    23:49:17.534 | 468 ool-1-worker-232 | DEBUG | d.t.c.a.a.c.u.util.UserUtilService   : Removing 8 users from all courses. Done
    23:49:17.534 | 468 ool-1-worker-232 | DEBUG | d.t.c.a.a.c.u.util.UserUtilService   : Save 5 users to database...
    23:49:17.537 | 468 ool-1-worker-232 | DEBUG | d.t.c.a.a.c.u.util.UserUtilService   : Save 5 users to database. Done
    23:49:17.564 | 468 ool-1-worker-232 | INFO  | i.z.t.d.l.EmbeddedDatabaseReporter   : JDBC URL to connect to 'dataSource': url='jdbc:h2:tcp://localhost:41063/mem:736625c0-cf5e-400d-aeaa-8a7eabd6262b;USER=sa', scope='SubmissionPolicyIntegrationTest#test_removeSubmissionPolicyFromProgrammingExercise_forbidden_foreignInstructor'
    23:49:17.564 | 468 ool-1-worker-232 | DEBUG | d.t.c.a.a.c.s.f.ApiVersionFilter     : Adding Version to Request DELETE /api/programming-exercises/3697/submission-policy
    23:49:17.565 | 468 ool-1-worker-232 | DEBUG | t.c.a.a.p.w.SubmissionPolicyResource : REST request to remove submission policy from programming exercise 3697
    23:49:17.567 | 468 ool-1-worker-232 | WARN  | o.z.p.spring.common.AdviceTraits     : Forbidden: You are not allowed to access the Course with id 2146

  Starting logs for SubmissionPolicyIntegrationTest > test_addSubmissionPolicyToProgrammingExercise_ok_submissionPenaltyPolicy()
    23:49:17.577 | 468 ool-1-worker-232 | DEBUG | d.t.c.a.a.c.u.util.UserUtilService   : Generate 2 students...
    23:49:17.581 | 468 ool-1-worker-232 | DEBUG | d.t.c.a.a.c.u.util.UserUtilService   : 2 students generated. Generate 1 tutors...
    23:49:17.583 | 468 ool-1-worker-232 | DEBUG | d.t.c.a.a.c.u.util.UserUtilService   : 1 tutors generated. Generate 1 editors...
    23:49:17.585 | 468 ool-1-worker-232 | DEBUG | d.t.c.a.a.c.u.util.UserUtilService   : 1 editors generated. Generate 1 instructors...
    23:49:17.588 | 468 ool-1-worker-232 | DEBUG | d.t.c.a.a.c.u.util.UserUtilService   : 1 instructors generated
    23:49:17.589 | 468 ool-1-worker-232 | DEBUG | d.t.c.a.a.c.u.util.UserUtilService   : Removing 8 users from all courses...
    23:49:17.590 | 468 ool-1-worker-232 | DEBUG | d.t.c.a.a.c.u.util.UserUtilService   : Removing 8 users from all courses. Done
    23:49:17.590 | 468 ool-1-worker-232 | DEBUG | d.t.c.a.a.c.u.util.UserUtilService   : Save 5 users to database...
    23:49:17.593 | 468 ool-1-worker-232 | DEBUG | d.t.c.a.a.c.u.util.UserUtilService   : Save 5 users to database. Done
    23:49:17.616 | 468 ool-1-worker-232 | INFO  | i.z.t.d.l.EmbeddedDatabaseReporter   : JDBC URL to connect to 'dataSource': url='jdbc:h2:tcp://localhost:41063/mem:736625c0-cf5e-400d-aeaa-8a7eabd6262b;USER=sa', scope='SubmissionPolicyIntegrationTest#test_addSubmissionPolicyToProgrammingExercise_ok_submissionPenaltyPolicy'
    23:49:17.617 | 468 ool-1-worker-232 | DEBUG | d.t.c.a.a.c.s.f.ApiVersionFilter     : Adding Version to Request POST /api/programming-exercises/3698/submission-policy
    23:49:17.618 | 468 ool-1-worker-232 | DEBUG | t.c.a.a.p.w.SubmissionPolicyResource : REST request to add submission policy to programming exercise 3698

  Starting logs for SubmissionPolicyIntegrationTest > test_enforceSubmissionPenaltyPolicyOnStudentParticipation(EnforcePolicyTestType) [1] type=POLICY_NULL
    23:49:17.637 | 468 ool-1-worker-232 | DEBUG | d.t.c.a.a.c.u.util.UserUtilService   : Generate 2 students...
    23:49:17.642 | 468 ool-1-worker-232 | DEBUG | d.t.c.a.a.c.u.util.UserUtilService   : 2 students generated. Generate 1 tutors...
    23:49:17.645 | 468 ool-1-worker-232 | DEBUG | d.t.c.a.a.c.u.util.UserUtilService   : 1 tutors generated. Generate 1 editors...
    23:49:17.647 | 468 ool-1-worker-232 | DEBUG | d.t.c.a.a.c.u.util.UserUtilService   : 1 editors generated. Generate 1 instructors...
    23:49:17.650 | 468 ool-1-worker-232 | DEBUG | d.t.c.a.a.c.u.util.UserUtilService   : 1 instructors generated
    23:49:17.652 | 468 ool-1-worker-232 | DEBUG | d.t.c.a.a.c.u.util.UserUtilService   : Removing 8 users from all courses...
    23:49:17.653 | 468 ool-1-worker-232 | DEBUG | d.t.c.a.a.c.u.util.UserUtilService   : Removing 8 users from all courses. Done
    23:49:17.653 | 468 ool-1-worker-232 | DEBUG | d.t.c.a.a.c.u.util.UserUtilService   : Save 5 users to database...
    23:49:17.658 | 468 ool-1-worker-232 | DEBUG | d.t.c.a.a.c.u.util.UserUtilService   : Save 5 users to database. Done
    23:49:17.690 | 468 ool-1-worker-232 | INFO  | i.z.t.d.l.EmbeddedDatabaseReporter   : JDBC URL to connect to 'dataSource': url='jdbc:h2:tcp://localhost:41063/mem:736625c0-cf5e-400d-aeaa-8a7eabd6262b;USER=sa', scope='SubmissionPolicyIntegrationTest#test_enforceSubmissionPenaltyPolicyOnStudentParticipation'
    23:49:17.694 | 468 ool-1-worker-232 | DEBUG | PersonalAccessTokenManagementService : Generate secure vcs access token
    23:49:17.698 | 468 ool-1-worker-232 | DEBUG | .s.ProgrammingExerciseGradingService : Received new build result (NEW) for participation 5659
    23:49:17.702 | 468 ool-1-worker-232 | WARN  | .s.ProgrammingExerciseGradingService : Could not find pending ProgrammingSubmission for Commit Hash 9b3a9bd71a0d80e5bbc42204c319ed3d1d4f0d6d (Participation 5659, Build Plan SHORT8326FD640CB78045AC0B4130CC054E08C845TSTEXC-SUBMISSIONPOLICYINTEGRATIONSTUDENT1). Will create a new one subsequently...
    23:49:17.702 | 468 ool-1-worker-232 | ERROR | .s.ProgrammingExerciseGradingService : Could not retrieve push date for participation 5659 and build plan SHORT8326FD640CB78045AC0B4130CC054E08C845TSTEXC-SUBMISSIONPOLICYINTEGRATIONSTUDENT1
de.tum.cit.aet.artemis.programming.service.gitlab.GitLabException: Could not find build queue date for participation 5659
	at de.tum.cit.aet.artemis.programming.service.gitlab.GitLabService.getPushDate(GitLabService.java:369)
	at de.tum.cit.aet.artemis.programming.service.gitlab.GitLabService.getPushDate(GitLabService.java:358)
	at de.tum.cit.aet.artemis.programming.service.ProgrammingExerciseGradingService.createAndSaveFallbackSubmission(ProgrammingExerciseGradingService.java:286)
	at de.tum.cit.aet.artemis.programming.service.ProgrammingExerciseGradingService.createAndSaveFallbackSubmission(ProgrammingExerciseGradingService.java:272)
	at de.tum.cit.aet.artemis.programming.service.ProgrammingExerciseGradingService.lambda$processNewProgrammingExerciseResult$0(ProgrammingExerciseGradingService.java:177)
	at java.base/java.util.Optional.orElseGet(Optional.java:364)
	at de.tum.cit.aet.artemis.programming.service.ProgrammingExerciseGradingService.processNewProgrammingExerciseResult(ProgrammingExerciseGradingService.java:177)
	at de.tum.cit.aet.artemis.programming.service.ProgrammingExerciseGradingService.processNewProgrammingExerciseResult(ProgrammingExerciseGradingService.java:156)
	at de.tum.cit.aet.artemis.programming.SubmissionPolicyIntegrationTest.test_enforceSubmissionPenaltyPolicyOnStudentParticipation(SubmissionPolicyIntegrationTest.java:423)
	at java.base/jdk.internal.reflect.DirectMethodHandleAccessor.invoke(DirectMethodHandleAccessor.java:103)
	at java.base/java.lang.reflect.Method.invoke(Method.java:580)
	at org.junit.platform.commons.util.ReflectionUtils.invokeMethod(ReflectionUtils.java:767)
	at org.junit.jupiter.engine.execution.MethodInvocation.proceed(MethodInvocation.java:60)
	at org.junit.jupiter.engine.execution.InvocationInterceptorChain$ValidatingInvocation.proceed(InvocationInterceptorChain.java:131)
	at org.junit.jupiter.engine.extension.TimeoutExtension.intercept(TimeoutExtension.java:156)
	at org.junit.jupiter.engine.extension.TimeoutExtension.interceptTestableMethod(TimeoutExtension.java:147)
	at org.junit.jupiter.engine.extension.TimeoutExtension.interceptTestTemplateMethod(TimeoutExtension.java:94)
	at org.junit.jupiter.engine.execution.InterceptingExecutableInvoker$ReflectiveInterceptorCall.lambda$ofVoidMethod$0(InterceptingExecutableInvoker.java:103)
	at org.junit.jupiter.engine.execution.InterceptingExecutableInvoker.lambda$invoke$0(InterceptingExecutableInvoker.java:93)
	at org.junit.jupiter.engine.execution.InvocationInterceptorChain$InterceptedInvocation.proceed(InvocationInterceptorChain.java:106)
	at org.junit.jupiter.engine.execution.InvocationInterceptorChain.proceed(InvocationInterceptorChain.java:64)
	at org.junit.jupiter.engine.execution.InvocationInterceptorChain.chainAndInvoke(InvocationInterceptorChain.java:45)
	at org.junit.jupiter.engine.execution.InvocationInterceptorChain.invoke(InvocationInterceptorChain.java:37)
	at org.junit.jupiter.engine.execution.InterceptingExecutableInvoker.invoke(InterceptingExecutableInvoker.java:92)
	at org.junit.jupiter.engine.execution.InterceptingExecutableInvoker.invoke(InterceptingExecutableInvoker.java:86)
	at org.junit.jupiter.engine.descriptor.TestMethodTestDescriptor.lambda$invokeTestMethod$8(TestMethodTestDescriptor.java:217)
	at org.junit.platform.engine.support.hierarchical.ThrowableCollector.execute(ThrowableCollector.java:73)
	at org.junit.jupiter.engine.descriptor.TestMethodTestDescriptor.invokeTestMethod(TestMethodTestDescriptor.java:213)
	at org.junit.jupiter.engine.descriptor.TestMethodTestDescriptor.execute(TestMethodTestDescriptor.java:138)
	at org.junit.jupiter.engine.descriptor.TestMethodTestDescriptor.execute(TestMethodTestDescriptor.java:68)
	at org.junit.platform.engine.support.hierarchical.NodeTestTask.lambda$executeRecursively$6(NodeTestTask.java:156)
	at org.junit.platform.engine.support.hierarchical.ThrowableCollector.execute(ThrowableCollector.java:73)
	at org.junit.platform.engine.support.hierarchical.NodeTestTask.lambda$executeRecursively$8(NodeTestTask.java:146)
	at org.junit.platform.engine.support.hierarchical.Node.around(Node.java:137)
	at org.junit.platform.engine.support.hierarchical.NodeTestTask.lambda$executeRecursively$9(NodeTestTask.java:144)
	at org.junit.platform.engine.support.hierarchical.ThrowableCollector.execute(ThrowableCollector.java:73)
	at org.junit.platform.engine.support.hierarchical.NodeTestTask.executeRecursively(NodeTestTask.java:143)
	at org.junit.platform.engine.support.hierarchical.NodeTestTask.execute(NodeTestTask.java:100)
	at org.junit.platform.engine.support.hierarchical.ForkJoinPoolHierarchicalTestExecutorService$ExclusiveTask.exec(ForkJoinPoolHierarchicalTestExecutorService.java:274)
	at org.junit.platform.engine.support.hierarchical.ForkJoinPoolHierarchicalTestExecutorService$ExclusiveTask.execSync(ForkJoinPoolHierarchicalTestExecutorService.java:247)
	at org.junit.platform.engine.support.hierarchical.ForkJoinPoolHierarchicalTestExecutorService.submit(ForkJoinPoolHierarchicalTestExecutorService.java:148)
	at org.junit.platform.engine.support.hierarchical.NodeTestTask$DefaultDynamicTestExecutor.execute(NodeTestTask.java:231)
	at org.junit.platform.engine.support.hierarchical.NodeTestTask$DefaultDynamicTestExecutor.execute(NodeTestTask.java:209)
	at org.junit.jupiter.engine.descriptor.TestTemplateTestDescriptor.execute(TestTemplateTestDescriptor.java:141)
	at org.junit.jupiter.engine.descriptor.TestTemplateTestDescriptor.lambda$execute$3(TestTemplateTestDescriptor.java:109)
	at java.base/java.util.stream.ForEachOps$ForEachOp$OfRef.accept(ForEachOps.java:184)
	at java.base/java.util.stream.ReferencePipeline$3$1.accept(ReferencePipeline.java:197)
	at java.base/java.util.stream.ReferencePipeline$2$1.accept(ReferencePipeline.java:179)
	at java.base/java.util.stream.ReferencePipeline$3$1.accept(ReferencePipeline.java:197)
	at java.base/java.util.stream.ForEachOps$ForEachOp$OfRef.accept(ForEachOps.java:184)
	at java.base/java.util.stream.ReferencePipeline$3$1.accept(ReferencePipeline.java:197)
	at java.base/java.util.stream.ForEachOps$ForEachOp$OfRef.accept(ForEachOps.java:184)
	at java.base/java.util.stream.ForEachOps$ForEachOp$OfRef.accept(ForEachOps.java:184)
	at java.base/java.util.stream.ReferencePipeline$3$1.accept(ReferencePipeline.java:197)
	at java.base/java.util.Iterator.forEachRemaining(Iterator.java:133)
	at java.base/java.util.Spliterators$IteratorSpliterator.forEachRemaining(Spliterators.java:1939)
	at java.base/java.util.stream.AbstractPipeline.copyInto(AbstractPipeline.java:509)
	at java.base/java.util.stream.AbstractPipeline.wrapAndCopyInto(AbstractPipeline.java:499)
	at java.base/java.util.stream.ForEachOps$ForEachOp.evaluateSequential(ForEachOps.java:151)
	at java.base/java.util.stream.ForEachOps$ForEachOp$OfRef.evaluateSequential(ForEachOps.java:174)
	at java.base/java.util.stream.AbstractPipeline.evaluate(AbstractPipeline.java:234)
	at java.base/java.util.stream.ReferencePipeline.forEach(ReferencePipeline.java:596)
	at java.base/java.util.stream.ReferencePipeline$7$1.accept(ReferencePipeline.java:276)
	at java.base/java.util.ArrayList$ArrayListSpliterator.forEachRemaining(ArrayList.java:1708)
	at java.base/java.util.stream.AbstractPipeline.copyInto(AbstractPipeline.java:509)
	at java.base/java.util.stream.AbstractPipeline.wrapAndCopyInto(AbstractPipeline.java:499)
	at java.base/java.util.stream.ForEachOps$ForEachOp.evaluateSequential(ForEachOps.java:151)
	at java.base/java.util.stream.ForEachOps$ForEachOp$OfRef.evaluateSequential(ForEachOps.java:174)
	at java.base/java.util.stream.AbstractPipeline.evaluate(AbstractPipeline.java:234)
	at java.base/java.util.stream.ReferencePipeline.forEach(ReferencePipeline.java:596)
	at java.base/java.util.stream.ReferencePipeline$7$1.accept(ReferencePipeline.java:276)
	at java.base/java.util.stream.ReferencePipeline$3$1.accept(ReferencePipeline.java:197)
	at java.base/java.util.stream.ReferencePipeline$3$1.accept(ReferencePipeline.java:197)
	at java.base/java.util.stream.ReferencePipeline$3$1.accept(ReferencePipeline.java:197)
	at java.base/java.util.ArrayList$ArrayListSpliterator.forEachRemaining(ArrayList.java:1708)
	at java.base/java.util.stream.AbstractPipeline.copyInto(AbstractPipeline.java:509)
	at java.base/java.util.stream.AbstractPipeline.wrapAndCopyInto(AbstractPipeline.java:499)
	at java.base/java.util.stream.ForEachOps$ForEachOp.evaluateSequential(ForEachOps.java:151)
	at java.base/java.util.stream.ForEachOps$ForEachOp$OfRef.evaluateSequential(ForEachOps.java:174)
	at java.base/java.util.stream.AbstractPipeline.evaluate(AbstractPipeline.java:234)
	at java.base/java.util.stream.ReferencePipeline.forEach(ReferencePipeline.java:596)
	at java.base/java.util.stream.ReferencePipeline$7$1.accept(ReferencePipeline.java:276)
	at java.base/java.util.ArrayList$ArrayListSpliterator.forEachRemaining(ArrayList.java:1708)
	at java.base/java.util.stream.AbstractPipeline.copyInto(AbstractPipeline.java:509)
	at java.base/java.util.stream.AbstractPipeline.wrapAndCopyInto(AbstractPipeline.java:499)
	at java.base/java.util.stream.ForEachOps$ForEachOp.evaluateSequential(ForEachOps.java:151)
	at java.base/java.util.stream.ForEachOps$ForEachOp$OfRef.evaluateSequential(ForEachOps.java:174)
	at java.base/java.util.stream.AbstractPipeline.evaluate(AbstractPipeline.java:234)
	at java.base/java.util.stream.ReferencePipeline.forEach(ReferencePipeline.java:596)
	at org.junit.jupiter.engine.descriptor.TestTemplateTestDescriptor.execute(TestTemplateTestDescriptor.java:109)
	at org.junit.jupiter.engine.descriptor.TestTemplateTestDescriptor.execute(TestTemplateTestDescriptor.java:43)
	at org.junit.platform.engine.support.hierarchical.NodeTestTask.lambda$executeRecursively$6(NodeTestTask.java:156)
	at org.junit.platform.engine.support.hierarchical.ThrowableCollector.execute(ThrowableCollector.java:73)
	at org.junit.platform.engine.support.hierarchical.NodeTestTask.lambda$executeRecursively$8(NodeTestTask.java:146)
	at org.junit.platform.engine.support.hierarchical.Node.around(Node.java:137)
	at org.junit.platform.engine.support.hierarchical.NodeTestTask.lambda$executeRecursively$9(NodeTestTask.java:144)
	at org.junit.platform.engine.support.hierarchical.ThrowableCollector.execute(ThrowableCollector.java:73)
	at org.junit.platform.engine.support.hierarchical.NodeTestTask.executeRecursively(NodeTestTask.java:143)
	at org.junit.platform.engine.support.hierarchical.NodeTestTask.execute(NodeTestTask.java:100)
	at org.junit.platform.engine.support.hierarchical.ForkJoinPoolHierarchicalTestExecutorService$ExclusiveTask.exec(ForkJoinPoolHierarchicalTestExecutorService.java:274)
	at org.junit.platform.engine.support.hierarchical.ForkJoinPoolHierarchicalTestExecutorService$ExclusiveTask.execSync(ForkJoinPoolHierarchicalTestExecutorService.java:247)
	at org.junit.platform.engine.support.hierarchical.ForkJoinPoolHierarchicalTestExecutorService.executeSync(ForkJoinPoolHierarchicalTestExecutorService.java:194)
	at org.junit.platform.engine.support.hierarchical.ForkJoinPoolHierarchicalTestExecutorService.invokeAll(ForkJoinPoolHierarchicalTestExecutorService.java:166)
	at org.junit.platform.engine.support.hierarchical.NodeTestTask.lambda$executeRecursively$6(NodeTestTask.java:160)
	at org.junit.platform.engine.support.hierarchical.ThrowableCollector.execute(ThrowableCollector.java:73)
	at org.junit.platform.engine.support.hierarchical.NodeTestTask.lambda$executeRecursively$8(NodeTestTask.java:146)
	at org.junit.platform.engine.support.hierarchical.Node.around(Node.java:137)
	at org.junit.platform.engine.support.hierarchical.NodeTestTask.lambda$executeRecursively$9(NodeTestTask.java:144)
	at org.junit.platform.engine.support.hierarchical.ThrowableCollector.execute(ThrowableCollector.java:73)
	at org.junit.platform.engine.support.hierarchical.NodeTestTask.executeRecursively(NodeTestTask.java:143)
	at org.junit.platform.engine.support.hierarchical.NodeTestTask.execute(NodeTestTask.java:100)
	at org.junit.platform.engine.support.hierarchical.ForkJoinPoolHierarchicalTestExecutorService$ExclusiveTask.exec(ForkJoinPoolHierarchicalTestExecutorService.java:274)
	at java.base/java.util.concurrent.ForkJoinTask.doExec(ForkJoinTask.java:387)
	at java.base/java.util.concurrent.ForkJoinPool$WorkQueue.topLevelExec(ForkJoinPool.java:1312)
	at java.base/java.util.concurrent.ForkJoinPool.scan(ForkJoinPool.java:1843)
	at java.base/java.util.concurrent.ForkJoinPool.runWorker(ForkJoinPool.java:1808)
	at java.base/java.util.concurrent.ForkJoinWorkerThread.run(ForkJoinWorkerThread.java:188)
    23:49:17.740 | 468 ool-1-worker-232 | DEBUG | .c.s.m.InstanceMessageReceiveService : Received schedule participant score for exercise 3699 and participant 803 (result to be deleted: null)
    23:49:17.740 | 468 ool-1-worker-232 | DEBUG | .a.s.ParticipantScoreScheduleService : Scheduled task for exercise 3699 and participant 803 at 2025-02-14T23:49:17.840428282Z[Etc/UTC].
    23:49:17.743 | 468 ool-1-worker-232 | DEBUG | .s.ProgrammingExerciseGradingService : Received new build result (NEW) for participation 5659
    23:49:17.747 | 468 ool-1-worker-232 | WARN  | .s.ProgrammingExerciseGradingService : Could not find pending ProgrammingSubmission for Commit Hash commit1 (Participation 5659, Build Plan SHORT8326FD640CB78045AC0B4130CC054E08C845TSTEXC-SUBMISSIONPOLICYINTEGRATIONSTUDENT1). Will create a new one subsequently...
    23:49:17.748 | 468 ool-1-worker-232 | ERROR | .s.ProgrammingExerciseGradingService : Could not retrieve push date for participation 5659 and build plan SHORT8326FD640CB78045AC0B4130CC054E08C845TSTEXC-SUBMISSIONPOLICYINTEGRATIONSTUDENT1
de.tum.cit.aet.artemis.programming.service.gitlab.GitLabException: Could not find build queue date for participation 5659
	at de.tum.cit.aet.artemis.programming.service.gitlab.GitLabService.getPushDate(GitLabService.java:369)
	at de.tum.cit.aet.artemis.programming.service.gitlab.GitLabService.getPushDate(GitLabService.java:358)
	at de.tum.cit.aet.artemis.programming.service.ProgrammingExerciseGradingService.createAndSaveFallbackSubmission(ProgrammingExerciseGradingService.java:286)
	at de.tum.cit.aet.artemis.programming.service.ProgrammingExerciseGradingService.createAndSaveFallbackSubmission(ProgrammingExerciseGradingService.java:272)
	at de.tum.cit.aet.artemis.programming.service.ProgrammingExerciseGradingService.lambda$processNewProgrammingExerciseResult$0(ProgrammingExerciseGradingService.java:177)
	at java.base/java.util.Optional.orElseGet(Optional.java:364)
	at de.tum.cit.aet.artemis.programming.service.ProgrammingExerciseGradingService.processNewProgrammingExerciseResult(ProgrammingExerciseGradingService.java:177)
	at de.tum.cit.aet.artemis.programming.service.ProgrammingExerciseGradingService.processNewProgrammingExerciseResult(ProgrammingExerciseGradingService.java:156)
	at de.tum.cit.aet.artemis.programming.SubmissionPolicyIntegrationTest.test_enforceSubmissionPenaltyPolicyOnStudentParticipation(SubmissionPolicyIntegrationTest.java:431)
	at java.base/jdk.internal.reflect.DirectMethodHandleAccessor.invoke(DirectMethodHandleAccessor.java:103)
	at java.base/java.lang.reflect.Method.invoke(Method.java:580)
	at org.junit.platform.commons.util.ReflectionUtils.invokeMethod(ReflectionUtils.java:767)
	at org.junit.jupiter.engine.execution.MethodInvocation.proceed(MethodInvocation.java:60)
	at org.junit.jupiter.engine.execution.InvocationInterceptorChain$ValidatingInvocation.proceed(InvocationInterceptorChain.java:131)
	at org.junit.jupiter.engine.extension.TimeoutExtension.intercept(TimeoutExtension.java:156)
	at org.junit.jupiter.engine.extension.TimeoutExtension.interceptTestableMethod(TimeoutExtension.java:147)
	at org.junit.jupiter.engine.extension.TimeoutExtension.interceptTestTemplateMethod(TimeoutExtension.java:94)
	at org.junit.jupiter.engine.execution.InterceptingExecutableInvoker$ReflectiveInterceptorCall.lambda$ofVoidMethod$0(InterceptingExecutableInvoker.java:103)
	at org.junit.jupiter.engine.execution.InterceptingExecutableInvoker.lambda$invoke$0(InterceptingExecutableInvoker.java:93)
	at org.junit.jupiter.engine.execution.InvocationInterceptorChain$InterceptedInvocation.proceed(InvocationInterceptorChain.java:106)
	at org.junit.jupiter.engine.execution.InvocationInterceptorChain.proceed(InvocationInterceptorChain.java:64)
	at org.junit.jupiter.engine.execution.InvocationInterceptorChain.chainAndInvoke(InvocationInterceptorChain.java:45)
	at org.junit.jupiter.engine.execution.InvocationInterceptorChain.invoke(InvocationInterceptorChain.java:37)
	at org.junit.jupiter.engine.execution.InterceptingExecutableInvoker.invoke(InterceptingExecutableInvoker.java:92)
	at org.junit.jupiter.engine.execution.InterceptingExecutableInvoker.invoke(InterceptingExecutableInvoker.java:86)
	at org.junit.jupiter.engine.descriptor.TestMethodTestDescriptor.lambda$invokeTestMethod$8(TestMethodTestDescriptor.java:217)
	at org.junit.platform.engine.support.hierarchical.ThrowableCollector.execute(ThrowableCollector.java:73)
	at org.junit.jupiter.engine.descriptor.TestMethodTestDescriptor.invokeTestMethod(TestMethodTestDescriptor.java:213)
	at org.junit.jupiter.engine.descriptor.TestMethodTestDescriptor.execute(TestMethodTestDescriptor.java:138)
	at org.junit.jupiter.engine.descriptor.TestMethodTestDescriptor.execute(TestMethodTestDescriptor.java:68)
	at org.junit.platform.engine.support.hierarchical.NodeTestTask.lambda$executeRecursively$6(NodeTestTask.java:156)
	at org.junit.platform.engine.support.hierarchical.ThrowableCollector.execute(ThrowableCollector.java:73)
	at org.junit.platform.engine.support.hierarchical.NodeTestTask.lambda$executeRecursively$8(NodeTestTask.java:146)
	at org.junit.platform.engine.support.hierarchical.Node.around(Node.java:137)
	at org.junit.platform.engine.support.hierarchical.NodeTestTask.lambda$executeRecursively$9(NodeTestTask.java:144)
	at org.junit.platform.engine.support.hierarchical.ThrowableCollector.execute(ThrowableCollector.java:73)
	at org.junit.platform.engine.support.hierarchical.NodeTestTask.executeRecursively(NodeTestTask.java:143)
	at org.junit.platform.engine.support.hierarchical.NodeTestTask.execute(NodeTestTask.java:100)
	at org.junit.platform.engine.support.hierarchical.ForkJoinPoolHierarchicalTestExecutorService$ExclusiveTask.exec(ForkJoinPoolHierarchicalTestExecutorService.java:274)
	at org.junit.platform.engine.support.hierarchical.ForkJoinPoolHierarchicalTestExecutorService$ExclusiveTask.execSync(ForkJoinPoolHierarchicalTestExecutorService.java:247)
	at org.junit.platform.engine.support.hierarchical.ForkJoinPoolHierarchicalTestExecutorService.submit(ForkJoinPoolHierarchicalTestExecutorService.java:148)
	at org.junit.platform.engine.support.hierarchical.NodeTestTask$DefaultDynamicTestExecutor.execute(NodeTestTask.java:231)
	at org.junit.platform.engine.support.hierarchical.NodeTestTask$DefaultDynamicTestExecutor.execute(NodeTestTask.java:209)
	at org.junit.jupiter.engine.descriptor.TestTemplateTestDescriptor.execute(TestTemplateTestDescriptor.java:141)
	at org.junit.jupiter.engine.descriptor.TestTemplateTestDescriptor.lambda$execute$3(TestTemplateTestDescriptor.java:109)
	at java.base/java.util.stream.ForEachOps$ForEachOp$OfRef.accept(ForEachOps.java:184)
	at java.base/java.util.stream.ReferencePipeline$3$1.accept(ReferencePipeline.java:197)
	at java.base/java.util.stream.ReferencePipeline$2$1.accept(ReferencePipeline.java:179)
	at java.base/java.util.stream.ReferencePipeline$3$1.accept(ReferencePipeline.java:197)
	at java.base/java.util.stream.ForEachOps$ForEachOp$OfRef.accept(ForEachOps.java:184)
	at java.base/java.util.stream.ReferencePipeline$3$1.accept(ReferencePipeline.java:197)
	at java.base/java.util.stream.ForEachOps$ForEachOp$OfRef.accept(ForEachOps.java:184)
	at java.base/java.util.stream.ForEachOps$ForEachOp$OfRef.accept(ForEachOps.java:184)
	at java.base/java.util.stream.ReferencePipeline$3$1.accept(ReferencePipeline.java:197)
	at java.base/java.util.Iterator.forEachRemaining(Iterator.java:133)
	at java.base/java.util.Spliterators$IteratorSpliterator.forEachRemaining(Spliterators.java:1939)
	at java.base/java.util.stream.AbstractPipeline.copyInto(AbstractPipeline.java:509)
	at java.base/java.util.stream.AbstractPipeline.wrapAndCopyInto(AbstractPipeline.java:499)
	at java.base/java.util.stream.ForEachOps$ForEachOp.evaluateSequential(ForEachOps.java:151)
	at java.base/java.util.stream.ForEachOps$ForEachOp$OfRef.evaluateSequential(ForEachOps.java:174)
	at java.base/java.util.stream.AbstractPipeline.evaluate(AbstractPipeline.java:234)
	at java.base/java.util.stream.ReferencePipeline.forEach(ReferencePipeline.java:596)
	at java.base/java.util.stream.ReferencePipeline$7$1.accept(ReferencePipeline.java:276)
	at java.base/java.util.ArrayList$ArrayListSpliterator.forEachRemaining(ArrayList.java:1708)
	at java.base/java.util.stream.AbstractPipeline.copyInto(AbstractPipeline.java:509)
	at java.base/java.util.stream.AbstractPipeline.wrapAndCopyInto(AbstractPipeline.java:499)
	at java.base/java.util.stream.ForEachOps$ForEachOp.evaluateSequential(ForEachOps.java:151)
	at java.base/java.util.stream.ForEachOps$ForEachOp$OfRef.evaluateSequential(ForEachOps.java:174)
	at java.base/java.util.stream.AbstractPipeline.evaluate(AbstractPipeline.java:234)
	at java.base/java.util.stream.ReferencePipeline.forEach(ReferencePipeline.java:596)
	at java.base/java.util.stream.ReferencePipeline$7$1.accept(ReferencePipeline.java:276)
	at java.base/java.util.stream.ReferencePipeline$3$1.accept(ReferencePipeline.java:197)
	at java.base/java.util.stream.ReferencePipeline$3$1.accept(ReferencePipeline.java:197)
	at java.base/java.util.stream.ReferencePipeline$3$1.accept(ReferencePipeline.java:197)
	at java.base/java.util.ArrayList$ArrayListSpliterator.forEachRemaining(ArrayList.java:1708)
	at java.base/java.util.stream.AbstractPipeline.copyInto(AbstractPipeline.java:509)
	at java.base/java.util.stream.AbstractPipeline.wrapAndCopyInto(AbstractPipeline.java:499)
	at java.base/java.util.stream.ForEachOps$ForEachOp.evaluateSequential(ForEachOps.java:151)
	at java.base/java.util.stream.ForEachOps$ForEachOp$OfRef.evaluateSequential(ForEachOps.java:174)
	at java.base/java.util.stream.AbstractPipeline.evaluate(AbstractPipeline.java:234)
	at java.base/java.util.stream.ReferencePipeline.forEach(ReferencePipeline.java:596)
	at java.base/java.util.stream.ReferencePipeline$7$1.accept(ReferencePipeline.java:276)
	at java.base/java.util.ArrayList$ArrayListSpliterator.forEachRemaining(ArrayList.java:1708)
	at java.base/java.util.stream.AbstractPipeline.copyInto(AbstractPipeline.java:509)
	at java.base/java.util.stream.AbstractPipeline.wrapAndCopyInto(AbstractPipeline.java:499)
	at java.base/java.util.stream.ForEachOps$ForEachOp.evaluateSequential(ForEachOps.java:151)
	at java.base/java.util.stream.ForEachOps$ForEachOp$OfRef.evaluateSequential(ForEachOps.java:174)
	at java.base/java.util.stream.AbstractPipeline.evaluate(AbstractPipeline.java:234)
	at java.base/java.util.stream.ReferencePipeline.forEach(ReferencePipeline.java:596)
	at org.junit.jupiter.engine.descriptor.TestTemplateTestDescriptor.execute(TestTemplateTestDescriptor.java:109)
	at org.junit.jupiter.engine.descriptor.TestTemplateTestDescriptor.execute(TestTemplateTestDescriptor.java:43)
	at org.junit.platform.engine.support.hierarchical.NodeTestTask.lambda$executeRecursively$6(NodeTestTask.java:156)
	at org.junit.platform.engine.support.hierarchical.ThrowableCollector.execute(ThrowableCollector.java:73)
	at org.junit.platform.engine.support.hierarchical.NodeTestTask.lambda$executeRecursively$8(NodeTestTask.java:146)
	at org.junit.platform.engine.support.hierarchical.Node.around(Node.java:137)
	at org.junit.platform.engine.support.hierarchical.NodeTestTask.lambda$executeRecursively$9(NodeTestTask.java:144)
	at org.junit.platform.engine.support.hierarchical.ThrowableCollector.execute(ThrowableCollector.java:73)
	at org.junit.platform.engine.support.hierarchical.NodeTestTask.executeRecursively(NodeTestTask.java:143)
	at org.junit.platform.engine.support.hierarchical.NodeTestTask.execute(NodeTestTask.java:100)
	at org.junit.platform.engine.support.hierarchical.ForkJoinPoolHierarchicalTestExecutorService$ExclusiveTask.exec(ForkJoinPoolHierarchicalTestExecutorService.java:274)
	at org.junit.platform.engine.support.hierarchical.ForkJoinPoolHierarchicalTestExecutorService$ExclusiveTask.execSync(ForkJoinPoolHierarchicalTestExecutorService.java:247)
	at org.junit.platform.engine.support.hierarchical.ForkJoinPoolHierarchicalTestExecutorService.executeSync(ForkJoinPoolHierarchicalTestExecutorService.java:194)
	at org.junit.platform.engine.support.hierarchical.ForkJoinPoolHierarchicalTestExecutorService.invokeAll(ForkJoinPoolHierarchicalTestExecutorService.java:166)
	at org.junit.platform.engine.support.hierarchical.NodeTestTask.lambda$executeRecursively$6(NodeTestTask.java:160)
	at org.junit.platform.engine.support.hierarchical.ThrowableCollector.execute(ThrowableCollector.java:73)
	at org.junit.platform.engine.support.hierarchical.NodeTestTask.lambda$executeRecursively$8(NodeTestTask.java:146)
	at org.junit.platform.engine.support.hierarchical.Node.around(Node.java:137)
	at org.junit.platform.engine.support.hierarchical.NodeTestTask.lambda$executeRecursively$9(NodeTestTask.java:144)
	at org.junit.platform.engine.support.hierarchical.ThrowableCollector.execute(ThrowableCollector.java:73)
	at org.junit.platform.engine.support.hierarchical.NodeTestTask.executeRecursively(NodeTestTask.java:143)
	at org.junit.platform.engine.support.hierarchical.NodeTestTask.execute(NodeTestTask.java:100)
	at org.junit.platform.engine.support.hierarchical.ForkJoinPoolHierarchicalTestExecutorService$ExclusiveTask.exec(ForkJoinPoolHierarchicalTestExecutorService.java:274)
	at java.base/java.util.concurrent.ForkJoinTask.doExec(ForkJoinTask.java:387)
	at java.base/java.util.concurrent.ForkJoinPool$WorkQueue.topLevelExec(ForkJoinPool.java:1312)
	at java.base/java.util.concurrent.ForkJoinPool.scan(ForkJoinPool.java:1843)
	at java.base/java.util.concurrent.ForkJoinPool.runWorker(ForkJoinPool.java:1808)
	at java.base/java.util.concurrent.ForkJoinWorkerThread.run(ForkJoinWorkerThread.java:188)
    23:49:17.826 | 468 ool-1-worker-232 | DEBUG | .c.s.m.InstanceMessageReceiveService : Received schedule participant score for exercise 3699 and participant 803 (result to be deleted: null)
    23:49:17.826 | 468 ool-1-worker-232 | DEBUG | .a.s.ParticipantScoreScheduleService : Scheduled task for exercise 3699 and participant 803 at 2025-02-14T23:49:17.926473964Z[Etc/UTC].

  Starting logs for SubmissionPolicyIntegrationTest > test_enforceSubmissionPenaltyPolicyOnStudentParticipation(EnforcePolicyTestType) [2] type=POLICY_ACTIVE
    23:49:17.843 | 468 ool-1-worker-232 | DEBUG | d.t.c.a.a.c.u.util.UserUtilService   : Generate 2 students...
    23:49:17.848 | 468 ool-1-worker-232 | DEBUG | d.t.c.a.a.c.u.util.UserUtilService   : 2 students generated. Generate 1 tutors...
    23:49:17.851 | 468 ool-1-worker-232 | DEBUG | d.t.c.a.a.c.u.util.UserUtilService   : 1 tutors generated. Generate 1 editors...
    23:49:17.853 | 468 ool-1-worker-232 | DEBUG | d.t.c.a.a.c.u.util.UserUtilService   : 1 editors generated. Generate 1 instructors...
    23:49:17.855 | 468 ool-1-worker-232 | DEBUG | d.t.c.a.a.c.u.util.UserUtilService   : 1 instructors generated
    23:49:17.856 | 468 ool-1-worker-232 | DEBUG | d.t.c.a.a.c.u.util.UserUtilService   : Removing 8 users from all courses...
    23:49:17.857 | 468 ool-1-worker-232 | DEBUG | d.t.c.a.a.c.u.util.UserUtilService   : Removing 8 users from all courses. Done
    23:49:17.857 | 468 ool-1-worker-232 | DEBUG | d.t.c.a.a.c.u.util.UserUtilService   : Save 5 users to database...
    23:49:17.860 | 468 ool-1-worker-232 | DEBUG | d.t.c.a.a.c.u.util.UserUtilService   : Save 5 users to database. Done
    23:49:17.885 | 468 ool-1-worker-232 | INFO  | i.z.t.d.l.EmbeddedDatabaseReporter   : JDBC URL to connect to 'dataSource': url='jdbc:h2:tcp://localhost:41063/mem:736625c0-cf5e-400d-aeaa-8a7eabd6262b;USER=sa', scope='SubmissionPolicyIntegrationTest#test_enforceSubmissionPenaltyPolicyOnStudentParticipation'
    23:49:17.889 | 468 ool-1-worker-232 | DEBUG | PersonalAccessTokenManagementService : Generate secure vcs access token
    23:49:17.896 | 468 ool-1-worker-232 | DEBUG | .s.ProgrammingExerciseGradingService : Received new build result (NEW) for participation 5662
    23:49:17.899 | 468 ool-1-worker-232 | WARN  | .s.ProgrammingExerciseGradingService : Could not find pending ProgrammingSubmission for Commit Hash 9b3a9bd71a0d80e5bbc42204c319ed3d1d4f0d6d (Participation 5662, Build Plan SHORTB723FC7A0AD9E04C4B098E304DAC4E5ABB44TSTEXC-SUBMISSIONPOLICYINTEGRATIONSTUDENT1). Will create a new one subsequently...
    23:49:17.900 | 468 ool-1-worker-232 | ERROR | .s.ProgrammingExerciseGradingService : Could not retrieve push date for participation 5662 and build plan SHORTB723FC7A0AD9E04C4B098E304DAC4E5ABB44TSTEXC-SUBMISSIONPOLICYINTEGRATIONSTUDENT1
de.tum.cit.aet.artemis.programming.service.gitlab.GitLabException: Could not find build queue date for participation 5662
	at de.tum.cit.aet.artemis.programming.service.gitlab.GitLabService.getPushDate(GitLabService.java:369)
	at de.tum.cit.aet.artemis.programming.service.gitlab.GitLabService.getPushDate(GitLabService.java:358)
	at de.tum.cit.aet.artemis.programming.service.ProgrammingExerciseGradingService.createAndSaveFallbackSubmission(ProgrammingExerciseGradingService.java:286)
	at de.tum.cit.aet.artemis.programming.service.ProgrammingExerciseGradingService.createAndSaveFallbackSubmission(ProgrammingExerciseGradingService.java:272)
	at de.tum.cit.aet.artemis.programming.service.ProgrammingExerciseGradingService.lambda$processNewProgrammingExerciseResult$0(ProgrammingExerciseGradingService.java:177)
	at java.base/java.util.Optional.orElseGet(Optional.java:364)
	at de.tum.cit.aet.artemis.programming.service.ProgrammingExerciseGradingService.processNewProgrammingExerciseResult(ProgrammingExerciseGradingService.java:177)
	at de.tum.cit.aet.artemis.programming.service.ProgrammingExerciseGradingService.processNewProgrammingExerciseResult(ProgrammingExerciseGradingService.java:156)
	at de.tum.cit.aet.artemis.programming.SubmissionPolicyIntegrationTest.test_enforceSubmissionPenaltyPolicyOnStudentParticipation(SubmissionPolicyIntegrationTest.java:423)
	at java.base/jdk.internal.reflect.DirectMethodHandleAccessor.invoke(DirectMethodHandleAccessor.java:103)
	at java.base/java.lang.reflect.Method.invoke(Method.java:580)
	at org.junit.platform.commons.util.ReflectionUtils.invokeMethod(ReflectionUtils.java:767)
	at org.junit.jupiter.engine.execution.MethodInvocation.proceed(MethodInvocation.java:60)
	at org.junit.jupiter.engine.execution.InvocationInterceptorChain$ValidatingInvocation.proceed(InvocationInterceptorChain.java:131)
	at org.junit.jupiter.engine.extension.TimeoutExtension.intercept(TimeoutExtension.java:156)
	at org.junit.jupiter.engine.extension.TimeoutExtension.interceptTestableMethod(TimeoutExtension.java:147)
	at org.junit.jupiter.engine.extension.TimeoutExtension.interceptTestTemplateMethod(TimeoutExtension.java:94)
	at org.junit.jupiter.engine.execution.InterceptingExecutableInvoker$ReflectiveInterceptorCall.lambda$ofVoidMethod$0(InterceptingExecutableInvoker.java:103)
	at org.junit.jupiter.engine.execution.InterceptingExecutableInvoker.lambda$invoke$0(InterceptingExecutableInvoker.java:93)
	at org.junit.jupiter.engine.execution.InvocationInterceptorChain$InterceptedInvocation.proceed(InvocationInterceptorChain.java:106)
	at org.junit.jupiter.engine.execution.InvocationInterceptorChain.proceed(InvocationInterceptorChain.java:64)
	at org.junit.jupiter.engine.execution.InvocationInterceptorChain.chainAndInvoke(InvocationInterceptorChain.java:45)
	at org.junit.jupiter.engine.execution.InvocationInterceptorChain.invoke(InvocationInterceptorChain.java:37)
	at org.junit.jupiter.engine.execution.InterceptingExecutableInvoker.invoke(InterceptingExecutableInvoker.java:92)
	at org.junit.jupiter.engine.execution.InterceptingExecutableInvoker.invoke(InterceptingExecutableInvoker.java:86)
	at org.junit.jupiter.engine.descriptor.TestMethodTestDescriptor.lambda$invokeTestMethod$8(TestMethodTestDescriptor.java:217)
	at org.junit.platform.engine.support.hierarchical.ThrowableCollector.execute(ThrowableCollector.java:73)
	at org.junit.jupiter.engine.descriptor.TestMethodTestDescriptor.invokeTestMethod(TestMethodTestDescriptor.java:213)
	at org.junit.jupiter.engine.descriptor.TestMethodTestDescriptor.execute(TestMethodTestDescriptor.java:138)
	at org.junit.jupiter.engine.descriptor.TestMethodTestDescriptor.execute(TestMethodTestDescriptor.java:68)
	at org.junit.platform.engine.support.hierarchical.NodeTestTask.lambda$executeRecursively$6(NodeTestTask.java:156)
	at org.junit.platform.engine.support.hierarchical.ThrowableCollector.execute(ThrowableCollector.java:73)
	at org.junit.platform.engine.support.hierarchical.NodeTestTask.lambda$executeRecursively$8(NodeTestTask.java:146)
	at org.junit.platform.engine.support.hierarchical.Node.around(Node.java:137)
	at org.junit.platform.engine.support.hierarchical.NodeTestTask.lambda$executeRecursively$9(NodeTestTask.java:144)
	at org.junit.platform.engine.support.hierarchical.ThrowableCollector.execute(ThrowableCollector.java:73)
	at org.junit.platform.engine.support.hierarchical.NodeTestTask.executeRecursively(NodeTestTask.java:143)
	at org.junit.platform.engine.support.hierarchical.NodeTestTask.execute(NodeTestTask.java:100)
	at org.junit.platform.engine.support.hierarchical.ForkJoinPoolHierarchicalTestExecutorService$ExclusiveTask.exec(ForkJoinPoolHierarchicalTestExecutorService.java:274)
	at org.junit.platform.engine.support.hierarchical.ForkJoinPoolHierarchicalTestExecutorService$ExclusiveTask.execSync(ForkJoinPoolHierarchicalTestExecutorService.java:247)
	at org.junit.platform.engine.support.hierarchical.ForkJoinPoolHierarchicalTestExecutorService.submit(ForkJoinPoolHierarchicalTestExecutorService.java:148)
	at org.junit.platform.engine.support.hierarchical.NodeTestTask$DefaultDynamicTestExecutor.execute(NodeTestTask.java:231)
	at org.junit.platform.engine.support.hierarchical.NodeTestTask$DefaultDynamicTestExecutor.execute(NodeTestTask.java:209)
	at org.junit.jupiter.engine.descriptor.TestTemplateTestDescriptor.execute(TestTemplateTestDescriptor.java:141)
	at org.junit.jupiter.engine.descriptor.TestTemplateTestDescriptor.lambda$execute$3(TestTemplateTestDescriptor.java:109)
	at java.base/java.util.stream.ForEachOps$ForEachOp$OfRef.accept(ForEachOps.java:184)
	at java.base/java.util.stream.ReferencePipeline$3$1.accept(ReferencePipeline.java:197)
	at java.base/java.util.stream.ReferencePipeline$2$1.accept(ReferencePipeline.java:179)
	at java.base/java.util.stream.ReferencePipeline$3$1.accept(ReferencePipeline.java:197)
	at java.base/java.util.stream.ForEachOps$ForEachOp$OfRef.accept(ForEachOps.java:184)
	at java.base/java.util.stream.ReferencePipeline$3$1.accept(ReferencePipeline.java:197)
	at java.base/java.util.stream.ForEachOps$ForEachOp$OfRef.accept(ForEachOps.java:184)
	at java.base/java.util.stream.ForEachOps$ForEachOp$OfRef.accept(ForEachOps.java:184)
	at java.base/java.util.stream.ReferencePipeline$3$1.accept(ReferencePipeline.java:197)
	at java.base/java.util.Iterator.forEachRemaining(Iterator.java:133)
	at java.base/java.util.Spliterators$IteratorSpliterator.forEachRemaining(Spliterators.java:1939)
	at java.base/java.util.stream.AbstractPipeline.copyInto(AbstractPipeline.java:509)
	at java.base/java.util.stream.AbstractPipeline.wrapAndCopyInto(AbstractPipeline.java:499)
	at java.base/java.util.stream.ForEachOps$ForEachOp.evaluateSequential(ForEachOps.java:151)
	at java.base/java.util.stream.ForEachOps$ForEachOp$OfRef.evaluateSequential(ForEachOps.java:174)
	at java.base/java.util.stream.AbstractPipeline.evaluate(AbstractPipeline.java:234)
	at java.base/java.util.stream.ReferencePipeline.forEach(ReferencePipeline.java:596)
	at java.base/java.util.stream.ReferencePipeline$7$1.accept(ReferencePipeline.java:276)
	at java.base/java.util.ArrayList$ArrayListSpliterator.forEachRemaining(ArrayList.java:1708)
	at java.base/java.util.stream.AbstractPipeline.copyInto(AbstractPipeline.java:509)
	at java.base/java.util.stream.AbstractPipeline.wrapAndCopyInto(AbstractPipeline.java:499)
	at java.base/java.util.stream.ForEachOps$ForEachOp.evaluateSequential(ForEachOps.java:151)
	at java.base/java.util.stream.ForEachOps$ForEachOp$OfRef.evaluateSequential(ForEachOps.java:174)
	at java.base/java.util.stream.AbstractPipeline.evaluate(AbstractPipeline.java:234)
	at java.base/java.util.stream.ReferencePipeline.forEach(ReferencePipeline.java:596)
	at java.base/java.util.stream.ReferencePipeline$7$1.accept(ReferencePipeline.java:276)
	at java.base/java.util.stream.ReferencePipeline$3$1.accept(ReferencePipeline.java:197)
	at java.base/java.util.stream.ReferencePipeline$3$1.accept(ReferencePipeline.java:197)
	at java.base/java.util.stream.ReferencePipeline$3$1.accept(ReferencePipeline.java:197)
	at java.base/java.util.ArrayList$ArrayListSpliterator.forEachRemaining(ArrayList.java:1708)
	at java.base/java.util.stream.AbstractPipeline.copyInto(AbstractPipeline.java:509)
	at java.base/java.util.stream.AbstractPipeline.wrapAndCopyInto(AbstractPipeline.java:499)
	at java.base/java.util.stream.ForEachOps$ForEachOp.evaluateSequential(ForEachOps.java:151)
	at java.base/java.util.stream.ForEachOps$ForEachOp$OfRef.evaluateSequential(ForEachOps.java:174)
	at java.base/java.util.stream.AbstractPipeline.evaluate(AbstractPipeline.java:234)
	at java.base/java.util.stream.ReferencePipeline.forEach(ReferencePipeline.java:596)
	at java.base/java.util.stream.ReferencePipeline$7$1.accept(ReferencePipeline.java:276)
	at java.base/java.util.ArrayList$ArrayListSpliterator.forEachRemaining(ArrayList.java:1708)
	at java.base/java.util.stream.AbstractPipeline.copyInto(AbstractPipeline.java:509)
	at java.base/java.util.stream.AbstractPipeline.wrapAndCopyInto(AbstractPipeline.java:499)
	at java.base/java.util.stream.ForEachOps$ForEachOp.evaluateSequential(ForEachOps.java:151)
	at java.base/java.util.stream.ForEachOps$ForEachOp$OfRef.evaluateSequential(ForEachOps.java:174)
	at java.base/java.util.stream.AbstractPipeline.evaluate(AbstractPipeline.java:234)
	at java.base/java.util.stream.ReferencePipeline.forEach(ReferencePipeline.java:596)
	at org.junit.jupiter.engine.descriptor.TestTemplateTestDescriptor.execute(TestTemplateTestDescriptor.java:109)
	at org.junit.jupiter.engine.descriptor.TestTemplateTestDescriptor.execute(TestTemplateTestDescriptor.java:43)
	at org.junit.platform.engine.support.hierarchical.NodeTestTask.lambda$executeRecursively$6(NodeTestTask.java:156)
	at org.junit.platform.engine.support.hierarchical.ThrowableCollector.execute(ThrowableCollector.java:73)
	at org.junit.platform.engine.support.hierarchical.NodeTestTask.lambda$executeRecursively$8(NodeTestTask.java:146)
	at org.junit.platform.engine.support.hierarchical.Node.around(Node.java:137)
	at org.junit.platform.engine.support.hierarchical.NodeTestTask.lambda$executeRecursively$9(NodeTestTask.java:144)
	at org.junit.platform.engine.support.hierarchical.ThrowableCollector.execute(ThrowableCollector.java:73)
	at org.junit.platform.engine.support.hierarchical.NodeTestTask.executeRecursively(NodeTestTask.java:143)
	at org.junit.platform.engine.support.hierarchical.NodeTestTask.execute(NodeTestTask.java:100)
	at org.junit.platform.engine.support.hierarchical.ForkJoinPoolHierarchicalTestExecutorService$ExclusiveTask.exec(ForkJoinPoolHierarchicalTestExecutorService.java:274)
	at org.junit.platform.engine.support.hierarchical.ForkJoinPoolHierarchicalTestExecutorService$ExclusiveTask.execSync(ForkJoinPoolHierarchicalTestExecutorService.java:247)
	at org.junit.platform.engine.support.hierarchical.ForkJoinPoolHierarchicalTestExecutorService.executeSync(ForkJoinPoolHierarchicalTestExecutorService.java:194)
	at org.junit.platform.engine.support.hierarchical.ForkJoinPoolHierarchicalTestExecutorService.invokeAll(ForkJoinPoolHierarchicalTestExecutorService.java:166)
	at org.junit.platform.engine.support.hierarchical.NodeTestTask.lambda$executeRecursively$6(NodeTestTask.java:160)
	at org.junit.platform.engine.support.hierarchical.ThrowableCollector.execute(ThrowableCollector.java:73)
	at org.junit.platform.engine.support.hierarchical.NodeTestTask.lambda$executeRecursively$8(NodeTestTask.java:146)
	at org.junit.platform.engine.support.hierarchical.Node.around(Node.java:137)
	at org.junit.platform.engine.support.hierarchical.NodeTestTask.lambda$executeRecursively$9(NodeTestTask.java:144)
	at org.junit.platform.engine.support.hierarchical.ThrowableCollector.execute(ThrowableCollector.java:73)
	at org.junit.platform.engine.support.hierarchical.NodeTestTask.executeRecursively(NodeTestTask.java:143)
	at org.junit.platform.engine.support.hierarchical.NodeTestTask.execute(NodeTestTask.java:100)
	at org.junit.platform.engine.support.hierarchical.ForkJoinPoolHierarchicalTestExecutorService$ExclusiveTask.exec(ForkJoinPoolHierarchicalTestExecutorService.java:274)
	at java.base/java.util.concurrent.ForkJoinTask.doExec(ForkJoinTask.java:387)
	at java.base/java.util.concurrent.ForkJoinPool$WorkQueue.topLevelExec(ForkJoinPool.java:1312)
	at java.base/java.util.concurrent.ForkJoinPool.scan(ForkJoinPool.java:1843)
	at java.base/java.util.concurrent.ForkJoinPool.runWorker(ForkJoinPool.java:1808)
	at java.base/java.util.concurrent.ForkJoinWorkerThread.run(ForkJoinWorkerThread.java:188)
    23:49:17.918 | 468 ool-1-worker-232 | DEBUG | .c.s.m.InstanceMessageReceiveService : Received schedule participant score for exercise 3700 and participant 803 (result to be deleted: null)
    23:49:17.918 | 468 ool-1-worker-232 | DEBUG | .a.s.ParticipantScoreScheduleService : Scheduled task for exercise 3700 and participant 803 at 2025-02-14T23:49:18.018278623Z[Etc/UTC].
    23:49:17.920 | 468 ool-1-worker-232 | DEBUG | .s.ProgrammingExerciseGradingService : Received new build result (NEW) for participation 5662
    23:49:17.923 | 468 ool-1-worker-232 | WARN  | .s.ProgrammingExerciseGradingService : Could not find pending ProgrammingSubmission for Commit Hash commit1 (Participation 5662, Build Plan SHORTB723FC7A0AD9E04C4B098E304DAC4E5ABB44TSTEXC-SUBMISSIONPOLICYINTEGRATIONSTUDENT1). Will create a new one subsequently...
    23:49:17.923 | 468 ool-1-worker-232 | ERROR | .s.ProgrammingExerciseGradingService : Could not retrieve push date for participation 5662 and build plan SHORTB723FC7A0AD9E04C4B098E304DAC4E5ABB44TSTEXC-SUBMISSIONPOLICYINTEGRATIONSTUDENT1
de.tum.cit.aet.artemis.programming.service.gitlab.GitLabException: Could not find build queue date for participation 5662
	at de.tum.cit.aet.artemis.programming.service.gitlab.GitLabService.getPushDate(GitLabService.java:369)
	at de.tum.cit.aet.artemis.programming.service.gitlab.GitLabService.getPushDate(GitLabService.java:358)
	at de.tum.cit.aet.artemis.programming.service.ProgrammingExerciseGradingService.createAndSaveFallbackSubmission(ProgrammingExerciseGradingService.java:286)
	at de.tum.cit.aet.artemis.programming.service.ProgrammingExerciseGradingService.createAndSaveFallbackSubmission(ProgrammingExerciseGradingService.java:272)
	at de.tum.cit.aet.artemis.programming.service.ProgrammingExerciseGradingService.lambda$processNewProgrammingExerciseResult$0(ProgrammingExerciseGradingService.java:177)
	at java.base/java.util.Optional.orElseGet(Optional.java:364)
	at de.tum.cit.aet.artemis.programming.service.ProgrammingExerciseGradingService.processNewProgrammingExerciseResult(ProgrammingExerciseGradingService.java:177)
	at de.tum.cit.aet.artemis.programming.service.ProgrammingExerciseGradingService.processNewProgrammingExerciseResult(ProgrammingExerciseGradingService.java:156)
	at de.tum.cit.aet.artemis.programming.SubmissionPolicyIntegrationTest.test_enforceSubmissionPenaltyPolicyOnStudentParticipation(SubmissionPolicyIntegrationTest.java:431)
	at java.base/jdk.internal.reflect.DirectMethodHandleAccessor.invoke(DirectMethodHandleAccessor.java:103)
	at java.base/java.lang.reflect.Method.invoke(Method.java:580)
	at org.junit.platform.commons.util.ReflectionUtils.invokeMethod(ReflectionUtils.java:767)
	at org.junit.jupiter.engine.execution.MethodInvocation.proceed(MethodInvocation.java:60)
	at org.junit.jupiter.engine.execution.InvocationInterceptorChain$ValidatingInvocation.proceed(InvocationInterceptorChain.java:131)
	at org.junit.jupiter.engine.extension.TimeoutExtension.intercept(TimeoutExtension.java:156)
	at org.junit.jupiter.engine.extension.TimeoutExtension.interceptTestableMethod(TimeoutExtension.java:147)
	at org.junit.jupiter.engine.extension.TimeoutExtension.interceptTestTemplateMethod(TimeoutExtension.java:94)
	at org.junit.jupiter.engine.execution.InterceptingExecutableInvoker$ReflectiveInterceptorCall.lambda$ofVoidMethod$0(InterceptingExecutableInvoker.java:103)
	at org.junit.jupiter.engine.execution.InterceptingExecutableInvoker.lambda$invoke$0(InterceptingExecutableInvoker.java:93)
	at org.junit.jupiter.engine.execution.InvocationInterceptorChain$InterceptedInvocation.proceed(InvocationInterceptorChain.java:106)
	at org.junit.jupiter.engine.execution.InvocationInterceptorChain.proceed(InvocationInterceptorChain.java:64)
	at org.junit.jupiter.engine.execution.InvocationInterceptorChain.chainAndInvoke(InvocationInterceptorChain.java:45)
	at org.junit.jupiter.engine.execution.InvocationInterceptorChain.invoke(InvocationInterceptorChain.java:37)
	at org.junit.jupiter.engine.execution.InterceptingExecutableInvoker.invoke(InterceptingExecutableInvoker.java:92)
	at org.junit.jupiter.engine.execution.InterceptingExecutableInvoker.invoke(InterceptingExecutableInvoker.java:86)
	at org.junit.jupiter.engine.descriptor.TestMethodTestDescriptor.lambda$invokeTestMethod$8(TestMethodTestDescriptor.java:217)
	at org.junit.platform.engine.support.hierarchical.ThrowableCollector.execute(ThrowableCollector.java:73)
	at org.junit.jupiter.engine.descriptor.TestMethodTestDescriptor.invokeTestMethod(TestMethodTestDescriptor.java:213)
	at org.junit.jupiter.engine.descriptor.TestMethodTestDescriptor.execute(TestMethodTestDescriptor.java:138)
	at org.junit.jupiter.engine.descriptor.TestMethodTestDescriptor.execute(TestMethodTestDescriptor.java:68)
	at org.junit.platform.engine.support.hierarchical.NodeTestTask.lambda$executeRecursively$6(NodeTestTask.java:156)
	at org.junit.platform.engine.support.hierarchical.ThrowableCollector.execute(ThrowableCollector.java:73)
	at org.junit.platform.engine.support.hierarchical.NodeTestTask.lambda$executeRecursively$8(NodeTestTask.java:146)
	at org.junit.platform.engine.support.hierarchical.Node.around(Node.java:137)
	at org.junit.platform.engine.support.hierarchical.NodeTestTask.lambda$executeRecursively$9(NodeTestTask.java:144)
	at org.junit.platform.engine.support.hierarchical.ThrowableCollector.execute(ThrowableCollector.java:73)
	at org.junit.platform.engine.support.hierarchical.NodeTestTask.executeRecursively(NodeTestTask.java:143)
	at org.junit.platform.engine.support.hierarchical.NodeTestTask.execute(NodeTestTask.java:100)
	at org.junit.platform.engine.support.hierarchical.ForkJoinPoolHierarchicalTestExecutorService$ExclusiveTask.exec(ForkJoinPoolHierarchicalTestExecutorService.java:274)
	at org.junit.platform.engine.support.hierarchical.ForkJoinPoolHierarchicalTestExecutorService$ExclusiveTask.execSync(ForkJoinPoolHierarchicalTestExecutorService.java:247)
	at org.junit.platform.engine.support.hierarchical.ForkJoinPoolHierarchicalTestExecutorService.submit(ForkJoinPoolHierarchicalTestExecutorService.java:148)
	at org.junit.platform.engine.support.hierarchical.NodeTestTask$DefaultDynamicTestExecutor.execute(NodeTestTask.java:231)
	at org.junit.platform.engine.support.hierarchical.NodeTestTask$DefaultDynamicTestExecutor.execute(NodeTestTask.java:209)
	at org.junit.jupiter.engine.descriptor.TestTemplateTestDescriptor.execute(TestTemplateTestDescriptor.java:141)
	at org.junit.jupiter.engine.descriptor.TestTemplateTestDescriptor.lambda$execute$3(TestTemplateTestDescriptor.java:109)
	at java.base/java.util.stream.ForEachOps$ForEachOp$OfRef.accept(ForEachOps.java:184)
	at java.base/java.util.stream.ReferencePipeline$3$1.accept(ReferencePipeline.java:197)
	at java.base/java.util.stream.ReferencePipeline$2$1.accept(ReferencePipeline.java:179)
	at java.base/java.util.stream.ReferencePipeline$3$1.accept(ReferencePipeline.java:197)
	at java.base/java.util.stream.ForEachOps$ForEachOp$OfRef.accept(ForEachOps.java:184)
	at java.base/java.util.stream.ReferencePipeline$3$1.accept(ReferencePipeline.java:197)
	at java.base/java.util.stream.ForEachOps$ForEachOp$OfRef.accept(ForEachOps.java:184)
	at java.base/java.util.stream.ForEachOps$ForEachOp$OfRef.accept(ForEachOps.java:184)
	at java.base/java.util.stream.ReferencePipeline$3$1.accept(ReferencePipeline.java:197)
	at java.base/java.util.Iterator.forEachRemaining(Iterator.java:133)
	at java.base/java.util.Spliterators$IteratorSpliterator.forEachRemaining(Spliterators.java:1939)
	at java.base/java.util.stream.AbstractPipeline.copyInto(AbstractPipeline.java:509)
	at java.base/java.util.stream.AbstractPipeline.wrapAndCopyInto(AbstractPipeline.java:499)
	at java.base/java.util.stream.ForEachOps$ForEachOp.evaluateSequential(ForEachOps.java:151)
	at java.base/java.util.stream.ForEachOps$ForEachOp$OfRef.evaluateSequential(ForEachOps.java:174)
	at java.base/java.util.stream.AbstractPipeline.evaluate(AbstractPipeline.java:234)
	at java.base/java.util.stream.ReferencePipeline.forEach(ReferencePipeline.java:596)
	at java.base/java.util.stream.ReferencePipeline$7$1.accept(ReferencePipeline.java:276)
	at java.base/java.util.ArrayList$ArrayListSpliterator.forEachRemaining(ArrayList.java:1708)
	at java.base/java.util.stream.AbstractPipeline.copyInto(AbstractPipeline.java:509)
	at java.base/java.util.stream.AbstractPipeline.wrapAndCopyInto(AbstractPipeline.java:499)
	at java.base/java.util.stream.ForEachOps$ForEachOp.evaluateSequential(ForEachOps.java:151)
	at java.base/java.util.stream.ForEachOps$ForEachOp$OfRef.evaluateSequential(ForEachOps.java:174)
	at java.base/java.util.stream.AbstractPipeline.evaluate(AbstractPipeline.java:234)
	at java.base/java.util.stream.ReferencePipeline.forEach(ReferencePipeline.java:596)
	at java.base/java.util.stream.ReferencePipeline$7$1.accept(ReferencePipeline.java:276)
	at java.base/java.util.stream.ReferencePipeline$3$1.accept(ReferencePipeline.java:197)
	at java.base/java.util.stream.ReferencePipeline$3$1.accept(ReferencePipeline.java:197)
	at java.base/java.util.stream.ReferencePipeline$3$1.accept(ReferencePipeline.java:197)
	at java.base/java.util.ArrayList$ArrayListSpliterator.forEachRemaining(ArrayList.java:1708)
	at java.base/java.util.stream.AbstractPipeline.copyInto(AbstractPipeline.java:509)
	at java.base/java.util.stream.AbstractPipeline.wrapAndCopyInto(AbstractPipeline.java:499)
	at java.base/java.util.stream.ForEachOps$ForEachOp.evaluateSequential(ForEachOps.java:151)
	at java.base/java.util.stream.ForEachOps$ForEachOp$OfRef.evaluateSequential(ForEachOps.java:174)
	at java.base/java.util.stream.AbstractPipeline.evaluate(AbstractPipeline.java:234)
	at java.base/java.util.stream.ReferencePipeline.forEach(ReferencePipeline.java:596)
	at java.base/java.util.stream.ReferencePipeline$7$1.accept(ReferencePipeline.java:276)
	at java.base/java.util.ArrayList$ArrayListSpliterator.forEachRemaining(ArrayList.java:1708)
	at java.base/java.util.stream.AbstractPipeline.copyInto(AbstractPipeline.java:509)
	at java.base/java.util.stream.AbstractPipeline.wrapAndCopyInto(AbstractPipeline.java:499)
	at java.base/java.util.stream.ForEachOps$ForEachOp.evaluateSequential(ForEachOps.java:151)
	at java.base/java.util.stream.ForEachOps$ForEachOp$OfRef.evaluateSequential(ForEachOps.java:174)
	at java.base/java.util.stream.AbstractPipeline.evaluate(AbstractPipeline.java:234)
	at java.base/java.util.stream.ReferencePipeline.forEach(ReferencePipeline.java:596)
	at org.junit.jupiter.engine.descriptor.TestTemplateTestDescriptor.execute(TestTemplateTestDescriptor.java:109)
	at org.junit.jupiter.engine.descriptor.TestTemplateTestDescriptor.execute(TestTemplateTestDescriptor.java:43)
	at org.junit.platform.engine.support.hierarchical.NodeTestTask.lambda$executeRecursively$6(NodeTestTask.java:156)
	at org.junit.platform.engine.support.hierarchical.ThrowableCollector.execute(ThrowableCollector.java:73)
	at org.junit.platform.engine.support.hierarchical.NodeTestTask.lambda$executeRecursively$8(NodeTestTask.java:146)
	at org.junit.platform.engine.support.hierarchical.Node.around(Node.java:137)
	at org.junit.platform.engine.support.hierarchical.NodeTestTask.lambda$executeRecursively$9(NodeTestTask.java:144)
	at org.junit.platform.engine.support.hierarchical.ThrowableCollector.execute(ThrowableCollector.java:73)
	at org.junit.platform.engine.support.hierarchical.NodeTestTask.executeRecursively(NodeTestTask.java:143)
	at org.junit.platform.engine.support.hierarchical.NodeTestTask.execute(NodeTestTask.java:100)
	at org.junit.platform.engine.support.hierarchical.ForkJoinPoolHierarchicalTestExecutorService$ExclusiveTask.exec(ForkJoinPoolHierarchicalTestExecutorService.java:274)
	at org.junit.platform.engine.support.hierarchical.ForkJoinPoolHierarchicalTestExecutorService$ExclusiveTask.execSync(ForkJoinPoolHierarchicalTestExecutorService.java:247)
	at org.junit.platform.engine.support.hierarchical.ForkJoinPoolHierarchicalTestExecutorService.executeSync(ForkJoinPoolHierarchicalTestExecutorService.java:194)
	at org.junit.platform.engine.support.hierarchical.ForkJoinPoolHierarchicalTestExecutorService.invokeAll(ForkJoinPoolHierarchicalTestExecutorService.java:166)
	at org.junit.platform.engine.support.hierarchical.NodeTestTask.lambda$executeRecursively$6(NodeTestTask.java:160)
	at org.junit.platform.engine.support.hierarchical.ThrowableCollector.execute(ThrowableCollector.java:73)
	at org.junit.platform.engine.support.hierarchical.NodeTestTask.lambda$executeRecursively$8(NodeTestTask.java:146)
	at org.junit.platform.engine.support.hierarchical.Node.around(Node.java:137)
	at org.junit.platform.engine.support.hierarchical.NodeTestTask.lambda$executeRecursively$9(NodeTestTask.java:144)
	at org.junit.platform.engine.support.hierarchical.ThrowableCollector.execute(ThrowableCollector.java:73)
	at org.junit.platform.engine.support.hierarchical.NodeTestTask.executeRecursively(NodeTestTask.java:143)
	at org.junit.platform.engine.support.hierarchical.NodeTestTask.execute(NodeTestTask.java:100)
	at org.junit.platform.engine.support.hierarchical.ForkJoinPoolHierarchicalTestExecutorService$ExclusiveTask.exec(ForkJoinPoolHierarchicalTestExecutorService.java:274)
	at java.base/java.util.concurrent.ForkJoinTask.doExec(ForkJoinTask.java:387)
	at java.base/java.util.concurrent.ForkJoinPool$WorkQueue.topLevelExec(ForkJoinPool.java:1312)
	at java.base/java.util.concurrent.ForkJoinPool.scan(ForkJoinPool.java:1843)
	at java.base/java.util.concurrent.ForkJoinPool.runWorker(ForkJoinPool.java:1808)
	at java.base/java.util.concurrent.ForkJoinWorkerThread.run(ForkJoinWorkerThread.java:188)
    23:49:17.944 | 468 ool-1-worker-232 | DEBUG | .c.s.m.InstanceMessageReceiveService : Received schedule participant score for exercise 3700 and participant 803 (result to be deleted: null)
    23:49:17.944 | 468 ool-1-worker-232 | DEBUG | .a.s.ParticipantScoreScheduleService : Scheduled task for exercise 3700 and participant 803 at 2025-02-14T23:49:18.044272441Z[Etc/UTC].

  Starting logs for SubmissionPolicyIntegrationTest > test_enforceSubmissionPenaltyPolicyOnStudentParticipation(EnforcePolicyTestType) [3] type=POLICY_INACTIVE
    23:49:17.958 | 468 ool-1-worker-232 | DEBUG | d.t.c.a.a.c.u.util.UserUtilService   : Generate 2 students...
    23:49:17.962 | 468 ool-1-worker-232 | DEBUG | d.t.c.a.a.c.u.util.UserUtilService   : 2 students generated. Generate 1 tutors...
    23:49:17.964 | 468 ool-1-worker-232 | DEBUG | d.t.c.a.a.c.u.util.UserUtilService   : 1 tutors generated. Generate 1 editors...
    23:49:17.966 | 468 ool-1-worker-232 | DEBUG | d.t.c.a.a.c.u.util.UserUtilService   : 1 editors generated. Generate 1 instructors...
    23:49:17.969 | 468 ool-1-worker-232 | DEBUG | d.t.c.a.a.c.u.util.UserUtilService   : 1 instructors generated
    23:49:17.970 | 468 ool-1-worker-232 | DEBUG | d.t.c.a.a.c.u.util.UserUtilService   : Removing 8 users from all courses...
    23:49:17.971 | 468 ool-1-worker-232 | DEBUG | d.t.c.a.a.c.u.util.UserUtilService   : Removing 8 users from all courses. Done
    23:49:17.971 | 468 ool-1-worker-232 | DEBUG | d.t.c.a.a.c.u.util.UserUtilService   : Save 5 users to database...
    23:49:17.975 | 468 ool-1-worker-232 | DEBUG | d.t.c.a.a.c.u.util.UserUtilService   : Save 5 users to database. Done
    23:49:18.002 | 468 ool-1-worker-232 | INFO  | i.z.t.d.l.EmbeddedDatabaseReporter   : JDBC URL to connect to 'dataSource': url='jdbc:h2:tcp://localhost:41063/mem:736625c0-cf5e-400d-aeaa-8a7eabd6262b;USER=sa', scope='SubmissionPolicyIntegrationTest#test_enforceSubmissionPenaltyPolicyOnStudentParticipation'
    23:49:18.006 | 468 ool-1-worker-232 | DEBUG | PersonalAccessTokenManagementService : Generate secure vcs access token
    23:49:18.009 | 468 ool-1-worker-232 | DEBUG | .s.ProgrammingExerciseGradingService : Received new build result (NEW) for participation 5665
    23:49:18.011 | 468 ool-1-worker-232 | WARN  | .s.ProgrammingExerciseGradingService : Could not find pending ProgrammingSubmission for Commit Hash 9b3a9bd71a0d80e5bbc42204c319ed3d1d4f0d6d (Participation 5665, Build Plan SHORT788B6ACF014F704186083CE05ECBB44A4B05TSTEXC-SUBMISSIONPOLICYINTEGRATIONSTUDENT1). Will create a new one subsequently...
    23:49:18.011 | 468 ool-1-worker-232 | ERROR | .s.ProgrammingExerciseGradingService : Could not retrieve push date for participation 5665 and build plan SHORT788B6ACF014F704186083CE05ECBB44A4B05TSTEXC-SUBMISSIONPOLICYINTEGRATIONSTUDENT1
de.tum.cit.aet.artemis.programming.service.gitlab.GitLabException: Could not find build queue date for participation 5665
	at de.tum.cit.aet.artemis.programming.service.gitlab.GitLabService.getPushDate(GitLabService.java:369)
	at de.tum.cit.aet.artemis.programming.service.gitlab.GitLabService.getPushDate(GitLabService.java:358)
	at de.tum.cit.aet.artemis.programming.service.ProgrammingExerciseGradingService.createAndSaveFallbackSubmission(ProgrammingExerciseGradingService.java:286)
	at de.tum.cit.aet.artemis.programming.service.ProgrammingExerciseGradingService.createAndSaveFallbackSubmission(ProgrammingExerciseGradingService.java:272)
	at de.tum.cit.aet.artemis.programming.service.ProgrammingExerciseGradingService.lambda$processNewProgrammingExerciseResult$0(ProgrammingExerciseGradingService.java:177)
	at java.base/java.util.Optional.orElseGet(Optional.java:364)
	at de.tum.cit.aet.artemis.programming.service.ProgrammingExerciseGradingService.processNewProgrammingExerciseResult(ProgrammingExerciseGradingService.java:177)
	at de.tum.cit.aet.artemis.programming.service.ProgrammingExerciseGradingService.processNewProgrammingExerciseResult(ProgrammingExerciseGradingService.java:156)
	at de.tum.cit.aet.artemis.programming.SubmissionPolicyIntegrationTest.test_enforceSubmissionPenaltyPolicyOnStudentParticipation(SubmissionPolicyIntegrationTest.java:423)
	at java.base/jdk.internal.reflect.DirectMethodHandleAccessor.invoke(DirectMethodHandleAccessor.java:103)
	at java.base/java.lang.reflect.Method.invoke(Method.java:580)
	at org.junit.platform.commons.util.ReflectionUtils.invokeMethod(ReflectionUtils.java:767)
	at org.junit.jupiter.engine.execution.MethodInvocation.proceed(MethodInvocation.java:60)
	at org.junit.jupiter.engine.execution.InvocationInterceptorChain$ValidatingInvocation.proceed(InvocationInterceptorChain.java:131)
	at org.junit.jupiter.engine.extension.TimeoutExtension.intercept(TimeoutExtension.java:156)
	at org.junit.jupiter.engine.extension.TimeoutExtension.interceptTestableMethod(TimeoutExtension.java:147)
	at org.junit.jupiter.engine.extension.TimeoutExtension.interceptTestTemplateMethod(TimeoutExtension.java:94)
	at org.junit.jupiter.engine.execution.InterceptingExecutableInvoker$ReflectiveInterceptorCall.lambda$ofVoidMethod$0(InterceptingExecutableInvoker.java:103)
	at org.junit.jupiter.engine.execution.InterceptingExecutableInvoker.lambda$invoke$0(InterceptingExecutableInvoker.java:93)
	at org.junit.jupiter.engine.execution.InvocationInterceptorChain$InterceptedInvocation.proceed(InvocationInterceptorChain.java:106)
	at org.junit.jupiter.engine.execution.InvocationInterceptorChain.proceed(InvocationInterceptorChain.java:64)
	at org.junit.jupiter.engine.execution.InvocationInterceptorChain.chainAndInvoke(InvocationInterceptorChain.java:45)
	at org.junit.jupiter.engine.execution.InvocationInterceptorChain.invoke(InvocationInterceptorChain.java:37)
	at org.junit.jupiter.engine.execution.InterceptingExecutableInvoker.invoke(InterceptingExecutableInvoker.java:92)
	at org.junit.jupiter.engine.execution.InterceptingExecutableInvoker.invoke(InterceptingExecutableInvoker.java:86)
	at org.junit.jupiter.engine.descriptor.TestMethodTestDescriptor.lambda$invokeTestMethod$8(TestMethodTestDescriptor.java:217)
	at org.junit.platform.engine.support.hierarchical.ThrowableCollector.execute(ThrowableCollector.java:73)
	at org.junit.jupiter.engine.descriptor.TestMethodTestDescriptor.invokeTestMethod(TestMethodTestDescriptor.java:213)
	at org.junit.jupiter.engine.descriptor.TestMethodTestDescriptor.execute(TestMethodTestDescriptor.java:138)
	at org.junit.jupiter.engine.descriptor.TestMethodTestDescriptor.execute(TestMethodTestDescriptor.java:68)
	at org.junit.platform.engine.support.hierarchical.NodeTestTask.lambda$executeRecursively$6(NodeTestTask.java:156)
	at org.junit.platform.engine.support.hierarchical.ThrowableCollector.execute(ThrowableCollector.java:73)
	at org.junit.platform.engine.support.hierarchical.NodeTestTask.lambda$executeRecursively$8(NodeTestTask.java:146)
	at org.junit.platform.engine.support.hierarchical.Node.around(Node.java:137)
	at org.junit.platform.engine.support.hierarchical.NodeTestTask.lambda$executeRecursively$9(NodeTestTask.java:144)
	at org.junit.platform.engine.support.hierarchical.ThrowableCollector.execute(ThrowableCollector.java:73)
	at org.junit.platform.engine.support.hierarchical.NodeTestTask.executeRecursively(NodeTestTask.java:143)
	at org.junit.platform.engine.support.hierarchical.NodeTestTask.execute(NodeTestTask.java:100)
	at org.junit.platform.engine.support.hierarchical.ForkJoinPoolHierarchicalTestExecutorService$ExclusiveTask.exec(ForkJoinPoolHierarchicalTestExecutorService.java:274)
	at org.junit.platform.engine.support.hierarchical.ForkJoinPoolHierarchicalTestExecutorService$ExclusiveTask.execSync(ForkJoinPoolHierarchicalTestExecutorService.java:247)
	at org.junit.platform.engine.support.hierarchical.ForkJoinPoolHierarchicalTestExecutorService.submit(ForkJoinPoolHierarchicalTestExecutorService.java:148)
	at org.junit.platform.engine.support.hierarchical.NodeTestTask$DefaultDynamicTestExecutor.execute(NodeTestTask.java:231)
	at org.junit.platform.engine.support.hierarchical.NodeTestTask$DefaultDynamicTestExecutor.execute(NodeTestTask.java:209)
	at org.junit.jupiter.engine.descriptor.TestTemplateTestDescriptor.execute(TestTemplateTestDescriptor.java:141)
	at org.junit.jupiter.engine.descriptor.TestTemplateTestDescriptor.lambda$execute$3(TestTemplateTestDescriptor.java:109)
	at java.base/java.util.stream.ForEachOps$ForEachOp$OfRef.accept(ForEachOps.java:184)
	at java.base/java.util.stream.ReferencePipeline$3$1.accept(ReferencePipeline.java:197)
	at java.base/java.util.stream.ReferencePipeline$2$1.accept(ReferencePipeline.java:179)
	at java.base/java.util.stream.ReferencePipeline$3$1.accept(ReferencePipeline.java:197)
	at java.base/java.util.stream.ForEachOps$ForEachOp$OfRef.accept(ForEachOps.java:184)
	at java.base/java.util.stream.ReferencePipeline$3$1.accept(ReferencePipeline.java:197)
	at java.base/java.util.stream.ForEachOps$ForEachOp$OfRef.accept(ForEachOps.java:184)
	at java.base/java.util.stream.ForEachOps$ForEachOp$OfRef.accept(ForEachOps.java:184)
	at java.base/java.util.stream.ReferencePipeline$3$1.accept(ReferencePipeline.java:197)
	at java.base/java.util.Iterator.forEachRemaining(Iterator.java:133)
	at java.base/java.util.Spliterators$IteratorSpliterator.forEachRemaining(Spliterators.java:1939)
	at java.base/java.util.stream.AbstractPipeline.copyInto(AbstractPipeline.java:509)
	at java.base/java.util.stream.AbstractPipeline.wrapAndCopyInto(AbstractPipeline.java:499)
	at java.base/java.util.stream.ForEachOps$ForEachOp.evaluateSequential(ForEachOps.java:151)
	at java.base/java.util.stream.ForEachOps$ForEachOp$OfRef.evaluateSequential(ForEachOps.java:174)
	at java.base/java.util.stream.AbstractPipeline.evaluate(AbstractPipeline.java:234)
	at java.base/java.util.stream.ReferencePipeline.forEach(ReferencePipeline.java:596)
	at java.base/java.util.stream.ReferencePipeline$7$1.accept(ReferencePipeline.java:276)
	at java.base/java.util.ArrayList$ArrayListSpliterator.forEachRemaining(ArrayList.java:1708)
	at java.base/java.util.stream.AbstractPipeline.copyInto(AbstractPipeline.java:509)
	at java.base/java.util.stream.AbstractPipeline.wrapAndCopyInto(AbstractPipeline.java:499)
	at java.base/java.util.stream.ForEachOps$ForEachOp.evaluateSequential(ForEachOps.java:151)
	at java.base/java.util.stream.ForEachOps$ForEachOp$OfRef.evaluateSequential(ForEachOps.java:174)
	at java.base/java.util.stream.AbstractPipeline.evaluate(AbstractPipeline.java:234)
	at java.base/java.util.stream.ReferencePipeline.forEach(ReferencePipeline.java:596)
	at java.base/java.util.stream.ReferencePipeline$7$1.accept(ReferencePipeline.java:276)
	at java.base/java.util.stream.ReferencePipeline$3$1.accept(ReferencePipeline.java:197)
	at java.base/java.util.stream.ReferencePipeline$3$1.accept(ReferencePipeline.java:197)
	at java.base/java.util.stream.ReferencePipeline$3$1.accept(ReferencePipeline.java:197)
	at java.base/java.util.ArrayList$ArrayListSpliterator.forEachRemaining(ArrayList.java:1708)
	at java.base/java.util.stream.AbstractPipeline.copyInto(AbstractPipeline.java:509)
	at java.base/java.util.stream.AbstractPipeline.wrapAndCopyInto(AbstractPipeline.java:499)
	at java.base/java.util.stream.ForEachOps$ForEachOp.evaluateSequential(ForEachOps.java:151)
	at java.base/java.util.stream.ForEachOps$ForEachOp$OfRef.evaluateSequential(ForEachOps.java:174)
	at java.base/java.util.stream.AbstractPipeline.evaluate(AbstractPipeline.java:234)
	at java.base/java.util.stream.ReferencePipeline.forEach(ReferencePipeline.java:596)
	at java.base/java.util.stream.ReferencePipeline$7$1.accept(ReferencePipeline.java:276)
	at java.base/java.util.ArrayList$ArrayListSpliterator.forEachRemaining(ArrayList.java:1708)
	at java.base/java.util.stream.AbstractPipeline.copyInto(AbstractPipeline.java:509)
	at java.base/java.util.stream.AbstractPipeline.wrapAndCopyInto(AbstractPipeline.java:499)
	at java.base/java.util.stream.ForEachOps$ForEachOp.evaluateSequential(ForEachOps.java:151)
	at java.base/java.util.stream.ForEachOps$ForEachOp$OfRef.evaluateSequential(ForEachOps.java:174)
	at java.base/java.util.stream.AbstractPipeline.evaluate(AbstractPipeline.java:234)
	at java.base/java.util.stream.ReferencePipeline.forEach(ReferencePipeline.java:596)
	at org.junit.jupiter.engine.descriptor.TestTemplateTestDescriptor.execute(TestTemplateTestDescriptor.java:109)
	at org.junit.jupiter.engine.descriptor.TestTemplateTestDescriptor.execute(TestTemplateTestDescriptor.java:43)
	at org.junit.platform.engine.support.hierarchical.NodeTestTask.lambda$executeRecursively$6(NodeTestTask.java:156)
	at org.junit.platform.engine.support.hierarchical.ThrowableCollector.execute(ThrowableCollector.java:73)
	at org.junit.platform.engine.support.hierarchical.NodeTestTask.lambda$executeRecursively$8(NodeTestTask.java:146)
	at org.junit.platform.engine.support.hierarchical.Node.around(Node.java:137)
	at org.junit.platform.engine.support.hierarchical.NodeTestTask.lambda$executeRecursively$9(NodeTestTask.java:144)
	at org.junit.platform.engine.support.hierarchical.ThrowableCollector.execute(ThrowableCollector.java:73)
	at org.junit.platform.engine.support.hierarchical.NodeTestTask.executeRecursively(NodeTestTask.java:143)
	at org.junit.platform.engine.support.hierarchical.NodeTestTask.execute(NodeTestTask.java:100)
	at org.junit.platform.engine.support.hierarchical.ForkJoinPoolHierarchicalTestExecutorService$ExclusiveTask.exec(ForkJoinPoolHierarchicalTestExecutorService.java:274)
	at org.junit.platform.engine.support.hierarchical.ForkJoinPoolHierarchicalTestExecutorService$ExclusiveTask.execSync(ForkJoinPoolHierarchicalTestExecutorService.java:247)
	at org.junit.platform.engine.support.hierarchical.ForkJoinPoolHierarchicalTestExecutorService.executeSync(ForkJoinPoolHierarchicalTestExecutorService.java:194)
	at org.junit.platform.engine.support.hierarchical.ForkJoinPoolHierarchicalTestExecutorService.invokeAll(ForkJoinPoolHierarchicalTestExecutorService.java:166)
	at org.junit.platform.engine.support.hierarchical.NodeTestTask.lambda$executeRecursively$6(NodeTestTask.java:160)
	at org.junit.platform.engine.support.hierarchical.ThrowableCollector.execute(ThrowableCollector.java:73)
	at org.junit.platform.engine.support.hierarchical.NodeTestTask.lambda$executeRecursively$8(NodeTestTask.java:146)
	at org.junit.platform.engine.support.hierarchical.Node.around(Node.java:137)
	at org.junit.platform.engine.support.hierarchical.NodeTestTask.lambda$executeRecursively$9(NodeTestTask.java:144)
	at org.junit.platform.engine.support.hierarchical.ThrowableCollector.execute(ThrowableCollector.java:73)
	at org.junit.platform.engine.support.hierarchical.NodeTestTask.executeRecursively(NodeTestTask.java:143)
	at org.junit.platform.engine.support.hierarchical.NodeTestTask.execute(NodeTestTask.java:100)
	at org.junit.platform.engine.support.hierarchical.ForkJoinPoolHierarchicalTestExecutorService$ExclusiveTask.exec(ForkJoinPoolHierarchicalTestExecutorService.java:274)
	at java.base/java.util.concurrent.ForkJoinTask.doExec(ForkJoinTask.java:387)
	at java.base/java.util.concurrent.ForkJoinPool$WorkQueue.topLevelExec(ForkJoinPool.java:1312)
	at java.base/java.util.concurrent.ForkJoinPool.scan(ForkJoinPool.java:1843)
	at java.base/java.util.concurrent.ForkJoinPool.runWorker(ForkJoinPool.java:1808)
	at java.base/java.util.concurrent.ForkJoinWorkerThread.run(ForkJoinWorkerThread.java:188)
    23:49:18.036 | 468 ool-1-worker-232 | DEBUG | .c.s.m.InstanceMessageReceiveService : Received schedule participant score for exercise 3701 and participant 803 (result to be deleted: null)
    23:49:18.036 | 468 ool-1-worker-232 | DEBUG | .a.s.ParticipantScoreScheduleService : Scheduled task for exercise 3701 and participant 803 at 2025-02-14T23:49:18.136715312Z[Etc/UTC].
    23:49:18.039 | 468 ool-1-worker-232 | DEBUG | .s.ProgrammingExerciseGradingService : Received new build result (NEW) for participation 5665
    23:49:18.042 | 468 ool-1-worker-232 | WARN  | .s.ProgrammingExerciseGradingService : Could not find pending ProgrammingSubmission for Commit Hash commit1 (Participation 5665, Build Plan SHORT788B6ACF014F704186083CE05ECBB44A4B05TSTEXC-SUBMISSIONPOLICYINTEGRATIONSTUDENT1). Will create a new one subsequently...
    23:49:18.042 | 468 ool-1-worker-232 | ERROR | .s.ProgrammingExerciseGradingService : Could not retrieve push date for participation 5665 and build plan SHORT788B6ACF014F704186083CE05ECBB44A4B05TSTEXC-SUBMISSIONPOLICYINTEGRATIONSTUDENT1
de.tum.cit.aet.artemis.programming.service.gitlab.GitLabException: Could not find build queue date for participation 5665
	at de.tum.cit.aet.artemis.programming.service.gitlab.GitLabService.getPushDate(GitLabService.java:369)
	at de.tum.cit.aet.artemis.programming.service.gitlab.GitLabService.getPushDate(GitLabService.java:358)
	at de.tum.cit.aet.artemis.programming.service.ProgrammingExerciseGradingService.createAndSaveFallbackSubmission(ProgrammingExerciseGradingService.java:286)
	at de.tum.cit.aet.artemis.programming.service.ProgrammingExerciseGradingService.createAndSaveFallbackSubmission(ProgrammingExerciseGradingService.java:272)
	at de.tum.cit.aet.artemis.programming.service.ProgrammingExerciseGradingService.lambda$processNewProgrammingExerciseResult$0(ProgrammingExerciseGradingService.java:177)
	at java.base/java.util.Optional.orElseGet(Optional.java:364)
	at de.tum.cit.aet.artemis.programming.service.ProgrammingExerciseGradingService.processNewProgrammingExerciseResult(ProgrammingExerciseGradingService.java:177)
	at de.tum.cit.aet.artemis.programming.service.ProgrammingExerciseGradingService.processNewProgrammingExerciseResult(ProgrammingExerciseGradingService.java:156)
	at de.tum.cit.aet.artemis.programming.SubmissionPolicyIntegrationTest.test_enforceSubmissionPenaltyPolicyOnStudentParticipation(SubmissionPolicyIntegrationTest.java:431)
	at java.base/jdk.internal.reflect.DirectMethodHandleAccessor.invoke(DirectMethodHandleAccessor.java:103)
	at java.base/java.lang.reflect.Method.invoke(Method.java:580)
	at org.junit.platform.commons.util.ReflectionUtils.invokeMethod(ReflectionUtils.java:767)
	at org.junit.jupiter.engine.execution.MethodInvocation.proceed(MethodInvocation.java:60)
	at org.junit.jupiter.engine.execution.InvocationInterceptorChain$ValidatingInvocation.proceed(InvocationInterceptorChain.java:131)
	at org.junit.jupiter.engine.extension.TimeoutExtension.intercept(TimeoutExtension.java:156)
	at org.junit.jupiter.engine.extension.TimeoutExtension.interceptTestableMethod(TimeoutExtension.java:147)
	at org.junit.jupiter.engine.extension.TimeoutExtension.interceptTestTemplateMethod(TimeoutExtension.java:94)
	at org.junit.jupiter.engine.execution.InterceptingExecutableInvoker$ReflectiveInterceptorCall.lambda$ofVoidMethod$0(InterceptingExecutableInvoker.java:103)
	at org.junit.jupiter.engine.execution.InterceptingExecutableInvoker.lambda$invoke$0(InterceptingExecutableInvoker.java:93)
	at org.junit.jupiter.engine.execution.InvocationInterceptorChain$InterceptedInvocation.proceed(InvocationInterceptorChain.java:106)
	at org.junit.jupiter.engine.execution.InvocationInterceptorChain.proceed(InvocationInterceptorChain.java:64)
	at org.junit.jupiter.engine.execution.InvocationInterceptorChain.chainAndInvoke(InvocationInterceptorChain.java:45)
	at org.junit.jupiter.engine.execution.InvocationInterceptorChain.invoke(InvocationInterceptorChain.java:37)
	at org.junit.jupiter.engine.execution.InterceptingExecutableInvoker.invoke(InterceptingExecutableInvoker.java:92)
	at org.junit.jupiter.engine.execution.InterceptingExecutableInvoker.invoke(InterceptingExecutableInvoker.java:86)
	at org.junit.jupiter.engine.descriptor.TestMethodTestDescriptor.lambda$invokeTestMethod$8(TestMethodTestDescriptor.java:217)
	at org.junit.platform.engine.support.hierarchical.ThrowableCollector.execute(ThrowableCollector.java:73)
	at org.junit.jupiter.engine.descriptor.TestMethodTestDescriptor.invokeTestMethod(TestMethodTestDescriptor.java:213)
	at org.junit.jupiter.engine.descriptor.TestMethodTestDescriptor.execute(TestMethodTestDescriptor.java:138)
	at org.junit.jupiter.engine.descriptor.TestMethodTestDescriptor.execute(TestMethodTestDescriptor.java:68)
	at org.junit.platform.engine.support.hierarchical.NodeTestTask.lambda$executeRecursively$6(NodeTestTask.java:156)
	at org.junit.platform.engine.support.hierarchical.ThrowableCollector.execute(ThrowableCollector.java:73)
	at org.junit.platform.engine.support.hierarchical.NodeTestTask.lambda$executeRecursively$8(NodeTestTask.java:146)
	at org.junit.platform.engine.support.hierarchical.Node.around(Node.java:137)
	at org.junit.platform.engine.support.hierarchical.NodeTestTask.lambda$executeRecursively$9(NodeTestTask.java:144)
	at org.junit.platform.engine.support.hierarchical.ThrowableCollector.execute(ThrowableCollector.java:73)
	at org.junit.platform.engine.support.hierarchical.NodeTestTask.executeRecursively(NodeTestTask.java:143)
	at org.junit.platform.engine.support.hierarchical.NodeTestTask.execute(NodeTestTask.java:100)
	at org.junit.platform.engine.support.hierarchical.ForkJoinPoolHierarchicalTestExecutorService$ExclusiveTask.exec(ForkJoinPoolHierarchicalTestExecutorService.java:274)
	at org.junit.platform.engine.support.hierarchical.ForkJoinPoolHierarchicalTestExecutorService$ExclusiveTask.execSync(ForkJoinPoolHierarchicalTestExecutorService.java:247)
	at org.junit.platform.engine.support.hierarchical.ForkJoinPoolHierarchicalTestExecutorService.submit(ForkJoinPoolHierarchicalTestExecutorService.java:148)
	at org.junit.platform.engine.support.hierarchical.NodeTestTask$DefaultDynamicTestExecutor.execute(NodeTestTask.java:231)
	at org.junit.platform.engine.support.hierarchical.NodeTestTask$DefaultDynamicTestExecutor.execute(NodeTestTask.java:209)
	at org.junit.jupiter.engine.descriptor.TestTemplateTestDescriptor.execute(TestTemplateTestDescriptor.java:141)
	at org.junit.jupiter.engine.descriptor.TestTemplateTestDescriptor.lambda$execute$3(TestTemplateTestDescriptor.java:109)
	at java.base/java.util.stream.ForEachOps$ForEachOp$OfRef.accept(ForEachOps.java:184)
	at java.base/java.util.stream.ReferencePipeline$3$1.accept(ReferencePipeline.java:197)
	at java.base/java.util.stream.ReferencePipeline$2$1.accept(ReferencePipeline.java:179)
	at java.base/java.util.stream.ReferencePipeline$3$1.accept(ReferencePipeline.java:197)
	at java.base/java.util.stream.ForEachOps$ForEachOp$OfRef.accept(ForEachOps.java:184)
	at java.base/java.util.stream.ReferencePipeline$3$1.accept(ReferencePipeline.java:197)
	at java.base/java.util.stream.ForEachOps$ForEachOp$OfRef.accept(ForEachOps.java:184)
	at java.base/java.util.stream.ForEachOps$ForEachOp$OfRef.accept(ForEachOps.java:184)
	at java.base/java.util.stream.ReferencePipeline$3$1.accept(ReferencePipeline.java:197)
	at java.base/java.util.Iterator.forEachRemaining(Iterator.java:133)
	at java.base/java.util.Spliterators$IteratorSpliterator.forEachRemaining(Spliterators.java:1939)
	at java.base/java.util.stream.AbstractPipeline.copyInto(AbstractPipeline.java:509)
	at java.base/java.util.stream.AbstractPipeline.wrapAndCopyInto(AbstractPipeline.java:499)
	at java.base/java.util.stream.ForEachOps$ForEachOp.evaluateSequential(ForEachOps.java:151)
	at java.base/java.util.stream.ForEachOps$ForEachOp$OfRef.evaluateSequential(ForEachOps.java:174)
	at java.base/java.util.stream.AbstractPipeline.evaluate(AbstractPipeline.java:234)
	at java.base/java.util.stream.ReferencePipeline.forEach(ReferencePipeline.java:596)
	at java.base/java.util.stream.ReferencePipeline$7$1.accept(ReferencePipeline.java:276)
	at java.base/java.util.ArrayList$ArrayListSpliterator.forEachRemaining(ArrayList.java:1708)
	at java.base/java.util.stream.AbstractPipeline.copyInto(AbstractPipeline.java:509)
	at java.base/java.util.stream.AbstractPipeline.wrapAndCopyInto(AbstractPipeline.java:499)
	at java.base/java.util.stream.ForEachOps$ForEachOp.evaluateSequential(ForEachOps.java:151)
	at java.base/java.util.stream.ForEachOps$ForEachOp$OfRef.evaluateSequential(ForEachOps.java:174)
	at java.base/java.util.stream.AbstractPipeline.evaluate(AbstractPipeline.java:234)
	at java.base/java.util.stream.ReferencePipeline.forEach(ReferencePipeline.java:596)
	at java.base/java.util.stream.ReferencePipeline$7$1.accept(ReferencePipeline.java:276)
	at java.base/java.util.stream.ReferencePipeline$3$1.accept(ReferencePipeline.java:197)
	at java.base/java.util.stream.ReferencePipeline$3$1.accept(ReferencePipeline.java:197)
	at java.base/java.util.stream.ReferencePipeline$3$1.accept(ReferencePipeline.java:197)
	at java.base/java.util.ArrayList$ArrayListSpliterator.forEachRemaining(ArrayList.java:1708)
	at java.base/java.util.stream.AbstractPipeline.copyInto(AbstractPipeline.java:509)
	at java.base/java.util.stream.AbstractPipeline.wrapAndCopyInto(AbstractPipeline.java:499)
	at java.base/java.util.stream.ForEachOps$ForEachOp.evaluateSequential(ForEachOps.java:151)
	at java.base/java.util.stream.ForEachOps$ForEachOp$OfRef.evaluateSequential(ForEachOps.java:174)
	at java.base/java.util.stream.AbstractPipeline.evaluate(AbstractPipeline.java:234)
	at java.base/java.util.stream.ReferencePipeline.forEach(ReferencePipeline.java:596)
	at java.base/java.util.stream.ReferencePipeline$7$1.accept(ReferencePipeline.java:276)
	at java.base/java.util.ArrayList$ArrayListSpliterator.forEachRemaining(ArrayList.java:1708)
	at java.base/java.util.stream.AbstractPipeline.copyInto(AbstractPipeline.java:509)
	at java.base/java.util.stream.AbstractPipeline.wrapAndCopyInto(AbstractPipeline.java:499)
	at java.base/java.util.stream.ForEachOps$ForEachOp.evaluateSequential(ForEachOps.java:151)
	at java.base/java.util.stream.ForEachOps$ForEachOp$OfRef.evaluateSequential(ForEachOps.java:174)
	at java.base/java.util.stream.AbstractPipeline.evaluate(AbstractPipeline.java:234)
	at java.base/java.util.stream.ReferencePipeline.forEach(ReferencePipeline.java:596)
	at org.junit.jupiter.engine.descriptor.TestTemplateTestDescriptor.execute(TestTemplateTestDescriptor.java:109)
	at org.junit.jupiter.engine.descriptor.TestTemplateTestDescriptor.execute(TestTemplateTestDescriptor.java:43)
	at org.junit.platform.engine.support.hierarchical.NodeTestTask.lambda$executeRecursively$6(NodeTestTask.java:156)
	at org.junit.platform.engine.support.hierarchical.ThrowableCollector.execute(ThrowableCollector.java:73)
	at org.junit.platform.engine.support.hierarchical.NodeTestTask.lambda$executeRecursively$8(NodeTestTask.java:146)
	at org.junit.platform.engine.support.hierarchical.Node.around(Node.java:137)
	at org.junit.platform.engine.support.hierarchical.NodeTestTask.lambda$executeRecursively$9(NodeTestTask.java:144)
	at org.junit.platform.engine.support.hierarchical.ThrowableCollector.execute(ThrowableCollector.java:73)
	at org.junit.platform.engine.support.hierarchical.NodeTestTask.executeRecursively(NodeTestTask.java:143)
	at org.junit.platform.engine.support.hierarchical.NodeTestTask.execute(NodeTestTask.java:100)
	at org.junit.platform.engine.support.hierarchical.ForkJoinPoolHierarchicalTestExecutorService$ExclusiveTask.exec(ForkJoinPoolHierarchicalTestExecutorService.java:274)
	at org.junit.platform.engine.support.hierarchical.ForkJoinPoolHierarchicalTestExecutorService$ExclusiveTask.execSync(ForkJoinPoolHierarchicalTestExecutorService.java:247)
	at org.junit.platform.engine.support.hierarchical.ForkJoinPoolHierarchicalTestExecutorService.executeSync(ForkJoinPoolHierarchicalTestExecutorService.java:194)
	at org.junit.platform.engine.support.hierarchical.ForkJoinPoolHierarchicalTestExecutorService.invokeAll(ForkJoinPoolHierarchicalTestExecutorService.java:166)
	at org.junit.platform.engine.support.hierarchical.NodeTestTask.lambda$executeRecursively$6(NodeTestTask.java:160)
	at org.junit.platform.engine.support.hierarchical.ThrowableCollector.execute(ThrowableCollector.java:73)
	at org.junit.platform.engine.support.hierarchical.NodeTestTask.lambda$executeRecursively$8(NodeTestTask.java:146)
	at org.junit.platform.engine.support.hierarchical.Node.around(Node.java:137)
	at org.junit.platform.engine.support.hierarchical.NodeTestTask.lambda$executeRecursively$9(NodeTestTask.java:144)
	at org.junit.platform.engine.support.hierarchical.ThrowableCollector.execute(ThrowableCollector.java:73)
	at org.junit.platform.engine.support.hierarchical.NodeTestTask.executeRecursively(NodeTestTask.java:143)
	at org.junit.platform.engine.support.hierarchical.NodeTestTask.execute(NodeTestTask.java:100)
	at org.junit.platform.engine.support.hierarchical.ForkJoinPoolHierarchicalTestExecutorService$ExclusiveTask.exec(ForkJoinPoolHierarchicalTestExecutorService.java:274)
	at java.base/java.util.concurrent.ForkJoinTask.doExec(ForkJoinTask.java:387)
	at java.base/java.util.concurrent.ForkJoinPool$WorkQueue.topLevelExec(ForkJoinPool.java:1312)
	at java.base/java.util.concurrent.ForkJoinPool.scan(ForkJoinPool.java:1843)
	at java.base/java.util.concurrent.ForkJoinPool.runWorker(ForkJoinPool.java:1808)
	at java.base/java.util.concurrent.ForkJoinWorkerThread.run(ForkJoinWorkerThread.java:188)
    23:49:18.064 | 468 ool-1-worker-232 | DEBUG | .c.s.m.InstanceMessageReceiveService : Received schedule participant score for exercise 3701 and participant 803 (result to be deleted: null)
    23:49:18.064 | 468 ool-1-worker-232 | DEBUG | .a.s.ParticipantScoreScheduleService : Scheduled task for exercise 3701 and participant 803 at 2025-02-14T23:49:18.164769141Z[Etc/UTC].

  Starting logs for SubmissionPolicyIntegrationTest > test_addSubmissionPolicyToProgrammingExercise_forbidden_tutor()
    23:49:18.075 | 468 ool-1-worker-232 | DEBUG | d.t.c.a.a.c.u.util.UserUtilService   : Generate 2 students...
    23:49:18.079 | 468 ool-1-worker-232 | DEBUG | d.t.c.a.a.c.u.util.UserUtilService   : 2 students generated. Generate 1 tutors...
    23:49:18.081 | 468 ool-1-worker-232 | DEBUG | d.t.c.a.a.c.u.util.UserUtilService   : 1 tutors generated. Generate 1 editors...
    23:49:18.083 | 468 ool-1-worker-232 | DEBUG | d.t.c.a.a.c.u.util.UserUtilService   : 1 editors generated. Generate 1 instructors...
    23:49:18.085 | 468 ool-1-worker-232 | DEBUG | d.t.c.a.a.c.u.util.UserUtilService   : 1 instructors generated
    23:49:18.086 | 468 ool-1-worker-232 | DEBUG | d.t.c.a.a.c.u.util.UserUtilService   : Removing 8 users from all courses...
    23:49:18.087 | 468 ool-1-worker-232 | DEBUG | d.t.c.a.a.c.u.util.UserUtilService   : Removing 8 users from all courses. Done
    23:49:18.087 | 468 ool-1-worker-232 | DEBUG | d.t.c.a.a.c.u.util.UserUtilService   : Save 5 users to database...
    23:49:18.090 | 468 ool-1-worker-232 | DEBUG | d.t.c.a.a.c.u.util.UserUtilService   : Save 5 users to database. Done
    23:49:18.111 | 468 ool-1-worker-232 | INFO  | i.z.t.d.l.EmbeddedDatabaseReporter   : JDBC URL to connect to 'dataSource': url='jdbc:h2:tcp://localhost:41063/mem:736625c0-cf5e-400d-aeaa-8a7eabd6262b;USER=sa', scope='SubmissionPolicyIntegrationTest#test_addSubmissionPolicyToProgrammingExercise_forbidden_tutor'
    23:49:18.115 | 468 ool-1-worker-232 | DEBUG | d.t.c.a.a.c.s.f.ApiVersionFilter     : Adding Version to Request POST /api/programming-exercises/3702/submission-policy
    23:49:18.118 | 468 ool-1-worker-232 | WARN  | o.z.p.spring.common.AdviceTraits     : Forbidden: Access Denied

  Starting logs for SubmissionPolicyIntegrationTest > test_addSubmissionPolicyToProgrammingExercise_badRequest_submissionPenaltyNull()
    23:49:18.136 | 468 ool-1-worker-232 | DEBUG | d.t.c.a.a.c.u.util.UserUtilService   : Generate 2 students...
    23:49:18.141 | 468 ool-1-worker-232 | DEBUG | d.t.c.a.a.c.u.util.UserUtilService   : 2 students generated. Generate 1 tutors...
    23:49:18.143 | 468 ool-1-worker-232 | DEBUG | d.t.c.a.a.c.u.util.UserUtilService   : 1 tutors generated. Generate 1 editors...
    23:49:18.146 | 468 ool-1-worker-232 | DEBUG | d.t.c.a.a.c.u.util.UserUtilService   : 1 editors generated. Generate 1 instructors...
    23:49:18.149 | 468 ool-1-worker-232 | DEBUG | d.t.c.a.a.c.u.util.UserUtilService   : 1 instructors generated
    23:49:18.150 | 468 ool-1-worker-232 | DEBUG | d.t.c.a.a.c.u.util.UserUtilService   : Removing 8 users from all courses...
    23:49:18.152 | 468 ool-1-worker-232 | DEBUG | d.t.c.a.a.c.u.util.UserUtilService   : Removing 8 users from all courses. Done
    23:49:18.152 | 468 ool-1-worker-232 | DEBUG | d.t.c.a.a.c.u.util.UserUtilService   : Save 5 users to database...
    23:49:18.155 | 468 ool-1-worker-232 | DEBUG | d.t.c.a.a.c.u.util.UserUtilService   : Save 5 users to database. Done
    23:49:18.186 | 468 ool-1-worker-232 | INFO  | i.z.t.d.l.EmbeddedDatabaseReporter   : JDBC URL to connect to 'dataSource': url='jdbc:h2:tcp://localhost:41063/mem:736625c0-cf5e-400d-aeaa-8a7eabd6262b;USER=sa', scope='SubmissionPolicyIntegrationTest#test_addSubmissionPolicyToProgrammingExercise_badRequest_submissionPenaltyNull'
    23:49:18.187 | 468 ool-1-worker-232 | DEBUG | d.t.c.a.a.c.s.f.ApiVersionFilter     : Adding Version to Request POST /api/programming-exercises/3703/submission-policy
    23:49:18.188 | 468 ool-1-worker-232 | DEBUG | t.c.a.a.p.w.SubmissionPolicyResource : REST request to add submission policy to programming exercise 3703
    23:49:18.191 | 468 ool-1-worker-232 | ERROR | tech.jhipster.web.util.HeaderUtil    : Entity processing failed, The penalty of submission penalty policies must be greater than 0.
    23:49:18.191 | 468 ool-1-worker-232 | WARN  | o.z.p.spring.common.AdviceTraits     : Bad Request: The penalty of submission penalty policies must be greater than 0.

  Starting logs for SubmissionPolicyIntegrationTest > test_addSubmissionPolicyToProgrammingExercise_forbidden_foreignInstructor()
    23:49:18.205 | 468 ool-1-worker-232 | DEBUG | d.t.c.a.a.c.u.util.UserUtilService   : Generate 2 students...
    23:49:18.210 | 468 ool-1-worker-232 | DEBUG | d.t.c.a.a.c.u.util.UserUtilService   : 2 students generated. Generate 1 tutors...
    23:49:18.212 | 468 ool-1-worker-232 | DEBUG | d.t.c.a.a.c.u.util.UserUtilService   : 1 tutors generated. Generate 1 editors...
    23:49:18.215 | 468 ool-1-worker-232 | DEBUG | d.t.c.a.a.c.u.util.UserUtilService   : 1 editors generated. Generate 1 instructors...
    23:49:18.218 | 468 ool-1-worker-232 | DEBUG | d.t.c.a.a.c.u.util.UserUtilService   : 1 instructors generated
    23:49:18.219 | 468 ool-1-worker-232 | DEBUG | d.t.c.a.a.c.u.util.UserUtilService   : Removing 8 users from all courses...
    23:49:18.220 | 468 ool-1-worker-232 | DEBUG | d.t.c.a.a.c.u.util.UserUtilService   : Removing 8 users from all courses. Done
    23:49:18.220 | 468 ool-1-worker-232 | DEBUG | d.t.c.a.a.c.u.util.UserUtilService   : Save 5 users to database...
    23:49:18.224 | 468 ool-1-worker-232 | DEBUG | d.t.c.a.a.c.u.util.UserUtilService   : Save 5 users to database. Done
    23:49:18.255 | 468 ool-1-worker-232 | INFO  | i.z.t.d.l.EmbeddedDatabaseReporter   : JDBC URL to connect to 'dataSource': url='jdbc:h2:tcp://localhost:41063/mem:736625c0-cf5e-400d-aeaa-8a7eabd6262b;USER=sa', scope='SubmissionPolicyIntegrationTest#test_addSubmissionPolicyToProgrammingExercise_forbidden_foreignInstructor'
    23:49:18.256 | 468 ool-1-worker-232 | DEBUG | d.t.c.a.a.c.s.f.ApiVersionFilter     : Adding Version to Request POST /api/programming-exercises/3704/submission-policy
    23:49:18.257 | 468 ool-1-worker-232 | DEBUG | t.c.a.a.p.w.SubmissionPolicyResource : REST request to add submission policy to programming exercise 3704
    23:49:18.260 | 468 ool-1-worker-232 | WARN  | o.z.p.spring.common.AdviceTraits     : Forbidden: You are not allowed to access the Course with id 2153

  Starting logs for SubmissionPolicyIntegrationTest > test_addSubmissionPolicyToProgrammingExercise_forbidden_editor()
    23:49:18.274 | 468 ool-1-worker-232 | DEBUG | d.t.c.a.a.c.u.util.UserUtilService   : Generate 2 students...
    23:49:18.279 | 468 ool-1-worker-232 | DEBUG | d.t.c.a.a.c.u.util.UserUtilService   : 2 students generated. Generate 1 tutors...
    23:49:18.281 | 468 ool-1-worker-232 | DEBUG | d.t.c.a.a.c.u.util.UserUtilService   : 1 tutors generated. Generate 1 editors...
    23:49:18.284 | 468 ool-1-worker-232 | DEBUG | d.t.c.a.a.c.u.util.UserUtilService   : 1 editors generated. Generate 1 instructors...
    23:49:18.286 | 468 ool-1-worker-232 | DEBUG | d.t.c.a.a.c.u.util.UserUtilService   : 1 instructors generated
    23:49:18.288 | 468 ool-1-worker-232 | DEBUG | d.t.c.a.a.c.u.util.UserUtilService   : Removing 8 users from all courses...
    23:49:18.289 | 468 ool-1-worker-232 | DEBUG | d.t.c.a.a.c.u.util.UserUtilService   : Removing 8 users from all courses. Done
    23:49:18.289 | 468 ool-1-worker-232 | DEBUG | d.t.c.a.a.c.u.util.UserUtilService   : Save 5 users to database...
    23:49:18.293 | 468 ool-1-worker-232 | DEBUG | d.t.c.a.a.c.u.util.UserUtilService   : Save 5 users to database. Done
    23:49:18.321 | 468 ool-1-worker-232 | INFO  | i.z.t.d.l.EmbeddedDatabaseReporter   : JDBC URL to connect to 'dataSource': url='jdbc:h2:tcp://localhost:41063/mem:736625c0-cf5e-400d-aeaa-8a7eabd6262b;USER=sa', scope='SubmissionPolicyIntegrationTest#test_addSubmissionPolicyToProgrammingExercise_forbidden_editor'
    23:49:18.322 | 468 ool-1-worker-232 | DEBUG | d.t.c.a.a.c.s.f.ApiVersionFilter     : Adding Version to Request POST /api/programming-exercises/3705/submission-policy
    23:49:18.323 | 468 ool-1-worker-232 | WARN  | o.z.p.spring.common.AdviceTraits     : Forbidden: Access Denied

  Starting logs for SubmissionPolicyIntegrationTest > test_getSubmissionPolicyToProgrammingExercise_ok()
    23:49:18.335 | 468 ool-1-worker-232 | DEBUG | d.t.c.a.a.c.u.util.UserUtilService   : Generate 2 students...
    23:49:18.339 | 468 ool-1-worker-232 | DEBUG | d.t.c.a.a.c.u.util.UserUtilService   : 2 students generated. Generate 1 tutors...
    23:49:18.342 | 468 ool-1-worker-232 | DEBUG | d.t.c.a.a.c.u.util.UserUtilService   : 1 tutors generated. Generate 1 editors...
    23:49:18.344 | 468 ool-1-worker-232 | DEBUG | d.t.c.a.a.c.u.util.UserUtilService   : 1 editors generated. Generate 1 instructors...
    23:49:18.347 | 468 ool-1-worker-232 | DEBUG | d.t.c.a.a.c.u.util.UserUtilService   : 1 instructors generated
    23:49:18.349 | 468 ool-1-worker-232 | DEBUG | d.t.c.a.a.c.u.util.UserUtilService   : Removing 8 users from all courses...
    23:49:18.350 | 468 ool-1-worker-232 | DEBUG | d.t.c.a.a.c.u.util.UserUtilService   : Removing 8 users from all courses. Done
    23:49:18.350 | 468 ool-1-worker-232 | DEBUG | d.t.c.a.a.c.u.util.UserUtilService   : Save 5 users to database...
    23:49:18.354 | 468 ool-1-worker-232 | DEBUG | d.t.c.a.a.c.u.util.UserUtilService   : Save 5 users to database. Done
    23:49:18.383 | 468 ool-1-worker-232 | INFO  | i.z.t.d.l.EmbeddedDatabaseReporter   : JDBC URL to connect to 'dataSource': url='jdbc:h2:tcp://localhost:41063/mem:736625c0-cf5e-400d-aeaa-8a7eabd6262b;USER=sa', scope='SubmissionPolicyIntegrationTest#test_getSubmissionPolicyToProgrammingExercise_ok'
    23:49:18.385 | 468 ool-1-worker-232 | DEBUG | d.t.c.a.a.c.s.f.ApiVersionFilter     : Adding Version to Request GET /api/programming-exercises/3706/submission-policy
    23:49:18.386 | 468 ool-1-worker-232 | DEBUG | t.c.a.a.p.w.SubmissionPolicyResource : REST request to get submission policy of programming exercise 3706

  Starting logs for SubmissionPolicyIntegrationTest > test_addSubmissionPolicyToProgrammingExercise_badRequest_policyHasId()
    23:49:18.404 | 468 ool-1-worker-232 | DEBUG | d.t.c.a.a.c.u.util.UserUtilService   : Generate 2 students...
    23:49:18.409 | 468 ool-1-worker-232 | DEBUG | d.t.c.a.a.c.u.util.UserUtilService   : 2 students generated. Generate 1 tutors...
    23:49:18.411 | 468 ool-1-worker-232 | DEBUG | d.t.c.a.a.c.u.util.UserUtilService   : 1 tutors generated. Generate 1 editors...
    23:49:18.414 | 468 ool-1-worker-232 | DEBUG | d.t.c.a.a.c.u.util.UserUtilService   : 1 editors generated. Generate 1 instructors...
    23:49:18.417 | 468 ool-1-worker-232 | DEBUG | d.t.c.a.a.c.u.util.UserUtilService   : 1 instructors generated
    23:49:18.418 | 468 ool-1-worker-232 | DEBUG | d.t.c.a.a.c.u.util.UserUtilService   : Removing 8 users from all courses...
    23:49:18.420 | 468 ool-1-worker-232 | DEBUG | d.t.c.a.a.c.u.util.UserUtilService   : Removing 8 users from all courses. Done
    23:49:18.420 | 468 ool-1-worker-232 | DEBUG | d.t.c.a.a.c.u.util.UserUtilService   : Save 5 users to database...
    23:49:18.423 | 468 ool-1-worker-232 | DEBUG | d.t.c.a.a.c.u.util.UserUtilService   : Save 5 users to database. Done
    23:49:18.453 | 468 ool-1-worker-232 | INFO  | i.z.t.d.l.EmbeddedDatabaseReporter   : JDBC URL to connect to 'dataSource': url='jdbc:h2:tcp://localhost:41063/mem:736625c0-cf5e-400d-aeaa-8a7eabd6262b;USER=sa', scope='SubmissionPolicyIntegrationTest#test_addSubmissionPolicyToProgrammingExercise_badRequest_policyHasId'
    23:49:18.454 | 468 ool-1-worker-232 | DEBUG | d.t.c.a.a.c.s.f.ApiVersionFilter     : Adding Version to Request POST /api/programming-exercises/3707/submission-policy
    23:49:18.454 | 468 ool-1-worker-232 | DEBUG | t.c.a.a.p.w.SubmissionPolicyResource : REST request to add submission policy to programming exercise 3707
    23:49:18.457 | 468 ool-1-worker-232 | ERROR | tech.jhipster.web.util.HeaderUtil    : Entity processing failed, The submission policy could not be added to the programming exercise, because it already has an id.
    23:49:18.457 | 468 ool-1-worker-232 | WARN  | o.z.p.spring.common.AdviceTraits     : Bad Request: The submission policy could not be added to the programming exercise, because it already has an id.

  Starting logs for SubmissionPolicyIntegrationTest > test_updateSubmissionPolicy_forbidden_tutor()
    23:49:18.467 | 468 ool-1-worker-232 | DEBUG | d.t.c.a.a.c.u.util.UserUtilService   : Generate 2 students...
    23:49:18.470 | 468 ool-1-worker-232 | DEBUG | d.t.c.a.a.c.u.util.UserUtilService   : 2 students generated. Generate 1 tutors...
    23:49:18.472 | 468 ool-1-worker-232 | DEBUG | d.t.c.a.a.c.u.util.UserUtilService   : 1 tutors generated. Generate 1 editors...
    23:49:18.474 | 468 ool-1-worker-232 | DEBUG | d.t.c.a.a.c.u.util.UserUtilService   : 1 editors generated. Generate 1 instructors...
    23:49:18.476 | 468 ool-1-worker-232 | DEBUG | d.t.c.a.a.c.u.util.UserUtilService   : 1 instructors generated
    23:49:18.477 | 468 ool-1-worker-232 | DEBUG | d.t.c.a.a.c.u.util.UserUtilService   : Removing 8 users from all courses...
    23:49:18.478 | 468 ool-1-worker-232 | DEBUG | d.t.c.a.a.c.u.util.UserUtilService   : Removing 8 users from all courses. Done
    23:49:18.478 | 468 ool-1-worker-232 | DEBUG | d.t.c.a.a.c.u.util.UserUtilService   : Save 5 users to database...
    23:49:18.480 | 468 ool-1-worker-232 | DEBUG | d.t.c.a.a.c.u.util.UserUtilService   : Save 5 users to database. Done
    23:49:18.500 | 468 ool-1-worker-232 | INFO  | i.z.t.d.l.EmbeddedDatabaseReporter   : JDBC URL to connect to 'dataSource': url='jdbc:h2:tcp://localhost:41063/mem:736625c0-cf5e-400d-aeaa-8a7eabd6262b;USER=sa', scope='SubmissionPolicyIntegrationTest#test_updateSubmissionPolicy_forbidden_tutor'
    23:49:18.501 | 468 ool-1-worker-232 | DEBUG | d.t.c.a.a.c.s.f.ApiVersionFilter     : Adding Version to Request PATCH /api/programming-exercises/3708/submission-policy
    23:49:18.502 | 468 ool-1-worker-232 | WARN  | o.z.p.spring.common.AdviceTraits     : Forbidden: Access Denied

  Starting logs for SubmissionPolicyIntegrationTest > test_getParticipationSubmissionCount()
    23:49:18.514 | 468 ool-1-worker-232 | DEBUG | d.t.c.a.a.c.u.util.UserUtilService   : Generate 2 students...
    23:49:18.517 | 468 ool-1-worker-232 | DEBUG | d.t.c.a.a.c.u.util.UserUtilService   : 2 students generated. Generate 1 tutors...
    23:49:18.519 | 468 ool-1-worker-232 | DEBUG | d.t.c.a.a.c.u.util.UserUtilService   : 1 tutors generated. Generate 1 editors...
    23:49:18.521 | 468 ool-1-worker-232 | DEBUG | d.t.c.a.a.c.u.util.UserUtilService   : 1 editors generated. Generate 1 instructors...
    23:49:18.523 | 468 ool-1-worker-232 | DEBUG | d.t.c.a.a.c.u.util.UserUtilService   : 1 instructors generated
    23:49:18.524 | 468 ool-1-worker-232 | DEBUG | d.t.c.a.a.c.u.util.UserUtilService   : Removing 8 users from all courses...
    23:49:18.525 | 468 ool-1-worker-232 | DEBUG | d.t.c.a.a.c.u.util.UserUtilService   : Removing 8 users from all courses. Done
    23:49:18.525 | 468 ool-1-worker-232 | DEBUG | d.t.c.a.a.c.u.util.UserUtilService   : Save 5 users to database...
    23:49:18.527 | 468 ool-1-worker-232 | DEBUG | d.t.c.a.a.c.u.util.UserUtilService   : Save 5 users to database. Done
    23:49:18.547 | 468 ool-1-worker-232 | INFO  | i.z.t.d.l.EmbeddedDatabaseReporter   : JDBC URL to connect to 'dataSource': url='jdbc:h2:tcp://localhost:41063/mem:736625c0-cf5e-400d-aeaa-8a7eabd6262b;USER=sa', scope='SubmissionPolicyIntegrationTest#test_getParticipationSubmissionCount'
    23:49:18.549 | 468 ool-1-worker-232 | DEBUG | PersonalAccessTokenManagementService : Generate secure vcs access token
    23:49:18.551 | 468 ool-1-worker-232 | DEBUG | d.t.c.a.a.c.s.f.ApiVersionFilter     : Adding Version to Request GET /api/participations/5682/submission-count
    23:49:18.562 | 468 ool-1-worker-232 | DEBUG | .c.s.m.InstanceMessageReceiveService : Received schedule participant score for exercise 3709 and participant 803 (result to be deleted: null)
    23:49:18.562 | 468 ool-1-worker-232 | DEBUG | .a.s.ParticipantScoreScheduleService : Scheduled task for exercise 3709 and participant 803 at 2025-02-14T23:49:18.662892748Z[Etc/UTC].
    23:49:18.571 | 468 ool-1-worker-232 | DEBUG | .c.s.m.InstanceMessageReceiveService : Received schedule participant score for exercise 3709 and participant 803 (result to be deleted: null)
    23:49:18.571 | 468 ool-1-worker-232 | DEBUG | .a.s.ParticipantScoreScheduleService : Scheduled task for exercise 3709 and participant 803 at 2025-02-14T23:49:18.671505771Z[Etc/UTC].
    23:49:18.572 | 468 ool-1-worker-232 | DEBUG | d.t.c.a.a.c.s.f.ApiVersionFilter     : Adding Version to Request GET /api/participations/5682/submission-count
    23:49:18.576 | 468 ool-1-worker-232 | DEBUG | d.t.c.a.a.c.s.f.ApiVersionFilter     : Adding Version to Request GET /api/participations/5682/submission-count
    23:49:18.579 | 468 ool-1-worker-232 | DEBUG | .c.s.m.InstanceMessageReceiveService : Received schedule participant score for exercise 3709 and participant 803 (result to be deleted: null)
    23:49:18.579 | 468 ool-1-worker-232 | DEBUG | .a.s.ParticipantScoreScheduleService : Scheduled task for exercise 3709 and participant 803 at 2025-02-14T23:49:18.679063877Z[Etc/UTC].
    23:49:18.595 | 468 ool-1-worker-232 | DEBUG | .c.s.m.InstanceMessageReceiveService : Received schedule participant score for exercise 3709 and participant 803 (result to be deleted: null)
    23:49:18.596 | 468 ool-1-worker-232 | DEBUG | .a.s.ParticipantScoreScheduleService : Scheduled task for exercise 3709 and participant 803 at 2025-02-14T23:49:18.696024748Z[Etc/UTC].
    23:49:18.597 | 468 ool-1-worker-232 | DEBUG | d.t.c.a.a.c.s.f.ApiVersionFilter     : Adding Version to Request GET /api/participations/5682/submission-count
    23:49:18.601 | 468 ool-1-worker-232 | DEBUG | .c.s.m.InstanceMessageReceiveService : Received schedule participant score for exercise 3709 and participant 803 (result to be deleted: null)
    23:49:18.601 | 468 ool-1-worker-232 | DEBUG | .a.s.ParticipantScoreScheduleService : Scheduled task for exercise 3709 and participant 803 at 2025-02-14T23:49:18.701131192Z[Etc/UTC].
    23:49:18.629 | 468 ool-1-worker-232 | DEBUG | .c.s.m.InstanceMessageReceiveService : Received schedule participant score for exercise 3709 and participant 803 (result to be deleted: null)
    23:49:18.629 | 468 ool-1-worker-232 | DEBUG | .a.s.ParticipantScoreScheduleService : Scheduled task for exercise 3709 and participant 803 at 2025-02-14T23:49:18.729756987Z[Etc/UTC].
    23:49:18.629 | 468 ool-1-worker-232 | DEBUG | .c.s.m.InstanceMessageReceiveService : Received schedule participant score for exercise 3709 and participant 803 (result to be deleted: null)
    23:49:18.629 | 468 ool-1-worker-232 | DEBUG | .a.s.ParticipantScoreScheduleService : Scheduled task for exercise 3709 and participant 803 at 2025-02-14T23:49:18.729898261Z[Etc/UTC].
    23:49:18.631 | 468 ool-1-worker-232 | DEBUG | d.t.c.a.a.c.s.f.ApiVersionFilter     : Adding Version to Request GET /api/participations/5682/submission-count

  Starting logs for SubmissionPolicyIntegrationTest > test_toggleSubmissionPolicy_notFound_exerciseNotPresent()
    23:49:18.643 | 468 ool-1-worker-232 | DEBUG | d.t.c.a.a.c.u.util.UserUtilService   : Generate 2 students...
    23:49:18.647 | 468 ool-1-worker-232 | DEBUG | d.t.c.a.a.c.u.util.UserUtilService   : 2 students generated. Generate 1 tutors...
    23:49:18.649 | 468 ool-1-worker-232 | DEBUG | d.t.c.a.a.c.u.util.UserUtilService   : 1 tutors generated. Generate 1 editors...
    23:49:18.651 | 468 ool-1-worker-232 | DEBUG | d.t.c.a.a.c.u.util.UserUtilService   : 1 editors generated. Generate 1 instructors...
    23:49:18.653 | 468 ool-1-worker-232 | DEBUG | d.t.c.a.a.c.u.util.UserUtilService   : 1 instructors generated
    23:49:18.654 | 468 ool-1-worker-232 | DEBUG | d.t.c.a.a.c.u.util.UserUtilService   : Removing 8 users from all courses...
    23:49:18.655 | 468 ool-1-worker-232 | DEBUG | d.t.c.a.a.c.u.util.UserUtilService   : Removing 8 users from all courses. Done
    23:49:18.655 | 468 ool-1-worker-232 | DEBUG | d.t.c.a.a.c.u.util.UserUtilService   : Save 5 users to database...
    23:49:18.657 | 468 ool-1-worker-232 | DEBUG | d.t.c.a.a.c.u.util.UserUtilService   : Save 5 users to database. Done
    23:49:18.677 | 468 ool-1-worker-232 | INFO  | i.z.t.d.l.EmbeddedDatabaseReporter   : JDBC URL to connect to 'dataSource': url='jdbc:h2:tcp://localhost:41063/mem:736625c0-cf5e-400d-aeaa-8a7eabd6262b;USER=sa', scope='SubmissionPolicyIntegrationTest#test_toggleSubmissionPolicy_notFound_exerciseNotPresent'
    23:49:18.678 | 468 ool-1-worker-232 | DEBUG | d.t.c.a.a.c.s.f.ApiVersionFilter     : Adding Version to Request PUT /api/programming-exercises/9223372036854775807/submission-policy
    23:49:18.678 | 468 ool-1-worker-232 | DEBUG | t.c.a.a.p.w.SubmissionPolicyResource : REST request to toggle the submission policy for programming exercise 9223372036854775807
    23:49:18.680 | 468 ool-1-worker-232 | WARN  | o.z.p.spring.common.AdviceTraits     : Not Found: ProgrammingExercise with identifier: "9223372036854775807" does not exist

  Starting logs for SubmissionPolicyIntegrationTest > test_removeSubmissionPolicyFromProgrammingExercise_badRequest_noPolicyPresent()
    23:49:18.689 | 468 ool-1-worker-232 | DEBUG | d.t.c.a.a.c.u.util.UserUtilService   : Generate 2 students...
    23:49:18.692 | 468 ool-1-worker-232 | DEBUG | d.t.c.a.a.c.u.util.UserUtilService   : 2 students generated. Generate 1 tutors...
    23:49:18.694 | 468 ool-1-worker-232 | DEBUG | d.t.c.a.a.c.u.util.UserUtilService   : 1 tutors generated. Generate 1 editors...
    23:49:18.697 | 468 ool-1-worker-232 | DEBUG | d.t.c.a.a.c.u.util.UserUtilService   : 1 editors generated. Generate 1 instructors...
    23:49:18.699 | 468 ool-1-worker-232 | DEBUG | d.t.c.a.a.c.u.util.UserUtilService   : 1 instructors generated
    23:49:18.700 | 468 ool-1-worker-232 | DEBUG | d.t.c.a.a.c.u.util.UserUtilService   : Removing 8 users from all courses...
    23:49:18.700 | 468 ool-1-worker-232 | DEBUG | d.t.c.a.a.c.u.util.UserUtilService   : Removing 8 users from all courses. Done
    23:49:18.700 | 468 ool-1-worker-232 | DEBUG | d.t.c.a.a.c.u.util.UserUtilService   : Save 5 users to database...
    23:49:18.703 | 468 ool-1-worker-232 | DEBUG | d.t.c.a.a.c.u.util.UserUtilService   : Save 5 users to database. Done
    23:49:18.724 | 468 ool-1-worker-232 | INFO  | i.z.t.d.l.EmbeddedDatabaseReporter   : JDBC URL to connect to 'dataSource': url='jdbc:h2:tcp://localhost:41063/mem:736625c0-cf5e-400d-aeaa-8a7eabd6262b;USER=sa', scope='SubmissionPolicyIntegrationTest#test_removeSubmissionPolicyFromProgrammingExercise_badRequest_noPolicyPresent'
    23:49:18.724 | 468 ool-1-worker-232 | DEBUG | d.t.c.a.a.c.s.f.ApiVersionFilter     : Adding Version to Request DELETE /api/programming-exercises/3711/submission-policy
    23:49:18.725 | 468 ool-1-worker-232 | DEBUG | t.c.a.a.p.w.SubmissionPolicyResource : REST request to remove submission policy from programming exercise 3711
    23:49:18.727 | 468 ool-1-worker-232 | ERROR | tech.jhipster.web.util.HeaderUtil    : Entity processing failed, The submission policy could not be removed from the programming exercise, because it does not have a submission policy.
    23:49:18.727 | 468 ool-1-worker-232 | WARN  | o.z.p.spring.common.AdviceTraits     : Bad Request: The submission policy could not be removed from the programming exercise, because it does not have a submission policy.

  Starting logs for SubmissionPolicyIntegrationTest > test_getSubmissionPolicyToProgrammingExercise_forbidden_foreignInstructor()
    23:49:18.736 | 468 ool-1-worker-232 | DEBUG | d.t.c.a.a.c.u.util.UserUtilService   : Generate 2 students...
    23:49:18.740 | 468 ool-1-worker-232 | DEBUG | d.t.c.a.a.c.u.util.UserUtilService   : 2 students generated. Generate 1 tutors...
    23:49:18.742 | 468 ool-1-worker-232 | DEBUG | d.t.c.a.a.c.u.util.UserUtilService   : 1 tutors generated. Generate 1 editors...
    23:49:18.744 | 468 ool-1-worker-232 | DEBUG | d.t.c.a.a.c.u.util.UserUtilService   : 1 editors generated. Generate 1 instructors...
    23:49:18.746 | 468 ool-1-worker-232 | DEBUG | d.t.c.a.a.c.u.util.UserUtilService   : 1 instructors generated
    23:49:18.747 | 468 ool-1-worker-232 | DEBUG | d.t.c.a.a.c.u.util.UserUtilService   : Removing 8 users from all courses...
    23:49:18.748 | 468 ool-1-worker-232 | DEBUG | d.t.c.a.a.c.u.util.UserUtilService   : Removing 8 users from all courses. Done
    23:49:18.748 | 468 ool-1-worker-232 | DEBUG | d.t.c.a.a.c.u.util.UserUtilService   : Save 5 users to database...
    23:49:18.750 | 468 ool-1-worker-232 | DEBUG | d.t.c.a.a.c.u.util.UserUtilService   : Save 5 users to database. Done
    23:49:18.772 | 468 ool-1-worker-232 | INFO  | i.z.t.d.l.EmbeddedDatabaseReporter   : JDBC URL to connect to 'dataSource': url='jdbc:h2:tcp://localhost:41063/mem:736625c0-cf5e-400d-aeaa-8a7eabd6262b;USER=sa', scope='SubmissionPolicyIntegrationTest#test_getSubmissionPolicyToProgrammingExercise_forbidden_foreignInstructor'
    23:49:18.773 | 468 ool-1-worker-232 | DEBUG | d.t.c.a.a.c.s.f.ApiVersionFilter     : Adding Version to Request GET /api/programming-exercises/3712/submission-policy
    23:49:18.773 | 468 ool-1-worker-232 | DEBUG | t.c.a.a.p.w.SubmissionPolicyResource : REST request to get submission policy of programming exercise 3712
    23:49:18.776 | 468 ool-1-worker-232 | WARN  | o.z.p.spring.common.AdviceTraits     : Forbidden: You are not allowed to access the Course with id 2161

  Starting logs for SubmissionPolicyIntegrationTest > test_toggleSubmissionPolicy_forbidden_editor()
    23:49:18.785 | 468 ool-1-worker-232 | DEBUG | d.t.c.a.a.c.u.util.UserUtilService   : Generate 2 students...
    23:49:18.788 | 468 ool-1-worker-232 | DEBUG | d.t.c.a.a.c.u.util.UserUtilService   : 2 students generated. Generate 1 tutors...
    23:49:18.791 | 468 ool-1-worker-232 | DEBUG | d.t.c.a.a.c.u.util.UserUtilService   : 1 tutors generated. Generate 1 editors...
    23:49:18.793 | 468 ool-1-worker-232 | DEBUG | d.t.c.a.a.c.u.util.UserUtilService   : 1 editors generated. Generate 1 instructors...
    23:49:18.795 | 468 ool-1-worker-232 | DEBUG | d.t.c.a.a.c.u.util.UserUtilService   : 1 instructors generated
    23:49:18.796 | 468 ool-1-worker-232 | DEBUG | d.t.c.a.a.c.u.util.UserUtilService   : Removing 8 users from all courses...
    23:49:18.797 | 468 ool-1-worker-232 | DEBUG | d.t.c.a.a.c.u.util.UserUtilService   : Removing 8 users from all courses. Done
    23:49:18.797 | 468 ool-1-worker-232 | DEBUG | d.t.c.a.a.c.u.util.UserUtilService   : Save 5 users to database...
    23:49:18.799 | 468 ool-1-worker-232 | DEBUG | d.t.c.a.a.c.u.util.UserUtilService   : Save 5 users to database. Done
    23:49:18.820 | 468 ool-1-worker-232 | INFO  | i.z.t.d.l.EmbeddedDatabaseReporter   : JDBC URL to connect to 'dataSource': url='jdbc:h2:tcp://localhost:41063/mem:736625c0-cf5e-400d-aeaa-8a7eabd6262b;USER=sa', scope='SubmissionPolicyIntegrationTest#test_toggleSubmissionPolicy_forbidden_editor'
    23:49:18.821 | 468 ool-1-worker-232 | DEBUG | d.t.c.a.a.c.s.f.ApiVersionFilter     : Adding Version to Request PUT /api/programming-exercises/3713/submission-policy
    23:49:18.821 | 468 ool-1-worker-232 | WARN  | o.z.p.spring.common.AdviceTraits     : Forbidden: Access Denied

  Starting logs for SubmissionPolicyIntegrationTest > test_addSubmissionPolicyToProgrammingExercise_badRequest_exerciseHasPolicy()
    23:49:18.831 | 468 ool-1-worker-232 | DEBUG | d.t.c.a.a.c.u.util.UserUtilService   : Generate 2 students...
    23:49:18.834 | 468 ool-1-worker-232 | DEBUG | d.t.c.a.a.c.u.util.UserUtilService   : 2 students generated. Generate 1 tutors...
    23:49:18.836 | 468 ool-1-worker-232 | DEBUG | d.t.c.a.a.c.u.util.UserUtilService   : 1 tutors generated. Generate 1 editors...
    23:49:18.838 | 468 ool-1-worker-232 | DEBUG | d.t.c.a.a.c.u.util.UserUtilService   : 1 editors generated. Generate 1 instructors...
    23:49:18.840 | 468 ool-1-worker-232 | DEBUG | d.t.c.a.a.c.u.util.UserUtilService   : 1 instructors generated
    23:49:18.842 | 468 ool-1-worker-232 | DEBUG | d.t.c.a.a.c.u.util.UserUtilService   : Removing 8 users from all courses...
    23:49:18.842 | 468 ool-1-worker-232 | DEBUG | d.t.c.a.a.c.u.util.UserUtilService   : Removing 8 users from all courses. Done
    23:49:18.842 | 468 ool-1-worker-232 | DEBUG | d.t.c.a.a.c.u.util.UserUtilService   : Save 5 users to database...
    23:49:18.845 | 468 ool-1-worker-232 | DEBUG | d.t.c.a.a.c.u.util.UserUtilService   : Save 5 users to database. Done
    23:49:18.865 | 468 ool-1-worker-232 | INFO  | i.z.t.d.l.EmbeddedDatabaseReporter   : JDBC URL to connect to 'dataSource': url='jdbc:h2:tcp://localhost:41063/mem:736625c0-cf5e-400d-aeaa-8a7eabd6262b;USER=sa', scope='SubmissionPolicyIntegrationTest#test_addSubmissionPolicyToProgrammingExercise_badRequest_exerciseHasPolicy'
    23:49:18.867 | 468 ool-1-worker-232 | DEBUG | d.t.c.a.a.c.s.f.ApiVersionFilter     : Adding Version to Request POST /api/programming-exercises/3714/submission-policy
    23:49:18.867 | 468 ool-1-worker-232 | DEBUG | t.c.a.a.p.w.SubmissionPolicyResource : REST request to add submission policy to programming exercise 3714
    23:49:18.869 | 468 ool-1-worker-232 | ERROR | tech.jhipster.web.util.HeaderUtil    : Entity processing failed, The submission policy could not be added to the programming exercise, because it already has a submission policy.
    23:49:18.869 | 468 ool-1-worker-232 | WARN  | o.z.p.spring.common.AdviceTraits     : Bad Request: The submission policy could not be added to the programming exercise, because it already has a submission policy.

  Starting logs for SubmissionPolicyIntegrationTest > test_getSameScoreForSameCommitHash()
    23:49:18.879 | 468 ool-1-worker-232 | DEBUG | d.t.c.a.a.c.u.util.UserUtilService   : Generate 2 students...
    23:49:18.882 | 468 ool-1-worker-232 | DEBUG | d.t.c.a.a.c.u.util.UserUtilService   : 2 students generated. Generate 1 tutors...
    23:49:18.884 | 468 ool-1-worker-232 | DEBUG | d.t.c.a.a.c.u.util.UserUtilService   : 1 tutors generated. Generate 1 editors...
    23:49:18.886 | 468 ool-1-worker-232 | DEBUG | d.t.c.a.a.c.u.util.UserUtilService   : 1 editors generated. Generate 1 instructors...
    23:49:18.888 | 468 ool-1-worker-232 | DEBUG | d.t.c.a.a.c.u.util.UserUtilService   : 1 instructors generated
    23:49:18.889 | 468 ool-1-worker-232 | DEBUG | d.t.c.a.a.c.u.util.UserUtilService   : Removing 8 users from all courses...
    23:49:18.890 | 468 ool-1-worker-232 | DEBUG | d.t.c.a.a.c.u.util.UserUtilService   : Removing 8 users from all courses. Done
    23:49:18.890 | 468 ool-1-worker-232 | DEBUG | d.t.c.a.a.c.u.util.UserUtilService   : Save 5 users to database...
    23:49:18.893 | 468 ool-1-worker-232 | DEBUG | d.t.c.a.a.c.u.util.UserUtilService   : Save 5 users to database. Done
    23:49:18.913 | 468 ool-1-worker-232 | INFO  | i.z.t.d.l.EmbeddedDatabaseReporter   : JDBC URL to connect to 'dataSource': url='jdbc:h2:tcp://localhost:41063/mem:736625c0-cf5e-400d-aeaa-8a7eabd6262b;USER=sa', scope='SubmissionPolicyIntegrationTest#test_getSameScoreForSameCommitHash'
    23:49:18.915 | 468 ool-1-worker-232 | DEBUG | PersonalAccessTokenManagementService : Generate secure vcs access token
    23:49:18.918 | 468 ool-1-worker-232 | DEBUG | .s.ProgrammingExerciseGradingService : Received new build result (NEW) for participation 5695
    23:49:18.920 | 468 ool-1-worker-232 | WARN  | .s.ProgrammingExerciseGradingService : Could not find pending ProgrammingSubmission for Commit Hash commit1 (Participation 5695, Build Plan SHORT193C6D7D0F2750413F0AEC802E27F319F183TSTEXC-SUBMISSIONPOLICYINTEGRATIONSTUDENT1). Will create a new one subsequently...
    23:49:18.920 | 468 ool-1-worker-232 | ERROR | .s.ProgrammingExerciseGradingService : Could not retrieve push date for participation 5695 and build plan SHORT193C6D7D0F2750413F0AEC802E27F319F183TSTEXC-SUBMISSIONPOLICYINTEGRATIONSTUDENT1
de.tum.cit.aet.artemis.programming.service.gitlab.GitLabException: Could not find build queue date for participation 5695
	at de.tum.cit.aet.artemis.programming.service.gitlab.GitLabService.getPushDate(GitLabService.java:369)
	at de.tum.cit.aet.artemis.programming.service.gitlab.GitLabService.getPushDate(GitLabService.java:358)
	at de.tum.cit.aet.artemis.programming.service.ProgrammingExerciseGradingService.createAndSaveFallbackSubmission(ProgrammingExerciseGradingService.java:286)
	at de.tum.cit.aet.artemis.programming.service.ProgrammingExerciseGradingService.createAndSaveFallbackSubmission(ProgrammingExerciseGradingService.java:272)
	at de.tum.cit.aet.artemis.programming.service.ProgrammingExerciseGradingService.lambda$processNewProgrammingExerciseResult$0(ProgrammingExerciseGradingService.java:177)
	at java.base/java.util.Optional.orElseGet(Optional.java:364)
	at de.tum.cit.aet.artemis.programming.service.ProgrammingExerciseGradingService.processNewProgrammingExerciseResult(ProgrammingExerciseGradingService.java:177)
	at de.tum.cit.aet.artemis.programming.service.ProgrammingExerciseGradingService.processNewProgrammingExerciseResult(ProgrammingExerciseGradingService.java:156)
	at de.tum.cit.aet.artemis.programming.SubmissionPolicyIntegrationTest.test_getSameScoreForSameCommitHash(SubmissionPolicyIntegrationTest.java:454)
	at java.base/jdk.internal.reflect.DirectMethodHandleAccessor.invoke(DirectMethodHandleAccessor.java:103)
	at java.base/java.lang.reflect.Method.invoke(Method.java:580)
	at org.junit.platform.commons.util.ReflectionUtils.invokeMethod(ReflectionUtils.java:767)
	at org.junit.jupiter.engine.execution.MethodInvocation.proceed(MethodInvocation.java:60)
	at org.junit.jupiter.engine.execution.InvocationInterceptorChain$ValidatingInvocation.proceed(InvocationInterceptorChain.java:131)
	at org.junit.jupiter.engine.extension.TimeoutExtension.intercept(TimeoutExtension.java:156)
	at org.junit.jupiter.engine.extension.TimeoutExtension.interceptTestableMethod(TimeoutExtension.java:147)
	at org.junit.jupiter.engine.extension.TimeoutExtension.interceptTestMethod(TimeoutExtension.java:86)
	at org.junit.jupiter.engine.execution.InterceptingExecutableInvoker$ReflectiveInterceptorCall.lambda$ofVoidMethod$0(InterceptingExecutableInvoker.java:103)
	at org.junit.jupiter.engine.execution.InterceptingExecutableInvoker.lambda$invoke$0(InterceptingExecutableInvoker.java:93)
	at org.junit.jupiter.engine.execution.InvocationInterceptorChain$InterceptedInvocation.proceed(InvocationInterceptorChain.java:106)
	at org.junit.jupiter.engine.execution.InvocationInterceptorChain.proceed(InvocationInterceptorChain.java:64)
	at org.junit.jupiter.engine.execution.InvocationInterceptorChain.chainAndInvoke(InvocationInterceptorChain.java:45)
	at org.junit.jupiter.engine.execution.InvocationInterceptorChain.invoke(InvocationInterceptorChain.java:37)
	at org.junit.jupiter.engine.execution.InterceptingExecutableInvoker.invoke(InterceptingExecutableInvoker.java:92)
	at org.junit.jupiter.engine.execution.InterceptingExecutableInvoker.invoke(InterceptingExecutableInvoker.java:86)
	at org.junit.jupiter.engine.descriptor.TestMethodTestDescriptor.lambda$invokeTestMethod$8(TestMethodTestDescriptor.java:217)
	at org.junit.platform.engine.support.hierarchical.ThrowableCollector.execute(ThrowableCollector.java:73)
	at org.junit.jupiter.engine.descriptor.TestMethodTestDescriptor.invokeTestMethod(TestMethodTestDescriptor.java:213)
	at org.junit.jupiter.engine.descriptor.TestMethodTestDescriptor.execute(TestMethodTestDescriptor.java:138)
	at org.junit.jupiter.engine.descriptor.TestMethodTestDescriptor.execute(TestMethodTestDescriptor.java:68)
	at org.junit.platform.engine.support.hierarchical.NodeTestTask.lambda$executeRecursively$6(NodeTestTask.java:156)
	at org.junit.platform.engine.support.hierarchical.ThrowableCollector.execute(ThrowableCollector.java:73)
	at org.junit.platform.engine.support.hierarchical.NodeTestTask.lambda$executeRecursively$8(NodeTestTask.java:146)
	at org.junit.platform.engine.support.hierarchical.Node.around(Node.java:137)
	at org.junit.platform.engine.support.hierarchical.NodeTestTask.lambda$executeRecursively$9(NodeTestTask.java:144)
	at org.junit.platform.engine.support.hierarchical.ThrowableCollector.execute(ThrowableCollector.java:73)
	at org.junit.platform.engine.support.hierarchical.NodeTestTask.executeRecursively(NodeTestTask.java:143)
	at org.junit.platform.engine.support.hierarchical.NodeTestTask.execute(NodeTestTask.java:100)
	at org.junit.platform.engine.support.hierarchical.ForkJoinPoolHierarchicalTestExecutorService$ExclusiveTask.exec(ForkJoinPoolHierarchicalTestExecutorService.java:274)
	at org.junit.platform.engine.support.hierarchical.ForkJoinPoolHierarchicalTestExecutorService$ExclusiveTask.execSync(ForkJoinPoolHierarchicalTestExecutorService.java:247)
	at org.junit.platform.engine.support.hierarchical.ForkJoinPoolHierarchicalTestExecutorService.executeSync(ForkJoinPoolHierarchicalTestExecutorService.java:194)
	at org.junit.platform.engine.support.hierarchical.ForkJoinPoolHierarchicalTestExecutorService.invokeAll(ForkJoinPoolHierarchicalTestExecutorService.java:166)
	at org.junit.platform.engine.support.hierarchical.NodeTestTask.lambda$executeRecursively$6(NodeTestTask.java:160)
	at org.junit.platform.engine.support.hierarchical.ThrowableCollector.execute(ThrowableCollector.java:73)
	at org.junit.platform.engine.support.hierarchical.NodeTestTask.lambda$executeRecursively$8(NodeTestTask.java:146)
	at org.junit.platform.engine.support.hierarchical.Node.around(Node.java:137)
	at org.junit.platform.engine.support.hierarchical.NodeTestTask.lambda$executeRecursively$9(NodeTestTask.java:144)
	at org.junit.platform.engine.support.hierarchical.ThrowableCollector.execute(ThrowableCollector.java:73)
	at org.junit.platform.engine.support.hierarchical.NodeTestTask.executeRecursively(NodeTestTask.java:143)
	at org.junit.platform.engine.support.hierarchical.NodeTestTask.execute(NodeTestTask.java:100)
	at org.junit.platform.engine.support.hierarchical.ForkJoinPoolHierarchicalTestExecutorService$ExclusiveTask.exec(ForkJoinPoolHierarchicalTestExecutorService.java:274)
	at java.base/java.util.concurrent.ForkJoinTask.doExec(ForkJoinTask.java:387)
	at java.base/java.util.concurrent.ForkJoinPool$WorkQueue.topLevelExec(ForkJoinPool.java:1312)
	at java.base/java.util.concurrent.ForkJoinPool.scan(ForkJoinPool.java:1843)
	at java.base/java.util.concurrent.ForkJoinPool.runWorker(ForkJoinPool.java:1808)
	at java.base/java.util.concurrent.ForkJoinWorkerThread.run(ForkJoinWorkerThread.java:188)
    23:49:18.942 | 468 ool-1-worker-232 | DEBUG | .c.s.m.InstanceMessageReceiveService : Received schedule participant score for exercise 3715 and participant 803 (result to be deleted: null)
    23:49:18.942 | 468 ool-1-worker-232 | DEBUG | .a.s.ParticipantScoreScheduleService : Scheduled task for exercise 3715 and participant 803 at 2025-02-14T23:49:19.042916345Z[Etc/UTC].
    23:49:18.945 | 468 ool-1-worker-232 | DEBUG | .s.ProgrammingExerciseGradingService : Received new build result (NEW) for participation 5695
    23:49:18.970 | 468 ool-1-worker-232 | DEBUG | .c.s.m.InstanceMessageReceiveService : Received schedule participant score for exercise 3715 and participant 803 (result to be deleted: null)
    23:49:18.970 | 468 ool-1-worker-232 | DEBUG | .a.s.ParticipantScoreScheduleService : Scheduled task for exercise 3715 and participant 803 at 2025-02-14T23:49:19.070509285Z[Etc/UTC].

  Starting logs for SubmissionPolicyIntegrationTest > test_updateSubmissionPolicy_ok_lockRepositoryPolicy()
    23:49:18.980 | 468 ool-1-worker-232 | DEBUG | d.t.c.a.a.c.u.util.UserUtilService   : Generate 2 students...
    23:49:18.983 | 468 ool-1-worker-232 | DEBUG | d.t.c.a.a.c.u.util.UserUtilService   : 2 students generated. Generate 1 tutors...
    23:49:18.985 | 468 ool-1-worker-232 | DEBUG | d.t.c.a.a.c.u.util.UserUtilService   : 1 tutors generated. Generate 1 editors...
    23:49:18.988 | 468 ool-1-worker-232 | DEBUG | d.t.c.a.a.c.u.util.UserUtilService   : 1 editors generated. Generate 1 instructors...
    23:49:18.990 | 468 ool-1-worker-232 | DEBUG | d.t.c.a.a.c.u.util.UserUtilService   : 1 instructors generated
    23:49:18.991 | 468 ool-1-worker-232 | DEBUG | d.t.c.a.a.c.u.util.UserUtilService   : Removing 8 users from all courses...
    23:49:18.992 | 468 ool-1-worker-232 | DEBUG | d.t.c.a.a.c.u.util.UserUtilService   : Removing 8 users from all courses. Done
    23:49:18.992 | 468 ool-1-worker-232 | DEBUG | d.t.c.a.a.c.u.util.UserUtilService   : Save 5 users to database...
    23:49:18.994 | 468 ool-1-worker-232 | DEBUG | d.t.c.a.a.c.u.util.UserUtilService   : Save 5 users to database. Done
    23:49:19.016 | 468 ool-1-worker-232 | INFO  | i.z.t.d.l.EmbeddedDatabaseReporter   : JDBC URL to connect to 'dataSource': url='jdbc:h2:tcp://localhost:41063/mem:736625c0-cf5e-400d-aeaa-8a7eabd6262b;USER=sa', scope='SubmissionPolicyIntegrationTest#test_updateSubmissionPolicy_ok_lockRepositoryPolicy'
    23:49:19.017 | 468 ool-1-worker-232 | DEBUG | d.t.c.a.a.c.s.f.ApiVersionFilter     : Adding Version to Request PATCH /api/programming-exercises/3716/submission-policy
    23:49:19.018 | 468 ool-1-worker-232 | DEBUG | t.c.a.a.p.w.SubmissionPolicyResource : REST request to update the submission policy of programming exercise 3716

  Starting logs for SubmissionPolicyIntegrationTest > test_toggleSubmissionPolicy_forbidden_student()
    23:49:19.033 | 468 ool-1-worker-232 | DEBUG | d.t.c.a.a.c.u.util.UserUtilService   : Generate 2 students...
    23:49:19.036 | 468 ool-1-worker-232 | DEBUG | d.t.c.a.a.c.u.util.UserUtilService   : 2 students generated. Generate 1 tutors...
    23:49:19.039 | 468 ool-1-worker-232 | DEBUG | d.t.c.a.a.c.u.util.UserUtilService   : 1 tutors generated. Generate 1 editors...
    23:49:19.041 | 468 ool-1-worker-232 | DEBUG | d.t.c.a.a.c.u.util.UserUtilService   : 1 editors generated. Generate 1 instructors...
    23:49:19.043 | 468 ool-1-worker-232 | DEBUG | d.t.c.a.a.c.u.util.UserUtilService   : 1 instructors generated
    23:49:19.044 | 468 ool-1-worker-232 | DEBUG | d.t.c.a.a.c.u.util.UserUtilService   : Removing 8 users from all courses...
    23:49:19.045 | 468 ool-1-worker-232 | DEBUG | d.t.c.a.a.c.u.util.UserUtilService   : Removing 8 users from all courses. Done
    23:49:19.045 | 468 ool-1-worker-232 | DEBUG | d.t.c.a.a.c.u.util.UserUtilService   : Save 5 users to database...
    23:49:19.047 | 468 ool-1-worker-232 | DEBUG | d.t.c.a.a.c.u.util.UserUtilService   : Save 5 users to database. Done
    23:49:19.068 | 468 ool-1-worker-232 | INFO  | i.z.t.d.l.EmbeddedDatabaseReporter   : JDBC URL to connect to 'dataSource': url='jdbc:h2:tcp://localhost:41063/mem:736625c0-cf5e-400d-aeaa-8a7eabd6262b;USER=sa', scope='SubmissionPolicyIntegrationTest#test_toggleSubmissionPolicy_forbidden_student'
    23:49:19.069 | 468 ool-1-worker-232 | DEBUG | d.t.c.a.a.c.s.f.ApiVersionFilter     : Adding Version to Request PUT /api/programming-exercises/3717/submission-policy
    23:49:19.070 | 468 ool-1-worker-232 | WARN  | o.z.p.spring.common.AdviceTraits     : Forbidden: Access Denied

  Starting logs for SubmissionPolicyIntegrationTest > test_updateSubmissionPolicy_ok_lockRepositoryPolicy_newLimitSmaller()
    23:49:19.080 | 468 ool-1-worker-232 | DEBUG | d.t.c.a.a.c.u.util.UserUtilService   : Generate 2 students...
    23:49:19.083 | 468 ool-1-worker-232 | DEBUG | d.t.c.a.a.c.u.util.UserUtilService   : 2 students generated. Generate 1 tutors...
    23:49:19.085 | 468 ool-1-worker-232 | DEBUG | d.t.c.a.a.c.u.util.UserUtilService   : 1 tutors generated. Generate 1 editors...
    23:49:19.088 | 468 ool-1-worker-232 | DEBUG | d.t.c.a.a.c.u.util.UserUtilService   : 1 editors generated. Generate 1 instructors...
    23:49:19.090 | 468 ool-1-worker-232 | DEBUG | d.t.c.a.a.c.u.util.UserUtilService   : 1 instructors generated
    23:49:19.091 | 468 ool-1-worker-232 | DEBUG | d.t.c.a.a.c.u.util.UserUtilService   : Removing 8 users from all courses...
    23:49:19.092 | 468 ool-1-worker-232 | DEBUG | d.t.c.a.a.c.u.util.UserUtilService   : Removing 8 users from all courses. Done
    23:49:19.092 | 468 ool-1-worker-232 | DEBUG | d.t.c.a.a.c.u.util.UserUtilService   : Save 5 users to database...
    23:49:19.095 | 468 ool-1-worker-232 | DEBUG | d.t.c.a.a.c.u.util.UserUtilService   : Save 5 users to database. Done
    23:49:19.115 | 468 ool-1-worker-232 | INFO  | i.z.t.d.l.EmbeddedDatabaseReporter   : JDBC URL to connect to 'dataSource': url='jdbc:h2:tcp://localhost:41063/mem:736625c0-cf5e-400d-aeaa-8a7eabd6262b;USER=sa', scope='SubmissionPolicyIntegrationTest#test_updateSubmissionPolicy_ok_lockRepositoryPolicy_newLimitSmaller'
    23:49:19.118 | 468 ool-1-worker-232 | DEBUG | PersonalAccessTokenManagementService : Generate secure vcs access token
    23:49:19.121 | 468 ool-1-worker-232 | DEBUG | PersonalAccessTokenManagementService : Generate secure vcs access token
    23:49:19.174 | 468 ool-1-worker-232 | DEBUG | d.t.c.a.a.c.s.f.ApiVersionFilter     : Adding Version to Request PATCH /api/programming-exercises/3718/submission-policy
    23:49:19.174 | 468 ool-1-worker-232 | DEBUG | t.c.a.a.p.w.SubmissionPolicyResource : REST request to update the submission policy of programming exercise 3718
    23:49:19.179 | 468 ool-1-worker-232 | INFO  | d.t.c.a.a.p.s.gitlab.GitLabService   : Adding user 1 with permissions 20 to repository SHORT84557A3706043047F208E2B0E532903BDB30TSTEXC/short84557a3706043047f208e2b0e532903bdb30tstexc-submissionpolicyintegrationstudent2

Finished logs for SubmissionPolicyIntegrationTest
]]></system-out>
  <system-err><![CDATA[]]></system-err>
</testsuite>
