<?xml version="1.0" encoding="UTF-8"?>
<testsuite name="de.tum.cit.aet.artemis.core.ContentVersionIntegrationTest" tests="1" skipped="0" failures="0" errors="0" timestamp="2025-02-14T23:44:17" hostname="fv-az1721-502" time="0.038">
  <properties/>
  <testcase name="testContentVersionHeaderIsSetCorrectly()" classname="de.tum.cit.aet.artemis.core.ContentVersionIntegrationTest" time="0.038"/>
  <system-out><![CDATA[
Starting logs for ContentVersionIntegrationTest

]]></system-out>
  <system-err><![CDATA[]]></system-err>
</testsuite>
