<?xml version="1.0" encoding="UTF-8"?>
<testsuite name="de.tum.cit.aet.artemis.programming.icl.LocalVCLocalCIParticipationIntegrationTest" tests="3" skipped="0" failures="0" errors="0" timestamp="2025-02-14T23:45:14" hostname="fv-az1721-502" time="0.503">
  <properties/>
  <testcase name="testGetVcsAccessLog()" classname="de.tum.cit.aet.artemis.programming.icl.LocalVCLocalCIParticipationIntegrationTest" time="0.134"/>
  <testcase name="testStartParticipation()" classname="de.tum.cit.aet.artemis.programming.icl.LocalVCLocalCIParticipationIntegrationTest" time="0.257"/>
  <testcase name="testGetVcsAccessLogOfTemplateParticipation()" classname="de.tum.cit.aet.artemis.programming.icl.LocalVCLocalCIParticipationIntegrationTest" time="0.105"/>
  <system-out><![CDATA[
Starting logs for LocalVCLocalCIParticipationIntegrationTest

  Starting logs for LocalVCLocalCIParticipationIntegrationTest > testGetVcsAccessLog()
    23:45:14.315 | 477 ool-1-worker-241 | DEBUG | d.t.c.a.a.c.u.util.UserUtilService   : Generate 4 students...
    23:45:14.324 | 477 ool-1-worker-241 | DEBUG | d.t.c.a.a.c.u.util.UserUtilService   : 4 students generated. Generate 2 tutors...
    23:45:14.332 | 477 ool-1-worker-241 | DEBUG | d.t.c.a.a.c.u.util.UserUtilService   : 2 tutors generated. Generate 0 editors...
    23:45:14.339 | 477 ool-1-worker-241 | DEBUG | d.t.c.a.a.c.u.util.UserUtilService   : 0 editors generated. Generate 2 instructors...
    23:45:14.341 | 477 ool-1-worker-241 | DEBUG | d.t.c.a.a.c.u.util.UserUtilService   : 2 instructors generated
    23:45:14.342 | 477 ool-1-worker-241 | DEBUG | d.t.c.a.a.c.u.util.UserUtilService   : Removing 4 users from all courses...
    23:45:14.343 | 477 ool-1-worker-241 | DEBUG | d.t.c.a.a.c.u.util.UserUtilService   : Removing 4 users from all courses. Done
    23:45:14.343 | 477 ool-1-worker-241 | DEBUG | d.t.c.a.a.c.u.util.UserUtilService   : Save 8 users to database...
    23:45:14.349 | 477 ool-1-worker-241 | DEBUG | d.t.c.a.a.c.u.util.UserUtilService   : Save 8 users to database. Done
    23:45:14.383 | 477 ool-1-worker-241 | INFO  | i.z.t.d.l.EmbeddedDatabaseReporter   : JDBC URL to connect to 'dataSource': url='jdbc:h2:tcp://localhost:41063/mem:f240edcd-27ce-47a3-b4ab-a6a00c154135;USER=sa', scope='LocalVCLocalCIParticipationIntegrationTest#testGetVcsAccessLog'
    23:45:14.392 | 477 ool-1-worker-241 | DEBUG | PersonalAccessTokenManagementService : Generate secure vcs access token
    23:45:14.399 | 477 ool-1-worker-241 | DEBUG | d.t.c.a.a.c.s.f.ApiVersionFilter     : Adding Version to Request GET /api/programming-exercise-participations/1946/vcs-access-log
    23:45:14.405 | 477 ool-1-worker-241 | INFO  | rammingExerciseParticipationResource : Fetching VCS access logs for participation ID: 1946

  Starting logs for LocalVCLocalCIParticipationIntegrationTest > testStartParticipation()
    23:45:14.454 | 477 ool-1-worker-241 | DEBUG | d.t.c.a.a.c.u.util.UserUtilService   : Generate 4 students...
    23:45:14.467 | 477 ool-1-worker-241 | DEBUG | d.t.c.a.a.c.u.util.UserUtilService   : 4 students generated. Generate 2 tutors...
    23:45:14.472 | 477 ool-1-worker-241 | DEBUG | d.t.c.a.a.c.u.util.UserUtilService   : 2 tutors generated. Generate 0 editors...
    23:45:14.479 | 477 ool-1-worker-241 | DEBUG | d.t.c.a.a.c.u.util.UserUtilService   : 0 editors generated. Generate 2 instructors...
    23:45:14.486 | 477 ool-1-worker-241 | DEBUG | d.t.c.a.a.c.u.util.UserUtilService   : 2 instructors generated
    23:45:14.490 | 477 ool-1-worker-241 | DEBUG | d.t.c.a.a.c.u.util.UserUtilService   : Removing 8 users from all courses...
    23:45:14.492 | 477 ool-1-worker-241 | DEBUG | d.t.c.a.a.c.u.util.UserUtilService   : Removing 8 users from all courses. Done
    23:45:14.492 | 477 ool-1-worker-241 | DEBUG | d.t.c.a.a.c.u.util.UserUtilService   : Save 8 users to database...
    23:45:14.520 | 477 ool-1-worker-241 | DEBUG | d.t.c.a.a.c.u.util.UserUtilService   : Save 8 users to database. Done
    23:45:14.537 | 477 ool-1-worker-241 | INFO  | i.z.t.d.l.EmbeddedDatabaseReporter   : JDBC URL to connect to 'dataSource': url='jdbc:h2:tcp://localhost:41063/mem:f240edcd-27ce-47a3-b4ab-a6a00c154135;USER=sa', scope='LocalVCLocalCIParticipationIntegrationTest#testStartParticipation'
    23:45:14.537 | 477 ool-1-worker-241 | DEBUG | d.t.c.a.a.c.u.util.UserUtilService   : Generate 1 students...
    23:45:14.540 | 477 ool-1-worker-241 | DEBUG | d.t.c.a.a.c.u.util.UserUtilService   : 1 students generated. Generate 0 tutors...
    23:45:14.542 | 477 ool-1-worker-241 | DEBUG | d.t.c.a.a.c.u.util.UserUtilService   : 0 tutors generated. Generate 0 editors...
    23:45:14.543 | 477 ool-1-worker-241 | DEBUG | d.t.c.a.a.c.u.util.UserUtilService   : 0 editors generated. Generate 0 instructors...
    23:45:14.544 | 477 ool-1-worker-241 | DEBUG | d.t.c.a.a.c.u.util.UserUtilService   : 0 instructors generated
    23:45:14.546 | 477 ool-1-worker-241 | DEBUG | d.t.c.a.a.c.u.util.UserUtilService   : Removing 8 users from all courses...
    23:45:14.547 | 477 ool-1-worker-241 | DEBUG | d.t.c.a.a.c.u.util.UserUtilService   : Removing 8 users from all courses. Done
    23:45:14.547 | 477 ool-1-worker-241 | DEBUG | d.t.c.a.a.c.u.util.UserUtilService   : Save 1 users to database...
    23:45:14.549 | 477 ool-1-worker-241 | DEBUG | d.t.c.a.a.c.u.util.UserUtilService   : Save 1 users to database. Done
    23:45:14.553 | 570 vc.HealthMonitor | INFO  | c.h.i.diagnostics.HealthMonitor      : [127.0.0.1]:5703 [dev] [5.5.0] processors=4, physical.memory.total=15.6G, physical.memory.free=2.2G, swap.space.total=0, swap.space.free=0, heap.memory.used=2.7G, heap.memory.free=453.0M, heap.memory.total=3.2G, heap.memory.max=6.0G, heap.memory.used/total=86.08%, heap.memory.used/max=45.62%, minor.gc.count=167, minor.gc.time=8155ms, major.gc.count=0, major.gc.time=0ms, unknown.gc.count=72, unknown.gc.time=1309ms, load.process=0.00%, load.system=99.51%, load.systemAverage=6.60, thread.count=492, thread.peakCount=500, cluster.timeDiff=0, event.q.size=0, executor.q.async.size=0, executor.q.client.size=0, executor.q.client.query.size=0, executor.q.client.blocking.size=0, executor.q.query.size=0, executor.q.scheduled.size=0, executor.q.io.size=0, executor.q.system.size=0, executor.q.operations.size=0, executor.q.priorityOperation.size=0, operations.completed.count=20802, executor.q.mapLoad.size=0, executor.q.mapLoadAllKeys.size=0, executor.q.cluster.size=0, executor.q.response.size=0, operations.running.count=0, operations.pending.invocations.percentage=0.00%, operations.pending.invocations.count=0, proxy.count=216, clientEndpoint.count=0, connection.active.count=0, client.connection.count=0, connection.count=0
    23:45:14.596 | 477 ool-1-worker-241 | DEBUG | d.t.c.a.a.c.s.f.ApiVersionFilter     : Adding Version to Request POST /api/exercises/2579/participations
    23:45:14.602 | 477 ool-1-worker-241 | DEBUG | d.t.c.a.a.e.w.ParticipationResource  : REST request to start Exercise : 2579
    23:45:14.607 | 477 ool-1-worker-241 | DEBUG | PersonalAccessTokenManagementService : Generate secure vcs access token
    23:45:14.623 | 477 ool-1-worker-241 | DEBUG | d.t.c.a.a.p.s.localvc.LocalVCService : Created local git repository shortb407f08d07705048dd085f203c8bf7ddb928tstexc-participationlocalvclocalcistudent1 in folder /tmp/SHORTB407F08D07705048DD085F203C8BF7DDB928TSTEXC/shortb407f08d07705048dd085f203c8bf7ddb928tstexc-participationlocalvclocalcistudent1.git
    23:45:14.623 | 477 ool-1-worker-241 | DEBUG | d.t.c.a.a.p.service.GitService       : Cloning from file:///tmp/SHORTB407F08D07705048DD085F203C8BF7DDB928TSTEXC/shortb407f08d07705048dd085f203c8bf7ddb928tstexc-exercise.git/ to repos/server-integration-test/SHORTB407F08D07705048DD085F203C8BF7DDB928TSTEXC/shortb407f08d07705048dd085f203c8bf7ddb928tstexc-participationlocalvclocalcistudent1
    23:45:14.630 | 477 ool-1-worker-241 | ERROR | d.t.c.a.a.p.s.AbstractGitService     : Cannot use ssh properly because of mismatch of Jgit transport object: org.eclipse.jgit.transport.TransportLocal@360d6f45
    23:45:14.654 | 477 ool-1-worker-241 | DEBUG | d.t.c.a.a.p.service.GitService       : pushSourceToTargetRepo -> Push http://localhost:49152/git/SHORTB407F08D07705048DD085F203C8BF7DDB928TSTEXC/shortb407f08d07705048dd085f203c8bf7ddb928tstexc-participationlocalvclocalcistudent1.git
    23:45:14.655 | 477 ool-1-worker-241 | ERROR | d.t.c.a.a.p.s.AbstractGitService     : Cannot use ssh properly because of mismatch of Jgit transport object: org.eclipse.jgit.transport.TransportLocal@a8e894
    23:45:14.678 | 477 ool-1-worker-241 | DEBUG | d.t.c.a.a.c.s.f.ApiVersionFilter     : Adding Version to Request GET /api/account/participation-vcs-access-token
    23:45:14.679 | 477 ool-1-worker-241 | DEBUG | d.t.c.a.a.core.web.AccountResource   : REST request to get VCS access token of user participationlocalvclocalcistudent1 for participation 1951

  Starting logs for LocalVCLocalCIParticipationIntegrationTest > testGetVcsAccessLogOfTemplateParticipation()
    23:45:14.711 | 477 ool-1-worker-241 | DEBUG | d.t.c.a.a.c.u.util.UserUtilService   : Generate 4 students...
    23:45:14.725 | 477 ool-1-worker-241 | DEBUG | d.t.c.a.a.c.u.util.UserUtilService   : 4 students generated. Generate 2 tutors...
    23:45:14.734 | 477 ool-1-worker-241 | DEBUG | d.t.c.a.a.c.u.util.UserUtilService   : 2 tutors generated. Generate 0 editors...
    23:45:14.735 | 477 ool-1-worker-241 | DEBUG | d.t.c.a.a.c.u.util.UserUtilService   : 0 editors generated. Generate 2 instructors...
    23:45:14.742 | 477 ool-1-worker-241 | DEBUG | d.t.c.a.a.c.u.util.UserUtilService   : 2 instructors generated
    23:45:14.746 | 477 ool-1-worker-241 | DEBUG | d.t.c.a.a.c.u.util.UserUtilService   : Removing 1 users from all courses...
    23:45:14.747 | 477 ool-1-worker-241 | DEBUG | d.t.c.a.a.c.u.util.UserUtilService   : Removing 1 users from all courses. Done
    23:45:14.747 | 477 ool-1-worker-241 | DEBUG | d.t.c.a.a.c.u.util.UserUtilService   : Save 8 users to database...
    23:45:14.758 | 477 ool-1-worker-241 | DEBUG | d.t.c.a.a.c.u.util.UserUtilService   : Save 8 users to database. Done
    23:45:14.781 | 477 ool-1-worker-241 | INFO  | i.z.t.d.l.EmbeddedDatabaseReporter   : JDBC URL to connect to 'dataSource': url='jdbc:h2:tcp://localhost:41063/mem:f240edcd-27ce-47a3-b4ab-a6a00c154135;USER=sa', scope='LocalVCLocalCIParticipationIntegrationTest#testGetVcsAccessLogOfTemplateParticipation'
    23:45:14.784 | 477 ool-1-worker-241 | DEBUG | d.t.c.a.a.c.s.f.ApiVersionFilter     : Adding Version to Request GET /api/programming-exercise/2580/vcs-access-log/TEMPLATE
    23:45:14.790 | 477 ool-1-worker-241 | INFO  | rammingExerciseParticipationResource : Fetching VCS access logs for exercise ID: 2580 and repository type: exercise

Finished logs for LocalVCLocalCIParticipationIntegrationTest
]]></system-out>
  <system-err><![CDATA[]]></system-err>
</testsuite>
