<?xml version="1.0" encoding="UTF-8"?>
<testsuite name="de.tum.cit.aet.artemis.core.util.StringUtilTest" tests="5" skipped="0" failures="0" errors="0" timestamp="2025-02-14T23:39:56" hostname="fv-az1721-502" time="0.004">
  <properties/>
  <testcase name="testEmpty()" classname="de.tum.cit.aet.artemis.core.util.StringUtilTest" time="0.001"/>
  <testcase name="testNormal()" classname="de.tum.cit.aet.artemis.core.util.StringUtilTest" time="0.001"/>
  <testcase name="testOnlyIllegals()" classname="de.tum.cit.aet.artemis.core.util.StringUtilTest" time="0.0"/>
  <testcase name="testUmlaut()" classname="de.tum.cit.aet.artemis.core.util.StringUtilTest" time="0.001"/>
  <testcase name="testWithIllegal()" classname="de.tum.cit.aet.artemis.core.util.StringUtilTest" time="0.001"/>
  <system-out><![CDATA[
Starting logs for StringUtilTest

  Starting logs for StringUtilTest > testEmpty()

  Starting logs for StringUtilTest > testNormal()

  Starting logs for StringUtilTest > testOnlyIllegals()

  Starting logs for StringUtilTest > testUmlaut()

  Starting logs for StringUtilTest > testWithIllegal()

Finished logs for StringUtilTest
]]></system-out>
  <system-err><![CDATA[]]></system-err>
</testsuite>
