<?xml version="1.0" encoding="UTF-8"?>
<testsuite name="de.tum.cit.aet.artemis.plagiarism.architecture.PlagiarismServiceArchitectureTest" tests="5" skipped="0" failures="0" errors="0" timestamp="2025-02-14T23:40:06" hostname="fv-az1721-502" time="0.065">
  <properties/>
  <testcase name="testCorrectAsyncCalls()" classname="de.tum.cit.aet.artemis.plagiarism.architecture.PlagiarismServiceArchitectureTest" time="0.012"/>
  <testcase name="shouldBeNamedService()" classname="de.tum.cit.aet.artemis.plagiarism.architecture.PlagiarismServiceArchitectureTest" time="0.002"/>
  <testcase name="testCorrectServiceAnnotation()" classname="de.tum.cit.aet.artemis.plagiarism.architecture.PlagiarismServiceArchitectureTest" time="0.014"/>
  <testcase name="shouldBeInServicePackage()" classname="de.tum.cit.aet.artemis.plagiarism.architecture.PlagiarismServiceArchitectureTest" time="0.003"/>
  <testcase name="testNoWrongServiceImports()" classname="de.tum.cit.aet.artemis.plagiarism.architecture.PlagiarismServiceArchitectureTest" time="0.03"/>
  <system-out><![CDATA[
Starting logs for PlagiarismServiceArchitectureTest

  Starting logs for PlagiarismServiceArchitectureTest > testCorrectAsyncCalls()

  Starting logs for PlagiarismServiceArchitectureTest > shouldBeNamedService()

  Starting logs for PlagiarismServiceArchitectureTest > testCorrectServiceAnnotation()

  Starting logs for PlagiarismServiceArchitectureTest > shouldBeInServicePackage()

  Starting logs for PlagiarismServiceArchitectureTest > testNoWrongServiceImports()

Finished logs for PlagiarismServiceArchitectureTest
]]></system-out>
  <system-err><![CDATA[]]></system-err>
</testsuite>
