<?xml version="1.0" encoding="UTF-8"?>
<testsuite name="de.tum.cit.aet.artemis.exercise.service.ExerciseDateServiceTest$TestExamTest" tests="2" skipped="0" failures="0" errors="0" timestamp="2025-02-14T23:46:03" hostname="fv-az1721-502" time="0.425">
  <properties/>
  <testcase name="testTestExamExerciseDueDate_afterSubmittingOwnExam()" classname="de.tum.cit.aet.artemis.exercise.service.ExerciseDateServiceTest$TestExamTest" time="0.116"/>
  <testcase name="testTestExamExerciseDueDate_duringOwnWorkingTime()" classname="de.tum.cit.aet.artemis.exercise.service.ExerciseDateServiceTest$TestExamTest" time="0.308"/>
  <system-out><![CDATA[, dockerImage=dummy-docker-image:latest, commitHashToBuild=ca2dbc0ae87edf7035058a6a17c0ea60e90a290f, assignmentCommitHash=ca2dbc0ae87edf7035058a6a17c0ea60e90a290f, testCommitHash=0207f6f98af5fbb66ad68455f3fc3cf128af8ae9, branch=main, programmingLanguage=JAVA, projectType=PLAIN_GRADLE, scaEnabled=false, sequentialTestRunsEnabled=false, resultPaths=[/var/tmp/testing-dir/**/test-results/test/*.xml], timeoutSeconds=0, assignmentCheckoutPath=null, testCheckoutPath=null, solutionCheckoutPath=null, dockerRunConfig=null], submissionResult=ResultDTO[id=632, completionDate=2025-02-14T23:45:34.504415716Z[Etc/UTC], successful=false, score=7.7, rated=false, submission=SubmissionDTO[id=826, submitted=true, type=MANUAL, exampleSubmission=null, submissionDate=2025-02-14T23:45:32.541533Z, commitHash=ca2dbc0ae87edf7035058a6a17c0ea60e90a290f, buildFailed=false, buildArtifact=false, participation=ParticipationDTO[id=2006, testRun=true, type=programming, submissionCount=null, exercise=ParticipationExerciseDTO[id=2601, exerciseType=PROGRAMMING, type=programming, assessmentType=AUTOMATIC, dueDate=2025-02-16T23:45:31.864042Z, assessmentDueDate=null, maxPoints=42.0, course=CourseDTO[id=984, accuracyOfScores=1]]], submissionExerciseType=programming, isProcessing=false, buildStartDate=null, estimatedCompletionDate=null], participation=ParticipationDTO[id=2006, testRun=true, type=programming, submissionCount=null, exercise=ParticipationExerciseDTO[id=2601, exerciseType=PROGRAMMING, type=programming, assessmentType=AUTOMATIC, dueDate=2025-02-16T23:45:31.864042Z, assessmentDueDate=null, maxPoints=42.0, course=CourseDTO[id=984, accuracyOfScores=1]]], feedbacks=[FeedbackDTO[id=920, text=null, detailText=The exercise expects a class with the name Context in the package testpackage. You did not implement the class in the exercise., hasLongFeedbackText=false, reference=null, credits=0.0, positive=false, type=AUTOMATIC, visibility=ALWAYS, testCase=TestCaseDTO[testName=null, id=1357]], FeedbackDTO[id=921, text=null, detailText=The exercise expects a class with the name Policy in the package testpackage. You did not implement the class in the exercise., hasLongFeedbackText=false, reference=null, credits=0.0, positive=false, type=AUTOMATIC, visibility=ALWAYS, testCase=TestCaseDTO[testName=null, id=1358]], FeedbackDTO[id=922, text=null, detailText=The exercise expects a class with the name SortStrategy in the package testpackage. You did not implement the class in the exercise., hasLongFeedbackText=false, reference=null, credits=0.0, positive=false, type=AUTOMATIC, visibility=ALWAYS, testCase=TestCaseDTO[testName=null, id=1359]], FeedbackDTO[id=923, text=null, detailText=The class 'MergeSort' does not implement the interface 'SortStrategy' as expected. Implement the interface and its methods., hasLongFeedbackText=false, reference=null, credits=0.0, positive=false, type=AUTOMATIC, visibility=ALWAYS, testCase=TestCaseDTO[testName=null, id=1354]], FeedbackDTO[id=924, text=null, detailText=The exercise expects a class with the name SortStrategy in the package testpackage. You did not implement the class in the exercise., hasLongFeedbackText=false, reference=null, credits=0.0, positive=false, type=AUTOMATIC, visibility=ALWAYS, testCase=TestCaseDTO[testName=null, id=1351]], FeedbackDTO[id=925, text=null, detailText=The class 'BubbleSort' does not implement the interface 'SortStrategy' as expected. Implement the interface and its methods., hasLongFeedbackText=false, reference=null, credits=0.0, positive=false, type=AUTOMATIC, visibility=ALWAYS, testCase=TestCaseDTO[testName=null, id=1355]], FeedbackDTO[id=926, text=null, detailText=MergeSort does not sort correctly, hasLongFeedbackText=false, reference=null, credits=0.0, positive=false, type=AUTOMATIC, visibility=ALWAYS, testCase=TestCaseDTO[testName=null, id=1360]], FeedbackDTO[id=927, text=null, detailText=The class 'Context' was not found within the submission. Make sure to implement it properly., hasLongFeedbackText=false, reference=null, credits=0.0, positive=false, type=AUTOMATIC, visibility=ALWAYS, testCase=TestCaseDTO[testName=null, id=1361]], FeedbackDTO[id=928, text=null, detailText=The class 'Context' was not found within the submission. Make sure to implement it properly., hasLongFeedbackText=false, reference=null, credits=0.0, positive=false, type=AUTOMATIC, visibility=ALWAYS, testCase=TestCaseDTO[testName=null, id=1362]], FeedbackDTO[id=929, text=null, detailText=The exercise expects a class with the name Policy in the package testpackage. You did not implement the class in the exercise., hasLongFeedbackText=false, reference=null, credits=0.0, positive=false, type=AUTOMATIC, visibility=ALWAYS, testCase=TestCaseDTO[testName=null, id=1356]], FeedbackDTO[id=930, text=null, detailText=The exercise expects a class with the name Context in the package testpackage. You did not implement the class in the exercise., hasLongFeedbackText=false, reference=null, credits=0.0, positive=false, type=AUTOMATIC, visibility=ALWAYS, testCase=TestCaseDTO[testName=null, id=1352]], FeedbackDTO[id=931, text=null, detailText=The exercise expects a class with the name Policy in the package testpackage. You did not implement the class in the exercise., hasLongFeedbackText=false, reference=null, credits=0.0, positive=false, type=AUTOMATIC, visibility=ALWAYS, testCase=TestCaseDTO[testName=null, id=1353]], FeedbackDTO[id=932, text=null, detailText=null, hasLongFeedbackText=false, reference=null, credits=3.230769230769231, positive=true, type=AUTOMATIC, visibility=ALWAYS, testCase=TestCaseDTO[testName=null, id=1363]]], assessmentType=AUTOMATIC, hasComplaint=null, exampleResult=null, testCaseCount=13, passedTestCaseCount=1, codeIssueCount=0]], BuildJobQueueItem[id=20111739576737317, name=SHORTD49A6DAE04F9E049850BD5601663FD17A5B7TSTEXC-BASE, buildAgent=BuildAgentDTO[name=artemis-build-agent-test, memberAddress=[127.0.0.1]:5703, displayName=artemis-build-agent-test], participationId=2011, courseId=986, exerciseId=2603, retryCount=0, priority=2, status=SUCCESSFUL, repositoryInfo=RepositoryInfo[repositoryName=shortd49a6dae04f9e049850bd5601663fd17a5b7tstexc-exercise, repositoryType=exercise, triggeredByPushTo=exercise, assignmentRepositoryUri=http://localhost:49152/git/SHORTD49A6DAE04F9E049850BD5601663FD17A5B7TSTEXC/shortd49a6dae04f9e049850bd5601663fd17a5b7tstexc-exercise.git, testRepositoryUri=http://localhost:49152/git/SHORTD49A6DAE04F9E049850BD5601663FD17A5B7TSTEXC/shortd49a6dae04f9e049850bd5601663fd17a5b7tstexc-tests.git, solutionRepositoryUri=null, auxiliaryRepositoryUris=[Ljava.lang.String;@649816b, auxiliaryRepositoryCheckoutDirectories=[Ljava.lang.String;@3771a755], jobTimingInfo=JobTimingInfo[submissionDate=2025-02-14T23:45:37.317968648Z[Etc/UTC], buildStartDate=2025-02-14T23:45:37.324534774Z[Etc/UTC], buildCompletionDate=2025-02-14T23:45:38.527225461Z[Etc/UTC], estimatedCompletionDate=2025-02-14T23:45:56.324506331Z[Etc/UTC], estimatedDuration=19], buildConfig=BuildConfig[buildScript=#!/bin/bash
cd /var/tmp/testing-dir
chmod +x ./gradlew
./gradlew clean test
, dockerImage=dummy-docker-image:latest, commitHashToBuild=c795243c185829bbefa399f45dcbcfac22311b2f, assignmentCommitHash=c795243c185829bbefa399f45dcbcfac22311b2f, testCommitHash=fa8b162170bf767d852e05e0eb7a128efa2e1f34, branch=main, programmingLanguage=JAVA, projectType=PLAIN_GRADLE, scaEnabled=false, sequentialTestRunsEnabled=false, resultPaths=[/var/tmp/testing-dir/**/test-results/test/*.xml], timeoutSeconds=0, assignmentCheckoutPath=null, testCheckoutPath=null, solutionCheckoutPath=null, dockerRunConfig=null], submissionResult=ResultDTO[id=633, completionDate=2025-02-14T23:45:38.476795726Z[Etc/UTC], successful=false, score=0.0, rated=true, submission=SubmissionDTO[id=827, submitted=true, type=MANUAL, exampleSubmission=null, submissionDate=2025-02-14T23:45:37.303401Z, commitHash=c795243c185829bbefa399f45dcbcfac22311b2f, buildFailed=false, buildArtifact=false, participation=ParticipationDTO[id=2011, testRun=false, type=template, submissionCount=null, exercise=ParticipationExerciseDTO[id=2603, exerciseType=PROGRAMMING, type=programming, assessmentType=AUTOMATIC, dueDate=2025-02-16T23:45:36.830269Z, assessmentDueDate=null, maxPoints=42.0, course=CourseDTO[id=986, accuracyOfScores=1]]], submissionExerciseType=programming, isProcessing=false, buildStartDate=null, estimatedCompletionDate=null], participation=ParticipationDTO[id=2011, testRun=false, type=template, submissionCount=null, exercise=ParticipationExerciseDTO[id=2603, exerciseType=PROGRAMMING, type=programming, assessmentType=AUTOMATIC, dueDate=2025-02-16T23:45:36.830269Z, assessmentDueDate=null, maxPoints=42.0, course=CourseDTO[id=986, accuracyOfScores=1]]], feedbacks=[FeedbackDTO[id=933, text=null, detailText=The exercise expects a class with the name Context in the package testpackage. You did not implement the class in the exercise., hasLongFeedbackText=false, reference=null, credits=0.0, positive=false, type=AUTOMATIC, visibility=ALWAYS, testCase=TestCaseDTO[testName=testMethods[Context], id=1383]], FeedbackDTO[id=934, text=null, detailText=The exercise expects a class with the name Policy in the package testpackage. You did not implement the class in the exercise., hasLongFeedbackText=false, reference=null, credits=0.0, positive=false, type=AUTOMATIC, visibility=ALWAYS, testCase=TestCaseDTO[testName=testMethods[Policy], id=1384]], FeedbackDTO[id=935, text=null, detailText=The exercise expects a class with the name SortStrategy in the package testpackage. You did not implement the class in the exercise., hasLongFeedbackText=false, reference=null, credits=0.0, positive=false, type=AUTOMATIC, visibility=ALWAYS, testCase=TestCaseDTO[testName=testMethods[SortStrategy], id=1385]], FeedbackDTO[id=936, text=null, detailText=The class 'MergeSort' does not implement the interface 'SortStrategy' as expected. Implement the interface and its methods., hasLongFeedbackText=false, reference=null, credits=0.0, positive=false, type=AUTOMATIC, visibility=ALWAYS, testCase=TestCaseDTO[testName=testClass[MergeSort], id=1380]], FeedbackDTO[id=937, text=null, detailText=The exercise expects a class with the name SortStrategy in the package testpackage. You did not implement the class in the exercise., hasLongFeedbackText=false, reference=null, credits=0.0, positive=false, type=AUTOMATIC, visibility=ALWAYS, testCase=TestCaseDTO[testName=testClass[SortStrategy], id=1377]], FeedbackDTO[id=938, text=null, detailText=The class 'BubbleSort' does not implement the interface 'SortStrategy' as expected. Implement the interface and its methods., hasLongFeedbackText=false, reference=null, credits=0.0, positive=false, type=AUTOMATIC, visibility=ALWAYS, testCase=TestCaseDTO[testName=testClass[BubbleSort], id=1381]], FeedbackDTO[id=939, text=null, detailText=MergeSort does not sort correctly, hasLongFeedbackText=false, reference=null, credits=0.0, positive=false, type=AUTOMATIC, visibility=ALWAYS, testCase=TestCaseDTO[testName=testMergeSort(), id=1386]], FeedbackDTO[id=940, text=null, detailText=The class 'Context' was not found within the submission. Make sure to implement it properly., hasLongFeedbackText=false, reference=null, credits=0.0, positive=false, type=AUTOMATIC, visibility=ALWAYS, testCase=TestCaseDTO[testName=testUseBubbleSortForSmallList(), id=1387]], FeedbackDTO[id=941, text=null, detailText=BubbleSort does not sort correctly, hasLongFeedbackText=false, reference=null, credits=0.0, positive=false, type=AUTOMATIC, visibility=ALWAYS, testCase=TestCaseDTO[testName=testBubbleSort(), id=1389]], FeedbackDTO[id=942, text=null, detailText=The class 'Context' was not found within the submission. Make sure to implement it properly., hasLongFeedbackText=false, reference=null, credits=0.0, positive=false, type=AUTOMATIC, visibility=ALWAYS, testCase=TestCaseDTO[testName=testUseMergeSortForBigList(), id=1388]], FeedbackDTO[id=943, text=null, detailText=The exercise expects a class with the name Policy in the package testpackage. You did not implement the class in the exercise., hasLongFeedbackText=false, reference=null, credits=0.0, positive=false, type=AUTOMATIC, visibility=ALWAYS, testCase=TestCaseDTO[testName=testConstructors[Policy], id=1382]], FeedbackDTO[id=944, text=null, detailText=The exercise expects a class with the name Context in the package testpackage. You did not implement the class in the exercise., hasLongFeedbackText=false, reference=null, credits=0.0, positive=false, type=AUTOMATIC, visibility=ALWAYS, testCase=TestCaseDTO[testName=testAttributes[Context], id=1378]], FeedbackDTO[id=945, text=null, detailText=The exercise expects a class with the name Policy in the package testpackage. You did not implement the class in the exercise., hasLongFeedbackText=false, reference=null, credits=0.0, positive=false, type=AUTOMATIC, visibility=ALWAYS, testCase=TestCaseDTO[testName=testAttributes[Policy], id=1379]]], assessmentType=AUTOMATIC, hasComplaint=null, exampleResult=null, testCaseCount=13, passedTestCaseCount=0, codeIssueCount=0]], BuildJobQueueItem[id=20171739576740018, name=SHORT7914AFA00ADC3047140B99D01AC07810CE44TSTEXC-LOCALVCCIINTSTUDENT1, buildAgent=BuildAgentDTO[name=artemis-build-agent-test, memberAddress=[127.0.0.1]:5703, displayName=artemis-build-agent-test], participationId=2017, courseId=988, exerciseId=2605, retryCount=0, priority=2, status=SUCCESSFUL, repositoryInfo=RepositoryInfo[repositoryName=short7914afa00adc3047140b99d01ac07810ce44tstexc-practice-localvcciintstudent1, repositoryType=user, triggeredByPushTo=user, assignmentRepositoryUri=http://localhost:49152/git/SHORT7914AFA00ADC3047140B99D01AC07810CE44TSTEXC/short7914afa00adc3047140b99d01ac07810ce44tstexc-practice-localvcciintstudent1.git, testRepositoryUri=http://localhost:49152/git/SHORT7914AFA00ADC3047140B99D01AC07810CE44TSTEXC/short7914afa00adc3047140b99d01ac07810ce44tstexc-tests.git, solutionRepositoryUri=null, auxiliaryRepositoryUris=[Ljava.lang.String;@4f5ab626, auxiliaryRepositoryCheckoutDirectories=[Ljava.lang.String;@3ab7e466], jobTimingInfo=JobTimingInfo[submissionDate=2025-02-14T23:45:40.018961253Z[Etc/UTC], buildStartDate=2025-02-14T23:45:40.029742701Z[Etc/UTC], buildCompletionDate=2025-02-14T23:45:41.150208242Z[Etc/UTC], estimatedCompletionDate=2025-02-14T23:45:59.029734065Z[Etc/UTC], estimatedDuration=19], buildConfig=BuildConfig[buildScript=#!/bin/bash
cd /var/tmp/testing-dir
chmod +x ./gradlew
./gradlew clean test
, dockerImage=dummy-docker-image:latest, commitHashToBuild=d80b57877989b971e83ccdb4863c8a7023c76266, assignmentCommitHash=d80b57877989b971e83ccdb4863c8a7023c76266, testCommitHash=327b116890c92b1312314341f43f21ef13ecf7d7, branch=main, programmingLanguage=JAVA, projectType=PLAIN_GRADLE, scaEnabled=false, sequentialTestRunsEnabled=false, resultPaths=[/var/tmp/testing-dir/**/test-results/test/*.xml], timeoutSeconds=0, assignmentCheckoutPath=null, testCheckoutPath=null, solutionCheckoutPath=null, dockerRunConfig=null], submissionResult=ResultDTO[id=634, completionDate=2025-02-14T23:45:41.120192603Z[Etc/UTC], successful=false, score=7.7, rated=false, submission=SubmissionDTO[id=828, submitted=true, type=MANUAL, exampleSubmission=null, submissionDate=2025-02-14T23:45:40.008666Z, commitHash=d80b57877989b971e83ccdb4863c8a7023c76266, buildFailed=false, buildArtifact=false, participation=ParticipationDTO[id=2017, testRun=true, type=programming, submissionCount=null, exercise=ParticipationExerciseDTO[id=2605, exerciseType=PROGRAMMING, type=programming, assessmentType=AUTOMATIC, dueDate=2025-02-16T23:45:39.523500Z, assessmentDueDate=null, maxPoints=42.0, course=CourseDTO[id=988, accuracyOfScores=1]]], submissionExerciseType=programming, isProcessing=false, buildStartDate=null, estimatedCompletionDate=null], participation=ParticipationDTO[id=2017, testRun=true, type=programming, submissionCount=null, exercise=ParticipationExerciseDTO[id=2605, exerciseType=PROGRAMMING, type=programming, assessmentType=AUTOMATIC, dueDate=2025-02-16T23:45:39.523500Z, assessmentDueDate=null, maxPoints=42.0, course=CourseDTO[id=988, accuracyOfScores=1]]], feedbacks=[FeedbackDTO[id=946, text=null, detailText=The exercise expects a class with the name Context in the package testpackage. You did not implement the class in the exercise., hasLongFeedbackText=false, reference=null, credits=0.0, positive=false, type=AUTOMATIC, visibility=ALWAYS, testCase=TestCaseDTO[testName=null, id=1409]], FeedbackDTO[id=947, text=null, detailText=The exercise expects a class with the name Policy in the package testpackage. You did not implement the class in the exercise., hasLongFeedbackText=false, reference=null, credits=0.0, positive=false, type=AUTOMATIC, visibility=ALWAYS, testCase=TestCaseDTO[testName=null, id=1410]], FeedbackDTO[id=948, text=null, detailText=The exercise expects a class with the name SortStrategy in the package testpackage. You did not implement the class in the exercise., hasLongFeedbackText=false, reference=null, credits=0.0, positive=false, type=AUTOMATIC, visibility=ALWAYS, testCase=TestCaseDTO[testName=null, id=1411]], FeedbackDTO[id=949, text=null, detailText=The class 'MergeSort' does not implement the interface 'SortStrategy' as expected. Implement the interface and its methods., hasLongFeedbackText=false, reference=null, credits=0.0, positive=false, type=AUTOMATIC, visibility=ALWAYS, testCase=TestCaseDTO[testName=null, id=1406]], FeedbackDTO[id=950, text=null, detailText=The exercise expects a class with the name SortStrategy in the package testpackage. You did not implement the class in the exercise., hasLongFeedbackText=false, reference=null, credits=0.0, positive=false, type=AUTOMATIC, visibility=ALWAYS, testCase=TestCaseDTO[testName=null, id=1403]], FeedbackDTO[id=951, text=null, detailText=The class 'BubbleSort' does not implement the interface 'SortStrategy' as expected. Implement the interface and its methods., hasLongFeedbackText=false, reference=null, credits=0.0, positive=false, type=AUTOMATIC, visibility=ALWAYS, testCase=TestCaseDTO[testName=null, id=1407]], FeedbackDTO[id=952, text=null, detailText=MergeSort does not sort correctly, hasLongFeedbackText=false, reference=null, credits=0.0, positive=false, type=AUTOMATIC, visibility=ALWAYS, testCase=TestCaseDTO[testName=null, id=1412]], FeedbackDTO[id=953, text=null, detailText=The class 'Context' was not found within the submission. Make sure to implement it properly., hasLongFeedbackText=false, reference=null, credits=0.0, positive=false, type=AUTOMATIC, visibility=ALWAYS, testCase=TestCaseDTO[testName=null, id=1413]], FeedbackDTO[id=954, text=null, detailText=The class 'Context' was not found within the submission. Make sure to implement it properly., hasLongFeedbackText=false, reference=null, credits=0.0, positive=false, type=AUTOMATIC, visibility=ALWAYS, testCase=TestCaseDTO[testName=null, id=1414]], FeedbackDTO[id=955, text=null, detailText=The exercise expects a class with the name Policy in the package testpackage. You did not implement the class in the exercise., hasLongFeedbackText=false, reference=null, credits=0.0, positive=false, type=AUTOMATIC, visibility=ALWAYS, testCase=TestCaseDTO[testName=null, id=1408]], FeedbackDTO[id=956, text=null, detailText=The exercise expects a class with the name Context in the package testpackage. You did not implement the class in the exercise., hasLongFeedbackText=false, reference=null, credits=0.0, positive=false, type=AUTOMATIC, visibility=ALWAYS, testCase=TestCaseDTO[testName=null, id=1404]], FeedbackDTO[id=957, text=null, detailText=The exercise expects a class with the name Policy in the package testpackage. You did not implement the class in the exercise., hasLongFeedbackText=false, reference=null, credits=0.0, positive=false, type=AUTOMATIC, visibility=ALWAYS, testCase=TestCaseDTO[testName=null, id=1405]], FeedbackDTO[id=958, text=null, detailText=null, hasLongFeedbackText=false, reference=null, credits=3.230769230769231, positive=true, type=AUTOMATIC, visibility=ALWAYS, testCase=TestCaseDTO[testName=null, id=1415]]], assessmentType=AUTOMATIC, hasComplaint=null, exampleResult=null, testCaseCount=13, passedTestCaseCount=1, codeIssueCount=0]], BuildJobQueueItem[id=20261739576743984, name=SHORT53C73BE505404043100AC2F00C039353CE8FTSTEXC-LOCALVCCIINTSTUDENT1, buildAgent=BuildAgentDTO[name=artemis-build-agent-test, memberAddress=[127.0.0.1]:5703, displayName=artemis-build-agent-test], participationId=2026, courseId=991, exerciseId=2608, retryCount=0, priority=1, status=SUCCESSFUL, repositoryInfo=RepositoryInfo[repositoryName=short53c73be505404043100ac2f00c039353ce8ftstexc-localvcciintstudent1, repositoryType=user, triggeredByPushTo=user, assignmentRepositoryUri=http://localhost:49152/git/SHORT53C73BE505404043100AC2F00C039353CE8FTSTEXC/short53c73be505404043100ac2f00c039353ce8ftstexc-localvcciintstudent1.git, testRepositoryUri=http://localhost:49152/git/SHORT53C73BE505404043100AC2F00C039353CE8FTSTEXC/short53c73be505404043100ac2f00c039353ce8ftstexc-tests.git, solutionRepositoryUri=null, auxiliaryRepositoryUris=[Ljava.lang.String;@70bf7882, auxiliaryRepositoryCheckoutDirectories=[Ljava.lang.String;@4a4e32cf], jobTimingInfo=JobTimingInfo[submissionDate=2025-02-14T23:45:43.984518859Z[Etc/UTC], buildStartDate=2025-02-14T23:45:43.991385682Z[Etc/UTC], buildCompletionDate=2025-02-14T23:45:44.982059928Z[Etc/UTC], estimatedCompletionDate=2025-02-14T23:46:02.991380122Z[Etc/UTC], estimatedDuration=19], buildConfig=BuildConfig[buildScript=#!/bin/bash
cd /var/tmp/testing-dir
chmod +x ./gradlew
./gradlew clean test
, dockerImage=dummy-docker-image:latest, commitHashToBuild=3e90ae9fef2e44ffb41451a080bdaa6a44ad6848, assignmentCommitHash=3e90ae9fef2e44ffb41451a080bdaa6a44ad6848, testCommitHash=0582754c87aae13e640312855ce7dbe490ecb50c, branch=main, programmingLanguage=JAVA, projectType=PLAIN_GRADLE, scaEnabled=false, sequentialTestRunsEnabled=false, resultPaths=[/var/tmp/testing-dir/**/test-results/test/*.xml], timeoutSeconds=0, assignmentCheckoutPath=null, testCheckoutPath=null, solutionCheckoutPath=null, dockerRunConfig=null], submissionResult=ResultDTO[id=635, completionDate=2025-02-14T23:45:44.961313737Z[Etc/UTC], successful=false, score=7.7, rated=true, submission=SubmissionDTO[id=829, submitted=true, type=MANUAL, exampleSubmission=null, submissionDate=2025-02-14T23:45:43.967766Z, commitHash=3e90ae9fef2e44ffb41451a080bdaa6a44ad6848, buildFailed=false, buildArtifact=false, participation=ParticipationDTO[id=2026, testRun=false, type=programming, submissionCount=null, exercise=ParticipationExerciseDTO[id=2608, exerciseType=PROGRAMMING, type=programming, assessmentType=AUTOMATIC, dueDate=2025-02-16T23:45:43.597978Z, assessmentDueDate=null, maxPoints=42.0, course=CourseDTO[id=991, accuracyOfScores=1]]], submissionExerciseType=programming, isProcessing=false, buildStartDate=null, estimatedCompletionDate=null], participation=ParticipationDTO[id=2026, testRun=false, type=programming, submissionCount=null, exercise=ParticipationExerciseDTO[id=2608, exerciseType=PROGRAMMING, type=programming, assessmentType=AUTOMATIC, dueDate=2025-02-16T23:45:43.597978Z, assessmentDueDate=null, maxPoints=42.0, course=CourseDTO[id=991, accuracyOfScores=1]]], feedbacks=[FeedbackDTO[id=959, text=null, detailText=The exercise expects a class with the name Context in the package testpackage. You did not implement the class in the exercise., hasLongFeedbackText=false, reference=null, credits=0.0, positive=false, type=AUTOMATIC, visibility=ALWAYS, testCase=TestCaseDTO[testName=null, id=1448]], FeedbackDTO[id=960, text=null, detailText=The exercise expects a class with the name Policy in the package testpackage. You did not implement the class in the exercise., hasLongFeedbackText=false, reference=null, credits=0.0, positive=false, type=AUTOMATIC, visibility=ALWAYS, testCase=TestCaseDTO[testName=null, id=1449]], FeedbackDTO[id=961, text=null, detailText=The exercise expects a class with the name SortStrategy in the package testpackage. You did not implement the class in the exercise., hasLongFeedbackText=false, reference=null, credits=0.0, positive=false, type=AUTOMATIC, visibility=ALWAYS, testCase=TestCaseDTO[testName=null, id=1450]], FeedbackDTO[id=962, text=null, detailText=The class 'MergeSort' does not implement the interface 'SortStrategy' as expected. Implement the interface and its methods., hasLongFeedbackText=false, reference=null, credits=0.0, positive=false, type=AUTOMATIC, visibility=ALWAYS, testCase=TestCaseDTO[testName=null, id=1445]], FeedbackDTO[id=963, text=null, detailText=The exercise expects a class with the name SortStrategy in the package testpackage. You did not implement the class in the exercise., hasLongFeedbackText=false, reference=null, credits=0.0, positive=false, type=AUTOMATIC, visibility=ALWAYS, testCase=TestCaseDTO[testName=null, id=1442]], FeedbackDTO[id=964, text=null, detailText=The class 'BubbleSort' does not implement the interface 'SortStrategy' as expected. Implement the interface and its methods., hasLongFeedbackText=false, reference=null, credits=0.0, positive=false, type=AUTOMATIC, visibility=ALWAYS, testCase=TestCaseDTO[testName=null, id=1446]], FeedbackDTO[id=965, text=null, detailText=MergeSort does not sort correctly, hasLongFeedbackText=false, reference=null, credits=0.0, positive=false, type=AUTOMATIC, visibility=ALWAYS, testCase=TestCaseDTO[testName=null, id=1451]], FeedbackDTO[id=966, text=null, detailText=The class 'Context' was not found within the submission. Make sure to implement it properly., hasLongFeedbackText=false, reference=null, credits=0.0, positive=false, type=AUTOMATIC, visibility=ALWAYS, testCase=TestCaseDTO[testName=null, id=1452]], FeedbackDTO[id=967, text=null, detailText=The class 'Context' was not found within the submission. Make sure to implement it properly., hasLongFeedbackText=false, reference=null, credits=0.0, positive=false, type=AUTOMATIC, visibility=ALWAYS, testCase=TestCaseDTO[testName=null, id=1453]], FeedbackDTO[id=968, text=null, detailText=The exercise expects a class with the name Policy in the package testpackage. You did not implement the class in the exercise., hasLongFeedbackText=false, reference=null, credits=0.0, positive=false, type=AUTOMATIC, visibility=ALWAYS, testCase=TestCaseDTO[testName=null, id=1447]], FeedbackDTO[id=969, text=null, detailText=The exercise expects a class with the name Context in the package testpackage. You did not implement the class in the exercise., hasLongFeedbackText=false, reference=null, credits=0.0, positive=false, type=AUTOMATIC, visibility=ALWAYS, testCase=TestCaseDTO[testName=null, id=1443]], FeedbackDTO[id=970, text=null, detailText=The exercise expects a class with the name Policy in the package testpackage. You did not implement the class in the exercise., hasLongFeedbackText=false, reference=null, credits=0.0, positive=false, type=AUTOMATIC, visibility=ALWAYS, testCase=TestCaseDTO[testName=null, id=1444]], FeedbackDTO[id=971, text=null, detailText=null, hasLongFeedbackText=false, reference=null, credits=3.230769230769231, positive=true, type=AUTOMATIC, visibility=ALWAYS, testCase=TestCaseDTO[testName=null, id=1454]]], assessmentType=AUTOMATIC, hasComplaint=null, exampleResult=null, testCaseCount=13, passedTestCaseCount=1, codeIssueCount=0]], BuildJobQueueItem[id=20271739576746886, name=SHORT0FC863930E92904248098A506171F81CF6CFTSTEXC-SOLUTION, buildAgent=BuildAgentDTO[name=artemis-build-agent-test, memberAddress=[127.0.0.1]:5703, displayName=artemis-build-agent-test], participationId=2027, courseId=992, exerciseId=2609, retryCount=0, priority=2, status=SUCCESSFUL, repositoryInfo=RepositoryInfo[repositoryName=short0fc863930e92904248098a506171f81cf6cftstexc-solution, repositoryType=solution, triggeredByPushTo=auxiliary, assignmentRepositoryUri=http://localhost:49152/git/SHORT0FC863930E92904248098A506171F81CF6CFTSTEXC/short0fc863930e92904248098a506171f81cf6cftstexc-solution.git, testRepositoryUri=http://localhost:49152/git/SHORT0FC863930E92904248098A506171F81CF6CFTSTEXC/short0fc863930e92904248098a506171f81cf6cftstexc-tests.git, solutionRepositoryUri=null, auxiliaryRepositoryUris=[Ljava.lang.String;@503f4626, auxiliaryRepositoryCheckoutDirectories=[Ljava.lang.String;@552e0c93], jobTimingInfo=JobTimingInfo[submissionDate=2025-02-14T23:45:46.886984066Z[Etc/UTC], buildStartDate=2025-02-14T23:45:46.897709578Z[Etc/UTC], buildCompletionDate=2025-02-14T23:45:48.628460156Z[Etc/UTC], estimatedCompletionDate=2025-02-14T23:46:05.897701272Z[Etc/UTC], estimatedDuration=19], buildConfig=BuildConfig[buildScript=#!/bin/bash
cd /var/tmp/testing-dir
chmod +x ./gradlew
./gradlew clean test
, dockerImage=dummy-docker-image:latest, commitHashToBuild=null, assignmentCommitHash=115a2e943bee242fdad360b50d8ad5f30792577e, testCommitHash=9b3a9bd71a0d80e5bbc42204c319ed3d1d4f0d6d, branch=main, programmingLanguage=JAVA, projectType=PLAIN_GRADLE, scaEnabled=false, sequentialTestRunsEnabled=false, resultPaths=[/var/tmp/testing-dir/**/test-results/test/*.xml], timeoutSeconds=0, assignmentCheckoutPath=null, testCheckoutPath=null, solutionCheckoutPath=null, dockerRunConfig=null], submissionResult=ResultDTO[id=636, completionDate=2025-02-14T23:45:48.593370968Z[Etc/UTC], successful=true, score=100.0, rated=true, submission=SubmissionDTO[id=830, submitted=true, type=TEST, exampleSubmission=null, submissionDate=2025-02-14T23:45:46.873671Z, commitHash=9b3a9bd71a0d80e5bbc42204c319ed3d1d4f0d6d, buildFailed=false, buildArtifact=false, participation=ParticipationDTO[id=2027, testRun=false, type=solution, submissionCount=null, exercise=ParticipationExerciseDTO[id=2609, exerciseType=PROGRAMMING, type=programming, assessmentType=AUTOMATIC, dueDate=2025-02-16T23:45:46.386304Z, assessmentDueDate=null, maxPoints=42.0, course=CourseDTO[id=992, accuracyOfScores=1]]], submissionExerciseType=programming, isProcessing=false, buildStartDate=null, estimatedCompletionDate=null], participation=ParticipationDTO[id=2027, testRun=false, type=solution, submissionCount=null, exercise=ParticipationExerciseDTO[id=2609, exerciseType=PROGRAMMING, type=programming, assessmentType=AUTOMATIC, dueDate=2025-02-16T23:45:46.386304Z, assessmentDueDate=null, maxPoints=42.0, course=CourseDTO[id=992, accuracyOfScores=1]]], feedbacks=[FeedbackDTO[id=972, text=null, detailText=null, hasLongFeedbackText=false, reference=null, credits=3.230769230769231, positive=true, type=AUTOMATIC, visibility=ALWAYS, testCase=TestCaseDTO[testName=testMethods[Context], id=1461]], FeedbackDTO[id=973, text=null, detailText=null, hasLongFeedbackText=false, reference=null, credits=3.230769230769231, positive=true, type=AUTOMATIC, visibility=ALWAYS, testCase=TestCaseDTO[testName=testMethods[Policy], id=1462]], FeedbackDTO[id=974, text=null, detailText=null, hasLongFeedbackText=false, reference=null, credits=3.230769230769231, positive=true, type=AUTOMATIC, visibility=ALWAYS, testCase=TestCaseDTO[testName=testMethods[SortStrategy], id=1463]], FeedbackDTO[id=975, text=null, detailText=null, hasLongFeedbackText=false, reference=null, credits=3.230769230769231, positive=true, type=AUTOMATIC, visibility=ALWAYS, testCase=TestCaseDTO[testName=testClass[MergeSort], id=1458]], FeedbackDTO[id=976, text=null, detailText=null, hasLongFeedbackText=false, reference=null, credits=3.230769230769231, positive=true, type=AUTOMATIC, visibility=ALWAYS, testCase=TestCaseDTO[testName=testClass[SortStrategy], id=1455]], FeedbackDTO[id=977, text=null, detailText=null, hasLongFeedbackText=false, reference=null, credits=3.230769230769231, positive=true, type=AUTOMATIC, visibility=ALWAYS, testCase=TestCaseDTO[testName=testClass[BubbleSort], id=1459]], FeedbackDTO[id=978, text=null, detailText=null, hasLongFeedbackText=false, reference=null, credits=3.230769230769231, positive=true, type=AUTOMATIC, visibility=ALWAYS, testCase=TestCaseDTO[testName=testMergeSort(), id=1464]], FeedbackDTO[id=979, text=null, detailText=null, hasLongFeedbackText=false, reference=null, credits=3.230769230769231, positive=true, type=AUTOMATIC, visibility=ALWAYS, testCase=TestCaseDTO[testName=testUseBubbleSortForSmallList(), id=1465]], FeedbackDTO[id=980, text=null, detailText=null, hasLongFeedbackText=false, reference=null, credits=3.230769230769231, positive=true, type=AUTOMATIC, visibility=ALWAYS, testCase=TestCaseDTO[testName=testBubbleSort(), id=1467]], FeedbackDTO[id=981, text=null, detailText=null, hasLongFeedbackText=false, reference=null, credits=3.230769230769231, positive=true, type=AUTOMATIC, visibility=ALWAYS, testCase=TestCaseDTO[testName=testUseMergeSortForBigList(), id=1466]], FeedbackDTO[id=982, text=null, detailText=null, hasLongFeedbackText=false, reference=null, credits=3.230769230769231, positive=true, type=AUTOMATIC, visibility=ALWAYS, testCase=TestCaseDTO[testName=testConstructors[Policy], id=1460]], FeedbackDTO[id=983, text=null, detailText=null, hasLongFeedbackText=false, reference=null, credits=3.230769230769231, positive=true, type=AUTOMATIC, visibility=ALWAYS, testCase=TestCaseDTO[testName=testAttributes[Context], id=1456]], FeedbackDTO[id=984, text=null, detailText=null, hasLongFeedbackText=false, reference=null, credits=3.230769230769231, positive=true, type=AUTOMATIC, visibility=ALWAYS, testCase=TestCaseDTO[testName=testAttributes[Policy], id=1457]]], assessmentType=AUTOMATIC, hasComplaint=null, exampleResult=null, testCaseCount=13, passedTestCaseCount=13, codeIssueCount=0]]], publicSshKey=ssh-rsa AAAAB3NzaC1yc2EAAAADAQABAAACAQCOPdMsxRE2jFJ/UEa5/LsBxtwzJcrh3/rYBCQvcMeVpiRfhzQPWu7mrt/G2Ew+i+vRloGH9aqKg6dd1liRncao53Zmd/ePxoatXePNhmzTfkCkcSkTUz7B+QMjkoDDV5jwuFPD6mF3JkhuzSi64n9Zy905t4w2IhVcjM2mL3eYNjiCXt6Qpq3Pkt7dM/Ksw1nxnvuiIALuJLB3FTkXkHqq3PJav+9HSq2r6ZaWgekneaGxlQlb+U+Vy3XOuArKAzK8c8i+0bR+AHiTG6ncYXt7ax3U+TdlDTF7OLP3umwaYjs1NBXOHwG42pevvpKn2fqavZZozk+M05jXLx3bq0O7itxfErWc7etky8qYPyyIMF/txQIVLd78+Ze4d7Y60t5MGbXM5cGE6fFif5fEJwgswXD+BrG0cafz1CTatjSKFdvp8Vp4VszXhHDan1PrP6JEFJ5Cc5GDmLRZPCFa3vL9f5qXgf4bkqKN8MYeEujwJE5nMRWoiJVNakix2bcrrneQMBlnYeYZVWXXXUusAQBzl4NgddC1umZpihZkL1b1MffZAUW3EGEXi7KHnllQhkTLLsQ8ntMgbylqaJKStqaXlLvdeRJcEnUuiFCrHEVVbXRFZR7XVDZ02CE5o3MuaRPty8Kh+jRTF3COlAckHwYEJCNNJvXFgb2CNXL4mjzYDw== test@localhost]
    23:45:48.797 | 566 localvc.event-13 | DEBUG | a.p.s.l.SharedQueueManagementService : Build agent updated: null
    23:45:48.798 | 566 localvc.event-13 | DEBUG | a.a.b.s.SharedQueueProcessingService : CIBuildJobQueueItem added to queue: BuildJobQueueItem[id=20281739576748768, name=SHORT0FC863930E92904248098A506171F81CF6CFTSTEXC-BASE, buildAgent=BuildAgentDTO[name=null, memberAddress=null, displayName=null], participationId=2028, courseId=992, exerciseId=2609, retryCount=0, priority=2, status=null, repositoryInfo=RepositoryInfo[repositoryName=short0fc863930e92904248098a506171f81cf6cftstexc-exercise, repositoryType=exercise, triggeredByPushTo=auxiliary, assignmentRepositoryUri=http://localhost:49152/git/SHORT0FC863930E92904248098A506171F81CF6CFTSTEXC/short0fc863930e92904248098a506171f81cf6cftstexc-exercise.git, testRepositoryUri=http://localhost:49152/git/SHORT0FC863930E92904248098A506171F81CF6CFTSTEXC/short0fc863930e92904248098a506171f81cf6cftstexc-tests.git, solutionRepositoryUri=null, auxiliaryRepositoryUris=[Ljava.lang.String;@65bd9c82, auxiliaryRepositoryCheckoutDirectories=[Ljava.lang.String;@4f19f865], jobTimingInfo=JobTimingInfo[submissionDate=2025-02-14T23:45:48.768063548Z[Etc/UTC], buildStartDate=null, buildCompletionDate=null, estimatedCompletionDate=null, estimatedDuration=2], buildConfig=BuildConfig[buildScript=#!/bin/bash
cd /var/tmp/testing-dir
chmod +x ./gradlew
./gradlew clean test
, dockerImage=dummy-docker-image:latest, commitHashToBuild=9b3a9bd71a0d80e5bbc42204c319ed3d1d4f0d6d, assignmentCommitHash=115a2e943bee242fdad360b50d8ad5f30792577e, testCommitHash=9b3a9bd71a0d80e5bbc42204c319ed3d1d4f0d6d, branch=main, programmingLanguage=JAVA, projectType=PLAIN_GRADLE, scaEnabled=false, sequentialTestRunsEnabled=false, resultPaths=[/var/tmp/testing-dir/**/test-results/test/*.xml], timeoutSeconds=0, assignmentCheckoutPath=null, testCheckoutPath=null, solutionCheckoutPath=null, dockerRunConfig=null], submissionResult=null]
    23:45:48.802 | 566 localvc.event-13 | DEBUG | a.a.b.s.SharedQueueProcessingService : Current queued items: 1
    23:45:48.802 | 566 localvc.event-13 | DEBUG | a.a.b.s.SharedQueueProcessingService : Currently processing jobs on this node: 0, active threads in Pool: 0, maximum pool size of thread executor : 1
    23:45:48.802 | 566 localvc.event-13 | DEBUG | a.a.b.s.SharedQueueProcessingService : Currently processing jobs on this node: 0, active threads in Pool: 0, maximum pool size of thread executor : 1
    23:45:48.802 | 565 localvc.event-12 | DEBUG | a.p.s.l.LocalCIQueueWebsocketService : CIBuildJobQueueItem added to processing jobs: BuildJobQueueItem[id=20281739576748768, name=SHORT0FC863930E92904248098A506171F81CF6CFTSTEXC-BASE, buildAgent=BuildAgentDTO[name=artemis-build-agent-test, memberAddress=[127.0.0.1]:5703, displayName=artemis-build-agent-test], participationId=2028, courseId=992, exerciseId=2609, retryCount=0, priority=2, status=null, repositoryInfo=RepositoryInfo[repositoryName=short0fc863930e92904248098a506171f81cf6cftstexc-exercise, repositoryType=exercise, triggeredByPushTo=auxiliary, assignmentRepositoryUri=http://localhost:49152/git/SHORT0FC863930E92904248098A506171F81CF6CFTSTEXC/short0fc863930e92904248098a506171f81cf6cftstexc-exercise.git, testRepositoryUri=http://localhost:49152/git/SHORT0FC863930E92904248098A506171F81CF6CFTSTEXC/short0fc863930e92904248098a506171f81cf6cftstexc-tests.git, solutionRepositoryUri=null, auxiliaryRepositoryUris=[Ljava.lang.String;@3b297d82, auxiliaryRepositoryCheckoutDirectories=[Ljava.lang.String;@4c6c830d], jobTimingInfo=JobTimingInfo[submissionDate=2025-02-14T23:45:48.768063548Z[Etc/UTC], buildStartDate=2025-02-14T23:45:48.802531989Z[Etc/UTC], buildCompletionDate=null, estimatedCompletionDate=2025-02-14T23:45:50.802523092Z[Etc/UTC], estimatedDuration=2], buildConfig=BuildConfig[buildScript=#!/bin/bash
cd /var/tmp/testing-dir
chmod +x ./gradlew
./gradlew clean test
, dockerImage=dummy-docker-image:latest, commitHashToBuild=9b3a9bd71a0d80e5bbc42204c319ed3d1d4f0d6d, assignmentCommitHash=115a2e943bee242fdad360b50d8ad5f30792577e, testCommitHash=9b3a9bd71a0d80e5bbc42204c319ed3d1d4f0d6d, branch=main, programmingLanguage=JAVA, projectType=PLAIN_GRADLE, scaEnabled=false, sequentialTestRunsEnabled=false, resultPaths=[/var/tmp/testing-dir/**/test-results/test/*.xml], timeoutSeconds=0, assignmentCheckoutPath=null, testCheckoutPath=null, solutionCheckoutPath=null, dockerRunConfig=null], submissionResult=null]
    23:45:48.803 | 565 localvc.event-12 | DEBUG | s.l.LocalCIWebsocketMessagingService : Sending message on topic /topic/admin/running-jobs: [BuildJobQueueItem[id=20281739576748768, name=SHORT0FC863930E92904248098A506171F81CF6CFTSTEXC-BASE, buildAgent=BuildAgentDTO[name=artemis-build-agent-test, memberAddress=[127.0.0.1]:5703, displayName=artemis-build-agent-test], participationId=2028, courseId=992, exerciseId=2609, retryCount=0, priority=2, status=null, repositoryInfo=RepositoryInfo[repositoryName=short0fc863930e92904248098a506171f81cf6cftstexc-exercise, repositoryType=exercise, triggeredByPushTo=auxiliary, assignmentRepositoryUri=, testRepositoryUri=, solutionRepositoryUri=, auxiliaryRepositoryUris=null, auxiliaryRepositoryCheckoutDirectories=null], jobTimingInfo=JobTimingInfo[submissionDate=2025-02-14T23:45:48.768063548Z[Etc/UTC], buildStartDate=2025-02-14T23:45:48.802531989Z[Etc/UTC], buildCompletionDate=null, estimatedCompletionDate=2025-02-14T23:45:50.802523092Z[Etc/UTC], estimatedDuration=2], buildConfig=BuildConfig[buildScript=, dockerImage=, commitHashToBuild=9b3a9bd71a0d80e5bbc42204c319ed3d1d4f0d6d, assignmentCommitHash=, testCommitHash=, branch=, programmingLanguage=null, projectType=null, scaEnabled=false, sequentialTestRunsEnabled=false, resultPaths=null, timeoutSeconds=0, assignmentCheckoutPath=, testCheckoutPath=, solutionCheckoutPath=, dockerRunConfig=null], submissionResult=null]]
    23:45:48.803 | 565 localvc.event-12 | DEBUG | s.l.LocalCIWebsocketMessagingService : Sending message on topic /topic/courses/992/running-jobs: [BuildJobQueueItem[id=20281739576748768, name=SHORT0FC863930E92904248098A506171F81CF6CFTSTEXC-BASE, buildAgent=BuildAgentDTO[name=artemis-build-agent-test, memberAddress=[127.0.0.1]:5703, displayName=artemis-build-agent-test], participationId=2028, courseId=992, exerciseId=2609, retryCount=0, priority=2, status=null, repositoryInfo=RepositoryInfo[repositoryName=short0fc863930e92904248098a506171f81cf6cftstexc-exercise, repositoryType=exercise, triggeredByPushTo=auxiliary, assignmentRepositoryUri=, testRepositoryUri=, solutionRepositoryUri=, auxiliaryRepositoryUris=null, auxiliaryRepositoryCheckoutDirectories=null], jobTimingInfo=JobTimingInfo[submissionDate=2025-02-14T23:45:48.768063548Z[Etc/UTC], buildStartDate=2025-02-14T23:45:48.802531989Z[Etc/UTC], buildCompletionDate=null, estimatedCompletionDate=2025-02-14T23:45:50.802523092Z[Etc/UTC], estimatedDuration=2], buildConfig=BuildConfig[buildScript=, dockerImage=, commitHashToBuild=9b3a9bd71a0d80e5bbc42204c319ed3d1d4f0d6d, assignmentCommitHash=, testCommitHash=, branch=, programmingLanguage=null, projectType=null, scaEnabled=false, sequentialTestRunsEnabled=false, resultPaths=null, timeoutSeconds=0, assignmentCheckoutPath=, testCheckoutPath=, solutionCheckoutPath=, dockerRunConfig=null], submissionResult=null]]
    23:45:48.807 | 566 localvc.event-13 | INFO  | a.a.b.s.SharedQueueProcessingService : Processing build job: BuildJobQueueItem[id=20281739576748768, name=SHORT0FC863930E92904248098A506171F81CF6CFTSTEXC-BASE, buildAgent=BuildAgentDTO[name=artemis-build-agent-test, memberAddress=[127.0.0.1]:5703, displayName=artemis-build-agent-test], participationId=2028, courseId=992, exerciseId=2609, retryCount=0, priority=2, status=null, repositoryInfo=RepositoryInfo[repositoryName=short0fc863930e92904248098a506171f81cf6cftstexc-exercise, repositoryType=exercise, triggeredByPushTo=auxiliary, assignmentRepositoryUri=http://localhost:49152/git/SHORT0FC863930E92904248098A506171F81CF6CFTSTEXC/short0fc863930e92904248098a506171f81cf6cftstexc-exercise.git, testRepositoryUri=http://localhost:49152/git/SHORT0FC863930E92904248098A506171F81CF6CFTSTEXC/short0fc863930e92904248098a506171f81cf6cftstexc-tests.git, solutionRepositoryUri=null, auxiliaryRepositoryUris=[Ljava.lang.String;@67f46437, auxiliaryRepositoryCheckoutDirectories=[Ljava.lang.String;@36a36358], jobTimingInfo=JobTimingInfo[submissionDate=2025-02-14T23:45:48.768063548Z[Etc/UTC], buildStartDate=2025-02-14T23:45:48.802531989Z[Etc/UTC], buildCompletionDate=null, estimatedCompletionDate=2025-02-14T23:45:50.802523092Z[Etc/UTC], estimatedDuration=2], buildConfig=BuildConfig[buildScript=#!/bin/bash
cd /var/tmp/testing-dir
chmod +x ./gradlew
./gradlew clean test
, dockerImage=dummy-docker-image:latest, commitHashToBuild=9b3a9bd71a0d80e5bbc42204c319ed3d1d4f0d6d, assignmentCommitHash=115a2e943bee242fdad360b50d8ad5f30792577e, testCommitHash=9b3a9bd71a0d80e5bbc42204c319ed3d1d4f0d6d, branch=main, programmingLanguage=JAVA, projectType=PLAIN_GRADLE, scaEnabled=false, sequentialTestRunsEnabled=false, resultPaths=[/var/tmp/testing-dir/**/test-results/test/*.xml], timeoutSeconds=0, assignmentCheckoutPath=null, testCheckoutPath=null, solutionCheckoutPath=null, dockerRunConfig=null], submissionResult=null]
    23:45:48.811 | 576 local-ci-build-0 | DEBUG | t.c.a.a.b.s.BuildJobExecutionService : ~~~~~~~~~~~~~~~~~~~~ Start Build Job 20281739576748768 ~~~~~~~~~~~~~~~~~~~~
    23:45:48.811 | 576 local-ci-build-0 | INFO  | .t.c.a.a.b.s.BuildAgentDockerService : ~~~~~~~~~~~~~~~~~~~~ Inspecting docker image dummy-docker-image:latest ~~~~~~~~~~~~~~~~~~~~
    23:45:48.812 | 576 local-ci-build-0 | DEBUG | d.t.c.a.a.b.s.BuildJobGitService     : Cloning from ssh://git@localhost:7921/git/SHORT0FC863930E92904248098A506171F81CF6CFTSTEXC/short0fc863930e92904248098a506171f81cf6cftstexc-exercise.git to checked-out-repos/115a2e943bee242fdad360b50d8ad5f30792577e/SHORT0FC863930E92904248098A506171F81CF6CFTSTEXC/short0fc863930e92904248098a506171f81cf6cftstexc-exercise
    23:45:48.817 | 588 artemis-task-1   | DEBUG | d.t.c.a.a.c.c.w.GzipMessageConverter : Compressed message payload from 79250 to 8796 (saved 88.9% payload size)
    23:45:48.817 | 588 artemis-task-1   | DEBUG | d.t.c.a.a.c.c.w.GzipMessageConverter : Compressed message payload from 972 to 700 (saved 28.0% payload size)
    23:45:48.817 | 588 artemis-task-1   | DEBUG | d.t.c.a.a.c.c.w.GzipMessageConverter : Compressed message payload from 972 to 700 (saved 28.0% payload size)
    23:45:48.828 | 576 local-ci-build-0 | DEBUG | d.t.c.a.a.p.s.AbstractGitService     : getOptions: localhost:7921
    23:45:49.065 | 533 9]-nio2-thread-4 | WARN  | o.e.j.i.t.s.OpenSshServerKeyDatabase : Could not update known hosts file /tmp/known_hosts
org.eclipse.jgit.errors.UnsupportedCredentialItem: /tmp/known_hosts: org.eclipse.jgit.transport.CredentialItem$YesNoType:Create file /tmp/known_hosts ?
	at org.eclipse.jgit.transport.UsernamePasswordCredentialsProvider.get(UsernamePasswordCredentialsProvider.java:100)
	at org.eclipse.jgit.transport.CredentialsProvider.get(CredentialsProvider.java:125)
	at org.eclipse.jgit.internal.transport.sshd.OpenSshServerKeyDatabase$AskUser.askUser(OpenSshServerKeyDatabase.java:429)
	at org.eclipse.jgit.internal.transport.sshd.OpenSshServerKeyDatabase$AskUser.createNewFile(OpenSshServerKeyDatabase.java:549)
	at org.eclipse.jgit.internal.transport.sshd.OpenSshServerKeyDatabase.accept(OpenSshServerKeyDatabase.java:249)
	at org.eclipse.jgit.internal.transport.sshd.JGitServerKeyVerifier.verifyServerKey(JGitServerKeyVerifier.java:94)
	at org.apache.sshd.client.session.AbstractClientSession.checkKeys(AbstractClientSession.java:637)
	at org.apache.sshd.common.session.helpers.AbstractSession.handleKexMessage(AbstractSession.java:767)
	at org.apache.sshd.common.session.helpers.AbstractSession.doHandleMessage(AbstractSession.java:622)
	at org.apache.sshd.common.session.helpers.AbstractSession.lambda$handleMessage$0(AbstractSession.java:546)
	at org.apache.sshd.common.util.threads.ThreadUtils.runAsInternal(ThreadUtils.java:68)
	at org.apache.sshd.common.session.helpers.AbstractSession.handleMessage(AbstractSession.java:545)
	at org.apache.sshd.common.session.helpers.AbstractSession.decode(AbstractSession.java:1729)
	at org.apache.sshd.common.session.helpers.AbstractSession.messageReceived(AbstractSession.java:506)
	at org.eclipse.jgit.internal.transport.sshd.JGitClientSession.messageReceived(JGitClientSession.java:223)
	at org.apache.sshd.common.session.helpers.AbstractSessionIoHandler.messageReceived(AbstractSessionIoHandler.java:64)
	at org.apache.sshd.common.io.nio2.Nio2Session.handleReadCycleCompletion(Nio2Session.java:409)
	at org.apache.sshd.common.io.nio2.Nio2Session$1.onCompleted(Nio2Session.java:382)
	at org.apache.sshd.common.io.nio2.Nio2Session$1.onCompleted(Nio2Session.java:377)
	at org.apache.sshd.common.io.nio2.Nio2CompletionHandler.lambda$completed$0(Nio2CompletionHandler.java:38)
	at java.base/java.security.AccessController.doPrivileged(AccessController.java:319)
	at org.apache.sshd.common.io.nio2.Nio2CompletionHandler.completed(Nio2CompletionHandler.java:37)
	at java.base/sun.nio.ch.Invoker.invokeUnchecked(Invoker.java:129)
	at java.base/sun.nio.ch.Invoker$2.run(Invoker.java:221)
	at java.base/sun.nio.ch.AsynchronousChannelGroupImpl$1.run(AsynchronousChannelGroupImpl.java:113)
	at java.base/java.util.concurrent.ThreadPoolExecutor.runWorker(ThreadPoolExecutor.java:1144)
	at java.base/java.util.concurrent.ThreadPoolExecutor$Worker.run(ThreadPoolExecutor.java:642)
	at java.base/java.lang.Thread.run(Thread.java:1583)
    23:45:49.069 | 970 1)-nio2-thread-5 | DEBUG | s.l.GitPublickeyAuthenticatorService : Authenticating build agent artemis-build-agent-test on address [127.0.0.1]:5703
    23:45:49.082 | 960 1)-nio2-thread-2 | DEBUG | s.l.GitPublickeyAuthenticatorService : Authenticating build agent artemis-build-agent-test on address [127.0.0.1]:5703
    23:45:49.178 | 958 1)-nio2-thread-1 | DEBUG | d.t.c.a.a.p.s.l.ssh.SshGitCommand    : start(ChannelSession[id=0, recipient=0]-ServerSessionImpl[git@/127.0.0.1:52418]) starting runner for command=git-upload-pack '/git/SHORT0FC863930E92904248098A506171F81CF6CFTSTEXC/short0fc863930e92904248098a506171f81cf6cftstexc-exercise.git'
    23:45:49.193 | 538 git-ssh-thread-1 | DEBUG | .t.c.a.a.p.s.l.LocalVCServletService : Path to resolve repository from: /tmp/SHORT0FC863930E92904248098A506171F81CF6CFTSTEXC/short0fc863930e92904248098a506171f81cf6cftstexc-exercise.git
    23:45:49.193 | 538 git-ssh-thread-1 | DEBUG | .t.c.a.a.p.s.l.LocalVCServletService : Opening local repository SHORT0FC863930E92904248098A506171F81CF6CFTSTEXC/short0fc863930e92904248098a506171f81cf6cftstexc-exercise.git
    23:45:49.193 | 538 git-ssh-thread-1 | DEBUG | .t.c.a.a.p.s.l.LocalVCServletService : Resolving repository for repository SHORT0FC863930E92904248098A506171F81CF6CFTSTEXC/short0fc863930e92904248098a506171f81cf6cftstexc-exercise.git took 383µs
    23:45:49.337 | 538 git-ssh-thread-1 | DEBUG | d.t.c.a.a.p.s.l.ssh.SshGitCommand    : onExit(ServerSessionImpl[git@/127.0.0.1:52418])[SshGitCommand[git-upload-pack '/git/SHORT0FC863930E92904248098A506171F81CF6CFTSTEXC/short0fc863930e92904248098a506171f81cf6cftstexc-exercise.git'][session=ServerSessionImpl[git@/127.0.0.1:52418]]] exiting - value=0, message=
    23:45:49.339 | 958 1)-nio2-thread-1 | DEBUG | d.t.c.a.a.p.s.l.ssh.SshGitCommand    : destroy(ChannelSession[id=0, recipient=0]-ServerSessionImpl[git@/127.0.0.1:52418])[SshGitCommand[git-upload-pack '/git/SHORT0FC863930E92904248098A506171F81CF6CFTSTEXC/short0fc863930e92904248098a506171f81cf6cftstexc-exercise.git'][session=ServerSessionImpl[git@/127.0.0.1:52418]]] - shutdown executor service - runners count=0
    23:45:49.339 | 958 1)-nio2-thread-1 | DEBUG | d.t.c.a.a.p.s.l.ssh.SshGitCommand    : destroy(SshGitCommand[git-upload-pack '/git/SHORT0FC863930E92904248098A506171F81CF6CFTSTEXC/short0fc863930e92904248098a506171f81cf6cftstexc-exercise.git'][session=ServerSessionImpl[git@/127.0.0.1:52418]]) - failed (UnsupportedOperationException) to close file system=sun.nio.fs.LinuxFileSystem@348460d6: null
    23:45:49.349 | 576 local-ci-build-0 | WARN  | org.eclipse.jgit.lib.Repository      : close() called when useCnt is already zero for Repository[checked-out-repos/115a2e943bee242fdad360b50d8ad5f30792577e/SHORT0FC863930E92904248098A506171F81CF6CFTSTEXC/short0fc863930e92904248098a506171f81cf6cftstexc-exercise/.git]
    23:45:49.349 | 576 local-ci-build-0 | DEBUG | d.t.c.a.a.b.s.BuildJobGitService     : Cloning from ssh://git@localhost:7921/git/SHORT0FC863930E92904248098A506171F81CF6CFTSTEXC/short0fc863930e92904248098a506171f81cf6cftstexc-tests.git to checked-out-repos/115a2e943bee242fdad360b50d8ad5f30792577e/SHORT0FC863930E92904248098A506171F81CF6CFTSTEXC/short0fc863930e92904248098a506171f81cf6cftstexc-tests
    23:45:49.364 | 576 local-ci-build-0 | DEBUG | d.t.c.a.a.p.s.AbstractGitService     : getOptions: localhost:7921
    23:45:49.574 | 558 8]-nio2-thread-4 | WARN  | o.e.j.i.t.s.OpenSshServerKeyDatabase : Could not update known hosts file /tmp/known_hosts
org.eclipse.jgit.errors.UnsupportedCredentialItem: /tmp/known_hosts: org.eclipse.jgit.transport.CredentialItem$YesNoType:Create file /tmp/known_hosts ?
	at org.eclipse.jgit.transport.UsernamePasswordCredentialsProvider.get(UsernamePasswordCredentialsProvider.java:100)
	at org.eclipse.jgit.transport.CredentialsProvider.get(CredentialsProvider.java:125)
	at org.eclipse.jgit.internal.transport.sshd.OpenSshServerKeyDatabase$AskUser.askUser(OpenSshServerKeyDatabase.java:429)
	at org.eclipse.jgit.internal.transport.sshd.OpenSshServerKeyDatabase$AskUser.createNewFile(OpenSshServerKeyDatabase.java:549)
	at org.eclipse.jgit.internal.transport.sshd.OpenSshServerKeyDatabase.accept(OpenSshServerKeyDatabase.java:249)
	at org.eclipse.jgit.internal.transport.sshd.JGitServerKeyVerifier.verifyServerKey(JGitServerKeyVerifier.java:94)
	at org.apache.sshd.client.session.AbstractClientSession.checkKeys(AbstractClientSession.java:637)
	at org.apache.sshd.common.session.helpers.AbstractSession.handleKexMessage(AbstractSession.java:767)
	at org.apache.sshd.common.session.helpers.AbstractSession.doHandleMessage(AbstractSession.java:622)
	at org.apache.sshd.common.session.helpers.AbstractSession.lambda$handleMessage$0(AbstractSession.java:546)
	at org.apache.sshd.common.util.threads.ThreadUtils.runAsInternal(ThreadUtils.java:68)
	at org.apache.sshd.common.session.helpers.AbstractSession.handleMessage(AbstractSession.java:545)
	at org.apache.sshd.common.session.helpers.AbstractSession.decode(AbstractSession.java:1729)
	at org.apache.sshd.common.session.helpers.AbstractSession.messageReceived(AbstractSession.java:506)
	at org.eclipse.jgit.internal.transport.sshd.JGitClientSession.messageReceived(JGitClientSession.java:223)
	at org.apache.sshd.common.session.helpers.AbstractSessionIoHandler.messageReceived(AbstractSessionIoHandler.java:64)
	at org.apache.sshd.common.io.nio2.Nio2Session.handleReadCycleCompletion(Nio2Session.java:409)
	at org.apache.sshd.common.io.nio2.Nio2Session$1.onCompleted(Nio2Session.java:382)
	at org.apache.sshd.common.io.nio2.Nio2Session$1.onCompleted(Nio2Session.java:377)
	at org.apache.sshd.common.io.nio2.Nio2CompletionHandler.lambda$completed$0(Nio2CompletionHandler.java:38)
	at java.base/java.security.AccessController.doPrivileged(AccessController.java:319)
	at org.apache.sshd.common.io.nio2.Nio2CompletionHandler.completed(Nio2CompletionHandler.java:37)
	at java.base/sun.nio.ch.Invoker.invokeUnchecked(Invoker.java:129)
	at java.base/sun.nio.ch.Invoker$2.run(Invoker.java:221)
	at java.base/sun.nio.ch.AsynchronousChannelGroupImpl$1.run(AsynchronousChannelGroupImpl.java:113)
	at java.base/java.util.concurrent.ThreadPoolExecutor.runWorker(ThreadPoolExecutor.java:1144)
	at java.base/java.util.concurrent.ThreadPoolExecutor$Worker.run(ThreadPoolExecutor.java:642)
	at java.base/java.lang.Thread.run(Thread.java:1583)
    23:45:49.662 | 969 1)-nio2-thread-4 | DEBUG | s.l.GitPublickeyAuthenticatorService : Authenticating build agent artemis-build-agent-test on address [127.0.0.1]:5703
    23:45:49.690 | 966 1)-nio2-thread-3 | DEBUG | s.l.GitPublickeyAuthenticatorService : Authenticating build agent artemis-build-agent-test on address [127.0.0.1]:5703
    23:45:49.733 | 960 1)-nio2-thread-2 | DEBUG | d.t.c.a.a.p.s.l.ssh.SshGitCommand    : start(ChannelSession[id=0, recipient=0]-ServerSessionImpl[git@/127.0.0.1:52430]) starting runner for command=git-upload-pack '/git/SHORT0FC863930E92904248098A506171F81CF6CFTSTEXC/short0fc863930e92904248098a506171f81cf6cftstexc-tests.git'
    23:45:49.741 | 565 git-ssh-thread-1 | DEBUG | .t.c.a.a.p.s.l.LocalVCServletService : Path to resolve repository from: /tmp/SHORT0FC863930E92904248098A506171F81CF6CFTSTEXC/short0fc863930e92904248098a506171f81cf6cftstexc-tests.git
    23:45:49.741 | 565 git-ssh-thread-1 | DEBUG | .t.c.a.a.p.s.l.LocalVCServletService : Retrieving cached local repository SHORT0FC863930E92904248098A506171F81CF6CFTSTEXC/short0fc863930e92904248098a506171f81cf6cftstexc-tests.git
    23:45:49.741 | 565 git-ssh-thread-1 | DEBUG | .t.c.a.a.p.s.l.LocalVCServletService : Resolving repository for repository SHORT0FC863930E92904248098A506171F81CF6CFTSTEXC/short0fc863930e92904248098a506171f81cf6cftstexc-tests.git took 38µs
    23:45:49.902 | 565 git-ssh-thread-1 | DEBUG | d.t.c.a.a.p.s.l.ssh.SshGitCommand    : onExit(ServerSessionImpl[git@/127.0.0.1:52430])[SshGitCommand[git-upload-pack '/git/SHORT0FC863930E92904248098A506171F81CF6CFTSTEXC/short0fc863930e92904248098a506171f81cf6cftstexc-tests.git'][session=ServerSessionImpl[git@/127.0.0.1:52430]]] exiting - value=0, message=
    23:45:49.904 | 958 1)-nio2-thread-1 | WARN  | o.a.s.s.session.ServerSessionImpl    : exceptionCaught(ServerSessionImpl[git@/127.0.0.1:52430])[state=Opened] IOException: Connection reset by peer
    23:45:49.904 | 958 1)-nio2-thread-1 | DEBUG | d.t.c.a.a.p.s.l.ssh.SshGitCommand    : destroy(ChannelSession[id=0, recipient=0]-ServerSessionImpl[git@/127.0.0.1:52430])[SshGitCommand[git-upload-pack '/git/SHORT0FC863930E92904248098A506171F81CF6CFTSTEXC/short0fc863930e92904248098a506171f81cf6cftstexc-tests.git'][session=ServerSessionImpl[git@/127.0.0.1:52430]]] - shutdown executor service - runners count=0
    23:45:49.904 | 958 1)-nio2-thread-1 | DEBUG | d.t.c.a.a.p.s.l.ssh.SshGitCommand    : destroy(SshGitCommand[git-upload-pack '/git/SHORT0FC863930E92904248098A506171F81CF6CFTSTEXC/short0fc863930e92904248098a506171f81cf6cftstexc-tests.git'][session=ServerSessionImpl[git@/127.0.0.1:52430]]) - failed (UnsupportedOperationException) to close file system=sun.nio.fs.LinuxFileSystem@348460d6: null
    23:45:49.917 | 576 local-ci-build-0 | WARN  | org.eclipse.jgit.lib.Repository      : close() called when useCnt is already zero for Repository[checked-out-repos/115a2e943bee242fdad360b50d8ad5f30792577e/SHORT0FC863930E92904248098A506171F81CF6CFTSTEXC/short0fc863930e92904248098a506171f81cf6cftstexc-tests/.git]
    23:45:49.918 | 576 local-ci-build-0 | DEBUG | d.t.c.a.a.b.s.BuildJobGitService     : Cloning from ssh://git@localhost:7921/git/SHORT0FC863930E92904248098A506171F81CF6CFTSTEXC/short0fc863930e92904248098a506171f81cf6cftstexc-auxiliary.git to checked-out-repos/115a2e943bee242fdad360b50d8ad5f30792577e/SHORT0FC863930E92904248098A506171F81CF6CFTSTEXC/short0fc863930e92904248098a506171f81cf6cftstexc-auxiliary
    23:45:49.929 | 576 local-ci-build-0 | DEBUG | d.t.c.a.a.p.s.AbstractGitService     : getOptions: localhost:7921
    23:45:50.042 | 448 waitility-thread | DEBUG | .a.s.ParticipantScoreScheduleService : Processing of 1 results and 0 participant scores.
    23:45:50.051 |  27 nPool-1-worker-1 | INFO  | .c.a.a.p.i.LocalVCLocalCITestService : Expected commit hash: 9b3a9bd71a0d80e5bbc42204c319ed3d1d4f0d6d
    23:45:50.051 |  27 nPool-1-worker-1 | INFO  | .c.a.a.p.i.LocalVCLocalCITestService : Submission with commit hash: 9b3a9bd71a0d80e5bbc42204c319ed3d1d4f0d6d
    23:45:50.065 | 581 waitility-thread | DEBUG | .a.s.ParticipantScoreScheduleService : Processing of 0 results and 0 participant scores.
    23:45:50.097 | 578 0]-nio2-thread-3 | WARN  | o.e.j.i.t.s.OpenSshServerKeyDatabase : Could not update known hosts file /tmp/known_hosts
org.eclipse.jgit.errors.UnsupportedCredentialItem: /tmp/known_hosts: org.eclipse.jgit.transport.CredentialItem$YesNoType:Create file /tmp/known_hosts ?
	at org.eclipse.jgit.transport.UsernamePasswordCredentialsProvider.get(UsernamePasswordCredentialsProvider.java:100)
	at org.eclipse.jgit.transport.CredentialsProvider.get(CredentialsProvider.java:125)
	at org.eclipse.jgit.internal.transport.sshd.OpenSshServerKeyDatabase$AskUser.askUser(OpenSshServerKeyDatabase.java:429)
	at org.eclipse.jgit.internal.transport.sshd.OpenSshServerKeyDatabase$AskUser.createNewFile(OpenSshServerKeyDatabase.java:549)
	at org.eclipse.jgit.internal.transport.sshd.OpenSshServerKeyDatabase.accept(OpenSshServerKeyDatabase.java:249)
	at org.eclipse.jgit.internal.transport.sshd.JGitServerKeyVerifier.verifyServerKey(JGitServerKeyVerifier.java:94)
	at org.apache.sshd.client.session.AbstractClientSession.checkKeys(AbstractClientSession.java:637)
	at org.apache.sshd.common.session.helpers.AbstractSession.handleKexMessage(AbstractSession.java:767)
	at org.apache.sshd.common.session.helpers.AbstractSession.doHandleMessage(AbstractSession.java:622)
	at org.apache.sshd.common.session.helpers.AbstractSession.lambda$handleMessage$0(AbstractSession.java:546)
	at org.apache.sshd.common.util.threads.ThreadUtils.runAsInternal(ThreadUtils.java:68)
	at org.apache.sshd.common.session.helpers.AbstractSession.handleMessage(AbstractSession.java:545)
	at org.apache.sshd.common.session.helpers.AbstractSession.decode(AbstractSession.java:1729)
	at org.apache.sshd.common.session.helpers.AbstractSession.messageReceived(AbstractSession.java:506)
	at org.eclipse.jgit.internal.transport.sshd.JGitClientSession.messageReceived(JGitClientSession.java:223)
	at org.apache.sshd.common.session.helpers.AbstractSessionIoHandler.messageReceived(AbstractSessionIoHandler.java:64)
	at org.apache.sshd.common.io.nio2.Nio2Session.handleReadCycleCompletion(Nio2Session.java:409)
	at org.apache.sshd.common.io.nio2.Nio2Session$1.onCompleted(Nio2Session.java:382)
	at org.apache.sshd.common.io.nio2.Nio2Session$1.onCompleted(Nio2Session.java:377)
	at org.apache.sshd.common.io.nio2.Nio2CompletionHandler.lambda$completed$0(Nio2CompletionHandler.java:38)
	at java.base/java.security.AccessController.doPrivileged(AccessController.java:319)
	at org.apache.sshd.common.io.nio2.Nio2CompletionHandler.completed(Nio2CompletionHandler.java:37)
	at java.base/sun.nio.ch.Invoker.invokeUnchecked(Invoker.java:129)
	at java.base/sun.nio.ch.Invoker$2.run(Invoker.java:221)
	at java.base/sun.nio.ch.AsynchronousChannelGroupImpl$1.run(AsynchronousChannelGroupImpl.java:113)
	at java.base/java.util.concurrent.ThreadPoolExecutor.runWorker(ThreadPoolExecutor.java:1144)
	at java.base/java.util.concurrent.ThreadPoolExecutor$Worker.run(ThreadPoolExecutor.java:642)
	at java.base/java.lang.Thread.run(Thread.java:1583)
    23:45:50.172 | 581 waitility-thread | DEBUG | .a.s.ParticipantScoreScheduleService : Processing of 0 results and 0 participant scores.
    23:45:50.183 | 969 1)-nio2-thread-4 | DEBUG | s.l.GitPublickeyAuthenticatorService : Authenticating build agent artemis-build-agent-test on address [127.0.0.1]:5703
    23:45:50.209 | 966 1)-nio2-thread-3 | DEBUG | s.l.GitPublickeyAuthenticatorService : Authenticating build agent artemis-build-agent-test on address [127.0.0.1]:5703
    23:45:50.254 | 960 1)-nio2-thread-2 | DEBUG | d.t.c.a.a.p.s.l.ssh.SshGitCommand    : start(ChannelSession[id=0, recipient=0]-ServerSessionImpl[git@/127.0.0.1:52432]) starting runner for command=git-upload-pack '/git/SHORT0FC863930E92904248098A506171F81CF6CFTSTEXC/short0fc863930e92904248098a506171f81cf6cftstexc-auxiliary.git'
    23:45:50.261 | 598 git-ssh-thread-1 | DEBUG | .t.c.a.a.p.s.l.LocalVCServletService : Path to resolve repository from: /tmp/SHORT0FC863930E92904248098A506171F81CF6CFTSTEXC/short0fc863930e92904248098a506171f81cf6cftstexc-auxiliary.git
    23:45:50.261 | 598 git-ssh-thread-1 | DEBUG | .t.c.a.a.p.s.l.LocalVCServletService : Retrieving cached local repository SHORT0FC863930E92904248098A506171F81CF6CFTSTEXC/short0fc863930e92904248098a506171f81cf6cftstexc-auxiliary.git
    23:45:50.261 | 598 git-ssh-thread-1 | DEBUG | .t.c.a.a.p.s.l.LocalVCServletService : Resolving repository for repository SHORT0FC863930E92904248098A506171F81CF6CFTSTEXC/short0fc863930e92904248098a506171f81cf6cftstexc-auxiliary.git took 35µs
    23:45:50.379 | 581 waitility-thread | DEBUG | .a.s.ParticipantScoreScheduleService : Processing of 0 results and 0 participant scores.
    23:45:50.400 | 598 git-ssh-thread-1 | DEBUG | d.t.c.a.a.p.s.l.ssh.SshGitCommand    : onExit(ServerSessionImpl[git@/127.0.0.1:52432])[SshGitCommand[git-upload-pack '/git/SHORT0FC863930E92904248098A506171F81CF6CFTSTEXC/short0fc863930e92904248098a506171f81cf6cftstexc-auxiliary.git'][session=ServerSessionImpl[git@/127.0.0.1:52432]]] exiting - value=0, message=
    23:45:50.401 | 958 1)-nio2-thread-1 | DEBUG | d.t.c.a.a.p.s.l.ssh.SshGitCommand    : destroy(ChannelSession[id=0, recipient=0]-ServerSessionImpl[git@/127.0.0.1:52432])[SshGitCommand[git-upload-pack '/git/SHORT0FC863930E92904248098A506171F81CF6CFTSTEXC/short0fc863930e92904248098a506171f81cf6cftstexc-auxiliary.git'][session=ServerSessionImpl[git@/127.0.0.1:52432]]] - shutdown executor service - runners count=0
    23:45:50.401 | 958 1)-nio2-thread-1 | DEBUG | d.t.c.a.a.p.s.l.ssh.SshGitCommand    : destroy(SshGitCommand[git-upload-pack '/git/SHORT0FC863930E92904248098A506171F81CF6CFTSTEXC/short0fc863930e92904248098a506171f81cf6cftstexc-auxiliary.git'][session=ServerSessionImpl[git@/127.0.0.1:52432]]) - failed (UnsupportedOperationException) to close file system=sun.nio.fs.LinuxFileSystem@348460d6: null
    23:45:50.403 | 960 1)-nio2-thread-2 | WARN  | o.a.s.s.session.ServerSessionImpl    : exceptionCaught(ServerSessionImpl[git@/127.0.0.1:52432])[state=Opened] IOException: Connection reset
    23:45:50.421 | 576 local-ci-build-0 | WARN  | org.eclipse.jgit.lib.Repository      : close() called when useCnt is already zero for Repository[checked-out-repos/115a2e943bee242fdad360b50d8ad5f30792577e/SHORT0FC863930E92904248098A506171F81CF6CFTSTEXC/short0fc863930e92904248098a506171f81cf6cftstexc-auxiliary/.git]
    23:45:50.422 | 576 local-ci-build-0 | INFO  | t.c.a.a.b.s.BuildJobExecutionService : ~~~~~~~~~~~~~~~~~~~~ Started container local-ci-20281739576748768 for build job 20281739576748768 ~~~~~~~~~~~~~~~~~~~~
    23:45:50.422 | 576 local-ci-build-0 | DEBUG | t.c.a.a.b.s.BuildJobExecutionService : ~~~~~~~~~~~~~~~~~~~~ Populating build job container with repositories and build script ~~~~~~~~~~~~~~~~~~~~
    23:45:50.448 | 576 local-ci-build-0 | DEBUG | t.c.a.a.b.s.BuildJobExecutionService : ~~~~~~~~~~~~~~~~~~~~ Executing Build Script for Build job 20281739576748768 ~~~~~~~~~~~~~~~~~~~~
    23:45:50.448 | 576 local-ci-build-0 | INFO  | t.c.a.a.b.s.BuildJobContainerService : Started running the build script for build job in container with id 1234567890
    23:45:50.449 | 576 local-ci-build-0 | INFO  | t.c.a.a.b.s.BuildJobExecutionService : ~~~~~~~~~~~~~~~~~~~~ Finished Executing Build Script for Build job 20281739576748768 ~~~~~~~~~~~~~~~~~~~~
    23:45:50.449 | 576 local-ci-build-0 | DEBUG | t.c.a.a.b.s.BuildJobExecutionService : ~~~~~~~~~~~~~~~~~~~~ Moving test results to specified directory for build job 20281739576748768 ~~~~~~~~~~~~~~~~~~~~
    23:45:50.450 | 576 local-ci-build-0 | INFO  | t.c.a.a.b.s.BuildJobExecutionService : ~~~~~~~~~~~~~~~~~~~~ Collecting test results from container 1234567890 for build job 20281739576748768 ~~~~~~~~~~~~~~~~~~~~
    23:45:50.463 | 576 local-ci-build-0 | WARN  | org.eclipse.jgit.lib.Repository      : close() called when useCnt is already zero for Repository[checked-out-repos/115a2e943bee242fdad360b50d8ad5f30792577e/SHORT0FC863930E92904248098A506171F81CF6CFTSTEXC/short0fc863930e92904248098a506171f81cf6cftstexc-exercise/.git]
    23:45:50.465 | 576 local-ci-build-0 | DEBUG | d.t.c.a.a.p.s.AbstractGitService     : Deleted Repository at checked-out-repos/115a2e943bee242fdad360b50d8ad5f30792577e/SHORT0FC863930E92904248098A506171F81CF6CFTSTEXC/short0fc863930e92904248098a506171f81cf6cftstexc-exercise
    23:45:50.470 | 576 local-ci-build-0 | WARN  | org.eclipse.jgit.lib.Repository      : close() called when useCnt is already zero for Repository[checked-out-repos/115a2e943bee242fdad360b50d8ad5f30792577e/SHORT0FC863930E92904248098A506171F81CF6CFTSTEXC/short0fc863930e92904248098a506171f81cf6cftstexc-tests/.git]
    23:45:50.473 | 576 local-ci-build-0 | DEBUG | d.t.c.a.a.p.s.AbstractGitService     : Deleted Repository at checked-out-repos/115a2e943bee242fdad360b50d8ad5f30792577e/SHORT0FC863930E92904248098A506171F81CF6CFTSTEXC/short0fc863930e92904248098a506171f81cf6cftstexc-tests
    23:45:50.476 | 576 local-ci-build-0 | WARN  | org.eclipse.jgit.lib.Repository      : close() called when useCnt is already zero for Repository[checked-out-repos/115a2e943bee242fdad360b50d8ad5f30792577e/SHORT0FC863930E92904248098A506171F81CF6CFTSTEXC/short0fc863930e92904248098a506171f81cf6cftstexc-auxiliary/.git]
    23:45:50.482 | 576 local-ci-build-0 | DEBUG | d.t.c.a.a.p.s.AbstractGitService     : Deleted Repository at checked-out-repos/115a2e943bee242fdad360b50d8ad5f30792577e/SHORT0FC863930E92904248098A506171F81CF6CFTSTEXC/short0fc863930e92904248098a506171f81cf6cftstexc-auxiliary
    23:45:50.482 | 576 local-ci-build-0 | INFO  | t.c.a.a.b.s.BuildJobExecutionService : Building and testing submission for repository short0fc863930e92904248098a506171f81cf6cftstexc-exercise and commit hash 115a2e943bee242fdad360b50d8ad5f30792577e took 60.19ms for build job 20281739576748768
    23:45:50.482 | 566 localvc.event-13 | DEBUG | a.a.b.s.SharedQueueProcessingService : Build job completed: BuildJobQueueItem[id=20281739576748768, name=SHORT0FC863930E92904248098A506171F81CF6CFTSTEXC-BASE, buildAgent=BuildAgentDTO[name=artemis-build-agent-test, memberAddress=[127.0.0.1]:5703, displayName=artemis-build-agent-test], participationId=2028, courseId=992, exerciseId=2609, retryCount=0, priority=2, status=null, repositoryInfo=RepositoryInfo[repositoryName=short0fc863930e92904248098a506171f81cf6cftstexc-exercise, repositoryType=exercise, triggeredByPushTo=auxiliary, assignmentRepositoryUri=http://localhost:49152/git/SHORT0FC863930E92904248098A506171F81CF6CFTSTEXC/short0fc863930e92904248098a506171f81cf6cftstexc-exercise.git, testRepositoryUri=http://localhost:49152/git/SHORT0FC863930E92904248098A506171F81CF6CFTSTEXC/short0fc863930e92904248098a506171f81cf6cftstexc-tests.git, solutionRepositoryUri=null, auxiliaryRepositoryUris=[Ljava.lang.String;@67f46437, auxiliaryRepositoryCheckoutDirectories=[Ljava.lang.String;@36a36358], jobTimingInfo=JobTimingInfo[submissionDate=2025-02-14T23:45:48.768063548Z[Etc/UTC], buildStartDate=2025-02-14T23:45:48.802531989Z[Etc/UTC], buildCompletionDate=null, estimatedCompletionDate=2025-02-14T23:45:50.802523092Z[Etc/UTC], estimatedDuration=2], buildConfig=BuildConfig[buildScript=#!/bin/bash
cd /var/tmp/testing-dir
chmod +x ./gradlew
./gradlew clean test
, dockerImage=dummy-docker-image:latest, commitHashToBuild=9b3a9bd71a0d80e5bbc42204c319ed3d1d4f0d6d, assignmentCommitHash=115a2e943bee242fdad360b50d8ad5f30792577e, testCommitHash=9b3a9bd71a0d80e5bbc42204c319ed3d1d4f0d6d, branch=main, programmingLanguage=JAVA, projectType=PLAIN_GRADLE, scaEnabled=false, sequentialTestRunsEnabled=false, resultPaths=[/var/tmp/testing-dir/**/test-results/test/*.xml], timeoutSeconds=0, assignmentCheckoutPath=null, testCheckoutPath=null, solutionCheckoutPath=null, dockerRunConfig=null], submissionResult=null]
    23:45:50.485 | 565 localvc.event-12 | DEBUG | a.p.s.l.LocalCIQueueWebsocketService : CIBuildJobQueueItem removed from processing jobs: BuildJobQueueItem[id=20281739576748768, name=SHORT0FC863930E92904248098A506171F81CF6CFTSTEXC-BASE, buildAgent=BuildAgentDTO[name=artemis-build-agent-test, memberAddress=[127.0.0.1]:5703, displayName=artemis-build-agent-test], participationId=2028, courseId=992, exerciseId=2609, retryCount=0, priority=2, status=null, repositoryInfo=RepositoryInfo[repositoryName=short0fc863930e92904248098a506171f81cf6cftstexc-exercise, repositoryType=exercise, triggeredByPushTo=auxiliary, assignmentRepositoryUri=http://localhost:49152/git/SHORT0FC863930E92904248098A506171F81CF6CFTSTEXC/short0fc863930e92904248098a506171f81cf6cftstexc-exercise.git, testRepositoryUri=http://localhost:49152/git/SHORT0FC863930E92904248098A506171F81CF6CFTSTEXC/short0fc863930e92904248098a506171f81cf6cftstexc-tests.git, solutionRepositoryUri=null, auxiliaryRepositoryUris=[Ljava.lang.String;@26de0658, auxiliaryRepositoryCheckoutDirectories=[Ljava.lang.String;@6ca44b8b], jobTimingInfo=JobTimingInfo[submissionDate=2025-02-14T23:45:48.768063548Z[Etc/UTC], buildStartDate=2025-02-14T23:45:48.802531989Z[Etc/UTC], buildCompletionDate=null, estimatedCompletionDate=2025-02-14T23:45:50.802523092Z[Etc/UTC], estimatedDuration=2], buildConfig=BuildConfig[buildScript=#!/bin/bash
cd /var/tmp/testing-dir
chmod +x ./gradlew
./gradlew clean test
, dockerImage=dummy-docker-image:latest, commitHashToBuild=9b3a9bd71a0d80e5bbc42204c319ed3d1d4f0d6d, assignmentCommitHash=115a2e943bee242fdad360b50d8ad5f30792577e, testCommitHash=9b3a9bd71a0d80e5bbc42204c319ed3d1d4f0d6d, branch=main, programmingLanguage=JAVA, projectType=PLAIN_GRADLE, scaEnabled=false, sequentialTestRunsEnabled=false, resultPaths=[/var/tmp/testing-dir/**/test-results/test/*.xml], timeoutSeconds=0, assignmentCheckoutPath=null, testCheckoutPath=null, solutionCheckoutPath=null, dockerRunConfig=null], submissionResult=null]
    23:45:50.485 | 565 localvc.event-12 | DEBUG | s.l.LocalCIWebsocketMessagingService : Sending message on topic /topic/admin/running-jobs: []
    23:45:50.485 | 565 localvc.event-12 | DEBUG | s.l.LocalCIWebsocketMessagingService : Sending message on topic /topic/courses/992/running-jobs: []
    23:45:50.487 | 566 localvc.event-13 | DEBUG | a.a.b.s.SharedQueueProcessingService : Currently processing jobs on this node: 0, active threads in Pool: 0, maximum pool size of thread executor : 1
    23:45:50.487 | 566 localvc.event-13 | DEBUG | s.l.LocalCIWebsocketMessagingService : Sending message on topic /topic/admin/queued-jobs: []
    23:45:50.487 | 566 localvc.event-13 | DEBUG | s.l.LocalCIWebsocketMessagingService : Sending message on topic /topic/courses/992/queued-jobs: []
    23:45:50.487 | 566 localvc.event-13 | DEBUG | a.a.b.s.SharedQueueProcessingService : CIBuildJobQueueItem removed from queue: BuildJobQueueItem[id=20281739576748768, name=SHORT0FC863930E92904248098A506171F81CF6CFTSTEXC-BASE, buildAgent=BuildAgentDTO[name=null, memberAddress=null, displayName=null], participationId=2028, courseId=992, exerciseId=2609, retryCount=0, priority=2, status=null, repositoryInfo=RepositoryInfo[repositoryName=short0fc863930e92904248098a506171f81cf6cftstexc-exercise, repositoryType=exercise, triggeredByPushTo=auxiliary, assignmentRepositoryUri=http://localhost:49152/git/SHORT0FC863930E92904248098A506171F81CF6CFTSTEXC/short0fc863930e92904248098a506171f81cf6cftstexc-exercise.git, testRepositoryUri=http://localhost:49152/git/SHORT0FC863930E92904248098A506171F81CF6CFTSTEXC/short0fc863930e92904248098a506171f81cf6cftstexc-tests.git, solutionRepositoryUri=null, auxiliaryRepositoryUris=[Ljava.lang.String;@3b8fd60e, auxiliaryRepositoryCheckoutDirectories=[Ljava.lang.String;@3097ac5c], jobTimingInfo=JobTimingInfo[submissionDate=2025-02-14T23:45:48.768063548Z[Etc/UTC], buildStartDate=null, buildCompletionDate=null, estimatedCompletionDate=null, estimatedDuration=2], buildConfig=BuildConfig[buildScript=#!/bin/bash
cd /var/tmp/testing-dir
chmod +x ./gradlew
./gradlew clean test
, dockerImage=dummy-docker-image:latest, commitHashToBuild=9b3a9bd71a0d80e5bbc42204c319ed3d1d4f0d6d, assignmentCommitHash=115a2e943bee242fdad360b50d8ad5f30792577e, testCommitHash=9b3a9bd71a0d80e5bbc42204c319ed3d1d4f0d6d, branch=main, programmingLanguage=JAVA, projectType=PLAIN_GRADLE, scaEnabled=false, sequentialTestRunsEnabled=false, resultPaths=[/var/tmp/testing-dir/**/test-results/test/*.xml], timeoutSeconds=0, assignmentCheckoutPath=null, testCheckoutPath=null, solutionCheckoutPath=null, dockerRunConfig=null], submissionResult=null]
    23:45:50.488 | 566 localvc.event-13 | DEBUG | s.l.LocalCIWebsocketMessagingService : Sending message on topic /topic/admin/queued-jobs: []
    23:45:50.488 | 566 localvc.event-13 | DEBUG | s.l.LocalCIWebsocketMessagingService : Sending message on topic /topic/courses/992/queued-jobs: []
    23:45:50.490 | 566 localvc.event-13 | DEBUG | a.p.s.l.LocalCIQueueWebsocketService : Build agent updated: BuildAgentInformation[buildAgent=BuildAgentDTO[name=artemis-build-agent-test, memberAddress=[127.0.0.1]:5703, displayName=artemis-build-agent-test], maxNumberOfConcurrentBuildJobs=1, numberOfCurrentBuildJobs=1, runningBuildJobs=[BuildJobQueueItem[id=20281739576748768, name=SHORT0FC863930E92904248098A506171F81CF6CFTSTEXC-BASE, buildAgent=BuildAgentDTO[name=artemis-build-agent-test, memberAddress=[127.0.0.1]:5703, displayName=artemis-build-agent-test], participationId=2028, courseId=992, exerciseId=2609, retryCount=0, priority=2, status=null, repositoryInfo=RepositoryInfo[repositoryName=short0fc863930e92904248098a506171f81cf6cftstexc-exercise, repositoryType=exercise, triggeredByPushTo=auxiliary, assignmentRepositoryUri=http://localhost:49152/git/SHORT0FC863930E92904248098A506171F81CF6CFTSTEXC/short0fc863930e92904248098a506171f81cf6cftstexc-exercise.git, testRepositoryUri=http://localhost:49152/git/SHORT0FC863930E92904248098A506171F81CF6CFTSTEXC/short0fc863930e92904248098a506171f81cf6cftstexc-tests.git, solutionRepositoryUri=null, auxiliaryRepositoryUris=[Ljava.lang.String;@4272c0d2, auxiliaryRepositoryCheckoutDirectories=[Ljava.lang.String;@4f0a618c], jobTimingInfo=JobTimingInfo[submissionDate=2025-02-14T23:45:48.768063548Z[Etc/UTC], buildStartDate=2025-02-14T23:45:48.802531989Z[Etc/UTC], buildCompletionDate=null, estimatedCompletionDate=2025-02-14T23:45:50.802523092Z[Etc/UTC], estimatedDuration=2], buildConfig=BuildConfig[buildScript=#!/bin/bash
cd /var/tmp/testing-dir
chmod +x ./gradlew
./gradlew clean test
, dockerImage=dummy-docker-image:latest, commitHashToBuild=9b3a9bd71a0d80e5bbc42204c319ed3d1d4f0d6d, assignmentCommitHash=115a2e943bee242fdad360b50d8ad5f30792577e, testCommitHash=9b3a9bd71a0d80e5bbc42204c319ed3d1d4f0d6d, branch=main, programmingLanguage=JAVA, projectType=PLAIN_GRADLE, scaEnabled=false, sequentialTestRunsEnabled=false, resultPaths=[/var/tmp/testing-dir/**/test-results/test/*.xml], timeoutSeconds=0, assignmentCheckoutPath=null, testCheckoutPath=null, solutionCheckoutPath=null, dockerRunConfig=null], submissionResult=null]], status=ACTIVE, recentBuildJobs=[BuildJobQueueItem[id=19141739576708030, name=SHORT5F02A8F400311042E70858306EB148073CFDTSTEXC-LOCALVCINTSTUDENT1, buildAgent=BuildAgentDTO[name=artemis-build-agent-test, memberAddress=[127.0.0.1]:5703, displayName=artemis-build-agent-test], participationId=1914, courseId=947, exerciseId=2564, retryCount=0, priority=2, status=FAILED, repositoryInfo=RepositoryInfo[repositoryName=short5f02a8f400311042e70858306eb148073cfdtstexc-localvcintstudent1, repositoryType=user, triggeredByPushTo=user, assignmentRepositoryUri=http://localhost:49152/git/SHORT5F02A8F400311042E70858306EB148073CFDTSTEXC/short5f02a8f400311042e70858306eb148073cfdtstexc-localvcintstudent1.git, testRepositoryUri=http://localhost:49152/git/SHORT5F02A8F400311042E70858306EB148073CFDTSTEXC/short5f02a8f400311042e70858306eb148073cfdtstexc-tests.git, solutionRepositoryUri=null, auxiliaryRepositoryUris=[Ljava.lang.String;@154237ad, auxiliaryRepositoryCheckoutDirectories=[Ljava.lang.String;@50c3e00f], jobTimingInfo=JobTimingInfo[submissionDate=2025-02-14T23:45:08.030118216Z[Etc/UTC], buildStartDate=2025-02-14T23:45:08.041011412Z[Etc/UTC], buildCompletionDate=2025-02-14T23:45:08.054603331Z[Etc/UTC], estimatedCompletionDate=2025-02-14T23:45:27.041005080Z[Etc/UTC], estimatedDuration=19], buildConfig=BuildConfig[buildScript=#!/bin/bash
cd /var/tmp/testing-dir
chmod +x ./gradlew
./gradlew clean test
, dockerImage=dummy-docker-image:latest, commitHashToBuild=6e7146cac5059504aa9d170ec3fa23aec740bb51, assignmentCommitHash=6e7146cac5059504aa9d170ec3fa23aec740bb51, testCommitHash=931e5303581c7a2f01339ba603cfafbfe668b901, branch=main, programmingLanguage=JAVA, projectType=PLAIN_GRADLE, scaEnabled=false, sequentialTestRunsEnabled=false, resultPaths=[/var/tmp/testing-dir/**/test-results/test/*.xml], timeoutSeconds=0, assignmentCheckoutPath=null, testCheckoutPath=null, solutionCheckoutPath=null, dockerRunConfig=null], submissionResult=ResultDTO[id=622, completionDate=2025-02-14T23:45:08.054683681Z[Etc/UTC], successful=false, score=0.0, rated=true, submission=SubmissionDTO[id=814, submitted=true, type=MANUAL, exampleSubmission=null, submissionDate=2025-02-14T23:45:08.016200Z, commitHash=6e7146cac5059504aa9d170ec3fa23aec740bb51, buildFailed=true, buildArtifact=false, participation=ParticipationDTO[id=1914, testRun=false, type=programming, submissionCount=null, exercise=ParticipationExerciseDTO[id=2564, exerciseType=PROGRAMMING, type=programming, assessmentType=AUTOMATIC, dueDate=2025-02-16T23:45:07.324348Z, assessmentDueDate=null, maxPoints=42.0, course=CourseDTO[id=947, accuracyOfScores=1]]], submissionExerciseType=programming, isProcessing=false, buildStartDate=null, estimatedCompletionDate=null], participation=ParticipationDTO[id=1914, testRun=false, type=programming, submissionCount=null, exercise=ParticipationExerciseDTO[id=2564, exerciseType=PROGRAMMING, type=programming, assessmentType=AUTOMATIC, dueDate=2025-02-16T23:45:07.324348Z, assessmentDueDate=null, maxPoints=42.0, course=CourseDTO[id=947, accuracyOfScores=1]]], feedbacks=[], assessmentType=AUTOMATIC, hasComplaint=null, exampleResult=null, testCaseCount=0, passedTestCaseCount=0, codeIssueCount=0]], BuildJobQueueItem[id=19361739576711303, name=SHORT9AFDAE3804CA304DDF0889A0CB0F56104A86TSTEXC-LOCALVCINTSTUDENT1, buildAgent=BuildAgentDTO[name=artemis-build-agent-test, memberAddress=[127.0.0.1]:5703, displayName=artemis-build-agent-test], participationId=1936, courseId=956, exerciseId=2573, retryCount=0, priority=2, status=FAILED, repositoryInfo=RepositoryInfo[repositoryName=short9afdae3804ca304ddf0889a0cb0f56104a86tstexc-localvcintstudent1, repositoryType=user, triggeredByPushTo=user, assignmentRepositoryUri=http://localhost:49152/git/SHORT9AFDAE3804CA304DDF0889A0CB0F56104A86TSTEXC/short9afdae3804ca304ddf0889a0cb0f56104a86tstexc-localvcintstudent1.git, testRepositoryUri=http://localhost:49152/git/SHORT9AFDAE3804CA304DDF0889A0CB0F56104A86TSTEXC/short9afdae3804ca304ddf0889a0cb0f56104a86tstexc-tests.git, solutionRepositoryUri=null, auxiliaryRepositoryUris=[Ljava.lang.String;@4e3de95, auxiliaryRepositoryCheckoutDirectories=[Ljava.lang.String;@18f9c984], jobTimingInfo=JobTimingInfo[submissionDate=2025-02-14T23:45:11.303805653Z[Etc/UTC], buildStartDate=2025-02-14T23:45:11.310981356Z[Etc/UTC], buildCompletionDate=2025-02-14T23:45:11.319178384Z[Etc/UTC], estimatedCompletionDate=2025-02-14T23:45:30.310974944Z[Etc/UTC], estimatedDuration=19], buildConfig=BuildConfig[buildScript=#!/bin/bash
cd /var/tmp/testing-dir
chmod +x ./gradlew
./gradlew clean test
, dockerImage=dummy-docker-image:latest, commitHashToBuild=a1099e378cffde441ef85f9b12577ca174b8e1e4, assignmentCommitHash=a1099e378cffde441ef85f9b12577ca174b8e1e4, testCommitHash=bd38d61c299ab11a1dea82a3ca5493fe04d97d47, branch=main, programmingLanguage=JAVA, projectType=PLAIN_GRADLE, scaEnabled=false, sequentialTestRunsEnabled=false, resultPaths=[/var/tmp/testing-dir/**/test-results/test/*.xml], timeoutSeconds=0, assignmentCheckoutPath=null, testCheckoutPath=null, solutionCheckoutPath=null, dockerRunConfig=null], submissionResult=ResultDTO[id=623, completionDate=2025-02-14T23:45:11.319278430Z[Etc/UTC], successful=false, score=0.0, rated=true, submission=SubmissionDTO[id=815, submitted=true, type=MANUAL, exampleSubmission=null, submissionDate=2025-02-14T23:45:11.294386Z, commitHash=a1099e378cffde441ef85f9b12577ca174b8e1e4, buildFailed=true, buildArtifact=false, participation=ParticipationDTO[id=1936, testRun=false, type=programming, submissionCount=null, exercise=ParticipationExerciseDTO[id=2573, exerciseType=PROGRAMMING, type=programming, assessmentType=AUTOMATIC, dueDate=2025-02-16T23:45:10.996982Z, assessmentDueDate=null, maxPoints=42.0, course=CourseDTO[id=956, accuracyOfScores=1]]], submissionExerciseType=programming, isProcessing=false, buildStartDate=null, estimatedCompletionDate=null], participation=ParticipationDTO[id=1936, testRun=false, type=programming, submissionCount=null, exercise=ParticipationExerciseDTO[id=2573, exerciseType=PROGRAMMING, type=programming, assessmentType=AUTOMATIC, dueDate=2025-02-16T23:45:10.996982Z, assessmentDueDate=null, maxPoints=42.0, course=CourseDTO[id=956, accuracyOfScores=1]]], feedbacks=[], assessmentType=AUTOMATIC, hasComplaint=null, exampleResult=null, testCaseCount=0, passedTestCaseCount=0, codeIssueCount=0]], BuildJobQueueItem[id=19351739576711674, name=SHORT9AFDAE3804CA304DDF0889A0CB0F56104A86TSTEXC-BASE, buildAgent=BuildAgentDTO[name=artemis-build-agent-test, memberAddress=[127.0.0.1]:5703, displayName=artemis-build-agent-test], participationId=1935, courseId=956, exerciseId=2573, retryCount=0, priority=2, status=FAILED, repositoryInfo=RepositoryInfo[repositoryName=short9afdae3804ca304ddf0889a0cb0f56104a86tstexc-exercise, repositoryType=exercise, triggeredByPushTo=exercise, assignmentRepositoryUri=http://localhost:49152/git/SHORT9AFDAE3804CA304DDF0889A0CB0F56104A86TSTEXC/short9afdae3804ca304ddf0889a0cb0f56104a86tstexc-exercise.git, testRepositoryUri=http://localhost:49152/git/SHORT9AFDAE3804CA304DDF0889A0CB0F56104A86TSTEXC/short9afdae3804ca304ddf0889a0cb0f56104a86tstexc-tests.git, solutionRepositoryUri=null, auxiliaryRepositoryUris=[Ljava.lang.String;@1c027a69, auxiliaryRepositoryCheckoutDirectories=[Ljava.lang.String;@530e327e], jobTimingInfo=JobTimingInfo[submissionDate=2025-02-14T23:45:11.674556681Z[Etc/UTC], buildStartDate=2025-02-14T23:45:11.677776879Z[Etc/UTC], buildCompletionDate=2025-02-14T23:45:11.688097378Z[Etc/UTC], estimatedCompletionDate=2025-02-14T23:45:30.677771620Z[Etc/UTC], estimatedDuration=19], buildConfig=BuildConfig[buildScript=#!/bin/bash
cd /var/tmp/testing-dir
chmod +x ./gradlew
./gradlew clean test
, dockerImage=dummy-docker-image:latest, commitHashToBuild=a1099e378cffde441ef85f9b12577ca174b8e1e4, assignmentCommitHash=a1099e378cffde441ef85f9b12577ca174b8e1e4, testCommitHash=bd38d61c299ab11a1dea82a3ca5493fe04d97d47, branch=main, programmingLanguage=JAVA, projectType=PLAIN_GRADLE, scaEnabled=false, sequentialTestRunsEnabled=false, resultPaths=[/var/tmp/testing-dir/**/test-results/test/*.xml], timeoutSeconds=0, assignmentCheckoutPath=null, testCheckoutPath=null, solutionCheckoutPath=null, dockerRunConfig=null], submissionResult=ResultDTO[id=624, completionDate=2025-02-14T23:45:11.688214837Z[Etc/UTC], successful=false, score=0.0, rated=true, submission=SubmissionDTO[id=816, submitted=true, type=MANUAL, exampleSubmission=null, submissionDate=2025-02-14T23:45:11.656934Z, commitHash=a1099e378cffde441ef85f9b12577ca174b8e1e4, buildFailed=true, buildArtifact=false, participation=ParticipationDTO[id=1935, testRun=false, type=template, submissionCount=null, exercise=ParticipationExerciseDTO[id=2573, exerciseType=PROGRAMMING, type=programming, assessmentType=AUTOMATIC, dueDate=2025-02-16T23:45:10.996982Z, assessmentDueDate=null, maxPoints=42.0, course=CourseDTO[id=956, accuracyOfScores=1]]], submissionExerciseType=programming, isProcessing=false, buildStartDate=null, estimatedCompletionDate=null], participation=ParticipationDTO[id=1935, testRun=false, type=template, submissionCount=null, exercise=ParticipationExerciseDTO[id=2573, exerciseType=PROGRAMMING, type=programming, assessmentType=AUTOMATIC, dueDate=2025-02-16T23:45:10.996982Z, assessmentDueDate=null, maxPoints=42.0, course=CourseDTO[id=956, accuracyOfScores=1]]], feedbacks=[], assessmentType=AUTOMATIC, hasComplaint=null, exampleResult=null, testCaseCount=0, passedTestCaseCount=0, codeIssueCount=0]], BuildJobQueueItem[id=19341739576712112, name=SHORT9AFDAE3804CA304DDF0889A0CB0F56104A86TSTEXC-SOLUTION, buildAgent=BuildAgentDTO[name=artemis-build-agent-test, memberAddress=[127.0.0.1]:5703, displayName=artemis-build-agent-test], participationId=1934, courseId=956, exerciseId=2573, retryCount=0, priority=2, status=FAILED, repositoryInfo=RepositoryInfo[repositoryName=short9afdae3804ca304ddf0889a0cb0f56104a86tstexc-solution, repositoryType=solution, triggeredByPushTo=solution, assignmentRepositoryUri=http://localhost:49152/git/SHORT9AFDAE3804CA304DDF0889A0CB0F56104A86TSTEXC/short9afdae3804ca304ddf0889a0cb0f56104a86tstexc-solution.git, testRepositoryUri=http://localhost:49152/git/SHORT9AFDAE3804CA304DDF0889A0CB0F56104A86TSTEXC/short9afdae3804ca304ddf0889a0cb0f56104a86tstexc-tests.git, solutionRepositoryUri=null, auxiliaryRepositoryUris=[Ljava.lang.String;@498359fc, auxiliaryRepositoryCheckoutDirectories=[Ljava.lang.String;@1f601ca1], jobTimingInfo=JobTimingInfo[submissionDate=2025-02-14T23:45:12.112332872Z[Etc/UTC], buildStartDate=2025-02-14T23:45:12.121617114Z[Etc/UTC], buildCompletionDate=2025-02-14T23:45:12.127931701Z[Etc/UTC], estimatedCompletionDate=2025-02-14T23:45:31.121609600Z[Etc/UTC], estimatedDuration=19], buildConfig=BuildConfig[buildScript=#!/bin/bash
cd /var/tmp/testing-dir
chmod +x ./gradlew
./gradlew clean test
, dockerImage=dummy-docker-image:latest, commitHashToBuild=a1099e378cffde441ef85f9b12577ca174b8e1e4, assignmentCommitHash=a1099e378cffde441ef85f9b12577ca174b8e1e4, testCommitHash=bd38d61c299ab11a1dea82a3ca5493fe04d97d47, branch=main, programmingLanguage=JAVA, projectType=PLAIN_GRADLE, scaEnabled=false, sequentialTestRunsEnabled=false, resultPaths=[/var/tmp/testing-dir/**/test-results/test/*.xml], timeoutSeconds=0, assignmentCheckoutPath=null, testCheckoutPath=null, solutionCheckoutPath=null, dockerRunConfig=null], submissionResult=ResultDTO[id=625, completionDate=2025-02-14T23:45:12.128011800Z[Etc/UTC], successful=false, score=0.0, rated=true, submission=SubmissionDTO[id=817, submitted=true, type=MANUAL, exampleSubmission=null, submissionDate=2025-02-14T23:45:12.098737Z, commitHash=a1099e378cffde441ef85f9b12577ca174b8e1e4, buildFailed=true, buildArtifact=false, participation=ParticipationDTO[id=1934, testRun=false, type=solution, submissionCount=null, exercise=ParticipationExerciseDTO[id=2573, exerciseType=PROGRAMMING, type=programming, assessmentType=AUTOMATIC, dueDate=2025-02-16T23:45:10.996982Z, assessmentDueDate=null, maxPoints=42.0, course=CourseDTO[id=956, accuracyOfScores=1]]], submissionExerciseType=programming, isProcessing=false, buildStartDate=null, estimatedCompletionDate=null], participation=ParticipationDTO[id=1934, testRun=false, type=solution, submissionCount=null, exercise=ParticipationExerciseDTO[id=2573, exerciseType=PROGRAMMING, type=programming, assessmentType=AUTOMATIC, dueDate=2025-02-16T23:45:10.996982Z, assessmentDueDate=null, maxPoints=42.0, course=CourseDTO[id=956, accuracyOfScores=1]]], feedbacks=[], assessmentType=AUTOMATIC, hasComplaint=null, exampleResult=null, testCaseCount=0, passedTestCaseCount=0, codeIssueCount=0]], BuildJobQueueItem[id=19341739576713025, name=SHORT9AFDAE3804CA304DDF0889A0CB0F56104A86TSTEXC-SOLUTION, buildAgent=BuildAgentDTO[name=artemis-build-agent-test, memberAddress=[127.0.0.1]:5703, displayName=artemis-build-agent-test], participationId=1934, courseId=956, exerciseId=2573, retryCount=0, priority=2, status=FAILED, repositoryInfo=RepositoryInfo[repositoryName=short9afdae3804ca304ddf0889a0cb0f56104a86tstexc-solution, repositoryType=solution, triggeredByPushTo=tests, assignmentRepositoryUri=http://localhost:49152/git/SHORT9AFDAE3804CA304DDF0889A0CB0F56104A86TSTEXC/short9afdae3804ca304ddf0889a0cb0f56104a86tstexc-solution.git, testRepositoryUri=http://localhost:49152/git/SHORT9AFDAE3804CA304DDF0889A0CB0F56104A86TSTEXC/short9afdae3804ca304ddf0889a0cb0f56104a86tstexc-tests.git, solutionRepositoryUri=null, auxiliaryRepositoryUris=[Ljava.lang.String;@103eec16, auxiliaryRepositoryCheckoutDirectories=[Ljava.lang.String;@3281b1ad], jobTimingInfo=JobTimingInfo[submissionDate=2025-02-14T23:45:13.025319671Z[Etc/UTC], buildStartDate=2025-02-14T23:45:13.040293146Z[Etc/UTC], buildCompletionDate=2025-02-14T23:45:13.053032917Z[Etc/UTC], estimatedCompletionDate=2025-02-14T23:45:32.040285703Z[Etc/UTC], estimatedDuration=19], buildConfig=BuildConfig[buildScript=#!/bin/bash
cd /var/tmp/testing-dir
chmod +x ./gradlew
./gradlew clean test
, dockerImage=dummy-docker-image:latest, commitHashToBuild=784f8f0049d2a1a54f21c67dd772bea86715267a, assignmentCommitHash=a1099e378cffde441ef85f9b12577ca174b8e1e4, testCommitHash=784f8f0049d2a1a54f21c67dd772bea86715267a, branch=main, programmingLanguage=JAVA, projectType=PLAIN_GRADLE, scaEnabled=false, sequentialTestRunsEnabled=false, resultPaths=[/var/tmp/testing-dir/**/test-results/test/*.xml], timeoutSeconds=0, assignmentCheckoutPath=null, testCheckoutPath=null, solutionCheckoutPath=null, dockerRunConfig=null], submissionResult=ResultDTO[id=626, completionDate=2025-02-14T23:45:13.053131811Z[Etc/UTC], successful=false, score=0.0, rated=true, submission=SubmissionDTO[id=818, submitted=true, type=TEST, exampleSubmission=null, submissionDate=2025-02-14T23:45:13.005779Z, commitHash=784f8f0049d2a1a54f21c67dd772bea86715267a, buildFailed=true, buildArtifact=false, participation=ParticipationDTO[id=1934, testRun=false, type=solution, submissionCount=null, exercise=ParticipationExerciseDTO[id=2573, exerciseType=PROGRAMMING, type=programming, assessmentType=AUTOMATIC, dueDate=2025-02-16T23:45:10.996982Z, assessmentDueDate=null, maxPoints=42.0, course=CourseDTO[id=956, accuracyOfScores=1]]], submissionExerciseType=programming, isProcessing=false, buildStartDate=null, estimatedCompletionDate=null], participation=ParticipationDTO[id=1934, testRun=false, type=solution, submissionCount=null, exercise=ParticipationExerciseDTO[id=2573, exerciseType=PROGRAMMING, type=programming, assessmentType=AUTOMATIC, dueDate=2025-02-16T23:45:10.996982Z, assessmentDueDate=null, maxPoints=42.0, course=CourseDTO[id=956, accuracyOfScores=1]]], feedbacks=[], assessmentType=AUTOMATIC, hasComplaint=null, exampleResult=null, testCaseCount=0, passedTestCaseCount=0, codeIssueCount=0]], BuildJobQueueItem[id=19581739576715555, name=SHORTC1A3F9FC03D2304B4308FA20AF16D54AAA49TSTEXC-LOCALVCSSHINTSTUDENT1, buildAgent=BuildAgentDTO[name=artemis-build-agent-test, memberAddress=[127.0.0.1]:5703, displayName=artemis-build-agent-test], participationId=1958, courseId=965, exerciseId=2582, retryCount=0, priority=2, status=FAILED, repositoryInfo=RepositoryInfo[repositoryName=shortc1a3f9fc03d2304b4308fa20af16d54aaa49tstexc-localvcsshintstudent1, repositoryType=user, triggeredByPushTo=user, assignmentRepositoryUri=http://localhost:49152/git/SHORTC1A3F9FC03D2304B4308FA20AF16D54AAA49TSTEXC/shortc1a3f9fc03d2304b4308fa20af16d54aaa49tstexc-localvcsshintstudent1.git, testRepositoryUri=http://localhost:49152/git/SHORTC1A3F9FC03D2304B4308FA20AF16D54AAA49TSTEXC/shortc1a3f9fc03d2304b4308fa20af16d54aaa49tstexc-tests.git, solutionRepositoryUri=null, auxiliaryRepositoryUris=[Ljava.lang.String;@611e42b8, auxiliaryRepositoryCheckoutDirectories=[Ljava.lang.String;@7e04cf2e], jobTimingInfo=JobTimingInfo[submissionDate=2025-02-14T23:45:15.555989584Z[Etc/UTC], buildStartDate=2025-02-14T23:45:15.568477627Z[Etc/UTC], buildCompletionDate=2025-02-14T23:45:15.579021148Z[Etc/UTC], estimatedCompletionDate=2025-02-14T23:45:34.568443924Z[Etc/UTC], estimatedDuration=19], buildConfig=BuildConfig[buildScript=#!/bin/bash
cd /var/tmp/testing-dir
chmod +x ./gradlew
./gradlew clean test
, dockerImage=dummy-docker-image:latest, commitHashToBuild=ca76dac20e040e6609db02fd7fedd56bf58829d7, assignmentCommitHash=ca76dac20e040e6609db02fd7fedd56bf58829d7, testCommitHash=bd0d58c226dc63bfa4bc9052870589952c0a1f83, branch=main, programmingLanguage=JAVA, projectType=PLAIN_GRADLE, scaEnabled=false, sequentialTestRunsEnabled=false, resultPaths=[/var/tmp/testing-dir/**/test-results/test/*.xml], timeoutSeconds=0, assignmentCheckoutPath=null, testCheckoutPath=null, solutionCheckoutPath=null, dockerRunConfig=null], submissionResult=ResultDTO[id=627, completionDate=2025-02-14T23:45:15.579119131Z[Etc/UTC], successful=false, score=0.0, rated=true, submission=SubmissionDTO[id=820, submitted=true, type=MANUAL, exampleSubmission=null, submissionDate=2025-02-14T23:45:15.548349Z, commitHash=ca76dac20e040e6609db02fd7fedd56bf58829d7, buildFailed=true, buildArtifact=false, participation=ParticipationDTO[id=1958, testRun=false, type=programming, submissionCount=null, exercise=ParticipationExerciseDTO[id=2582, exerciseType=PROGRAMMING, type=programming, assessmentType=AUTOMATIC, dueDate=2025-02-16T23:45:15.103512Z, assessmentDueDate=null, maxPoints=42.0, course=CourseDTO[id=965, accuracyOfScores=1]]], submissionExerciseType=programming, isProcessing=false, buildStartDate=null, estimatedCompletionDate=null], participation=ParticipationDTO[id=1958, testRun=false, type=programming, submissionCount=null, exercise=ParticipationExerciseDTO[id=2582, exerciseType=PROGRAMMING, type=programming, assessmentType=AUTOMATIC, dueDate=2025-02-16T23:45:15.103512Z, assessmentDueDate=null, maxPoints=42.0, course=CourseDTO[id=965, accuracyOfScores=1]]], feedbacks=[], assessmentType=AUTOMATIC, hasComplaint=null, exampleResult=null, testCaseCount=0, passedTestCaseCount=0, codeIssueCount=0]], BuildJobQueueItem[id=19801739576719393, name=SHORTB2A6C58B0D447045380A858075B170A5B7C6TSTEXC-LOCALVCSSHINTSTUDENT1, buildAgent=BuildAgentDTO[name=artemis-build-agent-test, memberAddress=[127.0.0.1]:5703, displayName=artemis-build-agent-test], participationId=1980, courseId=974, exerciseId=2591, retryCount=0, priority=2, status=FAILED, repositoryInfo=RepositoryInfo[repositoryName=shortb2a6c58b0d447045380a858075b170a5b7c6tstexc-localvcsshintstudent1, repositoryType=user, triggeredByPushTo=user, assignmentRepositoryUri=http://localhost:49152/git/SHORTB2A6C58B0D447045380A858075B170A5B7C6TSTEXC/shortb2a6c58b0d447045380a858075b170a5b7c6tstexc-localvcsshintstudent1.git, testRepositoryUri=http://localhost:49152/git/SHORTB2A6C58B0D447045380A858075B170A5B7C6TSTEXC/shortb2a6c58b0d447045380a858075b170a5b7c6tstexc-tests.git, solutionRepositoryUri=null, auxiliaryRepositoryUris=[Ljava.lang.String;@19bdc2a4, auxiliaryRepositoryCheckoutDirectories=[Ljava.lang.String;@268e04e7], jobTimingInfo=JobTimingInfo[submissionDate=2025-02-14T23:45:19.393259829Z[Etc/UTC], buildStartDate=2025-02-14T23:45:19.405438171Z[Etc/UTC], buildCompletionDate=2025-02-14T23:45:19.414070673Z[Etc/UTC], estimatedCompletionDate=2025-02-14T23:45:38.405431569Z[Etc/UTC], estimatedDuration=19], buildConfig=BuildConfig[buildScript=#!/bin/bash
cd /var/tmp/testing-dir
chmod +x ./gradlew
./gradlew clean test
, dockerImage=dummy-docker-image:latest, commitHashToBuild=363cdbf709a9fff149f813ab848ee800a675cc77, assignmentCommitHash=363cdbf709a9fff149f813ab848ee800a675cc77, testCommitHash=a5e046ece417b2e538f21f816e2524dab61e0d10, branch=main, programmingLanguage=JAVA, projectType=PLAIN_GRADLE, scaEnabled=false, sequentialTestRunsEnabled=false, resultPaths=[/var/tmp/testing-dir/**/test-results/test/*.xml], timeoutSeconds=0, assignmentCheckoutPath=null, testCheckoutPath=null, solutionCheckoutPath=null, dockerRunConfig=null], submissionResult=ResultDTO[id=628, completionDate=2025-02-14T23:45:19.414171040Z[Etc/UTC], successful=false, score=0.0, rated=true, submission=SubmissionDTO[id=821, submitted=true, type=MANUAL, exampleSubmission=null, submissionDate=2025-02-14T23:45:19.376840Z, commitHash=363cdbf709a9fff149f813ab848ee800a675cc77, buildFailed=true, buildArtifact=false, participation=ParticipationDTO[id=1980, testRun=false, type=programming, submissionCount=null, exercise=ParticipationExerciseDTO[id=2591, exerciseType=PROGRAMMING, type=programming, assessmentType=AUTOMATIC, dueDate=2025-02-16T23:45:18.950569Z, assessmentDueDate=null, maxPoints=42.0, course=CourseDTO[id=974, accuracyOfScores=1]]], submissionExerciseType=programming, isProcessing=false, buildStartDate=null, estimatedCompletionDate=null], participation=ParticipationDTO[id=1980, testRun=false, type=programming, submissionCount=null, exercise=ParticipationExerciseDTO[id=2591, exerciseType=PROGRAMMING, type=programming, assessmentType=AUTOMATIC, dueDate=2025-02-16T23:45:18.950569Z, assessmentDueDate=null, maxPoints=42.0, course=CourseDTO[id=974, accuracyOfScores=1]]], feedbacks=[], assessmentType=AUTOMATIC, hasComplaint=null, exampleResult=null, testCaseCount=0, passedTestCaseCount=0, codeIssueCount=0]], BuildJobQueueItem[id=19791739576719787, name=SHORTB2A6C58B0D447045380A858075B170A5B7C6TSTEXC-BASE, buildAgent=BuildAgentDTO[name=artemis-build-agent-test, memberAddress=[127.0.0.1]:5703, displayName=artemis-build-agent-test], participationId=1979, courseId=974, exerciseId=2591, retryCount=0, priority=2, status=FAILED, repositoryInfo=RepositoryInfo[repositoryName=shortb2a6c58b0d447045380a858075b170a5b7c6tstexc-exercise, repositoryType=exercise, triggeredByPushTo=exercise, assignmentRepositoryUri=http://localhost:49152/git/SHORTB2A6C58B0D447045380A858075B170A5B7C6TSTEXC/shortb2a6c58b0d447045380a858075b170a5b7c6tstexc-exercise.git, testRepositoryUri=http://localhost:49152/git/SHORTB2A6C58B0D447045380A858075B170A5B7C6TSTEXC/shortb2a6c58b0d447045380a858075b170a5b7c6tstexc-tests.git, solutionRepositoryUri=null, auxiliaryRepositoryUris=[Ljava.lang.String;@3596990c, auxiliaryRepositoryCheckoutDirectories=[Ljava.lang.String;@6db34d2f], jobTimingInfo=JobTimingInfo[submissionDate=2025-02-14T23:45:19.787985058Z[Etc/UTC], buildStartDate=2025-02-14T23:45:19.796327417Z[Etc/UTC], buildCompletionDate=2025-02-14T23:45:19.799750982Z[Etc/UTC], estimatedCompletionDate=2025-02-14T23:45:38.796319082Z[Etc/UTC], estimatedDuration=19], buildConfig=BuildConfig[buildScript=#!/bin/bash
cd /var/tmp/testing-dir
chmod +x ./gradlew
./gradlew clean test
, dockerImage=dummy-docker-image:latest, commitHashToBuild=363cdbf709a9fff149f813ab848ee800a675cc77, assignmentCommitHash=363cdbf709a9fff149f813ab848ee800a675cc77, testCommitHash=a5e046ece417b2e538f21f816e2524dab61e0d10, branch=main, programmingLanguage=JAVA, projectType=PLAIN_GRADLE, scaEnabled=false, sequentialTestRunsEnabled=false, resultPaths=[/var/tmp/testing-dir/**/test-results/test/*.xml], timeoutSeconds=0, assignmentCheckoutPath=null, testCheckoutPath=null, solutionCheckoutPath=null, dockerRunConfig=null], submissionResult=ResultDTO[id=629, completionDate=2025-02-14T23:45:19.799820341Z[Etc/UTC], successful=false, score=0.0, rated=true, submission=SubmissionDTO[id=822, submitted=true, type=MANUAL, exampleSubmission=null, submissionDate=2025-02-14T23:45:19.775952Z, commitHash=363cdbf709a9fff149f813ab848ee800a675cc77, buildFailed=true, buildArtifact=false, participation=ParticipationDTO[id=1979, testRun=false, type=template, submissionCount=null, exercise=ParticipationExerciseDTO[id=2591, exerciseType=PROGRAMMING, type=programming, assessmentType=AUTOMATIC, dueDate=2025-02-16T23:45:18.950569Z, assessmentDueDate=null, maxPoints=42.0, course=CourseDTO[id=974, accuracyOfScores=1]]], submissionExerciseType=programming, isProcessing=false, buildStartDate=null, estimatedCompletionDate=null], participation=ParticipationDTO[id=1979, testRun=false, type=template, submissionCount=null, exercise=ParticipationExerciseDTO[id=2591, exerciseType=PROGRAMMING, type=programming, assessmentType=AUTOMATIC, dueDate=2025-02-16T23:45:18.950569Z, assessmentDueDate=null, maxPoints=42.0, course=CourseDTO[id=974, accuracyOfScores=1]]], feedbacks=[], assessmentType=AUTOMATIC, hasComplaint=null, exampleResult=null, testCaseCount=0, passedTestCaseCount=0, codeIssueCount=0]], BuildJobQueueItem[id=19781739576720235, name=SHORTB2A6C58B0D447045380A858075B170A5B7C6TSTEXC-SOLUTION, buildAgent=BuildAgentDTO[name=artemis-build-agent-test, memberAddress=[127.0.0.1]:5703, displayName=artemis-build-agent-test], participationId=1978, courseId=974, exerciseId=2591, retryCount=0, priority=2, status=FAILED, repositoryInfo=RepositoryInfo[repositoryName=shortb2a6c58b0d447045380a858075b170a5b7c6tstexc-solution, repositoryType=solution, triggeredByPushTo=solution, assignmentRepositoryUri=http://localhost:49152/git/SHORTB2A6C58B0D447045380A858075B170A5B7C6TSTEXC/shortb2a6c58b0d447045380a858075b170a5b7c6tstexc-solution.git, testRepositoryUri=http://localhost:49152/git/SHORTB2A6C58B0D447045380A858075B170A5B7C6TSTEXC/shortb2a6c58b0d447045380a858075b170a5b7c6tstexc-tests.git, solutionRepositoryUri=null, auxiliaryRepositoryUris=[Ljava.lang.String;@1a6c1adf, auxiliaryRepositoryCheckoutDirectories=[Ljava.lang.String;@4c139c49], jobTimingInfo=JobTimingInfo[submissionDate=2025-02-14T23:45:20.235272325Z[Etc/UTC], buildStartDate=2025-02-14T23:45:20.243033812Z[Etc/UTC], buildCompletionDate=2025-02-14T23:45:20.250721018Z[Etc/UTC], estimatedCompletionDate=2025-02-14T23:45:39.243026949Z[Etc/UTC], estimatedDuration=19], buildConfig=BuildConfig[buildScript=#!/bin/bash
cd /var/tmp/testing-dir
chmod +x ./gradlew
./gradlew clean test
, dockerImage=dummy-docker-image:latest, commitHashToBuild=c710d0e68c9c7db8cda7d1a278308de2b9642cc0, assignmentCommitHash=c710d0e68c9c7db8cda7d1a278308de2b9642cc0, testCommitHash=a5e046ece417b2e538f21f816e2524dab61e0d10, branch=main, programmingLanguage=JAVA, projectType=PLAIN_GRADLE, scaEnabled=false, sequentialTestRunsEnabled=false, resultPaths=[/var/tmp/testing-dir/**/test-results/test/*.xml], timeoutSeconds=0, assignmentCheckoutPath=null, testCheckoutPath=null, solutionCheckoutPath=null, dockerRunConfig=null], submissionResult=ResultDTO[id=630, completionDate=2025-02-14T23:45:20.250809893Z[Etc/UTC], successful=false, score=0.0, rated=true, submission=SubmissionDTO[id=823, submitted=true, type=MANUAL, exampleSubmission=null, submissionDate=2025-02-14T23:45:20.211707Z, commitHash=c710d0e68c9c7db8cda7d1a278308de2b9642cc0, buildFailed=true, buildArtifact=false, participation=ParticipationDTO[id=1978, testRun=false, type=solution, submissionCount=null, exercise=ParticipationExerciseDTO[id=2591, exerciseType=PROGRAMMING, type=programming, assessmentType=AUTOMATIC, dueDate=2025-02-16T23:45:18.950569Z, assessmentDueDate=null, maxPoints=42.0, course=CourseDTO[id=974, accuracyOfScores=1]]], submissionExerciseType=programming, isProcessing=false, buildStartDate=null, estimatedCompletionDate=null], participation=ParticipationDTO[id=1978, testRun=false, type=solution, submissionCount=null, exercise=ParticipationExerciseDTO[id=2591, exerciseType=PROGRAMMING, type=programming, assessmentType=AUTOMATIC, dueDate=2025-02-16T23:45:18.950569Z, assessmentDueDate=null, maxPoints=42.0, course=CourseDTO[id=974, accuracyOfScores=1]]], feedbacks=[], assessmentType=AUTOMATIC, hasComplaint=null, exampleResult=null, testCaseCount=0, passedTestCaseCount=0, codeIssueCount=0]], BuildJobQueueItem[id=19781739576720802, name=SHORTB2A6C58B0D447045380A858075B170A5B7C6TSTEXC-SOLUTION, buildAgent=BuildAgentDTO[name=artemis-build-agent-test, memberAddress=[127.0.0.1]:5703, displayName=artemis-build-agent-test], participationId=1978, courseId=974, exerciseId=2591, retryCount=0, priority=2, status=FAILED, repositoryInfo=RepositoryInfo[repositoryName=shortb2a6c58b0d447045380a858075b170a5b7c6tstexc-solution, repositoryType=solution, triggeredByPushTo=tests, assignmentRepositoryUri=http://localhost:49152/git/SHORTB2A6C58B0D447045380A858075B170A5B7C6TSTEXC/shortb2a6c58b0d447045380a858075b170a5b7c6tstexc-solution.git, testRepositoryUri=http://localhost:49152/git/SHORTB2A6C58B0D447045380A858075B170A5B7C6TSTEXC/shortb2a6c58b0d447045380a858075b170a5b7c6tstexc-tests.git, solutionRepositoryUri=null, auxiliaryRepositoryUris=[Ljava.lang.String;@4d4c323e, auxiliaryRepositoryCheckoutDirectories=[Ljava.lang.String;@3ae1d48d], jobTimingInfo=JobTimingInfo[submissionDate=2025-02-14T23:45:20.802935026Z[Etc/UTC], buildStartDate=2025-02-14T23:45:20.809306435Z[Etc/UTC], buildCompletionDate=2025-02-14T23:45:20.822452342Z[Etc/UTC], estimatedCompletionDate=2025-02-14T23:45:39.809298491Z[Etc/UTC], estimatedDuration=19], buildConfig=BuildConfig[buildScript=#!/bin/bash
cd /var/tmp/testing-dir
chmod +x ./gradlew
./gradlew clean test
, dockerImage=dummy-docker-image:latest, commitHashToBuild=c710d0e68c9c7db8cda7d1a278308de2b9642cc0, assignmentCommitHash=c710d0e68c9c7db8cda7d1a278308de2b9642cc0, testCommitHash=c710d0e68c9c7db8cda7d1a278308de2b9642cc0, branch=main, programmingLanguage=JAVA, projectType=PLAIN_GRADLE, scaEnabled=false, sequentialTestRunsEnabled=false, resultPaths=[/var/tmp/testing-dir/**/test-results/test/*.xml], timeoutSeconds=0, assignmentCheckoutPath=null, testCheckoutPath=null, solutionCheckoutPath=null, dockerRunConfig=null], submissionResult=ResultDTO[id=631, completionDate=2025-02-14T23:45:20.822527362Z[Etc/UTC], successful=false, score=0.0, rated=true, submission=SubmissionDTO[id=824, submitted=true, type=TEST, exampleSubmission=null, submissionDate=2025-02-14T23:45:20.791240Z, commitHash=c710d0e68c9c7db8cda7d1a278308de2b9642cc0, buildFailed=true, buildArtifact=false, participation=ParticipationDTO[id=1978, testRun=false, type=solution, submissionCount=null, exercise=ParticipationExerciseDTO[id=2591, exerciseType=PROGRAMMING, type=programming, assessmentType=AUTOMATIC, dueDate=2025-02-16T23:45:18.950569Z, assessmentDueDate=null, maxPoints=42.0, course=CourseDTO[id=974, accuracyOfScores=1]]], submissionExerciseType=programming, isProcessing=false, buildStartDate=null, estimatedCompletionDate=null], participation=ParticipationDTO[id=1978, testRun=false, type=solution, submissionCount=null, exercise=ParticipationExerciseDTO[id=2591, exerciseType=PROGRAMMING, type=programming, assessmentType=AUTOMATIC, dueDate=2025-02-16T23:45:18.950569Z, assessmentDueDate=null, maxPoints=42.0, course=CourseDTO[id=974, accuracyOfScores=1]]], feedbacks=[], assessmentType=AUTOMATIC, hasComplaint=null, exampleResult=null, testCaseCount=0, passedTestCaseCount=0, codeIssueCount=0]], BuildJobQueueItem[id=20061739576732554, name=SHORT94A899E303D7504C5D0840704DAAFA3DFF4DTSTEXC-LOCALVCCIINTINSTRUCTOR1, buildAgent=BuildAgentDTO[name=artemis-build-agent-test, memberAddress=[127.0.0.1]:5703, displayName=artemis-build-agent-test], participationId=2006, courseId=984, exerciseId=2601, retryCount=0, priority=2, status=SUCCESSFUL, repositoryInfo=RepositoryInfo[repositoryName=short94a899e303d7504c5d0840704daafa3dff4dtstexc-localvcciintinstructor1, repositoryType=user, triggeredByPushTo=user, assignmentRepositoryUri=http://localhost:49152/git/SHORT94A899E303D7504C5D0840704DAAFA3DFF4DTSTEXC/short94a899e303d7504c5d0840704daafa3dff4dtstexc-localvcciintinstructor1.git, testRepositoryUri=http://localhost:49152/git/SHORT94A899E303D7504C5D0840704DAAFA3DFF4DTSTEXC/short94a899e303d7504c5d0840704daafa3dff4dtstexc-tests.git, solutionRepositoryUri=null, auxiliaryRepositoryUris=[Ljava.lang.String;@40a18bec, auxiliaryRepositoryCheckoutDirectories=[Ljava.lang.String;@1080b665], jobTimingInfo=JobTimingInfo[submissionDate=2025-02-14T23:45:32.554795798Z[Etc/UTC], buildStartDate=2025-02-14T23:45:32.567287465Z[Etc/UTC], buildCompletionDate=2025-02-14T23:45:34.535226768Z[Etc/UTC], estimatedCompletionDate=2025-02-14T23:45:51.567257960Z[Etc/UTC], estimatedDuration=19], buildConfig=BuildConfig[buildScript=#!/bin/bash
cd /var/tmp/testing-dir
chmod +x ./gradlew
./gradlew clean test
, dockerImage=dummy-docker-image:latest, commitHashToBuild=ca2dbc0ae87edf7035058a6a17c0ea60e90a290f, assignmentCommitHash=ca2dbc0ae87edf7035058a6a17c0ea60e90a290f, testCommitHash=0207f6f98af5fbb66ad68455f3fc3cf128af8ae9, branch=main, programmingLanguage=JAVA, projectType=PLAIN_GRADLE, scaEnabled=false, sequentialTestRunsEnabled=false, resultPaths=[/var/tmp/testing-dir/**/test-results/test/*.xml], timeoutSeconds=0, assignmentCheckoutPath=null, testCheckoutPath=null, solutionCheckoutPath=null, dockerRunConfig=null], submissionResult=ResultDTO[id=632, completionDate=2025-02-14T23:45:34.504415716Z[Etc/UTC], successful=false, score=7.7, rated=false, submission=SubmissionDTO[id=826, submitted=true, type=MANUAL, exampleSubmission=null, submissionDate=2025-02-14T23:45:32.541533Z, commitHash=ca2dbc0ae87edf7035058a6a17c0ea60e90a290f, buildFailed=false, buildArtifact=false, participation=ParticipationDTO[id=2006, testRun=true, type=programming, submissionCount=null, exercise=ParticipationExerciseDTO[id=2601, exerciseType=PROGRAMMING, type=programming, assessmentType=AUTOMATIC, dueDate=2025-02-16T23:45:31.864042Z, assessmentDueDate=null, maxPoints=42.0, course=CourseDTO[id=984, accuracyOfScores=1]]], submissionExerciseType=programming, isProcessing=false, buildStartDate=null, estimatedCompletionDate=null], participation=ParticipationDTO[id=2006, testRun=true, type=programming, submissionCount=null, exercise=ParticipationExerciseDTO[id=2601, exerciseType=PROGRAMMING, type=programming, assessmentType=AUTOMATIC, dueDate=2025-02-16T23:45:31.864042Z, assessmentDueDate=null, maxPoints=42.0, course=CourseDTO[id=984, accuracyOfScores=1]]], feedbacks=[FeedbackDTO[id=920, text=null, detailText=The exercise expects a class with the name Context in the package testpackage. You did not implement the class in the exercise., hasLongFeedbackText=false, reference=null, credits=0.0, positive=false, type=AUTOMATIC, visibility=ALWAYS, testCase=TestCaseDTO[testName=null, id=1357]], FeedbackDTO[id=921, text=null, detailText=The exercise expects a class with the name Policy in the package testpackage. You did not implement the class in the exercise., hasLongFeedbackText=false, reference=null, credits=0.0, positive=false, type=AUTOMATIC, visibility=ALWAYS, testCase=TestCaseDTO[testName=null, id=1358]], FeedbackDTO[id=922, text=null, detailText=The exercise expects a class with the name SortStrategy in the package testpackage. You did not implement the class in the exercise., hasLongFeedbackText=false, reference=null, credits=0.0, positive=false, type=AUTOMATIC, visibility=ALWAYS, testCase=TestCaseDTO[testName=null, id=1359]], FeedbackDTO[id=923, text=null, detailText=The class 'MergeSort' does not implement the interface 'SortStrategy' as expected. Implement the interface and its methods., hasLongFeedbackText=false, reference=null, credits=0.0, positive=false, type=AUTOMATIC, visibility=ALWAYS, testCase=TestCaseDTO[testName=null, id=1354]], FeedbackDTO[id=924, text=null, detailText=The exercise expects a class with the name SortStrategy in the package testpackage. You did not implement the class in the exercise., hasLongFeedbackText=false, reference=null, credits=0.0, positive=false, type=AUTOMATIC, visibility=ALWAYS, testCase=TestCaseDTO[testName=null, id=1351]], FeedbackDTO[id=925, text=null, detailText=The class 'BubbleSort' does not implement the interface 'SortStrategy' as expected. Implement the interface and its methods., hasLongFeedbackText=false, reference=null, credits=0.0, positive=false, type=AUTOMATIC, visibility=ALWAYS, testCase=TestCaseDTO[testName=null, id=1355]], FeedbackDTO[id=926, text=null, detailText=MergeSort does not sort correctly, hasLongFeedbackText=false, reference=null, credits=0.0, positive=false, type=AUTOMATIC, visibility=ALWAYS, testCase=TestCaseDTO[testName=null, id=1360]], FeedbackDTO[id=927, text=null, detailText=The class 'Context' was not found within the submission. Make sure to implement it properly., hasLongFeedbackText=false, reference=null, credits=0.0, positive=false, type=AUTOMATIC, visibility=ALWAYS, testCase=TestCaseDTO[testName=null, id=1361]], FeedbackDTO[id=928, text=null, detailText=The class 'Context' was not found within the submission. Make sure to implement it properly., hasLongFeedbackText=false, reference=null, credits=0.0, positive=false, type=AUTOMATIC, visibility=ALWAYS, testCase=TestCaseDTO[testName=null, id=1362]], FeedbackDTO[id=929, text=null, detailText=The exercise expects a class with the name Policy in the package testpackage. You did not implement the class in the exercise., hasLongFeedbackText=false, reference=null, credits=0.0, positive=false, type=AUTOMATIC, visibility=ALWAYS, testCase=TestCaseDTO[testName=null, id=1356]], FeedbackDTO[id=930, text=null, detailText=The exercise expects a class with the name Context in the package testpackage. You did not implement the class in the exercise., hasLongFeedbackText=false, reference=null, credits=0.0, positive=false, type=AUTOMATIC, visibility=ALWAYS, testCase=TestCaseDTO[testName=null, id=1352]], FeedbackDTO[id=931, text=null, detailText=The exercise expects a class with the name Policy in the package testpackage. You did not implement the class in the exercise., hasLongFeedbackText=false, reference=null, credits=0.0, positive=false, type=AUTOMATIC, visibility=ALWAYS, testCase=TestCaseDTO[testName=null, id=1353]], FeedbackDTO[id=932, text=null, detailText=null, hasLongFeedbackText=false, reference=null, credits=3.230769230769231, positive=true, type=AUTOMATIC, visibility=ALWAYS, testCase=TestCaseDTO[testName=null, id=1363]]], assessmentType=AUTOMATIC, hasComplaint=null, exampleResult=null, testCaseCount=13, passedTestCaseCount=1, codeIssueCount=0]], BuildJobQueueItem[id=20111739576737317, name=SHORTD49A6DAE04F9E049850BD5601663FD17A5B7TSTEXC-BASE, buildAgent=BuildAgentDTO[name=artemis-build-agent-test, memberAddress=[127.0.0.1]:5703, displayName=artemis-build-agent-test], participationId=2011, courseId=986, exerciseId=2603, retryCount=0, priority=2, status=SUCCESSFUL, repositoryInfo=RepositoryInfo[repositoryName=shortd49a6dae04f9e049850bd5601663fd17a5b7tstexc-exercise, repositoryType=exercise, triggeredByPushTo=exercise, assignmentRepositoryUri=http://localhost:49152/git/SHORTD49A6DAE04F9E049850BD5601663FD17A5B7TSTEXC/shortd49a6dae04f9e049850bd5601663fd17a5b7tstexc-exercise.git, testRepositoryUri=http://localhost:49152/git/SHORTD49A6DAE04F9E049850BD5601663FD17A5B7TSTEXC/shortd49a6dae04f9e049850bd5601663fd17a5b7tstexc-tests.git, solutionRepositoryUri=null, auxiliaryRepositoryUris=[Ljava.lang.String;@3c71ab89, auxiliaryRepositoryCheckoutDirectories=[Ljava.lang.String;@8005536], jobTimingInfo=JobTimingInfo[submissionDate=2025-02-14T23:45:37.317968648Z[Etc/UTC], buildStartDate=2025-02-14T23:45:37.324534774Z[Etc/UTC], buildCompletionDate=2025-02-14T23:45:38.527225461Z[Etc/UTC], estimatedCompletionDate=2025-02-14T23:45:56.324506331Z[Etc/UTC], estimatedDuration=19], buildConfig=BuildConfig[buildScript=#!/bin/bash
cd /var/tmp/testing-dir
chmod +x ./gradlew
./gradlew clean test
, dockerImage=dummy-docker-image:latest, commitHashToBuild=c795243c185829bbefa399f45dcbcfac22311b2f, assignmentCommitHash=c795243c185829bbefa399f45dcbcfac22311b2f, testCommitHash=fa8b162170bf767d852e05e0eb7a128efa2e1f34, branch=main, programmingLanguage=JAVA, projectType=PLAIN_GRADLE, scaEnabled=false, sequentialTestRunsEnabled=false, resultPaths=[/var/tmp/testing-dir/**/test-results/test/*.xml], timeoutSeconds=0, assignmentCheckoutPath=null, testCheckoutPath=null, solutionCheckoutPath=null, dockerRunConfig=null], submissionResult=ResultDTO[id=633, completionDate=2025-02-14T23:45:38.476795726Z[Etc/UTC], successful=false, score=0.0, rated=true, submission=SubmissionDTO[id=827, submitted=true, type=MANUAL, exampleSubmission=null, submissionDate=2025-02-14T23:45:37.303401Z, commitHash=c795243c185829bbefa399f45dcbcfac22311b2f, buildFailed=false, buildArtifact=false, participation=ParticipationDTO[id=2011, testRun=false, type=template, submissionCount=null, exercise=ParticipationExerciseDTO[id=2603, exerciseType=PROGRAMMING, type=programming, assessmentType=AUTOMATIC, dueDate=2025-02-16T23:45:36.830269Z, assessmentDueDate=null, maxPoints=42.0, course=CourseDTO[id=986, accuracyOfScores=1]]], submissionExerciseType=programming, isProcessing=false, buildStartDate=null, estimatedCompletionDate=null], participation=ParticipationDTO[id=2011, testRun=false, type=template, submissionCount=null, exercise=ParticipationExerciseDTO[id=2603, exerciseType=PROGRAMMING, type=programming, assessmentType=AUTOMATIC, dueDate=2025-02-16T23:45:36.830269Z, assessmentDueDate=null, maxPoints=42.0, course=CourseDTO[id=986, accuracyOfScores=1]]], feedbacks=[FeedbackDTO[id=933, text=null, detailText=The exercise expects a class with the name Context in the package testpackage. You did not implement the class in the exercise., hasLongFeedbackText=false, reference=null, credits=0.0, positive=false, type=AUTOMATIC, visibility=ALWAYS, testCase=TestCaseDTO[testName=testMethods[Context], id=1383]], FeedbackDTO[id=934, text=null, detailText=The exercise expects a class with the name Policy in the package testpackage. You did not implement the class in the exercise., hasLongFeedbackText=false, reference=null, credits=0.0, positive=false, type=AUTOMATIC, visibility=ALWAYS, testCase=TestCaseDTO[testName=testMethods[Policy], id=1384]], FeedbackDTO[id=935, text=null, detailText=The exercise expects a class with the name SortStrategy in the package testpackage. You did not implement the class in the exercise., hasLongFeedbackText=false, reference=null, credits=0.0, positive=false, type=AUTOMATIC, visibility=ALWAYS, testCase=TestCaseDTO[testName=testMethods[SortStrategy], id=1385]], FeedbackDTO[id=936, text=null, detailText=The class 'MergeSort' does not implement the interface 'SortStrategy' as expected. Implement the interface and its methods., hasLongFeedbackText=false, reference=null, credits=0.0, positive=false, type=AUTOMATIC, visibility=ALWAYS, testCase=TestCaseDTO[testName=testClass[MergeSort], id=1380]], FeedbackDTO[id=937, text=null, detailText=The exercise expects a class with the name SortStrategy in the package testpackage. You did not implement the class in the exercise., hasLongFeedbackText=false, reference=null, credits=0.0, positive=false, type=AUTOMATIC, visibility=ALWAYS, testCase=TestCaseDTO[testName=testClass[SortStrategy], id=1377]], FeedbackDTO[id=938, text=null, detailText=The class 'BubbleSort' does not implement the interface 'SortStrategy' as expected. Implement the interface and its methods., hasLongFeedbackText=false, reference=null, credits=0.0, positive=false, type=AUTOMATIC, visibility=ALWAYS, testCase=TestCaseDTO[testName=testClass[BubbleSort], id=1381]], FeedbackDTO[id=939, text=null, detailText=MergeSort does not sort correctly, hasLongFeedbackText=false, reference=null, credits=0.0, positive=false, type=AUTOMATIC, visibility=ALWAYS, testCase=TestCaseDTO[testName=testMergeSort(), id=1386]], FeedbackDTO[id=940, text=null, detailText=The class 'Context' was not found within the submission. Make sure to implement it properly., hasLongFeedbackText=false, reference=null, credits=0.0, positive=false, type=AUTOMATIC, visibility=ALWAYS, testCase=TestCaseDTO[testName=testUseBubbleSortForSmallList(), id=1387]], FeedbackDTO[id=941, text=null, detailText=BubbleSort does not sort correctly, hasLongFeedbackText=false, reference=null, credits=0.0, positive=false, type=AUTOMATIC, visibility=ALWAYS, testCase=TestCaseDTO[testName=testBubbleSort(), id=1389]], FeedbackDTO[id=942, text=null, detailText=The class 'Context' was not found within the submission. Make sure to implement it properly., hasLongFeedbackText=false, reference=null, credits=0.0, positive=false, type=AUTOMATIC, visibility=ALWAYS, testCase=TestCaseDTO[testName=testUseMergeSortForBigList(), id=1388]], FeedbackDTO[id=943, text=null, detailText=The exercise expects a class with the name Policy in the package testpackage. You did not implement the class in the exercise., hasLongFeedbackText=false, reference=null, credits=0.0, positive=false, type=AUTOMATIC, visibility=ALWAYS, testCase=TestCaseDTO[testName=testConstructors[Policy], id=1382]], FeedbackDTO[id=944, text=null, detailText=The exercise expects a class with the name Context in the package testpackage. You did not implement the class in the exercise., hasLongFeedbackText=false, reference=null, credits=0.0, positive=false, type=AUTOMATIC, visibility=ALWAYS, testCase=TestCaseDTO[testName=testAttributes[Context], id=1378]], FeedbackDTO[id=945, text=null, detailText=The exercise expects a class with the name Policy in the package testpackage. You did not implement the class in the exercise., hasLongFeedbackText=false, reference=null, credits=0.0, positive=false, type=AUTOMATIC, visibility=ALWAYS, testCase=TestCaseDTO[testName=testAttributes[Policy], id=1379]]], assessmentType=AUTOMATIC, hasComplaint=null, exampleResult=null, testCaseCount=13, passedTestCaseCount=0, codeIssueCount=0]], BuildJobQueueItem[id=20171739576740018, name=SHORT7914AFA00ADC3047140B99D01AC07810CE44TSTEXC-LOCALVCCIINTSTUDENT1, buildAgent=BuildAgentDTO[name=artemis-build-agent-test, memberAddress=[127.0.0.1]:5703, displayName=artemis-build-agent-test], participationId=2017, courseId=988, exerciseId=2605, retryCount=0, priority=2, status=SUCCESSFUL, repositoryInfo=RepositoryInfo[repositoryName=short7914afa00adc3047140b99d01ac07810ce44tstexc-practice-localvcciintstudent1, repositoryType=user, triggeredByPushTo=user, assignmentRepositoryUri=http://localhost:49152/git/SHORT7914AFA00ADC3047140B99D01AC07810CE44TSTEXC/short7914afa00adc3047140b99d01ac07810ce44tstexc-practice-localvcciintstudent1.git, testRepositoryUri=http://localhost:49152/git/SHORT7914AFA00ADC3047140B99D01AC07810CE44TSTEXC/short7914afa00adc3047140b99d01ac07810ce44tstexc-tests.git, solutionRepositoryUri=null, auxiliaryRepositoryUris=[Ljava.lang.String;@44324131, auxiliaryRepositoryCheckoutDirectories=[Ljava.lang.String;@5114f44c], jobTimingInfo=JobTimingInfo[submissionDate=2025-02-14T23:45:40.018961253Z[Etc/UTC], buildStartDate=2025-02-14T23:45:40.029742701Z[Etc/UTC], buildCompletionDate=2025-02-14T23:45:41.150208242Z[Etc/UTC], estimatedCompletionDate=2025-02-14T23:45:59.029734065Z[Etc/UTC], estimatedDuration=19], buildConfig=BuildConfig[buildScript=#!/bin/bash
cd /var/tmp/testing-dir
chmod +x ./gradlew
./gradlew clean test
, dockerImage=dummy-docker-image:latest, commitHashToBuild=d80b57877989b971e83ccdb4863c8a7023c76266, assignmentCommitHash=d80b57877989b971e83ccdb4863c8a7023c76266, testCommitHash=327b116890c92b1312314341f43f21ef13ecf7d7, branch=main, programmingLanguage=JAVA, projectType=PLAIN_GRADLE, scaEnabled=false, sequentialTestRunsEnabled=false, resultPaths=[/var/tmp/testing-dir/**/test-results/test/*.xml], timeoutSeconds=0, assignmentCheckoutPath=null, testCheckoutPath=null, solutionCheckoutPath=null, dockerRunConfig=null], submissionResult=ResultDTO[id=634, completionDate=2025-02-14T23:45:41.120192603Z[Etc/UTC], successful=false, score=7.7, rated=false, submission=SubmissionDTO[id=828, submitted=true, type=MANUAL, exampleSubmission=null, submissionDate=2025-02-14T23:45:40.008666Z, commitHash=d80b57877989b971e83ccdb4863c8a7023c76266, buildFailed=false, buildArtifact=false, participation=ParticipationDTO[id=2017, testRun=true, type=programming, submissionCount=null, exercise=ParticipationExerciseDTO[id=2605, exerciseType=PROGRAMMING, type=programming, assessmentType=AUTOMATIC, dueDate=2025-02-16T23:45:39.523500Z, assessmentDueDate=null, maxPoints=42.0, course=CourseDTO[id=988, accuracyOfScores=1]]], submissionExerciseType=programming, isProcessing=false, buildStartDate=null, estimatedCompletionDate=null], participation=ParticipationDTO[id=2017, testRun=true, type=programming, submissionCount=null, exercise=ParticipationExerciseDTO[id=2605, exerciseType=PROGRAMMING, type=programming, assessmentType=AUTOMATIC, dueDate=2025-02-16T23:45:39.523500Z, assessmentDueDate=null, maxPoints=42.0, course=CourseDTO[id=988, accuracyOfScores=1]]], feedbacks=[FeedbackDTO[id=946, text=null, detailText=The exercise expects a class with the name Context in the package testpackage. You did not implement the class in the exercise., hasLongFeedbackText=false, reference=null, credits=0.0, positive=false, type=AUTOMATIC, visibility=ALWAYS, testCase=TestCaseDTO[testName=null, id=1409]], FeedbackDTO[id=947, text=null, detailText=The exercise expects a class with the name Policy in the package testpackage. You did not implement the class in the exercise., hasLongFeedbackText=false, reference=null, credits=0.0, positive=false, type=AUTOMATIC, visibility=ALWAYS, testCase=TestCaseDTO[testName=null, id=1410]], FeedbackDTO[id=948, text=null, detailText=The exercise expects a class with the name SortStrategy in the package testpackage. You did not implement the class in the exercise., hasLongFeedbackText=false, reference=null, credits=0.0, positive=false, type=AUTOMATIC, visibility=ALWAYS, testCase=TestCaseDTO[testName=null, id=1411]], FeedbackDTO[id=949, text=null, detailText=The class 'MergeSort' does not implement the interface 'SortStrategy' as expected. Implement the interface and its methods., hasLongFeedbackText=false, reference=null, credits=0.0, positive=false, type=AUTOMATIC, visibility=ALWAYS, testCase=TestCaseDTO[testName=null, id=1406]], FeedbackDTO[id=950, text=null, detailText=The exercise expects a class with the name SortStrategy in the package testpackage. You did not implement the class in the exercise., hasLongFeedbackText=false, reference=null, credits=0.0, positive=false, type=AUTOMATIC, visibility=ALWAYS, testCase=TestCaseDTO[testName=null, id=1403]], FeedbackDTO[id=951, text=null, detailText=The class 'BubbleSort' does not implement the interface 'SortStrategy' as expected. Implement the interface and its methods., hasLongFeedbackText=false, reference=null, credits=0.0, positive=false, type=AUTOMATIC, visibility=ALWAYS, testCase=TestCaseDTO[testName=null, id=1407]], FeedbackDTO[id=952, text=null, detailText=MergeSort does not sort correctly, hasLongFeedbackText=false, reference=null, credits=0.0, positive=false, type=AUTOMATIC, visibility=ALWAYS, testCase=TestCaseDTO[testName=null, id=1412]], FeedbackDTO[id=953, text=null, detailText=The class 'Context' was not found within the submission. Make sure to implement it properly., hasLongFeedbackText=false, reference=null, credits=0.0, positive=false, type=AUTOMATIC, visibility=ALWAYS, testCase=TestCaseDTO[testName=null, id=1413]], FeedbackDTO[id=954, text=null, detailText=The class 'Context' was not found within the submission. Make sure to implement it properly., hasLongFeedbackText=false, reference=null, credits=0.0, positive=false, type=AUTOMATIC, visibility=ALWAYS, testCase=TestCaseDTO[testName=null, id=1414]], FeedbackDTO[id=955, text=null, detailText=The exercise expects a class with the name Policy in the package testpackage. You did not implement the class in the exercise., hasLongFeedbackText=false, reference=null, credits=0.0, positive=false, type=AUTOMATIC, visibility=ALWAYS, testCase=TestCaseDTO[testName=null, id=1408]], FeedbackDTO[id=956, text=null, detailText=The exercise expects a class with the name Context in the package testpackage. You did not implement the class in the exercise., hasLongFeedbackText=false, reference=null, credits=0.0, positive=false, type=AUTOMATIC, visibility=ALWAYS, testCase=TestCaseDTO[testName=null, id=1404]], FeedbackDTO[id=957, text=null, detailText=The exercise expects a class with the name Policy in the package testpackage. You did not implement the class in the exercise., hasLongFeedbackText=false, reference=null, credits=0.0, positive=false, type=AUTOMATIC, visibility=ALWAYS, testCase=TestCaseDTO[testName=null, id=1405]], FeedbackDTO[id=958, text=null, detailText=null, hasLongFeedbackText=false, reference=null, credits=3.230769230769231, positive=true, type=AUTOMATIC, visibility=ALWAYS, testCase=TestCaseDTO[testName=null, id=1415]]], assessmentType=AUTOMATIC, hasComplaint=null, exampleResult=null, testCaseCount=13, passedTestCaseCount=1, codeIssueCount=0]], BuildJobQueueItem[id=20261739576743984, name=SHORT53C73BE505404043100AC2F00C039353CE8FTSTEXC-LOCALVCCIINTSTUDENT1, buildAgent=BuildAgentDTO[name=artemis-build-agent-test, memberAddress=[127.0.0.1]:5703, displayName=artemis-build-agent-test], participationId=2026, courseId=991, exerciseId=2608, retryCount=0, priority=1, status=SUCCESSFUL, repositoryInfo=RepositoryInfo[repositoryName=short53c73be505404043100ac2f00c039353ce8ftstexc-localvcciintstudent1, repositoryType=user, triggeredByPushTo=user, assignmentRepositoryUri=http://localhost:49152/git/SHORT53C73BE505404043100AC2F00C039353CE8FTSTEXC/short53c73be505404043100ac2f00c039353ce8ftstexc-localvcciintstudent1.git, testRepositoryUri=http://localhost:49152/git/SHORT53C73BE505404043100AC2F00C039353CE8FTSTEXC/short53c73be505404043100ac2f00c039353ce8ftstexc-tests.git, solutionRepositoryUri=null, auxiliaryRepositoryUris=[Ljava.lang.String;@60882004, auxiliaryRepositoryCheckoutDirectories=[Ljava.lang.String;@6a2b60c6], jobTimingInfo=JobTimingInfo[submissionDate=2025-02-14T23:45:43.984518859Z[Etc/UTC], buildStartDate=2025-02-14T23:45:43.991385682Z[Etc/UTC], buildCompletionDate=2025-02-14T23:45:44.982059928Z[Etc/UTC], estimatedCompletionDate=2025-02-14T23:46:02.991380122Z[Etc/UTC], estimatedDuration=19], buildConfig=BuildConfig[buildScript=#!/bin/bash
cd /var/tmp/testing-dir
chmod +x ./gradlew
./gradlew clean test
, dockerImage=dummy-docker-image:latest, commitHashToBuild=3e90ae9fef2e44ffb41451a080bdaa6a44ad6848, assignmentCommitHash=3e90ae9fef2e44ffb41451a080bdaa6a44ad6848, testCommitHash=0582754c87aae13e640312855ce7dbe490ecb50c, branch=main, programmingLanguage=JAVA, projectType=PLAIN_GRADLE, scaEnabled=false, sequentialTestRunsEnabled=false, resultPaths=[/var/tmp/testing-dir/**/test-results/test/*.xml], timeoutSeconds=0, assignmentCheckoutPath=null, testCheckoutPath=null, solutionCheckoutPath=null, dockerRunConfig=null], submissionResult=ResultDTO[id=635, completionDate=2025-02-14T23:45:44.961313737Z[Etc/UTC], successful=false, score=7.7, rated=true, submission=SubmissionDTO[id=829, submitted=true, type=MANUAL, exampleSubmission=null, submissionDate=2025-02-14T23:45:43.967766Z, commitHash=3e90ae9fef2e44ffb41451a080bdaa6a44ad6848, buildFailed=false, buildArtifact=false, participation=ParticipationDTO[id=2026, testRun=false, type=programming, submissionCount=null, exercise=ParticipationExerciseDTO[id=2608, exerciseType=PROGRAMMING, type=programming, assessmentType=AUTOMATIC, dueDate=2025-02-16T23:45:43.597978Z, assessmentDueDate=null, maxPoints=42.0, course=CourseDTO[id=991, accuracyOfScores=1]]], submissionExerciseType=programming, isProcessing=false, buildStartDate=null, estimatedCompletionDate=null], participation=ParticipationDTO[id=2026, testRun=false, type=programming, submissionCount=null, exercise=ParticipationExerciseDTO[id=2608, exerciseType=PROGRAMMING, type=programming, assessmentType=AUTOMATIC, dueDate=2025-02-16T23:45:43.597978Z, assessmentDueDate=null, maxPoints=42.0, course=CourseDTO[id=991, accuracyOfScores=1]]], feedbacks=[FeedbackDTO[id=959, text=null, detailText=The exercise expects a class with the name Context in the package testpackage. You did not implement the class in the exercise., hasLongFeedbackText=false, reference=null, credits=0.0, positive=false, type=AUTOMATIC, visibility=ALWAYS, testCase=TestCaseDTO[testName=null, id=1448]], FeedbackDTO[id=960, text=null, detailText=The exercise expects a class with the name Policy in the package testpackage. You did not implement the class in the exercise., hasLongFeedbackText=false, reference=null, credits=0.0, positive=false, type=AUTOMATIC, visibility=ALWAYS, testCase=TestCaseDTO[testName=null, id=1449]], FeedbackDTO[id=961, text=null, detailText=The exercise expects a class with the name SortStrategy in the package testpackage. You did not implement the class in the exercise., hasLongFeedbackText=false, reference=null, credits=0.0, positive=false, type=AUTOMATIC, visibility=ALWAYS, testCase=TestCaseDTO[testName=null, id=1450]], FeedbackDTO[id=962, text=null, detailText=The class 'MergeSort' does not implement the interface 'SortStrategy' as expected. Implement the interface and its methods., hasLongFeedbackText=false, reference=null, credits=0.0, positive=false, type=AUTOMATIC, visibility=ALWAYS, testCase=TestCaseDTO[testName=null, id=1445]], FeedbackDTO[id=963, text=null, detailText=The exercise expects a class with the name SortStrategy in the package testpackage. You did not implement the class in the exercise., hasLongFeedbackText=false, reference=null, credits=0.0, positive=false, type=AUTOMATIC, visibility=ALWAYS, testCase=TestCaseDTO[testName=null, id=1442]], FeedbackDTO[id=964, text=null, detailText=The class 'BubbleSort' does not implement the interface 'SortStrategy' as expected. Implement the interface and its methods., hasLongFeedbackText=false, reference=null, credits=0.0, positive=false, type=AUTOMATIC, visibility=ALWAYS, testCase=TestCaseDTO[testName=null, id=1446]], FeedbackDTO[id=965, text=null, detailText=MergeSort does not sort correctly, hasLongFeedbackText=false, reference=null, credits=0.0, positive=false, type=AUTOMATIC, visibility=ALWAYS, testCase=TestCaseDTO[testName=null, id=1451]], FeedbackDTO[id=966, text=null, detailText=The class 'Context' was not found within the submission. Make sure to implement it properly., hasLongFeedbackText=false, reference=null, credits=0.0, positive=false, type=AUTOMATIC, visibility=ALWAYS, testCase=TestCaseDTO[testName=null, id=1452]], FeedbackDTO[id=967, text=null, detailText=The class 'Context' was not found within the submission. Make sure to implement it properly., hasLongFeedbackText=false, reference=null, credits=0.0, positive=false, type=AUTOMATIC, visibility=ALWAYS, testCase=TestCaseDTO[testName=null, id=1453]], FeedbackDTO[id=968, text=null, detailText=The exercise expects a class with the name Policy in the package testpackage. You did not implement the class in the exercise., hasLongFeedbackText=false, reference=null, credits=0.0, positive=false, type=AUTOMATIC, visibility=ALWAYS, testCase=TestCaseDTO[testName=null, id=1447]], FeedbackDTO[id=969, text=null, detailText=The exercise expects a class with the name Context in the package testpackage. You did not implement the class in the exercise., hasLongFeedbackText=false, reference=null, credits=0.0, positive=false, type=AUTOMATIC, visibility=ALWAYS, testCase=TestCaseDTO[testName=null, id=1443]], FeedbackDTO[id=970, text=null, detailText=The exercise expects a class with the name Policy in the package testpackage. You did not implement the class in the exercise., hasLongFeedbackText=false, reference=null, credits=0.0, positive=false, type=AUTOMATIC, visibility=ALWAYS, testCase=TestCaseDTO[testName=null, id=1444]], FeedbackDTO[id=971, text=null, detailText=null, hasLongFeedbackText=false, reference=null, credits=3.230769230769231, positive=true, type=AUTOMATIC, visibility=ALWAYS, testCase=TestCaseDTO[testName=null, id=1454]]], assessmentType=AUTOMATIC, hasComplaint=null, exampleResult=null, testCaseCount=13, passedTestCaseCount=1, codeIssueCount=0]], BuildJobQueueItem[id=20271739576746886, name=SHORT0FC863930E92904248098A506171F81CF6CFTSTEXC-SOLUTION, buildAgent=BuildAgentDTO[name=artemis-build-agent-test, memberAddress=[127.0.0.1]:5703, displayName=artemis-build-agent-test], participationId=2027, courseId=992, exerciseId=2609, retryCount=0, priority=2, status=SUCCESSFUL, repositoryInfo=RepositoryInfo[repositoryName=short0fc863930e92904248098a506171f81cf6cftstexc-solution, repositoryType=solution, triggeredByPushTo=auxiliary, assignmentRepositoryUri=http://localhost:49152/git/SHORT0FC863930E92904248098A506171F81CF6CFTSTEXC/short0fc863930e92904248098a506171f81cf6cftstexc-solution.git, testRepositoryUri=http://localhost:49152/git/SHORT0FC863930E92904248098A506171F81CF6CFTSTEXC/short0fc863930e92904248098a506171f81cf6cftstexc-tests.git, solutionRepositoryUri=null, auxiliaryRepositoryUris=[Ljava.lang.String;@3c469f7b, auxiliaryRepositoryCheckoutDirectories=[Ljava.lang.String;@4a86ba2b], jobTimingInfo=JobTimingInfo[submissionDate=2025-02-14T23:45:46.886984066Z[Etc/UTC], buildStartDate=2025-02-14T23:45:46.897709578Z[Etc/UTC], buildCompletionDate=2025-02-14T23:45:48.628460156Z[Etc/UTC], estimatedCompletionDate=2025-02-14T23:46:05.897701272Z[Etc/UTC], estimatedDuration=19], buildConfig=BuildConfig[buildScript=#!/bin/bash
cd /var/tmp/testing-dir
chmod +x ./gradlew
./gradlew clean test
, dockerImage=dummy-docker-image:latest, commitHashToBuild=null, assignmentCommitHash=115a2e943bee242fdad360b50d8ad5f30792577e, testCommitHash=9b3a9bd71a0d80e5bbc42204c319ed3d1d4f0d6d, branch=main, programmingLanguage=JAVA, projectType=PLAIN_GRADLE, scaEnabled=false, sequentialTestRunsEnabled=false, resultPaths=[/var/tmp/testing-dir/**/test-results/test/*.xml], timeoutSeconds=0, assignmentCheckoutPath=null, testCheckoutPath=null, solutionCheckoutPath=null, dockerRunConfig=null], submissionResult=ResultDTO[id=636, completionDate=2025-02-14T23:45:48.593370968Z[Etc/UTC], successful=true, score=100.0, rated=true, submission=SubmissionDTO[id=830, submitted=true, type=TEST, exampleSubmission=null, submissionDate=2025-02-14T23:45:46.873671Z, commitHash=9b3a9bd71a0d80e5bbc42204c319ed3d1d4f0d6d, buildFailed=false, buildArtifact=false, participation=ParticipationDTO[id=2027, testRun=false, type=solution, submissionCount=null, exercise=ParticipationExerciseDTO[id=2609, exerciseType=PROGRAMMING, type=programming, assessmentType=AUTOMATIC, dueDate=2025-02-16T23:45:46.386304Z, assessmentDueDate=null, maxPoints=42.0, course=CourseDTO[id=992, accuracyOfScores=1]]], submissionExerciseType=programming, isProcessing=false, buildStartDate=null, estimatedCompletionDate=null], participation=ParticipationDTO[id=2027, testRun=false, type=solution, submissionCount=null, exercise=ParticipationExerciseDTO[id=2609, exerciseType=PROGRAMMING, type=programming, assessmentType=AUTOMATIC, dueDate=2025-02-16T23:45:46.386304Z, assessmentDueDate=null, maxPoints=42.0, course=CourseDTO[id=992, accuracyOfScores=1]]], feedbacks=[FeedbackDTO[id=972, text=null, detailText=null, hasLongFeedbackText=false, reference=null, credits=3.230769230769231, positive=true, type=AUTOMATIC, visibility=ALWAYS, testCase=TestCaseDTO[testName=testMethods[Context], id=1461]], FeedbackDTO[id=973, text=null, detailText=null, hasLongFeedbackText=false, reference=null, credits=3.230769230769231, positive=true, type=AUTOMATIC, visibility=ALWAYS, testCase=TestCaseDTO[testName=testMethods[Policy], id=1462]], FeedbackDTO[id=974, text=null, detailText=null, hasLongFeedbackText=false, reference=null, credits=3.230769230769231, positive=true, type=AUTOMATIC, visibility=ALWAYS, testCase=TestCaseDTO[testName=testMethods[SortStrategy], id=1463]], FeedbackDTO[id=975, text=null, detailText=null, hasLongFeedbackText=false, reference=null, credits=3.230769230769231, positive=true, type=AUTOMATIC, visibility=ALWAYS, testCase=TestCaseDTO[testName=testClass[MergeSort], id=1458]], FeedbackDTO[id=976, text=null, detailText=null, hasLongFeedbackText=false, reference=null, credits=3.230769230769231, positive=true, type=AUTOMATIC, visibility=ALWAYS, testCase=TestCaseDTO[testName=testClass[SortStrategy], id=1455]], FeedbackDTO[id=977, text=null, detailText=null, hasLongFeedbackText=false, reference=null, credits=3.230769230769231, positive=true, type=AUTOMATIC, visibility=ALWAYS, testCase=TestCaseDTO[testName=testClass[BubbleSort], id=1459]], FeedbackDTO[id=978, text=null, detailText=null, hasLongFeedbackText=false, reference=null, credits=3.230769230769231, positive=true, type=AUTOMATIC, visibility=ALWAYS, testCase=TestCaseDTO[testName=testMergeSort(), id=1464]], FeedbackDTO[id=979, text=null, detailText=null, hasLongFeedbackText=false, reference=null, credits=3.230769230769231, positive=true, type=AUTOMATIC, visibility=ALWAYS, testCase=TestCaseDTO[testName=testUseBubbleSortForSmallList(), id=1465]], FeedbackDTO[id=980, text=null, detailText=null, hasLongFeedbackText=false, reference=null, credits=3.230769230769231, positive=true, type=AUTOMATIC, visibility=ALWAYS, testCase=TestCaseDTO[testName=testBubbleSort(), id=1467]], FeedbackDTO[id=981, text=null, detailText=null, hasLongFeedbackText=false, reference=null, credits=3.230769230769231, positive=true, type=AUTOMATIC, visibility=ALWAYS, testCase=TestCaseDTO[testName=testUseMergeSortForBigList(), id=1466]], FeedbackDTO[id=982, text=null, detailText=null, hasLongFeedbackText=false, reference=null, credits=3.230769230769231, positive=true, type=AUTOMATIC, visibility=ALWAYS, testCase=TestCaseDTO[testName=testConstructors[Policy], id=1460]], FeedbackDTO[id=983, text=null, detailText=null, hasLongFeedbackText=false, reference=null, credits=3.230769230769231, positive=true, type=AUTOMATIC, visibility=ALWAYS, testCase=TestCaseDTO[testName=testAttributes[Context], id=1456]], FeedbackDTO[id=984, text=null, detailText=null, hasLongFeedbackText=false, reference=null, credits=3.230769230769231, positive=true, type=AUTOMATIC, visibility=ALWAYS, testCase=TestCaseDTO[testName=testAttributes[Policy], id=1457]]], assessmentType=AUTOMATIC, hasComplaint=null, exampleResult=null, testCaseCount=13, passedTestCaseCount=13, codeIssueCount=0]]], publicSshKey=ssh-rsa AAAAB3NzaC1yc2EAAAADAQABAAACAQCOPdMsxRE2jFJ/UEa5/LsBxtwzJcrh3/rYBCQvcMeVpiRfhzQPWu7mrt/G2Ew+i+vRloGH9aqKg6dd1liRncao53Zmd/ePxoatXePNhmzTfkCkcSkTUz7B+QMjkoDDV5jwuFPD6mF3JkhuzSi64n9Zy905t4w2IhVcjM2mL3eYNjiCXt6Qpq3Pkt7dM/Ksw1nxnvuiIALuJLB3FTkXkHqq3PJav+9HSq2r6ZaWgekneaGxlQlb+U+Vy3XOuArKAzK8c8i+0bR+AHiTG6ncYXt7ax3U+TdlDTF7OLP3umwaYjs1NBXOHwG42pevvpKn2fqavZZozk+M05jXLx3bq0O7itxfErWc7etky8qYPyyIMF/txQIVLd78+Ze4d7Y60t5MGbXM5cGE6fFif5fEJwgswXD+BrG0cafz1CTatjSKFdvp8Vp4VszXhHDan1PrP6JEFJ5Cc5GDmLRZPCFa3vL9f5qXgf4bkqKN8MYeEujwJE5nMRWoiJVNakix2bcrrneQMBlnYeYZVWXXXUusAQBzl4NgddC1umZpihZkL1b1MffZAUW3EGEXi7KHnllQhkTLLsQ8ntMgbylqaJKStqaXlLvdeRJcEnUuiFCrHEVVbXRFZR7XVDZ02CE5o3MuaRPty8Kh+jRTF3COlAckHwYEJCNNJvXFgb2CNXL4mjzYDw== test@localhost]
    23:45:50.491 | 566 localvc.event-13 | DEBUG | s.l.LocalCIWebsocketMessagingService : Sending message on topic /topic/admin/build-agents: [BuildAgentInformation[buildAgent=BuildAgentDTO[name=artemis-build-agent-test, memberAddress=[127.0.0.1]:5703, displayName=artemis-build-agent-test], maxNumberOfConcurrentBuildJobs=1, numberOfCurrentBuildJobs=0, runningBuildJobs=[], status=IDLE, recentBuildJobs=null, publicSshKey=null]]
    23:45:50.493 | 588 artemis-task-1   | DEBUG | d.t.c.a.a.c.c.w.GzipMessageConverter : Compressed message payload from 255 to 232 (saved 9.0% payload size)
    23:45:50.494 | 566 localvc.event-13 | DEBUG | s.l.LocalCIWebsocketMessagingService : Sending message on topic /topic/admin/build-agent/artemis-build-agent-test: BuildAgentInformation[buildAgent=BuildAgentDTO[name=artemis-build-agent-test, memberAddress=[127.0.0.1]:5703, displayName=artemis-build-agent-test], maxNumberOfConcurrentBuildJobs=1, numberOfCurrentBuildJobs=0, runningBuildJobs=[], status=IDLE, recentBuildJobs=[BuildJobQueueItem[id=19141739576708030, name=SHORT5F02A8F400311042E70858306EB148073CFDTSTEXC-LOCALVCINTSTUDENT1, buildAgent=BuildAgentDTO[name=artemis-build-agent-test, memberAddress=[127.0.0.1]:5703, displayName=artemis-build-agent-test], participationId=1914, courseId=947, exerciseId=2564, retryCount=0, priority=2, status=FAILED, repositoryInfo=RepositoryInfo[repositoryName=short5f02a8f400311042e70858306eb148073cfdtstexc-localvcintstudent1, repositoryType=user, triggeredByPushTo=user, assignmentRepositoryUri=http://localhost:49152/git/SHORT5F02A8F400311042E70858306EB148073CFDTSTEXC/short5f02a8f400311042e70858306eb148073cfdtstexc-localvcintstudent1.git, testRepositoryUri=http://localhost:49152/git/SHORT5F02A8F400311042E70858306EB148073CFDTSTEXC/short5f02a8f400311042e70858306eb148073cfdtstexc-tests.git, solutionRepositoryUri=null, auxiliaryRepositoryUris=[Ljava.lang.String;@5286baf6, auxiliaryRepositoryCheckoutDirectories=[Ljava.lang.String;@2dae056f], jobTimingInfo=JobTimingInfo[submissionDate=2025-02-14T23:45:08.030118216Z[Etc/UTC], buildStartDate=2025-02-14T23:45:08.041011412Z[Etc/UTC], buildCompletionDate=2025-02-14T23:45:08.054603331Z[Etc/UTC], estimatedCompletionDate=2025-02-14T23:45:27.041005080Z[Etc/UTC], estimatedDuration=19], buildConfig=BuildConfig[buildScript=#!/bin/bash
cd /var/tmp/testing-dir
chmod +x ./gradlew
./gradlew clean test
, dockerImage=dummy-docker-image:latest, commitHashToBuild=6e7146cac5059504aa9d170ec3fa23aec740bb51, assignmentCommitHash=6e7146cac5059504aa9d170ec3fa23aec740bb51, testCommitHash=931e5303581c7a2f01339ba603cfafbfe668b901, branch=main, programmingLanguage=JAVA, projectType=PLAIN_GRADLE, scaEnabled=false, sequentialTestRunsEnabled=false, resultPaths=[/var/tmp/testing-dir/**/test-results/test/*.xml], timeoutSeconds=0, assignmentCheckoutPath=null, testCheckoutPath=null, solutionCheckoutPath=null, dockerRunConfig=null], submissionResult=ResultDTO[id=622, completionDate=2025-02-14T23:45:08.054683681Z[Etc/UTC], successful=false, score=0.0, rated=true, submission=SubmissionDTO[id=814, submitted=true, type=MANUAL, exampleSubmission=null, submissionDate=2025-02-14T23:45:08.016200Z, commitHash=6e7146cac5059504aa9d170ec3fa23aec740bb51, buildFailed=true, buildArtifact=false, participation=ParticipationDTO[id=1914, testRun=false, type=programming, submissionCount=null, exercise=ParticipationExerciseDTO[id=2564, exerciseType=PROGRAMMING, type=programming, assessmentType=AUTOMATIC, dueDate=2025-02-16T23:45:07.324348Z, assessmentDueDate=null, maxPoints=42.0, course=CourseDTO[id=947, accuracyOfScores=1]]], submissionExerciseType=programming, isProcessing=false, buildStartDate=null, estimatedCompletionDate=null], participation=ParticipationDTO[id=1914, testRun=false, type=programming, submissionCount=null, exercise=ParticipationExerciseDTO[id=2564, exerciseType=PROGRAMMING, type=programming, assessmentType=AUTOMATIC, dueDate=2025-02-16T23:45:07.324348Z, assessmentDueDate=null, maxPoints=42.0, course=CourseDTO[id=947, accuracyOfScores=1]]], feedbacks=[], assessmentType=AUTOMATIC, hasComplaint=null, exampleResult=null, testCaseCount=0, passedTestCaseCount=0, codeIssueCount=0]], BuildJobQueueItem[id=19361739576711303, name=SHORT9AFDAE3804CA304DDF0889A0CB0F56104A86TSTEXC-LOCALVCINTSTUDENT1, buildAgent=BuildAgentDTO[name=artemis-build-agent-test, memberAddress=[127.0.0.1]:5703, displayName=artemis-build-agent-test], participationId=1936, courseId=956, exerciseId=2573, retryCount=0, priority=2, status=FAILED, repositoryInfo=RepositoryInfo[repositoryName=short9afdae3804ca304ddf0889a0cb0f56104a86tstexc-localvcintstudent1, repositoryType=user, triggeredByPushTo=user, assignmentRepositoryUri=http://localhost:49152/git/SHORT9AFDAE3804CA304DDF0889A0CB0F56104A86TSTEXC/short9afdae3804ca304ddf0889a0cb0f56104a86tstexc-localvcintstudent1.git, testRepositoryUri=http://localhost:49152/git/SHORT9AFDAE3804CA304DDF0889A0CB0F56104A86TSTEXC/short9afdae3804ca304ddf0889a0cb0f56104a86tstexc-tests.git, solutionRepositoryUri=null, auxiliaryRepositoryUris=[Ljava.lang.String;@3f483766, auxiliaryRepositoryCheckoutDirectories=[Ljava.lang.String;@7fe77428], jobTimingInfo=JobTimingInfo[submissionDate=2025-02-14T23:45:11.303805653Z[Etc/UTC], buildStartDate=2025-02-14T23:45:11.310981356Z[Etc/UTC], buildCompletionDate=2025-02-14T23:45:11.319178384Z[Etc/UTC], estimatedCompletionDate=2025-02-14T23:45:30.310974944Z[Etc/UTC], estimatedDuration=19], buildConfig=BuildConfig[buildScript=#!/bin/bash
cd /var/tmp/testing-dir
chmod +x ./gradlew
./gradlew clean test
, dockerImage=dummy-docker-image:latest, commitHashToBuild=a1099e378cffde441ef85f9b12577ca174b8e1e4, assignmentCommitHash=a1099e378cffde441ef85f9b12577ca174b8e1e4, testCommitHash=bd38d61c299ab11a1dea82a3ca5493fe04d97d47, branch=main, programmingLanguage=JAVA, projectType=PLAIN_GRADLE, scaEnabled=false, sequentialTestRunsEnabled=false, resultPaths=[/var/tmp/testing-dir/**/test-results/test/*.xml], timeoutSeconds=0, assignmentCheckoutPath=null, testCheckoutPath=null, solutionCheckoutPath=null, dockerRunConfig=null], submissionResult=ResultDTO[id=623, completionDate=2025-02-14T23:45:11.319278430Z[Etc/UTC], successful=false, score=0.0, rated=true, submission=SubmissionDTO[id=815, submitted=true, type=MANUAL, exampleSubmission=null, submissionDate=2025-02-14T23:45:11.294386Z, commitHash=a1099e378cffde441ef85f9b12577ca174b8e1e4, buildFailed=true, buildArtifact=false, participation=ParticipationDTO[id=1936, testRun=false, type=programming, submissionCount=null, exercise=ParticipationExerciseDTO[id=2573, exerciseType=PROGRAMMING, type=programming, assessmentType=AUTOMATIC, dueDate=2025-02-16T23:45:10.996982Z, assessmentDueDate=null, maxPoints=42.0, course=CourseDTO[id=956, accuracyOfScores=1]]], submissionExerciseType=programming, isProcessing=false, buildStartDate=null, estimatedCompletionDate=null], participation=ParticipationDTO[id=1936, testRun=false, type=programming, submissionCount=null, exercise=ParticipationExerciseDTO[id=2573, exerciseType=PROGRAMMING, type=programming, assessmentType=AUTOMATIC, dueDate=2025-02-16T23:45:10.996982Z, assessmentDueDate=null, maxPoints=42.0, course=CourseDTO[id=956, accuracyOfScores=1]]], feedbacks=[], assessmentType=AUTOMATIC, hasComplaint=null, exampleResult=null, testCaseCount=0, passedTestCaseCount=0, codeIssueCount=0]], BuildJobQueueItem[id=19351739576711674, name=SHORT9AFDAE3804CA304DDF0889A0CB0F56104A86TSTEXC-BASE, buildAgent=BuildAgentDTO[name=artemis-build-agent-test, memberAddress=[127.0.0.1]:5703, displayName=artemis-build-agent-test], participationId=1935, courseId=956, exerciseId=2573, retryCount=0, priority=2, status=FAILED, repositoryInfo=RepositoryInfo[repositoryName=short9afdae3804ca304ddf0889a0cb0f56104a86tstexc-exercise, repositoryType=exercise, triggeredByPushTo=exercise, assignmentRepositoryUri=http://localhost:49152/git/SHORT9AFDAE3804CA304DDF0889A0CB0F56104A86TSTEXC/short9afdae3804ca304ddf0889a0cb0f56104a86tstexc-exercise.git, testRepositoryUri=http://localhost:49152/git/SHORT9AFDAE3804CA304DDF0889A0CB0F56104A86TSTEXC/short9afdae3804ca304ddf0889a0cb0f56104a86tstexc-tests.git, solutionRepositoryUri=null, auxiliaryRepositoryUris=[Ljava.lang.String;@18d13028, auxiliaryRepositoryCheckoutDirectories=[Ljava.lang.String;@4509db20], jobTimingInfo=JobTimingInfo[submissionDate=2025-02-14T23:45:11.674556681Z[Etc/UTC], buildStartDate=2025-02-14T23:45:11.677776879Z[Etc/UTC], buildCompletionDate=2025-02-14T23:45:11.688097378Z[Etc/UTC], estimatedCompletionDate=2025-02-14T23:45:30.677771620Z[Etc/UTC], estimatedDuration=19], buildConfig=BuildConfig[buildScript=#!/bin/bash
cd /var/tmp/testing-dir
chmod +x ./gradlew
./gradlew clean test
, dockerImage=dummy-docker-image:latest, commitHashToBuild=a1099e378cffde441ef85f9b12577ca174b8e1e4, assignmentCommitHash=a1099e378cffde441ef85f9b12577ca174b8e1e4, testCommitHash=bd38d61c299ab11a1dea82a3ca5493fe04d97d47, branch=main, programmingLanguage=JAVA, projectType=PLAIN_GRADLE, scaEnabled=false, sequentialTestRunsEnabled=false, resultPaths=[/var/tmp/testing-dir/**/test-results/test/*.xml], timeoutSeconds=0, assignmentCheckoutPath=null, testCheckoutPath=null, solutionCheckoutPath=null, dockerRunConfig=null], submissionResult=ResultDTO[id=624, completionDate=2025-02-14T23:45:11.688214837Z[Etc/UTC], successful=false, score=0.0, rated=true, submission=SubmissionDTO[id=816, submitted=true, type=MANUAL, exampleSubmission=null, submissionDate=2025-02-14T23:45:11.656934Z, commitHash=a1099e378cffde441ef85f9b12577ca174b8e1e4, buildFailed=true, buildArtifact=false, participation=ParticipationDTO[id=1935, testRun=false, type=template, submissionCount=null, exercise=ParticipationExerciseDTO[id=2573, exerciseType=PROGRAMMING, type=programming, assessmentType=AUTOMATIC, dueDate=2025-02-16T23:45:10.996982Z, assessmentDueDate=null, maxPoints=42.0, course=CourseDTO[id=956, accuracyOfScores=1]]], submissionExerciseType=programming, isProcessing=false, buildStartDate=null, estimatedCompletionDate=null], participation=ParticipationDTO[id=1935, testRun=false, type=template, submissionCount=null, exercise=ParticipationExerciseDTO[id=2573, exerciseType=PROGRAMMING, type=programming, assessmentType=AUTOMATIC, dueDate=2025-02-16T23:45:10.996982Z, assessmentDueDate=null, maxPoints=42.0, course=CourseDTO[id=956, accuracyOfScores=1]]], feedbacks=[], assessmentType=AUTOMATIC, hasComplaint=null, exampleResult=null, testCaseCount=0, passedTestCaseCount=0, codeIssueCount=0]], BuildJobQueueItem[id=19341739576712112, name=SHORT9AFDAE3804CA304DDF0889A0CB0F56104A86TSTEXC-SOLUTION, buildAgent=BuildAgentDTO[name=artemis-build-agent-test, memberAddress=[127.0.0.1]:5703, displayName=artemis-build-agent-test], participationId=1934, courseId=956, exerciseId=2573, retryCount=0, priority=2, status=FAILED, repositoryInfo=RepositoryInfo[repositoryName=short9afdae3804ca304ddf0889a0cb0f56104a86tstexc-solution, repositoryType=solution, triggeredByPushTo=solution, assignmentRepositoryUri=http://localhost:49152/git/SHORT9AFDAE3804CA304DDF0889A0CB0F56104A86TSTEXC/short9afdae3804ca304ddf0889a0cb0f56104a86tstexc-solution.git, testRepositoryUri=http://localhost:49152/git/SHORT9AFDAE3804CA304DDF0889A0CB0F56104A86TSTEXC/short9afdae3804ca304ddf0889a0cb0f56104a86tstexc-tests.git, solutionRepositoryUri=null, auxiliaryRepositoryUris=[Ljava.lang.String;@3b8437e0, auxiliaryRepositoryCheckoutDirectories=[Ljava.lang.String;@7f06528c], jobTimingInfo=JobTimingInfo[submissionDate=2025-02-14T23:45:12.112332872Z[Etc/UTC], buildStartDate=2025-02-14T23:45:12.121617114Z[Etc/UTC], buildCompletionDate=2025-02-14T23:45:12.127931701Z[Etc/UTC], estimatedCompletionDate=2025-02-14T23:45:31.121609600Z[Etc/UTC], estimatedDuration=19], buildConfig=BuildConfig[buildScript=#!/bin/bash
cd /var/tmp/testing-dir
chmod +x ./gradlew
./gradlew clean test
, dockerImage=dummy-docker-image:latest, commitHashToBuild=a1099e378cffde441ef85f9b12577ca174b8e1e4, assignmentCommitHash=a1099e378cffde441ef85f9b12577ca174b8e1e4, testCommitHash=bd38d61c299ab11a1dea82a3ca5493fe04d97d47, branch=main, programmingLanguage=JAVA, projectType=PLAIN_GRADLE, scaEnabled=false, sequentialTestRunsEnabled=false, resultPaths=[/var/tmp/testing-dir/**/test-results/test/*.xml], timeoutSeconds=0, assignmentCheckoutPath=null, testCheckoutPath=null, solutionCheckoutPath=null, dockerRunConfig=null], submissionResult=ResultDTO[id=625, completionDate=2025-02-14T23:45:12.128011800Z[Etc/UTC], successful=false, score=0.0, rated=true, submission=SubmissionDTO[id=817, submitted=true, type=MANUAL, exampleSubmission=null, submissionDate=2025-02-14T23:45:12.098737Z, commitHash=a1099e378cffde441ef85f9b12577ca174b8e1e4, buildFailed=true, buildArtifact=false, participation=ParticipationDTO[id=1934, testRun=false, type=solution, submissionCount=null, exercise=ParticipationExerciseDTO[id=2573, exerciseType=PROGRAMMING, type=programming, assessmentType=AUTOMATIC, dueDate=2025-02-16T23:45:10.996982Z, assessmentDueDate=null, maxPoints=42.0, course=CourseDTO[id=956, accuracyOfScores=1]]], submissionExerciseType=programming, isProcessing=false, buildStartDate=null, estimatedCompletionDate=null], participation=ParticipationDTO[id=1934, testRun=false, type=solution, submissionCount=null, exercise=ParticipationExerciseDTO[id=2573, exerciseType=PROGRAMMING, type=programming, assessmentType=AUTOMATIC, dueDate=2025-02-16T23:45:10.996982Z, assessmentDueDate=null, maxPoints=42.0, course=CourseDTO[id=956, accuracyOfScores=1]]], feedbacks=[], assessmentType=AUTOMATIC, hasComplaint=null, exampleResult=null, testCaseCount=0, passedTestCaseCount=0, codeIssueCount=0]], BuildJobQueueItem[id=19341739576713025, name=SHORT9AFDAE3804CA304DDF0889A0CB0F56104A86TSTEXC-SOLUTION, buildAgent=BuildAgentDTO[name=artemis-build-agent-test, memberAddress=[127.0.0.1]:5703, displayName=artemis-build-agent-test], participationId=1934, courseId=956, exerciseId=2573, retryCount=0, priority=2, status=FAILED, repositoryInfo=RepositoryInfo[repositoryName=short9afdae3804ca304ddf0889a0cb0f56104a86tstexc-solution, repositoryType=solution, triggeredByPushTo=tests, assignmentRepositoryUri=http://localhost:49152/git/SHORT9AFDAE3804CA304DDF0889A0CB0F56104A86TSTEXC/short9afdae3804ca304ddf0889a0cb0f56104a86tstexc-solution.git, testRepositoryUri=http://localhost:49152/git/SHORT9AFDAE3804CA304DDF0889A0CB0F56104A86TSTEXC/short9afdae3804ca304ddf0889a0cb0f56104a86tstexc-tests.git, solutionRepositoryUri=null, auxiliaryRepositoryUris=[Ljava.lang.String;@6e477d34, auxiliaryRepositoryCheckoutDirectories=[Ljava.lang.String;@651c7b07], jobTimingInfo=JobTimingInfo[submissionDate=2025-02-14T23:45:13.025319671Z[Etc/UTC], buildStartDate=2025-02-14T23:45:13.040293146Z[Etc/UTC], buildCompletionDate=2025-02-14T23:45:13.053032917Z[Etc/UTC], estimatedCompletionDate=2025-02-14T23:45:32.040285703Z[Etc/UTC], estimatedDuration=19], buildConfig=BuildConfig[buildScript=#!/bin/bash
cd /var/tmp/testing-dir
chmod +x ./gradlew
./gradlew clean test
, dockerImage=dummy-docker-image:latest, commitHashToBuild=784f8f0049d2a1a54f21c67dd772bea86715267a, assignmentCommitHash=a1099e378cffde441ef85f9b12577ca174b8e1e4, testCommitHash=784f8f0049d2a1a54f21c67dd772bea86715267a, branch=main, programmingLanguage=JAVA, projectType=PLAIN_GRADLE, scaEnabled=false, sequentialTestRunsEnabled=false, resultPaths=[/var/tmp/testing-dir/**/test-results/test/*.xml], timeoutSeconds=0, assignmentCheckoutPath=null, testCheckoutPath=null, solutionCheckoutPath=null, dockerRunConfig=null], submissionResult=ResultDTO[id=626, completionDate=2025-02-14T23:45:13.053131811Z[Etc/UTC], successful=false, score=0.0, rated=true, submission=SubmissionDTO[id=818, submitted=true, type=TEST, exampleSubmission=null, submissionDate=2025-02-14T23:45:13.005779Z, commitHash=784f8f0049d2a1a54f21c67dd772bea86715267a, buildFailed=true, buildArtifact=false, participation=ParticipationDTO[id=1934, testRun=false, type=solution, submissionCount=null, exercise=ParticipationExerciseDTO[id=2573, exerciseType=PROGRAMMING, type=programming, assessmentType=AUTOMATIC, dueDate=2025-02-16T23:45:10.996982Z, assessmentDueDate=null, maxPoints=42.0, course=CourseDTO[id=956, accuracyOfScores=1]]], submissionExerciseType=programming, isProcessing=false, buildStartDate=null, estimatedCompletionDate=null], participation=ParticipationDTO[id=1934, testRun=false, type=solution, submissionCount=null, exercise=ParticipationExerciseDTO[id=2573, exerciseType=PROGRAMMING, type=programming, assessmentType=AUTOMATIC, dueDate=2025-02-16T23:45:10.996982Z, assessmentDueDate=null, maxPoints=42.0, course=CourseDTO[id=956, accuracyOfScores=1]]], feedbacks=[], assessmentType=AUTOMATIC, hasComplaint=null, exampleResult=null, testCaseCount=0, passedTestCaseCount=0, codeIssueCount=0]], BuildJobQueueItem[id=19581739576715555, name=SHORTC1A3F9FC03D2304B4308FA20AF16D54AAA49TSTEXC-LOCALVCSSHINTSTUDENT1, buildAgent=BuildAgentDTO[name=artemis-build-agent-test, memberAddress=[127.0.0.1]:5703, displayName=artemis-build-agent-test], participationId=1958, courseId=965, exerciseId=2582, retryCount=0, priority=2, status=FAILED, repositoryInfo=RepositoryInfo[repositoryName=shortc1a3f9fc03d2304b4308fa20af16d54aaa49tstexc-localvcsshintstudent1, repositoryType=user, triggeredByPushTo=user, assignmentRepositoryUri=http://localhost:49152/git/SHORTC1A3F9FC03D2304B4308FA20AF16D54AAA49TSTEXC/shortc1a3f9fc03d2304b4308fa20af16d54aaa49tstexc-localvcsshintstudent1.git, testRepositoryUri=http://localhost:49152/git/SHORTC1A3F9FC03D2304B4308FA20AF16D54AAA49TSTEXC/shortc1a3f9fc03d2304b4308fa20af16d54aaa49tstexc-tests.git, solutionRepositoryUri=null, auxiliaryRepositoryUris=[Ljava.lang.String;@7fbd6b73, auxiliaryRepositoryCheckoutDirectories=[Ljava.lang.String;@3262c43a], jobTimingInfo=JobTimingInfo[submissionDate=2025-02-14T23:45:15.555989584Z[Etc/UTC], buildStartDate=2025-02-14T23:45:15.568477627Z[Etc/UTC], buildCompletionDate=2025-02-14T23:45:15.579021148Z[Etc/UTC], estimatedCompletionDate=2025-02-14T23:45:34.568443924Z[Etc/UTC], estimatedDuration=19], buildConfig=BuildConfig[buildScript=#!/bin/bash
cd /var/tmp/testing-dir
chmod +x ./gradlew
./gradlew clean test
, dockerImage=dummy-docker-image:latest, commitHashToBuild=ca76dac20e040e6609db02fd7fedd56bf58829d7, assignmentCommitHash=ca76dac20e040e6609db02fd7fedd56bf58829d7, testCommitHash=bd0d58c226dc63bfa4bc9052870589952c0a1f83, branch=main, programmingLanguage=JAVA, projectType=PLAIN_GRADLE, scaEnabled=false, sequentialTestRunsEnabled=false, resultPaths=[/var/tmp/testing-dir/**/test-results/test/*.xml], timeoutSeconds=0, assignmentCheckoutPath=null, testCheckoutPath=null, solutionCheckoutPath=null, dockerRunConfig=null], submissionResult=ResultDTO[id=627, completionDate=2025-02-14T23:45:15.579119131Z[Etc/UTC], successful=false, score=0.0, rated=true, submission=SubmissionDTO[id=820, submitted=true, type=MANUAL, exampleSubmission=null, submissionDate=2025-02-14T23:45:15.548349Z, commitHash=ca76dac20e040e6609db02fd7fedd56bf58829d7, buildFailed=true, buildArtifact=false, participation=ParticipationDTO[id=1958, testRun=false, type=programming, submissionCount=null, exercise=ParticipationExerciseDTO[id=2582, exerciseType=PROGRAMMING, type=programming, assessmentType=AUTOMATIC, dueDate=2025-02-16T23:45:15.103512Z, assessmentDueDate=null, maxPoints=42.0, course=CourseDTO[id=965, accuracyOfScores=1]]], submissionExerciseType=programming, isProcessing=false, buildStartDate=null, estimatedCompletionDate=null], participation=ParticipationDTO[id=1958, testRun=false, type=programming, submissionCount=null, exercise=ParticipationExerciseDTO[id=2582, exerciseType=PROGRAMMING, type=programming, assessmentType=AUTOMATIC, dueDate=2025-02-16T23:45:15.103512Z, assessmentDueDate=null, maxPoints=42.0, course=CourseDTO[id=965, accuracyOfScores=1]]], feedbacks=[], assessmentType=AUTOMATIC, hasComplaint=null, exampleResult=null, testCaseCount=0, passedTestCaseCount=0, codeIssueCount=0]], BuildJobQueueItem[id=19801739576719393, name=SHORTB2A6C58B0D447045380A858075B170A5B7C6TSTEXC-LOCALVCSSHINTSTUDENT1, buildAgent=BuildAgentDTO[name=artemis-build-agent-test, memberAddress=[127.0.0.1]:5703, displayName=artemis-build-agent-test], participationId=1980, courseId=974, exerciseId=2591, retryCount=0, priority=2, status=FAILED, repositoryInfo=RepositoryInfo[repositoryName=shortb2a6c58b0d447045380a858075b170a5b7c6tstexc-localvcsshintstudent1, repositoryType=user, triggeredByPushTo=user, assignmentRepositoryUri=http://localhost:49152/git/SHORTB2A6C58B0D447045380A858075B170A5B7C6TSTEXC/shortb2a6c58b0d447045380a858075b170a5b7c6tstexc-localvcsshintstudent1.git, testRepositoryUri=http://localhost:49152/git/SHORTB2A6C58B0D447045380A858075B170A5B7C6TSTEXC/shortb2a6c58b0d447045380a858075b170a5b7c6tstexc-tests.git, solutionRepositoryUri=null, auxiliaryRepositoryUris=[Ljava.lang.String;@6799b19f, auxiliaryRepositoryCheckoutDirectories=[Ljava.lang.String;@615b3a28], jobTimingInfo=JobTimingInfo[submissionDate=2025-02-14T23:45:19.393259829Z[Etc/UTC], buildStartDate=2025-02-14T23:45:19.405438171Z[Etc/UTC], buildCompletionDate=2025-02-14T23:45:19.414070673Z[Etc/UTC], estimatedCompletionDate=2025-02-14T23:45:38.405431569Z[Etc/UTC], estimatedDuration=19], buildConfig=BuildConfig[buildScript=#!/bin/bash
cd /var/tmp/testing-dir
chmod +x ./gradlew
./gradlew clean test
, dockerImage=dummy-docker-image:latest, commitHashToBuild=363cdbf709a9fff149f813ab848ee800a675cc77, assignmentCommitHash=363cdbf709a9fff149f813ab848ee800a675cc77, testCommitHash=a5e046ece417b2e538f21f816e2524dab61e0d10, branch=main, programmingLanguage=JAVA, projectType=PLAIN_GRADLE, scaEnabled=false, sequentialTestRunsEnabled=false, resultPaths=[/var/tmp/testing-dir/**/test-results/test/*.xml], timeoutSeconds=0, assignmentCheckoutPath=null, testCheckoutPath=null, solutionCheckoutPath=null, dockerRunConfig=null], submissionResult=ResultDTO[id=628, completionDate=2025-02-14T23:45:19.414171040Z[Etc/UTC], successful=false, score=0.0, rated=true, submission=SubmissionDTO[id=821, submitted=true, type=MANUAL, exampleSubmission=null, submissionDate=2025-02-14T23:45:19.376840Z, commitHash=363cdbf709a9fff149f813ab848ee800a675cc77, buildFailed=true, buildArtifact=false, participation=ParticipationDTO[id=1980, testRun=false, type=programming, submissionCount=null, exercise=ParticipationExerciseDTO[id=2591, exerciseType=PROGRAMMING, type=programming, assessmentType=AUTOMATIC, dueDate=2025-02-16T23:45:18.950569Z, assessmentDueDate=null, maxPoints=42.0, course=CourseDTO[id=974, accuracyOfScores=1]]], submissionExerciseType=programming, isProcessing=false, buildStartDate=null, estimatedCompletionDate=null], participation=ParticipationDTO[id=1980, testRun=false, type=programming, submissionCount=null, exercise=ParticipationExerciseDTO[id=2591, exerciseType=PROGRAMMING, type=programming, assessmentType=AUTOMATIC, dueDate=2025-02-16T23:45:18.950569Z, assessmentDueDate=null, maxPoints=42.0, course=CourseDTO[id=974, accuracyOfScores=1]]], feedbacks=[], assessmentType=AUTOMATIC, hasComplaint=null, exampleResult=null, testCaseCount=0, passedTestCaseCount=0, codeIssueCount=0]], BuildJobQueueItem[id=19791739576719787, name=SHORTB2A6C58B0D447045380A858075B170A5B7C6TSTEXC-BASE, buildAgent=BuildAgentDTO[name=artemis-build-agent-test, memberAddress=[127.0.0.1]:5703, displayName=artemis-build-agent-test], participationId=1979, courseId=974, exerciseId=2591, retryCount=0, priority=2, status=FAILED, repositoryInfo=RepositoryInfo[repositoryName=shortb2a6c58b0d447045380a858075b170a5b7c6tstexc-exercise, repositoryType=exercise, triggeredByPushTo=exercise, assignmentRepositoryUri=http://localhost:49152/git/SHORTB2A6C58B0D447045380A858075B170A5B7C6TSTEXC/shortb2a6c58b0d447045380a858075b170a5b7c6tstexc-exercise.git, testRepositoryUri=http://localhost:49152/git/SHORTB2A6C58B0D447045380A858075B170A5B7C6TSTEXC/shortb2a6c58b0d447045380a858075b170a5b7c6tstexc-tests.git, solutionRepositoryUri=null, auxiliaryRepositoryUris=[Ljava.lang.String;@75292383, auxiliaryRepositoryCheckoutDirectories=[Ljava.lang.String;@514e6a08], jobTimingInfo=JobTimingInfo[submissionDate=2025-02-14T23:45:19.787985058Z[Etc/UTC], buildStartDate=2025-02-14T23:45:19.796327417Z[Etc/UTC], buildCompletionDate=2025-02-14T23:45:19.799750982Z[Etc/UTC], estimatedCompletionDate=2025-02-14T23:45:38.796319082Z[Etc/UTC], estimatedDuration=19], buildConfig=BuildConfig[buildScript=#!/bin/bash
cd /var/tmp/testing-dir
chmod +x ./gradlew
./gradlew clean test
, dockerImage=dummy-docker-image:latest, commitHashToBuild=363cdbf709a9fff149f813ab848ee800a675cc77, assignmentCommitHash=363cdbf709a9fff149f813ab848ee800a675cc77, testCommitHash=a5e046ece417b2e538f21f816e2524dab61e0d10, branch=main, programmingLanguage=JAVA, projectType=PLAIN_GRADLE, scaEnabled=false, sequentialTestRunsEnabled=false, resultPaths=[/var/tmp/testing-dir/**/test-results/test/*.xml], timeoutSeconds=0, assignmentCheckoutPath=null, testCheckoutPath=null, solutionCheckoutPath=null, dockerRunConfig=null], submissionResult=ResultDTO[id=629, completionDate=2025-02-14T23:45:19.799820341Z[Etc/UTC], successful=false, score=0.0, rated=true, submission=SubmissionDTO[id=822, submitted=true, type=MANUAL, exampleSubmission=null, submissionDate=2025-02-14T23:45:19.775952Z, commitHash=363cdbf709a9fff149f813ab848ee800a675cc77, buildFailed=true, buildArtifact=false, participation=ParticipationDTO[id=1979, testRun=false, type=template, submissionCount=null, exercise=ParticipationExerciseDTO[id=2591, exerciseType=PROGRAMMING, type=programming, assessmentType=AUTOMATIC, dueDate=2025-02-16T23:45:18.950569Z, assessmentDueDate=null, maxPoints=42.0, course=CourseDTO[id=974, accuracyOfScores=1]]], submissionExerciseType=programming, isProcessing=false, buildStartDate=null, estimatedCompletionDate=null], participation=ParticipationDTO[id=1979, testRun=false, type=template, submissionCount=null, exercise=ParticipationExerciseDTO[id=2591, exerciseType=PROGRAMMING, type=programming, assessmentType=AUTOMATIC, dueDate=2025-02-16T23:45:18.950569Z, assessmentDueDate=null, maxPoints=42.0, course=CourseDTO[id=974, accuracyOfScores=1]]], feedbacks=[], assessmentType=AUTOMATIC, hasComplaint=null, exampleResult=null, testCaseCount=0, passedTestCaseCount=0, codeIssueCount=0]], BuildJobQueueItem[id=19781739576720235, name=SHORTB2A6C58B0D447045380A858075B170A5B7C6TSTEXC-SOLUTION, buildAgent=BuildAgentDTO[name=artemis-build-agent-test, memberAddress=[127.0.0.1]:5703, displayName=artemis-build-agent-test], participationId=1978, courseId=974, exerciseId=2591, retryCount=0, priority=2, status=FAILED, repositoryInfo=RepositoryInfo[repositoryName=shortb2a6c58b0d447045380a858075b170a5b7c6tstexc-solution, repositoryType=solution, triggeredByPushTo=solution, assignmentRepositoryUri=http://localhost:49152/git/SHORTB2A6C58B0D447045380A858075B170A5B7C6TSTEXC/shortb2a6c58b0d447045380a858075b170a5b7c6tstexc-solution.git, testRepositoryUri=http://localhost:49152/git/SHORTB2A6C58B0D447045380A858075B170A5B7C6TSTEXC/shortb2a6c58b0d447045380a858075b170a5b7c6tstexc-tests.git, solutionRepositoryUri=null, auxiliaryRepositoryUris=[Ljava.lang.String;@7bf12cf7, auxiliaryRepositoryCheckoutDirectories=[Ljava.lang.String;@43c3d3db], jobTimingInfo=JobTimingInfo[submissionDate=2025-02-14T23:45:20.235272325Z[Etc/UTC], buildStartDate=2025-02-14T23:45:20.243033812Z[Etc/UTC], buildCompletionDate=2025-02-14T23:45:20.250721018Z[Etc/UTC], estimatedCompletionDate=2025-02-14T23:45:39.243026949Z[Etc/UTC], estimatedDuration=19], buildConfig=BuildConfig[buildScript=#!/bin/bash
cd /var/tmp/testing-dir
chmod +x ./gradlew
./gradlew clean test
, dockerImage=dummy-docker-image:latest, commitHashToBuild=c710d0e68c9c7db8cda7d1a278308de2b9642cc0, assignmentCommitHash=c710d0e68c9c7db8cda7d1a278308de2b9642cc0, testCommitHash=a5e046ece417b2e538f21f816e2524dab61e0d10, branch=main, programmingLanguage=JAVA, projectType=PLAIN_GRADLE, scaEnabled=false, sequentialTestRunsEnabled=false, resultPaths=[/var/tmp/testing-dir/**/test-results/test/*.xml], timeoutSeconds=0, assignmentCheckoutPath=null, testCheckoutPath=null, solutionCheckoutPath=null, dockerRunConfig=null], submissionResult=ResultDTO[id=630, completionDate=2025-02-14T23:45:20.250809893Z[Etc/UTC], successful=false, score=0.0, rated=true, submission=SubmissionDTO[id=823, submitted=true, type=MANUAL, exampleSubmission=null, submissionDate=2025-02-14T23:45:20.211707Z, commitHash=c710d0e68c9c7db8cda7d1a278308de2b9642cc0, buildFailed=true, buildArtifact=false, participation=ParticipationDTO[id=1978, testRun=false, type=solution, submissionCount=null, exercise=ParticipationExerciseDTO[id=2591, exerciseType=PROGRAMMING, type=programming, assessmentType=AUTOMATIC, dueDate=2025-02-16T23:45:18.950569Z, assessmentDueDate=null, maxPoints=42.0, course=CourseDTO[id=974, accuracyOfScores=1]]], submissionExerciseType=programming, isProcessing=false, buildStartDate=null, estimatedCompletionDate=null], participation=ParticipationDTO[id=1978, testRun=false, type=solution, submissionCount=null, exercise=ParticipationExerciseDTO[id=2591, exerciseType=PROGRAMMING, type=programming, assessmentType=AUTOMATIC, dueDate=2025-02-16T23:45:18.950569Z, assessmentDueDate=null, maxPoints=42.0, course=CourseDTO[id=974, accuracyOfScores=1]]], feedbacks=[], assessmentType=AUTOMATIC, hasComplaint=null, exampleResult=null, testCaseCount=0, passedTestCaseCount=0, codeIssueCount=0]], BuildJobQueueItem[id=19781739576720802, name=SHORTB2A6C58B0D447045380A858075B170A5B7C6TSTEXC-SOLUTION, buildAgent=BuildAgentDTO[name=artemis-build-agent-test, memberAddress=[127.0.0.1]:5703, displayName=artemis-build-agent-test], participationId=1978, courseId=974, exerciseId=2591, retryCount=0, priority=2, status=FAILED, repositoryInfo=RepositoryInfo[repositoryName=shortb2a6c58b0d447045380a858075b170a5b7c6tstexc-solution, repositoryType=solution, triggeredByPushTo=tests, assignmentRepositoryUri=http://localhost:49152/git/SHORTB2A6C58B0D447045380A858075B170A5B7C6TSTEXC/shortb2a6c58b0d447045380a858075b170a5b7c6tstexc-solution.git, testRepositoryUri=http://localhost:49152/git/SHORTB2A6C58B0D447045380A858075B170A5B7C6TSTEXC/shortb2a6c58b0d447045380a858075b170a5b7c6tstexc-tests.git, solutionRepositoryUri=null, auxiliaryRepositoryUris=[Ljava.lang.String;@7f4ac51b, auxiliaryRepositoryCheckoutDirectories=[Ljava.lang.String;@5df6fed0], jobTimingInfo=JobTimingInfo[submissionDate=2025-02-14T23:45:20.802935026Z[Etc/UTC], buildStartDate=2025-02-14T23:45:20.809306435Z[Etc/UTC], buildCompletionDate=2025-02-14T23:45:20.822452342Z[Etc/UTC], estimatedCompletionDate=2025-02-14T23:45:39.809298491Z[Etc/UTC], estimatedDuration=19], buildConfig=BuildConfig[buildScript=#!/bin/bash
cd /var/tmp/testing-dir
chmod +x ./gradlew
./gradlew clean test
, dockerImage=dummy-docker-image:latest, commitHashToBuild=c710d0e68c9c7db8cda7d1a278308de2b9642cc0, assignmentCommitHash=c710d0e68c9c7db8cda7d1a278308de2b9642cc0, testCommitHash=c710d0e68c9c7db8cda7d1a278308de2b9642cc0, branch=main, programmingLanguage=JAVA, projectType=PLAIN_GRADLE, scaEnabled=false, sequentialTestRunsEnabled=false, resultPaths=[/var/tmp/testing-dir/**/test-results/test/*.xml], timeoutSeconds=0, assignmentCheckoutPath=null, testCheckoutPath=null, solutionCheckoutPath=null, dockerRunConfig=null], submissionResult=ResultDTO[id=631, completionDate=2025-02-14T23:45:20.822527362Z[Etc/UTC], successful=false, score=0.0, rated=true, submission=SubmissionDTO[id=824, submitted=true, type=TEST, exampleSubmission=null, submissionDate=2025-02-14T23:45:20.791240Z, commitHash=c710d0e68c9c7db8cda7d1a278308de2b9642cc0, buildFailed=true, buildArtifact=false, participation=ParticipationDTO[id=1978, testRun=false, type=solution, submissionCount=null, exercise=ParticipationExerciseDTO[id=2591, exerciseType=PROGRAMMING, type=programming, assessmentType=AUTOMATIC, dueDate=2025-02-16T23:45:18.950569Z, assessmentDueDate=null, maxPoints=42.0, course=CourseDTO[id=974, accuracyOfScores=1]]], submissionExerciseType=programming, isProcessing=false, buildStartDate=null, estimatedCompletionDate=null], participation=ParticipationDTO[id=1978, testRun=false, type=solution, submissionCount=null, exercise=ParticipationExerciseDTO[id=2591, exerciseType=PROGRAMMING, type=programming, assessmentType=AUTOMATIC, dueDate=2025-02-16T23:45:18.950569Z, assessmentDueDate=null, maxPoints=42.0, course=CourseDTO[id=974, accuracyOfScores=1]]], feedbacks=[], assessmentType=AUTOMATIC, hasComplaint=null, exampleResult=null, testCaseCount=0, passedTestCaseCount=0, codeIssueCount=0]], BuildJobQueueItem[id=20061739576732554, name=SHORT94A899E303D7504C5D0840704DAAFA3DFF4DTSTEXC-LOCALVCCIINTINSTRUCTOR1, buildAgent=BuildAgentDTO[name=artemis-build-agent-test, memberAddress=[127.0.0.1]:5703, displayName=artemis-build-agent-test], participationId=2006, courseId=984, exerciseId=2601, retryCount=0, priority=2, status=SUCCESSFUL, repositoryInfo=RepositoryInfo[repositoryName=short94a899e303d7504c5d0840704daafa3dff4dtstexc-localvcciintinstructor1, repositoryType=user, triggeredByPushTo=user, assignmentRepositoryUri=http://localhost:49152/git/SHORT94A899E303D7504C5D0840704DAAFA3DFF4DTSTEXC/short94a899e303d7504c5d0840704daafa3dff4dtstexc-localvcciintinstructor1.git, testRepositoryUri=http://localhost:49152/git/SHORT94A899E303D7504C5D0840704DAAFA3DFF4DTSTEXC/short94a899e303d7504c5d0840704daafa3dff4dtstexc-tests.git, solutionRepositoryUri=null, auxiliaryRepositoryUris=[Ljava.lang.String;@2f92e70d, auxiliaryRepositoryCheckoutDirectories=[Ljava.lang.String;@7212b42f], jobTimingInfo=JobTimingInfo[submissionDate=2025-02-14T23:45:32.554795798Z[Etc/UTC], buildStartDate=2025-02-14T23:45:32.567287465Z[Etc/UTC], buildCompletionDate=2025-02-14T23:45:34.535226768Z[Etc/UTC], estimatedCompletionDate=2025-02-14T23:45:51.567257960Z[Etc/UTC], estimatedDuration=19], buildConfig=BuildConfig[buildScript=#!/bin/bash
cd /var/tmp/testing-dir
chmod +x ./gradlew
./gradlew clean test
, dockerImage=dummy-docker-image:latest, commitHashToBuild=ca2dbc0ae87edf7035058a6a17c0ea60e90a290f, assignmentCommitHash=ca2dbc0ae87edf7035058a6a17c0ea60e90a290f, testCommitHash=0207f6f98af5fbb66ad68455f3fc3cf128af8ae9, branch=main, programmingLanguage=JAVA, projectType=PLAIN_GRADLE, scaEnabled=false, sequentialTestRunsEnabled=false, resultPaths=[/var/tmp/testing-dir/**/test-results/test/*.xml], timeoutSeconds=0, assignmentCheckoutPath=null, testCheckoutPath=null, solutionCheckoutPath=null, dockerRunConfig=null], submissionResult=ResultDTO[id=632, completionDate=2025-02-14T23:45:34.504415716Z[Etc/UTC], successful=false, score=7.7, rated=false, submission=SubmissionDTO[id=826, submitted=true, type=MANUAL, exampleSubmission=null, submissionDate=2025-02-14T23:45:32.541533Z, commitHash=ca2dbc0ae87edf7035058a6a17c0ea60e90a290f, buildFailed=false, buildArtifact=false, participation=ParticipationDTO[id=2006, testRun=true, type=programming, submissionCount=null, exercise=ParticipationExerciseDTO[id=2601, exerciseType=PROGRAMMING, type=programming, assessmentType=AUTOMATIC, dueDate=2025-02-16T23:45:31.864042Z, assessmentDueDate=null, maxPoints=42.0, course=CourseDTO[id=984, accuracyOfScores=1]]], submissionExerciseType=programming, isProcessing=false, buildStartDate=null, estimatedCompletionDate=null], participation=ParticipationDTO[id=2006, testRun=true, type=programming, submissionCount=null, exercise=ParticipationExerciseDTO[id=2601, exerciseType=PROGRAMMING, type=programming, assessmentType=AUTOMATIC, dueDate=2025-02-16T23:45:31.864042Z, assessmentDueDate=null, maxPoints=42.0, course=CourseDTO[id=984, accuracyOfScores=1]]], feedbacks=[FeedbackDTO[id=920, text=null, detailText=The exercise expects a class with the name Context in the package testpackage. You did not implement the class in the exercise., hasLongFeedbackText=false, reference=null, credits=0.0, positive=false, type=AUTOMATIC, visibility=ALWAYS, testCase=TestCaseDTO[testName=null, id=1357]], FeedbackDTO[id=921, text=null, detailText=The exercise expects a class with the name Policy in the package testpackage. You did not implement the class in the exercise., hasLongFeedbackText=false, reference=null, credits=0.0, positive=false, type=AUTOMATIC, visibility=ALWAYS, testCase=TestCaseDTO[testName=null, id=1358]], FeedbackDTO[id=922, text=null, detailText=The exercise expects a class with the name SortStrategy in the package testpackage. You did not implement the class in the exercise., hasLongFeedbackText=false, reference=null, credits=0.0, positive=false, type=AUTOMATIC, visibility=ALWAYS, testCase=TestCaseDTO[testName=null, id=1359]], FeedbackDTO[id=923, text=null, detailText=The class 'MergeSort' does not implement the interface 'SortStrategy' as expected. Implement the interface and its methods., hasLongFeedbackText=false, reference=null, credits=0.0, positive=false, type=AUTOMATIC, visibility=ALWAYS, testCase=TestCaseDTO[testName=null, id=1354]], FeedbackDTO[id=924, text=null, detailText=The exercise expects a class with the name SortStrategy in the package testpackage. You did not implement the class in the exercise., hasLongFeedbackText=false, reference=null, credits=0.0, positive=false, type=AUTOMATIC, visibility=ALWAYS, testCase=TestCaseDTO[testName=null, id=1351]], FeedbackDTO[id=925, text=null, detailText=The class 'BubbleSort' does not implement the interface 'SortStrategy' as expected. Implement the interface and its methods., hasLongFeedbackText=false, reference=null, credits=0.0, positive=false, type=AUTOMATIC, visibility=ALWAYS, testCase=TestCaseDTO[testName=null, id=1355]], FeedbackDTO[id=926, text=null, detailText=MergeSort does not sort correctly, hasLongFeedbackText=false, reference=null, credits=0.0, positive=false, type=AUTOMATIC, visibility=ALWAYS, testCase=TestCaseDTO[testName=null, id=1360]], FeedbackDTO[id=927, text=null, detailText=The class 'Context' was not found within the submission. Make sure to implement it properly., hasLongFeedbackText=false, reference=null, credits=0.0, positive=false, type=AUTOMATIC, visibility=ALWAYS, testCase=TestCaseDTO[testName=null, id=1361]], FeedbackDTO[id=928, text=null, detailText=The class 'Context' was not found within the submission. Make sure to implement it properly., hasLongFeedbackText=false, reference=null, credits=0.0, positive=false, type=AUTOMATIC, visibility=ALWAYS, testCase=TestCaseDTO[testName=null, id=1362]], FeedbackDTO[id=929, text=null, detailText=The exercise expects a class with the name Policy in the package testpackage. You did not implement the class in the exercise., hasLongFeedbackText=false, reference=null, credits=0.0, positive=false, type=AUTOMATIC, visibility=ALWAYS, testCase=TestCaseDTO[testName=null, id=1356]], FeedbackDTO[id=930, text=null, detailText=The exercise expects a class with the name Context in the package testpackage. You did not implement the class in the exercise., hasLongFeedbackText=false, reference=null, credits=0.0, positive=false, type=AUTOMATIC, visibility=ALWAYS, testCase=TestCaseDTO[testName=null, id=1352]], FeedbackDTO[id=931, text=null, detailText=The exercise expects a class with the name Policy in the package testpackage. You did not implement the class in the exercise., hasLongFeedbackText=false, reference=null, credits=0.0, positive=false, type=AUTOMATIC, visibility=ALWAYS, testCase=TestCaseDTO[testName=null, id=1353]], FeedbackDTO[id=932, text=null, detailText=null, hasLongFeedbackText=false, reference=null, credits=3.230769230769231, positive=true, type=AUTOMATIC, visibility=ALWAYS, testCase=TestCaseDTO[testName=null, id=1363]]], assessmentType=AUTOMATIC, hasComplaint=null, exampleResult=null, testCaseCount=13, passedTestCaseCount=1, codeIssueCount=0]], BuildJobQueueItem[id=20111739576737317, name=SHORTD49A6DAE04F9E049850BD5601663FD17A5B7TSTEXC-BASE, buildAgent=BuildAgentDTO[name=artemis-build-agent-test, memberAddress=[127.0.0.1]:5703, displayName=artemis-build-agent-test], participationId=2011, courseId=986, exerciseId=2603, retryCount=0, priority=2, status=SUCCESSFUL, repositoryInfo=RepositoryInfo[repositoryName=shortd49a6dae04f9e049850bd5601663fd17a5b7tstexc-exercise, repositoryType=exercise, triggeredByPushTo=exercise, assignmentRepositoryUri=http://localhost:49152/git/SHORTD49A6DAE04F9E049850BD5601663FD17A5B7TSTEXC/shortd49a6dae04f9e049850bd5601663fd17a5b7tstexc-exercise.git, testRepositoryUri=http://localhost:49152/git/SHORTD49A6DAE04F9E049850BD5601663FD17A5B7TSTEXC/shortd49a6dae04f9e049850bd5601663fd17a5b7tstexc-tests.git, solutionRepositoryUri=null, auxiliaryRepositoryUris=[Ljava.lang.String;@5b59d56b, auxiliaryRepositoryCheckoutDirectories=[Ljava.lang.String;@3133b0ae], jobTimingInfo=JobTimingInfo[submissionDate=2025-02-14T23:45:37.317968648Z[Etc/UTC], buildStartDate=2025-02-14T23:45:37.324534774Z[Etc/UTC], buildCompletionDate=2025-02-14T23:45:38.527225461Z[Etc/UTC], estimatedCompletionDate=2025-02-14T23:45:56.324506331Z[Etc/UTC], estimatedDuration=19], buildConfig=BuildConfig[buildScript=#!/bin/bash
cd /var/tmp/testing-dir
chmod +x ./gradlew
./gradlew clean test
, dockerImage=dummy-docker-image:latest, commitHashToBuild=c795243c185829bbefa399f45dcbcfac22311b2f, assignmentCommitHash=c795243c185829bbefa399f45dcbcfac22311b2f, testCommitHash=fa8b162170bf767d852e05e0eb7a128efa2e1f34, branch=main, programmingLanguage=JAVA, projectType=PLAIN_GRADLE, scaEnabled=false, sequentialTestRunsEnabled=false, resultPaths=[/var/tmp/testing-dir/**/test-results/test/*.xml], timeoutSeconds=0, assignmentCheckoutPath=null, testCheckoutPath=null, solutionCheckoutPath=null, dockerRunConfig=null], submissionResult=ResultDTO[id=633, completionDate=2025-02-14T23:45:38.476795726Z[Etc/UTC], successful=false, score=0.0, rated=true, submission=SubmissionDTO[id=827, submitted=true, type=MANUAL, exampleSubmission=null, submissionDate=2025-02-14T23:45:37.303401Z, commitHash=c795243c185829bbefa399f45dcbcfac22311b2f, buildFailed=false, buildArtifact=false, participation=ParticipationDTO[id=2011, testRun=false, type=template, submissionCount=null, exercise=ParticipationExerciseDTO[id=2603, exerciseType=PROGRAMMING, type=programming, assessmentType=AUTOMATIC, dueDate=2025-02-16T23:45:36.830269Z, assessmentDueDate=null, maxPoints=42.0, course=CourseDTO[id=986, accuracyOfScores=1]]], submissionExerciseType=programming, isProcessing=false, buildStartDate=null, estimatedCompletionDate=null], participation=ParticipationDTO[id=2011, testRun=false, type=template, submissionCount=null, exercise=ParticipationExerciseDTO[id=2603, exerciseType=PROGRAMMING, type=programming, assessmentType=AUTOMATIC, dueDate=2025-02-16T23:45:36.830269Z, assessmentDueDate=null, maxPoints=42.0, course=CourseDTO[id=986, accuracyOfScores=1]]], feedbacks=[FeedbackDTO[id=933, text=null, detailText=The exercise expects a class with the name Context in the package testpackage. You did not implement the class in the exercise., hasLongFeedbackText=false, reference=null, credits=0.0, positive=false, type=AUTOMATIC, visibility=ALWAYS, testCase=TestCaseDTO[testName=testMethods[Context], id=1383]], FeedbackDTO[id=934, text=null, detailText=The exercise expects a class with the name Policy in the package testpackage. You did not implement the class in the exercise., hasLongFeedbackText=false, reference=null, credits=0.0, positive=false, type=AUTOMATIC, visibility=ALWAYS, testCase=TestCaseDTO[testName=testMethods[Policy], id=1384]], FeedbackDTO[id=935, text=null, detailText=The exercise expects a class with the name SortStrategy in the package testpackage. You did not implement the class in the exercise., hasLongFeedbackText=false, reference=null, credits=0.0, positive=false, type=AUTOMATIC, visibility=ALWAYS, testCase=TestCaseDTO[testName=testMethods[SortStrategy], id=1385]], FeedbackDTO[id=936, text=null, detailText=The class 'MergeSort' does not implement the interface 'SortStrategy' as expected. Implement the interface and its methods., hasLongFeedbackText=false, reference=null, credits=0.0, positive=false, type=AUTOMATIC, visibility=ALWAYS, testCase=TestCaseDTO[testName=testClass[MergeSort], id=1380]], FeedbackDTO[id=937, text=null, detailText=The exercise expects a class with the name SortStrategy in the package testpackage. You did not implement the class in the exercise., hasLongFeedbackText=false, reference=null, credits=0.0, positive=false, type=AUTOMATIC, visibility=ALWAYS, testCase=TestCaseDTO[testName=testClass[SortStrategy], id=1377]], FeedbackDTO[id=938, text=null, detailText=The class 'BubbleSort' does not implement the interface 'SortStrategy' as expected. Implement the interface and its methods., hasLongFeedbackText=false, reference=null, credits=0.0, positive=false, type=AUTOMATIC, visibility=ALWAYS, testCase=TestCaseDTO[testName=testClass[BubbleSort], id=1381]], FeedbackDTO[id=939, text=null, detailText=MergeSort does not sort correctly, hasLongFeedbackText=false, reference=null, credits=0.0, positive=false, type=AUTOMATIC, visibility=ALWAYS, testCase=TestCaseDTO[testName=testMergeSort(), id=1386]], FeedbackDTO[id=940, text=null, detailText=The class 'Context' was not found within the submission. Make sure to implement it properly., hasLongFeedbackText=false, reference=null, credits=0.0, positive=false, type=AUTOMATIC, visibility=ALWAYS, testCase=TestCaseDTO[testName=testUseBubbleSortForSmallList(), id=1387]], FeedbackDTO[id=941, text=null, detailText=BubbleSort does not sort correctly, hasLongFeedbackText=false, reference=null, credits=0.0, positive=false, type=AUTOMATIC, visibility=ALWAYS, testCase=TestCaseDTO[testName=testBubbleSort(), id=1389]], FeedbackDTO[id=942, text=null, detailText=The class 'Context' was not found within the submission. Make sure to implement it properly., hasLongFeedbackText=false, reference=null, credits=0.0, positive=false, type=AUTOMATIC, visibility=ALWAYS, testCase=TestCaseDTO[testName=testUseMergeSortForBigList(), id=1388]], FeedbackDTO[id=943, text=null, detailText=The exercise expects a class with the name Policy in the package testpackage. You did not implement the class in the exercise., hasLongFeedbackText=false, reference=null, credits=0.0, positive=false, type=AUTOMATIC, visibility=ALWAYS, testCase=TestCaseDTO[testName=testConstructors[Policy], id=1382]], FeedbackDTO[id=944, text=null, detailText=The exercise expects a class with the name Context in the package testpackage. You did not implement the class in the exercise., hasLongFeedbackText=false, reference=null, credits=0.0, positive=false, type=AUTOMATIC, visibility=ALWAYS, testCase=TestCaseDTO[testName=testAttributes[Context], id=1378]], FeedbackDTO[id=945, text=null, detailText=The exercise expects a class with the name Policy in the package testpackage. You did not implement the class in the exercise., hasLongFeedbackText=false, reference=null, credits=0.0, positive=false, type=AUTOMATIC, visibility=ALWAYS, testCase=TestCaseDTO[testName=testAttributes[Policy], id=1379]]], assessmentType=AUTOMATIC, hasComplaint=null, exampleResult=null, testCaseCount=13, passedTestCaseCount=0, codeIssueCount=0]], BuildJobQueueItem[id=20171739576740018, name=SHORT7914AFA00ADC3047140B99D01AC07810CE44TSTEXC-LOCALVCCIINTSTUDENT1, buildAgent=BuildAgentDTO[name=artemis-build-agent-test, memberAddress=[127.0.0.1]:5703, displayName=artemis-build-agent-test], participationId=2017, courseId=988, exerciseId=2605, retryCount=0, priority=2, status=SUCCESSFUL, repositoryInfo=RepositoryInfo[repositoryName=short7914afa00adc3047140b99d01ac07810ce44tstexc-practice-localvcciintstudent1, repositoryType=user, triggeredByPushTo=user, assignmentRepositoryUri=http://localhost:49152/git/SHORT7914AFA00ADC3047140B99D01AC07810CE44TSTEXC/short7914afa00adc3047140b99d01ac07810ce44tstexc-practice-localvcciintstudent1.git, testRepositoryUri=http://localhost:49152/git/SHORT7914AFA00ADC3047140B99D01AC07810CE44TSTEXC/short7914afa00adc3047140b99d01ac07810ce44tstexc-tests.git, solutionRepositoryUri=null, auxiliaryRepositoryUris=[Ljava.lang.String;@921830a, auxiliaryRepositoryCheckoutDirectories=[Ljava.lang.String;@6ef5fdcd], jobTimingInfo=JobTimingInfo[submissionDate=2025-02-14T23:45:40.018961253Z[Etc/UTC], buildStartDate=2025-02-14T23:45:40.029742701Z[Etc/UTC], buildCompletionDate=2025-02-14T23:45:41.150208242Z[Etc/UTC], estimatedCompletionDate=2025-02-14T23:45:59.029734065Z[Etc/UTC], estimatedDuration=19], buildConfig=BuildConfig[buildScript=#!/bin/bash
cd /var/tmp/testing-dir
chmod +x ./gradlew
./gradlew clean test
, dockerImage=dummy-docker-image:latest, commitHashToBuild=d80b57877989b971e83ccdb4863c8a7023c76266, assignmentCommitHash=d80b57877989b971e83ccdb4863c8a7023c76266, testCommitHash=327b116890c92b1312314341f43f21ef13ecf7d7, branch=main, programmingLanguage=JAVA, projectType=PLAIN_GRADLE, scaEnabled=false, sequentialTestRunsEnabled=false, resultPaths=[/var/tmp/testing-dir/**/test-results/test/*.xml], timeoutSeconds=0, assignmentCheckoutPath=null, testCheckoutPath=null, solutionCheckoutPath=null, dockerRunConfig=null], submissionResult=ResultDTO[id=634, completionDate=2025-02-14T23:45:41.120192603Z[Etc/UTC], successful=false, score=7.7, rated=false, submission=SubmissionDTO[id=828, submitted=true, type=MANUAL, exampleSubmission=null, submissionDate=2025-02-14T23:45:40.008666Z, commitHash=d80b57877989b971e83ccdb4863c8a7023c76266, buildFailed=false, buildArtifact=false, participation=ParticipationDTO[id=2017, testRun=true, type=programming, submissionCount=null, exercise=ParticipationExerciseDTO[id=2605, exerciseType=PROGRAMMING, type=programming, assessmentType=AUTOMATIC, dueDate=2025-02-16T23:45:39.523500Z, assessmentDueDate=null, maxPoints=42.0, course=CourseDTO[id=988, accuracyOfScores=1]]], submissionExerciseType=programming, isProcessing=false, buildStartDate=null, estimatedCompletionDate=null], participation=ParticipationDTO[id=2017, testRun=true, type=programming, submissionCount=null, exercise=ParticipationExerciseDTO[id=2605, exerciseType=PROGRAMMING, type=programming, assessmentType=AUTOMATIC, dueDate=2025-02-16T23:45:39.523500Z, assessmentDueDate=null, maxPoints=42.0, course=CourseDTO[id=988, accuracyOfScores=1]]], feedbacks=[FeedbackDTO[id=946, text=null, detailText=The exercise expects a class with the name Context in the package testpackage. You did not implement the class in the exercise., hasLongFeedbackText=false, reference=null, credits=0.0, positive=false, type=AUTOMATIC, visibility=ALWAYS, testCase=TestCaseDTO[testName=null, id=1409]], FeedbackDTO[id=947, text=null, detailText=The exercise expects a class with the name Policy in the package testpackage. You did not implement the class in the exercise., hasLongFeedbackText=false, reference=null, credits=0.0, positive=false, type=AUTOMATIC, visibility=ALWAYS, testCase=TestCaseDTO[testName=null, id=1410]], FeedbackDTO[id=948, text=null, detailText=The exercise expects a class with the name SortStrategy in the package testpackage. You did not implement the class in the exercise., hasLongFeedbackText=false, reference=null, credits=0.0, positive=false, type=AUTOMATIC, visibility=ALWAYS, testCase=TestCaseDTO[testName=null, id=1411]], FeedbackDTO[id=949, text=null, detailText=The class 'MergeSort' does not implement the interface 'SortStrategy' as expected. Implement the interface and its methods., hasLongFeedbackText=false, reference=null, credits=0.0, positive=false, type=AUTOMATIC, visibility=ALWAYS, testCase=TestCaseDTO[testName=null, id=1406]], FeedbackDTO[id=950, text=null, detailText=The exercise expects a class with the name SortStrategy in the package testpackage. You did not implement the class in the exercise., hasLongFeedbackText=false, reference=null, credits=0.0, positive=false, type=AUTOMATIC, visibility=ALWAYS, testCase=TestCaseDTO[testName=null, id=1403]], FeedbackDTO[id=951, text=null, detailText=The class 'BubbleSort' does not implement the interface 'SortStrategy' as expected. Implement the interface and its methods., hasLongFeedbackText=false, reference=null, credits=0.0, positive=false, type=AUTOMATIC, visibility=ALWAYS, testCase=TestCaseDTO[testName=null, id=1407]], FeedbackDTO[id=952, text=null, detailText=MergeSort does not sort correctly, hasLongFeedbackText=false, reference=null, credits=0.0, positive=false, type=AUTOMATIC, visibility=ALWAYS, testCase=TestCaseDTO[testName=null, id=1412]], FeedbackDTO[id=953, text=null, detailText=The class 'Context' was not found within the submission. Make sure to implement it properly., hasLongFeedbackText=false, reference=null, credits=0.0, positive=false, type=AUTOMATIC, visibility=ALWAYS, testCase=TestCaseDTO[testName=null, id=1413]], FeedbackDTO[id=954, text=null, detailText=The class 'Context' was not found within the submission. Make sure to implement it properly., hasLongFeedbackText=false, reference=null, credits=0.0, positive=false, type=AUTOMATIC, visibility=ALWAYS, testCase=TestCaseDTO[testName=null, id=1414]], FeedbackDTO[id=955, text=null, detailText=The exercise expects a class with the name Policy in the package testpackage. You did not implement the class in the exercise., hasLongFeedbackText=false, reference=null, credits=0.0, positive=false, type=AUTOMATIC, visibility=ALWAYS, testCase=TestCaseDTO[testName=null, id=1408]], FeedbackDTO[id=956, text=null, detailText=The exercise expects a class with the name Context in the package testpackage. You did not implement the class in the exercise., hasLongFeedbackText=false, reference=null, credits=0.0, positive=false, type=AUTOMATIC, visibility=ALWAYS, testCase=TestCaseDTO[testName=null, id=1404]], FeedbackDTO[id=957, text=null, detailText=The exercise expects a class with the name Policy in the package testpackage. You did not implement the class in the exercise., hasLongFeedbackText=false, reference=null, credits=0.0, positive=false, type=AUTOMATIC, visibility=ALWAYS, testCase=TestCaseDTO[testName=null, id=1405]], FeedbackDTO[id=958, text=null, detailText=null, hasLongFeedbackText=false, reference=null, credits=3.230769230769231, positive=true, type=AUTOMATIC, visibility=ALWAYS, testCase=TestCaseDTO[testName=null, id=1415]]], assessmentType=AUTOMATIC, hasComplaint=null, exampleResult=null, testCaseCount=13, passedTestCaseCount=1, codeIssueCount=0]], BuildJobQueueItem[id=20261739576743984, name=SHORT53C73BE505404043100AC2F00C039353CE8FTSTEXC-LOCALVCCIINTSTUDENT1, buildAgent=BuildAgentDTO[name=artemis-build-agent-test, memberAddress=[127.0.0.1]:5703, displayName=artemis-build-agent-test], participationId=2026, courseId=991, exerciseId=2608, retryCount=0, priority=1, status=SUCCESSFUL, repositoryInfo=RepositoryInfo[repositoryName=short53c73be505404043100ac2f00c039353ce8ftstexc-localvcciintstudent1, repositoryType=user, triggeredByPushTo=user, assignmentRepositoryUri=http://localhost:49152/git/SHORT53C73BE505404043100AC2F00C039353CE8FTSTEXC/short53c73be505404043100ac2f00c039353ce8ftstexc-localvcciintstudent1.git, testRepositoryUri=http://localhost:49152/git/SHORT53C73BE505404043100AC2F00C039353CE8FTSTEXC/short53c73be505404043100ac2f00c039353ce8ftstexc-tests.git, solutionRepositoryUri=null, auxiliaryRepositoryUris=[Ljava.lang.String;@7b128ff5, auxiliaryRepositoryCheckoutDirectories=[Ljava.lang.String;@5788f6f9], jobTimingInfo=JobTimingInfo[submissionDate=2025-02-14T23:45:43.984518859Z[Etc/UTC], buildStartDate=2025-02-14T23:45:43.991385682Z[Etc/UTC], buildCompletionDate=2025-02-14T23:45:44.982059928Z[Etc/UTC], estimatedCompletionDate=2025-02-14T23:46:02.991380122Z[Etc/UTC], estimatedDuration=19], buildConfig=BuildConfig[buildScript=#!/bin/bash
cd /var/tmp/testing-dir
chmod +x ./gradlew
./gradlew clean test
, dockerImage=dummy-docker-image:latest, commitHashToBuild=3e90ae9fef2e44ffb41451a080bdaa6a44ad6848, assignmentCommitHash=3e90ae9fef2e44ffb41451a080bdaa6a44ad6848, testCommitHash=0582754c87aae13e640312855ce7dbe490ecb50c, branch=main, programmingLanguage=JAVA, projectType=PLAIN_GRADLE, scaEnabled=false, sequentialTestRunsEnabled=false, resultPaths=[/var/tmp/testing-dir/**/test-results/test/*.xml], timeoutSeconds=0, assignmentCheckoutPath=null, testCheckoutPath=null, solutionCheckoutPath=null, dockerRunConfig=null], submissionResult=ResultDTO[id=635, completionDate=2025-02-14T23:45:44.961313737Z[Etc/UTC], successful=false, score=7.7, rated=true, submission=SubmissionDTO[id=829, submitted=true, type=MANUAL, exampleSubmission=null, submissionDate=2025-02-14T23:45:43.967766Z, commitHash=3e90ae9fef2e44ffb41451a080bdaa6a44ad6848, buildFailed=false, buildArtifact=false, participation=ParticipationDTO[id=2026, testRun=false, type=programming, submissionCount=null, exercise=ParticipationExerciseDTO[id=2608, exerciseType=PROGRAMMING, type=programming, assessmentType=AUTOMATIC, dueDate=2025-02-16T23:45:43.597978Z, assessmentDueDate=null, maxPoints=42.0, course=CourseDTO[id=991, accuracyOfScores=1]]], submissionExerciseType=programming, isProcessing=false, buildStartDate=null, estimatedCompletionDate=null], participation=ParticipationDTO[id=2026, testRun=false, type=programming, submissionCount=null, exercise=ParticipationExerciseDTO[id=2608, exerciseType=PROGRAMMING, type=programming, assessmentType=AUTOMATIC, dueDate=2025-02-16T23:45:43.597978Z, assessmentDueDate=null, maxPoints=42.0, course=CourseDTO[id=991, accuracyOfScores=1]]], feedbacks=[FeedbackDTO[id=959, text=null, detailText=The exercise expects a class with the name Context in the package testpackage. You did not implement the class in the exercise., hasLongFeedbackText=false, reference=null, credits=0.0, positive=false, type=AUTOMATIC, visibility=ALWAYS, testCase=TestCaseDTO[testName=null, id=1448]], FeedbackDTO[id=960, text=null, detailText=The exercise expects a class with the name Policy in the package testpackage. You did not implement the class in the exercise., hasLongFeedbackText=false, reference=null, credits=0.0, positive=false, type=AUTOMATIC, visibility=ALWAYS, testCase=TestCaseDTO[testName=null, id=1449]], FeedbackDTO[id=961, text=null, detailText=The exercise expects a class with the name SortStrategy in the package testpackage. You did not implement the class in the exercise., hasLongFeedbackText=false, reference=null, credits=0.0, positive=false, type=AUTOMATIC, visibility=ALWAYS, testCase=TestCaseDTO[testName=null, id=1450]], FeedbackDTO[id=962, text=null, detailText=The class 'MergeSort' does not implement the interface 'SortStrategy' as expected. Implement the interface and its methods., hasLongFeedbackText=false, reference=null, credits=0.0, positive=false, type=AUTOMATIC, visibility=ALWAYS, testCase=TestCaseDTO[testName=null, id=1445]], FeedbackDTO[id=963, text=null, detailText=The exercise expects a class with the name SortStrategy in the package testpackage. You did not implement the class in the exercise., hasLongFeedbackText=false, reference=null, credits=0.0, positive=false, type=AUTOMATIC, visibility=ALWAYS, testCase=TestCaseDTO[testName=null, id=1442]], FeedbackDTO[id=964, text=null, detailText=The class 'BubbleSort' does not implement the interface 'SortStrategy' as expected. Implement the interface and its methods., hasLongFeedbackText=false, reference=null, credits=0.0, positive=false, type=AUTOMATIC, visibility=ALWAYS, testCase=TestCaseDTO[testName=null, id=1446]], FeedbackDTO[id=965, text=null, detailText=MergeSort does not sort correctly, hasLongFeedbackText=false, reference=null, credits=0.0, positive=false, type=AUTOMATIC, visibility=ALWAYS, testCase=TestCaseDTO[testName=null, id=1451]], FeedbackDTO[id=966, text=null, detailText=The class 'Context' was not found within the submission. Make sure to implement it properly., hasLongFeedbackText=false, reference=null, credits=0.0, positive=false, type=AUTOMATIC, visibility=ALWAYS, testCase=TestCaseDTO[testName=null, id=1452]], FeedbackDTO[id=967, text=null, detailText=The class 'Context' was not found within the submission. Make sure to implement it properly., hasLongFeedbackText=false, reference=null, credits=0.0, positive=false, type=AUTOMATIC, visibility=ALWAYS, testCase=TestCaseDTO[testName=null, id=1453]], FeedbackDTO[id=968, text=null, detailText=The exercise expects a class with the name Policy in the package testpackage. You did not implement the class in the exercise., hasLongFeedbackText=false, reference=null, credits=0.0, positive=false, type=AUTOMATIC, visibility=ALWAYS, testCase=TestCaseDTO[testName=null, id=1447]], FeedbackDTO[id=969, text=null, detailText=The exercise expects a class with the name Context in the package testpackage. You did not implement the class in the exercise., hasLongFeedbackText=false, reference=null, credits=0.0, positive=false, type=AUTOMATIC, visibility=ALWAYS, testCase=TestCaseDTO[testName=null, id=1443]], FeedbackDTO[id=970, text=null, detailText=The exercise expects a class with the name Policy in the package testpackage. You did not implement the class in the exercise., hasLongFeedbackText=false, reference=null, credits=0.0, positive=false, type=AUTOMATIC, visibility=ALWAYS, testCase=TestCaseDTO[testName=null, id=1444]], FeedbackDTO[id=971, text=null, detailText=null, hasLongFeedbackText=false, reference=null, credits=3.230769230769231, positive=true, type=AUTOMATIC, visibility=ALWAYS, testCase=TestCaseDTO[testName=null, id=1454]]], assessmentType=AUTOMATIC, hasComplaint=null, exampleResult=null, testCaseCount=13, passedTestCaseCount=1, codeIssueCount=0]], BuildJobQueueItem[id=20271739576746886, name=SHORT0FC863930E92904248098A506171F81CF6CFTSTEXC-SOLUTION, buildAgent=BuildAgentDTO[name=artemis-build-agent-test, memberAddress=[127.0.0.1]:5703, displayName=artemis-build-agent-test], participationId=2027, courseId=992, exerciseId=2609, retryCount=0, priority=2, status=SUCCESSFUL, repositoryInfo=RepositoryInfo[repositoryName=short0fc863930e92904248098a506171f81cf6cftstexc-solution, repositoryType=solution, triggeredByPushTo=auxiliary, assignmentRepositoryUri=http://localhost:49152/git/SHORT0FC863930E92904248098A506171F81CF6CFTSTEXC/short0fc863930e92904248098a506171f81cf6cftstexc-solution.git, testRepositoryUri=http://localhost:49152/git/SHORT0FC863930E92904248098A506171F81CF6CFTSTEXC/short0fc863930e92904248098a506171f81cf6cftstexc-tests.git, solutionRepositoryUri=null, auxiliaryRepositoryUris=[Ljava.lang.String;@52b416d1, auxiliaryRepositoryCheckoutDirectories=[Ljava.lang.String;@136e92df], jobTimingInfo=JobTimingInfo[submissionDate=2025-02-14T23:45:46.886984066Z[Etc/UTC], buildStartDate=2025-02-14T23:45:46.897709578Z[Etc/UTC], buildCompletionDate=2025-02-14T23:45:48.628460156Z[Etc/UTC], estimatedCompletionDate=2025-02-14T23:46:05.897701272Z[Etc/UTC], estimatedDuration=19], buildConfig=BuildConfig[buildScript=#!/bin/bash
cd /var/tmp/testing-dir
chmod +x ./gradlew
./gradlew clean test
, dockerImage=dummy-docker-image:latest, commitHashToBuild=null, assignmentCommitHash=115a2e943bee242fdad360b50d8ad5f30792577e, testCommitHash=9b3a9bd71a0d80e5bbc42204c319ed3d1d4f0d6d, branch=main, programmingLanguage=JAVA, projectType=PLAIN_GRADLE, scaEnabled=false, sequentialTestRunsEnabled=false, resultPaths=[/var/tmp/testing-dir/**/test-results/test/*.xml], timeoutSeconds=0, assignmentCheckoutPath=null, testCheckoutPath=null, solutionCheckoutPath=null, dockerRunConfig=null], submissionResult=ResultDTO[id=636, completionDate=2025-02-14T23:45:48.593370968Z[Etc/UTC], successful=true, score=100.0, rated=true, submission=SubmissionDTO[id=830, submitted=true, type=TEST, exampleSubmission=null, submissionDate=2025-02-14T23:45:46.873671Z, commitHash=9b3a9bd71a0d80e5bbc42204c319ed3d1d4f0d6d, buildFailed=false, buildArtifact=false, participation=ParticipationDTO[id=2027, testRun=false, type=solution, submissionCount=null, exercise=ParticipationExerciseDTO[id=2609, exerciseType=PROGRAMMING, type=programming, assessmentType=AUTOMATIC, dueDate=2025-02-16T23:45:46.386304Z, assessmentDueDate=null, maxPoints=42.0, course=CourseDTO[id=992, accuracyOfScores=1]]], submissionExerciseType=programming, isProcessing=false, buildStartDate=null, estimatedCompletionDate=null], participation=ParticipationDTO[id=2027, testRun=false, type=solution, submissionCount=null, exercise=ParticipationExerciseDTO[id=2609, exerciseType=PROGRAMMING, type=programming, assessmentType=AUTOMATIC, dueDate=2025-02-16T23:45:46.386304Z, assessmentDueDate=null, maxPoints=42.0, course=CourseDTO[id=992, accuracyOfScores=1]]], feedbacks=[FeedbackDTO[id=972, text=null, detailText=null, hasLongFeedbackText=false, reference=null, credits=3.230769230769231, positive=true, type=AUTOMATIC, visibility=ALWAYS, testCase=TestCaseDTO[testName=testMethods[Context], id=1461]], FeedbackDTO[id=973, text=null, detailText=null, hasLongFeedbackText=false, reference=null, credits=3.230769230769231, positive=true, type=AUTOMATIC, visibility=ALWAYS, testCase=TestCaseDTO[testName=testMethods[Policy], id=1462]], FeedbackDTO[id=974, text=null, detailText=null, hasLongFeedbackText=false, reference=null, credits=3.230769230769231, positive=true, type=AUTOMATIC, visibility=ALWAYS, testCase=TestCaseDTO[testName=testMethods[SortStrategy], id=1463]], FeedbackDTO[id=975, text=null, detailText=null, hasLongFeedbackText=false, reference=null, credits=3.230769230769231, positive=true, type=AUTOMATIC, visibility=ALWAYS, testCase=TestCaseDTO[testName=testClass[MergeSort], id=1458]], FeedbackDTO[id=976, text=null, detailText=null, hasLongFeedbackText=false, reference=null, credits=3.230769230769231, positive=true, type=AUTOMATIC, visibility=ALWAYS, testCase=TestCaseDTO[testName=testClass[SortStrategy], id=1455]], FeedbackDTO[id=977, text=null, detailText=null, hasLongFeedbackText=false, reference=null, credits=3.230769230769231, positive=true, type=AUTOMATIC, visibility=ALWAYS, testCase=TestCaseDTO[testName=testClass[BubbleSort], id=1459]], FeedbackDTO[id=978, text=null, detailText=null, hasLongFeedbackText=false, reference=null, credits=3.230769230769231, positive=true, type=AUTOMATIC, visibility=ALWAYS, testCase=TestCaseDTO[testName=testMergeSort(), id=1464]], FeedbackDTO[id=979, text=null, detailText=null, hasLongFeedbackText=false, reference=null, credits=3.230769230769231, positive=true, type=AUTOMATIC, visibility=ALWAYS, testCase=TestCaseDTO[testName=testUseBubbleSortForSmallList(), id=1465]], FeedbackDTO[id=980, text=null, detailText=null, hasLongFeedbackText=false, reference=null, credits=3.230769230769231, positive=true, type=AUTOMATIC, visibility=ALWAYS, testCase=TestCaseDTO[testName=testBubbleSort(), id=1467]], FeedbackDTO[id=981, text=null, detailText=null, hasLongFeedbackText=false, reference=null, credits=3.230769230769231, positive=true, type=AUTOMATIC, visibility=ALWAYS, testCase=TestCaseDTO[testName=testUseMergeSortForBigList(), id=1466]], FeedbackDTO[id=982, text=null, detailText=null, hasLongFeedbackText=false, reference=null, credits=3.230769230769231, positive=true, type=AUTOMATIC, visibility=ALWAYS, testCase=TestCaseDTO[testName=testConstructors[Policy], id=1460]], FeedbackDTO[id=983, text=null, detailText=null, hasLongFeedbackText=false, reference=null, credits=3.230769230769231, positive=true, type=AUTOMATIC, visibility=ALWAYS, testCase=TestCaseDTO[testName=testAttributes[Context], id=1456]], FeedbackDTO[id=984, text=null, detailText=null, hasLongFeedbackText=false, reference=null, credits=3.230769230769231, positive=true, type=AUTOMATIC, visibility=ALWAYS, testCase=TestCaseDTO[testName=testAttributes[Policy], id=1457]]], assessmentType=AUTOMATIC, hasComplaint=null, exampleResult=null, testCaseCount=13, passedTestCaseCount=13, codeIssueCount=0]], BuildJobQueueItem[id=20281739576748768, name=SHORT0FC863930E92904248098A506171F81CF6CFTSTEXC-BASE, buildAgent=BuildAgentDTO[name=artemis-build-agent-test, memberAddress=[127.0.0.1]:5703, displayName=artemis-build-agent-test], participationId=2028, courseId=992, exerciseId=2609, retryCount=0, priority=2, status=SUCCESSFUL, repositoryInfo=RepositoryInfo[repositoryName=short0fc863930e92904248098a506171f81cf6cftstexc-exercise, repositoryType=exercise, triggeredByPushTo=auxiliary, assignmentRepositoryUri=http://localhost:49152/git/SHORT0FC863930E92904248098A506171F81CF6CFTSTEXC/short0fc863930e92904248098a506171f81cf6cftstexc-exercise.git, testRepositoryUri=http://localhost:49152/git/SHORT0FC863930E92904248098A506171F81CF6CFTSTEXC/short0fc863930e92904248098a506171f81cf6cftstexc-tests.git, solutionRepositoryUri=null, auxiliaryRepositoryUris=[Ljava.lang.String;@7cecca60, auxiliaryRepositoryCheckoutDirectories=[Ljava.lang.String;@6cc3c43a], jobTimingInfo=JobTimingInfo[submissionDate=2025-02-14T23:45:48.768063548Z[Etc/UTC], buildStartDate=2025-02-14T23:45:48.802531989Z[Etc/UTC], buildCompletionDate=2025-02-14T23:45:50.482681367Z[Etc/UTC], estimatedCompletionDate=2025-02-14T23:45:50.802523092Z[Etc/UTC], estimatedDuration=2], buildConfig=BuildConfig[buildScript=#!/bin/bash
cd /var/tmp/testing-dir
chmod +x ./gradlew
./gradlew clean test
, dockerImage=dummy-docker-image:latest, commitHashToBuild=9b3a9bd71a0d80e5bbc42204c319ed3d1d4f0d6d, assignmentCommitHash=115a2e943bee242fdad360b50d8ad5f30792577e, testCommitHash=9b3a9bd71a0d80e5bbc42204c319ed3d1d4f0d6d, branch=main, programmingLanguage=JAVA, projectType=PLAIN_GRADLE, scaEnabled=false, sequentialTestRunsEnabled=false, resultPaths=[/var/tmp/testing-dir/**/test-results/test/*.xml], timeoutSeconds=0, assignmentCheckoutPath=null, testCheckoutPath=null, solutionCheckoutPath=null, dockerRunConfig=null], submissionResult=null]], publicSshKey=ssh-rsa AAAAB3NzaC1yc2EAAAADAQABAAACAQCOPdMsxRE2jFJ/UEa5/LsBxtwzJcrh3/rYBCQvcMeVpiRfhzQPWu7mrt/G2Ew+i+vRloGH9aqKg6dd1liRncao53Zmd/ePxoatXePNhmzTfkCkcSkTUz7B+QMjkoDDV5jwuFPD6mF3JkhuzSi64n9Zy905t4w2IhVcjM2mL3eYNjiCXt6Qpq3Pkt7dM/Ksw1nxnvuiIALuJLB3FTkXkHqq3PJav+9HSq2r6ZaWgekneaGxlQlb+U+Vy3XOuArKAzK8c8i+0bR+AHiTG6ncYXt7ax3U+TdlDTF7OLP3umwaYjs1NBXOHwG42pevvpKn2fqavZZozk+M05jXLx3bq0O7itxfErWc7etky8qYPyyIMF/txQIVLd78+Ze4d7Y60t5MGbXM5cGE6fFif5fEJwgswXD+BrG0cafz1CTatjSKFdvp8Vp4VszXhHDan1PrP6JEFJ5Cc5GDmLRZPCFa3vL9f5qXgf4bkqKN8MYeEujwJE5nMRWoiJVNakix2bcrrneQMBlnYeYZVWXXXUusAQBzl4NgddC1umZpihZkL1b1MffZAUW3EGEXi7KHnllQhkTLLsQ8ntMgbylqaJKStqaXlLvdeRJcEnUuiFCrHEVVbXRFZR7XVDZ02CE5o3MuaRPty8Kh+jRTF3COlAckHwYEJCNNJvXFgb2CNXL4mjzYDw== test@localhost]
    23:45:50.499 | 566 localvc.event-13 | DEBUG | a.p.s.l.SharedQueueManagementService : Build agent updated: null
    23:45:50.502 | 566 localvc.event-13 | DEBUG | p.s.l.LocalCIResultProcessingService : Result of build job with id 20281739576748768 added to queue
    23:45:50.502 | 588 artemis-task-1   | DEBUG | d.t.c.a.a.c.c.w.GzipMessageConverter : Compressed message payload from 81427 to 8960 (saved 89.0% payload size)
    23:45:50.502 | 566 localvc.event-13 | INFO  | p.s.l.LocalCIResultProcessingService : Processing build job result with id 20281739576748768
    23:45:50.502 | 566 localvc.event-13 | DEBUG | p.s.l.LocalCIResultProcessingService : Build jobs waiting in queue: 0
    23:45:50.502 | 566 localvc.event-13 | DEBUG | p.s.l.LocalCIResultProcessingService : Queued build jobs: []
    23:45:50.505 | 566 localvc.event-13 | DEBUG | .s.ProgrammingExerciseGradingService : Received new build result (NEW) for participation 2028
    23:45:50.553 | 566 localvc.event-13 | DEBUG | .a.a.p.s.ProgrammingMessagingService : Send result to client over websocket. Result: Result{id637, completionDate=2025-02-14T23:45:50.449084694Z[Etc/UTC], successful=false, score=0.0, rated=true, assessmentType=AUTOMATIC, hasComplaint=null, testCaseCount=13, passedTestCaseCount=0, codeIssueCount=0}, Submission: ProgrammingSubmission{commitHash='9b3a9bd71a0d80e5bbc42204c319ed3d1d4f0d6d', buildFailed=false, buildArtifact=false, type=TEST}, Participation: TemplateProgrammingExerciseParticipation{id=2028, repositoryUri='http://localhost:49152/git/SHORT0FC863930E92904248098A506171F81CF6CFTSTEXC/short0fc863930e92904248098a506171f81cf6cftstexc-exercise.git', buildPlanId='SHORT0FC863930E92904248098A506171F81CF6CFTSTEXC-BASE}
    23:45:50.556 | 566 localvc.event-13 | DEBUG | d.t.c.a.a.p.s.BuildLogEntryService   : Saved build logs for build job 20281739576748768 to file /tmp/build-logs/short0fc863930e92904248098a506171f81cf6cf/TSTEXC/20281739576748768.log
    23:45:50.557 | 566 localvc.event-13 | DEBUG | a.p.s.l.LocalCIQueueWebsocketService : Build agent updated: BuildAgentInformation[buildAgent=BuildAgentDTO[name=artemis-build-agent-test, memberAddress=[127.0.0.1]:5703, displayName=artemis-build-agent-test], maxNumberOfConcurrentBuildJobs=1, numberOfCurrentBuildJobs=0, runningBuildJobs=[], status=IDLE, recentBuildJobs=[BuildJobQueueItem[id=19141739576708030, name=SHORT5F02A8F400311042E70858306EB148073CFDTSTEXC-LOCALVCINTSTUDENT1, buildAgent=BuildAgentDTO[name=artemis-build-agent-test, memberAddress=[127.0.0.1]:5703, displayName=artemis-build-agent-test], participationId=1914, courseId=947, exerciseId=2564, retryCount=0, priority=2, status=FAILED, repositoryInfo=RepositoryInfo[repositoryName=short5f02a8f400311042e70858306eb148073cfdtstexc-localvcintstudent1, repositoryType=user, triggeredByPushTo=user, assignmentRepositoryUri=http://localhost:49152/git/SHORT5F02A8F400311042E70858306EB148073CFDTSTEXC/short5f02a8f400311042e70858306eb148073cfdtstexc-localvcintstudent1.git, testRepositoryUri=http://localhost:49152/git/SHORT5F02A8F400311042E70858306EB148073CFDTSTEXC/short5f02a8f400311042e70858306eb148073cfdtstexc-tests.git, solutionRepositoryUri=null, auxiliaryRepositoryUris=[Ljava.lang.String;@e9bba90, auxiliaryRepositoryCheckoutDirectories=[Ljava.lang.String;@4c94acb3], jobTimingInfo=JobTimingInfo[submissionDate=2025-02-14T23:45:08.030118216Z[Etc/UTC], buildStartDate=2025-02-14T23:45:08.041011412Z[Etc/UTC], buildCompletionDate=2025-02-14T23:45:08.054603331Z[Etc/UTC], estimatedCompletionDate=2025-02-14T23:45:27.041005080Z[Etc/UTC], estimatedDuration=19], buildConfig=BuildConfig[buildScript=#!/bin/bash
cd /var/tmp/testing-dir
chmod +x ./gradlew
./gradlew clean test
, dockerImage=dummy-docker-image:latest, commitHashToBuild=6e7146cac5059504aa9d170ec3fa23aec740bb51, assignmentCommitHash=6e7146cac5059504aa9d170ec3fa23aec740bb51, testCommitHash=931e5303581c7a2f01339ba603cfafbfe668b901, branch=main, programmingLanguage=JAVA, projectType=PLAIN_GRADLE, scaEnabled=false, sequentialTestRunsEnabled=false, resultPaths=[/var/tmp/testing-dir/**/test-results/test/*.xml], timeoutSeconds=0, assignmentCheckoutPath=null, testCheckoutPath=null, solutionCheckoutPath=null, dockerRunConfig=null], submissionResult=ResultDTO[id=622, completionDate=2025-02-14T23:45:08.054683681Z[Etc/UTC], successful=false, score=0.0, rated=true, submission=SubmissionDTO[id=814, submitted=true, type=MANUAL, exampleSubmission=null, submissionDate=2025-02-14T23:45:08.016200Z, commitHash=6e7146cac5059504aa9d170ec3fa23aec740bb51, buildFailed=true, buildArtifact=false, participation=ParticipationDTO[id=1914, testRun=false, type=programming, submissionCount=null, exercise=ParticipationExerciseDTO[id=2564, exerciseType=PROGRAMMING, type=programming, assessmentType=AUTOMATIC, dueDate=2025-02-16T23:45:07.324348Z, assessmentDueDate=null, maxPoints=42.0, course=CourseDTO[id=947, accuracyOfScores=1]]], submissionExerciseType=programming, isProcessing=false, buildStartDate=null, estimatedCompletionDate=null], participation=ParticipationDTO[id=1914, testRun=false, type=programming, submissionCount=null, exercise=ParticipationExerciseDTO[id=2564, exerciseType=PROGRAMMING, type=programming, assessmentType=AUTOMATIC, dueDate=2025-02-16T23:45:07.324348Z, assessmentDueDate=null, maxPoints=42.0, course=CourseDTO[id=947, accuracyOfScores=1]]], feedbacks=[], assessmentType=AUTOMATIC, hasComplaint=null, exampleResult=null, testCaseCount=0, passedTestCaseCount=0, codeIssueCount=0]], BuildJobQueueItem[id=19361739576711303, name=SHORT9AFDAE3804CA304DDF0889A0CB0F56104A86TSTEXC-LOCALVCINTSTUDENT1, buildAgent=BuildAgentDTO[name=artemis-build-agent-test, memberAddress=[127.0.0.1]:5703, displayName=artemis-build-agent-test], participationId=1936, courseId=956, exerciseId=2573, retryCount=0, priority=2, status=FAILED, repositoryInfo=RepositoryInfo[repositoryName=short9afdae3804ca304ddf0889a0cb0f56104a86tstexc-localvcintstudent1, repositoryType=user, triggeredByPushTo=user, assignmentRepositoryUri=http://localhost:49152/git/SHORT9AFDAE3804CA304DDF0889A0CB0F56104A86TSTEXC/short9afdae3804ca304ddf0889a0cb0f56104a86tstexc-localvcintstudent1.git, testRepositoryUri=http://localhost:49152/git/SHORT9AFDAE3804CA304DDF0889A0CB0F56104A86TSTEXC/short9afdae3804ca304ddf0889a0cb0f56104a86tstexc-tests.git, solutionRepositoryUri=null, auxiliaryRepositoryUris=[Ljava.lang.String;@55f52f02, auxiliaryRepositoryCheckoutDirectories=[Ljava.lang.String;@7304de62], jobTimingInfo=JobTimingInfo[submissionDate=2025-02-14T23:45:11.303805653Z[Etc/UTC], buildStartDate=2025-02-14T23:45:11.310981356Z[Etc/UTC], buildCompletionDate=2025-02-14T23:45:11.319178384Z[Etc/UTC], estimatedCompletionDate=2025-02-14T23:45:30.310974944Z[Etc/UTC], estimatedDuration=19], buildConfig=BuildConfig[buildScript=#!/bin/bash
cd /var/tmp/testing-dir
chmod +x ./gradlew
./gradlew clean test
, dockerImage=dummy-docker-image:latest, commitHashToBuild=a1099e378cffde441ef85f9b12577ca174b8e1e4, assignmentCommitHash=a1099e378cffde441ef85f9b12577ca174b8e1e4, testCommitHash=bd38d61c299ab11a1dea82a3ca5493fe04d97d47, branch=main, programmingLanguage=JAVA, projectType=PLAIN_GRADLE, scaEnabled=false, sequentialTestRunsEnabled=false, resultPaths=[/var/tmp/testing-dir/**/test-results/test/*.xml], timeoutSeconds=0, assignmentCheckoutPath=null, testCheckoutPath=null, solutionCheckoutPath=null, dockerRunConfig=null], submissionResult=ResultDTO[id=623, completionDate=2025-02-14T23:45:11.319278430Z[Etc/UTC], successful=false, score=0.0, rated=true, submission=SubmissionDTO[id=815, submitted=true, type=MANUAL, exampleSubmission=null, submissionDate=2025-02-14T23:45:11.294386Z, commitHash=a1099e378cffde441ef85f9b12577ca174b8e1e4, buildFailed=true, buildArtifact=false, participation=ParticipationDTO[id=1936, testRun=false, type=programming, submissionCount=null, exercise=ParticipationExerciseDTO[id=2573, exerciseType=PROGRAMMING, type=programming, assessmentType=AUTOMATIC, dueDate=2025-02-16T23:45:10.996982Z, assessmentDueDate=null, maxPoints=42.0, course=CourseDTO[id=956, accuracyOfScores=1]]], submissionExerciseType=programming, isProcessing=false, buildStartDate=null, estimatedCompletionDate=null], participation=ParticipationDTO[id=1936, testRun=false, type=programming, submissionCount=null, exercise=ParticipationExerciseDTO[id=2573, exerciseType=PROGRAMMING, type=programming, assessmentType=AUTOMATIC, dueDate=2025-02-16T23:45:10.996982Z, assessmentDueDate=null, maxPoints=42.0, course=CourseDTO[id=956, accuracyOfScores=1]]], feedbacks=[], assessmentType=AUTOMATIC, hasComplaint=null, exampleResult=null, testCaseCount=0, passedTestCaseCount=0, codeIssueCount=0]], BuildJobQueueItem[id=19351739576711674, name=SHORT9AFDAE3804CA304DDF0889A0CB0F56104A86TSTEXC-BASE, buildAgent=BuildAgentDTO[name=artemis-build-agent-test, memberAddress=[127.0.0.1]:5703, displayName=artemis-build-agent-test], participationId=1935, courseId=956, exerciseId=2573, retryCount=0, priority=2, status=FAILED, repositoryInfo=RepositoryInfo[repositoryName=short9afdae3804ca304ddf0889a0cb0f56104a86tstexc-exercise, repositoryType=exercise, triggeredByPushTo=exercise, assignmentRepositoryUri=http://localhost:49152/git/SHORT9AFDAE3804CA304DDF0889A0CB0F56104A86TSTEXC/short9afdae3804ca304ddf0889a0cb0f56104a86tstexc-exercise.git, testRepositoryUri=http://localhost:49152/git/SHORT9AFDAE3804CA304DDF0889A0CB0F56104A86TSTEXC/short9afdae3804ca304ddf0889a0cb0f56104a86tstexc-tests.git, solutionRepositoryUri=null, auxiliaryRepositoryUris=[Ljava.lang.String;@2098b5a8, auxiliaryRepositoryCheckoutDirectories=[Ljava.lang.String;@4900743c], jobTimingInfo=JobTimingInfo[submissionDate=2025-02-14T23:45:11.674556681Z[Etc/UTC], buildStartDate=2025-02-14T23:45:11.677776879Z[Etc/UTC], buildCompletionDate=2025-02-14T23:45:11.688097378Z[Etc/UTC], estimatedCompletionDate=2025-02-14T23:45:30.677771620Z[Etc/UTC], estimatedDuration=19], buildConfig=BuildConfig[buildScript=#!/bin/bash
cd /var/tmp/testing-dir
chmod +x ./gradlew
./gradlew clean test
, dockerImage=dummy-docker-image:latest, commitHashToBuild=a1099e378cffde441ef85f9b12577ca174b8e1e4, assignmentCommitHash=a1099e378cffde441ef85f9b12577ca174b8e1e4, testCommitHash=bd38d61c299ab11a1dea82a3ca5493fe04d97d47, branch=main, programmingLanguage=JAVA, projectType=PLAIN_GRADLE, scaEnabled=false, sequentialTestRunsEnabled=false, resultPaths=[/var/tmp/testing-dir/**/test-results/test/*.xml], timeoutSeconds=0, assignmentCheckoutPath=null, testCheckoutPath=null, solutionCheckoutPath=null, dockerRunConfig=null], submissionResult=ResultDTO[id=624, completionDate=2025-02-14T23:45:11.688214837Z[Etc/UTC], successful=false, score=0.0, rated=true, submission=SubmissionDTO[id=816, submitted=true, type=MANUAL, exampleSubmission=null, submissionDate=2025-02-14T23:45:11.656934Z, commitHash=a1099e378cffde441ef85f9b12577ca174b8e1e4, buildFailed=true, buildArtifact=false, participation=ParticipationDTO[id=1935, testRun=false, type=template, submissionCount=null, exercise=ParticipationExerciseDTO[id=2573, exerciseType=PROGRAMMING, type=programming, assessmentType=AUTOMATIC, dueDate=2025-02-16T23:45:10.996982Z, assessmentDueDate=null, maxPoints=42.0, course=CourseDTO[id=956, accuracyOfScores=1]]], submissionExerciseType=programming, isProcessing=false, buildStartDate=null, estimatedCompletionDate=null], participation=ParticipationDTO[id=1935, testRun=false, type=template, submissionCount=null, exercise=ParticipationExerciseDTO[id=2573, exerciseType=PROGRAMMING, type=programming, assessmentType=AUTOMATIC, dueDate=2025-02-16T23:45:10.996982Z, assessmentDueDate=null, maxPoints=42.0, course=CourseDTO[id=956, accuracyOfScores=1]]], feedbacks=[], assessmentType=AUTOMATIC, hasComplaint=null, exampleResult=null, testCaseCount=0, passedTestCaseCount=0, codeIssueCount=0]], BuildJobQueueItem[id=19341739576712112, name=SHORT9AFDAE3804CA304DDF0889A0CB0F56104A86TSTEXC-SOLUTION, buildAgent=BuildAgentDTO[name=artemis-build-agent-test, memberAddress=[127.0.0.1]:5703, displayName=artemis-build-agent-test], participationId=1934, courseId=956, exerciseId=2573, retryCount=0, priority=2, status=FAILED, repositoryInfo=RepositoryInfo[repositoryName=short9afdae3804ca304ddf0889a0cb0f56104a86tstexc-solution, repositoryType=solution, triggeredByPushTo=solution, assignmentRepositoryUri=http://localhost:49152/git/SHORT9AFDAE3804CA304DDF0889A0CB0F56104A86TSTEXC/short9afdae3804ca304ddf0889a0cb0f56104a86tstexc-solution.git, testRepositoryUri=http://localhost:49152/git/SHORT9AFDAE3804CA304DDF0889A0CB0F56104A86TSTEXC/short9afdae3804ca304ddf0889a0cb0f56104a86tstexc-tests.git, solutionRepositoryUri=null, auxiliaryRepositoryUris=[Ljava.lang.String;@35f1cf21, auxiliaryRepositoryCheckoutDirectories=[Ljava.lang.String;@60d3f033], jobTimingInfo=JobTimingInfo[submissionDate=2025-02-14T23:45:12.112332872Z[Etc/UTC], buildStartDate=2025-02-14T23:45:12.121617114Z[Etc/UTC], buildCompletionDate=2025-02-14T23:45:12.127931701Z[Etc/UTC], estimatedCompletionDate=2025-02-14T23:45:31.121609600Z[Etc/UTC], estimatedDuration=19], buildConfig=BuildConfig[buildScript=#!/bin/bash
cd /var/tmp/testing-dir
chmod +x ./gradlew
./gradlew clean test
, dockerImage=dummy-docker-image:latest, commitHashToBuild=a1099e378cffde441ef85f9b12577ca174b8e1e4, assignmentCommitHash=a1099e378cffde441ef85f9b12577ca174b8e1e4, testCommitHash=bd38d61c299ab11a1dea82a3ca5493fe04d97d47, branch=main, programmingLanguage=JAVA, projectType=PLAIN_GRADLE, scaEnabled=false, sequentialTestRunsEnabled=false, resultPaths=[/var/tmp/testing-dir/**/test-results/test/*.xml], timeoutSeconds=0, assignmentCheckoutPath=null, testCheckoutPath=null, solutionCheckoutPath=null, dockerRunConfig=null], submissionResult=ResultDTO[id=625, completionDate=2025-02-14T23:45:12.128011800Z[Etc/UTC], successful=false, score=0.0, rated=true, submission=SubmissionDTO[id=817, submitted=true, type=MANUAL, exampleSubmission=null, submissionDate=2025-02-14T23:45:12.098737Z, commitHash=a1099e378cffde441ef85f9b12577ca174b8e1e4, buildFailed=true, buildArtifact=false, participation=ParticipationDTO[id=1934, testRun=false, type=solution, submissionCount=null, exercise=ParticipationExerciseDTO[id=2573, exerciseType=PROGRAMMING, type=programming, assessmentType=AUTOMATIC, dueDate=2025-02-16T23:45:10.996982Z, assessmentDueDate=null, maxPoints=42.0, course=CourseDTO[id=956, accuracyOfScores=1]]], submissionExerciseType=programming, isProcessing=false, buildStartDate=null, estimatedCompletionDate=null], participation=ParticipationDTO[id=1934, testRun=false, type=solution, submissionCount=null, exercise=ParticipationExerciseDTO[id=2573, exerciseType=PROGRAMMING, type=programming, assessmentType=AUTOMATIC, dueDate=2025-02-16T23:45:10.996982Z, assessmentDueDate=null, maxPoints=42.0, course=CourseDTO[id=956, accuracyOfScores=1]]], feedbacks=[], assessmentType=AUTOMATIC, hasComplaint=null, exampleResult=null, testCaseCount=0, passedTestCaseCount=0, codeIssueCount=0]], BuildJobQueueItem[id=19341739576713025, name=SHORT9AFDAE3804CA304DDF0889A0CB0F56104A86TSTEXC-SOLUTION, buildAgent=BuildAgentDTO[name=artemis-build-agent-test, memberAddress=[127.0.0.1]:5703, displayName=artemis-build-agent-test], participationId=1934, courseId=956, exerciseId=2573, retryCount=0, priority=2, status=FAILED, repositoryInfo=RepositoryInfo[repositoryName=short9afdae3804ca304ddf0889a0cb0f56104a86tstexc-solution, repositoryType=solution, triggeredByPushTo=tests, assignmentRepositoryUri=http://localhost:49152/git/SHORT9AFDAE3804CA304DDF0889A0CB0F56104A86TSTEXC/short9afdae3804ca304ddf0889a0cb0f56104a86tstexc-solution.git, testRepositoryUri=http://localhost:49152/git/SHORT9AFDAE3804CA304DDF0889A0CB0F56104A86TSTEXC/short9afdae3804ca304ddf0889a0cb0f56104a86tstexc-tests.git, solutionRepositoryUri=null, auxiliaryRepositoryUris=[Ljava.lang.String;@5032c74, auxiliaryRepositoryCheckoutDirectories=[Ljava.lang.String;@4fe8197c], jobTimingInfo=JobTimingInfo[submissionDate=2025-02-14T23:45:13.025319671Z[Etc/UTC], buildStartDate=2025-02-14T23:45:13.040293146Z[Etc/UTC], buildCompletionDate=2025-02-14T23:45:13.053032917Z[Etc/UTC], estimatedCompletionDate=2025-02-14T23:45:32.040285703Z[Etc/UTC], estimatedDuration=19], buildConfig=BuildConfig[buildScript=#!/bin/bash
cd /var/tmp/testing-dir
chmod +x ./gradlew
./gradlew clean test
, dockerImage=dummy-docker-image:latest, commitHashToBuild=784f8f0049d2a1a54f21c67dd772bea86715267a, assignmentCommitHash=a1099e378cffde441ef85f9b12577ca174b8e1e4, testCommitHash=784f8f0049d2a1a54f21c67dd772bea86715267a, branch=main, programmingLanguage=JAVA, projectType=PLAIN_GRADLE, scaEnabled=false, sequentialTestRunsEnabled=false, resultPaths=[/var/tmp/testing-dir/**/test-results/test/*.xml], timeoutSeconds=0, assignmentCheckoutPath=null, testCheckoutPath=null, solutionCheckoutPath=null, dockerRunConfig=null], submissionResult=ResultDTO[id=626, completionDate=2025-02-14T23:45:13.053131811Z[Etc/UTC], successful=false, score=0.0, rated=true, submission=SubmissionDTO[id=818, submitted=true, type=TEST, exampleSubmission=null, submissionDate=2025-02-14T23:45:13.005779Z, commitHash=784f8f0049d2a1a54f21c67dd772bea86715267a, buildFailed=true, buildArtifact=false, participation=ParticipationDTO[id=1934, testRun=false, type=solution, submissionCount=null, exercise=ParticipationExerciseDTO[id=2573, exerciseType=PROGRAMMING, type=programming, assessmentType=AUTOMATIC, dueDate=2025-02-16T23:45:10.996982Z, assessmentDueDate=null, maxPoints=42.0, course=CourseDTO[id=956, accuracyOfScores=1]]], submissionExerciseType=programming, isProcessing=false, buildStartDate=null, estimatedCompletionDate=null], participation=ParticipationDTO[id=1934, testRun=false, type=solution, submissionCount=null, exercise=ParticipationExerciseDTO[id=2573, exerciseType=PROGRAMMING, type=programming, assessmentType=AUTOMATIC, dueDate=2025-02-16T23:45:10.996982Z, assessmentDueDate=null, maxPoints=42.0, course=CourseDTO[id=956, accuracyOfScores=1]]], feedbacks=[], assessmentType=AUTOMATIC, hasComplaint=null, exampleResult=null, testCaseCount=0, passedTestCaseCount=0, codeIssueCount=0]], BuildJobQueueItem[id=19581739576715555, name=SHORTC1A3F9FC03D2304B4308FA20AF16D54AAA49TSTEXC-LOCALVCSSHINTSTUDENT1, buildAgent=BuildAgentDTO[name=artemis-build-agent-test, memberAddress=[127.0.0.1]:5703, displayName=artemis-build-agent-test], participationId=1958, courseId=965, exerciseId=2582, retryCount=0, priority=2, status=FAILED, repositoryInfo=RepositoryInfo[repositoryName=shortc1a3f9fc03d2304b4308fa20af16d54aaa49tstexc-localvcsshintstudent1, repositoryType=user, triggeredByPushTo=user, assignmentRepositoryUri=http://localhost:49152/git/SHORTC1A3F9FC03D2304B4308FA20AF16D54AAA49TSTEXC/shortc1a3f9fc03d2304b4308fa20af16d54aaa49tstexc-localvcsshintstudent1.git, testRepositoryUri=http://localhost:49152/git/SHORTC1A3F9FC03D2304B4308FA20AF16D54AAA49TSTEXC/shortc1a3f9fc03d2304b4308fa20af16d54aaa49tstexc-tests.git, solutionRepositoryUri=null, auxiliaryRepositoryUris=[Ljava.lang.String;@74db5f67, auxiliaryRepositoryCheckoutDirectories=[Ljava.lang.String;@bf67ba7], jobTimingInfo=JobTimingInfo[submissionDate=2025-02-14T23:45:15.555989584Z[Etc/UTC], buildStartDate=2025-02-14T23:45:15.568477627Z[Etc/UTC], buildCompletionDate=2025-02-14T23:45:15.579021148Z[Etc/UTC], estimatedCompletionDate=2025-02-14T23:45:34.568443924Z[Etc/UTC], estimatedDuration=19], buildConfig=BuildConfig[buildScript=#!/bin/bash
cd /var/tmp/testing-dir
chmod +x ./gradlew
./gradlew clean test
, dockerImage=dummy-docker-image:latest, commitHashToBuild=ca76dac20e040e6609db02fd7fedd56bf58829d7, assignmentCommitHash=ca76dac20e040e6609db02fd7fedd56bf58829d7, testCommitHash=bd0d58c226dc63bfa4bc9052870589952c0a1f83, branch=main, programmingLanguage=JAVA, projectType=PLAIN_GRADLE, scaEnabled=false, sequentialTestRunsEnabled=false, resultPaths=[/var/tmp/testing-dir/**/test-results/test/*.xml], timeoutSeconds=0, assignmentCheckoutPath=null, testCheckoutPath=null, solutionCheckoutPath=null, dockerRunConfig=null], submissionResult=ResultDTO[id=627, completionDate=2025-02-14T23:45:15.579119131Z[Etc/UTC], successful=false, score=0.0, rated=true, submission=SubmissionDTO[id=820, submitted=true, type=MANUAL, exampleSubmission=null, submissionDate=2025-02-14T23:45:15.548349Z, commitHash=ca76dac20e040e6609db02fd7fedd56bf58829d7, buildFailed=true, buildArtifact=false, participation=ParticipationDTO[id=1958, testRun=false, type=programming, submissionCount=null, exercise=ParticipationExerciseDTO[id=2582, exerciseType=PROGRAMMING, type=programming, assessmentType=AUTOMATIC, dueDate=2025-02-16T23:45:15.103512Z, assessmentDueDate=null, maxPoints=42.0, course=CourseDTO[id=965, accuracyOfScores=1]]], submissionExerciseType=programming, isProcessing=false, buildStartDate=null, estimatedCompletionDate=null], participation=ParticipationDTO[id=1958, testRun=false, type=programming, submissionCount=null, exercise=ParticipationExerciseDTO[id=2582, exerciseType=PROGRAMMING, type=programming, assessmentType=AUTOMATIC, dueDate=2025-02-16T23:45:15.103512Z, assessmentDueDate=null, maxPoints=42.0, course=CourseDTO[id=965, accuracyOfScores=1]]], feedbacks=[], assessmentType=AUTOMATIC, hasComplaint=null, exampleResult=null, testCaseCount=0, passedTestCaseCount=0, codeIssueCount=0]], BuildJobQueueItem[id=19801739576719393, name=SHORTB2A6C58B0D447045380A858075B170A5B7C6TSTEXC-LOCALVCSSHINTSTUDENT1, buildAgent=BuildAgentDTO[name=artemis-build-agent-test, memberAddress=[127.0.0.1]:5703, displayName=artemis-build-agent-test], participationId=1980, courseId=974, exerciseId=2591, retryCount=0, priority=2, status=FAILED, repositoryInfo=RepositoryInfo[repositoryName=shortb2a6c58b0d447045380a858075b170a5b7c6tstexc-localvcsshintstudent1, repositoryType=user, triggeredByPushTo=user, assignmentRepositoryUri=http://localhost:49152/git/SHORTB2A6C58B0D447045380A858075B170A5B7C6TSTEXC/shortb2a6c58b0d447045380a858075b170a5b7c6tstexc-localvcsshintstudent1.git, testRepositoryUri=http://localhost:49152/git/SHORTB2A6C58B0D447045380A858075B170A5B7C6TSTEXC/shortb2a6c58b0d447045380a858075b170a5b7c6tstexc-tests.git, solutionRepositoryUri=null, auxiliaryRepositoryUris=[Ljava.lang.String;@178a8621, auxiliaryRepositoryCheckoutDirectories=[Ljava.lang.String;@18a64e55], jobTimingInfo=JobTimingInfo[submissionDate=2025-02-14T23:45:19.393259829Z[Etc/UTC], buildStartDate=2025-02-14T23:45:19.405438171Z[Etc/UTC], buildCompletionDate=2025-02-14T23:45:19.414070673Z[Etc/UTC], estimatedCompletionDate=2025-02-14T23:45:38.405431569Z[Etc/UTC], estimatedDuration=19], buildConfig=BuildConfig[buildScript=#!/bin/bash
cd /var/tmp/testing-dir
chmod +x ./gradlew
./gradlew clean test
, dockerImage=dummy-docker-image:latest, commitHashToBuild=363cdbf709a9fff149f813ab848ee800a675cc77, assignmentCommitHash=363cdbf709a9fff149f813ab848ee800a675cc77, testCommitHash=a5e046ece417b2e538f21f816e2524dab61e0d10, branch=main, programmingLanguage=JAVA, projectType=PLAIN_GRADLE, scaEnabled=false, sequentialTestRunsEnabled=false, resultPaths=[/var/tmp/testing-dir/**/test-results/test/*.xml], timeoutSeconds=0, assignmentCheckoutPath=null, testCheckoutPath=null, solutionCheckoutPath=null, dockerRunConfig=null], submissionResult=ResultDTO[id=628, completionDate=2025-02-14T23:45:19.414171040Z[Etc/UTC], successful=false, score=0.0, rated=true, submission=SubmissionDTO[id=821, submitted=true, type=MANUAL, exampleSubmission=null, submissionDate=2025-02-14T23:45:19.376840Z, commitHash=363cdbf709a9fff149f813ab848ee800a675cc77, buildFailed=true, buildArtifact=false, participation=ParticipationDTO[id=1980, testRun=false, type=programming, submissionCount=null, exercise=ParticipationExerciseDTO[id=2591, exerciseType=PROGRAMMING, type=programming, assessmentType=AUTOMATIC, dueDate=2025-02-16T23:45:18.950569Z, assessmentDueDate=null, maxPoints=42.0, course=CourseDTO[id=974, accuracyOfScores=1]]], submissionExerciseType=programming, isProcessing=false, buildStartDate=null, estimatedCompletionDate=null], participation=ParticipationDTO[id=1980, testRun=false, type=programming, submissionCount=null, exercise=ParticipationExerciseDTO[id=2591, exerciseType=PROGRAMMING, type=programming, assessmentType=AUTOMATIC, dueDate=2025-02-16T23:45:18.950569Z, assessmentDueDate=null, maxPoints=42.0, course=CourseDTO[id=974, accuracyOfScores=1]]], feedbacks=[], assessmentType=AUTOMATIC, hasComplaint=null, exampleResult=null, testCaseCount=0, passedTestCaseCount=0, codeIssueCount=0]], BuildJobQueueItem[id=19791739576719787, name=SHORTB2A6C58B0D447045380A858075B170A5B7C6TSTEXC-BASE, buildAgent=BuildAgentDTO[name=artemis-build-agent-test, memberAddress=[127.0.0.1]:5703, displayName=artemis-build-agent-test], participationId=1979, courseId=974, exerciseId=2591, retryCount=0, priority=2, status=FAILED, repositoryInfo=RepositoryInfo[repositoryName=shortb2a6c58b0d447045380a858075b170a5b7c6tstexc-exercise, repositoryType=exercise, triggeredByPushTo=exercise, assignmentRepositoryUri=http://localhost:49152/git/SHORTB2A6C58B0D447045380A858075B170A5B7C6TSTEXC/shortb2a6c58b0d447045380a858075b170a5b7c6tstexc-exercise.git, testRepositoryUri=http://localhost:49152/git/SHORTB2A6C58B0D447045380A858075B170A5B7C6TSTEXC/shortb2a6c58b0d447045380a858075b170a5b7c6tstexc-tests.git, solutionRepositoryUri=null, auxiliaryRepositoryUris=[Ljava.lang.String;@36a81a41, auxiliaryRepositoryCheckoutDirectories=[Ljava.lang.String;@ebb6470], jobTimingInfo=JobTimingInfo[submissionDate=2025-02-14T23:45:19.787985058Z[Etc/UTC], buildStartDate=2025-02-14T23:45:19.796327417Z[Etc/UTC], buildCompletionDate=2025-02-14T23:45:19.799750982Z[Etc/UTC], estimatedCompletionDate=2025-02-14T23:45:38.796319082Z[Etc/UTC], estimatedDuration=19], buildConfig=BuildConfig[buildScript=#!/bin/bash
cd /var/tmp/testing-dir
chmod +x ./gradlew
./gradlew clean test
, dockerImage=dummy-docker-image:latest, commitHashToBuild=363cdbf709a9fff149f813ab848ee800a675cc77, assignmentCommitHash=363cdbf709a9fff149f813ab848ee800a675cc77, testCommitHash=a5e046ece417b2e538f21f816e2524dab61e0d10, branch=main, programmingLanguage=JAVA, projectType=PLAIN_GRADLE, scaEnabled=false, sequentialTestRunsEnabled=false, resultPaths=[/var/tmp/testing-dir/**/test-results/test/*.xml], timeoutSeconds=0, assignmentCheckoutPath=null, testCheckoutPath=null, solutionCheckoutPath=null, dockerRunConfig=null], submissionResult=ResultDTO[id=629, completionDate=2025-02-14T23:45:19.799820341Z[Etc/UTC], successful=false, score=0.0, rated=true, submission=SubmissionDTO[id=822, submitted=true, type=MANUAL, exampleSubmission=null, submissionDate=2025-02-14T23:45:19.775952Z, commitHash=363cdbf709a9fff149f813ab848ee800a675cc77, buildFailed=true, buildArtifact=false, participation=ParticipationDTO[id=1979, testRun=false, type=template, submissionCount=null, exercise=ParticipationExerciseDTO[id=2591, exerciseType=PROGRAMMING, type=programming, assessmentType=AUTOMATIC, dueDate=2025-02-16T23:45:18.950569Z, assessmentDueDate=null, maxPoints=42.0, course=CourseDTO[id=974, accuracyOfScores=1]]], submissionExerciseType=programming, isProcessing=false, buildStartDate=null, estimatedCompletionDate=null], participation=ParticipationDTO[id=1979, testRun=false, type=template, submissionCount=null, exercise=ParticipationExerciseDTO[id=2591, exerciseType=PROGRAMMING, type=programming, assessmentType=AUTOMATIC, dueDate=2025-02-16T23:45:18.950569Z, assessmentDueDate=null, maxPoints=42.0, course=CourseDTO[id=974, accuracyOfScores=1]]], feedbacks=[], assessmentType=AUTOMATIC, hasComplaint=null, exampleResult=null, testCaseCount=0, passedTestCaseCount=0, codeIssueCount=0]], BuildJobQueueItem[id=19781739576720235, name=SHORTB2A6C58B0D447045380A858075B170A5B7C6TSTEXC-SOLUTION, buildAgent=BuildAgentDTO[name=artemis-build-agent-test, memberAddress=[127.0.0.1]:5703, displayName=artemis-build-agent-test], participationId=1978, courseId=974, exerciseId=2591, retryCount=0, priority=2, status=FAILED, repositoryInfo=RepositoryInfo[repositoryName=shortb2a6c58b0d447045380a858075b170a5b7c6tstexc-solution, repositoryType=solution, triggeredByPushTo=solution, assignmentRepositoryUri=http://localhost:49152/git/SHORTB2A6C58B0D447045380A858075B170A5B7C6TSTEXC/shortb2a6c58b0d447045380a858075b170a5b7c6tstexc-solution.git, testRepositoryUri=http://localhost:49152/git/SHORTB2A6C58B0D447045380A858075B170A5B7C6TSTEXC/shortb2a6c58b0d447045380a858075b170a5b7c6tstexc-tests.git, solutionRepositoryUri=null, auxiliaryRepositoryUris=[Ljava.lang.String;@4dc34008, auxiliaryRepositoryCheckoutDirectories=[Ljava.lang.String;@67bd7b03], jobTimingInfo=JobTimingInfo[submissionDate=2025-02-14T23:45:20.235272325Z[Etc/UTC], buildStartDate=2025-02-14T23:45:20.243033812Z[Etc/UTC], buildCompletionDate=2025-02-14T23:45:20.250721018Z[Etc/UTC], estimatedCompletionDate=2025-02-14T23:45:39.243026949Z[Etc/UTC], estimatedDuration=19], buildConfig=BuildConfig[buildScript=#!/bin/bash
cd /var/tmp/testing-dir
chmod +x ./gradlew
./gradlew clean test
, dockerImage=dummy-docker-image:latest, commitHashToBuild=c710d0e68c9c7db8cda7d1a278308de2b9642cc0, assignmentCommitHash=c710d0e68c9c7db8cda7d1a278308de2b9642cc0, testCommitHash=a5e046ece417b2e538f21f816e2524dab61e0d10, branch=main, programmingLanguage=JAVA, projectType=PLAIN_GRADLE, scaEnabled=false, sequentialTestRunsEnabled=false, resultPaths=[/var/tmp/testing-dir/**/test-results/test/*.xml], timeoutSeconds=0, assignmentCheckoutPath=null, testCheckoutPath=null, solutionCheckoutPath=null, dockerRunConfig=null], submissionResult=ResultDTO[id=630, completionDate=2025-02-14T23:45:20.250809893Z[Etc/UTC], successful=false, score=0.0, rated=true, submission=SubmissionDTO[id=823, submitted=true, type=MANUAL, exampleSubmission=null, submissionDate=2025-02-14T23:45:20.211707Z, commitHash=c710d0e68c9c7db8cda7d1a278308de2b9642cc0, buildFailed=true, buildArtifact=false, participation=ParticipationDTO[id=1978, testRun=false, type=solution, submissionCount=null, exercise=ParticipationExerciseDTO[id=2591, exerciseType=PROGRAMMING, type=programming, assessmentType=AUTOMATIC, dueDate=2025-02-16T23:45:18.950569Z, assessmentDueDate=null, maxPoints=42.0, course=CourseDTO[id=974, accuracyOfScores=1]]], submissionExerciseType=programming, isProcessing=false, buildStartDate=null, estimatedCompletionDate=null], participation=ParticipationDTO[id=1978, testRun=false, type=solution, submissionCount=null, exercise=ParticipationExerciseDTO[id=2591, exerciseType=PROGRAMMING, type=programming, assessmentType=AUTOMATIC, dueDate=2025-02-16T23:45:18.950569Z, assessmentDueDate=null, maxPoints=42.0, course=CourseDTO[id=974, accuracyOfScores=1]]], feedbacks=[], assessmentType=AUTOMATIC, hasComplaint=null, exampleResult=null, testCaseCount=0, passedTestCaseCount=0, codeIssueCount=0]], BuildJobQueueItem[id=19781739576720802, name=SHORTB2A6C58B0D447045380A858075B170A5B7C6TSTEXC-SOLUTION, buildAgent=BuildAgentDTO[name=artemis-build-agent-test, memberAddress=[127.0.0.1]:5703, displayName=artemis-build-agent-test], participationId=1978, courseId=974, exerciseId=2591, retryCount=0, priority=2, status=FAILED, repositoryInfo=RepositoryInfo[repositoryName=shortb2a6c58b0d447045380a858075b170a5b7c6tstexc-solution, repositoryType=solution, triggeredByPushTo=tests, assignmentRepositoryUri=http://localhost:49152/git/SHORTB2A6C58B0D447045380A858075B170A5B7C6TSTEXC/shortb2a6c58b0d447045380a858075b170a5b7c6tstexc-solution.git, testRepositoryUri=http://localhost:49152/git/SHORTB2A6C58B0D447045380A858075B170A5B7C6TSTEXC/shortb2a6c58b0d447045380a858075b170a5b7c6tstexc-tests.git, solutionRepositoryUri=null, auxiliaryRepositoryUris=[Ljava.lang.String;@11310fa7, auxiliaryRepositoryCheckoutDirectories=[Ljava.lang.String;@44fc7115], jobTimingInfo=JobTimingInfo[submissionDate=2025-02-14T23:45:20.802935026Z[Etc/UTC], buildStartDate=2025-02-14T23:45:20.809306435Z[Etc/UTC], buildCompletionDate=2025-02-14T23:45:20.822452342Z[Etc/UTC], estimatedCompletionDate=2025-02-14T23:45:39.809298491Z[Etc/UTC], estimatedDuration=19], buildConfig=BuildConfig[buildScript=#!/bin/bash
cd /var/tmp/testing-dir
chmod +x ./gradlew
./gradlew clean test
, dockerImage=dummy-docker-image:latest, commitHashToBuild=c710d0e68c9c7db8cda7d1a278308de2b9642cc0, assignmentCommitHash=c710d0e68c9c7db8cda7d1a278308de2b9642cc0, testCommitHash=c710d0e68c9c7db8cda7d1a278308de2b9642cc0, branch=main, programmingLanguage=JAVA, projectType=PLAIN_GRADLE, scaEnabled=false, sequentialTestRunsEnabled=false, resultPaths=[/var/tmp/testing-dir/**/test-results/test/*.xml], timeoutSeconds=0, assignmentCheckoutPath=null, testCheckoutPath=null, solutionCheckoutPath=null, dockerRunConfig=null], submissionResult=ResultDTO[id=631, completionDate=2025-02-14T23:45:20.822527362Z[Etc/UTC], successful=false, score=0.0, rated=true, submission=SubmissionDTO[id=824, submitted=true, type=TEST, exampleSubmission=null, submissionDate=2025-02-14T23:45:20.791240Z, commitHash=c710d0e68c9c7db8cda7d1a278308de2b9642cc0, buildFailed=true, buildArtifact=false, participation=ParticipationDTO[id=1978, testRun=false, type=solution, submissionCount=null, exercise=ParticipationExerciseDTO[id=2591, exerciseType=PROGRAMMING, type=programming, assessmentType=AUTOMATIC, dueDate=2025-02-16T23:45:18.950569Z, assessmentDueDate=null, maxPoints=42.0, course=CourseDTO[id=974, accuracyOfScores=1]]], submissionExerciseType=programming, isProcessing=false, buildStartDate=null, estimatedCompletionDate=null], participation=ParticipationDTO[id=1978, testRun=false, type=solution, submissionCount=null, exercise=ParticipationExerciseDTO[id=2591, exerciseType=PROGRAMMING, type=programming, assessmentType=AUTOMATIC, dueDate=2025-02-16T23:45:18.950569Z, assessmentDueDate=null, maxPoints=42.0, course=CourseDTO[id=974, accuracyOfScores=1]]], feedbacks=[], assessmentType=AUTOMATIC, hasComplaint=null, exampleResult=null, testCaseCount=0, passedTestCaseCount=0, codeIssueCount=0]], BuildJobQueueItem[id=20061739576732554, name=SHORT94A899E303D7504C5D0840704DAAFA3DFF4DTSTEXC-LOCALVCCIINTINSTRUCTOR1, buildAgent=BuildAgentDTO[name=artemis-build-agent-test, memberAddress=[127.0.0.1]:5703, displayName=artemis-build-agent-test], participationId=2006, courseId=984, exerciseId=2601, retryCount=0, priority=2, status=SUCCESSFUL, repositoryInfo=RepositoryInfo[repositoryName=short94a899e303d7504c5d0840704daafa3dff4dtstexc-localvcciintinstructor1, repositoryType=user, triggeredByPushTo=user, assignmentRepositoryUri=http://localhost:49152/git/SHORT94A899E303D7504C5D0840704DAAFA3DFF4DTSTEXC/short94a899e303d7504c5d0840704daafa3dff4dtstexc-localvcciintinstructor1.git, testRepositoryUri=http://localhost:49152/git/SHORT94A899E303D7504C5D0840704DAAFA3DFF4DTSTEXC/short94a899e303d7504c5d0840704daafa3dff4dtstexc-tests.git, solutionRepositoryUri=null, auxiliaryRepositoryUris=[Ljava.lang.String;@1368ba82, auxiliaryRepositoryCheckoutDirectories=[Ljava.lang.String;@1f01be8f], jobTimingInfo=JobTimingInfo[submissionDate=2025-02-14T23:45:32.554795798Z[Etc/UTC], buildStartDate=2025-02-14T23:45:32.567287465Z[Etc/UTC], buildCompletionDate=2025-02-14T23:45:34.535226768Z[Etc/UTC], estimatedCompletionDate=2025-02-14T23:45:51.567257960Z[Etc/UTC], estimatedDuration=19], buildConfig=BuildConfig[buildScript=#!/bin/bash
cd /var/tmp/testing-dir
chmod +x ./gradlew
./gradlew clean test
, dockerImage=dummy-docker-image:latest, commitHashToBuild=ca2dbc0ae87edf7035058a6a17c0ea60e90a290f, assignmentCommitHash=ca2dbc0ae87edf7035058a6a17c0ea60e90a290f, testCommitHash=0207f6f98af5fbb66ad68455f3fc3cf128af8ae9, branch=main, programmingLanguage=JAVA, projectType=PLAIN_GRADLE, scaEnabled=false, sequentialTestRunsEnabled=false, resultPaths=[/var/tmp/testing-dir/**/test-results/test/*.xml], timeoutSeconds=0, assignmentCheckoutPath=null, testCheckoutPath=null, solutionCheckoutPath=null, dockerRunConfig=null], submissionResult=ResultDTO[id=632, completionDate=2025-02-14T23:45:34.504415716Z[Etc/UTC], successful=false, score=7.7, rated=false, submission=SubmissionDTO[id=826, submitted=true, type=MANUAL, exampleSubmission=null, submissionDate=2025-02-14T23:45:32.541533Z, commitHash=ca2dbc0ae87edf7035058a6a17c0ea60e90a290f, buildFailed=false, buildArtifact=false, participation=ParticipationDTO[id=2006, testRun=true, type=programming, submissionCount=null, exercise=ParticipationExerciseDTO[id=2601, exerciseType=PROGRAMMING, type=programming, assessmentType=AUTOMATIC, dueDate=2025-02-16T23:45:31.864042Z, assessmentDueDate=null, maxPoints=42.0, course=CourseDTO[id=984, accuracyOfScores=1]]], submissionExerciseType=programming, isProcessing=false, buildStartDate=null, estimatedCompletionDate=null], participation=ParticipationDTO[id=2006, testRun=true, type=programming, submissionCount=null, exercise=ParticipationExerciseDTO[id=2601, exerciseType=PROGRAMMING, type=programming, assessmentType=AUTOMATIC, dueDate=2025-02-16T23:45:31.864042Z, assessmentDueDate=null, maxPoints=42.0, course=CourseDTO[id=984, accuracyOfScores=1]]], feedbacks=[FeedbackDTO[id=920, text=null, detailText=The exercise expects a class with the name Context in the package testpackage. You did not implement the class in the exercise., hasLongFeedbackText=false, reference=null, credits=0.0, positive=false, type=AUTOMATIC, visibility=ALWAYS, testCase=TestCaseDTO[testName=null, id=1357]], FeedbackDTO[id=921, text=null, detailText=The exercise expects a class with the name Policy in the package testpackage. You did not implement the class in the exercise., hasLongFeedbackText=false, reference=null, credits=0.0, positive=false, type=AUTOMATIC, visibility=ALWAYS, testCase=TestCaseDTO[testName=null, id=1358]], FeedbackDTO[id=922, text=null, detailText=The exercise expects a class with the name SortStrategy in the package testpackage. You did not implement the class in the exercise., hasLongFeedbackText=false, reference=null, credits=0.0, positive=false, type=AUTOMATIC, visibility=ALWAYS, testCase=TestCaseDTO[testName=null, id=1359]], FeedbackDTO[id=923, text=null, detailText=The class 'MergeSort' does not implement the interface 'SortStrategy' as expected. Implement the interface and its methods., hasLongFeedbackText=false, reference=null, credits=0.0, positive=false, type=AUTOMATIC, visibility=ALWAYS, testCase=TestCaseDTO[testName=null, id=1354]], FeedbackDTO[id=924, text=null, detailText=The exercise expects a class with the name SortStrategy in the package testpackage. You did not implement the class in the exercise., hasLongFeedbackText=false, reference=null, credits=0.0, positive=false, type=AUTOMATIC, visibility=ALWAYS, testCase=TestCaseDTO[testName=null, id=1351]], FeedbackDTO[id=925, text=null, detailText=The class 'BubbleSort' does not implement the interface 'SortStrategy' as expected. Implement the interface and its methods., hasLongFeedbackText=false, reference=null, credits=0.0, positive=false, type=AUTOMATIC, visibility=ALWAYS, testCase=TestCaseDTO[testName=null, id=1355]], FeedbackDTO[id=926, text=null, detailText=MergeSort does not sort correctly, hasLongFeedbackText=false, reference=null, credits=0.0, positive=false, type=AUTOMATIC, visibility=ALWAYS, testCase=TestCaseDTO[testName=null, id=1360]], FeedbackDTO[id=927, text=null, detailText=The class 'Context' was not found within the submission. Make sure to implement it properly., hasLongFeedbackText=false, reference=null, credits=0.0, positive=false, type=AUTOMATIC, visibility=ALWAYS, testCase=TestCaseDTO[testName=null, id=1361]], FeedbackDTO[id=928, text=null, detailText=The class 'Context' was not found within the submission. Make sure to implement it properly., hasLongFeedbackText=false, reference=null, credits=0.0, positive=false, type=AUTOMATIC, visibility=ALWAYS, testCase=TestCaseDTO[testName=null, id=1362]], FeedbackDTO[id=929, text=null, detailText=The exercise expects a class with the name Policy in the package testpackage. You did not implement the class in the exercise., hasLongFeedbackText=false, reference=null, credits=0.0, positive=false, type=AUTOMATIC, visibility=ALWAYS, testCase=TestCaseDTO[testName=null, id=1356]], FeedbackDTO[id=930, text=null, detailText=The exercise expects a class with the name Context in the package testpackage. You did not implement the class in the exercise., hasLongFeedbackText=false, reference=null, credits=0.0, positive=false, type=AUTOMATIC, visibility=ALWAYS, testCase=TestCaseDTO[testName=null, id=1352]], FeedbackDTO[id=931, text=null, detailText=The exercise expects a class with the name Policy in the package testpackage. You did not implement the class in the exercise., hasLongFeedbackText=false, reference=null, credits=0.0, positive=false, type=AUTOMATIC, visibility=ALWAYS, testCase=TestCaseDTO[testName=null, id=1353]], FeedbackDTO[id=932, text=null, detailText=null, hasLongFeedbackText=false, reference=null, credits=3.230769230769231, positive=true, type=AUTOMATIC, visibility=ALWAYS, testCase=TestCaseDTO[testName=null, id=1363]]], assessmentType=AUTOMATIC, hasComplaint=null, exampleResult=null, testCaseCount=13, passedTestCaseCount=1, codeIssueCount=0]], BuildJobQueueItem[id=20111739576737317, name=SHORTD49A6DAE04F9E049850BD5601663FD17A5B7TSTEXC-BASE, buildAgent=BuildAgentDTO[name=artemis-build-agent-test, memberAddress=[127.0.0.1]:5703, displayName=artemis-build-agent-test], participationId=2011, courseId=986, exerciseId=2603, retryCount=0, priority=2, status=SUCCESSFUL, repositoryInfo=RepositoryInfo[repositoryName=shortd49a6dae04f9e049850bd5601663fd17a5b7tstexc-exercise, repositoryType=exercise, triggeredByPushTo=exercise, assignmentRepositoryUri=http://localhost:49152/git/SHORTD49A6DAE04F9E049850BD5601663FD17A5B7TSTEXC/shortd49a6dae04f9e049850bd5601663fd17a5b7tstexc-exercise.git, testRepositoryUri=http://localhost:49152/git/SHORTD49A6DAE04F9E049850BD5601663FD17A5B7TSTEXC/shortd49a6dae04f9e049850bd5601663fd17a5b7tstexc-tests.git, solutionRepositoryUri=null, auxiliaryRepositoryUris=[Ljava.lang.String;@6d4c6ff, auxiliaryRepositoryCheckoutDirectories=[Ljava.lang.String;@21077be9], jobTimingInfo=JobTimingInfo[submissionDate=2025-02-14T23:45:37.317968648Z[Etc/UTC], buildStartDate=2025-02-14T23:45:37.324534774Z[Etc/UTC], buildCompletionDate=2025-02-14T23:45:38.527225461Z[Etc/UTC], estimatedCompletionDate=2025-02-14T23:45:56.324506331Z[Etc/UTC], estimatedDuration=19], buildConfig=BuildConfig[buildScript=#!/bin/bash
cd /var/tmp/testing-dir
chmod +x ./gradlew
./gradlew clean test
, dockerImage=dummy-docker-image:latest, commitHashToBuild=c795243c185829bbefa399f45dcbcfac22311b2f, assignmentCommitHash=c795243c185829bbefa399f45dcbcfac22311b2f, testCommitHash=fa8b162170bf767d852e05e0eb7a128efa2e1f34, branch=main, programmingLanguage=JAVA, projectType=PLAIN_GRADLE, scaEnabled=false, sequentialTestRunsEnabled=false, resultPaths=[/var/tmp/testing-dir/**/test-results/test/*.xml], timeoutSeconds=0, assignmentCheckoutPath=null, testCheckoutPath=null, solutionCheckoutPath=null, dockerRunConfig=null], submissionResult=ResultDTO[id=633, completionDate=2025-02-14T23:45:38.476795726Z[Etc/UTC], successful=false, score=0.0, rated=true, submission=SubmissionDTO[id=827, submitted=true, type=MANUAL, exampleSubmission=null, submissionDate=2025-02-14T23:45:37.303401Z, commitHash=c795243c185829bbefa399f45dcbcfac22311b2f, buildFailed=false, buildArtifact=false, participation=ParticipationDTO[id=2011, testRun=false, type=template, submissionCount=null, exercise=ParticipationExerciseDTO[id=2603, exerciseType=PROGRAMMING, type=programming, assessmentType=AUTOMATIC, dueDate=2025-02-16T23:45:36.830269Z, assessmentDueDate=null, maxPoints=42.0, course=CourseDTO[id=986, accuracyOfScores=1]]], submissionExerciseType=programming, isProcessing=false, buildStartDate=null, estimatedCompletionDate=null], participation=ParticipationDTO[id=2011, testRun=false, type=template, submissionCount=null, exercise=ParticipationExerciseDTO[id=2603, exerciseType=PROGRAMMING, type=programming, assessmentType=AUTOMATIC, dueDate=2025-02-16T23:45:36.830269Z, assessmentDueDate=null, maxPoints=42.0, course=CourseDTO[id=986, accuracyOfScores=1]]], feedbacks=[FeedbackDTO[id=933, text=null, detailText=The exercise expects a class with the name Context in the package testpackage. You did not implement the class in the exercise., hasLongFeedbackText=false, reference=null, credits=0.0, positive=false, type=AUTOMATIC, visibility=ALWAYS, testCase=TestCaseDTO[testName=testMethods[Context], id=1383]], FeedbackDTO[id=934, text=null, detailText=The exercise expects a class with the name Policy in the package testpackage. You did not implement the class in the exercise., hasLongFeedbackText=false, reference=null, credits=0.0, positive=false, type=AUTOMATIC, visibility=ALWAYS, testCase=TestCaseDTO[testName=testMethods[Policy], id=1384]], FeedbackDTO[id=935, text=null, detailText=The exercise expects a class with the name SortStrategy in the package testpackage. You did not implement the class in the exercise., hasLongFeedbackText=false, reference=null, credits=0.0, positive=false, type=AUTOMATIC, visibility=ALWAYS, testCase=TestCaseDTO[testName=testMethods[SortStrategy], id=1385]], FeedbackDTO[id=936, text=null, detailText=The class 'MergeSort' does not implement the interface 'SortStrategy' as expected. Implement the interface and its methods., hasLongFeedbackText=false, reference=null, credits=0.0, positive=false, type=AUTOMATIC, visibility=ALWAYS, testCase=TestCaseDTO[testName=testClass[MergeSort], id=1380]], FeedbackDTO[id=937, text=null, detailText=The exercise expects a class with the name SortStrategy in the package testpackage. You did not implement the class in the exercise., hasLongFeedbackText=false, reference=null, credits=0.0, positive=false, type=AUTOMATIC, visibility=ALWAYS, testCase=TestCaseDTO[testName=testClass[SortStrategy], id=1377]], FeedbackDTO[id=938, text=null, detailText=The class 'BubbleSort' does not implement the interface 'SortStrategy' as expected. Implement the interface and its methods., hasLongFeedbackText=false, reference=null, credits=0.0, positive=false, type=AUTOMATIC, visibility=ALWAYS, testCase=TestCaseDTO[testName=testClass[BubbleSort], id=1381]], FeedbackDTO[id=939, text=null, detailText=MergeSort does not sort correctly, hasLongFeedbackText=false, reference=null, credits=0.0, positive=false, type=AUTOMATIC, visibility=ALWAYS, testCase=TestCaseDTO[testName=testMergeSort(), id=1386]], FeedbackDTO[id=940, text=null, detailText=The class 'Context' was not found within the submission. Make sure to implement it properly., hasLongFeedbackText=false, reference=null, credits=0.0, positive=false, type=AUTOMATIC, visibility=ALWAYS, testCase=TestCaseDTO[testName=testUseBubbleSortForSmallList(), id=1387]], FeedbackDTO[id=941, text=null, detailText=BubbleSort does not sort correctly, hasLongFeedbackText=false, reference=null, credits=0.0, positive=false, type=AUTOMATIC, visibility=ALWAYS, testCase=TestCaseDTO[testName=testBubbleSort(), id=1389]], FeedbackDTO[id=942, text=null, detailText=The class 'Context' was not found within the submission. Make sure to implement it properly., hasLongFeedbackText=false, reference=null, credits=0.0, positive=false, type=AUTOMATIC, visibility=ALWAYS, testCase=TestCaseDTO[testName=testUseMergeSortForBigList(), id=1388]], FeedbackDTO[id=943, text=null, detailText=The exercise expects a class with the name Policy in the package testpackage. You did not implement the class in the exercise., hasLongFeedbackText=false, reference=null, credits=0.0, positive=false, type=AUTOMATIC, visibility=ALWAYS, testCase=TestCaseDTO[testName=testConstructors[Policy], id=1382]], FeedbackDTO[id=944, text=null, detailText=The exercise expects a class with the name Context in the package testpackage. You did not implement the class in the exercise., hasLongFeedbackText=false, reference=null, credits=0.0, positive=false, type=AUTOMATIC, visibility=ALWAYS, testCase=TestCaseDTO[testName=testAttributes[Context], id=1378]], FeedbackDTO[id=945, text=null, detailText=The exercise expects a class with the name Policy in the package testpackage. You did not implement the class in the exercise., hasLongFeedbackText=false, reference=null, credits=0.0, positive=false, type=AUTOMATIC, visibility=ALWAYS, testCase=TestCaseDTO[testName=testAttributes[Policy], id=1379]]], assessmentType=AUTOMATIC, hasComplaint=null, exampleResult=null, testCaseCount=13, passedTestCaseCount=0, codeIssueCount=0]], BuildJobQueueItem[id=20171739576740018, name=SHORT7914AFA00ADC3047140B99D01AC07810CE44TSTEXC-LOCALVCCIINTSTUDENT1, buildAgent=BuildAgentDTO[name=artemis-build-agent-test, memberAddress=[127.0.0.1]:5703, displayName=artemis-build-agent-test], participationId=2017, courseId=988, exerciseId=2605, retryCount=0, priority=2, status=SUCCESSFUL, repositoryInfo=RepositoryInfo[repositoryName=short7914afa00adc3047140b99d01ac07810ce44tstexc-practice-localvcciintstudent1, repositoryType=user, triggeredByPushTo=user, assignmentRepositoryUri=http://localhost:49152/git/SHORT7914AFA00ADC3047140B99D01AC07810CE44TSTEXC/short7914afa00adc3047140b99d01ac07810ce44tstexc-practice-localvcciintstudent1.git, testRepositoryUri=http://localhost:49152/git/SHORT7914AFA00ADC3047140B99D01AC07810CE44TSTEXC/short7914afa00adc3047140b99d01ac07810ce44tstexc-tests.git, solutionRepositoryUri=null, auxiliaryRepositoryUris=[Ljava.lang.String;@77ed69e1, auxiliaryRepositoryCheckoutDirectories=[Ljava.lang.String;@650a5455], jobTimingInfo=JobTimingInfo[submissionDate=2025-02-14T23:45:40.018961253Z[Etc/UTC], buildStartDate=2025-02-14T23:45:40.029742701Z[Etc/UTC], buildCompletionDate=2025-02-14T23:45:41.150208242Z[Etc/UTC], estimatedCompletionDate=2025-02-14T23:45:59.029734065Z[Etc/UTC], estimatedDuration=19], buildConfig=BuildConfig[buildScript=#!/bin/bash
cd /var/tmp/testing-dir
chmod +x ./gradlew
./gradlew clean test
, dockerImage=dummy-docker-image:latest, commitHashToBuild=d80b57877989b971e83ccdb4863c8a7023c76266, assignmentCommitHash=d80b57877989b971e83ccdb4863c8a7023c76266, testCommitHash=327b116890c92b1312314341f43f21ef13ecf7d7, branch=main, programmingLanguage=JAVA, projectType=PLAIN_GRADLE, scaEnabled=false, sequentialTestRunsEnabled=false, resultPaths=[/var/tmp/testing-dir/**/test-results/test/*.xml], timeoutSeconds=0, assignmentCheckoutPath=null, testCheckoutPath=null, solutionCheckoutPath=null, dockerRunConfig=null], submissionResult=ResultDTO[id=634, completionDate=2025-02-14T23:45:41.120192603Z[Etc/UTC], successful=false, score=7.7, rated=false, submission=SubmissionDTO[id=828, submitted=true, type=MANUAL, exampleSubmission=null, submissionDate=2025-02-14T23:45:40.008666Z, commitHash=d80b57877989b971e83ccdb4863c8a7023c76266, buildFailed=false, buildArtifact=false, participation=ParticipationDTO[id=2017, testRun=true, type=programming, submissionCount=null, exercise=ParticipationExerciseDTO[id=2605, exerciseType=PROGRAMMING, type=programming, assessmentType=AUTOMATIC, dueDate=2025-02-16T23:45:39.523500Z, assessmentDueDate=null, maxPoints=42.0, course=CourseDTO[id=988, accuracyOfScores=1]]], submissionExerciseType=programming, isProcessing=false, buildStartDate=null, estimatedCompletionDate=null], participation=ParticipationDTO[id=2017, testRun=true, type=programming, submissionCount=null, exercise=ParticipationExerciseDTO[id=2605, exerciseType=PROGRAMMING, type=programming, assessmentType=AUTOMATIC, dueDate=2025-02-16T23:45:39.523500Z, assessmentDueDate=null, maxPoints=42.0, course=CourseDTO[id=988, accuracyOfScores=1]]], feedbacks=[FeedbackDTO[id=946, text=null, detailText=The exercise expects a class with the name Context in the package testpackage. You did not implement the class in the exercise., hasLongFeedbackText=false, reference=null, credits=0.0, positive=false, type=AUTOMATIC, visibility=ALWAYS, testCase=TestCaseDTO[testName=null, id=1409]], FeedbackDTO[id=947, text=null, detailText=The exercise expects a class with the name Policy in the package testpackage. You did not implement the class in the exercise., hasLongFeedbackText=false, reference=null, credits=0.0, positive=false, type=AUTOMATIC, visibility=ALWAYS, testCase=TestCaseDTO[testName=null, id=1410]], FeedbackDTO[id=948, text=null, detailText=The exercise expects a class with the name SortStrategy in the package testpackage. You did not implement the class in the exercise., hasLongFeedbackText=false, reference=null, credits=0.0, positive=false, type=AUTOMATIC, visibility=ALWAYS, testCase=TestCaseDTO[testName=null, id=1411]], FeedbackDTO[id=949, text=null, detailText=The class 'MergeSort' does not implement the interface 'SortStrategy' as expected. Implement the interface and its methods., hasLongFeedbackText=false, reference=null, credits=0.0, positive=false, type=AUTOMATIC, visibility=ALWAYS, testCase=TestCaseDTO[testName=null, id=1406]], FeedbackDTO[id=950, text=null, detailText=The exercise expects a class with the name SortStrategy in the package testpackage. You did not implement the class in the exercise., hasLongFeedbackText=false, reference=null, credits=0.0, positive=false, type=AUTOMATIC, visibility=ALWAYS, testCase=TestCaseDTO[testName=null, id=1403]], FeedbackDTO[id=951, text=null, detailText=The class 'BubbleSort' does not implement the interface 'SortStrategy' as expected. Implement the interface and its methods., hasLongFeedbackText=false, reference=null, credits=0.0, positive=false, type=AUTOMATIC, visibility=ALWAYS, testCase=TestCaseDTO[testName=null, id=1407]], FeedbackDTO[id=952, text=null, detailText=MergeSort does not sort correctly, hasLongFeedbackText=false, reference=null, credits=0.0, positive=false, type=AUTOMATIC, visibility=ALWAYS, testCase=TestCaseDTO[testName=null, id=1412]], FeedbackDTO[id=953, text=null, detailText=The class 'Context' was not found within the submission. Make sure to implement it properly., hasLongFeedbackText=false, reference=null, credits=0.0, positive=false, type=AUTOMATIC, visibility=ALWAYS, testCase=TestCaseDTO[testName=null, id=1413]], FeedbackDTO[id=954, text=null, detailText=The class 'Context' was not found within the submission. Make sure to implement it properly., hasLongFeedbackText=false, reference=null, credits=0.0, positive=false, type=AUTOMATIC, visibility=ALWAYS, testCase=TestCaseDTO[testName=null, id=1414]], FeedbackDTO[id=955, text=null, detailText=The exercise expects a class with the name Policy in the package testpackage. You did not implement the class in the exercise., hasLongFeedbackText=false, reference=null, credits=0.0, positive=false, type=AUTOMATIC, visibility=ALWAYS, testCase=TestCaseDTO[testName=null, id=1408]], FeedbackDTO[id=956, text=null, detailText=The exercise expects a class with the name Context in the package testpackage. You did not implement the class in the exercise., hasLongFeedbackText=false, reference=null, credits=0.0, positive=false, type=AUTOMATIC, visibility=ALWAYS, testCase=TestCaseDTO[testName=null, id=1404]], FeedbackDTO[id=957, text=null, detailText=The exercise expects a class with the name Policy in the package testpackage. You did not implement the class in the exercise., hasLongFeedbackText=false, reference=null, credits=0.0, positive=false, type=AUTOMATIC, visibility=ALWAYS, testCase=TestCaseDTO[testName=null, id=1405]], FeedbackDTO[id=958, text=null, detailText=null, hasLongFeedbackText=false, reference=null, credits=3.230769230769231, positive=true, type=AUTOMATIC, visibility=ALWAYS, testCase=TestCaseDTO[testName=null, id=1415]]], assessmentType=AUTOMATIC, hasComplaint=null, exampleResult=null, testCaseCount=13, passedTestCaseCount=1, codeIssueCount=0]], BuildJobQueueItem[id=20261739576743984, name=SHORT53C73BE505404043100AC2F00C039353CE8FTSTEXC-LOCALVCCIINTSTUDENT1, buildAgent=BuildAgentDTO[name=artemis-build-agent-test, memberAddress=[127.0.0.1]:5703, displayName=artemis-build-agent-test], participationId=2026, courseId=991, exerciseId=2608, retryCount=0, priority=1, status=SUCCESSFUL, repositoryInfo=RepositoryInfo[repositoryName=short53c73be505404043100ac2f00c039353ce8ftstexc-localvcciintstudent1, repositoryType=user, triggeredByPushTo=user, assignmentRepositoryUri=http://localhost:49152/git/SHORT53C73BE505404043100AC2F00C039353CE8FTSTEXC/short53c73be505404043100ac2f00c039353ce8ftstexc-localvcciintstudent1.git, testRepositoryUri=http://localhost:49152/git/SHORT53C73BE505404043100AC2F00C039353CE8FTSTEXC/short53c73be505404043100ac2f00c039353ce8ftstexc-tests.git, solutionRepositoryUri=null, auxiliaryRepositoryUris=[Ljava.lang.String;@45c98535, auxiliaryRepositoryCheckoutDirectories=[Ljava.lang.String;@5f0b6656], jobTimingInfo=JobTimingInfo[submissionDate=2025-02-14T23:45:43.984518859Z[Etc/UTC], buildStartDate=2025-02-14T23:45:43.991385682Z[Etc/UTC], buildCompletionDate=2025-02-14T23:45:44.982059928Z[Etc/UTC], estimatedCompletionDate=2025-02-14T23:46:02.991380122Z[Etc/UTC], estimatedDuration=19], buildConfig=BuildConfig[buildScript=#!/bin/bash
cd /var/tmp/testing-dir
chmod +x ./gradlew
./gradlew clean test
, dockerImage=dummy-docker-image:latest, commitHashToBuild=3e90ae9fef2e44ffb41451a080bdaa6a44ad6848, assignmentCommitHash=3e90ae9fef2e44ffb41451a080bdaa6a44ad6848, testCommitHash=0582754c87aae13e640312855ce7dbe490ecb50c, branch=main, programmingLanguage=JAVA, projectType=PLAIN_GRADLE, scaEnabled=false, sequentialTestRunsEnabled=false, resultPaths=[/var/tmp/testing-dir/**/test-results/test/*.xml], timeoutSeconds=0, assignmentCheckoutPath=null, testCheckoutPath=null, solutionCheckoutPath=null, dockerRunConfig=null], submissionResult=ResultDTO[id=635, completionDate=2025-02-14T23:45:44.961313737Z[Etc/UTC], successful=false, score=7.7, rated=true, submission=SubmissionDTO[id=829, submitted=true, type=MANUAL, exampleSubmission=null, submissionDate=2025-02-14T23:45:43.967766Z, commitHash=3e90ae9fef2e44ffb41451a080bdaa6a44ad6848, buildFailed=false, buildArtifact=false, participation=ParticipationDTO[id=2026, testRun=false, type=programming, submissionCount=null, exercise=ParticipationExerciseDTO[id=2608, exerciseType=PROGRAMMING, type=programming, assessmentType=AUTOMATIC, dueDate=2025-02-16T23:45:43.597978Z, assessmentDueDate=null, maxPoints=42.0, course=CourseDTO[id=991, accuracyOfScores=1]]], submissionExerciseType=programming, isProcessing=false, buildStartDate=null, estimatedCompletionDate=null], participation=ParticipationDTO[id=2026, testRun=false, type=programming, submissionCount=null, exercise=ParticipationExerciseDTO[id=2608, exerciseType=PROGRAMMING, type=programming, assessmentType=AUTOMATIC, dueDate=2025-02-16T23:45:43.597978Z, assessmentDueDate=null, maxPoints=42.0, course=CourseDTO[id=991, accuracyOfScores=1]]], feedbacks=[FeedbackDTO[id=959, text=null, detailText=The exercise expects a class with the name Context in the package testpackage. You did not implement the class in the exercise., hasLongFeedbackText=false, reference=null, credits=0.0, positive=false, type=AUTOMATIC, visibility=ALWAYS, testCase=TestCaseDTO[testName=null, id=1448]], FeedbackDTO[id=960, text=null, detailText=The exercise expects a class with the name Policy in the package testpackage. You did not implement the class in the exercise., hasLongFeedbackText=false, reference=null, credits=0.0, positive=false, type=AUTOMATIC, visibility=ALWAYS, testCase=TestCaseDTO[testName=null, id=1449]], FeedbackDTO[id=961, text=null, detailText=The exercise expects a class with the name SortStrategy in the package testpackage. You did not implement the class in the exercise., hasLongFeedbackText=false, reference=null, credits=0.0, positive=false, type=AUTOMATIC, visibility=ALWAYS, testCase=TestCaseDTO[testName=null, id=1450]], FeedbackDTO[id=962, text=null, detailText=The class 'MergeSort' does not implement the interface 'SortStrategy' as expected. Implement the interface and its methods., hasLongFeedbackText=false, reference=null, credits=0.0, positive=false, type=AUTOMATIC, visibility=ALWAYS, testCase=TestCaseDTO[testName=null, id=1445]], FeedbackDTO[id=963, text=null, detailText=The exercise expects a class with the name SortStrategy in the package testpackage. You did not implement the class in the exercise., hasLongFeedbackText=false, reference=null, credits=0.0, positive=false, type=AUTOMATIC, visibility=ALWAYS, testCase=TestCaseDTO[testName=null, id=1442]], FeedbackDTO[id=964, text=null, detailText=The class 'BubbleSort' does not implement the interface 'SortStrategy' as expected. Implement the interface and its methods., hasLongFeedbackText=false, reference=null, credits=0.0, positive=false, type=AUTOMATIC, visibility=ALWAYS, testCase=TestCaseDTO[testName=null, id=1446]], FeedbackDTO[id=965, text=null, detailText=MergeSort does not sort correctly, hasLongFeedbackText=false, reference=null, credits=0.0, positive=false, type=AUTOMATIC, visibility=ALWAYS, testCase=TestCaseDTO[testName=null, id=1451]], FeedbackDTO[id=966, text=null, detailText=The class 'Context' was not found within the submission. Make sure to implement it properly., hasLongFeedbackText=false, reference=null, credits=0.0, positive=false, type=AUTOMATIC, visibility=ALWAYS, testCase=TestCaseDTO[testName=null, id=1452]], FeedbackDTO[id=967, text=null, detailText=The class 'Context' was not found within the submission. Make sure to implement it properly., hasLongFeedbackText=false, reference=null, credits=0.0, positive=false, type=AUTOMATIC, visibility=ALWAYS, testCase=TestCaseDTO[testName=null, id=1453]], FeedbackDTO[id=968, text=null, detailText=The exercise expects a class with the name Policy in the package testpackage. You did not implement the class in the exercise., hasLongFeedbackText=false, reference=null, credits=0.0, positive=false, type=AUTOMATIC, visibility=ALWAYS, testCase=TestCaseDTO[testName=null, id=1447]], FeedbackDTO[id=969, text=null, detailText=The exercise expects a class with the name Context in the package testpackage. You did not implement the class in the exercise., hasLongFeedbackText=false, reference=null, credits=0.0, positive=false, type=AUTOMATIC, visibility=ALWAYS, testCase=TestCaseDTO[testName=null, id=1443]], FeedbackDTO[id=970, text=null, detailText=The exercise expects a class with the name Policy in the package testpackage. You did not implement the class in the exercise., hasLongFeedbackText=false, reference=null, credits=0.0, positive=false, type=AUTOMATIC, visibility=ALWAYS, testCase=TestCaseDTO[testName=null, id=1444]], FeedbackDTO[id=971, text=null, detailText=null, hasLongFeedbackText=false, reference=null, credits=3.230769230769231, positive=true, type=AUTOMATIC, visibility=ALWAYS, testCase=TestCaseDTO[testName=null, id=1454]]], assessmentType=AUTOMATIC, hasComplaint=null, exampleResult=null, testCaseCount=13, passedTestCaseCount=1, codeIssueCount=0]], BuildJobQueueItem[id=20271739576746886, name=SHORT0FC863930E92904248098A506171F81CF6CFTSTEXC-SOLUTION, buildAgent=BuildAgentDTO[name=artemis-build-agent-test, memberAddress=[127.0.0.1]:5703, displayName=artemis-build-agent-test], participationId=2027, courseId=992, exerciseId=2609, retryCount=0, priority=2, status=SUCCESSFUL, repositoryInfo=RepositoryInfo[repositoryName=short0fc863930e92904248098a506171f81cf6cftstexc-solution, repositoryType=solution, triggeredByPushTo=auxiliary, assignmentRepositoryUri=http://localhost:49152/git/SHORT0FC863930E92904248098A506171F81CF6CFTSTEXC/short0fc863930e92904248098a506171f81cf6cftstexc-solution.git, testRepositoryUri=http://localhost:49152/git/SHORT0FC863930E92904248098A506171F81CF6CFTSTEXC/short0fc863930e92904248098a506171f81cf6cftstexc-tests.git, solutionRepositoryUri=null, auxiliaryRepositoryUris=[Ljava.lang.String;@43b5ae37, auxiliaryRepositoryCheckoutDirectories=[Ljava.lang.String;@742af2e8], jobTimingInfo=JobTimingInfo[submissionDate=2025-02-14T23:45:46.886984066Z[Etc/UTC], buildStartDate=2025-02-14T23:45:46.897709578Z[Etc/UTC], buildCompletionDate=2025-02-14T23:45:48.628460156Z[Etc/UTC], estimatedCompletionDate=2025-02-14T23:46:05.897701272Z[Etc/UTC], estimatedDuration=19], buildConfig=BuildConfig[buildScript=#!/bin/bash
cd /var/tmp/testing-dir
chmod +x ./gradlew
./gradlew clean test
, dockerImage=dummy-docker-image:latest, commitHashToBuild=null, assignmentCommitHash=115a2e943bee242fdad360b50d8ad5f30792577e, testCommitHash=9b3a9bd71a0d80e5bbc42204c319ed3d1d4f0d6d, branch=main, programmingLanguage=JAVA, projectType=PLAIN_GRADLE, scaEnabled=false, sequentialTestRunsEnabled=false, resultPaths=[/var/tmp/testing-dir/**/test-results/test/*.xml], timeoutSeconds=0, assignmentCheckoutPath=null, testCheckoutPath=null, solutionCheckoutPath=null, dockerRunConfig=null], submissionResult=ResultDTO[id=636, completionDate=2025-02-14T23:45:48.593370968Z[Etc/UTC], successful=true, score=100.0, rated=true, submission=SubmissionDTO[id=830, submitted=true, type=TEST, exampleSubmission=null, submissionDate=2025-02-14T23:45:46.873671Z, commitHash=9b3a9bd71a0d80e5bbc42204c319ed3d1d4f0d6d, buildFailed=false, buildArtifact=false, participation=ParticipationDTO[id=2027, testRun=false, type=solution, submissionCount=null, exercise=ParticipationExerciseDTO[id=2609, exerciseType=PROGRAMMING, type=programming, assessmentType=AUTOMATIC, dueDate=2025-02-16T23:45:46.386304Z, assessmentDueDate=null, maxPoints=42.0, course=CourseDTO[id=992, accuracyOfScores=1]]], submissionExerciseType=programming, isProcessing=false, buildStartDate=null, estimatedCompletionDate=null], participation=ParticipationDTO[id=2027, testRun=false, type=solution, submissionCount=null, exercise=ParticipationExerciseDTO[id=2609, exerciseType=PROGRAMMING, type=programming, assessmentType=AUTOMATIC, dueDate=2025-02-16T23:45:46.386304Z, assessmentDueDate=null, maxPoints=42.0, course=CourseDTO[id=992, accuracyOfScores=1]]], feedbacks=[FeedbackDTO[id=972, text=null, detailText=null, hasLongFeedbackText=false, reference=null, credits=3.230769230769231, positive=true, type=AUTOMATIC, visibility=ALWAYS, testCase=TestCaseDTO[testName=testMethods[Context], id=1461]], FeedbackDTO[id=973, text=null, detailText=null, hasLongFeedbackText=false, reference=null, credits=3.230769230769231, positive=true, type=AUTOMATIC, visibility=ALWAYS, testCase=TestCaseDTO[testName=testMethods[Policy], id=1462]], FeedbackDTO[id=974, text=null, detailText=null, hasLongFeedbackText=false, reference=null, credits=3.230769230769231, positive=true, type=AUTOMATIC, visibility=ALWAYS, testCase=TestCaseDTO[testName=testMethods[SortStrategy], id=1463]], FeedbackDTO[id=975, text=null, detailText=null, hasLongFeedbackText=false, reference=null, credits=3.230769230769231, positive=true, type=AUTOMATIC, visibility=ALWAYS, testCase=TestCaseDTO[testName=testClass[MergeSort], id=1458]], FeedbackDTO[id=976, text=null, detailText=null, hasLongFeedbackText=false, reference=null, credits=3.230769230769231, positive=true, type=AUTOMATIC, visibility=ALWAYS, testCase=TestCaseDTO[testName=testClass[SortStrategy], id=1455]], FeedbackDTO[id=977, text=null, detailText=null, hasLongFeedbackText=false, reference=null, credits=3.230769230769231, positive=true, type=AUTOMATIC, visibility=ALWAYS, testCase=TestCaseDTO[testName=testClass[BubbleSort], id=1459]], FeedbackDTO[id=978, text=null, detailText=null, hasLongFeedbackText=false, reference=null, credits=3.230769230769231, positive=true, type=AUTOMATIC, visibility=ALWAYS, testCase=TestCaseDTO[testName=testMergeSort(), id=1464]], FeedbackDTO[id=979, text=null, detailText=null, hasLongFeedbackText=false, reference=null, credits=3.230769230769231, positive=true, type=AUTOMATIC, visibility=ALWAYS, testCase=TestCaseDTO[testName=testUseBubbleSortForSmallList(), id=1465]], FeedbackDTO[id=980, text=null, detailText=null, hasLongFeedbackText=false, reference=null, credits=3.230769230769231, positive=true, type=AUTOMATIC, visibility=ALWAYS, testCase=TestCaseDTO[testName=testBubbleSort(), id=1467]], FeedbackDTO[id=981, text=null, detailText=null, hasLongFeedbackText=false, reference=null, credits=3.230769230769231, positive=true, type=AUTOMATIC, visibility=ALWAYS, testCase=TestCaseDTO[testName=testUseMergeSortForBigList(), id=1466]], FeedbackDTO[id=982, text=null, detailText=null, hasLongFeedbackText=false, reference=null, credits=3.230769230769231, positive=true, type=AUTOMATIC, visibility=ALWAYS, testCase=TestCaseDTO[testName=testConstructors[Policy], id=1460]], FeedbackDTO[id=983, text=null, detailText=null, hasLongFeedbackText=false, reference=null, credits=3.230769230769231, positive=true, type=AUTOMATIC, visibility=ALWAYS, testCase=TestCaseDTO[testName=testAttributes[Context], id=1456]], FeedbackDTO[id=984, text=null, detailText=null, hasLongFeedbackText=false, reference=null, credits=3.230769230769231, positive=true, type=AUTOMATIC, visibility=ALWAYS, testCase=TestCaseDTO[testName=testAttributes[Policy], id=1457]]], assessmentType=AUTOMATIC, hasComplaint=null, exampleResult=null, testCaseCount=13, passedTestCaseCount=13, codeIssueCount=0]], BuildJobQueueItem[id=20281739576748768, name=SHORT0FC863930E92904248098A506171F81CF6CFTSTEXC-BASE, buildAgent=BuildAgentDTO[name=artemis-build-agent-test, memberAddress=[127.0.0.1]:5703, displayName=artemis-build-agent-test], participationId=2028, courseId=992, exerciseId=2609, retryCount=0, priority=2, status=SUCCESSFUL, repositoryInfo=RepositoryInfo[repositoryName=short0fc863930e92904248098a506171f81cf6cftstexc-exercise, repositoryType=exercise, triggeredByPushTo=auxiliary, assignmentRepositoryUri=http://localhost:49152/git/SHORT0FC863930E92904248098A506171F81CF6CFTSTEXC/short0fc863930e92904248098a506171f81cf6cftstexc-exercise.git, testRepositoryUri=http://localhost:49152/git/SHORT0FC863930E92904248098A506171F81CF6CFTSTEXC/short0fc863930e92904248098a506171f81cf6cftstexc-tests.git, solutionRepositoryUri=null, auxiliaryRepositoryUris=[Ljava.lang.String;@7dc33175, auxiliaryRepositoryCheckoutDirectories=[Ljava.lang.String;@79fed14d], jobTimingInfo=JobTimingInfo[submissionDate=2025-02-14T23:45:48.768063548Z[Etc/UTC], buildStartDate=2025-02-14T23:45:48.802531989Z[Etc/UTC], buildCompletionDate=2025-02-14T23:45:50.482681367Z[Etc/UTC], estimatedCompletionDate=2025-02-14T23:45:50.802523092Z[Etc/UTC], estimatedDuration=2], buildConfig=BuildConfig[buildScript=#!/bin/bash
cd /var/tmp/testing-dir
chmod +x ./gradlew
./gradlew clean test
, dockerImage=dummy-docker-image:latest, commitHashToBuild=9b3a9bd71a0d80e5bbc42204c319ed3d1d4f0d6d, assignmentCommitHash=115a2e943bee242fdad360b50d8ad5f30792577e, testCommitHash=9b3a9bd71a0d80e5bbc42204c319ed3d1d4f0d6d, branch=main, programmingLanguage=JAVA, projectType=PLAIN_GRADLE, scaEnabled=false, sequentialTestRunsEnabled=false, resultPaths=[/var/tmp/testing-dir/**/test-results/test/*.xml], timeoutSeconds=0, assignmentCheckoutPath=null, testCheckoutPath=null, solutionCheckoutPath=null, dockerRunConfig=null], submissionResult=null]], publicSshKey=ssh-rsa AAAAB3NzaC1yc2EAAAADAQABAAACAQCOPdMsxRE2jFJ/UEa5/LsBxtwzJcrh3/rYBCQvcMeVpiRfhzQPWu7mrt/G2Ew+i+vRloGH9aqKg6dd1liRncao53Zmd/ePxoatXePNhmzTfkCkcSkTUz7B+QMjkoDDV5jwuFPD6mF3JkhuzSi64n9Zy905t4w2IhVcjM2mL3eYNjiCXt6Qpq3Pkt7dM/Ksw1nxnvuiIALuJLB3FTkXkHqq3PJav+9HSq2r6ZaWgekneaGxlQlb+U+Vy3XOuArKAzK8c8i+0bR+AHiTG6ncYXt7ax3U+TdlDTF7OLP3umwaYjs1NBXOHwG42pevvpKn2fqavZZozk+M05jXLx3bq0O7itxfErWc7etky8qYPyyIMF/txQIVLd78+Ze4d7Y60t5MGbXM5cGE6fFif5fEJwgswXD+BrG0cafz1CTatjSKFdvp8Vp4VszXhHDan1PrP6JEFJ5Cc5GDmLRZPCFa3vL9f5qXgf4bkqKN8MYeEujwJE5nMRWoiJVNakix2bcrrneQMBlnYeYZVWXXXUusAQBzl4NgddC1umZpihZkL1b1MffZAUW3EGEXi7KHnllQhkTLLsQ8ntMgbylqaJKStqaXlLvdeRJcEnUuiFCrHEVVbXRFZR7XVDZ02CE5o3MuaRPty8Kh+jRTF3COlAckHwYEJCNNJvXFgb2CNXL4mjzYDw== test@localhost]
    23:45:50.558 | 566 localvc.event-13 | DEBUG | s.l.LocalCIWebsocketMessagingService : Sending message on topic /topic/admin/build-agents: [BuildAgentInformation[buildAgent=BuildAgentDTO[name=artemis-build-agent-test, memberAddress=[127.0.0.1]:5703, displayName=artemis-build-agent-test], maxNumberOfConcurrentBuildJobs=1, numberOfCurrentBuildJobs=0, runningBuildJobs=[], status=IDLE, recentBuildJobs=null, publicSshKey=null]]
    23:45:50.559 | 588 artemis-task-1   | DEBUG | d.t.c.a.a.c.c.w.GzipMessageConverter : Compressed message payload from 255 to 232 (saved 9.0% payload size)
    23:45:50.559 | 566 localvc.event-13 | DEBUG | s.l.LocalCIWebsocketMessagingService : Sending message on topic /topic/admin/build-agent/artemis-build-agent-test: BuildAgentInformation[buildAgent=BuildAgentDTO[name=artemis-build-agent-test, memberAddress=[127.0.0.1]:5703, displayName=artemis-build-agent-test], maxNumberOfConcurrentBuildJobs=1, numberOfCurrentBuildJobs=0, runningBuildJobs=[], status=IDLE, recentBuildJobs=[BuildJobQueueItem[id=19141739576708030, name=SHORT5F02A8F400311042E70858306EB148073CFDTSTEXC-LOCALVCINTSTUDENT1, buildAgent=BuildAgentDTO[name=artemis-build-agent-test, memberAddress=[127.0.0.1]:5703, displayName=artemis-build-agent-test], participationId=1914, courseId=947, exerciseId=2564, retryCount=0, priority=2, status=FAILED, repositoryInfo=RepositoryInfo[repositoryName=short5f02a8f400311042e70858306eb148073cfdtstexc-localvcintstudent1, repositoryType=user, triggeredByPushTo=user, assignmentRepositoryUri=http://localhost:49152/git/SHORT5F02A8F400311042E70858306EB148073CFDTSTEXC/short5f02a8f400311042e70858306eb148073cfdtstexc-localvcintstudent1.git, testRepositoryUri=http://localhost:49152/git/SHORT5F02A8F400311042E70858306EB148073CFDTSTEXC/short5f02a8f400311042e70858306eb148073cfdtstexc-tests.git, solutionRepositoryUri=null, auxiliaryRepositoryUris=[Ljava.lang.String;@5066d696, auxiliaryRepositoryCheckoutDirectories=[Ljava.lang.String;@5f9d016e], jobTimingInfo=JobTimingInfo[submissionDate=2025-02-14T23:45:08.030118216Z[Etc/UTC], buildStartDate=2025-02-14T23:45:08.041011412Z[Etc/UTC], buildCompletionDate=2025-02-14T23:45:08.054603331Z[Etc/UTC], estimatedCompletionDate=2025-02-14T23:45:27.041005080Z[Etc/UTC], estimatedDuration=19], buildConfig=BuildConfig[buildScript=#!/bin/bash
cd /var/tmp/testing-dir
chmod +x ./gradlew
./gradlew clean test
, dockerImage=dummy-docker-image:latest, commitHashToBuild=6e7146cac5059504aa9d170ec3fa23aec740bb51, assignmentCommitHash=6e7146cac5059504aa9d170ec3fa23aec740bb51, testCommitHash=931e5303581c7a2f01339ba603cfafbfe668b901, branch=main, programmingLanguage=JAVA, projectType=PLAIN_GRADLE, scaEnabled=false, sequentialTestRunsEnabled=false, resultPaths=[/var/tmp/testing-dir/**/test-results/test/*.xml], timeoutSeconds=0, assignmentCheckoutPath=null, testCheckoutPath=null, solutionCheckoutPath=null, dockerRunConfig=null], submissionResult=ResultDTO[id=622, completionDate=2025-02-14T23:45:08.054683681Z[Etc/UTC], successful=false, score=0.0, rated=true, submission=SubmissionDTO[id=814, submitted=true, type=MANUAL, exampleSubmission=null, submissionDate=2025-02-14T23:45:08.016200Z, commitHash=6e7146cac5059504aa9d170ec3fa23aec740bb51, buildFailed=true, buildArtifact=false, participation=ParticipationDTO[id=1914, testRun=false, type=programming, submissionCount=null, exercise=ParticipationExerciseDTO[id=2564, exerciseType=PROGRAMMING, type=programming, assessmentType=AUTOMATIC, dueDate=2025-02-16T23:45:07.324348Z, assessmentDueDate=null, maxPoints=42.0, course=CourseDTO[id=947, accuracyOfScores=1]]], submissionExerciseType=programming, isProcessing=false, buildStartDate=null, estimatedCompletionDate=null], participation=ParticipationDTO[id=1914, testRun=false, type=programming, submissionCount=null, exercise=ParticipationExerciseDTO[id=2564, exerciseType=PROGRAMMING, type=programming, assessmentType=AUTOMATIC, dueDate=2025-02-16T23:45:07.324348Z, assessmentDueDate=null, maxPoints=42.0, course=CourseDTO[id=947, accuracyOfScores=1]]], feedbacks=[], assessmentType=AUTOMATIC, hasComplaint=null, exampleResult=null, testCaseCount=0, passedTestCaseCount=0, codeIssueCount=0]], BuildJobQueueItem[id=19361739576711303, name=SHORT9AFDAE3804CA304DDF0889A0CB0F56104A86TSTEXC-LOCALVCINTSTUDENT1, buildAgent=BuildAgentDTO[name=artemis-build-agent-test, memberAddress=[127.0.0.1]:5703, displayName=artemis-build-agent-test], participationId=1936, courseId=956, exerciseId=2573, retryCount=0, priority=2, status=FAILED, repositoryInfo=RepositoryInfo[repositoryName=short9afdae3804ca304ddf0889a0cb0f56104a86tstexc-localvcintstudent1, repositoryType=user, triggeredByPushTo=user, assignmentRepositoryUri=http://localhost:49152/git/SHORT9AFDAE3804CA304DDF0889A0CB0F56104A86TSTEXC/short9afdae3804ca304ddf0889a0cb0f56104a86tstexc-localvcintstudent1.git, testRepositoryUri=http://localhost:49152/git/SHORT9AFDAE3804CA304DDF0889A0CB0F56104A86TSTEXC/short9afdae3804ca304ddf0889a0cb0f56104a86tstexc-tests.git, solutionRepositoryUri=null, auxiliaryRepositoryUris=[Ljava.lang.String;@681c285a, auxiliaryRepositoryCheckoutDirectories=[Ljava.lang.String;@c3d6923], jobTimingInfo=JobTimingInfo[submissionDate=2025-02-14T23:45:11.303805653Z[Etc/UTC], buildStartDate=2025-02-14T23:45:11.310981356Z[Etc/UTC], buildCompletionDate=2025-02-14T23:45:11.319178384Z[Etc/UTC], estimatedCompletionDate=2025-02-14T23:45:30.310974944Z[Etc/UTC], estimatedDuration=19], buildConfig=BuildConfig[buildScript=#!/bin/bash
cd /var/tmp/testing-dir
chmod +x ./gradlew
./gradlew clean test
, dockerImage=dummy-docker-image:latest, commitHashToBuild=a1099e378cffde441ef85f9b12577ca174b8e1e4, assignmentCommitHash=a1099e378cffde441ef85f9b12577ca174b8e1e4, testCommitHash=bd38d61c299ab11a1dea82a3ca5493fe04d97d47, branch=main, programmingLanguage=JAVA, projectType=PLAIN_GRADLE, scaEnabled=false, sequentialTestRunsEnabled=false, resultPaths=[/var/tmp/testing-dir/**/test-results/test/*.xml], timeoutSeconds=0, assignmentCheckoutPath=null, testCheckoutPath=null, solutionCheckoutPath=null, dockerRunConfig=null], submissionResult=ResultDTO[id=623, completionDate=2025-02-14T23:45:11.319278430Z[Etc/UTC], successful=false, score=0.0, rated=true, submission=SubmissionDTO[id=815, submitted=true, type=MANUAL, exampleSubmission=null, submissionDate=2025-02-14T23:45:11.294386Z, commitHash=a1099e378cffde441ef85f9b12577ca174b8e1e4, buildFailed=true, buildArtifact=false, participation=ParticipationDTO[id=1936, testRun=false, type=programming, submissionCount=null, exercise=ParticipationExerciseDTO[id=2573, exerciseType=PROGRAMMING, type=programming, assessmentType=AUTOMATIC, dueDate=2025-02-16T23:45:10.996982Z, assessmentDueDate=null, maxPoints=42.0, course=CourseDTO[id=956, accuracyOfScores=1]]], submissionExerciseType=programming, isProcessing=false, buildStartDate=null, estimatedCompletionDate=null], participation=ParticipationDTO[id=1936, testRun=false, type=programming, submissionCount=null, exercise=ParticipationExerciseDTO[id=2573, exerciseType=PROGRAMMING, type=programming, assessmentType=AUTOMATIC, dueDate=2025-02-16T23:45:10.996982Z, assessmentDueDate=null, maxPoints=42.0, course=CourseDTO[id=956, accuracyOfScores=1]]], feedbacks=[], assessmentType=AUTOMATIC, hasComplaint=null, exampleResult=null, testCaseCount=0, passedTestCaseCount=0, codeIssueCount=0]], BuildJobQueueItem[id=19351739576711674, name=SHORT9AFDAE3804CA304DDF0889A0CB0F56104A86TSTEXC-BASE, buildAgent=BuildAgentDTO[name=artemis-build-agent-test, memberAddress=[127.0.0.1]:5703, displayName=artemis-build-agent-test], participationId=1935, courseId=956, exerciseId=2573, retryCount=0, priority=2, status=FAILED, repositoryInfo=RepositoryInfo[repositoryName=short9afdae3804ca304ddf0889a0cb0f56104a86tstexc-exercise, repositoryType=exercise, triggeredByPushTo=exercise, assignmentRepositoryUri=http://localhost:49152/git/SHORT9AFDAE3804CA304DDF0889A0CB0F56104A86TSTEXC/short9afdae3804ca304ddf0889a0cb0f56104a86tstexc-exercise.git, testRepositoryUri=http://localhost:49152/git/SHORT9AFDAE3804CA304DDF0889A0CB0F56104A86TSTEXC/short9afdae3804ca304ddf0889a0cb0f56104a86tstexc-tests.git, solutionRepositoryUri=null, auxiliaryRepositoryUris=[Ljava.lang.String;@6a09cc54, auxiliaryRepositoryCheckoutDirectories=[Ljava.lang.String;@5d28260a], jobTimingInfo=JobTimingInfo[submissionDate=2025-02-14T23:45:11.674556681Z[Etc/UTC], buildStartDate=2025-02-14T23:45:11.677776879Z[Etc/UTC], buildCompletionDate=2025-02-14T23:45:11.688097378Z[Etc/UTC], estimatedCompletionDate=2025-02-14T23:45:30.677771620Z[Etc/UTC], estimatedDuration=19], buildConfig=BuildConfig[buildScript=#!/bin/bash
cd /var/tmp/testing-dir
chmod +x ./gradlew
./gradlew clean test
, dockerImage=dummy-docker-image:latest, commitHashToBuild=a1099e378cffde441ef85f9b12577ca174b8e1e4, assignmentCommitHash=a1099e378cffde441ef85f9b12577ca174b8e1e4, testCommitHash=bd38d61c299ab11a1dea82a3ca5493fe04d97d47, branch=main, programmingLanguage=JAVA, projectType=PLAIN_GRADLE, scaEnabled=false, sequentialTestRunsEnabled=false, resultPaths=[/var/tmp/testing-dir/**/test-results/test/*.xml], timeoutSeconds=0, assignmentCheckoutPath=null, testCheckoutPath=null, solutionCheckoutPath=null, dockerRunConfig=null], submissionResult=ResultDTO[id=624, completionDate=2025-02-14T23:45:11.688214837Z[Etc/UTC], successful=false, score=0.0, rated=true, submission=SubmissionDTO[id=816, submitted=true, type=MANUAL, exampleSubmission=null, submissionDate=2025-02-14T23:45:11.656934Z, commitHash=a1099e378cffde441ef85f9b12577ca174b8e1e4, buildFailed=true, buildArtifact=false, participation=ParticipationDTO[id=1935, testRun=false, type=template, submissionCount=null, exercise=ParticipationExerciseDTO[id=2573, exerciseType=PROGRAMMING, type=programming, assessmentType=AUTOMATIC, dueDate=2025-02-16T23:45:10.996982Z, assessmentDueDate=null, maxPoints=42.0, course=CourseDTO[id=956, accuracyOfScores=1]]], submissionExerciseType=programming, isProcessing=false, buildStartDate=null, estimatedCompletionDate=null], participation=ParticipationDTO[id=1935, testRun=false, type=template, submissionCount=null, exercise=ParticipationExerciseDTO[id=2573, exerciseType=PROGRAMMING, type=programming, assessmentType=AUTOMATIC, dueDate=2025-02-16T23:45:10.996982Z, assessmentDueDate=null, maxPoints=42.0, course=CourseDTO[id=956, accuracyOfScores=1]]], feedbacks=[], assessmentType=AUTOMATIC, hasComplaint=null, exampleResult=null, testCaseCount=0, passedTestCaseCount=0, codeIssueCount=0]], BuildJobQueueItem[id=19341739576712112, name=SHORT9AFDAE3804CA304DDF0889A0CB0F56104A86TSTEXC-SOLUTION, buildAgent=BuildAgentDTO[name=artemis-build-agent-test, memberAddress=[127.0.0.1]:5703, displayName=artemis-build-agent-test], participationId=1934, courseId=956, exerciseId=2573, retryCount=0, priority=2, status=FAILED, repositoryInfo=RepositoryInfo[repositoryName=short9afdae3804ca304ddf0889a0cb0f56104a86tstexc-solution, repositoryType=solution, triggeredByPushTo=solution, assignmentRepositoryUri=http://localhost:49152/git/SHORT9AFDAE3804CA304DDF0889A0CB0F56104A86TSTEXC/short9afdae3804ca304ddf0889a0cb0f56104a86tstexc-solution.git, testRepositoryUri=http://localhost:49152/git/SHORT9AFDAE3804CA304DDF0889A0CB0F56104A86TSTEXC/short9afdae3804ca304ddf0889a0cb0f56104a86tstexc-tests.git, solutionRepositoryUri=null, auxiliaryRepositoryUris=[Ljava.lang.String;@54ff9b0d, auxiliaryRepositoryCheckoutDirectories=[Ljava.lang.String;@33ec94c0], jobTimingInfo=JobTimingInfo[submissionDate=2025-02-14T23:45:12.112332872Z[Etc/UTC], buildStartDate=2025-02-14T23:45:12.121617114Z[Etc/UTC], buildCompletionDate=2025-02-14T23:45:12.127931701Z[Etc/UTC], estimatedCompletionDate=2025-02-14T23:45:31.121609600Z[Etc/UTC], estimatedDuration=19], buildConfig=BuildConfig[buildScript=#!/bin/bash
cd /var/tmp/testing-dir
chmod +x ./gradlew
./gradlew clean test
, dockerImage=dummy-docker-image:latest, commitHashToBuild=a1099e378cffde441ef85f9b12577ca174b8e1e4, assignmentCommitHash=a1099e378cffde441ef85f9b12577ca174b8e1e4, testCommitHash=bd38d61c299ab11a1dea82a3ca5493fe04d97d47, branch=main, programmingLanguage=JAVA, projectType=PLAIN_GRADLE, scaEnabled=false, sequentialTestRunsEnabled=false, resultPaths=[/var/tmp/testing-dir/**/test-results/test/*.xml], timeoutSeconds=0, assignmentCheckoutPath=null, testCheckoutPath=null, solutionCheckoutPath=null, dockerRunConfig=null], submissionResult=ResultDTO[id=625, completionDate=2025-02-14T23:45:12.128011800Z[Etc/UTC], successful=false, score=0.0, rated=true, submission=SubmissionDTO[id=817, submitted=true, type=MANUAL, exampleSubmission=null, submissionDate=2025-02-14T23:45:12.098737Z, commitHash=a1099e378cffde441ef85f9b12577ca174b8e1e4, buildFailed=true, buildArtifact=false, participation=ParticipationDTO[id=1934, testRun=false, type=solution, submissionCount=null, exercise=ParticipationExerciseDTO[id=2573, exerciseType=PROGRAMMING, type=programming, assessmentType=AUTOMATIC, dueDate=2025-02-16T23:45:10.996982Z, assessmentDueDate=null, maxPoints=42.0, course=CourseDTO[id=956, accuracyOfScores=1]]], submissionExerciseType=programming, isProcessing=false, buildStartDate=null, estimatedCompletionDate=null], participation=ParticipationDTO[id=1934, testRun=false, type=solution, submissionCount=null, exercise=ParticipationExerciseDTO[id=2573, exerciseType=PROGRAMMING, type=programming, assessmentType=AUTOMATIC, dueDate=2025-02-16T23:45:10.996982Z, assessmentDueDate=null, maxPoints=42.0, course=CourseDTO[id=956, accuracyOfScores=1]]], feedbacks=[], assessmentType=AUTOMATIC, hasComplaint=null, exampleResult=null, testCaseCount=0, passedTestCaseCount=0, codeIssueCount=0]], BuildJobQueueItem[id=19341739576713025, name=SHORT9AFDAE3804CA304DDF0889A0CB0F56104A86TSTEXC-SOLUTION, buildAgent=BuildAgentDTO[name=artemis-build-agent-test, memberAddress=[127.0.0.1]:5703, displayName=artemis-build-agent-test], participationId=1934, courseId=956, exerciseId=2573, retryCount=0, priority=2, status=FAILED, repositoryInfo=RepositoryInfo[repositoryName=short9afdae3804ca304ddf0889a0cb0f56104a86tstexc-solution, repositoryType=solution, triggeredByPushTo=tests, assignmentRepositoryUri=http://localhost:49152/git/SHORT9AFDAE3804CA304DDF0889A0CB0F56104A86TSTEXC/short9afdae3804ca304ddf0889a0cb0f56104a86tstexc-solution.git, testRepositoryUri=http://localhost:49152/git/SHORT9AFDAE3804CA304DDF0889A0CB0F56104A86TSTEXC/short9afdae3804ca304ddf0889a0cb0f56104a86tstexc-tests.git, solutionRepositoryUri=null, auxiliaryRepositoryUris=[Ljava.lang.String;@17a39585, auxiliaryRepositoryCheckoutDirectories=[Ljava.lang.String;@b27f90d], jobTimingInfo=JobTimingInfo[submissionDate=2025-02-14T23:45:13.025319671Z[Etc/UTC], buildStartDate=2025-02-14T23:45:13.040293146Z[Etc/UTC], buildCompletionDate=2025-02-14T23:45:13.053032917Z[Etc/UTC], estimatedCompletionDate=2025-02-14T23:45:32.040285703Z[Etc/UTC], estimatedDuration=19], buildConfig=BuildConfig[buildScript=#!/bin/bash
cd /var/tmp/testing-dir
chmod +x ./gradlew
./gradlew clean test
, dockerImage=dummy-docker-image:latest, commitHashToBuild=784f8f0049d2a1a54f21c67dd772bea86715267a, assignmentCommitHash=a1099e378cffde441ef85f9b12577ca174b8e1e4, testCommitHash=784f8f0049d2a1a54f21c67dd772bea86715267a, branch=main, programmingLanguage=JAVA, projectType=PLAIN_GRADLE, scaEnabled=false, sequentialTestRunsEnabled=false, resultPaths=[/var/tmp/testing-dir/**/test-results/test/*.xml], timeoutSeconds=0, assignmentCheckoutPath=null, testCheckoutPath=null, solutionCheckoutPath=null, dockerRunConfig=null], submissionResult=ResultDTO[id=626, completionDate=2025-02-14T23:45:13.053131811Z[Etc/UTC], successful=false, score=0.0, rated=true, submission=SubmissionDTO[id=818, submitted=true, type=TEST, exampleSubmission=null, submissionDate=2025-02-14T23:45:13.005779Z, commitHash=784f8f0049d2a1a54f21c67dd772bea86715267a, buildFailed=true, buildArtifact=false, participation=ParticipationDTO[id=1934, testRun=false, type=solution, submissionCount=null, exercise=ParticipationExerciseDTO[id=2573, exerciseType=PROGRAMMING, type=programming, assessmentType=AUTOMATIC, dueDate=2025-02-16T23:45:10.996982Z, assessmentDueDate=null, maxPoints=42.0, course=CourseDTO[id=956, accuracyOfScores=1]]], submissionExerciseType=programming, isProcessing=false, buildStartDate=null, estimatedCompletionDate=null], participation=ParticipationDTO[id=1934, testRun=false, type=solution, submissionCount=null, exercise=ParticipationExerciseDTO[id=2573, exerciseType=PROGRAMMING, type=programming, assessmentType=AUTOMATIC, dueDate=2025-02-16T23:45:10.996982Z, assessmentDueDate=null, maxPoints=42.0, course=CourseDTO[id=956, accuracyOfScores=1]]], feedbacks=[], assessmentType=AUTOMATIC, hasComplaint=null, exampleResult=null, testCaseCount=0, passedTestCaseCount=0, codeIssueCount=0]], BuildJobQueueItem[id=19581739576715555, name=SHORTC1A3F9FC03D2304B4308FA20AF16D54AAA49TSTEXC-LOCALVCSSHINTSTUDENT1, buildAgent=BuildAgentDTO[name=artemis-build-agent-test, memberAddress=[127.0.0.1]:5703, displayName=artemis-build-agent-test], participationId=1958, courseId=965, exerciseId=2582, retryCount=0, priority=2, status=FAILED, repositoryInfo=RepositoryInfo[repositoryName=shortc1a3f9fc03d2304b4308fa20af16d54aaa49tstexc-localvcsshintstudent1, repositoryType=user, triggeredByPushTo=user, assignmentRepositoryUri=http://localhost:49152/git/SHORTC1A3F9FC03D2304B4308FA20AF16D54AAA49TSTEXC/shortc1a3f9fc03d2304b4308fa20af16d54aaa49tstexc-localvcsshintstudent1.git, testRepositoryUri=http://localhost:49152/git/SHORTC1A3F9FC03D2304B4308FA20AF16D54AAA49TSTEXC/shortc1a3f9fc03d2304b4308fa20af16d54aaa49tstexc-tests.git, solutionRepositoryUri=null, auxiliaryRepositoryUris=[Ljava.lang.String;@23a83c97, auxiliaryRepositoryCheckoutDirectories=[Ljava.lang.String;@74b5e6b6], jobTimingInfo=JobTimingInfo[submissionDate=2025-02-14T23:45:15.555989584Z[Etc/UTC], buildStartDate=2025-02-14T23:45:15.568477627Z[Etc/UTC], buildCompletionDate=2025-02-14T23:45:15.579021148Z[Etc/UTC], estimatedCompletionDate=2025-02-14T23:45:34.568443924Z[Etc/UTC], estimatedDuration=19], buildConfig=BuildConfig[buildScript=#!/bin/bash
cd /var/tmp/testing-dir
chmod +x ./gradlew
./gradlew clean test
, dockerImage=dummy-docker-image:latest, commitHashToBuild=ca76dac20e040e6609db02fd7fedd56bf58829d7, assignmentCommitHash=ca76dac20e040e6609db02fd7fedd56bf58829d7, testCommitHash=bd0d58c226dc63bfa4bc9052870589952c0a1f83, branch=main, programmingLanguage=JAVA, projectType=PLAIN_GRADLE, scaEnabled=false, sequentialTestRunsEnabled=false, resultPaths=[/var/tmp/testing-dir/**/test-results/test/*.xml], timeoutSeconds=0, assignmentCheckoutPath=null, testCheckoutPath=null, solutionCheckoutPath=null, dockerRunConfig=null], submissionResult=ResultDTO[id=627, completionDate=2025-02-14T23:45:15.579119131Z[Etc/UTC], successful=false, score=0.0, rated=true, submission=SubmissionDTO[id=820, submitted=true, type=MANUAL, exampleSubmission=null, submissionDate=2025-02-14T23:45:15.548349Z, commitHash=ca76dac20e040e6609db02fd7fedd56bf58829d7, buildFailed=true, buildArtifact=false, participation=ParticipationDTO[id=1958, testRun=false, type=programming, submissionCount=null, exercise=ParticipationExerciseDTO[id=2582, exerciseType=PROGRAMMING, type=programming, assessmentType=AUTOMATIC, dueDate=2025-02-16T23:45:15.103512Z, assessmentDueDate=null, maxPoints=42.0, course=CourseDTO[id=965, accuracyOfScores=1]]], submissionExerciseType=programming, isProcessing=false, buildStartDate=null, estimatedCompletionDate=null], participation=ParticipationDTO[id=1958, testRun=false, type=programming, submissionCount=null, exercise=ParticipationExerciseDTO[id=2582, exerciseType=PROGRAMMING, type=programming, assessmentType=AUTOMATIC, dueDate=2025-02-16T23:45:15.103512Z, assessmentDueDate=null, maxPoints=42.0, course=CourseDTO[id=965, accuracyOfScores=1]]], feedbacks=[], assessmentType=AUTOMATIC, hasComplaint=null, exampleResult=null, testCaseCount=0, passedTestCaseCount=0, codeIssueCount=0]], BuildJobQueueItem[id=19801739576719393, name=SHORTB2A6C58B0D447045380A858075B170A5B7C6TSTEXC-LOCALVCSSHINTSTUDENT1, buildAgent=BuildAgentDTO[name=artemis-build-agent-test, memberAddress=[127.0.0.1]:5703, displayName=artemis-build-agent-test], participationId=1980, courseId=974, exerciseId=2591, retryCount=0, priority=2, status=FAILED, repositoryInfo=RepositoryInfo[repositoryName=shortb2a6c58b0d447045380a858075b170a5b7c6tstexc-localvcsshintstudent1, repositoryType=user, triggeredByPushTo=user, assignmentRepositoryUri=http://localhost:49152/git/SHORTB2A6C58B0D447045380A858075B170A5B7C6TSTEXC/shortb2a6c58b0d447045380a858075b170a5b7c6tstexc-localvcsshintstudent1.git, testRepositoryUri=http://localhost:49152/git/SHORTB2A6C58B0D447045380A858075B170A5B7C6TSTEXC/shortb2a6c58b0d447045380a858075b170a5b7c6tstexc-tests.git, solutionRepositoryUri=null, auxiliaryRepositoryUris=[Ljava.lang.String;@7fb15a18, auxiliaryRepositoryCheckoutDirectories=[Ljava.lang.String;@4bea2b72], jobTimingInfo=JobTimingInfo[submissionDate=2025-02-14T23:45:19.393259829Z[Etc/UTC], buildStartDate=2025-02-14T23:45:19.405438171Z[Etc/UTC], buildCompletionDate=2025-02-14T23:45:19.414070673Z[Etc/UTC], estimatedCompletionDate=2025-02-14T23:45:38.405431569Z[Etc/UTC], estimatedDuration=19], buildConfig=BuildConfig[buildScript=#!/bin/bash
cd /var/tmp/testing-dir
chmod +x ./gradlew
./gradlew clean test
, dockerImage=dummy-docker-image:latest, commitHashToBuild=363cdbf709a9fff149f813ab848ee800a675cc77, assignmentCommitHash=363cdbf709a9fff149f813ab848ee800a675cc77, testCommitHash=a5e046ece417b2e538f21f816e2524dab61e0d10, branch=main, programmingLanguage=JAVA, projectType=PLAIN_GRADLE, scaEnabled=false, sequentialTestRunsEnabled=false, resultPaths=[/var/tmp/testing-dir/**/test-results/test/*.xml], timeoutSeconds=0, assignmentCheckoutPath=null, testCheckoutPath=null, solutionCheckoutPath=null, dockerRunConfig=null], submissionResult=ResultDTO[id=628, completionDate=2025-02-14T23:45:19.414171040Z[Etc/UTC], successful=false, score=0.0, rated=true, submission=SubmissionDTO[id=821, submitted=true, type=MANUAL, exampleSubmission=null, submissionDate=2025-02-14T23:45:19.376840Z, commitHash=363cdbf709a9fff149f813ab848ee800a675cc77, buildFailed=true, buildArtifact=false, participation=ParticipationDTO[id=1980, testRun=false, type=programming, submissionCount=null, exercise=ParticipationExerciseDTO[id=2591, exerciseType=PROGRAMMING, type=programming, assessmentType=AUTOMATIC, dueDate=2025-02-16T23:45:18.950569Z, assessmentDueDate=null, maxPoints=42.0, course=CourseDTO[id=974, accuracyOfScores=1]]], submissionExerciseType=programming, isProcessing=false, buildStartDate=null, estimatedCompletionDate=null], participation=ParticipationDTO[id=1980, testRun=false, type=programming, submissionCount=null, exercise=ParticipationExerciseDTO[id=2591, exerciseType=PROGRAMMING, type=programming, assessmentType=AUTOMATIC, dueDate=2025-02-16T23:45:18.950569Z, assessmentDueDate=null, maxPoints=42.0, course=CourseDTO[id=974, accuracyOfScores=1]]], feedbacks=[], assessmentType=AUTOMATIC, hasComplaint=null, exampleResult=null, testCaseCount=0, passedTestCaseCount=0, codeIssueCount=0]], BuildJobQueueItem[id=19791739576719787, name=SHORTB2A6C58B0D447045380A858075B170A5B7C6TSTEXC-BASE, buildAgent=BuildAgentDTO[name=artemis-build-agent-test, memberAddress=[127.0.0.1]:5703, displayName=artemis-build-agent-test], participationId=1979, courseId=974, exerciseId=2591, retryCount=0, priority=2, status=FAILED, repositoryInfo=RepositoryInfo[repositoryName=shortb2a6c58b0d447045380a858075b170a5b7c6tstexc-exercise, repositoryType=exercise, triggeredByPushTo=exercise, assignmentRepositoryUri=http://localhost:49152/git/SHORTB2A6C58B0D447045380A858075B170A5B7C6TSTEXC/shortb2a6c58b0d447045380a858075b170a5b7c6tstexc-exercise.git, testRepositoryUri=http://localhost:49152/git/SHORTB2A6C58B0D447045380A858075B170A5B7C6TSTEXC/shortb2a6c58b0d447045380a858075b170a5b7c6tstexc-tests.git, solutionRepositoryUri=null, auxiliaryRepositoryUris=[Ljava.lang.String;@29c4fa1c, auxiliaryRepositoryCheckoutDirectories=[Ljava.lang.String;@729f39c4], jobTimingInfo=JobTimingInfo[submissionDate=2025-02-14T23:45:19.787985058Z[Etc/UTC], buildStartDate=2025-02-14T23:45:19.796327417Z[Etc/UTC], buildCompletionDate=2025-02-14T23:45:19.799750982Z[Etc/UTC], estimatedCompletionDate=2025-02-14T23:45:38.796319082Z[Etc/UTC], estimatedDuration=19], buildConfig=BuildConfig[buildScript=#!/bin/bash
cd /var/tmp/testing-dir
chmod +x ./gradlew
./gradlew clean test
, dockerImage=dummy-docker-image:latest, commitHashToBuild=363cdbf709a9fff149f813ab848ee800a675cc77, assignmentCommitHash=363cdbf709a9fff149f813ab848ee800a675cc77, testCommitHash=a5e046ece417b2e538f21f816e2524dab61e0d10, branch=main, programmingLanguage=JAVA, projectType=PLAIN_GRADLE, scaEnabled=false, sequentialTestRunsEnabled=false, resultPaths=[/var/tmp/testing-dir/**/test-results/test/*.xml], timeoutSeconds=0, assignmentCheckoutPath=null, testCheckoutPath=null, solutionCheckoutPath=null, dockerRunConfig=null], submissionResult=ResultDTO[id=629, completionDate=2025-02-14T23:45:19.799820341Z[Etc/UTC], successful=false, score=0.0, rated=true, submission=SubmissionDTO[id=822, submitted=true, type=MANUAL, exampleSubmission=null, submissionDate=2025-02-14T23:45:19.775952Z, commitHash=363cdbf709a9fff149f813ab848ee800a675cc77, buildFailed=true, buildArtifact=false, participation=ParticipationDTO[id=1979, testRun=false, type=template, submissionCount=null, exercise=ParticipationExerciseDTO[id=2591, exerciseType=PROGRAMMING, type=programming, assessmentType=AUTOMATIC, dueDate=2025-02-16T23:45:18.950569Z, assessmentDueDate=null, maxPoints=42.0, course=CourseDTO[id=974, accuracyOfScores=1]]], submissionExerciseType=programming, isProcessing=false, buildStartDate=null, estimatedCompletionDate=null], participation=ParticipationDTO[id=1979, testRun=false, type=template, submissionCount=null, exercise=ParticipationExerciseDTO[id=2591, exerciseType=PROGRAMMING, type=programming, assessmentType=AUTOMATIC, dueDate=2025-02-16T23:45:18.950569Z, assessmentDueDate=null, maxPoints=42.0, course=CourseDTO[id=974, accuracyOfScores=1]]], feedbacks=[], assessmentType=AUTOMATIC, hasComplaint=null, exampleResult=null, testCaseCount=0, passedTestCaseCount=0, codeIssueCount=0]], BuildJobQueueItem[id=19781739576720235, name=SHORTB2A6C58B0D447045380A858075B170A5B7C6TSTEXC-SOLUTION, buildAgent=BuildAgentDTO[name=artemis-build-agent-test, memberAddress=[127.0.0.1]:5703, displayName=artemis-build-agent-test], participationId=1978, courseId=974, exerciseId=2591, retryCount=0, priority=2, status=FAILED, repositoryInfo=RepositoryInfo[repositoryName=shortb2a6c58b0d447045380a858075b170a5b7c6tstexc-solution, repositoryType=solution, triggeredByPushTo=solution, assignmentRepositoryUri=http://localhost:49152/git/SHORTB2A6C58B0D447045380A858075B170A5B7C6TSTEXC/shortb2a6c58b0d447045380a858075b170a5b7c6tstexc-solution.git, testRepositoryUri=http://localhost:49152/git/SHORTB2A6C58B0D447045380A858075B170A5B7C6TSTEXC/shortb2a6c58b0d447045380a858075b170a5b7c6tstexc-tests.git, solutionRepositoryUri=null, auxiliaryRepositoryUris=[Ljava.lang.String;@70bcc15, auxiliaryRepositoryCheckoutDirectories=[Ljava.lang.String;@1d20d63d], jobTimingInfo=JobTimingInfo[submissionDate=2025-02-14T23:45:20.235272325Z[Etc/UTC], buildStartDate=2025-02-14T23:45:20.243033812Z[Etc/UTC], buildCompletionDate=2025-02-14T23:45:20.250721018Z[Etc/UTC], estimatedCompletionDate=2025-02-14T23:45:39.243026949Z[Etc/UTC], estimatedDuration=19], buildConfig=BuildConfig[buildScript=#!/bin/bash
cd /var/tmp/testing-dir
chmod +x ./gradlew
./gradlew clean test
, dockerImage=dummy-docker-image:latest, commitHashToBuild=c710d0e68c9c7db8cda7d1a278308de2b9642cc0, assignmentCommitHash=c710d0e68c9c7db8cda7d1a278308de2b9642cc0, testCommitHash=a5e046ece417b2e538f21f816e2524dab61e0d10, branch=main, programmingLanguage=JAVA, projectType=PLAIN_GRADLE, scaEnabled=false, sequentialTestRunsEnabled=false, resultPaths=[/var/tmp/testing-dir/**/test-results/test/*.xml], timeoutSeconds=0, assignmentCheckoutPath=null, testCheckoutPath=null, solutionCheckoutPath=null, dockerRunConfig=null], submissionResult=ResultDTO[id=630, completionDate=2025-02-14T23:45:20.250809893Z[Etc/UTC], successful=false, score=0.0, rated=true, submission=SubmissionDTO[id=823, submitted=true, type=MANUAL, exampleSubmission=null, submissionDate=2025-02-14T23:45:20.211707Z, commitHash=c710d0e68c9c7db8cda7d1a278308de2b9642cc0, buildFailed=true, buildArtifact=false, participation=ParticipationDTO[id=1978, testRun=false, type=solution, submissionCount=null, exercise=ParticipationExerciseDTO[id=2591, exerciseType=PROGRAMMING, type=programming, assessmentType=AUTOMATIC, dueDate=2025-02-16T23:45:18.950569Z, assessmentDueDate=null, maxPoints=42.0, course=CourseDTO[id=974, accuracyOfScores=1]]], submissionExerciseType=programming, isProcessing=false, buildStartDate=null, estimatedCompletionDate=null], participation=ParticipationDTO[id=1978, testRun=false, type=solution, submissionCount=null, exercise=ParticipationExerciseDTO[id=2591, exerciseType=PROGRAMMING, type=programming, assessmentType=AUTOMATIC, dueDate=2025-02-16T23:45:18.950569Z, assessmentDueDate=null, maxPoints=42.0, course=CourseDTO[id=974, accuracyOfScores=1]]], feedbacks=[], assessmentType=AUTOMATIC, hasComplaint=null, exampleResult=null, testCaseCount=0, passedTestCaseCount=0, codeIssueCount=0]], BuildJobQueueItem[id=19781739576720802, name=SHORTB2A6C58B0D447045380A858075B170A5B7C6TSTEXC-SOLUTION, buildAgent=BuildAgentDTO[name=artemis-build-agent-test, memberAddress=[127.0.0.1]:5703, displayName=artemis-build-agent-test], participationId=1978, courseId=974, exerciseId=2591, retryCount=0, priority=2, status=FAILED, repositoryInfo=RepositoryInfo[repositoryName=shortb2a6c58b0d447045380a858075b170a5b7c6tstexc-solution, repositoryType=solution, triggeredByPushTo=tests, assignmentRepositoryUri=http://localhost:49152/git/SHORTB2A6C58B0D447045380A858075B170A5B7C6TSTEXC/shortb2a6c58b0d447045380a858075b170a5b7c6tstexc-solution.git, testRepositoryUri=http://localhost:49152/git/SHORTB2A6C58B0D447045380A858075B170A5B7C6TSTEXC/shortb2a6c58b0d447045380a858075b170a5b7c6tstexc-tests.git, solutionRepositoryUri=null, auxiliaryRepositoryUris=[Ljava.lang.String;@13badb9f, auxiliaryRepositoryCheckoutDirectories=[Ljava.lang.String;@18608135], jobTimingInfo=JobTimingInfo[submissionDate=2025-02-14T23:45:20.802935026Z[Etc/UTC], buildStartDate=2025-02-14T23:45:20.809306435Z[Etc/UTC], buildCompletionDate=2025-02-14T23:45:20.822452342Z[Etc/UTC], estimatedCompletionDate=2025-02-14T23:45:39.809298491Z[Etc/UTC], estimatedDuration=19], buildConfig=BuildConfig[buildScript=#!/bin/bash
cd /var/tmp/testing-dir
chmod +x ./gradlew
./gradlew clean test
, dockerImage=dummy-docker-image:latest, commitHashToBuild=c710d0e68c9c7db8cda7d1a278308de2b9642cc0, assignmentCommitHash=c710d0e68c9c7db8cda7d1a278308de2b9642cc0, testCommitHash=c710d0e68c9c7db8cda7d1a278308de2b9642cc0, branch=main, programmingLanguage=JAVA, projectType=PLAIN_GRADLE, scaEnabled=false, sequentialTestRunsEnabled=false, resultPaths=[/var/tmp/testing-dir/**/test-results/test/*.xml], timeoutSeconds=0, assignmentCheckoutPath=null, testCheckoutPath=null, solutionCheckoutPath=null, dockerRunConfig=null], submissionResult=ResultDTO[id=631, completionDate=2025-02-14T23:45:20.822527362Z[Etc/UTC], successful=false, score=0.0, rated=true, submission=SubmissionDTO[id=824, submitted=true, type=TEST, exampleSubmission=null, submissionDate=2025-02-14T23:45:20.791240Z, commitHash=c710d0e68c9c7db8cda7d1a278308de2b9642cc0, buildFailed=true, buildArtifact=false, participation=ParticipationDTO[id=1978, testRun=false, type=solution, submissionCount=null, exercise=ParticipationExerciseDTO[id=2591, exerciseType=PROGRAMMING, type=programming, assessmentType=AUTOMATIC, dueDate=2025-02-16T23:45:18.950569Z, assessmentDueDate=null, maxPoints=42.0, course=CourseDTO[id=974, accuracyOfScores=1]]], submissionExerciseType=programming, isProcessing=false, buildStartDate=null, estimatedCompletionDate=null], participation=ParticipationDTO[id=1978, testRun=false, type=solution, submissionCount=null, exercise=ParticipationExerciseDTO[id=2591, exerciseType=PROGRAMMING, type=programming, assessmentType=AUTOMATIC, dueDate=2025-02-16T23:45:18.950569Z, assessmentDueDate=null, maxPoints=42.0, course=CourseDTO[id=974, accuracyOfScores=1]]], feedbacks=[], assessmentType=AUTOMATIC, hasComplaint=null, exampleResult=null, testCaseCount=0, passedTestCaseCount=0, codeIssueCount=0]], BuildJobQueueItem[id=20061739576732554, name=SHORT94A899E303D7504C5D0840704DAAFA3DFF4DTSTEXC-LOCALVCCIINTINSTRUCTOR1, buildAgent=BuildAgentDTO[name=artemis-build-agent-test, memberAddress=[127.0.0.1]:5703, displayName=artemis-build-agent-test], participationId=2006, courseId=984, exerciseId=2601, retryCount=0, priority=2, status=SUCCESSFUL, repositoryInfo=RepositoryInfo[repositoryName=short94a899e303d7504c5d0840704daafa3dff4dtstexc-localvcciintinstructor1, repositoryType=user, triggeredByPushTo=user, assignmentRepositoryUri=http://localhost:49152/git/SHORT94A899E303D7504C5D0840704DAAFA3DFF4DTSTEXC/short94a899e303d7504c5d0840704daafa3dff4dtstexc-localvcciintinstructor1.git, testRepositoryUri=http://localhost:49152/git/SHORT94A899E303D7504C5D0840704DAAFA3DFF4DTSTEXC/short94a899e303d7504c5d0840704daafa3dff4dtstexc-tests.git, solutionRepositoryUri=null, auxiliaryRepositoryUris=[Ljava.lang.String;@41d28d48, auxiliaryRepositoryCheckoutDirectories=[Ljava.lang.String;@5a583a71], jobTimingInfo=JobTimingInfo[submissionDate=2025-02-14T23:45:32.554795798Z[Etc/UTC], buildStartDate=2025-02-14T23:45:32.567287465Z[Etc/UTC], buildCompletionDate=2025-02-14T23:45:34.535226768Z[Etc/UTC], estimatedCompletionDate=2025-02-14T23:45:51.567257960Z[Etc/UTC], estimatedDuration=19], buildConfig=BuildConfig[buildScript=#!/bin/bash
cd /var/tmp/testing-dir
chmod +x ./gradlew
./gradlew clean test
, dockerImage=dummy-docker-image:latest, commitHashToBuild=ca2dbc0ae87edf7035058a6a17c0ea60e90a290f, assignmentCommitHash=ca2dbc0ae87edf7035058a6a17c0ea60e90a290f, testCommitHash=0207f6f98af5fbb66ad68455f3fc3cf128af8ae9, branch=main, programmingLanguage=JAVA, projectType=PLAIN_GRADLE, scaEnabled=false, sequentialTestRunsEnabled=false, resultPaths=[/var/tmp/testing-dir/**/test-results/test/*.xml], timeoutSeconds=0, assignmentCheckoutPath=null, testCheckoutPath=null, solutionCheckoutPath=null, dockerRunConfig=null], submissionResult=ResultDTO[id=632, completionDate=2025-02-14T23:45:34.504415716Z[Etc/UTC], successful=false, score=7.7, rated=false, submission=SubmissionDTO[id=826, submitted=true, type=MANUAL, exampleSubmission=null, submissionDate=2025-02-14T23:45:32.541533Z, commitHash=ca2dbc0ae87edf7035058a6a17c0ea60e90a290f, buildFailed=false, buildArtifact=false, participation=ParticipationDTO[id=2006, testRun=true, type=programming, submissionCount=null, exercise=ParticipationExerciseDTO[id=2601, exerciseType=PROGRAMMING, type=programming, assessmentType=AUTOMATIC, dueDate=2025-02-16T23:45:31.864042Z, assessmentDueDate=null, maxPoints=42.0, course=CourseDTO[id=984, accuracyOfScores=1]]], submissionExerciseType=programming, isProcessing=false, buildStartDate=null, estimatedCompletionDate=null], participation=ParticipationDTO[id=2006, testRun=true, type=programming, submissionCount=null, exercise=ParticipationExerciseDTO[id=2601, exerciseType=PROGRAMMING, type=programming, assessmentType=AUTOMATIC, dueDate=2025-02-16T23:45:31.864042Z, assessmentDueDate=null, maxPoints=42.0, course=CourseDTO[id=984, accuracyOfScores=1]]], feedbacks=[FeedbackDTO[id=920, text=null, detailText=The exercise expects a class with the name Context in the package testpackage. You did not implement the class in the exercise., hasLongFeedbackText=false, reference=null, credits=0.0, positive=false, type=AUTOMATIC, visibility=ALWAYS, testCase=TestCaseDTO[testName=null, id=1357]], FeedbackDTO[id=921, text=null, detailText=The exercise expects a class with the name Policy in the package testpackage. You did not implement the class in the exercise., hasLongFeedbackText=false, reference=null, credits=0.0, positive=false, type=AUTOMATIC, visibility=ALWAYS, testCase=TestCaseDTO[testName=null, id=1358]], FeedbackDTO[id=922, text=null, detailText=The exercise expects a class with the name SortStrategy in the package testpackage. You did not implement the class in the exercise., hasLongFeedbackText=false, reference=null, credits=0.0, positive=false, type=AUTOMATIC, visibility=ALWAYS, testCase=TestCaseDTO[testName=null, id=1359]], FeedbackDTO[id=923, text=null, detailText=The class 'MergeSort' does not implement the interface 'SortStrategy' as expected. Implement the interface and its methods., hasLongFeedbackText=false, reference=null, credits=0.0, positive=false, type=AUTOMATIC, visibility=ALWAYS, testCase=TestCaseDTO[testName=null, id=1354]], FeedbackDTO[id=924, text=null, detailText=The exercise expects a class with the name SortStrategy in the package testpackage. You did not implement the class in the exercise., hasLongFeedbackText=false, reference=null, credits=0.0, positive=false, type=AUTOMATIC, visibility=ALWAYS, testCase=TestCaseDTO[testName=null, id=1351]], FeedbackDTO[id=925, text=null, detailText=The class 'BubbleSort' does not implement the interface 'SortStrategy' as expected. Implement the interface and its methods., hasLongFeedbackText=false, reference=null, credits=0.0, positive=false, type=AUTOMATIC, visibility=ALWAYS, testCase=TestCaseDTO[testName=null, id=1355]], FeedbackDTO[id=926, text=null, detailText=MergeSort does not sort correctly, hasLongFeedbackText=false, reference=null, credits=0.0, positive=false, type=AUTOMATIC, visibility=ALWAYS, testCase=TestCaseDTO[testName=null, id=1360]], FeedbackDTO[id=927, text=null, detailText=The class 'Context' was not found within the submission. Make sure to implement it properly., hasLongFeedbackText=false, reference=null, credits=0.0, positive=false, type=AUTOMATIC, visibility=ALWAYS, testCase=TestCaseDTO[testName=null, id=1361]], FeedbackDTO[id=928, text=null, detailText=The class 'Context' was not found within the submission. Make sure to implement it properly., hasLongFeedbackText=false, reference=null, credits=0.0, positive=false, type=AUTOMATIC, visibility=ALWAYS, testCase=TestCaseDTO[testName=null, id=1362]], FeedbackDTO[id=929, text=null, detailText=The exercise expects a class with the name Policy in the package testpackage. You did not implement the class in the exercise., hasLongFeedbackText=false, reference=null, credits=0.0, positive=false, type=AUTOMATIC, visibility=ALWAYS, testCase=TestCaseDTO[testName=null, id=1356]], FeedbackDTO[id=930, text=null, detailText=The exercise expects a class with the name Context in the package testpackage. You did not implement the class in the exercise., hasLongFeedbackText=false, reference=null, credits=0.0, positive=false, type=AUTOMATIC, visibility=ALWAYS, testCase=TestCaseDTO[testName=null, id=1352]], FeedbackDTO[id=931, text=null, detailText=The exercise expects a class with the name Policy in the package testpackage. You did not implement the class in the exercise., hasLongFeedbackText=false, reference=null, credits=0.0, positive=false, type=AUTOMATIC, visibility=ALWAYS, testCase=TestCaseDTO[testName=null, id=1353]], FeedbackDTO[id=932, text=null, detailText=null, hasLongFeedbackText=false, reference=null, credits=3.230769230769231, positive=true, type=AUTOMATIC, visibility=ALWAYS, testCase=TestCaseDTO[testName=null, id=1363]]], assessmentType=AUTOMATIC, hasComplaint=null, exampleResult=null, testCaseCount=13, passedTestCaseCount=1, codeIssueCount=0]], BuildJobQueueItem[id=20111739576737317, name=SHORTD49A6DAE04F9E049850BD5601663FD17A5B7TSTEXC-BASE, buildAgent=BuildAgentDTO[name=artemis-build-agent-test, memberAddress=[127.0.0.1]:5703, displayName=artemis-build-agent-test], participationId=2011, courseId=986, exerciseId=2603, retryCount=0, priority=2, status=SUCCESSFUL, repositoryInfo=RepositoryInfo[repositoryName=shortd49a6dae04f9e049850bd5601663fd17a5b7tstexc-exercise, repositoryType=exercise, triggeredByPushTo=exercise, assignmentRepositoryUri=http://localhost:49152/git/SHORTD49A6DAE04F9E049850BD5601663FD17A5B7TSTEXC/shortd49a6dae04f9e049850bd5601663fd17a5b7tstexc-exercise.git, testRepositoryUri=http://localhost:49152/git/SHORTD49A6DAE04F9E049850BD5601663FD17A5B7TSTEXC/shortd49a6dae04f9e049850bd5601663fd17a5b7tstexc-tests.git, solutionRepositoryUri=null, auxiliaryRepositoryUris=[Ljava.lang.String;@1f7b6486, auxiliaryRepositoryCheckoutDirectories=[Ljava.lang.String;@30e3775], jobTimingInfo=JobTimingInfo[submissionDate=2025-02-14T23:45:37.317968648Z[Etc/UTC], buildStartDate=2025-02-14T23:45:37.324534774Z[Etc/UTC], buildCompletionDate=2025-02-14T23:45:38.527225461Z[Etc/UTC], estimatedCompletionDate=2025-02-14T23:45:56.324506331Z[Etc/UTC], estimatedDuration=19], buildConfig=BuildConfig[buildScript=#!/bin/bash
cd /var/tmp/testing-dir
chmod +x ./gradlew
./gradlew clean test
, dockerImage=dummy-docker-image:latest, commitHashToBuild=c795243c185829bbefa399f45dcbcfac22311b2f, assignmentCommitHash=c795243c185829bbefa399f45dcbcfac22311b2f, testCommitHash=fa8b162170bf767d852e05e0eb7a128efa2e1f34, branch=main, programmingLanguage=JAVA, projectType=PLAIN_GRADLE, scaEnabled=false, sequentialTestRunsEnabled=false, resultPaths=[/var/tmp/testing-dir/**/test-results/test/*.xml], timeoutSeconds=0, assignmentCheckoutPath=null, testCheckoutPath=null, solutionCheckoutPath=null, dockerRunConfig=null], submissionResult=ResultDTO[id=633, completionDate=2025-02-14T23:45:38.476795726Z[Etc/UTC], successful=false, score=0.0, rated=true, submission=SubmissionDTO[id=827, submitted=true, type=MANUAL, exampleSubmission=null, submissionDate=2025-02-14T23:45:37.303401Z, commitHash=c795243c185829bbefa399f45dcbcfac22311b2f, buildFailed=false, buildArtifact=false, participation=ParticipationDTO[id=2011, testRun=false, type=template, submissionCount=null, exercise=ParticipationExerciseDTO[id=2603, exerciseType=PROGRAMMING, type=programming, assessmentType=AUTOMATIC, dueDate=2025-02-16T23:45:36.830269Z, assessmentDueDate=null, maxPoints=42.0, course=CourseDTO[id=986, accuracyOfScores=1]]], submissionExerciseType=programming, isProcessing=false, buildStartDate=null, estimatedCompletionDate=null], participation=ParticipationDTO[id=2011, testRun=false, type=template, submissionCount=null, exercise=ParticipationExerciseDTO[id=2603, exerciseType=PROGRAMMING, type=programming, assessmentType=AUTOMATIC, dueDate=2025-02-16T23:45:36.830269Z, assessmentDueDate=null, maxPoints=42.0, course=CourseDTO[id=986, accuracyOfScores=1]]], feedbacks=[FeedbackDTO[id=933, text=null, detailText=The exercise expects a class with the name Context in the package testpackage. You did not implement the class in the exercise., hasLongFeedbackText=false, reference=null, credits=0.0, positive=false, type=AUTOMATIC, visibility=ALWAYS, testCase=TestCaseDTO[testName=testMethods[Context], id=1383]], FeedbackDTO[id=934, text=null, detailText=The exercise expects a class with the name Policy in the package testpackage. You did not implement the class in the exercise., hasLongFeedbackText=false, reference=null, credits=0.0, positive=false, type=AUTOMATIC, visibility=ALWAYS, testCase=TestCaseDTO[testName=testMethods[Policy], id=1384]], FeedbackDTO[id=935, text=null, detailText=The exercise expects a class with the name SortStrategy in the package testpackage. You did not implement the class in the exercise., hasLongFeedbackText=false, reference=null, credits=0.0, positive=false, type=AUTOMATIC, visibility=ALWAYS, testCase=TestCaseDTO[testName=testMethods[SortStrategy], id=1385]], FeedbackDTO[id=936, text=null, detailText=The class 'MergeSort' does not implement the interface 'SortStrategy' as expected. Implement the interface and its methods., hasLongFeedbackText=false, reference=null, credits=0.0, positive=false, type=AUTOMATIC, visibility=ALWAYS, testCase=TestCaseDTO[testName=testClass[MergeSort], id=1380]], FeedbackDTO[id=937, text=null, detailText=The exercise expects a class with the name SortStrategy in the package testpackage. You did not implement the class in the exercise., hasLongFeedbackText=false, reference=null, credits=0.0, positive=false, type=AUTOMATIC, visibility=ALWAYS, testCase=TestCaseDTO[testName=testClass[SortStrategy], id=1377]], FeedbackDTO[id=938, text=null, detailText=The class 'BubbleSort' does not implement the interface 'SortStrategy' as expected. Implement the interface and its methods., hasLongFeedbackText=false, reference=null, credits=0.0, positive=false, type=AUTOMATIC, visibility=ALWAYS, testCase=TestCaseDTO[testName=testClass[BubbleSort], id=1381]], FeedbackDTO[id=939, text=null, detailText=MergeSort does not sort correctly, hasLongFeedbackText=false, reference=null, credits=0.0, positive=false, type=AUTOMATIC, visibility=ALWAYS, testCase=TestCaseDTO[testName=testMergeSort(), id=1386]], FeedbackDTO[id=940, text=null, detailText=The class 'Context' was not found within the submission. Make sure to implement it properly., hasLongFeedbackText=false, reference=null, credits=0.0, positive=false, type=AUTOMATIC, visibility=ALWAYS, testCase=TestCaseDTO[testName=testUseBubbleSortForSmallList(), id=1387]], FeedbackDTO[id=941, text=null, detailText=BubbleSort does not sort correctly, hasLongFeedbackText=false, reference=null, credits=0.0, positive=false, type=AUTOMATIC, visibility=ALWAYS, testCase=TestCaseDTO[testName=testBubbleSort(), id=1389]], FeedbackDTO[id=942, text=null, detailText=The class 'Context' was not found within the submission. Make sure to implement it properly., hasLongFeedbackText=false, reference=null, credits=0.0, positive=false, type=AUTOMATIC, visibility=ALWAYS, testCase=TestCaseDTO[testName=testUseMergeSortForBigList(), id=1388]], FeedbackDTO[id=943, text=null, detailText=The exercise expects a class with the name Policy in the package testpackage. You did not implement the class in the exercise., hasLongFeedbackText=false, reference=null, credits=0.0, positive=false, type=AUTOMATIC, visibility=ALWAYS, testCase=TestCaseDTO[testName=testConstructors[Policy], id=1382]], FeedbackDTO[id=944, text=null, detailText=The exercise expects a class with the name Context in the package testpackage. You did not implement the class in the exercise., hasLongFeedbackText=false, reference=null, credits=0.0, positive=false, type=AUTOMATIC, visibility=ALWAYS, testCase=TestCaseDTO[testName=testAttributes[Context], id=1378]], FeedbackDTO[id=945, text=null, detailText=The exercise expects a class with the name Policy in the package testpackage. You did not implement the class in the exercise., hasLongFeedbackText=false, reference=null, credits=0.0, positive=false, type=AUTOMATIC, visibility=ALWAYS, testCase=TestCaseDTO[testName=testAttributes[Policy], id=1379]]], assessmentType=AUTOMATIC, hasComplaint=null, exampleResult=null, testCaseCount=13, passedTestCaseCount=0, codeIssueCount=0]], BuildJobQueueItem[id=20171739576740018, name=SHORT7914AFA00ADC3047140B99D01AC07810CE44TSTEXC-LOCALVCCIINTSTUDENT1, buildAgent=BuildAgentDTO[name=artemis-build-agent-test, memberAddress=[127.0.0.1]:5703, displayName=artemis-build-agent-test], participationId=2017, courseId=988, exerciseId=2605, retryCount=0, priority=2, status=SUCCESSFUL, repositoryInfo=RepositoryInfo[repositoryName=short7914afa00adc3047140b99d01ac07810ce44tstexc-practice-localvcciintstudent1, repositoryType=user, triggeredByPushTo=user, assignmentRepositoryUri=http://localhost:49152/git/SHORT7914AFA00ADC3047140B99D01AC07810CE44TSTEXC/short7914afa00adc3047140b99d01ac07810ce44tstexc-practice-localvcciintstudent1.git, testRepositoryUri=http://localhost:49152/git/SHORT7914AFA00ADC3047140B99D01AC07810CE44TSTEXC/short7914afa00adc3047140b99d01ac07810ce44tstexc-tests.git, solutionRepositoryUri=null, auxiliaryRepositoryUris=[Ljava.lang.String;@56e35291, auxiliaryRepositoryCheckoutDirectories=[Ljava.lang.String;@4d73718e], jobTimingInfo=JobTimingInfo[submissionDate=2025-02-14T23:45:40.018961253Z[Etc/UTC], buildStartDate=2025-02-14T23:45:40.029742701Z[Etc/UTC], buildCompletionDate=2025-02-14T23:45:41.150208242Z[Etc/UTC], estimatedCompletionDate=2025-02-14T23:45:59.029734065Z[Etc/UTC], estimatedDuration=19], buildConfig=BuildConfig[buildScript=#!/bin/bash
cd /var/tmp/testing-dir
chmod +x ./gradlew
./gradlew clean test
, dockerImage=dummy-docker-image:latest, commitHashToBuild=d80b57877989b971e83ccdb4863c8a7023c76266, assignmentCommitHash=d80b57877989b971e83ccdb4863c8a7023c76266, testCommitHash=327b116890c92b1312314341f43f21ef13ecf7d7, branch=main, programmingLanguage=JAVA, projectType=PLAIN_GRADLE, scaEnabled=false, sequentialTestRunsEnabled=false, resultPaths=[/var/tmp/testing-dir/**/test-results/test/*.xml], timeoutSeconds=0, assignmentCheckoutPath=null, testCheckoutPath=null, solutionCheckoutPath=null, dockerRunConfig=null], submissionResult=ResultDTO[id=634, completionDate=2025-02-14T23:45:41.120192603Z[Etc/UTC], successful=false, score=7.7, rated=false, submission=SubmissionDTO[id=828, submitted=true, type=MANUAL, exampleSubmission=null, submissionDate=2025-02-14T23:45:40.008666Z, commitHash=d80b57877989b971e83ccdb4863c8a7023c76266, buildFailed=false, buildArtifact=false, participation=ParticipationDTO[id=2017, testRun=true, type=programming, submissionCount=null, exercise=ParticipationExerciseDTO[id=2605, exerciseType=PROGRAMMING, type=programming, assessmentType=AUTOMATIC, dueDate=2025-02-16T23:45:39.523500Z, assessmentDueDate=null, maxPoints=42.0, course=CourseDTO[id=988, accuracyOfScores=1]]], submissionExerciseType=programming, isProcessing=false, buildStartDate=null, estimatedCompletionDate=null], participation=ParticipationDTO[id=2017, testRun=true, type=programming, submissionCount=null, exercise=ParticipationExerciseDTO[id=2605, exerciseType=PROGRAMMING, type=programming, assessmentType=AUTOMATIC, dueDate=2025-02-16T23:45:39.523500Z, assessmentDueDate=null, maxPoints=42.0, course=CourseDTO[id=988, accuracyOfScores=1]]], feedbacks=[FeedbackDTO[id=946, text=null, detailText=The exercise expects a class with the name Context in the package testpackage. You did not implement the class in the exercise., hasLongFeedbackText=false, reference=null, credits=0.0, positive=false, type=AUTOMATIC, visibility=ALWAYS, testCase=TestCaseDTO[testName=null, id=1409]], FeedbackDTO[id=947, text=null, detailText=The exercise expects a class with the name Policy in the package testpackage. You did not implement the class in the exercise., hasLongFeedbackText=false, reference=null, credits=0.0, positive=false, type=AUTOMATIC, visibility=ALWAYS, testCase=TestCaseDTO[testName=null, id=1410]], FeedbackDTO[id=948, text=null, detailText=The exercise expects a class with the name SortStrategy in the package testpackage. You did not implement the class in the exercise., hasLongFeedbackText=false, reference=null, credits=0.0, positive=false, type=AUTOMATIC, visibility=ALWAYS, testCase=TestCaseDTO[testName=null, id=1411]], FeedbackDTO[id=949, text=null, detailText=The class 'MergeSort' does not implement the interface 'SortStrategy' as expected. Implement the interface and its methods., hasLongFeedbackText=false, reference=null, credits=0.0, positive=false, type=AUTOMATIC, visibility=ALWAYS, testCase=TestCaseDTO[testName=null, id=1406]], FeedbackDTO[id=950, text=null, detailText=The exercise expects a class with the name SortStrategy in the package testpackage. You did not implement the class in the exercise., hasLongFeedbackText=false, reference=null, credits=0.0, positive=false, type=AUTOMATIC, visibility=ALWAYS, testCase=TestCaseDTO[testName=null, id=1403]], FeedbackDTO[id=951, text=null, detailText=The class 'BubbleSort' does not implement the interface 'SortStrategy' as expected. Implement the interface and its methods., hasLongFeedbackText=false, reference=null, credits=0.0, positive=false, type=AUTOMATIC, visibility=ALWAYS, testCase=TestCaseDTO[testName=null, id=1407]], FeedbackDTO[id=952, text=null, detailText=MergeSort does not sort correctly, hasLongFeedbackText=false, reference=null, credits=0.0, positive=false, type=AUTOMATIC, visibility=ALWAYS, testCase=TestCaseDTO[testName=null, id=1412]], FeedbackDTO[id=953, text=null, detailText=The class 'Context' was not found within the submission. Make sure to implement it properly., hasLongFeedbackText=false, reference=null, credits=0.0, positive=false, type=AUTOMATIC, visibility=ALWAYS, testCase=TestCaseDTO[testName=null, id=1413]], FeedbackDTO[id=954, text=null, detailText=The class 'Context' was not found within the submission. Make sure to implement it properly., hasLongFeedbackText=false, reference=null, credits=0.0, positive=false, type=AUTOMATIC, visibility=ALWAYS, testCase=TestCaseDTO[testName=null, id=1414]], FeedbackDTO[id=955, text=null, detailText=The exercise expects a class with the name Policy in the package testpackage. You did not implement the class in the exercise., hasLongFeedbackText=false, reference=null, credits=0.0, positive=false, type=AUTOMATIC, visibility=ALWAYS, testCase=TestCaseDTO[testName=null, id=1408]], FeedbackDTO[id=956, text=null, detailText=The exercise expects a class with the name Context in the package testpackage. You did not implement the class in the exercise., hasLongFeedbackText=false, reference=null, credits=0.0, positive=false, type=AUTOMATIC, visibility=ALWAYS, testCase=TestCaseDTO[testName=null, id=1404]], FeedbackDTO[id=957, text=null, detailText=The exercise expects a class with the name Policy in the package testpackage. You did not implement the class in the exercise., hasLongFeedbackText=false, reference=null, credits=0.0, positive=false, type=AUTOMATIC, visibility=ALWAYS, testCase=TestCaseDTO[testName=null, id=1405]], FeedbackDTO[id=958, text=null, detailText=null, hasLongFeedbackText=false, reference=null, credits=3.230769230769231, positive=true, type=AUTOMATIC, visibility=ALWAYS, testCase=TestCaseDTO[testName=null, id=1415]]], assessmentType=AUTOMATIC, hasComplaint=null, exampleResult=null, testCaseCount=13, passedTestCaseCount=1, codeIssueCount=0]], BuildJobQueueItem[id=20261739576743984, name=SHORT53C73BE505404043100AC2F00C039353CE8FTSTEXC-LOCALVCCIINTSTUDENT1, buildAgent=BuildAgentDTO[name=artemis-build-agent-test, memberAddress=[127.0.0.1]:5703, displayName=artemis-build-agent-test], participationId=2026, courseId=991, exerciseId=2608, retryCount=0, priority=1, status=SUCCESSFUL, repositoryInfo=RepositoryInfo[repositoryName=short53c73be505404043100ac2f00c039353ce8ftstexc-localvcciintstudent1, repositoryType=user, triggeredByPushTo=user, assignmentRepositoryUri=http://localhost:49152/git/SHORT53C73BE505404043100AC2F00C039353CE8FTSTEXC/short53c73be505404043100ac2f00c039353ce8ftstexc-localvcciintstudent1.git, testRepositoryUri=http://localhost:49152/git/SHORT53C73BE505404043100AC2F00C039353CE8FTSTEXC/short53c73be505404043100ac2f00c039353ce8ftstexc-tests.git, solutionRepositoryUri=null, auxiliaryRepositoryUris=[Ljava.lang.String;@96863f2, auxiliaryRepositoryCheckoutDirectories=[Ljava.lang.String;@7b2f5835], jobTimingInfo=JobTimingInfo[submissionDate=2025-02-14T23:45:43.984518859Z[Etc/UTC], buildStartDate=2025-02-14T23:45:43.991385682Z[Etc/UTC], buildCompletionDate=2025-02-14T23:45:44.982059928Z[Etc/UTC], estimatedCompletionDate=2025-02-14T23:46:02.991380122Z[Etc/UTC], estimatedDuration=19], buildConfig=BuildConfig[buildScript=#!/bin/bash
cd /var/tmp/testing-dir
chmod +x ./gradlew
./gradlew clean test
, dockerImage=dummy-docker-image:latest, commitHashToBuild=3e90ae9fef2e44ffb41451a080bdaa6a44ad6848, assignmentCommitHash=3e90ae9fef2e44ffb41451a080bdaa6a44ad6848, testCommitHash=0582754c87aae13e640312855ce7dbe490ecb50c, branch=main, programmingLanguage=JAVA, projectType=PLAIN_GRADLE, scaEnabled=false, sequentialTestRunsEnabled=false, resultPaths=[/var/tmp/testing-dir/**/test-results/test/*.xml], timeoutSeconds=0, assignmentCheckoutPath=null, testCheckoutPath=null, solutionCheckoutPath=null, dockerRunConfig=null], submissionResult=ResultDTO[id=635, completionDate=2025-02-14T23:45:44.961313737Z[Etc/UTC], successful=false, score=7.7, rated=true, submission=SubmissionDTO[id=829, submitted=true, type=MANUAL, exampleSubmission=null, submissionDate=2025-02-14T23:45:43.967766Z, commitHash=3e90ae9fef2e44ffb41451a080bdaa6a44ad6848, buildFailed=false, buildArtifact=false, participation=ParticipationDTO[id=2026, testRun=false, type=programming, submissionCount=null, exercise=ParticipationExerciseDTO[id=2608, exerciseType=PROGRAMMING, type=programming, assessmentType=AUTOMATIC, dueDate=2025-02-16T23:45:43.597978Z, assessmentDueDate=null, maxPoints=42.0, course=CourseDTO[id=991, accuracyOfScores=1]]], submissionExerciseType=programming, isProcessing=false, buildStartDate=null, estimatedCompletionDate=null], participation=ParticipationDTO[id=2026, testRun=false, type=programming, submissionCount=null, exercise=ParticipationExerciseDTO[id=2608, exerciseType=PROGRAMMING, type=programming, assessmentType=AUTOMATIC, dueDate=2025-02-16T23:45:43.597978Z, assessmentDueDate=null, maxPoints=42.0, course=CourseDTO[id=991, accuracyOfScores=1]]], feedbacks=[FeedbackDTO[id=959, text=null, detailText=The exercise expects a class with the name Context in the package testpackage. You did not implement the class in the exercise., hasLongFeedbackText=false, reference=null, credits=0.0, positive=false, type=AUTOMATIC, visibility=ALWAYS, testCase=TestCaseDTO[testName=null, id=1448]], FeedbackDTO[id=960, text=null, detailText=The exercise expects a class with the name Policy in the package testpackage. You did not implement the class in the exercise., hasLongFeedbackText=false, reference=null, credits=0.0, positive=false, type=AUTOMATIC, visibility=ALWAYS, testCase=TestCaseDTO[testName=null, id=1449]], FeedbackDTO[id=961, text=null, detailText=The exercise expects a class with the name SortStrategy in the package testpackage. You did not implement the class in the exercise., hasLongFeedbackText=false, reference=null, credits=0.0, positive=false, type=AUTOMATIC, visibility=ALWAYS, testCase=TestCaseDTO[testName=null, id=1450]], FeedbackDTO[id=962, text=null, detailText=The class 'MergeSort' does not implement the interface 'SortStrategy' as expected. Implement the interface and its methods., hasLongFeedbackText=false, reference=null, credits=0.0, positive=false, type=AUTOMATIC, visibility=ALWAYS, testCase=TestCaseDTO[testName=null, id=1445]], FeedbackDTO[id=963, text=null, detailText=The exercise expects a class with the name SortStrategy in the package testpackage. You did not implement the class in the exercise., hasLongFeedbackText=false, reference=null, credits=0.0, positive=false, type=AUTOMATIC, visibility=ALWAYS, testCase=TestCaseDTO[testName=null, id=1442]], FeedbackDTO[id=964, text=null, detailText=The class 'BubbleSort' does not implement the interface 'SortStrategy' as expected. Implement the interface and its methods., hasLongFeedbackText=false, reference=null, credits=0.0, positive=false, type=AUTOMATIC, visibility=ALWAYS, testCase=TestCaseDTO[testName=null, id=1446]], FeedbackDTO[id=965, text=null, detailText=MergeSort does not sort correctly, hasLongFeedbackText=false, reference=null, credits=0.0, positive=false, type=AUTOMATIC, visibility=ALWAYS, testCase=TestCaseDTO[testName=null, id=1451]], FeedbackDTO[id=966, text=null, detailText=The class 'Context' was not found within the submission. Make sure to implement it properly., hasLongFeedbackText=false, reference=null, credits=0.0, positive=false, type=AUTOMATIC, visibility=ALWAYS, testCase=TestCaseDTO[testName=null, id=1452]], FeedbackDTO[id=967, text=null, detailText=The class 'Context' was not found within the submission. Make sure to implement it properly., hasLongFeedbackText=false, reference=null, credits=0.0, positive=false, type=AUTOMATIC, visibility=ALWAYS, testCase=TestCaseDTO[testName=null, id=1453]], FeedbackDTO[id=968, text=null, detailText=The exercise expects a class with the name Policy in the package testpackage. You did not implement the class in the exercise., hasLongFeedbackText=false, reference=null, credits=0.0, positive=false, type=AUTOMATIC, visibility=ALWAYS, testCase=TestCaseDTO[testName=null, id=1447]], FeedbackDTO[id=969, text=null, detailText=The exercise expects a class with the name Context in the package testpackage. You did not implement the class in the exercise., hasLongFeedbackText=false, reference=null, credits=0.0, positive=false, type=AUTOMATIC, visibility=ALWAYS, testCase=TestCaseDTO[testName=null, id=1443]], FeedbackDTO[id=970, text=null, detailText=The exercise expects a class with the name Policy in the package testpackage. You did not implement the class in the exercise., hasLongFeedbackText=false, reference=null, credits=0.0, positive=false, type=AUTOMATIC, visibility=ALWAYS, testCase=TestCaseDTO[testName=null, id=1444]], FeedbackDTO[id=971, text=null, detailText=null, hasLongFeedbackText=false, reference=null, credits=3.230769230769231, positive=true, type=AUTOMATIC, visibility=ALWAYS, testCase=TestCaseDTO[testName=null, id=1454]]], assessmentType=AUTOMATIC, hasComplaint=null, exampleResult=null, testCaseCount=13, passedTestCaseCount=1, codeIssueCount=0]], BuildJobQueueItem[id=20271739576746886, name=SHORT0FC863930E92904248098A506171F81CF6CFTSTEXC-SOLUTION, buildAgent=BuildAgentDTO[name=artemis-build-agent-test, memberAddress=[127.0.0.1]:5703, displayName=artemis-build-agent-test], participationId=2027, courseId=992, exerciseId=2609, retryCount=0, priority=2, status=SUCCESSFUL, repositoryInfo=RepositoryInfo[repositoryName=short0fc863930e92904248098a506171f81cf6cftstexc-solution, repositoryType=solution, triggeredByPushTo=auxiliary, assignmentRepositoryUri=http://localhost:49152/git/SHORT0FC863930E92904248098A506171F81CF6CFTSTEXC/short0fc863930e92904248098a506171f81cf6cftstexc-solution.git, testRepositoryUri=http://localhost:49152/git/SHORT0FC863930E92904248098A506171F81CF6CFTSTEXC/short0fc863930e92904248098a506171f81cf6cftstexc-tests.git, solutionRepositoryUri=null, auxiliaryRepositoryUris=[Ljava.lang.String;@3794fa1b, auxiliaryRepositoryCheckoutDirectories=[Ljava.lang.String;@613d1266], jobTimingInfo=JobTimingInfo[submissionDate=2025-02-14T23:45:46.886984066Z[Etc/UTC], buildStartDate=2025-02-14T23:45:46.897709578Z[Etc/UTC], buildCompletionDate=2025-02-14T23:45:48.628460156Z[Etc/UTC], estimatedCompletionDate=2025-02-14T23:46:05.897701272Z[Etc/UTC], estimatedDuration=19], buildConfig=BuildConfig[buildScript=#!/bin/bash
cd /var/tmp/testing-dir
chmod +x ./gradlew
./gradlew clean test
, dockerImage=dummy-docker-image:latest, commitHashToBuild=null, assignmentCommitHash=115a2e943bee242fdad360b50d8ad5f30792577e, testCommitHash=9b3a9bd71a0d80e5bbc42204c319ed3d1d4f0d6d, branch=main, programmingLanguage=JAVA, projectType=PLAIN_GRADLE, scaEnabled=false, sequentialTestRunsEnabled=false, resultPaths=[/var/tmp/testing-dir/**/test-results/test/*.xml], timeoutSeconds=0, assignmentCheckoutPath=null, testCheckoutPath=null, solutionCheckoutPath=null, dockerRunConfig=null], submissionResult=ResultDTO[id=636, completionDate=2025-02-14T23:45:48.593370968Z[Etc/UTC], successful=true, score=100.0, rated=true, submission=SubmissionDTO[id=830, submitted=true, type=TEST, exampleSubmission=null, submissionDate=2025-02-14T23:45:46.873671Z, commitHash=9b3a9bd71a0d80e5bbc42204c319ed3d1d4f0d6d, buildFailed=false, buildArtifact=false, participation=ParticipationDTO[id=2027, testRun=false, type=solution, submissionCount=null, exercise=ParticipationExerciseDTO[id=2609, exerciseType=PROGRAMMING, type=programming, assessmentType=AUTOMATIC, dueDate=2025-02-16T23:45:46.386304Z, assessmentDueDate=null, maxPoints=42.0, course=CourseDTO[id=992, accuracyOfScores=1]]], submissionExerciseType=programming, isProcessing=false, buildStartDate=null, estimatedCompletionDate=null], participation=ParticipationDTO[id=2027, testRun=false, type=solution, submissionCount=null, exercise=ParticipationExerciseDTO[id=2609, exerciseType=PROGRAMMING, type=programming, assessmentType=AUTOMATIC, dueDate=2025-02-16T23:45:46.386304Z, assessmentDueDate=null, maxPoints=42.0, course=CourseDTO[id=992, accuracyOfScores=1]]], feedbacks=[FeedbackDTO[id=972, text=null, detailText=null, hasLongFeedbackText=false, reference=null, credits=3.230769230769231, positive=true, type=AUTOMATIC, visibility=ALWAYS, testCase=TestCaseDTO[testName=testMethods[Context], id=1461]], FeedbackDTO[id=973, text=null, detailText=null, hasLongFeedbackText=false, reference=null, credits=3.230769230769231, positive=true, type=AUTOMATIC, visibility=ALWAYS, testCase=TestCaseDTO[testName=testMethods[Policy], id=1462]], FeedbackDTO[id=974, text=null, detailText=null, hasLongFeedbackText=false, reference=null, credits=3.230769230769231, positive=true, type=AUTOMATIC, visibility=ALWAYS, testCase=TestCaseDTO[testName=testMethods[SortStrategy], id=1463]], FeedbackDTO[id=975, text=null, detailText=null, hasLongFeedbackText=false, reference=null, credits=3.230769230769231, positive=true, type=AUTOMATIC, visibility=ALWAYS, testCase=TestCaseDTO[testName=testClass[MergeSort], id=1458]], FeedbackDTO[id=976, text=null, detailText=null, hasLongFeedbackText=false, reference=null, credits=3.230769230769231, positive=true, type=AUTOMATIC, visibility=ALWAYS, testCase=TestCaseDTO[testName=testClass[SortStrategy], id=1455]], FeedbackDTO[id=977, text=null, detailText=null, hasLongFeedbackText=false, reference=null, credits=3.230769230769231, positive=true, type=AUTOMATIC, visibility=ALWAYS, testCase=TestCaseDTO[testName=testClass[BubbleSort], id=1459]], FeedbackDTO[id=978, text=null, detailText=null, hasLongFeedbackText=false, reference=null, credits=3.230769230769231, positive=true, type=AUTOMATIC, visibility=ALWAYS, testCase=TestCaseDTO[testName=testMergeSort(), id=1464]], FeedbackDTO[id=979, text=null, detailText=null, hasLongFeedbackText=false, reference=null, credits=3.230769230769231, positive=true, type=AUTOMATIC, visibility=ALWAYS, testCase=TestCaseDTO[testName=testUseBubbleSortForSmallList(), id=1465]], FeedbackDTO[id=980, text=null, detailText=null, hasLongFeedbackText=false, reference=null, credits=3.230769230769231, positive=true, type=AUTOMATIC, visibility=ALWAYS, testCase=TestCaseDTO[testName=testBubbleSort(), id=1467]], FeedbackDTO[id=981, text=null, detailText=null, hasLongFeedbackText=false, reference=null, credits=3.230769230769231, positive=true, type=AUTOMATIC, visibility=ALWAYS, testCase=TestCaseDTO[testName=testUseMergeSortForBigList(), id=1466]], FeedbackDTO[id=982, text=null, detailText=null, hasLongFeedbackText=false, reference=null, credits=3.230769230769231, positive=true, type=AUTOMATIC, visibility=ALWAYS, testCase=TestCaseDTO[testName=testConstructors[Policy], id=1460]], FeedbackDTO[id=983, text=null, detailText=null, hasLongFeedbackText=false, reference=null, credits=3.230769230769231, positive=true, type=AUTOMATIC, visibility=ALWAYS, testCase=TestCaseDTO[testName=testAttributes[Context], id=1456]], FeedbackDTO[id=984, text=null, detailText=null, hasLongFeedbackText=false, reference=null, credits=3.230769230769231, positive=true, type=AUTOMATIC, visibility=ALWAYS, testCase=TestCaseDTO[testName=testAttributes[Policy], id=1457]]], assessmentType=AUTOMATIC, hasComplaint=null, exampleResult=null, testCaseCount=13, passedTestCaseCount=13, codeIssueCount=0]], BuildJobQueueItem[id=20281739576748768, name=SHORT0FC863930E92904248098A506171F81CF6CFTSTEXC-BASE, buildAgent=BuildAgentDTO[name=artemis-build-agent-test, memberAddress=[127.0.0.1]:5703, displayName=artemis-build-agent-test], participationId=2028, courseId=992, exerciseId=2609, retryCount=0, priority=2, status=SUCCESSFUL, repositoryInfo=RepositoryInfo[repositoryName=short0fc863930e92904248098a506171f81cf6cftstexc-exercise, repositoryType=exercise, triggeredByPushTo=auxiliary, assignmentRepositoryUri=http://localhost:49152/git/SHORT0FC863930E92904248098A506171F81CF6CFTSTEXC/short0fc863930e92904248098a506171f81cf6cftstexc-exercise.git, testRepositoryUri=http://localhost:49152/git/SHORT0FC863930E92904248098A506171F81CF6CFTSTEXC/short0fc863930e92904248098a506171f81cf6cftstexc-tests.git, solutionRepositoryUri=null, auxiliaryRepositoryUris=[Ljava.lang.String;@2b808a40, auxiliaryRepositoryCheckoutDirectories=[Ljava.lang.String;@2a6f91f5], jobTimingInfo=JobTimingInfo[submissionDate=2025-02-14T23:45:48.768063548Z[Etc/UTC], buildStartDate=2025-02-14T23:45:48.802531989Z[Etc/UTC], buildCompletionDate=2025-02-14T23:45:50.482681367Z[Etc/UTC], estimatedCompletionDate=2025-02-14T23:45:50.802523092Z[Etc/UTC], estimatedDuration=2], buildConfig=BuildConfig[buildScript=#!/bin/bash
cd /var/tmp/testing-dir
chmod +x ./gradlew
./gradlew clean test
, dockerImage=dummy-docker-image:latest, commitHashToBuild=9b3a9bd71a0d80e5bbc42204c319ed3d1d4f0d6d, assignmentCommitHash=115a2e943bee242fdad360b50d8ad5f30792577e, testCommitHash=9b3a9bd71a0d80e5bbc42204c319ed3d1d4f0d6d, branch=main, programmingLanguage=JAVA, projectType=PLAIN_GRADLE, scaEnabled=false, sequentialTestRunsEnabled=false, resultPaths=[/var/tmp/testing-dir/**/test-results/test/*.xml], timeoutSeconds=0, assignmentCheckoutPath=null, testCheckoutPath=null, solutionCheckoutPath=null, dockerRunConfig=null], submissionResult=ResultDTO[id=637, completionDate=2025-02-14T23:45:50.449084694Z[Etc/UTC], successful=false, score=0.0, rated=true, submission=SubmissionDTO[id=831, submitted=true, type=TEST, exampleSubmission=null, submissionDate=2025-02-14T23:45:48.761177Z, commitHash=9b3a9bd71a0d80e5bbc42204c319ed3d1d4f0d6d, buildFailed=false, buildArtifact=false, participation=ParticipationDTO[id=2028, testRun=false, type=template, submissionCount=null, exercise=ParticipationExerciseDTO[id=2609, exerciseType=PROGRAMMING, type=programming, assessmentType=AUTOMATIC, dueDate=2025-02-16T23:45:46.386304Z, assessmentDueDate=null, maxPoints=42.0, course=CourseDTO[id=992, accuracyOfScores=1]]], submissionExerciseType=programming, isProcessing=false, buildStartDate=null, estimatedCompletionDate=null], participation=ParticipationDTO[id=2028, testRun=false, type=template, submissionCount=null, exercise=ParticipationExerciseDTO[id=2609, exerciseType=PROGRAMMING, type=programming, assessmentType=AUTOMATIC, dueDate=2025-02-16T23:45:46.386304Z, assessmentDueDate=null, maxPoints=42.0, course=CourseDTO[id=992, accuracyOfScores=1]]], feedbacks=[FeedbackDTO[id=985, text=null, detailText=The exercise expects a class with the name Context in the package testpackage. You did not implement the class in the exercise., hasLongFeedbackText=false, reference=null, credits=0.0, positive=false, type=AUTOMATIC, visibility=ALWAYS, testCase=TestCaseDTO[testName=testMethods[Context], id=1461]], FeedbackDTO[id=986, text=null, detailText=The exercise expects a class with the name Policy in the package testpackage. You did not implement the class in the exercise., hasLongFeedbackText=false, reference=null, credits=0.0, positive=false, type=AUTOMATIC, visibility=ALWAYS, testCase=TestCaseDTO[testName=testMethods[Policy], id=1462]], FeedbackDTO[id=987, text=null, detailText=The exercise expects a class with the name SortStrategy in the package testpackage. You did not implement the class in the exercise., hasLongFeedbackText=false, reference=null, credits=0.0, positive=false, type=AUTOMATIC, visibility=ALWAYS, testCase=TestCaseDTO[testName=testMethods[SortStrategy], id=1463]], FeedbackDTO[id=988, text=null, detailText=The class 'MergeSort' does not implement the interface 'SortStrategy' as expected. Implement the interface and its methods., hasLongFeedbackText=false, reference=null, credits=0.0, positive=false, type=AUTOMATIC, visibility=ALWAYS, testCase=TestCaseDTO[testName=testClass[MergeSort], id=1458]], FeedbackDTO[id=989, text=null, detailText=The exercise expects a class with the name SortStrategy in the package testpackage. You did not implement the class in the exercise., hasLongFeedbackText=false, reference=null, credits=0.0, positive=false, type=AUTOMATIC, visibility=ALWAYS, testCase=TestCaseDTO[testName=testClass[SortStrategy], id=1455]], FeedbackDTO[id=990, text=null, detailText=The class 'BubbleSort' does not implement the interface 'SortStrategy' as expected. Implement the interface and its methods., hasLongFeedbackText=false, reference=null, credits=0.0, positive=false, type=AUTOMATIC, visibility=ALWAYS, testCase=TestCaseDTO[testName=testClass[BubbleSort], id=1459]], FeedbackDTO[id=991, text=null, detailText=MergeSort does not sort correctly, hasLongFeedbackText=false, reference=null, credits=0.0, positive=false, type=AUTOMATIC, visibility=ALWAYS, testCase=TestCaseDTO[testName=testMergeSort(), id=1464]], FeedbackDTO[id=992, text=null, detailText=The class 'Context' was not found within the submission. Make sure to implement it properly., hasLongFeedbackText=false, reference=null, credits=0.0, positive=false, type=AUTOMATIC, visibility=ALWAYS, testCase=TestCaseDTO[testName=testUseBubbleSortForSmallList(), id=1465]], FeedbackDTO[id=993, text=null, detailText=BubbleSort does not sort correctly, hasLongFeedbackText=false, reference=null, credits=0.0, positive=false, type=AUTOMATIC, visibility=ALWAYS, testCase=TestCaseDTO[testName=testBubbleSort(), id=1467]], FeedbackDTO[id=994, text=null, detailText=The class 'Context' was not found within the submission. Make sure to implement it properly., hasLongFeedbackText=false, reference=null, credits=0.0, positive=false, type=AUTOMATIC, visibility=ALWAYS, testCase=TestCaseDTO[testName=testUseMergeSortForBigList(), id=1466]], FeedbackDTO[id=995, text=null, detailText=The exercise expects a class with the name Policy in the package testpackage. You did not implement the class in the exercise., hasLongFeedbackText=false, reference=null, credits=0.0, positive=false, type=AUTOMATIC, visibility=ALWAYS, testCase=TestCaseDTO[testName=testConstructors[Policy], id=1460]], FeedbackDTO[id=996, text=null, detailText=The exercise expects a class with the name Context in the package testpackage. You did not implement the class in the exercise., hasLongFeedbackText=false, reference=null, credits=0.0, positive=false, type=AUTOMATIC, visibility=ALWAYS, testCase=TestCaseDTO[testName=testAttributes[Context], id=1456]], FeedbackDTO[id=997, text=null, detailText=The exercise expects a class with the name Policy in the package testpackage. You did not implement the class in the exercise., hasLongFeedbackText=false, reference=null, credits=0.0, positive=false, type=AUTOMATIC, visibility=ALWAYS, testCase=TestCaseDTO[testName=testAttributes[Policy], id=1457]]], assessmentType=AUTOMATIC, hasComplaint=null, exampleResult=null, testCaseCount=13, passedTestCaseCount=0, codeIssueCount=0]]], publicSshKey=ssh-rsa AAAAB3NzaC1yc2EAAAADAQABAAACAQCOPdMsxRE2jFJ/UEa5/LsBxtwzJcrh3/rYBCQvcMeVpiRfhzQPWu7mrt/G2Ew+i+vRloGH9aqKg6dd1liRncao53Zmd/ePxoatXePNhmzTfkCkcSkTUz7B+QMjkoDDV5jwuFPD6mF3JkhuzSi64n9Zy905t4w2IhVcjM2mL3eYNjiCXt6Qpq3Pkt7dM/Ksw1nxnvuiIALuJLB3FTkXkHqq3PJav+9HSq2r6ZaWgekneaGxlQlb+U+Vy3XOuArKAzK8c8i+0bR+AHiTG6ncYXt7ax3U+TdlDTF7OLP3umwaYjs1NBXOHwG42pevvpKn2fqavZZozk+M05jXLx3bq0O7itxfErWc7etky8qYPyyIMF/txQIVLd78+Ze4d7Y60t5MGbXM5cGE6fFif5fEJwgswXD+BrG0cafz1CTatjSKFdvp8Vp4VszXhHDan1PrP6JEFJ5Cc5GDmLRZPCFa3vL9f5qXgf4bkqKN8MYeEujwJE5nMRWoiJVNakix2bcrrneQMBlnYeYZVWXXXUusAQBzl4NgddC1umZpihZkL1b1MffZAUW3EGEXi7KHnllQhkTLLsQ8ntMgbylqaJKStqaXlLvdeRJcEnUuiFCrHEVVbXRFZR7XVDZ02CE5o3MuaRPty8Kh+jRTF3COlAckHwYEJCNNJvXFgb2CNXL4mjzYDw== test@localhost]
    23:45:50.561 | 566 localvc.event-13 | DEBUG | a.p.s.l.SharedQueueManagementService : Build agent updated: null
    23:45:50.565 | 566 localvc.event-13 | DEBUG | a.p.s.l.LocalCIQueueWebsocketService : Build agent updated: BuildAgentInformation[buildAgent=BuildAgentDTO[name=artemis-build-agent-test, memberAddress=[127.0.0.1]:5703, displayName=artemis-build-agent-test], maxNumberOfConcurrentBuildJobs=1, numberOfCurrentBuildJobs=0, runningBuildJobs=[], status=IDLE, recentBuildJobs=[BuildJobQueueItem[id=19141739576708030, name=SHORT5F02A8F400311042E70858306EB148073CFDTSTEXC-LOCALVCINTSTUDENT1, buildAgent=BuildAgentDTO[name=artemis-build-agent-test, memberAddress=[127.0.0.1]:5703, displayName=artemis-build-agent-test], participationId=1914, courseId=947, exerciseId=2564, retryCount=0, priority=2, status=FAILED, repositoryInfo=RepositoryInfo[repositoryName=short5f02a8f400311042e70858306eb148073cfdtstexc-localvcintstudent1, repositoryType=user, triggeredByPushTo=user, assignmentRepositoryUri=http://localhost:49152/git/SHORT5F02A8F400311042E70858306EB148073CFDTSTEXC/short5f02a8f400311042e70858306eb148073cfdtstexc-localvcintstudent1.git, testRepositoryUri=http://localhost:49152/git/SHORT5F02A8F400311042E70858306EB148073CFDTSTEXC/short5f02a8f400311042e70858306eb148073cfdtstexc-tests.git, solutionRepositoryUri=null, auxiliaryRepositoryUris=[Ljava.lang.String;@339c7982, auxiliaryRepositoryCheckoutDirectories=[Ljava.lang.String;@1c61273b], jobTimingInfo=JobTimingInfo[submissionDate=2025-02-14T23:45:08.030118216Z[Etc/UTC], buildStartDate=2025-02-14T23:45:08.041011412Z[Etc/UTC], buildCompletionDate=2025-02-14T23:45:08.054603331Z[Etc/UTC], estimatedCompletionDate=2025-02-14T23:45:27.041005080Z[Etc/UTC], estimatedDuration=19], buildConfig=BuildConfig[buildScript=#!/bin/bash
cd /var/tmp/testing-dir
chmod +x ./gradlew
./gradlew clean test
, dockerImage=dummy-docker-image:latest, commitHashToBuild=6e7146cac5059504aa9d170ec3fa23aec740bb51, assignmentCommitHash=6e7146cac5059504aa9d170ec3fa23aec740bb51, testCommitHash=931e5303581c7a2f01339ba603cfafbfe668b901, branch=main, programmingLanguage=JAVA, projectType=PLAIN_GRADLE, scaEnabled=false, sequentialTestRunsEnabled=false, resultPaths=[/var/tmp/testing-dir/**/test-results/test/*.xml], timeoutSeconds=0, assignmentCheckoutPath=null, testCheckoutPath=null, solutionCheckoutPath=null, dockerRunConfig=null], submissionResult=ResultDTO[id=622, completionDate=2025-02-14T23:45:08.054683681Z[Etc/UTC], successful=false, score=0.0, rated=true, submission=SubmissionDTO[id=814, submitted=true, type=MANUAL, exampleSubmission=null, submissionDate=2025-02-14T23:45:08.016200Z, commitHash=6e7146cac5059504aa9d170ec3fa23aec740bb51, buildFailed=true, buildArtifact=false, participation=ParticipationDTO[id=1914, testRun=false, type=programming, submissionCount=null, exercise=ParticipationExerciseDTO[id=2564, exerciseType=PROGRAMMING, type=programming, assessmentType=AUTOMATIC, dueDate=2025-02-16T23:45:07.324348Z, assessmentDueDate=null, maxPoints=42.0, course=CourseDTO[id=947, accuracyOfScores=1]]], submissionExerciseType=programming, isProcessing=false, buildStartDate=null, estimatedCompletionDate=null], participation=ParticipationDTO[id=1914, testRun=false, type=programming, submissionCount=null, exercise=ParticipationExerciseDTO[id=2564, exerciseType=PROGRAMMING, type=programming, assessmentType=AUTOMATIC, dueDate=2025-02-16T23:45:07.324348Z, assessmentDueDate=null, maxPoints=42.0, course=CourseDTO[id=947, accuracyOfScores=1]]], feedbacks=[], assessmentType=AUTOMATIC, hasComplaint=null, exampleResult=null, testCaseCount=0, passedTestCaseCount=0, codeIssueCount=0]], BuildJobQueueItem[id=19361739576711303, name=SHORT9AFDAE3804CA304DDF0889A0CB0F56104A86TSTEXC-LOCALVCINTSTUDENT1, buildAgent=BuildAgentDTO[name=artemis-build-agent-test, memberAddress=[127.0.0.1]:5703, displayName=artemis-build-agent-test], participationId=1936, courseId=956, exerciseId=2573, retryCount=0, priority=2, status=FAILED, repositoryInfo=RepositoryInfo[repositoryName=short9afdae3804ca304ddf0889a0cb0f56104a86tstexc-localvcintstudent1, repositoryType=user, triggeredByPushTo=user, assignmentRepositoryUri=http://localhost:49152/git/SHORT9AFDAE3804CA304DDF0889A0CB0F56104A86TSTEXC/short9afdae3804ca304ddf0889a0cb0f56104a86tstexc-localvcintstudent1.git, testRepositoryUri=http://localhost:49152/git/SHORT9AFDAE3804CA304DDF0889A0CB0F56104A86TSTEXC/short9afdae3804ca304ddf0889a0cb0f56104a86tstexc-tests.git, solutionRepositoryUri=null, auxiliaryRepositoryUris=[Ljava.lang.String;@4ad7fd7b, auxiliaryRepositoryCheckoutDirectories=[Ljava.lang.String;@2f9da15a], jobTimingInfo=JobTimingInfo[submissionDate=2025-02-14T23:45:11.303805653Z[Etc/UTC], buildStartDate=2025-02-14T23:45:11.310981356Z[Etc/UTC], buildCompletionDate=2025-02-14T23:45:11.319178384Z[Etc/UTC], estimatedCompletionDate=2025-02-14T23:45:30.310974944Z[Etc/UTC], estimatedDuration=19], buildConfig=BuildConfig[buildScript=#!/bin/bash
cd /var/tmp/testing-dir
chmod +x ./gradlew
./gradlew clean test
, dockerImage=dummy-docker-image:latest, commitHashToBuild=a1099e378cffde441ef85f9b12577ca174b8e1e4, assignmentCommitHash=a1099e378cffde441ef85f9b12577ca174b8e1e4, testCommitHash=bd38d61c299ab11a1dea82a3ca5493fe04d97d47, branch=main, programmingLanguage=JAVA, projectType=PLAIN_GRADLE, scaEnabled=false, sequentialTestRunsEnabled=false, resultPaths=[/var/tmp/testing-dir/**/test-results/test/*.xml], timeoutSeconds=0, assignmentCheckoutPath=null, testCheckoutPath=null, solutionCheckoutPath=null, dockerRunConfig=null], submissionResult=ResultDTO[id=623, completionDate=2025-02-14T23:45:11.319278430Z[Etc/UTC], successful=false, score=0.0, rated=true, submission=SubmissionDTO[id=815, submitted=true, type=MANUAL, exampleSubmission=null, submissionDate=2025-02-14T23:45:11.294386Z, commitHash=a1099e378cffde441ef85f9b12577ca174b8e1e4, buildFailed=true, buildArtifact=false, participation=ParticipationDTO[id=1936, testRun=false, type=programming, submissionCount=null, exercise=ParticipationExerciseDTO[id=2573, exerciseType=PROGRAMMING, type=programming, assessmentType=AUTOMATIC, dueDate=2025-02-16T23:45:10.996982Z, assessmentDueDate=null, maxPoints=42.0, course=CourseDTO[id=956, accuracyOfScores=1]]], submissionExerciseType=programming, isProcessing=false, buildStartDate=null, estimatedCompletionDate=null], participation=ParticipationDTO[id=1936, testRun=false, type=programming, submissionCount=null, exercise=ParticipationExerciseDTO[id=2573, exerciseType=PROGRAMMING, type=programming, assessmentType=AUTOMATIC, dueDate=2025-02-16T23:45:10.996982Z, assessmentDueDate=null, maxPoints=42.0, course=CourseDTO[id=956, accuracyOfScores=1]]], feedbacks=[], assessmentType=AUTOMATIC, hasComplaint=null, exampleResult=null, testCaseCount=0, passedTestCaseCount=0, codeIssueCount=0]], BuildJobQueueItem[id=19351739576711674, name=SHORT9AFDAE3804CA304DDF0889A0CB0F56104A86TSTEXC-BASE, buildAgent=BuildAgentDTO[name=artemis-build-agent-test, memberAddress=[127.0.0.1]:5703, displayName=artemis-build-agent-test], participationId=1935, courseId=956, exerciseId=2573, retryCount=0, priority=2, status=FAILED, repositoryInfo=RepositoryInfo[repositoryName=short9afdae3804ca304ddf0889a0cb0f56104a86tstexc-exercise, repositoryType=exercise, triggeredByPushTo=exercise, assignmentRepositoryUri=http://localhost:49152/git/SHORT9AFDAE3804CA304DDF0889A0CB0F56104A86TSTEXC/short9afdae3804ca304ddf0889a0cb0f56104a86tstexc-exercise.git, testRepositoryUri=http://localhost:49152/git/SHORT9AFDAE3804CA304DDF0889A0CB0F56104A86TSTEXC/short9afdae3804ca304ddf0889a0cb0f56104a86tstexc-tests.git, solutionRepositoryUri=null, auxiliaryRepositoryUris=[Ljava.lang.String;@7f1d8d42, auxiliaryRepositoryCheckoutDirectories=[Ljava.lang.String;@6a502565], jobTimingInfo=JobTimingInfo[submissionDate=2025-02-14T23:45:11.674556681Z[Etc/UTC], buildStartDate=2025-02-14T23:45:11.677776879Z[Etc/UTC], buildCompletionDate=2025-02-14T23:45:11.688097378Z[Etc/UTC], estimatedCompletionDate=2025-02-14T23:45:30.677771620Z[Etc/UTC], estimatedDuration=19], buildConfig=BuildConfig[buildScript=#!/bin/bash
cd /var/tmp/testing-dir
chmod +x ./gradlew
./gradlew clean test
, dockerImage=dummy-docker-image:latest, commitHashToBuild=a1099e378cffde441ef85f9b12577ca174b8e1e4, assignmentCommitHash=a1099e378cffde441ef85f9b12577ca174b8e1e4, testCommitHash=bd38d61c299ab11a1dea82a3ca5493fe04d97d47, branch=main, programmingLanguage=JAVA, projectType=PLAIN_GRADLE, scaEnabled=false, sequentialTestRunsEnabled=false, resultPaths=[/var/tmp/testing-dir/**/test-results/test/*.xml], timeoutSeconds=0, assignmentCheckoutPath=null, testCheckoutPath=null, solutionCheckoutPath=null, dockerRunConfig=null], submissionResult=ResultDTO[id=624, completionDate=2025-02-14T23:45:11.688214837Z[Etc/UTC], successful=false, score=0.0, rated=true, submission=SubmissionDTO[id=816, submitted=true, type=MANUAL, exampleSubmission=null, submissionDate=2025-02-14T23:45:11.656934Z, commitHash=a1099e378cffde441ef85f9b12577ca174b8e1e4, buildFailed=true, buildArtifact=false, participation=ParticipationDTO[id=1935, testRun=false, type=template, submissionCount=null, exercise=ParticipationExerciseDTO[id=2573, exerciseType=PROGRAMMING, type=programming, assessmentType=AUTOMATIC, dueDate=2025-02-16T23:45:10.996982Z, assessmentDueDate=null, maxPoints=42.0, course=CourseDTO[id=956, accuracyOfScores=1]]], submissionExerciseType=programming, isProcessing=false, buildStartDate=null, estimatedCompletionDate=null], participation=ParticipationDTO[id=1935, testRun=false, type=template, submissionCount=null, exercise=ParticipationExerciseDTO[id=2573, exerciseType=PROGRAMMING, type=programming, assessmentType=AUTOMATIC, dueDate=2025-02-16T23:45:10.996982Z, assessmentDueDate=null, maxPoints=42.0, course=CourseDTO[id=956, accuracyOfScores=1]]], feedbacks=[], assessmentType=AUTOMATIC, hasComplaint=null, exampleResult=null, testCaseCount=0, passedTestCaseCount=0, codeIssueCount=0]], BuildJobQueueItem[id=19341739576712112, name=SHORT9AFDAE3804CA304DDF0889A0CB0F56104A86TSTEXC-SOLUTION, buildAgent=BuildAgentDTO[name=artemis-build-agent-test, memberAddress=[127.0.0.1]:5703, displayName=artemis-build-agent-test], participationId=1934, courseId=956, exerciseId=2573, retryCount=0, priority=2, status=FAILED, repositoryInfo=RepositoryInfo[repositoryName=short9afdae3804ca304ddf0889a0cb0f56104a86tstexc-solution, repositoryType=solution, triggeredByPushTo=solution, assignmentRepositoryUri=http://localhost:49152/git/SHORT9AFDAE3804CA304DDF0889A0CB0F56104A86TSTEXC/short9afdae3804ca304ddf0889a0cb0f56104a86tstexc-solution.git, testRepositoryUri=http://localhost:49152/git/SHORT9AFDAE3804CA304DDF0889A0CB0F56104A86TSTEXC/short9afdae3804ca304ddf0889a0cb0f56104a86tstexc-tests.git, solutionRepositoryUri=null, auxiliaryRepositoryUris=[Ljava.lang.String;@1f993171, auxiliaryRepositoryCheckoutDirectories=[Ljava.lang.String;@5d4cc4a9], jobTimingInfo=JobTimingInfo[submissionDate=2025-02-14T23:45:12.112332872Z[Etc/UTC], buildStartDate=2025-02-14T23:45:12.121617114Z[Etc/UTC], buildCompletionDate=2025-02-14T23:45:12.127931701Z[Etc/UTC], estimatedCompletionDate=2025-02-14T23:45:31.121609600Z[Etc/UTC], estimatedDuration=19], buildConfig=BuildConfig[buildScript=#!/bin/bash
cd /var/tmp/testing-dir
chmod +x ./gradlew
./gradlew clean test
, dockerImage=dummy-docker-image:latest, commitHashToBuild=a1099e378cffde441ef85f9b12577ca174b8e1e4, assignmentCommitHash=a1099e378cffde441ef85f9b12577ca174b8e1e4, testCommitHash=bd38d61c299ab11a1dea82a3ca5493fe04d97d47, branch=main, programmingLanguage=JAVA, projectType=PLAIN_GRADLE, scaEnabled=false, sequentialTestRunsEnabled=false, resultPaths=[/var/tmp/testing-dir/**/test-results/test/*.xml], timeoutSeconds=0, assignmentCheckoutPath=null, testCheckoutPath=null, solutionCheckoutPath=null, dockerRunConfig=null], submissionResult=ResultDTO[id=625, completionDate=2025-02-14T23:45:12.128011800Z[Etc/UTC], successful=false, score=0.0, rated=true, submission=SubmissionDTO[id=817, submitted=true, type=MANUAL, exampleSubmission=null, submissionDate=2025-02-14T23:45:12.098737Z, commitHash=a1099e378cffde441ef85f9b12577ca174b8e1e4, buildFailed=true, buildArtifact=false, participation=ParticipationDTO[id=1934, testRun=false, type=solution, submissionCount=null, exercise=ParticipationExerciseDTO[id=2573, exerciseType=PROGRAMMING, type=programming, assessmentType=AUTOMATIC, dueDate=2025-02-16T23:45:10.996982Z, assessmentDueDate=null, maxPoints=42.0, course=CourseDTO[id=956, accuracyOfScores=1]]], submissionExerciseType=programming, isProcessing=false, buildStartDate=null, estimatedCompletionDate=null], participation=ParticipationDTO[id=1934, testRun=false, type=solution, submissionCount=null, exercise=ParticipationExerciseDTO[id=2573, exerciseType=PROGRAMMING, type=programming, assessmentType=AUTOMATIC, dueDate=2025-02-16T23:45:10.996982Z, assessmentDueDate=null, maxPoints=42.0, course=CourseDTO[id=956, accuracyOfScores=1]]], feedbacks=[], assessmentType=AUTOMATIC, hasComplaint=null, exampleResult=null, testCaseCount=0, passedTestCaseCount=0, codeIssueCount=0]], BuildJobQueueItem[id=19341739576713025, name=SHORT9AFDAE3804CA304DDF0889A0CB0F56104A86TSTEXC-SOLUTION, buildAgent=BuildAgentDTO[name=artemis-build-agent-test, memberAddress=[127.0.0.1]:5703, displayName=artemis-build-agent-test], participationId=1934, courseId=956, exerciseId=2573, retryCount=0, priority=2, status=FAILED, repositoryInfo=RepositoryInfo[repositoryName=short9afdae3804ca304ddf0889a0cb0f56104a86tstexc-solution, repositoryType=solution, triggeredByPushTo=tests, assignmentRepositoryUri=http://localhost:49152/git/SHORT9AFDAE3804CA304DDF0889A0CB0F56104A86TSTEXC/short9afdae3804ca304ddf0889a0cb0f56104a86tstexc-solution.git, testRepositoryUri=http://localhost:49152/git/SHORT9AFDAE3804CA304DDF0889A0CB0F56104A86TSTEXC/short9afdae3804ca304ddf0889a0cb0f56104a86tstexc-tests.git, solutionRepositoryUri=null, auxiliaryRepositoryUris=[Ljava.lang.String;@4ea835df, auxiliaryRepositoryCheckoutDirectories=[Ljava.lang.String;@25384a62], jobTimingInfo=JobTimingInfo[submissionDate=2025-02-14T23:45:13.025319671Z[Etc/UTC], buildStartDate=2025-02-14T23:45:13.040293146Z[Etc/UTC], buildCompletionDate=2025-02-14T23:45:13.053032917Z[Etc/UTC], estimatedCompletionDate=2025-02-14T23:45:32.040285703Z[Etc/UTC], estimatedDuration=19], buildConfig=BuildConfig[buildScript=#!/bin/bash
cd /var/tmp/testing-dir
chmod +x ./gradlew
./gradlew clean test
, dockerImage=dummy-docker-image:latest, commitHashToBuild=784f8f0049d2a1a54f21c67dd772bea86715267a, assignmentCommitHash=a1099e378cffde441ef85f9b12577ca174b8e1e4, testCommitHash=784f8f0049d2a1a54f21c67dd772bea86715267a, branch=main, programmingLanguage=JAVA, projectType=PLAIN_GRADLE, scaEnabled=false, sequentialTestRunsEnabled=false, resultPaths=[/var/tmp/testing-dir/**/test-results/test/*.xml], timeoutSeconds=0, assignmentCheckoutPath=null, testCheckoutPath=null, solutionCheckoutPath=null, dockerRunConfig=null], submissionResult=ResultDTO[id=626, completionDate=2025-02-14T23:45:13.053131811Z[Etc/UTC], successful=false, score=0.0, rated=true, submission=SubmissionDTO[id=818, submitted=true, type=TEST, exampleSubmission=null, submissionDate=2025-02-14T23:45:13.005779Z, commitHash=784f8f0049d2a1a54f21c67dd772bea86715267a, buildFailed=true, buildArtifact=false, participation=ParticipationDTO[id=1934, testRun=false, type=solution, submissionCount=null, exercise=ParticipationExerciseDTO[id=2573, exerciseType=PROGRAMMING, type=programming, assessmentType=AUTOMATIC, dueDate=2025-02-16T23:45:10.996982Z, assessmentDueDate=null, maxPoints=42.0, course=CourseDTO[id=956, accuracyOfScores=1]]], submissionExerciseType=programming, isProcessing=false, buildStartDate=null, estimatedCompletionDate=null], participation=ParticipationDTO[id=1934, testRun=false, type=solution, submissionCount=null, exercise=ParticipationExerciseDTO[id=2573, exerciseType=PROGRAMMING, type=programming, assessmentType=AUTOMATIC, dueDate=2025-02-16T23:45:10.996982Z, assessmentDueDate=null, maxPoints=42.0, course=CourseDTO[id=956, accuracyOfScores=1]]], feedbacks=[], assessmentType=AUTOMATIC, hasComplaint=null, exampleResult=null, testCaseCount=0, passedTestCaseCount=0, codeIssueCount=0]], BuildJobQueueItem[id=19581739576715555, name=SHORTC1A3F9FC03D2304B4308FA20AF16D54AAA49TSTEXC-LOCALVCSSHINTSTUDENT1, buildAgent=BuildAgentDTO[name=artemis-build-agent-test, memberAddress=[127.0.0.1]:5703, displayName=artemis-build-agent-test], participationId=1958, courseId=965, exerciseId=2582, retryCount=0, priority=2, status=FAILED, repositoryInfo=RepositoryInfo[repositoryName=shortc1a3f9fc03d2304b4308fa20af16d54aaa49tstexc-localvcsshintstudent1, repositoryType=user, triggeredByPushTo=user, assignmentRepositoryUri=http://localhost:49152/git/SHORTC1A3F9FC03D2304B4308FA20AF16D54AAA49TSTEXC/shortc1a3f9fc03d2304b4308fa20af16d54aaa49tstexc-localvcsshintstudent1.git, testRepositoryUri=http://localhost:49152/git/SHORTC1A3F9FC03D2304B4308FA20AF16D54AAA49TSTEXC/shortc1a3f9fc03d2304b4308fa20af16d54aaa49tstexc-tests.git, solutionRepositoryUri=null, auxiliaryRepositoryUris=[Ljava.lang.String;@737cf50d, auxiliaryRepositoryCheckoutDirectories=[Ljava.lang.String;@48ae0e47], jobTimingInfo=JobTimingInfo[submissionDate=2025-02-14T23:45:15.555989584Z[Etc/UTC], buildStartDate=2025-02-14T23:45:15.568477627Z[Etc/UTC], buildCompletionDate=2025-02-14T23:45:15.579021148Z[Etc/UTC], estimatedCompletionDate=2025-02-14T23:45:34.568443924Z[Etc/UTC], estimatedDuration=19], buildConfig=BuildConfig[buildScript=#!/bin/bash
cd /var/tmp/testing-dir
chmod +x ./gradlew
./gradlew clean test
, dockerImage=dummy-docker-image:latest, commitHashToBuild=ca76dac20e040e6609db02fd7fedd56bf58829d7, assignmentCommitHash=ca76dac20e040e6609db02fd7fedd56bf58829d7, testCommitHash=bd0d58c226dc63bfa4bc9052870589952c0a1f83, branch=main, programmingLanguage=JAVA, projectType=PLAIN_GRADLE, scaEnabled=false, sequentialTestRunsEnabled=false, resultPaths=[/var/tmp/testing-dir/**/test-results/test/*.xml], timeoutSeconds=0, assignmentCheckoutPath=null, testCheckoutPath=null, solutionCheckoutPath=null, dockerRunConfig=null], submissionResult=ResultDTO[id=627, completionDate=2025-02-14T23:45:15.579119131Z[Etc/UTC], successful=false, score=0.0, rated=true, submission=SubmissionDTO[id=820, submitted=true, type=MANUAL, exampleSubmission=null, submissionDate=2025-02-14T23:45:15.548349Z, commitHash=ca76dac20e040e6609db02fd7fedd56bf58829d7, buildFailed=true, buildArtifact=false, participation=ParticipationDTO[id=1958, testRun=false, type=programming, submissionCount=null, exercise=ParticipationExerciseDTO[id=2582, exerciseType=PROGRAMMING, type=programming, assessmentType=AUTOMATIC, dueDate=2025-02-16T23:45:15.103512Z, assessmentDueDate=null, maxPoints=42.0, course=CourseDTO[id=965, accuracyOfScores=1]]], submissionExerciseType=programming, isProcessing=false, buildStartDate=null, estimatedCompletionDate=null], participation=ParticipationDTO[id=1958, testRun=false, type=programming, submissionCount=null, exercise=ParticipationExerciseDTO[id=2582, exerciseType=PROGRAMMING, type=programming, assessmentType=AUTOMATIC, dueDate=2025-02-16T23:45:15.103512Z, assessmentDueDate=null, maxPoints=42.0, course=CourseDTO[id=965, accuracyOfScores=1]]], feedbacks=[], assessmentType=AUTOMATIC, hasComplaint=null, exampleResult=null, testCaseCount=0, passedTestCaseCount=0, codeIssueCount=0]], BuildJobQueueItem[id=19801739576719393, name=SHORTB2A6C58B0D447045380A858075B170A5B7C6TSTEXC-LOCALVCSSHINTSTUDENT1, buildAgent=BuildAgentDTO[name=artemis-build-agent-test, memberAddress=[127.0.0.1]:5703, displayName=artemis-build-agent-test], participationId=1980, courseId=974, exerciseId=2591, retryCount=0, priority=2, status=FAILED, repositoryInfo=RepositoryInfo[repositoryName=shortb2a6c58b0d447045380a858075b170a5b7c6tstexc-localvcsshintstudent1, repositoryType=user, triggeredByPushTo=user, assignmentRepositoryUri=http://localhost:49152/git/SHORTB2A6C58B0D447045380A858075B170A5B7C6TSTEXC/shortb2a6c58b0d447045380a858075b170a5b7c6tstexc-localvcsshintstudent1.git, testRepositoryUri=http://localhost:49152/git/SHORTB2A6C58B0D447045380A858075B170A5B7C6TSTEXC/shortb2a6c58b0d447045380a858075b170a5b7c6tstexc-tests.git, solutionRepositoryUri=null, auxiliaryRepositoryUris=[Ljava.lang.String;@47a7cc40, auxiliaryRepositoryCheckoutDirectories=[Ljava.lang.String;@20abf58c], jobTimingInfo=JobTimingInfo[submissionDate=2025-02-14T23:45:19.393259829Z[Etc/UTC], buildStartDate=2025-02-14T23:45:19.405438171Z[Etc/UTC], buildCompletionDate=2025-02-14T23:45:19.414070673Z[Etc/UTC], estimatedCompletionDate=2025-02-14T23:45:38.405431569Z[Etc/UTC], estimatedDuration=19], buildConfig=BuildConfig[buildScript=#!/bin/bash
cd /var/tmp/testing-dir
chmod +x ./gradlew
./gradlew clean test
, dockerImage=dummy-docker-image:latest, commitHashToBuild=363cdbf709a9fff149f813ab848ee800a675cc77, assignmentCommitHash=363cdbf709a9fff149f813ab848ee800a675cc77, testCommitHash=a5e046ece417b2e538f21f816e2524dab61e0d10, branch=main, programmingLanguage=JAVA, projectType=PLAIN_GRADLE, scaEnabled=false, sequentialTestRunsEnabled=false, resultPaths=[/var/tmp/testing-dir/**/test-results/test/*.xml], timeoutSeconds=0, assignmentCheckoutPath=null, testCheckoutPath=null, solutionCheckoutPath=null, dockerRunConfig=null], submissionResult=ResultDTO[id=628, completionDate=2025-02-14T23:45:19.414171040Z[Etc/UTC], successful=false, score=0.0, rated=true, submission=SubmissionDTO[id=821, submitted=true, type=MANUAL, exampleSubmission=null, submissionDate=2025-02-14T23:45:19.376840Z, commitHash=363cdbf709a9fff149f813ab848ee800a675cc77, buildFailed=true, buildArtifact=false, participation=ParticipationDTO[id=1980, testRun=false, type=programming, submissionCount=null, exercise=ParticipationExerciseDTO[id=2591, exerciseType=PROGRAMMING, type=programming, assessmentType=AUTOMATIC, dueDate=2025-02-16T23:45:18.950569Z, assessmentDueDate=null, maxPoints=42.0, course=CourseDTO[id=974, accuracyOfScores=1]]], submissionExerciseType=programming, isProcessing=false, buildStartDate=null, estimatedCompletionDate=null], participation=ParticipationDTO[id=1980, testRun=false, type=programming, submissionCount=null, exercise=ParticipationExerciseDTO[id=2591, exerciseType=PROGRAMMING, type=programming, assessmentType=AUTOMATIC, dueDate=2025-02-16T23:45:18.950569Z, assessmentDueDate=null, maxPoints=42.0, course=CourseDTO[id=974, accuracyOfScores=1]]], feedbacks=[], assessmentType=AUTOMATIC, hasComplaint=null, exampleResult=null, testCaseCount=0, passedTestCaseCount=0, codeIssueCount=0]], BuildJobQueueItem[id=19791739576719787, name=SHORTB2A6C58B0D447045380A858075B170A5B7C6TSTEXC-BASE, buildAgent=BuildAgentDTO[name=artemis-build-agent-test, memberAddress=[127.0.0.1]:5703, displayName=artemis-build-agent-test], participationId=1979, courseId=974, exerciseId=2591, retryCount=0, priority=2, status=FAILED, repositoryInfo=RepositoryInfo[repositoryName=shortb2a6c58b0d447045380a858075b170a5b7c6tstexc-exercise, repositoryType=exercise, triggeredByPushTo=exercise, assignmentRepositoryUri=http://localhost:49152/git/SHORTB2A6C58B0D447045380A858075B170A5B7C6TSTEXC/shortb2a6c58b0d447045380a858075b170a5b7c6tstexc-exercise.git, testRepositoryUri=http://localhost:49152/git/SHORTB2A6C58B0D447045380A858075B170A5B7C6TSTEXC/shortb2a6c58b0d447045380a858075b170a5b7c6tstexc-tests.git, solutionRepositoryUri=null, auxiliaryRepositoryUris=[Ljava.lang.String;@346bb809, auxiliaryRepositoryCheckoutDirectories=[Ljava.lang.String;@c8f54f5], jobTimingInfo=JobTimingInfo[submissionDate=2025-02-14T23:45:19.787985058Z[Etc/UTC], buildStartDate=2025-02-14T23:45:19.796327417Z[Etc/UTC], buildCompletionDate=2025-02-14T23:45:19.799750982Z[Etc/UTC], estimatedCompletionDate=2025-02-14T23:45:38.796319082Z[Etc/UTC], estimatedDuration=19], buildConfig=BuildConfig[buildScript=#!/bin/bash
cd /var/tmp/testing-dir
chmod +x ./gradlew
./gradlew clean test
, dockerImage=dummy-docker-image:latest, commitHashToBuild=363cdbf709a9fff149f813ab848ee800a675cc77, assignmentCommitHash=363cdbf709a9fff149f813ab848ee800a675cc77, testCommitHash=a5e046ece417b2e538f21f816e2524dab61e0d10, branch=main, programmingLanguage=JAVA, projectType=PLAIN_GRADLE, scaEnabled=false, sequentialTestRunsEnabled=false, resultPaths=[/var/tmp/testing-dir/**/test-results/test/*.xml], timeoutSeconds=0, assignmentCheckoutPath=null, testCheckoutPath=null, solutionCheckoutPath=null, dockerRunConfig=null], submissionResult=ResultDTO[id=629, completionDate=2025-02-14T23:45:19.799820341Z[Etc/UTC], successful=false, score=0.0, rated=true, submission=SubmissionDTO[id=822, submitted=true, type=MANUAL, exampleSubmission=null, submissionDate=2025-02-14T23:45:19.775952Z, commitHash=363cdbf709a9fff149f813ab848ee800a675cc77, buildFailed=true, buildArtifact=false, participation=ParticipationDTO[id=1979, testRun=false, type=template, submissionCount=null, exercise=ParticipationExerciseDTO[id=2591, exerciseType=PROGRAMMING, type=programming, assessmentType=AUTOMATIC, dueDate=2025-02-16T23:45:18.950569Z, assessmentDueDate=null, maxPoints=42.0, course=CourseDTO[id=974, accuracyOfScores=1]]], submissionExerciseType=programming, isProcessing=false, buildStartDate=null, estimatedCompletionDate=null], participation=ParticipationDTO[id=1979, testRun=false, type=template, submissionCount=null, exercise=ParticipationExerciseDTO[id=2591, exerciseType=PROGRAMMING, type=programming, assessmentType=AUTOMATIC, dueDate=2025-02-16T23:45:18.950569Z, assessmentDueDate=null, maxPoints=42.0, course=CourseDTO[id=974, accuracyOfScores=1]]], feedbacks=[], assessmentType=AUTOMATIC, hasComplaint=null, exampleResult=null, testCaseCount=0, passedTestCaseCount=0, codeIssueCount=0]], BuildJobQueueItem[id=19781739576720235, name=SHORTB2A6C58B0D447045380A858075B170A5B7C6TSTEXC-SOLUTION, buildAgent=BuildAgentDTO[name=artemis-build-agent-test, memberAddress=[127.0.0.1]:5703, displayName=artemis-build-agent-test], participationId=1978, courseId=974, exerciseId=2591, retryCount=0, priority=2, status=FAILED, repositoryInfo=RepositoryInfo[repositoryName=shortb2a6c58b0d447045380a858075b170a5b7c6tstexc-solution, repositoryType=solution, triggeredByPushTo=solution, assignmentRepositoryUri=http://localhost:49152/git/SHORTB2A6C58B0D447045380A858075B170A5B7C6TSTEXC/shortb2a6c58b0d447045380a858075b170a5b7c6tstexc-solution.git, testRepositoryUri=http://localhost:49152/git/SHORTB2A6C58B0D447045380A858075B170A5B7C6TSTEXC/shortb2a6c58b0d447045380a858075b170a5b7c6tstexc-tests.git, solutionRepositoryUri=null, auxiliaryRepositoryUris=[Ljava.lang.String;@75335ce8, auxiliaryRepositoryCheckoutDirectories=[Ljava.lang.String;@a4bc057], jobTimingInfo=JobTimingInfo[submissionDate=2025-02-14T23:45:20.235272325Z[Etc/UTC], buildStartDate=2025-02-14T23:45:20.243033812Z[Etc/UTC], buildCompletionDate=2025-02-14T23:45:20.250721018Z[Etc/UTC], estimatedCompletionDate=2025-02-14T23:45:39.243026949Z[Etc/UTC], estimatedDuration=19], buildConfig=BuildConfig[buildScript=#!/bin/bash
cd /var/tmp/testing-dir
chmod +x ./gradlew
./gradlew clean test
, dockerImage=dummy-docker-image:latest, commitHashToBuild=c710d0e68c9c7db8cda7d1a278308de2b9642cc0, assignmentCommitHash=c710d0e68c9c7db8cda7d1a278308de2b9642cc0, testCommitHash=a5e046ece417b2e538f21f816e2524dab61e0d10, branch=main, programmingLanguage=JAVA, projectType=PLAIN_GRADLE, scaEnabled=false, sequentialTestRunsEnabled=false, resultPaths=[/var/tmp/testing-dir/**/test-results/test/*.xml], timeoutSeconds=0, assignmentCheckoutPath=null, testCheckoutPath=null, solutionCheckoutPath=null, dockerRunConfig=null], submissionResult=ResultDTO[id=630, completionDate=2025-02-14T23:45:20.250809893Z[Etc/UTC], successful=false, score=0.0, rated=true, submission=SubmissionDTO[id=823, submitted=true, type=MANUAL, exampleSubmission=null, submissionDate=2025-02-14T23:45:20.211707Z, commitHash=c710d0e68c9c7db8cda7d1a278308de2b9642cc0, buildFailed=true, buildArtifact=false, participation=ParticipationDTO[id=1978, testRun=false, type=solution, submissionCount=null, exercise=ParticipationExerciseDTO[id=2591, exerciseType=PROGRAMMING, type=programming, assessmentType=AUTOMATIC, dueDate=2025-02-16T23:45:18.950569Z, assessmentDueDate=null, maxPoints=42.0, course=CourseDTO[id=974, accuracyOfScores=1]]], submissionExerciseType=programming, isProcessing=false, buildStartDate=null, estimatedCompletionDate=null], participation=ParticipationDTO[id=1978, testRun=false, type=solution, submissionCount=null, exercise=ParticipationExerciseDTO[id=2591, exerciseType=PROGRAMMING, type=programming, assessmentType=AUTOMATIC, dueDate=2025-02-16T23:45:18.950569Z, assessmentDueDate=null, maxPoints=42.0, course=CourseDTO[id=974, accuracyOfScores=1]]], feedbacks=[], assessmentType=AUTOMATIC, hasComplaint=null, exampleResult=null, testCaseCount=0, passedTestCaseCount=0, codeIssueCount=0]], BuildJobQueueItem[id=19781739576720802, name=SHORTB2A6C58B0D447045380A858075B170A5B7C6TSTEXC-SOLUTION, buildAgent=BuildAgentDTO[name=artemis-build-agent-test, memberAddress=[127.0.0.1]:5703, displayName=artemis-build-agent-test], participationId=1978, courseId=974, exerciseId=2591, retryCount=0, priority=2, status=FAILED, repositoryInfo=RepositoryInfo[repositoryName=shortb2a6c58b0d447045380a858075b170a5b7c6tstexc-solution, repositoryType=solution, triggeredByPushTo=tests, assignmentRepositoryUri=http://localhost:49152/git/SHORTB2A6C58B0D447045380A858075B170A5B7C6TSTEXC/shortb2a6c58b0d447045380a858075b170a5b7c6tstexc-solution.git, testRepositoryUri=http://localhost:49152/git/SHORTB2A6C58B0D447045380A858075B170A5B7C6TSTEXC/shortb2a6c58b0d447045380a858075b170a5b7c6tstexc-tests.git, solutionRepositoryUri=null, auxiliaryRepositoryUris=[Ljava.lang.String;@63899ae7, auxiliaryRepositoryCheckoutDirectories=[Ljava.lang.String;@15d7429f], jobTimingInfo=JobTimingInfo[submissionDate=2025-02-14T23:45:20.802935026Z[Etc/UTC], buildStartDate=2025-02-14T23:45:20.809306435Z[Etc/UTC], buildCompletionDate=2025-02-14T23:45:20.822452342Z[Etc/UTC], estimatedCompletionDate=2025-02-14T23:45:39.809298491Z[Etc/UTC], estimatedDuration=19], buildConfig=BuildConfig[buildScript=#!/bin/bash
cd /var/tmp/testing-dir
chmod +x ./gradlew
./gradlew clean test
, dockerImage=dummy-docker-image:latest, commitHashToBuild=c710d0e68c9c7db8cda7d1a278308de2b9642cc0, assignmentCommitHash=c710d0e68c9c7db8cda7d1a278308de2b9642cc0, testCommitHash=c710d0e68c9c7db8cda7d1a278308de2b9642cc0, branch=main, programmingLanguage=JAVA, projectType=PLAIN_GRADLE, scaEnabled=false, sequentialTestRunsEnabled=false, resultPaths=[/var/tmp/testing-dir/**/test-results/test/*.xml], timeoutSeconds=0, assignmentCheckoutPath=null, testCheckoutPath=null, solutionCheckoutPath=null, dockerRunConfig=null], submissionResult=ResultDTO[id=631, completionDate=2025-02-14T23:45:20.822527362Z[Etc/UTC], successful=false, score=0.0, rated=true, submission=SubmissionDTO[id=824, submitted=true, type=TEST, exampleSubmission=null, submissionDate=2025-02-14T23:45:20.791240Z, commitHash=c710d0e68c9c7db8cda7d1a278308de2b9642cc0, buildFailed=true, buildArtifact=false, participation=ParticipationDTO[id=1978, testRun=false, type=solution, submissionCount=null, exercise=ParticipationExerciseDTO[id=2591, exerciseType=PROGRAMMING, type=programming, assessmentType=AUTOMATIC, dueDate=2025-02-16T23:45:18.950569Z, assessmentDueDate=null, maxPoints=42.0, course=CourseDTO[id=974, accuracyOfScores=1]]], submissionExerciseType=programming, isProcessing=false, buildStartDate=null, estimatedCompletionDate=null], participation=ParticipationDTO[id=1978, testRun=false, type=solution, submissionCount=null, exercise=ParticipationExerciseDTO[id=2591, exerciseType=PROGRAMMING, type=programming, assessmentType=AUTOMATIC, dueDate=2025-02-16T23:45:18.950569Z, assessmentDueDate=null, maxPoints=42.0, course=CourseDTO[id=974, accuracyOfScores=1]]], feedbacks=[], assessmentType=AUTOMATIC, hasComplaint=null, exampleResult=null, testCaseCount=0, passedTestCaseCount=0, codeIssueCount=0]], BuildJobQueueItem[id=20061739576732554, name=SHORT94A899E303D7504C5D0840704DAAFA3DFF4DTSTEXC-LOCALVCCIINTINSTRUCTOR1, buildAgent=BuildAgentDTO[name=artemis-build-agent-test, memberAddress=[127.0.0.1]:5703, displayName=artemis-build-agent-test], participationId=2006, courseId=984, exerciseId=2601, retryCount=0, priority=2, status=SUCCESSFUL, repositoryInfo=RepositoryInfo[repositoryName=short94a899e303d7504c5d0840704daafa3dff4dtstexc-localvcciintinstructor1, repositoryType=user, triggeredByPushTo=user, assignmentRepositoryUri=http://localhost:49152/git/SHORT94A899E303D7504C5D0840704DAAFA3DFF4DTSTEXC/short94a899e303d7504c5d0840704daafa3dff4dtstexc-localvcciintinstructor1.git, testRepositoryUri=http://localhost:49152/git/SHORT94A899E303D7504C5D0840704DAAFA3DFF4DTSTEXC/short94a899e303d7504c5d0840704daafa3dff4dtstexc-tests.git, solutionRepositoryUri=null, auxiliaryRepositoryUris=[Ljava.lang.String;@7aec88d1, auxiliaryRepositoryCheckoutDirectories=[Ljava.lang.String;@2ef1a6a3], jobTimingInfo=JobTimingInfo[submissionDate=2025-02-14T23:45:32.554795798Z[Etc/UTC], buildStartDate=2025-02-14T23:45:32.567287465Z[Etc/UTC], buildCompletionDate=2025-02-14T23:45:34.535226768Z[Etc/UTC], estimatedCompletionDate=2025-02-14T23:45:51.567257960Z[Etc/UTC], estimatedDuration=19], buildConfig=BuildConfig[buildScript=#!/bin/bash
cd /var/tmp/testing-dir
chmod +x ./gradlew
./gradlew clean test
, dockerImage=dummy-docker-image:latest, commitHashToBuild=ca2dbc0ae87edf7035058a6a17c0ea60e90a290f, assignmentCommitHash=ca2dbc0ae87edf7035058a6a17c0ea60e90a290f, testCommitHash=0207f6f98af5fbb66ad68455f3fc3cf128af8ae9, branch=main, programmingLanguage=JAVA, projectType=PLAIN_GRADLE, scaEnabled=false, sequentialTestRunsEnabled=false, resultPaths=[/var/tmp/testing-dir/**/test-results/test/*.xml], timeoutSeconds=0, assignmentCheckoutPath=null, testCheckoutPath=null, solutionCheckoutPath=null, dockerRunConfig=null], submissionResult=ResultDTO[id=632, completionDate=2025-02-14T23:45:34.504415716Z[Etc/UTC], successful=false, score=7.7, rated=false, submission=SubmissionDTO[id=826, submitted=true, type=MANUAL, exampleSubmission=null, submissionDate=2025-02-14T23:45:32.541533Z, commitHash=ca2dbc0ae87edf7035058a6a17c0ea60e90a290f, buildFailed=false, buildArtifact=false, participation=ParticipationDTO[id=2006, testRun=true, type=programming, submissionCount=null, exercise=ParticipationExerciseDTO[id=2601, exerciseType=PROGRAMMING, type=programming, assessmentType=AUTOMATIC, dueDate=2025-02-16T23:45:31.864042Z, assessmentDueDate=null, maxPoints=42.0, course=CourseDTO[id=984, accuracyOfScores=1]]], submissionExerciseType=programming, isProcessing=false, buildStartDate=null, estimatedCompletionDate=null], participation=ParticipationDTO[id=2006, testRun=true, type=programming, submissionCount=null, exercise=ParticipationExerciseDTO[id=2601, exerciseType=PROGRAMMING, type=programming, assessmentType=AUTOMATIC, dueDate=2025-02-16T23:45:31.864042Z, assessmentDueDate=null, maxPoints=42.0, course=CourseDTO[id=984, accuracyOfScores=1]]], feedbacks=[FeedbackDTO[id=920, text=null, detailText=The exercise expects a class with the name Context in the package testpackage. You did not implement the class in the exercise., hasLongFeedbackText=false, reference=null, credits=0.0, positive=false, type=AUTOMATIC, visibility=ALWAYS, testCase=TestCaseDTO[testName=null, id=1357]], FeedbackDTO[id=921, text=null, detailText=The exercise expects a class with the name Policy in the package testpackage. You did not implement the class in the exercise., hasLongFeedbackText=false, reference=null, credits=0.0, positive=false, type=AUTOMATIC, visibility=ALWAYS, testCase=TestCaseDTO[testName=null, id=1358]], FeedbackDTO[id=922, text=null, detailText=The exercise expects a class with the name SortStrategy in the package testpackage. You did not implement the class in the exercise., hasLongFeedbackText=false, reference=null, credits=0.0, positive=false, type=AUTOMATIC, visibility=ALWAYS, testCase=TestCaseDTO[testName=null, id=1359]], FeedbackDTO[id=923, text=null, detailText=The class 'MergeSort' does not implement the interface 'SortStrategy' as expected. Implement the interface and its methods., hasLongFeedbackText=false, reference=null, credits=0.0, positive=false, type=AUTOMATIC, visibility=ALWAYS, testCase=TestCaseDTO[testName=null, id=1354]], FeedbackDTO[id=924, text=null, detailText=The exercise expects a class with the name SortStrategy in the package testpackage. You did not implement the class in the exercise., hasLongFeedbackText=false, reference=null, credits=0.0, positive=false, type=AUTOMATIC, visibility=ALWAYS, testCase=TestCaseDTO[testName=null, id=1351]], FeedbackDTO[id=925, text=null, detailText=The class 'BubbleSort' does not implement the interface 'SortStrategy' as expected. Implement the interface and its methods., hasLongFeedbackText=false, reference=null, credits=0.0, positive=false, type=AUTOMATIC, visibility=ALWAYS, testCase=TestCaseDTO[testName=null, id=1355]], FeedbackDTO[id=926, text=null, detailText=MergeSort does not sort correctly, hasLongFeedbackText=false, reference=null, credits=0.0, positive=false, type=AUTOMATIC, visibility=ALWAYS, testCase=TestCaseDTO[testName=null, id=1360]], FeedbackDTO[id=927, text=null, detailText=The class 'Context' was not found within the submission. Make sure to implement it properly., hasLongFeedbackText=false, reference=null, credits=0.0, positive=false, type=AUTOMATIC, visibility=ALWAYS, testCase=TestCaseDTO[testName=null, id=1361]], FeedbackDTO[id=928, text=null, detailText=The class 'Context' was not found within the submission. Make sure to implement it properly., hasLongFeedbackText=false, reference=null, credits=0.0, positive=false, type=AUTOMATIC, visibility=ALWAYS, testCase=TestCaseDTO[testName=null, id=1362]], FeedbackDTO[id=929, text=null, detailText=The exercise expects a class with the name Policy in the package testpackage. You did not implement the class in the exercise., hasLongFeedbackText=false, reference=null, credits=0.0, positive=false, type=AUTOMATIC, visibility=ALWAYS, testCase=TestCaseDTO[testName=null, id=1356]], FeedbackDTO[id=930, text=null, detailText=The exercise expects a class with the name Context in the package testpackage. You did not implement the class in the exercise., hasLongFeedbackText=false, reference=null, credits=0.0, positive=false, type=AUTOMATIC, visibility=ALWAYS, testCase=TestCaseDTO[testName=null, id=1352]], FeedbackDTO[id=931, text=null, detailText=The exercise expects a class with the name Policy in the package testpackage. You did not implement the class in the exercise., hasLongFeedbackText=false, reference=null, credits=0.0, positive=false, type=AUTOMATIC, visibility=ALWAYS, testCase=TestCaseDTO[testName=null, id=1353]], FeedbackDTO[id=932, text=null, detailText=null, hasLongFeedbackText=false, reference=null, credits=3.230769230769231, positive=true, type=AUTOMATIC, visibility=ALWAYS, testCase=TestCaseDTO[testName=null, id=1363]]], assessmentType=AUTOMATIC, hasComplaint=null, exampleResult=null, testCaseCount=13, passedTestCaseCount=1, codeIssueCount=0]], BuildJobQueueItem[id=20111739576737317, name=SHORTD49A6DAE04F9E049850BD5601663FD17A5B7TSTEXC-BASE, buildAgent=BuildAgentDTO[name=artemis-build-agent-test, memberAddress=[127.0.0.1]:5703, displayName=artemis-build-agent-test], participationId=2011, courseId=986, exerciseId=2603, retryCount=0, priority=2, status=SUCCESSFUL, repositoryInfo=RepositoryInfo[repositoryName=shortd49a6dae04f9e049850bd5601663fd17a5b7tstexc-exercise, repositoryType=exercise, triggeredByPushTo=exercise, assignmentRepositoryUri=http://localhost:49152/git/SHORTD49A6DAE04F9E049850BD5601663FD17A5B7TSTEXC/shortd49a6dae04f9e049850bd5601663fd17a5b7tstexc-exercise.git, testRepositoryUri=http://localhost:49152/git/SHORTD49A6DAE04F9E049850BD5601663FD17A5B7TSTEXC/shortd49a6dae04f9e049850bd5601663fd17a5b7tstexc-tests.git, solutionRepositoryUri=null, auxiliaryRepositoryUris=[Ljava.lang.String;@1804f38, auxiliaryRepositoryCheckoutDirectories=[Ljava.lang.String;@2eec262d], jobTimingInfo=JobTimingInfo[submissionDate=2025-02-14T23:45:37.317968648Z[Etc/UTC], buildStartDate=2025-02-14T23:45:37.324534774Z[Etc/UTC], buildCompletionDate=2025-02-14T23:45:38.527225461Z[Etc/UTC], estimatedCompletionDate=2025-02-14T23:45:56.324506331Z[Etc/UTC], estimatedDuration=19], buildConfig=BuildConfig[buildScript=#!/bin/bash
cd /var/tmp/testing-dir
chmod +x ./gradlew
./gradlew clean test
, dockerImage=dummy-docker-image:latest, commitHashToBuild=c795243c185829bbefa399f45dcbcfac22311b2f, assignmentCommitHash=c795243c185829bbefa399f45dcbcfac22311b2f, testCommitHash=fa8b162170bf767d852e05e0eb7a128efa2e1f34, branch=main, programmingLanguage=JAVA, projectType=PLAIN_GRADLE, scaEnabled=false, sequentialTestRunsEnabled=false, resultPaths=[/var/tmp/testing-dir/**/test-results/test/*.xml], timeoutSeconds=0, assignmentCheckoutPath=null, testCheckoutPath=null, solutionCheckoutPath=null, dockerRunConfig=null], submissionResult=ResultDTO[id=633, completionDate=2025-02-14T23:45:38.476795726Z[Etc/UTC], successful=false, score=0.0, rated=true, submission=SubmissionDTO[id=827, submitted=true, type=MANUAL, exampleSubmission=null, submissionDate=2025-02-14T23:45:37.303401Z, commitHash=c795243c185829bbefa399f45dcbcfac22311b2f, buildFailed=false, buildArtifact=false, participation=ParticipationDTO[id=2011, testRun=false, type=template, submissionCount=null, exercise=ParticipationExerciseDTO[id=2603, exerciseType=PROGRAMMING, type=programming, assessmentType=AUTOMATIC, dueDate=2025-02-16T23:45:36.830269Z, assessmentDueDate=null, maxPoints=42.0, course=CourseDTO[id=986, accuracyOfScores=1]]], submissionExerciseType=programming, isProcessing=false, buildStartDate=null, estimatedCompletionDate=null], participation=ParticipationDTO[id=2011, testRun=false, type=template, submissionCount=null, exercise=ParticipationExerciseDTO[id=2603, exerciseType=PROGRAMMING, type=programming, assessmentType=AUTOMATIC, dueDate=2025-02-16T23:45:36.830269Z, assessmentDueDate=null, maxPoints=42.0, course=CourseDTO[id=986, accuracyOfScores=1]]], feedbacks=[FeedbackDTO[id=933, text=null, detailText=The exercise expects a class with the name Context in the package testpackage. You did not implement the class in the exercise., hasLongFeedbackText=false, reference=null, credits=0.0, positive=false, type=AUTOMATIC, visibility=ALWAYS, testCase=TestCaseDTO[testName=testMethods[Context], id=1383]], FeedbackDTO[id=934, text=null, detailText=The exercise expects a class with the name Policy in the package testpackage. You did not implement the class in the exercise., hasLongFeedbackText=false, reference=null, credits=0.0, positive=false, type=AUTOMATIC, visibility=ALWAYS, testCase=TestCaseDTO[testName=testMethods[Policy], id=1384]], FeedbackDTO[id=935, text=null, detailText=The exercise expects a class with the name SortStrategy in the package testpackage. You did not implement the class in the exercise., hasLongFeedbackText=false, reference=null, credits=0.0, positive=false, type=AUTOMATIC, visibility=ALWAYS, testCase=TestCaseDTO[testName=testMethods[SortStrategy], id=1385]], FeedbackDTO[id=936, text=null, detailText=The class 'MergeSort' does not implement the interface 'SortStrategy' as expected. Implement the interface and its methods., hasLongFeedbackText=false, reference=null, credits=0.0, positive=false, type=AUTOMATIC, visibility=ALWAYS, testCase=TestCaseDTO[testName=testClass[MergeSort], id=1380]], FeedbackDTO[id=937, text=null, detailText=The exercise expects a class with the name SortStrategy in the package testpackage. You did not implement the class in the exercise., hasLongFeedbackText=false, reference=null, credits=0.0, positive=false, type=AUTOMATIC, visibility=ALWAYS, testCase=TestCaseDTO[testName=testClass[SortStrategy], id=1377]], FeedbackDTO[id=938, text=null, detailText=The class 'BubbleSort' does not implement the interface 'SortStrategy' as expected. Implement the interface and its methods., hasLongFeedbackText=false, reference=null, credits=0.0, positive=false, type=AUTOMATIC, visibility=ALWAYS, testCase=TestCaseDTO[testName=testClass[BubbleSort], id=1381]], FeedbackDTO[id=939, text=null, detailText=MergeSort does not sort correctly, hasLongFeedbackText=false, reference=null, credits=0.0, positive=false, type=AUTOMATIC, visibility=ALWAYS, testCase=TestCaseDTO[testName=testMergeSort(), id=1386]], FeedbackDTO[id=940, text=null, detailText=The class 'Context' was not found within the submission. Make sure to implement it properly., hasLongFeedbackText=false, reference=null, credits=0.0, positive=false, type=AUTOMATIC, visibility=ALWAYS, testCase=TestCaseDTO[testName=testUseBubbleSortForSmallList(), id=1387]], FeedbackDTO[id=941, text=null, detailText=BubbleSort does not sort correctly, hasLongFeedbackText=false, reference=null, credits=0.0, positive=false, type=AUTOMATIC, visibility=ALWAYS, testCase=TestCaseDTO[testName=testBubbleSort(), id=1389]], FeedbackDTO[id=942, text=null, detailText=The class 'Context' was not found within the submission. Make sure to implement it properly., hasLongFeedbackText=false, reference=null, credits=0.0, positive=false, type=AUTOMATIC, visibility=ALWAYS, testCase=TestCaseDTO[testName=testUseMergeSortForBigList(), id=1388]], FeedbackDTO[id=943, text=null, detailText=The exercise expects a class with the name Policy in the package testpackage. You did not implement the class in the exercise., hasLongFeedbackText=false, reference=null, credits=0.0, positive=false, type=AUTOMATIC, visibility=ALWAYS, testCase=TestCaseDTO[testName=testConstructors[Policy], id=1382]], FeedbackDTO[id=944, text=null, detailText=The exercise expects a class with the name Context in the package testpackage. You did not implement the class in the exercise., hasLongFeedbackText=false, reference=null, credits=0.0, positive=false, type=AUTOMATIC, visibility=ALWAYS, testCase=TestCaseDTO[testName=testAttributes[Context], id=1378]], FeedbackDTO[id=945, text=null, detailText=The exercise expects a class with the name Policy in the package testpackage. You did not implement the class in the exercise., hasLongFeedbackText=false, reference=null, credits=0.0, positive=false, type=AUTOMATIC, visibility=ALWAYS, testCase=TestCaseDTO[testName=testAttributes[Policy], id=1379]]], assessmentType=AUTOMATIC, hasComplaint=null, exampleResult=null, testCaseCount=13, passedTestCaseCount=0, codeIssueCount=0]], BuildJobQueueItem[id=20171739576740018, name=SHORT7914AFA00ADC3047140B99D01AC07810CE44TSTEXC-LOCALVCCIINTSTUDENT1, buildAgent=BuildAgentDTO[name=artemis-build-agent-test, memberAddress=[127.0.0.1]:5703, displayName=artemis-build-agent-test], participationId=2017, courseId=988, exerciseId=2605, retryCount=0, priority=2, status=SUCCESSFUL, repositoryInfo=RepositoryInfo[repositoryName=short7914afa00adc3047140b99d01ac07810ce44tstexc-practice-localvcciintstudent1, repositoryType=user, triggeredByPushTo=user, assignmentRepositoryUri=http://localhost:49152/git/SHORT7914AFA00ADC3047140B99D01AC07810CE44TSTEXC/short7914afa00adc3047140b99d01ac07810ce44tstexc-practice-localvcciintstudent1.git, testRepositoryUri=http://localhost:49152/git/SHORT7914AFA00ADC3047140B99D01AC07810CE44TSTEXC/short7914afa00adc3047140b99d01ac07810ce44tstexc-tests.git, solutionRepositoryUri=null, auxiliaryRepositoryUris=[Ljava.lang.String;@30d88921, auxiliaryRepositoryCheckoutDirectories=[Ljava.lang.String;@133fe527], jobTimingInfo=JobTimingInfo[submissionDate=2025-02-14T23:45:40.018961253Z[Etc/UTC], buildStartDate=2025-02-14T23:45:40.029742701Z[Etc/UTC], buildCompletionDate=2025-02-14T23:45:41.150208242Z[Etc/UTC], estimatedCompletionDate=2025-02-14T23:45:59.029734065Z[Etc/UTC], estimatedDuration=19], buildConfig=BuildConfig[buildScript=#!/bin/bash
cd /var/tmp/testing-dir
chmod +x ./gradlew
./gradlew clean test
, dockerImage=dummy-docker-image:latest, commitHashToBuild=d80b57877989b971e83ccdb4863c8a7023c76266, assignmentCommitHash=d80b57877989b971e83ccdb4863c8a7023c76266, testCommitHash=327b116890c92b1312314341f43f21ef13ecf7d7, branch=main, programmingLanguage=JAVA, projectType=PLAIN_GRADLE, scaEnabled=false, sequentialTestRunsEnabled=false, resultPaths=[/var/tmp/testing-dir/**/test-results/test/*.xml], timeoutSeconds=0, assignmentCheckoutPath=null, testCheckoutPath=null, solutionCheckoutPath=null, dockerRunConfig=null], submissionResult=ResultDTO[id=634, completionDate=2025-02-14T23:45:41.120192603Z[Etc/UTC], successful=false, score=7.7, rated=false, submission=SubmissionDTO[id=828, submitted=true, type=MANUAL, exampleSubmission=null, submissionDate=2025-02-14T23:45:40.008666Z, commitHash=d80b57877989b971e83ccdb4863c8a7023c76266, buildFailed=false, buildArtifact=false, participation=ParticipationDTO[id=2017, testRun=true, type=programming, submissionCount=null, exercise=ParticipationExerciseDTO[id=2605, exerciseType=PROGRAMMING, type=programming, assessmentType=AUTOMATIC, dueDate=2025-02-16T23:45:39.523500Z, assessmentDueDate=null, maxPoints=42.0, course=CourseDTO[id=988, accuracyOfScores=1]]], submissionExerciseType=programming, isProcessing=false, buildStartDate=null, estimatedCompletionDate=null], participation=ParticipationDTO[id=2017, testRun=true, type=programming, submissionCount=null, exercise=ParticipationExerciseDTO[id=2605, exerciseType=PROGRAMMING, type=programming, assessmentType=AUTOMATIC, dueDate=2025-02-16T23:45:39.523500Z, assessmentDueDate=null, maxPoints=42.0, course=CourseDTO[id=988, accuracyOfScores=1]]], feedbacks=[FeedbackDTO[id=946, text=null, detailText=The exercise expects a class with the name Context in the package testpackage. You did not implement the class in the exercise., hasLongFeedbackText=false, reference=null, credits=0.0, positive=false, type=AUTOMATIC, visibility=ALWAYS, testCase=TestCaseDTO[testName=null, id=1409]], FeedbackDTO[id=947, text=null, detailText=The exercise expects a class with the name Policy in the package testpackage. You did not implement the class in the exercise., hasLongFeedbackText=false, reference=null, credits=0.0, positive=false, type=AUTOMATIC, visibility=ALWAYS, testCase=TestCaseDTO[testName=null, id=1410]], FeedbackDTO[id=948, text=null, detailText=The exercise expects a class with the name SortStrategy in the package testpackage. You did not implement the class in the exercise., hasLongFeedbackText=false, reference=null, credits=0.0, positive=false, type=AUTOMATIC, visibility=ALWAYS, testCase=TestCaseDTO[testName=null, id=1411]], FeedbackDTO[id=949, text=null, detailText=The class 'MergeSort' does not implement the interface 'SortStrategy' as expected. Implement the interface and its methods., hasLongFeedbackText=false, reference=null, credits=0.0, positive=false, type=AUTOMATIC, visibility=ALWAYS, testCase=TestCaseDTO[testName=null, id=1406]], FeedbackDTO[id=950, text=null, detailText=The exercise expects a class with the name SortStrategy in the package testpackage. You did not implement the class in the exercise., hasLongFeedbackText=false, reference=null, credits=0.0, positive=false, type=AUTOMATIC, visibility=ALWAYS, testCase=TestCaseDTO[testName=null, id=1403]], FeedbackDTO[id=951, text=null, detailText=The class 'BubbleSort' does not implement the interface 'SortStrategy' as expected. Implement the interface and its methods., hasLongFeedbackText=false, reference=null, credits=0.0, positive=false, type=AUTOMATIC, visibility=ALWAYS, testCase=TestCaseDTO[testName=null, id=1407]], FeedbackDTO[id=952, text=null, detailText=MergeSort does not sort correctly, hasLongFeedbackText=false, reference=null, credits=0.0, positive=false, type=AUTOMATIC, visibility=ALWAYS, testCase=TestCaseDTO[testName=null, id=1412]], FeedbackDTO[id=953, text=null, detailText=The class 'Context' was not found within the submission. Make sure to implement it properly., hasLongFeedbackText=false, reference=null, credits=0.0, positive=false, type=AUTOMATIC, visibility=ALWAYS, testCase=TestCaseDTO[testName=null, id=1413]], FeedbackDTO[id=954, text=null, detailText=The class 'Context' was not found within the submission. Make sure to implement it properly., hasLongFeedbackText=false, reference=null, credits=0.0, positive=false, type=AUTOMATIC, visibility=ALWAYS, testCase=TestCaseDTO[testName=null, id=1414]], FeedbackDTO[id=955, text=null, detailText=The exercise expects a class with the name Policy in the package testpackage. You did not implement the class in the exercise., hasLongFeedbackText=false, reference=null, credits=0.0, positive=false, type=AUTOMATIC, visibility=ALWAYS, testCase=TestCaseDTO[testName=null, id=1408]], FeedbackDTO[id=956, text=null, detailText=The exercise expects a class with the name Context in the package testpackage. You did not implement the class in the exercise., hasLongFeedbackText=false, reference=null, credits=0.0, positive=false, type=AUTOMATIC, visibility=ALWAYS, testCase=TestCaseDTO[testName=null, id=1404]], FeedbackDTO[id=957, text=null, detailText=The exercise expects a class with the name Policy in the package testpackage. You did not implement the class in the exercise., hasLongFeedbackText=false, reference=null, credits=0.0, positive=false, type=AUTOMATIC, visibility=ALWAYS, testCase=TestCaseDTO[testName=null, id=1405]], FeedbackDTO[id=958, text=null, detailText=null, hasLongFeedbackText=false, reference=null, credits=3.230769230769231, positive=true, type=AUTOMATIC, visibility=ALWAYS, testCase=TestCaseDTO[testName=null, id=1415]]], assessmentType=AUTOMATIC, hasComplaint=null, exampleResult=null, testCaseCount=13, passedTestCaseCount=1, codeIssueCount=0]], BuildJobQueueItem[id=20261739576743984, name=SHORT53C73BE505404043100AC2F00C039353CE8FTSTEXC-LOCALVCCIINTSTUDENT1, buildAgent=BuildAgentDTO[name=artemis-build-agent-test, memberAddress=[127.0.0.1]:5703, displayName=artemis-build-agent-test], participationId=2026, courseId=991, exerciseId=2608, retryCount=0, priority=1, status=SUCCESSFUL, repositoryInfo=RepositoryInfo[repositoryName=short53c73be505404043100ac2f00c039353ce8ftstexc-localvcciintstudent1, repositoryType=user, triggeredByPushTo=user, assignmentRepositoryUri=http://localhost:49152/git/SHORT53C73BE505404043100AC2F00C039353CE8FTSTEXC/short53c73be505404043100ac2f00c039353ce8ftstexc-localvcciintstudent1.git, testRepositoryUri=http://localhost:49152/git/SHORT53C73BE505404043100AC2F00C039353CE8FTSTEXC/short53c73be505404043100ac2f00c039353ce8ftstexc-tests.git, solutionRepositoryUri=null, auxiliaryRepositoryUris=[Ljava.lang.String;@104581f7, auxiliaryRepositoryCheckoutDirectories=[Ljava.lang.String;@5fd7109c], jobTimingInfo=JobTimingInfo[submissionDate=2025-02-14T23:45:43.984518859Z[Etc/UTC], buildStartDate=2025-02-14T23:45:43.991385682Z[Etc/UTC], buildCompletionDate=2025-02-14T23:45:44.982059928Z[Etc/UTC], estimatedCompletionDate=2025-02-14T23:46:02.991380122Z[Etc/UTC], estimatedDuration=19], buildConfig=BuildConfig[buildScript=#!/bin/bash
cd /var/tmp/testing-dir
chmod +x ./gradlew
./gradlew clean test
, dockerImage=dummy-docker-image:latest, commitHashToBuild=3e90ae9fef2e44ffb41451a080bdaa6a44ad6848, assignmentCommitHash=3e90ae9fef2e44ffb41451a080bdaa6a44ad6848, testCommitHash=0582754c87aae13e640312855ce7dbe490ecb50c, branch=main, programmingLanguage=JAVA, projectType=PLAIN_GRADLE, scaEnabled=false, sequentialTestRunsEnabled=false, resultPaths=[/var/tmp/testing-dir/**/test-results/test/*.xml], timeoutSeconds=0, assignmentCheckoutPath=null, testCheckoutPath=null, solutionCheckoutPath=null, dockerRunConfig=null], submissionResult=ResultDTO[id=635, completionDate=2025-02-14T23:45:44.961313737Z[Etc/UTC], successful=false, score=7.7, rated=true, submission=SubmissionDTO[id=829, submitted=true, type=MANUAL, exampleSubmission=null, submissionDate=2025-02-14T23:45:43.967766Z, commitHash=3e90ae9fef2e44ffb41451a080bdaa6a44ad6848, buildFailed=false, buildArtifact=false, participation=ParticipationDTO[id=2026, testRun=false, type=programming, submissionCount=null, exercise=ParticipationExerciseDTO[id=2608, exerciseType=PROGRAMMING, type=programming, assessmentType=AUTOMATIC, dueDate=2025-02-16T23:45:43.597978Z, assessmentDueDate=null, maxPoints=42.0, course=CourseDTO[id=991, accuracyOfScores=1]]], submissionExerciseType=programming, isProcessing=false, buildStartDate=null, estimatedCompletionDate=null], participation=ParticipationDTO[id=2026, testRun=false, type=programming, submissionCount=null, exercise=ParticipationExerciseDTO[id=2608, exerciseType=PROGRAMMING, type=programming, assessmentType=AUTOMATIC, dueDate=2025-02-16T23:45:43.597978Z, assessmentDueDate=null, maxPoints=42.0, course=CourseDTO[id=991, accuracyOfScores=1]]], feedbacks=[FeedbackDTO[id=959, text=null, detailText=The exercise expects a class with the name Context in the package testpackage. You did not implement the class in the exercise., hasLongFeedbackText=false, reference=null, credits=0.0, positive=false, type=AUTOMATIC, visibility=ALWAYS, testCase=TestCaseDTO[testName=null, id=1448]], FeedbackDTO[id=960, text=null, detailText=The exercise expects a class with the name Policy in the package testpackage. You did not implement the class in the exercise., hasLongFeedbackText=false, reference=null, credits=0.0, positive=false, type=AUTOMATIC, visibility=ALWAYS, testCase=TestCaseDTO[testName=null, id=1449]], FeedbackDTO[id=961, text=null, detailText=The exercise expects a class with the name SortStrategy in the package testpackage. You did not implement the class in the exercise., hasLongFeedbackText=false, reference=null, credits=0.0, positive=false, type=AUTOMATIC, visibility=ALWAYS, testCase=TestCaseDTO[testName=null, id=1450]], FeedbackDTO[id=962, text=null, detailText=The class 'MergeSort' does not implement the interface 'SortStrategy' as expected. Implement the interface and its methods., hasLongFeedbackText=false, reference=null, credits=0.0, positive=false, type=AUTOMATIC, visibility=ALWAYS, testCase=TestCaseDTO[testName=null, id=1445]], FeedbackDTO[id=963, text=null, detailText=The exercise expects a class with the name SortStrategy in the package testpackage. You did not implement the class in the exercise., hasLongFeedbackText=false, reference=null, credits=0.0, positive=false, type=AUTOMATIC, visibility=ALWAYS, testCase=TestCaseDTO[testName=null, id=1442]], FeedbackDTO[id=964, text=null, detailText=The class 'BubbleSort' does not implement the interface 'SortStrategy' as expected. Implement the interface and its methods., hasLongFeedbackText=false, reference=null, credits=0.0, positive=false, type=AUTOMATIC, visibility=ALWAYS, testCase=TestCaseDTO[testName=null, id=1446]], FeedbackDTO[id=965, text=null, detailText=MergeSort does not sort correctly, hasLongFeedbackText=false, reference=null, credits=0.0, positive=false, type=AUTOMATIC, visibility=ALWAYS, testCase=TestCaseDTO[testName=null, id=1451]], FeedbackDTO[id=966, text=null, detailText=The class 'Context' was not found within the submission. Make sure to implement it properly., hasLongFeedbackText=false, reference=null, credits=0.0, positive=false, type=AUTOMATIC, visibility=ALWAYS, testCase=TestCaseDTO[testName=null, id=1452]], FeedbackDTO[id=967, text=null, detailText=The class 'Context' was not found within the submission. Make sure to implement it properly., hasLongFeedbackText=false, reference=null, credits=0.0, positive=false, type=AUTOMATIC, visibility=ALWAYS, testCase=TestCaseDTO[testName=null, id=1453]], FeedbackDTO[id=968, text=null, detailText=The exercise expects a class with the name Policy in the package testpackage. You did not implement the class in the exercise., hasLongFeedbackText=false, reference=null, credits=0.0, positive=false, type=AUTOMATIC, visibility=ALWAYS, testCase=TestCaseDTO[testName=null, id=1447]], FeedbackDTO[id=969, text=null, detailText=The exercise expects a class with the name Context in the package testpackage. You did not implement the class in the exercise., hasLongFeedbackText=false, reference=null, credits=0.0, positive=false, type=AUTOMATIC, visibility=ALWAYS, testCase=TestCaseDTO[testName=null, id=1443]], FeedbackDTO[id=970, text=null, detailText=The exercise expects a class with the name Policy in the package testpackage. You did not implement the class in the exercise., hasLongFeedbackText=false, reference=null, credits=0.0, positive=false, type=AUTOMATIC, visibility=ALWAYS, testCase=TestCaseDTO[testName=null, id=1444]], FeedbackDTO[id=971, text=null, detailText=null, hasLongFeedbackText=false, reference=null, credits=3.230769230769231, positive=true, type=AUTOMATIC, visibility=ALWAYS, testCase=TestCaseDTO[testName=null, id=1454]]], assessmentType=AUTOMATIC, hasComplaint=null, exampleResult=null, testCaseCount=13, passedTestCaseCount=1, codeIssueCount=0]], BuildJobQueueItem[id=20271739576746886, name=SHORT0FC863930E92904248098A506171F81CF6CFTSTEXC-SOLUTION, buildAgent=BuildAgentDTO[name=artemis-build-agent-test, memberAddress=[127.0.0.1]:5703, displayName=artemis-build-agent-test], participationId=2027, courseId=992, exerciseId=2609, retryCount=0, priority=2, status=SUCCESSFUL, repositoryInfo=RepositoryInfo[repositoryName=short0fc863930e92904248098a506171f81cf6cftstexc-solution, repositoryType=solution, triggeredByPushTo=auxiliary, assignmentRepositoryUri=http://localhost:49152/git/SHORT0FC863930E92904248098A506171F81CF6CFTSTEXC/short0fc863930e92904248098a506171f81cf6cftstexc-solution.git, testRepositoryUri=http://localhost:49152/git/SHORT0FC863930E92904248098A506171F81CF6CFTSTEXC/short0fc863930e92904248098a506171f81cf6cftstexc-tests.git, solutionRepositoryUri=null, auxiliaryRepositoryUris=[Ljava.lang.String;@2b320bc6, auxiliaryRepositoryCheckoutDirectories=[Ljava.lang.String;@4748c55a], jobTimingInfo=JobTimingInfo[submissionDate=2025-02-14T23:45:46.886984066Z[Etc/UTC], buildStartDate=2025-02-14T23:45:46.897709578Z[Etc/UTC], buildCompletionDate=2025-02-14T23:45:48.628460156Z[Etc/UTC], estimatedCompletionDate=2025-02-14T23:46:05.897701272Z[Etc/UTC], estimatedDuration=19], buildConfig=BuildConfig[buildScript=#!/bin/bash
cd /var/tmp/testing-dir
chmod +x ./gradlew
./gradlew clean test
, dockerImage=dummy-docker-image:latest, commitHashToBuild=null, assignmentCommitHash=115a2e943bee242fdad360b50d8ad5f30792577e, testCommitHash=9b3a9bd71a0d80e5bbc42204c319ed3d1d4f0d6d, branch=main, programmingLanguage=JAVA, projectType=PLAIN_GRADLE, scaEnabled=false, sequentialTestRunsEnabled=false, resultPaths=[/var/tmp/testing-dir/**/test-results/test/*.xml], timeoutSeconds=0, assignmentCheckoutPath=null, testCheckoutPath=null, solutionCheckoutPath=null, dockerRunConfig=null], submissionResult=ResultDTO[id=636, completionDate=2025-02-14T23:45:48.593370968Z[Etc/UTC], successful=true, score=100.0, rated=true, submission=SubmissionDTO[id=830, submitted=true, type=TEST, exampleSubmission=null, submissionDate=2025-02-14T23:45:46.873671Z, commitHash=9b3a9bd71a0d80e5bbc42204c319ed3d1d4f0d6d, buildFailed=false, buildArtifact=false, participation=ParticipationDTO[id=2027, testRun=false, type=solution, submissionCount=null, exercise=ParticipationExerciseDTO[id=2609, exerciseType=PROGRAMMING, type=programming, assessmentType=AUTOMATIC, dueDate=2025-02-16T23:45:46.386304Z, assessmentDueDate=null, maxPoints=42.0, course=CourseDTO[id=992, accuracyOfScores=1]]], submissionExerciseType=programming, isProcessing=false, buildStartDate=null, estimatedCompletionDate=null], participation=ParticipationDTO[id=2027, testRun=false, type=solution, submissionCount=null, exercise=ParticipationExerciseDTO[id=2609, exerciseType=PROGRAMMING, type=programming, assessmentType=AUTOMATIC, dueDate=2025-02-16T23:45:46.386304Z, assessmentDueDate=null, maxPoints=42.0, course=CourseDTO[id=992, accuracyOfScores=1]]], feedbacks=[FeedbackDTO[id=972, text=null, detailText=null, hasLongFeedbackText=false, reference=null, credits=3.230769230769231, positive=true, type=AUTOMATIC, visibility=ALWAYS, testCase=TestCaseDTO[testName=testMethods[Context], id=1461]], FeedbackDTO[id=973, text=null, detailText=null, hasLongFeedbackText=false, reference=null, credits=3.230769230769231, positive=true, type=AUTOMATIC, visibility=ALWAYS, testCase=TestCaseDTO[testName=testMethods[Policy], id=1462]], FeedbackDTO[id=974, text=null, detailText=null, hasLongFeedbackText=false, reference=null, credits=3.230769230769231, positive=true, type=AUTOMATIC, visibility=ALWAYS, testCase=TestCaseDTO[testName=testMethods[SortStrategy], id=1463]], FeedbackDTO[id=975, text=null, detailText=null, hasLongFeedbackText=false, reference=null, credits=3.230769230769231, positive=true, type=AUTOMATIC, visibility=ALWAYS, testCase=TestCaseDTO[testName=testClass[MergeSort], id=1458]], FeedbackDTO[id=976, text=null, detailText=null, hasLongFeedbackText=false, reference=null, credits=3.230769230769231, positive=true, type=AUTOMATIC, visibility=ALWAYS, testCase=TestCaseDTO[testName=testClass[SortStrategy], id=1455]], FeedbackDTO[id=977, text=null, detailText=null, hasLongFeedbackText=false, reference=null, credits=3.230769230769231, positive=true, type=AUTOMATIC, visibility=ALWAYS, testCase=TestCaseDTO[testName=testClass[BubbleSort], id=1459]], FeedbackDTO[id=978, text=null, detailText=null, hasLongFeedbackText=false, reference=null, credits=3.230769230769231, positive=true, type=AUTOMATIC, visibility=ALWAYS, testCase=TestCaseDTO[testName=testMergeSort(), id=1464]], FeedbackDTO[id=979, text=null, detailText=null, hasLongFeedbackText=false, reference=null, credits=3.230769230769231, positive=true, type=AUTOMATIC, visibility=ALWAYS, testCase=TestCaseDTO[testName=testUseBubbleSortForSmallList(), id=1465]], FeedbackDTO[id=980, text=null, detailText=null, hasLongFeedbackText=false, reference=null, credits=3.230769230769231, positive=true, type=AUTOMATIC, visibility=ALWAYS, testCase=TestCaseDTO[testName=testBubbleSort(), id=1467]], FeedbackDTO[id=981, text=null, detailText=null, hasLongFeedbackText=false, reference=null, credits=3.230769230769231, positive=true, type=AUTOMATIC, visibility=ALWAYS, testCase=TestCaseDTO[testName=testUseMergeSortForBigList(), id=1466]], FeedbackDTO[id=982, text=null, detailText=null, hasLongFeedbackText=false, reference=null, credits=3.230769230769231, positive=true, type=AUTOMATIC, visibility=ALWAYS, testCase=TestCaseDTO[testName=testConstructors[Policy], id=1460]], FeedbackDTO[id=983, text=null, detailText=null, hasLongFeedbackText=false, reference=null, credits=3.230769230769231, positive=true, type=AUTOMATIC, visibility=ALWAYS, testCase=TestCaseDTO[testName=testAttributes[Context], id=1456]], FeedbackDTO[id=984, text=null, detailText=null, hasLongFeedbackText=false, reference=null, credits=3.230769230769231, positive=true, type=AUTOMATIC, visibility=ALWAYS, testCase=TestCaseDTO[testName=testAttributes[Policy], id=1457]]], assessmentType=AUTOMATIC, hasComplaint=null, exampleResult=null, testCaseCount=13, passedTestCaseCount=13, codeIssueCount=0]], BuildJobQueueItem[id=20281739576748768, name=SHORT0FC863930E92904248098A506171F81CF6CFTSTEXC-BASE, buildAgent=BuildAgentDTO[name=artemis-build-agent-test, memberAddress=[127.0.0.1]:5703, displayName=artemis-build-agent-test], participationId=2028, courseId=992, exerciseId=2609, retryCount=0, priority=2, status=SUCCESSFUL, repositoryInfo=RepositoryInfo[repositoryName=short0fc863930e92904248098a506171f81cf6cftstexc-exercise, repositoryType=exercise, triggeredByPushTo=auxiliary, assignmentRepositoryUri=http://localhost:49152/git/SHORT0FC863930E92904248098A506171F81CF6CFTSTEXC/short0fc863930e92904248098a506171f81cf6cftstexc-exercise.git, testRepositoryUri=http://localhost:49152/git/SHORT0FC863930E92904248098A506171F81CF6CFTSTEXC/short0fc863930e92904248098a506171f81cf6cftstexc-tests.git, solutionRepositoryUri=null, auxiliaryRepositoryUris=[Ljava.lang.String;@7b3ebe7d, auxiliaryRepositoryCheckoutDirectories=[Ljava.lang.String;@1c8a1276], jobTimingInfo=JobTimingInfo[submissionDate=2025-02-14T23:45:48.768063548Z[Etc/UTC], buildStartDate=2025-02-14T23:45:48.802531989Z[Etc/UTC], buildCompletionDate=2025-02-14T23:45:50.482681367Z[Etc/UTC], estimatedCompletionDate=2025-02-14T23:45:50.802523092Z[Etc/UTC], estimatedDuration=2], buildConfig=BuildConfig[buildScript=#!/bin/bash
cd /var/tmp/testing-dir
chmod +x ./gradlew
./gradlew clean test
, dockerImage=dummy-docker-image:latest, commitHashToBuild=9b3a9bd71a0d80e5bbc42204c319ed3d1d4f0d6d, assignmentCommitHash=115a2e943bee242fdad360b50d8ad5f30792577e, testCommitHash=9b3a9bd71a0d80e5bbc42204c319ed3d1d4f0d6d, branch=main, programmingLanguage=JAVA, projectType=PLAIN_GRADLE, scaEnabled=false, sequentialTestRunsEnabled=false, resultPaths=[/var/tmp/testing-dir/**/test-results/test/*.xml], timeoutSeconds=0, assignmentCheckoutPath=null, testCheckoutPath=null, solutionCheckoutPath=null, dockerRunConfig=null], submissionResult=ResultDTO[id=637, completionDate=2025-02-14T23:45:50.449084694Z[Etc/UTC], successful=false, score=0.0, rated=true, submission=SubmissionDTO[id=831, submitted=true, type=TEST, exampleSubmission=null, submissionDate=2025-02-14T23:45:48.761177Z, commitHash=9b3a9bd71a0d80e5bbc42204c319ed3d1d4f0d6d, buildFailed=false, buildArtifact=false, participation=ParticipationDTO[id=2028, testRun=false, type=template, submissionCount=null, exercise=ParticipationExerciseDTO[id=2609, exerciseType=PROGRAMMING, type=programming, assessmentType=AUTOMATIC, dueDate=2025-02-16T23:45:46.386304Z, assessmentDueDate=null, maxPoints=42.0, course=CourseDTO[id=992, accuracyOfScores=1]]], submissionExerciseType=programming, isProcessing=false, buildStartDate=null, estimatedCompletionDate=null], participation=ParticipationDTO[id=2028, testRun=false, type=template, submissionCount=null, exercise=ParticipationExerciseDTO[id=2609, exerciseType=PROGRAMMING, type=programming, assessmentType=AUTOMATIC, dueDate=2025-02-16T23:45:46.386304Z, assessmentDueDate=null, maxPoints=42.0, course=CourseDTO[id=992, accuracyOfScores=1]]], feedbacks=[FeedbackDTO[id=985, text=null, detailText=The exercise expects a class with the name Context in the package testpackage. You did not implement the class in the exercise., hasLongFeedbackText=false, reference=null, credits=0.0, positive=false, type=AUTOMATIC, visibility=ALWAYS, testCase=TestCaseDTO[testName=testMethods[Context], id=1461]], FeedbackDTO[id=986, text=null, detailText=The exercise expects a class with the name Policy in the package testpackage. You did not implement the class in the exercise., hasLongFeedbackText=false, reference=null, credits=0.0, positive=false, type=AUTOMATIC, visibility=ALWAYS, testCase=TestCaseDTO[testName=testMethods[Policy], id=1462]], FeedbackDTO[id=987, text=null, detailText=The exercise expects a class with the name SortStrategy in the package testpackage. You did not implement the class in the exercise., hasLongFeedbackText=false, reference=null, credits=0.0, positive=false, type=AUTOMATIC, visibility=ALWAYS, testCase=TestCaseDTO[testName=testMethods[SortStrategy], id=1463]], FeedbackDTO[id=988, text=null, detailText=The class 'MergeSort' does not implement the interface 'SortStrategy' as expected. Implement the interface and its methods., hasLongFeedbackText=false, reference=null, credits=0.0, positive=false, type=AUTOMATIC, visibility=ALWAYS, testCase=TestCaseDTO[testName=testClass[MergeSort], id=1458]], FeedbackDTO[id=989, text=null, detailText=The exercise expects a class with the name SortStrategy in the package testpackage. You did not implement the class in the exercise., hasLongFeedbackText=false, reference=null, credits=0.0, positive=false, type=AUTOMATIC, visibility=ALWAYS, testCase=TestCaseDTO[testName=testClass[SortStrategy], id=1455]], FeedbackDTO[id=990, text=null, detailText=The class 'BubbleSort' does not implement the interface 'SortStrategy' as expected. Implement the interface and its methods., hasLongFeedbackText=false, reference=null, credits=0.0, positive=false, type=AUTOMATIC, visibility=ALWAYS, testCase=TestCaseDTO[testName=testClass[BubbleSort], id=1459]], FeedbackDTO[id=991, text=null, detailText=MergeSort does not sort correctly, hasLongFeedbackText=false, reference=null, credits=0.0, positive=false, type=AUTOMATIC, visibility=ALWAYS, testCase=TestCaseDTO[testName=testMergeSort(), id=1464]], FeedbackDTO[id=992, text=null, detailText=The class 'Context' was not found within the submission. Make sure to implement it properly., hasLongFeedbackText=false, reference=null, credits=0.0, positive=false, type=AUTOMATIC, visibility=ALWAYS, testCase=TestCaseDTO[testName=testUseBubbleSortForSmallList(), id=1465]], FeedbackDTO[id=993, text=null, detailText=BubbleSort does not sort correctly, hasLongFeedbackText=false, reference=null, credits=0.0, positive=false, type=AUTOMATIC, visibility=ALWAYS, testCase=TestCaseDTO[testName=testBubbleSort(), id=1467]], FeedbackDTO[id=994, text=null, detailText=The class 'Context' was not found within the submission. Make sure to implement it properly., hasLongFeedbackText=false, reference=null, credits=0.0, positive=false, type=AUTOMATIC, visibility=ALWAYS, testCase=TestCaseDTO[testName=testUseMergeSortForBigList(), id=1466]], FeedbackDTO[id=995, text=null, detailText=The exercise expects a class with the name Policy in the package testpackage. You did not implement the class in the exercise., hasLongFeedbackText=false, reference=null, credits=0.0, positive=false, type=AUTOMATIC, visibility=ALWAYS, testCase=TestCaseDTO[testName=testConstructors[Policy], id=1460]], FeedbackDTO[id=996, text=null, detailText=The exercise expects a class with the name Context in the package testpackage. You did not implement the class in the exercise., hasLongFeedbackText=false, reference=null, credits=0.0, positive=false, type=AUTOMATIC, visibility=ALWAYS, testCase=TestCaseDTO[testName=testAttributes[Context], id=1456]], FeedbackDTO[id=997, text=null, detailText=The exercise expects a class with the name Policy in the package testpackage. You did not implement the class in the exercise., hasLongFeedbackText=false, reference=null, credits=0.0, positive=false, type=AUTOMATIC, visibility=ALWAYS, testCase=TestCaseDTO[testName=testAttributes[Policy], id=1457]]], assessmentType=AUTOMATIC, hasComplaint=null, exampleResult=null, testCaseCount=13, passedTestCaseCount=0, codeIssueCount=0]]], publicSshKey=ssh-rsa AAAAB3NzaC1yc2EAAAADAQABAAACAQCOPdMsxRE2jFJ/UEa5/LsBxtwzJcrh3/rYBCQvcMeVpiRfhzQPWu7mrt/G2Ew+i+vRloGH9aqKg6dd1liRncao53Zmd/ePxoatXePNhmzTfkCkcSkTUz7B+QMjkoDDV5jwuFPD6mF3JkhuzSi64n9Zy905t4w2IhVcjM2mL3eYNjiCXt6Qpq3Pkt7dM/Ksw1nxnvuiIALuJLB3FTkXkHqq3PJav+9HSq2r6ZaWgekneaGxlQlb+U+Vy3XOuArKAzK8c8i+0bR+AHiTG6ncYXt7ax3U+TdlDTF7OLP3umwaYjs1NBXOHwG42pevvpKn2fqavZZozk+M05jXLx3bq0O7itxfErWc7etky8qYPyyIMF/txQIVLd78+Ze4d7Y60t5MGbXM5cGE6fFif5fEJwgswXD+BrG0cafz1CTatjSKFdvp8Vp4VszXhHDan1PrP6JEFJ5Cc5GDmLRZPCFa3vL9f5qXgf4bkqKN8MYeEujwJE5nMRWoiJVNakix2bcrrneQMBlnYeYZVWXXXUusAQBzl4NgddC1umZpihZkL1b1MffZAUW3EGEXi7KHnllQhkTLLsQ8ntMgbylqaJKStqaXlLvdeRJcEnUuiFCrHEVVbXRFZR7XVDZ02CE5o3MuaRPty8Kh+jRTF3COlAckHwYEJCNNJvXFgb2CNXL4mjzYDw== test@localhost]
    23:45:50.567 | 566 localvc.event-13 | DEBUG | s.l.LocalCIWebsocketMessagingService : Sending message on topic /topic/admin/build-agents: [BuildAgentInformation[buildAgent=BuildAgentDTO[name=artemis-build-agent-test, memberAddress=[127.0.0.1]:5703, displayName=artemis-build-agent-test], maxNumberOfConcurrentBuildJobs=1, numberOfCurrentBuildJobs=0, runningBuildJobs=[], status=IDLE, recentBuildJobs=null, publicSshKey=null]]
    23:45:50.568 | 566 localvc.event-13 | DEBUG | s.l.LocalCIWebsocketMessagingService : Sending message on topic /topic/admin/build-agent/artemis-build-agent-test: BuildAgentInformation[buildAgent=BuildAgentDTO[name=artemis-build-agent-test, memberAddress=[127.0.0.1]:5703, displayName=artemis-build-agent-test], maxNumberOfConcurrentBuildJobs=1, numberOfCurrentBuildJobs=0, runningBuildJobs=[], status=IDLE, recentBuildJobs=[BuildJobQueueItem[id=19141739576708030, name=SHORT5F02A8F400311042E70858306EB148073CFDTSTEXC-LOCALVCINTSTUDENT1, buildAgent=BuildAgentDTO[name=artemis-build-agent-test, memberAddress=[127.0.0.1]:5703, displayName=artemis-build-agent-test], participationId=1914, courseId=947, exerciseId=2564, retryCount=0, priority=2, status=FAILED, repositoryInfo=RepositoryInfo[repositoryName=short5f02a8f400311042e70858306eb148073cfdtstexc-localvcintstudent1, repositoryType=user, triggeredByPushTo=user, assignmentRepositoryUri=http://localhost:49152/git/SHORT5F02A8F400311042E70858306EB148073CFDTSTEXC/short5f02a8f400311042e70858306eb148073cfdtstexc-localvcintstudent1.git, testRepositoryUri=http://localhost:49152/git/SHORT5F02A8F400311042E70858306EB148073CFDTSTEXC/short5f02a8f400311042e70858306eb148073cfdtstexc-tests.git, solutionRepositoryUri=null, auxiliaryRepositoryUris=[Ljava.lang.String;@287dba52, auxiliaryRepositoryCheckoutDirectories=[Ljava.lang.String;@64a81489], jobTimingInfo=JobTimingInfo[submissionDate=2025-02-14T23:45:08.030118216Z[Etc/UTC], buildStartDate=2025-02-14T23:45:08.041011412Z[Etc/UTC], buildCompletionDate=2025-02-14T23:45:08.054603331Z[Etc/UTC], estimatedCompletionDate=2025-02-14T23:45:27.041005080Z[Etc/UTC], estimatedDuration=19], buildConfig=BuildConfig[buildScript=#!/bin/bash
cd /var/tmp/testing-dir
chmod +x ./gradlew
./gradlew clean test
, dockerImage=dummy-docker-image:latest, commitHashToBuild=6e7146cac5059504aa9d170ec3fa23aec740bb51, assignmentCommitHash=6e7146cac5059504aa9d170ec3fa23aec740bb51, testCommitHash=931e5303581c7a2f01339ba603cfafbfe668b901, branch=main, programmingLanguage=JAVA, projectType=PLAIN_GRADLE, scaEnabled=false, sequentialTestRunsEnabled=false, resultPaths=[/var/tmp/testing-dir/**/test-results/test/*.xml], timeoutSeconds=0, assignmentCheckoutPath=null, testCheckoutPath=null, solutionCheckoutPath=null, dockerRunConfig=null], submissionResult=ResultDTO[id=622, completionDate=2025-02-14T23:45:08.054683681Z[Etc/UTC], successful=false, score=0.0, rated=true, submission=SubmissionDTO[id=814, submitted=true, type=MANUAL, exampleSubmission=null, submissionDate=2025-02-14T23:45:08.016200Z, commitHash=6e7146cac5059504aa9d170ec3fa23aec740bb51, buildFailed=true, buildArtifact=false, participation=ParticipationDTO[id=1914, testRun=false, type=programming, submissionCount=null, exercise=ParticipationExerciseDTO[id=2564, exerciseType=PROGRAMMING, type=programming, assessmentType=AUTOMATIC, dueDate=2025-02-16T23:45:07.324348Z, assessmentDueDate=null, maxPoints=42.0, course=CourseDTO[id=947, accuracyOfScores=1]]], submissionExerciseType=programming, isProcessing=false, buildStartDate=null, estimatedCompletionDate=null], participation=ParticipationDTO[id=1914, testRun=false, type=programming, submissionCount=null, exercise=ParticipationExerciseDTO[id=2564, exerciseType=PROGRAMMING, type=programming, assessmentType=AUTOMATIC, dueDate=2025-02-16T23:45:07.324348Z, assessmentDueDate=null, maxPoints=42.0, course=CourseDTO[id=947, accuracyOfScores=1]]], feedbacks=[], assessmentType=AUTOMATIC, hasComplaint=null, exampleResult=null, testCaseCount=0, passedTestCaseCount=0, codeIssueCount=0]], BuildJobQueueItem[id=19361739576711303, name=SHORT9AFDAE3804CA304DDF0889A0CB0F56104A86TSTEXC-LOCALVCINTSTUDENT1, buildAgent=BuildAgentDTO[name=artemis-build-agent-test, memberAddress=[127.0.0.1]:5703, displayName=artemis-build-agent-test], participationId=1936, courseId=956, exerciseId=2573, retryCount=0, priority=2, status=FAILED, repositoryInfo=RepositoryInfo[repositoryName=short9afdae3804ca304ddf0889a0cb0f56104a86tstexc-localvcintstudent1, repositoryType=user, triggeredByPushTo=user, assignmentRepositoryUri=http://localhost:49152/git/SHORT9AFDAE3804CA304DDF0889A0CB0F56104A86TSTEXC/short9afdae3804ca304ddf0889a0cb0f56104a86tstexc-localvcintstudent1.git, testRepositoryUri=http://localhost:49152/git/SHORT9AFDAE3804CA304DDF0889A0CB0F56104A86TSTEXC/short9afdae3804ca304ddf0889a0cb0f56104a86tstexc-tests.git, solutionRepositoryUri=null, auxiliaryRepositoryUris=[Ljava.lang.String;@29887380, auxiliaryRepositoryCheckoutDirectories=[Ljava.lang.String;@7e4ca0da], jobTimingInfo=JobTimingInfo[submissionDate=2025-02-14T23:45:11.303805653Z[Etc/UTC], buildStartDate=2025-02-14T23:45:11.310981356Z[Etc/UTC], buildCompletionDate=2025-02-14T23:45:11.319178384Z[Etc/UTC], estimatedCompletionDate=2025-02-14T23:45:30.310974944Z[Etc/UTC], estimatedDuration=19], buildConfig=BuildConfig[buildScript=#!/bin/bash
cd /var/tmp/testing-dir
chmod +x ./gradlew
./gradlew clean test
, dockerImage=dummy-docker-image:latest, commitHashToBuild=a1099e378cffde441ef85f9b12577ca174b8e1e4, assignmentCommitHash=a1099e378cffde441ef85f9b12577ca174b8e1e4, testCommitHash=bd38d61c299ab11a1dea82a3ca5493fe04d97d47, branch=main, programmingLanguage=JAVA, projectType=PLAIN_GRADLE, scaEnabled=false, sequentialTestRunsEnabled=false, resultPaths=[/var/tmp/testing-dir/**/test-results/test/*.xml], timeoutSeconds=0, assignmentCheckoutPath=null, testCheckoutPath=null, solutionCheckoutPath=null, dockerRunConfig=null], submissionResult=ResultDTO[id=623, completionDate=2025-02-14T23:45:11.319278430Z[Etc/UTC], successful=false, score=0.0, rated=true, submission=SubmissionDTO[id=815, submitted=true, type=MANUAL, exampleSubmission=null, submissionDate=2025-02-14T23:45:11.294386Z, commitHash=a1099e378cffde441ef85f9b12577ca174b8e1e4, buildFailed=true, buildArtifact=false, participation=ParticipationDTO[id=1936, testRun=false, type=programming, submissionCount=null, exercise=ParticipationExerciseDTO[id=2573, exerciseType=PROGRAMMING, type=programming, assessmentType=AUTOMATIC, dueDate=2025-02-16T23:45:10.996982Z, assessmentDueDate=null, maxPoints=42.0, course=CourseDTO[id=956, accuracyOfScores=1]]], submissionExerciseType=programming, isProcessing=false, buildStartDate=null, estimatedCompletionDate=null], participation=ParticipationDTO[id=1936, testRun=false, type=programming, submissionCount=null, exercise=ParticipationExerciseDTO[id=2573, exerciseType=PROGRAMMING, type=programming, assessmentType=AUTOMATIC, dueDate=2025-02-16T23:45:10.996982Z, assessmentDueDate=null, maxPoints=42.0, course=CourseDTO[id=956, accuracyOfScores=1]]], feedbacks=[], assessmentType=AUTOMATIC, hasComplaint=null, exampleResult=null, testCaseCount=0, passedTestCaseCount=0, codeIssueCount=0]], BuildJobQueueItem[id=19351739576711674, name=SHORT9AFDAE3804CA304DDF0889A0CB0F56104A86TSTEXC-BASE, buildAgent=BuildAgentDTO[name=artemis-build-agent-test, memberAddress=[127.0.0.1]:5703, displayName=artemis-build-agent-test], participationId=1935, courseId=956, exerciseId=2573, retryCount=0, priority=2, status=FAILED, repositoryInfo=RepositoryInfo[repositoryName=short9afdae3804ca304ddf0889a0cb0f56104a86tstexc-exercise, repositoryType=exercise, triggeredByPushTo=exercise, assignmentRepositoryUri=http://localhost:49152/git/SHORT9AFDAE3804CA304DDF0889A0CB0F56104A86TSTEXC/short9afdae3804ca304ddf0889a0cb0f56104a86tstexc-exercise.git, testRepositoryUri=http://localhost:49152/git/SHORT9AFDAE3804CA304DDF0889A0CB0F56104A86TSTEXC/short9afdae3804ca304ddf0889a0cb0f56104a86tstexc-tests.git, solutionRepositoryUri=null, auxiliaryRepositoryUris=[Ljava.lang.String;@3ba62a6b, auxiliaryRepositoryCheckoutDirectories=[Ljava.lang.String;@1f8e7dca], jobTimingInfo=JobTimingInfo[submissionDate=2025-02-14T23:45:11.674556681Z[Etc/UTC], buildStartDate=2025-02-14T23:45:11.677776879Z[Etc/UTC], buildCompletionDate=2025-02-14T23:45:11.688097378Z[Etc/UTC], estimatedCompletionDate=2025-02-14T23:45:30.677771620Z[Etc/UTC], estimatedDuration=19], buildConfig=BuildConfig[buildScript=#!/bin/bash
cd /var/tmp/testing-dir
chmod +x ./gradlew
./gradlew clean test
, dockerImage=dummy-docker-image:latest, commitHashToBuild=a1099e378cffde441ef85f9b12577ca174b8e1e4, assignmentCommitHash=a1099e378cffde441ef85f9b12577ca174b8e1e4, testCommitHash=bd38d61c299ab11a1dea82a3ca5493fe04d97d47, branch=main, programmingLanguage=JAVA, projectType=PLAIN_GRADLE, scaEnabled=false, sequentialTestRunsEnabled=false, resultPaths=[/var/tmp/testing-dir/**/test-results/test/*.xml], timeoutSeconds=0, assignmentCheckoutPath=null, testCheckoutPath=null, solutionCheckoutPath=null, dockerRunConfig=null], submissionResult=ResultDTO[id=624, completionDate=2025-02-14T23:45:11.688214837Z[Etc/UTC], successful=false, score=0.0, rated=true, submission=SubmissionDTO[id=816, submitted=true, type=MANUAL, exampleSubmission=null, submissionDate=2025-02-14T23:45:11.656934Z, commitHash=a1099e378cffde441ef85f9b12577ca174b8e1e4, buildFailed=true, buildArtifact=false, participation=ParticipationDTO[id=1935, testRun=false, type=template, submissionCount=null, exercise=ParticipationExerciseDTO[id=2573, exerciseType=PROGRAMMING, type=programming, assessmentType=AUTOMATIC, dueDate=2025-02-16T23:45:10.996982Z, assessmentDueDate=null, maxPoints=42.0, course=CourseDTO[id=956, accuracyOfScores=1]]], submissionExerciseType=programming, isProcessing=false, buildStartDate=null, estimatedCompletionDate=null], participation=ParticipationDTO[id=1935, testRun=false, type=template, submissionCount=null, exercise=ParticipationExerciseDTO[id=2573, exerciseType=PROGRAMMING, type=programming, assessmentType=AUTOMATIC, dueDate=2025-02-16T23:45:10.996982Z, assessmentDueDate=null, maxPoints=42.0, course=CourseDTO[id=956, accuracyOfScores=1]]], feedbacks=[], assessmentType=AUTOMATIC, hasComplaint=null, exampleResult=null, testCaseCount=0, passedTestCaseCount=0, codeIssueCount=0]], BuildJobQueueItem[id=19341739576712112, name=SHORT9AFDAE3804CA304DDF0889A0CB0F56104A86TSTEXC-SOLUTION, buildAgent=BuildAgentDTO[name=artemis-build-agent-test, memberAddress=[127.0.0.1]:5703, displayName=artemis-build-agent-test], participationId=1934, courseId=956, exerciseId=2573, retryCount=0, priority=2, status=FAILED, repositoryInfo=RepositoryInfo[repositoryName=short9afdae3804ca304ddf0889a0cb0f56104a86tstexc-solution, repositoryType=solution, triggeredByPushTo=solution, assignmentRepositoryUri=http://localhost:49152/git/SHORT9AFDAE3804CA304DDF0889A0CB0F56104A86TSTEXC/short9afdae3804ca304ddf0889a0cb0f56104a86tstexc-solution.git, testRepositoryUri=http://localhost:49152/git/SHORT9AFDAE3804CA304DDF0889A0CB0F56104A86TSTEXC/short9afdae3804ca304ddf0889a0cb0f56104a86tstexc-tests.git, solutionRepositoryUri=null, auxiliaryRepositoryUris=[Ljava.lang.String;@757019c8, auxiliaryRepositoryCheckoutDirectories=[Ljava.lang.String;@6e213dcc], jobTimingInfo=JobTimingInfo[submissionDate=2025-02-14T23:45:12.112332872Z[Etc/UTC], buildStartDate=2025-02-14T23:45:12.121617114Z[Etc/UTC], buildCompletionDate=2025-02-14T23:45:12.127931701Z[Etc/UTC], estimatedCompletionDate=2025-02-14T23:45:31.121609600Z[Etc/UTC], estimatedDuration=19], buildConfig=BuildConfig[buildScript=#!/bin/bash
cd /var/tmp/testing-dir
chmod +x ./gradlew
./gradlew clean test
, dockerImage=dummy-docker-image:latest, commitHashToBuild=a1099e378cffde441ef85f9b12577ca174b8e1e4, assignmentCommitHash=a1099e378cffde441ef85f9b12577ca174b8e1e4, testCommitHash=bd38d61c299ab11a1dea82a3ca5493fe04d97d47, branch=main, programmingLanguage=JAVA, projectType=PLAIN_GRADLE, scaEnabled=false, sequentialTestRunsEnabled=false, resultPaths=[/var/tmp/testing-dir/**/test-results/test/*.xml], timeoutSeconds=0, assignmentCheckoutPath=null, testCheckoutPath=null, solutionCheckoutPath=null, dockerRunConfig=null], submissionResult=ResultDTO[id=625, completionDate=2025-02-14T23:45:12.128011800Z[Etc/UTC], successful=false, score=0.0, rated=true, submission=SubmissionDTO[id=817, submitted=true, type=MANUAL, exampleSubmission=null, submissionDate=2025-02-14T23:45:12.098737Z, commitHash=a1099e378cffde441ef85f9b12577ca174b8e1e4, buildFailed=true, buildArtifact=false, participation=ParticipationDTO[id=1934, testRun=false, type=solution, submissionCount=null, exercise=ParticipationExerciseDTO[id=2573, exerciseType=PROGRAMMING, type=programming, assessmentType=AUTOMATIC, dueDate=2025-02-16T23:45:10.996982Z, assessmentDueDate=null, maxPoints=42.0, course=CourseDTO[id=956, accuracyOfScores=1]]], submissionExerciseType=programming, isProcessing=false, buildStartDate=null, estimatedCompletionDate=null], participation=ParticipationDTO[id=1934, testRun=false, type=solution, submissionCount=null, exercise=ParticipationExerciseDTO[id=2573, exerciseType=PROGRAMMING, type=programming, assessmentType=AUTOMATIC, dueDate=2025-02-16T23:45:10.996982Z, assessmentDueDate=null, maxPoints=42.0, course=CourseDTO[id=956, accuracyOfScores=1]]], feedbacks=[], assessmentType=AUTOMATIC, hasComplaint=null, exampleResult=null, testCaseCount=0, passedTestCaseCount=0, codeIssueCount=0]], BuildJobQueueItem[id=19341739576713025, name=SHORT9AFDAE3804CA304DDF0889A0CB0F56104A86TSTEXC-SOLUTION, buildAgent=BuildAgentDTO[name=artemis-build-agent-test, memberAddress=[127.0.0.1]:5703, displayName=artemis-build-agent-test], participationId=1934, courseId=956, exerciseId=2573, retryCount=0, priority=2, status=FAILED, repositoryInfo=RepositoryInfo[repositoryName=short9afdae3804ca304ddf0889a0cb0f56104a86tstexc-solution, repositoryType=solution, triggeredByPushTo=tests, assignmentRepositoryUri=http://localhost:49152/git/SHORT9AFDAE3804CA304DDF0889A0CB0F56104A86TSTEXC/short9afdae3804ca304ddf0889a0cb0f56104a86tstexc-solution.git, testRepositoryUri=http://localhost:49152/git/SHORT9AFDAE3804CA304DDF0889A0CB0F56104A86TSTEXC/short9afdae3804ca304ddf0889a0cb0f56104a86tstexc-tests.git, solutionRepositoryUri=null, auxiliaryRepositoryUris=[Ljava.lang.String;@64dea711, auxiliaryRepositoryCheckoutDirectories=[Ljava.lang.String;@8d2f66d], jobTimingInfo=JobTimingInfo[submissionDate=2025-02-14T23:45:13.025319671Z[Etc/UTC], buildStartDate=2025-02-14T23:45:13.040293146Z[Etc/UTC], buildCompletionDate=2025-02-14T23:45:13.053032917Z[Etc/UTC], estimatedCompletionDate=2025-02-14T23:45:32.040285703Z[Etc/UTC], estimatedDuration=19], buildConfig=BuildConfig[buildScript=#!/bin/bash
cd /var/tmp/testing-dir
chmod +x ./gradlew
./gradlew clean test
, dockerImage=dummy-docker-image:latest, commitHashToBuild=784f8f0049d2a1a54f21c67dd772bea86715267a, assignmentCommitHash=a1099e378cffde441ef85f9b12577ca174b8e1e4, testCommitHash=784f8f0049d2a1a54f21c67dd772bea86715267a, branch=main, programmingLanguage=JAVA, projectType=PLAIN_GRADLE, scaEnabled=false, sequentialTestRunsEnabled=false, resultPaths=[/var/tmp/testing-dir/**/test-results/test/*.xml], timeoutSeconds=0, assignmentCheckoutPath=null, testCheckoutPath=null, solutionCheckoutPath=null, dockerRunConfig=null], submissionResult=ResultDTO[id=626, completionDate=2025-02-14T23:45:13.053131811Z[Etc/UTC], successful=false, score=0.0, rated=true, submission=SubmissionDTO[id=818, submitted=true, type=TEST, exampleSubmission=null, submissionDate=2025-02-14T23:45:13.005779Z, commitHash=784f8f0049d2a1a54f21c67dd772bea86715267a, buildFailed=true, buildArtifact=false, participation=ParticipationDTO[id=1934, testRun=false, type=solution, submissionCount=null, exercise=ParticipationExerciseDTO[id=2573, exerciseType=PROGRAMMING, type=programming, assessmentType=AUTOMATIC, dueDate=2025-02-16T23:45:10.996982Z, assessmentDueDate=null, maxPoints=42.0, course=CourseDTO[id=956, accuracyOfScores=1]]], submissionExerciseType=programming, isProcessing=false, buildStartDate=null, estimatedCompletionDate=null], participation=ParticipationDTO[id=1934, testRun=false, type=solution, submissionCount=null, exercise=ParticipationExerciseDTO[id=2573, exerciseType=PROGRAMMING, type=programming, assessmentType=AUTOMATIC, dueDate=2025-02-16T23:45:10.996982Z, assessmentDueDate=null, maxPoints=42.0, course=CourseDTO[id=956, accuracyOfScores=1]]], feedbacks=[], assessmentType=AUTOMATIC, hasComplaint=null, exampleResult=null, testCaseCount=0, passedTestCaseCount=0, codeIssueCount=0]], BuildJobQueueItem[id=19581739576715555, name=SHORTC1A3F9FC03D2304B4308FA20AF16D54AAA49TSTEXC-LOCALVCSSHINTSTUDENT1, buildAgent=BuildAgentDTO[name=artemis-build-agent-test, memberAddress=[127.0.0.1]:5703, displayName=artemis-build-agent-test], participationId=1958, courseId=965, exerciseId=2582, retryCount=0, priority=2, status=FAILED, repositoryInfo=RepositoryInfo[repositoryName=shortc1a3f9fc03d2304b4308fa20af16d54aaa49tstexc-localvcsshintstudent1, repositoryType=user, triggeredByPushTo=user, assignmentRepositoryUri=http://localhost:49152/git/SHORTC1A3F9FC03D2304B4308FA20AF16D54AAA49TSTEXC/shortc1a3f9fc03d2304b4308fa20af16d54aaa49tstexc-localvcsshintstudent1.git, testRepositoryUri=http://localhost:49152/git/SHORTC1A3F9FC03D2304B4308FA20AF16D54AAA49TSTEXC/shortc1a3f9fc03d2304b4308fa20af16d54aaa49tstexc-tests.git, solutionRepositoryUri=null, auxiliaryRepositoryUris=[Ljava.lang.String;@7d1900e6, auxiliaryRepositoryCheckoutDirectories=[Ljava.lang.String;@1a318dd4], jobTimingInfo=JobTimingInfo[submissionDate=2025-02-14T23:45:15.555989584Z[Etc/UTC], buildStartDate=2025-02-14T23:45:15.568477627Z[Etc/UTC], buildCompletionDate=2025-02-14T23:45:15.579021148Z[Etc/UTC], estimatedCompletionDate=2025-02-14T23:45:34.568443924Z[Etc/UTC], estimatedDuration=19], buildConfig=BuildConfig[buildScript=#!/bin/bash
cd /var/tmp/testing-dir
chmod +x ./gradlew
./gradlew clean test
, dockerImage=dummy-docker-image:latest, commitHashToBuild=ca76dac20e040e6609db02fd7fedd56bf58829d7, assignmentCommitHash=ca76dac20e040e6609db02fd7fedd56bf58829d7, testCommitHash=bd0d58c226dc63bfa4bc9052870589952c0a1f83, branch=main, programmingLanguage=JAVA, projectType=PLAIN_GRADLE, scaEnabled=false, sequentialTestRunsEnabled=false, resultPaths=[/var/tmp/testing-dir/**/test-results/test/*.xml], timeoutSeconds=0, assignmentCheckoutPath=null, testCheckoutPath=null, solutionCheckoutPath=null, dockerRunConfig=null], submissionResult=ResultDTO[id=627, completionDate=2025-02-14T23:45:15.579119131Z[Etc/UTC], successful=false, score=0.0, rated=true, submission=SubmissionDTO[id=820, submitted=true, type=MANUAL, exampleSubmission=null, submissionDate=2025-02-14T23:45:15.548349Z, commitHash=ca76dac20e040e6609db02fd7fedd56bf58829d7, buildFailed=true, buildArtifact=false, participation=ParticipationDTO[id=1958, testRun=false, type=programming, submissionCount=null, exercise=ParticipationExerciseDTO[id=2582, exerciseType=PROGRAMMING, type=programming, assessmentType=AUTOMATIC, dueDate=2025-02-16T23:45:15.103512Z, assessmentDueDate=null, maxPoints=42.0, course=CourseDTO[id=965, accuracyOfScores=1]]], submissionExerciseType=programming, isProcessing=false, buildStartDate=null, estimatedCompletionDate=null], participation=ParticipationDTO[id=1958, testRun=false, type=programming, submissionCount=null, exercise=ParticipationExerciseDTO[id=2582, exerciseType=PROGRAMMING, type=programming, assessmentType=AUTOMATIC, dueDate=2025-02-16T23:45:15.103512Z, assessmentDueDate=null, maxPoints=42.0, course=CourseDTO[id=965, accuracyOfScores=1]]], feedbacks=[], assessmentType=AUTOMATIC, hasComplaint=null, exampleResult=null, testCaseCount=0, passedTestCaseCount=0, codeIssueCount=0]], BuildJobQueueItem[id=19801739576719393, name=SHORTB2A6C58B0D447045380A858075B170A5B7C6TSTEXC-LOCALVCSSHINTSTUDENT1, buildAgent=BuildAgentDTO[name=artemis-build-agent-test, memberAddress=[127.0.0.1]:5703, displayName=artemis-build-agent-test], participationId=1980, courseId=974, exerciseId=2591, retryCount=0, priority=2, status=FAILED, repositoryInfo=RepositoryInfo[repositoryName=shortb2a6c58b0d447045380a858075b170a5b7c6tstexc-localvcsshintstudent1, repositoryType=user, triggeredByPushTo=user, assignmentRepositoryUri=http://localhost:49152/git/SHORTB2A6C58B0D447045380A858075B170A5B7C6TSTEXC/shortb2a6c58b0d447045380a858075b170a5b7c6tstexc-localvcsshintstudent1.git, testRepositoryUri=http://localhost:49152/git/SHORTB2A6C58B0D447045380A858075B170A5B7C6TSTEXC/shortb2a6c58b0d447045380a858075b170a5b7c6tstexc-tests.git, solutionRepositoryUri=null, auxiliaryRepositoryUris=[Ljava.lang.String;@bc647ac, auxiliaryRepositoryCheckoutDirectories=[Ljava.lang.String;@14b8b927], jobTimingInfo=JobTimingInfo[submissionDate=2025-02-14T23:45:19.393259829Z[Etc/UTC], buildStartDate=2025-02-14T23:45:19.405438171Z[Etc/UTC], buildCompletionDate=2025-02-14T23:45:19.414070673Z[Etc/UTC], estimatedCompletionDate=2025-02-14T23:45:38.405431569Z[Etc/UTC], estimatedDuration=19], buildConfig=BuildConfig[buildScript=#!/bin/bash
cd /var/tmp/testing-dir
chmod +x ./gradlew
./gradlew clean test
, dockerImage=dummy-docker-image:latest, commitHashToBuild=363cdbf709a9fff149f813ab848ee800a675cc77, assignmentCommitHash=363cdbf709a9fff149f813ab848ee800a675cc77, testCommitHash=a5e046ece417b2e538f21f816e2524dab61e0d10, branch=main, programmingLanguage=JAVA, projectType=PLAIN_GRADLE, scaEnabled=false, sequentialTestRunsEnabled=false, resultPaths=[/var/tmp/testing-dir/**/test-results/test/*.xml], timeoutSeconds=0, assignmentCheckoutPath=null, testCheckoutPath=null, solutionCheckoutPath=null, dockerRunConfig=null], submissionResult=ResultDTO[id=628, completionDate=2025-02-14T23:45:19.414171040Z[Etc/UTC], successful=false, score=0.0, rated=true, submission=SubmissionDTO[id=821, submitted=true, type=MANUAL, exampleSubmission=null, submissionDate=2025-02-14T23:45:19.376840Z, commitHash=363cdbf709a9fff149f813ab848ee800a675cc77, buildFailed=true, buildArtifact=false, participation=ParticipationDTO[id=1980, testRun=false, type=programming, submissionCount=null, exercise=ParticipationExerciseDTO[id=2591, exerciseType=PROGRAMMING, type=programming, assessmentType=AUTOMATIC, dueDate=2025-02-16T23:45:18.950569Z, assessmentDueDate=null, maxPoints=42.0, course=CourseDTO[id=974, accuracyOfScores=1]]], submissionExerciseType=programming, isProcessing=false, buildStartDate=null, estimatedCompletionDate=null], participation=ParticipationDTO[id=1980, testRun=false, type=programming, submissionCount=null, exercise=ParticipationExerciseDTO[id=2591, exerciseType=PROGRAMMING, type=programming, assessmentType=AUTOMATIC, dueDate=2025-02-16T23:45:18.950569Z, assessmentDueDate=null, maxPoints=42.0, course=CourseDTO[id=974, accuracyOfScores=1]]], feedbacks=[], assessmentType=AUTOMATIC, hasComplaint=null, exampleResult=null, testCaseCount=0, passedTestCaseCount=0, codeIssueCount=0]], BuildJobQueueItem[id=19791739576719787, name=SHORTB2A6C58B0D447045380A858075B170A5B7C6TSTEXC-BASE, buildAgent=BuildAgentDTO[name=artemis-build-agent-test, memberAddress=[127.0.0.1]:5703, displayName=artemis-build-agent-test], participationId=1979, courseId=974, exerciseId=2591, retryCount=0, priority=2, status=FAILED, repositoryInfo=RepositoryInfo[repositoryName=shortb2a6c58b0d447045380a858075b170a5b7c6tstexc-exercise, repositoryType=exercise, triggeredByPushTo=exercise, assignmentRepositoryUri=http://localhost:49152/git/SHORTB2A6C58B0D447045380A858075B170A5B7C6TSTEXC/shortb2a6c58b0d447045380a858075b170a5b7c6tstexc-exercise.git, testRepositoryUri=http://localhost:49152/git/SHORTB2A6C58B0D447045380A858075B170A5B7C6TSTEXC/shortb2a6c58b0d447045380a858075b170a5b7c6tstexc-tests.git, solutionRepositoryUri=null, auxiliaryRepositoryUris=[Ljava.lang.String;@21939566, auxiliaryRepositoryCheckoutDirectories=[Ljava.lang.String;@375ae3ad], jobTimingInfo=JobTimingInfo[submissionDate=2025-02-14T23:45:19.787985058Z[Etc/UTC], buildStartDate=2025-02-14T23:45:19.796327417Z[Etc/UTC], buildCompletionDate=2025-02-14T23:45:19.799750982Z[Etc/UTC], estimatedCompletionDate=2025-02-14T23:45:38.796319082Z[Etc/UTC], estimatedDuration=19], buildConfig=BuildConfig[buildScript=#!/bin/bash
cd /var/tmp/testing-dir
chmod +x ./gradlew
./gradlew clean test
, dockerImage=dummy-docker-image:latest, commitHashToBuild=363cdbf709a9fff149f813ab848ee800a675cc77, assignmentCommitHash=363cdbf709a9fff149f813ab848ee800a675cc77, testCommitHash=a5e046ece417b2e538f21f816e2524dab61e0d10, branch=main, programmingLanguage=JAVA, projectType=PLAIN_GRADLE, scaEnabled=false, sequentialTestRunsEnabled=false, resultPaths=[/var/tmp/testing-dir/**/test-results/test/*.xml], timeoutSeconds=0, assignmentCheckoutPath=null, testCheckoutPath=null, solutionCheckoutPath=null, dockerRunConfig=null], submissionResult=ResultDTO[id=629, completionDate=2025-02-14T23:45:19.799820341Z[Etc/UTC], successful=false, score=0.0, rated=true, submission=SubmissionDTO[id=822, submitted=true, type=MANUAL, exampleSubmission=null, submissionDate=2025-02-14T23:45:19.775952Z, commitHash=363cdbf709a9fff149f813ab848ee800a675cc77, buildFailed=true, buildArtifact=false, participation=ParticipationDTO[id=1979, testRun=false, type=template, submissionCount=null, exercise=ParticipationExerciseDTO[id=2591, exerciseType=PROGRAMMING, type=programming, assessmentType=AUTOMATIC, dueDate=2025-02-16T23:45:18.950569Z, assessmentDueDate=null, maxPoints=42.0, course=CourseDTO[id=974, accuracyOfScores=1]]], submissionExerciseType=programming, isProcessing=false, buildStartDate=null, estimatedCompletionDate=null], participation=ParticipationDTO[id=1979, testRun=false, type=template, submissionCount=null, exercise=ParticipationExerciseDTO[id=2591, exerciseType=PROGRAMMING, type=programming, assessmentType=AUTOMATIC, dueDate=2025-02-16T23:45:18.950569Z, assessmentDueDate=null, maxPoints=42.0, course=CourseDTO[id=974, accuracyOfScores=1]]], feedbacks=[], assessmentType=AUTOMATIC, hasComplaint=null, exampleResult=null, testCaseCount=0, passedTestCaseCount=0, codeIssueCount=0]], BuildJobQueueItem[id=19781739576720235, name=SHORTB2A6C58B0D447045380A858075B170A5B7C6TSTEXC-SOLUTION, buildAgent=BuildAgentDTO[name=artemis-build-agent-test, memberAddress=[127.0.0.1]:5703, displayName=artemis-build-agent-test], participationId=1978, courseId=974, exerciseId=2591, retryCount=0, priority=2, status=FAILED, repositoryInfo=RepositoryInfo[repositoryName=shortb2a6c58b0d447045380a858075b170a5b7c6tstexc-solution, repositoryType=solution, triggeredByPushTo=solution, assignmentRepositoryUri=http://localhost:49152/git/SHORTB2A6C58B0D447045380A858075B170A5B7C6TSTEXC/shortb2a6c58b0d447045380a858075b170a5b7c6tstexc-solution.git, testRepositoryUri=http://localhost:49152/git/SHORTB2A6C58B0D447045380A858075B170A5B7C6TSTEXC/shortb2a6c58b0d447045380a858075b170a5b7c6tstexc-tests.git, solutionRepositoryUri=null, auxiliaryRepositoryUris=[Ljava.lang.String;@e9829cd, auxiliaryRepositoryCheckoutDirectories=[Ljava.lang.String;@5f38c8b8], jobTimingInfo=JobTimingInfo[submissionDate=2025-02-14T23:45:20.235272325Z[Etc/UTC], buildStartDate=2025-02-14T23:45:20.243033812Z[Etc/UTC], buildCompletionDate=2025-02-14T23:45:20.250721018Z[Etc/UTC], estimatedCompletionDate=2025-02-14T23:45:39.243026949Z[Etc/UTC], estimatedDuration=19], buildConfig=BuildConfig[buildScript=#!/bin/bash
cd /var/tmp/testing-dir
chmod +x ./gradlew
./gradlew clean test
, dockerImage=dummy-docker-image:latest, commitHashToBuild=c710d0e68c9c7db8cda7d1a278308de2b9642cc0, assignmentCommitHash=c710d0e68c9c7db8cda7d1a278308de2b9642cc0, testCommitHash=a5e046ece417b2e538f21f816e2524dab61e0d10, branch=main, programmingLanguage=JAVA, projectType=PLAIN_GRADLE, scaEnabled=false, sequentialTestRunsEnabled=false, resultPaths=[/var/tmp/testing-dir/**/test-results/test/*.xml], timeoutSeconds=0, assignmentCheckoutPath=null, testCheckoutPath=null, solutionCheckoutPath=null, dockerRunConfig=null], submissionResult=ResultDTO[id=630, completionDate=2025-02-14T23:45:20.250809893Z[Etc/UTC], successful=false, score=0.0, rated=true, submission=SubmissionDTO[id=823, submitted=true, type=MANUAL, exampleSubmission=null, submissionDate=2025-02-14T23:45:20.211707Z, commitHash=c710d0e68c9c7db8cda7d1a278308de2b9642cc0, buildFailed=true, buildArtifact=false, participation=ParticipationDTO[id=1978, testRun=false, type=solution, submissionCount=null, exercise=ParticipationExerciseDTO[id=2591, exerciseType=PROGRAMMING, type=programming, assessmentType=AUTOMATIC, dueDate=2025-02-16T23:45:18.950569Z, assessmentDueDate=null, maxPoints=42.0, course=CourseDTO[id=974, accuracyOfScores=1]]], submissionExerciseType=programming, isProcessing=false, buildStartDate=null, estimatedCompletionDate=null], participation=ParticipationDTO[id=1978, testRun=false, type=solution, submissionCount=null, exercise=ParticipationExerciseDTO[id=2591, exerciseType=PROGRAMMING, type=programming, assessmentType=AUTOMATIC, dueDate=2025-02-16T23:45:18.950569Z, assessmentDueDate=null, maxPoints=42.0, course=CourseDTO[id=974, accuracyOfScores=1]]], feedbacks=[], assessmentType=AUTOMATIC, hasComplaint=null, exampleResult=null, testCaseCount=0, passedTestCaseCount=0, codeIssueCount=0]], BuildJobQueueItem[id=19781739576720802, name=SHORTB2A6C58B0D447045380A858075B170A5B7C6TSTEXC-SOLUTION, buildAgent=BuildAgentDTO[name=artemis-build-agent-test, memberAddress=[127.0.0.1]:5703, displayName=artemis-build-agent-test], participationId=1978, courseId=974, exerciseId=2591, retryCount=0, priority=2, status=FAILED, repositoryInfo=RepositoryInfo[repositoryName=shortb2a6c58b0d447045380a858075b170a5b7c6tstexc-solution, repositoryType=solution, triggeredByPushTo=tests, assignmentRepositoryUri=http://localhost:49152/git/SHORTB2A6C58B0D447045380A858075B170A5B7C6TSTEXC/shortb2a6c58b0d447045380a858075b170a5b7c6tstexc-solution.git, testRepositoryUri=http://localhost:49152/git/SHORTB2A6C58B0D447045380A858075B170A5B7C6TSTEXC/shortb2a6c58b0d447045380a858075b170a5b7c6tstexc-tests.git, solutionRepositoryUri=null, auxiliaryRepositoryUris=[Ljava.lang.String;@62bd5e9c, auxiliaryRepositoryCheckoutDirectories=[Ljava.lang.String;@29a8eed], jobTimingInfo=JobTimingInfo[submissionDate=2025-02-14T23:45:20.802935026Z[Etc/UTC], buildStartDate=2025-02-14T23:45:20.809306435Z[Etc/UTC], buildCompletionDate=2025-02-14T23:45:20.822452342Z[Etc/UTC], estimatedCompletionDate=2025-02-14T23:45:39.809298491Z[Etc/UTC], estimatedDuration=19], buildConfig=BuildConfig[buildScript=#!/bin/bash
cd /var/tmp/testing-dir
chmod +x ./gradlew
./gradlew clean test
, dockerImage=dummy-docker-image:latest, commitHashToBuild=c710d0e68c9c7db8cda7d1a278308de2b9642cc0, assignmentCommitHash=c710d0e68c9c7db8cda7d1a278308de2b9642cc0, testCommitHash=c710d0e68c9c7db8cda7d1a278308de2b9642cc0, branch=main, programmingLanguage=JAVA, projectType=PLAIN_GRADLE, scaEnabled=false, sequentialTestRunsEnabled=false, resultPaths=[/var/tmp/testing-dir/**/test-results/test/*.xml], timeoutSeconds=0, assignmentCheckoutPath=null, testCheckoutPath=null, solutionCheckoutPath=null, dockerRunConfig=null], submissionResult=ResultDTO[id=631, completionDate=2025-02-14T23:45:20.822527362Z[Etc/UTC], successful=false, score=0.0, rated=true, submission=SubmissionDTO[id=824, submitted=true, type=TEST, exampleSubmission=null, submissionDate=2025-02-14T23:45:20.791240Z, commitHash=c710d0e68c9c7db8cda7d1a278308de2b9642cc0, buildFailed=true, buildArtifact=false, participation=ParticipationDTO[id=1978, testRun=false, type=solution, submissionCount=null, exercise=ParticipationExerciseDTO[id=2591, exerciseType=PROGRAMMING, type=programming, assessmentType=AUTOMATIC, dueDate=2025-02-16T23:45:18.950569Z, assessmentDueDate=null, maxPoints=42.0, course=CourseDTO[id=974, accuracyOfScores=1]]], submissionExerciseType=programming, isProcessing=false, buildStartDate=null, estimatedCompletionDate=null], participation=ParticipationDTO[id=1978, testRun=false, type=solution, submissionCount=null, exercise=ParticipationExerciseDTO[id=2591, exerciseType=PROGRAMMING, type=programming, assessmentType=AUTOMATIC, dueDate=2025-02-16T23:45:18.950569Z, assessmentDueDate=null, maxPoints=42.0, course=CourseDTO[id=974, accuracyOfScores=1]]], feedbacks=[], assessmentType=AUTOMATIC, hasComplaint=null, exampleResult=null, testCaseCount=0, passedTestCaseCount=0, codeIssueCount=0]], BuildJobQueueItem[id=20061739576732554, name=SHORT94A899E303D7504C5D0840704DAAFA3DFF4DTSTEXC-LOCALVCCIINTINSTRUCTOR1, buildAgent=BuildAgentDTO[name=artemis-build-agent-test, memberAddress=[127.0.0.1]:5703, displayName=artemis-build-agent-test], participationId=2006, courseId=984, exerciseId=2601, retryCount=0, priority=2, status=SUCCESSFUL, repositoryInfo=RepositoryInfo[repositoryName=short94a899e303d7504c5d0840704daafa3dff4dtstexc-localvcciintinstructor1, repositoryType=user, triggeredByPushTo=user, assignmentRepositoryUri=http://localhost:49152/git/SHORT94A899E303D7504C5D0840704DAAFA3DFF4DTSTEXC/short94a899e303d7504c5d0840704daafa3dff4dtstexc-localvcciintinstructor1.git, testRepositoryUri=http://localhost:49152/git/SHORT94A899E303D7504C5D0840704DAAFA3DFF4DTSTEXC/short94a899e303d7504c5d0840704daafa3dff4dtstexc-tests.git, solutionRepositoryUri=null, auxiliaryRepositoryUris=[Ljava.lang.String;@4d030932, auxiliaryRepositoryCheckoutDirectories=[Ljava.lang.String;@54e76522], jobTimingInfo=JobTimingInfo[submissionDate=2025-02-14T23:45:32.554795798Z[Etc/UTC], buildStartDate=2025-02-14T23:45:32.567287465Z[Etc/UTC], buildCompletionDate=2025-02-14T23:45:34.535226768Z[Etc/UTC], estimatedCompletionDate=2025-02-14T23:45:51.567257960Z[Etc/UTC], estimatedDuration=19], buildConfig=BuildConfig[buildScript=#!/bin/bash
cd /var/tmp/testing-dir
chmod +x ./gradlew
./gradlew clean test
, dockerImage=dummy-docker-image:latest, commitHashToBuild=ca2dbc0ae87edf7035058a6a17c0ea60e90a290f, assignmentCommitHash=ca2dbc0ae87edf7035058a6a17c0ea60e90a290f, testCommitHash=0207f6f98af5fbb66ad68455f3fc3cf128af8ae9, branch=main, programmingLanguage=JAVA, projectType=PLAIN_GRADLE, scaEnabled=false, sequentialTestRunsEnabled=false, resultPaths=[/var/tmp/testing-dir/**/test-results/test/*.xml], timeoutSeconds=0, assignmentCheckoutPath=null, testCheckoutPath=null, solutionCheckoutPath=null, dockerRunConfig=null], submissionResult=ResultDTO[id=632, completionDate=2025-02-14T23:45:34.504415716Z[Etc/UTC], successful=false, score=7.7, rated=false, submission=SubmissionDTO[id=826, submitted=true, type=MANUAL, exampleSubmission=null, submissionDate=2025-02-14T23:45:32.541533Z, commitHash=ca2dbc0ae87edf7035058a6a17c0ea60e90a290f, buildFailed=false, buildArtifact=false, participation=ParticipationDTO[id=2006, testRun=true, type=programming, submissionCount=null, exercise=ParticipationExerciseDTO[id=2601, exerciseType=PROGRAMMING, type=programming, assessmentType=AUTOMATIC, dueDate=2025-02-16T23:45:31.864042Z, assessmentDueDate=null, maxPoints=42.0, course=CourseDTO[id=984, accuracyOfScores=1]]], submissionExerciseType=programming, isProcessing=false, buildStartDate=null, estimatedCompletionDate=null], participation=ParticipationDTO[id=2006, testRun=true, type=programming, submissionCount=null, exercise=ParticipationExerciseDTO[id=2601, exerciseType=PROGRAMMING, type=programming, assessmentType=AUTOMATIC, dueDate=2025-02-16T23:45:31.864042Z, assessmentDueDate=null, maxPoints=42.0, course=CourseDTO[id=984, accuracyOfScores=1]]], feedbacks=[FeedbackDTO[id=920, text=null, detailText=The exercise expects a class with the name Context in the package testpackage. You did not implement the class in the exercise., hasLongFeedbackText=false, reference=null, credits=0.0, positive=false, type=AUTOMATIC, visibility=ALWAYS, testCase=TestCaseDTO[testName=null, id=1357]], FeedbackDTO[id=921, text=null, detailText=The exercise expects a class with the name Policy in the package testpackage. You did not implement the class in the exercise., hasLongFeedbackText=false, reference=null, credits=0.0, positive=false, type=AUTOMATIC, visibility=ALWAYS, testCase=TestCaseDTO[testName=null, id=1358]], FeedbackDTO[id=922, text=null, detailText=The exercise expects a class with the name SortStrategy in the package testpackage. You did not implement the class in the exercise., hasLongFeedbackText=false, reference=null, credits=0.0, positive=false, type=AUTOMATIC, visibility=ALWAYS, testCase=TestCaseDTO[testName=null, id=1359]], FeedbackDTO[id=923, text=null, detailText=The class 'MergeSort' does not implement the interface 'SortStrategy' as expected. Implement the interface and its methods., hasLongFeedbackText=false, reference=null, credits=0.0, positive=false, type=AUTOMATIC, visibility=ALWAYS, testCase=TestCaseDTO[testName=null, id=1354]], FeedbackDTO[id=924, text=null, detailText=The exercise expects a class with the name SortStrategy in the package testpackage. You did not implement the class in the exercise., hasLongFeedbackText=false, reference=null, credits=0.0, positive=false, type=AUTOMATIC, visibility=ALWAYS, testCase=TestCaseDTO[testName=null, id=1351]], FeedbackDTO[id=925, text=null, detailText=The class 'BubbleSort' does not implement the interface 'SortStrategy' as expected. Implement the interface and its methods., hasLongFeedbackText=false, reference=null, credits=0.0, positive=false, type=AUTOMATIC, visibility=ALWAYS, testCase=TestCaseDTO[testName=null, id=1355]], FeedbackDTO[id=926, text=null, detailText=MergeSort does not sort correctly, hasLongFeedbackText=false, reference=null, credits=0.0, positive=false, type=AUTOMATIC, visibility=ALWAYS, testCase=TestCaseDTO[testName=null, id=1360]], FeedbackDTO[id=927, text=null, detailText=The class 'Context' was not found within the submission. Make sure to implement it properly., hasLongFeedbackText=false, reference=null, credits=0.0, positive=false, type=AUTOMATIC, visibility=ALWAYS, testCase=TestCaseDTO[testName=null, id=1361]], FeedbackDTO[id=928, text=null, detailText=The class 'Context' was not found within the submission. Make sure to implement it properly., hasLongFeedbackText=false, reference=null, credits=0.0, positive=false, type=AUTOMATIC, visibility=ALWAYS, testCase=TestCaseDTO[testName=null, id=1362]], FeedbackDTO[id=929, text=null, detailText=The exercise expects a class with the name Policy in the package testpackage. You did not implement the class in the exercise., hasLongFeedbackText=false, reference=null, credits=0.0, positive=false, type=AUTOMATIC, visibility=ALWAYS, testCase=TestCaseDTO[testName=null, id=1356]], FeedbackDTO[id=930, text=null, detailText=The exercise expects a class with the name Context in the package testpackage. You did not implement the class in the exercise., hasLongFeedbackText=false, reference=null, credits=0.0, positive=false, type=AUTOMATIC, visibility=ALWAYS, testCase=TestCaseDTO[testName=null, id=1352]], FeedbackDTO[id=931, text=null, detailText=The exercise expects a class with the name Policy in the package testpackage. You did not implement the class in the exercise., hasLongFeedbackText=false, reference=null, credits=0.0, positive=false, type=AUTOMATIC, visibility=ALWAYS, testCase=TestCaseDTO[testName=null, id=1353]], FeedbackDTO[id=932, text=null, detailText=null, hasLongFeedbackText=false, reference=null, credits=3.230769230769231, positive=true, type=AUTOMATIC, visibility=ALWAYS, testCase=TestCaseDTO[testName=null, id=1363]]], assessmentType=AUTOMATIC, hasComplaint=null, exampleResult=null, testCaseCount=13, passedTestCaseCount=1, codeIssueCount=0]], BuildJobQueueItem[id=20111739576737317, name=SHORTD49A6DAE04F9E049850BD5601663FD17A5B7TSTEXC-BASE, buildAgent=BuildAgentDTO[name=artemis-build-agent-test, memberAddress=[127.0.0.1]:5703, displayName=artemis-build-agent-test], participationId=2011, courseId=986, exerciseId=2603, retryCount=0, priority=2, status=SUCCESSFUL, repositoryInfo=RepositoryInfo[repositoryName=shortd49a6dae04f9e049850bd5601663fd17a5b7tstexc-exercise, repositoryType=exercise, triggeredByPushTo=exercise, assignmentRepositoryUri=http://localhost:49152/git/SHORTD49A6DAE04F9E049850BD5601663FD17A5B7TSTEXC/shortd49a6dae04f9e049850bd5601663fd17a5b7tstexc-exercise.git, testRepositoryUri=http://localhost:49152/git/SHORTD49A6DAE04F9E049850BD5601663FD17A5B7TSTEXC/shortd49a6dae04f9e049850bd5601663fd17a5b7tstexc-tests.git, solutionRepositoryUri=null, auxiliaryRepositoryUris=[Ljava.lang.String;@5ca6989c, auxiliaryRepositoryCheckoutDirectories=[Ljava.lang.String;@a1d9803], jobTimingInfo=JobTimingInfo[submissionDate=2025-02-14T23:45:37.317968648Z[Etc/UTC], buildStartDate=2025-02-14T23:45:37.324534774Z[Etc/UTC], buildCompletionDate=2025-02-14T23:45:38.527225461Z[Etc/UTC], estimatedCompletionDate=2025-02-14T23:45:56.324506331Z[Etc/UTC], estimatedDuration=19], buildConfig=BuildConfig[buildScript=#!/bin/bash
cd /var/tmp/testing-dir
chmod +x ./gradlew
./gradlew clean test
, dockerImage=dummy-docker-image:latest, commitHashToBuild=c795243c185829bbefa399f45dcbcfac22311b2f, assignmentCommitHash=c795243c185829bbefa399f45dcbcfac22311b2f, testCommitHash=fa8b162170bf767d852e05e0eb7a128efa2e1f34, branch=main, programmingLanguage=JAVA, projectType=PLAIN_GRADLE, scaEnabled=false, sequentialTestRunsEnabled=false, resultPaths=[/var/tmp/testing-dir/**/test-results/test/*.xml], timeoutSeconds=0, assignmentCheckoutPath=null, testCheckoutPath=null, solutionCheckoutPath=null, dockerRunConfig=null], submissionResult=ResultDTO[id=633, completionDate=2025-02-14T23:45:38.476795726Z[Etc/UTC], successful=false, score=0.0, rated=true, submission=SubmissionDTO[id=827, submitted=true, type=MANUAL, exampleSubmission=null, submissionDate=2025-02-14T23:45:37.303401Z, commitHash=c795243c185829bbefa399f45dcbcfac22311b2f, buildFailed=false, buildArtifact=false, participation=ParticipationDTO[id=2011, testRun=false, type=template, submissionCount=null, exercise=ParticipationExerciseDTO[id=2603, exerciseType=PROGRAMMING, type=programming, assessmentType=AUTOMATIC, dueDate=2025-02-16T23:45:36.830269Z, assessmentDueDate=null, maxPoints=42.0, course=CourseDTO[id=986, accuracyOfScores=1]]], submissionExerciseType=programming, isProcessing=false, buildStartDate=null, estimatedCompletionDate=null], participation=ParticipationDTO[id=2011, testRun=false, type=template, submissionCount=null, exercise=ParticipationExerciseDTO[id=2603, exerciseType=PROGRAMMING, type=programming, assessmentType=AUTOMATIC, dueDate=2025-02-16T23:45:36.830269Z, assessmentDueDate=null, maxPoints=42.0, course=CourseDTO[id=986, accuracyOfScores=1]]], feedbacks=[FeedbackDTO[id=933, text=null, detailText=The exercise expects a class with the name Context in the package testpackage. You did not implement the class in the exercise., hasLongFeedbackText=false, reference=null, credits=0.0, positive=false, type=AUTOMATIC, visibility=ALWAYS, testCase=TestCaseDTO[testName=testMethods[Context], id=1383]], FeedbackDTO[id=934, text=null, detailText=The exercise expects a class with the name Policy in the package testpackage. You did not implement the class in the exercise., hasLongFeedbackText=false, reference=null, credits=0.0, positive=false, type=AUTOMATIC, visibility=ALWAYS, testCase=TestCaseDTO[testName=testMethods[Policy], id=1384]], FeedbackDTO[id=935, text=null, detailText=The exercise expects a class with the name SortStrategy in the package testpackage. You did not implement the class in the exercise., hasLongFeedbackText=false, reference=null, credits=0.0, positive=false, type=AUTOMATIC, visibility=ALWAYS, testCase=TestCaseDTO[testName=testMethods[SortStrategy], id=1385]], FeedbackDTO[id=936, text=null, detailText=The class 'MergeSort' does not implement the interface 'SortStrategy' as expected. Implement the interface and its methods., hasLongFeedbackText=false, reference=null, credits=0.0, positive=false, type=AUTOMATIC, visibility=ALWAYS, testCase=TestCaseDTO[testName=testClass[MergeSort], id=1380]], FeedbackDTO[id=937, text=null, detailText=The exercise expects a class with the name SortStrategy in the package testpackage. You did not implement the class in the exercise., hasLongFeedbackText=false, reference=null, credits=0.0, positive=false, type=AUTOMATIC, visibility=ALWAYS, testCase=TestCaseDTO[testName=testClass[SortStrategy], id=1377]], FeedbackDTO[id=938, text=null, detailText=The class 'BubbleSort' does not implement the interface 'SortStrategy' as expected. Implement the interface and its methods., hasLongFeedbackText=false, reference=null, credits=0.0, positive=false, type=AUTOMATIC, visibility=ALWAYS, testCase=TestCaseDTO[testName=testClass[BubbleSort], id=1381]], FeedbackDTO[id=939, text=null, detailText=MergeSort does not sort correctly, hasLongFeedbackText=false, reference=null, credits=0.0, positive=false, type=AUTOMATIC, visibility=ALWAYS, testCase=TestCaseDTO[testName=testMergeSort(), id=1386]], FeedbackDTO[id=940, text=null, detailText=The class 'Context' was not found within the submission. Make sure to implement it properly., hasLongFeedbackText=false, reference=null, credits=0.0, positive=false, type=AUTOMATIC, visibility=ALWAYS, testCase=TestCaseDTO[testName=testUseBubbleSortForSmallList(), id=1387]], FeedbackDTO[id=941, text=null, detailText=BubbleSort does not sort correctly, hasLongFeedbackText=false, reference=null, credits=0.0, positive=false, type=AUTOMATIC, visibility=ALWAYS, testCase=TestCaseDTO[testName=testBubbleSort(), id=1389]], FeedbackDTO[id=942, text=null, detailText=The class 'Context' was not found within the submission. Make sure to implement it properly., hasLongFeedbackText=false, reference=null, credits=0.0, positive=false, type=AUTOMATIC, visibility=ALWAYS, testCase=TestCaseDTO[testName=testUseMergeSortForBigList(), id=1388]], FeedbackDTO[id=943, text=null, detailText=The exercise expects a class with the name Policy in the package testpackage. You did not implement the class in the exercise., hasLongFeedbackText=false, reference=null, credits=0.0, positive=false, type=AUTOMATIC, visibility=ALWAYS, testCase=TestCaseDTO[testName=testConstructors[Policy], id=1382]], FeedbackDTO[id=944, text=null, detailText=The exercise expects a class with the name Context in the package testpackage. You did not implement the class in the exercise., hasLongFeedbackText=false, reference=null, credits=0.0, positive=false, type=AUTOMATIC, visibility=ALWAYS, testCase=TestCaseDTO[testName=testAttributes[Context], id=1378]], FeedbackDTO[id=945, text=null, detailText=The exercise expects a class with the name Policy in the package testpackage. You did not implement the class in the exercise., hasLongFeedbackText=false, reference=null, credits=0.0, positive=false, type=AUTOMATIC, visibility=ALWAYS, testCase=TestCaseDTO[testName=testAttributes[Policy], id=1379]]], assessmentType=AUTOMATIC, hasComplaint=null, exampleResult=null, testCaseCount=13, passedTestCaseCount=0, codeIssueCount=0]], BuildJobQueueItem[id=20171739576740018, name=SHORT7914AFA00ADC3047140B99D01AC07810CE44TSTEXC-LOCALVCCIINTSTUDENT1, buildAgent=BuildAgentDTO[name=artemis-build-agent-test, memberAddress=[127.0.0.1]:5703, displayName=artemis-build-agent-test], participationId=2017, courseId=988, exerciseId=2605, retryCount=0, priority=2, status=SUCCESSFUL, repositoryInfo=RepositoryInfo[repositoryName=short7914afa00adc3047140b99d01ac07810ce44tstexc-practice-localvcciintstudent1, repositoryType=user, triggeredByPushTo=user, assignmentRepositoryUri=http://localhost:49152/git/SHORT7914AFA00ADC3047140B99D01AC07810CE44TSTEXC/short7914afa00adc3047140b99d01ac07810ce44tstexc-practice-localvcciintstudent1.git, testRepositoryUri=http://localhost:49152/git/SHORT7914AFA00ADC3047140B99D01AC07810CE44TSTEXC/short7914afa00adc3047140b99d01ac07810ce44tstexc-tests.git, solutionRepositoryUri=null, auxiliaryRepositoryUris=[Ljava.lang.String;@5f824aeb, auxiliaryRepositoryCheckoutDirectories=[Ljava.lang.String;@3023ea4c], jobTimingInfo=JobTimingInfo[submissionDate=2025-02-14T23:45:40.018961253Z[Etc/UTC], buildStartDate=2025-02-14T23:45:40.029742701Z[Etc/UTC], buildCompletionDate=2025-02-14T23:45:41.150208242Z[Etc/UTC], estimatedCompletionDate=2025-02-14T23:45:59.029734065Z[Etc/UTC], estimatedDuration=19], buildConfig=BuildConfig[buildScript=#!/bin/bash
cd /var/tmp/testing-dir
chmod +x ./gradlew
./gradlew clean test
, dockerImage=dummy-docker-image:latest, commitHashToBuild=d80b57877989b971e83ccdb4863c8a7023c76266, assignmentCommitHash=d80b57877989b971e83ccdb4863c8a7023c76266, testCommitHash=327b116890c92b1312314341f43f21ef13ecf7d7, branch=main, programmingLanguage=JAVA, projectType=PLAIN_GRADLE, scaEnabled=false, sequentialTestRunsEnabled=false, resultPaths=[/var/tmp/testing-dir/**/test-results/test/*.xml], timeoutSeconds=0, assignmentCheckoutPath=null, testCheckoutPath=null, solutionCheckoutPath=null, dockerRunConfig=null], submissionResult=ResultDTO[id=634, completionDate=2025-02-14T23:45:41.120192603Z[Etc/UTC], successful=false, score=7.7, rated=false, submission=SubmissionDTO[id=828, submitted=true, type=MANUAL, exampleSubmission=null, submissionDate=2025-02-14T23:45:40.008666Z, commitHash=d80b57877989b971e83ccdb4863c8a7023c76266, buildFailed=false, buildArtifact=false, participation=ParticipationDTO[id=2017, testRun=true, type=programming, submissionCount=null, exercise=ParticipationExerciseDTO[id=2605, exerciseType=PROGRAMMING, type=programming, assessmentType=AUTOMATIC, dueDate=2025-02-16T23:45:39.523500Z, assessmentDueDate=null, maxPoints=42.0, course=CourseDTO[id=988, accuracyOfScores=1]]], submissionExerciseType=programming, isProcessing=false, buildStartDate=null, estimatedCompletionDate=null], participation=ParticipationDTO[id=2017, testRun=true, type=programming, submissionCount=null, exercise=ParticipationExerciseDTO[id=2605, exerciseType=PROGRAMMING, type=programming, assessmentType=AUTOMATIC, dueDate=2025-02-16T23:45:39.523500Z, assessmentDueDate=null, maxPoints=42.0, course=CourseDTO[id=988, accuracyOfScores=1]]], feedbacks=[FeedbackDTO[id=946, text=null, detailText=The exercise expects a class with the name Context in the package testpackage. You did not implement the class in the exercise., hasLongFeedbackText=false, reference=null, credits=0.0, positive=false, type=AUTOMATIC, visibility=ALWAYS, testCase=TestCaseDTO[testName=null, id=1409]], FeedbackDTO[id=947, text=null, detailText=The exercise expects a class with the name Policy in the package testpackage. You did not implement the class in the exercise., hasLongFeedbackText=false, reference=null, credits=0.0, positive=false, type=AUTOMATIC, visibility=ALWAYS, testCase=TestCaseDTO[testName=null, id=1410]], FeedbackDTO[id=948, text=null, detailText=The exercise expects a class with the name SortStrategy in the package testpackage. You did not implement the class in the exercise., hasLongFeedbackText=false, reference=null, credits=0.0, positive=false, type=AUTOMATIC, visibility=ALWAYS, testCase=TestCaseDTO[testName=null, id=1411]], FeedbackDTO[id=949, text=null, detailText=The class 'MergeSort' does not implement the interface 'SortStrategy' as expected. Implement the interface and its methods., hasLongFeedbackText=false, reference=null, credits=0.0, positive=false, type=AUTOMATIC, visibility=ALWAYS, testCase=TestCaseDTO[testName=null, id=1406]], FeedbackDTO[id=950, text=null, detailText=The exercise expects a class with the name SortStrategy in the package testpackage. You did not implement the class in the exercise., hasLongFeedbackText=false, reference=null, credits=0.0, positive=false, type=AUTOMATIC, visibility=ALWAYS, testCase=TestCaseDTO[testName=null, id=1403]], FeedbackDTO[id=951, text=null, detailText=The class 'BubbleSort' does not implement the interface 'SortStrategy' as expected. Implement the interface and its methods., hasLongFeedbackText=false, reference=null, credits=0.0, positive=false, type=AUTOMATIC, visibility=ALWAYS, testCase=TestCaseDTO[testName=null, id=1407]], FeedbackDTO[id=952, text=null, detailText=MergeSort does not sort correctly, hasLongFeedbackText=false, reference=null, credits=0.0, positive=false, type=AUTOMATIC, visibility=ALWAYS, testCase=TestCaseDTO[testName=null, id=1412]], FeedbackDTO[id=953, text=null, detailText=The class 'Context' was not found within the submission. Make sure to implement it properly., hasLongFeedbackText=false, reference=null, credits=0.0, positive=false, type=AUTOMATIC, visibility=ALWAYS, testCase=TestCaseDTO[testName=null, id=1413]], FeedbackDTO[id=954, text=null, detailText=The class 'Context' was not found within the submission. Make sure to implement it properly., hasLongFeedbackText=false, reference=null, credits=0.0, positive=false, type=AUTOMATIC, visibility=ALWAYS, testCase=TestCaseDTO[testName=null, id=1414]], FeedbackDTO[id=955, text=null, detailText=The exercise expects a class with the name Policy in the package testpackage. You did not implement the class in the exercise., hasLongFeedbackText=false, reference=null, credits=0.0, positive=false, type=AUTOMATIC, visibility=ALWAYS, testCase=TestCaseDTO[testName=null, id=1408]], FeedbackDTO[id=956, text=null, detailText=The exercise expects a class with the name Context in the package testpackage. You did not implement the class in the exercise., hasLongFeedbackText=false, reference=null, credits=0.0, positive=false, type=AUTOMATIC, visibility=ALWAYS, testCase=TestCaseDTO[testName=null, id=1404]], FeedbackDTO[id=957, text=null, detailText=The exercise expects a class with the name Policy in the package testpackage. You did not implement the class in the exercise., hasLongFeedbackText=false, reference=null, credits=0.0, positive=false, type=AUTOMATIC, visibility=ALWAYS, testCase=TestCaseDTO[testName=null, id=1405]], FeedbackDTO[id=958, text=null, detailText=null, hasLongFeedbackText=false, reference=null, credits=3.230769230769231, positive=true, type=AUTOMATIC, visibility=ALWAYS, testCase=TestCaseDTO[testName=null, id=1415]]], assessmentType=AUTOMATIC, hasComplaint=null, exampleResult=null, testCaseCount=13, passedTestCaseCount=1, codeIssueCount=0]], BuildJobQueueItem[id=20261739576743984, name=SHORT53C73BE505404043100AC2F00C039353CE8FTSTEXC-LOCALVCCIINTSTUDENT1, buildAgent=BuildAgentDTO[name=artemis-build-agent-test, memberAddress=[127.0.0.1]:5703, displayName=artemis-build-agent-test], participationId=2026, courseId=991, exerciseId=2608, retryCount=0, priority=1, status=SUCCESSFUL, repositoryInfo=RepositoryInfo[repositoryName=short53c73be505404043100ac2f00c039353ce8ftstexc-localvcciintstudent1, repositoryType=user, triggeredByPushTo=user, assignmentRepositoryUri=http://localhost:49152/git/SHORT53C73BE505404043100AC2F00C039353CE8FTSTEXC/short53c73be505404043100ac2f00c039353ce8ftstexc-localvcciintstudent1.git, testRepositoryUri=http://localhost:49152/git/SHORT53C73BE505404043100AC2F00C039353CE8FTSTEXC/short53c73be505404043100ac2f00c039353ce8ftstexc-tests.git, solutionRepositoryUri=null, auxiliaryRepositoryUris=[Ljava.lang.String;@5829e6ac, auxiliaryRepositoryCheckoutDirectories=[Ljava.lang.String;@3e12a02a], jobTimingInfo=JobTimingInfo[submissionDate=2025-02-14T23:45:43.984518859Z[Etc/UTC], buildStartDate=2025-02-14T23:45:43.991385682Z[Etc/UTC], buildCompletionDate=2025-02-14T23:45:44.982059928Z[Etc/UTC], estimatedCompletionDate=2025-02-14T23:46:02.991380122Z[Etc/UTC], estimatedDuration=19], buildConfig=BuildConfig[buildScript=#!/bin/bash
cd /var/tmp/testing-dir
chmod +x ./gradlew
./gradlew clean test
, dockerImage=dummy-docker-image:latest, commitHashToBuild=3e90ae9fef2e44ffb41451a080bdaa6a44ad6848, assignmentCommitHash=3e90ae9fef2e44ffb41451a080bdaa6a44ad6848, testCommitHash=0582754c87aae13e640312855ce7dbe490ecb50c, branch=main, programmingLanguage=JAVA, projectType=PLAIN_GRADLE, scaEnabled=false, sequentialTestRunsEnabled=false, resultPaths=[/var/tmp/testing-dir/**/test-results/test/*.xml], timeoutSeconds=0, assignmentCheckoutPath=null, testCheckoutPath=null, solutionCheckoutPath=null, dockerRunConfig=null], submissionResult=ResultDTO[id=635, completionDate=2025-02-14T23:45:44.961313737Z[Etc/UTC], successful=false, score=7.7, rated=true, submission=SubmissionDTO[id=829, submitted=true, type=MANUAL, exampleSubmission=null, submissionDate=2025-02-14T23:45:43.967766Z, commitHash=3e90ae9fef2e44ffb41451a080bdaa6a44ad6848, buildFailed=false, buildArtifact=false, participation=ParticipationDTO[id=2026, testRun=false, type=programming, submissionCount=null, exercise=ParticipationExerciseDTO[id=2608, exerciseType=PROGRAMMING, type=programming, assessmentType=AUTOMATIC, dueDate=2025-02-16T23:45:43.597978Z, assessmentDueDate=null, maxPoints=42.0, course=CourseDTO[id=991, accuracyOfScores=1]]], submissionExerciseType=programming, isProcessing=false, buildStartDate=null, estimatedCompletionDate=null], participation=ParticipationDTO[id=2026, testRun=false, type=programming, submissionCount=null, exercise=ParticipationExerciseDTO[id=2608, exerciseType=PROGRAMMING, type=programming, assessmentType=AUTOMATIC, dueDate=2025-02-16T23:45:43.597978Z, assessmentDueDate=null, maxPoints=42.0, course=CourseDTO[id=991, accuracyOfScores=1]]], feedbacks=[FeedbackDTO[id=959, text=null, detailText=The exercise expects a class with the name Context in the package testpackage. You did not implement the class in the exercise., hasLongFeedbackText=false, reference=null, credits=0.0, positive=false, type=AUTOMATIC, visibility=ALWAYS, testCase=TestCaseDTO[testName=null, id=1448]], FeedbackDTO[id=960, text=null, detailText=The exercise expects a class with the name Policy in the package testpackage. You did not implement the class in the exercise., hasLongFeedbackText=false, reference=null, credits=0.0, positive=false, type=AUTOMATIC, visibility=ALWAYS, testCase=TestCaseDTO[testName=null, id=1449]], FeedbackDTO[id=961, text=null, detailText=The exercise expects a class with the name SortStrategy in the package testpackage. You did not implement the class in the exercise., hasLongFeedbackText=false, reference=null, credits=0.0, positive=false, type=AUTOMATIC, visibility=ALWAYS, testCase=TestCaseDTO[testName=null, id=1450]], FeedbackDTO[id=962, text=null, detailText=The class 'MergeSort' does not implement the interface 'SortStrategy' as expected. Implement the interface and its methods., hasLongFeedbackText=false, reference=null, credits=0.0, positive=false, type=AUTOMATIC, visibility=ALWAYS, testCase=TestCaseDTO[testName=null, id=1445]], FeedbackDTO[id=963, text=null, detailText=The exercise expects a class with the name SortStrategy in the package testpackage. You did not implement the class in the exercise., hasLongFeedbackText=false, reference=null, credits=0.0, positive=false, type=AUTOMATIC, visibility=ALWAYS, testCase=TestCaseDTO[testName=null, id=1442]], FeedbackDTO[id=964, text=null, detailText=The class 'BubbleSort' does not implement the interface 'SortStrategy' as expected. Implement the interface and its methods., hasLongFeedbackText=false, reference=null, credits=0.0, positive=false, type=AUTOMATIC, visibility=ALWAYS, testCase=TestCaseDTO[testName=null, id=1446]], FeedbackDTO[id=965, text=null, detailText=MergeSort does not sort correctly, hasLongFeedbackText=false, reference=null, credits=0.0, positive=false, type=AUTOMATIC, visibility=ALWAYS, testCase=TestCaseDTO[testName=null, id=1451]], FeedbackDTO[id=966, text=null, detailText=The class 'Context' was not found within the submission. Make sure to implement it properly., hasLongFeedbackText=false, reference=null, credits=0.0, positive=false, type=AUTOMATIC, visibility=ALWAYS, testCase=TestCaseDTO[testName=null, id=1452]], FeedbackDTO[id=967, text=null, detailText=The class 'Context' was not found within the submission. Make sure to implement it properly., hasLongFeedbackText=false, reference=null, credits=0.0, positive=false, type=AUTOMATIC, visibility=ALWAYS, testCase=TestCaseDTO[testName=null, id=1453]], FeedbackDTO[id=968, text=null, detailText=The exercise expects a class with the name Policy in the package testpackage. You did not implement the class in the exercise., hasLongFeedbackText=false, reference=null, credits=0.0, positive=false, type=AUTOMATIC, visibility=ALWAYS, testCase=TestCaseDTO[testName=null, id=1447]], FeedbackDTO[id=969, text=null, detailText=The exercise expects a class with the name Context in the package testpackage. You did not implement the class in the exercise., hasLongFeedbackText=false, reference=null, credits=0.0, positive=false, type=AUTOMATIC, visibility=ALWAYS, testCase=TestCaseDTO[testName=null, id=1443]], FeedbackDTO[id=970, text=null, detailText=The exercise expects a class with the name Policy in the package testpackage. You did not implement the class in the exercise., hasLongFeedbackText=false, reference=null, credits=0.0, positive=false, type=AUTOMATIC, visibility=ALWAYS, testCase=TestCaseDTO[testName=null, id=1444]], FeedbackDTO[id=971, text=null, detailText=null, hasLongFeedbackText=false, reference=null, credits=3.230769230769231, positive=true, type=AUTOMATIC, visibility=ALWAYS, testCase=TestCaseDTO[testName=null, id=1454]]], assessmentType=AUTOMATIC, hasComplaint=null, exampleResult=null, testCaseCount=13, passedTestCaseCount=1, codeIssueCount=0]], BuildJobQueueItem[id=20271739576746886, name=SHORT0FC863930E92904248098A506171F81CF6CFTSTEXC-SOLUTION, buildAgent=BuildAgentDTO[name=artemis-build-agent-test, memberAddress=[127.0.0.1]:5703, displayName=artemis-build-agent-test], participationId=2027, courseId=992, exerciseId=2609, retryCount=0, priority=2, status=SUCCESSFUL, repositoryInfo=RepositoryInfo[repositoryName=short0fc863930e92904248098a506171f81cf6cftstexc-solution, repositoryType=solution, triggeredByPushTo=auxiliary, assignmentRepositoryUri=http://localhost:49152/git/SHORT0FC863930E92904248098A506171F81CF6CFTSTEXC/short0fc863930e92904248098a506171f81cf6cftstexc-solution.git, testRepositoryUri=http://localhost:49152/git/SHORT0FC863930E92904248098A506171F81CF6CFTSTEXC/short0fc863930e92904248098a506171f81cf6cftstexc-tests.git, solutionRepositoryUri=null, auxiliaryRepositoryUris=[Ljava.lang.String;@730a6011, auxiliaryRepositoryCheckoutDirectories=[Ljava.lang.String;@5cd485b6], jobTimingInfo=JobTimingInfo[submissionDate=2025-02-14T23:45:46.886984066Z[Etc/UTC], buildStartDate=2025-02-14T23:45:46.897709578Z[Etc/UTC], buildCompletionDate=2025-02-14T23:45:48.628460156Z[Etc/UTC], estimatedCompletionDate=2025-02-14T23:46:05.897701272Z[Etc/UTC], estimatedDuration=19], buildConfig=BuildConfig[buildScript=#!/bin/bash
cd /var/tmp/testing-dir
chmod +x ./gradlew
./gradlew clean test
, dockerImage=dummy-docker-image:latest, commitHashToBuild=null, assignmentCommitHash=115a2e943bee242fdad360b50d8ad5f30792577e, testCommitHash=9b3a9bd71a0d80e5bbc42204c319ed3d1d4f0d6d, branch=main, programmingLanguage=JAVA, projectType=PLAIN_GRADLE, scaEnabled=false, sequentialTestRunsEnabled=false, resultPaths=[/var/tmp/testing-dir/**/test-results/test/*.xml], timeoutSeconds=0, assignmentCheckoutPath=null, testCheckoutPath=null, solutionCheckoutPath=null, dockerRunConfig=null], submissionResult=ResultDTO[id=636, completionDate=2025-02-14T23:45:48.593370968Z[Etc/UTC], successful=true, score=100.0, rated=true, submission=SubmissionDTO[id=830, submitted=true, type=TEST, exampleSubmission=null, submissionDate=2025-02-14T23:45:46.873671Z, commitHash=9b3a9bd71a0d80e5bbc42204c319ed3d1d4f0d6d, buildFailed=false, buildArtifact=false, participation=ParticipationDTO[id=2027, testRun=false, type=solution, submissionCount=null, exercise=ParticipationExerciseDTO[id=2609, exerciseType=PROGRAMMING, type=programming, assessmentType=AUTOMATIC, dueDate=2025-02-16T23:45:46.386304Z, assessmentDueDate=null, maxPoints=42.0, course=CourseDTO[id=992, accuracyOfScores=1]]], submissionExerciseType=programming, isProcessing=false, buildStartDate=null, estimatedCompletionDate=null], participation=ParticipationDTO[id=2027, testRun=false, type=solution, submissionCount=null, exercise=ParticipationExerciseDTO[id=2609, exerciseType=PROGRAMMING, type=programming, assessmentType=AUTOMATIC, dueDate=2025-02-16T23:45:46.386304Z, assessmentDueDate=null, maxPoints=42.0, course=CourseDTO[id=992, accuracyOfScores=1]]], feedbacks=[FeedbackDTO[id=972, text=null, detailText=null, hasLongFeedbackText=false, reference=null, credits=3.230769230769231, positive=true, type=AUTOMATIC, visibility=ALWAYS, testCase=TestCaseDTO[testName=testMethods[Context], id=1461]], FeedbackDTO[id=973, text=null, detailText=null, hasLongFeedbackText=false, reference=null, credits=3.230769230769231, positive=true, type=AUTOMATIC, visibility=ALWAYS, testCase=TestCaseDTO[testName=testMethods[Policy], id=1462]], FeedbackDTO[id=974, text=null, detailText=null, hasLongFeedbackText=false, reference=null, credits=3.230769230769231, positive=true, type=AUTOMATIC, visibility=ALWAYS, testCase=TestCaseDTO[testName=testMethods[SortStrategy], id=1463]], FeedbackDTO[id=975, text=null, detailText=null, hasLongFeedbackText=false, reference=null, credits=3.230769230769231, positive=true, type=AUTOMATIC, visibility=ALWAYS, testCase=TestCaseDTO[testName=testClass[MergeSort], id=1458]], FeedbackDTO[id=976, text=null, detailText=null, hasLongFeedbackText=false, reference=null, credits=3.230769230769231, positive=true, type=AUTOMATIC, visibility=ALWAYS, testCase=TestCaseDTO[testName=testClass[SortStrategy], id=1455]], FeedbackDTO[id=977, text=null, detailText=null, hasLongFeedbackText=false, reference=null, credits=3.230769230769231, positive=true, type=AUTOMATIC, visibility=ALWAYS, testCase=TestCaseDTO[testName=testClass[BubbleSort], id=1459]], FeedbackDTO[id=978, text=null, detailText=null, hasLongFeedbackText=false, reference=null, credits=3.230769230769231, positive=true, type=AUTOMATIC, visibility=ALWAYS, testCase=TestCaseDTO[testName=testMergeSort(), id=1464]], FeedbackDTO[id=979, text=null, detailText=null, hasLongFeedbackText=false, reference=null, credits=3.230769230769231, positive=true, type=AUTOMATIC, visibility=ALWAYS, testCase=TestCaseDTO[testName=testUseBubbleSortForSmallList(), id=1465]], FeedbackDTO[id=980, text=null, detailText=null, hasLongFeedbackText=false, reference=null, credits=3.230769230769231, positive=true, type=AUTOMATIC, visibility=ALWAYS, testCase=TestCaseDTO[testName=testBubbleSort(), id=1467]], FeedbackDTO[id=981, text=null, detailText=null, hasLongFeedbackText=false, reference=null, credits=3.230769230769231, positive=true, type=AUTOMATIC, visibility=ALWAYS, testCase=TestCaseDTO[testName=testUseMergeSortForBigList(), id=1466]], FeedbackDTO[id=982, text=null, detailText=null, hasLongFeedbackText=false, reference=null, credits=3.230769230769231, positive=true, type=AUTOMATIC, visibility=ALWAYS, testCase=TestCaseDTO[testName=testConstructors[Policy], id=1460]], FeedbackDTO[id=983, text=null, detailText=null, hasLongFeedbackText=false, reference=null, credits=3.230769230769231, positive=true, type=AUTOMATIC, visibility=ALWAYS, testCase=TestCaseDTO[testName=testAttributes[Context], id=1456]], FeedbackDTO[id=984, text=null, detailText=null, hasLongFeedbackText=false, reference=null, credits=3.230769230769231, positive=true, type=AUTOMATIC, visibility=ALWAYS, testCase=TestCaseDTO[testName=testAttributes[Policy], id=1457]]], assessmentType=AUTOMATIC, hasComplaint=null, exampleResult=null, testCaseCount=13, passedTestCaseCount=13, codeIssueCount=0]], BuildJobQueueItem[id=20281739576748768, name=SHORT0FC863930E92904248098A506171F81CF6CFTSTEXC-BASE, buildAgent=BuildAgentDTO[name=artemis-build-agent-test, memberAddress=[127.0.0.1]:5703, displayName=artemis-build-agent-test], participationId=2028, courseId=992, exerciseId=2609, retryCount=0, priority=2, status=SUCCESSFUL, repositoryInfo=RepositoryInfo[repositoryName=short0fc863930e92904248098a506171f81cf6cftstexc-exercise, repositoryType=exercise, triggeredByPushTo=auxiliary, assignmentRepositoryUri=http://localhost:49152/git/SHORT0FC863930E92904248098A506171F81CF6CFTSTEXC/short0fc863930e92904248098a506171f81cf6cftstexc-exercise.git, testRepositoryUri=http://localhost:49152/git/SHORT0FC863930E92904248098A506171F81CF6CFTSTEXC/short0fc863930e92904248098a506171f81cf6cftstexc-tests.git, solutionRepositoryUri=null, auxiliaryRepositoryUris=[Ljava.lang.String;@4b5f1406, auxiliaryRepositoryCheckoutDirectories=[Ljava.lang.String;@60e7eeb7], jobTimingInfo=JobTimingInfo[submissionDate=2025-02-14T23:45:48.768063548Z[Etc/UTC], buildStartDate=2025-02-14T23:45:48.802531989Z[Etc/UTC], buildCompletionDate=2025-02-14T23:45:50.482681367Z[Etc/UTC], estimatedCompletionDate=2025-02-14T23:45:50.802523092Z[Etc/UTC], estimatedDuration=2], buildConfig=BuildConfig[buildScript=#!/bin/bash
cd /var/tmp/testing-dir
chmod +x ./gradlew
./gradlew clean test
, dockerImage=dummy-docker-image:latest, commitHashToBuild=9b3a9bd71a0d80e5bbc42204c319ed3d1d4f0d6d, assignmentCommitHash=115a2e943bee242fdad360b50d8ad5f30792577e, testCommitHash=9b3a9bd71a0d80e5bbc42204c319ed3d1d4f0d6d, branch=main, programmingLanguage=JAVA, projectType=PLAIN_GRADLE, scaEnabled=false, sequentialTestRunsEnabled=false, resultPaths=[/var/tmp/testing-dir/**/test-results/test/*.xml], timeoutSeconds=0, assignmentCheckoutPath=null, testCheckoutPath=null, solutionCheckoutPath=null, dockerRunConfig=null], submissionResult=ResultDTO[id=637, completionDate=2025-02-14T23:45:50.449084694Z[Etc/UTC], successful=false, score=0.0, rated=true, submission=SubmissionDTO[id=831, submitted=true, type=TEST, exampleSubmission=null, submissionDate=2025-02-14T23:45:48.761177Z, commitHash=9b3a9bd71a0d80e5bbc42204c319ed3d1d4f0d6d, buildFailed=false, buildArtifact=false, participation=ParticipationDTO[id=2028, testRun=false, type=template, submissionCount=null, exercise=ParticipationExerciseDTO[id=2609, exerciseType=PROGRAMMING, type=programming, assessmentType=AUTOMATIC, dueDate=2025-02-16T23:45:46.386304Z, assessmentDueDate=null, maxPoints=42.0, course=CourseDTO[id=992, accuracyOfScores=1]]], submissionExerciseType=programming, isProcessing=false, buildStartDate=null, estimatedCompletionDate=null], participation=ParticipationDTO[id=2028, testRun=false, type=template, submissionCount=null, exercise=ParticipationExerciseDTO[id=2609, exerciseType=PROGRAMMING, type=programming, assessmentType=AUTOMATIC, dueDate=2025-02-16T23:45:46.386304Z, assessmentDueDate=null, maxPoints=42.0, course=CourseDTO[id=992, accuracyOfScores=1]]], feedbacks=[FeedbackDTO[id=985, text=null, detailText=The exercise expects a class with the name Context in the package testpackage. You did not implement the class in the exercise., hasLongFeedbackText=false, reference=null, credits=0.0, positive=false, type=AUTOMATIC, visibility=ALWAYS, testCase=TestCaseDTO[testName=testMethods[Context], id=1461]], FeedbackDTO[id=986, text=null, detailText=The exercise expects a class with the name Policy in the package testpackage. You did not implement the class in the exercise., hasLongFeedbackText=false, reference=null, credits=0.0, positive=false, type=AUTOMATIC, visibility=ALWAYS, testCase=TestCaseDTO[testName=testMethods[Policy], id=1462]], FeedbackDTO[id=987, text=null, detailText=The exercise expects a class with the name SortStrategy in the package testpackage. You did not implement the class in the exercise., hasLongFeedbackText=false, reference=null, credits=0.0, positive=false, type=AUTOMATIC, visibility=ALWAYS, testCase=TestCaseDTO[testName=testMethods[SortStrategy], id=1463]], FeedbackDTO[id=988, text=null, detailText=The class 'MergeSort' does not implement the interface 'SortStrategy' as expected. Implement the interface and its methods., hasLongFeedbackText=false, reference=null, credits=0.0, positive=false, type=AUTOMATIC, visibility=ALWAYS, testCase=TestCaseDTO[testName=testClass[MergeSort], id=1458]], FeedbackDTO[id=989, text=null, detailText=The exercise expects a class with the name SortStrategy in the package testpackage. You did not implement the class in the exercise., hasLongFeedbackText=false, reference=null, credits=0.0, positive=false, type=AUTOMATIC, visibility=ALWAYS, testCase=TestCaseDTO[testName=testClass[SortStrategy], id=1455]], FeedbackDTO[id=990, text=null, detailText=The class 'BubbleSort' does not implement the interface 'SortStrategy' as expected. Implement the interface and its methods., hasLongFeedbackText=false, reference=null, credits=0.0, positive=false, type=AUTOMATIC, visibility=ALWAYS, testCase=TestCaseDTO[testName=testClass[BubbleSort], id=1459]], FeedbackDTO[id=991, text=null, detailText=MergeSort does not sort correctly, hasLongFeedbackText=false, reference=null, credits=0.0, positive=false, type=AUTOMATIC, visibility=ALWAYS, testCase=TestCaseDTO[testName=testMergeSort(), id=1464]], FeedbackDTO[id=992, text=null, detailText=The class 'Context' was not found within the submission. Make sure to implement it properly., hasLongFeedbackText=false, reference=null, credits=0.0, positive=false, type=AUTOMATIC, visibility=ALWAYS, testCase=TestCaseDTO[testName=testUseBubbleSortForSmallList(), id=1465]], FeedbackDTO[id=993, text=null, detailText=BubbleSort does not sort correctly, hasLongFeedbackText=false, reference=null, credits=0.0, positive=false, type=AUTOMATIC, visibility=ALWAYS, testCase=TestCaseDTO[testName=testBubbleSort(), id=1467]], FeedbackDTO[id=994, text=null, detailText=The class 'Context' was not found within the submission. Make sure to implement it properly., hasLongFeedbackText=false, reference=null, credits=0.0, positive=false, type=AUTOMATIC, visibility=ALWAYS, testCase=TestCaseDTO[testName=testUseMergeSortForBigList(), id=1466]], FeedbackDTO[id=995, text=null, detailText=The exercise expects a class with the name Policy in the package testpackage. You did not implement the class in the exercise., hasLongFeedbackText=false, reference=null, credits=0.0, positive=false, type=AUTOMATIC, visibility=ALWAYS, testCase=TestCaseDTO[testName=testConstructors[Policy], id=1460]], FeedbackDTO[id=996, text=null, detailText=The exercise expects a class with the name Context in the package testpackage. You did not implement the class in the exercise., hasLongFeedbackText=false, reference=null, credits=0.0, positive=false, type=AUTOMATIC, visibility=ALWAYS, testCase=TestCaseDTO[testName=testAttributes[Context], id=1456]], FeedbackDTO[id=997, text=null, detailText=The exercise expects a class with the name Policy in the package testpackage. You did not implement the class in the exercise., hasLongFeedbackText=false, reference=null, credits=0.0, positive=false, type=AUTOMATIC, visibility=ALWAYS, testCase=TestCaseDTO[testName=testAttributes[Policy], id=1457]]], assessmentType=AUTOMATIC, hasComplaint=null, exampleResult=null, testCaseCount=13, passedTestCaseCount=0, codeIssueCount=0]]], publicSshKey=ssh-rsa AAAAB3NzaC1yc2EAAAADAQABAAACAQCOPdMsxRE2jFJ/UEa5/LsBxtwzJcrh3/rYBCQvcMeVpiRfhzQPWu7mrt/G2Ew+i+vRloGH9aqKg6dd1liRncao53Zmd/ePxoatXePNhmzTfkCkcSkTUz7B+QMjkoDDV5jwuFPD6mF3JkhuzSi64n9Zy905t4w2IhVcjM2mL3eYNjiCXt6Qpq3Pkt7dM/Ksw1nxnvuiIALuJLB3FTkXkHqq3PJav+9HSq2r6ZaWgekneaGxlQlb+U+Vy3XOuArKAzK8c8i+0bR+AHiTG6ncYXt7ax3U+TdlDTF7OLP3umwaYjs1NBXOHwG42pevvpKn2fqavZZozk+M05jXLx3bq0O7itxfErWc7etky8qYPyyIMF/txQIVLd78+Ze4d7Y60t5MGbXM5cGE6fFif5fEJwgswXD+BrG0cafz1CTatjSKFdvp8Vp4VszXhHDan1PrP6JEFJ5Cc5GDmLRZPCFa3vL9f5qXgf4bkqKN8MYeEujwJE5nMRWoiJVNakix2bcrrneQMBlnYeYZVWXXXUusAQBzl4NgddC1umZpihZkL1b1MffZAUW3EGEXi7KHnllQhkTLLsQ8ntMgbylqaJKStqaXlLvdeRJcEnUuiFCrHEVVbXRFZR7XVDZ02CE5o3MuaRPty8Kh+jRTF3COlAckHwYEJCNNJvXFgb2CNXL4mjzYDw== test@localhost]
    23:45:50.568 | 588 artemis-task-1   | DEBUG | d.t.c.a.a.c.c.w.GzipMessageConverter : Compressed message payload from 88610 to 9216 (saved 89.6% payload size)
    23:45:50.569 | 588 artemis-task-1   | DEBUG | d.t.c.a.a.c.c.w.GzipMessageConverter : Compressed message payload from 255 to 232 (saved 9.0% payload size)
    23:45:50.572 | 566 localvc.event-13 | DEBUG | a.p.s.l.SharedQueueManagementService : Build agent updated: null
    23:45:50.573 | 588 artemis-task-1   | DEBUG | d.t.c.a.a.c.c.w.GzipMessageConverter : Compressed message payload from 88610 to 9216 (saved 89.6% payload size)
    23:45:50.795 | 581 waitility-thread | DEBUG | .a.s.ParticipantScoreScheduleService : Processing of 1 results and 0 participant scores.
    23:45:50.804 |  27 nPool-1-worker-1 | INFO  | .c.a.a.p.i.LocalVCLocalCITestService : Expected commit hash: 9b3a9bd71a0d80e5bbc42204c319ed3d1d4f0d6d
    23:45:50.804 |  27 nPool-1-worker-1 | INFO  | .c.a.a.p.i.LocalVCLocalCITestService : Submission with commit hash: 9b3a9bd71a0d80e5bbc42204c319ed3d1d4f0d6d

  Starting logs for LocalVCLocalCIIntegrationTest > testFetchPush_testsRepository()
    23:45:50.848 |  27 nPool-1-worker-1 | DEBUG | d.t.c.a.a.c.u.util.UserUtilService   : Generate 2 students...
    23:45:50.852 |  27 nPool-1-worker-1 | DEBUG | d.t.c.a.a.c.u.util.UserUtilService   : 2 students generated. Generate 1 tutors...
    23:45:50.855 |  27 nPool-1-worker-1 | DEBUG | d.t.c.a.a.c.u.util.UserUtilService   : 1 tutors generated. Generate 0 editors...
    23:45:50.856 |  27 nPool-1-worker-1 | DEBUG | d.t.c.a.a.c.u.util.UserUtilService   : 0 editors generated. Generate 2 instructors...
    23:45:50.860 |  27 nPool-1-worker-1 | DEBUG | d.t.c.a.a.c.u.util.UserUtilService   : 2 instructors generated
    23:45:50.861 |  27 nPool-1-worker-1 | DEBUG | d.t.c.a.a.c.u.util.UserUtilService   : Removing 4 users from all courses...
    23:45:50.862 |  27 nPool-1-worker-1 | DEBUG | d.t.c.a.a.c.u.util.UserUtilService   : Removing 4 users from all courses. Done
    23:45:50.862 |  27 nPool-1-worker-1 | DEBUG | d.t.c.a.a.c.u.util.UserUtilService   : Save 5 users to database...
    23:45:50.866 |  27 nPool-1-worker-1 | DEBUG | d.t.c.a.a.c.u.util.UserUtilService   : Save 5 users to database. Done
    23:45:51.056 |  27 nPool-1-worker-1 | INFO  | i.z.t.d.l.EmbeddedDatabaseReporter   : JDBC URL to connect to 'dataSource': url='jdbc:h2:tcp://localhost:41063/mem:f240edcd-27ce-47a3-b4ab-a6a00c154135;USER=sa', scope='LocalVCLocalCIIntegrationTest#testFetchPush_testsRepository'
    23:45:51.065 | 609 nio-49152-exec-8 | DEBUG | d.t.c.a.a.c.s.f.ApiVersionFilter     : Adding Version to Request GET /git/SHORT716C2EC10B19B049C80A2F00B97EAB20B2A9TSTEXC/short716c2ec10b19b049c80a2f00b97eab20b2a9tstexc-tests.git/info/refs
    23:45:51.065 | 609 nio-49152-exec-8 | DEBUG | .t.c.a.a.p.s.l.LocalVCServletService : Path to resolve repository from: /tmp/SHORT716C2EC10B19B049C80A2F00B97EAB20B2A9TSTEXC/short716c2ec10b19b049c80a2f00b97eab20b2a9tstexc-tests.git
    23:45:51.065 | 609 nio-49152-exec-8 | DEBUG | .t.c.a.a.p.s.l.LocalVCServletService : Opening local repository SHORT716C2EC10B19B049C80A2F00B97EAB20B2A9TSTEXC/short716c2ec10b19b049c80a2f00b97eab20b2a9tstexc-tests.git
    23:45:51.066 | 609 nio-49152-exec-8 | DEBUG | .t.c.a.a.p.s.l.LocalVCServletService : Resolving repository for repository SHORT716C2EC10B19B049C80A2F00B97EAB20B2A9TSTEXC/short716c2ec10b19b049c80a2f00b97eab20b2a9tstexc-tests.git took 1.61ms
    23:45:51.067 | 609 nio-49152-exec-8 | DEBUG | d.t.c.a.a.p.s.l.LocalVCFetchFilter   : Trying to fetch repository /git/SHORT716C2EC10B19B049C80A2F00B97EAB20B2A9TSTEXC/short716c2ec10b19b049c80a2f00b97eab20b2a9tstexc-tests.git/info/refs
    23:45:51.075 | 609 nio-49152-exec-8 | DEBUG | t.c.a.a.c.s.DomainUserDetailsService : Authenticating localvcciintstudent1
    23:45:51.086 | 611 io-49152-exec-10 | DEBUG | d.t.c.a.a.c.s.f.ApiVersionFilter     : Adding Version to Request GET /git/SHORT716C2EC10B19B049C80A2F00B97EAB20B2A9TSTEXC/short716c2ec10b19b049c80a2f00b97eab20b2a9tstexc-tests.git/info/refs
    23:45:51.086 | 611 io-49152-exec-10 | DEBUG | .t.c.a.a.p.s.l.LocalVCServletService : Path to resolve repository from: /tmp/SHORT716C2EC10B19B049C80A2F00B97EAB20B2A9TSTEXC/short716c2ec10b19b049c80a2f00b97eab20b2a9tstexc-tests.git
    23:45:51.086 | 611 io-49152-exec-10 | DEBUG | .t.c.a.a.p.s.l.LocalVCServletService : Retrieving cached local repository SHORT716C2EC10B19B049C80A2F00B97EAB20B2A9TSTEXC/short716c2ec10b19b049c80a2f00b97eab20b2a9tstexc-tests.git
    23:45:51.086 | 611 io-49152-exec-10 | DEBUG | .t.c.a.a.p.s.l.LocalVCServletService : Resolving repository for repository SHORT716C2EC10B19B049C80A2F00B97EAB20B2A9TSTEXC/short716c2ec10b19b049c80a2f00b97eab20b2a9tstexc-tests.git took 22µs
    23:45:51.086 | 611 io-49152-exec-10 | DEBUG | d.t.c.a.a.p.s.l.LocalVCPushFilter    : Trying to push to repository /git/SHORT716C2EC10B19B049C80A2F00B97EAB20B2A9TSTEXC/short716c2ec10b19b049c80a2f00b97eab20b2a9tstexc-tests.git/info/refs
    23:45:51.096 | 611 io-49152-exec-10 | DEBUG | t.c.a.a.c.s.DomainUserDetailsService : Authenticating localvcciintstudent1
    23:45:51.104 | 610 nio-49152-exec-9 | DEBUG | d.t.c.a.a.c.s.f.ApiVersionFilter     : Adding Version to Request GET /git/SHORT716C2EC10B19B049C80A2F00B97EAB20B2A9TSTEXC/short716c2ec10b19b049c80a2f00b97eab20b2a9tstexc-tests.git/info/refs
    23:45:51.104 | 610 nio-49152-exec-9 | DEBUG | .t.c.a.a.p.s.l.LocalVCServletService : Path to resolve repository from: /tmp/SHORT716C2EC10B19B049C80A2F00B97EAB20B2A9TSTEXC/short716c2ec10b19b049c80a2f00b97eab20b2a9tstexc-tests.git
    23:45:51.104 | 610 nio-49152-exec-9 | DEBUG | .t.c.a.a.p.s.l.LocalVCServletService : Retrieving cached local repository SHORT716C2EC10B19B049C80A2F00B97EAB20B2A9TSTEXC/short716c2ec10b19b049c80a2f00b97eab20b2a9tstexc-tests.git
    23:45:51.104 | 610 nio-49152-exec-9 | DEBUG | .t.c.a.a.p.s.l.LocalVCServletService : Resolving repository for repository SHORT716C2EC10B19B049C80A2F00B97EAB20B2A9TSTEXC/short716c2ec10b19b049c80a2f00b97eab20b2a9tstexc-tests.git took 24µs
    23:45:51.104 | 610 nio-49152-exec-9 | DEBUG | d.t.c.a.a.p.s.l.LocalVCFetchFilter   : Trying to fetch repository /git/SHORT716C2EC10B19B049C80A2F00B97EAB20B2A9TSTEXC/short716c2ec10b19b049c80a2f00b97eab20b2a9tstexc-tests.git/info/refs
    23:45:51.110 | 610 nio-49152-exec-9 | DEBUG | t.c.a.a.c.s.DomainUserDetailsService : Authenticating localvcciinttutor1
    23:45:51.115 | 610 nio-49152-exec-9 | DEBUG | .t.c.a.a.p.s.l.LocalVCServletService : Authorizing user localvcciinttutor1 for repository http://localhost:49152/git/SHORT716C2EC10B19B049C80A2F00B97EAB20B2A9TSTEXC/short716c2ec10b19b049c80a2f00b97eab20b2a9tstexc-tests.git took 10.50ms
    23:45:51.123 | 602 nio-49152-exec-1 | DEBUG | d.t.c.a.a.c.s.f.ApiVersionFilter     : Adding Version to Request GET /git/SHORT716C2EC10B19B049C80A2F00B97EAB20B2A9TSTEXC/short716c2ec10b19b049c80a2f00b97eab20b2a9tstexc-tests.git/info/refs
    23:45:51.123 | 602 nio-49152-exec-1 | DEBUG | .t.c.a.a.p.s.l.LocalVCServletService : Path to resolve repository from: /tmp/SHORT716C2EC10B19B049C80A2F00B97EAB20B2A9TSTEXC/short716c2ec10b19b049c80a2f00b97eab20b2a9tstexc-tests.git
    23:45:51.123 | 602 nio-49152-exec-1 | DEBUG | .t.c.a.a.p.s.l.LocalVCServletService : Retrieving cached local repository SHORT716C2EC10B19B049C80A2F00B97EAB20B2A9TSTEXC/short716c2ec10b19b049c80a2f00b97eab20b2a9tstexc-tests.git
    23:45:51.123 | 602 nio-49152-exec-1 | DEBUG | .t.c.a.a.p.s.l.LocalVCServletService : Resolving repository for repository SHORT716C2EC10B19B049C80A2F00B97EAB20B2A9TSTEXC/short716c2ec10b19b049c80a2f00b97eab20b2a9tstexc-tests.git took 22µs
    23:45:51.124 | 602 nio-49152-exec-1 | DEBUG | d.t.c.a.a.p.s.l.LocalVCPushFilter    : Trying to push to repository /git/SHORT716C2EC10B19B049C80A2F00B97EAB20B2A9TSTEXC/short716c2ec10b19b049c80a2f00b97eab20b2a9tstexc-tests.git/info/refs
    23:45:51.128 | 602 nio-49152-exec-1 | DEBUG | t.c.a.a.c.s.DomainUserDetailsService : Authenticating localvcciinttutor1
    23:45:51.139 | 602 nio-49152-exec-1 | DEBUG | d.t.c.a.a.c.s.f.ApiVersionFilter     : Adding Version to Request GET /git/SHORT716C2EC10B19B049C80A2F00B97EAB20B2A9TSTEXC/short716c2ec10b19b049c80a2f00b97eab20b2a9tstexc-tests.git/info/refs
    23:45:51.139 | 602 nio-49152-exec-1 | DEBUG | .t.c.a.a.p.s.l.LocalVCServletService : Path to resolve repository from: /tmp/SHORT716C2EC10B19B049C80A2F00B97EAB20B2A9TSTEXC/short716c2ec10b19b049c80a2f00b97eab20b2a9tstexc-tests.git
    23:45:51.139 | 602 nio-49152-exec-1 | DEBUG | .t.c.a.a.p.s.l.LocalVCServletService : Retrieving cached local repository SHORT716C2EC10B19B049C80A2F00B97EAB20B2A9TSTEXC/short716c2ec10b19b049c80a2f00b97eab20b2a9tstexc-tests.git
    23:45:51.139 | 602 nio-49152-exec-1 | DEBUG | .t.c.a.a.p.s.l.LocalVCServletService : Resolving repository for repository SHORT716C2EC10B19B049C80A2F00B97EAB20B2A9TSTEXC/short716c2ec10b19b049c80a2f00b97eab20b2a9tstexc-tests.git took 24µs
    23:45:51.139 | 602 nio-49152-exec-1 | DEBUG | d.t.c.a.a.p.s.l.LocalVCFetchFilter   : Trying to fetch repository /git/SHORT716C2EC10B19B049C80A2F00B97EAB20B2A9TSTEXC/short716c2ec10b19b049c80a2f00b97eab20b2a9tstexc-tests.git/info/refs
    23:45:51.146 | 602 nio-49152-exec-1 | DEBUG | t.c.a.a.c.s.DomainUserDetailsService : Authenticating localvcciintinstructor1
    23:45:51.155 | 602 nio-49152-exec-1 | DEBUG | .t.c.a.a.p.s.l.LocalVCServletService : Authorizing user localvcciintinstructor1 for repository http://localhost:49152/git/SHORT716C2EC10B19B049C80A2F00B97EAB20B2A9TSTEXC/short716c2ec10b19b049c80a2f00b97eab20b2a9tstexc-tests.git took 15.95ms
    23:45:51.174 | 603 nio-49152-exec-2 | DEBUG | d.t.c.a.a.c.s.f.ApiVersionFilter     : Adding Version to Request GET /git/SHORT716C2EC10B19B049C80A2F00B97EAB20B2A9TSTEXC/short716c2ec10b19b049c80a2f00b97eab20b2a9tstexc-tests.git/info/refs
    23:45:51.174 | 603 nio-49152-exec-2 | DEBUG | .t.c.a.a.p.s.l.LocalVCServletService : Path to resolve repository from: /tmp/SHORT716C2EC10B19B049C80A2F00B97EAB20B2A9TSTEXC/short716c2ec10b19b049c80a2f00b97eab20b2a9tstexc-tests.git
    23:45:51.174 | 603 nio-49152-exec-2 | DEBUG | .t.c.a.a.p.s.l.LocalVCServletService : Retrieving cached local repository SHORT716C2EC10B19B049C80A2F00B97EAB20B2A9TSTEXC/short716c2ec10b19b049c80a2f00b97eab20b2a9tstexc-tests.git
    23:45:51.174 | 603 nio-49152-exec-2 | DEBUG | .t.c.a.a.p.s.l.LocalVCServletService : Resolving repository for repository SHORT716C2EC10B19B049C80A2F00B97EAB20B2A9TSTEXC/short716c2ec10b19b049c80a2f00b97eab20b2a9tstexc-tests.git took 22µs
    23:45:51.175 | 603 nio-49152-exec-2 | DEBUG | d.t.c.a.a.p.s.l.LocalVCPushFilter    : Trying to push to repository /git/SHORT716C2EC10B19B049C80A2F00B97EAB20B2A9TSTEXC/short716c2ec10b19b049c80a2f00b97eab20b2a9tstexc-tests.git/info/refs
    23:45:51.185 | 603 nio-49152-exec-2 | DEBUG | t.c.a.a.c.s.DomainUserDetailsService : Authenticating localvcciintinstructor1
    23:45:51.196 | 603 nio-49152-exec-2 | DEBUG | .t.c.a.a.p.s.l.LocalVCServletService : Authorizing user localvcciintinstructor1 for repository http://localhost:49152/git/SHORT716C2EC10B19B049C80A2F00B97EAB20B2A9TSTEXC/short716c2ec10b19b049c80a2f00b97eab20b2a9tstexc-tests.git took 21.60ms
    23:45:51.204 | 604 nio-49152-exec-3 | DEBUG | d.t.c.a.a.c.s.f.ApiVersionFilter     : Adding Version to Request POST /git/SHORT716C2EC10B19B049C80A2F00B97EAB20B2A9TSTEXC/short716c2ec10b19b049c80a2f00b97eab20b2a9tstexc-tests.git/git-receive-pack
    23:45:51.204 | 604 nio-49152-exec-3 | DEBUG | .t.c.a.a.p.s.l.LocalVCServletService : Path to resolve repository from: /tmp/SHORT716C2EC10B19B049C80A2F00B97EAB20B2A9TSTEXC/short716c2ec10b19b049c80a2f00b97eab20b2a9tstexc-tests.git
    23:45:51.204 | 604 nio-49152-exec-3 | DEBUG | .t.c.a.a.p.s.l.LocalVCServletService : Retrieving cached local repository SHORT716C2EC10B19B049C80A2F00B97EAB20B2A9TSTEXC/short716c2ec10b19b049c80a2f00b97eab20b2a9tstexc-tests.git
    23:45:51.204 | 604 nio-49152-exec-3 | DEBUG | .t.c.a.a.p.s.l.LocalVCServletService : Resolving repository for repository SHORT716C2EC10B19B049C80A2F00B97EAB20B2A9TSTEXC/short716c2ec10b19b049c80a2f00b97eab20b2a9tstexc-tests.git took 30µs
    23:45:51.205 | 604 nio-49152-exec-3 | DEBUG | d.t.c.a.a.p.s.l.LocalVCPushFilter    : Trying to push to repository /git/SHORT716C2EC10B19B049C80A2F00B97EAB20B2A9TSTEXC/short716c2ec10b19b049c80a2f00b97eab20b2a9tstexc-tests.git/git-receive-pack
    23:45:51.283 | 604 nio-49152-exec-3 | INFO  | .t.c.a.a.p.s.l.LocalCITriggerService : Triggering build for participation 2029 and commit hash 1e531733ed6e9237f710b528d1eb0b7beac565fd
    23:45:51.283 | 604 nio-49152-exec-3 | DEBUG | d.t.c.a.a.p.s.AbstractGitService     : getLastCommitHash http://localhost:49152/git/SHORT716C2EC10B19B049C80A2F00B97EAB20B2A9TSTEXC/short716c2ec10b19b049c80a2f00b97eab20b2a9tstexc-solution.git
    23:45:51.283 | 604 nio-49152-exec-3 | ERROR | d.t.c.a.a.p.s.AbstractGitService     : Cannot use ssh properly because of mismatch of Jgit transport object: org.eclipse.jgit.transport.TransportLocal@2fbcca0e
    23:45:51.313 | 566 localvc.event-13 | DEBUG | a.a.b.s.SharedQueueProcessingService : CIBuildJobQueueItem added to queue: BuildJobQueueItem[id=20291739576751299, name=SHORT716C2EC10B19B049C80A2F00B97EAB20B2A9TSTEXC-SOLUTION, buildAgent=BuildAgentDTO[name=null, memberAddress=null, displayName=null], participationId=2029, courseId=993, exerciseId=2610, retryCount=0, priority=2, status=null, repositoryInfo=RepositoryInfo[repositoryName=short716c2ec10b19b049c80a2f00b97eab20b2a9tstexc-solution, repositoryType=solution, triggeredByPushTo=tests, assignmentRepositoryUri=http://localhost:49152/git/SHORT716C2EC10B19B049C80A2F00B97EAB20B2A9TSTEXC/short716c2ec10b19b049c80a2f00b97eab20b2a9tstexc-solution.git, testRepositoryUri=http://localhost:49152/git/SHORT716C2EC10B19B049C80A2F00B97EAB20B2A9TSTEXC/short716c2ec10b19b049c80a2f00b97eab20b2a9tstexc-tests.git, solutionRepositoryUri=null, auxiliaryRepositoryUris=[Ljava.lang.String;@384cd4d8, auxiliaryRepositoryCheckoutDirectories=[Ljava.lang.String;@b8008f3], jobTimingInfo=JobTimingInfo[submissionDate=2025-02-14T23:45:51.299892174Z[Etc/UTC], buildStartDate=null, buildCompletionDate=null, estimatedCompletionDate=null, estimatedDuration=19], buildConfig=BuildConfig[buildScript=#!/bin/bash
cd /var/tmp/testing-dir
chmod +x ./gradlew
./gradlew clean test
, dockerImage=dummy-docker-image:latest, commitHashToBuild=1e531733ed6e9237f710b528d1eb0b7beac565fd, assignmentCommitHash=815e279f12ad296b4f24c44134a07293c04c010f, testCommitHash=1e531733ed6e9237f710b528d1eb0b7beac565fd, branch=main, programmingLanguage=JAVA, projectType=PLAIN_GRADLE, scaEnabled=false, sequentialTestRunsEnabled=false, resultPaths=[/var/tmp/testing-dir/**/test-results/test/*.xml], timeoutSeconds=0, assignmentCheckoutPath=null, testCheckoutPath=null, solutionCheckoutPath=null, dockerRunConfig=null], submissionResult=null]
    23:45:51.313 | 566 localvc.event-13 | DEBUG | a.a.b.s.SharedQueueProcessingService : Current queued items: 1
    23:45:51.313 | 566 localvc.event-13 | DEBUG | a.a.b.s.SharedQueueProcessingService : Currently processing jobs on this node: 0, active threads in Pool: 0, maximum pool size of thread executor : 1
    23:45:51.313 | 566 localvc.event-13 | DEBUG | a.a.b.s.SharedQueueProcessingService : Currently processing jobs on this node: 0, active threads in Pool: 0, maximum pool size of thread executor : 1
    23:45:51.314 | 568 localvc.event-15 | DEBUG | a.p.s.l.LocalCIQueueWebsocketService : CIBuildJobQueueItem added to processing jobs: BuildJobQueueItem[id=20291739576751299, name=SHORT716C2EC10B19B049C80A2F00B97EAB20B2A9TSTEXC-SOLUTION, buildAgent=BuildAgentDTO[name=artemis-build-agent-test, memberAddress=[127.0.0.1]:5703, displayName=artemis-build-agent-test], participationId=2029, courseId=993, exerciseId=2610, retryCount=0, priority=2, status=null, repositoryInfo=RepositoryInfo[repositoryName=short716c2ec10b19b049c80a2f00b97eab20b2a9tstexc-solution, repositoryType=solution, triggeredByPushTo=tests, assignmentRepositoryUri=http://localhost:49152/git/SHORT716C2EC10B19B049C80A2F00B97EAB20B2A9TSTEXC/short716c2ec10b19b049c80a2f00b97eab20b2a9tstexc-solution.git, testRepositoryUri=http://localhost:49152/git/SHORT716C2EC10B19B049C80A2F00B97EAB20B2A9TSTEXC/short716c2ec10b19b049c80a2f00b97eab20b2a9tstexc-tests.git, solutionRepositoryUri=null, auxiliaryRepositoryUris=[Ljava.lang.String;@23d061f5, auxiliaryRepositoryCheckoutDirectories=[Ljava.lang.String;@302bd0f4], jobTimingInfo=JobTimingInfo[submissionDate=2025-02-14T23:45:51.299892174Z[Etc/UTC], buildStartDate=2025-02-14T23:45:51.314028505Z[Etc/UTC], buildCompletionDate=null, estimatedCompletionDate=2025-02-14T23:46:10.314021752Z[Etc/UTC], estimatedDuration=19], buildConfig=BuildConfig[buildScript=#!/bin/bash
cd /var/tmp/testing-dir
chmod +x ./gradlew
./gradlew clean test
, dockerImage=dummy-docker-image:latest, commitHashToBuild=1e531733ed6e9237f710b528d1eb0b7beac565fd, assignmentCommitHash=815e279f12ad296b4f24c44134a07293c04c010f, testCommitHash=1e531733ed6e9237f710b528d1eb0b7beac565fd, branch=main, programmingLanguage=JAVA, projectType=PLAIN_GRADLE, scaEnabled=false, sequentialTestRunsEnabled=false, resultPaths=[/var/tmp/testing-dir/**/test-results/test/*.xml], timeoutSeconds=0, assignmentCheckoutPath=null, testCheckoutPath=null, solutionCheckoutPath=null, dockerRunConfig=null], submissionResult=null]
    23:45:51.314 | 568 localvc.event-15 | DEBUG | s.l.LocalCIWebsocketMessagingService : Sending message on topic /topic/admin/running-jobs: [BuildJobQueueItem[id=20291739576751299, name=SHORT716C2EC10B19B049C80A2F00B97EAB20B2A9TSTEXC-SOLUTION, buildAgent=BuildAgentDTO[name=artemis-build-agent-test, memberAddress=[127.0.0.1]:5703, displayName=artemis-build-agent-test], participationId=2029, courseId=993, exerciseId=2610, retryCount=0, priority=2, status=null, repositoryInfo=RepositoryInfo[repositoryName=short716c2ec10b19b049c80a2f00b97eab20b2a9tstexc-solution, repositoryType=solution, triggeredByPushTo=tests, assignmentRepositoryUri=, testRepositoryUri=, solutionRepositoryUri=, auxiliaryRepositoryUris=null, auxiliaryRepositoryCheckoutDirectories=null], jobTimingInfo=JobTimingInfo[submissionDate=2025-02-14T23:45:51.299892174Z[Etc/UTC], buildStartDate=2025-02-14T23:45:51.314028505Z[Etc/UTC], buildCompletionDate=null, estimatedCompletionDate=2025-02-14T23:46:10.314021752Z[Etc/UTC], estimatedDuration=19], buildConfig=BuildConfig[buildScript=, dockerImage=, commitHashToBuild=1e531733ed6e9237f710b528d1eb0b7beac565fd, assignmentCommitHash=, testCommitHash=, branch=, programmingLanguage=null, projectType=null, scaEnabled=false, sequentialTestRunsEnabled=false, resultPaths=null, timeoutSeconds=0, assignmentCheckoutPath=, testCheckoutPath=, solutionCheckoutPath=, dockerRunConfig=null], submissionResult=null]]
    23:45:51.314 | 568 localvc.event-15 | DEBUG | s.l.LocalCIWebsocketMessagingService : Sending message on topic /topic/courses/993/running-jobs: [BuildJobQueueItem[id=20291739576751299, name=SHORT716C2EC10B19B049C80A2F00B97EAB20B2A9TSTEXC-SOLUTION, buildAgent=BuildAgentDTO[name=artemis-build-agent-test, memberAddress=[127.0.0.1]:5703, displayName=artemis-build-agent-test], participationId=2029, courseId=993, exerciseId=2610, retryCount=0, priority=2, status=null, repositoryInfo=RepositoryInfo[repositoryName=short716c2ec10b19b049c80a2f00b97eab20b2a9tstexc-solution, repositoryType=solution, triggeredByPushTo=tests, assignmentRepositoryUri=, testRepositoryUri=, solutionRepositoryUri=, auxiliaryRepositoryUris=null, auxiliaryRepositoryCheckoutDirectories=null], jobTimingInfo=JobTimingInfo[submissionDate=2025-02-14T23:45:51.299892174Z[Etc/UTC], buildStartDate=2025-02-14T23:45:51.314028505Z[Etc/UTC], buildCompletionDate=null, estimatedCompletionDate=2025-02-14T23:46:10.314021752Z[Etc/UTC], estimatedDuration=19], buildConfig=BuildConfig[buildScript=, dockerImage=, commitHashToBuild=1e531733ed6e9237f710b528d1eb0b7beac565fd, assignmentCommitHash=, testCommitHash=, branch=, programmingLanguage=null, projectType=null, scaEnabled=false, sequentialTestRunsEnabled=false, resultPaths=null, timeoutSeconds=0, assignmentCheckoutPath=, testCheckoutPath=, solutionCheckoutPath=, dockerRunConfig=null], submissionResult=null]]
    23:45:51.315 | 588 artemis-task-1   | DEBUG | d.t.c.a.a.c.c.w.GzipMessageConverter : Compressed message payload from 973 to 712 (saved 26.8% payload size)
    23:45:51.315 | 588 artemis-task-1   | DEBUG | d.t.c.a.a.c.c.w.GzipMessageConverter : Compressed message payload from 973 to 712 (saved 26.8% payload size)
    23:45:51.316 | 604 nio-49152-exec-3 | INFO  | .t.c.a.a.p.s.l.LocalCITriggerService : Added build job 20291739576751299 for exercise TSTEXC and participation 2029 with priority 2 to the queue
    23:45:51.322 | 623 waitility-thread | DEBUG | .a.s.ParticipantScoreScheduleService : Processing of 0 results and 0 participant scores.
    23:45:51.323 | 566 localvc.event-13 | INFO  | a.a.b.s.SharedQueueProcessingService : Processing build job: BuildJobQueueItem[id=20291739576751299, name=SHORT716C2EC10B19B049C80A2F00B97EAB20B2A9TSTEXC-SOLUTION, buildAgent=BuildAgentDTO[name=artemis-build-agent-test, memberAddress=[127.0.0.1]:5703, displayName=artemis-build-agent-test], participationId=2029, courseId=993, exerciseId=2610, retryCount=0, priority=2, status=null, repositoryInfo=RepositoryInfo[repositoryName=short716c2ec10b19b049c80a2f00b97eab20b2a9tstexc-solution, repositoryType=solution, triggeredByPushTo=tests, assignmentRepositoryUri=http://localhost:49152/git/SHORT716C2EC10B19B049C80A2F00B97EAB20B2A9TSTEXC/short716c2ec10b19b049c80a2f00b97eab20b2a9tstexc-solution.git, testRepositoryUri=http://localhost:49152/git/SHORT716C2EC10B19B049C80A2F00B97EAB20B2A9TSTEXC/short716c2ec10b19b049c80a2f00b97eab20b2a9tstexc-tests.git, solutionRepositoryUri=null, auxiliaryRepositoryUris=[Ljava.lang.String;@44da95f1, auxiliaryRepositoryCheckoutDirectories=[Ljava.lang.String;@a973297], jobTimingInfo=JobTimingInfo[submissionDate=2025-02-14T23:45:51.299892174Z[Etc/UTC], buildStartDate=2025-02-14T23:45:51.314028505Z[Etc/UTC], buildCompletionDate=null, estimatedCompletionDate=2025-02-14T23:46:10.314021752Z[Etc/UTC], estimatedDuration=19], buildConfig=BuildConfig[buildScript=#!/bin/bash
cd /var/tmp/testing-dir
chmod +x ./gradlew
./gradlew clean test
, dockerImage=dummy-docker-image:latest, commitHashToBuild=1e531733ed6e9237f710b528d1eb0b7beac565fd, assignmentCommitHash=815e279f12ad296b4f24c44134a07293c04c010f, testCommitHash=1e531733ed6e9237f710b528d1eb0b7beac565fd, branch=main, programmingLanguage=JAVA, projectType=PLAIN_GRADLE, scaEnabled=false, sequentialTestRunsEnabled=false, resultPaths=[/var/tmp/testing-dir/**/test-results/test/*.xml], timeoutSeconds=0, assignmentCheckoutPath=null, testCheckoutPath=null, solutionCheckoutPath=null, dockerRunConfig=null], submissionResult=null]
    23:45:51.323 | 576 local-ci-build-0 | DEBUG | t.c.a.a.b.s.BuildJobExecutionService : ~~~~~~~~~~~~~~~~~~~~ Start Build Job 20291739576751299 ~~~~~~~~~~~~~~~~~~~~
    23:45:51.323 | 576 local-ci-build-0 | INFO  | .t.c.a.a.b.s.BuildAgentDockerService : ~~~~~~~~~~~~~~~~~~~~ Inspecting docker image dummy-docker-image:latest ~~~~~~~~~~~~~~~~~~~~
    23:45:51.323 | 576 local-ci-build-0 | DEBUG | d.t.c.a.a.b.s.BuildJobGitService     : Cloning from ssh://git@localhost:7921/git/SHORT716C2EC10B19B049C80A2F00B97EAB20B2A9TSTEXC/short716c2ec10b19b049c80a2f00b97eab20b2a9tstexc-solution.git to checked-out-repos/815e279f12ad296b4f24c44134a07293c04c010f/SHORT716C2EC10B19B049C80A2F00B97EAB20B2A9TSTEXC/short716c2ec10b19b049c80a2f00b97eab20b2a9tstexc-solution
    23:45:51.334 | 576 local-ci-build-0 | DEBUG | d.t.c.a.a.p.s.AbstractGitService     : getOptions: localhost:7921
    23:45:51.425 | 623 waitility-thread | DEBUG | .a.s.ParticipantScoreScheduleService : Processing of 0 results and 0 participant scores.
    23:45:51.549 | 632 b]-nio2-thread-4 | WARN  | o.e.j.i.t.s.OpenSshServerKeyDatabase : Could not update known hosts file /tmp/known_hosts
org.eclipse.jgit.errors.UnsupportedCredentialItem: /tmp/known_hosts: org.eclipse.jgit.transport.CredentialItem$YesNoType:Create file /tmp/known_hosts ?
	at org.eclipse.jgit.transport.UsernamePasswordCredentialsProvider.get(UsernamePasswordCredentialsProvider.java:100)
	at org.eclipse.jgit.transport.CredentialsProvider.get(CredentialsProvider.java:125)
	at org.eclipse.jgit.internal.transport.sshd.OpenSshServerKeyDatabase$AskUser.askUser(OpenSshServerKeyDatabase.java:429)
	at org.eclipse.jgit.internal.transport.sshd.OpenSshServerKeyDatabase$AskUser.createNewFile(OpenSshServerKeyDatabase.java:549)
	at org.eclipse.jgit.internal.transport.sshd.OpenSshServerKeyDatabase.accept(OpenSshServerKeyDatabase.java:249)
	at org.eclipse.jgit.internal.transport.sshd.JGitServerKeyVerifier.verifyServerKey(JGitServerKeyVerifier.java:94)
	at org.apache.sshd.client.session.AbstractClientSession.checkKeys(AbstractClientSession.java:637)
	at org.apache.sshd.common.session.helpers.AbstractSession.handleKexMessage(AbstractSession.java:767)
	at org.apache.sshd.common.session.helpers.AbstractSession.doHandleMessage(AbstractSession.java:622)
	at org.apache.sshd.common.session.helpers.AbstractSession.lambda$handleMessage$0(AbstractSession.java:546)
	at org.apache.sshd.common.util.threads.ThreadUtils.runAsInternal(ThreadUtils.java:68)
	at org.apache.sshd.common.session.helpers.AbstractSession.handleMessage(AbstractSession.java:545)
	at org.apache.sshd.common.session.helpers.AbstractSession.decode(AbstractSession.java:1729)
	at org.apache.sshd.common.session.helpers.AbstractSession.messageReceived(AbstractSession.java:506)
	at org.eclipse.jgit.internal.transport.sshd.JGitClientSession.messageReceived(JGitClientSession.java:223)
	at org.apache.sshd.common.session.helpers.AbstractSessionIoHandler.messageReceived(AbstractSessionIoHandler.java:64)
	at org.apache.sshd.common.io.nio2.Nio2Session.handleReadCycleCompletion(Nio2Session.java:409)
	at org.apache.sshd.common.io.nio2.Nio2Session$1.onCompleted(Nio2Session.java:382)
	at org.apache.sshd.common.io.nio2.Nio2Session$1.onCompleted(Nio2Session.java:377)
	at org.apache.sshd.common.io.nio2.Nio2CompletionHandler.lambda$completed$0(Nio2CompletionHandler.java:38)
	at java.base/java.security.AccessController.doPrivileged(AccessController.java:319)
	at org.apache.sshd.common.io.nio2.Nio2CompletionHandler.completed(Nio2CompletionHandler.java:37)
	at java.base/sun.nio.ch.Invoker.invokeUnchecked(Invoker.java:129)
	at java.base/sun.nio.ch.Invoker$2.run(Invoker.java:221)
	at java.base/sun.nio.ch.AsynchronousChannelGroupImpl$1.run(AsynchronousChannelGroupImpl.java:113)
	at java.base/java.util.concurrent.ThreadPoolExecutor.runWorker(ThreadPoolExecutor.java:1144)
	at java.base/java.util.concurrent.ThreadPoolExecutor$Worker.run(ThreadPoolExecutor.java:642)
	at java.base/java.lang.Thread.run(Thread.java:1583)
    23:45:51.634 | 966 1)-nio2-thread-3 | DEBUG | s.l.GitPublickeyAuthenticatorService : Authenticating build agent artemis-build-agent-test on address [127.0.0.1]:5703
    23:45:51.643 | 623 waitility-thread | DEBUG | .a.s.ParticipantScoreScheduleService : Processing of 0 results and 0 participant scores.
    23:45:51.649 | 970 1)-nio2-thread-5 | DEBUG | s.l.GitPublickeyAuthenticatorService : Authenticating build agent artemis-build-agent-test on address [127.0.0.1]:5703
    23:45:51.692 | 969 1)-nio2-thread-4 | DEBUG | d.t.c.a.a.p.s.l.ssh.SshGitCommand    : start(ChannelSession[id=0, recipient=0]-ServerSessionImpl[git@/127.0.0.1:52436]) starting runner for command=git-upload-pack '/git/SHORT716C2EC10B19B049C80A2F00B97EAB20B2A9TSTEXC/short716c2ec10b19b049c80a2f00b97eab20b2a9tstexc-solution.git'
    23:45:51.695 | 645 git-ssh-thread-1 | DEBUG | .t.c.a.a.p.s.l.LocalVCServletService : Path to resolve repository from: /tmp/SHORT716C2EC10B19B049C80A2F00B97EAB20B2A9TSTEXC/short716c2ec10b19b049c80a2f00b97eab20b2a9tstexc-solution.git
    23:45:51.695 | 645 git-ssh-thread-1 | DEBUG | .t.c.a.a.p.s.l.LocalVCServletService : Opening local repository SHORT716C2EC10B19B049C80A2F00B97EAB20B2A9TSTEXC/short716c2ec10b19b049c80a2f00b97eab20b2a9tstexc-solution.git
    23:45:51.696 | 645 git-ssh-thread-1 | DEBUG | .t.c.a.a.p.s.l.LocalVCServletService : Resolving repository for repository SHORT716C2EC10B19B049C80A2F00B97EAB20B2A9TSTEXC/short716c2ec10b19b049c80a2f00b97eab20b2a9tstexc-solution.git took 557µs
    23:45:51.827 | 645 git-ssh-thread-1 | DEBUG | d.t.c.a.a.p.s.l.ssh.SshGitCommand    : onExit(ServerSessionImpl[git@/127.0.0.1:52436])[SshGitCommand[git-upload-pack '/git/SHORT716C2EC10B19B049C80A2F00B97EAB20B2A9TSTEXC/short716c2ec10b19b049c80a2f00b97eab20b2a9tstexc-solution.git'][session=ServerSessionImpl[git@/127.0.0.1:52436]]] exiting - value=0, message=
    23:45:51.829 | 645 git-ssh-thread-1 | DEBUG | d.t.c.a.a.p.s.l.ssh.SshGitCommand    : destroy(ChannelSession[id=0, recipient=0]-ServerSessionImpl[git@/127.0.0.1:52436])[SshGitCommand[git-upload-pack '/git/SHORT716C2EC10B19B049C80A2F00B97EAB20B2A9TSTEXC/short716c2ec10b19b049c80a2f00b97eab20b2a9tstexc-solution.git'][session=ServerSessionImpl[git@/127.0.0.1:52436]]] - shutdown executor service - runners count=0
    23:45:51.829 | 645 git-ssh-thread-1 | DEBUG | d.t.c.a.a.p.s.l.ssh.SshGitCommand    : destroy(SshGitCommand[git-upload-pack '/git/SHORT716C2EC10B19B049C80A2F00B97EAB20B2A9TSTEXC/short716c2ec10b19b049c80a2f00b97eab20b2a9tstexc-solution.git'][session=ServerSessionImpl[git@/127.0.0.1:52436]]) - failed (UnsupportedOperationException) to close file system=sun.nio.fs.LinuxFileSystem@348460d6: null
    23:45:51.835 | 576 local-ci-build-0 | WARN  | org.eclipse.jgit.lib.Repository      : close() called when useCnt is already zero for Repository[checked-out-repos/815e279f12ad296b4f24c44134a07293c04c010f/SHORT716C2EC10B19B049C80A2F00B97EAB20B2A9TSTEXC/short716c2ec10b19b049c80a2f00b97eab20b2a9tstexc-solution/.git]
    23:45:51.835 | 576 local-ci-build-0 | DEBUG | d.t.c.a.a.b.s.BuildJobGitService     : Cloning from ssh://git@localhost:7921/git/SHORT716C2EC10B19B049C80A2F00B97EAB20B2A9TSTEXC/short716c2ec10b19b049c80a2f00b97eab20b2a9tstexc-tests.git to checked-out-repos/815e279f12ad296b4f24c44134a07293c04c010f/SHORT716C2EC10B19B049C80A2F00B97EAB20B2A9TSTEXC/short716c2ec10b19b049c80a2f00b97eab20b2a9tstexc-tests
    23:45:51.838 | 576 local-ci-build-0 | DEBUG | d.t.c.a.a.p.s.AbstractGitService     : getOptions: localhost:7921
    23:45:51.927 | 653 9]-nio2-thread-4 | WARN  | o.e.j.i.t.s.OpenSshServerKeyDatabase : Could not update known hosts file /tmp/known_hosts
org.eclipse.jgit.errors.UnsupportedCredentialItem: /tmp/known_hosts: org.eclipse.jgit.transport.CredentialItem$YesNoType:Create file /tmp/known_hosts ?
	at org.eclipse.jgit.transport.UsernamePasswordCredentialsProvider.get(UsernamePasswordCredentialsProvider.java:100)
	at org.eclipse.jgit.transport.CredentialsProvider.get(CredentialsProvider.java:125)
	at org.eclipse.jgit.internal.transport.sshd.OpenSshServerKeyDatabase$AskUser.askUser(OpenSshServerKeyDatabase.java:429)
	at org.eclipse.jgit.internal.transport.sshd.OpenSshServerKeyDatabase$AskUser.createNewFile(OpenSshServerKeyDatabase.java:549)
	at org.eclipse.jgit.internal.transport.sshd.OpenSshServerKeyDatabase.accept(OpenSshServerKeyDatabase.java:249)
	at org.eclipse.jgit.internal.transport.sshd.JGitServerKeyVerifier.verifyServerKey(JGitServerKeyVerifier.java:94)
	at org.apache.sshd.client.session.AbstractClientSession.checkKeys(AbstractClientSession.java:637)
	at org.apache.sshd.common.session.helpers.AbstractSession.handleKexMessage(AbstractSession.java:767)
	at org.apache.sshd.common.session.helpers.AbstractSession.doHandleMessage(AbstractSession.java:622)
	at org.apache.sshd.common.session.helpers.AbstractSession.lambda$handleMessage$0(AbstractSession.java:546)
	at org.apache.sshd.common.util.threads.ThreadUtils.runAsInternal(ThreadUtils.java:68)
	at org.apache.sshd.common.session.helpers.AbstractSession.handleMessage(AbstractSession.java:545)
	at org.apache.sshd.common.session.helpers.AbstractSession.decode(AbstractSession.java:1729)
	at org.apache.sshd.common.session.helpers.AbstractSession.messageReceived(AbstractSession.java:506)
	at org.eclipse.jgit.internal.transport.sshd.JGitClientSession.messageReceived(JGitClientSession.java:223)
	at org.apache.sshd.common.session.helpers.AbstractSessionIoHandler.messageReceived(AbstractSessionIoHandler.java:64)
	at org.apache.sshd.common.io.nio2.Nio2Session.handleReadCycleCompletion(Nio2Session.java:409)
	at org.apache.sshd.common.io.nio2.Nio2Session$1.onCompleted(Nio2Session.java:382)
	at org.apache.sshd.common.io.nio2.Nio2Session$1.onCompleted(Nio2Session.java:377)
	at org.apache.sshd.common.io.nio2.Nio2CompletionHandler.lambda$completed$0(Nio2CompletionHandler.java:38)
	at java.base/java.security.AccessController.doPrivileged(AccessController.java:319)
	at org.apache.sshd.common.io.nio2.Nio2CompletionHandler.completed(Nio2CompletionHandler.java:37)
	at java.base/sun.nio.ch.Invoker.invokeUnchecked(Invoker.java:129)
	at java.base/sun.nio.ch.Invoker$2.run(Invoker.java:221)
	at java.base/sun.nio.ch.AsynchronousChannelGroupImpl$1.run(AsynchronousChannelGroupImpl.java:113)
	at java.base/java.util.concurrent.ThreadPoolExecutor.runWorker(ThreadPoolExecutor.java:1144)
	at java.base/java.util.concurrent.ThreadPoolExecutor$Worker.run(ThreadPoolExecutor.java:642)
	at java.base/java.lang.Thread.run(Thread.java:1583)
    23:45:51.938 | 958 1)-nio2-thread-1 | DEBUG | s.l.GitPublickeyAuthenticatorService : Authenticating build agent artemis-build-agent-test on address [127.0.0.1]:5703
    23:45:51.953 | 960 1)-nio2-thread-2 | DEBUG | s.l.GitPublickeyAuthenticatorService : Authenticating build agent artemis-build-agent-test on address [127.0.0.1]:5703
    23:45:51.995 | 970 1)-nio2-thread-5 | DEBUG | d.t.c.a.a.p.s.l.ssh.SshGitCommand    : start(ChannelSession[id=0, recipient=0]-ServerSessionImpl[git@/127.0.0.1:52442]) starting runner for command=git-upload-pack '/git/SHORT716C2EC10B19B049C80A2F00B97EAB20B2A9TSTEXC/short716c2ec10b19b049c80a2f00b97eab20b2a9tstexc-tests.git'
    23:45:51.998 | 661 git-ssh-thread-1 | DEBUG | .t.c.a.a.p.s.l.LocalVCServletService : Path to resolve repository from: /tmp/SHORT716C2EC10B19B049C80A2F00B97EAB20B2A9TSTEXC/short716c2ec10b19b049c80a2f00b97eab20b2a9tstexc-tests.git
    23:45:51.998 | 661 git-ssh-thread-1 | DEBUG | .t.c.a.a.p.s.l.LocalVCServletService : Retrieving cached local repository SHORT716C2EC10B19B049C80A2F00B97EAB20B2A9TSTEXC/short716c2ec10b19b049c80a2f00b97eab20b2a9tstexc-tests.git
    23:45:51.998 | 661 git-ssh-thread-1 | DEBUG | .t.c.a.a.p.s.l.LocalVCServletService : Resolving repository for repository SHORT716C2EC10B19B049C80A2F00B97EAB20B2A9TSTEXC/short716c2ec10b19b049c80a2f00b97eab20b2a9tstexc-tests.git took 32µs
    23:45:52.048 | 623 waitility-thread | DEBUG | .a.s.ParticipantScoreScheduleService : Processing of 0 results and 0 participant scores.
    23:45:52.129 | 661 git-ssh-thread-1 | DEBUG | d.t.c.a.a.p.s.l.ssh.SshGitCommand    : onExit(ServerSessionImpl[git@/127.0.0.1:52442])[SshGitCommand[git-upload-pack '/git/SHORT716C2EC10B19B049C80A2F00B97EAB20B2A9TSTEXC/short716c2ec10b19b049c80a2f00b97eab20b2a9tstexc-tests.git'][session=ServerSessionImpl[git@/127.0.0.1:52442]]] exiting - value=0, message=
    23:45:52.129 | 958 1)-nio2-thread-1 | DEBUG | d.t.c.a.a.p.s.l.ssh.SshGitCommand    : destroy(ChannelSession[id=0, recipient=0]-ServerSessionImpl[git@/127.0.0.1:52442])[SshGitCommand[git-upload-pack '/git/SHORT716C2EC10B19B049C80A2F00B97EAB20B2A9TSTEXC/short716c2ec10b19b049c80a2f00b97eab20b2a9tstexc-tests.git'][session=ServerSessionImpl[git@/127.0.0.1:52442]]] - shutdown executor service - runners count=0
    23:45:52.130 | 958 1)-nio2-thread-1 | DEBUG | d.t.c.a.a.p.s.l.ssh.SshGitCommand    : destroy(SshGitCommand[git-upload-pack '/git/SHORT716C2EC10B19B049C80A2F00B97EAB20B2A9TSTEXC/short716c2ec10b19b049c80a2f00b97eab20b2a9tstexc-tests.git'][session=ServerSessionImpl[git@/127.0.0.1:52442]]) - failed (UnsupportedOperationException) to close file system=sun.nio.fs.LinuxFileSystem@348460d6: null
    23:45:52.137 | 576 local-ci-build-0 | WARN  | org.eclipse.jgit.lib.Repository      : close() called when useCnt is already zero for Repository[checked-out-repos/815e279f12ad296b4f24c44134a07293c04c010f/SHORT716C2EC10B19B049C80A2F00B97EAB20B2A9TSTEXC/short716c2ec10b19b049c80a2f00b97eab20b2a9tstexc-tests/.git]
    23:45:52.138 | 576 local-ci-build-0 | INFO  | t.c.a.a.b.s.BuildJobExecutionService : ~~~~~~~~~~~~~~~~~~~~ Started container local-ci-20291739576751299 for build job 20291739576751299 ~~~~~~~~~~~~~~~~~~~~
    23:45:52.138 | 576 local-ci-build-0 | DEBUG | t.c.a.a.b.s.BuildJobExecutionService : ~~~~~~~~~~~~~~~~~~~~ Populating build job container with repositories and build script ~~~~~~~~~~~~~~~~~~~~
    23:45:52.146 | 576 local-ci-build-0 | DEBUG | t.c.a.a.b.s.BuildJobExecutionService : ~~~~~~~~~~~~~~~~~~~~ Executing Build Script for Build job 20291739576751299 ~~~~~~~~~~~~~~~~~~~~
    23:45:52.146 | 576 local-ci-build-0 | INFO  | t.c.a.a.b.s.BuildJobContainerService : Started running the build script for build job in container with id 1234567890
    23:45:52.146 | 576 local-ci-build-0 | INFO  | t.c.a.a.b.s.BuildJobExecutionService : ~~~~~~~~~~~~~~~~~~~~ Finished Executing Build Script for Build job 20291739576751299 ~~~~~~~~~~~~~~~~~~~~
    23:45:52.146 | 576 local-ci-build-0 | DEBUG | t.c.a.a.b.s.BuildJobExecutionService : ~~~~~~~~~~~~~~~~~~~~ Moving test results to specified directory for build job 20291739576751299 ~~~~~~~~~~~~~~~~~~~~
    23:45:52.147 | 576 local-ci-build-0 | INFO  | t.c.a.a.b.s.BuildJobExecutionService : ~~~~~~~~~~~~~~~~~~~~ Collecting test results from container 1234567890 for build job 20291739576751299 ~~~~~~~~~~~~~~~~~~~~
    23:45:52.151 | 576 local-ci-build-0 | WARN  | org.eclipse.jgit.lib.Repository      : close() called when useCnt is already zero for Repository[checked-out-repos/815e279f12ad296b4f24c44134a07293c04c010f/SHORT716C2EC10B19B049C80A2F00B97EAB20B2A9TSTEXC/short716c2ec10b19b049c80a2f00b97eab20b2a9tstexc-solution/.git]
    23:45:52.155 | 576 local-ci-build-0 | DEBUG | d.t.c.a.a.p.s.AbstractGitService     : Deleted Repository at checked-out-repos/815e279f12ad296b4f24c44134a07293c04c010f/SHORT716C2EC10B19B049C80A2F00B97EAB20B2A9TSTEXC/short716c2ec10b19b049c80a2f00b97eab20b2a9tstexc-solution
    23:45:52.156 | 576 local-ci-build-0 | WARN  | org.eclipse.jgit.lib.Repository      : close() called when useCnt is already zero for Repository[checked-out-repos/815e279f12ad296b4f24c44134a07293c04c010f/SHORT716C2EC10B19B049C80A2F00B97EAB20B2A9TSTEXC/short716c2ec10b19b049c80a2f00b97eab20b2a9tstexc-tests/.git]
    23:45:52.158 | 576 local-ci-build-0 | DEBUG | d.t.c.a.a.p.s.AbstractGitService     : Deleted Repository at checked-out-repos/815e279f12ad296b4f24c44134a07293c04c010f/SHORT716C2EC10B19B049C80A2F00B97EAB20B2A9TSTEXC/short716c2ec10b19b049c80a2f00b97eab20b2a9tstexc-tests
    23:45:52.158 | 576 local-ci-build-0 | INFO  | t.c.a.a.b.s.BuildJobExecutionService : Building and testing submission for repository short716c2ec10b19b049c80a2f00b97eab20b2a9tstexc-solution and commit hash 815e279f12ad296b4f24c44134a07293c04c010f took 19.55ms for build job 20291739576751299
    23:45:52.158 | 566 localvc.event-13 | DEBUG | a.a.b.s.SharedQueueProcessingService : Build job completed: BuildJobQueueItem[id=20291739576751299, name=SHORT716C2EC10B19B049C80A2F00B97EAB20B2A9TSTEXC-SOLUTION, buildAgent=BuildAgentDTO[name=artemis-build-agent-test, memberAddress=[127.0.0.1]:5703, displayName=artemis-build-agent-test], participationId=2029, courseId=993, exerciseId=2610, retryCount=0, priority=2, status=null, repositoryInfo=RepositoryInfo[repositoryName=short716c2ec10b19b049c80a2f00b97eab20b2a9tstexc-solution, repositoryType=solution, triggeredByPushTo=tests, assignmentRepositoryUri=http://localhost:49152/git/SHORT716C2EC10B19B049C80A2F00B97EAB20B2A9TSTEXC/short716c2ec10b19b049c80a2f00b97eab20b2a9tstexc-solution.git, testRepositoryUri=http://localhost:49152/git/SHORT716C2EC10B19B049C80A2F00B97EAB20B2A9TSTEXC/short716c2ec10b19b049c80a2f00b97eab20b2a9tstexc-tests.git, solutionRepositoryUri=null, auxiliaryRepositoryUris=[Ljava.lang.String;@44da95f1, auxiliaryRepositoryCheckoutDirectories=[Ljava.lang.String;@a973297], jobTimingInfo=JobTimingInfo[submissionDate=2025-02-14T23:45:51.299892174Z[Etc/UTC], buildStartDate=2025-02-14T23:45:51.314028505Z[Etc/UTC], buildCompletionDate=null, estimatedCompletionDate=2025-02-14T23:46:10.314021752Z[Etc/UTC], estimatedDuration=19], buildConfig=BuildConfig[buildScript=#!/bin/bash
cd /var/tmp/testing-dir
chmod +x ./gradlew
./gradlew clean test
, dockerImage=dummy-docker-image:latest, commitHashToBuild=1e531733ed6e9237f710b528d1eb0b7beac565fd, assignmentCommitHash=815e279f12ad296b4f24c44134a07293c04c010f, testCommitHash=1e531733ed6e9237f710b528d1eb0b7beac565fd, branch=main, programmingLanguage=JAVA, projectType=PLAIN_GRADLE, scaEnabled=false, sequentialTestRunsEnabled=false, resultPaths=[/var/tmp/testing-dir/**/test-results/test/*.xml], timeoutSeconds=0, assignmentCheckoutPath=null, testCheckoutPath=null, solutionCheckoutPath=null, dockerRunConfig=null], submissionResult=null]
    23:45:52.158 | 568 localvc.event-15 | DEBUG | a.p.s.l.LocalCIQueueWebsocketService : CIBuildJobQueueItem removed from processing jobs: BuildJobQueueItem[id=20291739576751299, name=SHORT716C2EC10B19B049C80A2F00B97EAB20B2A9TSTEXC-SOLUTION, buildAgent=BuildAgentDTO[name=artemis-build-agent-test, memberAddress=[127.0.0.1]:5703, displayName=artemis-build-agent-test], participationId=2029, courseId=993, exerciseId=2610, retryCount=0, priority=2, status=null, repositoryInfo=RepositoryInfo[repositoryName=short716c2ec10b19b049c80a2f00b97eab20b2a9tstexc-solution, repositoryType=solution, triggeredByPushTo=tests, assignmentRepositoryUri=http://localhost:49152/git/SHORT716C2EC10B19B049C80A2F00B97EAB20B2A9TSTEXC/short716c2ec10b19b049c80a2f00b97eab20b2a9tstexc-solution.git, testRepositoryUri=http://localhost:49152/git/SHORT716C2EC10B19B049C80A2F00B97EAB20B2A9TSTEXC/short716c2ec10b19b049c80a2f00b97eab20b2a9tstexc-tests.git, solutionRepositoryUri=null, auxiliaryRepositoryUris=[Ljava.lang.String;@7a1390b5, auxiliaryRepositoryCheckoutDirectories=[Ljava.lang.String;@4c9466dd], jobTimingInfo=JobTimingInfo[submissionDate=2025-02-14T23:45:51.299892174Z[Etc/UTC], buildStartDate=2025-02-14T23:45:51.314028505Z[Etc/UTC], buildCompletionDate=null, estimatedCompletionDate=2025-02-14T23:46:10.314021752Z[Etc/UTC], estimatedDuration=19], buildConfig=BuildConfig[buildScript=#!/bin/bash
cd /var/tmp/testing-dir
chmod +x ./gradlew
./gradlew clean test
, dockerImage=dummy-docker-image:latest, commitHashToBuild=1e531733ed6e9237f710b528d1eb0b7beac565fd, assignmentCommitHash=815e279f12ad296b4f24c44134a07293c04c010f, testCommitHash=1e531733ed6e9237f710b528d1eb0b7beac565fd, branch=main, programmingLanguage=JAVA, projectType=PLAIN_GRADLE, scaEnabled=false, sequentialTestRunsEnabled=false, resultPaths=[/var/tmp/testing-dir/**/test-results/test/*.xml], timeoutSeconds=0, assignmentCheckoutPath=null, testCheckoutPath=null, solutionCheckoutPath=null, dockerRunConfig=null], submissionResult=null]
    23:45:52.159 | 568 localvc.event-15 | DEBUG | s.l.LocalCIWebsocketMessagingService : Sending message on topic /topic/admin/running-jobs: []
    23:45:52.159 | 568 localvc.event-15 | DEBUG | s.l.LocalCIWebsocketMessagingService : Sending message on topic /topic/courses/993/running-jobs: []
    23:45:52.162 | 566 localvc.event-13 | DEBUG | a.a.b.s.SharedQueueProcessingService : Currently processing jobs on this node: 0, active threads in Pool: 0, maximum pool size of thread executor : 1
    23:45:52.163 | 566 localvc.event-13 | DEBUG | s.l.LocalCIWebsocketMessagingService : Sending message on topic /topic/admin/queued-jobs: []
    23:45:52.163 | 566 localvc.event-13 | DEBUG | s.l.LocalCIWebsocketMessagingService : Sending message on topic /topic/courses/993/queued-jobs: []
    23:45:52.164 | 566 localvc.event-13 | DEBUG | a.a.b.s.SharedQueueProcessingService : CIBuildJobQueueItem removed from queue: BuildJobQueueItem[id=20291739576751299, name=SHORT716C2EC10B19B049C80A2F00B97EAB20B2A9TSTEXC-SOLUTION, buildAgent=BuildAgentDTO[name=null, memberAddress=null, displayName=null], participationId=2029, courseId=993, exerciseId=2610, retryCount=0, priority=2, status=null, repositoryInfo=RepositoryInfo[repositoryName=short716c2ec10b19b049c80a2f00b97eab20b2a9tstexc-solution, repositoryType=solution, triggeredByPushTo=tests, assignmentRepositoryUri=http://localhost:49152/git/SHORT716C2EC10B19B049C80A2F00B97EAB20B2A9TSTEXC/short716c2ec10b19b049c80a2f00b97eab20b2a9tstexc-solution.git, testRepositoryUri=http://localhost:49152/git/SHORT716C2EC10B19B049C80A2F00B97EAB20B2A9TSTEXC/short716c2ec10b19b049c80a2f00b97eab20b2a9tstexc-tests.git, solutionRepositoryUri=null, auxiliaryRepositoryUris=[Ljava.lang.String;@52b4a190, auxiliaryRepositoryCheckoutDirectories=[Ljava.lang.String;@6753fa75], jobTimingInfo=JobTimingInfo[submissionDate=2025-02-14T23:45:51.299892174Z[Etc/UTC], buildStartDate=null, buildCompletionDate=null, estimatedCompletionDate=null, estimatedDuration=19], buildConfig=BuildConfig[buildScript=#!/bin/bash
cd /var/tmp/testing-dir
chmod +x ./gradlew
./gradlew clean test
, dockerImage=dummy-docker-image:latest, commitHashToBuild=1e531733ed6e9237f710b528d1eb0b7beac565fd, assignmentCommitHash=815e279f12ad296b4f24c44134a07293c04c010f, testCommitHash=1e531733ed6e9237f710b528d1eb0b7beac565fd, branch=main, programmingLanguage=JAVA, projectType=PLAIN_GRADLE, scaEnabled=false, sequentialTestRunsEnabled=false, resultPaths=[/var/tmp/testing-dir/**/test-results/test/*.xml], timeoutSeconds=0, assignmentCheckoutPath=null, testCheckoutPath=null, solutionCheckoutPath=null, dockerRunConfig=null], submissionResult=null]
    23:45:52.165 | 566 localvc.event-13 | DEBUG | s.l.LocalCIWebsocketMessagingService : Sending message on topic /topic/admin/queued-jobs: []
    23:45:52.165 | 566 localvc.event-13 | DEBUG | s.l.LocalCIWebsocketMessagingService : Sending message on topic /topic/courses/993/queued-jobs: []
    23:45:52.165 | 566 localvc.event-13 | DEBUG | a.p.s.l.LocalCIQueueWebsocketService : Build agent updated: BuildAgentInformation[buildAgent=BuildAgentDTO[name=artemis-build-agent-test, memberAddress=[127.0.0.1]:5703, displayName=artemis-build-agent-test], maxNumberOfConcurrentBuildJobs=1, numberOfCurrentBuildJobs=1, runningBuildJobs=[BuildJobQueueItem[id=20291739576751299, name=SHORT716C2EC10B19B049C80A2F00B97EAB20B2A9TSTEXC-SOLUTION, buildAgent=BuildAgentDTO[name=artemis-build-agent-test, memberAddress=[127.0.0.1]:5703, displayName=artemis-build-agent-test], participationId=2029, courseId=993, exerciseId=2610, retryCount=0, priority=2, status=null, repositoryInfo=RepositoryInfo[repositoryName=short716c2ec10b19b049c80a2f00b97eab20b2a9tstexc-solution, repositoryType=solution, triggeredByPushTo=tests, assignmentRepositoryUri=http://localhost:49152/git/SHORT716C2EC10B19B049C80A2F00B97EAB20B2A9TSTEXC/short716c2ec10b19b049c80a2f00b97eab20b2a9tstexc-solution.git, testRepositoryUri=http://localhost:49152/git/SHORT716C2EC10B19B049C80A2F00B97EAB20B2A9TSTEXC/short716c2ec10b19b049c80a2f00b97eab20b2a9tstexc-tests.git, solutionRepositoryUri=null, auxiliaryRepositoryUris=[Ljava.lang.String;@4eb97df7, auxiliaryRepositoryCheckoutDirectories=[Ljava.lang.String;@36c1b607], jobTimingInfo=JobTimingInfo[submissionDate=2025-02-14T23:45:51.299892174Z[Etc/UTC], buildStartDate=2025-02-14T23:45:51.314028505Z[Etc/UTC], buildCompletionDate=null, estimatedCompletionDate=2025-02-14T23:46:10.314021752Z[Etc/UTC], estimatedDuration=19], buildConfig=BuildConfig[buildScript=#!/bin/bash
cd /var/tmp/testing-dir
chmod +x ./gradlew
./gradlew clean test
, dockerImage=dummy-docker-image:latest, commitHashToBuild=1e531733ed6e9237f710b528d1eb0b7beac565fd, assignmentCommitHash=815e279f12ad296b4f24c44134a07293c04c010f, testCommitHash=1e531733ed6e9237f710b528d1eb0b7beac565fd, branch=main, programmingLanguage=JAVA, projectType=PLAIN_GRADLE, scaEnabled=false, sequentialTestRunsEnabled=false, resultPaths=[/var/tmp/testing-dir/**/test-results/test/*.xml], timeoutSeconds=0, assignmentCheckoutPath=null, testCheckoutPath=null, solutionCheckoutPath=null, dockerRunConfig=null], submissionResult=null]], status=ACTIVE, recentBuildJobs=[BuildJobQueueItem[id=19141739576708030, name=SHORT5F02A8F400311042E70858306EB148073CFDTSTEXC-LOCALVCINTSTUDENT1, buildAgent=BuildAgentDTO[name=artemis-build-agent-test, memberAddress=[127.0.0.1]:5703, displayName=artemis-build-agent-test], participationId=1914, courseId=947, exerciseId=2564, retryCount=0, priority=2, status=FAILED, repositoryInfo=RepositoryInfo[repositoryName=short5f02a8f400311042e70858306eb148073cfdtstexc-localvcintstudent1, repositoryType=user, triggeredByPushTo=user, assignmentRepositoryUri=http://localhost:49152/git/SHORT5F02A8F400311042E70858306EB148073CFDTSTEXC/short5f02a8f400311042e70858306eb148073cfdtstexc-localvcintstudent1.git, testRepositoryUri=http://localhost:49152/git/SHORT5F02A8F400311042E70858306EB148073CFDTSTEXC/short5f02a8f400311042e70858306eb148073cfdtstexc-tests.git, solutionRepositoryUri=null, auxiliaryRepositoryUris=[Ljava.lang.String;@736f4a34, auxiliaryRepositoryCheckoutDirectories=[Ljava.lang.String;@7d8c0a82], jobTimingInfo=JobTimingInfo[submissionDate=2025-02-14T23:45:08.030118216Z[Etc/UTC], buildStartDate=2025-02-14T23:45:08.041011412Z[Etc/UTC], buildCompletionDate=2025-02-14T23:45:08.054603331Z[Etc/UTC], estimatedCompletionDate=2025-02-14T23:45:27.041005080Z[Etc/UTC], estimatedDuration=19], buildConfig=BuildConfig[buildScript=#!/bin/bash
cd /var/tmp/testing-dir
chmod +x ./gradlew
./gradlew clean test
, dockerImage=dummy-docker-image:latest, commitHashToBuild=6e7146cac5059504aa9d170ec3fa23aec740bb51, assignmentCommitHash=6e7146cac5059504aa9d170ec3fa23aec740bb51, testCommitHash=931e5303581c7a2f01339ba603cfafbfe668b901, branch=main, programmingLanguage=JAVA, projectType=PLAIN_GRADLE, scaEnabled=false, sequentialTestRunsEnabled=false, resultPaths=[/var/tmp/testing-dir/**/test-results/test/*.xml], timeoutSeconds=0, assignmentCheckoutPath=null, testCheckoutPath=null, solutionCheckoutPath=null, dockerRunConfig=null], submissionResult=ResultDTO[id=622, completionDate=2025-02-14T23:45:08.054683681Z[Etc/UTC], successful=false, score=0.0, rated=true, submission=SubmissionDTO[id=814, submitted=true, type=MANUAL, exampleSubmission=null, submissionDate=2025-02-14T23:45:08.016200Z, commitHash=6e7146cac5059504aa9d170ec3fa23aec740bb51, buildFailed=true, buildArtifact=false, participation=ParticipationDTO[id=1914, testRun=false, type=programming, submissionCount=null, exercise=ParticipationExerciseDTO[id=2564, exerciseType=PROGRAMMING, type=programming, assessmentType=AUTOMATIC, dueDate=2025-02-16T23:45:07.324348Z, assessmentDueDate=null, maxPoints=42.0, course=CourseDTO[id=947, accuracyOfScores=1]]], submissionExerciseType=programming, isProcessing=false, buildStartDate=null, estimatedCompletionDate=null], participation=ParticipationDTO[id=1914, testRun=false, type=programming, submissionCount=null, exercise=ParticipationExerciseDTO[id=2564, exerciseType=PROGRAMMING, type=programming, assessmentType=AUTOMATIC, dueDate=2025-02-16T23:45:07.324348Z, assessmentDueDate=null, maxPoints=42.0, course=CourseDTO[id=947, accuracyOfScores=1]]], feedbacks=[], assessmentType=AUTOMATIC, hasComplaint=null, exampleResult=null, testCaseCount=0, passedTestCaseCount=0, codeIssueCount=0]], BuildJobQueueItem[id=19361739576711303, name=SHORT9AFDAE3804CA304DDF0889A0CB0F56104A86TSTEXC-LOCALVCINTSTUDENT1, buildAgent=BuildAgentDTO[name=artemis-build-agent-test, memberAddress=[127.0.0.1]:5703, displayName=artemis-build-agent-test], participationId=1936, courseId=956, exerciseId=2573, retryCount=0, priority=2, status=FAILED, repositoryInfo=RepositoryInfo[repositoryName=short9afdae3804ca304ddf0889a0cb0f56104a86tstexc-localvcintstudent1, repositoryType=user, triggeredByPushTo=user, assignmentRepositoryUri=http://localhost:49152/git/SHORT9AFDAE3804CA304DDF0889A0CB0F56104A86TSTEXC/short9afdae3804ca304ddf0889a0cb0f56104a86tstexc-localvcintstudent1.git, testRepositoryUri=http://localhost:49152/git/SHORT9AFDAE3804CA304DDF0889A0CB0F56104A86TSTEXC/short9afdae3804ca304ddf0889a0cb0f56104a86tstexc-tests.git, solutionRepositoryUri=null, auxiliaryRepositoryUris=[Ljava.lang.String;@78df8601, auxiliaryRepositoryCheckoutDirectories=[Ljava.lang.String;@43956693], jobTimingInfo=JobTimingInfo[submissionDate=2025-02-14T23:45:11.303805653Z[Etc/UTC], buildStartDate=2025-02-14T23:45:11.310981356Z[Etc/UTC], buildCompletionDate=2025-02-14T23:45:11.319178384Z[Etc/UTC], estimatedCompletionDate=2025-02-14T23:45:30.310974944Z[Etc/UTC], estimatedDuration=19], buildConfig=BuildConfig[buildScript=#!/bin/bash
cd /var/tmp/testing-dir
chmod +x ./gradlew
./gradlew clean test
, dockerImage=dummy-docker-image:latest, commitHashToBuild=a1099e378cffde441ef85f9b12577ca174b8e1e4, assignmentCommitHash=a1099e378cffde441ef85f9b12577ca174b8e1e4, testCommitHash=bd38d61c299ab11a1dea82a3ca5493fe04d97d47, branch=main, programmingLanguage=JAVA, projectType=PLAIN_GRADLE, scaEnabled=false, sequentialTestRunsEnabled=false, resultPaths=[/var/tmp/testing-dir/**/test-results/test/*.xml], timeoutSeconds=0, assignmentCheckoutPath=null, testCheckoutPath=null, solutionCheckoutPath=null, dockerRunConfig=null], submissionResult=ResultDTO[id=623, completionDate=2025-02-14T23:45:11.319278430Z[Etc/UTC], successful=false, score=0.0, rated=true, submission=SubmissionDTO[id=815, submitted=true, type=MANUAL, exampleSubmission=null, submissionDate=2025-02-14T23:45:11.294386Z, commitHash=a1099e378cffde441ef85f9b12577ca174b8e1e4, buildFailed=true, buildArtifact=false, participation=ParticipationDTO[id=1936, testRun=false, type=programming, submissionCount=null, exercise=ParticipationExerciseDTO[id=2573, exerciseType=PROGRAMMING, type=programming, assessmentType=AUTOMATIC, dueDate=2025-02-16T23:45:10.996982Z, assessmentDueDate=null, maxPoints=42.0, course=CourseDTO[id=956, accuracyOfScores=1]]], submissionExerciseType=programming, isProcessing=false, buildStartDate=null, estimatedCompletionDate=null], participation=ParticipationDTO[id=1936, testRun=false, type=programming, submissionCount=null, exercise=ParticipationExerciseDTO[id=2573, exerciseType=PROGRAMMING, type=programming, assessmentType=AUTOMATIC, dueDate=2025-02-16T23:45:10.996982Z, assessmentDueDate=null, maxPoints=42.0, course=CourseDTO[id=956, accuracyOfScores=1]]], feedbacks=[], assessmentType=AUTOMATIC, hasComplaint=null, exampleResult=null, testCaseCount=0, passedTestCaseCount=0, codeIssueCount=0]], BuildJobQueueItem[id=19351739576711674, name=SHORT9AFDAE3804CA304DDF0889A0CB0F56104A86TSTEXC-BASE, buildAgent=BuildAgentDTO[name=artemis-build-agent-test, memberAddress=[127.0.0.1]:5703, displayName=artemis-build-agent-test], participationId=1935, courseId=956, exerciseId=2573, retryCount=0, priority=2, status=FAILED, repositoryInfo=RepositoryInfo[repositoryName=short9afdae3804ca304ddf0889a0cb0f56104a86tstexc-exercise, repositoryType=exercise, triggeredByPushTo=exercise, assignmentRepositoryUri=http://localhost:49152/git/SHORT9AFDAE3804CA304DDF0889A0CB0F56104A86TSTEXC/short9afdae3804ca304ddf0889a0cb0f56104a86tstexc-exercise.git, testRepositoryUri=http://localhost:49152/git/SHORT9AFDAE3804CA304DDF0889A0CB0F56104A86TSTEXC/short9afdae3804ca304ddf0889a0cb0f56104a86tstexc-tests.git, solutionRepositoryUri=null, auxiliaryRepositoryUris=[Ljava.lang.String;@4a22aa3f, auxiliaryRepositoryCheckoutDirectories=[Ljava.lang.String;@576761e3], jobTimingInfo=JobTimingInfo[submissionDate=2025-02-14T23:45:11.674556681Z[Etc/UTC], buildStartDate=2025-02-14T23:45:11.677776879Z[Etc/UTC], buildCompletionDate=2025-02-14T23:45:11.688097378Z[Etc/UTC], estimatedCompletionDate=2025-02-14T23:45:30.677771620Z[Etc/UTC], estimatedDuration=19], buildConfig=BuildConfig[buildScript=#!/bin/bash
cd /var/tmp/testing-dir
chmod +x ./gradlew
./gradlew clean test
, dockerImage=dummy-docker-image:latest, commitHashToBuild=a1099e378cffde441ef85f9b12577ca174b8e1e4, assignmentCommitHash=a1099e378cffde441ef85f9b12577ca174b8e1e4, testCommitHash=bd38d61c299ab11a1dea82a3ca5493fe04d97d47, branch=main, programmingLanguage=JAVA, projectType=PLAIN_GRADLE, scaEnabled=false, sequentialTestRunsEnabled=false, resultPaths=[/var/tmp/testing-dir/**/test-results/test/*.xml], timeoutSeconds=0, assignmentCheckoutPath=null, testCheckoutPath=null, solutionCheckoutPath=null, dockerRunConfig=null], submissionResult=ResultDTO[id=624, completionDate=2025-02-14T23:45:11.688214837Z[Etc/UTC], successful=false, score=0.0, rated=true, submission=SubmissionDTO[id=816, submitted=true, type=MANUAL, exampleSubmission=null, submissionDate=2025-02-14T23:45:11.656934Z, commitHash=a1099e378cffde441ef85f9b12577ca174b8e1e4, buildFailed=true, buildArtifact=false, participation=ParticipationDTO[id=1935, testRun=false, type=template, submissionCount=null, exercise=ParticipationExerciseDTO[id=2573, exerciseType=PROGRAMMING, type=programming, assessmentType=AUTOMATIC, dueDate=2025-02-16T23:45:10.996982Z, assessmentDueDate=null, maxPoints=42.0, course=CourseDTO[id=956, accuracyOfScores=1]]], submissionExerciseType=programming, isProcessing=false, buildStartDate=null, estimatedCompletionDate=null], participation=ParticipationDTO[id=1935, testRun=false, type=template, submissionCount=null, exercise=ParticipationExerciseDTO[id=2573, exerciseType=PROGRAMMING, type=programming, assessmentType=AUTOMATIC, dueDate=2025-02-16T23:45:10.996982Z, assessmentDueDate=null, maxPoints=42.0, course=CourseDTO[id=956, accuracyOfScores=1]]], feedbacks=[], assessmentType=AUTOMATIC, hasComplaint=null, exampleResult=null, testCaseCount=0, passedTestCaseCount=0, codeIssueCount=0]], BuildJobQueueItem[id=19341739576712112, name=SHORT9AFDAE3804CA304DDF0889A0CB0F56104A86TSTEXC-SOLUTION, buildAgent=BuildAgentDTO[name=artemis-build-agent-test, memberAddress=[127.0.0.1]:5703, displayName=artemis-build-agent-test], participationId=1934, courseId=956, exerciseId=2573, retryCount=0, priority=2, status=FAILED, repositoryInfo=RepositoryInfo[repositoryName=short9afdae3804ca304ddf0889a0cb0f56104a86tstexc-solution, repositoryType=solution, triggeredByPushTo=solution, assignmentRepositoryUri=http://localhost:49152/git/SHORT9AFDAE3804CA304DDF0889A0CB0F56104A86TSTEXC/short9afdae3804ca304ddf0889a0cb0f56104a86tstexc-solution.git, testRepositoryUri=http://localhost:49152/git/SHORT9AFDAE3804CA304DDF0889A0CB0F56104A86TSTEXC/short9afdae3804ca304ddf0889a0cb0f56104a86tstexc-tests.git, solutionRepositoryUri=null, auxiliaryRepositoryUris=[Ljava.lang.String;@538c1a80, auxiliaryRepositoryCheckoutDirectories=[Ljava.lang.String;@3b455f9c], jobTimingInfo=JobTimingInfo[submissionDate=2025-02-14T23:45:12.112332872Z[Etc/UTC], buildStartDate=2025-02-14T23:45:12.121617114Z[Etc/UTC], buildCompletionDate=2025-02-14T23:45:12.127931701Z[Etc/UTC], estimatedCompletionDate=2025-02-14T23:45:31.121609600Z[Etc/UTC], estimatedDuration=19], buildConfig=BuildConfig[buildScript=#!/bin/bash
cd /var/tmp/testing-dir
chmod +x ./gradlew
./gradlew clean test
, dockerImage=dummy-docker-image:latest, commitHashToBuild=a1099e378cffde441ef85f9b12577ca174b8e1e4, assignmentCommitHash=a1099e378cffde441ef85f9b12577ca174b8e1e4, testCommitHash=bd38d61c299ab11a1dea82a3ca5493fe04d97d47, branch=main, programmingLanguage=JAVA, projectType=PLAIN_GRADLE, scaEnabled=false, sequentialTestRunsEnabled=false, resultPaths=[/var/tmp/testing-dir/**/test-results/test/*.xml], timeoutSeconds=0, assignmentCheckoutPath=null, testCheckoutPath=null, solutionCheckoutPath=null, dockerRunConfig=null], submissionResult=ResultDTO[id=625, completionDate=2025-02-14T23:45:12.128011800Z[Etc/UTC], successful=false, score=0.0, rated=true, submission=SubmissionDTO[id=817, submitted=true, type=MANUAL, exampleSubmission=null, submissionDate=2025-02-14T23:45:12.098737Z, commitHash=a1099e378cffde441ef85f9b12577ca174b8e1e4, buildFailed=true, buildArtifact=false, participation=ParticipationDTO[id=1934, testRun=false, type=solution, submissionCount=null, exercise=ParticipationExerciseDTO[id=2573, exerciseType=PROGRAMMING, type=programming, assessmentType=AUTOMATIC, dueDate=2025-02-16T23:45:10.996982Z, assessmentDueDate=null, maxPoints=42.0, course=CourseDTO[id=956, accuracyOfScores=1]]], submissionExerciseType=programming, isProcessing=false, buildStartDate=null, estimatedCompletionDate=null], participation=ParticipationDTO[id=1934, testRun=false, type=solution, submissionCount=null, exercise=ParticipationExerciseDTO[id=2573, exerciseType=PROGRAMMING, type=programming, assessmentType=AUTOMATIC, dueDate=2025-02-16T23:45:10.996982Z, assessmentDueDate=null, maxPoints=42.0, course=CourseDTO[id=956, accuracyOfScores=1]]], feedbacks=[], assessmentType=AUTOMATIC, hasComplaint=null, exampleResult=null, testCaseCount=0, passedTestCaseCount=0, codeIssueCount=0]], BuildJobQueueItem[id=19341739576713025, name=SHORT9AFDAE3804CA304DDF0889A0CB0F56104A86TSTEXC-SOLUTION, buildAgent=BuildAgentDTO[name=artemis-build-agent-test, memberAddress=[127.0.0.1]:5703, displayName=artemis-build-agent-test], participationId=1934, courseId=956, exerciseId=2573, retryCount=0, priority=2, status=FAILED, repositoryInfo=RepositoryInfo[repositoryName=short9afdae3804ca304ddf0889a0cb0f56104a86tstexc-solution, repositoryType=solution, triggeredByPushTo=tests, assignmentRepositoryUri=http://localhost:49152/git/SHORT9AFDAE3804CA304DDF0889A0CB0F56104A86TSTEXC/short9afdae3804ca304ddf0889a0cb0f56104a86tstexc-solution.git, testRepositoryUri=http://localhost:49152/git/SHORT9AFDAE3804CA304DDF0889A0CB0F56104A86TSTEXC/short9afdae3804ca304ddf0889a0cb0f56104a86tstexc-tests.git, solutionRepositoryUri=null, auxiliaryRepositoryUris=[Ljava.lang.String;@64696999, auxiliaryRepositoryCheckoutDirectories=[Ljava.lang.String;@8ed648e], jobTimingInfo=JobTimingInfo[submissionDate=2025-02-14T23:45:13.025319671Z[Etc/UTC], buildStartDate=2025-02-14T23:45:13.040293146Z[Etc/UTC], buildCompletionDate=2025-02-14T23:45:13.053032917Z[Etc/UTC], estimatedCompletionDate=2025-02-14T23:45:32.040285703Z[Etc/UTC], estimatedDuration=19], buildConfig=BuildConfig[buildScript=#!/bin/bash
cd /var/tmp/testing-dir
chmod +x ./gradlew
./gradlew clean test
, dockerImage=dummy-docker-image:latest, commitHashToBuild=784f8f0049d2a1a54f21c67dd772bea86715267a, assignmentCommitHash=a1099e378cffde441ef85f9b12577ca174b8e1e4, testCommitHash=784f8f0049d2a1a54f21c67dd772bea86715267a, branch=main, programmingLanguage=JAVA, projectType=PLAIN_GRADLE, scaEnabled=false, sequentialTestRunsEnabled=false, resultPaths=[/var/tmp/testing-dir/**/test-results/test/*.xml], timeoutSeconds=0, assignmentCheckoutPath=null, testCheckoutPath=null, solutionCheckoutPath=null, dockerRunConfig=null], submissionResult=ResultDTO[id=626, completionDate=2025-02-14T23:45:13.053131811Z[Etc/UTC], successful=false, score=0.0, rated=true, submission=SubmissionDTO[id=818, submitted=true, type=TEST, exampleSubmission=null, submissionDate=2025-02-14T23:45:13.005779Z, commitHash=784f8f0049d2a1a54f21c67dd772bea86715267a, buildFailed=true, buildArtifact=false, participation=ParticipationDTO[id=1934, testRun=false, type=solution, submissionCount=null, exercise=ParticipationExerciseDTO[id=2573, exerciseType=PROGRAMMING, type=programming, assessmentType=AUTOMATIC, dueDate=2025-02-16T23:45:10.996982Z, assessmentDueDate=null, maxPoints=42.0, course=CourseDTO[id=956, accuracyOfScores=1]]], submissionExerciseType=programming, isProcessing=false, buildStartDate=null, estimatedCompletionDate=null], participation=ParticipationDTO[id=1934, testRun=false, type=solution, submissionCount=null, exercise=ParticipationExerciseDTO[id=2573, exerciseType=PROGRAMMING, type=programming, assessmentType=AUTOMATIC, dueDate=2025-02-16T23:45:10.996982Z, assessmentDueDate=null, maxPoints=42.0, course=CourseDTO[id=956, accuracyOfScores=1]]], feedbacks=[], assessmentType=AUTOMATIC, hasComplaint=null, exampleResult=null, testCaseCount=0, passedTestCaseCount=0, codeIssueCount=0]], BuildJobQueueItem[id=19581739576715555, name=SHORTC1A3F9FC03D2304B4308FA20AF16D54AAA49TSTEXC-LOCALVCSSHINTSTUDENT1, buildAgent=BuildAgentDTO[name=artemis-build-agent-test, memberAddress=[127.0.0.1]:5703, displayName=artemis-build-agent-test], participationId=1958, courseId=965, exerciseId=2582, retryCount=0, priority=2, status=FAILED, repositoryInfo=RepositoryInfo[repositoryName=shortc1a3f9fc03d2304b4308fa20af16d54aaa49tstexc-localvcsshintstudent1, repositoryType=user, triggeredByPushTo=user, assignmentRepositoryUri=http://localhost:49152/git/SHORTC1A3F9FC03D2304B4308FA20AF16D54AAA49TSTEXC/shortc1a3f9fc03d2304b4308fa20af16d54aaa49tstexc-localvcsshintstudent1.git, testRepositoryUri=http://localhost:49152/git/SHORTC1A3F9FC03D2304B4308FA20AF16D54AAA49TSTEXC/shortc1a3f9fc03d2304b4308fa20af16d54aaa49tstexc-tests.git, solutionRepositoryUri=null, auxiliaryRepositoryUris=[Ljava.lang.String;@3b062709, auxiliaryRepositoryCheckoutDirectories=[Ljava.lang.String;@2a2e364a], jobTimingInfo=JobTimingInfo[submissionDate=2025-02-14T23:45:15.555989584Z[Etc/UTC], buildStartDate=2025-02-14T23:45:15.568477627Z[Etc/UTC], buildCompletionDate=2025-02-14T23:45:15.579021148Z[Etc/UTC], estimatedCompletionDate=2025-02-14T23:45:34.568443924Z[Etc/UTC], estimatedDuration=19], buildConfig=BuildConfig[buildScript=#!/bin/bash
cd /var/tmp/testing-dir
chmod +x ./gradlew
./gradlew clean test
, dockerImage=dummy-docker-image:latest, commitHashToBuild=ca76dac20e040e6609db02fd7fedd56bf58829d7, assignmentCommitHash=ca76dac20e040e6609db02fd7fedd56bf58829d7, testCommitHash=bd0d58c226dc63bfa4bc9052870589952c0a1f83, branch=main, programmingLanguage=JAVA, projectType=PLAIN_GRADLE, scaEnabled=false, sequentialTestRunsEnabled=false, resultPaths=[/var/tmp/testing-dir/**/test-results/test/*.xml], timeoutSeconds=0, assignmentCheckoutPath=null, testCheckoutPath=null, solutionCheckoutPath=null, dockerRunConfig=null], submissionResult=ResultDTO[id=627, completionDate=2025-02-14T23:45:15.579119131Z[Etc/UTC], successful=false, score=0.0, rated=true, submission=SubmissionDTO[id=820, submitted=true, type=MANUAL, exampleSubmission=null, submissionDate=2025-02-14T23:45:15.548349Z, commitHash=ca76dac20e040e6609db02fd7fedd56bf58829d7, buildFailed=true, buildArtifact=false, participation=ParticipationDTO[id=1958, testRun=false, type=programming, submissionCount=null, exercise=ParticipationExerciseDTO[id=2582, exerciseType=PROGRAMMING, type=programming, assessmentType=AUTOMATIC, dueDate=2025-02-16T23:45:15.103512Z, assessmentDueDate=null, maxPoints=42.0, course=CourseDTO[id=965, accuracyOfScores=1]]], submissionExerciseType=programming, isProcessing=false, buildStartDate=null, estimatedCompletionDate=null], participation=ParticipationDTO[id=1958, testRun=false, type=programming, submissionCount=null, exercise=ParticipationExerciseDTO[id=2582, exerciseType=PROGRAMMING, type=programming, assessmentType=AUTOMATIC, dueDate=2025-02-16T23:45:15.103512Z, assessmentDueDate=null, maxPoints=42.0, course=CourseDTO[id=965, accuracyOfScores=1]]], feedbacks=[], assessmentType=AUTOMATIC, hasComplaint=null, exampleResult=null, testCaseCount=0, passedTestCaseCount=0, codeIssueCount=0]], BuildJobQueueItem[id=19801739576719393, name=SHORTB2A6C58B0D447045380A858075B170A5B7C6TSTEXC-LOCALVCSSHINTSTUDENT1, buildAgent=BuildAgentDTO[name=artemis-build-agent-test, memberAddress=[127.0.0.1]:5703, displayName=artemis-build-agent-test], participationId=1980, courseId=974, exerciseId=2591, retryCount=0, priority=2, status=FAILED, repositoryInfo=RepositoryInfo[repositoryName=shortb2a6c58b0d447045380a858075b170a5b7c6tstexc-localvcsshintstudent1, repositoryType=user, triggeredByPushTo=user, assignmentRepositoryUri=http://localhost:49152/git/SHORTB2A6C58B0D447045380A858075B170A5B7C6TSTEXC/shortb2a6c58b0d447045380a858075b170a5b7c6tstexc-localvcsshintstudent1.git, testRepositoryUri=http://localhost:49152/git/SHORTB2A6C58B0D447045380A858075B170A5B7C6TSTEXC/shortb2a6c58b0d447045380a858075b170a5b7c6tstexc-tests.git, solutionRepositoryUri=null, auxiliaryRepositoryUris=[Ljava.lang.String;@5a4b737, auxiliaryRepositoryCheckoutDirectories=[Ljava.lang.String;@660e7a19], jobTimingInfo=JobTimingInfo[submissionDate=2025-02-14T23:45:19.393259829Z[Etc/UTC], buildStartDate=2025-02-14T23:45:19.405438171Z[Etc/UTC], buildCompletionDate=2025-02-14T23:45:19.414070673Z[Etc/UTC], estimatedCompletionDate=2025-02-14T23:45:38.405431569Z[Etc/UTC], estimatedDuration=19], buildConfig=BuildConfig[buildScript=#!/bin/bash
cd /var/tmp/testing-dir
chmod +x ./gradlew
./gradlew clean test
, dockerImage=dummy-docker-image:latest, commitHashToBuild=363cdbf709a9fff149f813ab848ee800a675cc77, assignmentCommitHash=363cdbf709a9fff149f813ab848ee800a675cc77, testCommitHash=a5e046ece417b2e538f21f816e2524dab61e0d10, branch=main, programmingLanguage=JAVA, projectType=PLAIN_GRADLE, scaEnabled=false, sequentialTestRunsEnabled=false, resultPaths=[/var/tmp/testing-dir/**/test-results/test/*.xml], timeoutSeconds=0, assignmentCheckoutPath=null, testCheckoutPath=null, solutionCheckoutPath=null, dockerRunConfig=null], submissionResult=ResultDTO[id=628, completionDate=2025-02-14T23:45:19.414171040Z[Etc/UTC], successful=false, score=0.0, rated=true, submission=SubmissionDTO[id=821, submitted=true, type=MANUAL, exampleSubmission=null, submissionDate=2025-02-14T23:45:19.376840Z, commitHash=363cdbf709a9fff149f813ab848ee800a675cc77, buildFailed=true, buildArtifact=false, participation=ParticipationDTO[id=1980, testRun=false, type=programming, submissionCount=null, exercise=ParticipationExerciseDTO[id=2591, exerciseType=PROGRAMMING, type=programming, assessmentType=AUTOMATIC, dueDate=2025-02-16T23:45:18.950569Z, assessmentDueDate=null, maxPoints=42.0, course=CourseDTO[id=974, accuracyOfScores=1]]], submissionExerciseType=programming, isProcessing=false, buildStartDate=null, estimatedCompletionDate=null], participation=ParticipationDTO[id=1980, testRun=false, type=programming, submissionCount=null, exercise=ParticipationExerciseDTO[id=2591, exerciseType=PROGRAMMING, type=programming, assessmentType=AUTOMATIC, dueDate=2025-02-16T23:45:18.950569Z, assessmentDueDate=null, maxPoints=42.0, course=CourseDTO[id=974, accuracyOfScores=1]]], feedbacks=[], assessmentType=AUTOMATIC, hasComplaint=null, exampleResult=null, testCaseCount=0, passedTestCaseCount=0, codeIssueCount=0]], BuildJobQueueItem[id=19791739576719787, name=SHORTB2A6C58B0D447045380A858075B170A5B7C6TSTEXC-BASE, buildAgent=BuildAgentDTO[name=artemis-build-agent-test, memberAddress=[127.0.0.1]:5703, displayName=artemis-build-agent-test], participationId=1979, courseId=974, exerciseId=2591, retryCount=0, priority=2, status=FAILED, repositoryInfo=RepositoryInfo[repositoryName=shortb2a6c58b0d447045380a858075b170a5b7c6tstexc-exercise, repositoryType=exercise, triggeredByPushTo=exercise, assignmentRepositoryUri=http://localhost:49152/git/SHORTB2A6C58B0D447045380A858075B170A5B7C6TSTEXC/shortb2a6c58b0d447045380a858075b170a5b7c6tstexc-exercise.git, testRepositoryUri=http://localhost:49152/git/SHORTB2A6C58B0D447045380A858075B170A5B7C6TSTEXC/shortb2a6c58b0d447045380a858075b170a5b7c6tstexc-tests.git, solutionRepositoryUri=null, auxiliaryRepositoryUris=[Ljava.lang.String;@6cba37be, auxiliaryRepositoryCheckoutDirectories=[Ljava.lang.String;@377dc005], jobTimingInfo=JobTimingInfo[submissionDate=2025-02-14T23:45:19.787985058Z[Etc/UTC], buildStartDate=2025-02-14T23:45:19.796327417Z[Etc/UTC], buildCompletionDate=2025-02-14T23:45:19.799750982Z[Etc/UTC], estimatedCompletionDate=2025-02-14T23:45:38.796319082Z[Etc/UTC], estimatedDuration=19], buildConfig=BuildConfig[buildScript=#!/bin/bash
cd /var/tmp/testing-dir
chmod +x ./gradlew
./gradlew clean test
, dockerImage=dummy-docker-image:latest, commitHashToBuild=363cdbf709a9fff149f813ab848ee800a675cc77, assignmentCommitHash=363cdbf709a9fff149f813ab848ee800a675cc77, testCommitHash=a5e046ece417b2e538f21f816e2524dab61e0d10, branch=main, programmingLanguage=JAVA, projectType=PLAIN_GRADLE, scaEnabled=false, sequentialTestRunsEnabled=false, resultPaths=[/var/tmp/testing-dir/**/test-results/test/*.xml], timeoutSeconds=0, assignmentCheckoutPath=null, testCheckoutPath=null, solutionCheckoutPath=null, dockerRunConfig=null], submissionResult=ResultDTO[id=629, completionDate=2025-02-14T23:45:19.799820341Z[Etc/UTC], successful=false, score=0.0, rated=true, submission=SubmissionDTO[id=822, submitted=true, type=MANUAL, exampleSubmission=null, submissionDate=2025-02-14T23:45:19.775952Z, commitHash=363cdbf709a9fff149f813ab848ee800a675cc77, buildFailed=true, buildArtifact=false, participation=ParticipationDTO[id=1979, testRun=false, type=template, submissionCount=null, exercise=ParticipationExerciseDTO[id=2591, exerciseType=PROGRAMMING, type=programming, assessmentType=AUTOMATIC, dueDate=2025-02-16T23:45:18.950569Z, assessmentDueDate=null, maxPoints=42.0, course=CourseDTO[id=974, accuracyOfScores=1]]], submissionExerciseType=programming, isProcessing=false, buildStartDate=null, estimatedCompletionDate=null], participation=ParticipationDTO[id=1979, testRun=false, type=template, submissionCount=null, exercise=ParticipationExerciseDTO[id=2591, exerciseType=PROGRAMMING, type=programming, assessmentType=AUTOMATIC, dueDate=2025-02-16T23:45:18.950569Z, assessmentDueDate=null, maxPoints=42.0, course=CourseDTO[id=974, accuracyOfScores=1]]], feedbacks=[], assessmentType=AUTOMATIC, hasComplaint=null, exampleResult=null, testCaseCount=0, passedTestCaseCount=0, codeIssueCount=0]], BuildJobQueueItem[id=19781739576720235, name=SHORTB2A6C58B0D447045380A858075B170A5B7C6TSTEXC-SOLUTION, buildAgent=BuildAgentDTO[name=artemis-build-agent-test, memberAddress=[127.0.0.1]:5703, displayName=artemis-build-agent-test], participationId=1978, courseId=974, exerciseId=2591, retryCount=0, priority=2, status=FAILED, repositoryInfo=RepositoryInfo[repositoryName=shortb2a6c58b0d447045380a858075b170a5b7c6tstexc-solution, repositoryType=solution, triggeredByPushTo=solution, assignmentRepositoryUri=http://localhost:49152/git/SHORTB2A6C58B0D447045380A858075B170A5B7C6TSTEXC/shortb2a6c58b0d447045380a858075b170a5b7c6tstexc-solution.git, testRepositoryUri=http://localhost:49152/git/SHORTB2A6C58B0D447045380A858075B170A5B7C6TSTEXC/shortb2a6c58b0d447045380a858075b170a5b7c6tstexc-tests.git, solutionRepositoryUri=null, auxiliaryRepositoryUris=[Ljava.lang.String;@17c0d4d2, auxiliaryRepositoryCheckoutDirectories=[Ljava.lang.String;@28baa81], jobTimingInfo=JobTimingInfo[submissionDate=2025-02-14T23:45:20.235272325Z[Etc/UTC], buildStartDate=2025-02-14T23:45:20.243033812Z[Etc/UTC], buildCompletionDate=2025-02-14T23:45:20.250721018Z[Etc/UTC], estimatedCompletionDate=2025-02-14T23:45:39.243026949Z[Etc/UTC], estimatedDuration=19], buildConfig=BuildConfig[buildScript=#!/bin/bash
cd /var/tmp/testing-dir
chmod +x ./gradlew
./gradlew clean test
, dockerImage=dummy-docker-image:latest, commitHashToBuild=c710d0e68c9c7db8cda7d1a278308de2b9642cc0, assignmentCommitHash=c710d0e68c9c7db8cda7d1a278308de2b9642cc0, testCommitHash=a5e046ece417b2e538f21f816e2524dab61e0d10, branch=main, programmingLanguage=JAVA, projectType=PLAIN_GRADLE, scaEnabled=false, sequentialTestRunsEnabled=false, resultPaths=[/var/tmp/testing-dir/**/test-results/test/*.xml], timeoutSeconds=0, assignmentCheckoutPath=null, testCheckoutPath=null, solutionCheckoutPath=null, dockerRunConfig=null], submissionResult=ResultDTO[id=630, completionDate=2025-02-14T23:45:20.250809893Z[Etc/UTC], successful=false, score=0.0, rated=true, submission=SubmissionDTO[id=823, submitted=true, type=MANUAL, exampleSubmission=null, submissionDate=2025-02-14T23:45:20.211707Z, commitHash=c710d0e68c9c7db8cda7d1a278308de2b9642cc0, buildFailed=true, buildArtifact=false, participation=ParticipationDTO[id=1978, testRun=false, type=solution, submissionCount=null, exercise=ParticipationExerciseDTO[id=2591, exerciseType=PROGRAMMING, type=programming, assessmentType=AUTOMATIC, dueDate=2025-02-16T23:45:18.950569Z, assessmentDueDate=null, maxPoints=42.0, course=CourseDTO[id=974, accuracyOfScores=1]]], submissionExerciseType=programming, isProcessing=false, buildStartDate=null, estimatedCompletionDate=null], participation=ParticipationDTO[id=1978, testRun=false, type=solution, submissionCount=null, exercise=ParticipationExerciseDTO[id=2591, exerciseType=PROGRAMMING, type=programming, assessmentType=AUTOMATIC, dueDate=2025-02-16T23:45:18.950569Z, assessmentDueDate=null, maxPoints=42.0, course=CourseDTO[id=974, accuracyOfScores=1]]], feedbacks=[], assessmentType=AUTOMATIC, hasComplaint=null, exampleResult=null, testCaseCount=0, passedTestCaseCount=0, codeIssueCount=0]], BuildJobQueueItem[id=19781739576720802, name=SHORTB2A6C58B0D447045380A858075B170A5B7C6TSTEXC-SOLUTION, buildAgent=BuildAgentDTO[name=artemis-build-agent-test, memberAddress=[127.0.0.1]:5703, displayName=artemis-build-agent-test], participationId=1978, courseId=974, exerciseId=2591, retryCount=0, priority=2, status=FAILED, repositoryInfo=RepositoryInfo[repositoryName=shortb2a6c58b0d447045380a858075b170a5b7c6tstexc-solution, repositoryType=solution, triggeredByPushTo=tests, assignmentRepositoryUri=http://localhost:49152/git/SHORTB2A6C58B0D447045380A858075B170A5B7C6TSTEXC/shortb2a6c58b0d447045380a858075b170a5b7c6tstexc-solution.git, testRepositoryUri=http://localhost:49152/git/SHORTB2A6C58B0D447045380A858075B170A5B7C6TSTEXC/shortb2a6c58b0d447045380a858075b170a5b7c6tstexc-tests.git, solutionRepositoryUri=null, auxiliaryRepositoryUris=[Ljava.lang.String;@3f316aa9, auxiliaryRepositoryCheckoutDirectories=[Ljava.lang.String;@6695e8a2], jobTimingInfo=JobTimingInfo[submissionDate=2025-02-14T23:45:20.802935026Z[Etc/UTC], buildStartDate=2025-02-14T23:45:20.809306435Z[Etc/UTC], buildCompletionDate=2025-02-14T23:45:20.822452342Z[Etc/UTC], estimatedCompletionDate=2025-02-14T23:45:39.809298491Z[Etc/UTC], estimatedDuration=19], buildConfig=BuildConfig[buildScript=#!/bin/bash
cd /var/tmp/testing-dir
chmod +x ./gradlew
./gradlew clean test
, dockerImage=dummy-docker-image:latest, commitHashToBuild=c710d0e68c9c7db8cda7d1a278308de2b9642cc0, assignmentCommitHash=c710d0e68c9c7db8cda7d1a278308de2b9642cc0, testCommitHash=c710d0e68c9c7db8cda7d1a278308de2b9642cc0, branch=main, programmingLanguage=JAVA, projectType=PLAIN_GRADLE, scaEnabled=false, sequentialTestRunsEnabled=false, resultPaths=[/var/tmp/testing-dir/**/test-results/test/*.xml], timeoutSeconds=0, assignmentCheckoutPath=null, testCheckoutPath=null, solutionCheckoutPath=null, dockerRunConfig=null], submissionResult=ResultDTO[id=631, completionDate=2025-02-14T23:45:20.822527362Z[Etc/UTC], successful=false, score=0.0, rated=true, submission=SubmissionDTO[id=824, submitted=true, type=TEST, exampleSubmission=null, submissionDate=2025-02-14T23:45:20.791240Z, commitHash=c710d0e68c9c7db8cda7d1a278308de2b9642cc0, buildFailed=true, buildArtifact=false, participation=ParticipationDTO[id=1978, testRun=false, type=solution, submissionCount=null, exercise=ParticipationExerciseDTO[id=2591, exerciseType=PROGRAMMING, type=programming, assessmentType=AUTOMATIC, dueDate=2025-02-16T23:45:18.950569Z, assessmentDueDate=null, maxPoints=42.0, course=CourseDTO[id=974, accuracyOfScores=1]]], submissionExerciseType=programming, isProcessing=false, buildStartDate=null, estimatedCompletionDate=null], participation=ParticipationDTO[id=1978, testRun=false, type=solution, submissionCount=null, exercise=ParticipationExerciseDTO[id=2591, exerciseType=PROGRAMMING, type=programming, assessmentType=AUTOMATIC, dueDate=2025-02-16T23:45:18.950569Z, assessmentDueDate=null, maxPoints=42.0, course=CourseDTO[id=974, accuracyOfScores=1]]], feedbacks=[], assessmentType=AUTOMATIC, hasComplaint=null, exampleResult=null, testCaseCount=0, passedTestCaseCount=0, codeIssueCount=0]], BuildJobQueueItem[id=20061739576732554, name=SHORT94A899E303D7504C5D0840704DAAFA3DFF4DTSTEXC-LOCALVCCIINTINSTRUCTOR1, buildAgent=BuildAgentDTO[name=artemis-build-agent-test, memberAddress=[127.0.0.1]:5703, displayName=artemis-build-agent-test], participationId=2006, courseId=984, exerciseId=2601, retryCount=0, priority=2, status=SUCCESSFUL, repositoryInfo=RepositoryInfo[repositoryName=short94a899e303d7504c5d0840704daafa3dff4dtstexc-localvcciintinstructor1, repositoryType=user, triggeredByPushTo=user, assignmentRepositoryUri=http://localhost:49152/git/SHORT94A899E303D7504C5D0840704DAAFA3DFF4DTSTEXC/short94a899e303d7504c5d0840704daafa3dff4dtstexc-localvcciintinstructor1.git, testRepositoryUri=http://localhost:49152/git/SHORT94A899E303D7504C5D0840704DAAFA3DFF4DTSTEXC/short94a899e303d7504c5d0840704daafa3dff4dtstexc-tests.git, solutionRepositoryUri=null, auxiliaryRepositoryUris=[Ljava.lang.String;@7762c6e6, auxiliaryRepositoryCheckoutDirectories=[Ljava.lang.String;@28e2a529], jobTimingInfo=JobTimingInfo[submissionDate=2025-02-14T23:45:32.554795798Z[Etc/UTC], buildStartDate=2025-02-14T23:45:32.567287465Z[Etc/UTC], buildCompletionDate=2025-02-14T23:45:34.535226768Z[Etc/UTC], estimatedCompletionDate=2025-02-14T23:45:51.567257960Z[Etc/UTC], estimatedDuration=19], buildConfig=BuildConfig[buildScript=#!/bin/bash
cd /var/tmp/testing-dir
chmod +x ./gradlew
./gradlew clean test
, dockerImage=dummy-docker-image:latest, commitHashToBuild=ca2dbc0ae87edf7035058a6a17c0ea60e90a290f, assignmentCommitHash=ca2dbc0ae87edf7035058a6a17c0ea60e90a290f, testCommitHash=0207f6f98af5fbb66ad68455f3fc3cf128af8ae9, branch=main, programmingLanguage=JAVA, projectType=PLAIN_GRADLE, scaEnabled=false, sequentialTestRunsEnabled=false, resultPaths=[/var/tmp/testing-dir/**/test-results/test/*.xml], timeoutSeconds=0, assignmentCheckoutPath=null, testCheckoutPath=null, solutionCheckoutPath=null, dockerRunConfig=null], submissionResult=ResultDTO[id=632, completionDate=2025-02-14T23:45:34.504415716Z[Etc/UTC], successful=false, score=7.7, rated=false, submission=SubmissionDTO[id=826, submitted=true, type=MANUAL, exampleSubmission=null, submissionDate=2025-02-14T23:45:32.541533Z, commitHash=ca2dbc0ae87edf7035058a6a17c0ea60e90a290f, buildFailed=false, buildArtifact=false, participation=ParticipationDTO[id=2006, testRun=true, type=programming, submissionCount=null, exercise=ParticipationExerciseDTO[id=2601, exerciseType=PROGRAMMING, type=programming, assessmentType=AUTOMATIC, dueDate=2025-02-16T23:45:31.864042Z, assessmentDueDate=null, maxPoints=42.0, course=CourseDTO[id=984, accuracyOfScores=1]]], submissionExerciseType=programming, isProcessing=false, buildStartDate=null, estimatedCompletionDate=null], participation=ParticipationDTO[id=2006, testRun=true, type=programming, submissionCount=null, exercise=ParticipationExerciseDTO[id=2601, exerciseType=PROGRAMMING, type=programming, assessmentType=AUTOMATIC, dueDate=2025-02-16T23:45:31.864042Z, assessmentDueDate=null, maxPoints=42.0, course=CourseDTO[id=984, accuracyOfScores=1]]], feedbacks=[FeedbackDTO[id=920, text=null, detailText=The exercise expects a class with the name Context in the package testpackage. You did not implement the class in the exercise., hasLongFeedbackText=false, reference=null, credits=0.0, positive=false, type=AUTOMATIC, visibility=ALWAYS, testCase=TestCaseDTO[testName=null, id=1357]], FeedbackDTO[id=921, text=null, detailText=The exercise expects a class with the name Policy in the package testpackage. You did not implement the class in the exercise., hasLongFeedbackText=false, reference=null, credits=0.0, positive=false, type=AUTOMATIC, visibility=ALWAYS, testCase=TestCaseDTO[testName=null, id=1358]], FeedbackDTO[id=922, text=null, detailText=The exercise expects a class with the name SortStrategy in the package testpackage. You did not implement the class in the exercise., hasLongFeedbackText=false, reference=null, credits=0.0, positive=false, type=AUTOMATIC, visibility=ALWAYS, testCase=TestCaseDTO[testName=null, id=1359]], FeedbackDTO[id=923, text=null, detailText=The class 'MergeSort' does not implement the interface 'SortStrategy' as expected. Implement the interface and its methods., hasLongFeedbackText=false, reference=null, credits=0.0, positive=false, type=AUTOMATIC, visibility=ALWAYS, testCase=TestCaseDTO[testName=null, id=1354]], FeedbackDTO[id=924, text=null, detailText=The exercise expects a class with the name SortStrategy in the package testpackage. You did not implement the class in the exercise., hasLongFeedbackText=false, reference=null, credits=0.0, positive=false, type=AUTOMATIC, visibility=ALWAYS, testCase=TestCaseDTO[testName=null, id=1351]], FeedbackDTO[id=925, text=null, detailText=The class 'BubbleSort' does not implement the interface 'SortStrategy' as expected. Implement the interface and its methods., hasLongFeedbackText=false, reference=null, credits=0.0, positive=false, type=AUTOMATIC, visibility=ALWAYS, testCase=TestCaseDTO[testName=null, id=1355]], FeedbackDTO[id=926, text=null, detailText=MergeSort does not sort correctly, hasLongFeedbackText=false, reference=null, credits=0.0, positive=false, type=AUTOMATIC, visibility=ALWAYS, testCase=TestCaseDTO[testName=null, id=1360]], FeedbackDTO[id=927, text=null, detailText=The class 'Context' was not found within the submission. Make sure to implement it properly., hasLongFeedbackText=false, reference=null, credits=0.0, positive=false, type=AUTOMATIC, visibility=ALWAYS, testCase=TestCaseDTO[testName=null, id=1361]], FeedbackDTO[id=928, text=null, detailText=The class 'Context' was not found within the submission. Make sure to implement it properly., hasLongFeedbackText=false, reference=null, credits=0.0, positive=false, type=AUTOMATIC, visibility=ALWAYS, testCase=TestCaseDTO[testName=null, id=1362]], FeedbackDTO[id=929, text=null, detailText=The exercise expects a class with the name Policy in the package testpackage. You did not implement the class in the exercise., hasLongFeedbackText=false, reference=null, credits=0.0, positive=false, type=AUTOMATIC, visibility=ALWAYS, testCase=TestCaseDTO[testName=null, id=1356]], FeedbackDTO[id=930, text=null, detailText=The exercise expects a class with the name Context in the package testpackage. You did not implement the class in the exercise., hasLongFeedbackText=false, reference=null, credits=0.0, positive=false, type=AUTOMATIC, visibility=ALWAYS, testCase=TestCaseDTO[testName=null, id=1352]], FeedbackDTO[id=931, text=null, detailText=The exercise expects a class with the name Policy in the package testpackage. You did not implement the class in the exercise., hasLongFeedbackText=false, reference=null, credits=0.0, positive=false, type=AUTOMATIC, visibility=ALWAYS, testCase=TestCaseDTO[testName=null, id=1353]], FeedbackDTO[id=932, text=null, detailText=null, hasLongFeedbackText=false, reference=null, credits=3.230769230769231, positive=true, type=AUTOMATIC, visibility=ALWAYS, testCase=TestCaseDTO[testName=null, id=1363]]], assessmentType=AUTOMATIC, hasComplaint=null, exampleResult=null, testCaseCount=13, passedTestCaseCount=1, codeIssueCount=0]], BuildJobQueueItem[id=20111739576737317, name=SHORTD49A6DAE04F9E049850BD5601663FD17A5B7TSTEXC-BASE, buildAgent=BuildAgentDTO[name=artemis-build-agent-test, memberAddress=[127.0.0.1]:5703, displayName=artemis-build-agent-test], participationId=2011, courseId=986, exerciseId=2603, retryCount=0, priority=2, status=SUCCESSFUL, repositoryInfo=RepositoryInfo[repositoryName=shortd49a6dae04f9e049850bd5601663fd17a5b7tstexc-exercise, repositoryType=exercise, triggeredByPushTo=exercise, assignmentRepositoryUri=http://localhost:49152/git/SHORTD49A6DAE04F9E049850BD5601663FD17A5B7TSTEXC/shortd49a6dae04f9e049850bd5601663fd17a5b7tstexc-exercise.git, testRepositoryUri=http://localhost:49152/git/SHORTD49A6DAE04F9E049850BD5601663FD17A5B7TSTEXC/shortd49a6dae04f9e049850bd5601663fd17a5b7tstexc-tests.git, solutionRepositoryUri=null, auxiliaryRepositoryUris=[Ljava.lang.String;@1cb2f6be, auxiliaryRepositoryCheckoutDirectories=[Ljava.lang.String;@55abcd72], jobTimingInfo=JobTimingInfo[submissionDate=2025-02-14T23:45:37.317968648Z[Etc/UTC], buildStartDate=2025-02-14T23:45:37.324534774Z[Etc/UTC], buildCompletionDate=2025-02-14T23:45:38.527225461Z[Etc/UTC], estimatedCompletionDate=2025-02-14T23:45:56.324506331Z[Etc/UTC], estimatedDuration=19], buildConfig=BuildConfig[buildScript=#!/bin/bash
cd /var/tmp/testing-dir
chmod +x ./gradlew
./gradlew clean test
, dockerImage=dummy-docker-image:latest, commitHashToBuild=c795243c185829bbefa399f45dcbcfac22311b2f, assignmentCommitHash=c795243c185829bbefa399f45dcbcfac22311b2f, testCommitHash=fa8b162170bf767d852e05e0eb7a128efa2e1f34, branch=main, programmingLanguage=JAVA, projectType=PLAIN_GRADLE, scaEnabled=false, sequentialTestRunsEnabled=false, resultPaths=[/var/tmp/testing-dir/**/test-results/test/*.xml], timeoutSeconds=0, assignmentCheckoutPath=null, testCheckoutPath=null, solutionCheckoutPath=null, dockerRunConfig=null], submissionResult=ResultDTO[id=633, completionDate=2025-02-14T23:45:38.476795726Z[Etc/UTC], successful=false, score=0.0, rated=true, submission=SubmissionDTO[id=827, submitted=true, type=MANUAL, exampleSubmission=null, submissionDate=2025-02-14T23:45:37.303401Z, commitHash=c795243c185829bbefa399f45dcbcfac22311b2f, buildFailed=false, buildArtifact=false, participation=ParticipationDTO[id=2011, testRun=false, type=template, submissionCount=null, exercise=ParticipationExerciseDTO[id=2603, exerciseType=PROGRAMMING, type=programming, assessmentType=AUTOMATIC, dueDate=2025-02-16T23:45:36.830269Z, assessmentDueDate=null, maxPoints=42.0, course=CourseDTO[id=986, accuracyOfScores=1]]], submissionExerciseType=programming, isProcessing=false, buildStartDate=null, estimatedCompletionDate=null], participation=ParticipationDTO[id=2011, testRun=false, type=template, submissionCount=null, exercise=ParticipationExerciseDTO[id=2603, exerciseType=PROGRAMMING, type=programming, assessmentType=AUTOMATIC, dueDate=2025-02-16T23:45:36.830269Z, assessmentDueDate=null, maxPoints=42.0, course=CourseDTO[id=986, accuracyOfScores=1]]], feedbacks=[FeedbackDTO[id=933, text=null, detailText=The exercise expects a class with the name Context in the package testpackage. You did not implement the class in the exercise., hasLongFeedbackText=false, reference=null, credits=0.0, positive=false, type=AUTOMATIC, visibility=ALWAYS, testCase=TestCaseDTO[testName=testMethods[Context], id=1383]], FeedbackDTO[id=934, text=null, detailText=The exercise expects a class with the name Policy in the package testpackage. You did not implement the class in the exercise., hasLongFeedbackText=false, reference=null, credits=0.0, positive=false, type=AUTOMATIC, visibility=ALWAYS, testCase=TestCaseDTO[testName=testMethods[Policy], id=1384]], FeedbackDTO[id=935, text=null, detailText=The exercise expects a class with the name SortStrategy in the package testpackage. You did not implement the class in the exercise., hasLongFeedbackText=false, reference=null, credits=0.0, positive=false, type=AUTOMATIC, visibility=ALWAYS, testCase=TestCaseDTO[testName=testMethods[SortStrategy], id=1385]], FeedbackDTO[id=936, text=null, detailText=The class 'MergeSort' does not implement the interface 'SortStrategy' as expected. Implement the interface and its methods., hasLongFeedbackText=false, reference=null, credits=0.0, positive=false, type=AUTOMATIC, visibility=ALWAYS, testCase=TestCaseDTO[testName=testClass[MergeSort], id=1380]], FeedbackDTO[id=937, text=null, detailText=The exercise expects a class with the name SortStrategy in the package testpackage. You did not implement the class in the exercise., hasLongFeedbackText=false, reference=null, credits=0.0, positive=false, type=AUTOMATIC, visibility=ALWAYS, testCase=TestCaseDTO[testName=testClass[SortStrategy], id=1377]], FeedbackDTO[id=938, text=null, detailText=The class 'BubbleSort' does not implement the interface 'SortStrategy' as expected. Implement the interface and its methods., hasLongFeedbackText=false, reference=null, credits=0.0, positive=false, type=AUTOMATIC, visibility=ALWAYS, testCase=TestCaseDTO[testName=testClass[BubbleSort], id=1381]], FeedbackDTO[id=939, text=null, detailText=MergeSort does not sort correctly, hasLongFeedbackText=false, reference=null, credits=0.0, positive=false, type=AUTOMATIC, visibility=ALWAYS, testCase=TestCaseDTO[testName=testMergeSort(), id=1386]], FeedbackDTO[id=940, text=null, detailText=The class 'Context' was not found within the submission. Make sure to implement it properly., hasLongFeedbackText=false, reference=null, credits=0.0, positive=false, type=AUTOMATIC, visibility=ALWAYS, testCase=TestCaseDTO[testName=testUseBubbleSortForSmallList(), id=1387]], FeedbackDTO[id=941, text=null, detailText=BubbleSort does not sort correctly, hasLongFeedbackText=false, reference=null, credits=0.0, positive=false, type=AUTOMATIC, visibility=ALWAYS, testCase=TestCaseDTO[testName=testBubbleSort(), id=1389]], FeedbackDTO[id=942, text=null, detailText=The class 'Context' was not found within the submission. Make sure to implement it properly., hasLongFeedbackText=false, reference=null, credits=0.0, positive=false, type=AUTOMATIC, visibility=ALWAYS, testCase=TestCaseDTO[testName=testUseMergeSortForBigList(), id=1388]], FeedbackDTO[id=943, text=null, detailText=The exercise expects a class with the name Policy in the package testpackage. You did not implement the class in the exercise., hasLongFeedbackText=false, reference=null, credits=0.0, positive=false, type=AUTOMATIC, visibility=ALWAYS, testCase=TestCaseDTO[testName=testConstructors[Policy], id=1382]], FeedbackDTO[id=944, text=null, detailText=The exercise expects a class with the name Context in the package testpackage. You did not implement the class in the exercise., hasLongFeedbackText=false, reference=null, credits=0.0, positive=false, type=AUTOMATIC, visibility=ALWAYS, testCase=TestCaseDTO[testName=testAttributes[Context], id=1378]], FeedbackDTO[id=945, text=null, detailText=The exercise expects a class with the name Policy in the package testpackage. You did not implement the class in the exercise., hasLongFeedbackText=false, reference=null, credits=0.0, positive=false, type=AUTOMATIC, visibility=ALWAYS, testCase=TestCaseDTO[testName=testAttributes[Policy], id=1379]]], assessmentType=AUTOMATIC, hasComplaint=null, exampleResult=null, testCaseCount=13, passedTestCaseCount=0, codeIssueCount=0]], BuildJobQueueItem[id=20171739576740018, name=SHORT7914AFA00ADC3047140B99D01AC07810CE44TSTEXC-LOCALVCCIINTSTUDENT1, buildAgent=BuildAgentDTO[name=artemis-build-agent-test, memberAddress=[127.0.0.1]:5703, displayName=artemis-build-agent-test], participationId=2017, courseId=988, exerciseId=2605, retryCount=0, priority=2, status=SUCCESSFUL, repositoryInfo=RepositoryInfo[repositoryName=short7914afa00adc3047140b99d01ac07810ce44tstexc-practice-localvcciintstudent1, repositoryType=user, triggeredByPushTo=user, assignmentRepositoryUri=http://localhost:49152/git/SHORT7914AFA00ADC3047140B99D01AC07810CE44TSTEXC/short7914afa00adc3047140b99d01ac07810ce44tstexc-practice-localvcciintstudent1.git, testRepositoryUri=http://localhost:49152/git/SHORT7914AFA00ADC3047140B99D01AC07810CE44TSTEXC/short7914afa00adc3047140b99d01ac07810ce44tstexc-tests.git, solutionRepositoryUri=null, auxiliaryRepositoryUris=[Ljava.lang.String;@341f64d7, auxiliaryRepositoryCheckoutDirectories=[Ljava.lang.String;@9695490], jobTimingInfo=JobTimingInfo[submissionDate=2025-02-14T23:45:40.018961253Z[Etc/UTC], buildStartDate=2025-02-14T23:45:40.029742701Z[Etc/UTC], buildCompletionDate=2025-02-14T23:45:41.150208242Z[Etc/UTC], estimatedCompletionDate=2025-02-14T23:45:59.029734065Z[Etc/UTC], estimatedDuration=19], buildConfig=BuildConfig[buildScript=#!/bin/bash
cd /var/tmp/testing-dir
chmod +x ./gradlew
./gradlew clean test
, dockerImage=dummy-docker-image:latest, commitHashToBuild=d80b57877989b971e83ccdb4863c8a7023c76266, assignmentCommitHash=d80b57877989b971e83ccdb4863c8a7023c76266, testCommitHash=327b116890c92b1312314341f43f21ef13ecf7d7, branch=main, programmingLanguage=JAVA, projectType=PLAIN_GRADLE, scaEnabled=false, sequentialTestRunsEnabled=false, resultPaths=[/var/tmp/testing-dir/**/test-results/test/*.xml], timeoutSeconds=0, assignmentCheckoutPath=null, testCheckoutPath=null, solutionCheckoutPath=null, dockerRunConfig=null], submissionResult=ResultDTO[id=634, completionDate=2025-02-14T23:45:41.120192603Z[Etc/UTC], successful=false, score=7.7, rated=false, submission=SubmissionDTO[id=828, submitted=true, type=MANUAL, exampleSubmission=null, submissionDate=2025-02-14T23:45:40.008666Z, commitHash=d80b57877989b971e83ccdb4863c8a7023c76266, buildFailed=false, buildArtifact=false, participation=ParticipationDTO[id=2017, testRun=true, type=programming, submissionCount=null, exercise=ParticipationExerciseDTO[id=2605, exerciseType=PROGRAMMING, type=programming, assessmentType=AUTOMATIC, dueDate=2025-02-16T23:45:39.523500Z, assessmentDueDate=null, maxPoints=42.0, course=CourseDTO[id=988, accuracyOfScores=1]]], submissionExerciseType=programming, isProcessing=false, buildStartDate=null, estimatedCompletionDate=null], participation=ParticipationDTO[id=2017, testRun=true, type=programming, submissionCount=null, exercise=ParticipationExerciseDTO[id=2605, exerciseType=PROGRAMMING, type=programming, assessmentType=AUTOMATIC, dueDate=2025-02-16T23:45:39.523500Z, assessmentDueDate=null, maxPoints=42.0, course=CourseDTO[id=988, accuracyOfScores=1]]], feedbacks=[FeedbackDTO[id=946, text=null, detailText=The exercise expects a class with the name Context in the package testpackage. You did not implement the class in the exercise., hasLongFeedbackText=false, reference=null, credits=0.0, positive=false, type=AUTOMATIC, visibility=ALWAYS, testCase=TestCaseDTO[testName=null, id=1409]], FeedbackDTO[id=947, text=null, detailText=The exercise expects a class with the name Policy in the package testpackage. You did not implement the class in the exercise., hasLongFeedbackText=false, reference=null, credits=0.0, positive=false, type=AUTOMATIC, visibility=ALWAYS, testCase=TestCaseDTO[testName=null, id=1410]], FeedbackDTO[id=948, text=null, detailText=The exercise expects a class with the name SortStrategy in the package testpackage. You did not implement the class in the exercise., hasLongFeedbackText=false, reference=null, credits=0.0, positive=false, type=AUTOMATIC, visibility=ALWAYS, testCase=TestCaseDTO[testName=null, id=1411]], FeedbackDTO[id=949, text=null, detailText=The class 'MergeSort' does not implement the interface 'SortStrategy' as expected. Implement the interface and its methods., hasLongFeedbackText=false, reference=null, credits=0.0, positive=false, type=AUTOMATIC, visibility=ALWAYS, testCase=TestCaseDTO[testName=null, id=1406]], FeedbackDTO[id=950, text=null, detailText=The exercise expects a class with the name SortStrategy in the package testpackage. You did not implement the class in the exercise., hasLongFeedbackText=false, reference=null, credits=0.0, positive=false, type=AUTOMATIC, visibility=ALWAYS, testCase=TestCaseDTO[testName=null, id=1403]], FeedbackDTO[id=951, text=null, detailText=The class 'BubbleSort' does not implement the interface 'SortStrategy' as expected. Implement the interface and its methods., hasLongFeedbackText=false, reference=null, credits=0.0, positive=false, type=AUTOMATIC, visibility=ALWAYS, testCase=TestCaseDTO[testName=null, id=1407]], FeedbackDTO[id=952, text=null, detailText=MergeSort does not sort correctly, hasLongFeedbackText=false, reference=null, credits=0.0, positive=false, type=AUTOMATIC, visibility=ALWAYS, testCase=TestCaseDTO[testName=null, id=1412]], FeedbackDTO[id=953, text=null, detailText=The class 'Context' was not found within the submission. Make sure to implement it properly., hasLongFeedbackText=false, reference=null, credits=0.0, positive=false, type=AUTOMATIC, visibility=ALWAYS, testCase=TestCaseDTO[testName=null, id=1413]], FeedbackDTO[id=954, text=null, detailText=The class 'Context' was not found within the submission. Make sure to implement it properly., hasLongFeedbackText=false, reference=null, credits=0.0, positive=false, type=AUTOMATIC, visibility=ALWAYS, testCase=TestCaseDTO[testName=null, id=1414]], FeedbackDTO[id=955, text=null, detailText=The exercise expects a class with the name Policy in the package testpackage. You did not implement the class in the exercise., hasLongFeedbackText=false, reference=null, credits=0.0, positive=false, type=AUTOMATIC, visibility=ALWAYS, testCase=TestCaseDTO[testName=null, id=1408]], FeedbackDTO[id=956, text=null, detailText=The exercise expects a class with the name Context in the package testpackage. You did not implement the class in the exercise., hasLongFeedbackText=false, reference=null, credits=0.0, positive=false, type=AUTOMATIC, visibility=ALWAYS, testCase=TestCaseDTO[testName=null, id=1404]], FeedbackDTO[id=957, text=null, detailText=The exercise expects a class with the name Policy in the package testpackage. You did not implement the class in the exercise., hasLongFeedbackText=false, reference=null, credits=0.0, positive=false, type=AUTOMATIC, visibility=ALWAYS, testCase=TestCaseDTO[testName=null, id=1405]], FeedbackDTO[id=958, text=null, detailText=null, hasLongFeedbackText=false, reference=null, credits=3.230769230769231, positive=true, type=AUTOMATIC, visibility=ALWAYS, testCase=TestCaseDTO[testName=null, id=1415]]], assessmentType=AUTOMATIC, hasComplaint=null, exampleResult=null, testCaseCount=13, passedTestCaseCount=1, codeIssueCount=0]], BuildJobQueueItem[id=20261739576743984, name=SHORT53C73BE505404043100AC2F00C039353CE8FTSTEXC-LOCALVCCIINTSTUDENT1, buildAgent=BuildAgentDTO[name=artemis-build-agent-test, memberAddress=[127.0.0.1]:5703, displayName=artemis-build-agent-test], participationId=2026, courseId=991, exerciseId=2608, retryCount=0, priority=1, status=SUCCESSFUL, repositoryInfo=RepositoryInfo[repositoryName=short53c73be505404043100ac2f00c039353ce8ftstexc-localvcciintstudent1, repositoryType=user, triggeredByPushTo=user, assignmentRepositoryUri=http://localhost:49152/git/SHORT53C73BE505404043100AC2F00C039353CE8FTSTEXC/short53c73be505404043100ac2f00c039353ce8ftstexc-localvcciintstudent1.git, testRepositoryUri=http://localhost:49152/git/SHORT53C73BE505404043100AC2F00C039353CE8FTSTEXC/short53c73be505404043100ac2f00c039353ce8ftstexc-tests.git, solutionRepositoryUri=null, auxiliaryRepositoryUris=[Ljava.lang.String;@2655405, auxiliaryRepositoryCheckoutDirectories=[Ljava.lang.String;@9aec966], jobTimingInfo=JobTimingInfo[submissionDate=2025-02-14T23:45:43.984518859Z[Etc/UTC], buildStartDate=2025-02-14T23:45:43.991385682Z[Etc/UTC], buildCompletionDate=2025-02-14T23:45:44.982059928Z[Etc/UTC], estimatedCompletionDate=2025-02-14T23:46:02.991380122Z[Etc/UTC], estimatedDuration=19], buildConfig=BuildConfig[buildScript=#!/bin/bash
cd /var/tmp/testing-dir
chmod +x ./gradlew
./gradlew clean test
, dockerImage=dummy-docker-image:latest, commitHashToBuild=3e90ae9fef2e44ffb41451a080bdaa6a44ad6848, assignmentCommitHash=3e90ae9fef2e44ffb41451a080bdaa6a44ad6848, testCommitHash=0582754c87aae13e640312855ce7dbe490ecb50c, branch=main, programmingLanguage=JAVA, projectType=PLAIN_GRADLE, scaEnabled=false, sequentialTestRunsEnabled=false, resultPaths=[/var/tmp/testing-dir/**/test-results/test/*.xml], timeoutSeconds=0, assignmentCheckoutPath=null, testCheckoutPath=null, solutionCheckoutPath=null, dockerRunConfig=null], submissionResult=ResultDTO[id=635, completionDate=2025-02-14T23:45:44.961313737Z[Etc/UTC], successful=false, score=7.7, rated=true, submission=SubmissionDTO[id=829, submitted=true, type=MANUAL, exampleSubmission=null, submissionDate=2025-02-14T23:45:43.967766Z, commitHash=3e90ae9fef2e44ffb41451a080bdaa6a44ad6848, buildFailed=false, buildArtifact=false, participation=ParticipationDTO[id=2026, testRun=false, type=programming, submissionCount=null, exercise=ParticipationExerciseDTO[id=2608, exerciseType=PROGRAMMING, type=programming, assessmentType=AUTOMATIC, dueDate=2025-02-16T23:45:43.597978Z, assessmentDueDate=null, maxPoints=42.0, course=CourseDTO[id=991, accuracyOfScores=1]]], submissionExerciseType=programming, isProcessing=false, buildStartDate=null, estimatedCompletionDate=null], participation=ParticipationDTO[id=2026, testRun=false, type=programming, submissionCount=null, exercise=ParticipationExerciseDTO[id=2608, exerciseType=PROGRAMMING, type=programming, assessmentType=AUTOMATIC, dueDate=2025-02-16T23:45:43.597978Z, assessmentDueDate=null, maxPoints=42.0, course=CourseDTO[id=991, accuracyOfScores=1]]], feedbacks=[FeedbackDTO[id=959, text=null, detailText=The exercise expects a class with the name Context in the package testpackage. You did not implement the class in the exercise., hasLongFeedbackText=false, reference=null, credits=0.0, positive=false, type=AUTOMATIC, visibility=ALWAYS, testCase=TestCaseDTO[testName=null, id=1448]], FeedbackDTO[id=960, text=null, detailText=The exercise expects a class with the name Policy in the package testpackage. You did not implement the class in the exercise., hasLongFeedbackText=false, reference=null, credits=0.0, positive=false, type=AUTOMATIC, visibility=ALWAYS, testCase=TestCaseDTO[testName=null, id=1449]], FeedbackDTO[id=961, text=null, detailText=The exercise expects a class with the name SortStrategy in the package testpackage. You did not implement the class in the exercise., hasLongFeedbackText=false, reference=null, credits=0.0, positive=false, type=AUTOMATIC, visibility=ALWAYS, testCase=TestCaseDTO[testName=null, id=1450]], FeedbackDTO[id=962, text=null, detailText=The class 'MergeSort' does not implement the interface 'SortStrategy' as expected. Implement the interface and its methods., hasLongFeedbackText=false, reference=null, credits=0.0, positive=false, type=AUTOMATIC, visibility=ALWAYS, testCase=TestCaseDTO[testName=null, id=1445]], FeedbackDTO[id=963, text=null, detailText=The exercise expects a class with the name SortStrategy in the package testpackage. You did not implement the class in the exercise., hasLongFeedbackText=false, reference=null, credits=0.0, positive=false, type=AUTOMATIC, visibility=ALWAYS, testCase=TestCaseDTO[testName=null, id=1442]], FeedbackDTO[id=964, text=null, detailText=The class 'BubbleSort' does not implement the interface 'SortStrategy' as expected. Implement the interface and its methods., hasLongFeedbackText=false, reference=null, credits=0.0, positive=false, type=AUTOMATIC, visibility=ALWAYS, testCase=TestCaseDTO[testName=null, id=1446]], FeedbackDTO[id=965, text=null, detailText=MergeSort does not sort correctly, hasLongFeedbackText=false, reference=null, credits=0.0, positive=false, type=AUTOMATIC, visibility=ALWAYS, testCase=TestCaseDTO[testName=null, id=1451]], FeedbackDTO[id=966, text=null, detailText=The class 'Context' was not found within the submission. Make sure to implement it properly., hasLongFeedbackText=false, reference=null, credits=0.0, positive=false, type=AUTOMATIC, visibility=ALWAYS, testCase=TestCaseDTO[testName=null, id=1452]], FeedbackDTO[id=967, text=null, detailText=The class 'Context' was not found within the submission. Make sure to implement it properly., hasLongFeedbackText=false, reference=null, credits=0.0, positive=false, type=AUTOMATIC, visibility=ALWAYS, testCase=TestCaseDTO[testName=null, id=1453]], FeedbackDTO[id=968, text=null, detailText=The exercise expects a class with the name Policy in the package testpackage. You did not implement the class in the exercise., hasLongFeedbackText=false, reference=null, credits=0.0, positive=false, type=AUTOMATIC, visibility=ALWAYS, testCase=TestCaseDTO[testName=null, id=1447]], FeedbackDTO[id=969, text=null, detailText=The exercise expects a class with the name Context in the package testpackage. You did not implement the class in the exercise., hasLongFeedbackText=false, reference=null, credits=0.0, positive=false, type=AUTOMATIC, visibility=ALWAYS, testCase=TestCaseDTO[testName=null, id=1443]], FeedbackDTO[id=970, text=null, detailText=The exercise expects a class with the name Policy in the package testpackage. You did not implement the class in the exercise., hasLongFeedbackText=false, reference=null, credits=0.0, positive=false, type=AUTOMATIC, visibility=ALWAYS, testCase=TestCaseDTO[testName=null, id=1444]], FeedbackDTO[id=971, text=null, detailText=null, hasLongFeedbackText=false, reference=null, credits=3.230769230769231, positive=true, type=AUTOMATIC, visibility=ALWAYS, testCase=TestCaseDTO[testName=null, id=1454]]], assessmentType=AUTOMATIC, hasComplaint=null, exampleResult=null, testCaseCount=13, passedTestCaseCount=1, codeIssueCount=0]], BuildJobQueueItem[id=20271739576746886, name=SHORT0FC863930E92904248098A506171F81CF6CFTSTEXC-SOLUTION, buildAgent=BuildAgentDTO[name=artemis-build-agent-test, memberAddress=[127.0.0.1]:5703, displayName=artemis-build-agent-test], participationId=2027, courseId=992, exerciseId=2609, retryCount=0, priority=2, status=SUCCESSFUL, repositoryInfo=RepositoryInfo[repositoryName=short0fc863930e92904248098a506171f81cf6cftstexc-solution, repositoryType=solution, triggeredByPushTo=auxiliary, assignmentRepositoryUri=http://localhost:49152/git/SHORT0FC863930E92904248098A506171F81CF6CFTSTEXC/short0fc863930e92904248098a506171f81cf6cftstexc-solution.git, testRepositoryUri=http://localhost:49152/git/SHORT0FC863930E92904248098A506171F81CF6CFTSTEXC/short0fc863930e92904248098a506171f81cf6cftstexc-tests.git, solutionRepositoryUri=null, auxiliaryRepositoryUris=[Ljava.lang.String;@46d82d58, auxiliaryRepositoryCheckoutDirectories=[Ljava.lang.String;@5563cc7], jobTimingInfo=JobTimingInfo[submissionDate=2025-02-14T23:45:46.886984066Z[Etc/UTC], buildStartDate=2025-02-14T23:45:46.897709578Z[Etc/UTC], buildCompletionDate=2025-02-14T23:45:48.628460156Z[Etc/UTC], estimatedCompletionDate=2025-02-14T23:46:05.897701272Z[Etc/UTC], estimatedDuration=19], buildConfig=BuildConfig[buildScript=#!/bin/bash
cd /var/tmp/testing-dir
chmod +x ./gradlew
./gradlew clean test
, dockerImage=dummy-docker-image:latest, commitHashToBuild=null, assignmentCommitHash=115a2e943bee242fdad360b50d8ad5f30792577e, testCommitHash=9b3a9bd71a0d80e5bbc42204c319ed3d1d4f0d6d, branch=main, programmingLanguage=JAVA, projectType=PLAIN_GRADLE, scaEnabled=false, sequentialTestRunsEnabled=false, resultPaths=[/var/tmp/testing-dir/**/test-results/test/*.xml], timeoutSeconds=0, assignmentCheckoutPath=null, testCheckoutPath=null, solutionCheckoutPath=null, dockerRunConfig=null], submissionResult=ResultDTO[id=636, completionDate=2025-02-14T23:45:48.593370968Z[Etc/UTC], successful=true, score=100.0, rated=true, submission=SubmissionDTO[id=830, submitted=true, type=TEST, exampleSubmission=null, submissionDate=2025-02-14T23:45:46.873671Z, commitHash=9b3a9bd71a0d80e5bbc42204c319ed3d1d4f0d6d, buildFailed=false, buildArtifact=false, participation=ParticipationDTO[id=2027, testRun=false, type=solution, submissionCount=null, exercise=ParticipationExerciseDTO[id=2609, exerciseType=PROGRAMMING, type=programming, assessmentType=AUTOMATIC, dueDate=2025-02-16T23:45:46.386304Z, assessmentDueDate=null, maxPoints=42.0, course=CourseDTO[id=992, accuracyOfScores=1]]], submissionExerciseType=programming, isProcessing=false, buildStartDate=null, estimatedCompletionDate=null], participation=ParticipationDTO[id=2027, testRun=false, type=solution, submissionCount=null, exercise=ParticipationExerciseDTO[id=2609, exerciseType=PROGRAMMING, type=programming, assessmentType=AUTOMATIC, dueDate=2025-02-16T23:45:46.386304Z, assessmentDueDate=null, maxPoints=42.0, course=CourseDTO[id=992, accuracyOfScores=1]]], feedbacks=[FeedbackDTO[id=972, text=null, detailText=null, hasLongFeedbackText=false, reference=null, credits=3.230769230769231, positive=true, type=AUTOMATIC, visibility=ALWAYS, testCase=TestCaseDTO[testName=testMethods[Context], id=1461]], FeedbackDTO[id=973, text=null, detailText=null, hasLongFeedbackText=false, reference=null, credits=3.230769230769231, positive=true, type=AUTOMATIC, visibility=ALWAYS, testCase=TestCaseDTO[testName=testMethods[Policy], id=1462]], FeedbackDTO[id=974, text=null, detailText=null, hasLongFeedbackText=false, reference=null, credits=3.230769230769231, positive=true, type=AUTOMATIC, visibility=ALWAYS, testCase=TestCaseDTO[testName=testMethods[SortStrategy], id=1463]], FeedbackDTO[id=975, text=null, detailText=null, hasLongFeedbackText=false, reference=null, credits=3.230769230769231, positive=true, type=AUTOMATIC, visibility=ALWAYS, testCase=TestCaseDTO[testName=testClass[MergeSort], id=1458]], FeedbackDTO[id=976, text=null, detailText=null, hasLongFeedbackText=false, reference=null, credits=3.230769230769231, positive=true, type=AUTOMATIC, visibility=ALWAYS, testCase=TestCaseDTO[testName=testClass[SortStrategy], id=1455]], FeedbackDTO[id=977, text=null, detailText=null, hasLongFeedbackText=false, reference=null, credits=3.230769230769231, positive=true, type=AUTOMATIC, visibility=ALWAYS, testCase=TestCaseDTO[testName=testClass[BubbleSort], id=1459]], FeedbackDTO[id=978, text=null, detailText=null, hasLongFeedbackText=false, reference=null, credits=3.230769230769231, positive=true, type=AUTOMATIC, visibility=ALWAYS, testCase=TestCaseDTO[testName=testMergeSort(), id=1464]], FeedbackDTO[id=979, text=null, detailText=null, hasLongFeedbackText=false, reference=null, credits=3.230769230769231, positive=true, type=AUTOMATIC, visibility=ALWAYS, testCase=TestCaseDTO[testName=testUseBubbleSortForSmallList(), id=1465]], FeedbackDTO[id=980, text=null, detailText=null, hasLongFeedbackText=false, reference=null, credits=3.230769230769231, positive=true, type=AUTOMATIC, visibility=ALWAYS, testCase=TestCaseDTO[testName=testBubbleSort(), id=1467]], FeedbackDTO[id=981, text=null, detailText=null, hasLongFeedbackText=false, reference=null, credits=3.230769230769231, positive=true, type=AUTOMATIC, visibility=ALWAYS, testCase=TestCaseDTO[testName=testUseMergeSortForBigList(), id=1466]], FeedbackDTO[id=982, text=null, detailText=null, hasLongFeedbackText=false, reference=null, credits=3.230769230769231, positive=true, type=AUTOMATIC, visibility=ALWAYS, testCase=TestCaseDTO[testName=testConstructors[Policy], id=1460]], FeedbackDTO[id=983, text=null, detailText=null, hasLongFeedbackText=false, reference=null, credits=3.230769230769231, positive=true, type=AUTOMATIC, visibility=ALWAYS, testCase=TestCaseDTO[testName=testAttributes[Context], id=1456]], FeedbackDTO[id=984, text=null, detailText=null, hasLongFeedbackText=false, reference=null, credits=3.230769230769231, positive=true, type=AUTOMATIC, visibility=ALWAYS, testCase=TestCaseDTO[testName=testAttributes[Policy], id=1457]]], assessmentType=AUTOMATIC, hasComplaint=null, exampleResult=null, testCaseCount=13, passedTestCaseCount=13, codeIssueCount=0]], BuildJobQueueItem[id=20281739576748768, name=SHORT0FC863930E92904248098A506171F81CF6CFTSTEXC-BASE, buildAgent=BuildAgentDTO[name=artemis-build-agent-test, memberAddress=[127.0.0.1]:5703, displayName=artemis-build-agent-test], participationId=2028, courseId=992, exerciseId=2609, retryCount=0, priority=2, status=SUCCESSFUL, repositoryInfo=RepositoryInfo[repositoryName=short0fc863930e92904248098a506171f81cf6cftstexc-exercise, repositoryType=exercise, triggeredByPushTo=auxiliary, assignmentRepositoryUri=http://localhost:49152/git/SHORT0FC863930E92904248098A506171F81CF6CFTSTEXC/short0fc863930e92904248098a506171f81cf6cftstexc-exercise.git, testRepositoryUri=http://localhost:49152/git/SHORT0FC863930E92904248098A506171F81CF6CFTSTEXC/short0fc863930e92904248098a506171f81cf6cftstexc-tests.git, solutionRepositoryUri=null, auxiliaryRepositoryUris=[Ljava.lang.String;@2dbb8514, auxiliaryRepositoryCheckoutDirectories=[Ljava.lang.String;@52219c3c], jobTimingInfo=JobTimingInfo[submissionDate=2025-02-14T23:45:48.768063548Z[Etc/UTC], buildStartDate=2025-02-14T23:45:48.802531989Z[Etc/UTC], buildCompletionDate=2025-02-14T23:45:50.482681367Z[Etc/UTC], estimatedCompletionDate=2025-02-14T23:45:50.802523092Z[Etc/UTC], estimatedDuration=2], buildConfig=BuildConfig[buildScript=#!/bin/bash
cd /var/tmp/testing-dir
chmod +x ./gradlew
./gradlew clean test
, dockerImage=dummy-docker-image:latest, commitHashToBuild=9b3a9bd71a0d80e5bbc42204c319ed3d1d4f0d6d, assignmentCommitHash=115a2e943bee242fdad360b50d8ad5f30792577e, testCommitHash=9b3a9bd71a0d80e5bbc42204c319ed3d1d4f0d6d, branch=main, programmingLanguage=JAVA, projectType=PLAIN_GRADLE, scaEnabled=false, sequentialTestRunsEnabled=false, resultPaths=[/var/tmp/testing-dir/**/test-results/test/*.xml], timeoutSeconds=0, assignmentCheckoutPath=null, testCheckoutPath=null, solutionCheckoutPath=null, dockerRunConfig=null], submissionResult=ResultDTO[id=637, completionDate=2025-02-14T23:45:50.449084694Z[Etc/UTC], successful=false, score=0.0, rated=true, submission=SubmissionDTO[id=831, submitted=true, type=TEST, exampleSubmission=null, submissionDate=2025-02-14T23:45:48.761177Z, commitHash=9b3a9bd71a0d80e5bbc42204c319ed3d1d4f0d6d, buildFailed=false, buildArtifact=false, participation=ParticipationDTO[id=2028, testRun=false, type=template, submissionCount=null, exercise=ParticipationExerciseDTO[id=2609, exerciseType=PROGRAMMING, type=programming, assessmentType=AUTOMATIC, dueDate=2025-02-16T23:45:46.386304Z, assessmentDueDate=null, maxPoints=42.0, course=CourseDTO[id=992, accuracyOfScores=1]]], submissionExerciseType=programming, isProcessing=false, buildStartDate=null, estimatedCompletionDate=null], participation=ParticipationDTO[id=2028, testRun=false, type=template, submissionCount=null, exercise=ParticipationExerciseDTO[id=2609, exerciseType=PROGRAMMING, type=programming, assessmentType=AUTOMATIC, dueDate=2025-02-16T23:45:46.386304Z, assessmentDueDate=null, maxPoints=42.0, course=CourseDTO[id=992, accuracyOfScores=1]]], feedbacks=[FeedbackDTO[id=985, text=null, detailText=The exercise expects a class with the name Context in the package testpackage. You did not implement the class in the exercise., hasLongFeedbackText=false, reference=null, credits=0.0, positive=false, type=AUTOMATIC, visibility=ALWAYS, testCase=TestCaseDTO[testName=testMethods[Context], id=1461]], FeedbackDTO[id=986, text=null, detailText=The exercise expects a class with the name Policy in the package testpackage. You did not implement the class in the exercise., hasLongFeedbackText=false, reference=null, credits=0.0, positive=false, type=AUTOMATIC, visibility=ALWAYS, testCase=TestCaseDTO[testName=testMethods[Policy], id=1462]], FeedbackDTO[id=987, text=null, detailText=The exercise expects a class with the name SortStrategy in the package testpackage. You did not implement the class in the exercise., hasLongFeedbackText=false, reference=null, credits=0.0, positive=false, type=AUTOMATIC, visibility=ALWAYS, testCase=TestCaseDTO[testName=testMethods[SortStrategy], id=1463]], FeedbackDTO[id=988, text=null, detailText=The class 'MergeSort' does not implement the interface 'SortStrategy' as expected. Implement the interface and its methods., hasLongFeedbackText=false, reference=null, credits=0.0, positive=false, type=AUTOMATIC, visibility=ALWAYS, testCase=TestCaseDTO[testName=testClass[MergeSort], id=1458]], FeedbackDTO[id=989, text=null, detailText=The exercise expects a class with the name SortStrategy in the package testpackage. You did not implement the class in the exercise., hasLongFeedbackText=false, reference=null, credits=0.0, positive=false, type=AUTOMATIC, visibility=ALWAYS, testCase=TestCaseDTO[testName=testClass[SortStrategy], id=1455]], FeedbackDTO[id=990, text=null, detailText=The class 'BubbleSort' does not implement the interface 'SortStrategy' as expected. Implement the interface and its methods., hasLongFeedbackText=false, reference=null, credits=0.0, positive=false, type=AUTOMATIC, visibility=ALWAYS, testCase=TestCaseDTO[testName=testClass[BubbleSort], id=1459]], FeedbackDTO[id=991, text=null, detailText=MergeSort does not sort correctly, hasLongFeedbackText=false, reference=null, credits=0.0, positive=false, type=AUTOMATIC, visibility=ALWAYS, testCase=TestCaseDTO[testName=testMergeSort(), id=1464]], FeedbackDTO[id=992, text=null, detailText=The class 'Context' was not found within the submission. Make sure to implement it properly., hasLongFeedbackText=false, reference=null, credits=0.0, positive=false, type=AUTOMATIC, visibility=ALWAYS, testCase=TestCaseDTO[testName=testUseBubbleSortForSmallList(), id=1465]], FeedbackDTO[id=993, text=null, detailText=BubbleSort does not sort correctly, hasLongFeedbackText=false, reference=null, credits=0.0, positive=false, type=AUTOMATIC, visibility=ALWAYS, testCase=TestCaseDTO[testName=testBubbleSort(), id=1467]], FeedbackDTO[id=994, text=null, detailText=The class 'Context' was not found within the submission. Make sure to implement it properly., hasLongFeedbackText=false, reference=null, credits=0.0, positive=false, type=AUTOMATIC, visibility=ALWAYS, testCase=TestCaseDTO[testName=testUseMergeSortForBigList(), id=1466]], FeedbackDTO[id=995, text=null, detailText=The exercise expects a class with the name Policy in the package testpackage. You did not implement the class in the exercise., hasLongFeedbackText=false, reference=null, credits=0.0, positive=false, type=AUTOMATIC, visibility=ALWAYS, testCase=TestCaseDTO[testName=testConstructors[Policy], id=1460]], FeedbackDTO[id=996, text=null, detailText=The exercise expects a class with the name Context in the package testpackage. You did not implement the class in the exercise., hasLongFeedbackText=false, reference=null, credits=0.0, positive=false, type=AUTOMATIC, visibility=ALWAYS, testCase=TestCaseDTO[testName=testAttributes[Context], id=1456]], FeedbackDTO[id=997, text=null, detailText=The exercise expects a class with the name Policy in the package testpackage. You did not implement the class in the exercise., hasLongFeedbackText=false, reference=null, credits=0.0, positive=false, type=AUTOMATIC, visibility=ALWAYS, testCase=TestCaseDTO[testName=testAttributes[Policy], id=1457]]], assessmentType=AUTOMATIC, hasComplaint=null, exampleResult=null, testCaseCount=13, passedTestCaseCount=0, codeIssueCount=0]]], publicSshKey=ssh-rsa AAAAB3NzaC1yc2EAAAADAQABAAACAQCOPdMsxRE2jFJ/UEa5/LsBxtwzJcrh3/rYBCQvcMeVpiRfhzQPWu7mrt/G2Ew+i+vRloGH9aqKg6dd1liRncao53Zmd/ePxoatXePNhmzTfkCkcSkTUz7B+QMjkoDDV5jwuFPD6mF3JkhuzSi64n9Zy905t4w2IhVcjM2mL3eYNjiCXt6Qpq3Pkt7dM/Ksw1nxnvuiIALuJLB3FTkXkHqq3PJav+9HSq2r6ZaWgekneaGxlQlb+U+Vy3XOuArKAzK8c8i+0bR+AHiTG6ncYXt7ax3U+TdlDTF7OLP3umwaYjs1NBXOHwG42pevvpKn2fqavZZozk+M05jXLx3bq0O7itxfErWc7etky8qYPyyIMF/txQIVLd78+Ze4d7Y60t5MGbXM5cGE6fFif5fEJwgswXD+BrG0cafz1CTatjSKFdvp8Vp4VszXhHDan1PrP6JEFJ5Cc5GDmLRZPCFa3vL9f5qXgf4bkqKN8MYeEujwJE5nMRWoiJVNakix2bcrrneQMBlnYeYZVWXXXUusAQBzl4NgddC1umZpihZkL1b1MffZAUW3EGEXi7KHnllQhkTLLsQ8ntMgbylqaJKStqaXlLvdeRJcEnUuiFCrHEVVbXRFZR7XVDZ02CE5o3MuaRPty8Kh+jRTF3COlAckHwYEJCNNJvXFgb2CNXL4mjzYDw== test@localhost]
    23:45:52.167 | 566 localvc.event-13 | DEBUG | s.l.LocalCIWebsocketMessagingService : Sending message on topic /topic/admin/build-agents: [BuildAgentInformation[buildAgent=BuildAgentDTO[name=artemis-build-agent-test, memberAddress=[127.0.0.1]:5703, displayName=artemis-build-agent-test], maxNumberOfConcurrentBuildJobs=1, numberOfCurrentBuildJobs=0, runningBuildJobs=[], status=IDLE, recentBuildJobs=null, publicSshKey=null]]
    23:45:52.168 | 566 localvc.event-13 | DEBUG | s.l.LocalCIWebsocketMessagingService : Sending message on topic /topic/admin/build-agent/artemis-build-agent-test: BuildAgentInformation[buildAgent=BuildAgentDTO[name=artemis-build-agent-test, memberAddress=[127.0.0.1]:5703, displayName=artemis-build-agent-test], maxNumberOfConcurrentBuildJobs=1, numberOfCurrentBuildJobs=0, runningBuildJobs=[], status=IDLE, recentBuildJobs=[BuildJobQueueItem[id=19141739576708030, name=SHORT5F02A8F400311042E70858306EB148073CFDTSTEXC-LOCALVCINTSTUDENT1, buildAgent=BuildAgentDTO[name=artemis-build-agent-test, memberAddress=[127.0.0.1]:5703, displayName=artemis-build-agent-test], participationId=1914, courseId=947, exerciseId=2564, retryCount=0, priority=2, status=FAILED, repositoryInfo=RepositoryInfo[repositoryName=short5f02a8f400311042e70858306eb148073cfdtstexc-localvcintstudent1, repositoryType=user, triggeredByPushTo=user, assignmentRepositoryUri=http://localhost:49152/git/SHORT5F02A8F400311042E70858306EB148073CFDTSTEXC/short5f02a8f400311042e70858306eb148073cfdtstexc-localvcintstudent1.git, testRepositoryUri=http://localhost:49152/git/SHORT5F02A8F400311042E70858306EB148073CFDTSTEXC/short5f02a8f400311042e70858306eb148073cfdtstexc-tests.git, solutionRepositoryUri=null, auxiliaryRepositoryUris=[Ljava.lang.String;@1072ddbf, auxiliaryRepositoryCheckoutDirectories=[Ljava.lang.String;@4eec73f1], jobTimingInfo=JobTimingInfo[submissionDate=2025-02-14T23:45:08.030118216Z[Etc/UTC], buildStartDate=2025-02-14T23:45:08.041011412Z[Etc/UTC], buildCompletionDate=2025-02-14T23:45:08.054603331Z[Etc/UTC], estimatedCompletionDate=2025-02-14T23:45:27.041005080Z[Etc/UTC], estimatedDuration=19], buildConfig=BuildConfig[buildScript=#!/bin/bash
cd /var/tmp/testing-dir
chmod +x ./gradlew
./gradlew clean test
, dockerImage=dummy-docker-image:latest, commitHashToBuild=6e7146cac5059504aa9d170ec3fa23aec740bb51, assignmentCommitHash=6e7146cac5059504aa9d170ec3fa23aec740bb51, testCommitHash=931e5303581c7a2f01339ba603cfafbfe668b901, branch=main, programmingLanguage=JAVA, projectType=PLAIN_GRADLE, scaEnabled=false, sequentialTestRunsEnabled=false, resultPaths=[/var/tmp/testing-dir/**/test-results/test/*.xml], timeoutSeconds=0, assignmentCheckoutPath=null, testCheckoutPath=null, solutionCheckoutPath=null, dockerRunConfig=null], submissionResult=ResultDTO[id=622, completionDate=2025-02-14T23:45:08.054683681Z[Etc/UTC], successful=false, score=0.0, rated=true, submission=SubmissionDTO[id=814, submitted=true, type=MANUAL, exampleSubmission=null, submissionDate=2025-02-14T23:45:08.016200Z, commitHash=6e7146cac5059504aa9d170ec3fa23aec740bb51, buildFailed=true, buildArtifact=false, participation=ParticipationDTO[id=1914, testRun=false, type=programming, submissionCount=null, exercise=ParticipationExerciseDTO[id=2564, exerciseType=PROGRAMMING, type=programming, assessmentType=AUTOMATIC, dueDate=2025-02-16T23:45:07.324348Z, assessmentDueDate=null, maxPoints=42.0, course=CourseDTO[id=947, accuracyOfScores=1]]], submissionExerciseType=programming, isProcessing=false, buildStartDate=null, estimatedCompletionDate=null], participation=ParticipationDTO[id=1914, testRun=false, type=programming, submissionCount=null, exercise=ParticipationExerciseDTO[id=2564, exerciseType=PROGRAMMING, type=programming, assessmentType=AUTOMATIC, dueDate=2025-02-16T23:45:07.324348Z, assessmentDueDate=null, maxPoints=42.0, course=CourseDTO[id=947, accuracyOfScores=1]]], feedbacks=[], assessmentType=AUTOMATIC, hasComplaint=null, exampleResult=null, testCaseCount=0, passedTestCaseCount=0, codeIssueCount=0]], BuildJobQueueItem[id=19361739576711303, name=SHORT9AFDAE3804CA304DDF0889A0CB0F56104A86TSTEXC-LOCALVCINTSTUDENT1, buildAgent=BuildAgentDTO[name=artemis-build-agent-test, memberAddress=[127.0.0.1]:5703, displayName=artemis-build-agent-test], participationId=1936, courseId=956, exerciseId=2573, retryCount=0, priority=2, status=FAILED, repositoryInfo=RepositoryInfo[repositoryName=short9afdae3804ca304ddf0889a0cb0f56104a86tstexc-localvcintstudent1, repositoryType=user, triggeredByPushTo=user, assignmentRepositoryUri=http://localhost:49152/git/SHORT9AFDAE3804CA304DDF0889A0CB0F56104A86TSTEXC/short9afdae3804ca304ddf0889a0cb0f56104a86tstexc-localvcintstudent1.git, testRepositoryUri=http://localhost:49152/git/SHORT9AFDAE3804CA304DDF0889A0CB0F56104A86TSTEXC/short9afdae3804ca304ddf0889a0cb0f56104a86tstexc-tests.git, solutionRepositoryUri=null, auxiliaryRepositoryUris=[Ljava.lang.String;@3dc59140, auxiliaryRepositoryCheckoutDirectories=[Ljava.lang.String;@5f0aac53], jobTimingInfo=JobTimingInfo[submissionDate=2025-02-14T23:45:11.303805653Z[Etc/UTC], buildStartDate=2025-02-14T23:45:11.310981356Z[Etc/UTC], buildCompletionDate=2025-02-14T23:45:11.319178384Z[Etc/UTC], estimatedCompletionDate=2025-02-14T23:45:30.310974944Z[Etc/UTC], estimatedDuration=19], buildConfig=BuildConfig[buildScript=#!/bin/bash
cd /var/tmp/testing-dir
chmod +x ./gradlew
./gradlew clean test
, dockerImage=dummy-docker-image:latest, commitHashToBuild=a1099e378cffde441ef85f9b12577ca174b8e1e4, assignmentCommitHash=a1099e378cffde441ef85f9b12577ca174b8e1e4, testCommitHash=bd38d61c299ab11a1dea82a3ca5493fe04d97d47, branch=main, programmingLanguage=JAVA, projectType=PLAIN_GRADLE, scaEnabled=false, sequentialTestRunsEnabled=false, resultPaths=[/var/tmp/testing-dir/**/test-results/test/*.xml], timeoutSeconds=0, assignmentCheckoutPath=null, testCheckoutPath=null, solutionCheckoutPath=null, dockerRunConfig=null], submissionResult=ResultDTO[id=623, completionDate=2025-02-14T23:45:11.319278430Z[Etc/UTC], successful=false, score=0.0, rated=true, submission=SubmissionDTO[id=815, submitted=true, type=MANUAL, exampleSubmission=null, submissionDate=2025-02-14T23:45:11.294386Z, commitHash=a1099e378cffde441ef85f9b12577ca174b8e1e4, buildFailed=true, buildArtifact=false, participation=ParticipationDTO[id=1936, testRun=false, type=programming, submissionCount=null, exercise=ParticipationExerciseDTO[id=2573, exerciseType=PROGRAMMING, type=programming, assessmentType=AUTOMATIC, dueDate=2025-02-16T23:45:10.996982Z, assessmentDueDate=null, maxPoints=42.0, course=CourseDTO[id=956, accuracyOfScores=1]]], submissionExerciseType=programming, isProcessing=false, buildStartDate=null, estimatedCompletionDate=null], participation=ParticipationDTO[id=1936, testRun=false, type=programming, submissionCount=null, exercise=ParticipationExerciseDTO[id=2573, exerciseType=PROGRAMMING, type=programming, assessmentType=AUTOMATIC, dueDate=2025-02-16T23:45:10.996982Z, assessmentDueDate=null, maxPoints=42.0, course=CourseDTO[id=956, accuracyOfScores=1]]], feedbacks=[], assessmentType=AUTOMATIC, hasComplaint=null, exampleResult=null, testCaseCount=0, passedTestCaseCount=0, codeIssueCount=0]], BuildJobQueueItem[id=19351739576711674, name=SHORT9AFDAE3804CA304DDF0889A0CB0F56104A86TSTEXC-BASE, buildAgent=BuildAgentDTO[name=artemis-build-agent-test, memberAddress=[127.0.0.1]:5703, displayName=artemis-build-agent-test], participationId=1935, courseId=956, exerciseId=2573, retryCount=0, priority=2, status=FAILED, repositoryInfo=RepositoryInfo[repositoryName=short9afdae3804ca304ddf0889a0cb0f56104a86tstexc-exercise, repositoryType=exercise, triggeredByPushTo=exercise, assignmentRepositoryUri=http://localhost:49152/git/SHORT9AFDAE3804CA304DDF0889A0CB0F56104A86TSTEXC/short9afdae3804ca304ddf0889a0cb0f56104a86tstexc-exercise.git, testRepositoryUri=http://localhost:49152/git/SHORT9AFDAE3804CA304DDF0889A0CB0F56104A86TSTEXC/short9afdae3804ca304ddf0889a0cb0f56104a86tstexc-tests.git, solutionRepositoryUri=null, auxiliaryRepositoryUris=[Ljava.lang.String;@59931d28, auxiliaryRepositoryCheckoutDirectories=[Ljava.lang.String;@744d9e10], jobTimingInfo=JobTimingInfo[submissionDate=2025-02-14T23:45:11.674556681Z[Etc/UTC], buildStartDate=2025-02-14T23:45:11.677776879Z[Etc/UTC], buildCompletionDate=2025-02-14T23:45:11.688097378Z[Etc/UTC], estimatedCompletionDate=2025-02-14T23:45:30.677771620Z[Etc/UTC], estimatedDuration=19], buildConfig=BuildConfig[buildScript=#!/bin/bash
cd /var/tmp/testing-dir
chmod +x ./gradlew
./gradlew clean test
, dockerImage=dummy-docker-image:latest, commitHashToBuild=a1099e378cffde441ef85f9b12577ca174b8e1e4, assignmentCommitHash=a1099e378cffde441ef85f9b12577ca174b8e1e4, testCommitHash=bd38d61c299ab11a1dea82a3ca5493fe04d97d47, branch=main, programmingLanguage=JAVA, projectType=PLAIN_GRADLE, scaEnabled=false, sequentialTestRunsEnabled=false, resultPaths=[/var/tmp/testing-dir/**/test-results/test/*.xml], timeoutSeconds=0, assignmentCheckoutPath=null, testCheckoutPath=null, solutionCheckoutPath=null, dockerRunConfig=null], submissionResult=ResultDTO[id=624, completionDate=2025-02-14T23:45:11.688214837Z[Etc/UTC], successful=false, score=0.0, rated=true, submission=SubmissionDTO[id=816, submitted=true, type=MANUAL, exampleSubmission=null, submissionDate=2025-02-14T23:45:11.656934Z, commitHash=a1099e378cffde441ef85f9b12577ca174b8e1e4, buildFailed=true, buildArtifact=false, participation=ParticipationDTO[id=1935, testRun=false, type=template, submissionCount=null, exercise=ParticipationExerciseDTO[id=2573, exerciseType=PROGRAMMING, type=programming, assessmentType=AUTOMATIC, dueDate=2025-02-16T23:45:10.996982Z, assessmentDueDate=null, maxPoints=42.0, course=CourseDTO[id=956, accuracyOfScores=1]]], submissionExerciseType=programming, isProcessing=false, buildStartDate=null, estimatedCompletionDate=null], participation=ParticipationDTO[id=1935, testRun=false, type=template, submissionCount=null, exercise=ParticipationExerciseDTO[id=2573, exerciseType=PROGRAMMING, type=programming, assessmentType=AUTOMATIC, dueDate=2025-02-16T23:45:10.996982Z, assessmentDueDate=null, maxPoints=42.0, course=CourseDTO[id=956, accuracyOfScores=1]]], feedbacks=[], assessmentType=AUTOMATIC, hasComplaint=null, exampleResult=null, testCaseCount=0, passedTestCaseCount=0, codeIssueCount=0]], BuildJobQueueItem[id=19341739576712112, name=SHORT9AFDAE3804CA304DDF0889A0CB0F56104A86TSTEXC-SOLUTION, buildAgent=BuildAgentDTO[name=artemis-build-agent-test, memberAddress=[127.0.0.1]:5703, displayName=artemis-build-agent-test], participationId=1934, courseId=956, exerciseId=2573, retryCount=0, priority=2, status=FAILED, repositoryInfo=RepositoryInfo[repositoryName=short9afdae3804ca304ddf0889a0cb0f56104a86tstexc-solution, repositoryType=solution, triggeredByPushTo=solution, assignmentRepositoryUri=http://localhost:49152/git/SHORT9AFDAE3804CA304DDF0889A0CB0F56104A86TSTEXC/short9afdae3804ca304ddf0889a0cb0f56104a86tstexc-solution.git, testRepositoryUri=http://localhost:49152/git/SHORT9AFDAE3804CA304DDF0889A0CB0F56104A86TSTEXC/short9afdae3804ca304ddf0889a0cb0f56104a86tstexc-tests.git, solutionRepositoryUri=null, auxiliaryRepositoryUris=[Ljava.lang.String;@65935e48, auxiliaryRepositoryCheckoutDirectories=[Ljava.lang.String;@6ff10e9d], jobTimingInfo=JobTimingInfo[submissionDate=2025-02-14T23:45:12.112332872Z[Etc/UTC], buildStartDate=2025-02-14T23:45:12.121617114Z[Etc/UTC], buildCompletionDate=2025-02-14T23:45:12.127931701Z[Etc/UTC], estimatedCompletionDate=2025-02-14T23:45:31.121609600Z[Etc/UTC], estimatedDuration=19], buildConfig=BuildConfig[buildScript=#!/bin/bash
cd /var/tmp/testing-dir
chmod +x ./gradlew
./gradlew clean test
, dockerImage=dummy-docker-image:latest, commitHashToBuild=a1099e378cffde441ef85f9b12577ca174b8e1e4, assignmentCommitHash=a1099e378cffde441ef85f9b12577ca174b8e1e4, testCommitHash=bd38d61c299ab11a1dea82a3ca5493fe04d97d47, branch=main, programmingLanguage=JAVA, projectType=PLAIN_GRADLE, scaEnabled=false, sequentialTestRunsEnabled=false, resultPaths=[/var/tmp/testing-dir/**/test-results/test/*.xml], timeoutSeconds=0, assignmentCheckoutPath=null, testCheckoutPath=null, solutionCheckoutPath=null, dockerRunConfig=null], submissionResult=ResultDTO[id=625, completionDate=2025-02-14T23:45:12.128011800Z[Etc/UTC], successful=false, score=0.0, rated=true, submission=SubmissionDTO[id=817, submitted=true, type=MANUAL, exampleSubmission=null, submissionDate=2025-02-14T23:45:12.098737Z, commitHash=a1099e378cffde441ef85f9b12577ca174b8e1e4, buildFailed=true, buildArtifact=false, participation=ParticipationDTO[id=1934, testRun=false, type=solution, submissionCount=null, exercise=ParticipationExerciseDTO[id=2573, exerciseType=PROGRAMMING, type=programming, assessmentType=AUTOMATIC, dueDate=2025-02-16T23:45:10.996982Z, assessmentDueDate=null, maxPoints=42.0, course=CourseDTO[id=956, accuracyOfScores=1]]], submissionExerciseType=programming, isProcessing=false, buildStartDate=null, estimatedCompletionDate=null], participation=ParticipationDTO[id=1934, testRun=false, type=solution, submissionCount=null, exercise=ParticipationExerciseDTO[id=2573, exerciseType=PROGRAMMING, type=programming, assessmentType=AUTOMATIC, dueDate=2025-02-16T23:45:10.996982Z, assessmentDueDate=null, maxPoints=42.0, course=CourseDTO[id=956, accuracyOfScores=1]]], feedbacks=[], assessmentType=AUTOMATIC, hasComplaint=null, exampleResult=null, testCaseCount=0, passedTestCaseCount=0, codeIssueCount=0]], BuildJobQueueItem[id=19341739576713025, name=SHORT9AFDAE3804CA304DDF0889A0CB0F56104A86TSTEXC-SOLUTION, buildAgent=BuildAgentDTO[name=artemis-build-agent-test, memberAddress=[127.0.0.1]:5703, displayName=artemis-build-agent-test], participationId=1934, courseId=956, exerciseId=2573, retryCount=0, priority=2, status=FAILED, repositoryInfo=RepositoryInfo[repositoryName=short9afdae3804ca304ddf0889a0cb0f56104a86tstexc-solution, repositoryType=solution, triggeredByPushTo=tests, assignmentRepositoryUri=http://localhost:49152/git/SHORT9AFDAE3804CA304DDF0889A0CB0F56104A86TSTEXC/short9afdae3804ca304ddf0889a0cb0f56104a86tstexc-solution.git, testRepositoryUri=http://localhost:49152/git/SHORT9AFDAE3804CA304DDF0889A0CB0F56104A86TSTEXC/short9afdae3804ca304ddf0889a0cb0f56104a86tstexc-tests.git, solutionRepositoryUri=null, auxiliaryRepositoryUris=[Ljava.lang.String;@2e4a2416, auxiliaryRepositoryCheckoutDirectories=[Ljava.lang.String;@366f92d1], jobTimingInfo=JobTimingInfo[submissionDate=2025-02-14T23:45:13.025319671Z[Etc/UTC], buildStartDate=2025-02-14T23:45:13.040293146Z[Etc/UTC], buildCompletionDate=2025-02-14T23:45:13.053032917Z[Etc/UTC], estimatedCompletionDate=2025-02-14T23:45:32.040285703Z[Etc/UTC], estimatedDuration=19], buildConfig=BuildConfig[buildScript=#!/bin/bash
cd /var/tmp/testing-dir
chmod +x ./gradlew
./gradlew clean test
, dockerImage=dummy-docker-image:latest, commitHashToBuild=784f8f0049d2a1a54f21c67dd772bea86715267a, assignmentCommitHash=a1099e378cffde441ef85f9b12577ca174b8e1e4, testCommitHash=784f8f0049d2a1a54f21c67dd772bea86715267a, branch=main, programmingLanguage=JAVA, projectType=PLAIN_GRADLE, scaEnabled=false, sequentialTestRunsEnabled=false, resultPaths=[/var/tmp/testing-dir/**/test-results/test/*.xml], timeoutSeconds=0, assignmentCheckoutPath=null, testCheckoutPath=null, solutionCheckoutPath=null, dockerRunConfig=null], submissionResult=ResultDTO[id=626, completionDate=2025-02-14T23:45:13.053131811Z[Etc/UTC], successful=false, score=0.0, rated=true, submission=SubmissionDTO[id=818, submitted=true, type=TEST, exampleSubmission=null, submissionDate=2025-02-14T23:45:13.005779Z, commitHash=784f8f0049d2a1a54f21c67dd772bea86715267a, buildFailed=true, buildArtifact=false, participation=ParticipationDTO[id=1934, testRun=false, type=solution, submissionCount=null, exercise=ParticipationExerciseDTO[id=2573, exerciseType=PROGRAMMING, type=programming, assessmentType=AUTOMATIC, dueDate=2025-02-16T23:45:10.996982Z, assessmentDueDate=null, maxPoints=42.0, course=CourseDTO[id=956, accuracyOfScores=1]]], submissionExerciseType=programming, isProcessing=false, buildStartDate=null, estimatedCompletionDate=null], participation=ParticipationDTO[id=1934, testRun=false, type=solution, submissionCount=null, exercise=ParticipationExerciseDTO[id=2573, exerciseType=PROGRAMMING, type=programming, assessmentType=AUTOMATIC, dueDate=2025-02-16T23:45:10.996982Z, assessmentDueDate=null, maxPoints=42.0, course=CourseDTO[id=956, accuracyOfScores=1]]], feedbacks=[], assessmentType=AUTOMATIC, hasComplaint=null, exampleResult=null, testCaseCount=0, passedTestCaseCount=0, codeIssueCount=0]], BuildJobQueueItem[id=19581739576715555, name=SHORTC1A3F9FC03D2304B4308FA20AF16D54AAA49TSTEXC-LOCALVCSSHINTSTUDENT1, buildAgent=BuildAgentDTO[name=artemis-build-agent-test, memberAddress=[127.0.0.1]:5703, displayName=artemis-build-agent-test], participationId=1958, courseId=965, exerciseId=2582, retryCount=0, priority=2, status=FAILED, repositoryInfo=RepositoryInfo[repositoryName=shortc1a3f9fc03d2304b4308fa20af16d54aaa49tstexc-localvcsshintstudent1, repositoryType=user, triggeredByPushTo=user, assignmentRepositoryUri=http://localhost:49152/git/SHORTC1A3F9FC03D2304B4308FA20AF16D54AAA49TSTEXC/shortc1a3f9fc03d2304b4308fa20af16d54aaa49tstexc-localvcsshintstudent1.git, testRepositoryUri=http://localhost:49152/git/SHORTC1A3F9FC03D2304B4308FA20AF16D54AAA49TSTEXC/shortc1a3f9fc03d2304b4308fa20af16d54aaa49tstexc-tests.git, solutionRepositoryUri=null, auxiliaryRepositoryUris=[Ljava.lang.String;@49f1eb4a, auxiliaryRepositoryCheckoutDirectories=[Ljava.lang.String;@2e93910f], jobTimingInfo=JobTimingInfo[submissionDate=2025-02-14T23:45:15.555989584Z[Etc/UTC], buildStartDate=2025-02-14T23:45:15.568477627Z[Etc/UTC], buildCompletionDate=2025-02-14T23:45:15.579021148Z[Etc/UTC], estimatedCompletionDate=2025-02-14T23:45:34.568443924Z[Etc/UTC], estimatedDuration=19], buildConfig=BuildConfig[buildScript=#!/bin/bash
cd /var/tmp/testing-dir
chmod +x ./gradlew
./gradlew clean test
, dockerImage=dummy-docker-image:latest, commitHashToBuild=ca76dac20e040e6609db02fd7fedd56bf58829d7, assignmentCommitHash=ca76dac20e040e6609db02fd7fedd56bf58829d7, testCommitHash=bd0d58c226dc63bfa4bc9052870589952c0a1f83, branch=main, programmingLanguage=JAVA, projectType=PLAIN_GRADLE, scaEnabled=false, sequentialTestRunsEnabled=false, resultPaths=[/var/tmp/testing-dir/**/test-results/test/*.xml], timeoutSeconds=0, assignmentCheckoutPath=null, testCheckoutPath=null, solutionCheckoutPath=null, dockerRunConfig=null], submissionResult=ResultDTO[id=627, completionDate=2025-02-14T23:45:15.579119131Z[Etc/UTC], successful=false, score=0.0, rated=true, submission=SubmissionDTO[id=820, submitted=true, type=MANUAL, exampleSubmission=null, submissionDate=2025-02-14T23:45:15.548349Z, commitHash=ca76dac20e040e6609db02fd7fedd56bf58829d7, buildFailed=true, buildArtifact=false, participation=ParticipationDTO[id=1958, testRun=false, type=programming, submissionCount=null, exercise=ParticipationExerciseDTO[id=2582, exerciseType=PROGRAMMING, type=programming, assessmentType=AUTOMATIC, dueDate=2025-02-16T23:45:15.103512Z, assessmentDueDate=null, maxPoints=42.0, course=CourseDTO[id=965, accuracyOfScores=1]]], submissionExerciseType=programming, isProcessing=false, buildStartDate=null, estimatedCompletionDate=null], participation=ParticipationDTO[id=1958, testRun=false, type=programming, submissionCount=null, exercise=ParticipationExerciseDTO[id=2582, exerciseType=PROGRAMMING, type=programming, assessmentType=AUTOMATIC, dueDate=2025-02-16T23:45:15.103512Z, assessmentDueDate=null, maxPoints=42.0, course=CourseDTO[id=965, accuracyOfScores=1]]], feedbacks=[], assessmentType=AUTOMATIC, hasComplaint=null, exampleResult=null, testCaseCount=0, passedTestCaseCount=0, codeIssueCount=0]], BuildJobQueueItem[id=19801739576719393, name=SHORTB2A6C58B0D447045380A858075B170A5B7C6TSTEXC-LOCALVCSSHINTSTUDENT1, buildAgent=BuildAgentDTO[name=artemis-build-agent-test, memberAddress=[127.0.0.1]:5703, displayName=artemis-build-agent-test], participationId=1980, courseId=974, exerciseId=2591, retryCount=0, priority=2, status=FAILED, repositoryInfo=RepositoryInfo[repositoryName=shortb2a6c58b0d447045380a858075b170a5b7c6tstexc-localvcsshintstudent1, repositoryType=user, triggeredByPushTo=user, assignmentRepositoryUri=http://localhost:49152/git/SHORTB2A6C58B0D447045380A858075B170A5B7C6TSTEXC/shortb2a6c58b0d447045380a858075b170a5b7c6tstexc-localvcsshintstudent1.git, testRepositoryUri=http://localhost:49152/git/SHORTB2A6C58B0D447045380A858075B170A5B7C6TSTEXC/shortb2a6c58b0d447045380a858075b170a5b7c6tstexc-tests.git, solutionRepositoryUri=null, auxiliaryRepositoryUris=[Ljava.lang.String;@51066a5f, auxiliaryRepositoryCheckoutDirectories=[Ljava.lang.String;@1bb593b4], jobTimingInfo=JobTimingInfo[submissionDate=2025-02-14T23:45:19.393259829Z[Etc/UTC], buildStartDate=2025-02-14T23:45:19.405438171Z[Etc/UTC], buildCompletionDate=2025-02-14T23:45:19.414070673Z[Etc/UTC], estimatedCompletionDate=2025-02-14T23:45:38.405431569Z[Etc/UTC], estimatedDuration=19], buildConfig=BuildConfig[buildScript=#!/bin/bash
cd /var/tmp/testing-dir
chmod +x ./gradlew
./gradlew clean test
, dockerImage=dummy-docker-image:latest, commitHashToBuild=363cdbf709a9fff149f813ab848ee800a675cc77, assignmentCommitHash=363cdbf709a9fff149f813ab848ee800a675cc77, testCommitHash=a5e046ece417b2e538f21f816e2524dab61e0d10, branch=main, programmingLanguage=JAVA, projectType=PLAIN_GRADLE, scaEnabled=false, sequentialTestRunsEnabled=false, resultPaths=[/var/tmp/testing-dir/**/test-results/test/*.xml], timeoutSeconds=0, assignmentCheckoutPath=null, testCheckoutPath=null, solutionCheckoutPath=null, dockerRunConfig=null], submissionResult=ResultDTO[id=628, completionDate=2025-02-14T23:45:19.414171040Z[Etc/UTC], successful=false, score=0.0, rated=true, submission=SubmissionDTO[id=821, submitted=true, type=MANUAL, exampleSubmission=null, submissionDate=2025-02-14T23:45:19.376840Z, commitHash=363cdbf709a9fff149f813ab848ee800a675cc77, buildFailed=true, buildArtifact=false, participation=ParticipationDTO[id=1980, testRun=false, type=programming, submissionCount=null, exercise=ParticipationExerciseDTO[id=2591, exerciseType=PROGRAMMING, type=programming, assessmentType=AUTOMATIC, dueDate=2025-02-16T23:45:18.950569Z, assessmentDueDate=null, maxPoints=42.0, course=CourseDTO[id=974, accuracyOfScores=1]]], submissionExerciseType=programming, isProcessing=false, buildStartDate=null, estimatedCompletionDate=null], participation=ParticipationDTO[id=1980, testRun=false, type=programming, submissionCount=null, exercise=ParticipationExerciseDTO[id=2591, exerciseType=PROGRAMMING, type=programming, assessmentType=AUTOMATIC, dueDate=2025-02-16T23:45:18.950569Z, assessmentDueDate=null, maxPoints=42.0, course=CourseDTO[id=974, accuracyOfScores=1]]], feedbacks=[], assessmentType=AUTOMATIC, hasComplaint=null, exampleResult=null, testCaseCount=0, passedTestCaseCount=0, codeIssueCount=0]], BuildJobQueueItem[id=19791739576719787, name=SHORTB2A6C58B0D447045380A858075B170A5B7C6TSTEXC-BASE, buildAgent=BuildAgentDTO[name=artemis-build-agent-test, memberAddress=[127.0.0.1]:5703, displayName=artemis-build-agent-test], participationId=1979, courseId=974, exerciseId=2591, retryCount=0, priority=2, status=FAILED, repositoryInfo=RepositoryInfo[repositoryName=shortb2a6c58b0d447045380a858075b170a5b7c6tstexc-exercise, repositoryType=exercise, triggeredByPushTo=exercise, assignmentRepositoryUri=http://localhost:49152/git/SHORTB2A6C58B0D447045380A858075B170A5B7C6TSTEXC/shortb2a6c58b0d447045380a858075b170a5b7c6tstexc-exercise.git, testRepositoryUri=http://localhost:49152/git/SHORTB2A6C58B0D447045380A858075B170A5B7C6TSTEXC/shortb2a6c58b0d447045380a858075b170a5b7c6tstexc-tests.git, solutionRepositoryUri=null, auxiliaryRepositoryUris=[Ljava.lang.String;@5d589033, auxiliaryRepositoryCheckoutDirectories=[Ljava.lang.String;@6ff1797e], jobTimingInfo=JobTimingInfo[submissionDate=2025-02-14T23:45:19.787985058Z[Etc/UTC], buildStartDate=2025-02-14T23:45:19.796327417Z[Etc/UTC], buildCompletionDate=2025-02-14T23:45:19.799750982Z[Etc/UTC], estimatedCompletionDate=2025-02-14T23:45:38.796319082Z[Etc/UTC], estimatedDuration=19], buildConfig=BuildConfig[buildScript=#!/bin/bash
cd /var/tmp/testing-dir
chmod +x ./gradlew
./gradlew clean test
, dockerImage=dummy-docker-image:latest, commitHashToBuild=363cdbf709a9fff149f813ab848ee800a675cc77, assignmentCommitHash=363cdbf709a9fff149f813ab848ee800a675cc77, testCommitHash=a5e046ece417b2e538f21f816e2524dab61e0d10, branch=main, programmingLanguage=JAVA, projectType=PLAIN_GRADLE, scaEnabled=false, sequentialTestRunsEnabled=false, resultPaths=[/var/tmp/testing-dir/**/test-results/test/*.xml], timeoutSeconds=0, assignmentCheckoutPath=null, testCheckoutPath=null, solutionCheckoutPath=null, dockerRunConfig=null], submissionResult=ResultDTO[id=629, completionDate=2025-02-14T23:45:19.799820341Z[Etc/UTC], successful=false, score=0.0, rated=true, submission=SubmissionDTO[id=822, submitted=true, type=MANUAL, exampleSubmission=null, submissionDate=2025-02-14T23:45:19.775952Z, commitHash=363cdbf709a9fff149f813ab848ee800a675cc77, buildFailed=true, buildArtifact=false, participation=ParticipationDTO[id=1979, testRun=false, type=template, submissionCount=null, exercise=ParticipationExerciseDTO[id=2591, exerciseType=PROGRAMMING, type=programming, assessmentType=AUTOMATIC, dueDate=2025-02-16T23:45:18.950569Z, assessmentDueDate=null, maxPoints=42.0, course=CourseDTO[id=974, accuracyOfScores=1]]], submissionExerciseType=programming, isProcessing=false, buildStartDate=null, estimatedCompletionDate=null], participation=ParticipationDTO[id=1979, testRun=false, type=template, submissionCount=null, exercise=ParticipationExerciseDTO[id=2591, exerciseType=PROGRAMMING, type=programming, assessmentType=AUTOMATIC, dueDate=2025-02-16T23:45:18.950569Z, assessmentDueDate=null, maxPoints=42.0, course=CourseDTO[id=974, accuracyOfScores=1]]], feedbacks=[], assessmentType=AUTOMATIC, hasComplaint=null, exampleResult=null, testCaseCount=0, passedTestCaseCount=0, codeIssueCount=0]], BuildJobQueueItem[id=19781739576720235, name=SHORTB2A6C58B0D447045380A858075B170A5B7C6TSTEXC-SOLUTION, buildAgent=BuildAgentDTO[name=artemis-build-agent-test, memberAddress=[127.0.0.1]:5703, displayName=artemis-build-agent-test], participationId=1978, courseId=974, exerciseId=2591, retryCount=0, priority=2, status=FAILED, repositoryInfo=RepositoryInfo[repositoryName=shortb2a6c58b0d447045380a858075b170a5b7c6tstexc-solution, repositoryType=solution, triggeredByPushTo=solution, assignmentRepositoryUri=http://localhost:49152/git/SHORTB2A6C58B0D447045380A858075B170A5B7C6TSTEXC/shortb2a6c58b0d447045380a858075b170a5b7c6tstexc-solution.git, testRepositoryUri=http://localhost:49152/git/SHORTB2A6C58B0D447045380A858075B170A5B7C6TSTEXC/shortb2a6c58b0d447045380a858075b170a5b7c6tstexc-tests.git, solutionRepositoryUri=null, auxiliaryRepositoryUris=[Ljava.lang.String;@d47b24d, auxiliaryRepositoryCheckoutDirectories=[Ljava.lang.String;@3a58b862], jobTimingInfo=JobTimingInfo[submissionDate=2025-02-14T23:45:20.235272325Z[Etc/UTC], buildStartDate=2025-02-14T23:45:20.243033812Z[Etc/UTC], buildCompletionDate=2025-02-14T23:45:20.250721018Z[Etc/UTC], estimatedCompletionDate=2025-02-14T23:45:39.243026949Z[Etc/UTC], estimatedDuration=19], buildConfig=BuildConfig[buildScript=#!/bin/bash
cd /var/tmp/testing-dir
chmod +x ./gradlew
./gradlew clean test
, dockerImage=dummy-docker-image:latest, commitHashToBuild=c710d0e68c9c7db8cda7d1a278308de2b9642cc0, assignmentCommitHash=c710d0e68c9c7db8cda7d1a278308de2b9642cc0, testCommitHash=a5e046ece417b2e538f21f816e2524dab61e0d10, branch=main, programmingLanguage=JAVA, projectType=PLAIN_GRADLE, scaEnabled=false, sequentialTestRunsEnabled=false, resultPaths=[/var/tmp/testing-dir/**/test-results/test/*.xml], timeoutSeconds=0, assignmentCheckoutPath=null, testCheckoutPath=null, solutionCheckoutPath=null, dockerRunConfig=null], submissionResult=ResultDTO[id=630, completionDate=2025-02-14T23:45:20.250809893Z[Etc/UTC], successful=false, score=0.0, rated=true, submission=SubmissionDTO[id=823, submitted=true, type=MANUAL, exampleSubmission=null, submissionDate=2025-02-14T23:45:20.211707Z, commitHash=c710d0e68c9c7db8cda7d1a278308de2b9642cc0, buildFailed=true, buildArtifact=false, participation=ParticipationDTO[id=1978, testRun=false, type=solution, submissionCount=null, exercise=ParticipationExerciseDTO[id=2591, exerciseType=PROGRAMMING, type=programming, assessmentType=AUTOMATIC, dueDate=2025-02-16T23:45:18.950569Z, assessmentDueDate=null, maxPoints=42.0, course=CourseDTO[id=974, accuracyOfScores=1]]], submissionExerciseType=programming, isProcessing=false, buildStartDate=null, estimatedCompletionDate=null], participation=ParticipationDTO[id=1978, testRun=false, type=solution, submissionCount=null, exercise=ParticipationExerciseDTO[id=2591, exerciseType=PROGRAMMING, type=programming, assessmentType=AUTOMATIC, dueDate=2025-02-16T23:45:18.950569Z, assessmentDueDate=null, maxPoints=42.0, course=CourseDTO[id=974, accuracyOfScores=1]]], feedbacks=[], assessmentType=AUTOMATIC, hasComplaint=null, exampleResult=null, testCaseCount=0, passedTestCaseCount=0, codeIssueCount=0]], BuildJobQueueItem[id=19781739576720802, name=SHORTB2A6C58B0D447045380A858075B170A5B7C6TSTEXC-SOLUTION, buildAgent=BuildAgentDTO[name=artemis-build-agent-test, memberAddress=[127.0.0.1]:5703, displayName=artemis-build-agent-test], participationId=1978, courseId=974, exerciseId=2591, retryCount=0, priority=2, status=FAILED, repositoryInfo=RepositoryInfo[repositoryName=shortb2a6c58b0d447045380a858075b170a5b7c6tstexc-solution, repositoryType=solution, triggeredByPushTo=tests, assignmentRepositoryUri=http://localhost:49152/git/SHORTB2A6C58B0D447045380A858075B170A5B7C6TSTEXC/shortb2a6c58b0d447045380a858075b170a5b7c6tstexc-solution.git, testRepositoryUri=http://localhost:49152/git/SHORTB2A6C58B0D447045380A858075B170A5B7C6TSTEXC/shortb2a6c58b0d447045380a858075b170a5b7c6tstexc-tests.git, solutionRepositoryUri=null, auxiliaryRepositoryUris=[Ljava.lang.String;@23987e12, auxiliaryRepositoryCheckoutDirectories=[Ljava.lang.String;@4746d996], jobTimingInfo=JobTimingInfo[submissionDate=2025-02-14T23:45:20.802935026Z[Etc/UTC], buildStartDate=2025-02-14T23:45:20.809306435Z[Etc/UTC], buildCompletionDate=2025-02-14T23:45:20.822452342Z[Etc/UTC], estimatedCompletionDate=2025-02-14T23:45:39.809298491Z[Etc/UTC], estimatedDuration=19], buildConfig=BuildConfig[buildScript=#!/bin/bash
cd /var/tmp/testing-dir
chmod +x ./gradlew
./gradlew clean test
, dockerImage=dummy-docker-image:latest, commitHashToBuild=c710d0e68c9c7db8cda7d1a278308de2b9642cc0, assignmentCommitHash=c710d0e68c9c7db8cda7d1a278308de2b9642cc0, testCommitHash=c710d0e68c9c7db8cda7d1a278308de2b9642cc0, branch=main, programmingLanguage=JAVA, projectType=PLAIN_GRADLE, scaEnabled=false, sequentialTestRunsEnabled=false, resultPaths=[/var/tmp/testing-dir/**/test-results/test/*.xml], timeoutSeconds=0, assignmentCheckoutPath=null, testCheckoutPath=null, solutionCheckoutPath=null, dockerRunConfig=null], submissionResult=ResultDTO[id=631, completionDate=2025-02-14T23:45:20.822527362Z[Etc/UTC], successful=false, score=0.0, rated=true, submission=SubmissionDTO[id=824, submitted=true, type=TEST, exampleSubmission=null, submissionDate=2025-02-14T23:45:20.791240Z, commitHash=c710d0e68c9c7db8cda7d1a278308de2b9642cc0, buildFailed=true, buildArtifact=false, participation=ParticipationDTO[id=1978, testRun=false, type=solution, submissionCount=null, exercise=ParticipationExerciseDTO[id=2591, exerciseType=PROGRAMMING, type=programming, assessmentType=AUTOMATIC, dueDate=2025-02-16T23:45:18.950569Z, assessmentDueDate=null, maxPoints=42.0, course=CourseDTO[id=974, accuracyOfScores=1]]], submissionExerciseType=programming, isProcessing=false, buildStartDate=null, estimatedCompletionDate=null], participation=ParticipationDTO[id=1978, testRun=false, type=solution, submissionCount=null, exercise=ParticipationExerciseDTO[id=2591, exerciseType=PROGRAMMING, type=programming, assessmentType=AUTOMATIC, dueDate=2025-02-16T23:45:18.950569Z, assessmentDueDate=null, maxPoints=42.0, course=CourseDTO[id=974, accuracyOfScores=1]]], feedbacks=[], assessmentType=AUTOMATIC, hasComplaint=null, exampleResult=null, testCaseCount=0, passedTestCaseCount=0, codeIssueCount=0]], BuildJobQueueItem[id=20061739576732554, name=SHORT94A899E303D7504C5D0840704DAAFA3DFF4DTSTEXC-LOCALVCCIINTINSTRUCTOR1, buildAgent=BuildAgentDTO[name=artemis-build-agent-test, memberAddress=[127.0.0.1]:5703, displayName=artemis-build-agent-test], participationId=2006, courseId=984, exerciseId=2601, retryCount=0, priority=2, status=SUCCESSFUL, repositoryInfo=RepositoryInfo[repositoryName=short94a899e303d7504c5d0840704daafa3dff4dtstexc-localvcciintinstructor1, repositoryType=user, triggeredByPushTo=user, assignmentRepositoryUri=http://localhost:49152/git/SHORT94A899E303D7504C5D0840704DAAFA3DFF4DTSTEXC/short94a899e303d7504c5d0840704daafa3dff4dtstexc-localvcciintinstructor1.git, testRepositoryUri=http://localhost:49152/git/SHORT94A899E303D7504C5D0840704DAAFA3DFF4DTSTEXC/short94a899e303d7504c5d0840704daafa3dff4dtstexc-tests.git, solutionRepositoryUri=null, auxiliaryRepositoryUris=[Ljava.lang.String;@7723dee9, auxiliaryRepositoryCheckoutDirectories=[Ljava.lang.String;@8c7f3c7], jobTimingInfo=JobTimingInfo[submissionDate=2025-02-14T23:45:32.554795798Z[Etc/UTC], buildStartDate=2025-02-14T23:45:32.567287465Z[Etc/UTC], buildCompletionDate=2025-02-14T23:45:34.535226768Z[Etc/UTC], estimatedCompletionDate=2025-02-14T23:45:51.567257960Z[Etc/UTC], estimatedDuration=19], buildConfig=BuildConfig[buildScript=#!/bin/bash
cd /var/tmp/testing-dir
chmod +x ./gradlew
./gradlew clean test
, dockerImage=dummy-docker-image:latest, commitHashToBuild=ca2dbc0ae87edf7035058a6a17c0ea60e90a290f, assignmentCommitHash=ca2dbc0ae87edf7035058a6a17c0ea60e90a290f, testCommitHash=0207f6f98af5fbb66ad68455f3fc3cf128af8ae9, branch=main, programmingLanguage=JAVA, projectType=PLAIN_GRADLE, scaEnabled=false, sequentialTestRunsEnabled=false, resultPaths=[/var/tmp/testing-dir/**/test-results/test/*.xml], timeoutSeconds=0, assignmentCheckoutPath=null, testCheckoutPath=null, solutionCheckoutPath=null, dockerRunConfig=null], submissionResult=ResultDTO[id=632, completionDate=2025-02-14T23:45:34.504415716Z[Etc/UTC], successful=false, score=7.7, rated=false, submission=SubmissionDTO[id=826, submitted=true, type=MANUAL, exampleSubmission=null, submissionDate=2025-02-14T23:45:32.541533Z, commitHash=ca2dbc0ae87edf7035058a6a17c0ea60e90a290f, buildFailed=false, buildArtifact=false, participation=ParticipationDTO[id=2006, testRun=true, type=programming, submissionCount=null, exercise=ParticipationExerciseDTO[id=2601, exerciseType=PROGRAMMING, type=programming, assessmentType=AUTOMATIC, dueDate=2025-02-16T23:45:31.864042Z, assessmentDueDate=null, maxPoints=42.0, course=CourseDTO[id=984, accuracyOfScores=1]]], submissionExerciseType=programming, isProcessing=false, buildStartDate=null, estimatedCompletionDate=null], participation=ParticipationDTO[id=2006, testRun=true, type=programming, submissionCount=null, exercise=ParticipationExerciseDTO[id=2601, exerciseType=PROGRAMMING, type=programming, assessmentType=AUTOMATIC, dueDate=2025-02-16T23:45:31.864042Z, assessmentDueDate=null, maxPoints=42.0, course=CourseDTO[id=984, accuracyOfScores=1]]], feedbacks=[FeedbackDTO[id=920, text=null, detailText=The exercise expects a class with the name Context in the package testpackage. You did not implement the class in the exercise., hasLongFeedbackText=false, reference=null, credits=0.0, positive=false, type=AUTOMATIC, visibility=ALWAYS, testCase=TestCaseDTO[testName=null, id=1357]], FeedbackDTO[id=921, text=null, detailText=The exercise expects a class with the name Policy in the package testpackage. You did not implement the class in the exercise., hasLongFeedbackText=false, reference=null, credits=0.0, positive=false, type=AUTOMATIC, visibility=ALWAYS, testCase=TestCaseDTO[testName=null, id=1358]], FeedbackDTO[id=922, text=null, detailText=The exercise expects a class with the name SortStrategy in the package testpackage. You did not implement the class in the exercise., hasLongFeedbackText=false, reference=null, credits=0.0, positive=false, type=AUTOMATIC, visibility=ALWAYS, testCase=TestCaseDTO[testName=null, id=1359]], FeedbackDTO[id=923, text=null, detailText=The class 'MergeSort' does not implement the interface 'SortStrategy' as expected. Implement the interface and its methods., hasLongFeedbackText=false, reference=null, credits=0.0, positive=false, type=AUTOMATIC, visibility=ALWAYS, testCase=TestCaseDTO[testName=null, id=1354]], FeedbackDTO[id=924, text=null, detailText=The exercise expects a class with the name SortStrategy in the package testpackage. You did not implement the class in the exercise., hasLongFeedbackText=false, reference=null, credits=0.0, positive=false, type=AUTOMATIC, visibility=ALWAYS, testCase=TestCaseDTO[testName=null, id=1351]], FeedbackDTO[id=925, text=null, detailText=The class 'BubbleSort' does not implement the interface 'SortStrategy' as expected. Implement the interface and its methods., hasLongFeedbackText=false, reference=null, credits=0.0, positive=false, type=AUTOMATIC, visibility=ALWAYS, testCase=TestCaseDTO[testName=null, id=1355]], FeedbackDTO[id=926, text=null, detailText=MergeSort does not sort correctly, hasLongFeedbackText=false, reference=null, credits=0.0, positive=false, type=AUTOMATIC, visibility=ALWAYS, testCase=TestCaseDTO[testName=null, id=1360]], FeedbackDTO[id=927, text=null, detailText=The class 'Context' was not found within the submission. Make sure to implement it properly., hasLongFeedbackText=false, reference=null, credits=0.0, positive=false, type=AUTOMATIC, visibility=ALWAYS, testCase=TestCaseDTO[testName=null, id=1361]], FeedbackDTO[id=928, text=null, detailText=The class 'Context' was not found within the submission. Make sure to implement it properly., hasLongFeedbackText=false, reference=null, credits=0.0, positive=false, type=AUTOMATIC, visibility=ALWAYS, testCase=TestCaseDTO[testName=null, id=1362]], FeedbackDTO[id=929, text=null, detailText=The exercise expects a class with the name Policy in the package testpackage. You did not implement the class in the exercise., hasLongFeedbackText=false, reference=null, credits=0.0, positive=false, type=AUTOMATIC, visibility=ALWAYS, testCase=TestCaseDTO[testName=null, id=1356]], FeedbackDTO[id=930, text=null, detailText=The exercise expects a class with the name Context in the package testpackage. You did not implement the class in the exercise., hasLongFeedbackText=false, reference=null, credits=0.0, positive=false, type=AUTOMATIC, visibility=ALWAYS, testCase=TestCaseDTO[testName=null, id=1352]], FeedbackDTO[id=931, text=null, detailText=The exercise expects a class with the name Policy in the package testpackage. You did not implement the class in the exercise., hasLongFeedbackText=false, reference=null, credits=0.0, positive=false, type=AUTOMATIC, visibility=ALWAYS, testCase=TestCaseDTO[testName=null, id=1353]], FeedbackDTO[id=932, text=null, detailText=null, hasLongFeedbackText=false, reference=null, credits=3.230769230769231, positive=true, type=AUTOMATIC, visibility=ALWAYS, testCase=TestCaseDTO[testName=null, id=1363]]], assessmentType=AUTOMATIC, hasComplaint=null, exampleResult=null, testCaseCount=13, passedTestCaseCount=1, codeIssueCount=0]], BuildJobQueueItem[id=20111739576737317, name=SHORTD49A6DAE04F9E049850BD5601663FD17A5B7TSTEXC-BASE, buildAgent=BuildAgentDTO[name=artemis-build-agent-test, memberAddress=[127.0.0.1]:5703, displayName=artemis-build-agent-test], participationId=2011, courseId=986, exerciseId=2603, retryCount=0, priority=2, status=SUCCESSFUL, repositoryInfo=RepositoryInfo[repositoryName=shortd49a6dae04f9e049850bd5601663fd17a5b7tstexc-exercise, repositoryType=exercise, triggeredByPushTo=exercise, assignmentRepositoryUri=http://localhost:49152/git/SHORTD49A6DAE04F9E049850BD5601663FD17A5B7TSTEXC/shortd49a6dae04f9e049850bd5601663fd17a5b7tstexc-exercise.git, testRepositoryUri=http://localhost:49152/git/SHORTD49A6DAE04F9E049850BD5601663FD17A5B7TSTEXC/shortd49a6dae04f9e049850bd5601663fd17a5b7tstexc-tests.git, solutionRepositoryUri=null, auxiliaryRepositoryUris=[Ljava.lang.String;@68cf6423, auxiliaryRepositoryCheckoutDirectories=[Ljava.lang.String;@19349ac5], jobTimingInfo=JobTimingInfo[submissionDate=2025-02-14T23:45:37.317968648Z[Etc/UTC], buildStartDate=2025-02-14T23:45:37.324534774Z[Etc/UTC], buildCompletionDate=2025-02-14T23:45:38.527225461Z[Etc/UTC], estimatedCompletionDate=2025-02-14T23:45:56.324506331Z[Etc/UTC], estimatedDuration=19], buildConfig=BuildConfig[buildScript=#!/bin/bash
cd /var/tmp/testing-dir
chmod +x ./gradlew
./gradlew clean test
, dockerImage=dummy-docker-image:latest, commitHashToBuild=c795243c185829bbefa399f45dcbcfac22311b2f, assignmentCommitHash=c795243c185829bbefa399f45dcbcfac22311b2f, testCommitHash=fa8b162170bf767d852e05e0eb7a128efa2e1f34, branch=main, programmingLanguage=JAVA, projectType=PLAIN_GRADLE, scaEnabled=false, sequentialTestRunsEnabled=false, resultPaths=[/var/tmp/testing-dir/**/test-results/test/*.xml], timeoutSeconds=0, assignmentCheckoutPath=null, testCheckoutPath=null, solutionCheckoutPath=null, dockerRunConfig=null], submissionResult=ResultDTO[id=633, completionDate=2025-02-14T23:45:38.476795726Z[Etc/UTC], successful=false, score=0.0, rated=true, submission=SubmissionDTO[id=827, submitted=true, type=MANUAL, exampleSubmission=null, submissionDate=2025-02-14T23:45:37.303401Z, commitHash=c795243c185829bbefa399f45dcbcfac22311b2f, buildFailed=false, buildArtifact=false, participation=ParticipationDTO[id=2011, testRun=false, type=template, submissionCount=null, exercise=ParticipationExerciseDTO[id=2603, exerciseType=PROGRAMMING, type=programming, assessmentType=AUTOMATIC, dueDate=2025-02-16T23:45:36.830269Z, assessmentDueDate=null, maxPoints=42.0, course=CourseDTO[id=986, accuracyOfScores=1]]], submissionExerciseType=programming, isProcessing=false, buildStartDate=null, estimatedCompletionDate=null], participation=ParticipationDTO[id=2011, testRun=false, type=template, submissionCount=null, exercise=ParticipationExerciseDTO[id=2603, exerciseType=PROGRAMMING, type=programming, assessmentType=AUTOMATIC, dueDate=2025-02-16T23:45:36.830269Z, assessmentDueDate=null, maxPoints=42.0, course=CourseDTO[id=986, accuracyOfScores=1]]], feedbacks=[FeedbackDTO[id=933, text=null, detailText=The exercise expects a class with the name Context in the package testpackage. You did not implement the class in the exercise., hasLongFeedbackText=false, reference=null, credits=0.0, positive=false, type=AUTOMATIC, visibility=ALWAYS, testCase=TestCaseDTO[testName=testMethods[Context], id=1383]], FeedbackDTO[id=934, text=null, detailText=The exercise expects a class with the name Policy in the package testpackage. You did not implement the class in the exercise., hasLongFeedbackText=false, reference=null, credits=0.0, positive=false, type=AUTOMATIC, visibility=ALWAYS, testCase=TestCaseDTO[testName=testMethods[Policy], id=1384]], FeedbackDTO[id=935, text=null, detailText=The exercise expects a class with the name SortStrategy in the package testpackage. You did not implement the class in the exercise., hasLongFeedbackText=false, reference=null, credits=0.0, positive=false, type=AUTOMATIC, visibility=ALWAYS, testCase=TestCaseDTO[testName=testMethods[SortStrategy], id=1385]], FeedbackDTO[id=936, text=null, detailText=The class 'MergeSort' does not implement the interface 'SortStrategy' as expected. Implement the interface and its methods., hasLongFeedbackText=false, reference=null, credits=0.0, positive=false, type=AUTOMATIC, visibility=ALWAYS, testCase=TestCaseDTO[testName=testClass[MergeSort], id=1380]], FeedbackDTO[id=937, text=null, detailText=The exercise expects a class with the name SortStrategy in the package testpackage. You did not implement the class in the exercise., hasLongFeedbackText=false, reference=null, credits=0.0, positive=false, type=AUTOMATIC, visibility=ALWAYS, testCase=TestCaseDTO[testName=testClass[SortStrategy], id=1377]], FeedbackDTO[id=938, text=null, detailText=The class 'BubbleSort' does not implement the interface 'SortStrategy' as expected. Implement the interface and its methods., hasLongFeedbackText=false, reference=null, credits=0.0, positive=false, type=AUTOMATIC, visibility=ALWAYS, testCase=TestCaseDTO[testName=testClass[BubbleSort], id=1381]], FeedbackDTO[id=939, text=null, detailText=MergeSort does not sort correctly, hasLongFeedbackText=false, reference=null, credits=0.0, positive=false, type=AUTOMATIC, visibility=ALWAYS, testCase=TestCaseDTO[testName=testMergeSort(), id=1386]], FeedbackDTO[id=940, text=null, detailText=The class 'Context' was not found within the submission. Make sure to implement it properly., hasLongFeedbackText=false, reference=null, credits=0.0, positive=false, type=AUTOMATIC, visibility=ALWAYS, testCase=TestCaseDTO[testName=testUseBubbleSortForSmallList(), id=1387]], FeedbackDTO[id=941, text=null, detailText=BubbleSort does not sort correctly, hasLongFeedbackText=false, reference=null, credits=0.0, positive=false, type=AUTOMATIC, visibility=ALWAYS, testCase=TestCaseDTO[testName=testBubbleSort(), id=1389]], FeedbackDTO[id=942, text=null, detailText=The class 'Context' was not found within the submission. Make sure to implement it properly., hasLongFeedbackText=false, reference=null, credits=0.0, positive=false, type=AUTOMATIC, visibility=ALWAYS, testCase=TestCaseDTO[testName=testUseMergeSortForBigList(), id=1388]], FeedbackDTO[id=943, text=null, detailText=The exercise expects a class with the name Policy in the package testpackage. You did not implement the class in the exercise., hasLongFeedbackText=false, reference=null, credits=0.0, positive=false, type=AUTOMATIC, visibility=ALWAYS, testCase=TestCaseDTO[testName=testConstructors[Policy], id=1382]], FeedbackDTO[id=944, text=null, detailText=The exercise expects a class with the name Context in the package testpackage. You did not implement the class in the exercise., hasLongFeedbackText=false, reference=null, credits=0.0, positive=false, type=AUTOMATIC, visibility=ALWAYS, testCase=TestCaseDTO[testName=testAttributes[Context], id=1378]], FeedbackDTO[id=945, text=null, detailText=The exercise expects a class with the name Policy in the package testpackage. You did not implement the class in the exercise., hasLongFeedbackText=false, reference=null, credits=0.0, positive=false, type=AUTOMATIC, visibility=ALWAYS, testCase=TestCaseDTO[testName=testAttributes[Policy], id=1379]]], assessmentType=AUTOMATIC, hasComplaint=null, exampleResult=null, testCaseCount=13, passedTestCaseCount=0, codeIssueCount=0]], BuildJobQueueItem[id=20171739576740018, name=SHORT7914AFA00ADC3047140B99D01AC07810CE44TSTEXC-LOCALVCCIINTSTUDENT1, buildAgent=BuildAgentDTO[name=artemis-build-agent-test, memberAddress=[127.0.0.1]:5703, displayName=artemis-build-agent-test], participationId=2017, courseId=988, exerciseId=2605, retryCount=0, priority=2, status=SUCCESSFUL, repositoryInfo=RepositoryInfo[repositoryName=short7914afa00adc3047140b99d01ac07810ce44tstexc-practice-localvcciintstudent1, repositoryType=user, triggeredByPushTo=user, assignmentRepositoryUri=http://localhost:49152/git/SHORT7914AFA00ADC3047140B99D01AC07810CE44TSTEXC/short7914afa00adc3047140b99d01ac07810ce44tstexc-practice-localvcciintstudent1.git, testRepositoryUri=http://localhost:49152/git/SHORT7914AFA00ADC3047140B99D01AC07810CE44TSTEXC/short7914afa00adc3047140b99d01ac07810ce44tstexc-tests.git, solutionRepositoryUri=null, auxiliaryRepositoryUris=[Ljava.lang.String;@7009cb9c, auxiliaryRepositoryCheckoutDirectories=[Ljava.lang.String;@47e75791], jobTimingInfo=JobTimingInfo[submissionDate=2025-02-14T23:45:40.018961253Z[Etc/UTC], buildStartDate=2025-02-14T23:45:40.029742701Z[Etc/UTC], buildCompletionDate=2025-02-14T23:45:41.150208242Z[Etc/UTC], estimatedCompletionDate=2025-02-14T23:45:59.029734065Z[Etc/UTC], estimatedDuration=19], buildConfig=BuildConfig[buildScript=#!/bin/bash
cd /var/tmp/testing-dir
chmod +x ./gradlew
./gradlew clean test
, dockerImage=dummy-docker-image:latest, commitHashToBuild=d80b57877989b971e83ccdb4863c8a7023c76266, assignmentCommitHash=d80b57877989b971e83ccdb4863c8a7023c76266, testCommitHash=327b116890c92b1312314341f43f21ef13ecf7d7, branch=main, programmingLanguage=JAVA, projectType=PLAIN_GRADLE, scaEnabled=false, sequentialTestRunsEnabled=false, resultPaths=[/var/tmp/testing-dir/**/test-results/test/*.xml], timeoutSeconds=0, assignmentCheckoutPath=null, testCheckoutPath=null, solutionCheckoutPath=null, dockerRunConfig=null], submissionResult=ResultDTO[id=634, completionDate=2025-02-14T23:45:41.120192603Z[Etc/UTC], successful=false, score=7.7, rated=false, submission=SubmissionDTO[id=828, submitted=true, type=MANUAL, exampleSubmission=null, submissionDate=2025-02-14T23:45:40.008666Z, commitHash=d80b57877989b971e83ccdb4863c8a7023c76266, buildFailed=false, buildArtifact=false, participation=ParticipationDTO[id=2017, testRun=true, type=programming, submissionCount=null, exercise=ParticipationExerciseDTO[id=2605, exerciseType=PROGRAMMING, type=programming, assessmentType=AUTOMATIC, dueDate=2025-02-16T23:45:39.523500Z, assessmentDueDate=null, maxPoints=42.0, course=CourseDTO[id=988, accuracyOfScores=1]]], submissionExerciseType=programming, isProcessing=false, buildStartDate=null, estimatedCompletionDate=null], participation=ParticipationDTO[id=2017, testRun=true, type=programming, submissionCount=null, exercise=ParticipationExerciseDTO[id=2605, exerciseType=PROGRAMMING, type=programming, assessmentType=AUTOMATIC, dueDate=2025-02-16T23:45:39.523500Z, assessmentDueDate=null, maxPoints=42.0, course=CourseDTO[id=988, accuracyOfScores=1]]], feedbacks=[FeedbackDTO[id=946, text=null, detailText=The exercise expects a class with the name Context in the package testpackage. You did not implement the class in the exercise., hasLongFeedbackText=false, reference=null, credits=0.0, positive=false, type=AUTOMATIC, visibility=ALWAYS, testCase=TestCaseDTO[testName=null, id=1409]], FeedbackDTO[id=947, text=null, detailText=The exercise expects a class with the name Policy in the package testpackage. You did not implement the class in the exercise., hasLongFeedbackText=false, reference=null, credits=0.0, positive=false, type=AUTOMATIC, visibility=ALWAYS, testCase=TestCaseDTO[testName=null, id=1410]], FeedbackDTO[id=948, text=null, detailText=The exercise expects a class with the name SortStrategy in the package testpackage. You did not implement the class in the exercise., hasLongFeedbackText=false, reference=null, credits=0.0, positive=false, type=AUTOMATIC, visibility=ALWAYS, testCase=TestCaseDTO[testName=null, id=1411]], FeedbackDTO[id=949, text=null, detailText=The class 'MergeSort' does not implement the interface 'SortStrategy' as expected. Implement the interface and its methods., hasLongFeedbackText=false, reference=null, credits=0.0, positive=false, type=AUTOMATIC, visibility=ALWAYS, testCase=TestCaseDTO[testName=null, id=1406]], FeedbackDTO[id=950, text=null, detailText=The exercise expects a class with the name SortStrategy in the package testpackage. You did not implement the class in the exercise., hasLongFeedbackText=false, reference=null, credits=0.0, positive=false, type=AUTOMATIC, visibility=ALWAYS, testCase=TestCaseDTO[testName=null, id=1403]], FeedbackDTO[id=951, text=null, detailText=The class 'BubbleSort' does not implement the interface 'SortStrategy' as expected. Implement the interface and its methods., hasLongFeedbackText=false, reference=null, credits=0.0, positive=false, type=AUTOMATIC, visibility=ALWAYS, testCase=TestCaseDTO[testName=null, id=1407]], FeedbackDTO[id=952, text=null, detailText=MergeSort does not sort correctly, hasLongFeedbackText=false, reference=null, credits=0.0, positive=false, type=AUTOMATIC, visibility=ALWAYS, testCase=TestCaseDTO[testName=null, id=1412]], FeedbackDTO[id=953, text=null, detailText=The class 'Context' was not found within the submission. Make sure to implement it properly., hasLongFeedbackText=false, reference=null, credits=0.0, positive=false, type=AUTOMATIC, visibility=ALWAYS, testCase=TestCaseDTO[testName=null, id=1413]], FeedbackDTO[id=954, text=null, detailText=The class 'Context' was not found within the submission. Make sure to implement it properly., hasLongFeedbackText=false, reference=null, credits=0.0, positive=false, type=AUTOMATIC, visibility=ALWAYS, testCase=TestCaseDTO[testName=null, id=1414]], FeedbackDTO[id=955, text=null, detailText=The exercise expects a class with the name Policy in the package testpackage. You did not implement the class in the exercise., hasLongFeedbackText=false, reference=null, credits=0.0, positive=false, type=AUTOMATIC, visibility=ALWAYS, testCase=TestCaseDTO[testName=null, id=1408]], FeedbackDTO[id=956, text=null, detailText=The exercise expects a class with the name Context in the package testpackage. You did not implement the class in the exercise., hasLongFeedbackText=false, reference=null, credits=0.0, positive=false, type=AUTOMATIC, visibility=ALWAYS, testCase=TestCaseDTO[testName=null, id=1404]], FeedbackDTO[id=957, text=null, detailText=The exercise expects a class with the name Policy in the package testpackage. You did not implement the class in the exercise., hasLongFeedbackText=false, reference=null, credits=0.0, positive=false, type=AUTOMATIC, visibility=ALWAYS, testCase=TestCaseDTO[testName=null, id=1405]], FeedbackDTO[id=958, text=null, detailText=null, hasLongFeedbackText=false, reference=null, credits=3.230769230769231, positive=true, type=AUTOMATIC, visibility=ALWAYS, testCase=TestCaseDTO[testName=null, id=1415]]], assessmentType=AUTOMATIC, hasComplaint=null, exampleResult=null, testCaseCount=13, passedTestCaseCount=1, codeIssueCount=0]], BuildJobQueueItem[id=20261739576743984, name=SHORT53C73BE505404043100AC2F00C039353CE8FTSTEXC-LOCALVCCIINTSTUDENT1, buildAgent=BuildAgentDTO[name=artemis-build-agent-test, memberAddress=[127.0.0.1]:5703, displayName=artemis-build-agent-test], participationId=2026, courseId=991, exerciseId=2608, retryCount=0, priority=1, status=SUCCESSFUL, repositoryInfo=RepositoryInfo[repositoryName=short53c73be505404043100ac2f00c039353ce8ftstexc-localvcciintstudent1, repositoryType=user, triggeredByPushTo=user, assignmentRepositoryUri=http://localhost:49152/git/SHORT53C73BE505404043100AC2F00C039353CE8FTSTEXC/short53c73be505404043100ac2f00c039353ce8ftstexc-localvcciintstudent1.git, testRepositoryUri=http://localhost:49152/git/SHORT53C73BE505404043100AC2F00C039353CE8FTSTEXC/short53c73be505404043100ac2f00c039353ce8ftstexc-tests.git, solutionRepositoryUri=null, auxiliaryRepositoryUris=[Ljava.lang.String;@549add32, auxiliaryRepositoryCheckoutDirectories=[Ljava.lang.String;@694587d6], jobTimingInfo=JobTimingInfo[submissionDate=2025-02-14T23:45:43.984518859Z[Etc/UTC], buildStartDate=2025-02-14T23:45:43.991385682Z[Etc/UTC], buildCompletionDate=2025-02-14T23:45:44.982059928Z[Etc/UTC], estimatedCompletionDate=2025-02-14T23:46:02.991380122Z[Etc/UTC], estimatedDuration=19], buildConfig=BuildConfig[buildScript=#!/bin/bash
cd /var/tmp/testing-dir
chmod +x ./gradlew
./gradlew clean test
, dockerImage=dummy-docker-image:latest, commitHashToBuild=3e90ae9fef2e44ffb41451a080bdaa6a44ad6848, assignmentCommitHash=3e90ae9fef2e44ffb41451a080bdaa6a44ad6848, testCommitHash=0582754c87aae13e640312855ce7dbe490ecb50c, branch=main, programmingLanguage=JAVA, projectType=PLAIN_GRADLE, scaEnabled=false, sequentialTestRunsEnabled=false, resultPaths=[/var/tmp/testing-dir/**/test-results/test/*.xml], timeoutSeconds=0, assignmentCheckoutPath=null, testCheckoutPath=null, solutionCheckoutPath=null, dockerRunConfig=null], submissionResult=ResultDTO[id=635, completionDate=2025-02-14T23:45:44.961313737Z[Etc/UTC], successful=false, score=7.7, rated=true, submission=SubmissionDTO[id=829, submitted=true, type=MANUAL, exampleSubmission=null, submissionDate=2025-02-14T23:45:43.967766Z, commitHash=3e90ae9fef2e44ffb41451a080bdaa6a44ad6848, buildFailed=false, buildArtifact=false, participation=ParticipationDTO[id=2026, testRun=false, type=programming, submissionCount=null, exercise=ParticipationExerciseDTO[id=2608, exerciseType=PROGRAMMING, type=programming, assessmentType=AUTOMATIC, dueDate=2025-02-16T23:45:43.597978Z, assessmentDueDate=null, maxPoints=42.0, course=CourseDTO[id=991, accuracyOfScores=1]]], submissionExerciseType=programming, isProcessing=false, buildStartDate=null, estimatedCompletionDate=null], participation=ParticipationDTO[id=2026, testRun=false, type=programming, submissionCount=null, exercise=ParticipationExerciseDTO[id=2608, exerciseType=PROGRAMMING, type=programming, assessmentType=AUTOMATIC, dueDate=2025-02-16T23:45:43.597978Z, assessmentDueDate=null, maxPoints=42.0, course=CourseDTO[id=991, accuracyOfScores=1]]], feedbacks=[FeedbackDTO[id=959, text=null, detailText=The exercise expects a class with the name Context in the package testpackage. You did not implement the class in the exercise., hasLongFeedbackText=false, reference=null, credits=0.0, positive=false, type=AUTOMATIC, visibility=ALWAYS, testCase=TestCaseDTO[testName=null, id=1448]], FeedbackDTO[id=960, text=null, detailText=The exercise expects a class with the name Policy in the package testpackage. You did not implement the class in the exercise., hasLongFeedbackText=false, reference=null, credits=0.0, positive=false, type=AUTOMATIC, visibility=ALWAYS, testCase=TestCaseDTO[testName=null, id=1449]], FeedbackDTO[id=961, text=null, detailText=The exercise expects a class with the name SortStrategy in the package testpackage. You did not implement the class in the exercise., hasLongFeedbackText=false, reference=null, credits=0.0, positive=false, type=AUTOMATIC, visibility=ALWAYS, testCase=TestCaseDTO[testName=null, id=1450]], FeedbackDTO[id=962, text=null, detailText=The class 'MergeSort' does not implement the interface 'SortStrategy' as expected. Implement the interface and its methods., hasLongFeedbackText=false, reference=null, credits=0.0, positive=false, type=AUTOMATIC, visibility=ALWAYS, testCase=TestCaseDTO[testName=null, id=1445]], FeedbackDTO[id=963, text=null, detailText=The exercise expects a class with the name SortStrategy in the package testpackage. You did not implement the class in the exercise., hasLongFeedbackText=false, reference=null, credits=0.0, positive=false, type=AUTOMATIC, visibility=ALWAYS, testCase=TestCaseDTO[testName=null, id=1442]], FeedbackDTO[id=964, text=null, detailText=The class 'BubbleSort' does not implement the interface 'SortStrategy' as expected. Implement the interface and its methods., hasLongFeedbackText=false, reference=null, credits=0.0, positive=false, type=AUTOMATIC, visibility=ALWAYS, testCase=TestCaseDTO[testName=null, id=1446]], FeedbackDTO[id=965, text=null, detailText=MergeSort does not sort correctly, hasLongFeedbackText=false, reference=null, credits=0.0, positive=false, type=AUTOMATIC, visibility=ALWAYS, testCase=TestCaseDTO[testName=null, id=1451]], FeedbackDTO[id=966, text=null, detailText=The class 'Context' was not found within the submission. Make sure to implement it properly., hasLongFeedbackText=false, reference=null, credits=0.0, positive=false, type=AUTOMATIC, visibility=ALWAYS, testCase=TestCaseDTO[testName=null, id=1452]], FeedbackDTO[id=967, text=null, detailText=The class 'Context' was not found within the submission. Make sure to implement it properly., hasLongFeedbackText=false, reference=null, credits=0.0, positive=false, type=AUTOMATIC, visibility=ALWAYS, testCase=TestCaseDTO[testName=null, id=1453]], FeedbackDTO[id=968, text=null, detailText=The exercise expects a class with the name Policy in the package testpackage. You did not implement the class in the exercise., hasLongFeedbackText=false, reference=null, credits=0.0, positive=false, type=AUTOMATIC, visibility=ALWAYS, testCase=TestCaseDTO[testName=null, id=1447]], FeedbackDTO[id=969, text=null, detailText=The exercise expects a class with the name Context in the package testpackage. You did not implement the class in the exercise., hasLongFeedbackText=false, reference=null, credits=0.0, positive=false, type=AUTOMATIC, visibility=ALWAYS, testCase=TestCaseDTO[testName=null, id=1443]], FeedbackDTO[id=970, text=null, detailText=The exercise expects a class with the name Policy in the package testpackage. You did not implement the class in the exercise., hasLongFeedbackText=false, reference=null, credits=0.0, positive=false, type=AUTOMATIC, visibility=ALWAYS, testCase=TestCaseDTO[testName=null, id=1444]], FeedbackDTO[id=971, text=null, detailText=null, hasLongFeedbackText=false, reference=null, credits=3.230769230769231, positive=true, type=AUTOMATIC, visibility=ALWAYS, testCase=TestCaseDTO[testName=null, id=1454]]], assessmentType=AUTOMATIC, hasComplaint=null, exampleResult=null, testCaseCount=13, passedTestCaseCount=1, codeIssueCount=0]], BuildJobQueueItem[id=20271739576746886, name=SHORT0FC863930E92904248098A506171F81CF6CFTSTEXC-SOLUTION, buildAgent=BuildAgentDTO[name=artemis-build-agent-test, memberAddress=[127.0.0.1]:5703, displayName=artemis-build-agent-test], participationId=2027, courseId=992, exerciseId=2609, retryCount=0, priority=2, status=SUCCESSFUL, repositoryInfo=RepositoryInfo[repositoryName=short0fc863930e92904248098a506171f81cf6cftstexc-solution, repositoryType=solution, triggeredByPushTo=auxiliary, assignmentRepositoryUri=http://localhost:49152/git/SHORT0FC863930E92904248098A506171F81CF6CFTSTEXC/short0fc863930e92904248098a506171f81cf6cftstexc-solution.git, testRepositoryUri=http://localhost:49152/git/SHORT0FC863930E92904248098A506171F81CF6CFTSTEXC/short0fc863930e92904248098a506171f81cf6cftstexc-tests.git, solutionRepositoryUri=null, auxiliaryRepositoryUris=[Ljava.lang.String;@572ef449, auxiliaryRepositoryCheckoutDirectories=[Ljava.lang.String;@2a887ae2], jobTimingInfo=JobTimingInfo[submissionDate=2025-02-14T23:45:46.886984066Z[Etc/UTC], buildStartDate=2025-02-14T23:45:46.897709578Z[Etc/UTC], buildCompletionDate=2025-02-14T23:45:48.628460156Z[Etc/UTC], estimatedCompletionDate=2025-02-14T23:46:05.897701272Z[Etc/UTC], estimatedDuration=19], buildConfig=BuildConfig[buildScript=#!/bin/bash
cd /var/tmp/testing-dir
chmod +x ./gradlew
./gradlew clean test
, dockerImage=dummy-docker-image:latest, commitHashToBuild=null, assignmentCommitHash=115a2e943bee242fdad360b50d8ad5f30792577e, testCommitHash=9b3a9bd71a0d80e5bbc42204c319ed3d1d4f0d6d, branch=main, programmingLanguage=JAVA, projectType=PLAIN_GRADLE, scaEnabled=false, sequentialTestRunsEnabled=false, resultPaths=[/var/tmp/testing-dir/**/test-results/test/*.xml], timeoutSeconds=0, assignmentCheckoutPath=null, testCheckoutPath=null, solutionCheckoutPath=null, dockerRunConfig=null], submissionResult=ResultDTO[id=636, completionDate=2025-02-14T23:45:48.593370968Z[Etc/UTC], successful=true, score=100.0, rated=true, submission=SubmissionDTO[id=830, submitted=true, type=TEST, exampleSubmission=null, submissionDate=2025-02-14T23:45:46.873671Z, commitHash=9b3a9bd71a0d80e5bbc42204c319ed3d1d4f0d6d, buildFailed=false, buildArtifact=false, participation=ParticipationDTO[id=2027, testRun=false, type=solution, submissionCount=null, exercise=ParticipationExerciseDTO[id=2609, exerciseType=PROGRAMMING, type=programming, assessmentType=AUTOMATIC, dueDate=2025-02-16T23:45:46.386304Z, assessmentDueDate=null, maxPoints=42.0, course=CourseDTO[id=992, accuracyOfScores=1]]], submissionExerciseType=programming, isProcessing=false, buildStartDate=null, estimatedCompletionDate=null], participation=ParticipationDTO[id=2027, testRun=false, type=solution, submissionCount=null, exercise=ParticipationExerciseDTO[id=2609, exerciseType=PROGRAMMING, type=programming, assessmentType=AUTOMATIC, dueDate=2025-02-16T23:45:46.386304Z, assessmentDueDate=null, maxPoints=42.0, course=CourseDTO[id=992, accuracyOfScores=1]]], feedbacks=[FeedbackDTO[id=972, text=null, detailText=null, hasLongFeedbackText=false, reference=null, credits=3.230769230769231, positive=true, type=AUTOMATIC, visibility=ALWAYS, testCase=TestCaseDTO[testName=testMethods[Context], id=1461]], FeedbackDTO[id=973, text=null, detailText=null, hasLongFeedbackText=false, reference=null, credits=3.230769230769231, positive=true, type=AUTOMATIC, visibility=ALWAYS, testCase=TestCaseDTO[testName=testMethods[Policy], id=1462]], FeedbackDTO[id=974, text=null, detailText=null, hasLongFeedbackText=false, reference=null, credits=3.230769230769231, positive=true, type=AUTOMATIC, visibility=ALWAYS, testCase=TestCaseDTO[testName=testMethods[SortStrategy], id=1463]], FeedbackDTO[id=975, text=null, detailText=null, hasLongFeedbackText=false, reference=null, credits=3.230769230769231, positive=true, type=AUTOMATIC, visibility=ALWAYS, testCase=TestCaseDTO[testName=testClass[MergeSort], id=1458]], FeedbackDTO[id=976, text=null, detailText=null, hasLongFeedbackText=false, reference=null, credits=3.230769230769231, positive=true, type=AUTOMATIC, visibility=ALWAYS, testCase=TestCaseDTO[testName=testClass[SortStrategy], id=1455]], FeedbackDTO[id=977, text=null, detailText=null, hasLongFeedbackText=false, reference=null, credits=3.230769230769231, positive=true, type=AUTOMATIC, visibility=ALWAYS, testCase=TestCaseDTO[testName=testClass[BubbleSort], id=1459]], FeedbackDTO[id=978, text=null, detailText=null, hasLongFeedbackText=false, reference=null, credits=3.230769230769231, positive=true, type=AUTOMATIC, visibility=ALWAYS, testCase=TestCaseDTO[testName=testMergeSort(), id=1464]], FeedbackDTO[id=979, text=null, detailText=null, hasLongFeedbackText=false, reference=null, credits=3.230769230769231, positive=true, type=AUTOMATIC, visibility=ALWAYS, testCase=TestCaseDTO[testName=testUseBubbleSortForSmallList(), id=1465]], FeedbackDTO[id=980, text=null, detailText=null, hasLongFeedbackText=false, reference=null, credits=3.230769230769231, positive=true, type=AUTOMATIC, visibility=ALWAYS, testCase=TestCaseDTO[testName=testBubbleSort(), id=1467]], FeedbackDTO[id=981, text=null, detailText=null, hasLongFeedbackText=false, reference=null, credits=3.230769230769231, positive=true, type=AUTOMATIC, visibility=ALWAYS, testCase=TestCaseDTO[testName=testUseMergeSortForBigList(), id=1466]], FeedbackDTO[id=982, text=null, detailText=null, hasLongFeedbackText=false, reference=null, credits=3.230769230769231, positive=true, type=AUTOMATIC, visibility=ALWAYS, testCase=TestCaseDTO[testName=testConstructors[Policy], id=1460]], FeedbackDTO[id=983, text=null, detailText=null, hasLongFeedbackText=false, reference=null, credits=3.230769230769231, positive=true, type=AUTOMATIC, visibility=ALWAYS, testCase=TestCaseDTO[testName=testAttributes[Context], id=1456]], FeedbackDTO[id=984, text=null, detailText=null, hasLongFeedbackText=false, reference=null, credits=3.230769230769231, positive=true, type=AUTOMATIC, visibility=ALWAYS, testCase=TestCaseDTO[testName=testAttributes[Policy], id=1457]]], assessmentType=AUTOMATIC, hasComplaint=null, exampleResult=null, testCaseCount=13, passedTestCaseCount=13, codeIssueCount=0]], BuildJobQueueItem[id=20281739576748768, name=SHORT0FC863930E92904248098A506171F81CF6CFTSTEXC-BASE, buildAgent=BuildAgentDTO[name=artemis-build-agent-test, memberAddress=[127.0.0.1]:5703, displayName=artemis-build-agent-test], participationId=2028, courseId=992, exerciseId=2609, retryCount=0, priority=2, status=SUCCESSFUL, repositoryInfo=RepositoryInfo[repositoryName=short0fc863930e92904248098a506171f81cf6cftstexc-exercise, repositoryType=exercise, triggeredByPushTo=auxiliary, assignmentRepositoryUri=http://localhost:49152/git/SHORT0FC863930E92904248098A506171F81CF6CFTSTEXC/short0fc863930e92904248098a506171f81cf6cftstexc-exercise.git, testRepositoryUri=http://localhost:49152/git/SHORT0FC863930E92904248098A506171F81CF6CFTSTEXC/short0fc863930e92904248098a506171f81cf6cftstexc-tests.git, solutionRepositoryUri=null, auxiliaryRepositoryUris=[Ljava.lang.String;@287951cc, auxiliaryRepositoryCheckoutDirectories=[Ljava.lang.String;@6d471822], jobTimingInfo=JobTimingInfo[submissionDate=2025-02-14T23:45:48.768063548Z[Etc/UTC], buildStartDate=2025-02-14T23:45:48.802531989Z[Etc/UTC], buildCompletionDate=2025-02-14T23:45:50.482681367Z[Etc/UTC], estimatedCompletionDate=2025-02-14T23:45:50.802523092Z[Etc/UTC], estimatedDuration=2], buildConfig=BuildConfig[buildScript=#!/bin/bash
cd /var/tmp/testing-dir
chmod +x ./gradlew
./gradlew clean test
, dockerImage=dummy-docker-image:latest, commitHashToBuild=9b3a9bd71a0d80e5bbc42204c319ed3d1d4f0d6d, assignmentCommitHash=115a2e943bee242fdad360b50d8ad5f30792577e, testCommitHash=9b3a9bd71a0d80e5bbc42204c319ed3d1d4f0d6d, branch=main, programmingLanguage=JAVA, projectType=PLAIN_GRADLE, scaEnabled=false, sequentialTestRunsEnabled=false, resultPaths=[/var/tmp/testing-dir/**/test-results/test/*.xml], timeoutSeconds=0, assignmentCheckoutPath=null, testCheckoutPath=null, solutionCheckoutPath=null, dockerRunConfig=null], submissionResult=ResultDTO[id=637, completionDate=2025-02-14T23:45:50.449084694Z[Etc/UTC], successful=false, score=0.0, rated=true, submission=SubmissionDTO[id=831, submitted=true, type=TEST, exampleSubmission=null, submissionDate=2025-02-14T23:45:48.761177Z, commitHash=9b3a9bd71a0d80e5bbc42204c319ed3d1d4f0d6d, buildFailed=false, buildArtifact=false, participation=ParticipationDTO[id=2028, testRun=false, type=template, submissionCount=null, exercise=ParticipationExerciseDTO[id=2609, exerciseType=PROGRAMMING, type=programming, assessmentType=AUTOMATIC, dueDate=2025-02-16T23:45:46.386304Z, assessmentDueDate=null, maxPoints=42.0, course=CourseDTO[id=992, accuracyOfScores=1]]], submissionExerciseType=programming, isProcessing=false, buildStartDate=null, estimatedCompletionDate=null], participation=ParticipationDTO[id=2028, testRun=false, type=template, submissionCount=null, exercise=ParticipationExerciseDTO[id=2609, exerciseType=PROGRAMMING, type=programming, assessmentType=AUTOMATIC, dueDate=2025-02-16T23:45:46.386304Z, assessmentDueDate=null, maxPoints=42.0, course=CourseDTO[id=992, accuracyOfScores=1]]], feedbacks=[FeedbackDTO[id=985, text=null, detailText=The exercise expects a class with the name Context in the package testpackage. You did not implement the class in the exercise., hasLongFeedbackText=false, reference=null, credits=0.0, positive=false, type=AUTOMATIC, visibility=ALWAYS, testCase=TestCaseDTO[testName=testMethods[Context], id=1461]], FeedbackDTO[id=986, text=null, detailText=The exercise expects a class with the name Policy in the package testpackage. You did not implement the class in the exercise., hasLongFeedbackText=false, reference=null, credits=0.0, positive=false, type=AUTOMATIC, visibility=ALWAYS, testCase=TestCaseDTO[testName=testMethods[Policy], id=1462]], FeedbackDTO[id=987, text=null, detailText=The exercise expects a class with the name SortStrategy in the package testpackage. You did not implement the class in the exercise., hasLongFeedbackText=false, reference=null, credits=0.0, positive=false, type=AUTOMATIC, visibility=ALWAYS, testCase=TestCaseDTO[testName=testMethods[SortStrategy], id=1463]], FeedbackDTO[id=988, text=null, detailText=The class 'MergeSort' does not implement the interface 'SortStrategy' as expected. Implement the interface and its methods., hasLongFeedbackText=false, reference=null, credits=0.0, positive=false, type=AUTOMATIC, visibility=ALWAYS, testCase=TestCaseDTO[testName=testClass[MergeSort], id=1458]], FeedbackDTO[id=989, text=null, detailText=The exercise expects a class with the name SortStrategy in the package testpackage. You did not implement the class in the exercise., hasLongFeedbackText=false, reference=null, credits=0.0, positive=false, type=AUTOMATIC, visibility=ALWAYS, testCase=TestCaseDTO[testName=testClass[SortStrategy], id=1455]], FeedbackDTO[id=990, text=null, detailText=The class 'BubbleSort' does not implement the interface 'SortStrategy' as expected. Implement the interface and its methods., hasLongFeedbackText=false, reference=null, credits=0.0, positive=false, type=AUTOMATIC, visibility=ALWAYS, testCase=TestCaseDTO[testName=testClass[BubbleSort], id=1459]], FeedbackDTO[id=991, text=null, detailText=MergeSort does not sort correctly, hasLongFeedbackText=false, reference=null, credits=0.0, positive=false, type=AUTOMATIC, visibility=ALWAYS, testCase=TestCaseDTO[testName=testMergeSort(), id=1464]], FeedbackDTO[id=992, text=null, detailText=The class 'Context' was not found within the submission. Make sure to implement it properly., hasLongFeedbackText=false, reference=null, credits=0.0, positive=false, type=AUTOMATIC, visibility=ALWAYS, testCase=TestCaseDTO[testName=testUseBubbleSortForSmallList(), id=1465]], FeedbackDTO[id=993, text=null, detailText=BubbleSort does not sort correctly, hasLongFeedbackText=false, reference=null, credits=0.0, positive=false, type=AUTOMATIC, visibility=ALWAYS, testCase=TestCaseDTO[testName=testBubbleSort(), id=1467]], FeedbackDTO[id=994, text=null, detailText=The class 'Context' was not found within the submission. Make sure to implement it properly., hasLongFeedbackText=false, reference=null, credits=0.0, positive=false, type=AUTOMATIC, visibility=ALWAYS, testCase=TestCaseDTO[testName=testUseMergeSortForBigList(), id=1466]], FeedbackDTO[id=995, text=null, detailText=The exercise expects a class with the name Policy in the package testpackage. You did not implement the class in the exercise., hasLongFeedbackText=false, reference=null, credits=0.0, positive=false, type=AUTOMATIC, visibility=ALWAYS, testCase=TestCaseDTO[testName=testConstructors[Policy], id=1460]], FeedbackDTO[id=996, text=null, detailText=The exercise expects a class with the name Context in the package testpackage. You did not implement the class in the exercise., hasLongFeedbackText=false, reference=null, credits=0.0, positive=false, type=AUTOMATIC, visibility=ALWAYS, testCase=TestCaseDTO[testName=testAttributes[Context], id=1456]], FeedbackDTO[id=997, text=null, detailText=The exercise expects a class with the name Policy in the package testpackage. You did not implement the class in the exercise., hasLongFeedbackText=false, reference=null, credits=0.0, positive=false, type=AUTOMATIC, visibility=ALWAYS, testCase=TestCaseDTO[testName=testAttributes[Policy], id=1457]]], assessmentType=AUTOMATIC, hasComplaint=null, exampleResult=null, testCaseCount=13, passedTestCaseCount=0, codeIssueCount=0]], BuildJobQueueItem[id=20291739576751299, name=SHORT716C2EC10B19B049C80A2F00B97EAB20B2A9TSTEXC-SOLUTION, buildAgent=BuildAgentDTO[name=artemis-build-agent-test, memberAddress=[127.0.0.1]:5703, displayName=artemis-build-agent-test], participationId=2029, courseId=993, exerciseId=2610, retryCount=0, priority=2, status=SUCCESSFUL, repositoryInfo=RepositoryInfo[repositoryName=short716c2ec10b19b049c80a2f00b97eab20b2a9tstexc-solution, repositoryType=solution, triggeredByPushTo=tests, assignmentRepositoryUri=http://localhost:49152/git/SHORT716C2EC10B19B049C80A2F00B97EAB20B2A9TSTEXC/short716c2ec10b19b049c80a2f00b97eab20b2a9tstexc-solution.git, testRepositoryUri=http://localhost:49152/git/SHORT716C2EC10B19B049C80A2F00B97EAB20B2A9TSTEXC/short716c2ec10b19b049c80a2f00b97eab20b2a9tstexc-tests.git, solutionRepositoryUri=null, auxiliaryRepositoryUris=[Ljava.lang.String;@4deb257f, auxiliaryRepositoryCheckoutDirectories=[Ljava.lang.String;@245d194a], jobTimingInfo=JobTimingInfo[submissionDate=2025-02-14T23:45:51.299892174Z[Etc/UTC], buildStartDate=2025-02-14T23:45:51.314028505Z[Etc/UTC], buildCompletionDate=2025-02-14T23:45:52.158312850Z[Etc/UTC], estimatedCompletionDate=2025-02-14T23:46:10.314021752Z[Etc/UTC], estimatedDuration=19], buildConfig=BuildConfig[buildScript=#!/bin/bash
cd /var/tmp/testing-dir
chmod +x ./gradlew
./gradlew clean test
, dockerImage=dummy-docker-image:latest, commitHashToBuild=1e531733ed6e9237f710b528d1eb0b7beac565fd, assignmentCommitHash=815e279f12ad296b4f24c44134a07293c04c010f, testCommitHash=1e531733ed6e9237f710b528d1eb0b7beac565fd, branch=main, programmingLanguage=JAVA, projectType=PLAIN_GRADLE, scaEnabled=false, sequentialTestRunsEnabled=false, resultPaths=[/var/tmp/testing-dir/**/test-results/test/*.xml], timeoutSeconds=0, assignmentCheckoutPath=null, testCheckoutPath=null, solutionCheckoutPath=null, dockerRunConfig=null], submissionResult=null]], publicSshKey=ssh-rsa AAAAB3NzaC1yc2EAAAADAQABAAACAQCOPdMsxRE2jFJ/UEa5/LsBxtwzJcrh3/rYBCQvcMeVpiRfhzQPWu7mrt/G2Ew+i+vRloGH9aqKg6dd1liRncao53Zmd/ePxoatXePNhmzTfkCkcSkTUz7B+QMjkoDDV5jwuFPD6mF3JkhuzSi64n9Zy905t4w2IhVcjM2mL3eYNjiCXt6Qpq3Pkt7dM/Ksw1nxnvuiIALuJLB3FTkXkHqq3PJav+9HSq2r6ZaWgekneaGxlQlb+U+Vy3XOuArKAzK8c8i+0bR+AHiTG6ncYXt7ax3U+TdlDTF7OLP3umwaYjs1NBXOHwG42pevvpKn2fqavZZozk+M05jXLx3bq0O7itxfErWc7etky8qYPyyIMF/txQIVLd78+Ze4d7Y60t5MGbXM5cGE6fFif5fEJwgswXD+BrG0cafz1CTatjSKFdvp8Vp4VszXhHDan1PrP6JEFJ5Cc5GDmLRZPCFa3vL9f5qXgf4bkqKN8MYeEujwJE5nMRWoiJVNakix2bcrrneQMBlnYeYZVWXXXUusAQBzl4NgddC1umZpihZkL1b1MffZAUW3EGEXi7KHnllQhkTLLsQ8ntMgbylqaJKStqaXlLvdeRJcEnUuiFCrHEVVbXRFZR7XVDZ02CE5o3MuaRPty8Kh+jRTF3COlAckHwYEJCNNJvXFgb2CNXL4mjzYDw== test@localhost]
    23:45:52.168 | 588 artemis-task-1   | DEBUG | d.t.c.a.a.c.c.w.GzipMessageConverter : Compressed message payload from 255 to 232 (saved 9.0% payload size)
    23:45:52.169 | 566 localvc.event-13 | DEBUG | a.p.s.l.SharedQueueManagementService : Build agent updated: null
    23:45:52.170 | 566 localvc.event-13 | DEBUG | p.s.l.LocalCIResultProcessingService : Result of build job with id 20291739576751299 added to queue
    23:45:52.171 | 566 localvc.event-13 | INFO  | p.s.l.LocalCIResultProcessingService : Processing build job result with id 20291739576751299
    23:45:52.171 | 566 localvc.event-13 | DEBUG | p.s.l.LocalCIResultProcessingService : Build jobs waiting in queue: 0
    23:45:52.171 | 566 localvc.event-13 | DEBUG | p.s.l.LocalCIResultProcessingService : Queued build jobs: []
    23:45:52.173 | 566 localvc.event-13 | DEBUG | .s.ProgrammingExerciseGradingService : Received new build result (NEW) for participation 2029
    23:45:52.177 | 588 artemis-task-1   | DEBUG | d.t.c.a.a.c.c.w.GzipMessageConverter : Compressed message payload from 90549 to 9516 (saved 89.5% payload size)
    23:45:52.217 | 566 localvc.event-13 | DEBUG | .a.a.p.s.ProgrammingMessagingService : Send result to client over websocket. Result: Result{id638, completionDate=2025-02-14T23:45:52.146826070Z[Etc/UTC], successful=true, score=100.0, rated=true, assessmentType=AUTOMATIC, hasComplaint=null, testCaseCount=13, passedTestCaseCount=13, codeIssueCount=0}, Submission: ProgrammingSubmission{commitHash='1e531733ed6e9237f710b528d1eb0b7beac565fd', buildFailed=false, buildArtifact=false, type=TEST}, Participation: SolutionProgrammingExerciseParticipation{id=2029, repositoryUri='http://localhost:49152/git/SHORT716C2EC10B19B049C80A2F00B97EAB20B2A9TSTEXC/short716c2ec10b19b049c80a2f00b97eab20b2a9tstexc-solution.git', buildPlanId='SHORT716C2EC10B19B049C80A2F00B97EAB20B2A9TSTEXC-SOLUTION}
    23:45:52.224 | 566 localvc.event-13 | DEBUG | d.t.c.a.a.p.s.BuildLogEntryService   : Saved build logs for build job 20291739576751299 to file /tmp/build-logs/short716c2ec10b19b049c80a2f00b97eab20b2a9/TSTEXC/20291739576751299.log
    23:45:52.224 | 566 localvc.event-13 | DEBUG | p.s.l.LocalCIResultProcessingService : Triggering build of template repository for solution build with id 20291739576751299
    23:45:52.237 | 566 localvc.event-13 | INFO  | .t.c.a.a.p.s.l.LocalCITriggerService : Triggering build for participation 2030 and commit hash 1e531733ed6e9237f710b528d1eb0b7beac565fd
    23:45:52.237 | 566 localvc.event-13 | DEBUG | d.t.c.a.a.p.s.AbstractGitService     : getLastCommitHash http://localhost:49152/git/SHORT716C2EC10B19B049C80A2F00B97EAB20B2A9TSTEXC/short716c2ec10b19b049c80a2f00b97eab20b2a9tstexc-exercise.git
    23:45:52.238 | 566 localvc.event-13 | ERROR | d.t.c.a.a.p.s.AbstractGitService     : Cannot use ssh properly because of mismatch of Jgit transport object: org.eclipse.jgit.transport.TransportLocal@4e6b5dc9
    23:45:52.244 | 566 localvc.event-13 | INFO  | .t.c.a.a.p.s.l.LocalCITriggerService : Added build job 20301739576752239 for exercise TSTEXC and participation 2030 with priority 2 to the queue
    23:45:52.245 | 566 localvc.event-13 | DEBUG | a.p.s.l.LocalCIQueueWebsocketService : Build agent updated: BuildAgentInformation[buildAgent=BuildAgentDTO[name=artemis-build-agent-test, memberAddress=[127.0.0.1]:5703, displayName=artemis-build-agent-test], maxNumberOfConcurrentBuildJobs=1, numberOfCurrentBuildJobs=0, runningBuildJobs=[], status=IDLE, recentBuildJobs=[BuildJobQueueItem[id=19141739576708030, name=SHORT5F02A8F400311042E70858306EB148073CFDTSTEXC-LOCALVCINTSTUDENT1, buildAgent=BuildAgentDTO[name=artemis-build-agent-test, memberAddress=[127.0.0.1]:5703, displayName=artemis-build-agent-test], participationId=1914, courseId=947, exerciseId=2564, retryCount=0, priority=2, status=FAILED, repositoryInfo=RepositoryInfo[repositoryName=short5f02a8f400311042e70858306eb148073cfdtstexc-localvcintstudent1, repositoryType=user, triggeredByPushTo=user, assignmentRepositoryUri=http://localhost:49152/git/SHORT5F02A8F400311042E70858306EB148073CFDTSTEXC/short5f02a8f400311042e70858306eb148073cfdtstexc-localvcintstudent1.git, testRepositoryUri=http://localhost:49152/git/SHORT5F02A8F400311042E70858306EB148073CFDTSTEXC/short5f02a8f400311042e70858306eb148073cfdtstexc-tests.git, solutionRepositoryUri=null, auxiliaryRepositoryUris=[Ljava.lang.String;@2519237, auxiliaryRepositoryCheckoutDirectories=[Ljava.lang.String;@470183b1], jobTimingInfo=JobTimingInfo[submissionDate=2025-02-14T23:45:08.030118216Z[Etc/UTC], buildStartDate=2025-02-14T23:45:08.041011412Z[Etc/UTC], buildCompletionDate=2025-02-14T23:45:08.054603331Z[Etc/UTC], estimatedCompletionDate=2025-02-14T23:45:27.041005080Z[Etc/UTC], estimatedDuration=19], buildConfig=BuildConfig[buildScript=#!/bin/bash
cd /var/tmp/testing-dir
chmod +x ./gradlew
./gradlew clean test
, dockerImage=dummy-docker-image:latest, commitHashToBuild=6e7146cac5059504aa9d170ec3fa23aec740bb51, assignmentCommitHash=6e7146cac5059504aa9d170ec3fa23aec740bb51, testCommitHash=931e5303581c7a2f01339ba603cfafbfe668b901, branch=main, programmingLanguage=JAVA, projectType=PLAIN_GRADLE, scaEnabled=false, sequentialTestRunsEnabled=false, resultPaths=[/var/tmp/testing-dir/**/test-results/test/*.xml], timeoutSeconds=0, assignmentCheckoutPath=null, testCheckoutPath=null, solutionCheckoutPath=null, dockerRunConfig=null], submissionResult=ResultDTO[id=622, completionDate=2025-02-14T23:45:08.054683681Z[Etc/UTC], successful=false, score=0.0, rated=true, submission=SubmissionDTO[id=814, submitted=true, type=MANUAL, exampleSubmission=null, submissionDate=2025-02-14T23:45:08.016200Z, commitHash=6e7146cac5059504aa9d170ec3fa23aec740bb51, buildFailed=true, buildArtifact=false, participation=ParticipationDTO[id=1914, testRun=false, type=programming, submissionCount=null, exercise=ParticipationExerciseDTO[id=2564, exerciseType=PROGRAMMING, type=programming, assessmentType=AUTOMATIC, dueDate=2025-02-16T23:45:07.324348Z, assessmentDueDate=null, maxPoints=42.0, course=CourseDTO[id=947, accuracyOfScores=1]]], submissionExerciseType=programming, isProcessing=false, buildStartDate=null, estimatedCompletionDate=null], participation=ParticipationDTO[id=1914, testRun=false, type=programming, submissionCount=null, exercise=ParticipationExerciseDTO[id=2564, exerciseType=PROGRAMMING, type=programming, assessmentType=AUTOMATIC, dueDate=2025-02-16T23:45:07.324348Z, assessmentDueDate=null, maxPoints=42.0, course=CourseDTO[id=947, accuracyOfScores=1]]], feedbacks=[], assessmentType=AUTOMATIC, hasComplaint=null, exampleResult=null, testCaseCount=0, passedTestCaseCount=0, codeIssueCount=0]], BuildJobQueueItem[id=19361739576711303, name=SHORT9AFDAE3804CA304DDF0889A0CB0F56104A86TSTEXC-LOCALVCINTSTUDENT1, buildAgent=BuildAgentDTO[name=artemis-build-agent-test, memberAddress=[127.0.0.1]:5703, displayName=artemis-build-agent-test], participationId=1936, courseId=956, exerciseId=2573, retryCount=0, priority=2, status=FAILED, repositoryInfo=RepositoryInfo[repositoryName=short9afdae3804ca304ddf0889a0cb0f56104a86tstexc-localvcintstudent1, repositoryType=user, triggeredByPushTo=user, assignmentRepositoryUri=http://localhost:49152/git/SHORT9AFDAE3804CA304DDF0889A0CB0F56104A86TSTEXC/short9afdae3804ca304ddf0889a0cb0f56104a86tstexc-localvcintstudent1.git, testRepositoryUri=http://localhost:49152/git/SHORT9AFDAE3804CA304DDF0889A0CB0F56104A86TSTEXC/short9afdae3804ca304ddf0889a0cb0f56104a86tstexc-tests.git, solutionRepositoryUri=null, auxiliaryRepositoryUris=[Ljava.lang.String;@71561f60, auxiliaryRepositoryCheckoutDirectories=[Ljava.lang.String;@1c138b5d], jobTimingInfo=JobTimingInfo[submissionDate=2025-02-14T23:45:11.303805653Z[Etc/UTC], buildStartDate=2025-02-14T23:45:11.310981356Z[Etc/UTC], buildCompletionDate=2025-02-14T23:45:11.319178384Z[Etc/UTC], estimatedCompletionDate=2025-02-14T23:45:30.310974944Z[Etc/UTC], estimatedDuration=19], buildConfig=BuildConfig[buildScript=#!/bin/bash
cd /var/tmp/testing-dir
chmod +x ./gradlew
./gradlew clean test
, dockerImage=dummy-docker-image:latest, commitHashToBuild=a1099e378cffde441ef85f9b12577ca174b8e1e4, assignmentCommitHash=a1099e378cffde441ef85f9b12577ca174b8e1e4, testCommitHash=bd38d61c299ab11a1dea82a3ca5493fe04d97d47, branch=main, programmingLanguage=JAVA, projectType=PLAIN_GRADLE, scaEnabled=false, sequentialTestRunsEnabled=false, resultPaths=[/var/tmp/testing-dir/**/test-results/test/*.xml], timeoutSeconds=0, assignmentCheckoutPath=null, testCheckoutPath=null, solutionCheckoutPath=null, dockerRunConfig=null], submissionResult=ResultDTO[id=623, completionDate=2025-02-14T23:45:11.319278430Z[Etc/UTC], successful=false, score=0.0, rated=true, submission=SubmissionDTO[id=815, submitted=true, type=MANUAL, exampleSubmission=null, submissionDate=2025-02-14T23:45:11.294386Z, commitHash=a1099e378cffde441ef85f9b12577ca174b8e1e4, buildFailed=true, buildArtifact=false, participation=ParticipationDTO[id=1936, testRun=false, type=programming, submissionCount=null, exercise=ParticipationExerciseDTO[id=2573, exerciseType=PROGRAMMING, type=programming, assessmentType=AUTOMATIC, dueDate=2025-02-16T23:45:10.996982Z, assessmentDueDate=null, maxPoints=42.0, course=CourseDTO[id=956, accuracyOfScores=1]]], submissionExerciseType=programming, isProcessing=false, buildStartDate=null, estimatedCompletionDate=null], participation=ParticipationDTO[id=1936, testRun=false, type=programming, submissionCount=null, exercise=ParticipationExerciseDTO[id=2573, exerciseType=PROGRAMMING, type=programming, assessmentType=AUTOMATIC, dueDate=2025-02-16T23:45:10.996982Z, assessmentDueDate=null, maxPoints=42.0, course=CourseDTO[id=956, accuracyOfScores=1]]], feedbacks=[], assessmentType=AUTOMATIC, hasComplaint=null, exampleResult=null, testCaseCount=0, passedTestCaseCount=0, codeIssueCount=0]], BuildJobQueueItem[id=19351739576711674, name=SHORT9AFDAE3804CA304DDF0889A0CB0F56104A86TSTEXC-BASE, buildAgent=BuildAgentDTO[name=artemis-build-agent-test, memberAddress=[127.0.0.1]:5703, displayName=artemis-build-agent-test], participationId=1935, courseId=956, exerciseId=2573, retryCount=0, priority=2, status=FAILED, repositoryInfo=RepositoryInfo[repositoryName=short9afdae3804ca304ddf0889a0cb0f56104a86tstexc-exercise, repositoryType=exercise, triggeredByPushTo=exercise, assignmentRepositoryUri=http://localhost:49152/git/SHORT9AFDAE3804CA304DDF0889A0CB0F56104A86TSTEXC/short9afdae3804ca304ddf0889a0cb0f56104a86tstexc-exercise.git, testRepositoryUri=http://localhost:49152/git/SHORT9AFDAE3804CA304DDF0889A0CB0F56104A86TSTEXC/short9afdae3804ca304ddf0889a0cb0f56104a86tstexc-tests.git, solutionRepositoryUri=null, auxiliaryRepositoryUris=[Ljava.lang.String;@125d62c2, auxiliaryRepositoryCheckoutDirectories=[Ljava.lang.String;@598a6733], jobTimingInfo=JobTimingInfo[submissionDate=2025-02-14T23:45:11.674556681Z[Etc/UTC], buildStartDate=2025-02-14T23:45:11.677776879Z[Etc/UTC], buildCompletionDate=2025-02-14T23:45:11.688097378Z[Etc/UTC], estimatedCompletionDate=2025-02-14T23:45:30.677771620Z[Etc/UTC], estimatedDuration=19], buildConfig=BuildConfig[buildScript=#!/bin/bash
cd /var/tmp/testing-dir
chmod +x ./gradlew
./gradlew clean test
, dockerImage=dummy-docker-image:latest, commitHashToBuild=a1099e378cffde441ef85f9b12577ca174b8e1e4, assignmentCommitHash=a1099e378cffde441ef85f9b12577ca174b8e1e4, testCommitHash=bd38d61c299ab11a1dea82a3ca5493fe04d97d47, branch=main, programmingLanguage=JAVA, projectType=PLAIN_GRADLE, scaEnabled=false, sequentialTestRunsEnabled=false, resultPaths=[/var/tmp/testing-dir/**/test-results/test/*.xml], timeoutSeconds=0, assignmentCheckoutPath=null, testCheckoutPath=null, solutionCheckoutPath=null, dockerRunConfig=null], submissionResult=ResultDTO[id=624, completionDate=2025-02-14T23:45:11.688214837Z[Etc/UTC], successful=false, score=0.0, rated=true, submission=SubmissionDTO[id=816, submitted=true, type=MANUAL, exampleSubmission=null, submissionDate=2025-02-14T23:45:11.656934Z, commitHash=a1099e378cffde441ef85f9b12577ca174b8e1e4, buildFailed=true, buildArtifact=false, participation=ParticipationDTO[id=1935, testRun=false, type=template, submissionCount=null, exercise=ParticipationExerciseDTO[id=2573, exerciseType=PROGRAMMING, type=programming, assessmentType=AUTOMATIC, dueDate=2025-02-16T23:45:10.996982Z, assessmentDueDate=null, maxPoints=42.0, course=CourseDTO[id=956, accuracyOfScores=1]]], submissionExerciseType=programming, isProcessing=false, buildStartDate=null, estimatedCompletionDate=null], participation=ParticipationDTO[id=1935, testRun=false, type=template, submissionCount=null, exercise=ParticipationExerciseDTO[id=2573, exerciseType=PROGRAMMING, type=programming, assessmentType=AUTOMATIC, dueDate=2025-02-16T23:45:10.996982Z, assessmentDueDate=null, maxPoints=42.0, course=CourseDTO[id=956, accuracyOfScores=1]]], feedbacks=[], assessmentType=AUTOMATIC, hasComplaint=null, exampleResult=null, testCaseCount=0, passedTestCaseCount=0, codeIssueCount=0]], BuildJobQueueItem[id=19341739576712112, name=SHORT9AFDAE3804CA304DDF0889A0CB0F56104A86TSTEXC-SOLUTION, buildAgent=BuildAgentDTO[name=artemis-build-agent-test, memberAddress=[127.0.0.1]:5703, displayName=artemis-build-agent-test], participationId=1934, courseId=956, exerciseId=2573, retryCount=0, priority=2, status=FAILED, repositoryInfo=RepositoryInfo[repositoryName=short9afdae3804ca304ddf0889a0cb0f56104a86tstexc-solution, repositoryType=solution, triggeredByPushTo=solution, assignmentRepositoryUri=http://localhost:49152/git/SHORT9AFDAE3804CA304DDF0889A0CB0F56104A86TSTEXC/short9afdae3804ca304ddf0889a0cb0f56104a86tstexc-solution.git, testRepositoryUri=http://localhost:49152/git/SHORT9AFDAE3804CA304DDF0889A0CB0F56104A86TSTEXC/short9afdae3804ca304ddf0889a0cb0f56104a86tstexc-tests.git, solutionRepositoryUri=null, auxiliaryRepositoryUris=[Ljava.lang.String;@1866de7d, auxiliaryRepositoryCheckoutDirectories=[Ljava.lang.String;@18aff74f], jobTimingInfo=JobTimingInfo[submissionDate=2025-02-14T23:45:12.112332872Z[Etc/UTC], buildStartDate=2025-02-14T23:45:12.121617114Z[Etc/UTC], buildCompletionDate=2025-02-14T23:45:12.127931701Z[Etc/UTC], estimatedCompletionDate=2025-02-14T23:45:31.121609600Z[Etc/UTC], estimatedDuration=19], buildConfig=BuildConfig[buildScript=#!/bin/bash
cd /var/tmp/testing-dir
chmod +x ./gradlew
./gradlew clean test
, dockerImage=dummy-docker-image:latest, commitHashToBuild=a1099e378cffde441ef85f9b12577ca174b8e1e4, assignmentCommitHash=a1099e378cffde441ef85f9b12577ca174b8e1e4, testCommitHash=bd38d61c299ab11a1dea82a3ca5493fe04d97d47, branch=main, programmingLanguage=JAVA, projectType=PLAIN_GRADLE, scaEnabled=false, sequentialTestRunsEnabled=false, resultPaths=[/var/tmp/testing-dir/**/test-results/test/*.xml], timeoutSeconds=0, assignmentCheckoutPath=null, testCheckoutPath=null, solutionCheckoutPath=null, dockerRunConfig=null], submissionResult=ResultDTO[id=625, completionDate=2025-02-14T23:45:12.128011800Z[Etc/UTC], successful=false, score=0.0, rated=true, submission=SubmissionDTO[id=817, submitted=true, type=MANUAL, exampleSubmission=null, submissionDate=2025-02-14T23:45:12.098737Z, commitHash=a1099e378cffde441ef85f9b12577ca174b8e1e4, buildFailed=true, buildArtifact=false, participation=ParticipationDTO[id=1934, testRun=false, type=solution, submissionCount=null, exercise=ParticipationExerciseDTO[id=2573, exerciseType=PROGRAMMING, type=programming, assessmentType=AUTOMATIC, dueDate=2025-02-16T23:45:10.996982Z, assessmentDueDate=null, maxPoints=42.0, course=CourseDTO[id=956, accuracyOfScores=1]]], submissionExerciseType=programming, isProcessing=false, buildStartDate=null, estimatedCompletionDate=null], participation=ParticipationDTO[id=1934, testRun=false, type=solution, submissionCount=null, exercise=ParticipationExerciseDTO[id=2573, exerciseType=PROGRAMMING, type=programming, assessmentType=AUTOMATIC, dueDate=2025-02-16T23:45:10.996982Z, assessmentDueDate=null, maxPoints=42.0, course=CourseDTO[id=956, accuracyOfScores=1]]], feedbacks=[], assessmentType=AUTOMATIC, hasComplaint=null, exampleResult=null, testCaseCount=0, passedTestCaseCount=0, codeIssueCount=0]], BuildJobQueueItem[id=19341739576713025, name=SHORT9AFDAE3804CA304DDF0889A0CB0F56104A86TSTEXC-SOLUTION, buildAgent=BuildAgentDTO[name=artemis-build-agent-test, memberAddress=[127.0.0.1]:5703, displayName=artemis-build-agent-test], participationId=1934, courseId=956, exerciseId=2573, retryCount=0, priority=2, status=FAILED, repositoryInfo=RepositoryInfo[repositoryName=short9afdae3804ca304ddf0889a0cb0f56104a86tstexc-solution, repositoryType=solution, triggeredByPushTo=tests, assignmentRepositoryUri=http://localhost:49152/git/SHORT9AFDAE3804CA304DDF0889A0CB0F56104A86TSTEXC/short9afdae3804ca304ddf0889a0cb0f56104a86tstexc-solution.git, testRepositoryUri=http://localhost:49152/git/SHORT9AFDAE3804CA304DDF0889A0CB0F56104A86TSTEXC/short9afdae3804ca304ddf0889a0cb0f56104a86tstexc-tests.git, solutionRepositoryUri=null, auxiliaryRepositoryUris=[Ljava.lang.String;@619dddea, auxiliaryRepositoryCheckoutDirectories=[Ljava.lang.String;@6b248d15], jobTimingInfo=JobTimingInfo[submissionDate=2025-02-14T23:45:13.025319671Z[Etc/UTC], buildStartDate=2025-02-14T23:45:13.040293146Z[Etc/UTC], buildCompletionDate=2025-02-14T23:45:13.053032917Z[Etc/UTC], estimatedCompletionDate=2025-02-14T23:45:32.040285703Z[Etc/UTC], estimatedDuration=19], buildConfig=BuildConfig[buildScript=#!/bin/bash
cd /var/tmp/testing-dir
chmod +x ./gradlew
./gradlew clean test
, dockerImage=dummy-docker-image:latest, commitHashToBuild=784f8f0049d2a1a54f21c67dd772bea86715267a, assignmentCommitHash=a1099e378cffde441ef85f9b12577ca174b8e1e4, testCommitHash=784f8f0049d2a1a54f21c67dd772bea86715267a, branch=main, programmingLanguage=JAVA, projectType=PLAIN_GRADLE, scaEnabled=false, sequentialTestRunsEnabled=false, resultPaths=[/var/tmp/testing-dir/**/test-results/test/*.xml], timeoutSeconds=0, assignmentCheckoutPath=null, testCheckoutPath=null, solutionCheckoutPath=null, dockerRunConfig=null], submissionResult=ResultDTO[id=626, completionDate=2025-02-14T23:45:13.053131811Z[Etc/UTC], successful=false, score=0.0, rated=true, submission=SubmissionDTO[id=818, submitted=true, type=TEST, exampleSubmission=null, submissionDate=2025-02-14T23:45:13.005779Z, commitHash=784f8f0049d2a1a54f21c67dd772bea86715267a, buildFailed=true, buildArtifact=false, participation=ParticipationDTO[id=1934, testRun=false, type=solution, submissionCount=null, exercise=ParticipationExerciseDTO[id=2573, exerciseType=PROGRAMMING, type=programming, assessmentType=AUTOMATIC, dueDate=2025-02-16T23:45:10.996982Z, assessmentDueDate=null, maxPoints=42.0, course=CourseDTO[id=956, accuracyOfScores=1]]], submissionExerciseType=programming, isProcessing=false, buildStartDate=null, estimatedCompletionDate=null], participation=ParticipationDTO[id=1934, testRun=false, type=solution, submissionCount=null, exercise=ParticipationExerciseDTO[id=2573, exerciseType=PROGRAMMING, type=programming, assessmentType=AUTOMATIC, dueDate=2025-02-16T23:45:10.996982Z, assessmentDueDate=null, maxPoints=42.0, course=CourseDTO[id=956, accuracyOfScores=1]]], feedbacks=[], assessmentType=AUTOMATIC, hasComplaint=null, exampleResult=null, testCaseCount=0, passedTestCaseCount=0, codeIssueCount=0]], BuildJobQueueItem[id=19581739576715555, name=SHORTC1A3F9FC03D2304B4308FA20AF16D54AAA49TSTEXC-LOCALVCSSHINTSTUDENT1, buildAgent=BuildAgentDTO[name=artemis-build-agent-test, memberAddress=[127.0.0.1]:5703, displayName=artemis-build-agent-test], participationId=1958, courseId=965, exerciseId=2582, retryCount=0, priority=2, status=FAILED, repositoryInfo=RepositoryInfo[repositoryName=shortc1a3f9fc03d2304b4308fa20af16d54aaa49tstexc-localvcsshintstudent1, repositoryType=user, triggeredByPushTo=user, assignmentRepositoryUri=http://localhost:49152/git/SHORTC1A3F9FC03D2304B4308FA20AF16D54AAA49TSTEXC/shortc1a3f9fc03d2304b4308fa20af16d54aaa49tstexc-localvcsshintstudent1.git, testRepositoryUri=http://localhost:49152/git/SHORTC1A3F9FC03D2304B4308FA20AF16D54AAA49TSTEXC/shortc1a3f9fc03d2304b4308fa20af16d54aaa49tstexc-tests.git, solutionRepositoryUri=null, auxiliaryRepositoryUris=[Ljava.lang.String;@459f333a, auxiliaryRepositoryCheckoutDirectories=[Ljava.lang.String;@226db149], jobTimingInfo=JobTimingInfo[submissionDate=2025-02-14T23:45:15.555989584Z[Etc/UTC], buildStartDate=2025-02-14T23:45:15.568477627Z[Etc/UTC], buildCompletionDate=2025-02-14T23:45:15.579021148Z[Etc/UTC], estimatedCompletionDate=2025-02-14T23:45:34.568443924Z[Etc/UTC], estimatedDuration=19], buildConfig=BuildConfig[buildScript=#!/bin/bash
cd /var/tmp/testing-dir
chmod +x ./gradlew
./gradlew clean test
, dockerImage=dummy-docker-image:latest, commitHashToBuild=ca76dac20e040e6609db02fd7fedd56bf58829d7, assignmentCommitHash=ca76dac20e040e6609db02fd7fedd56bf58829d7, testCommitHash=bd0d58c226dc63bfa4bc9052870589952c0a1f83, branch=main, programmingLanguage=JAVA, projectType=PLAIN_GRADLE, scaEnabled=false, sequentialTestRunsEnabled=false, resultPaths=[/var/tmp/testing-dir/**/test-results/test/*.xml], timeoutSeconds=0, assignmentCheckoutPath=null, testCheckoutPath=null, solutionCheckoutPath=null, dockerRunConfig=null], submissionResult=ResultDTO[id=627, completionDate=2025-02-14T23:45:15.579119131Z[Etc/UTC], successful=false, score=0.0, rated=true, submission=SubmissionDTO[id=820, submitted=true, type=MANUAL, exampleSubmission=null, submissionDate=2025-02-14T23:45:15.548349Z, commitHash=ca76dac20e040e6609db02fd7fedd56bf58829d7, buildFailed=true, buildArtifact=false, participation=ParticipationDTO[id=1958, testRun=false, type=programming, submissionCount=null, exercise=ParticipationExerciseDTO[id=2582, exerciseType=PROGRAMMING, type=programming, assessmentType=AUTOMATIC, dueDate=2025-02-16T23:45:15.103512Z, assessmentDueDate=null, maxPoints=42.0, course=CourseDTO[id=965, accuracyOfScores=1]]], submissionExerciseType=programming, isProcessing=false, buildStartDate=null, estimatedCompletionDate=null], participation=ParticipationDTO[id=1958, testRun=false, type=programming, submissionCount=null, exercise=ParticipationExerciseDTO[id=2582, exerciseType=PROGRAMMING, type=programming, assessmentType=AUTOMATIC, dueDate=2025-02-16T23:45:15.103512Z, assessmentDueDate=null, maxPoints=42.0, course=CourseDTO[id=965, accuracyOfScores=1]]], feedbacks=[], assessmentType=AUTOMATIC, hasComplaint=null, exampleResult=null, testCaseCount=0, passedTestCaseCount=0, codeIssueCount=0]], BuildJobQueueItem[id=19801739576719393, name=SHORTB2A6C58B0D447045380A858075B170A5B7C6TSTEXC-LOCALVCSSHINTSTUDENT1, buildAgent=BuildAgentDTO[name=artemis-build-agent-test, memberAddress=[127.0.0.1]:5703, displayName=artemis-build-agent-test], participationId=1980, courseId=974, exerciseId=2591, retryCount=0, priority=2, status=FAILED, repositoryInfo=RepositoryInfo[repositoryName=shortb2a6c58b0d447045380a858075b170a5b7c6tstexc-localvcsshintstudent1, repositoryType=user, triggeredByPushTo=user, assignmentRepositoryUri=http://localhost:49152/git/SHORTB2A6C58B0D447045380A858075B170A5B7C6TSTEXC/shortb2a6c58b0d447045380a858075b170a5b7c6tstexc-localvcsshintstudent1.git, testRepositoryUri=http://localhost:49152/git/SHORTB2A6C58B0D447045380A858075B170A5B7C6TSTEXC/shortb2a6c58b0d447045380a858075b170a5b7c6tstexc-tests.git, solutionRepositoryUri=null, auxiliaryRepositoryUris=[Ljava.lang.String;@2d104a63, auxiliaryRepositoryCheckoutDirectories=[Ljava.lang.String;@629326f1], jobTimingInfo=JobTimingInfo[submissionDate=2025-02-14T23:45:19.393259829Z[Etc/UTC], buildStartDate=2025-02-14T23:45:19.405438171Z[Etc/UTC], buildCompletionDate=2025-02-14T23:45:19.414070673Z[Etc/UTC], estimatedCompletionDate=2025-02-14T23:45:38.405431569Z[Etc/UTC], estimatedDuration=19], buildConfig=BuildConfig[buildScript=#!/bin/bash
cd /var/tmp/testing-dir
chmod +x ./gradlew
./gradlew clean test
, dockerImage=dummy-docker-image:latest, commitHashToBuild=363cdbf709a9fff149f813ab848ee800a675cc77, assignmentCommitHash=363cdbf709a9fff149f813ab848ee800a675cc77, testCommitHash=a5e046ece417b2e538f21f816e2524dab61e0d10, branch=main, programmingLanguage=JAVA, projectType=PLAIN_GRADLE, scaEnabled=false, sequentialTestRunsEnabled=false, resultPaths=[/var/tmp/testing-dir/**/test-results/test/*.xml], timeoutSeconds=0, assignmentCheckoutPath=null, testCheckoutPath=null, solutionCheckoutPath=null, dockerRunConfig=null], submissionResult=ResultDTO[id=628, completionDate=2025-02-14T23:45:19.414171040Z[Etc/UTC], successful=false, score=0.0, rated=true, submission=SubmissionDTO[id=821, submitted=true, type=MANUAL, exampleSubmission=null, submissionDate=2025-02-14T23:45:19.376840Z, commitHash=363cdbf709a9fff149f813ab848ee800a675cc77, buildFailed=true, buildArtifact=false, participation=ParticipationDTO[id=1980, testRun=false, type=programming, submissionCount=null, exercise=ParticipationExerciseDTO[id=2591, exerciseType=PROGRAMMING, type=programming, assessmentType=AUTOMATIC, dueDate=2025-02-16T23:45:18.950569Z, assessmentDueDate=null, maxPoints=42.0, course=CourseDTO[id=974, accuracyOfScores=1]]], submissionExerciseType=programming, isProcessing=false, buildStartDate=null, estimatedCompletionDate=null], participation=ParticipationDTO[id=1980, testRun=false, type=programming, submissionCount=null, exercise=ParticipationExerciseDTO[id=2591, exerciseType=PROGRAMMING, type=programming, assessmentType=AUTOMATIC, dueDate=2025-02-16T23:45:18.950569Z, assessmentDueDate=null, maxPoints=42.0, course=CourseDTO[id=974, accuracyOfScores=1]]], feedbacks=[], assessmentType=AUTOMATIC, hasComplaint=null, exampleResult=null, testCaseCount=0, passedTestCaseCount=0, codeIssueCount=0]], BuildJobQueueItem[id=19791739576719787, name=SHORTB2A6C58B0D447045380A858075B170A5B7C6TSTEXC-BASE, buildAgent=BuildAgentDTO[name=artemis-build-agent-test, memberAddress=[127.0.0.1]:5703, displayName=artemis-build-agent-test], participationId=1979, courseId=974, exerciseId=2591, retryCount=0, priority=2, status=FAILED, repositoryInfo=RepositoryInfo[repositoryName=shortb2a6c58b0d447045380a858075b170a5b7c6tstexc-exercise, repositoryType=exercise, triggeredByPushTo=exercise, assignmentRepositoryUri=http://localhost:49152/git/SHORTB2A6C58B0D447045380A858075B170A5B7C6TSTEXC/shortb2a6c58b0d447045380a858075b170a5b7c6tstexc-exercise.git, testRepositoryUri=http://localhost:49152/git/SHORTB2A6C58B0D447045380A858075B170A5B7C6TSTEXC/shortb2a6c58b0d447045380a858075b170a5b7c6tstexc-tests.git, solutionRepositoryUri=null, auxiliaryRepositoryUris=[Ljava.lang.String;@5ea9df7a, auxiliaryRepositoryCheckoutDirectories=[Ljava.lang.String;@1101da1f], jobTimingInfo=JobTimingInfo[submissionDate=2025-02-14T23:45:19.787985058Z[Etc/UTC], buildStartDate=2025-02-14T23:45:19.796327417Z[Etc/UTC], buildCompletionDate=2025-02-14T23:45:19.799750982Z[Etc/UTC], estimatedCompletionDate=2025-02-14T23:45:38.796319082Z[Etc/UTC], estimatedDuration=19], buildConfig=BuildConfig[buildScript=#!/bin/bash
cd /var/tmp/testing-dir
chmod +x ./gradlew
./gradlew clean test
, dockerImage=dummy-docker-image:latest, commitHashToBuild=363cdbf709a9fff149f813ab848ee800a675cc77, assignmentCommitHash=363cdbf709a9fff149f813ab848ee800a675cc77, testCommitHash=a5e046ece417b2e538f21f816e2524dab61e0d10, branch=main, programmingLanguage=JAVA, projectType=PLAIN_GRADLE, scaEnabled=false, sequentialTestRunsEnabled=false, resultPaths=[/var/tmp/testing-dir/**/test-results/test/*.xml], timeoutSeconds=0, assignmentCheckoutPath=null, testCheckoutPath=null, solutionCheckoutPath=null, dockerRunConfig=null], submissionResult=ResultDTO[id=629, completionDate=2025-02-14T23:45:19.799820341Z[Etc/UTC], successful=false, score=0.0, rated=true, submission=SubmissionDTO[id=822, submitted=true, type=MANUAL, exampleSubmission=null, submissionDate=2025-02-14T23:45:19.775952Z, commitHash=363cdbf709a9fff149f813ab848ee800a675cc77, buildFailed=true, buildArtifact=false, participation=ParticipationDTO[id=1979, testRun=false, type=template, submissionCount=null, exercise=ParticipationExerciseDTO[id=2591, exerciseType=PROGRAMMING, type=programming, assessmentType=AUTOMATIC, dueDate=2025-02-16T23:45:18.950569Z, assessmentDueDate=null, maxPoints=42.0, course=CourseDTO[id=974, accuracyOfScores=1]]], submissionExerciseType=programming, isProcessing=false, buildStartDate=null, estimatedCompletionDate=null], participation=ParticipationDTO[id=1979, testRun=false, type=template, submissionCount=null, exercise=ParticipationExerciseDTO[id=2591, exerciseType=PROGRAMMING, type=programming, assessmentType=AUTOMATIC, dueDate=2025-02-16T23:45:18.950569Z, assessmentDueDate=null, maxPoints=42.0, course=CourseDTO[id=974, accuracyOfScores=1]]], feedbacks=[], assessmentType=AUTOMATIC, hasComplaint=null, exampleResult=null, testCaseCount=0, passedTestCaseCount=0, codeIssueCount=0]], BuildJobQueueItem[id=19781739576720235, name=SHORTB2A6C58B0D447045380A858075B170A5B7C6TSTEXC-SOLUTION, buildAgent=BuildAgentDTO[name=artemis-build-agent-test, memberAddress=[127.0.0.1]:5703, displayName=artemis-build-agent-test], participationId=1978, courseId=974, exerciseId=2591, retryCount=0, priority=2, status=FAILED, repositoryInfo=RepositoryInfo[repositoryName=shortb2a6c58b0d447045380a858075b170a5b7c6tstexc-solution, repositoryType=solution, triggeredByPushTo=solution, assignmentRepositoryUri=http://localhost:49152/git/SHORTB2A6C58B0D447045380A858075B170A5B7C6TSTEXC/shortb2a6c58b0d447045380a858075b170a5b7c6tstexc-solution.git, testRepositoryUri=http://localhost:49152/git/SHORTB2A6C58B0D447045380A858075B170A5B7C6TSTEXC/shortb2a6c58b0d447045380a858075b170a5b7c6tstexc-tests.git, solutionRepositoryUri=null, auxiliaryRepositoryUris=[Ljava.lang.String;@3eedd90e, auxiliaryRepositoryCheckoutDirectories=[Ljava.lang.String;@4532d48c], jobTimingInfo=JobTimingInfo[submissionDate=2025-02-14T23:45:20.235272325Z[Etc/UTC], buildStartDate=2025-02-14T23:45:20.243033812Z[Etc/UTC], buildCompletionDate=2025-02-14T23:45:20.250721018Z[Etc/UTC], estimatedCompletionDate=2025-02-14T23:45:39.243026949Z[Etc/UTC], estimatedDuration=19], buildConfig=BuildConfig[buildScript=#!/bin/bash
cd /var/tmp/testing-dir
chmod +x ./gradlew
./gradlew clean test
, dockerImage=dummy-docker-image:latest, commitHashToBuild=c710d0e68c9c7db8cda7d1a278308de2b9642cc0, assignmentCommitHash=c710d0e68c9c7db8cda7d1a278308de2b9642cc0, testCommitHash=a5e046ece417b2e538f21f816e2524dab61e0d10, branch=main, programmingLanguage=JAVA, projectType=PLAIN_GRADLE, scaEnabled=false, sequentialTestRunsEnabled=false, resultPaths=[/var/tmp/testing-dir/**/test-results/test/*.xml], timeoutSeconds=0, assignmentCheckoutPath=null, testCheckoutPath=null, solutionCheckoutPath=null, dockerRunConfig=null], submissionResult=ResultDTO[id=630, completionDate=2025-02-14T23:45:20.250809893Z[Etc/UTC], successful=false, score=0.0, rated=true, submission=SubmissionDTO[id=823, submitted=true, type=MANUAL, exampleSubmission=null, submissionDate=2025-02-14T23:45:20.211707Z, commitHash=c710d0e68c9c7db8cda7d1a278308de2b9642cc0, buildFailed=true, buildArtifact=false, participation=ParticipationDTO[id=1978, testRun=false, type=solution, submissionCount=null, exercise=ParticipationExerciseDTO[id=2591, exerciseType=PROGRAMMING, type=programming, assessmentType=AUTOMATIC, dueDate=2025-02-16T23:45:18.950569Z, assessmentDueDate=null, maxPoints=42.0, course=CourseDTO[id=974, accuracyOfScores=1]]], submissionExerciseType=programming, isProcessing=false, buildStartDate=null, estimatedCompletionDate=null], participation=ParticipationDTO[id=1978, testRun=false, type=solution, submissionCount=null, exercise=ParticipationExerciseDTO[id=2591, exerciseType=PROGRAMMING, type=programming, assessmentType=AUTOMATIC, dueDate=2025-02-16T23:45:18.950569Z, assessmentDueDate=null, maxPoints=42.0, course=CourseDTO[id=974, accuracyOfScores=1]]], feedbacks=[], assessmentType=AUTOMATIC, hasComplaint=null, exampleResult=null, testCaseCount=0, passedTestCaseCount=0, codeIssueCount=0]], BuildJobQueueItem[id=19781739576720802, name=SHORTB2A6C58B0D447045380A858075B170A5B7C6TSTEXC-SOLUTION, buildAgent=BuildAgentDTO[name=artemis-build-agent-test, memberAddress=[127.0.0.1]:5703, displayName=artemis-build-agent-test], participationId=1978, courseId=974, exerciseId=2591, retryCount=0, priority=2, status=FAILED, repositoryInfo=RepositoryInfo[repositoryName=shortb2a6c58b0d447045380a858075b170a5b7c6tstexc-solution, repositoryType=solution, triggeredByPushTo=tests, assignmentRepositoryUri=http://localhost:49152/git/SHORTB2A6C58B0D447045380A858075B170A5B7C6TSTEXC/shortb2a6c58b0d447045380a858075b170a5b7c6tstexc-solution.git, testRepositoryUri=http://localhost:49152/git/SHORTB2A6C58B0D447045380A858075B170A5B7C6TSTEXC/shortb2a6c58b0d447045380a858075b170a5b7c6tstexc-tests.git, solutionRepositoryUri=null, auxiliaryRepositoryUris=[Ljava.lang.String;@55f0815f, auxiliaryRepositoryCheckoutDirectories=[Ljava.lang.String;@4abe68dc], jobTimingInfo=JobTimingInfo[submissionDate=2025-02-14T23:45:20.802935026Z[Etc/UTC], buildStartDate=2025-02-14T23:45:20.809306435Z[Etc/UTC], buildCompletionDate=2025-02-14T23:45:20.822452342Z[Etc/UTC], estimatedCompletionDate=2025-02-14T23:45:39.809298491Z[Etc/UTC], estimatedDuration=19], buildConfig=BuildConfig[buildScript=#!/bin/bash
cd /var/tmp/testing-dir
chmod +x ./gradlew
./gradlew clean test
, dockerImage=dummy-docker-image:latest, commitHashToBuild=c710d0e68c9c7db8cda7d1a278308de2b9642cc0, assignmentCommitHash=c710d0e68c9c7db8cda7d1a278308de2b9642cc0, testCommitHash=c710d0e68c9c7db8cda7d1a278308de2b9642cc0, branch=main, programmingLanguage=JAVA, projectType=PLAIN_GRADLE, scaEnabled=false, sequentialTestRunsEnabled=false, resultPaths=[/var/tmp/testing-dir/**/test-results/test/*.xml], timeoutSeconds=0, assignmentCheckoutPath=null, testCheckoutPath=null, solutionCheckoutPath=null, dockerRunConfig=null], submissionResult=ResultDTO[id=631, completionDate=2025-02-14T23:45:20.822527362Z[Etc/UTC], successful=false, score=0.0, rated=true, submission=SubmissionDTO[id=824, submitted=true, type=TEST, exampleSubmission=null, submissionDate=2025-02-14T23:45:20.791240Z, commitHash=c710d0e68c9c7db8cda7d1a278308de2b9642cc0, buildFailed=true, buildArtifact=false, participation=ParticipationDTO[id=1978, testRun=false, type=solution, submissionCount=null, exercise=ParticipationExerciseDTO[id=2591, exerciseType=PROGRAMMING, type=programming, assessmentType=AUTOMATIC, dueDate=2025-02-16T23:45:18.950569Z, assessmentDueDate=null, maxPoints=42.0, course=CourseDTO[id=974, accuracyOfScores=1]]], submissionExerciseType=programming, isProcessing=false, buildStartDate=null, estimatedCompletionDate=null], participation=ParticipationDTO[id=1978, testRun=false, type=solution, submissionCount=null, exercise=ParticipationExerciseDTO[id=2591, exerciseType=PROGRAMMING, type=programming, assessmentType=AUTOMATIC, dueDate=2025-02-16T23:45:18.950569Z, assessmentDueDate=null, maxPoints=42.0, course=CourseDTO[id=974, accuracyOfScores=1]]], feedbacks=[], assessmentType=AUTOMATIC, hasComplaint=null, exampleResult=null, testCaseCount=0, passedTestCaseCount=0, codeIssueCount=0]], BuildJobQueueItem[id=20061739576732554, name=SHORT94A899E303D7504C5D0840704DAAFA3DFF4DTSTEXC-LOCALVCCIINTINSTRUCTOR1, buildAgent=BuildAgentDTO[name=artemis-build-agent-test, memberAddress=[127.0.0.1]:5703, displayName=artemis-build-agent-test], participationId=2006, courseId=984, exerciseId=2601, retryCount=0, priority=2, status=SUCCESSFUL, repositoryInfo=RepositoryInfo[repositoryName=short94a899e303d7504c5d0840704daafa3dff4dtstexc-localvcciintinstructor1, repositoryType=user, triggeredByPushTo=user, assignmentRepositoryUri=http://localhost:49152/git/SHORT94A899E303D7504C5D0840704DAAFA3DFF4DTSTEXC/short94a899e303d7504c5d0840704daafa3dff4dtstexc-localvcciintinstructor1.git, testRepositoryUri=http://localhost:49152/git/SHORT94A899E303D7504C5D0840704DAAFA3DFF4DTSTEXC/short94a899e303d7504c5d0840704daafa3dff4dtstexc-tests.git, solutionRepositoryUri=null, auxiliaryRepositoryUris=[Ljava.lang.String;@1acbed2c, auxiliaryRepositoryCheckoutDirectories=[Ljava.lang.String;@498ecc4d], jobTimingInfo=JobTimingInfo[submissionDate=2025-02-14T23:45:32.554795798Z[Etc/UTC], buildStartDate=2025-02-14T23:45:32.567287465Z[Etc/UTC], buildCompletionDate=2025-02-14T23:45:34.535226768Z[Etc/UTC], estimatedCompletionDate=2025-02-14T23:45:51.567257960Z[Etc/UTC], estimatedDuration=19], buildConfig=BuildConfig[buildScript=#!/bin/bash
cd /var/tmp/testing-dir
chmod +x ./gradlew
./gradlew clean test
, dockerImage=dummy-docker-image:latest, commitHashToBuild=ca2dbc0ae87edf7035058a6a17c0ea60e90a290f, assignmentCommitHash=ca2dbc0ae87edf7035058a6a17c0ea60e90a290f, testCommitHash=0207f6f98af5fbb66ad68455f3fc3cf128af8ae9, branch=main, programmingLanguage=JAVA, projectType=PLAIN_GRADLE, scaEnabled=false, sequentialTestRunsEnabled=false, resultPaths=[/var/tmp/testing-dir/**/test-results/test/*.xml], timeoutSeconds=0, assignmentCheckoutPath=null, testCheckoutPath=null, solutionCheckoutPath=null, dockerRunConfig=null], submissionResult=ResultDTO[id=632, completionDate=2025-02-14T23:45:34.504415716Z[Etc/UTC], successful=false, score=7.7, rated=false, submission=SubmissionDTO[id=826, submitted=true, type=MANUAL, exampleSubmission=null, submissionDate=2025-02-14T23:45:32.541533Z, commitHash=ca2dbc0ae87edf7035058a6a17c0ea60e90a290f, buildFailed=false, buildArtifact=false, participation=ParticipationDTO[id=2006, testRun=true, type=programming, submissionCount=null, exercise=ParticipationExerciseDTO[id=2601, exerciseType=PROGRAMMING, type=programming, assessmentType=AUTOMATIC, dueDate=2025-02-16T23:45:31.864042Z, assessmentDueDate=null, maxPoints=42.0, course=CourseDTO[id=984, accuracyOfScores=1]]], submissionExerciseType=programming, isProcessing=false, buildStartDate=null, estimatedCompletionDate=null], participation=ParticipationDTO[id=2006, testRun=true, type=programming, submissionCount=null, exercise=ParticipationExerciseDTO[id=2601, exerciseType=PROGRAMMING, type=programming, assessmentType=AUTOMATIC, dueDate=2025-02-16T23:45:31.864042Z, assessmentDueDate=null, maxPoints=42.0, course=CourseDTO[id=984, accuracyOfScores=1]]], feedbacks=[FeedbackDTO[id=920, text=null, detailText=The exercise expects a class with the name Context in the package testpackage. You did not implement the class in the exercise., hasLongFeedbackText=false, reference=null, credits=0.0, positive=false, type=AUTOMATIC, visibility=ALWAYS, testCase=TestCaseDTO[testName=null, id=1357]], FeedbackDTO[id=921, text=null, detailText=The exercise expects a class with the name Policy in the package testpackage. You did not implement the class in the exercise., hasLongFeedbackText=false, reference=null, credits=0.0, positive=false, type=AUTOMATIC, visibility=ALWAYS, testCase=TestCaseDTO[testName=null, id=1358]], FeedbackDTO[id=922, text=null, detailText=The exercise expects a class with the name SortStrategy in the package testpackage. You did not implement the class in the exercise., hasLongFeedbackText=false, reference=null, credits=0.0, positive=false, type=AUTOMATIC, visibility=ALWAYS, testCase=TestCaseDTO[testName=null, id=1359]], FeedbackDTO[id=923, text=null, detailText=The class 'MergeSort' does not implement the interface 'SortStrategy' as expected. Implement the interface and its methods., hasLongFeedbackText=false, reference=null, credits=0.0, positive=false, type=AUTOMATIC, visibility=ALWAYS, testCase=TestCaseDTO[testName=null, id=1354]], FeedbackDTO[id=924, text=null, detailText=The exercise expects a class with the name SortStrategy in the package testpackage. You did not implement the class in the exercise., hasLongFeedbackText=false, reference=null, credits=0.0, positive=false, type=AUTOMATIC, visibility=ALWAYS, testCase=TestCaseDTO[testName=null, id=1351]], FeedbackDTO[id=925, text=null, detailText=The class 'BubbleSort' does not implement the interface 'SortStrategy' as expected. Implement the interface and its methods., hasLongFeedbackText=false, reference=null, credits=0.0, positive=false, type=AUTOMATIC, visibility=ALWAYS, testCase=TestCaseDTO[testName=null, id=1355]], FeedbackDTO[id=926, text=null, detailText=MergeSort does not sort correctly, hasLongFeedbackText=false, reference=null, credits=0.0, positive=false, type=AUTOMATIC, visibility=ALWAYS, testCase=TestCaseDTO[testName=null, id=1360]], FeedbackDTO[id=927, text=null, detailText=The class 'Context' was not found within the submission. Make sure to implement it properly., hasLongFeedbackText=false, reference=null, credits=0.0, positive=false, type=AUTOMATIC, visibility=ALWAYS, testCase=TestCaseDTO[testName=null, id=1361]], FeedbackDTO[id=928, text=null, detailText=The class 'Context' was not found within the submission. Make sure to implement it properly., hasLongFeedbackText=false, reference=null, credits=0.0, positive=false, type=AUTOMATIC, visibility=ALWAYS, testCase=TestCaseDTO[testName=null, id=1362]], FeedbackDTO[id=929, text=null, detailText=The exercise expects a class with the name Policy in the package testpackage. You did not implement the class in the exercise., hasLongFeedbackText=false, reference=null, credits=0.0, positive=false, type=AUTOMATIC, visibility=ALWAYS, testCase=TestCaseDTO[testName=null, id=1356]], FeedbackDTO[id=930, text=null, detailText=The exercise expects a class with the name Context in the package testpackage. You did not implement the class in the exercise., hasLongFeedbackText=false, reference=null, credits=0.0, positive=false, type=AUTOMATIC, visibility=ALWAYS, testCase=TestCaseDTO[testName=null, id=1352]], FeedbackDTO[id=931, text=null, detailText=The exercise expects a class with the name Policy in the package testpackage. You did not implement the class in the exercise., hasLongFeedbackText=false, reference=null, credits=0.0, positive=false, type=AUTOMATIC, visibility=ALWAYS, testCase=TestCaseDTO[testName=null, id=1353]], FeedbackDTO[id=932, text=null, detailText=null, hasLongFeedbackText=false, reference=null, credits=3.230769230769231, positive=true, type=AUTOMATIC, visibility=ALWAYS, testCase=TestCaseDTO[testName=null, id=1363]]], assessmentType=AUTOMATIC, hasComplaint=null, exampleResult=null, testCaseCount=13, passedTestCaseCount=1, codeIssueCount=0]], BuildJobQueueItem[id=20111739576737317, name=SHORTD49A6DAE04F9E049850BD5601663FD17A5B7TSTEXC-BASE, buildAgent=BuildAgentDTO[name=artemis-build-agent-test, memberAddress=[127.0.0.1]:5703, displayName=artemis-build-agent-test], participationId=2011, courseId=986, exerciseId=2603, retryCount=0, priority=2, status=SUCCESSFUL, repositoryInfo=RepositoryInfo[repositoryName=shortd49a6dae04f9e049850bd5601663fd17a5b7tstexc-exercise, repositoryType=exercise, triggeredByPushTo=exercise, assignmentRepositoryUri=http://localhost:49152/git/SHORTD49A6DAE04F9E049850BD5601663FD17A5B7TSTEXC/shortd49a6dae04f9e049850bd5601663fd17a5b7tstexc-exercise.git, testRepositoryUri=http://localhost:49152/git/SHORTD49A6DAE04F9E049850BD5601663FD17A5B7TSTEXC/shortd49a6dae04f9e049850bd5601663fd17a5b7tstexc-tests.git, solutionRepositoryUri=null, auxiliaryRepositoryUris=[Ljava.lang.String;@1825565a, auxiliaryRepositoryCheckoutDirectories=[Ljava.lang.String;@2164350a], jobTimingInfo=JobTimingInfo[submissionDate=2025-02-14T23:45:37.317968648Z[Etc/UTC], buildStartDate=2025-02-14T23:45:37.324534774Z[Etc/UTC], buildCompletionDate=2025-02-14T23:45:38.527225461Z[Etc/UTC], estimatedCompletionDate=2025-02-14T23:45:56.324506331Z[Etc/UTC], estimatedDuration=19], buildConfig=BuildConfig[buildScript=#!/bin/bash
cd /var/tmp/testing-dir
chmod +x ./gradlew
./gradlew clean test
, dockerImage=dummy-docker-image:latest, commitHashToBuild=c795243c185829bbefa399f45dcbcfac22311b2f, assignmentCommitHash=c795243c185829bbefa399f45dcbcfac22311b2f, testCommitHash=fa8b162170bf767d852e05e0eb7a128efa2e1f34, branch=main, programmingLanguage=JAVA, projectType=PLAIN_GRADLE, scaEnabled=false, sequentialTestRunsEnabled=false, resultPaths=[/var/tmp/testing-dir/**/test-results/test/*.xml], timeoutSeconds=0, assignmentCheckoutPath=null, testCheckoutPath=null, solutionCheckoutPath=null, dockerRunConfig=null], submissionResult=ResultDTO[id=633, completionDate=2025-02-14T23:45:38.476795726Z[Etc/UTC], successful=false, score=0.0, rated=true, submission=SubmissionDTO[id=827, submitted=true, type=MANUAL, exampleSubmission=null, submissionDate=2025-02-14T23:45:37.303401Z, commitHash=c795243c185829bbefa399f45dcbcfac22311b2f, buildFailed=false, buildArtifact=false, participation=ParticipationDTO[id=2011, testRun=false, type=template, submissionCount=null, exercise=ParticipationExerciseDTO[id=2603, exerciseType=PROGRAMMING, type=programming, assessmentType=AUTOMATIC, dueDate=2025-02-16T23:45:36.830269Z, assessmentDueDate=null, maxPoints=42.0, course=CourseDTO[id=986, accuracyOfScores=1]]], submissionExerciseType=programming, isProcessing=false, buildStartDate=null, estimatedCompletionDate=null], participation=ParticipationDTO[id=2011, testRun=false, type=template, submissionCount=null, exercise=ParticipationExerciseDTO[id=2603, exerciseType=PROGRAMMING, type=programming, assessmentType=AUTOMATIC, dueDate=2025-02-16T23:45:36.830269Z, assessmentDueDate=null, maxPoints=42.0, course=CourseDTO[id=986, accuracyOfScores=1]]], feedbacks=[FeedbackDTO[id=933, text=null, detailText=The exercise expects a class with the name Context in the package testpackage. You did not implement the class in the exercise., hasLongFeedbackText=false, reference=null, credits=0.0, positive=false, type=AUTOMATIC, visibility=ALWAYS, testCase=TestCaseDTO[testName=testMethods[Context], id=1383]], FeedbackDTO[id=934, text=null, detailText=The exercise expects a class with the name Policy in the package testpackage. You did not implement the class in the exercise., hasLongFeedbackText=false, reference=null, credits=0.0, positive=false, type=AUTOMATIC, visibility=ALWAYS, testCase=TestCaseDTO[testName=testMethods[Policy], id=1384]], FeedbackDTO[id=935, text=null, detailText=The exercise expects a class with the name SortStrategy in the package testpackage. You did not implement the class in the exercise., hasLongFeedbackText=false, reference=null, credits=0.0, positive=false, type=AUTOMATIC, visibility=ALWAYS, testCase=TestCaseDTO[testName=testMethods[SortStrategy], id=1385]], FeedbackDTO[id=936, text=null, detailText=The class 'MergeSort' does not implement the interface 'SortStrategy' as expected. Implement the interface and its methods., hasLongFeedbackText=false, reference=null, credits=0.0, positive=false, type=AUTOMATIC, visibility=ALWAYS, testCase=TestCaseDTO[testName=testClass[MergeSort], id=1380]], FeedbackDTO[id=937, text=null, detailText=The exercise expects a class with the name SortStrategy in the package testpackage. You did not implement the class in the exercise., hasLongFeedbackText=false, reference=null, credits=0.0, positive=false, type=AUTOMATIC, visibility=ALWAYS, testCase=TestCaseDTO[testName=testClass[SortStrategy], id=1377]], FeedbackDTO[id=938, text=null, detailText=The class 'BubbleSort' does not implement the interface 'SortStrategy' as expected. Implement the interface and its methods., hasLongFeedbackText=false, reference=null, credits=0.0, positive=false, type=AUTOMATIC, visibility=ALWAYS, testCase=TestCaseDTO[testName=testClass[BubbleSort], id=1381]], FeedbackDTO[id=939, text=null, detailText=MergeSort does not sort correctly, hasLongFeedbackText=false, reference=null, credits=0.0, positive=false, type=AUTOMATIC, visibility=ALWAYS, testCase=TestCaseDTO[testName=testMergeSort(), id=1386]], FeedbackDTO[id=940, text=null, detailText=The class 'Context' was not found within the submission. Make sure to implement it properly., hasLongFeedbackText=false, reference=null, credits=0.0, positive=false, type=AUTOMATIC, visibility=ALWAYS, testCase=TestCaseDTO[testName=testUseBubbleSortForSmallList(), id=1387]], FeedbackDTO[id=941, text=null, detailText=BubbleSort does not sort correctly, hasLongFeedbackText=false, reference=null, credits=0.0, positive=false, type=AUTOMATIC, visibility=ALWAYS, testCase=TestCaseDTO[testName=testBubbleSort(), id=1389]], FeedbackDTO[id=942, text=null, detailText=The class 'Context' was not found within the submission. Make sure to implement it properly., hasLongFeedbackText=false, reference=null, credits=0.0, positive=false, type=AUTOMATIC, visibility=ALWAYS, testCase=TestCaseDTO[testName=testUseMergeSortForBigList(), id=1388]], FeedbackDTO[id=943, text=null, detailText=The exercise expects a class with the name Policy in the package testpackage. You did not implement the class in the exercise., hasLongFeedbackText=false, reference=null, credits=0.0, positive=false, type=AUTOMATIC, visibility=ALWAYS, testCase=TestCaseDTO[testName=testConstructors[Policy], id=1382]], FeedbackDTO[id=944, text=null, detailText=The exercise expects a class with the name Context in the package testpackage. You did not implement the class in the exercise., hasLongFeedbackText=false, reference=null, credits=0.0, positive=false, type=AUTOMATIC, visibility=ALWAYS, testCase=TestCaseDTO[testName=testAttributes[Context], id=1378]], FeedbackDTO[id=945, text=null, detailText=The exercise expects a class with the name Policy in the package testpackage. You did not implement the class in the exercise., hasLongFeedbackText=false, reference=null, credits=0.0, positive=false, type=AUTOMATIC, visibility=ALWAYS, testCase=TestCaseDTO[testName=testAttributes[Policy], id=1379]]], assessmentType=AUTOMATIC, hasComplaint=null, exampleResult=null, testCaseCount=13, passedTestCaseCount=0, codeIssueCount=0]], BuildJobQueueItem[id=20171739576740018, name=SHORT7914AFA00ADC3047140B99D01AC07810CE44TSTEXC-LOCALVCCIINTSTUDENT1, buildAgent=BuildAgentDTO[name=artemis-build-agent-test, memberAddress=[127.0.0.1]:5703, displayName=artemis-build-agent-test], participationId=2017, courseId=988, exerciseId=2605, retryCount=0, priority=2, status=SUCCESSFUL, repositoryInfo=RepositoryInfo[repositoryName=short7914afa00adc3047140b99d01ac07810ce44tstexc-practice-localvcciintstudent1, repositoryType=user, triggeredByPushTo=user, assignmentRepositoryUri=http://localhost:49152/git/SHORT7914AFA00ADC3047140B99D01AC07810CE44TSTEXC/short7914afa00adc3047140b99d01ac07810ce44tstexc-practice-localvcciintstudent1.git, testRepositoryUri=http://localhost:49152/git/SHORT7914AFA00ADC3047140B99D01AC07810CE44TSTEXC/short7914afa00adc3047140b99d01ac07810ce44tstexc-tests.git, solutionRepositoryUri=null, auxiliaryRepositoryUris=[Ljava.lang.String;@64831e87, auxiliaryRepositoryCheckoutDirectories=[Ljava.lang.String;@5bd05afe], jobTimingInfo=JobTimingInfo[submissionDate=2025-02-14T23:45:40.018961253Z[Etc/UTC], buildStartDate=2025-02-14T23:45:40.029742701Z[Etc/UTC], buildCompletionDate=2025-02-14T23:45:41.150208242Z[Etc/UTC], estimatedCompletionDate=2025-02-14T23:45:59.029734065Z[Etc/UTC], estimatedDuration=19], buildConfig=BuildConfig[buildScript=#!/bin/bash
cd /var/tmp/testing-dir
chmod +x ./gradlew
./gradlew clean test
, dockerImage=dummy-docker-image:latest, commitHashToBuild=d80b57877989b971e83ccdb4863c8a7023c76266, assignmentCommitHash=d80b57877989b971e83ccdb4863c8a7023c76266, testCommitHash=327b116890c92b1312314341f43f21ef13ecf7d7, branch=main, programmingLanguage=JAVA, projectType=PLAIN_GRADLE, scaEnabled=false, sequentialTestRunsEnabled=false, resultPaths=[/var/tmp/testing-dir/**/test-results/test/*.xml], timeoutSeconds=0, assignmentCheckoutPath=null, testCheckoutPath=null, solutionCheckoutPath=null, dockerRunConfig=null], submissionResult=ResultDTO[id=634, completionDate=2025-02-14T23:45:41.120192603Z[Etc/UTC], successful=false, score=7.7, rated=false, submission=SubmissionDTO[id=828, submitted=true, type=MANUAL, exampleSubmission=null, submissionDate=2025-02-14T23:45:40.008666Z, commitHash=d80b57877989b971e83ccdb4863c8a7023c76266, buildFailed=false, buildArtifact=false, participation=ParticipationDTO[id=2017, testRun=true, type=programming, submissionCount=null, exercise=ParticipationExerciseDTO[id=2605, exerciseType=PROGRAMMING, type=programming, assessmentType=AUTOMATIC, dueDate=2025-02-16T23:45:39.523500Z, assessmentDueDate=null, maxPoints=42.0, course=CourseDTO[id=988, accuracyOfScores=1]]], submissionExerciseType=programming, isProcessing=false, buildStartDate=null, estimatedCompletionDate=null], participation=ParticipationDTO[id=2017, testRun=true, type=programming, submissionCount=null, exercise=ParticipationExerciseDTO[id=2605, exerciseType=PROGRAMMING, type=programming, assessmentType=AUTOMATIC, dueDate=2025-02-16T23:45:39.523500Z, assessmentDueDate=null, maxPoints=42.0, course=CourseDTO[id=988, accuracyOfScores=1]]], feedbacks=[FeedbackDTO[id=946, text=null, detailText=The exercise expects a class with the name Context in the package testpackage. You did not implement the class in the exercise., hasLongFeedbackText=false, reference=null, credits=0.0, positive=false, type=AUTOMATIC, visibility=ALWAYS, testCase=TestCaseDTO[testName=null, id=1409]], FeedbackDTO[id=947, text=null, detailText=The exercise expects a class with the name Policy in the package testpackage. You did not implement the class in the exercise., hasLongFeedbackText=false, reference=null, credits=0.0, positive=false, type=AUTOMATIC, visibility=ALWAYS, testCase=TestCaseDTO[testName=null, id=1410]], FeedbackDTO[id=948, text=null, detailText=The exercise expects a class with the name SortStrategy in the package testpackage. You did not implement the class in the exercise., hasLongFeedbackText=false, reference=null, credits=0.0, positive=false, type=AUTOMATIC, visibility=ALWAYS, testCase=TestCaseDTO[testName=null, id=1411]], FeedbackDTO[id=949, text=null, detailText=The class 'MergeSort' does not implement the interface 'SortStrategy' as expected. Implement the interface and its methods., hasLongFeedbackText=false, reference=null, credits=0.0, positive=false, type=AUTOMATIC, visibility=ALWAYS, testCase=TestCaseDTO[testName=null, id=1406]], FeedbackDTO[id=950, text=null, detailText=The exercise expects a class with the name SortStrategy in the package testpackage. You did not implement the class in the exercise., hasLongFeedbackText=false, reference=null, credits=0.0, positive=false, type=AUTOMATIC, visibility=ALWAYS, testCase=TestCaseDTO[testName=null, id=1403]], FeedbackDTO[id=951, text=null, detailText=The class 'BubbleSort' does not implement the interface 'SortStrategy' as expected. Implement the interface and its methods., hasLongFeedbackText=false, reference=null, credits=0.0, positive=false, type=AUTOMATIC, visibility=ALWAYS, testCase=TestCaseDTO[testName=null, id=1407]], FeedbackDTO[id=952, text=null, detailText=MergeSort does not sort correctly, hasLongFeedbackText=false, reference=null, credits=0.0, positive=false, type=AUTOMATIC, visibility=ALWAYS, testCase=TestCaseDTO[testName=null, id=1412]], FeedbackDTO[id=953, text=null, detailText=The class 'Context' was not found within the submission. Make sure to implement it properly., hasLongFeedbackText=false, reference=null, credits=0.0, positive=false, type=AUTOMATIC, visibility=ALWAYS, testCase=TestCaseDTO[testName=null, id=1413]], FeedbackDTO[id=954, text=null, detailText=The class 'Context' was not found within the submission. Make sure to implement it properly., hasLongFeedbackText=false, reference=null, credits=0.0, positive=false, type=AUTOMATIC, visibility=ALWAYS, testCase=TestCaseDTO[testName=null, id=1414]], FeedbackDTO[id=955, text=null, detailText=The exercise expects a class with the name Policy in the package testpackage. You did not implement the class in the exercise., hasLongFeedbackText=false, reference=null, credits=0.0, positive=false, type=AUTOMATIC, visibility=ALWAYS, testCase=TestCaseDTO[testName=null, id=1408]], FeedbackDTO[id=956, text=null, detailText=The exercise expects a class with the name Context in the package testpackage. You did not implement the class in the exercise., hasLongFeedbackText=false, reference=null, credits=0.0, positive=false, type=AUTOMATIC, visibility=ALWAYS, testCase=TestCaseDTO[testName=null, id=1404]], FeedbackDTO[id=957, text=null, detailText=The exercise expects a class with the name Policy in the package testpackage. You did not implement the class in the exercise., hasLongFeedbackText=false, reference=null, credits=0.0, positive=false, type=AUTOMATIC, visibility=ALWAYS, testCase=TestCaseDTO[testName=null, id=1405]], FeedbackDTO[id=958, text=null, detailText=null, hasLongFeedbackText=false, reference=null, credits=3.230769230769231, positive=true, type=AUTOMATIC, visibility=ALWAYS, testCase=TestCaseDTO[testName=null, id=1415]]], assessmentType=AUTOMATIC, hasComplaint=null, exampleResult=null, testCaseCount=13, passedTestCaseCount=1, codeIssueCount=0]], BuildJobQueueItem[id=20261739576743984, name=SHORT53C73BE505404043100AC2F00C039353CE8FTSTEXC-LOCALVCCIINTSTUDENT1, buildAgent=BuildAgentDTO[name=artemis-build-agent-test, memberAddress=[127.0.0.1]:5703, displayName=artemis-build-agent-test], participationId=2026, courseId=991, exerciseId=2608, retryCount=0, priority=1, status=SUCCESSFUL, repositoryInfo=RepositoryInfo[repositoryName=short53c73be505404043100ac2f00c039353ce8ftstexc-localvcciintstudent1, repositoryType=user, triggeredByPushTo=user, assignmentRepositoryUri=http://localhost:49152/git/SHORT53C73BE505404043100AC2F00C039353CE8FTSTEXC/short53c73be505404043100ac2f00c039353ce8ftstexc-localvcciintstudent1.git, testRepositoryUri=http://localhost:49152/git/SHORT53C73BE505404043100AC2F00C039353CE8FTSTEXC/short53c73be505404043100ac2f00c039353ce8ftstexc-tests.git, solutionRepositoryUri=null, auxiliaryRepositoryUris=[Ljava.lang.String;@69f55058, auxiliaryRepositoryCheckoutDirectories=[Ljava.lang.String;@6939f409], jobTimingInfo=JobTimingInfo[submissionDate=2025-02-14T23:45:43.984518859Z[Etc/UTC], buildStartDate=2025-02-14T23:45:43.991385682Z[Etc/UTC], buildCompletionDate=2025-02-14T23:45:44.982059928Z[Etc/UTC], estimatedCompletionDate=2025-02-14T23:46:02.991380122Z[Etc/UTC], estimatedDuration=19], buildConfig=BuildConfig[buildScript=#!/bin/bash
cd /var/tmp/testing-dir
chmod +x ./gradlew
./gradlew clean test
, dockerImage=dummy-docker-image:latest, commitHashToBuild=3e90ae9fef2e44ffb41451a080bdaa6a44ad6848, assignmentCommitHash=3e90ae9fef2e44ffb41451a080bdaa6a44ad6848, testCommitHash=0582754c87aae13e640312855ce7dbe490ecb50c, branch=main, programmingLanguage=JAVA, projectType=PLAIN_GRADLE, scaEnabled=false, sequentialTestRunsEnabled=false, resultPaths=[/var/tmp/testing-dir/**/test-results/test/*.xml], timeoutSeconds=0, assignmentCheckoutPath=null, testCheckoutPath=null, solutionCheckoutPath=null, dockerRunConfig=null], submissionResult=ResultDTO[id=635, completionDate=2025-02-14T23:45:44.961313737Z[Etc/UTC], successful=false, score=7.7, rated=true, submission=SubmissionDTO[id=829, submitted=true, type=MANUAL, exampleSubmission=null, submissionDate=2025-02-14T23:45:43.967766Z, commitHash=3e90ae9fef2e44ffb41451a080bdaa6a44ad6848, buildFailed=false, buildArtifact=false, participation=ParticipationDTO[id=2026, testRun=false, type=programming, submissionCount=null, exercise=ParticipationExerciseDTO[id=2608, exerciseType=PROGRAMMING, type=programming, assessmentType=AUTOMATIC, dueDate=2025-02-16T23:45:43.597978Z, assessmentDueDate=null, maxPoints=42.0, course=CourseDTO[id=991, accuracyOfScores=1]]], submissionExerciseType=programming, isProcessing=false, buildStartDate=null, estimatedCompletionDate=null], participation=ParticipationDTO[id=2026, testRun=false, type=programming, submissionCount=null, exercise=ParticipationExerciseDTO[id=2608, exerciseType=PROGRAMMING, type=programming, assessmentType=AUTOMATIC, dueDate=2025-02-16T23:45:43.597978Z, assessmentDueDate=null, maxPoints=42.0, course=CourseDTO[id=991, accuracyOfScores=1]]], feedbacks=[FeedbackDTO[id=959, text=null, detailText=The exercise expects a class with the name Context in the package testpackage. You did not implement the class in the exercise., hasLongFeedbackText=false, reference=null, credits=0.0, positive=false, type=AUTOMATIC, visibility=ALWAYS, testCase=TestCaseDTO[testName=null, id=1448]], FeedbackDTO[id=960, text=null, detailText=The exercise expects a class with the name Policy in the package testpackage. You did not implement the class in the exercise., hasLongFeedbackText=false, reference=null, credits=0.0, positive=false, type=AUTOMATIC, visibility=ALWAYS, testCase=TestCaseDTO[testName=null, id=1449]], FeedbackDTO[id=961, text=null, detailText=The exercise expects a class with the name SortStrategy in the package testpackage. You did not implement the class in the exercise., hasLongFeedbackText=false, reference=null, credits=0.0, positive=false, type=AUTOMATIC, visibility=ALWAYS, testCase=TestCaseDTO[testName=null, id=1450]], FeedbackDTO[id=962, text=null, detailText=The class 'MergeSort' does not implement the interface 'SortStrategy' as expected. Implement the interface and its methods., hasLongFeedbackText=false, reference=null, credits=0.0, positive=false, type=AUTOMATIC, visibility=ALWAYS, testCase=TestCaseDTO[testName=null, id=1445]], FeedbackDTO[id=963, text=null, detailText=The exercise expects a class with the name SortStrategy in the package testpackage. You did not implement the class in the exercise., hasLongFeedbackText=false, reference=null, credits=0.0, positive=false, type=AUTOMATIC, visibility=ALWAYS, testCase=TestCaseDTO[testName=null, id=1442]], FeedbackDTO[id=964, text=null, detailText=The class 'BubbleSort' does not implement the interface 'SortStrategy' as expected. Implement the interface and its methods., hasLongFeedbackText=false, reference=null, credits=0.0, positive=false, type=AUTOMATIC, visibility=ALWAYS, testCase=TestCaseDTO[testName=null, id=1446]], FeedbackDTO[id=965, text=null, detailText=MergeSort does not sort correctly, hasLongFeedbackText=false, reference=null, credits=0.0, positive=false, type=AUTOMATIC, visibility=ALWAYS, testCase=TestCaseDTO[testName=null, id=1451]], FeedbackDTO[id=966, text=null, detailText=The class 'Context' was not found within the submission. Make sure to implement it properly., hasLongFeedbackText=false, reference=null, credits=0.0, positive=false, type=AUTOMATIC, visibility=ALWAYS, testCase=TestCaseDTO[testName=null, id=1452]], FeedbackDTO[id=967, text=null, detailText=The class 'Context' was not found within the submission. Make sure to implement it properly., hasLongFeedbackText=false, reference=null, credits=0.0, positive=false, type=AUTOMATIC, visibility=ALWAYS, testCase=TestCaseDTO[testName=null, id=1453]], FeedbackDTO[id=968, text=null, detailText=The exercise expects a class with the name Policy in the package testpackage. You did not implement the class in the exercise., hasLongFeedbackText=false, reference=null, credits=0.0, positive=false, type=AUTOMATIC, visibility=ALWAYS, testCase=TestCaseDTO[testName=null, id=1447]], FeedbackDTO[id=969, text=null, detailText=The exercise expects a class with the name Context in the package testpackage. You did not implement the class in the exercise., hasLongFeedbackText=false, reference=null, credits=0.0, positive=false, type=AUTOMATIC, visibility=ALWAYS, testCase=TestCaseDTO[testName=null, id=1443]], FeedbackDTO[id=970, text=null, detailText=The exercise expects a class with the name Policy in the package testpackage. You did not implement the class in the exercise., hasLongFeedbackText=false, reference=null, credits=0.0, positive=false, type=AUTOMATIC, visibility=ALWAYS, testCase=TestCaseDTO[testName=null, id=1444]], FeedbackDTO[id=971, text=null, detailText=null, hasLongFeedbackText=false, reference=null, credits=3.230769230769231, positive=true, type=AUTOMATIC, visibility=ALWAYS, testCase=TestCaseDTO[testName=null, id=1454]]], assessmentType=AUTOMATIC, hasComplaint=null, exampleResult=null, testCaseCount=13, passedTestCaseCount=1, codeIssueCount=0]], BuildJobQueueItem[id=20271739576746886, name=SHORT0FC863930E92904248098A506171F81CF6CFTSTEXC-SOLUTION, buildAgent=BuildAgentDTO[name=artemis-build-agent-test, memberAddress=[127.0.0.1]:5703, displayName=artemis-build-agent-test], participationId=2027, courseId=992, exerciseId=2609, retryCount=0, priority=2, status=SUCCESSFUL, repositoryInfo=RepositoryInfo[repositoryName=short0fc863930e92904248098a506171f81cf6cftstexc-solution, repositoryType=solution, triggeredByPushTo=auxiliary, assignmentRepositoryUri=http://localhost:49152/git/SHORT0FC863930E92904248098A506171F81CF6CFTSTEXC/short0fc863930e92904248098a506171f81cf6cftstexc-solution.git, testRepositoryUri=http://localhost:49152/git/SHORT0FC863930E92904248098A506171F81CF6CFTSTEXC/short0fc863930e92904248098a506171f81cf6cftstexc-tests.git, solutionRepositoryUri=null, auxiliaryRepositoryUris=[Ljava.lang.String;@1532a88f, auxiliaryRepositoryCheckoutDirectories=[Ljava.lang.String;@4c6c077d], jobTimingInfo=JobTimingInfo[submissionDate=2025-02-14T23:45:46.886984066Z[Etc/UTC], buildStartDate=2025-02-14T23:45:46.897709578Z[Etc/UTC], buildCompletionDate=2025-02-14T23:45:48.628460156Z[Etc/UTC], estimatedCompletionDate=2025-02-14T23:46:05.897701272Z[Etc/UTC], estimatedDuration=19], buildConfig=BuildConfig[buildScript=#!/bin/bash
cd /var/tmp/testing-dir
chmod +x ./gradlew
./gradlew clean test
, dockerImage=dummy-docker-image:latest, commitHashToBuild=null, assignmentCommitHash=115a2e943bee242fdad360b50d8ad5f30792577e, testCommitHash=9b3a9bd71a0d80e5bbc42204c319ed3d1d4f0d6d, branch=main, programmingLanguage=JAVA, projectType=PLAIN_GRADLE, scaEnabled=false, sequentialTestRunsEnabled=false, resultPaths=[/var/tmp/testing-dir/**/test-results/test/*.xml], timeoutSeconds=0, assignmentCheckoutPath=null, testCheckoutPath=null, solutionCheckoutPath=null, dockerRunConfig=null], submissionResult=ResultDTO[id=636, completionDate=2025-02-14T23:45:48.593370968Z[Etc/UTC], successful=true, score=100.0, rated=true, submission=SubmissionDTO[id=830, submitted=true, type=TEST, exampleSubmission=null, submissionDate=2025-02-14T23:45:46.873671Z, commitHash=9b3a9bd71a0d80e5bbc42204c319ed3d1d4f0d6d, buildFailed=false, buildArtifact=false, participation=ParticipationDTO[id=2027, testRun=false, type=solution, submissionCount=null, exercise=ParticipationExerciseDTO[id=2609, exerciseType=PROGRAMMING, type=programming, assessmentType=AUTOMATIC, dueDate=2025-02-16T23:45:46.386304Z, assessmentDueDate=null, maxPoints=42.0, course=CourseDTO[id=992, accuracyOfScores=1]]], submissionExerciseType=programming, isProcessing=false, buildStartDate=null, estimatedCompletionDate=null], participation=ParticipationDTO[id=2027, testRun=false, type=solution, submissionCount=null, exercise=ParticipationExerciseDTO[id=2609, exerciseType=PROGRAMMING, type=programming, assessmentType=AUTOMATIC, dueDate=2025-02-16T23:45:46.386304Z, assessmentDueDate=null, maxPoints=42.0, course=CourseDTO[id=992, accuracyOfScores=1]]], feedbacks=[FeedbackDTO[id=972, text=null, detailText=null, hasLongFeedbackText=false, reference=null, credits=3.230769230769231, positive=true, type=AUTOMATIC, visibility=ALWAYS, testCase=TestCaseDTO[testName=testMethods[Context], id=1461]], FeedbackDTO[id=973, text=null, detailText=null, hasLongFeedbackText=false, reference=null, credits=3.230769230769231, positive=true, type=AUTOMATIC, visibility=ALWAYS, testCase=TestCaseDTO[testName=testMethods[Policy], id=1462]], FeedbackDTO[id=974, text=null, detailText=null, hasLongFeedbackText=false, reference=null, credits=3.230769230769231, positive=true, type=AUTOMATIC, visibility=ALWAYS, testCase=TestCaseDTO[testName=testMethods[SortStrategy], id=1463]], FeedbackDTO[id=975, text=null, detailText=null, hasLongFeedbackText=false, reference=null, credits=3.230769230769231, positive=true, type=AUTOMATIC, visibility=ALWAYS, testCase=TestCaseDTO[testName=testClass[MergeSort], id=1458]], FeedbackDTO[id=976, text=null, detailText=null, hasLongFeedbackText=false, reference=null, credits=3.230769230769231, positive=true, type=AUTOMATIC, visibility=ALWAYS, testCase=TestCaseDTO[testName=testClass[SortStrategy], id=1455]], FeedbackDTO[id=977, text=null, detailText=null, hasLongFeedbackText=false, reference=null, credits=3.230769230769231, positive=true, type=AUTOMATIC, visibility=ALWAYS, testCase=TestCaseDTO[testName=testClass[BubbleSort], id=1459]], FeedbackDTO[id=978, text=null, detailText=null, hasLongFeedbackText=false, reference=null, credits=3.230769230769231, positive=true, type=AUTOMATIC, visibility=ALWAYS, testCase=TestCaseDTO[testName=testMergeSort(), id=1464]], FeedbackDTO[id=979, text=null, detailText=null, hasLongFeedbackText=false, reference=null, credits=3.230769230769231, positive=true, type=AUTOMATIC, visibility=ALWAYS, testCase=TestCaseDTO[testName=testUseBubbleSortForSmallList(), id=1465]], FeedbackDTO[id=980, text=null, detailText=null, hasLongFeedbackText=false, reference=null, credits=3.230769230769231, positive=true, type=AUTOMATIC, visibility=ALWAYS, testCase=TestCaseDTO[testName=testBubbleSort(), id=1467]], FeedbackDTO[id=981, text=null, detailText=null, hasLongFeedbackText=false, reference=null, credits=3.230769230769231, positive=true, type=AUTOMATIC, visibility=ALWAYS, testCase=TestCaseDTO[testName=testUseMergeSortForBigList(), id=1466]], FeedbackDTO[id=982, text=null, detailText=null, hasLongFeedbackText=false, reference=null, credits=3.230769230769231, positive=true, type=AUTOMATIC, visibility=ALWAYS, testCase=TestCaseDTO[testName=testConstructors[Policy], id=1460]], FeedbackDTO[id=983, text=null, detailText=null, hasLongFeedbackText=false, reference=null, credits=3.230769230769231, positive=true, type=AUTOMATIC, visibility=ALWAYS, testCase=TestCaseDTO[testName=testAttributes[Context], id=1456]], FeedbackDTO[id=984, text=null, detailText=null, hasLongFeedbackText=false, reference=null, credits=3.230769230769231, positive=true, type=AUTOMATIC, visibility=ALWAYS, testCase=TestCaseDTO[testName=testAttributes[Policy], id=1457]]], assessmentType=AUTOMATIC, hasComplaint=null, exampleResult=null, testCaseCount=13, passedTestCaseCount=13, codeIssueCount=0]], BuildJobQueueItem[id=20281739576748768, name=SHORT0FC863930E92904248098A506171F81CF6CFTSTEXC-BASE, buildAgent=BuildAgentDTO[name=artemis-build-agent-test, memberAddress=[127.0.0.1]:5703, displayName=artemis-build-agent-test], participationId=2028, courseId=992, exerciseId=2609, retryCount=0, priority=2, status=SUCCESSFUL, repositoryInfo=RepositoryInfo[repositoryName=short0fc863930e92904248098a506171f81cf6cftstexc-exercise, repositoryType=exercise, triggeredByPushTo=auxiliary, assignmentRepositoryUri=http://localhost:49152/git/SHORT0FC863930E92904248098A506171F81CF6CFTSTEXC/short0fc863930e92904248098a506171f81cf6cftstexc-exercise.git, testRepositoryUri=http://localhost:49152/git/SHORT0FC863930E92904248098A506171F81CF6CFTSTEXC/short0fc863930e92904248098a506171f81cf6cftstexc-tests.git, solutionRepositoryUri=null, auxiliaryRepositoryUris=[Ljava.lang.String;@fd8e938, auxiliaryRepositoryCheckoutDirectories=[Ljava.lang.String;@29e7dd76], jobTimingInfo=JobTimingInfo[submissionDate=2025-02-14T23:45:48.768063548Z[Etc/UTC], buildStartDate=2025-02-14T23:45:48.802531989Z[Etc/UTC], buildCompletionDate=2025-02-14T23:45:50.482681367Z[Etc/UTC], estimatedCompletionDate=2025-02-14T23:45:50.802523092Z[Etc/UTC], estimatedDuration=2], buildConfig=BuildConfig[buildScript=#!/bin/bash
cd /var/tmp/testing-dir
chmod +x ./gradlew
./gradlew clean test
, dockerImage=dummy-docker-image:latest, commitHashToBuild=9b3a9bd71a0d80e5bbc42204c319ed3d1d4f0d6d, assignmentCommitHash=115a2e943bee242fdad360b50d8ad5f30792577e, testCommitHash=9b3a9bd71a0d80e5bbc42204c319ed3d1d4f0d6d, branch=main, programmingLanguage=JAVA, projectType=PLAIN_GRADLE, scaEnabled=false, sequentialTestRunsEnabled=false, resultPaths=[/var/tmp/testing-dir/**/test-results/test/*.xml], timeoutSeconds=0, assignmentCheckoutPath=null, testCheckoutPath=null, solutionCheckoutPath=null, dockerRunConfig=null], submissionResult=ResultDTO[id=637, completionDate=2025-02-14T23:45:50.449084694Z[Etc/UTC], successful=false, score=0.0, rated=true, submission=SubmissionDTO[id=831, submitted=true, type=TEST, exampleSubmission=null, submissionDate=2025-02-14T23:45:48.761177Z, commitHash=9b3a9bd71a0d80e5bbc42204c319ed3d1d4f0d6d, buildFailed=false, buildArtifact=false, participation=ParticipationDTO[id=2028, testRun=false, type=template, submissionCount=null, exercise=ParticipationExerciseDTO[id=2609, exerciseType=PROGRAMMING, type=programming, assessmentType=AUTOMATIC, dueDate=2025-02-16T23:45:46.386304Z, assessmentDueDate=null, maxPoints=42.0, course=CourseDTO[id=992, accuracyOfScores=1]]], submissionExerciseType=programming, isProcessing=false, buildStartDate=null, estimatedCompletionDate=null], participation=ParticipationDTO[id=2028, testRun=false, type=template, submissionCount=null, exercise=ParticipationExerciseDTO[id=2609, exerciseType=PROGRAMMING, type=programming, assessmentType=AUTOMATIC, dueDate=2025-02-16T23:45:46.386304Z, assessmentDueDate=null, maxPoints=42.0, course=CourseDTO[id=992, accuracyOfScores=1]]], feedbacks=[FeedbackDTO[id=985, text=null, detailText=The exercise expects a class with the name Context in the package testpackage. You did not implement the class in the exercise., hasLongFeedbackText=false, reference=null, credits=0.0, positive=false, type=AUTOMATIC, visibility=ALWAYS, testCase=TestCaseDTO[testName=testMethods[Context], id=1461]], FeedbackDTO[id=986, text=null, detailText=The exercise expects a class with the name Policy in the package testpackage. You did not implement the class in the exercise., hasLongFeedbackText=false, reference=null, credits=0.0, positive=false, type=AUTOMATIC, visibility=ALWAYS, testCase=TestCaseDTO[testName=testMethods[Policy], id=1462]], FeedbackDTO[id=987, text=null, detailText=The exercise expects a class with the name SortStrategy in the package testpackage. You did not implement the class in the exercise., hasLongFeedbackText=false, reference=null, credits=0.0, positive=false, type=AUTOMATIC, visibility=ALWAYS, testCase=TestCaseDTO[testName=testMethods[SortStrategy], id=1463]], FeedbackDTO[id=988, text=null, detailText=The class 'MergeSort' does not implement the interface 'SortStrategy' as expected. Implement the interface and its methods., hasLongFeedbackText=false, reference=null, credits=0.0, positive=false, type=AUTOMATIC, visibility=ALWAYS, testCase=TestCaseDTO[testName=testClass[MergeSort], id=1458]], FeedbackDTO[id=989, text=null, detailText=The exercise expects a class with the name SortStrategy in the package testpackage. You did not implement the class in the exercise., hasLongFeedbackText=false, reference=null, credits=0.0, positive=false, type=AUTOMATIC, visibility=ALWAYS, testCase=TestCaseDTO[testName=testClass[SortStrategy], id=1455]], FeedbackDTO[id=990, text=null, detailText=The class 'BubbleSort' does not implement the interface 'SortStrategy' as expected. Implement the interface and its methods., hasLongFeedbackText=false, reference=null, credits=0.0, positive=false, type=AUTOMATIC, visibility=ALWAYS, testCase=TestCaseDTO[testName=testClass[BubbleSort], id=1459]], FeedbackDTO[id=991, text=null, detailText=MergeSort does not sort correctly, hasLongFeedbackText=false, reference=null, credits=0.0, positive=false, type=AUTOMATIC, visibility=ALWAYS, testCase=TestCaseDTO[testName=testMergeSort(), id=1464]], FeedbackDTO[id=992, text=null, detailText=The class 'Context' was not found within the submission. Make sure to implement it properly., hasLongFeedbackText=false, reference=null, credits=0.0, positive=false, type=AUTOMATIC, visibility=ALWAYS, testCase=TestCaseDTO[testName=testUseBubbleSortForSmallList(), id=1465]], FeedbackDTO[id=993, text=null, detailText=BubbleSort does not sort correctly, hasLongFeedbackText=false, reference=null, credits=0.0, positive=false, type=AUTOMATIC, visibility=ALWAYS, testCase=TestCaseDTO[testName=testBubbleSort(), id=1467]], FeedbackDTO[id=994, text=null, detailText=The class 'Context' was not found within the submission. Make sure to implement it properly., hasLongFeedbackText=false, reference=null, credits=0.0, positive=false, type=AUTOMATIC, visibility=ALWAYS, testCase=TestCaseDTO[testName=testUseMergeSortForBigList(), id=1466]], FeedbackDTO[id=995, text=null, detailText=The exercise expects a class with the name Policy in the package testpackage. You did not implement the class in the exercise., hasLongFeedbackText=false, reference=null, credits=0.0, positive=false, type=AUTOMATIC, visibility=ALWAYS, testCase=TestCaseDTO[testName=testConstructors[Policy], id=1460]], FeedbackDTO[id=996, text=null, detailText=The exercise expects a class with the name Context in the package testpackage. You did not implement the class in the exercise., hasLongFeedbackText=false, reference=null, credits=0.0, positive=false, type=AUTOMATIC, visibility=ALWAYS, testCase=TestCaseDTO[testName=testAttributes[Context], id=1456]], FeedbackDTO[id=997, text=null, detailText=The exercise expects a class with the name Policy in the package testpackage. You did not implement the class in the exercise., hasLongFeedbackText=false, reference=null, credits=0.0, positive=false, type=AUTOMATIC, visibility=ALWAYS, testCase=TestCaseDTO[testName=testAttributes[Policy], id=1457]]], assessmentType=AUTOMATIC, hasComplaint=null, exampleResult=null, testCaseCount=13, passedTestCaseCount=0, codeIssueCount=0]], BuildJobQueueItem[id=20291739576751299, name=SHORT716C2EC10B19B049C80A2F00B97EAB20B2A9TSTEXC-SOLUTION, buildAgent=BuildAgentDTO[name=artemis-build-agent-test, memberAddress=[127.0.0.1]:5703, displayName=artemis-build-agent-test], participationId=2029, courseId=993, exerciseId=2610, retryCount=0, priority=2, status=SUCCESSFUL, repositoryInfo=RepositoryInfo[repositoryName=short716c2ec10b19b049c80a2f00b97eab20b2a9tstexc-solution, repositoryType=solution, triggeredByPushTo=tests, assignmentRepositoryUri=http://localhost:49152/git/SHORT716C2EC10B19B049C80A2F00B97EAB20B2A9TSTEXC/short716c2ec10b19b049c80a2f00b97eab20b2a9tstexc-solution.git, testRepositoryUri=http://localhost:49152/git/SHORT716C2EC10B19B049C80A2F00B97EAB20B2A9TSTEXC/short716c2ec10b19b049c80a2f00b97eab20b2a9tstexc-tests.git, solutionRepositoryUri=null, auxiliaryRepositoryUris=[Ljava.lang.String;@29117e15, auxiliaryRepositoryCheckoutDirectories=[Ljava.lang.String;@56ad3a5], jobTimingInfo=JobTimingInfo[submissionDate=2025-02-14T23:45:51.299892174Z[Etc/UTC], buildStartDate=2025-02-14T23:45:51.314028505Z[Etc/UTC], buildCompletionDate=2025-02-14T23:45:52.158312850Z[Etc/UTC], estimatedCompletionDate=2025-02-14T23:46:10.314021752Z[Etc/UTC], estimatedDuration=19], buildConfig=BuildConfig[buildScript=#!/bin/bash
cd /var/tmp/testing-dir
chmod +x ./gradlew
./gradlew clean test
, dockerImage=dummy-docker-image:latest, commitHashToBuild=1e531733ed6e9237f710b528d1eb0b7beac565fd, assignmentCommitHash=815e279f12ad296b4f24c44134a07293c04c010f, testCommitHash=1e531733ed6e9237f710b528d1eb0b7beac565fd, branch=main, programmingLanguage=JAVA, projectType=PLAIN_GRADLE, scaEnabled=false, sequentialTestRunsEnabled=false, resultPaths=[/var/tmp/testing-dir/**/test-results/test/*.xml], timeoutSeconds=0, assignmentCheckoutPath=null, testCheckoutPath=null, solutionCheckoutPath=null, dockerRunConfig=null], submissionResult=null]], publicSshKey=ssh-rsa AAAAB3NzaC1yc2EAAAADAQABAAACAQCOPdMsxRE2jFJ/UEa5/LsBxtwzJcrh3/rYBCQvcMeVpiRfhzQPWu7mrt/G2Ew+i+vRloGH9aqKg6dd1liRncao53Zmd/ePxoatXePNhmzTfkCkcSkTUz7B+QMjkoDDV5jwuFPD6mF3JkhuzSi64n9Zy905t4w2IhVcjM2mL3eYNjiCXt6Qpq3Pkt7dM/Ksw1nxnvuiIALuJLB3FTkXkHqq3PJav+9HSq2r6ZaWgekneaGxlQlb+U+Vy3XOuArKAzK8c8i+0bR+AHiTG6ncYXt7ax3U+TdlDTF7OLP3umwaYjs1NBXOHwG42pevvpKn2fqavZZozk+M05jXLx3bq0O7itxfErWc7etky8qYPyyIMF/txQIVLd78+Ze4d7Y60t5MGbXM5cGE6fFif5fEJwgswXD+BrG0cafz1CTatjSKFdvp8Vp4VszXhHDan1PrP6JEFJ5Cc5GDmLRZPCFa3vL9f5qXgf4bkqKN8MYeEujwJE5nMRWoiJVNakix2bcrrneQMBlnYeYZVWXXXUusAQBzl4NgddC1umZpihZkL1b1MffZAUW3EGEXi7KHnllQhkTLLsQ8ntMgbylqaJKStqaXlLvdeRJcEnUuiFCrHEVVbXRFZR7XVDZ02CE5o3MuaRPty8Kh+jRTF3COlAckHwYEJCNNJvXFgb2CNXL4mjzYDw== test@localhost]
    23:45:52.248 | 566 localvc.event-13 | DEBUG | s.l.LocalCIWebsocketMessagingService : Sending message on topic /topic/admin/build-agents: [BuildAgentInformation[buildAgent=BuildAgentDTO[name=artemis-build-agent-test, memberAddress=[127.0.0.1]:5703, displayName=artemis-build-agent-test], maxNumberOfConcurrentBuildJobs=1, numberOfCurrentBuildJobs=0, runningBuildJobs=[], status=IDLE, recentBuildJobs=null, publicSshKey=null]]
    23:45:52.248 | 588 artemis-task-1   | DEBUG | d.t.c.a.a.c.c.w.GzipMessageConverter : Compressed message payload from 255 to 232 (saved 9.0% payload size)
    23:45:52.249 | 566 localvc.event-13 | DEBUG | s.l.LocalCIWebsocketMessagingService : Sending message on topic /topic/admin/build-agent/artemis-build-agent-test: BuildAgentInformation[buildAgent=BuildAgentDTO[name=artemis-build-agent-test, memberAddress=[127.0.0.1]:5703, displayName=artemis-build-agent-test], maxNumberOfConcurrentBuildJobs=1, numberOfCurrentBuildJobs=0, runningBuildJobs=[], status=IDLE, recentBuildJobs=[BuildJobQueueItem[id=19141739576708030, name=SHORT5F02A8F400311042E70858306EB148073CFDTSTEXC-LOCALVCINTSTUDENT1, buildAgent=BuildAgentDTO[name=artemis-build-agent-test, memberAddress=[127.0.0.1]:5703, displayName=artemis-build-agent-test], participationId=1914, courseId=947, exerciseId=2564, retryCount=0, priority=2, status=FAILED, repositoryInfo=RepositoryInfo[repositoryName=short5f02a8f400311042e70858306eb148073cfdtstexc-localvcintstudent1, repositoryType=user, triggeredByPushTo=user, assignmentRepositoryUri=http://localhost:49152/git/SHORT5F02A8F400311042E70858306EB148073CFDTSTEXC/short5f02a8f400311042e70858306eb148073cfdtstexc-localvcintstudent1.git, testRepositoryUri=http://localhost:49152/git/SHORT5F02A8F400311042E70858306EB148073CFDTSTEXC/short5f02a8f400311042e70858306eb148073cfdtstexc-tests.git, solutionRepositoryUri=null, auxiliaryRepositoryUris=[Ljava.lang.String;@786b2f22, auxiliaryRepositoryCheckoutDirectories=[Ljava.lang.String;@2b4f3c71], jobTimingInfo=JobTimingInfo[submissionDate=2025-02-14T23:45:08.030118216Z[Etc/UTC], buildStartDate=2025-02-14T23:45:08.041011412Z[Etc/UTC], buildCompletionDate=2025-02-14T23:45:08.054603331Z[Etc/UTC], estimatedCompletionDate=2025-02-14T23:45:27.041005080Z[Etc/UTC], estimatedDuration=19], buildConfig=BuildConfig[buildScript=#!/bin/bash
cd /var/tmp/testing-dir
chmod +x ./gradlew
./gradlew clean test
, dockerImage=dummy-docker-image:latest, commitHashToBuild=6e7146cac5059504aa9d170ec3fa23aec740bb51, assignmentCommitHash=6e7146cac5059504aa9d170ec3fa23aec740bb51, testCommitHash=931e5303581c7a2f01339ba603cfafbfe668b901, branch=main, programmingLanguage=JAVA, projectType=PLAIN_GRADLE, scaEnabled=false, sequentialTestRunsEnabled=false, resultPaths=[/var/tmp/testing-dir/**/test-results/test/*.xml], timeoutSeconds=0, assignmentCheckoutPath=null, testCheckoutPath=null, solutionCheckoutPath=null, dockerRunConfig=null], submissionResult=ResultDTO[id=622, completionDate=2025-02-14T23:45:08.054683681Z[Etc/UTC], successful=false, score=0.0, rated=true, submission=SubmissionDTO[id=814, submitted=true, type=MANUAL, exampleSubmission=null, submissionDate=2025-02-14T23:45:08.016200Z, commitHash=6e7146cac5059504aa9d170ec3fa23aec740bb51, buildFailed=true, buildArtifact=false, participation=ParticipationDTO[id=1914, testRun=false, type=programming, submissionCount=null, exercise=ParticipationExerciseDTO[id=2564, exerciseType=PROGRAMMING, type=programming, assessmentType=AUTOMATIC, dueDate=2025-02-16T23:45:07.324348Z, assessmentDueDate=null, maxPoints=42.0, course=CourseDTO[id=947, accuracyOfScores=1]]], submissionExerciseType=programming, isProcessing=false, buildStartDate=null, estimatedCompletionDate=null], participation=ParticipationDTO[id=1914, testRun=false, type=programming, submissionCount=null, exercise=ParticipationExerciseDTO[id=2564, exerciseType=PROGRAMMING, type=programming, assessmentType=AUTOMATIC, dueDate=2025-02-16T23:45:07.324348Z, assessmentDueDate=null, maxPoints=42.0, course=CourseDTO[id=947, accuracyOfScores=1]]], feedbacks=[], assessmentType=AUTOMATIC, hasComplaint=null, exampleResult=null, testCaseCount=0, passedTestCaseCount=0, codeIssueCount=0]], BuildJobQueueItem[id=19361739576711303, name=SHORT9AFDAE3804CA304DDF0889A0CB0F56104A86TSTEXC-LOCALVCINTSTUDENT1, buildAgent=BuildAgentDTO[name=artemis-build-agent-test, memberAddress=[127.0.0.1]:5703, displayName=artemis-build-agent-test], participationId=1936, courseId=956, exerciseId=2573, retryCount=0, priority=2, status=FAILED, repositoryInfo=RepositoryInfo[repositoryName=short9afdae3804ca304ddf0889a0cb0f56104a86tstexc-localvcintstudent1, repositoryType=user, triggeredByPushTo=user, assignmentRepositoryUri=http://localhost:49152/git/SHORT9AFDAE3804CA304DDF0889A0CB0F56104A86TSTEXC/short9afdae3804ca304ddf0889a0cb0f56104a86tstexc-localvcintstudent1.git, testRepositoryUri=http://localhost:49152/git/SHORT9AFDAE3804CA304DDF0889A0CB0F56104A86TSTEXC/short9afdae3804ca304ddf0889a0cb0f56104a86tstexc-tests.git, solutionRepositoryUri=null, auxiliaryRepositoryUris=[Ljava.lang.String;@7d72e1b2, auxiliaryRepositoryCheckoutDirectories=[Ljava.lang.String;@675df80b], jobTimingInfo=JobTimingInfo[submissionDate=2025-02-14T23:45:11.303805653Z[Etc/UTC], buildStartDate=2025-02-14T23:45:11.310981356Z[Etc/UTC], buildCompletionDate=2025-02-14T23:45:11.319178384Z[Etc/UTC], estimatedCompletionDate=2025-02-14T23:45:30.310974944Z[Etc/UTC], estimatedDuration=19], buildConfig=BuildConfig[buildScript=#!/bin/bash
cd /var/tmp/testing-dir
chmod +x ./gradlew
./gradlew clean test
, dockerImage=dummy-docker-image:latest, commitHashToBuild=a1099e378cffde441ef85f9b12577ca174b8e1e4, assignmentCommitHash=a1099e378cffde441ef85f9b12577ca174b8e1e4, testCommitHash=bd38d61c299ab11a1dea82a3ca5493fe04d97d47, branch=main, programmingLanguage=JAVA, projectType=PLAIN_GRADLE, scaEnabled=false, sequentialTestRunsEnabled=false, resultPaths=[/var/tmp/testing-dir/**/test-results/test/*.xml], timeoutSeconds=0, assignmentCheckoutPath=null, testCheckoutPath=null, solutionCheckoutPath=null, dockerRunConfig=null], submissionResult=ResultDTO[id=623, completionDate=2025-02-14T23:45:11.319278430Z[Etc/UTC], successful=false, score=0.0, rated=true, submission=SubmissionDTO[id=815, submitted=true, type=MANUAL, exampleSubmission=null, submissionDate=2025-02-14T23:45:11.294386Z, commitHash=a1099e378cffde441ef85f9b12577ca174b8e1e4, buildFailed=true, buildArtifact=false, participation=ParticipationDTO[id=1936, testRun=false, type=programming, submissionCount=null, exercise=ParticipationExerciseDTO[id=2573, exerciseType=PROGRAMMING, type=programming, assessmentType=AUTOMATIC, dueDate=2025-02-16T23:45:10.996982Z, assessmentDueDate=null, maxPoints=42.0, course=CourseDTO[id=956, accuracyOfScores=1]]], submissionExerciseType=programming, isProcessing=false, buildStartDate=null, estimatedCompletionDate=null], participation=ParticipationDTO[id=1936, testRun=false, type=programming, submissionCount=null, exercise=ParticipationExerciseDTO[id=2573, exerciseType=PROGRAMMING, type=programming, assessmentType=AUTOMATIC, dueDate=2025-02-16T23:45:10.996982Z, assessmentDueDate=null, maxPoints=42.0, course=CourseDTO[id=956, accuracyOfScores=1]]], feedbacks=[], assessmentType=AUTOMATIC, hasComplaint=null, exampleResult=null, testCaseCount=0, passedTestCaseCount=0, codeIssueCount=0]], BuildJobQueueItem[id=19351739576711674, name=SHORT9AFDAE3804CA304DDF0889A0CB0F56104A86TSTEXC-BASE, buildAgent=BuildAgentDTO[name=artemis-build-agent-test, memberAddress=[127.0.0.1]:5703, displayName=artemis-build-agent-test], participationId=1935, courseId=956, exerciseId=2573, retryCount=0, priority=2, status=FAILED, repositoryInfo=RepositoryInfo[repositoryName=short9afdae3804ca304ddf0889a0cb0f56104a86tstexc-exercise, repositoryType=exercise, triggeredByPushTo=exercise, assignmentRepositoryUri=http://localhost:49152/git/SHORT9AFDAE3804CA304DDF0889A0CB0F56104A86TSTEXC/short9afdae3804ca304ddf0889a0cb0f56104a86tstexc-exercise.git, testRepositoryUri=http://localhost:49152/git/SHORT9AFDAE3804CA304DDF0889A0CB0F56104A86TSTEXC/short9afdae3804ca304ddf0889a0cb0f56104a86tstexc-tests.git, solutionRepositoryUri=null, auxiliaryRepositoryUris=[Ljava.lang.String;@46eec9fd, auxiliaryRepositoryCheckoutDirectories=[Ljava.lang.String;@1410d9e5], jobTimingInfo=JobTimingInfo[submissionDate=2025-02-14T23:45:11.674556681Z[Etc/UTC], buildStartDate=2025-02-14T23:45:11.677776879Z[Etc/UTC], buildCompletionDate=2025-02-14T23:45:11.688097378Z[Etc/UTC], estimatedCompletionDate=2025-02-14T23:45:30.677771620Z[Etc/UTC], estimatedDuration=19], buildConfig=BuildConfig[buildScript=#!/bin/bash
cd /var/tmp/testing-dir
chmod +x ./gradlew
./gradlew clean test
, dockerImage=dummy-docker-image:latest, commitHashToBuild=a1099e378cffde441ef85f9b12577ca174b8e1e4, assignmentCommitHash=a1099e378cffde441ef85f9b12577ca174b8e1e4, testCommitHash=bd38d61c299ab11a1dea82a3ca5493fe04d97d47, branch=main, programmingLanguage=JAVA, projectType=PLAIN_GRADLE, scaEnabled=false, sequentialTestRunsEnabled=false, resultPaths=[/var/tmp/testing-dir/**/test-results/test/*.xml], timeoutSeconds=0, assignmentCheckoutPath=null, testCheckoutPath=null, solutionCheckoutPath=null, dockerRunConfig=null], submissionResult=ResultDTO[id=624, completionDate=2025-02-14T23:45:11.688214837Z[Etc/UTC], successful=false, score=0.0, rated=true, submission=SubmissionDTO[id=816, submitted=true, type=MANUAL, exampleSubmission=null, submissionDate=2025-02-14T23:45:11.656934Z, commitHash=a1099e378cffde441ef85f9b12577ca174b8e1e4, buildFailed=true, buildArtifact=false, participation=ParticipationDTO[id=1935, testRun=false, type=template, submissionCount=null, exercise=ParticipationExerciseDTO[id=2573, exerciseType=PROGRAMMING, type=programming, assessmentType=AUTOMATIC, dueDate=2025-02-16T23:45:10.996982Z, assessmentDueDate=null, maxPoints=42.0, course=CourseDTO[id=956, accuracyOfScores=1]]], submissionExerciseType=programming, isProcessing=false, buildStartDate=null, estimatedCompletionDate=null], participation=ParticipationDTO[id=1935, testRun=false, type=template, submissionCount=null, exercise=ParticipationExerciseDTO[id=2573, exerciseType=PROGRAMMING, type=programming, assessmentType=AUTOMATIC, dueDate=2025-02-16T23:45:10.996982Z, assessmentDueDate=null, maxPoints=42.0, course=CourseDTO[id=956, accuracyOfScores=1]]], feedbacks=[], assessmentType=AUTOMATIC, hasComplaint=null, exampleResult=null, testCaseCount=0, passedTestCaseCount=0, codeIssueCount=0]], BuildJobQueueItem[id=19341739576712112, name=SHORT9AFDAE3804CA304DDF0889A0CB0F56104A86TSTEXC-SOLUTION, buildAgent=BuildAgentDTO[name=artemis-build-agent-test, memberAddress=[127.0.0.1]:5703, displayName=artemis-build-agent-test], participationId=1934, courseId=956, exerciseId=2573, retryCount=0, priority=2, status=FAILED, repositoryInfo=RepositoryInfo[repositoryName=short9afdae3804ca304ddf0889a0cb0f56104a86tstexc-solution, repositoryType=solution, triggeredByPushTo=solution, assignmentRepositoryUri=http://localhost:49152/git/SHORT9AFDAE3804CA304DDF0889A0CB0F56104A86TSTEXC/short9afdae3804ca304ddf0889a0cb0f56104a86tstexc-solution.git, testRepositoryUri=http://localhost:49152/git/SHORT9AFDAE3804CA304DDF0889A0CB0F56104A86TSTEXC/short9afdae3804ca304ddf0889a0cb0f56104a86tstexc-tests.git, solutionRepositoryUri=null, auxiliaryRepositoryUris=[Ljava.lang.String;@7e85d5a4, auxiliaryRepositoryCheckoutDirectories=[Ljava.lang.String;@7610f7df], jobTimingInfo=JobTimingInfo[submissionDate=2025-02-14T23:45:12.112332872Z[Etc/UTC], buildStartDate=2025-02-14T23:45:12.121617114Z[Etc/UTC], buildCompletionDate=2025-02-14T23:45:12.127931701Z[Etc/UTC], estimatedCompletionDate=2025-02-14T23:45:31.121609600Z[Etc/UTC], estimatedDuration=19], buildConfig=BuildConfig[buildScript=#!/bin/bash
cd /var/tmp/testing-dir
chmod +x ./gradlew
./gradlew clean test
, dockerImage=dummy-docker-image:latest, commitHashToBuild=a1099e378cffde441ef85f9b12577ca174b8e1e4, assignmentCommitHash=a1099e378cffde441ef85f9b12577ca174b8e1e4, testCommitHash=bd38d61c299ab11a1dea82a3ca5493fe04d97d47, branch=main, programmingLanguage=JAVA, projectType=PLAIN_GRADLE, scaEnabled=false, sequentialTestRunsEnabled=false, resultPaths=[/var/tmp/testing-dir/**/test-results/test/*.xml], timeoutSeconds=0, assignmentCheckoutPath=null, testCheckoutPath=null, solutionCheckoutPath=null, dockerRunConfig=null], submissionResult=ResultDTO[id=625, completionDate=2025-02-14T23:45:12.128011800Z[Etc/UTC], successful=false, score=0.0, rated=true, submission=SubmissionDTO[id=817, submitted=true, type=MANUAL, exampleSubmission=null, submissionDate=2025-02-14T23:45:12.098737Z, commitHash=a1099e378cffde441ef85f9b12577ca174b8e1e4, buildFailed=true, buildArtifact=false, participation=ParticipationDTO[id=1934, testRun=false, type=solution, submissionCount=null, exercise=ParticipationExerciseDTO[id=2573, exerciseType=PROGRAMMING, type=programming, assessmentType=AUTOMATIC, dueDate=2025-02-16T23:45:10.996982Z, assessmentDueDate=null, maxPoints=42.0, course=CourseDTO[id=956, accuracyOfScores=1]]], submissionExerciseType=programming, isProcessing=false, buildStartDate=null, estimatedCompletionDate=null], participation=ParticipationDTO[id=1934, testRun=false, type=solution, submissionCount=null, exercise=ParticipationExerciseDTO[id=2573, exerciseType=PROGRAMMING, type=programming, assessmentType=AUTOMATIC, dueDate=2025-02-16T23:45:10.996982Z, assessmentDueDate=null, maxPoints=42.0, course=CourseDTO[id=956, accuracyOfScores=1]]], feedbacks=[], assessmentType=AUTOMATIC, hasComplaint=null, exampleResult=null, testCaseCount=0, passedTestCaseCount=0, codeIssueCount=0]], BuildJobQueueItem[id=19341739576713025, name=SHORT9AFDAE3804CA304DDF0889A0CB0F56104A86TSTEXC-SOLUTION, buildAgent=BuildAgentDTO[name=artemis-build-agent-test, memberAddress=[127.0.0.1]:5703, displayName=artemis-build-agent-test], participationId=1934, courseId=956, exerciseId=2573, retryCount=0, priority=2, status=FAILED, repositoryInfo=RepositoryInfo[repositoryName=short9afdae3804ca304ddf0889a0cb0f56104a86tstexc-solution, repositoryType=solution, triggeredByPushTo=tests, assignmentRepositoryUri=http://localhost:49152/git/SHORT9AFDAE3804CA304DDF0889A0CB0F56104A86TSTEXC/short9afdae3804ca304ddf0889a0cb0f56104a86tstexc-solution.git, testRepositoryUri=http://localhost:49152/git/SHORT9AFDAE3804CA304DDF0889A0CB0F56104A86TSTEXC/short9afdae3804ca304ddf0889a0cb0f56104a86tstexc-tests.git, solutionRepositoryUri=null, auxiliaryRepositoryUris=[Ljava.lang.String;@468169c1, auxiliaryRepositoryCheckoutDirectories=[Ljava.lang.String;@54cc5f05], jobTimingInfo=JobTimingInfo[submissionDate=2025-02-14T23:45:13.025319671Z[Etc/UTC], buildStartDate=2025-02-14T23:45:13.040293146Z[Etc/UTC], buildCompletionDate=2025-02-14T23:45:13.053032917Z[Etc/UTC], estimatedCompletionDate=2025-02-14T23:45:32.040285703Z[Etc/UTC], estimatedDuration=19], buildConfig=BuildConfig[buildScript=#!/bin/bash
cd /var/tmp/testing-dir
chmod +x ./gradlew
./gradlew clean test
, dockerImage=dummy-docker-image:latest, commitHashToBuild=784f8f0049d2a1a54f21c67dd772bea86715267a, assignmentCommitHash=a1099e378cffde441ef85f9b12577ca174b8e1e4, testCommitHash=784f8f0049d2a1a54f21c67dd772bea86715267a, branch=main, programmingLanguage=JAVA, projectType=PLAIN_GRADLE, scaEnabled=false, sequentialTestRunsEnabled=false, resultPaths=[/var/tmp/testing-dir/**/test-results/test/*.xml], timeoutSeconds=0, assignmentCheckoutPath=null, testCheckoutPath=null, solutionCheckoutPath=null, dockerRunConfig=null], submissionResult=ResultDTO[id=626, completionDate=2025-02-14T23:45:13.053131811Z[Etc/UTC], successful=false, score=0.0, rated=true, submission=SubmissionDTO[id=818, submitted=true, type=TEST, exampleSubmission=null, submissionDate=2025-02-14T23:45:13.005779Z, commitHash=784f8f0049d2a1a54f21c67dd772bea86715267a, buildFailed=true, buildArtifact=false, participation=ParticipationDTO[id=1934, testRun=false, type=solution, submissionCount=null, exercise=ParticipationExerciseDTO[id=2573, exerciseType=PROGRAMMING, type=programming, assessmentType=AUTOMATIC, dueDate=2025-02-16T23:45:10.996982Z, assessmentDueDate=null, maxPoints=42.0, course=CourseDTO[id=956, accuracyOfScores=1]]], submissionExerciseType=programming, isProcessing=false, buildStartDate=null, estimatedCompletionDate=null], participation=ParticipationDTO[id=1934, testRun=false, type=solution, submissionCount=null, exercise=ParticipationExerciseDTO[id=2573, exerciseType=PROGRAMMING, type=programming, assessmentType=AUTOMATIC, dueDate=2025-02-16T23:45:10.996982Z, assessmentDueDate=null, maxPoints=42.0, course=CourseDTO[id=956, accuracyOfScores=1]]], feedbacks=[], assessmentType=AUTOMATIC, hasComplaint=null, exampleResult=null, testCaseCount=0, passedTestCaseCount=0, codeIssueCount=0]], BuildJobQueueItem[id=19581739576715555, name=SHORTC1A3F9FC03D2304B4308FA20AF16D54AAA49TSTEXC-LOCALVCSSHINTSTUDENT1, buildAgent=BuildAgentDTO[name=artemis-build-agent-test, memberAddress=[127.0.0.1]:5703, displayName=artemis-build-agent-test], participationId=1958, courseId=965, exerciseId=2582, retryCount=0, priority=2, status=FAILED, repositoryInfo=RepositoryInfo[repositoryName=shortc1a3f9fc03d2304b4308fa20af16d54aaa49tstexc-localvcsshintstudent1, repositoryType=user, triggeredByPushTo=user, assignmentRepositoryUri=http://localhost:49152/git/SHORTC1A3F9FC03D2304B4308FA20AF16D54AAA49TSTEXC/shortc1a3f9fc03d2304b4308fa20af16d54aaa49tstexc-localvcsshintstudent1.git, testRepositoryUri=http://localhost:49152/git/SHORTC1A3F9FC03D2304B4308FA20AF16D54AAA49TSTEXC/shortc1a3f9fc03d2304b4308fa20af16d54aaa49tstexc-tests.git, solutionRepositoryUri=null, auxiliaryRepositoryUris=[Ljava.lang.String;@43488cd, auxiliaryRepositoryCheckoutDirectories=[Ljava.lang.String;@75eb399b], jobTimingInfo=JobTimingInfo[submissionDate=2025-02-14T23:45:15.555989584Z[Etc/UTC], buildStartDate=2025-02-14T23:45:15.568477627Z[Etc/UTC], buildCompletionDate=2025-02-14T23:45:15.579021148Z[Etc/UTC], estimatedCompletionDate=2025-02-14T23:45:34.568443924Z[Etc/UTC], estimatedDuration=19], buildConfig=BuildConfig[buildScript=#!/bin/bash
cd /var/tmp/testing-dir
chmod +x ./gradlew
./gradlew clean test
, dockerImage=dummy-docker-image:latest, commitHashToBuild=ca76dac20e040e6609db02fd7fedd56bf58829d7, assignmentCommitHash=ca76dac20e040e6609db02fd7fedd56bf58829d7, testCommitHash=bd0d58c226dc63bfa4bc9052870589952c0a1f83, branch=main, programmingLanguage=JAVA, projectType=PLAIN_GRADLE, scaEnabled=false, sequentialTestRunsEnabled=false, resultPaths=[/var/tmp/testing-dir/**/test-results/test/*.xml], timeoutSeconds=0, assignmentCheckoutPath=null, testCheckoutPath=null, solutionCheckoutPath=null, dockerRunConfig=null], submissionResult=ResultDTO[id=627, completionDate=2025-02-14T23:45:15.579119131Z[Etc/UTC], successful=false, score=0.0, rated=true, submission=SubmissionDTO[id=820, submitted=true, type=MANUAL, exampleSubmission=null, submissionDate=2025-02-14T23:45:15.548349Z, commitHash=ca76dac20e040e6609db02fd7fedd56bf58829d7, buildFailed=true, buildArtifact=false, participation=ParticipationDTO[id=1958, testRun=false, type=programming, submissionCount=null, exercise=ParticipationExerciseDTO[id=2582, exerciseType=PROGRAMMING, type=programming, assessmentType=AUTOMATIC, dueDate=2025-02-16T23:45:15.103512Z, assessmentDueDate=null, maxPoints=42.0, course=CourseDTO[id=965, accuracyOfScores=1]]], submissionExerciseType=programming, isProcessing=false, buildStartDate=null, estimatedCompletionDate=null], participation=ParticipationDTO[id=1958, testRun=false, type=programming, submissionCount=null, exercise=ParticipationExerciseDTO[id=2582, exerciseType=PROGRAMMING, type=programming, assessmentType=AUTOMATIC, dueDate=2025-02-16T23:45:15.103512Z, assessmentDueDate=null, maxPoints=42.0, course=CourseDTO[id=965, accuracyOfScores=1]]], feedbacks=[], assessmentType=AUTOMATIC, hasComplaint=null, exampleResult=null, testCaseCount=0, passedTestCaseCount=0, codeIssueCount=0]], BuildJobQueueItem[id=19801739576719393, name=SHORTB2A6C58B0D447045380A858075B170A5B7C6TSTEXC-LOCALVCSSHINTSTUDENT1, buildAgent=BuildAgentDTO[name=artemis-build-agent-test, memberAddress=[127.0.0.1]:5703, displayName=artemis-build-agent-test], participationId=1980, courseId=974, exerciseId=2591, retryCount=0, priority=2, status=FAILED, repositoryInfo=RepositoryInfo[repositoryName=shortb2a6c58b0d447045380a858075b170a5b7c6tstexc-localvcsshintstudent1, repositoryType=user, triggeredByPushTo=user, assignmentRepositoryUri=http://localhost:49152/git/SHORTB2A6C58B0D447045380A858075B170A5B7C6TSTEXC/shortb2a6c58b0d447045380a858075b170a5b7c6tstexc-localvcsshintstudent1.git, testRepositoryUri=http://localhost:49152/git/SHORTB2A6C58B0D447045380A858075B170A5B7C6TSTEXC/shortb2a6c58b0d447045380a858075b170a5b7c6tstexc-tests.git, solutionRepositoryUri=null, auxiliaryRepositoryUris=[Ljava.lang.String;@38e98986, auxiliaryRepositoryCheckoutDirectories=[Ljava.lang.String;@eebcde9], jobTimingInfo=JobTimingInfo[submissionDate=2025-02-14T23:45:19.393259829Z[Etc/UTC], buildStartDate=2025-02-14T23:45:19.405438171Z[Etc/UTC], buildCompletionDate=2025-02-14T23:45:19.414070673Z[Etc/UTC], estimatedCompletionDate=2025-02-14T23:45:38.405431569Z[Etc/UTC], estimatedDuration=19], buildConfig=BuildConfig[buildScript=#!/bin/bash
cd /var/tmp/testing-dir
chmod +x ./gradlew
./gradlew clean test
, dockerImage=dummy-docker-image:latest, commitHashToBuild=363cdbf709a9fff149f813ab848ee800a675cc77, assignmentCommitHash=363cdbf709a9fff149f813ab848ee800a675cc77, testCommitHash=a5e046ece417b2e538f21f816e2524dab61e0d10, branch=main, programmingLanguage=JAVA, projectType=PLAIN_GRADLE, scaEnabled=false, sequentialTestRunsEnabled=false, resultPaths=[/var/tmp/testing-dir/**/test-results/test/*.xml], timeoutSeconds=0, assignmentCheckoutPath=null, testCheckoutPath=null, solutionCheckoutPath=null, dockerRunConfig=null], submissionResult=ResultDTO[id=628, completionDate=2025-02-14T23:45:19.414171040Z[Etc/UTC], successful=false, score=0.0, rated=true, submission=SubmissionDTO[id=821, submitted=true, type=MANUAL, exampleSubmission=null, submissionDate=2025-02-14T23:45:19.376840Z, commitHash=363cdbf709a9fff149f813ab848ee800a675cc77, buildFailed=true, buildArtifact=false, participation=ParticipationDTO[id=1980, testRun=false, type=programming, submissionCount=null, exercise=ParticipationExerciseDTO[id=2591, exerciseType=PROGRAMMING, type=programming, assessmentType=AUTOMATIC, dueDate=2025-02-16T23:45:18.950569Z, assessmentDueDate=null, maxPoints=42.0, course=CourseDTO[id=974, accuracyOfScores=1]]], submissionExerciseType=programming, isProcessing=false, buildStartDate=null, estimatedCompletionDate=null], participation=ParticipationDTO[id=1980, testRun=false, type=programming, submissionCount=null, exercise=ParticipationExerciseDTO[id=2591, exerciseType=PROGRAMMING, type=programming, assessmentType=AUTOMATIC, dueDate=2025-02-16T23:45:18.950569Z, assessmentDueDate=null, maxPoints=42.0, course=CourseDTO[id=974, accuracyOfScores=1]]], feedbacks=[], assessmentType=AUTOMATIC, hasComplaint=null, exampleResult=null, testCaseCount=0, passedTestCaseCount=0, codeIssueCount=0]], BuildJobQueueItem[id=19791739576719787, name=SHORTB2A6C58B0D447045380A858075B170A5B7C6TSTEXC-BASE, buildAgent=BuildAgentDTO[name=artemis-build-agent-test, memberAddress=[127.0.0.1]:5703, displayName=artemis-build-agent-test], participationId=1979, courseId=974, exerciseId=2591, retryCount=0, priority=2, status=FAILED, repositoryInfo=RepositoryInfo[repositoryName=shortb2a6c58b0d447045380a858075b170a5b7c6tstexc-exercise, repositoryType=exercise, triggeredByPushTo=exercise, assignmentRepositoryUri=http://localhost:49152/git/SHORTB2A6C58B0D447045380A858075B170A5B7C6TSTEXC/shortb2a6c58b0d447045380a858075b170a5b7c6tstexc-exercise.git, testRepositoryUri=http://localhost:49152/git/SHORTB2A6C58B0D447045380A858075B170A5B7C6TSTEXC/shortb2a6c58b0d447045380a858075b170a5b7c6tstexc-tests.git, solutionRepositoryUri=null, auxiliaryRepositoryUris=[Ljava.lang.String;@2eb95e19, auxiliaryRepositoryCheckoutDirectories=[Ljava.lang.String;@2329db4], jobTimingInfo=JobTimingInfo[submissionDate=2025-02-14T23:45:19.787985058Z[Etc/UTC], buildStartDate=2025-02-14T23:45:19.796327417Z[Etc/UTC], buildCompletionDate=2025-02-14T23:45:19.799750982Z[Etc/UTC], estimatedCompletionDate=2025-02-14T23:45:38.796319082Z[Etc/UTC], estimatedDuration=19], buildConfig=BuildConfig[buildScript=#!/bin/bash
cd /var/tmp/testing-dir
chmod +x ./gradlew
./gradlew clean test
, dockerImage=dummy-docker-image:latest, commitHashToBuild=363cdbf709a9fff149f813ab848ee800a675cc77, assignmentCommitHash=363cdbf709a9fff149f813ab848ee800a675cc77, testCommitHash=a5e046ece417b2e538f21f816e2524dab61e0d10, branch=main, programmingLanguage=JAVA, projectType=PLAIN_GRADLE, scaEnabled=false, sequentialTestRunsEnabled=false, resultPaths=[/var/tmp/testing-dir/**/test-results/test/*.xml], timeoutSeconds=0, assignmentCheckoutPath=null, testCheckoutPath=null, solutionCheckoutPath=null, dockerRunConfig=null], submissionResult=ResultDTO[id=629, completionDate=2025-02-14T23:45:19.799820341Z[Etc/UTC], successful=false, score=0.0, rated=true, submission=SubmissionDTO[id=822, submitted=true, type=MANUAL, exampleSubmission=null, submissionDate=2025-02-14T23:45:19.775952Z, commitHash=363cdbf709a9fff149f813ab848ee800a675cc77, buildFailed=true, buildArtifact=false, participation=ParticipationDTO[id=1979, testRun=false, type=template, submissionCount=null, exercise=ParticipationExerciseDTO[id=2591, exerciseType=PROGRAMMING, type=programming, assessmentType=AUTOMATIC, dueDate=2025-02-16T23:45:18.950569Z, assessmentDueDate=null, maxPoints=42.0, course=CourseDTO[id=974, accuracyOfScores=1]]], submissionExerciseType=programming, isProcessing=false, buildStartDate=null, estimatedCompletionDate=null], participation=ParticipationDTO[id=1979, testRun=false, type=template, submissionCount=null, exercise=ParticipationExerciseDTO[id=2591, exerciseType=PROGRAMMING, type=programming, assessmentType=AUTOMATIC, dueDate=2025-02-16T23:45:18.950569Z, assessmentDueDate=null, maxPoints=42.0, course=CourseDTO[id=974, accuracyOfScores=1]]], feedbacks=[], assessmentType=AUTOMATIC, hasComplaint=null, exampleResult=null, testCaseCount=0, passedTestCaseCount=0, codeIssueCount=0]], BuildJobQueueItem[id=19781739576720235, name=SHORTB2A6C58B0D447045380A858075B170A5B7C6TSTEXC-SOLUTION, buildAgent=BuildAgentDTO[name=artemis-build-agent-test, memberAddress=[127.0.0.1]:5703, displayName=artemis-build-agent-test], participationId=1978, courseId=974, exerciseId=2591, retryCount=0, priority=2, status=FAILED, repositoryInfo=RepositoryInfo[repositoryName=shortb2a6c58b0d447045380a858075b170a5b7c6tstexc-solution, repositoryType=solution, triggeredByPushTo=solution, assignmentRepositoryUri=http://localhost:49152/git/SHORTB2A6C58B0D447045380A858075B170A5B7C6TSTEXC/shortb2a6c58b0d447045380a858075b170a5b7c6tstexc-solution.git, testRepositoryUri=http://localhost:49152/git/SHORTB2A6C58B0D447045380A858075B170A5B7C6TSTEXC/shortb2a6c58b0d447045380a858075b170a5b7c6tstexc-tests.git, solutionRepositoryUri=null, auxiliaryRepositoryUris=[Ljava.lang.String;@76e391cd, auxiliaryRepositoryCheckoutDirectories=[Ljava.lang.String;@26378e7d], jobTimingInfo=JobTimingInfo[submissionDate=2025-02-14T23:45:20.235272325Z[Etc/UTC], buildStartDate=2025-02-14T23:45:20.243033812Z[Etc/UTC], buildCompletionDate=2025-02-14T23:45:20.250721018Z[Etc/UTC], estimatedCompletionDate=2025-02-14T23:45:39.243026949Z[Etc/UTC], estimatedDuration=19], buildConfig=BuildConfig[buildScript=#!/bin/bash
cd /var/tmp/testing-dir
chmod +x ./gradlew
./gradlew clean test
, dockerImage=dummy-docker-image:latest, commitHashToBuild=c710d0e68c9c7db8cda7d1a278308de2b9642cc0, assignmentCommitHash=c710d0e68c9c7db8cda7d1a278308de2b9642cc0, testCommitHash=a5e046ece417b2e538f21f816e2524dab61e0d10, branch=main, programmingLanguage=JAVA, projectType=PLAIN_GRADLE, scaEnabled=false, sequentialTestRunsEnabled=false, resultPaths=[/var/tmp/testing-dir/**/test-results/test/*.xml], timeoutSeconds=0, assignmentCheckoutPath=null, testCheckoutPath=null, solutionCheckoutPath=null, dockerRunConfig=null], submissionResult=ResultDTO[id=630, completionDate=2025-02-14T23:45:20.250809893Z[Etc/UTC], successful=false, score=0.0, rated=true, submission=SubmissionDTO[id=823, submitted=true, type=MANUAL, exampleSubmission=null, submissionDate=2025-02-14T23:45:20.211707Z, commitHash=c710d0e68c9c7db8cda7d1a278308de2b9642cc0, buildFailed=true, buildArtifact=false, participation=ParticipationDTO[id=1978, testRun=false, type=solution, submissionCount=null, exercise=ParticipationExerciseDTO[id=2591, exerciseType=PROGRAMMING, type=programming, assessmentType=AUTOMATIC, dueDate=2025-02-16T23:45:18.950569Z, assessmentDueDate=null, maxPoints=42.0, course=CourseDTO[id=974, accuracyOfScores=1]]], submissionExerciseType=programming, isProcessing=false, buildStartDate=null, estimatedCompletionDate=null], participation=ParticipationDTO[id=1978, testRun=false, type=solution, submissionCount=null, exercise=ParticipationExerciseDTO[id=2591, exerciseType=PROGRAMMING, type=programming, assessmentType=AUTOMATIC, dueDate=2025-02-16T23:45:18.950569Z, assessmentDueDate=null, maxPoints=42.0, course=CourseDTO[id=974, accuracyOfScores=1]]], feedbacks=[], assessmentType=AUTOMATIC, hasComplaint=null, exampleResult=null, testCaseCount=0, passedTestCaseCount=0, codeIssueCount=0]], BuildJobQueueItem[id=19781739576720802, name=SHORTB2A6C58B0D447045380A858075B170A5B7C6TSTEXC-SOLUTION, buildAgent=BuildAgentDTO[name=artemis-build-agent-test, memberAddress=[127.0.0.1]:5703, displayName=artemis-build-agent-test], participationId=1978, courseId=974, exerciseId=2591, retryCount=0, priority=2, status=FAILED, repositoryInfo=RepositoryInfo[repositoryName=shortb2a6c58b0d447045380a858075b170a5b7c6tstexc-solution, repositoryType=solution, triggeredByPushTo=tests, assignmentRepositoryUri=http://localhost:49152/git/SHORTB2A6C58B0D447045380A858075B170A5B7C6TSTEXC/shortb2a6c58b0d447045380a858075b170a5b7c6tstexc-solution.git, testRepositoryUri=http://localhost:49152/git/SHORTB2A6C58B0D447045380A858075B170A5B7C6TSTEXC/shortb2a6c58b0d447045380a858075b170a5b7c6tstexc-tests.git, solutionRepositoryUri=null, auxiliaryRepositoryUris=[Ljava.lang.String;@429a4534, auxiliaryRepositoryCheckoutDirectories=[Ljava.lang.String;@5453afee], jobTimingInfo=JobTimingInfo[submissionDate=2025-02-14T23:45:20.802935026Z[Etc/UTC], buildStartDate=2025-02-14T23:45:20.809306435Z[Etc/UTC], buildCompletionDate=2025-02-14T23:45:20.822452342Z[Etc/UTC], estimatedCompletionDate=2025-02-14T23:45:39.809298491Z[Etc/UTC], estimatedDuration=19], buildConfig=BuildConfig[buildScript=#!/bin/bash
cd /var/tmp/testing-dir
chmod +x ./gradlew
./gradlew clean test
, dockerImage=dummy-docker-image:latest, commitHashToBuild=c710d0e68c9c7db8cda7d1a278308de2b9642cc0, assignmentCommitHash=c710d0e68c9c7db8cda7d1a278308de2b9642cc0, testCommitHash=c710d0e68c9c7db8cda7d1a278308de2b9642cc0, branch=main, programmingLanguage=JAVA, projectType=PLAIN_GRADLE, scaEnabled=false, sequentialTestRunsEnabled=false, resultPaths=[/var/tmp/testing-dir/**/test-results/test/*.xml], timeoutSeconds=0, assignmentCheckoutPath=null, testCheckoutPath=null, solutionCheckoutPath=null, dockerRunConfig=null], submissionResult=ResultDTO[id=631, completionDate=2025-02-14T23:45:20.822527362Z[Etc/UTC], successful=false, score=0.0, rated=true, submission=SubmissionDTO[id=824, submitted=true, type=TEST, exampleSubmission=null, submissionDate=2025-02-14T23:45:20.791240Z, commitHash=c710d0e68c9c7db8cda7d1a278308de2b9642cc0, buildFailed=true, buildArtifact=false, participation=ParticipationDTO[id=1978, testRun=false, type=solution, submissionCount=null, exercise=ParticipationExerciseDTO[id=2591, exerciseType=PROGRAMMING, type=programming, assessmentType=AUTOMATIC, dueDate=2025-02-16T23:45:18.950569Z, assessmentDueDate=null, maxPoints=42.0, course=CourseDTO[id=974, accuracyOfScores=1]]], submissionExerciseType=programming, isProcessing=false, buildStartDate=null, estimatedCompletionDate=null], participation=ParticipationDTO[id=1978, testRun=false, type=solution, submissionCount=null, exercise=ParticipationExerciseDTO[id=2591, exerciseType=PROGRAMMING, type=programming, assessmentType=AUTOMATIC, dueDate=2025-02-16T23:45:18.950569Z, assessmentDueDate=null, maxPoints=42.0, course=CourseDTO[id=974, accuracyOfScores=1]]], feedbacks=[], assessmentType=AUTOMATIC, hasComplaint=null, exampleResult=null, testCaseCount=0, passedTestCaseCount=0, codeIssueCount=0]], BuildJobQueueItem[id=20061739576732554, name=SHORT94A899E303D7504C5D0840704DAAFA3DFF4DTSTEXC-LOCALVCCIINTINSTRUCTOR1, buildAgent=BuildAgentDTO[name=artemis-build-agent-test, memberAddress=[127.0.0.1]:5703, displayName=artemis-build-agent-test], participationId=2006, courseId=984, exerciseId=2601, retryCount=0, priority=2, status=SUCCESSFUL, repositoryInfo=RepositoryInfo[repositoryName=short94a899e303d7504c5d0840704daafa3dff4dtstexc-localvcciintinstructor1, repositoryType=user, triggeredByPushTo=user, assignmentRepositoryUri=http://localhost:49152/git/SHORT94A899E303D7504C5D0840704DAAFA3DFF4DTSTEXC/short94a899e303d7504c5d0840704daafa3dff4dtstexc-localvcciintinstructor1.git, testRepositoryUri=http://localhost:49152/git/SHORT94A899E303D7504C5D0840704DAAFA3DFF4DTSTEXC/short94a899e303d7504c5d0840704daafa3dff4dtstexc-tests.git, solutionRepositoryUri=null, auxiliaryRepositoryUris=[Ljava.lang.String;@3ed43150, auxiliaryRepositoryCheckoutDirectories=[Ljava.lang.String;@248a0491], jobTimingInfo=JobTimingInfo[submissionDate=2025-02-14T23:45:32.554795798Z[Etc/UTC], buildStartDate=2025-02-14T23:45:32.567287465Z[Etc/UTC], buildCompletionDate=2025-02-14T23:45:34.535226768Z[Etc/UTC], estimatedCompletionDate=2025-02-14T23:45:51.567257960Z[Etc/UTC], estimatedDuration=19], buildConfig=BuildConfig[buildScript=#!/bin/bash
cd /var/tmp/testing-dir
chmod +x ./gradlew
./gradlew clean test
, dockerImage=dummy-docker-image:latest, commitHashToBuild=ca2dbc0ae87edf7035058a6a17c0ea60e90a290f, assignmentCommitHash=ca2dbc0ae87edf7035058a6a17c0ea60e90a290f, testCommitHash=0207f6f98af5fbb66ad68455f3fc3cf128af8ae9, branch=main, programmingLanguage=JAVA, projectType=PLAIN_GRADLE, scaEnabled=false, sequentialTestRunsEnabled=false, resultPaths=[/var/tmp/testing-dir/**/test-results/test/*.xml], timeoutSeconds=0, assignmentCheckoutPath=null, testCheckoutPath=null, solutionCheckoutPath=null, dockerRunConfig=null], submissionResult=ResultDTO[id=632, completionDate=2025-02-14T23:45:34.504415716Z[Etc/UTC], successful=false, score=7.7, rated=false, submission=SubmissionDTO[id=826, submitted=true, type=MANUAL, exampleSubmission=null, submissionDate=2025-02-14T23:45:32.541533Z, commitHash=ca2dbc0ae87edf7035058a6a17c0ea60e90a290f, buildFailed=false, buildArtifact=false, participation=ParticipationDTO[id=2006, testRun=true, type=programming, submissionCount=null, exercise=ParticipationExerciseDTO[id=2601, exerciseType=PROGRAMMING, type=programming, assessmentType=AUTOMATIC, dueDate=2025-02-16T23:45:31.864042Z, assessmentDueDate=null, maxPoints=42.0, course=CourseDTO[id=984, accuracyOfScores=1]]], submissionExerciseType=programming, isProcessing=false, buildStartDate=null, estimatedCompletionDate=null], participation=ParticipationDTO[id=2006, testRun=true, type=programming, submissionCount=null, exercise=ParticipationExerciseDTO[id=2601, exerciseType=PROGRAMMING, type=programming, assessmentType=AUTOMATIC, dueDate=2025-02-16T23:45:31.864042Z, assessmentDueDate=null, maxPoints=42.0, course=CourseDTO[id=984, accuracyOfScores=1]]], feedbacks=[FeedbackDTO[id=920, text=null, detailText=The exercise expects a class with the name Context in the package testpackage. You did not implement the class in the exercise., hasLongFeedbackText=false, reference=null, credits=0.0, positive=false, type=AUTOMATIC, visibility=ALWAYS, testCase=TestCaseDTO[testName=null, id=1357]], FeedbackDTO[id=921, text=null, detailText=The exercise expects a class with the name Policy in the package testpackage. You did not implement the class in the exercise., hasLongFeedbackText=false, reference=null, credits=0.0, positive=false, type=AUTOMATIC, visibility=ALWAYS, testCase=TestCaseDTO[testName=null, id=1358]], FeedbackDTO[id=922, text=null, detailText=The exercise expects a class with the name SortStrategy in the package testpackage. You did not implement the class in the exercise., hasLongFeedbackText=false, reference=null, credits=0.0, positive=false, type=AUTOMATIC, visibility=ALWAYS, testCase=TestCaseDTO[testName=null, id=1359]], FeedbackDTO[id=923, text=null, detailText=The class 'MergeSort' does not implement the interface 'SortStrategy' as expected. Implement the interface and its methods., hasLongFeedbackText=false, reference=null, credits=0.0, positive=false, type=AUTOMATIC, visibility=ALWAYS, testCase=TestCaseDTO[testName=null, id=1354]], FeedbackDTO[id=924, text=null, detailText=The exercise expects a class with the name SortStrategy in the package testpackage. You did not implement the class in the exercise., hasLongFeedbackText=false, reference=null, credits=0.0, positive=false, type=AUTOMATIC, visibility=ALWAYS, testCase=TestCaseDTO[testName=null, id=1351]], FeedbackDTO[id=925, text=null, detailText=The class 'BubbleSort' does not implement the interface 'SortStrategy' as expected. Implement the interface and its methods., hasLongFeedbackText=false, reference=null, credits=0.0, positive=false, type=AUTOMATIC, visibility=ALWAYS, testCase=TestCaseDTO[testName=null, id=1355]], FeedbackDTO[id=926, text=null, detailText=MergeSort does not sort correctly, hasLongFeedbackText=false, reference=null, credits=0.0, positive=false, type=AUTOMATIC, visibility=ALWAYS, testCase=TestCaseDTO[testName=null, id=1360]], FeedbackDTO[id=927, text=null, detailText=The class 'Context' was not found within the submission. Make sure to implement it properly., hasLongFeedbackText=false, reference=null, credits=0.0, positive=false, type=AUTOMATIC, visibility=ALWAYS, testCase=TestCaseDTO[testName=null, id=1361]], FeedbackDTO[id=928, text=null, detailText=The class 'Context' was not found within the submission. Make sure to implement it properly., hasLongFeedbackText=false, reference=null, credits=0.0, positive=false, type=AUTOMATIC, visibility=ALWAYS, testCase=TestCaseDTO[testName=null, id=1362]], FeedbackDTO[id=929, text=null, detailText=The exercise expects a class with the name Policy in the package testpackage. You did not implement the class in the exercise., hasLongFeedbackText=false, reference=null, credits=0.0, positive=false, type=AUTOMATIC, visibility=ALWAYS, testCase=TestCaseDTO[testName=null, id=1356]], FeedbackDTO[id=930, text=null, detailText=The exercise expects a class with the name Context in the package testpackage. You did not implement the class in the exercise., hasLongFeedbackText=false, reference=null, credits=0.0, positive=false, type=AUTOMATIC, visibility=ALWAYS, testCase=TestCaseDTO[testName=null, id=1352]], FeedbackDTO[id=931, text=null, detailText=The exercise expects a class with the name Policy in the package testpackage. You did not implement the class in the exercise., hasLongFeedbackText=false, reference=null, credits=0.0, positive=false, type=AUTOMATIC, visibility=ALWAYS, testCase=TestCaseDTO[testName=null, id=1353]], FeedbackDTO[id=932, text=null, detailText=null, hasLongFeedbackText=false, reference=null, credits=3.230769230769231, positive=true, type=AUTOMATIC, visibility=ALWAYS, testCase=TestCaseDTO[testName=null, id=1363]]], assessmentType=AUTOMATIC, hasComplaint=null, exampleResult=null, testCaseCount=13, passedTestCaseCount=1, codeIssueCount=0]], BuildJobQueueItem[id=20111739576737317, name=SHORTD49A6DAE04F9E049850BD5601663FD17A5B7TSTEXC-BASE, buildAgent=BuildAgentDTO[name=artemis-build-agent-test, memberAddress=[127.0.0.1]:5703, displayName=artemis-build-agent-test], participationId=2011, courseId=986, exerciseId=2603, retryCount=0, priority=2, status=SUCCESSFUL, repositoryInfo=RepositoryInfo[repositoryName=shortd49a6dae04f9e049850bd5601663fd17a5b7tstexc-exercise, repositoryType=exercise, triggeredByPushTo=exercise, assignmentRepositoryUri=http://localhost:49152/git/SHORTD49A6DAE04F9E049850BD5601663FD17A5B7TSTEXC/shortd49a6dae04f9e049850bd5601663fd17a5b7tstexc-exercise.git, testRepositoryUri=http://localhost:49152/git/SHORTD49A6DAE04F9E049850BD5601663FD17A5B7TSTEXC/shortd49a6dae04f9e049850bd5601663fd17a5b7tstexc-tests.git, solutionRepositoryUri=null, auxiliaryRepositoryUris=[Ljava.lang.String;@34a946d1, auxiliaryRepositoryCheckoutDirectories=[Ljava.lang.String;@7d4cb375], jobTimingInfo=JobTimingInfo[submissionDate=2025-02-14T23:45:37.317968648Z[Etc/UTC], buildStartDate=2025-02-14T23:45:37.324534774Z[Etc/UTC], buildCompletionDate=2025-02-14T23:45:38.527225461Z[Etc/UTC], estimatedCompletionDate=2025-02-14T23:45:56.324506331Z[Etc/UTC], estimatedDuration=19], buildConfig=BuildConfig[buildScript=#!/bin/bash
cd /var/tmp/testing-dir
chmod +x ./gradlew
./gradlew clean test
, dockerImage=dummy-docker-image:latest, commitHashToBuild=c795243c185829bbefa399f45dcbcfac22311b2f, assignmentCommitHash=c795243c185829bbefa399f45dcbcfac22311b2f, testCommitHash=fa8b162170bf767d852e05e0eb7a128efa2e1f34, branch=main, programmingLanguage=JAVA, projectType=PLAIN_GRADLE, scaEnabled=false, sequentialTestRunsEnabled=false, resultPaths=[/var/tmp/testing-dir/**/test-results/test/*.xml], timeoutSeconds=0, assignmentCheckoutPath=null, testCheckoutPath=null, solutionCheckoutPath=null, dockerRunConfig=null], submissionResult=ResultDTO[id=633, completionDate=2025-02-14T23:45:38.476795726Z[Etc/UTC], successful=false, score=0.0, rated=true, submission=SubmissionDTO[id=827, submitted=true, type=MANUAL, exampleSubmission=null, submissionDate=2025-02-14T23:45:37.303401Z, commitHash=c795243c185829bbefa399f45dcbcfac22311b2f, buildFailed=false, buildArtifact=false, participation=ParticipationDTO[id=2011, testRun=false, type=template, submissionCount=null, exercise=ParticipationExerciseDTO[id=2603, exerciseType=PROGRAMMING, type=programming, assessmentType=AUTOMATIC, dueDate=2025-02-16T23:45:36.830269Z, assessmentDueDate=null, maxPoints=42.0, course=CourseDTO[id=986, accuracyOfScores=1]]], submissionExerciseType=programming, isProcessing=false, buildStartDate=null, estimatedCompletionDate=null], participation=ParticipationDTO[id=2011, testRun=false, type=template, submissionCount=null, exercise=ParticipationExerciseDTO[id=2603, exerciseType=PROGRAMMING, type=programming, assessmentType=AUTOMATIC, dueDate=2025-02-16T23:45:36.830269Z, assessmentDueDate=null, maxPoints=42.0, course=CourseDTO[id=986, accuracyOfScores=1]]], feedbacks=[FeedbackDTO[id=933, text=null, detailText=The exercise expects a class with the name Context in the package testpackage. You did not implement the class in the exercise., hasLongFeedbackText=false, reference=null, credits=0.0, positive=false, type=AUTOMATIC, visibility=ALWAYS, testCase=TestCaseDTO[testName=testMethods[Context], id=1383]], FeedbackDTO[id=934, text=null, detailText=The exercise expects a class with the name Policy in the package testpackage. You did not implement the class in the exercise., hasLongFeedbackText=false, reference=null, credits=0.0, positive=false, type=AUTOMATIC, visibility=ALWAYS, testCase=TestCaseDTO[testName=testMethods[Policy], id=1384]], FeedbackDTO[id=935, text=null, detailText=The exercise expects a class with the name SortStrategy in the package testpackage. You did not implement the class in the exercise., hasLongFeedbackText=false, reference=null, credits=0.0, positive=false, type=AUTOMATIC, visibility=ALWAYS, testCase=TestCaseDTO[testName=testMethods[SortStrategy], id=1385]], FeedbackDTO[id=936, text=null, detailText=The class 'MergeSort' does not implement the interface 'SortStrategy' as expected. Implement the interface and its methods., hasLongFeedbackText=false, reference=null, credits=0.0, positive=false, type=AUTOMATIC, visibility=ALWAYS, testCase=TestCaseDTO[testName=testClass[MergeSort], id=1380]], FeedbackDTO[id=937, text=null, detailText=The exercise expects a class with the name SortStrategy in the package testpackage. You did not implement the class in the exercise., hasLongFeedbackText=false, reference=null, credits=0.0, positive=false, type=AUTOMATIC, visibility=ALWAYS, testCase=TestCaseDTO[testName=testClass[SortStrategy], id=1377]], FeedbackDTO[id=938, text=null, detailText=The class 'BubbleSort' does not implement the interface 'SortStrategy' as expected. Implement the interface and its methods., hasLongFeedbackText=false, reference=null, credits=0.0, positive=false, type=AUTOMATIC, visibility=ALWAYS, testCase=TestCaseDTO[testName=testClass[BubbleSort], id=1381]], FeedbackDTO[id=939, text=null, detailText=MergeSort does not sort correctly, hasLongFeedbackText=false, reference=null, credits=0.0, positive=false, type=AUTOMATIC, visibility=ALWAYS, testCase=TestCaseDTO[testName=testMergeSort(), id=1386]], FeedbackDTO[id=940, text=null, detailText=The class 'Context' was not found within the submission. Make sure to implement it properly., hasLongFeedbackText=false, reference=null, credits=0.0, positive=false, type=AUTOMATIC, visibility=ALWAYS, testCase=TestCaseDTO[testName=testUseBubbleSortForSmallList(), id=1387]], FeedbackDTO[id=941, text=null, detailText=BubbleSort does not sort correctly, hasLongFeedbackText=false, reference=null, credits=0.0, positive=false, type=AUTOMATIC, visibility=ALWAYS, testCase=TestCaseDTO[testName=testBubbleSort(), id=1389]], FeedbackDTO[id=942, text=null, detailText=The class 'Context' was not found within the submission. Make sure to implement it properly., hasLongFeedbackText=false, reference=null, credits=0.0, positive=false, type=AUTOMATIC, visibility=ALWAYS, testCase=TestCaseDTO[testName=testUseMergeSortForBigList(), id=1388]], FeedbackDTO[id=943, text=null, detailText=The exercise expects a class with the name Policy in the package testpackage. You did not implement the class in the exercise., hasLongFeedbackText=false, reference=null, credits=0.0, positive=false, type=AUTOMATIC, visibility=ALWAYS, testCase=TestCaseDTO[testName=testConstructors[Policy], id=1382]], FeedbackDTO[id=944, text=null, detailText=The exercise expects a class with the name Context in the package testpackage. You did not implement the class in the exercise., hasLongFeedbackText=false, reference=null, credits=0.0, positive=false, type=AUTOMATIC, visibility=ALWAYS, testCase=TestCaseDTO[testName=testAttributes[Context], id=1378]], FeedbackDTO[id=945, text=null, detailText=The exercise expects a class with the name Policy in the package testpackage. You did not implement the class in the exercise., hasLongFeedbackText=false, reference=null, credits=0.0, positive=false, type=AUTOMATIC, visibility=ALWAYS, testCase=TestCaseDTO[testName=testAttributes[Policy], id=1379]]], assessmentType=AUTOMATIC, hasComplaint=null, exampleResult=null, testCaseCount=13, passedTestCaseCount=0, codeIssueCount=0]], BuildJobQueueItem[id=20171739576740018, name=SHORT7914AFA00ADC3047140B99D01AC07810CE44TSTEXC-LOCALVCCIINTSTUDENT1, buildAgent=BuildAgentDTO[name=artemis-build-agent-test, memberAddress=[127.0.0.1]:5703, displayName=artemis-build-agent-test], participationId=2017, courseId=988, exerciseId=2605, retryCount=0, priority=2, status=SUCCESSFUL, repositoryInfo=RepositoryInfo[repositoryName=short7914afa00adc3047140b99d01ac07810ce44tstexc-practice-localvcciintstudent1, repositoryType=user, triggeredByPushTo=user, assignmentRepositoryUri=http://localhost:49152/git/SHORT7914AFA00ADC3047140B99D01AC07810CE44TSTEXC/short7914afa00adc3047140b99d01ac07810ce44tstexc-practice-localvcciintstudent1.git, testRepositoryUri=http://localhost:49152/git/SHORT7914AFA00ADC3047140B99D01AC07810CE44TSTEXC/short7914afa00adc3047140b99d01ac07810ce44tstexc-tests.git, solutionRepositoryUri=null, auxiliaryRepositoryUris=[Ljava.lang.String;@620d433d, auxiliaryRepositoryCheckoutDirectories=[Ljava.lang.String;@16577d61], jobTimingInfo=JobTimingInfo[submissionDate=2025-02-14T23:45:40.018961253Z[Etc/UTC], buildStartDate=2025-02-14T23:45:40.029742701Z[Etc/UTC], buildCompletionDate=2025-02-14T23:45:41.150208242Z[Etc/UTC], estimatedCompletionDate=2025-02-14T23:45:59.029734065Z[Etc/UTC], estimatedDuration=19], buildConfig=BuildConfig[buildScript=#!/bin/bash
cd /var/tmp/testing-dir
chmod +x ./gradlew
./gradlew clean test
, dockerImage=dummy-docker-image:latest, commitHashToBuild=d80b57877989b971e83ccdb4863c8a7023c76266, assignmentCommitHash=d80b57877989b971e83ccdb4863c8a7023c76266, testCommitHash=327b116890c92b1312314341f43f21ef13ecf7d7, branch=main, programmingLanguage=JAVA, projectType=PLAIN_GRADLE, scaEnabled=false, sequentialTestRunsEnabled=false, resultPaths=[/var/tmp/testing-dir/**/test-results/test/*.xml], timeoutSeconds=0, assignmentCheckoutPath=null, testCheckoutPath=null, solutionCheckoutPath=null, dockerRunConfig=null], submissionResult=ResultDTO[id=634, completionDate=2025-02-14T23:45:41.120192603Z[Etc/UTC], successful=false, score=7.7, rated=false, submission=SubmissionDTO[id=828, submitted=true, type=MANUAL, exampleSubmission=null, submissionDate=2025-02-14T23:45:40.008666Z, commitHash=d80b57877989b971e83ccdb4863c8a7023c76266, buildFailed=false, buildArtifact=false, participation=ParticipationDTO[id=2017, testRun=true, type=programming, submissionCount=null, exercise=ParticipationExerciseDTO[id=2605, exerciseType=PROGRAMMING, type=programming, assessmentType=AUTOMATIC, dueDate=2025-02-16T23:45:39.523500Z, assessmentDueDate=null, maxPoints=42.0, course=CourseDTO[id=988, accuracyOfScores=1]]], submissionExerciseType=programming, isProcessing=false, buildStartDate=null, estimatedCompletionDate=null], participation=ParticipationDTO[id=2017, testRun=true, type=programming, submissionCount=null, exercise=ParticipationExerciseDTO[id=2605, exerciseType=PROGRAMMING, type=programming, assessmentType=AUTOMATIC, dueDate=2025-02-16T23:45:39.523500Z, assessmentDueDate=null, maxPoints=42.0, course=CourseDTO[id=988, accuracyOfScores=1]]], feedbacks=[FeedbackDTO[id=946, text=null, detailText=The exercise expects a class with the name Context in the package testpackage. You did not implement the class in the exercise., hasLongFeedbackText=false, reference=null, credits=0.0, positive=false, type=AUTOMATIC, visibility=ALWAYS, testCase=TestCaseDTO[testName=null, id=1409]], FeedbackDTO[id=947, text=null, detailText=The exercise expects a class with the name Policy in the package testpackage. You did not implement the class in the exercise., hasLongFeedbackText=false, reference=null, credits=0.0, positive=false, type=AUTOMATIC, visibility=ALWAYS, testCase=TestCaseDTO[testName=null, id=1410]], FeedbackDTO[id=948, text=null, detailText=The exercise expects a class with the name SortStrategy in the package testpackage. You did not implement the class in the exercise., hasLongFeedbackText=false, reference=null, credits=0.0, positive=false, type=AUTOMATIC, visibility=ALWAYS, testCase=TestCaseDTO[testName=null, id=1411]], FeedbackDTO[id=949, text=null, detailText=The class 'MergeSort' does not implement the interface 'SortStrategy' as expected. Implement the interface and its methods., hasLongFeedbackText=false, reference=null, credits=0.0, positive=false, type=AUTOMATIC, visibility=ALWAYS, testCase=TestCaseDTO[testName=null, id=1406]], FeedbackDTO[id=950, text=null, detailText=The exercise expects a class with the name SortStrategy in the package testpackage. You did not implement the class in the exercise., hasLongFeedbackText=false, reference=null, credits=0.0, positive=false, type=AUTOMATIC, visibility=ALWAYS, testCase=TestCaseDTO[testName=null, id=1403]], FeedbackDTO[id=951, text=null, detailText=The class 'BubbleSort' does not implement the interface 'SortStrategy' as expected. Implement the interface and its methods., hasLongFeedbackText=false, reference=null, credits=0.0, positive=false, type=AUTOMATIC, visibility=ALWAYS, testCase=TestCaseDTO[testName=null, id=1407]], FeedbackDTO[id=952, text=null, detailText=MergeSort does not sort correctly, hasLongFeedbackText=false, reference=null, credits=0.0, positive=false, type=AUTOMATIC, visibility=ALWAYS, testCase=TestCaseDTO[testName=null, id=1412]], FeedbackDTO[id=953, text=null, detailText=The class 'Context' was not found within the submission. Make sure to implement it properly., hasLongFeedbackText=false, reference=null, credits=0.0, positive=false, type=AUTOMATIC, visibility=ALWAYS, testCase=TestCaseDTO[testName=null, id=1413]], FeedbackDTO[id=954, text=null, detailText=The class 'Context' was not found within the submission. Make sure to implement it properly., hasLongFeedbackText=false, reference=null, credits=0.0, positive=false, type=AUTOMATIC, visibility=ALWAYS, testCase=TestCaseDTO[testName=null, id=1414]], FeedbackDTO[id=955, text=null, detailText=The exercise expects a class with the name Policy in the package testpackage. You did not implement the class in the exercise., hasLongFeedbackText=false, reference=null, credits=0.0, positive=false, type=AUTOMATIC, visibility=ALWAYS, testCase=TestCaseDTO[testName=null, id=1408]], FeedbackDTO[id=956, text=null, detailText=The exercise expects a class with the name Context in the package testpackage. You did not implement the class in the exercise., hasLongFeedbackText=false, reference=null, credits=0.0, positive=false, type=AUTOMATIC, visibility=ALWAYS, testCase=TestCaseDTO[testName=null, id=1404]], FeedbackDTO[id=957, text=null, detailText=The exercise expects a class with the name Policy in the package testpackage. You did not implement the class in the exercise., hasLongFeedbackText=false, reference=null, credits=0.0, positive=false, type=AUTOMATIC, visibility=ALWAYS, testCase=TestCaseDTO[testName=null, id=1405]], FeedbackDTO[id=958, text=null, detailText=null, hasLongFeedbackText=false, reference=null, credits=3.230769230769231, positive=true, type=AUTOMATIC, visibility=ALWAYS, testCase=TestCaseDTO[testName=null, id=1415]]], assessmentType=AUTOMATIC, hasComplaint=null, exampleResult=null, testCaseCount=13, passedTestCaseCount=1, codeIssueCount=0]], BuildJobQueueItem[id=20261739576743984, name=SHORT53C73BE505404043100AC2F00C039353CE8FTSTEXC-LOCALVCCIINTSTUDENT1, buildAgent=BuildAgentDTO[name=artemis-build-agent-test, memberAddress=[127.0.0.1]:5703, displayName=artemis-build-agent-test], participationId=2026, courseId=991, exerciseId=2608, retryCount=0, priority=1, status=SUCCESSFUL, repositoryInfo=RepositoryInfo[repositoryName=short53c73be505404043100ac2f00c039353ce8ftstexc-localvcciintstudent1, repositoryType=user, triggeredByPushTo=user, assignmentRepositoryUri=http://localhost:49152/git/SHORT53C73BE505404043100AC2F00C039353CE8FTSTEXC/short53c73be505404043100ac2f00c039353ce8ftstexc-localvcciintstudent1.git, testRepositoryUri=http://localhost:49152/git/SHORT53C73BE505404043100AC2F00C039353CE8FTSTEXC/short53c73be505404043100ac2f00c039353ce8ftstexc-tests.git, solutionRepositoryUri=null, auxiliaryRepositoryUris=[Ljava.lang.String;@68b62eb4, auxiliaryRepositoryCheckoutDirectories=[Ljava.lang.String;@70f9efcc], jobTimingInfo=JobTimingInfo[submissionDate=2025-02-14T23:45:43.984518859Z[Etc/UTC], buildStartDate=2025-02-14T23:45:43.991385682Z[Etc/UTC], buildCompletionDate=2025-02-14T23:45:44.982059928Z[Etc/UTC], estimatedCompletionDate=2025-02-14T23:46:02.991380122Z[Etc/UTC], estimatedDuration=19], buildConfig=BuildConfig[buildScript=#!/bin/bash
cd /var/tmp/testing-dir
chmod +x ./gradlew
./gradlew clean test
, dockerImage=dummy-docker-image:latest, commitHashToBuild=3e90ae9fef2e44ffb41451a080bdaa6a44ad6848, assignmentCommitHash=3e90ae9fef2e44ffb41451a080bdaa6a44ad6848, testCommitHash=0582754c87aae13e640312855ce7dbe490ecb50c, branch=main, programmingLanguage=JAVA, projectType=PLAIN_GRADLE, scaEnabled=false, sequentialTestRunsEnabled=false, resultPaths=[/var/tmp/testing-dir/**/test-results/test/*.xml], timeoutSeconds=0, assignmentCheckoutPath=null, testCheckoutPath=null, solutionCheckoutPath=null, dockerRunConfig=null], submissionResult=ResultDTO[id=635, completionDate=2025-02-14T23:45:44.961313737Z[Etc/UTC], successful=false, score=7.7, rated=true, submission=SubmissionDTO[id=829, submitted=true, type=MANUAL, exampleSubmission=null, submissionDate=2025-02-14T23:45:43.967766Z, commitHash=3e90ae9fef2e44ffb41451a080bdaa6a44ad6848, buildFailed=false, buildArtifact=false, participation=ParticipationDTO[id=2026, testRun=false, type=programming, submissionCount=null, exercise=ParticipationExerciseDTO[id=2608, exerciseType=PROGRAMMING, type=programming, assessmentType=AUTOMATIC, dueDate=2025-02-16T23:45:43.597978Z, assessmentDueDate=null, maxPoints=42.0, course=CourseDTO[id=991, accuracyOfScores=1]]], submissionExerciseType=programming, isProcessing=false, buildStartDate=null, estimatedCompletionDate=null], participation=ParticipationDTO[id=2026, testRun=false, type=programming, submissionCount=null, exercise=ParticipationExerciseDTO[id=2608, exerciseType=PROGRAMMING, type=programming, assessmentType=AUTOMATIC, dueDate=2025-02-16T23:45:43.597978Z, assessmentDueDate=null, maxPoints=42.0, course=CourseDTO[id=991, accuracyOfScores=1]]], feedbacks=[FeedbackDTO[id=959, text=null, detailText=The exercise expects a class with the name Context in the package testpackage. You did not implement the class in the exercise., hasLongFeedbackText=false, reference=null, credits=0.0, positive=false, type=AUTOMATIC, visibility=ALWAYS, testCase=TestCaseDTO[testName=null, id=1448]], FeedbackDTO[id=960, text=null, detailText=The exercise expects a class with the name Policy in the package testpackage. You did not implement the class in the exercise., hasLongFeedbackText=false, reference=null, credits=0.0, positive=false, type=AUTOMATIC, visibility=ALWAYS, testCase=TestCaseDTO[testName=null, id=1449]], FeedbackDTO[id=961, text=null, detailText=The exercise expects a class with the name SortStrategy in the package testpackage. You did not implement the class in the exercise., hasLongFeedbackText=false, reference=null, credits=0.0, positive=false, type=AUTOMATIC, visibility=ALWAYS, testCase=TestCaseDTO[testName=null, id=1450]], FeedbackDTO[id=962, text=null, detailText=The class 'MergeSort' does not implement the interface 'SortStrategy' as expected. Implement the interface and its methods., hasLongFeedbackText=false, reference=null, credits=0.0, positive=false, type=AUTOMATIC, visibility=ALWAYS, testCase=TestCaseDTO[testName=null, id=1445]], FeedbackDTO[id=963, text=null, detailText=The exercise expects a class with the name SortStrategy in the package testpackage. You did not implement the class in the exercise., hasLongFeedbackText=false, reference=null, credits=0.0, positive=false, type=AUTOMATIC, visibility=ALWAYS, testCase=TestCaseDTO[testName=null, id=1442]], FeedbackDTO[id=964, text=null, detailText=The class 'BubbleSort' does not implement the interface 'SortStrategy' as expected. Implement the interface and its methods., hasLongFeedbackText=false, reference=null, credits=0.0, positive=false, type=AUTOMATIC, visibility=ALWAYS, testCase=TestCaseDTO[testName=null, id=1446]], FeedbackDTO[id=965, text=null, detailText=MergeSort does not sort correctly, hasLongFeedbackText=false, reference=null, credits=0.0, positive=false, type=AUTOMATIC, visibility=ALWAYS, testCase=TestCaseDTO[testName=null, id=1451]], FeedbackDTO[id=966, text=null, detailText=The class 'Context' was not found within the submission. Make sure to implement it properly., hasLongFeedbackText=false, reference=null, credits=0.0, positive=false, type=AUTOMATIC, visibility=ALWAYS, testCase=TestCaseDTO[testName=null, id=1452]], FeedbackDTO[id=967, text=null, detailText=The class 'Context' was not found within the submission. Make sure to implement it properly., hasLongFeedbackText=false, reference=null, credits=0.0, positive=false, type=AUTOMATIC, visibility=ALWAYS, testCase=TestCaseDTO[testName=null, id=1453]], FeedbackDTO[id=968, text=null, detailText=The exercise expects a class with the name Policy in the package testpackage. You did not implement the class in the exercise., hasLongFeedbackText=false, reference=null, credits=0.0, positive=false, type=AUTOMATIC, visibility=ALWAYS, testCase=TestCaseDTO[testName=null, id=1447]], FeedbackDTO[id=969, text=null, detailText=The exercise expects a class with the name Context in the package testpackage. You did not implement the class in the exercise., hasLongFeedbackText=false, reference=null, credits=0.0, positive=false, type=AUTOMATIC, visibility=ALWAYS, testCase=TestCaseDTO[testName=null, id=1443]], FeedbackDTO[id=970, text=null, detailText=The exercise expects a class with the name Policy in the package testpackage. You did not implement the class in the exercise., hasLongFeedbackText=false, reference=null, credits=0.0, positive=false, type=AUTOMATIC, visibility=ALWAYS, testCase=TestCaseDTO[testName=null, id=1444]], FeedbackDTO[id=971, text=null, detailText=null, hasLongFeedbackText=false, reference=null, credits=3.230769230769231, positive=true, type=AUTOMATIC, visibility=ALWAYS, testCase=TestCaseDTO[testName=null, id=1454]]], assessmentType=AUTOMATIC, hasComplaint=null, exampleResult=null, testCaseCount=13, passedTestCaseCount=1, codeIssueCount=0]], BuildJobQueueItem[id=20271739576746886, name=SHORT0FC863930E92904248098A506171F81CF6CFTSTEXC-SOLUTION, buildAgent=BuildAgentDTO[name=artemis-build-agent-test, memberAddress=[127.0.0.1]:5703, displayName=artemis-build-agent-test], participationId=2027, courseId=992, exerciseId=2609, retryCount=0, priority=2, status=SUCCESSFUL, repositoryInfo=RepositoryInfo[repositoryName=short0fc863930e92904248098a506171f81cf6cftstexc-solution, repositoryType=solution, triggeredByPushTo=auxiliary, assignmentRepositoryUri=http://localhost:49152/git/SHORT0FC863930E92904248098A506171F81CF6CFTSTEXC/short0fc863930e92904248098a506171f81cf6cftstexc-solution.git, testRepositoryUri=http://localhost:49152/git/SHORT0FC863930E92904248098A506171F81CF6CFTSTEXC/short0fc863930e92904248098a506171f81cf6cftstexc-tests.git, solutionRepositoryUri=null, auxiliaryRepositoryUris=[Ljava.lang.String;@78654e45, auxiliaryRepositoryCheckoutDirectories=[Ljava.lang.String;@5574885d], jobTimingInfo=JobTimingInfo[submissionDate=2025-02-14T23:45:46.886984066Z[Etc/UTC], buildStartDate=2025-02-14T23:45:46.897709578Z[Etc/UTC], buildCompletionDate=2025-02-14T23:45:48.628460156Z[Etc/UTC], estimatedCompletionDate=2025-02-14T23:46:05.897701272Z[Etc/UTC], estimatedDuration=19], buildConfig=BuildConfig[buildScript=#!/bin/bash
cd /var/tmp/testing-dir
chmod +x ./gradlew
./gradlew clean test
, dockerImage=dummy-docker-image:latest, commitHashToBuild=null, assignmentCommitHash=115a2e943bee242fdad360b50d8ad5f30792577e, testCommitHash=9b3a9bd71a0d80e5bbc42204c319ed3d1d4f0d6d, branch=main, programmingLanguage=JAVA, projectType=PLAIN_GRADLE, scaEnabled=false, sequentialTestRunsEnabled=false, resultPaths=[/var/tmp/testing-dir/**/test-results/test/*.xml], timeoutSeconds=0, assignmentCheckoutPath=null, testCheckoutPath=null, solutionCheckoutPath=null, dockerRunConfig=null], submissionResult=ResultDTO[id=636, completionDate=2025-02-14T23:45:48.593370968Z[Etc/UTC], successful=true, score=100.0, rated=true, submission=SubmissionDTO[id=830, submitted=true, type=TEST, exampleSubmission=null, submissionDate=2025-02-14T23:45:46.873671Z, commitHash=9b3a9bd71a0d80e5bbc42204c319ed3d1d4f0d6d, buildFailed=false, buildArtifact=false, participation=ParticipationDTO[id=2027, testRun=false, type=solution, submissionCount=null, exercise=ParticipationExerciseDTO[id=2609, exerciseType=PROGRAMMING, type=programming, assessmentType=AUTOMATIC, dueDate=2025-02-16T23:45:46.386304Z, assessmentDueDate=null, maxPoints=42.0, course=CourseDTO[id=992, accuracyOfScores=1]]], submissionExerciseType=programming, isProcessing=false, buildStartDate=null, estimatedCompletionDate=null], participation=ParticipationDTO[id=2027, testRun=false, type=solution, submissionCount=null, exercise=ParticipationExerciseDTO[id=2609, exerciseType=PROGRAMMING, type=programming, assessmentType=AUTOMATIC, dueDate=2025-02-16T23:45:46.386304Z, assessmentDueDate=null, maxPoints=42.0, course=CourseDTO[id=992, accuracyOfScores=1]]], feedbacks=[FeedbackDTO[id=972, text=null, detailText=null, hasLongFeedbackText=false, reference=null, credits=3.230769230769231, positive=true, type=AUTOMATIC, visibility=ALWAYS, testCase=TestCaseDTO[testName=testMethods[Context], id=1461]], FeedbackDTO[id=973, text=null, detailText=null, hasLongFeedbackText=false, reference=null, credits=3.230769230769231, positive=true, type=AUTOMATIC, visibility=ALWAYS, testCase=TestCaseDTO[testName=testMethods[Policy], id=1462]], FeedbackDTO[id=974, text=null, detailText=null, hasLongFeedbackText=false, reference=null, credits=3.230769230769231, positive=true, type=AUTOMATIC, visibility=ALWAYS, testCase=TestCaseDTO[testName=testMethods[SortStrategy], id=1463]], FeedbackDTO[id=975, text=null, detailText=null, hasLongFeedbackText=false, reference=null, credits=3.230769230769231, positive=true, type=AUTOMATIC, visibility=ALWAYS, testCase=TestCaseDTO[testName=testClass[MergeSort], id=1458]], FeedbackDTO[id=976, text=null, detailText=null, hasLongFeedbackText=false, reference=null, credits=3.230769230769231, positive=true, type=AUTOMATIC, visibility=ALWAYS, testCase=TestCaseDTO[testName=testClass[SortStrategy], id=1455]], FeedbackDTO[id=977, text=null, detailText=null, hasLongFeedbackText=false, reference=null, credits=3.230769230769231, positive=true, type=AUTOMATIC, visibility=ALWAYS, testCase=TestCaseDTO[testName=testClass[BubbleSort], id=1459]], FeedbackDTO[id=978, text=null, detailText=null, hasLongFeedbackText=false, reference=null, credits=3.230769230769231, positive=true, type=AUTOMATIC, visibility=ALWAYS, testCase=TestCaseDTO[testName=testMergeSort(), id=1464]], FeedbackDTO[id=979, text=null, detailText=null, hasLongFeedbackText=false, reference=null, credits=3.230769230769231, positive=true, type=AUTOMATIC, visibility=ALWAYS, testCase=TestCaseDTO[testName=testUseBubbleSortForSmallList(), id=1465]], FeedbackDTO[id=980, text=null, detailText=null, hasLongFeedbackText=false, reference=null, credits=3.230769230769231, positive=true, type=AUTOMATIC, visibility=ALWAYS, testCase=TestCaseDTO[testName=testBubbleSort(), id=1467]], FeedbackDTO[id=981, text=null, detailText=null, hasLongFeedbackText=false, reference=null, credits=3.230769230769231, positive=true, type=AUTOMATIC, visibility=ALWAYS, testCase=TestCaseDTO[testName=testUseMergeSortForBigList(), id=1466]], FeedbackDTO[id=982, text=null, detailText=null, hasLongFeedbackText=false, reference=null, credits=3.230769230769231, positive=true, type=AUTOMATIC, visibility=ALWAYS, testCase=TestCaseDTO[testName=testConstructors[Policy], id=1460]], FeedbackDTO[id=983, text=null, detailText=null, hasLongFeedbackText=false, reference=null, credits=3.230769230769231, positive=true, type=AUTOMATIC, visibility=ALWAYS, testCase=TestCaseDTO[testName=testAttributes[Context], id=1456]], FeedbackDTO[id=984, text=null, detailText=null, hasLongFeedbackText=false, reference=null, credits=3.230769230769231, positive=true, type=AUTOMATIC, visibility=ALWAYS, testCase=TestCaseDTO[testName=testAttributes[Policy], id=1457]]], assessmentType=AUTOMATIC, hasComplaint=null, exampleResult=null, testCaseCount=13, passedTestCaseCount=13, codeIssueCount=0]], BuildJobQueueItem[id=20281739576748768, name=SHORT0FC863930E92904248098A506171F81CF6CFTSTEXC-BASE, buildAgent=BuildAgentDTO[name=artemis-build-agent-test, memberAddress=[127.0.0.1]:5703, displayName=artemis-build-agent-test], participationId=2028, courseId=992, exerciseId=2609, retryCount=0, priority=2, status=SUCCESSFUL, repositoryInfo=RepositoryInfo[repositoryName=short0fc863930e92904248098a506171f81cf6cftstexc-exercise, repositoryType=exercise, triggeredByPushTo=auxiliary, assignmentRepositoryUri=http://localhost:49152/git/SHORT0FC863930E92904248098A506171F81CF6CFTSTEXC/short0fc863930e92904248098a506171f81cf6cftstexc-exercise.git, testRepositoryUri=http://localhost:49152/git/SHORT0FC863930E92904248098A506171F81CF6CFTSTEXC/short0fc863930e92904248098a506171f81cf6cftstexc-tests.git, solutionRepositoryUri=null, auxiliaryRepositoryUris=[Ljava.lang.String;@c6edfc9, auxiliaryRepositoryCheckoutDirectories=[Ljava.lang.String;@33d6d607], jobTimingInfo=JobTimingInfo[submissionDate=2025-02-14T23:45:48.768063548Z[Etc/UTC], buildStartDate=2025-02-14T23:45:48.802531989Z[Etc/UTC], buildCompletionDate=2025-02-14T23:45:50.482681367Z[Etc/UTC], estimatedCompletionDate=2025-02-14T23:45:50.802523092Z[Etc/UTC], estimatedDuration=2], buildConfig=BuildConfig[buildScript=#!/bin/bash
cd /var/tmp/testing-dir
chmod +x ./gradlew
./gradlew clean test
, dockerImage=dummy-docker-image:latest, commitHashToBuild=9b3a9bd71a0d80e5bbc42204c319ed3d1d4f0d6d, assignmentCommitHash=115a2e943bee242fdad360b50d8ad5f30792577e, testCommitHash=9b3a9bd71a0d80e5bbc42204c319ed3d1d4f0d6d, branch=main, programmingLanguage=JAVA, projectType=PLAIN_GRADLE, scaEnabled=false, sequentialTestRunsEnabled=false, resultPaths=[/var/tmp/testing-dir/**/test-results/test/*.xml], timeoutSeconds=0, assignmentCheckoutPath=null, testCheckoutPath=null, solutionCheckoutPath=null, dockerRunConfig=null], submissionResult=ResultDTO[id=637, completionDate=2025-02-14T23:45:50.449084694Z[Etc/UTC], successful=false, score=0.0, rated=true, submission=SubmissionDTO[id=831, submitted=true, type=TEST, exampleSubmission=null, submissionDate=2025-02-14T23:45:48.761177Z, commitHash=9b3a9bd71a0d80e5bbc42204c319ed3d1d4f0d6d, buildFailed=false, buildArtifact=false, participation=ParticipationDTO[id=2028, testRun=false, type=template, submissionCount=null, exercise=ParticipationExerciseDTO[id=2609, exerciseType=PROGRAMMING, type=programming, assessmentType=AUTOMATIC, dueDate=2025-02-16T23:45:46.386304Z, assessmentDueDate=null, maxPoints=42.0, course=CourseDTO[id=992, accuracyOfScores=1]]], submissionExerciseType=programming, isProcessing=false, buildStartDate=null, estimatedCompletionDate=null], participation=ParticipationDTO[id=2028, testRun=false, type=template, submissionCount=null, exercise=ParticipationExerciseDTO[id=2609, exerciseType=PROGRAMMING, type=programming, assessmentType=AUTOMATIC, dueDate=2025-02-16T23:45:46.386304Z, assessmentDueDate=null, maxPoints=42.0, course=CourseDTO[id=992, accuracyOfScores=1]]], feedbacks=[FeedbackDTO[id=985, text=null, detailText=The exercise expects a class with the name Context in the package testpackage. You did not implement the class in the exercise., hasLongFeedbackText=false, reference=null, credits=0.0, positive=false, type=AUTOMATIC, visibility=ALWAYS, testCase=TestCaseDTO[testName=testMethods[Context], id=1461]], FeedbackDTO[id=986, text=null, detailText=The exercise expects a class with the name Policy in the package testpackage. You did not implement the class in the exercise., hasLongFeedbackText=false, reference=null, credits=0.0, positive=false, type=AUTOMATIC, visibility=ALWAYS, testCase=TestCaseDTO[testName=testMethods[Policy], id=1462]], FeedbackDTO[id=987, text=null, detailText=The exercise expects a class with the name SortStrategy in the package testpackage. You did not implement the class in the exercise., hasLongFeedbackText=false, reference=null, credits=0.0, positive=false, type=AUTOMATIC, visibility=ALWAYS, testCase=TestCaseDTO[testName=testMethods[SortStrategy], id=1463]], FeedbackDTO[id=988, text=null, detailText=The class 'MergeSort' does not implement the interface 'SortStrategy' as expected. Implement the interface and its methods., hasLongFeedbackText=false, reference=null, credits=0.0, positive=false, type=AUTOMATIC, visibility=ALWAYS, testCase=TestCaseDTO[testName=testClass[MergeSort], id=1458]], FeedbackDTO[id=989, text=null, detailText=The exercise expects a class with the name SortStrategy in the package testpackage. You did not implement the class in the exercise., hasLongFeedbackText=false, reference=null, credits=0.0, positive=false, type=AUTOMATIC, visibility=ALWAYS, testCase=TestCaseDTO[testName=testClass[SortStrategy], id=1455]], FeedbackDTO[id=990, text=null, detailText=The class 'BubbleSort' does not implement the interface 'SortStrategy' as expected. Implement the interface and its methods., hasLongFeedbackText=false, reference=null, credits=0.0, positive=false, type=AUTOMATIC, visibility=ALWAYS, testCase=TestCaseDTO[testName=testClass[BubbleSort], id=1459]], FeedbackDTO[id=991, text=null, detailText=MergeSort does not sort correctly, hasLongFeedbackText=false, reference=null, credits=0.0, positive=false, type=AUTOMATIC, visibility=ALWAYS, testCase=TestCaseDTO[testName=testMergeSort(), id=1464]], FeedbackDTO[id=992, text=null, detailText=The class 'Context' was not found within the submission. Make sure to implement it properly., hasLongFeedbackText=false, reference=null, credits=0.0, positive=false, type=AUTOMATIC, visibility=ALWAYS, testCase=TestCaseDTO[testName=testUseBubbleSortForSmallList(), id=1465]], FeedbackDTO[id=993, text=null, detailText=BubbleSort does not sort correctly, hasLongFeedbackText=false, reference=null, credits=0.0, positive=false, type=AUTOMATIC, visibility=ALWAYS, testCase=TestCaseDTO[testName=testBubbleSort(), id=1467]], FeedbackDTO[id=994, text=null, detailText=The class 'Context' was not found within the submission. Make sure to implement it properly., hasLongFeedbackText=false, reference=null, credits=0.0, positive=false, type=AUTOMATIC, visibility=ALWAYS, testCase=TestCaseDTO[testName=testUseMergeSortForBigList(), id=1466]], FeedbackDTO[id=995, text=null, detailText=The exercise expects a class with the name Policy in the package testpackage. You did not implement the class in the exercise., hasLongFeedbackText=false, reference=null, credits=0.0, positive=false, type=AUTOMATIC, visibility=ALWAYS, testCase=TestCaseDTO[testName=testConstructors[Policy], id=1460]], FeedbackDTO[id=996, text=null, detailText=The exercise expects a class with the name Context in the package testpackage. You did not implement the class in the exercise., hasLongFeedbackText=false, reference=null, credits=0.0, positive=false, type=AUTOMATIC, visibility=ALWAYS, testCase=TestCaseDTO[testName=testAttributes[Context], id=1456]], FeedbackDTO[id=997, text=null, detailText=The exercise expects a class with the name Policy in the package testpackage. You did not implement the class in the exercise., hasLongFeedbackText=false, reference=null, credits=0.0, positive=false, type=AUTOMATIC, visibility=ALWAYS, testCase=TestCaseDTO[testName=testAttributes[Policy], id=1457]]], assessmentType=AUTOMATIC, hasComplaint=null, exampleResult=null, testCaseCount=13, passedTestCaseCount=0, codeIssueCount=0]], BuildJobQueueItem[id=20291739576751299, name=SHORT716C2EC10B19B049C80A2F00B97EAB20B2A9TSTEXC-SOLUTION, buildAgent=BuildAgentDTO[name=artemis-build-agent-test, memberAddress=[127.0.0.1]:5703, displayName=artemis-build-agent-test], participationId=2029, courseId=993, exerciseId=2610, retryCount=0, priority=2, status=SUCCESSFUL, repositoryInfo=RepositoryInfo[repositoryName=short716c2ec10b19b049c80a2f00b97eab20b2a9tstexc-solution, repositoryType=solution, triggeredByPushTo=tests, assignmentRepositoryUri=http://localhost:49152/git/SHORT716C2EC10B19B049C80A2F00B97EAB20B2A9TSTEXC/short716c2ec10b19b049c80a2f00b97eab20b2a9tstexc-solution.git, testRepositoryUri=http://localhost:49152/git/SHORT716C2EC10B19B049C80A2F00B97EAB20B2A9TSTEXC/short716c2ec10b19b049c80a2f00b97eab20b2a9tstexc-tests.git, solutionRepositoryUri=null, auxiliaryRepositoryUris=[Ljava.lang.String;@6193a15e, auxiliaryRepositoryCheckoutDirectories=[Ljava.lang.String;@10d4fb51], jobTimingInfo=JobTimingInfo[submissionDate=2025-02-14T23:45:51.299892174Z[Etc/UTC], buildStartDate=2025-02-14T23:45:51.314028505Z[Etc/UTC], buildCompletionDate=2025-02-14T23:45:52.158312850Z[Etc/UTC], estimatedCompletionDate=2025-02-14T23:46:10.314021752Z[Etc/UTC], estimatedDuration=19], buildConfig=BuildConfig[buildScript=#!/bin/bash
cd /var/tmp/testing-dir
chmod +x ./gradlew
./gradlew clean test
, dockerImage=dummy-docker-image:latest, commitHashToBuild=1e531733ed6e9237f710b528d1eb0b7beac565fd, assignmentCommitHash=815e279f12ad296b4f24c44134a07293c04c010f, testCommitHash=1e531733ed6e9237f710b528d1eb0b7beac565fd, branch=main, programmingLanguage=JAVA, projectType=PLAIN_GRADLE, scaEnabled=false, sequentialTestRunsEnabled=false, resultPaths=[/var/tmp/testing-dir/**/test-results/test/*.xml], timeoutSeconds=0, assignmentCheckoutPath=null, testCheckoutPath=null, solutionCheckoutPath=null, dockerRunConfig=null], submissionResult=ResultDTO[id=638, completionDate=2025-02-14T23:45:52.146826070Z[Etc/UTC], successful=true, score=100.0, rated=true, submission=SubmissionDTO[id=832, submitted=true, type=TEST, exampleSubmission=null, submissionDate=2025-02-14T23:45:51.275713Z, commitHash=1e531733ed6e9237f710b528d1eb0b7beac565fd, buildFailed=false, buildArtifact=false, participation=ParticipationDTO[id=2029, testRun=false, type=solution, submissionCount=null, exercise=ParticipationExerciseDTO[id=2610, exerciseType=PROGRAMMING, type=programming, assessmentType=AUTOMATIC, dueDate=2025-02-16T23:45:50.869093Z, assessmentDueDate=null, maxPoints=42.0, course=CourseDTO[id=993, accuracyOfScores=1]]], submissionExerciseType=programming, isProcessing=false, buildStartDate=null, estimatedCompletionDate=null], participation=ParticipationDTO[id=2029, testRun=false, type=solution, submissionCount=null, exercise=ParticipationExerciseDTO[id=2610, exerciseType=PROGRAMMING, type=programming, assessmentType=AUTOMATIC, dueDate=2025-02-16T23:45:50.869093Z, assessmentDueDate=null, maxPoints=42.0, course=CourseDTO[id=993, accuracyOfScores=1]]], feedbacks=[FeedbackDTO[id=998, text=null, detailText=null, hasLongFeedbackText=false, reference=null, credits=3.230769230769231, positive=true, type=AUTOMATIC, visibility=ALWAYS, testCase=TestCaseDTO[testName=testMethods[Context], id=1474]], FeedbackDTO[id=999, text=null, detailText=null, hasLongFeedbackText=false, reference=null, credits=3.230769230769231, positive=true, type=AUTOMATIC, visibility=ALWAYS, testCase=TestCaseDTO[testName=testMethods[Policy], id=1475]], FeedbackDTO[id=1000, text=null, detailText=null, hasLongFeedbackText=false, reference=null, credits=3.230769230769231, positive=true, type=AUTOMATIC, visibility=ALWAYS, testCase=TestCaseDTO[testName=testMethods[SortStrategy], id=1476]], FeedbackDTO[id=1001, text=null, detailText=null, hasLongFeedbackText=false, reference=null, credits=3.230769230769231, positive=true, type=AUTOMATIC, visibility=ALWAYS, testCase=TestCaseDTO[testName=testClass[MergeSort], id=1471]], FeedbackDTO[id=1002, text=null, detailText=null, hasLongFeedbackText=false, reference=null, credits=3.230769230769231, positive=true, type=AUTOMATIC, visibility=ALWAYS, testCase=TestCaseDTO[testName=testClass[SortStrategy], id=1468]], FeedbackDTO[id=1003, text=null, detailText=null, hasLongFeedbackText=false, reference=null, credits=3.230769230769231, positive=true, type=AUTOMATIC, visibility=ALWAYS, testCase=TestCaseDTO[testName=testClass[BubbleSort], id=1472]], FeedbackDTO[id=1004, text=null, detailText=null, hasLongFeedbackText=false, reference=null, credits=3.230769230769231, positive=true, type=AUTOMATIC, visibility=ALWAYS, testCase=TestCaseDTO[testName=testMergeSort(), id=1477]], FeedbackDTO[id=1005, text=null, detailText=null, hasLongFeedbackText=false, reference=null, credits=3.230769230769231, positive=true, type=AUTOMATIC, visibility=ALWAYS, testCase=TestCaseDTO[testName=testUseBubbleSortForSmallList(), id=1478]], FeedbackDTO[id=1006, text=null, detailText=null, hasLongFeedbackText=false, reference=null, credits=3.230769230769231, positive=true, type=AUTOMATIC, visibility=ALWAYS, testCase=TestCaseDTO[testName=testBubbleSort(), id=1480]], FeedbackDTO[id=1007, text=null, detailText=null, hasLongFeedbackText=false, reference=null, credits=3.230769230769231, positive=true, type=AUTOMATIC, visibility=ALWAYS, testCase=TestCaseDTO[testName=testUseMergeSortForBigList(), id=1479]], FeedbackDTO[id=1008, text=null, detailText=null, hasLongFeedbackText=false, reference=null, credits=3.230769230769231, positive=true, type=AUTOMATIC, visibility=ALWAYS, testCase=TestCaseDTO[testName=testConstructors[Policy], id=1473]], FeedbackDTO[id=1009, text=null, detailText=null, hasLongFeedbackText=false, reference=null, credits=3.230769230769231, positive=true, type=AUTOMATIC, visibility=ALWAYS, testCase=TestCaseDTO[testName=testAttributes[Context], id=1469]], FeedbackDTO[id=1010, text=null, detailText=null, hasLongFeedbackText=false, reference=null, credits=3.230769230769231, positive=true, type=AUTOMATIC, visibility=ALWAYS, testCase=TestCaseDTO[testName=testAttributes[Policy], id=1470]]], assessmentType=AUTOMATIC, hasComplaint=null, exampleResult=null, testCaseCount=13, passedTestCaseCount=13, codeIssueCount=0]]], publicSshKey=ssh-rsa AAAAB3NzaC1yc2EAAAADAQABAAACAQCOPdMsxRE2jFJ/UEa5/LsBxtwzJcrh3/rYBCQvcMeVpiRfhzQPWu7mrt/G2Ew+i+vRloGH9aqKg6dd1liRncao53Zmd/ePxoatXePNhmzTfkCkcSkTUz7B+QMjkoDDV5jwuFPD6mF3JkhuzSi64n9Zy905t4w2IhVcjM2mL3eYNjiCXt6Qpq3Pkt7dM/Ksw1nxnvuiIALuJLB3FTkXkHqq3PJav+9HSq2r6ZaWgekneaGxlQlb+U+Vy3XOuArKAzK8c8i+0bR+AHiTG6ncYXt7ax3U+TdlDTF7OLP3umwaYjs1NBXOHwG42pevvpKn2fqavZZozk+M05jXLx3bq0O7itxfErWc7etky8qYPyyIMF/txQIVLd78+Ze4d7Y60t5MGbXM5cGE6fFif5fEJwgswXD+BrG0cafz1CTatjSKFdvp8Vp4VszXhHDan1PrP6JEFJ5Cc5GDmLRZPCFa3vL9f5qXgf4bkqKN8MYeEujwJE5nMRWoiJVNakix2bcrrneQMBlnYeYZVWXXXUusAQBzl4NgddC1umZpihZkL1b1MffZAUW3EGEXi7KHnllQhkTLLsQ8ntMgbylqaJKStqaXlLvdeRJcEnUuiFCrHEVVbXRFZR7XVDZ02CE5o3MuaRPty8Kh+jRTF3COlAckHwYEJCNNJvXFgb2CNXL4mjzYDw== test@localhost]
    23:45:52.250 | 566 localvc.event-13 | DEBUG | a.p.s.l.SharedQueueManagementService : Build agent updated: null
    23:45:52.253 | 566 localvc.event-13 | DEBUG | a.p.s.l.LocalCIQueueWebsocketService : Build agent updated: BuildAgentInformation[buildAgent=BuildAgentDTO[name=artemis-build-agent-test, memberAddress=[127.0.0.1]:5703, displayName=artemis-build-agent-test], maxNumberOfConcurrentBuildJobs=1, numberOfCurrentBuildJobs=0, runningBuildJobs=[], status=IDLE, recentBuildJobs=[BuildJobQueueItem[id=19141739576708030, name=SHORT5F02A8F400311042E70858306EB148073CFDTSTEXC-LOCALVCINTSTUDENT1, buildAgent=BuildAgentDTO[name=artemis-build-agent-test, memberAddress=[127.0.0.1]:5703, displayName=artemis-build-agent-test], participationId=1914, courseId=947, exerciseId=2564, retryCount=0, priority=2, status=FAILED, repositoryInfo=RepositoryInfo[repositoryName=short5f02a8f400311042e70858306eb148073cfdtstexc-localvcintstudent1, repositoryType=user, triggeredByPushTo=user, assignmentRepositoryUri=http://localhost:49152/git/SHORT5F02A8F400311042E70858306EB148073CFDTSTEXC/short5f02a8f400311042e70858306eb148073cfdtstexc-localvcintstudent1.git, testRepositoryUri=http://localhost:49152/git/SHORT5F02A8F400311042E70858306EB148073CFDTSTEXC/short5f02a8f400311042e70858306eb148073cfdtstexc-tests.git, solutionRepositoryUri=null, auxiliaryRepositoryUris=[Ljava.lang.String;@6fdd7bbb, auxiliaryRepositoryCheckoutDirectories=[Ljava.lang.String;@13b8ae4f], jobTimingInfo=JobTimingInfo[submissionDate=2025-02-14T23:45:08.030118216Z[Etc/UTC], buildStartDate=2025-02-14T23:45:08.041011412Z[Etc/UTC], buildCompletionDate=2025-02-14T23:45:08.054603331Z[Etc/UTC], estimatedCompletionDate=2025-02-14T23:45:27.041005080Z[Etc/UTC], estimatedDuration=19], buildConfig=BuildConfig[buildScript=#!/bin/bash
cd /var/tmp/testing-dir
chmod +x ./gradlew
./gradlew clean test
, dockerImage=dummy-docker-image:latest, commitHashToBuild=6e7146cac5059504aa9d170ec3fa23aec740bb51, assignmentCommitHash=6e7146cac5059504aa9d170ec3fa23aec740bb51, testCommitHash=931e5303581c7a2f01339ba603cfafbfe668b901, branch=main, programmingLanguage=JAVA, projectType=PLAIN_GRADLE, scaEnabled=false, sequentialTestRunsEnabled=false, resultPaths=[/var/tmp/testing-dir/**/test-results/test/*.xml], timeoutSeconds=0, assignmentCheckoutPath=null, testCheckoutPath=null, solutionCheckoutPath=null, dockerRunConfig=null], submissionResult=ResultDTO[id=622, completionDate=2025-02-14T23:45:08.054683681Z[Etc/UTC], successful=false, score=0.0, rated=true, submission=SubmissionDTO[id=814, submitted=true, type=MANUAL, exampleSubmission=null, submissionDate=2025-02-14T23:45:08.016200Z, commitHash=6e7146cac5059504aa9d170ec3fa23aec740bb51, buildFailed=true, buildArtifact=false, participation=ParticipationDTO[id=1914, testRun=false, type=programming, submissionCount=null, exercise=ParticipationExerciseDTO[id=2564, exerciseType=PROGRAMMING, type=programming, assessmentType=AUTOMATIC, dueDate=2025-02-16T23:45:07.324348Z, assessmentDueDate=null, maxPoints=42.0, course=CourseDTO[id=947, accuracyOfScores=1]]], submissionExerciseType=programming, isProcessing=false, buildStartDate=null, estimatedCompletionDate=null], participation=ParticipationDTO[id=1914, testRun=false, type=programming, submissionCount=null, exercise=ParticipationExerciseDTO[id=2564, exerciseType=PROGRAMMING, type=programming, assessmentType=AUTOMATIC, dueDate=2025-02-16T23:45:07.324348Z, assessmentDueDate=null, maxPoints=42.0, course=CourseDTO[id=947, accuracyOfScores=1]]], feedbacks=[], assessmentType=AUTOMATIC, hasComplaint=null, exampleResult=null, testCaseCount=0, passedTestCaseCount=0, codeIssueCount=0]], BuildJobQueueItem[id=19361739576711303, name=SHORT9AFDAE3804CA304DDF0889A0CB0F56104A86TSTEXC-LOCALVCINTSTUDENT1, buildAgent=BuildAgentDTO[name=artemis-build-agent-test, memberAddress=[127.0.0.1]:5703, displayName=artemis-build-agent-test], participationId=1936, courseId=956, exerciseId=2573, retryCount=0, priority=2, status=FAILED, repositoryInfo=RepositoryInfo[repositoryName=short9afdae3804ca304ddf0889a0cb0f56104a86tstexc-localvcintstudent1, repositoryType=user, triggeredByPushTo=user, assignmentRepositoryUri=http://localhost:49152/git/SHORT9AFDAE3804CA304DDF0889A0CB0F56104A86TSTEXC/short9afdae3804ca304ddf0889a0cb0f56104a86tstexc-localvcintstudent1.git, testRepositoryUri=http://localhost:49152/git/SHORT9AFDAE3804CA304DDF0889A0CB0F56104A86TSTEXC/short9afdae3804ca304ddf0889a0cb0f56104a86tstexc-tests.git, solutionRepositoryUri=null, auxiliaryRepositoryUris=[Ljava.lang.String;@2401d11a, auxiliaryRepositoryCheckoutDirectories=[Ljava.lang.String;@39525dd9], jobTimingInfo=JobTimingInfo[submissionDate=2025-02-14T23:45:11.303805653Z[Etc/UTC], buildStartDate=2025-02-14T23:45:11.310981356Z[Etc/UTC], buildCompletionDate=2025-02-14T23:45:11.319178384Z[Etc/UTC], estimatedCompletionDate=2025-02-14T23:45:30.310974944Z[Etc/UTC], estimatedDuration=19], buildConfig=BuildConfig[buildScript=#!/bin/bash
cd /var/tmp/testing-dir
chmod +x ./gradlew
./gradlew clean test
, dockerImage=dummy-docker-image:latest, commitHashToBuild=a1099e378cffde441ef85f9b12577ca174b8e1e4, assignmentCommitHash=a1099e378cffde441ef85f9b12577ca174b8e1e4, testCommitHash=bd38d61c299ab11a1dea82a3ca5493fe04d97d47, branch=main, programmingLanguage=JAVA, projectType=PLAIN_GRADLE, scaEnabled=false, sequentialTestRunsEnabled=false, resultPaths=[/var/tmp/testing-dir/**/test-results/test/*.xml], timeoutSeconds=0, assignmentCheckoutPath=null, testCheckoutPath=null, solutionCheckoutPath=null, dockerRunConfig=null], submissionResult=ResultDTO[id=623, completionDate=2025-02-14T23:45:11.319278430Z[Etc/UTC], successful=false, score=0.0, rated=true, submission=SubmissionDTO[id=815, submitted=true, type=MANUAL, exampleSubmission=null, submissionDate=2025-02-14T23:45:11.294386Z, commitHash=a1099e378cffde441ef85f9b12577ca174b8e1e4, buildFailed=true, buildArtifact=false, participation=ParticipationDTO[id=1936, testRun=false, type=programming, submissionCount=null, exercise=ParticipationExerciseDTO[id=2573, exerciseType=PROGRAMMING, type=programming, assessmentType=AUTOMATIC, dueDate=2025-02-16T23:45:10.996982Z, assessmentDueDate=null, maxPoints=42.0, course=CourseDTO[id=956, accuracyOfScores=1]]], submissionExerciseType=programming, isProcessing=false, buildStartDate=null, estimatedCompletionDate=null], participation=ParticipationDTO[id=1936, testRun=false, type=programming, submissionCount=null, exercise=ParticipationExerciseDTO[id=2573, exerciseType=PROGRAMMING, type=programming, assessmentType=AUTOMATIC, dueDate=2025-02-16T23:45:10.996982Z, assessmentDueDate=null, maxPoints=42.0, course=CourseDTO[id=956, accuracyOfScores=1]]], feedbacks=[], assessmentType=AUTOMATIC, hasComplaint=null, exampleResult=null, testCaseCount=0, passedTestCaseCount=0, codeIssueCount=0]], BuildJobQueueItem[id=19351739576711674, name=SHORT9AFDAE3804CA304DDF0889A0CB0F56104A86TSTEXC-BASE, buildAgent=BuildAgentDTO[name=artemis-build-agent-test, memberAddress=[127.0.0.1]:5703, displayName=artemis-build-agent-test], participationId=1935, courseId=956, exerciseId=2573, retryCount=0, priority=2, status=FAILED, repositoryInfo=RepositoryInfo[repositoryName=short9afdae3804ca304ddf0889a0cb0f56104a86tstexc-exercise, repositoryType=exercise, triggeredByPushTo=exercise, assignmentRepositoryUri=http://localhost:49152/git/SHORT9AFDAE3804CA304DDF0889A0CB0F56104A86TSTEXC/short9afdae3804ca304ddf0889a0cb0f56104a86tstexc-exercise.git, testRepositoryUri=http://localhost:49152/git/SHORT9AFDAE3804CA304DDF0889A0CB0F56104A86TSTEXC/short9afdae3804ca304ddf0889a0cb0f56104a86tstexc-tests.git, solutionRepositoryUri=null, auxiliaryRepositoryUris=[Ljava.lang.String;@3d56f9eb, auxiliaryRepositoryCheckoutDirectories=[Ljava.lang.String;@6b4ae2d8], jobTimingInfo=JobTimingInfo[submissionDate=2025-02-14T23:45:11.674556681Z[Etc/UTC], buildStartDate=2025-02-14T23:45:11.677776879Z[Etc/UTC], buildCompletionDate=2025-02-14T23:45:11.688097378Z[Etc/UTC], estimatedCompletionDate=2025-02-14T23:45:30.677771620Z[Etc/UTC], estimatedDuration=19], buildConfig=BuildConfig[buildScript=#!/bin/bash
cd /var/tmp/testing-dir
chmod +x ./gradlew
./gradlew clean test
, dockerImage=dummy-docker-image:latest, commitHashToBuild=a1099e378cffde441ef85f9b12577ca174b8e1e4, assignmentCommitHash=a1099e378cffde441ef85f9b12577ca174b8e1e4, testCommitHash=bd38d61c299ab11a1dea82a3ca5493fe04d97d47, branch=main, programmingLanguage=JAVA, projectType=PLAIN_GRADLE, scaEnabled=false, sequentialTestRunsEnabled=false, resultPaths=[/var/tmp/testing-dir/**/test-results/test/*.xml], timeoutSeconds=0, assignmentCheckoutPath=null, testCheckoutPath=null, solutionCheckoutPath=null, dockerRunConfig=null], submissionResult=ResultDTO[id=624, completionDate=2025-02-14T23:45:11.688214837Z[Etc/UTC], successful=false, score=0.0, rated=true, submission=SubmissionDTO[id=816, submitted=true, type=MANUAL, exampleSubmission=null, submissionDate=2025-02-14T23:45:11.656934Z, commitHash=a1099e378cffde441ef85f9b12577ca174b8e1e4, buildFailed=true, buildArtifact=false, participation=ParticipationDTO[id=1935, testRun=false, type=template, submissionCount=null, exercise=ParticipationExerciseDTO[id=2573, exerciseType=PROGRAMMING, type=programming, assessmentType=AUTOMATIC, dueDate=2025-02-16T23:45:10.996982Z, assessmentDueDate=null, maxPoints=42.0, course=CourseDTO[id=956, accuracyOfScores=1]]], submissionExerciseType=programming, isProcessing=false, buildStartDate=null, estimatedCompletionDate=null], participation=ParticipationDTO[id=1935, testRun=false, type=template, submissionCount=null, exercise=ParticipationExerciseDTO[id=2573, exerciseType=PROGRAMMING, type=programming, assessmentType=AUTOMATIC, dueDate=2025-02-16T23:45:10.996982Z, assessmentDueDate=null, maxPoints=42.0, course=CourseDTO[id=956, accuracyOfScores=1]]], feedbacks=[], assessmentType=AUTOMATIC, hasComplaint=null, exampleResult=null, testCaseCount=0, passedTestCaseCount=0, codeIssueCount=0]], BuildJobQueueItem[id=19341739576712112, name=SHORT9AFDAE3804CA304DDF0889A0CB0F56104A86TSTEXC-SOLUTION, buildAgent=BuildAgentDTO[name=artemis-build-agent-test, memberAddress=[127.0.0.1]:5703, displayName=artemis-build-agent-test], participationId=1934, courseId=956, exerciseId=2573, retryCount=0, priority=2, status=FAILED, repositoryInfo=RepositoryInfo[repositoryName=short9afdae3804ca304ddf0889a0cb0f56104a86tstexc-solution, repositoryType=solution, triggeredByPushTo=solution, assignmentRepositoryUri=http://localhost:49152/git/SHORT9AFDAE3804CA304DDF0889A0CB0F56104A86TSTEXC/short9afdae3804ca304ddf0889a0cb0f56104a86tstexc-solution.git, testRepositoryUri=http://localhost:49152/git/SHORT9AFDAE3804CA304DDF0889A0CB0F56104A86TSTEXC/short9afdae3804ca304ddf0889a0cb0f56104a86tstexc-tests.git, solutionRepositoryUri=null, auxiliaryRepositoryUris=[Ljava.lang.String;@416977aa, auxiliaryRepositoryCheckoutDirectories=[Ljava.lang.String;@6a7e56cb], jobTimingInfo=JobTimingInfo[submissionDate=2025-02-14T23:45:12.112332872Z[Etc/UTC], buildStartDate=2025-02-14T23:45:12.121617114Z[Etc/UTC], buildCompletionDate=2025-02-14T23:45:12.127931701Z[Etc/UTC], estimatedCompletionDate=2025-02-14T23:45:31.121609600Z[Etc/UTC], estimatedDuration=19], buildConfig=BuildConfig[buildScript=#!/bin/bash
cd /var/tmp/testing-dir
chmod +x ./gradlew
./gradlew clean test
, dockerImage=dummy-docker-image:latest, commitHashToBuild=a1099e378cffde441ef85f9b12577ca174b8e1e4, assignmentCommitHash=a1099e378cffde441ef85f9b12577ca174b8e1e4, testCommitHash=bd38d61c299ab11a1dea82a3ca5493fe04d97d47, branch=main, programmingLanguage=JAVA, projectType=PLAIN_GRADLE, scaEnabled=false, sequentialTestRunsEnabled=false, resultPaths=[/var/tmp/testing-dir/**/test-results/test/*.xml], timeoutSeconds=0, assignmentCheckoutPath=null, testCheckoutPath=null, solutionCheckoutPath=null, dockerRunConfig=null], submissionResult=ResultDTO[id=625, completionDate=2025-02-14T23:45:12.128011800Z[Etc/UTC], successful=false, score=0.0, rated=true, submission=SubmissionDTO[id=817, submitted=true, type=MANUAL, exampleSubmission=null, submissionDate=2025-02-14T23:45:12.098737Z, commitHash=a1099e378cffde441ef85f9b12577ca174b8e1e4, buildFailed=true, buildArtifact=false, participation=ParticipationDTO[id=1934, testRun=false, type=solution, submissionCount=null, exercise=ParticipationExerciseDTO[id=2573, exerciseType=PROGRAMMING, type=programming, assessmentType=AUTOMATIC, dueDate=2025-02-16T23:45:10.996982Z, assessmentDueDate=null, maxPoints=42.0, course=CourseDTO[id=956, accuracyOfScores=1]]], submissionExerciseType=programming, isProcessing=false, buildStartDate=null, estimatedCompletionDate=null], participation=ParticipationDTO[id=1934, testRun=false, type=solution, submissionCount=null, exercise=ParticipationExerciseDTO[id=2573, exerciseType=PROGRAMMING, type=programming, assessmentType=AUTOMATIC, dueDate=2025-02-16T23:45:10.996982Z, assessmentDueDate=null, maxPoints=42.0, course=CourseDTO[id=956, accuracyOfScores=1]]], feedbacks=[], assessmentType=AUTOMATIC, hasComplaint=null, exampleResult=null, testCaseCount=0, passedTestCaseCount=0, codeIssueCount=0]], BuildJobQueueItem[id=19341739576713025, name=SHORT9AFDAE3804CA304DDF0889A0CB0F56104A86TSTEXC-SOLUTION, buildAgent=BuildAgentDTO[name=artemis-build-agent-test, memberAddress=[127.0.0.1]:5703, displayName=artemis-build-agent-test], participationId=1934, courseId=956, exerciseId=2573, retryCount=0, priority=2, status=FAILED, repositoryInfo=RepositoryInfo[repositoryName=short9afdae3804ca304ddf0889a0cb0f56104a86tstexc-solution, repositoryType=solution, triggeredByPushTo=tests, assignmentRepositoryUri=http://localhost:49152/git/SHORT9AFDAE3804CA304DDF0889A0CB0F56104A86TSTEXC/short9afdae3804ca304ddf0889a0cb0f56104a86tstexc-solution.git, testRepositoryUri=http://localhost:49152/git/SHORT9AFDAE3804CA304DDF0889A0CB0F56104A86TSTEXC/short9afdae3804ca304ddf0889a0cb0f56104a86tstexc-tests.git, solutionRepositoryUri=null, auxiliaryRepositoryUris=[Ljava.lang.String;@606d73ce, auxiliaryRepositoryCheckoutDirectories=[Ljava.lang.String;@5c8d0139], jobTimingInfo=JobTimingInfo[submissionDate=2025-02-14T23:45:13.025319671Z[Etc/UTC], buildStartDate=2025-02-14T23:45:13.040293146Z[Etc/UTC], buildCompletionDate=2025-02-14T23:45:13.053032917Z[Etc/UTC], estimatedCompletionDate=2025-02-14T23:45:32.040285703Z[Etc/UTC], estimatedDuration=19], buildConfig=BuildConfig[buildScript=#!/bin/bash
cd /var/tmp/testing-dir
chmod +x ./gradlew
./gradlew clean test
, dockerImage=dummy-docker-image:latest, commitHashToBuild=784f8f0049d2a1a54f21c67dd772bea86715267a, assignmentCommitHash=a1099e378cffde441ef85f9b12577ca174b8e1e4, testCommitHash=784f8f0049d2a1a54f21c67dd772bea86715267a, branch=main, programmingLanguage=JAVA, projectType=PLAIN_GRADLE, scaEnabled=false, sequentialTestRunsEnabled=false, resultPaths=[/var/tmp/testing-dir/**/test-results/test/*.xml], timeoutSeconds=0, assignmentCheckoutPath=null, testCheckoutPath=null, solutionCheckoutPath=null, dockerRunConfig=null], submissionResult=ResultDTO[id=626, completionDate=2025-02-14T23:45:13.053131811Z[Etc/UTC], successful=false, score=0.0, rated=true, submission=SubmissionDTO[id=818, submitted=true, type=TEST, exampleSubmission=null, submissionDate=2025-02-14T23:45:13.005779Z, commitHash=784f8f0049d2a1a54f21c67dd772bea86715267a, buildFailed=true, buildArtifact=false, participation=ParticipationDTO[id=1934, testRun=false, type=solution, submissionCount=null, exercise=ParticipationExerciseDTO[id=2573, exerciseType=PROGRAMMING, type=programming, assessmentType=AUTOMATIC, dueDate=2025-02-16T23:45:10.996982Z, assessmentDueDate=null, maxPoints=42.0, course=CourseDTO[id=956, accuracyOfScores=1]]], submissionExerciseType=programming, isProcessing=false, buildStartDate=null, estimatedCompletionDate=null], participation=ParticipationDTO[id=1934, testRun=false, type=solution, submissionCount=null, exercise=ParticipationExerciseDTO[id=2573, exerciseType=PROGRAMMING, type=programming, assessmentType=AUTOMATIC, dueDate=2025-02-16T23:45:10.996982Z, assessmentDueDate=null, maxPoints=42.0, course=CourseDTO[id=956, accuracyOfScores=1]]], feedbacks=[], assessmentType=AUTOMATIC, hasComplaint=null, exampleResult=null, testCaseCount=0, passedTestCaseCount=0, codeIssueCount=0]], BuildJobQueueItem[id=19581739576715555, name=SHORTC1A3F9FC03D2304B4308FA20AF16D54AAA49TSTEXC-LOCALVCSSHINTSTUDENT1, buildAgent=BuildAgentDTO[name=artemis-build-agent-test, memberAddress=[127.0.0.1]:5703, displayName=artemis-build-agent-test], participationId=1958, courseId=965, exerciseId=2582, retryCount=0, priority=2, status=FAILED, repositoryInfo=RepositoryInfo[repositoryName=shortc1a3f9fc03d2304b4308fa20af16d54aaa49tstexc-localvcsshintstudent1, repositoryType=user, triggeredByPushTo=user, assignmentRepositoryUri=http://localhost:49152/git/SHORTC1A3F9FC03D2304B4308FA20AF16D54AAA49TSTEXC/shortc1a3f9fc03d2304b4308fa20af16d54aaa49tstexc-localvcsshintstudent1.git, testRepositoryUri=http://localhost:49152/git/SHORTC1A3F9FC03D2304B4308FA20AF16D54AAA49TSTEXC/shortc1a3f9fc03d2304b4308fa20af16d54aaa49tstexc-tests.git, solutionRepositoryUri=null, auxiliaryRepositoryUris=[Ljava.lang.String;@5653e925, auxiliaryRepositoryCheckoutDirectories=[Ljava.lang.String;@4e83352a], jobTimingInfo=JobTimingInfo[submissionDate=2025-02-14T23:45:15.555989584Z[Etc/UTC], buildStartDate=2025-02-14T23:45:15.568477627Z[Etc/UTC], buildCompletionDate=2025-02-14T23:45:15.579021148Z[Etc/UTC], estimatedCompletionDate=2025-02-14T23:45:34.568443924Z[Etc/UTC], estimatedDuration=19], buildConfig=BuildConfig[buildScript=#!/bin/bash
cd /var/tmp/testing-dir
chmod +x ./gradlew
./gradlew clean test
, dockerImage=dummy-docker-image:latest, commitHashToBuild=ca76dac20e040e6609db02fd7fedd56bf58829d7, assignmentCommitHash=ca76dac20e040e6609db02fd7fedd56bf58829d7, testCommitHash=bd0d58c226dc63bfa4bc9052870589952c0a1f83, branch=main, programmingLanguage=JAVA, projectType=PLAIN_GRADLE, scaEnabled=false, sequentialTestRunsEnabled=false, resultPaths=[/var/tmp/testing-dir/**/test-results/test/*.xml], timeoutSeconds=0, assignmentCheckoutPath=null, testCheckoutPath=null, solutionCheckoutPath=null, dockerRunConfig=null], submissionResult=ResultDTO[id=627, completionDate=2025-02-14T23:45:15.579119131Z[Etc/UTC], successful=false, score=0.0, rated=true, submission=SubmissionDTO[id=820, submitted=true, type=MANUAL, exampleSubmission=null, submissionDate=2025-02-14T23:45:15.548349Z, commitHash=ca76dac20e040e6609db02fd7fedd56bf58829d7, buildFailed=true, buildArtifact=false, participation=ParticipationDTO[id=1958, testRun=false, type=programming, submissionCount=null, exercise=ParticipationExerciseDTO[id=2582, exerciseType=PROGRAMMING, type=programming, assessmentType=AUTOMATIC, dueDate=2025-02-16T23:45:15.103512Z, assessmentDueDate=null, maxPoints=42.0, course=CourseDTO[id=965, accuracyOfScores=1]]], submissionExerciseType=programming, isProcessing=false, buildStartDate=null, estimatedCompletionDate=null], participation=ParticipationDTO[id=1958, testRun=false, type=programming, submissionCount=null, exercise=ParticipationExerciseDTO[id=2582, exerciseType=PROGRAMMING, type=programming, assessmentType=AUTOMATIC, dueDate=2025-02-16T23:45:15.103512Z, assessmentDueDate=null, maxPoints=42.0, course=CourseDTO[id=965, accuracyOfScores=1]]], feedbacks=[], assessmentType=AUTOMATIC, hasComplaint=null, exampleResult=null, testCaseCount=0, passedTestCaseCount=0, codeIssueCount=0]], BuildJobQueueItem[id=19801739576719393, name=SHORTB2A6C58B0D447045380A858075B170A5B7C6TSTEXC-LOCALVCSSHINTSTUDENT1, buildAgent=BuildAgentDTO[name=artemis-build-agent-test, memberAddress=[127.0.0.1]:5703, displayName=artemis-build-agent-test], participationId=1980, courseId=974, exerciseId=2591, retryCount=0, priority=2, status=FAILED, repositoryInfo=RepositoryInfo[repositoryName=shortb2a6c58b0d447045380a858075b170a5b7c6tstexc-localvcsshintstudent1, repositoryType=user, triggeredByPushTo=user, assignmentRepositoryUri=http://localhost:49152/git/SHORTB2A6C58B0D447045380A858075B170A5B7C6TSTEXC/shortb2a6c58b0d447045380a858075b170a5b7c6tstexc-localvcsshintstudent1.git, testRepositoryUri=http://localhost:49152/git/SHORTB2A6C58B0D447045380A858075B170A5B7C6TSTEXC/shortb2a6c58b0d447045380a858075b170a5b7c6tstexc-tests.git, solutionRepositoryUri=null, auxiliaryRepositoryUris=[Ljava.lang.String;@457bdc37, auxiliaryRepositoryCheckoutDirectories=[Ljava.lang.String;@714b8968], jobTimingInfo=JobTimingInfo[submissionDate=2025-02-14T23:45:19.393259829Z[Etc/UTC], buildStartDate=2025-02-14T23:45:19.405438171Z[Etc/UTC], buildCompletionDate=2025-02-14T23:45:19.414070673Z[Etc/UTC], estimatedCompletionDate=2025-02-14T23:45:38.405431569Z[Etc/UTC], estimatedDuration=19], buildConfig=BuildConfig[buildScript=#!/bin/bash
cd /var/tmp/testing-dir
chmod +x ./gradlew
./gradlew clean test
, dockerImage=dummy-docker-image:latest, commitHashToBuild=363cdbf709a9fff149f813ab848ee800a675cc77, assignmentCommitHash=363cdbf709a9fff149f813ab848ee800a675cc77, testCommitHash=a5e046ece417b2e538f21f816e2524dab61e0d10, branch=main, programmingLanguage=JAVA, projectType=PLAIN_GRADLE, scaEnabled=false, sequentialTestRunsEnabled=false, resultPaths=[/var/tmp/testing-dir/**/test-results/test/*.xml], timeoutSeconds=0, assignmentCheckoutPath=null, testCheckoutPath=null, solutionCheckoutPath=null, dockerRunConfig=null], submissionResult=ResultDTO[id=628, completionDate=2025-02-14T23:45:19.414171040Z[Etc/UTC], successful=false, score=0.0, rated=true, submission=SubmissionDTO[id=821, submitted=true, type=MANUAL, exampleSubmission=null, submissionDate=2025-02-14T23:45:19.376840Z, commitHash=363cdbf709a9fff149f813ab848ee800a675cc77, buildFailed=true, buildArtifact=false, participation=ParticipationDTO[id=1980, testRun=false, type=programming, submissionCount=null, exercise=ParticipationExerciseDTO[id=2591, exerciseType=PROGRAMMING, type=programming, assessmentType=AUTOMATIC, dueDate=2025-02-16T23:45:18.950569Z, assessmentDueDate=null, maxPoints=42.0, course=CourseDTO[id=974, accuracyOfScores=1]]], submissionExerciseType=programming, isProcessing=false, buildStartDate=null, estimatedCompletionDate=null], participation=ParticipationDTO[id=1980, testRun=false, type=programming, submissionCount=null, exercise=ParticipationExerciseDTO[id=2591, exerciseType=PROGRAMMING, type=programming, assessmentType=AUTOMATIC, dueDate=2025-02-16T23:45:18.950569Z, assessmentDueDate=null, maxPoints=42.0, course=CourseDTO[id=974, accuracyOfScores=1]]], feedbacks=[], assessmentType=AUTOMATIC, hasComplaint=null, exampleResult=null, testCaseCount=0, passedTestCaseCount=0, codeIssueCount=0]], BuildJobQueueItem[id=19791739576719787, name=SHORTB2A6C58B0D447045380A858075B170A5B7C6TSTEXC-BASE, buildAgent=BuildAgentDTO[name=artemis-build-agent-test, memberAddress=[127.0.0.1]:5703, displayName=artemis-build-agent-test], participationId=1979, courseId=974, exerciseId=2591, retryCount=0, priority=2, status=FAILED, repositoryInfo=RepositoryInfo[repositoryName=shortb2a6c58b0d447045380a858075b170a5b7c6tstexc-exercise, repositoryType=exercise, triggeredByPushTo=exercise, assignmentRepositoryUri=http://localhost:49152/git/SHORTB2A6C58B0D447045380A858075B170A5B7C6TSTEXC/shortb2a6c58b0d447045380a858075b170a5b7c6tstexc-exercise.git, testRepositoryUri=http://localhost:49152/git/SHORTB2A6C58B0D447045380A858075B170A5B7C6TSTEXC/shortb2a6c58b0d447045380a858075b170a5b7c6tstexc-tests.git, solutionRepositoryUri=null, auxiliaryRepositoryUris=[Ljava.lang.String;@38185ca5, auxiliaryRepositoryCheckoutDirectories=[Ljava.lang.String;@6fe514e9], jobTimingInfo=JobTimingInfo[submissionDate=2025-02-14T23:45:19.787985058Z[Etc/UTC], buildStartDate=2025-02-14T23:45:19.796327417Z[Etc/UTC], buildCompletionDate=2025-02-14T23:45:19.799750982Z[Etc/UTC], estimatedCompletionDate=2025-02-14T23:45:38.796319082Z[Etc/UTC], estimatedDuration=19], buildConfig=BuildConfig[buildScript=#!/bin/bash
cd /var/tmp/testing-dir
chmod +x ./gradlew
./gradlew clean test
, dockerImage=dummy-docker-image:latest, commitHashToBuild=363cdbf709a9fff149f813ab848ee800a675cc77, assignmentCommitHash=363cdbf709a9fff149f813ab848ee800a675cc77, testCommitHash=a5e046ece417b2e538f21f816e2524dab61e0d10, branch=main, programmingLanguage=JAVA, projectType=PLAIN_GRADLE, scaEnabled=false, sequentialTestRunsEnabled=false, resultPaths=[/var/tmp/testing-dir/**/test-results/test/*.xml], timeoutSeconds=0, assignmentCheckoutPath=null, testCheckoutPath=null, solutionCheckoutPath=null, dockerRunConfig=null], submissionResult=ResultDTO[id=629, completionDate=2025-02-14T23:45:19.799820341Z[Etc/UTC], successful=false, score=0.0, rated=true, submission=SubmissionDTO[id=822, submitted=true, type=MANUAL, exampleSubmission=null, submissionDate=2025-02-14T23:45:19.775952Z, commitHash=363cdbf709a9fff149f813ab848ee800a675cc77, buildFailed=true, buildArtifact=false, participation=ParticipationDTO[id=1979, testRun=false, type=template, submissionCount=null, exercise=ParticipationExerciseDTO[id=2591, exerciseType=PROGRAMMING, type=programming, assessmentType=AUTOMATIC, dueDate=2025-02-16T23:45:18.950569Z, assessmentDueDate=null, maxPoints=42.0, course=CourseDTO[id=974, accuracyOfScores=1]]], submissionExerciseType=programming, isProcessing=false, buildStartDate=null, estimatedCompletionDate=null], participation=ParticipationDTO[id=1979, testRun=false, type=template, submissionCount=null, exercise=ParticipationExerciseDTO[id=2591, exerciseType=PROGRAMMING, type=programming, assessmentType=AUTOMATIC, dueDate=2025-02-16T23:45:18.950569Z, assessmentDueDate=null, maxPoints=42.0, course=CourseDTO[id=974, accuracyOfScores=1]]], feedbacks=[], assessmentType=AUTOMATIC, hasComplaint=null, exampleResult=null, testCaseCount=0, passedTestCaseCount=0, codeIssueCount=0]], BuildJobQueueItem[id=19781739576720235, name=SHORTB2A6C58B0D447045380A858075B170A5B7C6TSTEXC-SOLUTION, buildAgent=BuildAgentDTO[name=artemis-build-agent-test, memberAddress=[127.0.0.1]:5703, displayName=artemis-build-agent-test], participationId=1978, courseId=974, exerciseId=2591, retryCount=0, priority=2, status=FAILED, repositoryInfo=RepositoryInfo[repositoryName=shortb2a6c58b0d447045380a858075b170a5b7c6tstexc-solution, repositoryType=solution, triggeredByPushTo=solution, assignmentRepositoryUri=http://localhost:49152/git/SHORTB2A6C58B0D447045380A858075B170A5B7C6TSTEXC/shortb2a6c58b0d447045380a858075b170a5b7c6tstexc-solution.git, testRepositoryUri=http://localhost:49152/git/SHORTB2A6C58B0D447045380A858075B170A5B7C6TSTEXC/shortb2a6c58b0d447045380a858075b170a5b7c6tstexc-tests.git, solutionRepositoryUri=null, auxiliaryRepositoryUris=[Ljava.lang.String;@7464f746, auxiliaryRepositoryCheckoutDirectories=[Ljava.lang.String;@5949206b], jobTimingInfo=JobTimingInfo[submissionDate=2025-02-14T23:45:20.235272325Z[Etc/UTC], buildStartDate=2025-02-14T23:45:20.243033812Z[Etc/UTC], buildCompletionDate=2025-02-14T23:45:20.250721018Z[Etc/UTC], estimatedCompletionDate=2025-02-14T23:45:39.243026949Z[Etc/UTC], estimatedDuration=19], buildConfig=BuildConfig[buildScript=#!/bin/bash
cd /var/tmp/testing-dir
chmod +x ./gradlew
./gradlew clean test
, dockerImage=dummy-docker-image:latest, commitHashToBuild=c710d0e68c9c7db8cda7d1a278308de2b9642cc0, assignmentCommitHash=c710d0e68c9c7db8cda7d1a278308de2b9642cc0, testCommitHash=a5e046ece417b2e538f21f816e2524dab61e0d10, branch=main, programmingLanguage=JAVA, projectType=PLAIN_GRADLE, scaEnabled=false, sequentialTestRunsEnabled=false, resultPaths=[/var/tmp/testing-dir/**/test-results/test/*.xml], timeoutSeconds=0, assignmentCheckoutPath=null, testCheckoutPath=null, solutionCheckoutPath=null, dockerRunConfig=null], submissionResult=ResultDTO[id=630, completionDate=2025-02-14T23:45:20.250809893Z[Etc/UTC], successful=false, score=0.0, rated=true, submission=SubmissionDTO[id=823, submitted=true, type=MANUAL, exampleSubmission=null, submissionDate=2025-02-14T23:45:20.211707Z, commitHash=c710d0e68c9c7db8cda7d1a278308de2b9642cc0, buildFailed=true, buildArtifact=false, participation=ParticipationDTO[id=1978, testRun=false, type=solution, submissionCount=null, exercise=ParticipationExerciseDTO[id=2591, exerciseType=PROGRAMMING, type=programming, assessmentType=AUTOMATIC, dueDate=2025-02-16T23:45:18.950569Z, assessmentDueDate=null, maxPoints=42.0, course=CourseDTO[id=974, accuracyOfScores=1]]], submissionExerciseType=programming, isProcessing=false, buildStartDate=null, estimatedCompletionDate=null], participation=ParticipationDTO[id=1978, testRun=false, type=solution, submissionCount=null, exercise=ParticipationExerciseDTO[id=2591, exerciseType=PROGRAMMING, type=programming, assessmentType=AUTOMATIC, dueDate=2025-02-16T23:45:18.950569Z, assessmentDueDate=null, maxPoints=42.0, course=CourseDTO[id=974, accuracyOfScores=1]]], feedbacks=[], assessmentType=AUTOMATIC, hasComplaint=null, exampleResult=null, testCaseCount=0, passedTestCaseCount=0, codeIssueCount=0]], BuildJobQueueItem[id=19781739576720802, name=SHORTB2A6C58B0D447045380A858075B170A5B7C6TSTEXC-SOLUTION, buildAgent=BuildAgentDTO[name=artemis-build-agent-test, memberAddress=[127.0.0.1]:5703, displayName=artemis-build-agent-test], participationId=1978, courseId=974, exerciseId=2591, retryCount=0, priority=2, status=FAILED, repositoryInfo=RepositoryInfo[repositoryName=shortb2a6c58b0d447045380a858075b170a5b7c6tstexc-solution, repositoryType=solution, triggeredByPushTo=tests, assignmentRepositoryUri=http://localhost:49152/git/SHORTB2A6C58B0D447045380A858075B170A5B7C6TSTEXC/shortb2a6c58b0d447045380a858075b170a5b7c6tstexc-solution.git, testRepositoryUri=http://localhost:49152/git/SHORTB2A6C58B0D447045380A858075B170A5B7C6TSTEXC/shortb2a6c58b0d447045380a858075b170a5b7c6tstexc-tests.git, solutionRepositoryUri=null, auxiliaryRepositoryUris=[Ljava.lang.String;@234eb293, auxiliaryRepositoryCheckoutDirectories=[Ljava.lang.String;@64cba84f], jobTimingInfo=JobTimingInfo[submissionDate=2025-02-14T23:45:20.802935026Z[Etc/UTC], buildStartDate=2025-02-14T23:45:20.809306435Z[Etc/UTC], buildCompletionDate=2025-02-14T23:45:20.822452342Z[Etc/UTC], estimatedCompletionDate=2025-02-14T23:45:39.809298491Z[Etc/UTC], estimatedDuration=19], buildConfig=BuildConfig[buildScript=#!/bin/bash
cd /var/tmp/testing-dir
chmod +x ./gradlew
./gradlew clean test
, dockerImage=dummy-docker-image:latest, commitHashToBuild=c710d0e68c9c7db8cda7d1a278308de2b9642cc0, assignmentCommitHash=c710d0e68c9c7db8cda7d1a278308de2b9642cc0, testCommitHash=c710d0e68c9c7db8cda7d1a278308de2b9642cc0, branch=main, programmingLanguage=JAVA, projectType=PLAIN_GRADLE, scaEnabled=false, sequentialTestRunsEnabled=false, resultPaths=[/var/tmp/testing-dir/**/test-results/test/*.xml], timeoutSeconds=0, assignmentCheckoutPath=null, testCheckoutPath=null, solutionCheckoutPath=null, dockerRunConfig=null], submissionResult=ResultDTO[id=631, completionDate=2025-02-14T23:45:20.822527362Z[Etc/UTC], successful=false, score=0.0, rated=true, submission=SubmissionDTO[id=824, submitted=true, type=TEST, exampleSubmission=null, submissionDate=2025-02-14T23:45:20.791240Z, commitHash=c710d0e68c9c7db8cda7d1a278308de2b9642cc0, buildFailed=true, buildArtifact=false, participation=ParticipationDTO[id=1978, testRun=false, type=solution, submissionCount=null, exercise=ParticipationExerciseDTO[id=2591, exerciseType=PROGRAMMING, type=programming, assessmentType=AUTOMATIC, dueDate=2025-02-16T23:45:18.950569Z, assessmentDueDate=null, maxPoints=42.0, course=CourseDTO[id=974, accuracyOfScores=1]]], submissionExerciseType=programming, isProcessing=false, buildStartDate=null, estimatedCompletionDate=null], participation=ParticipationDTO[id=1978, testRun=false, type=solution, submissionCount=null, exercise=ParticipationExerciseDTO[id=2591, exerciseType=PROGRAMMING, type=programming, assessmentType=AUTOMATIC, dueDate=2025-02-16T23:45:18.950569Z, assessmentDueDate=null, maxPoints=42.0, course=CourseDTO[id=974, accuracyOfScores=1]]], feedbacks=[], assessmentType=AUTOMATIC, hasComplaint=null, exampleResult=null, testCaseCount=0, passedTestCaseCount=0, codeIssueCount=0]], BuildJobQueueItem[id=20061739576732554, name=SHORT94A899E303D7504C5D0840704DAAFA3DFF4DTSTEXC-LOCALVCCIINTINSTRUCTOR1, buildAgent=BuildAgentDTO[name=artemis-build-agent-test, memberAddress=[127.0.0.1]:5703, displayName=artemis-build-agent-test], participationId=2006, courseId=984, exerciseId=2601, retryCount=0, priority=2, status=SUCCESSFUL, repositoryInfo=RepositoryInfo[repositoryName=short94a899e303d7504c5d0840704daafa3dff4dtstexc-localvcciintinstructor1, repositoryType=user, triggeredByPushTo=user, assignmentRepositoryUri=http://localhost:49152/git/SHORT94A899E303D7504C5D0840704DAAFA3DFF4DTSTEXC/short94a899e303d7504c5d0840704daafa3dff4dtstexc-localvcciintinstructor1.git, testRepositoryUri=http://localhost:49152/git/SHORT94A899E303D7504C5D0840704DAAFA3DFF4DTSTEXC/short94a899e303d7504c5d0840704daafa3dff4dtstexc-tests.git, solutionRepositoryUri=null, auxiliaryRepositoryUris=[Ljava.lang.String;@37c6ad57, auxiliaryRepositoryCheckoutDirectories=[Ljava.lang.String;@271c99bc], jobTimingInfo=JobTimingInfo[submissionDate=2025-02-14T23:45:32.554795798Z[Etc/UTC], buildStartDate=2025-02-14T23:45:32.567287465Z[Etc/UTC], buildCompletionDate=2025-02-14T23:45:34.535226768Z[Etc/UTC], estimatedCompletionDate=2025-02-14T23:45:51.567257960Z[Etc/UTC], estimatedDuration=19], buildConfig=BuildConfig[buildScript=#!/bin/bash
cd /var/tmp/testing-dir
chmod +x ./gradlew
./gradlew clean test
, dockerImage=dummy-docker-image:latest, commitHashToBuild=ca2dbc0ae87edf7035058a6a17c0ea60e90a290f, assignmentCommitHash=ca2dbc0ae87edf7035058a6a17c0ea60e90a290f, testCommitHash=0207f6f98af5fbb66ad68455f3fc3cf128af8ae9, branch=main, programmingLanguage=JAVA, projectType=PLAIN_GRADLE, scaEnabled=false, sequentialTestRunsEnabled=false, resultPaths=[/var/tmp/testing-dir/**/test-results/test/*.xml], timeoutSeconds=0, assignmentCheckoutPath=null, testCheckoutPath=null, solutionCheckoutPath=null, dockerRunConfig=null], submissionResult=ResultDTO[id=632, completionDate=2025-02-14T23:45:34.504415716Z[Etc/UTC], successful=false, score=7.7, rated=false, submission=SubmissionDTO[id=826, submitted=true, type=MANUAL, exampleSubmission=null, submissionDate=2025-02-14T23:45:32.541533Z, commitHash=ca2dbc0ae87edf7035058a6a17c0ea60e90a290f, buildFailed=false, buildArtifact=false, participation=ParticipationDTO[id=2006, testRun=true, type=programming, submissionCount=null, exercise=ParticipationExerciseDTO[id=2601, exerciseType=PROGRAMMING, type=programming, assessmentType=AUTOMATIC, dueDate=2025-02-16T23:45:31.864042Z, assessmentDueDate=null, maxPoints=42.0, course=CourseDTO[id=984, accuracyOfScores=1]]], submissionExerciseType=programming, isProcessing=false, buildStartDate=null, estimatedCompletionDate=null], participation=ParticipationDTO[id=2006, testRun=true, type=programming, submissionCount=null, exercise=ParticipationExerciseDTO[id=2601, exerciseType=PROGRAMMING, type=programming, assessmentType=AUTOMATIC, dueDate=2025-02-16T23:45:31.864042Z, assessmentDueDate=null, maxPoints=42.0, course=CourseDTO[id=984, accuracyOfScores=1]]], feedbacks=[FeedbackDTO[id=920, text=null, detailText=The exercise expects a class with the name Context in the package testpackage. You did not implement the class in the exercise., hasLongFeedbackText=false, reference=null, credits=0.0, positive=false, type=AUTOMATIC, visibility=ALWAYS, testCase=TestCaseDTO[testName=null, id=1357]], FeedbackDTO[id=921, text=null, detailText=The exercise expects a class with the name Policy in the package testpackage. You did not implement the class in the exercise., hasLongFeedbackText=false, reference=null, credits=0.0, positive=false, type=AUTOMATIC, visibility=ALWAYS, testCase=TestCaseDTO[testName=null, id=1358]], FeedbackDTO[id=922, text=null, detailText=The exercise expects a class with the name SortStrategy in the package testpackage. You did not implement the class in the exercise., hasLongFeedbackText=false, reference=null, credits=0.0, positive=false, type=AUTOMATIC, visibility=ALWAYS, testCase=TestCaseDTO[testName=null, id=1359]], FeedbackDTO[id=923, text=null, detailText=The class 'MergeSort' does not implement the interface 'SortStrategy' as expected. Implement the interface and its methods., hasLongFeedbackText=false, reference=null, credits=0.0, positive=false, type=AUTOMATIC, visibility=ALWAYS, testCase=TestCaseDTO[testName=null, id=1354]], FeedbackDTO[id=924, text=null, detailText=The exercise expects a class with the name SortStrategy in the package testpackage. You did not implement the class in the exercise., hasLongFeedbackText=false, reference=null, credits=0.0, positive=false, type=AUTOMATIC, visibility=ALWAYS, testCase=TestCaseDTO[testName=null, id=1351]], FeedbackDTO[id=925, text=null, detailText=The class 'BubbleSort' does not implement the interface 'SortStrategy' as expected. Implement the interface and its methods., hasLongFeedbackText=false, reference=null, credits=0.0, positive=false, type=AUTOMATIC, visibility=ALWAYS, testCase=TestCaseDTO[testName=null, id=1355]], FeedbackDTO[id=926, text=null, detailText=MergeSort does not sort correctly, hasLongFeedbackText=false, reference=null, credits=0.0, positive=false, type=AUTOMATIC, visibility=ALWAYS, testCase=TestCaseDTO[testName=null, id=1360]], FeedbackDTO[id=927, text=null, detailText=The class 'Context' was not found within the submission. Make sure to implement it properly., hasLongFeedbackText=false, reference=null, credits=0.0, positive=false, type=AUTOMATIC, visibility=ALWAYS, testCase=TestCaseDTO[testName=null, id=1361]], FeedbackDTO[id=928, text=null, detailText=The class 'Context' was not found within the submission. Make sure to implement it properly., hasLongFeedbackText=false, reference=null, credits=0.0, positive=false, type=AUTOMATIC, visibility=ALWAYS, testCase=TestCaseDTO[testName=null, id=1362]], FeedbackDTO[id=929, text=null, detailText=The exercise expects a class with the name Policy in the package testpackage. You did not implement the class in the exercise., hasLongFeedbackText=false, reference=null, credits=0.0, positive=false, type=AUTOMATIC, visibility=ALWAYS, testCase=TestCaseDTO[testName=null, id=1356]], FeedbackDTO[id=930, text=null, detailText=The exercise expects a class with the name Context in the package testpackage. You did not implement the class in the exercise., hasLongFeedbackText=false, reference=null, credits=0.0, positive=false, type=AUTOMATIC, visibility=ALWAYS, testCase=TestCaseDTO[testName=null, id=1352]], FeedbackDTO[id=931, text=null, detailText=The exercise expects a class with the name Policy in the package testpackage. You did not implement the class in the exercise., hasLongFeedbackText=false, reference=null, credits=0.0, positive=false, type=AUTOMATIC, visibility=ALWAYS, testCase=TestCaseDTO[testName=null, id=1353]], FeedbackDTO[id=932, text=null, detailText=null, hasLongFeedbackText=false, reference=null, credits=3.230769230769231, positive=true, type=AUTOMATIC, visibility=ALWAYS, testCase=TestCaseDTO[testName=null, id=1363]]], assessmentType=AUTOMATIC, hasComplaint=null, exampleResult=null, testCaseCount=13, passedTestCaseCount=1, codeIssueCount=0]], BuildJobQueueItem[id=20111739576737317, name=SHORTD49A6DAE04F9E049850BD5601663FD17A5B7TSTEXC-BASE, buildAgent=BuildAgentDTO[name=artemis-build-agent-test, memberAddress=[127.0.0.1]:5703, displayName=artemis-build-agent-test], participationId=2011, courseId=986, exerciseId=2603, retryCount=0, priority=2, status=SUCCESSFUL, repositoryInfo=RepositoryInfo[repositoryName=shortd49a6dae04f9e049850bd5601663fd17a5b7tstexc-exercise, repositoryType=exercise, triggeredByPushTo=exercise, assignmentRepositoryUri=http://localhost:49152/git/SHORTD49A6DAE04F9E049850BD5601663FD17A5B7TSTEXC/shortd49a6dae04f9e049850bd5601663fd17a5b7tstexc-exercise.git, testRepositoryUri=http://localhost:49152/git/SHORTD49A6DAE04F9E049850BD5601663FD17A5B7TSTEXC/shortd49a6dae04f9e049850bd5601663fd17a5b7tstexc-tests.git, solutionRepositoryUri=null, auxiliaryRepositoryUris=[Ljava.lang.String;@71907de6, auxiliaryRepositoryCheckoutDirectories=[Ljava.lang.String;@48a03a4b], jobTimingInfo=JobTimingInfo[submissionDate=2025-02-14T23:45:37.317968648Z[Etc/UTC], buildStartDate=2025-02-14T23:45:37.324534774Z[Etc/UTC], buildCompletionDate=2025-02-14T23:45:38.527225461Z[Etc/UTC], estimatedCompletionDate=2025-02-14T23:45:56.324506331Z[Etc/UTC], estimatedDuration=19], buildConfig=BuildConfig[buildScript=#!/bin/bash
cd /var/tmp/testing-dir
chmod +x ./gradlew
./gradlew clean test
, dockerImage=dummy-docker-image:latest, commitHashToBuild=c795243c185829bbefa399f45dcbcfac22311b2f, assignmentCommitHash=c795243c185829bbefa399f45dcbcfac22311b2f, testCommitHash=fa8b162170bf767d852e05e0eb7a128efa2e1f34, branch=main, programmingLanguage=JAVA, projectType=PLAIN_GRADLE, scaEnabled=false, sequentialTestRunsEnabled=false, resultPaths=[/var/tmp/testing-dir/**/test-results/test/*.xml], timeoutSeconds=0, assignmentCheckoutPath=null, testCheckoutPath=null, solutionCheckoutPath=null, dockerRunConfig=null], submissionResult=ResultDTO[id=633, completionDate=2025-02-14T23:45:38.476795726Z[Etc/UTC], successful=false, score=0.0, rated=true, submission=SubmissionDTO[id=827, submitted=true, type=MANUAL, exampleSubmission=null, submissionDate=2025-02-14T23:45:37.303401Z, commitHash=c795243c185829bbefa399f45dcbcfac22311b2f, buildFailed=false, buildArtifact=false, participation=ParticipationDTO[id=2011, testRun=false, type=template, submissionCount=null, exercise=ParticipationExerciseDTO[id=2603, exerciseType=PROGRAMMING, type=programming, assessmentType=AUTOMATIC, dueDate=2025-02-16T23:45:36.830269Z, assessmentDueDate=null, maxPoints=42.0, course=CourseDTO[id=986, accuracyOfScores=1]]], submissionExerciseType=programming, isProcessing=false, buildStartDate=null, estimatedCompletionDate=null], participation=ParticipationDTO[id=2011, testRun=false, type=template, submissionCount=null, exercise=ParticipationExerciseDTO[id=2603, exerciseType=PROGRAMMING, type=programming, assessmentType=AUTOMATIC, dueDate=2025-02-16T23:45:36.830269Z, assessmentDueDate=null, maxPoints=42.0, course=CourseDTO[id=986, accuracyOfScores=1]]], feedbacks=[FeedbackDTO[id=933, text=null, detailText=The exercise expects a class with the name Context in the package testpackage. You did not implement the class in the exercise., hasLongFeedbackText=false, reference=null, credits=0.0, positive=false, type=AUTOMATIC, visibility=ALWAYS, testCase=TestCaseDTO[testName=testMethods[Context], id=1383]], FeedbackDTO[id=934, text=null, detailText=The exercise expects a class with the name Policy in the package testpackage. You did not implement the class in the exercise., hasLongFeedbackText=false, reference=null, credits=0.0, positive=false, type=AUTOMATIC, visibility=ALWAYS, testCase=TestCaseDTO[testName=testMethods[Policy], id=1384]], FeedbackDTO[id=935, text=null, detailText=The exercise expects a class with the name SortStrategy in the package testpackage. You did not implement the class in the exercise., hasLongFeedbackText=false, reference=null, credits=0.0, positive=false, type=AUTOMATIC, visibility=ALWAYS, testCase=TestCaseDTO[testName=testMethods[SortStrategy], id=1385]], FeedbackDTO[id=936, text=null, detailText=The class 'MergeSort' does not implement the interface 'SortStrategy' as expected. Implement the interface and its methods., hasLongFeedbackText=false, reference=null, credits=0.0, positive=false, type=AUTOMATIC, visibility=ALWAYS, testCase=TestCaseDTO[testName=testClass[MergeSort], id=1380]], FeedbackDTO[id=937, text=null, detailText=The exercise expects a class with the name SortStrategy in the package testpackage. You did not implement the class in the exercise., hasLongFeedbackText=false, reference=null, credits=0.0, positive=false, type=AUTOMATIC, visibility=ALWAYS, testCase=TestCaseDTO[testName=testClass[SortStrategy], id=1377]], FeedbackDTO[id=938, text=null, detailText=The class 'BubbleSort' does not implement the interface 'SortStrategy' as expected. Implement the interface and its methods., hasLongFeedbackText=false, reference=null, credits=0.0, positive=false, type=AUTOMATIC, visibility=ALWAYS, testCase=TestCaseDTO[testName=testClass[BubbleSort], id=1381]], FeedbackDTO[id=939, text=null, detailText=MergeSort does not sort correctly, hasLongFeedbackText=false, reference=null, credits=0.0, positive=false, type=AUTOMATIC, visibility=ALWAYS, testCase=TestCaseDTO[testName=testMergeSort(), id=1386]], FeedbackDTO[id=940, text=null, detailText=The class 'Context' was not found within the submission. Make sure to implement it properly., hasLongFeedbackText=false, reference=null, credits=0.0, positive=false, type=AUTOMATIC, visibility=ALWAYS, testCase=TestCaseDTO[testName=testUseBubbleSortForSmallList(), id=1387]], FeedbackDTO[id=941, text=null, detailText=BubbleSort does not sort correctly, hasLongFeedbackText=false, reference=null, credits=0.0, positive=false, type=AUTOMATIC, visibility=ALWAYS, testCase=TestCaseDTO[testName=testBubbleSort(), id=1389]], FeedbackDTO[id=942, text=null, detailText=The class 'Context' was not found within the submission. Make sure to implement it properly., hasLongFeedbackText=false, reference=null, credits=0.0, positive=false, type=AUTOMATIC, visibility=ALWAYS, testCase=TestCaseDTO[testName=testUseMergeSortForBigList(), id=1388]], FeedbackDTO[id=943, text=null, detailText=The exercise expects a class with the name Policy in the package testpackage. You did not implement the class in the exercise., hasLongFeedbackText=false, reference=null, credits=0.0, positive=false, type=AUTOMATIC, visibility=ALWAYS, testCase=TestCaseDTO[testName=testConstructors[Policy], id=1382]], FeedbackDTO[id=944, text=null, detailText=The exercise expects a class with the name Context in the package testpackage. You did not implement the class in the exercise., hasLongFeedbackText=false, reference=null, credits=0.0, positive=false, type=AUTOMATIC, visibility=ALWAYS, testCase=TestCaseDTO[testName=testAttributes[Context], id=1378]], FeedbackDTO[id=945, text=null, detailText=The exercise expects a class with the name Policy in the package testpackage. You did not implement the class in the exercise., hasLongFeedbackText=false, reference=null, credits=0.0, positive=false, type=AUTOMATIC, visibility=ALWAYS, testCase=TestCaseDTO[testName=testAttributes[Policy], id=1379]]], assessmentType=AUTOMATIC, hasComplaint=null, exampleResult=null, testCaseCount=13, passedTestCaseCount=0, codeIssueCount=0]], BuildJobQueueItem[id=20171739576740018, name=SHORT7914AFA00ADC3047140B99D01AC07810CE44TSTEXC-LOCALVCCIINTSTUDENT1, buildAgent=BuildAgentDTO[name=artemis-build-agent-test, memberAddress=[127.0.0.1]:5703, displayName=artemis-build-agent-test], participationId=2017, courseId=988, exerciseId=2605, retryCount=0, priority=2, status=SUCCESSFUL, repositoryInfo=RepositoryInfo[repositoryName=short7914afa00adc3047140b99d01ac07810ce44tstexc-practice-localvcciintstudent1, repositoryType=user, triggeredByPushTo=user, assignmentRepositoryUri=http://localhost:49152/git/SHORT7914AFA00ADC3047140B99D01AC07810CE44TSTEXC/short7914afa00adc3047140b99d01ac07810ce44tstexc-practice-localvcciintstudent1.git, testRepositoryUri=http://localhost:49152/git/SHORT7914AFA00ADC3047140B99D01AC07810CE44TSTEXC/short7914afa00adc3047140b99d01ac07810ce44tstexc-tests.git, solutionRepositoryUri=null, auxiliaryRepositoryUris=[Ljava.lang.String;@4a0e8a1d, auxiliaryRepositoryCheckoutDirectories=[Ljava.lang.String;@99c2b99], jobTimingInfo=JobTimingInfo[submissionDate=2025-02-14T23:45:40.018961253Z[Etc/UTC], buildStartDate=2025-02-14T23:45:40.029742701Z[Etc/UTC], buildCompletionDate=2025-02-14T23:45:41.150208242Z[Etc/UTC], estimatedCompletionDate=2025-02-14T23:45:59.029734065Z[Etc/UTC], estimatedDuration=19], buildConfig=BuildConfig[buildScript=#!/bin/bash
cd /var/tmp/testing-dir
chmod +x ./gradlew
./gradlew clean test
, dockerImage=dummy-docker-image:latest, commitHashToBuild=d80b57877989b971e83ccdb4863c8a7023c76266, assignmentCommitHash=d80b57877989b971e83ccdb4863c8a7023c76266, testCommitHash=327b116890c92b1312314341f43f21ef13ecf7d7, branch=main, programmingLanguage=JAVA, projectType=PLAIN_GRADLE, scaEnabled=false, sequentialTestRunsEnabled=false, resultPaths=[/var/tmp/testing-dir/**/test-results/test/*.xml], timeoutSeconds=0, assignmentCheckoutPath=null, testCheckoutPath=null, solutionCheckoutPath=null, dockerRunConfig=null], submissionResult=ResultDTO[id=634, completionDate=2025-02-14T23:45:41.120192603Z[Etc/UTC], successful=false, score=7.7, rated=false, submission=SubmissionDTO[id=828, submitted=true, type=MANUAL, exampleSubmission=null, submissionDate=2025-02-14T23:45:40.008666Z, commitHash=d80b57877989b971e83ccdb4863c8a7023c76266, buildFailed=false, buildArtifact=false, participation=ParticipationDTO[id=2017, testRun=true, type=programming, submissionCount=null, exercise=ParticipationExerciseDTO[id=2605, exerciseType=PROGRAMMING, type=programming, assessmentType=AUTOMATIC, dueDate=2025-02-16T23:45:39.523500Z, assessmentDueDate=null, maxPoints=42.0, course=CourseDTO[id=988, accuracyOfScores=1]]], submissionExerciseType=programming, isProcessing=false, buildStartDate=null, estimatedCompletionDate=null], participation=ParticipationDTO[id=2017, testRun=true, type=programming, submissionCount=null, exercise=ParticipationExerciseDTO[id=2605, exerciseType=PROGRAMMING, type=programming, assessmentType=AUTOMATIC, dueDate=2025-02-16T23:45:39.523500Z, assessmentDueDate=null, maxPoints=42.0, course=CourseDTO[id=988, accuracyOfScores=1]]], feedbacks=[FeedbackDTO[id=946, text=null, detailText=The exercise expects a class with the name Context in the package testpackage. You did not implement the class in the exercise., hasLongFeedbackText=false, reference=null, credits=0.0, positive=false, type=AUTOMATIC, visibility=ALWAYS, testCase=TestCaseDTO[testName=null, id=1409]], FeedbackDTO[id=947, text=null, detailText=The exercise expects a class with the name Policy in the package testpackage. You did not implement the class in the exercise., hasLongFeedbackText=false, reference=null, credits=0.0, positive=false, type=AUTOMATIC, visibility=ALWAYS, testCase=TestCaseDTO[testName=null, id=1410]], FeedbackDTO[id=948, text=null, detailText=The exercise expects a class with the name SortStrategy in the package testpackage. You did not implement the class in the exercise., hasLongFeedbackText=false, reference=null, credits=0.0, positive=false, type=AUTOMATIC, visibility=ALWAYS, testCase=TestCaseDTO[testName=null, id=1411]], FeedbackDTO[id=949, text=null, detailText=The class 'MergeSort' does not implement the interface 'SortStrategy' as expected. Implement the interface and its methods., hasLongFeedbackText=false, reference=null, credits=0.0, positive=false, type=AUTOMATIC, visibility=ALWAYS, testCase=TestCaseDTO[testName=null, id=1406]], FeedbackDTO[id=950, text=null, detailText=The exercise expects a class with the name SortStrategy in the package testpackage. You did not implement the class in the exercise., hasLongFeedbackText=false, reference=null, credits=0.0, positive=false, type=AUTOMATIC, visibility=ALWAYS, testCase=TestCaseDTO[testName=null, id=1403]], FeedbackDTO[id=951, text=null, detailText=The class 'BubbleSort' does not implement the interface 'SortStrategy' as expected. Implement the interface and its methods., hasLongFeedbackText=false, reference=null, credits=0.0, positive=false, type=AUTOMATIC, visibility=ALWAYS, testCase=TestCaseDTO[testName=null, id=1407]], FeedbackDTO[id=952, text=null, detailText=MergeSort does not sort correctly, hasLongFeedbackText=false, reference=null, credits=0.0, positive=false, type=AUTOMATIC, visibility=ALWAYS, testCase=TestCaseDTO[testName=null, id=1412]], FeedbackDTO[id=953, text=null, detailText=The class 'Context' was not found within the submission. Make sure to implement it properly., hasLongFeedbackText=false, reference=null, credits=0.0, positive=false, type=AUTOMATIC, visibility=ALWAYS, testCase=TestCaseDTO[testName=null, id=1413]], FeedbackDTO[id=954, text=null, detailText=The class 'Context' was not found within the submission. Make sure to implement it properly., hasLongFeedbackText=false, reference=null, credits=0.0, positive=false, type=AUTOMATIC, visibility=ALWAYS, testCase=TestCaseDTO[testName=null, id=1414]], FeedbackDTO[id=955, text=null, detailText=The exercise expects a class with the name Policy in the package testpackage. You did not implement the class in the exercise., hasLongFeedbackText=false, reference=null, credits=0.0, positive=false, type=AUTOMATIC, visibility=ALWAYS, testCase=TestCaseDTO[testName=null, id=1408]], FeedbackDTO[id=956, text=null, detailText=The exercise expects a class with the name Context in the package testpackage. You did not implement the class in the exercise., hasLongFeedbackText=false, reference=null, credits=0.0, positive=false, type=AUTOMATIC, visibility=ALWAYS, testCase=TestCaseDTO[testName=null, id=1404]], FeedbackDTO[id=957, text=null, detailText=The exercise expects a class with the name Policy in the package testpackage. You did not implement the class in the exercise., hasLongFeedbackText=false, reference=null, credits=0.0, positive=false, type=AUTOMATIC, visibility=ALWAYS, testCase=TestCaseDTO[testName=null, id=1405]], FeedbackDTO[id=958, text=null, detailText=null, hasLongFeedbackText=false, reference=null, credits=3.230769230769231, positive=true, type=AUTOMATIC, visibility=ALWAYS, testCase=TestCaseDTO[testName=null, id=1415]]], assessmentType=AUTOMATIC, hasComplaint=null, exampleResult=null, testCaseCount=13, passedTestCaseCount=1, codeIssueCount=0]], BuildJobQueueItem[id=20261739576743984, name=SHORT53C73BE505404043100AC2F00C039353CE8FTSTEXC-LOCALVCCIINTSTUDENT1, buildAgent=BuildAgentDTO[name=artemis-build-agent-test, memberAddress=[127.0.0.1]:5703, displayName=artemis-build-agent-test], participationId=2026, courseId=991, exerciseId=2608, retryCount=0, priority=1, status=SUCCESSFUL, repositoryInfo=RepositoryInfo[repositoryName=short53c73be505404043100ac2f00c039353ce8ftstexc-localvcciintstudent1, repositoryType=user, triggeredByPushTo=user, assignmentRepositoryUri=http://localhost:49152/git/SHORT53C73BE505404043100AC2F00C039353CE8FTSTEXC/short53c73be505404043100ac2f00c039353ce8ftstexc-localvcciintstudent1.git, testRepositoryUri=http://localhost:49152/git/SHORT53C73BE505404043100AC2F00C039353CE8FTSTEXC/short53c73be505404043100ac2f00c039353ce8ftstexc-tests.git, solutionRepositoryUri=null, auxiliaryRepositoryUris=[Ljava.lang.String;@7b911801, auxiliaryRepositoryCheckoutDirectories=[Ljava.lang.String;@32aa075a], jobTimingInfo=JobTimingInfo[submissionDate=2025-02-14T23:45:43.984518859Z[Etc/UTC], buildStartDate=2025-02-14T23:45:43.991385682Z[Etc/UTC], buildCompletionDate=2025-02-14T23:45:44.982059928Z[Etc/UTC], estimatedCompletionDate=2025-02-14T23:46:02.991380122Z[Etc/UTC], estimatedDuration=19], buildConfig=BuildConfig[buildScript=#!/bin/bash
cd /var/tmp/testing-dir
chmod +x ./gradlew
./gradlew clean test
, dockerImage=dummy-docker-image:latest, commitHashToBuild=3e90ae9fef2e44ffb41451a080bdaa6a44ad6848, assignmentCommitHash=3e90ae9fef2e44ffb41451a080bdaa6a44ad6848, testCommitHash=0582754c87aae13e640312855ce7dbe490ecb50c, branch=main, programmingLanguage=JAVA, projectType=PLAIN_GRADLE, scaEnabled=false, sequentialTestRunsEnabled=false, resultPaths=[/var/tmp/testing-dir/**/test-results/test/*.xml], timeoutSeconds=0, assignmentCheckoutPath=null, testCheckoutPath=null, solutionCheckoutPath=null, dockerRunConfig=null], submissionResult=ResultDTO[id=635, completionDate=2025-02-14T23:45:44.961313737Z[Etc/UTC], successful=false, score=7.7, rated=true, submission=SubmissionDTO[id=829, submitted=true, type=MANUAL, exampleSubmission=null, submissionDate=2025-02-14T23:45:43.967766Z, commitHash=3e90ae9fef2e44ffb41451a080bdaa6a44ad6848, buildFailed=false, buildArtifact=false, participation=ParticipationDTO[id=2026, testRun=false, type=programming, submissionCount=null, exercise=ParticipationExerciseDTO[id=2608, exerciseType=PROGRAMMING, type=programming, assessmentType=AUTOMATIC, dueDate=2025-02-16T23:45:43.597978Z, assessmentDueDate=null, maxPoints=42.0, course=CourseDTO[id=991, accuracyOfScores=1]]], submissionExerciseType=programming, isProcessing=false, buildStartDate=null, estimatedCompletionDate=null], participation=ParticipationDTO[id=2026, testRun=false, type=programming, submissionCount=null, exercise=ParticipationExerciseDTO[id=2608, exerciseType=PROGRAMMING, type=programming, assessmentType=AUTOMATIC, dueDate=2025-02-16T23:45:43.597978Z, assessmentDueDate=null, maxPoints=42.0, course=CourseDTO[id=991, accuracyOfScores=1]]], feedbacks=[FeedbackDTO[id=959, text=null, detailText=The exercise expects a class with the name Context in the package testpackage. You did not implement the class in the exercise., hasLongFeedbackText=false, reference=null, credits=0.0, positive=false, type=AUTOMATIC, visibility=ALWAYS, testCase=TestCaseDTO[testName=null, id=1448]], FeedbackDTO[id=960, text=null, detailText=The exercise expects a class with the name Policy in the package testpackage. You did not implement the class in the exercise., hasLongFeedbackText=false, reference=null, credits=0.0, positive=false, type=AUTOMATIC, visibility=ALWAYS, testCase=TestCaseDTO[testName=null, id=1449]], FeedbackDTO[id=961, text=null, detailText=The exercise expects a class with the name SortStrategy in the package testpackage. You did not implement the class in the exercise., hasLongFeedbackText=false, reference=null, credits=0.0, positive=false, type=AUTOMATIC, visibility=ALWAYS, testCase=TestCaseDTO[testName=null, id=1450]], FeedbackDTO[id=962, text=null, detailText=The class 'MergeSort' does not implement the interface 'SortStrategy' as expected. Implement the interface and its methods., hasLongFeedbackText=false, reference=null, credits=0.0, positive=false, type=AUTOMATIC, visibility=ALWAYS, testCase=TestCaseDTO[testName=null, id=1445]], FeedbackDTO[id=963, text=null, detailText=The exercise expects a class with the name SortStrategy in the package testpackage. You did not implement the class in the exercise., hasLongFeedbackText=false, reference=null, credits=0.0, positive=false, type=AUTOMATIC, visibility=ALWAYS, testCase=TestCaseDTO[testName=null, id=1442]], FeedbackDTO[id=964, text=null, detailText=The class 'BubbleSort' does not implement the interface 'SortStrategy' as expected. Implement the interface and its methods., hasLongFeedbackText=false, reference=null, credits=0.0, positive=false, type=AUTOMATIC, visibility=ALWAYS, testCase=TestCaseDTO[testName=null, id=1446]], FeedbackDTO[id=965, text=null, detailText=MergeSort does not sort correctly, hasLongFeedbackText=false, reference=null, credits=0.0, positive=false, type=AUTOMATIC, visibility=ALWAYS, testCase=TestCaseDTO[testName=null, id=1451]], FeedbackDTO[id=966, text=null, detailText=The class 'Context' was not found within the submission. Make sure to implement it properly., hasLongFeedbackText=false, reference=null, credits=0.0, positive=false, type=AUTOMATIC, visibility=ALWAYS, testCase=TestCaseDTO[testName=null, id=1452]], FeedbackDTO[id=967, text=null, detailText=The class 'Context' was not found within the submission. Make sure to implement it properly., hasLongFeedbackText=false, reference=null, credits=0.0, positive=false, type=AUTOMATIC, visibility=ALWAYS, testCase=TestCaseDTO[testName=null, id=1453]], FeedbackDTO[id=968, text=null, detailText=The exercise expects a class with the name Policy in the package testpackage. You did not implement the class in the exercise., hasLongFeedbackText=false, reference=null, credits=0.0, positive=false, type=AUTOMATIC, visibility=ALWAYS, testCase=TestCaseDTO[testName=null, id=1447]], FeedbackDTO[id=969, text=null, detailText=The exercise expects a class with the name Context in the package testpackage. You did not implement the class in the exercise., hasLongFeedbackText=false, reference=null, credits=0.0, positive=false, type=AUTOMATIC, visibility=ALWAYS, testCase=TestCaseDTO[testName=null, id=1443]], FeedbackDTO[id=970, text=null, detailText=The exercise expects a class with the name Policy in the package testpackage. You did not implement the class in the exercise., hasLongFeedbackText=false, reference=null, credits=0.0, positive=false, type=AUTOMATIC, visibility=ALWAYS, testCase=TestCaseDTO[testName=null, id=1444]], FeedbackDTO[id=971, text=null, detailText=null, hasLongFeedbackText=false, reference=null, credits=3.230769230769231, positive=true, type=AUTOMATIC, visibility=ALWAYS, testCase=TestCaseDTO[testName=null, id=1454]]], assessmentType=AUTOMATIC, hasComplaint=null, exampleResult=null, testCaseCount=13, passedTestCaseCount=1, codeIssueCount=0]], BuildJobQueueItem[id=20271739576746886, name=SHORT0FC863930E92904248098A506171F81CF6CFTSTEXC-SOLUTION, buildAgent=BuildAgentDTO[name=artemis-build-agent-test, memberAddress=[127.0.0.1]:5703, displayName=artemis-build-agent-test], participationId=2027, courseId=992, exerciseId=2609, retryCount=0, priority=2, status=SUCCESSFUL, repositoryInfo=RepositoryInfo[repositoryName=short0fc863930e92904248098a506171f81cf6cftstexc-solution, repositoryType=solution, triggeredByPushTo=auxiliary, assignmentRepositoryUri=http://localhost:49152/git/SHORT0FC863930E92904248098A506171F81CF6CFTSTEXC/short0fc863930e92904248098a506171f81cf6cftstexc-solution.git, testRepositoryUri=http://localhost:49152/git/SHORT0FC863930E92904248098A506171F81CF6CFTSTEXC/short0fc863930e92904248098a506171f81cf6cftstexc-tests.git, solutionRepositoryUri=null, auxiliaryRepositoryUris=[Ljava.lang.String;@cca3d70, auxiliaryRepositoryCheckoutDirectories=[Ljava.lang.String;@64e21f93], jobTimingInfo=JobTimingInfo[submissionDate=2025-02-14T23:45:46.886984066Z[Etc/UTC], buildStartDate=2025-02-14T23:45:46.897709578Z[Etc/UTC], buildCompletionDate=2025-02-14T23:45:48.628460156Z[Etc/UTC], estimatedCompletionDate=2025-02-14T23:46:05.897701272Z[Etc/UTC], estimatedDuration=19], buildConfig=BuildConfig[buildScript=#!/bin/bash
cd /var/tmp/testing-dir
chmod +x ./gradlew
./gradlew clean test
, dockerImage=dummy-docker-image:latest, commitHashToBuild=null, assignmentCommitHash=115a2e943bee242fdad360b50d8ad5f30792577e, testCommitHash=9b3a9bd71a0d80e5bbc42204c319ed3d1d4f0d6d, branch=main, programmingLanguage=JAVA, projectType=PLAIN_GRADLE, scaEnabled=false, sequentialTestRunsEnabled=false, resultPaths=[/var/tmp/testing-dir/**/test-results/test/*.xml], timeoutSeconds=0, assignmentCheckoutPath=null, testCheckoutPath=null, solutionCheckoutPath=null, dockerRunConfig=null], submissionResult=ResultDTO[id=636, completionDate=2025-02-14T23:45:48.593370968Z[Etc/UTC], successful=true, score=100.0, rated=true, submission=SubmissionDTO[id=830, submitted=true, type=TEST, exampleSubmission=null, submissionDate=2025-02-14T23:45:46.873671Z, commitHash=9b3a9bd71a0d80e5bbc42204c319ed3d1d4f0d6d, buildFailed=false, buildArtifact=false, participation=ParticipationDTO[id=2027, testRun=false, type=solution, submissionCount=null, exercise=ParticipationExerciseDTO[id=2609, exerciseType=PROGRAMMING, type=programming, assessmentType=AUTOMATIC, dueDate=2025-02-16T23:45:46.386304Z, assessmentDueDate=null, maxPoints=42.0, course=CourseDTO[id=992, accuracyOfScores=1]]], submissionExerciseType=programming, isProcessing=false, buildStartDate=null, estimatedCompletionDate=null], participation=ParticipationDTO[id=2027, testRun=false, type=solution, submissionCount=null, exercise=ParticipationExerciseDTO[id=2609, exerciseType=PROGRAMMING, type=programming, assessmentType=AUTOMATIC, dueDate=2025-02-16T23:45:46.386304Z, assessmentDueDate=null, maxPoints=42.0, course=CourseDTO[id=992, accuracyOfScores=1]]], feedbacks=[FeedbackDTO[id=972, text=null, detailText=null, hasLongFeedbackText=false, reference=null, credits=3.230769230769231, positive=true, type=AUTOMATIC, visibility=ALWAYS, testCase=TestCaseDTO[testName=testMethods[Context], id=1461]], FeedbackDTO[id=973, text=null, detailText=null, hasLongFeedbackText=false, reference=null, credits=3.230769230769231, positive=true, type=AUTOMATIC, visibility=ALWAYS, testCase=TestCaseDTO[testName=testMethods[Policy], id=1462]], FeedbackDTO[id=974, text=null, detailText=null, hasLongFeedbackText=false, reference=null, credits=3.230769230769231, positive=true, type=AUTOMATIC, visibility=ALWAYS, testCase=TestCaseDTO[testName=testMethods[SortStrategy], id=1463]], FeedbackDTO[id=975, text=null, detailText=null, hasLongFeedbackText=false, reference=null, credits=3.230769230769231, positive=true, type=AUTOMATIC, visibility=ALWAYS, testCase=TestCaseDTO[testName=testClass[MergeSort], id=1458]], FeedbackDTO[id=976, text=null, detailText=null, hasLongFeedbackText=false, reference=null, credits=3.230769230769231, positive=true, type=AUTOMATIC, visibility=ALWAYS, testCase=TestCaseDTO[testName=testClass[SortStrategy], id=1455]], FeedbackDTO[id=977, text=null, detailText=null, hasLongFeedbackText=false, reference=null, credits=3.230769230769231, positive=true, type=AUTOMATIC, visibility=ALWAYS, testCase=TestCaseDTO[testName=testClass[BubbleSort], id=1459]], FeedbackDTO[id=978, text=null, detailText=null, hasLongFeedbackText=false, reference=null, credits=3.230769230769231, positive=true, type=AUTOMATIC, visibility=ALWAYS, testCase=TestCaseDTO[testName=testMergeSort(), id=1464]], FeedbackDTO[id=979, text=null, detailText=null, hasLongFeedbackText=false, reference=null, credits=3.230769230769231, positive=true, type=AUTOMATIC, visibility=ALWAYS, testCase=TestCaseDTO[testName=testUseBubbleSortForSmallList(), id=1465]], FeedbackDTO[id=980, text=null, detailText=null, hasLongFeedbackText=false, reference=null, credits=3.230769230769231, positive=true, type=AUTOMATIC, visibility=ALWAYS, testCase=TestCaseDTO[testName=testBubbleSort(), id=1467]], FeedbackDTO[id=981, text=null, detailText=null, hasLongFeedbackText=false, reference=null, credits=3.230769230769231, positive=true, type=AUTOMATIC, visibility=ALWAYS, testCase=TestCaseDTO[testName=testUseMergeSortForBigList(), id=1466]], FeedbackDTO[id=982, text=null, detailText=null, hasLongFeedbackText=false, reference=null, credits=3.230769230769231, positive=true, type=AUTOMATIC, visibility=ALWAYS, testCase=TestCaseDTO[testName=testConstructors[Policy], id=1460]], FeedbackDTO[id=983, text=null, detailText=null, hasLongFeedbackText=false, reference=null, credits=3.230769230769231, positive=true, type=AUTOMATIC, visibility=ALWAYS, testCase=TestCaseDTO[testName=testAttributes[Context], id=1456]], FeedbackDTO[id=984, text=null, detailText=null, hasLongFeedbackText=false, reference=null, credits=3.230769230769231, positive=true, type=AUTOMATIC, visibility=ALWAYS, testCase=TestCaseDTO[testName=testAttributes[Policy], id=1457]]], assessmentType=AUTOMATIC, hasComplaint=null, exampleResult=null, testCaseCount=13, passedTestCaseCount=13, codeIssueCount=0]], BuildJobQueueItem[id=20281739576748768, name=SHORT0FC863930E92904248098A506171F81CF6CFTSTEXC-BASE, buildAgent=BuildAgentDTO[name=artemis-build-agent-test, memberAddress=[127.0.0.1]:5703, displayName=artemis-build-agent-test], participationId=2028, courseId=992, exerciseId=2609, retryCount=0, priority=2, status=SUCCESSFUL, repositoryInfo=RepositoryInfo[repositoryName=short0fc863930e92904248098a506171f81cf6cftstexc-exercise, repositoryType=exercise, triggeredByPushTo=auxiliary, assignmentRepositoryUri=http://localhost:49152/git/SHORT0FC863930E92904248098A506171F81CF6CFTSTEXC/short0fc863930e92904248098a506171f81cf6cftstexc-exercise.git, testRepositoryUri=http://localhost:49152/git/SHORT0FC863930E92904248098A506171F81CF6CFTSTEXC/short0fc863930e92904248098a506171f81cf6cftstexc-tests.git, solutionRepositoryUri=null, auxiliaryRepositoryUris=[Ljava.lang.String;@1740421e, auxiliaryRepositoryCheckoutDirectories=[Ljava.lang.String;@75b2077b], jobTimingInfo=JobTimingInfo[submissionDate=2025-02-14T23:45:48.768063548Z[Etc/UTC], buildStartDate=2025-02-14T23:45:48.802531989Z[Etc/UTC], buildCompletionDate=2025-02-14T23:45:50.482681367Z[Etc/UTC], estimatedCompletionDate=2025-02-14T23:45:50.802523092Z[Etc/UTC], estimatedDuration=2], buildConfig=BuildConfig[buildScript=#!/bin/bash
cd /var/tmp/testing-dir
chmod +x ./gradlew
./gradlew clean test
, dockerImage=dummy-docker-image:latest, commitHashToBuild=9b3a9bd71a0d80e5bbc42204c319ed3d1d4f0d6d, assignmentCommitHash=115a2e943bee242fdad360b50d8ad5f30792577e, testCommitHash=9b3a9bd71a0d80e5bbc42204c319ed3d1d4f0d6d, branch=main, programmingLanguage=JAVA, projectType=PLAIN_GRADLE, scaEnabled=false, sequentialTestRunsEnabled=false, resultPaths=[/var/tmp/testing-dir/**/test-results/test/*.xml], timeoutSeconds=0, assignmentCheckoutPath=null, testCheckoutPath=null, solutionCheckoutPath=null, dockerRunConfig=null], submissionResult=ResultDTO[id=637, completionDate=2025-02-14T23:45:50.449084694Z[Etc/UTC], successful=false, score=0.0, rated=true, submission=SubmissionDTO[id=831, submitted=true, type=TEST, exampleSubmission=null, submissionDate=2025-02-14T23:45:48.761177Z, commitHash=9b3a9bd71a0d80e5bbc42204c319ed3d1d4f0d6d, buildFailed=false, buildArtifact=false, participation=ParticipationDTO[id=2028, testRun=false, type=template, submissionCount=null, exercise=ParticipationExerciseDTO[id=2609, exerciseType=PROGRAMMING, type=programming, assessmentType=AUTOMATIC, dueDate=2025-02-16T23:45:46.386304Z, assessmentDueDate=null, maxPoints=42.0, course=CourseDTO[id=992, accuracyOfScores=1]]], submissionExerciseType=programming, isProcessing=false, buildStartDate=null, estimatedCompletionDate=null], participation=ParticipationDTO[id=2028, testRun=false, type=template, submissionCount=null, exercise=ParticipationExerciseDTO[id=2609, exerciseType=PROGRAMMING, type=programming, assessmentType=AUTOMATIC, dueDate=2025-02-16T23:45:46.386304Z, assessmentDueDate=null, maxPoints=42.0, course=CourseDTO[id=992, accuracyOfScores=1]]], feedbacks=[FeedbackDTO[id=985, text=null, detailText=The exercise expects a class with the name Context in the package testpackage. You did not implement the class in the exercise., hasLongFeedbackText=false, reference=null, credits=0.0, positive=false, type=AUTOMATIC, visibility=ALWAYS, testCase=TestCaseDTO[testName=testMethods[Context], id=1461]], FeedbackDTO[id=986, text=null, detailText=The exercise expects a class with the name Policy in the package testpackage. You did not implement the class in the exercise., hasLongFeedbackText=false, reference=null, credits=0.0, positive=false, type=AUTOMATIC, visibility=ALWAYS, testCase=TestCaseDTO[testName=testMethods[Policy], id=1462]], FeedbackDTO[id=987, text=null, detailText=The exercise expects a class with the name SortStrategy in the package testpackage. You did not implement the class in the exercise., hasLongFeedbackText=false, reference=null, credits=0.0, positive=false, type=AUTOMATIC, visibility=ALWAYS, testCase=TestCaseDTO[testName=testMethods[SortStrategy], id=1463]], FeedbackDTO[id=988, text=null, detailText=The class 'MergeSort' does not implement the interface 'SortStrategy' as expected. Implement the interface and its methods., hasLongFeedbackText=false, reference=null, credits=0.0, positive=false, type=AUTOMATIC, visibility=ALWAYS, testCase=TestCaseDTO[testName=testClass[MergeSort], id=1458]], FeedbackDTO[id=989, text=null, detailText=The exercise expects a class with the name SortStrategy in the package testpackage. You did not implement the class in the exercise., hasLongFeedbackText=false, reference=null, credits=0.0, positive=false, type=AUTOMATIC, visibility=ALWAYS, testCase=TestCaseDTO[testName=testClass[SortStrategy], id=1455]], FeedbackDTO[id=990, text=null, detailText=The class 'BubbleSort' does not implement the interface 'SortStrategy' as expected. Implement the interface and its methods., hasLongFeedbackText=false, reference=null, credits=0.0, positive=false, type=AUTOMATIC, visibility=ALWAYS, testCase=TestCaseDTO[testName=testClass[BubbleSort], id=1459]], FeedbackDTO[id=991, text=null, detailText=MergeSort does not sort correctly, hasLongFeedbackText=false, reference=null, credits=0.0, positive=false, type=AUTOMATIC, visibility=ALWAYS, testCase=TestCaseDTO[testName=testMergeSort(), id=1464]], FeedbackDTO[id=992, text=null, detailText=The class 'Context' was not found within the submission. Make sure to implement it properly., hasLongFeedbackText=false, reference=null, credits=0.0, positive=false, type=AUTOMATIC, visibility=ALWAYS, testCase=TestCaseDTO[testName=testUseBubbleSortForSmallList(), id=1465]], FeedbackDTO[id=993, text=null, detailText=BubbleSort does not sort correctly, hasLongFeedbackText=false, reference=null, credits=0.0, positive=false, type=AUTOMATIC, visibility=ALWAYS, testCase=TestCaseDTO[testName=testBubbleSort(), id=1467]], FeedbackDTO[id=994, text=null, detailText=The class 'Context' was not found within the submission. Make sure to implement it properly., hasLongFeedbackText=false, reference=null, credits=0.0, positive=false, type=AUTOMATIC, visibility=ALWAYS, testCase=TestCaseDTO[testName=testUseMergeSortForBigList(), id=1466]], FeedbackDTO[id=995, text=null, detailText=The exercise expects a class with the name Policy in the package testpackage. You did not implement the class in the exercise., hasLongFeedbackText=false, reference=null, credits=0.0, positive=false, type=AUTOMATIC, visibility=ALWAYS, testCase=TestCaseDTO[testName=testConstructors[Policy], id=1460]], FeedbackDTO[id=996, text=null, detailText=The exercise expects a class with the name Context in the package testpackage. You did not implement the class in the exercise., hasLongFeedbackText=false, reference=null, credits=0.0, positive=false, type=AUTOMATIC, visibility=ALWAYS, testCase=TestCaseDTO[testName=testAttributes[Context], id=1456]], FeedbackDTO[id=997, text=null, detailText=The exercise expects a class with the name Policy in the package testpackage. You did not implement the class in the exercise., hasLongFeedbackText=false, reference=null, credits=0.0, positive=false, type=AUTOMATIC, visibility=ALWAYS, testCase=TestCaseDTO[testName=testAttributes[Policy], id=1457]]], assessmentType=AUTOMATIC, hasComplaint=null, exampleResult=null, testCaseCount=13, passedTestCaseCount=0, codeIssueCount=0]], BuildJobQueueItem[id=20291739576751299, name=SHORT716C2EC10B19B049C80A2F00B97EAB20B2A9TSTEXC-SOLUTION, buildAgent=BuildAgentDTO[name=artemis-build-agent-test, memberAddress=[127.0.0.1]:5703, displayName=artemis-build-agent-test], participationId=2029, courseId=993, exerciseId=2610, retryCount=0, priority=2, status=SUCCESSFUL, repositoryInfo=RepositoryInfo[repositoryName=short716c2ec10b19b049c80a2f00b97eab20b2a9tstexc-solution, repositoryType=solution, triggeredByPushTo=tests, assignmentRepositoryUri=http://localhost:49152/git/SHORT716C2EC10B19B049C80A2F00B97EAB20B2A9TSTEXC/short716c2ec10b19b049c80a2f00b97eab20b2a9tstexc-solution.git, testRepositoryUri=http://localhost:49152/git/SHORT716C2EC10B19B049C80A2F00B97EAB20B2A9TSTEXC/short716c2ec10b19b049c80a2f00b97eab20b2a9tstexc-tests.git, solutionRepositoryUri=null, auxiliaryRepositoryUris=[Ljava.lang.String;@28ce9500, auxiliaryRepositoryCheckoutDirectories=[Ljava.lang.String;@5c24090d], jobTimingInfo=JobTimingInfo[submissionDate=2025-02-14T23:45:51.299892174Z[Etc/UTC], buildStartDate=2025-02-14T23:45:51.314028505Z[Etc/UTC], buildCompletionDate=2025-02-14T23:45:52.158312850Z[Etc/UTC], estimatedCompletionDate=2025-02-14T23:46:10.314021752Z[Etc/UTC], estimatedDuration=19], buildConfig=BuildConfig[buildScript=#!/bin/bash
cd /var/tmp/testing-dir
chmod +x ./gradlew
./gradlew clean test
, dockerImage=dummy-docker-image:latest, commitHashToBuild=1e531733ed6e9237f710b528d1eb0b7beac565fd, assignmentCommitHash=815e279f12ad296b4f24c44134a07293c04c010f, testCommitHash=1e531733ed6e9237f710b528d1eb0b7beac565fd, branch=main, programmingLanguage=JAVA, projectType=PLAIN_GRADLE, scaEnabled=false, sequentialTestRunsEnabled=false, resultPaths=[/var/tmp/testing-dir/**/test-results/test/*.xml], timeoutSeconds=0, assignmentCheckoutPath=null, testCheckoutPath=null, solutionCheckoutPath=null, dockerRunConfig=null], submissionResult=ResultDTO[id=638, completionDate=2025-02-14T23:45:52.146826070Z[Etc/UTC], successful=true, score=100.0, rated=true, submission=SubmissionDTO[id=832, submitted=true, type=TEST, exampleSubmission=null, submissionDate=2025-02-14T23:45:51.275713Z, commitHash=1e531733ed6e9237f710b528d1eb0b7beac565fd, buildFailed=false, buildArtifact=false, participation=ParticipationDTO[id=2029, testRun=false, type=solution, submissionCount=null, exercise=ParticipationExerciseDTO[id=2610, exerciseType=PROGRAMMING, type=programming, assessmentType=AUTOMATIC, dueDate=2025-02-16T23:45:50.869093Z, assessmentDueDate=null, maxPoints=42.0, course=CourseDTO[id=993, accuracyOfScores=1]]], submissionExerciseType=programming, isProcessing=false, buildStartDate=null, estimatedCompletionDate=null], participation=ParticipationDTO[id=2029, testRun=false, type=solution, submissionCount=null, exercise=ParticipationExerciseDTO[id=2610, exerciseType=PROGRAMMING, type=programming, assessmentType=AUTOMATIC, dueDate=2025-02-16T23:45:50.869093Z, assessmentDueDate=null, maxPoints=42.0, course=CourseDTO[id=993, accuracyOfScores=1]]], feedbacks=[FeedbackDTO[id=998, text=null, detailText=null, hasLongFeedbackText=false, reference=null, credits=3.230769230769231, positive=true, type=AUTOMATIC, visibility=ALWAYS, testCase=TestCaseDTO[testName=testMethods[Context], id=1474]], FeedbackDTO[id=999, text=null, detailText=null, hasLongFeedbackText=false, reference=null, credits=3.230769230769231, positive=true, type=AUTOMATIC, visibility=ALWAYS, testCase=TestCaseDTO[testName=testMethods[Policy], id=1475]], FeedbackDTO[id=1000, text=null, detailText=null, hasLongFeedbackText=false, reference=null, credits=3.230769230769231, positive=true, type=AUTOMATIC, visibility=ALWAYS, testCase=TestCaseDTO[testName=testMethods[SortStrategy], id=1476]], FeedbackDTO[id=1001, text=null, detailText=null, hasLongFeedbackText=false, reference=null, credits=3.230769230769231, positive=true, type=AUTOMATIC, visibility=ALWAYS, testCase=TestCaseDTO[testName=testClass[MergeSort], id=1471]], FeedbackDTO[id=1002, text=null, detailText=null, hasLongFeedbackText=false, reference=null, credits=3.230769230769231, positive=true, type=AUTOMATIC, visibility=ALWAYS, testCase=TestCaseDTO[testName=testClass[SortStrategy], id=1468]], FeedbackDTO[id=1003, text=null, detailText=null, hasLongFeedbackText=false, reference=null, credits=3.230769230769231, positive=true, type=AUTOMATIC, visibility=ALWAYS, testCase=TestCaseDTO[testName=testClass[BubbleSort], id=1472]], FeedbackDTO[id=1004, text=null, detailText=null, hasLongFeedbackText=false, reference=null, credits=3.230769230769231, positive=true, type=AUTOMATIC, visibility=ALWAYS, testCase=TestCaseDTO[testName=testMergeSort(), id=1477]], FeedbackDTO[id=1005, text=null, detailText=null, hasLongFeedbackText=false, reference=null, credits=3.230769230769231, positive=true, type=AUTOMATIC, visibility=ALWAYS, testCase=TestCaseDTO[testName=testUseBubbleSortForSmallList(), id=1478]], FeedbackDTO[id=1006, text=null, detailText=null, hasLongFeedbackText=false, reference=null, credits=3.230769230769231, positive=true, type=AUTOMATIC, visibility=ALWAYS, testCase=TestCaseDTO[testName=testBubbleSort(), id=1480]], FeedbackDTO[id=1007, text=null, detailText=null, hasLongFeedbackText=false, reference=null, credits=3.230769230769231, positive=true, type=AUTOMATIC, visibility=ALWAYS, testCase=TestCaseDTO[testName=testUseMergeSortForBigList(), id=1479]], FeedbackDTO[id=1008, text=null, detailText=null, hasLongFeedbackText=false, reference=null, credits=3.230769230769231, positive=true, type=AUTOMATIC, visibility=ALWAYS, testCase=TestCaseDTO[testName=testConstructors[Policy], id=1473]], FeedbackDTO[id=1009, text=null, detailText=null, hasLongFeedbackText=false, reference=null, credits=3.230769230769231, positive=true, type=AUTOMATIC, visibility=ALWAYS, testCase=TestCaseDTO[testName=testAttributes[Context], id=1469]], FeedbackDTO[id=1010, text=null, detailText=null, hasLongFeedbackText=false, reference=null, credits=3.230769230769231, positive=true, type=AUTOMATIC, visibility=ALWAYS, testCase=TestCaseDTO[testName=testAttributes[Policy], id=1470]]], assessmentType=AUTOMATIC, hasComplaint=null, exampleResult=null, testCaseCount=13, passedTestCaseCount=13, codeIssueCount=0]]], publicSshKey=ssh-rsa AAAAB3NzaC1yc2EAAAADAQABAAACAQCOPdMsxRE2jFJ/UEa5/LsBxtwzJcrh3/rYBCQvcMeVpiRfhzQPWu7mrt/G2Ew+i+vRloGH9aqKg6dd1liRncao53Zmd/ePxoatXePNhmzTfkCkcSkTUz7B+QMjkoDDV5jwuFPD6mF3JkhuzSi64n9Zy905t4w2IhVcjM2mL3eYNjiCXt6Qpq3Pkt7dM/Ksw1nxnvuiIALuJLB3FTkXkHqq3PJav+9HSq2r6ZaWgekneaGxlQlb+U+Vy3XOuArKAzK8c8i+0bR+AHiTG6ncYXt7ax3U+TdlDTF7OLP3umwaYjs1NBXOHwG42pevvpKn2fqavZZozk+M05jXLx3bq0O7itxfErWc7etky8qYPyyIMF/txQIVLd78+Ze4d7Y60t5MGbXM5cGE6fFif5fEJwgswXD+BrG0cafz1CTatjSKFdvp8Vp4VszXhHDan1PrP6JEFJ5Cc5GDmLRZPCFa3vL9f5qXgf4bkqKN8MYeEujwJE5nMRWoiJVNakix2bcrrneQMBlnYeYZVWXXXUusAQBzl4NgddC1umZpihZkL1b1MffZAUW3EGEXi7KHnllQhkTLLsQ8ntMgbylqaJKStqaXlLvdeRJcEnUuiFCrHEVVbXRFZR7XVDZ02CE5o3MuaRPty8Kh+jRTF3COlAckHwYEJCNNJvXFgb2CNXL4mjzYDw== test@localhost]
    23:45:52.254 | 566 localvc.event-13 | DEBUG | s.l.LocalCIWebsocketMessagingService : Sending message on topic /topic/admin/build-agents: [BuildAgentInformation[buildAgent=BuildAgentDTO[name=artemis-build-agent-test, memberAddress=[127.0.0.1]:5703, displayName=artemis-build-agent-test], maxNumberOfConcurrentBuildJobs=1, numberOfCurrentBuildJobs=0, runningBuildJobs=[], status=IDLE, recentBuildJobs=null, publicSshKey=null]]
    23:45:52.255 | 566 localvc.event-13 | DEBUG | s.l.LocalCIWebsocketMessagingService : Sending message on topic /topic/admin/build-agent/artemis-build-agent-test: BuildAgentInformation[buildAgent=BuildAgentDTO[name=artemis-build-agent-test, memberAddress=[127.0.0.1]:5703, displayName=artemis-build-agent-test], maxNumberOfConcurrentBuildJobs=1, numberOfCurrentBuildJobs=0, runningBuildJobs=[], status=IDLE, recentBuildJobs=[BuildJobQueueItem[id=19141739576708030, name=SHORT5F02A8F400311042E70858306EB148073CFDTSTEXC-LOCALVCINTSTUDENT1, buildAgent=BuildAgentDTO[name=artemis-build-agent-test, memberAddress=[127.0.0.1]:5703, displayName=artemis-build-agent-test], participationId=1914, courseId=947, exerciseId=2564, retryCount=0, priority=2, status=FAILED, repositoryInfo=RepositoryInfo[repositoryName=short5f02a8f400311042e70858306eb148073cfdtstexc-localvcintstudent1, repositoryType=user, triggeredByPushTo=user, assignmentRepositoryUri=http://localhost:49152/git/SHORT5F02A8F400311042E70858306EB148073CFDTSTEXC/short5f02a8f400311042e70858306eb148073cfdtstexc-localvcintstudent1.git, testRepositoryUri=http://localhost:49152/git/SHORT5F02A8F400311042E70858306EB148073CFDTSTEXC/short5f02a8f400311042e70858306eb148073cfdtstexc-tests.git, solutionRepositoryUri=null, auxiliaryRepositoryUris=[Ljava.lang.String;@703749b9, auxiliaryRepositoryCheckoutDirectories=[Ljava.lang.String;@ca74ad3], jobTimingInfo=JobTimingInfo[submissionDate=2025-02-14T23:45:08.030118216Z[Etc/UTC], buildStartDate=2025-02-14T23:45:08.041011412Z[Etc/UTC], buildCompletionDate=2025-02-14T23:45:08.054603331Z[Etc/UTC], estimatedCompletionDate=2025-02-14T23:45:27.041005080Z[Etc/UTC], estimatedDuration=19], buildConfig=BuildConfig[buildScript=#!/bin/bash
cd /var/tmp/testing-dir
chmod +x ./gradlew
./gradlew clean test
, dockerImage=dummy-docker-image:latest, commitHashToBuild=6e7146cac5059504aa9d170ec3fa23aec740bb51, assignmentCommitHash=6e7146cac5059504aa9d170ec3fa23aec740bb51, testCommitHash=931e5303581c7a2f01339ba603cfafbfe668b901, branch=main, programmingLanguage=JAVA, projectType=PLAIN_GRADLE, scaEnabled=false, sequentialTestRunsEnabled=false, resultPaths=[/var/tmp/testing-dir/**/test-results/test/*.xml], timeoutSeconds=0, assignmentCheckoutPath=null, testCheckoutPath=null, solutionCheckoutPath=null, dockerRunConfig=null], submissionResult=ResultDTO[id=622, completionDate=2025-02-14T23:45:08.054683681Z[Etc/UTC], successful=false, score=0.0, rated=true, submission=SubmissionDTO[id=814, submitted=true, type=MANUAL, exampleSubmission=null, submissionDate=2025-02-14T23:45:08.016200Z, commitHash=6e7146cac5059504aa9d170ec3fa23aec740bb51, buildFailed=true, buildArtifact=false, participation=ParticipationDTO[id=1914, testRun=false, type=programming, submissionCount=null, exercise=ParticipationExerciseDTO[id=2564, exerciseType=PROGRAMMING, type=programming, assessmentType=AUTOMATIC, dueDate=2025-02-16T23:45:07.324348Z, assessmentDueDate=null, maxPoints=42.0, course=CourseDTO[id=947, accuracyOfScores=1]]], submissionExerciseType=programming, isProcessing=false, buildStartDate=null, estimatedCompletionDate=null], participation=ParticipationDTO[id=1914, testRun=false, type=programming, submissionCount=null, exercise=ParticipationExerciseDTO[id=2564, exerciseType=PROGRAMMING, type=programming, assessmentType=AUTOMATIC, dueDate=2025-02-16T23:45:07.324348Z, assessmentDueDate=null, maxPoints=42.0, course=CourseDTO[id=947, accuracyOfScores=1]]], feedbacks=[], assessmentType=AUTOMATIC, hasComplaint=null, exampleResult=null, testCaseCount=0, passedTestCaseCount=0, codeIssueCount=0]], BuildJobQueueItem[id=19361739576711303, name=SHORT9AFDAE3804CA304DDF0889A0CB0F56104A86TSTEXC-LOCALVCINTSTUDENT1, buildAgent=BuildAgentDTO[name=artemis-build-agent-test, memberAddress=[127.0.0.1]:5703, displayName=artemis-build-agent-test], participationId=1936, courseId=956, exerciseId=2573, retryCount=0, priority=2, status=FAILED, repositoryInfo=RepositoryInfo[repositoryName=short9afdae3804ca304ddf0889a0cb0f56104a86tstexc-localvcintstudent1, repositoryType=user, triggeredByPushTo=user, assignmentRepositoryUri=http://localhost:49152/git/SHORT9AFDAE3804CA304DDF0889A0CB0F56104A86TSTEXC/short9afdae3804ca304ddf0889a0cb0f56104a86tstexc-localvcintstudent1.git, testRepositoryUri=http://localhost:49152/git/SHORT9AFDAE3804CA304DDF0889A0CB0F56104A86TSTEXC/short9afdae3804ca304ddf0889a0cb0f56104a86tstexc-tests.git, solutionRepositoryUri=null, auxiliaryRepositoryUris=[Ljava.lang.String;@4a8163ba, auxiliaryRepositoryCheckoutDirectories=[Ljava.lang.String;@b304d90], jobTimingInfo=JobTimingInfo[submissionDate=2025-02-14T23:45:11.303805653Z[Etc/UTC], buildStartDate=2025-02-14T23:45:11.310981356Z[Etc/UTC], buildCompletionDate=2025-02-14T23:45:11.319178384Z[Etc/UTC], estimatedCompletionDate=2025-02-14T23:45:30.310974944Z[Etc/UTC], estimatedDuration=19], buildConfig=BuildConfig[buildScript=#!/bin/bash
cd /var/tmp/testing-dir
chmod +x ./gradlew
./gradlew clean test
, dockerImage=dummy-docker-image:latest, commitHashToBuild=a1099e378cffde441ef85f9b12577ca174b8e1e4, assignmentCommitHash=a1099e378cffde441ef85f9b12577ca174b8e1e4, testCommitHash=bd38d61c299ab11a1dea82a3ca5493fe04d97d47, branch=main, programmingLanguage=JAVA, projectType=PLAIN_GRADLE, scaEnabled=false, sequentialTestRunsEnabled=false, resultPaths=[/var/tmp/testing-dir/**/test-results/test/*.xml], timeoutSeconds=0, assignmentCheckoutPath=null, testCheckoutPath=null, solutionCheckoutPath=null, dockerRunConfig=null], submissionResult=ResultDTO[id=623, completionDate=2025-02-14T23:45:11.319278430Z[Etc/UTC], successful=false, score=0.0, rated=true, submission=SubmissionDTO[id=815, submitted=true, type=MANUAL, exampleSubmission=null, submissionDate=2025-02-14T23:45:11.294386Z, commitHash=a1099e378cffde441ef85f9b12577ca174b8e1e4, buildFailed=true, buildArtifact=false, participation=ParticipationDTO[id=1936, testRun=false, type=programming, submissionCount=null, exercise=ParticipationExerciseDTO[id=2573, exerciseType=PROGRAMMING, type=programming, assessmentType=AUTOMATIC, dueDate=2025-02-16T23:45:10.996982Z, assessmentDueDate=null, maxPoints=42.0, course=CourseDTO[id=956, accuracyOfScores=1]]], submissionExerciseType=programming, isProcessing=false, buildStartDate=null, estimatedCompletionDate=null], participation=ParticipationDTO[id=1936, testRun=false, type=programming, submissionCount=null, exercise=ParticipationExerciseDTO[id=2573, exerciseType=PROGRAMMING, type=programming, assessmentType=AUTOMATIC, dueDate=2025-02-16T23:45:10.996982Z, assessmentDueDate=null, maxPoints=42.0, course=CourseDTO[id=956, accuracyOfScores=1]]], feedbacks=[], assessmentType=AUTOMATIC, hasComplaint=null, exampleResult=null, testCaseCount=0, passedTestCaseCount=0, codeIssueCount=0]], BuildJobQueueItem[id=19351739576711674, name=SHORT9AFDAE3804CA304DDF0889A0CB0F56104A86TSTEXC-BASE, buildAgent=BuildAgentDTO[name=artemis-build-agent-test, memberAddress=[127.0.0.1]:5703, displayName=artemis-build-agent-test], participationId=1935, courseId=956, exerciseId=2573, retryCount=0, priority=2, status=FAILED, repositoryInfo=RepositoryInfo[repositoryName=short9afdae3804ca304ddf0889a0cb0f56104a86tstexc-exercise, repositoryType=exercise, triggeredByPushTo=exercise, assignmentRepositoryUri=http://localhost:49152/git/SHORT9AFDAE3804CA304DDF0889A0CB0F56104A86TSTEXC/short9afdae3804ca304ddf0889a0cb0f56104a86tstexc-exercise.git, testRepositoryUri=http://localhost:49152/git/SHORT9AFDAE3804CA304DDF0889A0CB0F56104A86TSTEXC/short9afdae3804ca304ddf0889a0cb0f56104a86tstexc-tests.git, solutionRepositoryUri=null, auxiliaryRepositoryUris=[Ljava.lang.String;@4180b7ce, auxiliaryRepositoryCheckoutDirectories=[Ljava.lang.String;@77c78cff], jobTimingInfo=JobTimingInfo[submissionDate=2025-02-14T23:45:11.674556681Z[Etc/UTC], buildStartDate=2025-02-14T23:45:11.677776879Z[Etc/UTC], buildCompletionDate=2025-02-14T23:45:11.688097378Z[Etc/UTC], estimatedCompletionDate=2025-02-14T23:45:30.677771620Z[Etc/UTC], estimatedDuration=19], buildConfig=BuildConfig[buildScript=#!/bin/bash
cd /var/tmp/testing-dir
chmod +x ./gradlew
./gradlew clean test
, dockerImage=dummy-docker-image:latest, commitHashToBuild=a1099e378cffde441ef85f9b12577ca174b8e1e4, assignmentCommitHash=a1099e378cffde441ef85f9b12577ca174b8e1e4, testCommitHash=bd38d61c299ab11a1dea82a3ca5493fe04d97d47, branch=main, programmingLanguage=JAVA, projectType=PLAIN_GRADLE, scaEnabled=false, sequentialTestRunsEnabled=false, resultPaths=[/var/tmp/testing-dir/**/test-results/test/*.xml], timeoutSeconds=0, assignmentCheckoutPath=null, testCheckoutPath=null, solutionCheckoutPath=null, dockerRunConfig=null], submissionResult=ResultDTO[id=624, completionDate=2025-02-14T23:45:11.688214837Z[Etc/UTC], successful=false, score=0.0, rated=true, submission=SubmissionDTO[id=816, submitted=true, type=MANUAL, exampleSubmission=null, submissionDate=2025-02-14T23:45:11.656934Z, commitHash=a1099e378cffde441ef85f9b12577ca174b8e1e4, buildFailed=true, buildArtifact=false, participation=ParticipationDTO[id=1935, testRun=false, type=template, submissionCount=null, exercise=ParticipationExerciseDTO[id=2573, exerciseType=PROGRAMMING, type=programming, assessmentType=AUTOMATIC, dueDate=2025-02-16T23:45:10.996982Z, assessmentDueDate=null, maxPoints=42.0, course=CourseDTO[id=956, accuracyOfScores=1]]], submissionExerciseType=programming, isProcessing=false, buildStartDate=null, estimatedCompletionDate=null], participation=ParticipationDTO[id=1935, testRun=false, type=template, submissionCount=null, exercise=ParticipationExerciseDTO[id=2573, exerciseType=PROGRAMMING, type=programming, assessmentType=AUTOMATIC, dueDate=2025-02-16T23:45:10.996982Z, assessmentDueDate=null, maxPoints=42.0, course=CourseDTO[id=956, accuracyOfScores=1]]], feedbacks=[], assessmentType=AUTOMATIC, hasComplaint=null, exampleResult=null, testCaseCount=0, passedTestCaseCount=0, codeIssueCount=0]], BuildJobQueueItem[id=19341739576712112, name=SHORT9AFDAE3804CA304DDF0889A0CB0F56104A86TSTEXC-SOLUTION, buildAgent=BuildAgentDTO[name=artemis-build-agent-test, memberAddress=[127.0.0.1]:5703, displayName=artemis-build-agent-test], participationId=1934, courseId=956, exerciseId=2573, retryCount=0, priority=2, status=FAILED, repositoryInfo=RepositoryInfo[repositoryName=short9afdae3804ca304ddf0889a0cb0f56104a86tstexc-solution, repositoryType=solution, triggeredByPushTo=solution, assignmentRepositoryUri=http://localhost:49152/git/SHORT9AFDAE3804CA304DDF0889A0CB0F56104A86TSTEXC/short9afdae3804ca304ddf0889a0cb0f56104a86tstexc-solution.git, testRepositoryUri=http://localhost:49152/git/SHORT9AFDAE3804CA304DDF0889A0CB0F56104A86TSTEXC/short9afdae3804ca304ddf0889a0cb0f56104a86tstexc-tests.git, solutionRepositoryUri=null, auxiliaryRepositoryUris=[Ljava.lang.String;@361aad0e, auxiliaryRepositoryCheckoutDirectories=[Ljava.lang.String;@3fcf3a90], jobTimingInfo=JobTimingInfo[submissionDate=2025-02-14T23:45:12.112332872Z[Etc/UTC], buildStartDate=2025-02-14T23:45:12.121617114Z[Etc/UTC], buildCompletionDate=2025-02-14T23:45:12.127931701Z[Etc/UTC], estimatedCompletionDate=2025-02-14T23:45:31.121609600Z[Etc/UTC], estimatedDuration=19], buildConfig=BuildConfig[buildScript=#!/bin/bash
cd /var/tmp/testing-dir
chmod +x ./gradlew
./gradlew clean test
, dockerImage=dummy-docker-image:latest, commitHashToBuild=a1099e378cffde441ef85f9b12577ca174b8e1e4, assignmentCommitHash=a1099e378cffde441ef85f9b12577ca174b8e1e4, testCommitHash=bd38d61c299ab11a1dea82a3ca5493fe04d97d47, branch=main, programmingLanguage=JAVA, projectType=PLAIN_GRADLE, scaEnabled=false, sequentialTestRunsEnabled=false, resultPaths=[/var/tmp/testing-dir/**/test-results/test/*.xml], timeoutSeconds=0, assignmentCheckoutPath=null, testCheckoutPath=null, solutionCheckoutPath=null, dockerRunConfig=null], submissionResult=ResultDTO[id=625, completionDate=2025-02-14T23:45:12.128011800Z[Etc/UTC], successful=false, score=0.0, rated=true, submission=SubmissionDTO[id=817, submitted=true, type=MANUAL, exampleSubmission=null, submissionDate=2025-02-14T23:45:12.098737Z, commitHash=a1099e378cffde441ef85f9b12577ca174b8e1e4, buildFailed=true, buildArtifact=false, participation=ParticipationDTO[id=1934, testRun=false, type=solution, submissionCount=null, exercise=ParticipationExerciseDTO[id=2573, exerciseType=PROGRAMMING, type=programming, assessmentType=AUTOMATIC, dueDate=2025-02-16T23:45:10.996982Z, assessmentDueDate=null, maxPoints=42.0, course=CourseDTO[id=956, accuracyOfScores=1]]], submissionExerciseType=programming, isProcessing=false, buildStartDate=null, estimatedCompletionDate=null], participation=ParticipationDTO[id=1934, testRun=false, type=solution, submissionCount=null, exercise=ParticipationExerciseDTO[id=2573, exerciseType=PROGRAMMING, type=programming, assessmentType=AUTOMATIC, dueDate=2025-02-16T23:45:10.996982Z, assessmentDueDate=null, maxPoints=42.0, course=CourseDTO[id=956, accuracyOfScores=1]]], feedbacks=[], assessmentType=AUTOMATIC, hasComplaint=null, exampleResult=null, testCaseCount=0, passedTestCaseCount=0, codeIssueCount=0]], BuildJobQueueItem[id=19341739576713025, name=SHORT9AFDAE3804CA304DDF0889A0CB0F56104A86TSTEXC-SOLUTION, buildAgent=BuildAgentDTO[name=artemis-build-agent-test, memberAddress=[127.0.0.1]:5703, displayName=artemis-build-agent-test], participationId=1934, courseId=956, exerciseId=2573, retryCount=0, priority=2, status=FAILED, repositoryInfo=RepositoryInfo[repositoryName=short9afdae3804ca304ddf0889a0cb0f56104a86tstexc-solution, repositoryType=solution, triggeredByPushTo=tests, assignmentRepositoryUri=http://localhost:49152/git/SHORT9AFDAE3804CA304DDF0889A0CB0F56104A86TSTEXC/short9afdae3804ca304ddf0889a0cb0f56104a86tstexc-solution.git, testRepositoryUri=http://localhost:49152/git/SHORT9AFDAE3804CA304DDF0889A0CB0F56104A86TSTEXC/short9afdae3804ca304ddf0889a0cb0f56104a86tstexc-tests.git, solutionRepositoryUri=null, auxiliaryRepositoryUris=[Ljava.lang.String;@7b35d460, auxiliaryRepositoryCheckoutDirectories=[Ljava.lang.String;@30de0f8d], jobTimingInfo=JobTimingInfo[submissionDate=2025-02-14T23:45:13.025319671Z[Etc/UTC], buildStartDate=2025-02-14T23:45:13.040293146Z[Etc/UTC], buildCompletionDate=2025-02-14T23:45:13.053032917Z[Etc/UTC], estimatedCompletionDate=2025-02-14T23:45:32.040285703Z[Etc/UTC], estimatedDuration=19], buildConfig=BuildConfig[buildScript=#!/bin/bash
cd /var/tmp/testing-dir
chmod +x ./gradlew
./gradlew clean test
, dockerImage=dummy-docker-image:latest, commitHashToBuild=784f8f0049d2a1a54f21c67dd772bea86715267a, assignmentCommitHash=a1099e378cffde441ef85f9b12577ca174b8e1e4, testCommitHash=784f8f0049d2a1a54f21c67dd772bea86715267a, branch=main, programmingLanguage=JAVA, projectType=PLAIN_GRADLE, scaEnabled=false, sequentialTestRunsEnabled=false, resultPaths=[/var/tmp/testing-dir/**/test-results/test/*.xml], timeoutSeconds=0, assignmentCheckoutPath=null, testCheckoutPath=null, solutionCheckoutPath=null, dockerRunConfig=null], submissionResult=ResultDTO[id=626, completionDate=2025-02-14T23:45:13.053131811Z[Etc/UTC], successful=false, score=0.0, rated=true, submission=SubmissionDTO[id=818, submitted=true, type=TEST, exampleSubmission=null, submissionDate=2025-02-14T23:45:13.005779Z, commitHash=784f8f0049d2a1a54f21c67dd772bea86715267a, buildFailed=true, buildArtifact=false, participation=ParticipationDTO[id=1934, testRun=false, type=solution, submissionCount=null, exercise=ParticipationExerciseDTO[id=2573, exerciseType=PROGRAMMING, type=programming, assessmentType=AUTOMATIC, dueDate=2025-02-16T23:45:10.996982Z, assessmentDueDate=null, maxPoints=42.0, course=CourseDTO[id=956, accuracyOfScores=1]]], submissionExerciseType=programming, isProcessing=false, buildStartDate=null, estimatedCompletionDate=null], participation=ParticipationDTO[id=1934, testRun=false, type=solution, submissionCount=null, exercise=ParticipationExerciseDTO[id=2573, exerciseType=PROGRAMMING, type=programming, assessmentType=AUTOMATIC, dueDate=2025-02-16T23:45:10.996982Z, assessmentDueDate=null, maxPoints=42.0, course=CourseDTO[id=956, accuracyOfScores=1]]], feedbacks=[], assessmentType=AUTOMATIC, hasComplaint=null, exampleResult=null, testCaseCount=0, passedTestCaseCount=0, codeIssueCount=0]], BuildJobQueueItem[id=19581739576715555, name=SHORTC1A3F9FC03D2304B4308FA20AF16D54AAA49TSTEXC-LOCALVCSSHINTSTUDENT1, buildAgent=BuildAgentDTO[name=artemis-build-agent-test, memberAddress=[127.0.0.1]:5703, displayName=artemis-build-agent-test], participationId=1958, courseId=965, exerciseId=2582, retryCount=0, priority=2, status=FAILED, repositoryInfo=RepositoryInfo[repositoryName=shortc1a3f9fc03d2304b4308fa20af16d54aaa49tstexc-localvcsshintstudent1, repositoryType=user, triggeredByPushTo=user, assignmentRepositoryUri=http://localhost:49152/git/SHORTC1A3F9FC03D2304B4308FA20AF16D54AAA49TSTEXC/shortc1a3f9fc03d2304b4308fa20af16d54aaa49tstexc-localvcsshintstudent1.git, testRepositoryUri=http://localhost:49152/git/SHORTC1A3F9FC03D2304B4308FA20AF16D54AAA49TSTEXC/shortc1a3f9fc03d2304b4308fa20af16d54aaa49tstexc-tests.git, solutionRepositoryUri=null, auxiliaryRepositoryUris=[Ljava.lang.String;@534fa645, auxiliaryRepositoryCheckoutDirectories=[Ljava.lang.String;@15921d06], jobTimingInfo=JobTimingInfo[submissionDate=2025-02-14T23:45:15.555989584Z[Etc/UTC], buildStartDate=2025-02-14T23:45:15.568477627Z[Etc/UTC], buildCompletionDate=2025-02-14T23:45:15.579021148Z[Etc/UTC], estimatedCompletionDate=2025-02-14T23:45:34.568443924Z[Etc/UTC], estimatedDuration=19], buildConfig=BuildConfig[buildScript=#!/bin/bash
cd /var/tmp/testing-dir
chmod +x ./gradlew
./gradlew clean test
, dockerImage=dummy-docker-image:latest, commitHashToBuild=ca76dac20e040e6609db02fd7fedd56bf58829d7, assignmentCommitHash=ca76dac20e040e6609db02fd7fedd56bf58829d7, testCommitHash=bd0d58c226dc63bfa4bc9052870589952c0a1f83, branch=main, programmingLanguage=JAVA, projectType=PLAIN_GRADLE, scaEnabled=false, sequentialTestRunsEnabled=false, resultPaths=[/var/tmp/testing-dir/**/test-results/test/*.xml], timeoutSeconds=0, assignmentCheckoutPath=null, testCheckoutPath=null, solutionCheckoutPath=null, dockerRunConfig=null], submissionResult=ResultDTO[id=627, completionDate=2025-02-14T23:45:15.579119131Z[Etc/UTC], successful=false, score=0.0, rated=true, submission=SubmissionDTO[id=820, submitted=true, type=MANUAL, exampleSubmission=null, submissionDate=2025-02-14T23:45:15.548349Z, commitHash=ca76dac20e040e6609db02fd7fedd56bf58829d7, buildFailed=true, buildArtifact=false, participation=ParticipationDTO[id=1958, testRun=false, type=programming, submissionCount=null, exercise=ParticipationExerciseDTO[id=2582, exerciseType=PROGRAMMING, type=programming, assessmentType=AUTOMATIC, dueDate=2025-02-16T23:45:15.103512Z, assessmentDueDate=null, maxPoints=42.0, course=CourseDTO[id=965, accuracyOfScores=1]]], submissionExerciseType=programming, isProcessing=false, buildStartDate=null, estimatedCompletionDate=null], participation=ParticipationDTO[id=1958, testRun=false, type=programming, submissionCount=null, exercise=ParticipationExerciseDTO[id=2582, exerciseType=PROGRAMMING, type=programming, assessmentType=AUTOMATIC, dueDate=2025-02-16T23:45:15.103512Z, assessmentDueDate=null, maxPoints=42.0, course=CourseDTO[id=965, accuracyOfScores=1]]], feedbacks=[], assessmentType=AUTOMATIC, hasComplaint=null, exampleResult=null, testCaseCount=0, passedTestCaseCount=0, codeIssueCount=0]], BuildJobQueueItem[id=19801739576719393, name=SHORTB2A6C58B0D447045380A858075B170A5B7C6TSTEXC-LOCALVCSSHINTSTUDENT1, buildAgent=BuildAgentDTO[name=artemis-build-agent-test, memberAddress=[127.0.0.1]:5703, displayName=artemis-build-agent-test], participationId=1980, courseId=974, exerciseId=2591, retryCount=0, priority=2, status=FAILED, repositoryInfo=RepositoryInfo[repositoryName=shortb2a6c58b0d447045380a858075b170a5b7c6tstexc-localvcsshintstudent1, repositoryType=user, triggeredByPushTo=user, assignmentRepositoryUri=http://localhost:49152/git/SHORTB2A6C58B0D447045380A858075B170A5B7C6TSTEXC/shortb2a6c58b0d447045380a858075b170a5b7c6tstexc-localvcsshintstudent1.git, testRepositoryUri=http://localhost:49152/git/SHORTB2A6C58B0D447045380A858075B170A5B7C6TSTEXC/shortb2a6c58b0d447045380a858075b170a5b7c6tstexc-tests.git, solutionRepositoryUri=null, auxiliaryRepositoryUris=[Ljava.lang.String;@40d15d00, auxiliaryRepositoryCheckoutDirectories=[Ljava.lang.String;@b380f0], jobTimingInfo=JobTimingInfo[submissionDate=2025-02-14T23:45:19.393259829Z[Etc/UTC], buildStartDate=2025-02-14T23:45:19.405438171Z[Etc/UTC], buildCompletionDate=2025-02-14T23:45:19.414070673Z[Etc/UTC], estimatedCompletionDate=2025-02-14T23:45:38.405431569Z[Etc/UTC], estimatedDuration=19], buildConfig=BuildConfig[buildScript=#!/bin/bash
cd /var/tmp/testing-dir
chmod +x ./gradlew
./gradlew clean test
, dockerImage=dummy-docker-image:latest, commitHashToBuild=363cdbf709a9fff149f813ab848ee800a675cc77, assignmentCommitHash=363cdbf709a9fff149f813ab848ee800a675cc77, testCommitHash=a5e046ece417b2e538f21f816e2524dab61e0d10, branch=main, programmingLanguage=JAVA, projectType=PLAIN_GRADLE, scaEnabled=false, sequentialTestRunsEnabled=false, resultPaths=[/var/tmp/testing-dir/**/test-results/test/*.xml], timeoutSeconds=0, assignmentCheckoutPath=null, testCheckoutPath=null, solutionCheckoutPath=null, dockerRunConfig=null], submissionResult=ResultDTO[id=628, completionDate=2025-02-14T23:45:19.414171040Z[Etc/UTC], successful=false, score=0.0, rated=true, submission=SubmissionDTO[id=821, submitted=true, type=MANUAL, exampleSubmission=null, submissionDate=2025-02-14T23:45:19.376840Z, commitHash=363cdbf709a9fff149f813ab848ee800a675cc77, buildFailed=true, buildArtifact=false, participation=ParticipationDTO[id=1980, testRun=false, type=programming, submissionCount=null, exercise=ParticipationExerciseDTO[id=2591, exerciseType=PROGRAMMING, type=programming, assessmentType=AUTOMATIC, dueDate=2025-02-16T23:45:18.950569Z, assessmentDueDate=null, maxPoints=42.0, course=CourseDTO[id=974, accuracyOfScores=1]]], submissionExerciseType=programming, isProcessing=false, buildStartDate=null, estimatedCompletionDate=null], participation=ParticipationDTO[id=1980, testRun=false, type=programming, submissionCount=null, exercise=ParticipationExerciseDTO[id=2591, exerciseType=PROGRAMMING, type=programming, assessmentType=AUTOMATIC, dueDate=2025-02-16T23:45:18.950569Z, assessmentDueDate=null, maxPoints=42.0, course=CourseDTO[id=974, accuracyOfScores=1]]], feedbacks=[], assessmentType=AUTOMATIC, hasComplaint=null, exampleResult=null, testCaseCount=0, passedTestCaseCount=0, codeIssueCount=0]], BuildJobQueueItem[id=19791739576719787, name=SHORTB2A6C58B0D447045380A858075B170A5B7C6TSTEXC-BASE, buildAgent=BuildAgentDTO[name=artemis-build-agent-test, memberAddress=[127.0.0.1]:5703, displayName=artemis-build-agent-test], participationId=1979, courseId=974, exerciseId=2591, retryCount=0, priority=2, status=FAILED, repositoryInfo=RepositoryInfo[repositoryName=shortb2a6c58b0d447045380a858075b170a5b7c6tstexc-exercise, repositoryType=exercise, triggeredByPushTo=exercise, assignmentRepositoryUri=http://localhost:49152/git/SHORTB2A6C58B0D447045380A858075B170A5B7C6TSTEXC/shortb2a6c58b0d447045380a858075b170a5b7c6tstexc-exercise.git, testRepositoryUri=http://localhost:49152/git/SHORTB2A6C58B0D447045380A858075B170A5B7C6TSTEXC/shortb2a6c58b0d447045380a858075b170a5b7c6tstexc-tests.git, solutionRepositoryUri=null, auxiliaryRepositoryUris=[Ljava.lang.String;@2e60732d, auxiliaryRepositoryCheckoutDirectories=[Ljava.lang.String;@2b9f31ca], jobTimingInfo=JobTimingInfo[submissionDate=2025-02-14T23:45:19.787985058Z[Etc/UTC], buildStartDate=2025-02-14T23:45:19.796327417Z[Etc/UTC], buildCompletionDate=2025-02-14T23:45:19.799750982Z[Etc/UTC], estimatedCompletionDate=2025-02-14T23:45:38.796319082Z[Etc/UTC], estimatedDuration=19], buildConfig=BuildConfig[buildScript=#!/bin/bash
cd /var/tmp/testing-dir
chmod +x ./gradlew
./gradlew clean test
, dockerImage=dummy-docker-image:latest, commitHashToBuild=363cdbf709a9fff149f813ab848ee800a675cc77, assignmentCommitHash=363cdbf709a9fff149f813ab848ee800a675cc77, testCommitHash=a5e046ece417b2e538f21f816e2524dab61e0d10, branch=main, programmingLanguage=JAVA, projectType=PLAIN_GRADLE, scaEnabled=false, sequentialTestRunsEnabled=false, resultPaths=[/var/tmp/testing-dir/**/test-results/test/*.xml], timeoutSeconds=0, assignmentCheckoutPath=null, testCheckoutPath=null, solutionCheckoutPath=null, dockerRunConfig=null], submissionResult=ResultDTO[id=629, completionDate=2025-02-14T23:45:19.799820341Z[Etc/UTC], successful=false, score=0.0, rated=true, submission=SubmissionDTO[id=822, submitted=true, type=MANUAL, exampleSubmission=null, submissionDate=2025-02-14T23:45:19.775952Z, commitHash=363cdbf709a9fff149f813ab848ee800a675cc77, buildFailed=true, buildArtifact=false, participation=ParticipationDTO[id=1979, testRun=false, type=template, submissionCount=null, exercise=ParticipationExerciseDTO[id=2591, exerciseType=PROGRAMMING, type=programming, assessmentType=AUTOMATIC, dueDate=2025-02-16T23:45:18.950569Z, assessmentDueDate=null, maxPoints=42.0, course=CourseDTO[id=974, accuracyOfScores=1]]], submissionExerciseType=programming, isProcessing=false, buildStartDate=null, estimatedCompletionDate=null], participation=ParticipationDTO[id=1979, testRun=false, type=template, submissionCount=null, exercise=ParticipationExerciseDTO[id=2591, exerciseType=PROGRAMMING, type=programming, assessmentType=AUTOMATIC, dueDate=2025-02-16T23:45:18.950569Z, assessmentDueDate=null, maxPoints=42.0, course=CourseDTO[id=974, accuracyOfScores=1]]], feedbacks=[], assessmentType=AUTOMATIC, hasComplaint=null, exampleResult=null, testCaseCount=0, passedTestCaseCount=0, codeIssueCount=0]], BuildJobQueueItem[id=19781739576720235, name=SHORTB2A6C58B0D447045380A858075B170A5B7C6TSTEXC-SOLUTION, buildAgent=BuildAgentDTO[name=artemis-build-agent-test, memberAddress=[127.0.0.1]:5703, displayName=artemis-build-agent-test], participationId=1978, courseId=974, exerciseId=2591, retryCount=0, priority=2, status=FAILED, repositoryInfo=RepositoryInfo[repositoryName=shortb2a6c58b0d447045380a858075b170a5b7c6tstexc-solution, repositoryType=solution, triggeredByPushTo=solution, assignmentRepositoryUri=http://localhost:49152/git/SHORTB2A6C58B0D447045380A858075B170A5B7C6TSTEXC/shortb2a6c58b0d447045380a858075b170a5b7c6tstexc-solution.git, testRepositoryUri=http://localhost:49152/git/SHORTB2A6C58B0D447045380A858075B170A5B7C6TSTEXC/shortb2a6c58b0d447045380a858075b170a5b7c6tstexc-tests.git, solutionRepositoryUri=null, auxiliaryRepositoryUris=[Ljava.lang.String;@61ec50e4, auxiliaryRepositoryCheckoutDirectories=[Ljava.lang.String;@7dc4e829], jobTimingInfo=JobTimingInfo[submissionDate=2025-02-14T23:45:20.235272325Z[Etc/UTC], buildStartDate=2025-02-14T23:45:20.243033812Z[Etc/UTC], buildCompletionDate=2025-02-14T23:45:20.250721018Z[Etc/UTC], estimatedCompletionDate=2025-02-14T23:45:39.243026949Z[Etc/UTC], estimatedDuration=19], buildConfig=BuildConfig[buildScript=#!/bin/bash
cd /var/tmp/testing-dir
chmod +x ./gradlew
./gradlew clean test
, dockerImage=dummy-docker-image:latest, commitHashToBuild=c710d0e68c9c7db8cda7d1a278308de2b9642cc0, assignmentCommitHash=c710d0e68c9c7db8cda7d1a278308de2b9642cc0, testCommitHash=a5e046ece417b2e538f21f816e2524dab61e0d10, branch=main, programmingLanguage=JAVA, projectType=PLAIN_GRADLE, scaEnabled=false, sequentialTestRunsEnabled=false, resultPaths=[/var/tmp/testing-dir/**/test-results/test/*.xml], timeoutSeconds=0, assignmentCheckoutPath=null, testCheckoutPath=null, solutionCheckoutPath=null, dockerRunConfig=null], submissionResult=ResultDTO[id=630, completionDate=2025-02-14T23:45:20.250809893Z[Etc/UTC], successful=false, score=0.0, rated=true, submission=SubmissionDTO[id=823, submitted=true, type=MANUAL, exampleSubmission=null, submissionDate=2025-02-14T23:45:20.211707Z, commitHash=c710d0e68c9c7db8cda7d1a278308de2b9642cc0, buildFailed=true, buildArtifact=false, participation=ParticipationDTO[id=1978, testRun=false, type=solution, submissionCount=null, exercise=ParticipationExerciseDTO[id=2591, exerciseType=PROGRAMMING, type=programming, assessmentType=AUTOMATIC, dueDate=2025-02-16T23:45:18.950569Z, assessmentDueDate=null, maxPoints=42.0, course=CourseDTO[id=974, accuracyOfScores=1]]], submissionExerciseType=programming, isProcessing=false, buildStartDate=null, estimatedCompletionDate=null], participation=ParticipationDTO[id=1978, testRun=false, type=solution, submissionCount=null, exercise=ParticipationExerciseDTO[id=2591, exerciseType=PROGRAMMING, type=programming, assessmentType=AUTOMATIC, dueDate=2025-02-16T23:45:18.950569Z, assessmentDueDate=null, maxPoints=42.0, course=CourseDTO[id=974, accuracyOfScores=1]]], feedbacks=[], assessmentType=AUTOMATIC, hasComplaint=null, exampleResult=null, testCaseCount=0, passedTestCaseCount=0, codeIssueCount=0]], BuildJobQueueItem[id=19781739576720802, name=SHORTB2A6C58B0D447045380A858075B170A5B7C6TSTEXC-SOLUTION, buildAgent=BuildAgentDTO[name=artemis-build-agent-test, memberAddress=[127.0.0.1]:5703, displayName=artemis-build-agent-test], participationId=1978, courseId=974, exerciseId=2591, retryCount=0, priority=2, status=FAILED, repositoryInfo=RepositoryInfo[repositoryName=shortb2a6c58b0d447045380a858075b170a5b7c6tstexc-solution, repositoryType=solution, triggeredByPushTo=tests, assignmentRepositoryUri=http://localhost:49152/git/SHORTB2A6C58B0D447045380A858075B170A5B7C6TSTEXC/shortb2a6c58b0d447045380a858075b170a5b7c6tstexc-solution.git, testRepositoryUri=http://localhost:49152/git/SHORTB2A6C58B0D447045380A858075B170A5B7C6TSTEXC/shortb2a6c58b0d447045380a858075b170a5b7c6tstexc-tests.git, solutionRepositoryUri=null, auxiliaryRepositoryUris=[Ljava.lang.String;@509015a7, auxiliaryRepositoryCheckoutDirectories=[Ljava.lang.String;@2536f1e], jobTimingInfo=JobTimingInfo[submissionDate=2025-02-14T23:45:20.802935026Z[Etc/UTC], buildStartDate=2025-02-14T23:45:20.809306435Z[Etc/UTC], buildCompletionDate=2025-02-14T23:45:20.822452342Z[Etc/UTC], estimatedCompletionDate=2025-02-14T23:45:39.809298491Z[Etc/UTC], estimatedDuration=19], buildConfig=BuildConfig[buildScript=#!/bin/bash
cd /var/tmp/testing-dir
chmod +x ./gradlew
./gradlew clean test
, dockerImage=dummy-docker-image:latest, commitHashToBuild=c710d0e68c9c7db8cda7d1a278308de2b9642cc0, assignmentCommitHash=c710d0e68c9c7db8cda7d1a278308de2b9642cc0, testCommitHash=c710d0e68c9c7db8cda7d1a278308de2b9642cc0, branch=main, programmingLanguage=JAVA, projectType=PLAIN_GRADLE, scaEnabled=false, sequentialTestRunsEnabled=false, resultPaths=[/var/tmp/testing-dir/**/test-results/test/*.xml], timeoutSeconds=0, assignmentCheckoutPath=null, testCheckoutPath=null, solutionCheckoutPath=null, dockerRunConfig=null], submissionResult=ResultDTO[id=631, completionDate=2025-02-14T23:45:20.822527362Z[Etc/UTC], successful=false, score=0.0, rated=true, submission=SubmissionDTO[id=824, submitted=true, type=TEST, exampleSubmission=null, submissionDate=2025-02-14T23:45:20.791240Z, commitHash=c710d0e68c9c7db8cda7d1a278308de2b9642cc0, buildFailed=true, buildArtifact=false, participation=ParticipationDTO[id=1978, testRun=false, type=solution, submissionCount=null, exercise=ParticipationExerciseDTO[id=2591, exerciseType=PROGRAMMING, type=programming, assessmentType=AUTOMATIC, dueDate=2025-02-16T23:45:18.950569Z, assessmentDueDate=null, maxPoints=42.0, course=CourseDTO[id=974, accuracyOfScores=1]]], submissionExerciseType=programming, isProcessing=false, buildStartDate=null, estimatedCompletionDate=null], participation=ParticipationDTO[id=1978, testRun=false, type=solution, submissionCount=null, exercise=ParticipationExerciseDTO[id=2591, exerciseType=PROGRAMMING, type=programming, assessmentType=AUTOMATIC, dueDate=2025-02-16T23:45:18.950569Z, assessmentDueDate=null, maxPoints=42.0, course=CourseDTO[id=974, accuracyOfScores=1]]], feedbacks=[], assessmentType=AUTOMATIC, hasComplaint=null, exampleResult=null, testCaseCount=0, passedTestCaseCount=0, codeIssueCount=0]], BuildJobQueueItem[id=20061739576732554, name=SHORT94A899E303D7504C5D0840704DAAFA3DFF4DTSTEXC-LOCALVCCIINTINSTRUCTOR1, buildAgent=BuildAgentDTO[name=artemis-build-agent-test, memberAddress=[127.0.0.1]:5703, displayName=artemis-build-agent-test], participationId=2006, courseId=984, exerciseId=2601, retryCount=0, priority=2, status=SUCCESSFUL, repositoryInfo=RepositoryInfo[repositoryName=short94a899e303d7504c5d0840704daafa3dff4dtstexc-localvcciintinstructor1, repositoryType=user, triggeredByPushTo=user, assignmentRepositoryUri=http://localhost:49152/git/SHORT94A899E303D7504C5D0840704DAAFA3DFF4DTSTEXC/short94a899e303d7504c5d0840704daafa3dff4dtstexc-localvcciintinstructor1.git, testRepositoryUri=http://localhost:49152/git/SHORT94A899E303D7504C5D0840704DAAFA3DFF4DTSTEXC/short94a899e303d7504c5d0840704daafa3dff4dtstexc-tests.git, solutionRepositoryUri=null, auxiliaryRepositoryUris=[Ljava.lang.String;@13b64c0, auxiliaryRepositoryCheckoutDirectories=[Ljava.lang.String;@5b64516e], jobTimingInfo=JobTimingInfo[submissionDate=2025-02-14T23:45:32.554795798Z[Etc/UTC], buildStartDate=2025-02-14T23:45:32.567287465Z[Etc/UTC], buildCompletionDate=2025-02-14T23:45:34.535226768Z[Etc/UTC], estimatedCompletionDate=2025-02-14T23:45:51.567257960Z[Etc/UTC], estimatedDuration=19], buildConfig=BuildConfig[buildScript=#!/bin/bash
cd /var/tmp/testing-dir
chmod +x ./gradlew
./gradlew clean test
, dockerImage=dummy-docker-image:latest, commitHashToBuild=ca2dbc0ae87edf7035058a6a17c0ea60e90a290f, assignmentCommitHash=ca2dbc0ae87edf7035058a6a17c0ea60e90a290f, testCommitHash=0207f6f98af5fbb66ad68455f3fc3cf128af8ae9, branch=main, programmingLanguage=JAVA, projectType=PLAIN_GRADLE, scaEnabled=false, sequentialTestRunsEnabled=false, resultPaths=[/var/tmp/testing-dir/**/test-results/test/*.xml], timeoutSeconds=0, assignmentCheckoutPath=null, testCheckoutPath=null, solutionCheckoutPath=null, dockerRunConfig=null], submissionResult=ResultDTO[id=632, completionDate=2025-02-14T23:45:34.504415716Z[Etc/UTC], successful=false, score=7.7, rated=false, submission=SubmissionDTO[id=826, submitted=true, type=MANUAL, exampleSubmission=null, submissionDate=2025-02-14T23:45:32.541533Z, commitHash=ca2dbc0ae87edf7035058a6a17c0ea60e90a290f, buildFailed=false, buildArtifact=false, participation=ParticipationDTO[id=2006, testRun=true, type=programming, submissionCount=null, exercise=ParticipationExerciseDTO[id=2601, exerciseType=PROGRAMMING, type=programming, assessmentType=AUTOMATIC, dueDate=2025-02-16T23:45:31.864042Z, assessmentDueDate=null, maxPoints=42.0, course=CourseDTO[id=984, accuracyOfScores=1]]], submissionExerciseType=programming, isProcessing=false, buildStartDate=null, estimatedCompletionDate=null], participation=ParticipationDTO[id=2006, testRun=true, type=programming, submissionCount=null, exercise=ParticipationExerciseDTO[id=2601, exerciseType=PROGRAMMING, type=programming, assessmentType=AUTOMATIC, dueDate=2025-02-16T23:45:31.864042Z, assessmentDueDate=null, maxPoints=42.0, course=CourseDTO[id=984, accuracyOfScores=1]]], feedbacks=[FeedbackDTO[id=920, text=null, detailText=The exercise expects a class with the name Context in the package testpackage. You did not implement the class in the exercise., hasLongFeedbackText=false, reference=null, credits=0.0, positive=false, type=AUTOMATIC, visibility=ALWAYS, testCase=TestCaseDTO[testName=null, id=1357]], FeedbackDTO[id=921, text=null, detailText=The exercise expects a class with the name Policy in the package testpackage. You did not implement the class in the exercise., hasLongFeedbackText=false, reference=null, credits=0.0, positive=false, type=AUTOMATIC, visibility=ALWAYS, testCase=TestCaseDTO[testName=null, id=1358]], FeedbackDTO[id=922, text=null, detailText=The exercise expects a class with the name SortStrategy in the package testpackage. You did not implement the class in the exercise., hasLongFeedbackText=false, reference=null, credits=0.0, positive=false, type=AUTOMATIC, visibility=ALWAYS, testCase=TestCaseDTO[testName=null, id=1359]], FeedbackDTO[id=923, text=null, detailText=The class 'MergeSort' does not implement the interface 'SortStrategy' as expected. Implement the interface and its methods., hasLongFeedbackText=false, reference=null, credits=0.0, positive=false, type=AUTOMATIC, visibility=ALWAYS, testCase=TestCaseDTO[testName=null, id=1354]], FeedbackDTO[id=924, text=null, detailText=The exercise expects a class with the name SortStrategy in the package testpackage. You did not implement the class in the exercise., hasLongFeedbackText=false, reference=null, credits=0.0, positive=false, type=AUTOMATIC, visibility=ALWAYS, testCase=TestCaseDTO[testName=null, id=1351]], FeedbackDTO[id=925, text=null, detailText=The class 'BubbleSort' does not implement the interface 'SortStrategy' as expected. Implement the interface and its methods., hasLongFeedbackText=false, reference=null, credits=0.0, positive=false, type=AUTOMATIC, visibility=ALWAYS, testCase=TestCaseDTO[testName=null, id=1355]], FeedbackDTO[id=926, text=null, detailText=MergeSort does not sort correctly, hasLongFeedbackText=false, reference=null, credits=0.0, positive=false, type=AUTOMATIC, visibility=ALWAYS, testCase=TestCaseDTO[testName=null, id=1360]], FeedbackDTO[id=927, text=null, detailText=The class 'Context' was not found within the submission. Make sure to implement it properly., hasLongFeedbackText=false, reference=null, credits=0.0, positive=false, type=AUTOMATIC, visibility=ALWAYS, testCase=TestCaseDTO[testName=null, id=1361]], FeedbackDTO[id=928, text=null, detailText=The class 'Context' was not found within the submission. Make sure to implement it properly., hasLongFeedbackText=false, reference=null, credits=0.0, positive=false, type=AUTOMATIC, visibility=ALWAYS, testCase=TestCaseDTO[testName=null, id=1362]], FeedbackDTO[id=929, text=null, detailText=The exercise expects a class with the name Policy in the package testpackage. You did not implement the class in the exercise., hasLongFeedbackText=false, reference=null, credits=0.0, positive=false, type=AUTOMATIC, visibility=ALWAYS, testCase=TestCaseDTO[testName=null, id=1356]], FeedbackDTO[id=930, text=null, detailText=The exercise expects a class with the name Context in the package testpackage. You did not implement the class in the exercise., hasLongFeedbackText=false, reference=null, credits=0.0, positive=false, type=AUTOMATIC, visibility=ALWAYS, testCase=TestCaseDTO[testName=null, id=1352]], FeedbackDTO[id=931, text=null, detailText=The exercise expects a class with the name Policy in the package testpackage. You did not implement the class in the exercise., hasLongFeedbackText=false, reference=null, credits=0.0, positive=false, type=AUTOMATIC, visibility=ALWAYS, testCase=TestCaseDTO[testName=null, id=1353]], FeedbackDTO[id=932, text=null, detailText=null, hasLongFeedbackText=false, reference=null, credits=3.230769230769231, positive=true, type=AUTOMATIC, visibility=ALWAYS, testCase=TestCaseDTO[testName=null, id=1363]]], assessmentType=AUTOMATIC, hasComplaint=null, exampleResult=null, testCaseCount=13, passedTestCaseCount=1, codeIssueCount=0]], BuildJobQueueItem[id=20111739576737317, name=SHORTD49A6DAE04F9E049850BD5601663FD17A5B7TSTEXC-BASE, buildAgent=BuildAgentDTO[name=artemis-build-agent-test, memberAddress=[127.0.0.1]:5703, displayName=artemis-build-agent-test], participationId=2011, courseId=986, exerciseId=2603, retryCount=0, priority=2, status=SUCCESSFUL, repositoryInfo=RepositoryInfo[repositoryName=shortd49a6dae04f9e049850bd5601663fd17a5b7tstexc-exercise, repositoryType=exercise, triggeredByPushTo=exercise, assignmentRepositoryUri=http://localhost:49152/git/SHORTD49A6DAE04F9E049850BD5601663FD17A5B7TSTEXC/shortd49a6dae04f9e049850bd5601663fd17a5b7tstexc-exercise.git, testRepositoryUri=http://localhost:49152/git/SHORTD49A6DAE04F9E049850BD5601663FD17A5B7TSTEXC/shortd49a6dae04f9e049850bd5601663fd17a5b7tstexc-tests.git, solutionRepositoryUri=null, auxiliaryRepositoryUris=[Ljava.lang.String;@b894a88, auxiliaryRepositoryCheckoutDirectories=[Ljava.lang.String;@12bbef78], jobTimingInfo=JobTimingInfo[submissionDate=2025-02-14T23:45:37.317968648Z[Etc/UTC], buildStartDate=2025-02-14T23:45:37.324534774Z[Etc/UTC], buildCompletionDate=2025-02-14T23:45:38.527225461Z[Etc/UTC], estimatedCompletionDate=2025-02-14T23:45:56.324506331Z[Etc/UTC], estimatedDuration=19], buildConfig=BuildConfig[buildScript=#!/bin/bash
cd /var/tmp/testing-dir
chmod +x ./gradlew
./gradlew clean test
, dockerImage=dummy-docker-image:latest, commitHashToBuild=c795243c185829bbefa399f45dcbcfac22311b2f, assignmentCommitHash=c795243c185829bbefa399f45dcbcfac22311b2f, testCommitHash=fa8b162170bf767d852e05e0eb7a128efa2e1f34, branch=main, programmingLanguage=JAVA, projectType=PLAIN_GRADLE, scaEnabled=false, sequentialTestRunsEnabled=false, resultPaths=[/var/tmp/testing-dir/**/test-results/test/*.xml], timeoutSeconds=0, assignmentCheckoutPath=null, testCheckoutPath=null, solutionCheckoutPath=null, dockerRunConfig=null], submissionResult=ResultDTO[id=633, completionDate=2025-02-14T23:45:38.476795726Z[Etc/UTC], successful=false, score=0.0, rated=true, submission=SubmissionDTO[id=827, submitted=true, type=MANUAL, exampleSubmission=null, submissionDate=2025-02-14T23:45:37.303401Z, commitHash=c795243c185829bbefa399f45dcbcfac22311b2f, buildFailed=false, buildArtifact=false, participation=ParticipationDTO[id=2011, testRun=false, type=template, submissionCount=null, exercise=ParticipationExerciseDTO[id=2603, exerciseType=PROGRAMMING, type=programming, assessmentType=AUTOMATIC, dueDate=2025-02-16T23:45:36.830269Z, assessmentDueDate=null, maxPoints=42.0, course=CourseDTO[id=986, accuracyOfScores=1]]], submissionExerciseType=programming, isProcessing=false, buildStartDate=null, estimatedCompletionDate=null], participation=ParticipationDTO[id=2011, testRun=false, type=template, submissionCount=null, exercise=ParticipationExerciseDTO[id=2603, exerciseType=PROGRAMMING, type=programming, assessmentType=AUTOMATIC, dueDate=2025-02-16T23:45:36.830269Z, assessmentDueDate=null, maxPoints=42.0, course=CourseDTO[id=986, accuracyOfScores=1]]], feedbacks=[FeedbackDTO[id=933, text=null, detailText=The exercise expects a class with the name Context in the package testpackage. You did not implement the class in the exercise., hasLongFeedbackText=false, reference=null, credits=0.0, positive=false, type=AUTOMATIC, visibility=ALWAYS, testCase=TestCaseDTO[testName=testMethods[Context], id=1383]], FeedbackDTO[id=934, text=null, detailText=The exercise expects a class with the name Policy in the package testpackage. You did not implement the class in the exercise., hasLongFeedbackText=false, reference=null, credits=0.0, positive=false, type=AUTOMATIC, visibility=ALWAYS, testCase=TestCaseDTO[testName=testMethods[Policy], id=1384]], FeedbackDTO[id=935, text=null, detailText=The exercise expects a class with the name SortStrategy in the package testpackage. You did not implement the class in the exercise., hasLongFeedbackText=false, reference=null, credits=0.0, positive=false, type=AUTOMATIC, visibility=ALWAYS, testCase=TestCaseDTO[testName=testMethods[SortStrategy], id=1385]], FeedbackDTO[id=936, text=null, detailText=The class 'MergeSort' does not implement the interface 'SortStrategy' as expected. Implement the interface and its methods., hasLongFeedbackText=false, reference=null, credits=0.0, positive=false, type=AUTOMATIC, visibility=ALWAYS, testCase=TestCaseDTO[testName=testClass[MergeSort], id=1380]], FeedbackDTO[id=937, text=null, detailText=The exercise expects a class with the name SortStrategy in the package testpackage. You did not implement the class in the exercise., hasLongFeedbackText=false, reference=null, credits=0.0, positive=false, type=AUTOMATIC, visibility=ALWAYS, testCase=TestCaseDTO[testName=testClass[SortStrategy], id=1377]], FeedbackDTO[id=938, text=null, detailText=The class 'BubbleSort' does not implement the interface 'SortStrategy' as expected. Implement the interface and its methods., hasLongFeedbackText=false, reference=null, credits=0.0, positive=false, type=AUTOMATIC, visibility=ALWAYS, testCase=TestCaseDTO[testName=testClass[BubbleSort], id=1381]], FeedbackDTO[id=939, text=null, detailText=MergeSort does not sort correctly, hasLongFeedbackText=false, reference=null, credits=0.0, positive=false, type=AUTOMATIC, visibility=ALWAYS, testCase=TestCaseDTO[testName=testMergeSort(), id=1386]], FeedbackDTO[id=940, text=null, detailText=The class 'Context' was not found within the submission. Make sure to implement it properly., hasLongFeedbackText=false, reference=null, credits=0.0, positive=false, type=AUTOMATIC, visibility=ALWAYS, testCase=TestCaseDTO[testName=testUseBubbleSortForSmallList(), id=1387]], FeedbackDTO[id=941, text=null, detailText=BubbleSort does not sort correctly, hasLongFeedbackText=false, reference=null, credits=0.0, positive=false, type=AUTOMATIC, visibility=ALWAYS, testCase=TestCaseDTO[testName=testBubbleSort(), id=1389]], FeedbackDTO[id=942, text=null, detailText=The class 'Context' was not found within the submission. Make sure to implement it properly., hasLongFeedbackText=false, reference=null, credits=0.0, positive=false, type=AUTOMATIC, visibility=ALWAYS, testCase=TestCaseDTO[testName=testUseMergeSortForBigList(), id=1388]], FeedbackDTO[id=943, text=null, detailText=The exercise expects a class with the name Policy in the package testpackage. You did not implement the class in the exercise., hasLongFeedbackText=false, reference=null, credits=0.0, positive=false, type=AUTOMATIC, visibility=ALWAYS, testCase=TestCaseDTO[testName=testConstructors[Policy], id=1382]], FeedbackDTO[id=944, text=null, detailText=The exercise expects a class with the name Context in the package testpackage. You did not implement the class in the exercise., hasLongFeedbackText=false, reference=null, credits=0.0, positive=false, type=AUTOMATIC, visibility=ALWAYS, testCase=TestCaseDTO[testName=testAttributes[Context], id=1378]], FeedbackDTO[id=945, text=null, detailText=The exercise expects a class with the name Policy in the package testpackage. You did not implement the class in the exercise., hasLongFeedbackText=false, reference=null, credits=0.0, positive=false, type=AUTOMATIC, visibility=ALWAYS, testCase=TestCaseDTO[testName=testAttributes[Policy], id=1379]]], assessmentType=AUTOMATIC, hasComplaint=null, exampleResult=null, testCaseCount=13, passedTestCaseCount=0, codeIssueCount=0]], BuildJobQueueItem[id=20171739576740018, name=SHORT7914AFA00ADC3047140B99D01AC07810CE44TSTEXC-LOCALVCCIINTSTUDENT1, buildAgent=BuildAgentDTO[name=artemis-build-agent-test, memberAddress=[127.0.0.1]:5703, displayName=artemis-build-agent-test], participationId=2017, courseId=988, exerciseId=2605, retryCount=0, priority=2, status=SUCCESSFUL, repositoryInfo=RepositoryInfo[repositoryName=short7914afa00adc3047140b99d01ac07810ce44tstexc-practice-localvcciintstudent1, repositoryType=user, triggeredByPushTo=user, assignmentRepositoryUri=http://localhost:49152/git/SHORT7914AFA00ADC3047140B99D01AC07810CE44TSTEXC/short7914afa00adc3047140b99d01ac07810ce44tstexc-practice-localvcciintstudent1.git, testRepositoryUri=http://localhost:49152/git/SHORT7914AFA00ADC3047140B99D01AC07810CE44TSTEXC/short7914afa00adc3047140b99d01ac07810ce44tstexc-tests.git, solutionRepositoryUri=null, auxiliaryRepositoryUris=[Ljava.lang.String;@48fc848b, auxiliaryRepositoryCheckoutDirectories=[Ljava.lang.String;@316a53db], jobTimingInfo=JobTimingInfo[submissionDate=2025-02-14T23:45:40.018961253Z[Etc/UTC], buildStartDate=2025-02-14T23:45:40.029742701Z[Etc/UTC], buildCompletionDate=2025-02-14T23:45:41.150208242Z[Etc/UTC], estimatedCompletionDate=2025-02-14T23:45:59.029734065Z[Etc/UTC], estimatedDuration=19], buildConfig=BuildConfig[buildScript=#!/bin/bash
cd /var/tmp/testing-dir
chmod +x ./gradlew
./gradlew clean test
, dockerImage=dummy-docker-image:latest, commitHashToBuild=d80b57877989b971e83ccdb4863c8a7023c76266, assignmentCommitHash=d80b57877989b971e83ccdb4863c8a7023c76266, testCommitHash=327b116890c92b1312314341f43f21ef13ecf7d7, branch=main, programmingLanguage=JAVA, projectType=PLAIN_GRADLE, scaEnabled=false, sequentialTestRunsEnabled=false, resultPaths=[/var/tmp/testing-dir/**/test-results/test/*.xml], timeoutSeconds=0, assignmentCheckoutPath=null, testCheckoutPath=null, solutionCheckoutPath=null, dockerRunConfig=null], submissionResult=ResultDTO[id=634, completionDate=2025-02-14T23:45:41.120192603Z[Etc/UTC], successful=false, score=7.7, rated=false, submission=SubmissionDTO[id=828, submitted=true, type=MANUAL, exampleSubmission=null, submissionDate=2025-02-14T23:45:40.008666Z, commitHash=d80b57877989b971e83ccdb4863c8a7023c76266, buildFailed=false, buildArtifact=false, participation=ParticipationDTO[id=2017, testRun=true, type=programming, submissionCount=null, exercise=ParticipationExerciseDTO[id=2605, exerciseType=PROGRAMMING, type=programming, assessmentType=AUTOMATIC, dueDate=2025-02-16T23:45:39.523500Z, assessmentDueDate=null, maxPoints=42.0, course=CourseDTO[id=988, accuracyOfScores=1]]], submissionExerciseType=programming, isProcessing=false, buildStartDate=null, estimatedCompletionDate=null], participation=ParticipationDTO[id=2017, testRun=true, type=programming, submissionCount=null, exercise=ParticipationExerciseDTO[id=2605, exerciseType=PROGRAMMING, type=programming, assessmentType=AUTOMATIC, dueDate=2025-02-16T23:45:39.523500Z, assessmentDueDate=null, maxPoints=42.0, course=CourseDTO[id=988, accuracyOfScores=1]]], feedbacks=[FeedbackDTO[id=946, text=null, detailText=The exercise expects a class with the name Context in the package testpackage. You did not implement the class in the exercise., hasLongFeedbackText=false, reference=null, credits=0.0, positive=false, type=AUTOMATIC, visibility=ALWAYS, testCase=TestCaseDTO[testName=null, id=1409]], FeedbackDTO[id=947, text=null, detailText=The exercise expects a class with the name Policy in the package testpackage. You did not implement the class in the exercise., hasLongFeedbackText=false, reference=null, credits=0.0, positive=false, type=AUTOMATIC, visibility=ALWAYS, testCase=TestCaseDTO[testName=null, id=1410]], FeedbackDTO[id=948, text=null, detailText=The exercise expects a class with the name SortStrategy in the package testpackage. You did not implement the class in the exercise., hasLongFeedbackText=false, reference=null, credits=0.0, positive=false, type=AUTOMATIC, visibility=ALWAYS, testCase=TestCaseDTO[testName=null, id=1411]], FeedbackDTO[id=949, text=null, detailText=The class 'MergeSort' does not implement the interface 'SortStrategy' as expected. Implement the interface and its methods., hasLongFeedbackText=false, reference=null, credits=0.0, positive=false, type=AUTOMATIC, visibility=ALWAYS, testCase=TestCaseDTO[testName=null, id=1406]], FeedbackDTO[id=950, text=null, detailText=The exercise expects a class with the name SortStrategy in the package testpackage. You did not implement the class in the exercise., hasLongFeedbackText=false, reference=null, credits=0.0, positive=false, type=AUTOMATIC, visibility=ALWAYS, testCase=TestCaseDTO[testName=null, id=1403]], FeedbackDTO[id=951, text=null, detailText=The class 'BubbleSort' does not implement the interface 'SortStrategy' as expected. Implement the interface and its methods., hasLongFeedbackText=false, reference=null, credits=0.0, positive=false, type=AUTOMATIC, visibility=ALWAYS, testCase=TestCaseDTO[testName=null, id=1407]], FeedbackDTO[id=952, text=null, detailText=MergeSort does not sort correctly, hasLongFeedbackText=false, reference=null, credits=0.0, positive=false, type=AUTOMATIC, visibility=ALWAYS, testCase=TestCaseDTO[testName=null, id=1412]], FeedbackDTO[id=953, text=null, detailText=The class 'Context' was not found within the submission. Make sure to implement it properly., hasLongFeedbackText=false, reference=null, credits=0.0, positive=false, type=AUTOMATIC, visibility=ALWAYS, testCase=TestCaseDTO[testName=null, id=1413]], FeedbackDTO[id=954, text=null, detailText=The class 'Context' was not found within the submission. Make sure to implement it properly., hasLongFeedbackText=false, reference=null, credits=0.0, positive=false, type=AUTOMATIC, visibility=ALWAYS, testCase=TestCaseDTO[testName=null, id=1414]], FeedbackDTO[id=955, text=null, detailText=The exercise expects a class with the name Policy in the package testpackage. You did not implement the class in the exercise., hasLongFeedbackText=false, reference=null, credits=0.0, positive=false, type=AUTOMATIC, visibility=ALWAYS, testCase=TestCaseDTO[testName=null, id=1408]], FeedbackDTO[id=956, text=null, detailText=The exercise expects a class with the name Context in the package testpackage. You did not implement the class in the exercise., hasLongFeedbackText=false, reference=null, credits=0.0, positive=false, type=AUTOMATIC, visibility=ALWAYS, testCase=TestCaseDTO[testName=null, id=1404]], FeedbackDTO[id=957, text=null, detailText=The exercise expects a class with the name Policy in the package testpackage. You did not implement the class in the exercise., hasLongFeedbackText=false, reference=null, credits=0.0, positive=false, type=AUTOMATIC, visibility=ALWAYS, testCase=TestCaseDTO[testName=null, id=1405]], FeedbackDTO[id=958, text=null, detailText=null, hasLongFeedbackText=false, reference=null, credits=3.230769230769231, positive=true, type=AUTOMATIC, visibility=ALWAYS, testCase=TestCaseDTO[testName=null, id=1415]]], assessmentType=AUTOMATIC, hasComplaint=null, exampleResult=null, testCaseCount=13, passedTestCaseCount=1, codeIssueCount=0]], BuildJobQueueItem[id=20261739576743984, name=SHORT53C73BE505404043100AC2F00C039353CE8FTSTEXC-LOCALVCCIINTSTUDENT1, buildAgent=BuildAgentDTO[name=artemis-build-agent-test, memberAddress=[127.0.0.1]:5703, displayName=artemis-build-agent-test], participationId=2026, courseId=991, exerciseId=2608, retryCount=0, priority=1, status=SUCCESSFUL, repositoryInfo=RepositoryInfo[repositoryName=short53c73be505404043100ac2f00c039353ce8ftstexc-localvcciintstudent1, repositoryType=user, triggeredByPushTo=user, assignmentRepositoryUri=http://localhost:49152/git/SHORT53C73BE505404043100AC2F00C039353CE8FTSTEXC/short53c73be505404043100ac2f00c039353ce8ftstexc-localvcciintstudent1.git, testRepositoryUri=http://localhost:49152/git/SHORT53C73BE505404043100AC2F00C039353CE8FTSTEXC/short53c73be505404043100ac2f00c039353ce8ftstexc-tests.git, solutionRepositoryUri=null, auxiliaryRepositoryUris=[Ljava.lang.String;@70769274, auxiliaryRepositoryCheckoutDirectories=[Ljava.lang.String;@3dfb732d], jobTimingInfo=JobTimingInfo[submissionDate=2025-02-14T23:45:43.984518859Z[Etc/UTC], buildStartDate=2025-02-14T23:45:43.991385682Z[Etc/UTC], buildCompletionDate=2025-02-14T23:45:44.982059928Z[Etc/UTC], estimatedCompletionDate=2025-02-14T23:46:02.991380122Z[Etc/UTC], estimatedDuration=19], buildConfig=BuildConfig[buildScript=#!/bin/bash
cd /var/tmp/testing-dir
chmod +x ./gradlew
./gradlew clean test
, dockerImage=dummy-docker-image:latest, commitHashToBuild=3e90ae9fef2e44ffb41451a080bdaa6a44ad6848, assignmentCommitHash=3e90ae9fef2e44ffb41451a080bdaa6a44ad6848, testCommitHash=0582754c87aae13e640312855ce7dbe490ecb50c, branch=main, programmingLanguage=JAVA, projectType=PLAIN_GRADLE, scaEnabled=false, sequentialTestRunsEnabled=false, resultPaths=[/var/tmp/testing-dir/**/test-results/test/*.xml], timeoutSeconds=0, assignmentCheckoutPath=null, testCheckoutPath=null, solutionCheckoutPath=null, dockerRunConfig=null], submissionResult=ResultDTO[id=635, completionDate=2025-02-14T23:45:44.961313737Z[Etc/UTC], successful=false, score=7.7, rated=true, submission=SubmissionDTO[id=829, submitted=true, type=MANUAL, exampleSubmission=null, submissionDate=2025-02-14T23:45:43.967766Z, commitHash=3e90ae9fef2e44ffb41451a080bdaa6a44ad6848, buildFailed=false, buildArtifact=false, participation=ParticipationDTO[id=2026, testRun=false, type=programming, submissionCount=null, exercise=ParticipationExerciseDTO[id=2608, exerciseType=PROGRAMMING, type=programming, assessmentType=AUTOMATIC, dueDate=2025-02-16T23:45:43.597978Z, assessmentDueDate=null, maxPoints=42.0, course=CourseDTO[id=991, accuracyOfScores=1]]], submissionExerciseType=programming, isProcessing=false, buildStartDate=null, estimatedCompletionDate=null], participation=ParticipationDTO[id=2026, testRun=false, type=programming, submissionCount=null, exercise=ParticipationExerciseDTO[id=2608, exerciseType=PROGRAMMING, type=programming, assessmentType=AUTOMATIC, dueDate=2025-02-16T23:45:43.597978Z, assessmentDueDate=null, maxPoints=42.0, course=CourseDTO[id=991, accuracyOfScores=1]]], feedbacks=[FeedbackDTO[id=959, text=null, detailText=The exercise expects a class with the name Context in the package testpackage. You did not implement the class in the exercise., hasLongFeedbackText=false, reference=null, credits=0.0, positive=false, type=AUTOMATIC, visibility=ALWAYS, testCase=TestCaseDTO[testName=null, id=1448]], FeedbackDTO[id=960, text=null, detailText=The exercise expects a class with the name Policy in the package testpackage. You did not implement the class in the exercise., hasLongFeedbackText=false, reference=null, credits=0.0, positive=false, type=AUTOMATIC, visibility=ALWAYS, testCase=TestCaseDTO[testName=null, id=1449]], FeedbackDTO[id=961, text=null, detailText=The exercise expects a class with the name SortStrategy in the package testpackage. You did not implement the class in the exercise., hasLongFeedbackText=false, reference=null, credits=0.0, positive=false, type=AUTOMATIC, visibility=ALWAYS, testCase=TestCaseDTO[testName=null, id=1450]], FeedbackDTO[id=962, text=null, detailText=The class 'MergeSort' does not implement the interface 'SortStrategy' as expected. Implement the interface and its methods., hasLongFeedbackText=false, reference=null, credits=0.0, positive=false, type=AUTOMATIC, visibility=ALWAYS, testCase=TestCaseDTO[testName=null, id=1445]], FeedbackDTO[id=963, text=null, detailText=The exercise expects a class with the name SortStrategy in the package testpackage. You did not implement the class in the exercise., hasLongFeedbackText=false, reference=null, credits=0.0, positive=false, type=AUTOMATIC, visibility=ALWAYS, testCase=TestCaseDTO[testName=null, id=1442]], FeedbackDTO[id=964, text=null, detailText=The class 'BubbleSort' does not implement the interface 'SortStrategy' as expected. Implement the interface and its methods., hasLongFeedbackText=false, reference=null, credits=0.0, positive=false, type=AUTOMATIC, visibility=ALWAYS, testCase=TestCaseDTO[testName=null, id=1446]], FeedbackDTO[id=965, text=null, detailText=MergeSort does not sort correctly, hasLongFeedbackText=false, reference=null, credits=0.0, positive=false, type=AUTOMATIC, visibility=ALWAYS, testCase=TestCaseDTO[testName=null, id=1451]], FeedbackDTO[id=966, text=null, detailText=The class 'Context' was not found within the submission. Make sure to implement it properly., hasLongFeedbackText=false, reference=null, credits=0.0, positive=false, type=AUTOMATIC, visibility=ALWAYS, testCase=TestCaseDTO[testName=null, id=1452]], FeedbackDTO[id=967, text=null, detailText=The class 'Context' was not found within the submission. Make sure to implement it properly., hasLongFeedbackText=false, reference=null, credits=0.0, positive=false, type=AUTOMATIC, visibility=ALWAYS, testCase=TestCaseDTO[testName=null, id=1453]], FeedbackDTO[id=968, text=null, detailText=The exercise expects a class with the name Policy in the package testpackage. You did not implement the class in the exercise., hasLongFeedbackText=false, reference=null, credits=0.0, positive=false, type=AUTOMATIC, visibility=ALWAYS, testCase=TestCaseDTO[testName=null, id=1447]], FeedbackDTO[id=969, text=null, detailText=The exercise expects a class with the name Context in the package testpackage. You did not implement the class in the exercise., hasLongFeedbackText=false, reference=null, credits=0.0, positive=false, type=AUTOMATIC, visibility=ALWAYS, testCase=TestCaseDTO[testName=null, id=1443]], FeedbackDTO[id=970, text=null, detailText=The exercise expects a class with the name Policy in the package testpackage. You did not implement the class in the exercise., hasLongFeedbackText=false, reference=null, credits=0.0, positive=false, type=AUTOMATIC, visibility=ALWAYS, testCase=TestCaseDTO[testName=null, id=1444]], FeedbackDTO[id=971, text=null, detailText=null, hasLongFeedbackText=false, reference=null, credits=3.230769230769231, positive=true, type=AUTOMATIC, visibility=ALWAYS, testCase=TestCaseDTO[testName=null, id=1454]]], assessmentType=AUTOMATIC, hasComplaint=null, exampleResult=null, testCaseCount=13, passedTestCaseCount=1, codeIssueCount=0]], BuildJobQueueItem[id=20271739576746886, name=SHORT0FC863930E92904248098A506171F81CF6CFTSTEXC-SOLUTION, buildAgent=BuildAgentDTO[name=artemis-build-agent-test, memberAddress=[127.0.0.1]:5703, displayName=artemis-build-agent-test], participationId=2027, courseId=992, exerciseId=2609, retryCount=0, priority=2, status=SUCCESSFUL, repositoryInfo=RepositoryInfo[repositoryName=short0fc863930e92904248098a506171f81cf6cftstexc-solution, repositoryType=solution, triggeredByPushTo=auxiliary, assignmentRepositoryUri=http://localhost:49152/git/SHORT0FC863930E92904248098A506171F81CF6CFTSTEXC/short0fc863930e92904248098a506171f81cf6cftstexc-solution.git, testRepositoryUri=http://localhost:49152/git/SHORT0FC863930E92904248098A506171F81CF6CFTSTEXC/short0fc863930e92904248098a506171f81cf6cftstexc-tests.git, solutionRepositoryUri=null, auxiliaryRepositoryUris=[Ljava.lang.String;@110f70c5, auxiliaryRepositoryCheckoutDirectories=[Ljava.lang.String;@72180db4], jobTimingInfo=JobTimingInfo[submissionDate=2025-02-14T23:45:46.886984066Z[Etc/UTC], buildStartDate=2025-02-14T23:45:46.897709578Z[Etc/UTC], buildCompletionDate=2025-02-14T23:45:48.628460156Z[Etc/UTC], estimatedCompletionDate=2025-02-14T23:46:05.897701272Z[Etc/UTC], estimatedDuration=19], buildConfig=BuildConfig[buildScript=#!/bin/bash
cd /var/tmp/testing-dir
chmod +x ./gradlew
./gradlew clean test
, dockerImage=dummy-docker-image:latest, commitHashToBuild=null, assignmentCommitHash=115a2e943bee242fdad360b50d8ad5f30792577e, testCommitHash=9b3a9bd71a0d80e5bbc42204c319ed3d1d4f0d6d, branch=main, programmingLanguage=JAVA, projectType=PLAIN_GRADLE, scaEnabled=false, sequentialTestRunsEnabled=false, resultPaths=[/var/tmp/testing-dir/**/test-results/test/*.xml], timeoutSeconds=0, assignmentCheckoutPath=null, testCheckoutPath=null, solutionCheckoutPath=null, dockerRunConfig=null], submissionResult=ResultDTO[id=636, completionDate=2025-02-14T23:45:48.593370968Z[Etc/UTC], successful=true, score=100.0, rated=true, submission=SubmissionDTO[id=830, submitted=true, type=TEST, exampleSubmission=null, submissionDate=2025-02-14T23:45:46.873671Z, commitHash=9b3a9bd71a0d80e5bbc42204c319ed3d1d4f0d6d, buildFailed=false, buildArtifact=false, participation=ParticipationDTO[id=2027, testRun=false, type=solution, submissionCount=null, exercise=ParticipationExerciseDTO[id=2609, exerciseType=PROGRAMMING, type=programming, assessmentType=AUTOMATIC, dueDate=2025-02-16T23:45:46.386304Z, assessmentDueDate=null, maxPoints=42.0, course=CourseDTO[id=992, accuracyOfScores=1]]], submissionExerciseType=programming, isProcessing=false, buildStartDate=null, estimatedCompletionDate=null], participation=ParticipationDTO[id=2027, testRun=false, type=solution, submissionCount=null, exercise=ParticipationExerciseDTO[id=2609, exerciseType=PROGRAMMING, type=programming, assessmentType=AUTOMATIC, dueDate=2025-02-16T23:45:46.386304Z, assessmentDueDate=null, maxPoints=42.0, course=CourseDTO[id=992, accuracyOfScores=1]]], feedbacks=[FeedbackDTO[id=972, text=null, detailText=null, hasLongFeedbackText=false, reference=null, credits=3.230769230769231, positive=true, type=AUTOMATIC, visibility=ALWAYS, testCase=TestCaseDTO[testName=testMethods[Context], id=1461]], FeedbackDTO[id=973, text=null, detailText=null, hasLongFeedbackText=false, reference=null, credits=3.230769230769231, positive=true, type=AUTOMATIC, visibility=ALWAYS, testCase=TestCaseDTO[testName=testMethods[Policy], id=1462]], FeedbackDTO[id=974, text=null, detailText=null, hasLongFeedbackText=false, reference=null, credits=3.230769230769231, positive=true, type=AUTOMATIC, visibility=ALWAYS, testCase=TestCaseDTO[testName=testMethods[SortStrategy], id=1463]], FeedbackDTO[id=975, text=null, detailText=null, hasLongFeedbackText=false, reference=null, credits=3.230769230769231, positive=true, type=AUTOMATIC, visibility=ALWAYS, testCase=TestCaseDTO[testName=testClass[MergeSort], id=1458]], FeedbackDTO[id=976, text=null, detailText=null, hasLongFeedbackText=false, reference=null, credits=3.230769230769231, positive=true, type=AUTOMATIC, visibility=ALWAYS, testCase=TestCaseDTO[testName=testClass[SortStrategy], id=1455]], FeedbackDTO[id=977, text=null, detailText=null, hasLongFeedbackText=false, reference=null, credits=3.230769230769231, positive=true, type=AUTOMATIC, visibility=ALWAYS, testCase=TestCaseDTO[testName=testClass[BubbleSort], id=1459]], FeedbackDTO[id=978, text=null, detailText=null, hasLongFeedbackText=false, reference=null, credits=3.230769230769231, positive=true, type=AUTOMATIC, visibility=ALWAYS, testCase=TestCaseDTO[testName=testMergeSort(), id=1464]], FeedbackDTO[id=979, text=null, detailText=null, hasLongFeedbackText=false, reference=null, credits=3.230769230769231, positive=true, type=AUTOMATIC, visibility=ALWAYS, testCase=TestCaseDTO[testName=testUseBubbleSortForSmallList(), id=1465]], FeedbackDTO[id=980, text=null, detailText=null, hasLongFeedbackText=false, reference=null, credits=3.230769230769231, positive=true, type=AUTOMATIC, visibility=ALWAYS, testCase=TestCaseDTO[testName=testBubbleSort(), id=1467]], FeedbackDTO[id=981, text=null, detailText=null, hasLongFeedbackText=false, reference=null, credits=3.230769230769231, positive=true, type=AUTOMATIC, visibility=ALWAYS, testCase=TestCaseDTO[testName=testUseMergeSortForBigList(), id=1466]], FeedbackDTO[id=982, text=null, detailText=null, hasLongFeedbackText=false, reference=null, credits=3.230769230769231, positive=true, type=AUTOMATIC, visibility=ALWAYS, testCase=TestCaseDTO[testName=testConstructors[Policy], id=1460]], FeedbackDTO[id=983, text=null, detailText=null, hasLongFeedbackText=false, reference=null, credits=3.230769230769231, positive=true, type=AUTOMATIC, visibility=ALWAYS, testCase=TestCaseDTO[testName=testAttributes[Context], id=1456]], FeedbackDTO[id=984, text=null, detailText=null, hasLongFeedbackText=false, reference=null, credits=3.230769230769231, positive=true, type=AUTOMATIC, visibility=ALWAYS, testCase=TestCaseDTO[testName=testAttributes[Policy], id=1457]]], assessmentType=AUTOMATIC, hasComplaint=null, exampleResult=null, testCaseCount=13, passedTestCaseCount=13, codeIssueCount=0]], BuildJobQueueItem[id=20281739576748768, name=SHORT0FC863930E92904248098A506171F81CF6CFTSTEXC-BASE, buildAgent=BuildAgentDTO[name=artemis-build-agent-test, memberAddress=[127.0.0.1]:5703, displayName=artemis-build-agent-test], participationId=2028, courseId=992, exerciseId=2609, retryCount=0, priority=2, status=SUCCESSFUL, repositoryInfo=RepositoryInfo[repositoryName=short0fc863930e92904248098a506171f81cf6cftstexc-exercise, repositoryType=exercise, triggeredByPushTo=auxiliary, assignmentRepositoryUri=http://localhost:49152/git/SHORT0FC863930E92904248098A506171F81CF6CFTSTEXC/short0fc863930e92904248098a506171f81cf6cftstexc-exercise.git, testRepositoryUri=http://localhost:49152/git/SHORT0FC863930E92904248098A506171F81CF6CFTSTEXC/short0fc863930e92904248098a506171f81cf6cftstexc-tests.git, solutionRepositoryUri=null, auxiliaryRepositoryUris=[Ljava.lang.String;@3639c4b1, auxiliaryRepositoryCheckoutDirectories=[Ljava.lang.String;@50bdbb40], jobTimingInfo=JobTimingInfo[submissionDate=2025-02-14T23:45:48.768063548Z[Etc/UTC], buildStartDate=2025-02-14T23:45:48.802531989Z[Etc/UTC], buildCompletionDate=2025-02-14T23:45:50.482681367Z[Etc/UTC], estimatedCompletionDate=2025-02-14T23:45:50.802523092Z[Etc/UTC], estimatedDuration=2], buildConfig=BuildConfig[buildScript=#!/bin/bash
cd /var/tmp/testing-dir
chmod +x ./gradlew
./gradlew clean test
, dockerImage=dummy-docker-image:latest, commitHashToBuild=9b3a9bd71a0d80e5bbc42204c319ed3d1d4f0d6d, assignmentCommitHash=115a2e943bee242fdad360b50d8ad5f30792577e, testCommitHash=9b3a9bd71a0d80e5bbc42204c319ed3d1d4f0d6d, branch=main, programmingLanguage=JAVA, projectType=PLAIN_GRADLE, scaEnabled=false, sequentialTestRunsEnabled=false, resultPaths=[/var/tmp/testing-dir/**/test-results/test/*.xml], timeoutSeconds=0, assignmentCheckoutPath=null, testCheckoutPath=null, solutionCheckoutPath=null, dockerRunConfig=null], submissionResult=ResultDTO[id=637, completionDate=2025-02-14T23:45:50.449084694Z[Etc/UTC], successful=false, score=0.0, rated=true, submission=SubmissionDTO[id=831, submitted=true, type=TEST, exampleSubmission=null, submissionDate=2025-02-14T23:45:48.761177Z, commitHash=9b3a9bd71a0d80e5bbc42204c319ed3d1d4f0d6d, buildFailed=false, buildArtifact=false, participation=ParticipationDTO[id=2028, testRun=false, type=template, submissionCount=null, exercise=ParticipationExerciseDTO[id=2609, exerciseType=PROGRAMMING, type=programming, assessmentType=AUTOMATIC, dueDate=2025-02-16T23:45:46.386304Z, assessmentDueDate=null, maxPoints=42.0, course=CourseDTO[id=992, accuracyOfScores=1]]], submissionExerciseType=programming, isProcessing=false, buildStartDate=null, estimatedCompletionDate=null], participation=ParticipationDTO[id=2028, testRun=false, type=template, submissionCount=null, exercise=ParticipationExerciseDTO[id=2609, exerciseType=PROGRAMMING, type=programming, assessmentType=AUTOMATIC, dueDate=2025-02-16T23:45:46.386304Z, assessmentDueDate=null, maxPoints=42.0, course=CourseDTO[id=992, accuracyOfScores=1]]], feedbacks=[FeedbackDTO[id=985, text=null, detailText=The exercise expects a class with the name Context in the package testpackage. You did not implement the class in the exercise., hasLongFeedbackText=false, reference=null, credits=0.0, positive=false, type=AUTOMATIC, visibility=ALWAYS, testCase=TestCaseDTO[testName=testMethods[Context], id=1461]], FeedbackDTO[id=986, text=null, detailText=The exercise expects a class with the name Policy in the package testpackage. You did not implement the class in the exercise., hasLongFeedbackText=false, reference=null, credits=0.0, positive=false, type=AUTOMATIC, visibility=ALWAYS, testCase=TestCaseDTO[testName=testMethods[Policy], id=1462]], FeedbackDTO[id=987, text=null, detailText=The exercise expects a class with the name SortStrategy in the package testpackage. You did not implement the class in the exercise., hasLongFeedbackText=false, reference=null, credits=0.0, positive=false, type=AUTOMATIC, visibility=ALWAYS, testCase=TestCaseDTO[testName=testMethods[SortStrategy], id=1463]], FeedbackDTO[id=988, text=null, detailText=The class 'MergeSort' does not implement the interface 'SortStrategy' as expected. Implement the interface and its methods., hasLongFeedbackText=false, reference=null, credits=0.0, positive=false, type=AUTOMATIC, visibility=ALWAYS, testCase=TestCaseDTO[testName=testClass[MergeSort], id=1458]], FeedbackDTO[id=989, text=null, detailText=The exercise expects a class with the name SortStrategy in the package testpackage. You did not implement the class in the exercise., hasLongFeedbackText=false, reference=null, credits=0.0, positive=false, type=AUTOMATIC, visibility=ALWAYS, testCase=TestCaseDTO[testName=testClass[SortStrategy], id=1455]], FeedbackDTO[id=990, text=null, detailText=The class 'BubbleSort' does not implement the interface 'SortStrategy' as expected. Implement the interface and its methods., hasLongFeedbackText=false, reference=null, credits=0.0, positive=false, type=AUTOMATIC, visibility=ALWAYS, testCase=TestCaseDTO[testName=testClass[BubbleSort], id=1459]], FeedbackDTO[id=991, text=null, detailText=MergeSort does not sort correctly, hasLongFeedbackText=false, reference=null, credits=0.0, positive=false, type=AUTOMATIC, visibility=ALWAYS, testCase=TestCaseDTO[testName=testMergeSort(), id=1464]], FeedbackDTO[id=992, text=null, detailText=The class 'Context' was not found within the submission. Make sure to implement it properly., hasLongFeedbackText=false, reference=null, credits=0.0, positive=false, type=AUTOMATIC, visibility=ALWAYS, testCase=TestCaseDTO[testName=testUseBubbleSortForSmallList(), id=1465]], FeedbackDTO[id=993, text=null, detailText=BubbleSort does not sort correctly, hasLongFeedbackText=false, reference=null, credits=0.0, positive=false, type=AUTOMATIC, visibility=ALWAYS, testCase=TestCaseDTO[testName=testBubbleSort(), id=1467]], FeedbackDTO[id=994, text=null, detailText=The class 'Context' was not found within the submission. Make sure to implement it properly., hasLongFeedbackText=false, reference=null, credits=0.0, positive=false, type=AUTOMATIC, visibility=ALWAYS, testCase=TestCaseDTO[testName=testUseMergeSortForBigList(), id=1466]], FeedbackDTO[id=995, text=null, detailText=The exercise expects a class with the name Policy in the package testpackage. You did not implement the class in the exercise., hasLongFeedbackText=false, reference=null, credits=0.0, positive=false, type=AUTOMATIC, visibility=ALWAYS, testCase=TestCaseDTO[testName=testConstructors[Policy], id=1460]], FeedbackDTO[id=996, text=null, detailText=The exercise expects a class with the name Context in the package testpackage. You did not implement the class in the exercise., hasLongFeedbackText=false, reference=null, credits=0.0, positive=false, type=AUTOMATIC, visibility=ALWAYS, testCase=TestCaseDTO[testName=testAttributes[Context], id=1456]], FeedbackDTO[id=997, text=null, detailText=The exercise expects a class with the name Policy in the package testpackage. You did not implement the class in the exercise., hasLongFeedbackText=false, reference=null, credits=0.0, positive=false, type=AUTOMATIC, visibility=ALWAYS, testCase=TestCaseDTO[testName=testAttributes[Policy], id=1457]]], assessmentType=AUTOMATIC, hasComplaint=null, exampleResult=null, testCaseCount=13, passedTestCaseCount=0, codeIssueCount=0]], BuildJobQueueItem[id=20291739576751299, name=SHORT716C2EC10B19B049C80A2F00B97EAB20B2A9TSTEXC-SOLUTION, buildAgent=BuildAgentDTO[name=artemis-build-agent-test, memberAddress=[127.0.0.1]:5703, displayName=artemis-build-agent-test], participationId=2029, courseId=993, exerciseId=2610, retryCount=0, priority=2, status=SUCCESSFUL, repositoryInfo=RepositoryInfo[repositoryName=short716c2ec10b19b049c80a2f00b97eab20b2a9tstexc-solution, repositoryType=solution, triggeredByPushTo=tests, assignmentRepositoryUri=http://localhost:49152/git/SHORT716C2EC10B19B049C80A2F00B97EAB20B2A9TSTEXC/short716c2ec10b19b049c80a2f00b97eab20b2a9tstexc-solution.git, testRepositoryUri=http://localhost:49152/git/SHORT716C2EC10B19B049C80A2F00B97EAB20B2A9TSTEXC/short716c2ec10b19b049c80a2f00b97eab20b2a9tstexc-tests.git, solutionRepositoryUri=null, auxiliaryRepositoryUris=[Ljava.lang.String;@3a5e70ca, auxiliaryRepositoryCheckoutDirectories=[Ljava.lang.String;@819bf98], jobTimingInfo=JobTimingInfo[submissionDate=2025-02-14T23:45:51.299892174Z[Etc/UTC], buildStartDate=2025-02-14T23:45:51.314028505Z[Etc/UTC], buildCompletionDate=2025-02-14T23:45:52.158312850Z[Etc/UTC], estimatedCompletionDate=2025-02-14T23:46:10.314021752Z[Etc/UTC], estimatedDuration=19], buildConfig=BuildConfig[buildScript=#!/bin/bash
cd /var/tmp/testing-dir
chmod +x ./gradlew
./gradlew clean test
, dockerImage=dummy-docker-image:latest, commitHashToBuild=1e531733ed6e9237f710b528d1eb0b7beac565fd, assignmentCommitHash=815e279f12ad296b4f24c44134a07293c04c010f, testCommitHash=1e531733ed6e9237f710b528d1eb0b7beac565fd, branch=main, programmingLanguage=JAVA, projectType=PLAIN_GRADLE, scaEnabled=false, sequentialTestRunsEnabled=false, resultPaths=[/var/tmp/testing-dir/**/test-results/test/*.xml], timeoutSeconds=0, assignmentCheckoutPath=null, testCheckoutPath=null, solutionCheckoutPath=null, dockerRunConfig=null], submissionResult=ResultDTO[id=638, completionDate=2025-02-14T23:45:52.146826070Z[Etc/UTC], successful=true, score=100.0, rated=true, submission=SubmissionDTO[id=832, submitted=true, type=TEST, exampleSubmission=null, submissionDate=2025-02-14T23:45:51.275713Z, commitHash=1e531733ed6e9237f710b528d1eb0b7beac565fd, buildFailed=false, buildArtifact=false, participation=ParticipationDTO[id=2029, testRun=false, type=solution, submissionCount=null, exercise=ParticipationExerciseDTO[id=2610, exerciseType=PROGRAMMING, type=programming, assessmentType=AUTOMATIC, dueDate=2025-02-16T23:45:50.869093Z, assessmentDueDate=null, maxPoints=42.0, course=CourseDTO[id=993, accuracyOfScores=1]]], submissionExerciseType=programming, isProcessing=false, buildStartDate=null, estimatedCompletionDate=null], participation=ParticipationDTO[id=2029, testRun=false, type=solution, submissionCount=null, exercise=ParticipationExerciseDTO[id=2610, exerciseType=PROGRAMMING, type=programming, assessmentType=AUTOMATIC, dueDate=2025-02-16T23:45:50.869093Z, assessmentDueDate=null, maxPoints=42.0, course=CourseDTO[id=993, accuracyOfScores=1]]], feedbacks=[FeedbackDTO[id=998, text=null, detailText=null, hasLongFeedbackText=false, reference=null, credits=3.230769230769231, positive=true, type=AUTOMATIC, visibility=ALWAYS, testCase=TestCaseDTO[testName=testMethods[Context], id=1474]], FeedbackDTO[id=999, text=null, detailText=null, hasLongFeedbackText=false, reference=null, credits=3.230769230769231, positive=true, type=AUTOMATIC, visibility=ALWAYS, testCase=TestCaseDTO[testName=testMethods[Policy], id=1475]], FeedbackDTO[id=1000, text=null, detailText=null, hasLongFeedbackText=false, reference=null, credits=3.230769230769231, positive=true, type=AUTOMATIC, visibility=ALWAYS, testCase=TestCaseDTO[testName=testMethods[SortStrategy], id=1476]], FeedbackDTO[id=1001, text=null, detailText=null, hasLongFeedbackText=false, reference=null, credits=3.230769230769231, positive=true, type=AUTOMATIC, visibility=ALWAYS, testCase=TestCaseDTO[testName=testClass[MergeSort], id=1471]], FeedbackDTO[id=1002, text=null, detailText=null, hasLongFeedbackText=false, reference=null, credits=3.230769230769231, positive=true, type=AUTOMATIC, visibility=ALWAYS, testCase=TestCaseDTO[testName=testClass[SortStrategy], id=1468]], FeedbackDTO[id=1003, text=null, detailText=null, hasLongFeedbackText=false, reference=null, credits=3.230769230769231, positive=true, type=AUTOMATIC, visibility=ALWAYS, testCase=TestCaseDTO[testName=testClass[BubbleSort], id=1472]], FeedbackDTO[id=1004, text=null, detailText=null, hasLongFeedbackText=false, reference=null, credits=3.230769230769231, positive=true, type=AUTOMATIC, visibility=ALWAYS, testCase=TestCaseDTO[testName=testMergeSort(), id=1477]], FeedbackDTO[id=1005, text=null, detailText=null, hasLongFeedbackText=false, reference=null, credits=3.230769230769231, positive=true, type=AUTOMATIC, visibility=ALWAYS, testCase=TestCaseDTO[testName=testUseBubbleSortForSmallList(), id=1478]], FeedbackDTO[id=1006, text=null, detailText=null, hasLongFeedbackText=false, reference=null, credits=3.230769230769231, positive=true, type=AUTOMATIC, visibility=ALWAYS, testCase=TestCaseDTO[testName=testBubbleSort(), id=1480]], FeedbackDTO[id=1007, text=null, detailText=null, hasLongFeedbackText=false, reference=null, credits=3.230769230769231, positive=true, type=AUTOMATIC, visibility=ALWAYS, testCase=TestCaseDTO[testName=testUseMergeSortForBigList(), id=1479]], FeedbackDTO[id=1008, text=null, detailText=null, hasLongFeedbackText=false, reference=null, credits=3.230769230769231, positive=true, type=AUTOMATIC, visibility=ALWAYS, testCase=TestCaseDTO[testName=testConstructors[Policy], id=1473]], FeedbackDTO[id=1009, text=null, detailText=null, hasLongFeedbackText=false, reference=null, credits=3.230769230769231, positive=true, type=AUTOMATIC, visibility=ALWAYS, testCase=TestCaseDTO[testName=testAttributes[Context], id=1469]], FeedbackDTO[id=1010, text=null, detailText=null, hasLongFeedbackText=false, reference=null, credits=3.230769230769231, positive=true, type=AUTOMATIC, visibility=ALWAYS, testCase=TestCaseDTO[testName=testAttributes[Policy], id=1470]]], assessmentType=AUTOMATIC, hasComplaint=null, exampleResult=null, testCaseCount=13, passedTestCaseCount=13, codeIssueCount=0]]], publicSshKey=ssh-rsa AAAAB3NzaC1yc2EAAAADAQABAAACAQCOPdMsxRE2jFJ/UEa5/LsBxtwzJcrh3/rYBCQvcMeVpiRfhzQPWu7mrt/G2Ew+i+vRloGH9aqKg6dd1liRncao53Zmd/ePxoatXePNhmzTfkCkcSkTUz7B+QMjkoDDV5jwuFPD6mF3JkhuzSi64n9Zy905t4w2IhVcjM2mL3eYNjiCXt6Qpq3Pkt7dM/Ksw1nxnvuiIALuJLB3FTkXkHqq3PJav+9HSq2r6ZaWgekneaGxlQlb+U+Vy3XOuArKAzK8c8i+0bR+AHiTG6ncYXt7ax3U+TdlDTF7OLP3umwaYjs1NBXOHwG42pevvpKn2fqavZZozk+M05jXLx3bq0O7itxfErWc7etky8qYPyyIMF/txQIVLd78+Ze4d7Y60t5MGbXM5cGE6fFif5fEJwgswXD+BrG0cafz1CTatjSKFdvp8Vp4VszXhHDan1PrP6JEFJ5Cc5GDmLRZPCFa3vL9f5qXgf4bkqKN8MYeEujwJE5nMRWoiJVNakix2bcrrneQMBlnYeYZVWXXXUusAQBzl4NgddC1umZpihZkL1b1MffZAUW3EGEXi7KHnllQhkTLLsQ8ntMgbylqaJKStqaXlLvdeRJcEnUuiFCrHEVVbXRFZR7XVDZ02CE5o3MuaRPty8Kh+jRTF3COlAckHwYEJCNNJvXFgb2CNXL4mjzYDw== test@localhost]
    23:45:52.256 | 566 localvc.event-13 | DEBUG | a.p.s.l.SharedQueueManagementService : Build agent updated: null
    23:45:52.256 | 588 artemis-task-1   | DEBUG | d.t.c.a.a.c.c.w.GzipMessageConverter : Compressed message payload from 96168 to 9840 (saved 89.8% payload size)
    23:45:52.257 | 588 artemis-task-1   | DEBUG | d.t.c.a.a.c.c.w.GzipMessageConverter : Compressed message payload from 255 to 232 (saved 9.0% payload size)
    23:45:52.258 | 566 localvc.event-13 | DEBUG | a.a.b.s.SharedQueueProcessingService : CIBuildJobQueueItem added to queue: BuildJobQueueItem[id=20301739576752239, name=SHORT716C2EC10B19B049C80A2F00B97EAB20B2A9TSTEXC-BASE, buildAgent=BuildAgentDTO[name=null, memberAddress=null, displayName=null], participationId=2030, courseId=993, exerciseId=2610, retryCount=0, priority=2, status=null, repositoryInfo=RepositoryInfo[repositoryName=short716c2ec10b19b049c80a2f00b97eab20b2a9tstexc-exercise, repositoryType=exercise, triggeredByPushTo=tests, assignmentRepositoryUri=http://localhost:49152/git/SHORT716C2EC10B19B049C80A2F00B97EAB20B2A9TSTEXC/short716c2ec10b19b049c80a2f00b97eab20b2a9tstexc-exercise.git, testRepositoryUri=http://localhost:49152/git/SHORT716C2EC10B19B049C80A2F00B97EAB20B2A9TSTEXC/short716c2ec10b19b049c80a2f00b97eab20b2a9tstexc-tests.git, solutionRepositoryUri=null, auxiliaryRepositoryUris=[Ljava.lang.String;@4da72c82, auxiliaryRepositoryCheckoutDirectories=[Ljava.lang.String;@436dddc], jobTimingInfo=JobTimingInfo[submissionDate=2025-02-14T23:45:52.239402475Z[Etc/UTC], buildStartDate=null, buildCompletionDate=null, estimatedCompletionDate=null, estimatedDuration=1], buildConfig=BuildConfig[buildScript=#!/bin/bash
cd /var/tmp/testing-dir
chmod +x ./gradlew
./gradlew clean test
, dockerImage=dummy-docker-image:latest, commitHashToBuild=1e531733ed6e9237f710b528d1eb0b7beac565fd, assignmentCommitHash=815e279f12ad296b4f24c44134a07293c04c010f, testCommitHash=1e531733ed6e9237f710b528d1eb0b7beac565fd, branch=main, programmingLanguage=JAVA, projectType=PLAIN_GRADLE, scaEnabled=false, sequentialTestRunsEnabled=false, resultPaths=[/var/tmp/testing-dir/**/test-results/test/*.xml], timeoutSeconds=0, assignmentCheckoutPath=null, testCheckoutPath=null, solutionCheckoutPath=null, dockerRunConfig=null], submissionResult=null]
    23:45:52.258 | 566 localvc.event-13 | DEBUG | a.a.b.s.SharedQueueProcessingService : Current queued items: 1
    23:45:52.258 | 566 localvc.event-13 | DEBUG | a.a.b.s.SharedQueueProcessingService : Currently processing jobs on this node: 0, active threads in Pool: 0, maximum pool size of thread executor : 1
    23:45:52.258 | 566 localvc.event-13 | DEBUG | a.a.b.s.SharedQueueProcessingService : Currently processing jobs on this node: 0, active threads in Pool: 0, maximum pool size of thread executor : 1
    23:45:52.258 | 568 localvc.event-15 | DEBUG | a.p.s.l.LocalCIQueueWebsocketService : CIBuildJobQueueItem added to processing jobs: BuildJobQueueItem[id=20301739576752239, name=SHORT716C2EC10B19B049C80A2F00B97EAB20B2A9TSTEXC-BASE, buildAgent=BuildAgentDTO[name=artemis-build-agent-test, memberAddress=[127.0.0.1]:5703, displayName=artemis-build-agent-test], participationId=2030, courseId=993, exerciseId=2610, retryCount=0, priority=2, status=null, repositoryInfo=RepositoryInfo[repositoryName=short716c2ec10b19b049c80a2f00b97eab20b2a9tstexc-exercise, repositoryType=exercise, triggeredByPushTo=tests, assignmentRepositoryUri=http://localhost:49152/git/SHORT716C2EC10B19B049C80A2F00B97EAB20B2A9TSTEXC/short716c2ec10b19b049c80a2f00b97eab20b2a9tstexc-exercise.git, testRepositoryUri=http://localhost:49152/git/SHORT716C2EC10B19B049C80A2F00B97EAB20B2A9TSTEXC/short716c2ec10b19b049c80a2f00b97eab20b2a9tstexc-tests.git, solutionRepositoryUri=null, auxiliaryRepositoryUris=[Ljava.lang.String;@c49e9f9, auxiliaryRepositoryCheckoutDirectories=[Ljava.lang.String;@6384c423], jobTimingInfo=JobTimingInfo[submissionDate=2025-02-14T23:45:52.239402475Z[Etc/UTC], buildStartDate=2025-02-14T23:45:52.258713639Z[Etc/UTC], buildCompletionDate=null, estimatedCompletionDate=2025-02-14T23:45:53.258707428Z[Etc/UTC], estimatedDuration=1], buildConfig=BuildConfig[buildScript=#!/bin/bash
cd /var/tmp/testing-dir
chmod +x ./gradlew
./gradlew clean test
, dockerImage=dummy-docker-image:latest, commitHashToBuild=1e531733ed6e9237f710b528d1eb0b7beac565fd, assignmentCommitHash=815e279f12ad296b4f24c44134a07293c04c010f, testCommitHash=1e531733ed6e9237f710b528d1eb0b7beac565fd, branch=main, programmingLanguage=JAVA, projectType=PLAIN_GRADLE, scaEnabled=false, sequentialTestRunsEnabled=false, resultPaths=[/var/tmp/testing-dir/**/test-results/test/*.xml], timeoutSeconds=0, assignmentCheckoutPath=null, testCheckoutPath=null, solutionCheckoutPath=null, dockerRunConfig=null], submissionResult=null]
    23:45:52.259 | 568 localvc.event-15 | DEBUG | s.l.LocalCIWebsocketMessagingService : Sending message on topic /topic/admin/running-jobs: [BuildJobQueueItem[id=20301739576752239, name=SHORT716C2EC10B19B049C80A2F00B97EAB20B2A9TSTEXC-BASE, buildAgent=BuildAgentDTO[name=artemis-build-agent-test, memberAddress=[127.0.0.1]:5703, displayName=artemis-build-agent-test], participationId=2030, courseId=993, exerciseId=2610, retryCount=0, priority=2, status=null, repositoryInfo=RepositoryInfo[repositoryName=short716c2ec10b19b049c80a2f00b97eab20b2a9tstexc-exercise, repositoryType=exercise, triggeredByPushTo=tests, assignmentRepositoryUri=, testRepositoryUri=, solutionRepositoryUri=, auxiliaryRepositoryUris=null, auxiliaryRepositoryCheckoutDirectories=null], jobTimingInfo=JobTimingInfo[submissionDate=2025-02-14T23:45:52.239402475Z[Etc/UTC], buildStartDate=2025-02-14T23:45:52.258713639Z[Etc/UTC], buildCompletionDate=null, estimatedCompletionDate=2025-02-14T23:45:53.258707428Z[Etc/UTC], estimatedDuration=1], buildConfig=BuildConfig[buildScript=, dockerImage=, commitHashToBuild=1e531733ed6e9237f710b528d1eb0b7beac565fd, assignmentCommitHash=, testCommitHash=, branch=, programmingLanguage=null, projectType=null, scaEnabled=false, sequentialTestRunsEnabled=false, resultPaths=null, timeoutSeconds=0, assignmentCheckoutPath=, testCheckoutPath=, solutionCheckoutPath=, dockerRunConfig=null], submissionResult=null]]
    23:45:52.259 | 568 localvc.event-15 | DEBUG | s.l.LocalCIWebsocketMessagingService : Sending message on topic /topic/courses/993/running-jobs: [BuildJobQueueItem[id=20301739576752239, name=SHORT716C2EC10B19B049C80A2F00B97EAB20B2A9TSTEXC-BASE, buildAgent=BuildAgentDTO[name=artemis-build-agent-test, memberAddress=[127.0.0.1]:5703, displayName=artemis-build-agent-test], participationId=2030, courseId=993, exerciseId=2610, retryCount=0, priority=2, status=null, repositoryInfo=RepositoryInfo[repositoryName=short716c2ec10b19b049c80a2f00b97eab20b2a9tstexc-exercise, repositoryType=exercise, triggeredByPushTo=tests, assignmentRepositoryUri=, testRepositoryUri=, solutionRepositoryUri=, auxiliaryRepositoryUris=null, auxiliaryRepositoryCheckoutDirectories=null], jobTimingInfo=JobTimingInfo[submissionDate=2025-02-14T23:45:52.239402475Z[Etc/UTC], buildStartDate=2025-02-14T23:45:52.258713639Z[Etc/UTC], buildCompletionDate=null, estimatedCompletionDate=2025-02-14T23:45:53.258707428Z[Etc/UTC], estimatedDuration=1], buildConfig=BuildConfig[buildScript=, dockerImage=, commitHashToBuild=1e531733ed6e9237f710b528d1eb0b7beac565fd, assignmentCommitHash=, testCommitHash=, branch=, programmingLanguage=null, projectType=null, scaEnabled=false, sequentialTestRunsEnabled=false, resultPaths=null, timeoutSeconds=0, assignmentCheckoutPath=, testCheckoutPath=, solutionCheckoutPath=, dockerRunConfig=null], submissionResult=null]]
    23:45:52.265 | 566 localvc.event-13 | INFO  | a.a.b.s.SharedQueueProcessingService : Processing build job: BuildJobQueueItem[id=20301739576752239, name=SHORT716C2EC10B19B049C80A2F00B97EAB20B2A9TSTEXC-BASE, buildAgent=BuildAgentDTO[name=artemis-build-agent-test, memberAddress=[127.0.0.1]:5703, displayName=artemis-build-agent-test], participationId=2030, courseId=993, exerciseId=2610, retryCount=0, priority=2, status=null, repositoryInfo=RepositoryInfo[repositoryName=short716c2ec10b19b049c80a2f00b97eab20b2a9tstexc-exercise, repositoryType=exercise, triggeredByPushTo=tests, assignmentRepositoryUri=http://localhost:49152/git/SHORT716C2EC10B19B049C80A2F00B97EAB20B2A9TSTEXC/short716c2ec10b19b049c80a2f00b97eab20b2a9tstexc-exercise.git, testRepositoryUri=http://localhost:49152/git/SHORT716C2EC10B19B049C80A2F00B97EAB20B2A9TSTEXC/short716c2ec10b19b049c80a2f00b97eab20b2a9tstexc-tests.git, solutionRepositoryUri=null, auxiliaryRepositoryUris=[Ljava.lang.String;@27bb2700, auxiliaryRepositoryCheckoutDirectories=[Ljava.lang.String;@7913eb72], jobTimingInfo=JobTimingInfo[submissionDate=2025-02-14T23:45:52.239402475Z[Etc/UTC], buildStartDate=2025-02-14T23:45:52.258713639Z[Etc/UTC], buildCompletionDate=null, estimatedCompletionDate=2025-02-14T23:45:53.258707428Z[Etc/UTC], estimatedDuration=1], buildConfig=BuildConfig[buildScript=#!/bin/bash
cd /var/tmp/testing-dir
chmod +x ./gradlew
./gradlew clean test
, dockerImage=dummy-docker-image:latest, commitHashToBuild=1e531733ed6e9237f710b528d1eb0b7beac565fd, assignmentCommitHash=815e279f12ad296b4f24c44134a07293c04c010f, testCommitHash=1e531733ed6e9237f710b528d1eb0b7beac565fd, branch=main, programmingLanguage=JAVA, projectType=PLAIN_GRADLE, scaEnabled=false, sequentialTestRunsEnabled=false, resultPaths=[/var/tmp/testing-dir/**/test-results/test/*.xml], timeoutSeconds=0, assignmentCheckoutPath=null, testCheckoutPath=null, solutionCheckoutPath=null, dockerRunConfig=null], submissionResult=null]
    23:45:52.265 | 576 local-ci-build-0 | DEBUG | t.c.a.a.b.s.BuildJobExecutionService : ~~~~~~~~~~~~~~~~~~~~ Start Build Job 20301739576752239 ~~~~~~~~~~~~~~~~~~~~
    23:45:52.265 | 576 local-ci-build-0 | INFO  | .t.c.a.a.b.s.BuildAgentDockerService : ~~~~~~~~~~~~~~~~~~~~ Inspecting docker image dummy-docker-image:latest ~~~~~~~~~~~~~~~~~~~~
    23:45:52.265 | 576 local-ci-build-0 | DEBUG | d.t.c.a.a.b.s.BuildJobGitService     : Cloning from ssh://git@localhost:7921/git/SHORT716C2EC10B19B049C80A2F00B97EAB20B2A9TSTEXC/short716c2ec10b19b049c80a2f00b97eab20b2a9tstexc-exercise.git to checked-out-repos/815e279f12ad296b4f24c44134a07293c04c010f/SHORT716C2EC10B19B049C80A2F00B97EAB20B2A9TSTEXC/short716c2ec10b19b049c80a2f00b97eab20b2a9tstexc-exercise
    23:45:52.266 | 588 artemis-task-1   | DEBUG | d.t.c.a.a.c.c.w.GzipMessageConverter : Compressed message payload from 96168 to 9840 (saved 89.8% payload size)
    23:45:52.267 | 588 artemis-task-1   | DEBUG | d.t.c.a.a.c.c.w.GzipMessageConverter : Compressed message payload from 968 to 700 (saved 27.7% payload size)
    23:45:52.267 | 588 artemis-task-1   | DEBUG | d.t.c.a.a.c.c.w.GzipMessageConverter : Compressed message payload from 968 to 700 (saved 27.7% payload size)
    23:45:52.269 | 576 local-ci-build-0 | DEBUG | d.t.c.a.a.p.s.AbstractGitService     : getOptions: localhost:7921
    23:45:52.420 | 677 8]-nio2-thread-3 | WARN  | o.e.j.i.t.s.OpenSshServerKeyDatabase : Could not update known hosts file /tmp/known_hosts
org.eclipse.jgit.errors.UnsupportedCredentialItem: /tmp/known_hosts: org.eclipse.jgit.transport.CredentialItem$YesNoType:Create file /tmp/known_hosts ?
	at org.eclipse.jgit.transport.UsernamePasswordCredentialsProvider.get(UsernamePasswordCredentialsProvider.java:100)
	at org.eclipse.jgit.transport.CredentialsProvider.get(CredentialsProvider.java:125)
	at org.eclipse.jgit.internal.transport.sshd.OpenSshServerKeyDatabase$AskUser.askUser(OpenSshServerKeyDatabase.java:429)
	at org.eclipse.jgit.internal.transport.sshd.OpenSshServerKeyDatabase$AskUser.createNewFile(OpenSshServerKeyDatabase.java:549)
	at org.eclipse.jgit.internal.transport.sshd.OpenSshServerKeyDatabase.accept(OpenSshServerKeyDatabase.java:249)
	at org.eclipse.jgit.internal.transport.sshd.JGitServerKeyVerifier.verifyServerKey(JGitServerKeyVerifier.java:94)
	at org.apache.sshd.client.session.AbstractClientSession.checkKeys(AbstractClientSession.java:637)
	at org.apache.sshd.common.session.helpers.AbstractSession.handleKexMessage(AbstractSession.java:767)
	at org.apache.sshd.common.session.helpers.AbstractSession.doHandleMessage(AbstractSession.java:622)
	at org.apache.sshd.common.session.helpers.AbstractSession.lambda$handleMessage$0(AbstractSession.java:546)
	at org.apache.sshd.common.util.threads.ThreadUtils.runAsInternal(ThreadUtils.java:68)
	at org.apache.sshd.common.session.helpers.AbstractSession.handleMessage(AbstractSession.java:545)
	at org.apache.sshd.common.session.helpers.AbstractSession.decode(AbstractSession.java:1729)
	at org.apache.sshd.common.session.helpers.AbstractSession.messageReceived(AbstractSession.java:506)
	at org.eclipse.jgit.internal.transport.sshd.JGitClientSession.messageReceived(JGitClientSession.java:223)
	at org.apache.sshd.common.session.helpers.AbstractSessionIoHandler.messageReceived(AbstractSessionIoHandler.java:64)
	at org.apache.sshd.common.io.nio2.Nio2Session.handleReadCycleCompletion(Nio2Session.java:409)
	at org.apache.sshd.common.io.nio2.Nio2Session$1.onCompleted(Nio2Session.java:382)
	at org.apache.sshd.common.io.nio2.Nio2Session$1.onCompleted(Nio2Session.java:377)
	at org.apache.sshd.common.io.nio2.Nio2CompletionHandler.lambda$completed$0(Nio2CompletionHandler.java:38)
	at java.base/java.security.AccessController.doPrivileged(AccessController.java:319)
	at org.apache.sshd.common.io.nio2.Nio2CompletionHandler.completed(Nio2CompletionHandler.java:37)
	at java.base/sun.nio.ch.Invoker.invokeUnchecked(Invoker.java:129)
	at java.base/sun.nio.ch.Invoker$2.run(Invoker.java:221)
	at java.base/sun.nio.ch.AsynchronousChannelGroupImpl$1.run(AsynchronousChannelGroupImpl.java:113)
	at java.base/java.util.concurrent.ThreadPoolExecutor.runWorker(ThreadPoolExecutor.java:1144)
	at java.base/java.util.concurrent.ThreadPoolExecutor$Worker.run(ThreadPoolExecutor.java:642)
	at java.base/java.lang.Thread.run(Thread.java:1583)
    23:45:52.472 | 960 1)-nio2-thread-2 | DEBUG | s.l.GitPublickeyAuthenticatorService : Authenticating build agent artemis-build-agent-test on address [127.0.0.1]:5703
    23:45:52.500 | 969 1)-nio2-thread-4 | DEBUG | s.l.GitPublickeyAuthenticatorService : Authenticating build agent artemis-build-agent-test on address [127.0.0.1]:5703
    23:45:52.545 | 958 1)-nio2-thread-1 | DEBUG | d.t.c.a.a.p.s.l.ssh.SshGitCommand    : start(ChannelSession[id=0, recipient=0]-ServerSessionImpl[git@/127.0.0.1:52450]) starting runner for command=git-upload-pack '/git/SHORT716C2EC10B19B049C80A2F00B97EAB20B2A9TSTEXC/short716c2ec10b19b049c80a2f00b97eab20b2a9tstexc-exercise.git'
    23:45:52.566 | 684 git-ssh-thread-1 | DEBUG | .t.c.a.a.p.s.l.LocalVCServletService : Path to resolve repository from: /tmp/SHORT716C2EC10B19B049C80A2F00B97EAB20B2A9TSTEXC/short716c2ec10b19b049c80a2f00b97eab20b2a9tstexc-exercise.git
    23:45:52.566 | 684 git-ssh-thread-1 | DEBUG | .t.c.a.a.p.s.l.LocalVCServletService : Opening local repository SHORT716C2EC10B19B049C80A2F00B97EAB20B2A9TSTEXC/short716c2ec10b19b049c80a2f00b97eab20b2a9tstexc-exercise.git
    23:45:52.567 | 684 git-ssh-thread-1 | DEBUG | .t.c.a.a.p.s.l.LocalVCServletService : Resolving repository for repository SHORT716C2EC10B19B049C80A2F00B97EAB20B2A9TSTEXC/short716c2ec10b19b049c80a2f00b97eab20b2a9tstexc-exercise.git took 614µs
    23:45:52.625 | 614 taskScheduler-3  | DEBUG | a.a.b.s.SharedQueueProcessingService : Currently processing jobs on this node: 1, active threads in Pool: 1, maximum pool size of thread executor : 1
    23:45:52.625 | 614 taskScheduler-3  | DEBUG | a.a.b.s.SharedQueueProcessingService : Node has no available threads currently
    23:45:52.701 | 684 git-ssh-thread-1 | DEBUG | d.t.c.a.a.p.s.l.ssh.SshGitCommand    : onExit(ServerSessionImpl[git@/127.0.0.1:52450])[SshGitCommand[git-upload-pack '/git/SHORT716C2EC10B19B049C80A2F00B97EAB20B2A9TSTEXC/short716c2ec10b19b049c80a2f00b97eab20b2a9tstexc-exercise.git'][session=ServerSessionImpl[git@/127.0.0.1:52450]]] exiting - value=0, message=
    23:45:52.703 | 969 1)-nio2-thread-4 | WARN  | o.a.s.s.session.ServerSessionImpl    : exceptionCaught(ServerSessionImpl[git@/127.0.0.1:52450])[state=Opened] IOException: Connection reset by peer
    23:45:52.703 | 969 1)-nio2-thread-4 | DEBUG | d.t.c.a.a.p.s.l.ssh.SshGitCommand    : destroy(ChannelSession[id=0, recipient=0]-ServerSessionImpl[git@/127.0.0.1:52450])[SshGitCommand[git-upload-pack '/git/SHORT716C2EC10B19B049C80A2F00B97EAB20B2A9TSTEXC/short716c2ec10b19b049c80a2f00b97eab20b2a9tstexc-exercise.git'][session=ServerSessionImpl[git@/127.0.0.1:52450]]] - shutdown executor service - runners count=0
    23:45:52.703 | 969 1)-nio2-thread-4 | DEBUG | d.t.c.a.a.p.s.l.ssh.SshGitCommand    : destroy(SshGitCommand[git-upload-pack '/git/SHORT716C2EC10B19B049C80A2F00B97EAB20B2A9TSTEXC/short716c2ec10b19b049c80a2f00b97eab20b2a9tstexc-exercise.git'][session=ServerSessionImpl[git@/127.0.0.1:52450]]) - failed (UnsupportedOperationException) to close file system=sun.nio.fs.LinuxFileSystem@348460d6: null
    23:45:52.713 | 576 local-ci-build-0 | WARN  | org.eclipse.jgit.lib.Repository      : close() called when useCnt is already zero for Repository[checked-out-repos/815e279f12ad296b4f24c44134a07293c04c010f/SHORT716C2EC10B19B049C80A2F00B97EAB20B2A9TSTEXC/short716c2ec10b19b049c80a2f00b97eab20b2a9tstexc-exercise/.git]
    23:45:52.713 | 576 local-ci-build-0 | DEBUG | d.t.c.a.a.b.s.BuildJobGitService     : Cloning from ssh://git@localhost:7921/git/SHORT716C2EC10B19B049C80A2F00B97EAB20B2A9TSTEXC/short716c2ec10b19b049c80a2f00b97eab20b2a9tstexc-tests.git to checked-out-repos/815e279f12ad296b4f24c44134a07293c04c010f/SHORT716C2EC10B19B049C80A2F00B97EAB20B2A9TSTEXC/short716c2ec10b19b049c80a2f00b97eab20b2a9tstexc-tests
    23:45:52.718 | 576 local-ci-build-0 | DEBUG | d.t.c.a.a.p.s.AbstractGitService     : getOptions: localhost:7921
    23:45:52.852 | 623 waitility-thread | DEBUG | .a.s.ParticipantScoreScheduleService : Processing of 1 results and 0 participant scores.
    23:45:52.859 |  27 nPool-1-worker-1 | INFO  | .c.a.a.p.i.LocalVCLocalCITestService : Expected commit hash: 1e531733ed6e9237f710b528d1eb0b7beac565fd
    23:45:52.859 |  27 nPool-1-worker-1 | INFO  | .c.a.a.p.i.LocalVCLocalCITestService : Submission with commit hash: 1e531733ed6e9237f710b528d1eb0b7beac565fd
    23:45:52.873 | 702 waitility-thread | DEBUG | .a.s.ParticipantScoreScheduleService : Processing of 0 results and 0 participant scores.
    23:45:52.917 | 701 0]-nio2-thread-4 | WARN  | o.e.j.i.t.s.OpenSshServerKeyDatabase : Could not update known hosts file /tmp/known_hosts
org.eclipse.jgit.errors.UnsupportedCredentialItem: /tmp/known_hosts: org.eclipse.jgit.transport.CredentialItem$YesNoType:Create file /tmp/known_hosts ?
	at org.eclipse.jgit.transport.UsernamePasswordCredentialsProvider.get(UsernamePasswordCredentialsProvider.java:100)
	at org.eclipse.jgit.transport.CredentialsProvider.get(CredentialsProvider.java:125)
	at org.eclipse.jgit.internal.transport.sshd.OpenSshServerKeyDatabase$AskUser.askUser(OpenSshServerKeyDatabase.java:429)
	at org.eclipse.jgit.internal.transport.sshd.OpenSshServerKeyDatabase$AskUser.createNewFile(OpenSshServerKeyDatabase.java:549)
	at org.eclipse.jgit.internal.transport.sshd.OpenSshServerKeyDatabase.accept(OpenSshServerKeyDatabase.java:249)
	at org.eclipse.jgit.internal.transport.sshd.JGitServerKeyVerifier.verifyServerKey(JGitServerKeyVerifier.java:94)
	at org.apache.sshd.client.session.AbstractClientSession.checkKeys(AbstractClientSession.java:637)
	at org.apache.sshd.common.session.helpers.AbstractSession.handleKexMessage(AbstractSession.java:767)
	at org.apache.sshd.common.session.helpers.AbstractSession.doHandleMessage(AbstractSession.java:622)
	at org.apache.sshd.common.session.helpers.AbstractSession.lambda$handleMessage$0(AbstractSession.java:546)
	at org.apache.sshd.common.util.threads.ThreadUtils.runAsInternal(ThreadUtils.java:68)
	at org.apache.sshd.common.session.helpers.AbstractSession.handleMessage(AbstractSession.java:545)
	at org.apache.sshd.common.session.helpers.AbstractSession.decode(AbstractSession.java:1729)
	at org.apache.sshd.common.session.helpers.AbstractSession.messageReceived(AbstractSession.java:506)
	at org.eclipse.jgit.internal.transport.sshd.JGitClientSession.messageReceived(JGitClientSession.java:223)
	at org.apache.sshd.common.session.helpers.AbstractSessionIoHandler.messageReceived(AbstractSessionIoHandler.java:64)
	at org.apache.sshd.common.io.nio2.Nio2Session.handleReadCycleCompletion(Nio2Session.java:409)
	at org.apache.sshd.common.io.nio2.Nio2Session$1.onCompleted(Nio2Session.java:382)
	at org.apache.sshd.common.io.nio2.Nio2Session$1.onCompleted(Nio2Session.java:377)
	at org.apache.sshd.common.io.nio2.Nio2CompletionHandler.lambda$completed$0(Nio2CompletionHandler.java:38)
	at java.base/java.security.AccessController.doPrivileged(AccessController.java:319)
	at org.apache.sshd.common.io.nio2.Nio2CompletionHandler.completed(Nio2CompletionHandler.java:37)
	at java.base/sun.nio.ch.Invoker.invokeUnchecked(Invoker.java:129)
	at java.base/sun.nio.ch.Invoker$2.run(Invoker.java:221)
	at java.base/sun.nio.ch.AsynchronousChannelGroupImpl$1.run(AsynchronousChannelGroupImpl.java:113)
	at java.base/java.util.concurrent.ThreadPoolExecutor.runWorker(ThreadPoolExecutor.java:1144)
	at java.base/java.util.concurrent.ThreadPoolExecutor$Worker.run(ThreadPoolExecutor.java:642)
	at java.base/java.lang.Thread.run(Thread.java:1583)

Finished logs for ExamServiceTest
    23:45:52.982 | 702 waitility-thread | DEBUG | .a.s.ParticipantScoreScheduleService : Processing of 0 results and 0 participant scores.
    23:45:53.003 | 958 1)-nio2-thread-1 | DEBUG | s.l.GitPublickeyAuthenticatorService : Authenticating build agent artemis-build-agent-test on address [127.0.0.1]:5703
    23:45:53.022 | 960 1)-nio2-thread-2 | DEBUG | s.l.GitPublickeyAuthenticatorService : Authenticating build agent artemis-build-agent-test on address [127.0.0.1]:5703
    23:45:53.065 | 970 1)-nio2-thread-5 | DEBUG | d.t.c.a.a.p.s.l.ssh.SshGitCommand    : start(ChannelSession[id=0, recipient=0]-ServerSessionImpl[git@/127.0.0.1:52454]) starting runner for command=git-upload-pack '/git/SHORT716C2EC10B19B049C80A2F00B97EAB20B2A9TSTEXC/short716c2ec10b19b049c80a2f00b97eab20b2a9tstexc-tests.git'
    23:45:53.072 | 709 git-ssh-thread-1 | DEBUG | .t.c.a.a.p.s.l.LocalVCServletService : Path to resolve repository from: /tmp/SHORT716C2EC10B19B049C80A2F00B97EAB20B2A9TSTEXC/short716c2ec10b19b049c80a2f00b97eab20b2a9tstexc-tests.git
    23:45:53.072 | 709 git-ssh-thread-1 | DEBUG | .t.c.a.a.p.s.l.LocalVCServletService : Retrieving cached local repository SHORT716C2EC10B19B049C80A2F00B97EAB20B2A9TSTEXC/short716c2ec10b19b049c80a2f00b97eab20b2a9tstexc-tests.git
    23:45:53.072 | 709 git-ssh-thread-1 | DEBUG | .t.c.a.a.p.s.l.LocalVCServletService : Resolving repository for repository SHORT716C2EC10B19B049C80A2F00B97EAB20B2A9TSTEXC/short716c2ec10b19b049c80a2f00b97eab20b2a9tstexc-tests.git took 45µs
    23:45:53.186 | 702 waitility-thread | DEBUG | .a.s.ParticipantScoreScheduleService : Processing of 0 results and 0 participant scores.
    23:45:53.206 | 709 git-ssh-thread-1 | DEBUG | d.t.c.a.a.p.s.l.ssh.SshGitCommand    : onExit(ServerSessionImpl[git@/127.0.0.1:52454])[SshGitCommand[git-upload-pack '/git/SHORT716C2EC10B19B049C80A2F00B97EAB20B2A9TSTEXC/short716c2ec10b19b049c80a2f00b97eab20b2a9tstexc-tests.git'][session=ServerSessionImpl[git@/127.0.0.1:52454]]] exiting - value=0, message=
    23:45:53.206 | 969 1)-nio2-thread-4 | DEBUG | d.t.c.a.a.p.s.l.ssh.SshGitCommand    : destroy(ChannelSession[id=0, recipient=0]-ServerSessionImpl[git@/127.0.0.1:52454])[SshGitCommand[git-upload-pack '/git/SHORT716C2EC10B19B049C80A2F00B97EAB20B2A9TSTEXC/short716c2ec10b19b049c80a2f00b97eab20b2a9tstexc-tests.git'][session=ServerSessionImpl[git@/127.0.0.1:52454]]] - shutdown executor service - runners count=0
    23:45:53.206 | 969 1)-nio2-thread-4 | DEBUG | d.t.c.a.a.p.s.l.ssh.SshGitCommand    : destroy(SshGitCommand[git-upload-pack '/git/SHORT716C2EC10B19B049C80A2F00B97EAB20B2A9TSTEXC/short716c2ec10b19b049c80a2f00b97eab20b2a9tstexc-tests.git'][session=ServerSessionImpl[git@/127.0.0.1:52454]]) - failed (UnsupportedOperationException) to close file system=sun.nio.fs.LinuxFileSystem@348460d6: null
    23:45:53.216 | 576 local-ci-build-0 | WARN  | org.eclipse.jgit.lib.Repository      : close() called when useCnt is already zero for Repository[checked-out-repos/815e279f12ad296b4f24c44134a07293c04c010f/SHORT716C2EC10B19B049C80A2F00B97EAB20B2A9TSTEXC/short716c2ec10b19b049c80a2f00b97eab20b2a9tstexc-tests/.git]
    23:45:53.217 | 576 local-ci-build-0 | INFO  | t.c.a.a.b.s.BuildJobExecutionService : ~~~~~~~~~~~~~~~~~~~~ Started container local-ci-20301739576752239 for build job 20301739576752239 ~~~~~~~~~~~~~~~~~~~~
    23:45:53.217 | 576 local-ci-build-0 | DEBUG | t.c.a.a.b.s.BuildJobExecutionService : ~~~~~~~~~~~~~~~~~~~~ Populating build job container with repositories and build script ~~~~~~~~~~~~~~~~~~~~
    23:45:53.225 | 576 local-ci-build-0 | DEBUG | t.c.a.a.b.s.BuildJobExecutionService : ~~~~~~~~~~~~~~~~~~~~ Executing Build Script for Build job 20301739576752239 ~~~~~~~~~~~~~~~~~~~~
    23:45:53.225 | 576 local-ci-build-0 | INFO  | t.c.a.a.b.s.BuildJobContainerService : Started running the build script for build job in container with id 1234567890
    23:45:53.225 | 576 local-ci-build-0 | INFO  | t.c.a.a.b.s.BuildJobExecutionService : ~~~~~~~~~~~~~~~~~~~~ Finished Executing Build Script for Build job 20301739576752239 ~~~~~~~~~~~~~~~~~~~~
    23:45:53.225 | 576 local-ci-build-0 | DEBUG | t.c.a.a.b.s.BuildJobExecutionService : ~~~~~~~~~~~~~~~~~~~~ Moving test results to specified directory for build job 20301739576752239 ~~~~~~~~~~~~~~~~~~~~
    23:45:53.226 | 576 local-ci-build-0 | INFO  | t.c.a.a.b.s.BuildJobExecutionService : ~~~~~~~~~~~~~~~~~~~~ Collecting test results from container 1234567890 for build job 20301739576752239 ~~~~~~~~~~~~~~~~~~~~
    23:45:53.232 | 576 local-ci-build-0 | WARN  | org.eclipse.jgit.lib.Repository      : close() called when useCnt is already zero for Repository[checked-out-repos/815e279f12ad296b4f24c44134a07293c04c010f/SHORT716C2EC10B19B049C80A2F00B97EAB20B2A9TSTEXC/short716c2ec10b19b049c80a2f00b97eab20b2a9tstexc-exercise/.git]
    23:45:53.235 | 576 local-ci-build-0 | DEBUG | d.t.c.a.a.p.s.AbstractGitService     : Deleted Repository at checked-out-repos/815e279f12ad296b4f24c44134a07293c04c010f/SHORT716C2EC10B19B049C80A2F00B97EAB20B2A9TSTEXC/short716c2ec10b19b049c80a2f00b97eab20b2a9tstexc-exercise
    23:45:53.236 | 576 local-ci-build-0 | WARN  | org.eclipse.jgit.lib.Repository      : close() called when useCnt is already zero for Repository[checked-out-repos/815e279f12ad296b4f24c44134a07293c04c010f/SHORT716C2EC10B19B049C80A2F00B97EAB20B2A9TSTEXC/short716c2ec10b19b049c80a2f00b97eab20b2a9tstexc-tests/.git]
    23:45:53.238 | 576 local-ci-build-0 | DEBUG | d.t.c.a.a.p.s.AbstractGitService     : Deleted Repository at checked-out-repos/815e279f12ad296b4f24c44134a07293c04c010f/SHORT716C2EC10B19B049C80A2F00B97EAB20B2A9TSTEXC/short716c2ec10b19b049c80a2f00b97eab20b2a9tstexc-tests
    23:45:53.238 | 576 local-ci-build-0 | INFO  | t.c.a.a.b.s.BuildJobExecutionService : Building and testing submission for repository short716c2ec10b19b049c80a2f00b97eab20b2a9tstexc-exercise and commit hash 815e279f12ad296b4f24c44134a07293c04c010f took 21.58ms for build job 20301739576752239
    23:45:53.238 | 566 localvc.event-13 | DEBUG | a.a.b.s.SharedQueueProcessingService : Build job completed: BuildJobQueueItem[id=20301739576752239, name=SHORT716C2EC10B19B049C80A2F00B97EAB20B2A9TSTEXC-BASE, buildAgent=BuildAgentDTO[name=artemis-build-agent-test, memberAddress=[127.0.0.1]:5703, displayName=artemis-build-agent-test], participationId=2030, courseId=993, exerciseId=2610, retryCount=0, priority=2, status=null, repositoryInfo=RepositoryInfo[repositoryName=short716c2ec10b19b049c80a2f00b97eab20b2a9tstexc-exercise, repositoryType=exercise, triggeredByPushTo=tests, assignmentRepositoryUri=http://localhost:49152/git/SHORT716C2EC10B19B049C80A2F00B97EAB20B2A9TSTEXC/short716c2ec10b19b049c80a2f00b97eab20b2a9tstexc-exercise.git, testRepositoryUri=http://localhost:49152/git/SHORT716C2EC10B19B049C80A2F00B97EAB20B2A9TSTEXC/short716c2ec10b19b049c80a2f00b97eab20b2a9tstexc-tests.git, solutionRepositoryUri=null, auxiliaryRepositoryUris=[Ljava.lang.String;@27bb2700, auxiliaryRepositoryCheckoutDirectories=[Ljava.lang.String;@7913eb72], jobTimingInfo=JobTimingInfo[submissionDate=2025-02-14T23:45:52.239402475Z[Etc/UTC], buildStartDate=2025-02-14T23:45:52.258713639Z[Etc/UTC], buildCompletionDate=null, estimatedCompletionDate=2025-02-14T23:45:53.258707428Z[Etc/UTC], estimatedDuration=1], buildConfig=BuildConfig[buildScript=#!/bin/bash
cd /var/tmp/testing-dir
chmod +x ./gradlew
./gradlew clean test
, dockerImage=dummy-docker-image:latest, commitHashToBuild=1e531733ed6e9237f710b528d1eb0b7beac565fd, assignmentCommitHash=815e279f12ad296b4f24c44134a07293c04c010f, testCommitHash=1e531733ed6e9237f710b528d1eb0b7beac565fd, branch=main, programmingLanguage=JAVA, projectType=PLAIN_GRADLE, scaEnabled=false, sequentialTestRunsEnabled=false, resultPaths=[/var/tmp/testing-dir/**/test-results/test/*.xml], timeoutSeconds=0, assignmentCheckoutPath=null, testCheckoutPath=null, solutionCheckoutPath=null, dockerRunConfig=null], submissionResult=null]
    23:45:53.239 | 568 localvc.event-15 | DEBUG | a.p.s.l.LocalCIQueueWebsocketService : CIBuildJobQueueItem removed from processing jobs: BuildJobQueueItem[id=20301739576752239, name=SHORT716C2EC10B19B049C80A2F00B97EAB20B2A9TSTEXC-BASE, buildAgent=BuildAgentDTO[name=artemis-build-agent-test, memberAddress=[127.0.0.1]:5703, displayName=artemis-build-agent-test], participationId=2030, courseId=993, exerciseId=2610, retryCount=0, priority=2, status=null, repositoryInfo=RepositoryInfo[repositoryName=short716c2ec10b19b049c80a2f00b97eab20b2a9tstexc-exercise, repositoryType=exercise, triggeredByPushTo=tests, assignmentRepositoryUri=http://localhost:49152/git/SHORT716C2EC10B19B049C80A2F00B97EAB20B2A9TSTEXC/short716c2ec10b19b049c80a2f00b97eab20b2a9tstexc-exercise.git, testRepositoryUri=http://localhost:49152/git/SHORT716C2EC10B19B049C80A2F00B97EAB20B2A9TSTEXC/short716c2ec10b19b049c80a2f00b97eab20b2a9tstexc-tests.git, solutionRepositoryUri=null, auxiliaryRepositoryUris=[Ljava.lang.String;@737899e3, auxiliaryRepositoryCheckoutDirectories=[Ljava.lang.String;@73edfed1], jobTimingInfo=JobTimingInfo[submissionDate=2025-02-14T23:45:52.239402475Z[Etc/UTC], buildStartDate=2025-02-14T23:45:52.258713639Z[Etc/UTC], buildCompletionDate=null, estimatedCompletionDate=2025-02-14T23:45:53.258707428Z[Etc/UTC], estimatedDuration=1], buildConfig=BuildConfig[buildScript=#!/bin/bash
cd /var/tmp/testing-dir
chmod +x ./gradlew
./gradlew clean test
, dockerImage=dummy-docker-image:latest, commitHashToBuild=1e531733ed6e9237f710b528d1eb0b7beac565fd, assignmentCommitHash=815e279f12ad296b4f24c44134a07293c04c010f, testCommitHash=1e531733ed6e9237f710b528d1eb0b7beac565fd, branch=main, programmingLanguage=JAVA, projectType=PLAIN_GRADLE, scaEnabled=false, sequentialTestRunsEnabled=false, resultPaths=[/var/tmp/testing-dir/**/test-results/test/*.xml], timeoutSeconds=0, assignmentCheckoutPath=null, testCheckoutPath=null, solutionCheckoutPath=null, dockerRunConfig=null], submissionResult=null]
    23:45:53.239 | 568 localvc.event-15 | DEBUG | s.l.LocalCIWebsocketMessagingService : Sending message on topic /topic/admin/running-jobs: []
    23:45:53.239 | 568 localvc.event-15 | DEBUG | s.l.LocalCIWebsocketMessagingService : Sending message on topic /topic/courses/993/running-jobs: []
    23:45:53.247 | 566 localvc.event-13 | DEBUG | a.a.b.s.SharedQueueProcessingService : Currently processing jobs on this node: 0, active threads in Pool: 0, maximum pool size of thread executor : 1
    23:45:53.248 | 566 localvc.event-13 | DEBUG | s.l.LocalCIWebsocketMessagingService : Sending message on topic /topic/admin/queued-jobs: []
    23:45:53.248 | 566 localvc.event-13 | DEBUG | s.l.LocalCIWebsocketMessagingService : Sending message on topic /topic/courses/993/queued-jobs: []
    23:45:53.248 | 566 localvc.event-13 | DEBUG | a.a.b.s.SharedQueueProcessingService : CIBuildJobQueueItem removed from queue: BuildJobQueueItem[id=20301739576752239, name=SHORT716C2EC10B19B049C80A2F00B97EAB20B2A9TSTEXC-BASE, buildAgent=BuildAgentDTO[name=null, memberAddress=null, displayName=null], participationId=2030, courseId=993, exerciseId=2610, retryCount=0, priority=2, status=null, repositoryInfo=RepositoryInfo[repositoryName=short716c2ec10b19b049c80a2f00b97eab20b2a9tstexc-exercise, repositoryType=exercise, triggeredByPushTo=tests, assignmentRepositoryUri=http://localhost:49152/git/SHORT716C2EC10B19B049C80A2F00B97EAB20B2A9TSTEXC/short716c2ec10b19b049c80a2f00b97eab20b2a9tstexc-exercise.git, testRepositoryUri=http://localhost:49152/git/SHORT716C2EC10B19B049C80A2F00B97EAB20B2A9TSTEXC/short716c2ec10b19b049c80a2f00b97eab20b2a9tstexc-tests.git, solutionRepositoryUri=null, auxiliaryRepositoryUris=[Ljava.lang.String;@4cf1eb75, auxiliaryRepositoryCheckoutDirectories=[Ljava.lang.String;@4652303b], jobTimingInfo=JobTimingInfo[submissionDate=2025-02-14T23:45:52.239402475Z[Etc/UTC], buildStartDate=null, buildCompletionDate=null, estimatedCompletionDate=null, estimatedDuration=1], buildConfig=BuildConfig[buildScript=#!/bin/bash
cd /var/tmp/testing-dir
chmod +x ./gradlew
./gradlew clean test
, dockerImage=dummy-docker-image:latest, commitHashToBuild=1e531733ed6e9237f710b528d1eb0b7beac565fd, assignmentCommitHash=815e279f12ad296b4f24c44134a07293c04c010f, testCommitHash=1e531733ed6e9237f710b528d1eb0b7beac565fd, branch=main, programmingLanguage=JAVA, projectType=PLAIN_GRADLE, scaEnabled=false, sequentialTestRunsEnabled=false, resultPaths=[/var/tmp/testing-dir/**/test-results/test/*.xml], timeoutSeconds=0, assignmentCheckoutPath=null, testCheckoutPath=null, solutionCheckoutPath=null, dockerRunConfig=null], submissionResult=null]
    23:45:53.249 | 566 localvc.event-13 | DEBUG | s.l.LocalCIWebsocketMessagingService : Sending message on topic /topic/admin/queued-jobs: []
    23:45:53.249 | 566 localvc.event-13 | DEBUG | s.l.LocalCIWebsocketMessagingService : Sending message on topic /topic/courses/993/queued-jobs: []
    23:45:53.249 | 566 localvc.event-13 | DEBUG | a.p.s.l.LocalCIQueueWebsocketService : Build agent updated: BuildAgentInformation[buildAgent=BuildAgentDTO[name=artemis-build-agent-test, memberAddress=[127.0.0.1]:5703, displayName=artemis-build-agent-test], maxNumberOfConcurrentBuildJobs=1, numberOfCurrentBuildJobs=1, runningBuildJobs=[BuildJobQueueItem[id=20301739576752239, name=SHORT716C2EC10B19B049C80A2F00B97EAB20B2A9TSTEXC-BASE, buildAgent=BuildAgentDTO[name=artemis-build-agent-test, memberAddress=[127.0.0.1]:5703, displayName=artemis-build-agent-test], participationId=2030, courseId=993, exerciseId=2610, retryCount=0, priority=2, status=null, repositoryInfo=RepositoryInfo[repositoryName=short716c2ec10b19b049c80a2f00b97eab20b2a9tstexc-exercise, repositoryType=exercise, triggeredByPushTo=tests, assignmentRepositoryUri=http://localhost:49152/git/SHORT716C2EC10B19B049C80A2F00B97EAB20B2A9TSTEXC/short716c2ec10b19b049c80a2f00b97eab20b2a9tstexc-exercise.git, testRepositoryUri=http://localhost:49152/git/SHORT716C2EC10B19B049C80A2F00B97EAB20B2A9TSTEXC/short716c2ec10b19b049c80a2f00b97eab20b2a9tstexc-tests.git, solutionRepositoryUri=null, auxiliaryRepositoryUris=[Ljava.lang.String;@b475e19, auxiliaryRepositoryCheckoutDirectories=[Ljava.lang.String;@5cc374a2], jobTimingInfo=JobTimingInfo[submissionDate=2025-02-14T23:45:52.239402475Z[Etc/UTC], buildStartDate=2025-02-14T23:45:52.258713639Z[Etc/UTC], buildCompletionDate=null, estimatedCompletionDate=2025-02-14T23:45:53.258707428Z[Etc/UTC], estimatedDuration=1], buildConfig=BuildConfig[buildScript=#!/bin/bash
cd /var/tmp/testing-dir
chmod +x ./gradlew
./gradlew clean test
, dockerImage=dummy-docker-image:latest, commitHashToBuild=1e531733ed6e9237f710b528d1eb0b7beac565fd, assignmentCommitHash=815e279f12ad296b4f24c44134a07293c04c010f, testCommitHash=1e531733ed6e9237f710b528d1eb0b7beac565fd, branch=main, programmingLanguage=JAVA, projectType=PLAIN_GRADLE, scaEnabled=false, sequentialTestRunsEnabled=false, resultPaths=[/var/tmp/testing-dir/**/test-results/test/*.xml], timeoutSeconds=0, assignmentCheckoutPath=null, testCheckoutPath=null, solutionCheckoutPath=null, dockerRunConfig=null], submissionResult=null]], status=ACTIVE, recentBuildJobs=[BuildJobQueueItem[id=19141739576708030, name=SHORT5F02A8F400311042E70858306EB148073CFDTSTEXC-LOCALVCINTSTUDENT1, buildAgent=BuildAgentDTO[name=artemis-build-agent-test, memberAddress=[127.0.0.1]:5703, displayName=artemis-build-agent-test], participationId=1914, courseId=947, exerciseId=2564, retryCount=0, priority=2, status=FAILED, repositoryInfo=RepositoryInfo[repositoryName=short5f02a8f400311042e70858306eb148073cfdtstexc-localvcintstudent1, repositoryType=user, triggeredByPushTo=user, assignmentRepositoryUri=http://localhost:49152/git/SHORT5F02A8F400311042E70858306EB148073CFDTSTEXC/short5f02a8f400311042e70858306eb148073cfdtstexc-localvcintstudent1.git, testRepositoryUri=http://localhost:49152/git/SHORT5F02A8F400311042E70858306EB148073CFDTSTEXC/short5f02a8f400311042e70858306eb148073cfdtstexc-tests.git, solutionRepositoryUri=null, auxiliaryRepositoryUris=[Ljava.lang.String;@24ffa327, auxiliaryRepositoryCheckoutDirectories=[Ljava.lang.String;@191d867c], jobTimingInfo=JobTimingInfo[submissionDate=2025-02-14T23:45:08.030118216Z[Etc/UTC], buildStartDate=2025-02-14T23:45:08.041011412Z[Etc/UTC], buildCompletionDate=2025-02-14T23:45:08.054603331Z[Etc/UTC], estimatedCompletionDate=2025-02-14T23:45:27.041005080Z[Etc/UTC], estimatedDuration=19], buildConfig=BuildConfig[buildScript=#!/bin/bash
cd /var/tmp/testing-dir
chmod +x ./gradlew
./gradlew clean test
, dockerImage=dummy-docker-image:latest, commitHashToBuild=6e7146cac5059504aa9d170ec3fa23aec740bb51, assignmentCommitHash=6e7146cac5059504aa9d170ec3fa23aec740bb51, testCommitHash=931e5303581c7a2f01339ba603cfafbfe668b901, branch=main, programmingLanguage=JAVA, projectType=PLAIN_GRADLE, scaEnabled=false, sequentialTestRunsEnabled=false, resultPaths=[/var/tmp/testing-dir/**/test-results/test/*.xml], timeoutSeconds=0, assignmentCheckoutPath=null, testCheckoutPath=null, solutionCheckoutPath=null, dockerRunConfig=null], submissionResult=ResultDTO[id=622, completionDate=2025-02-14T23:45:08.054683681Z[Etc/UTC], successful=false, score=0.0, rated=true, submission=SubmissionDTO[id=814, submitted=true, type=MANUAL, exampleSubmission=null, submissionDate=2025-02-14T23:45:08.016200Z, commitHash=6e7146cac5059504aa9d170ec3fa23aec740bb51, buildFailed=true, buildArtifact=false, participation=ParticipationDTO[id=1914, testRun=false, type=programming, submissionCount=null, exercise=ParticipationExerciseDTO[id=2564, exerciseType=PROGRAMMING, type=programming, assessmentType=AUTOMATIC, dueDate=2025-02-16T23:45:07.324348Z, assessmentDueDate=null, maxPoints=42.0, course=CourseDTO[id=947, accuracyOfScores=1]]], submissionExerciseType=programming, isProcessing=false, buildStartDate=null, estimatedCompletionDate=null], participation=ParticipationDTO[id=1914, testRun=false, type=programming, submissionCount=null, exercise=ParticipationExerciseDTO[id=2564, exerciseType=PROGRAMMING, type=programming, assessmentType=AUTOMATIC, dueDate=2025-02-16T23:45:07.324348Z, assessmentDueDate=null, maxPoints=42.0, course=CourseDTO[id=947, accuracyOfScores=1]]], feedbacks=[], assessmentType=AUTOMATIC, hasComplaint=null, exampleResult=null, testCaseCount=0, passedTestCaseCount=0, codeIssueCount=0]], BuildJobQueueItem[id=19361739576711303, name=SHORT9AFDAE3804CA304DDF0889A0CB0F56104A86TSTEXC-LOCALVCINTSTUDENT1, buildAgent=BuildAgentDTO[name=artemis-build-agent-test, memberAddress=[127.0.0.1]:5703, displayName=artemis-build-agent-test], participationId=1936, courseId=956, exerciseId=2573, retryCount=0, priority=2, status=FAILED, repositoryInfo=RepositoryInfo[repositoryName=short9afdae3804ca304ddf0889a0cb0f56104a86tstexc-localvcintstudent1, repositoryType=user, triggeredByPushTo=user, assignmentRepositoryUri=http://localhost:49152/git/SHORT9AFDAE3804CA304DDF0889A0CB0F56104A86TSTEXC/short9afdae3804ca304ddf0889a0cb0f56104a86tstexc-localvcintstudent1.git, testRepositoryUri=http://localhost:49152/git/SHORT9AFDAE3804CA304DDF0889A0CB0F56104A86TSTEXC/short9afdae3804ca304ddf0889a0cb0f56104a86tstexc-tests.git, solutionRepositoryUri=null, auxiliaryRepositoryUris=[Ljava.lang.String;@281bb4d0, auxiliaryRepositoryCheckoutDirectories=[Ljava.lang.String;@6fbab315], jobTimingInfo=JobTimingInfo[submissionDate=2025-02-14T23:45:11.303805653Z[Etc/UTC], buildStartDate=2025-02-14T23:45:11.310981356Z[Etc/UTC], buildCompletionDate=2025-02-14T23:45:11.319178384Z[Etc/UTC], estimatedCompletionDate=2025-02-14T23:45:30.310974944Z[Etc/UTC], estimatedDuration=19], buildConfig=BuildConfig[buildScript=#!/bin/bash
cd /var/tmp/testing-dir
chmod +x ./gradlew
./gradlew clean test
, dockerImage=dummy-docker-image:latest, commitHashToBuild=a1099e378cffde441ef85f9b12577ca174b8e1e4, assignmentCommitHash=a1099e378cffde441ef85f9b12577ca174b8e1e4, testCommitHash=bd38d61c299ab11a1dea82a3ca5493fe04d97d47, branch=main, programmingLanguage=JAVA, projectType=PLAIN_GRADLE, scaEnabled=false, sequentialTestRunsEnabled=false, resultPaths=[/var/tmp/testing-dir/**/test-results/test/*.xml], timeoutSeconds=0, assignmentCheckoutPath=null, testCheckoutPath=null, solutionCheckoutPath=null, dockerRunConfig=null], submissionResult=ResultDTO[id=623, completionDate=2025-02-14T23:45:11.319278430Z[Etc/UTC], successful=false, score=0.0, rated=true, submission=SubmissionDTO[id=815, submitted=true, type=MANUAL, exampleSubmission=null, submissionDate=2025-02-14T23:45:11.294386Z, commitHash=a1099e378cffde441ef85f9b12577ca174b8e1e4, buildFailed=true, buildArtifact=false, participation=ParticipationDTO[id=1936, testRun=false, type=programming, submissionCount=null, exercise=ParticipationExerciseDTO[id=2573, exerciseType=PROGRAMMING, type=programming, assessmentType=AUTOMATIC, dueDate=2025-02-16T23:45:10.996982Z, assessmentDueDate=null, maxPoints=42.0, course=CourseDTO[id=956, accuracyOfScores=1]]], submissionExerciseType=programming, isProcessing=false, buildStartDate=null, estimatedCompletionDate=null], participation=ParticipationDTO[id=1936, testRun=false, type=programming, submissionCount=null, exercise=ParticipationExerciseDTO[id=2573, exerciseType=PROGRAMMING, type=programming, assessmentType=AUTOMATIC, dueDate=2025-02-16T23:45:10.996982Z, assessmentDueDate=null, maxPoints=42.0, course=CourseDTO[id=956, accuracyOfScores=1]]], feedbacks=[], assessmentType=AUTOMATIC, hasComplaint=null, exampleResult=null, testCaseCount=0, passedTestCaseCount=0, codeIssueCount=0]], BuildJobQueueItem[id=19351739576711674, name=SHORT9AFDAE3804CA304DDF0889A0CB0F56104A86TSTEXC-BASE, buildAgent=BuildAgentDTO[name=artemis-build-agent-test, memberAddress=[127.0.0.1]:5703, displayName=artemis-build-agent-test], participationId=1935, courseId=956, exerciseId=2573, retryCount=0, priority=2, status=FAILED, repositoryInfo=RepositoryInfo[repositoryName=short9afdae3804ca304ddf0889a0cb0f56104a86tstexc-exercise, repositoryType=exercise, triggeredByPushTo=exercise, assignmentRepositoryUri=http://localhost:49152/git/SHORT9AFDAE3804CA304DDF0889A0CB0F56104A86TSTEXC/short9afdae3804ca304ddf0889a0cb0f56104a86tstexc-exercise.git, testRepositoryUri=http://localhost:49152/git/SHORT9AFDAE3804CA304DDF0889A0CB0F56104A86TSTEXC/short9afdae3804ca304ddf0889a0cb0f56104a86tstexc-tests.git, solutionRepositoryUri=null, auxiliaryRepositoryUris=[Ljava.lang.String;@3605d35e, auxiliaryRepositoryCheckoutDirectories=[Ljava.lang.String;@435e8d84], jobTimingInfo=JobTimingInfo[submissionDate=2025-02-14T23:45:11.674556681Z[Etc/UTC], buildStartDate=2025-02-14T23:45:11.677776879Z[Etc/UTC], buildCompletionDate=2025-02-14T23:45:11.688097378Z[Etc/UTC], estimatedCompletionDate=2025-02-14T23:45:30.677771620Z[Etc/UTC], estimatedDuration=19], buildConfig=BuildConfig[buildScript=#!/bin/bash
cd /var/tmp/testing-dir
chmod +x ./gradlew
./gradlew clean test
, dockerImage=dummy-docker-image:latest, commitHashToBuild=a1099e378cffde441ef85f9b12577ca174b8e1e4, assignmentCommitHash=a1099e378cffde441ef85f9b12577ca174b8e1e4, testCommitHash=bd38d61c299ab11a1dea82a3ca5493fe04d97d47, branch=main, programmingLanguage=JAVA, projectType=PLAIN_GRADLE, scaEnabled=false, sequentialTestRunsEnabled=false, resultPaths=[/var/tmp/testing-dir/**/test-results/test/*.xml], timeoutSeconds=0, assignmentCheckoutPath=null, testCheckoutPath=null, solutionCheckoutPath=null, dockerRunConfig=null], submissionResult=ResultDTO[id=624, completionDate=2025-02-14T23:45:11.688214837Z[Etc/UTC], successful=false, score=0.0, rated=true, submission=SubmissionDTO[id=816, submitted=true, type=MANUAL, exampleSubmission=null, submissionDate=2025-02-14T23:45:11.656934Z, commitHash=a1099e378cffde441ef85f9b12577ca174b8e1e4, buildFailed=true, buildArtifact=false, participation=ParticipationDTO[id=1935, testRun=false, type=template, submissionCount=null, exercise=ParticipationExerciseDTO[id=2573, exerciseType=PROGRAMMING, type=programming, assessmentType=AUTOMATIC, dueDate=2025-02-16T23:45:10.996982Z, assessmentDueDate=null, maxPoints=42.0, course=CourseDTO[id=956, accuracyOfScores=1]]], submissionExerciseType=programming, isProcessing=false, buildStartDate=null, estimatedCompletionDate=null], participation=ParticipationDTO[id=1935, testRun=false, type=template, submissionCount=null, exercise=ParticipationExerciseDTO[id=2573, exerciseType=PROGRAMMING, type=programming, assessmentType=AUTOMATIC, dueDate=2025-02-16T23:45:10.996982Z, assessmentDueDate=null, maxPoints=42.0, course=CourseDTO[id=956, accuracyOfScores=1]]], feedbacks=[], assessmentType=AUTOMATIC, hasComplaint=null, exampleResult=null, testCaseCount=0, passedTestCaseCount=0, codeIssueCount=0]], BuildJobQueueItem[id=19341739576712112, name=SHORT9AFDAE3804CA304DDF0889A0CB0F56104A86TSTEXC-SOLUTION, buildAgent=BuildAgentDTO[name=artemis-build-agent-test, memberAddress=[127.0.0.1]:5703, displayName=artemis-build-agent-test], participationId=1934, courseId=956, exerciseId=2573, retryCount=0, priority=2, status=FAILED, repositoryInfo=RepositoryInfo[repositoryName=short9afdae3804ca304ddf0889a0cb0f56104a86tstexc-solution, repositoryType=solution, triggeredByPushTo=solution, assignmentRepositoryUri=http://localhost:49152/git/SHORT9AFDAE3804CA304DDF0889A0CB0F56104A86TSTEXC/short9afdae3804ca304ddf0889a0cb0f56104a86tstexc-solution.git, testRepositoryUri=http://localhost:49152/git/SHORT9AFDAE3804CA304DDF0889A0CB0F56104A86TSTEXC/short9afdae3804ca304ddf0889a0cb0f56104a86tstexc-tests.git, solutionRepositoryUri=null, auxiliaryRepositoryUris=[Ljava.lang.String;@36161c0b, auxiliaryRepositoryCheckoutDirectories=[Ljava.lang.String;@c0e23c7], jobTimingInfo=JobTimingInfo[submissionDate=2025-02-14T23:45:12.112332872Z[Etc/UTC], buildStartDate=2025-02-14T23:45:12.121617114Z[Etc/UTC], buildCompletionDate=2025-02-14T23:45:12.127931701Z[Etc/UTC], estimatedCompletionDate=2025-02-14T23:45:31.121609600Z[Etc/UTC], estimatedDuration=19], buildConfig=BuildConfig[buildScript=#!/bin/bash
cd /var/tmp/testing-dir
chmod +x ./gradlew
./gradlew clean test
, dockerImage=dummy-docker-image:latest, commitHashToBuild=a1099e378cffde441ef85f9b12577ca174b8e1e4, assignmentCommitHash=a1099e378cffde441ef85f9b12577ca174b8e1e4, testCommitHash=bd38d61c299ab11a1dea82a3ca5493fe04d97d47, branch=main, programmingLanguage=JAVA, projectType=PLAIN_GRADLE, scaEnabled=false, sequentialTestRunsEnabled=false, resultPaths=[/var/tmp/testing-dir/**/test-results/test/*.xml], timeoutSeconds=0, assignmentCheckoutPath=null, testCheckoutPath=null, solutionCheckoutPath=null, dockerRunConfig=null], submissionResult=ResultDTO[id=625, completionDate=2025-02-14T23:45:12.128011800Z[Etc/UTC], successful=false, score=0.0, rated=true, submission=SubmissionDTO[id=817, submitted=true, type=MANUAL, exampleSubmission=null, submissionDate=2025-02-14T23:45:12.098737Z, commitHash=a1099e378cffde441ef85f9b12577ca174b8e1e4, buildFailed=true, buildArtifact=false, participation=ParticipationDTO[id=1934, testRun=false, type=solution, submissionCount=null, exercise=ParticipationExerciseDTO[id=2573, exerciseType=PROGRAMMING, type=programming, assessmentType=AUTOMATIC, dueDate=2025-02-16T23:45:10.996982Z, assessmentDueDate=null, maxPoints=42.0, course=CourseDTO[id=956, accuracyOfScores=1]]], submissionExerciseType=programming, isProcessing=false, buildStartDate=null, estimatedCompletionDate=null], participation=ParticipationDTO[id=1934, testRun=false, type=solution, submissionCount=null, exercise=ParticipationExerciseDTO[id=2573, exerciseType=PROGRAMMING, type=programming, assessmentType=AUTOMATIC, dueDate=2025-02-16T23:45:10.996982Z, assessmentDueDate=null, maxPoints=42.0, course=CourseDTO[id=956, accuracyOfScores=1]]], feedbacks=[], assessmentType=AUTOMATIC, hasComplaint=null, exampleResult=null, testCaseCount=0, passedTestCaseCount=0, codeIssueCount=0]], BuildJobQueueItem[id=19341739576713025, name=SHORT9AFDAE3804CA304DDF0889A0CB0F56104A86TSTEXC-SOLUTION, buildAgent=BuildAgentDTO[name=artemis-build-agent-test, memberAddress=[127.0.0.1]:5703, displayName=artemis-build-agent-test], participationId=1934, courseId=956, exerciseId=2573, retryCount=0, priority=2, status=FAILED, repositoryInfo=RepositoryInfo[repositoryName=short9afdae3804ca304ddf0889a0cb0f56104a86tstexc-solution, repositoryType=solution, triggeredByPushTo=tests, assignmentRepositoryUri=http://localhost:49152/git/SHORT9AFDAE3804CA304DDF0889A0CB0F56104A86TSTEXC/short9afdae3804ca304ddf0889a0cb0f56104a86tstexc-solution.git, testRepositoryUri=http://localhost:49152/git/SHORT9AFDAE3804CA304DDF0889A0CB0F56104A86TSTEXC/short9afdae3804ca304ddf0889a0cb0f56104a86tstexc-tests.git, solutionRepositoryUri=null, auxiliaryRepositoryUris=[Ljava.lang.String;@14099e3b, auxiliaryRepositoryCheckoutDirectories=[Ljava.lang.String;@230c1393], jobTimingInfo=JobTimingInfo[submissionDate=2025-02-14T23:45:13.025319671Z[Etc/UTC], buildStartDate=2025-02-14T23:45:13.040293146Z[Etc/UTC], buildCompletionDate=2025-02-14T23:45:13.053032917Z[Etc/UTC], estimatedCompletionDate=2025-02-14T23:45:32.040285703Z[Etc/UTC], estimatedDuration=19], buildConfig=BuildConfig[buildScript=#!/bin/bash
cd /var/tmp/testing-dir
chmod +x ./gradlew
./gradlew clean test
, dockerImage=dummy-docker-image:latest, commitHashToBuild=784f8f0049d2a1a54f21c67dd772bea86715267a, assignmentCommitHash=a1099e378cffde441ef85f9b12577ca174b8e1e4, testCommitHash=784f8f0049d2a1a54f21c67dd772bea86715267a, branch=main, programmingLanguage=JAVA, projectType=PLAIN_GRADLE, scaEnabled=false, sequentialTestRunsEnabled=false, resultPaths=[/var/tmp/testing-dir/**/test-results/test/*.xml], timeoutSeconds=0, assignmentCheckoutPath=null, testCheckoutPath=null, solutionCheckoutPath=null, dockerRunConfig=null], submissionResult=ResultDTO[id=626, completionDate=2025-02-14T23:45:13.053131811Z[Etc/UTC], successful=false, score=0.0, rated=true, submission=SubmissionDTO[id=818, submitted=true, type=TEST, exampleSubmission=null, submissionDate=2025-02-14T23:45:13.005779Z, commitHash=784f8f0049d2a1a54f21c67dd772bea86715267a, buildFailed=true, buildArtifact=false, participation=ParticipationDTO[id=1934, testRun=false, type=solution, submissionCount=null, exercise=ParticipationExerciseDTO[id=2573, exerciseType=PROGRAMMING, type=programming, assessmentType=AUTOMATIC, dueDate=2025-02-16T23:45:10.996982Z, assessmentDueDate=null, maxPoints=42.0, course=CourseDTO[id=956, accuracyOfScores=1]]], submissionExerciseType=programming, isProcessing=false, buildStartDate=null, estimatedCompletionDate=null], participation=ParticipationDTO[id=1934, testRun=false, type=solution, submissionCount=null, exercise=ParticipationExerciseDTO[id=2573, exerciseType=PROGRAMMING, type=programming, assessmentType=AUTOMATIC, dueDate=2025-02-16T23:45:10.996982Z, assessmentDueDate=null, maxPoints=42.0, course=CourseDTO[id=956, accuracyOfScores=1]]], feedbacks=[], assessmentType=AUTOMATIC, hasComplaint=null, exampleResult=null, testCaseCount=0, passedTestCaseCount=0, codeIssueCount=0]], BuildJobQueueItem[id=19581739576715555, name=SHORTC1A3F9FC03D2304B4308FA20AF16D54AAA49TSTEXC-LOCALVCSSHINTSTUDENT1, buildAgent=BuildAgentDTO[name=artemis-build-agent-test, memberAddress=[127.0.0.1]:5703, displayName=artemis-build-agent-test], participationId=1958, courseId=965, exerciseId=2582, retryCount=0, priority=2, status=FAILED, repositoryInfo=RepositoryInfo[repositoryName=shortc1a3f9fc03d2304b4308fa20af16d54aaa49tstexc-localvcsshintstudent1, repositoryType=user, triggeredByPushTo=user, assignmentRepositoryUri=http://localhost:49152/git/SHORTC1A3F9FC03D2304B4308FA20AF16D54AAA49TSTEXC/shortc1a3f9fc03d2304b4308fa20af16d54aaa49tstexc-localvcsshintstudent1.git, testRepositoryUri=http://localhost:49152/git/SHORTC1A3F9FC03D2304B4308FA20AF16D54AAA49TSTEXC/shortc1a3f9fc03d2304b4308fa20af16d54aaa49tstexc-tests.git, solutionRepositoryUri=null, auxiliaryRepositoryUris=[Ljava.lang.String;@257cb5bd, auxiliaryRepositoryCheckoutDirectories=[Ljava.lang.String;@5811bace], jobTimingInfo=JobTimingInfo[submissionDate=2025-02-14T23:45:15.555989584Z[Etc/UTC], buildStartDate=2025-02-14T23:45:15.568477627Z[Etc/UTC], buildCompletionDate=2025-02-14T23:45:15.579021148Z[Etc/UTC], estimatedCompletionDate=2025-02-14T23:45:34.568443924Z[Etc/UTC], estimatedDuration=19], buildConfig=BuildConfig[buildScript=#!/bin/bash
cd /var/tmp/testing-dir
chmod +x ./gradlew
./gradlew clean test
, dockerImage=dummy-docker-image:latest, commitHashToBuild=ca76dac20e040e6609db02fd7fedd56bf58829d7, assignmentCommitHash=ca76dac20e040e6609db02fd7fedd56bf58829d7, testCommitHash=bd0d58c226dc63bfa4bc9052870589952c0a1f83, branch=main, programmingLanguage=JAVA, projectType=PLAIN_GRADLE, scaEnabled=false, sequentialTestRunsEnabled=false, resultPaths=[/var/tmp/testing-dir/**/test-results/test/*.xml], timeoutSeconds=0, assignmentCheckoutPath=null, testCheckoutPath=null, solutionCheckoutPath=null, dockerRunConfig=null], submissionResult=ResultDTO[id=627, completionDate=2025-02-14T23:45:15.579119131Z[Etc/UTC], successful=false, score=0.0, rated=true, submission=SubmissionDTO[id=820, submitted=true, type=MANUAL, exampleSubmission=null, submissionDate=2025-02-14T23:45:15.548349Z, commitHash=ca76dac20e040e6609db02fd7fedd56bf58829d7, buildFailed=true, buildArtifact=false, participation=ParticipationDTO[id=1958, testRun=false, type=programming, submissionCount=null, exercise=ParticipationExerciseDTO[id=2582, exerciseType=PROGRAMMING, type=programming, assessmentType=AUTOMATIC, dueDate=2025-02-16T23:45:15.103512Z, assessmentDueDate=null, maxPoints=42.0, course=CourseDTO[id=965, accuracyOfScores=1]]], submissionExerciseType=programming, isProcessing=false, buildStartDate=null, estimatedCompletionDate=null], participation=ParticipationDTO[id=1958, testRun=false, type=programming, submissionCount=null, exercise=ParticipationExerciseDTO[id=2582, exerciseType=PROGRAMMING, type=programming, assessmentType=AUTOMATIC, dueDate=2025-02-16T23:45:15.103512Z, assessmentDueDate=null, maxPoints=42.0, course=CourseDTO[id=965, accuracyOfScores=1]]], feedbacks=[], assessmentType=AUTOMATIC, hasComplaint=null, exampleResult=null, testCaseCount=0, passedTestCaseCount=0, codeIssueCount=0]], BuildJobQueueItem[id=19801739576719393, name=SHORTB2A6C58B0D447045380A858075B170A5B7C6TSTEXC-LOCALVCSSHINTSTUDENT1, buildAgent=BuildAgentDTO[name=artemis-build-agent-test, memberAddress=[127.0.0.1]:5703, displayName=artemis-build-agent-test], participationId=1980, courseId=974, exerciseId=2591, retryCount=0, priority=2, status=FAILED, repositoryInfo=RepositoryInfo[repositoryName=shortb2a6c58b0d447045380a858075b170a5b7c6tstexc-localvcsshintstudent1, repositoryType=user, triggeredByPushTo=user, assignmentRepositoryUri=http://localhost:49152/git/SHORTB2A6C58B0D447045380A858075B170A5B7C6TSTEXC/shortb2a6c58b0d447045380a858075b170a5b7c6tstexc-localvcsshintstudent1.git, testRepositoryUri=http://localhost:49152/git/SHORTB2A6C58B0D447045380A858075B170A5B7C6TSTEXC/shortb2a6c58b0d447045380a858075b170a5b7c6tstexc-tests.git, solutionRepositoryUri=null, auxiliaryRepositoryUris=[Ljava.lang.String;@310fb1, auxiliaryRepositoryCheckoutDirectories=[Ljava.lang.String;@436204af], jobTimingInfo=JobTimingInfo[submissionDate=2025-02-14T23:45:19.393259829Z[Etc/UTC], buildStartDate=2025-02-14T23:45:19.405438171Z[Etc/UTC], buildCompletionDate=2025-02-14T23:45:19.414070673Z[Etc/UTC], estimatedCompletionDate=2025-02-14T23:45:38.405431569Z[Etc/UTC], estimatedDuration=19], buildConfig=BuildConfig[buildScript=#!/bin/bash
cd /var/tmp/testing-dir
chmod +x ./gradlew
./gradlew clean test
, dockerImage=dummy-docker-image:latest, commitHashToBuild=363cdbf709a9fff149f813ab848ee800a675cc77, assignmentCommitHash=363cdbf709a9fff149f813ab848ee800a675cc77, testCommitHash=a5e046ece417b2e538f21f816e2524dab61e0d10, branch=main, programmingLanguage=JAVA, projectType=PLAIN_GRADLE, scaEnabled=false, sequentialTestRunsEnabled=false, resultPaths=[/var/tmp/testing-dir/**/test-results/test/*.xml], timeoutSeconds=0, assignmentCheckoutPath=null, testCheckoutPath=null, solutionCheckoutPath=null, dockerRunConfig=null], submissionResult=ResultDTO[id=628, completionDate=2025-02-14T23:45:19.414171040Z[Etc/UTC], successful=false, score=0.0, rated=true, submission=SubmissionDTO[id=821, submitted=true, type=MANUAL, exampleSubmission=null, submissionDate=2025-02-14T23:45:19.376840Z, commitHash=363cdbf709a9fff149f813ab848ee800a675cc77, buildFailed=true, buildArtifact=false, participation=ParticipationDTO[id=1980, testRun=false, type=programming, submissionCount=null, exercise=ParticipationExerciseDTO[id=2591, exerciseType=PROGRAMMING, type=programming, assessmentType=AUTOMATIC, dueDate=2025-02-16T23:45:18.950569Z, assessmentDueDate=null, maxPoints=42.0, course=CourseDTO[id=974, accuracyOfScores=1]]], submissionExerciseType=programming, isProcessing=false, buildStartDate=null, estimatedCompletionDate=null], participation=ParticipationDTO[id=1980, testRun=false, type=programming, submissionCount=null, exercise=ParticipationExerciseDTO[id=2591, exerciseType=PROGRAMMING, type=programming, assessmentType=AUTOMATIC, dueDate=2025-02-16T23:45:18.950569Z, assessmentDueDate=null, maxPoints=42.0, course=CourseDTO[id=974, accuracyOfScores=1]]], feedbacks=[], assessmentType=AUTOMATIC, hasComplaint=null, exampleResult=null, testCaseCount=0, passedTestCaseCount=0, codeIssueCount=0]], BuildJobQueueItem[id=19791739576719787, name=SHORTB2A6C58B0D447045380A858075B170A5B7C6TSTEXC-BASE, buildAgent=BuildAgentDTO[name=artemis-build-agent-test, memberAddress=[127.0.0.1]:5703, displayName=artemis-build-agent-test], participationId=1979, courseId=974, exerciseId=2591, retryCount=0, priority=2, status=FAILED, repositoryInfo=RepositoryInfo[repositoryName=shortb2a6c58b0d447045380a858075b170a5b7c6tstexc-exercise, repositoryType=exercise, triggeredByPushTo=exercise, assignmentRepositoryUri=http://localhost:49152/git/SHORTB2A6C58B0D447045380A858075B170A5B7C6TSTEXC/shortb2a6c58b0d447045380a858075b170a5b7c6tstexc-exercise.git, testRepositoryUri=http://localhost:49152/git/SHORTB2A6C58B0D447045380A858075B170A5B7C6TSTEXC/shortb2a6c58b0d447045380a858075b170a5b7c6tstexc-tests.git, solutionRepositoryUri=null, auxiliaryRepositoryUris=[Ljava.lang.String;@3738023, auxiliaryRepositoryCheckoutDirectories=[Ljava.lang.String;@56619d49], jobTimingInfo=JobTimingInfo[submissionDate=2025-02-14T23:45:19.787985058Z[Etc/UTC], buildStartDate=2025-02-14T23:45:19.796327417Z[Etc/UTC], buildCompletionDate=2025-02-14T23:45:19.799750982Z[Etc/UTC], estimatedCompletionDate=2025-02-14T23:45:38.796319082Z[Etc/UTC], estimatedDuration=19], buildConfig=BuildConfig[buildScript=#!/bin/bash
cd /var/tmp/testing-dir
chmod +x ./gradlew
./gradlew clean test
, dockerImage=dummy-docker-image:latest, commitHashToBuild=363cdbf709a9fff149f813ab848ee800a675cc77, assignmentCommitHash=363cdbf709a9fff149f813ab848ee800a675cc77, testCommitHash=a5e046ece417b2e538f21f816e2524dab61e0d10, branch=main, programmingLanguage=JAVA, projectType=PLAIN_GRADLE, scaEnabled=false, sequentialTestRunsEnabled=false, resultPaths=[/var/tmp/testing-dir/**/test-results/test/*.xml], timeoutSeconds=0, assignmentCheckoutPath=null, testCheckoutPath=null, solutionCheckoutPath=null, dockerRunConfig=null], submissionResult=ResultDTO[id=629, completionDate=2025-02-14T23:45:19.799820341Z[Etc/UTC], successful=false, score=0.0, rated=true, submission=SubmissionDTO[id=822, submitted=true, type=MANUAL, exampleSubmission=null, submissionDate=2025-02-14T23:45:19.775952Z, commitHash=363cdbf709a9fff149f813ab848ee800a675cc77, buildFailed=true, buildArtifact=false, participation=ParticipationDTO[id=1979, testRun=false, type=template, submissionCount=null, exercise=ParticipationExerciseDTO[id=2591, exerciseType=PROGRAMMING, type=programming, assessmentType=AUTOMATIC, dueDate=2025-02-16T23:45:18.950569Z, assessmentDueDate=null, maxPoints=42.0, course=CourseDTO[id=974, accuracyOfScores=1]]], submissionExerciseType=programming, isProcessing=false, buildStartDate=null, estimatedCompletionDate=null], participation=ParticipationDTO[id=1979, testRun=false, type=template, submissionCount=null, exercise=ParticipationExerciseDTO[id=2591, exerciseType=PROGRAMMING, type=programming, assessmentType=AUTOMATIC, dueDate=2025-02-16T23:45:18.950569Z, assessmentDueDate=null, maxPoints=42.0, course=CourseDTO[id=974, accuracyOfScores=1]]], feedbacks=[], assessmentType=AUTOMATIC, hasComplaint=null, exampleResult=null, testCaseCount=0, passedTestCaseCount=0, codeIssueCount=0]], BuildJobQueueItem[id=19781739576720235, name=SHORTB2A6C58B0D447045380A858075B170A5B7C6TSTEXC-SOLUTION, buildAgent=BuildAgentDTO[name=artemis-build-agent-test, memberAddress=[127.0.0.1]:5703, displayName=artemis-build-agent-test], participationId=1978, courseId=974, exerciseId=2591, retryCount=0, priority=2, status=FAILED, repositoryInfo=RepositoryInfo[repositoryName=shortb2a6c58b0d447045380a858075b170a5b7c6tstexc-solution, repositoryType=solution, triggeredByPushTo=solution, assignmentRepositoryUri=http://localhost:49152/git/SHORTB2A6C58B0D447045380A858075B170A5B7C6TSTEXC/shortb2a6c58b0d447045380a858075b170a5b7c6tstexc-solution.git, testRepositoryUri=http://localhost:49152/git/SHORTB2A6C58B0D447045380A858075B170A5B7C6TSTEXC/shortb2a6c58b0d447045380a858075b170a5b7c6tstexc-tests.git, solutionRepositoryUri=null, auxiliaryRepositoryUris=[Ljava.lang.String;@5e255cb3, auxiliaryRepositoryCheckoutDirectories=[Ljava.lang.String;@d316ca4], jobTimingInfo=JobTimingInfo[submissionDate=2025-02-14T23:45:20.235272325Z[Etc/UTC], buildStartDate=2025-02-14T23:45:20.243033812Z[Etc/UTC], buildCompletionDate=2025-02-14T23:45:20.250721018Z[Etc/UTC], estimatedCompletionDate=2025-02-14T23:45:39.243026949Z[Etc/UTC], estimatedDuration=19], buildConfig=BuildConfig[buildScript=#!/bin/bash
cd /var/tmp/testing-dir
chmod +x ./gradlew
./gradlew clean test
, dockerImage=dummy-docker-image:latest, commitHashToBuild=c710d0e68c9c7db8cda7d1a278308de2b9642cc0, assignmentCommitHash=c710d0e68c9c7db8cda7d1a278308de2b9642cc0, testCommitHash=a5e046ece417b2e538f21f816e2524dab61e0d10, branch=main, programmingLanguage=JAVA, projectType=PLAIN_GRADLE, scaEnabled=false, sequentialTestRunsEnabled=false, resultPaths=[/var/tmp/testing-dir/**/test-results/test/*.xml], timeoutSeconds=0, assignmentCheckoutPath=null, testCheckoutPath=null, solutionCheckoutPath=null, dockerRunConfig=null], submissionResult=ResultDTO[id=630, completionDate=2025-02-14T23:45:20.250809893Z[Etc/UTC], successful=false, score=0.0, rated=true, submission=SubmissionDTO[id=823, submitted=true, type=MANUAL, exampleSubmission=null, submissionDate=2025-02-14T23:45:20.211707Z, commitHash=c710d0e68c9c7db8cda7d1a278308de2b9642cc0, buildFailed=true, buildArtifact=false, participation=ParticipationDTO[id=1978, testRun=false, type=solution, submissionCount=null, exercise=ParticipationExerciseDTO[id=2591, exerciseType=PROGRAMMING, type=programming, assessmentType=AUTOMATIC, dueDate=2025-02-16T23:45:18.950569Z, assessmentDueDate=null, maxPoints=42.0, course=CourseDTO[id=974, accuracyOfScores=1]]], submissionExerciseType=programming, isProcessing=false, buildStartDate=null, estimatedCompletionDate=null], participation=ParticipationDTO[id=1978, testRun=false, type=solution, submissionCount=null, exercise=ParticipationExerciseDTO[id=2591, exerciseType=PROGRAMMING, type=programming, assessmentType=AUTOMATIC, dueDate=2025-02-16T23:45:18.950569Z, assessmentDueDate=null, maxPoints=42.0, course=CourseDTO[id=974, accuracyOfScores=1]]], feedbacks=[], assessmentType=AUTOMATIC, hasComplaint=null, exampleResult=null, testCaseCount=0, passedTestCaseCount=0, codeIssueCount=0]], BuildJobQueueItem[id=19781739576720802, name=SHORTB2A6C58B0D447045380A858075B170A5B7C6TSTEXC-SOLUTION, buildAgent=BuildAgentDTO[name=artemis-build-agent-test, memberAddress=[127.0.0.1]:5703, displayName=artemis-build-agent-test], participationId=1978, courseId=974, exerciseId=2591, retryCount=0, priority=2, status=FAILED, repositoryInfo=RepositoryInfo[repositoryName=shortb2a6c58b0d447045380a858075b170a5b7c6tstexc-solution, repositoryType=solution, triggeredByPushTo=tests, assignmentRepositoryUri=http://localhost:49152/git/SHORTB2A6C58B0D447045380A858075B170A5B7C6TSTEXC/shortb2a6c58b0d447045380a858075b170a5b7c6tstexc-solution.git, testRepositoryUri=http://localhost:49152/git/SHORTB2A6C58B0D447045380A858075B170A5B7C6TSTEXC/shortb2a6c58b0d447045380a858075b170a5b7c6tstexc-tests.git, solutionRepositoryUri=null, auxiliaryRepositoryUris=[Ljava.lang.String;@125c87b9, auxiliaryRepositoryCheckoutDirectories=[Ljava.lang.String;@488ddb6e], jobTimingInfo=JobTimingInfo[submissionDate=2025-02-14T23:45:20.802935026Z[Etc/UTC], buildStartDate=2025-02-14T23:45:20.809306435Z[Etc/UTC], buildCompletionDate=2025-02-14T23:45:20.822452342Z[Etc/UTC], estimatedCompletionDate=2025-02-14T23:45:39.809298491Z[Etc/UTC], estimatedDuration=19], buildConfig=BuildConfig[buildScript=#!/bin/bash
cd /var/tmp/testing-dir
chmod +x ./gradlew
./gradlew clean test
, dockerImage=dummy-docker-image:latest, commitHashToBuild=c710d0e68c9c7db8cda7d1a278308de2b9642cc0, assignmentCommitHash=c710d0e68c9c7db8cda7d1a278308de2b9642cc0, testCommitHash=c710d0e68c9c7db8cda7d1a278308de2b9642cc0, branch=main, programmingLanguage=JAVA, projectType=PLAIN_GRADLE, scaEnabled=false, sequentialTestRunsEnabled=false, resultPaths=[/var/tmp/testing-dir/**/test-results/test/*.xml], timeoutSeconds=0, assignmentCheckoutPath=null, testCheckoutPath=null, solutionCheckoutPath=null, dockerRunConfig=null], submissionResult=ResultDTO[id=631, completionDate=2025-02-14T23:45:20.822527362Z[Etc/UTC], successful=false, score=0.0, rated=true, submission=SubmissionDTO[id=824, submitted=true, type=TEST, exampleSubmission=null, submissionDate=2025-02-14T23:45:20.791240Z, commitHash=c710d0e68c9c7db8cda7d1a278308de2b9642cc0, buildFailed=true, buildArtifact=false, participation=ParticipationDTO[id=1978, testRun=false, type=solution, submissionCount=null, exercise=ParticipationExerciseDTO[id=2591, exerciseType=PROGRAMMING, type=programming, assessmentType=AUTOMATIC, dueDate=2025-02-16T23:45:18.950569Z, assessmentDueDate=null, maxPoints=42.0, course=CourseDTO[id=974, accuracyOfScores=1]]], submissionExerciseType=programming, isProcessing=false, buildStartDate=null, estimatedCompletionDate=null], participation=ParticipationDTO[id=1978, testRun=false, type=solution, submissionCount=null, exercise=ParticipationExerciseDTO[id=2591, exerciseType=PROGRAMMING, type=programming, assessmentType=AUTOMATIC, dueDate=2025-02-16T23:45:18.950569Z, assessmentDueDate=null, maxPoints=42.0, course=CourseDTO[id=974, accuracyOfScores=1]]], feedbacks=[], assessmentType=AUTOMATIC, hasComplaint=null, exampleResult=null, testCaseCount=0, passedTestCaseCount=0, codeIssueCount=0]], BuildJobQueueItem[id=20061739576732554, name=SHORT94A899E303D7504C5D0840704DAAFA3DFF4DTSTEXC-LOCALVCCIINTINSTRUCTOR1, buildAgent=BuildAgentDTO[name=artemis-build-agent-test, memberAddress=[127.0.0.1]:5703, displayName=artemis-build-agent-test], participationId=2006, courseId=984, exerciseId=2601, retryCount=0, priority=2, status=SUCCESSFUL, repositoryInfo=RepositoryInfo[repositoryName=short94a899e303d7504c5d0840704daafa3dff4dtstexc-localvcciintinstructor1, repositoryType=user, triggeredByPushTo=user, assignmentRepositoryUri=http://localhost:49152/git/SHORT94A899E303D7504C5D0840704DAAFA3DFF4DTSTEXC/short94a899e303d7504c5d0840704daafa3dff4dtstexc-localvcciintinstructor1.git, testRepositoryUri=http://localhost:49152/git/SHORT94A899E303D7504C5D0840704DAAFA3DFF4DTSTEXC/short94a899e303d7504c5d0840704daafa3dff4dtstexc-tests.git, solutionRepositoryUri=null, auxiliaryRepositoryUris=[Ljava.lang.String;@3c39d608, auxiliaryRepositoryCheckoutDirectories=[Ljava.lang.String;@3aebc967], jobTimingInfo=JobTimingInfo[submissionDate=2025-02-14T23:45:32.554795798Z[Etc/UTC], buildStartDate=2025-02-14T23:45:32.567287465Z[Etc/UTC], buildCompletionDate=2025-02-14T23:45:34.535226768Z[Etc/UTC], estimatedCompletionDate=2025-02-14T23:45:51.567257960Z[Etc/UTC], estimatedDuration=19], buildConfig=BuildConfig[buildScript=#!/bin/bash
cd /var/tmp/testing-dir
chmod +x ./gradlew
./gradlew clean test
, dockerImage=dummy-docker-image:latest, commitHashToBuild=ca2dbc0ae87edf7035058a6a17c0ea60e90a290f, assignmentCommitHash=ca2dbc0ae87edf7035058a6a17c0ea60e90a290f, testCommitHash=0207f6f98af5fbb66ad68455f3fc3cf128af8ae9, branch=main, programmingLanguage=JAVA, projectType=PLAIN_GRADLE, scaEnabled=false, sequentialTestRunsEnabled=false, resultPaths=[/var/tmp/testing-dir/**/test-results/test/*.xml], timeoutSeconds=0, assignmentCheckoutPath=null, testCheckoutPath=null, solutionCheckoutPath=null, dockerRunConfig=null], submissionResult=ResultDTO[id=632, completionDate=2025-02-14T23:45:34.504415716Z[Etc/UTC], successful=false, score=7.7, rated=false, submission=SubmissionDTO[id=826, submitted=true, type=MANUAL, exampleSubmission=null, submissionDate=2025-02-14T23:45:32.541533Z, commitHash=ca2dbc0ae87edf7035058a6a17c0ea60e90a290f, buildFailed=false, buildArtifact=false, participation=ParticipationDTO[id=2006, testRun=true, type=programming, submissionCount=null, exercise=ParticipationExerciseDTO[id=2601, exerciseType=PROGRAMMING, type=programming, assessmentType=AUTOMATIC, dueDate=2025-02-16T23:45:31.864042Z, assessmentDueDate=null, maxPoints=42.0, course=CourseDTO[id=984, accuracyOfScores=1]]], submissionExerciseType=programming, isProcessing=false, buildStartDate=null, estimatedCompletionDate=null], participation=ParticipationDTO[id=2006, testRun=true, type=programming, submissionCount=null, exercise=ParticipationExerciseDTO[id=2601, exerciseType=PROGRAMMING, type=programming, assessmentType=AUTOMATIC, dueDate=2025-02-16T23:45:31.864042Z, assessmentDueDate=null, maxPoints=42.0, course=CourseDTO[id=984, accuracyOfScores=1]]], feedbacks=[FeedbackDTO[id=920, text=null, detailText=The exercise expects a class with the name Context in the package testpackage. You did not implement the class in the exercise., hasLongFeedbackText=false, reference=null, credits=0.0, positive=false, type=AUTOMATIC, visibility=ALWAYS, testCase=TestCaseDTO[testName=null, id=1357]], FeedbackDTO[id=921, text=null, detailText=The exercise expects a class with the name Policy in the package testpackage. You did not implement the class in the exercise., hasLongFeedbackText=false, reference=null, credits=0.0, positive=false, type=AUTOMATIC, visibility=ALWAYS, testCase=TestCaseDTO[testName=null, id=1358]], FeedbackDTO[id=922, text=null, detailText=The exercise expects a class with the name SortStrategy in the package testpackage. You did not implement the class in the exercise., hasLongFeedbackText=false, reference=null, credits=0.0, positive=false, type=AUTOMATIC, visibility=ALWAYS, testCase=TestCaseDTO[testName=null, id=1359]], FeedbackDTO[id=923, text=null, detailText=The class 'MergeSort' does not implement the interface 'SortStrategy' as expected. Implement the interface and its methods., hasLongFeedbackText=false, reference=null, credits=0.0, positive=false, type=AUTOMATIC, visibility=ALWAYS, testCase=TestCaseDTO[testName=null, id=1354]], FeedbackDTO[id=924, text=null, detailText=The exercise expects a class with the name SortStrategy in the package testpackage. You did not implement the class in the exercise., hasLongFeedbackText=false, reference=null, credits=0.0, positive=false, type=AUTOMATIC, visibility=ALWAYS, testCase=TestCaseDTO[testName=null, id=1351]], FeedbackDTO[id=925, text=null, detailText=The class 'BubbleSort' does not implement the interface 'SortStrategy' as expected. Implement the interface and its methods., hasLongFeedbackText=false, reference=null, credits=0.0, positive=false, type=AUTOMATIC, visibility=ALWAYS, testCase=TestCaseDTO[testName=null, id=1355]], FeedbackDTO[id=926, text=null, detailText=MergeSort does not sort correctly, hasLongFeedbackText=false, reference=null, credits=0.0, positive=false, type=AUTOMATIC, visibility=ALWAYS, testCase=TestCaseDTO[testName=null, id=1360]], FeedbackDTO[id=927, text=null, detailText=The class 'Context' was not found within the submission. Make sure to implement it properly., hasLongFeedbackText=false, reference=null, credits=0.0, positive=false, type=AUTOMATIC, visibility=ALWAYS, testCase=TestCaseDTO[testName=null, id=1361]], FeedbackDTO[id=928, text=null, detailText=The class 'Context' was not found within the submission. Make sure to implement it properly., hasLongFeedbackText=false, reference=null, credits=0.0, positive=false, type=AUTOMATIC, visibility=ALWAYS, testCase=TestCaseDTO[testName=null, id=1362]], FeedbackDTO[id=929, text=null, detailText=The exercise expects a class with the name Policy in the package testpackage. You did not implement the class in the exercise., hasLongFeedbackText=false, reference=null, credits=0.0, positive=false, type=AUTOMATIC, visibility=ALWAYS, testCase=TestCaseDTO[testName=null, id=1356]], FeedbackDTO[id=930, text=null, detailText=The exercise expects a class with the name Context in the package testpackage. You did not implement the class in the exercise., hasLongFeedbackText=false, reference=null, credits=0.0, positive=false, type=AUTOMATIC, visibility=ALWAYS, testCase=TestCaseDTO[testName=null, id=1352]], FeedbackDTO[id=931, text=null, detailText=The exercise expects a class with the name Policy in the package testpackage. You did not implement the class in the exercise., hasLongFeedbackText=false, reference=null, credits=0.0, positive=false, type=AUTOMATIC, visibility=ALWAYS, testCase=TestCaseDTO[testName=null, id=1353]], FeedbackDTO[id=932, text=null, detailText=null, hasLongFeedbackText=false, reference=null, credits=3.230769230769231, positive=true, type=AUTOMATIC, visibility=ALWAYS, testCase=TestCaseDTO[testName=null, id=1363]]], assessmentType=AUTOMATIC, hasComplaint=null, exampleResult=null, testCaseCount=13, passedTestCaseCount=1, codeIssueCount=0]], BuildJobQueueItem[id=20111739576737317, name=SHORTD49A6DAE04F9E049850BD5601663FD17A5B7TSTEXC-BASE, buildAgent=BuildAgentDTO[name=artemis-build-agent-test, memberAddress=[127.0.0.1]:5703, displayName=artemis-build-agent-test], participationId=2011, courseId=986, exerciseId=2603, retryCount=0, priority=2, status=SUCCESSFUL, repositoryInfo=RepositoryInfo[repositoryName=shortd49a6dae04f9e049850bd5601663fd17a5b7tstexc-exercise, repositoryType=exercise, triggeredByPushTo=exercise, assignmentRepositoryUri=http://localhost:49152/git/SHORTD49A6DAE04F9E049850BD5601663FD17A5B7TSTEXC/shortd49a6dae04f9e049850bd5601663fd17a5b7tstexc-exercise.git, testRepositoryUri=http://localhost:49152/git/SHORTD49A6DAE04F9E049850BD5601663FD17A5B7TSTEXC/shortd49a6dae04f9e049850bd5601663fd17a5b7tstexc-tests.git, solutionRepositoryUri=null, auxiliaryRepositoryUris=[Ljava.lang.String;@4c7cf0cc, auxiliaryRepositoryCheckoutDirectories=[Ljava.lang.String;@6a0c0486], jobTimingInfo=JobTimingInfo[submissionDate=2025-02-14T23:45:37.317968648Z[Etc/UTC], buildStartDate=2025-02-14T23:45:37.324534774Z[Etc/UTC], buildCompletionDate=2025-02-14T23:45:38.527225461Z[Etc/UTC], estimatedCompletionDate=2025-02-14T23:45:56.324506331Z[Etc/UTC], estimatedDuration=19], buildConfig=BuildConfig[buildScript=#!/bin/bash
cd /var/tmp/testing-dir
chmod +x ./gradlew
./gradlew clean test
, dockerImage=dummy-docker-image:latest, commitHashToBuild=c795243c185829bbefa399f45dcbcfac22311b2f, assignmentCommitHash=c795243c185829bbefa399f45dcbcfac22311b2f, testCommitHash=fa8b162170bf767d852e05e0eb7a128efa2e1f34, branch=main, programmingLanguage=JAVA, projectType=PLAIN_GRADLE, scaEnabled=false, sequentialTestRunsEnabled=false, resultPaths=[/var/tmp/testing-dir/**/test-results/test/*.xml], timeoutSeconds=0, assignmentCheckoutPath=null, testCheckoutPath=null, solutionCheckoutPath=null, dockerRunConfig=null], submissionResult=ResultDTO[id=633, completionDate=2025-02-14T23:45:38.476795726Z[Etc/UTC], successful=false, score=0.0, rated=true, submission=SubmissionDTO[id=827, submitted=true, type=MANUAL, exampleSubmission=null, submissionDate=2025-02-14T23:45:37.303401Z, commitHash=c795243c185829bbefa399f45dcbcfac22311b2f, buildFailed=false, buildArtifact=false, participation=ParticipationDTO[id=2011, testRun=false, type=template, submissionCount=null, exercise=ParticipationExerciseDTO[id=2603, exerciseType=PROGRAMMING, type=programming, assessmentType=AUTOMATIC, dueDate=2025-02-16T23:45:36.830269Z, assessmentDueDate=null, maxPoints=42.0, course=CourseDTO[id=986, accuracyOfScores=1]]], submissionExerciseType=programming, isProcessing=false, buildStartDate=null, estimatedCompletionDate=null], participation=ParticipationDTO[id=2011, testRun=false, type=template, submissionCount=null, exercise=ParticipationExerciseDTO[id=2603, exerciseType=PROGRAMMING, type=programming, assessmentType=AUTOMATIC, dueDate=2025-02-16T23:45:36.830269Z, assessmentDueDate=null, maxPoints=42.0, course=CourseDTO[id=986, accuracyOfScores=1]]], feedbacks=[FeedbackDTO[id=933, text=null, detailText=The exercise expects a class with the name Context in the package testpackage. You did not implement the class in the exercise., hasLongFeedbackText=false, reference=null, credits=0.0, positive=false, type=AUTOMATIC, visibility=ALWAYS, testCase=TestCaseDTO[testName=testMethods[Context], id=1383]], FeedbackDTO[id=934, text=null, detailText=The exercise expects a class with the name Policy in the package testpackage. You did not implement the class in the exercise., hasLongFeedbackText=false, reference=null, credits=0.0, positive=false, type=AUTOMATIC, visibility=ALWAYS, testCase=TestCaseDTO[testName=testMethods[Policy], id=1384]], FeedbackDTO[id=935, text=null, detailText=The exercise expects a class with the name SortStrategy in the package testpackage. You did not implement the class in the exercise., hasLongFeedbackText=false, reference=null, credits=0.0, positive=false, type=AUTOMATIC, visibility=ALWAYS, testCase=TestCaseDTO[testName=testMethods[SortStrategy], id=1385]], FeedbackDTO[id=936, text=null, detailText=The class 'MergeSort' does not implement the interface 'SortStrategy' as expected. Implement the interface and its methods., hasLongFeedbackText=false, reference=null, credits=0.0, positive=false, type=AUTOMATIC, visibility=ALWAYS, testCase=TestCaseDTO[testName=testClass[MergeSort], id=1380]], FeedbackDTO[id=937, text=null, detailText=The exercise expects a class with the name SortStrategy in the package testpackage. You did not implement the class in the exercise., hasLongFeedbackText=false, reference=null, credits=0.0, positive=false, type=AUTOMATIC, visibility=ALWAYS, testCase=TestCaseDTO[testName=testClass[SortStrategy], id=1377]], FeedbackDTO[id=938, text=null, detailText=The class 'BubbleSort' does not implement the interface 'SortStrategy' as expected. Implement the interface and its methods., hasLongFeedbackText=false, reference=null, credits=0.0, positive=false, type=AUTOMATIC, visibility=ALWAYS, testCase=TestCaseDTO[testName=testClass[BubbleSort], id=1381]], FeedbackDTO[id=939, text=null, detailText=MergeSort does not sort correctly, hasLongFeedbackText=false, reference=null, credits=0.0, positive=false, type=AUTOMATIC, visibility=ALWAYS, testCase=TestCaseDTO[testName=testMergeSort(), id=1386]], FeedbackDTO[id=940, text=null, detailText=The class 'Context' was not found within the submission. Make sure to implement it properly., hasLongFeedbackText=false, reference=null, credits=0.0, positive=false, type=AUTOMATIC, visibility=ALWAYS, testCase=TestCaseDTO[testName=testUseBubbleSortForSmallList(), id=1387]], FeedbackDTO[id=941, text=null, detailText=BubbleSort does not sort correctly, hasLongFeedbackText=false, reference=null, credits=0.0, positive=false, type=AUTOMATIC, visibility=ALWAYS, testCase=TestCaseDTO[testName=testBubbleSort(), id=1389]], FeedbackDTO[id=942, text=null, detailText=The class 'Context' was not found within the submission. Make sure to implement it properly., hasLongFeedbackText=false, reference=null, credits=0.0, positive=false, type=AUTOMATIC, visibility=ALWAYS, testCase=TestCaseDTO[testName=testUseMergeSortForBigList(), id=1388]], FeedbackDTO[id=943, text=null, detailText=The exercise expects a class with the name Policy in the package testpackage. You did not implement the class in the exercise., hasLongFeedbackText=false, reference=null, credits=0.0, positive=false, type=AUTOMATIC, visibility=ALWAYS, testCase=TestCaseDTO[testName=testConstructors[Policy], id=1382]], FeedbackDTO[id=944, text=null, detailText=The exercise expects a class with the name Context in the package testpackage. You did not implement the class in the exercise., hasLongFeedbackText=false, reference=null, credits=0.0, positive=false, type=AUTOMATIC, visibility=ALWAYS, testCase=TestCaseDTO[testName=testAttributes[Context], id=1378]], FeedbackDTO[id=945, text=null, detailText=The exercise expects a class with the name Policy in the package testpackage. You did not implement the class in the exercise., hasLongFeedbackText=false, reference=null, credits=0.0, positive=false, type=AUTOMATIC, visibility=ALWAYS, testCase=TestCaseDTO[testName=testAttributes[Policy], id=1379]]], assessmentType=AUTOMATIC, hasComplaint=null, exampleResult=null, testCaseCount=13, passedTestCaseCount=0, codeIssueCount=0]], BuildJobQueueItem[id=20171739576740018, name=SHORT7914AFA00ADC3047140B99D01AC07810CE44TSTEXC-LOCALVCCIINTSTUDENT1, buildAgent=BuildAgentDTO[name=artemis-build-agent-test, memberAddress=[127.0.0.1]:5703, displayName=artemis-build-agent-test], participationId=2017, courseId=988, exerciseId=2605, retryCount=0, priority=2, status=SUCCESSFUL, repositoryInfo=RepositoryInfo[repositoryName=short7914afa00adc3047140b99d01ac07810ce44tstexc-practice-localvcciintstudent1, repositoryType=user, triggeredByPushTo=user, assignmentRepositoryUri=http://localhost:49152/git/SHORT7914AFA00ADC3047140B99D01AC07810CE44TSTEXC/short7914afa00adc3047140b99d01ac07810ce44tstexc-practice-localvcciintstudent1.git, testRepositoryUri=http://localhost:49152/git/SHORT7914AFA00ADC3047140B99D01AC07810CE44TSTEXC/short7914afa00adc3047140b99d01ac07810ce44tstexc-tests.git, solutionRepositoryUri=null, auxiliaryRepositoryUris=[Ljava.lang.String;@18771659, auxiliaryRepositoryCheckoutDirectories=[Ljava.lang.String;@7c3354c1], jobTimingInfo=JobTimingInfo[submissionDate=2025-02-14T23:45:40.018961253Z[Etc/UTC], buildStartDate=2025-02-14T23:45:40.029742701Z[Etc/UTC], buildCompletionDate=2025-02-14T23:45:41.150208242Z[Etc/UTC], estimatedCompletionDate=2025-02-14T23:45:59.029734065Z[Etc/UTC], estimatedDuration=19], buildConfig=BuildConfig[buildScript=#!/bin/bash
cd /var/tmp/testing-dir
chmod +x ./gradlew
./gradlew clean test
, dockerImage=dummy-docker-image:latest, commitHashToBuild=d80b57877989b971e83ccdb4863c8a7023c76266, assignmentCommitHash=d80b57877989b971e83ccdb4863c8a7023c76266, testCommitHash=327b116890c92b1312314341f43f21ef13ecf7d7, branch=main, programmingLanguage=JAVA, projectType=PLAIN_GRADLE, scaEnabled=false, sequentialTestRunsEnabled=false, resultPaths=[/var/tmp/testing-dir/**/test-results/test/*.xml], timeoutSeconds=0, assignmentCheckoutPath=null, testCheckoutPath=null, solutionCheckoutPath=null, dockerRunConfig=null], submissionResult=ResultDTO[id=634, completionDate=2025-02-14T23:45:41.120192603Z[Etc/UTC], successful=false, score=7.7, rated=false, submission=SubmissionDTO[id=828, submitted=true, type=MANUAL, exampleSubmission=null, submissionDate=2025-02-14T23:45:40.008666Z, commitHash=d80b57877989b971e83ccdb4863c8a7023c76266, buildFailed=false, buildArtifact=false, participation=ParticipationDTO[id=2017, testRun=true, type=programming, submissionCount=null, exercise=ParticipationExerciseDTO[id=2605, exerciseType=PROGRAMMING, type=programming, assessmentType=AUTOMATIC, dueDate=2025-02-16T23:45:39.523500Z, assessmentDueDate=null, maxPoints=42.0, course=CourseDTO[id=988, accuracyOfScores=1]]], submissionExerciseType=programming, isProcessing=false, buildStartDate=null, estimatedCompletionDate=null], participation=ParticipationDTO[id=2017, testRun=true, type=programming, submissionCount=null, exercise=ParticipationExerciseDTO[id=2605, exerciseType=PROGRAMMING, type=programming, assessmentType=AUTOMATIC, dueDate=2025-02-16T23:45:39.523500Z, assessmentDueDate=null, maxPoints=42.0, course=CourseDTO[id=988, accuracyOfScores=1]]], feedbacks=[FeedbackDTO[id=946, text=null, detailText=The exercise expects a class with the name Context in the package testpackage. You did not implement the class in the exercise., hasLongFeedbackText=false, reference=null, credits=0.0, positive=false, type=AUTOMATIC, visibility=ALWAYS, testCase=TestCaseDTO[testName=null, id=1409]], FeedbackDTO[id=947, text=null, detailText=The exercise expects a class with the name Policy in the package testpackage. You did not implement the class in the exercise., hasLongFeedbackText=false, reference=null, credits=0.0, positive=false, type=AUTOMATIC, visibility=ALWAYS, testCase=TestCaseDTO[testName=null, id=1410]], FeedbackDTO[id=948, text=null, detailText=The exercise expects a class with the name SortStrategy in the package testpackage. You did not implement the class in the exercise., hasLongFeedbackText=false, reference=null, credits=0.0, positive=false, type=AUTOMATIC, visibility=ALWAYS, testCase=TestCaseDTO[testName=null, id=1411]], FeedbackDTO[id=949, text=null, detailText=The class 'MergeSort' does not implement the interface 'SortStrategy' as expected. Implement the interface and its methods., hasLongFeedbackText=false, reference=null, credits=0.0, positive=false, type=AUTOMATIC, visibility=ALWAYS, testCase=TestCaseDTO[testName=null, id=1406]], FeedbackDTO[id=950, text=null, detailText=The exercise expects a class with the name SortStrategy in the package testpackage. You did not implement the class in the exercise., hasLongFeedbackText=false, reference=null, credits=0.0, positive=false, type=AUTOMATIC, visibility=ALWAYS, testCase=TestCaseDTO[testName=null, id=1403]], FeedbackDTO[id=951, text=null, detailText=The class 'BubbleSort' does not implement the interface 'SortStrategy' as expected. Implement the interface and its methods., hasLongFeedbackText=false, reference=null, credits=0.0, positive=false, type=AUTOMATIC, visibility=ALWAYS, testCase=TestCaseDTO[testName=null, id=1407]], FeedbackDTO[id=952, text=null, detailText=MergeSort does not sort correctly, hasLongFeedbackText=false, reference=null, credits=0.0, positive=false, type=AUTOMATIC, visibility=ALWAYS, testCase=TestCaseDTO[testName=null, id=1412]], FeedbackDTO[id=953, text=null, detailText=The class 'Context' was not found within the submission. Make sure to implement it properly., hasLongFeedbackText=false, reference=null, credits=0.0, positive=false, type=AUTOMATIC, visibility=ALWAYS, testCase=TestCaseDTO[testName=null, id=1413]], FeedbackDTO[id=954, text=null, detailText=The class 'Context' was not found within the submission. Make sure to implement it properly., hasLongFeedbackText=false, reference=null, credits=0.0, positive=false, type=AUTOMATIC, visibility=ALWAYS, testCase=TestCaseDTO[testName=null, id=1414]], FeedbackDTO[id=955, text=null, detailText=The exercise expects a class with the name Policy in the package testpackage. You did not implement the class in the exercise., hasLongFeedbackText=false, reference=null, credits=0.0, positive=false, type=AUTOMATIC, visibility=ALWAYS, testCase=TestCaseDTO[testName=null, id=1408]], FeedbackDTO[id=956, text=null, detailText=The exercise expects a class with the name Context in the package testpackage. You did not implement the class in the exercise., hasLongFeedbackText=false, reference=null, credits=0.0, positive=false, type=AUTOMATIC, visibility=ALWAYS, testCase=TestCaseDTO[testName=null, id=1404]], FeedbackDTO[id=957, text=null, detailText=The exercise expects a class with the name Policy in the package testpackage. You did not implement the class in the exercise., hasLongFeedbackText=false, reference=null, credits=0.0, positive=false, type=AUTOMATIC, visibility=ALWAYS, testCase=TestCaseDTO[testName=null, id=1405]], FeedbackDTO[id=958, text=null, detailText=null, hasLongFeedbackText=false, reference=null, credits=3.230769230769231, positive=true, type=AUTOMATIC, visibility=ALWAYS, testCase=TestCaseDTO[testName=null, id=1415]]], assessmentType=AUTOMATIC, hasComplaint=null, exampleResult=null, testCaseCount=13, passedTestCaseCount=1, codeIssueCount=0]], BuildJobQueueItem[id=20261739576743984, name=SHORT53C73BE505404043100AC2F00C039353CE8FTSTEXC-LOCALVCCIINTSTUDENT1, buildAgent=BuildAgentDTO[name=artemis-build-agent-test, memberAddress=[127.0.0.1]:5703, displayName=artemis-build-agent-test], participationId=2026, courseId=991, exerciseId=2608, retryCount=0, priority=1, status=SUCCESSFUL, repositoryInfo=RepositoryInfo[repositoryName=short53c73be505404043100ac2f00c039353ce8ftstexc-localvcciintstudent1, repositoryType=user, triggeredByPushTo=user, assignmentRepositoryUri=http://localhost:49152/git/SHORT53C73BE505404043100AC2F00C039353CE8FTSTEXC/short53c73be505404043100ac2f00c039353ce8ftstexc-localvcciintstudent1.git, testRepositoryUri=http://localhost:49152/git/SHORT53C73BE505404043100AC2F00C039353CE8FTSTEXC/short53c73be505404043100ac2f00c039353ce8ftstexc-tests.git, solutionRepositoryUri=null, auxiliaryRepositoryUris=[Ljava.lang.String;@5762311b, auxiliaryRepositoryCheckoutDirectories=[Ljava.lang.String;@5d403745], jobTimingInfo=JobTimingInfo[submissionDate=2025-02-14T23:45:43.984518859Z[Etc/UTC], buildStartDate=2025-02-14T23:45:43.991385682Z[Etc/UTC], buildCompletionDate=2025-02-14T23:45:44.982059928Z[Etc/UTC], estimatedCompletionDate=2025-02-14T23:46:02.991380122Z[Etc/UTC], estimatedDuration=19], buildConfig=BuildConfig[buildScript=#!/bin/bash
cd /var/tmp/testing-dir
chmod +x ./gradlew
./gradlew clean test
, dockerImage=dummy-docker-image:latest, commitHashToBuild=3e90ae9fef2e44ffb41451a080bdaa6a44ad6848, assignmentCommitHash=3e90ae9fef2e44ffb41451a080bdaa6a44ad6848, testCommitHash=0582754c87aae13e640312855ce7dbe490ecb50c, branch=main, programmingLanguage=JAVA, projectType=PLAIN_GRADLE, scaEnabled=false, sequentialTestRunsEnabled=false, resultPaths=[/var/tmp/testing-dir/**/test-results/test/*.xml], timeoutSeconds=0, assignmentCheckoutPath=null, testCheckoutPath=null, solutionCheckoutPath=null, dockerRunConfig=null], submissionResult=ResultDTO[id=635, completionDate=2025-02-14T23:45:44.961313737Z[Etc/UTC], successful=false, score=7.7, rated=true, submission=SubmissionDTO[id=829, submitted=true, type=MANUAL, exampleSubmission=null, submissionDate=2025-02-14T23:45:43.967766Z, commitHash=3e90ae9fef2e44ffb41451a080bdaa6a44ad6848, buildFailed=false, buildArtifact=false, participation=ParticipationDTO[id=2026, testRun=false, type=programming, submissionCount=null, exercise=ParticipationExerciseDTO[id=2608, exerciseType=PROGRAMMING, type=programming, assessmentType=AUTOMATIC, dueDate=2025-02-16T23:45:43.597978Z, assessmentDueDate=null, maxPoints=42.0, course=CourseDTO[id=991, accuracyOfScores=1]]], submissionExerciseType=programming, isProcessing=false, buildStartDate=null, estimatedCompletionDate=null], participation=ParticipationDTO[id=2026, testRun=false, type=programming, submissionCount=null, exercise=ParticipationExerciseDTO[id=2608, exerciseType=PROGRAMMING, type=programming, assessmentType=AUTOMATIC, dueDate=2025-02-16T23:45:43.597978Z, assessmentDueDate=null, maxPoints=42.0, course=CourseDTO[id=991, accuracyOfScores=1]]], feedbacks=[FeedbackDTO[id=959, text=null, detailText=The exercise expects a class with the name Context in the package testpackage. You did not implement the class in the exercise., hasLongFeedbackText=false, reference=null, credits=0.0, positive=false, type=AUTOMATIC, visibility=ALWAYS, testCase=TestCaseDTO[testName=null, id=1448]], FeedbackDTO[id=960, text=null, detailText=The exercise expects a class with the name Policy in the package testpackage. You did not implement the class in the exercise., hasLongFeedbackText=false, reference=null, credits=0.0, positive=false, type=AUTOMATIC, visibility=ALWAYS, testCase=TestCaseDTO[testName=null, id=1449]], FeedbackDTO[id=961, text=null, detailText=The exercise expects a class with the name SortStrategy in the package testpackage. You did not implement the class in the exercise., hasLongFeedbackText=false, reference=null, credits=0.0, positive=false, type=AUTOMATIC, visibility=ALWAYS, testCase=TestCaseDTO[testName=null, id=1450]], FeedbackDTO[id=962, text=null, detailText=The class 'MergeSort' does not implement the interface 'SortStrategy' as expected. Implement the interface and its methods., hasLongFeedbackText=false, reference=null, credits=0.0, positive=false, type=AUTOMATIC, visibility=ALWAYS, testCase=TestCaseDTO[testName=null, id=1445]], FeedbackDTO[id=963, text=null, detailText=The exercise expects a class with the name SortStrategy in the package testpackage. You did not implement the class in the exercise., hasLongFeedbackText=false, reference=null, credits=0.0, positive=false, type=AUTOMATIC, visibility=ALWAYS, testCase=TestCaseDTO[testName=null, id=1442]], FeedbackDTO[id=964, text=null, detailText=The class 'BubbleSort' does not implement the interface 'SortStrategy' as expected. Implement the interface and its methods., hasLongFeedbackText=false, reference=null, credits=0.0, positive=false, type=AUTOMATIC, visibility=ALWAYS, testCase=TestCaseDTO[testName=null, id=1446]], FeedbackDTO[id=965, text=null, detailText=MergeSort does not sort correctly, hasLongFeedbackText=false, reference=null, credits=0.0, positive=false, type=AUTOMATIC, visibility=ALWAYS, testCase=TestCaseDTO[testName=null, id=1451]], FeedbackDTO[id=966, text=null, detailText=The class 'Context' was not found within the submission. Make sure to implement it properly., hasLongFeedbackText=false, reference=null, credits=0.0, positive=false, type=AUTOMATIC, visibility=ALWAYS, testCase=TestCaseDTO[testName=null, id=1452]], FeedbackDTO[id=967, text=null, detailText=The class 'Context' was not found within the submission. Make sure to implement it properly., hasLongFeedbackText=false, reference=null, credits=0.0, positive=false, type=AUTOMATIC, visibility=ALWAYS, testCase=TestCaseDTO[testName=null, id=1453]], FeedbackDTO[id=968, text=null, detailText=The exercise expects a class with the name Policy in the package testpackage. You did not implement the class in the exercise., hasLongFeedbackText=false, reference=null, credits=0.0, positive=false, type=AUTOMATIC, visibility=ALWAYS, testCase=TestCaseDTO[testName=null, id=1447]], FeedbackDTO[id=969, text=null, detailText=The exercise expects a class with the name Context in the package testpackage. You did not implement the class in the exercise., hasLongFeedbackText=false, reference=null, credits=0.0, positive=false, type=AUTOMATIC, visibility=ALWAYS, testCase=TestCaseDTO[testName=null, id=1443]], FeedbackDTO[id=970, text=null, detailText=The exercise expects a class with the name Policy in the package testpackage. You did not implement the class in the exercise., hasLongFeedbackText=false, reference=null, credits=0.0, positive=false, type=AUTOMATIC, visibility=ALWAYS, testCase=TestCaseDTO[testName=null, id=1444]], FeedbackDTO[id=971, text=null, detailText=null, hasLongFeedbackText=false, reference=null, credits=3.230769230769231, positive=true, type=AUTOMATIC, visibility=ALWAYS, testCase=TestCaseDTO[testName=null, id=1454]]], assessmentType=AUTOMATIC, hasComplaint=null, exampleResult=null, testCaseCount=13, passedTestCaseCount=1, codeIssueCount=0]], BuildJobQueueItem[id=20271739576746886, name=SHORT0FC863930E92904248098A506171F81CF6CFTSTEXC-SOLUTION, buildAgent=BuildAgentDTO[name=artemis-build-agent-test, memberAddress=[127.0.0.1]:5703, displayName=artemis-build-agent-test], participationId=2027, courseId=992, exerciseId=2609, retryCount=0, priority=2, status=SUCCESSFUL, repositoryInfo=RepositoryInfo[repositoryName=short0fc863930e92904248098a506171f81cf6cftstexc-solution, repositoryType=solution, triggeredByPushTo=auxiliary, assignmentRepositoryUri=http://localhost:49152/git/SHORT0FC863930E92904248098A506171F81CF6CFTSTEXC/short0fc863930e92904248098a506171f81cf6cftstexc-solution.git, testRepositoryUri=http://localhost:49152/git/SHORT0FC863930E92904248098A506171F81CF6CFTSTEXC/short0fc863930e92904248098a506171f81cf6cftstexc-tests.git, solutionRepositoryUri=null, auxiliaryRepositoryUris=[Ljava.lang.String;@7da5376a, auxiliaryRepositoryCheckoutDirectories=[Ljava.lang.String;@1bd6e143], jobTimingInfo=JobTimingInfo[submissionDate=2025-02-14T23:45:46.886984066Z[Etc/UTC], buildStartDate=2025-02-14T23:45:46.897709578Z[Etc/UTC], buildCompletionDate=2025-02-14T23:45:48.628460156Z[Etc/UTC], estimatedCompletionDate=2025-02-14T23:46:05.897701272Z[Etc/UTC], estimatedDuration=19], buildConfig=BuildConfig[buildScript=#!/bin/bash
cd /var/tmp/testing-dir
chmod +x ./gradlew
./gradlew clean test
, dockerImage=dummy-docker-image:latest, commitHashToBuild=null, assignmentCommitHash=115a2e943bee242fdad360b50d8ad5f30792577e, testCommitHash=9b3a9bd71a0d80e5bbc42204c319ed3d1d4f0d6d, branch=main, programmingLanguage=JAVA, projectType=PLAIN_GRADLE, scaEnabled=false, sequentialTestRunsEnabled=false, resultPaths=[/var/tmp/testing-dir/**/test-results/test/*.xml], timeoutSeconds=0, assignmentCheckoutPath=null, testCheckoutPath=null, solutionCheckoutPath=null, dockerRunConfig=null], submissionResult=ResultDTO[id=636, completionDate=2025-02-14T23:45:48.593370968Z[Etc/UTC], successful=true, score=100.0, rated=true, submission=SubmissionDTO[id=830, submitted=true, type=TEST, exampleSubmission=null, submissionDate=2025-02-14T23:45:46.873671Z, commitHash=9b3a9bd71a0d80e5bbc42204c319ed3d1d4f0d6d, buildFailed=false, buildArtifact=false, participation=ParticipationDTO[id=2027, testRun=false, type=solution, submissionCount=null, exercise=ParticipationExerciseDTO[id=2609, exerciseType=PROGRAMMING, type=programming, assessmentType=AUTOMATIC, dueDate=2025-02-16T23:45:46.386304Z, assessmentDueDate=null, maxPoints=42.0, course=CourseDTO[id=992, accuracyOfScores=1]]], submissionExerciseType=programming, isProcessing=false, buildStartDate=null, estimatedCompletionDate=null], participation=ParticipationDTO[id=2027, testRun=false, type=solution, submissionCount=null, exercise=ParticipationExerciseDTO[id=2609, exerciseType=PROGRAMMING, type=programming, assessmentType=AUTOMATIC, dueDate=2025-02-16T23:45:46.386304Z, assessmentDueDate=null, maxPoints=42.0, course=CourseDTO[id=992, accuracyOfScores=1]]], feedbacks=[FeedbackDTO[id=972, text=null, detailText=null, hasLongFeedbackText=false, reference=null, credits=3.230769230769231, positive=true, type=AUTOMATIC, visibility=ALWAYS, testCase=TestCaseDTO[testName=testMethods[Context], id=1461]], FeedbackDTO[id=973, text=null, detailText=null, hasLongFeedbackText=false, reference=null, credits=3.230769230769231, positive=true, type=AUTOMATIC, visibility=ALWAYS, testCase=TestCaseDTO[testName=testMethods[Policy], id=1462]], FeedbackDTO[id=974, text=null, detailText=null, hasLongFeedbackText=false, reference=null, credits=3.230769230769231, positive=true, type=AUTOMATIC, visibility=ALWAYS, testCase=TestCaseDTO[testName=testMethods[SortStrategy], id=1463]], FeedbackDTO[id=975, text=null, detailText=null, hasLongFeedbackText=false, reference=null, credits=3.230769230769231, positive=true, type=AUTOMATIC, visibility=ALWAYS, testCase=TestCaseDTO[testName=testClass[MergeSort], id=1458]], FeedbackDTO[id=976, text=null, detailText=null, hasLongFeedbackText=false, reference=null, credits=3.230769230769231, positive=true, type=AUTOMATIC, visibility=ALWAYS, testCase=TestCaseDTO[testName=testClass[SortStrategy], id=1455]], FeedbackDTO[id=977, text=null, detailText=null, hasLongFeedbackText=false, reference=null, credits=3.230769230769231, positive=true, type=AUTOMATIC, visibility=ALWAYS, testCase=TestCaseDTO[testName=testClass[BubbleSort], id=1459]], FeedbackDTO[id=978, text=null, detailText=null, hasLongFeedbackText=false, reference=null, credits=3.230769230769231, positive=true, type=AUTOMATIC, visibility=ALWAYS, testCase=TestCaseDTO[testName=testMergeSort(), id=1464]], FeedbackDTO[id=979, text=null, detailText=null, hasLongFeedbackText=false, reference=null, credits=3.230769230769231, positive=true, type=AUTOMATIC, visibility=ALWAYS, testCase=TestCaseDTO[testName=testUseBubbleSortForSmallList(), id=1465]], FeedbackDTO[id=980, text=null, detailText=null, hasLongFeedbackText=false, reference=null, credits=3.230769230769231, positive=true, type=AUTOMATIC, visibility=ALWAYS, testCase=TestCaseDTO[testName=testBubbleSort(), id=1467]], FeedbackDTO[id=981, text=null, detailText=null, hasLongFeedbackText=false, reference=null, credits=3.230769230769231, positive=true, type=AUTOMATIC, visibility=ALWAYS, testCase=TestCaseDTO[testName=testUseMergeSortForBigList(), id=1466]], FeedbackDTO[id=982, text=null, detailText=null, hasLongFeedbackText=false, reference=null, credits=3.230769230769231, positive=true, type=AUTOMATIC, visibility=ALWAYS, testCase=TestCaseDTO[testName=testConstructors[Policy], id=1460]], FeedbackDTO[id=983, text=null, detailText=null, hasLongFeedbackText=false, reference=null, credits=3.230769230769231, positive=true, type=AUTOMATIC, visibility=ALWAYS, testCase=TestCaseDTO[testName=testAttributes[Context], id=1456]], FeedbackDTO[id=984, text=null, detailText=null, hasLongFeedbackText=false, reference=null, credits=3.230769230769231, positive=true, type=AUTOMATIC, visibility=ALWAYS, testCase=TestCaseDTO[testName=testAttributes[Policy], id=1457]]], assessmentType=AUTOMATIC, hasComplaint=null, exampleResult=null, testCaseCount=13, passedTestCaseCount=13, codeIssueCount=0]], BuildJobQueueItem[id=20281739576748768, name=SHORT0FC863930E92904248098A506171F81CF6CFTSTEXC-BASE, buildAgent=BuildAgentDTO[name=artemis-build-agent-test, memberAddress=[127.0.0.1]:5703, displayName=artemis-build-agent-test], participationId=2028, courseId=992, exerciseId=2609, retryCount=0, priority=2, status=SUCCESSFUL, repositoryInfo=RepositoryInfo[repositoryName=short0fc863930e92904248098a506171f81cf6cftstexc-exercise, repositoryType=exercise, triggeredByPushTo=auxiliary, assignmentRepositoryUri=http://localhost:49152/git/SHORT0FC863930E92904248098A506171F81CF6CFTSTEXC/short0fc863930e92904248098a506171f81cf6cftstexc-exercise.git, testRepositoryUri=http://localhost:49152/git/SHORT0FC863930E92904248098A506171F81CF6CFTSTEXC/short0fc863930e92904248098a506171f81cf6cftstexc-tests.git, solutionRepositoryUri=null, auxiliaryRepositoryUris=[Ljava.lang.String;@5dfae1cb, auxiliaryRepositoryCheckoutDirectories=[Ljava.lang.String;@1dc1f2e], jobTimingInfo=JobTimingInfo[submissionDate=2025-02-14T23:45:48.768063548Z[Etc/UTC], buildStartDate=2025-02-14T23:45:48.802531989Z[Etc/UTC], buildCompletionDate=2025-02-14T23:45:50.482681367Z[Etc/UTC], estimatedCompletionDate=2025-02-14T23:45:50.802523092Z[Etc/UTC], estimatedDuration=2], buildConfig=BuildConfig[buildScript=#!/bin/bash
cd /var/tmp/testing-dir
chmod +x ./gradlew
./gradlew clean test
, dockerImage=dummy-docker-image:latest, commitHashToBuild=9b3a9bd71a0d80e5bbc42204c319ed3d1d4f0d6d, assignmentCommitHash=115a2e943bee242fdad360b50d8ad5f30792577e, testCommitHash=9b3a9bd71a0d80e5bbc42204c319ed3d1d4f0d6d, branch=main, programmingLanguage=JAVA, projectType=PLAIN_GRADLE, scaEnabled=false, sequentialTestRunsEnabled=false, resultPaths=[/var/tmp/testing-dir/**/test-results/test/*.xml], timeoutSeconds=0, assignmentCheckoutPath=null, testCheckoutPath=null, solutionCheckoutPath=null, dockerRunConfig=null], submissionResult=ResultDTO[id=637, completionDate=2025-02-14T23:45:50.449084694Z[Etc/UTC], successful=false, score=0.0, rated=true, submission=SubmissionDTO[id=831, submitted=true, type=TEST, exampleSubmission=null, submissionDate=2025-02-14T23:45:48.761177Z, commitHash=9b3a9bd71a0d80e5bbc42204c319ed3d1d4f0d6d, buildFailed=false, buildArtifact=false, participation=ParticipationDTO[id=2028, testRun=false, type=template, submissionCount=null, exercise=ParticipationExerciseDTO[id=2609, exerciseType=PROGRAMMING, type=programming, assessmentType=AUTOMATIC, dueDate=2025-02-16T23:45:46.386304Z, assessmentDueDate=null, maxPoints=42.0, course=CourseDTO[id=992, accuracyOfScores=1]]], submissionExerciseType=programming, isProcessing=false, buildStartDate=null, estimatedCompletionDate=null], participation=ParticipationDTO[id=2028, testRun=false, type=template, submissionCount=null, exercise=ParticipationExerciseDTO[id=2609, exerciseType=PROGRAMMING, type=programming, assessmentType=AUTOMATIC, dueDate=2025-02-16T23:45:46.386304Z, assessmentDueDate=null, maxPoints=42.0, course=CourseDTO[id=992, accuracyOfScores=1]]], feedbacks=[FeedbackDTO[id=985, text=null, detailText=The exercise expects a class with the name Context in the package testpackage. You did not implement the class in the exercise., hasLongFeedbackText=false, reference=null, credits=0.0, positive=false, type=AUTOMATIC, visibility=ALWAYS, testCase=TestCaseDTO[testName=testMethods[Context], id=1461]], FeedbackDTO[id=986, text=null, detailText=The exercise expects a class with the name Policy in the package testpackage. You did not implement the class in the exercise., hasLongFeedbackText=false, reference=null, credits=0.0, positive=false, type=AUTOMATIC, visibility=ALWAYS, testCase=TestCaseDTO[testName=testMethods[Policy], id=1462]], FeedbackDTO[id=987, text=null, detailText=The exercise expects a class with the name SortStrategy in the package testpackage. You did not implement the class in the exercise., hasLongFeedbackText=false, reference=null, credits=0.0, positive=false, type=AUTOMATIC, visibility=ALWAYS, testCase=TestCaseDTO[testName=testMethods[SortStrategy], id=1463]], FeedbackDTO[id=988, text=null, detailText=The class 'MergeSort' does not implement the interface 'SortStrategy' as expected. Implement the interface and its methods., hasLongFeedbackText=false, reference=null, credits=0.0, positive=false, type=AUTOMATIC, visibility=ALWAYS, testCase=TestCaseDTO[testName=testClass[MergeSort], id=1458]], FeedbackDTO[id=989, text=null, detailText=The exercise expects a class with the name SortStrategy in the package testpackage. You did not implement the class in the exercise., hasLongFeedbackText=false, reference=null, credits=0.0, positive=false, type=AUTOMATIC, visibility=ALWAYS, testCase=TestCaseDTO[testName=testClass[SortStrategy], id=1455]], FeedbackDTO[id=990, text=null, detailText=The class 'BubbleSort' does not implement the interface 'SortStrategy' as expected. Implement the interface and its methods., hasLongFeedbackText=false, reference=null, credits=0.0, positive=false, type=AUTOMATIC, visibility=ALWAYS, testCase=TestCaseDTO[testName=testClass[BubbleSort], id=1459]], FeedbackDTO[id=991, text=null, detailText=MergeSort does not sort correctly, hasLongFeedbackText=false, reference=null, credits=0.0, positive=false, type=AUTOMATIC, visibility=ALWAYS, testCase=TestCaseDTO[testName=testMergeSort(), id=1464]], FeedbackDTO[id=992, text=null, detailText=The class 'Context' was not found within the submission. Make sure to implement it properly., hasLongFeedbackText=false, reference=null, credits=0.0, positive=false, type=AUTOMATIC, visibility=ALWAYS, testCase=TestCaseDTO[testName=testUseBubbleSortForSmallList(), id=1465]], FeedbackDTO[id=993, text=null, detailText=BubbleSort does not sort correctly, hasLongFeedbackText=false, reference=null, credits=0.0, positive=false, type=AUTOMATIC, visibility=ALWAYS, testCase=TestCaseDTO[testName=testBubbleSort(), id=1467]], FeedbackDTO[id=994, text=null, detailText=The class 'Context' was not found within the submission. Make sure to implement it properly., hasLongFeedbackText=false, reference=null, credits=0.0, positive=false, type=AUTOMATIC, visibility=ALWAYS, testCase=TestCaseDTO[testName=testUseMergeSortForBigList(), id=1466]], FeedbackDTO[id=995, text=null, detailText=The exercise expects a class with the name Policy in the package testpackage. You did not implement the class in the exercise., hasLongFeedbackText=false, reference=null, credits=0.0, positive=false, type=AUTOMATIC, visibility=ALWAYS, testCase=TestCaseDTO[testName=testConstructors[Policy], id=1460]], FeedbackDTO[id=996, text=null, detailText=The exercise expects a class with the name Context in the package testpackage. You did not implement the class in the exercise., hasLongFeedbackText=false, reference=null, credits=0.0, positive=false, type=AUTOMATIC, visibility=ALWAYS, testCase=TestCaseDTO[testName=testAttributes[Context], id=1456]], FeedbackDTO[id=997, text=null, detailText=The exercise expects a class with the name Policy in the package testpackage. You did not implement the class in the exercise., hasLongFeedbackText=false, reference=null, credits=0.0, positive=false, type=AUTOMATIC, visibility=ALWAYS, testCase=TestCaseDTO[testName=testAttributes[Policy], id=1457]]], assessmentType=AUTOMATIC, hasComplaint=null, exampleResult=null, testCaseCount=13, passedTestCaseCount=0, codeIssueCount=0]], BuildJobQueueItem[id=20291739576751299, name=SHORT716C2EC10B19B049C80A2F00B97EAB20B2A9TSTEXC-SOLUTION, buildAgent=BuildAgentDTO[name=artemis-build-agent-test, memberAddress=[127.0.0.1]:5703, displayName=artemis-build-agent-test], participationId=2029, courseId=993, exerciseId=2610, retryCount=0, priority=2, status=SUCCESSFUL, repositoryInfo=RepositoryInfo[repositoryName=short716c2ec10b19b049c80a2f00b97eab20b2a9tstexc-solution, repositoryType=solution, triggeredByPushTo=tests, assignmentRepositoryUri=http://localhost:49152/git/SHORT716C2EC10B19B049C80A2F00B97EAB20B2A9TSTEXC/short716c2ec10b19b049c80a2f00b97eab20b2a9tstexc-solution.git, testRepositoryUri=http://localhost:49152/git/SHORT716C2EC10B19B049C80A2F00B97EAB20B2A9TSTEXC/short716c2ec10b19b049c80a2f00b97eab20b2a9tstexc-tests.git, solutionRepositoryUri=null, auxiliaryRepositoryUris=[Ljava.lang.String;@55166618, auxiliaryRepositoryCheckoutDirectories=[Ljava.lang.String;@79665900], jobTimingInfo=JobTimingInfo[submissionDate=2025-02-14T23:45:51.299892174Z[Etc/UTC], buildStartDate=2025-02-14T23:45:51.314028505Z[Etc/UTC], buildCompletionDate=2025-02-14T23:45:52.158312850Z[Etc/UTC], estimatedCompletionDate=2025-02-14T23:46:10.314021752Z[Etc/UTC], estimatedDuration=19], buildConfig=BuildConfig[buildScript=#!/bin/bash
cd /var/tmp/testing-dir
chmod +x ./gradlew
./gradlew clean test
, dockerImage=dummy-docker-image:latest, commitHashToBuild=1e531733ed6e9237f710b528d1eb0b7beac565fd, assignmentCommitHash=815e279f12ad296b4f24c44134a07293c04c010f, testCommitHash=1e531733ed6e9237f710b528d1eb0b7beac565fd, branch=main, programmingLanguage=JAVA, projectType=PLAIN_GRADLE, scaEnabled=false, sequentialTestRunsEnabled=false, resultPaths=[/var/tmp/testing-dir/**/test-results/test/*.xml], timeoutSeconds=0, assignmentCheckoutPath=null, testCheckoutPath=null, solutionCheckoutPath=null, dockerRunConfig=null], submissionResult=ResultDTO[id=638, completionDate=2025-02-14T23:45:52.146826070Z[Etc/UTC], successful=true, score=100.0, rated=true, submission=SubmissionDTO[id=832, submitted=true, type=TEST, exampleSubmission=null, submissionDate=2025-02-14T23:45:51.275713Z, commitHash=1e531733ed6e9237f710b528d1eb0b7beac565fd, buildFailed=false, buildArtifact=false, participation=ParticipationDTO[id=2029, testRun=false, type=solution, submissionCount=null, exercise=ParticipationExerciseDTO[id=2610, exerciseType=PROGRAMMING, type=programming, assessmentType=AUTOMATIC, dueDate=2025-02-16T23:45:50.869093Z, assessmentDueDate=null, maxPoints=42.0, course=CourseDTO[id=993, accuracyOfScores=1]]], submissionExerciseType=programming, isProcessing=false, buildStartDate=null, estimatedCompletionDate=null], participation=ParticipationDTO[id=2029, testRun=false, type=solution, submissionCount=null, exercise=ParticipationExerciseDTO[id=2610, exerciseType=PROGRAMMING, type=programming, assessmentType=AUTOMATIC, dueDate=2025-02-16T23:45:50.869093Z, assessmentDueDate=null, maxPoints=42.0, course=CourseDTO[id=993, accuracyOfScores=1]]], feedbacks=[FeedbackDTO[id=998, text=null, detailText=null, hasLongFeedbackText=false, reference=null, credits=3.230769230769231, positive=true, type=AUTOMATIC, visibility=ALWAYS, testCase=TestCaseDTO[testName=testMethods[Context], id=1474]], FeedbackDTO[id=999, text=null, detailText=null, hasLongFeedbackText=false, reference=null, credits=3.230769230769231, positive=true, type=AUTOMATIC, visibility=ALWAYS, testCase=TestCaseDTO[testName=testMethods[Policy], id=1475]], FeedbackDTO[id=1000, text=null, detailText=null, hasLongFeedbackText=false, reference=null, credits=3.230769230769231, positive=true, type=AUTOMATIC, visibility=ALWAYS, testCase=TestCaseDTO[testName=testMethods[SortStrategy], id=1476]], FeedbackDTO[id=1001, text=null, detailText=null, hasLongFeedbackText=false, reference=null, credits=3.230769230769231, positive=true, type=AUTOMATIC, visibility=ALWAYS, testCase=TestCaseDTO[testName=testClass[MergeSort], id=1471]], FeedbackDTO[id=1002, text=null, detailText=null, hasLongFeedbackText=false, reference=null, credits=3.230769230769231, positive=true, type=AUTOMATIC, visibility=ALWAYS, testCase=TestCaseDTO[testName=testClass[SortStrategy], id=1468]], FeedbackDTO[id=1003, text=null, detailText=null, hasLongFeedbackText=false, reference=null, credits=3.230769230769231, positive=true, type=AUTOMATIC, visibility=ALWAYS, testCase=TestCaseDTO[testName=testClass[BubbleSort], id=1472]], FeedbackDTO[id=1004, text=null, detailText=null, hasLongFeedbackText=false, reference=null, credits=3.230769230769231, positive=true, type=AUTOMATIC, visibility=ALWAYS, testCase=TestCaseDTO[testName=testMergeSort(), id=1477]], FeedbackDTO[id=1005, text=null, detailText=null, hasLongFeedbackText=false, reference=null, credits=3.230769230769231, positive=true, type=AUTOMATIC, visibility=ALWAYS, testCase=TestCaseDTO[testName=testUseBubbleSortForSmallList(), id=1478]], FeedbackDTO[id=1006, text=null, detailText=null, hasLongFeedbackText=false, reference=null, credits=3.230769230769231, positive=true, type=AUTOMATIC, visibility=ALWAYS, testCase=TestCaseDTO[testName=testBubbleSort(), id=1480]], FeedbackDTO[id=1007, text=null, detailText=null, hasLongFeedbackText=false, reference=null, credits=3.230769230769231, positive=true, type=AUTOMATIC, visibility=ALWAYS, testCase=TestCaseDTO[testName=testUseMergeSortForBigList(), id=1479]], FeedbackDTO[id=1008, text=null, detailText=null, hasLongFeedbackText=false, reference=null, credits=3.230769230769231, positive=true, type=AUTOMATIC, visibility=ALWAYS, testCase=TestCaseDTO[testName=testConstructors[Policy], id=1473]], FeedbackDTO[id=1009, text=null, detailText=null, hasLongFeedbackText=false, reference=null, credits=3.230769230769231, positive=true, type=AUTOMATIC, visibility=ALWAYS, testCase=TestCaseDTO[testName=testAttributes[Context], id=1469]], FeedbackDTO[id=1010, text=null, detailText=null, hasLongFeedbackText=false, reference=null, credits=3.230769230769231, positive=true, type=AUTOMATIC, visibility=ALWAYS, testCase=TestCaseDTO[testName=testAttributes[Policy], id=1470]]], assessmentType=AUTOMATIC, hasComplaint=null, exampleResult=null, testCaseCount=13, passedTestCaseCount=13, codeIssueCount=0]]], publicSshKey=ssh-rsa AAAAB3NzaC1yc2EAAAADAQABAAACAQCOPdMsxRE2jFJ/UEa5/LsBxtwzJcrh3/rYBCQvcMeVpiRfhzQPWu7mrt/G2Ew+i+vRloGH9aqKg6dd1liRncao53Zmd/ePxoatXePNhmzTfkCkcSkTUz7B+QMjkoDDV5jwuFPD6mF3JkhuzSi64n9Zy905t4w2IhVcjM2mL3eYNjiCXt6Qpq3Pkt7dM/Ksw1nxnvuiIALuJLB3FTkXkHqq3PJav+9HSq2r6ZaWgekneaGxlQlb+U+Vy3XOuArKAzK8c8i+0bR+AHiTG6ncYXt7ax3U+TdlDTF7OLP3umwaYjs1NBXOHwG42pevvpKn2fqavZZozk+M05jXLx3bq0O7itxfErWc7etky8qYPyyIMF/txQIVLd78+Ze4d7Y60t5MGbXM5cGE6fFif5fEJwgswXD+BrG0cafz1CTatjSKFdvp8Vp4VszXhHDan1PrP6JEFJ5Cc5GDmLRZPCFa3vL9f5qXgf4bkqKN8MYeEujwJE5nMRWoiJVNakix2bcrrneQMBlnYeYZVWXXXUusAQBzl4NgddC1umZpihZkL1b1MffZAUW3EGEXi7KHnllQhkTLLsQ8ntMgbylqaJKStqaXlLvdeRJcEnUuiFCrHEVVbXRFZR7XVDZ02CE5o3MuaRPty8Kh+jRTF3COlAckHwYEJCNNJvXFgb2CNXL4mjzYDw== test@localhost]
    23:45:53.251 | 566 localvc.event-13 | DEBUG | s.l.LocalCIWebsocketMessagingService : Sending message on topic /topic/admin/build-agents: [BuildAgentInformation[buildAgent=BuildAgentDTO[name=artemis-build-agent-test, memberAddress=[127.0.0.1]:5703, displayName=artemis-build-agent-test], maxNumberOfConcurrentBuildJobs=1, numberOfCurrentBuildJobs=0, runningBuildJobs=[], status=IDLE, recentBuildJobs=null, publicSshKey=null]]
    23:45:53.252 | 588 artemis-task-1   | DEBUG | d.t.c.a.a.c.c.w.GzipMessageConverter : Compressed message payload from 255 to 232 (saved 9.0% payload size)
    23:45:53.252 | 566 localvc.event-13 | DEBUG | s.l.LocalCIWebsocketMessagingService : Sending message on topic /topic/admin/build-agent/artemis-build-agent-test: BuildAgentInformation[buildAgent=BuildAgentDTO[name=artemis-build-agent-test, memberAddress=[127.0.0.1]:5703, displayName=artemis-build-agent-test], maxNumberOfConcurrentBuildJobs=1, numberOfCurrentBuildJobs=0, runningBuildJobs=[], status=IDLE, recentBuildJobs=[BuildJobQueueItem[id=19141739576708030, name=SHORT5F02A8F400311042E70858306EB148073CFDTSTEXC-LOCALVCINTSTUDENT1, buildAgent=BuildAgentDTO[name=artemis-build-agent-test, memberAddress=[127.0.0.1]:5703, displayName=artemis-build-agent-test], participationId=1914, courseId=947, exerciseId=2564, retryCount=0, priority=2, status=FAILED, repositoryInfo=RepositoryInfo[repositoryName=short5f02a8f400311042e70858306eb148073cfdtstexc-localvcintstudent1, repositoryType=user, triggeredByPushTo=user, assignmentRepositoryUri=http://localhost:49152/git/SHORT5F02A8F400311042E70858306EB148073CFDTSTEXC/short5f02a8f400311042e70858306eb148073cfdtstexc-localvcintstudent1.git, testRepositoryUri=http://localhost:49152/git/SHORT5F02A8F400311042E70858306EB148073CFDTSTEXC/short5f02a8f400311042e70858306eb148073cfdtstexc-tests.git, solutionRepositoryUri=null, auxiliaryRepositoryUris=[Ljava.lang.String;@741ccd99, auxiliaryRepositoryCheckoutDirectories=[Ljava.lang.String;@3ff92443], jobTimingInfo=JobTimingInfo[submissionDate=2025-02-14T23:45:08.030118216Z[Etc/UTC], buildStartDate=2025-02-14T23:45:08.041011412Z[Etc/UTC], buildCompletionDate=2025-02-14T23:45:08.054603331Z[Etc/UTC], estimatedCompletionDate=2025-02-14T23:45:27.041005080Z[Etc/UTC], estimatedDuration=19], buildConfig=BuildConfig[buildScript=#!/bin/bash
cd /var/tmp/testing-dir
chmod +x ./gradlew
./gradlew clean test
, dockerImage=dummy-docker-image:latest, commitHashToBuild=6e7146cac5059504aa9d170ec3fa23aec740bb51, assignmentCommitHash=6e7146cac5059504aa9d170ec3fa23aec740bb51, testCommitHash=931e5303581c7a2f01339ba603cfafbfe668b901, branch=main, programmingLanguage=JAVA, projectType=PLAIN_GRADLE, scaEnabled=false, sequentialTestRunsEnabled=false, resultPaths=[/var/tmp/testing-dir/**/test-results/test/*.xml], timeoutSeconds=0, assignmentCheckoutPath=null, testCheckoutPath=null, solutionCheckoutPath=null, dockerRunConfig=null], submissionResult=ResultDTO[id=622, completionDate=2025-02-14T23:45:08.054683681Z[Etc/UTC], successful=false, score=0.0, rated=true, submission=SubmissionDTO[id=814, submitted=true, type=MANUAL, exampleSubmission=null, submissionDate=2025-02-14T23:45:08.016200Z, commitHash=6e7146cac5059504aa9d170ec3fa23aec740bb51, buildFailed=true, buildArtifact=false, participation=ParticipationDTO[id=1914, testRun=false, type=programming, submissionCount=null, exercise=ParticipationExerciseDTO[id=2564, exerciseType=PROGRAMMING, type=programming, assessmentType=AUTOMATIC, dueDate=2025-02-16T23:45:07.324348Z, assessmentDueDate=null, maxPoints=42.0, course=CourseDTO[id=947, accuracyOfScores=1]]], submissionExerciseType=programming, isProcessing=false, buildStartDate=null, estimatedCompletionDate=null], participation=ParticipationDTO[id=1914, testRun=false, type=programming, submissionCount=null, exercise=ParticipationExerciseDTO[id=2564, exerciseType=PROGRAMMING, type=programming, assessmentType=AUTOMATIC, dueDate=2025-02-16T23:45:07.324348Z, assessmentDueDate=null, maxPoints=42.0, course=CourseDTO[id=947, accuracyOfScores=1]]], feedbacks=[], assessmentType=AUTOMATIC, hasComplaint=null, exampleResult=null, testCaseCount=0, passedTestCaseCount=0, codeIssueCount=0]], BuildJobQueueItem[id=19361739576711303, name=SHORT9AFDAE3804CA304DDF0889A0CB0F56104A86TSTEXC-LOCALVCINTSTUDENT1, buildAgent=BuildAgentDTO[name=artemis-build-agent-test, memberAddress=[127.0.0.1]:5703, displayName=artemis-build-agent-test], participationId=1936, courseId=956, exerciseId=2573, retryCount=0, priority=2, status=FAILED, repositoryInfo=RepositoryInfo[repositoryName=short9afdae3804ca304ddf0889a0cb0f56104a86tstexc-localvcintstudent1, repositoryType=user, triggeredByPushTo=user, assignmentRepositoryUri=http://localhost:49152/git/SHORT9AFDAE3804CA304DDF0889A0CB0F56104A86TSTEXC/short9afdae3804ca304ddf0889a0cb0f56104a86tstexc-localvcintstudent1.git, testRepositoryUri=http://localhost:49152/git/SHORT9AFDAE3804CA304DDF0889A0CB0F56104A86TSTEXC/short9afdae3804ca304ddf0889a0cb0f56104a86tstexc-tests.git, solutionRepositoryUri=null, auxiliaryRepositoryUris=[Ljava.lang.String;@c089a09, auxiliaryRepositoryCheckoutDirectories=[Ljava.lang.String;@7cdf03db], jobTimingInfo=JobTimingInfo[submissionDate=2025-02-14T23:45:11.303805653Z[Etc/UTC], buildStartDate=2025-02-14T23:45:11.310981356Z[Etc/UTC], buildCompletionDate=2025-02-14T23:45:11.319178384Z[Etc/UTC], estimatedCompletionDate=2025-02-14T23:45:30.310974944Z[Etc/UTC], estimatedDuration=19], buildConfig=BuildConfig[buildScript=#!/bin/bash
cd /var/tmp/testing-dir
chmod +x ./gradlew
./gradlew clean test
, dockerImage=dummy-docker-image:latest, commitHashToBuild=a1099e378cffde441ef85f9b12577ca174b8e1e4, assignmentCommitHash=a1099e378cffde441ef85f9b12577ca174b8e1e4, testCommitHash=bd38d61c299ab11a1dea82a3ca5493fe04d97d47, branch=main, programmingLanguage=JAVA, projectType=PLAIN_GRADLE, scaEnabled=false, sequentialTestRunsEnabled=false, resultPaths=[/var/tmp/testing-dir/**/test-results/test/*.xml], timeoutSeconds=0, assignmentCheckoutPath=null, testCheckoutPath=null, solutionCheckoutPath=null, dockerRunConfig=null], submissionResult=ResultDTO[id=623, completionDate=2025-02-14T23:45:11.319278430Z[Etc/UTC], successful=false, score=0.0, rated=true, submission=SubmissionDTO[id=815, submitted=true, type=MANUAL, exampleSubmission=null, submissionDate=2025-02-14T23:45:11.294386Z, commitHash=a1099e378cffde441ef85f9b12577ca174b8e1e4, buildFailed=true, buildArtifact=false, participation=ParticipationDTO[id=1936, testRun=false, type=programming, submissionCount=null, exercise=ParticipationExerciseDTO[id=2573, exerciseType=PROGRAMMING, type=programming, assessmentType=AUTOMATIC, dueDate=2025-02-16T23:45:10.996982Z, assessmentDueDate=null, maxPoints=42.0, course=CourseDTO[id=956, accuracyOfScores=1]]], submissionExerciseType=programming, isProcessing=false, buildStartDate=null, estimatedCompletionDate=null], participation=ParticipationDTO[id=1936, testRun=false, type=programming, submissionCount=null, exercise=ParticipationExerciseDTO[id=2573, exerciseType=PROGRAMMING, type=programming, assessmentType=AUTOMATIC, dueDate=2025-02-16T23:45:10.996982Z, assessmentDueDate=null, maxPoints=42.0, course=CourseDTO[id=956, accuracyOfScores=1]]], feedbacks=[], assessmentType=AUTOMATIC, hasComplaint=null, exampleResult=null, testCaseCount=0, passedTestCaseCount=0, codeIssueCount=0]], BuildJobQueueItem[id=19351739576711674, name=SHORT9AFDAE3804CA304DDF0889A0CB0F56104A86TSTEXC-BASE, buildAgent=BuildAgentDTO[name=artemis-build-agent-test, memberAddress=[127.0.0.1]:5703, displayName=artemis-build-agent-test], participationId=1935, courseId=956, exerciseId=2573, retryCount=0, priority=2, status=FAILED, repositoryInfo=RepositoryInfo[repositoryName=short9afdae3804ca304ddf0889a0cb0f56104a86tstexc-exercise, repositoryType=exercise, triggeredByPushTo=exercise, assignmentRepositoryUri=http://localhost:49152/git/SHORT9AFDAE3804CA304DDF0889A0CB0F56104A86TSTEXC/short9afdae3804ca304ddf0889a0cb0f56104a86tstexc-exercise.git, testRepositoryUri=http://localhost:49152/git/SHORT9AFDAE3804CA304DDF0889A0CB0F56104A86TSTEXC/short9afdae3804ca304ddf0889a0cb0f56104a86tstexc-tests.git, solutionRepositoryUri=null, auxiliaryRepositoryUris=[Ljava.lang.String;@6ebd79dc, auxiliaryRepositoryCheckoutDirectories=[Ljava.lang.String;@18109374], jobTimingInfo=JobTimingInfo[submissionDate=2025-02-14T23:45:11.674556681Z[Etc/UTC], buildStartDate=2025-02-14T23:45:11.677776879Z[Etc/UTC], buildCompletionDate=2025-02-14T23:45:11.688097378Z[Etc/UTC], estimatedCompletionDate=2025-02-14T23:45:30.677771620Z[Etc/UTC], estimatedDuration=19], buildConfig=BuildConfig[buildScript=#!/bin/bash
cd /var/tmp/testing-dir
chmod +x ./gradlew
./gradlew clean test
, dockerImage=dummy-docker-image:latest, commitHashToBuild=a1099e378cffde441ef85f9b12577ca174b8e1e4, assignmentCommitHash=a1099e378cffde441ef85f9b12577ca174b8e1e4, testCommitHash=bd38d61c299ab11a1dea82a3ca5493fe04d97d47, branch=main, programmingLanguage=JAVA, projectType=PLAIN_GRADLE, scaEnabled=false, sequentialTestRunsEnabled=false, resultPaths=[/var/tmp/testing-dir/**/test-results/test/*.xml], timeoutSeconds=0, assignmentCheckoutPath=null, testCheckoutPath=null, solutionCheckoutPath=null, dockerRunConfig=null], submissionResult=ResultDTO[id=624, completionDate=2025-02-14T23:45:11.688214837Z[Etc/UTC], successful=false, score=0.0, rated=true, submission=SubmissionDTO[id=816, submitted=true, type=MANUAL, exampleSubmission=null, submissionDate=2025-02-14T23:45:11.656934Z, commitHash=a1099e378cffde441ef85f9b12577ca174b8e1e4, buildFailed=true, buildArtifact=false, participation=ParticipationDTO[id=1935, testRun=false, type=template, submissionCount=null, exercise=ParticipationExerciseDTO[id=2573, exerciseType=PROGRAMMING, type=programming, assessmentType=AUTOMATIC, dueDate=2025-02-16T23:45:10.996982Z, assessmentDueDate=null, maxPoints=42.0, course=CourseDTO[id=956, accuracyOfScores=1]]], submissionExerciseType=programming, isProcessing=false, buildStartDate=null, estimatedCompletionDate=null], participation=ParticipationDTO[id=1935, testRun=false, type=template, submissionCount=null, exercise=ParticipationExerciseDTO[id=2573, exerciseType=PROGRAMMING, type=programming, assessmentType=AUTOMATIC, dueDate=2025-02-16T23:45:10.996982Z, assessmentDueDate=null, maxPoints=42.0, course=CourseDTO[id=956, accuracyOfScores=1]]], feedbacks=[], assessmentType=AUTOMATIC, hasComplaint=null, exampleResult=null, testCaseCount=0, passedTestCaseCount=0, codeIssueCount=0]], BuildJobQueueItem[id=19341739576712112, name=SHORT9AFDAE3804CA304DDF0889A0CB0F56104A86TSTEXC-SOLUTION, buildAgent=BuildAgentDTO[name=artemis-build-agent-test, memberAddress=[127.0.0.1]:5703, displayName=artemis-build-agent-test], participationId=1934, courseId=956, exerciseId=2573, retryCount=0, priority=2, status=FAILED, repositoryInfo=RepositoryInfo[repositoryName=short9afdae3804ca304ddf0889a0cb0f56104a86tstexc-solution, repositoryType=solution, triggeredByPushTo=solution, assignmentRepositoryUri=http://localhost:49152/git/SHORT9AFDAE3804CA304DDF0889A0CB0F56104A86TSTEXC/short9afdae3804ca304ddf0889a0cb0f56104a86tstexc-solution.git, testRepositoryUri=http://localhost:49152/git/SHORT9AFDAE3804CA304DDF0889A0CB0F56104A86TSTEXC/short9afdae3804ca304ddf0889a0cb0f56104a86tstexc-tests.git, solutionRepositoryUri=null, auxiliaryRepositoryUris=[Ljava.lang.String;@50809aad, auxiliaryRepositoryCheckoutDirectories=[Ljava.lang.String;@54c58abd], jobTimingInfo=JobTimingInfo[submissionDate=2025-02-14T23:45:12.112332872Z[Etc/UTC], buildStartDate=2025-02-14T23:45:12.121617114Z[Etc/UTC], buildCompletionDate=2025-02-14T23:45:12.127931701Z[Etc/UTC], estimatedCompletionDate=2025-02-14T23:45:31.121609600Z[Etc/UTC], estimatedDuration=19], buildConfig=BuildConfig[buildScript=#!/bin/bash
cd /var/tmp/testing-dir
chmod +x ./gradlew
./gradlew clean test
, dockerImage=dummy-docker-image:latest, commitHashToBuild=a1099e378cffde441ef85f9b12577ca174b8e1e4, assignmentCommitHash=a1099e378cffde441ef85f9b12577ca174b8e1e4, testCommitHash=bd38d61c299ab11a1dea82a3ca5493fe04d97d47, branch=main, programmingLanguage=JAVA, projectType=PLAIN_GRADLE, scaEnabled=false, sequentialTestRunsEnabled=false, resultPaths=[/var/tmp/testing-dir/**/test-results/test/*.xml], timeoutSeconds=0, assignmentCheckoutPath=null, testCheckoutPath=null, solutionCheckoutPath=null, dockerRunConfig=null], submissionResult=ResultDTO[id=625, completionDate=2025-02-14T23:45:12.128011800Z[Etc/UTC], successful=false, score=0.0, rated=true, submission=SubmissionDTO[id=817, submitted=true, type=MANUAL, exampleSubmission=null, submissionDate=2025-02-14T23:45:12.098737Z, commitHash=a1099e378cffde441ef85f9b12577ca174b8e1e4, buildFailed=true, buildArtifact=false, participation=ParticipationDTO[id=1934, testRun=false, type=solution, submissionCount=null, exercise=ParticipationExerciseDTO[id=2573, exerciseType=PROGRAMMING, type=programming, assessmentType=AUTOMATIC, dueDate=2025-02-16T23:45:10.996982Z, assessmentDueDate=null, maxPoints=42.0, course=CourseDTO[id=956, accuracyOfScores=1]]], submissionExerciseType=programming, isProcessing=false, buildStartDate=null, estimatedCompletionDate=null], participation=ParticipationDTO[id=1934, testRun=false, type=solution, submissionCount=null, exercise=ParticipationExerciseDTO[id=2573, exerciseType=PROGRAMMING, type=programming, assessmentType=AUTOMATIC, dueDate=2025-02-16T23:45:10.996982Z, assessmentDueDate=null, maxPoints=42.0, course=CourseDTO[id=956, accuracyOfScores=1]]], feedbacks=[], assessmentType=AUTOMATIC, hasComplaint=null, exampleResult=null, testCaseCount=0, passedTestCaseCount=0, codeIssueCount=0]], BuildJobQueueItem[id=19341739576713025, name=SHORT9AFDAE3804CA304DDF0889A0CB0F56104A86TSTEXC-SOLUTION, buildAgent=BuildAgentDTO[name=artemis-build-agent-test, memberAddress=[127.0.0.1]:5703, displayName=artemis-build-agent-test], participationId=1934, courseId=956, exerciseId=2573, retryCount=0, priority=2, status=FAILED, repositoryInfo=RepositoryInfo[repositoryName=short9afdae3804ca304ddf0889a0cb0f56104a86tstexc-solution, repositoryType=solution, triggeredByPushTo=tests, assignmentRepositoryUri=http://localhost:49152/git/SHORT9AFDAE3804CA304DDF0889A0CB0F56104A86TSTEXC/short9afdae3804ca304ddf0889a0cb0f56104a86tstexc-solution.git, testRepositoryUri=http://localhost:49152/git/SHORT9AFDAE3804CA304DDF0889A0CB0F56104A86TSTEXC/short9afdae3804ca304ddf0889a0cb0f56104a86tstexc-tests.git, solutionRepositoryUri=null, auxiliaryRepositoryUris=[Ljava.lang.String;@51337a60, auxiliaryRepositoryCheckoutDirectories=[Ljava.lang.String;@4d24c801], jobTimingInfo=JobTimingInfo[submissionDate=2025-02-14T23:45:13.025319671Z[Etc/UTC], buildStartDate=2025-02-14T23:45:13.040293146Z[Etc/UTC], buildCompletionDate=2025-02-14T23:45:13.053032917Z[Etc/UTC], estimatedCompletionDate=2025-02-14T23:45:32.040285703Z[Etc/UTC], estimatedDuration=19], buildConfig=BuildConfig[buildScript=#!/bin/bash
cd /var/tmp/testing-dir
chmod +x ./gradlew
./gradlew clean test
, dockerImage=dummy-docker-image:latest, commitHashToBuild=784f8f0049d2a1a54f21c67dd772bea86715267a, assignmentCommitHash=a1099e378cffde441ef85f9b12577ca174b8e1e4, testCommitHash=784f8f0049d2a1a54f21c67dd772bea86715267a, branch=main, programmingLanguage=JAVA, projectType=PLAIN_GRADLE, scaEnabled=false, sequentialTestRunsEnabled=false, resultPaths=[/var/tmp/testing-dir/**/test-results/test/*.xml], timeoutSeconds=0, assignmentCheckoutPath=null, testCheckoutPath=null, solutionCheckoutPath=null, dockerRunConfig=null], submissionResult=ResultDTO[id=626, completionDate=2025-02-14T23:45:13.053131811Z[Etc/UTC], successful=false, score=0.0, rated=true, submission=SubmissionDTO[id=818, submitted=true, type=TEST, exampleSubmission=null, submissionDate=2025-02-14T23:45:13.005779Z, commitHash=784f8f0049d2a1a54f21c67dd772bea86715267a, buildFailed=true, buildArtifact=false, participation=ParticipationDTO[id=1934, testRun=false, type=solution, submissionCount=null, exercise=ParticipationExerciseDTO[id=2573, exerciseType=PROGRAMMING, type=programming, assessmentType=AUTOMATIC, dueDate=2025-02-16T23:45:10.996982Z, assessmentDueDate=null, maxPoints=42.0, course=CourseDTO[id=956, accuracyOfScores=1]]], submissionExerciseType=programming, isProcessing=false, buildStartDate=null, estimatedCompletionDate=null], participation=ParticipationDTO[id=1934, testRun=false, type=solution, submissionCount=null, exercise=ParticipationExerciseDTO[id=2573, exerciseType=PROGRAMMING, type=programming, assessmentType=AUTOMATIC, dueDate=2025-02-16T23:45:10.996982Z, assessmentDueDate=null, maxPoints=42.0, course=CourseDTO[id=956, accuracyOfScores=1]]], feedbacks=[], assessmentType=AUTOMATIC, hasComplaint=null, exampleResult=null, testCaseCount=0, passedTestCaseCount=0, codeIssueCount=0]], BuildJobQueueItem[id=19581739576715555, name=SHORTC1A3F9FC03D2304B4308FA20AF16D54AAA49TSTEXC-LOCALVCSSHINTSTUDENT1, buildAgent=BuildAgentDTO[name=artemis-build-agent-test, memberAddress=[127.0.0.1]:5703, displayName=artemis-build-agent-test], participationId=1958, courseId=965, exerciseId=2582, retryCount=0, priority=2, status=FAILED, repositoryInfo=RepositoryInfo[repositoryName=shortc1a3f9fc03d2304b4308fa20af16d54aaa49tstexc-localvcsshintstudent1, repositoryType=user, triggeredByPushTo=user, assignmentRepositoryUri=http://localhost:49152/git/SHORTC1A3F9FC03D2304B4308FA20AF16D54AAA49TSTEXC/shortc1a3f9fc03d2304b4308fa20af16d54aaa49tstexc-localvcsshintstudent1.git, testRepositoryUri=http://localhost:49152/git/SHORTC1A3F9FC03D2304B4308FA20AF16D54AAA49TSTEXC/shortc1a3f9fc03d2304b4308fa20af16d54aaa49tstexc-tests.git, solutionRepositoryUri=null, auxiliaryRepositoryUris=[Ljava.lang.String;@192576fa, auxiliaryRepositoryCheckoutDirectories=[Ljava.lang.String;@614d9701], jobTimingInfo=JobTimingInfo[submissionDate=2025-02-14T23:45:15.555989584Z[Etc/UTC], buildStartDate=2025-02-14T23:45:15.568477627Z[Etc/UTC], buildCompletionDate=2025-02-14T23:45:15.579021148Z[Etc/UTC], estimatedCompletionDate=2025-02-14T23:45:34.568443924Z[Etc/UTC], estimatedDuration=19], buildConfig=BuildConfig[buildScript=#!/bin/bash
cd /var/tmp/testing-dir
chmod +x ./gradlew
./gradlew clean test
, dockerImage=dummy-docker-image:latest, commitHashToBuild=ca76dac20e040e6609db02fd7fedd56bf58829d7, assignmentCommitHash=ca76dac20e040e6609db02fd7fedd56bf58829d7, testCommitHash=bd0d58c226dc63bfa4bc9052870589952c0a1f83, branch=main, programmingLanguage=JAVA, projectType=PLAIN_GRADLE, scaEnabled=false, sequentialTestRunsEnabled=false, resultPaths=[/var/tmp/testing-dir/**/test-results/test/*.xml], timeoutSeconds=0, assignmentCheckoutPath=null, testCheckoutPath=null, solutionCheckoutPath=null, dockerRunConfig=null], submissionResult=ResultDTO[id=627, completionDate=2025-02-14T23:45:15.579119131Z[Etc/UTC], successful=false, score=0.0, rated=true, submission=SubmissionDTO[id=820, submitted=true, type=MANUAL, exampleSubmission=null, submissionDate=2025-02-14T23:45:15.548349Z, commitHash=ca76dac20e040e6609db02fd7fedd56bf58829d7, buildFailed=true, buildArtifact=false, participation=ParticipationDTO[id=1958, testRun=false, type=programming, submissionCount=null, exercise=ParticipationExerciseDTO[id=2582, exerciseType=PROGRAMMING, type=programming, assessmentType=AUTOMATIC, dueDate=2025-02-16T23:45:15.103512Z, assessmentDueDate=null, maxPoints=42.0, course=CourseDTO[id=965, accuracyOfScores=1]]], submissionExerciseType=programming, isProcessing=false, buildStartDate=null, estimatedCompletionDate=null], participation=ParticipationDTO[id=1958, testRun=false, type=programming, submissionCount=null, exercise=ParticipationExerciseDTO[id=2582, exerciseType=PROGRAMMING, type=programming, assessmentType=AUTOMATIC, dueDate=2025-02-16T23:45:15.103512Z, assessmentDueDate=null, maxPoints=42.0, course=CourseDTO[id=965, accuracyOfScores=1]]], feedbacks=[], assessmentType=AUTOMATIC, hasComplaint=null, exampleResult=null, testCaseCount=0, passedTestCaseCount=0, codeIssueCount=0]], BuildJobQueueItem[id=19801739576719393, name=SHORTB2A6C58B0D447045380A858075B170A5B7C6TSTEXC-LOCALVCSSHINTSTUDENT1, buildAgent=BuildAgentDTO[name=artemis-build-agent-test, memberAddress=[127.0.0.1]:5703, displayName=artemis-build-agent-test], participationId=1980, courseId=974, exerciseId=2591, retryCount=0, priority=2, status=FAILED, repositoryInfo=RepositoryInfo[repositoryName=shortb2a6c58b0d447045380a858075b170a5b7c6tstexc-localvcsshintstudent1, repositoryType=user, triggeredByPushTo=user, assignmentRepositoryUri=http://localhost:49152/git/SHORTB2A6C58B0D447045380A858075B170A5B7C6TSTEXC/shortb2a6c58b0d447045380a858075b170a5b7c6tstexc-localvcsshintstudent1.git, testRepositoryUri=http://localhost:49152/git/SHORTB2A6C58B0D447045380A858075B170A5B7C6TSTEXC/shortb2a6c58b0d447045380a858075b170a5b7c6tstexc-tests.git, solutionRepositoryUri=null, auxiliaryRepositoryUris=[Ljava.lang.String;@2b670132, auxiliaryRepositoryCheckoutDirectories=[Ljava.lang.String;@40e8b09f], jobTimingInfo=JobTimingInfo[submissionDate=2025-02-14T23:45:19.393259829Z[Etc/UTC], buildStartDate=2025-02-14T23:45:19.405438171Z[Etc/UTC], buildCompletionDate=2025-02-14T23:45:19.414070673Z[Etc/UTC], estimatedCompletionDate=2025-02-14T23:45:38.405431569Z[Etc/UTC], estimatedDuration=19], buildConfig=BuildConfig[buildScript=#!/bin/bash
cd /var/tmp/testing-dir
chmod +x ./gradlew
./gradlew clean test
, dockerImage=dummy-docker-image:latest, commitHashToBuild=363cdbf709a9fff149f813ab848ee800a675cc77, assignmentCommitHash=363cdbf709a9fff149f813ab848ee800a675cc77, testCommitHash=a5e046ece417b2e538f21f816e2524dab61e0d10, branch=main, programmingLanguage=JAVA, projectType=PLAIN_GRADLE, scaEnabled=false, sequentialTestRunsEnabled=false, resultPaths=[/var/tmp/testing-dir/**/test-results/test/*.xml], timeoutSeconds=0, assignmentCheckoutPath=null, testCheckoutPath=null, solutionCheckoutPath=null, dockerRunConfig=null], submissionResult=ResultDTO[id=628, completionDate=2025-02-14T23:45:19.414171040Z[Etc/UTC], successful=false, score=0.0, rated=true, submission=SubmissionDTO[id=821, submitted=true, type=MANUAL, exampleSubmission=null, submissionDate=2025-02-14T23:45:19.376840Z, commitHash=363cdbf709a9fff149f813ab848ee800a675cc77, buildFailed=true, buildArtifact=false, participation=ParticipationDTO[id=1980, testRun=false, type=programming, submissionCount=null, exercise=ParticipationExerciseDTO[id=2591, exerciseType=PROGRAMMING, type=programming, assessmentType=AUTOMATIC, dueDate=2025-02-16T23:45:18.950569Z, assessmentDueDate=null, maxPoints=42.0, course=CourseDTO[id=974, accuracyOfScores=1]]], submissionExerciseType=programming, isProcessing=false, buildStartDate=null, estimatedCompletionDate=null], participation=ParticipationDTO[id=1980, testRun=false, type=programming, submissionCount=null, exercise=ParticipationExerciseDTO[id=2591, exerciseType=PROGRAMMING, type=programming, assessmentType=AUTOMATIC, dueDate=2025-02-16T23:45:18.950569Z, assessmentDueDate=null, maxPoints=42.0, course=CourseDTO[id=974, accuracyOfScores=1]]], feedbacks=[], assessmentType=AUTOMATIC, hasComplaint=null, exampleResult=null, testCaseCount=0, passedTestCaseCount=0, codeIssueCount=0]], BuildJobQueueItem[id=19791739576719787, name=SHORTB2A6C58B0D447045380A858075B170A5B7C6TSTEXC-BASE, buildAgent=BuildAgentDTO[name=artemis-build-agent-test, memberAddress=[127.0.0.1]:5703, displayName=artemis-build-agent-test], participationId=1979, courseId=974, exerciseId=2591, retryCount=0, priority=2, status=FAILED, repositoryInfo=RepositoryInfo[repositoryName=shortb2a6c58b0d447045380a858075b170a5b7c6tstexc-exercise, repositoryType=exercise, triggeredByPushTo=exercise, assignmentRepositoryUri=http://localhost:49152/git/SHORTB2A6C58B0D447045380A858075B170A5B7C6TSTEXC/shortb2a6c58b0d447045380a858075b170a5b7c6tstexc-exercise.git, testRepositoryUri=http://localhost:49152/git/SHORTB2A6C58B0D447045380A858075B170A5B7C6TSTEXC/shortb2a6c58b0d447045380a858075b170a5b7c6tstexc-tests.git, solutionRepositoryUri=null, auxiliaryRepositoryUris=[Ljava.lang.String;@72c88cde, auxiliaryRepositoryCheckoutDirectories=[Ljava.lang.String;@7f30f819], jobTimingInfo=JobTimingInfo[submissionDate=2025-02-14T23:45:19.787985058Z[Etc/UTC], buildStartDate=2025-02-14T23:45:19.796327417Z[Etc/UTC], buildCompletionDate=2025-02-14T23:45:19.799750982Z[Etc/UTC], estimatedCompletionDate=2025-02-14T23:45:38.796319082Z[Etc/UTC], estimatedDuration=19], buildConfig=BuildConfig[buildScript=#!/bin/bash
cd /var/tmp/testing-dir
chmod +x ./gradlew
./gradlew clean test
, dockerImage=dummy-docker-image:latest, commitHashToBuild=363cdbf709a9fff149f813ab848ee800a675cc77, assignmentCommitHash=363cdbf709a9fff149f813ab848ee800a675cc77, testCommitHash=a5e046ece417b2e538f21f816e2524dab61e0d10, branch=main, programmingLanguage=JAVA, projectType=PLAIN_GRADLE, scaEnabled=false, sequentialTestRunsEnabled=false, resultPaths=[/var/tmp/testing-dir/**/test-results/test/*.xml], timeoutSeconds=0, assignmentCheckoutPath=null, testCheckoutPath=null, solutionCheckoutPath=null, dockerRunConfig=null], submissionResult=ResultDTO[id=629, completionDate=2025-02-14T23:45:19.799820341Z[Etc/UTC], successful=false, score=0.0, rated=true, submission=SubmissionDTO[id=822, submitted=true, type=MANUAL, exampleSubmission=null, submissionDate=2025-02-14T23:45:19.775952Z, commitHash=363cdbf709a9fff149f813ab848ee800a675cc77, buildFailed=true, buildArtifact=false, participation=ParticipationDTO[id=1979, testRun=false, type=template, submissionCount=null, exercise=ParticipationExerciseDTO[id=2591, exerciseType=PROGRAMMING, type=programming, assessmentType=AUTOMATIC, dueDate=2025-02-16T23:45:18.950569Z, assessmentDueDate=null, maxPoints=42.0, course=CourseDTO[id=974, accuracyOfScores=1]]], submissionExerciseType=programming, isProcessing=false, buildStartDate=null, estimatedCompletionDate=null], participation=ParticipationDTO[id=1979, testRun=false, type=template, submissionCount=null, exercise=ParticipationExerciseDTO[id=2591, exerciseType=PROGRAMMING, type=programming, assessmentType=AUTOMATIC, dueDate=2025-02-16T23:45:18.950569Z, assessmentDueDate=null, maxPoints=42.0, course=CourseDTO[id=974, accuracyOfScores=1]]], feedbacks=[], assessmentType=AUTOMATIC, hasComplaint=null, exampleResult=null, testCaseCount=0, passedTestCaseCount=0, codeIssueCount=0]], BuildJobQueueItem[id=19781739576720235, name=SHORTB2A6C58B0D447045380A858075B170A5B7C6TSTEXC-SOLUTION, buildAgent=BuildAgentDTO[name=artemis-build-agent-test, memberAddress=[127.0.0.1]:5703, displayName=artemis-build-agent-test], participationId=1978, courseId=974, exerciseId=2591, retryCount=0, priority=2, status=FAILED, repositoryInfo=RepositoryInfo[repositoryName=shortb2a6c58b0d447045380a858075b170a5b7c6tstexc-solution, repositoryType=solution, triggeredByPushTo=solution, assignmentRepositoryUri=http://localhost:49152/git/SHORTB2A6C58B0D447045380A858075B170A5B7C6TSTEXC/shortb2a6c58b0d447045380a858075b170a5b7c6tstexc-solution.git, testRepositoryUri=http://localhost:49152/git/SHORTB2A6C58B0D447045380A858075B170A5B7C6TSTEXC/shortb2a6c58b0d447045380a858075b170a5b7c6tstexc-tests.git, solutionRepositoryUri=null, auxiliaryRepositoryUris=[Ljava.lang.String;@6ccd185c, auxiliaryRepositoryCheckoutDirectories=[Ljava.lang.String;@69a43112], jobTimingInfo=JobTimingInfo[submissionDate=2025-02-14T23:45:20.235272325Z[Etc/UTC], buildStartDate=2025-02-14T23:45:20.243033812Z[Etc/UTC], buildCompletionDate=2025-02-14T23:45:20.250721018Z[Etc/UTC], estimatedCompletionDate=2025-02-14T23:45:39.243026949Z[Etc/UTC], estimatedDuration=19], buildConfig=BuildConfig[buildScript=#!/bin/bash
cd /var/tmp/testing-dir
chmod +x ./gradlew
./gradlew clean test
, dockerImage=dummy-docker-image:latest, commitHashToBuild=c710d0e68c9c7db8cda7d1a278308de2b9642cc0, assignmentCommitHash=c710d0e68c9c7db8cda7d1a278308de2b9642cc0, testCommitHash=a5e046ece417b2e538f21f816e2524dab61e0d10, branch=main, programmingLanguage=JAVA, projectType=PLAIN_GRADLE, scaEnabled=false, sequentialTestRunsEnabled=false, resultPaths=[/var/tmp/testing-dir/**/test-results/test/*.xml], timeoutSeconds=0, assignmentCheckoutPath=null, testCheckoutPath=null, solutionCheckoutPath=null, dockerRunConfig=null], submissionResult=ResultDTO[id=630, completionDate=2025-02-14T23:45:20.250809893Z[Etc/UTC], successful=false, score=0.0, rated=true, submission=SubmissionDTO[id=823, submitted=true, type=MANUAL, exampleSubmission=null, submissionDate=2025-02-14T23:45:20.211707Z, commitHash=c710d0e68c9c7db8cda7d1a278308de2b9642cc0, buildFailed=true, buildArtifact=false, participation=ParticipationDTO[id=1978, testRun=false, type=solution, submissionCount=null, exercise=ParticipationExerciseDTO[id=2591, exerciseType=PROGRAMMING, type=programming, assessmentType=AUTOMATIC, dueDate=2025-02-16T23:45:18.950569Z, assessmentDueDate=null, maxPoints=42.0, course=CourseDTO[id=974, accuracyOfScores=1]]], submissionExerciseType=programming, isProcessing=false, buildStartDate=null, estimatedCompletionDate=null], participation=ParticipationDTO[id=1978, testRun=false, type=solution, submissionCount=null, exercise=ParticipationExerciseDTO[id=2591, exerciseType=PROGRAMMING, type=programming, assessmentType=AUTOMATIC, dueDate=2025-02-16T23:45:18.950569Z, assessmentDueDate=null, maxPoints=42.0, course=CourseDTO[id=974, accuracyOfScores=1]]], feedbacks=[], assessmentType=AUTOMATIC, hasComplaint=null, exampleResult=null, testCaseCount=0, passedTestCaseCount=0, codeIssueCount=0]], BuildJobQueueItem[id=19781739576720802, name=SHORTB2A6C58B0D447045380A858075B170A5B7C6TSTEXC-SOLUTION, buildAgent=BuildAgentDTO[name=artemis-build-agent-test, memberAddress=[127.0.0.1]:5703, displayName=artemis-build-agent-test], participationId=1978, courseId=974, exerciseId=2591, retryCount=0, priority=2, status=FAILED, repositoryInfo=RepositoryInfo[repositoryName=shortb2a6c58b0d447045380a858075b170a5b7c6tstexc-solution, repositoryType=solution, triggeredByPushTo=tests, assignmentRepositoryUri=http://localhost:49152/git/SHORTB2A6C58B0D447045380A858075B170A5B7C6TSTEXC/shortb2a6c58b0d447045380a858075b170a5b7c6tstexc-solution.git, testRepositoryUri=http://localhost:49152/git/SHORTB2A6C58B0D447045380A858075B170A5B7C6TSTEXC/shortb2a6c58b0d447045380a858075b170a5b7c6tstexc-tests.git, solutionRepositoryUri=null, auxiliaryRepositoryUris=[Ljava.lang.String;@5fbcee84, auxiliaryRepositoryCheckoutDirectories=[Ljava.lang.String;@2734355a], jobTimingInfo=JobTimingInfo[submissionDate=2025-02-14T23:45:20.802935026Z[Etc/UTC], buildStartDate=2025-02-14T23:45:20.809306435Z[Etc/UTC], buildCompletionDate=2025-02-14T23:45:20.822452342Z[Etc/UTC], estimatedCompletionDate=2025-02-14T23:45:39.809298491Z[Etc/UTC], estimatedDuration=19], buildConfig=BuildConfig[buildScript=#!/bin/bash
cd /var/tmp/testing-dir
chmod +x ./gradlew
./gradlew clean test
, dockerImage=dummy-docker-image:latest, commitHashToBuild=c710d0e68c9c7db8cda7d1a278308de2b9642cc0, assignmentCommitHash=c710d0e68c9c7db8cda7d1a278308de2b9642cc0, testCommitHash=c710d0e68c9c7db8cda7d1a278308de2b9642cc0, branch=main, programmingLanguage=JAVA, projectType=PLAIN_GRADLE, scaEnabled=false, sequentialTestRunsEnabled=false, resultPaths=[/var/tmp/testing-dir/**/test-results/test/*.xml], timeoutSeconds=0, assignmentCheckoutPath=null, testCheckoutPath=null, solutionCheckoutPath=null, dockerRunConfig=null], submissionResult=ResultDTO[id=631, completionDate=2025-02-14T23:45:20.822527362Z[Etc/UTC], successful=false, score=0.0, rated=true, submission=SubmissionDTO[id=824, submitted=true, type=TEST, exampleSubmission=null, submissionDate=2025-02-14T23:45:20.791240Z, commitHash=c710d0e68c9c7db8cda7d1a278308de2b9642cc0, buildFailed=true, buildArtifact=false, participation=ParticipationDTO[id=1978, testRun=false, type=solution, submissionCount=null, exercise=ParticipationExerciseDTO[id=2591, exerciseType=PROGRAMMING, type=programming, assessmentType=AUTOMATIC, dueDate=2025-02-16T23:45:18.950569Z, assessmentDueDate=null, maxPoints=42.0, course=CourseDTO[id=974, accuracyOfScores=1]]], submissionExerciseType=programming, isProcessing=false, buildStartDate=null, estimatedCompletionDate=null], participation=ParticipationDTO[id=1978, testRun=false, type=solution, submissionCount=null, exercise=ParticipationExerciseDTO[id=2591, exerciseType=PROGRAMMING, type=programming, assessmentType=AUTOMATIC, dueDate=2025-02-16T23:45:18.950569Z, assessmentDueDate=null, maxPoints=42.0, course=CourseDTO[id=974, accuracyOfScores=1]]], feedbacks=[], assessmentType=AUTOMATIC, hasComplaint=null, exampleResult=null, testCaseCount=0, passedTestCaseCount=0, codeIssueCount=0]], BuildJobQueueItem[id=20061739576732554, name=SHORT94A899E303D7504C5D0840704DAAFA3DFF4DTSTEXC-LOCALVCCIINTINSTRUCTOR1, buildAgent=BuildAgentDTO[name=artemis-build-agent-test, memberAddress=[127.0.0.1]:5703, displayName=artemis-build-agent-test], participationId=2006, courseId=984, exerciseId=2601, retryCount=0, priority=2, status=SUCCESSFUL, repositoryInfo=RepositoryInfo[repositoryName=short94a899e303d7504c5d0840704daafa3dff4dtstexc-localvcciintinstructor1, repositoryType=user, triggeredByPushTo=user, assignmentRepositoryUri=http://localhost:49152/git/SHORT94A899E303D7504C5D0840704DAAFA3DFF4DTSTEXC/short94a899e303d7504c5d0840704daafa3dff4dtstexc-localvcciintinstructor1.git, testRepositoryUri=http://localhost:49152/git/SHORT94A899E303D7504C5D0840704DAAFA3DFF4DTSTEXC/short94a899e303d7504c5d0840704daafa3dff4dtstexc-tests.git, solutionRepositoryUri=null, auxiliaryRepositoryUris=[Ljava.lang.String;@233fd618, auxiliaryRepositoryCheckoutDirectories=[Ljava.lang.String;@6b5b4fcc], jobTimingInfo=JobTimingInfo[submissionDate=2025-02-14T23:45:32.554795798Z[Etc/UTC], buildStartDate=2025-02-14T23:45:32.567287465Z[Etc/UTC], buildCompletionDate=2025-02-14T23:45:34.535226768Z[Etc/UTC], estimatedCompletionDate=2025-02-14T23:45:51.567257960Z[Etc/UTC], estimatedDuration=19], buildConfig=BuildConfig[buildScript=#!/bin/bash
cd /var/tmp/testing-dir
chmod +x ./gradlew
./gradlew clean test
, dockerImage=dummy-docker-image:latest, commitHashToBuild=ca2dbc0ae87edf7035058a6a17c0ea60e90a290f, assignmentCommitHash=ca2dbc0ae87edf7035058a6a17c0ea60e90a290f, testCommitHash=0207f6f98af5fbb66ad68455f3fc3cf128af8ae9, branch=main, programmingLanguage=JAVA, projectType=PLAIN_GRADLE, scaEnabled=false, sequentialTestRunsEnabled=false, resultPaths=[/var/tmp/testing-dir/**/test-results/test/*.xml], timeoutSeconds=0, assignmentCheckoutPath=null, testCheckoutPath=null, solutionCheckoutPath=null, dockerRunConfig=null], submissionResult=ResultDTO[id=632, completionDate=2025-02-14T23:45:34.504415716Z[Etc/UTC], successful=false, score=7.7, rated=false, submission=SubmissionDTO[id=826, submitted=true, type=MANUAL, exampleSubmission=null, submissionDate=2025-02-14T23:45:32.541533Z, commitHash=ca2dbc0ae87edf7035058a6a17c0ea60e90a290f, buildFailed=false, buildArtifact=false, participation=ParticipationDTO[id=2006, testRun=true, type=programming, submissionCount=null, exercise=ParticipationExerciseDTO[id=2601, exerciseType=PROGRAMMING, type=programming, assessmentType=AUTOMATIC, dueDate=2025-02-16T23:45:31.864042Z, assessmentDueDate=null, maxPoints=42.0, course=CourseDTO[id=984, accuracyOfScores=1]]], submissionExerciseType=programming, isProcessing=false, buildStartDate=null, estimatedCompletionDate=null], participation=ParticipationDTO[id=2006, testRun=true, type=programming, submissionCount=null, exercise=ParticipationExerciseDTO[id=2601, exerciseType=PROGRAMMING, type=programming, assessmentType=AUTOMATIC, dueDate=2025-02-16T23:45:31.864042Z, assessmentDueDate=null, maxPoints=42.0, course=CourseDTO[id=984, accuracyOfScores=1]]], feedbacks=[FeedbackDTO[id=920, text=null, detailText=The exercise expects a class with the name Context in the package testpackage. You did not implement the class in the exercise., hasLongFeedbackText=false, reference=null, credits=0.0, positive=false, type=AUTOMATIC, visibility=ALWAYS, testCase=TestCaseDTO[testName=null, id=1357]], FeedbackDTO[id=921, text=null, detailText=The exercise expects a class with the name Policy in the package testpackage. You did not implement the class in the exercise., hasLongFeedbackText=false, reference=null, credits=0.0, positive=false, type=AUTOMATIC, visibility=ALWAYS, testCase=TestCaseDTO[testName=null, id=1358]], FeedbackDTO[id=922, text=null, detailText=The exercise expects a class with the name SortStrategy in the package testpackage. You did not implement the class in the exercise., hasLongFeedbackText=false, reference=null, credits=0.0, positive=false, type=AUTOMATIC, visibility=ALWAYS, testCase=TestCaseDTO[testName=null, id=1359]], FeedbackDTO[id=923, text=null, detailText=The class 'MergeSort' does not implement the interface 'SortStrategy' as expected. Implement the interface and its methods., hasLongFeedbackText=false, reference=null, credits=0.0, positive=false, type=AUTOMATIC, visibility=ALWAYS, testCase=TestCaseDTO[testName=null, id=1354]], FeedbackDTO[id=924, text=null, detailText=The exercise expects a class with the name SortStrategy in the package testpackage. You did not implement the class in the exercise., hasLongFeedbackText=false, reference=null, credits=0.0, positive=false, type=AUTOMATIC, visibility=ALWAYS, testCase=TestCaseDTO[testName=null, id=1351]], FeedbackDTO[id=925, text=null, detailText=The class 'BubbleSort' does not implement the interface 'SortStrategy' as expected. Implement the interface and its methods., hasLongFeedbackText=false, reference=null, credits=0.0, positive=false, type=AUTOMATIC, visibility=ALWAYS, testCase=TestCaseDTO[testName=null, id=1355]], FeedbackDTO[id=926, text=null, detailText=MergeSort does not sort correctly, hasLongFeedbackText=false, reference=null, credits=0.0, positive=false, type=AUTOMATIC, visibility=ALWAYS, testCase=TestCaseDTO[testName=null, id=1360]], FeedbackDTO[id=927, text=null, detailText=The class 'Context' was not found within the submission. Make sure to implement it properly., hasLongFeedbackText=false, reference=null, credits=0.0, positive=false, type=AUTOMATIC, visibility=ALWAYS, testCase=TestCaseDTO[testName=null, id=1361]], FeedbackDTO[id=928, text=null, detailText=The class 'Context' was not found within the submission. Make sure to implement it properly., hasLongFeedbackText=false, reference=null, credits=0.0, positive=false, type=AUTOMATIC, visibility=ALWAYS, testCase=TestCaseDTO[testName=null, id=1362]], FeedbackDTO[id=929, text=null, detailText=The exercise expects a class with the name Policy in the package testpackage. You did not implement the class in the exercise., hasLongFeedbackText=false, reference=null, credits=0.0, positive=false, type=AUTOMATIC, visibility=ALWAYS, testCase=TestCaseDTO[testName=null, id=1356]], FeedbackDTO[id=930, text=null, detailText=The exercise expects a class with the name Context in the package testpackage. You did not implement the class in the exercise., hasLongFeedbackText=false, reference=null, credits=0.0, positive=false, type=AUTOMATIC, visibility=ALWAYS, testCase=TestCaseDTO[testName=null, id=1352]], FeedbackDTO[id=931, text=null, detailText=The exercise expects a class with the name Policy in the package testpackage. You did not implement the class in the exercise., hasLongFeedbackText=false, reference=null, credits=0.0, positive=false, type=AUTOMATIC, visibility=ALWAYS, testCase=TestCaseDTO[testName=null, id=1353]], FeedbackDTO[id=932, text=null, detailText=null, hasLongFeedbackText=false, reference=null, credits=3.230769230769231, positive=true, type=AUTOMATIC, visibility=ALWAYS, testCase=TestCaseDTO[testName=null, id=1363]]], assessmentType=AUTOMATIC, hasComplaint=null, exampleResult=null, testCaseCount=13, passedTestCaseCount=1, codeIssueCount=0]], BuildJobQueueItem[id=20111739576737317, name=SHORTD49A6DAE04F9E049850BD5601663FD17A5B7TSTEXC-BASE, buildAgent=BuildAgentDTO[name=artemis-build-agent-test, memberAddress=[127.0.0.1]:5703, displayName=artemis-build-agent-test], participationId=2011, courseId=986, exerciseId=2603, retryCount=0, priority=2, status=SUCCESSFUL, repositoryInfo=RepositoryInfo[repositoryName=shortd49a6dae04f9e049850bd5601663fd17a5b7tstexc-exercise, repositoryType=exercise, triggeredByPushTo=exercise, assignmentRepositoryUri=http://localhost:49152/git/SHORTD49A6DAE04F9E049850BD5601663FD17A5B7TSTEXC/shortd49a6dae04f9e049850bd5601663fd17a5b7tstexc-exercise.git, testRepositoryUri=http://localhost:49152/git/SHORTD49A6DAE04F9E049850BD5601663FD17A5B7TSTEXC/shortd49a6dae04f9e049850bd5601663fd17a5b7tstexc-tests.git, solutionRepositoryUri=null, auxiliaryRepositoryUris=[Ljava.lang.String;@53ab54ed, auxiliaryRepositoryCheckoutDirectories=[Ljava.lang.String;@55333527], jobTimingInfo=JobTimingInfo[submissionDate=2025-02-14T23:45:37.317968648Z[Etc/UTC], buildStartDate=2025-02-14T23:45:37.324534774Z[Etc/UTC], buildCompletionDate=2025-02-14T23:45:38.527225461Z[Etc/UTC], estimatedCompletionDate=2025-02-14T23:45:56.324506331Z[Etc/UTC], estimatedDuration=19], buildConfig=BuildConfig[buildScript=#!/bin/bash
cd /var/tmp/testing-dir
chmod +x ./gradlew
./gradlew clean test
, dockerImage=dummy-docker-image:latest, commitHashToBuild=c795243c185829bbefa399f45dcbcfac22311b2f, assignmentCommitHash=c795243c185829bbefa399f45dcbcfac22311b2f, testCommitHash=fa8b162170bf767d852e05e0eb7a128efa2e1f34, branch=main, programmingLanguage=JAVA, projectType=PLAIN_GRADLE, scaEnabled=false, sequentialTestRunsEnabled=false, resultPaths=[/var/tmp/testing-dir/**/test-results/test/*.xml], timeoutSeconds=0, assignmentCheckoutPath=null, testCheckoutPath=null, solutionCheckoutPath=null, dockerRunConfig=null], submissionResult=ResultDTO[id=633, completionDate=2025-02-14T23:45:38.476795726Z[Etc/UTC], successful=false, score=0.0, rated=true, submission=SubmissionDTO[id=827, submitted=true, type=MANUAL, exampleSubmission=null, submissionDate=2025-02-14T23:45:37.303401Z, commitHash=c795243c185829bbefa399f45dcbcfac22311b2f, buildFailed=false, buildArtifact=false, participation=ParticipationDTO[id=2011, testRun=false, type=template, submissionCount=null, exercise=ParticipationExerciseDTO[id=2603, exerciseType=PROGRAMMING, type=programming, assessmentType=AUTOMATIC, dueDate=2025-02-16T23:45:36.830269Z, assessmentDueDate=null, maxPoints=42.0, course=CourseDTO[id=986, accuracyOfScores=1]]], submissionExerciseType=programming, isProcessing=false, buildStartDate=null, estimatedCompletionDate=null], participation=ParticipationDTO[id=2011, testRun=false, type=template, submissionCount=null, exercise=ParticipationExerciseDTO[id=2603, exerciseType=PROGRAMMING, type=programming, assessmentType=AUTOMATIC, dueDate=2025-02-16T23:45:36.830269Z, assessmentDueDate=null, maxPoints=42.0, course=CourseDTO[id=986, accuracyOfScores=1]]], feedbacks=[FeedbackDTO[id=933, text=null, detailText=The exercise expects a class with the name Context in the package testpackage. You did not implement the class in the exercise., hasLongFeedbackText=false, reference=null, credits=0.0, positive=false, type=AUTOMATIC, visibility=ALWAYS, testCase=TestCaseDTO[testName=testMethods[Context], id=1383]], FeedbackDTO[id=934, text=null, detailText=The exercise expects a class with the name Policy in the package testpackage. You did not implement the class in the exercise., hasLongFeedbackText=false, reference=null, credits=0.0, positive=false, type=AUTOMATIC, visibility=ALWAYS, testCase=TestCaseDTO[testName=testMethods[Policy], id=1384]], FeedbackDTO[id=935, text=null, detailText=The exercise expects a class with the name SortStrategy in the package testpackage. You did not implement the class in the exercise., hasLongFeedbackText=false, reference=null, credits=0.0, positive=false, type=AUTOMATIC, visibility=ALWAYS, testCase=TestCaseDTO[testName=testMethods[SortStrategy], id=1385]], FeedbackDTO[id=936, text=null, detailText=The class 'MergeSort' does not implement the interface 'SortStrategy' as expected. Implement the interface and its methods., hasLongFeedbackText=false, reference=null, credits=0.0, positive=false, type=AUTOMATIC, visibility=ALWAYS, testCase=TestCaseDTO[testName=testClass[MergeSort], id=1380]], FeedbackDTO[id=937, text=null, detailText=The exercise expects a class with the name SortStrategy in the package testpackage. You did not implement the class in the exercise., hasLongFeedbackText=false, reference=null, credits=0.0, positive=false, type=AUTOMATIC, visibility=ALWAYS, testCase=TestCaseDTO[testName=testClass[SortStrategy], id=1377]], FeedbackDTO[id=938, text=null, detailText=The class 'BubbleSort' does not implement the interface 'SortStrategy' as expected. Implement the interface and its methods., hasLongFeedbackText=false, reference=null, credits=0.0, positive=false, type=AUTOMATIC, visibility=ALWAYS, testCase=TestCaseDTO[testName=testClass[BubbleSort], id=1381]], FeedbackDTO[id=939, text=null, detailText=MergeSort does not sort correctly, hasLongFeedbackText=false, reference=null, credits=0.0, positive=false, type=AUTOMATIC, visibility=ALWAYS, testCase=TestCaseDTO[testName=testMergeSort(), id=1386]], FeedbackDTO[id=940, text=null, detailText=The class 'Context' was not found within the submission. Make sure to implement it properly., hasLongFeedbackText=false, reference=null, credits=0.0, positive=false, type=AUTOMATIC, visibility=ALWAYS, testCase=TestCaseDTO[testName=testUseBubbleSortForSmallList(), id=1387]], FeedbackDTO[id=941, text=null, detailText=BubbleSort does not sort correctly, hasLongFeedbackText=false, reference=null, credits=0.0, positive=false, type=AUTOMATIC, visibility=ALWAYS, testCase=TestCaseDTO[testName=testBubbleSort(), id=1389]], FeedbackDTO[id=942, text=null, detailText=The class 'Context' was not found within the submission. Make sure to implement it properly., hasLongFeedbackText=false, reference=null, credits=0.0, positive=false, type=AUTOMATIC, visibility=ALWAYS, testCase=TestCaseDTO[testName=testUseMergeSortForBigList(), id=1388]], FeedbackDTO[id=943, text=null, detailText=The exercise expects a class with the name Policy in the package testpackage. You did not implement the class in the exercise., hasLongFeedbackText=false, reference=null, credits=0.0, positive=false, type=AUTOMATIC, visibility=ALWAYS, testCase=TestCaseDTO[testName=testConstructors[Policy], id=1382]], FeedbackDTO[id=944, text=null, detailText=The exercise expects a class with the name Context in the package testpackage. You did not implement the class in the exercise., hasLongFeedbackText=false, reference=null, credits=0.0, positive=false, type=AUTOMATIC, visibility=ALWAYS, testCase=TestCaseDTO[testName=testAttributes[Context], id=1378]], FeedbackDTO[id=945, text=null, detailText=The exercise expects a class with the name Policy in the package testpackage. You did not implement the class in the exercise., hasLongFeedbackText=false, reference=null, credits=0.0, positive=false, type=AUTOMATIC, visibility=ALWAYS, testCase=TestCaseDTO[testName=testAttributes[Policy], id=1379]]], assessmentType=AUTOMATIC, hasComplaint=null, exampleResult=null, testCaseCount=13, passedTestCaseCount=0, codeIssueCount=0]], BuildJobQueueItem[id=20171739576740018, name=SHORT7914AFA00ADC3047140B99D01AC07810CE44TSTEXC-LOCALVCCIINTSTUDENT1, buildAgent=BuildAgentDTO[name=artemis-build-agent-test, memberAddress=[127.0.0.1]:5703, displayName=artemis-build-agent-test], participationId=2017, courseId=988, exerciseId=2605, retryCount=0, priority=2, status=SUCCESSFUL, repositoryInfo=RepositoryInfo[repositoryName=short7914afa00adc3047140b99d01ac07810ce44tstexc-practice-localvcciintstudent1, repositoryType=user, triggeredByPushTo=user, assignmentRepositoryUri=http://localhost:49152/git/SHORT7914AFA00ADC3047140B99D01AC07810CE44TSTEXC/short7914afa00adc3047140b99d01ac07810ce44tstexc-practice-localvcciintstudent1.git, testRepositoryUri=http://localhost:49152/git/SHORT7914AFA00ADC3047140B99D01AC07810CE44TSTEXC/short7914afa00adc3047140b99d01ac07810ce44tstexc-tests.git, solutionRepositoryUri=null, auxiliaryRepositoryUris=[Ljava.lang.String;@8e1b68f, auxiliaryRepositoryCheckoutDirectories=[Ljava.lang.String;@39f5ad70], jobTimingInfo=JobTimingInfo[submissionDate=2025-02-14T23:45:40.018961253Z[Etc/UTC], buildStartDate=2025-02-14T23:45:40.029742701Z[Etc/UTC], buildCompletionDate=2025-02-14T23:45:41.150208242Z[Etc/UTC], estimatedCompletionDate=2025-02-14T23:45:59.029734065Z[Etc/UTC], estimatedDuration=19], buildConfig=BuildConfig[buildScript=#!/bin/bash
cd /var/tmp/testing-dir
chmod +x ./gradlew
./gradlew clean test
, dockerImage=dummy-docker-image:latest, commitHashToBuild=d80b57877989b971e83ccdb4863c8a7023c76266, assignmentCommitHash=d80b57877989b971e83ccdb4863c8a7023c76266, testCommitHash=327b116890c92b1312314341f43f21ef13ecf7d7, branch=main, programmingLanguage=JAVA, projectType=PLAIN_GRADLE, scaEnabled=false, sequentialTestRunsEnabled=false, resultPaths=[/var/tmp/testing-dir/**/test-results/test/*.xml], timeoutSeconds=0, assignmentCheckoutPath=null, testCheckoutPath=null, solutionCheckoutPath=null, dockerRunConfig=null], submissionResult=ResultDTO[id=634, completionDate=2025-02-14T23:45:41.120192603Z[Etc/UTC], successful=false, score=7.7, rated=false, submission=SubmissionDTO[id=828, submitted=true, type=MANUAL, exampleSubmission=null, submissionDate=2025-02-14T23:45:40.008666Z, commitHash=d80b57877989b971e83ccdb4863c8a7023c76266, buildFailed=false, buildArtifact=false, participation=ParticipationDTO[id=2017, testRun=true, type=programming, submissionCount=null, exercise=ParticipationExerciseDTO[id=2605, exerciseType=PROGRAMMING, type=programming, assessmentType=AUTOMATIC, dueDate=2025-02-16T23:45:39.523500Z, assessmentDueDate=null, maxPoints=42.0, course=CourseDTO[id=988, accuracyOfScores=1]]], submissionExerciseType=programming, isProcessing=false, buildStartDate=null, estimatedCompletionDate=null], participation=ParticipationDTO[id=2017, testRun=true, type=programming, submissionCount=null, exercise=ParticipationExerciseDTO[id=2605, exerciseType=PROGRAMMING, type=programming, assessmentType=AUTOMATIC, dueDate=2025-02-16T23:45:39.523500Z, assessmentDueDate=null, maxPoints=42.0, course=CourseDTO[id=988, accuracyOfScores=1]]], feedbacks=[FeedbackDTO[id=946, text=null, detailText=The exercise expects a class with the name Context in the package testpackage. You did not implement the class in the exercise., hasLongFeedbackText=false, reference=null, credits=0.0, positive=false, type=AUTOMATIC, visibility=ALWAYS, testCase=TestCaseDTO[testName=null, id=1409]], FeedbackDTO[id=947, text=null, detailText=The exercise expects a class with the name Policy in the package testpackage. You did not implement the class in the exercise., hasLongFeedbackText=false, reference=null, credits=0.0, positive=false, type=AUTOMATIC, visibility=ALWAYS, testCase=TestCaseDTO[testName=null, id=1410]], FeedbackDTO[id=948, text=null, detailText=The exercise expects a class with the name SortStrategy in the package testpackage. You did not implement the class in the exercise., hasLongFeedbackText=false, reference=null, credits=0.0, positive=false, type=AUTOMATIC, visibility=ALWAYS, testCase=TestCaseDTO[testName=null, id=1411]], FeedbackDTO[id=949, text=null, detailText=The class 'MergeSort' does not implement the interface 'SortStrategy' as expected. Implement the interface and its methods., hasLongFeedbackText=false, reference=null, credits=0.0, positive=false, type=AUTOMATIC, visibility=ALWAYS, testCase=TestCaseDTO[testName=null, id=1406]], FeedbackDTO[id=950, text=null, detailText=The exercise expects a class with the name SortStrategy in the package testpackage. You did not implement the class in the exercise., hasLongFeedbackText=false, reference=null, credits=0.0, positive=false, type=AUTOMATIC, visibility=ALWAYS, testCase=TestCaseDTO[testName=null, id=1403]], FeedbackDTO[id=951, text=null, detailText=The class 'BubbleSort' does not implement the interface 'SortStrategy' as expected. Implement the interface and its methods., hasLongFeedbackText=false, reference=null, credits=0.0, positive=false, type=AUTOMATIC, visibility=ALWAYS, testCase=TestCaseDTO[testName=null, id=1407]], FeedbackDTO[id=952, text=null, detailText=MergeSort does not sort correctly, hasLongFeedbackText=false, reference=null, credits=0.0, positive=false, type=AUTOMATIC, visibility=ALWAYS, testCase=TestCaseDTO[testName=null, id=1412]], FeedbackDTO[id=953, text=null, detailText=The class 'Context' was not found within the submission. Make sure to implement it properly., hasLongFeedbackText=false, reference=null, credits=0.0, positive=false, type=AUTOMATIC, visibility=ALWAYS, testCase=TestCaseDTO[testName=null, id=1413]], FeedbackDTO[id=954, text=null, detailText=The class 'Context' was not found within the submission. Make sure to implement it properly., hasLongFeedbackText=false, reference=null, credits=0.0, positive=false, type=AUTOMATIC, visibility=ALWAYS, testCase=TestCaseDTO[testName=null, id=1414]], FeedbackDTO[id=955, text=null, detailText=The exercise expects a class with the name Policy in the package testpackage. You did not implement the class in the exercise., hasLongFeedbackText=false, reference=null, credits=0.0, positive=false, type=AUTOMATIC, visibility=ALWAYS, testCase=TestCaseDTO[testName=null, id=1408]], FeedbackDTO[id=956, text=null, detailText=The exercise expects a class with the name Context in the package testpackage. You did not implement the class in the exercise., hasLongFeedbackText=false, reference=null, credits=0.0, positive=false, type=AUTOMATIC, visibility=ALWAYS, testCase=TestCaseDTO[testName=null, id=1404]], FeedbackDTO[id=957, text=null, detailText=The exercise expects a class with the name Policy in the package testpackage. You did not implement the class in the exercise., hasLongFeedbackText=false, reference=null, credits=0.0, positive=false, type=AUTOMATIC, visibility=ALWAYS, testCase=TestCaseDTO[testName=null, id=1405]], FeedbackDTO[id=958, text=null, detailText=null, hasLongFeedbackText=false, reference=null, credits=3.230769230769231, positive=true, type=AUTOMATIC, visibility=ALWAYS, testCase=TestCaseDTO[testName=null, id=1415]]], assessmentType=AUTOMATIC, hasComplaint=null, exampleResult=null, testCaseCount=13, passedTestCaseCount=1, codeIssueCount=0]], BuildJobQueueItem[id=20261739576743984, name=SHORT53C73BE505404043100AC2F00C039353CE8FTSTEXC-LOCALVCCIINTSTUDENT1, buildAgent=BuildAgentDTO[name=artemis-build-agent-test, memberAddress=[127.0.0.1]:5703, displayName=artemis-build-agent-test], participationId=2026, courseId=991, exerciseId=2608, retryCount=0, priority=1, status=SUCCESSFUL, repositoryInfo=RepositoryInfo[repositoryName=short53c73be505404043100ac2f00c039353ce8ftstexc-localvcciintstudent1, repositoryType=user, triggeredByPushTo=user, assignmentRepositoryUri=http://localhost:49152/git/SHORT53C73BE505404043100AC2F00C039353CE8FTSTEXC/short53c73be505404043100ac2f00c039353ce8ftstexc-localvcciintstudent1.git, testRepositoryUri=http://localhost:49152/git/SHORT53C73BE505404043100AC2F00C039353CE8FTSTEXC/short53c73be505404043100ac2f00c039353ce8ftstexc-tests.git, solutionRepositoryUri=null, auxiliaryRepositoryUris=[Ljava.lang.String;@30708a9f, auxiliaryRepositoryCheckoutDirectories=[Ljava.lang.String;@7ca61bbb], jobTimingInfo=JobTimingInfo[submissionDate=2025-02-14T23:45:43.984518859Z[Etc/UTC], buildStartDate=2025-02-14T23:45:43.991385682Z[Etc/UTC], buildCompletionDate=2025-02-14T23:45:44.982059928Z[Etc/UTC], estimatedCompletionDate=2025-02-14T23:46:02.991380122Z[Etc/UTC], estimatedDuration=19], buildConfig=BuildConfig[buildScript=#!/bin/bash
cd /var/tmp/testing-dir
chmod +x ./gradlew
./gradlew clean test
, dockerImage=dummy-docker-image:latest, commitHashToBuild=3e90ae9fef2e44ffb41451a080bdaa6a44ad6848, assignmentCommitHash=3e90ae9fef2e44ffb41451a080bdaa6a44ad6848, testCommitHash=0582754c87aae13e640312855ce7dbe490ecb50c, branch=main, programmingLanguage=JAVA, projectType=PLAIN_GRADLE, scaEnabled=false, sequentialTestRunsEnabled=false, resultPaths=[/var/tmp/testing-dir/**/test-results/test/*.xml], timeoutSeconds=0, assignmentCheckoutPath=null, testCheckoutPath=null, solutionCheckoutPath=null, dockerRunConfig=null], submissionResult=ResultDTO[id=635, completionDate=2025-02-14T23:45:44.961313737Z[Etc/UTC], successful=false, score=7.7, rated=true, submission=SubmissionDTO[id=829, submitted=true, type=MANUAL, exampleSubmission=null, submissionDate=2025-02-14T23:45:43.967766Z, commitHash=3e90ae9fef2e44ffb41451a080bdaa6a44ad6848, buildFailed=false, buildArtifact=false, participation=ParticipationDTO[id=2026, testRun=false, type=programming, submissionCount=null, exercise=ParticipationExerciseDTO[id=2608, exerciseType=PROGRAMMING, type=programming, assessmentType=AUTOMATIC, dueDate=2025-02-16T23:45:43.597978Z, assessmentDueDate=null, maxPoints=42.0, course=CourseDTO[id=991, accuracyOfScores=1]]], submissionExerciseType=programming, isProcessing=false, buildStartDate=null, estimatedCompletionDate=null], participation=ParticipationDTO[id=2026, testRun=false, type=programming, submissionCount=null, exercise=ParticipationExerciseDTO[id=2608, exerciseType=PROGRAMMING, type=programming, assessmentType=AUTOMATIC, dueDate=2025-02-16T23:45:43.597978Z, assessmentDueDate=null, maxPoints=42.0, course=CourseDTO[id=991, accuracyOfScores=1]]], feedbacks=[FeedbackDTO[id=959, text=null, detailText=The exercise expects a class with the name Context in the package testpackage. You did not implement the class in the exercise., hasLongFeedbackText=false, reference=null, credits=0.0, positive=false, type=AUTOMATIC, visibility=ALWAYS, testCase=TestCaseDTO[testName=null, id=1448]], FeedbackDTO[id=960, text=null, detailText=The exercise expects a class with the name Policy in the package testpackage. You did not implement the class in the exercise., hasLongFeedbackText=false, reference=null, credits=0.0, positive=false, type=AUTOMATIC, visibility=ALWAYS, testCase=TestCaseDTO[testName=null, id=1449]], FeedbackDTO[id=961, text=null, detailText=The exercise expects a class with the name SortStrategy in the package testpackage. You did not implement the class in the exercise., hasLongFeedbackText=false, reference=null, credits=0.0, positive=false, type=AUTOMATIC, visibility=ALWAYS, testCase=TestCaseDTO[testName=null, id=1450]], FeedbackDTO[id=962, text=null, detailText=The class 'MergeSort' does not implement the interface 'SortStrategy' as expected. Implement the interface and its methods., hasLongFeedbackText=false, reference=null, credits=0.0, positive=false, type=AUTOMATIC, visibility=ALWAYS, testCase=TestCaseDTO[testName=null, id=1445]], FeedbackDTO[id=963, text=null, detailText=The exercise expects a class with the name SortStrategy in the package testpackage. You did not implement the class in the exercise., hasLongFeedbackText=false, reference=null, credits=0.0, positive=false, type=AUTOMATIC, visibility=ALWAYS, testCase=TestCaseDTO[testName=null, id=1442]], FeedbackDTO[id=964, text=null, detailText=The class 'BubbleSort' does not implement the interface 'SortStrategy' as expected. Implement the interface and its methods., hasLongFeedbackText=false, reference=null, credits=0.0, positive=false, type=AUTOMATIC, visibility=ALWAYS, testCase=TestCaseDTO[testName=null, id=1446]], FeedbackDTO[id=965, text=null, detailText=MergeSort does not sort correctly, hasLongFeedbackText=false, reference=null, credits=0.0, positive=false, type=AUTOMATIC, visibility=ALWAYS, testCase=TestCaseDTO[testName=null, id=1451]], FeedbackDTO[id=966, text=null, detailText=The class 'Context' was not found within the submission. Make sure to implement it properly., hasLongFeedbackText=false, reference=null, credits=0.0, positive=false, type=AUTOMATIC, visibility=ALWAYS, testCase=TestCaseDTO[testName=null, id=1452]], FeedbackDTO[id=967, text=null, detailText=The class 'Context' was not found within the submission. Make sure to implement it properly., hasLongFeedbackText=false, reference=null, credits=0.0, positive=false, type=AUTOMATIC, visibility=ALWAYS, testCase=TestCaseDTO[testName=null, id=1453]], FeedbackDTO[id=968, text=null, detailText=The exercise expects a class with the name Policy in the package testpackage. You did not implement the class in the exercise., hasLongFeedbackText=false, reference=null, credits=0.0, positive=false, type=AUTOMATIC, visibility=ALWAYS, testCase=TestCaseDTO[testName=null, id=1447]], FeedbackDTO[id=969, text=null, detailText=The exercise expects a class with the name Context in the package testpackage. You did not implement the class in the exercise., hasLongFeedbackText=false, reference=null, credits=0.0, positive=false, type=AUTOMATIC, visibility=ALWAYS, testCase=TestCaseDTO[testName=null, id=1443]], FeedbackDTO[id=970, text=null, detailText=The exercise expects a class with the name Policy in the package testpackage. You did not implement the class in the exercise., hasLongFeedbackText=false, reference=null, credits=0.0, positive=false, type=AUTOMATIC, visibility=ALWAYS, testCase=TestCaseDTO[testName=null, id=1444]], FeedbackDTO[id=971, text=null, detailText=null, hasLongFeedbackText=false, reference=null, credits=3.230769230769231, positive=true, type=AUTOMATIC, visibility=ALWAYS, testCase=TestCaseDTO[testName=null, id=1454]]], assessmentType=AUTOMATIC, hasComplaint=null, exampleResult=null, testCaseCount=13, passedTestCaseCount=1, codeIssueCount=0]], BuildJobQueueItem[id=20271739576746886, name=SHORT0FC863930E92904248098A506171F81CF6CFTSTEXC-SOLUTION, buildAgent=BuildAgentDTO[name=artemis-build-agent-test, memberAddress=[127.0.0.1]:5703, displayName=artemis-build-agent-test], participationId=2027, courseId=992, exerciseId=2609, retryCount=0, priority=2, status=SUCCESSFUL, repositoryInfo=RepositoryInfo[repositoryName=short0fc863930e92904248098a506171f81cf6cftstexc-solution, repositoryType=solution, triggeredByPushTo=auxiliary, assignmentRepositoryUri=http://localhost:49152/git/SHORT0FC863930E92904248098A506171F81CF6CFTSTEXC/short0fc863930e92904248098a506171f81cf6cftstexc-solution.git, testRepositoryUri=http://localhost:49152/git/SHORT0FC863930E92904248098A506171F81CF6CFTSTEXC/short0fc863930e92904248098a506171f81cf6cftstexc-tests.git, solutionRepositoryUri=null, auxiliaryRepositoryUris=[Ljava.lang.String;@79768f6e, auxiliaryRepositoryCheckoutDirectories=[Ljava.lang.String;@6dfc231d], jobTimingInfo=JobTimingInfo[submissionDate=2025-02-14T23:45:46.886984066Z[Etc/UTC], buildStartDate=2025-02-14T23:45:46.897709578Z[Etc/UTC], buildCompletionDate=2025-02-14T23:45:48.628460156Z[Etc/UTC], estimatedCompletionDate=2025-02-14T23:46:05.897701272Z[Etc/UTC], estimatedDuration=19], buildConfig=BuildConfig[buildScript=#!/bin/bash
cd /var/tmp/testing-dir
chmod +x ./gradlew
./gradlew clean test
, dockerImage=dummy-docker-image:latest, commitHashToBuild=null, assignmentCommitHash=115a2e943bee242fdad360b50d8ad5f30792577e, testCommitHash=9b3a9bd71a0d80e5bbc42204c319ed3d1d4f0d6d, branch=main, programmingLanguage=JAVA, projectType=PLAIN_GRADLE, scaEnabled=false, sequentialTestRunsEnabled=false, resultPaths=[/var/tmp/testing-dir/**/test-results/test/*.xml], timeoutSeconds=0, assignmentCheckoutPath=null, testCheckoutPath=null, solutionCheckoutPath=null, dockerRunConfig=null], submissionResult=ResultDTO[id=636, completionDate=2025-02-14T23:45:48.593370968Z[Etc/UTC], successful=true, score=100.0, rated=true, submission=SubmissionDTO[id=830, submitted=true, type=TEST, exampleSubmission=null, submissionDate=2025-02-14T23:45:46.873671Z, commitHash=9b3a9bd71a0d80e5bbc42204c319ed3d1d4f0d6d, buildFailed=false, buildArtifact=false, participation=ParticipationDTO[id=2027, testRun=false, type=solution, submissionCount=null, exercise=ParticipationExerciseDTO[id=2609, exerciseType=PROGRAMMING, type=programming, assessmentType=AUTOMATIC, dueDate=2025-02-16T23:45:46.386304Z, assessmentDueDate=null, maxPoints=42.0, course=CourseDTO[id=992, accuracyOfScores=1]]], submissionExerciseType=programming, isProcessing=false, buildStartDate=null, estimatedCompletionDate=null], participation=ParticipationDTO[id=2027, testRun=false, type=solution, submissionCount=null, exercise=ParticipationExerciseDTO[id=2609, exerciseType=PROGRAMMING, type=programming, assessmentType=AUTOMATIC, dueDate=2025-02-16T23:45:46.386304Z, assessmentDueDate=null, maxPoints=42.0, course=CourseDTO[id=992, accuracyOfScores=1]]], feedbacks=[FeedbackDTO[id=972, text=null, detailText=null, hasLongFeedbackText=false, reference=null, credits=3.230769230769231, positive=true, type=AUTOMATIC, visibility=ALWAYS, testCase=TestCaseDTO[testName=testMethods[Context], id=1461]], FeedbackDTO[id=973, text=null, detailText=null, hasLongFeedbackText=false, reference=null, credits=3.230769230769231, positive=true, type=AUTOMATIC, visibility=ALWAYS, testCase=TestCaseDTO[testName=testMethods[Policy], id=1462]], FeedbackDTO[id=974, text=null, detailText=null, hasLongFeedbackText=false, reference=null, credits=3.230769230769231, positive=true, type=AUTOMATIC, visibility=ALWAYS, testCase=TestCaseDTO[testName=testMethods[SortStrategy], id=1463]], FeedbackDTO[id=975, text=null, detailText=null, hasLongFeedbackText=false, reference=null, credits=3.230769230769231, positive=true, type=AUTOMATIC, visibility=ALWAYS, testCase=TestCaseDTO[testName=testClass[MergeSort], id=1458]], FeedbackDTO[id=976, text=null, detailText=null, hasLongFeedbackText=false, reference=null, credits=3.230769230769231, positive=true, type=AUTOMATIC, visibility=ALWAYS, testCase=TestCaseDTO[testName=testClass[SortStrategy], id=1455]], FeedbackDTO[id=977, text=null, detailText=null, hasLongFeedbackText=false, reference=null, credits=3.230769230769231, positive=true, type=AUTOMATIC, visibility=ALWAYS, testCase=TestCaseDTO[testName=testClass[BubbleSort], id=1459]], FeedbackDTO[id=978, text=null, detailText=null, hasLongFeedbackText=false, reference=null, credits=3.230769230769231, positive=true, type=AUTOMATIC, visibility=ALWAYS, testCase=TestCaseDTO[testName=testMergeSort(), id=1464]], FeedbackDTO[id=979, text=null, detailText=null, hasLongFeedbackText=false, reference=null, credits=3.230769230769231, positive=true, type=AUTOMATIC, visibility=ALWAYS, testCase=TestCaseDTO[testName=testUseBubbleSortForSmallList(), id=1465]], FeedbackDTO[id=980, text=null, detailText=null, hasLongFeedbackText=false, reference=null, credits=3.230769230769231, positive=true, type=AUTOMATIC, visibility=ALWAYS, testCase=TestCaseDTO[testName=testBubbleSort(), id=1467]], FeedbackDTO[id=981, text=null, detailText=null, hasLongFeedbackText=false, reference=null, credits=3.230769230769231, positive=true, type=AUTOMATIC, visibility=ALWAYS, testCase=TestCaseDTO[testName=testUseMergeSortForBigList(), id=1466]], FeedbackDTO[id=982, text=null, detailText=null, hasLongFeedbackText=false, reference=null, credits=3.230769230769231, positive=true, type=AUTOMATIC, visibility=ALWAYS, testCase=TestCaseDTO[testName=testConstructors[Policy], id=1460]], FeedbackDTO[id=983, text=null, detailText=null, hasLongFeedbackText=false, reference=null, credits=3.230769230769231, positive=true, type=AUTOMATIC, visibility=ALWAYS, testCase=TestCaseDTO[testName=testAttributes[Context], id=1456]], FeedbackDTO[id=984, text=null, detailText=null, hasLongFeedbackText=false, reference=null, credits=3.230769230769231, positive=true, type=AUTOMATIC, visibility=ALWAYS, testCase=TestCaseDTO[testName=testAttributes[Policy], id=1457]]], assessmentType=AUTOMATIC, hasComplaint=null, exampleResult=null, testCaseCount=13, passedTestCaseCount=13, codeIssueCount=0]], BuildJobQueueItem[id=20281739576748768, name=SHORT0FC863930E92904248098A506171F81CF6CFTSTEXC-BASE, buildAgent=BuildAgentDTO[name=artemis-build-agent-test, memberAddress=[127.0.0.1]:5703, displayName=artemis-build-agent-test], participationId=2028, courseId=992, exerciseId=2609, retryCount=0, priority=2, status=SUCCESSFUL, repositoryInfo=RepositoryInfo[repositoryName=short0fc863930e92904248098a506171f81cf6cftstexc-exercise, repositoryType=exercise, triggeredByPushTo=auxiliary, assignmentRepositoryUri=http://localhost:49152/git/SHORT0FC863930E92904248098A506171F81CF6CFTSTEXC/short0fc863930e92904248098a506171f81cf6cftstexc-exercise.git, testRepositoryUri=http://localhost:49152/git/SHORT0FC863930E92904248098A506171F81CF6CFTSTEXC/short0fc863930e92904248098a506171f81cf6cftstexc-tests.git, solutionRepositoryUri=null, auxiliaryRepositoryUris=[Ljava.lang.String;@596c684f, auxiliaryRepositoryCheckoutDirectories=[Ljava.lang.String;@155bdb1a], jobTimingInfo=JobTimingInfo[submissionDate=2025-02-14T23:45:48.768063548Z[Etc/UTC], buildStartDate=2025-02-14T23:45:48.802531989Z[Etc/UTC], buildCompletionDate=2025-02-14T23:45:50.482681367Z[Etc/UTC], estimatedCompletionDate=2025-02-14T23:45:50.802523092Z[Etc/UTC], estimatedDuration=2], buildConfig=BuildConfig[buildScript=#!/bin/bash
cd /var/tmp/testing-dir
chmod +x ./gradlew
./gradlew clean test
, dockerImage=dummy-docker-image:latest, commitHashToBuild=9b3a9bd71a0d80e5bbc42204c319ed3d1d4f0d6d, assignmentCommitHash=115a2e943bee242fdad360b50d8ad5f30792577e, testCommitHash=9b3a9bd71a0d80e5bbc42204c319ed3d1d4f0d6d, branch=main, programmingLanguage=JAVA, projectType=PLAIN_GRADLE, scaEnabled=false, sequentialTestRunsEnabled=false, resultPaths=[/var/tmp/testing-dir/**/test-results/test/*.xml], timeoutSeconds=0, assignmentCheckoutPath=null, testCheckoutPath=null, solutionCheckoutPath=null, dockerRunConfig=null], submissionResult=ResultDTO[id=637, completionDate=2025-02-14T23:45:50.449084694Z[Etc/UTC], successful=false, score=0.0, rated=true, submission=SubmissionDTO[id=831, submitted=true, type=TEST, exampleSubmission=null, submissionDate=2025-02-14T23:45:48.761177Z, commitHash=9b3a9bd71a0d80e5bbc42204c319ed3d1d4f0d6d, buildFailed=false, buildArtifact=false, participation=ParticipationDTO[id=2028, testRun=false, type=template, submissionCount=null, exercise=ParticipationExerciseDTO[id=2609, exerciseType=PROGRAMMING, type=programming, assessmentType=AUTOMATIC, dueDate=2025-02-16T23:45:46.386304Z, assessmentDueDate=null, maxPoints=42.0, course=CourseDTO[id=992, accuracyOfScores=1]]], submissionExerciseType=programming, isProcessing=false, buildStartDate=null, estimatedCompletionDate=null], participation=ParticipationDTO[id=2028, testRun=false, type=template, submissionCount=null, exercise=ParticipationExerciseDTO[id=2609, exerciseType=PROGRAMMING, type=programming, assessmentType=AUTOMATIC, dueDate=2025-02-16T23:45:46.386304Z, assessmentDueDate=null, maxPoints=42.0, course=CourseDTO[id=992, accuracyOfScores=1]]], feedbacks=[FeedbackDTO[id=985, text=null, detailText=The exercise expects a class with the name Context in the package testpackage. You did not implement the class in the exercise., hasLongFeedbackText=false, reference=null, credits=0.0, positive=false, type=AUTOMATIC, visibility=ALWAYS, testCase=TestCaseDTO[testName=testMethods[Context], id=1461]], FeedbackDTO[id=986, text=null, detailText=The exercise expects a class with the name Policy in the package testpackage. You did not implement the class in the exercise., hasLongFeedbackText=false, reference=null, credits=0.0, positive=false, type=AUTOMATIC, visibility=ALWAYS, testCase=TestCaseDTO[testName=testMethods[Policy], id=1462]], FeedbackDTO[id=987, text=null, detailText=The exercise expects a class with the name SortStrategy in the package testpackage. You did not implement the class in the exercise., hasLongFeedbackText=false, reference=null, credits=0.0, positive=false, type=AUTOMATIC, visibility=ALWAYS, testCase=TestCaseDTO[testName=testMethods[SortStrategy], id=1463]], FeedbackDTO[id=988, text=null, detailText=The class 'MergeSort' does not implement the interface 'SortStrategy' as expected. Implement the interface and its methods., hasLongFeedbackText=false, reference=null, credits=0.0, positive=false, type=AUTOMATIC, visibility=ALWAYS, testCase=TestCaseDTO[testName=testClass[MergeSort], id=1458]], FeedbackDTO[id=989, text=null, detailText=The exercise expects a class with the name SortStrategy in the package testpackage. You did not implement the class in the exercise., hasLongFeedbackText=false, reference=null, credits=0.0, positive=false, type=AUTOMATIC, visibility=ALWAYS, testCase=TestCaseDTO[testName=testClass[SortStrategy], id=1455]], FeedbackDTO[id=990, text=null, detailText=The class 'BubbleSort' does not implement the interface 'SortStrategy' as expected. Implement the interface and its methods., hasLongFeedbackText=false, reference=null, credits=0.0, positive=false, type=AUTOMATIC, visibility=ALWAYS, testCase=TestCaseDTO[testName=testClass[BubbleSort], id=1459]], FeedbackDTO[id=991, text=null, detailText=MergeSort does not sort correctly, hasLongFeedbackText=false, reference=null, credits=0.0, positive=false, type=AUTOMATIC, visibility=ALWAYS, testCase=TestCaseDTO[testName=testMergeSort(), id=1464]], FeedbackDTO[id=992, text=null, detailText=The class 'Context' was not found within the submission. Make sure to implement it properly., hasLongFeedbackText=false, reference=null, credits=0.0, positive=false, type=AUTOMATIC, visibility=ALWAYS, testCase=TestCaseDTO[testName=testUseBubbleSortForSmallList(), id=1465]], FeedbackDTO[id=993, text=null, detailText=BubbleSort does not sort correctly, hasLongFeedbackText=false, reference=null, credits=0.0, positive=false, type=AUTOMATIC, visibility=ALWAYS, testCase=TestCaseDTO[testName=testBubbleSort(), id=1467]], FeedbackDTO[id=994, text=null, detailText=The class 'Context' was not found within the submission. Make sure to implement it properly., hasLongFeedbackText=false, reference=null, credits=0.0, positive=false, type=AUTOMATIC, visibility=ALWAYS, testCase=TestCaseDTO[testName=testUseMergeSortForBigList(), id=1466]], FeedbackDTO[id=995, text=null, detailText=The exercise expects a class with the name Policy in the package testpackage. You did not implement the class in the exercise., hasLongFeedbackText=false, reference=null, credits=0.0, positive=false, type=AUTOMATIC, visibility=ALWAYS, testCase=TestCaseDTO[testName=testConstructors[Policy], id=1460]], FeedbackDTO[id=996, text=null, detailText=The exercise expects a class with the name Context in the package testpackage. You did not implement the class in the exercise., hasLongFeedbackText=false, reference=null, credits=0.0, positive=false, type=AUTOMATIC, visibility=ALWAYS, testCase=TestCaseDTO[testName=testAttributes[Context], id=1456]], FeedbackDTO[id=997, text=null, detailText=The exercise expects a class with the name Policy in the package testpackage. You did not implement the class in the exercise., hasLongFeedbackText=false, reference=null, credits=0.0, positive=false, type=AUTOMATIC, visibility=ALWAYS, testCase=TestCaseDTO[testName=testAttributes[Policy], id=1457]]], assessmentType=AUTOMATIC, hasComplaint=null, exampleResult=null, testCaseCount=13, passedTestCaseCount=0, codeIssueCount=0]], BuildJobQueueItem[id=20291739576751299, name=SHORT716C2EC10B19B049C80A2F00B97EAB20B2A9TSTEXC-SOLUTION, buildAgent=BuildAgentDTO[name=artemis-build-agent-test, memberAddress=[127.0.0.1]:5703, displayName=artemis-build-agent-test], participationId=2029, courseId=993, exerciseId=2610, retryCount=0, priority=2, status=SUCCESSFUL, repositoryInfo=RepositoryInfo[repositoryName=short716c2ec10b19b049c80a2f00b97eab20b2a9tstexc-solution, repositoryType=solution, triggeredByPushTo=tests, assignmentRepositoryUri=http://localhost:49152/git/SHORT716C2EC10B19B049C80A2F00B97EAB20B2A9TSTEXC/short716c2ec10b19b049c80a2f00b97eab20b2a9tstexc-solution.git, testRepositoryUri=http://localhost:49152/git/SHORT716C2EC10B19B049C80A2F00B97EAB20B2A9TSTEXC/short716c2ec10b19b049c80a2f00b97eab20b2a9tstexc-tests.git, solutionRepositoryUri=null, auxiliaryRepositoryUris=[Ljava.lang.String;@581b2b20, auxiliaryRepositoryCheckoutDirectories=[Ljava.lang.String;@54f30ff5], jobTimingInfo=JobTimingInfo[submissionDate=2025-02-14T23:45:51.299892174Z[Etc/UTC], buildStartDate=2025-02-14T23:45:51.314028505Z[Etc/UTC], buildCompletionDate=2025-02-14T23:45:52.158312850Z[Etc/UTC], estimatedCompletionDate=2025-02-14T23:46:10.314021752Z[Etc/UTC], estimatedDuration=19], buildConfig=BuildConfig[buildScript=#!/bin/bash
cd /var/tmp/testing-dir
chmod +x ./gradlew
./gradlew clean test
, dockerImage=dummy-docker-image:latest, commitHashToBuild=1e531733ed6e9237f710b528d1eb0b7beac565fd, assignmentCommitHash=815e279f12ad296b4f24c44134a07293c04c010f, testCommitHash=1e531733ed6e9237f710b528d1eb0b7beac565fd, branch=main, programmingLanguage=JAVA, projectType=PLAIN_GRADLE, scaEnabled=false, sequentialTestRunsEnabled=false, resultPaths=[/var/tmp/testing-dir/**/test-results/test/*.xml], timeoutSeconds=0, assignmentCheckoutPath=null, testCheckoutPath=null, solutionCheckoutPath=null, dockerRunConfig=null], submissionResult=ResultDTO[id=638, completionDate=2025-02-14T23:45:52.146826070Z[Etc/UTC], successful=true, score=100.0, rated=true, submission=SubmissionDTO[id=832, submitted=true, type=TEST, exampleSubmission=null, submissionDate=2025-02-14T23:45:51.275713Z, commitHash=1e531733ed6e9237f710b528d1eb0b7beac565fd, buildFailed=false, buildArtifact=false, participation=ParticipationDTO[id=2029, testRun=false, type=solution, submissionCount=null, exercise=ParticipationExerciseDTO[id=2610, exerciseType=PROGRAMMING, type=programming, assessmentType=AUTOMATIC, dueDate=2025-02-16T23:45:50.869093Z, assessmentDueDate=null, maxPoints=42.0, course=CourseDTO[id=993, accuracyOfScores=1]]], submissionExerciseType=programming, isProcessing=false, buildStartDate=null, estimatedCompletionDate=null], participation=ParticipationDTO[id=2029, testRun=false, type=solution, submissionCount=null, exercise=ParticipationExerciseDTO[id=2610, exerciseType=PROGRAMMING, type=programming, assessmentType=AUTOMATIC, dueDate=2025-02-16T23:45:50.869093Z, assessmentDueDate=null, maxPoints=42.0, course=CourseDTO[id=993, accuracyOfScores=1]]], feedbacks=[FeedbackDTO[id=998, text=null, detailText=null, hasLongFeedbackText=false, reference=null, credits=3.230769230769231, positive=true, type=AUTOMATIC, visibility=ALWAYS, testCase=TestCaseDTO[testName=testMethods[Context], id=1474]], FeedbackDTO[id=999, text=null, detailText=null, hasLongFeedbackText=false, reference=null, credits=3.230769230769231, positive=true, type=AUTOMATIC, visibility=ALWAYS, testCase=TestCaseDTO[testName=testMethods[Policy], id=1475]], FeedbackDTO[id=1000, text=null, detailText=null, hasLongFeedbackText=false, reference=null, credits=3.230769230769231, positive=true, type=AUTOMATIC, visibility=ALWAYS, testCase=TestCaseDTO[testName=testMethods[SortStrategy], id=1476]], FeedbackDTO[id=1001, text=null, detailText=null, hasLongFeedbackText=false, reference=null, credits=3.230769230769231, positive=true, type=AUTOMATIC, visibility=ALWAYS, testCase=TestCaseDTO[testName=testClass[MergeSort], id=1471]], FeedbackDTO[id=1002, text=null, detailText=null, hasLongFeedbackText=false, reference=null, credits=3.230769230769231, positive=true, type=AUTOMATIC, visibility=ALWAYS, testCase=TestCaseDTO[testName=testClass[SortStrategy], id=1468]], FeedbackDTO[id=1003, text=null, detailText=null, hasLongFeedbackText=false, reference=null, credits=3.230769230769231, positive=true, type=AUTOMATIC, visibility=ALWAYS, testCase=TestCaseDTO[testName=testClass[BubbleSort], id=1472]], FeedbackDTO[id=1004, text=null, detailText=null, hasLongFeedbackText=false, reference=null, credits=3.230769230769231, positive=true, type=AUTOMATIC, visibility=ALWAYS, testCase=TestCaseDTO[testName=testMergeSort(), id=1477]], FeedbackDTO[id=1005, text=null, detailText=null, hasLongFeedbackText=false, reference=null, credits=3.230769230769231, positive=true, type=AUTOMATIC, visibility=ALWAYS, testCase=TestCaseDTO[testName=testUseBubbleSortForSmallList(), id=1478]], FeedbackDTO[id=1006, text=null, detailText=null, hasLongFeedbackText=false, reference=null, credits=3.230769230769231, positive=true, type=AUTOMATIC, visibility=ALWAYS, testCase=TestCaseDTO[testName=testBubbleSort(), id=1480]], FeedbackDTO[id=1007, text=null, detailText=null, hasLongFeedbackText=false, reference=null, credits=3.230769230769231, positive=true, type=AUTOMATIC, visibility=ALWAYS, testCase=TestCaseDTO[testName=testUseMergeSortForBigList(), id=1479]], FeedbackDTO[id=1008, text=null, detailText=null, hasLongFeedbackText=false, reference=null, credits=3.230769230769231, positive=true, type=AUTOMATIC, visibility=ALWAYS, testCase=TestCaseDTO[testName=testConstructors[Policy], id=1473]], FeedbackDTO[id=1009, text=null, detailText=null, hasLongFeedbackText=false, reference=null, credits=3.230769230769231, positive=true, type=AUTOMATIC, visibility=ALWAYS, testCase=TestCaseDTO[testName=testAttributes[Context], id=1469]], FeedbackDTO[id=1010, text=null, detailText=null, hasLongFeedbackText=false, reference=null, credits=3.230769230769231, positive=true, type=AUTOMATIC, visibility=ALWAYS, testCase=TestCaseDTO[testName=testAttributes[Policy], id=1470]]], assessmentType=AUTOMATIC, hasComplaint=null, exampleResult=null, testCaseCount=13, passedTestCaseCount=13, codeIssueCount=0]], BuildJobQueueItem[id=20301739576752239, name=SHORT716C2EC10B19B049C80A2F00B97EAB20B2A9TSTEXC-BASE, buildAgent=BuildAgentDTO[name=artemis-build-agent-test, memberAddress=[127.0.0.1]:5703, displayName=artemis-build-agent-test], participationId=2030, courseId=993, exerciseId=2610, retryCount=0, priority=2, status=SUCCESSFUL, repositoryInfo=RepositoryInfo[repositoryName=short716c2ec10b19b049c80a2f00b97eab20b2a9tstexc-exercise, repositoryType=exercise, triggeredByPushTo=tests, assignmentRepositoryUri=http://localhost:49152/git/SHORT716C2EC10B19B049C80A2F00B97EAB20B2A9TSTEXC/short716c2ec10b19b049c80a2f00b97eab20b2a9tstexc-exercise.git, testRepositoryUri=http://localhost:49152/git/SHORT716C2EC10B19B049C80A2F00B97EAB20B2A9TSTEXC/short716c2ec10b19b049c80a2f00b97eab20b2a9tstexc-tests.git, solutionRepositoryUri=null, auxiliaryRepositoryUris=[Ljava.lang.String;@6ee73b34, auxiliaryRepositoryCheckoutDirectories=[Ljava.lang.String;@25afbef9], jobTimingInfo=JobTimingInfo[submissionDate=2025-02-14T23:45:52.239402475Z[Etc/UTC], buildStartDate=2025-02-14T23:45:52.258713639Z[Etc/UTC], buildCompletionDate=2025-02-14T23:45:53.238773956Z[Etc/UTC], estimatedCompletionDate=2025-02-14T23:45:53.258707428Z[Etc/UTC], estimatedDuration=1], buildConfig=BuildConfig[buildScript=#!/bin/bash
cd /var/tmp/testing-dir
chmod +x ./gradlew
./gradlew clean test
, dockerImage=dummy-docker-image:latest, commitHashToBuild=1e531733ed6e9237f710b528d1eb0b7beac565fd, assignmentCommitHash=815e279f12ad296b4f24c44134a07293c04c010f, testCommitHash=1e531733ed6e9237f710b528d1eb0b7beac565fd, branch=main, programmingLanguage=JAVA, projectType=PLAIN_GRADLE, scaEnabled=false, sequentialTestRunsEnabled=false, resultPaths=[/var/tmp/testing-dir/**/test-results/test/*.xml], timeoutSeconds=0, assignmentCheckoutPath=null, testCheckoutPath=null, solutionCheckoutPath=null, dockerRunConfig=null], submissionResult=null]], publicSshKey=ssh-rsa AAAAB3NzaC1yc2EAAAADAQABAAACAQCOPdMsxRE2jFJ/UEa5/LsBxtwzJcrh3/rYBCQvcMeVpiRfhzQPWu7mrt/G2Ew+i+vRloGH9aqKg6dd1liRncao53Zmd/ePxoatXePNhmzTfkCkcSkTUz7B+QMjkoDDV5jwuFPD6mF3JkhuzSi64n9Zy905t4w2IhVcjM2mL3eYNjiCXt6Qpq3Pkt7dM/Ksw1nxnvuiIALuJLB3FTkXkHqq3PJav+9HSq2r6ZaWgekneaGxlQlb+U+Vy3XOuArKAzK8c8i+0bR+AHiTG6ncYXt7ax3U+TdlDTF7OLP3umwaYjs1NBXOHwG42pevvpKn2fqavZZozk+M05jXLx3bq0O7itxfErWc7etky8qYPyyIMF/txQIVLd78+Ze4d7Y60t5MGbXM5cGE6fFif5fEJwgswXD+BrG0cafz1CTatjSKFdvp8Vp4VszXhHDan1PrP6JEFJ5Cc5GDmLRZPCFa3vL9f5qXgf4bkqKN8MYeEujwJE5nMRWoiJVNakix2bcrrneQMBlnYeYZVWXXXUusAQBzl4NgddC1umZpihZkL1b1MffZAUW3EGEXi7KHnllQhkTLLsQ8ntMgbylqaJKStqaXlLvdeRJcEnUuiFCrHEVVbXRFZR7XVDZ02CE5o3MuaRPty8Kh+jRTF3COlAckHwYEJCNNJvXFgb2CNXL4mjzYDw== test@localhost]
    23:45:53.253 | 566 localvc.event-13 | DEBUG | a.p.s.l.SharedQueueManagementService : Build agent updated: null
    23:45:53.255 | 566 localvc.event-13 | DEBUG | p.s.l.LocalCIResultProcessingService : Result of build job with id 20301739576752239 added to queue
    23:45:53.255 | 566 localvc.event-13 | INFO  | p.s.l.LocalCIResultProcessingService : Processing build job result with id 20301739576752239
    23:45:53.255 | 566 localvc.event-13 | DEBUG | p.s.l.LocalCIResultProcessingService : Build jobs waiting in queue: 0
    23:45:53.255 | 566 localvc.event-13 | DEBUG | p.s.l.LocalCIResultProcessingService : Queued build jobs: []
    23:45:53.259 | 566 localvc.event-13 | DEBUG | .s.ProgrammingExerciseGradingService : Received new build result (NEW) for participation 2030
    23:45:53.263 | 588 artemis-task-1   | DEBUG | d.t.c.a.a.c.c.w.GzipMessageConverter : Compressed message payload from 98103 to 9960 (saved 89.8% payload size)
    23:45:53.297 | 566 localvc.event-13 | DEBUG | .a.a.p.s.ProgrammingMessagingService : Send result to client over websocket. Result: Result{id639, completionDate=2025-02-14T23:45:53.225806205Z[Etc/UTC], successful=false, score=0.0, rated=true, assessmentType=AUTOMATIC, hasComplaint=null, testCaseCount=13, passedTestCaseCount=0, codeIssueCount=0}, Submission: ProgrammingSubmission{commitHash='1e531733ed6e9237f710b528d1eb0b7beac565fd', buildFailed=false, buildArtifact=false, type=TEST}, Participation: TemplateProgrammingExerciseParticipation{id=2030, repositoryUri='http://localhost:49152/git/SHORT716C2EC10B19B049C80A2F00B97EAB20B2A9TSTEXC/short716c2ec10b19b049c80a2f00b97eab20b2a9tstexc-exercise.git', buildPlanId='SHORT716C2EC10B19B049C80A2F00B97EAB20B2A9TSTEXC-BASE}
    23:45:53.306 | 566 localvc.event-13 | DEBUG | d.t.c.a.a.p.s.BuildLogEntryService   : Saved build logs for build job 20301739576752239 to file /tmp/build-logs/short716c2ec10b19b049c80a2f00b97eab20b2a9/TSTEXC/20301739576752239.log
    23:45:53.307 | 566 localvc.event-13 | DEBUG | a.p.s.l.LocalCIQueueWebsocketService : Build agent updated: BuildAgentInformation[buildAgent=BuildAgentDTO[name=artemis-build-agent-test, memberAddress=[127.0.0.1]:5703, displayName=artemis-build-agent-test], maxNumberOfConcurrentBuildJobs=1, numberOfCurrentBuildJobs=0, runningBuildJobs=[], status=IDLE, recentBuildJobs=[BuildJobQueueItem[id=19141739576708030, name=SHORT5F02A8F400311042E70858306EB148073CFDTSTEXC-LOCALVCINTSTUDENT1, buildAgent=BuildAgentDTO[name=artemis-build-agent-test, memberAddress=[127.0.0.1]:5703, displayName=artemis-build-agent-test], participationId=1914, courseId=947, exerciseId=2564, retryCount=0, priority=2, status=FAILED, repositoryInfo=RepositoryInfo[repositoryName=short5f02a8f400311042e70858306eb148073cfdtstexc-localvcintstudent1, repositoryType=user, triggeredByPushTo=user, assignmentRepositoryUri=http://localhost:49152/git/SHORT5F02A8F400311042E70858306EB148073CFDTSTEXC/short5f02a8f400311042e70858306eb148073cfdtstexc-localvcintstudent1.git, testRepositoryUri=http://localhost:49152/git/SHORT5F02A8F400311042E70858306EB148073CFDTSTEXC/short5f02a8f400311042e70858306eb148073cfdtstexc-tests.git, solutionRepositoryUri=null, auxiliaryRepositoryUris=[Ljava.lang.String;@273261e1, auxiliaryRepositoryCheckoutDirectories=[Ljava.lang.String;@48b98f53], jobTimingInfo=JobTimingInfo[submissionDate=2025-02-14T23:45:08.030118216Z[Etc/UTC], buildStartDate=2025-02-14T23:45:08.041011412Z[Etc/UTC], buildCompletionDate=2025-02-14T23:45:08.054603331Z[Etc/UTC], estimatedCompletionDate=2025-02-14T23:45:27.041005080Z[Etc/UTC], estimatedDuration=19], buildConfig=BuildConfig[buildScript=#!/bin/bash
cd /var/tmp/testing-dir
chmod +x ./gradlew
./gradlew clean test
, dockerImage=dummy-docker-image:latest, commitHashToBuild=6e7146cac5059504aa9d170ec3fa23aec740bb51, assignmentCommitHash=6e7146cac5059504aa9d170ec3fa23aec740bb51, testCommitHash=931e5303581c7a2f01339ba603cfafbfe668b901, branch=main, programmingLanguage=JAVA, projectType=PLAIN_GRADLE, scaEnabled=false, sequentialTestRunsEnabled=false, resultPaths=[/var/tmp/testing-dir/**/test-results/test/*.xml], timeoutSeconds=0, assignmentCheckoutPath=null, testCheckoutPath=null, solutionCheckoutPath=null, dockerRunConfig=null], submissionResult=ResultDTO[id=622, completionDate=2025-02-14T23:45:08.054683681Z[Etc/UTC], successful=false, score=0.0, rated=true, submission=SubmissionDTO[id=814, submitted=true, type=MANUAL, exampleSubmission=null, submissionDate=2025-02-14T23:45:08.016200Z, commitHash=6e7146cac5059504aa9d170ec3fa23aec740bb51, buildFailed=true, buildArtifact=false, participation=ParticipationDTO[id=1914, testRun=false, type=programming, submissionCount=null, exercise=ParticipationExerciseDTO[id=2564, exerciseType=PROGRAMMING, type=programming, assessmentType=AUTOMATIC, dueDate=2025-02-16T23:45:07.324348Z, assessmentDueDate=null, maxPoints=42.0, course=CourseDTO[id=947, accuracyOfScores=1]]], submissionExerciseType=programming, isProcessing=false, buildStartDate=null, estimatedCompletionDate=null], participation=ParticipationDTO[id=1914, testRun=false, type=programming, submissionCount=null, exercise=ParticipationExerciseDTO[id=2564, exerciseType=PROGRAMMING, type=programming, assessmentType=AUTOMATIC, dueDate=2025-02-16T23:45:07.324348Z, assessmentDueDate=null, maxPoints=42.0, course=CourseDTO[id=947, accuracyOfScores=1]]], feedbacks=[], assessmentType=AUTOMATIC, hasComplaint=null, exampleResult=null, testCaseCount=0, passedTestCaseCount=0, codeIssueCount=0]], BuildJobQueueItem[id=19361739576711303, name=SHORT9AFDAE3804CA304DDF0889A0CB0F56104A86TSTEXC-LOCALVCINTSTUDENT1, buildAgent=BuildAgentDTO[name=artemis-build-agent-test, memberAddress=[127.0.0.1]:5703, displayName=artemis-build-agent-test], participationId=1936, courseId=956, exerciseId=2573, retryCount=0, priority=2, status=FAILED, repositoryInfo=RepositoryInfo[repositoryName=short9afdae3804ca304ddf0889a0cb0f56104a86tstexc-localvcintstudent1, repositoryType=user, triggeredByPushTo=user, assignmentRepositoryUri=http://localhost:49152/git/SHORT9AFDAE3804CA304DDF0889A0CB0F56104A86TSTEXC/short9afdae3804ca304ddf0889a0cb0f56104a86tstexc-localvcintstudent1.git, testRepositoryUri=http://localhost:49152/git/SHORT9AFDAE3804CA304DDF0889A0CB0F56104A86TSTEXC/short9afdae3804ca304ddf0889a0cb0f56104a86tstexc-tests.git, solutionRepositoryUri=null, auxiliaryRepositoryUris=[Ljava.lang.String;@412d39d1, auxiliaryRepositoryCheckoutDirectories=[Ljava.lang.String;@23c5944], jobTimingInfo=JobTimingInfo[submissionDate=2025-02-14T23:45:11.303805653Z[Etc/UTC], buildStartDate=2025-02-14T23:45:11.310981356Z[Etc/UTC], buildCompletionDate=2025-02-14T23:45:11.319178384Z[Etc/UTC], estimatedCompletionDate=2025-02-14T23:45:30.310974944Z[Etc/UTC], estimatedDuration=19], buildConfig=BuildConfig[buildScript=#!/bin/bash
cd /var/tmp/testing-dir
chmod +x ./gradlew
./gradlew clean test
, dockerImage=dummy-docker-image:latest, commitHashToBuild=a1099e378cffde441ef85f9b12577ca174b8e1e4, assignmentCommitHash=a1099e378cffde441ef85f9b12577ca174b8e1e4, testCommitHash=bd38d61c299ab11a1dea82a3ca5493fe04d97d47, branch=main, programmingLanguage=JAVA, projectType=PLAIN_GRADLE, scaEnabled=false, sequentialTestRunsEnabled=false, resultPaths=[/var/tmp/testing-dir/**/test-results/test/*.xml], timeoutSeconds=0, assignmentCheckoutPath=null, testCheckoutPath=null, solutionCheckoutPath=null, dockerRunConfig=null], submissionResult=ResultDTO[id=623, completionDate=2025-02-14T23:45:11.319278430Z[Etc/UTC], successful=false, score=0.0, rated=true, submission=SubmissionDTO[id=815, submitted=true, type=MANUAL, exampleSubmission=null, submissionDate=2025-02-14T23:45:11.294386Z, commitHash=a1099e378cffde441ef85f9b12577ca174b8e1e4, buildFailed=true, buildArtifact=false, participation=ParticipationDTO[id=1936, testRun=false, type=programming, submissionCount=null, exercise=ParticipationExerciseDTO[id=2573, exerciseType=PROGRAMMING, type=programming, assessmentType=AUTOMATIC, dueDate=2025-02-16T23:45:10.996982Z, assessmentDueDate=null, maxPoints=42.0, course=CourseDTO[id=956, accuracyOfScores=1]]], submissionExerciseType=programming, isProcessing=false, buildStartDate=null, estimatedCompletionDate=null], participation=ParticipationDTO[id=1936, testRun=false, type=programming, submissionCount=null, exercise=ParticipationExerciseDTO[id=2573, exerciseType=PROGRAMMING, type=programming, assessmentType=AUTOMATIC, dueDate=2025-02-16T23:45:10.996982Z, assessmentDueDate=null, maxPoints=42.0, course=CourseDTO[id=956, accuracyOfScores=1]]], feedbacks=[], assessmentType=AUTOMATIC, hasComplaint=null, exampleResult=null, testCaseCount=0, passedTestCaseCount=0, codeIssueCount=0]], BuildJobQueueItem[id=19351739576711674, name=SHORT9AFDAE3804CA304DDF0889A0CB0F56104A86TSTEXC-BASE, buildAgent=BuildAgentDTO[name=artemis-build-agent-test, memberAddress=[127.0.0.1]:5703, displayName=artemis-build-agent-test], participationId=1935, courseId=956, exerciseId=2573, retryCount=0, priority=2, status=FAILED, repositoryInfo=RepositoryInfo[repositoryName=short9afdae3804ca304ddf0889a0cb0f56104a86tstexc-exercise, repositoryType=exercise, triggeredByPushTo=exercise, assignmentRepositoryUri=http://localhost:49152/git/SHORT9AFDAE3804CA304DDF0889A0CB0F56104A86TSTEXC/short9afdae3804ca304ddf0889a0cb0f56104a86tstexc-exercise.git, testRepositoryUri=http://localhost:49152/git/SHORT9AFDAE3804CA304DDF0889A0CB0F56104A86TSTEXC/short9afdae3804ca304ddf0889a0cb0f56104a86tstexc-tests.git, solutionRepositoryUri=null, auxiliaryRepositoryUris=[Ljava.lang.String;@36350d8b, auxiliaryRepositoryCheckoutDirectories=[Ljava.lang.String;@32f2df09], jobTimingInfo=JobTimingInfo[submissionDate=2025-02-14T23:45:11.674556681Z[Etc/UTC], buildStartDate=2025-02-14T23:45:11.677776879Z[Etc/UTC], buildCompletionDate=2025-02-14T23:45:11.688097378Z[Etc/UTC], estimatedCompletionDate=2025-02-14T23:45:30.677771620Z[Etc/UTC], estimatedDuration=19], buildConfig=BuildConfig[buildScript=#!/bin/bash
cd /var/tmp/testing-dir
chmod +x ./gradlew
./gradlew clean test
, dockerImage=dummy-docker-image:latest, commitHashToBuild=a1099e378cffde441ef85f9b12577ca174b8e1e4, assignmentCommitHash=a1099e378cffde441ef85f9b12577ca174b8e1e4, testCommitHash=bd38d61c299ab11a1dea82a3ca5493fe04d97d47, branch=main, programmingLanguage=JAVA, projectType=PLAIN_GRADLE, scaEnabled=false, sequentialTestRunsEnabled=false, resultPaths=[/var/tmp/testing-dir/**/test-results/test/*.xml], timeoutSeconds=0, assignmentCheckoutPath=null, testCheckoutPath=null, solutionCheckoutPath=null, dockerRunConfig=null], submissionResult=ResultDTO[id=624, completionDate=2025-02-14T23:45:11.688214837Z[Etc/UTC], successful=false, score=0.0, rated=true, submission=SubmissionDTO[id=816, submitted=true, type=MANUAL, exampleSubmission=null, submissionDate=2025-02-14T23:45:11.656934Z, commitHash=a1099e378cffde441ef85f9b12577ca174b8e1e4, buildFailed=true, buildArtifact=false, participation=ParticipationDTO[id=1935, testRun=false, type=template, submissionCount=null, exercise=ParticipationExerciseDTO[id=2573, exerciseType=PROGRAMMING, type=programming, assessmentType=AUTOMATIC, dueDate=2025-02-16T23:45:10.996982Z, assessmentDueDate=null, maxPoints=42.0, course=CourseDTO[id=956, accuracyOfScores=1]]], submissionExerciseType=programming, isProcessing=false, buildStartDate=null, estimatedCompletionDate=null], participation=ParticipationDTO[id=1935, testRun=false, type=template, submissionCount=null, exercise=ParticipationExerciseDTO[id=2573, exerciseType=PROGRAMMING, type=programming, assessmentType=AUTOMATIC, dueDate=2025-02-16T23:45:10.996982Z, assessmentDueDate=null, maxPoints=42.0, course=CourseDTO[id=956, accuracyOfScores=1]]], feedbacks=[], assessmentType=AUTOMATIC, hasComplaint=null, exampleResult=null, testCaseCount=0, passedTestCaseCount=0, codeIssueCount=0]], BuildJobQueueItem[id=19341739576712112, name=SHORT9AFDAE3804CA304DDF0889A0CB0F56104A86TSTEXC-SOLUTION, buildAgent=BuildAgentDTO[name=artemis-build-agent-test, memberAddress=[127.0.0.1]:5703, displayName=artemis-build-agent-test], participationId=1934, courseId=956, exerciseId=2573, retryCount=0, priority=2, status=FAILED, repositoryInfo=RepositoryInfo[repositoryName=short9afdae3804ca304ddf0889a0cb0f56104a86tstexc-solution, repositoryType=solution, triggeredByPushTo=solution, assignmentRepositoryUri=http://localhost:49152/git/SHORT9AFDAE3804CA304DDF0889A0CB0F56104A86TSTEXC/short9afdae3804ca304ddf0889a0cb0f56104a86tstexc-solution.git, testRepositoryUri=http://localhost:49152/git/SHORT9AFDAE3804CA304DDF0889A0CB0F56104A86TSTEXC/short9afdae3804ca304ddf0889a0cb0f56104a86tstexc-tests.git, solutionRepositoryUri=null, auxiliaryRepositoryUris=[Ljava.lang.String;@1ab98b37, auxiliaryRepositoryCheckoutDirectories=[Ljava.lang.String;@7aaf175d], jobTimingInfo=JobTimingInfo[submissionDate=2025-02-14T23:45:12.112332872Z[Etc/UTC], buildStartDate=2025-02-14T23:45:12.121617114Z[Etc/UTC], buildCompletionDate=2025-02-14T23:45:12.127931701Z[Etc/UTC], estimatedCompletionDate=2025-02-14T23:45:31.121609600Z[Etc/UTC], estimatedDuration=19], buildConfig=BuildConfig[buildScript=#!/bin/bash
cd /var/tmp/testing-dir
chmod +x ./gradlew
./gradlew clean test
, dockerImage=dummy-docker-image:latest, commitHashToBuild=a1099e378cffde441ef85f9b12577ca174b8e1e4, assignmentCommitHash=a1099e378cffde441ef85f9b12577ca174b8e1e4, testCommitHash=bd38d61c299ab11a1dea82a3ca5493fe04d97d47, branch=main, programmingLanguage=JAVA, projectType=PLAIN_GRADLE, scaEnabled=false, sequentialTestRunsEnabled=false, resultPaths=[/var/tmp/testing-dir/**/test-results/test/*.xml], timeoutSeconds=0, assignmentCheckoutPath=null, testCheckoutPath=null, solutionCheckoutPath=null, dockerRunConfig=null], submissionResult=ResultDTO[id=625, completionDate=2025-02-14T23:45:12.128011800Z[Etc/UTC], successful=false, score=0.0, rated=true, submission=SubmissionDTO[id=817, submitted=true, type=MANUAL, exampleSubmission=null, submissionDate=2025-02-14T23:45:12.098737Z, commitHash=a1099e378cffde441ef85f9b12577ca174b8e1e4, buildFailed=true, buildArtifact=false, participation=ParticipationDTO[id=1934, testRun=false, type=solution, submissionCount=null, exercise=ParticipationExerciseDTO[id=2573, exerciseType=PROGRAMMING, type=programming, assessmentType=AUTOMATIC, dueDate=2025-02-16T23:45:10.996982Z, assessmentDueDate=null, maxPoints=42.0, course=CourseDTO[id=956, accuracyOfScores=1]]], submissionExerciseType=programming, isProcessing=false, buildStartDate=null, estimatedCompletionDate=null], participation=ParticipationDTO[id=1934, testRun=false, type=solution, submissionCount=null, exercise=ParticipationExerciseDTO[id=2573, exerciseType=PROGRAMMING, type=programming, assessmentType=AUTOMATIC, dueDate=2025-02-16T23:45:10.996982Z, assessmentDueDate=null, maxPoints=42.0, course=CourseDTO[id=956, accuracyOfScores=1]]], feedbacks=[], assessmentType=AUTOMATIC, hasComplaint=null, exampleResult=null, testCaseCount=0, passedTestCaseCount=0, codeIssueCount=0]], BuildJobQueueItem[id=19341739576713025, name=SHORT9AFDAE3804CA304DDF0889A0CB0F56104A86TSTEXC-SOLUTION, buildAgent=BuildAgentDTO[name=artemis-build-agent-test, memberAddress=[127.0.0.1]:5703, displayName=artemis-build-agent-test], participationId=1934, courseId=956, exerciseId=2573, retryCount=0, priority=2, status=FAILED, repositoryInfo=RepositoryInfo[repositoryName=short9afdae3804ca304ddf0889a0cb0f56104a86tstexc-solution, repositoryType=solution, triggeredByPushTo=tests, assignmentRepositoryUri=http://localhost:49152/git/SHORT9AFDAE3804CA304DDF0889A0CB0F56104A86TSTEXC/short9afdae3804ca304ddf0889a0cb0f56104a86tstexc-solution.git, testRepositoryUri=http://localhost:49152/git/SHORT9AFDAE3804CA304DDF0889A0CB0F56104A86TSTEXC/short9afdae3804ca304ddf0889a0cb0f56104a86tstexc-tests.git, solutionRepositoryUri=null, auxiliaryRepositoryUris=[Ljava.lang.String;@646814d6, auxiliaryRepositoryCheckoutDirectories=[Ljava.lang.String;@40c695c5], jobTimingInfo=JobTimingInfo[submissionDate=2025-02-14T23:45:13.025319671Z[Etc/UTC], buildStartDate=2025-02-14T23:45:13.040293146Z[Etc/UTC], buildCompletionDate=2025-02-14T23:45:13.053032917Z[Etc/UTC], estimatedCompletionDate=2025-02-14T23:45:32.040285703Z[Etc/UTC], estimatedDuration=19], buildConfig=BuildConfig[buildScript=#!/bin/bash
cd /var/tmp/testing-dir
chmod +x ./gradlew
./gradlew clean test
, dockerImage=dummy-docker-image:latest, commitHashToBuild=784f8f0049d2a1a54f21c67dd772bea86715267a, assignmentCommitHash=a1099e378cffde441ef85f9b12577ca174b8e1e4, testCommitHash=784f8f0049d2a1a54f21c67dd772bea86715267a, branch=main, programmingLanguage=JAVA, projectType=PLAIN_GRADLE, scaEnabled=false, sequentialTestRunsEnabled=false, resultPaths=[/var/tmp/testing-dir/**/test-results/test/*.xml], timeoutSeconds=0, assignmentCheckoutPath=null, testCheckoutPath=null, solutionCheckoutPath=null, dockerRunConfig=null], submissionResult=ResultDTO[id=626, completionDate=2025-02-14T23:45:13.053131811Z[Etc/UTC], successful=false, score=0.0, rated=true, submission=SubmissionDTO[id=818, submitted=true, type=TEST, exampleSubmission=null, submissionDate=2025-02-14T23:45:13.005779Z, commitHash=784f8f0049d2a1a54f21c67dd772bea86715267a, buildFailed=true, buildArtifact=false, participation=ParticipationDTO[id=1934, testRun=false, type=solution, submissionCount=null, exercise=ParticipationExerciseDTO[id=2573, exerciseType=PROGRAMMING, type=programming, assessmentType=AUTOMATIC, dueDate=2025-02-16T23:45:10.996982Z, assessmentDueDate=null, maxPoints=42.0, course=CourseDTO[id=956, accuracyOfScores=1]]], submissionExerciseType=programming, isProcessing=false, buildStartDate=null, estimatedCompletionDate=null], participation=ParticipationDTO[id=1934, testRun=false, type=solution, submissionCount=null, exercise=ParticipationExerciseDTO[id=2573, exerciseType=PROGRAMMING, type=programming, assessmentType=AUTOMATIC, dueDate=2025-02-16T23:45:10.996982Z, assessmentDueDate=null, maxPoints=42.0, course=CourseDTO[id=956, accuracyOfScores=1]]], feedbacks=[], assessmentType=AUTOMATIC, hasComplaint=null, exampleResult=null, testCaseCount=0, passedTestCaseCount=0, codeIssueCount=0]], BuildJobQueueItem[id=19581739576715555, name=SHORTC1A3F9FC03D2304B4308FA20AF16D54AAA49TSTEXC-LOCALVCSSHINTSTUDENT1, buildAgent=BuildAgentDTO[name=artemis-build-agent-test, memberAddress=[127.0.0.1]:5703, displayName=artemis-build-agent-test], participationId=1958, courseId=965, exerciseId=2582, retryCount=0, priority=2, status=FAILED, repositoryInfo=RepositoryInfo[repositoryName=shortc1a3f9fc03d2304b4308fa20af16d54aaa49tstexc-localvcsshintstudent1, repositoryType=user, triggeredByPushTo=user, assignmentRepositoryUri=http://localhost:49152/git/SHORTC1A3F9FC03D2304B4308FA20AF16D54AAA49TSTEXC/shortc1a3f9fc03d2304b4308fa20af16d54aaa49tstexc-localvcsshintstudent1.git, testRepositoryUri=http://localhost:49152/git/SHORTC1A3F9FC03D2304B4308FA20AF16D54AAA49TSTEXC/shortc1a3f9fc03d2304b4308fa20af16d54aaa49tstexc-tests.git, solutionRepositoryUri=null, auxiliaryRepositoryUris=[Ljava.lang.String;@16704ed9, auxiliaryRepositoryCheckoutDirectories=[Ljava.lang.String;@1467a6b5], jobTimingInfo=JobTimingInfo[submissionDate=2025-02-14T23:45:15.555989584Z[Etc/UTC], buildStartDate=2025-02-14T23:45:15.568477627Z[Etc/UTC], buildCompletionDate=2025-02-14T23:45:15.579021148Z[Etc/UTC], estimatedCompletionDate=2025-02-14T23:45:34.568443924Z[Etc/UTC], estimatedDuration=19], buildConfig=BuildConfig[buildScript=#!/bin/bash
cd /var/tmp/testing-dir
chmod +x ./gradlew
./gradlew clean test
, dockerImage=dummy-docker-image:latest, commitHashToBuild=ca76dac20e040e6609db02fd7fedd56bf58829d7, assignmentCommitHash=ca76dac20e040e6609db02fd7fedd56bf58829d7, testCommitHash=bd0d58c226dc63bfa4bc9052870589952c0a1f83, branch=main, programmingLanguage=JAVA, projectType=PLAIN_GRADLE, scaEnabled=false, sequentialTestRunsEnabled=false, resultPaths=[/var/tmp/testing-dir/**/test-results/test/*.xml], timeoutSeconds=0, assignmentCheckoutPath=null, testCheckoutPath=null, solutionCheckoutPath=null, dockerRunConfig=null], submissionResult=ResultDTO[id=627, completionDate=2025-02-14T23:45:15.579119131Z[Etc/UTC], successful=false, score=0.0, rated=true, submission=SubmissionDTO[id=820, submitted=true, type=MANUAL, exampleSubmission=null, submissionDate=2025-02-14T23:45:15.548349Z, commitHash=ca76dac20e040e6609db02fd7fedd56bf58829d7, buildFailed=true, buildArtifact=false, participation=ParticipationDTO[id=1958, testRun=false, type=programming, submissionCount=null, exercise=ParticipationExerciseDTO[id=2582, exerciseType=PROGRAMMING, type=programming, assessmentType=AUTOMATIC, dueDate=2025-02-16T23:45:15.103512Z, assessmentDueDate=null, maxPoints=42.0, course=CourseDTO[id=965, accuracyOfScores=1]]], submissionExerciseType=programming, isProcessing=false, buildStartDate=null, estimatedCompletionDate=null], participation=ParticipationDTO[id=1958, testRun=false, type=programming, submissionCount=null, exercise=ParticipationExerciseDTO[id=2582, exerciseType=PROGRAMMING, type=programming, assessmentType=AUTOMATIC, dueDate=2025-02-16T23:45:15.103512Z, assessmentDueDate=null, maxPoints=42.0, course=CourseDTO[id=965, accuracyOfScores=1]]], feedbacks=[], assessmentType=AUTOMATIC, hasComplaint=null, exampleResult=null, testCaseCount=0, passedTestCaseCount=0, codeIssueCount=0]], BuildJobQueueItem[id=19801739576719393, name=SHORTB2A6C58B0D447045380A858075B170A5B7C6TSTEXC-LOCALVCSSHINTSTUDENT1, buildAgent=BuildAgentDTO[name=artemis-build-agent-test, memberAddress=[127.0.0.1]:5703, displayName=artemis-build-agent-test], participationId=1980, courseId=974, exerciseId=2591, retryCount=0, priority=2, status=FAILED, repositoryInfo=RepositoryInfo[repositoryName=shortb2a6c58b0d447045380a858075b170a5b7c6tstexc-localvcsshintstudent1, repositoryType=user, triggeredByPushTo=user, assignmentRepositoryUri=http://localhost:49152/git/SHORTB2A6C58B0D447045380A858075B170A5B7C6TSTEXC/shortb2a6c58b0d447045380a858075b170a5b7c6tstexc-localvcsshintstudent1.git, testRepositoryUri=http://localhost:49152/git/SHORTB2A6C58B0D447045380A858075B170A5B7C6TSTEXC/shortb2a6c58b0d447045380a858075b170a5b7c6tstexc-tests.git, solutionRepositoryUri=null, auxiliaryRepositoryUris=[Ljava.lang.String;@300dce4b, auxiliaryRepositoryCheckoutDirectories=[Ljava.lang.String;@44110d32], jobTimingInfo=JobTimingInfo[submissionDate=2025-02-14T23:45:19.393259829Z[Etc/UTC], buildStartDate=2025-02-14T23:45:19.405438171Z[Etc/UTC], buildCompletionDate=2025-02-14T23:45:19.414070673Z[Etc/UTC], estimatedCompletionDate=2025-02-14T23:45:38.405431569Z[Etc/UTC], estimatedDuration=19], buildConfig=BuildConfig[buildScript=#!/bin/bash
cd /var/tmp/testing-dir
chmod +x ./gradlew
./gradlew clean test
, dockerImage=dummy-docker-image:latest, commitHashToBuild=363cdbf709a9fff149f813ab848ee800a675cc77, assignmentCommitHash=363cdbf709a9fff149f813ab848ee800a675cc77, testCommitHash=a5e046ece417b2e538f21f816e2524dab61e0d10, branch=main, programmingLanguage=JAVA, projectType=PLAIN_GRADLE, scaEnabled=false, sequentialTestRunsEnabled=false, resultPaths=[/var/tmp/testing-dir/**/test-results/test/*.xml], timeoutSeconds=0, assignmentCheckoutPath=null, testCheckoutPath=null, solutionCheckoutPath=null, dockerRunConfig=null], submissionResult=ResultDTO[id=628, completionDate=2025-02-14T23:45:19.414171040Z[Etc/UTC], successful=false, score=0.0, rated=true, submission=SubmissionDTO[id=821, submitted=true, type=MANUAL, exampleSubmission=null, submissionDate=2025-02-14T23:45:19.376840Z, commitHash=363cdbf709a9fff149f813ab848ee800a675cc77, buildFailed=true, buildArtifact=false, participation=ParticipationDTO[id=1980, testRun=false, type=programming, submissionCount=null, exercise=ParticipationExerciseDTO[id=2591, exerciseType=PROGRAMMING, type=programming, assessmentType=AUTOMATIC, dueDate=2025-02-16T23:45:18.950569Z, assessmentDueDate=null, maxPoints=42.0, course=CourseDTO[id=974, accuracyOfScores=1]]], submissionExerciseType=programming, isProcessing=false, buildStartDate=null, estimatedCompletionDate=null], participation=ParticipationDTO[id=1980, testRun=false, type=programming, submissionCount=null, exercise=ParticipationExerciseDTO[id=2591, exerciseType=PROGRAMMING, type=programming, assessmentType=AUTOMATIC, dueDate=2025-02-16T23:45:18.950569Z, assessmentDueDate=null, maxPoints=42.0, course=CourseDTO[id=974, accuracyOfScores=1]]], feedbacks=[], assessmentType=AUTOMATIC, hasComplaint=null, exampleResult=null, testCaseCount=0, passedTestCaseCount=0, codeIssueCount=0]], BuildJobQueueItem[id=19791739576719787, name=SHORTB2A6C58B0D447045380A858075B170A5B7C6TSTEXC-BASE, buildAgent=BuildAgentDTO[name=artemis-build-agent-test, memberAddress=[127.0.0.1]:5703, displayName=artemis-build-agent-test], participationId=1979, courseId=974, exerciseId=2591, retryCount=0, priority=2, status=FAILED, repositoryInfo=RepositoryInfo[repositoryName=shortb2a6c58b0d447045380a858075b170a5b7c6tstexc-exercise, repositoryType=exercise, triggeredByPushTo=exercise, assignmentRepositoryUri=http://localhost:49152/git/SHORTB2A6C58B0D447045380A858075B170A5B7C6TSTEXC/shortb2a6c58b0d447045380a858075b170a5b7c6tstexc-exercise.git, testRepositoryUri=http://localhost:49152/git/SHORTB2A6C58B0D447045380A858075B170A5B7C6TSTEXC/shortb2a6c58b0d447045380a858075b170a5b7c6tstexc-tests.git, solutionRepositoryUri=null, auxiliaryRepositoryUris=[Ljava.lang.String;@508395ef, auxiliaryRepositoryCheckoutDirectories=[Ljava.lang.String;@79f8c344], jobTimingInfo=JobTimingInfo[submissionDate=2025-02-14T23:45:19.787985058Z[Etc/UTC], buildStartDate=2025-02-14T23:45:19.796327417Z[Etc/UTC], buildCompletionDate=2025-02-14T23:45:19.799750982Z[Etc/UTC], estimatedCompletionDate=2025-02-14T23:45:38.796319082Z[Etc/UTC], estimatedDuration=19], buildConfig=BuildConfig[buildScript=#!/bin/bash
cd /var/tmp/testing-dir
chmod +x ./gradlew
./gradlew clean test
, dockerImage=dummy-docker-image:latest, commitHashToBuild=363cdbf709a9fff149f813ab848ee800a675cc77, assignmentCommitHash=363cdbf709a9fff149f813ab848ee800a675cc77, testCommitHash=a5e046ece417b2e538f21f816e2524dab61e0d10, branch=main, programmingLanguage=JAVA, projectType=PLAIN_GRADLE, scaEnabled=false, sequentialTestRunsEnabled=false, resultPaths=[/var/tmp/testing-dir/**/test-results/test/*.xml], timeoutSeconds=0, assignmentCheckoutPath=null, testCheckoutPath=null, solutionCheckoutPath=null, dockerRunConfig=null], submissionResult=ResultDTO[id=629, completionDate=2025-02-14T23:45:19.799820341Z[Etc/UTC], successful=false, score=0.0, rated=true, submission=SubmissionDTO[id=822, submitted=true, type=MANUAL, exampleSubmission=null, submissionDate=2025-02-14T23:45:19.775952Z, commitHash=363cdbf709a9fff149f813ab848ee800a675cc77, buildFailed=true, buildArtifact=false, participation=ParticipationDTO[id=1979, testRun=false, type=template, submissionCount=null, exercise=ParticipationExerciseDTO[id=2591, exerciseType=PROGRAMMING, type=programming, assessmentType=AUTOMATIC, dueDate=2025-02-16T23:45:18.950569Z, assessmentDueDate=null, maxPoints=42.0, course=CourseDTO[id=974, accuracyOfScores=1]]], submissionExerciseType=programming, isProcessing=false, buildStartDate=null, estimatedCompletionDate=null], participation=ParticipationDTO[id=1979, testRun=false, type=template, submissionCount=null, exercise=ParticipationExerciseDTO[id=2591, exerciseType=PROGRAMMING, type=programming, assessmentType=AUTOMATIC, dueDate=2025-02-16T23:45:18.950569Z, assessmentDueDate=null, maxPoints=42.0, course=CourseDTO[id=974, accuracyOfScores=1]]], feedbacks=[], assessmentType=AUTOMATIC, hasComplaint=null, exampleResult=null, testCaseCount=0, passedTestCaseCount=0, codeIssueCount=0]], BuildJobQueueItem[id=19781739576720235, name=SHORTB2A6C58B0D447045380A858075B170A5B7C6TSTEXC-SOLUTION, buildAgent=BuildAgentDTO[name=artemis-build-agent-test, memberAddress=[127.0.0.1]:5703, displayName=artemis-build-agent-test], participationId=1978, courseId=974, exerciseId=2591, retryCount=0, priority=2, status=FAILED, repositoryInfo=RepositoryInfo[repositoryName=shortb2a6c58b0d447045380a858075b170a5b7c6tstexc-solution, repositoryType=solution, triggeredByPushTo=solution, assignmentRepositoryUri=http://localhost:49152/git/SHORTB2A6C58B0D447045380A858075B170A5B7C6TSTEXC/shortb2a6c58b0d447045380a858075b170a5b7c6tstexc-solution.git, testRepositoryUri=http://localhost:49152/git/SHORTB2A6C58B0D447045380A858075B170A5B7C6TSTEXC/shortb2a6c58b0d447045380a858075b170a5b7c6tstexc-tests.git, solutionRepositoryUri=null, auxiliaryRepositoryUris=[Ljava.lang.String;@275925a6, auxiliaryRepositoryCheckoutDirectories=[Ljava.lang.String;@6b6dd4e2], jobTimingInfo=JobTimingInfo[submissionDate=2025-02-14T23:45:20.235272325Z[Etc/UTC], buildStartDate=2025-02-14T23:45:20.243033812Z[Etc/UTC], buildCompletionDate=2025-02-14T23:45:20.250721018Z[Etc/UTC], estimatedCompletionDate=2025-02-14T23:45:39.243026949Z[Etc/UTC], estimatedDuration=19], buildConfig=BuildConfig[buildScript=#!/bin/bash
cd /var/tmp/testing-dir
chmod +x ./gradlew
./gradlew clean test
, dockerImage=dummy-docker-image:latest, commitHashToBuild=c710d0e68c9c7db8cda7d1a278308de2b9642cc0, assignmentCommitHash=c710d0e68c9c7db8cda7d1a278308de2b9642cc0, testCommitHash=a5e046ece417b2e538f21f816e2524dab61e0d10, branch=main, programmingLanguage=JAVA, projectType=PLAIN_GRADLE, scaEnabled=false, sequentialTestRunsEnabled=false, resultPaths=[/var/tmp/testing-dir/**/test-results/test/*.xml], timeoutSeconds=0, assignmentCheckoutPath=null, testCheckoutPath=null, solutionCheckoutPath=null, dockerRunConfig=null], submissionResult=ResultDTO[id=630, completionDate=2025-02-14T23:45:20.250809893Z[Etc/UTC], successful=false, score=0.0, rated=true, submission=SubmissionDTO[id=823, submitted=true, type=MANUAL, exampleSubmission=null, submissionDate=2025-02-14T23:45:20.211707Z, commitHash=c710d0e68c9c7db8cda7d1a278308de2b9642cc0, buildFailed=true, buildArtifact=false, participation=ParticipationDTO[id=1978, testRun=false, type=solution, submissionCount=null, exercise=ParticipationExerciseDTO[id=2591, exerciseType=PROGRAMMING, type=programming, assessmentType=AUTOMATIC, dueDate=2025-02-16T23:45:18.950569Z, assessmentDueDate=null, maxPoints=42.0, course=CourseDTO[id=974, accuracyOfScores=1]]], submissionExerciseType=programming, isProcessing=false, buildStartDate=null, estimatedCompletionDate=null], participation=ParticipationDTO[id=1978, testRun=false, type=solution, submissionCount=null, exercise=ParticipationExerciseDTO[id=2591, exerciseType=PROGRAMMING, type=programming, assessmentType=AUTOMATIC, dueDate=2025-02-16T23:45:18.950569Z, assessmentDueDate=null, maxPoints=42.0, course=CourseDTO[id=974, accuracyOfScores=1]]], feedbacks=[], assessmentType=AUTOMATIC, hasComplaint=null, exampleResult=null, testCaseCount=0, passedTestCaseCount=0, codeIssueCount=0]], BuildJobQueueItem[id=19781739576720802, name=SHORTB2A6C58B0D447045380A858075B170A5B7C6TSTEXC-SOLUTION, buildAgent=BuildAgentDTO[name=artemis-build-agent-test, memberAddress=[127.0.0.1]:5703, displayName=artemis-build-agent-test], participationId=1978, courseId=974, exerciseId=2591, retryCount=0, priority=2, status=FAILED, repositoryInfo=RepositoryInfo[repositoryName=shortb2a6c58b0d447045380a858075b170a5b7c6tstexc-solution, repositoryType=solution, triggeredByPushTo=tests, assignmentRepositoryUri=http://localhost:49152/git/SHORTB2A6C58B0D447045380A858075B170A5B7C6TSTEXC/shortb2a6c58b0d447045380a858075b170a5b7c6tstexc-solution.git, testRepositoryUri=http://localhost:49152/git/SHORTB2A6C58B0D447045380A858075B170A5B7C6TSTEXC/shortb2a6c58b0d447045380a858075b170a5b7c6tstexc-tests.git, solutionRepositoryUri=null, auxiliaryRepositoryUris=[Ljava.lang.String;@270d088d, auxiliaryRepositoryCheckoutDirectories=[Ljava.lang.String;@18501dcb], jobTimingInfo=JobTimingInfo[submissionDate=2025-02-14T23:45:20.802935026Z[Etc/UTC], buildStartDate=2025-02-14T23:45:20.809306435Z[Etc/UTC], buildCompletionDate=2025-02-14T23:45:20.822452342Z[Etc/UTC], estimatedCompletionDate=2025-02-14T23:45:39.809298491Z[Etc/UTC], estimatedDuration=19], buildConfig=BuildConfig[buildScript=#!/bin/bash
cd /var/tmp/testing-dir
chmod +x ./gradlew
./gradlew clean test
, dockerImage=dummy-docker-image:latest, commitHashToBuild=c710d0e68c9c7db8cda7d1a278308de2b9642cc0, assignmentCommitHash=c710d0e68c9c7db8cda7d1a278308de2b9642cc0, testCommitHash=c710d0e68c9c7db8cda7d1a278308de2b9642cc0, branch=main, programmingLanguage=JAVA, projectType=PLAIN_GRADLE, scaEnabled=false, sequentialTestRunsEnabled=false, resultPaths=[/var/tmp/testing-dir/**/test-results/test/*.xml], timeoutSeconds=0, assignmentCheckoutPath=null, testCheckoutPath=null, solutionCheckoutPath=null, dockerRunConfig=null], submissionResult=ResultDTO[id=631, completionDate=2025-02-14T23:45:20.822527362Z[Etc/UTC], successful=false, score=0.0, rated=true, submission=SubmissionDTO[id=824, submitted=true, type=TEST, exampleSubmission=null, submissionDate=2025-02-14T23:45:20.791240Z, commitHash=c710d0e68c9c7db8cda7d1a278308de2b9642cc0, buildFailed=true, buildArtifact=false, participation=ParticipationDTO[id=1978, testRun=false, type=solution, submissionCount=null, exercise=ParticipationExerciseDTO[id=2591, exerciseType=PROGRAMMING, type=programming, assessmentType=AUTOMATIC, dueDate=2025-02-16T23:45:18.950569Z, assessmentDueDate=null, maxPoints=42.0, course=CourseDTO[id=974, accuracyOfScores=1]]], submissionExerciseType=programming, isProcessing=false, buildStartDate=null, estimatedCompletionDate=null], participation=ParticipationDTO[id=1978, testRun=false, type=solution, submissionCount=null, exercise=ParticipationExerciseDTO[id=2591, exerciseType=PROGRAMMING, type=programming, assessmentType=AUTOMATIC, dueDate=2025-02-16T23:45:18.950569Z, assessmentDueDate=null, maxPoints=42.0, course=CourseDTO[id=974, accuracyOfScores=1]]], feedbacks=[], assessmentType=AUTOMATIC, hasComplaint=null, exampleResult=null, testCaseCount=0, passedTestCaseCount=0, codeIssueCount=0]], BuildJobQueueItem[id=20061739576732554, name=SHORT94A899E303D7504C5D0840704DAAFA3DFF4DTSTEXC-LOCALVCCIINTINSTRUCTOR1, buildAgent=BuildAgentDTO[name=artemis-build-agent-test, memberAddress=[127.0.0.1]:5703, displayName=artemis-build-agent-test], participationId=2006, courseId=984, exerciseId=2601, retryCount=0, priority=2, status=SUCCESSFUL, repositoryInfo=RepositoryInfo[repositoryName=short94a899e303d7504c5d0840704daafa3dff4dtstexc-localvcciintinstructor1, repositoryType=user, triggeredByPushTo=user, assignmentRepositoryUri=http://localhost:49152/git/SHORT94A899E303D7504C5D0840704DAAFA3DFF4DTSTEXC/short94a899e303d7504c5d0840704daafa3dff4dtstexc-localvcciintinstructor1.git, testRepositoryUri=http://localhost:49152/git/SHORT94A899E303D7504C5D0840704DAAFA3DFF4DTSTEXC/short94a899e303d7504c5d0840704daafa3dff4dtstexc-tests.git, solutionRepositoryUri=null, auxiliaryRepositoryUris=[Ljava.lang.String;@764a7f72, auxiliaryRepositoryCheckoutDirectories=[Ljava.lang.String;@73057f9d], jobTimingInfo=JobTimingInfo[submissionDate=2025-02-14T23:45:32.554795798Z[Etc/UTC], buildStartDate=2025-02-14T23:45:32.567287465Z[Etc/UTC], buildCompletionDate=2025-02-14T23:45:34.535226768Z[Etc/UTC], estimatedCompletionDate=2025-02-14T23:45:51.567257960Z[Etc/UTC], estimatedDuration=19], buildConfig=BuildConfig[buildScript=#!/bin/bash
cd /var/tmp/testing-dir
chmod +x ./gradlew
./gradlew clean test
, dockerImage=dummy-docker-image:latest, commitHashToBuild=ca2dbc0ae87edf7035058a6a17c0ea60e90a290f, assignmentCommitHash=ca2dbc0ae87edf7035058a6a17c0ea60e90a290f, testCommitHash=0207f6f98af5fbb66ad68455f3fc3cf128af8ae9, branch=main, programmingLanguage=JAVA, projectType=PLAIN_GRADLE, scaEnabled=false, sequentialTestRunsEnabled=false, resultPaths=[/var/tmp/testing-dir/**/test-results/test/*.xml], timeoutSeconds=0, assignmentCheckoutPath=null, testCheckoutPath=null, solutionCheckoutPath=null, dockerRunConfig=null], submissionResult=ResultDTO[id=632, completionDate=2025-02-14T23:45:34.504415716Z[Etc/UTC], successful=false, score=7.7, rated=false, submission=SubmissionDTO[id=826, submitted=true, type=MANUAL, exampleSubmission=null, submissionDate=2025-02-14T23:45:32.541533Z, commitHash=ca2dbc0ae87edf7035058a6a17c0ea60e90a290f, buildFailed=false, buildArtifact=false, participation=ParticipationDTO[id=2006, testRun=true, type=programming, submissionCount=null, exercise=ParticipationExerciseDTO[id=2601, exerciseType=PROGRAMMING, type=programming, assessmentType=AUTOMATIC, dueDate=2025-02-16T23:45:31.864042Z, assessmentDueDate=null, maxPoints=42.0, course=CourseDTO[id=984, accuracyOfScores=1]]], submissionExerciseType=programming, isProcessing=false, buildStartDate=null, estimatedCompletionDate=null], participation=ParticipationDTO[id=2006, testRun=true, type=programming, submissionCount=null, exercise=ParticipationExerciseDTO[id=2601, exerciseType=PROGRAMMING, type=programming, assessmentType=AUTOMATIC, dueDate=2025-02-16T23:45:31.864042Z, assessmentDueDate=null, maxPoints=42.0, course=CourseDTO[id=984, accuracyOfScores=1]]], feedbacks=[FeedbackDTO[id=920, text=null, detailText=The exercise expects a class with the name Context in the package testpackage. You did not implement the class in the exercise., hasLongFeedbackText=false, reference=null, credits=0.0, positive=false, type=AUTOMATIC, visibility=ALWAYS, testCase=TestCaseDTO[testName=null, id=1357]], FeedbackDTO[id=921, text=null, detailText=The exercise expects a class with the name Policy in the package testpackage. You did not implement the class in the exercise., hasLongFeedbackText=false, reference=null, credits=0.0, positive=false, type=AUTOMATIC, visibility=ALWAYS, testCase=TestCaseDTO[testName=null, id=1358]], FeedbackDTO[id=922, text=null, detailText=The exercise expects a class with the name SortStrategy in the package testpackage. You did not implement the class in the exercise., hasLongFeedbackText=false, reference=null, credits=0.0, positive=false, type=AUTOMATIC, visibility=ALWAYS, testCase=TestCaseDTO[testName=null, id=1359]], FeedbackDTO[id=923, text=null, detailText=The class 'MergeSort' does not implement the interface 'SortStrategy' as expected. Implement the interface and its methods., hasLongFeedbackText=false, reference=null, credits=0.0, positive=false, type=AUTOMATIC, visibility=ALWAYS, testCase=TestCaseDTO[testName=null, id=1354]], FeedbackDTO[id=924, text=null, detailText=The exercise expects a class with the name SortStrategy in the package testpackage. You did not implement the class in the exercise., hasLongFeedbackText=false, reference=null, credits=0.0, positive=false, type=AUTOMATIC, visibility=ALWAYS, testCase=TestCaseDTO[testName=null, id=1351]], FeedbackDTO[id=925, text=null, detailText=The class 'BubbleSort' does not implement the interface 'SortStrategy' as expected. Implement the interface and its methods., hasLongFeedbackText=false, reference=null, credits=0.0, positive=false, type=AUTOMATIC, visibility=ALWAYS, testCase=TestCaseDTO[testName=null, id=1355]], FeedbackDTO[id=926, text=null, detailText=MergeSort does not sort correctly, hasLongFeedbackText=false, reference=null, credits=0.0, positive=false, type=AUTOMATIC, visibility=ALWAYS, testCase=TestCaseDTO[testName=null, id=1360]], FeedbackDTO[id=927, text=null, detailText=The class 'Context' was not found within the submission. Make sure to implement it properly., hasLongFeedbackText=false, reference=null, credits=0.0, positive=false, type=AUTOMATIC, visibility=ALWAYS, testCase=TestCaseDTO[testName=null, id=1361]], FeedbackDTO[id=928, text=null, detailText=The class 'Context' was not found within the submission. Make sure to implement it properly., hasLongFeedbackText=false, reference=null, credits=0.0, positive=false, type=AUTOMATIC, visibility=ALWAYS, testCase=TestCaseDTO[testName=null, id=1362]], FeedbackDTO[id=929, text=null, detailText=The exercise expects a class with the name Policy in the package testpackage. You did not implement the class in the exercise., hasLongFeedbackText=false, reference=null, credits=0.0, positive=false, type=AUTOMATIC, visibility=ALWAYS, testCase=TestCaseDTO[testName=null, id=1356]], FeedbackDTO[id=930, text=null, detailText=The exercise expects a class with the name Context in the package testpackage. You did not implement the class in the exercise., hasLongFeedbackText=false, reference=null, credits=0.0, positive=false, type=AUTOMATIC, visibility=ALWAYS, testCase=TestCaseDTO[testName=null, id=1352]], FeedbackDTO[id=931, text=null, detailText=The exercise expects a class with the name Policy in the package testpackage. You did not implement the class in the exercise., hasLongFeedbackText=false, reference=null, credits=0.0, positive=false, type=AUTOMATIC, visibility=ALWAYS, testCase=TestCaseDTO[testName=null, id=1353]], FeedbackDTO[id=932, text=null, detailText=null, hasLongFeedbackText=false, reference=null, credits=3.230769230769231, positive=true, type=AUTOMATIC, visibility=ALWAYS, testCase=TestCaseDTO[testName=null, id=1363]]], assessmentType=AUTOMATIC, hasComplaint=null, exampleResult=null, testCaseCount=13, passedTestCaseCount=1, codeIssueCount=0]], BuildJobQueueItem[id=20111739576737317, name=SHORTD49A6DAE04F9E049850BD5601663FD17A5B7TSTEXC-BASE, buildAgent=BuildAgentDTO[name=artemis-build-agent-test, memberAddress=[127.0.0.1]:5703, displayName=artemis-build-agent-test], participationId=2011, courseId=986, exerciseId=2603, retryCount=0, priority=2, status=SUCCESSFUL, repositoryInfo=RepositoryInfo[repositoryName=shortd49a6dae04f9e049850bd5601663fd17a5b7tstexc-exercise, repositoryType=exercise, triggeredByPushTo=exercise, assignmentRepositoryUri=http://localhost:49152/git/SHORTD49A6DAE04F9E049850BD5601663FD17A5B7TSTEXC/shortd49a6dae04f9e049850bd5601663fd17a5b7tstexc-exercise.git, testRepositoryUri=http://localhost:49152/git/SHORTD49A6DAE04F9E049850BD5601663FD17A5B7TSTEXC/shortd49a6dae04f9e049850bd5601663fd17a5b7tstexc-tests.git, solutionRepositoryUri=null, auxiliaryRepositoryUris=[Ljava.lang.String;@3c834810, auxiliaryRepositoryCheckoutDirectories=[Ljava.lang.String;@24a5b40e], jobTimingInfo=JobTimingInfo[submissionDate=2025-02-14T23:45:37.317968648Z[Etc/UTC], buildStartDate=2025-02-14T23:45:37.324534774Z[Etc/UTC], buildCompletionDate=2025-02-14T23:45:38.527225461Z[Etc/UTC], estimatedCompletionDate=2025-02-14T23:45:56.324506331Z[Etc/UTC], estimatedDuration=19], buildConfig=BuildConfig[buildScript=#!/bin/bash
cd /var/tmp/testing-dir
chmod +x ./gradlew
./gradlew clean test
, dockerImage=dummy-docker-image:latest, commitHashToBuild=c795243c185829bbefa399f45dcbcfac22311b2f, assignmentCommitHash=c795243c185829bbefa399f45dcbcfac22311b2f, testCommitHash=fa8b162170bf767d852e05e0eb7a128efa2e1f34, branch=main, programmingLanguage=JAVA, projectType=PLAIN_GRADLE, scaEnabled=false, sequentialTestRunsEnabled=false, resultPaths=[/var/tmp/testing-dir/**/test-results/test/*.xml], timeoutSeconds=0, assignmentCheckoutPath=null, testCheckoutPath=null, solutionCheckoutPath=null, dockerRunConfig=null], submissionResult=ResultDTO[id=633, completionDate=2025-02-14T23:45:38.476795726Z[Etc/UTC], successful=false, score=0.0, rated=true, submission=SubmissionDTO[id=827, submitted=true, type=MANUAL, exampleSubmission=null, submissionDate=2025-02-14T23:45:37.303401Z, commitHash=c795243c185829bbefa399f45dcbcfac22311b2f, buildFailed=false, buildArtifact=false, participation=ParticipationDTO[id=2011, testRun=false, type=template, submissionCount=null, exercise=ParticipationExerciseDTO[id=2603, exerciseType=PROGRAMMING, type=programming, assessmentType=AUTOMATIC, dueDate=2025-02-16T23:45:36.830269Z, assessmentDueDate=null, maxPoints=42.0, course=CourseDTO[id=986, accuracyOfScores=1]]], submissionExerciseType=programming, isProcessing=false, buildStartDate=null, estimatedCompletionDate=null], participation=ParticipationDTO[id=2011, testRun=false, type=template, submissionCount=null, exercise=ParticipationExerciseDTO[id=2603, exerciseType=PROGRAMMING, type=programming, assessmentType=AUTOMATIC, dueDate=2025-02-16T23:45:36.830269Z, assessmentDueDate=null, maxPoints=42.0, course=CourseDTO[id=986, accuracyOfScores=1]]], feedbacks=[FeedbackDTO[id=933, text=null, detailText=The exercise expects a class with the name Context in the package testpackage. You did not implement the class in the exercise., hasLongFeedbackText=false, reference=null, credits=0.0, positive=false, type=AUTOMATIC, visibility=ALWAYS, testCase=TestCaseDTO[testName=testMethods[Context], id=1383]], FeedbackDTO[id=934, text=null, detailText=The exercise expects a class with the name Policy in the package testpackage. You did not implement the class in the exercise., hasLongFeedbackText=false, reference=null, credits=0.0, positive=false, type=AUTOMATIC, visibility=ALWAYS, testCase=TestCaseDTO[testName=testMethods[Policy], id=1384]], FeedbackDTO[id=935, text=null, detailText=The exercise expects a class with the name SortStrategy in the package testpackage. You did not implement the class in the exercise., hasLongFeedbackText=false, reference=null, credits=0.0, positive=false, type=AUTOMATIC, visibility=ALWAYS, testCase=TestCaseDTO[testName=testMethods[SortStrategy], id=1385]], FeedbackDTO[id=936, text=null, detailText=The class 'MergeSort' does not implement the interface 'SortStrategy' as expected. Implement the interface and its methods., hasLongFeedbackText=false, reference=null, credits=0.0, positive=false, type=AUTOMATIC, visibility=ALWAYS, testCase=TestCaseDTO[testName=testClass[MergeSort], id=1380]], FeedbackDTO[id=937, text=null, detailText=The exercise expects a class with the name SortStrategy in the package testpackage. You did not implement the class in the exercise., hasLongFeedbackText=false, reference=null, credits=0.0, positive=false, type=AUTOMATIC, visibility=ALWAYS, testCase=TestCaseDTO[testName=testClass[SortStrategy], id=1377]], FeedbackDTO[id=938, text=null, detailText=The class 'BubbleSort' does not implement the interface 'SortStrategy' as expected. Implement the interface and its methods., hasLongFeedbackText=false, reference=null, credits=0.0, positive=false, type=AUTOMATIC, visibility=ALWAYS, testCase=TestCaseDTO[testName=testClass[BubbleSort], id=1381]], FeedbackDTO[id=939, text=null, detailText=MergeSort does not sort correctly, hasLongFeedbackText=false, reference=null, credits=0.0, positive=false, type=AUTOMATIC, visibility=ALWAYS, testCase=TestCaseDTO[testName=testMergeSort(), id=1386]], FeedbackDTO[id=940, text=null, detailText=The class 'Context' was not found within the submission. Make sure to implement it properly., hasLongFeedbackText=false, reference=null, credits=0.0, positive=false, type=AUTOMATIC, visibility=ALWAYS, testCase=TestCaseDTO[testName=testUseBubbleSortForSmallList(), id=1387]], FeedbackDTO[id=941, text=null, detailText=BubbleSort does not sort correctly, hasLongFeedbackText=false, reference=null, credits=0.0, positive=false, type=AUTOMATIC, visibility=ALWAYS, testCase=TestCaseDTO[testName=testBubbleSort(), id=1389]], FeedbackDTO[id=942, text=null, detailText=The class 'Context' was not found within the submission. Make sure to implement it properly., hasLongFeedbackText=false, reference=null, credits=0.0, positive=false, type=AUTOMATIC, visibility=ALWAYS, testCase=TestCaseDTO[testName=testUseMergeSortForBigList(), id=1388]], FeedbackDTO[id=943, text=null, detailText=The exercise expects a class with the name Policy in the package testpackage. You did not implement the class in the exercise., hasLongFeedbackText=false, reference=null, credits=0.0, positive=false, type=AUTOMATIC, visibility=ALWAYS, testCase=TestCaseDTO[testName=testConstructors[Policy], id=1382]], FeedbackDTO[id=944, text=null, detailText=The exercise expects a class with the name Context in the package testpackage. You did not implement the class in the exercise., hasLongFeedbackText=false, reference=null, credits=0.0, positive=false, type=AUTOMATIC, visibility=ALWAYS, testCase=TestCaseDTO[testName=testAttributes[Context], id=1378]], FeedbackDTO[id=945, text=null, detailText=The exercise expects a class with the name Policy in the package testpackage. You did not implement the class in the exercise., hasLongFeedbackText=false, reference=null, credits=0.0, positive=false, type=AUTOMATIC, visibility=ALWAYS, testCase=TestCaseDTO[testName=testAttributes[Policy], id=1379]]], assessmentType=AUTOMATIC, hasComplaint=null, exampleResult=null, testCaseCount=13, passedTestCaseCount=0, codeIssueCount=0]], BuildJobQueueItem[id=20171739576740018, name=SHORT7914AFA00ADC3047140B99D01AC07810CE44TSTEXC-LOCALVCCIINTSTUDENT1, buildAgent=BuildAgentDTO[name=artemis-build-agent-test, memberAddress=[127.0.0.1]:5703, displayName=artemis-build-agent-test], participationId=2017, courseId=988, exerciseId=2605, retryCount=0, priority=2, status=SUCCESSFUL, repositoryInfo=RepositoryInfo[repositoryName=short7914afa00adc3047140b99d01ac07810ce44tstexc-practice-localvcciintstudent1, repositoryType=user, triggeredByPushTo=user, assignmentRepositoryUri=http://localhost:49152/git/SHORT7914AFA00ADC3047140B99D01AC07810CE44TSTEXC/short7914afa00adc3047140b99d01ac07810ce44tstexc-practice-localvcciintstudent1.git, testRepositoryUri=http://localhost:49152/git/SHORT7914AFA00ADC3047140B99D01AC07810CE44TSTEXC/short7914afa00adc3047140b99d01ac07810ce44tstexc-tests.git, solutionRepositoryUri=null, auxiliaryRepositoryUris=[Ljava.lang.String;@131fe07, auxiliaryRepositoryCheckoutDirectories=[Ljava.lang.String;@5910802b], jobTimingInfo=JobTimingInfo[submissionDate=2025-02-14T23:45:40.018961253Z[Etc/UTC], buildStartDate=2025-02-14T23:45:40.029742701Z[Etc/UTC], buildCompletionDate=2025-02-14T23:45:41.150208242Z[Etc/UTC], estimatedCompletionDate=2025-02-14T23:45:59.029734065Z[Etc/UTC], estimatedDuration=19], buildConfig=BuildConfig[buildScript=#!/bin/bash
cd /var/tmp/testing-dir
chmod +x ./gradlew
./gradlew clean test
, dockerImage=dummy-docker-image:latest, commitHashToBuild=d80b57877989b971e83ccdb4863c8a7023c76266, assignmentCommitHash=d80b57877989b971e83ccdb4863c8a7023c76266, testCommitHash=327b116890c92b1312314341f43f21ef13ecf7d7, branch=main, programmingLanguage=JAVA, projectType=PLAIN_GRADLE, scaEnabled=false, sequentialTestRunsEnabled=false, resultPaths=[/var/tmp/testing-dir/**/test-results/test/*.xml], timeoutSeconds=0, assignmentCheckoutPath=null, testCheckoutPath=null, solutionCheckoutPath=null, dockerRunConfig=null], submissionResult=ResultDTO[id=634, completionDate=2025-02-14T23:45:41.120192603Z[Etc/UTC], successful=false, score=7.7, rated=false, submission=SubmissionDTO[id=828, submitted=true, type=MANUAL, exampleSubmission=null, submissionDate=2025-02-14T23:45:40.008666Z, commitHash=d80b57877989b971e83ccdb4863c8a7023c76266, buildFailed=false, buildArtifact=false, participation=ParticipationDTO[id=2017, testRun=true, type=programming, submissionCount=null, exercise=ParticipationExerciseDTO[id=2605, exerciseType=PROGRAMMING, type=programming, assessmentType=AUTOMATIC, dueDate=2025-02-16T23:45:39.523500Z, assessmentDueDate=null, maxPoints=42.0, course=CourseDTO[id=988, accuracyOfScores=1]]], submissionExerciseType=programming, isProcessing=false, buildStartDate=null, estimatedCompletionDate=null], participation=ParticipationDTO[id=2017, testRun=true, type=programming, submissionCount=null, exercise=ParticipationExerciseDTO[id=2605, exerciseType=PROGRAMMING, type=programming, assessmentType=AUTOMATIC, dueDate=2025-02-16T23:45:39.523500Z, assessmentDueDate=null, maxPoints=42.0, course=CourseDTO[id=988, accuracyOfScores=1]]], feedbacks=[FeedbackDTO[id=946, text=null, detailText=The exercise expects a class with the name Context in the package testpackage. You did not implement the class in the exercise., hasLongFeedbackText=false, reference=null, credits=0.0, positive=false, type=AUTOMATIC, visibility=ALWAYS, testCase=TestCaseDTO[testName=null, id=1409]], FeedbackDTO[id=947, text=null, detailText=The exercise expects a class with the name Policy in the package testpackage. You did not implement the class in the exercise., hasLongFeedbackText=false, reference=null, credits=0.0, positive=false, type=AUTOMATIC, visibility=ALWAYS, testCase=TestCaseDTO[testName=null, id=1410]], FeedbackDTO[id=948, text=null, detailText=The exercise expects a class with the name SortStrategy in the package testpackage. You did not implement the class in the exercise., hasLongFeedbackText=false, reference=null, credits=0.0, positive=false, type=AUTOMATIC, visibility=ALWAYS, testCase=TestCaseDTO[testName=null, id=1411]], FeedbackDTO[id=949, text=null, detailText=The class 'MergeSort' does not implement the interface 'SortStrategy' as expected. Implement the interface and its methods., hasLongFeedbackText=false, reference=null, credits=0.0, positive=false, type=AUTOMATIC, visibility=ALWAYS, testCase=TestCaseDTO[testName=null, id=1406]], FeedbackDTO[id=950, text=null, detailText=The exercise expects a class with the name SortStrategy in the package testpackage. You did not implement the class in the exercise., hasLongFeedbackText=false, reference=null, credits=0.0, positive=false, type=AUTOMATIC, visibility=ALWAYS, testCase=TestCaseDTO[testName=null, id=1403]], FeedbackDTO[id=951, text=null, detailText=The class 'BubbleSort' does not implement the interface 'SortStrategy' as expected. Implement the interface and its methods., hasLongFeedbackText=false, reference=null, credits=0.0, positive=false, type=AUTOMATIC, visibility=ALWAYS, testCase=TestCaseDTO[testName=null, id=1407]], FeedbackDTO[id=952, text=null, detailText=MergeSort does not sort correctly, hasLongFeedbackText=false, reference=null, credits=0.0, positive=false, type=AUTOMATIC, visibility=ALWAYS, testCase=TestCaseDTO[testName=null, id=1412]], FeedbackDTO[id=953, text=null, detailText=The class 'Context' was not found within the submission. Make sure to implement it properly., hasLongFeedbackText=false, reference=null, credits=0.0, positive=false, type=AUTOMATIC, visibility=ALWAYS, testCase=TestCaseDTO[testName=null, id=1413]], FeedbackDTO[id=954, text=null, detailText=The class 'Context' was not found within the submission. Make sure to implement it properly., hasLongFeedbackText=false, reference=null, credits=0.0, positive=false, type=AUTOMATIC, visibility=ALWAYS, testCase=TestCaseDTO[testName=null, id=1414]], FeedbackDTO[id=955, text=null, detailText=The exercise expects a class with the name Policy in the package testpackage. You did not implement the class in the exercise., hasLongFeedbackText=false, reference=null, credits=0.0, positive=false, type=AUTOMATIC, visibility=ALWAYS, testCase=TestCaseDTO[testName=null, id=1408]], FeedbackDTO[id=956, text=null, detailText=The exercise expects a class with the name Context in the package testpackage. You did not implement the class in the exercise., hasLongFeedbackText=false, reference=null, credits=0.0, positive=false, type=AUTOMATIC, visibility=ALWAYS, testCase=TestCaseDTO[testName=null, id=1404]], FeedbackDTO[id=957, text=null, detailText=The exercise expects a class with the name Policy in the package testpackage. You did not implement the class in the exercise., hasLongFeedbackText=false, reference=null, credits=0.0, positive=false, type=AUTOMATIC, visibility=ALWAYS, testCase=TestCaseDTO[testName=null, id=1405]], FeedbackDTO[id=958, text=null, detailText=null, hasLongFeedbackText=false, reference=null, credits=3.230769230769231, positive=true, type=AUTOMATIC, visibility=ALWAYS, testCase=TestCaseDTO[testName=null, id=1415]]], assessmentType=AUTOMATIC, hasComplaint=null, exampleResult=null, testCaseCount=13, passedTestCaseCount=1, codeIssueCount=0]], BuildJobQueueItem[id=20261739576743984, name=SHORT53C73BE505404043100AC2F00C039353CE8FTSTEXC-LOCALVCCIINTSTUDENT1, buildAgent=BuildAgentDTO[name=artemis-build-agent-test, memberAddress=[127.0.0.1]:5703, displayName=artemis-build-agent-test], participationId=2026, courseId=991, exerciseId=2608, retryCount=0, priority=1, status=SUCCESSFUL, repositoryInfo=RepositoryInfo[repositoryName=short53c73be505404043100ac2f00c039353ce8ftstexc-localvcciintstudent1, repositoryType=user, triggeredByPushTo=user, assignmentRepositoryUri=http://localhost:49152/git/SHORT53C73BE505404043100AC2F00C039353CE8FTSTEXC/short53c73be505404043100ac2f00c039353ce8ftstexc-localvcciintstudent1.git, testRepositoryUri=http://localhost:49152/git/SHORT53C73BE505404043100AC2F00C039353CE8FTSTEXC/short53c73be505404043100ac2f00c039353ce8ftstexc-tests.git, solutionRepositoryUri=null, auxiliaryRepositoryUris=[Ljava.lang.String;@7ff580d1, auxiliaryRepositoryCheckoutDirectories=[Ljava.lang.String;@76794ee5], jobTimingInfo=JobTimingInfo[submissionDate=2025-02-14T23:45:43.984518859Z[Etc/UTC], buildStartDate=2025-02-14T23:45:43.991385682Z[Etc/UTC], buildCompletionDate=2025-02-14T23:45:44.982059928Z[Etc/UTC], estimatedCompletionDate=2025-02-14T23:46:02.991380122Z[Etc/UTC], estimatedDuration=19], buildConfig=BuildConfig[buildScript=#!/bin/bash
cd /var/tmp/testing-dir
chmod +x ./gradlew
./gradlew clean test
, dockerImage=dummy-docker-image:latest, commitHashToBuild=3e90ae9fef2e44ffb41451a080bdaa6a44ad6848, assignmentCommitHash=3e90ae9fef2e44ffb41451a080bdaa6a44ad6848, testCommitHash=0582754c87aae13e640312855ce7dbe490ecb50c, branch=main, programmingLanguage=JAVA, projectType=PLAIN_GRADLE, scaEnabled=false, sequentialTestRunsEnabled=false, resultPaths=[/var/tmp/testing-dir/**/test-results/test/*.xml], timeoutSeconds=0, assignmentCheckoutPath=null, testCheckoutPath=null, solutionCheckoutPath=null, dockerRunConfig=null], submissionResult=ResultDTO[id=635, completionDate=2025-02-14T23:45:44.961313737Z[Etc/UTC], successful=false, score=7.7, rated=true, submission=SubmissionDTO[id=829, submitted=true, type=MANUAL, exampleSubmission=null, submissionDate=2025-02-14T23:45:43.967766Z, commitHash=3e90ae9fef2e44ffb41451a080bdaa6a44ad6848, buildFailed=false, buildArtifact=false, participation=ParticipationDTO[id=2026, testRun=false, type=programming, submissionCount=null, exercise=ParticipationExerciseDTO[id=2608, exerciseType=PROGRAMMING, type=programming, assessmentType=AUTOMATIC, dueDate=2025-02-16T23:45:43.597978Z, assessmentDueDate=null, maxPoints=42.0, course=CourseDTO[id=991, accuracyOfScores=1]]], submissionExerciseType=programming, isProcessing=false, buildStartDate=null, estimatedCompletionDate=null], participation=ParticipationDTO[id=2026, testRun=false, type=programming, submissionCount=null, exercise=ParticipationExerciseDTO[id=2608, exerciseType=PROGRAMMING, type=programming, assessmentType=AUTOMATIC, dueDate=2025-02-16T23:45:43.597978Z, assessmentDueDate=null, maxPoints=42.0, course=CourseDTO[id=991, accuracyOfScores=1]]], feedbacks=[FeedbackDTO[id=959, text=null, detailText=The exercise expects a class with the name Context in the package testpackage. You did not implement the class in the exercise., hasLongFeedbackText=false, reference=null, credits=0.0, positive=false, type=AUTOMATIC, visibility=ALWAYS, testCase=TestCaseDTO[testName=null, id=1448]], FeedbackDTO[id=960, text=null, detailText=The exercise expects a class with the name Policy in the package testpackage. You did not implement the class in the exercise., hasLongFeedbackText=false, reference=null, credits=0.0, positive=false, type=AUTOMATIC, visibility=ALWAYS, testCase=TestCaseDTO[testName=null, id=1449]], FeedbackDTO[id=961, text=null, detailText=The exercise expects a class with the name SortStrategy in the package testpackage. You did not implement the class in the exercise., hasLongFeedbackText=false, reference=null, credits=0.0, positive=false, type=AUTOMATIC, visibility=ALWAYS, testCase=TestCaseDTO[testName=null, id=1450]], FeedbackDTO[id=962, text=null, detailText=The class 'MergeSort' does not implement the interface 'SortStrategy' as expected. Implement the interface and its methods., hasLongFeedbackText=false, reference=null, credits=0.0, positive=false, type=AUTOMATIC, visibility=ALWAYS, testCase=TestCaseDTO[testName=null, id=1445]], FeedbackDTO[id=963, text=null, detailText=The exercise expects a class with the name SortStrategy in the package testpackage. You did not implement the class in the exercise., hasLongFeedbackText=false, reference=null, credits=0.0, positive=false, type=AUTOMATIC, visibility=ALWAYS, testCase=TestCaseDTO[testName=null, id=1442]], FeedbackDTO[id=964, text=null, detailText=The class 'BubbleSort' does not implement the interface 'SortStrategy' as expected. Implement the interface and its methods., hasLongFeedbackText=false, reference=null, credits=0.0, positive=false, type=AUTOMATIC, visibility=ALWAYS, testCase=TestCaseDTO[testName=null, id=1446]], FeedbackDTO[id=965, text=null, detailText=MergeSort does not sort correctly, hasLongFeedbackText=false, reference=null, credits=0.0, positive=false, type=AUTOMATIC, visibility=ALWAYS, testCase=TestCaseDTO[testName=null, id=1451]], FeedbackDTO[id=966, text=null, detailText=The class 'Context' was not found within the submission. Make sure to implement it properly., hasLongFeedbackText=false, reference=null, credits=0.0, positive=false, type=AUTOMATIC, visibility=ALWAYS, testCase=TestCaseDTO[testName=null, id=1452]], FeedbackDTO[id=967, text=null, detailText=The class 'Context' was not found within the submission. Make sure to implement it properly., hasLongFeedbackText=false, reference=null, credits=0.0, positive=false, type=AUTOMATIC, visibility=ALWAYS, testCase=TestCaseDTO[testName=null, id=1453]], FeedbackDTO[id=968, text=null, detailText=The exercise expects a class with the name Policy in the package testpackage. You did not implement the class in the exercise., hasLongFeedbackText=false, reference=null, credits=0.0, positive=false, type=AUTOMATIC, visibility=ALWAYS, testCase=TestCaseDTO[testName=null, id=1447]], FeedbackDTO[id=969, text=null, detailText=The exercise expects a class with the name Context in the package testpackage. You did not implement the class in the exercise., hasLongFeedbackText=false, reference=null, credits=0.0, positive=false, type=AUTOMATIC, visibility=ALWAYS, testCase=TestCaseDTO[testName=null, id=1443]], FeedbackDTO[id=970, text=null, detailText=The exercise expects a class with the name Policy in the package testpackage. You did not implement the class in the exercise., hasLongFeedbackText=false, reference=null, credits=0.0, positive=false, type=AUTOMATIC, visibility=ALWAYS, testCase=TestCaseDTO[testName=null, id=1444]], FeedbackDTO[id=971, text=null, detailText=null, hasLongFeedbackText=false, reference=null, credits=3.230769230769231, positive=true, type=AUTOMATIC, visibility=ALWAYS, testCase=TestCaseDTO[testName=null, id=1454]]], assessmentType=AUTOMATIC, hasComplaint=null, exampleResult=null, testCaseCount=13, passedTestCaseCount=1, codeIssueCount=0]], BuildJobQueueItem[id=20271739576746886, name=SHORT0FC863930E92904248098A506171F81CF6CFTSTEXC-SOLUTION, buildAgent=BuildAgentDTO[name=artemis-build-agent-test, memberAddress=[127.0.0.1]:5703, displayName=artemis-build-agent-test], participationId=2027, courseId=992, exerciseId=2609, retryCount=0, priority=2, status=SUCCESSFUL, repositoryInfo=RepositoryInfo[repositoryName=short0fc863930e92904248098a506171f81cf6cftstexc-solution, repositoryType=solution, triggeredByPushTo=auxiliary, assignmentRepositoryUri=http://localhost:49152/git/SHORT0FC863930E92904248098A506171F81CF6CFTSTEXC/short0fc863930e92904248098a506171f81cf6cftstexc-solution.git, testRepositoryUri=http://localhost:49152/git/SHORT0FC863930E92904248098A506171F81CF6CFTSTEXC/short0fc863930e92904248098a506171f81cf6cftstexc-tests.git, solutionRepositoryUri=null, auxiliaryRepositoryUris=[Ljava.lang.String;@78b657eb, auxiliaryRepositoryCheckoutDirectories=[Ljava.lang.String;@257a810e], jobTimingInfo=JobTimingInfo[submissionDate=2025-02-14T23:45:46.886984066Z[Etc/UTC], buildStartDate=2025-02-14T23:45:46.897709578Z[Etc/UTC], buildCompletionDate=2025-02-14T23:45:48.628460156Z[Etc/UTC], estimatedCompletionDate=2025-02-14T23:46:05.897701272Z[Etc/UTC], estimatedDuration=19], buildConfig=BuildConfig[buildScript=#!/bin/bash
cd /var/tmp/testing-dir
chmod +x ./gradlew
./gradlew clean test
, dockerImage=dummy-docker-image:latest, commitHashToBuild=null, assignmentCommitHash=115a2e943bee242fdad360b50d8ad5f30792577e, testCommitHash=9b3a9bd71a0d80e5bbc42204c319ed3d1d4f0d6d, branch=main, programmingLanguage=JAVA, projectType=PLAIN_GRADLE, scaEnabled=false, sequentialTestRunsEnabled=false, resultPaths=[/var/tmp/testing-dir/**/test-results/test/*.xml], timeoutSeconds=0, assignmentCheckoutPath=null, testCheckoutPath=null, solutionCheckoutPath=null, dockerRunConfig=null], submissionResult=ResultDTO[id=636, completionDate=2025-02-14T23:45:48.593370968Z[Etc/UTC], successful=true, score=100.0, rated=true, submission=SubmissionDTO[id=830, submitted=true, type=TEST, exampleSubmission=null, submissionDate=2025-02-14T23:45:46.873671Z, commitHash=9b3a9bd71a0d80e5bbc42204c319ed3d1d4f0d6d, buildFailed=false, buildArtifact=false, participation=ParticipationDTO[id=2027, testRun=false, type=solution, submissionCount=null, exercise=ParticipationExerciseDTO[id=2609, exerciseType=PROGRAMMING, type=programming, assessmentType=AUTOMATIC, dueDate=2025-02-16T23:45:46.386304Z, assessmentDueDate=null, maxPoints=42.0, course=CourseDTO[id=992, accuracyOfScores=1]]], submissionExerciseType=programming, isProcessing=false, buildStartDate=null, estimatedCompletionDate=null], participation=ParticipationDTO[id=2027, testRun=false, type=solution, submissionCount=null, exercise=ParticipationExerciseDTO[id=2609, exerciseType=PROGRAMMING, type=programming, assessmentType=AUTOMATIC, dueDate=2025-02-16T23:45:46.386304Z, assessmentDueDate=null, maxPoints=42.0, course=CourseDTO[id=992, accuracyOfScores=1]]], feedbacks=[FeedbackDTO[id=972, text=null, detailText=null, hasLongFeedbackText=false, reference=null, credits=3.230769230769231, positive=true, type=AUTOMATIC, visibility=ALWAYS, testCase=TestCaseDTO[testName=testMethods[Context], id=1461]], FeedbackDTO[id=973, text=null, detailText=null, hasLongFeedbackText=false, reference=null, credits=3.230769230769231, positive=true, type=AUTOMATIC, visibility=ALWAYS, testCase=TestCaseDTO[testName=testMethods[Policy], id=1462]], FeedbackDTO[id=974, text=null, detailText=null, hasLongFeedbackText=false, reference=null, credits=3.230769230769231, positive=true, type=AUTOMATIC, visibility=ALWAYS, testCase=TestCaseDTO[testName=testMethods[SortStrategy], id=1463]], FeedbackDTO[id=975, text=null, detailText=null, hasLongFeedbackText=false, reference=null, credits=3.230769230769231, positive=true, type=AUTOMATIC, visibility=ALWAYS, testCase=TestCaseDTO[testName=testClass[MergeSort], id=1458]], FeedbackDTO[id=976, text=null, detailText=null, hasLongFeedbackText=false, reference=null, credits=3.230769230769231, positive=true, type=AUTOMATIC, visibility=ALWAYS, testCase=TestCaseDTO[testName=testClass[SortStrategy], id=1455]], FeedbackDTO[id=977, text=null, detailText=null, hasLongFeedbackText=false, reference=null, credits=3.230769230769231, positive=true, type=AUTOMATIC, visibility=ALWAYS, testCase=TestCaseDTO[testName=testClass[BubbleSort], id=1459]], FeedbackDTO[id=978, text=null, detailText=null, hasLongFeedbackText=false, reference=null, credits=3.230769230769231, positive=true, type=AUTOMATIC, visibility=ALWAYS, testCase=TestCaseDTO[testName=testMergeSort(), id=1464]], FeedbackDTO[id=979, text=null, detailText=null, hasLongFeedbackText=false, reference=null, credits=3.230769230769231, positive=true, type=AUTOMATIC, visibility=ALWAYS, testCase=TestCaseDTO[testName=testUseBubbleSortForSmallList(), id=1465]], FeedbackDTO[id=980, text=null, detailText=null, hasLongFeedbackText=false, reference=null, credits=3.230769230769231, positive=true, type=AUTOMATIC, visibility=ALWAYS, testCase=TestCaseDTO[testName=testBubbleSort(), id=1467]], FeedbackDTO[id=981, text=null, detailText=null, hasLongFeedbackText=false, reference=null, credits=3.230769230769231, positive=true, type=AUTOMATIC, visibility=ALWAYS, testCase=TestCaseDTO[testName=testUseMergeSortForBigList(), id=1466]], FeedbackDTO[id=982, text=null, detailText=null, hasLongFeedbackText=false, reference=null, credits=3.230769230769231, positive=true, type=AUTOMATIC, visibility=ALWAYS, testCase=TestCaseDTO[testName=testConstructors[Policy], id=1460]], FeedbackDTO[id=983, text=null, detailText=null, hasLongFeedbackText=false, reference=null, credits=3.230769230769231, positive=true, type=AUTOMATIC, visibility=ALWAYS, testCase=TestCaseDTO[testName=testAttributes[Context], id=1456]], FeedbackDTO[id=984, text=null, detailText=null, hasLongFeedbackText=false, reference=null, credits=3.230769230769231, positive=true, type=AUTOMATIC, visibility=ALWAYS, testCase=TestCaseDTO[testName=testAttributes[Policy], id=1457]]], assessmentType=AUTOMATIC, hasComplaint=null, exampleResult=null, testCaseCount=13, passedTestCaseCount=13, codeIssueCount=0]], BuildJobQueueItem[id=20281739576748768, name=SHORT0FC863930E92904248098A506171F81CF6CFTSTEXC-BASE, buildAgent=BuildAgentDTO[name=artemis-build-agent-test, memberAddress=[127.0.0.1]:5703, displayName=artemis-build-agent-test], participationId=2028, courseId=992, exerciseId=2609, retryCount=0, priority=2, status=SUCCESSFUL, repositoryInfo=RepositoryInfo[repositoryName=short0fc863930e92904248098a506171f81cf6cftstexc-exercise, repositoryType=exercise, triggeredByPushTo=auxiliary, assignmentRepositoryUri=http://localhost:49152/git/SHORT0FC863930E92904248098A506171F81CF6CFTSTEXC/short0fc863930e92904248098a506171f81cf6cftstexc-exercise.git, testRepositoryUri=http://localhost:49152/git/SHORT0FC863930E92904248098A506171F81CF6CFTSTEXC/short0fc863930e92904248098a506171f81cf6cftstexc-tests.git, solutionRepositoryUri=null, auxiliaryRepositoryUris=[Ljava.lang.String;@765a7e78, auxiliaryRepositoryCheckoutDirectories=[Ljava.lang.String;@4a680830], jobTimingInfo=JobTimingInfo[submissionDate=2025-02-14T23:45:48.768063548Z[Etc/UTC], buildStartDate=2025-02-14T23:45:48.802531989Z[Etc/UTC], buildCompletionDate=2025-02-14T23:45:50.482681367Z[Etc/UTC], estimatedCompletionDate=2025-02-14T23:45:50.802523092Z[Etc/UTC], estimatedDuration=2], buildConfig=BuildConfig[buildScript=#!/bin/bash
cd /var/tmp/testing-dir
chmod +x ./gradlew
./gradlew clean test
, dockerImage=dummy-docker-image:latest, commitHashToBuild=9b3a9bd71a0d80e5bbc42204c319ed3d1d4f0d6d, assignmentCommitHash=115a2e943bee242fdad360b50d8ad5f30792577e, testCommitHash=9b3a9bd71a0d80e5bbc42204c319ed3d1d4f0d6d, branch=main, programmingLanguage=JAVA, projectType=PLAIN_GRADLE, scaEnabled=false, sequentialTestRunsEnabled=false, resultPaths=[/var/tmp/testing-dir/**/test-results/test/*.xml], timeoutSeconds=0, assignmentCheckoutPath=null, testCheckoutPath=null, solutionCheckoutPath=null, dockerRunConfig=null], submissionResult=ResultDTO[id=637, completionDate=2025-02-14T23:45:50.449084694Z[Etc/UTC], successful=false, score=0.0, rated=true, submission=SubmissionDTO[id=831, submitted=true, type=TEST, exampleSubmission=null, submissionDate=2025-02-14T23:45:48.761177Z, commitHash=9b3a9bd71a0d80e5bbc42204c319ed3d1d4f0d6d, buildFailed=false, buildArtifact=false, participation=ParticipationDTO[id=2028, testRun=false, type=template, submissionCount=null, exercise=ParticipationExerciseDTO[id=2609, exerciseType=PROGRAMMING, type=programming, assessmentType=AUTOMATIC, dueDate=2025-02-16T23:45:46.386304Z, assessmentDueDate=null, maxPoints=42.0, course=CourseDTO[id=992, accuracyOfScores=1]]], submissionExerciseType=programming, isProcessing=false, buildStartDate=null, estimatedCompletionDate=null], participation=ParticipationDTO[id=2028, testRun=false, type=template, submissionCount=null, exercise=ParticipationExerciseDTO[id=2609, exerciseType=PROGRAMMING, type=programming, assessmentType=AUTOMATIC, dueDate=2025-02-16T23:45:46.386304Z, assessmentDueDate=null, maxPoints=42.0, course=CourseDTO[id=992, accuracyOfScores=1]]], feedbacks=[FeedbackDTO[id=985, text=null, detailText=The exercise expects a class with the name Context in the package testpackage. You did not implement the class in the exercise., hasLongFeedbackText=false, reference=null, credits=0.0, positive=false, type=AUTOMATIC, visibility=ALWAYS, testCase=TestCaseDTO[testName=testMethods[Context], id=1461]], FeedbackDTO[id=986, text=null, detailText=The exercise expects a class with the name Policy in the package testpackage. You did not implement the class in the exercise., hasLongFeedbackText=false, reference=null, credits=0.0, positive=false, type=AUTOMATIC, visibility=ALWAYS, testCase=TestCaseDTO[testName=testMethods[Policy], id=1462]], FeedbackDTO[id=987, text=null, detailText=The exercise expects a class with the name SortStrategy in the package testpackage. You did not implement the class in the exercise., hasLongFeedbackText=false, reference=null, credits=0.0, positive=false, type=AUTOMATIC, visibility=ALWAYS, testCase=TestCaseDTO[testName=testMethods[SortStrategy], id=1463]], FeedbackDTO[id=988, text=null, detailText=The class 'MergeSort' does not implement the interface 'SortStrategy' as expected. Implement the interface and its methods., hasLongFeedbackText=false, reference=null, credits=0.0, positive=false, type=AUTOMATIC, visibility=ALWAYS, testCase=TestCaseDTO[testName=testClass[MergeSort], id=1458]], FeedbackDTO[id=989, text=null, detailText=The exercise expects a class with the name SortStrategy in the package testpackage. You did not implement the class in the exercise., hasLongFeedbackText=false, reference=null, credits=0.0, positive=false, type=AUTOMATIC, visibility=ALWAYS, testCase=TestCaseDTO[testName=testClass[SortStrategy], id=1455]], FeedbackDTO[id=990, text=null, detailText=The class 'BubbleSort' does not implement the interface 'SortStrategy' as expected. Implement the interface and its methods., hasLongFeedbackText=false, reference=null, credits=0.0, positive=false, type=AUTOMATIC, visibility=ALWAYS, testCase=TestCaseDTO[testName=testClass[BubbleSort], id=1459]], FeedbackDTO[id=991, text=null, detailText=MergeSort does not sort correctly, hasLongFeedbackText=false, reference=null, credits=0.0, positive=false, type=AUTOMATIC, visibility=ALWAYS, testCase=TestCaseDTO[testName=testMergeSort(), id=1464]], FeedbackDTO[id=992, text=null, detailText=The class 'Context' was not found within the submission. Make sure to implement it properly., hasLongFeedbackText=false, reference=null, credits=0.0, positive=false, type=AUTOMATIC, visibility=ALWAYS, testCase=TestCaseDTO[testName=testUseBubbleSortForSmallList(), id=1465]], FeedbackDTO[id=993, text=null, detailText=BubbleSort does not sort correctly, hasLongFeedbackText=false, reference=null, credits=0.0, positive=false, type=AUTOMATIC, visibility=ALWAYS, testCase=TestCaseDTO[testName=testBubbleSort(), id=1467]], FeedbackDTO[id=994, text=null, detailText=The class 'Context' was not found within the submission. Make sure to implement it properly., hasLongFeedbackText=false, reference=null, credits=0.0, positive=false, type=AUTOMATIC, visibility=ALWAYS, testCase=TestCaseDTO[testName=testUseMergeSortForBigList(), id=1466]], FeedbackDTO[id=995, text=null, detailText=The exercise expects a class with the name Policy in the package testpackage. You did not implement the class in the exercise., hasLongFeedbackText=false, reference=null, credits=0.0, positive=false, type=AUTOMATIC, visibility=ALWAYS, testCase=TestCaseDTO[testName=testConstructors[Policy], id=1460]], FeedbackDTO[id=996, text=null, detailText=The exercise expects a class with the name Context in the package testpackage. You did not implement the class in the exercise., hasLongFeedbackText=false, reference=null, credits=0.0, positive=false, type=AUTOMATIC, visibility=ALWAYS, testCase=TestCaseDTO[testName=testAttributes[Context], id=1456]], FeedbackDTO[id=997, text=null, detailText=The exercise expects a class with the name Policy in the package testpackage. You did not implement the class in the exercise., hasLongFeedbackText=false, reference=null, credits=0.0, positive=false, type=AUTOMATIC, visibility=ALWAYS, testCase=TestCaseDTO[testName=testAttributes[Policy], id=1457]]], assessmentType=AUTOMATIC, hasComplaint=null, exampleResult=null, testCaseCount=13, passedTestCaseCount=0, codeIssueCount=0]], BuildJobQueueItem[id=20291739576751299, name=SHORT716C2EC10B19B049C80A2F00B97EAB20B2A9TSTEXC-SOLUTION, buildAgent=BuildAgentDTO[name=artemis-build-agent-test, memberAddress=[127.0.0.1]:5703, displayName=artemis-build-agent-test], participationId=2029, courseId=993, exerciseId=2610, retryCount=0, priority=2, status=SUCCESSFUL, repositoryInfo=RepositoryInfo[repositoryName=short716c2ec10b19b049c80a2f00b97eab20b2a9tstexc-solution, repositoryType=solution, triggeredByPushTo=tests, assignmentRepositoryUri=http://localhost:49152/git/SHORT716C2EC10B19B049C80A2F00B97EAB20B2A9TSTEXC/short716c2ec10b19b049c80a2f00b97eab20b2a9tstexc-solution.git, testRepositoryUri=http://localhost:49152/git/SHORT716C2EC10B19B049C80A2F00B97EAB20B2A9TSTEXC/short716c2ec10b19b049c80a2f00b97eab20b2a9tstexc-tests.git, solutionRepositoryUri=null, auxiliaryRepositoryUris=[Ljava.lang.String;@2b1799, auxiliaryRepositoryCheckoutDirectories=[Ljava.lang.String;@71a88463], jobTimingInfo=JobTimingInfo[submissionDate=2025-02-14T23:45:51.299892174Z[Etc/UTC], buildStartDate=2025-02-14T23:45:51.314028505Z[Etc/UTC], buildCompletionDate=2025-02-14T23:45:52.158312850Z[Etc/UTC], estimatedCompletionDate=2025-02-14T23:46:10.314021752Z[Etc/UTC], estimatedDuration=19], buildConfig=BuildConfig[buildScript=#!/bin/bash
cd /var/tmp/testing-dir
chmod +x ./gradlew
./gradlew clean test
, dockerImage=dummy-docker-image:latest, commitHashToBuild=1e531733ed6e9237f710b528d1eb0b7beac565fd, assignmentCommitHash=815e279f12ad296b4f24c44134a07293c04c010f, testCommitHash=1e531733ed6e9237f710b528d1eb0b7beac565fd, branch=main, programmingLanguage=JAVA, projectType=PLAIN_GRADLE, scaEnabled=false, sequentialTestRunsEnabled=false, resultPaths=[/var/tmp/testing-dir/**/test-results/test/*.xml], timeoutSeconds=0, assignmentCheckoutPath=null, testCheckoutPath=null, solutionCheckoutPath=null, dockerRunConfig=null], submissionResult=ResultDTO[id=638, completionDate=2025-02-14T23:45:52.146826070Z[Etc/UTC], successful=true, score=100.0, rated=true, submission=SubmissionDTO[id=832, submitted=true, type=TEST, exampleSubmission=null, submissionDate=2025-02-14T23:45:51.275713Z, commitHash=1e531733ed6e9237f710b528d1eb0b7beac565fd, buildFailed=false, buildArtifact=false, participation=ParticipationDTO[id=2029, testRun=false, type=solution, submissionCount=null, exercise=ParticipationExerciseDTO[id=2610, exerciseType=PROGRAMMING, type=programming, assessmentType=AUTOMATIC, dueDate=2025-02-16T23:45:50.869093Z, assessmentDueDate=null, maxPoints=42.0, course=CourseDTO[id=993, accuracyOfScores=1]]], submissionExerciseType=programming, isProcessing=false, buildStartDate=null, estimatedCompletionDate=null], participation=ParticipationDTO[id=2029, testRun=false, type=solution, submissionCount=null, exercise=ParticipationExerciseDTO[id=2610, exerciseType=PROGRAMMING, type=programming, assessmentType=AUTOMATIC, dueDate=2025-02-16T23:45:50.869093Z, assessmentDueDate=null, maxPoints=42.0, course=CourseDTO[id=993, accuracyOfScores=1]]], feedbacks=[FeedbackDTO[id=998, text=null, detailText=null, hasLongFeedbackText=false, reference=null, credits=3.230769230769231, positive=true, type=AUTOMATIC, visibility=ALWAYS, testCase=TestCaseDTO[testName=testMethods[Context], id=1474]], FeedbackDTO[id=999, text=null, detailText=null, hasLongFeedbackText=false, reference=null, credits=3.230769230769231, positive=true, type=AUTOMATIC, visibility=ALWAYS, testCase=TestCaseDTO[testName=testMethods[Policy], id=1475]], FeedbackDTO[id=1000, text=null, detailText=null, hasLongFeedbackText=false, reference=null, credits=3.230769230769231, positive=true, type=AUTOMATIC, visibility=ALWAYS, testCase=TestCaseDTO[testName=testMethods[SortStrategy], id=1476]], FeedbackDTO[id=1001, text=null, detailText=null, hasLongFeedbackText=false, reference=null, credits=3.230769230769231, positive=true, type=AUTOMATIC, visibility=ALWAYS, testCase=TestCaseDTO[testName=testClass[MergeSort], id=1471]], FeedbackDTO[id=1002, text=null, detailText=null, hasLongFeedbackText=false, reference=null, credits=3.230769230769231, positive=true, type=AUTOMATIC, visibility=ALWAYS, testCase=TestCaseDTO[testName=testClass[SortStrategy], id=1468]], FeedbackDTO[id=1003, text=null, detailText=null, hasLongFeedbackText=false, reference=null, credits=3.230769230769231, positive=true, type=AUTOMATIC, visibility=ALWAYS, testCase=TestCaseDTO[testName=testClass[BubbleSort], id=1472]], FeedbackDTO[id=1004, text=null, detailText=null, hasLongFeedbackText=false, reference=null, credits=3.230769230769231, positive=true, type=AUTOMATIC, visibility=ALWAYS, testCase=TestCaseDTO[testName=testMergeSort(), id=1477]], FeedbackDTO[id=1005, text=null, detailText=null, hasLongFeedbackText=false, reference=null, credits=3.230769230769231, positive=true, type=AUTOMATIC, visibility=ALWAYS, testCase=TestCaseDTO[testName=testUseBubbleSortForSmallList(), id=1478]], FeedbackDTO[id=1006, text=null, detailText=null, hasLongFeedbackText=false, reference=null, credits=3.230769230769231, positive=true, type=AUTOMATIC, visibility=ALWAYS, testCase=TestCaseDTO[testName=testBubbleSort(), id=1480]], FeedbackDTO[id=1007, text=null, detailText=null, hasLongFeedbackText=false, reference=null, credits=3.230769230769231, positive=true, type=AUTOMATIC, visibility=ALWAYS, testCase=TestCaseDTO[testName=testUseMergeSortForBigList(), id=1479]], FeedbackDTO[id=1008, text=null, detailText=null, hasLongFeedbackText=false, reference=null, credits=3.230769230769231, positive=true, type=AUTOMATIC, visibility=ALWAYS, testCase=TestCaseDTO[testName=testConstructors[Policy], id=1473]], FeedbackDTO[id=1009, text=null, detailText=null, hasLongFeedbackText=false, reference=null, credits=3.230769230769231, positive=true, type=AUTOMATIC, visibility=ALWAYS, testCase=TestCaseDTO[testName=testAttributes[Context], id=1469]], FeedbackDTO[id=1010, text=null, detailText=null, hasLongFeedbackText=false, reference=null, credits=3.230769230769231, positive=true, type=AUTOMATIC, visibility=ALWAYS, testCase=TestCaseDTO[testName=testAttributes[Policy], id=1470]]], assessmentType=AUTOMATIC, hasComplaint=null, exampleResult=null, testCaseCount=13, passedTestCaseCount=13, codeIssueCount=0]], BuildJobQueueItem[id=20301739576752239, name=SHORT716C2EC10B19B049C80A2F00B97EAB20B2A9TSTEXC-BASE, buildAgent=BuildAgentDTO[name=artemis-build-agent-test, memberAddress=[127.0.0.1]:5703, displayName=artemis-build-agent-test], participationId=2030, courseId=993, exerciseId=2610, retryCount=0, priority=2, status=SUCCESSFUL, repositoryInfo=RepositoryInfo[repositoryName=short716c2ec10b19b049c80a2f00b97eab20b2a9tstexc-exercise, repositoryType=exercise, triggeredByPushTo=tests, assignmentRepositoryUri=http://localhost:49152/git/SHORT716C2EC10B19B049C80A2F00B97EAB20B2A9TSTEXC/short716c2ec10b19b049c80a2f00b97eab20b2a9tstexc-exercise.git, testRepositoryUri=http://localhost:49152/git/SHORT716C2EC10B19B049C80A2F00B97EAB20B2A9TSTEXC/short716c2ec10b19b049c80a2f00b97eab20b2a9tstexc-tests.git, solutionRepositoryUri=null, auxiliaryRepositoryUris=[Ljava.lang.String;@54249d90, auxiliaryRepositoryCheckoutDirectories=[Ljava.lang.String;@5e8736ac], jobTimingInfo=JobTimingInfo[submissionDate=2025-02-14T23:45:52.239402475Z[Etc/UTC], buildStartDate=2025-02-14T23:45:52.258713639Z[Etc/UTC], buildCompletionDate=2025-02-14T23:45:53.238773956Z[Etc/UTC], estimatedCompletionDate=2025-02-14T23:45:53.258707428Z[Etc/UTC], estimatedDuration=1], buildConfig=BuildConfig[buildScript=#!/bin/bash
cd /var/tmp/testing-dir
chmod +x ./gradlew
./gradlew clean test
, dockerImage=dummy-docker-image:latest, commitHashToBuild=1e531733ed6e9237f710b528d1eb0b7beac565fd, assignmentCommitHash=815e279f12ad296b4f24c44134a07293c04c010f, testCommitHash=1e531733ed6e9237f710b528d1eb0b7beac565fd, branch=main, programmingLanguage=JAVA, projectType=PLAIN_GRADLE, scaEnabled=false, sequentialTestRunsEnabled=false, resultPaths=[/var/tmp/testing-dir/**/test-results/test/*.xml], timeoutSeconds=0, assignmentCheckoutPath=null, testCheckoutPath=null, solutionCheckoutPath=null, dockerRunConfig=null], submissionResult=null]], publicSshKey=ssh-rsa AAAAB3NzaC1yc2EAAAADAQABAAACAQCOPdMsxRE2jFJ/UEa5/LsBxtwzJcrh3/rYBCQvcMeVpiRfhzQPWu7mrt/G2Ew+i+vRloGH9aqKg6dd1liRncao53Zmd/ePxoatXePNhmzTfkCkcSkTUz7B+QMjkoDDV5jwuFPD6mF3JkhuzSi64n9Zy905t4w2IhVcjM2mL3eYNjiCXt6Qpq3Pkt7dM/Ksw1nxnvuiIALuJLB3FTkXkHqq3PJav+9HSq2r6ZaWgekneaGxlQlb+U+Vy3XOuArKAzK8c8i+0bR+AHiTG6ncYXt7ax3U+TdlDTF7OLP3umwaYjs1NBXOHwG42pevvpKn2fqavZZozk+M05jXLx3bq0O7itxfErWc7etky8qYPyyIMF/txQIVLd78+Ze4d7Y60t5MGbXM5cGE6fFif5fEJwgswXD+BrG0cafz1CTatjSKFdvp8Vp4VszXhHDan1PrP6JEFJ5Cc5GDmLRZPCFa3vL9f5qXgf4bkqKN8MYeEujwJE5nMRWoiJVNakix2bcrrneQMBlnYeYZVWXXXUusAQBzl4NgddC1umZpihZkL1b1MffZAUW3EGEXi7KHnllQhkTLLsQ8ntMgbylqaJKStqaXlLvdeRJcEnUuiFCrHEVVbXRFZR7XVDZ02CE5o3MuaRPty8Kh+jRTF3COlAckHwYEJCNNJvXFgb2CNXL4mjzYDw== test@localhost]
    23:45:53.310 | 566 localvc.event-13 | DEBUG | s.l.LocalCIWebsocketMessagingService : Sending message on topic /topic/admin/build-agents: [BuildAgentInformation[buildAgent=BuildAgentDTO[name=artemis-build-agent-test, memberAddress=[127.0.0.1]:5703, displayName=artemis-build-agent-test], maxNumberOfConcurrentBuildJobs=1, numberOfCurrentBuildJobs=0, runningBuildJobs=[], status=IDLE, recentBuildJobs=null, publicSshKey=null]]
    23:45:53.310 | 588 artemis-task-1   | DEBUG | d.t.c.a.a.c.c.w.GzipMessageConverter : Compressed message payload from 255 to 232 (saved 9.0% payload size)
    23:45:53.310 | 566 localvc.event-13 | DEBUG | s.l.LocalCIWebsocketMessagingService : Sending message on topic /topic/admin/build-agent/artemis-build-agent-test: BuildAgentInformation[buildAgent=BuildAgentDTO[name=artemis-build-agent-test, memberAddress=[127.0.0.1]:5703, displayName=artemis-build-agent-test], maxNumberOfConcurrentBuildJobs=1, numberOfCurrentBuildJobs=0, runningBuildJobs=[], status=IDLE, recentBuildJobs=[BuildJobQueueItem[id=19141739576708030, name=SHORT5F02A8F400311042E70858306EB148073CFDTSTEXC-LOCALVCINTSTUDENT1, buildAgent=BuildAgentDTO[name=artemis-build-agent-test, memberAddress=[127.0.0.1]:5703, displayName=artemis-build-agent-test], participationId=1914, courseId=947, exerciseId=2564, retryCount=0, priority=2, status=FAILED, repositoryInfo=RepositoryInfo[repositoryName=short5f02a8f400311042e70858306eb148073cfdtstexc-localvcintstudent1, repositoryType=user, triggeredByPushTo=user, assignmentRepositoryUri=http://localhost:49152/git/SHORT5F02A8F400311042E70858306EB148073CFDTSTEXC/short5f02a8f400311042e70858306eb148073cfdtstexc-localvcintstudent1.git, testRepositoryUri=http://localhost:49152/git/SHORT5F02A8F400311042E70858306EB148073CFDTSTEXC/short5f02a8f400311042e70858306eb148073cfdtstexc-tests.git, solutionRepositoryUri=null, auxiliaryRepositoryUris=[Ljava.lang.String;@43cea1ff, auxiliaryRepositoryCheckoutDirectories=[Ljava.lang.String;@241bcd7c], jobTimingInfo=JobTimingInfo[submissionDate=2025-02-14T23:45:08.030118216Z[Etc/UTC], buildStartDate=2025-02-14T23:45:08.041011412Z[Etc/UTC], buildCompletionDate=2025-02-14T23:45:08.054603331Z[Etc/UTC], estimatedCompletionDate=2025-02-14T23:45:27.041005080Z[Etc/UTC], estimatedDuration=19], buildConfig=BuildConfig[buildScript=#!/bin/bash
cd /var/tmp/testing-dir
chmod +x ./gradlew
./gradlew clean test
, dockerImage=dummy-docker-image:latest, commitHashToBuild=6e7146cac5059504aa9d170ec3fa23aec740bb51, assignmentCommitHash=6e7146cac5059504aa9d170ec3fa23aec740bb51, testCommitHash=931e5303581c7a2f01339ba603cfafbfe668b901, branch=main, programmingLanguage=JAVA, projectType=PLAIN_GRADLE, scaEnabled=false, sequentialTestRunsEnabled=false, resultPaths=[/var/tmp/testing-dir/**/test-results/test/*.xml], timeoutSeconds=0, assignmentCheckoutPath=null, testCheckoutPath=null, solutionCheckoutPath=null, dockerRunConfig=null], submissionResult=ResultDTO[id=622, completionDate=2025-02-14T23:45:08.054683681Z[Etc/UTC], successful=false, score=0.0, rated=true, submission=SubmissionDTO[id=814, submitted=true, type=MANUAL, exampleSubmission=null, submissionDate=2025-02-14T23:45:08.016200Z, commitHash=6e7146cac5059504aa9d170ec3fa23aec740bb51, buildFailed=true, buildArtifact=false, participation=ParticipationDTO[id=1914, testRun=false, type=programming, submissionCount=null, exercise=ParticipationExerciseDTO[id=2564, exerciseType=PROGRAMMING, type=programming, assessmentType=AUTOMATIC, dueDate=2025-02-16T23:45:07.324348Z, assessmentDueDate=null, maxPoints=42.0, course=CourseDTO[id=947, accuracyOfScores=1]]], submissionExerciseType=programming, isProcessing=false, buildStartDate=null, estimatedCompletionDate=null], participation=ParticipationDTO[id=1914, testRun=false, type=programming, submissionCount=null, exercise=ParticipationExerciseDTO[id=2564, exerciseType=PROGRAMMING, type=programming, assessmentType=AUTOMATIC, dueDate=2025-02-16T23:45:07.324348Z, assessmentDueDate=null, maxPoints=42.0, course=CourseDTO[id=947, accuracyOfScores=1]]], feedbacks=[], assessmentType=AUTOMATIC, hasComplaint=null, exampleResult=null, testCaseCount=0, passedTestCaseCount=0, codeIssueCount=0]], BuildJobQueueItem[id=19361739576711303, name=SHORT9AFDAE3804CA304DDF0889A0CB0F56104A86TSTEXC-LOCALVCINTSTUDENT1, buildAgent=BuildAgentDTO[name=artemis-build-agent-test, memberAddress=[127.0.0.1]:5703, displayName=artemis-build-agent-test], participationId=1936, courseId=956, exerciseId=2573, retryCount=0, priority=2, status=FAILED, repositoryInfo=RepositoryInfo[repositoryName=short9afdae3804ca304ddf0889a0cb0f56104a86tstexc-localvcintstudent1, repositoryType=user, triggeredByPushTo=user, assignmentRepositoryUri=http://localhost:49152/git/SHORT9AFDAE3804CA304DDF0889A0CB0F56104A86TSTEXC/short9afdae3804ca304ddf0889a0cb0f56104a86tstexc-localvcintstudent1.git, testRepositoryUri=http://localhost:49152/git/SHORT9AFDAE3804CA304DDF0889A0CB0F56104A86TSTEXC/short9afdae3804ca304ddf0889a0cb0f56104a86tstexc-tests.git, solutionRepositoryUri=null, auxiliaryRepositoryUris=[Ljava.lang.String;@61bf8d70, auxiliaryRepositoryCheckoutDirectories=[Ljava.lang.String;@61d9e5c9], jobTimingInfo=JobTimingInfo[submissionDate=2025-02-14T23:45:11.303805653Z[Etc/UTC], buildStartDate=2025-02-14T23:45:11.310981356Z[Etc/UTC], buildCompletionDate=2025-02-14T23:45:11.319178384Z[Etc/UTC], estimatedCompletionDate=2025-02-14T23:45:30.310974944Z[Etc/UTC], estimatedDuration=19], buildConfig=BuildConfig[buildScript=#!/bin/bash
cd /var/tmp/testing-dir
chmod +x ./gradlew
./gradlew clean test
, dockerImage=dummy-docker-image:latest, commitHashToBuild=a1099e378cffde441ef85f9b12577ca174b8e1e4, assignmentCommitHash=a1099e378cffde441ef85f9b12577ca174b8e1e4, testCommitHash=bd38d61c299ab11a1dea82a3ca5493fe04d97d47, branch=main, programmingLanguage=JAVA, projectType=PLAIN_GRADLE, scaEnabled=false, sequentialTestRunsEnabled=false, resultPaths=[/var/tmp/testing-dir/**/test-results/test/*.xml], timeoutSeconds=0, assignmentCheckoutPath=null, testCheckoutPath=null, solutionCheckoutPath=null, dockerRunConfig=null], submissionResult=ResultDTO[id=623, completionDate=2025-02-14T23:45:11.319278430Z[Etc/UTC], successful=false, score=0.0, rated=true, submission=SubmissionDTO[id=815, submitted=true, type=MANUAL, exampleSubmission=null, submissionDate=2025-02-14T23:45:11.294386Z, commitHash=a1099e378cffde441ef85f9b12577ca174b8e1e4, buildFailed=true, buildArtifact=false, participation=ParticipationDTO[id=1936, testRun=false, type=programming, submissionCount=null, exercise=ParticipationExerciseDTO[id=2573, exerciseType=PROGRAMMING, type=programming, assessmentType=AUTOMATIC, dueDate=2025-02-16T23:45:10.996982Z, assessmentDueDate=null, maxPoints=42.0, course=CourseDTO[id=956, accuracyOfScores=1]]], submissionExerciseType=programming, isProcessing=false, buildStartDate=null, estimatedCompletionDate=null], participation=ParticipationDTO[id=1936, testRun=false, type=programming, submissionCount=null, exercise=ParticipationExerciseDTO[id=2573, exerciseType=PROGRAMMING, type=programming, assessmentType=AUTOMATIC, dueDate=2025-02-16T23:45:10.996982Z, assessmentDueDate=null, maxPoints=42.0, course=CourseDTO[id=956, accuracyOfScores=1]]], feedbacks=[], assessmentType=AUTOMATIC, hasComplaint=null, exampleResult=null, testCaseCount=0, passedTestCaseCount=0, codeIssueCount=0]], BuildJobQueueItem[id=19351739576711674, name=SHORT9AFDAE3804CA304DDF0889A0CB0F56104A86TSTEXC-BASE, buildAgent=BuildAgentDTO[name=artemis-build-agent-test, memberAddress=[127.0.0.1]:5703, displayName=artemis-build-agent-test], participationId=1935, courseId=956, exerciseId=2573, retryCount=0, priority=2, status=FAILED, repositoryInfo=RepositoryInfo[repositoryName=short9afdae3804ca304ddf0889a0cb0f56104a86tstexc-exercise, repositoryType=exercise, triggeredByPushTo=exercise, assignmentRepositoryUri=http://localhost:49152/git/SHORT9AFDAE3804CA304DDF0889A0CB0F56104A86TSTEXC/short9afdae3804ca304ddf0889a0cb0f56104a86tstexc-exercise.git, testRepositoryUri=http://localhost:49152/git/SHORT9AFDAE3804CA304DDF0889A0CB0F56104A86TSTEXC/short9afdae3804ca304ddf0889a0cb0f56104a86tstexc-tests.git, solutionRepositoryUri=null, auxiliaryRepositoryUris=[Ljava.lang.String;@572e7154, auxiliaryRepositoryCheckoutDirectories=[Ljava.lang.String;@2d2426e0], jobTimingInfo=JobTimingInfo[submissionDate=2025-02-14T23:45:11.674556681Z[Etc/UTC], buildStartDate=2025-02-14T23:45:11.677776879Z[Etc/UTC], buildCompletionDate=2025-02-14T23:45:11.688097378Z[Etc/UTC], estimatedCompletionDate=2025-02-14T23:45:30.677771620Z[Etc/UTC], estimatedDuration=19], buildConfig=BuildConfig[buildScript=#!/bin/bash
cd /var/tmp/testing-dir
chmod +x ./gradlew
./gradlew clean test
, dockerImage=dummy-docker-image:latest, commitHashToBuild=a1099e378cffde441ef85f9b12577ca174b8e1e4, assignmentCommitHash=a1099e378cffde441ef85f9b12577ca174b8e1e4, testCommitHash=bd38d61c299ab11a1dea82a3ca5493fe04d97d47, branch=main, programmingLanguage=JAVA, projectType=PLAIN_GRADLE, scaEnabled=false, sequentialTestRunsEnabled=false, resultPaths=[/var/tmp/testing-dir/**/test-results/test/*.xml], timeoutSeconds=0, assignmentCheckoutPath=null, testCheckoutPath=null, solutionCheckoutPath=null, dockerRunConfig=null], submissionResult=ResultDTO[id=624, completionDate=2025-02-14T23:45:11.688214837Z[Etc/UTC], successful=false, score=0.0, rated=true, submission=SubmissionDTO[id=816, submitted=true, type=MANUAL, exampleSubmission=null, submissionDate=2025-02-14T23:45:11.656934Z, commitHash=a1099e378cffde441ef85f9b12577ca174b8e1e4, buildFailed=true, buildArtifact=false, participation=ParticipationDTO[id=1935, testRun=false, type=template, submissionCount=null, exercise=ParticipationExerciseDTO[id=2573, exerciseType=PROGRAMMING, type=programming, assessmentType=AUTOMATIC, dueDate=2025-02-16T23:45:10.996982Z, assessmentDueDate=null, maxPoints=42.0, course=CourseDTO[id=956, accuracyOfScores=1]]], submissionExerciseType=programming, isProcessing=false, buildStartDate=null, estimatedCompletionDate=null], participation=ParticipationDTO[id=1935, testRun=false, type=template, submissionCount=null, exercise=ParticipationExerciseDTO[id=2573, exerciseType=PROGRAMMING, type=programming, assessmentType=AUTOMATIC, dueDate=2025-02-16T23:45:10.996982Z, assessmentDueDate=null, maxPoints=42.0, course=CourseDTO[id=956, accuracyOfScores=1]]], feedbacks=[], assessmentType=AUTOMATIC, hasComplaint=null, exampleResult=null, testCaseCount=0, passedTestCaseCount=0, codeIssueCount=0]], BuildJobQueueItem[id=19341739576712112, name=SHORT9AFDAE3804CA304DDF0889A0CB0F56104A86TSTEXC-SOLUTION, buildAgent=BuildAgentDTO[name=artemis-build-agent-test, memberAddress=[127.0.0.1]:5703, displayName=artemis-build-agent-test], participationId=1934, courseId=956, exerciseId=2573, retryCount=0, priority=2, status=FAILED, repositoryInfo=RepositoryInfo[repositoryName=short9afdae3804ca304ddf0889a0cb0f56104a86tstexc-solution, repositoryType=solution, triggeredByPushTo=solution, assignmentRepositoryUri=http://localhost:49152/git/SHORT9AFDAE3804CA304DDF0889A0CB0F56104A86TSTEXC/short9afdae3804ca304ddf0889a0cb0f56104a86tstexc-solution.git, testRepositoryUri=http://localhost:49152/git/SHORT9AFDAE3804CA304DDF0889A0CB0F56104A86TSTEXC/short9afdae3804ca304ddf0889a0cb0f56104a86tstexc-tests.git, solutionRepositoryUri=null, auxiliaryRepositoryUris=[Ljava.lang.String;@30edfa39, auxiliaryRepositoryCheckoutDirectories=[Ljava.lang.String;@1eb4a640], jobTimingInfo=JobTimingInfo[submissionDate=2025-02-14T23:45:12.112332872Z[Etc/UTC], buildStartDate=2025-02-14T23:45:12.121617114Z[Etc/UTC], buildCompletionDate=2025-02-14T23:45:12.127931701Z[Etc/UTC], estimatedCompletionDate=2025-02-14T23:45:31.121609600Z[Etc/UTC], estimatedDuration=19], buildConfig=BuildConfig[buildScript=#!/bin/bash
cd /var/tmp/testing-dir
chmod +x ./gradlew
./gradlew clean test
, dockerImage=dummy-docker-image:latest, commitHashToBuild=a1099e378cffde441ef85f9b12577ca174b8e1e4, assignmentCommitHash=a1099e378cffde441ef85f9b12577ca174b8e1e4, testCommitHash=bd38d61c299ab11a1dea82a3ca5493fe04d97d47, branch=main, programmingLanguage=JAVA, projectType=PLAIN_GRADLE, scaEnabled=false, sequentialTestRunsEnabled=false, resultPaths=[/var/tmp/testing-dir/**/test-results/test/*.xml], timeoutSeconds=0, assignmentCheckoutPath=null, testCheckoutPath=null, solutionCheckoutPath=null, dockerRunConfig=null], submissionResult=ResultDTO[id=625, completionDate=2025-02-14T23:45:12.128011800Z[Etc/UTC], successful=false, score=0.0, rated=true, submission=SubmissionDTO[id=817, submitted=true, type=MANUAL, exampleSubmission=null, submissionDate=2025-02-14T23:45:12.098737Z, commitHash=a1099e378cffde441ef85f9b12577ca174b8e1e4, buildFailed=true, buildArtifact=false, participation=ParticipationDTO[id=1934, testRun=false, type=solution, submissionCount=null, exercise=ParticipationExerciseDTO[id=2573, exerciseType=PROGRAMMING, type=programming, assessmentType=AUTOMATIC, dueDate=2025-02-16T23:45:10.996982Z, assessmentDueDate=null, maxPoints=42.0, course=CourseDTO[id=956, accuracyOfScores=1]]], submissionExerciseType=programming, isProcessing=false, buildStartDate=null, estimatedCompletionDate=null], participation=ParticipationDTO[id=1934, testRun=false, type=solution, submissionCount=null, exercise=ParticipationExerciseDTO[id=2573, exerciseType=PROGRAMMING, type=programming, assessmentType=AUTOMATIC, dueDate=2025-02-16T23:45:10.996982Z, assessmentDueDate=null, maxPoints=42.0, course=CourseDTO[id=956, accuracyOfScores=1]]], feedbacks=[], assessmentType=AUTOMATIC, hasComplaint=null, exampleResult=null, testCaseCount=0, passedTestCaseCount=0, codeIssueCount=0]], BuildJobQueueItem[id=19341739576713025, name=SHORT9AFDAE3804CA304DDF0889A0CB0F56104A86TSTEXC-SOLUTION, buildAgent=BuildAgentDTO[name=artemis-build-agent-test, memberAddress=[127.0.0.1]:5703, displayName=artemis-build-agent-test], participationId=1934, courseId=956, exerciseId=2573, retryCount=0, priority=2, status=FAILED, repositoryInfo=RepositoryInfo[repositoryName=short9afdae3804ca304ddf0889a0cb0f56104a86tstexc-solution, repositoryType=solution, triggeredByPushTo=tests, assignmentRepositoryUri=http://localhost:49152/git/SHORT9AFDAE3804CA304DDF0889A0CB0F56104A86TSTEXC/short9afdae3804ca304ddf0889a0cb0f56104a86tstexc-solution.git, testRepositoryUri=http://localhost:49152/git/SHORT9AFDAE3804CA304DDF0889A0CB0F56104A86TSTEXC/short9afdae3804ca304ddf0889a0cb0f56104a86tstexc-tests.git, solutionRepositoryUri=null, auxiliaryRepositoryUris=[Ljava.lang.String;@3a34c013, auxiliaryRepositoryCheckoutDirectories=[Ljava.lang.String;@362be293], jobTimingInfo=JobTimingInfo[submissionDate=2025-02-14T23:45:13.025319671Z[Etc/UTC], buildStartDate=2025-02-14T23:45:13.040293146Z[Etc/UTC], buildCompletionDate=2025-02-14T23:45:13.053032917Z[Etc/UTC], estimatedCompletionDate=2025-02-14T23:45:32.040285703Z[Etc/UTC], estimatedDuration=19], buildConfig=BuildConfig[buildScript=#!/bin/bash
cd /var/tmp/testing-dir
chmod +x ./gradlew
./gradlew clean test
, dockerImage=dummy-docker-image:latest, commitHashToBuild=784f8f0049d2a1a54f21c67dd772bea86715267a, assignmentCommitHash=a1099e378cffde441ef85f9b12577ca174b8e1e4, testCommitHash=784f8f0049d2a1a54f21c67dd772bea86715267a, branch=main, programmingLanguage=JAVA, projectType=PLAIN_GRADLE, scaEnabled=false, sequentialTestRunsEnabled=false, resultPaths=[/var/tmp/testing-dir/**/test-results/test/*.xml], timeoutSeconds=0, assignmentCheckoutPath=null, testCheckoutPath=null, solutionCheckoutPath=null, dockerRunConfig=null], submissionResult=ResultDTO[id=626, completionDate=2025-02-14T23:45:13.053131811Z[Etc/UTC], successful=false, score=0.0, rated=true, submission=SubmissionDTO[id=818, submitted=true, type=TEST, exampleSubmission=null, submissionDate=2025-02-14T23:45:13.005779Z, commitHash=784f8f0049d2a1a54f21c67dd772bea86715267a, buildFailed=true, buildArtifact=false, participation=ParticipationDTO[id=1934, testRun=false, type=solution, submissionCount=null, exercise=ParticipationExerciseDTO[id=2573, exerciseType=PROGRAMMING, type=programming, assessmentType=AUTOMATIC, dueDate=2025-02-16T23:45:10.996982Z, assessmentDueDate=null, maxPoints=42.0, course=CourseDTO[id=956, accuracyOfScores=1]]], submissionExerciseType=programming, isProcessing=false, buildStartDate=null, estimatedCompletionDate=null], participation=ParticipationDTO[id=1934, testRun=false, type=solution, submissionCount=null, exercise=ParticipationExerciseDTO[id=2573, exerciseType=PROGRAMMING, type=programming, assessmentType=AUTOMATIC, dueDate=2025-02-16T23:45:10.996982Z, assessmentDueDate=null, maxPoints=42.0, course=CourseDTO[id=956, accuracyOfScores=1]]], feedbacks=[], assessmentType=AUTOMATIC, hasComplaint=null, exampleResult=null, testCaseCount=0, passedTestCaseCount=0, codeIssueCount=0]], BuildJobQueueItem[id=19581739576715555, name=SHORTC1A3F9FC03D2304B4308FA20AF16D54AAA49TSTEXC-LOCALVCSSHINTSTUDENT1, buildAgent=BuildAgentDTO[name=artemis-build-agent-test, memberAddress=[127.0.0.1]:5703, displayName=artemis-build-agent-test], participationId=1958, courseId=965, exerciseId=2582, retryCount=0, priority=2, status=FAILED, repositoryInfo=RepositoryInfo[repositoryName=shortc1a3f9fc03d2304b4308fa20af16d54aaa49tstexc-localvcsshintstudent1, repositoryType=user, triggeredByPushTo=user, assignmentRepositoryUri=http://localhost:49152/git/SHORTC1A3F9FC03D2304B4308FA20AF16D54AAA49TSTEXC/shortc1a3f9fc03d2304b4308fa20af16d54aaa49tstexc-localvcsshintstudent1.git, testRepositoryUri=http://localhost:49152/git/SHORTC1A3F9FC03D2304B4308FA20AF16D54AAA49TSTEXC/shortc1a3f9fc03d2304b4308fa20af16d54aaa49tstexc-tests.git, solutionRepositoryUri=null, auxiliaryRepositoryUris=[Ljava.lang.String;@6948fa5d, auxiliaryRepositoryCheckoutDirectories=[Ljava.lang.String;@52f5c792], jobTimingInfo=JobTimingInfo[submissionDate=2025-02-14T23:45:15.555989584Z[Etc/UTC], buildStartDate=2025-02-14T23:45:15.568477627Z[Etc/UTC], buildCompletionDate=2025-02-14T23:45:15.579021148Z[Etc/UTC], estimatedCompletionDate=2025-02-14T23:45:34.568443924Z[Etc/UTC], estimatedDuration=19], buildConfig=BuildConfig[buildScript=#!/bin/bash
cd /var/tmp/testing-dir
chmod +x ./gradlew
./gradlew clean test
, dockerImage=dummy-docker-image:latest, commitHashToBuild=ca76dac20e040e6609db02fd7fedd56bf58829d7, assignmentCommitHash=ca76dac20e040e6609db02fd7fedd56bf58829d7, testCommitHash=bd0d58c226dc63bfa4bc9052870589952c0a1f83, branch=main, programmingLanguage=JAVA, projectType=PLAIN_GRADLE, scaEnabled=false, sequentialTestRunsEnabled=false, resultPaths=[/var/tmp/testing-dir/**/test-results/test/*.xml], timeoutSeconds=0, assignmentCheckoutPath=null, testCheckoutPath=null, solutionCheckoutPath=null, dockerRunConfig=null], submissionResult=ResultDTO[id=627, completionDate=2025-02-14T23:45:15.579119131Z[Etc/UTC], successful=false, score=0.0, rated=true, submission=SubmissionDTO[id=820, submitted=true, type=MANUAL, exampleSubmission=null, submissionDate=2025-02-14T23:45:15.548349Z, commitHash=ca76dac20e040e6609db02fd7fedd56bf58829d7, buildFailed=true, buildArtifact=false, participation=ParticipationDTO[id=1958, testRun=false, type=programming, submissionCount=null, exercise=ParticipationExerciseDTO[id=2582, exerciseType=PROGRAMMING, type=programming, assessmentType=AUTOMATIC, dueDate=2025-02-16T23:45:15.103512Z, assessmentDueDate=null, maxPoints=42.0, course=CourseDTO[id=965, accuracyOfScores=1]]], submissionExerciseType=programming, isProcessing=false, buildStartDate=null, estimatedCompletionDate=null], participation=ParticipationDTO[id=1958, testRun=false, type=programming, submissionCount=null, exercise=ParticipationExerciseDTO[id=2582, exerciseType=PROGRAMMING, type=programming, assessmentType=AUTOMATIC, dueDate=2025-02-16T23:45:15.103512Z, assessmentDueDate=null, maxPoints=42.0, course=CourseDTO[id=965, accuracyOfScores=1]]], feedbacks=[], assessmentType=AUTOMATIC, hasComplaint=null, exampleResult=null, testCaseCount=0, passedTestCaseCount=0, codeIssueCount=0]], BuildJobQueueItem[id=19801739576719393, name=SHORTB2A6C58B0D447045380A858075B170A5B7C6TSTEXC-LOCALVCSSHINTSTUDENT1, buildAgent=BuildAgentDTO[name=artemis-build-agent-test, memberAddress=[127.0.0.1]:5703, displayName=artemis-build-agent-test], participationId=1980, courseId=974, exerciseId=2591, retryCount=0, priority=2, status=FAILED, repositoryInfo=RepositoryInfo[repositoryName=shortb2a6c58b0d447045380a858075b170a5b7c6tstexc-localvcsshintstudent1, repositoryType=user, triggeredByPushTo=user, assignmentRepositoryUri=http://localhost:49152/git/SHORTB2A6C58B0D447045380A858075B170A5B7C6TSTEXC/shortb2a6c58b0d447045380a858075b170a5b7c6tstexc-localvcsshintstudent1.git, testRepositoryUri=http://localhost:49152/git/SHORTB2A6C58B0D447045380A858075B170A5B7C6TSTEXC/shortb2a6c58b0d447045380a858075b170a5b7c6tstexc-tests.git, solutionRepositoryUri=null, auxiliaryRepositoryUris=[Ljava.lang.String;@4eddb187, auxiliaryRepositoryCheckoutDirectories=[Ljava.lang.String;@270bedb5], jobTimingInfo=JobTimingInfo[submissionDate=2025-02-14T23:45:19.393259829Z[Etc/UTC], buildStartDate=2025-02-14T23:45:19.405438171Z[Etc/UTC], buildCompletionDate=2025-02-14T23:45:19.414070673Z[Etc/UTC], estimatedCompletionDate=2025-02-14T23:45:38.405431569Z[Etc/UTC], estimatedDuration=19], buildConfig=BuildConfig[buildScript=#!/bin/bash
cd /var/tmp/testing-dir
chmod +x ./gradlew
./gradlew clean test
, dockerImage=dummy-docker-image:latest, commitHashToBuild=363cdbf709a9fff149f813ab848ee800a675cc77, assignmentCommitHash=363cdbf709a9fff149f813ab848ee800a675cc77, testCommitHash=a5e046ece417b2e538f21f816e2524dab61e0d10, branch=main, programmingLanguage=JAVA, projectType=PLAIN_GRADLE, scaEnabled=false, sequentialTestRunsEnabled=false, resultPaths=[/var/tmp/testing-dir/**/test-results/test/*.xml], timeoutSeconds=0, assignmentCheckoutPath=null, testCheckoutPath=null, solutionCheckoutPath=null, dockerRunConfig=null], submissionResult=ResultDTO[id=628, completionDate=2025-02-14T23:45:19.414171040Z[Etc/UTC], successful=false, score=0.0, rated=true, submission=SubmissionDTO[id=821, submitted=true, type=MANUAL, exampleSubmission=null, submissionDate=2025-02-14T23:45:19.376840Z, commitHash=363cdbf709a9fff149f813ab848ee800a675cc77, buildFailed=true, buildArtifact=false, participation=ParticipationDTO[id=1980, testRun=false, type=programming, submissionCount=null, exercise=ParticipationExerciseDTO[id=2591, exerciseType=PROGRAMMING, type=programming, assessmentType=AUTOMATIC, dueDate=2025-02-16T23:45:18.950569Z, assessmentDueDate=null, maxPoints=42.0, course=CourseDTO[id=974, accuracyOfScores=1]]], submissionExerciseType=programming, isProcessing=false, buildStartDate=null, estimatedCompletionDate=null], participation=ParticipationDTO[id=1980, testRun=false, type=programming, submissionCount=null, exercise=ParticipationExerciseDTO[id=2591, exerciseType=PROGRAMMING, type=programming, assessmentType=AUTOMATIC, dueDate=2025-02-16T23:45:18.950569Z, assessmentDueDate=null, maxPoints=42.0, course=CourseDTO[id=974, accuracyOfScores=1]]], feedbacks=[], assessmentType=AUTOMATIC, hasComplaint=null, exampleResult=null, testCaseCount=0, passedTestCaseCount=0, codeIssueCount=0]], BuildJobQueueItem[id=19791739576719787, name=SHORTB2A6C58B0D447045380A858075B170A5B7C6TSTEXC-BASE, buildAgent=BuildAgentDTO[name=artemis-build-agent-test, memberAddress=[127.0.0.1]:5703, displayName=artemis-build-agent-test], participationId=1979, courseId=974, exerciseId=2591, retryCount=0, priority=2, status=FAILED, repositoryInfo=RepositoryInfo[repositoryName=shortb2a6c58b0d447045380a858075b170a5b7c6tstexc-exercise, repositoryType=exercise, triggeredByPushTo=exercise, assignmentRepositoryUri=http://localhost:49152/git/SHORTB2A6C58B0D447045380A858075B170A5B7C6TSTEXC/shortb2a6c58b0d447045380a858075b170a5b7c6tstexc-exercise.git, testRepositoryUri=http://localhost:49152/git/SHORTB2A6C58B0D447045380A858075B170A5B7C6TSTEXC/shortb2a6c58b0d447045380a858075b170a5b7c6tstexc-tests.git, solutionRepositoryUri=null, auxiliaryRepositoryUris=[Ljava.lang.String;@93f611b, auxiliaryRepositoryCheckoutDirectories=[Ljava.lang.String;@758aeef9], jobTimingInfo=JobTimingInfo[submissionDate=2025-02-14T23:45:19.787985058Z[Etc/UTC], buildStartDate=2025-02-14T23:45:19.796327417Z[Etc/UTC], buildCompletionDate=2025-02-14T23:45:19.799750982Z[Etc/UTC], estimatedCompletionDate=2025-02-14T23:45:38.796319082Z[Etc/UTC], estimatedDuration=19], buildConfig=BuildConfig[buildScript=#!/bin/bash
cd /var/tmp/testing-dir
chmod +x ./gradlew
./gradlew clean test
, dockerImage=dummy-docker-image:latest, commitHashToBuild=363cdbf709a9fff149f813ab848ee800a675cc77, assignmentCommitHash=363cdbf709a9fff149f813ab848ee800a675cc77, testCommitHash=a5e046ece417b2e538f21f816e2524dab61e0d10, branch=main, programmingLanguage=JAVA, projectType=PLAIN_GRADLE, scaEnabled=false, sequentialTestRunsEnabled=false, resultPaths=[/var/tmp/testing-dir/**/test-results/test/*.xml], timeoutSeconds=0, assignmentCheckoutPath=null, testCheckoutPath=null, solutionCheckoutPath=null, dockerRunConfig=null], submissionResult=ResultDTO[id=629, completionDate=2025-02-14T23:45:19.799820341Z[Etc/UTC], successful=false, score=0.0, rated=true, submission=SubmissionDTO[id=822, submitted=true, type=MANUAL, exampleSubmission=null, submissionDate=2025-02-14T23:45:19.775952Z, commitHash=363cdbf709a9fff149f813ab848ee800a675cc77, buildFailed=true, buildArtifact=false, participation=ParticipationDTO[id=1979, testRun=false, type=template, submissionCount=null, exercise=ParticipationExerciseDTO[id=2591, exerciseType=PROGRAMMING, type=programming, assessmentType=AUTOMATIC, dueDate=2025-02-16T23:45:18.950569Z, assessmentDueDate=null, maxPoints=42.0, course=CourseDTO[id=974, accuracyOfScores=1]]], submissionExerciseType=programming, isProcessing=false, buildStartDate=null, estimatedCompletionDate=null], participation=ParticipationDTO[id=1979, testRun=false, type=template, submissionCount=null, exercise=ParticipationExerciseDTO[id=2591, exerciseType=PROGRAMMING, type=programming, assessmentType=AUTOMATIC, dueDate=2025-02-16T23:45:18.950569Z, assessmentDueDate=null, maxPoints=42.0, course=CourseDTO[id=974, accuracyOfScores=1]]], feedbacks=[], assessmentType=AUTOMATIC, hasComplaint=null, exampleResult=null, testCaseCount=0, passedTestCaseCount=0, codeIssueCount=0]], BuildJobQueueItem[id=19781739576720235, name=SHORTB2A6C58B0D447045380A858075B170A5B7C6TSTEXC-SOLUTION, buildAgent=BuildAgentDTO[name=artemis-build-agent-test, memberAddress=[127.0.0.1]:5703, displayName=artemis-build-agent-test], participationId=1978, courseId=974, exerciseId=2591, retryCount=0, priority=2, status=FAILED, repositoryInfo=RepositoryInfo[repositoryName=shortb2a6c58b0d447045380a858075b170a5b7c6tstexc-solution, repositoryType=solution, triggeredByPushTo=solution, assignmentRepositoryUri=http://localhost:49152/git/SHORTB2A6C58B0D447045380A858075B170A5B7C6TSTEXC/shortb2a6c58b0d447045380a858075b170a5b7c6tstexc-solution.git, testRepositoryUri=http://localhost:49152/git/SHORTB2A6C58B0D447045380A858075B170A5B7C6TSTEXC/shortb2a6c58b0d447045380a858075b170a5b7c6tstexc-tests.git, solutionRepositoryUri=null, auxiliaryRepositoryUris=[Ljava.lang.String;@56f82846, auxiliaryRepositoryCheckoutDirectories=[Ljava.lang.String;@2ee61169], jobTimingInfo=JobTimingInfo[submissionDate=2025-02-14T23:45:20.235272325Z[Etc/UTC], buildStartDate=2025-02-14T23:45:20.243033812Z[Etc/UTC], buildCompletionDate=2025-02-14T23:45:20.250721018Z[Etc/UTC], estimatedCompletionDate=2025-02-14T23:45:39.243026949Z[Etc/UTC], estimatedDuration=19], buildConfig=BuildConfig[buildScript=#!/bin/bash
cd /var/tmp/testing-dir
chmod +x ./gradlew
./gradlew clean test
, dockerImage=dummy-docker-image:latest, commitHashToBuild=c710d0e68c9c7db8cda7d1a278308de2b9642cc0, assignmentCommitHash=c710d0e68c9c7db8cda7d1a278308de2b9642cc0, testCommitHash=a5e046ece417b2e538f21f816e2524dab61e0d10, branch=main, programmingLanguage=JAVA, projectType=PLAIN_GRADLE, scaEnabled=false, sequentialTestRunsEnabled=false, resultPaths=[/var/tmp/testing-dir/**/test-results/test/*.xml], timeoutSeconds=0, assignmentCheckoutPath=null, testCheckoutPath=null, solutionCheckoutPath=null, dockerRunConfig=null], submissionResult=ResultDTO[id=630, completionDate=2025-02-14T23:45:20.250809893Z[Etc/UTC], successful=false, score=0.0, rated=true, submission=SubmissionDTO[id=823, submitted=true, type=MANUAL, exampleSubmission=null, submissionDate=2025-02-14T23:45:20.211707Z, commitHash=c710d0e68c9c7db8cda7d1a278308de2b9642cc0, buildFailed=true, buildArtifact=false, participation=ParticipationDTO[id=1978, testRun=false, type=solution, submissionCount=null, exercise=ParticipationExerciseDTO[id=2591, exerciseType=PROGRAMMING, type=programming, assessmentType=AUTOMATIC, dueDate=2025-02-16T23:45:18.950569Z, assessmentDueDate=null, maxPoints=42.0, course=CourseDTO[id=974, accuracyOfScores=1]]], submissionExerciseType=programming, isProcessing=false, buildStartDate=null, estimatedCompletionDate=null], participation=ParticipationDTO[id=1978, testRun=false, type=solution, submissionCount=null, exercise=ParticipationExerciseDTO[id=2591, exerciseType=PROGRAMMING, type=programming, assessmentType=AUTOMATIC, dueDate=2025-02-16T23:45:18.950569Z, assessmentDueDate=null, maxPoints=42.0, course=CourseDTO[id=974, accuracyOfScores=1]]], feedbacks=[], assessmentType=AUTOMATIC, hasComplaint=null, exampleResult=null, testCaseCount=0, passedTestCaseCount=0, codeIssueCount=0]], BuildJobQueueItem[id=19781739576720802, name=SHORTB2A6C58B0D447045380A858075B170A5B7C6TSTEXC-SOLUTION, buildAgent=BuildAgentDTO[name=artemis-build-agent-test, memberAddress=[127.0.0.1]:5703, displayName=artemis-build-agent-test], participationId=1978, courseId=974, exerciseId=2591, retryCount=0, priority=2, status=FAILED, repositoryInfo=RepositoryInfo[repositoryName=shortb2a6c58b0d447045380a858075b170a5b7c6tstexc-solution, repositoryType=solution, triggeredByPushTo=tests, assignmentRepositoryUri=http://localhost:49152/git/SHORTB2A6C58B0D447045380A858075B170A5B7C6TSTEXC/shortb2a6c58b0d447045380a858075b170a5b7c6tstexc-solution.git, testRepositoryUri=http://localhost:49152/git/SHORTB2A6C58B0D447045380A858075B170A5B7C6TSTEXC/shortb2a6c58b0d447045380a858075b170a5b7c6tstexc-tests.git, solutionRepositoryUri=null, auxiliaryRepositoryUris=[Ljava.lang.String;@5ca38a17, auxiliaryRepositoryCheckoutDirectories=[Ljava.lang.String;@7efc4a5c], jobTimingInfo=JobTimingInfo[submissionDate=2025-02-14T23:45:20.802935026Z[Etc/UTC], buildStartDate=2025-02-14T23:45:20.809306435Z[Etc/UTC], buildCompletionDate=2025-02-14T23:45:20.822452342Z[Etc/UTC], estimatedCompletionDate=2025-02-14T23:45:39.809298491Z[Etc/UTC], estimatedDuration=19], buildConfig=BuildConfig[buildScript=#!/bin/bash
cd /var/tmp/testing-dir
chmod +x ./gradlew
./gradlew clean test
, dockerImage=dummy-docker-image:latest, commitHashToBuild=c710d0e68c9c7db8cda7d1a278308de2b9642cc0, assignmentCommitHash=c710d0e68c9c7db8cda7d1a278308de2b9642cc0, testCommitHash=c710d0e68c9c7db8cda7d1a278308de2b9642cc0, branch=main, programmingLanguage=JAVA, projectType=PLAIN_GRADLE, scaEnabled=false, sequentialTestRunsEnabled=false, resultPaths=[/var/tmp/testing-dir/**/test-results/test/*.xml], timeoutSeconds=0, assignmentCheckoutPath=null, testCheckoutPath=null, solutionCheckoutPath=null, dockerRunConfig=null], submissionResult=ResultDTO[id=631, completionDate=2025-02-14T23:45:20.822527362Z[Etc/UTC], successful=false, score=0.0, rated=true, submission=SubmissionDTO[id=824, submitted=true, type=TEST, exampleSubmission=null, submissionDate=2025-02-14T23:45:20.791240Z, commitHash=c710d0e68c9c7db8cda7d1a278308de2b9642cc0, buildFailed=true, buildArtifact=false, participation=ParticipationDTO[id=1978, testRun=false, type=solution, submissionCount=null, exercise=ParticipationExerciseDTO[id=2591, exerciseType=PROGRAMMING, type=programming, assessmentType=AUTOMATIC, dueDate=2025-02-16T23:45:18.950569Z, assessmentDueDate=null, maxPoints=42.0, course=CourseDTO[id=974, accuracyOfScores=1]]], submissionExerciseType=programming, isProcessing=false, buildStartDate=null, estimatedCompletionDate=null], participation=ParticipationDTO[id=1978, testRun=false, type=solution, submissionCount=null, exercise=ParticipationExerciseDTO[id=2591, exerciseType=PROGRAMMING, type=programming, assessmentType=AUTOMATIC, dueDate=2025-02-16T23:45:18.950569Z, assessmentDueDate=null, maxPoints=42.0, course=CourseDTO[id=974, accuracyOfScores=1]]], feedbacks=[], assessmentType=AUTOMATIC, hasComplaint=null, exampleResult=null, testCaseCount=0, passedTestCaseCount=0, codeIssueCount=0]], BuildJobQueueItem[id=20061739576732554, name=SHORT94A899E303D7504C5D0840704DAAFA3DFF4DTSTEXC-LOCALVCCIINTINSTRUCTOR1, buildAgent=BuildAgentDTO[name=artemis-build-agent-test, memberAddress=[127.0.0.1]:5703, displayName=artemis-build-agent-test], participationId=2006, courseId=984, exerciseId=2601, retryCount=0, priority=2, status=SUCCESSFUL, repositoryInfo=RepositoryInfo[repositoryName=short94a899e303d7504c5d0840704daafa3dff4dtstexc-localvcciintinstructor1, repositoryType=user, triggeredByPushTo=user, assignmentRepositoryUri=http://localhost:49152/git/SHORT94A899E303D7504C5D0840704DAAFA3DFF4DTSTEXC/short94a899e303d7504c5d0840704daafa3dff4dtstexc-localvcciintinstructor1.git, testRepositoryUri=http://localhost:49152/git/SHORT94A899E303D7504C5D0840704DAAFA3DFF4DTSTEXC/short94a899e303d7504c5d0840704daafa3dff4dtstexc-tests.git, solutionRepositoryUri=null, auxiliaryRepositoryUris=[Ljava.lang.String;@6951e7dd, auxiliaryRepositoryCheckoutDirectories=[Ljava.lang.String;@77a2dec7], jobTimingInfo=JobTimingInfo[submissionDate=2025-02-14T23:45:32.554795798Z[Etc/UTC], buildStartDate=2025-02-14T23:45:32.567287465Z[Etc/UTC], buildCompletionDate=2025-02-14T23:45:34.535226768Z[Etc/UTC], estimatedCompletionDate=2025-02-14T23:45:51.567257960Z[Etc/UTC], estimatedDuration=19], buildConfig=BuildConfig[buildScript=#!/bin/bash
cd /var/tmp/testing-dir
chmod +x ./gradlew
./gradlew clean test
, dockerImage=dummy-docker-image:latest, commitHashToBuild=ca2dbc0ae87edf7035058a6a17c0ea60e90a290f, assignmentCommitHash=ca2dbc0ae87edf7035058a6a17c0ea60e90a290f, testCommitHash=0207f6f98af5fbb66ad68455f3fc3cf128af8ae9, branch=main, programmingLanguage=JAVA, projectType=PLAIN_GRADLE, scaEnabled=false, sequentialTestRunsEnabled=false, resultPaths=[/var/tmp/testing-dir/**/test-results/test/*.xml], timeoutSeconds=0, assignmentCheckoutPath=null, testCheckoutPath=null, solutionCheckoutPath=null, dockerRunConfig=null], submissionResult=ResultDTO[id=632, completionDate=2025-02-14T23:45:34.504415716Z[Etc/UTC], successful=false, score=7.7, rated=false, submission=SubmissionDTO[id=826, submitted=true, type=MANUAL, exampleSubmission=null, submissionDate=2025-02-14T23:45:32.541533Z, commitHash=ca2dbc0ae87edf7035058a6a17c0ea60e90a290f, buildFailed=false, buildArtifact=false, participation=ParticipationDTO[id=2006, testRun=true, type=programming, submissionCount=null, exercise=ParticipationExerciseDTO[id=2601, exerciseType=PROGRAMMING, type=programming, assessmentType=AUTOMATIC, dueDate=2025-02-16T23:45:31.864042Z, assessmentDueDate=null, maxPoints=42.0, course=CourseDTO[id=984, accuracyOfScores=1]]], submissionExerciseType=programming, isProcessing=false, buildStartDate=null, estimatedCompletionDate=null], participation=ParticipationDTO[id=2006, testRun=true, type=programming, submissionCount=null, exercise=ParticipationExerciseDTO[id=2601, exerciseType=PROGRAMMING, type=programming, assessmentType=AUTOMATIC, dueDate=2025-02-16T23:45:31.864042Z, assessmentDueDate=null, maxPoints=42.0, course=CourseDTO[id=984, accuracyOfScores=1]]], feedbacks=[FeedbackDTO[id=920, text=null, detailText=The exercise expects a class with the name Context in the package testpackage. You did not implement the class in the exercise., hasLongFeedbackText=false, reference=null, credits=0.0, positive=false, type=AUTOMATIC, visibility=ALWAYS, testCase=TestCaseDTO[testName=null, id=1357]], FeedbackDTO[id=921, text=null, detailText=The exercise expects a class with the name Policy in the package testpackage. You did not implement the class in the exercise., hasLongFeedbackText=false, reference=null, credits=0.0, positive=false, type=AUTOMATIC, visibility=ALWAYS, testCase=TestCaseDTO[testName=null, id=1358]], FeedbackDTO[id=922, text=null, detailText=The exercise expects a class with the name SortStrategy in the package testpackage. You did not implement the class in the exercise., hasLongFeedbackText=false, reference=null, credits=0.0, positive=false, type=AUTOMATIC, visibility=ALWAYS, testCase=TestCaseDTO[testName=null, id=1359]], FeedbackDTO[id=923, text=null, detailText=The class 'MergeSort' does not implement the interface 'SortStrategy' as expected. Implement the interface and its methods., hasLongFeedbackText=false, reference=null, credits=0.0, positive=false, type=AUTOMATIC, visibility=ALWAYS, testCase=TestCaseDTO[testName=null, id=1354]], FeedbackDTO[id=924, text=null, detailText=The exercise expects a class with the name SortStrategy in the package testpackage. You did not implement the class in the exercise., hasLongFeedbackText=false, reference=null, credits=0.0, positive=false, type=AUTOMATIC, visibility=ALWAYS, testCase=TestCaseDTO[testName=null, id=1351]], FeedbackDTO[id=925, text=null, detailText=The class 'BubbleSort' does not implement the interface 'SortStrategy' as expected. Implement the interface and its methods., hasLongFeedbackText=false, reference=null, credits=0.0, positive=false, type=AUTOMATIC, visibility=ALWAYS, testCase=TestCaseDTO[testName=null, id=1355]], FeedbackDTO[id=926, text=null, detailText=MergeSort does not sort correctly, hasLongFeedbackText=false, reference=null, credits=0.0, positive=false, type=AUTOMATIC, visibility=ALWAYS, testCase=TestCaseDTO[testName=null, id=1360]], FeedbackDTO[id=927, text=null, detailText=The class 'Context' was not found within the submission. Make sure to implement it properly., hasLongFeedbackText=false, reference=null, credits=0.0, positive=false, type=AUTOMATIC, visibility=ALWAYS, testCase=TestCaseDTO[testName=null, id=1361]], FeedbackDTO[id=928, text=null, detailText=The class 'Context' was not found within the submission. Make sure to implement it properly., hasLongFeedbackText=false, reference=null, credits=0.0, positive=false, type=AUTOMATIC, visibility=ALWAYS, testCase=TestCaseDTO[testName=null, id=1362]], FeedbackDTO[id=929, text=null, detailText=The exercise expects a class with the name Policy in the package testpackage. You did not implement the class in the exercise., hasLongFeedbackText=false, reference=null, credits=0.0, positive=false, type=AUTOMATIC, visibility=ALWAYS, testCase=TestCaseDTO[testName=null, id=1356]], FeedbackDTO[id=930, text=null, detailText=The exercise expects a class with the name Context in the package testpackage. You did not implement the class in the exercise., hasLongFeedbackText=false, reference=null, credits=0.0, positive=false, type=AUTOMATIC, visibility=ALWAYS, testCase=TestCaseDTO[testName=null, id=1352]], FeedbackDTO[id=931, text=null, detailText=The exercise expects a class with the name Policy in the package testpackage. You did not implement the class in the exercise., hasLongFeedbackText=false, reference=null, credits=0.0, positive=false, type=AUTOMATIC, visibility=ALWAYS, testCase=TestCaseDTO[testName=null, id=1353]], FeedbackDTO[id=932, text=null, detailText=null, hasLongFeedbackText=false, reference=null, credits=3.230769230769231, positive=true, type=AUTOMATIC, visibility=ALWAYS, testCase=TestCaseDTO[testName=null, id=1363]]], assessmentType=AUTOMATIC, hasComplaint=null, exampleResult=null, testCaseCount=13, passedTestCaseCount=1, codeIssueCount=0]], BuildJobQueueItem[id=20111739576737317, name=SHORTD49A6DAE04F9E049850BD5601663FD17A5B7TSTEXC-BASE, buildAgent=BuildAgentDTO[name=artemis-build-agent-test, memberAddress=[127.0.0.1]:5703, displayName=artemis-build-agent-test], participationId=2011, courseId=986, exerciseId=2603, retryCount=0, priority=2, status=SUCCESSFUL, repositoryInfo=RepositoryInfo[repositoryName=shortd49a6dae04f9e049850bd5601663fd17a5b7tstexc-exercise, repositoryType=exercise, triggeredByPushTo=exercise, assignmentRepositoryUri=http://localhost:49152/git/SHORTD49A6DAE04F9E049850BD5601663FD17A5B7TSTEXC/shortd49a6dae04f9e049850bd5601663fd17a5b7tstexc-exercise.git, testRepositoryUri=http://localhost:49152/git/SHORTD49A6DAE04F9E049850BD5601663FD17A5B7TSTEXC/shortd49a6dae04f9e049850bd5601663fd17a5b7tstexc-tests.git, solutionRepositoryUri=null, auxiliaryRepositoryUris=[Ljava.lang.String;@37910116, auxiliaryRepositoryCheckoutDirectories=[Ljava.lang.String;@2ba30312], jobTimingInfo=JobTimingInfo[submissionDate=2025-02-14T23:45:37.317968648Z[Etc/UTC], buildStartDate=2025-02-14T23:45:37.324534774Z[Etc/UTC], buildCompletionDate=2025-02-14T23:45:38.527225461Z[Etc/UTC], estimatedCompletionDate=2025-02-14T23:45:56.324506331Z[Etc/UTC], estimatedDuration=19], buildConfig=BuildConfig[buildScript=#!/bin/bash
cd /var/tmp/testing-dir
chmod +x ./gradlew
./gradlew clean test
, dockerImage=dummy-docker-image:latest, commitHashToBuild=c795243c185829bbefa399f45dcbcfac22311b2f, assignmentCommitHash=c795243c185829bbefa399f45dcbcfac22311b2f, testCommitHash=fa8b162170bf767d852e05e0eb7a128efa2e1f34, branch=main, programmingLanguage=JAVA, projectType=PLAIN_GRADLE, scaEnabled=false, sequentialTestRunsEnabled=false, resultPaths=[/var/tmp/testing-dir/**/test-results/test/*.xml], timeoutSeconds=0, assignmentCheckoutPath=null, testCheckoutPath=null, solutionCheckoutPath=null, dockerRunConfig=null], submissionResult=ResultDTO[id=633, completionDate=2025-02-14T23:45:38.476795726Z[Etc/UTC], successful=false, score=0.0, rated=true, submission=SubmissionDTO[id=827, submitted=true, type=MANUAL, exampleSubmission=null, submissionDate=2025-02-14T23:45:37.303401Z, commitHash=c795243c185829bbefa399f45dcbcfac22311b2f, buildFailed=false, buildArtifact=false, participation=ParticipationDTO[id=2011, testRun=false, type=template, submissionCount=null, exercise=ParticipationExerciseDTO[id=2603, exerciseType=PROGRAMMING, type=programming, assessmentType=AUTOMATIC, dueDate=2025-02-16T23:45:36.830269Z, assessmentDueDate=null, maxPoints=42.0, course=CourseDTO[id=986, accuracyOfScores=1]]], submissionExerciseType=programming, isProcessing=false, buildStartDate=null, estimatedCompletionDate=null], participation=ParticipationDTO[id=2011, testRun=false, type=template, submissionCount=null, exercise=ParticipationExerciseDTO[id=2603, exerciseType=PROGRAMMING, type=programming, assessmentType=AUTOMATIC, dueDate=2025-02-16T23:45:36.830269Z, assessmentDueDate=null, maxPoints=42.0, course=CourseDTO[id=986, accuracyOfScores=1]]], feedbacks=[FeedbackDTO[id=933, text=null, detailText=The exercise expects a class with the name Context in the package testpackage. You did not implement the class in the exercise., hasLongFeedbackText=false, reference=null, credits=0.0, positive=false, type=AUTOMATIC, visibility=ALWAYS, testCase=TestCaseDTO[testName=testMethods[Context], id=1383]], FeedbackDTO[id=934, text=null, detailText=The exercise expects a class with the name Policy in the package testpackage. You did not implement the class in the exercise., hasLongFeedbackText=false, reference=null, credits=0.0, positive=false, type=AUTOMATIC, visibility=ALWAYS, testCase=TestCaseDTO[testName=testMethods[Policy], id=1384]], FeedbackDTO[id=935, text=null, detailText=The exercise expects a class with the name SortStrategy in the package testpackage. You did not implement the class in the exercise., hasLongFeedbackText=false, reference=null, credits=0.0, positive=false, type=AUTOMATIC, visibility=ALWAYS, testCase=TestCaseDTO[testName=testMethods[SortStrategy], id=1385]], FeedbackDTO[id=936, text=null, detailText=The class 'MergeSort' does not implement the interface 'SortStrategy' as expected. Implement the interface and its methods., hasLongFeedbackText=false, reference=null, credits=0.0, positive=false, type=AUTOMATIC, visibility=ALWAYS, testCase=TestCaseDTO[testName=testClass[MergeSort], id=1380]], FeedbackDTO[id=937, text=null, detailText=The exercise expects a class with the name SortStrategy in the package testpackage. You did not implement the class in the exercise., hasLongFeedbackText=false, reference=null, credits=0.0, positive=false, type=AUTOMATIC, visibility=ALWAYS, testCase=TestCaseDTO[testName=testClass[SortStrategy], id=1377]], FeedbackDTO[id=938, text=null, detailText=The class 'BubbleSort' does not implement the interface 'SortStrategy' as expected. Implement the interface and its methods., hasLongFeedbackText=false, reference=null, credits=0.0, positive=false, type=AUTOMATIC, visibility=ALWAYS, testCase=TestCaseDTO[testName=testClass[BubbleSort], id=1381]], FeedbackDTO[id=939, text=null, detailText=MergeSort does not sort correctly, hasLongFeedbackText=false, reference=null, credits=0.0, positive=false, type=AUTOMATIC, visibility=ALWAYS, testCase=TestCaseDTO[testName=testMergeSort(), id=1386]], FeedbackDTO[id=940, text=null, detailText=The class 'Context' was not found within the submission. Make sure to implement it properly., hasLongFeedbackText=false, reference=null, credits=0.0, positive=false, type=AUTOMATIC, visibility=ALWAYS, testCase=TestCaseDTO[testName=testUseBubbleSortForSmallList(), id=1387]], FeedbackDTO[id=941, text=null, detailText=BubbleSort does not sort correctly, hasLongFeedbackText=false, reference=null, credits=0.0, positive=false, type=AUTOMATIC, visibility=ALWAYS, testCase=TestCaseDTO[testName=testBubbleSort(), id=1389]], FeedbackDTO[id=942, text=null, detailText=The class 'Context' was not found within the submission. Make sure to implement it properly., hasLongFeedbackText=false, reference=null, credits=0.0, positive=false, type=AUTOMATIC, visibility=ALWAYS, testCase=TestCaseDTO[testName=testUseMergeSortForBigList(), id=1388]], FeedbackDTO[id=943, text=null, detailText=The exercise expects a class with the name Policy in the package testpackage. You did not implement the class in the exercise., hasLongFeedbackText=false, reference=null, credits=0.0, positive=false, type=AUTOMATIC, visibility=ALWAYS, testCase=TestCaseDTO[testName=testConstructors[Policy], id=1382]], FeedbackDTO[id=944, text=null, detailText=The exercise expects a class with the name Context in the package testpackage. You did not implement the class in the exercise., hasLongFeedbackText=false, reference=null, credits=0.0, positive=false, type=AUTOMATIC, visibility=ALWAYS, testCase=TestCaseDTO[testName=testAttributes[Context], id=1378]], FeedbackDTO[id=945, text=null, detailText=The exercise expects a class with the name Policy in the package testpackage. You did not implement the class in the exercise., hasLongFeedbackText=false, reference=null, credits=0.0, positive=false, type=AUTOMATIC, visibility=ALWAYS, testCase=TestCaseDTO[testName=testAttributes[Policy], id=1379]]], assessmentType=AUTOMATIC, hasComplaint=null, exampleResult=null, testCaseCount=13, passedTestCaseCount=0, codeIssueCount=0]], BuildJobQueueItem[id=20171739576740018, name=SHORT7914AFA00ADC3047140B99D01AC07810CE44TSTEXC-LOCALVCCIINTSTUDENT1, buildAgent=BuildAgentDTO[name=artemis-build-agent-test, memberAddress=[127.0.0.1]:5703, displayName=artemis-build-agent-test], participationId=2017, courseId=988, exerciseId=2605, retryCount=0, priority=2, status=SUCCESSFUL, repositoryInfo=RepositoryInfo[repositoryName=short7914afa00adc3047140b99d01ac07810ce44tstexc-practice-localvcciintstudent1, repositoryType=user, triggeredByPushTo=user, assignmentRepositoryUri=http://localhost:49152/git/SHORT7914AFA00ADC3047140B99D01AC07810CE44TSTEXC/short7914afa00adc3047140b99d01ac07810ce44tstexc-practice-localvcciintstudent1.git, testRepositoryUri=http://localhost:49152/git/SHORT7914AFA00ADC3047140B99D01AC07810CE44TSTEXC/short7914afa00adc3047140b99d01ac07810ce44tstexc-tests.git, solutionRepositoryUri=null, auxiliaryRepositoryUris=[Ljava.lang.String;@4d2a76b4, auxiliaryRepositoryCheckoutDirectories=[Ljava.lang.String;@2c9fcd30], jobTimingInfo=JobTimingInfo[submissionDate=2025-02-14T23:45:40.018961253Z[Etc/UTC], buildStartDate=2025-02-14T23:45:40.029742701Z[Etc/UTC], buildCompletionDate=2025-02-14T23:45:41.150208242Z[Etc/UTC], estimatedCompletionDate=2025-02-14T23:45:59.029734065Z[Etc/UTC], estimatedDuration=19], buildConfig=BuildConfig[buildScript=#!/bin/bash
cd /var/tmp/testing-dir
chmod +x ./gradlew
./gradlew clean test
, dockerImage=dummy-docker-image:latest, commitHashToBuild=d80b57877989b971e83ccdb4863c8a7023c76266, assignmentCommitHash=d80b57877989b971e83ccdb4863c8a7023c76266, testCommitHash=327b116890c92b1312314341f43f21ef13ecf7d7, branch=main, programmingLanguage=JAVA, projectType=PLAIN_GRADLE, scaEnabled=false, sequentialTestRunsEnabled=false, resultPaths=[/var/tmp/testing-dir/**/test-results/test/*.xml], timeoutSeconds=0, assignmentCheckoutPath=null, testCheckoutPath=null, solutionCheckoutPath=null, dockerRunConfig=null], submissionResult=ResultDTO[id=634, completionDate=2025-02-14T23:45:41.120192603Z[Etc/UTC], successful=false, score=7.7, rated=false, submission=SubmissionDTO[id=828, submitted=true, type=MANUAL, exampleSubmission=null, submissionDate=2025-02-14T23:45:40.008666Z, commitHash=d80b57877989b971e83ccdb4863c8a7023c76266, buildFailed=false, buildArtifact=false, participation=ParticipationDTO[id=2017, testRun=true, type=programming, submissionCount=null, exercise=ParticipationExerciseDTO[id=2605, exerciseType=PROGRAMMING, type=programming, assessmentType=AUTOMATIC, dueDate=2025-02-16T23:45:39.523500Z, assessmentDueDate=null, maxPoints=42.0, course=CourseDTO[id=988, accuracyOfScores=1]]], submissionExerciseType=programming, isProcessing=false, buildStartDate=null, estimatedCompletionDate=null], participation=ParticipationDTO[id=2017, testRun=true, type=programming, submissionCount=null, exercise=ParticipationExerciseDTO[id=2605, exerciseType=PROGRAMMING, type=programming, assessmentType=AUTOMATIC, dueDate=2025-02-16T23:45:39.523500Z, assessmentDueDate=null, maxPoints=42.0, course=CourseDTO[id=988, accuracyOfScores=1]]], feedbacks=[FeedbackDTO[id=946, text=null, detailText=The exercise expects a class with the name Context in the package testpackage. You did not implement the class in the exercise., hasLongFeedbackText=false, reference=null, credits=0.0, positive=false, type=AUTOMATIC, visibility=ALWAYS, testCase=TestCaseDTO[testName=null, id=1409]], FeedbackDTO[id=947, text=null, detailText=The exercise expects a class with the name Policy in the package testpackage. You did not implement the class in the exercise., hasLongFeedbackText=false, reference=null, credits=0.0, positive=false, type=AUTOMATIC, visibility=ALWAYS, testCase=TestCaseDTO[testName=null, id=1410]], FeedbackDTO[id=948, text=null, detailText=The exercise expects a class with the name SortStrategy in the package testpackage. You did not implement the class in the exercise., hasLongFeedbackText=false, reference=null, credits=0.0, positive=false, type=AUTOMATIC, visibility=ALWAYS, testCase=TestCaseDTO[testName=null, id=1411]], FeedbackDTO[id=949, text=null, detailText=The class 'MergeSort' does not implement the interface 'SortStrategy' as expected. Implement the interface and its methods., hasLongFeedbackText=false, reference=null, credits=0.0, positive=false, type=AUTOMATIC, visibility=ALWAYS, testCase=TestCaseDTO[testName=null, id=1406]], FeedbackDTO[id=950, text=null, detailText=The exercise expects a class with the name SortStrategy in the package testpackage. You did not implement the class in the exercise., hasLongFeedbackText=false, reference=null, credits=0.0, positive=false, type=AUTOMATIC, visibility=ALWAYS, testCase=TestCaseDTO[testName=null, id=1403]], FeedbackDTO[id=951, text=null, detailText=The class 'BubbleSort' does not implement the interface 'SortStrategy' as expected. Implement the interface and its methods., hasLongFeedbackText=false, reference=null, credits=0.0, positive=false, type=AUTOMATIC, visibility=ALWAYS, testCase=TestCaseDTO[testName=null, id=1407]], FeedbackDTO[id=952, text=null, detailText=MergeSort does not sort correctly, hasLongFeedbackText=false, reference=null, credits=0.0, positive=false, type=AUTOMATIC, visibility=ALWAYS, testCase=TestCaseDTO[testName=null, id=1412]], FeedbackDTO[id=953, text=null, detailText=The class 'Context' was not found within the submission. Make sure to implement it properly., hasLongFeedbackText=false, reference=null, credits=0.0, positive=false, type=AUTOMATIC, visibility=ALWAYS, testCase=TestCaseDTO[testName=null, id=1413]], FeedbackDTO[id=954, text=null, detailText=The class 'Context' was not found within the submission. Make sure to implement it properly., hasLongFeedbackText=false, reference=null, credits=0.0, positive=false, type=AUTOMATIC, visibility=ALWAYS, testCase=TestCaseDTO[testName=null, id=1414]], FeedbackDTO[id=955, text=null, detailText=The exercise expects a class with the name Policy in the package testpackage. You did not implement the class in the exercise., hasLongFeedbackText=false, reference=null, credits=0.0, positive=false, type=AUTOMATIC, visibility=ALWAYS, testCase=TestCaseDTO[testName=null, id=1408]], FeedbackDTO[id=956, text=null, detailText=The exercise expects a class with the name Context in the package testpackage. You did not implement the class in the exercise., hasLongFeedbackText=false, reference=null, credits=0.0, positive=false, type=AUTOMATIC, visibility=ALWAYS, testCase=TestCaseDTO[testName=null, id=1404]], FeedbackDTO[id=957, text=null, detailText=The exercise expects a class with the name Policy in the package testpackage. You did not implement the class in the exercise., hasLongFeedbackText=false, reference=null, credits=0.0, positive=false, type=AUTOMATIC, visibility=ALWAYS, testCase=TestCaseDTO[testName=null, id=1405]], FeedbackDTO[id=958, text=null, detailText=null, hasLongFeedbackText=false, reference=null, credits=3.230769230769231, positive=true, type=AUTOMATIC, visibility=ALWAYS, testCase=TestCaseDTO[testName=null, id=1415]]], assessmentType=AUTOMATIC, hasComplaint=null, exampleResult=null, testCaseCount=13, passedTestCaseCount=1, codeIssueCount=0]], BuildJobQueueItem[id=20261739576743984, name=SHORT53C73BE505404043100AC2F00C039353CE8FTSTEXC-LOCALVCCIINTSTUDENT1, buildAgent=BuildAgentDTO[name=artemis-build-agent-test, memberAddress=[127.0.0.1]:5703, displayName=artemis-build-agent-test], participationId=2026, courseId=991, exerciseId=2608, retryCount=0, priority=1, status=SUCCESSFUL, repositoryInfo=RepositoryInfo[repositoryName=short53c73be505404043100ac2f00c039353ce8ftstexc-localvcciintstudent1, repositoryType=user, triggeredByPushTo=user, assignmentRepositoryUri=http://localhost:49152/git/SHORT53C73BE505404043100AC2F00C039353CE8FTSTEXC/short53c73be505404043100ac2f00c039353ce8ftstexc-localvcciintstudent1.git, testRepositoryUri=http://localhost:49152/git/SHORT53C73BE505404043100AC2F00C039353CE8FTSTEXC/short53c73be505404043100ac2f00c039353ce8ftstexc-tests.git, solutionRepositoryUri=null, auxiliaryRepositoryUris=[Ljava.lang.String;@13b9f004, auxiliaryRepositoryCheckoutDirectories=[Ljava.lang.String;@20b1daf2], jobTimingInfo=JobTimingInfo[submissionDate=2025-02-14T23:45:43.984518859Z[Etc/UTC], buildStartDate=2025-02-14T23:45:43.991385682Z[Etc/UTC], buildCompletionDate=2025-02-14T23:45:44.982059928Z[Etc/UTC], estimatedCompletionDate=2025-02-14T23:46:02.991380122Z[Etc/UTC], estimatedDuration=19], buildConfig=BuildConfig[buildScript=#!/bin/bash
cd /var/tmp/testing-dir
chmod +x ./gradlew
./gradlew clean test
, dockerImage=dummy-docker-image:latest, commitHashToBuild=3e90ae9fef2e44ffb41451a080bdaa6a44ad6848, assignmentCommitHash=3e90ae9fef2e44ffb41451a080bdaa6a44ad6848, testCommitHash=0582754c87aae13e640312855ce7dbe490ecb50c, branch=main, programmingLanguage=JAVA, projectType=PLAIN_GRADLE, scaEnabled=false, sequentialTestRunsEnabled=false, resultPaths=[/var/tmp/testing-dir/**/test-results/test/*.xml], timeoutSeconds=0, assignmentCheckoutPath=null, testCheckoutPath=null, solutionCheckoutPath=null, dockerRunConfig=null], submissionResult=ResultDTO[id=635, completionDate=2025-02-14T23:45:44.961313737Z[Etc/UTC], successful=false, score=7.7, rated=true, submission=SubmissionDTO[id=829, submitted=true, type=MANUAL, exampleSubmission=null, submissionDate=2025-02-14T23:45:43.967766Z, commitHash=3e90ae9fef2e44ffb41451a080bdaa6a44ad6848, buildFailed=false, buildArtifact=false, participation=ParticipationDTO[id=2026, testRun=false, type=programming, submissionCount=null, exercise=ParticipationExerciseDTO[id=2608, exerciseType=PROGRAMMING, type=programming, assessmentType=AUTOMATIC, dueDate=2025-02-16T23:45:43.597978Z, assessmentDueDate=null, maxPoints=42.0, course=CourseDTO[id=991, accuracyOfScores=1]]], submissionExerciseType=programming, isProcessing=false, buildStartDate=null, estimatedCompletionDate=null], participation=ParticipationDTO[id=2026, testRun=false, type=programming, submissionCount=null, exercise=ParticipationExerciseDTO[id=2608, exerciseType=PROGRAMMING, type=programming, assessmentType=AUTOMATIC, dueDate=2025-02-16T23:45:43.597978Z, assessmentDueDate=null, maxPoints=42.0, course=CourseDTO[id=991, accuracyOfScores=1]]], feedbacks=[FeedbackDTO[id=959, text=null, detailText=The exercise expects a class with the name Context in the package testpackage. You did not implement the class in the exercise., hasLongFeedbackText=false, reference=null, credits=0.0, positive=false, type=AUTOMATIC, visibility=ALWAYS, testCase=TestCaseDTO[testName=null, id=1448]], FeedbackDTO[id=960, text=null, detailText=The exercise expects a class with the name Policy in the package testpackage. You did not implement the class in the exercise., hasLongFeedbackText=false, reference=null, credits=0.0, positive=false, type=AUTOMATIC, visibility=ALWAYS, testCase=TestCaseDTO[testName=null, id=1449]], FeedbackDTO[id=961, text=null, detailText=The exercise expects a class with the name SortStrategy in the package testpackage. You did not implement the class in the exercise., hasLongFeedbackText=false, reference=null, credits=0.0, positive=false, type=AUTOMATIC, visibility=ALWAYS, testCase=TestCaseDTO[testName=null, id=1450]], FeedbackDTO[id=962, text=null, detailText=The class 'MergeSort' does not implement the interface 'SortStrategy' as expected. Implement the interface and its methods., hasLongFeedbackText=false, reference=null, credits=0.0, positive=false, type=AUTOMATIC, visibility=ALWAYS, testCase=TestCaseDTO[testName=null, id=1445]], FeedbackDTO[id=963, text=null, detailText=The exercise expects a class with the name SortStrategy in the package testpackage. You did not implement the class in the exercise., hasLongFeedbackText=false, reference=null, credits=0.0, positive=false, type=AUTOMATIC, visibility=ALWAYS, testCase=TestCaseDTO[testName=null, id=1442]], FeedbackDTO[id=964, text=null, detailText=The class 'BubbleSort' does not implement the interface 'SortStrategy' as expected. Implement the interface and its methods., hasLongFeedbackText=false, reference=null, credits=0.0, positive=false, type=AUTOMATIC, visibility=ALWAYS, testCase=TestCaseDTO[testName=null, id=1446]], FeedbackDTO[id=965, text=null, detailText=MergeSort does not sort correctly, hasLongFeedbackText=false, reference=null, credits=0.0, positive=false, type=AUTOMATIC, visibility=ALWAYS, testCase=TestCaseDTO[testName=null, id=1451]], FeedbackDTO[id=966, text=null, detailText=The class 'Context' was not found within the submission. Make sure to implement it properly., hasLongFeedbackText=false, reference=null, credits=0.0, positive=false, type=AUTOMATIC, visibility=ALWAYS, testCase=TestCaseDTO[testName=null, id=1452]], FeedbackDTO[id=967, text=null, detailText=The class 'Context' was not found within the submission. Make sure to implement it properly., hasLongFeedbackText=false, reference=null, credits=0.0, positive=false, type=AUTOMATIC, visibility=ALWAYS, testCase=TestCaseDTO[testName=null, id=1453]], FeedbackDTO[id=968, text=null, detailText=The exercise expects a class with the name Policy in the package testpackage. You did not implement the class in the exercise., hasLongFeedbackText=false, reference=null, credits=0.0, positive=false, type=AUTOMATIC, visibility=ALWAYS, testCase=TestCaseDTO[testName=null, id=1447]], FeedbackDTO[id=969, text=null, detailText=The exercise expects a class with the name Context in the package testpackage. You did not implement the class in the exercise., hasLongFeedbackText=false, reference=null, credits=0.0, positive=false, type=AUTOMATIC, visibility=ALWAYS, testCase=TestCaseDTO[testName=null, id=1443]], FeedbackDTO[id=970, text=null, detailText=The exercise expects a class with the name Policy in the package testpackage. You did not implement the class in the exercise., hasLongFeedbackText=false, reference=null, credits=0.0, positive=false, type=AUTOMATIC, visibility=ALWAYS, testCase=TestCaseDTO[testName=null, id=1444]], FeedbackDTO[id=971, text=null, detailText=null, hasLongFeedbackText=false, reference=null, credits=3.230769230769231, positive=true, type=AUTOMATIC, visibility=ALWAYS, testCase=TestCaseDTO[testName=null, id=1454]]], assessmentType=AUTOMATIC, hasComplaint=null, exampleResult=null, testCaseCount=13, passedTestCaseCount=1, codeIssueCount=0]], BuildJobQueueItem[id=20271739576746886, name=SHORT0FC863930E92904248098A506171F81CF6CFTSTEXC-SOLUTION, buildAgent=BuildAgentDTO[name=artemis-build-agent-test, memberAddress=[127.0.0.1]:5703, displayName=artemis-build-agent-test], participationId=2027, courseId=992, exerciseId=2609, retryCount=0, priority=2, status=SUCCESSFUL, repositoryInfo=RepositoryInfo[repositoryName=short0fc863930e92904248098a506171f81cf6cftstexc-solution, repositoryType=solution, triggeredByPushTo=auxiliary, assignmentRepositoryUri=http://localhost:49152/git/SHORT0FC863930E92904248098A506171F81CF6CFTSTEXC/short0fc863930e92904248098a506171f81cf6cftstexc-solution.git, testRepositoryUri=http://localhost:49152/git/SHORT0FC863930E92904248098A506171F81CF6CFTSTEXC/short0fc863930e92904248098a506171f81cf6cftstexc-tests.git, solutionRepositoryUri=null, auxiliaryRepositoryUris=[Ljava.lang.String;@3e308786, auxiliaryRepositoryCheckoutDirectories=[Ljava.lang.String;@6c942b3d], jobTimingInfo=JobTimingInfo[submissionDate=2025-02-14T23:45:46.886984066Z[Etc/UTC], buildStartDate=2025-02-14T23:45:46.897709578Z[Etc/UTC], buildCompletionDate=2025-02-14T23:45:48.628460156Z[Etc/UTC], estimatedCompletionDate=2025-02-14T23:46:05.897701272Z[Etc/UTC], estimatedDuration=19], buildConfig=BuildConfig[buildScript=#!/bin/bash
cd /var/tmp/testing-dir
chmod +x ./gradlew
./gradlew clean test
, dockerImage=dummy-docker-image:latest, commitHashToBuild=null, assignmentCommitHash=115a2e943bee242fdad360b50d8ad5f30792577e, testCommitHash=9b3a9bd71a0d80e5bbc42204c319ed3d1d4f0d6d, branch=main, programmingLanguage=JAVA, projectType=PLAIN_GRADLE, scaEnabled=false, sequentialTestRunsEnabled=false, resultPaths=[/var/tmp/testing-dir/**/test-results/test/*.xml], timeoutSeconds=0, assignmentCheckoutPath=null, testCheckoutPath=null, solutionCheckoutPath=null, dockerRunConfig=null], submissionResult=ResultDTO[id=636, completionDate=2025-02-14T23:45:48.593370968Z[Etc/UTC], successful=true, score=100.0, rated=true, submission=SubmissionDTO[id=830, submitted=true, type=TEST, exampleSubmission=null, submissionDate=2025-02-14T23:45:46.873671Z, commitHash=9b3a9bd71a0d80e5bbc42204c319ed3d1d4f0d6d, buildFailed=false, buildArtifact=false, participation=ParticipationDTO[id=2027, testRun=false, type=solution, submissionCount=null, exercise=ParticipationExerciseDTO[id=2609, exerciseType=PROGRAMMING, type=programming, assessmentType=AUTOMATIC, dueDate=2025-02-16T23:45:46.386304Z, assessmentDueDate=null, maxPoints=42.0, course=CourseDTO[id=992, accuracyOfScores=1]]], submissionExerciseType=programming, isProcessing=false, buildStartDate=null, estimatedCompletionDate=null], participation=ParticipationDTO[id=2027, testRun=false, type=solution, submissionCount=null, exercise=ParticipationExerciseDTO[id=2609, exerciseType=PROGRAMMING, type=programming, assessmentType=AUTOMATIC, dueDate=2025-02-16T23:45:46.386304Z, assessmentDueDate=null, maxPoints=42.0, course=CourseDTO[id=992, accuracyOfScores=1]]], feedbacks=[FeedbackDTO[id=972, text=null, detailText=null, hasLongFeedbackText=false, reference=null, credits=3.230769230769231, positive=true, type=AUTOMATIC, visibility=ALWAYS, testCase=TestCaseDTO[testName=testMethods[Context], id=1461]], FeedbackDTO[id=973, text=null, detailText=null, hasLongFeedbackText=false, reference=null, credits=3.230769230769231, positive=true, type=AUTOMATIC, visibility=ALWAYS, testCase=TestCaseDTO[testName=testMethods[Policy], id=1462]], FeedbackDTO[id=974, text=null, detailText=null, hasLongFeedbackText=false, reference=null, credits=3.230769230769231, positive=true, type=AUTOMATIC, visibility=ALWAYS, testCase=TestCaseDTO[testName=testMethods[SortStrategy], id=1463]], FeedbackDTO[id=975, text=null, detailText=null, hasLongFeedbackText=false, reference=null, credits=3.230769230769231, positive=true, type=AUTOMATIC, visibility=ALWAYS, testCase=TestCaseDTO[testName=testClass[MergeSort], id=1458]], FeedbackDTO[id=976, text=null, detailText=null, hasLongFeedbackText=false, reference=null, credits=3.230769230769231, positive=true, type=AUTOMATIC, visibility=ALWAYS, testCase=TestCaseDTO[testName=testClass[SortStrategy], id=1455]], FeedbackDTO[id=977, text=null, detailText=null, hasLongFeedbackText=false, reference=null, credits=3.230769230769231, positive=true, type=AUTOMATIC, visibility=ALWAYS, testCase=TestCaseDTO[testName=testClass[BubbleSort], id=1459]], FeedbackDTO[id=978, text=null, detailText=null, hasLongFeedbackText=false, reference=null, credits=3.230769230769231, positive=true, type=AUTOMATIC, visibility=ALWAYS, testCase=TestCaseDTO[testName=testMergeSort(), id=1464]], FeedbackDTO[id=979, text=null, detailText=null, hasLongFeedbackText=false, reference=null, credits=3.230769230769231, positive=true, type=AUTOMATIC, visibility=ALWAYS, testCase=TestCaseDTO[testName=testUseBubbleSortForSmallList(), id=1465]], FeedbackDTO[id=980, text=null, detailText=null, hasLongFeedbackText=false, reference=null, credits=3.230769230769231, positive=true, type=AUTOMATIC, visibility=ALWAYS, testCase=TestCaseDTO[testName=testBubbleSort(), id=1467]], FeedbackDTO[id=981, text=null, detailText=null, hasLongFeedbackText=false, reference=null, credits=3.230769230769231, positive=true, type=AUTOMATIC, visibility=ALWAYS, testCase=TestCaseDTO[testName=testUseMergeSortForBigList(), id=1466]], FeedbackDTO[id=982, text=null, detailText=null, hasLongFeedbackText=false, reference=null, credits=3.230769230769231, positive=true, type=AUTOMATIC, visibility=ALWAYS, testCase=TestCaseDTO[testName=testConstructors[Policy], id=1460]], FeedbackDTO[id=983, text=null, detailText=null, hasLongFeedbackText=false, reference=null, credits=3.230769230769231, positive=true, type=AUTOMATIC, visibility=ALWAYS, testCase=TestCaseDTO[testName=testAttributes[Context], id=1456]], FeedbackDTO[id=984, text=null, detailText=null, hasLongFeedbackText=false, reference=null, credits=3.230769230769231, positive=true, type=AUTOMATIC, visibility=ALWAYS, testCase=TestCaseDTO[testName=testAttributes[Policy], id=1457]]], assessmentType=AUTOMATIC, hasComplaint=null, exampleResult=null, testCaseCount=13, passedTestCaseCount=13, codeIssueCount=0]], BuildJobQueueItem[id=20281739576748768, name=SHORT0FC863930E92904248098A506171F81CF6CFTSTEXC-BASE, buildAgent=BuildAgentDTO[name=artemis-build-agent-test, memberAddress=[127.0.0.1]:5703, displayName=artemis-build-agent-test], participationId=2028, courseId=992, exerciseId=2609, retryCount=0, priority=2, status=SUCCESSFUL, repositoryInfo=RepositoryInfo[repositoryName=short0fc863930e92904248098a506171f81cf6cftstexc-exercise, repositoryType=exercise, triggeredByPushTo=auxiliary, assignmentRepositoryUri=http://localhost:49152/git/SHORT0FC863930E92904248098A506171F81CF6CFTSTEXC/short0fc863930e92904248098a506171f81cf6cftstexc-exercise.git, testRepositoryUri=http://localhost:49152/git/SHORT0FC863930E92904248098A506171F81CF6CFTSTEXC/short0fc863930e92904248098a506171f81cf6cftstexc-tests.git, solutionRepositoryUri=null, auxiliaryRepositoryUris=[Ljava.lang.String;@3071df7b, auxiliaryRepositoryCheckoutDirectories=[Ljava.lang.String;@1e39f5cd], jobTimingInfo=JobTimingInfo[submissionDate=2025-02-14T23:45:48.768063548Z[Etc/UTC], buildStartDate=2025-02-14T23:45:48.802531989Z[Etc/UTC], buildCompletionDate=2025-02-14T23:45:50.482681367Z[Etc/UTC], estimatedCompletionDate=2025-02-14T23:45:50.802523092Z[Etc/UTC], estimatedDuration=2], buildConfig=BuildConfig[buildScript=#!/bin/bash
cd /var/tmp/testing-dir
chmod +x ./gradlew
./gradlew clean test
, dockerImage=dummy-docker-image:latest, commitHashToBuild=9b3a9bd71a0d80e5bbc42204c319ed3d1d4f0d6d, assignmentCommitHash=115a2e943bee242fdad360b50d8ad5f30792577e, testCommitHash=9b3a9bd71a0d80e5bbc42204c319ed3d1d4f0d6d, branch=main, programmingLanguage=JAVA, projectType=PLAIN_GRADLE, scaEnabled=false, sequentialTestRunsEnabled=false, resultPaths=[/var/tmp/testing-dir/**/test-results/test/*.xml], timeoutSeconds=0, assignmentCheckoutPath=null, testCheckoutPath=null, solutionCheckoutPath=null, dockerRunConfig=null], submissionResult=ResultDTO[id=637, completionDate=2025-02-14T23:45:50.449084694Z[Etc/UTC], successful=false, score=0.0, rated=true, submission=SubmissionDTO[id=831, submitted=true, type=TEST, exampleSubmission=null, submissionDate=2025-02-14T23:45:48.761177Z, commitHash=9b3a9bd71a0d80e5bbc42204c319ed3d1d4f0d6d, buildFailed=false, buildArtifact=false, participation=ParticipationDTO[id=2028, testRun=false, type=template, submissionCount=null, exercise=ParticipationExerciseDTO[id=2609, exerciseType=PROGRAMMING, type=programming, assessmentType=AUTOMATIC, dueDate=2025-02-16T23:45:46.386304Z, assessmentDueDate=null, maxPoints=42.0, course=CourseDTO[id=992, accuracyOfScores=1]]], submissionExerciseType=programming, isProcessing=false, buildStartDate=null, estimatedCompletionDate=null], participation=ParticipationDTO[id=2028, testRun=false, type=template, submissionCount=null, exercise=ParticipationExerciseDTO[id=2609, exerciseType=PROGRAMMING, type=programming, assessmentType=AUTOMATIC, dueDate=2025-02-16T23:45:46.386304Z, assessmentDueDate=null, maxPoints=42.0, course=CourseDTO[id=992, accuracyOfScores=1]]], feedbacks=[FeedbackDTO[id=985, text=null, detailText=The exercise expects a class with the name Context in the package testpackage. You did not implement the class in the exercise., hasLongFeedbackText=false, reference=null, credits=0.0, positive=false, type=AUTOMATIC, visibility=ALWAYS, testCase=TestCaseDTO[testName=testMethods[Context], id=1461]], FeedbackDTO[id=986, text=null, detailText=The exercise expects a class with the name Policy in the package testpackage. You did not implement the class in the exercise., hasLongFeedbackText=false, reference=null, credits=0.0, positive=false, type=AUTOMATIC, visibility=ALWAYS, testCase=TestCaseDTO[testName=testMethods[Policy], id=1462]], FeedbackDTO[id=987, text=null, detailText=The exercise expects a class with the name SortStrategy in the package testpackage. You did not implement the class in the exercise., hasLongFeedbackText=false, reference=null, credits=0.0, positive=false, type=AUTOMATIC, visibility=ALWAYS, testCase=TestCaseDTO[testName=testMethods[SortStrategy], id=1463]], FeedbackDTO[id=988, text=null, detailText=The class 'MergeSort' does not implement the interface 'SortStrategy' as expected. Implement the interface and its methods., hasLongFeedbackText=false, reference=null, credits=0.0, positive=false, type=AUTOMATIC, visibility=ALWAYS, testCase=TestCaseDTO[testName=testClass[MergeSort], id=1458]], FeedbackDTO[id=989, text=null, detailText=The exercise expects a class with the name SortStrategy in the package testpackage. You did not implement the class in the exercise., hasLongFeedbackText=false, reference=null, credits=0.0, positive=false, type=AUTOMATIC, visibility=ALWAYS, testCase=TestCaseDTO[testName=testClass[SortStrategy], id=1455]], FeedbackDTO[id=990, text=null, detailText=The class 'BubbleSort' does not implement the interface 'SortStrategy' as expected. Implement the interface and its methods., hasLongFeedbackText=false, reference=null, credits=0.0, positive=false, type=AUTOMATIC, visibility=ALWAYS, testCase=TestCaseDTO[testName=testClass[BubbleSort], id=1459]], FeedbackDTO[id=991, text=null, detailText=MergeSort does not sort correctly, hasLongFeedbackText=false, reference=null, credits=0.0, positive=false, type=AUTOMATIC, visibility=ALWAYS, testCase=TestCaseDTO[testName=testMergeSort(), id=1464]], FeedbackDTO[id=992, text=null, detailText=The class 'Context' was not found within the submission. Make sure to implement it properly., hasLongFeedbackText=false, reference=null, credits=0.0, positive=false, type=AUTOMATIC, visibility=ALWAYS, testCase=TestCaseDTO[testName=testUseBubbleSortForSmallList(), id=1465]], FeedbackDTO[id=993, text=null, detailText=BubbleSort does not sort correctly, hasLongFeedbackText=false, reference=null, credits=0.0, positive=false, type=AUTOMATIC, visibility=ALWAYS, testCase=TestCaseDTO[testName=testBubbleSort(), id=1467]], FeedbackDTO[id=994, text=null, detailText=The class 'Context' was not found within the submission. Make sure to implement it properly., hasLongFeedbackText=false, reference=null, credits=0.0, positive=false, type=AUTOMATIC, visibility=ALWAYS, testCase=TestCaseDTO[testName=testUseMergeSortForBigList(), id=1466]], FeedbackDTO[id=995, text=null, detailText=The exercise expects a class with the name Policy in the package testpackage. You did not implement the class in the exercise., hasLongFeedbackText=false, reference=null, credits=0.0, positive=false, type=AUTOMATIC, visibility=ALWAYS, testCase=TestCaseDTO[testName=testConstructors[Policy], id=1460]], FeedbackDTO[id=996, text=null, detailText=The exercise expects a class with the name Context in the package testpackage. You did not implement the class in the exercise., hasLongFeedbackText=false, reference=null, credits=0.0, positive=false, type=AUTOMATIC, visibility=ALWAYS, testCase=TestCaseDTO[testName=testAttributes[Context], id=1456]], FeedbackDTO[id=997, text=null, detailText=The exercise expects a class with the name Policy in the package testpackage. You did not implement the class in the exercise., hasLongFeedbackText=false, reference=null, credits=0.0, positive=false, type=AUTOMATIC, visibility=ALWAYS, testCase=TestCaseDTO[testName=testAttributes[Policy], id=1457]]], assessmentType=AUTOMATIC, hasComplaint=null, exampleResult=null, testCaseCount=13, passedTestCaseCount=0, codeIssueCount=0]], BuildJobQueueItem[id=20291739576751299, name=SHORT716C2EC10B19B049C80A2F00B97EAB20B2A9TSTEXC-SOLUTION, buildAgent=BuildAgentDTO[name=artemis-build-agent-test, memberAddress=[127.0.0.1]:5703, displayName=artemis-build-agent-test], participationId=2029, courseId=993, exerciseId=2610, retryCount=0, priority=2, status=SUCCESSFUL, repositoryInfo=RepositoryInfo[repositoryName=short716c2ec10b19b049c80a2f00b97eab20b2a9tstexc-solution, repositoryType=solution, triggeredByPushTo=tests, assignmentRepositoryUri=http://localhost:49152/git/SHORT716C2EC10B19B049C80A2F00B97EAB20B2A9TSTEXC/short716c2ec10b19b049c80a2f00b97eab20b2a9tstexc-solution.git, testRepositoryUri=http://localhost:49152/git/SHORT716C2EC10B19B049C80A2F00B97EAB20B2A9TSTEXC/short716c2ec10b19b049c80a2f00b97eab20b2a9tstexc-tests.git, solutionRepositoryUri=null, auxiliaryRepositoryUris=[Ljava.lang.String;@240f4d3b, auxiliaryRepositoryCheckoutDirectories=[Ljava.lang.String;@698f4744], jobTimingInfo=JobTimingInfo[submissionDate=2025-02-14T23:45:51.299892174Z[Etc/UTC], buildStartDate=2025-02-14T23:45:51.314028505Z[Etc/UTC], buildCompletionDate=2025-02-14T23:45:52.158312850Z[Etc/UTC], estimatedCompletionDate=2025-02-14T23:46:10.314021752Z[Etc/UTC], estimatedDuration=19], buildConfig=BuildConfig[buildScript=#!/bin/bash
cd /var/tmp/testing-dir
chmod +x ./gradlew
./gradlew clean test
, dockerImage=dummy-docker-image:latest, commitHashToBuild=1e531733ed6e9237f710b528d1eb0b7beac565fd, assignmentCommitHash=815e279f12ad296b4f24c44134a07293c04c010f, testCommitHash=1e531733ed6e9237f710b528d1eb0b7beac565fd, branch=main, programmingLanguage=JAVA, projectType=PLAIN_GRADLE, scaEnabled=false, sequentialTestRunsEnabled=false, resultPaths=[/var/tmp/testing-dir/**/test-results/test/*.xml], timeoutSeconds=0, assignmentCheckoutPath=null, testCheckoutPath=null, solutionCheckoutPath=null, dockerRunConfig=null], submissionResult=ResultDTO[id=638, completionDate=2025-02-14T23:45:52.146826070Z[Etc/UTC], successful=true, score=100.0, rated=true, submission=SubmissionDTO[id=832, submitted=true, type=TEST, exampleSubmission=null, submissionDate=2025-02-14T23:45:51.275713Z, commitHash=1e531733ed6e9237f710b528d1eb0b7beac565fd, buildFailed=false, buildArtifact=false, participation=ParticipationDTO[id=2029, testRun=false, type=solution, submissionCount=null, exercise=ParticipationExerciseDTO[id=2610, exerciseType=PROGRAMMING, type=programming, assessmentType=AUTOMATIC, dueDate=2025-02-16T23:45:50.869093Z, assessmentDueDate=null, maxPoints=42.0, course=CourseDTO[id=993, accuracyOfScores=1]]], submissionExerciseType=programming, isProcessing=false, buildStartDate=null, estimatedCompletionDate=null], participation=ParticipationDTO[id=2029, testRun=false, type=solution, submissionCount=null, exercise=ParticipationExerciseDTO[id=2610, exerciseType=PROGRAMMING, type=programming, assessmentType=AUTOMATIC, dueDate=2025-02-16T23:45:50.869093Z, assessmentDueDate=null, maxPoints=42.0, course=CourseDTO[id=993, accuracyOfScores=1]]], feedbacks=[FeedbackDTO[id=998, text=null, detailText=null, hasLongFeedbackText=false, reference=null, credits=3.230769230769231, positive=true, type=AUTOMATIC, visibility=ALWAYS, testCase=TestCaseDTO[testName=testMethods[Context], id=1474]], FeedbackDTO[id=999, text=null, detailText=null, hasLongFeedbackText=false, reference=null, credits=3.230769230769231, positive=true, type=AUTOMATIC, visibility=ALWAYS, testCase=TestCaseDTO[testName=testMethods[Policy], id=1475]], FeedbackDTO[id=1000, text=null, detailText=null, hasLongFeedbackText=false, reference=null, credits=3.230769230769231, positive=true, type=AUTOMATIC, visibility=ALWAYS, testCase=TestCaseDTO[testName=testMethods[SortStrategy], id=1476]], FeedbackDTO[id=1001, text=null, detailText=null, hasLongFeedbackText=false, reference=null, credits=3.230769230769231, positive=true, type=AUTOMATIC, visibility=ALWAYS, testCase=TestCaseDTO[testName=testClass[MergeSort], id=1471]], FeedbackDTO[id=1002, text=null, detailText=null, hasLongFeedbackText=false, reference=null, credits=3.230769230769231, positive=true, type=AUTOMATIC, visibility=ALWAYS, testCase=TestCaseDTO[testName=testClass[SortStrategy], id=1468]], FeedbackDTO[id=1003, text=null, detailText=null, hasLongFeedbackText=false, reference=null, credits=3.230769230769231, positive=true, type=AUTOMATIC, visibility=ALWAYS, testCase=TestCaseDTO[testName=testClass[BubbleSort], id=1472]], FeedbackDTO[id=1004, text=null, detailText=null, hasLongFeedbackText=false, reference=null, credits=3.230769230769231, positive=true, type=AUTOMATIC, visibility=ALWAYS, testCase=TestCaseDTO[testName=testMergeSort(), id=1477]], FeedbackDTO[id=1005, text=null, detailText=null, hasLongFeedbackText=false, reference=null, credits=3.230769230769231, positive=true, type=AUTOMATIC, visibility=ALWAYS, testCase=TestCaseDTO[testName=testUseBubbleSortForSmallList(), id=1478]], FeedbackDTO[id=1006, text=null, detailText=null, hasLongFeedbackText=false, reference=null, credits=3.230769230769231, positive=true, type=AUTOMATIC, visibility=ALWAYS, testCase=TestCaseDTO[testName=testBubbleSort(), id=1480]], FeedbackDTO[id=1007, text=null, detailText=null, hasLongFeedbackText=false, reference=null, credits=3.230769230769231, positive=true, type=AUTOMATIC, visibility=ALWAYS, testCase=TestCaseDTO[testName=testUseMergeSortForBigList(), id=1479]], FeedbackDTO[id=1008, text=null, detailText=null, hasLongFeedbackText=false, reference=null, credits=3.230769230769231, positive=true, type=AUTOMATIC, visibility=ALWAYS, testCase=TestCaseDTO[testName=testConstructors[Policy], id=1473]], FeedbackDTO[id=1009, text=null, detailText=null, hasLongFeedbackText=false, reference=null, credits=3.230769230769231, positive=true, type=AUTOMATIC, visibility=ALWAYS, testCase=TestCaseDTO[testName=testAttributes[Context], id=1469]], FeedbackDTO[id=1010, text=null, detailText=null, hasLongFeedbackText=false, reference=null, credits=3.230769230769231, positive=true, type=AUTOMATIC, visibility=ALWAYS, testCase=TestCaseDTO[testName=testAttributes[Policy], id=1470]]], assessmentType=AUTOMATIC, hasComplaint=null, exampleResult=null, testCaseCount=13, passedTestCaseCount=13, codeIssueCount=0]], BuildJobQueueItem[id=20301739576752239, name=SHORT716C2EC10B19B049C80A2F00B97EAB20B2A9TSTEXC-BASE, buildAgent=BuildAgentDTO[name=artemis-build-agent-test, memberAddress=[127.0.0.1]:5703, displayName=artemis-build-agent-test], participationId=2030, courseId=993, exerciseId=2610, retryCount=0, priority=2, status=SUCCESSFUL, repositoryInfo=RepositoryInfo[repositoryName=short716c2ec10b19b049c80a2f00b97eab20b2a9tstexc-exercise, repositoryType=exercise, triggeredByPushTo=tests, assignmentRepositoryUri=http://localhost:49152/git/SHORT716C2EC10B19B049C80A2F00B97EAB20B2A9TSTEXC/short716c2ec10b19b049c80a2f00b97eab20b2a9tstexc-exercise.git, testRepositoryUri=http://localhost:49152/git/SHORT716C2EC10B19B049C80A2F00B97EAB20B2A9TSTEXC/short716c2ec10b19b049c80a2f00b97eab20b2a9tstexc-tests.git, solutionRepositoryUri=null, auxiliaryRepositoryUris=[Ljava.lang.String;@57bbc709, auxiliaryRepositoryCheckoutDirectories=[Ljava.lang.String;@6fdd7ae], jobTimingInfo=JobTimingInfo[submissionDate=2025-02-14T23:45:52.239402475Z[Etc/UTC], buildStartDate=2025-02-14T23:45:52.258713639Z[Etc/UTC], buildCompletionDate=2025-02-14T23:45:53.238773956Z[Etc/UTC], estimatedCompletionDate=2025-02-14T23:45:53.258707428Z[Etc/UTC], estimatedDuration=1], buildConfig=BuildConfig[buildScript=#!/bin/bash
cd /var/tmp/testing-dir
chmod +x ./gradlew
./gradlew clean test
, dockerImage=dummy-docker-image:latest, commitHashToBuild=1e531733ed6e9237f710b528d1eb0b7beac565fd, assignmentCommitHash=815e279f12ad296b4f24c44134a07293c04c010f, testCommitHash=1e531733ed6e9237f710b528d1eb0b7beac565fd, branch=main, programmingLanguage=JAVA, projectType=PLAIN_GRADLE, scaEnabled=false, sequentialTestRunsEnabled=false, resultPaths=[/var/tmp/testing-dir/**/test-results/test/*.xml], timeoutSeconds=0, assignmentCheckoutPath=null, testCheckoutPath=null, solutionCheckoutPath=null, dockerRunConfig=null], submissionResult=ResultDTO[id=639, completionDate=2025-02-14T23:45:53.225806205Z[Etc/UTC], successful=false, score=0.0, rated=true, submission=SubmissionDTO[id=833, submitted=true, type=TEST, exampleSubmission=null, submissionDate=2025-02-14T23:45:52.237179Z, commitHash=1e531733ed6e9237f710b528d1eb0b7beac565fd, buildFailed=false, buildArtifact=false, participation=ParticipationDTO[id=2030, testRun=false, type=template, submissionCount=null, exercise=ParticipationExerciseDTO[id=2610, exerciseType=PROGRAMMING, type=programming, assessmentType=AUTOMATIC, dueDate=2025-02-16T23:45:50.869093Z, assessmentDueDate=null, maxPoints=42.0, course=CourseDTO[id=993, accuracyOfScores=1]]], submissionExerciseType=programming, isProcessing=false, buildStartDate=null, estimatedCompletionDate=null], participation=ParticipationDTO[id=2030, testRun=false, type=template, submissionCount=null, exercise=ParticipationExerciseDTO[id=2610, exerciseType=PROGRAMMING, type=programming, assessmentType=AUTOMATIC, dueDate=2025-02-16T23:45:50.869093Z, assessmentDueDate=null, maxPoints=42.0, course=CourseDTO[id=993, accuracyOfScores=1]]], feedbacks=[FeedbackDTO[id=1011, text=null, detailText=The exercise expects a class with the name Context in the package testpackage. You did not implement the class in the exercise., hasLongFeedbackText=false, reference=null, credits=0.0, positive=false, type=AUTOMATIC, visibility=ALWAYS, testCase=TestCaseDTO[testName=testMethods[Context], id=1474]], FeedbackDTO[id=1012, text=null, detailText=The exercise expects a class with the name Policy in the package testpackage. You did not implement the class in the exercise., hasLongFeedbackText=false, reference=null, credits=0.0, positive=false, type=AUTOMATIC, visibility=ALWAYS, testCase=TestCaseDTO[testName=testMethods[Policy], id=1475]], FeedbackDTO[id=1013, text=null, detailText=The exercise expects a class with the name SortStrategy in the package testpackage. You did not implement the class in the exercise., hasLongFeedbackText=false, reference=null, credits=0.0, positive=false, type=AUTOMATIC, visibility=ALWAYS, testCase=TestCaseDTO[testName=testMethods[SortStrategy], id=1476]], FeedbackDTO[id=1014, text=null, detailText=The class 'MergeSort' does not implement the interface 'SortStrategy' as expected. Implement the interface and its methods., hasLongFeedbackText=false, reference=null, credits=0.0, positive=false, type=AUTOMATIC, visibility=ALWAYS, testCase=TestCaseDTO[testName=testClass[MergeSort], id=1471]], FeedbackDTO[id=1015, text=null, detailText=The exercise expects a class with the name SortStrategy in the package testpackage. You did not implement the class in the exercise., hasLongFeedbackText=false, reference=null, credits=0.0, positive=false, type=AUTOMATIC, visibility=ALWAYS, testCase=TestCaseDTO[testName=testClass[SortStrategy], id=1468]], FeedbackDTO[id=1016, text=null, detailText=The class 'BubbleSort' does not implement the interface 'SortStrategy' as expected. Implement the interface and its methods., hasLongFeedbackText=false, reference=null, credits=0.0, positive=false, type=AUTOMATIC, visibility=ALWAYS, testCase=TestCaseDTO[testName=testClass[BubbleSort], id=1472]], FeedbackDTO[id=1017, text=null, detailText=MergeSort does not sort correctly, hasLongFeedbackText=false, reference=null, credits=0.0, positive=false, type=AUTOMATIC, visibility=ALWAYS, testCase=TestCaseDTO[testName=testMergeSort(), id=1477]], FeedbackDTO[id=1018, text=null, detailText=The class 'Context' was not found within the submission. Make sure to implement it properly., hasLongFeedbackText=false, reference=null, credits=0.0, positive=false, type=AUTOMATIC, visibility=ALWAYS, testCase=TestCaseDTO[testName=testUseBubbleSortForSmallList(), id=1478]], FeedbackDTO[id=1019, text=null, detailText=BubbleSort does not sort correctly, hasLongFeedbackText=false, reference=null, credits=0.0, positive=false, type=AUTOMATIC, visibility=ALWAYS, testCase=TestCaseDTO[testName=testBubbleSort(), id=1480]], FeedbackDTO[id=1020, text=null, detailText=The class 'Context' was not found within the submission. Make sure to implement it properly., hasLongFeedbackText=false, reference=null, credits=0.0, positive=false, type=AUTOMATIC, visibility=ALWAYS, testCase=TestCaseDTO[testName=testUseMergeSortForBigList(), id=1479]], FeedbackDTO[id=1021, text=null, detailText=The exercise expects a class with the name Policy in the package testpackage. You did not implement the class in the exercise., hasLongFeedbackText=false, reference=null, credits=0.0, positive=false, type=AUTOMATIC, visibility=ALWAYS, testCase=TestCaseDTO[testName=testConstructors[Policy], id=1473]], FeedbackDTO[id=1022, text=null, detailText=The exercise expects a class with the name Context in the package testpackage. You did not implement the class in the exercise., hasLongFeedbackText=false, reference=null, credits=0.0, positive=false, type=AUTOMATIC, visibility=ALWAYS, testCase=TestCaseDTO[testName=testAttributes[Context], id=1469]], FeedbackDTO[id=1023, text=null, detailText=The exercise expects a class with the name Policy in the package testpackage. You did not implement the class in the exercise., hasLongFeedbackText=false, reference=null, credits=0.0, positive=false, type=AUTOMATIC, visibility=ALWAYS, testCase=TestCaseDTO[testName=testAttributes[Policy], id=1470]]], assessmentType=AUTOMATIC, hasComplaint=null, exampleResult=null, testCaseCount=13, passedTestCaseCount=0, codeIssueCount=0]]], publicSshKey=ssh-rsa AAAAB3NzaC1yc2EAAAADAQABAAACAQCOPdMsxRE2jFJ/UEa5/LsBxtwzJcrh3/rYBCQvcMeVpiRfhzQPWu7mrt/G2Ew+i+vRloGH9aqKg6dd1liRncao53Zmd/ePxoatXePNhmzTfkCkcSkTUz7B+QMjkoDDV5jwuFPD6mF3JkhuzSi64n9Zy905t4w2IhVcjM2mL3eYNjiCXt6Qpq3Pkt7dM/Ksw1nxnvuiIALuJLB3FTkXkHqq3PJav+9HSq2r6ZaWgekneaGxlQlb+U+Vy3XOuArKAzK8c8i+0bR+AHiTG6ncYXt7ax3U+TdlDTF7OLP3umwaYjs1NBXOHwG42pevvpKn2fqavZZozk+M05jXLx3bq0O7itxfErWc7etky8qYPyyIMF/txQIVLd78+Ze4d7Y60t5MGbXM5cGE6fFif5fEJwgswXD+BrG0cafz1CTatjSKFdvp8Vp4VszXhHDan1PrP6JEFJ5Cc5GDmLRZPCFa3vL9f5qXgf4bkqKN8MYeEujwJE5nMRWoiJVNakix2bcrrneQMBlnYeYZVWXXXUusAQBzl4NgddC1umZpihZkL1b1MffZAUW3EGEXi7KHnllQhkTLLsQ8ntMgbylqaJKStqaXlLvdeRJcEnUuiFCrHEVVbXRFZR7XVDZ02CE5o3MuaRPty8Kh+jRTF3COlAckHwYEJCNNJvXFgb2CNXL4mjzYDw== test@localhost]
    23:45:53.311 | 566 localvc.event-13 | DEBUG | a.p.s.l.SharedQueueManagementService : Build agent updated: null
    23:45:53.314 | 566 localvc.event-13 | DEBUG | a.p.s.l.LocalCIQueueWebsocketService : Build agent updated: BuildAgentInformation[buildAgent=BuildAgentDTO[name=artemis-build-agent-test, memberAddress=[127.0.0.1]:5703, displayName=artemis-build-agent-test], maxNumberOfConcurrentBuildJobs=1, numberOfCurrentBuildJobs=0, runningBuildJobs=[], status=IDLE, recentBuildJobs=[BuildJobQueueItem[id=19141739576708030, name=SHORT5F02A8F400311042E70858306EB148073CFDTSTEXC-LOCALVCINTSTUDENT1, buildAgent=BuildAgentDTO[name=artemis-build-agent-test, memberAddress=[127.0.0.1]:5703, displayName=artemis-build-agent-test], participationId=1914, courseId=947, exerciseId=2564, retryCount=0, priority=2, status=FAILED, repositoryInfo=RepositoryInfo[repositoryName=short5f02a8f400311042e70858306eb148073cfdtstexc-localvcintstudent1, repositoryType=user, triggeredByPushTo=user, assignmentRepositoryUri=http://localhost:49152/git/SHORT5F02A8F400311042E70858306EB148073CFDTSTEXC/short5f02a8f400311042e70858306eb148073cfdtstexc-localvcintstudent1.git, testRepositoryUri=http://localhost:49152/git/SHORT5F02A8F400311042E70858306EB148073CFDTSTEXC/short5f02a8f400311042e70858306eb148073cfdtstexc-tests.git, solutionRepositoryUri=null, auxiliaryRepositoryUris=[Ljava.lang.String;@4b63fde4, auxiliaryRepositoryCheckoutDirectories=[Ljava.lang.String;@42e9f80e], jobTimingInfo=JobTimingInfo[submissionDate=2025-02-14T23:45:08.030118216Z[Etc/UTC], buildStartDate=2025-02-14T23:45:08.041011412Z[Etc/UTC], buildCompletionDate=2025-02-14T23:45:08.054603331Z[Etc/UTC], estimatedCompletionDate=2025-02-14T23:45:27.041005080Z[Etc/UTC], estimatedDuration=19], buildConfig=BuildConfig[buildScript=#!/bin/bash
cd /var/tmp/testing-dir
chmod +x ./gradlew
./gradlew clean test
, dockerImage=dummy-docker-image:latest, commitHashToBuild=6e7146cac5059504aa9d170ec3fa23aec740bb51, assignmentCommitHash=6e7146cac5059504aa9d170ec3fa23aec740bb51, testCommitHash=931e5303581c7a2f01339ba603cfafbfe668b901, branch=main, programmingLanguage=JAVA, projectType=PLAIN_GRADLE, scaEnabled=false, sequentialTestRunsEnabled=false, resultPaths=[/var/tmp/testing-dir/**/test-results/test/*.xml], timeoutSeconds=0, assignmentCheckoutPath=null, testCheckoutPath=null, solutionCheckoutPath=null, dockerRunConfig=null], submissionResult=ResultDTO[id=622, completionDate=2025-02-14T23:45:08.054683681Z[Etc/UTC], successful=false, score=0.0, rated=true, submission=SubmissionDTO[id=814, submitted=true, type=MANUAL, exampleSubmission=null, submissionDate=2025-02-14T23:45:08.016200Z, commitHash=6e7146cac5059504aa9d170ec3fa23aec740bb51, buildFailed=true, buildArtifact=false, participation=ParticipationDTO[id=1914, testRun=false, type=programming, submissionCount=null, exercise=ParticipationExerciseDTO[id=2564, exerciseType=PROGRAMMING, type=programming, assessmentType=AUTOMATIC, dueDate=2025-02-16T23:45:07.324348Z, assessmentDueDate=null, maxPoints=42.0, course=CourseDTO[id=947, accuracyOfScores=1]]], submissionExerciseType=programming, isProcessing=false, buildStartDate=null, estimatedCompletionDate=null], participation=ParticipationDTO[id=1914, testRun=false, type=programming, submissionCount=null, exercise=ParticipationExerciseDTO[id=2564, exerciseType=PROGRAMMING, type=programming, assessmentType=AUTOMATIC, dueDate=2025-02-16T23:45:07.324348Z, assessmentDueDate=null, maxPoints=42.0, course=CourseDTO[id=947, accuracyOfScores=1]]], feedbacks=[], assessmentType=AUTOMATIC, hasComplaint=null, exampleResult=null, testCaseCount=0, passedTestCaseCount=0, codeIssueCount=0]], BuildJobQueueItem[id=19361739576711303, name=SHORT9AFDAE3804CA304DDF0889A0CB0F56104A86TSTEXC-LOCALVCINTSTUDENT1, buildAgent=BuildAgentDTO[name=artemis-build-agent-test, memberAddress=[127.0.0.1]:5703, displayName=artemis-build-agent-test], participationId=1936, courseId=956, exerciseId=2573, retryCount=0, priority=2, status=FAILED, repositoryInfo=RepositoryInfo[repositoryName=short9afdae3804ca304ddf0889a0cb0f56104a86tstexc-localvcintstudent1, repositoryType=user, triggeredByPushTo=user, assignmentRepositoryUri=http://localhost:49152/git/SHORT9AFDAE3804CA304DDF0889A0CB0F56104A86TSTEXC/short9afdae3804ca304ddf0889a0cb0f56104a86tstexc-localvcintstudent1.git, testRepositoryUri=http://localhost:49152/git/SHORT9AFDAE3804CA304DDF0889A0CB0F56104A86TSTEXC/short9afdae3804ca304ddf0889a0cb0f56104a86tstexc-tests.git, solutionRepositoryUri=null, auxiliaryRepositoryUris=[Ljava.lang.String;@2a41175a, auxiliaryRepositoryCheckoutDirectories=[Ljava.lang.String;@5bd33d11], jobTimingInfo=JobTimingInfo[submissionDate=2025-02-14T23:45:11.303805653Z[Etc/UTC], buildStartDate=2025-02-14T23:45:11.310981356Z[Etc/UTC], buildCompletionDate=2025-02-14T23:45:11.319178384Z[Etc/UTC], estimatedCompletionDate=2025-02-14T23:45:30.310974944Z[Etc/UTC], estimatedDuration=19], buildConfig=BuildConfig[buildScript=#!/bin/bash
cd /var/tmp/testing-dir
chmod +x ./gradlew
./gradlew clean test
, dockerImage=dummy-docker-image:latest, commitHashToBuild=a1099e378cffde441ef85f9b12577ca174b8e1e4, assignmentCommitHash=a1099e378cffde441ef85f9b12577ca174b8e1e4, testCommitHash=bd38d61c299ab11a1dea82a3ca5493fe04d97d47, branch=main, programmingLanguage=JAVA, projectType=PLAIN_GRADLE, scaEnabled=false, sequentialTestRunsEnabled=false, resultPaths=[/var/tmp/testing-dir/**/test-results/test/*.xml], timeoutSeconds=0, assignmentCheckoutPath=null, testCheckoutPath=null, solutionCheckoutPath=null, dockerRunConfig=null], submissionResult=ResultDTO[id=623, completionDate=2025-02-14T23:45:11.319278430Z[Etc/UTC], successful=false, score=0.0, rated=true, submission=SubmissionDTO[id=815, submitted=true, type=MANUAL, exampleSubmission=null, submissionDate=2025-02-14T23:45:11.294386Z, commitHash=a1099e378cffde441ef85f9b12577ca174b8e1e4, buildFailed=true, buildArtifact=false, participation=ParticipationDTO[id=1936, testRun=false, type=programming, submissionCount=null, exercise=ParticipationExerciseDTO[id=2573, exerciseType=PROGRAMMING, type=programming, assessmentType=AUTOMATIC, dueDate=2025-02-16T23:45:10.996982Z, assessmentDueDate=null, maxPoints=42.0, course=CourseDTO[id=956, accuracyOfScores=1]]], submissionExerciseType=programming, isProcessing=false, buildStartDate=null, estimatedCompletionDate=null], participation=ParticipationDTO[id=1936, testRun=false, type=programming, submissionCount=null, exercise=ParticipationExerciseDTO[id=2573, exerciseType=PROGRAMMING, type=programming, assessmentType=AUTOMATIC, dueDate=2025-02-16T23:45:10.996982Z, assessmentDueDate=null, maxPoints=42.0, course=CourseDTO[id=956, accuracyOfScores=1]]], feedbacks=[], assessmentType=AUTOMATIC, hasComplaint=null, exampleResult=null, testCaseCount=0, passedTestCaseCount=0, codeIssueCount=0]], BuildJobQueueItem[id=19351739576711674, name=SHORT9AFDAE3804CA304DDF0889A0CB0F56104A86TSTEXC-BASE, buildAgent=BuildAgentDTO[name=artemis-build-agent-test, memberAddress=[127.0.0.1]:5703, displayName=artemis-build-agent-test], participationId=1935, courseId=956, exerciseId=2573, retryCount=0, priority=2, status=FAILED, repositoryInfo=RepositoryInfo[repositoryName=short9afdae3804ca304ddf0889a0cb0f56104a86tstexc-exercise, repositoryType=exercise, triggeredByPushTo=exercise, assignmentRepositoryUri=http://localhost:49152/git/SHORT9AFDAE3804CA304DDF0889A0CB0F56104A86TSTEXC/short9afdae3804ca304ddf0889a0cb0f56104a86tstexc-exercise.git, testRepositoryUri=http://localhost:49152/git/SHORT9AFDAE3804CA304DDF0889A0CB0F56104A86TSTEXC/short9afdae3804ca304ddf0889a0cb0f56104a86tstexc-tests.git, solutionRepositoryUri=null, auxiliaryRepositoryUris=[Ljava.lang.String;@f0b7752, auxiliaryRepositoryCheckoutDirectories=[Ljava.lang.String;@22fc735], jobTimingInfo=JobTimingInfo[submissionDate=2025-02-14T23:45:11.674556681Z[Etc/UTC], buildStartDate=2025-02-14T23:45:11.677776879Z[Etc/UTC], buildCompletionDate=2025-02-14T23:45:11.688097378Z[Etc/UTC], estimatedCompletionDate=2025-02-14T23:45:30.677771620Z[Etc/UTC], estimatedDuration=19], buildConfig=BuildConfig[buildScript=#!/bin/bash
cd /var/tmp/testing-dir
chmod +x ./gradlew
./gradlew clean test
, dockerImage=dummy-docker-image:latest, commitHashToBuild=a1099e378cffde441ef85f9b12577ca174b8e1e4, assignmentCommitHash=a1099e378cffde441ef85f9b12577ca174b8e1e4, testCommitHash=bd38d61c299ab11a1dea82a3ca5493fe04d97d47, branch=main, programmingLanguage=JAVA, projectType=PLAIN_GRADLE, scaEnabled=false, sequentialTestRunsEnabled=false, resultPaths=[/var/tmp/testing-dir/**/test-results/test/*.xml], timeoutSeconds=0, assignmentCheckoutPath=null, testCheckoutPath=null, solutionCheckoutPath=null, dockerRunConfig=null], submissionResult=ResultDTO[id=624, completionDate=2025-02-14T23:45:11.688214837Z[Etc/UTC], successful=false, score=0.0, rated=true, submission=SubmissionDTO[id=816, submitted=true, type=MANUAL, exampleSubmission=null, submissionDate=2025-02-14T23:45:11.656934Z, commitHash=a1099e378cffde441ef85f9b12577ca174b8e1e4, buildFailed=true, buildArtifact=false, participation=ParticipationDTO[id=1935, testRun=false, type=template, submissionCount=null, exercise=ParticipationExerciseDTO[id=2573, exerciseType=PROGRAMMING, type=programming, assessmentType=AUTOMATIC, dueDate=2025-02-16T23:45:10.996982Z, assessmentDueDate=null, maxPoints=42.0, course=CourseDTO[id=956, accuracyOfScores=1]]], submissionExerciseType=programming, isProcessing=false, buildStartDate=null, estimatedCompletionDate=null], participation=ParticipationDTO[id=1935, testRun=false, type=template, submissionCount=null, exercise=ParticipationExerciseDTO[id=2573, exerciseType=PROGRAMMING, type=programming, assessmentType=AUTOMATIC, dueDate=2025-02-16T23:45:10.996982Z, assessmentDueDate=null, maxPoints=42.0, course=CourseDTO[id=956, accuracyOfScores=1]]], feedbacks=[], assessmentType=AUTOMATIC, hasComplaint=null, exampleResult=null, testCaseCount=0, passedTestCaseCount=0, codeIssueCount=0]], BuildJobQueueItem[id=19341739576712112, name=SHORT9AFDAE3804CA304DDF0889A0CB0F56104A86TSTEXC-SOLUTION, buildAgent=BuildAgentDTO[name=artemis-build-agent-test, memberAddress=[127.0.0.1]:5703, displayName=artemis-build-agent-test], participationId=1934, courseId=956, exerciseId=2573, retryCount=0, priority=2, status=FAILED, repositoryInfo=RepositoryInfo[repositoryName=short9afdae3804ca304ddf0889a0cb0f56104a86tstexc-solution, repositoryType=solution, triggeredByPushTo=solution, assignmentRepositoryUri=http://localhost:49152/git/SHORT9AFDAE3804CA304DDF0889A0CB0F56104A86TSTEXC/short9afdae3804ca304ddf0889a0cb0f56104a86tstexc-solution.git, testRepositoryUri=http://localhost:49152/git/SHORT9AFDAE3804CA304DDF0889A0CB0F56104A86TSTEXC/short9afdae3804ca304ddf0889a0cb0f56104a86tstexc-tests.git, solutionRepositoryUri=null, auxiliaryRepositoryUris=[Ljava.lang.String;@2076ebed, auxiliaryRepositoryCheckoutDirectories=[Ljava.lang.String;@620f6147], jobTimingInfo=JobTimingInfo[submissionDate=2025-02-14T23:45:12.112332872Z[Etc/UTC], buildStartDate=2025-02-14T23:45:12.121617114Z[Etc/UTC], buildCompletionDate=2025-02-14T23:45:12.127931701Z[Etc/UTC], estimatedCompletionDate=2025-02-14T23:45:31.121609600Z[Etc/UTC], estimatedDuration=19], buildConfig=BuildConfig[buildScript=#!/bin/bash
cd /var/tmp/testing-dir
chmod +x ./gradlew
./gradlew clean test
, dockerImage=dummy-docker-image:latest, commitHashToBuild=a1099e378cffde441ef85f9b12577ca174b8e1e4, assignmentCommitHash=a1099e378cffde441ef85f9b12577ca174b8e1e4, testCommitHash=bd38d61c299ab11a1dea82a3ca5493fe04d97d47, branch=main, programmingLanguage=JAVA, projectType=PLAIN_GRADLE, scaEnabled=false, sequentialTestRunsEnabled=false, resultPaths=[/var/tmp/testing-dir/**/test-results/test/*.xml], timeoutSeconds=0, assignmentCheckoutPath=null, testCheckoutPath=null, solutionCheckoutPath=null, dockerRunConfig=null], submissionResult=ResultDTO[id=625, completionDate=2025-02-14T23:45:12.128011800Z[Etc/UTC], successful=false, score=0.0, rated=true, submission=SubmissionDTO[id=817, submitted=true, type=MANUAL, exampleSubmission=null, submissionDate=2025-02-14T23:45:12.098737Z, commitHash=a1099e378cffde441ef85f9b12577ca174b8e1e4, buildFailed=true, buildArtifact=false, participation=ParticipationDTO[id=1934, testRun=false, type=solution, submissionCount=null, exercise=ParticipationExerciseDTO[id=2573, exerciseType=PROGRAMMING, type=programming, assessmentType=AUTOMATIC, dueDate=2025-02-16T23:45:10.996982Z, assessmentDueDate=null, maxPoints=42.0, course=CourseDTO[id=956, accuracyOfScores=1]]], submissionExerciseType=programming, isProcessing=false, buildStartDate=null, estimatedCompletionDate=null], participation=ParticipationDTO[id=1934, testRun=false, type=solution, submissionCount=null, exercise=ParticipationExerciseDTO[id=2573, exerciseType=PROGRAMMING, type=programming, assessmentType=AUTOMATIC, dueDate=2025-02-16T23:45:10.996982Z, assessmentDueDate=null, maxPoints=42.0, course=CourseDTO[id=956, accuracyOfScores=1]]], feedbacks=[], assessmentType=AUTOMATIC, hasComplaint=null, exampleResult=null, testCaseCount=0, passedTestCaseCount=0, codeIssueCount=0]], BuildJobQueueItem[id=19341739576713025, name=SHORT9AFDAE3804CA304DDF0889A0CB0F56104A86TSTEXC-SOLUTION, buildAgent=BuildAgentDTO[name=artemis-build-agent-test, memberAddress=[127.0.0.1]:5703, displayName=artemis-build-agent-test], participationId=1934, courseId=956, exerciseId=2573, retryCount=0, priority=2, status=FAILED, repositoryInfo=RepositoryInfo[repositoryName=short9afdae3804ca304ddf0889a0cb0f56104a86tstexc-solution, repositoryType=solution, triggeredByPushTo=tests, assignmentRepositoryUri=http://localhost:49152/git/SHORT9AFDAE3804CA304DDF0889A0CB0F56104A86TSTEXC/short9afdae3804ca304ddf0889a0cb0f56104a86tstexc-solution.git, testRepositoryUri=http://localhost:49152/git/SHORT9AFDAE3804CA304DDF0889A0CB0F56104A86TSTEXC/short9afdae3804ca304ddf0889a0cb0f56104a86tstexc-tests.git, solutionRepositoryUri=null, auxiliaryRepositoryUris=[Ljava.lang.String;@366a3bb3, auxiliaryRepositoryCheckoutDirectories=[Ljava.lang.String;@4a805424], jobTimingInfo=JobTimingInfo[submissionDate=2025-02-14T23:45:13.025319671Z[Etc/UTC], buildStartDate=2025-02-14T23:45:13.040293146Z[Etc/UTC], buildCompletionDate=2025-02-14T23:45:13.053032917Z[Etc/UTC], estimatedCompletionDate=2025-02-14T23:45:32.040285703Z[Etc/UTC], estimatedDuration=19], buildConfig=BuildConfig[buildScript=#!/bin/bash
cd /var/tmp/testing-dir
chmod +x ./gradlew
./gradlew clean test
, dockerImage=dummy-docker-image:latest, commitHashToBuild=784f8f0049d2a1a54f21c67dd772bea86715267a, assignmentCommitHash=a1099e378cffde441ef85f9b12577ca174b8e1e4, testCommitHash=784f8f0049d2a1a54f21c67dd772bea86715267a, branch=main, programmingLanguage=JAVA, projectType=PLAIN_GRADLE, scaEnabled=false, sequentialTestRunsEnabled=false, resultPaths=[/var/tmp/testing-dir/**/test-results/test/*.xml], timeoutSeconds=0, assignmentCheckoutPath=null, testCheckoutPath=null, solutionCheckoutPath=null, dockerRunConfig=null], submissionResult=ResultDTO[id=626, completionDate=2025-02-14T23:45:13.053131811Z[Etc/UTC], successful=false, score=0.0, rated=true, submission=SubmissionDTO[id=818, submitted=true, type=TEST, exampleSubmission=null, submissionDate=2025-02-14T23:45:13.005779Z, commitHash=784f8f0049d2a1a54f21c67dd772bea86715267a, buildFailed=true, buildArtifact=false, participation=ParticipationDTO[id=1934, testRun=false, type=solution, submissionCount=null, exercise=ParticipationExerciseDTO[id=2573, exerciseType=PROGRAMMING, type=programming, assessmentType=AUTOMATIC, dueDate=2025-02-16T23:45:10.996982Z, assessmentDueDate=null, maxPoints=42.0, course=CourseDTO[id=956, accuracyOfScores=1]]], submissionExerciseType=programming, isProcessing=false, buildStartDate=null, estimatedCompletionDate=null], participation=ParticipationDTO[id=1934, testRun=false, type=solution, submissionCount=null, exercise=ParticipationExerciseDTO[id=2573, exerciseType=PROGRAMMING, type=programming, assessmentType=AUTOMATIC, dueDate=2025-02-16T23:45:10.996982Z, assessmentDueDate=null, maxPoints=42.0, course=CourseDTO[id=956, accuracyOfScores=1]]], feedbacks=[], assessmentType=AUTOMATIC, hasComplaint=null, exampleResult=null, testCaseCount=0, passedTestCaseCount=0, codeIssueCount=0]], BuildJobQueueItem[id=19581739576715555, name=SHORTC1A3F9FC03D2304B4308FA20AF16D54AAA49TSTEXC-LOCALVCSSHINTSTUDENT1, buildAgent=BuildAgentDTO[name=artemis-build-agent-test, memberAddress=[127.0.0.1]:5703, displayName=artemis-build-agent-test], participationId=1958, courseId=965, exerciseId=2582, retryCount=0, priority=2, status=FAILED, repositoryInfo=RepositoryInfo[repositoryName=shortc1a3f9fc03d2304b4308fa20af16d54aaa49tstexc-localvcsshintstudent1, repositoryType=user, triggeredByPushTo=user, assignmentRepositoryUri=http://localhost:49152/git/SHORTC1A3F9FC03D2304B4308FA20AF16D54AAA49TSTEXC/shortc1a3f9fc03d2304b4308fa20af16d54aaa49tstexc-localvcsshintstudent1.git, testRepositoryUri=http://localhost:49152/git/SHORTC1A3F9FC03D2304B4308FA20AF16D54AAA49TSTEXC/shortc1a3f9fc03d2304b4308fa20af16d54aaa49tstexc-tests.git, solutionRepositoryUri=null, auxiliaryRepositoryUris=[Ljava.lang.String;@5d3ef71a, auxiliaryRepositoryCheckoutDirectories=[Ljava.lang.String;@4422b0a3], jobTimingInfo=JobTimingInfo[submissionDate=2025-02-14T23:45:15.555989584Z[Etc/UTC], buildStartDate=2025-02-14T23:45:15.568477627Z[Etc/UTC], buildCompletionDate=2025-02-14T23:45:15.579021148Z[Etc/UTC], estimatedCompletionDate=2025-02-14T23:45:34.568443924Z[Etc/UTC], estimatedDuration=19], buildConfig=BuildConfig[buildScript=#!/bin/bash
cd /var/tmp/testing-dir
chmod +x ./gradlew
./gradlew clean test
, dockerImage=dummy-docker-image:latest, commitHashToBuild=ca76dac20e040e6609db02fd7fedd56bf58829d7, assignmentCommitHash=ca76dac20e040e6609db02fd7fedd56bf58829d7, testCommitHash=bd0d58c226dc63bfa4bc9052870589952c0a1f83, branch=main, programmingLanguage=JAVA, projectType=PLAIN_GRADLE, scaEnabled=false, sequentialTestRunsEnabled=false, resultPaths=[/var/tmp/testing-dir/**/test-results/test/*.xml], timeoutSeconds=0, assignmentCheckoutPath=null, testCheckoutPath=null, solutionCheckoutPath=null, dockerRunConfig=null], submissionResult=ResultDTO[id=627, completionDate=2025-02-14T23:45:15.579119131Z[Etc/UTC], successful=false, score=0.0, rated=true, submission=SubmissionDTO[id=820, submitted=true, type=MANUAL, exampleSubmission=null, submissionDate=2025-02-14T23:45:15.548349Z, commitHash=ca76dac20e040e6609db02fd7fedd56bf58829d7, buildFailed=true, buildArtifact=false, participation=ParticipationDTO[id=1958, testRun=false, type=programming, submissionCount=null, exercise=ParticipationExerciseDTO[id=2582, exerciseType=PROGRAMMING, type=programming, assessmentType=AUTOMATIC, dueDate=2025-02-16T23:45:15.103512Z, assessmentDueDate=null, maxPoints=42.0, course=CourseDTO[id=965, accuracyOfScores=1]]], submissionExerciseType=programming, isProcessing=false, buildStartDate=null, estimatedCompletionDate=null], participation=ParticipationDTO[id=1958, testRun=false, type=programming, submissionCount=null, exercise=ParticipationExerciseDTO[id=2582, exerciseType=PROGRAMMING, type=programming, assessmentType=AUTOMATIC, dueDate=2025-02-16T23:45:15.103512Z, assessmentDueDate=null, maxPoints=42.0, course=CourseDTO[id=965, accuracyOfScores=1]]], feedbacks=[], assessmentType=AUTOMATIC, hasComplaint=null, exampleResult=null, testCaseCount=0, passedTestCaseCount=0, codeIssueCount=0]], BuildJobQueueItem[id=19801739576719393, name=SHORTB2A6C58B0D447045380A858075B170A5B7C6TSTEXC-LOCALVCSSHINTSTUDENT1, buildAgent=BuildAgentDTO[name=artemis-build-agent-test, memberAddress=[127.0.0.1]:5703, displayName=artemis-build-agent-test], participationId=1980, courseId=974, exerciseId=2591, retryCount=0, priority=2, status=FAILED, repositoryInfo=RepositoryInfo[repositoryName=shortb2a6c58b0d447045380a858075b170a5b7c6tstexc-localvcsshintstudent1, repositoryType=user, triggeredByPushTo=user, assignmentRepositoryUri=http://localhost:49152/git/SHORTB2A6C58B0D447045380A858075B170A5B7C6TSTEXC/shortb2a6c58b0d447045380a858075b170a5b7c6tstexc-localvcsshintstudent1.git, testRepositoryUri=http://localhost:49152/git/SHORTB2A6C58B0D447045380A858075B170A5B7C6TSTEXC/shortb2a6c58b0d447045380a858075b170a5b7c6tstexc-tests.git, solutionRepositoryUri=null, auxiliaryRepositoryUris=[Ljava.lang.String;@2372bc37, auxiliaryRepositoryCheckoutDirectories=[Ljava.lang.String;@6b1bed09], jobTimingInfo=JobTimingInfo[submissionDate=2025-02-14T23:45:19.393259829Z[Etc/UTC], buildStartDate=2025-02-14T23:45:19.405438171Z[Etc/UTC], buildCompletionDate=2025-02-14T23:45:19.414070673Z[Etc/UTC], estimatedCompletionDate=2025-02-14T23:45:38.405431569Z[Etc/UTC], estimatedDuration=19], buildConfig=BuildConfig[buildScript=#!/bin/bash
cd /var/tmp/testing-dir
chmod +x ./gradlew
./gradlew clean test
, dockerImage=dummy-docker-image:latest, commitHashToBuild=363cdbf709a9fff149f813ab848ee800a675cc77, assignmentCommitHash=363cdbf709a9fff149f813ab848ee800a675cc77, testCommitHash=a5e046ece417b2e538f21f816e2524dab61e0d10, branch=main, programmingLanguage=JAVA, projectType=PLAIN_GRADLE, scaEnabled=false, sequentialTestRunsEnabled=false, resultPaths=[/var/tmp/testing-dir/**/test-results/test/*.xml], timeoutSeconds=0, assignmentCheckoutPath=null, testCheckoutPath=null, solutionCheckoutPath=null, dockerRunConfig=null], submissionResult=ResultDTO[id=628, completionDate=2025-02-14T23:45:19.414171040Z[Etc/UTC], successful=false, score=0.0, rated=true, submission=SubmissionDTO[id=821, submitted=true, type=MANUAL, exampleSubmission=null, submissionDate=2025-02-14T23:45:19.376840Z, commitHash=363cdbf709a9fff149f813ab848ee800a675cc77, buildFailed=true, buildArtifact=false, participation=ParticipationDTO[id=1980, testRun=false, type=programming, submissionCount=null, exercise=ParticipationExerciseDTO[id=2591, exerciseType=PROGRAMMING, type=programming, assessmentType=AUTOMATIC, dueDate=2025-02-16T23:45:18.950569Z, assessmentDueDate=null, maxPoints=42.0, course=CourseDTO[id=974, accuracyOfScores=1]]], submissionExerciseType=programming, isProcessing=false, buildStartDate=null, estimatedCompletionDate=null], participation=ParticipationDTO[id=1980, testRun=false, type=programming, submissionCount=null, exercise=ParticipationExerciseDTO[id=2591, exerciseType=PROGRAMMING, type=programming, assessmentType=AUTOMATIC, dueDate=2025-02-16T23:45:18.950569Z, assessmentDueDate=null, maxPoints=42.0, course=CourseDTO[id=974, accuracyOfScores=1]]], feedbacks=[], assessmentType=AUTOMATIC, hasComplaint=null, exampleResult=null, testCaseCount=0, passedTestCaseCount=0, codeIssueCount=0]], BuildJobQueueItem[id=19791739576719787, name=SHORTB2A6C58B0D447045380A858075B170A5B7C6TSTEXC-BASE, buildAgent=BuildAgentDTO[name=artemis-build-agent-test, memberAddress=[127.0.0.1]:5703, displayName=artemis-build-agent-test], participationId=1979, courseId=974, exerciseId=2591, retryCount=0, priority=2, status=FAILED, repositoryInfo=RepositoryInfo[repositoryName=shortb2a6c58b0d447045380a858075b170a5b7c6tstexc-exercise, repositoryType=exercise, triggeredByPushTo=exercise, assignmentRepositoryUri=http://localhost:49152/git/SHORTB2A6C58B0D447045380A858075B170A5B7C6TSTEXC/shortb2a6c58b0d447045380a858075b170a5b7c6tstexc-exercise.git, testRepositoryUri=http://localhost:49152/git/SHORTB2A6C58B0D447045380A858075B170A5B7C6TSTEXC/shortb2a6c58b0d447045380a858075b170a5b7c6tstexc-tests.git, solutionRepositoryUri=null, auxiliaryRepositoryUris=[Ljava.lang.String;@41b74157, auxiliaryRepositoryCheckoutDirectories=[Ljava.lang.String;@10c1466a], jobTimingInfo=JobTimingInfo[submissionDate=2025-02-14T23:45:19.787985058Z[Etc/UTC], buildStartDate=2025-02-14T23:45:19.796327417Z[Etc/UTC], buildCompletionDate=2025-02-14T23:45:19.799750982Z[Etc/UTC], estimatedCompletionDate=2025-02-14T23:45:38.796319082Z[Etc/UTC], estimatedDuration=19], buildConfig=BuildConfig[buildScript=#!/bin/bash
cd /var/tmp/testing-dir
chmod +x ./gradlew
./gradlew clean test
, dockerImage=dummy-docker-image:latest, commitHashToBuild=363cdbf709a9fff149f813ab848ee800a675cc77, assignmentCommitHash=363cdbf709a9fff149f813ab848ee800a675cc77, testCommitHash=a5e046ece417b2e538f21f816e2524dab61e0d10, branch=main, programmingLanguage=JAVA, projectType=PLAIN_GRADLE, scaEnabled=false, sequentialTestRunsEnabled=false, resultPaths=[/var/tmp/testing-dir/**/test-results/test/*.xml], timeoutSeconds=0, assignmentCheckoutPath=null, testCheckoutPath=null, solutionCheckoutPath=null, dockerRunConfig=null], submissionResult=ResultDTO[id=629, completionDate=2025-02-14T23:45:19.799820341Z[Etc/UTC], successful=false, score=0.0, rated=true, submission=SubmissionDTO[id=822, submitted=true, type=MANUAL, exampleSubmission=null, submissionDate=2025-02-14T23:45:19.775952Z, commitHash=363cdbf709a9fff149f813ab848ee800a675cc77, buildFailed=true, buildArtifact=false, participation=ParticipationDTO[id=1979, testRun=false, type=template, submissionCount=null, exercise=ParticipationExerciseDTO[id=2591, exerciseType=PROGRAMMING, type=programming, assessmentType=AUTOMATIC, dueDate=2025-02-16T23:45:18.950569Z, assessmentDueDate=null, maxPoints=42.0, course=CourseDTO[id=974, accuracyOfScores=1]]], submissionExerciseType=programming, isProcessing=false, buildStartDate=null, estimatedCompletionDate=null], participation=ParticipationDTO[id=1979, testRun=false, type=template, submissionCount=null, exercise=ParticipationExerciseDTO[id=2591, exerciseType=PROGRAMMING, type=programming, assessmentType=AUTOMATIC, dueDate=2025-02-16T23:45:18.950569Z, assessmentDueDate=null, maxPoints=42.0, course=CourseDTO[id=974, accuracyOfScores=1]]], feedbacks=[], assessmentType=AUTOMATIC, hasComplaint=null, exampleResult=null, testCaseCount=0, passedTestCaseCount=0, codeIssueCount=0]], BuildJobQueueItem[id=19781739576720235, name=SHORTB2A6C58B0D447045380A858075B170A5B7C6TSTEXC-SOLUTION, buildAgent=BuildAgentDTO[name=artemis-build-agent-test, memberAddress=[127.0.0.1]:5703, displayName=artemis-build-agent-test], participationId=1978, courseId=974, exerciseId=2591, retryCount=0, priority=2, status=FAILED, repositoryInfo=RepositoryInfo[repositoryName=shortb2a6c58b0d447045380a858075b170a5b7c6tstexc-solution, repositoryType=solution, triggeredByPushTo=solution, assignmentRepositoryUri=http://localhost:49152/git/SHORTB2A6C58B0D447045380A858075B170A5B7C6TSTEXC/shortb2a6c58b0d447045380a858075b170a5b7c6tstexc-solution.git, testRepositoryUri=http://localhost:49152/git/SHORTB2A6C58B0D447045380A858075B170A5B7C6TSTEXC/shortb2a6c58b0d447045380a858075b170a5b7c6tstexc-tests.git, solutionRepositoryUri=null, auxiliaryRepositoryUris=[Ljava.lang.String;@26e4c341, auxiliaryRepositoryCheckoutDirectories=[Ljava.lang.String;@12231131], jobTimingInfo=JobTimingInfo[submissionDate=2025-02-14T23:45:20.235272325Z[Etc/UTC], buildStartDate=2025-02-14T23:45:20.243033812Z[Etc/UTC], buildCompletionDate=2025-02-14T23:45:20.250721018Z[Etc/UTC], estimatedCompletionDate=2025-02-14T23:45:39.243026949Z[Etc/UTC], estimatedDuration=19], buildConfig=BuildConfig[buildScript=#!/bin/bash
cd /var/tmp/testing-dir
chmod +x ./gradlew
./gradlew clean test
, dockerImage=dummy-docker-image:latest, commitHashToBuild=c710d0e68c9c7db8cda7d1a278308de2b9642cc0, assignmentCommitHash=c710d0e68c9c7db8cda7d1a278308de2b9642cc0, testCommitHash=a5e046ece417b2e538f21f816e2524dab61e0d10, branch=main, programmingLanguage=JAVA, projectType=PLAIN_GRADLE, scaEnabled=false, sequentialTestRunsEnabled=false, resultPaths=[/var/tmp/testing-dir/**/test-results/test/*.xml], timeoutSeconds=0, assignmentCheckoutPath=null, testCheckoutPath=null, solutionCheckoutPath=null, dockerRunConfig=null], submissionResult=ResultDTO[id=630, completionDate=2025-02-14T23:45:20.250809893Z[Etc/UTC], successful=false, score=0.0, rated=true, submission=SubmissionDTO[id=823, submitted=true, type=MANUAL, exampleSubmission=null, submissionDate=2025-02-14T23:45:20.211707Z, commitHash=c710d0e68c9c7db8cda7d1a278308de2b9642cc0, buildFailed=true, buildArtifact=false, participation=ParticipationDTO[id=1978, testRun=false, type=solution, submissionCount=null, exercise=ParticipationExerciseDTO[id=2591, exerciseType=PROGRAMMING, type=programming, assessmentType=AUTOMATIC, dueDate=2025-02-16T23:45:18.950569Z, assessmentDueDate=null, maxPoints=42.0, course=CourseDTO[id=974, accuracyOfScores=1]]], submissionExerciseType=programming, isProcessing=false, buildStartDate=null, estimatedCompletionDate=null], participation=ParticipationDTO[id=1978, testRun=false, type=solution, submissionCount=null, exercise=ParticipationExerciseDTO[id=2591, exerciseType=PROGRAMMING, type=programming, assessmentType=AUTOMATIC, dueDate=2025-02-16T23:45:18.950569Z, assessmentDueDate=null, maxPoints=42.0, course=CourseDTO[id=974, accuracyOfScores=1]]], feedbacks=[], assessmentType=AUTOMATIC, hasComplaint=null, exampleResult=null, testCaseCount=0, passedTestCaseCount=0, codeIssueCount=0]], BuildJobQueueItem[id=19781739576720802, name=SHORTB2A6C58B0D447045380A858075B170A5B7C6TSTEXC-SOLUTION, buildAgent=BuildAgentDTO[name=artemis-build-agent-test, memberAddress=[127.0.0.1]:5703, displayName=artemis-build-agent-test], participationId=1978, courseId=974, exerciseId=2591, retryCount=0, priority=2, status=FAILED, repositoryInfo=RepositoryInfo[repositoryName=shortb2a6c58b0d447045380a858075b170a5b7c6tstexc-solution, repositoryType=solution, triggeredByPushTo=tests, assignmentRepositoryUri=http://localhost:49152/git/SHORTB2A6C58B0D447045380A858075B170A5B7C6TSTEXC/shortb2a6c58b0d447045380a858075b170a5b7c6tstexc-solution.git, testRepositoryUri=http://localhost:49152/git/SHORTB2A6C58B0D447045380A858075B170A5B7C6TSTEXC/shortb2a6c58b0d447045380a858075b170a5b7c6tstexc-tests.git, solutionRepositoryUri=null, auxiliaryRepositoryUris=[Ljava.lang.String;@696547db, auxiliaryRepositoryCheckoutDirectories=[Ljava.lang.String;@730dae8b], jobTimingInfo=JobTimingInfo[submissionDate=2025-02-14T23:45:20.802935026Z[Etc/UTC], buildStartDate=2025-02-14T23:45:20.809306435Z[Etc/UTC], buildCompletionDate=2025-02-14T23:45:20.822452342Z[Etc/UTC], estimatedCompletionDate=2025-02-14T23:45:39.809298491Z[Etc/UTC], estimatedDuration=19], buildConfig=BuildConfig[buildScript=#!/bin/bash
cd /var/tmp/testing-dir
chmod +x ./gradlew
./gradlew clean test
, dockerImage=dummy-docker-image:latest, commitHashToBuild=c710d0e68c9c7db8cda7d1a278308de2b9642cc0, assignmentCommitHash=c710d0e68c9c7db8cda7d1a278308de2b9642cc0, testCommitHash=c710d0e68c9c7db8cda7d1a278308de2b9642cc0, branch=main, programmingLanguage=JAVA, projectType=PLAIN_GRADLE, scaEnabled=false, sequentialTestRunsEnabled=false, resultPaths=[/var/tmp/testing-dir/**/test-results/test/*.xml], timeoutSeconds=0, assignmentCheckoutPath=null, testCheckoutPath=null, solutionCheckoutPath=null, dockerRunConfig=null], submissionResult=ResultDTO[id=631, completionDate=2025-02-14T23:45:20.822527362Z[Etc/UTC], successful=false, score=0.0, rated=true, submission=SubmissionDTO[id=824, submitted=true, type=TEST, exampleSubmission=null, submissionDate=2025-02-14T23:45:20.791240Z, commitHash=c710d0e68c9c7db8cda7d1a278308de2b9642cc0, buildFailed=true, buildArtifact=false, participation=ParticipationDTO[id=1978, testRun=false, type=solution, submissionCount=null, exercise=ParticipationExerciseDTO[id=2591, exerciseType=PROGRAMMING, type=programming, assessmentType=AUTOMATIC, dueDate=2025-02-16T23:45:18.950569Z, assessmentDueDate=null, maxPoints=42.0, course=CourseDTO[id=974, accuracyOfScores=1]]], submissionExerciseType=programming, isProcessing=false, buildStartDate=null, estimatedCompletionDate=null], participation=ParticipationDTO[id=1978, testRun=false, type=solution, submissionCount=null, exercise=ParticipationExerciseDTO[id=2591, exerciseType=PROGRAMMING, type=programming, assessmentType=AUTOMATIC, dueDate=2025-02-16T23:45:18.950569Z, assessmentDueDate=null, maxPoints=42.0, course=CourseDTO[id=974, accuracyOfScores=1]]], feedbacks=[], assessmentType=AUTOMATIC, hasComplaint=null, exampleResult=null, testCaseCount=0, passedTestCaseCount=0, codeIssueCount=0]], BuildJobQueueItem[id=20061739576732554, name=SHORT94A899E303D7504C5D0840704DAAFA3DFF4DTSTEXC-LOCALVCCIINTINSTRUCTOR1, buildAgent=BuildAgentDTO[name=artemis-build-agent-test, memberAddress=[127.0.0.1]:5703, displayName=artemis-build-agent-test], participationId=2006, courseId=984, exerciseId=2601, retryCount=0, priority=2, status=SUCCESSFUL, repositoryInfo=RepositoryInfo[repositoryName=short94a899e303d7504c5d0840704daafa3dff4dtstexc-localvcciintinstructor1, repositoryType=user, triggeredByPushTo=user, assignmentRepositoryUri=http://localhost:49152/git/SHORT94A899E303D7504C5D0840704DAAFA3DFF4DTSTEXC/short94a899e303d7504c5d0840704daafa3dff4dtstexc-localvcciintinstructor1.git, testRepositoryUri=http://localhost:49152/git/SHORT94A899E303D7504C5D0840704DAAFA3DFF4DTSTEXC/short94a899e303d7504c5d0840704daafa3dff4dtstexc-tests.git, solutionRepositoryUri=null, auxiliaryRepositoryUris=[Ljava.lang.String;@73f38560, auxiliaryRepositoryCheckoutDirectories=[Ljava.lang.String;@79d3a8b6], jobTimingInfo=JobTimingInfo[submissionDate=2025-02-14T23:45:32.554795798Z[Etc/UTC], buildStartDate=2025-02-14T23:45:32.567287465Z[Etc/UTC], buildCompletionDate=2025-02-14T23:45:34.535226768Z[Etc/UTC], estimatedCompletionDate=2025-02-14T23:45:51.567257960Z[Etc/UTC], estimatedDuration=19], buildConfig=BuildConfig[buildScript=#!/bin/bash
cd /var/tmp/testing-dir
chmod +x ./gradlew
./gradlew clean test
, dockerImage=dummy-docker-image:latest, commitHashToBuild=ca2dbc0ae87edf7035058a6a17c0ea60e90a290f, assignmentCommitHash=ca2dbc0ae87edf7035058a6a17c0ea60e90a290f, testCommitHash=0207f6f98af5fbb66ad68455f3fc3cf128af8ae9, branch=main, programmingLanguage=JAVA, projectType=PLAIN_GRADLE, scaEnabled=false, sequentialTestRunsEnabled=false, resultPaths=[/var/tmp/testing-dir/**/test-results/test/*.xml], timeoutSeconds=0, assignmentCheckoutPath=null, testCheckoutPath=null, solutionCheckoutPath=null, dockerRunConfig=null], submissionResult=ResultDTO[id=632, completionDate=2025-02-14T23:45:34.504415716Z[Etc/UTC], successful=false, score=7.7, rated=false, submission=SubmissionDTO[id=826, submitted=true, type=MANUAL, exampleSubmission=null, submissionDate=2025-02-14T23:45:32.541533Z, commitHash=ca2dbc0ae87edf7035058a6a17c0ea60e90a290f, buildFailed=false, buildArtifact=false, participation=ParticipationDTO[id=2006, testRun=true, type=programming, submissionCount=null, exercise=ParticipationExerciseDTO[id=2601, exerciseType=PROGRAMMING, type=programming, assessmentType=AUTOMATIC, dueDate=2025-02-16T23:45:31.864042Z, assessmentDueDate=null, maxPoints=42.0, course=CourseDTO[id=984, accuracyOfScores=1]]], submissionExerciseType=programming, isProcessing=false, buildStartDate=null, estimatedCompletionDate=null], participation=ParticipationDTO[id=2006, testRun=true, type=programming, submissionCount=null, exercise=ParticipationExerciseDTO[id=2601, exerciseType=PROGRAMMING, type=programming, assessmentType=AUTOMATIC, dueDate=2025-02-16T23:45:31.864042Z, assessmentDueDate=null, maxPoints=42.0, course=CourseDTO[id=984, accuracyOfScores=1]]], feedbacks=[FeedbackDTO[id=920, text=null, detailText=The exercise expects a class with the name Context in the package testpackage. You did not implement the class in the exercise., hasLongFeedbackText=false, reference=null, credits=0.0, positive=false, type=AUTOMATIC, visibility=ALWAYS, testCase=TestCaseDTO[testName=null, id=1357]], FeedbackDTO[id=921, text=null, detailText=The exercise expects a class with the name Policy in the package testpackage. You did not implement the class in the exercise., hasLongFeedbackText=false, reference=null, credits=0.0, positive=false, type=AUTOMATIC, visibility=ALWAYS, testCase=TestCaseDTO[testName=null, id=1358]], FeedbackDTO[id=922, text=null, detailText=The exercise expects a class with the name SortStrategy in the package testpackage. You did not implement the class in the exercise., hasLongFeedbackText=false, reference=null, credits=0.0, positive=false, type=AUTOMATIC, visibility=ALWAYS, testCase=TestCaseDTO[testName=null, id=1359]], FeedbackDTO[id=923, text=null, detailText=The class 'MergeSort' does not implement the interface 'SortStrategy' as expected. Implement the interface and its methods., hasLongFeedbackText=false, reference=null, credits=0.0, positive=false, type=AUTOMATIC, visibility=ALWAYS, testCase=TestCaseDTO[testName=null, id=1354]], FeedbackDTO[id=924, text=null, detailText=The exercise expects a class with the name SortStrategy in the package testpackage. You did not implement the class in the exercise., hasLongFeedbackText=false, reference=null, credits=0.0, positive=false, type=AUTOMATIC, visibility=ALWAYS, testCase=TestCaseDTO[testName=null, id=1351]], FeedbackDTO[id=925, text=null, detailText=The class 'BubbleSort' does not implement the interface 'SortStrategy' as expected. Implement the interface and its methods., hasLongFeedbackText=false, reference=null, credits=0.0, positive=false, type=AUTOMATIC, visibility=ALWAYS, testCase=TestCaseDTO[testName=null, id=1355]], FeedbackDTO[id=926, text=null, detailText=MergeSort does not sort correctly, hasLongFeedbackText=false, reference=null, credits=0.0, positive=false, type=AUTOMATIC, visibility=ALWAYS, testCase=TestCaseDTO[testName=null, id=1360]], FeedbackDTO[id=927, text=null, detailText=The class 'Context' was not found within the submission. Make sure to implement it properly., hasLongFeedbackText=false, reference=null, credits=0.0, positive=false, type=AUTOMATIC, visibility=ALWAYS, testCase=TestCaseDTO[testName=null, id=1361]], FeedbackDTO[id=928, text=null, detailText=The class 'Context' was not found within the submission. Make sure to implement it properly., hasLongFeedbackText=false, reference=null, credits=0.0, positive=false, type=AUTOMATIC, visibility=ALWAYS, testCase=TestCaseDTO[testName=null, id=1362]], FeedbackDTO[id=929, text=null, detailText=The exercise expects a class with the name Policy in the package testpackage. You did not implement the class in the exercise., hasLongFeedbackText=false, reference=null, credits=0.0, positive=false, type=AUTOMATIC, visibility=ALWAYS, testCase=TestCaseDTO[testName=null, id=1356]], FeedbackDTO[id=930, text=null, detailText=The exercise expects a class with the name Context in the package testpackage. You did not implement the class in the exercise., hasLongFeedbackText=false, reference=null, credits=0.0, positive=false, type=AUTOMATIC, visibility=ALWAYS, testCase=TestCaseDTO[testName=null, id=1352]], FeedbackDTO[id=931, text=null, detailText=The exercise expects a class with the name Policy in the package testpackage. You did not implement the class in the exercise., hasLongFeedbackText=false, reference=null, credits=0.0, positive=false, type=AUTOMATIC, visibility=ALWAYS, testCase=TestCaseDTO[testName=null, id=1353]], FeedbackDTO[id=932, text=null, detailText=null, hasLongFeedbackText=false, reference=null, credits=3.230769230769231, positive=true, type=AUTOMATIC, visibility=ALWAYS, testCase=TestCaseDTO[testName=null, id=1363]]], assessmentType=AUTOMATIC, hasComplaint=null, exampleResult=null, testCaseCount=13, passedTestCaseCount=1, codeIssueCount=0]], BuildJobQueueItem[id=20111739576737317, name=SHORTD49A6DAE04F9E049850BD5601663FD17A5B7TSTEXC-BASE, buildAgent=BuildAgentDTO[name=artemis-build-agent-test, memberAddress=[127.0.0.1]:5703, displayName=artemis-build-agent-test], participationId=2011, courseId=986, exerciseId=2603, retryCount=0, priority=2, status=SUCCESSFUL, repositoryInfo=RepositoryInfo[repositoryName=shortd49a6dae04f9e049850bd5601663fd17a5b7tstexc-exercise, repositoryType=exercise, triggeredByPushTo=exercise, assignmentRepositoryUri=http://localhost:49152/git/SHORTD49A6DAE04F9E049850BD5601663FD17A5B7TSTEXC/shortd49a6dae04f9e049850bd5601663fd17a5b7tstexc-exercise.git, testRepositoryUri=http://localhost:49152/git/SHORTD49A6DAE04F9E049850BD5601663FD17A5B7TSTEXC/shortd49a6dae04f9e049850bd5601663fd17a5b7tstexc-tests.git, solutionRepositoryUri=null, auxiliaryRepositoryUris=[Ljava.lang.String;@3acb63c8, auxiliaryRepositoryCheckoutDirectories=[Ljava.lang.String;@242cebec], jobTimingInfo=JobTimingInfo[submissionDate=2025-02-14T23:45:37.317968648Z[Etc/UTC], buildStartDate=2025-02-14T23:45:37.324534774Z[Etc/UTC], buildCompletionDate=2025-02-14T23:45:38.527225461Z[Etc/UTC], estimatedCompletionDate=2025-02-14T23:45:56.324506331Z[Etc/UTC], estimatedDuration=19], buildConfig=BuildConfig[buildScript=#!/bin/bash
cd /var/tmp/testing-dir
chmod +x ./gradlew
./gradlew clean test
, dockerImage=dummy-docker-image:latest, commitHashToBuild=c795243c185829bbefa399f45dcbcfac22311b2f, assignmentCommitHash=c795243c185829bbefa399f45dcbcfac22311b2f, testCommitHash=fa8b162170bf767d852e05e0eb7a128efa2e1f34, branch=main, programmingLanguage=JAVA, projectType=PLAIN_GRADLE, scaEnabled=false, sequentialTestRunsEnabled=false, resultPaths=[/var/tmp/testing-dir/**/test-results/test/*.xml], timeoutSeconds=0, assignmentCheckoutPath=null, testCheckoutPath=null, solutionCheckoutPath=null, dockerRunConfig=null], submissionResult=ResultDTO[id=633, completionDate=2025-02-14T23:45:38.476795726Z[Etc/UTC], successful=false, score=0.0, rated=true, submission=SubmissionDTO[id=827, submitted=true, type=MANUAL, exampleSubmission=null, submissionDate=2025-02-14T23:45:37.303401Z, commitHash=c795243c185829bbefa399f45dcbcfac22311b2f, buildFailed=false, buildArtifact=false, participation=ParticipationDTO[id=2011, testRun=false, type=template, submissionCount=null, exercise=ParticipationExerciseDTO[id=2603, exerciseType=PROGRAMMING, type=programming, assessmentType=AUTOMATIC, dueDate=2025-02-16T23:45:36.830269Z, assessmentDueDate=null, maxPoints=42.0, course=CourseDTO[id=986, accuracyOfScores=1]]], submissionExerciseType=programming, isProcessing=false, buildStartDate=null, estimatedCompletionDate=null], participation=ParticipationDTO[id=2011, testRun=false, type=template, submissionCount=null, exercise=ParticipationExerciseDTO[id=2603, exerciseType=PROGRAMMING, type=programming, assessmentType=AUTOMATIC, dueDate=2025-02-16T23:45:36.830269Z, assessmentDueDate=null, maxPoints=42.0, course=CourseDTO[id=986, accuracyOfScores=1]]], feedbacks=[FeedbackDTO[id=933, text=null, detailText=The exercise expects a class with the name Context in the package testpackage. You did not implement the class in the exercise., hasLongFeedbackText=false, reference=null, credits=0.0, positive=false, type=AUTOMATIC, visibility=ALWAYS, testCase=TestCaseDTO[testName=testMethods[Context], id=1383]], FeedbackDTO[id=934, text=null, detailText=The exercise expects a class with the name Policy in the package testpackage. You did not implement the class in the exercise., hasLongFeedbackText=false, reference=null, credits=0.0, positive=false, type=AUTOMATIC, visibility=ALWAYS, testCase=TestCaseDTO[testName=testMethods[Policy], id=1384]], FeedbackDTO[id=935, text=null, detailText=The exercise expects a class with the name SortStrategy in the package testpackage. You did not implement the class in the exercise., hasLongFeedbackText=false, reference=null, credits=0.0, positive=false, type=AUTOMATIC, visibility=ALWAYS, testCase=TestCaseDTO[testName=testMethods[SortStrategy], id=1385]], FeedbackDTO[id=936, text=null, detailText=The class 'MergeSort' does not implement the interface 'SortStrategy' as expected. Implement the interface and its methods., hasLongFeedbackText=false, reference=null, credits=0.0, positive=false, type=AUTOMATIC, visibility=ALWAYS, testCase=TestCaseDTO[testName=testClass[MergeSort], id=1380]], FeedbackDTO[id=937, text=null, detailText=The exercise expects a class with the name SortStrategy in the package testpackage. You did not implement the class in the exercise., hasLongFeedbackText=false, reference=null, credits=0.0, positive=false, type=AUTOMATIC, visibility=ALWAYS, testCase=TestCaseDTO[testName=testClass[SortStrategy], id=1377]], FeedbackDTO[id=938, text=null, detailText=The class 'BubbleSort' does not implement the interface 'SortStrategy' as expected. Implement the interface and its methods., hasLongFeedbackText=false, reference=null, credits=0.0, positive=false, type=AUTOMATIC, visibility=ALWAYS, testCase=TestCaseDTO[testName=testClass[BubbleSort], id=1381]], FeedbackDTO[id=939, text=null, detailText=MergeSort does not sort correctly, hasLongFeedbackText=false, reference=null, credits=0.0, positive=false, type=AUTOMATIC, visibility=ALWAYS, testCase=TestCaseDTO[testName=testMergeSort(), id=1386]], FeedbackDTO[id=940, text=null, detailText=The class 'Context' was not found within the submission. Make sure to implement it properly., hasLongFeedbackText=false, reference=null, credits=0.0, positive=false, type=AUTOMATIC, visibility=ALWAYS, testCase=TestCaseDTO[testName=testUseBubbleSortForSmallList(), id=1387]], FeedbackDTO[id=941, text=null, detailText=BubbleSort does not sort correctly, hasLongFeedbackText=false, reference=null, credits=0.0, positive=false, type=AUTOMATIC, visibility=ALWAYS, testCase=TestCaseDTO[testName=testBubbleSort(), id=1389]], FeedbackDTO[id=942, text=null, detailText=The class 'Context' was not found within the submission. Make sure to implement it properly., hasLongFeedbackText=false, reference=null, credits=0.0, positive=false, type=AUTOMATIC, visibility=ALWAYS, testCase=TestCaseDTO[testName=testUseMergeSortForBigList(), id=1388]], FeedbackDTO[id=943, text=null, detailText=The exercise expects a class with the name Policy in the package testpackage. You did not implement the class in the exercise., hasLongFeedbackText=false, reference=null, credits=0.0, positive=false, type=AUTOMATIC, visibility=ALWAYS, testCase=TestCaseDTO[testName=testConstructors[Policy], id=1382]], FeedbackDTO[id=944, text=null, detailText=The exercise expects a class with the name Context in the package testpackage. You did not implement the class in the exercise., hasLongFeedbackText=false, reference=null, credits=0.0, positive=false, type=AUTOMATIC, visibility=ALWAYS, testCase=TestCaseDTO[testName=testAttributes[Context], id=1378]], FeedbackDTO[id=945, text=null, detailText=The exercise expects a class with the name Policy in the package testpackage. You did not implement the class in the exercise., hasLongFeedbackText=false, reference=null, credits=0.0, positive=false, type=AUTOMATIC, visibility=ALWAYS, testCase=TestCaseDTO[testName=testAttributes[Policy], id=1379]]], assessmentType=AUTOMATIC, hasComplaint=null, exampleResult=null, testCaseCount=13, passedTestCaseCount=0, codeIssueCount=0]], BuildJobQueueItem[id=20171739576740018, name=SHORT7914AFA00ADC3047140B99D01AC07810CE44TSTEXC-LOCALVCCIINTSTUDENT1, buildAgent=BuildAgentDTO[name=artemis-build-agent-test, memberAddress=[127.0.0.1]:5703, displayName=artemis-build-agent-test], participationId=2017, courseId=988, exerciseId=2605, retryCount=0, priority=2, status=SUCCESSFUL, repositoryInfo=RepositoryInfo[repositoryName=short7914afa00adc3047140b99d01ac07810ce44tstexc-practice-localvcciintstudent1, repositoryType=user, triggeredByPushTo=user, assignmentRepositoryUri=http://localhost:49152/git/SHORT7914AFA00ADC3047140B99D01AC07810CE44TSTEXC/short7914afa00adc3047140b99d01ac07810ce44tstexc-practice-localvcciintstudent1.git, testRepositoryUri=http://localhost:49152/git/SHORT7914AFA00ADC3047140B99D01AC07810CE44TSTEXC/short7914afa00adc3047140b99d01ac07810ce44tstexc-tests.git, solutionRepositoryUri=null, auxiliaryRepositoryUris=[Ljava.lang.String;@4b9ba28c, auxiliaryRepositoryCheckoutDirectories=[Ljava.lang.String;@2fe93551], jobTimingInfo=JobTimingInfo[submissionDate=2025-02-14T23:45:40.018961253Z[Etc/UTC], buildStartDate=2025-02-14T23:45:40.029742701Z[Etc/UTC], buildCompletionDate=2025-02-14T23:45:41.150208242Z[Etc/UTC], estimatedCompletionDate=2025-02-14T23:45:59.029734065Z[Etc/UTC], estimatedDuration=19], buildConfig=BuildConfig[buildScript=#!/bin/bash
cd /var/tmp/testing-dir
chmod +x ./gradlew
./gradlew clean test
, dockerImage=dummy-docker-image:latest, commitHashToBuild=d80b57877989b971e83ccdb4863c8a7023c76266, assignmentCommitHash=d80b57877989b971e83ccdb4863c8a7023c76266, testCommitHash=327b116890c92b1312314341f43f21ef13ecf7d7, branch=main, programmingLanguage=JAVA, projectType=PLAIN_GRADLE, scaEnabled=false, sequentialTestRunsEnabled=false, resultPaths=[/var/tmp/testing-dir/**/test-results/test/*.xml], timeoutSeconds=0, assignmentCheckoutPath=null, testCheckoutPath=null, solutionCheckoutPath=null, dockerRunConfig=null], submissionResult=ResultDTO[id=634, completionDate=2025-02-14T23:45:41.120192603Z[Etc/UTC], successful=false, score=7.7, rated=false, submission=SubmissionDTO[id=828, submitted=true, type=MANUAL, exampleSubmission=null, submissionDate=2025-02-14T23:45:40.008666Z, commitHash=d80b57877989b971e83ccdb4863c8a7023c76266, buildFailed=false, buildArtifact=false, participation=ParticipationDTO[id=2017, testRun=true, type=programming, submissionCount=null, exercise=ParticipationExerciseDTO[id=2605, exerciseType=PROGRAMMING, type=programming, assessmentType=AUTOMATIC, dueDate=2025-02-16T23:45:39.523500Z, assessmentDueDate=null, maxPoints=42.0, course=CourseDTO[id=988, accuracyOfScores=1]]], submissionExerciseType=programming, isProcessing=false, buildStartDate=null, estimatedCompletionDate=null], participation=ParticipationDTO[id=2017, testRun=true, type=programming, submissionCount=null, exercise=ParticipationExerciseDTO[id=2605, exerciseType=PROGRAMMING, type=programming, assessmentType=AUTOMATIC, dueDate=2025-02-16T23:45:39.523500Z, assessmentDueDate=null, maxPoints=42.0, course=CourseDTO[id=988, accuracyOfScores=1]]], feedbacks=[FeedbackDTO[id=946, text=null, detailText=The exercise expects a class with the name Context in the package testpackage. You did not implement the class in the exercise., hasLongFeedbackText=false, reference=null, credits=0.0, positive=false, type=AUTOMATIC, visibility=ALWAYS, testCase=TestCaseDTO[testName=null, id=1409]], FeedbackDTO[id=947, text=null, detailText=The exercise expects a class with the name Policy in the package testpackage. You did not implement the class in the exercise., hasLongFeedbackText=false, reference=null, credits=0.0, positive=false, type=AUTOMATIC, visibility=ALWAYS, testCase=TestCaseDTO[testName=null, id=1410]], FeedbackDTO[id=948, text=null, detailText=The exercise expects a class with the name SortStrategy in the package testpackage. You did not implement the class in the exercise., hasLongFeedbackText=false, reference=null, credits=0.0, positive=false, type=AUTOMATIC, visibility=ALWAYS, testCase=TestCaseDTO[testName=null, id=1411]], FeedbackDTO[id=949, text=null, detailText=The class 'MergeSort' does not implement the interface 'SortStrategy' as expected. Implement the interface and its methods., hasLongFeedbackText=false, reference=null, credits=0.0, positive=false, type=AUTOMATIC, visibility=ALWAYS, testCase=TestCaseDTO[testName=null, id=1406]], FeedbackDTO[id=950, text=null, detailText=The exercise expects a class with the name SortStrategy in the package testpackage. You did not implement the class in the exercise., hasLongFeedbackText=false, reference=null, credits=0.0, positive=false, type=AUTOMATIC, visibility=ALWAYS, testCase=TestCaseDTO[testName=null, id=1403]], FeedbackDTO[id=951, text=null, detailText=The class 'BubbleSort' does not implement the interface 'SortStrategy' as expected. Implement the interface and its methods., hasLongFeedbackText=false, reference=null, credits=0.0, positive=false, type=AUTOMATIC, visibility=ALWAYS, testCase=TestCaseDTO[testName=null, id=1407]], FeedbackDTO[id=952, text=null, detailText=MergeSort does not sort correctly, hasLongFeedbackText=false, reference=null, credits=0.0, positive=false, type=AUTOMATIC, visibility=ALWAYS, testCase=TestCaseDTO[testName=null, id=1412]], FeedbackDTO[id=953, text=null, detailText=The class 'Context' was not found within the submission. Make sure to implement it properly., hasLongFeedbackText=false, reference=null, credits=0.0, positive=false, type=AUTOMATIC, visibility=ALWAYS, testCase=TestCaseDTO[testName=null, id=1413]], FeedbackDTO[id=954, text=null, detailText=The class 'Context' was not found within the submission. Make sure to implement it properly., hasLongFeedbackText=false, reference=null, credits=0.0, positive=false, type=AUTOMATIC, visibility=ALWAYS, testCase=TestCaseDTO[testName=null, id=1414]], FeedbackDTO[id=955, text=null, detailText=The exercise expects a class with the name Policy in the package testpackage. You did not implement the class in the exercise., hasLongFeedbackText=false, reference=null, credits=0.0, positive=false, type=AUTOMATIC, visibility=ALWAYS, testCase=TestCaseDTO[testName=null, id=1408]], FeedbackDTO[id=956, text=null, detailText=The exercise expects a class with the name Context in the package testpackage. You did not implement the class in the exercise., hasLongFeedbackText=false, reference=null, credits=0.0, positive=false, type=AUTOMATIC, visibility=ALWAYS, testCase=TestCaseDTO[testName=null, id=1404]], FeedbackDTO[id=957, text=null, detailText=The exercise expects a class with the name Policy in the package testpackage. You did not implement the class in the exercise., hasLongFeedbackText=false, reference=null, credits=0.0, positive=false, type=AUTOMATIC, visibility=ALWAYS, testCase=TestCaseDTO[testName=null, id=1405]], FeedbackDTO[id=958, text=null, detailText=null, hasLongFeedbackText=false, reference=null, credits=3.230769230769231, positive=true, type=AUTOMATIC, visibility=ALWAYS, testCase=TestCaseDTO[testName=null, id=1415]]], assessmentType=AUTOMATIC, hasComplaint=null, exampleResult=null, testCaseCount=13, passedTestCaseCount=1, codeIssueCount=0]], BuildJobQueueItem[id=20261739576743984, name=SHORT53C73BE505404043100AC2F00C039353CE8FTSTEXC-LOCALVCCIINTSTUDENT1, buildAgent=BuildAgentDTO[name=artemis-build-agent-test, memberAddress=[127.0.0.1]:5703, displayName=artemis-build-agent-test], participationId=2026, courseId=991, exerciseId=2608, retryCount=0, priority=1, status=SUCCESSFUL, repositoryInfo=RepositoryInfo[repositoryName=short53c73be505404043100ac2f00c039353ce8ftstexc-localvcciintstudent1, repositoryType=user, triggeredByPushTo=user, assignmentRepositoryUri=http://localhost:49152/git/SHORT53C73BE505404043100AC2F00C039353CE8FTSTEXC/short53c73be505404043100ac2f00c039353ce8ftstexc-localvcciintstudent1.git, testRepositoryUri=http://localhost:49152/git/SHORT53C73BE505404043100AC2F00C039353CE8FTSTEXC/short53c73be505404043100ac2f00c039353ce8ftstexc-tests.git, solutionRepositoryUri=null, auxiliaryRepositoryUris=[Ljava.lang.String;@4e5dc647, auxiliaryRepositoryCheckoutDirectories=[Ljava.lang.String;@ded37eb], jobTimingInfo=JobTimingInfo[submissionDate=2025-02-14T23:45:43.984518859Z[Etc/UTC], buildStartDate=2025-02-14T23:45:43.991385682Z[Etc/UTC], buildCompletionDate=2025-02-14T23:45:44.982059928Z[Etc/UTC], estimatedCompletionDate=2025-02-14T23:46:02.991380122Z[Etc/UTC], estimatedDuration=19], buildConfig=BuildConfig[buildScript=#!/bin/bash
cd /var/tmp/testing-dir
chmod +x ./gradlew
./gradlew clean test
, dockerImage=dummy-docker-image:latest, commitHashToBuild=3e90ae9fef2e44ffb41451a080bdaa6a44ad6848, assignmentCommitHash=3e90ae9fef2e44ffb41451a080bdaa6a44ad6848, testCommitHash=0582754c87aae13e640312855ce7dbe490ecb50c, branch=main, programmingLanguage=JAVA, projectType=PLAIN_GRADLE, scaEnabled=false, sequentialTestRunsEnabled=false, resultPaths=[/var/tmp/testing-dir/**/test-results/test/*.xml], timeoutSeconds=0, assignmentCheckoutPath=null, testCheckoutPath=null, solutionCheckoutPath=null, dockerRunConfig=null], submissionResult=ResultDTO[id=635, completionDate=2025-02-14T23:45:44.961313737Z[Etc/UTC], successful=false, score=7.7, rated=true, submission=SubmissionDTO[id=829, submitted=true, type=MANUAL, exampleSubmission=null, submissionDate=2025-02-14T23:45:43.967766Z, commitHash=3e90ae9fef2e44ffb41451a080bdaa6a44ad6848, buildFailed=false, buildArtifact=false, participation=ParticipationDTO[id=2026, testRun=false, type=programming, submissionCount=null, exercise=ParticipationExerciseDTO[id=2608, exerciseType=PROGRAMMING, type=programming, assessmentType=AUTOMATIC, dueDate=2025-02-16T23:45:43.597978Z, assessmentDueDate=null, maxPoints=42.0, course=CourseDTO[id=991, accuracyOfScores=1]]], submissionExerciseType=programming, isProcessing=false, buildStartDate=null, estimatedCompletionDate=null], participation=ParticipationDTO[id=2026, testRun=false, type=programming, submissionCount=null, exercise=ParticipationExerciseDTO[id=2608, exerciseType=PROGRAMMING, type=programming, assessmentType=AUTOMATIC, dueDate=2025-02-16T23:45:43.597978Z, assessmentDueDate=null, maxPoints=42.0, course=CourseDTO[id=991, accuracyOfScores=1]]], feedbacks=[FeedbackDTO[id=959, text=null, detailText=The exercise expects a class with the name Context in the package testpackage. You did not implement the class in the exercise., hasLongFeedbackText=false, reference=null, credits=0.0, positive=false, type=AUTOMATIC, visibility=ALWAYS, testCase=TestCaseDTO[testName=null, id=1448]], FeedbackDTO[id=960, text=null, detailText=The exercise expects a class with the name Policy in the package testpackage. You did not implement the class in the exercise., hasLongFeedbackText=false, reference=null, credits=0.0, positive=false, type=AUTOMATIC, visibility=ALWAYS, testCase=TestCaseDTO[testName=null, id=1449]], FeedbackDTO[id=961, text=null, detailText=The exercise expects a class with the name SortStrategy in the package testpackage. You did not implement the class in the exercise., hasLongFeedbackText=false, reference=null, credits=0.0, positive=false, type=AUTOMATIC, visibility=ALWAYS, testCase=TestCaseDTO[testName=null, id=1450]], FeedbackDTO[id=962, text=null, detailText=The class 'MergeSort' does not implement the interface 'SortStrategy' as expected. Implement the interface and its methods., hasLongFeedbackText=false, reference=null, credits=0.0, positive=false, type=AUTOMATIC, visibility=ALWAYS, testCase=TestCaseDTO[testName=null, id=1445]], FeedbackDTO[id=963, text=null, detailText=The exercise expects a class with the name SortStrategy in the package testpackage. You did not implement the class in the exercise., hasLongFeedbackText=false, reference=null, credits=0.0, positive=false, type=AUTOMATIC, visibility=ALWAYS, testCase=TestCaseDTO[testName=null, id=1442]], FeedbackDTO[id=964, text=null, detailText=The class 'BubbleSort' does not implement the interface 'SortStrategy' as expected. Implement the interface and its methods., hasLongFeedbackText=false, reference=null, credits=0.0, positive=false, type=AUTOMATIC, visibility=ALWAYS, testCase=TestCaseDTO[testName=null, id=1446]], FeedbackDTO[id=965, text=null, detailText=MergeSort does not sort correctly, hasLongFeedbackText=false, reference=null, credits=0.0, positive=false, type=AUTOMATIC, visibility=ALWAYS, testCase=TestCaseDTO[testName=null, id=1451]], FeedbackDTO[id=966, text=null, detailText=The class 'Context' was not found within the submission. Make sure to implement it properly., hasLongFeedbackText=false, reference=null, credits=0.0, positive=false, type=AUTOMATIC, visibility=ALWAYS, testCase=TestCaseDTO[testName=null, id=1452]], FeedbackDTO[id=967, text=null, detailText=The class 'Context' was not found within the submission. Make sure to implement it properly., hasLongFeedbackText=false, reference=null, credits=0.0, positive=false, type=AUTOMATIC, visibility=ALWAYS, testCase=TestCaseDTO[testName=null, id=1453]], FeedbackDTO[id=968, text=null, detailText=The exercise expects a class with the name Policy in the package testpackage. You did not implement the class in the exercise., hasLongFeedbackText=false, reference=null, credits=0.0, positive=false, type=AUTOMATIC, visibility=ALWAYS, testCase=TestCaseDTO[testName=null, id=1447]], FeedbackDTO[id=969, text=null, detailText=The exercise expects a class with the name Context in the package testpackage. You did not implement the class in the exercise., hasLongFeedbackText=false, reference=null, credits=0.0, positive=false, type=AUTOMATIC, visibility=ALWAYS, testCase=TestCaseDTO[testName=null, id=1443]], FeedbackDTO[id=970, text=null, detailText=The exercise expects a class with the name Policy in the package testpackage. You did not implement the class in the exercise., hasLongFeedbackText=false, reference=null, credits=0.0, positive=false, type=AUTOMATIC, visibility=ALWAYS, testCase=TestCaseDTO[testName=null, id=1444]], FeedbackDTO[id=971, text=null, detailText=null, hasLongFeedbackText=false, reference=null, credits=3.230769230769231, positive=true, type=AUTOMATIC, visibility=ALWAYS, testCase=TestCaseDTO[testName=null, id=1454]]], assessmentType=AUTOMATIC, hasComplaint=null, exampleResult=null, testCaseCount=13, passedTestCaseCount=1, codeIssueCount=0]], BuildJobQueueItem[id=20271739576746886, name=SHORT0FC863930E92904248098A506171F81CF6CFTSTEXC-SOLUTION, buildAgent=BuildAgentDTO[name=artemis-build-agent-test, memberAddress=[127.0.0.1]:5703, displayName=artemis-build-agent-test], participationId=2027, courseId=992, exerciseId=2609, retryCount=0, priority=2, status=SUCCESSFUL, repositoryInfo=RepositoryInfo[repositoryName=short0fc863930e92904248098a506171f81cf6cftstexc-solution, repositoryType=solution, triggeredByPushTo=auxiliary, assignmentRepositoryUri=http://localhost:49152/git/SHORT0FC863930E92904248098A506171F81CF6CFTSTEXC/short0fc863930e92904248098a506171f81cf6cftstexc-solution.git, testRepositoryUri=http://localhost:49152/git/SHORT0FC863930E92904248098A506171F81CF6CFTSTEXC/short0fc863930e92904248098a506171f81cf6cftstexc-tests.git, solutionRepositoryUri=null, auxiliaryRepositoryUris=[Ljava.lang.String;@1b746b18, auxiliaryRepositoryCheckoutDirectories=[Ljava.lang.String;@7d51869a], jobTimingInfo=JobTimingInfo[submissionDate=2025-02-14T23:45:46.886984066Z[Etc/UTC], buildStartDate=2025-02-14T23:45:46.897709578Z[Etc/UTC], buildCompletionDate=2025-02-14T23:45:48.628460156Z[Etc/UTC], estimatedCompletionDate=2025-02-14T23:46:05.897701272Z[Etc/UTC], estimatedDuration=19], buildConfig=BuildConfig[buildScript=#!/bin/bash
cd /var/tmp/testing-dir
chmod +x ./gradlew
./gradlew clean test
, dockerImage=dummy-docker-image:latest, commitHashToBuild=null, assignmentCommitHash=115a2e943bee242fdad360b50d8ad5f30792577e, testCommitHash=9b3a9bd71a0d80e5bbc42204c319ed3d1d4f0d6d, branch=main, programmingLanguage=JAVA, projectType=PLAIN_GRADLE, scaEnabled=false, sequentialTestRunsEnabled=false, resultPaths=[/var/tmp/testing-dir/**/test-results/test/*.xml], timeoutSeconds=0, assignmentCheckoutPath=null, testCheckoutPath=null, solutionCheckoutPath=null, dockerRunConfig=null], submissionResult=ResultDTO[id=636, completionDate=2025-02-14T23:45:48.593370968Z[Etc/UTC], successful=true, score=100.0, rated=true, submission=SubmissionDTO[id=830, submitted=true, type=TEST, exampleSubmission=null, submissionDate=2025-02-14T23:45:46.873671Z, commitHash=9b3a9bd71a0d80e5bbc42204c319ed3d1d4f0d6d, buildFailed=false, buildArtifact=false, participation=ParticipationDTO[id=2027, testRun=false, type=solution, submissionCount=null, exercise=ParticipationExerciseDTO[id=2609, exerciseType=PROGRAMMING, type=programming, assessmentType=AUTOMATIC, dueDate=2025-02-16T23:45:46.386304Z, assessmentDueDate=null, maxPoints=42.0, course=CourseDTO[id=992, accuracyOfScores=1]]], submissionExerciseType=programming, isProcessing=false, buildStartDate=null, estimatedCompletionDate=null], participation=ParticipationDTO[id=2027, testRun=false, type=solution, submissionCount=null, exercise=ParticipationExerciseDTO[id=2609, exerciseType=PROGRAMMING, type=programming, assessmentType=AUTOMATIC, dueDate=2025-02-16T23:45:46.386304Z, assessmentDueDate=null, maxPoints=42.0, course=CourseDTO[id=992, accuracyOfScores=1]]], feedbacks=[FeedbackDTO[id=972, text=null, detailText=null, hasLongFeedbackText=false, reference=null, credits=3.230769230769231, positive=true, type=AUTOMATIC, visibility=ALWAYS, testCase=TestCaseDTO[testName=testMethods[Context], id=1461]], FeedbackDTO[id=973, text=null, detailText=null, hasLongFeedbackText=false, reference=null, credits=3.230769230769231, positive=true, type=AUTOMATIC, visibility=ALWAYS, testCase=TestCaseDTO[testName=testMethods[Policy], id=1462]], FeedbackDTO[id=974, text=null, detailText=null, hasLongFeedbackText=false, reference=null, credits=3.230769230769231, positive=true, type=AUTOMATIC, visibility=ALWAYS, testCase=TestCaseDTO[testName=testMethods[SortStrategy], id=1463]], FeedbackDTO[id=975, text=null, detailText=null, hasLongFeedbackText=false, reference=null, credits=3.230769230769231, positive=true, type=AUTOMATIC, visibility=ALWAYS, testCase=TestCaseDTO[testName=testClass[MergeSort], id=1458]], FeedbackDTO[id=976, text=null, detailText=null, hasLongFeedbackText=false, reference=null, credits=3.230769230769231, positive=true, type=AUTOMATIC, visibility=ALWAYS, testCase=TestCaseDTO[testName=testClass[SortStrategy], id=1455]], FeedbackDTO[id=977, text=null, detailText=null, hasLongFeedbackText=false, reference=null, credits=3.230769230769231, positive=true, type=AUTOMATIC, visibility=ALWAYS, testCase=TestCaseDTO[testName=testClass[BubbleSort], id=1459]], FeedbackDTO[id=978, text=null, detailText=null, hasLongFeedbackText=false, reference=null, credits=3.230769230769231, positive=true, type=AUTOMATIC, visibility=ALWAYS, testCase=TestCaseDTO[testName=testMergeSort(), id=1464]], FeedbackDTO[id=979, text=null, detailText=null, hasLongFeedbackText=false, reference=null, credits=3.230769230769231, positive=true, type=AUTOMATIC, visibility=ALWAYS, testCase=TestCaseDTO[testName=testUseBubbleSortForSmallList(), id=1465]], FeedbackDTO[id=980, text=null, detailText=null, hasLongFeedbackText=false, reference=null, credits=3.230769230769231, positive=true, type=AUTOMATIC, visibility=ALWAYS, testCase=TestCaseDTO[testName=testBubbleSort(), id=1467]], FeedbackDTO[id=981, text=null, detailText=null, hasLongFeedbackText=false, reference=null, credits=3.230769230769231, positive=true, type=AUTOMATIC, visibility=ALWAYS, testCase=TestCaseDTO[testName=testUseMergeSortForBigList(), id=1466]], FeedbackDTO[id=982, text=null, detailText=null, hasLongFeedbackText=false, reference=null, credits=3.230769230769231, positive=true, type=AUTOMATIC, visibility=ALWAYS, testCase=TestCaseDTO[testName=testConstructors[Policy], id=1460]], FeedbackDTO[id=983, text=null, detailText=null, hasLongFeedbackText=false, reference=null, credits=3.230769230769231, positive=true, type=AUTOMATIC, visibility=ALWAYS, testCase=TestCaseDTO[testName=testAttributes[Context], id=1456]], FeedbackDTO[id=984, text=null, detailText=null, hasLongFeedbackText=false, reference=null, credits=3.230769230769231, positive=true, type=AUTOMATIC, visibility=ALWAYS, testCase=TestCaseDTO[testName=testAttributes[Policy], id=1457]]], assessmentType=AUTOMATIC, hasComplaint=null, exampleResult=null, testCaseCount=13, passedTestCaseCount=13, codeIssueCount=0]], BuildJobQueueItem[id=20281739576748768, name=SHORT0FC863930E92904248098A506171F81CF6CFTSTEXC-BASE, buildAgent=BuildAgentDTO[name=artemis-build-agent-test, memberAddress=[127.0.0.1]:5703, displayName=artemis-build-agent-test], participationId=2028, courseId=992, exerciseId=2609, retryCount=0, priority=2, status=SUCCESSFUL, repositoryInfo=RepositoryInfo[repositoryName=short0fc863930e92904248098a506171f81cf6cftstexc-exercise, repositoryType=exercise, triggeredByPushTo=auxiliary, assignmentRepositoryUri=http://localhost:49152/git/SHORT0FC863930E92904248098A506171F81CF6CFTSTEXC/short0fc863930e92904248098a506171f81cf6cftstexc-exercise.git, testRepositoryUri=http://localhost:49152/git/SHORT0FC863930E92904248098A506171F81CF6CFTSTEXC/short0fc863930e92904248098a506171f81cf6cftstexc-tests.git, solutionRepositoryUri=null, auxiliaryRepositoryUris=[Ljava.lang.String;@5d9e0889, auxiliaryRepositoryCheckoutDirectories=[Ljava.lang.String;@39283ebe], jobTimingInfo=JobTimingInfo[submissionDate=2025-02-14T23:45:48.768063548Z[Etc/UTC], buildStartDate=2025-02-14T23:45:48.802531989Z[Etc/UTC], buildCompletionDate=2025-02-14T23:45:50.482681367Z[Etc/UTC], estimatedCompletionDate=2025-02-14T23:45:50.802523092Z[Etc/UTC], estimatedDuration=2], buildConfig=BuildConfig[buildScript=#!/bin/bash
cd /var/tmp/testing-dir
chmod +x ./gradlew
./gradlew clean test
, dockerImage=dummy-docker-image:latest, commitHashToBuild=9b3a9bd71a0d80e5bbc42204c319ed3d1d4f0d6d, assignmentCommitHash=115a2e943bee242fdad360b50d8ad5f30792577e, testCommitHash=9b3a9bd71a0d80e5bbc42204c319ed3d1d4f0d6d, branch=main, programmingLanguage=JAVA, projectType=PLAIN_GRADLE, scaEnabled=false, sequentialTestRunsEnabled=false, resultPaths=[/var/tmp/testing-dir/**/test-results/test/*.xml], timeoutSeconds=0, assignmentCheckoutPath=null, testCheckoutPath=null, solutionCheckoutPath=null, dockerRunConfig=null], submissionResult=ResultDTO[id=637, completionDate=2025-02-14T23:45:50.449084694Z[Etc/UTC], successful=false, score=0.0, rated=true, submission=SubmissionDTO[id=831, submitted=true, type=TEST, exampleSubmission=null, submissionDate=2025-02-14T23:45:48.761177Z, commitHash=9b3a9bd71a0d80e5bbc42204c319ed3d1d4f0d6d, buildFailed=false, buildArtifact=false, participation=ParticipationDTO[id=2028, testRun=false, type=template, submissionCount=null, exercise=ParticipationExerciseDTO[id=2609, exerciseType=PROGRAMMING, type=programming, assessmentType=AUTOMATIC, dueDate=2025-02-16T23:45:46.386304Z, assessmentDueDate=null, maxPoints=42.0, course=CourseDTO[id=992, accuracyOfScores=1]]], submissionExerciseType=programming, isProcessing=false, buildStartDate=null, estimatedCompletionDate=null], participation=ParticipationDTO[id=2028, testRun=false, type=template, submissionCount=null, exercise=ParticipationExerciseDTO[id=2609, exerciseType=PROGRAMMING, type=programming, assessmentType=AUTOMATIC, dueDate=2025-02-16T23:45:46.386304Z, assessmentDueDate=null, maxPoints=42.0, course=CourseDTO[id=992, accuracyOfScores=1]]], feedbacks=[FeedbackDTO[id=985, text=null, detailText=The exercise expects a class with the name Context in the package testpackage. You did not implement the class in the exercise., hasLongFeedbackText=false, reference=null, credits=0.0, positive=false, type=AUTOMATIC, visibility=ALWAYS, testCase=TestCaseDTO[testName=testMethods[Context], id=1461]], FeedbackDTO[id=986, text=null, detailText=The exercise expects a class with the name Policy in the package testpackage. You did not implement the class in the exercise., hasLongFeedbackText=false, reference=null, credits=0.0, positive=false, type=AUTOMATIC, visibility=ALWAYS, testCase=TestCaseDTO[testName=testMethods[Policy], id=1462]], FeedbackDTO[id=987, text=null, detailText=The exercise expects a class with the name SortStrategy in the package testpackage. You did not implement the class in the exercise., hasLongFeedbackText=false, reference=null, credits=0.0, positive=false, type=AUTOMATIC, visibility=ALWAYS, testCase=TestCaseDTO[testName=testMethods[SortStrategy], id=1463]], FeedbackDTO[id=988, text=null, detailText=The class 'MergeSort' does not implement the interface 'SortStrategy' as expected. Implement the interface and its methods., hasLongFeedbackText=false, reference=null, credits=0.0, positive=false, type=AUTOMATIC, visibility=ALWAYS, testCase=TestCaseDTO[testName=testClass[MergeSort], id=1458]], FeedbackDTO[id=989, text=null, detailText=The exercise expects a class with the name SortStrategy in the package testpackage. You did not implement the class in the exercise., hasLongFeedbackText=false, reference=null, credits=0.0, positive=false, type=AUTOMATIC, visibility=ALWAYS, testCase=TestCaseDTO[testName=testClass[SortStrategy], id=1455]], FeedbackDTO[id=990, text=null, detailText=The class 'BubbleSort' does not implement the interface 'SortStrategy' as expected. Implement the interface and its methods., hasLongFeedbackText=false, reference=null, credits=0.0, positive=false, type=AUTOMATIC, visibility=ALWAYS, testCase=TestCaseDTO[testName=testClass[BubbleSort], id=1459]], FeedbackDTO[id=991, text=null, detailText=MergeSort does not sort correctly, hasLongFeedbackText=false, reference=null, credits=0.0, positive=false, type=AUTOMATIC, visibility=ALWAYS, testCase=TestCaseDTO[testName=testMergeSort(), id=1464]], FeedbackDTO[id=992, text=null, detailText=The class 'Context' was not found within the submission. Make sure to implement it properly., hasLongFeedbackText=false, reference=null, credits=0.0, positive=false, type=AUTOMATIC, visibility=ALWAYS, testCase=TestCaseDTO[testName=testUseBubbleSortForSmallList(), id=1465]], FeedbackDTO[id=993, text=null, detailText=BubbleSort does not sort correctly, hasLongFeedbackText=false, reference=null, credits=0.0, positive=false, type=AUTOMATIC, visibility=ALWAYS, testCase=TestCaseDTO[testName=testBubbleSort(), id=1467]], FeedbackDTO[id=994, text=null, detailText=The class 'Context' was not found within the submission. Make sure to implement it properly., hasLongFeedbackText=false, reference=null, credits=0.0, positive=false, type=AUTOMATIC, visibility=ALWAYS, testCase=TestCaseDTO[testName=testUseMergeSortForBigList(), id=1466]], FeedbackDTO[id=995, text=null, detailText=The exercise expects a class with the name Policy in the package testpackage. You did not implement the class in the exercise., hasLongFeedbackText=false, reference=null, credits=0.0, positive=false, type=AUTOMATIC, visibility=ALWAYS, testCase=TestCaseDTO[testName=testConstructors[Policy], id=1460]], FeedbackDTO[id=996, text=null, detailText=The exercise expects a class with the name Context in the package testpackage. You did not implement the class in the exercise., hasLongFeedbackText=false, reference=null, credits=0.0, positive=false, type=AUTOMATIC, visibility=ALWAYS, testCase=TestCaseDTO[testName=testAttributes[Context], id=1456]], FeedbackDTO[id=997, text=null, detailText=The exercise expects a class with the name Policy in the package testpackage. You did not implement the class in the exercise., hasLongFeedbackText=false, reference=null, credits=0.0, positive=false, type=AUTOMATIC, visibility=ALWAYS, testCase=TestCaseDTO[testName=testAttributes[Policy], id=1457]]], assessmentType=AUTOMATIC, hasComplaint=null, exampleResult=null, testCaseCount=13, passedTestCaseCount=0, codeIssueCount=0]], BuildJobQueueItem[id=20291739576751299, name=SHORT716C2EC10B19B049C80A2F00B97EAB20B2A9TSTEXC-SOLUTION, buildAgent=BuildAgentDTO[name=artemis-build-agent-test, memberAddress=[127.0.0.1]:5703, displayName=artemis-build-agent-test], participationId=2029, courseId=993, exerciseId=2610, retryCount=0, priority=2, status=SUCCESSFUL, repositoryInfo=RepositoryInfo[repositoryName=short716c2ec10b19b049c80a2f00b97eab20b2a9tstexc-solution, repositoryType=solution, triggeredByPushTo=tests, assignmentRepositoryUri=http://localhost:49152/git/SHORT716C2EC10B19B049C80A2F00B97EAB20B2A9TSTEXC/short716c2ec10b19b049c80a2f00b97eab20b2a9tstexc-solution.git, testRepositoryUri=http://localhost:49152/git/SHORT716C2EC10B19B049C80A2F00B97EAB20B2A9TSTEXC/short716c2ec10b19b049c80a2f00b97eab20b2a9tstexc-tests.git, solutionRepositoryUri=null, auxiliaryRepositoryUris=[Ljava.lang.String;@13cae28, auxiliaryRepositoryCheckoutDirectories=[Ljava.lang.String;@70288dc3], jobTimingInfo=JobTimingInfo[submissionDate=2025-02-14T23:45:51.299892174Z[Etc/UTC], buildStartDate=2025-02-14T23:45:51.314028505Z[Etc/UTC], buildCompletionDate=2025-02-14T23:45:52.158312850Z[Etc/UTC], estimatedCompletionDate=2025-02-14T23:46:10.314021752Z[Etc/UTC], estimatedDuration=19], buildConfig=BuildConfig[buildScript=#!/bin/bash
cd /var/tmp/testing-dir
chmod +x ./gradlew
./gradlew clean test
, dockerImage=dummy-docker-image:latest, commitHashToBuild=1e531733ed6e9237f710b528d1eb0b7beac565fd, assignmentCommitHash=815e279f12ad296b4f24c44134a07293c04c010f, testCommitHash=1e531733ed6e9237f710b528d1eb0b7beac565fd, branch=main, programmingLanguage=JAVA, projectType=PLAIN_GRADLE, scaEnabled=false, sequentialTestRunsEnabled=false, resultPaths=[/var/tmp/testing-dir/**/test-results/test/*.xml], timeoutSeconds=0, assignmentCheckoutPath=null, testCheckoutPath=null, solutionCheckoutPath=null, dockerRunConfig=null], submissionResult=ResultDTO[id=638, completionDate=2025-02-14T23:45:52.146826070Z[Etc/UTC], successful=true, score=100.0, rated=true, submission=SubmissionDTO[id=832, submitted=true, type=TEST, exampleSubmission=null, submissionDate=2025-02-14T23:45:51.275713Z, commitHash=1e531733ed6e9237f710b528d1eb0b7beac565fd, buildFailed=false, buildArtifact=false, participation=ParticipationDTO[id=2029, testRun=false, type=solution, submissionCount=null, exercise=ParticipationExerciseDTO[id=2610, exerciseType=PROGRAMMING, type=programming, assessmentType=AUTOMATIC, dueDate=2025-02-16T23:45:50.869093Z, assessmentDueDate=null, maxPoints=42.0, course=CourseDTO[id=993, accuracyOfScores=1]]], submissionExerciseType=programming, isProcessing=false, buildStartDate=null, estimatedCompletionDate=null], participation=ParticipationDTO[id=2029, testRun=false, type=solution, submissionCount=null, exercise=ParticipationExerciseDTO[id=2610, exerciseType=PROGRAMMING, type=programming, assessmentType=AUTOMATIC, dueDate=2025-02-16T23:45:50.869093Z, assessmentDueDate=null, maxPoints=42.0, course=CourseDTO[id=993, accuracyOfScores=1]]], feedbacks=[FeedbackDTO[id=998, text=null, detailText=null, hasLongFeedbackText=false, reference=null, credits=3.230769230769231, positive=true, type=AUTOMATIC, visibility=ALWAYS, testCase=TestCaseDTO[testName=testMethods[Context], id=1474]], FeedbackDTO[id=999, text=null, detailText=null, hasLongFeedbackText=false, reference=null, credits=3.230769230769231, positive=true, type=AUTOMATIC, visibility=ALWAYS, testCase=TestCaseDTO[testName=testMethods[Policy], id=1475]], FeedbackDTO[id=1000, text=null, detailText=null, hasLongFeedbackText=false, reference=null, credits=3.230769230769231, positive=true, type=AUTOMATIC, visibility=ALWAYS, testCase=TestCaseDTO[testName=testMethods[SortStrategy], id=1476]], FeedbackDTO[id=1001, text=null, detailText=null, hasLongFeedbackText=false, reference=null, credits=3.230769230769231, positive=true, type=AUTOMATIC, visibility=ALWAYS, testCase=TestCaseDTO[testName=testClass[MergeSort], id=1471]], FeedbackDTO[id=1002, text=null, detailText=null, hasLongFeedbackText=false, reference=null, credits=3.230769230769231, positive=true, type=AUTOMATIC, visibility=ALWAYS, testCase=TestCaseDTO[testName=testClass[SortStrategy], id=1468]], FeedbackDTO[id=1003, text=null, detailText=null, hasLongFeedbackText=false, reference=null, credits=3.230769230769231, positive=true, type=AUTOMATIC, visibility=ALWAYS, testCase=TestCaseDTO[testName=testClass[BubbleSort], id=1472]], FeedbackDTO[id=1004, text=null, detailText=null, hasLongFeedbackText=false, reference=null, credits=3.230769230769231, positive=true, type=AUTOMATIC, visibility=ALWAYS, testCase=TestCaseDTO[testName=testMergeSort(), id=1477]], FeedbackDTO[id=1005, text=null, detailText=null, hasLongFeedbackText=false, reference=null, credits=3.230769230769231, positive=true, type=AUTOMATIC, visibility=ALWAYS, testCase=TestCaseDTO[testName=testUseBubbleSortForSmallList(), id=1478]], FeedbackDTO[id=1006, text=null, detailText=null, hasLongFeedbackText=false, reference=null, credits=3.230769230769231, positive=true, type=AUTOMATIC, visibility=ALWAYS, testCase=TestCaseDTO[testName=testBubbleSort(), id=1480]], FeedbackDTO[id=1007, text=null, detailText=null, hasLongFeedbackText=false, reference=null, credits=3.230769230769231, positive=true, type=AUTOMATIC, visibility=ALWAYS, testCase=TestCaseDTO[testName=testUseMergeSortForBigList(), id=1479]], FeedbackDTO[id=1008, text=null, detailText=null, hasLongFeedbackText=false, reference=null, credits=3.230769230769231, positive=true, type=AUTOMATIC, visibility=ALWAYS, testCase=TestCaseDTO[testName=testConstructors[Policy], id=1473]], FeedbackDTO[id=1009, text=null, detailText=null, hasLongFeedbackText=false, reference=null, credits=3.230769230769231, positive=true, type=AUTOMATIC, visibility=ALWAYS, testCase=TestCaseDTO[testName=testAttributes[Context], id=1469]], FeedbackDTO[id=1010, text=null, detailText=null, hasLongFeedbackText=false, reference=null, credits=3.230769230769231, positive=true, type=AUTOMATIC, visibility=ALWAYS, testCase=TestCaseDTO[testName=testAttributes[Policy], id=1470]]], assessmentType=AUTOMATIC, hasComplaint=null, exampleResult=null, testCaseCount=13, passedTestCaseCount=13, codeIssueCount=0]], BuildJobQueueItem[id=20301739576752239, name=SHORT716C2EC10B19B049C80A2F00B97EAB20B2A9TSTEXC-BASE, buildAgent=BuildAgentDTO[name=artemis-build-agent-test, memberAddress=[127.0.0.1]:5703, displayName=artemis-build-agent-test], participationId=2030, courseId=993, exerciseId=2610, retryCount=0, priority=2, status=SUCCESSFUL, repositoryInfo=RepositoryInfo[repositoryName=short716c2ec10b19b049c80a2f00b97eab20b2a9tstexc-exercise, repositoryType=exercise, triggeredByPushTo=tests, assignmentRepositoryUri=http://localhost:49152/git/SHORT716C2EC10B19B049C80A2F00B97EAB20B2A9TSTEXC/short716c2ec10b19b049c80a2f00b97eab20b2a9tstexc-exercise.git, testRepositoryUri=http://localhost:49152/git/SHORT716C2EC10B19B049C80A2F00B97EAB20B2A9TSTEXC/short716c2ec10b19b049c80a2f00b97eab20b2a9tstexc-tests.git, solutionRepositoryUri=null, auxiliaryRepositoryUris=[Ljava.lang.String;@5d5f090f, auxiliaryRepositoryCheckoutDirectories=[Ljava.lang.String;@257a11d4], jobTimingInfo=JobTimingInfo[submissionDate=2025-02-14T23:45:52.239402475Z[Etc/UTC], buildStartDate=2025-02-14T23:45:52.258713639Z[Etc/UTC], buildCompletionDate=2025-02-14T23:45:53.238773956Z[Etc/UTC], estimatedCompletionDate=2025-02-14T23:45:53.258707428Z[Etc/UTC], estimatedDuration=1], buildConfig=BuildConfig[buildScript=#!/bin/bash
cd /var/tmp/testing-dir
chmod +x ./gradlew
./gradlew clean test
, dockerImage=dummy-docker-image:latest, commitHashToBuild=1e531733ed6e9237f710b528d1eb0b7beac565fd, assignmentCommitHash=815e279f12ad296b4f24c44134a07293c04c010f, testCommitHash=1e531733ed6e9237f710b528d1eb0b7beac565fd, branch=main, programmingLanguage=JAVA, projectType=PLAIN_GRADLE, scaEnabled=false, sequentialTestRunsEnabled=false, resultPaths=[/var/tmp/testing-dir/**/test-results/test/*.xml], timeoutSeconds=0, assignmentCheckoutPath=null, testCheckoutPath=null, solutionCheckoutPath=null, dockerRunConfig=null], submissionResult=ResultDTO[id=639, completionDate=2025-02-14T23:45:53.225806205Z[Etc/UTC], successful=false, score=0.0, rated=true, submission=SubmissionDTO[id=833, submitted=true, type=TEST, exampleSubmission=null, submissionDate=2025-02-14T23:45:52.237179Z, commitHash=1e531733ed6e9237f710b528d1eb0b7beac565fd, buildFailed=false, buildArtifact=false, participation=ParticipationDTO[id=2030, testRun=false, type=template, submissionCount=null, exercise=ParticipationExerciseDTO[id=2610, exerciseType=PROGRAMMING, type=programming, assessmentType=AUTOMATIC, dueDate=2025-02-16T23:45:50.869093Z, assessmentDueDate=null, maxPoints=42.0, course=CourseDTO[id=993, accuracyOfScores=1]]], submissionExerciseType=programming, isProcessing=false, buildStartDate=null, estimatedCompletionDate=null], participation=ParticipationDTO[id=2030, testRun=false, type=template, submissionCount=null, exercise=ParticipationExerciseDTO[id=2610, exerciseType=PROGRAMMING, type=programming, assessmentType=AUTOMATIC, dueDate=2025-02-16T23:45:50.869093Z, assessmentDueDate=null, maxPoints=42.0, course=CourseDTO[id=993, accuracyOfScores=1]]], feedbacks=[FeedbackDTO[id=1011, text=null, detailText=The exercise expects a class with the name Context in the package testpackage. You did not implement the class in the exercise., hasLongFeedbackText=false, reference=null, credits=0.0, positive=false, type=AUTOMATIC, visibility=ALWAYS, testCase=TestCaseDTO[testName=testMethods[Context], id=1474]], FeedbackDTO[id=1012, text=null, detailText=The exercise expects a class with the name Policy in the package testpackage. You did not implement the class in the exercise., hasLongFeedbackText=false, reference=null, credits=0.0, positive=false, type=AUTOMATIC, visibility=ALWAYS, testCase=TestCaseDTO[testName=testMethods[Policy], id=1475]], FeedbackDTO[id=1013, text=null, detailText=The exercise expects a class with the name SortStrategy in the package testpackage. You did not implement the class in the exercise., hasLongFeedbackText=false, reference=null, credits=0.0, positive=false, type=AUTOMATIC, visibility=ALWAYS, testCase=TestCaseDTO[testName=testMethods[SortStrategy], id=1476]], FeedbackDTO[id=1014, text=null, detailText=The class 'MergeSort' does not implement the interface 'SortStrategy' as expected. Implement the interface and its methods., hasLongFeedbackText=false, reference=null, credits=0.0, positive=false, type=AUTOMATIC, visibility=ALWAYS, testCase=TestCaseDTO[testName=testClass[MergeSort], id=1471]], FeedbackDTO[id=1015, text=null, detailText=The exercise expects a class with the name SortStrategy in the package testpackage. You did not implement the class in the exercise., hasLongFeedbackText=false, reference=null, credits=0.0, positive=false, type=AUTOMATIC, visibility=ALWAYS, testCase=TestCaseDTO[testName=testClass[SortStrategy], id=1468]], FeedbackDTO[id=1016, text=null, detailText=The class 'BubbleSort' does not implement the interface 'SortStrategy' as expected. Implement the interface and its methods., hasLongFeedbackText=false, reference=null, credits=0.0, positive=false, type=AUTOMATIC, visibility=ALWAYS, testCase=TestCaseDTO[testName=testClass[BubbleSort], id=1472]], FeedbackDTO[id=1017, text=null, detailText=MergeSort does not sort correctly, hasLongFeedbackText=false, reference=null, credits=0.0, positive=false, type=AUTOMATIC, visibility=ALWAYS, testCase=TestCaseDTO[testName=testMergeSort(), id=1477]], FeedbackDTO[id=1018, text=null, detailText=The class 'Context' was not found within the submission. Make sure to implement it properly., hasLongFeedbackText=false, reference=null, credits=0.0, positive=false, type=AUTOMATIC, visibility=ALWAYS, testCase=TestCaseDTO[testName=testUseBubbleSortForSmallList(), id=1478]], FeedbackDTO[id=1019, text=null, detailText=BubbleSort does not sort correctly, hasLongFeedbackText=false, reference=null, credits=0.0, positive=false, type=AUTOMATIC, visibility=ALWAYS, testCase=TestCaseDTO[testName=testBubbleSort(), id=1480]], FeedbackDTO[id=1020, text=null, detailText=The class 'Context' was not found within the submission. Make sure to implement it properly., hasLongFeedbackText=false, reference=null, credits=0.0, positive=false, type=AUTOMATIC, visibility=ALWAYS, testCase=TestCaseDTO[testName=testUseMergeSortForBigList(), id=1479]], FeedbackDTO[id=1021, text=null, detailText=The exercise expects a class with the name Policy in the package testpackage. You did not implement the class in the exercise., hasLongFeedbackText=false, reference=null, credits=0.0, positive=false, type=AUTOMATIC, visibility=ALWAYS, testCase=TestCaseDTO[testName=testConstructors[Policy], id=1473]], FeedbackDTO[id=1022, text=null, detailText=The exercise expects a class with the name Context in the package testpackage. You did not implement the class in the exercise., hasLongFeedbackText=false, reference=null, credits=0.0, positive=false, type=AUTOMATIC, visibility=ALWAYS, testCase=TestCaseDTO[testName=testAttributes[Context], id=1469]], FeedbackDTO[id=1023, text=null, detailText=The exercise expects a class with the name Policy in the package testpackage. You did not implement the class in the exercise., hasLongFeedbackText=false, reference=null, credits=0.0, positive=false, type=AUTOMATIC, visibility=ALWAYS, testCase=TestCaseDTO[testName=testAttributes[Policy], id=1470]]], assessmentType=AUTOMATIC, hasComplaint=null, exampleResult=null, testCaseCount=13, passedTestCaseCount=0, codeIssueCount=0]]], publicSshKey=ssh-rsa AAAAB3NzaC1yc2EAAAADAQABAAACAQCOPdMsxRE2jFJ/UEa5/LsBxtwzJcrh3/rYBCQvcMeVpiRfhzQPWu7mrt/G2Ew+i+vRloGH9aqKg6dd1liRncao53Zmd/ePxoatXePNhmzTfkCkcSkTUz7B+QMjkoDDV5jwuFPD6mF3JkhuzSi64n9Zy905t4w2IhVcjM2mL3eYNjiCXt6Qpq3Pkt7dM/Ksw1nxnvuiIALuJLB3FTkXkHqq3PJav+9HSq2r6ZaWgekneaGxlQlb+U+Vy3XOuArKAzK8c8i+0bR+AHiTG6ncYXt7ax3U+TdlDTF7OLP3umwaYjs1NBXOHwG42pevvpKn2fqavZZozk+M05jXLx3bq0O7itxfErWc7etky8qYPyyIMF/txQIVLd78+Ze4d7Y60t5MGbXM5cGE6fFif5fEJwgswXD+BrG0cafz1CTatjSKFdvp8Vp4VszXhHDan1PrP6JEFJ5Cc5GDmLRZPCFa3vL9f5qXgf4bkqKN8MYeEujwJE5nMRWoiJVNakix2bcrrneQMBlnYeYZVWXXXUusAQBzl4NgddC1umZpihZkL1b1MffZAUW3EGEXi7KHnllQhkTLLsQ8ntMgbylqaJKStqaXlLvdeRJcEnUuiFCrHEVVbXRFZR7XVDZ02CE5o3MuaRPty8Kh+jRTF3COlAckHwYEJCNNJvXFgb2CNXL4mjzYDw== test@localhost]
    23:45:53.315 | 566 localvc.event-13 | DEBUG | s.l.LocalCIWebsocketMessagingService : Sending message on topic /topic/admin/build-agents: [BuildAgentInformation[buildAgent=BuildAgentDTO[name=artemis-build-agent-test, memberAddress=[127.0.0.1]:5703, displayName=artemis-build-agent-test], maxNumberOfConcurrentBuildJobs=1, numberOfCurrentBuildJobs=0, runningBuildJobs=[], status=IDLE, recentBuildJobs=null, publicSshKey=null]]
    23:45:53.316 | 566 localvc.event-13 | DEBUG | s.l.LocalCIWebsocketMessagingService : Sending message on topic /topic/admin/build-agent/artemis-build-agent-test: BuildAgentInformation[buildAgent=BuildAgentDTO[name=artemis-build-agent-test, memberAddress=[127.0.0.1]:5703, displayName=artemis-build-agent-test], maxNumberOfConcurrentBuildJobs=1, numberOfCurrentBuildJobs=0, runningBuildJobs=[], status=IDLE, recentBuildJobs=[BuildJobQueueItem[id=19141739576708030, name=SHORT5F02A8F400311042E70858306EB148073CFDTSTEXC-LOCALVCINTSTUDENT1, buildAgent=BuildAgentDTO[name=artemis-build-agent-test, memberAddress=[127.0.0.1]:5703, displayName=artemis-build-agent-test], participationId=1914, courseId=947, exerciseId=2564, retryCount=0, priority=2, status=FAILED, repositoryInfo=RepositoryInfo[repositoryName=short5f02a8f400311042e70858306eb148073cfdtstexc-localvcintstudent1, repositoryType=user, triggeredByPushTo=user, assignmentRepositoryUri=http://localhost:49152/git/SHORT5F02A8F400311042E70858306EB148073CFDTSTEXC/short5f02a8f400311042e70858306eb148073cfdtstexc-localvcintstudent1.git, testRepositoryUri=http://localhost:49152/git/SHORT5F02A8F400311042E70858306EB148073CFDTSTEXC/short5f02a8f400311042e70858306eb148073cfdtstexc-tests.git, solutionRepositoryUri=null, auxiliaryRepositoryUris=[Ljava.lang.String;@5013050b, auxiliaryRepositoryCheckoutDirectories=[Ljava.lang.String;@25925a6c], jobTimingInfo=JobTimingInfo[submissionDate=2025-02-14T23:45:08.030118216Z[Etc/UTC], buildStartDate=2025-02-14T23:45:08.041011412Z[Etc/UTC], buildCompletionDate=2025-02-14T23:45:08.054603331Z[Etc/UTC], estimatedCompletionDate=2025-02-14T23:45:27.041005080Z[Etc/UTC], estimatedDuration=19], buildConfig=BuildConfig[buildScript=#!/bin/bash
cd /var/tmp/testing-dir
chmod +x ./gradlew
./gradlew clean test
, dockerImage=dummy-docker-image:latest, commitHashToBuild=6e7146cac5059504aa9d170ec3fa23aec740bb51, assignmentCommitHash=6e7146cac5059504aa9d170ec3fa23aec740bb51, testCommitHash=931e5303581c7a2f01339ba603cfafbfe668b901, branch=main, programmingLanguage=JAVA, projectType=PLAIN_GRADLE, scaEnabled=false, sequentialTestRunsEnabled=false, resultPaths=[/var/tmp/testing-dir/**/test-results/test/*.xml], timeoutSeconds=0, assignmentCheckoutPath=null, testCheckoutPath=null, solutionCheckoutPath=null, dockerRunConfig=null], submissionResult=ResultDTO[id=622, completionDate=2025-02-14T23:45:08.054683681Z[Etc/UTC], successful=false, score=0.0, rated=true, submission=SubmissionDTO[id=814, submitted=true, type=MANUAL, exampleSubmission=null, submissionDate=2025-02-14T23:45:08.016200Z, commitHash=6e7146cac5059504aa9d170ec3fa23aec740bb51, buildFailed=true, buildArtifact=false, participation=ParticipationDTO[id=1914, testRun=false, type=programming, submissionCount=null, exercise=ParticipationExerciseDTO[id=2564, exerciseType=PROGRAMMING, type=programming, assessmentType=AUTOMATIC, dueDate=2025-02-16T23:45:07.324348Z, assessmentDueDate=null, maxPoints=42.0, course=CourseDTO[id=947, accuracyOfScores=1]]], submissionExerciseType=programming, isProcessing=false, buildStartDate=null, estimatedCompletionDate=null], participation=ParticipationDTO[id=1914, testRun=false, type=programming, submissionCount=null, exercise=ParticipationExerciseDTO[id=2564, exerciseType=PROGRAMMING, type=programming, assessmentType=AUTOMATIC, dueDate=2025-02-16T23:45:07.324348Z, assessmentDueDate=null, maxPoints=42.0, course=CourseDTO[id=947, accuracyOfScores=1]]], feedbacks=[], assessmentType=AUTOMATIC, hasComplaint=null, exampleResult=null, testCaseCount=0, passedTestCaseCount=0, codeIssueCount=0]], BuildJobQueueItem[id=19361739576711303, name=SHORT9AFDAE3804CA304DDF0889A0CB0F56104A86TSTEXC-LOCALVCINTSTUDENT1, buildAgent=BuildAgentDTO[name=artemis-build-agent-test, memberAddress=[127.0.0.1]:5703, displayName=artemis-build-agent-test], participationId=1936, courseId=956, exerciseId=2573, retryCount=0, priority=2, status=FAILED, repositoryInfo=RepositoryInfo[repositoryName=short9afdae3804ca304ddf0889a0cb0f56104a86tstexc-localvcintstudent1, repositoryType=user, triggeredByPushTo=user, assignmentRepositoryUri=http://localhost:49152/git/SHORT9AFDAE3804CA304DDF0889A0CB0F56104A86TSTEXC/short9afdae3804ca304ddf0889a0cb0f56104a86tstexc-localvcintstudent1.git, testRepositoryUri=http://localhost:49152/git/SHORT9AFDAE3804CA304DDF0889A0CB0F56104A86TSTEXC/short9afdae3804ca304ddf0889a0cb0f56104a86tstexc-tests.git, solutionRepositoryUri=null, auxiliaryRepositoryUris=[Ljava.lang.String;@79a8662d, auxiliaryRepositoryCheckoutDirectories=[Ljava.lang.String;@719d3bc], jobTimingInfo=JobTimingInfo[submissionDate=2025-02-14T23:45:11.303805653Z[Etc/UTC], buildStartDate=2025-02-14T23:45:11.310981356Z[Etc/UTC], buildCompletionDate=2025-02-14T23:45:11.319178384Z[Etc/UTC], estimatedCompletionDate=2025-02-14T23:45:30.310974944Z[Etc/UTC], estimatedDuration=19], buildConfig=BuildConfig[buildScript=#!/bin/bash
cd /var/tmp/testing-dir
chmod +x ./gradlew
./gradlew clean test
, dockerImage=dummy-docker-image:latest, commitHashToBuild=a1099e378cffde441ef85f9b12577ca174b8e1e4, assignmentCommitHash=a1099e378cffde441ef85f9b12577ca174b8e1e4, testCommitHash=bd38d61c299ab11a1dea82a3ca5493fe04d97d47, branch=main, programmingLanguage=JAVA, projectType=PLAIN_GRADLE, scaEnabled=false, sequentialTestRunsEnabled=false, resultPaths=[/var/tmp/testing-dir/**/test-results/test/*.xml], timeoutSeconds=0, assignmentCheckoutPath=null, testCheckoutPath=null, solutionCheckoutPath=null, dockerRunConfig=null], submissionResult=ResultDTO[id=623, completionDate=2025-02-14T23:45:11.319278430Z[Etc/UTC], successful=false, score=0.0, rated=true, submission=SubmissionDTO[id=815, submitted=true, type=MANUAL, exampleSubmission=null, submissionDate=2025-02-14T23:45:11.294386Z, commitHash=a1099e378cffde441ef85f9b12577ca174b8e1e4, buildFailed=true, buildArtifact=false, participation=ParticipationDTO[id=1936, testRun=false, type=programming, submissionCount=null, exercise=ParticipationExerciseDTO[id=2573, exerciseType=PROGRAMMING, type=programming, assessmentType=AUTOMATIC, dueDate=2025-02-16T23:45:10.996982Z, assessmentDueDate=null, maxPoints=42.0, course=CourseDTO[id=956, accuracyOfScores=1]]], submissionExerciseType=programming, isProcessing=false, buildStartDate=null, estimatedCompletionDate=null], participation=ParticipationDTO[id=1936, testRun=false, type=programming, submissionCount=null, exercise=ParticipationExerciseDTO[id=2573, exerciseType=PROGRAMMING, type=programming, assessmentType=AUTOMATIC, dueDate=2025-02-16T23:45:10.996982Z, assessmentDueDate=null, maxPoints=42.0, course=CourseDTO[id=956, accuracyOfScores=1]]], feedbacks=[], assessmentType=AUTOMATIC, hasComplaint=null, exampleResult=null, testCaseCount=0, passedTestCaseCount=0, codeIssueCount=0]], BuildJobQueueItem[id=19351739576711674, name=SHORT9AFDAE3804CA304DDF0889A0CB0F56104A86TSTEXC-BASE, buildAgent=BuildAgentDTO[name=artemis-build-agent-test, memberAddress=[127.0.0.1]:5703, displayName=artemis-build-agent-test], participationId=1935, courseId=956, exerciseId=2573, retryCount=0, priority=2, status=FAILED, repositoryInfo=RepositoryInfo[repositoryName=short9afdae3804ca304ddf0889a0cb0f56104a86tstexc-exercise, repositoryType=exercise, triggeredByPushTo=exercise, assignmentRepositoryUri=http://localhost:49152/git/SHORT9AFDAE3804CA304DDF0889A0CB0F56104A86TSTEXC/short9afdae3804ca304ddf0889a0cb0f56104a86tstexc-exercise.git, testRepositoryUri=http://localhost:49152/git/SHORT9AFDAE3804CA304DDF0889A0CB0F56104A86TSTEXC/short9afdae3804ca304ddf0889a0cb0f56104a86tstexc-tests.git, solutionRepositoryUri=null, auxiliaryRepositoryUris=[Ljava.lang.String;@4f6aa509, auxiliaryRepositoryCheckoutDirectories=[Ljava.lang.String;@781cc7b2], jobTimingInfo=JobTimingInfo[submissionDate=2025-02-14T23:45:11.674556681Z[Etc/UTC], buildStartDate=2025-02-14T23:45:11.677776879Z[Etc/UTC], buildCompletionDate=2025-02-14T23:45:11.688097378Z[Etc/UTC], estimatedCompletionDate=2025-02-14T23:45:30.677771620Z[Etc/UTC], estimatedDuration=19], buildConfig=BuildConfig[buildScript=#!/bin/bash
cd /var/tmp/testing-dir
chmod +x ./gradlew
./gradlew clean test
, dockerImage=dummy-docker-image:latest, commitHashToBuild=a1099e378cffde441ef85f9b12577ca174b8e1e4, assignmentCommitHash=a1099e378cffde441ef85f9b12577ca174b8e1e4, testCommitHash=bd38d61c299ab11a1dea82a3ca5493fe04d97d47, branch=main, programmingLanguage=JAVA, projectType=PLAIN_GRADLE, scaEnabled=false, sequentialTestRunsEnabled=false, resultPaths=[/var/tmp/testing-dir/**/test-results/test/*.xml], timeoutSeconds=0, assignmentCheckoutPath=null, testCheckoutPath=null, solutionCheckoutPath=null, dockerRunConfig=null], submissionResult=ResultDTO[id=624, completionDate=2025-02-14T23:45:11.688214837Z[Etc/UTC], successful=false, score=0.0, rated=true, submission=SubmissionDTO[id=816, submitted=true, type=MANUAL, exampleSubmission=null, submissionDate=2025-02-14T23:45:11.656934Z, commitHash=a1099e378cffde441ef85f9b12577ca174b8e1e4, buildFailed=true, buildArtifact=false, participation=ParticipationDTO[id=1935, testRun=false, type=template, submissionCount=null, exercise=ParticipationExerciseDTO[id=2573, exerciseType=PROGRAMMING, type=programming, assessmentType=AUTOMATIC, dueDate=2025-02-16T23:45:10.996982Z, assessmentDueDate=null, maxPoints=42.0, course=CourseDTO[id=956, accuracyOfScores=1]]], submissionExerciseType=programming, isProcessing=false, buildStartDate=null, estimatedCompletionDate=null], participation=ParticipationDTO[id=1935, testRun=false, type=template, submissionCount=null, exercise=ParticipationExerciseDTO[id=2573, exerciseType=PROGRAMMING, type=programming, assessmentType=AUTOMATIC, dueDate=2025-02-16T23:45:10.996982Z, assessmentDueDate=null, maxPoints=42.0, course=CourseDTO[id=956, accuracyOfScores=1]]], feedbacks=[], assessmentType=AUTOMATIC, hasComplaint=null, exampleResult=null, testCaseCount=0, passedTestCaseCount=0, codeIssueCount=0]], BuildJobQueueItem[id=19341739576712112, name=SHORT9AFDAE3804CA304DDF0889A0CB0F56104A86TSTEXC-SOLUTION, buildAgent=BuildAgentDTO[name=artemis-build-agent-test, memberAddress=[127.0.0.1]:5703, displayName=artemis-build-agent-test], participationId=1934, courseId=956, exerciseId=2573, retryCount=0, priority=2, status=FAILED, repositoryInfo=RepositoryInfo[repositoryName=short9afdae3804ca304ddf0889a0cb0f56104a86tstexc-solution, repositoryType=solution, triggeredByPushTo=solution, assignmentRepositoryUri=http://localhost:49152/git/SHORT9AFDAE3804CA304DDF0889A0CB0F56104A86TSTEXC/short9afdae3804ca304ddf0889a0cb0f56104a86tstexc-solution.git, testRepositoryUri=http://localhost:49152/git/SHORT9AFDAE3804CA304DDF0889A0CB0F56104A86TSTEXC/short9afdae3804ca304ddf0889a0cb0f56104a86tstexc-tests.git, solutionRepositoryUri=null, auxiliaryRepositoryUris=[Ljava.lang.String;@423f4f92, auxiliaryRepositoryCheckoutDirectories=[Ljava.lang.String;@bf2f05a], jobTimingInfo=JobTimingInfo[submissionDate=2025-02-14T23:45:12.112332872Z[Etc/UTC], buildStartDate=2025-02-14T23:45:12.121617114Z[Etc/UTC], buildCompletionDate=2025-02-14T23:45:12.127931701Z[Etc/UTC], estimatedCompletionDate=2025-02-14T23:45:31.121609600Z[Etc/UTC], estimatedDuration=19], buildConfig=BuildConfig[buildScript=#!/bin/bash
cd /var/tmp/testing-dir
chmod +x ./gradlew
./gradlew clean test
, dockerImage=dummy-docker-image:latest, commitHashToBuild=a1099e378cffde441ef85f9b12577ca174b8e1e4, assignmentCommitHash=a1099e378cffde441ef85f9b12577ca174b8e1e4, testCommitHash=bd38d61c299ab11a1dea82a3ca5493fe04d97d47, branch=main, programmingLanguage=JAVA, projectType=PLAIN_GRADLE, scaEnabled=false, sequentialTestRunsEnabled=false, resultPaths=[/var/tmp/testing-dir/**/test-results/test/*.xml], timeoutSeconds=0, assignmentCheckoutPath=null, testCheckoutPath=null, solutionCheckoutPath=null, dockerRunConfig=null], submissionResult=ResultDTO[id=625, completionDate=2025-02-14T23:45:12.128011800Z[Etc/UTC], successful=false, score=0.0, rated=true, submission=SubmissionDTO[id=817, submitted=true, type=MANUAL, exampleSubmission=null, submissionDate=2025-02-14T23:45:12.098737Z, commitHash=a1099e378cffde441ef85f9b12577ca174b8e1e4, buildFailed=true, buildArtifact=false, participation=ParticipationDTO[id=1934, testRun=false, type=solution, submissionCount=null, exercise=ParticipationExerciseDTO[id=2573, exerciseType=PROGRAMMING, type=programming, assessmentType=AUTOMATIC, dueDate=2025-02-16T23:45:10.996982Z, assessmentDueDate=null, maxPoints=42.0, course=CourseDTO[id=956, accuracyOfScores=1]]], submissionExerciseType=programming, isProcessing=false, buildStartDate=null, estimatedCompletionDate=null], participation=ParticipationDTO[id=1934, testRun=false, type=solution, submissionCount=null, exercise=ParticipationExerciseDTO[id=2573, exerciseType=PROGRAMMING, type=programming, assessmentType=AUTOMATIC, dueDate=2025-02-16T23:45:10.996982Z, assessmentDueDate=null, maxPoints=42.0, course=CourseDTO[id=956, accuracyOfScores=1]]], feedbacks=[], assessmentType=AUTOMATIC, hasComplaint=null, exampleResult=null, testCaseCount=0, passedTestCaseCount=0, codeIssueCount=0]], BuildJobQueueItem[id=19341739576713025, name=SHORT9AFDAE3804CA304DDF0889A0CB0F56104A86TSTEXC-SOLUTION, buildAgent=BuildAgentDTO[name=artemis-build-agent-test, memberAddress=[127.0.0.1]:5703, displayName=artemis-build-agent-test], participationId=1934, courseId=956, exerciseId=2573, retryCount=0, priority=2, status=FAILED, repositoryInfo=RepositoryInfo[repositoryName=short9afdae3804ca304ddf0889a0cb0f56104a86tstexc-solution, repositoryType=solution, triggeredByPushTo=tests, assignmentRepositoryUri=http://localhost:49152/git/SHORT9AFDAE3804CA304DDF0889A0CB0F56104A86TSTEXC/short9afdae3804ca304ddf0889a0cb0f56104a86tstexc-solution.git, testRepositoryUri=http://localhost:49152/git/SHORT9AFDAE3804CA304DDF0889A0CB0F56104A86TSTEXC/short9afdae3804ca304ddf0889a0cb0f56104a86tstexc-tests.git, solutionRepositoryUri=null, auxiliaryRepositoryUris=[Ljava.lang.String;@112a5ec0, auxiliaryRepositoryCheckoutDirectories=[Ljava.lang.String;@f153a00], jobTimingInfo=JobTimingInfo[submissionDate=2025-02-14T23:45:13.025319671Z[Etc/UTC], buildStartDate=2025-02-14T23:45:13.040293146Z[Etc/UTC], buildCompletionDate=2025-02-14T23:45:13.053032917Z[Etc/UTC], estimatedCompletionDate=2025-02-14T23:45:32.040285703Z[Etc/UTC], estimatedDuration=19], buildConfig=BuildConfig[buildScript=#!/bin/bash
cd /var/tmp/testing-dir
chmod +x ./gradlew
./gradlew clean test
, dockerImage=dummy-docker-image:latest, commitHashToBuild=784f8f0049d2a1a54f21c67dd772bea86715267a, assignmentCommitHash=a1099e378cffde441ef85f9b12577ca174b8e1e4, testCommitHash=784f8f0049d2a1a54f21c67dd772bea86715267a, branch=main, programmingLanguage=JAVA, projectType=PLAIN_GRADLE, scaEnabled=false, sequentialTestRunsEnabled=false, resultPaths=[/var/tmp/testing-dir/**/test-results/test/*.xml], timeoutSeconds=0, assignmentCheckoutPath=null, testCheckoutPath=null, solutionCheckoutPath=null, dockerRunConfig=null], submissionResult=ResultDTO[id=626, completionDate=2025-02-14T23:45:13.053131811Z[Etc/UTC], successful=false, score=0.0, rated=true, submission=SubmissionDTO[id=818, submitted=true, type=TEST, exampleSubmission=null, submissionDate=2025-02-14T23:45:13.005779Z, commitHash=784f8f0049d2a1a54f21c67dd772bea86715267a, buildFailed=true, buildArtifact=false, participation=ParticipationDTO[id=1934, testRun=false, type=solution, submissionCount=null, exercise=ParticipationExerciseDTO[id=2573, exerciseType=PROGRAMMING, type=programming, assessmentType=AUTOMATIC, dueDate=2025-02-16T23:45:10.996982Z, assessmentDueDate=null, maxPoints=42.0, course=CourseDTO[id=956, accuracyOfScores=1]]], submissionExerciseType=programming, isProcessing=false, buildStartDate=null, estimatedCompletionDate=null], participation=ParticipationDTO[id=1934, testRun=false, type=solution, submissionCount=null, exercise=ParticipationExerciseDTO[id=2573, exerciseType=PROGRAMMING, type=programming, assessmentType=AUTOMATIC, dueDate=2025-02-16T23:45:10.996982Z, assessmentDueDate=null, maxPoints=42.0, course=CourseDTO[id=956, accuracyOfScores=1]]], feedbacks=[], assessmentType=AUTOMATIC, hasComplaint=null, exampleResult=null, testCaseCount=0, passedTestCaseCount=0, codeIssueCount=0]], BuildJobQueueItem[id=19581739576715555, name=SHORTC1A3F9FC03D2304B4308FA20AF16D54AAA49TSTEXC-LOCALVCSSHINTSTUDENT1, buildAgent=BuildAgentDTO[name=artemis-build-agent-test, memberAddress=[127.0.0.1]:5703, displayName=artemis-build-agent-test], participationId=1958, courseId=965, exerciseId=2582, retryCount=0, priority=2, status=FAILED, repositoryInfo=RepositoryInfo[repositoryName=shortc1a3f9fc03d2304b4308fa20af16d54aaa49tstexc-localvcsshintstudent1, repositoryType=user, triggeredByPushTo=user, assignmentRepositoryUri=http://localhost:49152/git/SHORTC1A3F9FC03D2304B4308FA20AF16D54AAA49TSTEXC/shortc1a3f9fc03d2304b4308fa20af16d54aaa49tstexc-localvcsshintstudent1.git, testRepositoryUri=http://localhost:49152/git/SHORTC1A3F9FC03D2304B4308FA20AF16D54AAA49TSTEXC/shortc1a3f9fc03d2304b4308fa20af16d54aaa49tstexc-tests.git, solutionRepositoryUri=null, auxiliaryRepositoryUris=[Ljava.lang.String;@37eeb7af, auxiliaryRepositoryCheckoutDirectories=[Ljava.lang.String;@2b02e128], jobTimingInfo=JobTimingInfo[submissionDate=2025-02-14T23:45:15.555989584Z[Etc/UTC], buildStartDate=2025-02-14T23:45:15.568477627Z[Etc/UTC], buildCompletionDate=2025-02-14T23:45:15.579021148Z[Etc/UTC], estimatedCompletionDate=2025-02-14T23:45:34.568443924Z[Etc/UTC], estimatedDuration=19], buildConfig=BuildConfig[buildScript=#!/bin/bash
cd /var/tmp/testing-dir
chmod +x ./gradlew
./gradlew clean test
, dockerImage=dummy-docker-image:latest, commitHashToBuild=ca76dac20e040e6609db02fd7fedd56bf58829d7, assignmentCommitHash=ca76dac20e040e6609db02fd7fedd56bf58829d7, testCommitHash=bd0d58c226dc63bfa4bc9052870589952c0a1f83, branch=main, programmingLanguage=JAVA, projectType=PLAIN_GRADLE, scaEnabled=false, sequentialTestRunsEnabled=false, resultPaths=[/var/tmp/testing-dir/**/test-results/test/*.xml], timeoutSeconds=0, assignmentCheckoutPath=null, testCheckoutPath=null, solutionCheckoutPath=null, dockerRunConfig=null], submissionResult=ResultDTO[id=627, completionDate=2025-02-14T23:45:15.579119131Z[Etc/UTC], successful=false, score=0.0, rated=true, submission=SubmissionDTO[id=820, submitted=true, type=MANUAL, exampleSubmission=null, submissionDate=2025-02-14T23:45:15.548349Z, commitHash=ca76dac20e040e6609db02fd7fedd56bf58829d7, buildFailed=true, buildArtifact=false, participation=ParticipationDTO[id=1958, testRun=false, type=programming, submissionCount=null, exercise=ParticipationExerciseDTO[id=2582, exerciseType=PROGRAMMING, type=programming, assessmentType=AUTOMATIC, dueDate=2025-02-16T23:45:15.103512Z, assessmentDueDate=null, maxPoints=42.0, course=CourseDTO[id=965, accuracyOfScores=1]]], submissionExerciseType=programming, isProcessing=false, buildStartDate=null, estimatedCompletionDate=null], participation=ParticipationDTO[id=1958, testRun=false, type=programming, submissionCount=null, exercise=ParticipationExerciseDTO[id=2582, exerciseType=PROGRAMMING, type=programming, assessmentType=AUTOMATIC, dueDate=2025-02-16T23:45:15.103512Z, assessmentDueDate=null, maxPoints=42.0, course=CourseDTO[id=965, accuracyOfScores=1]]], feedbacks=[], assessmentType=AUTOMATIC, hasComplaint=null, exampleResult=null, testCaseCount=0, passedTestCaseCount=0, codeIssueCount=0]], BuildJobQueueItem[id=19801739576719393, name=SHORTB2A6C58B0D447045380A858075B170A5B7C6TSTEXC-LOCALVCSSHINTSTUDENT1, buildAgent=BuildAgentDTO[name=artemis-build-agent-test, memberAddress=[127.0.0.1]:5703, displayName=artemis-build-agent-test], participationId=1980, courseId=974, exerciseId=2591, retryCount=0, priority=2, status=FAILED, repositoryInfo=RepositoryInfo[repositoryName=shortb2a6c58b0d447045380a858075b170a5b7c6tstexc-localvcsshintstudent1, repositoryType=user, triggeredByPushTo=user, assignmentRepositoryUri=http://localhost:49152/git/SHORTB2A6C58B0D447045380A858075B170A5B7C6TSTEXC/shortb2a6c58b0d447045380a858075b170a5b7c6tstexc-localvcsshintstudent1.git, testRepositoryUri=http://localhost:49152/git/SHORTB2A6C58B0D447045380A858075B170A5B7C6TSTEXC/shortb2a6c58b0d447045380a858075b170a5b7c6tstexc-tests.git, solutionRepositoryUri=null, auxiliaryRepositoryUris=[Ljava.lang.String;@681d76d6, auxiliaryRepositoryCheckoutDirectories=[Ljava.lang.String;@4efe84ef], jobTimingInfo=JobTimingInfo[submissionDate=2025-02-14T23:45:19.393259829Z[Etc/UTC], buildStartDate=2025-02-14T23:45:19.405438171Z[Etc/UTC], buildCompletionDate=2025-02-14T23:45:19.414070673Z[Etc/UTC], estimatedCompletionDate=2025-02-14T23:45:38.405431569Z[Etc/UTC], estimatedDuration=19], buildConfig=BuildConfig[buildScript=#!/bin/bash
cd /var/tmp/testing-dir
chmod +x ./gradlew
./gradlew clean test
, dockerImage=dummy-docker-image:latest, commitHashToBuild=363cdbf709a9fff149f813ab848ee800a675cc77, assignmentCommitHash=363cdbf709a9fff149f813ab848ee800a675cc77, testCommitHash=a5e046ece417b2e538f21f816e2524dab61e0d10, branch=main, programmingLanguage=JAVA, projectType=PLAIN_GRADLE, scaEnabled=false, sequentialTestRunsEnabled=false, resultPaths=[/var/tmp/testing-dir/**/test-results/test/*.xml], timeoutSeconds=0, assignmentCheckoutPath=null, testCheckoutPath=null, solutionCheckoutPath=null, dockerRunConfig=null], submissionResult=ResultDTO[id=628, completionDate=2025-02-14T23:45:19.414171040Z[Etc/UTC], successful=false, score=0.0, rated=true, submission=SubmissionDTO[id=821, submitted=true, type=MANUAL, exampleSubmission=null, submissionDate=2025-02-14T23:45:19.376840Z, commitHash=363cdbf709a9fff149f813ab848ee800a675cc77, buildFailed=true, buildArtifact=false, participation=ParticipationDTO[id=1980, testRun=false, type=programming, submissionCount=null, exercise=ParticipationExerciseDTO[id=2591, exerciseType=PROGRAMMING, type=programming, assessmentType=AUTOMATIC, dueDate=2025-02-16T23:45:18.950569Z, assessmentDueDate=null, maxPoints=42.0, course=CourseDTO[id=974, accuracyOfScores=1]]], submissionExerciseType=programming, isProcessing=false, buildStartDate=null, estimatedCompletionDate=null], participation=ParticipationDTO[id=1980, testRun=false, type=programming, submissionCount=null, exercise=ParticipationExerciseDTO[id=2591, exerciseType=PROGRAMMING, type=programming, assessmentType=AUTOMATIC, dueDate=2025-02-16T23:45:18.950569Z, assessmentDueDate=null, maxPoints=42.0, course=CourseDTO[id=974, accuracyOfScores=1]]], feedbacks=[], assessmentType=AUTOMATIC, hasComplaint=null, exampleResult=null, testCaseCount=0, passedTestCaseCount=0, codeIssueCount=0]], BuildJobQueueItem[id=19791739576719787, name=SHORTB2A6C58B0D447045380A858075B170A5B7C6TSTEXC-BASE, buildAgent=BuildAgentDTO[name=artemis-build-agent-test, memberAddress=[127.0.0.1]:5703, displayName=artemis-build-agent-test], participationId=1979, courseId=974, exerciseId=2591, retryCount=0, priority=2, status=FAILED, repositoryInfo=RepositoryInfo[repositoryName=shortb2a6c58b0d447045380a858075b170a5b7c6tstexc-exercise, repositoryType=exercise, triggeredByPushTo=exercise, assignmentRepositoryUri=http://localhost:49152/git/SHORTB2A6C58B0D447045380A858075B170A5B7C6TSTEXC/shortb2a6c58b0d447045380a858075b170a5b7c6tstexc-exercise.git, testRepositoryUri=http://localhost:49152/git/SHORTB2A6C58B0D447045380A858075B170A5B7C6TSTEXC/shortb2a6c58b0d447045380a858075b170a5b7c6tstexc-tests.git, solutionRepositoryUri=null, auxiliaryRepositoryUris=[Ljava.lang.String;@cef1150, auxiliaryRepositoryCheckoutDirectories=[Ljava.lang.String;@3058ba44], jobTimingInfo=JobTimingInfo[submissionDate=2025-02-14T23:45:19.787985058Z[Etc/UTC], buildStartDate=2025-02-14T23:45:19.796327417Z[Etc/UTC], buildCompletionDate=2025-02-14T23:45:19.799750982Z[Etc/UTC], estimatedCompletionDate=2025-02-14T23:45:38.796319082Z[Etc/UTC], estimatedDuration=19], buildConfig=BuildConfig[buildScript=#!/bin/bash
cd /var/tmp/testing-dir
chmod +x ./gradlew
./gradlew clean test
, dockerImage=dummy-docker-image:latest, commitHashToBuild=363cdbf709a9fff149f813ab848ee800a675cc77, assignmentCommitHash=363cdbf709a9fff149f813ab848ee800a675cc77, testCommitHash=a5e046ece417b2e538f21f816e2524dab61e0d10, branch=main, programmingLanguage=JAVA, projectType=PLAIN_GRADLE, scaEnabled=false, sequentialTestRunsEnabled=false, resultPaths=[/var/tmp/testing-dir/**/test-results/test/*.xml], timeoutSeconds=0, assignmentCheckoutPath=null, testCheckoutPath=null, solutionCheckoutPath=null, dockerRunConfig=null], submissionResult=ResultDTO[id=629, completionDate=2025-02-14T23:45:19.799820341Z[Etc/UTC], successful=false, score=0.0, rated=true, submission=SubmissionDTO[id=822, submitted=true, type=MANUAL, exampleSubmission=null, submissionDate=2025-02-14T23:45:19.775952Z, commitHash=363cdbf709a9fff149f813ab848ee800a675cc77, buildFailed=true, buildArtifact=false, participation=ParticipationDTO[id=1979, testRun=false, type=template, submissionCount=null, exercise=ParticipationExerciseDTO[id=2591, exerciseType=PROGRAMMING, type=programming, assessmentType=AUTOMATIC, dueDate=2025-02-16T23:45:18.950569Z, assessmentDueDate=null, maxPoints=42.0, course=CourseDTO[id=974, accuracyOfScores=1]]], submissionExerciseType=programming, isProcessing=false, buildStartDate=null, estimatedCompletionDate=null], participation=ParticipationDTO[id=1979, testRun=false, type=template, submissionCount=null, exercise=ParticipationExerciseDTO[id=2591, exerciseType=PROGRAMMING, type=programming, assessmentType=AUTOMATIC, dueDate=2025-02-16T23:45:18.950569Z, assessmentDueDate=null, maxPoints=42.0, course=CourseDTO[id=974, accuracyOfScores=1]]], feedbacks=[], assessmentType=AUTOMATIC, hasComplaint=null, exampleResult=null, testCaseCount=0, passedTestCaseCount=0, codeIssueCount=0]], BuildJobQueueItem[id=19781739576720235, name=SHORTB2A6C58B0D447045380A858075B170A5B7C6TSTEXC-SOLUTION, buildAgent=BuildAgentDTO[name=artemis-build-agent-test, memberAddress=[127.0.0.1]:5703, displayName=artemis-build-agent-test], participationId=1978, courseId=974, exerciseId=2591, retryCount=0, priority=2, status=FAILED, repositoryInfo=RepositoryInfo[repositoryName=shortb2a6c58b0d447045380a858075b170a5b7c6tstexc-solution, repositoryType=solution, triggeredByPushTo=solution, assignmentRepositoryUri=http://localhost:49152/git/SHORTB2A6C58B0D447045380A858075B170A5B7C6TSTEXC/shortb2a6c58b0d447045380a858075b170a5b7c6tstexc-solution.git, testRepositoryUri=http://localhost:49152/git/SHORTB2A6C58B0D447045380A858075B170A5B7C6TSTEXC/shortb2a6c58b0d447045380a858075b170a5b7c6tstexc-tests.git, solutionRepositoryUri=null, auxiliaryRepositoryUris=[Ljava.lang.String;@3370c15f, auxiliaryRepositoryCheckoutDirectories=[Ljava.lang.String;@913e222], jobTimingInfo=JobTimingInfo[submissionDate=2025-02-14T23:45:20.235272325Z[Etc/UTC], buildStartDate=2025-02-14T23:45:20.243033812Z[Etc/UTC], buildCompletionDate=2025-02-14T23:45:20.250721018Z[Etc/UTC], estimatedCompletionDate=2025-02-14T23:45:39.243026949Z[Etc/UTC], estimatedDuration=19], buildConfig=BuildConfig[buildScript=#!/bin/bash
cd /var/tmp/testing-dir
chmod +x ./gradlew
./gradlew clean test
, dockerImage=dummy-docker-image:latest, commitHashToBuild=c710d0e68c9c7db8cda7d1a278308de2b9642cc0, assignmentCommitHash=c710d0e68c9c7db8cda7d1a278308de2b9642cc0, testCommitHash=a5e046ece417b2e538f21f816e2524dab61e0d10, branch=main, programmingLanguage=JAVA, projectType=PLAIN_GRADLE, scaEnabled=false, sequentialTestRunsEnabled=false, resultPaths=[/var/tmp/testing-dir/**/test-results/test/*.xml], timeoutSeconds=0, assignmentCheckoutPath=null, testCheckoutPath=null, solutionCheckoutPath=null, dockerRunConfig=null], submissionResult=ResultDTO[id=630, completionDate=2025-02-14T23:45:20.250809893Z[Etc/UTC], successful=false, score=0.0, rated=true, submission=SubmissionDTO[id=823, submitted=true, type=MANUAL, exampleSubmission=null, submissionDate=2025-02-14T23:45:20.211707Z, commitHash=c710d0e68c9c7db8cda7d1a278308de2b9642cc0, buildFailed=true, buildArtifact=false, participation=ParticipationDTO[id=1978, testRun=false, type=solution, submissionCount=null, exercise=ParticipationExerciseDTO[id=2591, exerciseType=PROGRAMMING, type=programming, assessmentType=AUTOMATIC, dueDate=2025-02-16T23:45:18.950569Z, assessmentDueDate=null, maxPoints=42.0, course=CourseDTO[id=974, accuracyOfScores=1]]], submissionExerciseType=programming, isProcessing=false, buildStartDate=null, estimatedCompletionDate=null], participation=ParticipationDTO[id=1978, testRun=false, type=solution, submissionCount=null, exercise=ParticipationExerciseDTO[id=2591, exerciseType=PROGRAMMING, type=programming, assessmentType=AUTOMATIC, dueDate=2025-02-16T23:45:18.950569Z, assessmentDueDate=null, maxPoints=42.0, course=CourseDTO[id=974, accuracyOfScores=1]]], feedbacks=[], assessmentType=AUTOMATIC, hasComplaint=null, exampleResult=null, testCaseCount=0, passedTestCaseCount=0, codeIssueCount=0]], BuildJobQueueItem[id=19781739576720802, name=SHORTB2A6C58B0D447045380A858075B170A5B7C6TSTEXC-SOLUTION, buildAgent=BuildAgentDTO[name=artemis-build-agent-test, memberAddress=[127.0.0.1]:5703, displayName=artemis-build-agent-test], participationId=1978, courseId=974, exerciseId=2591, retryCount=0, priority=2, status=FAILED, repositoryInfo=RepositoryInfo[repositoryName=shortb2a6c58b0d447045380a858075b170a5b7c6tstexc-solution, repositoryType=solution, triggeredByPushTo=tests, assignmentRepositoryUri=http://localhost:49152/git/SHORTB2A6C58B0D447045380A858075B170A5B7C6TSTEXC/shortb2a6c58b0d447045380a858075b170a5b7c6tstexc-solution.git, testRepositoryUri=http://localhost:49152/git/SHORTB2A6C58B0D447045380A858075B170A5B7C6TSTEXC/shortb2a6c58b0d447045380a858075b170a5b7c6tstexc-tests.git, solutionRepositoryUri=null, auxiliaryRepositoryUris=[Ljava.lang.String;@7d0207c1, auxiliaryRepositoryCheckoutDirectories=[Ljava.lang.String;@8fd08bf], jobTimingInfo=JobTimingInfo[submissionDate=2025-02-14T23:45:20.802935026Z[Etc/UTC], buildStartDate=2025-02-14T23:45:20.809306435Z[Etc/UTC], buildCompletionDate=2025-02-14T23:45:20.822452342Z[Etc/UTC], estimatedCompletionDate=2025-02-14T23:45:39.809298491Z[Etc/UTC], estimatedDuration=19], buildConfig=BuildConfig[buildScript=#!/bin/bash
cd /var/tmp/testing-dir
chmod +x ./gradlew
./gradlew clean test
, dockerImage=dummy-docker-image:latest, commitHashToBuild=c710d0e68c9c7db8cda7d1a278308de2b9642cc0, assignmentCommitHash=c710d0e68c9c7db8cda7d1a278308de2b9642cc0, testCommitHash=c710d0e68c9c7db8cda7d1a278308de2b9642cc0, branch=main, programmingLanguage=JAVA, projectType=PLAIN_GRADLE, scaEnabled=false, sequentialTestRunsEnabled=false, resultPaths=[/var/tmp/testing-dir/**/test-results/test/*.xml], timeoutSeconds=0, assignmentCheckoutPath=null, testCheckoutPath=null, solutionCheckoutPath=null, dockerRunConfig=null], submissionResult=ResultDTO[id=631, completionDate=2025-02-14T23:45:20.822527362Z[Etc/UTC], successful=false, score=0.0, rated=true, submission=SubmissionDTO[id=824, submitted=true, type=TEST, exampleSubmission=null, submissionDate=2025-02-14T23:45:20.791240Z, commitHash=c710d0e68c9c7db8cda7d1a278308de2b9642cc0, buildFailed=true, buildArtifact=false, participation=ParticipationDTO[id=1978, testRun=false, type=solution, submissionCount=null, exercise=ParticipationExerciseDTO[id=2591, exerciseType=PROGRAMMING, type=programming, assessmentType=AUTOMATIC, dueDate=2025-02-16T23:45:18.950569Z, assessmentDueDate=null, maxPoints=42.0, course=CourseDTO[id=974, accuracyOfScores=1]]], submissionExerciseType=programming, isProcessing=false, buildStartDate=null, estimatedCompletionDate=null], participation=ParticipationDTO[id=1978, testRun=false, type=solution, submissionCount=null, exercise=ParticipationExerciseDTO[id=2591, exerciseType=PROGRAMMING, type=programming, assessmentType=AUTOMATIC, dueDate=2025-02-16T23:45:18.950569Z, assessmentDueDate=null, maxPoints=42.0, course=CourseDTO[id=974, accuracyOfScores=1]]], feedbacks=[], assessmentType=AUTOMATIC, hasComplaint=null, exampleResult=null, testCaseCount=0, passedTestCaseCount=0, codeIssueCount=0]], BuildJobQueueItem[id=20061739576732554, name=SHORT94A899E303D7504C5D0840704DAAFA3DFF4DTSTEXC-LOCALVCCIINTINSTRUCTOR1, buildAgent=BuildAgentDTO[name=artemis-build-agent-test, memberAddress=[127.0.0.1]:5703, displayName=artemis-build-agent-test], participationId=2006, courseId=984, exerciseId=2601, retryCount=0, priority=2, status=SUCCESSFUL, repositoryInfo=RepositoryInfo[repositoryName=short94a899e303d7504c5d0840704daafa3dff4dtstexc-localvcciintinstructor1, repositoryType=user, triggeredByPushTo=user, assignmentRepositoryUri=http://localhost:49152/git/SHORT94A899E303D7504C5D0840704DAAFA3DFF4DTSTEXC/short94a899e303d7504c5d0840704daafa3dff4dtstexc-localvcciintinstructor1.git, testRepositoryUri=http://localhost:49152/git/SHORT94A899E303D7504C5D0840704DAAFA3DFF4DTSTEXC/short94a899e303d7504c5d0840704daafa3dff4dtstexc-tests.git, solutionRepositoryUri=null, auxiliaryRepositoryUris=[Ljava.lang.String;@3d325ac6, auxiliaryRepositoryCheckoutDirectories=[Ljava.lang.String;@2b26adb0], jobTimingInfo=JobTimingInfo[submissionDate=2025-02-14T23:45:32.554795798Z[Etc/UTC], buildStartDate=2025-02-14T23:45:32.567287465Z[Etc/UTC], buildCompletionDate=2025-02-14T23:45:34.535226768Z[Etc/UTC], estimatedCompletionDate=2025-02-14T23:45:51.567257960Z[Etc/UTC], estimatedDuration=19], buildConfig=BuildConfig[buildScript=#!/bin/bash
cd /var/tmp/testing-dir
chmod +x ./gradlew
./gradlew clean test
, dockerImage=dummy-docker-image:latest, commitHashToBuild=ca2dbc0ae87edf7035058a6a17c0ea60e90a290f, assignmentCommitHash=ca2dbc0ae87edf7035058a6a17c0ea60e90a290f, testCommitHash=0207f6f98af5fbb66ad68455f3fc3cf128af8ae9, branch=main, programmingLanguage=JAVA, projectType=PLAIN_GRADLE, scaEnabled=false, sequentialTestRunsEnabled=false, resultPaths=[/var/tmp/testing-dir/**/test-results/test/*.xml], timeoutSeconds=0, assignmentCheckoutPath=null, testCheckoutPath=null, solutionCheckoutPath=null, dockerRunConfig=null], submissionResult=ResultDTO[id=632, completionDate=2025-02-14T23:45:34.504415716Z[Etc/UTC], successful=false, score=7.7, rated=false, submission=SubmissionDTO[id=826, submitted=true, type=MANUAL, exampleSubmission=null, submissionDate=2025-02-14T23:45:32.541533Z, commitHash=ca2dbc0ae87edf7035058a6a17c0ea60e90a290f, buildFailed=false, buildArtifact=false, participation=ParticipationDTO[id=2006, testRun=true, type=programming, submissionCount=null, exercise=ParticipationExerciseDTO[id=2601, exerciseType=PROGRAMMING, type=programming, assessmentType=AUTOMATIC, dueDate=2025-02-16T23:45:31.864042Z, assessmentDueDate=null, maxPoints=42.0, course=CourseDTO[id=984, accuracyOfScores=1]]], submissionExerciseType=programming, isProcessing=false, buildStartDate=null, estimatedCompletionDate=null], participation=ParticipationDTO[id=2006, testRun=true, type=programming, submissionCount=null, exercise=ParticipationExerciseDTO[id=2601, exerciseType=PROGRAMMING, type=programming, assessmentType=AUTOMATIC, dueDate=2025-02-16T23:45:31.864042Z, assessmentDueDate=null, maxPoints=42.0, course=CourseDTO[id=984, accuracyOfScores=1]]], feedbacks=[FeedbackDTO[id=920, text=null, detailText=The exercise expects a class with the name Context in the package testpackage. You did not implement the class in the exercise., hasLongFeedbackText=false, reference=null, credits=0.0, positive=false, type=AUTOMATIC, visibility=ALWAYS, testCase=TestCaseDTO[testName=null, id=1357]], FeedbackDTO[id=921, text=null, detailText=The exercise expects a class with the name Policy in the package testpackage. You did not implement the class in the exercise., hasLongFeedbackText=false, reference=null, credits=0.0, positive=false, type=AUTOMATIC, visibility=ALWAYS, testCase=TestCaseDTO[testName=null, id=1358]], FeedbackDTO[id=922, text=null, detailText=The exercise expects a class with the name SortStrategy in the package testpackage. You did not implement the class in the exercise., hasLongFeedbackText=false, reference=null, credits=0.0, positive=false, type=AUTOMATIC, visibility=ALWAYS, testCase=TestCaseDTO[testName=null, id=1359]], FeedbackDTO[id=923, text=null, detailText=The class 'MergeSort' does not implement the interface 'SortStrategy' as expected. Implement the interface and its methods., hasLongFeedbackText=false, reference=null, credits=0.0, positive=false, type=AUTOMATIC, visibility=ALWAYS, testCase=TestCaseDTO[testName=null, id=1354]], FeedbackDTO[id=924, text=null, detailText=The exercise expects a class with the name SortStrategy in the package testpackage. You did not implement the class in the exercise., hasLongFeedbackText=false, reference=null, credits=0.0, positive=false, type=AUTOMATIC, visibility=ALWAYS, testCase=TestCaseDTO[testName=null, id=1351]], FeedbackDTO[id=925, text=null, detailText=The class 'BubbleSort' does not implement the interface 'SortStrategy' as expected. Implement the interface and its methods., hasLongFeedbackText=false, reference=null, credits=0.0, positive=false, type=AUTOMATIC, visibility=ALWAYS, testCase=TestCaseDTO[testName=null, id=1355]], FeedbackDTO[id=926, text=null, detailText=MergeSort does not sort correctly, hasLongFeedbackText=false, reference=null, credits=0.0, positive=false, type=AUTOMATIC, visibility=ALWAYS, testCase=TestCaseDTO[testName=null, id=1360]], FeedbackDTO[id=927, text=null, detailText=The class 'Context' was not found within the submission. Make sure to implement it properly., hasLongFeedbackText=false, reference=null, credits=0.0, positive=false, type=AUTOMATIC, visibility=ALWAYS, testCase=TestCaseDTO[testName=null, id=1361]], FeedbackDTO[id=928, text=null, detailText=The class 'Context' was not found within the submission. Make sure to implement it properly., hasLongFeedbackText=false, reference=null, credits=0.0, positive=false, type=AUTOMATIC, visibility=ALWAYS, testCase=TestCaseDTO[testName=null, id=1362]], FeedbackDTO[id=929, text=null, detailText=The exercise expects a class with the name Policy in the package testpackage. You did not implement the class in the exercise., hasLongFeedbackText=false, reference=null, credits=0.0, positive=false, type=AUTOMATIC, visibility=ALWAYS, testCase=TestCaseDTO[testName=null, id=1356]], FeedbackDTO[id=930, text=null, detailText=The exercise expects a class with the name Context in the package testpackage. You did not implement the class in the exercise., hasLongFeedbackText=false, reference=null, credits=0.0, positive=false, type=AUTOMATIC, visibility=ALWAYS, testCase=TestCaseDTO[testName=null, id=1352]], FeedbackDTO[id=931, text=null, detailText=The exercise expects a class with the name Policy in the package testpackage. You did not implement the class in the exercise., hasLongFeedbackText=false, reference=null, credits=0.0, positive=false, type=AUTOMATIC, visibility=ALWAYS, testCase=TestCaseDTO[testName=null, id=1353]], FeedbackDTO[id=932, text=null, detailText=null, hasLongFeedbackText=false, reference=null, credits=3.230769230769231, positive=true, type=AUTOMATIC, visibility=ALWAYS, testCase=TestCaseDTO[testName=null, id=1363]]], assessmentType=AUTOMATIC, hasComplaint=null, exampleResult=null, testCaseCount=13, passedTestCaseCount=1, codeIssueCount=0]], BuildJobQueueItem[id=20111739576737317, name=SHORTD49A6DAE04F9E049850BD5601663FD17A5B7TSTEXC-BASE, buildAgent=BuildAgentDTO[name=artemis-build-agent-test, memberAddress=[127.0.0.1]:5703, displayName=artemis-build-agent-test], participationId=2011, courseId=986, exerciseId=2603, retryCount=0, priority=2, status=SUCCESSFUL, repositoryInfo=RepositoryInfo[repositoryName=shortd49a6dae04f9e049850bd5601663fd17a5b7tstexc-exercise, repositoryType=exercise, triggeredByPushTo=exercise, assignmentRepositoryUri=http://localhost:49152/git/SHORTD49A6DAE04F9E049850BD5601663FD17A5B7TSTEXC/shortd49a6dae04f9e049850bd5601663fd17a5b7tstexc-exercise.git, testRepositoryUri=http://localhost:49152/git/SHORTD49A6DAE04F9E049850BD5601663FD17A5B7TSTEXC/shortd49a6dae04f9e049850bd5601663fd17a5b7tstexc-tests.git, solutionRepositoryUri=null, auxiliaryRepositoryUris=[Ljava.lang.String;@46f79b1a, auxiliaryRepositoryCheckoutDirectories=[Ljava.lang.String;@262fcb8b], jobTimingInfo=JobTimingInfo[submissionDate=2025-02-14T23:45:37.317968648Z[Etc/UTC], buildStartDate=2025-02-14T23:45:37.324534774Z[Etc/UTC], buildCompletionDate=2025-02-14T23:45:38.527225461Z[Etc/UTC], estimatedCompletionDate=2025-02-14T23:45:56.324506331Z[Etc/UTC], estimatedDuration=19], buildConfig=BuildConfig[buildScript=#!/bin/bash
cd /var/tmp/testing-dir
chmod +x ./gradlew
./gradlew clean test
, dockerImage=dummy-docker-image:latest, commitHashToBuild=c795243c185829bbefa399f45dcbcfac22311b2f, assignmentCommitHash=c795243c185829bbefa399f45dcbcfac22311b2f, testCommitHash=fa8b162170bf767d852e05e0eb7a128efa2e1f34, branch=main, programmingLanguage=JAVA, projectType=PLAIN_GRADLE, scaEnabled=false, sequentialTestRunsEnabled=false, resultPaths=[/var/tmp/testing-dir/**/test-results/test/*.xml], timeoutSeconds=0, assignmentCheckoutPath=null, testCheckoutPath=null, solutionCheckoutPath=null, dockerRunConfig=null], submissionResult=ResultDTO[id=633, completionDate=2025-02-14T23:45:38.476795726Z[Etc/UTC], successful=false, score=0.0, rated=true, submission=SubmissionDTO[id=827, submitted=true, type=MANUAL, exampleSubmission=null, submissionDate=2025-02-14T23:45:37.303401Z, commitHash=c795243c185829bbefa399f45dcbcfac22311b2f, buildFailed=false, buildArtifact=false, participation=ParticipationDTO[id=2011, testRun=false, type=template, submissionCount=null, exercise=ParticipationExerciseDTO[id=2603, exerciseType=PROGRAMMING, type=programming, assessmentType=AUTOMATIC, dueDate=2025-02-16T23:45:36.830269Z, assessmentDueDate=null, maxPoints=42.0, course=CourseDTO[id=986, accuracyOfScores=1]]], submissionExerciseType=programming, isProcessing=false, buildStartDate=null, estimatedCompletionDate=null], participation=ParticipationDTO[id=2011, testRun=false, type=template, submissionCount=null, exercise=ParticipationExerciseDTO[id=2603, exerciseType=PROGRAMMING, type=programming, assessmentType=AUTOMATIC, dueDate=2025-02-16T23:45:36.830269Z, assessmentDueDate=null, maxPoints=42.0, course=CourseDTO[id=986, accuracyOfScores=1]]], feedbacks=[FeedbackDTO[id=933, text=null, detailText=The exercise expects a class with the name Context in the package testpackage. You did not implement the class in the exercise., hasLongFeedbackText=false, reference=null, credits=0.0, positive=false, type=AUTOMATIC, visibility=ALWAYS, testCase=TestCaseDTO[testName=testMethods[Context], id=1383]], FeedbackDTO[id=934, text=null, detailText=The exercise expects a class with the name Policy in the package testpackage. You did not implement the class in the exercise., hasLongFeedbackText=false, reference=null, credits=0.0, positive=false, type=AUTOMATIC, visibility=ALWAYS, testCase=TestCaseDTO[testName=testMethods[Policy], id=1384]], FeedbackDTO[id=935, text=null, detailText=The exercise expects a class with the name SortStrategy in the package testpackage. You did not implement the class in the exercise., hasLongFeedbackText=false, reference=null, credits=0.0, positive=false, type=AUTOMATIC, visibility=ALWAYS, testCase=TestCaseDTO[testName=testMethods[SortStrategy], id=1385]], FeedbackDTO[id=936, text=null, detailText=The class 'MergeSort' does not implement the interface 'SortStrategy' as expected. Implement the interface and its methods., hasLongFeedbackText=false, reference=null, credits=0.0, positive=false, type=AUTOMATIC, visibility=ALWAYS, testCase=TestCaseDTO[testName=testClass[MergeSort], id=1380]], FeedbackDTO[id=937, text=null, detailText=The exercise expects a class with the name SortStrategy in the package testpackage. You did not implement the class in the exercise., hasLongFeedbackText=false, reference=null, credits=0.0, positive=false, type=AUTOMATIC, visibility=ALWAYS, testCase=TestCaseDTO[testName=testClass[SortStrategy], id=1377]], FeedbackDTO[id=938, text=null, detailText=The class 'BubbleSort' does not implement the interface 'SortStrategy' as expected. Implement the interface and its methods., hasLongFeedbackText=false, reference=null, credits=0.0, positive=false, type=AUTOMATIC, visibility=ALWAYS, testCase=TestCaseDTO[testName=testClass[BubbleSort], id=1381]], FeedbackDTO[id=939, text=null, detailText=MergeSort does not sort correctly, hasLongFeedbackText=false, reference=null, credits=0.0, positive=false, type=AUTOMATIC, visibility=ALWAYS, testCase=TestCaseDTO[testName=testMergeSort(), id=1386]], FeedbackDTO[id=940, text=null, detailText=The class 'Context' was not found within the submission. Make sure to implement it properly., hasLongFeedbackText=false, reference=null, credits=0.0, positive=false, type=AUTOMATIC, visibility=ALWAYS, testCase=TestCaseDTO[testName=testUseBubbleSortForSmallList(), id=1387]], FeedbackDTO[id=941, text=null, detailText=BubbleSort does not sort correctly, hasLongFeedbackText=false, reference=null, credits=0.0, positive=false, type=AUTOMATIC, visibility=ALWAYS, testCase=TestCaseDTO[testName=testBubbleSort(), id=1389]], FeedbackDTO[id=942, text=null, detailText=The class 'Context' was not found within the submission. Make sure to implement it properly., hasLongFeedbackText=false, reference=null, credits=0.0, positive=false, type=AUTOMATIC, visibility=ALWAYS, testCase=TestCaseDTO[testName=testUseMergeSortForBigList(), id=1388]], FeedbackDTO[id=943, text=null, detailText=The exercise expects a class with the name Policy in the package testpackage. You did not implement the class in the exercise., hasLongFeedbackText=false, reference=null, credits=0.0, positive=false, type=AUTOMATIC, visibility=ALWAYS, testCase=TestCaseDTO[testName=testConstructors[Policy], id=1382]], FeedbackDTO[id=944, text=null, detailText=The exercise expects a class with the name Context in the package testpackage. You did not implement the class in the exercise., hasLongFeedbackText=false, reference=null, credits=0.0, positive=false, type=AUTOMATIC, visibility=ALWAYS, testCase=TestCaseDTO[testName=testAttributes[Context], id=1378]], FeedbackDTO[id=945, text=null, detailText=The exercise expects a class with the name Policy in the package testpackage. You did not implement the class in the exercise., hasLongFeedbackText=false, reference=null, credits=0.0, positive=false, type=AUTOMATIC, visibility=ALWAYS, testCase=TestCaseDTO[testName=testAttributes[Policy], id=1379]]], assessmentType=AUTOMATIC, hasComplaint=null, exampleResult=null, testCaseCount=13, passedTestCaseCount=0, codeIssueCount=0]], BuildJobQueueItem[id=20171739576740018, name=SHORT7914AFA00ADC3047140B99D01AC07810CE44TSTEXC-LOCALVCCIINTSTUDENT1, buildAgent=BuildAgentDTO[name=artemis-build-agent-test, memberAddress=[127.0.0.1]:5703, displayName=artemis-build-agent-test], participationId=2017, courseId=988, exerciseId=2605, retryCount=0, priority=2, status=SUCCESSFUL, repositoryInfo=RepositoryInfo[repositoryName=short7914afa00adc3047140b99d01ac07810ce44tstexc-practice-localvcciintstudent1, repositoryType=user, triggeredByPushTo=user, assignmentRepositoryUri=http://localhost:49152/git/SHORT7914AFA00ADC3047140B99D01AC07810CE44TSTEXC/short7914afa00adc3047140b99d01ac07810ce44tstexc-practice-localvcciintstudent1.git, testRepositoryUri=http://localhost:49152/git/SHORT7914AFA00ADC3047140B99D01AC07810CE44TSTEXC/short7914afa00adc3047140b99d01ac07810ce44tstexc-tests.git, solutionRepositoryUri=null, auxiliaryRepositoryUris=[Ljava.lang.String;@96451e2, auxiliaryRepositoryCheckoutDirectories=[Ljava.lang.String;@17313653], jobTimingInfo=JobTimingInfo[submissionDate=2025-02-14T23:45:40.018961253Z[Etc/UTC], buildStartDate=2025-02-14T23:45:40.029742701Z[Etc/UTC], buildCompletionDate=2025-02-14T23:45:41.150208242Z[Etc/UTC], estimatedCompletionDate=2025-02-14T23:45:59.029734065Z[Etc/UTC], estimatedDuration=19], buildConfig=BuildConfig[buildScript=#!/bin/bash
cd /var/tmp/testing-dir
chmod +x ./gradlew
./gradlew clean test
, dockerImage=dummy-docker-image:latest, commitHashToBuild=d80b57877989b971e83ccdb4863c8a7023c76266, assignmentCommitHash=d80b57877989b971e83ccdb4863c8a7023c76266, testCommitHash=327b116890c92b1312314341f43f21ef13ecf7d7, branch=main, programmingLanguage=JAVA, projectType=PLAIN_GRADLE, scaEnabled=false, sequentialTestRunsEnabled=false, resultPaths=[/var/tmp/testing-dir/**/test-results/test/*.xml], timeoutSeconds=0, assignmentCheckoutPath=null, testCheckoutPath=null, solutionCheckoutPath=null, dockerRunConfig=null], submissionResult=ResultDTO[id=634, completionDate=2025-02-14T23:45:41.120192603Z[Etc/UTC], successful=false, score=7.7, rated=false, submission=SubmissionDTO[id=828, submitted=true, type=MANUAL, exampleSubmission=null, submissionDate=2025-02-14T23:45:40.008666Z, commitHash=d80b57877989b971e83ccdb4863c8a7023c76266, buildFailed=false, buildArtifact=false, participation=ParticipationDTO[id=2017, testRun=true, type=programming, submissionCount=null, exercise=ParticipationExerciseDTO[id=2605, exerciseType=PROGRAMMING, type=programming, assessmentType=AUTOMATIC, dueDate=2025-02-16T23:45:39.523500Z, assessmentDueDate=null, maxPoints=42.0, course=CourseDTO[id=988, accuracyOfScores=1]]], submissionExerciseType=programming, isProcessing=false, buildStartDate=null, estimatedCompletionDate=null], participation=ParticipationDTO[id=2017, testRun=true, type=programming, submissionCount=null, exercise=ParticipationExerciseDTO[id=2605, exerciseType=PROGRAMMING, type=programming, assessmentType=AUTOMATIC, dueDate=2025-02-16T23:45:39.523500Z, assessmentDueDate=null, maxPoints=42.0, course=CourseDTO[id=988, accuracyOfScores=1]]], feedbacks=[FeedbackDTO[id=946, text=null, detailText=The exercise expects a class with the name Context in the package testpackage. You did not implement the class in the exercise., hasLongFeedbackText=false, reference=null, credits=0.0, positive=false, type=AUTOMATIC, visibility=ALWAYS, testCase=TestCaseDTO[testName=null, id=1409]], FeedbackDTO[id=947, text=null, detailText=The exercise expects a class with the name Policy in the package testpackage. You did not implement the class in the exercise., hasLongFeedbackText=false, reference=null, credits=0.0, positive=false, type=AUTOMATIC, visibility=ALWAYS, testCase=TestCaseDTO[testName=null, id=1410]], FeedbackDTO[id=948, text=null, detailText=The exercise expects a class with the name SortStrategy in the package testpackage. You did not implement the class in the exercise., hasLongFeedbackText=false, reference=null, credits=0.0, positive=false, type=AUTOMATIC, visibility=ALWAYS, testCase=TestCaseDTO[testName=null, id=1411]], FeedbackDTO[id=949, text=null, detailText=The class 'MergeSort' does not implement the interface 'SortStrategy' as expected. Implement the interface and its methods., hasLongFeedbackText=false, reference=null, credits=0.0, positive=false, type=AUTOMATIC, visibility=ALWAYS, testCase=TestCaseDTO[testName=null, id=1406]], FeedbackDTO[id=950, text=null, detailText=The exercise expects a class with the name SortStrategy in the package testpackage. You did not implement the class in the exercise., hasLongFeedbackText=false, reference=null, credits=0.0, positive=false, type=AUTOMATIC, visibility=ALWAYS, testCase=TestCaseDTO[testName=null, id=1403]], FeedbackDTO[id=951, text=null, detailText=The class 'BubbleSort' does not implement the interface 'SortStrategy' as expected. Implement the interface and its methods., hasLongFeedbackText=false, reference=null, credits=0.0, positive=false, type=AUTOMATIC, visibility=ALWAYS, testCase=TestCaseDTO[testName=null, id=1407]], FeedbackDTO[id=952, text=null, detailText=MergeSort does not sort correctly, hasLongFeedbackText=false, reference=null, credits=0.0, positive=false, type=AUTOMATIC, visibility=ALWAYS, testCase=TestCaseDTO[testName=null, id=1412]], FeedbackDTO[id=953, text=null, detailText=The class 'Context' was not found within the submission. Make sure to implement it properly., hasLongFeedbackText=false, reference=null, credits=0.0, positive=false, type=AUTOMATIC, visibility=ALWAYS, testCase=TestCaseDTO[testName=null, id=1413]], FeedbackDTO[id=954, text=null, detailText=The class 'Context' was not found within the submission. Make sure to implement it properly., hasLongFeedbackText=false, reference=null, credits=0.0, positive=false, type=AUTOMATIC, visibility=ALWAYS, testCase=TestCaseDTO[testName=null, id=1414]], FeedbackDTO[id=955, text=null, detailText=The exercise expects a class with the name Policy in the package testpackage. You did not implement the class in the exercise., hasLongFeedbackText=false, reference=null, credits=0.0, positive=false, type=AUTOMATIC, visibility=ALWAYS, testCase=TestCaseDTO[testName=null, id=1408]], FeedbackDTO[id=956, text=null, detailText=The exercise expects a class with the name Context in the package testpackage. You did not implement the class in the exercise., hasLongFeedbackText=false, reference=null, credits=0.0, positive=false, type=AUTOMATIC, visibility=ALWAYS, testCase=TestCaseDTO[testName=null, id=1404]], FeedbackDTO[id=957, text=null, detailText=The exercise expects a class with the name Policy in the package testpackage. You did not implement the class in the exercise., hasLongFeedbackText=false, reference=null, credits=0.0, positive=false, type=AUTOMATIC, visibility=ALWAYS, testCase=TestCaseDTO[testName=null, id=1405]], FeedbackDTO[id=958, text=null, detailText=null, hasLongFeedbackText=false, reference=null, credits=3.230769230769231, positive=true, type=AUTOMATIC, visibility=ALWAYS, testCase=TestCaseDTO[testName=null, id=1415]]], assessmentType=AUTOMATIC, hasComplaint=null, exampleResult=null, testCaseCount=13, passedTestCaseCount=1, codeIssueCount=0]], BuildJobQueueItem[id=20261739576743984, name=SHORT53C73BE505404043100AC2F00C039353CE8FTSTEXC-LOCALVCCIINTSTUDENT1, buildAgent=BuildAgentDTO[name=artemis-build-agent-test, memberAddress=[127.0.0.1]:5703, displayName=artemis-build-agent-test], participationId=2026, courseId=991, exerciseId=2608, retryCount=0, priority=1, status=SUCCESSFUL, repositoryInfo=RepositoryInfo[repositoryName=short53c73be505404043100ac2f00c039353ce8ftstexc-localvcciintstudent1, repositoryType=user, triggeredByPushTo=user, assignmentRepositoryUri=http://localhost:49152/git/SHORT53C73BE505404043100AC2F00C039353CE8FTSTEXC/short53c73be505404043100ac2f00c039353ce8ftstexc-localvcciintstudent1.git, testRepositoryUri=http://localhost:49152/git/SHORT53C73BE505404043100AC2F00C039353CE8FTSTEXC/short53c73be505404043100ac2f00c039353ce8ftstexc-tests.git, solutionRepositoryUri=null, auxiliaryRepositoryUris=[Ljava.lang.String;@6d6450e4, auxiliaryRepositoryCheckoutDirectories=[Ljava.lang.String;@35cfbd50], jobTimingInfo=JobTimingInfo[submissionDate=2025-02-14T23:45:43.984518859Z[Etc/UTC], buildStartDate=2025-02-14T23:45:43.991385682Z[Etc/UTC], buildCompletionDate=2025-02-14T23:45:44.982059928Z[Etc/UTC], estimatedCompletionDate=2025-02-14T23:46:02.991380122Z[Etc/UTC], estimatedDuration=19], buildConfig=BuildConfig[buildScript=#!/bin/bash
cd /var/tmp/testing-dir
chmod +x ./gradlew
./gradlew clean test
, dockerImage=dummy-docker-image:latest, commitHashToBuild=3e90ae9fef2e44ffb41451a080bdaa6a44ad6848, assignmentCommitHash=3e90ae9fef2e44ffb41451a080bdaa6a44ad6848, testCommitHash=0582754c87aae13e640312855ce7dbe490ecb50c, branch=main, programmingLanguage=JAVA, projectType=PLAIN_GRADLE, scaEnabled=false, sequentialTestRunsEnabled=false, resultPaths=[/var/tmp/testing-dir/**/test-results/test/*.xml], timeoutSeconds=0, assignmentCheckoutPath=null, testCheckoutPath=null, solutionCheckoutPath=null, dockerRunConfig=null], submissionResult=ResultDTO[id=635, completionDate=2025-02-14T23:45:44.961313737Z[Etc/UTC], successful=false, score=7.7, rated=true, submission=SubmissionDTO[id=829, submitted=true, type=MANUAL, exampleSubmission=null, submissionDate=2025-02-14T23:45:43.967766Z, commitHash=3e90ae9fef2e44ffb41451a080bdaa6a44ad6848, buildFailed=false, buildArtifact=false, participation=ParticipationDTO[id=2026, testRun=false, type=programming, submissionCount=null, exercise=ParticipationExerciseDTO[id=2608, exerciseType=PROGRAMMING, type=programming, assessmentType=AUTOMATIC, dueDate=2025-02-16T23:45:43.597978Z, assessmentDueDate=null, maxPoints=42.0, course=CourseDTO[id=991, accuracyOfScores=1]]], submissionExerciseType=programming, isProcessing=false, buildStartDate=null, estimatedCompletionDate=null], participation=ParticipationDTO[id=2026, testRun=false, type=programming, submissionCount=null, exercise=ParticipationExerciseDTO[id=2608, exerciseType=PROGRAMMING, type=programming, assessmentType=AUTOMATIC, dueDate=2025-02-16T23:45:43.597978Z, assessmentDueDate=null, maxPoints=42.0, course=CourseDTO[id=991, accuracyOfScores=1]]], feedbacks=[FeedbackDTO[id=959, text=null, detailText=The exercise expects a class with the name Context in the package testpackage. You did not implement the class in the exercise., hasLongFeedbackText=false, reference=null, credits=0.0, positive=false, type=AUTOMATIC, visibility=ALWAYS, testCase=TestCaseDTO[testName=null, id=1448]], FeedbackDTO[id=960, text=null, detailText=The exercise expects a class with the name Policy in the package testpackage. You did not implement the class in the exercise., hasLongFeedbackText=false, reference=null, credits=0.0, positive=false, type=AUTOMATIC, visibility=ALWAYS, testCase=TestCaseDTO[testName=null, id=1449]], FeedbackDTO[id=961, text=null, detailText=The exercise expects a class with the name SortStrategy in the package testpackage. You did not implement the class in the exercise., hasLongFeedbackText=false, reference=null, credits=0.0, positive=false, type=AUTOMATIC, visibility=ALWAYS, testCase=TestCaseDTO[testName=null, id=1450]], FeedbackDTO[id=962, text=null, detailText=The class 'MergeSort' does not implement the interface 'SortStrategy' as expected. Implement the interface and its methods., hasLongFeedbackText=false, reference=null, credits=0.0, positive=false, type=AUTOMATIC, visibility=ALWAYS, testCase=TestCaseDTO[testName=null, id=1445]], FeedbackDTO[id=963, text=null, detailText=The exercise expects a class with the name SortStrategy in the package testpackage. You did not implement the class in the exercise., hasLongFeedbackText=false, reference=null, credits=0.0, positive=false, type=AUTOMATIC, visibility=ALWAYS, testCase=TestCaseDTO[testName=null, id=1442]], FeedbackDTO[id=964, text=null, detailText=The class 'BubbleSort' does not implement the interface 'SortStrategy' as expected. Implement the interface and its methods., hasLongFeedbackText=false, reference=null, credits=0.0, positive=false, type=AUTOMATIC, visibility=ALWAYS, testCase=TestCaseDTO[testName=null, id=1446]], FeedbackDTO[id=965, text=null, detailText=MergeSort does not sort correctly, hasLongFeedbackText=false, reference=null, credits=0.0, positive=false, type=AUTOMATIC, visibility=ALWAYS, testCase=TestCaseDTO[testName=null, id=1451]], FeedbackDTO[id=966, text=null, detailText=The class 'Context' was not found within the submission. Make sure to implement it properly., hasLongFeedbackText=false, reference=null, credits=0.0, positive=false, type=AUTOMATIC, visibility=ALWAYS, testCase=TestCaseDTO[testName=null, id=1452]], FeedbackDTO[id=967, text=null, detailText=The class 'Context' was not found within the submission. Make sure to implement it properly., hasLongFeedbackText=false, reference=null, credits=0.0, positive=false, type=AUTOMATIC, visibility=ALWAYS, testCase=TestCaseDTO[testName=null, id=1453]], FeedbackDTO[id=968, text=null, detailText=The exercise expects a class with the name Policy in the package testpackage. You did not implement the class in the exercise., hasLongFeedbackText=false, reference=null, credits=0.0, positive=false, type=AUTOMATIC, visibility=ALWAYS, testCase=TestCaseDTO[testName=null, id=1447]], FeedbackDTO[id=969, text=null, detailText=The exercise expects a class with the name Context in the package testpackage. You did not implement the class in the exercise., hasLongFeedbackText=false, reference=null, credits=0.0, positive=false, type=AUTOMATIC, visibility=ALWAYS, testCase=TestCaseDTO[testName=null, id=1443]], FeedbackDTO[id=970, text=null, detailText=The exercise expects a class with the name Policy in the package testpackage. You did not implement the class in the exercise., hasLongFeedbackText=false, reference=null, credits=0.0, positive=false, type=AUTOMATIC, visibility=ALWAYS, testCase=TestCaseDTO[testName=null, id=1444]], FeedbackDTO[id=971, text=null, detailText=null, hasLongFeedbackText=false, reference=null, credits=3.230769230769231, positive=true, type=AUTOMATIC, visibility=ALWAYS, testCase=TestCaseDTO[testName=null, id=1454]]], assessmentType=AUTOMATIC, hasComplaint=null, exampleResult=null, testCaseCount=13, passedTestCaseCount=1, codeIssueCount=0]], BuildJobQueueItem[id=20271739576746886, name=SHORT0FC863930E92904248098A506171F81CF6CFTSTEXC-SOLUTION, buildAgent=BuildAgentDTO[name=artemis-build-agent-test, memberAddress=[127.0.0.1]:5703, displayName=artemis-build-agent-test], participationId=2027, courseId=992, exerciseId=2609, retryCount=0, priority=2, status=SUCCESSFUL, repositoryInfo=RepositoryInfo[repositoryName=short0fc863930e92904248098a506171f81cf6cftstexc-solution, repositoryType=solution, triggeredByPushTo=auxiliary, assignmentRepositoryUri=http://localhost:49152/git/SHORT0FC863930E92904248098A506171F81CF6CFTSTEXC/short0fc863930e92904248098a506171f81cf6cftstexc-solution.git, testRepositoryUri=http://localhost:49152/git/SHORT0FC863930E92904248098A506171F81CF6CFTSTEXC/short0fc863930e92904248098a506171f81cf6cftstexc-tests.git, solutionRepositoryUri=null, auxiliaryRepositoryUris=[Ljava.lang.String;@1e0f014a, auxiliaryRepositoryCheckoutDirectories=[Ljava.lang.String;@123f76], jobTimingInfo=JobTimingInfo[submissionDate=2025-02-14T23:45:46.886984066Z[Etc/UTC], buildStartDate=2025-02-14T23:45:46.897709578Z[Etc/UTC], buildCompletionDate=2025-02-14T23:45:48.628460156Z[Etc/UTC], estimatedCompletionDate=2025-02-14T23:46:05.897701272Z[Etc/UTC], estimatedDuration=19], buildConfig=BuildConfig[buildScript=#!/bin/bash
cd /var/tmp/testing-dir
chmod +x ./gradlew
./gradlew clean test
, dockerImage=dummy-docker-image:latest, commitHashToBuild=null, assignmentCommitHash=115a2e943bee242fdad360b50d8ad5f30792577e, testCommitHash=9b3a9bd71a0d80e5bbc42204c319ed3d1d4f0d6d, branch=main, programmingLanguage=JAVA, projectType=PLAIN_GRADLE, scaEnabled=false, sequentialTestRunsEnabled=false, resultPaths=[/var/tmp/testing-dir/**/test-results/test/*.xml], timeoutSeconds=0, assignmentCheckoutPath=null, testCheckoutPath=null, solutionCheckoutPath=null, dockerRunConfig=null], submissionResult=ResultDTO[id=636, completionDate=2025-02-14T23:45:48.593370968Z[Etc/UTC], successful=true, score=100.0, rated=true, submission=SubmissionDTO[id=830, submitted=true, type=TEST, exampleSubmission=null, submissionDate=2025-02-14T23:45:46.873671Z, commitHash=9b3a9bd71a0d80e5bbc42204c319ed3d1d4f0d6d, buildFailed=false, buildArtifact=false, participation=ParticipationDTO[id=2027, testRun=false, type=solution, submissionCount=null, exercise=ParticipationExerciseDTO[id=2609, exerciseType=PROGRAMMING, type=programming, assessmentType=AUTOMATIC, dueDate=2025-02-16T23:45:46.386304Z, assessmentDueDate=null, maxPoints=42.0, course=CourseDTO[id=992, accuracyOfScores=1]]], submissionExerciseType=programming, isProcessing=false, buildStartDate=null, estimatedCompletionDate=null], participation=ParticipationDTO[id=2027, testRun=false, type=solution, submissionCount=null, exercise=ParticipationExerciseDTO[id=2609, exerciseType=PROGRAMMING, type=programming, assessmentType=AUTOMATIC, dueDate=2025-02-16T23:45:46.386304Z, assessmentDueDate=null, maxPoints=42.0, course=CourseDTO[id=992, accuracyOfScores=1]]], feedbacks=[FeedbackDTO[id=972, text=null, detailText=null, hasLongFeedbackText=false, reference=null, credits=3.230769230769231, positive=true, type=AUTOMATIC, visibility=ALWAYS, testCase=TestCaseDTO[testName=testMethods[Context], id=1461]], FeedbackDTO[id=973, text=null, detailText=null, hasLongFeedbackText=false, reference=null, credits=3.230769230769231, positive=true, type=AUTOMATIC, visibility=ALWAYS, testCase=TestCaseDTO[testName=testMethods[Policy], id=1462]], FeedbackDTO[id=974, text=null, detailText=null, hasLongFeedbackText=false, reference=null, credits=3.230769230769231, positive=true, type=AUTOMATIC, visibility=ALWAYS, testCase=TestCaseDTO[testName=testMethods[SortStrategy], id=1463]], FeedbackDTO[id=975, text=null, detailText=null, hasLongFeedbackText=false, reference=null, credits=3.230769230769231, positive=true, type=AUTOMATIC, visibility=ALWAYS, testCase=TestCaseDTO[testName=testClass[MergeSort], id=1458]], FeedbackDTO[id=976, text=null, detailText=null, hasLongFeedbackText=false, reference=null, credits=3.230769230769231, positive=true, type=AUTOMATIC, visibility=ALWAYS, testCase=TestCaseDTO[testName=testClass[SortStrategy], id=1455]], FeedbackDTO[id=977, text=null, detailText=null, hasLongFeedbackText=false, reference=null, credits=3.230769230769231, positive=true, type=AUTOMATIC, visibility=ALWAYS, testCase=TestCaseDTO[testName=testClass[BubbleSort], id=1459]], FeedbackDTO[id=978, text=null, detailText=null, hasLongFeedbackText=false, reference=null, credits=3.230769230769231, positive=true, type=AUTOMATIC, visibility=ALWAYS, testCase=TestCaseDTO[testName=testMergeSort(), id=1464]], FeedbackDTO[id=979, text=null, detailText=null, hasLongFeedbackText=false, reference=null, credits=3.230769230769231, positive=true, type=AUTOMATIC, visibility=ALWAYS, testCase=TestCaseDTO[testName=testUseBubbleSortForSmallList(), id=1465]], FeedbackDTO[id=980, text=null, detailText=null, hasLongFeedbackText=false, reference=null, credits=3.230769230769231, positive=true, type=AUTOMATIC, visibility=ALWAYS, testCase=TestCaseDTO[testName=testBubbleSort(), id=1467]], FeedbackDTO[id=981, text=null, detailText=null, hasLongFeedbackText=false, reference=null, credits=3.230769230769231, positive=true, type=AUTOMATIC, visibility=ALWAYS, testCase=TestCaseDTO[testName=testUseMergeSortForBigList(), id=1466]], FeedbackDTO[id=982, text=null, detailText=null, hasLongFeedbackText=false, reference=null, credits=3.230769230769231, positive=true, type=AUTOMATIC, visibility=ALWAYS, testCase=TestCaseDTO[testName=testConstructors[Policy], id=1460]], FeedbackDTO[id=983, text=null, detailText=null, hasLongFeedbackText=false, reference=null, credits=3.230769230769231, positive=true, type=AUTOMATIC, visibility=ALWAYS, testCase=TestCaseDTO[testName=testAttributes[Context], id=1456]], FeedbackDTO[id=984, text=null, detailText=null, hasLongFeedbackText=false, reference=null, credits=3.230769230769231, positive=true, type=AUTOMATIC, visibility=ALWAYS, testCase=TestCaseDTO[testName=testAttributes[Policy], id=1457]]], assessmentType=AUTOMATIC, hasComplaint=null, exampleResult=null, testCaseCount=13, passedTestCaseCount=13, codeIssueCount=0]], BuildJobQueueItem[id=20281739576748768, name=SHORT0FC863930E92904248098A506171F81CF6CFTSTEXC-BASE, buildAgent=BuildAgentDTO[name=artemis-build-agent-test, memberAddress=[127.0.0.1]:5703, displayName=artemis-build-agent-test], participationId=2028, courseId=992, exerciseId=2609, retryCount=0, priority=2, status=SUCCESSFUL, repositoryInfo=RepositoryInfo[repositoryName=short0fc863930e92904248098a506171f81cf6cftstexc-exercise, repositoryType=exercise, triggeredByPushTo=auxiliary, assignmentRepositoryUri=http://localhost:49152/git/SHORT0FC863930E92904248098A506171F81CF6CFTSTEXC/short0fc863930e92904248098a506171f81cf6cftstexc-exercise.git, testRepositoryUri=http://localhost:49152/git/SHORT0FC863930E92904248098A506171F81CF6CFTSTEXC/short0fc863930e92904248098a506171f81cf6cftstexc-tests.git, solutionRepositoryUri=null, auxiliaryRepositoryUris=[Ljava.lang.String;@4fbeace0, auxiliaryRepositoryCheckoutDirectories=[Ljava.lang.String;@753bd7a], jobTimingInfo=JobTimingInfo[submissionDate=2025-02-14T23:45:48.768063548Z[Etc/UTC], buildStartDate=2025-02-14T23:45:48.802531989Z[Etc/UTC], buildCompletionDate=2025-02-14T23:45:50.482681367Z[Etc/UTC], estimatedCompletionDate=2025-02-14T23:45:50.802523092Z[Etc/UTC], estimatedDuration=2], buildConfig=BuildConfig[buildScript=#!/bin/bash
cd /var/tmp/testing-dir
chmod +x ./gradlew
./gradlew clean test
, dockerImage=dummy-docker-image:latest, commitHashToBuild=9b3a9bd71a0d80e5bbc42204c319ed3d1d4f0d6d, assignmentCommitHash=115a2e943bee242fdad360b50d8ad5f30792577e, testCommitHash=9b3a9bd71a0d80e5bbc42204c319ed3d1d4f0d6d, branch=main, programmingLanguage=JAVA, projectType=PLAIN_GRADLE, scaEnabled=false, sequentialTestRunsEnabled=false, resultPaths=[/var/tmp/testing-dir/**/test-results/test/*.xml], timeoutSeconds=0, assignmentCheckoutPath=null, testCheckoutPath=null, solutionCheckoutPath=null, dockerRunConfig=null], submissionResult=ResultDTO[id=637, completionDate=2025-02-14T23:45:50.449084694Z[Etc/UTC], successful=false, score=0.0, rated=true, submission=SubmissionDTO[id=831, submitted=true, type=TEST, exampleSubmission=null, submissionDate=2025-02-14T23:45:48.761177Z, commitHash=9b3a9bd71a0d80e5bbc42204c319ed3d1d4f0d6d, buildFailed=false, buildArtifact=false, participation=ParticipationDTO[id=2028, testRun=false, type=template, submissionCount=null, exercise=ParticipationExerciseDTO[id=2609, exerciseType=PROGRAMMING, type=programming, assessmentType=AUTOMATIC, dueDate=2025-02-16T23:45:46.386304Z, assessmentDueDate=null, maxPoints=42.0, course=CourseDTO[id=992, accuracyOfScores=1]]], submissionExerciseType=programming, isProcessing=false, buildStartDate=null, estimatedCompletionDate=null], participation=ParticipationDTO[id=2028, testRun=false, type=template, submissionCount=null, exercise=ParticipationExerciseDTO[id=2609, exerciseType=PROGRAMMING, type=programming, assessmentType=AUTOMATIC, dueDate=2025-02-16T23:45:46.386304Z, assessmentDueDate=null, maxPoints=42.0, course=CourseDTO[id=992, accuracyOfScores=1]]], feedbacks=[FeedbackDTO[id=985, text=null, detailText=The exercise expects a class with the name Context in the package testpackage. You did not implement the class in the exercise., hasLongFeedbackText=false, reference=null, credits=0.0, positive=false, type=AUTOMATIC, visibility=ALWAYS, testCase=TestCaseDTO[testName=testMethods[Context], id=1461]], FeedbackDTO[id=986, text=null, detailText=The exercise expects a class with the name Policy in the package testpackage. You did not implement the class in the exercise., hasLongFeedbackText=false, reference=null, credits=0.0, positive=false, type=AUTOMATIC, visibility=ALWAYS, testCase=TestCaseDTO[testName=testMethods[Policy], id=1462]], FeedbackDTO[id=987, text=null, detailText=The exercise expects a class with the name SortStrategy in the package testpackage. You did not implement the class in the exercise., hasLongFeedbackText=false, reference=null, credits=0.0, positive=false, type=AUTOMATIC, visibility=ALWAYS, testCase=TestCaseDTO[testName=testMethods[SortStrategy], id=1463]], FeedbackDTO[id=988, text=null, detailText=The class 'MergeSort' does not implement the interface 'SortStrategy' as expected. Implement the interface and its methods., hasLongFeedbackText=false, reference=null, credits=0.0, positive=false, type=AUTOMATIC, visibility=ALWAYS, testCase=TestCaseDTO[testName=testClass[MergeSort], id=1458]], FeedbackDTO[id=989, text=null, detailText=The exercise expects a class with the name SortStrategy in the package testpackage. You did not implement the class in the exercise., hasLongFeedbackText=false, reference=null, credits=0.0, positive=false, type=AUTOMATIC, visibility=ALWAYS, testCase=TestCaseDTO[testName=testClass[SortStrategy], id=1455]], FeedbackDTO[id=990, text=null, detailText=The class 'BubbleSort' does not implement the interface 'SortStrategy' as expected. Implement the interface and its methods., hasLongFeedbackText=false, reference=null, credits=0.0, positive=false, type=AUTOMATIC, visibility=ALWAYS, testCase=TestCaseDTO[testName=testClass[BubbleSort], id=1459]], FeedbackDTO[id=991, text=null, detailText=MergeSort does not sort correctly, hasLongFeedbackText=false, reference=null, credits=0.0, positive=false, type=AUTOMATIC, visibility=ALWAYS, testCase=TestCaseDTO[testName=testMergeSort(), id=1464]], FeedbackDTO[id=992, text=null, detailText=The class 'Context' was not found within the submission. Make sure to implement it properly., hasLongFeedbackText=false, reference=null, credits=0.0, positive=false, type=AUTOMATIC, visibility=ALWAYS, testCase=TestCaseDTO[testName=testUseBubbleSortForSmallList(), id=1465]], FeedbackDTO[id=993, text=null, detailText=BubbleSort does not sort correctly, hasLongFeedbackText=false, reference=null, credits=0.0, positive=false, type=AUTOMATIC, visibility=ALWAYS, testCase=TestCaseDTO[testName=testBubbleSort(), id=1467]], FeedbackDTO[id=994, text=null, detailText=The class 'Context' was not found within the submission. Make sure to implement it properly., hasLongFeedbackText=false, reference=null, credits=0.0, positive=false, type=AUTOMATIC, visibility=ALWAYS, testCase=TestCaseDTO[testName=testUseMergeSortForBigList(), id=1466]], FeedbackDTO[id=995, text=null, detailText=The exercise expects a class with the name Policy in the package testpackage. You did not implement the class in the exercise., hasLongFeedbackText=false, reference=null, credits=0.0, positive=false, type=AUTOMATIC, visibility=ALWAYS, testCase=TestCaseDTO[testName=testConstructors[Policy], id=1460]], FeedbackDTO[id=996, text=null, detailText=The exercise expects a class with the name Context in the package testpackage. You did not implement the class in the exercise., hasLongFeedbackText=false, reference=null, credits=0.0, positive=false, type=AUTOMATIC, visibility=ALWAYS, testCase=TestCaseDTO[testName=testAttributes[Context], id=1456]], FeedbackDTO[id=997, text=null, detailText=The exercise expects a class with the name Policy in the package testpackage. You did not implement the class in the exercise., hasLongFeedbackText=false, reference=null, credits=0.0, positive=false, type=AUTOMATIC, visibility=ALWAYS, testCase=TestCaseDTO[testName=testAttributes[Policy], id=1457]]], assessmentType=AUTOMATIC, hasComplaint=null, exampleResult=null, testCaseCount=13, passedTestCaseCount=0, codeIssueCount=0]], BuildJobQueueItem[id=20291739576751299, name=SHORT716C2EC10B19B049C80A2F00B97EAB20B2A9TSTEXC-SOLUTION, buildAgent=BuildAgentDTO[name=artemis-build-agent-test, memberAddress=[127.0.0.1]:5703, displayName=artemis-build-agent-test], participationId=2029, courseId=993, exerciseId=2610, retryCount=0, priority=2, status=SUCCESSFUL, repositoryInfo=RepositoryInfo[repositoryName=short716c2ec10b19b049c80a2f00b97eab20b2a9tstexc-solution, repositoryType=solution, triggeredByPushTo=tests, assignmentRepositoryUri=http://localhost:49152/git/SHORT716C2EC10B19B049C80A2F00B97EAB20B2A9TSTEXC/short716c2ec10b19b049c80a2f00b97eab20b2a9tstexc-solution.git, testRepositoryUri=http://localhost:49152/git/SHORT716C2EC10B19B049C80A2F00B97EAB20B2A9TSTEXC/short716c2ec10b19b049c80a2f00b97eab20b2a9tstexc-tests.git, solutionRepositoryUri=null, auxiliaryRepositoryUris=[Ljava.lang.String;@61b0f98b, auxiliaryRepositoryCheckoutDirectories=[Ljava.lang.String;@70c89344], jobTimingInfo=JobTimingInfo[submissionDate=2025-02-14T23:45:51.299892174Z[Etc/UTC], buildStartDate=2025-02-14T23:45:51.314028505Z[Etc/UTC], buildCompletionDate=2025-02-14T23:45:52.158312850Z[Etc/UTC], estimatedCompletionDate=2025-02-14T23:46:10.314021752Z[Etc/UTC], estimatedDuration=19], buildConfig=BuildConfig[buildScript=#!/bin/bash
cd /var/tmp/testing-dir
chmod +x ./gradlew
./gradlew clean test
, dockerImage=dummy-docker-image:latest, commitHashToBuild=1e531733ed6e9237f710b528d1eb0b7beac565fd, assignmentCommitHash=815e279f12ad296b4f24c44134a07293c04c010f, testCommitHash=1e531733ed6e9237f710b528d1eb0b7beac565fd, branch=main, programmingLanguage=JAVA, projectType=PLAIN_GRADLE, scaEnabled=false, sequentialTestRunsEnabled=false, resultPaths=[/var/tmp/testing-dir/**/test-results/test/*.xml], timeoutSeconds=0, assignmentCheckoutPath=null, testCheckoutPath=null, solutionCheckoutPath=null, dockerRunConfig=null], submissionResult=ResultDTO[id=638, completionDate=2025-02-14T23:45:52.146826070Z[Etc/UTC], successful=true, score=100.0, rated=true, submission=SubmissionDTO[id=832, submitted=true, type=TEST, exampleSubmission=null, submissionDate=2025-02-14T23:45:51.275713Z, commitHash=1e531733ed6e9237f710b528d1eb0b7beac565fd, buildFailed=false, buildArtifact=false, participation=ParticipationDTO[id=2029, testRun=false, type=solution, submissionCount=null, exercise=ParticipationExerciseDTO[id=2610, exerciseType=PROGRAMMING, type=programming, assessmentType=AUTOMATIC, dueDate=2025-02-16T23:45:50.869093Z, assessmentDueDate=null, maxPoints=42.0, course=CourseDTO[id=993, accuracyOfScores=1]]], submissionExerciseType=programming, isProcessing=false, buildStartDate=null, estimatedCompletionDate=null], participation=ParticipationDTO[id=2029, testRun=false, type=solution, submissionCount=null, exercise=ParticipationExerciseDTO[id=2610, exerciseType=PROGRAMMING, type=programming, assessmentType=AUTOMATIC, dueDate=2025-02-16T23:45:50.869093Z, assessmentDueDate=null, maxPoints=42.0, course=CourseDTO[id=993, accuracyOfScores=1]]], feedbacks=[FeedbackDTO[id=998, text=null, detailText=null, hasLongFeedbackText=false, reference=null, credits=3.230769230769231, positive=true, type=AUTOMATIC, visibility=ALWAYS, testCase=TestCaseDTO[testName=testMethods[Context], id=1474]], FeedbackDTO[id=999, text=null, detailText=null, hasLongFeedbackText=false, reference=null, credits=3.230769230769231, positive=true, type=AUTOMATIC, visibility=ALWAYS, testCase=TestCaseDTO[testName=testMethods[Policy], id=1475]], FeedbackDTO[id=1000, text=null, detailText=null, hasLongFeedbackText=false, reference=null, credits=3.230769230769231, positive=true, type=AUTOMATIC, visibility=ALWAYS, testCase=TestCaseDTO[testName=testMethods[SortStrategy], id=1476]], FeedbackDTO[id=1001, text=null, detailText=null, hasLongFeedbackText=false, reference=null, credits=3.230769230769231, positive=true, type=AUTOMATIC, visibility=ALWAYS, testCase=TestCaseDTO[testName=testClass[MergeSort], id=1471]], FeedbackDTO[id=1002, text=null, detailText=null, hasLongFeedbackText=false, reference=null, credits=3.230769230769231, positive=true, type=AUTOMATIC, visibility=ALWAYS, testCase=TestCaseDTO[testName=testClass[SortStrategy], id=1468]], FeedbackDTO[id=1003, text=null, detailText=null, hasLongFeedbackText=false, reference=null, credits=3.230769230769231, positive=true, type=AUTOMATIC, visibility=ALWAYS, testCase=TestCaseDTO[testName=testClass[BubbleSort], id=1472]], FeedbackDTO[id=1004, text=null, detailText=null, hasLongFeedbackText=false, reference=null, credits=3.230769230769231, positive=true, type=AUTOMATIC, visibility=ALWAYS, testCase=TestCaseDTO[testName=testMergeSort(), id=1477]], FeedbackDTO[id=1005, text=null, detailText=null, hasLongFeedbackText=false, reference=null, credits=3.230769230769231, positive=true, type=AUTOMATIC, visibility=ALWAYS, testCase=TestCaseDTO[testName=testUseBubbleSortForSmallList(), id=1478]], FeedbackDTO[id=1006, text=null, detailText=null, hasLongFeedbackText=false, reference=null, credits=3.230769230769231, positive=true, type=AUTOMATIC, visibility=ALWAYS, testCase=TestCaseDTO[testName=testBubbleSort(), id=1480]], FeedbackDTO[id=1007, text=null, detailText=null, hasLongFeedbackText=false, reference=null, credits=3.230769230769231, positive=true, type=AUTOMATIC, visibility=ALWAYS, testCase=TestCaseDTO[testName=testUseMergeSortForBigList(), id=1479]], FeedbackDTO[id=1008, text=null, detailText=null, hasLongFeedbackText=false, reference=null, credits=3.230769230769231, positive=true, type=AUTOMATIC, visibility=ALWAYS, testCase=TestCaseDTO[testName=testConstructors[Policy], id=1473]], FeedbackDTO[id=1009, text=null, detailText=null, hasLongFeedbackText=false, reference=null, credits=3.230769230769231, positive=true, type=AUTOMATIC, visibility=ALWAYS, testCase=TestCaseDTO[testName=testAttributes[Context], id=1469]], FeedbackDTO[id=1010, text=null, detailText=null, hasLongFeedbackText=false, reference=null, credits=3.230769230769231, positive=true, type=AUTOMATIC, visibility=ALWAYS, testCase=TestCaseDTO[testName=testAttributes[Policy], id=1470]]], assessmentType=AUTOMATIC, hasComplaint=null, exampleResult=null, testCaseCount=13, passedTestCaseCount=13, codeIssueCount=0]], BuildJobQueueItem[id=20301739576752239, name=SHORT716C2EC10B19B049C80A2F00B97EAB20B2A9TSTEXC-BASE, buildAgent=BuildAgentDTO[name=artemis-build-agent-test, memberAddress=[127.0.0.1]:5703, displayName=artemis-build-agent-test], participationId=2030, courseId=993, exerciseId=2610, retryCount=0, priority=2, status=SUCCESSFUL, repositoryInfo=RepositoryInfo[repositoryName=short716c2ec10b19b049c80a2f00b97eab20b2a9tstexc-exercise, repositoryType=exercise, triggeredByPushTo=tests, assignmentRepositoryUri=http://localhost:49152/git/SHORT716C2EC10B19B049C80A2F00B97EAB20B2A9TSTEXC/short716c2ec10b19b049c80a2f00b97eab20b2a9tstexc-exercise.git, testRepositoryUri=http://localhost:49152/git/SHORT716C2EC10B19B049C80A2F00B97EAB20B2A9TSTEXC/short716c2ec10b19b049c80a2f00b97eab20b2a9tstexc-tests.git, solutionRepositoryUri=null, auxiliaryRepositoryUris=[Ljava.lang.String;@4aabf811, auxiliaryRepositoryCheckoutDirectories=[Ljava.lang.String;@50092453], jobTimingInfo=JobTimingInfo[submissionDate=2025-02-14T23:45:52.239402475Z[Etc/UTC], buildStartDate=2025-02-14T23:45:52.258713639Z[Etc/UTC], buildCompletionDate=2025-02-14T23:45:53.238773956Z[Etc/UTC], estimatedCompletionDate=2025-02-14T23:45:53.258707428Z[Etc/UTC], estimatedDuration=1], buildConfig=BuildConfig[buildScript=#!/bin/bash
cd /var/tmp/testing-dir
chmod +x ./gradlew
./gradlew clean test
, dockerImage=dummy-docker-image:latest, commitHashToBuild=1e531733ed6e9237f710b528d1eb0b7beac565fd, assignmentCommitHash=815e279f12ad296b4f24c44134a07293c04c010f, testCommitHash=1e531733ed6e9237f710b528d1eb0b7beac565fd, branch=main, programmingLanguage=JAVA, projectType=PLAIN_GRADLE, scaEnabled=false, sequentialTestRunsEnabled=false, resultPaths=[/var/tmp/testing-dir/**/test-results/test/*.xml], timeoutSeconds=0, assignmentCheckoutPath=null, testCheckoutPath=null, solutionCheckoutPath=null, dockerRunConfig=null], submissionResult=ResultDTO[id=639, completionDate=2025-02-14T23:45:53.225806205Z[Etc/UTC], successful=false, score=0.0, rated=true, submission=SubmissionDTO[id=833, submitted=true, type=TEST, exampleSubmission=null, submissionDate=2025-02-14T23:45:52.237179Z, commitHash=1e531733ed6e9237f710b528d1eb0b7beac565fd, buildFailed=false, buildArtifact=false, participation=ParticipationDTO[id=2030, testRun=false, type=template, submissionCount=null, exercise=ParticipationExerciseDTO[id=2610, exerciseType=PROGRAMMING, type=programming, assessmentType=AUTOMATIC, dueDate=2025-02-16T23:45:50.869093Z, assessmentDueDate=null, maxPoints=42.0, course=CourseDTO[id=993, accuracyOfScores=1]]], submissionExerciseType=programming, isProcessing=false, buildStartDate=null, estimatedCompletionDate=null], participation=ParticipationDTO[id=2030, testRun=false, type=template, submissionCount=null, exercise=ParticipationExerciseDTO[id=2610, exerciseType=PROGRAMMING, type=programming, assessmentType=AUTOMATIC, dueDate=2025-02-16T23:45:50.869093Z, assessmentDueDate=null, maxPoints=42.0, course=CourseDTO[id=993, accuracyOfScores=1]]], feedbacks=[FeedbackDTO[id=1011, text=null, detailText=The exercise expects a class with the name Context in the package testpackage. You did not implement the class in the exercise., hasLongFeedbackText=false, reference=null, credits=0.0, positive=false, type=AUTOMATIC, visibility=ALWAYS, testCase=TestCaseDTO[testName=testMethods[Context], id=1474]], FeedbackDTO[id=1012, text=null, detailText=The exercise expects a class with the name Policy in the package testpackage. You did not implement the class in the exercise., hasLongFeedbackText=false, reference=null, credits=0.0, positive=false, type=AUTOMATIC, visibility=ALWAYS, testCase=TestCaseDTO[testName=testMethods[Policy], id=1475]], FeedbackDTO[id=1013, text=null, detailText=The exercise expects a class with the name SortStrategy in the package testpackage. You did not implement the class in the exercise., hasLongFeedbackText=false, reference=null, credits=0.0, positive=false, type=AUTOMATIC, visibility=ALWAYS, testCase=TestCaseDTO[testName=testMethods[SortStrategy], id=1476]], FeedbackDTO[id=1014, text=null, detailText=The class 'MergeSort' does not implement the interface 'SortStrategy' as expected. Implement the interface and its methods., hasLongFeedbackText=false, reference=null, credits=0.0, positive=false, type=AUTOMATIC, visibility=ALWAYS, testCase=TestCaseDTO[testName=testClass[MergeSort], id=1471]], FeedbackDTO[id=1015, text=null, detailText=The exercise expects a class with the name SortStrategy in the package testpackage. You did not implement the class in the exercise., hasLongFeedbackText=false, reference=null, credits=0.0, positive=false, type=AUTOMATIC, visibility=ALWAYS, testCase=TestCaseDTO[testName=testClass[SortStrategy], id=1468]], FeedbackDTO[id=1016, text=null, detailText=The class 'BubbleSort' does not implement the interface 'SortStrategy' as expected. Implement the interface and its methods., hasLongFeedbackText=false, reference=null, credits=0.0, positive=false, type=AUTOMATIC, visibility=ALWAYS, testCase=TestCaseDTO[testName=testClass[BubbleSort], id=1472]], FeedbackDTO[id=1017, text=null, detailText=MergeSort does not sort correctly, hasLongFeedbackText=false, reference=null, credits=0.0, positive=false, type=AUTOMATIC, visibility=ALWAYS, testCase=TestCaseDTO[testName=testMergeSort(), id=1477]], FeedbackDTO[id=1018, text=null, detailText=The class 'Context' was not found within the submission. Make sure to implement it properly., hasLongFeedbackText=false, reference=null, credits=0.0, positive=false, type=AUTOMATIC, visibility=ALWAYS, testCase=TestCaseDTO[testName=testUseBubbleSortForSmallList(), id=1478]], FeedbackDTO[id=1019, text=null, detailText=BubbleSort does not sort correctly, hasLongFeedbackText=false, reference=null, credits=0.0, positive=false, type=AUTOMATIC, visibility=ALWAYS, testCase=TestCaseDTO[testName=testBubbleSort(), id=1480]], FeedbackDTO[id=1020, text=null, detailText=The class 'Context' was not found within the submission. Make sure to implement it properly., hasLongFeedbackText=false, reference=null, credits=0.0, positive=false, type=AUTOMATIC, visibility=ALWAYS, testCase=TestCaseDTO[testName=testUseMergeSortForBigList(), id=1479]], FeedbackDTO[id=1021, text=null, detailText=The exercise expects a class with the name Policy in the package testpackage. You did not implement the class in the exercise., hasLongFeedbackText=false, reference=null, credits=0.0, positive=false, type=AUTOMATIC, visibility=ALWAYS, testCase=TestCaseDTO[testName=testConstructors[Policy], id=1473]], FeedbackDTO[id=1022, text=null, detailText=The exercise expects a class with the name Context in the package testpackage. You did not implement the class in the exercise., hasLongFeedbackText=false, reference=null, credits=0.0, positive=false, type=AUTOMATIC, visibility=ALWAYS, testCase=TestCaseDTO[testName=testAttributes[Context], id=1469]], FeedbackDTO[id=1023, text=null, detailText=The exercise expects a class with the name Policy in the package testpackage. You did not implement the class in the exercise., hasLongFeedbackText=false, reference=null, credits=0.0, positive=false, type=AUTOMATIC, visibility=ALWAYS, testCase=TestCaseDTO[testName=testAttributes[Policy], id=1470]]], assessmentType=AUTOMATIC, hasComplaint=null, exampleResult=null, testCaseCount=13, passedTestCaseCount=0, codeIssueCount=0]]], publicSshKey=ssh-rsa AAAAB3NzaC1yc2EAAAADAQABAAACAQCOPdMsxRE2jFJ/UEa5/LsBxtwzJcrh3/rYBCQvcMeVpiRfhzQPWu7mrt/G2Ew+i+vRloGH9aqKg6dd1liRncao53Zmd/ePxoatXePNhmzTfkCkcSkTUz7B+QMjkoDDV5jwuFPD6mF3JkhuzSi64n9Zy905t4w2IhVcjM2mL3eYNjiCXt6Qpq3Pkt7dM/Ksw1nxnvuiIALuJLB3FTkXkHqq3PJav+9HSq2r6ZaWgekneaGxlQlb+U+Vy3XOuArKAzK8c8i+0bR+AHiTG6ncYXt7ax3U+TdlDTF7OLP3umwaYjs1NBXOHwG42pevvpKn2fqavZZozk+M05jXLx3bq0O7itxfErWc7etky8qYPyyIMF/txQIVLd78+Ze4d7Y60t5MGbXM5cGE6fFif5fEJwgswXD+BrG0cafz1CTatjSKFdvp8Vp4VszXhHDan1PrP6JEFJ5Cc5GDmLRZPCFa3vL9f5qXgf4bkqKN8MYeEujwJE5nMRWoiJVNakix2bcrrneQMBlnYeYZVWXXXUusAQBzl4NgddC1umZpihZkL1b1MffZAUW3EGEXi7KHnllQhkTLLsQ8ntMgbylqaJKStqaXlLvdeRJcEnUuiFCrHEVVbXRFZR7XVDZ02CE5o3MuaRPty8Kh+jRTF3COlAckHwYEJCNNJvXFgb2CNXL4mjzYDw== test@localhost]
    23:45:53.317 | 566 localvc.event-13 | DEBUG | a.p.s.l.SharedQueueManagementService : Build agent updated: null
    23:45:53.318 | 588 artemis-task-1   | DEBUG | d.t.c.a.a.c.c.w.GzipMessageConverter : Compressed message payload from 105299 to 10228 (saved 90.3% payload size)
    23:45:53.318 | 588 artemis-task-1   | DEBUG | d.t.c.a.a.c.c.w.GzipMessageConverter : Compressed message payload from 255 to 232 (saved 9.0% payload size)
    23:45:53.327 | 588 artemis-task-1   | DEBUG | d.t.c.a.a.c.c.w.GzipMessageConverter : Compressed message payload from 105299 to 10228 (saved 90.3% payload size)
    23:45:53.589 | 702 waitility-thread | DEBUG | .a.s.ParticipantScoreScheduleService : Processing of 1 results and 0 participant scores.
    23:45:53.597 |  27 nPool-1-worker-1 | INFO  | .c.a.a.p.i.LocalVCLocalCITestService : Expected commit hash: 1e531733ed6e9237f710b528d1eb0b7beac565fd
    23:45:53.597 |  27 nPool-1-worker-1 | INFO  | .c.a.a.p.i.LocalVCLocalCITestService : Submission with commit hash: 1e531733ed6e9237f710b528d1eb0b7beac565fd

  Starting logs for LocalVCLocalCIIntegrationTest > testFetchPush_teachingAssistantPracticeRepository()
    23:45:53.653 |  27 nPool-1-worker-1 | DEBUG | d.t.c.a.a.c.u.util.UserUtilService   : Generate 2 students...
    23:45:53.663 |  27 nPool-1-worker-1 | DEBUG | d.t.c.a.a.c.u.util.UserUtilService   : 2 students generated. Generate 1 tutors...
    23:45:53.667 |  27 nPool-1-worker-1 | DEBUG | d.t.c.a.a.c.u.util.UserUtilService   : 1 tutors generated. Generate 0 editors...
    23:45:53.668 |  27 nPool-1-worker-1 | DEBUG | d.t.c.a.a.c.u.util.UserUtilService   : 0 editors generated. Generate 2 instructors...
    23:45:53.672 |  27 nPool-1-worker-1 | DEBUG | d.t.c.a.a.c.u.util.UserUtilService   : 2 instructors generated
    23:45:53.674 |  27 nPool-1-worker-1 | DEBUG | d.t.c.a.a.c.u.util.UserUtilService   : Removing 4 users from all courses...
    23:45:53.675 |  27 nPool-1-worker-1 | DEBUG | d.t.c.a.a.c.u.util.UserUtilService   : Removing 4 users from all courses. Done
    23:45:53.675 |  27 nPool-1-worker-1 | DEBUG | d.t.c.a.a.c.u.util.UserUtilService   : Save 5 users to database...
    23:45:53.688 |  27 nPool-1-worker-1 | DEBUG | d.t.c.a.a.c.u.util.UserUtilService   : Save 5 users to database. Done
    23:45:53.824 |  27 nPool-1-worker-1 | INFO  | i.z.t.d.l.EmbeddedDatabaseReporter   : JDBC URL to connect to 'dataSource': url='jdbc:h2:tcp://localhost:41063/mem:f240edcd-27ce-47a3-b4ab-a6a00c154135;USER=sa', scope='LocalVCLocalCIIntegrationTest#testFetchPush_teachingAssistantPracticeRepository'
    23:45:53.845 | 605 nio-49152-exec-4 | DEBUG | d.t.c.a.a.c.s.f.ApiVersionFilter     : Adding Version to Request GET /git/SHORTDEEBC3A60D9E3041620863508D8C63DD7154TSTEXC/shortdeebc3a60d9e3041620863508d8c63dd7154tstexc-practice-localvcciinttutor1.git/info/refs
    23:45:53.845 | 605 nio-49152-exec-4 | DEBUG | .t.c.a.a.p.s.l.LocalVCServletService : Path to resolve repository from: /tmp/SHORTDEEBC3A60D9E3041620863508D8C63DD7154TSTEXC/shortdeebc3a60d9e3041620863508d8c63dd7154tstexc-practice-localvcciinttutor1.git
    23:45:53.845 | 605 nio-49152-exec-4 | DEBUG | .t.c.a.a.p.s.l.LocalVCServletService : Opening local repository SHORTDEEBC3A60D9E3041620863508D8C63DD7154TSTEXC/shortdeebc3a60d9e3041620863508d8c63dd7154tstexc-practice-localvcciinttutor1.git
    23:45:53.846 | 605 nio-49152-exec-4 | DEBUG | .t.c.a.a.p.s.l.LocalVCServletService : Resolving repository for repository SHORTDEEBC3A60D9E3041620863508D8C63DD7154TSTEXC/shortdeebc3a60d9e3041620863508d8c63dd7154tstexc-practice-localvcciinttutor1.git took 922µs
    23:45:53.846 | 605 nio-49152-exec-4 | DEBUG | d.t.c.a.a.p.s.l.LocalVCFetchFilter   : Trying to fetch repository /git/SHORTDEEBC3A60D9E3041620863508D8C63DD7154TSTEXC/shortdeebc3a60d9e3041620863508d8c63dd7154tstexc-practice-localvcciinttutor1.git/info/refs
    23:45:53.850 | 605 nio-49152-exec-4 | DEBUG | t.c.a.a.c.s.DomainUserDetailsService : Authenticating localvcciinttutor1
    23:45:53.856 | 605 nio-49152-exec-4 | ERROR | .t.c.a.a.p.s.l.LocalVCServletService : Internal server error while trying to access repository /git/SHORTDEEBC3A60D9E3041620863508D8C63DD7154TSTEXC/shortdeebc3a60d9e3041620863508d8c63dd7154tstexc-practice-localvcciinttutor1.git/info/refs: No participation found for repository with repository type or username localvcciinttutor1 in exercise 2611
    23:45:53.860 | 606 nio-49152-exec-5 | DEBUG | d.t.c.a.a.c.s.f.ApiVersionFilter     : Adding Version to Request GET /git/SHORTDEEBC3A60D9E3041620863508D8C63DD7154TSTEXC/shortdeebc3a60d9e3041620863508d8c63dd7154tstexc-practice-localvcciinttutor1.git/info/refs
    23:45:53.860 | 606 nio-49152-exec-5 | DEBUG | .t.c.a.a.p.s.l.LocalVCServletService : Path to resolve repository from: /tmp/SHORTDEEBC3A60D9E3041620863508D8C63DD7154TSTEXC/shortdeebc3a60d9e3041620863508d8c63dd7154tstexc-practice-localvcciinttutor1.git
    23:45:53.860 | 606 nio-49152-exec-5 | DEBUG | .t.c.a.a.p.s.l.LocalVCServletService : Retrieving cached local repository SHORTDEEBC3A60D9E3041620863508D8C63DD7154TSTEXC/shortdeebc3a60d9e3041620863508d8c63dd7154tstexc-practice-localvcciinttutor1.git
    23:45:53.860 | 606 nio-49152-exec-5 | DEBUG | .t.c.a.a.p.s.l.LocalVCServletService : Resolving repository for repository SHORTDEEBC3A60D9E3041620863508D8C63DD7154TSTEXC/shortdeebc3a60d9e3041620863508d8c63dd7154tstexc-practice-localvcciinttutor1.git took 22µs
    23:45:53.860 | 606 nio-49152-exec-5 | DEBUG | d.t.c.a.a.p.s.l.LocalVCPushFilter    : Trying to push to repository /git/SHORTDEEBC3A60D9E3041620863508D8C63DD7154TSTEXC/shortdeebc3a60d9e3041620863508d8c63dd7154tstexc-practice-localvcciinttutor1.git/info/refs
    23:45:53.865 | 606 nio-49152-exec-5 | DEBUG | t.c.a.a.c.s.DomainUserDetailsService : Authenticating localvcciinttutor1
    23:45:53.871 | 606 nio-49152-exec-5 | ERROR | .t.c.a.a.p.s.l.LocalVCServletService : Internal server error while trying to access repository /git/SHORTDEEBC3A60D9E3041620863508D8C63DD7154TSTEXC/shortdeebc3a60d9e3041620863508d8c63dd7154tstexc-practice-localvcciinttutor1.git/info/refs: No participation found for repository with repository type or username localvcciinttutor1 in exercise 2611
    23:45:53.875 |  27 nPool-1-worker-1 | DEBUG | PersonalAccessTokenManagementService : Generate secure vcs access token
    23:45:53.881 | 607 nio-49152-exec-6 | DEBUG | d.t.c.a.a.c.s.f.ApiVersionFilter     : Adding Version to Request GET /git/SHORTDEEBC3A60D9E3041620863508D8C63DD7154TSTEXC/shortdeebc3a60d9e3041620863508d8c63dd7154tstexc-practice-localvcciinttutor1.git/info/refs
    23:45:53.881 | 607 nio-49152-exec-6 | DEBUG | .t.c.a.a.p.s.l.LocalVCServletService : Path to resolve repository from: /tmp/SHORTDEEBC3A60D9E3041620863508D8C63DD7154TSTEXC/shortdeebc3a60d9e3041620863508d8c63dd7154tstexc-practice-localvcciinttutor1.git
    23:45:53.881 | 607 nio-49152-exec-6 | DEBUG | .t.c.a.a.p.s.l.LocalVCServletService : Retrieving cached local repository SHORTDEEBC3A60D9E3041620863508D8C63DD7154TSTEXC/shortdeebc3a60d9e3041620863508d8c63dd7154tstexc-practice-localvcciinttutor1.git
    23:45:53.881 | 607 nio-49152-exec-6 | DEBUG | .t.c.a.a.p.s.l.LocalVCServletService : Resolving repository for repository SHORTDEEBC3A60D9E3041620863508D8C63DD7154TSTEXC/shortdeebc3a60d9e3041620863508d8c63dd7154tstexc-practice-localvcciinttutor1.git took 23µs
    23:45:53.881 | 607 nio-49152-exec-6 | DEBUG | d.t.c.a.a.p.s.l.LocalVCFetchFilter   : Trying to fetch repository /git/SHORTDEEBC3A60D9E3041620863508D8C63DD7154TSTEXC/shortdeebc3a60d9e3041620863508d8c63dd7154tstexc-practice-localvcciinttutor1.git/info/refs
    23:45:53.885 | 607 nio-49152-exec-6 | DEBUG | t.c.a.a.c.s.DomainUserDetailsService : Authenticating localvcciintstudent1
    23:45:53.898 | 608 nio-49152-exec-7 | DEBUG | d.t.c.a.a.c.s.f.ApiVersionFilter     : Adding Version to Request GET /git/SHORTDEEBC3A60D9E3041620863508D8C63DD7154TSTEXC/shortdeebc3a60d9e3041620863508d8c63dd7154tstexc-practice-localvcciinttutor1.git/info/refs
    23:45:53.898 | 608 nio-49152-exec-7 | DEBUG | .t.c.a.a.p.s.l.LocalVCServletService : Path to resolve repository from: /tmp/SHORTDEEBC3A60D9E3041620863508D8C63DD7154TSTEXC/shortdeebc3a60d9e3041620863508d8c63dd7154tstexc-practice-localvcciinttutor1.git
    23:45:53.898 | 608 nio-49152-exec-7 | DEBUG | .t.c.a.a.p.s.l.LocalVCServletService : Retrieving cached local repository SHORTDEEBC3A60D9E3041620863508D8C63DD7154TSTEXC/shortdeebc3a60d9e3041620863508d8c63dd7154tstexc-practice-localvcciinttutor1.git
    23:45:53.898 | 608 nio-49152-exec-7 | DEBUG | .t.c.a.a.p.s.l.LocalVCServletService : Resolving repository for repository SHORTDEEBC3A60D9E3041620863508D8C63DD7154TSTEXC/shortdeebc3a60d9e3041620863508d8c63dd7154tstexc-practice-localvcciinttutor1.git took 23µs
    23:45:53.898 | 608 nio-49152-exec-7 | DEBUG | d.t.c.a.a.p.s.l.LocalVCPushFilter    : Trying to push to repository /git/SHORTDEEBC3A60D9E3041620863508D8C63DD7154TSTEXC/shortdeebc3a60d9e3041620863508d8c63dd7154tstexc-practice-localvcciinttutor1.git/info/refs
    23:45:53.902 | 608 nio-49152-exec-7 | DEBUG | t.c.a.a.c.s.DomainUserDetailsService : Authenticating localvcciintstudent1
    23:45:53.913 | 608 nio-49152-exec-7 | DEBUG | d.t.c.a.a.c.s.f.ApiVersionFilter     : Adding Version to Request GET /git/SHORTDEEBC3A60D9E3041620863508D8C63DD7154TSTEXC/shortdeebc3a60d9e3041620863508d8c63dd7154tstexc-practice-localvcciinttutor1.git/info/refs
    23:45:53.913 | 608 nio-49152-exec-7 | DEBUG | .t.c.a.a.p.s.l.LocalVCServletService : Path to resolve repository from: /tmp/SHORTDEEBC3A60D9E3041620863508D8C63DD7154TSTEXC/shortdeebc3a60d9e3041620863508d8c63dd7154tstexc-practice-localvcciinttutor1.git
    23:45:53.913 | 608 nio-49152-exec-7 | DEBUG | .t.c.a.a.p.s.l.LocalVCServletService : Retrieving cached local repository SHORTDEEBC3A60D9E3041620863508D8C63DD7154TSTEXC/shortdeebc3a60d9e3041620863508d8c63dd7154tstexc-practice-localvcciinttutor1.git
    23:45:53.913 | 608 nio-49152-exec-7 | DEBUG | .t.c.a.a.p.s.l.LocalVCServletService : Resolving repository for repository SHORTDEEBC3A60D9E3041620863508D8C63DD7154TSTEXC/shortdeebc3a60d9e3041620863508d8c63dd7154tstexc-practice-localvcciinttutor1.git took 20µs
    23:45:53.914 | 608 nio-49152-exec-7 | DEBUG | d.t.c.a.a.p.s.l.LocalVCFetchFilter   : Trying to fetch repository /git/SHORTDEEBC3A60D9E3041620863508D8C63DD7154TSTEXC/shortdeebc3a60d9e3041620863508d8c63dd7154tstexc-practice-localvcciinttutor1.git/info/refs
    23:45:53.917 | 608 nio-49152-exec-7 | DEBUG | t.c.a.a.c.s.DomainUserDetailsService : Authenticating localvcciinttutor1
    23:45:53.926 | 588 artemis-task-1   | DEBUG | d.t.c.a.a.p.s.l.VcsAccessLogService  : Storing access operation for user User{login='localvcciinttutor1', firstName='localvcciinttutor1First', lastName='localvcciinttutor1Last', email='localvcciinttutor1@test.de', imageUrl='null', activated='true', langKey='en', activationKey='null'}
    23:45:53.926 | 608 nio-49152-exec-7 | DEBUG | .t.c.a.a.p.s.l.LocalVCServletService : Authorizing user localvcciinttutor1 for repository http://localhost:49152/git/SHORTDEEBC3A60D9E3041620863508D8C63DD7154TSTEXC/shortdeebc3a60d9e3041620863508d8c63dd7154tstexc-practice-localvcciinttutor1.git took 12.46ms
    23:45:53.932 | 609 nio-49152-exec-8 | DEBUG | d.t.c.a.a.c.s.f.ApiVersionFilter     : Adding Version to Request GET /git/SHORTDEEBC3A60D9E3041620863508D8C63DD7154TSTEXC/shortdeebc3a60d9e3041620863508d8c63dd7154tstexc-practice-localvcciinttutor1.git/info/refs
    23:45:53.933 | 609 nio-49152-exec-8 | DEBUG | .t.c.a.a.p.s.l.LocalVCServletService : Path to resolve repository from: /tmp/SHORTDEEBC3A60D9E3041620863508D8C63DD7154TSTEXC/shortdeebc3a60d9e3041620863508d8c63dd7154tstexc-practice-localvcciinttutor1.git
    23:45:53.933 | 609 nio-49152-exec-8 | DEBUG | .t.c.a.a.p.s.l.LocalVCServletService : Retrieving cached local repository SHORTDEEBC3A60D9E3041620863508D8C63DD7154TSTEXC/shortdeebc3a60d9e3041620863508d8c63dd7154tstexc-practice-localvcciinttutor1.git
    23:45:53.933 | 609 nio-49152-exec-8 | DEBUG | .t.c.a.a.p.s.l.LocalVCServletService : Resolving repository for repository SHORTDEEBC3A60D9E3041620863508D8C63DD7154TSTEXC/shortdeebc3a60d9e3041620863508d8c63dd7154tstexc-practice-localvcciinttutor1.git took 22µs
    23:45:53.933 | 609 nio-49152-exec-8 | DEBUG | d.t.c.a.a.p.s.l.LocalVCPushFilter    : Trying to push to repository /git/SHORTDEEBC3A60D9E3041620863508D8C63DD7154TSTEXC/shortdeebc3a60d9e3041620863508d8c63dd7154tstexc-practice-localvcciinttutor1.git/info/refs
    23:45:53.937 | 609 nio-49152-exec-8 | DEBUG | t.c.a.a.c.s.DomainUserDetailsService : Authenticating localvcciinttutor1
    23:45:53.948 | 588 artemis-task-1   | DEBUG | d.t.c.a.a.p.s.l.VcsAccessLogService  : Storing access operation for user User{login='localvcciinttutor1', firstName='localvcciinttutor1First', lastName='localvcciinttutor1Last', email='localvcciinttutor1@test.de', imageUrl='null', activated='true', langKey='en', activationKey='null'}
    23:45:53.949 | 609 nio-49152-exec-8 | DEBUG | .t.c.a.a.p.s.l.LocalVCServletService : Authorizing user localvcciinttutor1 for repository http://localhost:49152/git/SHORTDEEBC3A60D9E3041620863508D8C63DD7154TSTEXC/shortdeebc3a60d9e3041620863508d8c63dd7154tstexc-practice-localvcciinttutor1.git took 15.60ms
    23:45:53.955 | 609 nio-49152-exec-8 | DEBUG | d.t.c.a.a.c.s.f.ApiVersionFilter     : Adding Version to Request GET /git/SHORTDEEBC3A60D9E3041620863508D8C63DD7154TSTEXC/shortdeebc3a60d9e3041620863508d8c63dd7154tstexc-practice-localvcciinttutor1.git/info/refs
    23:45:53.955 | 609 nio-49152-exec-8 | DEBUG | .t.c.a.a.p.s.l.LocalVCServletService : Path to resolve repository from: /tmp/SHORTDEEBC3A60D9E3041620863508D8C63DD7154TSTEXC/shortdeebc3a60d9e3041620863508d8c63dd7154tstexc-practice-localvcciinttutor1.git
    23:45:53.955 | 609 nio-49152-exec-8 | DEBUG | .t.c.a.a.p.s.l.LocalVCServletService : Retrieving cached local repository SHORTDEEBC3A60D9E3041620863508D8C63DD7154TSTEXC/shortdeebc3a60d9e3041620863508d8c63dd7154tstexc-practice-localvcciinttutor1.git
    23:45:53.955 | 609 nio-49152-exec-8 | DEBUG | .t.c.a.a.p.s.l.LocalVCServletService : Resolving repository for repository SHORTDEEBC3A60D9E3041620863508D8C63DD7154TSTEXC/shortdeebc3a60d9e3041620863508d8c63dd7154tstexc-practice-localvcciinttutor1.git took 25µs
    23:45:53.956 | 609 nio-49152-exec-8 | DEBUG | d.t.c.a.a.p.s.l.LocalVCFetchFilter   : Trying to fetch repository /git/SHORTDEEBC3A60D9E3041620863508D8C63DD7154TSTEXC/shortdeebc3a60d9e3041620863508d8c63dd7154tstexc-practice-localvcciinttutor1.git/info/refs
    23:45:53.963 | 609 nio-49152-exec-8 | DEBUG | t.c.a.a.c.s.DomainUserDetailsService : Authenticating localvcciintinstructor1
    23:45:53.979 | 609 nio-49152-exec-8 | DEBUG | .t.c.a.a.p.s.l.LocalVCServletService : Authorizing user localvcciintinstructor1 for repository http://localhost:49152/git/SHORTDEEBC3A60D9E3041620863508D8C63DD7154TSTEXC/shortdeebc3a60d9e3041620863508d8c63dd7154tstexc-practice-localvcciinttutor1.git took 23.87ms
    23:45:53.984 | 588 artemis-task-1   | DEBUG | d.t.c.a.a.p.s.l.VcsAccessLogService  : Storing access operation for user User{login='localvcciintinstructor1', firstName='localvcciintinstructor1First', lastName='localvcciintinstructor1Last', email='localvcciintinstructor1@test.de', imageUrl='null', activated='true', langKey='en', activationKey='null'}
    23:45:53.990 | 611 io-49152-exec-10 | DEBUG | d.t.c.a.a.c.s.f.ApiVersionFilter     : Adding Version to Request GET /git/SHORTDEEBC3A60D9E3041620863508D8C63DD7154TSTEXC/shortdeebc3a60d9e3041620863508d8c63dd7154tstexc-practice-localvcciinttutor1.git/info/refs
    23:45:53.990 | 611 io-49152-exec-10 | DEBUG | .t.c.a.a.p.s.l.LocalVCServletService : Path to resolve repository from: /tmp/SHORTDEEBC3A60D9E3041620863508D8C63DD7154TSTEXC/shortdeebc3a60d9e3041620863508d8c63dd7154tstexc-practice-localvcciinttutor1.git
    23:45:53.990 | 611 io-49152-exec-10 | DEBUG | .t.c.a.a.p.s.l.LocalVCServletService : Retrieving cached local repository SHORTDEEBC3A60D9E3041620863508D8C63DD7154TSTEXC/shortdeebc3a60d9e3041620863508d8c63dd7154tstexc-practice-localvcciinttutor1.git
    23:45:53.990 | 611 io-49152-exec-10 | DEBUG | .t.c.a.a.p.s.l.LocalVCServletService : Resolving repository for repository SHORTDEEBC3A60D9E3041620863508D8C63DD7154TSTEXC/shortdeebc3a60d9e3041620863508d8c63dd7154tstexc-practice-localvcciinttutor1.git took 22µs
    23:45:53.990 | 611 io-49152-exec-10 | DEBUG | d.t.c.a.a.p.s.l.LocalVCPushFilter    : Trying to push to repository /git/SHORTDEEBC3A60D9E3041620863508D8C63DD7154TSTEXC/shortdeebc3a60d9e3041620863508d8c63dd7154tstexc-practice-localvcciinttutor1.git/info/refs
    23:45:53.998 | 611 io-49152-exec-10 | DEBUG | t.c.a.a.c.s.DomainUserDetailsService : Authenticating localvcciintinstructor1
    23:45:54.011 | 611 io-49152-exec-10 | DEBUG | .t.c.a.a.p.s.l.LocalVCServletService : Authorizing user localvcciintinstructor1 for repository http://localhost:49152/git/SHORTDEEBC3A60D9E3041620863508D8C63DD7154TSTEXC/shortdeebc3a60d9e3041620863508d8c63dd7154tstexc-practice-localvcciinttutor1.git took 20.81ms
    23:45:54.011 | 588 artemis-task-1   | DEBUG | d.t.c.a.a.p.s.l.VcsAccessLogService  : Storing access operation for user User{login='localvcciintinstructor1', firstName='localvcciintinstructor1First', lastName='localvcciintinstructor1Last', email='localvcciintinstructor1@test.de', imageUrl='null', activated='true', langKey='en', activationKey='null'}

  Starting logs for LocalVCLocalCIIntegrationTest > testFetchPush_teachingAssistantAssignmentRepository()
    23:45:54.071 |  27 nPool-1-worker-1 | DEBUG | d.t.c.a.a.c.u.util.UserUtilService   : Generate 2 students...
    23:45:54.075 |  27 nPool-1-worker-1 | DEBUG | d.t.c.a.a.c.u.util.UserUtilService   : 2 students generated. Generate 1 tutors...
    23:45:54.077 |  27 nPool-1-worker-1 | DEBUG | d.t.c.a.a.c.u.util.UserUtilService   : 1 tutors generated. Generate 0 editors...
    23:45:54.079 |  27 nPool-1-worker-1 | DEBUG | d.t.c.a.a.c.u.util.UserUtilService   : 0 editors generated. Generate 2 instructors...
    23:45:54.082 |  27 nPool-1-worker-1 | DEBUG | d.t.c.a.a.c.u.util.UserUtilService   : 2 instructors generated
    23:45:54.083 |  27 nPool-1-worker-1 | DEBUG | d.t.c.a.a.c.u.util.UserUtilService   : Removing 4 users from all courses...
    23:45:54.084 |  27 nPool-1-worker-1 | DEBUG | d.t.c.a.a.c.u.util.UserUtilService   : Removing 4 users from all courses. Done
    23:45:54.084 |  27 nPool-1-worker-1 | DEBUG | d.t.c.a.a.c.u.util.UserUtilService   : Save 5 users to database...
    23:45:54.088 |  27 nPool-1-worker-1 | DEBUG | d.t.c.a.a.c.u.util.UserUtilService   : Save 5 users to database. Done
    23:45:54.197 |  27 nPool-1-worker-1 | INFO  | i.z.t.d.l.EmbeddedDatabaseReporter   : JDBC URL to connect to 'dataSource': url='jdbc:h2:tcp://localhost:41063/mem:f240edcd-27ce-47a3-b4ab-a6a00c154135;USER=sa', scope='LocalVCLocalCIIntegrationTest#testFetchPush_teachingAssistantAssignmentRepository'
    23:45:54.200 |  27 nPool-1-worker-1 | DEBUG | PersonalAccessTokenManagementService : Generate secure vcs access token
    23:45:54.201 |  27 nPool-1-worker-1 | DEBUG | .c.a.a.p.i.LocalVCLocalCITestService : Created participation with id: 2036
    23:45:54.226 | 610 nio-49152-exec-9 | DEBUG | d.t.c.a.a.c.s.f.ApiVersionFilter     : Adding Version to Request GET /git/SHORT060B7D01018BD04470081210D9BC50C85420TSTEXC/short060b7d01018bd04470081210d9bc50c85420tstexc-localvcciinttutor1.git/info/refs
    23:45:54.226 | 610 nio-49152-exec-9 | DEBUG | .t.c.a.a.p.s.l.LocalVCServletService : Path to resolve repository from: /tmp/SHORT060B7D01018BD04470081210D9BC50C85420TSTEXC/short060b7d01018bd04470081210d9bc50c85420tstexc-localvcciinttutor1.git
    23:45:54.226 | 610 nio-49152-exec-9 | DEBUG | .t.c.a.a.p.s.l.LocalVCServletService : Opening local repository SHORT060B7D01018BD04470081210D9BC50C85420TSTEXC/short060b7d01018bd04470081210d9bc50c85420tstexc-localvcciinttutor1.git
    23:45:54.227 | 610 nio-49152-exec-9 | DEBUG | .t.c.a.a.p.s.l.LocalVCServletService : Resolving repository for repository SHORT060B7D01018BD04470081210D9BC50C85420TSTEXC/short060b7d01018bd04470081210d9bc50c85420tstexc-localvcciinttutor1.git took 975µs
    23:45:54.227 | 610 nio-49152-exec-9 | DEBUG | d.t.c.a.a.p.s.l.LocalVCFetchFilter   : Trying to fetch repository /git/SHORT060B7D01018BD04470081210D9BC50C85420TSTEXC/short060b7d01018bd04470081210d9bc50c85420tstexc-localvcciinttutor1.git/info/refs
    23:45:54.231 | 610 nio-49152-exec-9 | DEBUG | t.c.a.a.c.s.DomainUserDetailsService : Authenticating localvcciintstudent1
    23:45:54.243 | 602 nio-49152-exec-1 | DEBUG | d.t.c.a.a.c.s.f.ApiVersionFilter     : Adding Version to Request GET /git/SHORT060B7D01018BD04470081210D9BC50C85420TSTEXC/short060b7d01018bd04470081210d9bc50c85420tstexc-localvcciinttutor1.git/info/refs
    23:45:54.243 | 602 nio-49152-exec-1 | DEBUG | .t.c.a.a.p.s.l.LocalVCServletService : Path to resolve repository from: /tmp/SHORT060B7D01018BD04470081210D9BC50C85420TSTEXC/short060b7d01018bd04470081210d9bc50c85420tstexc-localvcciinttutor1.git
    23:45:54.243 | 602 nio-49152-exec-1 | DEBUG | .t.c.a.a.p.s.l.LocalVCServletService : Retrieving cached local repository SHORT060B7D01018BD04470081210D9BC50C85420TSTEXC/short060b7d01018bd04470081210d9bc50c85420tstexc-localvcciinttutor1.git
    23:45:54.243 | 602 nio-49152-exec-1 | DEBUG | .t.c.a.a.p.s.l.LocalVCServletService : Resolving repository for repository SHORT060B7D01018BD04470081210D9BC50C85420TSTEXC/short060b7d01018bd04470081210d9bc50c85420tstexc-localvcciinttutor1.git took 24µs
    23:45:54.243 | 602 nio-49152-exec-1 | DEBUG | d.t.c.a.a.p.s.l.LocalVCPushFilter    : Trying to push to repository /git/SHORT060B7D01018BD04470081210D9BC50C85420TSTEXC/short060b7d01018bd04470081210d9bc50c85420tstexc-localvcciinttutor1.git/info/refs
    23:45:54.247 | 602 nio-49152-exec-1 | DEBUG | t.c.a.a.c.s.DomainUserDetailsService : Authenticating localvcciintstudent1
    23:45:54.258 | 603 nio-49152-exec-2 | DEBUG | d.t.c.a.a.c.s.f.ApiVersionFilter     : Adding Version to Request GET /git/SHORT060B7D01018BD04470081210D9BC50C85420TSTEXC/short060b7d01018bd04470081210d9bc50c85420tstexc-localvcciinttutor1.git/info/refs
    23:45:54.258 | 603 nio-49152-exec-2 | DEBUG | .t.c.a.a.p.s.l.LocalVCServletService : Path to resolve repository from: /tmp/SHORT060B7D01018BD04470081210D9BC50C85420TSTEXC/short060b7d01018bd04470081210d9bc50c85420tstexc-localvcciinttutor1.git
    23:45:54.258 | 603 nio-49152-exec-2 | DEBUG | .t.c.a.a.p.s.l.LocalVCServletService : Retrieving cached local repository SHORT060B7D01018BD04470081210D9BC50C85420TSTEXC/short060b7d01018bd04470081210d9bc50c85420tstexc-localvcciinttutor1.git
    23:45:54.258 | 603 nio-49152-exec-2 | DEBUG | .t.c.a.a.p.s.l.LocalVCServletService : Resolving repository for repository SHORT060B7D01018BD04470081210D9BC50C85420TSTEXC/short060b7d01018bd04470081210d9bc50c85420tstexc-localvcciinttutor1.git took 22µs
    23:45:54.259 | 603 nio-49152-exec-2 | DEBUG | d.t.c.a.a.p.s.l.LocalVCFetchFilter   : Trying to fetch repository /git/SHORT060B7D01018BD04470081210D9BC50C85420TSTEXC/short060b7d01018bd04470081210d9bc50c85420tstexc-localvcciinttutor1.git/info/refs
    23:45:54.263 | 603 nio-49152-exec-2 | DEBUG | t.c.a.a.c.s.DomainUserDetailsService : Authenticating localvcciinttutor1
    23:45:54.271 | 603 nio-49152-exec-2 | DEBUG | .t.c.a.a.p.s.l.LocalVCServletService : Authorizing user localvcciinttutor1 for repository http://localhost:49152/git/SHORT060B7D01018BD04470081210D9BC50C85420TSTEXC/short060b7d01018bd04470081210d9bc50c85420tstexc-localvcciinttutor1.git took 12.56ms
    23:45:54.272 | 588 artemis-task-1   | DEBUG | d.t.c.a.a.p.s.l.VcsAccessLogService  : Storing access operation for user User{login='localvcciinttutor1', firstName='localvcciinttutor1First', lastName='localvcciinttutor1Last', email='localvcciinttutor1@test.de', imageUrl='null', activated='true', langKey='en', activationKey='null'}
    23:45:54.281 | 604 nio-49152-exec-3 | DEBUG | d.t.c.a.a.c.s.f.ApiVersionFilter     : Adding Version to Request GET /git/SHORT060B7D01018BD04470081210D9BC50C85420TSTEXC/short060b7d01018bd04470081210d9bc50c85420tstexc-localvcciinttutor1.git/info/refs
    23:45:54.281 | 604 nio-49152-exec-3 | DEBUG | .t.c.a.a.p.s.l.LocalVCServletService : Path to resolve repository from: /tmp/SHORT060B7D01018BD04470081210D9BC50C85420TSTEXC/short060b7d01018bd04470081210d9bc50c85420tstexc-localvcciinttutor1.git
    23:45:54.281 | 604 nio-49152-exec-3 | DEBUG | .t.c.a.a.p.s.l.LocalVCServletService : Retrieving cached local repository SHORT060B7D01018BD04470081210D9BC50C85420TSTEXC/short060b7d01018bd04470081210d9bc50c85420tstexc-localvcciinttutor1.git
    23:45:54.282 | 604 nio-49152-exec-3 | DEBUG | .t.c.a.a.p.s.l.LocalVCServletService : Resolving repository for repository SHORT060B7D01018BD04470081210D9BC50C85420TSTEXC/short060b7d01018bd04470081210d9bc50c85420tstexc-localvcciinttutor1.git took 35µs
    23:45:54.283 | 604 nio-49152-exec-3 | DEBUG | d.t.c.a.a.p.s.l.LocalVCPushFilter    : Trying to push to repository /git/SHORT060B7D01018BD04470081210D9BC50C85420TSTEXC/short060b7d01018bd04470081210d9bc50c85420tstexc-localvcciinttutor1.git/info/refs
    23:45:54.291 | 604 nio-49152-exec-3 | DEBUG | t.c.a.a.c.s.DomainUserDetailsService : Authenticating localvcciinttutor1
    23:45:54.308 | 604 nio-49152-exec-3 | DEBUG | .t.c.a.a.p.s.l.LocalVCServletService : Authorizing user localvcciinttutor1 for repository http://localhost:49152/git/SHORT060B7D01018BD04470081210D9BC50C85420TSTEXC/short060b7d01018bd04470081210d9bc50c85420tstexc-localvcciinttutor1.git took 25.16ms
    23:45:54.308 | 588 artemis-task-1   | DEBUG | d.t.c.a.a.p.s.l.VcsAccessLogService  : Storing access operation for user User{login='localvcciinttutor1', firstName='localvcciinttutor1First', lastName='localvcciinttutor1Last', email='localvcciinttutor1@test.de', imageUrl='null', activated='true', langKey='en', activationKey='null'}
    23:45:54.313 | 605 nio-49152-exec-4 | DEBUG | d.t.c.a.a.c.s.f.ApiVersionFilter     : Adding Version to Request GET /git/SHORT060B7D01018BD04470081210D9BC50C85420TSTEXC/short060b7d01018bd04470081210d9bc50c85420tstexc-localvcciinttutor1.git/info/refs
    23:45:54.313 | 605 nio-49152-exec-4 | DEBUG | .t.c.a.a.p.s.l.LocalVCServletService : Path to resolve repository from: /tmp/SHORT060B7D01018BD04470081210D9BC50C85420TSTEXC/short060b7d01018bd04470081210d9bc50c85420tstexc-localvcciinttutor1.git
    23:45:54.313 | 605 nio-49152-exec-4 | DEBUG | .t.c.a.a.p.s.l.LocalVCServletService : Retrieving cached local repository SHORT060B7D01018BD04470081210D9BC50C85420TSTEXC/short060b7d01018bd04470081210d9bc50c85420tstexc-localvcciinttutor1.git
    23:45:54.313 | 605 nio-49152-exec-4 | DEBUG | .t.c.a.a.p.s.l.LocalVCServletService : Resolving repository for repository SHORT060B7D01018BD04470081210D9BC50C85420TSTEXC/short060b7d01018bd04470081210d9bc50c85420tstexc-localvcciinttutor1.git took 21µs
    23:45:54.317 | 605 nio-49152-exec-4 | DEBUG | d.t.c.a.a.p.s.l.LocalVCFetchFilter   : Trying to fetch repository /git/SHORT060B7D01018BD04470081210D9BC50C85420TSTEXC/short060b7d01018bd04470081210d9bc50c85420tstexc-localvcciinttutor1.git/info/refs
    23:45:54.323 | 605 nio-49152-exec-4 | DEBUG | t.c.a.a.c.s.DomainUserDetailsService : Authenticating localvcciintinstructor1
    23:45:54.338 | 605 nio-49152-exec-4 | DEBUG | .t.c.a.a.p.s.l.LocalVCServletService : Authorizing user localvcciintinstructor1 for repository http://localhost:49152/git/SHORT060B7D01018BD04470081210D9BC50C85420TSTEXC/short060b7d01018bd04470081210d9bc50c85420tstexc-localvcciinttutor1.git took 21.16ms
    23:45:54.338 | 588 artemis-task-1   | DEBUG | d.t.c.a.a.p.s.l.VcsAccessLogService  : Storing access operation for user User{login='localvcciintinstructor1', firstName='localvcciintinstructor1First', lastName='localvcciintinstructor1Last', email='localvcciintinstructor1@test.de', imageUrl='null', activated='true', langKey='en', activationKey='null'}
    23:45:54.348 | 606 nio-49152-exec-5 | DEBUG | d.t.c.a.a.c.s.f.ApiVersionFilter     : Adding Version to Request GET /git/SHORT060B7D01018BD04470081210D9BC50C85420TSTEXC/short060b7d01018bd04470081210d9bc50c85420tstexc-localvcciinttutor1.git/info/refs
    23:45:54.351 | 606 nio-49152-exec-5 | DEBUG | .t.c.a.a.p.s.l.LocalVCServletService : Path to resolve repository from: /tmp/SHORT060B7D01018BD04470081210D9BC50C85420TSTEXC/short060b7d01018bd04470081210d9bc50c85420tstexc-localvcciinttutor1.git
    23:45:54.351 | 606 nio-49152-exec-5 | DEBUG | .t.c.a.a.p.s.l.LocalVCServletService : Retrieving cached local repository SHORT060B7D01018BD04470081210D9BC50C85420TSTEXC/short060b7d01018bd04470081210d9bc50c85420tstexc-localvcciinttutor1.git
    23:45:54.351 | 606 nio-49152-exec-5 | DEBUG | .t.c.a.a.p.s.l.LocalVCServletService : Resolving repository for repository SHORT060B7D01018BD04470081210D9BC50C85420TSTEXC/short060b7d01018bd04470081210d9bc50c85420tstexc-localvcciinttutor1.git took 25µs
    23:45:54.351 | 606 nio-49152-exec-5 | DEBUG | d.t.c.a.a.p.s.l.LocalVCPushFilter    : Trying to push to repository /git/SHORT060B7D01018BD04470081210D9BC50C85420TSTEXC/short060b7d01018bd04470081210d9bc50c85420tstexc-localvcciinttutor1.git/info/refs
    23:45:54.358 | 606 nio-49152-exec-5 | DEBUG | t.c.a.a.c.s.DomainUserDetailsService : Authenticating localvcciintinstructor1
    23:45:54.376 | 606 nio-49152-exec-5 | DEBUG | .t.c.a.a.p.s.l.LocalVCServletService : Authorizing user localvcciintinstructor1 for repository http://localhost:49152/git/SHORT060B7D01018BD04470081210D9BC50C85420TSTEXC/short060b7d01018bd04470081210d9bc50c85420tstexc-localvcciinttutor1.git took 24.79ms
    23:45:54.379 | 588 artemis-task-1   | DEBUG | d.t.c.a.a.p.s.l.VcsAccessLogService  : Storing access operation for user User{login='localvcciintinstructor1', firstName='localvcciintinstructor1First', lastName='localvcciintinstructor1Last', email='localvcciintinstructor1@test.de', imageUrl='null', activated='true', langKey='en', activationKey='null'}
    23:45:54.386 | 607 nio-49152-exec-6 | DEBUG | d.t.c.a.a.c.s.f.ApiVersionFilter     : Adding Version to Request GET /git/SHORT060B7D01018BD04470081210D9BC50C85420TSTEXC/short060b7d01018bd04470081210d9bc50c85420tstexc-localvcciinttutor1.git/info/refs
    23:45:54.386 | 607 nio-49152-exec-6 | DEBUG | .t.c.a.a.p.s.l.LocalVCServletService : Path to resolve repository from: /tmp/SHORT060B7D01018BD04470081210D9BC50C85420TSTEXC/short060b7d01018bd04470081210d9bc50c85420tstexc-localvcciinttutor1.git
    23:45:54.386 | 607 nio-49152-exec-6 | DEBUG | .t.c.a.a.p.s.l.LocalVCServletService : Retrieving cached local repository SHORT060B7D01018BD04470081210D9BC50C85420TSTEXC/short060b7d01018bd04470081210d9bc50c85420tstexc-localvcciinttutor1.git
    23:45:54.386 | 607 nio-49152-exec-6 | DEBUG | .t.c.a.a.p.s.l.LocalVCServletService : Resolving repository for repository SHORT060B7D01018BD04470081210D9BC50C85420TSTEXC/short060b7d01018bd04470081210d9bc50c85420tstexc-localvcciinttutor1.git took 24µs
    23:45:54.386 | 607 nio-49152-exec-6 | DEBUG | d.t.c.a.a.p.s.l.LocalVCFetchFilter   : Trying to fetch repository /git/SHORT060B7D01018BD04470081210D9BC50C85420TSTEXC/short060b7d01018bd04470081210d9bc50c85420tstexc-localvcciinttutor1.git/info/refs
    23:45:54.397 | 607 nio-49152-exec-6 | DEBUG | t.c.a.a.c.s.DomainUserDetailsService : Authenticating localvcciinttutor1
    23:45:54.411 | 588 artemis-task-1   | DEBUG | d.t.c.a.a.p.s.l.VcsAccessLogService  : Storing access operation for user User{login='localvcciinttutor1', firstName='localvcciinttutor1First', lastName='localvcciinttutor1Last', email='localvcciinttutor1@test.de', imageUrl='null', activated='true', langKey='en', activationKey='null'}
    23:45:54.413 | 607 nio-49152-exec-6 | DEBUG | .t.c.a.a.p.s.l.LocalVCServletService : Authorizing user localvcciinttutor1 for repository http://localhost:49152/git/SHORT060B7D01018BD04470081210D9BC50C85420TSTEXC/short060b7d01018bd04470081210d9bc50c85420tstexc-localvcciinttutor1.git took 27.01ms
    23:45:54.422 | 608 nio-49152-exec-7 | DEBUG | d.t.c.a.a.c.s.f.ApiVersionFilter     : Adding Version to Request GET /git/SHORT060B7D01018BD04470081210D9BC50C85420TSTEXC/short060b7d01018bd04470081210d9bc50c85420tstexc-localvcciinttutor1.git/info/refs
    23:45:54.422 | 608 nio-49152-exec-7 | DEBUG | .t.c.a.a.p.s.l.LocalVCServletService : Path to resolve repository from: /tmp/SHORT060B7D01018BD04470081210D9BC50C85420TSTEXC/short060b7d01018bd04470081210d9bc50c85420tstexc-localvcciinttutor1.git
    23:45:54.422 | 608 nio-49152-exec-7 | DEBUG | .t.c.a.a.p.s.l.LocalVCServletService : Retrieving cached local repository SHORT060B7D01018BD04470081210D9BC50C85420TSTEXC/short060b7d01018bd04470081210d9bc50c85420tstexc-localvcciinttutor1.git
    23:45:54.422 | 608 nio-49152-exec-7 | DEBUG | .t.c.a.a.p.s.l.LocalVCServletService : Resolving repository for repository SHORT060B7D01018BD04470081210D9BC50C85420TSTEXC/short060b7d01018bd04470081210d9bc50c85420tstexc-localvcciinttutor1.git took 24µs
    23:45:54.423 | 608 nio-49152-exec-7 | DEBUG | d.t.c.a.a.p.s.l.LocalVCPushFilter    : Trying to push to repository /git/SHORT060B7D01018BD04470081210D9BC50C85420TSTEXC/short060b7d01018bd04470081210d9bc50c85420tstexc-localvcciinttutor1.git/info/refs
    23:45:54.433 | 608 nio-49152-exec-7 | DEBUG | t.c.a.a.c.s.DomainUserDetailsService : Authenticating localvcciinttutor1
    23:45:54.452 | 608 nio-49152-exec-7 | DEBUG | .t.c.a.a.p.s.l.LocalVCServletService : Authorizing user localvcciinttutor1 for repository http://localhost:49152/git/SHORT060B7D01018BD04470081210D9BC50C85420TSTEXC/short060b7d01018bd04470081210d9bc50c85420tstexc-localvcciinttutor1.git took 29.69ms
    23:45:54.452 | 588 artemis-task-1   | DEBUG | d.t.c.a.a.p.s.l.VcsAccessLogService  : Storing access operation for user User{login='localvcciinttutor1', firstName='localvcciinttutor1First', lastName='localvcciinttutor1Last', email='localvcciinttutor1@test.de', imageUrl='null', activated='true', langKey='en', activationKey='null'}
    23:45:54.459 | 609 nio-49152-exec-8 | DEBUG | d.t.c.a.a.c.s.f.ApiVersionFilter     : Adding Version to Request GET /git/SHORT060B7D01018BD04470081210D9BC50C85420TSTEXC/short060b7d01018bd04470081210d9bc50c85420tstexc-localvcciinttutor1.git/info/refs
    23:45:54.459 | 609 nio-49152-exec-8 | DEBUG | .t.c.a.a.p.s.l.LocalVCServletService : Path to resolve repository from: /tmp/SHORT060B7D01018BD04470081210D9BC50C85420TSTEXC/short060b7d01018bd04470081210d9bc50c85420tstexc-localvcciinttutor1.git
    23:45:54.459 | 609 nio-49152-exec-8 | DEBUG | .t.c.a.a.p.s.l.LocalVCServletService : Retrieving cached local repository SHORT060B7D01018BD04470081210D9BC50C85420TSTEXC/short060b7d01018bd04470081210d9bc50c85420tstexc-localvcciinttutor1.git
    23:45:54.459 | 609 nio-49152-exec-8 | DEBUG | .t.c.a.a.p.s.l.LocalVCServletService : Resolving repository for repository SHORT060B7D01018BD04470081210D9BC50C85420TSTEXC/short060b7d01018bd04470081210d9bc50c85420tstexc-localvcciinttutor1.git took 24µs
    23:45:54.459 | 609 nio-49152-exec-8 | DEBUG | d.t.c.a.a.p.s.l.LocalVCFetchFilter   : Trying to fetch repository /git/SHORT060B7D01018BD04470081210D9BC50C85420TSTEXC/short060b7d01018bd04470081210d9bc50c85420tstexc-localvcciinttutor1.git/info/refs
    23:45:54.471 | 609 nio-49152-exec-8 | DEBUG | t.c.a.a.c.s.DomainUserDetailsService : Authenticating localvcciinttutor1
    23:45:54.479 | 609 nio-49152-exec-8 | DEBUG | .t.c.a.a.p.s.l.LocalVCServletService : Authorizing user localvcciinttutor1 for repository http://localhost:49152/git/SHORT060B7D01018BD04470081210D9BC50C85420TSTEXC/short060b7d01018bd04470081210d9bc50c85420tstexc-localvcciinttutor1.git took 19.89ms
    23:45:54.479 | 588 artemis-task-1   | DEBUG | d.t.c.a.a.p.s.l.VcsAccessLogService  : Storing access operation for user User{login='localvcciinttutor1', firstName='localvcciinttutor1First', lastName='localvcciinttutor1Last', email='localvcciinttutor1@test.de', imageUrl='null', activated='true', langKey='en', activationKey='null'}
    23:45:54.484 | 611 io-49152-exec-10 | DEBUG | d.t.c.a.a.c.s.f.ApiVersionFilter     : Adding Version to Request GET /git/SHORT060B7D01018BD04470081210D9BC50C85420TSTEXC/short060b7d01018bd04470081210d9bc50c85420tstexc-localvcciinttutor1.git/info/refs
    23:45:54.484 | 611 io-49152-exec-10 | DEBUG | .t.c.a.a.p.s.l.LocalVCServletService : Path to resolve repository from: /tmp/SHORT060B7D01018BD04470081210D9BC50C85420TSTEXC/short060b7d01018bd04470081210d9bc50c85420tstexc-localvcciinttutor1.git
    23:45:54.484 | 611 io-49152-exec-10 | DEBUG | .t.c.a.a.p.s.l.LocalVCServletService : Retrieving cached local repository SHORT060B7D01018BD04470081210D9BC50C85420TSTEXC/short060b7d01018bd04470081210d9bc50c85420tstexc-localvcciinttutor1.git
    23:45:54.484 | 611 io-49152-exec-10 | DEBUG | .t.c.a.a.p.s.l.LocalVCServletService : Resolving repository for repository SHORT060B7D01018BD04470081210D9BC50C85420TSTEXC/short060b7d01018bd04470081210d9bc50c85420tstexc-localvcciinttutor1.git took 19µs
    23:45:54.484 | 611 io-49152-exec-10 | DEBUG | d.t.c.a.a.p.s.l.LocalVCPushFilter    : Trying to push to repository /git/SHORT060B7D01018BD04470081210D9BC50C85420TSTEXC/short060b7d01018bd04470081210d9bc50c85420tstexc-localvcciinttutor1.git/info/refs
    23:45:54.489 | 611 io-49152-exec-10 | DEBUG | t.c.a.a.c.s.DomainUserDetailsService : Authenticating localvcciinttutor1

  Starting logs for LocalVCLocalCIIntegrationTest > testPush_studentAssignmentRepository_tooManySubmissions()
    23:45:54.527 |  27 nPool-1-worker-1 | DEBUG | d.t.c.a.a.c.u.util.UserUtilService   : Generate 2 students...
    23:45:54.531 |  27 nPool-1-worker-1 | DEBUG | d.t.c.a.a.c.u.util.UserUtilService   : 2 students generated. Generate 1 tutors...
    23:45:54.533 |  27 nPool-1-worker-1 | DEBUG | d.t.c.a.a.c.u.util.UserUtilService   : 1 tutors generated. Generate 0 editors...
    23:45:54.534 |  27 nPool-1-worker-1 | DEBUG | d.t.c.a.a.c.u.util.UserUtilService   : 0 editors generated. Generate 2 instructors...
    23:45:54.538 |  27 nPool-1-worker-1 | DEBUG | d.t.c.a.a.c.u.util.UserUtilService   : 2 instructors generated
    23:45:54.539 |  27 nPool-1-worker-1 | DEBUG | d.t.c.a.a.c.u.util.UserUtilService   : Removing 4 users from all courses...
    23:45:54.540 |  27 nPool-1-worker-1 | DEBUG | d.t.c.a.a.c.u.util.UserUtilService   : Removing 4 users from all courses. Done
    23:45:54.540 |  27 nPool-1-worker-1 | DEBUG | d.t.c.a.a.c.u.util.UserUtilService   : Save 5 users to database...
    23:45:54.544 |  27 nPool-1-worker-1 | DEBUG | d.t.c.a.a.c.u.util.UserUtilService   : Save 5 users to database. Done
    23:45:54.557 | 570 vc.HealthMonitor | INFO  | c.h.i.diagnostics.HealthMonitor      : [127.0.0.1]:5703 [dev] [5.5.0] processors=4, physical.memory.total=15.6G, physical.memory.free=2.0G, swap.space.total=0, swap.space.free=0, heap.memory.used=2.3G, heap.memory.free=986.8M, heap.memory.total=3.2G, heap.memory.max=6.0G, heap.memory.used/total=70.03%, heap.memory.used/max=37.57%, minor.gc.count=179, minor.gc.time=8628ms, major.gc.count=0, major.gc.time=0ms, unknown.gc.count=78, unknown.gc.time=1501ms, load.process=0.00%, load.system=95.55%, load.systemAverage=6.45, thread.count=499, thread.peakCount=517, cluster.timeDiff=0, event.q.size=0, executor.q.async.size=0, executor.q.client.size=0, executor.q.client.query.size=0, executor.q.client.blocking.size=0, executor.q.query.size=0, executor.q.scheduled.size=0, executor.q.io.size=0, executor.q.system.size=0, executor.q.operations.size=0, executor.q.priorityOperation.size=0, operations.completed.count=22346, executor.q.mapLoad.size=0, executor.q.mapLoadAllKeys.size=0, executor.q.cluster.size=0, executor.q.response.size=0, operations.running.count=0, operations.pending.invocations.percentage=0.00%, operations.pending.invocations.count=0, proxy.count=216, clientEndpoint.count=0, connection.active.count=0, client.connection.count=0, connection.count=0
    23:45:54.654 |  27 nPool-1-worker-1 | INFO  | i.z.t.d.l.EmbeddedDatabaseReporter   : JDBC URL to connect to 'dataSource': url='jdbc:h2:tcp://localhost:41063/mem:f240edcd-27ce-47a3-b4ab-a6a00c154135;USER=sa', scope='LocalVCLocalCIIntegrationTest#testPush_studentAssignmentRepository_tooManySubmissions'
    23:45:54.657 |  27 nPool-1-worker-1 | DEBUG | PersonalAccessTokenManagementService : Generate secure vcs access token
    23:45:54.658 |  27 nPool-1-worker-1 | DEBUG | .c.a.a.p.i.LocalVCLocalCITestService : Created participation with id: 2039
    23:45:54.660 |  27 nPool-1-worker-1 | DEBUG | d.t.c.a.a.c.s.f.ApiVersionFilter     : Adding Version to Request POST /api/programming-exercises/2613/submission-policy
    23:45:54.662 |  27 nPool-1-worker-1 | DEBUG | t.c.a.a.p.w.SubmissionPolicyResource : REST request to add submission policy to programming exercise 2613
    23:45:54.674 | 610 nio-49152-exec-9 | DEBUG | d.t.c.a.a.c.s.f.ApiVersionFilter     : Adding Version to Request GET /git/SHORT3A680734092E404EF80A4C60FBC1E408F7D0TSTEXC/short3a680734092e404ef80a4c60fbc1e408f7d0tstexc-localvcciintstudent1.git/info/refs
    23:45:54.674 | 610 nio-49152-exec-9 | DEBUG | .t.c.a.a.p.s.l.LocalVCServletService : Path to resolve repository from: /tmp/SHORT3A680734092E404EF80A4C60FBC1E408F7D0TSTEXC/short3a680734092e404ef80a4c60fbc1e408f7d0tstexc-localvcciintstudent1.git
    23:45:54.674 | 610 nio-49152-exec-9 | DEBUG | .t.c.a.a.p.s.l.LocalVCServletService : Opening local repository SHORT3A680734092E404EF80A4C60FBC1E408F7D0TSTEXC/short3a680734092e404ef80a4c60fbc1e408f7d0tstexc-localvcciintstudent1.git
    23:45:54.674 | 610 nio-49152-exec-9 | DEBUG | .t.c.a.a.p.s.l.LocalVCServletService : Resolving repository for repository SHORT3A680734092E404EF80A4C60FBC1E408F7D0TSTEXC/short3a680734092e404ef80a4c60fbc1e408f7d0tstexc-localvcciintstudent1.git took 677µs
    23:45:54.675 | 610 nio-49152-exec-9 | DEBUG | d.t.c.a.a.p.s.l.LocalVCPushFilter    : Trying to push to repository /git/SHORT3A680734092E404EF80A4C60FBC1E408F7D0TSTEXC/short3a680734092e404ef80a4c60fbc1e408f7d0tstexc-localvcciintstudent1.git/info/refs
    23:45:54.679 | 610 nio-49152-exec-9 | DEBUG | t.c.a.a.c.s.DomainUserDetailsService : Authenticating localvcciintstudent1
    23:45:54.687 | 610 nio-49152-exec-9 | DEBUG | .t.c.a.a.p.s.l.LocalVCServletService : Authorizing user localvcciintstudent1 for repository http://localhost:49152/git/SHORT3A680734092E404EF80A4C60FBC1E408F7D0TSTEXC/short3a680734092e404ef80a4c60fbc1e408f7d0tstexc-localvcciintstudent1.git took 12.16ms
    23:45:54.687 | 588 artemis-task-1   | DEBUG | d.t.c.a.a.p.s.l.VcsAccessLogService  : Storing access operation for user User{login='localvcciintstudent1', firstName='localvcciintstudent1First', lastName='localvcciintstudent1Last', email='localvcciintstudent1@test.de', imageUrl='null', activated='true', langKey='en', activationKey='null'}
    23:45:54.695 | 602 nio-49152-exec-1 | DEBUG | d.t.c.a.a.c.s.f.ApiVersionFilter     : Adding Version to Request POST /git/SHORT3A680734092E404EF80A4C60FBC1E408F7D0TSTEXC/short3a680734092e404ef80a4c60fbc1e408f7d0tstexc-localvcciintstudent1.git/git-receive-pack
    23:45:54.695 | 602 nio-49152-exec-1 | DEBUG | .t.c.a.a.p.s.l.LocalVCServletService : Path to resolve repository from: /tmp/SHORT3A680734092E404EF80A4C60FBC1E408F7D0TSTEXC/short3a680734092e404ef80a4c60fbc1e408f7d0tstexc-localvcciintstudent1.git
    23:45:54.695 | 602 nio-49152-exec-1 | DEBUG | .t.c.a.a.p.s.l.LocalVCServletService : Retrieving cached local repository SHORT3A680734092E404EF80A4C60FBC1E408F7D0TSTEXC/short3a680734092e404ef80a4c60fbc1e408f7d0tstexc-localvcciintstudent1.git
    23:45:54.695 | 602 nio-49152-exec-1 | DEBUG | .t.c.a.a.p.s.l.LocalVCServletService : Resolving repository for repository SHORT3A680734092E404EF80A4C60FBC1E408F7D0TSTEXC/short3a680734092e404ef80a4c60fbc1e408f7d0tstexc-localvcciintstudent1.git took 21µs
    23:45:54.695 | 602 nio-49152-exec-1 | DEBUG | d.t.c.a.a.p.s.l.LocalVCPushFilter    : Trying to push to repository /git/SHORT3A680734092E404EF80A4C60FBC1E408F7D0TSTEXC/short3a680734092e404ef80a4c60fbc1e408f7d0tstexc-localvcciintstudent1.git/git-receive-pack
    23:45:54.732 | 602 nio-49152-exec-1 | INFO  | a.a.p.s.ProgrammingSubmissionService : NotifyPush invoked due to the commit 9344436f8d5a5ce3aa40215562db211ed501371f by runner with runner@fv-az1721-502.3f4brhnmpvfezfvsf01bsr3jih.cx.internal.cloudapp.net in branch main
    23:45:54.732 | 602 nio-49152-exec-1 | INFO  | .t.c.a.a.p.s.l.LocalCITriggerService : Triggering build for participation 2039 and commit hash 9344436f8d5a5ce3aa40215562db211ed501371f
    23:45:54.732 | 602 nio-49152-exec-1 | DEBUG | d.t.c.a.a.p.s.AbstractGitService     : getLastCommitHash http://localhost:49152/git/SHORT3A680734092E404EF80A4C60FBC1E408F7D0TSTEXC/short3a680734092e404ef80a4c60fbc1e408f7d0tstexc-localvcciintstudent1.git
    23:45:54.734 | 602 nio-49152-exec-1 | ERROR | d.t.c.a.a.p.s.AbstractGitService     : Cannot use ssh properly because of mismatch of Jgit transport object: org.eclipse.jgit.transport.TransportLocal@534c02de
    23:45:54.747 | 602 nio-49152-exec-1 | DEBUG | d.t.c.a.a.p.s.AbstractGitService     : getLastCommitHash http://localhost:49152/git/SHORT3A680734092E404EF80A4C60FBC1E408F7D0TSTEXC/short3a680734092e404ef80a4c60fbc1e408f7d0tstexc-tests.git
    23:45:54.747 | 602 nio-49152-exec-1 | ERROR | d.t.c.a.a.p.s.AbstractGitService     : Cannot use ssh properly because of mismatch of Jgit transport object: org.eclipse.jgit.transport.TransportLocal@750cd3de
    23:45:54.759 | 602 nio-49152-exec-1 | INFO  | .t.c.a.a.p.s.l.LocalCITriggerService : Added build job 20391739576754750 for exercise TSTEXC and participation 2039 with priority 2 to the queue
    23:45:54.759 | 566 localvc.event-13 | DEBUG | a.a.b.s.SharedQueueProcessingService : CIBuildJobQueueItem added to queue: BuildJobQueueItem[id=20391739576754750, name=SHORT3A680734092E404EF80A4C60FBC1E408F7D0TSTEXC-LOCALVCCIINTSTUDENT1, buildAgent=BuildAgentDTO[name=null, memberAddress=null, displayName=null], participationId=2039, courseId=996, exerciseId=2613, retryCount=0, priority=2, status=null, repositoryInfo=RepositoryInfo[repositoryName=short3a680734092e404ef80a4c60fbc1e408f7d0tstexc-localvcciintstudent1, repositoryType=user, triggeredByPushTo=user, assignmentRepositoryUri=http://localhost:49152/git/SHORT3A680734092E404EF80A4C60FBC1E408F7D0TSTEXC/short3a680734092e404ef80a4c60fbc1e408f7d0tstexc-localvcciintstudent1.git, testRepositoryUri=http://localhost:49152/git/SHORT3A680734092E404EF80A4C60FBC1E408F7D0TSTEXC/short3a680734092e404ef80a4c60fbc1e408f7d0tstexc-tests.git, solutionRepositoryUri=null, auxiliaryRepositoryUris=[Ljava.lang.String;@275045d, auxiliaryRepositoryCheckoutDirectories=[Ljava.lang.String;@170b1f72], jobTimingInfo=JobTimingInfo[submissionDate=2025-02-14T23:45:54.750657185Z[Etc/UTC], buildStartDate=null, buildCompletionDate=null, estimatedCompletionDate=null, estimatedDuration=19], buildConfig=BuildConfig[buildScript=#!/bin/bash
cd /var/tmp/testing-dir
chmod +x ./gradlew
./gradlew clean test
, dockerImage=dummy-docker-image:latest, commitHashToBuild=9344436f8d5a5ce3aa40215562db211ed501371f, assignmentCommitHash=9344436f8d5a5ce3aa40215562db211ed501371f, testCommitHash=ff421c3651ec230fed2f20f72c2901ae372be06a, branch=main, programmingLanguage=JAVA, projectType=PLAIN_GRADLE, scaEnabled=false, sequentialTestRunsEnabled=false, resultPaths=[/var/tmp/testing-dir/**/test-results/test/*.xml], timeoutSeconds=0, assignmentCheckoutPath=null, testCheckoutPath=null, solutionCheckoutPath=null, dockerRunConfig=null], submissionResult=null]
    23:45:54.759 | 566 localvc.event-13 | DEBUG | a.a.b.s.SharedQueueProcessingService : Current queued items: 1
    23:45:54.760 | 602 nio-49152-exec-1 | INFO  | a.a.p.s.ProgrammingSubmissionService : Create new programmingSubmission with commitHash: 9344436f8d5a5ce3aa40215562db211ed501371f for participation 2039
    23:45:54.762 | 566 localvc.event-13 | DEBUG | a.a.b.s.SharedQueueProcessingService : Currently processing jobs on this node: 0, active threads in Pool: 0, maximum pool size of thread executor : 1
    23:45:54.762 | 566 localvc.event-13 | DEBUG | a.a.b.s.SharedQueueProcessingService : Currently processing jobs on this node: 0, active threads in Pool: 0, maximum pool size of thread executor : 1
    23:45:54.765 | 568 localvc.event-15 | DEBUG | a.p.s.l.LocalCIQueueWebsocketService : CIBuildJobQueueItem added to processing jobs: BuildJobQueueItem[id=20391739576754750, name=SHORT3A680734092E404EF80A4C60FBC1E408F7D0TSTEXC-LOCALVCCIINTSTUDENT1, buildAgent=BuildAgentDTO[name=artemis-build-agent-test, memberAddress=[127.0.0.1]:5703, displayName=artemis-build-agent-test], participationId=2039, courseId=996, exerciseId=2613, retryCount=0, priority=2, status=null, repositoryInfo=RepositoryInfo[repositoryName=short3a680734092e404ef80a4c60fbc1e408f7d0tstexc-localvcciintstudent1, repositoryType=user, triggeredByPushTo=user, assignmentRepositoryUri=http://localhost:49152/git/SHORT3A680734092E404EF80A4C60FBC1E408F7D0TSTEXC/short3a680734092e404ef80a4c60fbc1e408f7d0tstexc-localvcciintstudent1.git, testRepositoryUri=http://localhost:49152/git/SHORT3A680734092E404EF80A4C60FBC1E408F7D0TSTEXC/short3a680734092e404ef80a4c60fbc1e408f7d0tstexc-tests.git, solutionRepositoryUri=null, auxiliaryRepositoryUris=[Ljava.lang.String;@6ce516fc, auxiliaryRepositoryCheckoutDirectories=[Ljava.lang.String;@706276c7], jobTimingInfo=JobTimingInfo[submissionDate=2025-02-14T23:45:54.750657185Z[Etc/UTC], buildStartDate=2025-02-14T23:45:54.765232948Z[Etc/UTC], buildCompletionDate=null, estimatedCompletionDate=2025-02-14T23:46:13.765225363Z[Etc/UTC], estimatedDuration=19], buildConfig=BuildConfig[buildScript=#!/bin/bash
cd /var/tmp/testing-dir
chmod +x ./gradlew
./gradlew clean test
, dockerImage=dummy-docker-image:latest, commitHashToBuild=9344436f8d5a5ce3aa40215562db211ed501371f, assignmentCommitHash=9344436f8d5a5ce3aa40215562db211ed501371f, testCommitHash=ff421c3651ec230fed2f20f72c2901ae372be06a, branch=main, programmingLanguage=JAVA, projectType=PLAIN_GRADLE, scaEnabled=false, sequentialTestRunsEnabled=false, resultPaths=[/var/tmp/testing-dir/**/test-results/test/*.xml], timeoutSeconds=0, assignmentCheckoutPath=null, testCheckoutPath=null, solutionCheckoutPath=null, dockerRunConfig=null], submissionResult=null]
    23:45:54.765 | 568 localvc.event-15 | DEBUG | s.l.LocalCIWebsocketMessagingService : Sending message on topic /topic/admin/running-jobs: [BuildJobQueueItem[id=20391739576754750, name=SHORT3A680734092E404EF80A4C60FBC1E408F7D0TSTEXC-LOCALVCCIINTSTUDENT1, buildAgent=BuildAgentDTO[name=artemis-build-agent-test, memberAddress=[127.0.0.1]:5703, displayName=artemis-build-agent-test], participationId=2039, courseId=996, exerciseId=2613, retryCount=0, priority=2, status=null, repositoryInfo=RepositoryInfo[repositoryName=short3a680734092e404ef80a4c60fbc1e408f7d0tstexc-localvcciintstudent1, repositoryType=user, triggeredByPushTo=user, assignmentRepositoryUri=, testRepositoryUri=, solutionRepositoryUri=, auxiliaryRepositoryUris=null, auxiliaryRepositoryCheckoutDirectories=null], jobTimingInfo=JobTimingInfo[submissionDate=2025-02-14T23:45:54.750657185Z[Etc/UTC], buildStartDate=2025-02-14T23:45:54.765232948Z[Etc/UTC], buildCompletionDate=null, estimatedCompletionDate=2025-02-14T23:46:13.765225363Z[Etc/UTC], estimatedDuration=19], buildConfig=BuildConfig[buildScript=, dockerImage=, commitHashToBuild=9344436f8d5a5ce3aa40215562db211ed501371f, assignmentCommitHash=, testCommitHash=, branch=, programmingLanguage=null, projectType=null, scaEnabled=false, sequentialTestRunsEnabled=false, resultPaths=null, timeoutSeconds=0, assignmentCheckoutPath=, testCheckoutPath=, solutionCheckoutPath=, dockerRunConfig=null], submissionResult=null]]
    23:45:54.766 | 568 localvc.event-15 | DEBUG | s.l.LocalCIWebsocketMessagingService : Sending message on topic /topic/courses/996/running-jobs: [BuildJobQueueItem[id=20391739576754750, name=SHORT3A680734092E404EF80A4C60FBC1E408F7D0TSTEXC-LOCALVCCIINTSTUDENT1, buildAgent=BuildAgentDTO[name=artemis-build-agent-test, memberAddress=[127.0.0.1]:5703, displayName=artemis-build-agent-test], participationId=2039, courseId=996, exerciseId=2613, retryCount=0, priority=2, status=null, repositoryInfo=RepositoryInfo[repositoryName=short3a680734092e404ef80a4c60fbc1e408f7d0tstexc-localvcciintstudent1, repositoryType=user, triggeredByPushTo=user, assignmentRepositoryUri=, testRepositoryUri=, solutionRepositoryUri=, auxiliaryRepositoryUris=null, auxiliaryRepositoryCheckoutDirectories=null], jobTimingInfo=JobTimingInfo[submissionDate=2025-02-14T23:45:54.750657185Z[Etc/UTC], buildStartDate=2025-02-14T23:45:54.765232948Z[Etc/UTC], buildCompletionDate=null, estimatedCompletionDate=2025-02-14T23:46:13.765225363Z[Etc/UTC], estimatedDuration=19], buildConfig=BuildConfig[buildScript=, dockerImage=, commitHashToBuild=9344436f8d5a5ce3aa40215562db211ed501371f, assignmentCommitHash=, testCommitHash=, branch=, programmingLanguage=null, projectType=null, scaEnabled=false, sequentialTestRunsEnabled=false, resultPaths=null, timeoutSeconds=0, assignmentCheckoutPath=, testCheckoutPath=, solutionCheckoutPath=, dockerRunConfig=null], submissionResult=null]]
    23:45:54.768 | 588 artemis-task-1   | DEBUG | d.t.c.a.a.c.c.w.GzipMessageConverter : Compressed message payload from 992 to 728 (saved 26.6% payload size)
    23:45:54.768 | 588 artemis-task-1   | DEBUG | d.t.c.a.a.c.c.w.GzipMessageConverter : Compressed message payload from 992 to 728 (saved 26.6% payload size)
    23:45:54.776 | 602 nio-49152-exec-1 | DEBUG | .t.c.a.a.p.s.l.LocalVCServletService : New push processed to repository http://localhost:49152/git/SHORT3A680734092E404EF80A4C60FBC1E408F7D0TSTEXC/short3a680734092e404ef80a4c60fbc1e408f7d0tstexc-localvcciintstudent1.git for commit 9344436f8d5a5ce3aa40215562db211ed501371f in 54.48ms. A build job was queued.
    23:45:54.778 | 566 localvc.event-13 | INFO  | a.a.b.s.SharedQueueProcessingService : Processing build job: BuildJobQueueItem[id=20391739576754750, name=SHORT3A680734092E404EF80A4C60FBC1E408F7D0TSTEXC-LOCALVCCIINTSTUDENT1, buildAgent=BuildAgentDTO[name=artemis-build-agent-test, memberAddress=[127.0.0.1]:5703, displayName=artemis-build-agent-test], participationId=2039, courseId=996, exerciseId=2613, retryCount=0, priority=2, status=null, repositoryInfo=RepositoryInfo[repositoryName=short3a680734092e404ef80a4c60fbc1e408f7d0tstexc-localvcciintstudent1, repositoryType=user, triggeredByPushTo=user, assignmentRepositoryUri=http://localhost:49152/git/SHORT3A680734092E404EF80A4C60FBC1E408F7D0TSTEXC/short3a680734092e404ef80a4c60fbc1e408f7d0tstexc-localvcciintstudent1.git, testRepositoryUri=http://localhost:49152/git/SHORT3A680734092E404EF80A4C60FBC1E408F7D0TSTEXC/short3a680734092e404ef80a4c60fbc1e408f7d0tstexc-tests.git, solutionRepositoryUri=null, auxiliaryRepositoryUris=[Ljava.lang.String;@212fff5d, auxiliaryRepositoryCheckoutDirectories=[Ljava.lang.String;@497a1555], jobTimingInfo=JobTimingInfo[submissionDate=2025-02-14T23:45:54.750657185Z[Etc/UTC], buildStartDate=2025-02-14T23:45:54.765232948Z[Etc/UTC], buildCompletionDate=null, estimatedCompletionDate=2025-02-14T23:46:13.765225363Z[Etc/UTC], estimatedDuration=19], buildConfig=BuildConfig[buildScript=#!/bin/bash
cd /var/tmp/testing-dir
chmod +x ./gradlew
./gradlew clean test
, dockerImage=dummy-docker-image:latest, commitHashToBuild=9344436f8d5a5ce3aa40215562db211ed501371f, assignmentCommitHash=9344436f8d5a5ce3aa40215562db211ed501371f, testCommitHash=ff421c3651ec230fed2f20f72c2901ae372be06a, branch=main, programmingLanguage=JAVA, projectType=PLAIN_GRADLE, scaEnabled=false, sequentialTestRunsEnabled=false, resultPaths=[/var/tmp/testing-dir/**/test-results/test/*.xml], timeoutSeconds=0, assignmentCheckoutPath=null, testCheckoutPath=null, solutionCheckoutPath=null, dockerRunConfig=null], submissionResult=null]
    23:45:54.779 | 576 local-ci-build-0 | DEBUG | t.c.a.a.b.s.BuildJobExecutionService : ~~~~~~~~~~~~~~~~~~~~ Start Build Job 20391739576754750 ~~~~~~~~~~~~~~~~~~~~
    23:45:54.779 | 576 local-ci-build-0 | INFO  | .t.c.a.a.b.s.BuildAgentDockerService : ~~~~~~~~~~~~~~~~~~~~ Inspecting docker image dummy-docker-image:latest ~~~~~~~~~~~~~~~~~~~~
    23:45:54.779 | 576 local-ci-build-0 | DEBUG | d.t.c.a.a.b.s.BuildJobGitService     : Cloning from ssh://git@localhost:7921/git/SHORT3A680734092E404EF80A4C60FBC1E408F7D0TSTEXC/short3a680734092e404ef80a4c60fbc1e408f7d0tstexc-localvcciintstudent1.git to checked-out-repos/9344436f8d5a5ce3aa40215562db211ed501371f/SHORT3A680734092E404EF80A4C60FBC1E408F7D0TSTEXC/short3a680734092e404ef80a4c60fbc1e408f7d0tstexc-localvcciintstudent1
    23:45:54.785 | 576 local-ci-build-0 | DEBUG | d.t.c.a.a.p.s.AbstractGitService     : getOptions: localhost:7921
    23:45:54.934 | 767 5]-nio2-thread-3 | WARN  | o.e.j.i.t.s.OpenSshServerKeyDatabase : Could not update known hosts file /tmp/known_hosts
org.eclipse.jgit.errors.UnsupportedCredentialItem: /tmp/known_hosts: org.eclipse.jgit.transport.CredentialItem$YesNoType:Create file /tmp/known_hosts ?
	at org.eclipse.jgit.transport.UsernamePasswordCredentialsProvider.get(UsernamePasswordCredentialsProvider.java:100)
	at org.eclipse.jgit.transport.CredentialsProvider.get(CredentialsProvider.java:125)
	at org.eclipse.jgit.internal.transport.sshd.OpenSshServerKeyDatabase$AskUser.askUser(OpenSshServerKeyDatabase.java:429)
	at org.eclipse.jgit.internal.transport.sshd.OpenSshServerKeyDatabase$AskUser.createNewFile(OpenSshServerKeyDatabase.java:549)
	at org.eclipse.jgit.internal.transport.sshd.OpenSshServerKeyDatabase.accept(OpenSshServerKeyDatabase.java:249)
	at org.eclipse.jgit.internal.transport.sshd.JGitServerKeyVerifier.verifyServerKey(JGitServerKeyVerifier.java:94)
	at org.apache.sshd.client.session.AbstractClientSession.checkKeys(AbstractClientSession.java:637)
	at org.apache.sshd.common.session.helpers.AbstractSession.handleKexMessage(AbstractSession.java:767)
	at org.apache.sshd.common.session.helpers.AbstractSession.doHandleMessage(AbstractSession.java:622)
	at org.apache.sshd.common.session.helpers.AbstractSession.lambda$handleMessage$0(AbstractSession.java:546)
	at org.apache.sshd.common.util.threads.ThreadUtils.runAsInternal(ThreadUtils.java:68)
	at org.apache.sshd.common.session.helpers.AbstractSession.handleMessage(AbstractSession.java:545)
	at org.apache.sshd.common.session.helpers.AbstractSession.decode(AbstractSession.java:1729)
	at org.apache.sshd.common.session.helpers.AbstractSession.messageReceived(AbstractSession.java:506)
	at org.eclipse.jgit.internal.transport.sshd.JGitClientSession.messageReceived(JGitClientSession.java:223)
	at org.apache.sshd.common.session.helpers.AbstractSessionIoHandler.messageReceived(AbstractSessionIoHandler.java:64)
	at org.apache.sshd.common.io.nio2.Nio2Session.handleReadCycleCompletion(Nio2Session.java:409)
	at org.apache.sshd.common.io.nio2.Nio2Session$1.onCompleted(Nio2Session.java:382)
	at org.apache.sshd.common.io.nio2.Nio2Session$1.onCompleted(Nio2Session.java:377)
	at org.apache.sshd.common.io.nio2.Nio2CompletionHandler.lambda$completed$0(Nio2CompletionHandler.java:38)
	at java.base/java.security.AccessController.doPrivileged(AccessController.java:319)
	at org.apache.sshd.common.io.nio2.Nio2CompletionHandler.completed(Nio2CompletionHandler.java:37)
	at java.base/sun.nio.ch.Invoker.invokeUnchecked(Invoker.java:129)
	at java.base/sun.nio.ch.Invoker$2.run(Invoker.java:221)
	at java.base/sun.nio.ch.AsynchronousChannelGroupImpl$1.run(AsynchronousChannelGroupImpl.java:113)
	at java.base/java.util.concurrent.ThreadPoolExecutor.runWorker(ThreadPoolExecutor.java:1144)
	at java.base/java.util.concurrent.ThreadPoolExecutor$Worker.run(ThreadPoolExecutor.java:642)
	at java.base/java.lang.Thread.run(Thread.java:1583)
    23:45:55.021 | 958 1)-nio2-thread-1 | DEBUG | s.l.GitPublickeyAuthenticatorService : Authenticating build agent artemis-build-agent-test on address [127.0.0.1]:5703
    23:45:55.036 | 960 1)-nio2-thread-2 | DEBUG | s.l.GitPublickeyAuthenticatorService : Authenticating build agent artemis-build-agent-test on address [127.0.0.1]:5703
    23:45:55.079 | 970 1)-nio2-thread-5 | DEBUG | d.t.c.a.a.p.s.l.ssh.SshGitCommand    : start(ChannelSession[id=0, recipient=0]-ServerSessionImpl[git@/127.0.0.1:52458]) starting runner for command=git-upload-pack '/git/SHORT3A680734092E404EF80A4C60FBC1E408F7D0TSTEXC/short3a680734092e404ef80a4c60fbc1e408f7d0tstexc-localvcciintstudent1.git'
    23:45:55.085 | 779 git-ssh-thread-1 | DEBUG | .t.c.a.a.p.s.l.LocalVCServletService : Path to resolve repository from: /tmp/SHORT3A680734092E404EF80A4C60FBC1E408F7D0TSTEXC/short3a680734092e404ef80a4c60fbc1e408f7d0tstexc-localvcciintstudent1.git
    23:45:55.085 | 779 git-ssh-thread-1 | DEBUG | .t.c.a.a.p.s.l.LocalVCServletService : Retrieving cached local repository SHORT3A680734092E404EF80A4C60FBC1E408F7D0TSTEXC/short3a680734092e404ef80a4c60fbc1e408f7d0tstexc-localvcciintstudent1.git
    23:45:55.085 | 779 git-ssh-thread-1 | DEBUG | .t.c.a.a.p.s.l.LocalVCServletService : Resolving repository for repository SHORT3A680734092E404EF80A4C60FBC1E408F7D0TSTEXC/short3a680734092e404ef80a4c60fbc1e408f7d0tstexc-localvcciintstudent1.git took 45µs
    23:45:55.220 | 779 git-ssh-thread-1 | DEBUG | d.t.c.a.a.p.s.l.ssh.SshGitCommand    : onExit(ServerSessionImpl[git@/127.0.0.1:52458])[SshGitCommand[git-upload-pack '/git/SHORT3A680734092E404EF80A4C60FBC1E408F7D0TSTEXC/short3a680734092e404ef80a4c60fbc1e408f7d0tstexc-localvcciintstudent1.git'][session=ServerSessionImpl[git@/127.0.0.1:52458]]] exiting - value=0, message=
    23:45:55.220 | 960 1)-nio2-thread-2 | DEBUG | d.t.c.a.a.p.s.l.ssh.SshGitCommand    : destroy(ChannelSession[id=0, recipient=0]-ServerSessionImpl[git@/127.0.0.1:52458])[SshGitCommand[git-upload-pack '/git/SHORT3A680734092E404EF80A4C60FBC1E408F7D0TSTEXC/short3a680734092e404ef80a4c60fbc1e408f7d0tstexc-localvcciintstudent1.git'][session=ServerSessionImpl[git@/127.0.0.1:52458]]] - shutdown executor service - runners count=0
    23:45:55.220 | 960 1)-nio2-thread-2 | DEBUG | d.t.c.a.a.p.s.l.ssh.SshGitCommand    : destroy(SshGitCommand[git-upload-pack '/git/SHORT3A680734092E404EF80A4C60FBC1E408F7D0TSTEXC/short3a680734092e404ef80a4c60fbc1e408f7d0tstexc-localvcciintstudent1.git'][session=ServerSessionImpl[git@/127.0.0.1:52458]]) - failed (UnsupportedOperationException) to close file system=sun.nio.fs.LinuxFileSystem@348460d6: null
    23:45:55.240 | 576 local-ci-build-0 | WARN  | org.eclipse.jgit.lib.Repository      : close() called when useCnt is already zero for Repository[checked-out-repos/9344436f8d5a5ce3aa40215562db211ed501371f/SHORT3A680734092E404EF80A4C60FBC1E408F7D0TSTEXC/short3a680734092e404ef80a4c60fbc1e408f7d0tstexc-localvcciintstudent1/.git]
    23:45:55.240 | 576 local-ci-build-0 | DEBUG | d.t.c.a.a.b.s.BuildJobGitService     : Cloning from ssh://git@localhost:7921/git/SHORT3A680734092E404EF80A4C60FBC1E408F7D0TSTEXC/short3a680734092e404ef80a4c60fbc1e408f7d0tstexc-tests.git to checked-out-repos/9344436f8d5a5ce3aa40215562db211ed501371f/SHORT3A680734092E404EF80A4C60FBC1E408F7D0TSTEXC/short3a680734092e404ef80a4c60fbc1e408f7d0tstexc-tests
    23:45:55.244 | 576 local-ci-build-0 | DEBUG | d.t.c.a.a.p.s.AbstractGitService     : getOptions: localhost:7921
    23:45:55.368 | 790 5]-nio2-thread-3 | WARN  | o.e.j.i.t.s.OpenSshServerKeyDatabase : Could not update known hosts file /tmp/known_hosts
org.eclipse.jgit.errors.UnsupportedCredentialItem: /tmp/known_hosts: org.eclipse.jgit.transport.CredentialItem$YesNoType:Create file /tmp/known_hosts ?
	at org.eclipse.jgit.transport.UsernamePasswordCredentialsProvider.get(UsernamePasswordCredentialsProvider.java:100)
	at org.eclipse.jgit.transport.CredentialsProvider.get(CredentialsProvider.java:125)
	at org.eclipse.jgit.internal.transport.sshd.OpenSshServerKeyDatabase$AskUser.askUser(OpenSshServerKeyDatabase.java:429)
	at org.eclipse.jgit.internal.transport.sshd.OpenSshServerKeyDatabase$AskUser.createNewFile(OpenSshServerKeyDatabase.java:549)
	at org.eclipse.jgit.internal.transport.sshd.OpenSshServerKeyDatabase.accept(OpenSshServerKeyDatabase.java:249)
	at org.eclipse.jgit.internal.transport.sshd.JGitServerKeyVerifier.verifyServerKey(JGitServerKeyVerifier.java:94)
	at org.apache.sshd.client.session.AbstractClientSession.checkKeys(AbstractClientSession.java:637)
	at org.apache.sshd.common.session.helpers.AbstractSession.handleKexMessage(AbstractSession.java:767)
	at org.apache.sshd.common.session.helpers.AbstractSession.doHandleMessage(AbstractSession.java:622)
	at org.apache.sshd.common.session.helpers.AbstractSession.lambda$handleMessage$0(AbstractSession.java:546)
	at org.apache.sshd.common.util.threads.ThreadUtils.runAsInternal(ThreadUtils.java:68)
	at org.apache.sshd.common.session.helpers.AbstractSession.handleMessage(AbstractSession.java:545)
	at org.apache.sshd.common.session.helpers.AbstractSession.decode(AbstractSession.java:1729)
	at org.apache.sshd.common.session.helpers.AbstractSession.messageReceived(AbstractSession.java:506)
	at org.eclipse.jgit.internal.transport.sshd.JGitClientSession.messageReceived(JGitClientSession.java:223)
	at org.apache.sshd.common.session.helpers.AbstractSessionIoHandler.messageReceived(AbstractSessionIoHandler.java:64)
	at org.apache.sshd.common.io.nio2.Nio2Session.handleReadCycleCompletion(Nio2Session.java:409)
	at org.apache.sshd.common.io.nio2.Nio2Session$1.onCompleted(Nio2Session.java:382)
	at org.apache.sshd.common.io.nio2.Nio2Session$1.onCompleted(Nio2Session.java:377)
	at org.apache.sshd.common.io.nio2.Nio2CompletionHandler.lambda$completed$0(Nio2CompletionHandler.java:38)
	at java.base/java.security.AccessController.doPrivileged(AccessController.java:319)
	at org.apache.sshd.common.io.nio2.Nio2CompletionHandler.completed(Nio2CompletionHandler.java:37)
	at java.base/sun.nio.ch.Invoker.invokeUnchecked(Invoker.java:129)
	at java.base/sun.nio.ch.Invoker$2.run(Invoker.java:221)
	at java.base/sun.nio.ch.AsynchronousChannelGroupImpl$1.run(AsynchronousChannelGroupImpl.java:113)
	at java.base/java.util.concurrent.ThreadPoolExecutor.runWorker(ThreadPoolExecutor.java:1144)
	at java.base/java.util.concurrent.ThreadPoolExecutor$Worker.run(ThreadPoolExecutor.java:642)
	at java.base/java.lang.Thread.run(Thread.java:1583)
    23:45:55.374 | 970 1)-nio2-thread-5 | DEBUG | s.l.GitPublickeyAuthenticatorService : Authenticating build agent artemis-build-agent-test on address [127.0.0.1]:5703
    23:45:55.407 | 958 1)-nio2-thread-1 | DEBUG | s.l.GitPublickeyAuthenticatorService : Authenticating build agent artemis-build-agent-test on address [127.0.0.1]:5703
    23:45:55.454 | 966 1)-nio2-thread-3 | DEBUG | d.t.c.a.a.p.s.l.ssh.SshGitCommand    : start(ChannelSession[id=0, recipient=0]-ServerSessionImpl[git@/127.0.0.1:52462]) starting runner for command=git-upload-pack '/git/SHORT3A680734092E404EF80A4C60FBC1E408F7D0TSTEXC/short3a680734092e404ef80a4c60fbc1e408f7d0tstexc-tests.git'
    23:45:55.459 | 796 git-ssh-thread-1 | DEBUG | .t.c.a.a.p.s.l.LocalVCServletService : Path to resolve repository from: /tmp/SHORT3A680734092E404EF80A4C60FBC1E408F7D0TSTEXC/short3a680734092e404ef80a4c60fbc1e408f7d0tstexc-tests.git
    23:45:55.459 | 796 git-ssh-thread-1 | DEBUG | .t.c.a.a.p.s.l.LocalVCServletService : Opening local repository SHORT3A680734092E404EF80A4C60FBC1E408F7D0TSTEXC/short3a680734092e404ef80a4c60fbc1e408f7d0tstexc-tests.git
    23:45:55.461 | 796 git-ssh-thread-1 | DEBUG | .t.c.a.a.p.s.l.LocalVCServletService : Resolving repository for repository SHORT3A680734092E404EF80A4C60FBC1E408F7D0TSTEXC/short3a680734092e404ef80a4c60fbc1e408f7d0tstexc-tests.git took 2.25ms
    23:45:55.603 | 796 git-ssh-thread-1 | DEBUG | d.t.c.a.a.p.s.l.ssh.SshGitCommand    : onExit(ServerSessionImpl[git@/127.0.0.1:52462])[SshGitCommand[git-upload-pack '/git/SHORT3A680734092E404EF80A4C60FBC1E408F7D0TSTEXC/short3a680734092e404ef80a4c60fbc1e408f7d0tstexc-tests.git'][session=ServerSessionImpl[git@/127.0.0.1:52462]]] exiting - value=0, message=
    23:45:55.605 | 796 git-ssh-thread-1 | DEBUG | d.t.c.a.a.p.s.l.ssh.SshGitCommand    : destroy(ChannelSession[id=0, recipient=0]-ServerSessionImpl[git@/127.0.0.1:52462])[SshGitCommand[git-upload-pack '/git/SHORT3A680734092E404EF80A4C60FBC1E408F7D0TSTEXC/short3a680734092e404ef80a4c60fbc1e408f7d0tstexc-tests.git'][session=ServerSessionImpl[git@/127.0.0.1:52462]]] - shutdown executor service - runners count=0
    23:45:55.605 | 796 git-ssh-thread-1 | DEBUG | d.t.c.a.a.p.s.l.ssh.SshGitCommand    : destroy(SshGitCommand[git-upload-pack '/git/SHORT3A680734092E404EF80A4C60FBC1E408F7D0TSTEXC/short3a680734092e404ef80a4c60fbc1e408f7d0tstexc-tests.git'][session=ServerSessionImpl[git@/127.0.0.1:52462]]) - failed (UnsupportedOperationException) to close file system=sun.nio.fs.LinuxFileSystem@348460d6: null
    23:45:55.618 | 576 local-ci-build-0 | WARN  | org.eclipse.jgit.lib.Repository      : close() called when useCnt is already zero for Repository[checked-out-repos/9344436f8d5a5ce3aa40215562db211ed501371f/SHORT3A680734092E404EF80A4C60FBC1E408F7D0TSTEXC/short3a680734092e404ef80a4c60fbc1e408f7d0tstexc-tests/.git]
    23:45:55.618 | 576 local-ci-build-0 | INFO  | t.c.a.a.b.s.BuildJobExecutionService : ~~~~~~~~~~~~~~~~~~~~ Started container local-ci-20391739576754750 for build job 20391739576754750 ~~~~~~~~~~~~~~~~~~~~
    23:45:55.618 | 576 local-ci-build-0 | DEBUG | t.c.a.a.b.s.BuildJobExecutionService : ~~~~~~~~~~~~~~~~~~~~ Populating build job container with repositories and build script ~~~~~~~~~~~~~~~~~~~~
    23:45:55.628 | 576 local-ci-build-0 | DEBUG | t.c.a.a.b.s.BuildJobExecutionService : ~~~~~~~~~~~~~~~~~~~~ Executing Build Script for Build job 20391739576754750 ~~~~~~~~~~~~~~~~~~~~
    23:45:55.628 | 576 local-ci-build-0 | INFO  | t.c.a.a.b.s.BuildJobContainerService : Started running the build script for build job in container with id 1234567890
    23:45:55.628 | 576 local-ci-build-0 | INFO  | t.c.a.a.b.s.BuildJobExecutionService : ~~~~~~~~~~~~~~~~~~~~ Finished Executing Build Script for Build job 20391739576754750 ~~~~~~~~~~~~~~~~~~~~
    23:45:55.628 | 576 local-ci-build-0 | DEBUG | t.c.a.a.b.s.BuildJobExecutionService : ~~~~~~~~~~~~~~~~~~~~ Moving test results to specified directory for build job 20391739576754750 ~~~~~~~~~~~~~~~~~~~~
    23:45:55.628 | 576 local-ci-build-0 | INFO  | t.c.a.a.b.s.BuildJobExecutionService : ~~~~~~~~~~~~~~~~~~~~ Collecting test results from container 1234567890 for build job 20391739576754750 ~~~~~~~~~~~~~~~~~~~~
    23:45:55.634 | 576 local-ci-build-0 | WARN  | org.eclipse.jgit.lib.Repository      : close() called when useCnt is already zero for Repository[checked-out-repos/9344436f8d5a5ce3aa40215562db211ed501371f/SHORT3A680734092E404EF80A4C60FBC1E408F7D0TSTEXC/short3a680734092e404ef80a4c60fbc1e408f7d0tstexc-localvcciintstudent1/.git]
    23:45:55.637 | 576 local-ci-build-0 | DEBUG | d.t.c.a.a.p.s.AbstractGitService     : Deleted Repository at checked-out-repos/9344436f8d5a5ce3aa40215562db211ed501371f/SHORT3A680734092E404EF80A4C60FBC1E408F7D0TSTEXC/short3a680734092e404ef80a4c60fbc1e408f7d0tstexc-localvcciintstudent1
    23:45:55.637 | 576 local-ci-build-0 | WARN  | org.eclipse.jgit.lib.Repository      : close() called when useCnt is already zero for Repository[checked-out-repos/9344436f8d5a5ce3aa40215562db211ed501371f/SHORT3A680734092E404EF80A4C60FBC1E408F7D0TSTEXC/short3a680734092e404ef80a4c60fbc1e408f7d0tstexc-tests/.git]
    23:45:55.645 | 576 local-ci-build-0 | DEBUG | d.t.c.a.a.p.s.AbstractGitService     : Deleted Repository at checked-out-repos/9344436f8d5a5ce3aa40215562db211ed501371f/SHORT3A680734092E404EF80A4C60FBC1E408F7D0TSTEXC/short3a680734092e404ef80a4c60fbc1e408f7d0tstexc-tests
    23:45:55.645 | 576 local-ci-build-0 | INFO  | t.c.a.a.b.s.BuildJobExecutionService : Building and testing submission for repository short3a680734092e404ef80a4c60fbc1e408f7d0tstexc-localvcciintstudent1 and commit hash 9344436f8d5a5ce3aa40215562db211ed501371f took 27.16ms for build job 20391739576754750
    23:45:55.645 | 566 localvc.event-13 | DEBUG | a.a.b.s.SharedQueueProcessingService : Build job completed: BuildJobQueueItem[id=20391739576754750, name=SHORT3A680734092E404EF80A4C60FBC1E408F7D0TSTEXC-LOCALVCCIINTSTUDENT1, buildAgent=BuildAgentDTO[name=artemis-build-agent-test, memberAddress=[127.0.0.1]:5703, displayName=artemis-build-agent-test], participationId=2039, courseId=996, exerciseId=2613, retryCount=0, priority=2, status=null, repositoryInfo=RepositoryInfo[repositoryName=short3a680734092e404ef80a4c60fbc1e408f7d0tstexc-localvcciintstudent1, repositoryType=user, triggeredByPushTo=user, assignmentRepositoryUri=http://localhost:49152/git/SHORT3A680734092E404EF80A4C60FBC1E408F7D0TSTEXC/short3a680734092e404ef80a4c60fbc1e408f7d0tstexc-localvcciintstudent1.git, testRepositoryUri=http://localhost:49152/git/SHORT3A680734092E404EF80A4C60FBC1E408F7D0TSTEXC/short3a680734092e404ef80a4c60fbc1e408f7d0tstexc-tests.git, solutionRepositoryUri=null, auxiliaryRepositoryUris=[Ljava.lang.String;@212fff5d, auxiliaryRepositoryCheckoutDirectories=[Ljava.lang.String;@497a1555], jobTimingInfo=JobTimingInfo[submissionDate=2025-02-14T23:45:54.750657185Z[Etc/UTC], buildStartDate=2025-02-14T23:45:54.765232948Z[Etc/UTC], buildCompletionDate=null, estimatedCompletionDate=2025-02-14T23:46:13.765225363Z[Etc/UTC], estimatedDuration=19], buildConfig=BuildConfig[buildScript=#!/bin/bash
cd /var/tmp/testing-dir
chmod +x ./gradlew
./gradlew clean test
, dockerImage=dummy-docker-image:latest, commitHashToBuild=9344436f8d5a5ce3aa40215562db211ed501371f, assignmentCommitHash=9344436f8d5a5ce3aa40215562db211ed501371f, testCommitHash=ff421c3651ec230fed2f20f72c2901ae372be06a, branch=main, programmingLanguage=JAVA, projectType=PLAIN_GRADLE, scaEnabled=false, sequentialTestRunsEnabled=false, resultPaths=[/var/tmp/testing-dir/**/test-results/test/*.xml], timeoutSeconds=0, assignmentCheckoutPath=null, testCheckoutPath=null, solutionCheckoutPath=null, dockerRunConfig=null], submissionResult=null]
    23:45:55.646 | 568 localvc.event-15 | DEBUG | a.p.s.l.LocalCIQueueWebsocketService : CIBuildJobQueueItem removed from processing jobs: BuildJobQueueItem[id=20391739576754750, name=SHORT3A680734092E404EF80A4C60FBC1E408F7D0TSTEXC-LOCALVCCIINTSTUDENT1, buildAgent=BuildAgentDTO[name=artemis-build-agent-test, memberAddress=[127.0.0.1]:5703, displayName=artemis-build-agent-test], participationId=2039, courseId=996, exerciseId=2613, retryCount=0, priority=2, status=null, repositoryInfo=RepositoryInfo[repositoryName=short3a680734092e404ef80a4c60fbc1e408f7d0tstexc-localvcciintstudent1, repositoryType=user, triggeredByPushTo=user, assignmentRepositoryUri=http://localhost:49152/git/SHORT3A680734092E404EF80A4C60FBC1E408F7D0TSTEXC/short3a680734092e404ef80a4c60fbc1e408f7d0tstexc-localvcciintstudent1.git, testRepositoryUri=http://localhost:49152/git/SHORT3A680734092E404EF80A4C60FBC1E408F7D0TSTEXC/short3a680734092e404ef80a4c60fbc1e408f7d0tstexc-tests.git, solutionRepositoryUri=null, auxiliaryRepositoryUris=[Ljava.lang.String;@33a1b5ce, auxiliaryRepositoryCheckoutDirectories=[Ljava.lang.String;@3086becc], jobTimingInfo=JobTimingInfo[submissionDate=2025-02-14T23:45:54.750657185Z[Etc/UTC], buildStartDate=2025-02-14T23:45:54.765232948Z[Etc/UTC], buildCompletionDate=null, estimatedCompletionDate=2025-02-14T23:46:13.765225363Z[Etc/UTC], estimatedDuration=19], buildConfig=BuildConfig[buildScript=#!/bin/bash
cd /var/tmp/testing-dir
chmod +x ./gradlew
./gradlew clean test
, dockerImage=dummy-docker-image:latest, commitHashToBuild=9344436f8d5a5ce3aa40215562db211ed501371f, assignmentCommitHash=9344436f8d5a5ce3aa40215562db211ed501371f, testCommitHash=ff421c3651ec230fed2f20f72c2901ae372be06a, branch=main, programmingLanguage=JAVA, projectType=PLAIN_GRADLE, scaEnabled=false, sequentialTestRunsEnabled=false, resultPaths=[/var/tmp/testing-dir/**/test-results/test/*.xml], timeoutSeconds=0, assignmentCheckoutPath=null, testCheckoutPath=null, solutionCheckoutPath=null, dockerRunConfig=null], submissionResult=null]
    23:45:55.646 | 568 localvc.event-15 | DEBUG | s.l.LocalCIWebsocketMessagingService : Sending message on topic /topic/admin/running-jobs: []
    23:45:55.646 | 568 localvc.event-15 | DEBUG | s.l.LocalCIWebsocketMessagingService : Sending message on topic /topic/courses/996/running-jobs: []
    23:45:55.653 | 566 localvc.event-13 | DEBUG | a.a.b.s.SharedQueueProcessingService : Currently processing jobs on this node: 0, active threads in Pool: 0, maximum pool size of thread executor : 1
    23:45:55.653 | 566 localvc.event-13 | DEBUG | s.l.LocalCIWebsocketMessagingService : Sending message on topic /topic/admin/queued-jobs: []
    23:45:55.653 | 566 localvc.event-13 | DEBUG | s.l.LocalCIWebsocketMessagingService : Sending message on topic /topic/courses/996/queued-jobs: []
    23:45:55.653 | 566 localvc.event-13 | DEBUG | a.a.b.s.SharedQueueProcessingService : CIBuildJobQueueItem removed from queue: BuildJobQueueItem[id=20391739576754750, name=SHORT3A680734092E404EF80A4C60FBC1E408F7D0TSTEXC-LOCALVCCIINTSTUDENT1, buildAgent=BuildAgentDTO[name=null, memberAddress=null, displayName=null], participationId=2039, courseId=996, exerciseId=2613, retryCount=0, priority=2, status=null, repositoryInfo=RepositoryInfo[repositoryName=short3a680734092e404ef80a4c60fbc1e408f7d0tstexc-localvcciintstudent1, repositoryType=user, triggeredByPushTo=user, assignmentRepositoryUri=http://localhost:49152/git/SHORT3A680734092E404EF80A4C60FBC1E408F7D0TSTEXC/short3a680734092e404ef80a4c60fbc1e408f7d0tstexc-localvcciintstudent1.git, testRepositoryUri=http://localhost:49152/git/SHORT3A680734092E404EF80A4C60FBC1E408F7D0TSTEXC/short3a680734092e404ef80a4c60fbc1e408f7d0tstexc-tests.git, solutionRepositoryUri=null, auxiliaryRepositoryUris=[Ljava.lang.String;@53fd2680, auxiliaryRepositoryCheckoutDirectories=[Ljava.lang.String;@183718ea], jobTimingInfo=JobTimingInfo[submissionDate=2025-02-14T23:45:54.750657185Z[Etc/UTC], buildStartDate=null, buildCompletionDate=null, estimatedCompletionDate=null, estimatedDuration=19], buildConfig=BuildConfig[buildScript=#!/bin/bash
cd /var/tmp/testing-dir
chmod +x ./gradlew
./gradlew clean test
, dockerImage=dummy-docker-image:latest, commitHashToBuild=9344436f8d5a5ce3aa40215562db211ed501371f, assignmentCommitHash=9344436f8d5a5ce3aa40215562db211ed501371f, testCommitHash=ff421c3651ec230fed2f20f72c2901ae372be06a, branch=main, programmingLanguage=JAVA, projectType=PLAIN_GRADLE, scaEnabled=false, sequentialTestRunsEnabled=false, resultPaths=[/var/tmp/testing-dir/**/test-results/test/*.xml], timeoutSeconds=0, assignmentCheckoutPath=null, testCheckoutPath=null, solutionCheckoutPath=null, dockerRunConfig=null], submissionResult=null]
    23:45:55.654 | 566 localvc.event-13 | DEBUG | s.l.LocalCIWebsocketMessagingService : Sending message on topic /topic/admin/queued-jobs: []
    23:45:55.654 | 566 localvc.event-13 | DEBUG | s.l.LocalCIWebsocketMessagingService : Sending message on topic /topic/courses/996/queued-jobs: []
    23:45:55.655 | 566 localvc.event-13 | DEBUG | a.p.s.l.LocalCIQueueWebsocketService : Build agent updated: BuildAgentInformation[buildAgent=BuildAgentDTO[name=artemis-build-agent-test, memberAddress=[127.0.0.1]:5703, displayName=artemis-build-agent-test], maxNumberOfConcurrentBuildJobs=1, numberOfCurrentBuildJobs=1, runningBuildJobs=[BuildJobQueueItem[id=20391739576754750, name=SHORT3A680734092E404EF80A4C60FBC1E408F7D0TSTEXC-LOCALVCCIINTSTUDENT1, buildAgent=BuildAgentDTO[name=artemis-build-agent-test, memberAddress=[127.0.0.1]:5703, displayName=artemis-build-agent-test], participationId=2039, courseId=996, exerciseId=2613, retryCount=0, priority=2, status=null, repositoryInfo=RepositoryInfo[repositoryName=short3a680734092e404ef80a4c60fbc1e408f7d0tstexc-localvcciintstudent1, repositoryType=user, triggeredByPushTo=user, assignmentRepositoryUri=http://localhost:49152/git/SHORT3A680734092E404EF80A4C60FBC1E408F7D0TSTEXC/short3a680734092e404ef80a4c60fbc1e408f7d0tstexc-localvcciintstudent1.git, testRepositoryUri=http://localhost:49152/git/SHORT3A680734092E404EF80A4C60FBC1E408F7D0TSTEXC/short3a680734092e404ef80a4c60fbc1e408f7d0tstexc-tests.git, solutionRepositoryUri=null, auxiliaryRepositoryUris=[Ljava.lang.String;@4b9af564, auxiliaryRepositoryCheckoutDirectories=[Ljava.lang.String;@6bca54b5], jobTimingInfo=JobTimingInfo[submissionDate=2025-02-14T23:45:54.750657185Z[Etc/UTC], buildStartDate=2025-02-14T23:45:54.765232948Z[Etc/UTC], buildCompletionDate=null, estimatedCompletionDate=2025-02-14T23:46:13.765225363Z[Etc/UTC], estimatedDuration=19], buildConfig=BuildConfig[buildScript=#!/bin/bash
cd /var/tmp/testing-dir
chmod +x ./gradlew
./gradlew clean test
, dockerImage=dummy-docker-image:latest, commitHashToBuild=9344436f8d5a5ce3aa40215562db211ed501371f, assignmentCommitHash=9344436f8d5a5ce3aa40215562db211ed501371f, testCommitHash=ff421c3651ec230fed2f20f72c2901ae372be06a, branch=main, programmingLanguage=JAVA, projectType=PLAIN_GRADLE, scaEnabled=false, sequentialTestRunsEnabled=false, resultPaths=[/var/tmp/testing-dir/**/test-results/test/*.xml], timeoutSeconds=0, assignmentCheckoutPath=null, testCheckoutPath=null, solutionCheckoutPath=null, dockerRunConfig=null], submissionResult=null]], status=ACTIVE, recentBuildJobs=[BuildJobQueueItem[id=19141739576708030, name=SHORT5F02A8F400311042E70858306EB148073CFDTSTEXC-LOCALVCINTSTUDENT1, buildAgent=BuildAgentDTO[name=artemis-build-agent-test, memberAddress=[127.0.0.1]:5703, displayName=artemis-build-agent-test], participationId=1914, courseId=947, exerciseId=2564, retryCount=0, priority=2, status=FAILED, repositoryInfo=RepositoryInfo[repositoryName=short5f02a8f400311042e70858306eb148073cfdtstexc-localvcintstudent1, repositoryType=user, triggeredByPushTo=user, assignmentRepositoryUri=http://localhost:49152/git/SHORT5F02A8F400311042E70858306EB148073CFDTSTEXC/short5f02a8f400311042e70858306eb148073cfdtstexc-localvcintstudent1.git, testRepositoryUri=http://localhost:49152/git/SHORT5F02A8F400311042E70858306EB148073CFDTSTEXC/short5f02a8f400311042e70858306eb148073cfdtstexc-tests.git, solutionRepositoryUri=null, auxiliaryRepositoryUris=[Ljava.lang.String;@475f016, auxiliaryRepositoryCheckoutDirectories=[Ljava.lang.String;@3d02428b], jobTimingInfo=JobTimingInfo[submissionDate=2025-02-14T23:45:08.030118216Z[Etc/UTC], buildStartDate=2025-02-14T23:45:08.041011412Z[Etc/UTC], buildCompletionDate=2025-02-14T23:45:08.054603331Z[Etc/UTC], estimatedCompletionDate=2025-02-14T23:45:27.041005080Z[Etc/UTC], estimatedDuration=19], buildConfig=BuildConfig[buildScript=#!/bin/bash
cd /var/tmp/testing-dir
chmod +x ./gradlew
./gradlew clean test
, dockerImage=dummy-docker-image:latest, commitHashToBuild=6e7146cac5059504aa9d170ec3fa23aec740bb51, assignmentCommitHash=6e7146cac5059504aa9d170ec3fa23aec740bb51, testCommitHash=931e5303581c7a2f01339ba603cfafbfe668b901, branch=main, programmingLanguage=JAVA, projectType=PLAIN_GRADLE, scaEnabled=false, sequentialTestRunsEnabled=false, resultPaths=[/var/tmp/testing-dir/**/test-results/test/*.xml], timeoutSeconds=0, assignmentCheckoutPath=null, testCheckoutPath=null, solutionCheckoutPath=null, dockerRunConfig=null], submissionResult=ResultDTO[id=622, completionDate=2025-02-14T23:45:08.054683681Z[Etc/UTC], successful=false, score=0.0, rated=true, submission=SubmissionDTO[id=814, submitted=true, type=MANUAL, exampleSubmission=null, submissionDate=2025-02-14T23:45:08.016200Z, commitHash=6e7146cac5059504aa9d170ec3fa23aec740bb51, buildFailed=true, buildArtifact=false, participation=ParticipationDTO[id=1914, testRun=false, type=programming, submissionCount=null, exercise=ParticipationExerciseDTO[id=2564, exerciseType=PROGRAMMING, type=programming, assessmentType=AUTOMATIC, dueDate=2025-02-16T23:45:07.324348Z, assessmentDueDate=null, maxPoints=42.0, course=CourseDTO[id=947, accuracyOfScores=1]]], submissionExerciseType=programming, isProcessing=false, buildStartDate=null, estimatedCompletionDate=null], participation=ParticipationDTO[id=1914, testRun=false, type=programming, submissionCount=null, exercise=ParticipationExerciseDTO[id=2564, exerciseType=PROGRAMMING, type=programming, assessmentType=AUTOMATIC, dueDate=2025-02-16T23:45:07.324348Z, assessmentDueDate=null, maxPoints=42.0, course=CourseDTO[id=947, accuracyOfScores=1]]], feedbacks=[], assessmentType=AUTOMATIC, hasComplaint=null, exampleResult=null, testCaseCount=0, passedTestCaseCount=0, codeIssueCount=0]], BuildJobQueueItem[id=19361739576711303, name=SHORT9AFDAE3804CA304DDF0889A0CB0F56104A86TSTEXC-LOCALVCINTSTUDENT1, buildAgent=BuildAgentDTO[name=artemis-build-agent-test, memberAddress=[127.0.0.1]:5703, displayName=artemis-build-agent-test], participationId=1936, courseId=956, exerciseId=2573, retryCount=0, priority=2, status=FAILED, repositoryInfo=RepositoryInfo[repositoryName=short9afdae3804ca304ddf0889a0cb0f56104a86tstexc-localvcintstudent1, repositoryType=user, triggeredByPushTo=user, assignmentRepositoryUri=http://localhost:49152/git/SHORT9AFDAE3804CA304DDF0889A0CB0F56104A86TSTEXC/short9afdae3804ca304ddf0889a0cb0f56104a86tstexc-localvcintstudent1.git, testRepositoryUri=http://localhost:49152/git/SHORT9AFDAE3804CA304DDF0889A0CB0F56104A86TSTEXC/short9afdae3804ca304ddf0889a0cb0f56104a86tstexc-tests.git, solutionRepositoryUri=null, auxiliaryRepositoryUris=[Ljava.lang.String;@212fb19a, auxiliaryRepositoryCheckoutDirectories=[Ljava.lang.String;@187936f6], jobTimingInfo=JobTimingInfo[submissionDate=2025-02-14T23:45:11.303805653Z[Etc/UTC], buildStartDate=2025-02-14T23:45:11.310981356Z[Etc/UTC], buildCompletionDate=2025-02-14T23:45:11.319178384Z[Etc/UTC], estimatedCompletionDate=2025-02-14T23:45:30.310974944Z[Etc/UTC], estimatedDuration=19], buildConfig=BuildConfig[buildScript=#!/bin/bash
cd /var/tmp/testing-dir
chmod +x ./gradlew
./gradlew clean test
, dockerImage=dummy-docker-image:latest, commitHashToBuild=a1099e378cffde441ef85f9b12577ca174b8e1e4, assignmentCommitHash=a1099e378cffde441ef85f9b12577ca174b8e1e4, testCommitHash=bd38d61c299ab11a1dea82a3ca5493fe04d97d47, branch=main, programmingLanguage=JAVA, projectType=PLAIN_GRADLE, scaEnabled=false, sequentialTestRunsEnabled=false, resultPaths=[/var/tmp/testing-dir/**/test-results/test/*.xml], timeoutSeconds=0, assignmentCheckoutPath=null, testCheckoutPath=null, solutionCheckoutPath=null, dockerRunConfig=null], submissionResult=ResultDTO[id=623, completionDate=2025-02-14T23:45:11.319278430Z[Etc/UTC], successful=false, score=0.0, rated=true, submission=SubmissionDTO[id=815, submitted=true, type=MANUAL, exampleSubmission=null, submissionDate=2025-02-14T23:45:11.294386Z, commitHash=a1099e378cffde441ef85f9b12577ca174b8e1e4, buildFailed=true, buildArtifact=false, participation=ParticipationDTO[id=1936, testRun=false, type=programming, submissionCount=null, exercise=ParticipationExerciseDTO[id=2573, exerciseType=PROGRAMMING, type=programming, assessmentType=AUTOMATIC, dueDate=2025-02-16T23:45:10.996982Z, assessmentDueDate=null, maxPoints=42.0, course=CourseDTO[id=956, accuracyOfScores=1]]], submissionExerciseType=programming, isProcessing=false, buildStartDate=null, estimatedCompletionDate=null], participation=ParticipationDTO[id=1936, testRun=false, type=programming, submissionCount=null, exercise=ParticipationExerciseDTO[id=2573, exerciseType=PROGRAMMING, type=programming, assessmentType=AUTOMATIC, dueDate=2025-02-16T23:45:10.996982Z, assessmentDueDate=null, maxPoints=42.0, course=CourseDTO[id=956, accuracyOfScores=1]]], feedbacks=[], assessmentType=AUTOMATIC, hasComplaint=null, exampleResult=null, testCaseCount=0, passedTestCaseCount=0, codeIssueCount=0]], BuildJobQueueItem[id=19351739576711674, name=SHORT9AFDAE3804CA304DDF0889A0CB0F56104A86TSTEXC-BASE, buildAgent=BuildAgentDTO[name=artemis-build-agent-test, memberAddress=[127.0.0.1]:5703, displayName=artemis-build-agent-test], participationId=1935, courseId=956, exerciseId=2573, retryCount=0, priority=2, status=FAILED, repositoryInfo=RepositoryInfo[repositoryName=short9afdae3804ca304ddf0889a0cb0f56104a86tstexc-exercise, repositoryType=exercise, triggeredByPushTo=exercise, assignmentRepositoryUri=http://localhost:49152/git/SHORT9AFDAE3804CA304DDF0889A0CB0F56104A86TSTEXC/short9afdae3804ca304ddf0889a0cb0f56104a86tstexc-exercise.git, testRepositoryUri=http://localhost:49152/git/SHORT9AFDAE3804CA304DDF0889A0CB0F56104A86TSTEXC/short9afdae3804ca304ddf0889a0cb0f56104a86tstexc-tests.git, solutionRepositoryUri=null, auxiliaryRepositoryUris=[Ljava.lang.String;@33a790af, auxiliaryRepositoryCheckoutDirectories=[Ljava.lang.String;@1c1e8a4a], jobTimingInfo=JobTimingInfo[submissionDate=2025-02-14T23:45:11.674556681Z[Etc/UTC], buildStartDate=2025-02-14T23:45:11.677776879Z[Etc/UTC], buildCompletionDate=2025-02-14T23:45:11.688097378Z[Etc/UTC], estimatedCompletionDate=2025-02-14T23:45:30.677771620Z[Etc/UTC], estimatedDuration=19], buildConfig=BuildConfig[buildScript=#!/bin/bash
cd /var/tmp/testing-dir
chmod +x ./gradlew
./gradlew clean test
, dockerImage=dummy-docker-image:latest, commitHashToBuild=a1099e378cffde441ef85f9b12577ca174b8e1e4, assignmentCommitHash=a1099e378cffde441ef85f9b12577ca174b8e1e4, testCommitHash=bd38d61c299ab11a1dea82a3ca5493fe04d97d47, branch=main, programmingLanguage=JAVA, projectType=PLAIN_GRADLE, scaEnabled=false, sequentialTestRunsEnabled=false, resultPaths=[/var/tmp/testing-dir/**/test-results/test/*.xml], timeoutSeconds=0, assignmentCheckoutPath=null, testCheckoutPath=null, solutionCheckoutPath=null, dockerRunConfig=null], submissionResult=ResultDTO[id=624, completionDate=2025-02-14T23:45:11.688214837Z[Etc/UTC], successful=false, score=0.0, rated=true, submission=SubmissionDTO[id=816, submitted=true, type=MANUAL, exampleSubmission=null, submissionDate=2025-02-14T23:45:11.656934Z, commitHash=a1099e378cffde441ef85f9b12577ca174b8e1e4, buildFailed=true, buildArtifact=false, participation=ParticipationDTO[id=1935, testRun=false, type=template, submissionCount=null, exercise=ParticipationExerciseDTO[id=2573, exerciseType=PROGRAMMING, type=programming, assessmentType=AUTOMATIC, dueDate=2025-02-16T23:45:10.996982Z, assessmentDueDate=null, maxPoints=42.0, course=CourseDTO[id=956, accuracyOfScores=1]]], submissionExerciseType=programming, isProcessing=false, buildStartDate=null, estimatedCompletionDate=null], participation=ParticipationDTO[id=1935, testRun=false, type=template, submissionCount=null, exercise=ParticipationExerciseDTO[id=2573, exerciseType=PROGRAMMING, type=programming, assessmentType=AUTOMATIC, dueDate=2025-02-16T23:45:10.996982Z, assessmentDueDate=null, maxPoints=42.0, course=CourseDTO[id=956, accuracyOfScores=1]]], feedbacks=[], assessmentType=AUTOMATIC, hasComplaint=null, exampleResult=null, testCaseCount=0, passedTestCaseCount=0, codeIssueCount=0]], BuildJobQueueItem[id=19341739576712112, name=SHORT9AFDAE3804CA304DDF0889A0CB0F56104A86TSTEXC-SOLUTION, buildAgent=BuildAgentDTO[name=artemis-build-agent-test, memberAddress=[127.0.0.1]:5703, displayName=artemis-build-agent-test], participationId=1934, courseId=956, exerciseId=2573, retryCount=0, priority=2, status=FAILED, repositoryInfo=RepositoryInfo[repositoryName=short9afdae3804ca304ddf0889a0cb0f56104a86tstexc-solution, repositoryType=solution, triggeredByPushTo=solution, assignmentRepositoryUri=http://localhost:49152/git/SHORT9AFDAE3804CA304DDF0889A0CB0F56104A86TSTEXC/short9afdae3804ca304ddf0889a0cb0f56104a86tstexc-solution.git, testRepositoryUri=http://localhost:49152/git/SHORT9AFDAE3804CA304DDF0889A0CB0F56104A86TSTEXC/short9afdae3804ca304ddf0889a0cb0f56104a86tstexc-tests.git, solutionRepositoryUri=null, auxiliaryRepositoryUris=[Ljava.lang.String;@40614b32, auxiliaryRepositoryCheckoutDirectories=[Ljava.lang.String;@11fe1b4e], jobTimingInfo=JobTimingInfo[submissionDate=2025-02-14T23:45:12.112332872Z[Etc/UTC], buildStartDate=2025-02-14T23:45:12.121617114Z[Etc/UTC], buildCompletionDate=2025-02-14T23:45:12.127931701Z[Etc/UTC], estimatedCompletionDate=2025-02-14T23:45:31.121609600Z[Etc/UTC], estimatedDuration=19], buildConfig=BuildConfig[buildScript=#!/bin/bash
cd /var/tmp/testing-dir
chmod +x ./gradlew
./gradlew clean test
, dockerImage=dummy-docker-image:latest, commitHashToBuild=a1099e378cffde441ef85f9b12577ca174b8e1e4, assignmentCommitHash=a1099e378cffde441ef85f9b12577ca174b8e1e4, testCommitHash=bd38d61c299ab11a1dea82a3ca5493fe04d97d47, branch=main, programmingLanguage=JAVA, projectType=PLAIN_GRADLE, scaEnabled=false, sequentialTestRunsEnabled=false, resultPaths=[/var/tmp/testing-dir/**/test-results/test/*.xml], timeoutSeconds=0, assignmentCheckoutPath=null, testCheckoutPath=null, solutionCheckoutPath=null, dockerRunConfig=null], submissionResult=ResultDTO[id=625, completionDate=2025-02-14T23:45:12.128011800Z[Etc/UTC], successful=false, score=0.0, rated=true, submission=SubmissionDTO[id=817, submitted=true, type=MANUAL, exampleSubmission=null, submissionDate=2025-02-14T23:45:12.098737Z, commitHash=a1099e378cffde441ef85f9b12577ca174b8e1e4, buildFailed=true, buildArtifact=false, participation=ParticipationDTO[id=1934, testRun=false, type=solution, submissionCount=null, exercise=ParticipationExerciseDTO[id=2573, exerciseType=PROGRAMMING, type=programming, assessmentType=AUTOMATIC, dueDate=2025-02-16T23:45:10.996982Z, assessmentDueDate=null, maxPoints=42.0, course=CourseDTO[id=956, accuracyOfScores=1]]], submissionExerciseType=programming, isProcessing=false, buildStartDate=null, estimatedCompletionDate=null], participation=ParticipationDTO[id=1934, testRun=false, type=solution, submissionCount=null, exercise=ParticipationExerciseDTO[id=2573, exerciseType=PROGRAMMING, type=programming, assessmentType=AUTOMATIC, dueDate=2025-02-16T23:45:10.996982Z, assessmentDueDate=null, maxPoints=42.0, course=CourseDTO[id=956, accuracyOfScores=1]]], feedbacks=[], assessmentType=AUTOMATIC, hasComplaint=null, exampleResult=null, testCaseCount=0, passedTestCaseCount=0, codeIssueCount=0]], BuildJobQueueItem[id=19341739576713025, name=SHORT9AFDAE3804CA304DDF0889A0CB0F56104A86TSTEXC-SOLUTION, buildAgent=BuildAgentDTO[name=artemis-build-agent-test, memberAddress=[127.0.0.1]:5703, displayName=artemis-build-agent-test], participationId=1934, courseId=956, exerciseId=2573, retryCount=0, priority=2, status=FAILED, repositoryInfo=RepositoryInfo[repositoryName=short9afdae3804ca304ddf0889a0cb0f56104a86tstexc-solution, repositoryType=solution, triggeredByPushTo=tests, assignmentRepositoryUri=http://localhost:49152/git/SHORT9AFDAE3804CA304DDF0889A0CB0F56104A86TSTEXC/short9afdae3804ca304ddf0889a0cb0f56104a86tstexc-solution.git, testRepositoryUri=http://localhost:49152/git/SHORT9AFDAE3804CA304DDF0889A0CB0F56104A86TSTEXC/short9afdae3804ca304ddf0889a0cb0f56104a86tstexc-tests.git, solutionRepositoryUri=null, auxiliaryRepositoryUris=[Ljava.lang.String;@1e53c336, auxiliaryRepositoryCheckoutDirectories=[Ljava.lang.String;@76f7566c], jobTimingInfo=JobTimingInfo[submissionDate=2025-02-14T23:45:13.025319671Z[Etc/UTC], buildStartDate=2025-02-14T23:45:13.040293146Z[Etc/UTC], buildCompletionDate=2025-02-14T23:45:13.053032917Z[Etc/UTC], estimatedCompletionDate=2025-02-14T23:45:32.040285703Z[Etc/UTC], estimatedDuration=19], buildConfig=BuildConfig[buildScript=#!/bin/bash
cd /var/tmp/testing-dir
chmod +x ./gradlew
./gradlew clean test
, dockerImage=dummy-docker-image:latest, commitHashToBuild=784f8f0049d2a1a54f21c67dd772bea86715267a, assignmentCommitHash=a1099e378cffde441ef85f9b12577ca174b8e1e4, testCommitHash=784f8f0049d2a1a54f21c67dd772bea86715267a, branch=main, programmingLanguage=JAVA, projectType=PLAIN_GRADLE, scaEnabled=false, sequentialTestRunsEnabled=false, resultPaths=[/var/tmp/testing-dir/**/test-results/test/*.xml], timeoutSeconds=0, assignmentCheckoutPath=null, testCheckoutPath=null, solutionCheckoutPath=null, dockerRunConfig=null], submissionResult=ResultDTO[id=626, completionDate=2025-02-14T23:45:13.053131811Z[Etc/UTC], successful=false, score=0.0, rated=true, submission=SubmissionDTO[id=818, submitted=true, type=TEST, exampleSubmission=null, submissionDate=2025-02-14T23:45:13.005779Z, commitHash=784f8f0049d2a1a54f21c67dd772bea86715267a, buildFailed=true, buildArtifact=false, participation=ParticipationDTO[id=1934, testRun=false, type=solution, submissionCount=null, exercise=ParticipationExerciseDTO[id=2573, exerciseType=PROGRAMMING, type=programming, assessmentType=AUTOMATIC, dueDate=2025-02-16T23:45:10.996982Z, assessmentDueDate=null, maxPoints=42.0, course=CourseDTO[id=956, accuracyOfScores=1]]], submissionExerciseType=programming, isProcessing=false, buildStartDate=null, estimatedCompletionDate=null], participation=ParticipationDTO[id=1934, testRun=false, type=solution, submissionCount=null, exercise=ParticipationExerciseDTO[id=2573, exerciseType=PROGRAMMING, type=programming, assessmentType=AUTOMATIC, dueDate=2025-02-16T23:45:10.996982Z, assessmentDueDate=null, maxPoints=42.0, course=CourseDTO[id=956, accuracyOfScores=1]]], feedbacks=[], assessmentType=AUTOMATIC, hasComplaint=null, exampleResult=null, testCaseCount=0, passedTestCaseCount=0, codeIssueCount=0]], BuildJobQueueItem[id=19581739576715555, name=SHORTC1A3F9FC03D2304B4308FA20AF16D54AAA49TSTEXC-LOCALVCSSHINTSTUDENT1, buildAgent=BuildAgentDTO[name=artemis-build-agent-test, memberAddress=[127.0.0.1]:5703, displayName=artemis-build-agent-test], participationId=1958, courseId=965, exerciseId=2582, retryCount=0, priority=2, status=FAILED, repositoryInfo=RepositoryInfo[repositoryName=shortc1a3f9fc03d2304b4308fa20af16d54aaa49tstexc-localvcsshintstudent1, repositoryType=user, triggeredByPushTo=user, assignmentRepositoryUri=http://localhost:49152/git/SHORTC1A3F9FC03D2304B4308FA20AF16D54AAA49TSTEXC/shortc1a3f9fc03d2304b4308fa20af16d54aaa49tstexc-localvcsshintstudent1.git, testRepositoryUri=http://localhost:49152/git/SHORTC1A3F9FC03D2304B4308FA20AF16D54AAA49TSTEXC/shortc1a3f9fc03d2304b4308fa20af16d54aaa49tstexc-tests.git, solutionRepositoryUri=null, auxiliaryRepositoryUris=[Ljava.lang.String;@3c05ab5b, auxiliaryRepositoryCheckoutDirectories=[Ljava.lang.String;@5d40e3fe], jobTimingInfo=JobTimingInfo[submissionDate=2025-02-14T23:45:15.555989584Z[Etc/UTC], buildStartDate=2025-02-14T23:45:15.568477627Z[Etc/UTC], buildCompletionDate=2025-02-14T23:45:15.579021148Z[Etc/UTC], estimatedCompletionDate=2025-02-14T23:45:34.568443924Z[Etc/UTC], estimatedDuration=19], buildConfig=BuildConfig[buildScript=#!/bin/bash
cd /var/tmp/testing-dir
chmod +x ./gradlew
./gradlew clean test
, dockerImage=dummy-docker-image:latest, commitHashToBuild=ca76dac20e040e6609db02fd7fedd56bf58829d7, assignmentCommitHash=ca76dac20e040e6609db02fd7fedd56bf58829d7, testCommitHash=bd0d58c226dc63bfa4bc9052870589952c0a1f83, branch=main, programmingLanguage=JAVA, projectType=PLAIN_GRADLE, scaEnabled=false, sequentialTestRunsEnabled=false, resultPaths=[/var/tmp/testing-dir/**/test-results/test/*.xml], timeoutSeconds=0, assignmentCheckoutPath=null, testCheckoutPath=null, solutionCheckoutPath=null, dockerRunConfig=null], submissionResult=ResultDTO[id=627, completionDate=2025-02-14T23:45:15.579119131Z[Etc/UTC], successful=false, score=0.0, rated=true, submission=SubmissionDTO[id=820, submitted=true, type=MANUAL, exampleSubmission=null, submissionDate=2025-02-14T23:45:15.548349Z, commitHash=ca76dac20e040e6609db02fd7fedd56bf58829d7, buildFailed=true, buildArtifact=false, participation=ParticipationDTO[id=1958, testRun=false, type=programming, submissionCount=null, exercise=ParticipationExerciseDTO[id=2582, exerciseType=PROGRAMMING, type=programming, assessmentType=AUTOMATIC, dueDate=2025-02-16T23:45:15.103512Z, assessmentDueDate=null, maxPoints=42.0, course=CourseDTO[id=965, accuracyOfScores=1]]], submissionExerciseType=programming, isProcessing=false, buildStartDate=null, estimatedCompletionDate=null], participation=ParticipationDTO[id=1958, testRun=false, type=programming, submissionCount=null, exercise=ParticipationExerciseDTO[id=2582, exerciseType=PROGRAMMING, type=programming, assessmentType=AUTOMATIC, dueDate=2025-02-16T23:45:15.103512Z, assessmentDueDate=null, maxPoints=42.0, course=CourseDTO[id=965, accuracyOfScores=1]]], feedbacks=[], assessmentType=AUTOMATIC, hasComplaint=null, exampleResult=null, testCaseCount=0, passedTestCaseCount=0, codeIssueCount=0]], BuildJobQueueItem[id=19801739576719393, name=SHORTB2A6C58B0D447045380A858075B170A5B7C6TSTEXC-LOCALVCSSHINTSTUDENT1, buildAgent=BuildAgentDTO[name=artemis-build-agent-test, memberAddress=[127.0.0.1]:5703, displayName=artemis-build-agent-test], participationId=1980, courseId=974, exerciseId=2591, retryCount=0, priority=2, status=FAILED, repositoryInfo=RepositoryInfo[repositoryName=shortb2a6c58b0d447045380a858075b170a5b7c6tstexc-localvcsshintstudent1, repositoryType=user, triggeredByPushTo=user, assignmentRepositoryUri=http://localhost:49152/git/SHORTB2A6C58B0D447045380A858075B170A5B7C6TSTEXC/shortb2a6c58b0d447045380a858075b170a5b7c6tstexc-localvcsshintstudent1.git, testRepositoryUri=http://localhost:49152/git/SHORTB2A6C58B0D447045380A858075B170A5B7C6TSTEXC/shortb2a6c58b0d447045380a858075b170a5b7c6tstexc-tests.git, solutionRepositoryUri=null, auxiliaryRepositoryUris=[Ljava.lang.String;@5d8ad113, auxiliaryRepositoryCheckoutDirectories=[Ljava.lang.String;@1182b8f8], jobTimingInfo=JobTimingInfo[submissionDate=2025-02-14T23:45:19.393259829Z[Etc/UTC], buildStartDate=2025-02-14T23:45:19.405438171Z[Etc/UTC], buildCompletionDate=2025-02-14T23:45:19.414070673Z[Etc/UTC], estimatedCompletionDate=2025-02-14T23:45:38.405431569Z[Etc/UTC], estimatedDuration=19], buildConfig=BuildConfig[buildScript=#!/bin/bash
cd /var/tmp/testing-dir
chmod +x ./gradlew
./gradlew clean test
, dockerImage=dummy-docker-image:latest, commitHashToBuild=363cdbf709a9fff149f813ab848ee800a675cc77, assignmentCommitHash=363cdbf709a9fff149f813ab848ee800a675cc77, testCommitHash=a5e046ece417b2e538f21f816e2524dab61e0d10, branch=main, programmingLanguage=JAVA, projectType=PLAIN_GRADLE, scaEnabled=false, sequentialTestRunsEnabled=false, resultPaths=[/var/tmp/testing-dir/**/test-results/test/*.xml], timeoutSeconds=0, assignmentCheckoutPath=null, testCheckoutPath=null, solutionCheckoutPath=null, dockerRunConfig=null], submissionResult=ResultDTO[id=628, completionDate=2025-02-14T23:45:19.414171040Z[Etc/UTC], successful=false, score=0.0, rated=true, submission=SubmissionDTO[id=821, submitted=true, type=MANUAL, exampleSubmission=null, submissionDate=2025-02-14T23:45:19.376840Z, commitHash=363cdbf709a9fff149f813ab848ee800a675cc77, buildFailed=true, buildArtifact=false, participation=ParticipationDTO[id=1980, testRun=false, type=programming, submissionCount=null, exercise=ParticipationExerciseDTO[id=2591, exerciseType=PROGRAMMING, type=programming, assessmentType=AUTOMATIC, dueDate=2025-02-16T23:45:18.950569Z, assessmentDueDate=null, maxPoints=42.0, course=CourseDTO[id=974, accuracyOfScores=1]]], submissionExerciseType=programming, isProcessing=false, buildStartDate=null, estimatedCompletionDate=null], participation=ParticipationDTO[id=1980, testRun=false, type=programming, submissionCount=null, exercise=ParticipationExerciseDTO[id=2591, exerciseType=PROGRAMMING, type=programming, assessmentType=AUTOMATIC, dueDate=2025-02-16T23:45:18.950569Z, assessmentDueDate=null, maxPoints=42.0, course=CourseDTO[id=974, accuracyOfScores=1]]], feedbacks=[], assessmentType=AUTOMATIC, hasComplaint=null, exampleResult=null, testCaseCount=0, passedTestCaseCount=0, codeIssueCount=0]], BuildJobQueueItem[id=19791739576719787, name=SHORTB2A6C58B0D447045380A858075B170A5B7C6TSTEXC-BASE, buildAgent=BuildAgentDTO[name=artemis-build-agent-test, memberAddress=[127.0.0.1]:5703, displayName=artemis-build-agent-test], participationId=1979, courseId=974, exerciseId=2591, retryCount=0, priority=2, status=FAILED, repositoryInfo=RepositoryInfo[repositoryName=shortb2a6c58b0d447045380a858075b170a5b7c6tstexc-exercise, repositoryType=exercise, triggeredByPushTo=exercise, assignmentRepositoryUri=http://localhost:49152/git/SHORTB2A6C58B0D447045380A858075B170A5B7C6TSTEXC/shortb2a6c58b0d447045380a858075b170a5b7c6tstexc-exercise.git, testRepositoryUri=http://localhost:49152/git/SHORTB2A6C58B0D447045380A858075B170A5B7C6TSTEXC/shortb2a6c58b0d447045380a858075b170a5b7c6tstexc-tests.git, solutionRepositoryUri=null, auxiliaryRepositoryUris=[Ljava.lang.String;@cc86e0, auxiliaryRepositoryCheckoutDirectories=[Ljava.lang.String;@5ac9da14], jobTimingInfo=JobTimingInfo[submissionDate=2025-02-14T23:45:19.787985058Z[Etc/UTC], buildStartDate=2025-02-14T23:45:19.796327417Z[Etc/UTC], buildCompletionDate=2025-02-14T23:45:19.799750982Z[Etc/UTC], estimatedCompletionDate=2025-02-14T23:45:38.796319082Z[Etc/UTC], estimatedDuration=19], buildConfig=BuildConfig[buildScript=#!/bin/bash
cd /var/tmp/testing-dir
chmod +x ./gradlew
./gradlew clean test
, dockerImage=dummy-docker-image:latest, commitHashToBuild=363cdbf709a9fff149f813ab848ee800a675cc77, assignmentCommitHash=363cdbf709a9fff149f813ab848ee800a675cc77, testCommitHash=a5e046ece417b2e538f21f816e2524dab61e0d10, branch=main, programmingLanguage=JAVA, projectType=PLAIN_GRADLE, scaEnabled=false, sequentialTestRunsEnabled=false, resultPaths=[/var/tmp/testing-dir/**/test-results/test/*.xml], timeoutSeconds=0, assignmentCheckoutPath=null, testCheckoutPath=null, solutionCheckoutPath=null, dockerRunConfig=null], submissionResult=ResultDTO[id=629, completionDate=2025-02-14T23:45:19.799820341Z[Etc/UTC], successful=false, score=0.0, rated=true, submission=SubmissionDTO[id=822, submitted=true, type=MANUAL, exampleSubmission=null, submissionDate=2025-02-14T23:45:19.775952Z, commitHash=363cdbf709a9fff149f813ab848ee800a675cc77, buildFailed=true, buildArtifact=false, participation=ParticipationDTO[id=1979, testRun=false, type=template, submissionCount=null, exercise=ParticipationExerciseDTO[id=2591, exerciseType=PROGRAMMING, type=programming, assessmentType=AUTOMATIC, dueDate=2025-02-16T23:45:18.950569Z, assessmentDueDate=null, maxPoints=42.0, course=CourseDTO[id=974, accuracyOfScores=1]]], submissionExerciseType=programming, isProcessing=false, buildStartDate=null, estimatedCompletionDate=null], participation=ParticipationDTO[id=1979, testRun=false, type=template, submissionCount=null, exercise=ParticipationExerciseDTO[id=2591, exerciseType=PROGRAMMING, type=programming, assessmentType=AUTOMATIC, dueDate=2025-02-16T23:45:18.950569Z, assessmentDueDate=null, maxPoints=42.0, course=CourseDTO[id=974, accuracyOfScores=1]]], feedbacks=[], assessmentType=AUTOMATIC, hasComplaint=null, exampleResult=null, testCaseCount=0, passedTestCaseCount=0, codeIssueCount=0]], BuildJobQueueItem[id=19781739576720235, name=SHORTB2A6C58B0D447045380A858075B170A5B7C6TSTEXC-SOLUTION, buildAgent=BuildAgentDTO[name=artemis-build-agent-test, memberAddress=[127.0.0.1]:5703, displayName=artemis-build-agent-test], participationId=1978, courseId=974, exerciseId=2591, retryCount=0, priority=2, status=FAILED, repositoryInfo=RepositoryInfo[repositoryName=shortb2a6c58b0d447045380a858075b170a5b7c6tstexc-solution, repositoryType=solution, triggeredByPushTo=solution, assignmentRepositoryUri=http://localhost:49152/git/SHORTB2A6C58B0D447045380A858075B170A5B7C6TSTEXC/shortb2a6c58b0d447045380a858075b170a5b7c6tstexc-solution.git, testRepositoryUri=http://localhost:49152/git/SHORTB2A6C58B0D447045380A858075B170A5B7C6TSTEXC/shortb2a6c58b0d447045380a858075b170a5b7c6tstexc-tests.git, solutionRepositoryUri=null, auxiliaryRepositoryUris=[Ljava.lang.String;@51408a17, auxiliaryRepositoryCheckoutDirectories=[Ljava.lang.String;@5581bdbf], jobTimingInfo=JobTimingInfo[submissionDate=2025-02-14T23:45:20.235272325Z[Etc/UTC], buildStartDate=2025-02-14T23:45:20.243033812Z[Etc/UTC], buildCompletionDate=2025-02-14T23:45:20.250721018Z[Etc/UTC], estimatedCompletionDate=2025-02-14T23:45:39.243026949Z[Etc/UTC], estimatedDuration=19], buildConfig=BuildConfig[buildScript=#!/bin/bash
cd /var/tmp/testing-dir
chmod +x ./gradlew
./gradlew clean test
, dockerImage=dummy-docker-image:latest, commitHashToBuild=c710d0e68c9c7db8cda7d1a278308de2b9642cc0, assignmentCommitHash=c710d0e68c9c7db8cda7d1a278308de2b9642cc0, testCommitHash=a5e046ece417b2e538f21f816e2524dab61e0d10, branch=main, programmingLanguage=JAVA, projectType=PLAIN_GRADLE, scaEnabled=false, sequentialTestRunsEnabled=false, resultPaths=[/var/tmp/testing-dir/**/test-results/test/*.xml], timeoutSeconds=0, assignmentCheckoutPath=null, testCheckoutPath=null, solutionCheckoutPath=null, dockerRunConfig=null], submissionResult=ResultDTO[id=630, completionDate=2025-02-14T23:45:20.250809893Z[Etc/UTC], successful=false, score=0.0, rated=true, submission=SubmissionDTO[id=823, submitted=true, type=MANUAL, exampleSubmission=null, submissionDate=2025-02-14T23:45:20.211707Z, commitHash=c710d0e68c9c7db8cda7d1a278308de2b9642cc0, buildFailed=true, buildArtifact=false, participation=ParticipationDTO[id=1978, testRun=false, type=solution, submissionCount=null, exercise=ParticipationExerciseDTO[id=2591, exerciseType=PROGRAMMING, type=programming, assessmentType=AUTOMATIC, dueDate=2025-02-16T23:45:18.950569Z, assessmentDueDate=null, maxPoints=42.0, course=CourseDTO[id=974, accuracyOfScores=1]]], submissionExerciseType=programming, isProcessing=false, buildStartDate=null, estimatedCompletionDate=null], participation=ParticipationDTO[id=1978, testRun=false, type=solution, submissionCount=null, exercise=ParticipationExerciseDTO[id=2591, exerciseType=PROGRAMMING, type=programming, assessmentType=AUTOMATIC, dueDate=2025-02-16T23:45:18.950569Z, assessmentDueDate=null, maxPoints=42.0, course=CourseDTO[id=974, accuracyOfScores=1]]], feedbacks=[], assessmentType=AUTOMATIC, hasComplaint=null, exampleResult=null, testCaseCount=0, passedTestCaseCount=0, codeIssueCount=0]], BuildJobQueueItem[id=19781739576720802, name=SHORTB2A6C58B0D447045380A858075B170A5B7C6TSTEXC-SOLUTION, buildAgent=BuildAgentDTO[name=artemis-build-agent-test, memberAddress=[127.0.0.1]:5703, displayName=artemis-build-agent-test], participationId=1978, courseId=974, exerciseId=2591, retryCount=0, priority=2, status=FAILED, repositoryInfo=RepositoryInfo[repositoryName=shortb2a6c58b0d447045380a858075b170a5b7c6tstexc-solution, repositoryType=solution, triggeredByPushTo=tests, assignmentRepositoryUri=http://localhost:49152/git/SHORTB2A6C58B0D447045380A858075B170A5B7C6TSTEXC/shortb2a6c58b0d447045380a858075b170a5b7c6tstexc-solution.git, testRepositoryUri=http://localhost:49152/git/SHORTB2A6C58B0D447045380A858075B170A5B7C6TSTEXC/shortb2a6c58b0d447045380a858075b170a5b7c6tstexc-tests.git, solutionRepositoryUri=null, auxiliaryRepositoryUris=[Ljava.lang.String;@319eda69, auxiliaryRepositoryCheckoutDirectories=[Ljava.lang.String;@2513bf34], jobTimingInfo=JobTimingInfo[submissionDate=2025-02-14T23:45:20.802935026Z[Etc/UTC], buildStartDate=2025-02-14T23:45:20.809306435Z[Etc/UTC], buildCompletionDate=2025-02-14T23:45:20.822452342Z[Etc/UTC], estimatedCompletionDate=2025-02-14T23:45:39.809298491Z[Etc/UTC], estimatedDuration=19], buildConfig=BuildConfig[buildScript=#!/bin/bash
cd /var/tmp/testing-dir
chmod +x ./gradlew
./gradlew clean test
, dockerImage=dummy-docker-image:latest, commitHashToBuild=c710d0e68c9c7db8cda7d1a278308de2b9642cc0, assignmentCommitHash=c710d0e68c9c7db8cda7d1a278308de2b9642cc0, testCommitHash=c710d0e68c9c7db8cda7d1a278308de2b9642cc0, branch=main, programmingLanguage=JAVA, projectType=PLAIN_GRADLE, scaEnabled=false, sequentialTestRunsEnabled=false, resultPaths=[/var/tmp/testing-dir/**/test-results/test/*.xml], timeoutSeconds=0, assignmentCheckoutPath=null, testCheckoutPath=null, solutionCheckoutPath=null, dockerRunConfig=null], submissionResult=ResultDTO[id=631, completionDate=2025-02-14T23:45:20.822527362Z[Etc/UTC], successful=false, score=0.0, rated=true, submission=SubmissionDTO[id=824, submitted=true, type=TEST, exampleSubmission=null, submissionDate=2025-02-14T23:45:20.791240Z, commitHash=c710d0e68c9c7db8cda7d1a278308de2b9642cc0, buildFailed=true, buildArtifact=false, participation=ParticipationDTO[id=1978, testRun=false, type=solution, submissionCount=null, exercise=ParticipationExerciseDTO[id=2591, exerciseType=PROGRAMMING, type=programming, assessmentType=AUTOMATIC, dueDate=2025-02-16T23:45:18.950569Z, assessmentDueDate=null, maxPoints=42.0, course=CourseDTO[id=974, accuracyOfScores=1]]], submissionExerciseType=programming, isProcessing=false, buildStartDate=null, estimatedCompletionDate=null], participation=ParticipationDTO[id=1978, testRun=false, type=solution, submissionCount=null, exercise=ParticipationExerciseDTO[id=2591, exerciseType=PROGRAMMING, type=programming, assessmentType=AUTOMATIC, dueDate=2025-02-16T23:45:18.950569Z, assessmentDueDate=null, maxPoints=42.0, course=CourseDTO[id=974, accuracyOfScores=1]]], feedbacks=[], assessmentType=AUTOMATIC, hasComplaint=null, exampleResult=null, testCaseCount=0, passedTestCaseCount=0, codeIssueCount=0]], BuildJobQueueItem[id=20061739576732554, name=SHORT94A899E303D7504C5D0840704DAAFA3DFF4DTSTEXC-LOCALVCCIINTINSTRUCTOR1, buildAgent=BuildAgentDTO[name=artemis-build-agent-test, memberAddress=[127.0.0.1]:5703, displayName=artemis-build-agent-test], participationId=2006, courseId=984, exerciseId=2601, retryCount=0, priority=2, status=SUCCESSFUL, repositoryInfo=RepositoryInfo[repositoryName=short94a899e303d7504c5d0840704daafa3dff4dtstexc-localvcciintinstructor1, repositoryType=user, triggeredByPushTo=user, assignmentRepositoryUri=http://localhost:49152/git/SHORT94A899E303D7504C5D0840704DAAFA3DFF4DTSTEXC/short94a899e303d7504c5d0840704daafa3dff4dtstexc-localvcciintinstructor1.git, testRepositoryUri=http://localhost:49152/git/SHORT94A899E303D7504C5D0840704DAAFA3DFF4DTSTEXC/short94a899e303d7504c5d0840704daafa3dff4dtstexc-tests.git, solutionRepositoryUri=null, auxiliaryRepositoryUris=[Ljava.lang.String;@705689b3, auxiliaryRepositoryCheckoutDirectories=[Ljava.lang.String;@28e2be43], jobTimingInfo=JobTimingInfo[submissionDate=2025-02-14T23:45:32.554795798Z[Etc/UTC], buildStartDate=2025-02-14T23:45:32.567287465Z[Etc/UTC], buildCompletionDate=2025-02-14T23:45:34.535226768Z[Etc/UTC], estimatedCompletionDate=2025-02-14T23:45:51.567257960Z[Etc/UTC], estimatedDuration=19], buildConfig=BuildConfig[buildScript=#!/bin/bash
cd /var/tmp/testing-dir
chmod +x ./gradlew
./gradlew clean test
, dockerImage=dummy-docker-image:latest, commitHashToBuild=ca2dbc0ae87edf7035058a6a17c0ea60e90a290f, assignmentCommitHash=ca2dbc0ae87edf7035058a6a17c0ea60e90a290f, testCommitHash=0207f6f98af5fbb66ad68455f3fc3cf128af8ae9, branch=main, programmingLanguage=JAVA, projectType=PLAIN_GRADLE, scaEnabled=false, sequentialTestRunsEnabled=false, resultPaths=[/var/tmp/testing-dir/**/test-results/test/*.xml], timeoutSeconds=0, assignmentCheckoutPath=null, testCheckoutPath=null, solutionCheckoutPath=null, dockerRunConfig=null], submissionResult=ResultDTO[id=632, completionDate=2025-02-14T23:45:34.504415716Z[Etc/UTC], successful=false, score=7.7, rated=false, submission=SubmissionDTO[id=826, submitted=true, type=MANUAL, exampleSubmission=null, submissionDate=2025-02-14T23:45:32.541533Z, commitHash=ca2dbc0ae87edf7035058a6a17c0ea60e90a290f, buildFailed=false, buildArtifact=false, participation=ParticipationDTO[id=2006, testRun=true, type=programming, submissionCount=null, exercise=ParticipationExerciseDTO[id=2601, exerciseType=PROGRAMMING, type=programming, assessmentType=AUTOMATIC, dueDate=2025-02-16T23:45:31.864042Z, assessmentDueDate=null, maxPoints=42.0, course=CourseDTO[id=984, accuracyOfScores=1]]], submissionExerciseType=programming, isProcessing=false, buildStartDate=null, estimatedCompletionDate=null], participation=ParticipationDTO[id=2006, testRun=true, type=programming, submissionCount=null, exercise=ParticipationExerciseDTO[id=2601, exerciseType=PROGRAMMING, type=programming, assessmentType=AUTOMATIC, dueDate=2025-02-16T23:45:31.864042Z, assessmentDueDate=null, maxPoints=42.0, course=CourseDTO[id=984, accuracyOfScores=1]]], feedbacks=[FeedbackDTO[id=920, text=null, detailText=The exercise expects a class with the name Context in the package testpackage. You did not implement the class in the exercise., hasLongFeedbackText=false, reference=null, credits=0.0, positive=false, type=AUTOMATIC, visibility=ALWAYS, testCase=TestCaseDTO[testName=null, id=1357]], FeedbackDTO[id=921, text=null, detailText=The exercise expects a class with the name Policy in the package testpackage. You did not implement the class in the exercise., hasLongFeedbackText=false, reference=null, credits=0.0, positive=false, type=AUTOMATIC, visibility=ALWAYS, testCase=TestCaseDTO[testName=null, id=1358]], FeedbackDTO[id=922, text=null, detailText=The exercise expects a class with the name SortStrategy in the package testpackage. You did not implement the class in the exercise., hasLongFeedbackText=false, reference=null, credits=0.0, positive=false, type=AUTOMATIC, visibility=ALWAYS, testCase=TestCaseDTO[testName=null, id=1359]], FeedbackDTO[id=923, text=null, detailText=The class 'MergeSort' does not implement the interface 'SortStrategy' as expected. Implement the interface and its methods., hasLongFeedbackText=false, reference=null, credits=0.0, positive=false, type=AUTOMATIC, visibility=ALWAYS, testCase=TestCaseDTO[testName=null, id=1354]], FeedbackDTO[id=924, text=null, detailText=The exercise expects a class with the name SortStrategy in the package testpackage. You did not implement the class in the exercise., hasLongFeedbackText=false, reference=null, credits=0.0, positive=false, type=AUTOMATIC, visibility=ALWAYS, testCase=TestCaseDTO[testName=null, id=1351]], FeedbackDTO[id=925, text=null, detailText=The class 'BubbleSort' does not implement the interface 'SortStrategy' as expected. Implement the interface and its methods., hasLongFeedbackText=false, reference=null, credits=0.0, positive=false, type=AUTOMATIC, visibility=ALWAYS, testCase=TestCaseDTO[testName=null, id=1355]], FeedbackDTO[id=926, text=null, detailText=MergeSort does not sort correctly, hasLongFeedbackText=false, reference=null, credits=0.0, positive=false, type=AUTOMATIC, visibility=ALWAYS, testCase=TestCaseDTO[testName=null, id=1360]], FeedbackDTO[id=927, text=null, detailText=The class 'Context' was not found within the submission. Make sure to implement it properly., hasLongFeedbackText=false, reference=null, credits=0.0, positive=false, type=AUTOMATIC, visibility=ALWAYS, testCase=TestCaseDTO[testName=null, id=1361]], FeedbackDTO[id=928, text=null, detailText=The class 'Context' was not found within the submission. Make sure to implement it properly., hasLongFeedbackText=false, reference=null, credits=0.0, positive=false, type=AUTOMATIC, visibility=ALWAYS, testCase=TestCaseDTO[testName=null, id=1362]], FeedbackDTO[id=929, text=null, detailText=The exercise expects a class with the name Policy in the package testpackage. You did not implement the class in the exercise., hasLongFeedbackText=false, reference=null, credits=0.0, positive=false, type=AUTOMATIC, visibility=ALWAYS, testCase=TestCaseDTO[testName=null, id=1356]], FeedbackDTO[id=930, text=null, detailText=The exercise expects a class with the name Context in the package testpackage. You did not implement the class in the exercise., hasLongFeedbackText=false, reference=null, credits=0.0, positive=false, type=AUTOMATIC, visibility=ALWAYS, testCase=TestCaseDTO[testName=null, id=1352]], FeedbackDTO[id=931, text=null, detailText=The exercise expects a class with the name Policy in the package testpackage. You did not implement the class in the exercise., hasLongFeedbackText=false, reference=null, credits=0.0, positive=false, type=AUTOMATIC, visibility=ALWAYS, testCase=TestCaseDTO[testName=null, id=1353]], FeedbackDTO[id=932, text=null, detailText=null, hasLongFeedbackText=false, reference=null, credits=3.230769230769231, positive=true, type=AUTOMATIC, visibility=ALWAYS, testCase=TestCaseDTO[testName=null, id=1363]]], assessmentType=AUTOMATIC, hasComplaint=null, exampleResult=null, testCaseCount=13, passedTestCaseCount=1, codeIssueCount=0]], BuildJobQueueItem[id=20111739576737317, name=SHORTD49A6DAE04F9E049850BD5601663FD17A5B7TSTEXC-BASE, buildAgent=BuildAgentDTO[name=artemis-build-agent-test, memberAddress=[127.0.0.1]:5703, displayName=artemis-build-agent-test], participationId=2011, courseId=986, exerciseId=2603, retryCount=0, priority=2, status=SUCCESSFUL, repositoryInfo=RepositoryInfo[repositoryName=shortd49a6dae04f9e049850bd5601663fd17a5b7tstexc-exercise, repositoryType=exercise, triggeredByPushTo=exercise, assignmentRepositoryUri=http://localhost:49152/git/SHORTD49A6DAE04F9E049850BD5601663FD17A5B7TSTEXC/shortd49a6dae04f9e049850bd5601663fd17a5b7tstexc-exercise.git, testRepositoryUri=http://localhost:49152/git/SHORTD49A6DAE04F9E049850BD5601663FD17A5B7TSTEXC/shortd49a6dae04f9e049850bd5601663fd17a5b7tstexc-tests.git, solutionRepositoryUri=null, auxiliaryRepositoryUris=[Ljava.lang.String;@6f6864a4, auxiliaryRepositoryCheckoutDirectories=[Ljava.lang.String;@57ba8c62], jobTimingInfo=JobTimingInfo[submissionDate=2025-02-14T23:45:37.317968648Z[Etc/UTC], buildStartDate=2025-02-14T23:45:37.324534774Z[Etc/UTC], buildCompletionDate=2025-02-14T23:45:38.527225461Z[Etc/UTC], estimatedCompletionDate=2025-02-14T23:45:56.324506331Z[Etc/UTC], estimatedDuration=19], buildConfig=BuildConfig[buildScript=#!/bin/bash
cd /var/tmp/testing-dir
chmod +x ./gradlew
./gradlew clean test
, dockerImage=dummy-docker-image:latest, commitHashToBuild=c795243c185829bbefa399f45dcbcfac22311b2f, assignmentCommitHash=c795243c185829bbefa399f45dcbcfac22311b2f, testCommitHash=fa8b162170bf767d852e05e0eb7a128efa2e1f34, branch=main, programmingLanguage=JAVA, projectType=PLAIN_GRADLE, scaEnabled=false, sequentialTestRunsEnabled=false, resultPaths=[/var/tmp/testing-dir/**/test-results/test/*.xml], timeoutSeconds=0, assignmentCheckoutPath=null, testCheckoutPath=null, solutionCheckoutPath=null, dockerRunConfig=null], submissionResult=ResultDTO[id=633, completionDate=2025-02-14T23:45:38.476795726Z[Etc/UTC], successful=false, score=0.0, rated=true, submission=SubmissionDTO[id=827, submitted=true, type=MANUAL, exampleSubmission=null, submissionDate=2025-02-14T23:45:37.303401Z, commitHash=c795243c185829bbefa399f45dcbcfac22311b2f, buildFailed=false, buildArtifact=false, participation=ParticipationDTO[id=2011, testRun=false, type=template, submissionCount=null, exercise=ParticipationExerciseDTO[id=2603, exerciseType=PROGRAMMING, type=programming, assessmentType=AUTOMATIC, dueDate=2025-02-16T23:45:36.830269Z, assessmentDueDate=null, maxPoints=42.0, course=CourseDTO[id=986, accuracyOfScores=1]]], submissionExerciseType=programming, isProcessing=false, buildStartDate=null, estimatedCompletionDate=null], participation=ParticipationDTO[id=2011, testRun=false, type=template, submissionCount=null, exercise=ParticipationExerciseDTO[id=2603, exerciseType=PROGRAMMING, type=programming, assessmentType=AUTOMATIC, dueDate=2025-02-16T23:45:36.830269Z, assessmentDueDate=null, maxPoints=42.0, course=CourseDTO[id=986, accuracyOfScores=1]]], feedbacks=[FeedbackDTO[id=933, text=null, detailText=The exercise expects a class with the name Context in the package testpackage. You did not implement the class in the exercise., hasLongFeedbackText=false, reference=null, credits=0.0, positive=false, type=AUTOMATIC, visibility=ALWAYS, testCase=TestCaseDTO[testName=testMethods[Context], id=1383]], FeedbackDTO[id=934, text=null, detailText=The exercise expects a class with the name Policy in the package testpackage. You did not implement the class in the exercise., hasLongFeedbackText=false, reference=null, credits=0.0, positive=false, type=AUTOMATIC, visibility=ALWAYS, testCase=TestCaseDTO[testName=testMethods[Policy], id=1384]], FeedbackDTO[id=935, text=null, detailText=The exercise expects a class with the name SortStrategy in the package testpackage. You did not implement the class in the exercise., hasLongFeedbackText=false, reference=null, credits=0.0, positive=false, type=AUTOMATIC, visibility=ALWAYS, testCase=TestCaseDTO[testName=testMethods[SortStrategy], id=1385]], FeedbackDTO[id=936, text=null, detailText=The class 'MergeSort' does not implement the interface 'SortStrategy' as expected. Implement the interface and its methods., hasLongFeedbackText=false, reference=null, credits=0.0, positive=false, type=AUTOMATIC, visibility=ALWAYS, testCase=TestCaseDTO[testName=testClass[MergeSort], id=1380]], FeedbackDTO[id=937, text=null, detailText=The exercise expects a class with the name SortStrategy in the package testpackage. You did not implement the class in the exercise., hasLongFeedbackText=false, reference=null, credits=0.0, positive=false, type=AUTOMATIC, visibility=ALWAYS, testCase=TestCaseDTO[testName=testClass[SortStrategy], id=1377]], FeedbackDTO[id=938, text=null, detailText=The class 'BubbleSort' does not implement the interface 'SortStrategy' as expected. Implement the interface and its methods., hasLongFeedbackText=false, reference=null, credits=0.0, positive=false, type=AUTOMATIC, visibility=ALWAYS, testCase=TestCaseDTO[testName=testClass[BubbleSort], id=1381]], FeedbackDTO[id=939, text=null, detailText=MergeSort does not sort correctly, hasLongFeedbackText=false, reference=null, credits=0.0, positive=false, type=AUTOMATIC, visibility=ALWAYS, testCase=TestCaseDTO[testName=testMergeSort(), id=1386]], FeedbackDTO[id=940, text=null, detailText=The class 'Context' was not found within the submission. Make sure to implement it properly., hasLongFeedbackText=false, reference=null, credits=0.0, positive=false, type=AUTOMATIC, visibility=ALWAYS, testCase=TestCaseDTO[testName=testUseBubbleSortForSmallList(), id=1387]], FeedbackDTO[id=941, text=null, detailText=BubbleSort does not sort correctly, hasLongFeedbackText=false, reference=null, credits=0.0, positive=false, type=AUTOMATIC, visibility=ALWAYS, testCase=TestCaseDTO[testName=testBubbleSort(), id=1389]], FeedbackDTO[id=942, text=null, detailText=The class 'Context' was not found within the submission. Make sure to implement it properly., hasLongFeedbackText=false, reference=null, credits=0.0, positive=false, type=AUTOMATIC, visibility=ALWAYS, testCase=TestCaseDTO[testName=testUseMergeSortForBigList(), id=1388]], FeedbackDTO[id=943, text=null, detailText=The exercise expects a class with the name Policy in the package testpackage. You did not implement the class in the exercise., hasLongFeedbackText=false, reference=null, credits=0.0, positive=false, type=AUTOMATIC, visibility=ALWAYS, testCase=TestCaseDTO[testName=testConstructors[Policy], id=1382]], FeedbackDTO[id=944, text=null, detailText=The exercise expects a class with the name Context in the package testpackage. You did not implement the class in the exercise., hasLongFeedbackText=false, reference=null, credits=0.0, positive=false, type=AUTOMATIC, visibility=ALWAYS, testCase=TestCaseDTO[testName=testAttributes[Context], id=1378]], FeedbackDTO[id=945, text=null, detailText=The exercise expects a class with the name Policy in the package testpackage. You did not implement the class in the exercise., hasLongFeedbackText=false, reference=null, credits=0.0, positive=false, type=AUTOMATIC, visibility=ALWAYS, testCase=TestCaseDTO[testName=testAttributes[Policy], id=1379]]], assessmentType=AUTOMATIC, hasComplaint=null, exampleResult=null, testCaseCount=13, passedTestCaseCount=0, codeIssueCount=0]], BuildJobQueueItem[id=20171739576740018, name=SHORT7914AFA00ADC3047140B99D01AC07810CE44TSTEXC-LOCALVCCIINTSTUDENT1, buildAgent=BuildAgentDTO[name=artemis-build-agent-test, memberAddress=[127.0.0.1]:5703, displayName=artemis-build-agent-test], participationId=2017, courseId=988, exerciseId=2605, retryCount=0, priority=2, status=SUCCESSFUL, repositoryInfo=RepositoryInfo[repositoryName=short7914afa00adc3047140b99d01ac07810ce44tstexc-practice-localvcciintstudent1, repositoryType=user, triggeredByPushTo=user, assignmentRepositoryUri=http://localhost:49152/git/SHORT7914AFA00ADC3047140B99D01AC07810CE44TSTEXC/short7914afa00adc3047140b99d01ac07810ce44tstexc-practice-localvcciintstudent1.git, testRepositoryUri=http://localhost:49152/git/SHORT7914AFA00ADC3047140B99D01AC07810CE44TSTEXC/short7914afa00adc3047140b99d01ac07810ce44tstexc-tests.git, solutionRepositoryUri=null, auxiliaryRepositoryUris=[Ljava.lang.String;@13e59c37, auxiliaryRepositoryCheckoutDirectories=[Ljava.lang.String;@2ec838ae], jobTimingInfo=JobTimingInfo[submissionDate=2025-02-14T23:45:40.018961253Z[Etc/UTC], buildStartDate=2025-02-14T23:45:40.029742701Z[Etc/UTC], buildCompletionDate=2025-02-14T23:45:41.150208242Z[Etc/UTC], estimatedCompletionDate=2025-02-14T23:45:59.029734065Z[Etc/UTC], estimatedDuration=19], buildConfig=BuildConfig[buildScript=#!/bin/bash
cd /var/tmp/testing-dir
chmod +x ./gradlew
./gradlew clean test
, dockerImage=dummy-docker-image:latest, commitHashToBuild=d80b57877989b971e83ccdb4863c8a7023c76266, assignmentCommitHash=d80b57877989b971e83ccdb4863c8a7023c76266, testCommitHash=327b116890c92b1312314341f43f21ef13ecf7d7, branch=main, programmingLanguage=JAVA, projectType=PLAIN_GRADLE, scaEnabled=false, sequentialTestRunsEnabled=false, resultPaths=[/var/tmp/testing-dir/**/test-results/test/*.xml], timeoutSeconds=0, assignmentCheckoutPath=null, testCheckoutPath=null, solutionCheckoutPath=null, dockerRunConfig=null], submissionResult=ResultDTO[id=634, completionDate=2025-02-14T23:45:41.120192603Z[Etc/UTC], successful=false, score=7.7, rated=false, submission=SubmissionDTO[id=828, submitted=true, type=MANUAL, exampleSubmission=null, submissionDate=2025-02-14T23:45:40.008666Z, commitHash=d80b57877989b971e83ccdb4863c8a7023c76266, buildFailed=false, buildArtifact=false, participation=ParticipationDTO[id=2017, testRun=true, type=programming, submissionCount=null, exercise=ParticipationExerciseDTO[id=2605, exerciseType=PROGRAMMING, type=programming, assessmentType=AUTOMATIC, dueDate=2025-02-16T23:45:39.523500Z, assessmentDueDate=null, maxPoints=42.0, course=CourseDTO[id=988, accuracyOfScores=1]]], submissionExerciseType=programming, isProcessing=false, buildStartDate=null, estimatedCompletionDate=null], participation=ParticipationDTO[id=2017, testRun=true, type=programming, submissionCount=null, exercise=ParticipationExerciseDTO[id=2605, exerciseType=PROGRAMMING, type=programming, assessmentType=AUTOMATIC, dueDate=2025-02-16T23:45:39.523500Z, assessmentDueDate=null, maxPoints=42.0, course=CourseDTO[id=988, accuracyOfScores=1]]], feedbacks=[FeedbackDTO[id=946, text=null, detailText=The exercise expects a class with the name Context in the package testpackage. You did not implement the class in the exercise., hasLongFeedbackText=false, reference=null, credits=0.0, positive=false, type=AUTOMATIC, visibility=ALWAYS, testCase=TestCaseDTO[testName=null, id=1409]], FeedbackDTO[id=947, text=null, detailText=The exercise expects a class with the name Policy in the package testpackage. You did not implement the class in the exercise., hasLongFeedbackText=false, reference=null, credits=0.0, positive=false, type=AUTOMATIC, visibility=ALWAYS, testCase=TestCaseDTO[testName=null, id=1410]], FeedbackDTO[id=948, text=null, detailText=The exercise expects a class with the name SortStrategy in the package testpackage. You did not implement the class in the exercise., hasLongFeedbackText=false, reference=null, credits=0.0, positive=false, type=AUTOMATIC, visibility=ALWAYS, testCase=TestCaseDTO[testName=null, id=1411]], FeedbackDTO[id=949, text=null, detailText=The class 'MergeSort' does not implement the interface 'SortStrategy' as expected. Implement the interface and its methods., hasLongFeedbackText=false, reference=null, credits=0.0, positive=false, type=AUTOMATIC, visibility=ALWAYS, testCase=TestCaseDTO[testName=null, id=1406]], FeedbackDTO[id=950, text=null, detailText=The exercise expects a class with the name SortStrategy in the package testpackage. You did not implement the class in the exercise., hasLongFeedbackText=false, reference=null, credits=0.0, positive=false, type=AUTOMATIC, visibility=ALWAYS, testCase=TestCaseDTO[testName=null, id=1403]], FeedbackDTO[id=951, text=null, detailText=The class 'BubbleSort' does not implement the interface 'SortStrategy' as expected. Implement the interface and its methods., hasLongFeedbackText=false, reference=null, credits=0.0, positive=false, type=AUTOMATIC, visibility=ALWAYS, testCase=TestCaseDTO[testName=null, id=1407]], FeedbackDTO[id=952, text=null, detailText=MergeSort does not sort correctly, hasLongFeedbackText=false, reference=null, credits=0.0, positive=false, type=AUTOMATIC, visibility=ALWAYS, testCase=TestCaseDTO[testName=null, id=1412]], FeedbackDTO[id=953, text=null, detailText=The class 'Context' was not found within the submission. Make sure to implement it properly., hasLongFeedbackText=false, reference=null, credits=0.0, positive=false, type=AUTOMATIC, visibility=ALWAYS, testCase=TestCaseDTO[testName=null, id=1413]], FeedbackDTO[id=954, text=null, detailText=The class 'Context' was not found within the submission. Make sure to implement it properly., hasLongFeedbackText=false, reference=null, credits=0.0, positive=false, type=AUTOMATIC, visibility=ALWAYS, testCase=TestCaseDTO[testName=null, id=1414]], FeedbackDTO[id=955, text=null, detailText=The exercise expects a class with the name Policy in the package testpackage. You did not implement the class in the exercise., hasLongFeedbackText=false, reference=null, credits=0.0, positive=false, type=AUTOMATIC, visibility=ALWAYS, testCase=TestCaseDTO[testName=null, id=1408]], FeedbackDTO[id=956, text=null, detailText=The exercise expects a class with the name Context in the package testpackage. You did not implement the class in the exercise., hasLongFeedbackText=false, reference=null, credits=0.0, positive=false, type=AUTOMATIC, visibility=ALWAYS, testCase=TestCaseDTO[testName=null, id=1404]], FeedbackDTO[id=957, text=null, detailText=The exercise expects a class with the name Policy in the package testpackage. You did not implement the class in the exercise., hasLongFeedbackText=false, reference=null, credits=0.0, positive=false, type=AUTOMATIC, visibility=ALWAYS, testCase=TestCaseDTO[testName=null, id=1405]], FeedbackDTO[id=958, text=null, detailText=null, hasLongFeedbackText=false, reference=null, credits=3.230769230769231, positive=true, type=AUTOMATIC, visibility=ALWAYS, testCase=TestCaseDTO[testName=null, id=1415]]], assessmentType=AUTOMATIC, hasComplaint=null, exampleResult=null, testCaseCount=13, passedTestCaseCount=1, codeIssueCount=0]], BuildJobQueueItem[id=20261739576743984, name=SHORT53C73BE505404043100AC2F00C039353CE8FTSTEXC-LOCALVCCIINTSTUDENT1, buildAgent=BuildAgentDTO[name=artemis-build-agent-test, memberAddress=[127.0.0.1]:5703, displayName=artemis-build-agent-test], participationId=2026, courseId=991, exerciseId=2608, retryCount=0, priority=1, status=SUCCESSFUL, repositoryInfo=RepositoryInfo[repositoryName=short53c73be505404043100ac2f00c039353ce8ftstexc-localvcciintstudent1, repositoryType=user, triggeredByPushTo=user, assignmentRepositoryUri=http://localhost:49152/git/SHORT53C73BE505404043100AC2F00C039353CE8FTSTEXC/short53c73be505404043100ac2f00c039353ce8ftstexc-localvcciintstudent1.git, testRepositoryUri=http://localhost:49152/git/SHORT53C73BE505404043100AC2F00C039353CE8FTSTEXC/short53c73be505404043100ac2f00c039353ce8ftstexc-tests.git, solutionRepositoryUri=null, auxiliaryRepositoryUris=[Ljava.lang.String;@2292497, auxiliaryRepositoryCheckoutDirectories=[Ljava.lang.String;@1f3612c], jobTimingInfo=JobTimingInfo[submissionDate=2025-02-14T23:45:43.984518859Z[Etc/UTC], buildStartDate=2025-02-14T23:45:43.991385682Z[Etc/UTC], buildCompletionDate=2025-02-14T23:45:44.982059928Z[Etc/UTC], estimatedCompletionDate=2025-02-14T23:46:02.991380122Z[Etc/UTC], estimatedDuration=19], buildConfig=BuildConfig[buildScript=#!/bin/bash
cd /var/tmp/testing-dir
chmod +x ./gradlew
./gradlew clean test
, dockerImage=dummy-docker-image:latest, commitHashToBuild=3e90ae9fef2e44ffb41451a080bdaa6a44ad6848, assignmentCommitHash=3e90ae9fef2e44ffb41451a080bdaa6a44ad6848, testCommitHash=0582754c87aae13e640312855ce7dbe490ecb50c, branch=main, programmingLanguage=JAVA, projectType=PLAIN_GRADLE, scaEnabled=false, sequentialTestRunsEnabled=false, resultPaths=[/var/tmp/testing-dir/**/test-results/test/*.xml], timeoutSeconds=0, assignmentCheckoutPath=null, testCheckoutPath=null, solutionCheckoutPath=null, dockerRunConfig=null], submissionResult=ResultDTO[id=635, completionDate=2025-02-14T23:45:44.961313737Z[Etc/UTC], successful=false, score=7.7, rated=true, submission=SubmissionDTO[id=829, submitted=true, type=MANUAL, exampleSubmission=null, submissionDate=2025-02-14T23:45:43.967766Z, commitHash=3e90ae9fef2e44ffb41451a080bdaa6a44ad6848, buildFailed=false, buildArtifact=false, participation=ParticipationDTO[id=2026, testRun=false, type=programming, submissionCount=null, exercise=ParticipationExerciseDTO[id=2608, exerciseType=PROGRAMMING, type=programming, assessmentType=AUTOMATIC, dueDate=2025-02-16T23:45:43.597978Z, assessmentDueDate=null, maxPoints=42.0, course=CourseDTO[id=991, accuracyOfScores=1]]], submissionExerciseType=programming, isProcessing=false, buildStartDate=null, estimatedCompletionDate=null], participation=ParticipationDTO[id=2026, testRun=false, type=programming, submissionCount=null, exercise=ParticipationExerciseDTO[id=2608, exerciseType=PROGRAMMING, type=programming, assessmentType=AUTOMATIC, dueDate=2025-02-16T23:45:43.597978Z, assessmentDueDate=null, maxPoints=42.0, course=CourseDTO[id=991, accuracyOfScores=1]]], feedbacks=[FeedbackDTO[id=959, text=null, detailText=The exercise expects a class with the name Context in the package testpackage. You did not implement the class in the exercise., hasLongFeedbackText=false, reference=null, credits=0.0, positive=false, type=AUTOMATIC, visibility=ALWAYS, testCase=TestCaseDTO[testName=null, id=1448]], FeedbackDTO[id=960, text=null, detailText=The exercise expects a class with the name Policy in the package testpackage. You did not implement the class in the exercise., hasLongFeedbackText=false, reference=null, credits=0.0, positive=false, type=AUTOMATIC, visibility=ALWAYS, testCase=TestCaseDTO[testName=null, id=1449]], FeedbackDTO[id=961, text=null, detailText=The exercise expects a class with the name SortStrategy in the package testpackage. You did not implement the class in the exercise., hasLongFeedbackText=false, reference=null, credits=0.0, positive=false, type=AUTOMATIC, visibility=ALWAYS, testCase=TestCaseDTO[testName=null, id=1450]], FeedbackDTO[id=962, text=null, detailText=The class 'MergeSort' does not implement the interface 'SortStrategy' as expected. Implement the interface and its methods., hasLongFeedbackText=false, reference=null, credits=0.0, positive=false, type=AUTOMATIC, visibility=ALWAYS, testCase=TestCaseDTO[testName=null, id=1445]], FeedbackDTO[id=963, text=null, detailText=The exercise expects a class with the name SortStrategy in the package testpackage. You did not implement the class in the exercise., hasLongFeedbackText=false, reference=null, credits=0.0, positive=false, type=AUTOMATIC, visibility=ALWAYS, testCase=TestCaseDTO[testName=null, id=1442]], FeedbackDTO[id=964, text=null, detailText=The class 'BubbleSort' does not implement the interface 'SortStrategy' as expected. Implement the interface and its methods., hasLongFeedbackText=false, reference=null, credits=0.0, positive=false, type=AUTOMATIC, visibility=ALWAYS, testCase=TestCaseDTO[testName=null, id=1446]], FeedbackDTO[id=965, text=null, detailText=MergeSort does not sort correctly, hasLongFeedbackText=false, reference=null, credits=0.0, positive=false, type=AUTOMATIC, visibility=ALWAYS, testCase=TestCaseDTO[testName=null, id=1451]], FeedbackDTO[id=966, text=null, detailText=The class 'Context' was not found within the submission. Make sure to implement it properly., hasLongFeedbackText=false, reference=null, credits=0.0, positive=false, type=AUTOMATIC, visibility=ALWAYS, testCase=TestCaseDTO[testName=null, id=1452]], FeedbackDTO[id=967, text=null, detailText=The class 'Context' was not found within the submission. Make sure to implement it properly., hasLongFeedbackText=false, reference=null, credits=0.0, positive=false, type=AUTOMATIC, visibility=ALWAYS, testCase=TestCaseDTO[testName=null, id=1453]], FeedbackDTO[id=968, text=null, detailText=The exercise expects a class with the name Policy in the package testpackage. You did not implement the class in the exercise., hasLongFeedbackText=false, reference=null, credits=0.0, positive=false, type=AUTOMATIC, visibility=ALWAYS, testCase=TestCaseDTO[testName=null, id=1447]], FeedbackDTO[id=969, text=null, detailText=The exercise expects a class with the name Context in the package testpackage. You did not implement the class in the exercise., hasLongFeedbackText=false, reference=null, credits=0.0, positive=false, type=AUTOMATIC, visibility=ALWAYS, testCase=TestCaseDTO[testName=null, id=1443]], FeedbackDTO[id=970, text=null, detailText=The exercise expects a class with the name Policy in the package testpackage. You did not implement the class in the exercise., hasLongFeedbackText=false, reference=null, credits=0.0, positive=false, type=AUTOMATIC, visibility=ALWAYS, testCase=TestCaseDTO[testName=null, id=1444]], FeedbackDTO[id=971, text=null, detailText=null, hasLongFeedbackText=false, reference=null, credits=3.230769230769231, positive=true, type=AUTOMATIC, visibility=ALWAYS, testCase=TestCaseDTO[testName=null, id=1454]]], assessmentType=AUTOMATIC, hasComplaint=null, exampleResult=null, testCaseCount=13, passedTestCaseCount=1, codeIssueCount=0]], BuildJobQueueItem[id=20271739576746886, name=SHORT0FC863930E92904248098A506171F81CF6CFTSTEXC-SOLUTION, buildAgent=BuildAgentDTO[name=artemis-build-agent-test, memberAddress=[127.0.0.1]:5703, displayName=artemis-build-agent-test], participationId=2027, courseId=992, exerciseId=2609, retryCount=0, priority=2, status=SUCCESSFUL, repositoryInfo=RepositoryInfo[repositoryName=short0fc863930e92904248098a506171f81cf6cftstexc-solution, repositoryType=solution, triggeredByPushTo=auxiliary, assignmentRepositoryUri=http://localhost:49152/git/SHORT0FC863930E92904248098A506171F81CF6CFTSTEXC/short0fc863930e92904248098a506171f81cf6cftstexc-solution.git, testRepositoryUri=http://localhost:49152/git/SHORT0FC863930E92904248098A506171F81CF6CFTSTEXC/short0fc863930e92904248098a506171f81cf6cftstexc-tests.git, solutionRepositoryUri=null, auxiliaryRepositoryUris=[Ljava.lang.String;@3e484101, auxiliaryRepositoryCheckoutDirectories=[Ljava.lang.String;@51aa132e], jobTimingInfo=JobTimingInfo[submissionDate=2025-02-14T23:45:46.886984066Z[Etc/UTC], buildStartDate=2025-02-14T23:45:46.897709578Z[Etc/UTC], buildCompletionDate=2025-02-14T23:45:48.628460156Z[Etc/UTC], estimatedCompletionDate=2025-02-14T23:46:05.897701272Z[Etc/UTC], estimatedDuration=19], buildConfig=BuildConfig[buildScript=#!/bin/bash
cd /var/tmp/testing-dir
chmod +x ./gradlew
./gradlew clean test
, dockerImage=dummy-docker-image:latest, commitHashToBuild=null, assignmentCommitHash=115a2e943bee242fdad360b50d8ad5f30792577e, testCommitHash=9b3a9bd71a0d80e5bbc42204c319ed3d1d4f0d6d, branch=main, programmingLanguage=JAVA, projectType=PLAIN_GRADLE, scaEnabled=false, sequentialTestRunsEnabled=false, resultPaths=[/var/tmp/testing-dir/**/test-results/test/*.xml], timeoutSeconds=0, assignmentCheckoutPath=null, testCheckoutPath=null, solutionCheckoutPath=null, dockerRunConfig=null], submissionResult=ResultDTO[id=636, completionDate=2025-02-14T23:45:48.593370968Z[Etc/UTC], successful=true, score=100.0, rated=true, submission=SubmissionDTO[id=830, submitted=true, type=TEST, exampleSubmission=null, submissionDate=2025-02-14T23:45:46.873671Z, commitHash=9b3a9bd71a0d80e5bbc42204c319ed3d1d4f0d6d, buildFailed=false, buildArtifact=false, participation=ParticipationDTO[id=2027, testRun=false, type=solution, submissionCount=null, exercise=ParticipationExerciseDTO[id=2609, exerciseType=PROGRAMMING, type=programming, assessmentType=AUTOMATIC, dueDate=2025-02-16T23:45:46.386304Z, assessmentDueDate=null, maxPoints=42.0, course=CourseDTO[id=992, accuracyOfScores=1]]], submissionExerciseType=programming, isProcessing=false, buildStartDate=null, estimatedCompletionDate=null], participation=ParticipationDTO[id=2027, testRun=false, type=solution, submissionCount=null, exercise=ParticipationExerciseDTO[id=2609, exerciseType=PROGRAMMING, type=programming, assessmentType=AUTOMATIC, dueDate=2025-02-16T23:45:46.386304Z, assessmentDueDate=null, maxPoints=42.0, course=CourseDTO[id=992, accuracyOfScores=1]]], feedbacks=[FeedbackDTO[id=972, text=null, detailText=null, hasLongFeedbackText=false, reference=null, credits=3.230769230769231, positive=true, type=AUTOMATIC, visibility=ALWAYS, testCase=TestCaseDTO[testName=testMethods[Context], id=1461]], FeedbackDTO[id=973, text=null, detailText=null, hasLongFeedbackText=false, reference=null, credits=3.230769230769231, positive=true, type=AUTOMATIC, visibility=ALWAYS, testCase=TestCaseDTO[testName=testMethods[Policy], id=1462]], FeedbackDTO[id=974, text=null, detailText=null, hasLongFeedbackText=false, reference=null, credits=3.230769230769231, positive=true, type=AUTOMATIC, visibility=ALWAYS, testCase=TestCaseDTO[testName=testMethods[SortStrategy], id=1463]], FeedbackDTO[id=975, text=null, detailText=null, hasLongFeedbackText=false, reference=null, credits=3.230769230769231, positive=true, type=AUTOMATIC, visibility=ALWAYS, testCase=TestCaseDTO[testName=testClass[MergeSort], id=1458]], FeedbackDTO[id=976, text=null, detailText=null, hasLongFeedbackText=false, reference=null, credits=3.230769230769231, positive=true, type=AUTOMATIC, visibility=ALWAYS, testCase=TestCaseDTO[testName=testClass[SortStrategy], id=1455]], FeedbackDTO[id=977, text=null, detailText=null, hasLongFeedbackText=false, reference=null, credits=3.230769230769231, positive=true, type=AUTOMATIC, visibility=ALWAYS, testCase=TestCaseDTO[testName=testClass[BubbleSort], id=1459]], FeedbackDTO[id=978, text=null, detailText=null, hasLongFeedbackText=false, reference=null, credits=3.230769230769231, positive=true, type=AUTOMATIC, visibility=ALWAYS, testCase=TestCaseDTO[testName=testMergeSort(), id=1464]], FeedbackDTO[id=979, text=null, detailText=null, hasLongFeedbackText=false, reference=null, credits=3.230769230769231, positive=true, type=AUTOMATIC, visibility=ALWAYS, testCase=TestCaseDTO[testName=testUseBubbleSortForSmallList(), id=1465]], FeedbackDTO[id=980, text=null, detailText=null, hasLongFeedbackText=false, reference=null, credits=3.230769230769231, positive=true, type=AUTOMATIC, visibility=ALWAYS, testCase=TestCaseDTO[testName=testBubbleSort(), id=1467]], FeedbackDTO[id=981, text=null, detailText=null, hasLongFeedbackText=false, reference=null, credits=3.230769230769231, positive=true, type=AUTOMATIC, visibility=ALWAYS, testCase=TestCaseDTO[testName=testUseMergeSortForBigList(), id=1466]], FeedbackDTO[id=982, text=null, detailText=null, hasLongFeedbackText=false, reference=null, credits=3.230769230769231, positive=true, type=AUTOMATIC, visibility=ALWAYS, testCase=TestCaseDTO[testName=testConstructors[Policy], id=1460]], FeedbackDTO[id=983, text=null, detailText=null, hasLongFeedbackText=false, reference=null, credits=3.230769230769231, positive=true, type=AUTOMATIC, visibility=ALWAYS, testCase=TestCaseDTO[testName=testAttributes[Context], id=1456]], FeedbackDTO[id=984, text=null, detailText=null, hasLongFeedbackText=false, reference=null, credits=3.230769230769231, positive=true, type=AUTOMATIC, visibility=ALWAYS, testCase=TestCaseDTO[testName=testAttributes[Policy], id=1457]]], assessmentType=AUTOMATIC, hasComplaint=null, exampleResult=null, testCaseCount=13, passedTestCaseCount=13, codeIssueCount=0]], BuildJobQueueItem[id=20281739576748768, name=SHORT0FC863930E92904248098A506171F81CF6CFTSTEXC-BASE, buildAgent=BuildAgentDTO[name=artemis-build-agent-test, memberAddress=[127.0.0.1]:5703, displayName=artemis-build-agent-test], participationId=2028, courseId=992, exerciseId=2609, retryCount=0, priority=2, status=SUCCESSFUL, repositoryInfo=RepositoryInfo[repositoryName=short0fc863930e92904248098a506171f81cf6cftstexc-exercise, repositoryType=exercise, triggeredByPushTo=auxiliary, assignmentRepositoryUri=http://localhost:49152/git/SHORT0FC863930E92904248098A506171F81CF6CFTSTEXC/short0fc863930e92904248098a506171f81cf6cftstexc-exercise.git, testRepositoryUri=http://localhost:49152/git/SHORT0FC863930E92904248098A506171F81CF6CFTSTEXC/short0fc863930e92904248098a506171f81cf6cftstexc-tests.git, solutionRepositoryUri=null, auxiliaryRepositoryUris=[Ljava.lang.String;@1aec8810, auxiliaryRepositoryCheckoutDirectories=[Ljava.lang.String;@8c7060], jobTimingInfo=JobTimingInfo[submissionDate=2025-02-14T23:45:48.768063548Z[Etc/UTC], buildStartDate=2025-02-14T23:45:48.802531989Z[Etc/UTC], buildCompletionDate=2025-02-14T23:45:50.482681367Z[Etc/UTC], estimatedCompletionDate=2025-02-14T23:45:50.802523092Z[Etc/UTC], estimatedDuration=2], buildConfig=BuildConfig[buildScript=#!/bin/bash
cd /var/tmp/testing-dir
chmod +x ./gradlew
./gradlew clean test
, dockerImage=dummy-docker-image:latest, commitHashToBuild=9b3a9bd71a0d80e5bbc42204c319ed3d1d4f0d6d, assignmentCommitHash=115a2e943bee242fdad360b50d8ad5f30792577e, testCommitHash=9b3a9bd71a0d80e5bbc42204c319ed3d1d4f0d6d, branch=main, programmingLanguage=JAVA, projectType=PLAIN_GRADLE, scaEnabled=false, sequentialTestRunsEnabled=false, resultPaths=[/var/tmp/testing-dir/**/test-results/test/*.xml], timeoutSeconds=0, assignmentCheckoutPath=null, testCheckoutPath=null, solutionCheckoutPath=null, dockerRunConfig=null], submissionResult=ResultDTO[id=637, completionDate=2025-02-14T23:45:50.449084694Z[Etc/UTC], successful=false, score=0.0, rated=true, submission=SubmissionDTO[id=831, submitted=true, type=TEST, exampleSubmission=null, submissionDate=2025-02-14T23:45:48.761177Z, commitHash=9b3a9bd71a0d80e5bbc42204c319ed3d1d4f0d6d, buildFailed=false, buildArtifact=false, participation=ParticipationDTO[id=2028, testRun=false, type=template, submissionCount=null, exercise=ParticipationExerciseDTO[id=2609, exerciseType=PROGRAMMING, type=programming, assessmentType=AUTOMATIC, dueDate=2025-02-16T23:45:46.386304Z, assessmentDueDate=null, maxPoints=42.0, course=CourseDTO[id=992, accuracyOfScores=1]]], submissionExerciseType=programming, isProcessing=false, buildStartDate=null, estimatedCompletionDate=null], participation=ParticipationDTO[id=2028, testRun=false, type=template, submissionCount=null, exercise=ParticipationExerciseDTO[id=2609, exerciseType=PROGRAMMING, type=programming, assessmentType=AUTOMATIC, dueDate=2025-02-16T23:45:46.386304Z, assessmentDueDate=null, maxPoints=42.0, course=CourseDTO[id=992, accuracyOfScores=1]]], feedbacks=[FeedbackDTO[id=985, text=null, detailText=The exercise expects a class with the name Context in the package testpackage. You did not implement the class in the exercise., hasLongFeedbackText=false, reference=null, credits=0.0, positive=false, type=AUTOMATIC, visibility=ALWAYS, testCase=TestCaseDTO[testName=testMethods[Context], id=1461]], FeedbackDTO[id=986, text=null, detailText=The exercise expects a class with the name Policy in the package testpackage. You did not implement the class in the exercise., hasLongFeedbackText=false, reference=null, credits=0.0, positive=false, type=AUTOMATIC, visibility=ALWAYS, testCase=TestCaseDTO[testName=testMethods[Policy], id=1462]], FeedbackDTO[id=987, text=null, detailText=The exercise expects a class with the name SortStrategy in the package testpackage. You did not implement the class in the exercise., hasLongFeedbackText=false, reference=null, credits=0.0, positive=false, type=AUTOMATIC, visibility=ALWAYS, testCase=TestCaseDTO[testName=testMethods[SortStrategy], id=1463]], FeedbackDTO[id=988, text=null, detailText=The class 'MergeSort' does not implement the interface 'SortStrategy' as expected. Implement the interface and its methods., hasLongFeedbackText=false, reference=null, credits=0.0, positive=false, type=AUTOMATIC, visibility=ALWAYS, testCase=TestCaseDTO[testName=testClass[MergeSort], id=1458]], FeedbackDTO[id=989, text=null, detailText=The exercise expects a class with the name SortStrategy in the package testpackage. You did not implement the class in the exercise., hasLongFeedbackText=false, reference=null, credits=0.0, positive=false, type=AUTOMATIC, visibility=ALWAYS, testCase=TestCaseDTO[testName=testClass[SortStrategy], id=1455]], FeedbackDTO[id=990, text=null, detailText=The class 'BubbleSort' does not implement the interface 'SortStrategy' as expected. Implement the interface and its methods., hasLongFeedbackText=false, reference=null, credits=0.0, positive=false, type=AUTOMATIC, visibility=ALWAYS, testCase=TestCaseDTO[testName=testClass[BubbleSort], id=1459]], FeedbackDTO[id=991, text=null, detailText=MergeSort does not sort correctly, hasLongFeedbackText=false, reference=null, credits=0.0, positive=false, type=AUTOMATIC, visibility=ALWAYS, testCase=TestCaseDTO[testName=testMergeSort(), id=1464]], FeedbackDTO[id=992, text=null, detailText=The class 'Context' was not found within the submission. Make sure to implement it properly., hasLongFeedbackText=false, reference=null, credits=0.0, positive=false, type=AUTOMATIC, visibility=ALWAYS, testCase=TestCaseDTO[testName=testUseBubbleSortForSmallList(), id=1465]], FeedbackDTO[id=993, text=null, detailText=BubbleSort does not sort correctly, hasLongFeedbackText=false, reference=null, credits=0.0, positive=false, type=AUTOMATIC, visibility=ALWAYS, testCase=TestCaseDTO[testName=testBubbleSort(), id=1467]], FeedbackDTO[id=994, text=null, detailText=The class 'Context' was not found within the submission. Make sure to implement it properly., hasLongFeedbackText=false, reference=null, credits=0.0, positive=false, type=AUTOMATIC, visibility=ALWAYS, testCase=TestCaseDTO[testName=testUseMergeSortForBigList(), id=1466]], FeedbackDTO[id=995, text=null, detailText=The exercise expects a class with the name Policy in the package testpackage. You did not implement the class in the exercise., hasLongFeedbackText=false, reference=null, credits=0.0, positive=false, type=AUTOMATIC, visibility=ALWAYS, testCase=TestCaseDTO[testName=testConstructors[Policy], id=1460]], FeedbackDTO[id=996, text=null, detailText=The exercise expects a class with the name Context in the package testpackage. You did not implement the class in the exercise., hasLongFeedbackText=false, reference=null, credits=0.0, positive=false, type=AUTOMATIC, visibility=ALWAYS, testCase=TestCaseDTO[testName=testAttributes[Context], id=1456]], FeedbackDTO[id=997, text=null, detailText=The exercise expects a class with the name Policy in the package testpackage. You did not implement the class in the exercise., hasLongFeedbackText=false, reference=null, credits=0.0, positive=false, type=AUTOMATIC, visibility=ALWAYS, testCase=TestCaseDTO[testName=testAttributes[Policy], id=1457]]], assessmentType=AUTOMATIC, hasComplaint=null, exampleResult=null, testCaseCount=13, passedTestCaseCount=0, codeIssueCount=0]], BuildJobQueueItem[id=20291739576751299, name=SHORT716C2EC10B19B049C80A2F00B97EAB20B2A9TSTEXC-SOLUTION, buildAgent=BuildAgentDTO[name=artemis-build-agent-test, memberAddress=[127.0.0.1]:5703, displayName=artemis-build-agent-test], participationId=2029, courseId=993, exerciseId=2610, retryCount=0, priority=2, status=SUCCESSFUL, repositoryInfo=RepositoryInfo[repositoryName=short716c2ec10b19b049c80a2f00b97eab20b2a9tstexc-solution, repositoryType=solution, triggeredByPushTo=tests, assignmentRepositoryUri=http://localhost:49152/git/SHORT716C2EC10B19B049C80A2F00B97EAB20B2A9TSTEXC/short716c2ec10b19b049c80a2f00b97eab20b2a9tstexc-solution.git, testRepositoryUri=http://localhost:49152/git/SHORT716C2EC10B19B049C80A2F00B97EAB20B2A9TSTEXC/short716c2ec10b19b049c80a2f00b97eab20b2a9tstexc-tests.git, solutionRepositoryUri=null, auxiliaryRepositoryUris=[Ljava.lang.String;@7c306939, auxiliaryRepositoryCheckoutDirectories=[Ljava.lang.String;@7d0236f2], jobTimingInfo=JobTimingInfo[submissionDate=2025-02-14T23:45:51.299892174Z[Etc/UTC], buildStartDate=2025-02-14T23:45:51.314028505Z[Etc/UTC], buildCompletionDate=2025-02-14T23:45:52.158312850Z[Etc/UTC], estimatedCompletionDate=2025-02-14T23:46:10.314021752Z[Etc/UTC], estimatedDuration=19], buildConfig=BuildConfig[buildScript=#!/bin/bash
cd /var/tmp/testing-dir
chmod +x ./gradlew
./gradlew clean test
, dockerImage=dummy-docker-image:latest, commitHashToBuild=1e531733ed6e9237f710b528d1eb0b7beac565fd, assignmentCommitHash=815e279f12ad296b4f24c44134a07293c04c010f, testCommitHash=1e531733ed6e9237f710b528d1eb0b7beac565fd, branch=main, programmingLanguage=JAVA, projectType=PLAIN_GRADLE, scaEnabled=false, sequentialTestRunsEnabled=false, resultPaths=[/var/tmp/testing-dir/**/test-results/test/*.xml], timeoutSeconds=0, assignmentCheckoutPath=null, testCheckoutPath=null, solutionCheckoutPath=null, dockerRunConfig=null], submissionResult=ResultDTO[id=638, completionDate=2025-02-14T23:45:52.146826070Z[Etc/UTC], successful=true, score=100.0, rated=true, submission=SubmissionDTO[id=832, submitted=true, type=TEST, exampleSubmission=null, submissionDate=2025-02-14T23:45:51.275713Z, commitHash=1e531733ed6e9237f710b528d1eb0b7beac565fd, buildFailed=false, buildArtifact=false, participation=ParticipationDTO[id=2029, testRun=false, type=solution, submissionCount=null, exercise=ParticipationExerciseDTO[id=2610, exerciseType=PROGRAMMING, type=programming, assessmentType=AUTOMATIC, dueDate=2025-02-16T23:45:50.869093Z, assessmentDueDate=null, maxPoints=42.0, course=CourseDTO[id=993, accuracyOfScores=1]]], submissionExerciseType=programming, isProcessing=false, buildStartDate=null, estimatedCompletionDate=null], participation=ParticipationDTO[id=2029, testRun=false, type=solution, submissionCount=null, exercise=ParticipationExerciseDTO[id=2610, exerciseType=PROGRAMMING, type=programming, assessmentType=AUTOMATIC, dueDate=2025-02-16T23:45:50.869093Z, assessmentDueDate=null, maxPoints=42.0, course=CourseDTO[id=993, accuracyOfScores=1]]], feedbacks=[FeedbackDTO[id=998, text=null, detailText=null, hasLongFeedbackText=false, reference=null, credits=3.230769230769231, positive=true, type=AUTOMATIC, visibility=ALWAYS, testCase=TestCaseDTO[testName=testMethods[Context], id=1474]], FeedbackDTO[id=999, text=null, detailText=null, hasLongFeedbackText=false, reference=null, credits=3.230769230769231, positive=true, type=AUTOMATIC, visibility=ALWAYS, testCase=TestCaseDTO[testName=testMethods[Policy], id=1475]], FeedbackDTO[id=1000, text=null, detailText=null, hasLongFeedbackText=false, reference=null, credits=3.230769230769231, positive=true, type=AUTOMATIC, visibility=ALWAYS, testCase=TestCaseDTO[testName=testMethods[SortStrategy], id=1476]], FeedbackDTO[id=1001, text=null, detailText=null, hasLongFeedbackText=false, reference=null, credits=3.230769230769231, positive=true, type=AUTOMATIC, visibility=ALWAYS, testCase=TestCaseDTO[testName=testClass[MergeSort], id=1471]], FeedbackDTO[id=1002, text=null, detailText=null, hasLongFeedbackText=false, reference=null, credits=3.230769230769231, positive=true, type=AUTOMATIC, visibility=ALWAYS, testCase=TestCaseDTO[testName=testClass[SortStrategy], id=1468]], FeedbackDTO[id=1003, text=null, detailText=null, hasLongFeedbackText=false, reference=null, credits=3.230769230769231, positive=true, type=AUTOMATIC, visibility=ALWAYS, testCase=TestCaseDTO[testName=testClass[BubbleSort], id=1472]], FeedbackDTO[id=1004, text=null, detailText=null, hasLongFeedbackText=false, reference=null, credits=3.230769230769231, positive=true, type=AUTOMATIC, visibility=ALWAYS, testCase=TestCaseDTO[testName=testMergeSort(), id=1477]], FeedbackDTO[id=1005, text=null, detailText=null, hasLongFeedbackText=false, reference=null, credits=3.230769230769231, positive=true, type=AUTOMATIC, visibility=ALWAYS, testCase=TestCaseDTO[testName=testUseBubbleSortForSmallList(), id=1478]], FeedbackDTO[id=1006, text=null, detailText=null, hasLongFeedbackText=false, reference=null, credits=3.230769230769231, positive=true, type=AUTOMATIC, visibility=ALWAYS, testCase=TestCaseDTO[testName=testBubbleSort(), id=1480]], FeedbackDTO[id=1007, text=null, detailText=null, hasLongFeedbackText=false, reference=null, credits=3.230769230769231, positive=true, type=AUTOMATIC, visibility=ALWAYS, testCase=TestCaseDTO[testName=testUseMergeSortForBigList(), id=1479]], FeedbackDTO[id=1008, text=null, detailText=null, hasLongFeedbackText=false, reference=null, credits=3.230769230769231, positive=true, type=AUTOMATIC, visibility=ALWAYS, testCase=TestCaseDTO[testName=testConstructors[Policy], id=1473]], FeedbackDTO[id=1009, text=null, detailText=null, hasLongFeedbackText=false, reference=null, credits=3.230769230769231, positive=true, type=AUTOMATIC, visibility=ALWAYS, testCase=TestCaseDTO[testName=testAttributes[Context], id=1469]], FeedbackDTO[id=1010, text=null, detailText=null, hasLongFeedbackText=false, reference=null, credits=3.230769230769231, positive=true, type=AUTOMATIC, visibility=ALWAYS, testCase=TestCaseDTO[testName=testAttributes[Policy], id=1470]]], assessmentType=AUTOMATIC, hasComplaint=null, exampleResult=null, testCaseCount=13, passedTestCaseCount=13, codeIssueCount=0]], BuildJobQueueItem[id=20301739576752239, name=SHORT716C2EC10B19B049C80A2F00B97EAB20B2A9TSTEXC-BASE, buildAgent=BuildAgentDTO[name=artemis-build-agent-test, memberAddress=[127.0.0.1]:5703, displayName=artemis-build-agent-test], participationId=2030, courseId=993, exerciseId=2610, retryCount=0, priority=2, status=SUCCESSFUL, repositoryInfo=RepositoryInfo[repositoryName=short716c2ec10b19b049c80a2f00b97eab20b2a9tstexc-exercise, repositoryType=exercise, triggeredByPushTo=tests, assignmentRepositoryUri=http://localhost:49152/git/SHORT716C2EC10B19B049C80A2F00B97EAB20B2A9TSTEXC/short716c2ec10b19b049c80a2f00b97eab20b2a9tstexc-exercise.git, testRepositoryUri=http://localhost:49152/git/SHORT716C2EC10B19B049C80A2F00B97EAB20B2A9TSTEXC/short716c2ec10b19b049c80a2f00b97eab20b2a9tstexc-tests.git, solutionRepositoryUri=null, auxiliaryRepositoryUris=[Ljava.lang.String;@3d09d4a, auxiliaryRepositoryCheckoutDirectories=[Ljava.lang.String;@603ce220], jobTimingInfo=JobTimingInfo[submissionDate=2025-02-14T23:45:52.239402475Z[Etc/UTC], buildStartDate=2025-02-14T23:45:52.258713639Z[Etc/UTC], buildCompletionDate=2025-02-14T23:45:53.238773956Z[Etc/UTC], estimatedCompletionDate=2025-02-14T23:45:53.258707428Z[Etc/UTC], estimatedDuration=1], buildConfig=BuildConfig[buildScript=#!/bin/bash
cd /var/tmp/testing-dir
chmod +x ./gradlew
./gradlew clean test
, dockerImage=dummy-docker-image:latest, commitHashToBuild=1e531733ed6e9237f710b528d1eb0b7beac565fd, assignmentCommitHash=815e279f12ad296b4f24c44134a07293c04c010f, testCommitHash=1e531733ed6e9237f710b528d1eb0b7beac565fd, branch=main, programmingLanguage=JAVA, projectType=PLAIN_GRADLE, scaEnabled=false, sequentialTestRunsEnabled=false, resultPaths=[/var/tmp/testing-dir/**/test-results/test/*.xml], timeoutSeconds=0, assignmentCheckoutPath=null, testCheckoutPath=null, solutionCheckoutPath=null, dockerRunConfig=null], submissionResult=ResultDTO[id=639, completionDate=2025-02-14T23:45:53.225806205Z[Etc/UTC], successful=false, score=0.0, rated=true, submission=SubmissionDTO[id=833, submitted=true, type=TEST, exampleSubmission=null, submissionDate=2025-02-14T23:45:52.237179Z, commitHash=1e531733ed6e9237f710b528d1eb0b7beac565fd, buildFailed=false, buildArtifact=false, participation=ParticipationDTO[id=2030, testRun=false, type=template, submissionCount=null, exercise=ParticipationExerciseDTO[id=2610, exerciseType=PROGRAMMING, type=programming, assessmentType=AUTOMATIC, dueDate=2025-02-16T23:45:50.869093Z, assessmentDueDate=null, maxPoints=42.0, course=CourseDTO[id=993, accuracyOfScores=1]]], submissionExerciseType=programming, isProcessing=false, buildStartDate=null, estimatedCompletionDate=null], participation=ParticipationDTO[id=2030, testRun=false, type=template, submissionCount=null, exercise=ParticipationExerciseDTO[id=2610, exerciseType=PROGRAMMING, type=programming, assessmentType=AUTOMATIC, dueDate=2025-02-16T23:45:50.869093Z, assessmentDueDate=null, maxPoints=42.0, course=CourseDTO[id=993, accuracyOfScores=1]]], feedbacks=[FeedbackDTO[id=1011, text=null, detailText=The exercise expects a class with the name Context in the package testpackage. You did not implement the class in the exercise., hasLongFeedbackText=false, reference=null, credits=0.0, positive=false, type=AUTOMATIC, visibility=ALWAYS, testCase=TestCaseDTO[testName=testMethods[Context], id=1474]], FeedbackDTO[id=1012, text=null, detailText=The exercise expects a class with the name Policy in the package testpackage. You did not implement the class in the exercise., hasLongFeedbackText=false, reference=null, credits=0.0, positive=false, type=AUTOMATIC, visibility=ALWAYS, testCase=TestCaseDTO[testName=testMethods[Policy], id=1475]], FeedbackDTO[id=1013, text=null, detailText=The exercise expects a class with the name SortStrategy in the package testpackage. You did not implement the class in the exercise., hasLongFeedbackText=false, reference=null, credits=0.0, positive=false, type=AUTOMATIC, visibility=ALWAYS, testCase=TestCaseDTO[testName=testMethods[SortStrategy], id=1476]], FeedbackDTO[id=1014, text=null, detailText=The class 'MergeSort' does not implement the interface 'SortStrategy' as expected. Implement the interface and its methods., hasLongFeedbackText=false, reference=null, credits=0.0, positive=false, type=AUTOMATIC, visibility=ALWAYS, testCase=TestCaseDTO[testName=testClass[MergeSort], id=1471]], FeedbackDTO[id=1015, text=null, detailText=The exercise expects a class with the name SortStrategy in the package testpackage. You did not implement the class in the exercise., hasLongFeedbackText=false, reference=null, credits=0.0, positive=false, type=AUTOMATIC, visibility=ALWAYS, testCase=TestCaseDTO[testName=testClass[SortStrategy], id=1468]], FeedbackDTO[id=1016, text=null, detailText=The class 'BubbleSort' does not implement the interface 'SortStrategy' as expected. Implement the interface and its methods., hasLongFeedbackText=false, reference=null, credits=0.0, positive=false, type=AUTOMATIC, visibility=ALWAYS, testCase=TestCaseDTO[testName=testClass[BubbleSort], id=1472]], FeedbackDTO[id=1017, text=null, detailText=MergeSort does not sort correctly, hasLongFeedbackText=false, reference=null, credits=0.0, positive=false, type=AUTOMATIC, visibility=ALWAYS, testCase=TestCaseDTO[testName=testMergeSort(), id=1477]], FeedbackDTO[id=1018, text=null, detailText=The class 'Context' was not found within the submission. Make sure to implement it properly., hasLongFeedbackText=false, reference=null, credits=0.0, positive=false, type=AUTOMATIC, visibility=ALWAYS, testCase=TestCaseDTO[testName=testUseBubbleSortForSmallList(), id=1478]], FeedbackDTO[id=1019, text=null, detailText=BubbleSort does not sort correctly, hasLongFeedbackText=false, reference=null, credits=0.0, positive=false, type=AUTOMATIC, visibility=ALWAYS, testCase=TestCaseDTO[testName=testBubbleSort(), id=1480]], FeedbackDTO[id=1020, text=null, detailText=The class 'Context' was not found within the submission. Make sure to implement it properly., hasLongFeedbackText=false, reference=null, credits=0.0, positive=false, type=AUTOMATIC, visibility=ALWAYS, testCase=TestCaseDTO[testName=testUseMergeSortForBigList(), id=1479]], FeedbackDTO[id=1021, text=null, detailText=The exercise expects a class with the name Policy in the package testpackage. You did not implement the class in the exercise., hasLongFeedbackText=false, reference=null, credits=0.0, positive=false, type=AUTOMATIC, visibility=ALWAYS, testCase=TestCaseDTO[testName=testConstructors[Policy], id=1473]], FeedbackDTO[id=1022, text=null, detailText=The exercise expects a class with the name Context in the package testpackage. You did not implement the class in the exercise., hasLongFeedbackText=false, reference=null, credits=0.0, positive=false, type=AUTOMATIC, visibility=ALWAYS, testCase=TestCaseDTO[testName=testAttributes[Context], id=1469]], FeedbackDTO[id=1023, text=null, detailText=The exercise expects a class with the name Policy in the package testpackage. You did not implement the class in the exercise., hasLongFeedbackText=false, reference=null, credits=0.0, positive=false, type=AUTOMATIC, visibility=ALWAYS, testCase=TestCaseDTO[testName=testAttributes[Policy], id=1470]]], assessmentType=AUTOMATIC, hasComplaint=null, exampleResult=null, testCaseCount=13, passedTestCaseCount=0, codeIssueCount=0]]], publicSshKey=ssh-rsa AAAAB3NzaC1yc2EAAAADAQABAAACAQCOPdMsxRE2jFJ/UEa5/LsBxtwzJcrh3/rYBCQvcMeVpiRfhzQPWu7mrt/G2Ew+i+vRloGH9aqKg6dd1liRncao53Zmd/ePxoatXePNhmzTfkCkcSkTUz7B+QMjkoDDV5jwuFPD6mF3JkhuzSi64n9Zy905t4w2IhVcjM2mL3eYNjiCXt6Qpq3Pkt7dM/Ksw1nxnvuiIALuJLB3FTkXkHqq3PJav+9HSq2r6ZaWgekneaGxlQlb+U+Vy3XOuArKAzK8c8i+0bR+AHiTG6ncYXt7ax3U+TdlDTF7OLP3umwaYjs1NBXOHwG42pevvpKn2fqavZZozk+M05jXLx3bq0O7itxfErWc7etky8qYPyyIMF/txQIVLd78+Ze4d7Y60t5MGbXM5cGE6fFif5fEJwgswXD+BrG0cafz1CTatjSKFdvp8Vp4VszXhHDan1PrP6JEFJ5Cc5GDmLRZPCFa3vL9f5qXgf4bkqKN8MYeEujwJE5nMRWoiJVNakix2bcrrneQMBlnYeYZVWXXXUusAQBzl4NgddC1umZpihZkL1b1MffZAUW3EGEXi7KHnllQhkTLLsQ8ntMgbylqaJKStqaXlLvdeRJcEnUuiFCrHEVVbXRFZR7XVDZ02CE5o3MuaRPty8Kh+jRTF3COlAckHwYEJCNNJvXFgb2CNXL4mjzYDw== test@localhost]
    23:45:55.656 | 566 localvc.event-13 | DEBUG | s.l.LocalCIWebsocketMessagingService : Sending message on topic /topic/admin/build-agents: [BuildAgentInformation[buildAgent=BuildAgentDTO[name=artemis-build-agent-test, memberAddress=[127.0.0.1]:5703, displayName=artemis-build-agent-test], maxNumberOfConcurrentBuildJobs=1, numberOfCurrentBuildJobs=0, runningBuildJobs=[], status=IDLE, recentBuildJobs=null, publicSshKey=null]]
    23:45:55.656 | 588 artemis-task-1   | DEBUG | d.t.c.a.a.c.c.w.GzipMessageConverter : Compressed message payload from 255 to 232 (saved 9.0% payload size)
    23:45:55.657 | 566 localvc.event-13 | DEBUG | s.l.LocalCIWebsocketMessagingService : Sending message on topic /topic/admin/build-agent/artemis-build-agent-test: BuildAgentInformation[buildAgent=BuildAgentDTO[name=artemis-build-agent-test, memberAddress=[127.0.0.1]:5703, displayName=artemis-build-agent-test], maxNumberOfConcurrentBuildJobs=1, numberOfCurrentBuildJobs=0, runningBuildJobs=[], status=IDLE, recentBuildJobs=[BuildJobQueueItem[id=19141739576708030, name=SHORT5F02A8F400311042E70858306EB148073CFDTSTEXC-LOCALVCINTSTUDENT1, buildAgent=BuildAgentDTO[name=artemis-build-agent-test, memberAddress=[127.0.0.1]:5703, displayName=artemis-build-agent-test], participationId=1914, courseId=947, exerciseId=2564, retryCount=0, priority=2, status=FAILED, repositoryInfo=RepositoryInfo[repositoryName=short5f02a8f400311042e70858306eb148073cfdtstexc-localvcintstudent1, repositoryType=user, triggeredByPushTo=user, assignmentRepositoryUri=http://localhost:49152/git/SHORT5F02A8F400311042E70858306EB148073CFDTSTEXC/short5f02a8f400311042e70858306eb148073cfdtstexc-localvcintstudent1.git, testRepositoryUri=http://localhost:49152/git/SHORT5F02A8F400311042E70858306EB148073CFDTSTEXC/short5f02a8f400311042e70858306eb148073cfdtstexc-tests.git, solutionRepositoryUri=null, auxiliaryRepositoryUris=[Ljava.lang.String;@74decff7, auxiliaryRepositoryCheckoutDirectories=[Ljava.lang.String;@73f41eae], jobTimingInfo=JobTimingInfo[submissionDate=2025-02-14T23:45:08.030118216Z[Etc/UTC], buildStartDate=2025-02-14T23:45:08.041011412Z[Etc/UTC], buildCompletionDate=2025-02-14T23:45:08.054603331Z[Etc/UTC], estimatedCompletionDate=2025-02-14T23:45:27.041005080Z[Etc/UTC], estimatedDuration=19], buildConfig=BuildConfig[buildScript=#!/bin/bash
cd /var/tmp/testing-dir
chmod +x ./gradlew
./gradlew clean test
, dockerImage=dummy-docker-image:latest, commitHashToBuild=6e7146cac5059504aa9d170ec3fa23aec740bb51, assignmentCommitHash=6e7146cac5059504aa9d170ec3fa23aec740bb51, testCommitHash=931e5303581c7a2f01339ba603cfafbfe668b901, branch=main, programmingLanguage=JAVA, projectType=PLAIN_GRADLE, scaEnabled=false, sequentialTestRunsEnabled=false, resultPaths=[/var/tmp/testing-dir/**/test-results/test/*.xml], timeoutSeconds=0, assignmentCheckoutPath=null, testCheckoutPath=null, solutionCheckoutPath=null, dockerRunConfig=null], submissionResult=ResultDTO[id=622, completionDate=2025-02-14T23:45:08.054683681Z[Etc/UTC], successful=false, score=0.0, rated=true, submission=SubmissionDTO[id=814, submitted=true, type=MANUAL, exampleSubmission=null, submissionDate=2025-02-14T23:45:08.016200Z, commitHash=6e7146cac5059504aa9d170ec3fa23aec740bb51, buildFailed=true, buildArtifact=false, participation=ParticipationDTO[id=1914, testRun=false, type=programming, submissionCount=null, exercise=ParticipationExerciseDTO[id=2564, exerciseType=PROGRAMMING, type=programming, assessmentType=AUTOMATIC, dueDate=2025-02-16T23:45:07.324348Z, assessmentDueDate=null, maxPoints=42.0, course=CourseDTO[id=947, accuracyOfScores=1]]], submissionExerciseType=programming, isProcessing=false, buildStartDate=null, estimatedCompletionDate=null], participation=ParticipationDTO[id=1914, testRun=false, type=programming, submissionCount=null, exercise=ParticipationExerciseDTO[id=2564, exerciseType=PROGRAMMING, type=programming, assessmentType=AUTOMATIC, dueDate=2025-02-16T23:45:07.324348Z, assessmentDueDate=null, maxPoints=42.0, course=CourseDTO[id=947, accuracyOfScores=1]]], feedbacks=[], assessmentType=AUTOMATIC, hasComplaint=null, exampleResult=null, testCaseCount=0, passedTestCaseCount=0, codeIssueCount=0]], BuildJobQueueItem[id=19361739576711303, name=SHORT9AFDAE3804CA304DDF0889A0CB0F56104A86TSTEXC-LOCALVCINTSTUDENT1, buildAgent=BuildAgentDTO[name=artemis-build-agent-test, memberAddress=[127.0.0.1]:5703, displayName=artemis-build-agent-test], participationId=1936, courseId=956, exerciseId=2573, retryCount=0, priority=2, status=FAILED, repositoryInfo=RepositoryInfo[repositoryName=short9afdae3804ca304ddf0889a0cb0f56104a86tstexc-localvcintstudent1, repositoryType=user, triggeredByPushTo=user, assignmentRepositoryUri=http://localhost:49152/git/SHORT9AFDAE3804CA304DDF0889A0CB0F56104A86TSTEXC/short9afdae3804ca304ddf0889a0cb0f56104a86tstexc-localvcintstudent1.git, testRepositoryUri=http://localhost:49152/git/SHORT9AFDAE3804CA304DDF0889A0CB0F56104A86TSTEXC/short9afdae3804ca304ddf0889a0cb0f56104a86tstexc-tests.git, solutionRepositoryUri=null, auxiliaryRepositoryUris=[Ljava.lang.String;@3db551b1, auxiliaryRepositoryCheckoutDirectories=[Ljava.lang.String;@570c53cd], jobTimingInfo=JobTimingInfo[submissionDate=2025-02-14T23:45:11.303805653Z[Etc/UTC], buildStartDate=2025-02-14T23:45:11.310981356Z[Etc/UTC], buildCompletionDate=2025-02-14T23:45:11.319178384Z[Etc/UTC], estimatedCompletionDate=2025-02-14T23:45:30.310974944Z[Etc/UTC], estimatedDuration=19], buildConfig=BuildConfig[buildScript=#!/bin/bash
cd /var/tmp/testing-dir
chmod +x ./gradlew
./gradlew clean test
, dockerImage=dummy-docker-image:latest, commitHashToBuild=a1099e378cffde441ef85f9b12577ca174b8e1e4, assignmentCommitHash=a1099e378cffde441ef85f9b12577ca174b8e1e4, testCommitHash=bd38d61c299ab11a1dea82a3ca5493fe04d97d47, branch=main, programmingLanguage=JAVA, projectType=PLAIN_GRADLE, scaEnabled=false, sequentialTestRunsEnabled=false, resultPaths=[/var/tmp/testing-dir/**/test-results/test/*.xml], timeoutSeconds=0, assignmentCheckoutPath=null, testCheckoutPath=null, solutionCheckoutPath=null, dockerRunConfig=null], submissionResult=ResultDTO[id=623, completionDate=2025-02-14T23:45:11.319278430Z[Etc/UTC], successful=false, score=0.0, rated=true, submission=SubmissionDTO[id=815, submitted=true, type=MANUAL, exampleSubmission=null, submissionDate=2025-02-14T23:45:11.294386Z, commitHash=a1099e378cffde441ef85f9b12577ca174b8e1e4, buildFailed=true, buildArtifact=false, participation=ParticipationDTO[id=1936, testRun=false, type=programming, submissionCount=null, exercise=ParticipationExerciseDTO[id=2573, exerciseType=PROGRAMMING, type=programming, assessmentType=AUTOMATIC, dueDate=2025-02-16T23:45:10.996982Z, assessmentDueDate=null, maxPoints=42.0, course=CourseDTO[id=956, accuracyOfScores=1]]], submissionExerciseType=programming, isProcessing=false, buildStartDate=null, estimatedCompletionDate=null], participation=ParticipationDTO[id=1936, testRun=false, type=programming, submissionCount=null, exercise=ParticipationExerciseDTO[id=2573, exerciseType=PROGRAMMING, type=programming, assessmentType=AUTOMATIC, dueDate=2025-02-16T23:45:10.996982Z, assessmentDueDate=null, maxPoints=42.0, course=CourseDTO[id=956, accuracyOfScores=1]]], feedbacks=[], assessmentType=AUTOMATIC, hasComplaint=null, exampleResult=null, testCaseCount=0, passedTestCaseCount=0, codeIssueCount=0]], BuildJobQueueItem[id=19351739576711674, name=SHORT9AFDAE3804CA304DDF0889A0CB0F56104A86TSTEXC-BASE, buildAgent=BuildAgentDTO[name=artemis-build-agent-test, memberAddress=[127.0.0.1]:5703, displayName=artemis-build-agent-test], participationId=1935, courseId=956, exerciseId=2573, retryCount=0, priority=2, status=FAILED, repositoryInfo=RepositoryInfo[repositoryName=short9afdae3804ca304ddf0889a0cb0f56104a86tstexc-exercise, repositoryType=exercise, triggeredByPushTo=exercise, assignmentRepositoryUri=http://localhost:49152/git/SHORT9AFDAE3804CA304DDF0889A0CB0F56104A86TSTEXC/short9afdae3804ca304ddf0889a0cb0f56104a86tstexc-exercise.git, testRepositoryUri=http://localhost:49152/git/SHORT9AFDAE3804CA304DDF0889A0CB0F56104A86TSTEXC/short9afdae3804ca304ddf0889a0cb0f56104a86tstexc-tests.git, solutionRepositoryUri=null, auxiliaryRepositoryUris=[Ljava.lang.String;@55af8fac, auxiliaryRepositoryCheckoutDirectories=[Ljava.lang.String;@6fdead9], jobTimingInfo=JobTimingInfo[submissionDate=2025-02-14T23:45:11.674556681Z[Etc/UTC], buildStartDate=2025-02-14T23:45:11.677776879Z[Etc/UTC], buildCompletionDate=2025-02-14T23:45:11.688097378Z[Etc/UTC], estimatedCompletionDate=2025-02-14T23:45:30.677771620Z[Etc/UTC], estimatedDuration=19], buildConfig=BuildConfig[buildScript=#!/bin/bash
cd /var/tmp/testing-dir
chmod +x ./gradlew
./gradlew clean test
, dockerImage=dummy-docker-image:latest, commitHashToBuild=a1099e378cffde441ef85f9b12577ca174b8e1e4, assignmentCommitHash=a1099e378cffde441ef85f9b12577ca174b8e1e4, testCommitHash=bd38d61c299ab11a1dea82a3ca5493fe04d97d47, branch=main, programmingLanguage=JAVA, projectType=PLAIN_GRADLE, scaEnabled=false, sequentialTestRunsEnabled=false, resultPaths=[/var/tmp/testing-dir/**/test-results/test/*.xml], timeoutSeconds=0, assignmentCheckoutPath=null, testCheckoutPath=null, solutionCheckoutPath=null, dockerRunConfig=null], submissionResult=ResultDTO[id=624, completionDate=2025-02-14T23:45:11.688214837Z[Etc/UTC], successful=false, score=0.0, rated=true, submission=SubmissionDTO[id=816, submitted=true, type=MANUAL, exampleSubmission=null, submissionDate=2025-02-14T23:45:11.656934Z, commitHash=a1099e378cffde441ef85f9b12577ca174b8e1e4, buildFailed=true, buildArtifact=false, participation=ParticipationDTO[id=1935, testRun=false, type=template, submissionCount=null, exercise=ParticipationExerciseDTO[id=2573, exerciseType=PROGRAMMING, type=programming, assessmentType=AUTOMATIC, dueDate=2025-02-16T23:45:10.996982Z, assessmentDueDate=null, maxPoints=42.0, course=CourseDTO[id=956, accuracyOfScores=1]]], submissionExerciseType=programming, isProcessing=false, buildStartDate=null, estimatedCompletionDate=null], participation=ParticipationDTO[id=1935, testRun=false, type=template, submissionCount=null, exercise=ParticipationExerciseDTO[id=2573, exerciseType=PROGRAMMING, type=programming, assessmentType=AUTOMATIC, dueDate=2025-02-16T23:45:10.996982Z, assessmentDueDate=null, maxPoints=42.0, course=CourseDTO[id=956, accuracyOfScores=1]]], feedbacks=[], assessmentType=AUTOMATIC, hasComplaint=null, exampleResult=null, testCaseCount=0, passedTestCaseCount=0, codeIssueCount=0]], BuildJobQueueItem[id=19341739576712112, name=SHORT9AFDAE3804CA304DDF0889A0CB0F56104A86TSTEXC-SOLUTION, buildAgent=BuildAgentDTO[name=artemis-build-agent-test, memberAddress=[127.0.0.1]:5703, displayName=artemis-build-agent-test], participationId=1934, courseId=956, exerciseId=2573, retryCount=0, priority=2, status=FAILED, repositoryInfo=RepositoryInfo[repositoryName=short9afdae3804ca304ddf0889a0cb0f56104a86tstexc-solution, repositoryType=solution, triggeredByPushTo=solution, assignmentRepositoryUri=http://localhost:49152/git/SHORT9AFDAE3804CA304DDF0889A0CB0F56104A86TSTEXC/short9afdae3804ca304ddf0889a0cb0f56104a86tstexc-solution.git, testRepositoryUri=http://localhost:49152/git/SHORT9AFDAE3804CA304DDF0889A0CB0F56104A86TSTEXC/short9afdae3804ca304ddf0889a0cb0f56104a86tstexc-tests.git, solutionRepositoryUri=null, auxiliaryRepositoryUris=[Ljava.lang.String;@11520b6e, auxiliaryRepositoryCheckoutDirectories=[Ljava.lang.String;@24f5b0b2], jobTimingInfo=JobTimingInfo[submissionDate=2025-02-14T23:45:12.112332872Z[Etc/UTC], buildStartDate=2025-02-14T23:45:12.121617114Z[Etc/UTC], buildCompletionDate=2025-02-14T23:45:12.127931701Z[Etc/UTC], estimatedCompletionDate=2025-02-14T23:45:31.121609600Z[Etc/UTC], estimatedDuration=19], buildConfig=BuildConfig[buildScript=#!/bin/bash
cd /var/tmp/testing-dir
chmod +x ./gradlew
./gradlew clean test
, dockerImage=dummy-docker-image:latest, commitHashToBuild=a1099e378cffde441ef85f9b12577ca174b8e1e4, assignmentCommitHash=a1099e378cffde441ef85f9b12577ca174b8e1e4, testCommitHash=bd38d61c299ab11a1dea82a3ca5493fe04d97d47, branch=main, programmingLanguage=JAVA, projectType=PLAIN_GRADLE, scaEnabled=false, sequentialTestRunsEnabled=false, resultPaths=[/var/tmp/testing-dir/**/test-results/test/*.xml], timeoutSeconds=0, assignmentCheckoutPath=null, testCheckoutPath=null, solutionCheckoutPath=null, dockerRunConfig=null], submissionResult=ResultDTO[id=625, completionDate=2025-02-14T23:45:12.128011800Z[Etc/UTC], successful=false, score=0.0, rated=true, submission=SubmissionDTO[id=817, submitted=true, type=MANUAL, exampleSubmission=null, submissionDate=2025-02-14T23:45:12.098737Z, commitHash=a1099e378cffde441ef85f9b12577ca174b8e1e4, buildFailed=true, buildArtifact=false, participation=ParticipationDTO[id=1934, testRun=false, type=solution, submissionCount=null, exercise=ParticipationExerciseDTO[id=2573, exerciseType=PROGRAMMING, type=programming, assessmentType=AUTOMATIC, dueDate=2025-02-16T23:45:10.996982Z, assessmentDueDate=null, maxPoints=42.0, course=CourseDTO[id=956, accuracyOfScores=1]]], submissionExerciseType=programming, isProcessing=false, buildStartDate=null, estimatedCompletionDate=null], participation=ParticipationDTO[id=1934, testRun=false, type=solution, submissionCount=null, exercise=ParticipationExerciseDTO[id=2573, exerciseType=PROGRAMMING, type=programming, assessmentType=AUTOMATIC, dueDate=2025-02-16T23:45:10.996982Z, assessmentDueDate=null, maxPoints=42.0, course=CourseDTO[id=956, accuracyOfScores=1]]], feedbacks=[], assessmentType=AUTOMATIC, hasComplaint=null, exampleResult=null, testCaseCount=0, passedTestCaseCount=0, codeIssueCount=0]], BuildJobQueueItem[id=19341739576713025, name=SHORT9AFDAE3804CA304DDF0889A0CB0F56104A86TSTEXC-SOLUTION, buildAgent=BuildAgentDTO[name=artemis-build-agent-test, memberAddress=[127.0.0.1]:5703, displayName=artemis-build-agent-test], participationId=1934, courseId=956, exerciseId=2573, retryCount=0, priority=2, status=FAILED, repositoryInfo=RepositoryInfo[repositoryName=short9afdae3804ca304ddf0889a0cb0f56104a86tstexc-solution, repositoryType=solution, triggeredByPushTo=tests, assignmentRepositoryUri=http://localhost:49152/git/SHORT9AFDAE3804CA304DDF0889A0CB0F56104A86TSTEXC/short9afdae3804ca304ddf0889a0cb0f56104a86tstexc-solution.git, testRepositoryUri=http://localhost:49152/git/SHORT9AFDAE3804CA304DDF0889A0CB0F56104A86TSTEXC/short9afdae3804ca304ddf0889a0cb0f56104a86tstexc-tests.git, solutionRepositoryUri=null, auxiliaryRepositoryUris=[Ljava.lang.String;@d0e996f, auxiliaryRepositoryCheckoutDirectories=[Ljava.lang.String;@644c0135], jobTimingInfo=JobTimingInfo[submissionDate=2025-02-14T23:45:13.025319671Z[Etc/UTC], buildStartDate=2025-02-14T23:45:13.040293146Z[Etc/UTC], buildCompletionDate=2025-02-14T23:45:13.053032917Z[Etc/UTC], estimatedCompletionDate=2025-02-14T23:45:32.040285703Z[Etc/UTC], estimatedDuration=19], buildConfig=BuildConfig[buildScript=#!/bin/bash
cd /var/tmp/testing-dir
chmod +x ./gradlew
./gradlew clean test
, dockerImage=dummy-docker-image:latest, commitHashToBuild=784f8f0049d2a1a54f21c67dd772bea86715267a, assignmentCommitHash=a1099e378cffde441ef85f9b12577ca174b8e1e4, testCommitHash=784f8f0049d2a1a54f21c67dd772bea86715267a, branch=main, programmingLanguage=JAVA, projectType=PLAIN_GRADLE, scaEnabled=false, sequentialTestRunsEnabled=false, resultPaths=[/var/tmp/testing-dir/**/test-results/test/*.xml], timeoutSeconds=0, assignmentCheckoutPath=null, testCheckoutPath=null, solutionCheckoutPath=null, dockerRunConfig=null], submissionResult=ResultDTO[id=626, completionDate=2025-02-14T23:45:13.053131811Z[Etc/UTC], successful=false, score=0.0, rated=true, submission=SubmissionDTO[id=818, submitted=true, type=TEST, exampleSubmission=null, submissionDate=2025-02-14T23:45:13.005779Z, commitHash=784f8f0049d2a1a54f21c67dd772bea86715267a, buildFailed=true, buildArtifact=false, participation=ParticipationDTO[id=1934, testRun=false, type=solution, submissionCount=null, exercise=ParticipationExerciseDTO[id=2573, exerciseType=PROGRAMMING, type=programming, assessmentType=AUTOMATIC, dueDate=2025-02-16T23:45:10.996982Z, assessmentDueDate=null, maxPoints=42.0, course=CourseDTO[id=956, accuracyOfScores=1]]], submissionExerciseType=programming, isProcessing=false, buildStartDate=null, estimatedCompletionDate=null], participation=ParticipationDTO[id=1934, testRun=false, type=solution, submissionCount=null, exercise=ParticipationExerciseDTO[id=2573, exerciseType=PROGRAMMING, type=programming, assessmentType=AUTOMATIC, dueDate=2025-02-16T23:45:10.996982Z, assessmentDueDate=null, maxPoints=42.0, course=CourseDTO[id=956, accuracyOfScores=1]]], feedbacks=[], assessmentType=AUTOMATIC, hasComplaint=null, exampleResult=null, testCaseCount=0, passedTestCaseCount=0, codeIssueCount=0]], BuildJobQueueItem[id=19581739576715555, name=SHORTC1A3F9FC03D2304B4308FA20AF16D54AAA49TSTEXC-LOCALVCSSHINTSTUDENT1, buildAgent=BuildAgentDTO[name=artemis-build-agent-test, memberAddress=[127.0.0.1]:5703, displayName=artemis-build-agent-test], participationId=1958, courseId=965, exerciseId=2582, retryCount=0, priority=2, status=FAILED, repositoryInfo=RepositoryInfo[repositoryName=shortc1a3f9fc03d2304b4308fa20af16d54aaa49tstexc-localvcsshintstudent1, repositoryType=user, triggeredByPushTo=user, assignmentRepositoryUri=http://localhost:49152/git/SHORTC1A3F9FC03D2304B4308FA20AF16D54AAA49TSTEXC/shortc1a3f9fc03d2304b4308fa20af16d54aaa49tstexc-localvcsshintstudent1.git, testRepositoryUri=http://localhost:49152/git/SHORTC1A3F9FC03D2304B4308FA20AF16D54AAA49TSTEXC/shortc1a3f9fc03d2304b4308fa20af16d54aaa49tstexc-tests.git, solutionRepositoryUri=null, auxiliaryRepositoryUris=[Ljava.lang.String;@65447fa9, auxiliaryRepositoryCheckoutDirectories=[Ljava.lang.String;@6c3d2393], jobTimingInfo=JobTimingInfo[submissionDate=2025-02-14T23:45:15.555989584Z[Etc/UTC], buildStartDate=2025-02-14T23:45:15.568477627Z[Etc/UTC], buildCompletionDate=2025-02-14T23:45:15.579021148Z[Etc/UTC], estimatedCompletionDate=2025-02-14T23:45:34.568443924Z[Etc/UTC], estimatedDuration=19], buildConfig=BuildConfig[buildScript=#!/bin/bash
cd /var/tmp/testing-dir
chmod +x ./gradlew
./gradlew clean test
, dockerImage=dummy-docker-image:latest, commitHashToBuild=ca76dac20e040e6609db02fd7fedd56bf58829d7, assignmentCommitHash=ca76dac20e040e6609db02fd7fedd56bf58829d7, testCommitHash=bd0d58c226dc63bfa4bc9052870589952c0a1f83, branch=main, programmingLanguage=JAVA, projectType=PLAIN_GRADLE, scaEnabled=false, sequentialTestRunsEnabled=false, resultPaths=[/var/tmp/testing-dir/**/test-results/test/*.xml], timeoutSeconds=0, assignmentCheckoutPath=null, testCheckoutPath=null, solutionCheckoutPath=null, dockerRunConfig=null], submissionResult=ResultDTO[id=627, completionDate=2025-02-14T23:45:15.579119131Z[Etc/UTC], successful=false, score=0.0, rated=true, submission=SubmissionDTO[id=820, submitted=true, type=MANUAL, exampleSubmission=null, submissionDate=2025-02-14T23:45:15.548349Z, commitHash=ca76dac20e040e6609db02fd7fedd56bf58829d7, buildFailed=true, buildArtifact=false, participation=ParticipationDTO[id=1958, testRun=false, type=programming, submissionCount=null, exercise=ParticipationExerciseDTO[id=2582, exerciseType=PROGRAMMING, type=programming, assessmentType=AUTOMATIC, dueDate=2025-02-16T23:45:15.103512Z, assessmentDueDate=null, maxPoints=42.0, course=CourseDTO[id=965, accuracyOfScores=1]]], submissionExerciseType=programming, isProcessing=false, buildStartDate=null, estimatedCompletionDate=null], participation=ParticipationDTO[id=1958, testRun=false, type=programming, submissionCount=null, exercise=ParticipationExerciseDTO[id=2582, exerciseType=PROGRAMMING, type=programming, assessmentType=AUTOMATIC, dueDate=2025-02-16T23:45:15.103512Z, assessmentDueDate=null, maxPoints=42.0, course=CourseDTO[id=965, accuracyOfScores=1]]], feedbacks=[], assessmentType=AUTOMATIC, hasComplaint=null, exampleResult=null, testCaseCount=0, passedTestCaseCount=0, codeIssueCount=0]], BuildJobQueueItem[id=19801739576719393, name=SHORTB2A6C58B0D447045380A858075B170A5B7C6TSTEXC-LOCALVCSSHINTSTUDENT1, buildAgent=BuildAgentDTO[name=artemis-build-agent-test, memberAddress=[127.0.0.1]:5703, displayName=artemis-build-agent-test], participationId=1980, courseId=974, exerciseId=2591, retryCount=0, priority=2, status=FAILED, repositoryInfo=RepositoryInfo[repositoryName=shortb2a6c58b0d447045380a858075b170a5b7c6tstexc-localvcsshintstudent1, repositoryType=user, triggeredByPushTo=user, assignmentRepositoryUri=http://localhost:49152/git/SHORTB2A6C58B0D447045380A858075B170A5B7C6TSTEXC/shortb2a6c58b0d447045380a858075b170a5b7c6tstexc-localvcsshintstudent1.git, testRepositoryUri=http://localhost:49152/git/SHORTB2A6C58B0D447045380A858075B170A5B7C6TSTEXC/shortb2a6c58b0d447045380a858075b170a5b7c6tstexc-tests.git, solutionRepositoryUri=null, auxiliaryRepositoryUris=[Ljava.lang.String;@15010a9a, auxiliaryRepositoryCheckoutDirectories=[Ljava.lang.String;@1140f4a6], jobTimingInfo=JobTimingInfo[submissionDate=2025-02-14T23:45:19.393259829Z[Etc/UTC], buildStartDate=2025-02-14T23:45:19.405438171Z[Etc/UTC], buildCompletionDate=2025-02-14T23:45:19.414070673Z[Etc/UTC], estimatedCompletionDate=2025-02-14T23:45:38.405431569Z[Etc/UTC], estimatedDuration=19], buildConfig=BuildConfig[buildScript=#!/bin/bash
cd /var/tmp/testing-dir
chmod +x ./gradlew
./gradlew clean test
, dockerImage=dummy-docker-image:latest, commitHashToBuild=363cdbf709a9fff149f813ab848ee800a675cc77, assignmentCommitHash=363cdbf709a9fff149f813ab848ee800a675cc77, testCommitHash=a5e046ece417b2e538f21f816e2524dab61e0d10, branch=main, programmingLanguage=JAVA, projectType=PLAIN_GRADLE, scaEnabled=false, sequentialTestRunsEnabled=false, resultPaths=[/var/tmp/testing-dir/**/test-results/test/*.xml], timeoutSeconds=0, assignmentCheckoutPath=null, testCheckoutPath=null, solutionCheckoutPath=null, dockerRunConfig=null], submissionResult=ResultDTO[id=628, completionDate=2025-02-14T23:45:19.414171040Z[Etc/UTC], successful=false, score=0.0, rated=true, submission=SubmissionDTO[id=821, submitted=true, type=MANUAL, exampleSubmission=null, submissionDate=2025-02-14T23:45:19.376840Z, commitHash=363cdbf709a9fff149f813ab848ee800a675cc77, buildFailed=true, buildArtifact=false, participation=ParticipationDTO[id=1980, testRun=false, type=programming, submissionCount=null, exercise=ParticipationExerciseDTO[id=2591, exerciseType=PROGRAMMING, type=programming, assessmentType=AUTOMATIC, dueDate=2025-02-16T23:45:18.950569Z, assessmentDueDate=null, maxPoints=42.0, course=CourseDTO[id=974, accuracyOfScores=1]]], submissionExerciseType=programming, isProcessing=false, buildStartDate=null, estimatedCompletionDate=null], participation=ParticipationDTO[id=1980, testRun=false, type=programming, submissionCount=null, exercise=ParticipationExerciseDTO[id=2591, exerciseType=PROGRAMMING, type=programming, assessmentType=AUTOMATIC, dueDate=2025-02-16T23:45:18.950569Z, assessmentDueDate=null, maxPoints=42.0, course=CourseDTO[id=974, accuracyOfScores=1]]], feedbacks=[], assessmentType=AUTOMATIC, hasComplaint=null, exampleResult=null, testCaseCount=0, passedTestCaseCount=0, codeIssueCount=0]], BuildJobQueueItem[id=19791739576719787, name=SHORTB2A6C58B0D447045380A858075B170A5B7C6TSTEXC-BASE, buildAgent=BuildAgentDTO[name=artemis-build-agent-test, memberAddress=[127.0.0.1]:5703, displayName=artemis-build-agent-test], participationId=1979, courseId=974, exerciseId=2591, retryCount=0, priority=2, status=FAILED, repositoryInfo=RepositoryInfo[repositoryName=shortb2a6c58b0d447045380a858075b170a5b7c6tstexc-exercise, repositoryType=exercise, triggeredByPushTo=exercise, assignmentRepositoryUri=http://localhost:49152/git/SHORTB2A6C58B0D447045380A858075B170A5B7C6TSTEXC/shortb2a6c58b0d447045380a858075b170a5b7c6tstexc-exercise.git, testRepositoryUri=http://localhost:49152/git/SHORTB2A6C58B0D447045380A858075B170A5B7C6TSTEXC/shortb2a6c58b0d447045380a858075b170a5b7c6tstexc-tests.git, solutionRepositoryUri=null, auxiliaryRepositoryUris=[Ljava.lang.String;@57bf6810, auxiliaryRepositoryCheckoutDirectories=[Ljava.lang.String;@521be8cf], jobTimingInfo=JobTimingInfo[submissionDate=2025-02-14T23:45:19.787985058Z[Etc/UTC], buildStartDate=2025-02-14T23:45:19.796327417Z[Etc/UTC], buildCompletionDate=2025-02-14T23:45:19.799750982Z[Etc/UTC], estimatedCompletionDate=2025-02-14T23:45:38.796319082Z[Etc/UTC], estimatedDuration=19], buildConfig=BuildConfig[buildScript=#!/bin/bash
cd /var/tmp/testing-dir
chmod +x ./gradlew
./gradlew clean test
, dockerImage=dummy-docker-image:latest, commitHashToBuild=363cdbf709a9fff149f813ab848ee800a675cc77, assignmentCommitHash=363cdbf709a9fff149f813ab848ee800a675cc77, testCommitHash=a5e046ece417b2e538f21f816e2524dab61e0d10, branch=main, programmingLanguage=JAVA, projectType=PLAIN_GRADLE, scaEnabled=false, sequentialTestRunsEnabled=false, resultPaths=[/var/tmp/testing-dir/**/test-results/test/*.xml], timeoutSeconds=0, assignmentCheckoutPath=null, testCheckoutPath=null, solutionCheckoutPath=null, dockerRunConfig=null], submissionResult=ResultDTO[id=629, completionDate=2025-02-14T23:45:19.799820341Z[Etc/UTC], successful=false, score=0.0, rated=true, submission=SubmissionDTO[id=822, submitted=true, type=MANUAL, exampleSubmission=null, submissionDate=2025-02-14T23:45:19.775952Z, commitHash=363cdbf709a9fff149f813ab848ee800a675cc77, buildFailed=true, buildArtifact=false, participation=ParticipationDTO[id=1979, testRun=false, type=template, submissionCount=null, exercise=ParticipationExerciseDTO[id=2591, exerciseType=PROGRAMMING, type=programming, assessmentType=AUTOMATIC, dueDate=2025-02-16T23:45:18.950569Z, assessmentDueDate=null, maxPoints=42.0, course=CourseDTO[id=974, accuracyOfScores=1]]], submissionExerciseType=programming, isProcessing=false, buildStartDate=null, estimatedCompletionDate=null], participation=ParticipationDTO[id=1979, testRun=false, type=template, submissionCount=null, exercise=ParticipationExerciseDTO[id=2591, exerciseType=PROGRAMMING, type=programming, assessmentType=AUTOMATIC, dueDate=2025-02-16T23:45:18.950569Z, assessmentDueDate=null, maxPoints=42.0, course=CourseDTO[id=974, accuracyOfScores=1]]], feedbacks=[], assessmentType=AUTOMATIC, hasComplaint=null, exampleResult=null, testCaseCount=0, passedTestCaseCount=0, codeIssueCount=0]], BuildJobQueueItem[id=19781739576720235, name=SHORTB2A6C58B0D447045380A858075B170A5B7C6TSTEXC-SOLUTION, buildAgent=BuildAgentDTO[name=artemis-build-agent-test, memberAddress=[127.0.0.1]:5703, displayName=artemis-build-agent-test], participationId=1978, courseId=974, exerciseId=2591, retryCount=0, priority=2, status=FAILED, repositoryInfo=RepositoryInfo[repositoryName=shortb2a6c58b0d447045380a858075b170a5b7c6tstexc-solution, repositoryType=solution, triggeredByPushTo=solution, assignmentRepositoryUri=http://localhost:49152/git/SHORTB2A6C58B0D447045380A858075B170A5B7C6TSTEXC/shortb2a6c58b0d447045380a858075b170a5b7c6tstexc-solution.git, testRepositoryUri=http://localhost:49152/git/SHORTB2A6C58B0D447045380A858075B170A5B7C6TSTEXC/shortb2a6c58b0d447045380a858075b170a5b7c6tstexc-tests.git, solutionRepositoryUri=null, auxiliaryRepositoryUris=[Ljava.lang.String;@4fd36dcc, auxiliaryRepositoryCheckoutDirectories=[Ljava.lang.String;@59a05554], jobTimingInfo=JobTimingInfo[submissionDate=2025-02-14T23:45:20.235272325Z[Etc/UTC], buildStartDate=2025-02-14T23:45:20.243033812Z[Etc/UTC], buildCompletionDate=2025-02-14T23:45:20.250721018Z[Etc/UTC], estimatedCompletionDate=2025-02-14T23:45:39.243026949Z[Etc/UTC], estimatedDuration=19], buildConfig=BuildConfig[buildScript=#!/bin/bash
cd /var/tmp/testing-dir
chmod +x ./gradlew
./gradlew clean test
, dockerImage=dummy-docker-image:latest, commitHashToBuild=c710d0e68c9c7db8cda7d1a278308de2b9642cc0, assignmentCommitHash=c710d0e68c9c7db8cda7d1a278308de2b9642cc0, testCommitHash=a5e046ece417b2e538f21f816e2524dab61e0d10, branch=main, programmingLanguage=JAVA, projectType=PLAIN_GRADLE, scaEnabled=false, sequentialTestRunsEnabled=false, resultPaths=[/var/tmp/testing-dir/**/test-results/test/*.xml], timeoutSeconds=0, assignmentCheckoutPath=null, testCheckoutPath=null, solutionCheckoutPath=null, dockerRunConfig=null], submissionResult=ResultDTO[id=630, completionDate=2025-02-14T23:45:20.250809893Z[Etc/UTC], successful=false, score=0.0, rated=true, submission=SubmissionDTO[id=823, submitted=true, type=MANUAL, exampleSubmission=null, submissionDate=2025-02-14T23:45:20.211707Z, commitHash=c710d0e68c9c7db8cda7d1a278308de2b9642cc0, buildFailed=true, buildArtifact=false, participation=ParticipationDTO[id=1978, testRun=false, type=solution, submissionCount=null, exercise=ParticipationExerciseDTO[id=2591, exerciseType=PROGRAMMING, type=programming, assessmentType=AUTOMATIC, dueDate=2025-02-16T23:45:18.950569Z, assessmentDueDate=null, maxPoints=42.0, course=CourseDTO[id=974, accuracyOfScores=1]]], submissionExerciseType=programming, isProcessing=false, buildStartDate=null, estimatedCompletionDate=null], participation=ParticipationDTO[id=1978, testRun=false, type=solution, submissionCount=null, exercise=ParticipationExerciseDTO[id=2591, exerciseType=PROGRAMMING, type=programming, assessmentType=AUTOMATIC, dueDate=2025-02-16T23:45:18.950569Z, assessmentDueDate=null, maxPoints=42.0, course=CourseDTO[id=974, accuracyOfScores=1]]], feedbacks=[], assessmentType=AUTOMATIC, hasComplaint=null, exampleResult=null, testCaseCount=0, passedTestCaseCount=0, codeIssueCount=0]], BuildJobQueueItem[id=19781739576720802, name=SHORTB2A6C58B0D447045380A858075B170A5B7C6TSTEXC-SOLUTION, buildAgent=BuildAgentDTO[name=artemis-build-agent-test, memberAddress=[127.0.0.1]:5703, displayName=artemis-build-agent-test], participationId=1978, courseId=974, exerciseId=2591, retryCount=0, priority=2, status=FAILED, repositoryInfo=RepositoryInfo[repositoryName=shortb2a6c58b0d447045380a858075b170a5b7c6tstexc-solution, repositoryType=solution, triggeredByPushTo=tests, assignmentRepositoryUri=http://localhost:49152/git/SHORTB2A6C58B0D447045380A858075B170A5B7C6TSTEXC/shortb2a6c58b0d447045380a858075b170a5b7c6tstexc-solution.git, testRepositoryUri=http://localhost:49152/git/SHORTB2A6C58B0D447045380A858075B170A5B7C6TSTEXC/shortb2a6c58b0d447045380a858075b170a5b7c6tstexc-tests.git, solutionRepositoryUri=null, auxiliaryRepositoryUris=[Ljava.lang.String;@75734998, auxiliaryRepositoryCheckoutDirectories=[Ljava.lang.String;@78a38a69], jobTimingInfo=JobTimingInfo[submissionDate=2025-02-14T23:45:20.802935026Z[Etc/UTC], buildStartDate=2025-02-14T23:45:20.809306435Z[Etc/UTC], buildCompletionDate=2025-02-14T23:45:20.822452342Z[Etc/UTC], estimatedCompletionDate=2025-02-14T23:45:39.809298491Z[Etc/UTC], estimatedDuration=19], buildConfig=BuildConfig[buildScript=#!/bin/bash
cd /var/tmp/testing-dir
chmod +x ./gradlew
./gradlew clean test
, dockerImage=dummy-docker-image:latest, commitHashToBuild=c710d0e68c9c7db8cda7d1a278308de2b9642cc0, assignmentCommitHash=c710d0e68c9c7db8cda7d1a278308de2b9642cc0, testCommitHash=c710d0e68c9c7db8cda7d1a278308de2b9642cc0, branch=main, programmingLanguage=JAVA, projectType=PLAIN_GRADLE, scaEnabled=false, sequentialTestRunsEnabled=false, resultPaths=[/var/tmp/testing-dir/**/test-results/test/*.xml], timeoutSeconds=0, assignmentCheckoutPath=null, testCheckoutPath=null, solutionCheckoutPath=null, dockerRunConfig=null], submissionResult=ResultDTO[id=631, completionDate=2025-02-14T23:45:20.822527362Z[Etc/UTC], successful=false, score=0.0, rated=true, submission=SubmissionDTO[id=824, submitted=true, type=TEST, exampleSubmission=null, submissionDate=2025-02-14T23:45:20.791240Z, commitHash=c710d0e68c9c7db8cda7d1a278308de2b9642cc0, buildFailed=true, buildArtifact=false, participation=ParticipationDTO[id=1978, testRun=false, type=solution, submissionCount=null, exercise=ParticipationExerciseDTO[id=2591, exerciseType=PROGRAMMING, type=programming, assessmentType=AUTOMATIC, dueDate=2025-02-16T23:45:18.950569Z, assessmentDueDate=null, maxPoints=42.0, course=CourseDTO[id=974, accuracyOfScores=1]]], submissionExerciseType=programming, isProcessing=false, buildStartDate=null, estimatedCompletionDate=null], participation=ParticipationDTO[id=1978, testRun=false, type=solution, submissionCount=null, exercise=ParticipationExerciseDTO[id=2591, exerciseType=PROGRAMMING, type=programming, assessmentType=AUTOMATIC, dueDate=2025-02-16T23:45:18.950569Z, assessmentDueDate=null, maxPoints=42.0, course=CourseDTO[id=974, accuracyOfScores=1]]], feedbacks=[], assessmentType=AUTOMATIC, hasComplaint=null, exampleResult=null, testCaseCount=0, passedTestCaseCount=0, codeIssueCount=0]], BuildJobQueueItem[id=20061739576732554, name=SHORT94A899E303D7504C5D0840704DAAFA3DFF4DTSTEXC-LOCALVCCIINTINSTRUCTOR1, buildAgent=BuildAgentDTO[name=artemis-build-agent-test, memberAddress=[127.0.0.1]:5703, displayName=artemis-build-agent-test], participationId=2006, courseId=984, exerciseId=2601, retryCount=0, priority=2, status=SUCCESSFUL, repositoryInfo=RepositoryInfo[repositoryName=short94a899e303d7504c5d0840704daafa3dff4dtstexc-localvcciintinstructor1, repositoryType=user, triggeredByPushTo=user, assignmentRepositoryUri=http://localhost:49152/git/SHORT94A899E303D7504C5D0840704DAAFA3DFF4DTSTEXC/short94a899e303d7504c5d0840704daafa3dff4dtstexc-localvcciintinstructor1.git, testRepositoryUri=http://localhost:49152/git/SHORT94A899E303D7504C5D0840704DAAFA3DFF4DTSTEXC/short94a899e303d7504c5d0840704daafa3dff4dtstexc-tests.git, solutionRepositoryUri=null, auxiliaryRepositoryUris=[Ljava.lang.String;@2c4a25bc, auxiliaryRepositoryCheckoutDirectories=[Ljava.lang.String;@771bcf94], jobTimingInfo=JobTimingInfo[submissionDate=2025-02-14T23:45:32.554795798Z[Etc/UTC], buildStartDate=2025-02-14T23:45:32.567287465Z[Etc/UTC], buildCompletionDate=2025-02-14T23:45:34.535226768Z[Etc/UTC], estimatedCompletionDate=2025-02-14T23:45:51.567257960Z[Etc/UTC], estimatedDuration=19], buildConfig=BuildConfig[buildScript=#!/bin/bash
cd /var/tmp/testing-dir
chmod +x ./gradlew
./gradlew clean test
, dockerImage=dummy-docker-image:latest, commitHashToBuild=ca2dbc0ae87edf7035058a6a17c0ea60e90a290f, assignmentCommitHash=ca2dbc0ae87edf7035058a6a17c0ea60e90a290f, testCommitHash=0207f6f98af5fbb66ad68455f3fc3cf128af8ae9, branch=main, programmingLanguage=JAVA, projectType=PLAIN_GRADLE, scaEnabled=false, sequentialTestRunsEnabled=false, resultPaths=[/var/tmp/testing-dir/**/test-results/test/*.xml], timeoutSeconds=0, assignmentCheckoutPath=null, testCheckoutPath=null, solutionCheckoutPath=null, dockerRunConfig=null], submissionResult=ResultDTO[id=632, completionDate=2025-02-14T23:45:34.504415716Z[Etc/UTC], successful=false, score=7.7, rated=false, submission=SubmissionDTO[id=826, submitted=true, type=MANUAL, exampleSubmission=null, submissionDate=2025-02-14T23:45:32.541533Z, commitHash=ca2dbc0ae87edf7035058a6a17c0ea60e90a290f, buildFailed=false, buildArtifact=false, participation=ParticipationDTO[id=2006, testRun=true, type=programming, submissionCount=null, exercise=ParticipationExerciseDTO[id=2601, exerciseType=PROGRAMMING, type=programming, assessmentType=AUTOMATIC, dueDate=2025-02-16T23:45:31.864042Z, assessmentDueDate=null, maxPoints=42.0, course=CourseDTO[id=984, accuracyOfScores=1]]], submissionExerciseType=programming, isProcessing=false, buildStartDate=null, estimatedCompletionDate=null], participation=ParticipationDTO[id=2006, testRun=true, type=programming, submissionCount=null, exercise=ParticipationExerciseDTO[id=2601, exerciseType=PROGRAMMING, type=programming, assessmentType=AUTOMATIC, dueDate=2025-02-16T23:45:31.864042Z, assessmentDueDate=null, maxPoints=42.0, course=CourseDTO[id=984, accuracyOfScores=1]]], feedbacks=[FeedbackDTO[id=920, text=null, detailText=The exercise expects a class with the name Context in the package testpackage. You did not implement the class in the exercise., hasLongFeedbackText=false, reference=null, credits=0.0, positive=false, type=AUTOMATIC, visibility=ALWAYS, testCase=TestCaseDTO[testName=null, id=1357]], FeedbackDTO[id=921, text=null, detailText=The exercise expects a class with the name Policy in the package testpackage. You did not implement the class in the exercise., hasLongFeedbackText=false, reference=null, credits=0.0, positive=false, type=AUTOMATIC, visibility=ALWAYS, testCase=TestCaseDTO[testName=null, id=1358]], FeedbackDTO[id=922, text=null, detailText=The exercise expects a class with the name SortStrategy in the package testpackage. You did not implement the class in the exercise., hasLongFeedbackText=false, reference=null, credits=0.0, positive=false, type=AUTOMATIC, visibility=ALWAYS, testCase=TestCaseDTO[testName=null, id=1359]], FeedbackDTO[id=923, text=null, detailText=The class 'MergeSort' does not implement the interface 'SortStrategy' as expected. Implement the interface and its methods., hasLongFeedbackText=false, reference=null, credits=0.0, positive=false, type=AUTOMATIC, visibility=ALWAYS, testCase=TestCaseDTO[testName=null, id=1354]], FeedbackDTO[id=924, text=null, detailText=The exercise expects a class with the name SortStrategy in the package testpackage. You did not implement the class in the exercise., hasLongFeedbackText=false, reference=null, credits=0.0, positive=false, type=AUTOMATIC, visibility=ALWAYS, testCase=TestCaseDTO[testName=null, id=1351]], FeedbackDTO[id=925, text=null, detailText=The class 'BubbleSort' does not implement the interface 'SortStrategy' as expected. Implement the interface and its methods., hasLongFeedbackText=false, reference=null, credits=0.0, positive=false, type=AUTOMATIC, visibility=ALWAYS, testCase=TestCaseDTO[testName=null, id=1355]], FeedbackDTO[id=926, text=null, detailText=MergeSort does not sort correctly, hasLongFeedbackText=false, reference=null, credits=0.0, positive=false, type=AUTOMATIC, visibility=ALWAYS, testCase=TestCaseDTO[testName=null, id=1360]], FeedbackDTO[id=927, text=null, detailText=The class 'Context' was not found within the submission. Make sure to implement it properly., hasLongFeedbackText=false, reference=null, credits=0.0, positive=false, type=AUTOMATIC, visibility=ALWAYS, testCase=TestCaseDTO[testName=null, id=1361]], FeedbackDTO[id=928, text=null, detailText=The class 'Context' was not found within the submission. Make sure to implement it properly., hasLongFeedbackText=false, reference=null, credits=0.0, positive=false, type=AUTOMATIC, visibility=ALWAYS, testCase=TestCaseDTO[testName=null, id=1362]], FeedbackDTO[id=929, text=null, detailText=The exercise expects a class with the name Policy in the package testpackage. You did not implement the class in the exercise., hasLongFeedbackText=false, reference=null, credits=0.0, positive=false, type=AUTOMATIC, visibility=ALWAYS, testCase=TestCaseDTO[testName=null, id=1356]], FeedbackDTO[id=930, text=null, detailText=The exercise expects a class with the name Context in the package testpackage. You did not implement the class in the exercise., hasLongFeedbackText=false, reference=null, credits=0.0, positive=false, type=AUTOMATIC, visibility=ALWAYS, testCase=TestCaseDTO[testName=null, id=1352]], FeedbackDTO[id=931, text=null, detailText=The exercise expects a class with the name Policy in the package testpackage. You did not implement the class in the exercise., hasLongFeedbackText=false, reference=null, credits=0.0, positive=false, type=AUTOMATIC, visibility=ALWAYS, testCase=TestCaseDTO[testName=null, id=1353]], FeedbackDTO[id=932, text=null, detailText=null, hasLongFeedbackText=false, reference=null, credits=3.230769230769231, positive=true, type=AUTOMATIC, visibility=ALWAYS, testCase=TestCaseDTO[testName=null, id=1363]]], assessmentType=AUTOMATIC, hasComplaint=null, exampleResult=null, testCaseCount=13, passedTestCaseCount=1, codeIssueCount=0]], BuildJobQueueItem[id=20111739576737317, name=SHORTD49A6DAE04F9E049850BD5601663FD17A5B7TSTEXC-BASE, buildAgent=BuildAgentDTO[name=artemis-build-agent-test, memberAddress=[127.0.0.1]:5703, displayName=artemis-build-agent-test], participationId=2011, courseId=986, exerciseId=2603, retryCount=0, priority=2, status=SUCCESSFUL, repositoryInfo=RepositoryInfo[repositoryName=shortd49a6dae04f9e049850bd5601663fd17a5b7tstexc-exercise, repositoryType=exercise, triggeredByPushTo=exercise, assignmentRepositoryUri=http://localhost:49152/git/SHORTD49A6DAE04F9E049850BD5601663FD17A5B7TSTEXC/shortd49a6dae04f9e049850bd5601663fd17a5b7tstexc-exercise.git, testRepositoryUri=http://localhost:49152/git/SHORTD49A6DAE04F9E049850BD5601663FD17A5B7TSTEXC/shortd49a6dae04f9e049850bd5601663fd17a5b7tstexc-tests.git, solutionRepositoryUri=null, auxiliaryRepositoryUris=[Ljava.lang.String;@18cb6766, auxiliaryRepositoryCheckoutDirectories=[Ljava.lang.String;@7cdf56d4], jobTimingInfo=JobTimingInfo[submissionDate=2025-02-14T23:45:37.317968648Z[Etc/UTC], buildStartDate=2025-02-14T23:45:37.324534774Z[Etc/UTC], buildCompletionDate=2025-02-14T23:45:38.527225461Z[Etc/UTC], estimatedCompletionDate=2025-02-14T23:45:56.324506331Z[Etc/UTC], estimatedDuration=19], buildConfig=BuildConfig[buildScript=#!/bin/bash
cd /var/tmp/testing-dir
chmod +x ./gradlew
./gradlew clean test
, dockerImage=dummy-docker-image:latest, commitHashToBuild=c795243c185829bbefa399f45dcbcfac22311b2f, assignmentCommitHash=c795243c185829bbefa399f45dcbcfac22311b2f, testCommitHash=fa8b162170bf767d852e05e0eb7a128efa2e1f34, branch=main, programmingLanguage=JAVA, projectType=PLAIN_GRADLE, scaEnabled=false, sequentialTestRunsEnabled=false, resultPaths=[/var/tmp/testing-dir/**/test-results/test/*.xml], timeoutSeconds=0, assignmentCheckoutPath=null, testCheckoutPath=null, solutionCheckoutPath=null, dockerRunConfig=null], submissionResult=ResultDTO[id=633, completionDate=2025-02-14T23:45:38.476795726Z[Etc/UTC], successful=false, score=0.0, rated=true, submission=SubmissionDTO[id=827, submitted=true, type=MANUAL, exampleSubmission=null, submissionDate=2025-02-14T23:45:37.303401Z, commitHash=c795243c185829bbefa399f45dcbcfac22311b2f, buildFailed=false, buildArtifact=false, participation=ParticipationDTO[id=2011, testRun=false, type=template, submissionCount=null, exercise=ParticipationExerciseDTO[id=2603, exerciseType=PROGRAMMING, type=programming, assessmentType=AUTOMATIC, dueDate=2025-02-16T23:45:36.830269Z, assessmentDueDate=null, maxPoints=42.0, course=CourseDTO[id=986, accuracyOfScores=1]]], submissionExerciseType=programming, isProcessing=false, buildStartDate=null, estimatedCompletionDate=null], participation=ParticipationDTO[id=2011, testRun=false, type=template, submissionCount=null, exercise=ParticipationExerciseDTO[id=2603, exerciseType=PROGRAMMING, type=programming, assessmentType=AUTOMATIC, dueDate=2025-02-16T23:45:36.830269Z, assessmentDueDate=null, maxPoints=42.0, course=CourseDTO[id=986, accuracyOfScores=1]]], feedbacks=[FeedbackDTO[id=933, text=null, detailText=The exercise expects a class with the name Context in the package testpackage. You did not implement the class in the exercise., hasLongFeedbackText=false, reference=null, credits=0.0, positive=false, type=AUTOMATIC, visibility=ALWAYS, testCase=TestCaseDTO[testName=testMethods[Context], id=1383]], FeedbackDTO[id=934, text=null, detailText=The exercise expects a class with the name Policy in the package testpackage. You did not implement the class in the exercise., hasLongFeedbackText=false, reference=null, credits=0.0, positive=false, type=AUTOMATIC, visibility=ALWAYS, testCase=TestCaseDTO[testName=testMethods[Policy], id=1384]], FeedbackDTO[id=935, text=null, detailText=The exercise expects a class with the name SortStrategy in the package testpackage. You did not implement the class in the exercise., hasLongFeedbackText=false, reference=null, credits=0.0, positive=false, type=AUTOMATIC, visibility=ALWAYS, testCase=TestCaseDTO[testName=testMethods[SortStrategy], id=1385]], FeedbackDTO[id=936, text=null, detailText=The class 'MergeSort' does not implement the interface 'SortStrategy' as expected. Implement the interface and its methods., hasLongFeedbackText=false, reference=null, credits=0.0, positive=false, type=AUTOMATIC, visibility=ALWAYS, testCase=TestCaseDTO[testName=testClass[MergeSort], id=1380]], FeedbackDTO[id=937, text=null, detailText=The exercise expects a class with the name SortStrategy in the package testpackage. You did not implement the class in the exercise., hasLongFeedbackText=false, reference=null, credits=0.0, positive=false, type=AUTOMATIC, visibility=ALWAYS, testCase=TestCaseDTO[testName=testClass[SortStrategy], id=1377]], FeedbackDTO[id=938, text=null, detailText=The class 'BubbleSort' does not implement the interface 'SortStrategy' as expected. Implement the interface and its methods., hasLongFeedbackText=false, reference=null, credits=0.0, positive=false, type=AUTOMATIC, visibility=ALWAYS, testCase=TestCaseDTO[testName=testClass[BubbleSort], id=1381]], FeedbackDTO[id=939, text=null, detailText=MergeSort does not sort correctly, hasLongFeedbackText=false, reference=null, credits=0.0, positive=false, type=AUTOMATIC, visibility=ALWAYS, testCase=TestCaseDTO[testName=testMergeSort(), id=1386]], FeedbackDTO[id=940, text=null, detailText=The class 'Context' was not found within the submission. Make sure to implement it properly., hasLongFeedbackText=false, reference=null, credits=0.0, positive=false, type=AUTOMATIC, visibility=ALWAYS, testCase=TestCaseDTO[testName=testUseBubbleSortForSmallList(), id=1387]], FeedbackDTO[id=941, text=null, detailText=BubbleSort does not sort correctly, hasLongFeedbackText=false, reference=null, credits=0.0, positive=false, type=AUTOMATIC, visibility=ALWAYS, testCase=TestCaseDTO[testName=testBubbleSort(), id=1389]], FeedbackDTO[id=942, text=null, detailText=The class 'Context' was not found within the submission. Make sure to implement it properly., hasLongFeedbackText=false, reference=null, credits=0.0, positive=false, type=AUTOMATIC, visibility=ALWAYS, testCase=TestCaseDTO[testName=testUseMergeSortForBigList(), id=1388]], FeedbackDTO[id=943, text=null, detailText=The exercise expects a class with the name Policy in the package testpackage. You did not implement the class in the exercise., hasLongFeedbackText=false, reference=null, credits=0.0, positive=false, type=AUTOMATIC, visibility=ALWAYS, testCase=TestCaseDTO[testName=testConstructors[Policy], id=1382]], FeedbackDTO[id=944, text=null, detailText=The exercise expects a class with the name Context in the package testpackage. You did not implement the class in the exercise., hasLongFeedbackText=false, reference=null, credits=0.0, positive=false, type=AUTOMATIC, visibility=ALWAYS, testCase=TestCaseDTO[testName=testAttributes[Context], id=1378]], FeedbackDTO[id=945, text=null, detailText=The exercise expects a class with the name Policy in the package testpackage. You did not implement the class in the exercise., hasLongFeedbackText=false, reference=null, credits=0.0, positive=false, type=AUTOMATIC, visibility=ALWAYS, testCase=TestCaseDTO[testName=testAttributes[Policy], id=1379]]], assessmentType=AUTOMATIC, hasComplaint=null, exampleResult=null, testCaseCount=13, passedTestCaseCount=0, codeIssueCount=0]], BuildJobQueueItem[id=20171739576740018, name=SHORT7914AFA00ADC3047140B99D01AC07810CE44TSTEXC-LOCALVCCIINTSTUDENT1, buildAgent=BuildAgentDTO[name=artemis-build-agent-test, memberAddress=[127.0.0.1]:5703, displayName=artemis-build-agent-test], participationId=2017, courseId=988, exerciseId=2605, retryCount=0, priority=2, status=SUCCESSFUL, repositoryInfo=RepositoryInfo[repositoryName=short7914afa00adc3047140b99d01ac07810ce44tstexc-practice-localvcciintstudent1, repositoryType=user, triggeredByPushTo=user, assignmentRepositoryUri=http://localhost:49152/git/SHORT7914AFA00ADC3047140B99D01AC07810CE44TSTEXC/short7914afa00adc3047140b99d01ac07810ce44tstexc-practice-localvcciintstudent1.git, testRepositoryUri=http://localhost:49152/git/SHORT7914AFA00ADC3047140B99D01AC07810CE44TSTEXC/short7914afa00adc3047140b99d01ac07810ce44tstexc-tests.git, solutionRepositoryUri=null, auxiliaryRepositoryUris=[Ljava.lang.String;@145eb36, auxiliaryRepositoryCheckoutDirectories=[Ljava.lang.String;@280be3e5], jobTimingInfo=JobTimingInfo[submissionDate=2025-02-14T23:45:40.018961253Z[Etc/UTC], buildStartDate=2025-02-14T23:45:40.029742701Z[Etc/UTC], buildCompletionDate=2025-02-14T23:45:41.150208242Z[Etc/UTC], estimatedCompletionDate=2025-02-14T23:45:59.029734065Z[Etc/UTC], estimatedDuration=19], buildConfig=BuildConfig[buildScript=#!/bin/bash
cd /var/tmp/testing-dir
chmod +x ./gradlew
./gradlew clean test
, dockerImage=dummy-docker-image:latest, commitHashToBuild=d80b57877989b971e83ccdb4863c8a7023c76266, assignmentCommitHash=d80b57877989b971e83ccdb4863c8a7023c76266, testCommitHash=327b116890c92b1312314341f43f21ef13ecf7d7, branch=main, programmingLanguage=JAVA, projectType=PLAIN_GRADLE, scaEnabled=false, sequentialTestRunsEnabled=false, resultPaths=[/var/tmp/testing-dir/**/test-results/test/*.xml], timeoutSeconds=0, assignmentCheckoutPath=null, testCheckoutPath=null, solutionCheckoutPath=null, dockerRunConfig=null], submissionResult=ResultDTO[id=634, completionDate=2025-02-14T23:45:41.120192603Z[Etc/UTC], successful=false, score=7.7, rated=false, submission=SubmissionDTO[id=828, submitted=true, type=MANUAL, exampleSubmission=null, submissionDate=2025-02-14T23:45:40.008666Z, commitHash=d80b57877989b971e83ccdb4863c8a7023c76266, buildFailed=false, buildArtifact=false, participation=ParticipationDTO[id=2017, testRun=true, type=programming, submissionCount=null, exercise=ParticipationExerciseDTO[id=2605, exerciseType=PROGRAMMING, type=programming, assessmentType=AUTOMATIC, dueDate=2025-02-16T23:45:39.523500Z, assessmentDueDate=null, maxPoints=42.0, course=CourseDTO[id=988, accuracyOfScores=1]]], submissionExerciseType=programming, isProcessing=false, buildStartDate=null, estimatedCompletionDate=null], participation=ParticipationDTO[id=2017, testRun=true, type=programming, submissionCount=null, exercise=ParticipationExerciseDTO[id=2605, exerciseType=PROGRAMMING, type=programming, assessmentType=AUTOMATIC, dueDate=2025-02-16T23:45:39.523500Z, assessmentDueDate=null, maxPoints=42.0, course=CourseDTO[id=988, accuracyOfScores=1]]], feedbacks=[FeedbackDTO[id=946, text=null, detailText=The exercise expects a class with the name Context in the package testpackage. You did not implement the class in the exercise., hasLongFeedbackText=false, reference=null, credits=0.0, positive=false, type=AUTOMATIC, visibility=ALWAYS, testCase=TestCaseDTO[testName=null, id=1409]], FeedbackDTO[id=947, text=null, detailText=The exercise expects a class with the name Policy in the package testpackage. You did not implement the class in the exercise., hasLongFeedbackText=false, reference=null, credits=0.0, positive=false, type=AUTOMATIC, visibility=ALWAYS, testCase=TestCaseDTO[testName=null, id=1410]], FeedbackDTO[id=948, text=null, detailText=The exercise expects a class with the name SortStrategy in the package testpackage. You did not implement the class in the exercise., hasLongFeedbackText=false, reference=null, credits=0.0, positive=false, type=AUTOMATIC, visibility=ALWAYS, testCase=TestCaseDTO[testName=null, id=1411]], FeedbackDTO[id=949, text=null, detailText=The class 'MergeSort' does not implement the interface 'SortStrategy' as expected. Implement the interface and its methods., hasLongFeedbackText=false, reference=null, credits=0.0, positive=false, type=AUTOMATIC, visibility=ALWAYS, testCase=TestCaseDTO[testName=null, id=1406]], FeedbackDTO[id=950, text=null, detailText=The exercise expects a class with the name SortStrategy in the package testpackage. You did not implement the class in the exercise., hasLongFeedbackText=false, reference=null, credits=0.0, positive=false, type=AUTOMATIC, visibility=ALWAYS, testCase=TestCaseDTO[testName=null, id=1403]], FeedbackDTO[id=951, text=null, detailText=The class 'BubbleSort' does not implement the interface 'SortStrategy' as expected. Implement the interface and its methods., hasLongFeedbackText=false, reference=null, credits=0.0, positive=false, type=AUTOMATIC, visibility=ALWAYS, testCase=TestCaseDTO[testName=null, id=1407]], FeedbackDTO[id=952, text=null, detailText=MergeSort does not sort correctly, hasLongFeedbackText=false, reference=null, credits=0.0, positive=false, type=AUTOMATIC, visibility=ALWAYS, testCase=TestCaseDTO[testName=null, id=1412]], FeedbackDTO[id=953, text=null, detailText=The class 'Context' was not found within the submission. Make sure to implement it properly., hasLongFeedbackText=false, reference=null, credits=0.0, positive=false, type=AUTOMATIC, visibility=ALWAYS, testCase=TestCaseDTO[testName=null, id=1413]], FeedbackDTO[id=954, text=null, detailText=The class 'Context' was not found within the submission. Make sure to implement it properly., hasLongFeedbackText=false, reference=null, credits=0.0, positive=false, type=AUTOMATIC, visibility=ALWAYS, testCase=TestCaseDTO[testName=null, id=1414]], FeedbackDTO[id=955, text=null, detailText=The exercise expects a class with the name Policy in the package testpackage. You did not implement the class in the exercise., hasLongFeedbackText=false, reference=null, credits=0.0, positive=false, type=AUTOMATIC, visibility=ALWAYS, testCase=TestCaseDTO[testName=null, id=1408]], FeedbackDTO[id=956, text=null, detailText=The exercise expects a class with the name Context in the package testpackage. You did not implement the class in the exercise., hasLongFeedbackText=false, reference=null, credits=0.0, positive=false, type=AUTOMATIC, visibility=ALWAYS, testCase=TestCaseDTO[testName=null, id=1404]], FeedbackDTO[id=957, text=null, detailText=The exercise expects a class with the name Policy in the package testpackage. You did not implement the class in the exercise., hasLongFeedbackText=false, reference=null, credits=0.0, positive=false, type=AUTOMATIC, visibility=ALWAYS, testCase=TestCaseDTO[testName=null, id=1405]], FeedbackDTO[id=958, text=null, detailText=null, hasLongFeedbackText=false, reference=null, credits=3.230769230769231, positive=true, type=AUTOMATIC, visibility=ALWAYS, testCase=TestCaseDTO[testName=null, id=1415]]], assessmentType=AUTOMATIC, hasComplaint=null, exampleResult=null, testCaseCount=13, passedTestCaseCount=1, codeIssueCount=0]], BuildJobQueueItem[id=20261739576743984, name=SHORT53C73BE505404043100AC2F00C039353CE8FTSTEXC-LOCALVCCIINTSTUDENT1, buildAgent=BuildAgentDTO[name=artemis-build-agent-test, memberAddress=[127.0.0.1]:5703, displayName=artemis-build-agent-test], participationId=2026, courseId=991, exerciseId=2608, retryCount=0, priority=1, status=SUCCESSFUL, repositoryInfo=RepositoryInfo[repositoryName=short53c73be505404043100ac2f00c039353ce8ftstexc-localvcciintstudent1, repositoryType=user, triggeredByPushTo=user, assignmentRepositoryUri=http://localhost:49152/git/SHORT53C73BE505404043100AC2F00C039353CE8FTSTEXC/short53c73be505404043100ac2f00c039353ce8ftstexc-localvcciintstudent1.git, testRepositoryUri=http://localhost:49152/git/SHORT53C73BE505404043100AC2F00C039353CE8FTSTEXC/short53c73be505404043100ac2f00c039353ce8ftstexc-tests.git, solutionRepositoryUri=null, auxiliaryRepositoryUris=[Ljava.lang.String;@6bb841d5, auxiliaryRepositoryCheckoutDirectories=[Ljava.lang.String;@6dd7d380], jobTimingInfo=JobTimingInfo[submissionDate=2025-02-14T23:45:43.984518859Z[Etc/UTC], buildStartDate=2025-02-14T23:45:43.991385682Z[Etc/UTC], buildCompletionDate=2025-02-14T23:45:44.982059928Z[Etc/UTC], estimatedCompletionDate=2025-02-14T23:46:02.991380122Z[Etc/UTC], estimatedDuration=19], buildConfig=BuildConfig[buildScript=#!/bin/bash
cd /var/tmp/testing-dir
chmod +x ./gradlew
./gradlew clean test
, dockerImage=dummy-docker-image:latest, commitHashToBuild=3e90ae9fef2e44ffb41451a080bdaa6a44ad6848, assignmentCommitHash=3e90ae9fef2e44ffb41451a080bdaa6a44ad6848, testCommitHash=0582754c87aae13e640312855ce7dbe490ecb50c, branch=main, programmingLanguage=JAVA, projectType=PLAIN_GRADLE, scaEnabled=false, sequentialTestRunsEnabled=false, resultPaths=[/var/tmp/testing-dir/**/test-results/test/*.xml], timeoutSeconds=0, assignmentCheckoutPath=null, testCheckoutPath=null, solutionCheckoutPath=null, dockerRunConfig=null], submissionResult=ResultDTO[id=635, completionDate=2025-02-14T23:45:44.961313737Z[Etc/UTC], successful=false, score=7.7, rated=true, submission=SubmissionDTO[id=829, submitted=true, type=MANUAL, exampleSubmission=null, submissionDate=2025-02-14T23:45:43.967766Z, commitHash=3e90ae9fef2e44ffb41451a080bdaa6a44ad6848, buildFailed=false, buildArtifact=false, participation=ParticipationDTO[id=2026, testRun=false, type=programming, submissionCount=null, exercise=ParticipationExerciseDTO[id=2608, exerciseType=PROGRAMMING, type=programming, assessmentType=AUTOMATIC, dueDate=2025-02-16T23:45:43.597978Z, assessmentDueDate=null, maxPoints=42.0, course=CourseDTO[id=991, accuracyOfScores=1]]], submissionExerciseType=programming, isProcessing=false, buildStartDate=null, estimatedCompletionDate=null], participation=ParticipationDTO[id=2026, testRun=false, type=programming, submissionCount=null, exercise=ParticipationExerciseDTO[id=2608, exerciseType=PROGRAMMING, type=programming, assessmentType=AUTOMATIC, dueDate=2025-02-16T23:45:43.597978Z, assessmentDueDate=null, maxPoints=42.0, course=CourseDTO[id=991, accuracyOfScores=1]]], feedbacks=[FeedbackDTO[id=959, text=null, detailText=The exercise expects a class with the name Context in the package testpackage. You did not implement the class in the exercise., hasLongFeedbackText=false, reference=null, credits=0.0, positive=false, type=AUTOMATIC, visibility=ALWAYS, testCase=TestCaseDTO[testName=null, id=1448]], FeedbackDTO[id=960, text=null, detailText=The exercise expects a class with the name Policy in the package testpackage. You did not implement the class in the exercise., hasLongFeedbackText=false, reference=null, credits=0.0, positive=false, type=AUTOMATIC, visibility=ALWAYS, testCase=TestCaseDTO[testName=null, id=1449]], FeedbackDTO[id=961, text=null, detailText=The exercise expects a class with the name SortStrategy in the package testpackage. You did not implement the class in the exercise., hasLongFeedbackText=false, reference=null, credits=0.0, positive=false, type=AUTOMATIC, visibility=ALWAYS, testCase=TestCaseDTO[testName=null, id=1450]], FeedbackDTO[id=962, text=null, detailText=The class 'MergeSort' does not implement the interface 'SortStrategy' as expected. Implement the interface and its methods., hasLongFeedbackText=false, reference=null, credits=0.0, positive=false, type=AUTOMATIC, visibility=ALWAYS, testCase=TestCaseDTO[testName=null, id=1445]], FeedbackDTO[id=963, text=null, detailText=The exercise expects a class with the name SortStrategy in the package testpackage. You did not implement the class in the exercise., hasLongFeedbackText=false, reference=null, credits=0.0, positive=false, type=AUTOMATIC, visibility=ALWAYS, testCase=TestCaseDTO[testName=null, id=1442]], FeedbackDTO[id=964, text=null, detailText=The class 'BubbleSort' does not implement the interface 'SortStrategy' as expected. Implement the interface and its methods., hasLongFeedbackText=false, reference=null, credits=0.0, positive=false, type=AUTOMATIC, visibility=ALWAYS, testCase=TestCaseDTO[testName=null, id=1446]], FeedbackDTO[id=965, text=null, detailText=MergeSort does not sort correctly, hasLongFeedbackText=false, reference=null, credits=0.0, positive=false, type=AUTOMATIC, visibility=ALWAYS, testCase=TestCaseDTO[testName=null, id=1451]], FeedbackDTO[id=966, text=null, detailText=The class 'Context' was not found within the submission. Make sure to implement it properly., hasLongFeedbackText=false, reference=null, credits=0.0, positive=false, type=AUTOMATIC, visibility=ALWAYS, testCase=TestCaseDTO[testName=null, id=1452]], FeedbackDTO[id=967, text=null, detailText=The class 'Context' was not found within the submission. Make sure to implement it properly., hasLongFeedbackText=false, reference=null, credits=0.0, positive=false, type=AUTOMATIC, visibility=ALWAYS, testCase=TestCaseDTO[testName=null, id=1453]], FeedbackDTO[id=968, text=null, detailText=The exercise expects a class with the name Policy in the package testpackage. You did not implement the class in the exercise., hasLongFeedbackText=false, reference=null, credits=0.0, positive=false, type=AUTOMATIC, visibility=ALWAYS, testCase=TestCaseDTO[testName=null, id=1447]], FeedbackDTO[id=969, text=null, detailText=The exercise expects a class with the name Context in the package testpackage. You did not implement the class in the exercise., hasLongFeedbackText=false, reference=null, credits=0.0, positive=false, type=AUTOMATIC, visibility=ALWAYS, testCase=TestCaseDTO[testName=null, id=1443]], FeedbackDTO[id=970, text=null, detailText=The exercise expects a class with the name Policy in the package testpackage. You did not implement the class in the exercise., hasLongFeedbackText=false, reference=null, credits=0.0, positive=false, type=AUTOMATIC, visibility=ALWAYS, testCase=TestCaseDTO[testName=null, id=1444]], FeedbackDTO[id=971, text=null, detailText=null, hasLongFeedbackText=false, reference=null, credits=3.230769230769231, positive=true, type=AUTOMATIC, visibility=ALWAYS, testCase=TestCaseDTO[testName=null, id=1454]]], assessmentType=AUTOMATIC, hasComplaint=null, exampleResult=null, testCaseCount=13, passedTestCaseCount=1, codeIssueCount=0]], BuildJobQueueItem[id=20271739576746886, name=SHORT0FC863930E92904248098A506171F81CF6CFTSTEXC-SOLUTION, buildAgent=BuildAgentDTO[name=artemis-build-agent-test, memberAddress=[127.0.0.1]:5703, displayName=artemis-build-agent-test], participationId=2027, courseId=992, exerciseId=2609, retryCount=0, priority=2, status=SUCCESSFUL, repositoryInfo=RepositoryInfo[repositoryName=short0fc863930e92904248098a506171f81cf6cftstexc-solution, repositoryType=solution, triggeredByPushTo=auxiliary, assignmentRepositoryUri=http://localhost:49152/git/SHORT0FC863930E92904248098A506171F81CF6CFTSTEXC/short0fc863930e92904248098a506171f81cf6cftstexc-solution.git, testRepositoryUri=http://localhost:49152/git/SHORT0FC863930E92904248098A506171F81CF6CFTSTEXC/short0fc863930e92904248098a506171f81cf6cftstexc-tests.git, solutionRepositoryUri=null, auxiliaryRepositoryUris=[Ljava.lang.String;@43e59957, auxiliaryRepositoryCheckoutDirectories=[Ljava.lang.String;@34864e05], jobTimingInfo=JobTimingInfo[submissionDate=2025-02-14T23:45:46.886984066Z[Etc/UTC], buildStartDate=2025-02-14T23:45:46.897709578Z[Etc/UTC], buildCompletionDate=2025-02-14T23:45:48.628460156Z[Etc/UTC], estimatedCompletionDate=2025-02-14T23:46:05.897701272Z[Etc/UTC], estimatedDuration=19], buildConfig=BuildConfig[buildScript=#!/bin/bash
cd /var/tmp/testing-dir
chmod +x ./gradlew
./gradlew clean test
, dockerImage=dummy-docker-image:latest, commitHashToBuild=null, assignmentCommitHash=115a2e943bee242fdad360b50d8ad5f30792577e, testCommitHash=9b3a9bd71a0d80e5bbc42204c319ed3d1d4f0d6d, branch=main, programmingLanguage=JAVA, projectType=PLAIN_GRADLE, scaEnabled=false, sequentialTestRunsEnabled=false, resultPaths=[/var/tmp/testing-dir/**/test-results/test/*.xml], timeoutSeconds=0, assignmentCheckoutPath=null, testCheckoutPath=null, solutionCheckoutPath=null, dockerRunConfig=null], submissionResult=ResultDTO[id=636, completionDate=2025-02-14T23:45:48.593370968Z[Etc/UTC], successful=true, score=100.0, rated=true, submission=SubmissionDTO[id=830, submitted=true, type=TEST, exampleSubmission=null, submissionDate=2025-02-14T23:45:46.873671Z, commitHash=9b3a9bd71a0d80e5bbc42204c319ed3d1d4f0d6d, buildFailed=false, buildArtifact=false, participation=ParticipationDTO[id=2027, testRun=false, type=solution, submissionCount=null, exercise=ParticipationExerciseDTO[id=2609, exerciseType=PROGRAMMING, type=programming, assessmentType=AUTOMATIC, dueDate=2025-02-16T23:45:46.386304Z, assessmentDueDate=null, maxPoints=42.0, course=CourseDTO[id=992, accuracyOfScores=1]]], submissionExerciseType=programming, isProcessing=false, buildStartDate=null, estimatedCompletionDate=null], participation=ParticipationDTO[id=2027, testRun=false, type=solution, submissionCount=null, exercise=ParticipationExerciseDTO[id=2609, exerciseType=PROGRAMMING, type=programming, assessmentType=AUTOMATIC, dueDate=2025-02-16T23:45:46.386304Z, assessmentDueDate=null, maxPoints=42.0, course=CourseDTO[id=992, accuracyOfScores=1]]], feedbacks=[FeedbackDTO[id=972, text=null, detailText=null, hasLongFeedbackText=false, reference=null, credits=3.230769230769231, positive=true, type=AUTOMATIC, visibility=ALWAYS, testCase=TestCaseDTO[testName=testMethods[Context], id=1461]], FeedbackDTO[id=973, text=null, detailText=null, hasLongFeedbackText=false, reference=null, credits=3.230769230769231, positive=true, type=AUTOMATIC, visibility=ALWAYS, testCase=TestCaseDTO[testName=testMethods[Policy], id=1462]], FeedbackDTO[id=974, text=null, detailText=null, hasLongFeedbackText=false, reference=null, credits=3.230769230769231, positive=true, type=AUTOMATIC, visibility=ALWAYS, testCase=TestCaseDTO[testName=testMethods[SortStrategy], id=1463]], FeedbackDTO[id=975, text=null, detailText=null, hasLongFeedbackText=false, reference=null, credits=3.230769230769231, positive=true, type=AUTOMATIC, visibility=ALWAYS, testCase=TestCaseDTO[testName=testClass[MergeSort], id=1458]], FeedbackDTO[id=976, text=null, detailText=null, hasLongFeedbackText=false, reference=null, credits=3.230769230769231, positive=true, type=AUTOMATIC, visibility=ALWAYS, testCase=TestCaseDTO[testName=testClass[SortStrategy], id=1455]], FeedbackDTO[id=977, text=null, detailText=null, hasLongFeedbackText=false, reference=null, credits=3.230769230769231, positive=true, type=AUTOMATIC, visibility=ALWAYS, testCase=TestCaseDTO[testName=testClass[BubbleSort], id=1459]], FeedbackDTO[id=978, text=null, detailText=null, hasLongFeedbackText=false, reference=null, credits=3.230769230769231, positive=true, type=AUTOMATIC, visibility=ALWAYS, testCase=TestCaseDTO[testName=testMergeSort(), id=1464]], FeedbackDTO[id=979, text=null, detailText=null, hasLongFeedbackText=false, reference=null, credits=3.230769230769231, positive=true, type=AUTOMATIC, visibility=ALWAYS, testCase=TestCaseDTO[testName=testUseBubbleSortForSmallList(), id=1465]], FeedbackDTO[id=980, text=null, detailText=null, hasLongFeedbackText=false, reference=null, credits=3.230769230769231, positive=true, type=AUTOMATIC, visibility=ALWAYS, testCase=TestCaseDTO[testName=testBubbleSort(), id=1467]], FeedbackDTO[id=981, text=null, detailText=null, hasLongFeedbackText=false, reference=null, credits=3.230769230769231, positive=true, type=AUTOMATIC, visibility=ALWAYS, testCase=TestCaseDTO[testName=testUseMergeSortForBigList(), id=1466]], FeedbackDTO[id=982, text=null, detailText=null, hasLongFeedbackText=false, reference=null, credits=3.230769230769231, positive=true, type=AUTOMATIC, visibility=ALWAYS, testCase=TestCaseDTO[testName=testConstructors[Policy], id=1460]], FeedbackDTO[id=983, text=null, detailText=null, hasLongFeedbackText=false, reference=null, credits=3.230769230769231, positive=true, type=AUTOMATIC, visibility=ALWAYS, testCase=TestCaseDTO[testName=testAttributes[Context], id=1456]], FeedbackDTO[id=984, text=null, detailText=null, hasLongFeedbackText=false, reference=null, credits=3.230769230769231, positive=true, type=AUTOMATIC, visibility=ALWAYS, testCase=TestCaseDTO[testName=testAttributes[Policy], id=1457]]], assessmentType=AUTOMATIC, hasComplaint=null, exampleResult=null, testCaseCount=13, passedTestCaseCount=13, codeIssueCount=0]], BuildJobQueueItem[id=20281739576748768, name=SHORT0FC863930E92904248098A506171F81CF6CFTSTEXC-BASE, buildAgent=BuildAgentDTO[name=artemis-build-agent-test, memberAddress=[127.0.0.1]:5703, displayName=artemis-build-agent-test], participationId=2028, courseId=992, exerciseId=2609, retryCount=0, priority=2, status=SUCCESSFUL, repositoryInfo=RepositoryInfo[repositoryName=short0fc863930e92904248098a506171f81cf6cftstexc-exercise, repositoryType=exercise, triggeredByPushTo=auxiliary, assignmentRepositoryUri=http://localhost:49152/git/SHORT0FC863930E92904248098A506171F81CF6CFTSTEXC/short0fc863930e92904248098a506171f81cf6cftstexc-exercise.git, testRepositoryUri=http://localhost:49152/git/SHORT0FC863930E92904248098A506171F81CF6CFTSTEXC/short0fc863930e92904248098a506171f81cf6cftstexc-tests.git, solutionRepositoryUri=null, auxiliaryRepositoryUris=[Ljava.lang.String;@1d9917a9, auxiliaryRepositoryCheckoutDirectories=[Ljava.lang.String;@4e019c49], jobTimingInfo=JobTimingInfo[submissionDate=2025-02-14T23:45:48.768063548Z[Etc/UTC], buildStartDate=2025-02-14T23:45:48.802531989Z[Etc/UTC], buildCompletionDate=2025-02-14T23:45:50.482681367Z[Etc/UTC], estimatedCompletionDate=2025-02-14T23:45:50.802523092Z[Etc/UTC], estimatedDuration=2], buildConfig=BuildConfig[buildScript=#!/bin/bash
cd /var/tmp/testing-dir
chmod +x ./gradlew
./gradlew clean test
, dockerImage=dummy-docker-image:latest, commitHashToBuild=9b3a9bd71a0d80e5bbc42204c319ed3d1d4f0d6d, assignmentCommitHash=115a2e943bee242fdad360b50d8ad5f30792577e, testCommitHash=9b3a9bd71a0d80e5bbc42204c319ed3d1d4f0d6d, branch=main, programmingLanguage=JAVA, projectType=PLAIN_GRADLE, scaEnabled=false, sequentialTestRunsEnabled=false, resultPaths=[/var/tmp/testing-dir/**/test-results/test/*.xml], timeoutSeconds=0, assignmentCheckoutPath=null, testCheckoutPath=null, solutionCheckoutPath=null, dockerRunConfig=null], submissionResult=ResultDTO[id=637, completionDate=2025-02-14T23:45:50.449084694Z[Etc/UTC], successful=false, score=0.0, rated=true, submission=SubmissionDTO[id=831, submitted=true, type=TEST, exampleSubmission=null, submissionDate=2025-02-14T23:45:48.761177Z, commitHash=9b3a9bd71a0d80e5bbc42204c319ed3d1d4f0d6d, buildFailed=false, buildArtifact=false, participation=ParticipationDTO[id=2028, testRun=false, type=template, submissionCount=null, exercise=ParticipationExerciseDTO[id=2609, exerciseType=PROGRAMMING, type=programming, assessmentType=AUTOMATIC, dueDate=2025-02-16T23:45:46.386304Z, assessmentDueDate=null, maxPoints=42.0, course=CourseDTO[id=992, accuracyOfScores=1]]], submissionExerciseType=programming, isProcessing=false, buildStartDate=null, estimatedCompletionDate=null], participation=ParticipationDTO[id=2028, testRun=false, type=template, submissionCount=null, exercise=ParticipationExerciseDTO[id=2609, exerciseType=PROGRAMMING, type=programming, assessmentType=AUTOMATIC, dueDate=2025-02-16T23:45:46.386304Z, assessmentDueDate=null, maxPoints=42.0, course=CourseDTO[id=992, accuracyOfScores=1]]], feedbacks=[FeedbackDTO[id=985, text=null, detailText=The exercise expects a class with the name Context in the package testpackage. You did not implement the class in the exercise., hasLongFeedbackText=false, reference=null, credits=0.0, positive=false, type=AUTOMATIC, visibility=ALWAYS, testCase=TestCaseDTO[testName=testMethods[Context], id=1461]], FeedbackDTO[id=986, text=null, detailText=The exercise expects a class with the name Policy in the package testpackage. You did not implement the class in the exercise., hasLongFeedbackText=false, reference=null, credits=0.0, positive=false, type=AUTOMATIC, visibility=ALWAYS, testCase=TestCaseDTO[testName=testMethods[Policy], id=1462]], FeedbackDTO[id=987, text=null, detailText=The exercise expects a class with the name SortStrategy in the package testpackage. You did not implement the class in the exercise., hasLongFeedbackText=false, reference=null, credits=0.0, positive=false, type=AUTOMATIC, visibility=ALWAYS, testCase=TestCaseDTO[testName=testMethods[SortStrategy], id=1463]], FeedbackDTO[id=988, text=null, detailText=The class 'MergeSort' does not implement the interface 'SortStrategy' as expected. Implement the interface and its methods., hasLongFeedbackText=false, reference=null, credits=0.0, positive=false, type=AUTOMATIC, visibility=ALWAYS, testCase=TestCaseDTO[testName=testClass[MergeSort], id=1458]], FeedbackDTO[id=989, text=null, detailText=The exercise expects a class with the name SortStrategy in the package testpackage. You did not implement the class in the exercise., hasLongFeedbackText=false, reference=null, credits=0.0, positive=false, type=AUTOMATIC, visibility=ALWAYS, testCase=TestCaseDTO[testName=testClass[SortStrategy], id=1455]], FeedbackDTO[id=990, text=null, detailText=The class 'BubbleSort' does not implement the interface 'SortStrategy' as expected. Implement the interface and its methods., hasLongFeedbackText=false, reference=null, credits=0.0, positive=false, type=AUTOMATIC, visibility=ALWAYS, testCase=TestCaseDTO[testName=testClass[BubbleSort], id=1459]], FeedbackDTO[id=991, text=null, detailText=MergeSort does not sort correctly, hasLongFeedbackText=false, reference=null, credits=0.0, positive=false, type=AUTOMATIC, visibility=ALWAYS, testCase=TestCaseDTO[testName=testMergeSort(), id=1464]], FeedbackDTO[id=992, text=null, detailText=The class 'Context' was not found within the submission. Make sure to implement it properly., hasLongFeedbackText=false, reference=null, credits=0.0, positive=false, type=AUTOMATIC, visibility=ALWAYS, testCase=TestCaseDTO[testName=testUseBubbleSortForSmallList(), id=1465]], FeedbackDTO[id=993, text=null, detailText=BubbleSort does not sort correctly, hasLongFeedbackText=false, reference=null, credits=0.0, positive=false, type=AUTOMATIC, visibility=ALWAYS, testCase=TestCaseDTO[testName=testBubbleSort(), id=1467]], FeedbackDTO[id=994, text=null, detailText=The class 'Context' was not found within the submission. Make sure to implement it properly., hasLongFeedbackText=false, reference=null, credits=0.0, positive=false, type=AUTOMATIC, visibility=ALWAYS, testCase=TestCaseDTO[testName=testUseMergeSortForBigList(), id=1466]], FeedbackDTO[id=995, text=null, detailText=The exercise expects a class with the name Policy in the package testpackage. You did not implement the class in the exercise., hasLongFeedbackText=false, reference=null, credits=0.0, positive=false, type=AUTOMATIC, visibility=ALWAYS, testCase=TestCaseDTO[testName=testConstructors[Policy], id=1460]], FeedbackDTO[id=996, text=null, detailText=The exercise expects a class with the name Context in the package testpackage. You did not implement the class in the exercise., hasLongFeedbackText=false, reference=null, credits=0.0, positive=false, type=AUTOMATIC, visibility=ALWAYS, testCase=TestCaseDTO[testName=testAttributes[Context], id=1456]], FeedbackDTO[id=997, text=null, detailText=The exercise expects a class with the name Policy in the package testpackage. You did not implement the class in the exercise., hasLongFeedbackText=false, reference=null, credits=0.0, positive=false, type=AUTOMATIC, visibility=ALWAYS, testCase=TestCaseDTO[testName=testAttributes[Policy], id=1457]]], assessmentType=AUTOMATIC, hasComplaint=null, exampleResult=null, testCaseCount=13, passedTestCaseCount=0, codeIssueCount=0]], BuildJobQueueItem[id=20291739576751299, name=SHORT716C2EC10B19B049C80A2F00B97EAB20B2A9TSTEXC-SOLUTION, buildAgent=BuildAgentDTO[name=artemis-build-agent-test, memberAddress=[127.0.0.1]:5703, displayName=artemis-build-agent-test], participationId=2029, courseId=993, exerciseId=2610, retryCount=0, priority=2, status=SUCCESSFUL, repositoryInfo=RepositoryInfo[repositoryName=short716c2ec10b19b049c80a2f00b97eab20b2a9tstexc-solution, repositoryType=solution, triggeredByPushTo=tests, assignmentRepositoryUri=http://localhost:49152/git/SHORT716C2EC10B19B049C80A2F00B97EAB20B2A9TSTEXC/short716c2ec10b19b049c80a2f00b97eab20b2a9tstexc-solution.git, testRepositoryUri=http://localhost:49152/git/SHORT716C2EC10B19B049C80A2F00B97EAB20B2A9TSTEXC/short716c2ec10b19b049c80a2f00b97eab20b2a9tstexc-tests.git, solutionRepositoryUri=null, auxiliaryRepositoryUris=[Ljava.lang.String;@21419bff, auxiliaryRepositoryCheckoutDirectories=[Ljava.lang.String;@27b10fb4], jobTimingInfo=JobTimingInfo[submissionDate=2025-02-14T23:45:51.299892174Z[Etc/UTC], buildStartDate=2025-02-14T23:45:51.314028505Z[Etc/UTC], buildCompletionDate=2025-02-14T23:45:52.158312850Z[Etc/UTC], estimatedCompletionDate=2025-02-14T23:46:10.314021752Z[Etc/UTC], estimatedDuration=19], buildConfig=BuildConfig[buildScript=#!/bin/bash
cd /var/tmp/testing-dir
chmod +x ./gradlew
./gradlew clean test
, dockerImage=dummy-docker-image:latest, commitHashToBuild=1e531733ed6e9237f710b528d1eb0b7beac565fd, assignmentCommitHash=815e279f12ad296b4f24c44134a07293c04c010f, testCommitHash=1e531733ed6e9237f710b528d1eb0b7beac565fd, branch=main, programmingLanguage=JAVA, projectType=PLAIN_GRADLE, scaEnabled=false, sequentialTestRunsEnabled=false, resultPaths=[/var/tmp/testing-dir/**/test-results/test/*.xml], timeoutSeconds=0, assignmentCheckoutPath=null, testCheckoutPath=null, solutionCheckoutPath=null, dockerRunConfig=null], submissionResult=ResultDTO[id=638, completionDate=2025-02-14T23:45:52.146826070Z[Etc/UTC], successful=true, score=100.0, rated=true, submission=SubmissionDTO[id=832, submitted=true, type=TEST, exampleSubmission=null, submissionDate=2025-02-14T23:45:51.275713Z, commitHash=1e531733ed6e9237f710b528d1eb0b7beac565fd, buildFailed=false, buildArtifact=false, participation=ParticipationDTO[id=2029, testRun=false, type=solution, submissionCount=null, exercise=ParticipationExerciseDTO[id=2610, exerciseType=PROGRAMMING, type=programming, assessmentType=AUTOMATIC, dueDate=2025-02-16T23:45:50.869093Z, assessmentDueDate=null, maxPoints=42.0, course=CourseDTO[id=993, accuracyOfScores=1]]], submissionExerciseType=programming, isProcessing=false, buildStartDate=null, estimatedCompletionDate=null], participation=ParticipationDTO[id=2029, testRun=false, type=solution, submissionCount=null, exercise=ParticipationExerciseDTO[id=2610, exerciseType=PROGRAMMING, type=programming, assessmentType=AUTOMATIC, dueDate=2025-02-16T23:45:50.869093Z, assessmentDueDate=null, maxPoints=42.0, course=CourseDTO[id=993, accuracyOfScores=1]]], feedbacks=[FeedbackDTO[id=998, text=null, detailText=null, hasLongFeedbackText=false, reference=null, credits=3.230769230769231, positive=true, type=AUTOMATIC, visibility=ALWAYS, testCase=TestCaseDTO[testName=testMethods[Context], id=1474]], FeedbackDTO[id=999, text=null, detailText=null, hasLongFeedbackText=false, reference=null, credits=3.230769230769231, positive=true, type=AUTOMATIC, visibility=ALWAYS, testCase=TestCaseDTO[testName=testMethods[Policy], id=1475]], FeedbackDTO[id=1000, text=null, detailText=null, hasLongFeedbackText=false, reference=null, credits=3.230769230769231, positive=true, type=AUTOMATIC, visibility=ALWAYS, testCase=TestCaseDTO[testName=testMethods[SortStrategy], id=1476]], FeedbackDTO[id=1001, text=null, detailText=null, hasLongFeedbackText=false, reference=null, credits=3.230769230769231, positive=true, type=AUTOMATIC, visibility=ALWAYS, testCase=TestCaseDTO[testName=testClass[MergeSort], id=1471]], FeedbackDTO[id=1002, text=null, detailText=null, hasLongFeedbackText=false, reference=null, credits=3.230769230769231, positive=true, type=AUTOMATIC, visibility=ALWAYS, testCase=TestCaseDTO[testName=testClass[SortStrategy], id=1468]], FeedbackDTO[id=1003, text=null, detailText=null, hasLongFeedbackText=false, reference=null, credits=3.230769230769231, positive=true, type=AUTOMATIC, visibility=ALWAYS, testCase=TestCaseDTO[testName=testClass[BubbleSort], id=1472]], FeedbackDTO[id=1004, text=null, detailText=null, hasLongFeedbackText=false, reference=null, credits=3.230769230769231, positive=true, type=AUTOMATIC, visibility=ALWAYS, testCase=TestCaseDTO[testName=testMergeSort(), id=1477]], FeedbackDTO[id=1005, text=null, detailText=null, hasLongFeedbackText=false, reference=null, credits=3.230769230769231, positive=true, type=AUTOMATIC, visibility=ALWAYS, testCase=TestCaseDTO[testName=testUseBubbleSortForSmallList(), id=1478]], FeedbackDTO[id=1006, text=null, detailText=null, hasLongFeedbackText=false, reference=null, credits=3.230769230769231, positive=true, type=AUTOMATIC, visibility=ALWAYS, testCase=TestCaseDTO[testName=testBubbleSort(), id=1480]], FeedbackDTO[id=1007, text=null, detailText=null, hasLongFeedbackText=false, reference=null, credits=3.230769230769231, positive=true, type=AUTOMATIC, visibility=ALWAYS, testCase=TestCaseDTO[testName=testUseMergeSortForBigList(), id=1479]], FeedbackDTO[id=1008, text=null, detailText=null, hasLongFeedbackText=false, reference=null, credits=3.230769230769231, positive=true, type=AUTOMATIC, visibility=ALWAYS, testCase=TestCaseDTO[testName=testConstructors[Policy], id=1473]], FeedbackDTO[id=1009, text=null, detailText=null, hasLongFeedbackText=false, reference=null, credits=3.230769230769231, positive=true, type=AUTOMATIC, visibility=ALWAYS, testCase=TestCaseDTO[testName=testAttributes[Context], id=1469]], FeedbackDTO[id=1010, text=null, detailText=null, hasLongFeedbackText=false, reference=null, credits=3.230769230769231, positive=true, type=AUTOMATIC, visibility=ALWAYS, testCase=TestCaseDTO[testName=testAttributes[Policy], id=1470]]], assessmentType=AUTOMATIC, hasComplaint=null, exampleResult=null, testCaseCount=13, passedTestCaseCount=13, codeIssueCount=0]], BuildJobQueueItem[id=20301739576752239, name=SHORT716C2EC10B19B049C80A2F00B97EAB20B2A9TSTEXC-BASE, buildAgent=BuildAgentDTO[name=artemis-build-agent-test, memberAddress=[127.0.0.1]:5703, displayName=artemis-build-agent-test], participationId=2030, courseId=993, exerciseId=2610, retryCount=0, priority=2, status=SUCCESSFUL, repositoryInfo=RepositoryInfo[repositoryName=short716c2ec10b19b049c80a2f00b97eab20b2a9tstexc-exercise, repositoryType=exercise, triggeredByPushTo=tests, assignmentRepositoryUri=http://localhost:49152/git/SHORT716C2EC10B19B049C80A2F00B97EAB20B2A9TSTEXC/short716c2ec10b19b049c80a2f00b97eab20b2a9tstexc-exercise.git, testRepositoryUri=http://localhost:49152/git/SHORT716C2EC10B19B049C80A2F00B97EAB20B2A9TSTEXC/short716c2ec10b19b049c80a2f00b97eab20b2a9tstexc-tests.git, solutionRepositoryUri=null, auxiliaryRepositoryUris=[Ljava.lang.String;@72c070b4, auxiliaryRepositoryCheckoutDirectories=[Ljava.lang.String;@30614971], jobTimingInfo=JobTimingInfo[submissionDate=2025-02-14T23:45:52.239402475Z[Etc/UTC], buildStartDate=2025-02-14T23:45:52.258713639Z[Etc/UTC], buildCompletionDate=2025-02-14T23:45:53.238773956Z[Etc/UTC], estimatedCompletionDate=2025-02-14T23:45:53.258707428Z[Etc/UTC], estimatedDuration=1], buildConfig=BuildConfig[buildScript=#!/bin/bash
cd /var/tmp/testing-dir
chmod +x ./gradlew
./gradlew clean test
, dockerImage=dummy-docker-image:latest, commitHashToBuild=1e531733ed6e9237f710b528d1eb0b7beac565fd, assignmentCommitHash=815e279f12ad296b4f24c44134a07293c04c010f, testCommitHash=1e531733ed6e9237f710b528d1eb0b7beac565fd, branch=main, programmingLanguage=JAVA, projectType=PLAIN_GRADLE, scaEnabled=false, sequentialTestRunsEnabled=false, resultPaths=[/var/tmp/testing-dir/**/test-results/test/*.xml], timeoutSeconds=0, assignmentCheckoutPath=null, testCheckoutPath=null, solutionCheckoutPath=null, dockerRunConfig=null], submissionResult=ResultDTO[id=639, completionDate=2025-02-14T23:45:53.225806205Z[Etc/UTC], successful=false, score=0.0, rated=true, submission=SubmissionDTO[id=833, submitted=true, type=TEST, exampleSubmission=null, submissionDate=2025-02-14T23:45:52.237179Z, commitHash=1e531733ed6e9237f710b528d1eb0b7beac565fd, buildFailed=false, buildArtifact=false, participation=ParticipationDTO[id=2030, testRun=false, type=template, submissionCount=null, exercise=ParticipationExerciseDTO[id=2610, exerciseType=PROGRAMMING, type=programming, assessmentType=AUTOMATIC, dueDate=2025-02-16T23:45:50.869093Z, assessmentDueDate=null, maxPoints=42.0, course=CourseDTO[id=993, accuracyOfScores=1]]], submissionExerciseType=programming, isProcessing=false, buildStartDate=null, estimatedCompletionDate=null], participation=ParticipationDTO[id=2030, testRun=false, type=template, submissionCount=null, exercise=ParticipationExerciseDTO[id=2610, exerciseType=PROGRAMMING, type=programming, assessmentType=AUTOMATIC, dueDate=2025-02-16T23:45:50.869093Z, assessmentDueDate=null, maxPoints=42.0, course=CourseDTO[id=993, accuracyOfScores=1]]], feedbacks=[FeedbackDTO[id=1011, text=null, detailText=The exercise expects a class with the name Context in the package testpackage. You did not implement the class in the exercise., hasLongFeedbackText=false, reference=null, credits=0.0, positive=false, type=AUTOMATIC, visibility=ALWAYS, testCase=TestCaseDTO[testName=testMethods[Context], id=1474]], FeedbackDTO[id=1012, text=null, detailText=The exercise expects a class with the name Policy in the package testpackage. You did not implement the class in the exercise., hasLongFeedbackText=false, reference=null, credits=0.0, positive=false, type=AUTOMATIC, visibility=ALWAYS, testCase=TestCaseDTO[testName=testMethods[Policy], id=1475]], FeedbackDTO[id=1013, text=null, detailText=The exercise expects a class with the name SortStrategy in the package testpackage. You did not implement the class in the exercise., hasLongFeedbackText=false, reference=null, credits=0.0, positive=false, type=AUTOMATIC, visibility=ALWAYS, testCase=TestCaseDTO[testName=testMethods[SortStrategy], id=1476]], FeedbackDTO[id=1014, text=null, detailText=The class 'MergeSort' does not implement the interface 'SortStrategy' as expected. Implement the interface and its methods., hasLongFeedbackText=false, reference=null, credits=0.0, positive=false, type=AUTOMATIC, visibility=ALWAYS, testCase=TestCaseDTO[testName=testClass[MergeSort], id=1471]], FeedbackDTO[id=1015, text=null, detailText=The exercise expects a class with the name SortStrategy in the package testpackage. You did not implement the class in the exercise., hasLongFeedbackText=false, reference=null, credits=0.0, positive=false, type=AUTOMATIC, visibility=ALWAYS, testCase=TestCaseDTO[testName=testClass[SortStrategy], id=1468]], FeedbackDTO[id=1016, text=null, detailText=The class 'BubbleSort' does not implement the interface 'SortStrategy' as expected. Implement the interface and its methods., hasLongFeedbackText=false, reference=null, credits=0.0, positive=false, type=AUTOMATIC, visibility=ALWAYS, testCase=TestCaseDTO[testName=testClass[BubbleSort], id=1472]], FeedbackDTO[id=1017, text=null, detailText=MergeSort does not sort correctly, hasLongFeedbackText=false, reference=null, credits=0.0, positive=false, type=AUTOMATIC, visibility=ALWAYS, testCase=TestCaseDTO[testName=testMergeSort(), id=1477]], FeedbackDTO[id=1018, text=null, detailText=The class 'Context' was not found within the submission. Make sure to implement it properly., hasLongFeedbackText=false, reference=null, credits=0.0, positive=false, type=AUTOMATIC, visibility=ALWAYS, testCase=TestCaseDTO[testName=testUseBubbleSortForSmallList(), id=1478]], FeedbackDTO[id=1019, text=null, detailText=BubbleSort does not sort correctly, hasLongFeedbackText=false, reference=null, credits=0.0, positive=false, type=AUTOMATIC, visibility=ALWAYS, testCase=TestCaseDTO[testName=testBubbleSort(), id=1480]], FeedbackDTO[id=1020, text=null, detailText=The class 'Context' was not found within the submission. Make sure to implement it properly., hasLongFeedbackText=false, reference=null, credits=0.0, positive=false, type=AUTOMATIC, visibility=ALWAYS, testCase=TestCaseDTO[testName=testUseMergeSortForBigList(), id=1479]], FeedbackDTO[id=1021, text=null, detailText=The exercise expects a class with the name Policy in the package testpackage. You did not implement the class in the exercise., hasLongFeedbackText=false, reference=null, credits=0.0, positive=false, type=AUTOMATIC, visibility=ALWAYS, testCase=TestCaseDTO[testName=testConstructors[Policy], id=1473]], FeedbackDTO[id=1022, text=null, detailText=The exercise expects a class with the name Context in the package testpackage. You did not implement the class in the exercise., hasLongFeedbackText=false, reference=null, credits=0.0, positive=false, type=AUTOMATIC, visibility=ALWAYS, testCase=TestCaseDTO[testName=testAttributes[Context], id=1469]], FeedbackDTO[id=1023, text=null, detailText=The exercise expects a class with the name Policy in the package testpackage. You did not implement the class in the exercise., hasLongFeedbackText=false, reference=null, credits=0.0, positive=false, type=AUTOMATIC, visibility=ALWAYS, testCase=TestCaseDTO[testName=testAttributes[Policy], id=1470]]], assessmentType=AUTOMATIC, hasComplaint=null, exampleResult=null, testCaseCount=13, passedTestCaseCount=0, codeIssueCount=0]], BuildJobQueueItem[id=20391739576754750, name=SHORT3A680734092E404EF80A4C60FBC1E408F7D0TSTEXC-LOCALVCCIINTSTUDENT1, buildAgent=BuildAgentDTO[name=artemis-build-agent-test, memberAddress=[127.0.0.1]:5703, displayName=artemis-build-agent-test], participationId=2039, courseId=996, exerciseId=2613, retryCount=0, priority=2, status=SUCCESSFUL, repositoryInfo=RepositoryInfo[repositoryName=short3a680734092e404ef80a4c60fbc1e408f7d0tstexc-localvcciintstudent1, repositoryType=user, triggeredByPushTo=user, assignmentRepositoryUri=http://localhost:49152/git/SHORT3A680734092E404EF80A4C60FBC1E408F7D0TSTEXC/short3a680734092e404ef80a4c60fbc1e408f7d0tstexc-localvcciintstudent1.git, testRepositoryUri=http://localhost:49152/git/SHORT3A680734092E404EF80A4C60FBC1E408F7D0TSTEXC/short3a680734092e404ef80a4c60fbc1e408f7d0tstexc-tests.git, solutionRepositoryUri=null, auxiliaryRepositoryUris=[Ljava.lang.String;@1dd2b2e1, auxiliaryRepositoryCheckoutDirectories=[Ljava.lang.String;@32b1d240], jobTimingInfo=JobTimingInfo[submissionDate=2025-02-14T23:45:54.750657185Z[Etc/UTC], buildStartDate=2025-02-14T23:45:54.765232948Z[Etc/UTC], buildCompletionDate=2025-02-14T23:45:55.645844970Z[Etc/UTC], estimatedCompletionDate=2025-02-14T23:46:13.765225363Z[Etc/UTC], estimatedDuration=19], buildConfig=BuildConfig[buildScript=#!/bin/bash
cd /var/tmp/testing-dir
chmod +x ./gradlew
./gradlew clean test
, dockerImage=dummy-docker-image:latest, commitHashToBuild=9344436f8d5a5ce3aa40215562db211ed501371f, assignmentCommitHash=9344436f8d5a5ce3aa40215562db211ed501371f, testCommitHash=ff421c3651ec230fed2f20f72c2901ae372be06a, branch=main, programmingLanguage=JAVA, projectType=PLAIN_GRADLE, scaEnabled=false, sequentialTestRunsEnabled=false, resultPaths=[/var/tmp/testing-dir/**/test-results/test/*.xml], timeoutSeconds=0, assignmentCheckoutPath=null, testCheckoutPath=null, solutionCheckoutPath=null, dockerRunConfig=null], submissionResult=null]], publicSshKey=ssh-rsa AAAAB3NzaC1yc2EAAAADAQABAAACAQCOPdMsxRE2jFJ/UEa5/LsBxtwzJcrh3/rYBCQvcMeVpiRfhzQPWu7mrt/G2Ew+i+vRloGH9aqKg6dd1liRncao53Zmd/ePxoatXePNhmzTfkCkcSkTUz7B+QMjkoDDV5jwuFPD6mF3JkhuzSi64n9Zy905t4w2IhVcjM2mL3eYNjiCXt6Qpq3Pkt7dM/Ksw1nxnvuiIALuJLB3FTkXkHqq3PJav+9HSq2r6ZaWgekneaGxlQlb+U+Vy3XOuArKAzK8c8i+0bR+AHiTG6ncYXt7ax3U+TdlDTF7OLP3umwaYjs1NBXOHwG42pevvpKn2fqavZZozk+M05jXLx3bq0O7itxfErWc7etky8qYPyyIMF/txQIVLd78+Ze4d7Y60t5MGbXM5cGE6fFif5fEJwgswXD+BrG0cafz1CTatjSKFdvp8Vp4VszXhHDan1PrP6JEFJ5Cc5GDmLRZPCFa3vL9f5qXgf4bkqKN8MYeEujwJE5nMRWoiJVNakix2bcrrneQMBlnYeYZVWXXXUusAQBzl4NgddC1umZpihZkL1b1MffZAUW3EGEXi7KHnllQhkTLLsQ8ntMgbylqaJKStqaXlLvdeRJcEnUuiFCrHEVVbXRFZR7XVDZ02CE5o3MuaRPty8Kh+jRTF3COlAckHwYEJCNNJvXFgb2CNXL4mjzYDw== test@localhost]
    23:45:55.662 | 566 localvc.event-13 | DEBUG | a.p.s.l.SharedQueueManagementService : Build agent updated: null
    23:45:55.663 | 566 localvc.event-13 | DEBUG | p.s.l.LocalCIResultProcessingService : Result of build job with id 20391739576754750 added to queue
    23:45:55.664 | 566 localvc.event-13 | INFO  | p.s.l.LocalCIResultProcessingService : Processing build job result with id 20391739576754750
    23:45:55.664 | 588 artemis-task-1   | DEBUG | d.t.c.a.a.c.c.w.GzipMessageConverter : Compressed message payload from 107269 to 10572 (saved 90.1% payload size)
    23:45:55.664 | 566 localvc.event-13 | DEBUG | p.s.l.LocalCIResultProcessingService : Build jobs waiting in queue: 0
    23:45:55.664 | 566 localvc.event-13 | DEBUG | p.s.l.LocalCIResultProcessingService : Queued build jobs: []
    23:45:55.666 | 566 localvc.event-13 | DEBUG | .s.ProgrammingExerciseGradingService : Received new build result (NEW) for participation 2039
    23:45:55.716 | 566 localvc.event-13 | DEBUG | .c.s.m.InstanceMessageReceiveService : Received schedule participant score for exercise 2613 and participant 238 (result to be deleted: null)
    23:45:55.716 | 566 localvc.event-13 | DEBUG | .a.s.ParticipantScoreScheduleService : Scheduled task for exercise 2613 and participant 238 at 2025-02-14T23:45:55.816536353Z[Etc/UTC].
    23:45:55.717 | 566 localvc.event-13 | DEBUG | .a.a.p.s.ProgrammingMessagingService : Send result to client over websocket. Result: Result{id640, completionDate=2025-02-14T23:45:55.628250079Z[Etc/UTC], successful=false, score=7.7, rated=true, assessmentType=AUTOMATIC, hasComplaint=null, testCaseCount=13, passedTestCaseCount=1, codeIssueCount=0}, Submission: ProgrammingSubmission{commitHash='9344436f8d5a5ce3aa40215562db211ed501371f', buildFailed=false, buildArtifact=false, type=MANUAL}, Participation: ProgrammingExerciseStudentParticipation{id=2039, repositoryUri='http://localhost:49152/git/SHORT3A680734092E404EF80A4C60FBC1E408F7D0TSTEXC/short3a680734092e404ef80a4c60fbc1e408f7d0tstexc-localvcciintstudent1.git', buildPlanId='SHORT3A680734092E404EF80A4C60FBC1E408F7D0TSTEXC-LOCALVCCIINTSTUDENT1', initializationState='INITIALIZED', initializationDate='2025-02-14T23:45:54.656335Z', individualDueDate=null', presentationScore=null}
    23:45:55.723 | 566 localvc.event-13 | DEBUG | d.t.c.a.a.p.s.BuildLogEntryService   : Saved build logs for build job 20391739576754750 to file /tmp/build-logs/short3a680734092e404ef80a4c60fbc1e408f7d0/TSTEXC/20391739576754750.log
    23:45:55.724 | 566 localvc.event-13 | DEBUG | a.p.s.l.LocalCIQueueWebsocketService : Build agent updated: BuildAgentInformation[buildAgent=BuildAgentDTO[name=artemis-build-agent-test, memberAddress=[127.0.0.1]:5703, displayName=artemis-build-agent-test], maxNumberOfConcurrentBuildJobs=1, numberOfCurrentBuildJobs=0, runningBuildJobs=[], status=IDLE, recentBuildJobs=[BuildJobQueueItem[id=19141739576708030, name=SHORT5F02A8F400311042E70858306EB148073CFDTSTEXC-LOCALVCINTSTUDENT1, buildAgent=BuildAgentDTO[name=artemis-build-agent-test, memberAddress=[127.0.0.1]:5703, displayName=artemis-build-agent-test], participationId=1914, courseId=947, exerciseId=2564, retryCount=0, priority=2, status=FAILED, repositoryInfo=RepositoryInfo[repositoryName=short5f02a8f400311042e70858306eb148073cfdtstexc-localvcintstudent1, repositoryType=user, triggeredByPushTo=user, assignmentRepositoryUri=http://localhost:49152/git/SHORT5F02A8F400311042E70858306EB148073CFDTSTEXC/short5f02a8f400311042e70858306eb148073cfdtstexc-localvcintstudent1.git, testRepositoryUri=http://localhost:49152/git/SHORT5F02A8F400311042E70858306EB148073CFDTSTEXC/short5f02a8f400311042e70858306eb148073cfdtstexc-tests.git, solutionRepositoryUri=null, auxiliaryRepositoryUris=[Ljava.lang.String;@397bfbce, auxiliaryRepositoryCheckoutDirectories=[Ljava.lang.String;@433a03], jobTimingInfo=JobTimingInfo[submissionDate=2025-02-14T23:45:08.030118216Z[Etc/UTC], buildStartDate=2025-02-14T23:45:08.041011412Z[Etc/UTC], buildCompletionDate=2025-02-14T23:45:08.054603331Z[Etc/UTC], estimatedCompletionDate=2025-02-14T23:45:27.041005080Z[Etc/UTC], estimatedDuration=19], buildConfig=BuildConfig[buildScript=#!/bin/bash
cd /var/tmp/testing-dir
chmod +x ./gradlew
./gradlew clean test
, dockerImage=dummy-docker-image:latest, commitHashToBuild=6e7146cac5059504aa9d170ec3fa23aec740bb51, assignmentCommitHash=6e7146cac5059504aa9d170ec3fa23aec740bb51, testCommitHash=931e5303581c7a2f01339ba603cfafbfe668b901, branch=main, programmingLanguage=JAVA, projectType=PLAIN_GRADLE, scaEnabled=false, sequentialTestRunsEnabled=false, resultPaths=[/var/tmp/testing-dir/**/test-results/test/*.xml], timeoutSeconds=0, assignmentCheckoutPath=null, testCheckoutPath=null, solutionCheckoutPath=null, dockerRunConfig=null], submissionResult=ResultDTO[id=622, completionDate=2025-02-14T23:45:08.054683681Z[Etc/UTC], successful=false, score=0.0, rated=true, submission=SubmissionDTO[id=814, submitted=true, type=MANUAL, exampleSubmission=null, submissionDate=2025-02-14T23:45:08.016200Z, commitHash=6e7146cac5059504aa9d170ec3fa23aec740bb51, buildFailed=true, buildArtifact=false, participation=ParticipationDTO[id=1914, testRun=false, type=programming, submissionCount=null, exercise=ParticipationExerciseDTO[id=2564, exerciseType=PROGRAMMING, type=programming, assessmentType=AUTOMATIC, dueDate=2025-02-16T23:45:07.324348Z, assessmentDueDate=null, maxPoints=42.0, course=CourseDTO[id=947, accuracyOfScores=1]]], submissionExerciseType=programming, isProcessing=false, buildStartDate=null, estimatedCompletionDate=null], participation=ParticipationDTO[id=1914, testRun=false, type=programming, submissionCount=null, exercise=ParticipationExerciseDTO[id=2564, exerciseType=PROGRAMMING, type=programming, assessmentType=AUTOMATIC, dueDate=2025-02-16T23:45:07.324348Z, assessmentDueDate=null, maxPoints=42.0, course=CourseDTO[id=947, accuracyOfScores=1]]], feedbacks=[], assessmentType=AUTOMATIC, hasComplaint=null, exampleResult=null, testCaseCount=0, passedTestCaseCount=0, codeIssueCount=0]], BuildJobQueueItem[id=19361739576711303, name=SHORT9AFDAE3804CA304DDF0889A0CB0F56104A86TSTEXC-LOCALVCINTSTUDENT1, buildAgent=BuildAgentDTO[name=artemis-build-agent-test, memberAddress=[127.0.0.1]:5703, displayName=artemis-build-agent-test], participationId=1936, courseId=956, exerciseId=2573, retryCount=0, priority=2, status=FAILED, repositoryInfo=RepositoryInfo[repositoryName=short9afdae3804ca304ddf0889a0cb0f56104a86tstexc-localvcintstudent1, repositoryType=user, triggeredByPushTo=user, assignmentRepositoryUri=http://localhost:49152/git/SHORT9AFDAE3804CA304DDF0889A0CB0F56104A86TSTEXC/short9afdae3804ca304ddf0889a0cb0f56104a86tstexc-localvcintstudent1.git, testRepositoryUri=http://localhost:49152/git/SHORT9AFDAE3804CA304DDF0889A0CB0F56104A86TSTEXC/short9afdae3804ca304ddf0889a0cb0f56104a86tstexc-tests.git, solutionRepositoryUri=null, auxiliaryRepositoryUris=[Ljava.lang.String;@322c878b, auxiliaryRepositoryCheckoutDirectories=[Ljava.lang.String;@6b6c165f], jobTimingInfo=JobTimingInfo[submissionDate=2025-02-14T23:45:11.303805653Z[Etc/UTC], buildStartDate=2025-02-14T23:45:11.310981356Z[Etc/UTC], buildCompletionDate=2025-02-14T23:45:11.319178384Z[Etc/UTC], estimatedCompletionDate=2025-02-14T23:45:30.310974944Z[Etc/UTC], estimatedDuration=19], buildConfig=BuildConfig[buildScript=#!/bin/bash
cd /var/tmp/testing-dir
chmod +x ./gradlew
./gradlew clean test
, dockerImage=dummy-docker-image:latest, commitHashToBuild=a1099e378cffde441ef85f9b12577ca174b8e1e4, assignmentCommitHash=a1099e378cffde441ef85f9b12577ca174b8e1e4, testCommitHash=bd38d61c299ab11a1dea82a3ca5493fe04d97d47, branch=main, programmingLanguage=JAVA, projectType=PLAIN_GRADLE, scaEnabled=false, sequentialTestRunsEnabled=false, resultPaths=[/var/tmp/testing-dir/**/test-results/test/*.xml], timeoutSeconds=0, assignmentCheckoutPath=null, testCheckoutPath=null, solutionCheckoutPath=null, dockerRunConfig=null], submissionResult=ResultDTO[id=623, completionDate=2025-02-14T23:45:11.319278430Z[Etc/UTC], successful=false, score=0.0, rated=true, submission=SubmissionDTO[id=815, submitted=true, type=MANUAL, exampleSubmission=null, submissionDate=2025-02-14T23:45:11.294386Z, commitHash=a1099e378cffde441ef85f9b12577ca174b8e1e4, buildFailed=true, buildArtifact=false, participation=ParticipationDTO[id=1936, testRun=false, type=programming, submissionCount=null, exercise=ParticipationExerciseDTO[id=2573, exerciseType=PROGRAMMING, type=programming, assessmentType=AUTOMATIC, dueDate=2025-02-16T23:45:10.996982Z, assessmentDueDate=null, maxPoints=42.0, course=CourseDTO[id=956, accuracyOfScores=1]]], submissionExerciseType=programming, isProcessing=false, buildStartDate=null, estimatedCompletionDate=null], participation=ParticipationDTO[id=1936, testRun=false, type=programming, submissionCount=null, exercise=ParticipationExerciseDTO[id=2573, exerciseType=PROGRAMMING, type=programming, assessmentType=AUTOMATIC, dueDate=2025-02-16T23:45:10.996982Z, assessmentDueDate=null, maxPoints=42.0, course=CourseDTO[id=956, accuracyOfScores=1]]], feedbacks=[], assessmentType=AUTOMATIC, hasComplaint=null, exampleResult=null, testCaseCount=0, passedTestCaseCount=0, codeIssueCount=0]], BuildJobQueueItem[id=19351739576711674, name=SHORT9AFDAE3804CA304DDF0889A0CB0F56104A86TSTEXC-BASE, buildAgent=BuildAgentDTO[name=artemis-build-agent-test, memberAddress=[127.0.0.1]:5703, displayName=artemis-build-agent-test], participationId=1935, courseId=956, exerciseId=2573, retryCount=0, priority=2, status=FAILED, repositoryInfo=RepositoryInfo[repositoryName=short9afdae3804ca304ddf0889a0cb0f56104a86tstexc-exercise, repositoryType=exercise, triggeredByPushTo=exercise, assignmentRepositoryUri=http://localhost:49152/git/SHORT9AFDAE3804CA304DDF0889A0CB0F56104A86TSTEXC/short9afdae3804ca304ddf0889a0cb0f56104a86tstexc-exercise.git, testRepositoryUri=http://localhost:49152/git/SHORT9AFDAE3804CA304DDF0889A0CB0F56104A86TSTEXC/short9afdae3804ca304ddf0889a0cb0f56104a86tstexc-tests.git, solutionRepositoryUri=null, auxiliaryRepositoryUris=[Ljava.lang.String;@d2f3577, auxiliaryRepositoryCheckoutDirectories=[Ljava.lang.String;@14a595f3], jobTimingInfo=JobTimingInfo[submissionDate=2025-02-14T23:45:11.674556681Z[Etc/UTC], buildStartDate=2025-02-14T23:45:11.677776879Z[Etc/UTC], buildCompletionDate=2025-02-14T23:45:11.688097378Z[Etc/UTC], estimatedCompletionDate=2025-02-14T23:45:30.677771620Z[Etc/UTC], estimatedDuration=19], buildConfig=BuildConfig[buildScript=#!/bin/bash
cd /var/tmp/testing-dir
chmod +x ./gradlew
./gradlew clean test
, dockerImage=dummy-docker-image:latest, commitHashToBuild=a1099e378cffde441ef85f9b12577ca174b8e1e4, assignmentCommitHash=a1099e378cffde441ef85f9b12577ca174b8e1e4, testCommitHash=bd38d61c299ab11a1dea82a3ca5493fe04d97d47, branch=main, programmingLanguage=JAVA, projectType=PLAIN_GRADLE, scaEnabled=false, sequentialTestRunsEnabled=false, resultPaths=[/var/tmp/testing-dir/**/test-results/test/*.xml], timeoutSeconds=0, assignmentCheckoutPath=null, testCheckoutPath=null, solutionCheckoutPath=null, dockerRunConfig=null], submissionResult=ResultDTO[id=624, completionDate=2025-02-14T23:45:11.688214837Z[Etc/UTC], successful=false, score=0.0, rated=true, submission=SubmissionDTO[id=816, submitted=true, type=MANUAL, exampleSubmission=null, submissionDate=2025-02-14T23:45:11.656934Z, commitHash=a1099e378cffde441ef85f9b12577ca174b8e1e4, buildFailed=true, buildArtifact=false, participation=ParticipationDTO[id=1935, testRun=false, type=template, submissionCount=null, exercise=ParticipationExerciseDTO[id=2573, exerciseType=PROGRAMMING, type=programming, assessmentType=AUTOMATIC, dueDate=2025-02-16T23:45:10.996982Z, assessmentDueDate=null, maxPoints=42.0, course=CourseDTO[id=956, accuracyOfScores=1]]], submissionExerciseType=programming, isProcessing=false, buildStartDate=null, estimatedCompletionDate=null], participation=ParticipationDTO[id=1935, testRun=false, type=template, submissionCount=null, exercise=ParticipationExerciseDTO[id=2573, exerciseType=PROGRAMMING, type=programming, assessmentType=AUTOMATIC, dueDate=2025-02-16T23:45:10.996982Z, assessmentDueDate=null, maxPoints=42.0, course=CourseDTO[id=956, accuracyOfScores=1]]], feedbacks=[], assessmentType=AUTOMATIC, hasComplaint=null, exampleResult=null, testCaseCount=0, passedTestCaseCount=0, codeIssueCount=0]], BuildJobQueueItem[id=19341739576712112, name=SHORT9AFDAE3804CA304DDF0889A0CB0F56104A86TSTEXC-SOLUTION, buildAgent=BuildAgentDTO[name=artemis-build-agent-test, memberAddress=[127.0.0.1]:5703, displayName=artemis-build-agent-test], participationId=1934, courseId=956, exerciseId=2573, retryCount=0, priority=2, status=FAILED, repositoryInfo=RepositoryInfo[repositoryName=short9afdae3804ca304ddf0889a0cb0f56104a86tstexc-solution, repositoryType=solution, triggeredByPushTo=solution, assignmentRepositoryUri=http://localhost:49152/git/SHORT9AFDAE3804CA304DDF0889A0CB0F56104A86TSTEXC/short9afdae3804ca304ddf0889a0cb0f56104a86tstexc-solution.git, testRepositoryUri=http://localhost:49152/git/SHORT9AFDAE3804CA304DDF0889A0CB0F56104A86TSTEXC/short9afdae3804ca304ddf0889a0cb0f56104a86tstexc-tests.git, solutionRepositoryUri=null, auxiliaryRepositoryUris=[Ljava.lang.String;@42634833, auxiliaryRepositoryCheckoutDirectories=[Ljava.lang.String;@49b670ce], jobTimingInfo=JobTimingInfo[submissionDate=2025-02-14T23:45:12.112332872Z[Etc/UTC], buildStartDate=2025-02-14T23:45:12.121617114Z[Etc/UTC], buildCompletionDate=2025-02-14T23:45:12.127931701Z[Etc/UTC], estimatedCompletionDate=2025-02-14T23:45:31.121609600Z[Etc/UTC], estimatedDuration=19], buildConfig=BuildConfig[buildScript=#!/bin/bash
cd /var/tmp/testing-dir
chmod +x ./gradlew
./gradlew clean test
, dockerImage=dummy-docker-image:latest, commitHashToBuild=a1099e378cffde441ef85f9b12577ca174b8e1e4, assignmentCommitHash=a1099e378cffde441ef85f9b12577ca174b8e1e4, testCommitHash=bd38d61c299ab11a1dea82a3ca5493fe04d97d47, branch=main, programmingLanguage=JAVA, projectType=PLAIN_GRADLE, scaEnabled=false, sequentialTestRunsEnabled=false, resultPaths=[/var/tmp/testing-dir/**/test-results/test/*.xml], timeoutSeconds=0, assignmentCheckoutPath=null, testCheckoutPath=null, solutionCheckoutPath=null, dockerRunConfig=null], submissionResult=ResultDTO[id=625, completionDate=2025-02-14T23:45:12.128011800Z[Etc/UTC], successful=false, score=0.0, rated=true, submission=SubmissionDTO[id=817, submitted=true, type=MANUAL, exampleSubmission=null, submissionDate=2025-02-14T23:45:12.098737Z, commitHash=a1099e378cffde441ef85f9b12577ca174b8e1e4, buildFailed=true, buildArtifact=false, participation=ParticipationDTO[id=1934, testRun=false, type=solution, submissionCount=null, exercise=ParticipationExerciseDTO[id=2573, exerciseType=PROGRAMMING, type=programming, assessmentType=AUTOMATIC, dueDate=2025-02-16T23:45:10.996982Z, assessmentDueDate=null, maxPoints=42.0, course=CourseDTO[id=956, accuracyOfScores=1]]], submissionExerciseType=programming, isProcessing=false, buildStartDate=null, estimatedCompletionDate=null], participation=ParticipationDTO[id=1934, testRun=false, type=solution, submissionCount=null, exercise=ParticipationExerciseDTO[id=2573, exerciseType=PROGRAMMING, type=programming, assessmentType=AUTOMATIC, dueDate=2025-02-16T23:45:10.996982Z, assessmentDueDate=null, maxPoints=42.0, course=CourseDTO[id=956, accuracyOfScores=1]]], feedbacks=[], assessmentType=AUTOMATIC, hasComplaint=null, exampleResult=null, testCaseCount=0, passedTestCaseCount=0, codeIssueCount=0]], BuildJobQueueItem[id=19341739576713025, name=SHORT9AFDAE3804CA304DDF0889A0CB0F56104A86TSTEXC-SOLUTION, buildAgent=BuildAgentDTO[name=artemis-build-agent-test, memberAddress=[127.0.0.1]:5703, displayName=artemis-build-agent-test], participationId=1934, courseId=956, exerciseId=2573, retryCount=0, priority=2, status=FAILED, repositoryInfo=RepositoryInfo[repositoryName=short9afdae3804ca304ddf0889a0cb0f56104a86tstexc-solution, repositoryType=solution, triggeredByPushTo=tests, assignmentRepositoryUri=http://localhost:49152/git/SHORT9AFDAE3804CA304DDF0889A0CB0F56104A86TSTEXC/short9afdae3804ca304ddf0889a0cb0f56104a86tstexc-solution.git, testRepositoryUri=http://localhost:49152/git/SHORT9AFDAE3804CA304DDF0889A0CB0F56104A86TSTEXC/short9afdae3804ca304ddf0889a0cb0f56104a86tstexc-tests.git, solutionRepositoryUri=null, auxiliaryRepositoryUris=[Ljava.lang.String;@3dc67002, auxiliaryRepositoryCheckoutDirectories=[Ljava.lang.String;@5746044], jobTimingInfo=JobTimingInfo[submissionDate=2025-02-14T23:45:13.025319671Z[Etc/UTC], buildStartDate=2025-02-14T23:45:13.040293146Z[Etc/UTC], buildCompletionDate=2025-02-14T23:45:13.053032917Z[Etc/UTC], estimatedCompletionDate=2025-02-14T23:45:32.040285703Z[Etc/UTC], estimatedDuration=19], buildConfig=BuildConfig[buildScript=#!/bin/bash
cd /var/tmp/testing-dir
chmod +x ./gradlew
./gradlew clean test
, dockerImage=dummy-docker-image:latest, commitHashToBuild=784f8f0049d2a1a54f21c67dd772bea86715267a, assignmentCommitHash=a1099e378cffde441ef85f9b12577ca174b8e1e4, testCommitHash=784f8f0049d2a1a54f21c67dd772bea86715267a, branch=main, programmingLanguage=JAVA, projectType=PLAIN_GRADLE, scaEnabled=false, sequentialTestRunsEnabled=false, resultPaths=[/var/tmp/testing-dir/**/test-results/test/*.xml], timeoutSeconds=0, assignmentCheckoutPath=null, testCheckoutPath=null, solutionCheckoutPath=null, dockerRunConfig=null], submissionResult=ResultDTO[id=626, completionDate=2025-02-14T23:45:13.053131811Z[Etc/UTC], successful=false, score=0.0, rated=true, submission=SubmissionDTO[id=818, submitted=true, type=TEST, exampleSubmission=null, submissionDate=2025-02-14T23:45:13.005779Z, commitHash=784f8f0049d2a1a54f21c67dd772bea86715267a, buildFailed=true, buildArtifact=false, participation=ParticipationDTO[id=1934, testRun=false, type=solution, submissionCount=null, exercise=ParticipationExerciseDTO[id=2573, exerciseType=PROGRAMMING, type=programming, assessmentType=AUTOMATIC, dueDate=2025-02-16T23:45:10.996982Z, assessmentDueDate=null, maxPoints=42.0, course=CourseDTO[id=956, accuracyOfScores=1]]], submissionExerciseType=programming, isProcessing=false, buildStartDate=null, estimatedCompletionDate=null], participation=ParticipationDTO[id=1934, testRun=false, type=solution, submissionCount=null, exercise=ParticipationExerciseDTO[id=2573, exerciseType=PROGRAMMING, type=programming, assessmentType=AUTOMATIC, dueDate=2025-02-16T23:45:10.996982Z, assessmentDueDate=null, maxPoints=42.0, course=CourseDTO[id=956, accuracyOfScores=1]]], feedbacks=[], assessmentType=AUTOMATIC, hasComplaint=null, exampleResult=null, testCaseCount=0, passedTestCaseCount=0, codeIssueCount=0]], BuildJobQueueItem[id=19581739576715555, name=SHORTC1A3F9FC03D2304B4308FA20AF16D54AAA49TSTEXC-LOCALVCSSHINTSTUDENT1, buildAgent=BuildAgentDTO[name=artemis-build-agent-test, memberAddress=[127.0.0.1]:5703, displayName=artemis-build-agent-test], participationId=1958, courseId=965, exerciseId=2582, retryCount=0, priority=2, status=FAILED, repositoryInfo=RepositoryInfo[repositoryName=shortc1a3f9fc03d2304b4308fa20af16d54aaa49tstexc-localvcsshintstudent1, repositoryType=user, triggeredByPushTo=user, assignmentRepositoryUri=http://localhost:49152/git/SHORTC1A3F9FC03D2304B4308FA20AF16D54AAA49TSTEXC/shortc1a3f9fc03d2304b4308fa20af16d54aaa49tstexc-localvcsshintstudent1.git, testRepositoryUri=http://localhost:49152/git/SHORTC1A3F9FC03D2304B4308FA20AF16D54AAA49TSTEXC/shortc1a3f9fc03d2304b4308fa20af16d54aaa49tstexc-tests.git, solutionRepositoryUri=null, auxiliaryRepositoryUris=[Ljava.lang.String;@5d0e9209, auxiliaryRepositoryCheckoutDirectories=[Ljava.lang.String;@27c4a966], jobTimingInfo=JobTimingInfo[submissionDate=2025-02-14T23:45:15.555989584Z[Etc/UTC], buildStartDate=2025-02-14T23:45:15.568477627Z[Etc/UTC], buildCompletionDate=2025-02-14T23:45:15.579021148Z[Etc/UTC], estimatedCompletionDate=2025-02-14T23:45:34.568443924Z[Etc/UTC], estimatedDuration=19], buildConfig=BuildConfig[buildScript=#!/bin/bash
cd /var/tmp/testing-dir
chmod +x ./gradlew
./gradlew clean test
, dockerImage=dummy-docker-image:latest, commitHashToBuild=ca76dac20e040e6609db02fd7fedd56bf58829d7, assignmentCommitHash=ca76dac20e040e6609db02fd7fedd56bf58829d7, testCommitHash=bd0d58c226dc63bfa4bc9052870589952c0a1f83, branch=main, programmingLanguage=JAVA, projectType=PLAIN_GRADLE, scaEnabled=false, sequentialTestRunsEnabled=false, resultPaths=[/var/tmp/testing-dir/**/test-results/test/*.xml], timeoutSeconds=0, assignmentCheckoutPath=null, testCheckoutPath=null, solutionCheckoutPath=null, dockerRunConfig=null], submissionResult=ResultDTO[id=627, completionDate=2025-02-14T23:45:15.579119131Z[Etc/UTC], successful=false, score=0.0, rated=true, submission=SubmissionDTO[id=820, submitted=true, type=MANUAL, exampleSubmission=null, submissionDate=2025-02-14T23:45:15.548349Z, commitHash=ca76dac20e040e6609db02fd7fedd56bf58829d7, buildFailed=true, buildArtifact=false, participation=ParticipationDTO[id=1958, testRun=false, type=programming, submissionCount=null, exercise=ParticipationExerciseDTO[id=2582, exerciseType=PROGRAMMING, type=programming, assessmentType=AUTOMATIC, dueDate=2025-02-16T23:45:15.103512Z, assessmentDueDate=null, maxPoints=42.0, course=CourseDTO[id=965, accuracyOfScores=1]]], submissionExerciseType=programming, isProcessing=false, buildStartDate=null, estimatedCompletionDate=null], participation=ParticipationDTO[id=1958, testRun=false, type=programming, submissionCount=null, exercise=ParticipationExerciseDTO[id=2582, exerciseType=PROGRAMMING, type=programming, assessmentType=AUTOMATIC, dueDate=2025-02-16T23:45:15.103512Z, assessmentDueDate=null, maxPoints=42.0, course=CourseDTO[id=965, accuracyOfScores=1]]], feedbacks=[], assessmentType=AUTOMATIC, hasComplaint=null, exampleResult=null, testCaseCount=0, passedTestCaseCount=0, codeIssueCount=0]], BuildJobQueueItem[id=19801739576719393, name=SHORTB2A6C58B0D447045380A858075B170A5B7C6TSTEXC-LOCALVCSSHINTSTUDENT1, buildAgent=BuildAgentDTO[name=artemis-build-agent-test, memberAddress=[127.0.0.1]:5703, displayName=artemis-build-agent-test], participationId=1980, courseId=974, exerciseId=2591, retryCount=0, priority=2, status=FAILED, repositoryInfo=RepositoryInfo[repositoryName=shortb2a6c58b0d447045380a858075b170a5b7c6tstexc-localvcsshintstudent1, repositoryType=user, triggeredByPushTo=user, assignmentRepositoryUri=http://localhost:49152/git/SHORTB2A6C58B0D447045380A858075B170A5B7C6TSTEXC/shortb2a6c58b0d447045380a858075b170a5b7c6tstexc-localvcsshintstudent1.git, testRepositoryUri=http://localhost:49152/git/SHORTB2A6C58B0D447045380A858075B170A5B7C6TSTEXC/shortb2a6c58b0d447045380a858075b170a5b7c6tstexc-tests.git, solutionRepositoryUri=null, auxiliaryRepositoryUris=[Ljava.lang.String;@290c9bfc, auxiliaryRepositoryCheckoutDirectories=[Ljava.lang.String;@fdca8d9], jobTimingInfo=JobTimingInfo[submissionDate=2025-02-14T23:45:19.393259829Z[Etc/UTC], buildStartDate=2025-02-14T23:45:19.405438171Z[Etc/UTC], buildCompletionDate=2025-02-14T23:45:19.414070673Z[Etc/UTC], estimatedCompletionDate=2025-02-14T23:45:38.405431569Z[Etc/UTC], estimatedDuration=19], buildConfig=BuildConfig[buildScript=#!/bin/bash
cd /var/tmp/testing-dir
chmod +x ./gradlew
./gradlew clean test
, dockerImage=dummy-docker-image:latest, commitHashToBuild=363cdbf709a9fff149f813ab848ee800a675cc77, assignmentCommitHash=363cdbf709a9fff149f813ab848ee800a675cc77, testCommitHash=a5e046ece417b2e538f21f816e2524dab61e0d10, branch=main, programmingLanguage=JAVA, projectType=PLAIN_GRADLE, scaEnabled=false, sequentialTestRunsEnabled=false, resultPaths=[/var/tmp/testing-dir/**/test-results/test/*.xml], timeoutSeconds=0, assignmentCheckoutPath=null, testCheckoutPath=null, solutionCheckoutPath=null, dockerRunConfig=null], submissionResult=ResultDTO[id=628, completionDate=2025-02-14T23:45:19.414171040Z[Etc/UTC], successful=false, score=0.0, rated=true, submission=SubmissionDTO[id=821, submitted=true, type=MANUAL, exampleSubmission=null, submissionDate=2025-02-14T23:45:19.376840Z, commitHash=363cdbf709a9fff149f813ab848ee800a675cc77, buildFailed=true, buildArtifact=false, participation=ParticipationDTO[id=1980, testRun=false, type=programming, submissionCount=null, exercise=ParticipationExerciseDTO[id=2591, exerciseType=PROGRAMMING, type=programming, assessmentType=AUTOMATIC, dueDate=2025-02-16T23:45:18.950569Z, assessmentDueDate=null, maxPoints=42.0, course=CourseDTO[id=974, accuracyOfScores=1]]], submissionExerciseType=programming, isProcessing=false, buildStartDate=null, estimatedCompletionDate=null], participation=ParticipationDTO[id=1980, testRun=false, type=programming, submissionCount=null, exercise=ParticipationExerciseDTO[id=2591, exerciseType=PROGRAMMING, type=programming, assessmentType=AUTOMATIC, dueDate=2025-02-16T23:45:18.950569Z, assessmentDueDate=null, maxPoints=42.0, course=CourseDTO[id=974, accuracyOfScores=1]]], feedbacks=[], assessmentType=AUTOMATIC, hasComplaint=null, exampleResult=null, testCaseCount=0, passedTestCaseCount=0, codeIssueCount=0]], BuildJobQueueItem[id=19791739576719787, name=SHORTB2A6C58B0D447045380A858075B170A5B7C6TSTEXC-BASE, buildAgent=BuildAgentDTO[name=artemis-build-agent-test, memberAddress=[127.0.0.1]:5703, displayName=artemis-build-agent-test], participationId=1979, courseId=974, exerciseId=2591, retryCount=0, priority=2, status=FAILED, repositoryInfo=RepositoryInfo[repositoryName=shortb2a6c58b0d447045380a858075b170a5b7c6tstexc-exercise, repositoryType=exercise, triggeredByPushTo=exercise, assignmentRepositoryUri=http://localhost:49152/git/SHORTB2A6C58B0D447045380A858075B170A5B7C6TSTEXC/shortb2a6c58b0d447045380a858075b170a5b7c6tstexc-exercise.git, testRepositoryUri=http://localhost:49152/git/SHORTB2A6C58B0D447045380A858075B170A5B7C6TSTEXC/shortb2a6c58b0d447045380a858075b170a5b7c6tstexc-tests.git, solutionRepositoryUri=null, auxiliaryRepositoryUris=[Ljava.lang.String;@266bfdf1, auxiliaryRepositoryCheckoutDirectories=[Ljava.lang.String;@2466ffc3], jobTimingInfo=JobTimingInfo[submissionDate=2025-02-14T23:45:19.787985058Z[Etc/UTC], buildStartDate=2025-02-14T23:45:19.796327417Z[Etc/UTC], buildCompletionDate=2025-02-14T23:45:19.799750982Z[Etc/UTC], estimatedCompletionDate=2025-02-14T23:45:38.796319082Z[Etc/UTC], estimatedDuration=19], buildConfig=BuildConfig[buildScript=#!/bin/bash
cd /var/tmp/testing-dir
chmod +x ./gradlew
./gradlew clean test
, dockerImage=dummy-docker-image:latest, commitHashToBuild=363cdbf709a9fff149f813ab848ee800a675cc77, assignmentCommitHash=363cdbf709a9fff149f813ab848ee800a675cc77, testCommitHash=a5e046ece417b2e538f21f816e2524dab61e0d10, branch=main, programmingLanguage=JAVA, projectType=PLAIN_GRADLE, scaEnabled=false, sequentialTestRunsEnabled=false, resultPaths=[/var/tmp/testing-dir/**/test-results/test/*.xml], timeoutSeconds=0, assignmentCheckoutPath=null, testCheckoutPath=null, solutionCheckoutPath=null, dockerRunConfig=null], submissionResult=ResultDTO[id=629, completionDate=2025-02-14T23:45:19.799820341Z[Etc/UTC], successful=false, score=0.0, rated=true, submission=SubmissionDTO[id=822, submitted=true, type=MANUAL, exampleSubmission=null, submissionDate=2025-02-14T23:45:19.775952Z, commitHash=363cdbf709a9fff149f813ab848ee800a675cc77, buildFailed=true, buildArtifact=false, participation=ParticipationDTO[id=1979, testRun=false, type=template, submissionCount=null, exercise=ParticipationExerciseDTO[id=2591, exerciseType=PROGRAMMING, type=programming, assessmentType=AUTOMATIC, dueDate=2025-02-16T23:45:18.950569Z, assessmentDueDate=null, maxPoints=42.0, course=CourseDTO[id=974, accuracyOfScores=1]]], submissionExerciseType=programming, isProcessing=false, buildStartDate=null, estimatedCompletionDate=null], participation=ParticipationDTO[id=1979, testRun=false, type=template, submissionCount=null, exercise=ParticipationExerciseDTO[id=2591, exerciseType=PROGRAMMING, type=programming, assessmentType=AUTOMATIC, dueDate=2025-02-16T23:45:18.950569Z, assessmentDueDate=null, maxPoints=42.0, course=CourseDTO[id=974, accuracyOfScores=1]]], feedbacks=[], assessmentType=AUTOMATIC, hasComplaint=null, exampleResult=null, testCaseCount=0, passedTestCaseCount=0, codeIssueCount=0]], BuildJobQueueItem[id=19781739576720235, name=SHORTB2A6C58B0D447045380A858075B170A5B7C6TSTEXC-SOLUTION, buildAgent=BuildAgentDTO[name=artemis-build-agent-test, memberAddress=[127.0.0.1]:5703, displayName=artemis-build-agent-test], participationId=1978, courseId=974, exerciseId=2591, retryCount=0, priority=2, status=FAILED, repositoryInfo=RepositoryInfo[repositoryName=shortb2a6c58b0d447045380a858075b170a5b7c6tstexc-solution, repositoryType=solution, triggeredByPushTo=solution, assignmentRepositoryUri=http://localhost:49152/git/SHORTB2A6C58B0D447045380A858075B170A5B7C6TSTEXC/shortb2a6c58b0d447045380a858075b170a5b7c6tstexc-solution.git, testRepositoryUri=http://localhost:49152/git/SHORTB2A6C58B0D447045380A858075B170A5B7C6TSTEXC/shortb2a6c58b0d447045380a858075b170a5b7c6tstexc-tests.git, solutionRepositoryUri=null, auxiliaryRepositoryUris=[Ljava.lang.String;@69f853c8, auxiliaryRepositoryCheckoutDirectories=[Ljava.lang.String;@308a44e], jobTimingInfo=JobTimingInfo[submissionDate=2025-02-14T23:45:20.235272325Z[Etc/UTC], buildStartDate=2025-02-14T23:45:20.243033812Z[Etc/UTC], buildCompletionDate=2025-02-14T23:45:20.250721018Z[Etc/UTC], estimatedCompletionDate=2025-02-14T23:45:39.243026949Z[Etc/UTC], estimatedDuration=19], buildConfig=BuildConfig[buildScript=#!/bin/bash
cd /var/tmp/testing-dir
chmod +x ./gradlew
./gradlew clean test
, dockerImage=dummy-docker-image:latest, commitHashToBuild=c710d0e68c9c7db8cda7d1a278308de2b9642cc0, assignmentCommitHash=c710d0e68c9c7db8cda7d1a278308de2b9642cc0, testCommitHash=a5e046ece417b2e538f21f816e2524dab61e0d10, branch=main, programmingLanguage=JAVA, projectType=PLAIN_GRADLE, scaEnabled=false, sequentialTestRunsEnabled=false, resultPaths=[/var/tmp/testing-dir/**/test-results/test/*.xml], timeoutSeconds=0, assignmentCheckoutPath=null, testCheckoutPath=null, solutionCheckoutPath=null, dockerRunConfig=null], submissionResult=ResultDTO[id=630, completionDate=2025-02-14T23:45:20.250809893Z[Etc/UTC], successful=false, score=0.0, rated=true, submission=SubmissionDTO[id=823, submitted=true, type=MANUAL, exampleSubmission=null, submissionDate=2025-02-14T23:45:20.211707Z, commitHash=c710d0e68c9c7db8cda7d1a278308de2b9642cc0, buildFailed=true, buildArtifact=false, participation=ParticipationDTO[id=1978, testRun=false, type=solution, submissionCount=null, exercise=ParticipationExerciseDTO[id=2591, exerciseType=PROGRAMMING, type=programming, assessmentType=AUTOMATIC, dueDate=2025-02-16T23:45:18.950569Z, assessmentDueDate=null, maxPoints=42.0, course=CourseDTO[id=974, accuracyOfScores=1]]], submissionExerciseType=programming, isProcessing=false, buildStartDate=null, estimatedCompletionDate=null], participation=ParticipationDTO[id=1978, testRun=false, type=solution, submissionCount=null, exercise=ParticipationExerciseDTO[id=2591, exerciseType=PROGRAMMING, type=programming, assessmentType=AUTOMATIC, dueDate=2025-02-16T23:45:18.950569Z, assessmentDueDate=null, maxPoints=42.0, course=CourseDTO[id=974, accuracyOfScores=1]]], feedbacks=[], assessmentType=AUTOMATIC, hasComplaint=null, exampleResult=null, testCaseCount=0, passedTestCaseCount=0, codeIssueCount=0]], BuildJobQueueItem[id=19781739576720802, name=SHORTB2A6C58B0D447045380A858075B170A5B7C6TSTEXC-SOLUTION, buildAgent=BuildAgentDTO[name=artemis-build-agent-test, memberAddress=[127.0.0.1]:5703, displayName=artemis-build-agent-test], participationId=1978, courseId=974, exerciseId=2591, retryCount=0, priority=2, status=FAILED, repositoryInfo=RepositoryInfo[repositoryName=shortb2a6c58b0d447045380a858075b170a5b7c6tstexc-solution, repositoryType=solution, triggeredByPushTo=tests, assignmentRepositoryUri=http://localhost:49152/git/SHORTB2A6C58B0D447045380A858075B170A5B7C6TSTEXC/shortb2a6c58b0d447045380a858075b170a5b7c6tstexc-solution.git, testRepositoryUri=http://localhost:49152/git/SHORTB2A6C58B0D447045380A858075B170A5B7C6TSTEXC/shortb2a6c58b0d447045380a858075b170a5b7c6tstexc-tests.git, solutionRepositoryUri=null, auxiliaryRepositoryUris=[Ljava.lang.String;@7a7555ab, auxiliaryRepositoryCheckoutDirectories=[Ljava.lang.String;@69fe35c1], jobTimingInfo=JobTimingInfo[submissionDate=2025-02-14T23:45:20.802935026Z[Etc/UTC], buildStartDate=2025-02-14T23:45:20.809306435Z[Etc/UTC], buildCompletionDate=2025-02-14T23:45:20.822452342Z[Etc/UTC], estimatedCompletionDate=2025-02-14T23:45:39.809298491Z[Etc/UTC], estimatedDuration=19], buildConfig=BuildConfig[buildScript=#!/bin/bash
cd /var/tmp/testing-dir
chmod +x ./gradlew
./gradlew clean test
, dockerImage=dummy-docker-image:latest, commitHashToBuild=c710d0e68c9c7db8cda7d1a278308de2b9642cc0, assignmentCommitHash=c710d0e68c9c7db8cda7d1a278308de2b9642cc0, testCommitHash=c710d0e68c9c7db8cda7d1a278308de2b9642cc0, branch=main, programmingLanguage=JAVA, projectType=PLAIN_GRADLE, scaEnabled=false, sequentialTestRunsEnabled=false, resultPaths=[/var/tmp/testing-dir/**/test-results/test/*.xml], timeoutSeconds=0, assignmentCheckoutPath=null, testCheckoutPath=null, solutionCheckoutPath=null, dockerRunConfig=null], submissionResult=ResultDTO[id=631, completionDate=2025-02-14T23:45:20.822527362Z[Etc/UTC], successful=false, score=0.0, rated=true, submission=SubmissionDTO[id=824, submitted=true, type=TEST, exampleSubmission=null, submissionDate=2025-02-14T23:45:20.791240Z, commitHash=c710d0e68c9c7db8cda7d1a278308de2b9642cc0, buildFailed=true, buildArtifact=false, participation=ParticipationDTO[id=1978, testRun=false, type=solution, submissionCount=null, exercise=ParticipationExerciseDTO[id=2591, exerciseType=PROGRAMMING, type=programming, assessmentType=AUTOMATIC, dueDate=2025-02-16T23:45:18.950569Z, assessmentDueDate=null, maxPoints=42.0, course=CourseDTO[id=974, accuracyOfScores=1]]], submissionExerciseType=programming, isProcessing=false, buildStartDate=null, estimatedCompletionDate=null], participation=ParticipationDTO[id=1978, testRun=false, type=solution, submissionCount=null, exercise=ParticipationExerciseDTO[id=2591, exerciseType=PROGRAMMING, type=programming, assessmentType=AUTOMATIC, dueDate=2025-02-16T23:45:18.950569Z, assessmentDueDate=null, maxPoints=42.0, course=CourseDTO[id=974, accuracyOfScores=1]]], feedbacks=[], assessmentType=AUTOMATIC, hasComplaint=null, exampleResult=null, testCaseCount=0, passedTestCaseCount=0, codeIssueCount=0]], BuildJobQueueItem[id=20061739576732554, name=SHORT94A899E303D7504C5D0840704DAAFA3DFF4DTSTEXC-LOCALVCCIINTINSTRUCTOR1, buildAgent=BuildAgentDTO[name=artemis-build-agent-test, memberAddress=[127.0.0.1]:5703, displayName=artemis-build-agent-test], participationId=2006, courseId=984, exerciseId=2601, retryCount=0, priority=2, status=SUCCESSFUL, repositoryInfo=RepositoryInfo[repositoryName=short94a899e303d7504c5d0840704daafa3dff4dtstexc-localvcciintinstructor1, repositoryType=user, triggeredByPushTo=user, assignmentRepositoryUri=http://localhost:49152/git/SHORT94A899E303D7504C5D0840704DAAFA3DFF4DTSTEXC/short94a899e303d7504c5d0840704daafa3dff4dtstexc-localvcciintinstructor1.git, testRepositoryUri=http://localhost:49152/git/SHORT94A899E303D7504C5D0840704DAAFA3DFF4DTSTEXC/short94a899e303d7504c5d0840704daafa3dff4dtstexc-tests.git, solutionRepositoryUri=null, auxiliaryRepositoryUris=[Ljava.lang.String;@42335d25, auxiliaryRepositoryCheckoutDirectories=[Ljava.lang.String;@45fabf9], jobTimingInfo=JobTimingInfo[submissionDate=2025-02-14T23:45:32.554795798Z[Etc/UTC], buildStartDate=2025-02-14T23:45:32.567287465Z[Etc/UTC], buildCompletionDate=2025-02-14T23:45:34.535226768Z[Etc/UTC], estimatedCompletionDate=2025-02-14T23:45:51.567257960Z[Etc/UTC], estimatedDuration=19], buildConfig=BuildConfig[buildScript=#!/bin/bash
cd /var/tmp/testing-dir
chmod +x ./gradlew
./gradlew clean test
, dockerImage=dummy-docker-image:latest, commitHashToBuild=ca2dbc0ae87edf7035058a6a17c0ea60e90a290f, assignmentCommitHash=ca2dbc0ae87edf7035058a6a17c0ea60e90a290f, testCommitHash=0207f6f98af5fbb66ad68455f3fc3cf128af8ae9, branch=main, programmingLanguage=JAVA, projectType=PLAIN_GRADLE, scaEnabled=false, sequentialTestRunsEnabled=false, resultPaths=[/var/tmp/testing-dir/**/test-results/test/*.xml], timeoutSeconds=0, assignmentCheckoutPath=null, testCheckoutPath=null, solutionCheckoutPath=null, dockerRunConfig=null], submissionResult=ResultDTO[id=632, completionDate=2025-02-14T23:45:34.504415716Z[Etc/UTC], successful=false, score=7.7, rated=false, submission=SubmissionDTO[id=826, submitted=true, type=MANUAL, exampleSubmission=null, submissionDate=2025-02-14T23:45:32.541533Z, commitHash=ca2dbc0ae87edf7035058a6a17c0ea60e90a290f, buildFailed=false, buildArtifact=false, participation=ParticipationDTO[id=2006, testRun=true, type=programming, submissionCount=null, exercise=ParticipationExerciseDTO[id=2601, exerciseType=PROGRAMMING, type=programming, assessmentType=AUTOMATIC, dueDate=2025-02-16T23:45:31.864042Z, assessmentDueDate=null, maxPoints=42.0, course=CourseDTO[id=984, accuracyOfScores=1]]], submissionExerciseType=programming, isProcessing=false, buildStartDate=null, estimatedCompletionDate=null], participation=ParticipationDTO[id=2006, testRun=true, type=programming, submissionCount=null, exercise=ParticipationExerciseDTO[id=2601, exerciseType=PROGRAMMING, type=programming, assessmentType=AUTOMATIC, dueDate=2025-02-16T23:45:31.864042Z, assessmentDueDate=null, maxPoints=42.0, course=CourseDTO[id=984, accuracyOfScores=1]]], feedbacks=[FeedbackDTO[id=920, text=null, detailText=The exercise expects a class with the name Context in the package testpackage. You did not implement the class in the exercise., hasLongFeedbackText=false, reference=null, credits=0.0, positive=false, type=AUTOMATIC, visibility=ALWAYS, testCase=TestCaseDTO[testName=null, id=1357]], FeedbackDTO[id=921, text=null, detailText=The exercise expects a class with the name Policy in the package testpackage. You did not implement the class in the exercise., hasLongFeedbackText=false, reference=null, credits=0.0, positive=false, type=AUTOMATIC, visibility=ALWAYS, testCase=TestCaseDTO[testName=null, id=1358]], FeedbackDTO[id=922, text=null, detailText=The exercise expects a class with the name SortStrategy in the package testpackage. You did not implement the class in the exercise., hasLongFeedbackText=false, reference=null, credits=0.0, positive=false, type=AUTOMATIC, visibility=ALWAYS, testCase=TestCaseDTO[testName=null, id=1359]], FeedbackDTO[id=923, text=null, detailText=The class 'MergeSort' does not implement the interface 'SortStrategy' as expected. Implement the interface and its methods., hasLongFeedbackText=false, reference=null, credits=0.0, positive=false, type=AUTOMATIC, visibility=ALWAYS, testCase=TestCaseDTO[testName=null, id=1354]], FeedbackDTO[id=924, text=null, detailText=The exercise expects a class with the name SortStrategy in the package testpackage. You did not implement the class in the exercise., hasLongFeedbackText=false, reference=null, credits=0.0, positive=false, type=AUTOMATIC, visibility=ALWAYS, testCase=TestCaseDTO[testName=null, id=1351]], FeedbackDTO[id=925, text=null, detailText=The class 'BubbleSort' does not implement the interface 'SortStrategy' as expected. Implement the interface and its methods., hasLongFeedbackText=false, reference=null, credits=0.0, positive=false, type=AUTOMATIC, visibility=ALWAYS, testCase=TestCaseDTO[testName=null, id=1355]], FeedbackDTO[id=926, text=null, detailText=MergeSort does not sort correctly, hasLongFeedbackText=false, reference=null, credits=0.0, positive=false, type=AUTOMATIC, visibility=ALWAYS, testCase=TestCaseDTO[testName=null, id=1360]], FeedbackDTO[id=927, text=null, detailText=The class 'Context' was not found within the submission. Make sure to implement it properly., hasLongFeedbackText=false, reference=null, credits=0.0, positive=false, type=AUTOMATIC, visibility=ALWAYS, testCase=TestCaseDTO[testName=null, id=1361]], FeedbackDTO[id=928, text=null, detailText=The class 'Context' was not found within the submission. Make sure to implement it properly., hasLongFeedbackText=false, reference=null, credits=0.0, positive=false, type=AUTOMATIC, visibility=ALWAYS, testCase=TestCaseDTO[testName=null, id=1362]], FeedbackDTO[id=929, text=null, detailText=The exercise expects a class with the name Policy in the package testpackage. You did not implement the class in the exercise., hasLongFeedbackText=false, reference=null, credits=0.0, positive=false, type=AUTOMATIC, visibility=ALWAYS, testCase=TestCaseDTO[testName=null, id=1356]], FeedbackDTO[id=930, text=null, detailText=The exercise expects a class with the name Context in the package testpackage. You did not implement the class in the exercise., hasLongFeedbackText=false, reference=null, credits=0.0, positive=false, type=AUTOMATIC, visibility=ALWAYS, testCase=TestCaseDTO[testName=null, id=1352]], FeedbackDTO[id=931, text=null, detailText=The exercise expects a class with the name Policy in the package testpackage. You did not implement the class in the exercise., hasLongFeedbackText=false, reference=null, credits=0.0, positive=false, type=AUTOMATIC, visibility=ALWAYS, testCase=TestCaseDTO[testName=null, id=1353]], FeedbackDTO[id=932, text=null, detailText=null, hasLongFeedbackText=false, reference=null, credits=3.230769230769231, positive=true, type=AUTOMATIC, visibility=ALWAYS, testCase=TestCaseDTO[testName=null, id=1363]]], assessmentType=AUTOMATIC, hasComplaint=null, exampleResult=null, testCaseCount=13, passedTestCaseCount=1, codeIssueCount=0]], BuildJobQueueItem[id=20111739576737317, name=SHORTD49A6DAE04F9E049850BD5601663FD17A5B7TSTEXC-BASE, buildAgent=BuildAgentDTO[name=artemis-build-agent-test, memberAddress=[127.0.0.1]:5703, displayName=artemis-build-agent-test], participationId=2011, courseId=986, exerciseId=2603, retryCount=0, priority=2, status=SUCCESSFUL, repositoryInfo=RepositoryInfo[repositoryName=shortd49a6dae04f9e049850bd5601663fd17a5b7tstexc-exercise, repositoryType=exercise, triggeredByPushTo=exercise, assignmentRepositoryUri=http://localhost:49152/git/SHORTD49A6DAE04F9E049850BD5601663FD17A5B7TSTEXC/shortd49a6dae04f9e049850bd5601663fd17a5b7tstexc-exercise.git, testRepositoryUri=http://localhost:49152/git/SHORTD49A6DAE04F9E049850BD5601663FD17A5B7TSTEXC/shortd49a6dae04f9e049850bd5601663fd17a5b7tstexc-tests.git, solutionRepositoryUri=null, auxiliaryRepositoryUris=[Ljava.lang.String;@54d77ed4, auxiliaryRepositoryCheckoutDirectories=[Ljava.lang.String;@4c9f19b2], jobTimingInfo=JobTimingInfo[submissionDate=2025-02-14T23:45:37.317968648Z[Etc/UTC], buildStartDate=2025-02-14T23:45:37.324534774Z[Etc/UTC], buildCompletionDate=2025-02-14T23:45:38.527225461Z[Etc/UTC], estimatedCompletionDate=2025-02-14T23:45:56.324506331Z[Etc/UTC], estimatedDuration=19], buildConfig=BuildConfig[buildScript=#!/bin/bash
cd /var/tmp/testing-dir
chmod +x ./gradlew
./gradlew clean test
, dockerImage=dummy-docker-image:latest, commitHashToBuild=c795243c185829bbefa399f45dcbcfac22311b2f, assignmentCommitHash=c795243c185829bbefa399f45dcbcfac22311b2f, testCommitHash=fa8b162170bf767d852e05e0eb7a128efa2e1f34, branch=main, programmingLanguage=JAVA, projectType=PLAIN_GRADLE, scaEnabled=false, sequentialTestRunsEnabled=false, resultPaths=[/var/tmp/testing-dir/**/test-results/test/*.xml], timeoutSeconds=0, assignmentCheckoutPath=null, testCheckoutPath=null, solutionCheckoutPath=null, dockerRunConfig=null], submissionResult=ResultDTO[id=633, completionDate=2025-02-14T23:45:38.476795726Z[Etc/UTC], successful=false, score=0.0, rated=true, submission=SubmissionDTO[id=827, submitted=true, type=MANUAL, exampleSubmission=null, submissionDate=2025-02-14T23:45:37.303401Z, commitHash=c795243c185829bbefa399f45dcbcfac22311b2f, buildFailed=false, buildArtifact=false, participation=ParticipationDTO[id=2011, testRun=false, type=template, submissionCount=null, exercise=ParticipationExerciseDTO[id=2603, exerciseType=PROGRAMMING, type=programming, assessmentType=AUTOMATIC, dueDate=2025-02-16T23:45:36.830269Z, assessmentDueDate=null, maxPoints=42.0, course=CourseDTO[id=986, accuracyOfScores=1]]], submissionExerciseType=programming, isProcessing=false, buildStartDate=null, estimatedCompletionDate=null], participation=ParticipationDTO[id=2011, testRun=false, type=template, submissionCount=null, exercise=ParticipationExerciseDTO[id=2603, exerciseType=PROGRAMMING, type=programming, assessmentType=AUTOMATIC, dueDate=2025-02-16T23:45:36.830269Z, assessmentDueDate=null, maxPoints=42.0, course=CourseDTO[id=986, accuracyOfScores=1]]], feedbacks=[FeedbackDTO[id=933, text=null, detailText=The exercise expects a class with the name Context in the package testpackage. You did not implement the class in the exercise., hasLongFeedbackText=false, reference=null, credits=0.0, positive=false, type=AUTOMATIC, visibility=ALWAYS, testCase=TestCaseDTO[testName=testMethods[Context], id=1383]], FeedbackDTO[id=934, text=null, detailText=The exercise expects a class with the name Policy in the package testpackage. You did not implement the class in the exercise., hasLongFeedbackText=false, reference=null, credits=0.0, positive=false, type=AUTOMATIC, visibility=ALWAYS, testCase=TestCaseDTO[testName=testMethods[Policy], id=1384]], FeedbackDTO[id=935, text=null, detailText=The exercise expects a class with the name SortStrategy in the package testpackage. You did not implement the class in the exercise., hasLongFeedbackText=false, reference=null, credits=0.0, positive=false, type=AUTOMATIC, visibility=ALWAYS, testCase=TestCaseDTO[testName=testMethods[SortStrategy], id=1385]], FeedbackDTO[id=936, text=null, detailText=The class 'MergeSort' does not implement the interface 'SortStrategy' as expected. Implement the interface and its methods., hasLongFeedbackText=false, reference=null, credits=0.0, positive=false, type=AUTOMATIC, visibility=ALWAYS, testCase=TestCaseDTO[testName=testClass[MergeSort], id=1380]], FeedbackDTO[id=937, text=null, detailText=The exercise expects a class with the name SortStrategy in the package testpackage. You did not implement the class in the exercise., hasLongFeedbackText=false, reference=null, credits=0.0, positive=false, type=AUTOMATIC, visibility=ALWAYS, testCase=TestCaseDTO[testName=testClass[SortStrategy], id=1377]], FeedbackDTO[id=938, text=null, detailText=The class 'BubbleSort' does not implement the interface 'SortStrategy' as expected. Implement the interface and its methods., hasLongFeedbackText=false, reference=null, credits=0.0, positive=false, type=AUTOMATIC, visibility=ALWAYS, testCase=TestCaseDTO[testName=testClass[BubbleSort], id=1381]], FeedbackDTO[id=939, text=null, detailText=MergeSort does not sort correctly, hasLongFeedbackText=false, reference=null, credits=0.0, positive=false, type=AUTOMATIC, visibility=ALWAYS, testCase=TestCaseDTO[testName=testMergeSort(), id=1386]], FeedbackDTO[id=940, text=null, detailText=The class 'Context' was not found within the submission. Make sure to implement it properly., hasLongFeedbackText=false, reference=null, credits=0.0, positive=false, type=AUTOMATIC, visibility=ALWAYS, testCase=TestCaseDTO[testName=testUseBubbleSortForSmallList(), id=1387]], FeedbackDTO[id=941, text=null, detailText=BubbleSort does not sort correctly, hasLongFeedbackText=false, reference=null, credits=0.0, positive=false, type=AUTOMATIC, visibility=ALWAYS, testCase=TestCaseDTO[testName=testBubbleSort(), id=1389]], FeedbackDTO[id=942, text=null, detailText=The class 'Context' was not found within the submission. Make sure to implement it properly., hasLongFeedbackText=false, reference=null, credits=0.0, positive=false, type=AUTOMATIC, visibility=ALWAYS, testCase=TestCaseDTO[testName=testUseMergeSortForBigList(), id=1388]], FeedbackDTO[id=943, text=null, detailText=The exercise expects a class with the name Policy in the package testpackage. You did not implement the class in the exercise., hasLongFeedbackText=false, reference=null, credits=0.0, positive=false, type=AUTOMATIC, visibility=ALWAYS, testCase=TestCaseDTO[testName=testConstructors[Policy], id=1382]], FeedbackDTO[id=944, text=null, detailText=The exercise expects a class with the name Context in the package testpackage. You did not implement the class in the exercise., hasLongFeedbackText=false, reference=null, credits=0.0, positive=false, type=AUTOMATIC, visibility=ALWAYS, testCase=TestCaseDTO[testName=testAttributes[Context], id=1378]], FeedbackDTO[id=945, text=null, detailText=The exercise expects a class with the name Policy in the package testpackage. You did not implement the class in the exercise., hasLongFeedbackText=false, reference=null, credits=0.0, positive=false, type=AUTOMATIC, visibility=ALWAYS, testCase=TestCaseDTO[testName=testAttributes[Policy], id=1379]]], assessmentType=AUTOMATIC, hasComplaint=null, exampleResult=null, testCaseCount=13, passedTestCaseCount=0, codeIssueCount=0]], BuildJobQueueItem[id=20171739576740018, name=SHORT7914AFA00ADC3047140B99D01AC07810CE44TSTEXC-LOCALVCCIINTSTUDENT1, buildAgent=BuildAgentDTO[name=artemis-build-agent-test, memberAddress=[127.0.0.1]:5703, displayName=artemis-build-agent-test], participationId=2017, courseId=988, exerciseId=2605, retryCount=0, priority=2, status=SUCCESSFUL, repositoryInfo=RepositoryInfo[repositoryName=short7914afa00adc3047140b99d01ac07810ce44tstexc-practice-localvcciintstudent1, repositoryType=user, triggeredByPushTo=user, assignmentRepositoryUri=http://localhost:49152/git/SHORT7914AFA00ADC3047140B99D01AC07810CE44TSTEXC/short7914afa00adc3047140b99d01ac07810ce44tstexc-practice-localvcciintstudent1.git, testRepositoryUri=http://localhost:49152/git/SHORT7914AFA00ADC3047140B99D01AC07810CE44TSTEXC/short7914afa00adc3047140b99d01ac07810ce44tstexc-tests.git, solutionRepositoryUri=null, auxiliaryRepositoryUris=[Ljava.lang.String;@149dbf71, auxiliaryRepositoryCheckoutDirectories=[Ljava.lang.String;@6d64ce78], jobTimingInfo=JobTimingInfo[submissionDate=2025-02-14T23:45:40.018961253Z[Etc/UTC], buildStartDate=2025-02-14T23:45:40.029742701Z[Etc/UTC], buildCompletionDate=2025-02-14T23:45:41.150208242Z[Etc/UTC], estimatedCompletionDate=2025-02-14T23:45:59.029734065Z[Etc/UTC], estimatedDuration=19], buildConfig=BuildConfig[buildScript=#!/bin/bash
cd /var/tmp/testing-dir
chmod +x ./gradlew
./gradlew clean test
, dockerImage=dummy-docker-image:latest, commitHashToBuild=d80b57877989b971e83ccdb4863c8a7023c76266, assignmentCommitHash=d80b57877989b971e83ccdb4863c8a7023c76266, testCommitHash=327b116890c92b1312314341f43f21ef13ecf7d7, branch=main, programmingLanguage=JAVA, projectType=PLAIN_GRADLE, scaEnabled=false, sequentialTestRunsEnabled=false, resultPaths=[/var/tmp/testing-dir/**/test-results/test/*.xml], timeoutSeconds=0, assignmentCheckoutPath=null, testCheckoutPath=null, solutionCheckoutPath=null, dockerRunConfig=null], submissionResult=ResultDTO[id=634, completionDate=2025-02-14T23:45:41.120192603Z[Etc/UTC], successful=false, score=7.7, rated=false, submission=SubmissionDTO[id=828, submitted=true, type=MANUAL, exampleSubmission=null, submissionDate=2025-02-14T23:45:40.008666Z, commitHash=d80b57877989b971e83ccdb4863c8a7023c76266, buildFailed=false, buildArtifact=false, participation=ParticipationDTO[id=2017, testRun=true, type=programming, submissionCount=null, exercise=ParticipationExerciseDTO[id=2605, exerciseType=PROGRAMMING, type=programming, assessmentType=AUTOMATIC, dueDate=2025-02-16T23:45:39.523500Z, assessmentDueDate=null, maxPoints=42.0, course=CourseDTO[id=988, accuracyOfScores=1]]], submissionExerciseType=programming, isProcessing=false, buildStartDate=null, estimatedCompletionDate=null], participation=ParticipationDTO[id=2017, testRun=true, type=programming, submissionCount=null, exercise=ParticipationExerciseDTO[id=2605, exerciseType=PROGRAMMING, type=programming, assessmentType=AUTOMATIC, dueDate=2025-02-16T23:45:39.523500Z, assessmentDueDate=null, maxPoints=42.0, course=CourseDTO[id=988, accuracyOfScores=1]]], feedbacks=[FeedbackDTO[id=946, text=null, detailText=The exercise expects a class with the name Context in the package testpackage. You did not implement the class in the exercise., hasLongFeedbackText=false, reference=null, credits=0.0, positive=false, type=AUTOMATIC, visibility=ALWAYS, testCase=TestCaseDTO[testName=null, id=1409]], FeedbackDTO[id=947, text=null, detailText=The exercise expects a class with the name Policy in the package testpackage. You did not implement the class in the exercise., hasLongFeedbackText=false, reference=null, credits=0.0, positive=false, type=AUTOMATIC, visibility=ALWAYS, testCase=TestCaseDTO[testName=null, id=1410]], FeedbackDTO[id=948, text=null, detailText=The exercise expects a class with the name SortStrategy in the package testpackage. You did not implement the class in the exercise., hasLongFeedbackText=false, reference=null, credits=0.0, positive=false, type=AUTOMATIC, visibility=ALWAYS, testCase=TestCaseDTO[testName=null, id=1411]], FeedbackDTO[id=949, text=null, detailText=The class 'MergeSort' does not implement the interface 'SortStrategy' as expected. Implement the interface and its methods., hasLongFeedbackText=false, reference=null, credits=0.0, positive=false, type=AUTOMATIC, visibility=ALWAYS, testCase=TestCaseDTO[testName=null, id=1406]], FeedbackDTO[id=950, text=null, detailText=The exercise expects a class with the name SortStrategy in the package testpackage. You did not implement the class in the exercise., hasLongFeedbackText=false, reference=null, credits=0.0, positive=false, type=AUTOMATIC, visibility=ALWAYS, testCase=TestCaseDTO[testName=null, id=1403]], FeedbackDTO[id=951, text=null, detailText=The class 'BubbleSort' does not implement the interface 'SortStrategy' as expected. Implement the interface and its methods., hasLongFeedbackText=false, reference=null, credits=0.0, positive=false, type=AUTOMATIC, visibility=ALWAYS, testCase=TestCaseDTO[testName=null, id=1407]], FeedbackDTO[id=952, text=null, detailText=MergeSort does not sort correctly, hasLongFeedbackText=false, reference=null, credits=0.0, positive=false, type=AUTOMATIC, visibility=ALWAYS, testCase=TestCaseDTO[testName=null, id=1412]], FeedbackDTO[id=953, text=null, detailText=The class 'Context' was not found within the submission. Make sure to implement it properly., hasLongFeedbackText=false, reference=null, credits=0.0, positive=false, type=AUTOMATIC, visibility=ALWAYS, testCase=TestCaseDTO[testName=null, id=1413]], FeedbackDTO[id=954, text=null, detailText=The class 'Context' was not found within the submission. Make sure to implement it properly., hasLongFeedbackText=false, reference=null, credits=0.0, positive=false, type=AUTOMATIC, visibility=ALWAYS, testCase=TestCaseDTO[testName=null, id=1414]], FeedbackDTO[id=955, text=null, detailText=The exercise expects a class with the name Policy in the package testpackage. You did not implement the class in the exercise., hasLongFeedbackText=false, reference=null, credits=0.0, positive=false, type=AUTOMATIC, visibility=ALWAYS, testCase=TestCaseDTO[testName=null, id=1408]], FeedbackDTO[id=956, text=null, detailText=The exercise expects a class with the name Context in the package testpackage. You did not implement the class in the exercise., hasLongFeedbackText=false, reference=null, credits=0.0, positive=false, type=AUTOMATIC, visibility=ALWAYS, testCase=TestCaseDTO[testName=null, id=1404]], FeedbackDTO[id=957, text=null, detailText=The exercise expects a class with the name Policy in the package testpackage. You did not implement the class in the exercise., hasLongFeedbackText=false, reference=null, credits=0.0, positive=false, type=AUTOMATIC, visibility=ALWAYS, testCase=TestCaseDTO[testName=null, id=1405]], FeedbackDTO[id=958, text=null, detailText=null, hasLongFeedbackText=false, reference=null, credits=3.230769230769231, positive=true, type=AUTOMATIC, visibility=ALWAYS, testCase=TestCaseDTO[testName=null, id=1415]]], assessmentType=AUTOMATIC, hasComplaint=null, exampleResult=null, testCaseCount=13, passedTestCaseCount=1, codeIssueCount=0]], BuildJobQueueItem[id=20261739576743984, name=SHORT53C73BE505404043100AC2F00C039353CE8FTSTEXC-LOCALVCCIINTSTUDENT1, buildAgent=BuildAgentDTO[name=artemis-build-agent-test, memberAddress=[127.0.0.1]:5703, displayName=artemis-build-agent-test], participationId=2026, courseId=991, exerciseId=2608, retryCount=0, priority=1, status=SUCCESSFUL, repositoryInfo=RepositoryInfo[repositoryName=short53c73be505404043100ac2f00c039353ce8ftstexc-localvcciintstudent1, repositoryType=user, triggeredByPushTo=user, assignmentRepositoryUri=http://localhost:49152/git/SHORT53C73BE505404043100AC2F00C039353CE8FTSTEXC/short53c73be505404043100ac2f00c039353ce8ftstexc-localvcciintstudent1.git, testRepositoryUri=http://localhost:49152/git/SHORT53C73BE505404043100AC2F00C039353CE8FTSTEXC/short53c73be505404043100ac2f00c039353ce8ftstexc-tests.git, solutionRepositoryUri=null, auxiliaryRepositoryUris=[Ljava.lang.String;@2aa3cde, auxiliaryRepositoryCheckoutDirectories=[Ljava.lang.String;@364cf7b0], jobTimingInfo=JobTimingInfo[submissionDate=2025-02-14T23:45:43.984518859Z[Etc/UTC], buildStartDate=2025-02-14T23:45:43.991385682Z[Etc/UTC], buildCompletionDate=2025-02-14T23:45:44.982059928Z[Etc/UTC], estimatedCompletionDate=2025-02-14T23:46:02.991380122Z[Etc/UTC], estimatedDuration=19], buildConfig=BuildConfig[buildScript=#!/bin/bash
cd /var/tmp/testing-dir
chmod +x ./gradlew
./gradlew clean test
, dockerImage=dummy-docker-image:latest, commitHashToBuild=3e90ae9fef2e44ffb41451a080bdaa6a44ad6848, assignmentCommitHash=3e90ae9fef2e44ffb41451a080bdaa6a44ad6848, testCommitHash=0582754c87aae13e640312855ce7dbe490ecb50c, branch=main, programmingLanguage=JAVA, projectType=PLAIN_GRADLE, scaEnabled=false, sequentialTestRunsEnabled=false, resultPaths=[/var/tmp/testing-dir/**/test-results/test/*.xml], timeoutSeconds=0, assignmentCheckoutPath=null, testCheckoutPath=null, solutionCheckoutPath=null, dockerRunConfig=null], submissionResult=ResultDTO[id=635, completionDate=2025-02-14T23:45:44.961313737Z[Etc/UTC], successful=false, score=7.7, rated=true, submission=SubmissionDTO[id=829, submitted=true, type=MANUAL, exampleSubmission=null, submissionDate=2025-02-14T23:45:43.967766Z, commitHash=3e90ae9fef2e44ffb41451a080bdaa6a44ad6848, buildFailed=false, buildArtifact=false, participation=ParticipationDTO[id=2026, testRun=false, type=programming, submissionCount=null, exercise=ParticipationExerciseDTO[id=2608, exerciseType=PROGRAMMING, type=programming, assessmentType=AUTOMATIC, dueDate=2025-02-16T23:45:43.597978Z, assessmentDueDate=null, maxPoints=42.0, course=CourseDTO[id=991, accuracyOfScores=1]]], submissionExerciseType=programming, isProcessing=false, buildStartDate=null, estimatedCompletionDate=null], participation=ParticipationDTO[id=2026, testRun=false, type=programming, submissionCount=null, exercise=ParticipationExerciseDTO[id=2608, exerciseType=PROGRAMMING, type=programming, assessmentType=AUTOMATIC, dueDate=2025-02-16T23:45:43.597978Z, assessmentDueDate=null, maxPoints=42.0, course=CourseDTO[id=991, accuracyOfScores=1]]], feedbacks=[FeedbackDTO[id=959, text=null, detailText=The exercise expects a class with the name Context in the package testpackage. You did not implement the class in the exercise., hasLongFeedbackText=false, reference=null, credits=0.0, positive=false, type=AUTOMATIC, visibility=ALWAYS, testCase=TestCaseDTO[testName=null, id=1448]], FeedbackDTO[id=960, text=null, detailText=The exercise expects a class with the name Policy in the package testpackage. You did not implement the class in the exercise., hasLongFeedbackText=false, reference=null, credits=0.0, positive=false, type=AUTOMATIC, visibility=ALWAYS, testCase=TestCaseDTO[testName=null, id=1449]], FeedbackDTO[id=961, text=null, detailText=The exercise expects a class with the name SortStrategy in the package testpackage. You did not implement the class in the exercise., hasLongFeedbackText=false, reference=null, credits=0.0, positive=false, type=AUTOMATIC, visibility=ALWAYS, testCase=TestCaseDTO[testName=null, id=1450]], FeedbackDTO[id=962, text=null, detailText=The class 'MergeSort' does not implement the interface 'SortStrategy' as expected. Implement the interface and its methods., hasLongFeedbackText=false, reference=null, credits=0.0, positive=false, type=AUTOMATIC, visibility=ALWAYS, testCase=TestCaseDTO[testName=null, id=1445]], FeedbackDTO[id=963, text=null, detailText=The exercise expects a class with the name SortStrategy in the package testpackage. You did not implement the class in the exercise., hasLongFeedbackText=false, reference=null, credits=0.0, positive=false, type=AUTOMATIC, visibility=ALWAYS, testCase=TestCaseDTO[testName=null, id=1442]], FeedbackDTO[id=964, text=null, detailText=The class 'BubbleSort' does not implement the interface 'SortStrategy' as expected. Implement the interface and its methods., hasLongFeedbackText=false, reference=null, credits=0.0, positive=false, type=AUTOMATIC, visibility=ALWAYS, testCase=TestCaseDTO[testName=null, id=1446]], FeedbackDTO[id=965, text=null, detailText=MergeSort does not sort correctly, hasLongFeedbackText=false, reference=null, credits=0.0, positive=false, type=AUTOMATIC, visibility=ALWAYS, testCase=TestCaseDTO[testName=null, id=1451]], FeedbackDTO[id=966, text=null, detailText=The class 'Context' was not found within the submission. Make sure to implement it properly., hasLongFeedbackText=false, reference=null, credits=0.0, positive=false, type=AUTOMATIC, visibility=ALWAYS, testCase=TestCaseDTO[testName=null, id=1452]], FeedbackDTO[id=967, text=null, detailText=The class 'Context' was not found within the submission. Make sure to implement it properly., hasLongFeedbackText=false, reference=null, credits=0.0, positive=false, type=AUTOMATIC, visibility=ALWAYS, testCase=TestCaseDTO[testName=null, id=1453]], FeedbackDTO[id=968, text=null, detailText=The exercise expects a class with the name Policy in the package testpackage. You did not implement the class in the exercise., hasLongFeedbackText=false, reference=null, credits=0.0, positive=false, type=AUTOMATIC, visibility=ALWAYS, testCase=TestCaseDTO[testName=null, id=1447]], FeedbackDTO[id=969, text=null, detailText=The exercise expects a class with the name Context in the package testpackage. You did not implement the class in the exercise., hasLongFeedbackText=false, reference=null, credits=0.0, positive=false, type=AUTOMATIC, visibility=ALWAYS, testCase=TestCaseDTO[testName=null, id=1443]], FeedbackDTO[id=970, text=null, detailText=The exercise expects a class with the name Policy in the package testpackage. You did not implement the class in the exercise., hasLongFeedbackText=false, reference=null, credits=0.0, positive=false, type=AUTOMATIC, visibility=ALWAYS, testCase=TestCaseDTO[testName=null, id=1444]], FeedbackDTO[id=971, text=null, detailText=null, hasLongFeedbackText=false, reference=null, credits=3.230769230769231, positive=true, type=AUTOMATIC, visibility=ALWAYS, testCase=TestCaseDTO[testName=null, id=1454]]], assessmentType=AUTOMATIC, hasComplaint=null, exampleResult=null, testCaseCount=13, passedTestCaseCount=1, codeIssueCount=0]], BuildJobQueueItem[id=20271739576746886, name=SHORT0FC863930E92904248098A506171F81CF6CFTSTEXC-SOLUTION, buildAgent=BuildAgentDTO[name=artemis-build-agent-test, memberAddress=[127.0.0.1]:5703, displayName=artemis-build-agent-test], participationId=2027, courseId=992, exerciseId=2609, retryCount=0, priority=2, status=SUCCESSFUL, repositoryInfo=RepositoryInfo[repositoryName=short0fc863930e92904248098a506171f81cf6cftstexc-solution, repositoryType=solution, triggeredByPushTo=auxiliary, assignmentRepositoryUri=http://localhost:49152/git/SHORT0FC863930E92904248098A506171F81CF6CFTSTEXC/short0fc863930e92904248098a506171f81cf6cftstexc-solution.git, testRepositoryUri=http://localhost:49152/git/SHORT0FC863930E92904248098A506171F81CF6CFTSTEXC/short0fc863930e92904248098a506171f81cf6cftstexc-tests.git, solutionRepositoryUri=null, auxiliaryRepositoryUris=[Ljava.lang.String;@4f53a03f, auxiliaryRepositoryCheckoutDirectories=[Ljava.lang.String;@40fb0a3], jobTimingInfo=JobTimingInfo[submissionDate=2025-02-14T23:45:46.886984066Z[Etc/UTC], buildStartDate=2025-02-14T23:45:46.897709578Z[Etc/UTC], buildCompletionDate=2025-02-14T23:45:48.628460156Z[Etc/UTC], estimatedCompletionDate=2025-02-14T23:46:05.897701272Z[Etc/UTC], estimatedDuration=19], buildConfig=BuildConfig[buildScript=#!/bin/bash
cd /var/tmp/testing-dir
chmod +x ./gradlew
./gradlew clean test
, dockerImage=dummy-docker-image:latest, commitHashToBuild=null, assignmentCommitHash=115a2e943bee242fdad360b50d8ad5f30792577e, testCommitHash=9b3a9bd71a0d80e5bbc42204c319ed3d1d4f0d6d, branch=main, programmingLanguage=JAVA, projectType=PLAIN_GRADLE, scaEnabled=false, sequentialTestRunsEnabled=false, resultPaths=[/var/tmp/testing-dir/**/test-results/test/*.xml], timeoutSeconds=0, assignmentCheckoutPath=null, testCheckoutPath=null, solutionCheckoutPath=null, dockerRunConfig=null], submissionResult=ResultDTO[id=636, completionDate=2025-02-14T23:45:48.593370968Z[Etc/UTC], successful=true, score=100.0, rated=true, submission=SubmissionDTO[id=830, submitted=true, type=TEST, exampleSubmission=null, submissionDate=2025-02-14T23:45:46.873671Z, commitHash=9b3a9bd71a0d80e5bbc42204c319ed3d1d4f0d6d, buildFailed=false, buildArtifact=false, participation=ParticipationDTO[id=2027, testRun=false, type=solution, submissionCount=null, exercise=ParticipationExerciseDTO[id=2609, exerciseType=PROGRAMMING, type=programming, assessmentType=AUTOMATIC, dueDate=2025-02-16T23:45:46.386304Z, assessmentDueDate=null, maxPoints=42.0, course=CourseDTO[id=992, accuracyOfScores=1]]], submissionExerciseType=programming, isProcessing=false, buildStartDate=null, estimatedCompletionDate=null], participation=ParticipationDTO[id=2027, testRun=false, type=solution, submissionCount=null, exercise=ParticipationExerciseDTO[id=2609, exerciseType=PROGRAMMING, type=programming, assessmentType=AUTOMATIC, dueDate=2025-02-16T23:45:46.386304Z, assessmentDueDate=null, maxPoints=42.0, course=CourseDTO[id=992, accuracyOfScores=1]]], feedbacks=[FeedbackDTO[id=972, text=null, detailText=null, hasLongFeedbackText=false, reference=null, credits=3.230769230769231, positive=true, type=AUTOMATIC, visibility=ALWAYS, testCase=TestCaseDTO[testName=testMethods[Context], id=1461]], FeedbackDTO[id=973, text=null, detailText=null, hasLongFeedbackText=false, reference=null, credits=3.230769230769231, positive=true, type=AUTOMATIC, visibility=ALWAYS, testCase=TestCaseDTO[testName=testMethods[Policy], id=1462]], FeedbackDTO[id=974, text=null, detailText=null, hasLongFeedbackText=false, reference=null, credits=3.230769230769231, positive=true, type=AUTOMATIC, visibility=ALWAYS, testCase=TestCaseDTO[testName=testMethods[SortStrategy], id=1463]], FeedbackDTO[id=975, text=null, detailText=null, hasLongFeedbackText=false, reference=null, credits=3.230769230769231, positive=true, type=AUTOMATIC, visibility=ALWAYS, testCase=TestCaseDTO[testName=testClass[MergeSort], id=1458]], FeedbackDTO[id=976, text=null, detailText=null, hasLongFeedbackText=false, reference=null, credits=3.230769230769231, positive=true, type=AUTOMATIC, visibility=ALWAYS, testCase=TestCaseDTO[testName=testClass[SortStrategy], id=1455]], FeedbackDTO[id=977, text=null, detailText=null, hasLongFeedbackText=false, reference=null, credits=3.230769230769231, positive=true, type=AUTOMATIC, visibility=ALWAYS, testCase=TestCaseDTO[testName=testClass[BubbleSort], id=1459]], FeedbackDTO[id=978, text=null, detailText=null, hasLongFeedbackText=false, reference=null, credits=3.230769230769231, positive=true, type=AUTOMATIC, visibility=ALWAYS, testCase=TestCaseDTO[testName=testMergeSort(), id=1464]], FeedbackDTO[id=979, text=null, detailText=null, hasLongFeedbackText=false, reference=null, credits=3.230769230769231, positive=true, type=AUTOMATIC, visibility=ALWAYS, testCase=TestCaseDTO[testName=testUseBubbleSortForSmallList(), id=1465]], FeedbackDTO[id=980, text=null, detailText=null, hasLongFeedbackText=false, reference=null, credits=3.230769230769231, positive=true, type=AUTOMATIC, visibility=ALWAYS, testCase=TestCaseDTO[testName=testBubbleSort(), id=1467]], FeedbackDTO[id=981, text=null, detailText=null, hasLongFeedbackText=false, reference=null, credits=3.230769230769231, positive=true, type=AUTOMATIC, visibility=ALWAYS, testCase=TestCaseDTO[testName=testUseMergeSortForBigList(), id=1466]], FeedbackDTO[id=982, text=null, detailText=null, hasLongFeedbackText=false, reference=null, credits=3.230769230769231, positive=true, type=AUTOMATIC, visibility=ALWAYS, testCase=TestCaseDTO[testName=testConstructors[Policy], id=1460]], FeedbackDTO[id=983, text=null, detailText=null, hasLongFeedbackText=false, reference=null, credits=3.230769230769231, positive=true, type=AUTOMATIC, visibility=ALWAYS, testCase=TestCaseDTO[testName=testAttributes[Context], id=1456]], FeedbackDTO[id=984, text=null, detailText=null, hasLongFeedbackText=false, reference=null, credits=3.230769230769231, positive=true, type=AUTOMATIC, visibility=ALWAYS, testCase=TestCaseDTO[testName=testAttributes[Policy], id=1457]]], assessmentType=AUTOMATIC, hasComplaint=null, exampleResult=null, testCaseCount=13, passedTestCaseCount=13, codeIssueCount=0]], BuildJobQueueItem[id=20281739576748768, name=SHORT0FC863930E92904248098A506171F81CF6CFTSTEXC-BASE, buildAgent=BuildAgentDTO[name=artemis-build-agent-test, memberAddress=[127.0.0.1]:5703, displayName=artemis-build-agent-test], participationId=2028, courseId=992, exerciseId=2609, retryCount=0, priority=2, status=SUCCESSFUL, repositoryInfo=RepositoryInfo[repositoryName=short0fc863930e92904248098a506171f81cf6cftstexc-exercise, repositoryType=exercise, triggeredByPushTo=auxiliary, assignmentRepositoryUri=http://localhost:49152/git/SHORT0FC863930E92904248098A506171F81CF6CFTSTEXC/short0fc863930e92904248098a506171f81cf6cftstexc-exercise.git, testRepositoryUri=http://localhost:49152/git/SHORT0FC863930E92904248098A506171F81CF6CFTSTEXC/short0fc863930e92904248098a506171f81cf6cftstexc-tests.git, solutionRepositoryUri=null, auxiliaryRepositoryUris=[Ljava.lang.String;@57903030, auxiliaryRepositoryCheckoutDirectories=[Ljava.lang.String;@630ac05], jobTimingInfo=JobTimingInfo[submissionDate=2025-02-14T23:45:48.768063548Z[Etc/UTC], buildStartDate=2025-02-14T23:45:48.802531989Z[Etc/UTC], buildCompletionDate=2025-02-14T23:45:50.482681367Z[Etc/UTC], estimatedCompletionDate=2025-02-14T23:45:50.802523092Z[Etc/UTC], estimatedDuration=2], buildConfig=BuildConfig[buildScript=#!/bin/bash
cd /var/tmp/testing-dir
chmod +x ./gradlew
./gradlew clean test
, dockerImage=dummy-docker-image:latest, commitHashToBuild=9b3a9bd71a0d80e5bbc42204c319ed3d1d4f0d6d, assignmentCommitHash=115a2e943bee242fdad360b50d8ad5f30792577e, testCommitHash=9b3a9bd71a0d80e5bbc42204c319ed3d1d4f0d6d, branch=main, programmingLanguage=JAVA, projectType=PLAIN_GRADLE, scaEnabled=false, sequentialTestRunsEnabled=false, resultPaths=[/var/tmp/testing-dir/**/test-results/test/*.xml], timeoutSeconds=0, assignmentCheckoutPath=null, testCheckoutPath=null, solutionCheckoutPath=null, dockerRunConfig=null], submissionResult=ResultDTO[id=637, completionDate=2025-02-14T23:45:50.449084694Z[Etc/UTC], successful=false, score=0.0, rated=true, submission=SubmissionDTO[id=831, submitted=true, type=TEST, exampleSubmission=null, submissionDate=2025-02-14T23:45:48.761177Z, commitHash=9b3a9bd71a0d80e5bbc42204c319ed3d1d4f0d6d, buildFailed=false, buildArtifact=false, participation=ParticipationDTO[id=2028, testRun=false, type=template, submissionCount=null, exercise=ParticipationExerciseDTO[id=2609, exerciseType=PROGRAMMING, type=programming, assessmentType=AUTOMATIC, dueDate=2025-02-16T23:45:46.386304Z, assessmentDueDate=null, maxPoints=42.0, course=CourseDTO[id=992, accuracyOfScores=1]]], submissionExerciseType=programming, isProcessing=false, buildStartDate=null, estimatedCompletionDate=null], participation=ParticipationDTO[id=2028, testRun=false, type=template, submissionCount=null, exercise=ParticipationExerciseDTO[id=2609, exerciseType=PROGRAMMING, type=programming, assessmentType=AUTOMATIC, dueDate=2025-02-16T23:45:46.386304Z, assessmentDueDate=null, maxPoints=42.0, course=CourseDTO[id=992, accuracyOfScores=1]]], feedbacks=[FeedbackDTO[id=985, text=null, detailText=The exercise expects a class with the name Context in the package testpackage. You did not implement the class in the exercise., hasLongFeedbackText=false, reference=null, credits=0.0, positive=false, type=AUTOMATIC, visibility=ALWAYS, testCase=TestCaseDTO[testName=testMethods[Context], id=1461]], FeedbackDTO[id=986, text=null, detailText=The exercise expects a class with the name Policy in the package testpackage. You did not implement the class in the exercise., hasLongFeedbackText=false, reference=null, credits=0.0, positive=false, type=AUTOMATIC, visibility=ALWAYS, testCase=TestCaseDTO[testName=testMethods[Policy], id=1462]], FeedbackDTO[id=987, text=null, detailText=The exercise expects a class with the name SortStrategy in the package testpackage. You did not implement the class in the exercise., hasLongFeedbackText=false, reference=null, credits=0.0, positive=false, type=AUTOMATIC, visibility=ALWAYS, testCase=TestCaseDTO[testName=testMethods[SortStrategy], id=1463]], FeedbackDTO[id=988, text=null, detailText=The class 'MergeSort' does not implement the interface 'SortStrategy' as expected. Implement the interface and its methods., hasLongFeedbackText=false, reference=null, credits=0.0, positive=false, type=AUTOMATIC, visibility=ALWAYS, testCase=TestCaseDTO[testName=testClass[MergeSort], id=1458]], FeedbackDTO[id=989, text=null, detailText=The exercise expects a class with the name SortStrategy in the package testpackage. You did not implement the class in the exercise., hasLongFeedbackText=false, reference=null, credits=0.0, positive=false, type=AUTOMATIC, visibility=ALWAYS, testCase=TestCaseDTO[testName=testClass[SortStrategy], id=1455]], FeedbackDTO[id=990, text=null, detailText=The class 'BubbleSort' does not implement the interface 'SortStrategy' as expected. Implement the interface and its methods., hasLongFeedbackText=false, reference=null, credits=0.0, positive=false, type=AUTOMATIC, visibility=ALWAYS, testCase=TestCaseDTO[testName=testClass[BubbleSort], id=1459]], FeedbackDTO[id=991, text=null, detailText=MergeSort does not sort correctly, hasLongFeedbackText=false, reference=null, credits=0.0, positive=false, type=AUTOMATIC, visibility=ALWAYS, testCase=TestCaseDTO[testName=testMergeSort(), id=1464]], FeedbackDTO[id=992, text=null, detailText=The class 'Context' was not found within the submission. Make sure to implement it properly., hasLongFeedbackText=false, reference=null, credits=0.0, positive=false, type=AUTOMATIC, visibility=ALWAYS, testCase=TestCaseDTO[testName=testUseBubbleSortForSmallList(), id=1465]], FeedbackDTO[id=993, text=null, detailText=BubbleSort does not sort correctly, hasLongFeedbackText=false, reference=null, credits=0.0, positive=false, type=AUTOMATIC, visibility=ALWAYS, testCase=TestCaseDTO[testName=testBubbleSort(), id=1467]], FeedbackDTO[id=994, text=null, detailText=The class 'Context' was not found within the submission. Make sure to implement it properly., hasLongFeedbackText=false, reference=null, credits=0.0, positive=false, type=AUTOMATIC, visibility=ALWAYS, testCase=TestCaseDTO[testName=testUseMergeSortForBigList(), id=1466]], FeedbackDTO[id=995, text=null, detailText=The exercise expects a class with the name Policy in the package testpackage. You did not implement the class in the exercise., hasLongFeedbackText=false, reference=null, credits=0.0, positive=false, type=AUTOMATIC, visibility=ALWAYS, testCase=TestCaseDTO[testName=testConstructors[Policy], id=1460]], FeedbackDTO[id=996, text=null, detailText=The exercise expects a class with the name Context in the package testpackage. You did not implement the class in the exercise., hasLongFeedbackText=false, reference=null, credits=0.0, positive=false, type=AUTOMATIC, visibility=ALWAYS, testCase=TestCaseDTO[testName=testAttributes[Context], id=1456]], FeedbackDTO[id=997, text=null, detailText=The exercise expects a class with the name Policy in the package testpackage. You did not implement the class in the exercise., hasLongFeedbackText=false, reference=null, credits=0.0, positive=false, type=AUTOMATIC, visibility=ALWAYS, testCase=TestCaseDTO[testName=testAttributes[Policy], id=1457]]], assessmentType=AUTOMATIC, hasComplaint=null, exampleResult=null, testCaseCount=13, passedTestCaseCount=0, codeIssueCount=0]], BuildJobQueueItem[id=20291739576751299, name=SHORT716C2EC10B19B049C80A2F00B97EAB20B2A9TSTEXC-SOLUTION, buildAgent=BuildAgentDTO[name=artemis-build-agent-test, memberAddress=[127.0.0.1]:5703, displayName=artemis-build-agent-test], participationId=2029, courseId=993, exerciseId=2610, retryCount=0, priority=2, status=SUCCESSFUL, repositoryInfo=RepositoryInfo[repositoryName=short716c2ec10b19b049c80a2f00b97eab20b2a9tstexc-solution, repositoryType=solution, triggeredByPushTo=tests, assignmentRepositoryUri=http://localhost:49152/git/SHORT716C2EC10B19B049C80A2F00B97EAB20B2A9TSTEXC/short716c2ec10b19b049c80a2f00b97eab20b2a9tstexc-solution.git, testRepositoryUri=http://localhost:49152/git/SHORT716C2EC10B19B049C80A2F00B97EAB20B2A9TSTEXC/short716c2ec10b19b049c80a2f00b97eab20b2a9tstexc-tests.git, solutionRepositoryUri=null, auxiliaryRepositoryUris=[Ljava.lang.String;@54b0b6a4, auxiliaryRepositoryCheckoutDirectories=[Ljava.lang.String;@2d439e39], jobTimingInfo=JobTimingInfo[submissionDate=2025-02-14T23:45:51.299892174Z[Etc/UTC], buildStartDate=2025-02-14T23:45:51.314028505Z[Etc/UTC], buildCompletionDate=2025-02-14T23:45:52.158312850Z[Etc/UTC], estimatedCompletionDate=2025-02-14T23:46:10.314021752Z[Etc/UTC], estimatedDuration=19], buildConfig=BuildConfig[buildScript=#!/bin/bash
cd /var/tmp/testing-dir
chmod +x ./gradlew
./gradlew clean test
, dockerImage=dummy-docker-image:latest, commitHashToBuild=1e531733ed6e9237f710b528d1eb0b7beac565fd, assignmentCommitHash=815e279f12ad296b4f24c44134a07293c04c010f, testCommitHash=1e531733ed6e9237f710b528d1eb0b7beac565fd, branch=main, programmingLanguage=JAVA, projectType=PLAIN_GRADLE, scaEnabled=false, sequentialTestRunsEnabled=false, resultPaths=[/var/tmp/testing-dir/**/test-results/test/*.xml], timeoutSeconds=0, assignmentCheckoutPath=null, testCheckoutPath=null, solutionCheckoutPath=null, dockerRunConfig=null], submissionResult=ResultDTO[id=638, completionDate=2025-02-14T23:45:52.146826070Z[Etc/UTC], successful=true, score=100.0, rated=true, submission=SubmissionDTO[id=832, submitted=true, type=TEST, exampleSubmission=null, submissionDate=2025-02-14T23:45:51.275713Z, commitHash=1e531733ed6e9237f710b528d1eb0b7beac565fd, buildFailed=false, buildArtifact=false, participation=ParticipationDTO[id=2029, testRun=false, type=solution, submissionCount=null, exercise=ParticipationExerciseDTO[id=2610, exerciseType=PROGRAMMING, type=programming, assessmentType=AUTOMATIC, dueDate=2025-02-16T23:45:50.869093Z, assessmentDueDate=null, maxPoints=42.0, course=CourseDTO[id=993, accuracyOfScores=1]]], submissionExerciseType=programming, isProcessing=false, buildStartDate=null, estimatedCompletionDate=null], participation=ParticipationDTO[id=2029, testRun=false, type=solution, submissionCount=null, exercise=ParticipationExerciseDTO[id=2610, exerciseType=PROGRAMMING, type=programming, assessmentType=AUTOMATIC, dueDate=2025-02-16T23:45:50.869093Z, assessmentDueDate=null, maxPoints=42.0, course=CourseDTO[id=993, accuracyOfScores=1]]], feedbacks=[FeedbackDTO[id=998, text=null, detailText=null, hasLongFeedbackText=false, reference=null, credits=3.230769230769231, positive=true, type=AUTOMATIC, visibility=ALWAYS, testCase=TestCaseDTO[testName=testMethods[Context], id=1474]], FeedbackDTO[id=999, text=null, detailText=null, hasLongFeedbackText=false, reference=null, credits=3.230769230769231, positive=true, type=AUTOMATIC, visibility=ALWAYS, testCase=TestCaseDTO[testName=testMethods[Policy], id=1475]], FeedbackDTO[id=1000, text=null, detailText=null, hasLongFeedbackText=false, reference=null, credits=3.230769230769231, positive=true, type=AUTOMATIC, visibility=ALWAYS, testCase=TestCaseDTO[testName=testMethods[SortStrategy], id=1476]], FeedbackDTO[id=1001, text=null, detailText=null, hasLongFeedbackText=false, reference=null, credits=3.230769230769231, positive=true, type=AUTOMATIC, visibility=ALWAYS, testCase=TestCaseDTO[testName=testClass[MergeSort], id=1471]], FeedbackDTO[id=1002, text=null, detailText=null, hasLongFeedbackText=false, reference=null, credits=3.230769230769231, positive=true, type=AUTOMATIC, visibility=ALWAYS, testCase=TestCaseDTO[testName=testClass[SortStrategy], id=1468]], FeedbackDTO[id=1003, text=null, detailText=null, hasLongFeedbackText=false, reference=null, credits=3.230769230769231, positive=true, type=AUTOMATIC, visibility=ALWAYS, testCase=TestCaseDTO[testName=testClass[BubbleSort], id=1472]], FeedbackDTO[id=1004, text=null, detailText=null, hasLongFeedbackText=false, reference=null, credits=3.230769230769231, positive=true, type=AUTOMATIC, visibility=ALWAYS, testCase=TestCaseDTO[testName=testMergeSort(), id=1477]], FeedbackDTO[id=1005, text=null, detailText=null, hasLongFeedbackText=false, reference=null, credits=3.230769230769231, positive=true, type=AUTOMATIC, visibility=ALWAYS, testCase=TestCaseDTO[testName=testUseBubbleSortForSmallList(), id=1478]], FeedbackDTO[id=1006, text=null, detailText=null, hasLongFeedbackText=false, reference=null, credits=3.230769230769231, positive=true, type=AUTOMATIC, visibility=ALWAYS, testCase=TestCaseDTO[testName=testBubbleSort(), id=1480]], FeedbackDTO[id=1007, text=null, detailText=null, hasLongFeedbackText=false, reference=null, credits=3.230769230769231, positive=true, type=AUTOMATIC, visibility=ALWAYS, testCase=TestCaseDTO[testName=testUseMergeSortForBigList(), id=1479]], FeedbackDTO[id=1008, text=null, detailText=null, hasLongFeedbackText=false, reference=null, credits=3.230769230769231, positive=true, type=AUTOMATIC, visibility=ALWAYS, testCase=TestCaseDTO[testName=testConstructors[Policy], id=1473]], FeedbackDTO[id=1009, text=null, detailText=null, hasLongFeedbackText=false, reference=null, credits=3.230769230769231, positive=true, type=AUTOMATIC, visibility=ALWAYS, testCase=TestCaseDTO[testName=testAttributes[Context], id=1469]], FeedbackDTO[id=1010, text=null, detailText=null, hasLongFeedbackText=false, reference=null, credits=3.230769230769231, positive=true, type=AUTOMATIC, visibility=ALWAYS, testCase=TestCaseDTO[testName=testAttributes[Policy], id=1470]]], assessmentType=AUTOMATIC, hasComplaint=null, exampleResult=null, testCaseCount=13, passedTestCaseCount=13, codeIssueCount=0]], BuildJobQueueItem[id=20301739576752239, name=SHORT716C2EC10B19B049C80A2F00B97EAB20B2A9TSTEXC-BASE, buildAgent=BuildAgentDTO[name=artemis-build-agent-test, memberAddress=[127.0.0.1]:5703, displayName=artemis-build-agent-test], participationId=2030, courseId=993, exerciseId=2610, retryCount=0, priority=2, status=SUCCESSFUL, repositoryInfo=RepositoryInfo[repositoryName=short716c2ec10b19b049c80a2f00b97eab20b2a9tstexc-exercise, repositoryType=exercise, triggeredByPushTo=tests, assignmentRepositoryUri=http://localhost:49152/git/SHORT716C2EC10B19B049C80A2F00B97EAB20B2A9TSTEXC/short716c2ec10b19b049c80a2f00b97eab20b2a9tstexc-exercise.git, testRepositoryUri=http://localhost:49152/git/SHORT716C2EC10B19B049C80A2F00B97EAB20B2A9TSTEXC/short716c2ec10b19b049c80a2f00b97eab20b2a9tstexc-tests.git, solutionRepositoryUri=null, auxiliaryRepositoryUris=[Ljava.lang.String;@7b043a11, auxiliaryRepositoryCheckoutDirectories=[Ljava.lang.String;@7857e1f0], jobTimingInfo=JobTimingInfo[submissionDate=2025-02-14T23:45:52.239402475Z[Etc/UTC], buildStartDate=2025-02-14T23:45:52.258713639Z[Etc/UTC], buildCompletionDate=2025-02-14T23:45:53.238773956Z[Etc/UTC], estimatedCompletionDate=2025-02-14T23:45:53.258707428Z[Etc/UTC], estimatedDuration=1], buildConfig=BuildConfig[buildScript=#!/bin/bash
cd /var/tmp/testing-dir
chmod +x ./gradlew
./gradlew clean test
, dockerImage=dummy-docker-image:latest, commitHashToBuild=1e531733ed6e9237f710b528d1eb0b7beac565fd, assignmentCommitHash=815e279f12ad296b4f24c44134a07293c04c010f, testCommitHash=1e531733ed6e9237f710b528d1eb0b7beac565fd, branch=main, programmingLanguage=JAVA, projectType=PLAIN_GRADLE, scaEnabled=false, sequentialTestRunsEnabled=false, resultPaths=[/var/tmp/testing-dir/**/test-results/test/*.xml], timeoutSeconds=0, assignmentCheckoutPath=null, testCheckoutPath=null, solutionCheckoutPath=null, dockerRunConfig=null], submissionResult=ResultDTO[id=639, completionDate=2025-02-14T23:45:53.225806205Z[Etc/UTC], successful=false, score=0.0, rated=true, submission=SubmissionDTO[id=833, submitted=true, type=TEST, exampleSubmission=null, submissionDate=2025-02-14T23:45:52.237179Z, commitHash=1e531733ed6e9237f710b528d1eb0b7beac565fd, buildFailed=false, buildArtifact=false, participation=ParticipationDTO[id=2030, testRun=false, type=template, submissionCount=null, exercise=ParticipationExerciseDTO[id=2610, exerciseType=PROGRAMMING, type=programming, assessmentType=AUTOMATIC, dueDate=2025-02-16T23:45:50.869093Z, assessmentDueDate=null, maxPoints=42.0, course=CourseDTO[id=993, accuracyOfScores=1]]], submissionExerciseType=programming, isProcessing=false, buildStartDate=null, estimatedCompletionDate=null], participation=ParticipationDTO[id=2030, testRun=false, type=template, submissionCount=null, exercise=ParticipationExerciseDTO[id=2610, exerciseType=PROGRAMMING, type=programming, assessmentType=AUTOMATIC, dueDate=2025-02-16T23:45:50.869093Z, assessmentDueDate=null, maxPoints=42.0, course=CourseDTO[id=993, accuracyOfScores=1]]], feedbacks=[FeedbackDTO[id=1011, text=null, detailText=The exercise expects a class with the name Context in the package testpackage. You did not implement the class in the exercise., hasLongFeedbackText=false, reference=null, credits=0.0, positive=false, type=AUTOMATIC, visibility=ALWAYS, testCase=TestCaseDTO[testName=testMethods[Context], id=1474]], FeedbackDTO[id=1012, text=null, detailText=The exercise expects a class with the name Policy in the package testpackage. You did not implement the class in the exercise., hasLongFeedbackText=false, reference=null, credits=0.0, positive=false, type=AUTOMATIC, visibility=ALWAYS, testCase=TestCaseDTO[testName=testMethods[Policy], id=1475]], FeedbackDTO[id=1013, text=null, detailText=The exercise expects a class with the name SortStrategy in the package testpackage. You did not implement the class in the exercise., hasLongFeedbackText=false, reference=null, credits=0.0, positive=false, type=AUTOMATIC, visibility=ALWAYS, testCase=TestCaseDTO[testName=testMethods[SortStrategy], id=1476]], FeedbackDTO[id=1014, text=null, detailText=The class 'MergeSort' does not implement the interface 'SortStrategy' as expected. Implement the interface and its methods., hasLongFeedbackText=false, reference=null, credits=0.0, positive=false, type=AUTOMATIC, visibility=ALWAYS, testCase=TestCaseDTO[testName=testClass[MergeSort], id=1471]], FeedbackDTO[id=1015, text=null, detailText=The exercise expects a class with the name SortStrategy in the package testpackage. You did not implement the class in the exercise., hasLongFeedbackText=false, reference=null, credits=0.0, positive=false, type=AUTOMATIC, visibility=ALWAYS, testCase=TestCaseDTO[testName=testClass[SortStrategy], id=1468]], FeedbackDTO[id=1016, text=null, detailText=The class 'BubbleSort' does not implement the interface 'SortStrategy' as expected. Implement the interface and its methods., hasLongFeedbackText=false, reference=null, credits=0.0, positive=false, type=AUTOMATIC, visibility=ALWAYS, testCase=TestCaseDTO[testName=testClass[BubbleSort], id=1472]], FeedbackDTO[id=1017, text=null, detailText=MergeSort does not sort correctly, hasLongFeedbackText=false, reference=null, credits=0.0, positive=false, type=AUTOMATIC, visibility=ALWAYS, testCase=TestCaseDTO[testName=testMergeSort(), id=1477]], FeedbackDTO[id=1018, text=null, detailText=The class 'Context' was not found within the submission. Make sure to implement it properly., hasLongFeedbackText=false, reference=null, credits=0.0, positive=false, type=AUTOMATIC, visibility=ALWAYS, testCase=TestCaseDTO[testName=testUseBubbleSortForSmallList(), id=1478]], FeedbackDTO[id=1019, text=null, detailText=BubbleSort does not sort correctly, hasLongFeedbackText=false, reference=null, credits=0.0, positive=false, type=AUTOMATIC, visibility=ALWAYS, testCase=TestCaseDTO[testName=testBubbleSort(), id=1480]], FeedbackDTO[id=1020, text=null, detailText=The class 'Context' was not found within the submission. Make sure to implement it properly., hasLongFeedbackText=false, reference=null, credits=0.0, positive=false, type=AUTOMATIC, visibility=ALWAYS, testCase=TestCaseDTO[testName=testUseMergeSortForBigList(), id=1479]], FeedbackDTO[id=1021, text=null, detailText=The exercise expects a class with the name Policy in the package testpackage. You did not implement the class in the exercise., hasLongFeedbackText=false, reference=null, credits=0.0, positive=false, type=AUTOMATIC, visibility=ALWAYS, testCase=TestCaseDTO[testName=testConstructors[Policy], id=1473]], FeedbackDTO[id=1022, text=null, detailText=The exercise expects a class with the name Context in the package testpackage. You did not implement the class in the exercise., hasLongFeedbackText=false, reference=null, credits=0.0, positive=false, type=AUTOMATIC, visibility=ALWAYS, testCase=TestCaseDTO[testName=testAttributes[Context], id=1469]], FeedbackDTO[id=1023, text=null, detailText=The exercise expects a class with the name Policy in the package testpackage. You did not implement the class in the exercise., hasLongFeedbackText=false, reference=null, credits=0.0, positive=false, type=AUTOMATIC, visibility=ALWAYS, testCase=TestCaseDTO[testName=testAttributes[Policy], id=1470]]], assessmentType=AUTOMATIC, hasComplaint=null, exampleResult=null, testCaseCount=13, passedTestCaseCount=0, codeIssueCount=0]], BuildJobQueueItem[id=20391739576754750, name=SHORT3A680734092E404EF80A4C60FBC1E408F7D0TSTEXC-LOCALVCCIINTSTUDENT1, buildAgent=BuildAgentDTO[name=artemis-build-agent-test, memberAddress=[127.0.0.1]:5703, displayName=artemis-build-agent-test], participationId=2039, courseId=996, exerciseId=2613, retryCount=0, priority=2, status=SUCCESSFUL, repositoryInfo=RepositoryInfo[repositoryName=short3a680734092e404ef80a4c60fbc1e408f7d0tstexc-localvcciintstudent1, repositoryType=user, triggeredByPushTo=user, assignmentRepositoryUri=http://localhost:49152/git/SHORT3A680734092E404EF80A4C60FBC1E408F7D0TSTEXC/short3a680734092e404ef80a4c60fbc1e408f7d0tstexc-localvcciintstudent1.git, testRepositoryUri=http://localhost:49152/git/SHORT3A680734092E404EF80A4C60FBC1E408F7D0TSTEXC/short3a680734092e404ef80a4c60fbc1e408f7d0tstexc-tests.git, solutionRepositoryUri=null, auxiliaryRepositoryUris=[Ljava.lang.String;@29837dc8, auxiliaryRepositoryCheckoutDirectories=[Ljava.lang.String;@18008c97], jobTimingInfo=JobTimingInfo[submissionDate=2025-02-14T23:45:54.750657185Z[Etc/UTC], buildStartDate=2025-02-14T23:45:54.765232948Z[Etc/UTC], buildCompletionDate=2025-02-14T23:45:55.645844970Z[Etc/UTC], estimatedCompletionDate=2025-02-14T23:46:13.765225363Z[Etc/UTC], estimatedDuration=19], buildConfig=BuildConfig[buildScript=#!/bin/bash
cd /var/tmp/testing-dir
chmod +x ./gradlew
./gradlew clean test
, dockerImage=dummy-docker-image:latest, commitHashToBuild=9344436f8d5a5ce3aa40215562db211ed501371f, assignmentCommitHash=9344436f8d5a5ce3aa40215562db211ed501371f, testCommitHash=ff421c3651ec230fed2f20f72c2901ae372be06a, branch=main, programmingLanguage=JAVA, projectType=PLAIN_GRADLE, scaEnabled=false, sequentialTestRunsEnabled=false, resultPaths=[/var/tmp/testing-dir/**/test-results/test/*.xml], timeoutSeconds=0, assignmentCheckoutPath=null, testCheckoutPath=null, solutionCheckoutPath=null, dockerRunConfig=null], submissionResult=null]], publicSshKey=ssh-rsa AAAAB3NzaC1yc2EAAAADAQABAAACAQCOPdMsxRE2jFJ/UEa5/LsBxtwzJcrh3/rYBCQvcMeVpiRfhzQPWu7mrt/G2Ew+i+vRloGH9aqKg6dd1liRncao53Zmd/ePxoatXePNhmzTfkCkcSkTUz7B+QMjkoDDV5jwuFPD6mF3JkhuzSi64n9Zy905t4w2IhVcjM2mL3eYNjiCXt6Qpq3Pkt7dM/Ksw1nxnvuiIALuJLB3FTkXkHqq3PJav+9HSq2r6ZaWgekneaGxlQlb+U+Vy3XOuArKAzK8c8i+0bR+AHiTG6ncYXt7ax3U+TdlDTF7OLP3umwaYjs1NBXOHwG42pevvpKn2fqavZZozk+M05jXLx3bq0O7itxfErWc7etky8qYPyyIMF/txQIVLd78+Ze4d7Y60t5MGbXM5cGE6fFif5fEJwgswXD+BrG0cafz1CTatjSKFdvp8Vp4VszXhHDan1PrP6JEFJ5Cc5GDmLRZPCFa3vL9f5qXgf4bkqKN8MYeEujwJE5nMRWoiJVNakix2bcrrneQMBlnYeYZVWXXXUusAQBzl4NgddC1umZpihZkL1b1MffZAUW3EGEXi7KHnllQhkTLLsQ8ntMgbylqaJKStqaXlLvdeRJcEnUuiFCrHEVVbXRFZR7XVDZ02CE5o3MuaRPty8Kh+jRTF3COlAckHwYEJCNNJvXFgb2CNXL4mjzYDw== test@localhost]
    23:45:55.726 | 566 localvc.event-13 | DEBUG | s.l.LocalCIWebsocketMessagingService : Sending message on topic /topic/admin/build-agents: [BuildAgentInformation[buildAgent=BuildAgentDTO[name=artemis-build-agent-test, memberAddress=[127.0.0.1]:5703, displayName=artemis-build-agent-test], maxNumberOfConcurrentBuildJobs=1, numberOfCurrentBuildJobs=0, runningBuildJobs=[], status=IDLE, recentBuildJobs=null, publicSshKey=null]]
    23:45:55.727 | 566 localvc.event-13 | DEBUG | s.l.LocalCIWebsocketMessagingService : Sending message on topic /topic/admin/build-agent/artemis-build-agent-test: BuildAgentInformation[buildAgent=BuildAgentDTO[name=artemis-build-agent-test, memberAddress=[127.0.0.1]:5703, displayName=artemis-build-agent-test], maxNumberOfConcurrentBuildJobs=1, numberOfCurrentBuildJobs=0, runningBuildJobs=[], status=IDLE, recentBuildJobs=[BuildJobQueueItem[id=19141739576708030, name=SHORT5F02A8F400311042E70858306EB148073CFDTSTEXC-LOCALVCINTSTUDENT1, buildAgent=BuildAgentDTO[name=artemis-build-agent-test, memberAddress=[127.0.0.1]:5703, displayName=artemis-build-agent-test], participationId=1914, courseId=947, exerciseId=2564, retryCount=0, priority=2, status=FAILED, repositoryInfo=RepositoryInfo[repositoryName=short5f02a8f400311042e70858306eb148073cfdtstexc-localvcintstudent1, repositoryType=user, triggeredByPushTo=user, assignmentRepositoryUri=http://localhost:49152/git/SHORT5F02A8F400311042E70858306EB148073CFDTSTEXC/short5f02a8f400311042e70858306eb148073cfdtstexc-localvcintstudent1.git, testRepositoryUri=http://localhost:49152/git/SHORT5F02A8F400311042E70858306EB148073CFDTSTEXC/short5f02a8f400311042e70858306eb148073cfdtstexc-tests.git, solutionRepositoryUri=null, auxiliaryRepositoryUris=[Ljava.lang.String;@37ce88a3, auxiliaryRepositoryCheckoutDirectories=[Ljava.lang.String;@2b36cef9], jobTimingInfo=JobTimingInfo[submissionDate=2025-02-14T23:45:08.030118216Z[Etc/UTC], buildStartDate=2025-02-14T23:45:08.041011412Z[Etc/UTC], buildCompletionDate=2025-02-14T23:45:08.054603331Z[Etc/UTC], estimatedCompletionDate=2025-02-14T23:45:27.041005080Z[Etc/UTC], estimatedDuration=19], buildConfig=BuildConfig[buildScript=#!/bin/bash
cd /var/tmp/testing-dir
chmod +x ./gradlew
./gradlew clean test
, dockerImage=dummy-docker-image:latest, commitHashToBuild=6e7146cac5059504aa9d170ec3fa23aec740bb51, assignmentCommitHash=6e7146cac5059504aa9d170ec3fa23aec740bb51, testCommitHash=931e5303581c7a2f01339ba603cfafbfe668b901, branch=main, programmingLanguage=JAVA, projectType=PLAIN_GRADLE, scaEnabled=false, sequentialTestRunsEnabled=false, resultPaths=[/var/tmp/testing-dir/**/test-results/test/*.xml], timeoutSeconds=0, assignmentCheckoutPath=null, testCheckoutPath=null, solutionCheckoutPath=null, dockerRunConfig=null], submissionResult=ResultDTO[id=622, completionDate=2025-02-14T23:45:08.054683681Z[Etc/UTC], successful=false, score=0.0, rated=true, submission=SubmissionDTO[id=814, submitted=true, type=MANUAL, exampleSubmission=null, submissionDate=2025-02-14T23:45:08.016200Z, commitHash=6e7146cac5059504aa9d170ec3fa23aec740bb51, buildFailed=true, buildArtifact=false, participation=ParticipationDTO[id=1914, testRun=false, type=programming, submissionCount=null, exercise=ParticipationExerciseDTO[id=2564, exerciseType=PROGRAMMING, type=programming, assessmentType=AUTOMATIC, dueDate=2025-02-16T23:45:07.324348Z, assessmentDueDate=null, maxPoints=42.0, course=CourseDTO[id=947, accuracyOfScores=1]]], submissionExerciseType=programming, isProcessing=false, buildStartDate=null, estimatedCompletionDate=null], participation=ParticipationDTO[id=1914, testRun=false, type=programming, submissionCount=null, exercise=ParticipationExerciseDTO[id=2564, exerciseType=PROGRAMMING, type=programming, assessmentType=AUTOMATIC, dueDate=2025-02-16T23:45:07.324348Z, assessmentDueDate=null, maxPoints=42.0, course=CourseDTO[id=947, accuracyOfScores=1]]], feedbacks=[], assessmentType=AUTOMATIC, hasComplaint=null, exampleResult=null, testCaseCount=0, passedTestCaseCount=0, codeIssueCount=0]], BuildJobQueueItem[id=19361739576711303, name=SHORT9AFDAE3804CA304DDF0889A0CB0F56104A86TSTEXC-LOCALVCINTSTUDENT1, buildAgent=BuildAgentDTO[name=artemis-build-agent-test, memberAddress=[127.0.0.1]:5703, displayName=artemis-build-agent-test], participationId=1936, courseId=956, exerciseId=2573, retryCount=0, priority=2, status=FAILED, repositoryInfo=RepositoryInfo[repositoryName=short9afdae3804ca304ddf0889a0cb0f56104a86tstexc-localvcintstudent1, repositoryType=user, triggeredByPushTo=user, assignmentRepositoryUri=http://localhost:49152/git/SHORT9AFDAE3804CA304DDF0889A0CB0F56104A86TSTEXC/short9afdae3804ca304ddf0889a0cb0f56104a86tstexc-localvcintstudent1.git, testRepositoryUri=http://localhost:49152/git/SHORT9AFDAE3804CA304DDF0889A0CB0F56104A86TSTEXC/short9afdae3804ca304ddf0889a0cb0f56104a86tstexc-tests.git, solutionRepositoryUri=null, auxiliaryRepositoryUris=[Ljava.lang.String;@1ec4d5f2, auxiliaryRepositoryCheckoutDirectories=[Ljava.lang.String;@159968a6], jobTimingInfo=JobTimingInfo[submissionDate=2025-02-14T23:45:11.303805653Z[Etc/UTC], buildStartDate=2025-02-14T23:45:11.310981356Z[Etc/UTC], buildCompletionDate=2025-02-14T23:45:11.319178384Z[Etc/UTC], estimatedCompletionDate=2025-02-14T23:45:30.310974944Z[Etc/UTC], estimatedDuration=19], buildConfig=BuildConfig[buildScript=#!/bin/bash
cd /var/tmp/testing-dir
chmod +x ./gradlew
./gradlew clean test
, dockerImage=dummy-docker-image:latest, commitHashToBuild=a1099e378cffde441ef85f9b12577ca174b8e1e4, assignmentCommitHash=a1099e378cffde441ef85f9b12577ca174b8e1e4, testCommitHash=bd38d61c299ab11a1dea82a3ca5493fe04d97d47, branch=main, programmingLanguage=JAVA, projectType=PLAIN_GRADLE, scaEnabled=false, sequentialTestRunsEnabled=false, resultPaths=[/var/tmp/testing-dir/**/test-results/test/*.xml], timeoutSeconds=0, assignmentCheckoutPath=null, testCheckoutPath=null, solutionCheckoutPath=null, dockerRunConfig=null], submissionResult=ResultDTO[id=623, completionDate=2025-02-14T23:45:11.319278430Z[Etc/UTC], successful=false, score=0.0, rated=true, submission=SubmissionDTO[id=815, submitted=true, type=MANUAL, exampleSubmission=null, submissionDate=2025-02-14T23:45:11.294386Z, commitHash=a1099e378cffde441ef85f9b12577ca174b8e1e4, buildFailed=true, buildArtifact=false, participation=ParticipationDTO[id=1936, testRun=false, type=programming, submissionCount=null, exercise=ParticipationExerciseDTO[id=2573, exerciseType=PROGRAMMING, type=programming, assessmentType=AUTOMATIC, dueDate=2025-02-16T23:45:10.996982Z, assessmentDueDate=null, maxPoints=42.0, course=CourseDTO[id=956, accuracyOfScores=1]]], submissionExerciseType=programming, isProcessing=false, buildStartDate=null, estimatedCompletionDate=null], participation=ParticipationDTO[id=1936, testRun=false, type=programming, submissionCount=null, exercise=ParticipationExerciseDTO[id=2573, exerciseType=PROGRAMMING, type=programming, assessmentType=AUTOMATIC, dueDate=2025-02-16T23:45:10.996982Z, assessmentDueDate=null, maxPoints=42.0, course=CourseDTO[id=956, accuracyOfScores=1]]], feedbacks=[], assessmentType=AUTOMATIC, hasComplaint=null, exampleResult=null, testCaseCount=0, passedTestCaseCount=0, codeIssueCount=0]], BuildJobQueueItem[id=19351739576711674, name=SHORT9AFDAE3804CA304DDF0889A0CB0F56104A86TSTEXC-BASE, buildAgent=BuildAgentDTO[name=artemis-build-agent-test, memberAddress=[127.0.0.1]:5703, displayName=artemis-build-agent-test], participationId=1935, courseId=956, exerciseId=2573, retryCount=0, priority=2, status=FAILED, repositoryInfo=RepositoryInfo[repositoryName=short9afdae3804ca304ddf0889a0cb0f56104a86tstexc-exercise, repositoryType=exercise, triggeredByPushTo=exercise, assignmentRepositoryUri=http://localhost:49152/git/SHORT9AFDAE3804CA304DDF0889A0CB0F56104A86TSTEXC/short9afdae3804ca304ddf0889a0cb0f56104a86tstexc-exercise.git, testRepositoryUri=http://localhost:49152/git/SHORT9AFDAE3804CA304DDF0889A0CB0F56104A86TSTEXC/short9afdae3804ca304ddf0889a0cb0f56104a86tstexc-tests.git, solutionRepositoryUri=null, auxiliaryRepositoryUris=[Ljava.lang.String;@56d17126, auxiliaryRepositoryCheckoutDirectories=[Ljava.lang.String;@4b0d2c03], jobTimingInfo=JobTimingInfo[submissionDate=2025-02-14T23:45:11.674556681Z[Etc/UTC], buildStartDate=2025-02-14T23:45:11.677776879Z[Etc/UTC], buildCompletionDate=2025-02-14T23:45:11.688097378Z[Etc/UTC], estimatedCompletionDate=2025-02-14T23:45:30.677771620Z[Etc/UTC], estimatedDuration=19], buildConfig=BuildConfig[buildScript=#!/bin/bash
cd /var/tmp/testing-dir
chmod +x ./gradlew
./gradlew clean test
, dockerImage=dummy-docker-image:latest, commitHashToBuild=a1099e378cffde441ef85f9b12577ca174b8e1e4, assignmentCommitHash=a1099e378cffde441ef85f9b12577ca174b8e1e4, testCommitHash=bd38d61c299ab11a1dea82a3ca5493fe04d97d47, branch=main, programmingLanguage=JAVA, projectType=PLAIN_GRADLE, scaEnabled=false, sequentialTestRunsEnabled=false, resultPaths=[/var/tmp/testing-dir/**/test-results/test/*.xml], timeoutSeconds=0, assignmentCheckoutPath=null, testCheckoutPath=null, solutionCheckoutPath=null, dockerRunConfig=null], submissionResult=ResultDTO[id=624, completionDate=2025-02-14T23:45:11.688214837Z[Etc/UTC], successful=false, score=0.0, rated=true, submission=SubmissionDTO[id=816, submitted=true, type=MANUAL, exampleSubmission=null, submissionDate=2025-02-14T23:45:11.656934Z, commitHash=a1099e378cffde441ef85f9b12577ca174b8e1e4, buildFailed=true, buildArtifact=false, participation=ParticipationDTO[id=1935, testRun=false, type=template, submissionCount=null, exercise=ParticipationExerciseDTO[id=2573, exerciseType=PROGRAMMING, type=programming, assessmentType=AUTOMATIC, dueDate=2025-02-16T23:45:10.996982Z, assessmentDueDate=null, maxPoints=42.0, course=CourseDTO[id=956, accuracyOfScores=1]]], submissionExerciseType=programming, isProcessing=false, buildStartDate=null, estimatedCompletionDate=null], participation=ParticipationDTO[id=1935, testRun=false, type=template, submissionCount=null, exercise=ParticipationExerciseDTO[id=2573, exerciseType=PROGRAMMING, type=programming, assessmentType=AUTOMATIC, dueDate=2025-02-16T23:45:10.996982Z, assessmentDueDate=null, maxPoints=42.0, course=CourseDTO[id=956, accuracyOfScores=1]]], feedbacks=[], assessmentType=AUTOMATIC, hasComplaint=null, exampleResult=null, testCaseCount=0, passedTestCaseCount=0, codeIssueCount=0]], BuildJobQueueItem[id=19341739576712112, name=SHORT9AFDAE3804CA304DDF0889A0CB0F56104A86TSTEXC-SOLUTION, buildAgent=BuildAgentDTO[name=artemis-build-agent-test, memberAddress=[127.0.0.1]:5703, displayName=artemis-build-agent-test], participationId=1934, courseId=956, exerciseId=2573, retryCount=0, priority=2, status=FAILED, repositoryInfo=RepositoryInfo[repositoryName=short9afdae3804ca304ddf0889a0cb0f56104a86tstexc-solution, repositoryType=solution, triggeredByPushTo=solution, assignmentRepositoryUri=http://localhost:49152/git/SHORT9AFDAE3804CA304DDF0889A0CB0F56104A86TSTEXC/short9afdae3804ca304ddf0889a0cb0f56104a86tstexc-solution.git, testRepositoryUri=http://localhost:49152/git/SHORT9AFDAE3804CA304DDF0889A0CB0F56104A86TSTEXC/short9afdae3804ca304ddf0889a0cb0f56104a86tstexc-tests.git, solutionRepositoryUri=null, auxiliaryRepositoryUris=[Ljava.lang.String;@73de0bd5, auxiliaryRepositoryCheckoutDirectories=[Ljava.lang.String;@2ddc9150], jobTimingInfo=JobTimingInfo[submissionDate=2025-02-14T23:45:12.112332872Z[Etc/UTC], buildStartDate=2025-02-14T23:45:12.121617114Z[Etc/UTC], buildCompletionDate=2025-02-14T23:45:12.127931701Z[Etc/UTC], estimatedCompletionDate=2025-02-14T23:45:31.121609600Z[Etc/UTC], estimatedDuration=19], buildConfig=BuildConfig[buildScript=#!/bin/bash
cd /var/tmp/testing-dir
chmod +x ./gradlew
./gradlew clean test
, dockerImage=dummy-docker-image:latest, commitHashToBuild=a1099e378cffde441ef85f9b12577ca174b8e1e4, assignmentCommitHash=a1099e378cffde441ef85f9b12577ca174b8e1e4, testCommitHash=bd38d61c299ab11a1dea82a3ca5493fe04d97d47, branch=main, programmingLanguage=JAVA, projectType=PLAIN_GRADLE, scaEnabled=false, sequentialTestRunsEnabled=false, resultPaths=[/var/tmp/testing-dir/**/test-results/test/*.xml], timeoutSeconds=0, assignmentCheckoutPath=null, testCheckoutPath=null, solutionCheckoutPath=null, dockerRunConfig=null], submissionResult=ResultDTO[id=625, completionDate=2025-02-14T23:45:12.128011800Z[Etc/UTC], successful=false, score=0.0, rated=true, submission=SubmissionDTO[id=817, submitted=true, type=MANUAL, exampleSubmission=null, submissionDate=2025-02-14T23:45:12.098737Z, commitHash=a1099e378cffde441ef85f9b12577ca174b8e1e4, buildFailed=true, buildArtifact=false, participation=ParticipationDTO[id=1934, testRun=false, type=solution, submissionCount=null, exercise=ParticipationExerciseDTO[id=2573, exerciseType=PROGRAMMING, type=programming, assessmentType=AUTOMATIC, dueDate=2025-02-16T23:45:10.996982Z, assessmentDueDate=null, maxPoints=42.0, course=CourseDTO[id=956, accuracyOfScores=1]]], submissionExerciseType=programming, isProcessing=false, buildStartDate=null, estimatedCompletionDate=null], participation=ParticipationDTO[id=1934, testRun=false, type=solution, submissionCount=null, exercise=ParticipationExerciseDTO[id=2573, exerciseType=PROGRAMMING, type=programming, assessmentType=AUTOMATIC, dueDate=2025-02-16T23:45:10.996982Z, assessmentDueDate=null, maxPoints=42.0, course=CourseDTO[id=956, accuracyOfScores=1]]], feedbacks=[], assessmentType=AUTOMATIC, hasComplaint=null, exampleResult=null, testCaseCount=0, passedTestCaseCount=0, codeIssueCount=0]], BuildJobQueueItem[id=19341739576713025, name=SHORT9AFDAE3804CA304DDF0889A0CB0F56104A86TSTEXC-SOLUTION, buildAgent=BuildAgentDTO[name=artemis-build-agent-test, memberAddress=[127.0.0.1]:5703, displayName=artemis-build-agent-test], participationId=1934, courseId=956, exerciseId=2573, retryCount=0, priority=2, status=FAILED, repositoryInfo=RepositoryInfo[repositoryName=short9afdae3804ca304ddf0889a0cb0f56104a86tstexc-solution, repositoryType=solution, triggeredByPushTo=tests, assignmentRepositoryUri=http://localhost:49152/git/SHORT9AFDAE3804CA304DDF0889A0CB0F56104A86TSTEXC/short9afdae3804ca304ddf0889a0cb0f56104a86tstexc-solution.git, testRepositoryUri=http://localhost:49152/git/SHORT9AFDAE3804CA304DDF0889A0CB0F56104A86TSTEXC/short9afdae3804ca304ddf0889a0cb0f56104a86tstexc-tests.git, solutionRepositoryUri=null, auxiliaryRepositoryUris=[Ljava.lang.String;@70d98d8c, auxiliaryRepositoryCheckoutDirectories=[Ljava.lang.String;@5296daa0], jobTimingInfo=JobTimingInfo[submissionDate=2025-02-14T23:45:13.025319671Z[Etc/UTC], buildStartDate=2025-02-14T23:45:13.040293146Z[Etc/UTC], buildCompletionDate=2025-02-14T23:45:13.053032917Z[Etc/UTC], estimatedCompletionDate=2025-02-14T23:45:32.040285703Z[Etc/UTC], estimatedDuration=19], buildConfig=BuildConfig[buildScript=#!/bin/bash
cd /var/tmp/testing-dir
chmod +x ./gradlew
./gradlew clean test
, dockerImage=dummy-docker-image:latest, commitHashToBuild=784f8f0049d2a1a54f21c67dd772bea86715267a, assignmentCommitHash=a1099e378cffde441ef85f9b12577ca174b8e1e4, testCommitHash=784f8f0049d2a1a54f21c67dd772bea86715267a, branch=main, programmingLanguage=JAVA, projectType=PLAIN_GRADLE, scaEnabled=false, sequentialTestRunsEnabled=false, resultPaths=[/var/tmp/testing-dir/**/test-results/test/*.xml], timeoutSeconds=0, assignmentCheckoutPath=null, testCheckoutPath=null, solutionCheckoutPath=null, dockerRunConfig=null], submissionResult=ResultDTO[id=626, completionDate=2025-02-14T23:45:13.053131811Z[Etc/UTC], successful=false, score=0.0, rated=true, submission=SubmissionDTO[id=818, submitted=true, type=TEST, exampleSubmission=null, submissionDate=2025-02-14T23:45:13.005779Z, commitHash=784f8f0049d2a1a54f21c67dd772bea86715267a, buildFailed=true, buildArtifact=false, participation=ParticipationDTO[id=1934, testRun=false, type=solution, submissionCount=null, exercise=ParticipationExerciseDTO[id=2573, exerciseType=PROGRAMMING, type=programming, assessmentType=AUTOMATIC, dueDate=2025-02-16T23:45:10.996982Z, assessmentDueDate=null, maxPoints=42.0, course=CourseDTO[id=956, accuracyOfScores=1]]], submissionExerciseType=programming, isProcessing=false, buildStartDate=null, estimatedCompletionDate=null], participation=ParticipationDTO[id=1934, testRun=false, type=solution, submissionCount=null, exercise=ParticipationExerciseDTO[id=2573, exerciseType=PROGRAMMING, type=programming, assessmentType=AUTOMATIC, dueDate=2025-02-16T23:45:10.996982Z, assessmentDueDate=null, maxPoints=42.0, course=CourseDTO[id=956, accuracyOfScores=1]]], feedbacks=[], assessmentType=AUTOMATIC, hasComplaint=null, exampleResult=null, testCaseCount=0, passedTestCaseCount=0, codeIssueCount=0]], BuildJobQueueItem[id=19581739576715555, name=SHORTC1A3F9FC03D2304B4308FA20AF16D54AAA49TSTEXC-LOCALVCSSHINTSTUDENT1, buildAgent=BuildAgentDTO[name=artemis-build-agent-test, memberAddress=[127.0.0.1]:5703, displayName=artemis-build-agent-test], participationId=1958, courseId=965, exerciseId=2582, retryCount=0, priority=2, status=FAILED, repositoryInfo=RepositoryInfo[repositoryName=shortc1a3f9fc03d2304b4308fa20af16d54aaa49tstexc-localvcsshintstudent1, repositoryType=user, triggeredByPushTo=user, assignmentRepositoryUri=http://localhost:49152/git/SHORTC1A3F9FC03D2304B4308FA20AF16D54AAA49TSTEXC/shortc1a3f9fc03d2304b4308fa20af16d54aaa49tstexc-localvcsshintstudent1.git, testRepositoryUri=http://localhost:49152/git/SHORTC1A3F9FC03D2304B4308FA20AF16D54AAA49TSTEXC/shortc1a3f9fc03d2304b4308fa20af16d54aaa49tstexc-tests.git, solutionRepositoryUri=null, auxiliaryRepositoryUris=[Ljava.lang.String;@5115f384, auxiliaryRepositoryCheckoutDirectories=[Ljava.lang.String;@188abee7], jobTimingInfo=JobTimingInfo[submissionDate=2025-02-14T23:45:15.555989584Z[Etc/UTC], buildStartDate=2025-02-14T23:45:15.568477627Z[Etc/UTC], buildCompletionDate=2025-02-14T23:45:15.579021148Z[Etc/UTC], estimatedCompletionDate=2025-02-14T23:45:34.568443924Z[Etc/UTC], estimatedDuration=19], buildConfig=BuildConfig[buildScript=#!/bin/bash
cd /var/tmp/testing-dir
chmod +x ./gradlew
./gradlew clean test
, dockerImage=dummy-docker-image:latest, commitHashToBuild=ca76dac20e040e6609db02fd7fedd56bf58829d7, assignmentCommitHash=ca76dac20e040e6609db02fd7fedd56bf58829d7, testCommitHash=bd0d58c226dc63bfa4bc9052870589952c0a1f83, branch=main, programmingLanguage=JAVA, projectType=PLAIN_GRADLE, scaEnabled=false, sequentialTestRunsEnabled=false, resultPaths=[/var/tmp/testing-dir/**/test-results/test/*.xml], timeoutSeconds=0, assignmentCheckoutPath=null, testCheckoutPath=null, solutionCheckoutPath=null, dockerRunConfig=null], submissionResult=ResultDTO[id=627, completionDate=2025-02-14T23:45:15.579119131Z[Etc/UTC], successful=false, score=0.0, rated=true, submission=SubmissionDTO[id=820, submitted=true, type=MANUAL, exampleSubmission=null, submissionDate=2025-02-14T23:45:15.548349Z, commitHash=ca76dac20e040e6609db02fd7fedd56bf58829d7, buildFailed=true, buildArtifact=false, participation=ParticipationDTO[id=1958, testRun=false, type=programming, submissionCount=null, exercise=ParticipationExerciseDTO[id=2582, exerciseType=PROGRAMMING, type=programming, assessmentType=AUTOMATIC, dueDate=2025-02-16T23:45:15.103512Z, assessmentDueDate=null, maxPoints=42.0, course=CourseDTO[id=965, accuracyOfScores=1]]], submissionExerciseType=programming, isProcessing=false, buildStartDate=null, estimatedCompletionDate=null], participation=ParticipationDTO[id=1958, testRun=false, type=programming, submissionCount=null, exercise=ParticipationExerciseDTO[id=2582, exerciseType=PROGRAMMING, type=programming, assessmentType=AUTOMATIC, dueDate=2025-02-16T23:45:15.103512Z, assessmentDueDate=null, maxPoints=42.0, course=CourseDTO[id=965, accuracyOfScores=1]]], feedbacks=[], assessmentType=AUTOMATIC, hasComplaint=null, exampleResult=null, testCaseCount=0, passedTestCaseCount=0, codeIssueCount=0]], BuildJobQueueItem[id=19801739576719393, name=SHORTB2A6C58B0D447045380A858075B170A5B7C6TSTEXC-LOCALVCSSHINTSTUDENT1, buildAgent=BuildAgentDTO[name=artemis-build-agent-test, memberAddress=[127.0.0.1]:5703, displayName=artemis-build-agent-test], participationId=1980, courseId=974, exerciseId=2591, retryCount=0, priority=2, status=FAILED, repositoryInfo=RepositoryInfo[repositoryName=shortb2a6c58b0d447045380a858075b170a5b7c6tstexc-localvcsshintstudent1, repositoryType=user, triggeredByPushTo=user, assignmentRepositoryUri=http://localhost:49152/git/SHORTB2A6C58B0D447045380A858075B170A5B7C6TSTEXC/shortb2a6c58b0d447045380a858075b170a5b7c6tstexc-localvcsshintstudent1.git, testRepositoryUri=http://localhost:49152/git/SHORTB2A6C58B0D447045380A858075B170A5B7C6TSTEXC/shortb2a6c58b0d447045380a858075b170a5b7c6tstexc-tests.git, solutionRepositoryUri=null, auxiliaryRepositoryUris=[Ljava.lang.String;@2483f597, auxiliaryRepositoryCheckoutDirectories=[Ljava.lang.String;@4024687d], jobTimingInfo=JobTimingInfo[submissionDate=2025-02-14T23:45:19.393259829Z[Etc/UTC], buildStartDate=2025-02-14T23:45:19.405438171Z[Etc/UTC], buildCompletionDate=2025-02-14T23:45:19.414070673Z[Etc/UTC], estimatedCompletionDate=2025-02-14T23:45:38.405431569Z[Etc/UTC], estimatedDuration=19], buildConfig=BuildConfig[buildScript=#!/bin/bash
cd /var/tmp/testing-dir
chmod +x ./gradlew
./gradlew clean test
, dockerImage=dummy-docker-image:latest, commitHashToBuild=363cdbf709a9fff149f813ab848ee800a675cc77, assignmentCommitHash=363cdbf709a9fff149f813ab848ee800a675cc77, testCommitHash=a5e046ece417b2e538f21f816e2524dab61e0d10, branch=main, programmingLanguage=JAVA, projectType=PLAIN_GRADLE, scaEnabled=false, sequentialTestRunsEnabled=false, resultPaths=[/var/tmp/testing-dir/**/test-results/test/*.xml], timeoutSeconds=0, assignmentCheckoutPath=null, testCheckoutPath=null, solutionCheckoutPath=null, dockerRunConfig=null], submissionResult=ResultDTO[id=628, completionDate=2025-02-14T23:45:19.414171040Z[Etc/UTC], successful=false, score=0.0, rated=true, submission=SubmissionDTO[id=821, submitted=true, type=MANUAL, exampleSubmission=null, submissionDate=2025-02-14T23:45:19.376840Z, commitHash=363cdbf709a9fff149f813ab848ee800a675cc77, buildFailed=true, buildArtifact=false, participation=ParticipationDTO[id=1980, testRun=false, type=programming, submissionCount=null, exercise=ParticipationExerciseDTO[id=2591, exerciseType=PROGRAMMING, type=programming, assessmentType=AUTOMATIC, dueDate=2025-02-16T23:45:18.950569Z, assessmentDueDate=null, maxPoints=42.0, course=CourseDTO[id=974, accuracyOfScores=1]]], submissionExerciseType=programming, isProcessing=false, buildStartDate=null, estimatedCompletionDate=null], participation=ParticipationDTO[id=1980, testRun=false, type=programming, submissionCount=null, exercise=ParticipationExerciseDTO[id=2591, exerciseType=PROGRAMMING, type=programming, assessmentType=AUTOMATIC, dueDate=2025-02-16T23:45:18.950569Z, assessmentDueDate=null, maxPoints=42.0, course=CourseDTO[id=974, accuracyOfScores=1]]], feedbacks=[], assessmentType=AUTOMATIC, hasComplaint=null, exampleResult=null, testCaseCount=0, passedTestCaseCount=0, codeIssueCount=0]], BuildJobQueueItem[id=19791739576719787, name=SHORTB2A6C58B0D447045380A858075B170A5B7C6TSTEXC-BASE, buildAgent=BuildAgentDTO[name=artemis-build-agent-test, memberAddress=[127.0.0.1]:5703, displayName=artemis-build-agent-test], participationId=1979, courseId=974, exerciseId=2591, retryCount=0, priority=2, status=FAILED, repositoryInfo=RepositoryInfo[repositoryName=shortb2a6c58b0d447045380a858075b170a5b7c6tstexc-exercise, repositoryType=exercise, triggeredByPushTo=exercise, assignmentRepositoryUri=http://localhost:49152/git/SHORTB2A6C58B0D447045380A858075B170A5B7C6TSTEXC/shortb2a6c58b0d447045380a858075b170a5b7c6tstexc-exercise.git, testRepositoryUri=http://localhost:49152/git/SHORTB2A6C58B0D447045380A858075B170A5B7C6TSTEXC/shortb2a6c58b0d447045380a858075b170a5b7c6tstexc-tests.git, solutionRepositoryUri=null, auxiliaryRepositoryUris=[Ljava.lang.String;@3e532a2e, auxiliaryRepositoryCheckoutDirectories=[Ljava.lang.String;@73e3d685], jobTimingInfo=JobTimingInfo[submissionDate=2025-02-14T23:45:19.787985058Z[Etc/UTC], buildStartDate=2025-02-14T23:45:19.796327417Z[Etc/UTC], buildCompletionDate=2025-02-14T23:45:19.799750982Z[Etc/UTC], estimatedCompletionDate=2025-02-14T23:45:38.796319082Z[Etc/UTC], estimatedDuration=19], buildConfig=BuildConfig[buildScript=#!/bin/bash
cd /var/tmp/testing-dir
chmod +x ./gradlew
./gradlew clean test
, dockerImage=dummy-docker-image:latest, commitHashToBuild=363cdbf709a9fff149f813ab848ee800a675cc77, assignmentCommitHash=363cdbf709a9fff149f813ab848ee800a675cc77, testCommitHash=a5e046ece417b2e538f21f816e2524dab61e0d10, branch=main, programmingLanguage=JAVA, projectType=PLAIN_GRADLE, scaEnabled=false, sequentialTestRunsEnabled=false, resultPaths=[/var/tmp/testing-dir/**/test-results/test/*.xml], timeoutSeconds=0, assignmentCheckoutPath=null, testCheckoutPath=null, solutionCheckoutPath=null, dockerRunConfig=null], submissionResult=ResultDTO[id=629, completionDate=2025-02-14T23:45:19.799820341Z[Etc/UTC], successful=false, score=0.0, rated=true, submission=SubmissionDTO[id=822, submitted=true, type=MANUAL, exampleSubmission=null, submissionDate=2025-02-14T23:45:19.775952Z, commitHash=363cdbf709a9fff149f813ab848ee800a675cc77, buildFailed=true, buildArtifact=false, participation=ParticipationDTO[id=1979, testRun=false, type=template, submissionCount=null, exercise=ParticipationExerciseDTO[id=2591, exerciseType=PROGRAMMING, type=programming, assessmentType=AUTOMATIC, dueDate=2025-02-16T23:45:18.950569Z, assessmentDueDate=null, maxPoints=42.0, course=CourseDTO[id=974, accuracyOfScores=1]]], submissionExerciseType=programming, isProcessing=false, buildStartDate=null, estimatedCompletionDate=null], participation=ParticipationDTO[id=1979, testRun=false, type=template, submissionCount=null, exercise=ParticipationExerciseDTO[id=2591, exerciseType=PROGRAMMING, type=programming, assessmentType=AUTOMATIC, dueDate=2025-02-16T23:45:18.950569Z, assessmentDueDate=null, maxPoints=42.0, course=CourseDTO[id=974, accuracyOfScores=1]]], feedbacks=[], assessmentType=AUTOMATIC, hasComplaint=null, exampleResult=null, testCaseCount=0, passedTestCaseCount=0, codeIssueCount=0]], BuildJobQueueItem[id=19781739576720235, name=SHORTB2A6C58B0D447045380A858075B170A5B7C6TSTEXC-SOLUTION, buildAgent=BuildAgentDTO[name=artemis-build-agent-test, memberAddress=[127.0.0.1]:5703, displayName=artemis-build-agent-test], participationId=1978, courseId=974, exerciseId=2591, retryCount=0, priority=2, status=FAILED, repositoryInfo=RepositoryInfo[repositoryName=shortb2a6c58b0d447045380a858075b170a5b7c6tstexc-solution, repositoryType=solution, triggeredByPushTo=solution, assignmentRepositoryUri=http://localhost:49152/git/SHORTB2A6C58B0D447045380A858075B170A5B7C6TSTEXC/shortb2a6c58b0d447045380a858075b170a5b7c6tstexc-solution.git, testRepositoryUri=http://localhost:49152/git/SHORTB2A6C58B0D447045380A858075B170A5B7C6TSTEXC/shortb2a6c58b0d447045380a858075b170a5b7c6tstexc-tests.git, solutionRepositoryUri=null, auxiliaryRepositoryUris=[Ljava.lang.String;@48f7aa23, auxiliaryRepositoryCheckoutDirectories=[Ljava.lang.String;@2b7354c0], jobTimingInfo=JobTimingInfo[submissionDate=2025-02-14T23:45:20.235272325Z[Etc/UTC], buildStartDate=2025-02-14T23:45:20.243033812Z[Etc/UTC], buildCompletionDate=2025-02-14T23:45:20.250721018Z[Etc/UTC], estimatedCompletionDate=2025-02-14T23:45:39.243026949Z[Etc/UTC], estimatedDuration=19], buildConfig=BuildConfig[buildScript=#!/bin/bash
cd /var/tmp/testing-dir
chmod +x ./gradlew
./gradlew clean test
, dockerImage=dummy-docker-image:latest, commitHashToBuild=c710d0e68c9c7db8cda7d1a278308de2b9642cc0, assignmentCommitHash=c710d0e68c9c7db8cda7d1a278308de2b9642cc0, testCommitHash=a5e046ece417b2e538f21f816e2524dab61e0d10, branch=main, programmingLanguage=JAVA, projectType=PLAIN_GRADLE, scaEnabled=false, sequentialTestRunsEnabled=false, resultPaths=[/var/tmp/testing-dir/**/test-results/test/*.xml], timeoutSeconds=0, assignmentCheckoutPath=null, testCheckoutPath=null, solutionCheckoutPath=null, dockerRunConfig=null], submissionResult=ResultDTO[id=630, completionDate=2025-02-14T23:45:20.250809893Z[Etc/UTC], successful=false, score=0.0, rated=true, submission=SubmissionDTO[id=823, submitted=true, type=MANUAL, exampleSubmission=null, submissionDate=2025-02-14T23:45:20.211707Z, commitHash=c710d0e68c9c7db8cda7d1a278308de2b9642cc0, buildFailed=true, buildArtifact=false, participation=ParticipationDTO[id=1978, testRun=false, type=solution, submissionCount=null, exercise=ParticipationExerciseDTO[id=2591, exerciseType=PROGRAMMING, type=programming, assessmentType=AUTOMATIC, dueDate=2025-02-16T23:45:18.950569Z, assessmentDueDate=null, maxPoints=42.0, course=CourseDTO[id=974, accuracyOfScores=1]]], submissionExerciseType=programming, isProcessing=false, buildStartDate=null, estimatedCompletionDate=null], participation=ParticipationDTO[id=1978, testRun=false, type=solution, submissionCount=null, exercise=ParticipationExerciseDTO[id=2591, exerciseType=PROGRAMMING, type=programming, assessmentType=AUTOMATIC, dueDate=2025-02-16T23:45:18.950569Z, assessmentDueDate=null, maxPoints=42.0, course=CourseDTO[id=974, accuracyOfScores=1]]], feedbacks=[], assessmentType=AUTOMATIC, hasComplaint=null, exampleResult=null, testCaseCount=0, passedTestCaseCount=0, codeIssueCount=0]], BuildJobQueueItem[id=19781739576720802, name=SHORTB2A6C58B0D447045380A858075B170A5B7C6TSTEXC-SOLUTION, buildAgent=BuildAgentDTO[name=artemis-build-agent-test, memberAddress=[127.0.0.1]:5703, displayName=artemis-build-agent-test], participationId=1978, courseId=974, exerciseId=2591, retryCount=0, priority=2, status=FAILED, repositoryInfo=RepositoryInfo[repositoryName=shortb2a6c58b0d447045380a858075b170a5b7c6tstexc-solution, repositoryType=solution, triggeredByPushTo=tests, assignmentRepositoryUri=http://localhost:49152/git/SHORTB2A6C58B0D447045380A858075B170A5B7C6TSTEXC/shortb2a6c58b0d447045380a858075b170a5b7c6tstexc-solution.git, testRepositoryUri=http://localhost:49152/git/SHORTB2A6C58B0D447045380A858075B170A5B7C6TSTEXC/shortb2a6c58b0d447045380a858075b170a5b7c6tstexc-tests.git, solutionRepositoryUri=null, auxiliaryRepositoryUris=[Ljava.lang.String;@cd609da, auxiliaryRepositoryCheckoutDirectories=[Ljava.lang.String;@616cb13b], jobTimingInfo=JobTimingInfo[submissionDate=2025-02-14T23:45:20.802935026Z[Etc/UTC], buildStartDate=2025-02-14T23:45:20.809306435Z[Etc/UTC], buildCompletionDate=2025-02-14T23:45:20.822452342Z[Etc/UTC], estimatedCompletionDate=2025-02-14T23:45:39.809298491Z[Etc/UTC], estimatedDuration=19], buildConfig=BuildConfig[buildScript=#!/bin/bash
cd /var/tmp/testing-dir
chmod +x ./gradlew
./gradlew clean test
, dockerImage=dummy-docker-image:latest, commitHashToBuild=c710d0e68c9c7db8cda7d1a278308de2b9642cc0, assignmentCommitHash=c710d0e68c9c7db8cda7d1a278308de2b9642cc0, testCommitHash=c710d0e68c9c7db8cda7d1a278308de2b9642cc0, branch=main, programmingLanguage=JAVA, projectType=PLAIN_GRADLE, scaEnabled=false, sequentialTestRunsEnabled=false, resultPaths=[/var/tmp/testing-dir/**/test-results/test/*.xml], timeoutSeconds=0, assignmentCheckoutPath=null, testCheckoutPath=null, solutionCheckoutPath=null, dockerRunConfig=null], submissionResult=ResultDTO[id=631, completionDate=2025-02-14T23:45:20.822527362Z[Etc/UTC], successful=false, score=0.0, rated=true, submission=SubmissionDTO[id=824, submitted=true, type=TEST, exampleSubmission=null, submissionDate=2025-02-14T23:45:20.791240Z, commitHash=c710d0e68c9c7db8cda7d1a278308de2b9642cc0, buildFailed=true, buildArtifact=false, participation=ParticipationDTO[id=1978, testRun=false, type=solution, submissionCount=null, exercise=ParticipationExerciseDTO[id=2591, exerciseType=PROGRAMMING, type=programming, assessmentType=AUTOMATIC, dueDate=2025-02-16T23:45:18.950569Z, assessmentDueDate=null, maxPoints=42.0, course=CourseDTO[id=974, accuracyOfScores=1]]], submissionExerciseType=programming, isProcessing=false, buildStartDate=null, estimatedCompletionDate=null], participation=ParticipationDTO[id=1978, testRun=false, type=solution, submissionCount=null, exercise=ParticipationExerciseDTO[id=2591, exerciseType=PROGRAMMING, type=programming, assessmentType=AUTOMATIC, dueDate=2025-02-16T23:45:18.950569Z, assessmentDueDate=null, maxPoints=42.0, course=CourseDTO[id=974, accuracyOfScores=1]]], feedbacks=[], assessmentType=AUTOMATIC, hasComplaint=null, exampleResult=null, testCaseCount=0, passedTestCaseCount=0, codeIssueCount=0]], BuildJobQueueItem[id=20061739576732554, name=SHORT94A899E303D7504C5D0840704DAAFA3DFF4DTSTEXC-LOCALVCCIINTINSTRUCTOR1, buildAgent=BuildAgentDTO[name=artemis-build-agent-test, memberAddress=[127.0.0.1]:5703, displayName=artemis-build-agent-test], participationId=2006, courseId=984, exerciseId=2601, retryCount=0, priority=2, status=SUCCESSFUL, repositoryInfo=RepositoryInfo[repositoryName=short94a899e303d7504c5d0840704daafa3dff4dtstexc-localvcciintinstructor1, repositoryType=user, triggeredByPushTo=user, assignmentRepositoryUri=http://localhost:49152/git/SHORT94A899E303D7504C5D0840704DAAFA3DFF4DTSTEXC/short94a899e303d7504c5d0840704daafa3dff4dtstexc-localvcciintinstructor1.git, testRepositoryUri=http://localhost:49152/git/SHORT94A899E303D7504C5D0840704DAAFA3DFF4DTSTEXC/short94a899e303d7504c5d0840704daafa3dff4dtstexc-tests.git, solutionRepositoryUri=null, auxiliaryRepositoryUris=[Ljava.lang.String;@14bfa987, auxiliaryRepositoryCheckoutDirectories=[Ljava.lang.String;@25db2a84], jobTimingInfo=JobTimingInfo[submissionDate=2025-02-14T23:45:32.554795798Z[Etc/UTC], buildStartDate=2025-02-14T23:45:32.567287465Z[Etc/UTC], buildCompletionDate=2025-02-14T23:45:34.535226768Z[Etc/UTC], estimatedCompletionDate=2025-02-14T23:45:51.567257960Z[Etc/UTC], estimatedDuration=19], buildConfig=BuildConfig[buildScript=#!/bin/bash
cd /var/tmp/testing-dir
chmod +x ./gradlew
./gradlew clean test
, dockerImage=dummy-docker-image:latest, commitHashToBuild=ca2dbc0ae87edf7035058a6a17c0ea60e90a290f, assignmentCommitHash=ca2dbc0ae87edf7035058a6a17c0ea60e90a290f, testCommitHash=0207f6f98af5fbb66ad68455f3fc3cf128af8ae9, branch=main, programmingLanguage=JAVA, projectType=PLAIN_GRADLE, scaEnabled=false, sequentialTestRunsEnabled=false, resultPaths=[/var/tmp/testing-dir/**/test-results/test/*.xml], timeoutSeconds=0, assignmentCheckoutPath=null, testCheckoutPath=null, solutionCheckoutPath=null, dockerRunConfig=null], submissionResult=ResultDTO[id=632, completionDate=2025-02-14T23:45:34.504415716Z[Etc/UTC], successful=false, score=7.7, rated=false, submission=SubmissionDTO[id=826, submitted=true, type=MANUAL, exampleSubmission=null, submissionDate=2025-02-14T23:45:32.541533Z, commitHash=ca2dbc0ae87edf7035058a6a17c0ea60e90a290f, buildFailed=false, buildArtifact=false, participation=ParticipationDTO[id=2006, testRun=true, type=programming, submissionCount=null, exercise=ParticipationExerciseDTO[id=2601, exerciseType=PROGRAMMING, type=programming, assessmentType=AUTOMATIC, dueDate=2025-02-16T23:45:31.864042Z, assessmentDueDate=null, maxPoints=42.0, course=CourseDTO[id=984, accuracyOfScores=1]]], submissionExerciseType=programming, isProcessing=false, buildStartDate=null, estimatedCompletionDate=null], participation=ParticipationDTO[id=2006, testRun=true, type=programming, submissionCount=null, exercise=ParticipationExerciseDTO[id=2601, exerciseType=PROGRAMMING, type=programming, assessmentType=AUTOMATIC, dueDate=2025-02-16T23:45:31.864042Z, assessmentDueDate=null, maxPoints=42.0, course=CourseDTO[id=984, accuracyOfScores=1]]], feedbacks=[FeedbackDTO[id=920, text=null, detailText=The exercise expects a class with the name Context in the package testpackage. You did not implement the class in the exercise., hasLongFeedbackText=false, reference=null, credits=0.0, positive=false, type=AUTOMATIC, visibility=ALWAYS, testCase=TestCaseDTO[testName=null, id=1357]], FeedbackDTO[id=921, text=null, detailText=The exercise expects a class with the name Policy in the package testpackage. You did not implement the class in the exercise., hasLongFeedbackText=false, reference=null, credits=0.0, positive=false, type=AUTOMATIC, visibility=ALWAYS, testCase=TestCaseDTO[testName=null, id=1358]], FeedbackDTO[id=922, text=null, detailText=The exercise expects a class with the name SortStrategy in the package testpackage. You did not implement the class in the exercise., hasLongFeedbackText=false, reference=null, credits=0.0, positive=false, type=AUTOMATIC, visibility=ALWAYS, testCase=TestCaseDTO[testName=null, id=1359]], FeedbackDTO[id=923, text=null, detailText=The class 'MergeSort' does not implement the interface 'SortStrategy' as expected. Implement the interface and its methods., hasLongFeedbackText=false, reference=null, credits=0.0, positive=false, type=AUTOMATIC, visibility=ALWAYS, testCase=TestCaseDTO[testName=null, id=1354]], FeedbackDTO[id=924, text=null, detailText=The exercise expects a class with the name SortStrategy in the package testpackage. You did not implement the class in the exercise., hasLongFeedbackText=false, reference=null, credits=0.0, positive=false, type=AUTOMATIC, visibility=ALWAYS, testCase=TestCaseDTO[testName=null, id=1351]], FeedbackDTO[id=925, text=null, detailText=The class 'BubbleSort' does not implement the interface 'SortStrategy' as expected. Implement the interface and its methods., hasLongFeedbackText=false, reference=null, credits=0.0, positive=false, type=AUTOMATIC, visibility=ALWAYS, testCase=TestCaseDTO[testName=null, id=1355]], FeedbackDTO[id=926, text=null, detailText=MergeSort does not sort correctly, hasLongFeedbackText=false, reference=null, credits=0.0, positive=false, type=AUTOMATIC, visibility=ALWAYS, testCase=TestCaseDTO[testName=null, id=1360]], FeedbackDTO[id=927, text=null, detailText=The class 'Context' was not found within the submission. Make sure to implement it properly., hasLongFeedbackText=false, reference=null, credits=0.0, positive=false, type=AUTOMATIC, visibility=ALWAYS, testCase=TestCaseDTO[testName=null, id=1361]], FeedbackDTO[id=928, text=null, detailText=The class 'Context' was not found within the submission. Make sure to implement it properly., hasLongFeedbackText=false, reference=null, credits=0.0, positive=false, type=AUTOMATIC, visibility=ALWAYS, testCase=TestCaseDTO[testName=null, id=1362]], FeedbackDTO[id=929, text=null, detailText=The exercise expects a class with the name Policy in the package testpackage. You did not implement the class in the exercise., hasLongFeedbackText=false, reference=null, credits=0.0, positive=false, type=AUTOMATIC, visibility=ALWAYS, testCase=TestCaseDTO[testName=null, id=1356]], FeedbackDTO[id=930, text=null, detailText=The exercise expects a class with the name Context in the package testpackage. You did not implement the class in the exercise., hasLongFeedbackText=false, reference=null, credits=0.0, positive=false, type=AUTOMATIC, visibility=ALWAYS, testCase=TestCaseDTO[testName=null, id=1352]], FeedbackDTO[id=931, text=null, detailText=The exercise expects a class with the name Policy in the package testpackage. You did not implement the class in the exercise., hasLongFeedbackText=false, reference=null, credits=0.0, positive=false, type=AUTOMATIC, visibility=ALWAYS, testCase=TestCaseDTO[testName=null, id=1353]], FeedbackDTO[id=932, text=null, detailText=null, hasLongFeedbackText=false, reference=null, credits=3.230769230769231, positive=true, type=AUTOMATIC, visibility=ALWAYS, testCase=TestCaseDTO[testName=null, id=1363]]], assessmentType=AUTOMATIC, hasComplaint=null, exampleResult=null, testCaseCount=13, passedTestCaseCount=1, codeIssueCount=0]], BuildJobQueueItem[id=20111739576737317, name=SHORTD49A6DAE04F9E049850BD5601663FD17A5B7TSTEXC-BASE, buildAgent=BuildAgentDTO[name=artemis-build-agent-test, memberAddress=[127.0.0.1]:5703, displayName=artemis-build-agent-test], participationId=2011, courseId=986, exerciseId=2603, retryCount=0, priority=2, status=SUCCESSFUL, repositoryInfo=RepositoryInfo[repositoryName=shortd49a6dae04f9e049850bd5601663fd17a5b7tstexc-exercise, repositoryType=exercise, triggeredByPushTo=exercise, assignmentRepositoryUri=http://localhost:49152/git/SHORTD49A6DAE04F9E049850BD5601663FD17A5B7TSTEXC/shortd49a6dae04f9e049850bd5601663fd17a5b7tstexc-exercise.git, testRepositoryUri=http://localhost:49152/git/SHORTD49A6DAE04F9E049850BD5601663FD17A5B7TSTEXC/shortd49a6dae04f9e049850bd5601663fd17a5b7tstexc-tests.git, solutionRepositoryUri=null, auxiliaryRepositoryUris=[Ljava.lang.String;@197f7f3c, auxiliaryRepositoryCheckoutDirectories=[Ljava.lang.String;@1d9ee041], jobTimingInfo=JobTimingInfo[submissionDate=2025-02-14T23:45:37.317968648Z[Etc/UTC], buildStartDate=2025-02-14T23:45:37.324534774Z[Etc/UTC], buildCompletionDate=2025-02-14T23:45:38.527225461Z[Etc/UTC], estimatedCompletionDate=2025-02-14T23:45:56.324506331Z[Etc/UTC], estimatedDuration=19], buildConfig=BuildConfig[buildScript=#!/bin/bash
cd /var/tmp/testing-dir
chmod +x ./gradlew
./gradlew clean test
, dockerImage=dummy-docker-image:latest, commitHashToBuild=c795243c185829bbefa399f45dcbcfac22311b2f, assignmentCommitHash=c795243c185829bbefa399f45dcbcfac22311b2f, testCommitHash=fa8b162170bf767d852e05e0eb7a128efa2e1f34, branch=main, programmingLanguage=JAVA, projectType=PLAIN_GRADLE, scaEnabled=false, sequentialTestRunsEnabled=false, resultPaths=[/var/tmp/testing-dir/**/test-results/test/*.xml], timeoutSeconds=0, assignmentCheckoutPath=null, testCheckoutPath=null, solutionCheckoutPath=null, dockerRunConfig=null], submissionResult=ResultDTO[id=633, completionDate=2025-02-14T23:45:38.476795726Z[Etc/UTC], successful=false, score=0.0, rated=true, submission=SubmissionDTO[id=827, submitted=true, type=MANUAL, exampleSubmission=null, submissionDate=2025-02-14T23:45:37.303401Z, commitHash=c795243c185829bbefa399f45dcbcfac22311b2f, buildFailed=false, buildArtifact=false, participation=ParticipationDTO[id=2011, testRun=false, type=template, submissionCount=null, exercise=ParticipationExerciseDTO[id=2603, exerciseType=PROGRAMMING, type=programming, assessmentType=AUTOMATIC, dueDate=2025-02-16T23:45:36.830269Z, assessmentDueDate=null, maxPoints=42.0, course=CourseDTO[id=986, accuracyOfScores=1]]], submissionExerciseType=programming, isProcessing=false, buildStartDate=null, estimatedCompletionDate=null], participation=ParticipationDTO[id=2011, testRun=false, type=template, submissionCount=null, exercise=ParticipationExerciseDTO[id=2603, exerciseType=PROGRAMMING, type=programming, assessmentType=AUTOMATIC, dueDate=2025-02-16T23:45:36.830269Z, assessmentDueDate=null, maxPoints=42.0, course=CourseDTO[id=986, accuracyOfScores=1]]], feedbacks=[FeedbackDTO[id=933, text=null, detailText=The exercise expects a class with the name Context in the package testpackage. You did not implement the class in the exercise., hasLongFeedbackText=false, reference=null, credits=0.0, positive=false, type=AUTOMATIC, visibility=ALWAYS, testCase=TestCaseDTO[testName=testMethods[Context], id=1383]], FeedbackDTO[id=934, text=null, detailText=The exercise expects a class with the name Policy in the package testpackage. You did not implement the class in the exercise., hasLongFeedbackText=false, reference=null, credits=0.0, positive=false, type=AUTOMATIC, visibility=ALWAYS, testCase=TestCaseDTO[testName=testMethods[Policy], id=1384]], FeedbackDTO[id=935, text=null, detailText=The exercise expects a class with the name SortStrategy in the package testpackage. You did not implement the class in the exercise., hasLongFeedbackText=false, reference=null, credits=0.0, positive=false, type=AUTOMATIC, visibility=ALWAYS, testCase=TestCaseDTO[testName=testMethods[SortStrategy], id=1385]], FeedbackDTO[id=936, text=null, detailText=The class 'MergeSort' does not implement the interface 'SortStrategy' as expected. Implement the interface and its methods., hasLongFeedbackText=false, reference=null, credits=0.0, positive=false, type=AUTOMATIC, visibility=ALWAYS, testCase=TestCaseDTO[testName=testClass[MergeSort], id=1380]], FeedbackDTO[id=937, text=null, detailText=The exercise expects a class with the name SortStrategy in the package testpackage. You did not implement the class in the exercise., hasLongFeedbackText=false, reference=null, credits=0.0, positive=false, type=AUTOMATIC, visibility=ALWAYS, testCase=TestCaseDTO[testName=testClass[SortStrategy], id=1377]], FeedbackDTO[id=938, text=null, detailText=The class 'BubbleSort' does not implement the interface 'SortStrategy' as expected. Implement the interface and its methods., hasLongFeedbackText=false, reference=null, credits=0.0, positive=false, type=AUTOMATIC, visibility=ALWAYS, testCase=TestCaseDTO[testName=testClass[BubbleSort], id=1381]], FeedbackDTO[id=939, text=null, detailText=MergeSort does not sort correctly, hasLongFeedbackText=false, reference=null, credits=0.0, positive=false, type=AUTOMATIC, visibility=ALWAYS, testCase=TestCaseDTO[testName=testMergeSort(), id=1386]], FeedbackDTO[id=940, text=null, detailText=The class 'Context' was not found within the submission. Make sure to implement it properly., hasLongFeedbackText=false, reference=null, credits=0.0, positive=false, type=AUTOMATIC, visibility=ALWAYS, testCase=TestCaseDTO[testName=testUseBubbleSortForSmallList(), id=1387]], FeedbackDTO[id=941, text=null, detailText=BubbleSort does not sort correctly, hasLongFeedbackText=false, reference=null, credits=0.0, positive=false, type=AUTOMATIC, visibility=ALWAYS, testCase=TestCaseDTO[testName=testBubbleSort(), id=1389]], FeedbackDTO[id=942, text=null, detailText=The class 'Context' was not found within the submission. Make sure to implement it properly., hasLongFeedbackText=false, reference=null, credits=0.0, positive=false, type=AUTOMATIC, visibility=ALWAYS, testCase=TestCaseDTO[testName=testUseMergeSortForBigList(), id=1388]], FeedbackDTO[id=943, text=null, detailText=The exercise expects a class with the name Policy in the package testpackage. You did not implement the class in the exercise., hasLongFeedbackText=false, reference=null, credits=0.0, positive=false, type=AUTOMATIC, visibility=ALWAYS, testCase=TestCaseDTO[testName=testConstructors[Policy], id=1382]], FeedbackDTO[id=944, text=null, detailText=The exercise expects a class with the name Context in the package testpackage. You did not implement the class in the exercise., hasLongFeedbackText=false, reference=null, credits=0.0, positive=false, type=AUTOMATIC, visibility=ALWAYS, testCase=TestCaseDTO[testName=testAttributes[Context], id=1378]], FeedbackDTO[id=945, text=null, detailText=The exercise expects a class with the name Policy in the package testpackage. You did not implement the class in the exercise., hasLongFeedbackText=false, reference=null, credits=0.0, positive=false, type=AUTOMATIC, visibility=ALWAYS, testCase=TestCaseDTO[testName=testAttributes[Policy], id=1379]]], assessmentType=AUTOMATIC, hasComplaint=null, exampleResult=null, testCaseCount=13, passedTestCaseCount=0, codeIssueCount=0]], BuildJobQueueItem[id=20171739576740018, name=SHORT7914AFA00ADC3047140B99D01AC07810CE44TSTEXC-LOCALVCCIINTSTUDENT1, buildAgent=BuildAgentDTO[name=artemis-build-agent-test, memberAddress=[127.0.0.1]:5703, displayName=artemis-build-agent-test], participationId=2017, courseId=988, exerciseId=2605, retryCount=0, priority=2, status=SUCCESSFUL, repositoryInfo=RepositoryInfo[repositoryName=short7914afa00adc3047140b99d01ac07810ce44tstexc-practice-localvcciintstudent1, repositoryType=user, triggeredByPushTo=user, assignmentRepositoryUri=http://localhost:49152/git/SHORT7914AFA00ADC3047140B99D01AC07810CE44TSTEXC/short7914afa00adc3047140b99d01ac07810ce44tstexc-practice-localvcciintstudent1.git, testRepositoryUri=http://localhost:49152/git/SHORT7914AFA00ADC3047140B99D01AC07810CE44TSTEXC/short7914afa00adc3047140b99d01ac07810ce44tstexc-tests.git, solutionRepositoryUri=null, auxiliaryRepositoryUris=[Ljava.lang.String;@748491e4, auxiliaryRepositoryCheckoutDirectories=[Ljava.lang.String;@8771afa], jobTimingInfo=JobTimingInfo[submissionDate=2025-02-14T23:45:40.018961253Z[Etc/UTC], buildStartDate=2025-02-14T23:45:40.029742701Z[Etc/UTC], buildCompletionDate=2025-02-14T23:45:41.150208242Z[Etc/UTC], estimatedCompletionDate=2025-02-14T23:45:59.029734065Z[Etc/UTC], estimatedDuration=19], buildConfig=BuildConfig[buildScript=#!/bin/bash
cd /var/tmp/testing-dir
chmod +x ./gradlew
./gradlew clean test
, dockerImage=dummy-docker-image:latest, commitHashToBuild=d80b57877989b971e83ccdb4863c8a7023c76266, assignmentCommitHash=d80b57877989b971e83ccdb4863c8a7023c76266, testCommitHash=327b116890c92b1312314341f43f21ef13ecf7d7, branch=main, programmingLanguage=JAVA, projectType=PLAIN_GRADLE, scaEnabled=false, sequentialTestRunsEnabled=false, resultPaths=[/var/tmp/testing-dir/**/test-results/test/*.xml], timeoutSeconds=0, assignmentCheckoutPath=null, testCheckoutPath=null, solutionCheckoutPath=null, dockerRunConfig=null], submissionResult=ResultDTO[id=634, completionDate=2025-02-14T23:45:41.120192603Z[Etc/UTC], successful=false, score=7.7, rated=false, submission=SubmissionDTO[id=828, submitted=true, type=MANUAL, exampleSubmission=null, submissionDate=2025-02-14T23:45:40.008666Z, commitHash=d80b57877989b971e83ccdb4863c8a7023c76266, buildFailed=false, buildArtifact=false, participation=ParticipationDTO[id=2017, testRun=true, type=programming, submissionCount=null, exercise=ParticipationExerciseDTO[id=2605, exerciseType=PROGRAMMING, type=programming, assessmentType=AUTOMATIC, dueDate=2025-02-16T23:45:39.523500Z, assessmentDueDate=null, maxPoints=42.0, course=CourseDTO[id=988, accuracyOfScores=1]]], submissionExerciseType=programming, isProcessing=false, buildStartDate=null, estimatedCompletionDate=null], participation=ParticipationDTO[id=2017, testRun=true, type=programming, submissionCount=null, exercise=ParticipationExerciseDTO[id=2605, exerciseType=PROGRAMMING, type=programming, assessmentType=AUTOMATIC, dueDate=2025-02-16T23:45:39.523500Z, assessmentDueDate=null, maxPoints=42.0, course=CourseDTO[id=988, accuracyOfScores=1]]], feedbacks=[FeedbackDTO[id=946, text=null, detailText=The exercise expects a class with the name Context in the package testpackage. You did not implement the class in the exercise., hasLongFeedbackText=false, reference=null, credits=0.0, positive=false, type=AUTOMATIC, visibility=ALWAYS, testCase=TestCaseDTO[testName=null, id=1409]], FeedbackDTO[id=947, text=null, detailText=The exercise expects a class with the name Policy in the package testpackage. You did not implement the class in the exercise., hasLongFeedbackText=false, reference=null, credits=0.0, positive=false, type=AUTOMATIC, visibility=ALWAYS, testCase=TestCaseDTO[testName=null, id=1410]], FeedbackDTO[id=948, text=null, detailText=The exercise expects a class with the name SortStrategy in the package testpackage. You did not implement the class in the exercise., hasLongFeedbackText=false, reference=null, credits=0.0, positive=false, type=AUTOMATIC, visibility=ALWAYS, testCase=TestCaseDTO[testName=null, id=1411]], FeedbackDTO[id=949, text=null, detailText=The class 'MergeSort' does not implement the interface 'SortStrategy' as expected. Implement the interface and its methods., hasLongFeedbackText=false, reference=null, credits=0.0, positive=false, type=AUTOMATIC, visibility=ALWAYS, testCase=TestCaseDTO[testName=null, id=1406]], FeedbackDTO[id=950, text=null, detailText=The exercise expects a class with the name SortStrategy in the package testpackage. You did not implement the class in the exercise., hasLongFeedbackText=false, reference=null, credits=0.0, positive=false, type=AUTOMATIC, visibility=ALWAYS, testCase=TestCaseDTO[testName=null, id=1403]], FeedbackDTO[id=951, text=null, detailText=The class 'BubbleSort' does not implement the interface 'SortStrategy' as expected. Implement the interface and its methods., hasLongFeedbackText=false, reference=null, credits=0.0, positive=false, type=AUTOMATIC, visibility=ALWAYS, testCase=TestCaseDTO[testName=null, id=1407]], FeedbackDTO[id=952, text=null, detailText=MergeSort does not sort correctly, hasLongFeedbackText=false, reference=null, credits=0.0, positive=false, type=AUTOMATIC, visibility=ALWAYS, testCase=TestCaseDTO[testName=null, id=1412]], FeedbackDTO[id=953, text=null, detailText=The class 'Context' was not found within the submission. Make sure to implement it properly., hasLongFeedbackText=false, reference=null, credits=0.0, positive=false, type=AUTOMATIC, visibility=ALWAYS, testCase=TestCaseDTO[testName=null, id=1413]], FeedbackDTO[id=954, text=null, detailText=The class 'Context' was not found within the submission. Make sure to implement it properly., hasLongFeedbackText=false, reference=null, credits=0.0, positive=false, type=AUTOMATIC, visibility=ALWAYS, testCase=TestCaseDTO[testName=null, id=1414]], FeedbackDTO[id=955, text=null, detailText=The exercise expects a class with the name Policy in the package testpackage. You did not implement the class in the exercise., hasLongFeedbackText=false, reference=null, credits=0.0, positive=false, type=AUTOMATIC, visibility=ALWAYS, testCase=TestCaseDTO[testName=null, id=1408]], FeedbackDTO[id=956, text=null, detailText=The exercise expects a class with the name Context in the package testpackage. You did not implement the class in the exercise., hasLongFeedbackText=false, reference=null, credits=0.0, positive=false, type=AUTOMATIC, visibility=ALWAYS, testCase=TestCaseDTO[testName=null, id=1404]], FeedbackDTO[id=957, text=null, detailText=The exercise expects a class with the name Policy in the package testpackage. You did not implement the class in the exercise., hasLongFeedbackText=false, reference=null, credits=0.0, positive=false, type=AUTOMATIC, visibility=ALWAYS, testCase=TestCaseDTO[testName=null, id=1405]], FeedbackDTO[id=958, text=null, detailText=null, hasLongFeedbackText=false, reference=null, credits=3.230769230769231, positive=true, type=AUTOMATIC, visibility=ALWAYS, testCase=TestCaseDTO[testName=null, id=1415]]], assessmentType=AUTOMATIC, hasComplaint=null, exampleResult=null, testCaseCount=13, passedTestCaseCount=1, codeIssueCount=0]], BuildJobQueueItem[id=20261739576743984, name=SHORT53C73BE505404043100AC2F00C039353CE8FTSTEXC-LOCALVCCIINTSTUDENT1, buildAgent=BuildAgentDTO[name=artemis-build-agent-test, memberAddress=[127.0.0.1]:5703, displayName=artemis-build-agent-test], participationId=2026, courseId=991, exerciseId=2608, retryCount=0, priority=1, status=SUCCESSFUL, repositoryInfo=RepositoryInfo[repositoryName=short53c73be505404043100ac2f00c039353ce8ftstexc-localvcciintstudent1, repositoryType=user, triggeredByPushTo=user, assignmentRepositoryUri=http://localhost:49152/git/SHORT53C73BE505404043100AC2F00C039353CE8FTSTEXC/short53c73be505404043100ac2f00c039353ce8ftstexc-localvcciintstudent1.git, testRepositoryUri=http://localhost:49152/git/SHORT53C73BE505404043100AC2F00C039353CE8FTSTEXC/short53c73be505404043100ac2f00c039353ce8ftstexc-tests.git, solutionRepositoryUri=null, auxiliaryRepositoryUris=[Ljava.lang.String;@6a930257, auxiliaryRepositoryCheckoutDirectories=[Ljava.lang.String;@657bac], jobTimingInfo=JobTimingInfo[submissionDate=2025-02-14T23:45:43.984518859Z[Etc/UTC], buildStartDate=2025-02-14T23:45:43.991385682Z[Etc/UTC], buildCompletionDate=2025-02-14T23:45:44.982059928Z[Etc/UTC], estimatedCompletionDate=2025-02-14T23:46:02.991380122Z[Etc/UTC], estimatedDuration=19], buildConfig=BuildConfig[buildScript=#!/bin/bash
cd /var/tmp/testing-dir
chmod +x ./gradlew
./gradlew clean test
, dockerImage=dummy-docker-image:latest, commitHashToBuild=3e90ae9fef2e44ffb41451a080bdaa6a44ad6848, assignmentCommitHash=3e90ae9fef2e44ffb41451a080bdaa6a44ad6848, testCommitHash=0582754c87aae13e640312855ce7dbe490ecb50c, branch=main, programmingLanguage=JAVA, projectType=PLAIN_GRADLE, scaEnabled=false, sequentialTestRunsEnabled=false, resultPaths=[/var/tmp/testing-dir/**/test-results/test/*.xml], timeoutSeconds=0, assignmentCheckoutPath=null, testCheckoutPath=null, solutionCheckoutPath=null, dockerRunConfig=null], submissionResult=ResultDTO[id=635, completionDate=2025-02-14T23:45:44.961313737Z[Etc/UTC], successful=false, score=7.7, rated=true, submission=SubmissionDTO[id=829, submitted=true, type=MANUAL, exampleSubmission=null, submissionDate=2025-02-14T23:45:43.967766Z, commitHash=3e90ae9fef2e44ffb41451a080bdaa6a44ad6848, buildFailed=false, buildArtifact=false, participation=ParticipationDTO[id=2026, testRun=false, type=programming, submissionCount=null, exercise=ParticipationExerciseDTO[id=2608, exerciseType=PROGRAMMING, type=programming, assessmentType=AUTOMATIC, dueDate=2025-02-16T23:45:43.597978Z, assessmentDueDate=null, maxPoints=42.0, course=CourseDTO[id=991, accuracyOfScores=1]]], submissionExerciseType=programming, isProcessing=false, buildStartDate=null, estimatedCompletionDate=null], participation=ParticipationDTO[id=2026, testRun=false, type=programming, submissionCount=null, exercise=ParticipationExerciseDTO[id=2608, exerciseType=PROGRAMMING, type=programming, assessmentType=AUTOMATIC, dueDate=2025-02-16T23:45:43.597978Z, assessmentDueDate=null, maxPoints=42.0, course=CourseDTO[id=991, accuracyOfScores=1]]], feedbacks=[FeedbackDTO[id=959, text=null, detailText=The exercise expects a class with the name Context in the package testpackage. You did not implement the class in the exercise., hasLongFeedbackText=false, reference=null, credits=0.0, positive=false, type=AUTOMATIC, visibility=ALWAYS, testCase=TestCaseDTO[testName=null, id=1448]], FeedbackDTO[id=960, text=null, detailText=The exercise expects a class with the name Policy in the package testpackage. You did not implement the class in the exercise., hasLongFeedbackText=false, reference=null, credits=0.0, positive=false, type=AUTOMATIC, visibility=ALWAYS, testCase=TestCaseDTO[testName=null, id=1449]], FeedbackDTO[id=961, text=null, detailText=The exercise expects a class with the name SortStrategy in the package testpackage. You did not implement the class in the exercise., hasLongFeedbackText=false, reference=null, credits=0.0, positive=false, type=AUTOMATIC, visibility=ALWAYS, testCase=TestCaseDTO[testName=null, id=1450]], FeedbackDTO[id=962, text=null, detailText=The class 'MergeSort' does not implement the interface 'SortStrategy' as expected. Implement the interface and its methods., hasLongFeedbackText=false, reference=null, credits=0.0, positive=false, type=AUTOMATIC, visibility=ALWAYS, testCase=TestCaseDTO[testName=null, id=1445]], FeedbackDTO[id=963, text=null, detailText=The exercise expects a class with the name SortStrategy in the package testpackage. You did not implement the class in the exercise., hasLongFeedbackText=false, reference=null, credits=0.0, positive=false, type=AUTOMATIC, visibility=ALWAYS, testCase=TestCaseDTO[testName=null, id=1442]], FeedbackDTO[id=964, text=null, detailText=The class 'BubbleSort' does not implement the interface 'SortStrategy' as expected. Implement the interface and its methods., hasLongFeedbackText=false, reference=null, credits=0.0, positive=false, type=AUTOMATIC, visibility=ALWAYS, testCase=TestCaseDTO[testName=null, id=1446]], FeedbackDTO[id=965, text=null, detailText=MergeSort does not sort correctly, hasLongFeedbackText=false, reference=null, credits=0.0, positive=false, type=AUTOMATIC, visibility=ALWAYS, testCase=TestCaseDTO[testName=null, id=1451]], FeedbackDTO[id=966, text=null, detailText=The class 'Context' was not found within the submission. Make sure to implement it properly., hasLongFeedbackText=false, reference=null, credits=0.0, positive=false, type=AUTOMATIC, visibility=ALWAYS, testCase=TestCaseDTO[testName=null, id=1452]], FeedbackDTO[id=967, text=null, detailText=The class 'Context' was not found within the submission. Make sure to implement it properly., hasLongFeedbackText=false, reference=null, credits=0.0, positive=false, type=AUTOMATIC, visibility=ALWAYS, testCase=TestCaseDTO[testName=null, id=1453]], FeedbackDTO[id=968, text=null, detailText=The exercise expects a class with the name Policy in the package testpackage. You did not implement the class in the exercise., hasLongFeedbackText=false, reference=null, credits=0.0, positive=false, type=AUTOMATIC, visibility=ALWAYS, testCase=TestCaseDTO[testName=null, id=1447]], FeedbackDTO[id=969, text=null, detailText=The exercise expects a class with the name Context in the package testpackage. You did not implement the class in the exercise., hasLongFeedbackText=false, reference=null, credits=0.0, positive=false, type=AUTOMATIC, visibility=ALWAYS, testCase=TestCaseDTO[testName=null, id=1443]], FeedbackDTO[id=970, text=null, detailText=The exercise expects a class with the name Policy in the package testpackage. You did not implement the class in the exercise., hasLongFeedbackText=false, reference=null, credits=0.0, positive=false, type=AUTOMATIC, visibility=ALWAYS, testCase=TestCaseDTO[testName=null, id=1444]], FeedbackDTO[id=971, text=null, detailText=null, hasLongFeedbackText=false, reference=null, credits=3.230769230769231, positive=true, type=AUTOMATIC, visibility=ALWAYS, testCase=TestCaseDTO[testName=null, id=1454]]], assessmentType=AUTOMATIC, hasComplaint=null, exampleResult=null, testCaseCount=13, passedTestCaseCount=1, codeIssueCount=0]], BuildJobQueueItem[id=20271739576746886, name=SHORT0FC863930E92904248098A506171F81CF6CFTSTEXC-SOLUTION, buildAgent=BuildAgentDTO[name=artemis-build-agent-test, memberAddress=[127.0.0.1]:5703, displayName=artemis-build-agent-test], participationId=2027, courseId=992, exerciseId=2609, retryCount=0, priority=2, status=SUCCESSFUL, repositoryInfo=RepositoryInfo[repositoryName=short0fc863930e92904248098a506171f81cf6cftstexc-solution, repositoryType=solution, triggeredByPushTo=auxiliary, assignmentRepositoryUri=http://localhost:49152/git/SHORT0FC863930E92904248098A506171F81CF6CFTSTEXC/short0fc863930e92904248098a506171f81cf6cftstexc-solution.git, testRepositoryUri=http://localhost:49152/git/SHORT0FC863930E92904248098A506171F81CF6CFTSTEXC/short0fc863930e92904248098a506171f81cf6cftstexc-tests.git, solutionRepositoryUri=null, auxiliaryRepositoryUris=[Ljava.lang.String;@503ec1f5, auxiliaryRepositoryCheckoutDirectories=[Ljava.lang.String;@602ea1c2], jobTimingInfo=JobTimingInfo[submissionDate=2025-02-14T23:45:46.886984066Z[Etc/UTC], buildStartDate=2025-02-14T23:45:46.897709578Z[Etc/UTC], buildCompletionDate=2025-02-14T23:45:48.628460156Z[Etc/UTC], estimatedCompletionDate=2025-02-14T23:46:05.897701272Z[Etc/UTC], estimatedDuration=19], buildConfig=BuildConfig[buildScript=#!/bin/bash
cd /var/tmp/testing-dir
chmod +x ./gradlew
./gradlew clean test
, dockerImage=dummy-docker-image:latest, commitHashToBuild=null, assignmentCommitHash=115a2e943bee242fdad360b50d8ad5f30792577e, testCommitHash=9b3a9bd71a0d80e5bbc42204c319ed3d1d4f0d6d, branch=main, programmingLanguage=JAVA, projectType=PLAIN_GRADLE, scaEnabled=false, sequentialTestRunsEnabled=false, resultPaths=[/var/tmp/testing-dir/**/test-results/test/*.xml], timeoutSeconds=0, assignmentCheckoutPath=null, testCheckoutPath=null, solutionCheckoutPath=null, dockerRunConfig=null], submissionResult=ResultDTO[id=636, completionDate=2025-02-14T23:45:48.593370968Z[Etc/UTC], successful=true, score=100.0, rated=true, submission=SubmissionDTO[id=830, submitted=true, type=TEST, exampleSubmission=null, submissionDate=2025-02-14T23:45:46.873671Z, commitHash=9b3a9bd71a0d80e5bbc42204c319ed3d1d4f0d6d, buildFailed=false, buildArtifact=false, participation=ParticipationDTO[id=2027, testRun=false, type=solution, submissionCount=null, exercise=ParticipationExerciseDTO[id=2609, exerciseType=PROGRAMMING, type=programming, assessmentType=AUTOMATIC, dueDate=2025-02-16T23:45:46.386304Z, assessmentDueDate=null, maxPoints=42.0, course=CourseDTO[id=992, accuracyOfScores=1]]], submissionExerciseType=programming, isProcessing=false, buildStartDate=null, estimatedCompletionDate=null], participation=ParticipationDTO[id=2027, testRun=false, type=solution, submissionCount=null, exercise=ParticipationExerciseDTO[id=2609, exerciseType=PROGRAMMING, type=programming, assessmentType=AUTOMATIC, dueDate=2025-02-16T23:45:46.386304Z, assessmentDueDate=null, maxPoints=42.0, course=CourseDTO[id=992, accuracyOfScores=1]]], feedbacks=[FeedbackDTO[id=972, text=null, detailText=null, hasLongFeedbackText=false, reference=null, credits=3.230769230769231, positive=true, type=AUTOMATIC, visibility=ALWAYS, testCase=TestCaseDTO[testName=testMethods[Context], id=1461]], FeedbackDTO[id=973, text=null, detailText=null, hasLongFeedbackText=false, reference=null, credits=3.230769230769231, positive=true, type=AUTOMATIC, visibility=ALWAYS, testCase=TestCaseDTO[testName=testMethods[Policy], id=1462]], FeedbackDTO[id=974, text=null, detailText=null, hasLongFeedbackText=false, reference=null, credits=3.230769230769231, positive=true, type=AUTOMATIC, visibility=ALWAYS, testCase=TestCaseDTO[testName=testMethods[SortStrategy], id=1463]], FeedbackDTO[id=975, text=null, detailText=null, hasLongFeedbackText=false, reference=null, credits=3.230769230769231, positive=true, type=AUTOMATIC, visibility=ALWAYS, testCase=TestCaseDTO[testName=testClass[MergeSort], id=1458]], FeedbackDTO[id=976, text=null, detailText=null, hasLongFeedbackText=false, reference=null, credits=3.230769230769231, positive=true, type=AUTOMATIC, visibility=ALWAYS, testCase=TestCaseDTO[testName=testClass[SortStrategy], id=1455]], FeedbackDTO[id=977, text=null, detailText=null, hasLongFeedbackText=false, reference=null, credits=3.230769230769231, positive=true, type=AUTOMATIC, visibility=ALWAYS, testCase=TestCaseDTO[testName=testClass[BubbleSort], id=1459]], FeedbackDTO[id=978, text=null, detailText=null, hasLongFeedbackText=false, reference=null, credits=3.230769230769231, positive=true, type=AUTOMATIC, visibility=ALWAYS, testCase=TestCaseDTO[testName=testMergeSort(), id=1464]], FeedbackDTO[id=979, text=null, detailText=null, hasLongFeedbackText=false, reference=null, credits=3.230769230769231, positive=true, type=AUTOMATIC, visibility=ALWAYS, testCase=TestCaseDTO[testName=testUseBubbleSortForSmallList(), id=1465]], FeedbackDTO[id=980, text=null, detailText=null, hasLongFeedbackText=false, reference=null, credits=3.230769230769231, positive=true, type=AUTOMATIC, visibility=ALWAYS, testCase=TestCaseDTO[testName=testBubbleSort(), id=1467]], FeedbackDTO[id=981, text=null, detailText=null, hasLongFeedbackText=false, reference=null, credits=3.230769230769231, positive=true, type=AUTOMATIC, visibility=ALWAYS, testCase=TestCaseDTO[testName=testUseMergeSortForBigList(), id=1466]], FeedbackDTO[id=982, text=null, detailText=null, hasLongFeedbackText=false, reference=null, credits=3.230769230769231, positive=true, type=AUTOMATIC, visibility=ALWAYS, testCase=TestCaseDTO[testName=testConstructors[Policy], id=1460]], FeedbackDTO[id=983, text=null, detailText=null, hasLongFeedbackText=false, reference=null, credits=3.230769230769231, positive=true, type=AUTOMATIC, visibility=ALWAYS, testCase=TestCaseDTO[testName=testAttributes[Context], id=1456]], FeedbackDTO[id=984, text=null, detailText=null, hasLongFeedbackText=false, reference=null, credits=3.230769230769231, positive=true, type=AUTOMATIC, visibility=ALWAYS, testCase=TestCaseDTO[testName=testAttributes[Policy], id=1457]]], assessmentType=AUTOMATIC, hasComplaint=null, exampleResult=null, testCaseCount=13, passedTestCaseCount=13, codeIssueCount=0]], BuildJobQueueItem[id=20281739576748768, name=SHORT0FC863930E92904248098A506171F81CF6CFTSTEXC-BASE, buildAgent=BuildAgentDTO[name=artemis-build-agent-test, memberAddress=[127.0.0.1]:5703, displayName=artemis-build-agent-test], participationId=2028, courseId=992, exerciseId=2609, retryCount=0, priority=2, status=SUCCESSFUL, repositoryInfo=RepositoryInfo[repositoryName=short0fc863930e92904248098a506171f81cf6cftstexc-exercise, repositoryType=exercise, triggeredByPushTo=auxiliary, assignmentRepositoryUri=http://localhost:49152/git/SHORT0FC863930E92904248098A506171F81CF6CFTSTEXC/short0fc863930e92904248098a506171f81cf6cftstexc-exercise.git, testRepositoryUri=http://localhost:49152/git/SHORT0FC863930E92904248098A506171F81CF6CFTSTEXC/short0fc863930e92904248098a506171f81cf6cftstexc-tests.git, solutionRepositoryUri=null, auxiliaryRepositoryUris=[Ljava.lang.String;@125d862a, auxiliaryRepositoryCheckoutDirectories=[Ljava.lang.String;@39ce27d6], jobTimingInfo=JobTimingInfo[submissionDate=2025-02-14T23:45:48.768063548Z[Etc/UTC], buildStartDate=2025-02-14T23:45:48.802531989Z[Etc/UTC], buildCompletionDate=2025-02-14T23:45:50.482681367Z[Etc/UTC], estimatedCompletionDate=2025-02-14T23:45:50.802523092Z[Etc/UTC], estimatedDuration=2], buildConfig=BuildConfig[buildScript=#!/bin/bash
cd /var/tmp/testing-dir
chmod +x ./gradlew
./gradlew clean test
, dockerImage=dummy-docker-image:latest, commitHashToBuild=9b3a9bd71a0d80e5bbc42204c319ed3d1d4f0d6d, assignmentCommitHash=115a2e943bee242fdad360b50d8ad5f30792577e, testCommitHash=9b3a9bd71a0d80e5bbc42204c319ed3d1d4f0d6d, branch=main, programmingLanguage=JAVA, projectType=PLAIN_GRADLE, scaEnabled=false, sequentialTestRunsEnabled=false, resultPaths=[/var/tmp/testing-dir/**/test-results/test/*.xml], timeoutSeconds=0, assignmentCheckoutPath=null, testCheckoutPath=null, solutionCheckoutPath=null, dockerRunConfig=null], submissionResult=ResultDTO[id=637, completionDate=2025-02-14T23:45:50.449084694Z[Etc/UTC], successful=false, score=0.0, rated=true, submission=SubmissionDTO[id=831, submitted=true, type=TEST, exampleSubmission=null, submissionDate=2025-02-14T23:45:48.761177Z, commitHash=9b3a9bd71a0d80e5bbc42204c319ed3d1d4f0d6d, buildFailed=false, buildArtifact=false, participation=ParticipationDTO[id=2028, testRun=false, type=template, submissionCount=null, exercise=ParticipationExerciseDTO[id=2609, exerciseType=PROGRAMMING, type=programming, assessmentType=AUTOMATIC, dueDate=2025-02-16T23:45:46.386304Z, assessmentDueDate=null, maxPoints=42.0, course=CourseDTO[id=992, accuracyOfScores=1]]], submissionExerciseType=programming, isProcessing=false, buildStartDate=null, estimatedCompletionDate=null], participation=ParticipationDTO[id=2028, testRun=false, type=template, submissionCount=null, exercise=ParticipationExerciseDTO[id=2609, exerciseType=PROGRAMMING, type=programming, assessmentType=AUTOMATIC, dueDate=2025-02-16T23:45:46.386304Z, assessmentDueDate=null, maxPoints=42.0, course=CourseDTO[id=992, accuracyOfScores=1]]], feedbacks=[FeedbackDTO[id=985, text=null, detailText=The exercise expects a class with the name Context in the package testpackage. You did not implement the class in the exercise., hasLongFeedbackText=false, reference=null, credits=0.0, positive=false, type=AUTOMATIC, visibility=ALWAYS, testCase=TestCaseDTO[testName=testMethods[Context], id=1461]], FeedbackDTO[id=986, text=null, detailText=The exercise expects a class with the name Policy in the package testpackage. You did not implement the class in the exercise., hasLongFeedbackText=false, reference=null, credits=0.0, positive=false, type=AUTOMATIC, visibility=ALWAYS, testCase=TestCaseDTO[testName=testMethods[Policy], id=1462]], FeedbackDTO[id=987, text=null, detailText=The exercise expects a class with the name SortStrategy in the package testpackage. You did not implement the class in the exercise., hasLongFeedbackText=false, reference=null, credits=0.0, positive=false, type=AUTOMATIC, visibility=ALWAYS, testCase=TestCaseDTO[testName=testMethods[SortStrategy], id=1463]], FeedbackDTO[id=988, text=null, detailText=The class 'MergeSort' does not implement the interface 'SortStrategy' as expected. Implement the interface and its methods., hasLongFeedbackText=false, reference=null, credits=0.0, positive=false, type=AUTOMATIC, visibility=ALWAYS, testCase=TestCaseDTO[testName=testClass[MergeSort], id=1458]], FeedbackDTO[id=989, text=null, detailText=The exercise expects a class with the name SortStrategy in the package testpackage. You did not implement the class in the exercise., hasLongFeedbackText=false, reference=null, credits=0.0, positive=false, type=AUTOMATIC, visibility=ALWAYS, testCase=TestCaseDTO[testName=testClass[SortStrategy], id=1455]], FeedbackDTO[id=990, text=null, detailText=The class 'BubbleSort' does not implement the interface 'SortStrategy' as expected. Implement the interface and its methods., hasLongFeedbackText=false, reference=null, credits=0.0, positive=false, type=AUTOMATIC, visibility=ALWAYS, testCase=TestCaseDTO[testName=testClass[BubbleSort], id=1459]], FeedbackDTO[id=991, text=null, detailText=MergeSort does not sort correctly, hasLongFeedbackText=false, reference=null, credits=0.0, positive=false, type=AUTOMATIC, visibility=ALWAYS, testCase=TestCaseDTO[testName=testMergeSort(), id=1464]], FeedbackDTO[id=992, text=null, detailText=The class 'Context' was not found within the submission. Make sure to implement it properly., hasLongFeedbackText=false, reference=null, credits=0.0, positive=false, type=AUTOMATIC, visibility=ALWAYS, testCase=TestCaseDTO[testName=testUseBubbleSortForSmallList(), id=1465]], FeedbackDTO[id=993, text=null, detailText=BubbleSort does not sort correctly, hasLongFeedbackText=false, reference=null, credits=0.0, positive=false, type=AUTOMATIC, visibility=ALWAYS, testCase=TestCaseDTO[testName=testBubbleSort(), id=1467]], FeedbackDTO[id=994, text=null, detailText=The class 'Context' was not found within the submission. Make sure to implement it properly., hasLongFeedbackText=false, reference=null, credits=0.0, positive=false, type=AUTOMATIC, visibility=ALWAYS, testCase=TestCaseDTO[testName=testUseMergeSortForBigList(), id=1466]], FeedbackDTO[id=995, text=null, detailText=The exercise expects a class with the name Policy in the package testpackage. You did not implement the class in the exercise., hasLongFeedbackText=false, reference=null, credits=0.0, positive=false, type=AUTOMATIC, visibility=ALWAYS, testCase=TestCaseDTO[testName=testConstructors[Policy], id=1460]], FeedbackDTO[id=996, text=null, detailText=The exercise expects a class with the name Context in the package testpackage. You did not implement the class in the exercise., hasLongFeedbackText=false, reference=null, credits=0.0, positive=false, type=AUTOMATIC, visibility=ALWAYS, testCase=TestCaseDTO[testName=testAttributes[Context], id=1456]], FeedbackDTO[id=997, text=null, detailText=The exercise expects a class with the name Policy in the package testpackage. You did not implement the class in the exercise., hasLongFeedbackText=false, reference=null, credits=0.0, positive=false, type=AUTOMATIC, visibility=ALWAYS, testCase=TestCaseDTO[testName=testAttributes[Policy], id=1457]]], assessmentType=AUTOMATIC, hasComplaint=null, exampleResult=null, testCaseCount=13, passedTestCaseCount=0, codeIssueCount=0]], BuildJobQueueItem[id=20291739576751299, name=SHORT716C2EC10B19B049C80A2F00B97EAB20B2A9TSTEXC-SOLUTION, buildAgent=BuildAgentDTO[name=artemis-build-agent-test, memberAddress=[127.0.0.1]:5703, displayName=artemis-build-agent-test], participationId=2029, courseId=993, exerciseId=2610, retryCount=0, priority=2, status=SUCCESSFUL, repositoryInfo=RepositoryInfo[repositoryName=short716c2ec10b19b049c80a2f00b97eab20b2a9tstexc-solution, repositoryType=solution, triggeredByPushTo=tests, assignmentRepositoryUri=http://localhost:49152/git/SHORT716C2EC10B19B049C80A2F00B97EAB20B2A9TSTEXC/short716c2ec10b19b049c80a2f00b97eab20b2a9tstexc-solution.git, testRepositoryUri=http://localhost:49152/git/SHORT716C2EC10B19B049C80A2F00B97EAB20B2A9TSTEXC/short716c2ec10b19b049c80a2f00b97eab20b2a9tstexc-tests.git, solutionRepositoryUri=null, auxiliaryRepositoryUris=[Ljava.lang.String;@1f597873, auxiliaryRepositoryCheckoutDirectories=[Ljava.lang.String;@aecfaeb], jobTimingInfo=JobTimingInfo[submissionDate=2025-02-14T23:45:51.299892174Z[Etc/UTC], buildStartDate=2025-02-14T23:45:51.314028505Z[Etc/UTC], buildCompletionDate=2025-02-14T23:45:52.158312850Z[Etc/UTC], estimatedCompletionDate=2025-02-14T23:46:10.314021752Z[Etc/UTC], estimatedDuration=19], buildConfig=BuildConfig[buildScript=#!/bin/bash
cd /var/tmp/testing-dir
chmod +x ./gradlew
./gradlew clean test
, dockerImage=dummy-docker-image:latest, commitHashToBuild=1e531733ed6e9237f710b528d1eb0b7beac565fd, assignmentCommitHash=815e279f12ad296b4f24c44134a07293c04c010f, testCommitHash=1e531733ed6e9237f710b528d1eb0b7beac565fd, branch=main, programmingLanguage=JAVA, projectType=PLAIN_GRADLE, scaEnabled=false, sequentialTestRunsEnabled=false, resultPaths=[/var/tmp/testing-dir/**/test-results/test/*.xml], timeoutSeconds=0, assignmentCheckoutPath=null, testCheckoutPath=null, solutionCheckoutPath=null, dockerRunConfig=null], submissionResult=ResultDTO[id=638, completionDate=2025-02-14T23:45:52.146826070Z[Etc/UTC], successful=true, score=100.0, rated=true, submission=SubmissionDTO[id=832, submitted=true, type=TEST, exampleSubmission=null, submissionDate=2025-02-14T23:45:51.275713Z, commitHash=1e531733ed6e9237f710b528d1eb0b7beac565fd, buildFailed=false, buildArtifact=false, participation=ParticipationDTO[id=2029, testRun=false, type=solution, submissionCount=null, exercise=ParticipationExerciseDTO[id=2610, exerciseType=PROGRAMMING, type=programming, assessmentType=AUTOMATIC, dueDate=2025-02-16T23:45:50.869093Z, assessmentDueDate=null, maxPoints=42.0, course=CourseDTO[id=993, accuracyOfScores=1]]], submissionExerciseType=programming, isProcessing=false, buildStartDate=null, estimatedCompletionDate=null], participation=ParticipationDTO[id=2029, testRun=false, type=solution, submissionCount=null, exercise=ParticipationExerciseDTO[id=2610, exerciseType=PROGRAMMING, type=programming, assessmentType=AUTOMATIC, dueDate=2025-02-16T23:45:50.869093Z, assessmentDueDate=null, maxPoints=42.0, course=CourseDTO[id=993, accuracyOfScores=1]]], feedbacks=[FeedbackDTO[id=998, text=null, detailText=null, hasLongFeedbackText=false, reference=null, credits=3.230769230769231, positive=true, type=AUTOMATIC, visibility=ALWAYS, testCase=TestCaseDTO[testName=testMethods[Context], id=1474]], FeedbackDTO[id=999, text=null, detailText=null, hasLongFeedbackText=false, reference=null, credits=3.230769230769231, positive=true, type=AUTOMATIC, visibility=ALWAYS, testCase=TestCaseDTO[testName=testMethods[Policy], id=1475]], FeedbackDTO[id=1000, text=null, detailText=null, hasLongFeedbackText=false, reference=null, credits=3.230769230769231, positive=true, type=AUTOMATIC, visibility=ALWAYS, testCase=TestCaseDTO[testName=testMethods[SortStrategy], id=1476]], FeedbackDTO[id=1001, text=null, detailText=null, hasLongFeedbackText=false, reference=null, credits=3.230769230769231, positive=true, type=AUTOMATIC, visibility=ALWAYS, testCase=TestCaseDTO[testName=testClass[MergeSort], id=1471]], FeedbackDTO[id=1002, text=null, detailText=null, hasLongFeedbackText=false, reference=null, credits=3.230769230769231, positive=true, type=AUTOMATIC, visibility=ALWAYS, testCase=TestCaseDTO[testName=testClass[SortStrategy], id=1468]], FeedbackDTO[id=1003, text=null, detailText=null, hasLongFeedbackText=false, reference=null, credits=3.230769230769231, positive=true, type=AUTOMATIC, visibility=ALWAYS, testCase=TestCaseDTO[testName=testClass[BubbleSort], id=1472]], FeedbackDTO[id=1004, text=null, detailText=null, hasLongFeedbackText=false, reference=null, credits=3.230769230769231, positive=true, type=AUTOMATIC, visibility=ALWAYS, testCase=TestCaseDTO[testName=testMergeSort(), id=1477]], FeedbackDTO[id=1005, text=null, detailText=null, hasLongFeedbackText=false, reference=null, credits=3.230769230769231, positive=true, type=AUTOMATIC, visibility=ALWAYS, testCase=TestCaseDTO[testName=testUseBubbleSortForSmallList(), id=1478]], FeedbackDTO[id=1006, text=null, detailText=null, hasLongFeedbackText=false, reference=null, credits=3.230769230769231, positive=true, type=AUTOMATIC, visibility=ALWAYS, testCase=TestCaseDTO[testName=testBubbleSort(), id=1480]], FeedbackDTO[id=1007, text=null, detailText=null, hasLongFeedbackText=false, reference=null, credits=3.230769230769231, positive=true, type=AUTOMATIC, visibility=ALWAYS, testCase=TestCaseDTO[testName=testUseMergeSortForBigList(), id=1479]], FeedbackDTO[id=1008, text=null, detailText=null, hasLongFeedbackText=false, reference=null, credits=3.230769230769231, positive=true, type=AUTOMATIC, visibility=ALWAYS, testCase=TestCaseDTO[testName=testConstructors[Policy], id=1473]], FeedbackDTO[id=1009, text=null, detailText=null, hasLongFeedbackText=false, reference=null, credits=3.230769230769231, positive=true, type=AUTOMATIC, visibility=ALWAYS, testCase=TestCaseDTO[testName=testAttributes[Context], id=1469]], FeedbackDTO[id=1010, text=null, detailText=null, hasLongFeedbackText=false, reference=null, credits=3.230769230769231, positive=true, type=AUTOMATIC, visibility=ALWAYS, testCase=TestCaseDTO[testName=testAttributes[Policy], id=1470]]], assessmentType=AUTOMATIC, hasComplaint=null, exampleResult=null, testCaseCount=13, passedTestCaseCount=13, codeIssueCount=0]], BuildJobQueueItem[id=20301739576752239, name=SHORT716C2EC10B19B049C80A2F00B97EAB20B2A9TSTEXC-BASE, buildAgent=BuildAgentDTO[name=artemis-build-agent-test, memberAddress=[127.0.0.1]:5703, displayName=artemis-build-agent-test], participationId=2030, courseId=993, exerciseId=2610, retryCount=0, priority=2, status=SUCCESSFUL, repositoryInfo=RepositoryInfo[repositoryName=short716c2ec10b19b049c80a2f00b97eab20b2a9tstexc-exercise, repositoryType=exercise, triggeredByPushTo=tests, assignmentRepositoryUri=http://localhost:49152/git/SHORT716C2EC10B19B049C80A2F00B97EAB20B2A9TSTEXC/short716c2ec10b19b049c80a2f00b97eab20b2a9tstexc-exercise.git, testRepositoryUri=http://localhost:49152/git/SHORT716C2EC10B19B049C80A2F00B97EAB20B2A9TSTEXC/short716c2ec10b19b049c80a2f00b97eab20b2a9tstexc-tests.git, solutionRepositoryUri=null, auxiliaryRepositoryUris=[Ljava.lang.String;@747e414a, auxiliaryRepositoryCheckoutDirectories=[Ljava.lang.String;@3cc63884], jobTimingInfo=JobTimingInfo[submissionDate=2025-02-14T23:45:52.239402475Z[Etc/UTC], buildStartDate=2025-02-14T23:45:52.258713639Z[Etc/UTC], buildCompletionDate=2025-02-14T23:45:53.238773956Z[Etc/UTC], estimatedCompletionDate=2025-02-14T23:45:53.258707428Z[Etc/UTC], estimatedDuration=1], buildConfig=BuildConfig[buildScript=#!/bin/bash
cd /var/tmp/testing-dir
chmod +x ./gradlew
./gradlew clean test
, dockerImage=dummy-docker-image:latest, commitHashToBuild=1e531733ed6e9237f710b528d1eb0b7beac565fd, assignmentCommitHash=815e279f12ad296b4f24c44134a07293c04c010f, testCommitHash=1e531733ed6e9237f710b528d1eb0b7beac565fd, branch=main, programmingLanguage=JAVA, projectType=PLAIN_GRADLE, scaEnabled=false, sequentialTestRunsEnabled=false, resultPaths=[/var/tmp/testing-dir/**/test-results/test/*.xml], timeoutSeconds=0, assignmentCheckoutPath=null, testCheckoutPath=null, solutionCheckoutPath=null, dockerRunConfig=null], submissionResult=ResultDTO[id=639, completionDate=2025-02-14T23:45:53.225806205Z[Etc/UTC], successful=false, score=0.0, rated=true, submission=SubmissionDTO[id=833, submitted=true, type=TEST, exampleSubmission=null, submissionDate=2025-02-14T23:45:52.237179Z, commitHash=1e531733ed6e9237f710b528d1eb0b7beac565fd, buildFailed=false, buildArtifact=false, participation=ParticipationDTO[id=2030, testRun=false, type=template, submissionCount=null, exercise=ParticipationExerciseDTO[id=2610, exerciseType=PROGRAMMING, type=programming, assessmentType=AUTOMATIC, dueDate=2025-02-16T23:45:50.869093Z, assessmentDueDate=null, maxPoints=42.0, course=CourseDTO[id=993, accuracyOfScores=1]]], submissionExerciseType=programming, isProcessing=false, buildStartDate=null, estimatedCompletionDate=null], participation=ParticipationDTO[id=2030, testRun=false, type=template, submissionCount=null, exercise=ParticipationExerciseDTO[id=2610, exerciseType=PROGRAMMING, type=programming, assessmentType=AUTOMATIC, dueDate=2025-02-16T23:45:50.869093Z, assessmentDueDate=null, maxPoints=42.0, course=CourseDTO[id=993, accuracyOfScores=1]]], feedbacks=[FeedbackDTO[id=1011, text=null, detailText=The exercise expects a class with the name Context in the package testpackage. You did not implement the class in the exercise., hasLongFeedbackText=false, reference=null, credits=0.0, positive=false, type=AUTOMATIC, visibility=ALWAYS, testCase=TestCaseDTO[testName=testMethods[Context], id=1474]], FeedbackDTO[id=1012, text=null, detailText=The exercise expects a class with the name Policy in the package testpackage. You did not implement the class in the exercise., hasLongFeedbackText=false, reference=null, credits=0.0, positive=false, type=AUTOMATIC, visibility=ALWAYS, testCase=TestCaseDTO[testName=testMethods[Policy], id=1475]], FeedbackDTO[id=1013, text=null, detailText=The exercise expects a class with the name SortStrategy in the package testpackage. You did not implement the class in the exercise., hasLongFeedbackText=false, reference=null, credits=0.0, positive=false, type=AUTOMATIC, visibility=ALWAYS, testCase=TestCaseDTO[testName=testMethods[SortStrategy], id=1476]], FeedbackDTO[id=1014, text=null, detailText=The class 'MergeSort' does not implement the interface 'SortStrategy' as expected. Implement the interface and its methods., hasLongFeedbackText=false, reference=null, credits=0.0, positive=false, type=AUTOMATIC, visibility=ALWAYS, testCase=TestCaseDTO[testName=testClass[MergeSort], id=1471]], FeedbackDTO[id=1015, text=null, detailText=The exercise expects a class with the name SortStrategy in the package testpackage. You did not implement the class in the exercise., hasLongFeedbackText=false, reference=null, credits=0.0, positive=false, type=AUTOMATIC, visibility=ALWAYS, testCase=TestCaseDTO[testName=testClass[SortStrategy], id=1468]], FeedbackDTO[id=1016, text=null, detailText=The class 'BubbleSort' does not implement the interface 'SortStrategy' as expected. Implement the interface and its methods., hasLongFeedbackText=false, reference=null, credits=0.0, positive=false, type=AUTOMATIC, visibility=ALWAYS, testCase=TestCaseDTO[testName=testClass[BubbleSort], id=1472]], FeedbackDTO[id=1017, text=null, detailText=MergeSort does not sort correctly, hasLongFeedbackText=false, reference=null, credits=0.0, positive=false, type=AUTOMATIC, visibility=ALWAYS, testCase=TestCaseDTO[testName=testMergeSort(), id=1477]], FeedbackDTO[id=1018, text=null, detailText=The class 'Context' was not found within the submission. Make sure to implement it properly., hasLongFeedbackText=false, reference=null, credits=0.0, positive=false, type=AUTOMATIC, visibility=ALWAYS, testCase=TestCaseDTO[testName=testUseBubbleSortForSmallList(), id=1478]], FeedbackDTO[id=1019, text=null, detailText=BubbleSort does not sort correctly, hasLongFeedbackText=false, reference=null, credits=0.0, positive=false, type=AUTOMATIC, visibility=ALWAYS, testCase=TestCaseDTO[testName=testBubbleSort(), id=1480]], FeedbackDTO[id=1020, text=null, detailText=The class 'Context' was not found within the submission. Make sure to implement it properly., hasLongFeedbackText=false, reference=null, credits=0.0, positive=false, type=AUTOMATIC, visibility=ALWAYS, testCase=TestCaseDTO[testName=testUseMergeSortForBigList(), id=1479]], FeedbackDTO[id=1021, text=null, detailText=The exercise expects a class with the name Policy in the package testpackage. You did not implement the class in the exercise., hasLongFeedbackText=false, reference=null, credits=0.0, positive=false, type=AUTOMATIC, visibility=ALWAYS, testCase=TestCaseDTO[testName=testConstructors[Policy], id=1473]], FeedbackDTO[id=1022, text=null, detailText=The exercise expects a class with the name Context in the package testpackage. You did not implement the class in the exercise., hasLongFeedbackText=false, reference=null, credits=0.0, positive=false, type=AUTOMATIC, visibility=ALWAYS, testCase=TestCaseDTO[testName=testAttributes[Context], id=1469]], FeedbackDTO[id=1023, text=null, detailText=The exercise expects a class with the name Policy in the package testpackage. You did not implement the class in the exercise., hasLongFeedbackText=false, reference=null, credits=0.0, positive=false, type=AUTOMATIC, visibility=ALWAYS, testCase=TestCaseDTO[testName=testAttributes[Policy], id=1470]]], assessmentType=AUTOMATIC, hasComplaint=null, exampleResult=null, testCaseCount=13, passedTestCaseCount=0, codeIssueCount=0]], BuildJobQueueItem[id=20391739576754750, name=SHORT3A680734092E404EF80A4C60FBC1E408F7D0TSTEXC-LOCALVCCIINTSTUDENT1, buildAgent=BuildAgentDTO[name=artemis-build-agent-test, memberAddress=[127.0.0.1]:5703, displayName=artemis-build-agent-test], participationId=2039, courseId=996, exerciseId=2613, retryCount=0, priority=2, status=SUCCESSFUL, repositoryInfo=RepositoryInfo[repositoryName=short3a680734092e404ef80a4c60fbc1e408f7d0tstexc-localvcciintstudent1, repositoryType=user, triggeredByPushTo=user, assignmentRepositoryUri=http://localhost:49152/git/SHORT3A680734092E404EF80A4C60FBC1E408F7D0TSTEXC/short3a680734092e404ef80a4c60fbc1e408f7d0tstexc-localvcciintstudent1.git, testRepositoryUri=http://localhost:49152/git/SHORT3A680734092E404EF80A4C60FBC1E408F7D0TSTEXC/short3a680734092e404ef80a4c60fbc1e408f7d0tstexc-tests.git, solutionRepositoryUri=null, auxiliaryRepositoryUris=[Ljava.lang.String;@6808558f, auxiliaryRepositoryCheckoutDirectories=[Ljava.lang.String;@55ed1c7], jobTimingInfo=JobTimingInfo[submissionDate=2025-02-14T23:45:54.750657185Z[Etc/UTC], buildStartDate=2025-02-14T23:45:54.765232948Z[Etc/UTC], buildCompletionDate=2025-02-14T23:45:55.645844970Z[Etc/UTC], estimatedCompletionDate=2025-02-14T23:46:13.765225363Z[Etc/UTC], estimatedDuration=19], buildConfig=BuildConfig[buildScript=#!/bin/bash
cd /var/tmp/testing-dir
chmod +x ./gradlew
./gradlew clean test
, dockerImage=dummy-docker-image:latest, commitHashToBuild=9344436f8d5a5ce3aa40215562db211ed501371f, assignmentCommitHash=9344436f8d5a5ce3aa40215562db211ed501371f, testCommitHash=ff421c3651ec230fed2f20f72c2901ae372be06a, branch=main, programmingLanguage=JAVA, projectType=PLAIN_GRADLE, scaEnabled=false, sequentialTestRunsEnabled=false, resultPaths=[/var/tmp/testing-dir/**/test-results/test/*.xml], timeoutSeconds=0, assignmentCheckoutPath=null, testCheckoutPath=null, solutionCheckoutPath=null, dockerRunConfig=null], submissionResult=ResultDTO[id=640, completionDate=2025-02-14T23:45:55.628250079Z[Etc/UTC], successful=false, score=7.7, rated=true, submission=SubmissionDTO[id=834, submitted=true, type=MANUAL, exampleSubmission=null, submissionDate=2025-02-14T23:45:54.732007Z, commitHash=9344436f8d5a5ce3aa40215562db211ed501371f, buildFailed=false, buildArtifact=false, participation=ParticipationDTO[id=2039, testRun=false, type=programming, submissionCount=null, exercise=ParticipationExerciseDTO[id=2613, exerciseType=PROGRAMMING, type=programming, assessmentType=AUTOMATIC, dueDate=2025-02-16T23:45:54.546562Z, assessmentDueDate=null, maxPoints=42.0, course=CourseDTO[id=996, accuracyOfScores=1]]], submissionExerciseType=programming, isProcessing=false, buildStartDate=null, estimatedCompletionDate=null], participation=ParticipationDTO[id=2039, testRun=false, type=programming, submissionCount=null, exercise=ParticipationExerciseDTO[id=2613, exerciseType=PROGRAMMING, type=programming, assessmentType=AUTOMATIC, dueDate=2025-02-16T23:45:54.546562Z, assessmentDueDate=null, maxPoints=42.0, course=CourseDTO[id=996, accuracyOfScores=1]]], feedbacks=[FeedbackDTO[id=1024, text=null, detailText=The exercise expects a class with the name Context in the package testpackage. You did not implement the class in the exercise., hasLongFeedbackText=false, reference=null, credits=0.0, positive=false, type=AUTOMATIC, visibility=ALWAYS, testCase=TestCaseDTO[testName=null, id=1513]], FeedbackDTO[id=1025, text=null, detailText=The exercise expects a class with the name Policy in the package testpackage. You did not implement the class in the exercise., hasLongFeedbackText=false, reference=null, credits=0.0, positive=false, type=AUTOMATIC, visibility=ALWAYS, testCase=TestCaseDTO[testName=null, id=1514]], FeedbackDTO[id=1026, text=null, detailText=The exercise expects a class with the name SortStrategy in the package testpackage. You did not implement the class in the exercise., hasLongFeedbackText=false, reference=null, credits=0.0, positive=false, type=AUTOMATIC, visibility=ALWAYS, testCase=TestCaseDTO[testName=null, id=1515]], FeedbackDTO[id=1027, text=null, detailText=The class 'MergeSort' does not implement the interface 'SortStrategy' as expected. Implement the interface and its methods., hasLongFeedbackText=false, reference=null, credits=0.0, positive=false, type=AUTOMATIC, visibility=ALWAYS, testCase=TestCaseDTO[testName=null, id=1510]], FeedbackDTO[id=1028, text=null, detailText=The exercise expects a class with the name SortStrategy in the package testpackage. You did not implement the class in the exercise., hasLongFeedbackText=false, reference=null, credits=0.0, positive=false, type=AUTOMATIC, visibility=ALWAYS, testCase=TestCaseDTO[testName=null, id=1507]], FeedbackDTO[id=1029, text=null, detailText=The class 'BubbleSort' does not implement the interface 'SortStrategy' as expected. Implement the interface and its methods., hasLongFeedbackText=false, reference=null, credits=0.0, positive=false, type=AUTOMATIC, visibility=ALWAYS, testCase=TestCaseDTO[testName=null, id=1511]], FeedbackDTO[id=1030, text=null, detailText=MergeSort does not sort correctly, hasLongFeedbackText=false, reference=null, credits=0.0, positive=false, type=AUTOMATIC, visibility=ALWAYS, testCase=TestCaseDTO[testName=null, id=1516]], FeedbackDTO[id=1031, text=null, detailText=The class 'Context' was not found within the submission. Make sure to implement it properly., hasLongFeedbackText=false, reference=null, credits=0.0, positive=false, type=AUTOMATIC, visibility=ALWAYS, testCase=TestCaseDTO[testName=null, id=1517]], FeedbackDTO[id=1032, text=null, detailText=The class 'Context' was not found within the submission. Make sure to implement it properly., hasLongFeedbackText=false, reference=null, credits=0.0, positive=false, type=AUTOMATIC, visibility=ALWAYS, testCase=TestCaseDTO[testName=null, id=1518]], FeedbackDTO[id=1033, text=null, detailText=The exercise expects a class with the name Policy in the package testpackage. You did not implement the class in the exercise., hasLongFeedbackText=false, reference=null, credits=0.0, positive=false, type=AUTOMATIC, visibility=ALWAYS, testCase=TestCaseDTO[testName=null, id=1512]], FeedbackDTO[id=1034, text=null, detailText=The exercise expects a class with the name Context in the package testpackage. You did not implement the class in the exercise., hasLongFeedbackText=false, reference=null, credits=0.0, positive=false, type=AUTOMATIC, visibility=ALWAYS, testCase=TestCaseDTO[testName=null, id=1508]], FeedbackDTO[id=1035, text=null, detailText=The exercise expects a class with the name Policy in the package testpackage. You did not implement the class in the exercise., hasLongFeedbackText=false, reference=null, credits=0.0, positive=false, type=AUTOMATIC, visibility=ALWAYS, testCase=TestCaseDTO[testName=null, id=1509]], FeedbackDTO[id=1036, text=null, detailText=null, hasLongFeedbackText=false, reference=null, credits=3.230769230769231, positive=true, type=AUTOMATIC, visibility=ALWAYS, testCase=TestCaseDTO[testName=null, id=1519]]], assessmentType=AUTOMATIC, hasComplaint=null, exampleResult=null, testCaseCount=13, passedTestCaseCount=1, codeIssueCount=0]]], publicSshKey=ssh-rsa AAAAB3NzaC1yc2EAAAADAQABAAACAQCOPdMsxRE2jFJ/UEa5/LsBxtwzJcrh3/rYBCQvcMeVpiRfhzQPWu7mrt/G2Ew+i+vRloGH9aqKg6dd1liRncao53Zmd/ePxoatXePNhmzTfkCkcSkTUz7B+QMjkoDDV5jwuFPD6mF3JkhuzSi64n9Zy905t4w2IhVcjM2mL3eYNjiCXt6Qpq3Pkt7dM/Ksw1nxnvuiIALuJLB3FTkXkHqq3PJav+9HSq2r6ZaWgekneaGxlQlb+U+Vy3XOuArKAzK8c8i+0bR+AHiTG6ncYXt7ax3U+TdlDTF7OLP3umwaYjs1NBXOHwG42pevvpKn2fqavZZozk+M05jXLx3bq0O7itxfErWc7etky8qYPyyIMF/txQIVLd78+Ze4d7Y60t5MGbXM5cGE6fFif5fEJwgswXD+BrG0cafz1CTatjSKFdvp8Vp4VszXhHDan1PrP6JEFJ5Cc5GDmLRZPCFa3vL9f5qXgf4bkqKN8MYeEujwJE5nMRWoiJVNakix2bcrrneQMBlnYeYZVWXXXUusAQBzl4NgddC1umZpihZkL1b1MffZAUW3EGEXi7KHnllQhkTLLsQ8ntMgbylqaJKStqaXlLvdeRJcEnUuiFCrHEVVbXRFZR7XVDZ02CE5o3MuaRPty8Kh+jRTF3COlAckHwYEJCNNJvXFgb2CNXL4mjzYDw== test@localhost]
    23:45:55.728 | 566 localvc.event-13 | DEBUG | a.p.s.l.SharedQueueManagementService : Build agent updated: null
    23:45:55.728 | 588 artemis-task-1   | DEBUG | d.t.c.a.a.c.c.w.GzipMessageConverter : Compressed message payload from 255 to 232 (saved 9.0% payload size)
    23:45:55.731 | 566 localvc.event-13 | DEBUG | a.p.s.l.LocalCIQueueWebsocketService : Build agent updated: BuildAgentInformation[buildAgent=BuildAgentDTO[name=artemis-build-agent-test, memberAddress=[127.0.0.1]:5703, displayName=artemis-build-agent-test], maxNumberOfConcurrentBuildJobs=1, numberOfCurrentBuildJobs=0, runningBuildJobs=[], status=IDLE, recentBuildJobs=[BuildJobQueueItem[id=19141739576708030, name=SHORT5F02A8F400311042E70858306EB148073CFDTSTEXC-LOCALVCINTSTUDENT1, buildAgent=BuildAgentDTO[name=artemis-build-agent-test, memberAddress=[127.0.0.1]:5703, displayName=artemis-build-agent-test], participationId=1914, courseId=947, exerciseId=2564, retryCount=0, priority=2, status=FAILED, repositoryInfo=RepositoryInfo[repositoryName=short5f02a8f400311042e70858306eb148073cfdtstexc-localvcintstudent1, repositoryType=user, triggeredByPushTo=user, assignmentRepositoryUri=http://localhost:49152/git/SHORT5F02A8F400311042E70858306EB148073CFDTSTEXC/short5f02a8f400311042e70858306eb148073cfdtstexc-localvcintstudent1.git, testRepositoryUri=http://localhost:49152/git/SHORT5F02A8F400311042E70858306EB148073CFDTSTEXC/short5f02a8f400311042e70858306eb148073cfdtstexc-tests.git, solutionRepositoryUri=null, auxiliaryRepositoryUris=[Ljava.lang.String;@ea3aece, auxiliaryRepositoryCheckoutDirectories=[Ljava.lang.String;@24ad26b8], jobTimingInfo=JobTimingInfo[submissionDate=2025-02-14T23:45:08.030118216Z[Etc/UTC], buildStartDate=2025-02-14T23:45:08.041011412Z[Etc/UTC], buildCompletionDate=2025-02-14T23:45:08.054603331Z[Etc/UTC], estimatedCompletionDate=2025-02-14T23:45:27.041005080Z[Etc/UTC], estimatedDuration=19], buildConfig=BuildConfig[buildScript=#!/bin/bash
cd /var/tmp/testing-dir
chmod +x ./gradlew
./gradlew clean test
, dockerImage=dummy-docker-image:latest, commitHashToBuild=6e7146cac5059504aa9d170ec3fa23aec740bb51, assignmentCommitHash=6e7146cac5059504aa9d170ec3fa23aec740bb51, testCommitHash=931e5303581c7a2f01339ba603cfafbfe668b901, branch=main, programmingLanguage=JAVA, projectType=PLAIN_GRADLE, scaEnabled=false, sequentialTestRunsEnabled=false, resultPaths=[/var/tmp/testing-dir/**/test-results/test/*.xml], timeoutSeconds=0, assignmentCheckoutPath=null, testCheckoutPath=null, solutionCheckoutPath=null, dockerRunConfig=null], submissionResult=ResultDTO[id=622, completionDate=2025-02-14T23:45:08.054683681Z[Etc/UTC], successful=false, score=0.0, rated=true, submission=SubmissionDTO[id=814, submitted=true, type=MANUAL, exampleSubmission=null, submissionDate=2025-02-14T23:45:08.016200Z, commitHash=6e7146cac5059504aa9d170ec3fa23aec740bb51, buildFailed=true, buildArtifact=false, participation=ParticipationDTO[id=1914, testRun=false, type=programming, submissionCount=null, exercise=ParticipationExerciseDTO[id=2564, exerciseType=PROGRAMMING, type=programming, assessmentType=AUTOMATIC, dueDate=2025-02-16T23:45:07.324348Z, assessmentDueDate=null, maxPoints=42.0, course=CourseDTO[id=947, accuracyOfScores=1]]], submissionExerciseType=programming, isProcessing=false, buildStartDate=null, estimatedCompletionDate=null], participation=ParticipationDTO[id=1914, testRun=false, type=programming, submissionCount=null, exercise=ParticipationExerciseDTO[id=2564, exerciseType=PROGRAMMING, type=programming, assessmentType=AUTOMATIC, dueDate=2025-02-16T23:45:07.324348Z, assessmentDueDate=null, maxPoints=42.0, course=CourseDTO[id=947, accuracyOfScores=1]]], feedbacks=[], assessmentType=AUTOMATIC, hasComplaint=null, exampleResult=null, testCaseCount=0, passedTestCaseCount=0, codeIssueCount=0]], BuildJobQueueItem[id=19361739576711303, name=SHORT9AFDAE3804CA304DDF0889A0CB0F56104A86TSTEXC-LOCALVCINTSTUDENT1, buildAgent=BuildAgentDTO[name=artemis-build-agent-test, memberAddress=[127.0.0.1]:5703, displayName=artemis-build-agent-test], participationId=1936, courseId=956, exerciseId=2573, retryCount=0, priority=2, status=FAILED, repositoryInfo=RepositoryInfo[repositoryName=short9afdae3804ca304ddf0889a0cb0f56104a86tstexc-localvcintstudent1, repositoryType=user, triggeredByPushTo=user, assignmentRepositoryUri=http://localhost:49152/git/SHORT9AFDAE3804CA304DDF0889A0CB0F56104A86TSTEXC/short9afdae3804ca304ddf0889a0cb0f56104a86tstexc-localvcintstudent1.git, testRepositoryUri=http://localhost:49152/git/SHORT9AFDAE3804CA304DDF0889A0CB0F56104A86TSTEXC/short9afdae3804ca304ddf0889a0cb0f56104a86tstexc-tests.git, solutionRepositoryUri=null, auxiliaryRepositoryUris=[Ljava.lang.String;@570e0b03, auxiliaryRepositoryCheckoutDirectories=[Ljava.lang.String;@31e500c9], jobTimingInfo=JobTimingInfo[submissionDate=2025-02-14T23:45:11.303805653Z[Etc/UTC], buildStartDate=2025-02-14T23:45:11.310981356Z[Etc/UTC], buildCompletionDate=2025-02-14T23:45:11.319178384Z[Etc/UTC], estimatedCompletionDate=2025-02-14T23:45:30.310974944Z[Etc/UTC], estimatedDuration=19], buildConfig=BuildConfig[buildScript=#!/bin/bash
cd /var/tmp/testing-dir
chmod +x ./gradlew
./gradlew clean test
, dockerImage=dummy-docker-image:latest, commitHashToBuild=a1099e378cffde441ef85f9b12577ca174b8e1e4, assignmentCommitHash=a1099e378cffde441ef85f9b12577ca174b8e1e4, testCommitHash=bd38d61c299ab11a1dea82a3ca5493fe04d97d47, branch=main, programmingLanguage=JAVA, projectType=PLAIN_GRADLE, scaEnabled=false, sequentialTestRunsEnabled=false, resultPaths=[/var/tmp/testing-dir/**/test-results/test/*.xml], timeoutSeconds=0, assignmentCheckoutPath=null, testCheckoutPath=null, solutionCheckoutPath=null, dockerRunConfig=null], submissionResult=ResultDTO[id=623, completionDate=2025-02-14T23:45:11.319278430Z[Etc/UTC], successful=false, score=0.0, rated=true, submission=SubmissionDTO[id=815, submitted=true, type=MANUAL, exampleSubmission=null, submissionDate=2025-02-14T23:45:11.294386Z, commitHash=a1099e378cffde441ef85f9b12577ca174b8e1e4, buildFailed=true, buildArtifact=false, participation=ParticipationDTO[id=1936, testRun=false, type=programming, submissionCount=null, exercise=ParticipationExerciseDTO[id=2573, exerciseType=PROGRAMMING, type=programming, assessmentType=AUTOMATIC, dueDate=2025-02-16T23:45:10.996982Z, assessmentDueDate=null, maxPoints=42.0, course=CourseDTO[id=956, accuracyOfScores=1]]], submissionExerciseType=programming, isProcessing=false, buildStartDate=null, estimatedCompletionDate=null], participation=ParticipationDTO[id=1936, testRun=false, type=programming, submissionCount=null, exercise=ParticipationExerciseDTO[id=2573, exerciseType=PROGRAMMING, type=programming, assessmentType=AUTOMATIC, dueDate=2025-02-16T23:45:10.996982Z, assessmentDueDate=null, maxPoints=42.0, course=CourseDTO[id=956, accuracyOfScores=1]]], feedbacks=[], assessmentType=AUTOMATIC, hasComplaint=null, exampleResult=null, testCaseCount=0, passedTestCaseCount=0, codeIssueCount=0]], BuildJobQueueItem[id=19351739576711674, name=SHORT9AFDAE3804CA304DDF0889A0CB0F56104A86TSTEXC-BASE, buildAgent=BuildAgentDTO[name=artemis-build-agent-test, memberAddress=[127.0.0.1]:5703, displayName=artemis-build-agent-test], participationId=1935, courseId=956, exerciseId=2573, retryCount=0, priority=2, status=FAILED, repositoryInfo=RepositoryInfo[repositoryName=short9afdae3804ca304ddf0889a0cb0f56104a86tstexc-exercise, repositoryType=exercise, triggeredByPushTo=exercise, assignmentRepositoryUri=http://localhost:49152/git/SHORT9AFDAE3804CA304DDF0889A0CB0F56104A86TSTEXC/short9afdae3804ca304ddf0889a0cb0f56104a86tstexc-exercise.git, testRepositoryUri=http://localhost:49152/git/SHORT9AFDAE3804CA304DDF0889A0CB0F56104A86TSTEXC/short9afdae3804ca304ddf0889a0cb0f56104a86tstexc-tests.git, solutionRepositoryUri=null, auxiliaryRepositoryUris=[Ljava.lang.String;@22230de5, auxiliaryRepositoryCheckoutDirectories=[Ljava.lang.String;@6f7677ff], jobTimingInfo=JobTimingInfo[submissionDate=2025-02-14T23:45:11.674556681Z[Etc/UTC], buildStartDate=2025-02-14T23:45:11.677776879Z[Etc/UTC], buildCompletionDate=2025-02-14T23:45:11.688097378Z[Etc/UTC], estimatedCompletionDate=2025-02-14T23:45:30.677771620Z[Etc/UTC], estimatedDuration=19], buildConfig=BuildConfig[buildScript=#!/bin/bash
cd /var/tmp/testing-dir
chmod +x ./gradlew
./gradlew clean test
, dockerImage=dummy-docker-image:latest, commitHashToBuild=a1099e378cffde441ef85f9b12577ca174b8e1e4, assignmentCommitHash=a1099e378cffde441ef85f9b12577ca174b8e1e4, testCommitHash=bd38d61c299ab11a1dea82a3ca5493fe04d97d47, branch=main, programmingLanguage=JAVA, projectType=PLAIN_GRADLE, scaEnabled=false, sequentialTestRunsEnabled=false, resultPaths=[/var/tmp/testing-dir/**/test-results/test/*.xml], timeoutSeconds=0, assignmentCheckoutPath=null, testCheckoutPath=null, solutionCheckoutPath=null, dockerRunConfig=null], submissionResult=ResultDTO[id=624, completionDate=2025-02-14T23:45:11.688214837Z[Etc/UTC], successful=false, score=0.0, rated=true, submission=SubmissionDTO[id=816, submitted=true, type=MANUAL, exampleSubmission=null, submissionDate=2025-02-14T23:45:11.656934Z, commitHash=a1099e378cffde441ef85f9b12577ca174b8e1e4, buildFailed=true, buildArtifact=false, participation=ParticipationDTO[id=1935, testRun=false, type=template, submissionCount=null, exercise=ParticipationExerciseDTO[id=2573, exerciseType=PROGRAMMING, type=programming, assessmentType=AUTOMATIC, dueDate=2025-02-16T23:45:10.996982Z, assessmentDueDate=null, maxPoints=42.0, course=CourseDTO[id=956, accuracyOfScores=1]]], submissionExerciseType=programming, isProcessing=false, buildStartDate=null, estimatedCompletionDate=null], participation=ParticipationDTO[id=1935, testRun=false, type=template, submissionCount=null, exercise=ParticipationExerciseDTO[id=2573, exerciseType=PROGRAMMING, type=programming, assessmentType=AUTOMATIC, dueDate=2025-02-16T23:45:10.996982Z, assessmentDueDate=null, maxPoints=42.0, course=CourseDTO[id=956, accuracyOfScores=1]]], feedbacks=[], assessmentType=AUTOMATIC, hasComplaint=null, exampleResult=null, testCaseCount=0, passedTestCaseCount=0, codeIssueCount=0]], BuildJobQueueItem[id=19341739576712112, name=SHORT9AFDAE3804CA304DDF0889A0CB0F56104A86TSTEXC-SOLUTION, buildAgent=BuildAgentDTO[name=artemis-build-agent-test, memberAddress=[127.0.0.1]:5703, displayName=artemis-build-agent-test], participationId=1934, courseId=956, exerciseId=2573, retryCount=0, priority=2, status=FAILED, repositoryInfo=RepositoryInfo[repositoryName=short9afdae3804ca304ddf0889a0cb0f56104a86tstexc-solution, repositoryType=solution, triggeredByPushTo=solution, assignmentRepositoryUri=http://localhost:49152/git/SHORT9AFDAE3804CA304DDF0889A0CB0F56104A86TSTEXC/short9afdae3804ca304ddf0889a0cb0f56104a86tstexc-solution.git, testRepositoryUri=http://localhost:49152/git/SHORT9AFDAE3804CA304DDF0889A0CB0F56104A86TSTEXC/short9afdae3804ca304ddf0889a0cb0f56104a86tstexc-tests.git, solutionRepositoryUri=null, auxiliaryRepositoryUris=[Ljava.lang.String;@48872f01, auxiliaryRepositoryCheckoutDirectories=[Ljava.lang.String;@517d8d90], jobTimingInfo=JobTimingInfo[submissionDate=2025-02-14T23:45:12.112332872Z[Etc/UTC], buildStartDate=2025-02-14T23:45:12.121617114Z[Etc/UTC], buildCompletionDate=2025-02-14T23:45:12.127931701Z[Etc/UTC], estimatedCompletionDate=2025-02-14T23:45:31.121609600Z[Etc/UTC], estimatedDuration=19], buildConfig=BuildConfig[buildScript=#!/bin/bash
cd /var/tmp/testing-dir
chmod +x ./gradlew
./gradlew clean test
, dockerImage=dummy-docker-image:latest, commitHashToBuild=a1099e378cffde441ef85f9b12577ca174b8e1e4, assignmentCommitHash=a1099e378cffde441ef85f9b12577ca174b8e1e4, testCommitHash=bd38d61c299ab11a1dea82a3ca5493fe04d97d47, branch=main, programmingLanguage=JAVA, projectType=PLAIN_GRADLE, scaEnabled=false, sequentialTestRunsEnabled=false, resultPaths=[/var/tmp/testing-dir/**/test-results/test/*.xml], timeoutSeconds=0, assignmentCheckoutPath=null, testCheckoutPath=null, solutionCheckoutPath=null, dockerRunConfig=null], submissionResult=ResultDTO[id=625, completionDate=2025-02-14T23:45:12.128011800Z[Etc/UTC], successful=false, score=0.0, rated=true, submission=SubmissionDTO[id=817, submitted=true, type=MANUAL, exampleSubmission=null, submissionDate=2025-02-14T23:45:12.098737Z, commitHash=a1099e378cffde441ef85f9b12577ca174b8e1e4, buildFailed=true, buildArtifact=false, participation=ParticipationDTO[id=1934, testRun=false, type=solution, submissionCount=null, exercise=ParticipationExerciseDTO[id=2573, exerciseType=PROGRAMMING, type=programming, assessmentType=AUTOMATIC, dueDate=2025-02-16T23:45:10.996982Z, assessmentDueDate=null, maxPoints=42.0, course=CourseDTO[id=956, accuracyOfScores=1]]], submissionExerciseType=programming, isProcessing=false, buildStartDate=null, estimatedCompletionDate=null], participation=ParticipationDTO[id=1934, testRun=false, type=solution, submissionCount=null, exercise=ParticipationExerciseDTO[id=2573, exerciseType=PROGRAMMING, type=programming, assessmentType=AUTOMATIC, dueDate=2025-02-16T23:45:10.996982Z, assessmentDueDate=null, maxPoints=42.0, course=CourseDTO[id=956, accuracyOfScores=1]]], feedbacks=[], assessmentType=AUTOMATIC, hasComplaint=null, exampleResult=null, testCaseCount=0, passedTestCaseCount=0, codeIssueCount=0]], BuildJobQueueItem[id=19341739576713025, name=SHORT9AFDAE3804CA304DDF0889A0CB0F56104A86TSTEXC-SOLUTION, buildAgent=BuildAgentDTO[name=artemis-build-agent-test, memberAddress=[127.0.0.1]:5703, displayName=artemis-build-agent-test], participationId=1934, courseId=956, exerciseId=2573, retryCount=0, priority=2, status=FAILED, repositoryInfo=RepositoryInfo[repositoryName=short9afdae3804ca304ddf0889a0cb0f56104a86tstexc-solution, repositoryType=solution, triggeredByPushTo=tests, assignmentRepositoryUri=http://localhost:49152/git/SHORT9AFDAE3804CA304DDF0889A0CB0F56104A86TSTEXC/short9afdae3804ca304ddf0889a0cb0f56104a86tstexc-solution.git, testRepositoryUri=http://localhost:49152/git/SHORT9AFDAE3804CA304DDF0889A0CB0F56104A86TSTEXC/short9afdae3804ca304ddf0889a0cb0f56104a86tstexc-tests.git, solutionRepositoryUri=null, auxiliaryRepositoryUris=[Ljava.lang.String;@6b0bee7f, auxiliaryRepositoryCheckoutDirectories=[Ljava.lang.String;@379ea56e], jobTimingInfo=JobTimingInfo[submissionDate=2025-02-14T23:45:13.025319671Z[Etc/UTC], buildStartDate=2025-02-14T23:45:13.040293146Z[Etc/UTC], buildCompletionDate=2025-02-14T23:45:13.053032917Z[Etc/UTC], estimatedCompletionDate=2025-02-14T23:45:32.040285703Z[Etc/UTC], estimatedDuration=19], buildConfig=BuildConfig[buildScript=#!/bin/bash
cd /var/tmp/testing-dir
chmod +x ./gradlew
./gradlew clean test
, dockerImage=dummy-docker-image:latest, commitHashToBuild=784f8f0049d2a1a54f21c67dd772bea86715267a, assignmentCommitHash=a1099e378cffde441ef85f9b12577ca174b8e1e4, testCommitHash=784f8f0049d2a1a54f21c67dd772bea86715267a, branch=main, programmingLanguage=JAVA, projectType=PLAIN_GRADLE, scaEnabled=false, sequentialTestRunsEnabled=false, resultPaths=[/var/tmp/testing-dir/**/test-results/test/*.xml], timeoutSeconds=0, assignmentCheckoutPath=null, testCheckoutPath=null, solutionCheckoutPath=null, dockerRunConfig=null], submissionResult=ResultDTO[id=626, completionDate=2025-02-14T23:45:13.053131811Z[Etc/UTC], successful=false, score=0.0, rated=true, submission=SubmissionDTO[id=818, submitted=true, type=TEST, exampleSubmission=null, submissionDate=2025-02-14T23:45:13.005779Z, commitHash=784f8f0049d2a1a54f21c67dd772bea86715267a, buildFailed=true, buildArtifact=false, participation=ParticipationDTO[id=1934, testRun=false, type=solution, submissionCount=null, exercise=ParticipationExerciseDTO[id=2573, exerciseType=PROGRAMMING, type=programming, assessmentType=AUTOMATIC, dueDate=2025-02-16T23:45:10.996982Z, assessmentDueDate=null, maxPoints=42.0, course=CourseDTO[id=956, accuracyOfScores=1]]], submissionExerciseType=programming, isProcessing=false, buildStartDate=null, estimatedCompletionDate=null], participation=ParticipationDTO[id=1934, testRun=false, type=solution, submissionCount=null, exercise=ParticipationExerciseDTO[id=2573, exerciseType=PROGRAMMING, type=programming, assessmentType=AUTOMATIC, dueDate=2025-02-16T23:45:10.996982Z, assessmentDueDate=null, maxPoints=42.0, course=CourseDTO[id=956, accuracyOfScores=1]]], feedbacks=[], assessmentType=AUTOMATIC, hasComplaint=null, exampleResult=null, testCaseCount=0, passedTestCaseCount=0, codeIssueCount=0]], BuildJobQueueItem[id=19581739576715555, name=SHORTC1A3F9FC03D2304B4308FA20AF16D54AAA49TSTEXC-LOCALVCSSHINTSTUDENT1, buildAgent=BuildAgentDTO[name=artemis-build-agent-test, memberAddress=[127.0.0.1]:5703, displayName=artemis-build-agent-test], participationId=1958, courseId=965, exerciseId=2582, retryCount=0, priority=2, status=FAILED, repositoryInfo=RepositoryInfo[repositoryName=shortc1a3f9fc03d2304b4308fa20af16d54aaa49tstexc-localvcsshintstudent1, repositoryType=user, triggeredByPushTo=user, assignmentRepositoryUri=http://localhost:49152/git/SHORTC1A3F9FC03D2304B4308FA20AF16D54AAA49TSTEXC/shortc1a3f9fc03d2304b4308fa20af16d54aaa49tstexc-localvcsshintstudent1.git, testRepositoryUri=http://localhost:49152/git/SHORTC1A3F9FC03D2304B4308FA20AF16D54AAA49TSTEXC/shortc1a3f9fc03d2304b4308fa20af16d54aaa49tstexc-tests.git, solutionRepositoryUri=null, auxiliaryRepositoryUris=[Ljava.lang.String;@46107bbb, auxiliaryRepositoryCheckoutDirectories=[Ljava.lang.String;@7bbc6fe4], jobTimingInfo=JobTimingInfo[submissionDate=2025-02-14T23:45:15.555989584Z[Etc/UTC], buildStartDate=2025-02-14T23:45:15.568477627Z[Etc/UTC], buildCompletionDate=2025-02-14T23:45:15.579021148Z[Etc/UTC], estimatedCompletionDate=2025-02-14T23:45:34.568443924Z[Etc/UTC], estimatedDuration=19], buildConfig=BuildConfig[buildScript=#!/bin/bash
cd /var/tmp/testing-dir
chmod +x ./gradlew
./gradlew clean test
, dockerImage=dummy-docker-image:latest, commitHashToBuild=ca76dac20e040e6609db02fd7fedd56bf58829d7, assignmentCommitHash=ca76dac20e040e6609db02fd7fedd56bf58829d7, testCommitHash=bd0d58c226dc63bfa4bc9052870589952c0a1f83, branch=main, programmingLanguage=JAVA, projectType=PLAIN_GRADLE, scaEnabled=false, sequentialTestRunsEnabled=false, resultPaths=[/var/tmp/testing-dir/**/test-results/test/*.xml], timeoutSeconds=0, assignmentCheckoutPath=null, testCheckoutPath=null, solutionCheckoutPath=null, dockerRunConfig=null], submissionResult=ResultDTO[id=627, completionDate=2025-02-14T23:45:15.579119131Z[Etc/UTC], successful=false, score=0.0, rated=true, submission=SubmissionDTO[id=820, submitted=true, type=MANUAL, exampleSubmission=null, submissionDate=2025-02-14T23:45:15.548349Z, commitHash=ca76dac20e040e6609db02fd7fedd56bf58829d7, buildFailed=true, buildArtifact=false, participation=ParticipationDTO[id=1958, testRun=false, type=programming, submissionCount=null, exercise=ParticipationExerciseDTO[id=2582, exerciseType=PROGRAMMING, type=programming, assessmentType=AUTOMATIC, dueDate=2025-02-16T23:45:15.103512Z, assessmentDueDate=null, maxPoints=42.0, course=CourseDTO[id=965, accuracyOfScores=1]]], submissionExerciseType=programming, isProcessing=false, buildStartDate=null, estimatedCompletionDate=null], participation=ParticipationDTO[id=1958, testRun=false, type=programming, submissionCount=null, exercise=ParticipationExerciseDTO[id=2582, exerciseType=PROGRAMMING, type=programming, assessmentType=AUTOMATIC, dueDate=2025-02-16T23:45:15.103512Z, assessmentDueDate=null, maxPoints=42.0, course=CourseDTO[id=965, accuracyOfScores=1]]], feedbacks=[], assessmentType=AUTOMATIC, hasComplaint=null, exampleResult=null, testCaseCount=0, passedTestCaseCount=0, codeIssueCount=0]], BuildJobQueueItem[id=19801739576719393, name=SHORTB2A6C58B0D447045380A858075B170A5B7C6TSTEXC-LOCALVCSSHINTSTUDENT1, buildAgent=BuildAgentDTO[name=artemis-build-agent-test, memberAddress=[127.0.0.1]:5703, displayName=artemis-build-agent-test], participationId=1980, courseId=974, exerciseId=2591, retryCount=0, priority=2, status=FAILED, repositoryInfo=RepositoryInfo[repositoryName=shortb2a6c58b0d447045380a858075b170a5b7c6tstexc-localvcsshintstudent1, repositoryType=user, triggeredByPushTo=user, assignmentRepositoryUri=http://localhost:49152/git/SHORTB2A6C58B0D447045380A858075B170A5B7C6TSTEXC/shortb2a6c58b0d447045380a858075b170a5b7c6tstexc-localvcsshintstudent1.git, testRepositoryUri=http://localhost:49152/git/SHORTB2A6C58B0D447045380A858075B170A5B7C6TSTEXC/shortb2a6c58b0d447045380a858075b170a5b7c6tstexc-tests.git, solutionRepositoryUri=null, auxiliaryRepositoryUris=[Ljava.lang.String;@4ff01efa, auxiliaryRepositoryCheckoutDirectories=[Ljava.lang.String;@d8767bf], jobTimingInfo=JobTimingInfo[submissionDate=2025-02-14T23:45:19.393259829Z[Etc/UTC], buildStartDate=2025-02-14T23:45:19.405438171Z[Etc/UTC], buildCompletionDate=2025-02-14T23:45:19.414070673Z[Etc/UTC], estimatedCompletionDate=2025-02-14T23:45:38.405431569Z[Etc/UTC], estimatedDuration=19], buildConfig=BuildConfig[buildScript=#!/bin/bash
cd /var/tmp/testing-dir
chmod +x ./gradlew
./gradlew clean test
, dockerImage=dummy-docker-image:latest, commitHashToBuild=363cdbf709a9fff149f813ab848ee800a675cc77, assignmentCommitHash=363cdbf709a9fff149f813ab848ee800a675cc77, testCommitHash=a5e046ece417b2e538f21f816e2524dab61e0d10, branch=main, programmingLanguage=JAVA, projectType=PLAIN_GRADLE, scaEnabled=false, sequentialTestRunsEnabled=false, resultPaths=[/var/tmp/testing-dir/**/test-results/test/*.xml], timeoutSeconds=0, assignmentCheckoutPath=null, testCheckoutPath=null, solutionCheckoutPath=null, dockerRunConfig=null], submissionResult=ResultDTO[id=628, completionDate=2025-02-14T23:45:19.414171040Z[Etc/UTC], successful=false, score=0.0, rated=true, submission=SubmissionDTO[id=821, submitted=true, type=MANUAL, exampleSubmission=null, submissionDate=2025-02-14T23:45:19.376840Z, commitHash=363cdbf709a9fff149f813ab848ee800a675cc77, buildFailed=true, buildArtifact=false, participation=ParticipationDTO[id=1980, testRun=false, type=programming, submissionCount=null, exercise=ParticipationExerciseDTO[id=2591, exerciseType=PROGRAMMING, type=programming, assessmentType=AUTOMATIC, dueDate=2025-02-16T23:45:18.950569Z, assessmentDueDate=null, maxPoints=42.0, course=CourseDTO[id=974, accuracyOfScores=1]]], submissionExerciseType=programming, isProcessing=false, buildStartDate=null, estimatedCompletionDate=null], participation=ParticipationDTO[id=1980, testRun=false, type=programming, submissionCount=null, exercise=ParticipationExerciseDTO[id=2591, exerciseType=PROGRAMMING, type=programming, assessmentType=AUTOMATIC, dueDate=2025-02-16T23:45:18.950569Z, assessmentDueDate=null, maxPoints=42.0, course=CourseDTO[id=974, accuracyOfScores=1]]], feedbacks=[], assessmentType=AUTOMATIC, hasComplaint=null, exampleResult=null, testCaseCount=0, passedTestCaseCount=0, codeIssueCount=0]], BuildJobQueueItem[id=19791739576719787, name=SHORTB2A6C58B0D447045380A858075B170A5B7C6TSTEXC-BASE, buildAgent=BuildAgentDTO[name=artemis-build-agent-test, memberAddress=[127.0.0.1]:5703, displayName=artemis-build-agent-test], participationId=1979, courseId=974, exerciseId=2591, retryCount=0, priority=2, status=FAILED, repositoryInfo=RepositoryInfo[repositoryName=shortb2a6c58b0d447045380a858075b170a5b7c6tstexc-exercise, repositoryType=exercise, triggeredByPushTo=exercise, assignmentRepositoryUri=http://localhost:49152/git/SHORTB2A6C58B0D447045380A858075B170A5B7C6TSTEXC/shortb2a6c58b0d447045380a858075b170a5b7c6tstexc-exercise.git, testRepositoryUri=http://localhost:49152/git/SHORTB2A6C58B0D447045380A858075B170A5B7C6TSTEXC/shortb2a6c58b0d447045380a858075b170a5b7c6tstexc-tests.git, solutionRepositoryUri=null, auxiliaryRepositoryUris=[Ljava.lang.String;@488f0817, auxiliaryRepositoryCheckoutDirectories=[Ljava.lang.String;@50549dad], jobTimingInfo=JobTimingInfo[submissionDate=2025-02-14T23:45:19.787985058Z[Etc/UTC], buildStartDate=2025-02-14T23:45:19.796327417Z[Etc/UTC], buildCompletionDate=2025-02-14T23:45:19.799750982Z[Etc/UTC], estimatedCompletionDate=2025-02-14T23:45:38.796319082Z[Etc/UTC], estimatedDuration=19], buildConfig=BuildConfig[buildScript=#!/bin/bash
cd /var/tmp/testing-dir
chmod +x ./gradlew
./gradlew clean test
, dockerImage=dummy-docker-image:latest, commitHashToBuild=363cdbf709a9fff149f813ab848ee800a675cc77, assignmentCommitHash=363cdbf709a9fff149f813ab848ee800a675cc77, testCommitHash=a5e046ece417b2e538f21f816e2524dab61e0d10, branch=main, programmingLanguage=JAVA, projectType=PLAIN_GRADLE, scaEnabled=false, sequentialTestRunsEnabled=false, resultPaths=[/var/tmp/testing-dir/**/test-results/test/*.xml], timeoutSeconds=0, assignmentCheckoutPath=null, testCheckoutPath=null, solutionCheckoutPath=null, dockerRunConfig=null], submissionResult=ResultDTO[id=629, completionDate=2025-02-14T23:45:19.799820341Z[Etc/UTC], successful=false, score=0.0, rated=true, submission=SubmissionDTO[id=822, submitted=true, type=MANUAL, exampleSubmission=null, submissionDate=2025-02-14T23:45:19.775952Z, commitHash=363cdbf709a9fff149f813ab848ee800a675cc77, buildFailed=true, buildArtifact=false, participation=ParticipationDTO[id=1979, testRun=false, type=template, submissionCount=null, exercise=ParticipationExerciseDTO[id=2591, exerciseType=PROGRAMMING, type=programming, assessmentType=AUTOMATIC, dueDate=2025-02-16T23:45:18.950569Z, assessmentDueDate=null, maxPoints=42.0, course=CourseDTO[id=974, accuracyOfScores=1]]], submissionExerciseType=programming, isProcessing=false, buildStartDate=null, estimatedCompletionDate=null], participation=ParticipationDTO[id=1979, testRun=false, type=template, submissionCount=null, exercise=ParticipationExerciseDTO[id=2591, exerciseType=PROGRAMMING, type=programming, assessmentType=AUTOMATIC, dueDate=2025-02-16T23:45:18.950569Z, assessmentDueDate=null, maxPoints=42.0, course=CourseDTO[id=974, accuracyOfScores=1]]], feedbacks=[], assessmentType=AUTOMATIC, hasComplaint=null, exampleResult=null, testCaseCount=0, passedTestCaseCount=0, codeIssueCount=0]], BuildJobQueueItem[id=19781739576720235, name=SHORTB2A6C58B0D447045380A858075B170A5B7C6TSTEXC-SOLUTION, buildAgent=BuildAgentDTO[name=artemis-build-agent-test, memberAddress=[127.0.0.1]:5703, displayName=artemis-build-agent-test], participationId=1978, courseId=974, exerciseId=2591, retryCount=0, priority=2, status=FAILED, repositoryInfo=RepositoryInfo[repositoryName=shortb2a6c58b0d447045380a858075b170a5b7c6tstexc-solution, repositoryType=solution, triggeredByPushTo=solution, assignmentRepositoryUri=http://localhost:49152/git/SHORTB2A6C58B0D447045380A858075B170A5B7C6TSTEXC/shortb2a6c58b0d447045380a858075b170a5b7c6tstexc-solution.git, testRepositoryUri=http://localhost:49152/git/SHORTB2A6C58B0D447045380A858075B170A5B7C6TSTEXC/shortb2a6c58b0d447045380a858075b170a5b7c6tstexc-tests.git, solutionRepositoryUri=null, auxiliaryRepositoryUris=[Ljava.lang.String;@1f1c4e93, auxiliaryRepositoryCheckoutDirectories=[Ljava.lang.String;@29907850], jobTimingInfo=JobTimingInfo[submissionDate=2025-02-14T23:45:20.235272325Z[Etc/UTC], buildStartDate=2025-02-14T23:45:20.243033812Z[Etc/UTC], buildCompletionDate=2025-02-14T23:45:20.250721018Z[Etc/UTC], estimatedCompletionDate=2025-02-14T23:45:39.243026949Z[Etc/UTC], estimatedDuration=19], buildConfig=BuildConfig[buildScript=#!/bin/bash
cd /var/tmp/testing-dir
chmod +x ./gradlew
./gradlew clean test
, dockerImage=dummy-docker-image:latest, commitHashToBuild=c710d0e68c9c7db8cda7d1a278308de2b9642cc0, assignmentCommitHash=c710d0e68c9c7db8cda7d1a278308de2b9642cc0, testCommitHash=a5e046ece417b2e538f21f816e2524dab61e0d10, branch=main, programmingLanguage=JAVA, projectType=PLAIN_GRADLE, scaEnabled=false, sequentialTestRunsEnabled=false, resultPaths=[/var/tmp/testing-dir/**/test-results/test/*.xml], timeoutSeconds=0, assignmentCheckoutPath=null, testCheckoutPath=null, solutionCheckoutPath=null, dockerRunConfig=null], submissionResult=ResultDTO[id=630, completionDate=2025-02-14T23:45:20.250809893Z[Etc/UTC], successful=false, score=0.0, rated=true, submission=SubmissionDTO[id=823, submitted=true, type=MANUAL, exampleSubmission=null, submissionDate=2025-02-14T23:45:20.211707Z, commitHash=c710d0e68c9c7db8cda7d1a278308de2b9642cc0, buildFailed=true, buildArtifact=false, participation=ParticipationDTO[id=1978, testRun=false, type=solution, submissionCount=null, exercise=ParticipationExerciseDTO[id=2591, exerciseType=PROGRAMMING, type=programming, assessmentType=AUTOMATIC, dueDate=2025-02-16T23:45:18.950569Z, assessmentDueDate=null, maxPoints=42.0, course=CourseDTO[id=974, accuracyOfScores=1]]], submissionExerciseType=programming, isProcessing=false, buildStartDate=null, estimatedCompletionDate=null], participation=ParticipationDTO[id=1978, testRun=false, type=solution, submissionCount=null, exercise=ParticipationExerciseDTO[id=2591, exerciseType=PROGRAMMING, type=programming, assessmentType=AUTOMATIC, dueDate=2025-02-16T23:45:18.950569Z, assessmentDueDate=null, maxPoints=42.0, course=CourseDTO[id=974, accuracyOfScores=1]]], feedbacks=[], assessmentType=AUTOMATIC, hasComplaint=null, exampleResult=null, testCaseCount=0, passedTestCaseCount=0, codeIssueCount=0]], BuildJobQueueItem[id=19781739576720802, name=SHORTB2A6C58B0D447045380A858075B170A5B7C6TSTEXC-SOLUTION, buildAgent=BuildAgentDTO[name=artemis-build-agent-test, memberAddress=[127.0.0.1]:5703, displayName=artemis-build-agent-test], participationId=1978, courseId=974, exerciseId=2591, retryCount=0, priority=2, status=FAILED, repositoryInfo=RepositoryInfo[repositoryName=shortb2a6c58b0d447045380a858075b170a5b7c6tstexc-solution, repositoryType=solution, triggeredByPushTo=tests, assignmentRepositoryUri=http://localhost:49152/git/SHORTB2A6C58B0D447045380A858075B170A5B7C6TSTEXC/shortb2a6c58b0d447045380a858075b170a5b7c6tstexc-solution.git, testRepositoryUri=http://localhost:49152/git/SHORTB2A6C58B0D447045380A858075B170A5B7C6TSTEXC/shortb2a6c58b0d447045380a858075b170a5b7c6tstexc-tests.git, solutionRepositoryUri=null, auxiliaryRepositoryUris=[Ljava.lang.String;@19ef12c5, auxiliaryRepositoryCheckoutDirectories=[Ljava.lang.String;@6d225da0], jobTimingInfo=JobTimingInfo[submissionDate=2025-02-14T23:45:20.802935026Z[Etc/UTC], buildStartDate=2025-02-14T23:45:20.809306435Z[Etc/UTC], buildCompletionDate=2025-02-14T23:45:20.822452342Z[Etc/UTC], estimatedCompletionDate=2025-02-14T23:45:39.809298491Z[Etc/UTC], estimatedDuration=19], buildConfig=BuildConfig[buildScript=#!/bin/bash
cd /var/tmp/testing-dir
chmod +x ./gradlew
./gradlew clean test
, dockerImage=dummy-docker-image:latest, commitHashToBuild=c710d0e68c9c7db8cda7d1a278308de2b9642cc0, assignmentCommitHash=c710d0e68c9c7db8cda7d1a278308de2b9642cc0, testCommitHash=c710d0e68c9c7db8cda7d1a278308de2b9642cc0, branch=main, programmingLanguage=JAVA, projectType=PLAIN_GRADLE, scaEnabled=false, sequentialTestRunsEnabled=false, resultPaths=[/var/tmp/testing-dir/**/test-results/test/*.xml], timeoutSeconds=0, assignmentCheckoutPath=null, testCheckoutPath=null, solutionCheckoutPath=null, dockerRunConfig=null], submissionResult=ResultDTO[id=631, completionDate=2025-02-14T23:45:20.822527362Z[Etc/UTC], successful=false, score=0.0, rated=true, submission=SubmissionDTO[id=824, submitted=true, type=TEST, exampleSubmission=null, submissionDate=2025-02-14T23:45:20.791240Z, commitHash=c710d0e68c9c7db8cda7d1a278308de2b9642cc0, buildFailed=true, buildArtifact=false, participation=ParticipationDTO[id=1978, testRun=false, type=solution, submissionCount=null, exercise=ParticipationExerciseDTO[id=2591, exerciseType=PROGRAMMING, type=programming, assessmentType=AUTOMATIC, dueDate=2025-02-16T23:45:18.950569Z, assessmentDueDate=null, maxPoints=42.0, course=CourseDTO[id=974, accuracyOfScores=1]]], submissionExerciseType=programming, isProcessing=false, buildStartDate=null, estimatedCompletionDate=null], participation=ParticipationDTO[id=1978, testRun=false, type=solution, submissionCount=null, exercise=ParticipationExerciseDTO[id=2591, exerciseType=PROGRAMMING, type=programming, assessmentType=AUTOMATIC, dueDate=2025-02-16T23:45:18.950569Z, assessmentDueDate=null, maxPoints=42.0, course=CourseDTO[id=974, accuracyOfScores=1]]], feedbacks=[], assessmentType=AUTOMATIC, hasComplaint=null, exampleResult=null, testCaseCount=0, passedTestCaseCount=0, codeIssueCount=0]], BuildJobQueueItem[id=20061739576732554, name=SHORT94A899E303D7504C5D0840704DAAFA3DFF4DTSTEXC-LOCALVCCIINTINSTRUCTOR1, buildAgent=BuildAgentDTO[name=artemis-build-agent-test, memberAddress=[127.0.0.1]:5703, displayName=artemis-build-agent-test], participationId=2006, courseId=984, exerciseId=2601, retryCount=0, priority=2, status=SUCCESSFUL, repositoryInfo=RepositoryInfo[repositoryName=short94a899e303d7504c5d0840704daafa3dff4dtstexc-localvcciintinstructor1, repositoryType=user, triggeredByPushTo=user, assignmentRepositoryUri=http://localhost:49152/git/SHORT94A899E303D7504C5D0840704DAAFA3DFF4DTSTEXC/short94a899e303d7504c5d0840704daafa3dff4dtstexc-localvcciintinstructor1.git, testRepositoryUri=http://localhost:49152/git/SHORT94A899E303D7504C5D0840704DAAFA3DFF4DTSTEXC/short94a899e303d7504c5d0840704daafa3dff4dtstexc-tests.git, solutionRepositoryUri=null, auxiliaryRepositoryUris=[Ljava.lang.String;@1037ee41, auxiliaryRepositoryCheckoutDirectories=[Ljava.lang.String;@3a4f46ef], jobTimingInfo=JobTimingInfo[submissionDate=2025-02-14T23:45:32.554795798Z[Etc/UTC], buildStartDate=2025-02-14T23:45:32.567287465Z[Etc/UTC], buildCompletionDate=2025-02-14T23:45:34.535226768Z[Etc/UTC], estimatedCompletionDate=2025-02-14T23:45:51.567257960Z[Etc/UTC], estimatedDuration=19], buildConfig=BuildConfig[buildScript=#!/bin/bash
cd /var/tmp/testing-dir
chmod +x ./gradlew
./gradlew clean test
, dockerImage=dummy-docker-image:latest, commitHashToBuild=ca2dbc0ae87edf7035058a6a17c0ea60e90a290f, assignmentCommitHash=ca2dbc0ae87edf7035058a6a17c0ea60e90a290f, testCommitHash=0207f6f98af5fbb66ad68455f3fc3cf128af8ae9, branch=main, programmingLanguage=JAVA, projectType=PLAIN_GRADLE, scaEnabled=false, sequentialTestRunsEnabled=false, resultPaths=[/var/tmp/testing-dir/**/test-results/test/*.xml], timeoutSeconds=0, assignmentCheckoutPath=null, testCheckoutPath=null, solutionCheckoutPath=null, dockerRunConfig=null], submissionResult=ResultDTO[id=632, completionDate=2025-02-14T23:45:34.504415716Z[Etc/UTC], successful=false, score=7.7, rated=false, submission=SubmissionDTO[id=826, submitted=true, type=MANUAL, exampleSubmission=null, submissionDate=2025-02-14T23:45:32.541533Z, commitHash=ca2dbc0ae87edf7035058a6a17c0ea60e90a290f, buildFailed=false, buildArtifact=false, participation=ParticipationDTO[id=2006, testRun=true, type=programming, submissionCount=null, exercise=ParticipationExerciseDTO[id=2601, exerciseType=PROGRAMMING, type=programming, assessmentType=AUTOMATIC, dueDate=2025-02-16T23:45:31.864042Z, assessmentDueDate=null, maxPoints=42.0, course=CourseDTO[id=984, accuracyOfScores=1]]], submissionExerciseType=programming, isProcessing=false, buildStartDate=null, estimatedCompletionDate=null], participation=ParticipationDTO[id=2006, testRun=true, type=programming, submissionCount=null, exercise=ParticipationExerciseDTO[id=2601, exerciseType=PROGRAMMING, type=programming, assessmentType=AUTOMATIC, dueDate=2025-02-16T23:45:31.864042Z, assessmentDueDate=null, maxPoints=42.0, course=CourseDTO[id=984, accuracyOfScores=1]]], feedbacks=[FeedbackDTO[id=920, text=null, detailText=The exercise expects a class with the name Context in the package testpackage. You did not implement the class in the exercise., hasLongFeedbackText=false, reference=null, credits=0.0, positive=false, type=AUTOMATIC, visibility=ALWAYS, testCase=TestCaseDTO[testName=null, id=1357]], FeedbackDTO[id=921, text=null, detailText=The exercise expects a class with the name Policy in the package testpackage. You did not implement the class in the exercise., hasLongFeedbackText=false, reference=null, credits=0.0, positive=false, type=AUTOMATIC, visibility=ALWAYS, testCase=TestCaseDTO[testName=null, id=1358]], FeedbackDTO[id=922, text=null, detailText=The exercise expects a class with the name SortStrategy in the package testpackage. You did not implement the class in the exercise., hasLongFeedbackText=false, reference=null, credits=0.0, positive=false, type=AUTOMATIC, visibility=ALWAYS, testCase=TestCaseDTO[testName=null, id=1359]], FeedbackDTO[id=923, text=null, detailText=The class 'MergeSort' does not implement the interface 'SortStrategy' as expected. Implement the interface and its methods., hasLongFeedbackText=false, reference=null, credits=0.0, positive=false, type=AUTOMATIC, visibility=ALWAYS, testCase=TestCaseDTO[testName=null, id=1354]], FeedbackDTO[id=924, text=null, detailText=The exercise expects a class with the name SortStrategy in the package testpackage. You did not implement the class in the exercise., hasLongFeedbackText=false, reference=null, credits=0.0, positive=false, type=AUTOMATIC, visibility=ALWAYS, testCase=TestCaseDTO[testName=null, id=1351]], FeedbackDTO[id=925, text=null, detailText=The class 'BubbleSort' does not implement the interface 'SortStrategy' as expected. Implement the interface and its methods., hasLongFeedbackText=false, reference=null, credits=0.0, positive=false, type=AUTOMATIC, visibility=ALWAYS, testCase=TestCaseDTO[testName=null, id=1355]], FeedbackDTO[id=926, text=null, detailText=MergeSort does not sort correctly, hasLongFeedbackText=false, reference=null, credits=0.0, positive=false, type=AUTOMATIC, visibility=ALWAYS, testCase=TestCaseDTO[testName=null, id=1360]], FeedbackDTO[id=927, text=null, detailText=The class 'Context' was not found within the submission. Make sure to implement it properly., hasLongFeedbackText=false, reference=null, credits=0.0, positive=false, type=AUTOMATIC, visibility=ALWAYS, testCase=TestCaseDTO[testName=null, id=1361]], FeedbackDTO[id=928, text=null, detailText=The class 'Context' was not found within the submission. Make sure to implement it properly., hasLongFeedbackText=false, reference=null, credits=0.0, positive=false, type=AUTOMATIC, visibility=ALWAYS, testCase=TestCaseDTO[testName=null, id=1362]], FeedbackDTO[id=929, text=null, detailText=The exercise expects a class with the name Policy in the package testpackage. You did not implement the class in the exercise., hasLongFeedbackText=false, reference=null, credits=0.0, positive=false, type=AUTOMATIC, visibility=ALWAYS, testCase=TestCaseDTO[testName=null, id=1356]], FeedbackDTO[id=930, text=null, detailText=The exercise expects a class with the name Context in the package testpackage. You did not implement the class in the exercise., hasLongFeedbackText=false, reference=null, credits=0.0, positive=false, type=AUTOMATIC, visibility=ALWAYS, testCase=TestCaseDTO[testName=null, id=1352]], FeedbackDTO[id=931, text=null, detailText=The exercise expects a class with the name Policy in the package testpackage. You did not implement the class in the exercise., hasLongFeedbackText=false, reference=null, credits=0.0, positive=false, type=AUTOMATIC, visibility=ALWAYS, testCase=TestCaseDTO[testName=null, id=1353]], FeedbackDTO[id=932, text=null, detailText=null, hasLongFeedbackText=false, reference=null, credits=3.230769230769231, positive=true, type=AUTOMATIC, visibility=ALWAYS, testCase=TestCaseDTO[testName=null, id=1363]]], assessmentType=AUTOMATIC, hasComplaint=null, exampleResult=null, testCaseCount=13, passedTestCaseCount=1, codeIssueCount=0]], BuildJobQueueItem[id=20111739576737317, name=SHORTD49A6DAE04F9E049850BD5601663FD17A5B7TSTEXC-BASE, buildAgent=BuildAgentDTO[name=artemis-build-agent-test, memberAddress=[127.0.0.1]:5703, displayName=artemis-build-agent-test], participationId=2011, courseId=986, exerciseId=2603, retryCount=0, priority=2, status=SUCCESSFUL, repositoryInfo=RepositoryInfo[repositoryName=shortd49a6dae04f9e049850bd5601663fd17a5b7tstexc-exercise, repositoryType=exercise, triggeredByPushTo=exercise, assignmentRepositoryUri=http://localhost:49152/git/SHORTD49A6DAE04F9E049850BD5601663FD17A5B7TSTEXC/shortd49a6dae04f9e049850bd5601663fd17a5b7tstexc-exercise.git, testRepositoryUri=http://localhost:49152/git/SHORTD49A6DAE04F9E049850BD5601663FD17A5B7TSTEXC/shortd49a6dae04f9e049850bd5601663fd17a5b7tstexc-tests.git, solutionRepositoryUri=null, auxiliaryRepositoryUris=[Ljava.lang.String;@5b570259, auxiliaryRepositoryCheckoutDirectories=[Ljava.lang.String;@24e79bce], jobTimingInfo=JobTimingInfo[submissionDate=2025-02-14T23:45:37.317968648Z[Etc/UTC], buildStartDate=2025-02-14T23:45:37.324534774Z[Etc/UTC], buildCompletionDate=2025-02-14T23:45:38.527225461Z[Etc/UTC], estimatedCompletionDate=2025-02-14T23:45:56.324506331Z[Etc/UTC], estimatedDuration=19], buildConfig=BuildConfig[buildScript=#!/bin/bash
cd /var/tmp/testing-dir
chmod +x ./gradlew
./gradlew clean test
, dockerImage=dummy-docker-image:latest, commitHashToBuild=c795243c185829bbefa399f45dcbcfac22311b2f, assignmentCommitHash=c795243c185829bbefa399f45dcbcfac22311b2f, testCommitHash=fa8b162170bf767d852e05e0eb7a128efa2e1f34, branch=main, programmingLanguage=JAVA, projectType=PLAIN_GRADLE, scaEnabled=false, sequentialTestRunsEnabled=false, resultPaths=[/var/tmp/testing-dir/**/test-results/test/*.xml], timeoutSeconds=0, assignmentCheckoutPath=null, testCheckoutPath=null, solutionCheckoutPath=null, dockerRunConfig=null], submissionResult=ResultDTO[id=633, completionDate=2025-02-14T23:45:38.476795726Z[Etc/UTC], successful=false, score=0.0, rated=true, submission=SubmissionDTO[id=827, submitted=true, type=MANUAL, exampleSubmission=null, submissionDate=2025-02-14T23:45:37.303401Z, commitHash=c795243c185829bbefa399f45dcbcfac22311b2f, buildFailed=false, buildArtifact=false, participation=ParticipationDTO[id=2011, testRun=false, type=template, submissionCount=null, exercise=ParticipationExerciseDTO[id=2603, exerciseType=PROGRAMMING, type=programming, assessmentType=AUTOMATIC, dueDate=2025-02-16T23:45:36.830269Z, assessmentDueDate=null, maxPoints=42.0, course=CourseDTO[id=986, accuracyOfScores=1]]], submissionExerciseType=programming, isProcessing=false, buildStartDate=null, estimatedCompletionDate=null], participation=ParticipationDTO[id=2011, testRun=false, type=template, submissionCount=null, exercise=ParticipationExerciseDTO[id=2603, exerciseType=PROGRAMMING, type=programming, assessmentType=AUTOMATIC, dueDate=2025-02-16T23:45:36.830269Z, assessmentDueDate=null, maxPoints=42.0, course=CourseDTO[id=986, accuracyOfScores=1]]], feedbacks=[FeedbackDTO[id=933, text=null, detailText=The exercise expects a class with the name Context in the package testpackage. You did not implement the class in the exercise., hasLongFeedbackText=false, reference=null, credits=0.0, positive=false, type=AUTOMATIC, visibility=ALWAYS, testCase=TestCaseDTO[testName=testMethods[Context], id=1383]], FeedbackDTO[id=934, text=null, detailText=The exercise expects a class with the name Policy in the package testpackage. You did not implement the class in the exercise., hasLongFeedbackText=false, reference=null, credits=0.0, positive=false, type=AUTOMATIC, visibility=ALWAYS, testCase=TestCaseDTO[testName=testMethods[Policy], id=1384]], FeedbackDTO[id=935, text=null, detailText=The exercise expects a class with the name SortStrategy in the package testpackage. You did not implement the class in the exercise., hasLongFeedbackText=false, reference=null, credits=0.0, positive=false, type=AUTOMATIC, visibility=ALWAYS, testCase=TestCaseDTO[testName=testMethods[SortStrategy], id=1385]], FeedbackDTO[id=936, text=null, detailText=The class 'MergeSort' does not implement the interface 'SortStrategy' as expected. Implement the interface and its methods., hasLongFeedbackText=false, reference=null, credits=0.0, positive=false, type=AUTOMATIC, visibility=ALWAYS, testCase=TestCaseDTO[testName=testClass[MergeSort], id=1380]], FeedbackDTO[id=937, text=null, detailText=The exercise expects a class with the name SortStrategy in the package testpackage. You did not implement the class in the exercise., hasLongFeedbackText=false, reference=null, credits=0.0, positive=false, type=AUTOMATIC, visibility=ALWAYS, testCase=TestCaseDTO[testName=testClass[SortStrategy], id=1377]], FeedbackDTO[id=938, text=null, detailText=The class 'BubbleSort' does not implement the interface 'SortStrategy' as expected. Implement the interface and its methods., hasLongFeedbackText=false, reference=null, credits=0.0, positive=false, type=AUTOMATIC, visibility=ALWAYS, testCase=TestCaseDTO[testName=testClass[BubbleSort], id=1381]], FeedbackDTO[id=939, text=null, detailText=MergeSort does not sort correctly, hasLongFeedbackText=false, reference=null, credits=0.0, positive=false, type=AUTOMATIC, visibility=ALWAYS, testCase=TestCaseDTO[testName=testMergeSort(), id=1386]], FeedbackDTO[id=940, text=null, detailText=The class 'Context' was not found within the submission. Make sure to implement it properly., hasLongFeedbackText=false, reference=null, credits=0.0, positive=false, type=AUTOMATIC, visibility=ALWAYS, testCase=TestCaseDTO[testName=testUseBubbleSortForSmallList(), id=1387]], FeedbackDTO[id=941, text=null, detailText=BubbleSort does not sort correctly, hasLongFeedbackText=false, reference=null, credits=0.0, positive=false, type=AUTOMATIC, visibility=ALWAYS, testCase=TestCaseDTO[testName=testBubbleSort(), id=1389]], FeedbackDTO[id=942, text=null, detailText=The class 'Context' was not found within the submission. Make sure to implement it properly., hasLongFeedbackText=false, reference=null, credits=0.0, positive=false, type=AUTOMATIC, visibility=ALWAYS, testCase=TestCaseDTO[testName=testUseMergeSortForBigList(), id=1388]], FeedbackDTO[id=943, text=null, detailText=The exercise expects a class with the name Policy in the package testpackage. You did not implement the class in the exercise., hasLongFeedbackText=false, reference=null, credits=0.0, positive=false, type=AUTOMATIC, visibility=ALWAYS, testCase=TestCaseDTO[testName=testConstructors[Policy], id=1382]], FeedbackDTO[id=944, text=null, detailText=The exercise expects a class with the name Context in the package testpackage. You did not implement the class in the exercise., hasLongFeedbackText=false, reference=null, credits=0.0, positive=false, type=AUTOMATIC, visibility=ALWAYS, testCase=TestCaseDTO[testName=testAttributes[Context], id=1378]], FeedbackDTO[id=945, text=null, detailText=The exercise expects a class with the name Policy in the package testpackage. You did not implement the class in the exercise., hasLongFeedbackText=false, reference=null, credits=0.0, positive=false, type=AUTOMATIC, visibility=ALWAYS, testCase=TestCaseDTO[testName=testAttributes[Policy], id=1379]]], assessmentType=AUTOMATIC, hasComplaint=null, exampleResult=null, testCaseCount=13, passedTestCaseCount=0, codeIssueCount=0]], BuildJobQueueItem[id=20171739576740018, name=SHORT7914AFA00ADC3047140B99D01AC07810CE44TSTEXC-LOCALVCCIINTSTUDENT1, buildAgent=BuildAgentDTO[name=artemis-build-agent-test, memberAddress=[127.0.0.1]:5703, displayName=artemis-build-agent-test], participationId=2017, courseId=988, exerciseId=2605, retryCount=0, priority=2, status=SUCCESSFUL, repositoryInfo=RepositoryInfo[repositoryName=short7914afa00adc3047140b99d01ac07810ce44tstexc-practice-localvcciintstudent1, repositoryType=user, triggeredByPushTo=user, assignmentRepositoryUri=http://localhost:49152/git/SHORT7914AFA00ADC3047140B99D01AC07810CE44TSTEXC/short7914afa00adc3047140b99d01ac07810ce44tstexc-practice-localvcciintstudent1.git, testRepositoryUri=http://localhost:49152/git/SHORT7914AFA00ADC3047140B99D01AC07810CE44TSTEXC/short7914afa00adc3047140b99d01ac07810ce44tstexc-tests.git, solutionRepositoryUri=null, auxiliaryRepositoryUris=[Ljava.lang.String;@b0d3cf5, auxiliaryRepositoryCheckoutDirectories=[Ljava.lang.String;@4b356b45], jobTimingInfo=JobTimingInfo[submissionDate=2025-02-14T23:45:40.018961253Z[Etc/UTC], buildStartDate=2025-02-14T23:45:40.029742701Z[Etc/UTC], buildCompletionDate=2025-02-14T23:45:41.150208242Z[Etc/UTC], estimatedCompletionDate=2025-02-14T23:45:59.029734065Z[Etc/UTC], estimatedDuration=19], buildConfig=BuildConfig[buildScript=#!/bin/bash
cd /var/tmp/testing-dir
chmod +x ./gradlew
./gradlew clean test
, dockerImage=dummy-docker-image:latest, commitHashToBuild=d80b57877989b971e83ccdb4863c8a7023c76266, assignmentCommitHash=d80b57877989b971e83ccdb4863c8a7023c76266, testCommitHash=327b116890c92b1312314341f43f21ef13ecf7d7, branch=main, programmingLanguage=JAVA, projectType=PLAIN_GRADLE, scaEnabled=false, sequentialTestRunsEnabled=false, resultPaths=[/var/tmp/testing-dir/**/test-results/test/*.xml], timeoutSeconds=0, assignmentCheckoutPath=null, testCheckoutPath=null, solutionCheckoutPath=null, dockerRunConfig=null], submissionResult=ResultDTO[id=634, completionDate=2025-02-14T23:45:41.120192603Z[Etc/UTC], successful=false, score=7.7, rated=false, submission=SubmissionDTO[id=828, submitted=true, type=MANUAL, exampleSubmission=null, submissionDate=2025-02-14T23:45:40.008666Z, commitHash=d80b57877989b971e83ccdb4863c8a7023c76266, buildFailed=false, buildArtifact=false, participation=ParticipationDTO[id=2017, testRun=true, type=programming, submissionCount=null, exercise=ParticipationExerciseDTO[id=2605, exerciseType=PROGRAMMING, type=programming, assessmentType=AUTOMATIC, dueDate=2025-02-16T23:45:39.523500Z, assessmentDueDate=null, maxPoints=42.0, course=CourseDTO[id=988, accuracyOfScores=1]]], submissionExerciseType=programming, isProcessing=false, buildStartDate=null, estimatedCompletionDate=null], participation=ParticipationDTO[id=2017, testRun=true, type=programming, submissionCount=null, exercise=ParticipationExerciseDTO[id=2605, exerciseType=PROGRAMMING, type=programming, assessmentType=AUTOMATIC, dueDate=2025-02-16T23:45:39.523500Z, assessmentDueDate=null, maxPoints=42.0, course=CourseDTO[id=988, accuracyOfScores=1]]], feedbacks=[FeedbackDTO[id=946, text=null, detailText=The exercise expects a class with the name Context in the package testpackage. You did not implement the class in the exercise., hasLongFeedbackText=false, reference=null, credits=0.0, positive=false, type=AUTOMATIC, visibility=ALWAYS, testCase=TestCaseDTO[testName=null, id=1409]], FeedbackDTO[id=947, text=null, detailText=The exercise expects a class with the name Policy in the package testpackage. You did not implement the class in the exercise., hasLongFeedbackText=false, reference=null, credits=0.0, positive=false, type=AUTOMATIC, visibility=ALWAYS, testCase=TestCaseDTO[testName=null, id=1410]], FeedbackDTO[id=948, text=null, detailText=The exercise expects a class with the name SortStrategy in the package testpackage. You did not implement the class in the exercise., hasLongFeedbackText=false, reference=null, credits=0.0, positive=false, type=AUTOMATIC, visibility=ALWAYS, testCase=TestCaseDTO[testName=null, id=1411]], FeedbackDTO[id=949, text=null, detailText=The class 'MergeSort' does not implement the interface 'SortStrategy' as expected. Implement the interface and its methods., hasLongFeedbackText=false, reference=null, credits=0.0, positive=false, type=AUTOMATIC, visibility=ALWAYS, testCase=TestCaseDTO[testName=null, id=1406]], FeedbackDTO[id=950, text=null, detailText=The exercise expects a class with the name SortStrategy in the package testpackage. You did not implement the class in the exercise., hasLongFeedbackText=false, reference=null, credits=0.0, positive=false, type=AUTOMATIC, visibility=ALWAYS, testCase=TestCaseDTO[testName=null, id=1403]], FeedbackDTO[id=951, text=null, detailText=The class 'BubbleSort' does not implement the interface 'SortStrategy' as expected. Implement the interface and its methods., hasLongFeedbackText=false, reference=null, credits=0.0, positive=false, type=AUTOMATIC, visibility=ALWAYS, testCase=TestCaseDTO[testName=null, id=1407]], FeedbackDTO[id=952, text=null, detailText=MergeSort does not sort correctly, hasLongFeedbackText=false, reference=null, credits=0.0, positive=false, type=AUTOMATIC, visibility=ALWAYS, testCase=TestCaseDTO[testName=null, id=1412]], FeedbackDTO[id=953, text=null, detailText=The class 'Context' was not found within the submission. Make sure to implement it properly., hasLongFeedbackText=false, reference=null, credits=0.0, positive=false, type=AUTOMATIC, visibility=ALWAYS, testCase=TestCaseDTO[testName=null, id=1413]], FeedbackDTO[id=954, text=null, detailText=The class 'Context' was not found within the submission. Make sure to implement it properly., hasLongFeedbackText=false, reference=null, credits=0.0, positive=false, type=AUTOMATIC, visibility=ALWAYS, testCase=TestCaseDTO[testName=null, id=1414]], FeedbackDTO[id=955, text=null, detailText=The exercise expects a class with the name Policy in the package testpackage. You did not implement the class in the exercise., hasLongFeedbackText=false, reference=null, credits=0.0, positive=false, type=AUTOMATIC, visibility=ALWAYS, testCase=TestCaseDTO[testName=null, id=1408]], FeedbackDTO[id=956, text=null, detailText=The exercise expects a class with the name Context in the package testpackage. You did not implement the class in the exercise., hasLongFeedbackText=false, reference=null, credits=0.0, positive=false, type=AUTOMATIC, visibility=ALWAYS, testCase=TestCaseDTO[testName=null, id=1404]], FeedbackDTO[id=957, text=null, detailText=The exercise expects a class with the name Policy in the package testpackage. You did not implement the class in the exercise., hasLongFeedbackText=false, reference=null, credits=0.0, positive=false, type=AUTOMATIC, visibility=ALWAYS, testCase=TestCaseDTO[testName=null, id=1405]], FeedbackDTO[id=958, text=null, detailText=null, hasLongFeedbackText=false, reference=null, credits=3.230769230769231, positive=true, type=AUTOMATIC, visibility=ALWAYS, testCase=TestCaseDTO[testName=null, id=1415]]], assessmentType=AUTOMATIC, hasComplaint=null, exampleResult=null, testCaseCount=13, passedTestCaseCount=1, codeIssueCount=0]], BuildJobQueueItem[id=20261739576743984, name=SHORT53C73BE505404043100AC2F00C039353CE8FTSTEXC-LOCALVCCIINTSTUDENT1, buildAgent=BuildAgentDTO[name=artemis-build-agent-test, memberAddress=[127.0.0.1]:5703, displayName=artemis-build-agent-test], participationId=2026, courseId=991, exerciseId=2608, retryCount=0, priority=1, status=SUCCESSFUL, repositoryInfo=RepositoryInfo[repositoryName=short53c73be505404043100ac2f00c039353ce8ftstexc-localvcciintstudent1, repositoryType=user, triggeredByPushTo=user, assignmentRepositoryUri=http://localhost:49152/git/SHORT53C73BE505404043100AC2F00C039353CE8FTSTEXC/short53c73be505404043100ac2f00c039353ce8ftstexc-localvcciintstudent1.git, testRepositoryUri=http://localhost:49152/git/SHORT53C73BE505404043100AC2F00C039353CE8FTSTEXC/short53c73be505404043100ac2f00c039353ce8ftstexc-tests.git, solutionRepositoryUri=null, auxiliaryRepositoryUris=[Ljava.lang.String;@2893fdb0, auxiliaryRepositoryCheckoutDirectories=[Ljava.lang.String;@30b22a87], jobTimingInfo=JobTimingInfo[submissionDate=2025-02-14T23:45:43.984518859Z[Etc/UTC], buildStartDate=2025-02-14T23:45:43.991385682Z[Etc/UTC], buildCompletionDate=2025-02-14T23:45:44.982059928Z[Etc/UTC], estimatedCompletionDate=2025-02-14T23:46:02.991380122Z[Etc/UTC], estimatedDuration=19], buildConfig=BuildConfig[buildScript=#!/bin/bash
cd /var/tmp/testing-dir
chmod +x ./gradlew
./gradlew clean test
, dockerImage=dummy-docker-image:latest, commitHashToBuild=3e90ae9fef2e44ffb41451a080bdaa6a44ad6848, assignmentCommitHash=3e90ae9fef2e44ffb41451a080bdaa6a44ad6848, testCommitHash=0582754c87aae13e640312855ce7dbe490ecb50c, branch=main, programmingLanguage=JAVA, projectType=PLAIN_GRADLE, scaEnabled=false, sequentialTestRunsEnabled=false, resultPaths=[/var/tmp/testing-dir/**/test-results/test/*.xml], timeoutSeconds=0, assignmentCheckoutPath=null, testCheckoutPath=null, solutionCheckoutPath=null, dockerRunConfig=null], submissionResult=ResultDTO[id=635, completionDate=2025-02-14T23:45:44.961313737Z[Etc/UTC], successful=false, score=7.7, rated=true, submission=SubmissionDTO[id=829, submitted=true, type=MANUAL, exampleSubmission=null, submissionDate=2025-02-14T23:45:43.967766Z, commitHash=3e90ae9fef2e44ffb41451a080bdaa6a44ad6848, buildFailed=false, buildArtifact=false, participation=ParticipationDTO[id=2026, testRun=false, type=programming, submissionCount=null, exercise=ParticipationExerciseDTO[id=2608, exerciseType=PROGRAMMING, type=programming, assessmentType=AUTOMATIC, dueDate=2025-02-16T23:45:43.597978Z, assessmentDueDate=null, maxPoints=42.0, course=CourseDTO[id=991, accuracyOfScores=1]]], submissionExerciseType=programming, isProcessing=false, buildStartDate=null, estimatedCompletionDate=null], participation=ParticipationDTO[id=2026, testRun=false, type=programming, submissionCount=null, exercise=ParticipationExerciseDTO[id=2608, exerciseType=PROGRAMMING, type=programming, assessmentType=AUTOMATIC, dueDate=2025-02-16T23:45:43.597978Z, assessmentDueDate=null, maxPoints=42.0, course=CourseDTO[id=991, accuracyOfScores=1]]], feedbacks=[FeedbackDTO[id=959, text=null, detailText=The exercise expects a class with the name Context in the package testpackage. You did not implement the class in the exercise., hasLongFeedbackText=false, reference=null, credits=0.0, positive=false, type=AUTOMATIC, visibility=ALWAYS, testCase=TestCaseDTO[testName=null, id=1448]], FeedbackDTO[id=960, text=null, detailText=The exercise expects a class with the name Policy in the package testpackage. You did not implement the class in the exercise., hasLongFeedbackText=false, reference=null, credits=0.0, positive=false, type=AUTOMATIC, visibility=ALWAYS, testCase=TestCaseDTO[testName=null, id=1449]], FeedbackDTO[id=961, text=null, detailText=The exercise expects a class with the name SortStrategy in the package testpackage. You did not implement the class in the exercise., hasLongFeedbackText=false, reference=null, credits=0.0, positive=false, type=AUTOMATIC, visibility=ALWAYS, testCase=TestCaseDTO[testName=null, id=1450]], FeedbackDTO[id=962, text=null, detailText=The class 'MergeSort' does not implement the interface 'SortStrategy' as expected. Implement the interface and its methods., hasLongFeedbackText=false, reference=null, credits=0.0, positive=false, type=AUTOMATIC, visibility=ALWAYS, testCase=TestCaseDTO[testName=null, id=1445]], FeedbackDTO[id=963, text=null, detailText=The exercise expects a class with the name SortStrategy in the package testpackage. You did not implement the class in the exercise., hasLongFeedbackText=false, reference=null, credits=0.0, positive=false, type=AUTOMATIC, visibility=ALWAYS, testCase=TestCaseDTO[testName=null, id=1442]], FeedbackDTO[id=964, text=null, detailText=The class 'BubbleSort' does not implement the interface 'SortStrategy' as expected. Implement the interface and its methods., hasLongFeedbackText=false, reference=null, credits=0.0, positive=false, type=AUTOMATIC, visibility=ALWAYS, testCase=TestCaseDTO[testName=null, id=1446]], FeedbackDTO[id=965, text=null, detailText=MergeSort does not sort correctly, hasLongFeedbackText=false, reference=null, credits=0.0, positive=false, type=AUTOMATIC, visibility=ALWAYS, testCase=TestCaseDTO[testName=null, id=1451]], FeedbackDTO[id=966, text=null, detailText=The class 'Context' was not found within the submission. Make sure to implement it properly., hasLongFeedbackText=false, reference=null, credits=0.0, positive=false, type=AUTOMATIC, visibility=ALWAYS, testCase=TestCaseDTO[testName=null, id=1452]], FeedbackDTO[id=967, text=null, detailText=The class 'Context' was not found within the submission. Make sure to implement it properly., hasLongFeedbackText=false, reference=null, credits=0.0, positive=false, type=AUTOMATIC, visibility=ALWAYS, testCase=TestCaseDTO[testName=null, id=1453]], FeedbackDTO[id=968, text=null, detailText=The exercise expects a class with the name Policy in the package testpackage. You did not implement the class in the exercise., hasLongFeedbackText=false, reference=null, credits=0.0, positive=false, type=AUTOMATIC, visibility=ALWAYS, testCase=TestCaseDTO[testName=null, id=1447]], FeedbackDTO[id=969, text=null, detailText=The exercise expects a class with the name Context in the package testpackage. You did not implement the class in the exercise., hasLongFeedbackText=false, reference=null, credits=0.0, positive=false, type=AUTOMATIC, visibility=ALWAYS, testCase=TestCaseDTO[testName=null, id=1443]], FeedbackDTO[id=970, text=null, detailText=The exercise expects a class with the name Policy in the package testpackage. You did not implement the class in the exercise., hasLongFeedbackText=false, reference=null, credits=0.0, positive=false, type=AUTOMATIC, visibility=ALWAYS, testCase=TestCaseDTO[testName=null, id=1444]], FeedbackDTO[id=971, text=null, detailText=null, hasLongFeedbackText=false, reference=null, credits=3.230769230769231, positive=true, type=AUTOMATIC, visibility=ALWAYS, testCase=TestCaseDTO[testName=null, id=1454]]], assessmentType=AUTOMATIC, hasComplaint=null, exampleResult=null, testCaseCount=13, passedTestCaseCount=1, codeIssueCount=0]], BuildJobQueueItem[id=20271739576746886, name=SHORT0FC863930E92904248098A506171F81CF6CFTSTEXC-SOLUTION, buildAgent=BuildAgentDTO[name=artemis-build-agent-test, memberAddress=[127.0.0.1]:5703, displayName=artemis-build-agent-test], participationId=2027, courseId=992, exerciseId=2609, retryCount=0, priority=2, status=SUCCESSFUL, repositoryInfo=RepositoryInfo[repositoryName=short0fc863930e92904248098a506171f81cf6cftstexc-solution, repositoryType=solution, triggeredByPushTo=auxiliary, assignmentRepositoryUri=http://localhost:49152/git/SHORT0FC863930E92904248098A506171F81CF6CFTSTEXC/short0fc863930e92904248098a506171f81cf6cftstexc-solution.git, testRepositoryUri=http://localhost:49152/git/SHORT0FC863930E92904248098A506171F81CF6CFTSTEXC/short0fc863930e92904248098a506171f81cf6cftstexc-tests.git, solutionRepositoryUri=null, auxiliaryRepositoryUris=[Ljava.lang.String;@52ba52f0, auxiliaryRepositoryCheckoutDirectories=[Ljava.lang.String;@32b564a1], jobTimingInfo=JobTimingInfo[submissionDate=2025-02-14T23:45:46.886984066Z[Etc/UTC], buildStartDate=2025-02-14T23:45:46.897709578Z[Etc/UTC], buildCompletionDate=2025-02-14T23:45:48.628460156Z[Etc/UTC], estimatedCompletionDate=2025-02-14T23:46:05.897701272Z[Etc/UTC], estimatedDuration=19], buildConfig=BuildConfig[buildScript=#!/bin/bash
cd /var/tmp/testing-dir
chmod +x ./gradlew
./gradlew clean test
, dockerImage=dummy-docker-image:latest, commitHashToBuild=null, assignmentCommitHash=115a2e943bee242fdad360b50d8ad5f30792577e, testCommitHash=9b3a9bd71a0d80e5bbc42204c319ed3d1d4f0d6d, branch=main, programmingLanguage=JAVA, projectType=PLAIN_GRADLE, scaEnabled=false, sequentialTestRunsEnabled=false, resultPaths=[/var/tmp/testing-dir/**/test-results/test/*.xml], timeoutSeconds=0, assignmentCheckoutPath=null, testCheckoutPath=null, solutionCheckoutPath=null, dockerRunConfig=null], submissionResult=ResultDTO[id=636, completionDate=2025-02-14T23:45:48.593370968Z[Etc/UTC], successful=true, score=100.0, rated=true, submission=SubmissionDTO[id=830, submitted=true, type=TEST, exampleSubmission=null, submissionDate=2025-02-14T23:45:46.873671Z, commitHash=9b3a9bd71a0d80e5bbc42204c319ed3d1d4f0d6d, buildFailed=false, buildArtifact=false, participation=ParticipationDTO[id=2027, testRun=false, type=solution, submissionCount=null, exercise=ParticipationExerciseDTO[id=2609, exerciseType=PROGRAMMING, type=programming, assessmentType=AUTOMATIC, dueDate=2025-02-16T23:45:46.386304Z, assessmentDueDate=null, maxPoints=42.0, course=CourseDTO[id=992, accuracyOfScores=1]]], submissionExerciseType=programming, isProcessing=false, buildStartDate=null, estimatedCompletionDate=null], participation=ParticipationDTO[id=2027, testRun=false, type=solution, submissionCount=null, exercise=ParticipationExerciseDTO[id=2609, exerciseType=PROGRAMMING, type=programming, assessmentType=AUTOMATIC, dueDate=2025-02-16T23:45:46.386304Z, assessmentDueDate=null, maxPoints=42.0, course=CourseDTO[id=992, accuracyOfScores=1]]], feedbacks=[FeedbackDTO[id=972, text=null, detailText=null, hasLongFeedbackText=false, reference=null, credits=3.230769230769231, positive=true, type=AUTOMATIC, visibility=ALWAYS, testCase=TestCaseDTO[testName=testMethods[Context], id=1461]], FeedbackDTO[id=973, text=null, detailText=null, hasLongFeedbackText=false, reference=null, credits=3.230769230769231, positive=true, type=AUTOMATIC, visibility=ALWAYS, testCase=TestCaseDTO[testName=testMethods[Policy], id=1462]], FeedbackDTO[id=974, text=null, detailText=null, hasLongFeedbackText=false, reference=null, credits=3.230769230769231, positive=true, type=AUTOMATIC, visibility=ALWAYS, testCase=TestCaseDTO[testName=testMethods[SortStrategy], id=1463]], FeedbackDTO[id=975, text=null, detailText=null, hasLongFeedbackText=false, reference=null, credits=3.230769230769231, positive=true, type=AUTOMATIC, visibility=ALWAYS, testCase=TestCaseDTO[testName=testClass[MergeSort], id=1458]], FeedbackDTO[id=976, text=null, detailText=null, hasLongFeedbackText=false, reference=null, credits=3.230769230769231, positive=true, type=AUTOMATIC, visibility=ALWAYS, testCase=TestCaseDTO[testName=testClass[SortStrategy], id=1455]], FeedbackDTO[id=977, text=null, detailText=null, hasLongFeedbackText=false, reference=null, credits=3.230769230769231, positive=true, type=AUTOMATIC, visibility=ALWAYS, testCase=TestCaseDTO[testName=testClass[BubbleSort], id=1459]], FeedbackDTO[id=978, text=null, detailText=null, hasLongFeedbackText=false, reference=null, credits=3.230769230769231, positive=true, type=AUTOMATIC, visibility=ALWAYS, testCase=TestCaseDTO[testName=testMergeSort(), id=1464]], FeedbackDTO[id=979, text=null, detailText=null, hasLongFeedbackText=false, reference=null, credits=3.230769230769231, positive=true, type=AUTOMATIC, visibility=ALWAYS, testCase=TestCaseDTO[testName=testUseBubbleSortForSmallList(), id=1465]], FeedbackDTO[id=980, text=null, detailText=null, hasLongFeedbackText=false, reference=null, credits=3.230769230769231, positive=true, type=AUTOMATIC, visibility=ALWAYS, testCase=TestCaseDTO[testName=testBubbleSort(), id=1467]], FeedbackDTO[id=981, text=null, detailText=null, hasLongFeedbackText=false, reference=null, credits=3.230769230769231, positive=true, type=AUTOMATIC, visibility=ALWAYS, testCase=TestCaseDTO[testName=testUseMergeSortForBigList(), id=1466]], FeedbackDTO[id=982, text=null, detailText=null, hasLongFeedbackText=false, reference=null, credits=3.230769230769231, positive=true, type=AUTOMATIC, visibility=ALWAYS, testCase=TestCaseDTO[testName=testConstructors[Policy], id=1460]], FeedbackDTO[id=983, text=null, detailText=null, hasLongFeedbackText=false, reference=null, credits=3.230769230769231, positive=true, type=AUTOMATIC, visibility=ALWAYS, testCase=TestCaseDTO[testName=testAttributes[Context], id=1456]], FeedbackDTO[id=984, text=null, detailText=null, hasLongFeedbackText=false, reference=null, credits=3.230769230769231, positive=true, type=AUTOMATIC, visibility=ALWAYS, testCase=TestCaseDTO[testName=testAttributes[Policy], id=1457]]], assessmentType=AUTOMATIC, hasComplaint=null, exampleResult=null, testCaseCount=13, passedTestCaseCount=13, codeIssueCount=0]], BuildJobQueueItem[id=20281739576748768, name=SHORT0FC863930E92904248098A506171F81CF6CFTSTEXC-BASE, buildAgent=BuildAgentDTO[name=artemis-build-agent-test, memberAddress=[127.0.0.1]:5703, displayName=artemis-build-agent-test], participationId=2028, courseId=992, exerciseId=2609, retryCount=0, priority=2, status=SUCCESSFUL, repositoryInfo=RepositoryInfo[repositoryName=short0fc863930e92904248098a506171f81cf6cftstexc-exercise, repositoryType=exercise, triggeredByPushTo=auxiliary, assignmentRepositoryUri=http://localhost:49152/git/SHORT0FC863930E92904248098A506171F81CF6CFTSTEXC/short0fc863930e92904248098a506171f81cf6cftstexc-exercise.git, testRepositoryUri=http://localhost:49152/git/SHORT0FC863930E92904248098A506171F81CF6CFTSTEXC/short0fc863930e92904248098a506171f81cf6cftstexc-tests.git, solutionRepositoryUri=null, auxiliaryRepositoryUris=[Ljava.lang.String;@57c713a, auxiliaryRepositoryCheckoutDirectories=[Ljava.lang.String;@243b8500], jobTimingInfo=JobTimingInfo[submissionDate=2025-02-14T23:45:48.768063548Z[Etc/UTC], buildStartDate=2025-02-14T23:45:48.802531989Z[Etc/UTC], buildCompletionDate=2025-02-14T23:45:50.482681367Z[Etc/UTC], estimatedCompletionDate=2025-02-14T23:45:50.802523092Z[Etc/UTC], estimatedDuration=2], buildConfig=BuildConfig[buildScript=#!/bin/bash
cd /var/tmp/testing-dir
chmod +x ./gradlew
./gradlew clean test
, dockerImage=dummy-docker-image:latest, commitHashToBuild=9b3a9bd71a0d80e5bbc42204c319ed3d1d4f0d6d, assignmentCommitHash=115a2e943bee242fdad360b50d8ad5f30792577e, testCommitHash=9b3a9bd71a0d80e5bbc42204c319ed3d1d4f0d6d, branch=main, programmingLanguage=JAVA, projectType=PLAIN_GRADLE, scaEnabled=false, sequentialTestRunsEnabled=false, resultPaths=[/var/tmp/testing-dir/**/test-results/test/*.xml], timeoutSeconds=0, assignmentCheckoutPath=null, testCheckoutPath=null, solutionCheckoutPath=null, dockerRunConfig=null], submissionResult=ResultDTO[id=637, completionDate=2025-02-14T23:45:50.449084694Z[Etc/UTC], successful=false, score=0.0, rated=true, submission=SubmissionDTO[id=831, submitted=true, type=TEST, exampleSubmission=null, submissionDate=2025-02-14T23:45:48.761177Z, commitHash=9b3a9bd71a0d80e5bbc42204c319ed3d1d4f0d6d, buildFailed=false, buildArtifact=false, participation=ParticipationDTO[id=2028, testRun=false, type=template, submissionCount=null, exercise=ParticipationExerciseDTO[id=2609, exerciseType=PROGRAMMING, type=programming, assessmentType=AUTOMATIC, dueDate=2025-02-16T23:45:46.386304Z, assessmentDueDate=null, maxPoints=42.0, course=CourseDTO[id=992, accuracyOfScores=1]]], submissionExerciseType=programming, isProcessing=false, buildStartDate=null, estimatedCompletionDate=null], participation=ParticipationDTO[id=2028, testRun=false, type=template, submissionCount=null, exercise=ParticipationExerciseDTO[id=2609, exerciseType=PROGRAMMING, type=programming, assessmentType=AUTOMATIC, dueDate=2025-02-16T23:45:46.386304Z, assessmentDueDate=null, maxPoints=42.0, course=CourseDTO[id=992, accuracyOfScores=1]]], feedbacks=[FeedbackDTO[id=985, text=null, detailText=The exercise expects a class with the name Context in the package testpackage. You did not implement the class in the exercise., hasLongFeedbackText=false, reference=null, credits=0.0, positive=false, type=AUTOMATIC, visibility=ALWAYS, testCase=TestCaseDTO[testName=testMethods[Context], id=1461]], FeedbackDTO[id=986, text=null, detailText=The exercise expects a class with the name Policy in the package testpackage. You did not implement the class in the exercise., hasLongFeedbackText=false, reference=null, credits=0.0, positive=false, type=AUTOMATIC, visibility=ALWAYS, testCase=TestCaseDTO[testName=testMethods[Policy], id=1462]], FeedbackDTO[id=987, text=null, detailText=The exercise expects a class with the name SortStrategy in the package testpackage. You did not implement the class in the exercise., hasLongFeedbackText=false, reference=null, credits=0.0, positive=false, type=AUTOMATIC, visibility=ALWAYS, testCase=TestCaseDTO[testName=testMethods[SortStrategy], id=1463]], FeedbackDTO[id=988, text=null, detailText=The class 'MergeSort' does not implement the interface 'SortStrategy' as expected. Implement the interface and its methods., hasLongFeedbackText=false, reference=null, credits=0.0, positive=false, type=AUTOMATIC, visibility=ALWAYS, testCase=TestCaseDTO[testName=testClass[MergeSort], id=1458]], FeedbackDTO[id=989, text=null, detailText=The exercise expects a class with the name SortStrategy in the package testpackage. You did not implement the class in the exercise., hasLongFeedbackText=false, reference=null, credits=0.0, positive=false, type=AUTOMATIC, visibility=ALWAYS, testCase=TestCaseDTO[testName=testClass[SortStrategy], id=1455]], FeedbackDTO[id=990, text=null, detailText=The class 'BubbleSort' does not implement the interface 'SortStrategy' as expected. Implement the interface and its methods., hasLongFeedbackText=false, reference=null, credits=0.0, positive=false, type=AUTOMATIC, visibility=ALWAYS, testCase=TestCaseDTO[testName=testClass[BubbleSort], id=1459]], FeedbackDTO[id=991, text=null, detailText=MergeSort does not sort correctly, hasLongFeedbackText=false, reference=null, credits=0.0, positive=false, type=AUTOMATIC, visibility=ALWAYS, testCase=TestCaseDTO[testName=testMergeSort(), id=1464]], FeedbackDTO[id=992, text=null, detailText=The class 'Context' was not found within the submission. Make sure to implement it properly., hasLongFeedbackText=false, reference=null, credits=0.0, positive=false, type=AUTOMATIC, visibility=ALWAYS, testCase=TestCaseDTO[testName=testUseBubbleSortForSmallList(), id=1465]], FeedbackDTO[id=993, text=null, detailText=BubbleSort does not sort correctly, hasLongFeedbackText=false, reference=null, credits=0.0, positive=false, type=AUTOMATIC, visibility=ALWAYS, testCase=TestCaseDTO[testName=testBubbleSort(), id=1467]], FeedbackDTO[id=994, text=null, detailText=The class 'Context' was not found within the submission. Make sure to implement it properly., hasLongFeedbackText=false, reference=null, credits=0.0, positive=false, type=AUTOMATIC, visibility=ALWAYS, testCase=TestCaseDTO[testName=testUseMergeSortForBigList(), id=1466]], FeedbackDTO[id=995, text=null, detailText=The exercise expects a class with the name Policy in the package testpackage. You did not implement the class in the exercise., hasLongFeedbackText=false, reference=null, credits=0.0, positive=false, type=AUTOMATIC, visibility=ALWAYS, testCase=TestCaseDTO[testName=testConstructors[Policy], id=1460]], FeedbackDTO[id=996, text=null, detailText=The exercise expects a class with the name Context in the package testpackage. You did not implement the class in the exercise., hasLongFeedbackText=false, reference=null, credits=0.0, positive=false, type=AUTOMATIC, visibility=ALWAYS, testCase=TestCaseDTO[testName=testAttributes[Context], id=1456]], FeedbackDTO[id=997, text=null, detailText=The exercise expects a class with the name Policy in the package testpackage. You did not implement the class in the exercise., hasLongFeedbackText=false, reference=null, credits=0.0, positive=false, type=AUTOMATIC, visibility=ALWAYS, testCase=TestCaseDTO[testName=testAttributes[Policy], id=1457]]], assessmentType=AUTOMATIC, hasComplaint=null, exampleResult=null, testCaseCount=13, passedTestCaseCount=0, codeIssueCount=0]], BuildJobQueueItem[id=20291739576751299, name=SHORT716C2EC10B19B049C80A2F00B97EAB20B2A9TSTEXC-SOLUTION, buildAgent=BuildAgentDTO[name=artemis-build-agent-test, memberAddress=[127.0.0.1]:5703, displayName=artemis-build-agent-test], participationId=2029, courseId=993, exerciseId=2610, retryCount=0, priority=2, status=SUCCESSFUL, repositoryInfo=RepositoryInfo[repositoryName=short716c2ec10b19b049c80a2f00b97eab20b2a9tstexc-solution, repositoryType=solution, triggeredByPushTo=tests, assignmentRepositoryUri=http://localhost:49152/git/SHORT716C2EC10B19B049C80A2F00B97EAB20B2A9TSTEXC/short716c2ec10b19b049c80a2f00b97eab20b2a9tstexc-solution.git, testRepositoryUri=http://localhost:49152/git/SHORT716C2EC10B19B049C80A2F00B97EAB20B2A9TSTEXC/short716c2ec10b19b049c80a2f00b97eab20b2a9tstexc-tests.git, solutionRepositoryUri=null, auxiliaryRepositoryUris=[Ljava.lang.String;@24166ea5, auxiliaryRepositoryCheckoutDirectories=[Ljava.lang.String;@3d9f86ea], jobTimingInfo=JobTimingInfo[submissionDate=2025-02-14T23:45:51.299892174Z[Etc/UTC], buildStartDate=2025-02-14T23:45:51.314028505Z[Etc/UTC], buildCompletionDate=2025-02-14T23:45:52.158312850Z[Etc/UTC], estimatedCompletionDate=2025-02-14T23:46:10.314021752Z[Etc/UTC], estimatedDuration=19], buildConfig=BuildConfig[buildScript=#!/bin/bash
cd /var/tmp/testing-dir
chmod +x ./gradlew
./gradlew clean test
, dockerImage=dummy-docker-image:latest, commitHashToBuild=1e531733ed6e9237f710b528d1eb0b7beac565fd, assignmentCommitHash=815e279f12ad296b4f24c44134a07293c04c010f, testCommitHash=1e531733ed6e9237f710b528d1eb0b7beac565fd, branch=main, programmingLanguage=JAVA, projectType=PLAIN_GRADLE, scaEnabled=false, sequentialTestRunsEnabled=false, resultPaths=[/var/tmp/testing-dir/**/test-results/test/*.xml], timeoutSeconds=0, assignmentCheckoutPath=null, testCheckoutPath=null, solutionCheckoutPath=null, dockerRunConfig=null], submissionResult=ResultDTO[id=638, completionDate=2025-02-14T23:45:52.146826070Z[Etc/UTC], successful=true, score=100.0, rated=true, submission=SubmissionDTO[id=832, submitted=true, type=TEST, exampleSubmission=null, submissionDate=2025-02-14T23:45:51.275713Z, commitHash=1e531733ed6e9237f710b528d1eb0b7beac565fd, buildFailed=false, buildArtifact=false, participation=ParticipationDTO[id=2029, testRun=false, type=solution, submissionCount=null, exercise=ParticipationExerciseDTO[id=2610, exerciseType=PROGRAMMING, type=programming, assessmentType=AUTOMATIC, dueDate=2025-02-16T23:45:50.869093Z, assessmentDueDate=null, maxPoints=42.0, course=CourseDTO[id=993, accuracyOfScores=1]]], submissionExerciseType=programming, isProcessing=false, buildStartDate=null, estimatedCompletionDate=null], participation=ParticipationDTO[id=2029, testRun=false, type=solution, submissionCount=null, exercise=ParticipationExerciseDTO[id=2610, exerciseType=PROGRAMMING, type=programming, assessmentType=AUTOMATIC, dueDate=2025-02-16T23:45:50.869093Z, assessmentDueDate=null, maxPoints=42.0, course=CourseDTO[id=993, accuracyOfScores=1]]], feedbacks=[FeedbackDTO[id=998, text=null, detailText=null, hasLongFeedbackText=false, reference=null, credits=3.230769230769231, positive=true, type=AUTOMATIC, visibility=ALWAYS, testCase=TestCaseDTO[testName=testMethods[Context], id=1474]], FeedbackDTO[id=999, text=null, detailText=null, hasLongFeedbackText=false, reference=null, credits=3.230769230769231, positive=true, type=AUTOMATIC, visibility=ALWAYS, testCase=TestCaseDTO[testName=testMethods[Policy], id=1475]], FeedbackDTO[id=1000, text=null, detailText=null, hasLongFeedbackText=false, reference=null, credits=3.230769230769231, positive=true, type=AUTOMATIC, visibility=ALWAYS, testCase=TestCaseDTO[testName=testMethods[SortStrategy], id=1476]], FeedbackDTO[id=1001, text=null, detailText=null, hasLongFeedbackText=false, reference=null, credits=3.230769230769231, positive=true, type=AUTOMATIC, visibility=ALWAYS, testCase=TestCaseDTO[testName=testClass[MergeSort], id=1471]], FeedbackDTO[id=1002, text=null, detailText=null, hasLongFeedbackText=false, reference=null, credits=3.230769230769231, positive=true, type=AUTOMATIC, visibility=ALWAYS, testCase=TestCaseDTO[testName=testClass[SortStrategy], id=1468]], FeedbackDTO[id=1003, text=null, detailText=null, hasLongFeedbackText=false, reference=null, credits=3.230769230769231, positive=true, type=AUTOMATIC, visibility=ALWAYS, testCase=TestCaseDTO[testName=testClass[BubbleSort], id=1472]], FeedbackDTO[id=1004, text=null, detailText=null, hasLongFeedbackText=false, reference=null, credits=3.230769230769231, positive=true, type=AUTOMATIC, visibility=ALWAYS, testCase=TestCaseDTO[testName=testMergeSort(), id=1477]], FeedbackDTO[id=1005, text=null, detailText=null, hasLongFeedbackText=false, reference=null, credits=3.230769230769231, positive=true, type=AUTOMATIC, visibility=ALWAYS, testCase=TestCaseDTO[testName=testUseBubbleSortForSmallList(), id=1478]], FeedbackDTO[id=1006, text=null, detailText=null, hasLongFeedbackText=false, reference=null, credits=3.230769230769231, positive=true, type=AUTOMATIC, visibility=ALWAYS, testCase=TestCaseDTO[testName=testBubbleSort(), id=1480]], FeedbackDTO[id=1007, text=null, detailText=null, hasLongFeedbackText=false, reference=null, credits=3.230769230769231, positive=true, type=AUTOMATIC, visibility=ALWAYS, testCase=TestCaseDTO[testName=testUseMergeSortForBigList(), id=1479]], FeedbackDTO[id=1008, text=null, detailText=null, hasLongFeedbackText=false, reference=null, credits=3.230769230769231, positive=true, type=AUTOMATIC, visibility=ALWAYS, testCase=TestCaseDTO[testName=testConstructors[Policy], id=1473]], FeedbackDTO[id=1009, text=null, detailText=null, hasLongFeedbackText=false, reference=null, credits=3.230769230769231, positive=true, type=AUTOMATIC, visibility=ALWAYS, testCase=TestCaseDTO[testName=testAttributes[Context], id=1469]], FeedbackDTO[id=1010, text=null, detailText=null, hasLongFeedbackText=false, reference=null, credits=3.230769230769231, positive=true, type=AUTOMATIC, visibility=ALWAYS, testCase=TestCaseDTO[testName=testAttributes[Policy], id=1470]]], assessmentType=AUTOMATIC, hasComplaint=null, exampleResult=null, testCaseCount=13, passedTestCaseCount=13, codeIssueCount=0]], BuildJobQueueItem[id=20301739576752239, name=SHORT716C2EC10B19B049C80A2F00B97EAB20B2A9TSTEXC-BASE, buildAgent=BuildAgentDTO[name=artemis-build-agent-test, memberAddress=[127.0.0.1]:5703, displayName=artemis-build-agent-test], participationId=2030, courseId=993, exerciseId=2610, retryCount=0, priority=2, status=SUCCESSFUL, repositoryInfo=RepositoryInfo[repositoryName=short716c2ec10b19b049c80a2f00b97eab20b2a9tstexc-exercise, repositoryType=exercise, triggeredByPushTo=tests, assignmentRepositoryUri=http://localhost:49152/git/SHORT716C2EC10B19B049C80A2F00B97EAB20B2A9TSTEXC/short716c2ec10b19b049c80a2f00b97eab20b2a9tstexc-exercise.git, testRepositoryUri=http://localhost:49152/git/SHORT716C2EC10B19B049C80A2F00B97EAB20B2A9TSTEXC/short716c2ec10b19b049c80a2f00b97eab20b2a9tstexc-tests.git, solutionRepositoryUri=null, auxiliaryRepositoryUris=[Ljava.lang.String;@5b8cc5c2, auxiliaryRepositoryCheckoutDirectories=[Ljava.lang.String;@23e75836], jobTimingInfo=JobTimingInfo[submissionDate=2025-02-14T23:45:52.239402475Z[Etc/UTC], buildStartDate=2025-02-14T23:45:52.258713639Z[Etc/UTC], buildCompletionDate=2025-02-14T23:45:53.238773956Z[Etc/UTC], estimatedCompletionDate=2025-02-14T23:45:53.258707428Z[Etc/UTC], estimatedDuration=1], buildConfig=BuildConfig[buildScript=#!/bin/bash
cd /var/tmp/testing-dir
chmod +x ./gradlew
./gradlew clean test
, dockerImage=dummy-docker-image:latest, commitHashToBuild=1e531733ed6e9237f710b528d1eb0b7beac565fd, assignmentCommitHash=815e279f12ad296b4f24c44134a07293c04c010f, testCommitHash=1e531733ed6e9237f710b528d1eb0b7beac565fd, branch=main, programmingLanguage=JAVA, projectType=PLAIN_GRADLE, scaEnabled=false, sequentialTestRunsEnabled=false, resultPaths=[/var/tmp/testing-dir/**/test-results/test/*.xml], timeoutSeconds=0, assignmentCheckoutPath=null, testCheckoutPath=null, solutionCheckoutPath=null, dockerRunConfig=null], submissionResult=ResultDTO[id=639, completionDate=2025-02-14T23:45:53.225806205Z[Etc/UTC], successful=false, score=0.0, rated=true, submission=SubmissionDTO[id=833, submitted=true, type=TEST, exampleSubmission=null, submissionDate=2025-02-14T23:45:52.237179Z, commitHash=1e531733ed6e9237f710b528d1eb0b7beac565fd, buildFailed=false, buildArtifact=false, participation=ParticipationDTO[id=2030, testRun=false, type=template, submissionCount=null, exercise=ParticipationExerciseDTO[id=2610, exerciseType=PROGRAMMING, type=programming, assessmentType=AUTOMATIC, dueDate=2025-02-16T23:45:50.869093Z, assessmentDueDate=null, maxPoints=42.0, course=CourseDTO[id=993, accuracyOfScores=1]]], submissionExerciseType=programming, isProcessing=false, buildStartDate=null, estimatedCompletionDate=null], participation=ParticipationDTO[id=2030, testRun=false, type=template, submissionCount=null, exercise=ParticipationExerciseDTO[id=2610, exerciseType=PROGRAMMING, type=programming, assessmentType=AUTOMATIC, dueDate=2025-02-16T23:45:50.869093Z, assessmentDueDate=null, maxPoints=42.0, course=CourseDTO[id=993, accuracyOfScores=1]]], feedbacks=[FeedbackDTO[id=1011, text=null, detailText=The exercise expects a class with the name Context in the package testpackage. You did not implement the class in the exercise., hasLongFeedbackText=false, reference=null, credits=0.0, positive=false, type=AUTOMATIC, visibility=ALWAYS, testCase=TestCaseDTO[testName=testMethods[Context], id=1474]], FeedbackDTO[id=1012, text=null, detailText=The exercise expects a class with the name Policy in the package testpackage. You did not implement the class in the exercise., hasLongFeedbackText=false, reference=null, credits=0.0, positive=false, type=AUTOMATIC, visibility=ALWAYS, testCase=TestCaseDTO[testName=testMethods[Policy], id=1475]], FeedbackDTO[id=1013, text=null, detailText=The exercise expects a class with the name SortStrategy in the package testpackage. You did not implement the class in the exercise., hasLongFeedbackText=false, reference=null, credits=0.0, positive=false, type=AUTOMATIC, visibility=ALWAYS, testCase=TestCaseDTO[testName=testMethods[SortStrategy], id=1476]], FeedbackDTO[id=1014, text=null, detailText=The class 'MergeSort' does not implement the interface 'SortStrategy' as expected. Implement the interface and its methods., hasLongFeedbackText=false, reference=null, credits=0.0, positive=false, type=AUTOMATIC, visibility=ALWAYS, testCase=TestCaseDTO[testName=testClass[MergeSort], id=1471]], FeedbackDTO[id=1015, text=null, detailText=The exercise expects a class with the name SortStrategy in the package testpackage. You did not implement the class in the exercise., hasLongFeedbackText=false, reference=null, credits=0.0, positive=false, type=AUTOMATIC, visibility=ALWAYS, testCase=TestCaseDTO[testName=testClass[SortStrategy], id=1468]], FeedbackDTO[id=1016, text=null, detailText=The class 'BubbleSort' does not implement the interface 'SortStrategy' as expected. Implement the interface and its methods., hasLongFeedbackText=false, reference=null, credits=0.0, positive=false, type=AUTOMATIC, visibility=ALWAYS, testCase=TestCaseDTO[testName=testClass[BubbleSort], id=1472]], FeedbackDTO[id=1017, text=null, detailText=MergeSort does not sort correctly, hasLongFeedbackText=false, reference=null, credits=0.0, positive=false, type=AUTOMATIC, visibility=ALWAYS, testCase=TestCaseDTO[testName=testMergeSort(), id=1477]], FeedbackDTO[id=1018, text=null, detailText=The class 'Context' was not found within the submission. Make sure to implement it properly., hasLongFeedbackText=false, reference=null, credits=0.0, positive=false, type=AUTOMATIC, visibility=ALWAYS, testCase=TestCaseDTO[testName=testUseBubbleSortForSmallList(), id=1478]], FeedbackDTO[id=1019, text=null, detailText=BubbleSort does not sort correctly, hasLongFeedbackText=false, reference=null, credits=0.0, positive=false, type=AUTOMATIC, visibility=ALWAYS, testCase=TestCaseDTO[testName=testBubbleSort(), id=1480]], FeedbackDTO[id=1020, text=null, detailText=The class 'Context' was not found within the submission. Make sure to implement it properly., hasLongFeedbackText=false, reference=null, credits=0.0, positive=false, type=AUTOMATIC, visibility=ALWAYS, testCase=TestCaseDTO[testName=testUseMergeSortForBigList(), id=1479]], FeedbackDTO[id=1021, text=null, detailText=The exercise expects a class with the name Policy in the package testpackage. You did not implement the class in the exercise., hasLongFeedbackText=false, reference=null, credits=0.0, positive=false, type=AUTOMATIC, visibility=ALWAYS, testCase=TestCaseDTO[testName=testConstructors[Policy], id=1473]], FeedbackDTO[id=1022, text=null, detailText=The exercise expects a class with the name Context in the package testpackage. You did not implement the class in the exercise., hasLongFeedbackText=false, reference=null, credits=0.0, positive=false, type=AUTOMATIC, visibility=ALWAYS, testCase=TestCaseDTO[testName=testAttributes[Context], id=1469]], FeedbackDTO[id=1023, text=null, detailText=The exercise expects a class with the name Policy in the package testpackage. You did not implement the class in the exercise., hasLongFeedbackText=false, reference=null, credits=0.0, positive=false, type=AUTOMATIC, visibility=ALWAYS, testCase=TestCaseDTO[testName=testAttributes[Policy], id=1470]]], assessmentType=AUTOMATIC, hasComplaint=null, exampleResult=null, testCaseCount=13, passedTestCaseCount=0, codeIssueCount=0]], BuildJobQueueItem[id=20391739576754750, name=SHORT3A680734092E404EF80A4C60FBC1E408F7D0TSTEXC-LOCALVCCIINTSTUDENT1, buildAgent=BuildAgentDTO[name=artemis-build-agent-test, memberAddress=[127.0.0.1]:5703, displayName=artemis-build-agent-test], participationId=2039, courseId=996, exerciseId=2613, retryCount=0, priority=2, status=SUCCESSFUL, repositoryInfo=RepositoryInfo[repositoryName=short3a680734092e404ef80a4c60fbc1e408f7d0tstexc-localvcciintstudent1, repositoryType=user, triggeredByPushTo=user, assignmentRepositoryUri=http://localhost:49152/git/SHORT3A680734092E404EF80A4C60FBC1E408F7D0TSTEXC/short3a680734092e404ef80a4c60fbc1e408f7d0tstexc-localvcciintstudent1.git, testRepositoryUri=http://localhost:49152/git/SHORT3A680734092E404EF80A4C60FBC1E408F7D0TSTEXC/short3a680734092e404ef80a4c60fbc1e408f7d0tstexc-tests.git, solutionRepositoryUri=null, auxiliaryRepositoryUris=[Ljava.lang.String;@349379a9, auxiliaryRepositoryCheckoutDirectories=[Ljava.lang.String;@757a0107], jobTimingInfo=JobTimingInfo[submissionDate=2025-02-14T23:45:54.750657185Z[Etc/UTC], buildStartDate=2025-02-14T23:45:54.765232948Z[Etc/UTC], buildCompletionDate=2025-02-14T23:45:55.645844970Z[Etc/UTC], estimatedCompletionDate=2025-02-14T23:46:13.765225363Z[Etc/UTC], estimatedDuration=19], buildConfig=BuildConfig[buildScript=#!/bin/bash
cd /var/tmp/testing-dir
chmod +x ./gradlew
./gradlew clean test
, dockerImage=dummy-docker-image:latest, commitHashToBuild=9344436f8d5a5ce3aa40215562db211ed501371f, assignmentCommitHash=9344436f8d5a5ce3aa40215562db211ed501371f, testCommitHash=ff421c3651ec230fed2f20f72c2901ae372be06a, branch=main, programmingLanguage=JAVA, projectType=PLAIN_GRADLE, scaEnabled=false, sequentialTestRunsEnabled=false, resultPaths=[/var/tmp/testing-dir/**/test-results/test/*.xml], timeoutSeconds=0, assignmentCheckoutPath=null, testCheckoutPath=null, solutionCheckoutPath=null, dockerRunConfig=null], submissionResult=ResultDTO[id=640, completionDate=2025-02-14T23:45:55.628250079Z[Etc/UTC], successful=false, score=7.7, rated=true, submission=SubmissionDTO[id=834, submitted=true, type=MANUAL, exampleSubmission=null, submissionDate=2025-02-14T23:45:54.732007Z, commitHash=9344436f8d5a5ce3aa40215562db211ed501371f, buildFailed=false, buildArtifact=false, participation=ParticipationDTO[id=2039, testRun=false, type=programming, submissionCount=null, exercise=ParticipationExerciseDTO[id=2613, exerciseType=PROGRAMMING, type=programming, assessmentType=AUTOMATIC, dueDate=2025-02-16T23:45:54.546562Z, assessmentDueDate=null, maxPoints=42.0, course=CourseDTO[id=996, accuracyOfScores=1]]], submissionExerciseType=programming, isProcessing=false, buildStartDate=null, estimatedCompletionDate=null], participation=ParticipationDTO[id=2039, testRun=false, type=programming, submissionCount=null, exercise=ParticipationExerciseDTO[id=2613, exerciseType=PROGRAMMING, type=programming, assessmentType=AUTOMATIC, dueDate=2025-02-16T23:45:54.546562Z, assessmentDueDate=null, maxPoints=42.0, course=CourseDTO[id=996, accuracyOfScores=1]]], feedbacks=[FeedbackDTO[id=1024, text=null, detailText=The exercise expects a class with the name Context in the package testpackage. You did not implement the class in the exercise., hasLongFeedbackText=false, reference=null, credits=0.0, positive=false, type=AUTOMATIC, visibility=ALWAYS, testCase=TestCaseDTO[testName=null, id=1513]], FeedbackDTO[id=1025, text=null, detailText=The exercise expects a class with the name Policy in the package testpackage. You did not implement the class in the exercise., hasLongFeedbackText=false, reference=null, credits=0.0, positive=false, type=AUTOMATIC, visibility=ALWAYS, testCase=TestCaseDTO[testName=null, id=1514]], FeedbackDTO[id=1026, text=null, detailText=The exercise expects a class with the name SortStrategy in the package testpackage. You did not implement the class in the exercise., hasLongFeedbackText=false, reference=null, credits=0.0, positive=false, type=AUTOMATIC, visibility=ALWAYS, testCase=TestCaseDTO[testName=null, id=1515]], FeedbackDTO[id=1027, text=null, detailText=The class 'MergeSort' does not implement the interface 'SortStrategy' as expected. Implement the interface and its methods., hasLongFeedbackText=false, reference=null, credits=0.0, positive=false, type=AUTOMATIC, visibility=ALWAYS, testCase=TestCaseDTO[testName=null, id=1510]], FeedbackDTO[id=1028, text=null, detailText=The exercise expects a class with the name SortStrategy in the package testpackage. You did not implement the class in the exercise., hasLongFeedbackText=false, reference=null, credits=0.0, positive=false, type=AUTOMATIC, visibility=ALWAYS, testCase=TestCaseDTO[testName=null, id=1507]], FeedbackDTO[id=1029, text=null, detailText=The class 'BubbleSort' does not implement the interface 'SortStrategy' as expected. Implement the interface and its methods., hasLongFeedbackText=false, reference=null, credits=0.0, positive=false, type=AUTOMATIC, visibility=ALWAYS, testCase=TestCaseDTO[testName=null, id=1511]], FeedbackDTO[id=1030, text=null, detailText=MergeSort does not sort correctly, hasLongFeedbackText=false, reference=null, credits=0.0, positive=false, type=AUTOMATIC, visibility=ALWAYS, testCase=TestCaseDTO[testName=null, id=1516]], FeedbackDTO[id=1031, text=null, detailText=The class 'Context' was not found within the submission. Make sure to implement it properly., hasLongFeedbackText=false, reference=null, credits=0.0, positive=false, type=AUTOMATIC, visibility=ALWAYS, testCase=TestCaseDTO[testName=null, id=1517]], FeedbackDTO[id=1032, text=null, detailText=The class 'Context' was not found within the submission. Make sure to implement it properly., hasLongFeedbackText=false, reference=null, credits=0.0, positive=false, type=AUTOMATIC, visibility=ALWAYS, testCase=TestCaseDTO[testName=null, id=1518]], FeedbackDTO[id=1033, text=null, detailText=The exercise expects a class with the name Policy in the package testpackage. You did not implement the class in the exercise., hasLongFeedbackText=false, reference=null, credits=0.0, positive=false, type=AUTOMATIC, visibility=ALWAYS, testCase=TestCaseDTO[testName=null, id=1512]], FeedbackDTO[id=1034, text=null, detailText=The exercise expects a class with the name Context in the package testpackage. You did not implement the class in the exercise., hasLongFeedbackText=false, reference=null, credits=0.0, positive=false, type=AUTOMATIC, visibility=ALWAYS, testCase=TestCaseDTO[testName=null, id=1508]], FeedbackDTO[id=1035, text=null, detailText=The exercise expects a class with the name Policy in the package testpackage. You did not implement the class in the exercise., hasLongFeedbackText=false, reference=null, credits=0.0, positive=false, type=AUTOMATIC, visibility=ALWAYS, testCase=TestCaseDTO[testName=null, id=1509]], FeedbackDTO[id=1036, text=null, detailText=null, hasLongFeedbackText=false, reference=null, credits=3.230769230769231, positive=true, type=AUTOMATIC, visibility=ALWAYS, testCase=TestCaseDTO[testName=null, id=1519]]], assessmentType=AUTOMATIC, hasComplaint=null, exampleResult=null, testCaseCount=13, passedTestCaseCount=1, codeIssueCount=0]]], publicSshKey=ssh-rsa AAAAB3NzaC1yc2EAAAADAQABAAACAQCOPdMsxRE2jFJ/UEa5/LsBxtwzJcrh3/rYBCQvcMeVpiRfhzQPWu7mrt/G2Ew+i+vRloGH9aqKg6dd1liRncao53Zmd/ePxoatXePNhmzTfkCkcSkTUz7B+QMjkoDDV5jwuFPD6mF3JkhuzSi64n9Zy905t4w2IhVcjM2mL3eYNjiCXt6Qpq3Pkt7dM/Ksw1nxnvuiIALuJLB3FTkXkHqq3PJav+9HSq2r6ZaWgekneaGxlQlb+U+Vy3XOuArKAzK8c8i+0bR+AHiTG6ncYXt7ax3U+TdlDTF7OLP3umwaYjs1NBXOHwG42pevvpKn2fqavZZozk+M05jXLx3bq0O7itxfErWc7etky8qYPyyIMF/txQIVLd78+Ze4d7Y60t5MGbXM5cGE6fFif5fEJwgswXD+BrG0cafz1CTatjSKFdvp8Vp4VszXhHDan1PrP6JEFJ5Cc5GDmLRZPCFa3vL9f5qXgf4bkqKN8MYeEujwJE5nMRWoiJVNakix2bcrrneQMBlnYeYZVWXXXUusAQBzl4NgddC1umZpihZkL1b1MffZAUW3EGEXi7KHnllQhkTLLsQ8ntMgbylqaJKStqaXlLvdeRJcEnUuiFCrHEVVbXRFZR7XVDZ02CE5o3MuaRPty8Kh+jRTF3COlAckHwYEJCNNJvXFgb2CNXL4mjzYDw== test@localhost]
    23:45:55.733 | 588 artemis-task-1   | DEBUG | d.t.c.a.a.c.c.w.GzipMessageConverter : Compressed message payload from 113787 to 10916 (saved 90.4% payload size)
    23:45:55.733 | 566 localvc.event-13 | DEBUG | s.l.LocalCIWebsocketMessagingService : Sending message on topic /topic/admin/build-agents: [BuildAgentInformation[buildAgent=BuildAgentDTO[name=artemis-build-agent-test, memberAddress=[127.0.0.1]:5703, displayName=artemis-build-agent-test], maxNumberOfConcurrentBuildJobs=1, numberOfCurrentBuildJobs=0, runningBuildJobs=[], status=IDLE, recentBuildJobs=null, publicSshKey=null]]
    23:45:55.734 | 588 artemis-task-1   | DEBUG | d.t.c.a.a.c.c.w.GzipMessageConverter : Compressed message payload from 255 to 232 (saved 9.0% payload size)
    23:45:55.735 | 566 localvc.event-13 | DEBUG | s.l.LocalCIWebsocketMessagingService : Sending message on topic /topic/admin/build-agent/artemis-build-agent-test: BuildAgentInformation[buildAgent=BuildAgentDTO[name=artemis-build-agent-test, memberAddress=[127.0.0.1]:5703, displayName=artemis-build-agent-test], maxNumberOfConcurrentBuildJobs=1, numberOfCurrentBuildJobs=0, runningBuildJobs=[], status=IDLE, recentBuildJobs=[BuildJobQueueItem[id=19141739576708030, name=SHORT5F02A8F400311042E70858306EB148073CFDTSTEXC-LOCALVCINTSTUDENT1, buildAgent=BuildAgentDTO[name=artemis-build-agent-test, memberAddress=[127.0.0.1]:5703, displayName=artemis-build-agent-test], participationId=1914, courseId=947, exerciseId=2564, retryCount=0, priority=2, status=FAILED, repositoryInfo=RepositoryInfo[repositoryName=short5f02a8f400311042e70858306eb148073cfdtstexc-localvcintstudent1, repositoryType=user, triggeredByPushTo=user, assignmentRepositoryUri=http://localhost:49152/git/SHORT5F02A8F400311042E70858306EB148073CFDTSTEXC/short5f02a8f400311042e70858306eb148073cfdtstexc-localvcintstudent1.git, testRepositoryUri=http://localhost:49152/git/SHORT5F02A8F400311042E70858306EB148073CFDTSTEXC/short5f02a8f400311042e70858306eb148073cfdtstexc-tests.git, solutionRepositoryUri=null, auxiliaryRepositoryUris=[Ljava.lang.String;@7e2bdade, auxiliaryRepositoryCheckoutDirectories=[Ljava.lang.String;@5bfc8e25], jobTimingInfo=JobTimingInfo[submissionDate=2025-02-14T23:45:08.030118216Z[Etc/UTC], buildStartDate=2025-02-14T23:45:08.041011412Z[Etc/UTC], buildCompletionDate=2025-02-14T23:45:08.054603331Z[Etc/UTC], estimatedCompletionDate=2025-02-14T23:45:27.041005080Z[Etc/UTC], estimatedDuration=19], buildConfig=BuildConfig[buildScript=#!/bin/bash
cd /var/tmp/testing-dir
chmod +x ./gradlew
./gradlew clean test
, dockerImage=dummy-docker-image:latest, commitHashToBuild=6e7146cac5059504aa9d170ec3fa23aec740bb51, assignmentCommitHash=6e7146cac5059504aa9d170ec3fa23aec740bb51, testCommitHash=931e5303581c7a2f01339ba603cfafbfe668b901, branch=main, programmingLanguage=JAVA, projectType=PLAIN_GRADLE, scaEnabled=false, sequentialTestRunsEnabled=false, resultPaths=[/var/tmp/testing-dir/**/test-results/test/*.xml], timeoutSeconds=0, assignmentCheckoutPath=null, testCheckoutPath=null, solutionCheckoutPath=null, dockerRunConfig=null], submissionResult=ResultDTO[id=622, completionDate=2025-02-14T23:45:08.054683681Z[Etc/UTC], successful=false, score=0.0, rated=true, submission=SubmissionDTO[id=814, submitted=true, type=MANUAL, exampleSubmission=null, submissionDate=2025-02-14T23:45:08.016200Z, commitHash=6e7146cac5059504aa9d170ec3fa23aec740bb51, buildFailed=true, buildArtifact=false, participation=ParticipationDTO[id=1914, testRun=false, type=programming, submissionCount=null, exercise=ParticipationExerciseDTO[id=2564, exerciseType=PROGRAMMING, type=programming, assessmentType=AUTOMATIC, dueDate=2025-02-16T23:45:07.324348Z, assessmentDueDate=null, maxPoints=42.0, course=CourseDTO[id=947, accuracyOfScores=1]]], submissionExerciseType=programming, isProcessing=false, buildStartDate=null, estimatedCompletionDate=null], participation=ParticipationDTO[id=1914, testRun=false, type=programming, submissionCount=null, exercise=ParticipationExerciseDTO[id=2564, exerciseType=PROGRAMMING, type=programming, assessmentType=AUTOMATIC, dueDate=2025-02-16T23:45:07.324348Z, assessmentDueDate=null, maxPoints=42.0, course=CourseDTO[id=947, accuracyOfScores=1]]], feedbacks=[], assessmentType=AUTOMATIC, hasComplaint=null, exampleResult=null, testCaseCount=0, passedTestCaseCount=0, codeIssueCount=0]], BuildJobQueueItem[id=19361739576711303, name=SHORT9AFDAE3804CA304DDF0889A0CB0F56104A86TSTEXC-LOCALVCINTSTUDENT1, buildAgent=BuildAgentDTO[name=artemis-build-agent-test, memberAddress=[127.0.0.1]:5703, displayName=artemis-build-agent-test], participationId=1936, courseId=956, exerciseId=2573, retryCount=0, priority=2, status=FAILED, repositoryInfo=RepositoryInfo[repositoryName=short9afdae3804ca304ddf0889a0cb0f56104a86tstexc-localvcintstudent1, repositoryType=user, triggeredByPushTo=user, assignmentRepositoryUri=http://localhost:49152/git/SHORT9AFDAE3804CA304DDF0889A0CB0F56104A86TSTEXC/short9afdae3804ca304ddf0889a0cb0f56104a86tstexc-localvcintstudent1.git, testRepositoryUri=http://localhost:49152/git/SHORT9AFDAE3804CA304DDF0889A0CB0F56104A86TSTEXC/short9afdae3804ca304ddf0889a0cb0f56104a86tstexc-tests.git, solutionRepositoryUri=null, auxiliaryRepositoryUris=[Ljava.lang.String;@38bf2565, auxiliaryRepositoryCheckoutDirectories=[Ljava.lang.String;@3c1a5458], jobTimingInfo=JobTimingInfo[submissionDate=2025-02-14T23:45:11.303805653Z[Etc/UTC], buildStartDate=2025-02-14T23:45:11.310981356Z[Etc/UTC], buildCompletionDate=2025-02-14T23:45:11.319178384Z[Etc/UTC], estimatedCompletionDate=2025-02-14T23:45:30.310974944Z[Etc/UTC], estimatedDuration=19], buildConfig=BuildConfig[buildScript=#!/bin/bash
cd /var/tmp/testing-dir
chmod +x ./gradlew
./gradlew clean test
, dockerImage=dummy-docker-image:latest, commitHashToBuild=a1099e378cffde441ef85f9b12577ca174b8e1e4, assignmentCommitHash=a1099e378cffde441ef85f9b12577ca174b8e1e4, testCommitHash=bd38d61c299ab11a1dea82a3ca5493fe04d97d47, branch=main, programmingLanguage=JAVA, projectType=PLAIN_GRADLE, scaEnabled=false, sequentialTestRunsEnabled=false, resultPaths=[/var/tmp/testing-dir/**/test-results/test/*.xml], timeoutSeconds=0, assignmentCheckoutPath=null, testCheckoutPath=null, solutionCheckoutPath=null, dockerRunConfig=null], submissionResult=ResultDTO[id=623, completionDate=2025-02-14T23:45:11.319278430Z[Etc/UTC], successful=false, score=0.0, rated=true, submission=SubmissionDTO[id=815, submitted=true, type=MANUAL, exampleSubmission=null, submissionDate=2025-02-14T23:45:11.294386Z, commitHash=a1099e378cffde441ef85f9b12577ca174b8e1e4, buildFailed=true, buildArtifact=false, participation=ParticipationDTO[id=1936, testRun=false, type=programming, submissionCount=null, exercise=ParticipationExerciseDTO[id=2573, exerciseType=PROGRAMMING, type=programming, assessmentType=AUTOMATIC, dueDate=2025-02-16T23:45:10.996982Z, assessmentDueDate=null, maxPoints=42.0, course=CourseDTO[id=956, accuracyOfScores=1]]], submissionExerciseType=programming, isProcessing=false, buildStartDate=null, estimatedCompletionDate=null], participation=ParticipationDTO[id=1936, testRun=false, type=programming, submissionCount=null, exercise=ParticipationExerciseDTO[id=2573, exerciseType=PROGRAMMING, type=programming, assessmentType=AUTOMATIC, dueDate=2025-02-16T23:45:10.996982Z, assessmentDueDate=null, maxPoints=42.0, course=CourseDTO[id=956, accuracyOfScores=1]]], feedbacks=[], assessmentType=AUTOMATIC, hasComplaint=null, exampleResult=null, testCaseCount=0, passedTestCaseCount=0, codeIssueCount=0]], BuildJobQueueItem[id=19351739576711674, name=SHORT9AFDAE3804CA304DDF0889A0CB0F56104A86TSTEXC-BASE, buildAgent=BuildAgentDTO[name=artemis-build-agent-test, memberAddress=[127.0.0.1]:5703, displayName=artemis-build-agent-test], participationId=1935, courseId=956, exerciseId=2573, retryCount=0, priority=2, status=FAILED, repositoryInfo=RepositoryInfo[repositoryName=short9afdae3804ca304ddf0889a0cb0f56104a86tstexc-exercise, repositoryType=exercise, triggeredByPushTo=exercise, assignmentRepositoryUri=http://localhost:49152/git/SHORT9AFDAE3804CA304DDF0889A0CB0F56104A86TSTEXC/short9afdae3804ca304ddf0889a0cb0f56104a86tstexc-exercise.git, testRepositoryUri=http://localhost:49152/git/SHORT9AFDAE3804CA304DDF0889A0CB0F56104A86TSTEXC/short9afdae3804ca304ddf0889a0cb0f56104a86tstexc-tests.git, solutionRepositoryUri=null, auxiliaryRepositoryUris=[Ljava.lang.String;@1c47942f, auxiliaryRepositoryCheckoutDirectories=[Ljava.lang.String;@2375bc24], jobTimingInfo=JobTimingInfo[submissionDate=2025-02-14T23:45:11.674556681Z[Etc/UTC], buildStartDate=2025-02-14T23:45:11.677776879Z[Etc/UTC], buildCompletionDate=2025-02-14T23:45:11.688097378Z[Etc/UTC], estimatedCompletionDate=2025-02-14T23:45:30.677771620Z[Etc/UTC], estimatedDuration=19], buildConfig=BuildConfig[buildScript=#!/bin/bash
cd /var/tmp/testing-dir
chmod +x ./gradlew
./gradlew clean test
, dockerImage=dummy-docker-image:latest, commitHashToBuild=a1099e378cffde441ef85f9b12577ca174b8e1e4, assignmentCommitHash=a1099e378cffde441ef85f9b12577ca174b8e1e4, testCommitHash=bd38d61c299ab11a1dea82a3ca5493fe04d97d47, branch=main, programmingLanguage=JAVA, projectType=PLAIN_GRADLE, scaEnabled=false, sequentialTestRunsEnabled=false, resultPaths=[/var/tmp/testing-dir/**/test-results/test/*.xml], timeoutSeconds=0, assignmentCheckoutPath=null, testCheckoutPath=null, solutionCheckoutPath=null, dockerRunConfig=null], submissionResult=ResultDTO[id=624, completionDate=2025-02-14T23:45:11.688214837Z[Etc/UTC], successful=false, score=0.0, rated=true, submission=SubmissionDTO[id=816, submitted=true, type=MANUAL, exampleSubmission=null, submissionDate=2025-02-14T23:45:11.656934Z, commitHash=a1099e378cffde441ef85f9b12577ca174b8e1e4, buildFailed=true, buildArtifact=false, participation=ParticipationDTO[id=1935, testRun=false, type=template, submissionCount=null, exercise=ParticipationExerciseDTO[id=2573, exerciseType=PROGRAMMING, type=programming, assessmentType=AUTOMATIC, dueDate=2025-02-16T23:45:10.996982Z, assessmentDueDate=null, maxPoints=42.0, course=CourseDTO[id=956, accuracyOfScores=1]]], submissionExerciseType=programming, isProcessing=false, buildStartDate=null, estimatedCompletionDate=null], participation=ParticipationDTO[id=1935, testRun=false, type=template, submissionCount=null, exercise=ParticipationExerciseDTO[id=2573, exerciseType=PROGRAMMING, type=programming, assessmentType=AUTOMATIC, dueDate=2025-02-16T23:45:10.996982Z, assessmentDueDate=null, maxPoints=42.0, course=CourseDTO[id=956, accuracyOfScores=1]]], feedbacks=[], assessmentType=AUTOMATIC, hasComplaint=null, exampleResult=null, testCaseCount=0, passedTestCaseCount=0, codeIssueCount=0]], BuildJobQueueItem[id=19341739576712112, name=SHORT9AFDAE3804CA304DDF0889A0CB0F56104A86TSTEXC-SOLUTION, buildAgent=BuildAgentDTO[name=artemis-build-agent-test, memberAddress=[127.0.0.1]:5703, displayName=artemis-build-agent-test], participationId=1934, courseId=956, exerciseId=2573, retryCount=0, priority=2, status=FAILED, repositoryInfo=RepositoryInfo[repositoryName=short9afdae3804ca304ddf0889a0cb0f56104a86tstexc-solution, repositoryType=solution, triggeredByPushTo=solution, assignmentRepositoryUri=http://localhost:49152/git/SHORT9AFDAE3804CA304DDF0889A0CB0F56104A86TSTEXC/short9afdae3804ca304ddf0889a0cb0f56104a86tstexc-solution.git, testRepositoryUri=http://localhost:49152/git/SHORT9AFDAE3804CA304DDF0889A0CB0F56104A86TSTEXC/short9afdae3804ca304ddf0889a0cb0f56104a86tstexc-tests.git, solutionRepositoryUri=null, auxiliaryRepositoryUris=[Ljava.lang.String;@62203122, auxiliaryRepositoryCheckoutDirectories=[Ljava.lang.String;@cf611aa], jobTimingInfo=JobTimingInfo[submissionDate=2025-02-14T23:45:12.112332872Z[Etc/UTC], buildStartDate=2025-02-14T23:45:12.121617114Z[Etc/UTC], buildCompletionDate=2025-02-14T23:45:12.127931701Z[Etc/UTC], estimatedCompletionDate=2025-02-14T23:45:31.121609600Z[Etc/UTC], estimatedDuration=19], buildConfig=BuildConfig[buildScript=#!/bin/bash
cd /var/tmp/testing-dir
chmod +x ./gradlew
./gradlew clean test
, dockerImage=dummy-docker-image:latest, commitHashToBuild=a1099e378cffde441ef85f9b12577ca174b8e1e4, assignmentCommitHash=a1099e378cffde441ef85f9b12577ca174b8e1e4, testCommitHash=bd38d61c299ab11a1dea82a3ca5493fe04d97d47, branch=main, programmingLanguage=JAVA, projectType=PLAIN_GRADLE, scaEnabled=false, sequentialTestRunsEnabled=false, resultPaths=[/var/tmp/testing-dir/**/test-results/test/*.xml], timeoutSeconds=0, assignmentCheckoutPath=null, testCheckoutPath=null, solutionCheckoutPath=null, dockerRunConfig=null], submissionResult=ResultDTO[id=625, completionDate=2025-02-14T23:45:12.128011800Z[Etc/UTC], successful=false, score=0.0, rated=true, submission=SubmissionDTO[id=817, submitted=true, type=MANUAL, exampleSubmission=null, submissionDate=2025-02-14T23:45:12.098737Z, commitHash=a1099e378cffde441ef85f9b12577ca174b8e1e4, buildFailed=true, buildArtifact=false, participation=ParticipationDTO[id=1934, testRun=false, type=solution, submissionCount=null, exercise=ParticipationExerciseDTO[id=2573, exerciseType=PROGRAMMING, type=programming, assessmentType=AUTOMATIC, dueDate=2025-02-16T23:45:10.996982Z, assessmentDueDate=null, maxPoints=42.0, course=CourseDTO[id=956, accuracyOfScores=1]]], submissionExerciseType=programming, isProcessing=false, buildStartDate=null, estimatedCompletionDate=null], participation=ParticipationDTO[id=1934, testRun=false, type=solution, submissionCount=null, exercise=ParticipationExerciseDTO[id=2573, exerciseType=PROGRAMMING, type=programming, assessmentType=AUTOMATIC, dueDate=2025-02-16T23:45:10.996982Z, assessmentDueDate=null, maxPoints=42.0, course=CourseDTO[id=956, accuracyOfScores=1]]], feedbacks=[], assessmentType=AUTOMATIC, hasComplaint=null, exampleResult=null, testCaseCount=0, passedTestCaseCount=0, codeIssueCount=0]], BuildJobQueueItem[id=19341739576713025, name=SHORT9AFDAE3804CA304DDF0889A0CB0F56104A86TSTEXC-SOLUTION, buildAgent=BuildAgentDTO[name=artemis-build-agent-test, memberAddress=[127.0.0.1]:5703, displayName=artemis-build-agent-test], participationId=1934, courseId=956, exerciseId=2573, retryCount=0, priority=2, status=FAILED, repositoryInfo=RepositoryInfo[repositoryName=short9afdae3804ca304ddf0889a0cb0f56104a86tstexc-solution, repositoryType=solution, triggeredByPushTo=tests, assignmentRepositoryUri=http://localhost:49152/git/SHORT9AFDAE3804CA304DDF0889A0CB0F56104A86TSTEXC/short9afdae3804ca304ddf0889a0cb0f56104a86tstexc-solution.git, testRepositoryUri=http://localhost:49152/git/SHORT9AFDAE3804CA304DDF0889A0CB0F56104A86TSTEXC/short9afdae3804ca304ddf0889a0cb0f56104a86tstexc-tests.git, solutionRepositoryUri=null, auxiliaryRepositoryUris=[Ljava.lang.String;@2c301af7, auxiliaryRepositoryCheckoutDirectories=[Ljava.lang.String;@22aa17c9], jobTimingInfo=JobTimingInfo[submissionDate=2025-02-14T23:45:13.025319671Z[Etc/UTC], buildStartDate=2025-02-14T23:45:13.040293146Z[Etc/UTC], buildCompletionDate=2025-02-14T23:45:13.053032917Z[Etc/UTC], estimatedCompletionDate=2025-02-14T23:45:32.040285703Z[Etc/UTC], estimatedDuration=19], buildConfig=BuildConfig[buildScript=#!/bin/bash
cd /var/tmp/testing-dir
chmod +x ./gradlew
./gradlew clean test
, dockerImage=dummy-docker-image:latest, commitHashToBuild=784f8f0049d2a1a54f21c67dd772bea86715267a, assignmentCommitHash=a1099e378cffde441ef85f9b12577ca174b8e1e4, testCommitHash=784f8f0049d2a1a54f21c67dd772bea86715267a, branch=main, programmingLanguage=JAVA, projectType=PLAIN_GRADLE, scaEnabled=false, sequentialTestRunsEnabled=false, resultPaths=[/var/tmp/testing-dir/**/test-results/test/*.xml], timeoutSeconds=0, assignmentCheckoutPath=null, testCheckoutPath=null, solutionCheckoutPath=null, dockerRunConfig=null], submissionResult=ResultDTO[id=626, completionDate=2025-02-14T23:45:13.053131811Z[Etc/UTC], successful=false, score=0.0, rated=true, submission=SubmissionDTO[id=818, submitted=true, type=TEST, exampleSubmission=null, submissionDate=2025-02-14T23:45:13.005779Z, commitHash=784f8f0049d2a1a54f21c67dd772bea86715267a, buildFailed=true, buildArtifact=false, participation=ParticipationDTO[id=1934, testRun=false, type=solution, submissionCount=null, exercise=ParticipationExerciseDTO[id=2573, exerciseType=PROGRAMMING, type=programming, assessmentType=AUTOMATIC, dueDate=2025-02-16T23:45:10.996982Z, assessmentDueDate=null, maxPoints=42.0, course=CourseDTO[id=956, accuracyOfScores=1]]], submissionExerciseType=programming, isProcessing=false, buildStartDate=null, estimatedCompletionDate=null], participation=ParticipationDTO[id=1934, testRun=false, type=solution, submissionCount=null, exercise=ParticipationExerciseDTO[id=2573, exerciseType=PROGRAMMING, type=programming, assessmentType=AUTOMATIC, dueDate=2025-02-16T23:45:10.996982Z, assessmentDueDate=null, maxPoints=42.0, course=CourseDTO[id=956, accuracyOfScores=1]]], feedbacks=[], assessmentType=AUTOMATIC, hasComplaint=null, exampleResult=null, testCaseCount=0, passedTestCaseCount=0, codeIssueCount=0]], BuildJobQueueItem[id=19581739576715555, name=SHORTC1A3F9FC03D2304B4308FA20AF16D54AAA49TSTEXC-LOCALVCSSHINTSTUDENT1, buildAgent=BuildAgentDTO[name=artemis-build-agent-test, memberAddress=[127.0.0.1]:5703, displayName=artemis-build-agent-test], participationId=1958, courseId=965, exerciseId=2582, retryCount=0, priority=2, status=FAILED, repositoryInfo=RepositoryInfo[repositoryName=shortc1a3f9fc03d2304b4308fa20af16d54aaa49tstexc-localvcsshintstudent1, repositoryType=user, triggeredByPushTo=user, assignmentRepositoryUri=http://localhost:49152/git/SHORTC1A3F9FC03D2304B4308FA20AF16D54AAA49TSTEXC/shortc1a3f9fc03d2304b4308fa20af16d54aaa49tstexc-localvcsshintstudent1.git, testRepositoryUri=http://localhost:49152/git/SHORTC1A3F9FC03D2304B4308FA20AF16D54AAA49TSTEXC/shortc1a3f9fc03d2304b4308fa20af16d54aaa49tstexc-tests.git, solutionRepositoryUri=null, auxiliaryRepositoryUris=[Ljava.lang.String;@41609b9f, auxiliaryRepositoryCheckoutDirectories=[Ljava.lang.String;@7da7a958], jobTimingInfo=JobTimingInfo[submissionDate=2025-02-14T23:45:15.555989584Z[Etc/UTC], buildStartDate=2025-02-14T23:45:15.568477627Z[Etc/UTC], buildCompletionDate=2025-02-14T23:45:15.579021148Z[Etc/UTC], estimatedCompletionDate=2025-02-14T23:45:34.568443924Z[Etc/UTC], estimatedDuration=19], buildConfig=BuildConfig[buildScript=#!/bin/bash
cd /var/tmp/testing-dir
chmod +x ./gradlew
./gradlew clean test
, dockerImage=dummy-docker-image:latest, commitHashToBuild=ca76dac20e040e6609db02fd7fedd56bf58829d7, assignmentCommitHash=ca76dac20e040e6609db02fd7fedd56bf58829d7, testCommitHash=bd0d58c226dc63bfa4bc9052870589952c0a1f83, branch=main, programmingLanguage=JAVA, projectType=PLAIN_GRADLE, scaEnabled=false, sequentialTestRunsEnabled=false, resultPaths=[/var/tmp/testing-dir/**/test-results/test/*.xml], timeoutSeconds=0, assignmentCheckoutPath=null, testCheckoutPath=null, solutionCheckoutPath=null, dockerRunConfig=null], submissionResult=ResultDTO[id=627, completionDate=2025-02-14T23:45:15.579119131Z[Etc/UTC], successful=false, score=0.0, rated=true, submission=SubmissionDTO[id=820, submitted=true, type=MANUAL, exampleSubmission=null, submissionDate=2025-02-14T23:45:15.548349Z, commitHash=ca76dac20e040e6609db02fd7fedd56bf58829d7, buildFailed=true, buildArtifact=false, participation=ParticipationDTO[id=1958, testRun=false, type=programming, submissionCount=null, exercise=ParticipationExerciseDTO[id=2582, exerciseType=PROGRAMMING, type=programming, assessmentType=AUTOMATIC, dueDate=2025-02-16T23:45:15.103512Z, assessmentDueDate=null, maxPoints=42.0, course=CourseDTO[id=965, accuracyOfScores=1]]], submissionExerciseType=programming, isProcessing=false, buildStartDate=null, estimatedCompletionDate=null], participation=ParticipationDTO[id=1958, testRun=false, type=programming, submissionCount=null, exercise=ParticipationExerciseDTO[id=2582, exerciseType=PROGRAMMING, type=programming, assessmentType=AUTOMATIC, dueDate=2025-02-16T23:45:15.103512Z, assessmentDueDate=null, maxPoints=42.0, course=CourseDTO[id=965, accuracyOfScores=1]]], feedbacks=[], assessmentType=AUTOMATIC, hasComplaint=null, exampleResult=null, testCaseCount=0, passedTestCaseCount=0, codeIssueCount=0]], BuildJobQueueItem[id=19801739576719393, name=SHORTB2A6C58B0D447045380A858075B170A5B7C6TSTEXC-LOCALVCSSHINTSTUDENT1, buildAgent=BuildAgentDTO[name=artemis-build-agent-test, memberAddress=[127.0.0.1]:5703, displayName=artemis-build-agent-test], participationId=1980, courseId=974, exerciseId=2591, retryCount=0, priority=2, status=FAILED, repositoryInfo=RepositoryInfo[repositoryName=shortb2a6c58b0d447045380a858075b170a5b7c6tstexc-localvcsshintstudent1, repositoryType=user, triggeredByPushTo=user, assignmentRepositoryUri=http://localhost:49152/git/SHORTB2A6C58B0D447045380A858075B170A5B7C6TSTEXC/shortb2a6c58b0d447045380a858075b170a5b7c6tstexc-localvcsshintstudent1.git, testRepositoryUri=http://localhost:49152/git/SHORTB2A6C58B0D447045380A858075B170A5B7C6TSTEXC/shortb2a6c58b0d447045380a858075b170a5b7c6tstexc-tests.git, solutionRepositoryUri=null, auxiliaryRepositoryUris=[Ljava.lang.String;@51ecf3b9, auxiliaryRepositoryCheckoutDirectories=[Ljava.lang.String;@238ab212], jobTimingInfo=JobTimingInfo[submissionDate=2025-02-14T23:45:19.393259829Z[Etc/UTC], buildStartDate=2025-02-14T23:45:19.405438171Z[Etc/UTC], buildCompletionDate=2025-02-14T23:45:19.414070673Z[Etc/UTC], estimatedCompletionDate=2025-02-14T23:45:38.405431569Z[Etc/UTC], estimatedDuration=19], buildConfig=BuildConfig[buildScript=#!/bin/bash
cd /var/tmp/testing-dir
chmod +x ./gradlew
./gradlew clean test
, dockerImage=dummy-docker-image:latest, commitHashToBuild=363cdbf709a9fff149f813ab848ee800a675cc77, assignmentCommitHash=363cdbf709a9fff149f813ab848ee800a675cc77, testCommitHash=a5e046ece417b2e538f21f816e2524dab61e0d10, branch=main, programmingLanguage=JAVA, projectType=PLAIN_GRADLE, scaEnabled=false, sequentialTestRunsEnabled=false, resultPaths=[/var/tmp/testing-dir/**/test-results/test/*.xml], timeoutSeconds=0, assignmentCheckoutPath=null, testCheckoutPath=null, solutionCheckoutPath=null, dockerRunConfig=null], submissionResult=ResultDTO[id=628, completionDate=2025-02-14T23:45:19.414171040Z[Etc/UTC], successful=false, score=0.0, rated=true, submission=SubmissionDTO[id=821, submitted=true, type=MANUAL, exampleSubmission=null, submissionDate=2025-02-14T23:45:19.376840Z, commitHash=363cdbf709a9fff149f813ab848ee800a675cc77, buildFailed=true, buildArtifact=false, participation=ParticipationDTO[id=1980, testRun=false, type=programming, submissionCount=null, exercise=ParticipationExerciseDTO[id=2591, exerciseType=PROGRAMMING, type=programming, assessmentType=AUTOMATIC, dueDate=2025-02-16T23:45:18.950569Z, assessmentDueDate=null, maxPoints=42.0, course=CourseDTO[id=974, accuracyOfScores=1]]], submissionExerciseType=programming, isProcessing=false, buildStartDate=null, estimatedCompletionDate=null], participation=ParticipationDTO[id=1980, testRun=false, type=programming, submissionCount=null, exercise=ParticipationExerciseDTO[id=2591, exerciseType=PROGRAMMING, type=programming, assessmentType=AUTOMATIC, dueDate=2025-02-16T23:45:18.950569Z, assessmentDueDate=null, maxPoints=42.0, course=CourseDTO[id=974, accuracyOfScores=1]]], feedbacks=[], assessmentType=AUTOMATIC, hasComplaint=null, exampleResult=null, testCaseCount=0, passedTestCaseCount=0, codeIssueCount=0]], BuildJobQueueItem[id=19791739576719787, name=SHORTB2A6C58B0D447045380A858075B170A5B7C6TSTEXC-BASE, buildAgent=BuildAgentDTO[name=artemis-build-agent-test, memberAddress=[127.0.0.1]:5703, displayName=artemis-build-agent-test], participationId=1979, courseId=974, exerciseId=2591, retryCount=0, priority=2, status=FAILED, repositoryInfo=RepositoryInfo[repositoryName=shortb2a6c58b0d447045380a858075b170a5b7c6tstexc-exercise, repositoryType=exercise, triggeredByPushTo=exercise, assignmentRepositoryUri=http://localhost:49152/git/SHORTB2A6C58B0D447045380A858075B170A5B7C6TSTEXC/shortb2a6c58b0d447045380a858075b170a5b7c6tstexc-exercise.git, testRepositoryUri=http://localhost:49152/git/SHORTB2A6C58B0D447045380A858075B170A5B7C6TSTEXC/shortb2a6c58b0d447045380a858075b170a5b7c6tstexc-tests.git, solutionRepositoryUri=null, auxiliaryRepositoryUris=[Ljava.lang.String;@6673699f, auxiliaryRepositoryCheckoutDirectories=[Ljava.lang.String;@265ee160], jobTimingInfo=JobTimingInfo[submissionDate=2025-02-14T23:45:19.787985058Z[Etc/UTC], buildStartDate=2025-02-14T23:45:19.796327417Z[Etc/UTC], buildCompletionDate=2025-02-14T23:45:19.799750982Z[Etc/UTC], estimatedCompletionDate=2025-02-14T23:45:38.796319082Z[Etc/UTC], estimatedDuration=19], buildConfig=BuildConfig[buildScript=#!/bin/bash
cd /var/tmp/testing-dir
chmod +x ./gradlew
./gradlew clean test
, dockerImage=dummy-docker-image:latest, commitHashToBuild=363cdbf709a9fff149f813ab848ee800a675cc77, assignmentCommitHash=363cdbf709a9fff149f813ab848ee800a675cc77, testCommitHash=a5e046ece417b2e538f21f816e2524dab61e0d10, branch=main, programmingLanguage=JAVA, projectType=PLAIN_GRADLE, scaEnabled=false, sequentialTestRunsEnabled=false, resultPaths=[/var/tmp/testing-dir/**/test-results/test/*.xml], timeoutSeconds=0, assignmentCheckoutPath=null, testCheckoutPath=null, solutionCheckoutPath=null, dockerRunConfig=null], submissionResult=ResultDTO[id=629, completionDate=2025-02-14T23:45:19.799820341Z[Etc/UTC], successful=false, score=0.0, rated=true, submission=SubmissionDTO[id=822, submitted=true, type=MANUAL, exampleSubmission=null, submissionDate=2025-02-14T23:45:19.775952Z, commitHash=363cdbf709a9fff149f813ab848ee800a675cc77, buildFailed=true, buildArtifact=false, participation=ParticipationDTO[id=1979, testRun=false, type=template, submissionCount=null, exercise=ParticipationExerciseDTO[id=2591, exerciseType=PROGRAMMING, type=programming, assessmentType=AUTOMATIC, dueDate=2025-02-16T23:45:18.950569Z, assessmentDueDate=null, maxPoints=42.0, course=CourseDTO[id=974, accuracyOfScores=1]]], submissionExerciseType=programming, isProcessing=false, buildStartDate=null, estimatedCompletionDate=null], participation=ParticipationDTO[id=1979, testRun=false, type=template, submissionCount=null, exercise=ParticipationExerciseDTO[id=2591, exerciseType=PROGRAMMING, type=programming, assessmentType=AUTOMATIC, dueDate=2025-02-16T23:45:18.950569Z, assessmentDueDate=null, maxPoints=42.0, course=CourseDTO[id=974, accuracyOfScores=1]]], feedbacks=[], assessmentType=AUTOMATIC, hasComplaint=null, exampleResult=null, testCaseCount=0, passedTestCaseCount=0, codeIssueCount=0]], BuildJobQueueItem[id=19781739576720235, name=SHORTB2A6C58B0D447045380A858075B170A5B7C6TSTEXC-SOLUTION, buildAgent=BuildAgentDTO[name=artemis-build-agent-test, memberAddress=[127.0.0.1]:5703, displayName=artemis-build-agent-test], participationId=1978, courseId=974, exerciseId=2591, retryCount=0, priority=2, status=FAILED, repositoryInfo=RepositoryInfo[repositoryName=shortb2a6c58b0d447045380a858075b170a5b7c6tstexc-solution, repositoryType=solution, triggeredByPushTo=solution, assignmentRepositoryUri=http://localhost:49152/git/SHORTB2A6C58B0D447045380A858075B170A5B7C6TSTEXC/shortb2a6c58b0d447045380a858075b170a5b7c6tstexc-solution.git, testRepositoryUri=http://localhost:49152/git/SHORTB2A6C58B0D447045380A858075B170A5B7C6TSTEXC/shortb2a6c58b0d447045380a858075b170a5b7c6tstexc-tests.git, solutionRepositoryUri=null, auxiliaryRepositoryUris=[Ljava.lang.String;@1019bf29, auxiliaryRepositoryCheckoutDirectories=[Ljava.lang.String;@6675951a], jobTimingInfo=JobTimingInfo[submissionDate=2025-02-14T23:45:20.235272325Z[Etc/UTC], buildStartDate=2025-02-14T23:45:20.243033812Z[Etc/UTC], buildCompletionDate=2025-02-14T23:45:20.250721018Z[Etc/UTC], estimatedCompletionDate=2025-02-14T23:45:39.243026949Z[Etc/UTC], estimatedDuration=19], buildConfig=BuildConfig[buildScript=#!/bin/bash
cd /var/tmp/testing-dir
chmod +x ./gradlew
./gradlew clean test
, dockerImage=dummy-docker-image:latest, commitHashToBuild=c710d0e68c9c7db8cda7d1a278308de2b9642cc0, assignmentCommitHash=c710d0e68c9c7db8cda7d1a278308de2b9642cc0, testCommitHash=a5e046ece417b2e538f21f816e2524dab61e0d10, branch=main, programmingLanguage=JAVA, projectType=PLAIN_GRADLE, scaEnabled=false, sequentialTestRunsEnabled=false, resultPaths=[/var/tmp/testing-dir/**/test-results/test/*.xml], timeoutSeconds=0, assignmentCheckoutPath=null, testCheckoutPath=null, solutionCheckoutPath=null, dockerRunConfig=null], submissionResult=ResultDTO[id=630, completionDate=2025-02-14T23:45:20.250809893Z[Etc/UTC], successful=false, score=0.0, rated=true, submission=SubmissionDTO[id=823, submitted=true, type=MANUAL, exampleSubmission=null, submissionDate=2025-02-14T23:45:20.211707Z, commitHash=c710d0e68c9c7db8cda7d1a278308de2b9642cc0, buildFailed=true, buildArtifact=false, participation=ParticipationDTO[id=1978, testRun=false, type=solution, submissionCount=null, exercise=ParticipationExerciseDTO[id=2591, exerciseType=PROGRAMMING, type=programming, assessmentType=AUTOMATIC, dueDate=2025-02-16T23:45:18.950569Z, assessmentDueDate=null, maxPoints=42.0, course=CourseDTO[id=974, accuracyOfScores=1]]], submissionExerciseType=programming, isProcessing=false, buildStartDate=null, estimatedCompletionDate=null], participation=ParticipationDTO[id=1978, testRun=false, type=solution, submissionCount=null, exercise=ParticipationExerciseDTO[id=2591, exerciseType=PROGRAMMING, type=programming, assessmentType=AUTOMATIC, dueDate=2025-02-16T23:45:18.950569Z, assessmentDueDate=null, maxPoints=42.0, course=CourseDTO[id=974, accuracyOfScores=1]]], feedbacks=[], assessmentType=AUTOMATIC, hasComplaint=null, exampleResult=null, testCaseCount=0, passedTestCaseCount=0, codeIssueCount=0]], BuildJobQueueItem[id=19781739576720802, name=SHORTB2A6C58B0D447045380A858075B170A5B7C6TSTEXC-SOLUTION, buildAgent=BuildAgentDTO[name=artemis-build-agent-test, memberAddress=[127.0.0.1]:5703, displayName=artemis-build-agent-test], participationId=1978, courseId=974, exerciseId=2591, retryCount=0, priority=2, status=FAILED, repositoryInfo=RepositoryInfo[repositoryName=shortb2a6c58b0d447045380a858075b170a5b7c6tstexc-solution, repositoryType=solution, triggeredByPushTo=tests, assignmentRepositoryUri=http://localhost:49152/git/SHORTB2A6C58B0D447045380A858075B170A5B7C6TSTEXC/shortb2a6c58b0d447045380a858075b170a5b7c6tstexc-solution.git, testRepositoryUri=http://localhost:49152/git/SHORTB2A6C58B0D447045380A858075B170A5B7C6TSTEXC/shortb2a6c58b0d447045380a858075b170a5b7c6tstexc-tests.git, solutionRepositoryUri=null, auxiliaryRepositoryUris=[Ljava.lang.String;@1bb727da, auxiliaryRepositoryCheckoutDirectories=[Ljava.lang.String;@4ab3902d], jobTimingInfo=JobTimingInfo[submissionDate=2025-02-14T23:45:20.802935026Z[Etc/UTC], buildStartDate=2025-02-14T23:45:20.809306435Z[Etc/UTC], buildCompletionDate=2025-02-14T23:45:20.822452342Z[Etc/UTC], estimatedCompletionDate=2025-02-14T23:45:39.809298491Z[Etc/UTC], estimatedDuration=19], buildConfig=BuildConfig[buildScript=#!/bin/bash
cd /var/tmp/testing-dir
chmod +x ./gradlew
./gradlew clean test
, dockerImage=dummy-docker-image:latest, commitHashToBuild=c710d0e68c9c7db8cda7d1a278308de2b9642cc0, assignmentCommitHash=c710d0e68c9c7db8cda7d1a278308de2b9642cc0, testCommitHash=c710d0e68c9c7db8cda7d1a278308de2b9642cc0, branch=main, programmingLanguage=JAVA, projectType=PLAIN_GRADLE, scaEnabled=false, sequentialTestRunsEnabled=false, resultPaths=[/var/tmp/testing-dir/**/test-results/test/*.xml], timeoutSeconds=0, assignmentCheckoutPath=null, testCheckoutPath=null, solutionCheckoutPath=null, dockerRunConfig=null], submissionResult=ResultDTO[id=631, completionDate=2025-02-14T23:45:20.822527362Z[Etc/UTC], successful=false, score=0.0, rated=true, submission=SubmissionDTO[id=824, submitted=true, type=TEST, exampleSubmission=null, submissionDate=2025-02-14T23:45:20.791240Z, commitHash=c710d0e68c9c7db8cda7d1a278308de2b9642cc0, buildFailed=true, buildArtifact=false, participation=ParticipationDTO[id=1978, testRun=false, type=solution, submissionCount=null, exercise=ParticipationExerciseDTO[id=2591, exerciseType=PROGRAMMING, type=programming, assessmentType=AUTOMATIC, dueDate=2025-02-16T23:45:18.950569Z, assessmentDueDate=null, maxPoints=42.0, course=CourseDTO[id=974, accuracyOfScores=1]]], submissionExerciseType=programming, isProcessing=false, buildStartDate=null, estimatedCompletionDate=null], participation=ParticipationDTO[id=1978, testRun=false, type=solution, submissionCount=null, exercise=ParticipationExerciseDTO[id=2591, exerciseType=PROGRAMMING, type=programming, assessmentType=AUTOMATIC, dueDate=2025-02-16T23:45:18.950569Z, assessmentDueDate=null, maxPoints=42.0, course=CourseDTO[id=974, accuracyOfScores=1]]], feedbacks=[], assessmentType=AUTOMATIC, hasComplaint=null, exampleResult=null, testCaseCount=0, passedTestCaseCount=0, codeIssueCount=0]], BuildJobQueueItem[id=20061739576732554, name=SHORT94A899E303D7504C5D0840704DAAFA3DFF4DTSTEXC-LOCALVCCIINTINSTRUCTOR1, buildAgent=BuildAgentDTO[name=artemis-build-agent-test, memberAddress=[127.0.0.1]:5703, displayName=artemis-build-agent-test], participationId=2006, courseId=984, exerciseId=2601, retryCount=0, priority=2, status=SUCCESSFUL, repositoryInfo=RepositoryInfo[repositoryName=short94a899e303d7504c5d0840704daafa3dff4dtstexc-localvcciintinstructor1, repositoryType=user, triggeredByPushTo=user, assignmentRepositoryUri=http://localhost:49152/git/SHORT94A899E303D7504C5D0840704DAAFA3DFF4DTSTEXC/short94a899e303d7504c5d0840704daafa3dff4dtstexc-localvcciintinstructor1.git, testRepositoryUri=http://localhost:49152/git/SHORT94A899E303D7504C5D0840704DAAFA3DFF4DTSTEXC/short94a899e303d7504c5d0840704daafa3dff4dtstexc-tests.git, solutionRepositoryUri=null, auxiliaryRepositoryUris=[Ljava.lang.String;@170e8ea5, auxiliaryRepositoryCheckoutDirectories=[Ljava.lang.String;@5d99141b], jobTimingInfo=JobTimingInfo[submissionDate=2025-02-14T23:45:32.554795798Z[Etc/UTC], buildStartDate=2025-02-14T23:45:32.567287465Z[Etc/UTC], buildCompletionDate=2025-02-14T23:45:34.535226768Z[Etc/UTC], estimatedCompletionDate=2025-02-14T23:45:51.567257960Z[Etc/UTC], estimatedDuration=19], buildConfig=BuildConfig[buildScript=#!/bin/bash
cd /var/tmp/testing-dir
chmod +x ./gradlew
./gradlew clean test
, dockerImage=dummy-docker-image:latest, commitHashToBuild=ca2dbc0ae87edf7035058a6a17c0ea60e90a290f, assignmentCommitHash=ca2dbc0ae87edf7035058a6a17c0ea60e90a290f, testCommitHash=0207f6f98af5fbb66ad68455f3fc3cf128af8ae9, branch=main, programmingLanguage=JAVA, projectType=PLAIN_GRADLE, scaEnabled=false, sequentialTestRunsEnabled=false, resultPaths=[/var/tmp/testing-dir/**/test-results/test/*.xml], timeoutSeconds=0, assignmentCheckoutPath=null, testCheckoutPath=null, solutionCheckoutPath=null, dockerRunConfig=null], submissionResult=ResultDTO[id=632, completionDate=2025-02-14T23:45:34.504415716Z[Etc/UTC], successful=false, score=7.7, rated=false, submission=SubmissionDTO[id=826, submitted=true, type=MANUAL, exampleSubmission=null, submissionDate=2025-02-14T23:45:32.541533Z, commitHash=ca2dbc0ae87edf7035058a6a17c0ea60e90a290f, buildFailed=false, buildArtifact=false, participation=ParticipationDTO[id=2006, testRun=true, type=programming, submissionCount=null, exercise=ParticipationExerciseDTO[id=2601, exerciseType=PROGRAMMING, type=programming, assessmentType=AUTOMATIC, dueDate=2025-02-16T23:45:31.864042Z, assessmentDueDate=null, maxPoints=42.0, course=CourseDTO[id=984, accuracyOfScores=1]]], submissionExerciseType=programming, isProcessing=false, buildStartDate=null, estimatedCompletionDate=null], participation=ParticipationDTO[id=2006, testRun=true, type=programming, submissionCount=null, exercise=ParticipationExerciseDTO[id=2601, exerciseType=PROGRAMMING, type=programming, assessmentType=AUTOMATIC, dueDate=2025-02-16T23:45:31.864042Z, assessmentDueDate=null, maxPoints=42.0, course=CourseDTO[id=984, accuracyOfScores=1]]], feedbacks=[FeedbackDTO[id=920, text=null, detailText=The exercise expects a class with the name Context in the package testpackage. You did not implement the class in the exercise., hasLongFeedbackText=false, reference=null, credits=0.0, positive=false, type=AUTOMATIC, visibility=ALWAYS, testCase=TestCaseDTO[testName=null, id=1357]], FeedbackDTO[id=921, text=null, detailText=The exercise expects a class with the name Policy in the package testpackage. You did not implement the class in the exercise., hasLongFeedbackText=false, reference=null, credits=0.0, positive=false, type=AUTOMATIC, visibility=ALWAYS, testCase=TestCaseDTO[testName=null, id=1358]], FeedbackDTO[id=922, text=null, detailText=The exercise expects a class with the name SortStrategy in the package testpackage. You did not implement the class in the exercise., hasLongFeedbackText=false, reference=null, credits=0.0, positive=false, type=AUTOMATIC, visibility=ALWAYS, testCase=TestCaseDTO[testName=null, id=1359]], FeedbackDTO[id=923, text=null, detailText=The class 'MergeSort' does not implement the interface 'SortStrategy' as expected. Implement the interface and its methods., hasLongFeedbackText=false, reference=null, credits=0.0, positive=false, type=AUTOMATIC, visibility=ALWAYS, testCase=TestCaseDTO[testName=null, id=1354]], FeedbackDTO[id=924, text=null, detailText=The exercise expects a class with the name SortStrategy in the package testpackage. You did not implement the class in the exercise., hasLongFeedbackText=false, reference=null, credits=0.0, positive=false, type=AUTOMATIC, visibility=ALWAYS, testCase=TestCaseDTO[testName=null, id=1351]], FeedbackDTO[id=925, text=null, detailText=The class 'BubbleSort' does not implement the interface 'SortStrategy' as expected. Implement the interface and its methods., hasLongFeedbackText=false, reference=null, credits=0.0, positive=false, type=AUTOMATIC, visibility=ALWAYS, testCase=TestCaseDTO[testName=null, id=1355]], FeedbackDTO[id=926, text=null, detailText=MergeSort does not sort correctly, hasLongFeedbackText=false, reference=null, credits=0.0, positive=false, type=AUTOMATIC, visibility=ALWAYS, testCase=TestCaseDTO[testName=null, id=1360]], FeedbackDTO[id=927, text=null, detailText=The class 'Context' was not found within the submission. Make sure to implement it properly., hasLongFeedbackText=false, reference=null, credits=0.0, positive=false, type=AUTOMATIC, visibility=ALWAYS, testCase=TestCaseDTO[testName=null, id=1361]], FeedbackDTO[id=928, text=null, detailText=The class 'Context' was not found within the submission. Make sure to implement it properly., hasLongFeedbackText=false, reference=null, credits=0.0, positive=false, type=AUTOMATIC, visibility=ALWAYS, testCase=TestCaseDTO[testName=null, id=1362]], FeedbackDTO[id=929, text=null, detailText=The exercise expects a class with the name Policy in the package testpackage. You did not implement the class in the exercise., hasLongFeedbackText=false, reference=null, credits=0.0, positive=false, type=AUTOMATIC, visibility=ALWAYS, testCase=TestCaseDTO[testName=null, id=1356]], FeedbackDTO[id=930, text=null, detailText=The exercise expects a class with the name Context in the package testpackage. You did not implement the class in the exercise., hasLongFeedbackText=false, reference=null, credits=0.0, positive=false, type=AUTOMATIC, visibility=ALWAYS, testCase=TestCaseDTO[testName=null, id=1352]], FeedbackDTO[id=931, text=null, detailText=The exercise expects a class with the name Policy in the package testpackage. You did not implement the class in the exercise., hasLongFeedbackText=false, reference=null, credits=0.0, positive=false, type=AUTOMATIC, visibility=ALWAYS, testCase=TestCaseDTO[testName=null, id=1353]], FeedbackDTO[id=932, text=null, detailText=null, hasLongFeedbackText=false, reference=null, credits=3.230769230769231, positive=true, type=AUTOMATIC, visibility=ALWAYS, testCase=TestCaseDTO[testName=null, id=1363]]], assessmentType=AUTOMATIC, hasComplaint=null, exampleResult=null, testCaseCount=13, passedTestCaseCount=1, codeIssueCount=0]], BuildJobQueueItem[id=20111739576737317, name=SHORTD49A6DAE04F9E049850BD5601663FD17A5B7TSTEXC-BASE, buildAgent=BuildAgentDTO[name=artemis-build-agent-test, memberAddress=[127.0.0.1]:5703, displayName=artemis-build-agent-test], participationId=2011, courseId=986, exerciseId=2603, retryCount=0, priority=2, status=SUCCESSFUL, repositoryInfo=RepositoryInfo[repositoryName=shortd49a6dae04f9e049850bd5601663fd17a5b7tstexc-exercise, repositoryType=exercise, triggeredByPushTo=exercise, assignmentRepositoryUri=http://localhost:49152/git/SHORTD49A6DAE04F9E049850BD5601663FD17A5B7TSTEXC/shortd49a6dae04f9e049850bd5601663fd17a5b7tstexc-exercise.git, testRepositoryUri=http://localhost:49152/git/SHORTD49A6DAE04F9E049850BD5601663FD17A5B7TSTEXC/shortd49a6dae04f9e049850bd5601663fd17a5b7tstexc-tests.git, solutionRepositoryUri=null, auxiliaryRepositoryUris=[Ljava.lang.String;@7fb26185, auxiliaryRepositoryCheckoutDirectories=[Ljava.lang.String;@2956b4a6], jobTimingInfo=JobTimingInfo[submissionDate=2025-02-14T23:45:37.317968648Z[Etc/UTC], buildStartDate=2025-02-14T23:45:37.324534774Z[Etc/UTC], buildCompletionDate=2025-02-14T23:45:38.527225461Z[Etc/UTC], estimatedCompletionDate=2025-02-14T23:45:56.324506331Z[Etc/UTC], estimatedDuration=19], buildConfig=BuildConfig[buildScript=#!/bin/bash
cd /var/tmp/testing-dir
chmod +x ./gradlew
./gradlew clean test
, dockerImage=dummy-docker-image:latest, commitHashToBuild=c795243c185829bbefa399f45dcbcfac22311b2f, assignmentCommitHash=c795243c185829bbefa399f45dcbcfac22311b2f, testCommitHash=fa8b162170bf767d852e05e0eb7a128efa2e1f34, branch=main, programmingLanguage=JAVA, projectType=PLAIN_GRADLE, scaEnabled=false, sequentialTestRunsEnabled=false, resultPaths=[/var/tmp/testing-dir/**/test-results/test/*.xml], timeoutSeconds=0, assignmentCheckoutPath=null, testCheckoutPath=null, solutionCheckoutPath=null, dockerRunConfig=null], submissionResult=ResultDTO[id=633, completionDate=2025-02-14T23:45:38.476795726Z[Etc/UTC], successful=false, score=0.0, rated=true, submission=SubmissionDTO[id=827, submitted=true, type=MANUAL, exampleSubmission=null, submissionDate=2025-02-14T23:45:37.303401Z, commitHash=c795243c185829bbefa399f45dcbcfac22311b2f, buildFailed=false, buildArtifact=false, participation=ParticipationDTO[id=2011, testRun=false, type=template, submissionCount=null, exercise=ParticipationExerciseDTO[id=2603, exerciseType=PROGRAMMING, type=programming, assessmentType=AUTOMATIC, dueDate=2025-02-16T23:45:36.830269Z, assessmentDueDate=null, maxPoints=42.0, course=CourseDTO[id=986, accuracyOfScores=1]]], submissionExerciseType=programming, isProcessing=false, buildStartDate=null, estimatedCompletionDate=null], participation=ParticipationDTO[id=2011, testRun=false, type=template, submissionCount=null, exercise=ParticipationExerciseDTO[id=2603, exerciseType=PROGRAMMING, type=programming, assessmentType=AUTOMATIC, dueDate=2025-02-16T23:45:36.830269Z, assessmentDueDate=null, maxPoints=42.0, course=CourseDTO[id=986, accuracyOfScores=1]]], feedbacks=[FeedbackDTO[id=933, text=null, detailText=The exercise expects a class with the name Context in the package testpackage. You did not implement the class in the exercise., hasLongFeedbackText=false, reference=null, credits=0.0, positive=false, type=AUTOMATIC, visibility=ALWAYS, testCase=TestCaseDTO[testName=testMethods[Context], id=1383]], FeedbackDTO[id=934, text=null, detailText=The exercise expects a class with the name Policy in the package testpackage. You did not implement the class in the exercise., hasLongFeedbackText=false, reference=null, credits=0.0, positive=false, type=AUTOMATIC, visibility=ALWAYS, testCase=TestCaseDTO[testName=testMethods[Policy], id=1384]], FeedbackDTO[id=935, text=null, detailText=The exercise expects a class with the name SortStrategy in the package testpackage. You did not implement the class in the exercise., hasLongFeedbackText=false, reference=null, credits=0.0, positive=false, type=AUTOMATIC, visibility=ALWAYS, testCase=TestCaseDTO[testName=testMethods[SortStrategy], id=1385]], FeedbackDTO[id=936, text=null, detailText=The class 'MergeSort' does not implement the interface 'SortStrategy' as expected. Implement the interface and its methods., hasLongFeedbackText=false, reference=null, credits=0.0, positive=false, type=AUTOMATIC, visibility=ALWAYS, testCase=TestCaseDTO[testName=testClass[MergeSort], id=1380]], FeedbackDTO[id=937, text=null, detailText=The exercise expects a class with the name SortStrategy in the package testpackage. You did not implement the class in the exercise., hasLongFeedbackText=false, reference=null, credits=0.0, positive=false, type=AUTOMATIC, visibility=ALWAYS, testCase=TestCaseDTO[testName=testClass[SortStrategy], id=1377]], FeedbackDTO[id=938, text=null, detailText=The class 'BubbleSort' does not implement the interface 'SortStrategy' as expected. Implement the interface and its methods., hasLongFeedbackText=false, reference=null, credits=0.0, positive=false, type=AUTOMATIC, visibility=ALWAYS, testCase=TestCaseDTO[testName=testClass[BubbleSort], id=1381]], FeedbackDTO[id=939, text=null, detailText=MergeSort does not sort correctly, hasLongFeedbackText=false, reference=null, credits=0.0, positive=false, type=AUTOMATIC, visibility=ALWAYS, testCase=TestCaseDTO[testName=testMergeSort(), id=1386]], FeedbackDTO[id=940, text=null, detailText=The class 'Context' was not found within the submission. Make sure to implement it properly., hasLongFeedbackText=false, reference=null, credits=0.0, positive=false, type=AUTOMATIC, visibility=ALWAYS, testCase=TestCaseDTO[testName=testUseBubbleSortForSmallList(), id=1387]], FeedbackDTO[id=941, text=null, detailText=BubbleSort does not sort correctly, hasLongFeedbackText=false, reference=null, credits=0.0, positive=false, type=AUTOMATIC, visibility=ALWAYS, testCase=TestCaseDTO[testName=testBubbleSort(), id=1389]], FeedbackDTO[id=942, text=null, detailText=The class 'Context' was not found within the submission. Make sure to implement it properly., hasLongFeedbackText=false, reference=null, credits=0.0, positive=false, type=AUTOMATIC, visibility=ALWAYS, testCase=TestCaseDTO[testName=testUseMergeSortForBigList(), id=1388]], FeedbackDTO[id=943, text=null, detailText=The exercise expects a class with the name Policy in the package testpackage. You did not implement the class in the exercise., hasLongFeedbackText=false, reference=null, credits=0.0, positive=false, type=AUTOMATIC, visibility=ALWAYS, testCase=TestCaseDTO[testName=testConstructors[Policy], id=1382]], FeedbackDTO[id=944, text=null, detailText=The exercise expects a class with the name Context in the package testpackage. You did not implement the class in the exercise., hasLongFeedbackText=false, reference=null, credits=0.0, positive=false, type=AUTOMATIC, visibility=ALWAYS, testCase=TestCaseDTO[testName=testAttributes[Context], id=1378]], FeedbackDTO[id=945, text=null, detailText=The exercise expects a class with the name Policy in the package testpackage. You did not implement the class in the exercise., hasLongFeedbackText=false, reference=null, credits=0.0, positive=false, type=AUTOMATIC, visibility=ALWAYS, testCase=TestCaseDTO[testName=testAttributes[Policy], id=1379]]], assessmentType=AUTOMATIC, hasComplaint=null, exampleResult=null, testCaseCount=13, passedTestCaseCount=0, codeIssueCount=0]], BuildJobQueueItem[id=20171739576740018, name=SHORT7914AFA00ADC3047140B99D01AC07810CE44TSTEXC-LOCALVCCIINTSTUDENT1, buildAgent=BuildAgentDTO[name=artemis-build-agent-test, memberAddress=[127.0.0.1]:5703, displayName=artemis-build-agent-test], participationId=2017, courseId=988, exerciseId=2605, retryCount=0, priority=2, status=SUCCESSFUL, repositoryInfo=RepositoryInfo[repositoryName=short7914afa00adc3047140b99d01ac07810ce44tstexc-practice-localvcciintstudent1, repositoryType=user, triggeredByPushTo=user, assignmentRepositoryUri=http://localhost:49152/git/SHORT7914AFA00ADC3047140B99D01AC07810CE44TSTEXC/short7914afa00adc3047140b99d01ac07810ce44tstexc-practice-localvcciintstudent1.git, testRepositoryUri=http://localhost:49152/git/SHORT7914AFA00ADC3047140B99D01AC07810CE44TSTEXC/short7914afa00adc3047140b99d01ac07810ce44tstexc-tests.git, solutionRepositoryUri=null, auxiliaryRepositoryUris=[Ljava.lang.String;@4a4e6c8f, auxiliaryRepositoryCheckoutDirectories=[Ljava.lang.String;@5fe29011], jobTimingInfo=JobTimingInfo[submissionDate=2025-02-14T23:45:40.018961253Z[Etc/UTC], buildStartDate=2025-02-14T23:45:40.029742701Z[Etc/UTC], buildCompletionDate=2025-02-14T23:45:41.150208242Z[Etc/UTC], estimatedCompletionDate=2025-02-14T23:45:59.029734065Z[Etc/UTC], estimatedDuration=19], buildConfig=BuildConfig[buildScript=#!/bin/bash
cd /var/tmp/testing-dir
chmod +x ./gradlew
./gradlew clean test
, dockerImage=dummy-docker-image:latest, commitHashToBuild=d80b57877989b971e83ccdb4863c8a7023c76266, assignmentCommitHash=d80b57877989b971e83ccdb4863c8a7023c76266, testCommitHash=327b116890c92b1312314341f43f21ef13ecf7d7, branch=main, programmingLanguage=JAVA, projectType=PLAIN_GRADLE, scaEnabled=false, sequentialTestRunsEnabled=false, resultPaths=[/var/tmp/testing-dir/**/test-results/test/*.xml], timeoutSeconds=0, assignmentCheckoutPath=null, testCheckoutPath=null, solutionCheckoutPath=null, dockerRunConfig=null], submissionResult=ResultDTO[id=634, completionDate=2025-02-14T23:45:41.120192603Z[Etc/UTC], successful=false, score=7.7, rated=false, submission=SubmissionDTO[id=828, submitted=true, type=MANUAL, exampleSubmission=null, submissionDate=2025-02-14T23:45:40.008666Z, commitHash=d80b57877989b971e83ccdb4863c8a7023c76266, buildFailed=false, buildArtifact=false, participation=ParticipationDTO[id=2017, testRun=true, type=programming, submissionCount=null, exercise=ParticipationExerciseDTO[id=2605, exerciseType=PROGRAMMING, type=programming, assessmentType=AUTOMATIC, dueDate=2025-02-16T23:45:39.523500Z, assessmentDueDate=null, maxPoints=42.0, course=CourseDTO[id=988, accuracyOfScores=1]]], submissionExerciseType=programming, isProcessing=false, buildStartDate=null, estimatedCompletionDate=null], participation=ParticipationDTO[id=2017, testRun=true, type=programming, submissionCount=null, exercise=ParticipationExerciseDTO[id=2605, exerciseType=PROGRAMMING, type=programming, assessmentType=AUTOMATIC, dueDate=2025-02-16T23:45:39.523500Z, assessmentDueDate=null, maxPoints=42.0, course=CourseDTO[id=988, accuracyOfScores=1]]], feedbacks=[FeedbackDTO[id=946, text=null, detailText=The exercise expects a class with the name Context in the package testpackage. You did not implement the class in the exercise., hasLongFeedbackText=false, reference=null, credits=0.0, positive=false, type=AUTOMATIC, visibility=ALWAYS, testCase=TestCaseDTO[testName=null, id=1409]], FeedbackDTO[id=947, text=null, detailText=The exercise expects a class with the name Policy in the package testpackage. You did not implement the class in the exercise., hasLongFeedbackText=false, reference=null, credits=0.0, positive=false, type=AUTOMATIC, visibility=ALWAYS, testCase=TestCaseDTO[testName=null, id=1410]], FeedbackDTO[id=948, text=null, detailText=The exercise expects a class with the name SortStrategy in the package testpackage. You did not implement the class in the exercise., hasLongFeedbackText=false, reference=null, credits=0.0, positive=false, type=AUTOMATIC, visibility=ALWAYS, testCase=TestCaseDTO[testName=null, id=1411]], FeedbackDTO[id=949, text=null, detailText=The class 'MergeSort' does not implement the interface 'SortStrategy' as expected. Implement the interface and its methods., hasLongFeedbackText=false, reference=null, credits=0.0, positive=false, type=AUTOMATIC, visibility=ALWAYS, testCase=TestCaseDTO[testName=null, id=1406]], FeedbackDTO[id=950, text=null, detailText=The exercise expects a class with the name SortStrategy in the package testpackage. You did not implement the class in the exercise., hasLongFeedbackText=false, reference=null, credits=0.0, positive=false, type=AUTOMATIC, visibility=ALWAYS, testCase=TestCaseDTO[testName=null, id=1403]], FeedbackDTO[id=951, text=null, detailText=The class 'BubbleSort' does not implement the interface 'SortStrategy' as expected. Implement the interface and its methods., hasLongFeedbackText=false, reference=null, credits=0.0, positive=false, type=AUTOMATIC, visibility=ALWAYS, testCase=TestCaseDTO[testName=null, id=1407]], FeedbackDTO[id=952, text=null, detailText=MergeSort does not sort correctly, hasLongFeedbackText=false, reference=null, credits=0.0, positive=false, type=AUTOMATIC, visibility=ALWAYS, testCase=TestCaseDTO[testName=null, id=1412]], FeedbackDTO[id=953, text=null, detailText=The class 'Context' was not found within the submission. Make sure to implement it properly., hasLongFeedbackText=false, reference=null, credits=0.0, positive=false, type=AUTOMATIC, visibility=ALWAYS, testCase=TestCaseDTO[testName=null, id=1413]], FeedbackDTO[id=954, text=null, detailText=The class 'Context' was not found within the submission. Make sure to implement it properly., hasLongFeedbackText=false, reference=null, credits=0.0, positive=false, type=AUTOMATIC, visibility=ALWAYS, testCase=TestCaseDTO[testName=null, id=1414]], FeedbackDTO[id=955, text=null, detailText=The exercise expects a class with the name Policy in the package testpackage. You did not implement the class in the exercise., hasLongFeedbackText=false, reference=null, credits=0.0, positive=false, type=AUTOMATIC, visibility=ALWAYS, testCase=TestCaseDTO[testName=null, id=1408]], FeedbackDTO[id=956, text=null, detailText=The exercise expects a class with the name Context in the package testpackage. You did not implement the class in the exercise., hasLongFeedbackText=false, reference=null, credits=0.0, positive=false, type=AUTOMATIC, visibility=ALWAYS, testCase=TestCaseDTO[testName=null, id=1404]], FeedbackDTO[id=957, text=null, detailText=The exercise expects a class with the name Policy in the package testpackage. You did not implement the class in the exercise., hasLongFeedbackText=false, reference=null, credits=0.0, positive=false, type=AUTOMATIC, visibility=ALWAYS, testCase=TestCaseDTO[testName=null, id=1405]], FeedbackDTO[id=958, text=null, detailText=null, hasLongFeedbackText=false, reference=null, credits=3.230769230769231, positive=true, type=AUTOMATIC, visibility=ALWAYS, testCase=TestCaseDTO[testName=null, id=1415]]], assessmentType=AUTOMATIC, hasComplaint=null, exampleResult=null, testCaseCount=13, passedTestCaseCount=1, codeIssueCount=0]], BuildJobQueueItem[id=20261739576743984, name=SHORT53C73BE505404043100AC2F00C039353CE8FTSTEXC-LOCALVCCIINTSTUDENT1, buildAgent=BuildAgentDTO[name=artemis-build-agent-test, memberAddress=[127.0.0.1]:5703, displayName=artemis-build-agent-test], participationId=2026, courseId=991, exerciseId=2608, retryCount=0, priority=1, status=SUCCESSFUL, repositoryInfo=RepositoryInfo[repositoryName=short53c73be505404043100ac2f00c039353ce8ftstexc-localvcciintstudent1, repositoryType=user, triggeredByPushTo=user, assignmentRepositoryUri=http://localhost:49152/git/SHORT53C73BE505404043100AC2F00C039353CE8FTSTEXC/short53c73be505404043100ac2f00c039353ce8ftstexc-localvcciintstudent1.git, testRepositoryUri=http://localhost:49152/git/SHORT53C73BE505404043100AC2F00C039353CE8FTSTEXC/short53c73be505404043100ac2f00c039353ce8ftstexc-tests.git, solutionRepositoryUri=null, auxiliaryRepositoryUris=[Ljava.lang.String;@33307c21, auxiliaryRepositoryCheckoutDirectories=[Ljava.lang.String;@2f5f1d65], jobTimingInfo=JobTimingInfo[submissionDate=2025-02-14T23:45:43.984518859Z[Etc/UTC], buildStartDate=2025-02-14T23:45:43.991385682Z[Etc/UTC], buildCompletionDate=2025-02-14T23:45:44.982059928Z[Etc/UTC], estimatedCompletionDate=2025-02-14T23:46:02.991380122Z[Etc/UTC], estimatedDuration=19], buildConfig=BuildConfig[buildScript=#!/bin/bash
cd /var/tmp/testing-dir
chmod +x ./gradlew
./gradlew clean test
, dockerImage=dummy-docker-image:latest, commitHashToBuild=3e90ae9fef2e44ffb41451a080bdaa6a44ad6848, assignmentCommitHash=3e90ae9fef2e44ffb41451a080bdaa6a44ad6848, testCommitHash=0582754c87aae13e640312855ce7dbe490ecb50c, branch=main, programmingLanguage=JAVA, projectType=PLAIN_GRADLE, scaEnabled=false, sequentialTestRunsEnabled=false, resultPaths=[/var/tmp/testing-dir/**/test-results/test/*.xml], timeoutSeconds=0, assignmentCheckoutPath=null, testCheckoutPath=null, solutionCheckoutPath=null, dockerRunConfig=null], submissionResult=ResultDTO[id=635, completionDate=2025-02-14T23:45:44.961313737Z[Etc/UTC], successful=false, score=7.7, rated=true, submission=SubmissionDTO[id=829, submitted=true, type=MANUAL, exampleSubmission=null, submissionDate=2025-02-14T23:45:43.967766Z, commitHash=3e90ae9fef2e44ffb41451a080bdaa6a44ad6848, buildFailed=false, buildArtifact=false, participation=ParticipationDTO[id=2026, testRun=false, type=programming, submissionCount=null, exercise=ParticipationExerciseDTO[id=2608, exerciseType=PROGRAMMING, type=programming, assessmentType=AUTOMATIC, dueDate=2025-02-16T23:45:43.597978Z, assessmentDueDate=null, maxPoints=42.0, course=CourseDTO[id=991, accuracyOfScores=1]]], submissionExerciseType=programming, isProcessing=false, buildStartDate=null, estimatedCompletionDate=null], participation=ParticipationDTO[id=2026, testRun=false, type=programming, submissionCount=null, exercise=ParticipationExerciseDTO[id=2608, exerciseType=PROGRAMMING, type=programming, assessmentType=AUTOMATIC, dueDate=2025-02-16T23:45:43.597978Z, assessmentDueDate=null, maxPoints=42.0, course=CourseDTO[id=991, accuracyOfScores=1]]], feedbacks=[FeedbackDTO[id=959, text=null, detailText=The exercise expects a class with the name Context in the package testpackage. You did not implement the class in the exercise., hasLongFeedbackText=false, reference=null, credits=0.0, positive=false, type=AUTOMATIC, visibility=ALWAYS, testCase=TestCaseDTO[testName=null, id=1448]], FeedbackDTO[id=960, text=null, detailText=The exercise expects a class with the name Policy in the package testpackage. You did not implement the class in the exercise., hasLongFeedbackText=false, reference=null, credits=0.0, positive=false, type=AUTOMATIC, visibility=ALWAYS, testCase=TestCaseDTO[testName=null, id=1449]], FeedbackDTO[id=961, text=null, detailText=The exercise expects a class with the name SortStrategy in the package testpackage. You did not implement the class in the exercise., hasLongFeedbackText=false, reference=null, credits=0.0, positive=false, type=AUTOMATIC, visibility=ALWAYS, testCase=TestCaseDTO[testName=null, id=1450]], FeedbackDTO[id=962, text=null, detailText=The class 'MergeSort' does not implement the interface 'SortStrategy' as expected. Implement the interface and its methods., hasLongFeedbackText=false, reference=null, credits=0.0, positive=false, type=AUTOMATIC, visibility=ALWAYS, testCase=TestCaseDTO[testName=null, id=1445]], FeedbackDTO[id=963, text=null, detailText=The exercise expects a class with the name SortStrategy in the package testpackage. You did not implement the class in the exercise., hasLongFeedbackText=false, reference=null, credits=0.0, positive=false, type=AUTOMATIC, visibility=ALWAYS, testCase=TestCaseDTO[testName=null, id=1442]], FeedbackDTO[id=964, text=null, detailText=The class 'BubbleSort' does not implement the interface 'SortStrategy' as expected. Implement the interface and its methods., hasLongFeedbackText=false, reference=null, credits=0.0, positive=false, type=AUTOMATIC, visibility=ALWAYS, testCase=TestCaseDTO[testName=null, id=1446]], FeedbackDTO[id=965, text=null, detailText=MergeSort does not sort correctly, hasLongFeedbackText=false, reference=null, credits=0.0, positive=false, type=AUTOMATIC, visibility=ALWAYS, testCase=TestCaseDTO[testName=null, id=1451]], FeedbackDTO[id=966, text=null, detailText=The class 'Context' was not found within the submission. Make sure to implement it properly., hasLongFeedbackText=false, reference=null, credits=0.0, positive=false, type=AUTOMATIC, visibility=ALWAYS, testCase=TestCaseDTO[testName=null, id=1452]], FeedbackDTO[id=967, text=null, detailText=The class 'Context' was not found within the submission. Make sure to implement it properly., hasLongFeedbackText=false, reference=null, credits=0.0, positive=false, type=AUTOMATIC, visibility=ALWAYS, testCase=TestCaseDTO[testName=null, id=1453]], FeedbackDTO[id=968, text=null, detailText=The exercise expects a class with the name Policy in the package testpackage. You did not implement the class in the exercise., hasLongFeedbackText=false, reference=null, credits=0.0, positive=false, type=AUTOMATIC, visibility=ALWAYS, testCase=TestCaseDTO[testName=null, id=1447]], FeedbackDTO[id=969, text=null, detailText=The exercise expects a class with the name Context in the package testpackage. You did not implement the class in the exercise., hasLongFeedbackText=false, reference=null, credits=0.0, positive=false, type=AUTOMATIC, visibility=ALWAYS, testCase=TestCaseDTO[testName=null, id=1443]], FeedbackDTO[id=970, text=null, detailText=The exercise expects a class with the name Policy in the package testpackage. You did not implement the class in the exercise., hasLongFeedbackText=false, reference=null, credits=0.0, positive=false, type=AUTOMATIC, visibility=ALWAYS, testCase=TestCaseDTO[testName=null, id=1444]], FeedbackDTO[id=971, text=null, detailText=null, hasLongFeedbackText=false, reference=null, credits=3.230769230769231, positive=true, type=AUTOMATIC, visibility=ALWAYS, testCase=TestCaseDTO[testName=null, id=1454]]], assessmentType=AUTOMATIC, hasComplaint=null, exampleResult=null, testCaseCount=13, passedTestCaseCount=1, codeIssueCount=0]], BuildJobQueueItem[id=20271739576746886, name=SHORT0FC863930E92904248098A506171F81CF6CFTSTEXC-SOLUTION, buildAgent=BuildAgentDTO[name=artemis-build-agent-test, memberAddress=[127.0.0.1]:5703, displayName=artemis-build-agent-test], participationId=2027, courseId=992, exerciseId=2609, retryCount=0, priority=2, status=SUCCESSFUL, repositoryInfo=RepositoryInfo[repositoryName=short0fc863930e92904248098a506171f81cf6cftstexc-solution, repositoryType=solution, triggeredByPushTo=auxiliary, assignmentRepositoryUri=http://localhost:49152/git/SHORT0FC863930E92904248098A506171F81CF6CFTSTEXC/short0fc863930e92904248098a506171f81cf6cftstexc-solution.git, testRepositoryUri=http://localhost:49152/git/SHORT0FC863930E92904248098A506171F81CF6CFTSTEXC/short0fc863930e92904248098a506171f81cf6cftstexc-tests.git, solutionRepositoryUri=null, auxiliaryRepositoryUris=[Ljava.lang.String;@164c2615, auxiliaryRepositoryCheckoutDirectories=[Ljava.lang.String;@5de55ed5], jobTimingInfo=JobTimingInfo[submissionDate=2025-02-14T23:45:46.886984066Z[Etc/UTC], buildStartDate=2025-02-14T23:45:46.897709578Z[Etc/UTC], buildCompletionDate=2025-02-14T23:45:48.628460156Z[Etc/UTC], estimatedCompletionDate=2025-02-14T23:46:05.897701272Z[Etc/UTC], estimatedDuration=19], buildConfig=BuildConfig[buildScript=#!/bin/bash
cd /var/tmp/testing-dir
chmod +x ./gradlew
./gradlew clean test
, dockerImage=dummy-docker-image:latest, commitHashToBuild=null, assignmentCommitHash=115a2e943bee242fdad360b50d8ad5f30792577e, testCommitHash=9b3a9bd71a0d80e5bbc42204c319ed3d1d4f0d6d, branch=main, programmingLanguage=JAVA, projectType=PLAIN_GRADLE, scaEnabled=false, sequentialTestRunsEnabled=false, resultPaths=[/var/tmp/testing-dir/**/test-results/test/*.xml], timeoutSeconds=0, assignmentCheckoutPath=null, testCheckoutPath=null, solutionCheckoutPath=null, dockerRunConfig=null], submissionResult=ResultDTO[id=636, completionDate=2025-02-14T23:45:48.593370968Z[Etc/UTC], successful=true, score=100.0, rated=true, submission=SubmissionDTO[id=830, submitted=true, type=TEST, exampleSubmission=null, submissionDate=2025-02-14T23:45:46.873671Z, commitHash=9b3a9bd71a0d80e5bbc42204c319ed3d1d4f0d6d, buildFailed=false, buildArtifact=false, participation=ParticipationDTO[id=2027, testRun=false, type=solution, submissionCount=null, exercise=ParticipationExerciseDTO[id=2609, exerciseType=PROGRAMMING, type=programming, assessmentType=AUTOMATIC, dueDate=2025-02-16T23:45:46.386304Z, assessmentDueDate=null, maxPoints=42.0, course=CourseDTO[id=992, accuracyOfScores=1]]], submissionExerciseType=programming, isProcessing=false, buildStartDate=null, estimatedCompletionDate=null], participation=ParticipationDTO[id=2027, testRun=false, type=solution, submissionCount=null, exercise=ParticipationExerciseDTO[id=2609, exerciseType=PROGRAMMING, type=programming, assessmentType=AUTOMATIC, dueDate=2025-02-16T23:45:46.386304Z, assessmentDueDate=null, maxPoints=42.0, course=CourseDTO[id=992, accuracyOfScores=1]]], feedbacks=[FeedbackDTO[id=972, text=null, detailText=null, hasLongFeedbackText=false, reference=null, credits=3.230769230769231, positive=true, type=AUTOMATIC, visibility=ALWAYS, testCase=TestCaseDTO[testName=testMethods[Context], id=1461]], FeedbackDTO[id=973, text=null, detailText=null, hasLongFeedbackText=false, reference=null, credits=3.230769230769231, positive=true, type=AUTOMATIC, visibility=ALWAYS, testCase=TestCaseDTO[testName=testMethods[Policy], id=1462]], FeedbackDTO[id=974, text=null, detailText=null, hasLongFeedbackText=false, reference=null, credits=3.230769230769231, positive=true, type=AUTOMATIC, visibility=ALWAYS, testCase=TestCaseDTO[testName=testMethods[SortStrategy], id=1463]], FeedbackDTO[id=975, text=null, detailText=null, hasLongFeedbackText=false, reference=null, credits=3.230769230769231, positive=true, type=AUTOMATIC, visibility=ALWAYS, testCase=TestCaseDTO[testName=testClass[MergeSort], id=1458]], FeedbackDTO[id=976, text=null, detailText=null, hasLongFeedbackText=false, reference=null, credits=3.230769230769231, positive=true, type=AUTOMATIC, visibility=ALWAYS, testCase=TestCaseDTO[testName=testClass[SortStrategy], id=1455]], FeedbackDTO[id=977, text=null, detailText=null, hasLongFeedbackText=false, reference=null, credits=3.230769230769231, positive=true, type=AUTOMATIC, visibility=ALWAYS, testCase=TestCaseDTO[testName=testClass[BubbleSort], id=1459]], FeedbackDTO[id=978, text=null, detailText=null, hasLongFeedbackText=false, reference=null, credits=3.230769230769231, positive=true, type=AUTOMATIC, visibility=ALWAYS, testCase=TestCaseDTO[testName=testMergeSort(), id=1464]], FeedbackDTO[id=979, text=null, detailText=null, hasLongFeedbackText=false, reference=null, credits=3.230769230769231, positive=true, type=AUTOMATIC, visibility=ALWAYS, testCase=TestCaseDTO[testName=testUseBubbleSortForSmallList(), id=1465]], FeedbackDTO[id=980, text=null, detailText=null, hasLongFeedbackText=false, reference=null, credits=3.230769230769231, positive=true, type=AUTOMATIC, visibility=ALWAYS, testCase=TestCaseDTO[testName=testBubbleSort(), id=1467]], FeedbackDTO[id=981, text=null, detailText=null, hasLongFeedbackText=false, reference=null, credits=3.230769230769231, positive=true, type=AUTOMATIC, visibility=ALWAYS, testCase=TestCaseDTO[testName=testUseMergeSortForBigList(), id=1466]], FeedbackDTO[id=982, text=null, detailText=null, hasLongFeedbackText=false, reference=null, credits=3.230769230769231, positive=true, type=AUTOMATIC, visibility=ALWAYS, testCase=TestCaseDTO[testName=testConstructors[Policy], id=1460]], FeedbackDTO[id=983, text=null, detailText=null, hasLongFeedbackText=false, reference=null, credits=3.230769230769231, positive=true, type=AUTOMATIC, visibility=ALWAYS, testCase=TestCaseDTO[testName=testAttributes[Context], id=1456]], FeedbackDTO[id=984, text=null, detailText=null, hasLongFeedbackText=false, reference=null, credits=3.230769230769231, positive=true, type=AUTOMATIC, visibility=ALWAYS, testCase=TestCaseDTO[testName=testAttributes[Policy], id=1457]]], assessmentType=AUTOMATIC, hasComplaint=null, exampleResult=null, testCaseCount=13, passedTestCaseCount=13, codeIssueCount=0]], BuildJobQueueItem[id=20281739576748768, name=SHORT0FC863930E92904248098A506171F81CF6CFTSTEXC-BASE, buildAgent=BuildAgentDTO[name=artemis-build-agent-test, memberAddress=[127.0.0.1]:5703, displayName=artemis-build-agent-test], participationId=2028, courseId=992, exerciseId=2609, retryCount=0, priority=2, status=SUCCESSFUL, repositoryInfo=RepositoryInfo[repositoryName=short0fc863930e92904248098a506171f81cf6cftstexc-exercise, repositoryType=exercise, triggeredByPushTo=auxiliary, assignmentRepositoryUri=http://localhost:49152/git/SHORT0FC863930E92904248098A506171F81CF6CFTSTEXC/short0fc863930e92904248098a506171f81cf6cftstexc-exercise.git, testRepositoryUri=http://localhost:49152/git/SHORT0FC863930E92904248098A506171F81CF6CFTSTEXC/short0fc863930e92904248098a506171f81cf6cftstexc-tests.git, solutionRepositoryUri=null, auxiliaryRepositoryUris=[Ljava.lang.String;@6d04e03c, auxiliaryRepositoryCheckoutDirectories=[Ljava.lang.String;@3a677ccc], jobTimingInfo=JobTimingInfo[submissionDate=2025-02-14T23:45:48.768063548Z[Etc/UTC], buildStartDate=2025-02-14T23:45:48.802531989Z[Etc/UTC], buildCompletionDate=2025-02-14T23:45:50.482681367Z[Etc/UTC], estimatedCompletionDate=2025-02-14T23:45:50.802523092Z[Etc/UTC], estimatedDuration=2], buildConfig=BuildConfig[buildScript=#!/bin/bash
cd /var/tmp/testing-dir
chmod +x ./gradlew
./gradlew clean test
, dockerImage=dummy-docker-image:latest, commitHashToBuild=9b3a9bd71a0d80e5bbc42204c319ed3d1d4f0d6d, assignmentCommitHash=115a2e943bee242fdad360b50d8ad5f30792577e, testCommitHash=9b3a9bd71a0d80e5bbc42204c319ed3d1d4f0d6d, branch=main, programmingLanguage=JAVA, projectType=PLAIN_GRADLE, scaEnabled=false, sequentialTestRunsEnabled=false, resultPaths=[/var/tmp/testing-dir/**/test-results/test/*.xml], timeoutSeconds=0, assignmentCheckoutPath=null, testCheckoutPath=null, solutionCheckoutPath=null, dockerRunConfig=null], submissionResult=ResultDTO[id=637, completionDate=2025-02-14T23:45:50.449084694Z[Etc/UTC], successful=false, score=0.0, rated=true, submission=SubmissionDTO[id=831, submitted=true, type=TEST, exampleSubmission=null, submissionDate=2025-02-14T23:45:48.761177Z, commitHash=9b3a9bd71a0d80e5bbc42204c319ed3d1d4f0d6d, buildFailed=false, buildArtifact=false, participation=ParticipationDTO[id=2028, testRun=false, type=template, submissionCount=null, exercise=ParticipationExerciseDTO[id=2609, exerciseType=PROGRAMMING, type=programming, assessmentType=AUTOMATIC, dueDate=2025-02-16T23:45:46.386304Z, assessmentDueDate=null, maxPoints=42.0, course=CourseDTO[id=992, accuracyOfScores=1]]], submissionExerciseType=programming, isProcessing=false, buildStartDate=null, estimatedCompletionDate=null], participation=ParticipationDTO[id=2028, testRun=false, type=template, submissionCount=null, exercise=ParticipationExerciseDTO[id=2609, exerciseType=PROGRAMMING, type=programming, assessmentType=AUTOMATIC, dueDate=2025-02-16T23:45:46.386304Z, assessmentDueDate=null, maxPoints=42.0, course=CourseDTO[id=992, accuracyOfScores=1]]], feedbacks=[FeedbackDTO[id=985, text=null, detailText=The exercise expects a class with the name Context in the package testpackage. You did not implement the class in the exercise., hasLongFeedbackText=false, reference=null, credits=0.0, positive=false, type=AUTOMATIC, visibility=ALWAYS, testCase=TestCaseDTO[testName=testMethods[Context], id=1461]], FeedbackDTO[id=986, text=null, detailText=The exercise expects a class with the name Policy in the package testpackage. You did not implement the class in the exercise., hasLongFeedbackText=false, reference=null, credits=0.0, positive=false, type=AUTOMATIC, visibility=ALWAYS, testCase=TestCaseDTO[testName=testMethods[Policy], id=1462]], FeedbackDTO[id=987, text=null, detailText=The exercise expects a class with the name SortStrategy in the package testpackage. You did not implement the class in the exercise., hasLongFeedbackText=false, reference=null, credits=0.0, positive=false, type=AUTOMATIC, visibility=ALWAYS, testCase=TestCaseDTO[testName=testMethods[SortStrategy], id=1463]], FeedbackDTO[id=988, text=null, detailText=The class 'MergeSort' does not implement the interface 'SortStrategy' as expected. Implement the interface and its methods., hasLongFeedbackText=false, reference=null, credits=0.0, positive=false, type=AUTOMATIC, visibility=ALWAYS, testCase=TestCaseDTO[testName=testClass[MergeSort], id=1458]], FeedbackDTO[id=989, text=null, detailText=The exercise expects a class with the name SortStrategy in the package testpackage. You did not implement the class in the exercise., hasLongFeedbackText=false, reference=null, credits=0.0, positive=false, type=AUTOMATIC, visibility=ALWAYS, testCase=TestCaseDTO[testName=testClass[SortStrategy], id=1455]], FeedbackDTO[id=990, text=null, detailText=The class 'BubbleSort' does not implement the interface 'SortStrategy' as expected. Implement the interface and its methods., hasLongFeedbackText=false, reference=null, credits=0.0, positive=false, type=AUTOMATIC, visibility=ALWAYS, testCase=TestCaseDTO[testName=testClass[BubbleSort], id=1459]], FeedbackDTO[id=991, text=null, detailText=MergeSort does not sort correctly, hasLongFeedbackText=false, reference=null, credits=0.0, positive=false, type=AUTOMATIC, visibility=ALWAYS, testCase=TestCaseDTO[testName=testMergeSort(), id=1464]], FeedbackDTO[id=992, text=null, detailText=The class 'Context' was not found within the submission. Make sure to implement it properly., hasLongFeedbackText=false, reference=null, credits=0.0, positive=false, type=AUTOMATIC, visibility=ALWAYS, testCase=TestCaseDTO[testName=testUseBubbleSortForSmallList(), id=1465]], FeedbackDTO[id=993, text=null, detailText=BubbleSort does not sort correctly, hasLongFeedbackText=false, reference=null, credits=0.0, positive=false, type=AUTOMATIC, visibility=ALWAYS, testCase=TestCaseDTO[testName=testBubbleSort(), id=1467]], FeedbackDTO[id=994, text=null, detailText=The class 'Context' was not found within the submission. Make sure to implement it properly., hasLongFeedbackText=false, reference=null, credits=0.0, positive=false, type=AUTOMATIC, visibility=ALWAYS, testCase=TestCaseDTO[testName=testUseMergeSortForBigList(), id=1466]], FeedbackDTO[id=995, text=null, detailText=The exercise expects a class with the name Policy in the package testpackage. You did not implement the class in the exercise., hasLongFeedbackText=false, reference=null, credits=0.0, positive=false, type=AUTOMATIC, visibility=ALWAYS, testCase=TestCaseDTO[testName=testConstructors[Policy], id=1460]], FeedbackDTO[id=996, text=null, detailText=The exercise expects a class with the name Context in the package testpackage. You did not implement the class in the exercise., hasLongFeedbackText=false, reference=null, credits=0.0, positive=false, type=AUTOMATIC, visibility=ALWAYS, testCase=TestCaseDTO[testName=testAttributes[Context], id=1456]], FeedbackDTO[id=997, text=null, detailText=The exercise expects a class with the name Policy in the package testpackage. You did not implement the class in the exercise., hasLongFeedbackText=false, reference=null, credits=0.0, positive=false, type=AUTOMATIC, visibility=ALWAYS, testCase=TestCaseDTO[testName=testAttributes[Policy], id=1457]]], assessmentType=AUTOMATIC, hasComplaint=null, exampleResult=null, testCaseCount=13, passedTestCaseCount=0, codeIssueCount=0]], BuildJobQueueItem[id=20291739576751299, name=SHORT716C2EC10B19B049C80A2F00B97EAB20B2A9TSTEXC-SOLUTION, buildAgent=BuildAgentDTO[name=artemis-build-agent-test, memberAddress=[127.0.0.1]:5703, displayName=artemis-build-agent-test], participationId=2029, courseId=993, exerciseId=2610, retryCount=0, priority=2, status=SUCCESSFUL, repositoryInfo=RepositoryInfo[repositoryName=short716c2ec10b19b049c80a2f00b97eab20b2a9tstexc-solution, repositoryType=solution, triggeredByPushTo=tests, assignmentRepositoryUri=http://localhost:49152/git/SHORT716C2EC10B19B049C80A2F00B97EAB20B2A9TSTEXC/short716c2ec10b19b049c80a2f00b97eab20b2a9tstexc-solution.git, testRepositoryUri=http://localhost:49152/git/SHORT716C2EC10B19B049C80A2F00B97EAB20B2A9TSTEXC/short716c2ec10b19b049c80a2f00b97eab20b2a9tstexc-tests.git, solutionRepositoryUri=null, auxiliaryRepositoryUris=[Ljava.lang.String;@4d6c891b, auxiliaryRepositoryCheckoutDirectories=[Ljava.lang.String;@3a886595], jobTimingInfo=JobTimingInfo[submissionDate=2025-02-14T23:45:51.299892174Z[Etc/UTC], buildStartDate=2025-02-14T23:45:51.314028505Z[Etc/UTC], buildCompletionDate=2025-02-14T23:45:52.158312850Z[Etc/UTC], estimatedCompletionDate=2025-02-14T23:46:10.314021752Z[Etc/UTC], estimatedDuration=19], buildConfig=BuildConfig[buildScript=#!/bin/bash
cd /var/tmp/testing-dir
chmod +x ./gradlew
./gradlew clean test
, dockerImage=dummy-docker-image:latest, commitHashToBuild=1e531733ed6e9237f710b528d1eb0b7beac565fd, assignmentCommitHash=815e279f12ad296b4f24c44134a07293c04c010f, testCommitHash=1e531733ed6e9237f710b528d1eb0b7beac565fd, branch=main, programmingLanguage=JAVA, projectType=PLAIN_GRADLE, scaEnabled=false, sequentialTestRunsEnabled=false, resultPaths=[/var/tmp/testing-dir/**/test-results/test/*.xml], timeoutSeconds=0, assignmentCheckoutPath=null, testCheckoutPath=null, solutionCheckoutPath=null, dockerRunConfig=null], submissionResult=ResultDTO[id=638, completionDate=2025-02-14T23:45:52.146826070Z[Etc/UTC], successful=true, score=100.0, rated=true, submission=SubmissionDTO[id=832, submitted=true, type=TEST, exampleSubmission=null, submissionDate=2025-02-14T23:45:51.275713Z, commitHash=1e531733ed6e9237f710b528d1eb0b7beac565fd, buildFailed=false, buildArtifact=false, participation=ParticipationDTO[id=2029, testRun=false, type=solution, submissionCount=null, exercise=ParticipationExerciseDTO[id=2610, exerciseType=PROGRAMMING, type=programming, assessmentType=AUTOMATIC, dueDate=2025-02-16T23:45:50.869093Z, assessmentDueDate=null, maxPoints=42.0, course=CourseDTO[id=993, accuracyOfScores=1]]], submissionExerciseType=programming, isProcessing=false, buildStartDate=null, estimatedCompletionDate=null], participation=ParticipationDTO[id=2029, testRun=false, type=solution, submissionCount=null, exercise=ParticipationExerciseDTO[id=2610, exerciseType=PROGRAMMING, type=programming, assessmentType=AUTOMATIC, dueDate=2025-02-16T23:45:50.869093Z, assessmentDueDate=null, maxPoints=42.0, course=CourseDTO[id=993, accuracyOfScores=1]]], feedbacks=[FeedbackDTO[id=998, text=null, detailText=null, hasLongFeedbackText=false, reference=null, credits=3.230769230769231, positive=true, type=AUTOMATIC, visibility=ALWAYS, testCase=TestCaseDTO[testName=testMethods[Context], id=1474]], FeedbackDTO[id=999, text=null, detailText=null, hasLongFeedbackText=false, reference=null, credits=3.230769230769231, positive=true, type=AUTOMATIC, visibility=ALWAYS, testCase=TestCaseDTO[testName=testMethods[Policy], id=1475]], FeedbackDTO[id=1000, text=null, detailText=null, hasLongFeedbackText=false, reference=null, credits=3.230769230769231, positive=true, type=AUTOMATIC, visibility=ALWAYS, testCase=TestCaseDTO[testName=testMethods[SortStrategy], id=1476]], FeedbackDTO[id=1001, text=null, detailText=null, hasLongFeedbackText=false, reference=null, credits=3.230769230769231, positive=true, type=AUTOMATIC, visibility=ALWAYS, testCase=TestCaseDTO[testName=testClass[MergeSort], id=1471]], FeedbackDTO[id=1002, text=null, detailText=null, hasLongFeedbackText=false, reference=null, credits=3.230769230769231, positive=true, type=AUTOMATIC, visibility=ALWAYS, testCase=TestCaseDTO[testName=testClass[SortStrategy], id=1468]], FeedbackDTO[id=1003, text=null, detailText=null, hasLongFeedbackText=false, reference=null, credits=3.230769230769231, positive=true, type=AUTOMATIC, visibility=ALWAYS, testCase=TestCaseDTO[testName=testClass[BubbleSort], id=1472]], FeedbackDTO[id=1004, text=null, detailText=null, hasLongFeedbackText=false, reference=null, credits=3.230769230769231, positive=true, type=AUTOMATIC, visibility=ALWAYS, testCase=TestCaseDTO[testName=testMergeSort(), id=1477]], FeedbackDTO[id=1005, text=null, detailText=null, hasLongFeedbackText=false, reference=null, credits=3.230769230769231, positive=true, type=AUTOMATIC, visibility=ALWAYS, testCase=TestCaseDTO[testName=testUseBubbleSortForSmallList(), id=1478]], FeedbackDTO[id=1006, text=null, detailText=null, hasLongFeedbackText=false, reference=null, credits=3.230769230769231, positive=true, type=AUTOMATIC, visibility=ALWAYS, testCase=TestCaseDTO[testName=testBubbleSort(), id=1480]], FeedbackDTO[id=1007, text=null, detailText=null, hasLongFeedbackText=false, reference=null, credits=3.230769230769231, positive=true, type=AUTOMATIC, visibility=ALWAYS, testCase=TestCaseDTO[testName=testUseMergeSortForBigList(), id=1479]], FeedbackDTO[id=1008, text=null, detailText=null, hasLongFeedbackText=false, reference=null, credits=3.230769230769231, positive=true, type=AUTOMATIC, visibility=ALWAYS, testCase=TestCaseDTO[testName=testConstructors[Policy], id=1473]], FeedbackDTO[id=1009, text=null, detailText=null, hasLongFeedbackText=false, reference=null, credits=3.230769230769231, positive=true, type=AUTOMATIC, visibility=ALWAYS, testCase=TestCaseDTO[testName=testAttributes[Context], id=1469]], FeedbackDTO[id=1010, text=null, detailText=null, hasLongFeedbackText=false, reference=null, credits=3.230769230769231, positive=true, type=AUTOMATIC, visibility=ALWAYS, testCase=TestCaseDTO[testName=testAttributes[Policy], id=1470]]], assessmentType=AUTOMATIC, hasComplaint=null, exampleResult=null, testCaseCount=13, passedTestCaseCount=13, codeIssueCount=0]], BuildJobQueueItem[id=20301739576752239, name=SHORT716C2EC10B19B049C80A2F00B97EAB20B2A9TSTEXC-BASE, buildAgent=BuildAgentDTO[name=artemis-build-agent-test, memberAddress=[127.0.0.1]:5703, displayName=artemis-build-agent-test], participationId=2030, courseId=993, exerciseId=2610, retryCount=0, priority=2, status=SUCCESSFUL, repositoryInfo=RepositoryInfo[repositoryName=short716c2ec10b19b049c80a2f00b97eab20b2a9tstexc-exercise, repositoryType=exercise, triggeredByPushTo=tests, assignmentRepositoryUri=http://localhost:49152/git/SHORT716C2EC10B19B049C80A2F00B97EAB20B2A9TSTEXC/short716c2ec10b19b049c80a2f00b97eab20b2a9tstexc-exercise.git, testRepositoryUri=http://localhost:49152/git/SHORT716C2EC10B19B049C80A2F00B97EAB20B2A9TSTEXC/short716c2ec10b19b049c80a2f00b97eab20b2a9tstexc-tests.git, solutionRepositoryUri=null, auxiliaryRepositoryUris=[Ljava.lang.String;@704777f8, auxiliaryRepositoryCheckoutDirectories=[Ljava.lang.String;@71c7e420], jobTimingInfo=JobTimingInfo[submissionDate=2025-02-14T23:45:52.239402475Z[Etc/UTC], buildStartDate=2025-02-14T23:45:52.258713639Z[Etc/UTC], buildCompletionDate=2025-02-14T23:45:53.238773956Z[Etc/UTC], estimatedCompletionDate=2025-02-14T23:45:53.258707428Z[Etc/UTC], estimatedDuration=1], buildConfig=BuildConfig[buildScript=#!/bin/bash
cd /var/tmp/testing-dir
chmod +x ./gradlew
./gradlew clean test
, dockerImage=dummy-docker-image:latest, commitHashToBuild=1e531733ed6e9237f710b528d1eb0b7beac565fd, assignmentCommitHash=815e279f12ad296b4f24c44134a07293c04c010f, testCommitHash=1e531733ed6e9237f710b528d1eb0b7beac565fd, branch=main, programmingLanguage=JAVA, projectType=PLAIN_GRADLE, scaEnabled=false, sequentialTestRunsEnabled=false, resultPaths=[/var/tmp/testing-dir/**/test-results/test/*.xml], timeoutSeconds=0, assignmentCheckoutPath=null, testCheckoutPath=null, solutionCheckoutPath=null, dockerRunConfig=null], submissionResult=ResultDTO[id=639, completionDate=2025-02-14T23:45:53.225806205Z[Etc/UTC], successful=false, score=0.0, rated=true, submission=SubmissionDTO[id=833, submitted=true, type=TEST, exampleSubmission=null, submissionDate=2025-02-14T23:45:52.237179Z, commitHash=1e531733ed6e9237f710b528d1eb0b7beac565fd, buildFailed=false, buildArtifact=false, participation=ParticipationDTO[id=2030, testRun=false, type=template, submissionCount=null, exercise=ParticipationExerciseDTO[id=2610, exerciseType=PROGRAMMING, type=programming, assessmentType=AUTOMATIC, dueDate=2025-02-16T23:45:50.869093Z, assessmentDueDate=null, maxPoints=42.0, course=CourseDTO[id=993, accuracyOfScores=1]]], submissionExerciseType=programming, isProcessing=false, buildStartDate=null, estimatedCompletionDate=null], participation=ParticipationDTO[id=2030, testRun=false, type=template, submissionCount=null, exercise=ParticipationExerciseDTO[id=2610, exerciseType=PROGRAMMING, type=programming, assessmentType=AUTOMATIC, dueDate=2025-02-16T23:45:50.869093Z, assessmentDueDate=null, maxPoints=42.0, course=CourseDTO[id=993, accuracyOfScores=1]]], feedbacks=[FeedbackDTO[id=1011, text=null, detailText=The exercise expects a class with the name Context in the package testpackage. You did not implement the class in the exercise., hasLongFeedbackText=false, reference=null, credits=0.0, positive=false, type=AUTOMATIC, visibility=ALWAYS, testCase=TestCaseDTO[testName=testMethods[Context], id=1474]], FeedbackDTO[id=1012, text=null, detailText=The exercise expects a class with the name Policy in the package testpackage. You did not implement the class in the exercise., hasLongFeedbackText=false, reference=null, credits=0.0, positive=false, type=AUTOMATIC, visibility=ALWAYS, testCase=TestCaseDTO[testName=testMethods[Policy], id=1475]], FeedbackDTO[id=1013, text=null, detailText=The exercise expects a class with the name SortStrategy in the package testpackage. You did not implement the class in the exercise., hasLongFeedbackText=false, reference=null, credits=0.0, positive=false, type=AUTOMATIC, visibility=ALWAYS, testCase=TestCaseDTO[testName=testMethods[SortStrategy], id=1476]], FeedbackDTO[id=1014, text=null, detailText=The class 'MergeSort' does not implement the interface 'SortStrategy' as expected. Implement the interface and its methods., hasLongFeedbackText=false, reference=null, credits=0.0, positive=false, type=AUTOMATIC, visibility=ALWAYS, testCase=TestCaseDTO[testName=testClass[MergeSort], id=1471]], FeedbackDTO[id=1015, text=null, detailText=The exercise expects a class with the name SortStrategy in the package testpackage. You did not implement the class in the exercise., hasLongFeedbackText=false, reference=null, credits=0.0, positive=false, type=AUTOMATIC, visibility=ALWAYS, testCase=TestCaseDTO[testName=testClass[SortStrategy], id=1468]], FeedbackDTO[id=1016, text=null, detailText=The class 'BubbleSort' does not implement the interface 'SortStrategy' as expected. Implement the interface and its methods., hasLongFeedbackText=false, reference=null, credits=0.0, positive=false, type=AUTOMATIC, visibility=ALWAYS, testCase=TestCaseDTO[testName=testClass[BubbleSort], id=1472]], FeedbackDTO[id=1017, text=null, detailText=MergeSort does not sort correctly, hasLongFeedbackText=false, reference=null, credits=0.0, positive=false, type=AUTOMATIC, visibility=ALWAYS, testCase=TestCaseDTO[testName=testMergeSort(), id=1477]], FeedbackDTO[id=1018, text=null, detailText=The class 'Context' was not found within the submission. Make sure to implement it properly., hasLongFeedbackText=false, reference=null, credits=0.0, positive=false, type=AUTOMATIC, visibility=ALWAYS, testCase=TestCaseDTO[testName=testUseBubbleSortForSmallList(), id=1478]], FeedbackDTO[id=1019, text=null, detailText=BubbleSort does not sort correctly, hasLongFeedbackText=false, reference=null, credits=0.0, positive=false, type=AUTOMATIC, visibility=ALWAYS, testCase=TestCaseDTO[testName=testBubbleSort(), id=1480]], FeedbackDTO[id=1020, text=null, detailText=The class 'Context' was not found within the submission. Make sure to implement it properly., hasLongFeedbackText=false, reference=null, credits=0.0, positive=false, type=AUTOMATIC, visibility=ALWAYS, testCase=TestCaseDTO[testName=testUseMergeSortForBigList(), id=1479]], FeedbackDTO[id=1021, text=null, detailText=The exercise expects a class with the name Policy in the package testpackage. You did not implement the class in the exercise., hasLongFeedbackText=false, reference=null, credits=0.0, positive=false, type=AUTOMATIC, visibility=ALWAYS, testCase=TestCaseDTO[testName=testConstructors[Policy], id=1473]], FeedbackDTO[id=1022, text=null, detailText=The exercise expects a class with the name Context in the package testpackage. You did not implement the class in the exercise., hasLongFeedbackText=false, reference=null, credits=0.0, positive=false, type=AUTOMATIC, visibility=ALWAYS, testCase=TestCaseDTO[testName=testAttributes[Context], id=1469]], FeedbackDTO[id=1023, text=null, detailText=The exercise expects a class with the name Policy in the package testpackage. You did not implement the class in the exercise., hasLongFeedbackText=false, reference=null, credits=0.0, positive=false, type=AUTOMATIC, visibility=ALWAYS, testCase=TestCaseDTO[testName=testAttributes[Policy], id=1470]]], assessmentType=AUTOMATIC, hasComplaint=null, exampleResult=null, testCaseCount=13, passedTestCaseCount=0, codeIssueCount=0]], BuildJobQueueItem[id=20391739576754750, name=SHORT3A680734092E404EF80A4C60FBC1E408F7D0TSTEXC-LOCALVCCIINTSTUDENT1, buildAgent=BuildAgentDTO[name=artemis-build-agent-test, memberAddress=[127.0.0.1]:5703, displayName=artemis-build-agent-test], participationId=2039, courseId=996, exerciseId=2613, retryCount=0, priority=2, status=SUCCESSFUL, repositoryInfo=RepositoryInfo[repositoryName=short3a680734092e404ef80a4c60fbc1e408f7d0tstexc-localvcciintstudent1, repositoryType=user, triggeredByPushTo=user, assignmentRepositoryUri=http://localhost:49152/git/SHORT3A680734092E404EF80A4C60FBC1E408F7D0TSTEXC/short3a680734092e404ef80a4c60fbc1e408f7d0tstexc-localvcciintstudent1.git, testRepositoryUri=http://localhost:49152/git/SHORT3A680734092E404EF80A4C60FBC1E408F7D0TSTEXC/short3a680734092e404ef80a4c60fbc1e408f7d0tstexc-tests.git, solutionRepositoryUri=null, auxiliaryRepositoryUris=[Ljava.lang.String;@58ca9f52, auxiliaryRepositoryCheckoutDirectories=[Ljava.lang.String;@2197fd13], jobTimingInfo=JobTimingInfo[submissionDate=2025-02-14T23:45:54.750657185Z[Etc/UTC], buildStartDate=2025-02-14T23:45:54.765232948Z[Etc/UTC], buildCompletionDate=2025-02-14T23:45:55.645844970Z[Etc/UTC], estimatedCompletionDate=2025-02-14T23:46:13.765225363Z[Etc/UTC], estimatedDuration=19], buildConfig=BuildConfig[buildScript=#!/bin/bash
cd /var/tmp/testing-dir
chmod +x ./gradlew
./gradlew clean test
, dockerImage=dummy-docker-image:latest, commitHashToBuild=9344436f8d5a5ce3aa40215562db211ed501371f, assignmentCommitHash=9344436f8d5a5ce3aa40215562db211ed501371f, testCommitHash=ff421c3651ec230fed2f20f72c2901ae372be06a, branch=main, programmingLanguage=JAVA, projectType=PLAIN_GRADLE, scaEnabled=false, sequentialTestRunsEnabled=false, resultPaths=[/var/tmp/testing-dir/**/test-results/test/*.xml], timeoutSeconds=0, assignmentCheckoutPath=null, testCheckoutPath=null, solutionCheckoutPath=null, dockerRunConfig=null], submissionResult=ResultDTO[id=640, completionDate=2025-02-14T23:45:55.628250079Z[Etc/UTC], successful=false, score=7.7, rated=true, submission=SubmissionDTO[id=834, submitted=true, type=MANUAL, exampleSubmission=null, submissionDate=2025-02-14T23:45:54.732007Z, commitHash=9344436f8d5a5ce3aa40215562db211ed501371f, buildFailed=false, buildArtifact=false, participation=ParticipationDTO[id=2039, testRun=false, type=programming, submissionCount=null, exercise=ParticipationExerciseDTO[id=2613, exerciseType=PROGRAMMING, type=programming, assessmentType=AUTOMATIC, dueDate=2025-02-16T23:45:54.546562Z, assessmentDueDate=null, maxPoints=42.0, course=CourseDTO[id=996, accuracyOfScores=1]]], submissionExerciseType=programming, isProcessing=false, buildStartDate=null, estimatedCompletionDate=null], participation=ParticipationDTO[id=2039, testRun=false, type=programming, submissionCount=null, exercise=ParticipationExerciseDTO[id=2613, exerciseType=PROGRAMMING, type=programming, assessmentType=AUTOMATIC, dueDate=2025-02-16T23:45:54.546562Z, assessmentDueDate=null, maxPoints=42.0, course=CourseDTO[id=996, accuracyOfScores=1]]], feedbacks=[FeedbackDTO[id=1024, text=null, detailText=The exercise expects a class with the name Context in the package testpackage. You did not implement the class in the exercise., hasLongFeedbackText=false, reference=null, credits=0.0, positive=false, type=AUTOMATIC, visibility=ALWAYS, testCase=TestCaseDTO[testName=null, id=1513]], FeedbackDTO[id=1025, text=null, detailText=The exercise expects a class with the name Policy in the package testpackage. You did not implement the class in the exercise., hasLongFeedbackText=false, reference=null, credits=0.0, positive=false, type=AUTOMATIC, visibility=ALWAYS, testCase=TestCaseDTO[testName=null, id=1514]], FeedbackDTO[id=1026, text=null, detailText=The exercise expects a class with the name SortStrategy in the package testpackage. You did not implement the class in the exercise., hasLongFeedbackText=false, reference=null, credits=0.0, positive=false, type=AUTOMATIC, visibility=ALWAYS, testCase=TestCaseDTO[testName=null, id=1515]], FeedbackDTO[id=1027, text=null, detailText=The class 'MergeSort' does not implement the interface 'SortStrategy' as expected. Implement the interface and its methods., hasLongFeedbackText=false, reference=null, credits=0.0, positive=false, type=AUTOMATIC, visibility=ALWAYS, testCase=TestCaseDTO[testName=null, id=1510]], FeedbackDTO[id=1028, text=null, detailText=The exercise expects a class with the name SortStrategy in the package testpackage. You did not implement the class in the exercise., hasLongFeedbackText=false, reference=null, credits=0.0, positive=false, type=AUTOMATIC, visibility=ALWAYS, testCase=TestCaseDTO[testName=null, id=1507]], FeedbackDTO[id=1029, text=null, detailText=The class 'BubbleSort' does not implement the interface 'SortStrategy' as expected. Implement the interface and its methods., hasLongFeedbackText=false, reference=null, credits=0.0, positive=false, type=AUTOMATIC, visibility=ALWAYS, testCase=TestCaseDTO[testName=null, id=1511]], FeedbackDTO[id=1030, text=null, detailText=MergeSort does not sort correctly, hasLongFeedbackText=false, reference=null, credits=0.0, positive=false, type=AUTOMATIC, visibility=ALWAYS, testCase=TestCaseDTO[testName=null, id=1516]], FeedbackDTO[id=1031, text=null, detailText=The class 'Context' was not found within the submission. Make sure to implement it properly., hasLongFeedbackText=false, reference=null, credits=0.0, positive=false, type=AUTOMATIC, visibility=ALWAYS, testCase=TestCaseDTO[testName=null, id=1517]], FeedbackDTO[id=1032, text=null, detailText=The class 'Context' was not found within the submission. Make sure to implement it properly., hasLongFeedbackText=false, reference=null, credits=0.0, positive=false, type=AUTOMATIC, visibility=ALWAYS, testCase=TestCaseDTO[testName=null, id=1518]], FeedbackDTO[id=1033, text=null, detailText=The exercise expects a class with the name Policy in the package testpackage. You did not implement the class in the exercise., hasLongFeedbackText=false, reference=null, credits=0.0, positive=false, type=AUTOMATIC, visibility=ALWAYS, testCase=TestCaseDTO[testName=null, id=1512]], FeedbackDTO[id=1034, text=null, detailText=The exercise expects a class with the name Context in the package testpackage. You did not implement the class in the exercise., hasLongFeedbackText=false, reference=null, credits=0.0, positive=false, type=AUTOMATIC, visibility=ALWAYS, testCase=TestCaseDTO[testName=null, id=1508]], FeedbackDTO[id=1035, text=null, detailText=The exercise expects a class with the name Policy in the package testpackage. You did not implement the class in the exercise., hasLongFeedbackText=false, reference=null, credits=0.0, positive=false, type=AUTOMATIC, visibility=ALWAYS, testCase=TestCaseDTO[testName=null, id=1509]], FeedbackDTO[id=1036, text=null, detailText=null, hasLongFeedbackText=false, reference=null, credits=3.230769230769231, positive=true, type=AUTOMATIC, visibility=ALWAYS, testCase=TestCaseDTO[testName=null, id=1519]]], assessmentType=AUTOMATIC, hasComplaint=null, exampleResult=null, testCaseCount=13, passedTestCaseCount=1, codeIssueCount=0]]], publicSshKey=ssh-rsa AAAAB3NzaC1yc2EAAAADAQABAAACAQCOPdMsxRE2jFJ/UEa5/LsBxtwzJcrh3/rYBCQvcMeVpiRfhzQPWu7mrt/G2Ew+i+vRloGH9aqKg6dd1liRncao53Zmd/ePxoatXePNhmzTfkCkcSkTUz7B+QMjkoDDV5jwuFPD6mF3JkhuzSi64n9Zy905t4w2IhVcjM2mL3eYNjiCXt6Qpq3Pkt7dM/Ksw1nxnvuiIALuJLB3FTkXkHqq3PJav+9HSq2r6ZaWgekneaGxlQlb+U+Vy3XOuArKAzK8c8i+0bR+AHiTG6ncYXt7ax3U+TdlDTF7OLP3umwaYjs1NBXOHwG42pevvpKn2fqavZZozk+M05jXLx3bq0O7itxfErWc7etky8qYPyyIMF/txQIVLd78+Ze4d7Y60t5MGbXM5cGE6fFif5fEJwgswXD+BrG0cafz1CTatjSKFdvp8Vp4VszXhHDan1PrP6JEFJ5Cc5GDmLRZPCFa3vL9f5qXgf4bkqKN8MYeEujwJE5nMRWoiJVNakix2bcrrneQMBlnYeYZVWXXXUusAQBzl4NgddC1umZpihZkL1b1MffZAUW3EGEXi7KHnllQhkTLLsQ8ntMgbylqaJKStqaXlLvdeRJcEnUuiFCrHEVVbXRFZR7XVDZ02CE5o3MuaRPty8Kh+jRTF3COlAckHwYEJCNNJvXFgb2CNXL4mjzYDw== test@localhost]
    23:45:55.736 | 566 localvc.event-13 | DEBUG | a.p.s.l.SharedQueueManagementService : Build agent updated: null
    23:45:55.741 | 588 artemis-task-1   | DEBUG | d.t.c.a.a.c.c.w.GzipMessageConverter : Compressed message payload from 113787 to 10916 (saved 90.4% payload size)
    23:45:55.816 | 615 taskScheduler-4  | DEBUG | .a.s.ParticipantScoreScheduleService : Processing exercise 2613 and participant 238 to update participant scores.
    23:45:55.821 | 615 taskScheduler-4  | DEBUG | .a.s.ParticipantScoreScheduleService : Updated participant score 87.
    23:45:55.822 | 615 taskScheduler-4  | DEBUG | .a.s.ParticipantScoreScheduleService : Updating the participant score for exercise 2613 and participant 238 took 6 ms.
    23:45:56.108 | 601 taskScheduler-2  | DEBUG | a.a.b.s.SharedQueueProcessingService : Currently processing jobs on this node: 0, active threads in Pool: 0, maximum pool size of thread executor : 1
    23:45:56.294 | 603 nio-49152-exec-2 | DEBUG | d.t.c.a.a.c.s.f.ApiVersionFilter     : Adding Version to Request GET /git/SHORT3A680734092E404EF80A4C60FBC1E408F7D0TSTEXC/short3a680734092e404ef80a4c60fbc1e408f7d0tstexc-localvcciintstudent1.git/info/refs
    23:45:56.294 | 603 nio-49152-exec-2 | DEBUG | .t.c.a.a.p.s.l.LocalVCServletService : Path to resolve repository from: /tmp/SHORT3A680734092E404EF80A4C60FBC1E408F7D0TSTEXC/short3a680734092e404ef80a4c60fbc1e408f7d0tstexc-localvcciintstudent1.git
    23:45:56.294 | 603 nio-49152-exec-2 | DEBUG | .t.c.a.a.p.s.l.LocalVCServletService : Retrieving cached local repository SHORT3A680734092E404EF80A4C60FBC1E408F7D0TSTEXC/short3a680734092e404ef80a4c60fbc1e408f7d0tstexc-localvcciintstudent1.git
    23:45:56.294 | 603 nio-49152-exec-2 | DEBUG | .t.c.a.a.p.s.l.LocalVCServletService : Resolving repository for repository SHORT3A680734092E404EF80A4C60FBC1E408F7D0TSTEXC/short3a680734092e404ef80a4c60fbc1e408f7d0tstexc-localvcciintstudent1.git took 48µs
    23:45:56.294 | 603 nio-49152-exec-2 | DEBUG | d.t.c.a.a.p.s.l.LocalVCPushFilter    : Trying to push to repository /git/SHORT3A680734092E404EF80A4C60FBC1E408F7D0TSTEXC/short3a680734092e404ef80a4c60fbc1e408f7d0tstexc-localvcciintstudent1.git/info/refs
    23:45:56.299 | 603 nio-49152-exec-2 | DEBUG | t.c.a.a.c.s.DomainUserDetailsService : Authenticating localvcciintstudent1
    23:45:56.313 | 604 nio-49152-exec-3 | DEBUG | d.t.c.a.a.c.s.f.ApiVersionFilter     : Adding Version to Request GET /git/SHORT3A680734092E404EF80A4C60FBC1E408F7D0TSTEXC/short3a680734092e404ef80a4c60fbc1e408f7d0tstexc-localvcciintstudent1.git/info/refs
    23:45:56.313 | 604 nio-49152-exec-3 | DEBUG | .t.c.a.a.p.s.l.LocalVCServletService : Path to resolve repository from: /tmp/SHORT3A680734092E404EF80A4C60FBC1E408F7D0TSTEXC/short3a680734092e404ef80a4c60fbc1e408f7d0tstexc-localvcciintstudent1.git
    23:45:56.313 | 604 nio-49152-exec-3 | DEBUG | .t.c.a.a.p.s.l.LocalVCServletService : Retrieving cached local repository SHORT3A680734092E404EF80A4C60FBC1E408F7D0TSTEXC/short3a680734092e404ef80a4c60fbc1e408f7d0tstexc-localvcciintstudent1.git
    23:45:56.313 | 604 nio-49152-exec-3 | DEBUG | .t.c.a.a.p.s.l.LocalVCServletService : Resolving repository for repository SHORT3A680734092E404EF80A4C60FBC1E408F7D0TSTEXC/short3a680734092e404ef80a4c60fbc1e408f7d0tstexc-localvcciintstudent1.git took 24µs
    23:45:56.313 | 604 nio-49152-exec-3 | DEBUG | d.t.c.a.a.p.s.l.LocalVCPushFilter    : Trying to push to repository /git/SHORT3A680734092E404EF80A4C60FBC1E408F7D0TSTEXC/short3a680734092e404ef80a4c60fbc1e408f7d0tstexc-localvcciintstudent1.git/info/refs
    23:45:56.323 | 604 nio-49152-exec-3 | DEBUG | t.c.a.a.c.s.DomainUserDetailsService : Authenticating localvcciintinstructor1
    23:45:56.336 | 588 artemis-task-1   | DEBUG | d.t.c.a.a.p.s.l.VcsAccessLogService  : Storing access operation for user User{login='localvcciintinstructor1', firstName='localvcciintinstructor1First', lastName='localvcciintinstructor1Last', email='localvcciintinstructor1@test.de', imageUrl='null', activated='true', langKey='en', activationKey='null'}
    23:45:56.337 | 604 nio-49152-exec-3 | DEBUG | .t.c.a.a.p.s.l.LocalVCServletService : Authorizing user localvcciintinstructor1 for repository http://localhost:49152/git/SHORT3A680734092E404EF80A4C60FBC1E408F7D0TSTEXC/short3a680734092e404ef80a4c60fbc1e408f7d0tstexc-localvcciintstudent1.git took 23.46ms

  Starting logs for LocalVCLocalCIIntegrationTest > testFetchPush_studentAssignmentRepository_afterDueDate()
    23:45:56.388 |  27 nPool-1-worker-1 | DEBUG | d.t.c.a.a.c.u.util.UserUtilService   : Generate 2 students...
    23:45:56.393 |  27 nPool-1-worker-1 | DEBUG | d.t.c.a.a.c.u.util.UserUtilService   : 2 students generated. Generate 1 tutors...
    23:45:56.395 |  27 nPool-1-worker-1 | DEBUG | d.t.c.a.a.c.u.util.UserUtilService   : 1 tutors generated. Generate 0 editors...
    23:45:56.396 |  27 nPool-1-worker-1 | DEBUG | d.t.c.a.a.c.u.util.UserUtilService   : 0 editors generated. Generate 2 instructors...
    23:45:56.400 |  27 nPool-1-worker-1 | DEBUG | d.t.c.a.a.c.u.util.UserUtilService   : 2 instructors generated
    23:45:56.401 |  27 nPool-1-worker-1 | DEBUG | d.t.c.a.a.c.u.util.UserUtilService   : Removing 4 users from all courses...
    23:45:56.402 |  27 nPool-1-worker-1 | DEBUG | d.t.c.a.a.c.u.util.UserUtilService   : Removing 4 users from all courses. Done
    23:45:56.402 |  27 nPool-1-worker-1 | DEBUG | d.t.c.a.a.c.u.util.UserUtilService   : Save 5 users to database...
    23:45:56.406 |  27 nPool-1-worker-1 | DEBUG | d.t.c.a.a.c.u.util.UserUtilService   : Save 5 users to database. Done
    23:45:56.564 |  27 nPool-1-worker-1 | INFO  | i.z.t.d.l.EmbeddedDatabaseReporter   : JDBC URL to connect to 'dataSource': url='jdbc:h2:tcp://localhost:41063/mem:f240edcd-27ce-47a3-b4ab-a6a00c154135;USER=sa', scope='LocalVCLocalCIIntegrationTest#testFetchPush_studentAssignmentRepository_afterDueDate'
    23:45:56.568 |  27 nPool-1-worker-1 | DEBUG | PersonalAccessTokenManagementService : Generate secure vcs access token
    23:45:56.569 |  27 nPool-1-worker-1 | DEBUG | .c.a.a.p.i.LocalVCLocalCITestService : Created participation with id: 2042
    23:45:56.570 |  27 nPool-1-worker-1 | DEBUG | d.t.c.a.a.c.s.f.ApiVersionFilter     : Adding Version to Request PUT /api/programming-exercises
    23:45:56.571 |  27 nPool-1-worker-1 | DEBUG | .a.a.p.w.ProgrammingExerciseResource : REST request to update ProgrammingExercise : ProgrammingExercise{id=2614, templateRepositoryUri='http://localhost:49152/git/SHORTC5AE35E4094A90425709AE30A32B7BE0D765TSTEXC/shortc5ae35e4094a90425709ae30a32b7be0d765tstexc-exercise.git', solutionRepositoryUri='http://localhost:49152/git/SHORTC5AE35E4094A90425709AE30A32B7BE0D765TSTEXC/shortc5ae35e4094a90425709ae30a32b7be0d765tstexc-solution.git', templateBuildPlanId='SHORTC5AE35E4094A90425709AE30A32B7BE0D765TSTEXC-BASE', solutionBuildPlanId='SHORTC5AE35E4094A90425709AE30A32B7BE0D765TSTEXC-SOLUTION', allowOnlineEditor='true', allowOnlineIde='false', programmingLanguage='JAVA', packageName='de.test'', testCasesChanged='false'}
    23:45:56.582 |  27 nPool-1-worker-1 | INFO  | .c.s.m.InstanceMessageReceiveService : Received schedule update for programming exercise 2614
    23:45:56.584 |  27 nPool-1-worker-1 | DEBUG | t.c.a.a.e.s.ExerciseLifecycleService : Scheduled Task for Exercise "Programming" (#2614) to trigger on BUILD_AND_TEST_AFTER_DUE_DATE.
    23:45:56.584 |  27 nPool-1-worker-1 | DEBUG | s.ProgrammingExerciseScheduleService : Scheduled build and test for student submissions after due date for Programming Exercise 'Programming' (#2614) for 2025-02-19T23:45:56.408489Z.
    23:45:56.586 |  27 nPool-1-worker-1 | INFO  | .c.s.m.InstanceMessageReceiveService : Received schedule update for potential Athena exercise 2614
    23:45:56.586 |  27 nPool-1-worker-1 | INFO  | .c.s.m.InstanceMessageReceiveService : Received lock all repositories and participations with earlier due date for programming exercise 2614
    23:45:56.588 |  27 nPool-1-worker-1 | INFO  | s.ProgrammingExerciseScheduleService : Invoking (scheduled) task 'remove write permissions from all student repositories and lock participations' for programming exercise with id 2614.
    23:45:56.590 | 821 ol-9422-thread-1 | INFO  | s.ProgrammingExerciseScheduleService : Finished executing (scheduled) task 'remove write permissions from all student repositories and lock participations' for programming exercise with id 2614.
    23:45:56.592 |  27 nPool-1-worker-1 | INFO  | s.ProgrammingExerciseScheduleService : Invoking (scheduled) task 'stash changes from all student repositories' for programming exercise with id 2614.
    23:45:56.595 | 822 ol-9423-thread-1 | DEBUG | d.t.c.a.a.p.service.GitService       : Cloning from file:///tmp/SHORTC5AE35E4094A90425709AE30A32B7BE0D765TSTEXC/shortc5ae35e4094a90425709ae30a32b7be0d765tstexc-localvcciintstudent1.git/ to repos/server-integration-test/SHORTC5AE35E4094A90425709AE30A32B7BE0D765TSTEXC/shortc5ae35e4094a90425709ae30a32b7be0d765tstexc-localvcciintstudent1
    23:45:56.599 | 822 ol-9423-thread-1 | ERROR | d.t.c.a.a.p.s.AbstractGitService     : Cannot use ssh properly because of mismatch of Jgit transport object: org.eclipse.jgit.transport.TransportLocal@6d53aa3f
    23:45:56.616 | 822 ol-9423-thread-1 | INFO  | s.ProgrammingExerciseScheduleService : Finished executing (scheduled) task 'stash changes from all student repositories' for programming exercise with id 2614.
    23:45:56.621 |  27 nPool-1-worker-1 | INFO  | d.t.c.a.a.e.service.ExerciseService  : User localvcciintinstructor1 has updated ProgrammingExercise Programming with id 2614
    23:45:56.627 | 605 nio-49152-exec-4 | DEBUG | d.t.c.a.a.c.s.f.ApiVersionFilter     : Adding Version to Request GET /git/SHORTC5AE35E4094A90425709AE30A32B7BE0D765TSTEXC/shortc5ae35e4094a90425709ae30a32b7be0d765tstexc-localvcciintstudent1.git/info/refs
    23:45:56.627 | 605 nio-49152-exec-4 | DEBUG | .t.c.a.a.p.s.l.LocalVCServletService : Path to resolve repository from: /tmp/SHORTC5AE35E4094A90425709AE30A32B7BE0D765TSTEXC/shortc5ae35e4094a90425709ae30a32b7be0d765tstexc-localvcciintstudent1.git
    23:45:56.627 | 605 nio-49152-exec-4 | DEBUG | .t.c.a.a.p.s.l.LocalVCServletService : Opening local repository SHORTC5AE35E4094A90425709AE30A32B7BE0D765TSTEXC/shortc5ae35e4094a90425709ae30a32b7be0d765tstexc-localvcciintstudent1.git
    23:45:56.628 | 605 nio-49152-exec-4 | DEBUG | .t.c.a.a.p.s.l.LocalVCServletService : Resolving repository for repository SHORTC5AE35E4094A90425709AE30A32B7BE0D765TSTEXC/shortc5ae35e4094a90425709ae30a32b7be0d765tstexc-localvcciintstudent1.git took 841µs
    23:45:56.628 | 605 nio-49152-exec-4 | DEBUG | d.t.c.a.a.p.s.l.LocalVCFetchFilter   : Trying to fetch repository /git/SHORTC5AE35E4094A90425709AE30A32B7BE0D765TSTEXC/shortc5ae35e4094a90425709ae30a32b7be0d765tstexc-localvcciintstudent1.git/info/refs
    23:45:56.652 | 605 nio-49152-exec-4 | DEBUG | t.c.a.a.c.s.DomainUserDetailsService : Authenticating localvcciintstudent1
    23:45:56.664 | 588 artemis-task-1   | DEBUG | d.t.c.a.a.p.s.l.VcsAccessLogService  : Storing access operation for user User{login='localvcciintstudent1', firstName='localvcciintstudent1First', lastName='localvcciintstudent1Last', email='localvcciintstudent1@test.de', imageUrl='null', activated='true', langKey='en', activationKey='null'}
    23:45:56.664 | 605 nio-49152-exec-4 | DEBUG | .t.c.a.a.p.s.l.LocalVCServletService : Authorizing user localvcciintstudent1 for repository http://localhost:49152/git/SHORTC5AE35E4094A90425709AE30A32B7BE0D765TSTEXC/shortc5ae35e4094a90425709ae30a32b7be0d765tstexc-localvcciintstudent1.git took 35.43ms
    23:45:56.669 | 606 nio-49152-exec-5 | DEBUG | d.t.c.a.a.c.s.f.ApiVersionFilter     : Adding Version to Request GET /git/SHORTC5AE35E4094A90425709AE30A32B7BE0D765TSTEXC/shortc5ae35e4094a90425709ae30a32b7be0d765tstexc-localvcciintstudent1.git/info/refs
    23:45:56.670 | 606 nio-49152-exec-5 | DEBUG | .t.c.a.a.p.s.l.LocalVCServletService : Path to resolve repository from: /tmp/SHORTC5AE35E4094A90425709AE30A32B7BE0D765TSTEXC/shortc5ae35e4094a90425709ae30a32b7be0d765tstexc-localvcciintstudent1.git
    23:45:56.670 | 606 nio-49152-exec-5 | DEBUG | .t.c.a.a.p.s.l.LocalVCServletService : Retrieving cached local repository SHORTC5AE35E4094A90425709AE30A32B7BE0D765TSTEXC/shortc5ae35e4094a90425709ae30a32b7be0d765tstexc-localvcciintstudent1.git
    23:45:56.670 | 606 nio-49152-exec-5 | DEBUG | .t.c.a.a.p.s.l.LocalVCServletService : Resolving repository for repository SHORTC5AE35E4094A90425709AE30A32B7BE0D765TSTEXC/shortc5ae35e4094a90425709ae30a32b7be0d765tstexc-localvcciintstudent1.git took 44µs
    23:45:56.670 | 606 nio-49152-exec-5 | DEBUG | d.t.c.a.a.p.s.l.LocalVCPushFilter    : Trying to push to repository /git/SHORTC5AE35E4094A90425709AE30A32B7BE0D765TSTEXC/shortc5ae35e4094a90425709ae30a32b7be0d765tstexc-localvcciintstudent1.git/info/refs
    23:45:56.674 | 606 nio-49152-exec-5 | DEBUG | t.c.a.a.c.s.DomainUserDetailsService : Authenticating localvcciintstudent1
    23:45:56.685 | 607 nio-49152-exec-6 | DEBUG | d.t.c.a.a.c.s.f.ApiVersionFilter     : Adding Version to Request GET /git/SHORTC5AE35E4094A90425709AE30A32B7BE0D765TSTEXC/shortc5ae35e4094a90425709ae30a32b7be0d765tstexc-localvcciintstudent1.git/info/refs
    23:45:56.685 | 607 nio-49152-exec-6 | DEBUG | .t.c.a.a.p.s.l.LocalVCServletService : Path to resolve repository from: /tmp/SHORTC5AE35E4094A90425709AE30A32B7BE0D765TSTEXC/shortc5ae35e4094a90425709ae30a32b7be0d765tstexc-localvcciintstudent1.git
    23:45:56.685 | 607 nio-49152-exec-6 | DEBUG | .t.c.a.a.p.s.l.LocalVCServletService : Retrieving cached local repository SHORTC5AE35E4094A90425709AE30A32B7BE0D765TSTEXC/shortc5ae35e4094a90425709ae30a32b7be0d765tstexc-localvcciintstudent1.git
    23:45:56.685 | 607 nio-49152-exec-6 | DEBUG | .t.c.a.a.p.s.l.LocalVCServletService : Resolving repository for repository SHORTC5AE35E4094A90425709AE30A32B7BE0D765TSTEXC/shortc5ae35e4094a90425709ae30a32b7be0d765tstexc-localvcciintstudent1.git took 20µs
    23:45:56.685 | 607 nio-49152-exec-6 | DEBUG | d.t.c.a.a.p.s.l.LocalVCFetchFilter   : Trying to fetch repository /git/SHORTC5AE35E4094A90425709AE30A32B7BE0D765TSTEXC/shortc5ae35e4094a90425709ae30a32b7be0d765tstexc-localvcciintstudent1.git/info/refs
    23:45:56.689 | 607 nio-49152-exec-6 | DEBUG | t.c.a.a.c.s.DomainUserDetailsService : Authenticating localvcciinttutor1
    23:45:56.697 | 588 artemis-task-1   | DEBUG | d.t.c.a.a.p.s.l.VcsAccessLogService  : Storing access operation for user User{login='localvcciinttutor1', firstName='localvcciinttutor1First', lastName='localvcciinttutor1Last', email='localvcciinttutor1@test.de', imageUrl='null', activated='true', langKey='en', activationKey='null'}
    23:45:56.697 | 607 nio-49152-exec-6 | DEBUG | .t.c.a.a.p.s.l.LocalVCServletService : Authorizing user localvcciinttutor1 for repository http://localhost:49152/git/SHORTC5AE35E4094A90425709AE30A32B7BE0D765TSTEXC/shortc5ae35e4094a90425709ae30a32b7be0d765tstexc-localvcciintstudent1.git took 12.08ms
    23:45:56.704 | 608 nio-49152-exec-7 | DEBUG | d.t.c.a.a.c.s.f.ApiVersionFilter     : Adding Version to Request GET /git/SHORTC5AE35E4094A90425709AE30A32B7BE0D765TSTEXC/shortc5ae35e4094a90425709ae30a32b7be0d765tstexc-localvcciintstudent1.git/info/refs
    23:45:56.704 | 608 nio-49152-exec-7 | DEBUG | .t.c.a.a.p.s.l.LocalVCServletService : Path to resolve repository from: /tmp/SHORTC5AE35E4094A90425709AE30A32B7BE0D765TSTEXC/shortc5ae35e4094a90425709ae30a32b7be0d765tstexc-localvcciintstudent1.git
    23:45:56.704 | 608 nio-49152-exec-7 | DEBUG | .t.c.a.a.p.s.l.LocalVCServletService : Retrieving cached local repository SHORTC5AE35E4094A90425709AE30A32B7BE0D765TSTEXC/shortc5ae35e4094a90425709ae30a32b7be0d765tstexc-localvcciintstudent1.git
    23:45:56.704 | 608 nio-49152-exec-7 | DEBUG | .t.c.a.a.p.s.l.LocalVCServletService : Resolving repository for repository SHORTC5AE35E4094A90425709AE30A32B7BE0D765TSTEXC/shortc5ae35e4094a90425709ae30a32b7be0d765tstexc-localvcciintstudent1.git took 24µs
    23:45:56.704 | 608 nio-49152-exec-7 | DEBUG | d.t.c.a.a.p.s.l.LocalVCPushFilter    : Trying to push to repository /git/SHORTC5AE35E4094A90425709AE30A32B7BE0D765TSTEXC/shortc5ae35e4094a90425709ae30a32b7be0d765tstexc-localvcciintstudent1.git/info/refs
    23:45:56.708 | 608 nio-49152-exec-7 | DEBUG | t.c.a.a.c.s.DomainUserDetailsService : Authenticating localvcciinttutor1
    23:45:56.720 | 609 nio-49152-exec-8 | DEBUG | d.t.c.a.a.c.s.f.ApiVersionFilter     : Adding Version to Request GET /git/SHORTC5AE35E4094A90425709AE30A32B7BE0D765TSTEXC/shortc5ae35e4094a90425709ae30a32b7be0d765tstexc-localvcciintstudent1.git/info/refs
    23:45:56.720 | 609 nio-49152-exec-8 | DEBUG | .t.c.a.a.p.s.l.LocalVCServletService : Path to resolve repository from: /tmp/SHORTC5AE35E4094A90425709AE30A32B7BE0D765TSTEXC/shortc5ae35e4094a90425709ae30a32b7be0d765tstexc-localvcciintstudent1.git
    23:45:56.720 | 609 nio-49152-exec-8 | DEBUG | .t.c.a.a.p.s.l.LocalVCServletService : Retrieving cached local repository SHORTC5AE35E4094A90425709AE30A32B7BE0D765TSTEXC/shortc5ae35e4094a90425709ae30a32b7be0d765tstexc-localvcciintstudent1.git
    23:45:56.720 | 609 nio-49152-exec-8 | DEBUG | .t.c.a.a.p.s.l.LocalVCServletService : Resolving repository for repository SHORTC5AE35E4094A90425709AE30A32B7BE0D765TSTEXC/shortc5ae35e4094a90425709ae30a32b7be0d765tstexc-localvcciintstudent1.git took 22µs
    23:45:56.720 | 609 nio-49152-exec-8 | DEBUG | d.t.c.a.a.p.s.l.LocalVCFetchFilter   : Trying to fetch repository /git/SHORTC5AE35E4094A90425709AE30A32B7BE0D765TSTEXC/shortc5ae35e4094a90425709ae30a32b7be0d765tstexc-localvcciintstudent1.git/info/refs
    23:45:56.724 | 609 nio-49152-exec-8 | DEBUG | t.c.a.a.c.s.DomainUserDetailsService : Authenticating localvcciintinstructor1
    23:45:56.732 | 588 artemis-task-1   | DEBUG | d.t.c.a.a.p.s.l.VcsAccessLogService  : Storing access operation for user User{login='localvcciintinstructor1', firstName='localvcciintinstructor1First', lastName='localvcciintinstructor1Last', email='localvcciintinstructor1@test.de', imageUrl='null', activated='true', langKey='en', activationKey='null'}
    23:45:56.733 | 609 nio-49152-exec-8 | DEBUG | .t.c.a.a.p.s.l.LocalVCServletService : Authorizing user localvcciintinstructor1 for repository http://localhost:49152/git/SHORTC5AE35E4094A90425709AE30A32B7BE0D765TSTEXC/shortc5ae35e4094a90425709ae30a32b7be0d765tstexc-localvcciintstudent1.git took 12.66ms
    23:45:56.741 | 611 io-49152-exec-10 | DEBUG | d.t.c.a.a.c.s.f.ApiVersionFilter     : Adding Version to Request GET /git/SHORTC5AE35E4094A90425709AE30A32B7BE0D765TSTEXC/shortc5ae35e4094a90425709ae30a32b7be0d765tstexc-localvcciintstudent1.git/info/refs
    23:45:56.741 | 611 io-49152-exec-10 | DEBUG | .t.c.a.a.p.s.l.LocalVCServletService : Path to resolve repository from: /tmp/SHORTC5AE35E4094A90425709AE30A32B7BE0D765TSTEXC/shortc5ae35e4094a90425709ae30a32b7be0d765tstexc-localvcciintstudent1.git
    23:45:56.741 | 611 io-49152-exec-10 | DEBUG | .t.c.a.a.p.s.l.LocalVCServletService : Retrieving cached local repository SHORTC5AE35E4094A90425709AE30A32B7BE0D765TSTEXC/shortc5ae35e4094a90425709ae30a32b7be0d765tstexc-localvcciintstudent1.git
    23:45:56.741 | 611 io-49152-exec-10 | DEBUG | .t.c.a.a.p.s.l.LocalVCServletService : Resolving repository for repository SHORTC5AE35E4094A90425709AE30A32B7BE0D765TSTEXC/shortc5ae35e4094a90425709ae30a32b7be0d765tstexc-localvcciintstudent1.git took 25µs
    23:45:56.741 | 611 io-49152-exec-10 | DEBUG | d.t.c.a.a.p.s.l.LocalVCPushFilter    : Trying to push to repository /git/SHORTC5AE35E4094A90425709AE30A32B7BE0D765TSTEXC/shortc5ae35e4094a90425709ae30a32b7be0d765tstexc-localvcciintstudent1.git/info/refs
    23:45:56.745 | 611 io-49152-exec-10 | DEBUG | t.c.a.a.c.s.DomainUserDetailsService : Authenticating localvcciintinstructor1
    23:45:56.756 | 611 io-49152-exec-10 | DEBUG | .t.c.a.a.p.s.l.LocalVCServletService : Authorizing user localvcciintinstructor1 for repository http://localhost:49152/git/SHORTC5AE35E4094A90425709AE30A32B7BE0D765TSTEXC/shortc5ae35e4094a90425709ae30a32b7be0d765tstexc-localvcciintstudent1.git took 14.36ms
    23:45:56.756 | 588 artemis-task-1   | DEBUG | d.t.c.a.a.p.s.l.VcsAccessLogService  : Storing access operation for user User{login='localvcciintinstructor1', firstName='localvcciintinstructor1First', lastName='localvcciintinstructor1Last', email='localvcciintinstructor1@test.de', imageUrl='null', activated='true', langKey='en', activationKey='null'}

  Starting logs for LocalVCLocalCIIntegrationTest > testFetchPush_solutionRepository()
    23:45:56.789 |  27 nPool-1-worker-1 | DEBUG | d.t.c.a.a.c.u.util.UserUtilService   : Generate 2 students...
    23:45:56.793 |  27 nPool-1-worker-1 | DEBUG | d.t.c.a.a.c.u.util.UserUtilService   : 2 students generated. Generate 1 tutors...
    23:45:56.795 |  27 nPool-1-worker-1 | DEBUG | d.t.c.a.a.c.u.util.UserUtilService   : 1 tutors generated. Generate 0 editors...
    23:45:56.797 |  27 nPool-1-worker-1 | DEBUG | d.t.c.a.a.c.u.util.UserUtilService   : 0 editors generated. Generate 2 instructors...
    23:45:56.800 |  27 nPool-1-worker-1 | DEBUG | d.t.c.a.a.c.u.util.UserUtilService   : 2 instructors generated
    23:45:56.802 |  27 nPool-1-worker-1 | DEBUG | d.t.c.a.a.c.u.util.UserUtilService   : Removing 4 users from all courses...
    23:45:56.803 |  27 nPool-1-worker-1 | DEBUG | d.t.c.a.a.c.u.util.UserUtilService   : Removing 4 users from all courses. Done
    23:45:56.803 |  27 nPool-1-worker-1 | DEBUG | d.t.c.a.a.c.u.util.UserUtilService   : Save 5 users to database...
    23:45:56.806 |  27 nPool-1-worker-1 | DEBUG | d.t.c.a.a.c.u.util.UserUtilService   : Save 5 users to database. Done
    23:45:56.921 |  27 nPool-1-worker-1 | INFO  | i.z.t.d.l.EmbeddedDatabaseReporter   : JDBC URL to connect to 'dataSource': url='jdbc:h2:tcp://localhost:41063/mem:f240edcd-27ce-47a3-b4ab-a6a00c154135;USER=sa', scope='LocalVCLocalCIIntegrationTest#testFetchPush_solutionRepository'
    23:45:56.924 | 610 nio-49152-exec-9 | DEBUG | d.t.c.a.a.c.s.f.ApiVersionFilter     : Adding Version to Request GET /git/SHORT3945BC5E092B90459B0A7F006DF5F64347FDTSTEXC/short3945bc5e092b90459b0a7f006df5f64347fdtstexc-solution.git/info/refs
    23:45:56.924 | 610 nio-49152-exec-9 | DEBUG | .t.c.a.a.p.s.l.LocalVCServletService : Path to resolve repository from: /tmp/SHORT3945BC5E092B90459B0A7F006DF5F64347FDTSTEXC/short3945bc5e092b90459b0a7f006df5f64347fdtstexc-solution.git
    23:45:56.924 | 610 nio-49152-exec-9 | DEBUG | .t.c.a.a.p.s.l.LocalVCServletService : Opening local repository SHORT3945BC5E092B90459B0A7F006DF5F64347FDTSTEXC/short3945bc5e092b90459b0a7f006df5f64347fdtstexc-solution.git
    23:45:56.925 | 610 nio-49152-exec-9 | DEBUG | .t.c.a.a.p.s.l.LocalVCServletService : Resolving repository for repository SHORT3945BC5E092B90459B0A7F006DF5F64347FDTSTEXC/short3945bc5e092b90459b0a7f006df5f64347fdtstexc-solution.git took 787µs
    23:45:56.925 | 610 nio-49152-exec-9 | DEBUG | d.t.c.a.a.p.s.l.LocalVCFetchFilter   : Trying to fetch repository /git/SHORT3945BC5E092B90459B0A7F006DF5F64347FDTSTEXC/short3945bc5e092b90459b0a7f006df5f64347fdtstexc-solution.git/info/refs
    23:45:56.929 | 610 nio-49152-exec-9 | DEBUG | t.c.a.a.c.s.DomainUserDetailsService : Authenticating localvcciintstudent1
    23:45:56.962 | 602 nio-49152-exec-1 | DEBUG | d.t.c.a.a.c.s.f.ApiVersionFilter     : Adding Version to Request GET /git/SHORT3945BC5E092B90459B0A7F006DF5F64347FDTSTEXC/short3945bc5e092b90459b0a7f006df5f64347fdtstexc-solution.git/info/refs
    23:45:56.962 | 602 nio-49152-exec-1 | DEBUG | .t.c.a.a.p.s.l.LocalVCServletService : Path to resolve repository from: /tmp/SHORT3945BC5E092B90459B0A7F006DF5F64347FDTSTEXC/short3945bc5e092b90459b0a7f006df5f64347fdtstexc-solution.git
    23:45:56.962 | 602 nio-49152-exec-1 | DEBUG | .t.c.a.a.p.s.l.LocalVCServletService : Retrieving cached local repository SHORT3945BC5E092B90459B0A7F006DF5F64347FDTSTEXC/short3945bc5e092b90459b0a7f006df5f64347fdtstexc-solution.git
    23:45:56.962 | 602 nio-49152-exec-1 | DEBUG | .t.c.a.a.p.s.l.LocalVCServletService : Resolving repository for repository SHORT3945BC5E092B90459B0A7F006DF5F64347FDTSTEXC/short3945bc5e092b90459b0a7f006df5f64347fdtstexc-solution.git took 26µs
    23:45:56.963 | 602 nio-49152-exec-1 | DEBUG | d.t.c.a.a.p.s.l.LocalVCPushFilter    : Trying to push to repository /git/SHORT3945BC5E092B90459B0A7F006DF5F64347FDTSTEXC/short3945bc5e092b90459b0a7f006df5f64347fdtstexc-solution.git/info/refs
    23:45:56.971 | 602 nio-49152-exec-1 | DEBUG | t.c.a.a.c.s.DomainUserDetailsService : Authenticating localvcciintstudent1
    23:45:57.034 | 603 nio-49152-exec-2 | DEBUG | d.t.c.a.a.c.s.f.ApiVersionFilter     : Adding Version to Request GET /git/SHORT3945BC5E092B90459B0A7F006DF5F64347FDTSTEXC/short3945bc5e092b90459b0a7f006df5f64347fdtstexc-solution.git/info/refs
    23:45:57.034 | 603 nio-49152-exec-2 | DEBUG | .t.c.a.a.p.s.l.LocalVCServletService : Path to resolve repository from: /tmp/SHORT3945BC5E092B90459B0A7F006DF5F64347FDTSTEXC/short3945bc5e092b90459b0a7f006df5f64347fdtstexc-solution.git
    23:45:57.034 | 603 nio-49152-exec-2 | DEBUG | .t.c.a.a.p.s.l.LocalVCServletService : Retrieving cached local repository SHORT3945BC5E092B90459B0A7F006DF5F64347FDTSTEXC/short3945bc5e092b90459b0a7f006df5f64347fdtstexc-solution.git
    23:45:57.034 | 603 nio-49152-exec-2 | DEBUG | .t.c.a.a.p.s.l.LocalVCServletService : Resolving repository for repository SHORT3945BC5E092B90459B0A7F006DF5F64347FDTSTEXC/short3945bc5e092b90459b0a7f006df5f64347fdtstexc-solution.git took 24µs
    23:45:57.034 | 603 nio-49152-exec-2 | DEBUG | d.t.c.a.a.p.s.l.LocalVCFetchFilter   : Trying to fetch repository /git/SHORT3945BC5E092B90459B0A7F006DF5F64347FDTSTEXC/short3945bc5e092b90459b0a7f006df5f64347fdtstexc-solution.git/info/refs
    23:45:57.040 | 603 nio-49152-exec-2 | DEBUG | t.c.a.a.c.s.DomainUserDetailsService : Authenticating localvcciinttutor1
    23:45:57.066 | 588 artemis-task-1   | DEBUG | d.t.c.a.a.p.s.l.VcsAccessLogService  : Storing access operation for user User{login='localvcciinttutor1', firstName='localvcciinttutor1First', lastName='localvcciinttutor1Last', email='localvcciinttutor1@test.de', imageUrl='null', activated='true', langKey='en', activationKey='null'}
    23:45:57.066 | 603 nio-49152-exec-2 | DEBUG | .t.c.a.a.p.s.l.LocalVCServletService : Authorizing user localvcciinttutor1 for repository http://localhost:49152/git/SHORT3945BC5E092B90459B0A7F006DF5F64347FDTSTEXC/short3945bc5e092b90459b0a7f006df5f64347fdtstexc-solution.git took 32.28ms
    23:45:57.072 | 604 nio-49152-exec-3 | DEBUG | d.t.c.a.a.c.s.f.ApiVersionFilter     : Adding Version to Request GET /git/SHORT3945BC5E092B90459B0A7F006DF5F64347FDTSTEXC/short3945bc5e092b90459b0a7f006df5f64347fdtstexc-solution.git/info/refs
    23:45:57.072 | 604 nio-49152-exec-3 | DEBUG | .t.c.a.a.p.s.l.LocalVCServletService : Path to resolve repository from: /tmp/SHORT3945BC5E092B90459B0A7F006DF5F64347FDTSTEXC/short3945bc5e092b90459b0a7f006df5f64347fdtstexc-solution.git
    23:45:57.072 | 604 nio-49152-exec-3 | DEBUG | .t.c.a.a.p.s.l.LocalVCServletService : Retrieving cached local repository SHORT3945BC5E092B90459B0A7F006DF5F64347FDTSTEXC/short3945bc5e092b90459b0a7f006df5f64347fdtstexc-solution.git
    23:45:57.072 | 604 nio-49152-exec-3 | DEBUG | .t.c.a.a.p.s.l.LocalVCServletService : Resolving repository for repository SHORT3945BC5E092B90459B0A7F006DF5F64347FDTSTEXC/short3945bc5e092b90459b0a7f006df5f64347fdtstexc-solution.git took 25µs
    23:45:57.073 | 604 nio-49152-exec-3 | DEBUG | d.t.c.a.a.p.s.l.LocalVCPushFilter    : Trying to push to repository /git/SHORT3945BC5E092B90459B0A7F006DF5F64347FDTSTEXC/short3945bc5e092b90459b0a7f006df5f64347fdtstexc-solution.git/info/refs
    23:45:57.077 | 604 nio-49152-exec-3 | DEBUG | t.c.a.a.c.s.DomainUserDetailsService : Authenticating localvcciinttutor1
    23:45:57.108 | 604 nio-49152-exec-3 | DEBUG | d.t.c.a.a.c.s.f.ApiVersionFilter     : Adding Version to Request GET /git/SHORT3945BC5E092B90459B0A7F006DF5F64347FDTSTEXC/short3945bc5e092b90459b0a7f006df5f64347fdtstexc-solution.git/info/refs
    23:45:57.109 | 604 nio-49152-exec-3 | DEBUG | .t.c.a.a.p.s.l.LocalVCServletService : Path to resolve repository from: /tmp/SHORT3945BC5E092B90459B0A7F006DF5F64347FDTSTEXC/short3945bc5e092b90459b0a7f006df5f64347fdtstexc-solution.git
    23:45:57.109 | 604 nio-49152-exec-3 | DEBUG | .t.c.a.a.p.s.l.LocalVCServletService : Retrieving cached local repository SHORT3945BC5E092B90459B0A7F006DF5F64347FDTSTEXC/short3945bc5e092b90459b0a7f006df5f64347fdtstexc-solution.git
    23:45:57.109 | 604 nio-49152-exec-3 | DEBUG | .t.c.a.a.p.s.l.LocalVCServletService : Resolving repository for repository SHORT3945BC5E092B90459B0A7F006DF5F64347FDTSTEXC/short3945bc5e092b90459b0a7f006df5f64347fdtstexc-solution.git took 28µs
    23:45:57.109 | 604 nio-49152-exec-3 | DEBUG | d.t.c.a.a.p.s.l.LocalVCFetchFilter   : Trying to fetch repository /git/SHORT3945BC5E092B90459B0A7F006DF5F64347FDTSTEXC/short3945bc5e092b90459b0a7f006df5f64347fdtstexc-solution.git/info/refs
    23:45:57.113 | 604 nio-49152-exec-3 | DEBUG | t.c.a.a.c.s.DomainUserDetailsService : Authenticating localvcciintinstructor1
    23:45:57.140 | 604 nio-49152-exec-3 | DEBUG | .t.c.a.a.p.s.l.LocalVCServletService : Authorizing user localvcciintinstructor1 for repository http://localhost:49152/git/SHORT3945BC5E092B90459B0A7F006DF5F64347FDTSTEXC/short3945bc5e092b90459b0a7f006df5f64347fdtstexc-solution.git took 30.99ms
    23:45:57.141 | 588 artemis-task-1   | DEBUG | d.t.c.a.a.p.s.l.VcsAccessLogService  : Storing access operation for user User{login='localvcciintinstructor1', firstName='localvcciintinstructor1First', lastName='localvcciintinstructor1Last', email='localvcciintinstructor1@test.de', imageUrl='null', activated='true', langKey='en', activationKey='null'}
    23:45:57.152 | 606 nio-49152-exec-5 | DEBUG | d.t.c.a.a.c.s.f.ApiVersionFilter     : Adding Version to Request GET /git/SHORT3945BC5E092B90459B0A7F006DF5F64347FDTSTEXC/short3945bc5e092b90459b0a7f006df5f64347fdtstexc-solution.git/info/refs
    23:45:57.152 | 606 nio-49152-exec-5 | DEBUG | .t.c.a.a.p.s.l.LocalVCServletService : Path to resolve repository from: /tmp/SHORT3945BC5E092B90459B0A7F006DF5F64347FDTSTEXC/short3945bc5e092b90459b0a7f006df5f64347fdtstexc-solution.git
    23:45:57.152 | 606 nio-49152-exec-5 | DEBUG | .t.c.a.a.p.s.l.LocalVCServletService : Retrieving cached local repository SHORT3945BC5E092B90459B0A7F006DF5F64347FDTSTEXC/short3945bc5e092b90459b0a7f006df5f64347fdtstexc-solution.git
    23:45:57.152 | 606 nio-49152-exec-5 | DEBUG | .t.c.a.a.p.s.l.LocalVCServletService : Resolving repository for repository SHORT3945BC5E092B90459B0A7F006DF5F64347FDTSTEXC/short3945bc5e092b90459b0a7f006df5f64347fdtstexc-solution.git took 23µs
    23:45:57.152 | 606 nio-49152-exec-5 | DEBUG | d.t.c.a.a.p.s.l.LocalVCPushFilter    : Trying to push to repository /git/SHORT3945BC5E092B90459B0A7F006DF5F64347FDTSTEXC/short3945bc5e092b90459b0a7f006df5f64347fdtstexc-solution.git/info/refs
    23:45:57.157 | 606 nio-49152-exec-5 | DEBUG | t.c.a.a.c.s.DomainUserDetailsService : Authenticating localvcciintinstructor1
    23:45:57.184 | 588 artemis-task-1   | DEBUG | d.t.c.a.a.p.s.l.VcsAccessLogService  : Storing access operation for user User{login='localvcciintinstructor1', firstName='localvcciintinstructor1First', lastName='localvcciintinstructor1Last', email='localvcciintinstructor1@test.de', imageUrl='null', activated='true', langKey='en', activationKey='null'}
    23:45:57.184 | 606 nio-49152-exec-5 | DEBUG | .t.c.a.a.p.s.l.LocalVCServletService : Authorizing user localvcciintinstructor1 for repository http://localhost:49152/git/SHORT3945BC5E092B90459B0A7F006DF5F64347FDTSTEXC/short3945bc5e092b90459b0a7f006df5f64347fdtstexc-solution.git took 32.04ms
    23:45:57.189 | 607 nio-49152-exec-6 | DEBUG | d.t.c.a.a.c.s.f.ApiVersionFilter     : Adding Version to Request POST /git/SHORT3945BC5E092B90459B0A7F006DF5F64347FDTSTEXC/short3945bc5e092b90459b0a7f006df5f64347fdtstexc-solution.git/git-receive-pack
    23:45:57.190 | 607 nio-49152-exec-6 | DEBUG | .t.c.a.a.p.s.l.LocalVCServletService : Path to resolve repository from: /tmp/SHORT3945BC5E092B90459B0A7F006DF5F64347FDTSTEXC/short3945bc5e092b90459b0a7f006df5f64347fdtstexc-solution.git
    23:45:57.190 | 607 nio-49152-exec-6 | DEBUG | .t.c.a.a.p.s.l.LocalVCServletService : Retrieving cached local repository SHORT3945BC5E092B90459B0A7F006DF5F64347FDTSTEXC/short3945bc5e092b90459b0a7f006df5f64347fdtstexc-solution.git
    23:45:57.190 | 607 nio-49152-exec-6 | DEBUG | .t.c.a.a.p.s.l.LocalVCServletService : Resolving repository for repository SHORT3945BC5E092B90459B0A7F006DF5F64347FDTSTEXC/short3945bc5e092b90459b0a7f006df5f64347fdtstexc-solution.git took 26µs
    23:45:57.190 | 607 nio-49152-exec-6 | DEBUG | d.t.c.a.a.p.s.l.LocalVCPushFilter    : Trying to push to repository /git/SHORT3945BC5E092B90459B0A7F006DF5F64347FDTSTEXC/short3945bc5e092b90459b0a7f006df5f64347fdtstexc-solution.git/git-receive-pack
    23:45:57.222 | 607 nio-49152-exec-6 | INFO  | a.a.p.s.ProgrammingSubmissionService : NotifyPush invoked due to the commit c315388a235502fd958ae3c7ffbbbbf126a8fe21 by runner with runner@fv-az1721-502.3f4brhnmpvfezfvsf01bsr3jih.cx.internal.cloudapp.net in branch main
    23:45:57.224 | 607 nio-49152-exec-6 | INFO  | .t.c.a.a.p.s.l.LocalCITriggerService : Triggering build for participation 2043 and commit hash c315388a235502fd958ae3c7ffbbbbf126a8fe21
    23:45:57.225 | 607 nio-49152-exec-6 | DEBUG | d.t.c.a.a.p.s.AbstractGitService     : getLastCommitHash http://localhost:49152/git/SHORT3945BC5E092B90459B0A7F006DF5F64347FDTSTEXC/short3945bc5e092b90459b0a7f006df5f64347fdtstexc-solution.git
    23:45:57.225 | 607 nio-49152-exec-6 | ERROR | d.t.c.a.a.p.s.AbstractGitService     : Cannot use ssh properly because of mismatch of Jgit transport object: org.eclipse.jgit.transport.TransportLocal@7240cb63
    23:45:57.227 | 601 taskScheduler-2  | DEBUG | a.a.b.s.SharedQueueProcessingService : Currently processing jobs on this node: 0, active threads in Pool: 0, maximum pool size of thread executor : 1
    23:45:57.227 | 607 nio-49152-exec-6 | DEBUG | d.t.c.a.a.p.s.AbstractGitService     : getLastCommitHash http://localhost:49152/git/SHORT3945BC5E092B90459B0A7F006DF5F64347FDTSTEXC/short3945bc5e092b90459b0a7f006df5f64347fdtstexc-tests.git
    23:45:57.228 | 607 nio-49152-exec-6 | ERROR | d.t.c.a.a.p.s.AbstractGitService     : Cannot use ssh properly because of mismatch of Jgit transport object: org.eclipse.jgit.transport.TransportLocal@43d9d587
    23:45:57.237 | 566 localvc.event-13 | DEBUG | a.a.b.s.SharedQueueProcessingService : CIBuildJobQueueItem added to queue: BuildJobQueueItem[id=20431739576757232, name=SHORT3945BC5E092B90459B0A7F006DF5F64347FDTSTEXC-SOLUTION, buildAgent=BuildAgentDTO[name=null, memberAddress=null, displayName=null], participationId=2043, courseId=998, exerciseId=2615, retryCount=0, priority=2, status=null, repositoryInfo=RepositoryInfo[repositoryName=short3945bc5e092b90459b0a7f006df5f64347fdtstexc-solution, repositoryType=solution, triggeredByPushTo=solution, assignmentRepositoryUri=http://localhost:49152/git/SHORT3945BC5E092B90459B0A7F006DF5F64347FDTSTEXC/short3945bc5e092b90459b0a7f006df5f64347fdtstexc-solution.git, testRepositoryUri=http://localhost:49152/git/SHORT3945BC5E092B90459B0A7F006DF5F64347FDTSTEXC/short3945bc5e092b90459b0a7f006df5f64347fdtstexc-tests.git, solutionRepositoryUri=null, auxiliaryRepositoryUris=[Ljava.lang.String;@248cb9ee, auxiliaryRepositoryCheckoutDirectories=[Ljava.lang.String;@28b09222], jobTimingInfo=JobTimingInfo[submissionDate=2025-02-14T23:45:57.232907777Z[Etc/UTC], buildStartDate=null, buildCompletionDate=null, estimatedCompletionDate=null, estimatedDuration=19], buildConfig=BuildConfig[buildScript=#!/bin/bash
cd /var/tmp/testing-dir
chmod +x ./gradlew
./gradlew clean test
, dockerImage=dummy-docker-image:latest, commitHashToBuild=c315388a235502fd958ae3c7ffbbbbf126a8fe21, assignmentCommitHash=c315388a235502fd958ae3c7ffbbbbf126a8fe21, testCommitHash=28488095271179f4eface46480ec45511f50df5d, branch=main, programmingLanguage=JAVA, projectType=PLAIN_GRADLE, scaEnabled=false, sequentialTestRunsEnabled=false, resultPaths=[/var/tmp/testing-dir/**/test-results/test/*.xml], timeoutSeconds=0, assignmentCheckoutPath=null, testCheckoutPath=null, solutionCheckoutPath=null, dockerRunConfig=null], submissionResult=null]
    23:45:57.237 | 607 nio-49152-exec-6 | INFO  | .t.c.a.a.p.s.l.LocalCITriggerService : Added build job 20431739576757232 for exercise TSTEXC and participation 2043 with priority 2 to the queue
    23:45:57.237 | 566 localvc.event-13 | DEBUG | a.a.b.s.SharedQueueProcessingService : Current queued items: 1
    23:45:57.237 | 566 localvc.event-13 | DEBUG | a.a.b.s.SharedQueueProcessingService : Currently processing jobs on this node: 0, active threads in Pool: 0, maximum pool size of thread executor : 1
    23:45:57.238 | 607 nio-49152-exec-6 | INFO  | a.a.p.s.ProgrammingSubmissionService : Create new programmingSubmission with commitHash: c315388a235502fd958ae3c7ffbbbbf126a8fe21 for participation 2043
    23:45:57.240 | 566 localvc.event-13 | DEBUG | a.a.b.s.SharedQueueProcessingService : Currently processing jobs on this node: 0, active threads in Pool: 0, maximum pool size of thread executor : 1
    23:45:57.240 | 564 localvc.event-11 | DEBUG | a.p.s.l.LocalCIQueueWebsocketService : CIBuildJobQueueItem added to processing jobs: BuildJobQueueItem[id=20431739576757232, name=SHORT3945BC5E092B90459B0A7F006DF5F64347FDTSTEXC-SOLUTION, buildAgent=BuildAgentDTO[name=artemis-build-agent-test, memberAddress=[127.0.0.1]:5703, displayName=artemis-build-agent-test], participationId=2043, courseId=998, exerciseId=2615, retryCount=0, priority=2, status=null, repositoryInfo=RepositoryInfo[repositoryName=short3945bc5e092b90459b0a7f006df5f64347fdtstexc-solution, repositoryType=solution, triggeredByPushTo=solution, assignmentRepositoryUri=http://localhost:49152/git/SHORT3945BC5E092B90459B0A7F006DF5F64347FDTSTEXC/short3945bc5e092b90459b0a7f006df5f64347fdtstexc-solution.git, testRepositoryUri=http://localhost:49152/git/SHORT3945BC5E092B90459B0A7F006DF5F64347FDTSTEXC/short3945bc5e092b90459b0a7f006df5f64347fdtstexc-tests.git, solutionRepositoryUri=null, auxiliaryRepositoryUris=[Ljava.lang.String;@25a9349e, auxiliaryRepositoryCheckoutDirectories=[Ljava.lang.String;@2f0ce4b], jobTimingInfo=JobTimingInfo[submissionDate=2025-02-14T23:45:57.232907777Z[Etc/UTC], buildStartDate=2025-02-14T23:45:57.240437339Z[Etc/UTC], buildCompletionDate=null, estimatedCompletionDate=2025-02-14T23:46:16.240428743Z[Etc/UTC], estimatedDuration=19], buildConfig=BuildConfig[buildScript=#!/bin/bash
cd /var/tmp/testing-dir
chmod +x ./gradlew
./gradlew clean test
, dockerImage=dummy-docker-image:latest, commitHashToBuild=c315388a235502fd958ae3c7ffbbbbf126a8fe21, assignmentCommitHash=c315388a235502fd958ae3c7ffbbbbf126a8fe21, testCommitHash=28488095271179f4eface46480ec45511f50df5d, branch=main, programmingLanguage=JAVA, projectType=PLAIN_GRADLE, scaEnabled=false, sequentialTestRunsEnabled=false, resultPaths=[/var/tmp/testing-dir/**/test-results/test/*.xml], timeoutSeconds=0, assignmentCheckoutPath=null, testCheckoutPath=null, solutionCheckoutPath=null, dockerRunConfig=null], submissionResult=null]
    23:45:57.241 | 564 localvc.event-11 | DEBUG | s.l.LocalCIWebsocketMessagingService : Sending message on topic /topic/admin/running-jobs: [BuildJobQueueItem[id=20431739576757232, name=SHORT3945BC5E092B90459B0A7F006DF5F64347FDTSTEXC-SOLUTION, buildAgent=BuildAgentDTO[name=artemis-build-agent-test, memberAddress=[127.0.0.1]:5703, displayName=artemis-build-agent-test], participationId=2043, courseId=998, exerciseId=2615, retryCount=0, priority=2, status=null, repositoryInfo=RepositoryInfo[repositoryName=short3945bc5e092b90459b0a7f006df5f64347fdtstexc-solution, repositoryType=solution, triggeredByPushTo=solution, assignmentRepositoryUri=, testRepositoryUri=, solutionRepositoryUri=, auxiliaryRepositoryUris=null, auxiliaryRepositoryCheckoutDirectories=null], jobTimingInfo=JobTimingInfo[submissionDate=2025-02-14T23:45:57.232907777Z[Etc/UTC], buildStartDate=2025-02-14T23:45:57.240437339Z[Etc/UTC], buildCompletionDate=null, estimatedCompletionDate=2025-02-14T23:46:16.240428743Z[Etc/UTC], estimatedDuration=19], buildConfig=BuildConfig[buildScript=, dockerImage=, commitHashToBuild=c315388a235502fd958ae3c7ffbbbbf126a8fe21, assignmentCommitHash=, testCommitHash=, branch=, programmingLanguage=null, projectType=null, scaEnabled=false, sequentialTestRunsEnabled=false, resultPaths=null, timeoutSeconds=0, assignmentCheckoutPath=, testCheckoutPath=, solutionCheckoutPath=, dockerRunConfig=null], submissionResult=null]]
    23:45:57.241 | 564 localvc.event-11 | DEBUG | s.l.LocalCIWebsocketMessagingService : Sending message on topic /topic/courses/998/running-jobs: [BuildJobQueueItem[id=20431739576757232, name=SHORT3945BC5E092B90459B0A7F006DF5F64347FDTSTEXC-SOLUTION, buildAgent=BuildAgentDTO[name=artemis-build-agent-test, memberAddress=[127.0.0.1]:5703, displayName=artemis-build-agent-test], participationId=2043, courseId=998, exerciseId=2615, retryCount=0, priority=2, status=null, repositoryInfo=RepositoryInfo[repositoryName=short3945bc5e092b90459b0a7f006df5f64347fdtstexc-solution, repositoryType=solution, triggeredByPushTo=solution, assignmentRepositoryUri=, testRepositoryUri=, solutionRepositoryUri=, auxiliaryRepositoryUris=null, auxiliaryRepositoryCheckoutDirectories=null], jobTimingInfo=JobTimingInfo[submissionDate=2025-02-14T23:45:57.232907777Z[Etc/UTC], buildStartDate=2025-02-14T23:45:57.240437339Z[Etc/UTC], buildCompletionDate=null, estimatedCompletionDate=2025-02-14T23:46:16.240428743Z[Etc/UTC], estimatedDuration=19], buildConfig=BuildConfig[buildScript=, dockerImage=, commitHashToBuild=c315388a235502fd958ae3c7ffbbbbf126a8fe21, assignmentCommitHash=, testCommitHash=, branch=, programmingLanguage=null, projectType=null, scaEnabled=false, sequentialTestRunsEnabled=false, resultPaths=null, timeoutSeconds=0, assignmentCheckoutPath=, testCheckoutPath=, solutionCheckoutPath=, dockerRunConfig=null], submissionResult=null]]
    23:45:57.242 | 588 artemis-task-1   | DEBUG | d.t.c.a.a.c.c.w.GzipMessageConverter : Compressed message payload from 976 to 704 (saved 27.9% payload size)
    23:45:57.242 | 588 artemis-task-1   | DEBUG | d.t.c.a.a.c.c.w.GzipMessageConverter : Compressed message payload from 976 to 704 (saved 27.9% payload size)
    23:45:57.248 | 566 localvc.event-13 | INFO  | a.a.b.s.SharedQueueProcessingService : Processing build job: BuildJobQueueItem[id=20431739576757232, name=SHORT3945BC5E092B90459B0A7F006DF5F64347FDTSTEXC-SOLUTION, buildAgent=BuildAgentDTO[name=artemis-build-agent-test, memberAddress=[127.0.0.1]:5703, displayName=artemis-build-agent-test], participationId=2043, courseId=998, exerciseId=2615, retryCount=0, priority=2, status=null, repositoryInfo=RepositoryInfo[repositoryName=short3945bc5e092b90459b0a7f006df5f64347fdtstexc-solution, repositoryType=solution, triggeredByPushTo=solution, assignmentRepositoryUri=http://localhost:49152/git/SHORT3945BC5E092B90459B0A7F006DF5F64347FDTSTEXC/short3945bc5e092b90459b0a7f006df5f64347fdtstexc-solution.git, testRepositoryUri=http://localhost:49152/git/SHORT3945BC5E092B90459B0A7F006DF5F64347FDTSTEXC/short3945bc5e092b90459b0a7f006df5f64347fdtstexc-tests.git, solutionRepositoryUri=null, auxiliaryRepositoryUris=[Ljava.lang.String;@382b27d8, auxiliaryRepositoryCheckoutDirectories=[Ljava.lang.String;@3ec0ad2c], jobTimingInfo=JobTimingInfo[submissionDate=2025-02-14T23:45:57.232907777Z[Etc/UTC], buildStartDate=2025-02-14T23:45:57.240437339Z[Etc/UTC], buildCompletionDate=null, estimatedCompletionDate=2025-02-14T23:46:16.240428743Z[Etc/UTC], estimatedDuration=19], buildConfig=BuildConfig[buildScript=#!/bin/bash
cd /var/tmp/testing-dir
chmod +x ./gradlew
./gradlew clean test
, dockerImage=dummy-docker-image:latest, commitHashToBuild=c315388a235502fd958ae3c7ffbbbbf126a8fe21, assignmentCommitHash=c315388a235502fd958ae3c7ffbbbbf126a8fe21, testCommitHash=28488095271179f4eface46480ec45511f50df5d, branch=main, programmingLanguage=JAVA, projectType=PLAIN_GRADLE, scaEnabled=false, sequentialTestRunsEnabled=false, resultPaths=[/var/tmp/testing-dir/**/test-results/test/*.xml], timeoutSeconds=0, assignmentCheckoutPath=null, testCheckoutPath=null, solutionCheckoutPath=null, dockerRunConfig=null], submissionResult=null]
    23:45:57.248 | 576 local-ci-build-0 | DEBUG | t.c.a.a.b.s.BuildJobExecutionService : ~~~~~~~~~~~~~~~~~~~~ Start Build Job 20431739576757232 ~~~~~~~~~~~~~~~~~~~~
    23:45:57.248 | 576 local-ci-build-0 | INFO  | .t.c.a.a.b.s.BuildAgentDockerService : ~~~~~~~~~~~~~~~~~~~~ Inspecting docker image dummy-docker-image:latest ~~~~~~~~~~~~~~~~~~~~
    23:45:57.248 | 576 local-ci-build-0 | DEBUG | d.t.c.a.a.b.s.BuildJobGitService     : Cloning from ssh://git@localhost:7921/git/SHORT3945BC5E092B90459B0A7F006DF5F64347FDTSTEXC/short3945bc5e092b90459b0a7f006df5f64347fdtstexc-solution.git to checked-out-repos/c315388a235502fd958ae3c7ffbbbbf126a8fe21/SHORT3945BC5E092B90459B0A7F006DF5F64347FDTSTEXC/short3945bc5e092b90459b0a7f006df5f64347fdtstexc-solution
    23:45:57.261 | 576 local-ci-build-0 | DEBUG | d.t.c.a.a.p.s.AbstractGitService     : getOptions: localhost:7921
    23:45:57.274 | 607 nio-49152-exec-6 | DEBUG | .t.c.a.a.p.s.l.LocalVCServletService : New push processed to repository http://localhost:49152/git/SHORT3945BC5E092B90459B0A7F006DF5F64347FDTSTEXC/short3945bc5e092b90459b0a7f006df5f64347fdtstexc-solution.git for commit c315388a235502fd958ae3c7ffbbbbf126a8fe21 in 75.43ms. A build job was queued.
    23:45:57.279 | 848 waitility-thread | DEBUG | .a.s.ParticipantScoreScheduleService : Processing of 0 results and 0 participant scores.
    23:45:57.385 | 848 waitility-thread | DEBUG | .a.s.ParticipantScoreScheduleService : Processing of 0 results and 0 participant scores.
    23:45:57.394 | 850 3]-nio2-thread-3 | WARN  | o.e.j.i.t.s.OpenSshServerKeyDatabase : Could not update known hosts file /tmp/known_hosts
org.eclipse.jgit.errors.UnsupportedCredentialItem: /tmp/known_hosts: org.eclipse.jgit.transport.CredentialItem$YesNoType:Create file /tmp/known_hosts ?
	at org.eclipse.jgit.transport.UsernamePasswordCredentialsProvider.get(UsernamePasswordCredentialsProvider.java:100)
	at org.eclipse.jgit.transport.CredentialsProvider.get(CredentialsProvider.java:125)
	at org.eclipse.jgit.internal.transport.sshd.OpenSshServerKeyDatabase$AskUser.askUser(OpenSshServerKeyDatabase.java:429)
	at org.eclipse.jgit.internal.transport.sshd.OpenSshServerKeyDatabase$AskUser.createNewFile(OpenSshServerKeyDatabase.java:549)
	at org.eclipse.jgit.internal.transport.sshd.OpenSshServerKeyDatabase.accept(OpenSshServerKeyDatabase.java:249)
	at org.eclipse.jgit.internal.transport.sshd.JGitServerKeyVerifier.verifyServerKey(JGitServerKeyVerifier.java:94)
	at org.apache.sshd.client.session.AbstractClientSession.checkKeys(AbstractClientSession.java:637)
	at org.apache.sshd.common.session.helpers.AbstractSession.handleKexMessage(AbstractSession.java:767)
	at org.apache.sshd.common.session.helpers.AbstractSession.doHandleMessage(AbstractSession.java:622)
	at org.apache.sshd.common.session.helpers.AbstractSession.lambda$handleMessage$0(AbstractSession.java:546)
	at org.apache.sshd.common.util.threads.ThreadUtils.runAsInternal(ThreadUtils.java:68)
	at org.apache.sshd.common.session.helpers.AbstractSession.handleMessage(AbstractSession.java:545)
	at org.apache.sshd.common.session.helpers.AbstractSession.decode(AbstractSession.java:1729)
	at org.apache.sshd.common.session.helpers.AbstractSession.messageReceived(AbstractSession.java:506)
	at org.eclipse.jgit.internal.transport.sshd.JGitClientSession.messageReceived(JGitClientSession.java:223)
	at org.apache.sshd.common.session.helpers.AbstractSessionIoHandler.messageReceived(AbstractSessionIoHandler.java:64)
	at org.apache.sshd.common.io.nio2.Nio2Session.handleReadCycleCompletion(Nio2Session.java:409)
	at org.apache.sshd.common.io.nio2.Nio2Session$1.onCompleted(Nio2Session.java:382)
	at org.apache.sshd.common.io.nio2.Nio2Session$1.onCompleted(Nio2Session.java:377)
	at org.apache.sshd.common.io.nio2.Nio2CompletionHandler.lambda$completed$0(Nio2CompletionHandler.java:38)
	at java.base/java.security.AccessController.doPrivileged(AccessController.java:319)
	at org.apache.sshd.common.io.nio2.Nio2CompletionHandler.completed(Nio2CompletionHandler.java:37)
	at java.base/sun.nio.ch.Invoker.invokeUnchecked(Invoker.java:129)
	at java.base/sun.nio.ch.Invoker$2.run(Invoker.java:221)
	at java.base/sun.nio.ch.AsynchronousChannelGroupImpl$1.run(AsynchronousChannelGroupImpl.java:113)
	at java.base/java.util.concurrent.ThreadPoolExecutor.runWorker(ThreadPoolExecutor.java:1144)
	at java.base/java.util.concurrent.ThreadPoolExecutor$Worker.run(ThreadPoolExecutor.java:642)
	at java.base/java.lang.Thread.run(Thread.java:1583)
    23:45:57.398 | 970 1)-nio2-thread-5 | DEBUG | s.l.GitPublickeyAuthenticatorService : Authenticating build agent artemis-build-agent-test on address [127.0.0.1]:5703
    23:45:57.421 | 966 1)-nio2-thread-3 | DEBUG | s.l.GitPublickeyAuthenticatorService : Authenticating build agent artemis-build-agent-test on address [127.0.0.1]:5703
    23:45:57.464 | 969 1)-nio2-thread-4 | DEBUG | d.t.c.a.a.p.s.l.ssh.SshGitCommand    : start(ChannelSession[id=0, recipient=0]-ServerSessionImpl[git@/127.0.0.1:52464]) starting runner for command=git-upload-pack '/git/SHORT3945BC5E092B90459B0A7F006DF5F64347FDTSTEXC/short3945bc5e092b90459b0a7f006df5f64347fdtstexc-solution.git'
    23:45:57.469 | 856 git-ssh-thread-1 | DEBUG | .t.c.a.a.p.s.l.LocalVCServletService : Path to resolve repository from: /tmp/SHORT3945BC5E092B90459B0A7F006DF5F64347FDTSTEXC/short3945bc5e092b90459b0a7f006df5f64347fdtstexc-solution.git
    23:45:57.469 | 856 git-ssh-thread-1 | DEBUG | .t.c.a.a.p.s.l.LocalVCServletService : Retrieving cached local repository SHORT3945BC5E092B90459B0A7F006DF5F64347FDTSTEXC/short3945bc5e092b90459b0a7f006df5f64347fdtstexc-solution.git
    23:45:57.469 | 856 git-ssh-thread-1 | DEBUG | .t.c.a.a.p.s.l.LocalVCServletService : Resolving repository for repository SHORT3945BC5E092B90459B0A7F006DF5F64347FDTSTEXC/short3945bc5e092b90459b0a7f006df5f64347fdtstexc-solution.git took 50µs
    23:45:57.591 | 848 waitility-thread | DEBUG | .a.s.ParticipantScoreScheduleService : Processing of 0 results and 0 participant scores.
    23:45:57.605 | 856 git-ssh-thread-1 | DEBUG | d.t.c.a.a.p.s.l.ssh.SshGitCommand    : onExit(ServerSessionImpl[git@/127.0.0.1:52464])[SshGitCommand[git-upload-pack '/git/SHORT3945BC5E092B90459B0A7F006DF5F64347FDTSTEXC/short3945bc5e092b90459b0a7f006df5f64347fdtstexc-solution.git'][session=ServerSessionImpl[git@/127.0.0.1:52464]]] exiting - value=0, message=
    23:45:57.609 | 970 1)-nio2-thread-5 | DEBUG | d.t.c.a.a.p.s.l.ssh.SshGitCommand    : destroy(ChannelSession[id=0, recipient=0]-ServerSessionImpl[git@/127.0.0.1:52464])[SshGitCommand[git-upload-pack '/git/SHORT3945BC5E092B90459B0A7F006DF5F64347FDTSTEXC/short3945bc5e092b90459b0a7f006df5f64347fdtstexc-solution.git'][session=ServerSessionImpl[git@/127.0.0.1:52464]]] - shutdown executor service - runners count=0
    23:45:57.609 | 970 1)-nio2-thread-5 | DEBUG | d.t.c.a.a.p.s.l.ssh.SshGitCommand    : destroy(SshGitCommand[git-upload-pack '/git/SHORT3945BC5E092B90459B0A7F006DF5F64347FDTSTEXC/short3945bc5e092b90459b0a7f006df5f64347fdtstexc-solution.git'][session=ServerSessionImpl[git@/127.0.0.1:52464]]) - failed (UnsupportedOperationException) to close file system=sun.nio.fs.LinuxFileSystem@348460d6: null
    23:45:57.617 | 576 local-ci-build-0 | WARN  | org.eclipse.jgit.lib.Repository      : close() called when useCnt is already zero for Repository[checked-out-repos/c315388a235502fd958ae3c7ffbbbbf126a8fe21/SHORT3945BC5E092B90459B0A7F006DF5F64347FDTSTEXC/short3945bc5e092b90459b0a7f006df5f64347fdtstexc-solution/.git]
    23:45:57.618 | 576 local-ci-build-0 | DEBUG | d.t.c.a.a.b.s.BuildJobGitService     : Cloning from ssh://git@localhost:7921/git/SHORT3945BC5E092B90459B0A7F006DF5F64347FDTSTEXC/short3945bc5e092b90459b0a7f006df5f64347fdtstexc-tests.git to checked-out-repos/c315388a235502fd958ae3c7ffbbbbf126a8fe21/SHORT3945BC5E092B90459B0A7F006DF5F64347FDTSTEXC/short3945bc5e092b90459b0a7f006df5f64347fdtstexc-tests
    23:45:57.622 | 576 local-ci-build-0 | DEBUG | d.t.c.a.a.p.s.AbstractGitService     : getOptions: localhost:7921
    23:45:57.758 | 871 b]-nio2-thread-4 | WARN  | o.e.j.i.t.s.OpenSshServerKeyDatabase : Could not update known hosts file /tmp/known_hosts
org.eclipse.jgit.errors.UnsupportedCredentialItem: /tmp/known_hosts: org.eclipse.jgit.transport.CredentialItem$YesNoType:Create file /tmp/known_hosts ?
	at org.eclipse.jgit.transport.UsernamePasswordCredentialsProvider.get(UsernamePasswordCredentialsProvider.java:100)
	at org.eclipse.jgit.transport.CredentialsProvider.get(CredentialsProvider.java:125)
	at org.eclipse.jgit.internal.transport.sshd.OpenSshServerKeyDatabase$AskUser.askUser(OpenSshServerKeyDatabase.java:429)
	at org.eclipse.jgit.internal.transport.sshd.OpenSshServerKeyDatabase$AskUser.createNewFile(OpenSshServerKeyDatabase.java:549)
	at org.eclipse.jgit.internal.transport.sshd.OpenSshServerKeyDatabase.accept(OpenSshServerKeyDatabase.java:249)
	at org.eclipse.jgit.internal.transport.sshd.JGitServerKeyVerifier.verifyServerKey(JGitServerKeyVerifier.java:94)
	at org.apache.sshd.client.session.AbstractClientSession.checkKeys(AbstractClientSession.java:637)
	at org.apache.sshd.common.session.helpers.AbstractSession.handleKexMessage(AbstractSession.java:767)
	at org.apache.sshd.common.session.helpers.AbstractSession.doHandleMessage(AbstractSession.java:622)
	at org.apache.sshd.common.session.helpers.AbstractSession.lambda$handleMessage$0(AbstractSession.java:546)
	at org.apache.sshd.common.util.threads.ThreadUtils.runAsInternal(ThreadUtils.java:68)
	at org.apache.sshd.common.session.helpers.AbstractSession.handleMessage(AbstractSession.java:545)
	at org.apache.sshd.common.session.helpers.AbstractSession.decode(AbstractSession.java:1729)
	at org.apache.sshd.common.session.helpers.AbstractSession.messageReceived(AbstractSession.java:506)
	at org.eclipse.jgit.internal.transport.sshd.JGitClientSession.messageReceived(JGitClientSession.java:223)
	at org.apache.sshd.common.session.helpers.AbstractSessionIoHandler.messageReceived(AbstractSessionIoHandler.java:64)
	at org.apache.sshd.common.io.nio2.Nio2Session.handleReadCycleCompletion(Nio2Session.java:409)
	at org.apache.sshd.common.io.nio2.Nio2Session$1.onCompleted(Nio2Session.java:382)
	at org.apache.sshd.common.io.nio2.Nio2Session$1.onCompleted(Nio2Session.java:377)
	at org.apache.sshd.common.io.nio2.Nio2CompletionHandler.lambda$completed$0(Nio2CompletionHandler.java:38)
	at java.base/java.security.AccessController.doPrivileged(AccessController.java:319)
	at org.apache.sshd.common.io.nio2.Nio2CompletionHandler.completed(Nio2CompletionHandler.java:37)
	at java.base/sun.nio.ch.Invoker.invokeUnchecked(Invoker.java:129)
	at java.base/sun.nio.ch.Invoker$2.run(Invoker.java:221)
	at java.base/sun.nio.ch.AsynchronousChannelGroupImpl$1.run(AsynchronousChannelGroupImpl.java:113)
	at java.base/java.util.concurrent.ThreadPoolExecutor.runWorker(ThreadPoolExecutor.java:1144)
	at java.base/java.util.concurrent.ThreadPoolExecutor$Worker.run(ThreadPoolExecutor.java:642)
	at java.base/java.lang.Thread.run(Thread.java:1583)
    23:45:57.763 | 969 1)-nio2-thread-4 | DEBUG | s.l.GitPublickeyAuthenticatorService : Authenticating build agent artemis-build-agent-test on address [127.0.0.1]:5703
    23:45:57.782 | 966 1)-nio2-thread-3 | DEBUG | s.l.GitPublickeyAuthenticatorService : Authenticating build agent artemis-build-agent-test on address [127.0.0.1]:5703
    23:45:57.825 | 960 1)-nio2-thread-2 | DEBUG | d.t.c.a.a.p.s.l.ssh.SshGitCommand    : start(ChannelSession[id=0, recipient=0]-ServerSessionImpl[git@/127.0.0.1:52466]) starting runner for command=git-upload-pack '/git/SHORT3945BC5E092B90459B0A7F006DF5F64347FDTSTEXC/short3945bc5e092b90459b0a7f006df5f64347fdtstexc-tests.git'
    23:45:57.829 | 875 git-ssh-thread-1 | DEBUG | .t.c.a.a.p.s.l.LocalVCServletService : Path to resolve repository from: /tmp/SHORT3945BC5E092B90459B0A7F006DF5F64347FDTSTEXC/short3945bc5e092b90459b0a7f006df5f64347fdtstexc-tests.git
    23:45:57.829 | 875 git-ssh-thread-1 | DEBUG | .t.c.a.a.p.s.l.LocalVCServletService : Opening local repository SHORT3945BC5E092B90459B0A7F006DF5F64347FDTSTEXC/short3945bc5e092b90459b0a7f006df5f64347fdtstexc-tests.git
    23:45:57.830 | 875 git-ssh-thread-1 | DEBUG | .t.c.a.a.p.s.l.LocalVCServletService : Resolving repository for repository SHORT3945BC5E092B90459B0A7F006DF5F64347FDTSTEXC/short3945bc5e092b90459b0a7f006df5f64347fdtstexc-tests.git took 502µs
    23:45:57.989 | 875 git-ssh-thread-1 | DEBUG | d.t.c.a.a.p.s.l.ssh.SshGitCommand    : onExit(ServerSessionImpl[git@/127.0.0.1:52466])[SshGitCommand[git-upload-pack '/git/SHORT3945BC5E092B90459B0A7F006DF5F64347FDTSTEXC/short3945bc5e092b90459b0a7f006df5f64347fdtstexc-tests.git'][session=ServerSessionImpl[git@/127.0.0.1:52466]]] exiting - value=0, message=
    23:45:57.990 | 969 1)-nio2-thread-4 | DEBUG | d.t.c.a.a.p.s.l.ssh.SshGitCommand    : destroy(ChannelSession[id=0, recipient=0]-ServerSessionImpl[git@/127.0.0.1:52466])[SshGitCommand[git-upload-pack '/git/SHORT3945BC5E092B90459B0A7F006DF5F64347FDTSTEXC/short3945bc5e092b90459b0a7f006df5f64347fdtstexc-tests.git'][session=ServerSessionImpl[git@/127.0.0.1:52466]]] - shutdown executor service - runners count=0
    23:45:57.990 | 969 1)-nio2-thread-4 | DEBUG | d.t.c.a.a.p.s.l.ssh.SshGitCommand    : destroy(SshGitCommand[git-upload-pack '/git/SHORT3945BC5E092B90459B0A7F006DF5F64347FDTSTEXC/short3945bc5e092b90459b0a7f006df5f64347fdtstexc-tests.git'][session=ServerSessionImpl[git@/127.0.0.1:52466]]) - failed (UnsupportedOperationException) to close file system=sun.nio.fs.LinuxFileSystem@348460d6: null
    23:45:57.995 | 848 waitility-thread | DEBUG | .a.s.ParticipantScoreScheduleService : Processing of 0 results and 0 participant scores.
    23:45:58.011 | 576 local-ci-build-0 | WARN  | org.eclipse.jgit.lib.Repository      : close() called when useCnt is already zero for Repository[checked-out-repos/c315388a235502fd958ae3c7ffbbbbf126a8fe21/SHORT3945BC5E092B90459B0A7F006DF5F64347FDTSTEXC/short3945bc5e092b90459b0a7f006df5f64347fdtstexc-tests/.git]
    23:45:58.012 | 576 local-ci-build-0 | INFO  | t.c.a.a.b.s.BuildJobExecutionService : ~~~~~~~~~~~~~~~~~~~~ Started container local-ci-20431739576757232 for build job 20431739576757232 ~~~~~~~~~~~~~~~~~~~~
    23:45:58.012 | 576 local-ci-build-0 | DEBUG | t.c.a.a.b.s.BuildJobExecutionService : ~~~~~~~~~~~~~~~~~~~~ Populating build job container with repositories and build script ~~~~~~~~~~~~~~~~~~~~
    23:45:58.032 | 576 local-ci-build-0 | DEBUG | t.c.a.a.b.s.BuildJobExecutionService : ~~~~~~~~~~~~~~~~~~~~ Executing Build Script for Build job 20431739576757232 ~~~~~~~~~~~~~~~~~~~~
    23:45:58.032 | 576 local-ci-build-0 | INFO  | t.c.a.a.b.s.BuildJobContainerService : Started running the build script for build job in container with id 1234567890
    23:45:58.032 | 576 local-ci-build-0 | INFO  | t.c.a.a.b.s.BuildJobExecutionService : ~~~~~~~~~~~~~~~~~~~~ Finished Executing Build Script for Build job 20431739576757232 ~~~~~~~~~~~~~~~~~~~~
    23:45:58.032 | 576 local-ci-build-0 | DEBUG | t.c.a.a.b.s.BuildJobExecutionService : ~~~~~~~~~~~~~~~~~~~~ Moving test results to specified directory for build job 20431739576757232 ~~~~~~~~~~~~~~~~~~~~
    23:45:58.032 | 576 local-ci-build-0 | INFO  | t.c.a.a.b.s.BuildJobExecutionService : ~~~~~~~~~~~~~~~~~~~~ Collecting test results from container 1234567890 for build job 20431739576757232 ~~~~~~~~~~~~~~~~~~~~
    23:45:58.051 | 576 local-ci-build-0 | WARN  | org.eclipse.jgit.lib.Repository      : close() called when useCnt is already zero for Repository[checked-out-repos/c315388a235502fd958ae3c7ffbbbbf126a8fe21/SHORT3945BC5E092B90459B0A7F006DF5F64347FDTSTEXC/short3945bc5e092b90459b0a7f006df5f64347fdtstexc-solution/.git]
    23:45:58.056 | 576 local-ci-build-0 | DEBUG | d.t.c.a.a.p.s.AbstractGitService     : Deleted Repository at checked-out-repos/c315388a235502fd958ae3c7ffbbbbf126a8fe21/SHORT3945BC5E092B90459B0A7F006DF5F64347FDTSTEXC/short3945bc5e092b90459b0a7f006df5f64347fdtstexc-solution
    23:45:58.056 | 576 local-ci-build-0 | WARN  | org.eclipse.jgit.lib.Repository      : close() called when useCnt is already zero for Repository[checked-out-repos/c315388a235502fd958ae3c7ffbbbbf126a8fe21/SHORT3945BC5E092B90459B0A7F006DF5F64347FDTSTEXC/short3945bc5e092b90459b0a7f006df5f64347fdtstexc-tests/.git]
    23:45:58.061 | 576 local-ci-build-0 | DEBUG | d.t.c.a.a.p.s.AbstractGitService     : Deleted Repository at checked-out-repos/c315388a235502fd958ae3c7ffbbbbf126a8fe21/SHORT3945BC5E092B90459B0A7F006DF5F64347FDTSTEXC/short3945bc5e092b90459b0a7f006df5f64347fdtstexc-tests
    23:45:58.062 | 576 local-ci-build-0 | INFO  | t.c.a.a.b.s.BuildJobExecutionService : Building and testing submission for repository short3945bc5e092b90459b0a7f006df5f64347fdtstexc-solution and commit hash c315388a235502fd958ae3c7ffbbbbf126a8fe21 took 49.97ms for build job 20431739576757232
    23:45:58.062 | 566 localvc.event-13 | DEBUG | a.a.b.s.SharedQueueProcessingService : Build job completed: BuildJobQueueItem[id=20431739576757232, name=SHORT3945BC5E092B90459B0A7F006DF5F64347FDTSTEXC-SOLUTION, buildAgent=BuildAgentDTO[name=artemis-build-agent-test, memberAddress=[127.0.0.1]:5703, displayName=artemis-build-agent-test], participationId=2043, courseId=998, exerciseId=2615, retryCount=0, priority=2, status=null, repositoryInfo=RepositoryInfo[repositoryName=short3945bc5e092b90459b0a7f006df5f64347fdtstexc-solution, repositoryType=solution, triggeredByPushTo=solution, assignmentRepositoryUri=http://localhost:49152/git/SHORT3945BC5E092B90459B0A7F006DF5F64347FDTSTEXC/short3945bc5e092b90459b0a7f006df5f64347fdtstexc-solution.git, testRepositoryUri=http://localhost:49152/git/SHORT3945BC5E092B90459B0A7F006DF5F64347FDTSTEXC/short3945bc5e092b90459b0a7f006df5f64347fdtstexc-tests.git, solutionRepositoryUri=null, auxiliaryRepositoryUris=[Ljava.lang.String;@382b27d8, auxiliaryRepositoryCheckoutDirectories=[Ljava.lang.String;@3ec0ad2c], jobTimingInfo=JobTimingInfo[submissionDate=2025-02-14T23:45:57.232907777Z[Etc/UTC], buildStartDate=2025-02-14T23:45:57.240437339Z[Etc/UTC], buildCompletionDate=null, estimatedCompletionDate=2025-02-14T23:46:16.240428743Z[Etc/UTC], estimatedDuration=19], buildConfig=BuildConfig[buildScript=#!/bin/bash
cd /var/tmp/testing-dir
chmod +x ./gradlew
./gradlew clean test
, dockerImage=dummy-docker-image:latest, commitHashToBuild=c315388a235502fd958ae3c7ffbbbbf126a8fe21, assignmentCommitHash=c315388a235502fd958ae3c7ffbbbbf126a8fe21, testCommitHash=28488095271179f4eface46480ec45511f50df5d, branch=main, programmingLanguage=JAVA, projectType=PLAIN_GRADLE, scaEnabled=false, sequentialTestRunsEnabled=false, resultPaths=[/var/tmp/testing-dir/**/test-results/test/*.xml], timeoutSeconds=0, assignmentCheckoutPath=null, testCheckoutPath=null, solutionCheckoutPath=null, dockerRunConfig=null], submissionResult=null]
    23:45:58.065 | 564 localvc.event-11 | DEBUG | a.p.s.l.LocalCIQueueWebsocketService : CIBuildJobQueueItem removed from processing jobs: BuildJobQueueItem[id=20431739576757232, name=SHORT3945BC5E092B90459B0A7F006DF5F64347FDTSTEXC-SOLUTION, buildAgent=BuildAgentDTO[name=artemis-build-agent-test, memberAddress=[127.0.0.1]:5703, displayName=artemis-build-agent-test], participationId=2043, courseId=998, exerciseId=2615, retryCount=0, priority=2, status=null, repositoryInfo=RepositoryInfo[repositoryName=short3945bc5e092b90459b0a7f006df5f64347fdtstexc-solution, repositoryType=solution, triggeredByPushTo=solution, assignmentRepositoryUri=http://localhost:49152/git/SHORT3945BC5E092B90459B0A7F006DF5F64347FDTSTEXC/short3945bc5e092b90459b0a7f006df5f64347fdtstexc-solution.git, testRepositoryUri=http://localhost:49152/git/SHORT3945BC5E092B90459B0A7F006DF5F64347FDTSTEXC/short3945bc5e092b90459b0a7f006df5f64347fdtstexc-tests.git, solutionRepositoryUri=null, auxiliaryRepositoryUris=[Ljava.lang.String;@247f6864, auxiliaryRepositoryCheckoutDirectories=[Ljava.lang.String;@39321d51], jobTimingInfo=JobTimingInfo[submissionDate=2025-02-14T23:45:57.232907777Z[Etc/UTC], buildStartDate=2025-02-14T23:45:57.240437339Z[Etc/UTC], buildCompletionDate=null, estimatedCompletionDate=2025-02-14T23:46:16.240428743Z[Etc/UTC], estimatedDuration=19], buildConfig=BuildConfig[buildScript=#!/bin/bash
cd /var/tmp/testing-dir
chmod +x ./gradlew
./gradlew clean test
, dockerImage=dummy-docker-image:latest, commitHashToBuild=c315388a235502fd958ae3c7ffbbbbf126a8fe21, assignmentCommitHash=c315388a235502fd958ae3c7ffbbbbf126a8fe21, testCommitHash=28488095271179f4eface46480ec45511f50df5d, branch=main, programmingLanguage=JAVA, projectType=PLAIN_GRADLE, scaEnabled=false, sequentialTestRunsEnabled=false, resultPaths=[/var/tmp/testing-dir/**/test-results/test/*.xml], timeoutSeconds=0, assignmentCheckoutPath=null, testCheckoutPath=null, solutionCheckoutPath=null, dockerRunConfig=null], submissionResult=null]
    23:45:58.066 | 564 localvc.event-11 | DEBUG | s.l.LocalCIWebsocketMessagingService : Sending message on topic /topic/admin/running-jobs: []
    23:45:58.066 | 564 localvc.event-11 | DEBUG | s.l.LocalCIWebsocketMessagingService : Sending message on topic /topic/courses/998/running-jobs: []
    23:45:58.075 | 566 localvc.event-13 | DEBUG | a.a.b.s.SharedQueueProcessingService : Currently processing jobs on this node: 0, active threads in Pool: 0, maximum pool size of thread executor : 1
    23:45:58.075 | 566 localvc.event-13 | DEBUG | s.l.LocalCIWebsocketMessagingService : Sending message on topic /topic/admin/queued-jobs: []
    23:45:58.075 | 566 localvc.event-13 | DEBUG | s.l.LocalCIWebsocketMessagingService : Sending message on topic /topic/courses/998/queued-jobs: []
    23:45:58.075 | 566 localvc.event-13 | DEBUG | a.a.b.s.SharedQueueProcessingService : CIBuildJobQueueItem removed from queue: BuildJobQueueItem[id=20431739576757232, name=SHORT3945BC5E092B90459B0A7F006DF5F64347FDTSTEXC-SOLUTION, buildAgent=BuildAgentDTO[name=null, memberAddress=null, displayName=null], participationId=2043, courseId=998, exerciseId=2615, retryCount=0, priority=2, status=null, repositoryInfo=RepositoryInfo[repositoryName=short3945bc5e092b90459b0a7f006df5f64347fdtstexc-solution, repositoryType=solution, triggeredByPushTo=solution, assignmentRepositoryUri=http://localhost:49152/git/SHORT3945BC5E092B90459B0A7F006DF5F64347FDTSTEXC/short3945bc5e092b90459b0a7f006df5f64347fdtstexc-solution.git, testRepositoryUri=http://localhost:49152/git/SHORT3945BC5E092B90459B0A7F006DF5F64347FDTSTEXC/short3945bc5e092b90459b0a7f006df5f64347fdtstexc-tests.git, solutionRepositoryUri=null, auxiliaryRepositoryUris=[Ljava.lang.String;@1bb3349f, auxiliaryRepositoryCheckoutDirectories=[Ljava.lang.String;@1d3a788a], jobTimingInfo=JobTimingInfo[submissionDate=2025-02-14T23:45:57.232907777Z[Etc/UTC], buildStartDate=null, buildCompletionDate=null, estimatedCompletionDate=null, estimatedDuration=19], buildConfig=BuildConfig[buildScript=#!/bin/bash
cd /var/tmp/testing-dir
chmod +x ./gradlew
./gradlew clean test
, dockerImage=dummy-docker-image:latest, commitHashToBuild=c315388a235502fd958ae3c7ffbbbbf126a8fe21, assignmentCommitHash=c315388a235502fd958ae3c7ffbbbbf126a8fe21, testCommitHash=28488095271179f4eface46480ec45511f50df5d, branch=main, programmingLanguage=JAVA, projectType=PLAIN_GRADLE, scaEnabled=false, sequentialTestRunsEnabled=false, resultPaths=[/var/tmp/testing-dir/**/test-results/test/*.xml], timeoutSeconds=0, assignmentCheckoutPath=null, testCheckoutPath=null, solutionCheckoutPath=null, dockerRunConfig=null], submissionResult=null]
    23:45:58.075 | 566 localvc.event-13 | DEBUG | s.l.LocalCIWebsocketMessagingService : Sending message on topic /topic/admin/queued-jobs: []
    23:45:58.078 | 566 localvc.event-13 | DEBUG | s.l.LocalCIWebsocketMessagingService : Sending message on topic /topic/courses/998/queued-jobs: []
    23:45:58.079 | 566 localvc.event-13 | DEBUG | a.p.s.l.LocalCIQueueWebsocketService : Build agent updated: BuildAgentInformation[buildAgent=BuildAgentDTO[name=artemis-build-agent-test, memberAddress=[127.0.0.1]:5703, displayName=artemis-build-agent-test], maxNumberOfConcurrentBuildJobs=1, numberOfCurrentBuildJobs=1, runningBuildJobs=[BuildJobQueueItem[id=20431739576757232, name=SHORT3945BC5E092B90459B0A7F006DF5F64347FDTSTEXC-SOLUTION, buildAgent=BuildAgentDTO[name=artemis-build-agent-test, memberAddress=[127.0.0.1]:5703, displayName=artemis-build-agent-test], participationId=2043, courseId=998, exerciseId=2615, retryCount=0, priority=2, status=null, repositoryInfo=RepositoryInfo[repositoryName=short3945bc5e092b90459b0a7f006df5f64347fdtstexc-solution, repositoryType=solution, triggeredByPushTo=solution, assignmentRepositoryUri=http://localhost:49152/git/SHORT3945BC5E092B90459B0A7F006DF5F64347FDTSTEXC/short3945bc5e092b90459b0a7f006df5f64347fdtstexc-solution.git, testRepositoryUri=http://localhost:49152/git/SHORT3945BC5E092B90459B0A7F006DF5F64347FDTSTEXC/short3945bc5e092b90459b0a7f006df5f64347fdtstexc-tests.git, solutionRepositoryUri=null, auxiliaryRepositoryUris=[Ljava.lang.String;@18c0fae6, auxiliaryRepositoryCheckoutDirectories=[Ljava.lang.String;@56f02f5c], jobTimingInfo=JobTimingInfo[submissionDate=2025-02-14T23:45:57.232907777Z[Etc/UTC], buildStartDate=2025-02-14T23:45:57.240437339Z[Etc/UTC], buildCompletionDate=null, estimatedCompletionDate=2025-02-14T23:46:16.240428743Z[Etc/UTC], estimatedDuration=19], buildConfig=BuildConfig[buildScript=#!/bin/bash
cd /var/tmp/testing-dir
chmod +x ./gradlew
./gradlew clean test
, dockerImage=dummy-docker-image:latest, commitHashToBuild=c315388a235502fd958ae3c7ffbbbbf126a8fe21, assignmentCommitHash=c315388a235502fd958ae3c7ffbbbbf126a8fe21, testCommitHash=28488095271179f4eface46480ec45511f50df5d, branch=main, programmingLanguage=JAVA, projectType=PLAIN_GRADLE, scaEnabled=false, sequentialTestRunsEnabled=false, resultPaths=[/var/tmp/testing-dir/**/test-results/test/*.xml], timeoutSeconds=0, assignmentCheckoutPath=null, testCheckoutPath=null, solutionCheckoutPath=null, dockerRunConfig=null], submissionResult=null]], status=ACTIVE, recentBuildJobs=[BuildJobQueueItem[id=19141739576708030, name=SHORT5F02A8F400311042E70858306EB148073CFDTSTEXC-LOCALVCINTSTUDENT1, buildAgent=BuildAgentDTO[name=artemis-build-agent-test, memberAddress=[127.0.0.1]:5703, displayName=artemis-build-agent-test], participationId=1914, courseId=947, exerciseId=2564, retryCount=0, priority=2, status=FAILED, repositoryInfo=RepositoryInfo[repositoryName=short5f02a8f400311042e70858306eb148073cfdtstexc-localvcintstudent1, repositoryType=user, triggeredByPushTo=user, assignmentRepositoryUri=http://localhost:49152/git/SHORT5F02A8F400311042E70858306EB148073CFDTSTEXC/short5f02a8f400311042e70858306eb148073cfdtstexc-localvcintstudent1.git, testRepositoryUri=http://localhost:49152/git/SHORT5F02A8F400311042E70858306EB148073CFDTSTEXC/short5f02a8f400311042e70858306eb148073cfdtstexc-tests.git, solutionRepositoryUri=null, auxiliaryRepositoryUris=[Ljava.lang.String;@e6ecb67, auxiliaryRepositoryCheckoutDirectories=[Ljava.lang.String;@3d9fd29f], jobTimingInfo=JobTimingInfo[submissionDate=2025-02-14T23:45:08.030118216Z[Etc/UTC], buildStartDate=2025-02-14T23:45:08.041011412Z[Etc/UTC], buildCompletionDate=2025-02-14T23:45:08.054603331Z[Etc/UTC], estimatedCompletionDate=2025-02-14T23:45:27.041005080Z[Etc/UTC], estimatedDuration=19], buildConfig=BuildConfig[buildScript=#!/bin/bash
cd /var/tmp/testing-dir
chmod +x ./gradlew
./gradlew clean test
, dockerImage=dummy-docker-image:latest, commitHashToBuild=6e7146cac5059504aa9d170ec3fa23aec740bb51, assignmentCommitHash=6e7146cac5059504aa9d170ec3fa23aec740bb51, testCommitHash=931e5303581c7a2f01339ba603cfafbfe668b901, branch=main, programmingLanguage=JAVA, projectType=PLAIN_GRADLE, scaEnabled=false, sequentialTestRunsEnabled=false, resultPaths=[/var/tmp/testing-dir/**/test-results/test/*.xml], timeoutSeconds=0, assignmentCheckoutPath=null, testCheckoutPath=null, solutionCheckoutPath=null, dockerRunConfig=null], submissionResult=ResultDTO[id=622, completionDate=2025-02-14T23:45:08.054683681Z[Etc/UTC], successful=false, score=0.0, rated=true, submission=SubmissionDTO[id=814, submitted=true, type=MANUAL, exampleSubmission=null, submissionDate=2025-02-14T23:45:08.016200Z, commitHash=6e7146cac5059504aa9d170ec3fa23aec740bb51, buildFailed=true, buildArtifact=false, participation=ParticipationDTO[id=1914, testRun=false, type=programming, submissionCount=null, exercise=ParticipationExerciseDTO[id=2564, exerciseType=PROGRAMMING, type=programming, assessmentType=AUTOMATIC, dueDate=2025-02-16T23:45:07.324348Z, assessmentDueDate=null, maxPoints=42.0, course=CourseDTO[id=947, accuracyOfScores=1]]], submissionExerciseType=programming, isProcessing=false, buildStartDate=null, estimatedCompletionDate=null], participation=ParticipationDTO[id=1914, testRun=false, type=programming, submissionCount=null, exercise=ParticipationExerciseDTO[id=2564, exerciseType=PROGRAMMING, type=programming, assessmentType=AUTOMATIC, dueDate=2025-02-16T23:45:07.324348Z, assessmentDueDate=null, maxPoints=42.0, course=CourseDTO[id=947, accuracyOfScores=1]]], feedbacks=[], assessmentType=AUTOMATIC, hasComplaint=null, exampleResult=null, testCaseCount=0, passedTestCaseCount=0, codeIssueCount=0]], BuildJobQueueItem[id=19361739576711303, name=SHORT9AFDAE3804CA304DDF0889A0CB0F56104A86TSTEXC-LOCALVCINTSTUDENT1, buildAgent=BuildAgentDTO[name=artemis-build-agent-test, memberAddress=[127.0.0.1]:5703, displayName=artemis-build-agent-test], participationId=1936, courseId=956, exerciseId=2573, retryCount=0, priority=2, status=FAILED, repositoryInfo=RepositoryInfo[repositoryName=short9afdae3804ca304ddf0889a0cb0f56104a86tstexc-localvcintstudent1, repositoryType=user, triggeredByPushTo=user, assignmentRepositoryUri=http://localhost:49152/git/SHORT9AFDAE3804CA304DDF0889A0CB0F56104A86TSTEXC/short9afdae3804ca304ddf0889a0cb0f56104a86tstexc-localvcintstudent1.git, testRepositoryUri=http://localhost:49152/git/SHORT9AFDAE3804CA304DDF0889A0CB0F56104A86TSTEXC/short9afdae3804ca304ddf0889a0cb0f56104a86tstexc-tests.git, solutionRepositoryUri=null, auxiliaryRepositoryUris=[Ljava.lang.String;@22971800, auxiliaryRepositoryCheckoutDirectories=[Ljava.lang.String;@754a49c1], jobTimingInfo=JobTimingInfo[submissionDate=2025-02-14T23:45:11.303805653Z[Etc/UTC], buildStartDate=2025-02-14T23:45:11.310981356Z[Etc/UTC], buildCompletionDate=2025-02-14T23:45:11.319178384Z[Etc/UTC], estimatedCompletionDate=2025-02-14T23:45:30.310974944Z[Etc/UTC], estimatedDuration=19], buildConfig=BuildConfig[buildScript=#!/bin/bash
cd /var/tmp/testing-dir
chmod +x ./gradlew
./gradlew clean test
, dockerImage=dummy-docker-image:latest, commitHashToBuild=a1099e378cffde441ef85f9b12577ca174b8e1e4, assignmentCommitHash=a1099e378cffde441ef85f9b12577ca174b8e1e4, testCommitHash=bd38d61c299ab11a1dea82a3ca5493fe04d97d47, branch=main, programmingLanguage=JAVA, projectType=PLAIN_GRADLE, scaEnabled=false, sequentialTestRunsEnabled=false, resultPaths=[/var/tmp/testing-dir/**/test-results/test/*.xml], timeoutSeconds=0, assignmentCheckoutPath=null, testCheckoutPath=null, solutionCheckoutPath=null, dockerRunConfig=null], submissionResult=ResultDTO[id=623, completionDate=2025-02-14T23:45:11.319278430Z[Etc/UTC], successful=false, score=0.0, rated=true, submission=SubmissionDTO[id=815, submitted=true, type=MANUAL, exampleSubmission=null, submissionDate=2025-02-14T23:45:11.294386Z, commitHash=a1099e378cffde441ef85f9b12577ca174b8e1e4, buildFailed=true, buildArtifact=false, participation=ParticipationDTO[id=1936, testRun=false, type=programming, submissionCount=null, exercise=ParticipationExerciseDTO[id=2573, exerciseType=PROGRAMMING, type=programming, assessmentType=AUTOMATIC, dueDate=2025-02-16T23:45:10.996982Z, assessmentDueDate=null, maxPoints=42.0, course=CourseDTO[id=956, accuracyOfScores=1]]], submissionExerciseType=programming, isProcessing=false, buildStartDate=null, estimatedCompletionDate=null], participation=ParticipationDTO[id=1936, testRun=false, type=programming, submissionCount=null, exercise=ParticipationExerciseDTO[id=2573, exerciseType=PROGRAMMING, type=programming, assessmentType=AUTOMATIC, dueDate=2025-02-16T23:45:10.996982Z, assessmentDueDate=null, maxPoints=42.0, course=CourseDTO[id=956, accuracyOfScores=1]]], feedbacks=[], assessmentType=AUTOMATIC, hasComplaint=null, exampleResult=null, testCaseCount=0, passedTestCaseCount=0, codeIssueCount=0]], BuildJobQueueItem[id=19351739576711674, name=SHORT9AFDAE3804CA304DDF0889A0CB0F56104A86TSTEXC-BASE, buildAgent=BuildAgentDTO[name=artemis-build-agent-test, memberAddress=[127.0.0.1]:5703, displayName=artemis-build-agent-test], participationId=1935, courseId=956, exerciseId=2573, retryCount=0, priority=2, status=FAILED, repositoryInfo=RepositoryInfo[repositoryName=short9afdae3804ca304ddf0889a0cb0f56104a86tstexc-exercise, repositoryType=exercise, triggeredByPushTo=exercise, assignmentRepositoryUri=http://localhost:49152/git/SHORT9AFDAE3804CA304DDF0889A0CB0F56104A86TSTEXC/short9afdae3804ca304ddf0889a0cb0f56104a86tstexc-exercise.git, testRepositoryUri=http://localhost:49152/git/SHORT9AFDAE3804CA304DDF0889A0CB0F56104A86TSTEXC/short9afdae3804ca304ddf0889a0cb0f56104a86tstexc-tests.git, solutionRepositoryUri=null, auxiliaryRepositoryUris=[Ljava.lang.String;@d8791fc, auxiliaryRepositoryCheckoutDirectories=[Ljava.lang.String;@4ecfb1f9], jobTimingInfo=JobTimingInfo[submissionDate=2025-02-14T23:45:11.674556681Z[Etc/UTC], buildStartDate=2025-02-14T23:45:11.677776879Z[Etc/UTC], buildCompletionDate=2025-02-14T23:45:11.688097378Z[Etc/UTC], estimatedCompletionDate=2025-02-14T23:45:30.677771620Z[Etc/UTC], estimatedDuration=19], buildConfig=BuildConfig[buildScript=#!/bin/bash
cd /var/tmp/testing-dir
chmod +x ./gradlew
./gradlew clean test
, dockerImage=dummy-docker-image:latest, commitHashToBuild=a1099e378cffde441ef85f9b12577ca174b8e1e4, assignmentCommitHash=a1099e378cffde441ef85f9b12577ca174b8e1e4, testCommitHash=bd38d61c299ab11a1dea82a3ca5493fe04d97d47, branch=main, programmingLanguage=JAVA, projectType=PLAIN_GRADLE, scaEnabled=false, sequentialTestRunsEnabled=false, resultPaths=[/var/tmp/testing-dir/**/test-results/test/*.xml], timeoutSeconds=0, assignmentCheckoutPath=null, testCheckoutPath=null, solutionCheckoutPath=null, dockerRunConfig=null], submissionResult=ResultDTO[id=624, completionDate=2025-02-14T23:45:11.688214837Z[Etc/UTC], successful=false, score=0.0, rated=true, submission=SubmissionDTO[id=816, submitted=true, type=MANUAL, exampleSubmission=null, submissionDate=2025-02-14T23:45:11.656934Z, commitHash=a1099e378cffde441ef85f9b12577ca174b8e1e4, buildFailed=true, buildArtifact=false, participation=ParticipationDTO[id=1935, testRun=false, type=template, submissionCount=null, exercise=ParticipationExerciseDTO[id=2573, exerciseType=PROGRAMMING, type=programming, assessmentType=AUTOMATIC, dueDate=2025-02-16T23:45:10.996982Z, assessmentDueDate=null, maxPoints=42.0, course=CourseDTO[id=956, accuracyOfScores=1]]], submissionExerciseType=programming, isProcessing=false, buildStartDate=null, estimatedCompletionDate=null], participation=ParticipationDTO[id=1935, testRun=false, type=template, submissionCount=null, exercise=ParticipationExerciseDTO[id=2573, exerciseType=PROGRAMMING, type=programming, assessmentType=AUTOMATIC, dueDate=2025-02-16T23:45:10.996982Z, assessmentDueDate=null, maxPoints=42.0, course=CourseDTO[id=956, accuracyOfScores=1]]], feedbacks=[], assessmentType=AUTOMATIC, hasComplaint=null, exampleResult=null, testCaseCount=0, passedTestCaseCount=0, codeIssueCount=0]], BuildJobQueueItem[id=19341739576712112, name=SHORT9AFDAE3804CA304DDF0889A0CB0F56104A86TSTEXC-SOLUTION, buildAgent=BuildAgentDTO[name=artemis-build-agent-test, memberAddress=[127.0.0.1]:5703, displayName=artemis-build-agent-test], participationId=1934, courseId=956, exerciseId=2573, retryCount=0, priority=2, status=FAILED, repositoryInfo=RepositoryInfo[repositoryName=short9afdae3804ca304ddf0889a0cb0f56104a86tstexc-solution, repositoryType=solution, triggeredByPushTo=solution, assignmentRepositoryUri=http://localhost:49152/git/SHORT9AFDAE3804CA304DDF0889A0CB0F56104A86TSTEXC/short9afdae3804ca304ddf0889a0cb0f56104a86tstexc-solution.git, testRepositoryUri=http://localhost:49152/git/SHORT9AFDAE3804CA304DDF0889A0CB0F56104A86TSTEXC/short9afdae3804ca304ddf0889a0cb0f56104a86tstexc-tests.git, solutionRepositoryUri=null, auxiliaryRepositoryUris=[Ljava.lang.String;@5482f738, auxiliaryRepositoryCheckoutDirectories=[Ljava.lang.String;@7321b828], jobTimingInfo=JobTimingInfo[submissionDate=2025-02-14T23:45:12.112332872Z[Etc/UTC], buildStartDate=2025-02-14T23:45:12.121617114Z[Etc/UTC], buildCompletionDate=2025-02-14T23:45:12.127931701Z[Etc/UTC], estimatedCompletionDate=2025-02-14T23:45:31.121609600Z[Etc/UTC], estimatedDuration=19], buildConfig=BuildConfig[buildScript=#!/bin/bash
cd /var/tmp/testing-dir
chmod +x ./gradlew
./gradlew clean test
, dockerImage=dummy-docker-image:latest, commitHashToBuild=a1099e378cffde441ef85f9b12577ca174b8e1e4, assignmentCommitHash=a1099e378cffde441ef85f9b12577ca174b8e1e4, testCommitHash=bd38d61c299ab11a1dea82a3ca5493fe04d97d47, branch=main, programmingLanguage=JAVA, projectType=PLAIN_GRADLE, scaEnabled=false, sequentialTestRunsEnabled=false, resultPaths=[/var/tmp/testing-dir/**/test-results/test/*.xml], timeoutSeconds=0, assignmentCheckoutPath=null, testCheckoutPath=null, solutionCheckoutPath=null, dockerRunConfig=null], submissionResult=ResultDTO[id=625, completionDate=2025-02-14T23:45:12.128011800Z[Etc/UTC], successful=false, score=0.0, rated=true, submission=SubmissionDTO[id=817, submitted=true, type=MANUAL, exampleSubmission=null, submissionDate=2025-02-14T23:45:12.098737Z, commitHash=a1099e378cffde441ef85f9b12577ca174b8e1e4, buildFailed=true, buildArtifact=false, participation=ParticipationDTO[id=1934, testRun=false, type=solution, submissionCount=null, exercise=ParticipationExerciseDTO[id=2573, exerciseType=PROGRAMMING, type=programming, assessmentType=AUTOMATIC, dueDate=2025-02-16T23:45:10.996982Z, assessmentDueDate=null, maxPoints=42.0, course=CourseDTO[id=956, accuracyOfScores=1]]], submissionExerciseType=programming, isProcessing=false, buildStartDate=null, estimatedCompletionDate=null], participation=ParticipationDTO[id=1934, testRun=false, type=solution, submissionCount=null, exercise=ParticipationExerciseDTO[id=2573, exerciseType=PROGRAMMING, type=programming, assessmentType=AUTOMATIC, dueDate=2025-02-16T23:45:10.996982Z, assessmentDueDate=null, maxPoints=42.0, course=CourseDTO[id=956, accuracyOfScores=1]]], feedbacks=[], assessmentType=AUTOMATIC, hasComplaint=null, exampleResult=null, testCaseCount=0, passedTestCaseCount=0, codeIssueCount=0]], BuildJobQueueItem[id=19341739576713025, name=SHORT9AFDAE3804CA304DDF0889A0CB0F56104A86TSTEXC-SOLUTION, buildAgent=BuildAgentDTO[name=artemis-build-agent-test, memberAddress=[127.0.0.1]:5703, displayName=artemis-build-agent-test], participationId=1934, courseId=956, exerciseId=2573, retryCount=0, priority=2, status=FAILED, repositoryInfo=RepositoryInfo[repositoryName=short9afdae3804ca304ddf0889a0cb0f56104a86tstexc-solution, repositoryType=solution, triggeredByPushTo=tests, assignmentRepositoryUri=http://localhost:49152/git/SHORT9AFDAE3804CA304DDF0889A0CB0F56104A86TSTEXC/short9afdae3804ca304ddf0889a0cb0f56104a86tstexc-solution.git, testRepositoryUri=http://localhost:49152/git/SHORT9AFDAE3804CA304DDF0889A0CB0F56104A86TSTEXC/short9afdae3804ca304ddf0889a0cb0f56104a86tstexc-tests.git, solutionRepositoryUri=null, auxiliaryRepositoryUris=[Ljava.lang.String;@4218dfc1, auxiliaryRepositoryCheckoutDirectories=[Ljava.lang.String;@716bfe02], jobTimingInfo=JobTimingInfo[submissionDate=2025-02-14T23:45:13.025319671Z[Etc/UTC], buildStartDate=2025-02-14T23:45:13.040293146Z[Etc/UTC], buildCompletionDate=2025-02-14T23:45:13.053032917Z[Etc/UTC], estimatedCompletionDate=2025-02-14T23:45:32.040285703Z[Etc/UTC], estimatedDuration=19], buildConfig=BuildConfig[buildScript=#!/bin/bash
cd /var/tmp/testing-dir
chmod +x ./gradlew
./gradlew clean test
, dockerImage=dummy-docker-image:latest, commitHashToBuild=784f8f0049d2a1a54f21c67dd772bea86715267a, assignmentCommitHash=a1099e378cffde441ef85f9b12577ca174b8e1e4, testCommitHash=784f8f0049d2a1a54f21c67dd772bea86715267a, branch=main, programmingLanguage=JAVA, projectType=PLAIN_GRADLE, scaEnabled=false, sequentialTestRunsEnabled=false, resultPaths=[/var/tmp/testing-dir/**/test-results/test/*.xml], timeoutSeconds=0, assignmentCheckoutPath=null, testCheckoutPath=null, solutionCheckoutPath=null, dockerRunConfig=null], submissionResult=ResultDTO[id=626, completionDate=2025-02-14T23:45:13.053131811Z[Etc/UTC], successful=false, score=0.0, rated=true, submission=SubmissionDTO[id=818, submitted=true, type=TEST, exampleSubmission=null, submissionDate=2025-02-14T23:45:13.005779Z, commitHash=784f8f0049d2a1a54f21c67dd772bea86715267a, buildFailed=true, buildArtifact=false, participation=ParticipationDTO[id=1934, testRun=false, type=solution, submissionCount=null, exercise=ParticipationExerciseDTO[id=2573, exerciseType=PROGRAMMING, type=programming, assessmentType=AUTOMATIC, dueDate=2025-02-16T23:45:10.996982Z, assessmentDueDate=null, maxPoints=42.0, course=CourseDTO[id=956, accuracyOfScores=1]]], submissionExerciseType=programming, isProcessing=false, buildStartDate=null, estimatedCompletionDate=null], participation=ParticipationDTO[id=1934, testRun=false, type=solution, submissionCount=null, exercise=ParticipationExerciseDTO[id=2573, exerciseType=PROGRAMMING, type=programming, assessmentType=AUTOMATIC, dueDate=2025-02-16T23:45:10.996982Z, assessmentDueDate=null, maxPoints=42.0, course=CourseDTO[id=956, accuracyOfScores=1]]], feedbacks=[], assessmentType=AUTOMATIC, hasComplaint=null, exampleResult=null, testCaseCount=0, passedTestCaseCount=0, codeIssueCount=0]], BuildJobQueueItem[id=19581739576715555, name=SHORTC1A3F9FC03D2304B4308FA20AF16D54AAA49TSTEXC-LOCALVCSSHINTSTUDENT1, buildAgent=BuildAgentDTO[name=artemis-build-agent-test, memberAddress=[127.0.0.1]:5703, displayName=artemis-build-agent-test], participationId=1958, courseId=965, exerciseId=2582, retryCount=0, priority=2, status=FAILED, repositoryInfo=RepositoryInfo[repositoryName=shortc1a3f9fc03d2304b4308fa20af16d54aaa49tstexc-localvcsshintstudent1, repositoryType=user, triggeredByPushTo=user, assignmentRepositoryUri=http://localhost:49152/git/SHORTC1A3F9FC03D2304B4308FA20AF16D54AAA49TSTEXC/shortc1a3f9fc03d2304b4308fa20af16d54aaa49tstexc-localvcsshintstudent1.git, testRepositoryUri=http://localhost:49152/git/SHORTC1A3F9FC03D2304B4308FA20AF16D54AAA49TSTEXC/shortc1a3f9fc03d2304b4308fa20af16d54aaa49tstexc-tests.git, solutionRepositoryUri=null, auxiliaryRepositoryUris=[Ljava.lang.String;@3213ec20, auxiliaryRepositoryCheckoutDirectories=[Ljava.lang.String;@4c0de2b2], jobTimingInfo=JobTimingInfo[submissionDate=2025-02-14T23:45:15.555989584Z[Etc/UTC], buildStartDate=2025-02-14T23:45:15.568477627Z[Etc/UTC], buildCompletionDate=2025-02-14T23:45:15.579021148Z[Etc/UTC], estimatedCompletionDate=2025-02-14T23:45:34.568443924Z[Etc/UTC], estimatedDuration=19], buildConfig=BuildConfig[buildScript=#!/bin/bash
cd /var/tmp/testing-dir
chmod +x ./gradlew
./gradlew clean test
, dockerImage=dummy-docker-image:latest, commitHashToBuild=ca76dac20e040e6609db02fd7fedd56bf58829d7, assignmentCommitHash=ca76dac20e040e6609db02fd7fedd56bf58829d7, testCommitHash=bd0d58c226dc63bfa4bc9052870589952c0a1f83, branch=main, programmingLanguage=JAVA, projectType=PLAIN_GRADLE, scaEnabled=false, sequentialTestRunsEnabled=false, resultPaths=[/var/tmp/testing-dir/**/test-results/test/*.xml], timeoutSeconds=0, assignmentCheckoutPath=null, testCheckoutPath=null, solutionCheckoutPath=null, dockerRunConfig=null], submissionResult=ResultDTO[id=627, completionDate=2025-02-14T23:45:15.579119131Z[Etc/UTC], successful=false, score=0.0, rated=true, submission=SubmissionDTO[id=820, submitted=true, type=MANUAL, exampleSubmission=null, submissionDate=2025-02-14T23:45:15.548349Z, commitHash=ca76dac20e040e6609db02fd7fedd56bf58829d7, buildFailed=true, buildArtifact=false, participation=ParticipationDTO[id=1958, testRun=false, type=programming, submissionCount=null, exercise=ParticipationExerciseDTO[id=2582, exerciseType=PROGRAMMING, type=programming, assessmentType=AUTOMATIC, dueDate=2025-02-16T23:45:15.103512Z, assessmentDueDate=null, maxPoints=42.0, course=CourseDTO[id=965, accuracyOfScores=1]]], submissionExerciseType=programming, isProcessing=false, buildStartDate=null, estimatedCompletionDate=null], participation=ParticipationDTO[id=1958, testRun=false, type=programming, submissionCount=null, exercise=ParticipationExerciseDTO[id=2582, exerciseType=PROGRAMMING, type=programming, assessmentType=AUTOMATIC, dueDate=2025-02-16T23:45:15.103512Z, assessmentDueDate=null, maxPoints=42.0, course=CourseDTO[id=965, accuracyOfScores=1]]], feedbacks=[], assessmentType=AUTOMATIC, hasComplaint=null, exampleResult=null, testCaseCount=0, passedTestCaseCount=0, codeIssueCount=0]], BuildJobQueueItem[id=19801739576719393, name=SHORTB2A6C58B0D447045380A858075B170A5B7C6TSTEXC-LOCALVCSSHINTSTUDENT1, buildAgent=BuildAgentDTO[name=artemis-build-agent-test, memberAddress=[127.0.0.1]:5703, displayName=artemis-build-agent-test], participationId=1980, courseId=974, exerciseId=2591, retryCount=0, priority=2, status=FAILED, repositoryInfo=RepositoryInfo[repositoryName=shortb2a6c58b0d447045380a858075b170a5b7c6tstexc-localvcsshintstudent1, repositoryType=user, triggeredByPushTo=user, assignmentRepositoryUri=http://localhost:49152/git/SHORTB2A6C58B0D447045380A858075B170A5B7C6TSTEXC/shortb2a6c58b0d447045380a858075b170a5b7c6tstexc-localvcsshintstudent1.git, testRepositoryUri=http://localhost:49152/git/SHORTB2A6C58B0D447045380A858075B170A5B7C6TSTEXC/shortb2a6c58b0d447045380a858075b170a5b7c6tstexc-tests.git, solutionRepositoryUri=null, auxiliaryRepositoryUris=[Ljava.lang.String;@48efda25, auxiliaryRepositoryCheckoutDirectories=[Ljava.lang.String;@66daa6d4], jobTimingInfo=JobTimingInfo[submissionDate=2025-02-14T23:45:19.393259829Z[Etc/UTC], buildStartDate=2025-02-14T23:45:19.405438171Z[Etc/UTC], buildCompletionDate=2025-02-14T23:45:19.414070673Z[Etc/UTC], estimatedCompletionDate=2025-02-14T23:45:38.405431569Z[Etc/UTC], estimatedDuration=19], buildConfig=BuildConfig[buildScript=#!/bin/bash
cd /var/tmp/testing-dir
chmod +x ./gradlew
./gradlew clean test
, dockerImage=dummy-docker-image:latest, commitHashToBuild=363cdbf709a9fff149f813ab848ee800a675cc77, assignmentCommitHash=363cdbf709a9fff149f813ab848ee800a675cc77, testCommitHash=a5e046ece417b2e538f21f816e2524dab61e0d10, branch=main, programmingLanguage=JAVA, projectType=PLAIN_GRADLE, scaEnabled=false, sequentialTestRunsEnabled=false, resultPaths=[/var/tmp/testing-dir/**/test-results/test/*.xml], timeoutSeconds=0, assignmentCheckoutPath=null, testCheckoutPath=null, solutionCheckoutPath=null, dockerRunConfig=null], submissionResult=ResultDTO[id=628, completionDate=2025-02-14T23:45:19.414171040Z[Etc/UTC], successful=false, score=0.0, rated=true, submission=SubmissionDTO[id=821, submitted=true, type=MANUAL, exampleSubmission=null, submissionDate=2025-02-14T23:45:19.376840Z, commitHash=363cdbf709a9fff149f813ab848ee800a675cc77, buildFailed=true, buildArtifact=false, participation=ParticipationDTO[id=1980, testRun=false, type=programming, submissionCount=null, exercise=ParticipationExerciseDTO[id=2591, exerciseType=PROGRAMMING, type=programming, assessmentType=AUTOMATIC, dueDate=2025-02-16T23:45:18.950569Z, assessmentDueDate=null, maxPoints=42.0, course=CourseDTO[id=974, accuracyOfScores=1]]], submissionExerciseType=programming, isProcessing=false, buildStartDate=null, estimatedCompletionDate=null], participation=ParticipationDTO[id=1980, testRun=false, type=programming, submissionCount=null, exercise=ParticipationExerciseDTO[id=2591, exerciseType=PROGRAMMING, type=programming, assessmentType=AUTOMATIC, dueDate=2025-02-16T23:45:18.950569Z, assessmentDueDate=null, maxPoints=42.0, course=CourseDTO[id=974, accuracyOfScores=1]]], feedbacks=[], assessmentType=AUTOMATIC, hasComplaint=null, exampleResult=null, testCaseCount=0, passedTestCaseCount=0, codeIssueCount=0]], BuildJobQueueItem[id=19791739576719787, name=SHORTB2A6C58B0D447045380A858075B170A5B7C6TSTEXC-BASE, buildAgent=BuildAgentDTO[name=artemis-build-agent-test, memberAddress=[127.0.0.1]:5703, displayName=artemis-build-agent-test], participationId=1979, courseId=974, exerciseId=2591, retryCount=0, priority=2, status=FAILED, repositoryInfo=RepositoryInfo[repositoryName=shortb2a6c58b0d447045380a858075b170a5b7c6tstexc-exercise, repositoryType=exercise, triggeredByPushTo=exercise, assignmentRepositoryUri=http://localhost:49152/git/SHORTB2A6C58B0D447045380A858075B170A5B7C6TSTEXC/shortb2a6c58b0d447045380a858075b170a5b7c6tstexc-exercise.git, testRepositoryUri=http://localhost:49152/git/SHORTB2A6C58B0D447045380A858075B170A5B7C6TSTEXC/shortb2a6c58b0d447045380a858075b170a5b7c6tstexc-tests.git, solutionRepositoryUri=null, auxiliaryRepositoryUris=[Ljava.lang.String;@4b8524c3, auxiliaryRepositoryCheckoutDirectories=[Ljava.lang.String;@68be5773], jobTimingInfo=JobTimingInfo[submissionDate=2025-02-14T23:45:19.787985058Z[Etc/UTC], buildStartDate=2025-02-14T23:45:19.796327417Z[Etc/UTC], buildCompletionDate=2025-02-14T23:45:19.799750982Z[Etc/UTC], estimatedCompletionDate=2025-02-14T23:45:38.796319082Z[Etc/UTC], estimatedDuration=19], buildConfig=BuildConfig[buildScript=#!/bin/bash
cd /var/tmp/testing-dir
chmod +x ./gradlew
./gradlew clean test
, dockerImage=dummy-docker-image:latest, commitHashToBuild=363cdbf709a9fff149f813ab848ee800a675cc77, assignmentCommitHash=363cdbf709a9fff149f813ab848ee800a675cc77, testCommitHash=a5e046ece417b2e538f21f816e2524dab61e0d10, branch=main, programmingLanguage=JAVA, projectType=PLAIN_GRADLE, scaEnabled=false, sequentialTestRunsEnabled=false, resultPaths=[/var/tmp/testing-dir/**/test-results/test/*.xml], timeoutSeconds=0, assignmentCheckoutPath=null, testCheckoutPath=null, solutionCheckoutPath=null, dockerRunConfig=null], submissionResult=ResultDTO[id=629, completionDate=2025-02-14T23:45:19.799820341Z[Etc/UTC], successful=false, score=0.0, rated=true, submission=SubmissionDTO[id=822, submitted=true, type=MANUAL, exampleSubmission=null, submissionDate=2025-02-14T23:45:19.775952Z, commitHash=363cdbf709a9fff149f813ab848ee800a675cc77, buildFailed=true, buildArtifact=false, participation=ParticipationDTO[id=1979, testRun=false, type=template, submissionCount=null, exercise=ParticipationExerciseDTO[id=2591, exerciseType=PROGRAMMING, type=programming, assessmentType=AUTOMATIC, dueDate=2025-02-16T23:45:18.950569Z, assessmentDueDate=null, maxPoints=42.0, course=CourseDTO[id=974, accuracyOfScores=1]]], submissionExerciseType=programming, isProcessing=false, buildStartDate=null, estimatedCompletionDate=null], participation=ParticipationDTO[id=1979, testRun=false, type=template, submissionCount=null, exercise=ParticipationExerciseDTO[id=2591, exerciseType=PROGRAMMING, type=programming, assessmentType=AUTOMATIC, dueDate=2025-02-16T23:45:18.950569Z, assessmentDueDate=null, maxPoints=42.0, course=CourseDTO[id=974, accuracyOfScores=1]]], feedbacks=[], assessmentType=AUTOMATIC, hasComplaint=null, exampleResult=null, testCaseCount=0, passedTestCaseCount=0, codeIssueCount=0]], BuildJobQueueItem[id=19781739576720235, name=SHORTB2A6C58B0D447045380A858075B170A5B7C6TSTEXC-SOLUTION, buildAgent=BuildAgentDTO[name=artemis-build-agent-test, memberAddress=[127.0.0.1]:5703, displayName=artemis-build-agent-test], participationId=1978, courseId=974, exerciseId=2591, retryCount=0, priority=2, status=FAILED, repositoryInfo=RepositoryInfo[repositoryName=shortb2a6c58b0d447045380a858075b170a5b7c6tstexc-solution, repositoryType=solution, triggeredByPushTo=solution, assignmentRepositoryUri=http://localhost:49152/git/SHORTB2A6C58B0D447045380A858075B170A5B7C6TSTEXC/shortb2a6c58b0d447045380a858075b170a5b7c6tstexc-solution.git, testRepositoryUri=http://localhost:49152/git/SHORTB2A6C58B0D447045380A858075B170A5B7C6TSTEXC/shortb2a6c58b0d447045380a858075b170a5b7c6tstexc-tests.git, solutionRepositoryUri=null, auxiliaryRepositoryUris=[Ljava.lang.String;@5eb686b3, auxiliaryRepositoryCheckoutDirectories=[Ljava.lang.String;@6d6977b7], jobTimingInfo=JobTimingInfo[submissionDate=2025-02-14T23:45:20.235272325Z[Etc/UTC], buildStartDate=2025-02-14T23:45:20.243033812Z[Etc/UTC], buildCompletionDate=2025-02-14T23:45:20.250721018Z[Etc/UTC], estimatedCompletionDate=2025-02-14T23:45:39.243026949Z[Etc/UTC], estimatedDuration=19], buildConfig=BuildConfig[buildScript=#!/bin/bash
cd /var/tmp/testing-dir
chmod +x ./gradlew
./gradlew clean test
, dockerImage=dummy-docker-image:latest, commitHashToBuild=c710d0e68c9c7db8cda7d1a278308de2b9642cc0, assignmentCommitHash=c710d0e68c9c7db8cda7d1a278308de2b9642cc0, testCommitHash=a5e046ece417b2e538f21f816e2524dab61e0d10, branch=main, programmingLanguage=JAVA, projectType=PLAIN_GRADLE, scaEnabled=false, sequentialTestRunsEnabled=false, resultPaths=[/var/tmp/testing-dir/**/test-results/test/*.xml], timeoutSeconds=0, assignmentCheckoutPath=null, testCheckoutPath=null, solutionCheckoutPath=null, dockerRunConfig=null], submissionResult=ResultDTO[id=630, completionDate=2025-02-14T23:45:20.250809893Z[Etc/UTC], successful=false, score=0.0, rated=true, submission=SubmissionDTO[id=823, submitted=true, type=MANUAL, exampleSubmission=null, submissionDate=2025-02-14T23:45:20.211707Z, commitHash=c710d0e68c9c7db8cda7d1a278308de2b9642cc0, buildFailed=true, buildArtifact=false, participation=ParticipationDTO[id=1978, testRun=false, type=solution, submissionCount=null, exercise=ParticipationExerciseDTO[id=2591, exerciseType=PROGRAMMING, type=programming, assessmentType=AUTOMATIC, dueDate=2025-02-16T23:45:18.950569Z, assessmentDueDate=null, maxPoints=42.0, course=CourseDTO[id=974, accuracyOfScores=1]]], submissionExerciseType=programming, isProcessing=false, buildStartDate=null, estimatedCompletionDate=null], participation=ParticipationDTO[id=1978, testRun=false, type=solution, submissionCount=null, exercise=ParticipationExerciseDTO[id=2591, exerciseType=PROGRAMMING, type=programming, assessmentType=AUTOMATIC, dueDate=2025-02-16T23:45:18.950569Z, assessmentDueDate=null, maxPoints=42.0, course=CourseDTO[id=974, accuracyOfScores=1]]], feedbacks=[], assessmentType=AUTOMATIC, hasComplaint=null, exampleResult=null, testCaseCount=0, passedTestCaseCount=0, codeIssueCount=0]], BuildJobQueueItem[id=19781739576720802, name=SHORTB2A6C58B0D447045380A858075B170A5B7C6TSTEXC-SOLUTION, buildAgent=BuildAgentDTO[name=artemis-build-agent-test, memberAddress=[127.0.0.1]:5703, displayName=artemis-build-agent-test], participationId=1978, courseId=974, exerciseId=2591, retryCount=0, priority=2, status=FAILED, repositoryInfo=RepositoryInfo[repositoryName=shortb2a6c58b0d447045380a858075b170a5b7c6tstexc-solution, repositoryType=solution, triggeredByPushTo=tests, assignmentRepositoryUri=http://localhost:49152/git/SHORTB2A6C58B0D447045380A858075B170A5B7C6TSTEXC/shortb2a6c58b0d447045380a858075b170a5b7c6tstexc-solution.git, testRepositoryUri=http://localhost:49152/git/SHORTB2A6C58B0D447045380A858075B170A5B7C6TSTEXC/shortb2a6c58b0d447045380a858075b170a5b7c6tstexc-tests.git, solutionRepositoryUri=null, auxiliaryRepositoryUris=[Ljava.lang.String;@f28f5e5, auxiliaryRepositoryCheckoutDirectories=[Ljava.lang.String;@15373ebc], jobTimingInfo=JobTimingInfo[submissionDate=2025-02-14T23:45:20.802935026Z[Etc/UTC], buildStartDate=2025-02-14T23:45:20.809306435Z[Etc/UTC], buildCompletionDate=2025-02-14T23:45:20.822452342Z[Etc/UTC], estimatedCompletionDate=2025-02-14T23:45:39.809298491Z[Etc/UTC], estimatedDuration=19], buildConfig=BuildConfig[buildScript=#!/bin/bash
cd /var/tmp/testing-dir
chmod +x ./gradlew
./gradlew clean test
, dockerImage=dummy-docker-image:latest, commitHashToBuild=c710d0e68c9c7db8cda7d1a278308de2b9642cc0, assignmentCommitHash=c710d0e68c9c7db8cda7d1a278308de2b9642cc0, testCommitHash=c710d0e68c9c7db8cda7d1a278308de2b9642cc0, branch=main, programmingLanguage=JAVA, projectType=PLAIN_GRADLE, scaEnabled=false, sequentialTestRunsEnabled=false, resultPaths=[/var/tmp/testing-dir/**/test-results/test/*.xml], timeoutSeconds=0, assignmentCheckoutPath=null, testCheckoutPath=null, solutionCheckoutPath=null, dockerRunConfig=null], submissionResult=ResultDTO[id=631, completionDate=2025-02-14T23:45:20.822527362Z[Etc/UTC], successful=false, score=0.0, rated=true, submission=SubmissionDTO[id=824, submitted=true, type=TEST, exampleSubmission=null, submissionDate=2025-02-14T23:45:20.791240Z, commitHash=c710d0e68c9c7db8cda7d1a278308de2b9642cc0, buildFailed=true, buildArtifact=false, participation=ParticipationDTO[id=1978, testRun=false, type=solution, submissionCount=null, exercise=ParticipationExerciseDTO[id=2591, exerciseType=PROGRAMMING, type=programming, assessmentType=AUTOMATIC, dueDate=2025-02-16T23:45:18.950569Z, assessmentDueDate=null, maxPoints=42.0, course=CourseDTO[id=974, accuracyOfScores=1]]], submissionExerciseType=programming, isProcessing=false, buildStartDate=null, estimatedCompletionDate=null], participation=ParticipationDTO[id=1978, testRun=false, type=solution, submissionCount=null, exercise=ParticipationExerciseDTO[id=2591, exerciseType=PROGRAMMING, type=programming, assessmentType=AUTOMATIC, dueDate=2025-02-16T23:45:18.950569Z, assessmentDueDate=null, maxPoints=42.0, course=CourseDTO[id=974, accuracyOfScores=1]]], feedbacks=[], assessmentType=AUTOMATIC, hasComplaint=null, exampleResult=null, testCaseCount=0, passedTestCaseCount=0, codeIssueCount=0]], BuildJobQueueItem[id=20061739576732554, name=SHORT94A899E303D7504C5D0840704DAAFA3DFF4DTSTEXC-LOCALVCCIINTINSTRUCTOR1, buildAgent=BuildAgentDTO[name=artemis-build-agent-test, memberAddress=[127.0.0.1]:5703, displayName=artemis-build-agent-test], participationId=2006, courseId=984, exerciseId=2601, retryCount=0, priority=2, status=SUCCESSFUL, repositoryInfo=RepositoryInfo[repositoryName=short94a899e303d7504c5d0840704daafa3dff4dtstexc-localvcciintinstructor1, repositoryType=user, triggeredByPushTo=user, assignmentRepositoryUri=http://localhost:49152/git/SHORT94A899E303D7504C5D0840704DAAFA3DFF4DTSTEXC/short94a899e303d7504c5d0840704daafa3dff4dtstexc-localvcciintinstructor1.git, testRepositoryUri=http://localhost:49152/git/SHORT94A899E303D7504C5D0840704DAAFA3DFF4DTSTEXC/short94a899e303d7504c5d0840704daafa3dff4dtstexc-tests.git, solutionRepositoryUri=null, auxiliaryRepositoryUris=[Ljava.lang.String;@7fdea1b7, auxiliaryRepositoryCheckoutDirectories=[Ljava.lang.String;@59acb534], jobTimingInfo=JobTimingInfo[submissionDate=2025-02-14T23:45:32.554795798Z[Etc/UTC], buildStartDate=2025-02-14T23:45:32.567287465Z[Etc/UTC], buildCompletionDate=2025-02-14T23:45:34.535226768Z[Etc/UTC], estimatedCompletionDate=2025-02-14T23:45:51.567257960Z[Etc/UTC], estimatedDuration=19], buildConfig=BuildConfig[buildScript=#!/bin/bash
cd /var/tmp/testing-dir
chmod +x ./gradlew
./gradlew clean test
, dockerImage=dummy-docker-image:latest, commitHashToBuild=ca2dbc0ae87edf7035058a6a17c0ea60e90a290f, assignmentCommitHash=ca2dbc0ae87edf7035058a6a17c0ea60e90a290f, testCommitHash=0207f6f98af5fbb66ad68455f3fc3cf128af8ae9, branch=main, programmingLanguage=JAVA, projectType=PLAIN_GRADLE, scaEnabled=false, sequentialTestRunsEnabled=false, resultPaths=[/var/tmp/testing-dir/**/test-results/test/*.xml], timeoutSeconds=0, assignmentCheckoutPath=null, testCheckoutPath=null, solutionCheckoutPath=null, dockerRunConfig=null], submissionResult=ResultDTO[id=632, completionDate=2025-02-14T23:45:34.504415716Z[Etc/UTC], successful=false, score=7.7, rated=false, submission=SubmissionDTO[id=826, submitted=true, type=MANUAL, exampleSubmission=null, submissionDate=2025-02-14T23:45:32.541533Z, commitHash=ca2dbc0ae87edf7035058a6a17c0ea60e90a290f, buildFailed=false, buildArtifact=false, participation=ParticipationDTO[id=2006, testRun=true, type=programming, submissionCount=null, exercise=ParticipationExerciseDTO[id=2601, exerciseType=PROGRAMMING, type=programming, assessmentType=AUTOMATIC, dueDate=2025-02-16T23:45:31.864042Z, assessmentDueDate=null, maxPoints=42.0, course=CourseDTO[id=984, accuracyOfScores=1]]], submissionExerciseType=programming, isProcessing=false, buildStartDate=null, estimatedCompletionDate=null], participation=ParticipationDTO[id=2006, testRun=true, type=programming, submissionCount=null, exercise=ParticipationExerciseDTO[id=2601, exerciseType=PROGRAMMING, type=programming, assessmentType=AUTOMATIC, dueDate=2025-02-16T23:45:31.864042Z, assessmentDueDate=null, maxPoints=42.0, course=CourseDTO[id=984, accuracyOfScores=1]]], feedbacks=[FeedbackDTO[id=920, text=null, detailText=The exercise expects a class with the name Context in the package testpackage. You did not implement the class in the exercise., hasLongFeedbackText=false, reference=null, credits=0.0, positive=false, type=AUTOMATIC, visibility=ALWAYS, testCase=TestCaseDTO[testName=null, id=1357]], FeedbackDTO[id=921, text=null, detailText=The exercise expects a class with the name Policy in the package testpackage. You did not implement the class in the exercise., hasLongFeedbackText=false, reference=null, credits=0.0, positive=false, type=AUTOMATIC, visibility=ALWAYS, testCase=TestCaseDTO[testName=null, id=1358]], FeedbackDTO[id=922, text=null, detailText=The exercise expects a class with the name SortStrategy in the package testpackage. You did not implement the class in the exercise., hasLongFeedbackText=false, reference=null, credits=0.0, positive=false, type=AUTOMATIC, visibility=ALWAYS, testCase=TestCaseDTO[testName=null, id=1359]], FeedbackDTO[id=923, text=null, detailText=The class 'MergeSort' does not implement the interface 'SortStrategy' as expected. Implement the interface and its methods., hasLongFeedbackText=false, reference=null, credits=0.0, positive=false, type=AUTOMATIC, visibility=ALWAYS, testCase=TestCaseDTO[testName=null, id=1354]], FeedbackDTO[id=924, text=null, detailText=The exercise expects a class with the name SortStrategy in the package testpackage. You did not implement the class in the exercise., hasLongFeedbackText=false, reference=null, credits=0.0, positive=false, type=AUTOMATIC, visibility=ALWAYS, testCase=TestCaseDTO[testName=null, id=1351]], FeedbackDTO[id=925, text=null, detailText=The class 'BubbleSort' does not implement the interface 'SortStrategy' as expected. Implement the interface and its methods., hasLongFeedbackText=false, reference=null, credits=0.0, positive=false, type=AUTOMATIC, visibility=ALWAYS, testCase=TestCaseDTO[testName=null, id=1355]], FeedbackDTO[id=926, text=null, detailText=MergeSort does not sort correctly, hasLongFeedbackText=false, reference=null, credits=0.0, positive=false, type=AUTOMATIC, visibility=ALWAYS, testCase=TestCaseDTO[testName=null, id=1360]], FeedbackDTO[id=927, text=null, detailText=The class 'Context' was not found within the submission. Make sure to implement it properly., hasLongFeedbackText=false, reference=null, credits=0.0, positive=false, type=AUTOMATIC, visibility=ALWAYS, testCase=TestCaseDTO[testName=null, id=1361]], FeedbackDTO[id=928, text=null, detailText=The class 'Context' was not found within the submission. Make sure to implement it properly., hasLongFeedbackText=false, reference=null, credits=0.0, positive=false, type=AUTOMATIC, visibility=ALWAYS, testCase=TestCaseDTO[testName=null, id=1362]], FeedbackDTO[id=929, text=null, detailText=The exercise expects a class with the name Policy in the package testpackage. You did not implement the class in the exercise., hasLongFeedbackText=false, reference=null, credits=0.0, positive=false, type=AUTOMATIC, visibility=ALWAYS, testCase=TestCaseDTO[testName=null, id=1356]], FeedbackDTO[id=930, text=null, detailText=The exercise expects a class with the name Context in the package testpackage. You did not implement the class in the exercise., hasLongFeedbackText=false, reference=null, credits=0.0, positive=false, type=AUTOMATIC, visibility=ALWAYS, testCase=TestCaseDTO[testName=null, id=1352]], FeedbackDTO[id=931, text=null, detailText=The exercise expects a class with the name Policy in the package testpackage. You did not implement the class in the exercise., hasLongFeedbackText=false, reference=null, credits=0.0, positive=false, type=AUTOMATIC, visibility=ALWAYS, testCase=TestCaseDTO[testName=null, id=1353]], FeedbackDTO[id=932, text=null, detailText=null, hasLongFeedbackText=false, reference=null, credits=3.230769230769231, positive=true, type=AUTOMATIC, visibility=ALWAYS, testCase=TestCaseDTO[testName=null, id=1363]]], assessmentType=AUTOMATIC, hasComplaint=null, exampleResult=null, testCaseCount=13, passedTestCaseCount=1, codeIssueCount=0]], BuildJobQueueItem[id=20111739576737317, name=SHORTD49A6DAE04F9E049850BD5601663FD17A5B7TSTEXC-BASE, buildAgent=BuildAgentDTO[name=artemis-build-agent-test, memberAddress=[127.0.0.1]:5703, displayName=artemis-build-agent-test], participationId=2011, courseId=986, exerciseId=2603, retryCount=0, priority=2, status=SUCCESSFUL, repositoryInfo=RepositoryInfo[repositoryName=shortd49a6dae04f9e049850bd5601663fd17a5b7tstexc-exercise, repositoryType=exercise, triggeredByPushTo=exercise, assignmentRepositoryUri=http://localhost:49152/git/SHORTD49A6DAE04F9E049850BD5601663FD17A5B7TSTEXC/shortd49a6dae04f9e049850bd5601663fd17a5b7tstexc-exercise.git, testRepositoryUri=http://localhost:49152/git/SHORTD49A6DAE04F9E049850BD5601663FD17A5B7TSTEXC/shortd49a6dae04f9e049850bd5601663fd17a5b7tstexc-tests.git, solutionRepositoryUri=null, auxiliaryRepositoryUris=[Ljava.lang.String;@1163f439, auxiliaryRepositoryCheckoutDirectories=[Ljava.lang.String;@3d0dfa77], jobTimingInfo=JobTimingInfo[submissionDate=2025-02-14T23:45:37.317968648Z[Etc/UTC], buildStartDate=2025-02-14T23:45:37.324534774Z[Etc/UTC], buildCompletionDate=2025-02-14T23:45:38.527225461Z[Etc/UTC], estimatedCompletionDate=2025-02-14T23:45:56.324506331Z[Etc/UTC], estimatedDuration=19], buildConfig=BuildConfig[buildScript=#!/bin/bash
cd /var/tmp/testing-dir
chmod +x ./gradlew
./gradlew clean test
, dockerImage=dummy-docker-image:latest, commitHashToBuild=c795243c185829bbefa399f45dcbcfac22311b2f, assignmentCommitHash=c795243c185829bbefa399f45dcbcfac22311b2f, testCommitHash=fa8b162170bf767d852e05e0eb7a128efa2e1f34, branch=main, programmingLanguage=JAVA, projectType=PLAIN_GRADLE, scaEnabled=false, sequentialTestRunsEnabled=false, resultPaths=[/var/tmp/testing-dir/**/test-results/test/*.xml], timeoutSeconds=0, assignmentCheckoutPath=null, testCheckoutPath=null, solutionCheckoutPath=null, dockerRunConfig=null], submissionResult=ResultDTO[id=633, completionDate=2025-02-14T23:45:38.476795726Z[Etc/UTC], successful=false, score=0.0, rated=true, submission=SubmissionDTO[id=827, submitted=true, type=MANUAL, exampleSubmission=null, submissionDate=2025-02-14T23:45:37.303401Z, commitHash=c795243c185829bbefa399f45dcbcfac22311b2f, buildFailed=false, buildArtifact=false, participation=ParticipationDTO[id=2011, testRun=false, type=template, submissionCount=null, exercise=ParticipationExerciseDTO[id=2603, exerciseType=PROGRAMMING, type=programming, assessmentType=AUTOMATIC, dueDate=2025-02-16T23:45:36.830269Z, assessmentDueDate=null, maxPoints=42.0, course=CourseDTO[id=986, accuracyOfScores=1]]], submissionExerciseType=programming, isProcessing=false, buildStartDate=null, estimatedCompletionDate=null], participation=ParticipationDTO[id=2011, testRun=false, type=template, submissionCount=null, exercise=ParticipationExerciseDTO[id=2603, exerciseType=PROGRAMMING, type=programming, assessmentType=AUTOMATIC, dueDate=2025-02-16T23:45:36.830269Z, assessmentDueDate=null, maxPoints=42.0, course=CourseDTO[id=986, accuracyOfScores=1]]], feedbacks=[FeedbackDTO[id=933, text=null, detailText=The exercise expects a class with the name Context in the package testpackage. You did not implement the class in the exercise., hasLongFeedbackText=false, reference=null, credits=0.0, positive=false, type=AUTOMATIC, visibility=ALWAYS, testCase=TestCaseDTO[testName=testMethods[Context], id=1383]], FeedbackDTO[id=934, text=null, detailText=The exercise expects a class with the name Policy in the package testpackage. You did not implement the class in the exercise., hasLongFeedbackText=false, reference=null, credits=0.0, positive=false, type=AUTOMATIC, visibility=ALWAYS, testCase=TestCaseDTO[testName=testMethods[Policy], id=1384]], FeedbackDTO[id=935, text=null, detailText=The exercise expects a class with the name SortStrategy in the package testpackage. You did not implement the class in the exercise., hasLongFeedbackText=false, reference=null, credits=0.0, positive=false, type=AUTOMATIC, visibility=ALWAYS, testCase=TestCaseDTO[testName=testMethods[SortStrategy], id=1385]], FeedbackDTO[id=936, text=null, detailText=The class 'MergeSort' does not implement the interface 'SortStrategy' as expected. Implement the interface and its methods., hasLongFeedbackText=false, reference=null, credits=0.0, positive=false, type=AUTOMATIC, visibility=ALWAYS, testCase=TestCaseDTO[testName=testClass[MergeSort], id=1380]], FeedbackDTO[id=937, text=null, detailText=The exercise expects a class with the name SortStrategy in the package testpackage. You did not implement the class in the exercise., hasLongFeedbackText=false, reference=null, credits=0.0, positive=false, type=AUTOMATIC, visibility=ALWAYS, testCase=TestCaseDTO[testName=testClass[SortStrategy], id=1377]], FeedbackDTO[id=938, text=null, detailText=The class 'BubbleSort' does not implement the interface 'SortStrategy' as expected. Implement the interface and its methods., hasLongFeedbackText=false, reference=null, credits=0.0, positive=false, type=AUTOMATIC, visibility=ALWAYS, testCase=TestCaseDTO[testName=testClass[BubbleSort], id=1381]], FeedbackDTO[id=939, text=null, detailText=MergeSort does not sort correctly, hasLongFeedbackText=false, reference=null, credits=0.0, positive=false, type=AUTOMATIC, visibility=ALWAYS, testCase=TestCaseDTO[testName=testMergeSort(), id=1386]], FeedbackDTO[id=940, text=null, detailText=The class 'Context' was not found within the submission. Make sure to implement it properly., hasLongFeedbackText=false, reference=null, credits=0.0, positive=false, type=AUTOMATIC, visibility=ALWAYS, testCase=TestCaseDTO[testName=testUseBubbleSortForSmallList(), id=1387]], FeedbackDTO[id=941, text=null, detailText=BubbleSort does not sort correctly, hasLongFeedbackText=false, reference=null, credits=0.0, positive=false, type=AUTOMATIC, visibility=ALWAYS, testCase=TestCaseDTO[testName=testBubbleSort(), id=1389]], FeedbackDTO[id=942, text=null, detailText=The class 'Context' was not found within the submission. Make sure to implement it properly., hasLongFeedbackText=false, reference=null, credits=0.0, positive=false, type=AUTOMATIC, visibility=ALWAYS, testCase=TestCaseDTO[testName=testUseMergeSortForBigList(), id=1388]], FeedbackDTO[id=943, text=null, detailText=The exercise expects a class with the name Policy in the package testpackage. You did not implement the class in the exercise., hasLongFeedbackText=false, reference=null, credits=0.0, positive=false, type=AUTOMATIC, visibility=ALWAYS, testCase=TestCaseDTO[testName=testConstructors[Policy], id=1382]], FeedbackDTO[id=944, text=null, detailText=The exercise expects a class with the name Context in the package testpackage. You did not implement the class in the exercise., hasLongFeedbackText=false, reference=null, credits=0.0, positive=false, type=AUTOMATIC, visibility=ALWAYS, testCase=TestCaseDTO[testName=testAttributes[Context], id=1378]], FeedbackDTO[id=945, text=null, detailText=The exercise expects a class with the name Policy in the package testpackage. You did not implement the class in the exercise., hasLongFeedbackText=false, reference=null, credits=0.0, positive=false, type=AUTOMATIC, visibility=ALWAYS, testCase=TestCaseDTO[testName=testAttributes[Policy], id=1379]]], assessmentType=AUTOMATIC, hasComplaint=null, exampleResult=null, testCaseCount=13, passedTestCaseCount=0, codeIssueCount=0]], BuildJobQueueItem[id=20171739576740018, name=SHORT7914AFA00ADC3047140B99D01AC07810CE44TSTEXC-LOCALVCCIINTSTUDENT1, buildAgent=BuildAgentDTO[name=artemis-build-agent-test, memberAddress=[127.0.0.1]:5703, displayName=artemis-build-agent-test], participationId=2017, courseId=988, exerciseId=2605, retryCount=0, priority=2, status=SUCCESSFUL, repositoryInfo=RepositoryInfo[repositoryName=short7914afa00adc3047140b99d01ac07810ce44tstexc-practice-localvcciintstudent1, repositoryType=user, triggeredByPushTo=user, assignmentRepositoryUri=http://localhost:49152/git/SHORT7914AFA00ADC3047140B99D01AC07810CE44TSTEXC/short7914afa00adc3047140b99d01ac07810ce44tstexc-practice-localvcciintstudent1.git, testRepositoryUri=http://localhost:49152/git/SHORT7914AFA00ADC3047140B99D01AC07810CE44TSTEXC/short7914afa00adc3047140b99d01ac07810ce44tstexc-tests.git, solutionRepositoryUri=null, auxiliaryRepositoryUris=[Ljava.lang.String;@37543778, auxiliaryRepositoryCheckoutDirectories=[Ljava.lang.String;@bed31b3], jobTimingInfo=JobTimingInfo[submissionDate=2025-02-14T23:45:40.018961253Z[Etc/UTC], buildStartDate=2025-02-14T23:45:40.029742701Z[Etc/UTC], buildCompletionDate=2025-02-14T23:45:41.150208242Z[Etc/UTC], estimatedCompletionDate=2025-02-14T23:45:59.029734065Z[Etc/UTC], estimatedDuration=19], buildConfig=BuildConfig[buildScript=#!/bin/bash
cd /var/tmp/testing-dir
chmod +x ./gradlew
./gradlew clean test
, dockerImage=dummy-docker-image:latest, commitHashToBuild=d80b57877989b971e83ccdb4863c8a7023c76266, assignmentCommitHash=d80b57877989b971e83ccdb4863c8a7023c76266, testCommitHash=327b116890c92b1312314341f43f21ef13ecf7d7, branch=main, programmingLanguage=JAVA, projectType=PLAIN_GRADLE, scaEnabled=false, sequentialTestRunsEnabled=false, resultPaths=[/var/tmp/testing-dir/**/test-results/test/*.xml], timeoutSeconds=0, assignmentCheckoutPath=null, testCheckoutPath=null, solutionCheckoutPath=null, dockerRunConfig=null], submissionResult=ResultDTO[id=634, completionDate=2025-02-14T23:45:41.120192603Z[Etc/UTC], successful=false, score=7.7, rated=false, submission=SubmissionDTO[id=828, submitted=true, type=MANUAL, exampleSubmission=null, submissionDate=2025-02-14T23:45:40.008666Z, commitHash=d80b57877989b971e83ccdb4863c8a7023c76266, buildFailed=false, buildArtifact=false, participation=ParticipationDTO[id=2017, testRun=true, type=programming, submissionCount=null, exercise=ParticipationExerciseDTO[id=2605, exerciseType=PROGRAMMING, type=programming, assessmentType=AUTOMATIC, dueDate=2025-02-16T23:45:39.523500Z, assessmentDueDate=null, maxPoints=42.0, course=CourseDTO[id=988, accuracyOfScores=1]]], submissionExerciseType=programming, isProcessing=false, buildStartDate=null, estimatedCompletionDate=null], participation=ParticipationDTO[id=2017, testRun=true, type=programming, submissionCount=null, exercise=ParticipationExerciseDTO[id=2605, exerciseType=PROGRAMMING, type=programming, assessmentType=AUTOMATIC, dueDate=2025-02-16T23:45:39.523500Z, assessmentDueDate=null, maxPoints=42.0, course=CourseDTO[id=988, accuracyOfScores=1]]], feedbacks=[FeedbackDTO[id=946, text=null, detailText=The exercise expects a class with the name Context in the package testpackage. You did not implement the class in the exercise., hasLongFeedbackText=false, reference=null, credits=0.0, positive=false, type=AUTOMATIC, visibility=ALWAYS, testCase=TestCaseDTO[testName=null, id=1409]], FeedbackDTO[id=947, text=null, detailText=The exercise expects a class with the name Policy in the package testpackage. You did not implement the class in the exercise., hasLongFeedbackText=false, reference=null, credits=0.0, positive=false, type=AUTOMATIC, visibility=ALWAYS, testCase=TestCaseDTO[testName=null, id=1410]], FeedbackDTO[id=948, text=null, detailText=The exercise expects a class with the name SortStrategy in the package testpackage. You did not implement the class in the exercise., hasLongFeedbackText=false, reference=null, credits=0.0, positive=false, type=AUTOMATIC, visibility=ALWAYS, testCase=TestCaseDTO[testName=null, id=1411]], FeedbackDTO[id=949, text=null, detailText=The class 'MergeSort' does not implement the interface 'SortStrategy' as expected. Implement the interface and its methods., hasLongFeedbackText=false, reference=null, credits=0.0, positive=false, type=AUTOMATIC, visibility=ALWAYS, testCase=TestCaseDTO[testName=null, id=1406]], FeedbackDTO[id=950, text=null, detailText=The exercise expects a class with the name SortStrategy in the package testpackage. You did not implement the class in the exercise., hasLongFeedbackText=false, reference=null, credits=0.0, positive=false, type=AUTOMATIC, visibility=ALWAYS, testCase=TestCaseDTO[testName=null, id=1403]], FeedbackDTO[id=951, text=null, detailText=The class 'BubbleSort' does not implement the interface 'SortStrategy' as expected. Implement the interface and its methods., hasLongFeedbackText=false, reference=null, credits=0.0, positive=false, type=AUTOMATIC, visibility=ALWAYS, testCase=TestCaseDTO[testName=null, id=1407]], FeedbackDTO[id=952, text=null, detailText=MergeSort does not sort correctly, hasLongFeedbackText=false, reference=null, credits=0.0, positive=false, type=AUTOMATIC, visibility=ALWAYS, testCase=TestCaseDTO[testName=null, id=1412]], FeedbackDTO[id=953, text=null, detailText=The class 'Context' was not found within the submission. Make sure to implement it properly., hasLongFeedbackText=false, reference=null, credits=0.0, positive=false, type=AUTOMATIC, visibility=ALWAYS, testCase=TestCaseDTO[testName=null, id=1413]], FeedbackDTO[id=954, text=null, detailText=The class 'Context' was not found within the submission. Make sure to implement it properly., hasLongFeedbackText=false, reference=null, credits=0.0, positive=false, type=AUTOMATIC, visibility=ALWAYS, testCase=TestCaseDTO[testName=null, id=1414]], FeedbackDTO[id=955, text=null, detailText=The exercise expects a class with the name Policy in the package testpackage. You did not implement the class in the exercise., hasLongFeedbackText=false, reference=null, credits=0.0, positive=false, type=AUTOMATIC, visibility=ALWAYS, testCase=TestCaseDTO[testName=null, id=1408]], FeedbackDTO[id=956, text=null, detailText=The exercise expects a class with the name Context in the package testpackage. You did not implement the class in the exercise., hasLongFeedbackText=false, reference=null, credits=0.0, positive=false, type=AUTOMATIC, visibility=ALWAYS, testCase=TestCaseDTO[testName=null, id=1404]], FeedbackDTO[id=957, text=null, detailText=The exercise expects a class with the name Policy in the package testpackage. You did not implement the class in the exercise., hasLongFeedbackText=false, reference=null, credits=0.0, positive=false, type=AUTOMATIC, visibility=ALWAYS, testCase=TestCaseDTO[testName=null, id=1405]], FeedbackDTO[id=958, text=null, detailText=null, hasLongFeedbackText=false, reference=null, credits=3.230769230769231, positive=true, type=AUTOMATIC, visibility=ALWAYS, testCase=TestCaseDTO[testName=null, id=1415]]], assessmentType=AUTOMATIC, hasComplaint=null, exampleResult=null, testCaseCount=13, passedTestCaseCount=1, codeIssueCount=0]], BuildJobQueueItem[id=20261739576743984, name=SHORT53C73BE505404043100AC2F00C039353CE8FTSTEXC-LOCALVCCIINTSTUDENT1, buildAgent=BuildAgentDTO[name=artemis-build-agent-test, memberAddress=[127.0.0.1]:5703, displayName=artemis-build-agent-test], participationId=2026, courseId=991, exerciseId=2608, retryCount=0, priority=1, status=SUCCESSFUL, repositoryInfo=RepositoryInfo[repositoryName=short53c73be505404043100ac2f00c039353ce8ftstexc-localvcciintstudent1, repositoryType=user, triggeredByPushTo=user, assignmentRepositoryUri=http://localhost:49152/git/SHORT53C73BE505404043100AC2F00C039353CE8FTSTEXC/short53c73be505404043100ac2f00c039353ce8ftstexc-localvcciintstudent1.git, testRepositoryUri=http://localhost:49152/git/SHORT53C73BE505404043100AC2F00C039353CE8FTSTEXC/short53c73be505404043100ac2f00c039353ce8ftstexc-tests.git, solutionRepositoryUri=null, auxiliaryRepositoryUris=[Ljava.lang.String;@5a1cecb, auxiliaryRepositoryCheckoutDirectories=[Ljava.lang.String;@572d424a], jobTimingInfo=JobTimingInfo[submissionDate=2025-02-14T23:45:43.984518859Z[Etc/UTC], buildStartDate=2025-02-14T23:45:43.991385682Z[Etc/UTC], buildCompletionDate=2025-02-14T23:45:44.982059928Z[Etc/UTC], estimatedCompletionDate=2025-02-14T23:46:02.991380122Z[Etc/UTC], estimatedDuration=19], buildConfig=BuildConfig[buildScript=#!/bin/bash
cd /var/tmp/testing-dir
chmod +x ./gradlew
./gradlew clean test
, dockerImage=dummy-docker-image:latest, commitHashToBuild=3e90ae9fef2e44ffb41451a080bdaa6a44ad6848, assignmentCommitHash=3e90ae9fef2e44ffb41451a080bdaa6a44ad6848, testCommitHash=0582754c87aae13e640312855ce7dbe490ecb50c, branch=main, programmingLanguage=JAVA, projectType=PLAIN_GRADLE, scaEnabled=false, sequentialTestRunsEnabled=false, resultPaths=[/var/tmp/testing-dir/**/test-results/test/*.xml], timeoutSeconds=0, assignmentCheckoutPath=null, testCheckoutPath=null, solutionCheckoutPath=null, dockerRunConfig=null], submissionResult=ResultDTO[id=635, completionDate=2025-02-14T23:45:44.961313737Z[Etc/UTC], successful=false, score=7.7, rated=true, submission=SubmissionDTO[id=829, submitted=true, type=MANUAL, exampleSubmission=null, submissionDate=2025-02-14T23:45:43.967766Z, commitHash=3e90ae9fef2e44ffb41451a080bdaa6a44ad6848, buildFailed=false, buildArtifact=false, participation=ParticipationDTO[id=2026, testRun=false, type=programming, submissionCount=null, exercise=ParticipationExerciseDTO[id=2608, exerciseType=PROGRAMMING, type=programming, assessmentType=AUTOMATIC, dueDate=2025-02-16T23:45:43.597978Z, assessmentDueDate=null, maxPoints=42.0, course=CourseDTO[id=991, accuracyOfScores=1]]], submissionExerciseType=programming, isProcessing=false, buildStartDate=null, estimatedCompletionDate=null], participation=ParticipationDTO[id=2026, testRun=false, type=programming, submissionCount=null, exercise=ParticipationExerciseDTO[id=2608, exerciseType=PROGRAMMING, type=programming, assessmentType=AUTOMATIC, dueDate=2025-02-16T23:45:43.597978Z, assessmentDueDate=null, maxPoints=42.0, course=CourseDTO[id=991, accuracyOfScores=1]]], feedbacks=[FeedbackDTO[id=959, text=null, detailText=The exercise expects a class with the name Context in the package testpackage. You did not implement the class in the exercise., hasLongFeedbackText=false, reference=null, credits=0.0, positive=false, type=AUTOMATIC, visibility=ALWAYS, testCase=TestCaseDTO[testName=null, id=1448]], FeedbackDTO[id=960, text=null, detailText=The exercise expects a class with the name Policy in the package testpackage. You did not implement the class in the exercise., hasLongFeedbackText=false, reference=null, credits=0.0, positive=false, type=AUTOMATIC, visibility=ALWAYS, testCase=TestCaseDTO[testName=null, id=1449]], FeedbackDTO[id=961, text=null, detailText=The exercise expects a class with the name SortStrategy in the package testpackage. You did not implement the class in the exercise., hasLongFeedbackText=false, reference=null, credits=0.0, positive=false, type=AUTOMATIC, visibility=ALWAYS, testCase=TestCaseDTO[testName=null, id=1450]], FeedbackDTO[id=962, text=null, detailText=The class 'MergeSort' does not implement the interface 'SortStrategy' as expected. Implement the interface and its methods., hasLongFeedbackText=false, reference=null, credits=0.0, positive=false, type=AUTOMATIC, visibility=ALWAYS, testCase=TestCaseDTO[testName=null, id=1445]], FeedbackDTO[id=963, text=null, detailText=The exercise expects a class with the name SortStrategy in the package testpackage. You did not implement the class in the exercise., hasLongFeedbackText=false, reference=null, credits=0.0, positive=false, type=AUTOMATIC, visibility=ALWAYS, testCase=TestCaseDTO[testName=null, id=1442]], FeedbackDTO[id=964, text=null, detailText=The class 'BubbleSort' does not implement the interface 'SortStrategy' as expected. Implement the interface and its methods., hasLongFeedbackText=false, reference=null, credits=0.0, positive=false, type=AUTOMATIC, visibility=ALWAYS, testCase=TestCaseDTO[testName=null, id=1446]], FeedbackDTO[id=965, text=null, detailText=MergeSort does not sort correctly, hasLongFeedbackText=false, reference=null, credits=0.0, positive=false, type=AUTOMATIC, visibility=ALWAYS, testCase=TestCaseDTO[testName=null, id=1451]], FeedbackDTO[id=966, text=null, detailText=The class 'Context' was not found within the submission. Make sure to implement it properly., hasLongFeedbackText=false, reference=null, credits=0.0, positive=false, type=AUTOMATIC, visibility=ALWAYS, testCase=TestCaseDTO[testName=null, id=1452]], FeedbackDTO[id=967, text=null, detailText=The class 'Context' was not found within the submission. Make sure to implement it properly., hasLongFeedbackText=false, reference=null, credits=0.0, positive=false, type=AUTOMATIC, visibility=ALWAYS, testCase=TestCaseDTO[testName=null, id=1453]], FeedbackDTO[id=968, text=null, detailText=The exercise expects a class with the name Policy in the package testpackage. You did not implement the class in the exercise., hasLongFeedbackText=false, reference=null, credits=0.0, positive=false, type=AUTOMATIC, visibility=ALWAYS, testCase=TestCaseDTO[testName=null, id=1447]], FeedbackDTO[id=969, text=null, detailText=The exercise expects a class with the name Context in the package testpackage. You did not implement the class in the exercise., hasLongFeedbackText=false, reference=null, credits=0.0, positive=false, type=AUTOMATIC, visibility=ALWAYS, testCase=TestCaseDTO[testName=null, id=1443]], FeedbackDTO[id=970, text=null, detailText=The exercise expects a class with the name Policy in the package testpackage. You did not implement the class in the exercise., hasLongFeedbackText=false, reference=null, credits=0.0, positive=false, type=AUTOMATIC, visibility=ALWAYS, testCase=TestCaseDTO[testName=null, id=1444]], FeedbackDTO[id=971, text=null, detailText=null, hasLongFeedbackText=false, reference=null, credits=3.230769230769231, positive=true, type=AUTOMATIC, visibility=ALWAYS, testCase=TestCaseDTO[testName=null, id=1454]]], assessmentType=AUTOMATIC, hasComplaint=null, exampleResult=null, testCaseCount=13, passedTestCaseCount=1, codeIssueCount=0]], BuildJobQueueItem[id=20271739576746886, name=SHORT0FC863930E92904248098A506171F81CF6CFTSTEXC-SOLUTION, buildAgent=BuildAgentDTO[name=artemis-build-agent-test, memberAddress=[127.0.0.1]:5703, displayName=artemis-build-agent-test], participationId=2027, courseId=992, exerciseId=2609, retryCount=0, priority=2, status=SUCCESSFUL, repositoryInfo=RepositoryInfo[repositoryName=short0fc863930e92904248098a506171f81cf6cftstexc-solution, repositoryType=solution, triggeredByPushTo=auxiliary, assignmentRepositoryUri=http://localhost:49152/git/SHORT0FC863930E92904248098A506171F81CF6CFTSTEXC/short0fc863930e92904248098a506171f81cf6cftstexc-solution.git, testRepositoryUri=http://localhost:49152/git/SHORT0FC863930E92904248098A506171F81CF6CFTSTEXC/short0fc863930e92904248098a506171f81cf6cftstexc-tests.git, solutionRepositoryUri=null, auxiliaryRepositoryUris=[Ljava.lang.String;@41d44020, auxiliaryRepositoryCheckoutDirectories=[Ljava.lang.String;@23d69100], jobTimingInfo=JobTimingInfo[submissionDate=2025-02-14T23:45:46.886984066Z[Etc/UTC], buildStartDate=2025-02-14T23:45:46.897709578Z[Etc/UTC], buildCompletionDate=2025-02-14T23:45:48.628460156Z[Etc/UTC], estimatedCompletionDate=2025-02-14T23:46:05.897701272Z[Etc/UTC], estimatedDuration=19], buildConfig=BuildConfig[buildScript=#!/bin/bash
cd /var/tmp/testing-dir
chmod +x ./gradlew
./gradlew clean test
, dockerImage=dummy-docker-image:latest, commitHashToBuild=null, assignmentCommitHash=115a2e943bee242fdad360b50d8ad5f30792577e, testCommitHash=9b3a9bd71a0d80e5bbc42204c319ed3d1d4f0d6d, branch=main, programmingLanguage=JAVA, projectType=PLAIN_GRADLE, scaEnabled=false, sequentialTestRunsEnabled=false, resultPaths=[/var/tmp/testing-dir/**/test-results/test/*.xml], timeoutSeconds=0, assignmentCheckoutPath=null, testCheckoutPath=null, solutionCheckoutPath=null, dockerRunConfig=null], submissionResult=ResultDTO[id=636, completionDate=2025-02-14T23:45:48.593370968Z[Etc/UTC], successful=true, score=100.0, rated=true, submission=SubmissionDTO[id=830, submitted=true, type=TEST, exampleSubmission=null, submissionDate=2025-02-14T23:45:46.873671Z, commitHash=9b3a9bd71a0d80e5bbc42204c319ed3d1d4f0d6d, buildFailed=false, buildArtifact=false, participation=ParticipationDTO[id=2027, testRun=false, type=solution, submissionCount=null, exercise=ParticipationExerciseDTO[id=2609, exerciseType=PROGRAMMING, type=programming, assessmentType=AUTOMATIC, dueDate=2025-02-16T23:45:46.386304Z, assessmentDueDate=null, maxPoints=42.0, course=CourseDTO[id=992, accuracyOfScores=1]]], submissionExerciseType=programming, isProcessing=false, buildStartDate=null, estimatedCompletionDate=null], participation=ParticipationDTO[id=2027, testRun=false, type=solution, submissionCount=null, exercise=ParticipationExerciseDTO[id=2609, exerciseType=PROGRAMMING, type=programming, assessmentType=AUTOMATIC, dueDate=2025-02-16T23:45:46.386304Z, assessmentDueDate=null, maxPoints=42.0, course=CourseDTO[id=992, accuracyOfScores=1]]], feedbacks=[FeedbackDTO[id=972, text=null, detailText=null, hasLongFeedbackText=false, reference=null, credits=3.230769230769231, positive=true, type=AUTOMATIC, visibility=ALWAYS, testCase=TestCaseDTO[testName=testMethods[Context], id=1461]], FeedbackDTO[id=973, text=null, detailText=null, hasLongFeedbackText=false, reference=null, credits=3.230769230769231, positive=true, type=AUTOMATIC, visibility=ALWAYS, testCase=TestCaseDTO[testName=testMethods[Policy], id=1462]], FeedbackDTO[id=974, text=null, detailText=null, hasLongFeedbackText=false, reference=null, credits=3.230769230769231, positive=true, type=AUTOMATIC, visibility=ALWAYS, testCase=TestCaseDTO[testName=testMethods[SortStrategy], id=1463]], FeedbackDTO[id=975, text=null, detailText=null, hasLongFeedbackText=false, reference=null, credits=3.230769230769231, positive=true, type=AUTOMATIC, visibility=ALWAYS, testCase=TestCaseDTO[testName=testClass[MergeSort], id=1458]], FeedbackDTO[id=976, text=null, detailText=null, hasLongFeedbackText=false, reference=null, credits=3.230769230769231, positive=true, type=AUTOMATIC, visibility=ALWAYS, testCase=TestCaseDTO[testName=testClass[SortStrategy], id=1455]], FeedbackDTO[id=977, text=null, detailText=null, hasLongFeedbackText=false, reference=null, credits=3.230769230769231, positive=true, type=AUTOMATIC, visibility=ALWAYS, testCase=TestCaseDTO[testName=testClass[BubbleSort], id=1459]], FeedbackDTO[id=978, text=null, detailText=null, hasLongFeedbackText=false, reference=null, credits=3.230769230769231, positive=true, type=AUTOMATIC, visibility=ALWAYS, testCase=TestCaseDTO[testName=testMergeSort(), id=1464]], FeedbackDTO[id=979, text=null, detailText=null, hasLongFeedbackText=false, reference=null, credits=3.230769230769231, positive=true, type=AUTOMATIC, visibility=ALWAYS, testCase=TestCaseDTO[testName=testUseBubbleSortForSmallList(), id=1465]], FeedbackDTO[id=980, text=null, detailText=null, hasLongFeedbackText=false, reference=null, credits=3.230769230769231, positive=true, type=AUTOMATIC, visibility=ALWAYS, testCase=TestCaseDTO[testName=testBubbleSort(), id=1467]], FeedbackDTO[id=981, text=null, detailText=null, hasLongFeedbackText=false, reference=null, credits=3.230769230769231, positive=true, type=AUTOMATIC, visibility=ALWAYS, testCase=TestCaseDTO[testName=testUseMergeSortForBigList(), id=1466]], FeedbackDTO[id=982, text=null, detailText=null, hasLongFeedbackText=false, reference=null, credits=3.230769230769231, positive=true, type=AUTOMATIC, visibility=ALWAYS, testCase=TestCaseDTO[testName=testConstructors[Policy], id=1460]], FeedbackDTO[id=983, text=null, detailText=null, hasLongFeedbackText=false, reference=null, credits=3.230769230769231, positive=true, type=AUTOMATIC, visibility=ALWAYS, testCase=TestCaseDTO[testName=testAttributes[Context], id=1456]], FeedbackDTO[id=984, text=null, detailText=null, hasLongFeedbackText=false, reference=null, credits=3.230769230769231, positive=true, type=AUTOMATIC, visibility=ALWAYS, testCase=TestCaseDTO[testName=testAttributes[Policy], id=1457]]], assessmentType=AUTOMATIC, hasComplaint=null, exampleResult=null, testCaseCount=13, passedTestCaseCount=13, codeIssueCount=0]], BuildJobQueueItem[id=20281739576748768, name=SHORT0FC863930E92904248098A506171F81CF6CFTSTEXC-BASE, buildAgent=BuildAgentDTO[name=artemis-build-agent-test, memberAddress=[127.0.0.1]:5703, displayName=artemis-build-agent-test], participationId=2028, courseId=992, exerciseId=2609, retryCount=0, priority=2, status=SUCCESSFUL, repositoryInfo=RepositoryInfo[repositoryName=short0fc863930e92904248098a506171f81cf6cftstexc-exercise, repositoryType=exercise, triggeredByPushTo=auxiliary, assignmentRepositoryUri=http://localhost:49152/git/SHORT0FC863930E92904248098A506171F81CF6CFTSTEXC/short0fc863930e92904248098a506171f81cf6cftstexc-exercise.git, testRepositoryUri=http://localhost:49152/git/SHORT0FC863930E92904248098A506171F81CF6CFTSTEXC/short0fc863930e92904248098a506171f81cf6cftstexc-tests.git, solutionRepositoryUri=null, auxiliaryRepositoryUris=[Ljava.lang.String;@288ac427, auxiliaryRepositoryCheckoutDirectories=[Ljava.lang.String;@1508ec6e], jobTimingInfo=JobTimingInfo[submissionDate=2025-02-14T23:45:48.768063548Z[Etc/UTC], buildStartDate=2025-02-14T23:45:48.802531989Z[Etc/UTC], buildCompletionDate=2025-02-14T23:45:50.482681367Z[Etc/UTC], estimatedCompletionDate=2025-02-14T23:45:50.802523092Z[Etc/UTC], estimatedDuration=2], buildConfig=BuildConfig[buildScript=#!/bin/bash
cd /var/tmp/testing-dir
chmod +x ./gradlew
./gradlew clean test
, dockerImage=dummy-docker-image:latest, commitHashToBuild=9b3a9bd71a0d80e5bbc42204c319ed3d1d4f0d6d, assignmentCommitHash=115a2e943bee242fdad360b50d8ad5f30792577e, testCommitHash=9b3a9bd71a0d80e5bbc42204c319ed3d1d4f0d6d, branch=main, programmingLanguage=JAVA, projectType=PLAIN_GRADLE, scaEnabled=false, sequentialTestRunsEnabled=false, resultPaths=[/var/tmp/testing-dir/**/test-results/test/*.xml], timeoutSeconds=0, assignmentCheckoutPath=null, testCheckoutPath=null, solutionCheckoutPath=null, dockerRunConfig=null], submissionResult=ResultDTO[id=637, completionDate=2025-02-14T23:45:50.449084694Z[Etc/UTC], successful=false, score=0.0, rated=true, submission=SubmissionDTO[id=831, submitted=true, type=TEST, exampleSubmission=null, submissionDate=2025-02-14T23:45:48.761177Z, commitHash=9b3a9bd71a0d80e5bbc42204c319ed3d1d4f0d6d, buildFailed=false, buildArtifact=false, participation=ParticipationDTO[id=2028, testRun=false, type=template, submissionCount=null, exercise=ParticipationExerciseDTO[id=2609, exerciseType=PROGRAMMING, type=programming, assessmentType=AUTOMATIC, dueDate=2025-02-16T23:45:46.386304Z, assessmentDueDate=null, maxPoints=42.0, course=CourseDTO[id=992, accuracyOfScores=1]]], submissionExerciseType=programming, isProcessing=false, buildStartDate=null, estimatedCompletionDate=null], participation=ParticipationDTO[id=2028, testRun=false, type=template, submissionCount=null, exercise=ParticipationExerciseDTO[id=2609, exerciseType=PROGRAMMING, type=programming, assessmentType=AUTOMATIC, dueDate=2025-02-16T23:45:46.386304Z, assessmentDueDate=null, maxPoints=42.0, course=CourseDTO[id=992, accuracyOfScores=1]]], feedbacks=[FeedbackDTO[id=985, text=null, detailText=The exercise expects a class with the name Context in the package testpackage. You did not implement the class in the exercise., hasLongFeedbackText=false, reference=null, credits=0.0, positive=false, type=AUTOMATIC, visibility=ALWAYS, testCase=TestCaseDTO[testName=testMethods[Context], id=1461]], FeedbackDTO[id=986, text=null, detailText=The exercise expects a class with the name Policy in the package testpackage. You did not implement the class in the exercise., hasLongFeedbackText=false, reference=null, credits=0.0, positive=false, type=AUTOMATIC, visibility=ALWAYS, testCase=TestCaseDTO[testName=testMethods[Policy], id=1462]], FeedbackDTO[id=987, text=null, detailText=The exercise expects a class with the name SortStrategy in the package testpackage. You did not implement the class in the exercise., hasLongFeedbackText=false, reference=null, credits=0.0, positive=false, type=AUTOMATIC, visibility=ALWAYS, testCase=TestCaseDTO[testName=testMethods[SortStrategy], id=1463]], FeedbackDTO[id=988, text=null, detailText=The class 'MergeSort' does not implement the interface 'SortStrategy' as expected. Implement the interface and its methods., hasLongFeedbackText=false, reference=null, credits=0.0, positive=false, type=AUTOMATIC, visibility=ALWAYS, testCase=TestCaseDTO[testName=testClass[MergeSort], id=1458]], FeedbackDTO[id=989, text=null, detailText=The exercise expects a class with the name SortStrategy in the package testpackage. You did not implement the class in the exercise., hasLongFeedbackText=false, reference=null, credits=0.0, positive=false, type=AUTOMATIC, visibility=ALWAYS, testCase=TestCaseDTO[testName=testClass[SortStrategy], id=1455]], FeedbackDTO[id=990, text=null, detailText=The class 'BubbleSort' does not implement the interface 'SortStrategy' as expected. Implement the interface and its methods., hasLongFeedbackText=false, reference=null, credits=0.0, positive=false, type=AUTOMATIC, visibility=ALWAYS, testCase=TestCaseDTO[testName=testClass[BubbleSort], id=1459]], FeedbackDTO[id=991, text=null, detailText=MergeSort does not sort correctly, hasLongFeedbackText=false, reference=null, credits=0.0, positive=false, type=AUTOMATIC, visibility=ALWAYS, testCase=TestCaseDTO[testName=testMergeSort(), id=1464]], FeedbackDTO[id=992, text=null, detailText=The class 'Context' was not found within the submission. Make sure to implement it properly., hasLongFeedbackText=false, reference=null, credits=0.0, positive=false, type=AUTOMATIC, visibility=ALWAYS, testCase=TestCaseDTO[testName=testUseBubbleSortForSmallList(), id=1465]], FeedbackDTO[id=993, text=null, detailText=BubbleSort does not sort correctly, hasLongFeedbackText=false, reference=null, credits=0.0, positive=false, type=AUTOMATIC, visibility=ALWAYS, testCase=TestCaseDTO[testName=testBubbleSort(), id=1467]], FeedbackDTO[id=994, text=null, detailText=The class 'Context' was not found within the submission. Make sure to implement it properly., hasLongFeedbackText=false, reference=null, credits=0.0, positive=false, type=AUTOMATIC, visibility=ALWAYS, testCase=TestCaseDTO[testName=testUseMergeSortForBigList(), id=1466]], FeedbackDTO[id=995, text=null, detailText=The exercise expects a class with the name Policy in the package testpackage. You did not implement the class in the exercise., hasLongFeedbackText=false, reference=null, credits=0.0, positive=false, type=AUTOMATIC, visibility=ALWAYS, testCase=TestCaseDTO[testName=testConstructors[Policy], id=1460]], FeedbackDTO[id=996, text=null, detailText=The exercise expects a class with the name Context in the package testpackage. You did not implement the class in the exercise., hasLongFeedbackText=false, reference=null, credits=0.0, positive=false, type=AUTOMATIC, visibility=ALWAYS, testCase=TestCaseDTO[testName=testAttributes[Context], id=1456]], FeedbackDTO[id=997, text=null, detailText=The exercise expects a class with the name Policy in the package testpackage. You did not implement the class in the exercise., hasLongFeedbackText=false, reference=null, credits=0.0, positive=false, type=AUTOMATIC, visibility=ALWAYS, testCase=TestCaseDTO[testName=testAttributes[Policy], id=1457]]], assessmentType=AUTOMATIC, hasComplaint=null, exampleResult=null, testCaseCount=13, passedTestCaseCount=0, codeIssueCount=0]], BuildJobQueueItem[id=20291739576751299, name=SHORT716C2EC10B19B049C80A2F00B97EAB20B2A9TSTEXC-SOLUTION, buildAgent=BuildAgentDTO[name=artemis-build-agent-test, memberAddress=[127.0.0.1]:5703, displayName=artemis-build-agent-test], participationId=2029, courseId=993, exerciseId=2610, retryCount=0, priority=2, status=SUCCESSFUL, repositoryInfo=RepositoryInfo[repositoryName=short716c2ec10b19b049c80a2f00b97eab20b2a9tstexc-solution, repositoryType=solution, triggeredByPushTo=tests, assignmentRepositoryUri=http://localhost:49152/git/SHORT716C2EC10B19B049C80A2F00B97EAB20B2A9TSTEXC/short716c2ec10b19b049c80a2f00b97eab20b2a9tstexc-solution.git, testRepositoryUri=http://localhost:49152/git/SHORT716C2EC10B19B049C80A2F00B97EAB20B2A9TSTEXC/short716c2ec10b19b049c80a2f00b97eab20b2a9tstexc-tests.git, solutionRepositoryUri=null, auxiliaryRepositoryUris=[Ljava.lang.String;@76be6baf, auxiliaryRepositoryCheckoutDirectories=[Ljava.lang.String;@61f7bae9], jobTimingInfo=JobTimingInfo[submissionDate=2025-02-14T23:45:51.299892174Z[Etc/UTC], buildStartDate=2025-02-14T23:45:51.314028505Z[Etc/UTC], buildCompletionDate=2025-02-14T23:45:52.158312850Z[Etc/UTC], estimatedCompletionDate=2025-02-14T23:46:10.314021752Z[Etc/UTC], estimatedDuration=19], buildConfig=BuildConfig[buildScript=#!/bin/bash
cd /var/tmp/testing-dir
chmod +x ./gradlew
./gradlew clean test
, dockerImage=dummy-docker-image:latest, commitHashToBuild=1e531733ed6e9237f710b528d1eb0b7beac565fd, assignmentCommitHash=815e279f12ad296b4f24c44134a07293c04c010f, testCommitHash=1e531733ed6e9237f710b528d1eb0b7beac565fd, branch=main, programmingLanguage=JAVA, projectType=PLAIN_GRADLE, scaEnabled=false, sequentialTestRunsEnabled=false, resultPaths=[/var/tmp/testing-dir/**/test-results/test/*.xml], timeoutSeconds=0, assignmentCheckoutPath=null, testCheckoutPath=null, solutionCheckoutPath=null, dockerRunConfig=null], submissionResult=ResultDTO[id=638, completionDate=2025-02-14T23:45:52.146826070Z[Etc/UTC], successful=true, score=100.0, rated=true, submission=SubmissionDTO[id=832, submitted=true, type=TEST, exampleSubmission=null, submissionDate=2025-02-14T23:45:51.275713Z, commitHash=1e531733ed6e9237f710b528d1eb0b7beac565fd, buildFailed=false, buildArtifact=false, participation=ParticipationDTO[id=2029, testRun=false, type=solution, submissionCount=null, exercise=ParticipationExerciseDTO[id=2610, exerciseType=PROGRAMMING, type=programming, assessmentType=AUTOMATIC, dueDate=2025-02-16T23:45:50.869093Z, assessmentDueDate=null, maxPoints=42.0, course=CourseDTO[id=993, accuracyOfScores=1]]], submissionExerciseType=programming, isProcessing=false, buildStartDate=null, estimatedCompletionDate=null], participation=ParticipationDTO[id=2029, testRun=false, type=solution, submissionCount=null, exercise=ParticipationExerciseDTO[id=2610, exerciseType=PROGRAMMING, type=programming, assessmentType=AUTOMATIC, dueDate=2025-02-16T23:45:50.869093Z, assessmentDueDate=null, maxPoints=42.0, course=CourseDTO[id=993, accuracyOfScores=1]]], feedbacks=[FeedbackDTO[id=998, text=null, detailText=null, hasLongFeedbackText=false, reference=null, credits=3.230769230769231, positive=true, type=AUTOMATIC, visibility=ALWAYS, testCase=TestCaseDTO[testName=testMethods[Context], id=1474]], FeedbackDTO[id=999, text=null, detailText=null, hasLongFeedbackText=false, reference=null, credits=3.230769230769231, positive=true, type=AUTOMATIC, visibility=ALWAYS, testCase=TestCaseDTO[testName=testMethods[Policy], id=1475]], FeedbackDTO[id=1000, text=null, detailText=null, hasLongFeedbackText=false, reference=null, credits=3.230769230769231, positive=true, type=AUTOMATIC, visibility=ALWAYS, testCase=TestCaseDTO[testName=testMethods[SortStrategy], id=1476]], FeedbackDTO[id=1001, text=null, detailText=null, hasLongFeedbackText=false, reference=null, credits=3.230769230769231, positive=true, type=AUTOMATIC, visibility=ALWAYS, testCase=TestCaseDTO[testName=testClass[MergeSort], id=1471]], FeedbackDTO[id=1002, text=null, detailText=null, hasLongFeedbackText=false, reference=null, credits=3.230769230769231, positive=true, type=AUTOMATIC, visibility=ALWAYS, testCase=TestCaseDTO[testName=testClass[SortStrategy], id=1468]], FeedbackDTO[id=1003, text=null, detailText=null, hasLongFeedbackText=false, reference=null, credits=3.230769230769231, positive=true, type=AUTOMATIC, visibility=ALWAYS, testCase=TestCaseDTO[testName=testClass[BubbleSort], id=1472]], FeedbackDTO[id=1004, text=null, detailText=null, hasLongFeedbackText=false, reference=null, credits=3.230769230769231, positive=true, type=AUTOMATIC, visibility=ALWAYS, testCase=TestCaseDTO[testName=testMergeSort(), id=1477]], FeedbackDTO[id=1005, text=null, detailText=null, hasLongFeedbackText=false, reference=null, credits=3.230769230769231, positive=true, type=AUTOMATIC, visibility=ALWAYS, testCase=TestCaseDTO[testName=testUseBubbleSortForSmallList(), id=1478]], FeedbackDTO[id=1006, text=null, detailText=null, hasLongFeedbackText=false, reference=null, credits=3.230769230769231, positive=true, type=AUTOMATIC, visibility=ALWAYS, testCase=TestCaseDTO[testName=testBubbleSort(), id=1480]], FeedbackDTO[id=1007, text=null, detailText=null, hasLongFeedbackText=false, reference=null, credits=3.230769230769231, positive=true, type=AUTOMATIC, visibility=ALWAYS, testCase=TestCaseDTO[testName=testUseMergeSortForBigList(), id=1479]], FeedbackDTO[id=1008, text=null, detailText=null, hasLongFeedbackText=false, reference=null, credits=3.230769230769231, positive=true, type=AUTOMATIC, visibility=ALWAYS, testCase=TestCaseDTO[testName=testConstructors[Policy], id=1473]], FeedbackDTO[id=1009, text=null, detailText=null, hasLongFeedbackText=false, reference=null, credits=3.230769230769231, positive=true, type=AUTOMATIC, visibility=ALWAYS, testCase=TestCaseDTO[testName=testAttributes[Context], id=1469]], FeedbackDTO[id=1010, text=null, detailText=null, hasLongFeedbackText=false, reference=null, credits=3.230769230769231, positive=true, type=AUTOMATIC, visibility=ALWAYS, testCase=TestCaseDTO[testName=testAttributes[Policy], id=1470]]], assessmentType=AUTOMATIC, hasComplaint=null, exampleResult=null, testCaseCount=13, passedTestCaseCount=13, codeIssueCount=0]], BuildJobQueueItem[id=20301739576752239, name=SHORT716C2EC10B19B049C80A2F00B97EAB20B2A9TSTEXC-BASE, buildAgent=BuildAgentDTO[name=artemis-build-agent-test, memberAddress=[127.0.0.1]:5703, displayName=artemis-build-agent-test], participationId=2030, courseId=993, exerciseId=2610, retryCount=0, priority=2, status=SUCCESSFUL, repositoryInfo=RepositoryInfo[repositoryName=short716c2ec10b19b049c80a2f00b97eab20b2a9tstexc-exercise, repositoryType=exercise, triggeredByPushTo=tests, assignmentRepositoryUri=http://localhost:49152/git/SHORT716C2EC10B19B049C80A2F00B97EAB20B2A9TSTEXC/short716c2ec10b19b049c80a2f00b97eab20b2a9tstexc-exercise.git, testRepositoryUri=http://localhost:49152/git/SHORT716C2EC10B19B049C80A2F00B97EAB20B2A9TSTEXC/short716c2ec10b19b049c80a2f00b97eab20b2a9tstexc-tests.git, solutionRepositoryUri=null, auxiliaryRepositoryUris=[Ljava.lang.String;@1f22f10c, auxiliaryRepositoryCheckoutDirectories=[Ljava.lang.String;@4d9b151a], jobTimingInfo=JobTimingInfo[submissionDate=2025-02-14T23:45:52.239402475Z[Etc/UTC], buildStartDate=2025-02-14T23:45:52.258713639Z[Etc/UTC], buildCompletionDate=2025-02-14T23:45:53.238773956Z[Etc/UTC], estimatedCompletionDate=2025-02-14T23:45:53.258707428Z[Etc/UTC], estimatedDuration=1], buildConfig=BuildConfig[buildScript=#!/bin/bash
cd /var/tmp/testing-dir
chmod +x ./gradlew
./gradlew clean test
, dockerImage=dummy-docker-image:latest, commitHashToBuild=1e531733ed6e9237f710b528d1eb0b7beac565fd, assignmentCommitHash=815e279f12ad296b4f24c44134a07293c04c010f, testCommitHash=1e531733ed6e9237f710b528d1eb0b7beac565fd, branch=main, programmingLanguage=JAVA, projectType=PLAIN_GRADLE, scaEnabled=false, sequentialTestRunsEnabled=false, resultPaths=[/var/tmp/testing-dir/**/test-results/test/*.xml], timeoutSeconds=0, assignmentCheckoutPath=null, testCheckoutPath=null, solutionCheckoutPath=null, dockerRunConfig=null], submissionResult=ResultDTO[id=639, completionDate=2025-02-14T23:45:53.225806205Z[Etc/UTC], successful=false, score=0.0, rated=true, submission=SubmissionDTO[id=833, submitted=true, type=TEST, exampleSubmission=null, submissionDate=2025-02-14T23:45:52.237179Z, commitHash=1e531733ed6e9237f710b528d1eb0b7beac565fd, buildFailed=false, buildArtifact=false, participation=ParticipationDTO[id=2030, testRun=false, type=template, submissionCount=null, exercise=ParticipationExerciseDTO[id=2610, exerciseType=PROGRAMMING, type=programming, assessmentType=AUTOMATIC, dueDate=2025-02-16T23:45:50.869093Z, assessmentDueDate=null, maxPoints=42.0, course=CourseDTO[id=993, accuracyOfScores=1]]], submissionExerciseType=programming, isProcessing=false, buildStartDate=null, estimatedCompletionDate=null], participation=ParticipationDTO[id=2030, testRun=false, type=template, submissionCount=null, exercise=ParticipationExerciseDTO[id=2610, exerciseType=PROGRAMMING, type=programming, assessmentType=AUTOMATIC, dueDate=2025-02-16T23:45:50.869093Z, assessmentDueDate=null, maxPoints=42.0, course=CourseDTO[id=993, accuracyOfScores=1]]], feedbacks=[FeedbackDTO[id=1011, text=null, detailText=The exercise expects a class with the name Context in the package testpackage. You did not implement the class in the exercise., hasLongFeedbackText=false, reference=null, credits=0.0, positive=false, type=AUTOMATIC, visibility=ALWAYS, testCase=TestCaseDTO[testName=testMethods[Context], id=1474]], FeedbackDTO[id=1012, text=null, detailText=The exercise expects a class with the name Policy in the package testpackage. You did not implement the class in the exercise., hasLongFeedbackText=false, reference=null, credits=0.0, positive=false, type=AUTOMATIC, visibility=ALWAYS, testCase=TestCaseDTO[testName=testMethods[Policy], id=1475]], FeedbackDTO[id=1013, text=null, detailText=The exercise expects a class with the name SortStrategy in the package testpackage. You did not implement the class in the exercise., hasLongFeedbackText=false, reference=null, credits=0.0, positive=false, type=AUTOMATIC, visibility=ALWAYS, testCase=TestCaseDTO[testName=testMethods[SortStrategy], id=1476]], FeedbackDTO[id=1014, text=null, detailText=The class 'MergeSort' does not implement the interface 'SortStrategy' as expected. Implement the interface and its methods., hasLongFeedbackText=false, reference=null, credits=0.0, positive=false, type=AUTOMATIC, visibility=ALWAYS, testCase=TestCaseDTO[testName=testClass[MergeSort], id=1471]], FeedbackDTO[id=1015, text=null, detailText=The exercise expects a class with the name SortStrategy in the package testpackage. You did not implement the class in the exercise., hasLongFeedbackText=false, reference=null, credits=0.0, positive=false, type=AUTOMATIC, visibility=ALWAYS, testCase=TestCaseDTO[testName=testClass[SortStrategy], id=1468]], FeedbackDTO[id=1016, text=null, detailText=The class 'BubbleSort' does not implement the interface 'SortStrategy' as expected. Implement the interface and its methods., hasLongFeedbackText=false, reference=null, credits=0.0, positive=false, type=AUTOMATIC, visibility=ALWAYS, testCase=TestCaseDTO[testName=testClass[BubbleSort], id=1472]], FeedbackDTO[id=1017, text=null, detailText=MergeSort does not sort correctly, hasLongFeedbackText=false, reference=null, credits=0.0, positive=false, type=AUTOMATIC, visibility=ALWAYS, testCase=TestCaseDTO[testName=testMergeSort(), id=1477]], FeedbackDTO[id=1018, text=null, detailText=The class 'Context' was not found within the submission. Make sure to implement it properly., hasLongFeedbackText=false, reference=null, credits=0.0, positive=false, type=AUTOMATIC, visibility=ALWAYS, testCase=TestCaseDTO[testName=testUseBubbleSortForSmallList(), id=1478]], FeedbackDTO[id=1019, text=null, detailText=BubbleSort does not sort correctly, hasLongFeedbackText=false, reference=null, credits=0.0, positive=false, type=AUTOMATIC, visibility=ALWAYS, testCase=TestCaseDTO[testName=testBubbleSort(), id=1480]], FeedbackDTO[id=1020, text=null, detailText=The class 'Context' was not found within the submission. Make sure to implement it properly., hasLongFeedbackText=false, reference=null, credits=0.0, positive=false, type=AUTOMATIC, visibility=ALWAYS, testCase=TestCaseDTO[testName=testUseMergeSortForBigList(), id=1479]], FeedbackDTO[id=1021, text=null, detailText=The exercise expects a class with the name Policy in the package testpackage. You did not implement the class in the exercise., hasLongFeedbackText=false, reference=null, credits=0.0, positive=false, type=AUTOMATIC, visibility=ALWAYS, testCase=TestCaseDTO[testName=testConstructors[Policy], id=1473]], FeedbackDTO[id=1022, text=null, detailText=The exercise expects a class with the name Context in the package testpackage. You did not implement the class in the exercise., hasLongFeedbackText=false, reference=null, credits=0.0, positive=false, type=AUTOMATIC, visibility=ALWAYS, testCase=TestCaseDTO[testName=testAttributes[Context], id=1469]], FeedbackDTO[id=1023, text=null, detailText=The exercise expects a class with the name Policy in the package testpackage. You did not implement the class in the exercise., hasLongFeedbackText=false, reference=null, credits=0.0, positive=false, type=AUTOMATIC, visibility=ALWAYS, testCase=TestCaseDTO[testName=testAttributes[Policy], id=1470]]], assessmentType=AUTOMATIC, hasComplaint=null, exampleResult=null, testCaseCount=13, passedTestCaseCount=0, codeIssueCount=0]], BuildJobQueueItem[id=20391739576754750, name=SHORT3A680734092E404EF80A4C60FBC1E408F7D0TSTEXC-LOCALVCCIINTSTUDENT1, buildAgent=BuildAgentDTO[name=artemis-build-agent-test, memberAddress=[127.0.0.1]:5703, displayName=artemis-build-agent-test], participationId=2039, courseId=996, exerciseId=2613, retryCount=0, priority=2, status=SUCCESSFUL, repositoryInfo=RepositoryInfo[repositoryName=short3a680734092e404ef80a4c60fbc1e408f7d0tstexc-localvcciintstudent1, repositoryType=user, triggeredByPushTo=user, assignmentRepositoryUri=http://localhost:49152/git/SHORT3A680734092E404EF80A4C60FBC1E408F7D0TSTEXC/short3a680734092e404ef80a4c60fbc1e408f7d0tstexc-localvcciintstudent1.git, testRepositoryUri=http://localhost:49152/git/SHORT3A680734092E404EF80A4C60FBC1E408F7D0TSTEXC/short3a680734092e404ef80a4c60fbc1e408f7d0tstexc-tests.git, solutionRepositoryUri=null, auxiliaryRepositoryUris=[Ljava.lang.String;@487dec15, auxiliaryRepositoryCheckoutDirectories=[Ljava.lang.String;@14013701], jobTimingInfo=JobTimingInfo[submissionDate=2025-02-14T23:45:54.750657185Z[Etc/UTC], buildStartDate=2025-02-14T23:45:54.765232948Z[Etc/UTC], buildCompletionDate=2025-02-14T23:45:55.645844970Z[Etc/UTC], estimatedCompletionDate=2025-02-14T23:46:13.765225363Z[Etc/UTC], estimatedDuration=19], buildConfig=BuildConfig[buildScript=#!/bin/bash
cd /var/tmp/testing-dir
chmod +x ./gradlew
./gradlew clean test
, dockerImage=dummy-docker-image:latest, commitHashToBuild=9344436f8d5a5ce3aa40215562db211ed501371f, assignmentCommitHash=9344436f8d5a5ce3aa40215562db211ed501371f, testCommitHash=ff421c3651ec230fed2f20f72c2901ae372be06a, branch=main, programmingLanguage=JAVA, projectType=PLAIN_GRADLE, scaEnabled=false, sequentialTestRunsEnabled=false, resultPaths=[/var/tmp/testing-dir/**/test-results/test/*.xml], timeoutSeconds=0, assignmentCheckoutPath=null, testCheckoutPath=null, solutionCheckoutPath=null, dockerRunConfig=null], submissionResult=ResultDTO[id=640, completionDate=2025-02-14T23:45:55.628250079Z[Etc/UTC], successful=false, score=7.7, rated=true, submission=SubmissionDTO[id=834, submitted=true, type=MANUAL, exampleSubmission=null, submissionDate=2025-02-14T23:45:54.732007Z, commitHash=9344436f8d5a5ce3aa40215562db211ed501371f, buildFailed=false, buildArtifact=false, participation=ParticipationDTO[id=2039, testRun=false, type=programming, submissionCount=null, exercise=ParticipationExerciseDTO[id=2613, exerciseType=PROGRAMMING, type=programming, assessmentType=AUTOMATIC, dueDate=2025-02-16T23:45:54.546562Z, assessmentDueDate=null, maxPoints=42.0, course=CourseDTO[id=996, accuracyOfScores=1]]], submissionExerciseType=programming, isProcessing=false, buildStartDate=null, estimatedCompletionDate=null], participation=ParticipationDTO[id=2039, testRun=false, type=programming, submissionCount=null, exercise=ParticipationExerciseDTO[id=2613, exerciseType=PROGRAMMING, type=programming, assessmentType=AUTOMATIC, dueDate=2025-02-16T23:45:54.546562Z, assessmentDueDate=null, maxPoints=42.0, course=CourseDTO[id=996, accuracyOfScores=1]]], feedbacks=[FeedbackDTO[id=1024, text=null, detailText=The exercise expects a class with the name Context in the package testpackage. You did not implement the class in the exercise., hasLongFeedbackText=false, reference=null, credits=0.0, positive=false, type=AUTOMATIC, visibility=ALWAYS, testCase=TestCaseDTO[testName=null, id=1513]], FeedbackDTO[id=1025, text=null, detailText=The exercise expects a class with the name Policy in the package testpackage. You did not implement the class in the exercise., hasLongFeedbackText=false, reference=null, credits=0.0, positive=false, type=AUTOMATIC, visibility=ALWAYS, testCase=TestCaseDTO[testName=null, id=1514]], FeedbackDTO[id=1026, text=null, detailText=The exercise expects a class with the name SortStrategy in the package testpackage. You did not implement the class in the exercise., hasLongFeedbackText=false, reference=null, credits=0.0, positive=false, type=AUTOMATIC, visibility=ALWAYS, testCase=TestCaseDTO[testName=null, id=1515]], FeedbackDTO[id=1027, text=null, detailText=The class 'MergeSort' does not implement the interface 'SortStrategy' as expected. Implement the interface and its methods., hasLongFeedbackText=false, reference=null, credits=0.0, positive=false, type=AUTOMATIC, visibility=ALWAYS, testCase=TestCaseDTO[testName=null, id=1510]], FeedbackDTO[id=1028, text=null, detailText=The exercise expects a class with the name SortStrategy in the package testpackage. You did not implement the class in the exercise., hasLongFeedbackText=false, reference=null, credits=0.0, positive=false, type=AUTOMATIC, visibility=ALWAYS, testCase=TestCaseDTO[testName=null, id=1507]], FeedbackDTO[id=1029, text=null, detailText=The class 'BubbleSort' does not implement the interface 'SortStrategy' as expected. Implement the interface and its methods., hasLongFeedbackText=false, reference=null, credits=0.0, positive=false, type=AUTOMATIC, visibility=ALWAYS, testCase=TestCaseDTO[testName=null, id=1511]], FeedbackDTO[id=1030, text=null, detailText=MergeSort does not sort correctly, hasLongFeedbackText=false, reference=null, credits=0.0, positive=false, type=AUTOMATIC, visibility=ALWAYS, testCase=TestCaseDTO[testName=null, id=1516]], FeedbackDTO[id=1031, text=null, detailText=The class 'Context' was not found within the submission. Make sure to implement it properly., hasLongFeedbackText=false, reference=null, credits=0.0, positive=false, type=AUTOMATIC, visibility=ALWAYS, testCase=TestCaseDTO[testName=null, id=1517]], FeedbackDTO[id=1032, text=null, detailText=The class 'Context' was not found within the submission. Make sure to implement it properly., hasLongFeedbackText=false, reference=null, credits=0.0, positive=false, type=AUTOMATIC, visibility=ALWAYS, testCase=TestCaseDTO[testName=null, id=1518]], FeedbackDTO[id=1033, text=null, detailText=The exercise expects a class with the name Policy in the package testpackage. You did not implement the class in the exercise., hasLongFeedbackText=false, reference=null, credits=0.0, positive=false, type=AUTOMATIC, visibility=ALWAYS, testCase=TestCaseDTO[testName=null, id=1512]], FeedbackDTO[id=1034, text=null, detailText=The exercise expects a class with the name Context in the package testpackage. You did not implement the class in the exercise., hasLongFeedbackText=false, reference=null, credits=0.0, positive=false, type=AUTOMATIC, visibility=ALWAYS, testCase=TestCaseDTO[testName=null, id=1508]], FeedbackDTO[id=1035, text=null, detailText=The exercise expects a class with the name Policy in the package testpackage. You did not implement the class in the exercise., hasLongFeedbackText=false, reference=null, credits=0.0, positive=false, type=AUTOMATIC, visibility=ALWAYS, testCase=TestCaseDTO[testName=null, id=1509]], FeedbackDTO[id=1036, text=null, detailText=null, hasLongFeedbackText=false, reference=null, credits=3.230769230769231, positive=true, type=AUTOMATIC, visibility=ALWAYS, testCase=TestCaseDTO[testName=null, id=1519]]], assessmentType=AUTOMATIC, hasComplaint=null, exampleResult=null, testCaseCount=13, passedTestCaseCount=1, codeIssueCount=0]]], publicSshKey=ssh-rsa AAAAB3NzaC1yc2EAAAADAQABAAACAQCOPdMsxRE2jFJ/UEa5/LsBxtwzJcrh3/rYBCQvcMeVpiRfhzQPWu7mrt/G2Ew+i+vRloGH9aqKg6dd1liRncao53Zmd/ePxoatXePNhmzTfkCkcSkTUz7B+QMjkoDDV5jwuFPD6mF3JkhuzSi64n9Zy905t4w2IhVcjM2mL3eYNjiCXt6Qpq3Pkt7dM/Ksw1nxnvuiIALuJLB3FTkXkHqq3PJav+9HSq2r6ZaWgekneaGxlQlb+U+Vy3XOuArKAzK8c8i+0bR+AHiTG6ncYXt7ax3U+TdlDTF7OLP3umwaYjs1NBXOHwG42pevvpKn2fqavZZozk+M05jXLx3bq0O7itxfErWc7etky8qYPyyIMF/txQIVLd78+Ze4d7Y60t5MGbXM5cGE6fFif5fEJwgswXD+BrG0cafz1CTatjSKFdvp8Vp4VszXhHDan1PrP6JEFJ5Cc5GDmLRZPCFa3vL9f5qXgf4bkqKN8MYeEujwJE5nMRWoiJVNakix2bcrrneQMBlnYeYZVWXXXUusAQBzl4NgddC1umZpihZkL1b1MffZAUW3EGEXi7KHnllQhkTLLsQ8ntMgbylqaJKStqaXlLvdeRJcEnUuiFCrHEVVbXRFZR7XVDZ02CE5o3MuaRPty8Kh+jRTF3COlAckHwYEJCNNJvXFgb2CNXL4mjzYDw== test@localhost]
    23:45:58.081 | 566 localvc.event-13 | DEBUG | s.l.LocalCIWebsocketMessagingService : Sending message on topic /topic/admin/build-agents: [BuildAgentInformation[buildAgent=BuildAgentDTO[name=artemis-build-agent-test, memberAddress=[127.0.0.1]:5703, displayName=artemis-build-agent-test], maxNumberOfConcurrentBuildJobs=1, numberOfCurrentBuildJobs=0, runningBuildJobs=[], status=IDLE, recentBuildJobs=null, publicSshKey=null]]
    23:45:58.081 | 588 artemis-task-1   | DEBUG | d.t.c.a.a.c.c.w.GzipMessageConverter : Compressed message payload from 255 to 232 (saved 9.0% payload size)
    23:45:58.082 | 566 localvc.event-13 | DEBUG | s.l.LocalCIWebsocketMessagingService : Sending message on topic /topic/admin/build-agent/artemis-build-agent-test: BuildAgentInformation[buildAgent=BuildAgentDTO[name=artemis-build-agent-test, memberAddress=[127.0.0.1]:5703, displayName=artemis-build-agent-test], maxNumberOfConcurrentBuildJobs=1, numberOfCurrentBuildJobs=0, runningBuildJobs=[], status=IDLE, recentBuildJobs=[BuildJobQueueItem[id=19141739576708030, name=SHORT5F02A8F400311042E70858306EB148073CFDTSTEXC-LOCALVCINTSTUDENT1, buildAgent=BuildAgentDTO[name=artemis-build-agent-test, memberAddress=[127.0.0.1]:5703, displayName=artemis-build-agent-test], participationId=1914, courseId=947, exerciseId=2564, retryCount=0, priority=2, status=FAILED, repositoryInfo=RepositoryInfo[repositoryName=short5f02a8f400311042e70858306eb148073cfdtstexc-localvcintstudent1, repositoryType=user, triggeredByPushTo=user, assignmentRepositoryUri=http://localhost:49152/git/SHORT5F02A8F400311042E70858306EB148073CFDTSTEXC/short5f02a8f400311042e70858306eb148073cfdtstexc-localvcintstudent1.git, testRepositoryUri=http://localhost:49152/git/SHORT5F02A8F400311042E70858306EB148073CFDTSTEXC/short5f02a8f400311042e70858306eb148073cfdtstexc-tests.git, solutionRepositoryUri=null, auxiliaryRepositoryUris=[Ljava.lang.String;@2e3fb326, auxiliaryRepositoryCheckoutDirectories=[Ljava.lang.String;@339b20df], jobTimingInfo=JobTimingInfo[submissionDate=2025-02-14T23:45:08.030118216Z[Etc/UTC], buildStartDate=2025-02-14T23:45:08.041011412Z[Etc/UTC], buildCompletionDate=2025-02-14T23:45:08.054603331Z[Etc/UTC], estimatedCompletionDate=2025-02-14T23:45:27.041005080Z[Etc/UTC], estimatedDuration=19], buildConfig=BuildConfig[buildScript=#!/bin/bash
cd /var/tmp/testing-dir
chmod +x ./gradlew
./gradlew clean test
, dockerImage=dummy-docker-image:latest, commitHashToBuild=6e7146cac5059504aa9d170ec3fa23aec740bb51, assignmentCommitHash=6e7146cac5059504aa9d170ec3fa23aec740bb51, testCommitHash=931e5303581c7a2f01339ba603cfafbfe668b901, branch=main, programmingLanguage=JAVA, projectType=PLAIN_GRADLE, scaEnabled=false, sequentialTestRunsEnabled=false, resultPaths=[/var/tmp/testing-dir/**/test-results/test/*.xml], timeoutSeconds=0, assignmentCheckoutPath=null, testCheckoutPath=null, solutionCheckoutPath=null, dockerRunConfig=null], submissionResult=ResultDTO[id=622, completionDate=2025-02-14T23:45:08.054683681Z[Etc/UTC], successful=false, score=0.0, rated=true, submission=SubmissionDTO[id=814, submitted=true, type=MANUAL, exampleSubmission=null, submissionDate=2025-02-14T23:45:08.016200Z, commitHash=6e7146cac5059504aa9d170ec3fa23aec740bb51, buildFailed=true, buildArtifact=false, participation=ParticipationDTO[id=1914, testRun=false, type=programming, submissionCount=null, exercise=ParticipationExerciseDTO[id=2564, exerciseType=PROGRAMMING, type=programming, assessmentType=AUTOMATIC, dueDate=2025-02-16T23:45:07.324348Z, assessmentDueDate=null, maxPoints=42.0, course=CourseDTO[id=947, accuracyOfScores=1]]], submissionExerciseType=programming, isProcessing=false, buildStartDate=null, estimatedCompletionDate=null], participation=ParticipationDTO[id=1914, testRun=false, type=programming, submissionCount=null, exercise=ParticipationExerciseDTO[id=2564, exerciseType=PROGRAMMING, type=programming, assessmentType=AUTOMATIC, dueDate=2025-02-16T23:45:07.324348Z, assessmentDueDate=null, maxPoints=42.0, course=CourseDTO[id=947, accuracyOfScores=1]]], feedbacks=[], assessmentType=AUTOMATIC, hasComplaint=null, exampleResult=null, testCaseCount=0, passedTestCaseCount=0, codeIssueCount=0]], BuildJobQueueItem[id=19361739576711303, name=SHORT9AFDAE3804CA304DDF0889A0CB0F56104A86TSTEXC-LOCALVCINTSTUDENT1, buildAgent=BuildAgentDTO[name=artemis-build-agent-test, memberAddress=[127.0.0.1]:5703, displayName=artemis-build-agent-test], participationId=1936, courseId=956, exerciseId=2573, retryCount=0, priority=2, status=FAILED, repositoryInfo=RepositoryInfo[repositoryName=short9afdae3804ca304ddf0889a0cb0f56104a86tstexc-localvcintstudent1, repositoryType=user, triggeredByPushTo=user, assignmentRepositoryUri=http://localhost:49152/git/SHORT9AFDAE3804CA304DDF0889A0CB0F56104A86TSTEXC/short9afdae3804ca304ddf0889a0cb0f56104a86tstexc-localvcintstudent1.git, testRepositoryUri=http://localhost:49152/git/SHORT9AFDAE3804CA304DDF0889A0CB0F56104A86TSTEXC/short9afdae3804ca304ddf0889a0cb0f56104a86tstexc-tests.git, solutionRepositoryUri=null, auxiliaryRepositoryUris=[Ljava.lang.String;@374c8b5e, auxiliaryRepositoryCheckoutDirectories=[Ljava.lang.String;@11b58123], jobTimingInfo=JobTimingInfo[submissionDate=2025-02-14T23:45:11.303805653Z[Etc/UTC], buildStartDate=2025-02-14T23:45:11.310981356Z[Etc/UTC], buildCompletionDate=2025-02-14T23:45:11.319178384Z[Etc/UTC], estimatedCompletionDate=2025-02-14T23:45:30.310974944Z[Etc/UTC], estimatedDuration=19], buildConfig=BuildConfig[buildScript=#!/bin/bash
cd /var/tmp/testing-dir
chmod +x ./gradlew
./gradlew clean test
, dockerImage=dummy-docker-image:latest, commitHashToBuild=a1099e378cffde441ef85f9b12577ca174b8e1e4, assignmentCommitHash=a1099e378cffde441ef85f9b12577ca174b8e1e4, testCommitHash=bd38d61c299ab11a1dea82a3ca5493fe04d97d47, branch=main, programmingLanguage=JAVA, projectType=PLAIN_GRADLE, scaEnabled=false, sequentialTestRunsEnabled=false, resultPaths=[/var/tmp/testing-dir/**/test-results/test/*.xml], timeoutSeconds=0, assignmentCheckoutPath=null, testCheckoutPath=null, solutionCheckoutPath=null, dockerRunConfig=null], submissionResult=ResultDTO[id=623, completionDate=2025-02-14T23:45:11.319278430Z[Etc/UTC], successful=false, score=0.0, rated=true, submission=SubmissionDTO[id=815, submitted=true, type=MANUAL, exampleSubmission=null, submissionDate=2025-02-14T23:45:11.294386Z, commitHash=a1099e378cffde441ef85f9b12577ca174b8e1e4, buildFailed=true, buildArtifact=false, participation=ParticipationDTO[id=1936, testRun=false, type=programming, submissionCount=null, exercise=ParticipationExerciseDTO[id=2573, exerciseType=PROGRAMMING, type=programming, assessmentType=AUTOMATIC, dueDate=2025-02-16T23:45:10.996982Z, assessmentDueDate=null, maxPoints=42.0, course=CourseDTO[id=956, accuracyOfScores=1]]], submissionExerciseType=programming, isProcessing=false, buildStartDate=null, estimatedCompletionDate=null], participation=ParticipationDTO[id=1936, testRun=false, type=programming, submissionCount=null, exercise=ParticipationExerciseDTO[id=2573, exerciseType=PROGRAMMING, type=programming, assessmentType=AUTOMATIC, dueDate=2025-02-16T23:45:10.996982Z, assessmentDueDate=null, maxPoints=42.0, course=CourseDTO[id=956, accuracyOfScores=1]]], feedbacks=[], assessmentType=AUTOMATIC, hasComplaint=null, exampleResult=null, testCaseCount=0, passedTestCaseCount=0, codeIssueCount=0]], BuildJobQueueItem[id=19351739576711674, name=SHORT9AFDAE3804CA304DDF0889A0CB0F56104A86TSTEXC-BASE, buildAgent=BuildAgentDTO[name=artemis-build-agent-test, memberAddress=[127.0.0.1]:5703, displayName=artemis-build-agent-test], participationId=1935, courseId=956, exerciseId=2573, retryCount=0, priority=2, status=FAILED, repositoryInfo=RepositoryInfo[repositoryName=short9afdae3804ca304ddf0889a0cb0f56104a86tstexc-exercise, repositoryType=exercise, triggeredByPushTo=exercise, assignmentRepositoryUri=http://localhost:49152/git/SHORT9AFDAE3804CA304DDF0889A0CB0F56104A86TSTEXC/short9afdae3804ca304ddf0889a0cb0f56104a86tstexc-exercise.git, testRepositoryUri=http://localhost:49152/git/SHORT9AFDAE3804CA304DDF0889A0CB0F56104A86TSTEXC/short9afdae3804ca304ddf0889a0cb0f56104a86tstexc-tests.git, solutionRepositoryUri=null, auxiliaryRepositoryUris=[Ljava.lang.String;@4240a6b0, auxiliaryRepositoryCheckoutDirectories=[Ljava.lang.String;@28b7ebff], jobTimingInfo=JobTimingInfo[submissionDate=2025-02-14T23:45:11.674556681Z[Etc/UTC], buildStartDate=2025-02-14T23:45:11.677776879Z[Etc/UTC], buildCompletionDate=2025-02-14T23:45:11.688097378Z[Etc/UTC], estimatedCompletionDate=2025-02-14T23:45:30.677771620Z[Etc/UTC], estimatedDuration=19], buildConfig=BuildConfig[buildScript=#!/bin/bash
cd /var/tmp/testing-dir
chmod +x ./gradlew
./gradlew clean test
, dockerImage=dummy-docker-image:latest, commitHashToBuild=a1099e378cffde441ef85f9b12577ca174b8e1e4, assignmentCommitHash=a1099e378cffde441ef85f9b12577ca174b8e1e4, testCommitHash=bd38d61c299ab11a1dea82a3ca5493fe04d97d47, branch=main, programmingLanguage=JAVA, projectType=PLAIN_GRADLE, scaEnabled=false, sequentialTestRunsEnabled=false, resultPaths=[/var/tmp/testing-dir/**/test-results/test/*.xml], timeoutSeconds=0, assignmentCheckoutPath=null, testCheckoutPath=null, solutionCheckoutPath=null, dockerRunConfig=null], submissionResult=ResultDTO[id=624, completionDate=2025-02-14T23:45:11.688214837Z[Etc/UTC], successful=false, score=0.0, rated=true, submission=SubmissionDTO[id=816, submitted=true, type=MANUAL, exampleSubmission=null, submissionDate=2025-02-14T23:45:11.656934Z, commitHash=a1099e378cffde441ef85f9b12577ca174b8e1e4, buildFailed=true, buildArtifact=false, participation=ParticipationDTO[id=1935, testRun=false, type=template, submissionCount=null, exercise=ParticipationExerciseDTO[id=2573, exerciseType=PROGRAMMING, type=programming, assessmentType=AUTOMATIC, dueDate=2025-02-16T23:45:10.996982Z, assessmentDueDate=null, maxPoints=42.0, course=CourseDTO[id=956, accuracyOfScores=1]]], submissionExerciseType=programming, isProcessing=false, buildStartDate=null, estimatedCompletionDate=null], participation=ParticipationDTO[id=1935, testRun=false, type=template, submissionCount=null, exercise=ParticipationExerciseDTO[id=2573, exerciseType=PROGRAMMING, type=programming, assessmentType=AUTOMATIC, dueDate=2025-02-16T23:45:10.996982Z, assessmentDueDate=null, maxPoints=42.0, course=CourseDTO[id=956, accuracyOfScores=1]]], feedbacks=[], assessmentType=AUTOMATIC, hasComplaint=null, exampleResult=null, testCaseCount=0, passedTestCaseCount=0, codeIssueCount=0]], BuildJobQueueItem[id=19341739576712112, name=SHORT9AFDAE3804CA304DDF0889A0CB0F56104A86TSTEXC-SOLUTION, buildAgent=BuildAgentDTO[name=artemis-build-agent-test, memberAddress=[127.0.0.1]:5703, displayName=artemis-build-agent-test], participationId=1934, courseId=956, exerciseId=2573, retryCount=0, priority=2, status=FAILED, repositoryInfo=RepositoryInfo[repositoryName=short9afdae3804ca304ddf0889a0cb0f56104a86tstexc-solution, repositoryType=solution, triggeredByPushTo=solution, assignmentRepositoryUri=http://localhost:49152/git/SHORT9AFDAE3804CA304DDF0889A0CB0F56104A86TSTEXC/short9afdae3804ca304ddf0889a0cb0f56104a86tstexc-solution.git, testRepositoryUri=http://localhost:49152/git/SHORT9AFDAE3804CA304DDF0889A0CB0F56104A86TSTEXC/short9afdae3804ca304ddf0889a0cb0f56104a86tstexc-tests.git, solutionRepositoryUri=null, auxiliaryRepositoryUris=[Ljava.lang.String;@7bf283cc, auxiliaryRepositoryCheckoutDirectories=[Ljava.lang.String;@46f3a908], jobTimingInfo=JobTimingInfo[submissionDate=2025-02-14T23:45:12.112332872Z[Etc/UTC], buildStartDate=2025-02-14T23:45:12.121617114Z[Etc/UTC], buildCompletionDate=2025-02-14T23:45:12.127931701Z[Etc/UTC], estimatedCompletionDate=2025-02-14T23:45:31.121609600Z[Etc/UTC], estimatedDuration=19], buildConfig=BuildConfig[buildScript=#!/bin/bash
cd /var/tmp/testing-dir
chmod +x ./gradlew
./gradlew clean test
, dockerImage=dummy-docker-image:latest, commitHashToBuild=a1099e378cffde441ef85f9b12577ca174b8e1e4, assignmentCommitHash=a1099e378cffde441ef85f9b12577ca174b8e1e4, testCommitHash=bd38d61c299ab11a1dea82a3ca5493fe04d97d47, branch=main, programmingLanguage=JAVA, projectType=PLAIN_GRADLE, scaEnabled=false, sequentialTestRunsEnabled=false, resultPaths=[/var/tmp/testing-dir/**/test-results/test/*.xml], timeoutSeconds=0, assignmentCheckoutPath=null, testCheckoutPath=null, solutionCheckoutPath=null, dockerRunConfig=null], submissionResult=ResultDTO[id=625, completionDate=2025-02-14T23:45:12.128011800Z[Etc/UTC], successful=false, score=0.0, rated=true, submission=SubmissionDTO[id=817, submitted=true, type=MANUAL, exampleSubmission=null, submissionDate=2025-02-14T23:45:12.098737Z, commitHash=a1099e378cffde441ef85f9b12577ca174b8e1e4, buildFailed=true, buildArtifact=false, participation=ParticipationDTO[id=1934, testRun=false, type=solution, submissionCount=null, exercise=ParticipationExerciseDTO[id=2573, exerciseType=PROGRAMMING, type=programming, assessmentType=AUTOMATIC, dueDate=2025-02-16T23:45:10.996982Z, assessmentDueDate=null, maxPoints=42.0, course=CourseDTO[id=956, accuracyOfScores=1]]], submissionExerciseType=programming, isProcessing=false, buildStartDate=null, estimatedCompletionDate=null], participation=ParticipationDTO[id=1934, testRun=false, type=solution, submissionCount=null, exercise=ParticipationExerciseDTO[id=2573, exerciseType=PROGRAMMING, type=programming, assessmentType=AUTOMATIC, dueDate=2025-02-16T23:45:10.996982Z, assessmentDueDate=null, maxPoints=42.0, course=CourseDTO[id=956, accuracyOfScores=1]]], feedbacks=[], assessmentType=AUTOMATIC, hasComplaint=null, exampleResult=null, testCaseCount=0, passedTestCaseCount=0, codeIssueCount=0]], BuildJobQueueItem[id=19341739576713025, name=SHORT9AFDAE3804CA304DDF0889A0CB0F56104A86TSTEXC-SOLUTION, buildAgent=BuildAgentDTO[name=artemis-build-agent-test, memberAddress=[127.0.0.1]:5703, displayName=artemis-build-agent-test], participationId=1934, courseId=956, exerciseId=2573, retryCount=0, priority=2, status=FAILED, repositoryInfo=RepositoryInfo[repositoryName=short9afdae3804ca304ddf0889a0cb0f56104a86tstexc-solution, repositoryType=solution, triggeredByPushTo=tests, assignmentRepositoryUri=http://localhost:49152/git/SHORT9AFDAE3804CA304DDF0889A0CB0F56104A86TSTEXC/short9afdae3804ca304ddf0889a0cb0f56104a86tstexc-solution.git, testRepositoryUri=http://localhost:49152/git/SHORT9AFDAE3804CA304DDF0889A0CB0F56104A86TSTEXC/short9afdae3804ca304ddf0889a0cb0f56104a86tstexc-tests.git, solutionRepositoryUri=null, auxiliaryRepositoryUris=[Ljava.lang.String;@1c1e240, auxiliaryRepositoryCheckoutDirectories=[Ljava.lang.String;@16be0994], jobTimingInfo=JobTimingInfo[submissionDate=2025-02-14T23:45:13.025319671Z[Etc/UTC], buildStartDate=2025-02-14T23:45:13.040293146Z[Etc/UTC], buildCompletionDate=2025-02-14T23:45:13.053032917Z[Etc/UTC], estimatedCompletionDate=2025-02-14T23:45:32.040285703Z[Etc/UTC], estimatedDuration=19], buildConfig=BuildConfig[buildScript=#!/bin/bash
cd /var/tmp/testing-dir
chmod +x ./gradlew
./gradlew clean test
, dockerImage=dummy-docker-image:latest, commitHashToBuild=784f8f0049d2a1a54f21c67dd772bea86715267a, assignmentCommitHash=a1099e378cffde441ef85f9b12577ca174b8e1e4, testCommitHash=784f8f0049d2a1a54f21c67dd772bea86715267a, branch=main, programmingLanguage=JAVA, projectType=PLAIN_GRADLE, scaEnabled=false, sequentialTestRunsEnabled=false, resultPaths=[/var/tmp/testing-dir/**/test-results/test/*.xml], timeoutSeconds=0, assignmentCheckoutPath=null, testCheckoutPath=null, solutionCheckoutPath=null, dockerRunConfig=null], submissionResult=ResultDTO[id=626, completionDate=2025-02-14T23:45:13.053131811Z[Etc/UTC], successful=false, score=0.0, rated=true, submission=SubmissionDTO[id=818, submitted=true, type=TEST, exampleSubmission=null, submissionDate=2025-02-14T23:45:13.005779Z, commitHash=784f8f0049d2a1a54f21c67dd772bea86715267a, buildFailed=true, buildArtifact=false, participation=ParticipationDTO[id=1934, testRun=false, type=solution, submissionCount=null, exercise=ParticipationExerciseDTO[id=2573, exerciseType=PROGRAMMING, type=programming, assessmentType=AUTOMATIC, dueDate=2025-02-16T23:45:10.996982Z, assessmentDueDate=null, maxPoints=42.0, course=CourseDTO[id=956, accuracyOfScores=1]]], submissionExerciseType=programming, isProcessing=false, buildStartDate=null, estimatedCompletionDate=null], participation=ParticipationDTO[id=1934, testRun=false, type=solution, submissionCount=null, exercise=ParticipationExerciseDTO[id=2573, exerciseType=PROGRAMMING, type=programming, assessmentType=AUTOMATIC, dueDate=2025-02-16T23:45:10.996982Z, assessmentDueDate=null, maxPoints=42.0, course=CourseDTO[id=956, accuracyOfScores=1]]], feedbacks=[], assessmentType=AUTOMATIC, hasComplaint=null, exampleResult=null, testCaseCount=0, passedTestCaseCount=0, codeIssueCount=0]], BuildJobQueueItem[id=19581739576715555, name=SHORTC1A3F9FC03D2304B4308FA20AF16D54AAA49TSTEXC-LOCALVCSSHINTSTUDENT1, buildAgent=BuildAgentDTO[name=artemis-build-agent-test, memberAddress=[127.0.0.1]:5703, displayName=artemis-build-agent-test], participationId=1958, courseId=965, exerciseId=2582, retryCount=0, priority=2, status=FAILED, repositoryInfo=RepositoryInfo[repositoryName=shortc1a3f9fc03d2304b4308fa20af16d54aaa49tstexc-localvcsshintstudent1, repositoryType=user, triggeredByPushTo=user, assignmentRepositoryUri=http://localhost:49152/git/SHORTC1A3F9FC03D2304B4308FA20AF16D54AAA49TSTEXC/shortc1a3f9fc03d2304b4308fa20af16d54aaa49tstexc-localvcsshintstudent1.git, testRepositoryUri=http://localhost:49152/git/SHORTC1A3F9FC03D2304B4308FA20AF16D54AAA49TSTEXC/shortc1a3f9fc03d2304b4308fa20af16d54aaa49tstexc-tests.git, solutionRepositoryUri=null, auxiliaryRepositoryUris=[Ljava.lang.String;@79bd046c, auxiliaryRepositoryCheckoutDirectories=[Ljava.lang.String;@225d49ba], jobTimingInfo=JobTimingInfo[submissionDate=2025-02-14T23:45:15.555989584Z[Etc/UTC], buildStartDate=2025-02-14T23:45:15.568477627Z[Etc/UTC], buildCompletionDate=2025-02-14T23:45:15.579021148Z[Etc/UTC], estimatedCompletionDate=2025-02-14T23:45:34.568443924Z[Etc/UTC], estimatedDuration=19], buildConfig=BuildConfig[buildScript=#!/bin/bash
cd /var/tmp/testing-dir
chmod +x ./gradlew
./gradlew clean test
, dockerImage=dummy-docker-image:latest, commitHashToBuild=ca76dac20e040e6609db02fd7fedd56bf58829d7, assignmentCommitHash=ca76dac20e040e6609db02fd7fedd56bf58829d7, testCommitHash=bd0d58c226dc63bfa4bc9052870589952c0a1f83, branch=main, programmingLanguage=JAVA, projectType=PLAIN_GRADLE, scaEnabled=false, sequentialTestRunsEnabled=false, resultPaths=[/var/tmp/testing-dir/**/test-results/test/*.xml], timeoutSeconds=0, assignmentCheckoutPath=null, testCheckoutPath=null, solutionCheckoutPath=null, dockerRunConfig=null], submissionResult=ResultDTO[id=627, completionDate=2025-02-14T23:45:15.579119131Z[Etc/UTC], successful=false, score=0.0, rated=true, submission=SubmissionDTO[id=820, submitted=true, type=MANUAL, exampleSubmission=null, submissionDate=2025-02-14T23:45:15.548349Z, commitHash=ca76dac20e040e6609db02fd7fedd56bf58829d7, buildFailed=true, buildArtifact=false, participation=ParticipationDTO[id=1958, testRun=false, type=programming, submissionCount=null, exercise=ParticipationExerciseDTO[id=2582, exerciseType=PROGRAMMING, type=programming, assessmentType=AUTOMATIC, dueDate=2025-02-16T23:45:15.103512Z, assessmentDueDate=null, maxPoints=42.0, course=CourseDTO[id=965, accuracyOfScores=1]]], submissionExerciseType=programming, isProcessing=false, buildStartDate=null, estimatedCompletionDate=null], participation=ParticipationDTO[id=1958, testRun=false, type=programming, submissionCount=null, exercise=ParticipationExerciseDTO[id=2582, exerciseType=PROGRAMMING, type=programming, assessmentType=AUTOMATIC, dueDate=2025-02-16T23:45:15.103512Z, assessmentDueDate=null, maxPoints=42.0, course=CourseDTO[id=965, accuracyOfScores=1]]], feedbacks=[], assessmentType=AUTOMATIC, hasComplaint=null, exampleResult=null, testCaseCount=0, passedTestCaseCount=0, codeIssueCount=0]], BuildJobQueueItem[id=19801739576719393, name=SHORTB2A6C58B0D447045380A858075B170A5B7C6TSTEXC-LOCALVCSSHINTSTUDENT1, buildAgent=BuildAgentDTO[name=artemis-build-agent-test, memberAddress=[127.0.0.1]:5703, displayName=artemis-build-agent-test], participationId=1980, courseId=974, exerciseId=2591, retryCount=0, priority=2, status=FAILED, repositoryInfo=RepositoryInfo[repositoryName=shortb2a6c58b0d447045380a858075b170a5b7c6tstexc-localvcsshintstudent1, repositoryType=user, triggeredByPushTo=user, assignmentRepositoryUri=http://localhost:49152/git/SHORTB2A6C58B0D447045380A858075B170A5B7C6TSTEXC/shortb2a6c58b0d447045380a858075b170a5b7c6tstexc-localvcsshintstudent1.git, testRepositoryUri=http://localhost:49152/git/SHORTB2A6C58B0D447045380A858075B170A5B7C6TSTEXC/shortb2a6c58b0d447045380a858075b170a5b7c6tstexc-tests.git, solutionRepositoryUri=null, auxiliaryRepositoryUris=[Ljava.lang.String;@2c006c53, auxiliaryRepositoryCheckoutDirectories=[Ljava.lang.String;@4a1432ee], jobTimingInfo=JobTimingInfo[submissionDate=2025-02-14T23:45:19.393259829Z[Etc/UTC], buildStartDate=2025-02-14T23:45:19.405438171Z[Etc/UTC], buildCompletionDate=2025-02-14T23:45:19.414070673Z[Etc/UTC], estimatedCompletionDate=2025-02-14T23:45:38.405431569Z[Etc/UTC], estimatedDuration=19], buildConfig=BuildConfig[buildScript=#!/bin/bash
cd /var/tmp/testing-dir
chmod +x ./gradlew
./gradlew clean test
, dockerImage=dummy-docker-image:latest, commitHashToBuild=363cdbf709a9fff149f813ab848ee800a675cc77, assignmentCommitHash=363cdbf709a9fff149f813ab848ee800a675cc77, testCommitHash=a5e046ece417b2e538f21f816e2524dab61e0d10, branch=main, programmingLanguage=JAVA, projectType=PLAIN_GRADLE, scaEnabled=false, sequentialTestRunsEnabled=false, resultPaths=[/var/tmp/testing-dir/**/test-results/test/*.xml], timeoutSeconds=0, assignmentCheckoutPath=null, testCheckoutPath=null, solutionCheckoutPath=null, dockerRunConfig=null], submissionResult=ResultDTO[id=628, completionDate=2025-02-14T23:45:19.414171040Z[Etc/UTC], successful=false, score=0.0, rated=true, submission=SubmissionDTO[id=821, submitted=true, type=MANUAL, exampleSubmission=null, submissionDate=2025-02-14T23:45:19.376840Z, commitHash=363cdbf709a9fff149f813ab848ee800a675cc77, buildFailed=true, buildArtifact=false, participation=ParticipationDTO[id=1980, testRun=false, type=programming, submissionCount=null, exercise=ParticipationExerciseDTO[id=2591, exerciseType=PROGRAMMING, type=programming, assessmentType=AUTOMATIC, dueDate=2025-02-16T23:45:18.950569Z, assessmentDueDate=null, maxPoints=42.0, course=CourseDTO[id=974, accuracyOfScores=1]]], submissionExerciseType=programming, isProcessing=false, buildStartDate=null, estimatedCompletionDate=null], participation=ParticipationDTO[id=1980, testRun=false, type=programming, submissionCount=null, exercise=ParticipationExerciseDTO[id=2591, exerciseType=PROGRAMMING, type=programming, assessmentType=AUTOMATIC, dueDate=2025-02-16T23:45:18.950569Z, assessmentDueDate=null, maxPoints=42.0, course=CourseDTO[id=974, accuracyOfScores=1]]], feedbacks=[], assessmentType=AUTOMATIC, hasComplaint=null, exampleResult=null, testCaseCount=0, passedTestCaseCount=0, codeIssueCount=0]], BuildJobQueueItem[id=19791739576719787, name=SHORTB2A6C58B0D447045380A858075B170A5B7C6TSTEXC-BASE, buildAgent=BuildAgentDTO[name=artemis-build-agent-test, memberAddress=[127.0.0.1]:5703, displayName=artemis-build-agent-test], participationId=1979, courseId=974, exerciseId=2591, retryCount=0, priority=2, status=FAILED, repositoryInfo=RepositoryInfo[repositoryName=shortb2a6c58b0d447045380a858075b170a5b7c6tstexc-exercise, repositoryType=exercise, triggeredByPushTo=exercise, assignmentRepositoryUri=http://localhost:49152/git/SHORTB2A6C58B0D447045380A858075B170A5B7C6TSTEXC/shortb2a6c58b0d447045380a858075b170a5b7c6tstexc-exercise.git, testRepositoryUri=http://localhost:49152/git/SHORTB2A6C58B0D447045380A858075B170A5B7C6TSTEXC/shortb2a6c58b0d447045380a858075b170a5b7c6tstexc-tests.git, solutionRepositoryUri=null, auxiliaryRepositoryUris=[Ljava.lang.String;@5b9bd1a4, auxiliaryRepositoryCheckoutDirectories=[Ljava.lang.String;@13c343f4], jobTimingInfo=JobTimingInfo[submissionDate=2025-02-14T23:45:19.787985058Z[Etc/UTC], buildStartDate=2025-02-14T23:45:19.796327417Z[Etc/UTC], buildCompletionDate=2025-02-14T23:45:19.799750982Z[Etc/UTC], estimatedCompletionDate=2025-02-14T23:45:38.796319082Z[Etc/UTC], estimatedDuration=19], buildConfig=BuildConfig[buildScript=#!/bin/bash
cd /var/tmp/testing-dir
chmod +x ./gradlew
./gradlew clean test
, dockerImage=dummy-docker-image:latest, commitHashToBuild=363cdbf709a9fff149f813ab848ee800a675cc77, assignmentCommitHash=363cdbf709a9fff149f813ab848ee800a675cc77, testCommitHash=a5e046ece417b2e538f21f816e2524dab61e0d10, branch=main, programmingLanguage=JAVA, projectType=PLAIN_GRADLE, scaEnabled=false, sequentialTestRunsEnabled=false, resultPaths=[/var/tmp/testing-dir/**/test-results/test/*.xml], timeoutSeconds=0, assignmentCheckoutPath=null, testCheckoutPath=null, solutionCheckoutPath=null, dockerRunConfig=null], submissionResult=ResultDTO[id=629, completionDate=2025-02-14T23:45:19.799820341Z[Etc/UTC], successful=false, score=0.0, rated=true, submission=SubmissionDTO[id=822, submitted=true, type=MANUAL, exampleSubmission=null, submissionDate=2025-02-14T23:45:19.775952Z, commitHash=363cdbf709a9fff149f813ab848ee800a675cc77, buildFailed=true, buildArtifact=false, participation=ParticipationDTO[id=1979, testRun=false, type=template, submissionCount=null, exercise=ParticipationExerciseDTO[id=2591, exerciseType=PROGRAMMING, type=programming, assessmentType=AUTOMATIC, dueDate=2025-02-16T23:45:18.950569Z, assessmentDueDate=null, maxPoints=42.0, course=CourseDTO[id=974, accuracyOfScores=1]]], submissionExerciseType=programming, isProcessing=false, buildStartDate=null, estimatedCompletionDate=null], participation=ParticipationDTO[id=1979, testRun=false, type=template, submissionCount=null, exercise=ParticipationExerciseDTO[id=2591, exerciseType=PROGRAMMING, type=programming, assessmentType=AUTOMATIC, dueDate=2025-02-16T23:45:18.950569Z, assessmentDueDate=null, maxPoints=42.0, course=CourseDTO[id=974, accuracyOfScores=1]]], feedbacks=[], assessmentType=AUTOMATIC, hasComplaint=null, exampleResult=null, testCaseCount=0, passedTestCaseCount=0, codeIssueCount=0]], BuildJobQueueItem[id=19781739576720235, name=SHORTB2A6C58B0D447045380A858075B170A5B7C6TSTEXC-SOLUTION, buildAgent=BuildAgentDTO[name=artemis-build-agent-test, memberAddress=[127.0.0.1]:5703, displayName=artemis-build-agent-test], participationId=1978, courseId=974, exerciseId=2591, retryCount=0, priority=2, status=FAILED, repositoryInfo=RepositoryInfo[repositoryName=shortb2a6c58b0d447045380a858075b170a5b7c6tstexc-solution, repositoryType=solution, triggeredByPushTo=solution, assignmentRepositoryUri=http://localhost:49152/git/SHORTB2A6C58B0D447045380A858075B170A5B7C6TSTEXC/shortb2a6c58b0d447045380a858075b170a5b7c6tstexc-solution.git, testRepositoryUri=http://localhost:49152/git/SHORTB2A6C58B0D447045380A858075B170A5B7C6TSTEXC/shortb2a6c58b0d447045380a858075b170a5b7c6tstexc-tests.git, solutionRepositoryUri=null, auxiliaryRepositoryUris=[Ljava.lang.String;@3c8ec72b, auxiliaryRepositoryCheckoutDirectories=[Ljava.lang.String;@57661116], jobTimingInfo=JobTimingInfo[submissionDate=2025-02-14T23:45:20.235272325Z[Etc/UTC], buildStartDate=2025-02-14T23:45:20.243033812Z[Etc/UTC], buildCompletionDate=2025-02-14T23:45:20.250721018Z[Etc/UTC], estimatedCompletionDate=2025-02-14T23:45:39.243026949Z[Etc/UTC], estimatedDuration=19], buildConfig=BuildConfig[buildScript=#!/bin/bash
cd /var/tmp/testing-dir
chmod +x ./gradlew
./gradlew clean test
, dockerImage=dummy-docker-image:latest, commitHashToBuild=c710d0e68c9c7db8cda7d1a278308de2b9642cc0, assignmentCommitHash=c710d0e68c9c7db8cda7d1a278308de2b9642cc0, testCommitHash=a5e046ece417b2e538f21f816e2524dab61e0d10, branch=main, programmingLanguage=JAVA, projectType=PLAIN_GRADLE, scaEnabled=false, sequentialTestRunsEnabled=false, resultPaths=[/var/tmp/testing-dir/**/test-results/test/*.xml], timeoutSeconds=0, assignmentCheckoutPath=null, testCheckoutPath=null, solutionCheckoutPath=null, dockerRunConfig=null], submissionResult=ResultDTO[id=630, completionDate=2025-02-14T23:45:20.250809893Z[Etc/UTC], successful=false, score=0.0, rated=true, submission=SubmissionDTO[id=823, submitted=true, type=MANUAL, exampleSubmission=null, submissionDate=2025-02-14T23:45:20.211707Z, commitHash=c710d0e68c9c7db8cda7d1a278308de2b9642cc0, buildFailed=true, buildArtifact=false, participation=ParticipationDTO[id=1978, testRun=false, type=solution, submissionCount=null, exercise=ParticipationExerciseDTO[id=2591, exerciseType=PROGRAMMING, type=programming, assessmentType=AUTOMATIC, dueDate=2025-02-16T23:45:18.950569Z, assessmentDueDate=null, maxPoints=42.0, course=CourseDTO[id=974, accuracyOfScores=1]]], submissionExerciseType=programming, isProcessing=false, buildStartDate=null, estimatedCompletionDate=null], participation=ParticipationDTO[id=1978, testRun=false, type=solution, submissionCount=null, exercise=ParticipationExerciseDTO[id=2591, exerciseType=PROGRAMMING, type=programming, assessmentType=AUTOMATIC, dueDate=2025-02-16T23:45:18.950569Z, assessmentDueDate=null, maxPoints=42.0, course=CourseDTO[id=974, accuracyOfScores=1]]], feedbacks=[], assessmentType=AUTOMATIC, hasComplaint=null, exampleResult=null, testCaseCount=0, passedTestCaseCount=0, codeIssueCount=0]], BuildJobQueueItem[id=19781739576720802, name=SHORTB2A6C58B0D447045380A858075B170A5B7C6TSTEXC-SOLUTION, buildAgent=BuildAgentDTO[name=artemis-build-agent-test, memberAddress=[127.0.0.1]:5703, displayName=artemis-build-agent-test], participationId=1978, courseId=974, exerciseId=2591, retryCount=0, priority=2, status=FAILED, repositoryInfo=RepositoryInfo[repositoryName=shortb2a6c58b0d447045380a858075b170a5b7c6tstexc-solution, repositoryType=solution, triggeredByPushTo=tests, assignmentRepositoryUri=http://localhost:49152/git/SHORTB2A6C58B0D447045380A858075B170A5B7C6TSTEXC/shortb2a6c58b0d447045380a858075b170a5b7c6tstexc-solution.git, testRepositoryUri=http://localhost:49152/git/SHORTB2A6C58B0D447045380A858075B170A5B7C6TSTEXC/shortb2a6c58b0d447045380a858075b170a5b7c6tstexc-tests.git, solutionRepositoryUri=null, auxiliaryRepositoryUris=[Ljava.lang.String;@5275ecaf, auxiliaryRepositoryCheckoutDirectories=[Ljava.lang.String;@5b20c9f6], jobTimingInfo=JobTimingInfo[submissionDate=2025-02-14T23:45:20.802935026Z[Etc/UTC], buildStartDate=2025-02-14T23:45:20.809306435Z[Etc/UTC], buildCompletionDate=2025-02-14T23:45:20.822452342Z[Etc/UTC], estimatedCompletionDate=2025-02-14T23:45:39.809298491Z[Etc/UTC], estimatedDuration=19], buildConfig=BuildConfig[buildScript=#!/bin/bash
cd /var/tmp/testing-dir
chmod +x ./gradlew
./gradlew clean test
, dockerImage=dummy-docker-image:latest, commitHashToBuild=c710d0e68c9c7db8cda7d1a278308de2b9642cc0, assignmentCommitHash=c710d0e68c9c7db8cda7d1a278308de2b9642cc0, testCommitHash=c710d0e68c9c7db8cda7d1a278308de2b9642cc0, branch=main, programmingLanguage=JAVA, projectType=PLAIN_GRADLE, scaEnabled=false, sequentialTestRunsEnabled=false, resultPaths=[/var/tmp/testing-dir/**/test-results/test/*.xml], timeoutSeconds=0, assignmentCheckoutPath=null, testCheckoutPath=null, solutionCheckoutPath=null, dockerRunConfig=null], submissionResult=ResultDTO[id=631, completionDate=2025-02-14T23:45:20.822527362Z[Etc/UTC], successful=false, score=0.0, rated=true, submission=SubmissionDTO[id=824, submitted=true, type=TEST, exampleSubmission=null, submissionDate=2025-02-14T23:45:20.791240Z, commitHash=c710d0e68c9c7db8cda7d1a278308de2b9642cc0, buildFailed=true, buildArtifact=false, participation=ParticipationDTO[id=1978, testRun=false, type=solution, submissionCount=null, exercise=ParticipationExerciseDTO[id=2591, exerciseType=PROGRAMMING, type=programming, assessmentType=AUTOMATIC, dueDate=2025-02-16T23:45:18.950569Z, assessmentDueDate=null, maxPoints=42.0, course=CourseDTO[id=974, accuracyOfScores=1]]], submissionExerciseType=programming, isProcessing=false, buildStartDate=null, estimatedCompletionDate=null], participation=ParticipationDTO[id=1978, testRun=false, type=solution, submissionCount=null, exercise=ParticipationExerciseDTO[id=2591, exerciseType=PROGRAMMING, type=programming, assessmentType=AUTOMATIC, dueDate=2025-02-16T23:45:18.950569Z, assessmentDueDate=null, maxPoints=42.0, course=CourseDTO[id=974, accuracyOfScores=1]]], feedbacks=[], assessmentType=AUTOMATIC, hasComplaint=null, exampleResult=null, testCaseCount=0, passedTestCaseCount=0, codeIssueCount=0]], BuildJobQueueItem[id=20061739576732554, name=SHORT94A899E303D7504C5D0840704DAAFA3DFF4DTSTEXC-LOCALVCCIINTINSTRUCTOR1, buildAgent=BuildAgentDTO[name=artemis-build-agent-test, memberAddress=[127.0.0.1]:5703, displayName=artemis-build-agent-test], participationId=2006, courseId=984, exerciseId=2601, retryCount=0, priority=2, status=SUCCESSFUL, repositoryInfo=RepositoryInfo[repositoryName=short94a899e303d7504c5d0840704daafa3dff4dtstexc-localvcciintinstructor1, repositoryType=user, triggeredByPushTo=user, assignmentRepositoryUri=http://localhost:49152/git/SHORT94A899E303D7504C5D0840704DAAFA3DFF4DTSTEXC/short94a899e303d7504c5d0840704daafa3dff4dtstexc-localvcciintinstructor1.git, testRepositoryUri=http://localhost:49152/git/SHORT94A899E303D7504C5D0840704DAAFA3DFF4DTSTEXC/short94a899e303d7504c5d0840704daafa3dff4dtstexc-tests.git, solutionRepositoryUri=null, auxiliaryRepositoryUris=[Ljava.lang.String;@115dea26, auxiliaryRepositoryCheckoutDirectories=[Ljava.lang.String;@7654b7ba], jobTimingInfo=JobTimingInfo[submissionDate=2025-02-14T23:45:32.554795798Z[Etc/UTC], buildStartDate=2025-02-14T23:45:32.567287465Z[Etc/UTC], buildCompletionDate=2025-02-14T23:45:34.535226768Z[Etc/UTC], estimatedCompletionDate=2025-02-14T23:45:51.567257960Z[Etc/UTC], estimatedDuration=19], buildConfig=BuildConfig[buildScript=#!/bin/bash
cd /var/tmp/testing-dir
chmod +x ./gradlew
./gradlew clean test
, dockerImage=dummy-docker-image:latest, commitHashToBuild=ca2dbc0ae87edf7035058a6a17c0ea60e90a290f, assignmentCommitHash=ca2dbc0ae87edf7035058a6a17c0ea60e90a290f, testCommitHash=0207f6f98af5fbb66ad68455f3fc3cf128af8ae9, branch=main, programmingLanguage=JAVA, projectType=PLAIN_GRADLE, scaEnabled=false, sequentialTestRunsEnabled=false, resultPaths=[/var/tmp/testing-dir/**/test-results/test/*.xml], timeoutSeconds=0, assignmentCheckoutPath=null, testCheckoutPath=null, solutionCheckoutPath=null, dockerRunConfig=null], submissionResult=ResultDTO[id=632, completionDate=2025-02-14T23:45:34.504415716Z[Etc/UTC], successful=false, score=7.7, rated=false, submission=SubmissionDTO[id=826, submitted=true, type=MANUAL, exampleSubmission=null, submissionDate=2025-02-14T23:45:32.541533Z, commitHash=ca2dbc0ae87edf7035058a6a17c0ea60e90a290f, buildFailed=false, buildArtifact=false, participation=ParticipationDTO[id=2006, testRun=true, type=programming, submissionCount=null, exercise=ParticipationExerciseDTO[id=2601, exerciseType=PROGRAMMING, type=programming, assessmentType=AUTOMATIC, dueDate=2025-02-16T23:45:31.864042Z, assessmentDueDate=null, maxPoints=42.0, course=CourseDTO[id=984, accuracyOfScores=1]]], submissionExerciseType=programming, isProcessing=false, buildStartDate=null, estimatedCompletionDate=null], participation=ParticipationDTO[id=2006, testRun=true, type=programming, submissionCount=null, exercise=ParticipationExerciseDTO[id=2601, exerciseType=PROGRAMMING, type=programming, assessmentType=AUTOMATIC, dueDate=2025-02-16T23:45:31.864042Z, assessmentDueDate=null, maxPoints=42.0, course=CourseDTO[id=984, accuracyOfScores=1]]], feedbacks=[FeedbackDTO[id=920, text=null, detailText=The exercise expects a class with the name Context in the package testpackage. You did not implement the class in the exercise., hasLongFeedbackText=false, reference=null, credits=0.0, positive=false, type=AUTOMATIC, visibility=ALWAYS, testCase=TestCaseDTO[testName=null, id=1357]], FeedbackDTO[id=921, text=null, detailText=The exercise expects a class with the name Policy in the package testpackage. You did not implement the class in the exercise., hasLongFeedbackText=false, reference=null, credits=0.0, positive=false, type=AUTOMATIC, visibility=ALWAYS, testCase=TestCaseDTO[testName=null, id=1358]], FeedbackDTO[id=922, text=null, detailText=The exercise expects a class with the name SortStrategy in the package testpackage. You did not implement the class in the exercise., hasLongFeedbackText=false, reference=null, credits=0.0, positive=false, type=AUTOMATIC, visibility=ALWAYS, testCase=TestCaseDTO[testName=null, id=1359]], FeedbackDTO[id=923, text=null, detailText=The class 'MergeSort' does not implement the interface 'SortStrategy' as expected. Implement the interface and its methods., hasLongFeedbackText=false, reference=null, credits=0.0, positive=false, type=AUTOMATIC, visibility=ALWAYS, testCase=TestCaseDTO[testName=null, id=1354]], FeedbackDTO[id=924, text=null, detailText=The exercise expects a class with the name SortStrategy in the package testpackage. You did not implement the class in the exercise., hasLongFeedbackText=false, reference=null, credits=0.0, positive=false, type=AUTOMATIC, visibility=ALWAYS, testCase=TestCaseDTO[testName=null, id=1351]], FeedbackDTO[id=925, text=null, detailText=The class 'BubbleSort' does not implement the interface 'SortStrategy' as expected. Implement the interface and its methods., hasLongFeedbackText=false, reference=null, credits=0.0, positive=false, type=AUTOMATIC, visibility=ALWAYS, testCase=TestCaseDTO[testName=null, id=1355]], FeedbackDTO[id=926, text=null, detailText=MergeSort does not sort correctly, hasLongFeedbackText=false, reference=null, credits=0.0, positive=false, type=AUTOMATIC, visibility=ALWAYS, testCase=TestCaseDTO[testName=null, id=1360]], FeedbackDTO[id=927, text=null, detailText=The class 'Context' was not found within the submission. Make sure to implement it properly., hasLongFeedbackText=false, reference=null, credits=0.0, positive=false, type=AUTOMATIC, visibility=ALWAYS, testCase=TestCaseDTO[testName=null, id=1361]], FeedbackDTO[id=928, text=null, detailText=The class 'Context' was not found within the submission. Make sure to implement it properly., hasLongFeedbackText=false, reference=null, credits=0.0, positive=false, type=AUTOMATIC, visibility=ALWAYS, testCase=TestCaseDTO[testName=null, id=1362]], FeedbackDTO[id=929, text=null, detailText=The exercise expects a class with the name Policy in the package testpackage. You did not implement the class in the exercise., hasLongFeedbackText=false, reference=null, credits=0.0, positive=false, type=AUTOMATIC, visibility=ALWAYS, testCase=TestCaseDTO[testName=null, id=1356]], FeedbackDTO[id=930, text=null, detailText=The exercise expects a class with the name Context in the package testpackage. You did not implement the class in the exercise., hasLongFeedbackText=false, reference=null, credits=0.0, positive=false, type=AUTOMATIC, visibility=ALWAYS, testCase=TestCaseDTO[testName=null, id=1352]], FeedbackDTO[id=931, text=null, detailText=The exercise expects a class with the name Policy in the package testpackage. You did not implement the class in the exercise., hasLongFeedbackText=false, reference=null, credits=0.0, positive=false, type=AUTOMATIC, visibility=ALWAYS, testCase=TestCaseDTO[testName=null, id=1353]], FeedbackDTO[id=932, text=null, detailText=null, hasLongFeedbackText=false, reference=null, credits=3.230769230769231, positive=true, type=AUTOMATIC, visibility=ALWAYS, testCase=TestCaseDTO[testName=null, id=1363]]], assessmentType=AUTOMATIC, hasComplaint=null, exampleResult=null, testCaseCount=13, passedTestCaseCount=1, codeIssueCount=0]], BuildJobQueueItem[id=20111739576737317, name=SHORTD49A6DAE04F9E049850BD5601663FD17A5B7TSTEXC-BASE, buildAgent=BuildAgentDTO[name=artemis-build-agent-test, memberAddress=[127.0.0.1]:5703, displayName=artemis-build-agent-test], participationId=2011, courseId=986, exerciseId=2603, retryCount=0, priority=2, status=SUCCESSFUL, repositoryInfo=RepositoryInfo[repositoryName=shortd49a6dae04f9e049850bd5601663fd17a5b7tstexc-exercise, repositoryType=exercise, triggeredByPushTo=exercise, assignmentRepositoryUri=http://localhost:49152/git/SHORTD49A6DAE04F9E049850BD5601663FD17A5B7TSTEXC/shortd49a6dae04f9e049850bd5601663fd17a5b7tstexc-exercise.git, testRepositoryUri=http://localhost:49152/git/SHORTD49A6DAE04F9E049850BD5601663FD17A5B7TSTEXC/shortd49a6dae04f9e049850bd5601663fd17a5b7tstexc-tests.git, solutionRepositoryUri=null, auxiliaryRepositoryUris=[Ljava.lang.String;@b393d4b, auxiliaryRepositoryCheckoutDirectories=[Ljava.lang.String;@560b2aa3], jobTimingInfo=JobTimingInfo[submissionDate=2025-02-14T23:45:37.317968648Z[Etc/UTC], buildStartDate=2025-02-14T23:45:37.324534774Z[Etc/UTC], buildCompletionDate=2025-02-14T23:45:38.527225461Z[Etc/UTC], estimatedCompletionDate=2025-02-14T23:45:56.324506331Z[Etc/UTC], estimatedDuration=19], buildConfig=BuildConfig[buildScript=#!/bin/bash
cd /var/tmp/testing-dir
chmod +x ./gradlew
./gradlew clean test
, dockerImage=dummy-docker-image:latest, commitHashToBuild=c795243c185829bbefa399f45dcbcfac22311b2f, assignmentCommitHash=c795243c185829bbefa399f45dcbcfac22311b2f, testCommitHash=fa8b162170bf767d852e05e0eb7a128efa2e1f34, branch=main, programmingLanguage=JAVA, projectType=PLAIN_GRADLE, scaEnabled=false, sequentialTestRunsEnabled=false, resultPaths=[/var/tmp/testing-dir/**/test-results/test/*.xml], timeoutSeconds=0, assignmentCheckoutPath=null, testCheckoutPath=null, solutionCheckoutPath=null, dockerRunConfig=null], submissionResult=ResultDTO[id=633, completionDate=2025-02-14T23:45:38.476795726Z[Etc/UTC], successful=false, score=0.0, rated=true, submission=SubmissionDTO[id=827, submitted=true, type=MANUAL, exampleSubmission=null, submissionDate=2025-02-14T23:45:37.303401Z, commitHash=c795243c185829bbefa399f45dcbcfac22311b2f, buildFailed=false, buildArtifact=false, participation=ParticipationDTO[id=2011, testRun=false, type=template, submissionCount=null, exercise=ParticipationExerciseDTO[id=2603, exerciseType=PROGRAMMING, type=programming, assessmentType=AUTOMATIC, dueDate=2025-02-16T23:45:36.830269Z, assessmentDueDate=null, maxPoints=42.0, course=CourseDTO[id=986, accuracyOfScores=1]]], submissionExerciseType=programming, isProcessing=false, buildStartDate=null, estimatedCompletionDate=null], participation=ParticipationDTO[id=2011, testRun=false, type=template, submissionCount=null, exercise=ParticipationExerciseDTO[id=2603, exerciseType=PROGRAMMING, type=programming, assessmentType=AUTOMATIC, dueDate=2025-02-16T23:45:36.830269Z, assessmentDueDate=null, maxPoints=42.0, course=CourseDTO[id=986, accuracyOfScores=1]]], feedbacks=[FeedbackDTO[id=933, text=null, detailText=The exercise expects a class with the name Context in the package testpackage. You did not implement the class in the exercise., hasLongFeedbackText=false, reference=null, credits=0.0, positive=false, type=AUTOMATIC, visibility=ALWAYS, testCase=TestCaseDTO[testName=testMethods[Context], id=1383]], FeedbackDTO[id=934, text=null, detailText=The exercise expects a class with the name Policy in the package testpackage. You did not implement the class in the exercise., hasLongFeedbackText=false, reference=null, credits=0.0, positive=false, type=AUTOMATIC, visibility=ALWAYS, testCase=TestCaseDTO[testName=testMethods[Policy], id=1384]], FeedbackDTO[id=935, text=null, detailText=The exercise expects a class with the name SortStrategy in the package testpackage. You did not implement the class in the exercise., hasLongFeedbackText=false, reference=null, credits=0.0, positive=false, type=AUTOMATIC, visibility=ALWAYS, testCase=TestCaseDTO[testName=testMethods[SortStrategy], id=1385]], FeedbackDTO[id=936, text=null, detailText=The class 'MergeSort' does not implement the interface 'SortStrategy' as expected. Implement the interface and its methods., hasLongFeedbackText=false, reference=null, credits=0.0, positive=false, type=AUTOMATIC, visibility=ALWAYS, testCase=TestCaseDTO[testName=testClass[MergeSort], id=1380]], FeedbackDTO[id=937, text=null, detailText=The exercise expects a class with the name SortStrategy in the package testpackage. You did not implement the class in the exercise., hasLongFeedbackText=false, reference=null, credits=0.0, positive=false, type=AUTOMATIC, visibility=ALWAYS, testCase=TestCaseDTO[testName=testClass[SortStrategy], id=1377]], FeedbackDTO[id=938, text=null, detailText=The class 'BubbleSort' does not implement the interface 'SortStrategy' as expected. Implement the interface and its methods., hasLongFeedbackText=false, reference=null, credits=0.0, positive=false, type=AUTOMATIC, visibility=ALWAYS, testCase=TestCaseDTO[testName=testClass[BubbleSort], id=1381]], FeedbackDTO[id=939, text=null, detailText=MergeSort does not sort correctly, hasLongFeedbackText=false, reference=null, credits=0.0, positive=false, type=AUTOMATIC, visibility=ALWAYS, testCase=TestCaseDTO[testName=testMergeSort(), id=1386]], FeedbackDTO[id=940, text=null, detailText=The class 'Context' was not found within the submission. Make sure to implement it properly., hasLongFeedbackText=false, reference=null, credits=0.0, positive=false, type=AUTOMATIC, visibility=ALWAYS, testCase=TestCaseDTO[testName=testUseBubbleSortForSmallList(), id=1387]], FeedbackDTO[id=941, text=null, detailText=BubbleSort does not sort correctly, hasLongFeedbackText=false, reference=null, credits=0.0, positive=false, type=AUTOMATIC, visibility=ALWAYS, testCase=TestCaseDTO[testName=testBubbleSort(), id=1389]], FeedbackDTO[id=942, text=null, detailText=The class 'Context' was not found within the submission. Make sure to implement it properly., hasLongFeedbackText=false, reference=null, credits=0.0, positive=false, type=AUTOMATIC, visibility=ALWAYS, testCase=TestCaseDTO[testName=testUseMergeSortForBigList(), id=1388]], FeedbackDTO[id=943, text=null, detailText=The exercise expects a class with the name Policy in the package testpackage. You did not implement the class in the exercise., hasLongFeedbackText=false, reference=null, credits=0.0, positive=false, type=AUTOMATIC, visibility=ALWAYS, testCase=TestCaseDTO[testName=testConstructors[Policy], id=1382]], FeedbackDTO[id=944, text=null, detailText=The exercise expects a class with the name Context in the package testpackage. You did not implement the class in the exercise., hasLongFeedbackText=false, reference=null, credits=0.0, positive=false, type=AUTOMATIC, visibility=ALWAYS, testCase=TestCaseDTO[testName=testAttributes[Context], id=1378]], FeedbackDTO[id=945, text=null, detailText=The exercise expects a class with the name Policy in the package testpackage. You did not implement the class in the exercise., hasLongFeedbackText=false, reference=null, credits=0.0, positive=false, type=AUTOMATIC, visibility=ALWAYS, testCase=TestCaseDTO[testName=testAttributes[Policy], id=1379]]], assessmentType=AUTOMATIC, hasComplaint=null, exampleResult=null, testCaseCount=13, passedTestCaseCount=0, codeIssueCount=0]], BuildJobQueueItem[id=20171739576740018, name=SHORT7914AFA00ADC3047140B99D01AC07810CE44TSTEXC-LOCALVCCIINTSTUDENT1, buildAgent=BuildAgentDTO[name=artemis-build-agent-test, memberAddress=[127.0.0.1]:5703, displayName=artemis-build-agent-test], participationId=2017, courseId=988, exerciseId=2605, retryCount=0, priority=2, status=SUCCESSFUL, repositoryInfo=RepositoryInfo[repositoryName=short7914afa00adc3047140b99d01ac07810ce44tstexc-practice-localvcciintstudent1, repositoryType=user, triggeredByPushTo=user, assignmentRepositoryUri=http://localhost:49152/git/SHORT7914AFA00ADC3047140B99D01AC07810CE44TSTEXC/short7914afa00adc3047140b99d01ac07810ce44tstexc-practice-localvcciintstudent1.git, testRepositoryUri=http://localhost:49152/git/SHORT7914AFA00ADC3047140B99D01AC07810CE44TSTEXC/short7914afa00adc3047140b99d01ac07810ce44tstexc-tests.git, solutionRepositoryUri=null, auxiliaryRepositoryUris=[Ljava.lang.String;@2879f69e, auxiliaryRepositoryCheckoutDirectories=[Ljava.lang.String;@7b437d4c], jobTimingInfo=JobTimingInfo[submissionDate=2025-02-14T23:45:40.018961253Z[Etc/UTC], buildStartDate=2025-02-14T23:45:40.029742701Z[Etc/UTC], buildCompletionDate=2025-02-14T23:45:41.150208242Z[Etc/UTC], estimatedCompletionDate=2025-02-14T23:45:59.029734065Z[Etc/UTC], estimatedDuration=19], buildConfig=BuildConfig[buildScript=#!/bin/bash
cd /var/tmp/testing-dir
chmod +x ./gradlew
./gradlew clean test
, dockerImage=dummy-docker-image:latest, commitHashToBuild=d80b57877989b971e83ccdb4863c8a7023c76266, assignmentCommitHash=d80b57877989b971e83ccdb4863c8a7023c76266, testCommitHash=327b116890c92b1312314341f43f21ef13ecf7d7, branch=main, programmingLanguage=JAVA, projectType=PLAIN_GRADLE, scaEnabled=false, sequentialTestRunsEnabled=false, resultPaths=[/var/tmp/testing-dir/**/test-results/test/*.xml], timeoutSeconds=0, assignmentCheckoutPath=null, testCheckoutPath=null, solutionCheckoutPath=null, dockerRunConfig=null], submissionResult=ResultDTO[id=634, completionDate=2025-02-14T23:45:41.120192603Z[Etc/UTC], successful=false, score=7.7, rated=false, submission=SubmissionDTO[id=828, submitted=true, type=MANUAL, exampleSubmission=null, submissionDate=2025-02-14T23:45:40.008666Z, commitHash=d80b57877989b971e83ccdb4863c8a7023c76266, buildFailed=false, buildArtifact=false, participation=ParticipationDTO[id=2017, testRun=true, type=programming, submissionCount=null, exercise=ParticipationExerciseDTO[id=2605, exerciseType=PROGRAMMING, type=programming, assessmentType=AUTOMATIC, dueDate=2025-02-16T23:45:39.523500Z, assessmentDueDate=null, maxPoints=42.0, course=CourseDTO[id=988, accuracyOfScores=1]]], submissionExerciseType=programming, isProcessing=false, buildStartDate=null, estimatedCompletionDate=null], participation=ParticipationDTO[id=2017, testRun=true, type=programming, submissionCount=null, exercise=ParticipationExerciseDTO[id=2605, exerciseType=PROGRAMMING, type=programming, assessmentType=AUTOMATIC, dueDate=2025-02-16T23:45:39.523500Z, assessmentDueDate=null, maxPoints=42.0, course=CourseDTO[id=988, accuracyOfScores=1]]], feedbacks=[FeedbackDTO[id=946, text=null, detailText=The exercise expects a class with the name Context in the package testpackage. You did not implement the class in the exercise., hasLongFeedbackText=false, reference=null, credits=0.0, positive=false, type=AUTOMATIC, visibility=ALWAYS, testCase=TestCaseDTO[testName=null, id=1409]], FeedbackDTO[id=947, text=null, detailText=The exercise expects a class with the name Policy in the package testpackage. You did not implement the class in the exercise., hasLongFeedbackText=false, reference=null, credits=0.0, positive=false, type=AUTOMATIC, visibility=ALWAYS, testCase=TestCaseDTO[testName=null, id=1410]], FeedbackDTO[id=948, text=null, detailText=The exercise expects a class with the name SortStrategy in the package testpackage. You did not implement the class in the exercise., hasLongFeedbackText=false, reference=null, credits=0.0, positive=false, type=AUTOMATIC, visibility=ALWAYS, testCase=TestCaseDTO[testName=null, id=1411]], FeedbackDTO[id=949, text=null, detailText=The class 'MergeSort' does not implement the interface 'SortStrategy' as expected. Implement the interface and its methods., hasLongFeedbackText=false, reference=null, credits=0.0, positive=false, type=AUTOMATIC, visibility=ALWAYS, testCase=TestCaseDTO[testName=null, id=1406]], FeedbackDTO[id=950, text=null, detailText=The exercise expects a class with the name SortStrategy in the package testpackage. You did not implement the class in the exercise., hasLongFeedbackText=false, reference=null, credits=0.0, positive=false, type=AUTOMATIC, visibility=ALWAYS, testCase=TestCaseDTO[testName=null, id=1403]], FeedbackDTO[id=951, text=null, detailText=The class 'BubbleSort' does not implement the interface 'SortStrategy' as expected. Implement the interface and its methods., hasLongFeedbackText=false, reference=null, credits=0.0, positive=false, type=AUTOMATIC, visibility=ALWAYS, testCase=TestCaseDTO[testName=null, id=1407]], FeedbackDTO[id=952, text=null, detailText=MergeSort does not sort correctly, hasLongFeedbackText=false, reference=null, credits=0.0, positive=false, type=AUTOMATIC, visibility=ALWAYS, testCase=TestCaseDTO[testName=null, id=1412]], FeedbackDTO[id=953, text=null, detailText=The class 'Context' was not found within the submission. Make sure to implement it properly., hasLongFeedbackText=false, reference=null, credits=0.0, positive=false, type=AUTOMATIC, visibility=ALWAYS, testCase=TestCaseDTO[testName=null, id=1413]], FeedbackDTO[id=954, text=null, detailText=The class 'Context' was not found within the submission. Make sure to implement it properly., hasLongFeedbackText=false, reference=null, credits=0.0, positive=false, type=AUTOMATIC, visibility=ALWAYS, testCase=TestCaseDTO[testName=null, id=1414]], FeedbackDTO[id=955, text=null, detailText=The exercise expects a class with the name Policy in the package testpackage. You did not implement the class in the exercise., hasLongFeedbackText=false, reference=null, credits=0.0, positive=false, type=AUTOMATIC, visibility=ALWAYS, testCase=TestCaseDTO[testName=null, id=1408]], FeedbackDTO[id=956, text=null, detailText=The exercise expects a class with the name Context in the package testpackage. You did not implement the class in the exercise., hasLongFeedbackText=false, reference=null, credits=0.0, positive=false, type=AUTOMATIC, visibility=ALWAYS, testCase=TestCaseDTO[testName=null, id=1404]], FeedbackDTO[id=957, text=null, detailText=The exercise expects a class with the name Policy in the package testpackage. You did not implement the class in the exercise., hasLongFeedbackText=false, reference=null, credits=0.0, positive=false, type=AUTOMATIC, visibility=ALWAYS, testCase=TestCaseDTO[testName=null, id=1405]], FeedbackDTO[id=958, text=null, detailText=null, hasLongFeedbackText=false, reference=null, credits=3.230769230769231, positive=true, type=AUTOMATIC, visibility=ALWAYS, testCase=TestCaseDTO[testName=null, id=1415]]], assessmentType=AUTOMATIC, hasComplaint=null, exampleResult=null, testCaseCount=13, passedTestCaseCount=1, codeIssueCount=0]], BuildJobQueueItem[id=20261739576743984, name=SHORT53C73BE505404043100AC2F00C039353CE8FTSTEXC-LOCALVCCIINTSTUDENT1, buildAgent=BuildAgentDTO[name=artemis-build-agent-test, memberAddress=[127.0.0.1]:5703, displayName=artemis-build-agent-test], participationId=2026, courseId=991, exerciseId=2608, retryCount=0, priority=1, status=SUCCESSFUL, repositoryInfo=RepositoryInfo[repositoryName=short53c73be505404043100ac2f00c039353ce8ftstexc-localvcciintstudent1, repositoryType=user, triggeredByPushTo=user, assignmentRepositoryUri=http://localhost:49152/git/SHORT53C73BE505404043100AC2F00C039353CE8FTSTEXC/short53c73be505404043100ac2f00c039353ce8ftstexc-localvcciintstudent1.git, testRepositoryUri=http://localhost:49152/git/SHORT53C73BE505404043100AC2F00C039353CE8FTSTEXC/short53c73be505404043100ac2f00c039353ce8ftstexc-tests.git, solutionRepositoryUri=null, auxiliaryRepositoryUris=[Ljava.lang.String;@3952d40a, auxiliaryRepositoryCheckoutDirectories=[Ljava.lang.String;@3603bfb1], jobTimingInfo=JobTimingInfo[submissionDate=2025-02-14T23:45:43.984518859Z[Etc/UTC], buildStartDate=2025-02-14T23:45:43.991385682Z[Etc/UTC], buildCompletionDate=2025-02-14T23:45:44.982059928Z[Etc/UTC], estimatedCompletionDate=2025-02-14T23:46:02.991380122Z[Etc/UTC], estimatedDuration=19], buildConfig=BuildConfig[buildScript=#!/bin/bash
cd /var/tmp/testing-dir
chmod +x ./gradlew
./gradlew clean test
, dockerImage=dummy-docker-image:latest, commitHashToBuild=3e90ae9fef2e44ffb41451a080bdaa6a44ad6848, assignmentCommitHash=3e90ae9fef2e44ffb41451a080bdaa6a44ad6848, testCommitHash=0582754c87aae13e640312855ce7dbe490ecb50c, branch=main, programmingLanguage=JAVA, projectType=PLAIN_GRADLE, scaEnabled=false, sequentialTestRunsEnabled=false, resultPaths=[/var/tmp/testing-dir/**/test-results/test/*.xml], timeoutSeconds=0, assignmentCheckoutPath=null, testCheckoutPath=null, solutionCheckoutPath=null, dockerRunConfig=null], submissionResult=ResultDTO[id=635, completionDate=2025-02-14T23:45:44.961313737Z[Etc/UTC], successful=false, score=7.7, rated=true, submission=SubmissionDTO[id=829, submitted=true, type=MANUAL, exampleSubmission=null, submissionDate=2025-02-14T23:45:43.967766Z, commitHash=3e90ae9fef2e44ffb41451a080bdaa6a44ad6848, buildFailed=false, buildArtifact=false, participation=ParticipationDTO[id=2026, testRun=false, type=programming, submissionCount=null, exercise=ParticipationExerciseDTO[id=2608, exerciseType=PROGRAMMING, type=programming, assessmentType=AUTOMATIC, dueDate=2025-02-16T23:45:43.597978Z, assessmentDueDate=null, maxPoints=42.0, course=CourseDTO[id=991, accuracyOfScores=1]]], submissionExerciseType=programming, isProcessing=false, buildStartDate=null, estimatedCompletionDate=null], participation=ParticipationDTO[id=2026, testRun=false, type=programming, submissionCount=null, exercise=ParticipationExerciseDTO[id=2608, exerciseType=PROGRAMMING, type=programming, assessmentType=AUTOMATIC, dueDate=2025-02-16T23:45:43.597978Z, assessmentDueDate=null, maxPoints=42.0, course=CourseDTO[id=991, accuracyOfScores=1]]], feedbacks=[FeedbackDTO[id=959, text=null, detailText=The exercise expects a class with the name Context in the package testpackage. You did not implement the class in the exercise., hasLongFeedbackText=false, reference=null, credits=0.0, positive=false, type=AUTOMATIC, visibility=ALWAYS, testCase=TestCaseDTO[testName=null, id=1448]], FeedbackDTO[id=960, text=null, detailText=The exercise expects a class with the name Policy in the package testpackage. You did not implement the class in the exercise., hasLongFeedbackText=false, reference=null, credits=0.0, positive=false, type=AUTOMATIC, visibility=ALWAYS, testCase=TestCaseDTO[testName=null, id=1449]], FeedbackDTO[id=961, text=null, detailText=The exercise expects a class with the name SortStrategy in the package testpackage. You did not implement the class in the exercise., hasLongFeedbackText=false, reference=null, credits=0.0, positive=false, type=AUTOMATIC, visibility=ALWAYS, testCase=TestCaseDTO[testName=null, id=1450]], FeedbackDTO[id=962, text=null, detailText=The class 'MergeSort' does not implement the interface 'SortStrategy' as expected. Implement the interface and its methods., hasLongFeedbackText=false, reference=null, credits=0.0, positive=false, type=AUTOMATIC, visibility=ALWAYS, testCase=TestCaseDTO[testName=null, id=1445]], FeedbackDTO[id=963, text=null, detailText=The exercise expects a class with the name SortStrategy in the package testpackage. You did not implement the class in the exercise., hasLongFeedbackText=false, reference=null, credits=0.0, positive=false, type=AUTOMATIC, visibility=ALWAYS, testCase=TestCaseDTO[testName=null, id=1442]], FeedbackDTO[id=964, text=null, detailText=The class 'BubbleSort' does not implement the interface 'SortStrategy' as expected. Implement the interface and its methods., hasLongFeedbackText=false, reference=null, credits=0.0, positive=false, type=AUTOMATIC, visibility=ALWAYS, testCase=TestCaseDTO[testName=null, id=1446]], FeedbackDTO[id=965, text=null, detailText=MergeSort does not sort correctly, hasLongFeedbackText=false, reference=null, credits=0.0, positive=false, type=AUTOMATIC, visibility=ALWAYS, testCase=TestCaseDTO[testName=null, id=1451]], FeedbackDTO[id=966, text=null, detailText=The class 'Context' was not found within the submission. Make sure to implement it properly., hasLongFeedbackText=false, reference=null, credits=0.0, positive=false, type=AUTOMATIC, visibility=ALWAYS, testCase=TestCaseDTO[testName=null, id=1452]], FeedbackDTO[id=967, text=null, detailText=The class 'Context' was not found within the submission. Make sure to implement it properly., hasLongFeedbackText=false, reference=null, credits=0.0, positive=false, type=AUTOMATIC, visibility=ALWAYS, testCase=TestCaseDTO[testName=null, id=1453]], FeedbackDTO[id=968, text=null, detailText=The exercise expects a class with the name Policy in the package testpackage. You did not implement the class in the exercise., hasLongFeedbackText=false, reference=null, credits=0.0, positive=false, type=AUTOMATIC, visibility=ALWAYS, testCase=TestCaseDTO[testName=null, id=1447]], FeedbackDTO[id=969, text=null, detailText=The exercise expects a class with the name Context in the package testpackage. You did not implement the class in the exercise., hasLongFeedbackText=false, reference=null, credits=0.0, positive=false, type=AUTOMATIC, visibility=ALWAYS, testCase=TestCaseDTO[testName=null, id=1443]], FeedbackDTO[id=970, text=null, detailText=The exercise expects a class with the name Policy in the package testpackage. You did not implement the class in the exercise., hasLongFeedbackText=false, reference=null, credits=0.0, positive=false, type=AUTOMATIC, visibility=ALWAYS, testCase=TestCaseDTO[testName=null, id=1444]], FeedbackDTO[id=971, text=null, detailText=null, hasLongFeedbackText=false, reference=null, credits=3.230769230769231, positive=true, type=AUTOMATIC, visibility=ALWAYS, testCase=TestCaseDTO[testName=null, id=1454]]], assessmentType=AUTOMATIC, hasComplaint=null, exampleResult=null, testCaseCount=13, passedTestCaseCount=1, codeIssueCount=0]], BuildJobQueueItem[id=20271739576746886, name=SHORT0FC863930E92904248098A506171F81CF6CFTSTEXC-SOLUTION, buildAgent=BuildAgentDTO[name=artemis-build-agent-test, memberAddress=[127.0.0.1]:5703, displayName=artemis-build-agent-test], participationId=2027, courseId=992, exerciseId=2609, retryCount=0, priority=2, status=SUCCESSFUL, repositoryInfo=RepositoryInfo[repositoryName=short0fc863930e92904248098a506171f81cf6cftstexc-solution, repositoryType=solution, triggeredByPushTo=auxiliary, assignmentRepositoryUri=http://localhost:49152/git/SHORT0FC863930E92904248098A506171F81CF6CFTSTEXC/short0fc863930e92904248098a506171f81cf6cftstexc-solution.git, testRepositoryUri=http://localhost:49152/git/SHORT0FC863930E92904248098A506171F81CF6CFTSTEXC/short0fc863930e92904248098a506171f81cf6cftstexc-tests.git, solutionRepositoryUri=null, auxiliaryRepositoryUris=[Ljava.lang.String;@512972e9, auxiliaryRepositoryCheckoutDirectories=[Ljava.lang.String;@3160dc9d], jobTimingInfo=JobTimingInfo[submissionDate=2025-02-14T23:45:46.886984066Z[Etc/UTC], buildStartDate=2025-02-14T23:45:46.897709578Z[Etc/UTC], buildCompletionDate=2025-02-14T23:45:48.628460156Z[Etc/UTC], estimatedCompletionDate=2025-02-14T23:46:05.897701272Z[Etc/UTC], estimatedDuration=19], buildConfig=BuildConfig[buildScript=#!/bin/bash
cd /var/tmp/testing-dir
chmod +x ./gradlew
./gradlew clean test
, dockerImage=dummy-docker-image:latest, commitHashToBuild=null, assignmentCommitHash=115a2e943bee242fdad360b50d8ad5f30792577e, testCommitHash=9b3a9bd71a0d80e5bbc42204c319ed3d1d4f0d6d, branch=main, programmingLanguage=JAVA, projectType=PLAIN_GRADLE, scaEnabled=false, sequentialTestRunsEnabled=false, resultPaths=[/var/tmp/testing-dir/**/test-results/test/*.xml], timeoutSeconds=0, assignmentCheckoutPath=null, testCheckoutPath=null, solutionCheckoutPath=null, dockerRunConfig=null], submissionResult=ResultDTO[id=636, completionDate=2025-02-14T23:45:48.593370968Z[Etc/UTC], successful=true, score=100.0, rated=true, submission=SubmissionDTO[id=830, submitted=true, type=TEST, exampleSubmission=null, submissionDate=2025-02-14T23:45:46.873671Z, commitHash=9b3a9bd71a0d80e5bbc42204c319ed3d1d4f0d6d, buildFailed=false, buildArtifact=false, participation=ParticipationDTO[id=2027, testRun=false, type=solution, submissionCount=null, exercise=ParticipationExerciseDTO[id=2609, exerciseType=PROGRAMMING, type=programming, assessmentType=AUTOMATIC, dueDate=2025-02-16T23:45:46.386304Z, assessmentDueDate=null, maxPoints=42.0, course=CourseDTO[id=992, accuracyOfScores=1]]], submissionExerciseType=programming, isProcessing=false, buildStartDate=null, estimatedCompletionDate=null], participation=ParticipationDTO[id=2027, testRun=false, type=solution, submissionCount=null, exercise=ParticipationExerciseDTO[id=2609, exerciseType=PROGRAMMING, type=programming, assessmentType=AUTOMATIC, dueDate=2025-02-16T23:45:46.386304Z, assessmentDueDate=null, maxPoints=42.0, course=CourseDTO[id=992, accuracyOfScores=1]]], feedbacks=[FeedbackDTO[id=972, text=null, detailText=null, hasLongFeedbackText=false, reference=null, credits=3.230769230769231, positive=true, type=AUTOMATIC, visibility=ALWAYS, testCase=TestCaseDTO[testName=testMethods[Context], id=1461]], FeedbackDTO[id=973, text=null, detailText=null, hasLongFeedbackText=false, reference=null, credits=3.230769230769231, positive=true, type=AUTOMATIC, visibility=ALWAYS, testCase=TestCaseDTO[testName=testMethods[Policy], id=1462]], FeedbackDTO[id=974, text=null, detailText=null, hasLongFeedbackText=false, reference=null, credits=3.230769230769231, positive=true, type=AUTOMATIC, visibility=ALWAYS, testCase=TestCaseDTO[testName=testMethods[SortStrategy], id=1463]], FeedbackDTO[id=975, text=null, detailText=null, hasLongFeedbackText=false, reference=null, credits=3.230769230769231, positive=true, type=AUTOMATIC, visibility=ALWAYS, testCase=TestCaseDTO[testName=testClass[MergeSort], id=1458]], FeedbackDTO[id=976, text=null, detailText=null, hasLongFeedbackText=false, reference=null, credits=3.230769230769231, positive=true, type=AUTOMATIC, visibility=ALWAYS, testCase=TestCaseDTO[testName=testClass[SortStrategy], id=1455]], FeedbackDTO[id=977, text=null, detailText=null, hasLongFeedbackText=false, reference=null, credits=3.230769230769231, positive=true, type=AUTOMATIC, visibility=ALWAYS, testCase=TestCaseDTO[testName=testClass[BubbleSort], id=1459]], FeedbackDTO[id=978, text=null, detailText=null, hasLongFeedbackText=false, reference=null, credits=3.230769230769231, positive=true, type=AUTOMATIC, visibility=ALWAYS, testCase=TestCaseDTO[testName=testMergeSort(), id=1464]], FeedbackDTO[id=979, text=null, detailText=null, hasLongFeedbackText=false, reference=null, credits=3.230769230769231, positive=true, type=AUTOMATIC, visibility=ALWAYS, testCase=TestCaseDTO[testName=testUseBubbleSortForSmallList(), id=1465]], FeedbackDTO[id=980, text=null, detailText=null, hasLongFeedbackText=false, reference=null, credits=3.230769230769231, positive=true, type=AUTOMATIC, visibility=ALWAYS, testCase=TestCaseDTO[testName=testBubbleSort(), id=1467]], FeedbackDTO[id=981, text=null, detailText=null, hasLongFeedbackText=false, reference=null, credits=3.230769230769231, positive=true, type=AUTOMATIC, visibility=ALWAYS, testCase=TestCaseDTO[testName=testUseMergeSortForBigList(), id=1466]], FeedbackDTO[id=982, text=null, detailText=null, hasLongFeedbackText=false, reference=null, credits=3.230769230769231, positive=true, type=AUTOMATIC, visibility=ALWAYS, testCase=TestCaseDTO[testName=testConstructors[Policy], id=1460]], FeedbackDTO[id=983, text=null, detailText=null, hasLongFeedbackText=false, reference=null, credits=3.230769230769231, positive=true, type=AUTOMATIC, visibility=ALWAYS, testCase=TestCaseDTO[testName=testAttributes[Context], id=1456]], FeedbackDTO[id=984, text=null, detailText=null, hasLongFeedbackText=false, reference=null, credits=3.230769230769231, positive=true, type=AUTOMATIC, visibility=ALWAYS, testCase=TestCaseDTO[testName=testAttributes[Policy], id=1457]]], assessmentType=AUTOMATIC, hasComplaint=null, exampleResult=null, testCaseCount=13, passedTestCaseCount=13, codeIssueCount=0]], BuildJobQueueItem[id=20281739576748768, name=SHORT0FC863930E92904248098A506171F81CF6CFTSTEXC-BASE, buildAgent=BuildAgentDTO[name=artemis-build-agent-test, memberAddress=[127.0.0.1]:5703, displayName=artemis-build-agent-test], participationId=2028, courseId=992, exerciseId=2609, retryCount=0, priority=2, status=SUCCESSFUL, repositoryInfo=RepositoryInfo[repositoryName=short0fc863930e92904248098a506171f81cf6cftstexc-exercise, repositoryType=exercise, triggeredByPushTo=auxiliary, assignmentRepositoryUri=http://localhost:49152/git/SHORT0FC863930E92904248098A506171F81CF6CFTSTEXC/short0fc863930e92904248098a506171f81cf6cftstexc-exercise.git, testRepositoryUri=http://localhost:49152/git/SHORT0FC863930E92904248098A506171F81CF6CFTSTEXC/short0fc863930e92904248098a506171f81cf6cftstexc-tests.git, solutionRepositoryUri=null, auxiliaryRepositoryUris=[Ljava.lang.String;@1e3dac3f, auxiliaryRepositoryCheckoutDirectories=[Ljava.lang.String;@35e8767e], jobTimingInfo=JobTimingInfo[submissionDate=2025-02-14T23:45:48.768063548Z[Etc/UTC], buildStartDate=2025-02-14T23:45:48.802531989Z[Etc/UTC], buildCompletionDate=2025-02-14T23:45:50.482681367Z[Etc/UTC], estimatedCompletionDate=2025-02-14T23:45:50.802523092Z[Etc/UTC], estimatedDuration=2], buildConfig=BuildConfig[buildScript=#!/bin/bash
cd /var/tmp/testing-dir
chmod +x ./gradlew
./gradlew clean test
, dockerImage=dummy-docker-image:latest, commitHashToBuild=9b3a9bd71a0d80e5bbc42204c319ed3d1d4f0d6d, assignmentCommitHash=115a2e943bee242fdad360b50d8ad5f30792577e, testCommitHash=9b3a9bd71a0d80e5bbc42204c319ed3d1d4f0d6d, branch=main, programmingLanguage=JAVA, projectType=PLAIN_GRADLE, scaEnabled=false, sequentialTestRunsEnabled=false, resultPaths=[/var/tmp/testing-dir/**/test-results/test/*.xml], timeoutSeconds=0, assignmentCheckoutPath=null, testCheckoutPath=null, solutionCheckoutPath=null, dockerRunConfig=null], submissionResult=ResultDTO[id=637, completionDate=2025-02-14T23:45:50.449084694Z[Etc/UTC], successful=false, score=0.0, rated=true, submission=SubmissionDTO[id=831, submitted=true, type=TEST, exampleSubmission=null, submissionDate=2025-02-14T23:45:48.761177Z, commitHash=9b3a9bd71a0d80e5bbc42204c319ed3d1d4f0d6d, buildFailed=false, buildArtifact=false, participation=ParticipationDTO[id=2028, testRun=false, type=template, submissionCount=null, exercise=ParticipationExerciseDTO[id=2609, exerciseType=PROGRAMMING, type=programming, assessmentType=AUTOMATIC, dueDate=2025-02-16T23:45:46.386304Z, assessmentDueDate=null, maxPoints=42.0, course=CourseDTO[id=992, accuracyOfScores=1]]], submissionExerciseType=programming, isProcessing=false, buildStartDate=null, estimatedCompletionDate=null], participation=ParticipationDTO[id=2028, testRun=false, type=template, submissionCount=null, exercise=ParticipationExerciseDTO[id=2609, exerciseType=PROGRAMMING, type=programming, assessmentType=AUTOMATIC, dueDate=2025-02-16T23:45:46.386304Z, assessmentDueDate=null, maxPoints=42.0, course=CourseDTO[id=992, accuracyOfScores=1]]], feedbacks=[FeedbackDTO[id=985, text=null, detailText=The exercise expects a class with the name Context in the package testpackage. You did not implement the class in the exercise., hasLongFeedbackText=false, reference=null, credits=0.0, positive=false, type=AUTOMATIC, visibility=ALWAYS, testCase=TestCaseDTO[testName=testMethods[Context], id=1461]], FeedbackDTO[id=986, text=null, detailText=The exercise expects a class with the name Policy in the package testpackage. You did not implement the class in the exercise., hasLongFeedbackText=false, reference=null, credits=0.0, positive=false, type=AUTOMATIC, visibility=ALWAYS, testCase=TestCaseDTO[testName=testMethods[Policy], id=1462]], FeedbackDTO[id=987, text=null, detailText=The exercise expects a class with the name SortStrategy in the package testpackage. You did not implement the class in the exercise., hasLongFeedbackText=false, reference=null, credits=0.0, positive=false, type=AUTOMATIC, visibility=ALWAYS, testCase=TestCaseDTO[testName=testMethods[SortStrategy], id=1463]], FeedbackDTO[id=988, text=null, detailText=The class 'MergeSort' does not implement the interface 'SortStrategy' as expected. Implement the interface and its methods., hasLongFeedbackText=false, reference=null, credits=0.0, positive=false, type=AUTOMATIC, visibility=ALWAYS, testCase=TestCaseDTO[testName=testClass[MergeSort], id=1458]], FeedbackDTO[id=989, text=null, detailText=The exercise expects a class with the name SortStrategy in the package testpackage. You did not implement the class in the exercise., hasLongFeedbackText=false, reference=null, credits=0.0, positive=false, type=AUTOMATIC, visibility=ALWAYS, testCase=TestCaseDTO[testName=testClass[SortStrategy], id=1455]], FeedbackDTO[id=990, text=null, detailText=The class 'BubbleSort' does not implement the interface 'SortStrategy' as expected. Implement the interface and its methods., hasLongFeedbackText=false, reference=null, credits=0.0, positive=false, type=AUTOMATIC, visibility=ALWAYS, testCase=TestCaseDTO[testName=testClass[BubbleSort], id=1459]], FeedbackDTO[id=991, text=null, detailText=MergeSort does not sort correctly, hasLongFeedbackText=false, reference=null, credits=0.0, positive=false, type=AUTOMATIC, visibility=ALWAYS, testCase=TestCaseDTO[testName=testMergeSort(), id=1464]], FeedbackDTO[id=992, text=null, detailText=The class 'Context' was not found within the submission. Make sure to implement it properly., hasLongFeedbackText=false, reference=null, credits=0.0, positive=false, type=AUTOMATIC, visibility=ALWAYS, testCase=TestCaseDTO[testName=testUseBubbleSortForSmallList(), id=1465]], FeedbackDTO[id=993, text=null, detailText=BubbleSort does not sort correctly, hasLongFeedbackText=false, reference=null, credits=0.0, positive=false, type=AUTOMATIC, visibility=ALWAYS, testCase=TestCaseDTO[testName=testBubbleSort(), id=1467]], FeedbackDTO[id=994, text=null, detailText=The class 'Context' was not found within the submission. Make sure to implement it properly., hasLongFeedbackText=false, reference=null, credits=0.0, positive=false, type=AUTOMATIC, visibility=ALWAYS, testCase=TestCaseDTO[testName=testUseMergeSortForBigList(), id=1466]], FeedbackDTO[id=995, text=null, detailText=The exercise expects a class with the name Policy in the package testpackage. You did not implement the class in the exercise., hasLongFeedbackText=false, reference=null, credits=0.0, positive=false, type=AUTOMATIC, visibility=ALWAYS, testCase=TestCaseDTO[testName=testConstructors[Policy], id=1460]], FeedbackDTO[id=996, text=null, detailText=The exercise expects a class with the name Context in the package testpackage. You did not implement the class in the exercise., hasLongFeedbackText=false, reference=null, credits=0.0, positive=false, type=AUTOMATIC, visibility=ALWAYS, testCase=TestCaseDTO[testName=testAttributes[Context], id=1456]], FeedbackDTO[id=997, text=null, detailText=The exercise expects a class with the name Policy in the package testpackage. You did not implement the class in the exercise., hasLongFeedbackText=false, reference=null, credits=0.0, positive=false, type=AUTOMATIC, visibility=ALWAYS, testCase=TestCaseDTO[testName=testAttributes[Policy], id=1457]]], assessmentType=AUTOMATIC, hasComplaint=null, exampleResult=null, testCaseCount=13, passedTestCaseCount=0, codeIssueCount=0]], BuildJobQueueItem[id=20291739576751299, name=SHORT716C2EC10B19B049C80A2F00B97EAB20B2A9TSTEXC-SOLUTION, buildAgent=BuildAgentDTO[name=artemis-build-agent-test, memberAddress=[127.0.0.1]:5703, displayName=artemis-build-agent-test], participationId=2029, courseId=993, exerciseId=2610, retryCount=0, priority=2, status=SUCCESSFUL, repositoryInfo=RepositoryInfo[repositoryName=short716c2ec10b19b049c80a2f00b97eab20b2a9tstexc-solution, repositoryType=solution, triggeredByPushTo=tests, assignmentRepositoryUri=http://localhost:49152/git/SHORT716C2EC10B19B049C80A2F00B97EAB20B2A9TSTEXC/short716c2ec10b19b049c80a2f00b97eab20b2a9tstexc-solution.git, testRepositoryUri=http://localhost:49152/git/SHORT716C2EC10B19B049C80A2F00B97EAB20B2A9TSTEXC/short716c2ec10b19b049c80a2f00b97eab20b2a9tstexc-tests.git, solutionRepositoryUri=null, auxiliaryRepositoryUris=[Ljava.lang.String;@2fcce410, auxiliaryRepositoryCheckoutDirectories=[Ljava.lang.String;@187f5140], jobTimingInfo=JobTimingInfo[submissionDate=2025-02-14T23:45:51.299892174Z[Etc/UTC], buildStartDate=2025-02-14T23:45:51.314028505Z[Etc/UTC], buildCompletionDate=2025-02-14T23:45:52.158312850Z[Etc/UTC], estimatedCompletionDate=2025-02-14T23:46:10.314021752Z[Etc/UTC], estimatedDuration=19], buildConfig=BuildConfig[buildScript=#!/bin/bash
cd /var/tmp/testing-dir
chmod +x ./gradlew
./gradlew clean test
, dockerImage=dummy-docker-image:latest, commitHashToBuild=1e531733ed6e9237f710b528d1eb0b7beac565fd, assignmentCommitHash=815e279f12ad296b4f24c44134a07293c04c010f, testCommitHash=1e531733ed6e9237f710b528d1eb0b7beac565fd, branch=main, programmingLanguage=JAVA, projectType=PLAIN_GRADLE, scaEnabled=false, sequentialTestRunsEnabled=false, resultPaths=[/var/tmp/testing-dir/**/test-results/test/*.xml], timeoutSeconds=0, assignmentCheckoutPath=null, testCheckoutPath=null, solutionCheckoutPath=null, dockerRunConfig=null], submissionResult=ResultDTO[id=638, completionDate=2025-02-14T23:45:52.146826070Z[Etc/UTC], successful=true, score=100.0, rated=true, submission=SubmissionDTO[id=832, submitted=true, type=TEST, exampleSubmission=null, submissionDate=2025-02-14T23:45:51.275713Z, commitHash=1e531733ed6e9237f710b528d1eb0b7beac565fd, buildFailed=false, buildArtifact=false, participation=ParticipationDTO[id=2029, testRun=false, type=solution, submissionCount=null, exercise=ParticipationExerciseDTO[id=2610, exerciseType=PROGRAMMING, type=programming, assessmentType=AUTOMATIC, dueDate=2025-02-16T23:45:50.869093Z, assessmentDueDate=null, maxPoints=42.0, course=CourseDTO[id=993, accuracyOfScores=1]]], submissionExerciseType=programming, isProcessing=false, buildStartDate=null, estimatedCompletionDate=null], participation=ParticipationDTO[id=2029, testRun=false, type=solution, submissionCount=null, exercise=ParticipationExerciseDTO[id=2610, exerciseType=PROGRAMMING, type=programming, assessmentType=AUTOMATIC, dueDate=2025-02-16T23:45:50.869093Z, assessmentDueDate=null, maxPoints=42.0, course=CourseDTO[id=993, accuracyOfScores=1]]], feedbacks=[FeedbackDTO[id=998, text=null, detailText=null, hasLongFeedbackText=false, reference=null, credits=3.230769230769231, positive=true, type=AUTOMATIC, visibility=ALWAYS, testCase=TestCaseDTO[testName=testMethods[Context], id=1474]], FeedbackDTO[id=999, text=null, detailText=null, hasLongFeedbackText=false, reference=null, credits=3.230769230769231, positive=true, type=AUTOMATIC, visibility=ALWAYS, testCase=TestCaseDTO[testName=testMethods[Policy], id=1475]], FeedbackDTO[id=1000, text=null, detailText=null, hasLongFeedbackText=false, reference=null, credits=3.230769230769231, positive=true, type=AUTOMATIC, visibility=ALWAYS, testCase=TestCaseDTO[testName=testMethods[SortStrategy], id=1476]], FeedbackDTO[id=1001, text=null, detailText=null, hasLongFeedbackText=false, reference=null, credits=3.230769230769231, positive=true, type=AUTOMATIC, visibility=ALWAYS, testCase=TestCaseDTO[testName=testClass[MergeSort], id=1471]], FeedbackDTO[id=1002, text=null, detailText=null, hasLongFeedbackText=false, reference=null, credits=3.230769230769231, positive=true, type=AUTOMATIC, visibility=ALWAYS, testCase=TestCaseDTO[testName=testClass[SortStrategy], id=1468]], FeedbackDTO[id=1003, text=null, detailText=null, hasLongFeedbackText=false, reference=null, credits=3.230769230769231, positive=true, type=AUTOMATIC, visibility=ALWAYS, testCase=TestCaseDTO[testName=testClass[BubbleSort], id=1472]], FeedbackDTO[id=1004, text=null, detailText=null, hasLongFeedbackText=false, reference=null, credits=3.230769230769231, positive=true, type=AUTOMATIC, visibility=ALWAYS, testCase=TestCaseDTO[testName=testMergeSort(), id=1477]], FeedbackDTO[id=1005, text=null, detailText=null, hasLongFeedbackText=false, reference=null, credits=3.230769230769231, positive=true, type=AUTOMATIC, visibility=ALWAYS, testCase=TestCaseDTO[testName=testUseBubbleSortForSmallList(), id=1478]], FeedbackDTO[id=1006, text=null, detailText=null, hasLongFeedbackText=false, reference=null, credits=3.230769230769231, positive=true, type=AUTOMATIC, visibility=ALWAYS, testCase=TestCaseDTO[testName=testBubbleSort(), id=1480]], FeedbackDTO[id=1007, text=null, detailText=null, hasLongFeedbackText=false, reference=null, credits=3.230769230769231, positive=true, type=AUTOMATIC, visibility=ALWAYS, testCase=TestCaseDTO[testName=testUseMergeSortForBigList(), id=1479]], FeedbackDTO[id=1008, text=null, detailText=null, hasLongFeedbackText=false, reference=null, credits=3.230769230769231, positive=true, type=AUTOMATIC, visibility=ALWAYS, testCase=TestCaseDTO[testName=testConstructors[Policy], id=1473]], FeedbackDTO[id=1009, text=null, detailText=null, hasLongFeedbackText=false, reference=null, credits=3.230769230769231, positive=true, type=AUTOMATIC, visibility=ALWAYS, testCase=TestCaseDTO[testName=testAttributes[Context], id=1469]], FeedbackDTO[id=1010, text=null, detailText=null, hasLongFeedbackText=false, reference=null, credits=3.230769230769231, positive=true, type=AUTOMATIC, visibility=ALWAYS, testCase=TestCaseDTO[testName=testAttributes[Policy], id=1470]]], assessmentType=AUTOMATIC, hasComplaint=null, exampleResult=null, testCaseCount=13, passedTestCaseCount=13, codeIssueCount=0]], BuildJobQueueItem[id=20301739576752239, name=SHORT716C2EC10B19B049C80A2F00B97EAB20B2A9TSTEXC-BASE, buildAgent=BuildAgentDTO[name=artemis-build-agent-test, memberAddress=[127.0.0.1]:5703, displayName=artemis-build-agent-test], participationId=2030, courseId=993, exerciseId=2610, retryCount=0, priority=2, status=SUCCESSFUL, repositoryInfo=RepositoryInfo[repositoryName=short716c2ec10b19b049c80a2f00b97eab20b2a9tstexc-exercise, repositoryType=exercise, triggeredByPushTo=tests, assignmentRepositoryUri=http://localhost:49152/git/SHORT716C2EC10B19B049C80A2F00B97EAB20B2A9TSTEXC/short716c2ec10b19b049c80a2f00b97eab20b2a9tstexc-exercise.git, testRepositoryUri=http://localhost:49152/git/SHORT716C2EC10B19B049C80A2F00B97EAB20B2A9TSTEXC/short716c2ec10b19b049c80a2f00b97eab20b2a9tstexc-tests.git, solutionRepositoryUri=null, auxiliaryRepositoryUris=[Ljava.lang.String;@6b505a24, auxiliaryRepositoryCheckoutDirectories=[Ljava.lang.String;@1dfd8ab6], jobTimingInfo=JobTimingInfo[submissionDate=2025-02-14T23:45:52.239402475Z[Etc/UTC], buildStartDate=2025-02-14T23:45:52.258713639Z[Etc/UTC], buildCompletionDate=2025-02-14T23:45:53.238773956Z[Etc/UTC], estimatedCompletionDate=2025-02-14T23:45:53.258707428Z[Etc/UTC], estimatedDuration=1], buildConfig=BuildConfig[buildScript=#!/bin/bash
cd /var/tmp/testing-dir
chmod +x ./gradlew
./gradlew clean test
, dockerImage=dummy-docker-image:latest, commitHashToBuild=1e531733ed6e9237f710b528d1eb0b7beac565fd, assignmentCommitHash=815e279f12ad296b4f24c44134a07293c04c010f, testCommitHash=1e531733ed6e9237f710b528d1eb0b7beac565fd, branch=main, programmingLanguage=JAVA, projectType=PLAIN_GRADLE, scaEnabled=false, sequentialTestRunsEnabled=false, resultPaths=[/var/tmp/testing-dir/**/test-results/test/*.xml], timeoutSeconds=0, assignmentCheckoutPath=null, testCheckoutPath=null, solutionCheckoutPath=null, dockerRunConfig=null], submissionResult=ResultDTO[id=639, completionDate=2025-02-14T23:45:53.225806205Z[Etc/UTC], successful=false, score=0.0, rated=true, submission=SubmissionDTO[id=833, submitted=true, type=TEST, exampleSubmission=null, submissionDate=2025-02-14T23:45:52.237179Z, commitHash=1e531733ed6e9237f710b528d1eb0b7beac565fd, buildFailed=false, buildArtifact=false, participation=ParticipationDTO[id=2030, testRun=false, type=template, submissionCount=null, exercise=ParticipationExerciseDTO[id=2610, exerciseType=PROGRAMMING, type=programming, assessmentType=AUTOMATIC, dueDate=2025-02-16T23:45:50.869093Z, assessmentDueDate=null, maxPoints=42.0, course=CourseDTO[id=993, accuracyOfScores=1]]], submissionExerciseType=programming, isProcessing=false, buildStartDate=null, estimatedCompletionDate=null], participation=ParticipationDTO[id=2030, testRun=false, type=template, submissionCount=null, exercise=ParticipationExerciseDTO[id=2610, exerciseType=PROGRAMMING, type=programming, assessmentType=AUTOMATIC, dueDate=2025-02-16T23:45:50.869093Z, assessmentDueDate=null, maxPoints=42.0, course=CourseDTO[id=993, accuracyOfScores=1]]], feedbacks=[FeedbackDTO[id=1011, text=null, detailText=The exercise expects a class with the name Context in the package testpackage. You did not implement the class in the exercise., hasLongFeedbackText=false, reference=null, credits=0.0, positive=false, type=AUTOMATIC, visibility=ALWAYS, testCase=TestCaseDTO[testName=testMethods[Context], id=1474]], FeedbackDTO[id=1012, text=null, detailText=The exercise expects a class with the name Policy in the package testpackage. You did not implement the class in the exercise., hasLongFeedbackText=false, reference=null, credits=0.0, positive=false, type=AUTOMATIC, visibility=ALWAYS, testCase=TestCaseDTO[testName=testMethods[Policy], id=1475]], FeedbackDTO[id=1013, text=null, detailText=The exercise expects a class with the name SortStrategy in the package testpackage. You did not implement the class in the exercise., hasLongFeedbackText=false, reference=null, credits=0.0, positive=false, type=AUTOMATIC, visibility=ALWAYS, testCase=TestCaseDTO[testName=testMethods[SortStrategy], id=1476]], FeedbackDTO[id=1014, text=null, detailText=The class 'MergeSort' does not implement the interface 'SortStrategy' as expected. Implement the interface and its methods., hasLongFeedbackText=false, reference=null, credits=0.0, positive=false, type=AUTOMATIC, visibility=ALWAYS, testCase=TestCaseDTO[testName=testClass[MergeSort], id=1471]], FeedbackDTO[id=1015, text=null, detailText=The exercise expects a class with the name SortStrategy in the package testpackage. You did not implement the class in the exercise., hasLongFeedbackText=false, reference=null, credits=0.0, positive=false, type=AUTOMATIC, visibility=ALWAYS, testCase=TestCaseDTO[testName=testClass[SortStrategy], id=1468]], FeedbackDTO[id=1016, text=null, detailText=The class 'BubbleSort' does not implement the interface 'SortStrategy' as expected. Implement the interface and its methods., hasLongFeedbackText=false, reference=null, credits=0.0, positive=false, type=AUTOMATIC, visibility=ALWAYS, testCase=TestCaseDTO[testName=testClass[BubbleSort], id=1472]], FeedbackDTO[id=1017, text=null, detailText=MergeSort does not sort correctly, hasLongFeedbackText=false, reference=null, credits=0.0, positive=false, type=AUTOMATIC, visibility=ALWAYS, testCase=TestCaseDTO[testName=testMergeSort(), id=1477]], FeedbackDTO[id=1018, text=null, detailText=The class 'Context' was not found within the submission. Make sure to implement it properly., hasLongFeedbackText=false, reference=null, credits=0.0, positive=false, type=AUTOMATIC, visibility=ALWAYS, testCase=TestCaseDTO[testName=testUseBubbleSortForSmallList(), id=1478]], FeedbackDTO[id=1019, text=null, detailText=BubbleSort does not sort correctly, hasLongFeedbackText=false, reference=null, credits=0.0, positive=false, type=AUTOMATIC, visibility=ALWAYS, testCase=TestCaseDTO[testName=testBubbleSort(), id=1480]], FeedbackDTO[id=1020, text=null, detailText=The class 'Context' was not found within the submission. Make sure to implement it properly., hasLongFeedbackText=false, reference=null, credits=0.0, positive=false, type=AUTOMATIC, visibility=ALWAYS, testCase=TestCaseDTO[testName=testUseMergeSortForBigList(), id=1479]], FeedbackDTO[id=1021, text=null, detailText=The exercise expects a class with the name Policy in the package testpackage. You did not implement the class in the exercise., hasLongFeedbackText=false, reference=null, credits=0.0, positive=false, type=AUTOMATIC, visibility=ALWAYS, testCase=TestCaseDTO[testName=testConstructors[Policy], id=1473]], FeedbackDTO[id=1022, text=null, detailText=The exercise expects a class with the name Context in the package testpackage. You did not implement the class in the exercise., hasLongFeedbackText=false, reference=null, credits=0.0, positive=false, type=AUTOMATIC, visibility=ALWAYS, testCase=TestCaseDTO[testName=testAttributes[Context], id=1469]], FeedbackDTO[id=1023, text=null, detailText=The exercise expects a class with the name Policy in the package testpackage. You did not implement the class in the exercise., hasLongFeedbackText=false, reference=null, credits=0.0, positive=false, type=AUTOMATIC, visibility=ALWAYS, testCase=TestCaseDTO[testName=testAttributes[Policy], id=1470]]], assessmentType=AUTOMATIC, hasComplaint=null, exampleResult=null, testCaseCount=13, passedTestCaseCount=0, codeIssueCount=0]], BuildJobQueueItem[id=20391739576754750, name=SHORT3A680734092E404EF80A4C60FBC1E408F7D0TSTEXC-LOCALVCCIINTSTUDENT1, buildAgent=BuildAgentDTO[name=artemis-build-agent-test, memberAddress=[127.0.0.1]:5703, displayName=artemis-build-agent-test], participationId=2039, courseId=996, exerciseId=2613, retryCount=0, priority=2, status=SUCCESSFUL, repositoryInfo=RepositoryInfo[repositoryName=short3a680734092e404ef80a4c60fbc1e408f7d0tstexc-localvcciintstudent1, repositoryType=user, triggeredByPushTo=user, assignmentRepositoryUri=http://localhost:49152/git/SHORT3A680734092E404EF80A4C60FBC1E408F7D0TSTEXC/short3a680734092e404ef80a4c60fbc1e408f7d0tstexc-localvcciintstudent1.git, testRepositoryUri=http://localhost:49152/git/SHORT3A680734092E404EF80A4C60FBC1E408F7D0TSTEXC/short3a680734092e404ef80a4c60fbc1e408f7d0tstexc-tests.git, solutionRepositoryUri=null, auxiliaryRepositoryUris=[Ljava.lang.String;@5559117d, auxiliaryRepositoryCheckoutDirectories=[Ljava.lang.String;@374eafc7], jobTimingInfo=JobTimingInfo[submissionDate=2025-02-14T23:45:54.750657185Z[Etc/UTC], buildStartDate=2025-02-14T23:45:54.765232948Z[Etc/UTC], buildCompletionDate=2025-02-14T23:45:55.645844970Z[Etc/UTC], estimatedCompletionDate=2025-02-14T23:46:13.765225363Z[Etc/UTC], estimatedDuration=19], buildConfig=BuildConfig[buildScript=#!/bin/bash
cd /var/tmp/testing-dir
chmod +x ./gradlew
./gradlew clean test
, dockerImage=dummy-docker-image:latest, commitHashToBuild=9344436f8d5a5ce3aa40215562db211ed501371f, assignmentCommitHash=9344436f8d5a5ce3aa40215562db211ed501371f, testCommitHash=ff421c3651ec230fed2f20f72c2901ae372be06a, branch=main, programmingLanguage=JAVA, projectType=PLAIN_GRADLE, scaEnabled=false, sequentialTestRunsEnabled=false, resultPaths=[/var/tmp/testing-dir/**/test-results/test/*.xml], timeoutSeconds=0, assignmentCheckoutPath=null, testCheckoutPath=null, solutionCheckoutPath=null, dockerRunConfig=null], submissionResult=ResultDTO[id=640, completionDate=2025-02-14T23:45:55.628250079Z[Etc/UTC], successful=false, score=7.7, rated=true, submission=SubmissionDTO[id=834, submitted=true, type=MANUAL, exampleSubmission=null, submissionDate=2025-02-14T23:45:54.732007Z, commitHash=9344436f8d5a5ce3aa40215562db211ed501371f, buildFailed=false, buildArtifact=false, participation=ParticipationDTO[id=2039, testRun=false, type=programming, submissionCount=null, exercise=ParticipationExerciseDTO[id=2613, exerciseType=PROGRAMMING, type=programming, assessmentType=AUTOMATIC, dueDate=2025-02-16T23:45:54.546562Z, assessmentDueDate=null, maxPoints=42.0, course=CourseDTO[id=996, accuracyOfScores=1]]], submissionExerciseType=programming, isProcessing=false, buildStartDate=null, estimatedCompletionDate=null], participation=ParticipationDTO[id=2039, testRun=false, type=programming, submissionCount=null, exercise=ParticipationExerciseDTO[id=2613, exerciseType=PROGRAMMING, type=programming, assessmentType=AUTOMATIC, dueDate=2025-02-16T23:45:54.546562Z, assessmentDueDate=null, maxPoints=42.0, course=CourseDTO[id=996, accuracyOfScores=1]]], feedbacks=[FeedbackDTO[id=1024, text=null, detailText=The exercise expects a class with the name Context in the package testpackage. You did not implement the class in the exercise., hasLongFeedbackText=false, reference=null, credits=0.0, positive=false, type=AUTOMATIC, visibility=ALWAYS, testCase=TestCaseDTO[testName=null, id=1513]], FeedbackDTO[id=1025, text=null, detailText=The exercise expects a class with the name Policy in the package testpackage. You did not implement the class in the exercise., hasLongFeedbackText=false, reference=null, credits=0.0, positive=false, type=AUTOMATIC, visibility=ALWAYS, testCase=TestCaseDTO[testName=null, id=1514]], FeedbackDTO[id=1026, text=null, detailText=The exercise expects a class with the name SortStrategy in the package testpackage. You did not implement the class in the exercise., hasLongFeedbackText=false, reference=null, credits=0.0, positive=false, type=AUTOMATIC, visibility=ALWAYS, testCase=TestCaseDTO[testName=null, id=1515]], FeedbackDTO[id=1027, text=null, detailText=The class 'MergeSort' does not implement the interface 'SortStrategy' as expected. Implement the interface and its methods., hasLongFeedbackText=false, reference=null, credits=0.0, positive=false, type=AUTOMATIC, visibility=ALWAYS, testCase=TestCaseDTO[testName=null, id=1510]], FeedbackDTO[id=1028, text=null, detailText=The exercise expects a class with the name SortStrategy in the package testpackage. You did not implement the class in the exercise., hasLongFeedbackText=false, reference=null, credits=0.0, positive=false, type=AUTOMATIC, visibility=ALWAYS, testCase=TestCaseDTO[testName=null, id=1507]], FeedbackDTO[id=1029, text=null, detailText=The class 'BubbleSort' does not implement the interface 'SortStrategy' as expected. Implement the interface and its methods., hasLongFeedbackText=false, reference=null, credits=0.0, positive=false, type=AUTOMATIC, visibility=ALWAYS, testCase=TestCaseDTO[testName=null, id=1511]], FeedbackDTO[id=1030, text=null, detailText=MergeSort does not sort correctly, hasLongFeedbackText=false, reference=null, credits=0.0, positive=false, type=AUTOMATIC, visibility=ALWAYS, testCase=TestCaseDTO[testName=null, id=1516]], FeedbackDTO[id=1031, text=null, detailText=The class 'Context' was not found within the submission. Make sure to implement it properly., hasLongFeedbackText=false, reference=null, credits=0.0, positive=false, type=AUTOMATIC, visibility=ALWAYS, testCase=TestCaseDTO[testName=null, id=1517]], FeedbackDTO[id=1032, text=null, detailText=The class 'Context' was not found within the submission. Make sure to implement it properly., hasLongFeedbackText=false, reference=null, credits=0.0, positive=false, type=AUTOMATIC, visibility=ALWAYS, testCase=TestCaseDTO[testName=null, id=1518]], FeedbackDTO[id=1033, text=null, detailText=The exercise expects a class with the name Policy in the package testpackage. You did not implement the class in the exercise., hasLongFeedbackText=false, reference=null, credits=0.0, positive=false, type=AUTOMATIC, visibility=ALWAYS, testCase=TestCaseDTO[testName=null, id=1512]], FeedbackDTO[id=1034, text=null, detailText=The exercise expects a class with the name Context in the package testpackage. You did not implement the class in the exercise., hasLongFeedbackText=false, reference=null, credits=0.0, positive=false, type=AUTOMATIC, visibility=ALWAYS, testCase=TestCaseDTO[testName=null, id=1508]], FeedbackDTO[id=1035, text=null, detailText=The exercise expects a class with the name Policy in the package testpackage. You did not implement the class in the exercise., hasLongFeedbackText=false, reference=null, credits=0.0, positive=false, type=AUTOMATIC, visibility=ALWAYS, testCase=TestCaseDTO[testName=null, id=1509]], FeedbackDTO[id=1036, text=null, detailText=null, hasLongFeedbackText=false, reference=null, credits=3.230769230769231, positive=true, type=AUTOMATIC, visibility=ALWAYS, testCase=TestCaseDTO[testName=null, id=1519]]], assessmentType=AUTOMATIC, hasComplaint=null, exampleResult=null, testCaseCount=13, passedTestCaseCount=1, codeIssueCount=0]], BuildJobQueueItem[id=20431739576757232, name=SHORT3945BC5E092B90459B0A7F006DF5F64347FDTSTEXC-SOLUTION, buildAgent=BuildAgentDTO[name=artemis-build-agent-test, memberAddress=[127.0.0.1]:5703, displayName=artemis-build-agent-test], participationId=2043, courseId=998, exerciseId=2615, retryCount=0, priority=2, status=SUCCESSFUL, repositoryInfo=RepositoryInfo[repositoryName=short3945bc5e092b90459b0a7f006df5f64347fdtstexc-solution, repositoryType=solution, triggeredByPushTo=solution, assignmentRepositoryUri=http://localhost:49152/git/SHORT3945BC5E092B90459B0A7F006DF5F64347FDTSTEXC/short3945bc5e092b90459b0a7f006df5f64347fdtstexc-solution.git, testRepositoryUri=http://localhost:49152/git/SHORT3945BC5E092B90459B0A7F006DF5F64347FDTSTEXC/short3945bc5e092b90459b0a7f006df5f64347fdtstexc-tests.git, solutionRepositoryUri=null, auxiliaryRepositoryUris=[Ljava.lang.String;@5e265270, auxiliaryRepositoryCheckoutDirectories=[Ljava.lang.String;@2fffdb38], jobTimingInfo=JobTimingInfo[submissionDate=2025-02-14T23:45:57.232907777Z[Etc/UTC], buildStartDate=2025-02-14T23:45:57.240437339Z[Etc/UTC], buildCompletionDate=2025-02-14T23:45:58.062328619Z[Etc/UTC], estimatedCompletionDate=2025-02-14T23:46:16.240428743Z[Etc/UTC], estimatedDuration=19], buildConfig=BuildConfig[buildScript=#!/bin/bash
cd /var/tmp/testing-dir
chmod +x ./gradlew
./gradlew clean test
, dockerImage=dummy-docker-image:latest, commitHashToBuild=c315388a235502fd958ae3c7ffbbbbf126a8fe21, assignmentCommitHash=c315388a235502fd958ae3c7ffbbbbf126a8fe21, testCommitHash=28488095271179f4eface46480ec45511f50df5d, branch=main, programmingLanguage=JAVA, projectType=PLAIN_GRADLE, scaEnabled=false, sequentialTestRunsEnabled=false, resultPaths=[/var/tmp/testing-dir/**/test-results/test/*.xml], timeoutSeconds=0, assignmentCheckoutPath=null, testCheckoutPath=null, solutionCheckoutPath=null, dockerRunConfig=null], submissionResult=null]], publicSshKey=ssh-rsa AAAAB3NzaC1yc2EAAAADAQABAAACAQCOPdMsxRE2jFJ/UEa5/LsBxtwzJcrh3/rYBCQvcMeVpiRfhzQPWu7mrt/G2Ew+i+vRloGH9aqKg6dd1liRncao53Zmd/ePxoatXePNhmzTfkCkcSkTUz7B+QMjkoDDV5jwuFPD6mF3JkhuzSi64n9Zy905t4w2IhVcjM2mL3eYNjiCXt6Qpq3Pkt7dM/Ksw1nxnvuiIALuJLB3FTkXkHqq3PJav+9HSq2r6ZaWgekneaGxlQlb+U+Vy3XOuArKAzK8c8i+0bR+AHiTG6ncYXt7ax3U+TdlDTF7OLP3umwaYjs1NBXOHwG42pevvpKn2fqavZZozk+M05jXLx3bq0O7itxfErWc7etky8qYPyyIMF/txQIVLd78+Ze4d7Y60t5MGbXM5cGE6fFif5fEJwgswXD+BrG0cafz1CTatjSKFdvp8Vp4VszXhHDan1PrP6JEFJ5Cc5GDmLRZPCFa3vL9f5qXgf4bkqKN8MYeEujwJE5nMRWoiJVNakix2bcrrneQMBlnYeYZVWXXXUusAQBzl4NgddC1umZpihZkL1b1MffZAUW3EGEXi7KHnllQhkTLLsQ8ntMgbylqaJKStqaXlLvdeRJcEnUuiFCrHEVVbXRFZR7XVDZ02CE5o3MuaRPty8Kh+jRTF3COlAckHwYEJCNNJvXFgb2CNXL4mjzYDw== test@localhost]
    23:45:58.086 | 566 localvc.event-13 | DEBUG | a.p.s.l.SharedQueueManagementService : Build agent updated: null
    23:45:58.088 | 566 localvc.event-13 | DEBUG | p.s.l.LocalCIResultProcessingService : Result of build job with id 20431739576757232 added to queue
    23:45:58.088 | 566 localvc.event-13 | INFO  | p.s.l.LocalCIResultProcessingService : Processing build job result with id 20431739576757232
    23:45:58.088 | 566 localvc.event-13 | DEBUG | p.s.l.LocalCIResultProcessingService : Build jobs waiting in queue: 0
    23:45:58.088 | 566 localvc.event-13 | DEBUG | p.s.l.LocalCIResultProcessingService : Queued build jobs: []
    23:45:58.092 | 588 artemis-task-1   | DEBUG | d.t.c.a.a.c.c.w.GzipMessageConverter : Compressed message payload from 115730 to 11196 (saved 90.3% payload size)
    23:45:58.094 | 566 localvc.event-13 | DEBUG | .s.ProgrammingExerciseGradingService : Received new build result (NEW) for participation 2043
    23:45:58.162 | 566 localvc.event-13 | DEBUG | .a.a.p.s.ProgrammingMessagingService : Send result to client over websocket. Result: Result{id641, completionDate=2025-02-14T23:45:58.032353400Z[Etc/UTC], successful=true, score=100.0, rated=true, assessmentType=AUTOMATIC, hasComplaint=null, testCaseCount=13, passedTestCaseCount=13, codeIssueCount=0}, Submission: ProgrammingSubmission{commitHash='c315388a235502fd958ae3c7ffbbbbf126a8fe21', buildFailed=false, buildArtifact=false, type=MANUAL}, Participation: SolutionProgrammingExerciseParticipation{id=2043, repositoryUri='http://localhost:49152/git/SHORT3945BC5E092B90459B0A7F006DF5F64347FDTSTEXC/short3945bc5e092b90459b0a7f006df5f64347fdtstexc-solution.git', buildPlanId='SHORT3945BC5E092B90459B0A7F006DF5F64347FDTSTEXC-SOLUTION}
    23:45:58.169 | 566 localvc.event-13 | DEBUG | d.t.c.a.a.p.s.BuildLogEntryService   : Saved build logs for build job 20431739576757232 to file /tmp/build-logs/short3945bc5e092b90459b0a7f006df5f64347fd/TSTEXC/20431739576757232.log
    23:45:58.170 | 566 localvc.event-13 | DEBUG | a.p.s.l.LocalCIQueueWebsocketService : Build agent updated: BuildAgentInformation[buildAgent=BuildAgentDTO[name=artemis-build-agent-test, memberAddress=[127.0.0.1]:5703, displayName=artemis-build-agent-test], maxNumberOfConcurrentBuildJobs=1, numberOfCurrentBuildJobs=0, runningBuildJobs=[], status=IDLE, recentBuildJobs=[BuildJobQueueItem[id=19141739576708030, name=SHORT5F02A8F400311042E70858306EB148073CFDTSTEXC-LOCALVCINTSTUDENT1, buildAgent=BuildAgentDTO[name=artemis-build-agent-test, memberAddress=[127.0.0.1]:5703, displayName=artemis-build-agent-test], participationId=1914, courseId=947, exerciseId=2564, retryCount=0, priority=2, status=FAILED, repositoryInfo=RepositoryInfo[repositoryName=short5f02a8f400311042e70858306eb148073cfdtstexc-localvcintstudent1, repositoryType=user, triggeredByPushTo=user, assignmentRepositoryUri=http://localhost:49152/git/SHORT5F02A8F400311042E70858306EB148073CFDTSTEXC/short5f02a8f400311042e70858306eb148073cfdtstexc-localvcintstudent1.git, testRepositoryUri=http://localhost:49152/git/SHORT5F02A8F400311042E70858306EB148073CFDTSTEXC/short5f02a8f400311042e70858306eb148073cfdtstexc-tests.git, solutionRepositoryUri=null, auxiliaryRepositoryUris=[Ljava.lang.String;@3023dfac, auxiliaryRepositoryCheckoutDirectories=[Ljava.lang.String;@72c5977f], jobTimingInfo=JobTimingInfo[submissionDate=2025-02-14T23:45:08.030118216Z[Etc/UTC], buildStartDate=2025-02-14T23:45:08.041011412Z[Etc/UTC], buildCompletionDate=2025-02-14T23:45:08.054603331Z[Etc/UTC], estimatedCompletionDate=2025-02-14T23:45:27.041005080Z[Etc/UTC], estimatedDuration=19], buildConfig=BuildConfig[buildScript=#!/bin/bash
cd /var/tmp/testing-dir
chmod +x ./gradlew
./gradlew clean test
, dockerImage=dummy-docker-image:latest, commitHashToBuild=6e7146cac5059504aa9d170ec3fa23aec740bb51, assignmentCommitHash=6e7146cac5059504aa9d170ec3fa23aec740bb51, testCommitHash=931e5303581c7a2f01339ba603cfafbfe668b901, branch=main, programmingLanguage=JAVA, projectType=PLAIN_GRADLE, scaEnabled=false, sequentialTestRunsEnabled=false, resultPaths=[/var/tmp/testing-dir/**/test-results/test/*.xml], timeoutSeconds=0, assignmentCheckoutPath=null, testCheckoutPath=null, solutionCheckoutPath=null, dockerRunConfig=null], submissionResult=ResultDTO[id=622, completionDate=2025-02-14T23:45:08.054683681Z[Etc/UTC], successful=false, score=0.0, rated=true, submission=SubmissionDTO[id=814, submitted=true, type=MANUAL, exampleSubmission=null, submissionDate=2025-02-14T23:45:08.016200Z, commitHash=6e7146cac5059504aa9d170ec3fa23aec740bb51, buildFailed=true, buildArtifact=false, participation=ParticipationDTO[id=1914, testRun=false, type=programming, submissionCount=null, exercise=ParticipationExerciseDTO[id=2564, exerciseType=PROGRAMMING, type=programming, assessmentType=AUTOMATIC, dueDate=2025-02-16T23:45:07.324348Z, assessmentDueDate=null, maxPoints=42.0, course=CourseDTO[id=947, accuracyOfScores=1]]], submissionExerciseType=programming, isProcessing=false, buildStartDate=null, estimatedCompletionDate=null], participation=ParticipationDTO[id=1914, testRun=false, type=programming, submissionCount=null, exercise=ParticipationExerciseDTO[id=2564, exerciseType=PROGRAMMING, type=programming, assessmentType=AUTOMATIC, dueDate=2025-02-16T23:45:07.324348Z, assessmentDueDate=null, maxPoints=42.0, course=CourseDTO[id=947, accuracyOfScores=1]]], feedbacks=[], assessmentType=AUTOMATIC, hasComplaint=null, exampleResult=null, testCaseCount=0, passedTestCaseCount=0, codeIssueCount=0]], BuildJobQueueItem[id=19361739576711303, name=SHORT9AFDAE3804CA304DDF0889A0CB0F56104A86TSTEXC-LOCALVCINTSTUDENT1, buildAgent=BuildAgentDTO[name=artemis-build-agent-test, memberAddress=[127.0.0.1]:5703, displayName=artemis-build-agent-test], participationId=1936, courseId=956, exerciseId=2573, retryCount=0, priority=2, status=FAILED, repositoryInfo=RepositoryInfo[repositoryName=short9afdae3804ca304ddf0889a0cb0f56104a86tstexc-localvcintstudent1, repositoryType=user, triggeredByPushTo=user, assignmentRepositoryUri=http://localhost:49152/git/SHORT9AFDAE3804CA304DDF0889A0CB0F56104A86TSTEXC/short9afdae3804ca304ddf0889a0cb0f56104a86tstexc-localvcintstudent1.git, testRepositoryUri=http://localhost:49152/git/SHORT9AFDAE3804CA304DDF0889A0CB0F56104A86TSTEXC/short9afdae3804ca304ddf0889a0cb0f56104a86tstexc-tests.git, solutionRepositoryUri=null, auxiliaryRepositoryUris=[Ljava.lang.String;@2f44afff, auxiliaryRepositoryCheckoutDirectories=[Ljava.lang.String;@68d955d0], jobTimingInfo=JobTimingInfo[submissionDate=2025-02-14T23:45:11.303805653Z[Etc/UTC], buildStartDate=2025-02-14T23:45:11.310981356Z[Etc/UTC], buildCompletionDate=2025-02-14T23:45:11.319178384Z[Etc/UTC], estimatedCompletionDate=2025-02-14T23:45:30.310974944Z[Etc/UTC], estimatedDuration=19], buildConfig=BuildConfig[buildScript=#!/bin/bash
cd /var/tmp/testing-dir
chmod +x ./gradlew
./gradlew clean test
, dockerImage=dummy-docker-image:latest, commitHashToBuild=a1099e378cffde441ef85f9b12577ca174b8e1e4, assignmentCommitHash=a1099e378cffde441ef85f9b12577ca174b8e1e4, testCommitHash=bd38d61c299ab11a1dea82a3ca5493fe04d97d47, branch=main, programmingLanguage=JAVA, projectType=PLAIN_GRADLE, scaEnabled=false, sequentialTestRunsEnabled=false, resultPaths=[/var/tmp/testing-dir/**/test-results/test/*.xml], timeoutSeconds=0, assignmentCheckoutPath=null, testCheckoutPath=null, solutionCheckoutPath=null, dockerRunConfig=null], submissionResult=ResultDTO[id=623, completionDate=2025-02-14T23:45:11.319278430Z[Etc/UTC], successful=false, score=0.0, rated=true, submission=SubmissionDTO[id=815, submitted=true, type=MANUAL, exampleSubmission=null, submissionDate=2025-02-14T23:45:11.294386Z, commitHash=a1099e378cffde441ef85f9b12577ca174b8e1e4, buildFailed=true, buildArtifact=false, participation=ParticipationDTO[id=1936, testRun=false, type=programming, submissionCount=null, exercise=ParticipationExerciseDTO[id=2573, exerciseType=PROGRAMMING, type=programming, assessmentType=AUTOMATIC, dueDate=2025-02-16T23:45:10.996982Z, assessmentDueDate=null, maxPoints=42.0, course=CourseDTO[id=956, accuracyOfScores=1]]], submissionExerciseType=programming, isProcessing=false, buildStartDate=null, estimatedCompletionDate=null], participation=ParticipationDTO[id=1936, testRun=false, type=programming, submissionCount=null, exercise=ParticipationExerciseDTO[id=2573, exerciseType=PROGRAMMING, type=programming, assessmentType=AUTOMATIC, dueDate=2025-02-16T23:45:10.996982Z, assessmentDueDate=null, maxPoints=42.0, course=CourseDTO[id=956, accuracyOfScores=1]]], feedbacks=[], assessmentType=AUTOMATIC, hasComplaint=null, exampleResult=null, testCaseCount=0, passedTestCaseCount=0, codeIssueCount=0]], BuildJobQueueItem[id=19351739576711674, name=SHORT9AFDAE3804CA304DDF0889A0CB0F56104A86TSTEXC-BASE, buildAgent=BuildAgentDTO[name=artemis-build-agent-test, memberAddress=[127.0.0.1]:5703, displayName=artemis-build-agent-test], participationId=1935, courseId=956, exerciseId=2573, retryCount=0, priority=2, status=FAILED, repositoryInfo=RepositoryInfo[repositoryName=short9afdae3804ca304ddf0889a0cb0f56104a86tstexc-exercise, repositoryType=exercise, triggeredByPushTo=exercise, assignmentRepositoryUri=http://localhost:49152/git/SHORT9AFDAE3804CA304DDF0889A0CB0F56104A86TSTEXC/short9afdae3804ca304ddf0889a0cb0f56104a86tstexc-exercise.git, testRepositoryUri=http://localhost:49152/git/SHORT9AFDAE3804CA304DDF0889A0CB0F56104A86TSTEXC/short9afdae3804ca304ddf0889a0cb0f56104a86tstexc-tests.git, solutionRepositoryUri=null, auxiliaryRepositoryUris=[Ljava.lang.String;@462929d8, auxiliaryRepositoryCheckoutDirectories=[Ljava.lang.String;@1809200d], jobTimingInfo=JobTimingInfo[submissionDate=2025-02-14T23:45:11.674556681Z[Etc/UTC], buildStartDate=2025-02-14T23:45:11.677776879Z[Etc/UTC], buildCompletionDate=2025-02-14T23:45:11.688097378Z[Etc/UTC], estimatedCompletionDate=2025-02-14T23:45:30.677771620Z[Etc/UTC], estimatedDuration=19], buildConfig=BuildConfig[buildScript=#!/bin/bash
cd /var/tmp/testing-dir
chmod +x ./gradlew
./gradlew clean test
, dockerImage=dummy-docker-image:latest, commitHashToBuild=a1099e378cffde441ef85f9b12577ca174b8e1e4, assignmentCommitHash=a1099e378cffde441ef85f9b12577ca174b8e1e4, testCommitHash=bd38d61c299ab11a1dea82a3ca5493fe04d97d47, branch=main, programmingLanguage=JAVA, projectType=PLAIN_GRADLE, scaEnabled=false, sequentialTestRunsEnabled=false, resultPaths=[/var/tmp/testing-dir/**/test-results/test/*.xml], timeoutSeconds=0, assignmentCheckoutPath=null, testCheckoutPath=null, solutionCheckoutPath=null, dockerRunConfig=null], submissionResult=ResultDTO[id=624, completionDate=2025-02-14T23:45:11.688214837Z[Etc/UTC], successful=false, score=0.0, rated=true, submission=SubmissionDTO[id=816, submitted=true, type=MANUAL, exampleSubmission=null, submissionDate=2025-02-14T23:45:11.656934Z, commitHash=a1099e378cffde441ef85f9b12577ca174b8e1e4, buildFailed=true, buildArtifact=false, participation=ParticipationDTO[id=1935, testRun=false, type=template, submissionCount=null, exercise=ParticipationExerciseDTO[id=2573, exerciseType=PROGRAMMING, type=programming, assessmentType=AUTOMATIC, dueDate=2025-02-16T23:45:10.996982Z, assessmentDueDate=null, maxPoints=42.0, course=CourseDTO[id=956, accuracyOfScores=1]]], submissionExerciseType=programming, isProcessing=false, buildStartDate=null, estimatedCompletionDate=null], participation=ParticipationDTO[id=1935, testRun=false, type=template, submissionCount=null, exercise=ParticipationExerciseDTO[id=2573, exerciseType=PROGRAMMING, type=programming, assessmentType=AUTOMATIC, dueDate=2025-02-16T23:45:10.996982Z, assessmentDueDate=null, maxPoints=42.0, course=CourseDTO[id=956, accuracyOfScores=1]]], feedbacks=[], assessmentType=AUTOMATIC, hasComplaint=null, exampleResult=null, testCaseCount=0, passedTestCaseCount=0, codeIssueCount=0]], BuildJobQueueItem[id=19341739576712112, name=SHORT9AFDAE3804CA304DDF0889A0CB0F56104A86TSTEXC-SOLUTION, buildAgent=BuildAgentDTO[name=artemis-build-agent-test, memberAddress=[127.0.0.1]:5703, displayName=artemis-build-agent-test], participationId=1934, courseId=956, exerciseId=2573, retryCount=0, priority=2, status=FAILED, repositoryInfo=RepositoryInfo[repositoryName=short9afdae3804ca304ddf0889a0cb0f56104a86tstexc-solution, repositoryType=solution, triggeredByPushTo=solution, assignmentRepositoryUri=http://localhost:49152/git/SHORT9AFDAE3804CA304DDF0889A0CB0F56104A86TSTEXC/short9afdae3804ca304ddf0889a0cb0f56104a86tstexc-solution.git, testRepositoryUri=http://localhost:49152/git/SHORT9AFDAE3804CA304DDF0889A0CB0F56104A86TSTEXC/short9afdae3804ca304ddf0889a0cb0f56104a86tstexc-tests.git, solutionRepositoryUri=null, auxiliaryRepositoryUris=[Ljava.lang.String;@12385fa4, auxiliaryRepositoryCheckoutDirectories=[Ljava.lang.String;@306defe6], jobTimingInfo=JobTimingInfo[submissionDate=2025-02-14T23:45:12.112332872Z[Etc/UTC], buildStartDate=2025-02-14T23:45:12.121617114Z[Etc/UTC], buildCompletionDate=2025-02-14T23:45:12.127931701Z[Etc/UTC], estimatedCompletionDate=2025-02-14T23:45:31.121609600Z[Etc/UTC], estimatedDuration=19], buildConfig=BuildConfig[buildScript=#!/bin/bash
cd /var/tmp/testing-dir
chmod +x ./gradlew
./gradlew clean test
, dockerImage=dummy-docker-image:latest, commitHashToBuild=a1099e378cffde441ef85f9b12577ca174b8e1e4, assignmentCommitHash=a1099e378cffde441ef85f9b12577ca174b8e1e4, testCommitHash=bd38d61c299ab11a1dea82a3ca5493fe04d97d47, branch=main, programmingLanguage=JAVA, projectType=PLAIN_GRADLE, scaEnabled=false, sequentialTestRunsEnabled=false, resultPaths=[/var/tmp/testing-dir/**/test-results/test/*.xml], timeoutSeconds=0, assignmentCheckoutPath=null, testCheckoutPath=null, solutionCheckoutPath=null, dockerRunConfig=null], submissionResult=ResultDTO[id=625, completionDate=2025-02-14T23:45:12.128011800Z[Etc/UTC], successful=false, score=0.0, rated=true, submission=SubmissionDTO[id=817, submitted=true, type=MANUAL, exampleSubmission=null, submissionDate=2025-02-14T23:45:12.098737Z, commitHash=a1099e378cffde441ef85f9b12577ca174b8e1e4, buildFailed=true, buildArtifact=false, participation=ParticipationDTO[id=1934, testRun=false, type=solution, submissionCount=null, exercise=ParticipationExerciseDTO[id=2573, exerciseType=PROGRAMMING, type=programming, assessmentType=AUTOMATIC, dueDate=2025-02-16T23:45:10.996982Z, assessmentDueDate=null, maxPoints=42.0, course=CourseDTO[id=956, accuracyOfScores=1]]], submissionExerciseType=programming, isProcessing=false, buildStartDate=null, estimatedCompletionDate=null], participation=ParticipationDTO[id=1934, testRun=false, type=solution, submissionCount=null, exercise=ParticipationExerciseDTO[id=2573, exerciseType=PROGRAMMING, type=programming, assessmentType=AUTOMATIC, dueDate=2025-02-16T23:45:10.996982Z, assessmentDueDate=null, maxPoints=42.0, course=CourseDTO[id=956, accuracyOfScores=1]]], feedbacks=[], assessmentType=AUTOMATIC, hasComplaint=null, exampleResult=null, testCaseCount=0, passedTestCaseCount=0, codeIssueCount=0]], BuildJobQueueItem[id=19341739576713025, name=SHORT9AFDAE3804CA304DDF0889A0CB0F56104A86TSTEXC-SOLUTION, buildAgent=BuildAgentDTO[name=artemis-build-agent-test, memberAddress=[127.0.0.1]:5703, displayName=artemis-build-agent-test], participationId=1934, courseId=956, exerciseId=2573, retryCount=0, priority=2, status=FAILED, repositoryInfo=RepositoryInfo[repositoryName=short9afdae3804ca304ddf0889a0cb0f56104a86tstexc-solution, repositoryType=solution, triggeredByPushTo=tests, assignmentRepositoryUri=http://localhost:49152/git/SHORT9AFDAE3804CA304DDF0889A0CB0F56104A86TSTEXC/short9afdae3804ca304ddf0889a0cb0f56104a86tstexc-solution.git, testRepositoryUri=http://localhost:49152/git/SHORT9AFDAE3804CA304DDF0889A0CB0F56104A86TSTEXC/short9afdae3804ca304ddf0889a0cb0f56104a86tstexc-tests.git, solutionRepositoryUri=null, auxiliaryRepositoryUris=[Ljava.lang.String;@3f8577da, auxiliaryRepositoryCheckoutDirectories=[Ljava.lang.String;@6e5d316f], jobTimingInfo=JobTimingInfo[submissionDate=2025-02-14T23:45:13.025319671Z[Etc/UTC], buildStartDate=2025-02-14T23:45:13.040293146Z[Etc/UTC], buildCompletionDate=2025-02-14T23:45:13.053032917Z[Etc/UTC], estimatedCompletionDate=2025-02-14T23:45:32.040285703Z[Etc/UTC], estimatedDuration=19], buildConfig=BuildConfig[buildScript=#!/bin/bash
cd /var/tmp/testing-dir
chmod +x ./gradlew
./gradlew clean test
, dockerImage=dummy-docker-image:latest, commitHashToBuild=784f8f0049d2a1a54f21c67dd772bea86715267a, assignmentCommitHash=a1099e378cffde441ef85f9b12577ca174b8e1e4, testCommitHash=784f8f0049d2a1a54f21c67dd772bea86715267a, branch=main, programmingLanguage=JAVA, projectType=PLAIN_GRADLE, scaEnabled=false, sequentialTestRunsEnabled=false, resultPaths=[/var/tmp/testing-dir/**/test-results/test/*.xml], timeoutSeconds=0, assignmentCheckoutPath=null, testCheckoutPath=null, solutionCheckoutPath=null, dockerRunConfig=null], submissionResult=ResultDTO[id=626, completionDate=2025-02-14T23:45:13.053131811Z[Etc/UTC], successful=false, score=0.0, rated=true, submission=SubmissionDTO[id=818, submitted=true, type=TEST, exampleSubmission=null, submissionDate=2025-02-14T23:45:13.005779Z, commitHash=784f8f0049d2a1a54f21c67dd772bea86715267a, buildFailed=true, buildArtifact=false, participation=ParticipationDTO[id=1934, testRun=false, type=solution, submissionCount=null, exercise=ParticipationExerciseDTO[id=2573, exerciseType=PROGRAMMING, type=programming, assessmentType=AUTOMATIC, dueDate=2025-02-16T23:45:10.996982Z, assessmentDueDate=null, maxPoints=42.0, course=CourseDTO[id=956, accuracyOfScores=1]]], submissionExerciseType=programming, isProcessing=false, buildStartDate=null, estimatedCompletionDate=null], participation=ParticipationDTO[id=1934, testRun=false, type=solution, submissionCount=null, exercise=ParticipationExerciseDTO[id=2573, exerciseType=PROGRAMMING, type=programming, assessmentType=AUTOMATIC, dueDate=2025-02-16T23:45:10.996982Z, assessmentDueDate=null, maxPoints=42.0, course=CourseDTO[id=956, accuracyOfScores=1]]], feedbacks=[], assessmentType=AUTOMATIC, hasComplaint=null, exampleResult=null, testCaseCount=0, passedTestCaseCount=0, codeIssueCount=0]], BuildJobQueueItem[id=19581739576715555, name=SHORTC1A3F9FC03D2304B4308FA20AF16D54AAA49TSTEXC-LOCALVCSSHINTSTUDENT1, buildAgent=BuildAgentDTO[name=artemis-build-agent-test, memberAddress=[127.0.0.1]:5703, displayName=artemis-build-agent-test], participationId=1958, courseId=965, exerciseId=2582, retryCount=0, priority=2, status=FAILED, repositoryInfo=RepositoryInfo[repositoryName=shortc1a3f9fc03d2304b4308fa20af16d54aaa49tstexc-localvcsshintstudent1, repositoryType=user, triggeredByPushTo=user, assignmentRepositoryUri=http://localhost:49152/git/SHORTC1A3F9FC03D2304B4308FA20AF16D54AAA49TSTEXC/shortc1a3f9fc03d2304b4308fa20af16d54aaa49tstexc-localvcsshintstudent1.git, testRepositoryUri=http://localhost:49152/git/SHORTC1A3F9FC03D2304B4308FA20AF16D54AAA49TSTEXC/shortc1a3f9fc03d2304b4308fa20af16d54aaa49tstexc-tests.git, solutionRepositoryUri=null, auxiliaryRepositoryUris=[Ljava.lang.String;@3ec8967f, auxiliaryRepositoryCheckoutDirectories=[Ljava.lang.String;@61054c9f], jobTimingInfo=JobTimingInfo[submissionDate=2025-02-14T23:45:15.555989584Z[Etc/UTC], buildStartDate=2025-02-14T23:45:15.568477627Z[Etc/UTC], buildCompletionDate=2025-02-14T23:45:15.579021148Z[Etc/UTC], estimatedCompletionDate=2025-02-14T23:45:34.568443924Z[Etc/UTC], estimatedDuration=19], buildConfig=BuildConfig[buildScript=#!/bin/bash
cd /var/tmp/testing-dir
chmod +x ./gradlew
./gradlew clean test
, dockerImage=dummy-docker-image:latest, commitHashToBuild=ca76dac20e040e6609db02fd7fedd56bf58829d7, assignmentCommitHash=ca76dac20e040e6609db02fd7fedd56bf58829d7, testCommitHash=bd0d58c226dc63bfa4bc9052870589952c0a1f83, branch=main, programmingLanguage=JAVA, projectType=PLAIN_GRADLE, scaEnabled=false, sequentialTestRunsEnabled=false, resultPaths=[/var/tmp/testing-dir/**/test-results/test/*.xml], timeoutSeconds=0, assignmentCheckoutPath=null, testCheckoutPath=null, solutionCheckoutPath=null, dockerRunConfig=null], submissionResult=ResultDTO[id=627, completionDate=2025-02-14T23:45:15.579119131Z[Etc/UTC], successful=false, score=0.0, rated=true, submission=SubmissionDTO[id=820, submitted=true, type=MANUAL, exampleSubmission=null, submissionDate=2025-02-14T23:45:15.548349Z, commitHash=ca76dac20e040e6609db02fd7fedd56bf58829d7, buildFailed=true, buildArtifact=false, participation=ParticipationDTO[id=1958, testRun=false, type=programming, submissionCount=null, exercise=ParticipationExerciseDTO[id=2582, exerciseType=PROGRAMMING, type=programming, assessmentType=AUTOMATIC, dueDate=2025-02-16T23:45:15.103512Z, assessmentDueDate=null, maxPoints=42.0, course=CourseDTO[id=965, accuracyOfScores=1]]], submissionExerciseType=programming, isProcessing=false, buildStartDate=null, estimatedCompletionDate=null], participation=ParticipationDTO[id=1958, testRun=false, type=programming, submissionCount=null, exercise=ParticipationExerciseDTO[id=2582, exerciseType=PROGRAMMING, type=programming, assessmentType=AUTOMATIC, dueDate=2025-02-16T23:45:15.103512Z, assessmentDueDate=null, maxPoints=42.0, course=CourseDTO[id=965, accuracyOfScores=1]]], feedbacks=[], assessmentType=AUTOMATIC, hasComplaint=null, exampleResult=null, testCaseCount=0, passedTestCaseCount=0, codeIssueCount=0]], BuildJobQueueItem[id=19801739576719393, name=SHORTB2A6C58B0D447045380A858075B170A5B7C6TSTEXC-LOCALVCSSHINTSTUDENT1, buildAgent=BuildAgentDTO[name=artemis-build-agent-test, memberAddress=[127.0.0.1]:5703, displayName=artemis-build-agent-test], participationId=1980, courseId=974, exerciseId=2591, retryCount=0, priority=2, status=FAILED, repositoryInfo=RepositoryInfo[repositoryName=shortb2a6c58b0d447045380a858075b170a5b7c6tstexc-localvcsshintstudent1, repositoryType=user, triggeredByPushTo=user, assignmentRepositoryUri=http://localhost:49152/git/SHORTB2A6C58B0D447045380A858075B170A5B7C6TSTEXC/shortb2a6c58b0d447045380a858075b170a5b7c6tstexc-localvcsshintstudent1.git, testRepositoryUri=http://localhost:49152/git/SHORTB2A6C58B0D447045380A858075B170A5B7C6TSTEXC/shortb2a6c58b0d447045380a858075b170a5b7c6tstexc-tests.git, solutionRepositoryUri=null, auxiliaryRepositoryUris=[Ljava.lang.String;@752adcc2, auxiliaryRepositoryCheckoutDirectories=[Ljava.lang.String;@72fb4d41], jobTimingInfo=JobTimingInfo[submissionDate=2025-02-14T23:45:19.393259829Z[Etc/UTC], buildStartDate=2025-02-14T23:45:19.405438171Z[Etc/UTC], buildCompletionDate=2025-02-14T23:45:19.414070673Z[Etc/UTC], estimatedCompletionDate=2025-02-14T23:45:38.405431569Z[Etc/UTC], estimatedDuration=19], buildConfig=BuildConfig[buildScript=#!/bin/bash
cd /var/tmp/testing-dir
chmod +x ./gradlew
./gradlew clean test
, dockerImage=dummy-docker-image:latest, commitHashToBuild=363cdbf709a9fff149f813ab848ee800a675cc77, assignmentCommitHash=363cdbf709a9fff149f813ab848ee800a675cc77, testCommitHash=a5e046ece417b2e538f21f816e2524dab61e0d10, branch=main, programmingLanguage=JAVA, projectType=PLAIN_GRADLE, scaEnabled=false, sequentialTestRunsEnabled=false, resultPaths=[/var/tmp/testing-dir/**/test-results/test/*.xml], timeoutSeconds=0, assignmentCheckoutPath=null, testCheckoutPath=null, solutionCheckoutPath=null, dockerRunConfig=null], submissionResult=ResultDTO[id=628, completionDate=2025-02-14T23:45:19.414171040Z[Etc/UTC], successful=false, score=0.0, rated=true, submission=SubmissionDTO[id=821, submitted=true, type=MANUAL, exampleSubmission=null, submissionDate=2025-02-14T23:45:19.376840Z, commitHash=363cdbf709a9fff149f813ab848ee800a675cc77, buildFailed=true, buildArtifact=false, participation=ParticipationDTO[id=1980, testRun=false, type=programming, submissionCount=null, exercise=ParticipationExerciseDTO[id=2591, exerciseType=PROGRAMMING, type=programming, assessmentType=AUTOMATIC, dueDate=2025-02-16T23:45:18.950569Z, assessmentDueDate=null, maxPoints=42.0, course=CourseDTO[id=974, accuracyOfScores=1]]], submissionExerciseType=programming, isProcessing=false, buildStartDate=null, estimatedCompletionDate=null], participation=ParticipationDTO[id=1980, testRun=false, type=programming, submissionCount=null, exercise=ParticipationExerciseDTO[id=2591, exerciseType=PROGRAMMING, type=programming, assessmentType=AUTOMATIC, dueDate=2025-02-16T23:45:18.950569Z, assessmentDueDate=null, maxPoints=42.0, course=CourseDTO[id=974, accuracyOfScores=1]]], feedbacks=[], assessmentType=AUTOMATIC, hasComplaint=null, exampleResult=null, testCaseCount=0, passedTestCaseCount=0, codeIssueCount=0]], BuildJobQueueItem[id=19791739576719787, name=SHORTB2A6C58B0D447045380A858075B170A5B7C6TSTEXC-BASE, buildAgent=BuildAgentDTO[name=artemis-build-agent-test, memberAddress=[127.0.0.1]:5703, displayName=artemis-build-agent-test], participationId=1979, courseId=974, exerciseId=2591, retryCount=0, priority=2, status=FAILED, repositoryInfo=RepositoryInfo[repositoryName=shortb2a6c58b0d447045380a858075b170a5b7c6tstexc-exercise, repositoryType=exercise, triggeredByPushTo=exercise, assignmentRepositoryUri=http://localhost:49152/git/SHORTB2A6C58B0D447045380A858075B170A5B7C6TSTEXC/shortb2a6c58b0d447045380a858075b170a5b7c6tstexc-exercise.git, testRepositoryUri=http://localhost:49152/git/SHORTB2A6C58B0D447045380A858075B170A5B7C6TSTEXC/shortb2a6c58b0d447045380a858075b170a5b7c6tstexc-tests.git, solutionRepositoryUri=null, auxiliaryRepositoryUris=[Ljava.lang.String;@87a560f, auxiliaryRepositoryCheckoutDirectories=[Ljava.lang.String;@4350922b], jobTimingInfo=JobTimingInfo[submissionDate=2025-02-14T23:45:19.787985058Z[Etc/UTC], buildStartDate=2025-02-14T23:45:19.796327417Z[Etc/UTC], buildCompletionDate=2025-02-14T23:45:19.799750982Z[Etc/UTC], estimatedCompletionDate=2025-02-14T23:45:38.796319082Z[Etc/UTC], estimatedDuration=19], buildConfig=BuildConfig[buildScript=#!/bin/bash
cd /var/tmp/testing-dir
chmod +x ./gradlew
./gradlew clean test
, dockerImage=dummy-docker-image:latest, commitHashToBuild=363cdbf709a9fff149f813ab848ee800a675cc77, assignmentCommitHash=363cdbf709a9fff149f813ab848ee800a675cc77, testCommitHash=a5e046ece417b2e538f21f816e2524dab61e0d10, branch=main, programmingLanguage=JAVA, projectType=PLAIN_GRADLE, scaEnabled=false, sequentialTestRunsEnabled=false, resultPaths=[/var/tmp/testing-dir/**/test-results/test/*.xml], timeoutSeconds=0, assignmentCheckoutPath=null, testCheckoutPath=null, solutionCheckoutPath=null, dockerRunConfig=null], submissionResult=ResultDTO[id=629, completionDate=2025-02-14T23:45:19.799820341Z[Etc/UTC], successful=false, score=0.0, rated=true, submission=SubmissionDTO[id=822, submitted=true, type=MANUAL, exampleSubmission=null, submissionDate=2025-02-14T23:45:19.775952Z, commitHash=363cdbf709a9fff149f813ab848ee800a675cc77, buildFailed=true, buildArtifact=false, participation=ParticipationDTO[id=1979, testRun=false, type=template, submissionCount=null, exercise=ParticipationExerciseDTO[id=2591, exerciseType=PROGRAMMING, type=programming, assessmentType=AUTOMATIC, dueDate=2025-02-16T23:45:18.950569Z, assessmentDueDate=null, maxPoints=42.0, course=CourseDTO[id=974, accuracyOfScores=1]]], submissionExerciseType=programming, isProcessing=false, buildStartDate=null, estimatedCompletionDate=null], participation=ParticipationDTO[id=1979, testRun=false, type=template, submissionCount=null, exercise=ParticipationExerciseDTO[id=2591, exerciseType=PROGRAMMING, type=programming, assessmentType=AUTOMATIC, dueDate=2025-02-16T23:45:18.950569Z, assessmentDueDate=null, maxPoints=42.0, course=CourseDTO[id=974, accuracyOfScores=1]]], feedbacks=[], assessmentType=AUTOMATIC, hasComplaint=null, exampleResult=null, testCaseCount=0, passedTestCaseCount=0, codeIssueCount=0]], BuildJobQueueItem[id=19781739576720235, name=SHORTB2A6C58B0D447045380A858075B170A5B7C6TSTEXC-SOLUTION, buildAgent=BuildAgentDTO[name=artemis-build-agent-test, memberAddress=[127.0.0.1]:5703, displayName=artemis-build-agent-test], participationId=1978, courseId=974, exerciseId=2591, retryCount=0, priority=2, status=FAILED, repositoryInfo=RepositoryInfo[repositoryName=shortb2a6c58b0d447045380a858075b170a5b7c6tstexc-solution, repositoryType=solution, triggeredByPushTo=solution, assignmentRepositoryUri=http://localhost:49152/git/SHORTB2A6C58B0D447045380A858075B170A5B7C6TSTEXC/shortb2a6c58b0d447045380a858075b170a5b7c6tstexc-solution.git, testRepositoryUri=http://localhost:49152/git/SHORTB2A6C58B0D447045380A858075B170A5B7C6TSTEXC/shortb2a6c58b0d447045380a858075b170a5b7c6tstexc-tests.git, solutionRepositoryUri=null, auxiliaryRepositoryUris=[Ljava.lang.String;@60bf8a4f, auxiliaryRepositoryCheckoutDirectories=[Ljava.lang.String;@4886425c], jobTimingInfo=JobTimingInfo[submissionDate=2025-02-14T23:45:20.235272325Z[Etc/UTC], buildStartDate=2025-02-14T23:45:20.243033812Z[Etc/UTC], buildCompletionDate=2025-02-14T23:45:20.250721018Z[Etc/UTC], estimatedCompletionDate=2025-02-14T23:45:39.243026949Z[Etc/UTC], estimatedDuration=19], buildConfig=BuildConfig[buildScript=#!/bin/bash
cd /var/tmp/testing-dir
chmod +x ./gradlew
./gradlew clean test
, dockerImage=dummy-docker-image:latest, commitHashToBuild=c710d0e68c9c7db8cda7d1a278308de2b9642cc0, assignmentCommitHash=c710d0e68c9c7db8cda7d1a278308de2b9642cc0, testCommitHash=a5e046ece417b2e538f21f816e2524dab61e0d10, branch=main, programmingLanguage=JAVA, projectType=PLAIN_GRADLE, scaEnabled=false, sequentialTestRunsEnabled=false, resultPaths=[/var/tmp/testing-dir/**/test-results/test/*.xml], timeoutSeconds=0, assignmentCheckoutPath=null, testCheckoutPath=null, solutionCheckoutPath=null, dockerRunConfig=null], submissionResult=ResultDTO[id=630, completionDate=2025-02-14T23:45:20.250809893Z[Etc/UTC], successful=false, score=0.0, rated=true, submission=SubmissionDTO[id=823, submitted=true, type=MANUAL, exampleSubmission=null, submissionDate=2025-02-14T23:45:20.211707Z, commitHash=c710d0e68c9c7db8cda7d1a278308de2b9642cc0, buildFailed=true, buildArtifact=false, participation=ParticipationDTO[id=1978, testRun=false, type=solution, submissionCount=null, exercise=ParticipationExerciseDTO[id=2591, exerciseType=PROGRAMMING, type=programming, assessmentType=AUTOMATIC, dueDate=2025-02-16T23:45:18.950569Z, assessmentDueDate=null, maxPoints=42.0, course=CourseDTO[id=974, accuracyOfScores=1]]], submissionExerciseType=programming, isProcessing=false, buildStartDate=null, estimatedCompletionDate=null], participation=ParticipationDTO[id=1978, testRun=false, type=solution, submissionCount=null, exercise=ParticipationExerciseDTO[id=2591, exerciseType=PROGRAMMING, type=programming, assessmentType=AUTOMATIC, dueDate=2025-02-16T23:45:18.950569Z, assessmentDueDate=null, maxPoints=42.0, course=CourseDTO[id=974, accuracyOfScores=1]]], feedbacks=[], assessmentType=AUTOMATIC, hasComplaint=null, exampleResult=null, testCaseCount=0, passedTestCaseCount=0, codeIssueCount=0]], BuildJobQueueItem[id=19781739576720802, name=SHORTB2A6C58B0D447045380A858075B170A5B7C6TSTEXC-SOLUTION, buildAgent=BuildAgentDTO[name=artemis-build-agent-test, memberAddress=[127.0.0.1]:5703, displayName=artemis-build-agent-test], participationId=1978, courseId=974, exerciseId=2591, retryCount=0, priority=2, status=FAILED, repositoryInfo=RepositoryInfo[repositoryName=shortb2a6c58b0d447045380a858075b170a5b7c6tstexc-solution, repositoryType=solution, triggeredByPushTo=tests, assignmentRepositoryUri=http://localhost:49152/git/SHORTB2A6C58B0D447045380A858075B170A5B7C6TSTEXC/shortb2a6c58b0d447045380a858075b170a5b7c6tstexc-solution.git, testRepositoryUri=http://localhost:49152/git/SHORTB2A6C58B0D447045380A858075B170A5B7C6TSTEXC/shortb2a6c58b0d447045380a858075b170a5b7c6tstexc-tests.git, solutionRepositoryUri=null, auxiliaryRepositoryUris=[Ljava.lang.String;@1216af6d, auxiliaryRepositoryCheckoutDirectories=[Ljava.lang.String;@5590a6ce], jobTimingInfo=JobTimingInfo[submissionDate=2025-02-14T23:45:20.802935026Z[Etc/UTC], buildStartDate=2025-02-14T23:45:20.809306435Z[Etc/UTC], buildCompletionDate=2025-02-14T23:45:20.822452342Z[Etc/UTC], estimatedCompletionDate=2025-02-14T23:45:39.809298491Z[Etc/UTC], estimatedDuration=19], buildConfig=BuildConfig[buildScript=#!/bin/bash
cd /var/tmp/testing-dir
chmod +x ./gradlew
./gradlew clean test
, dockerImage=dummy-docker-image:latest, commitHashToBuild=c710d0e68c9c7db8cda7d1a278308de2b9642cc0, assignmentCommitHash=c710d0e68c9c7db8cda7d1a278308de2b9642cc0, testCommitHash=c710d0e68c9c7db8cda7d1a278308de2b9642cc0, branch=main, programmingLanguage=JAVA, projectType=PLAIN_GRADLE, scaEnabled=false, sequentialTestRunsEnabled=false, resultPaths=[/var/tmp/testing-dir/**/test-results/test/*.xml], timeoutSeconds=0, assignmentCheckoutPath=null, testCheckoutPath=null, solutionCheckoutPath=null, dockerRunConfig=null], submissionResult=ResultDTO[id=631, completionDate=2025-02-14T23:45:20.822527362Z[Etc/UTC], successful=false, score=0.0, rated=true, submission=SubmissionDTO[id=824, submitted=true, type=TEST, exampleSubmission=null, submissionDate=2025-02-14T23:45:20.791240Z, commitHash=c710d0e68c9c7db8cda7d1a278308de2b9642cc0, buildFailed=true, buildArtifact=false, participation=ParticipationDTO[id=1978, testRun=false, type=solution, submissionCount=null, exercise=ParticipationExerciseDTO[id=2591, exerciseType=PROGRAMMING, type=programming, assessmentType=AUTOMATIC, dueDate=2025-02-16T23:45:18.950569Z, assessmentDueDate=null, maxPoints=42.0, course=CourseDTO[id=974, accuracyOfScores=1]]], submissionExerciseType=programming, isProcessing=false, buildStartDate=null, estimatedCompletionDate=null], participation=ParticipationDTO[id=1978, testRun=false, type=solution, submissionCount=null, exercise=ParticipationExerciseDTO[id=2591, exerciseType=PROGRAMMING, type=programming, assessmentType=AUTOMATIC, dueDate=2025-02-16T23:45:18.950569Z, assessmentDueDate=null, maxPoints=42.0, course=CourseDTO[id=974, accuracyOfScores=1]]], feedbacks=[], assessmentType=AUTOMATIC, hasComplaint=null, exampleResult=null, testCaseCount=0, passedTestCaseCount=0, codeIssueCount=0]], BuildJobQueueItem[id=20061739576732554, name=SHORT94A899E303D7504C5D0840704DAAFA3DFF4DTSTEXC-LOCALVCCIINTINSTRUCTOR1, buildAgent=BuildAgentDTO[name=artemis-build-agent-test, memberAddress=[127.0.0.1]:5703, displayName=artemis-build-agent-test], participationId=2006, courseId=984, exerciseId=2601, retryCount=0, priority=2, status=SUCCESSFUL, repositoryInfo=RepositoryInfo[repositoryName=short94a899e303d7504c5d0840704daafa3dff4dtstexc-localvcciintinstructor1, repositoryType=user, triggeredByPushTo=user, assignmentRepositoryUri=http://localhost:49152/git/SHORT94A899E303D7504C5D0840704DAAFA3DFF4DTSTEXC/short94a899e303d7504c5d0840704daafa3dff4dtstexc-localvcciintinstructor1.git, testRepositoryUri=http://localhost:49152/git/SHORT94A899E303D7504C5D0840704DAAFA3DFF4DTSTEXC/short94a899e303d7504c5d0840704daafa3dff4dtstexc-tests.git, solutionRepositoryUri=null, auxiliaryRepositoryUris=[Ljava.lang.String;@4961b3c1, auxiliaryRepositoryCheckoutDirectories=[Ljava.lang.String;@338f8c13], jobTimingInfo=JobTimingInfo[submissionDate=2025-02-14T23:45:32.554795798Z[Etc/UTC], buildStartDate=2025-02-14T23:45:32.567287465Z[Etc/UTC], buildCompletionDate=2025-02-14T23:45:34.535226768Z[Etc/UTC], estimatedCompletionDate=2025-02-14T23:45:51.567257960Z[Etc/UTC], estimatedDuration=19], buildConfig=BuildConfig[buildScript=#!/bin/bash
cd /var/tmp/testing-dir
chmod +x ./gradlew
./gradlew clean test
, dockerImage=dummy-docker-image:latest, commitHashToBuild=ca2dbc0ae87edf7035058a6a17c0ea60e90a290f, assignmentCommitHash=ca2dbc0ae87edf7035058a6a17c0ea60e90a290f, testCommitHash=0207f6f98af5fbb66ad68455f3fc3cf128af8ae9, branch=main, programmingLanguage=JAVA, projectType=PLAIN_GRADLE, scaEnabled=false, sequentialTestRunsEnabled=false, resultPaths=[/var/tmp/testing-dir/**/test-results/test/*.xml], timeoutSeconds=0, assignmentCheckoutPath=null, testCheckoutPath=null, solutionCheckoutPath=null, dockerRunConfig=null], submissionResult=ResultDTO[id=632, completionDate=2025-02-14T23:45:34.504415716Z[Etc/UTC], successful=false, score=7.7, rated=false, submission=SubmissionDTO[id=826, submitted=true, type=MANUAL, exampleSubmission=null, submissionDate=2025-02-14T23:45:32.541533Z, commitHash=ca2dbc0ae87edf7035058a6a17c0ea60e90a290f, buildFailed=false, buildArtifact=false, participation=ParticipationDTO[id=2006, testRun=true, type=programming, submissionCount=null, exercise=ParticipationExerciseDTO[id=2601, exerciseType=PROGRAMMING, type=programming, assessmentType=AUTOMATIC, dueDate=2025-02-16T23:45:31.864042Z, assessmentDueDate=null, maxPoints=42.0, course=CourseDTO[id=984, accuracyOfScores=1]]], submissionExerciseType=programming, isProcessing=false, buildStartDate=null, estimatedCompletionDate=null], participation=ParticipationDTO[id=2006, testRun=true, type=programming, submissionCount=null, exercise=ParticipationExerciseDTO[id=2601, exerciseType=PROGRAMMING, type=programming, assessmentType=AUTOMATIC, dueDate=2025-02-16T23:45:31.864042Z, assessmentDueDate=null, maxPoints=42.0, course=CourseDTO[id=984, accuracyOfScores=1]]], feedbacks=[FeedbackDTO[id=920, text=null, detailText=The exercise expects a class with the name Context in the package testpackage. You did not implement the class in the exercise., hasLongFeedbackText=false, reference=null, credits=0.0, positive=false, type=AUTOMATIC, visibility=ALWAYS, testCase=TestCaseDTO[testName=null, id=1357]], FeedbackDTO[id=921, text=null, detailText=The exercise expects a class with the name Policy in the package testpackage. You did not implement the class in the exercise., hasLongFeedbackText=false, reference=null, credits=0.0, positive=false, type=AUTOMATIC, visibility=ALWAYS, testCase=TestCaseDTO[testName=null, id=1358]], FeedbackDTO[id=922, text=null, detailText=The exercise expects a class with the name SortStrategy in the package testpackage. You did not implement the class in the exercise., hasLongFeedbackText=false, reference=null, credits=0.0, positive=false, type=AUTOMATIC, visibility=ALWAYS, testCase=TestCaseDTO[testName=null, id=1359]], FeedbackDTO[id=923, text=null, detailText=The class 'MergeSort' does not implement the interface 'SortStrategy' as expected. Implement the interface and its methods., hasLongFeedbackText=false, reference=null, credits=0.0, positive=false, type=AUTOMATIC, visibility=ALWAYS, testCase=TestCaseDTO[testName=null, id=1354]], FeedbackDTO[id=924, text=null, detailText=The exercise expects a class with the name SortStrategy in the package testpackage. You did not implement the class in the exercise., hasLongFeedbackText=false, reference=null, credits=0.0, positive=false, type=AUTOMATIC, visibility=ALWAYS, testCase=TestCaseDTO[testName=null, id=1351]], FeedbackDTO[id=925, text=null, detailText=The class 'BubbleSort' does not implement the interface 'SortStrategy' as expected. Implement the interface and its methods., hasLongFeedbackText=false, reference=null, credits=0.0, positive=false, type=AUTOMATIC, visibility=ALWAYS, testCase=TestCaseDTO[testName=null, id=1355]], FeedbackDTO[id=926, text=null, detailText=MergeSort does not sort correctly, hasLongFeedbackText=false, reference=null, credits=0.0, positive=false, type=AUTOMATIC, visibility=ALWAYS, testCase=TestCaseDTO[testName=null, id=1360]], FeedbackDTO[id=927, text=null, detailText=The class 'Context' was not found within the submission. Make sure to implement it properly., hasLongFeedbackText=false, reference=null, credits=0.0, positive=false, type=AUTOMATIC, visibility=ALWAYS, testCase=TestCaseDTO[testName=null, id=1361]], FeedbackDTO[id=928, text=null, detailText=The class 'Context' was not found within the submission. Make sure to implement it properly., hasLongFeedbackText=false, reference=null, credits=0.0, positive=false, type=AUTOMATIC, visibility=ALWAYS, testCase=TestCaseDTO[testName=null, id=1362]], FeedbackDTO[id=929, text=null, detailText=The exercise expects a class with the name Policy in the package testpackage. You did not implement the class in the exercise., hasLongFeedbackText=false, reference=null, credits=0.0, positive=false, type=AUTOMATIC, visibility=ALWAYS, testCase=TestCaseDTO[testName=null, id=1356]], FeedbackDTO[id=930, text=null, detailText=The exercise expects a class with the name Context in the package testpackage. You did not implement the class in the exercise., hasLongFeedbackText=false, reference=null, credits=0.0, positive=false, type=AUTOMATIC, visibility=ALWAYS, testCase=TestCaseDTO[testName=null, id=1352]], FeedbackDTO[id=931, text=null, detailText=The exercise expects a class with the name Policy in the package testpackage. You did not implement the class in the exercise., hasLongFeedbackText=false, reference=null, credits=0.0, positive=false, type=AUTOMATIC, visibility=ALWAYS, testCase=TestCaseDTO[testName=null, id=1353]], FeedbackDTO[id=932, text=null, detailText=null, hasLongFeedbackText=false, reference=null, credits=3.230769230769231, positive=true, type=AUTOMATIC, visibility=ALWAYS, testCase=TestCaseDTO[testName=null, id=1363]]], assessmentType=AUTOMATIC, hasComplaint=null, exampleResult=null, testCaseCount=13, passedTestCaseCount=1, codeIssueCount=0]], BuildJobQueueItem[id=20111739576737317, name=SHORTD49A6DAE04F9E049850BD5601663FD17A5B7TSTEXC-BASE, buildAgent=BuildAgentDTO[name=artemis-build-agent-test, memberAddress=[127.0.0.1]:5703, displayName=artemis-build-agent-test], participationId=2011, courseId=986, exerciseId=2603, retryCount=0, priority=2, status=SUCCESSFUL, repositoryInfo=RepositoryInfo[repositoryName=shortd49a6dae04f9e049850bd5601663fd17a5b7tstexc-exercise, repositoryType=exercise, triggeredByPushTo=exercise, assignmentRepositoryUri=http://localhost:49152/git/SHORTD49A6DAE04F9E049850BD5601663FD17A5B7TSTEXC/shortd49a6dae04f9e049850bd5601663fd17a5b7tstexc-exercise.git, testRepositoryUri=http://localhost:49152/git/SHORTD49A6DAE04F9E049850BD5601663FD17A5B7TSTEXC/shortd49a6dae04f9e049850bd5601663fd17a5b7tstexc-tests.git, solutionRepositoryUri=null, auxiliaryRepositoryUris=[Ljava.lang.String;@144520c8, auxiliaryRepositoryCheckoutDirectories=[Ljava.lang.String;@44334258], jobTimingInfo=JobTimingInfo[submissionDate=2025-02-14T23:45:37.317968648Z[Etc/UTC], buildStartDate=2025-02-14T23:45:37.324534774Z[Etc/UTC], buildCompletionDate=2025-02-14T23:45:38.527225461Z[Etc/UTC], estimatedCompletionDate=2025-02-14T23:45:56.324506331Z[Etc/UTC], estimatedDuration=19], buildConfig=BuildConfig[buildScript=#!/bin/bash
cd /var/tmp/testing-dir
chmod +x ./gradlew
./gradlew clean test
, dockerImage=dummy-docker-image:latest, commitHashToBuild=c795243c185829bbefa399f45dcbcfac22311b2f, assignmentCommitHash=c795243c185829bbefa399f45dcbcfac22311b2f, testCommitHash=fa8b162170bf767d852e05e0eb7a128efa2e1f34, branch=main, programmingLanguage=JAVA, projectType=PLAIN_GRADLE, scaEnabled=false, sequentialTestRunsEnabled=false, resultPaths=[/var/tmp/testing-dir/**/test-results/test/*.xml], timeoutSeconds=0, assignmentCheckoutPath=null, testCheckoutPath=null, solutionCheckoutPath=null, dockerRunConfig=null], submissionResult=ResultDTO[id=633, completionDate=2025-02-14T23:45:38.476795726Z[Etc/UTC], successful=false, score=0.0, rated=true, submission=SubmissionDTO[id=827, submitted=true, type=MANUAL, exampleSubmission=null, submissionDate=2025-02-14T23:45:37.303401Z, commitHash=c795243c185829bbefa399f45dcbcfac22311b2f, buildFailed=false, buildArtifact=false, participation=ParticipationDTO[id=2011, testRun=false, type=template, submissionCount=null, exercise=ParticipationExerciseDTO[id=2603, exerciseType=PROGRAMMING, type=programming, assessmentType=AUTOMATIC, dueDate=2025-02-16T23:45:36.830269Z, assessmentDueDate=null, maxPoints=42.0, course=CourseDTO[id=986, accuracyOfScores=1]]], submissionExerciseType=programming, isProcessing=false, buildStartDate=null, estimatedCompletionDate=null], participation=ParticipationDTO[id=2011, testRun=false, type=template, submissionCount=null, exercise=ParticipationExerciseDTO[id=2603, exerciseType=PROGRAMMING, type=programming, assessmentType=AUTOMATIC, dueDate=2025-02-16T23:45:36.830269Z, assessmentDueDate=null, maxPoints=42.0, course=CourseDTO[id=986, accuracyOfScores=1]]], feedbacks=[FeedbackDTO[id=933, text=null, detailText=The exercise expects a class with the name Context in the package testpackage. You did not implement the class in the exercise., hasLongFeedbackText=false, reference=null, credits=0.0, positive=false, type=AUTOMATIC, visibility=ALWAYS, testCase=TestCaseDTO[testName=testMethods[Context], id=1383]], FeedbackDTO[id=934, text=null, detailText=The exercise expects a class with the name Policy in the package testpackage. You did not implement the class in the exercise., hasLongFeedbackText=false, reference=null, credits=0.0, positive=false, type=AUTOMATIC, visibility=ALWAYS, testCase=TestCaseDTO[testName=testMethods[Policy], id=1384]], FeedbackDTO[id=935, text=null, detailText=The exercise expects a class with the name SortStrategy in the package testpackage. You did not implement the class in the exercise., hasLongFeedbackText=false, reference=null, credits=0.0, positive=false, type=AUTOMATIC, visibility=ALWAYS, testCase=TestCaseDTO[testName=testMethods[SortStrategy], id=1385]], FeedbackDTO[id=936, text=null, detailText=The class 'MergeSort' does not implement the interface 'SortStrategy' as expected. Implement the interface and its methods., hasLongFeedbackText=false, reference=null, credits=0.0, positive=false, type=AUTOMATIC, visibility=ALWAYS, testCase=TestCaseDTO[testName=testClass[MergeSort], id=1380]], FeedbackDTO[id=937, text=null, detailText=The exercise expects a class with the name SortStrategy in the package testpackage. You did not implement the class in the exercise., hasLongFeedbackText=false, reference=null, credits=0.0, positive=false, type=AUTOMATIC, visibility=ALWAYS, testCase=TestCaseDTO[testName=testClass[SortStrategy], id=1377]], FeedbackDTO[id=938, text=null, detailText=The class 'BubbleSort' does not implement the interface 'SortStrategy' as expected. Implement the interface and its methods., hasLongFeedbackText=false, reference=null, credits=0.0, positive=false, type=AUTOMATIC, visibility=ALWAYS, testCase=TestCaseDTO[testName=testClass[BubbleSort], id=1381]], FeedbackDTO[id=939, text=null, detailText=MergeSort does not sort correctly, hasLongFeedbackText=false, reference=null, credits=0.0, positive=false, type=AUTOMATIC, visibility=ALWAYS, testCase=TestCaseDTO[testName=testMergeSort(), id=1386]], FeedbackDTO[id=940, text=null, detailText=The class 'Context' was not found within the submission. Make sure to implement it properly., hasLongFeedbackText=false, reference=null, credits=0.0, positive=false, type=AUTOMATIC, visibility=ALWAYS, testCase=TestCaseDTO[testName=testUseBubbleSortForSmallList(), id=1387]], FeedbackDTO[id=941, text=null, detailText=BubbleSort does not sort correctly, hasLongFeedbackText=false, reference=null, credits=0.0, positive=false, type=AUTOMATIC, visibility=ALWAYS, testCase=TestCaseDTO[testName=testBubbleSort(), id=1389]], FeedbackDTO[id=942, text=null, detailText=The class 'Context' was not found within the submission. Make sure to implement it properly., hasLongFeedbackText=false, reference=null, credits=0.0, positive=false, type=AUTOMATIC, visibility=ALWAYS, testCase=TestCaseDTO[testName=testUseMergeSortForBigList(), id=1388]], FeedbackDTO[id=943, text=null, detailText=The exercise expects a class with the name Policy in the package testpackage. You did not implement the class in the exercise., hasLongFeedbackText=false, reference=null, credits=0.0, positive=false, type=AUTOMATIC, visibility=ALWAYS, testCase=TestCaseDTO[testName=testConstructors[Policy], id=1382]], FeedbackDTO[id=944, text=null, detailText=The exercise expects a class with the name Context in the package testpackage. You did not implement the class in the exercise., hasLongFeedbackText=false, reference=null, credits=0.0, positive=false, type=AUTOMATIC, visibility=ALWAYS, testCase=TestCaseDTO[testName=testAttributes[Context], id=1378]], FeedbackDTO[id=945, text=null, detailText=The exercise expects a class with the name Policy in the package testpackage. You did not implement the class in the exercise., hasLongFeedbackText=false, reference=null, credits=0.0, positive=false, type=AUTOMATIC, visibility=ALWAYS, testCase=TestCaseDTO[testName=testAttributes[Policy], id=1379]]], assessmentType=AUTOMATIC, hasComplaint=null, exampleResult=null, testCaseCount=13, passedTestCaseCount=0, codeIssueCount=0]], BuildJobQueueItem[id=20171739576740018, name=SHORT7914AFA00ADC3047140B99D01AC07810CE44TSTEXC-LOCALVCCIINTSTUDENT1, buildAgent=BuildAgentDTO[name=artemis-build-agent-test, memberAddress=[127.0.0.1]:5703, displayName=artemis-build-agent-test], participationId=2017, courseId=988, exerciseId=2605, retryCount=0, priority=2, status=SUCCESSFUL, repositoryInfo=RepositoryInfo[repositoryName=short7914afa00adc3047140b99d01ac07810ce44tstexc-practice-localvcciintstudent1, repositoryType=user, triggeredByPushTo=user, assignmentRepositoryUri=http://localhost:49152/git/SHORT7914AFA00ADC3047140B99D01AC07810CE44TSTEXC/short7914afa00adc3047140b99d01ac07810ce44tstexc-practice-localvcciintstudent1.git, testRepositoryUri=http://localhost:49152/git/SHORT7914AFA00ADC3047140B99D01AC07810CE44TSTEXC/short7914afa00adc3047140b99d01ac07810ce44tstexc-tests.git, solutionRepositoryUri=null, auxiliaryRepositoryUris=[Ljava.lang.String;@880ea4, auxiliaryRepositoryCheckoutDirectories=[Ljava.lang.String;@4f28f5b2], jobTimingInfo=JobTimingInfo[submissionDate=2025-02-14T23:45:40.018961253Z[Etc/UTC], buildStartDate=2025-02-14T23:45:40.029742701Z[Etc/UTC], buildCompletionDate=2025-02-14T23:45:41.150208242Z[Etc/UTC], estimatedCompletionDate=2025-02-14T23:45:59.029734065Z[Etc/UTC], estimatedDuration=19], buildConfig=BuildConfig[buildScript=#!/bin/bash
cd /var/tmp/testing-dir
chmod +x ./gradlew
./gradlew clean test
, dockerImage=dummy-docker-image:latest, commitHashToBuild=d80b57877989b971e83ccdb4863c8a7023c76266, assignmentCommitHash=d80b57877989b971e83ccdb4863c8a7023c76266, testCommitHash=327b116890c92b1312314341f43f21ef13ecf7d7, branch=main, programmingLanguage=JAVA, projectType=PLAIN_GRADLE, scaEnabled=false, sequentialTestRunsEnabled=false, resultPaths=[/var/tmp/testing-dir/**/test-results/test/*.xml], timeoutSeconds=0, assignmentCheckoutPath=null, testCheckoutPath=null, solutionCheckoutPath=null, dockerRunConfig=null], submissionResult=ResultDTO[id=634, completionDate=2025-02-14T23:45:41.120192603Z[Etc/UTC], successful=false, score=7.7, rated=false, submission=SubmissionDTO[id=828, submitted=true, type=MANUAL, exampleSubmission=null, submissionDate=2025-02-14T23:45:40.008666Z, commitHash=d80b57877989b971e83ccdb4863c8a7023c76266, buildFailed=false, buildArtifact=false, participation=ParticipationDTO[id=2017, testRun=true, type=programming, submissionCount=null, exercise=ParticipationExerciseDTO[id=2605, exerciseType=PROGRAMMING, type=programming, assessmentType=AUTOMATIC, dueDate=2025-02-16T23:45:39.523500Z, assessmentDueDate=null, maxPoints=42.0, course=CourseDTO[id=988, accuracyOfScores=1]]], submissionExerciseType=programming, isProcessing=false, buildStartDate=null, estimatedCompletionDate=null], participation=ParticipationDTO[id=2017, testRun=true, type=programming, submissionCount=null, exercise=ParticipationExerciseDTO[id=2605, exerciseType=PROGRAMMING, type=programming, assessmentType=AUTOMATIC, dueDate=2025-02-16T23:45:39.523500Z, assessmentDueDate=null, maxPoints=42.0, course=CourseDTO[id=988, accuracyOfScores=1]]], feedbacks=[FeedbackDTO[id=946, text=null, detailText=The exercise expects a class with the name Context in the package testpackage. You did not implement the class in the exercise., hasLongFeedbackText=false, reference=null, credits=0.0, positive=false, type=AUTOMATIC, visibility=ALWAYS, testCase=TestCaseDTO[testName=null, id=1409]], FeedbackDTO[id=947, text=null, detailText=The exercise expects a class with the name Policy in the package testpackage. You did not implement the class in the exercise., hasLongFeedbackText=false, reference=null, credits=0.0, positive=false, type=AUTOMATIC, visibility=ALWAYS, testCase=TestCaseDTO[testName=null, id=1410]], FeedbackDTO[id=948, text=null, detailText=The exercise expects a class with the name SortStrategy in the package testpackage. You did not implement the class in the exercise., hasLongFeedbackText=false, reference=null, credits=0.0, positive=false, type=AUTOMATIC, visibility=ALWAYS, testCase=TestCaseDTO[testName=null, id=1411]], FeedbackDTO[id=949, text=null, detailText=The class 'MergeSort' does not implement the interface 'SortStrategy' as expected. Implement the interface and its methods., hasLongFeedbackText=false, reference=null, credits=0.0, positive=false, type=AUTOMATIC, visibility=ALWAYS, testCase=TestCaseDTO[testName=null, id=1406]], FeedbackDTO[id=950, text=null, detailText=The exercise expects a class with the name SortStrategy in the package testpackage. You did not implement the class in the exercise., hasLongFeedbackText=false, reference=null, credits=0.0, positive=false, type=AUTOMATIC, visibility=ALWAYS, testCase=TestCaseDTO[testName=null, id=1403]], FeedbackDTO[id=951, text=null, detailText=The class 'BubbleSort' does not implement the interface 'SortStrategy' as expected. Implement the interface and its methods., hasLongFeedbackText=false, reference=null, credits=0.0, positive=false, type=AUTOMATIC, visibility=ALWAYS, testCase=TestCaseDTO[testName=null, id=1407]], FeedbackDTO[id=952, text=null, detailText=MergeSort does not sort correctly, hasLongFeedbackText=false, reference=null, credits=0.0, positive=false, type=AUTOMATIC, visibility=ALWAYS, testCase=TestCaseDTO[testName=null, id=1412]], FeedbackDTO[id=953, text=null, detailText=The class 'Context' was not found within the submission. Make sure to implement it properly., hasLongFeedbackText=false, reference=null, credits=0.0, positive=false, type=AUTOMATIC, visibility=ALWAYS, testCase=TestCaseDTO[testName=null, id=1413]], FeedbackDTO[id=954, text=null, detailText=The class 'Context' was not found within the submission. Make sure to implement it properly., hasLongFeedbackText=false, reference=null, credits=0.0, positive=false, type=AUTOMATIC, visibility=ALWAYS, testCase=TestCaseDTO[testName=null, id=1414]], FeedbackDTO[id=955, text=null, detailText=The exercise expects a class with the name Policy in the package testpackage. You did not implement the class in the exercise., hasLongFeedbackText=false, reference=null, credits=0.0, positive=false, type=AUTOMATIC, visibility=ALWAYS, testCase=TestCaseDTO[testName=null, id=1408]], FeedbackDTO[id=956, text=null, detailText=The exercise expects a class with the name Context in the package testpackage. You did not implement the class in the exercise., hasLongFeedbackText=false, reference=null, credits=0.0, positive=false, type=AUTOMATIC, visibility=ALWAYS, testCase=TestCaseDTO[testName=null, id=1404]], FeedbackDTO[id=957, text=null, detailText=The exercise expects a class with the name Policy in the package testpackage. You did not implement the class in the exercise., hasLongFeedbackText=false, reference=null, credits=0.0, positive=false, type=AUTOMATIC, visibility=ALWAYS, testCase=TestCaseDTO[testName=null, id=1405]], FeedbackDTO[id=958, text=null, detailText=null, hasLongFeedbackText=false, reference=null, credits=3.230769230769231, positive=true, type=AUTOMATIC, visibility=ALWAYS, testCase=TestCaseDTO[testName=null, id=1415]]], assessmentType=AUTOMATIC, hasComplaint=null, exampleResult=null, testCaseCount=13, passedTestCaseCount=1, codeIssueCount=0]], BuildJobQueueItem[id=20261739576743984, name=SHORT53C73BE505404043100AC2F00C039353CE8FTSTEXC-LOCALVCCIINTSTUDENT1, buildAgent=BuildAgentDTO[name=artemis-build-agent-test, memberAddress=[127.0.0.1]:5703, displayName=artemis-build-agent-test], participationId=2026, courseId=991, exerciseId=2608, retryCount=0, priority=1, status=SUCCESSFUL, repositoryInfo=RepositoryInfo[repositoryName=short53c73be505404043100ac2f00c039353ce8ftstexc-localvcciintstudent1, repositoryType=user, triggeredByPushTo=user, assignmentRepositoryUri=http://localhost:49152/git/SHORT53C73BE505404043100AC2F00C039353CE8FTSTEXC/short53c73be505404043100ac2f00c039353ce8ftstexc-localvcciintstudent1.git, testRepositoryUri=http://localhost:49152/git/SHORT53C73BE505404043100AC2F00C039353CE8FTSTEXC/short53c73be505404043100ac2f00c039353ce8ftstexc-tests.git, solutionRepositoryUri=null, auxiliaryRepositoryUris=[Ljava.lang.String;@72d6dfff, auxiliaryRepositoryCheckoutDirectories=[Ljava.lang.String;@2c29627f], jobTimingInfo=JobTimingInfo[submissionDate=2025-02-14T23:45:43.984518859Z[Etc/UTC], buildStartDate=2025-02-14T23:45:43.991385682Z[Etc/UTC], buildCompletionDate=2025-02-14T23:45:44.982059928Z[Etc/UTC], estimatedCompletionDate=2025-02-14T23:46:02.991380122Z[Etc/UTC], estimatedDuration=19], buildConfig=BuildConfig[buildScript=#!/bin/bash
cd /var/tmp/testing-dir
chmod +x ./gradlew
./gradlew clean test
, dockerImage=dummy-docker-image:latest, commitHashToBuild=3e90ae9fef2e44ffb41451a080bdaa6a44ad6848, assignmentCommitHash=3e90ae9fef2e44ffb41451a080bdaa6a44ad6848, testCommitHash=0582754c87aae13e640312855ce7dbe490ecb50c, branch=main, programmingLanguage=JAVA, projectType=PLAIN_GRADLE, scaEnabled=false, sequentialTestRunsEnabled=false, resultPaths=[/var/tmp/testing-dir/**/test-results/test/*.xml], timeoutSeconds=0, assignmentCheckoutPath=null, testCheckoutPath=null, solutionCheckoutPath=null, dockerRunConfig=null], submissionResult=ResultDTO[id=635, completionDate=2025-02-14T23:45:44.961313737Z[Etc/UTC], successful=false, score=7.7, rated=true, submission=SubmissionDTO[id=829, submitted=true, type=MANUAL, exampleSubmission=null, submissionDate=2025-02-14T23:45:43.967766Z, commitHash=3e90ae9fef2e44ffb41451a080bdaa6a44ad6848, buildFailed=false, buildArtifact=false, participation=ParticipationDTO[id=2026, testRun=false, type=programming, submissionCount=null, exercise=ParticipationExerciseDTO[id=2608, exerciseType=PROGRAMMING, type=programming, assessmentType=AUTOMATIC, dueDate=2025-02-16T23:45:43.597978Z, assessmentDueDate=null, maxPoints=42.0, course=CourseDTO[id=991, accuracyOfScores=1]]], submissionExerciseType=programming, isProcessing=false, buildStartDate=null, estimatedCompletionDate=null], participation=ParticipationDTO[id=2026, testRun=false, type=programming, submissionCount=null, exercise=ParticipationExerciseDTO[id=2608, exerciseType=PROGRAMMING, type=programming, assessmentType=AUTOMATIC, dueDate=2025-02-16T23:45:43.597978Z, assessmentDueDate=null, maxPoints=42.0, course=CourseDTO[id=991, accuracyOfScores=1]]], feedbacks=[FeedbackDTO[id=959, text=null, detailText=The exercise expects a class with the name Context in the package testpackage. You did not implement the class in the exercise., hasLongFeedbackText=false, reference=null, credits=0.0, positive=false, type=AUTOMATIC, visibility=ALWAYS, testCase=TestCaseDTO[testName=null, id=1448]], FeedbackDTO[id=960, text=null, detailText=The exercise expects a class with the name Policy in the package testpackage. You did not implement the class in the exercise., hasLongFeedbackText=false, reference=null, credits=0.0, positive=false, type=AUTOMATIC, visibility=ALWAYS, testCase=TestCaseDTO[testName=null, id=1449]], FeedbackDTO[id=961, text=null, detailText=The exercise expects a class with the name SortStrategy in the package testpackage. You did not implement the class in the exercise., hasLongFeedbackText=false, reference=null, credits=0.0, positive=false, type=AUTOMATIC, visibility=ALWAYS, testCase=TestCaseDTO[testName=null, id=1450]], FeedbackDTO[id=962, text=null, detailText=The class 'MergeSort' does not implement the interface 'SortStrategy' as expected. Implement the interface and its methods., hasLongFeedbackText=false, reference=null, credits=0.0, positive=false, type=AUTOMATIC, visibility=ALWAYS, testCase=TestCaseDTO[testName=null, id=1445]], FeedbackDTO[id=963, text=null, detailText=The exercise expects a class with the name SortStrategy in the package testpackage. You did not implement the class in the exercise., hasLongFeedbackText=false, reference=null, credits=0.0, positive=false, type=AUTOMATIC, visibility=ALWAYS, testCase=TestCaseDTO[testName=null, id=1442]], FeedbackDTO[id=964, text=null, detailText=The class 'BubbleSort' does not implement the interface 'SortStrategy' as expected. Implement the interface and its methods., hasLongFeedbackText=false, reference=null, credits=0.0, positive=false, type=AUTOMATIC, visibility=ALWAYS, testCase=TestCaseDTO[testName=null, id=1446]], FeedbackDTO[id=965, text=null, detailText=MergeSort does not sort correctly, hasLongFeedbackText=false, reference=null, credits=0.0, positive=false, type=AUTOMATIC, visibility=ALWAYS, testCase=TestCaseDTO[testName=null, id=1451]], FeedbackDTO[id=966, text=null, detailText=The class 'Context' was not found within the submission. Make sure to implement it properly., hasLongFeedbackText=false, reference=null, credits=0.0, positive=false, type=AUTOMATIC, visibility=ALWAYS, testCase=TestCaseDTO[testName=null, id=1452]], FeedbackDTO[id=967, text=null, detailText=The class 'Context' was not found within the submission. Make sure to implement it properly., hasLongFeedbackText=false, reference=null, credits=0.0, positive=false, type=AUTOMATIC, visibility=ALWAYS, testCase=TestCaseDTO[testName=null, id=1453]], FeedbackDTO[id=968, text=null, detailText=The exercise expects a class with the name Policy in the package testpackage. You did not implement the class in the exercise., hasLongFeedbackText=false, reference=null, credits=0.0, positive=false, type=AUTOMATIC, visibility=ALWAYS, testCase=TestCaseDTO[testName=null, id=1447]], FeedbackDTO[id=969, text=null, detailText=The exercise expects a class with the name Context in the package testpackage. You did not implement the class in the exercise., hasLongFeedbackText=false, reference=null, credits=0.0, positive=false, type=AUTOMATIC, visibility=ALWAYS, testCase=TestCaseDTO[testName=null, id=1443]], FeedbackDTO[id=970, text=null, detailText=The exercise expects a class with the name Policy in the package testpackage. You did not implement the class in the exercise., hasLongFeedbackText=false, reference=null, credits=0.0, positive=false, type=AUTOMATIC, visibility=ALWAYS, testCase=TestCaseDTO[testName=null, id=1444]], FeedbackDTO[id=971, text=null, detailText=null, hasLongFeedbackText=false, reference=null, credits=3.230769230769231, positive=true, type=AUTOMATIC, visibility=ALWAYS, testCase=TestCaseDTO[testName=null, id=1454]]], assessmentType=AUTOMATIC, hasComplaint=null, exampleResult=null, testCaseCount=13, passedTestCaseCount=1, codeIssueCount=0]], BuildJobQueueItem[id=20271739576746886, name=SHORT0FC863930E92904248098A506171F81CF6CFTSTEXC-SOLUTION, buildAgent=BuildAgentDTO[name=artemis-build-agent-test, memberAddress=[127.0.0.1]:5703, displayName=artemis-build-agent-test], participationId=2027, courseId=992, exerciseId=2609, retryCount=0, priority=2, status=SUCCESSFUL, repositoryInfo=RepositoryInfo[repositoryName=short0fc863930e92904248098a506171f81cf6cftstexc-solution, repositoryType=solution, triggeredByPushTo=auxiliary, assignmentRepositoryUri=http://localhost:49152/git/SHORT0FC863930E92904248098A506171F81CF6CFTSTEXC/short0fc863930e92904248098a506171f81cf6cftstexc-solution.git, testRepositoryUri=http://localhost:49152/git/SHORT0FC863930E92904248098A506171F81CF6CFTSTEXC/short0fc863930e92904248098a506171f81cf6cftstexc-tests.git, solutionRepositoryUri=null, auxiliaryRepositoryUris=[Ljava.lang.String;@6c94b470, auxiliaryRepositoryCheckoutDirectories=[Ljava.lang.String;@64195935], jobTimingInfo=JobTimingInfo[submissionDate=2025-02-14T23:45:46.886984066Z[Etc/UTC], buildStartDate=2025-02-14T23:45:46.897709578Z[Etc/UTC], buildCompletionDate=2025-02-14T23:45:48.628460156Z[Etc/UTC], estimatedCompletionDate=2025-02-14T23:46:05.897701272Z[Etc/UTC], estimatedDuration=19], buildConfig=BuildConfig[buildScript=#!/bin/bash
cd /var/tmp/testing-dir
chmod +x ./gradlew
./gradlew clean test
, dockerImage=dummy-docker-image:latest, commitHashToBuild=null, assignmentCommitHash=115a2e943bee242fdad360b50d8ad5f30792577e, testCommitHash=9b3a9bd71a0d80e5bbc42204c319ed3d1d4f0d6d, branch=main, programmingLanguage=JAVA, projectType=PLAIN_GRADLE, scaEnabled=false, sequentialTestRunsEnabled=false, resultPaths=[/var/tmp/testing-dir/**/test-results/test/*.xml], timeoutSeconds=0, assignmentCheckoutPath=null, testCheckoutPath=null, solutionCheckoutPath=null, dockerRunConfig=null], submissionResult=ResultDTO[id=636, completionDate=2025-02-14T23:45:48.593370968Z[Etc/UTC], successful=true, score=100.0, rated=true, submission=SubmissionDTO[id=830, submitted=true, type=TEST, exampleSubmission=null, submissionDate=2025-02-14T23:45:46.873671Z, commitHash=9b3a9bd71a0d80e5bbc42204c319ed3d1d4f0d6d, buildFailed=false, buildArtifact=false, participation=ParticipationDTO[id=2027, testRun=false, type=solution, submissionCount=null, exercise=ParticipationExerciseDTO[id=2609, exerciseType=PROGRAMMING, type=programming, assessmentType=AUTOMATIC, dueDate=2025-02-16T23:45:46.386304Z, assessmentDueDate=null, maxPoints=42.0, course=CourseDTO[id=992, accuracyOfScores=1]]], submissionExerciseType=programming, isProcessing=false, buildStartDate=null, estimatedCompletionDate=null], participation=ParticipationDTO[id=2027, testRun=false, type=solution, submissionCount=null, exercise=ParticipationExerciseDTO[id=2609, exerciseType=PROGRAMMING, type=programming, assessmentType=AUTOMATIC, dueDate=2025-02-16T23:45:46.386304Z, assessmentDueDate=null, maxPoints=42.0, course=CourseDTO[id=992, accuracyOfScores=1]]], feedbacks=[FeedbackDTO[id=972, text=null, detailText=null, hasLongFeedbackText=false, reference=null, credits=3.230769230769231, positive=true, type=AUTOMATIC, visibility=ALWAYS, testCase=TestCaseDTO[testName=testMethods[Context], id=1461]], FeedbackDTO[id=973, text=null, detailText=null, hasLongFeedbackText=false, reference=null, credits=3.230769230769231, positive=true, type=AUTOMATIC, visibility=ALWAYS, testCase=TestCaseDTO[testName=testMethods[Policy], id=1462]], FeedbackDTO[id=974, text=null, detailText=null, hasLongFeedbackText=false, reference=null, credits=3.230769230769231, positive=true, type=AUTOMATIC, visibility=ALWAYS, testCase=TestCaseDTO[testName=testMethods[SortStrategy], id=1463]], FeedbackDTO[id=975, text=null, detailText=null, hasLongFeedbackText=false, reference=null, credits=3.230769230769231, positive=true, type=AUTOMATIC, visibility=ALWAYS, testCase=TestCaseDTO[testName=testClass[MergeSort], id=1458]], FeedbackDTO[id=976, text=null, detailText=null, hasLongFeedbackText=false, reference=null, credits=3.230769230769231, positive=true, type=AUTOMATIC, visibility=ALWAYS, testCase=TestCaseDTO[testName=testClass[SortStrategy], id=1455]], FeedbackDTO[id=977, text=null, detailText=null, hasLongFeedbackText=false, reference=null, credits=3.230769230769231, positive=true, type=AUTOMATIC, visibility=ALWAYS, testCase=TestCaseDTO[testName=testClass[BubbleSort], id=1459]], FeedbackDTO[id=978, text=null, detailText=null, hasLongFeedbackText=false, reference=null, credits=3.230769230769231, positive=true, type=AUTOMATIC, visibility=ALWAYS, testCase=TestCaseDTO[testName=testMergeSort(), id=1464]], FeedbackDTO[id=979, text=null, detailText=null, hasLongFeedbackText=false, reference=null, credits=3.230769230769231, positive=true, type=AUTOMATIC, visibility=ALWAYS, testCase=TestCaseDTO[testName=testUseBubbleSortForSmallList(), id=1465]], FeedbackDTO[id=980, text=null, detailText=null, hasLongFeedbackText=false, reference=null, credits=3.230769230769231, positive=true, type=AUTOMATIC, visibility=ALWAYS, testCase=TestCaseDTO[testName=testBubbleSort(), id=1467]], FeedbackDTO[id=981, text=null, detailText=null, hasLongFeedbackText=false, reference=null, credits=3.230769230769231, positive=true, type=AUTOMATIC, visibility=ALWAYS, testCase=TestCaseDTO[testName=testUseMergeSortForBigList(), id=1466]], FeedbackDTO[id=982, text=null, detailText=null, hasLongFeedbackText=false, reference=null, credits=3.230769230769231, positive=true, type=AUTOMATIC, visibility=ALWAYS, testCase=TestCaseDTO[testName=testConstructors[Policy], id=1460]], FeedbackDTO[id=983, text=null, detailText=null, hasLongFeedbackText=false, reference=null, credits=3.230769230769231, positive=true, type=AUTOMATIC, visibility=ALWAYS, testCase=TestCaseDTO[testName=testAttributes[Context], id=1456]], FeedbackDTO[id=984, text=null, detailText=null, hasLongFeedbackText=false, reference=null, credits=3.230769230769231, positive=true, type=AUTOMATIC, visibility=ALWAYS, testCase=TestCaseDTO[testName=testAttributes[Policy], id=1457]]], assessmentType=AUTOMATIC, hasComplaint=null, exampleResult=null, testCaseCount=13, passedTestCaseCount=13, codeIssueCount=0]], BuildJobQueueItem[id=20281739576748768, name=SHORT0FC863930E92904248098A506171F81CF6CFTSTEXC-BASE, buildAgent=BuildAgentDTO[name=artemis-build-agent-test, memberAddress=[127.0.0.1]:5703, displayName=artemis-build-agent-test], participationId=2028, courseId=992, exerciseId=2609, retryCount=0, priority=2, status=SUCCESSFUL, repositoryInfo=RepositoryInfo[repositoryName=short0fc863930e92904248098a506171f81cf6cftstexc-exercise, repositoryType=exercise, triggeredByPushTo=auxiliary, assignmentRepositoryUri=http://localhost:49152/git/SHORT0FC863930E92904248098A506171F81CF6CFTSTEXC/short0fc863930e92904248098a506171f81cf6cftstexc-exercise.git, testRepositoryUri=http://localhost:49152/git/SHORT0FC863930E92904248098A506171F81CF6CFTSTEXC/short0fc863930e92904248098a506171f81cf6cftstexc-tests.git, solutionRepositoryUri=null, auxiliaryRepositoryUris=[Ljava.lang.String;@20745b6e, auxiliaryRepositoryCheckoutDirectories=[Ljava.lang.String;@4729ff85], jobTimingInfo=JobTimingInfo[submissionDate=2025-02-14T23:45:48.768063548Z[Etc/UTC], buildStartDate=2025-02-14T23:45:48.802531989Z[Etc/UTC], buildCompletionDate=2025-02-14T23:45:50.482681367Z[Etc/UTC], estimatedCompletionDate=2025-02-14T23:45:50.802523092Z[Etc/UTC], estimatedDuration=2], buildConfig=BuildConfig[buildScript=#!/bin/bash
cd /var/tmp/testing-dir
chmod +x ./gradlew
./gradlew clean test
, dockerImage=dummy-docker-image:latest, commitHashToBuild=9b3a9bd71a0d80e5bbc42204c319ed3d1d4f0d6d, assignmentCommitHash=115a2e943bee242fdad360b50d8ad5f30792577e, testCommitHash=9b3a9bd71a0d80e5bbc42204c319ed3d1d4f0d6d, branch=main, programmingLanguage=JAVA, projectType=PLAIN_GRADLE, scaEnabled=false, sequentialTestRunsEnabled=false, resultPaths=[/var/tmp/testing-dir/**/test-results/test/*.xml], timeoutSeconds=0, assignmentCheckoutPath=null, testCheckoutPath=null, solutionCheckoutPath=null, dockerRunConfig=null], submissionResult=ResultDTO[id=637, completionDate=2025-02-14T23:45:50.449084694Z[Etc/UTC], successful=false, score=0.0, rated=true, submission=SubmissionDTO[id=831, submitted=true, type=TEST, exampleSubmission=null, submissionDate=2025-02-14T23:45:48.761177Z, commitHash=9b3a9bd71a0d80e5bbc42204c319ed3d1d4f0d6d, buildFailed=false, buildArtifact=false, participation=ParticipationDTO[id=2028, testRun=false, type=template, submissionCount=null, exercise=ParticipationExerciseDTO[id=2609, exerciseType=PROGRAMMING, type=programming, assessmentType=AUTOMATIC, dueDate=2025-02-16T23:45:46.386304Z, assessmentDueDate=null, maxPoints=42.0, course=CourseDTO[id=992, accuracyOfScores=1]]], submissionExerciseType=programming, isProcessing=false, buildStartDate=null, estimatedCompletionDate=null], participation=ParticipationDTO[id=2028, testRun=false, type=template, submissionCount=null, exercise=ParticipationExerciseDTO[id=2609, exerciseType=PROGRAMMING, type=programming, assessmentType=AUTOMATIC, dueDate=2025-02-16T23:45:46.386304Z, assessmentDueDate=null, maxPoints=42.0, course=CourseDTO[id=992, accuracyOfScores=1]]], feedbacks=[FeedbackDTO[id=985, text=null, detailText=The exercise expects a class with the name Context in the package testpackage. You did not implement the class in the exercise., hasLongFeedbackText=false, reference=null, credits=0.0, positive=false, type=AUTOMATIC, visibility=ALWAYS, testCase=TestCaseDTO[testName=testMethods[Context], id=1461]], FeedbackDTO[id=986, text=null, detailText=The exercise expects a class with the name Policy in the package testpackage. You did not implement the class in the exercise., hasLongFeedbackText=false, reference=null, credits=0.0, positive=false, type=AUTOMATIC, visibility=ALWAYS, testCase=TestCaseDTO[testName=testMethods[Policy], id=1462]], FeedbackDTO[id=987, text=null, detailText=The exercise expects a class with the name SortStrategy in the package testpackage. You did not implement the class in the exercise., hasLongFeedbackText=false, reference=null, credits=0.0, positive=false, type=AUTOMATIC, visibility=ALWAYS, testCase=TestCaseDTO[testName=testMethods[SortStrategy], id=1463]], FeedbackDTO[id=988, text=null, detailText=The class 'MergeSort' does not implement the interface 'SortStrategy' as expected. Implement the interface and its methods., hasLongFeedbackText=false, reference=null, credits=0.0, positive=false, type=AUTOMATIC, visibility=ALWAYS, testCase=TestCaseDTO[testName=testClass[MergeSort], id=1458]], FeedbackDTO[id=989, text=null, detailText=The exercise expects a class with the name SortStrategy in the package testpackage. You did not implement the class in the exercise., hasLongFeedbackText=false, reference=null, credits=0.0, positive=false, type=AUTOMATIC, visibility=ALWAYS, testCase=TestCaseDTO[testName=testClass[SortStrategy], id=1455]], FeedbackDTO[id=990, text=null, detailText=The class 'BubbleSort' does not implement the interface 'SortStrategy' as expected. Implement the interface and its methods., hasLongFeedbackText=false, reference=null, credits=0.0, positive=false, type=AUTOMATIC, visibility=ALWAYS, testCase=TestCaseDTO[testName=testClass[BubbleSort], id=1459]], FeedbackDTO[id=991, text=null, detailText=MergeSort does not sort correctly, hasLongFeedbackText=false, reference=null, credits=0.0, positive=false, type=AUTOMATIC, visibility=ALWAYS, testCase=TestCaseDTO[testName=testMergeSort(), id=1464]], FeedbackDTO[id=992, text=null, detailText=The class 'Context' was not found within the submission. Make sure to implement it properly., hasLongFeedbackText=false, reference=null, credits=0.0, positive=false, type=AUTOMATIC, visibility=ALWAYS, testCase=TestCaseDTO[testName=testUseBubbleSortForSmallList(), id=1465]], FeedbackDTO[id=993, text=null, detailText=BubbleSort does not sort correctly, hasLongFeedbackText=false, reference=null, credits=0.0, positive=false, type=AUTOMATIC, visibility=ALWAYS, testCase=TestCaseDTO[testName=testBubbleSort(), id=1467]], FeedbackDTO[id=994, text=null, detailText=The class 'Context' was not found within the submission. Make sure to implement it properly., hasLongFeedbackText=false, reference=null, credits=0.0, positive=false, type=AUTOMATIC, visibility=ALWAYS, testCase=TestCaseDTO[testName=testUseMergeSortForBigList(), id=1466]], FeedbackDTO[id=995, text=null, detailText=The exercise expects a class with the name Policy in the package testpackage. You did not implement the class in the exercise., hasLongFeedbackText=false, reference=null, credits=0.0, positive=false, type=AUTOMATIC, visibility=ALWAYS, testCase=TestCaseDTO[testName=testConstructors[Policy], id=1460]], FeedbackDTO[id=996, text=null, detailText=The exercise expects a class with the name Context in the package testpackage. You did not implement the class in the exercise., hasLongFeedbackText=false, reference=null, credits=0.0, positive=false, type=AUTOMATIC, visibility=ALWAYS, testCase=TestCaseDTO[testName=testAttributes[Context], id=1456]], FeedbackDTO[id=997, text=null, detailText=The exercise expects a class with the name Policy in the package testpackage. You did not implement the class in the exercise., hasLongFeedbackText=false, reference=null, credits=0.0, positive=false, type=AUTOMATIC, visibility=ALWAYS, testCase=TestCaseDTO[testName=testAttributes[Policy], id=1457]]], assessmentType=AUTOMATIC, hasComplaint=null, exampleResult=null, testCaseCount=13, passedTestCaseCount=0, codeIssueCount=0]], BuildJobQueueItem[id=20291739576751299, name=SHORT716C2EC10B19B049C80A2F00B97EAB20B2A9TSTEXC-SOLUTION, buildAgent=BuildAgentDTO[name=artemis-build-agent-test, memberAddress=[127.0.0.1]:5703, displayName=artemis-build-agent-test], participationId=2029, courseId=993, exerciseId=2610, retryCount=0, priority=2, status=SUCCESSFUL, repositoryInfo=RepositoryInfo[repositoryName=short716c2ec10b19b049c80a2f00b97eab20b2a9tstexc-solution, repositoryType=solution, triggeredByPushTo=tests, assignmentRepositoryUri=http://localhost:49152/git/SHORT716C2EC10B19B049C80A2F00B97EAB20B2A9TSTEXC/short716c2ec10b19b049c80a2f00b97eab20b2a9tstexc-solution.git, testRepositoryUri=http://localhost:49152/git/SHORT716C2EC10B19B049C80A2F00B97EAB20B2A9TSTEXC/short716c2ec10b19b049c80a2f00b97eab20b2a9tstexc-tests.git, solutionRepositoryUri=null, auxiliaryRepositoryUris=[Ljava.lang.String;@ed7f424, auxiliaryRepositoryCheckoutDirectories=[Ljava.lang.String;@20a9c43a], jobTimingInfo=JobTimingInfo[submissionDate=2025-02-14T23:45:51.299892174Z[Etc/UTC], buildStartDate=2025-02-14T23:45:51.314028505Z[Etc/UTC], buildCompletionDate=2025-02-14T23:45:52.158312850Z[Etc/UTC], estimatedCompletionDate=2025-02-14T23:46:10.314021752Z[Etc/UTC], estimatedDuration=19], buildConfig=BuildConfig[buildScript=#!/bin/bash
cd /var/tmp/testing-dir
chmod +x ./gradlew
./gradlew clean test
, dockerImage=dummy-docker-image:latest, commitHashToBuild=1e531733ed6e9237f710b528d1eb0b7beac565fd, assignmentCommitHash=815e279f12ad296b4f24c44134a07293c04c010f, testCommitHash=1e531733ed6e9237f710b528d1eb0b7beac565fd, branch=main, programmingLanguage=JAVA, projectType=PLAIN_GRADLE, scaEnabled=false, sequentialTestRunsEnabled=false, resultPaths=[/var/tmp/testing-dir/**/test-results/test/*.xml], timeoutSeconds=0, assignmentCheckoutPath=null, testCheckoutPath=null, solutionCheckoutPath=null, dockerRunConfig=null], submissionResult=ResultDTO[id=638, completionDate=2025-02-14T23:45:52.146826070Z[Etc/UTC], successful=true, score=100.0, rated=true, submission=SubmissionDTO[id=832, submitted=true, type=TEST, exampleSubmission=null, submissionDate=2025-02-14T23:45:51.275713Z, commitHash=1e531733ed6e9237f710b528d1eb0b7beac565fd, buildFailed=false, buildArtifact=false, participation=ParticipationDTO[id=2029, testRun=false, type=solution, submissionCount=null, exercise=ParticipationExerciseDTO[id=2610, exerciseType=PROGRAMMING, type=programming, assessmentType=AUTOMATIC, dueDate=2025-02-16T23:45:50.869093Z, assessmentDueDate=null, maxPoints=42.0, course=CourseDTO[id=993, accuracyOfScores=1]]], submissionExerciseType=programming, isProcessing=false, buildStartDate=null, estimatedCompletionDate=null], participation=ParticipationDTO[id=2029, testRun=false, type=solution, submissionCount=null, exercise=ParticipationExerciseDTO[id=2610, exerciseType=PROGRAMMING, type=programming, assessmentType=AUTOMATIC, dueDate=2025-02-16T23:45:50.869093Z, assessmentDueDate=null, maxPoints=42.0, course=CourseDTO[id=993, accuracyOfScores=1]]], feedbacks=[FeedbackDTO[id=998, text=null, detailText=null, hasLongFeedbackText=false, reference=null, credits=3.230769230769231, positive=true, type=AUTOMATIC, visibility=ALWAYS, testCase=TestCaseDTO[testName=testMethods[Context], id=1474]], FeedbackDTO[id=999, text=null, detailText=null, hasLongFeedbackText=false, reference=null, credits=3.230769230769231, positive=true, type=AUTOMATIC, visibility=ALWAYS, testCase=TestCaseDTO[testName=testMethods[Policy], id=1475]], FeedbackDTO[id=1000, text=null, detailText=null, hasLongFeedbackText=false, reference=null, credits=3.230769230769231, positive=true, type=AUTOMATIC, visibility=ALWAYS, testCase=TestCaseDTO[testName=testMethods[SortStrategy], id=1476]], FeedbackDTO[id=1001, text=null, detailText=null, hasLongFeedbackText=false, reference=null, credits=3.230769230769231, positive=true, type=AUTOMATIC, visibility=ALWAYS, testCase=TestCaseDTO[testName=testClass[MergeSort], id=1471]], FeedbackDTO[id=1002, text=null, detailText=null, hasLongFeedbackText=false, reference=null, credits=3.230769230769231, positive=true, type=AUTOMATIC, visibility=ALWAYS, testCase=TestCaseDTO[testName=testClass[SortStrategy], id=1468]], FeedbackDTO[id=1003, text=null, detailText=null, hasLongFeedbackText=false, reference=null, credits=3.230769230769231, positive=true, type=AUTOMATIC, visibility=ALWAYS, testCase=TestCaseDTO[testName=testClass[BubbleSort], id=1472]], FeedbackDTO[id=1004, text=null, detailText=null, hasLongFeedbackText=false, reference=null, credits=3.230769230769231, positive=true, type=AUTOMATIC, visibility=ALWAYS, testCase=TestCaseDTO[testName=testMergeSort(), id=1477]], FeedbackDTO[id=1005, text=null, detailText=null, hasLongFeedbackText=false, reference=null, credits=3.230769230769231, positive=true, type=AUTOMATIC, visibility=ALWAYS, testCase=TestCaseDTO[testName=testUseBubbleSortForSmallList(), id=1478]], FeedbackDTO[id=1006, text=null, detailText=null, hasLongFeedbackText=false, reference=null, credits=3.230769230769231, positive=true, type=AUTOMATIC, visibility=ALWAYS, testCase=TestCaseDTO[testName=testBubbleSort(), id=1480]], FeedbackDTO[id=1007, text=null, detailText=null, hasLongFeedbackText=false, reference=null, credits=3.230769230769231, positive=true, type=AUTOMATIC, visibility=ALWAYS, testCase=TestCaseDTO[testName=testUseMergeSortForBigList(), id=1479]], FeedbackDTO[id=1008, text=null, detailText=null, hasLongFeedbackText=false, reference=null, credits=3.230769230769231, positive=true, type=AUTOMATIC, visibility=ALWAYS, testCase=TestCaseDTO[testName=testConstructors[Policy], id=1473]], FeedbackDTO[id=1009, text=null, detailText=null, hasLongFeedbackText=false, reference=null, credits=3.230769230769231, positive=true, type=AUTOMATIC, visibility=ALWAYS, testCase=TestCaseDTO[testName=testAttributes[Context], id=1469]], FeedbackDTO[id=1010, text=null, detailText=null, hasLongFeedbackText=false, reference=null, credits=3.230769230769231, positive=true, type=AUTOMATIC, visibility=ALWAYS, testCase=TestCaseDTO[testName=testAttributes[Policy], id=1470]]], assessmentType=AUTOMATIC, hasComplaint=null, exampleResult=null, testCaseCount=13, passedTestCaseCount=13, codeIssueCount=0]], BuildJobQueueItem[id=20301739576752239, name=SHORT716C2EC10B19B049C80A2F00B97EAB20B2A9TSTEXC-BASE, buildAgent=BuildAgentDTO[name=artemis-build-agent-test, memberAddress=[127.0.0.1]:5703, displayName=artemis-build-agent-test], participationId=2030, courseId=993, exerciseId=2610, retryCount=0, priority=2, status=SUCCESSFUL, repositoryInfo=RepositoryInfo[repositoryName=short716c2ec10b19b049c80a2f00b97eab20b2a9tstexc-exercise, repositoryType=exercise, triggeredByPushTo=tests, assignmentRepositoryUri=http://localhost:49152/git/SHORT716C2EC10B19B049C80A2F00B97EAB20B2A9TSTEXC/short716c2ec10b19b049c80a2f00b97eab20b2a9tstexc-exercise.git, testRepositoryUri=http://localhost:49152/git/SHORT716C2EC10B19B049C80A2F00B97EAB20B2A9TSTEXC/short716c2ec10b19b049c80a2f00b97eab20b2a9tstexc-tests.git, solutionRepositoryUri=null, auxiliaryRepositoryUris=[Ljava.lang.String;@2284446a, auxiliaryRepositoryCheckoutDirectories=[Ljava.lang.String;@2a595268], jobTimingInfo=JobTimingInfo[submissionDate=2025-02-14T23:45:52.239402475Z[Etc/UTC], buildStartDate=2025-02-14T23:45:52.258713639Z[Etc/UTC], buildCompletionDate=2025-02-14T23:45:53.238773956Z[Etc/UTC], estimatedCompletionDate=2025-02-14T23:45:53.258707428Z[Etc/UTC], estimatedDuration=1], buildConfig=BuildConfig[buildScript=#!/bin/bash
cd /var/tmp/testing-dir
chmod +x ./gradlew
./gradlew clean test
, dockerImage=dummy-docker-image:latest, commitHashToBuild=1e531733ed6e9237f710b528d1eb0b7beac565fd, assignmentCommitHash=815e279f12ad296b4f24c44134a07293c04c010f, testCommitHash=1e531733ed6e9237f710b528d1eb0b7beac565fd, branch=main, programmingLanguage=JAVA, projectType=PLAIN_GRADLE, scaEnabled=false, sequentialTestRunsEnabled=false, resultPaths=[/var/tmp/testing-dir/**/test-results/test/*.xml], timeoutSeconds=0, assignmentCheckoutPath=null, testCheckoutPath=null, solutionCheckoutPath=null, dockerRunConfig=null], submissionResult=ResultDTO[id=639, completionDate=2025-02-14T23:45:53.225806205Z[Etc/UTC], successful=false, score=0.0, rated=true, submission=SubmissionDTO[id=833, submitted=true, type=TEST, exampleSubmission=null, submissionDate=2025-02-14T23:45:52.237179Z, commitHash=1e531733ed6e9237f710b528d1eb0b7beac565fd, buildFailed=false, buildArtifact=false, participation=ParticipationDTO[id=2030, testRun=false, type=template, submissionCount=null, exercise=ParticipationExerciseDTO[id=2610, exerciseType=PROGRAMMING, type=programming, assessmentType=AUTOMATIC, dueDate=2025-02-16T23:45:50.869093Z, assessmentDueDate=null, maxPoints=42.0, course=CourseDTO[id=993, accuracyOfScores=1]]], submissionExerciseType=programming, isProcessing=false, buildStartDate=null, estimatedCompletionDate=null], participation=ParticipationDTO[id=2030, testRun=false, type=template, submissionCount=null, exercise=ParticipationExerciseDTO[id=2610, exerciseType=PROGRAMMING, type=programming, assessmentType=AUTOMATIC, dueDate=2025-02-16T23:45:50.869093Z, assessmentDueDate=null, maxPoints=42.0, course=CourseDTO[id=993, accuracyOfScores=1]]], feedbacks=[FeedbackDTO[id=1011, text=null, detailText=The exercise expects a class with the name Context in the package testpackage. You did not implement the class in the exercise., hasLongFeedbackText=false, reference=null, credits=0.0, positive=false, type=AUTOMATIC, visibility=ALWAYS, testCase=TestCaseDTO[testName=testMethods[Context], id=1474]], FeedbackDTO[id=1012, text=null, detailText=The exercise expects a class with the name Policy in the package testpackage. You did not implement the class in the exercise., hasLongFeedbackText=false, reference=null, credits=0.0, positive=false, type=AUTOMATIC, visibility=ALWAYS, testCase=TestCaseDTO[testName=testMethods[Policy], id=1475]], FeedbackDTO[id=1013, text=null, detailText=The exercise expects a class with the name SortStrategy in the package testpackage. You did not implement the class in the exercise., hasLongFeedbackText=false, reference=null, credits=0.0, positive=false, type=AUTOMATIC, visibility=ALWAYS, testCase=TestCaseDTO[testName=testMethods[SortStrategy], id=1476]], FeedbackDTO[id=1014, text=null, detailText=The class 'MergeSort' does not implement the interface 'SortStrategy' as expected. Implement the interface and its methods., hasLongFeedbackText=false, reference=null, credits=0.0, positive=false, type=AUTOMATIC, visibility=ALWAYS, testCase=TestCaseDTO[testName=testClass[MergeSort], id=1471]], FeedbackDTO[id=1015, text=null, detailText=The exercise expects a class with the name SortStrategy in the package testpackage. You did not implement the class in the exercise., hasLongFeedbackText=false, reference=null, credits=0.0, positive=false, type=AUTOMATIC, visibility=ALWAYS, testCase=TestCaseDTO[testName=testClass[SortStrategy], id=1468]], FeedbackDTO[id=1016, text=null, detailText=The class 'BubbleSort' does not implement the interface 'SortStrategy' as expected. Implement the interface and its methods., hasLongFeedbackText=false, reference=null, credits=0.0, positive=false, type=AUTOMATIC, visibility=ALWAYS, testCase=TestCaseDTO[testName=testClass[BubbleSort], id=1472]], FeedbackDTO[id=1017, text=null, detailText=MergeSort does not sort correctly, hasLongFeedbackText=false, reference=null, credits=0.0, positive=false, type=AUTOMATIC, visibility=ALWAYS, testCase=TestCaseDTO[testName=testMergeSort(), id=1477]], FeedbackDTO[id=1018, text=null, detailText=The class 'Context' was not found within the submission. Make sure to implement it properly., hasLongFeedbackText=false, reference=null, credits=0.0, positive=false, type=AUTOMATIC, visibility=ALWAYS, testCase=TestCaseDTO[testName=testUseBubbleSortForSmallList(), id=1478]], FeedbackDTO[id=1019, text=null, detailText=BubbleSort does not sort correctly, hasLongFeedbackText=false, reference=null, credits=0.0, positive=false, type=AUTOMATIC, visibility=ALWAYS, testCase=TestCaseDTO[testName=testBubbleSort(), id=1480]], FeedbackDTO[id=1020, text=null, detailText=The class 'Context' was not found within the submission. Make sure to implement it properly., hasLongFeedbackText=false, reference=null, credits=0.0, positive=false, type=AUTOMATIC, visibility=ALWAYS, testCase=TestCaseDTO[testName=testUseMergeSortForBigList(), id=1479]], FeedbackDTO[id=1021, text=null, detailText=The exercise expects a class with the name Policy in the package testpackage. You did not implement the class in the exercise., hasLongFeedbackText=false, reference=null, credits=0.0, positive=false, type=AUTOMATIC, visibility=ALWAYS, testCase=TestCaseDTO[testName=testConstructors[Policy], id=1473]], FeedbackDTO[id=1022, text=null, detailText=The exercise expects a class with the name Context in the package testpackage. You did not implement the class in the exercise., hasLongFeedbackText=false, reference=null, credits=0.0, positive=false, type=AUTOMATIC, visibility=ALWAYS, testCase=TestCaseDTO[testName=testAttributes[Context], id=1469]], FeedbackDTO[id=1023, text=null, detailText=The exercise expects a class with the name Policy in the package testpackage. You did not implement the class in the exercise., hasLongFeedbackText=false, reference=null, credits=0.0, positive=false, type=AUTOMATIC, visibility=ALWAYS, testCase=TestCaseDTO[testName=testAttributes[Policy], id=1470]]], assessmentType=AUTOMATIC, hasComplaint=null, exampleResult=null, testCaseCount=13, passedTestCaseCount=0, codeIssueCount=0]], BuildJobQueueItem[id=20391739576754750, name=SHORT3A680734092E404EF80A4C60FBC1E408F7D0TSTEXC-LOCALVCCIINTSTUDENT1, buildAgent=BuildAgentDTO[name=artemis-build-agent-test, memberAddress=[127.0.0.1]:5703, displayName=artemis-build-agent-test], participationId=2039, courseId=996, exerciseId=2613, retryCount=0, priority=2, status=SUCCESSFUL, repositoryInfo=RepositoryInfo[repositoryName=short3a680734092e404ef80a4c60fbc1e408f7d0tstexc-localvcciintstudent1, repositoryType=user, triggeredByPushTo=user, assignmentRepositoryUri=http://localhost:49152/git/SHORT3A680734092E404EF80A4C60FBC1E408F7D0TSTEXC/short3a680734092e404ef80a4c60fbc1e408f7d0tstexc-localvcciintstudent1.git, testRepositoryUri=http://localhost:49152/git/SHORT3A680734092E404EF80A4C60FBC1E408F7D0TSTEXC/short3a680734092e404ef80a4c60fbc1e408f7d0tstexc-tests.git, solutionRepositoryUri=null, auxiliaryRepositoryUris=[Ljava.lang.String;@1b1ee5d3, auxiliaryRepositoryCheckoutDirectories=[Ljava.lang.String;@75f86a9e], jobTimingInfo=JobTimingInfo[submissionDate=2025-02-14T23:45:54.750657185Z[Etc/UTC], buildStartDate=2025-02-14T23:45:54.765232948Z[Etc/UTC], buildCompletionDate=2025-02-14T23:45:55.645844970Z[Etc/UTC], estimatedCompletionDate=2025-02-14T23:46:13.765225363Z[Etc/UTC], estimatedDuration=19], buildConfig=BuildConfig[buildScript=#!/bin/bash
cd /var/tmp/testing-dir
chmod +x ./gradlew
./gradlew clean test
, dockerImage=dummy-docker-image:latest, commitHashToBuild=9344436f8d5a5ce3aa40215562db211ed501371f, assignmentCommitHash=9344436f8d5a5ce3aa40215562db211ed501371f, testCommitHash=ff421c3651ec230fed2f20f72c2901ae372be06a, branch=main, programmingLanguage=JAVA, projectType=PLAIN_GRADLE, scaEnabled=false, sequentialTestRunsEnabled=false, resultPaths=[/var/tmp/testing-dir/**/test-results/test/*.xml], timeoutSeconds=0, assignmentCheckoutPath=null, testCheckoutPath=null, solutionCheckoutPath=null, dockerRunConfig=null], submissionResult=ResultDTO[id=640, completionDate=2025-02-14T23:45:55.628250079Z[Etc/UTC], successful=false, score=7.7, rated=true, submission=SubmissionDTO[id=834, submitted=true, type=MANUAL, exampleSubmission=null, submissionDate=2025-02-14T23:45:54.732007Z, commitHash=9344436f8d5a5ce3aa40215562db211ed501371f, buildFailed=false, buildArtifact=false, participation=ParticipationDTO[id=2039, testRun=false, type=programming, submissionCount=null, exercise=ParticipationExerciseDTO[id=2613, exerciseType=PROGRAMMING, type=programming, assessmentType=AUTOMATIC, dueDate=2025-02-16T23:45:54.546562Z, assessmentDueDate=null, maxPoints=42.0, course=CourseDTO[id=996, accuracyOfScores=1]]], submissionExerciseType=programming, isProcessing=false, buildStartDate=null, estimatedCompletionDate=null], participation=ParticipationDTO[id=2039, testRun=false, type=programming, submissionCount=null, exercise=ParticipationExerciseDTO[id=2613, exerciseType=PROGRAMMING, type=programming, assessmentType=AUTOMATIC, dueDate=2025-02-16T23:45:54.546562Z, assessmentDueDate=null, maxPoints=42.0, course=CourseDTO[id=996, accuracyOfScores=1]]], feedbacks=[FeedbackDTO[id=1024, text=null, detailText=The exercise expects a class with the name Context in the package testpackage. You did not implement the class in the exercise., hasLongFeedbackText=false, reference=null, credits=0.0, positive=false, type=AUTOMATIC, visibility=ALWAYS, testCase=TestCaseDTO[testName=null, id=1513]], FeedbackDTO[id=1025, text=null, detailText=The exercise expects a class with the name Policy in the package testpackage. You did not implement the class in the exercise., hasLongFeedbackText=false, reference=null, credits=0.0, positive=false, type=AUTOMATIC, visibility=ALWAYS, testCase=TestCaseDTO[testName=null, id=1514]], FeedbackDTO[id=1026, text=null, detailText=The exercise expects a class with the name SortStrategy in the package testpackage. You did not implement the class in the exercise., hasLongFeedbackText=false, reference=null, credits=0.0, positive=false, type=AUTOMATIC, visibility=ALWAYS, testCase=TestCaseDTO[testName=null, id=1515]], FeedbackDTO[id=1027, text=null, detailText=The class 'MergeSort' does not implement the interface 'SortStrategy' as expected. Implement the interface and its methods., hasLongFeedbackText=false, reference=null, credits=0.0, positive=false, type=AUTOMATIC, visibility=ALWAYS, testCase=TestCaseDTO[testName=null, id=1510]], FeedbackDTO[id=1028, text=null, detailText=The exercise expects a class with the name SortStrategy in the package testpackage. You did not implement the class in the exercise., hasLongFeedbackText=false, reference=null, credits=0.0, positive=false, type=AUTOMATIC, visibility=ALWAYS, testCase=TestCaseDTO[testName=null, id=1507]], FeedbackDTO[id=1029, text=null, detailText=The class 'BubbleSort' does not implement the interface 'SortStrategy' as expected. Implement the interface and its methods., hasLongFeedbackText=false, reference=null, credits=0.0, positive=false, type=AUTOMATIC, visibility=ALWAYS, testCase=TestCaseDTO[testName=null, id=1511]], FeedbackDTO[id=1030, text=null, detailText=MergeSort does not sort correctly, hasLongFeedbackText=false, reference=null, credits=0.0, positive=false, type=AUTOMATIC, visibility=ALWAYS, testCase=TestCaseDTO[testName=null, id=1516]], FeedbackDTO[id=1031, text=null, detailText=The class 'Context' was not found within the submission. Make sure to implement it properly., hasLongFeedbackText=false, reference=null, credits=0.0, positive=false, type=AUTOMATIC, visibility=ALWAYS, testCase=TestCaseDTO[testName=null, id=1517]], FeedbackDTO[id=1032, text=null, detailText=The class 'Context' was not found within the submission. Make sure to implement it properly., hasLongFeedbackText=false, reference=null, credits=0.0, positive=false, type=AUTOMATIC, visibility=ALWAYS, testCase=TestCaseDTO[testName=null, id=1518]], FeedbackDTO[id=1033, text=null, detailText=The exercise expects a class with the name Policy in the package testpackage. You did not implement the class in the exercise., hasLongFeedbackText=false, reference=null, credits=0.0, positive=false, type=AUTOMATIC, visibility=ALWAYS, testCase=TestCaseDTO[testName=null, id=1512]], FeedbackDTO[id=1034, text=null, detailText=The exercise expects a class with the name Context in the package testpackage. You did not implement the class in the exercise., hasLongFeedbackText=false, reference=null, credits=0.0, positive=false, type=AUTOMATIC, visibility=ALWAYS, testCase=TestCaseDTO[testName=null, id=1508]], FeedbackDTO[id=1035, text=null, detailText=The exercise expects a class with the name Policy in the package testpackage. You did not implement the class in the exercise., hasLongFeedbackText=false, reference=null, credits=0.0, positive=false, type=AUTOMATIC, visibility=ALWAYS, testCase=TestCaseDTO[testName=null, id=1509]], FeedbackDTO[id=1036, text=null, detailText=null, hasLongFeedbackText=false, reference=null, credits=3.230769230769231, positive=true, type=AUTOMATIC, visibility=ALWAYS, testCase=TestCaseDTO[testName=null, id=1519]]], assessmentType=AUTOMATIC, hasComplaint=null, exampleResult=null, testCaseCount=13, passedTestCaseCount=1, codeIssueCount=0]], BuildJobQueueItem[id=20431739576757232, name=SHORT3945BC5E092B90459B0A7F006DF5F64347FDTSTEXC-SOLUTION, buildAgent=BuildAgentDTO[name=artemis-build-agent-test, memberAddress=[127.0.0.1]:5703, displayName=artemis-build-agent-test], participationId=2043, courseId=998, exerciseId=2615, retryCount=0, priority=2, status=SUCCESSFUL, repositoryInfo=RepositoryInfo[repositoryName=short3945bc5e092b90459b0a7f006df5f64347fdtstexc-solution, repositoryType=solution, triggeredByPushTo=solution, assignmentRepositoryUri=http://localhost:49152/git/SHORT3945BC5E092B90459B0A7F006DF5F64347FDTSTEXC/short3945bc5e092b90459b0a7f006df5f64347fdtstexc-solution.git, testRepositoryUri=http://localhost:49152/git/SHORT3945BC5E092B90459B0A7F006DF5F64347FDTSTEXC/short3945bc5e092b90459b0a7f006df5f64347fdtstexc-tests.git, solutionRepositoryUri=null, auxiliaryRepositoryUris=[Ljava.lang.String;@75dfc75f, auxiliaryRepositoryCheckoutDirectories=[Ljava.lang.String;@1575119e], jobTimingInfo=JobTimingInfo[submissionDate=2025-02-14T23:45:57.232907777Z[Etc/UTC], buildStartDate=2025-02-14T23:45:57.240437339Z[Etc/UTC], buildCompletionDate=2025-02-14T23:45:58.062328619Z[Etc/UTC], estimatedCompletionDate=2025-02-14T23:46:16.240428743Z[Etc/UTC], estimatedDuration=19], buildConfig=BuildConfig[buildScript=#!/bin/bash
cd /var/tmp/testing-dir
chmod +x ./gradlew
./gradlew clean test
, dockerImage=dummy-docker-image:latest, commitHashToBuild=c315388a235502fd958ae3c7ffbbbbf126a8fe21, assignmentCommitHash=c315388a235502fd958ae3c7ffbbbbf126a8fe21, testCommitHash=28488095271179f4eface46480ec45511f50df5d, branch=main, programmingLanguage=JAVA, projectType=PLAIN_GRADLE, scaEnabled=false, sequentialTestRunsEnabled=false, resultPaths=[/var/tmp/testing-dir/**/test-results/test/*.xml], timeoutSeconds=0, assignmentCheckoutPath=null, testCheckoutPath=null, solutionCheckoutPath=null, dockerRunConfig=null], submissionResult=null]], publicSshKey=ssh-rsa AAAAB3NzaC1yc2EAAAADAQABAAACAQCOPdMsxRE2jFJ/UEa5/LsBxtwzJcrh3/rYBCQvcMeVpiRfhzQPWu7mrt/G2Ew+i+vRloGH9aqKg6dd1liRncao53Zmd/ePxoatXePNhmzTfkCkcSkTUz7B+QMjkoDDV5jwuFPD6mF3JkhuzSi64n9Zy905t4w2IhVcjM2mL3eYNjiCXt6Qpq3Pkt7dM/Ksw1nxnvuiIALuJLB3FTkXkHqq3PJav+9HSq2r6ZaWgekneaGxlQlb+U+Vy3XOuArKAzK8c8i+0bR+AHiTG6ncYXt7ax3U+TdlDTF7OLP3umwaYjs1NBXOHwG42pevvpKn2fqavZZozk+M05jXLx3bq0O7itxfErWc7etky8qYPyyIMF/txQIVLd78+Ze4d7Y60t5MGbXM5cGE6fFif5fEJwgswXD+BrG0cafz1CTatjSKFdvp8Vp4VszXhHDan1PrP6JEFJ5Cc5GDmLRZPCFa3vL9f5qXgf4bkqKN8MYeEujwJE5nMRWoiJVNakix2bcrrneQMBlnYeYZVWXXXUusAQBzl4NgddC1umZpihZkL1b1MffZAUW3EGEXi7KHnllQhkTLLsQ8ntMgbylqaJKStqaXlLvdeRJcEnUuiFCrHEVVbXRFZR7XVDZ02CE5o3MuaRPty8Kh+jRTF3COlAckHwYEJCNNJvXFgb2CNXL4mjzYDw== test@localhost]
    23:45:58.175 | 566 localvc.event-13 | DEBUG | s.l.LocalCIWebsocketMessagingService : Sending message on topic /topic/admin/build-agents: [BuildAgentInformation[buildAgent=BuildAgentDTO[name=artemis-build-agent-test, memberAddress=[127.0.0.1]:5703, displayName=artemis-build-agent-test], maxNumberOfConcurrentBuildJobs=1, numberOfCurrentBuildJobs=0, runningBuildJobs=[], status=IDLE, recentBuildJobs=null, publicSshKey=null]]
    23:45:58.176 | 588 artemis-task-1   | DEBUG | d.t.c.a.a.c.c.w.GzipMessageConverter : Compressed message payload from 255 to 232 (saved 9.0% payload size)
    23:45:58.176 | 566 localvc.event-13 | DEBUG | s.l.LocalCIWebsocketMessagingService : Sending message on topic /topic/admin/build-agent/artemis-build-agent-test: BuildAgentInformation[buildAgent=BuildAgentDTO[name=artemis-build-agent-test, memberAddress=[127.0.0.1]:5703, displayName=artemis-build-agent-test], maxNumberOfConcurrentBuildJobs=1, numberOfCurrentBuildJobs=0, runningBuildJobs=[], status=IDLE, recentBuildJobs=[BuildJobQueueItem[id=19141739576708030, name=SHORT5F02A8F400311042E70858306EB148073CFDTSTEXC-LOCALVCINTSTUDENT1, buildAgent=BuildAgentDTO[name=artemis-build-agent-test, memberAddress=[127.0.0.1]:5703, displayName=artemis-build-agent-test], participationId=1914, courseId=947, exerciseId=2564, retryCount=0, priority=2, status=FAILED, repositoryInfo=RepositoryInfo[repositoryName=short5f02a8f400311042e70858306eb148073cfdtstexc-localvcintstudent1, repositoryType=user, triggeredByPushTo=user, assignmentRepositoryUri=http://localhost:49152/git/SHORT5F02A8F400311042E70858306EB148073CFDTSTEXC/short5f02a8f400311042e70858306eb148073cfdtstexc-localvcintstudent1.git, testRepositoryUri=http://localhost:49152/git/SHORT5F02A8F400311042E70858306EB148073CFDTSTEXC/short5f02a8f400311042e70858306eb148073cfdtstexc-tests.git, solutionRepositoryUri=null, auxiliaryRepositoryUris=[Ljava.lang.String;@44ddb429, auxiliaryRepositoryCheckoutDirectories=[Ljava.lang.String;@7999b4cd], jobTimingInfo=JobTimingInfo[submissionDate=2025-02-14T23:45:08.030118216Z[Etc/UTC], buildStartDate=2025-02-14T23:45:08.041011412Z[Etc/UTC], buildCompletionDate=2025-02-14T23:45:08.054603331Z[Etc/UTC], estimatedCompletionDate=2025-02-14T23:45:27.041005080Z[Etc/UTC], estimatedDuration=19], buildConfig=BuildConfig[buildScript=#!/bin/bash
cd /var/tmp/testing-dir
chmod +x ./gradlew
./gradlew clean test
, dockerImage=dummy-docker-image:latest, commitHashToBuild=6e7146cac5059504aa9d170ec3fa23aec740bb51, assignmentCommitHash=6e7146cac5059504aa9d170ec3fa23aec740bb51, testCommitHash=931e5303581c7a2f01339ba603cfafbfe668b901, branch=main, programmingLanguage=JAVA, projectType=PLAIN_GRADLE, scaEnabled=false, sequentialTestRunsEnabled=false, resultPaths=[/var/tmp/testing-dir/**/test-results/test/*.xml], timeoutSeconds=0, assignmentCheckoutPath=null, testCheckoutPath=null, solutionCheckoutPath=null, dockerRunConfig=null], submissionResult=ResultDTO[id=622, completionDate=2025-02-14T23:45:08.054683681Z[Etc/UTC], successful=false, score=0.0, rated=true, submission=SubmissionDTO[id=814, submitted=true, type=MANUAL, exampleSubmission=null, submissionDate=2025-02-14T23:45:08.016200Z, commitHash=6e7146cac5059504aa9d170ec3fa23aec740bb51, buildFailed=true, buildArtifact=false, participation=ParticipationDTO[id=1914, testRun=false, type=programming, submissionCount=null, exercise=ParticipationExerciseDTO[id=2564, exerciseType=PROGRAMMING, type=programming, assessmentType=AUTOMATIC, dueDate=2025-02-16T23:45:07.324348Z, assessmentDueDate=null, maxPoints=42.0, course=CourseDTO[id=947, accuracyOfScores=1]]], submissionExerciseType=programming, isProcessing=false, buildStartDate=null, estimatedCompletionDate=null], participation=ParticipationDTO[id=1914, testRun=false, type=programming, submissionCount=null, exercise=ParticipationExerciseDTO[id=2564, exerciseType=PROGRAMMING, type=programming, assessmentType=AUTOMATIC, dueDate=2025-02-16T23:45:07.324348Z, assessmentDueDate=null, maxPoints=42.0, course=CourseDTO[id=947, accuracyOfScores=1]]], feedbacks=[], assessmentType=AUTOMATIC, hasComplaint=null, exampleResult=null, testCaseCount=0, passedTestCaseCount=0, codeIssueCount=0]], BuildJobQueueItem[id=19361739576711303, name=SHORT9AFDAE3804CA304DDF0889A0CB0F56104A86TSTEXC-LOCALVCINTSTUDENT1, buildAgent=BuildAgentDTO[name=artemis-build-agent-test, memberAddress=[127.0.0.1]:5703, displayName=artemis-build-agent-test], participationId=1936, courseId=956, exerciseId=2573, retryCount=0, priority=2, status=FAILED, repositoryInfo=RepositoryInfo[repositoryName=short9afdae3804ca304ddf0889a0cb0f56104a86tstexc-localvcintstudent1, repositoryType=user, triggeredByPushTo=user, assignmentRepositoryUri=http://localhost:49152/git/SHORT9AFDAE3804CA304DDF0889A0CB0F56104A86TSTEXC/short9afdae3804ca304ddf0889a0cb0f56104a86tstexc-localvcintstudent1.git, testRepositoryUri=http://localhost:49152/git/SHORT9AFDAE3804CA304DDF0889A0CB0F56104A86TSTEXC/short9afdae3804ca304ddf0889a0cb0f56104a86tstexc-tests.git, solutionRepositoryUri=null, auxiliaryRepositoryUris=[Ljava.lang.String;@4a77c8ce, auxiliaryRepositoryCheckoutDirectories=[Ljava.lang.String;@1e2dd0a0], jobTimingInfo=JobTimingInfo[submissionDate=2025-02-14T23:45:11.303805653Z[Etc/UTC], buildStartDate=2025-02-14T23:45:11.310981356Z[Etc/UTC], buildCompletionDate=2025-02-14T23:45:11.319178384Z[Etc/UTC], estimatedCompletionDate=2025-02-14T23:45:30.310974944Z[Etc/UTC], estimatedDuration=19], buildConfig=BuildConfig[buildScript=#!/bin/bash
cd /var/tmp/testing-dir
chmod +x ./gradlew
./gradlew clean test
, dockerImage=dummy-docker-image:latest, commitHashToBuild=a1099e378cffde441ef85f9b12577ca174b8e1e4, assignmentCommitHash=a1099e378cffde441ef85f9b12577ca174b8e1e4, testCommitHash=bd38d61c299ab11a1dea82a3ca5493fe04d97d47, branch=main, programmingLanguage=JAVA, projectType=PLAIN_GRADLE, scaEnabled=false, sequentialTestRunsEnabled=false, resultPaths=[/var/tmp/testing-dir/**/test-results/test/*.xml], timeoutSeconds=0, assignmentCheckoutPath=null, testCheckoutPath=null, solutionCheckoutPath=null, dockerRunConfig=null], submissionResult=ResultDTO[id=623, completionDate=2025-02-14T23:45:11.319278430Z[Etc/UTC], successful=false, score=0.0, rated=true, submission=SubmissionDTO[id=815, submitted=true, type=MANUAL, exampleSubmission=null, submissionDate=2025-02-14T23:45:11.294386Z, commitHash=a1099e378cffde441ef85f9b12577ca174b8e1e4, buildFailed=true, buildArtifact=false, participation=ParticipationDTO[id=1936, testRun=false, type=programming, submissionCount=null, exercise=ParticipationExerciseDTO[id=2573, exerciseType=PROGRAMMING, type=programming, assessmentType=AUTOMATIC, dueDate=2025-02-16T23:45:10.996982Z, assessmentDueDate=null, maxPoints=42.0, course=CourseDTO[id=956, accuracyOfScores=1]]], submissionExerciseType=programming, isProcessing=false, buildStartDate=null, estimatedCompletionDate=null], participation=ParticipationDTO[id=1936, testRun=false, type=programming, submissionCount=null, exercise=ParticipationExerciseDTO[id=2573, exerciseType=PROGRAMMING, type=programming, assessmentType=AUTOMATIC, dueDate=2025-02-16T23:45:10.996982Z, assessmentDueDate=null, maxPoints=42.0, course=CourseDTO[id=956, accuracyOfScores=1]]], feedbacks=[], assessmentType=AUTOMATIC, hasComplaint=null, exampleResult=null, testCaseCount=0, passedTestCaseCount=0, codeIssueCount=0]], BuildJobQueueItem[id=19351739576711674, name=SHORT9AFDAE3804CA304DDF0889A0CB0F56104A86TSTEXC-BASE, buildAgent=BuildAgentDTO[name=artemis-build-agent-test, memberAddress=[127.0.0.1]:5703, displayName=artemis-build-agent-test], participationId=1935, courseId=956, exerciseId=2573, retryCount=0, priority=2, status=FAILED, repositoryInfo=RepositoryInfo[repositoryName=short9afdae3804ca304ddf0889a0cb0f56104a86tstexc-exercise, repositoryType=exercise, triggeredByPushTo=exercise, assignmentRepositoryUri=http://localhost:49152/git/SHORT9AFDAE3804CA304DDF0889A0CB0F56104A86TSTEXC/short9afdae3804ca304ddf0889a0cb0f56104a86tstexc-exercise.git, testRepositoryUri=http://localhost:49152/git/SHORT9AFDAE3804CA304DDF0889A0CB0F56104A86TSTEXC/short9afdae3804ca304ddf0889a0cb0f56104a86tstexc-tests.git, solutionRepositoryUri=null, auxiliaryRepositoryUris=[Ljava.lang.String;@377843b0, auxiliaryRepositoryCheckoutDirectories=[Ljava.lang.String;@3f3b64e], jobTimingInfo=JobTimingInfo[submissionDate=2025-02-14T23:45:11.674556681Z[Etc/UTC], buildStartDate=2025-02-14T23:45:11.677776879Z[Etc/UTC], buildCompletionDate=2025-02-14T23:45:11.688097378Z[Etc/UTC], estimatedCompletionDate=2025-02-14T23:45:30.677771620Z[Etc/UTC], estimatedDuration=19], buildConfig=BuildConfig[buildScript=#!/bin/bash
cd /var/tmp/testing-dir
chmod +x ./gradlew
./gradlew clean test
, dockerImage=dummy-docker-image:latest, commitHashToBuild=a1099e378cffde441ef85f9b12577ca174b8e1e4, assignmentCommitHash=a1099e378cffde441ef85f9b12577ca174b8e1e4, testCommitHash=bd38d61c299ab11a1dea82a3ca5493fe04d97d47, branch=main, programmingLanguage=JAVA, projectType=PLAIN_GRADLE, scaEnabled=false, sequentialTestRunsEnabled=false, resultPaths=[/var/tmp/testing-dir/**/test-results/test/*.xml], timeoutSeconds=0, assignmentCheckoutPath=null, testCheckoutPath=null, solutionCheckoutPath=null, dockerRunConfig=null], submissionResult=ResultDTO[id=624, completionDate=2025-02-14T23:45:11.688214837Z[Etc/UTC], successful=false, score=0.0, rated=true, submission=SubmissionDTO[id=816, submitted=true, type=MANUAL, exampleSubmission=null, submissionDate=2025-02-14T23:45:11.656934Z, commitHash=a1099e378cffde441ef85f9b12577ca174b8e1e4, buildFailed=true, buildArtifact=false, participation=ParticipationDTO[id=1935, testRun=false, type=template, submissionCount=null, exercise=ParticipationExerciseDTO[id=2573, exerciseType=PROGRAMMING, type=programming, assessmentType=AUTOMATIC, dueDate=2025-02-16T23:45:10.996982Z, assessmentDueDate=null, maxPoints=42.0, course=CourseDTO[id=956, accuracyOfScores=1]]], submissionExerciseType=programming, isProcessing=false, buildStartDate=null, estimatedCompletionDate=null], participation=ParticipationDTO[id=1935, testRun=false, type=template, submissionCount=null, exercise=ParticipationExerciseDTO[id=2573, exerciseType=PROGRAMMING, type=programming, assessmentType=AUTOMATIC, dueDate=2025-02-16T23:45:10.996982Z, assessmentDueDate=null, maxPoints=42.0, course=CourseDTO[id=956, accuracyOfScores=1]]], feedbacks=[], assessmentType=AUTOMATIC, hasComplaint=null, exampleResult=null, testCaseCount=0, passedTestCaseCount=0, codeIssueCount=0]], BuildJobQueueItem[id=19341739576712112, name=SHORT9AFDAE3804CA304DDF0889A0CB0F56104A86TSTEXC-SOLUTION, buildAgent=BuildAgentDTO[name=artemis-build-agent-test, memberAddress=[127.0.0.1]:5703, displayName=artemis-build-agent-test], participationId=1934, courseId=956, exerciseId=2573, retryCount=0, priority=2, status=FAILED, repositoryInfo=RepositoryInfo[repositoryName=short9afdae3804ca304ddf0889a0cb0f56104a86tstexc-solution, repositoryType=solution, triggeredByPushTo=solution, assignmentRepositoryUri=http://localhost:49152/git/SHORT9AFDAE3804CA304DDF0889A0CB0F56104A86TSTEXC/short9afdae3804ca304ddf0889a0cb0f56104a86tstexc-solution.git, testRepositoryUri=http://localhost:49152/git/SHORT9AFDAE3804CA304DDF0889A0CB0F56104A86TSTEXC/short9afdae3804ca304ddf0889a0cb0f56104a86tstexc-tests.git, solutionRepositoryUri=null, auxiliaryRepositoryUris=[Ljava.lang.String;@77363f46, auxiliaryRepositoryCheckoutDirectories=[Ljava.lang.String;@76e59d0], jobTimingInfo=JobTimingInfo[submissionDate=2025-02-14T23:45:12.112332872Z[Etc/UTC], buildStartDate=2025-02-14T23:45:12.121617114Z[Etc/UTC], buildCompletionDate=2025-02-14T23:45:12.127931701Z[Etc/UTC], estimatedCompletionDate=2025-02-14T23:45:31.121609600Z[Etc/UTC], estimatedDuration=19], buildConfig=BuildConfig[buildScript=#!/bin/bash
cd /var/tmp/testing-dir
chmod +x ./gradlew
./gradlew clean test
, dockerImage=dummy-docker-image:latest, commitHashToBuild=a1099e378cffde441ef85f9b12577ca174b8e1e4, assignmentCommitHash=a1099e378cffde441ef85f9b12577ca174b8e1e4, testCommitHash=bd38d61c299ab11a1dea82a3ca5493fe04d97d47, branch=main, programmingLanguage=JAVA, projectType=PLAIN_GRADLE, scaEnabled=false, sequentialTestRunsEnabled=false, resultPaths=[/var/tmp/testing-dir/**/test-results/test/*.xml], timeoutSeconds=0, assignmentCheckoutPath=null, testCheckoutPath=null, solutionCheckoutPath=null, dockerRunConfig=null], submissionResult=ResultDTO[id=625, completionDate=2025-02-14T23:45:12.128011800Z[Etc/UTC], successful=false, score=0.0, rated=true, submission=SubmissionDTO[id=817, submitted=true, type=MANUAL, exampleSubmission=null, submissionDate=2025-02-14T23:45:12.098737Z, commitHash=a1099e378cffde441ef85f9b12577ca174b8e1e4, buildFailed=true, buildArtifact=false, participation=ParticipationDTO[id=1934, testRun=false, type=solution, submissionCount=null, exercise=ParticipationExerciseDTO[id=2573, exerciseType=PROGRAMMING, type=programming, assessmentType=AUTOMATIC, dueDate=2025-02-16T23:45:10.996982Z, assessmentDueDate=null, maxPoints=42.0, course=CourseDTO[id=956, accuracyOfScores=1]]], submissionExerciseType=programming, isProcessing=false, buildStartDate=null, estimatedCompletionDate=null], participation=ParticipationDTO[id=1934, testRun=false, type=solution, submissionCount=null, exercise=ParticipationExerciseDTO[id=2573, exerciseType=PROGRAMMING, type=programming, assessmentType=AUTOMATIC, dueDate=2025-02-16T23:45:10.996982Z, assessmentDueDate=null, maxPoints=42.0, course=CourseDTO[id=956, accuracyOfScores=1]]], feedbacks=[], assessmentType=AUTOMATIC, hasComplaint=null, exampleResult=null, testCaseCount=0, passedTestCaseCount=0, codeIssueCount=0]], BuildJobQueueItem[id=19341739576713025, name=SHORT9AFDAE3804CA304DDF0889A0CB0F56104A86TSTEXC-SOLUTION, buildAgent=BuildAgentDTO[name=artemis-build-agent-test, memberAddress=[127.0.0.1]:5703, displayName=artemis-build-agent-test], participationId=1934, courseId=956, exerciseId=2573, retryCount=0, priority=2, status=FAILED, repositoryInfo=RepositoryInfo[repositoryName=short9afdae3804ca304ddf0889a0cb0f56104a86tstexc-solution, repositoryType=solution, triggeredByPushTo=tests, assignmentRepositoryUri=http://localhost:49152/git/SHORT9AFDAE3804CA304DDF0889A0CB0F56104A86TSTEXC/short9afdae3804ca304ddf0889a0cb0f56104a86tstexc-solution.git, testRepositoryUri=http://localhost:49152/git/SHORT9AFDAE3804CA304DDF0889A0CB0F56104A86TSTEXC/short9afdae3804ca304ddf0889a0cb0f56104a86tstexc-tests.git, solutionRepositoryUri=null, auxiliaryRepositoryUris=[Ljava.lang.String;@727eff4e, auxiliaryRepositoryCheckoutDirectories=[Ljava.lang.String;@6ca17689], jobTimingInfo=JobTimingInfo[submissionDate=2025-02-14T23:45:13.025319671Z[Etc/UTC], buildStartDate=2025-02-14T23:45:13.040293146Z[Etc/UTC], buildCompletionDate=2025-02-14T23:45:13.053032917Z[Etc/UTC], estimatedCompletionDate=2025-02-14T23:45:32.040285703Z[Etc/UTC], estimatedDuration=19], buildConfig=BuildConfig[buildScript=#!/bin/bash
cd /var/tmp/testing-dir
chmod +x ./gradlew
./gradlew clean test
, dockerImage=dummy-docker-image:latest, commitHashToBuild=784f8f0049d2a1a54f21c67dd772bea86715267a, assignmentCommitHash=a1099e378cffde441ef85f9b12577ca174b8e1e4, testCommitHash=784f8f0049d2a1a54f21c67dd772bea86715267a, branch=main, programmingLanguage=JAVA, projectType=PLAIN_GRADLE, scaEnabled=false, sequentialTestRunsEnabled=false, resultPaths=[/var/tmp/testing-dir/**/test-results/test/*.xml], timeoutSeconds=0, assignmentCheckoutPath=null, testCheckoutPath=null, solutionCheckoutPath=null, dockerRunConfig=null], submissionResult=ResultDTO[id=626, completionDate=2025-02-14T23:45:13.053131811Z[Etc/UTC], successful=false, score=0.0, rated=true, submission=SubmissionDTO[id=818, submitted=true, type=TEST, exampleSubmission=null, submissionDate=2025-02-14T23:45:13.005779Z, commitHash=784f8f0049d2a1a54f21c67dd772bea86715267a, buildFailed=true, buildArtifact=false, participation=ParticipationDTO[id=1934, testRun=false, type=solution, submissionCount=null, exercise=ParticipationExerciseDTO[id=2573, exerciseType=PROGRAMMING, type=programming, assessmentType=AUTOMATIC, dueDate=2025-02-16T23:45:10.996982Z, assessmentDueDate=null, maxPoints=42.0, course=CourseDTO[id=956, accuracyOfScores=1]]], submissionExerciseType=programming, isProcessing=false, buildStartDate=null, estimatedCompletionDate=null], participation=ParticipationDTO[id=1934, testRun=false, type=solution, submissionCount=null, exercise=ParticipationExerciseDTO[id=2573, exerciseType=PROGRAMMING, type=programming, assessmentType=AUTOMATIC, dueDate=2025-02-16T23:45:10.996982Z, assessmentDueDate=null, maxPoints=42.0, course=CourseDTO[id=956, accuracyOfScores=1]]], feedbacks=[], assessmentType=AUTOMATIC, hasComplaint=null, exampleResult=null, testCaseCount=0, passedTestCaseCount=0, codeIssueCount=0]], BuildJobQueueItem[id=19581739576715555, name=SHORTC1A3F9FC03D2304B4308FA20AF16D54AAA49TSTEXC-LOCALVCSSHINTSTUDENT1, buildAgent=BuildAgentDTO[name=artemis-build-agent-test, memberAddress=[127.0.0.1]:5703, displayName=artemis-build-agent-test], participationId=1958, courseId=965, exerciseId=2582, retryCount=0, priority=2, status=FAILED, repositoryInfo=RepositoryInfo[repositoryName=shortc1a3f9fc03d2304b4308fa20af16d54aaa49tstexc-localvcsshintstudent1, repositoryType=user, triggeredByPushTo=user, assignmentRepositoryUri=http://localhost:49152/git/SHORTC1A3F9FC03D2304B4308FA20AF16D54AAA49TSTEXC/shortc1a3f9fc03d2304b4308fa20af16d54aaa49tstexc-localvcsshintstudent1.git, testRepositoryUri=http://localhost:49152/git/SHORTC1A3F9FC03D2304B4308FA20AF16D54AAA49TSTEXC/shortc1a3f9fc03d2304b4308fa20af16d54aaa49tstexc-tests.git, solutionRepositoryUri=null, auxiliaryRepositoryUris=[Ljava.lang.String;@2a2ba854, auxiliaryRepositoryCheckoutDirectories=[Ljava.lang.String;@5ffec418], jobTimingInfo=JobTimingInfo[submissionDate=2025-02-14T23:45:15.555989584Z[Etc/UTC], buildStartDate=2025-02-14T23:45:15.568477627Z[Etc/UTC], buildCompletionDate=2025-02-14T23:45:15.579021148Z[Etc/UTC], estimatedCompletionDate=2025-02-14T23:45:34.568443924Z[Etc/UTC], estimatedDuration=19], buildConfig=BuildConfig[buildScript=#!/bin/bash
cd /var/tmp/testing-dir
chmod +x ./gradlew
./gradlew clean test
, dockerImage=dummy-docker-image:latest, commitHashToBuild=ca76dac20e040e6609db02fd7fedd56bf58829d7, assignmentCommitHash=ca76dac20e040e6609db02fd7fedd56bf58829d7, testCommitHash=bd0d58c226dc63bfa4bc9052870589952c0a1f83, branch=main, programmingLanguage=JAVA, projectType=PLAIN_GRADLE, scaEnabled=false, sequentialTestRunsEnabled=false, resultPaths=[/var/tmp/testing-dir/**/test-results/test/*.xml], timeoutSeconds=0, assignmentCheckoutPath=null, testCheckoutPath=null, solutionCheckoutPath=null, dockerRunConfig=null], submissionResult=ResultDTO[id=627, completionDate=2025-02-14T23:45:15.579119131Z[Etc/UTC], successful=false, score=0.0, rated=true, submission=SubmissionDTO[id=820, submitted=true, type=MANUAL, exampleSubmission=null, submissionDate=2025-02-14T23:45:15.548349Z, commitHash=ca76dac20e040e6609db02fd7fedd56bf58829d7, buildFailed=true, buildArtifact=false, participation=ParticipationDTO[id=1958, testRun=false, type=programming, submissionCount=null, exercise=ParticipationExerciseDTO[id=2582, exerciseType=PROGRAMMING, type=programming, assessmentType=AUTOMATIC, dueDate=2025-02-16T23:45:15.103512Z, assessmentDueDate=null, maxPoints=42.0, course=CourseDTO[id=965, accuracyOfScores=1]]], submissionExerciseType=programming, isProcessing=false, buildStartDate=null, estimatedCompletionDate=null], participation=ParticipationDTO[id=1958, testRun=false, type=programming, submissionCount=null, exercise=ParticipationExerciseDTO[id=2582, exerciseType=PROGRAMMING, type=programming, assessmentType=AUTOMATIC, dueDate=2025-02-16T23:45:15.103512Z, assessmentDueDate=null, maxPoints=42.0, course=CourseDTO[id=965, accuracyOfScores=1]]], feedbacks=[], assessmentType=AUTOMATIC, hasComplaint=null, exampleResult=null, testCaseCount=0, passedTestCaseCount=0, codeIssueCount=0]], BuildJobQueueItem[id=19801739576719393, name=SHORTB2A6C58B0D447045380A858075B170A5B7C6TSTEXC-LOCALVCSSHINTSTUDENT1, buildAgent=BuildAgentDTO[name=artemis-build-agent-test, memberAddress=[127.0.0.1]:5703, displayName=artemis-build-agent-test], participationId=1980, courseId=974, exerciseId=2591, retryCount=0, priority=2, status=FAILED, repositoryInfo=RepositoryInfo[repositoryName=shortb2a6c58b0d447045380a858075b170a5b7c6tstexc-localvcsshintstudent1, repositoryType=user, triggeredByPushTo=user, assignmentRepositoryUri=http://localhost:49152/git/SHORTB2A6C58B0D447045380A858075B170A5B7C6TSTEXC/shortb2a6c58b0d447045380a858075b170a5b7c6tstexc-localvcsshintstudent1.git, testRepositoryUri=http://localhost:49152/git/SHORTB2A6C58B0D447045380A858075B170A5B7C6TSTEXC/shortb2a6c58b0d447045380a858075b170a5b7c6tstexc-tests.git, solutionRepositoryUri=null, auxiliaryRepositoryUris=[Ljava.lang.String;@5affd426, auxiliaryRepositoryCheckoutDirectories=[Ljava.lang.String;@3d0df4ce], jobTimingInfo=JobTimingInfo[submissionDate=2025-02-14T23:45:19.393259829Z[Etc/UTC], buildStartDate=2025-02-14T23:45:19.405438171Z[Etc/UTC], buildCompletionDate=2025-02-14T23:45:19.414070673Z[Etc/UTC], estimatedCompletionDate=2025-02-14T23:45:38.405431569Z[Etc/UTC], estimatedDuration=19], buildConfig=BuildConfig[buildScript=#!/bin/bash
cd /var/tmp/testing-dir
chmod +x ./gradlew
./gradlew clean test
, dockerImage=dummy-docker-image:latest, commitHashToBuild=363cdbf709a9fff149f813ab848ee800a675cc77, assignmentCommitHash=363cdbf709a9fff149f813ab848ee800a675cc77, testCommitHash=a5e046ece417b2e538f21f816e2524dab61e0d10, branch=main, programmingLanguage=JAVA, projectType=PLAIN_GRADLE, scaEnabled=false, sequentialTestRunsEnabled=false, resultPaths=[/var/tmp/testing-dir/**/test-results/test/*.xml], timeoutSeconds=0, assignmentCheckoutPath=null, testCheckoutPath=null, solutionCheckoutPath=null, dockerRunConfig=null], submissionResult=ResultDTO[id=628, completionDate=2025-02-14T23:45:19.414171040Z[Etc/UTC], successful=false, score=0.0, rated=true, submission=SubmissionDTO[id=821, submitted=true, type=MANUAL, exampleSubmission=null, submissionDate=2025-02-14T23:45:19.376840Z, commitHash=363cdbf709a9fff149f813ab848ee800a675cc77, buildFailed=true, buildArtifact=false, participation=ParticipationDTO[id=1980, testRun=false, type=programming, submissionCount=null, exercise=ParticipationExerciseDTO[id=2591, exerciseType=PROGRAMMING, type=programming, assessmentType=AUTOMATIC, dueDate=2025-02-16T23:45:18.950569Z, assessmentDueDate=null, maxPoints=42.0, course=CourseDTO[id=974, accuracyOfScores=1]]], submissionExerciseType=programming, isProcessing=false, buildStartDate=null, estimatedCompletionDate=null], participation=ParticipationDTO[id=1980, testRun=false, type=programming, submissionCount=null, exercise=ParticipationExerciseDTO[id=2591, exerciseType=PROGRAMMING, type=programming, assessmentType=AUTOMATIC, dueDate=2025-02-16T23:45:18.950569Z, assessmentDueDate=null, maxPoints=42.0, course=CourseDTO[id=974, accuracyOfScores=1]]], feedbacks=[], assessmentType=AUTOMATIC, hasComplaint=null, exampleResult=null, testCaseCount=0, passedTestCaseCount=0, codeIssueCount=0]], BuildJobQueueItem[id=19791739576719787, name=SHORTB2A6C58B0D447045380A858075B170A5B7C6TSTEXC-BASE, buildAgent=BuildAgentDTO[name=artemis-build-agent-test, memberAddress=[127.0.0.1]:5703, displayName=artemis-build-agent-test], participationId=1979, courseId=974, exerciseId=2591, retryCount=0, priority=2, status=FAILED, repositoryInfo=RepositoryInfo[repositoryName=shortb2a6c58b0d447045380a858075b170a5b7c6tstexc-exercise, repositoryType=exercise, triggeredByPushTo=exercise, assignmentRepositoryUri=http://localhost:49152/git/SHORTB2A6C58B0D447045380A858075B170A5B7C6TSTEXC/shortb2a6c58b0d447045380a858075b170a5b7c6tstexc-exercise.git, testRepositoryUri=http://localhost:49152/git/SHORTB2A6C58B0D447045380A858075B170A5B7C6TSTEXC/shortb2a6c58b0d447045380a858075b170a5b7c6tstexc-tests.git, solutionRepositoryUri=null, auxiliaryRepositoryUris=[Ljava.lang.String;@4a938233, auxiliaryRepositoryCheckoutDirectories=[Ljava.lang.String;@6364517d], jobTimingInfo=JobTimingInfo[submissionDate=2025-02-14T23:45:19.787985058Z[Etc/UTC], buildStartDate=2025-02-14T23:45:19.796327417Z[Etc/UTC], buildCompletionDate=2025-02-14T23:45:19.799750982Z[Etc/UTC], estimatedCompletionDate=2025-02-14T23:45:38.796319082Z[Etc/UTC], estimatedDuration=19], buildConfig=BuildConfig[buildScript=#!/bin/bash
cd /var/tmp/testing-dir
chmod +x ./gradlew
./gradlew clean test
, dockerImage=dummy-docker-image:latest, commitHashToBuild=363cdbf709a9fff149f813ab848ee800a675cc77, assignmentCommitHash=363cdbf709a9fff149f813ab848ee800a675cc77, testCommitHash=a5e046ece417b2e538f21f816e2524dab61e0d10, branch=main, programmingLanguage=JAVA, projectType=PLAIN_GRADLE, scaEnabled=false, sequentialTestRunsEnabled=false, resultPaths=[/var/tmp/testing-dir/**/test-results/test/*.xml], timeoutSeconds=0, assignmentCheckoutPath=null, testCheckoutPath=null, solutionCheckoutPath=null, dockerRunConfig=null], submissionResult=ResultDTO[id=629, completionDate=2025-02-14T23:45:19.799820341Z[Etc/UTC], successful=false, score=0.0, rated=true, submission=SubmissionDTO[id=822, submitted=true, type=MANUAL, exampleSubmission=null, submissionDate=2025-02-14T23:45:19.775952Z, commitHash=363cdbf709a9fff149f813ab848ee800a675cc77, buildFailed=true, buildArtifact=false, participation=ParticipationDTO[id=1979, testRun=false, type=template, submissionCount=null, exercise=ParticipationExerciseDTO[id=2591, exerciseType=PROGRAMMING, type=programming, assessmentType=AUTOMATIC, dueDate=2025-02-16T23:45:18.950569Z, assessmentDueDate=null, maxPoints=42.0, course=CourseDTO[id=974, accuracyOfScores=1]]], submissionExerciseType=programming, isProcessing=false, buildStartDate=null, estimatedCompletionDate=null], participation=ParticipationDTO[id=1979, testRun=false, type=template, submissionCount=null, exercise=ParticipationExerciseDTO[id=2591, exerciseType=PROGRAMMING, type=programming, assessmentType=AUTOMATIC, dueDate=2025-02-16T23:45:18.950569Z, assessmentDueDate=null, maxPoints=42.0, course=CourseDTO[id=974, accuracyOfScores=1]]], feedbacks=[], assessmentType=AUTOMATIC, hasComplaint=null, exampleResult=null, testCaseCount=0, passedTestCaseCount=0, codeIssueCount=0]], BuildJobQueueItem[id=19781739576720235, name=SHORTB2A6C58B0D447045380A858075B170A5B7C6TSTEXC-SOLUTION, buildAgent=BuildAgentDTO[name=artemis-build-agent-test, memberAddress=[127.0.0.1]:5703, displayName=artemis-build-agent-test], participationId=1978, courseId=974, exerciseId=2591, retryCount=0, priority=2, status=FAILED, repositoryInfo=RepositoryInfo[repositoryName=shortb2a6c58b0d447045380a858075b170a5b7c6tstexc-solution, repositoryType=solution, triggeredByPushTo=solution, assignmentRepositoryUri=http://localhost:49152/git/SHORTB2A6C58B0D447045380A858075B170A5B7C6TSTEXC/shortb2a6c58b0d447045380a858075b170a5b7c6tstexc-solution.git, testRepositoryUri=http://localhost:49152/git/SHORTB2A6C58B0D447045380A858075B170A5B7C6TSTEXC/shortb2a6c58b0d447045380a858075b170a5b7c6tstexc-tests.git, solutionRepositoryUri=null, auxiliaryRepositoryUris=[Ljava.lang.String;@479ee7d3, auxiliaryRepositoryCheckoutDirectories=[Ljava.lang.String;@15e7d06a], jobTimingInfo=JobTimingInfo[submissionDate=2025-02-14T23:45:20.235272325Z[Etc/UTC], buildStartDate=2025-02-14T23:45:20.243033812Z[Etc/UTC], buildCompletionDate=2025-02-14T23:45:20.250721018Z[Etc/UTC], estimatedCompletionDate=2025-02-14T23:45:39.243026949Z[Etc/UTC], estimatedDuration=19], buildConfig=BuildConfig[buildScript=#!/bin/bash
cd /var/tmp/testing-dir
chmod +x ./gradlew
./gradlew clean test
, dockerImage=dummy-docker-image:latest, commitHashToBuild=c710d0e68c9c7db8cda7d1a278308de2b9642cc0, assignmentCommitHash=c710d0e68c9c7db8cda7d1a278308de2b9642cc0, testCommitHash=a5e046ece417b2e538f21f816e2524dab61e0d10, branch=main, programmingLanguage=JAVA, projectType=PLAIN_GRADLE, scaEnabled=false, sequentialTestRunsEnabled=false, resultPaths=[/var/tmp/testing-dir/**/test-results/test/*.xml], timeoutSeconds=0, assignmentCheckoutPath=null, testCheckoutPath=null, solutionCheckoutPath=null, dockerRunConfig=null], submissionResult=ResultDTO[id=630, completionDate=2025-02-14T23:45:20.250809893Z[Etc/UTC], successful=false, score=0.0, rated=true, submission=SubmissionDTO[id=823, submitted=true, type=MANUAL, exampleSubmission=null, submissionDate=2025-02-14T23:45:20.211707Z, commitHash=c710d0e68c9c7db8cda7d1a278308de2b9642cc0, buildFailed=true, buildArtifact=false, participation=ParticipationDTO[id=1978, testRun=false, type=solution, submissionCount=null, exercise=ParticipationExerciseDTO[id=2591, exerciseType=PROGRAMMING, type=programming, assessmentType=AUTOMATIC, dueDate=2025-02-16T23:45:18.950569Z, assessmentDueDate=null, maxPoints=42.0, course=CourseDTO[id=974, accuracyOfScores=1]]], submissionExerciseType=programming, isProcessing=false, buildStartDate=null, estimatedCompletionDate=null], participation=ParticipationDTO[id=1978, testRun=false, type=solution, submissionCount=null, exercise=ParticipationExerciseDTO[id=2591, exerciseType=PROGRAMMING, type=programming, assessmentType=AUTOMATIC, dueDate=2025-02-16T23:45:18.950569Z, assessmentDueDate=null, maxPoints=42.0, course=CourseDTO[id=974, accuracyOfScores=1]]], feedbacks=[], assessmentType=AUTOMATIC, hasComplaint=null, exampleResult=null, testCaseCount=0, passedTestCaseCount=0, codeIssueCount=0]], BuildJobQueueItem[id=19781739576720802, name=SHORTB2A6C58B0D447045380A858075B170A5B7C6TSTEXC-SOLUTION, buildAgent=BuildAgentDTO[name=artemis-build-agent-test, memberAddress=[127.0.0.1]:5703, displayName=artemis-build-agent-test], participationId=1978, courseId=974, exerciseId=2591, retryCount=0, priority=2, status=FAILED, repositoryInfo=RepositoryInfo[repositoryName=shortb2a6c58b0d447045380a858075b170a5b7c6tstexc-solution, repositoryType=solution, triggeredByPushTo=tests, assignmentRepositoryUri=http://localhost:49152/git/SHORTB2A6C58B0D447045380A858075B170A5B7C6TSTEXC/shortb2a6c58b0d447045380a858075b170a5b7c6tstexc-solution.git, testRepositoryUri=http://localhost:49152/git/SHORTB2A6C58B0D447045380A858075B170A5B7C6TSTEXC/shortb2a6c58b0d447045380a858075b170a5b7c6tstexc-tests.git, solutionRepositoryUri=null, auxiliaryRepositoryUris=[Ljava.lang.String;@43b34aff, auxiliaryRepositoryCheckoutDirectories=[Ljava.lang.String;@21d044d], jobTimingInfo=JobTimingInfo[submissionDate=2025-02-14T23:45:20.802935026Z[Etc/UTC], buildStartDate=2025-02-14T23:45:20.809306435Z[Etc/UTC], buildCompletionDate=2025-02-14T23:45:20.822452342Z[Etc/UTC], estimatedCompletionDate=2025-02-14T23:45:39.809298491Z[Etc/UTC], estimatedDuration=19], buildConfig=BuildConfig[buildScript=#!/bin/bash
cd /var/tmp/testing-dir
chmod +x ./gradlew
./gradlew clean test
, dockerImage=dummy-docker-image:latest, commitHashToBuild=c710d0e68c9c7db8cda7d1a278308de2b9642cc0, assignmentCommitHash=c710d0e68c9c7db8cda7d1a278308de2b9642cc0, testCommitHash=c710d0e68c9c7db8cda7d1a278308de2b9642cc0, branch=main, programmingLanguage=JAVA, projectType=PLAIN_GRADLE, scaEnabled=false, sequentialTestRunsEnabled=false, resultPaths=[/var/tmp/testing-dir/**/test-results/test/*.xml], timeoutSeconds=0, assignmentCheckoutPath=null, testCheckoutPath=null, solutionCheckoutPath=null, dockerRunConfig=null], submissionResult=ResultDTO[id=631, completionDate=2025-02-14T23:45:20.822527362Z[Etc/UTC], successful=false, score=0.0, rated=true, submission=SubmissionDTO[id=824, submitted=true, type=TEST, exampleSubmission=null, submissionDate=2025-02-14T23:45:20.791240Z, commitHash=c710d0e68c9c7db8cda7d1a278308de2b9642cc0, buildFailed=true, buildArtifact=false, participation=ParticipationDTO[id=1978, testRun=false, type=solution, submissionCount=null, exercise=ParticipationExerciseDTO[id=2591, exerciseType=PROGRAMMING, type=programming, assessmentType=AUTOMATIC, dueDate=2025-02-16T23:45:18.950569Z, assessmentDueDate=null, maxPoints=42.0, course=CourseDTO[id=974, accuracyOfScores=1]]], submissionExerciseType=programming, isProcessing=false, buildStartDate=null, estimatedCompletionDate=null], participation=ParticipationDTO[id=1978, testRun=false, type=solution, submissionCount=null, exercise=ParticipationExerciseDTO[id=2591, exerciseType=PROGRAMMING, type=programming, assessmentType=AUTOMATIC, dueDate=2025-02-16T23:45:18.950569Z, assessmentDueDate=null, maxPoints=42.0, course=CourseDTO[id=974, accuracyOfScores=1]]], feedbacks=[], assessmentType=AUTOMATIC, hasComplaint=null, exampleResult=null, testCaseCount=0, passedTestCaseCount=0, codeIssueCount=0]], BuildJobQueueItem[id=20061739576732554, name=SHORT94A899E303D7504C5D0840704DAAFA3DFF4DTSTEXC-LOCALVCCIINTINSTRUCTOR1, buildAgent=BuildAgentDTO[name=artemis-build-agent-test, memberAddress=[127.0.0.1]:5703, displayName=artemis-build-agent-test], participationId=2006, courseId=984, exerciseId=2601, retryCount=0, priority=2, status=SUCCESSFUL, repositoryInfo=RepositoryInfo[repositoryName=short94a899e303d7504c5d0840704daafa3dff4dtstexc-localvcciintinstructor1, repositoryType=user, triggeredByPushTo=user, assignmentRepositoryUri=http://localhost:49152/git/SHORT94A899E303D7504C5D0840704DAAFA3DFF4DTSTEXC/short94a899e303d7504c5d0840704daafa3dff4dtstexc-localvcciintinstructor1.git, testRepositoryUri=http://localhost:49152/git/SHORT94A899E303D7504C5D0840704DAAFA3DFF4DTSTEXC/short94a899e303d7504c5d0840704daafa3dff4dtstexc-tests.git, solutionRepositoryUri=null, auxiliaryRepositoryUris=[Ljava.lang.String;@328dcba2, auxiliaryRepositoryCheckoutDirectories=[Ljava.lang.String;@19c23919], jobTimingInfo=JobTimingInfo[submissionDate=2025-02-14T23:45:32.554795798Z[Etc/UTC], buildStartDate=2025-02-14T23:45:32.567287465Z[Etc/UTC], buildCompletionDate=2025-02-14T23:45:34.535226768Z[Etc/UTC], estimatedCompletionDate=2025-02-14T23:45:51.567257960Z[Etc/UTC], estimatedDuration=19], buildConfig=BuildConfig[buildScript=#!/bin/bash
cd /var/tmp/testing-dir
chmod +x ./gradlew
./gradlew clean test
, dockerImage=dummy-docker-image:latest, commitHashToBuild=ca2dbc0ae87edf7035058a6a17c0ea60e90a290f, assignmentCommitHash=ca2dbc0ae87edf7035058a6a17c0ea60e90a290f, testCommitHash=0207f6f98af5fbb66ad68455f3fc3cf128af8ae9, branch=main, programmingLanguage=JAVA, projectType=PLAIN_GRADLE, scaEnabled=false, sequentialTestRunsEnabled=false, resultPaths=[/var/tmp/testing-dir/**/test-results/test/*.xml], timeoutSeconds=0, assignmentCheckoutPath=null, testCheckoutPath=null, solutionCheckoutPath=null, dockerRunConfig=null], submissionResult=ResultDTO[id=632, completionDate=2025-02-14T23:45:34.504415716Z[Etc/UTC], successful=false, score=7.7, rated=false, submission=SubmissionDTO[id=826, submitted=true, type=MANUAL, exampleSubmission=null, submissionDate=2025-02-14T23:45:32.541533Z, commitHash=ca2dbc0ae87edf7035058a6a17c0ea60e90a290f, buildFailed=false, buildArtifact=false, participation=ParticipationDTO[id=2006, testRun=true, type=programming, submissionCount=null, exercise=ParticipationExerciseDTO[id=2601, exerciseType=PROGRAMMING, type=programming, assessmentType=AUTOMATIC, dueDate=2025-02-16T23:45:31.864042Z, assessmentDueDate=null, maxPoints=42.0, course=CourseDTO[id=984, accuracyOfScores=1]]], submissionExerciseType=programming, isProcessing=false, buildStartDate=null, estimatedCompletionDate=null], participation=ParticipationDTO[id=2006, testRun=true, type=programming, submissionCount=null, exercise=ParticipationExerciseDTO[id=2601, exerciseType=PROGRAMMING, type=programming, assessmentType=AUTOMATIC, dueDate=2025-02-16T23:45:31.864042Z, assessmentDueDate=null, maxPoints=42.0, course=CourseDTO[id=984, accuracyOfScores=1]]], feedbacks=[FeedbackDTO[id=920, text=null, detailText=The exercise expects a class with the name Context in the package testpackage. You did not implement the class in the exercise., hasLongFeedbackText=false, reference=null, credits=0.0, positive=false, type=AUTOMATIC, visibility=ALWAYS, testCase=TestCaseDTO[testName=null, id=1357]], FeedbackDTO[id=921, text=null, detailText=The exercise expects a class with the name Policy in the package testpackage. You did not implement the class in the exercise., hasLongFeedbackText=false, reference=null, credits=0.0, positive=false, type=AUTOMATIC, visibility=ALWAYS, testCase=TestCaseDTO[testName=null, id=1358]], FeedbackDTO[id=922, text=null, detailText=The exercise expects a class with the name SortStrategy in the package testpackage. You did not implement the class in the exercise., hasLongFeedbackText=false, reference=null, credits=0.0, positive=false, type=AUTOMATIC, visibility=ALWAYS, testCase=TestCaseDTO[testName=null, id=1359]], FeedbackDTO[id=923, text=null, detailText=The class 'MergeSort' does not implement the interface 'SortStrategy' as expected. Implement the interface and its methods., hasLongFeedbackText=false, reference=null, credits=0.0, positive=false, type=AUTOMATIC, visibility=ALWAYS, testCase=TestCaseDTO[testName=null, id=1354]], FeedbackDTO[id=924, text=null, detailText=The exercise expects a class with the name SortStrategy in the package testpackage. You did not implement the class in the exercise., hasLongFeedbackText=false, reference=null, credits=0.0, positive=false, type=AUTOMATIC, visibility=ALWAYS, testCase=TestCaseDTO[testName=null, id=1351]], FeedbackDTO[id=925, text=null, detailText=The class 'BubbleSort' does not implement the interface 'SortStrategy' as expected. Implement the interface and its methods., hasLongFeedbackText=false, reference=null, credits=0.0, positive=false, type=AUTOMATIC, visibility=ALWAYS, testCase=TestCaseDTO[testName=null, id=1355]], FeedbackDTO[id=926, text=null, detailText=MergeSort does not sort correctly, hasLongFeedbackText=false, reference=null, credits=0.0, positive=false, type=AUTOMATIC, visibility=ALWAYS, testCase=TestCaseDTO[testName=null, id=1360]], FeedbackDTO[id=927, text=null, detailText=The class 'Context' was not found within the submission. Make sure to implement it properly., hasLongFeedbackText=false, reference=null, credits=0.0, positive=false, type=AUTOMATIC, visibility=ALWAYS, testCase=TestCaseDTO[testName=null, id=1361]], FeedbackDTO[id=928, text=null, detailText=The class 'Context' was not found within the submission. Make sure to implement it properly., hasLongFeedbackText=false, reference=null, credits=0.0, positive=false, type=AUTOMATIC, visibility=ALWAYS, testCase=TestCaseDTO[testName=null, id=1362]], FeedbackDTO[id=929, text=null, detailText=The exercise expects a class with the name Policy in the package testpackage. You did not implement the class in the exercise., hasLongFeedbackText=false, reference=null, credits=0.0, positive=false, type=AUTOMATIC, visibility=ALWAYS, testCase=TestCaseDTO[testName=null, id=1356]], FeedbackDTO[id=930, text=null, detailText=The exercise expects a class with the name Context in the package testpackage. You did not implement the class in the exercise., hasLongFeedbackText=false, reference=null, credits=0.0, positive=false, type=AUTOMATIC, visibility=ALWAYS, testCase=TestCaseDTO[testName=null, id=1352]], FeedbackDTO[id=931, text=null, detailText=The exercise expects a class with the name Policy in the package testpackage. You did not implement the class in the exercise., hasLongFeedbackText=false, reference=null, credits=0.0, positive=false, type=AUTOMATIC, visibility=ALWAYS, testCase=TestCaseDTO[testName=null, id=1353]], FeedbackDTO[id=932, text=null, detailText=null, hasLongFeedbackText=false, reference=null, credits=3.230769230769231, positive=true, type=AUTOMATIC, visibility=ALWAYS, testCase=TestCaseDTO[testName=null, id=1363]]], assessmentType=AUTOMATIC, hasComplaint=null, exampleResult=null, testCaseCount=13, passedTestCaseCount=1, codeIssueCount=0]], BuildJobQueueItem[id=20111739576737317, name=SHORTD49A6DAE04F9E049850BD5601663FD17A5B7TSTEXC-BASE, buildAgent=BuildAgentDTO[name=artemis-build-agent-test, memberAddress=[127.0.0.1]:5703, displayName=artemis-build-agent-test], participationId=2011, courseId=986, exerciseId=2603, retryCount=0, priority=2, status=SUCCESSFUL, repositoryInfo=RepositoryInfo[repositoryName=shortd49a6dae04f9e049850bd5601663fd17a5b7tstexc-exercise, repositoryType=exercise, triggeredByPushTo=exercise, assignmentRepositoryUri=http://localhost:49152/git/SHORTD49A6DAE04F9E049850BD5601663FD17A5B7TSTEXC/shortd49a6dae04f9e049850bd5601663fd17a5b7tstexc-exercise.git, testRepositoryUri=http://localhost:49152/git/SHORTD49A6DAE04F9E049850BD5601663FD17A5B7TSTEXC/shortd49a6dae04f9e049850bd5601663fd17a5b7tstexc-tests.git, solutionRepositoryUri=null, auxiliaryRepositoryUris=[Ljava.lang.String;@407f7c6c, auxiliaryRepositoryCheckoutDirectories=[Ljava.lang.String;@2a2a3742], jobTimingInfo=JobTimingInfo[submissionDate=2025-02-14T23:45:37.317968648Z[Etc/UTC], buildStartDate=2025-02-14T23:45:37.324534774Z[Etc/UTC], buildCompletionDate=2025-02-14T23:45:38.527225461Z[Etc/UTC], estimatedCompletionDate=2025-02-14T23:45:56.324506331Z[Etc/UTC], estimatedDuration=19], buildConfig=BuildConfig[buildScript=#!/bin/bash
cd /var/tmp/testing-dir
chmod +x ./gradlew
./gradlew clean test
, dockerImage=dummy-docker-image:latest, commitHashToBuild=c795243c185829bbefa399f45dcbcfac22311b2f, assignmentCommitHash=c795243c185829bbefa399f45dcbcfac22311b2f, testCommitHash=fa8b162170bf767d852e05e0eb7a128efa2e1f34, branch=main, programmingLanguage=JAVA, projectType=PLAIN_GRADLE, scaEnabled=false, sequentialTestRunsEnabled=false, resultPaths=[/var/tmp/testing-dir/**/test-results/test/*.xml], timeoutSeconds=0, assignmentCheckoutPath=null, testCheckoutPath=null, solutionCheckoutPath=null, dockerRunConfig=null], submissionResult=ResultDTO[id=633, completionDate=2025-02-14T23:45:38.476795726Z[Etc/UTC], successful=false, score=0.0, rated=true, submission=SubmissionDTO[id=827, submitted=true, type=MANUAL, exampleSubmission=null, submissionDate=2025-02-14T23:45:37.303401Z, commitHash=c795243c185829bbefa399f45dcbcfac22311b2f, buildFailed=false, buildArtifact=false, participation=ParticipationDTO[id=2011, testRun=false, type=template, submissionCount=null, exercise=ParticipationExerciseDTO[id=2603, exerciseType=PROGRAMMING, type=programming, assessmentType=AUTOMATIC, dueDate=2025-02-16T23:45:36.830269Z, assessmentDueDate=null, maxPoints=42.0, course=CourseDTO[id=986, accuracyOfScores=1]]], submissionExerciseType=programming, isProcessing=false, buildStartDate=null, estimatedCompletionDate=null], participation=ParticipationDTO[id=2011, testRun=false, type=template, submissionCount=null, exercise=ParticipationExerciseDTO[id=2603, exerciseType=PROGRAMMING, type=programming, assessmentType=AUTOMATIC, dueDate=2025-02-16T23:45:36.830269Z, assessmentDueDate=null, maxPoints=42.0, course=CourseDTO[id=986, accuracyOfScores=1]]], feedbacks=[FeedbackDTO[id=933, text=null, detailText=The exercise expects a class with the name Context in the package testpackage. You did not implement the class in the exercise., hasLongFeedbackText=false, reference=null, credits=0.0, positive=false, type=AUTOMATIC, visibility=ALWAYS, testCase=TestCaseDTO[testName=testMethods[Context], id=1383]], FeedbackDTO[id=934, text=null, detailText=The exercise expects a class with the name Policy in the package testpackage. You did not implement the class in the exercise., hasLongFeedbackText=false, reference=null, credits=0.0, positive=false, type=AUTOMATIC, visibility=ALWAYS, testCase=TestCaseDTO[testName=testMethods[Policy], id=1384]], FeedbackDTO[id=935, text=null, detailText=The exercise expects a class with the name SortStrategy in the package testpackage. You did not implement the class in the exercise., hasLongFeedbackText=false, reference=null, credits=0.0, positive=false, type=AUTOMATIC, visibility=ALWAYS, testCase=TestCaseDTO[testName=testMethods[SortStrategy], id=1385]], FeedbackDTO[id=936, text=null, detailText=The class 'MergeSort' does not implement the interface 'SortStrategy' as expected. Implement the interface and its methods., hasLongFeedbackText=false, reference=null, credits=0.0, positive=false, type=AUTOMATIC, visibility=ALWAYS, testCase=TestCaseDTO[testName=testClass[MergeSort], id=1380]], FeedbackDTO[id=937, text=null, detailText=The exercise expects a class with the name SortStrategy in the package testpackage. You did not implement the class in the exercise., hasLongFeedbackText=false, reference=null, credits=0.0, positive=false, type=AUTOMATIC, visibility=ALWAYS, testCase=TestCaseDTO[testName=testClass[SortStrategy], id=1377]], FeedbackDTO[id=938, text=null, detailText=The class 'BubbleSort' does not implement the interface 'SortStrategy' as expected. Implement the interface and its methods., hasLongFeedbackText=false, reference=null, credits=0.0, positive=false, type=AUTOMATIC, visibility=ALWAYS, testCase=TestCaseDTO[testName=testClass[BubbleSort], id=1381]], FeedbackDTO[id=939, text=null, detailText=MergeSort does not sort correctly, hasLongFeedbackText=false, reference=null, credits=0.0, positive=false, type=AUTOMATIC, visibility=ALWAYS, testCase=TestCaseDTO[testName=testMergeSort(), id=1386]], FeedbackDTO[id=940, text=null, detailText=The class 'Context' was not found within the submission. Make sure to implement it properly., hasLongFeedbackText=false, reference=null, credits=0.0, positive=false, type=AUTOMATIC, visibility=ALWAYS, testCase=TestCaseDTO[testName=testUseBubbleSortForSmallList(), id=1387]], FeedbackDTO[id=941, text=null, detailText=BubbleSort does not sort correctly, hasLongFeedbackText=false, reference=null, credits=0.0, positive=false, type=AUTOMATIC, visibility=ALWAYS, testCase=TestCaseDTO[testName=testBubbleSort(), id=1389]], FeedbackDTO[id=942, text=null, detailText=The class 'Context' was not found within the submission. Make sure to implement it properly., hasLongFeedbackText=false, reference=null, credits=0.0, positive=false, type=AUTOMATIC, visibility=ALWAYS, testCase=TestCaseDTO[testName=testUseMergeSortForBigList(), id=1388]], FeedbackDTO[id=943, text=null, detailText=The exercise expects a class with the name Policy in the package testpackage. You did not implement the class in the exercise., hasLongFeedbackText=false, reference=null, credits=0.0, positive=false, type=AUTOMATIC, visibility=ALWAYS, testCase=TestCaseDTO[testName=testConstructors[Policy], id=1382]], FeedbackDTO[id=944, text=null, detailText=The exercise expects a class with the name Context in the package testpackage. You did not implement the class in the exercise., hasLongFeedbackText=false, reference=null, credits=0.0, positive=false, type=AUTOMATIC, visibility=ALWAYS, testCase=TestCaseDTO[testName=testAttributes[Context], id=1378]], FeedbackDTO[id=945, text=null, detailText=The exercise expects a class with the name Policy in the package testpackage. You did not implement the class in the exercise., hasLongFeedbackText=false, reference=null, credits=0.0, positive=false, type=AUTOMATIC, visibility=ALWAYS, testCase=TestCaseDTO[testName=testAttributes[Policy], id=1379]]], assessmentType=AUTOMATIC, hasComplaint=null, exampleResult=null, testCaseCount=13, passedTestCaseCount=0, codeIssueCount=0]], BuildJobQueueItem[id=20171739576740018, name=SHORT7914AFA00ADC3047140B99D01AC07810CE44TSTEXC-LOCALVCCIINTSTUDENT1, buildAgent=BuildAgentDTO[name=artemis-build-agent-test, memberAddress=[127.0.0.1]:5703, displayName=artemis-build-agent-test], participationId=2017, courseId=988, exerciseId=2605, retryCount=0, priority=2, status=SUCCESSFUL, repositoryInfo=RepositoryInfo[repositoryName=short7914afa00adc3047140b99d01ac07810ce44tstexc-practice-localvcciintstudent1, repositoryType=user, triggeredByPushTo=user, assignmentRepositoryUri=http://localhost:49152/git/SHORT7914AFA00ADC3047140B99D01AC07810CE44TSTEXC/short7914afa00adc3047140b99d01ac07810ce44tstexc-practice-localvcciintstudent1.git, testRepositoryUri=http://localhost:49152/git/SHORT7914AFA00ADC3047140B99D01AC07810CE44TSTEXC/short7914afa00adc3047140b99d01ac07810ce44tstexc-tests.git, solutionRepositoryUri=null, auxiliaryRepositoryUris=[Ljava.lang.String;@7626297e, auxiliaryRepositoryCheckoutDirectories=[Ljava.lang.String;@7ea4dc52], jobTimingInfo=JobTimingInfo[submissionDate=2025-02-14T23:45:40.018961253Z[Etc/UTC], buildStartDate=2025-02-14T23:45:40.029742701Z[Etc/UTC], buildCompletionDate=2025-02-14T23:45:41.150208242Z[Etc/UTC], estimatedCompletionDate=2025-02-14T23:45:59.029734065Z[Etc/UTC], estimatedDuration=19], buildConfig=BuildConfig[buildScript=#!/bin/bash
cd /var/tmp/testing-dir
chmod +x ./gradlew
./gradlew clean test
, dockerImage=dummy-docker-image:latest, commitHashToBuild=d80b57877989b971e83ccdb4863c8a7023c76266, assignmentCommitHash=d80b57877989b971e83ccdb4863c8a7023c76266, testCommitHash=327b116890c92b1312314341f43f21ef13ecf7d7, branch=main, programmingLanguage=JAVA, projectType=PLAIN_GRADLE, scaEnabled=false, sequentialTestRunsEnabled=false, resultPaths=[/var/tmp/testing-dir/**/test-results/test/*.xml], timeoutSeconds=0, assignmentCheckoutPath=null, testCheckoutPath=null, solutionCheckoutPath=null, dockerRunConfig=null], submissionResult=ResultDTO[id=634, completionDate=2025-02-14T23:45:41.120192603Z[Etc/UTC], successful=false, score=7.7, rated=false, submission=SubmissionDTO[id=828, submitted=true, type=MANUAL, exampleSubmission=null, submissionDate=2025-02-14T23:45:40.008666Z, commitHash=d80b57877989b971e83ccdb4863c8a7023c76266, buildFailed=false, buildArtifact=false, participation=ParticipationDTO[id=2017, testRun=true, type=programming, submissionCount=null, exercise=ParticipationExerciseDTO[id=2605, exerciseType=PROGRAMMING, type=programming, assessmentType=AUTOMATIC, dueDate=2025-02-16T23:45:39.523500Z, assessmentDueDate=null, maxPoints=42.0, course=CourseDTO[id=988, accuracyOfScores=1]]], submissionExerciseType=programming, isProcessing=false, buildStartDate=null, estimatedCompletionDate=null], participation=ParticipationDTO[id=2017, testRun=true, type=programming, submissionCount=null, exercise=ParticipationExerciseDTO[id=2605, exerciseType=PROGRAMMING, type=programming, assessmentType=AUTOMATIC, dueDate=2025-02-16T23:45:39.523500Z, assessmentDueDate=null, maxPoints=42.0, course=CourseDTO[id=988, accuracyOfScores=1]]], feedbacks=[FeedbackDTO[id=946, text=null, detailText=The exercise expects a class with the name Context in the package testpackage. You did not implement the class in the exercise., hasLongFeedbackText=false, reference=null, credits=0.0, positive=false, type=AUTOMATIC, visibility=ALWAYS, testCase=TestCaseDTO[testName=null, id=1409]], FeedbackDTO[id=947, text=null, detailText=The exercise expects a class with the name Policy in the package testpackage. You did not implement the class in the exercise., hasLongFeedbackText=false, reference=null, credits=0.0, positive=false, type=AUTOMATIC, visibility=ALWAYS, testCase=TestCaseDTO[testName=null, id=1410]], FeedbackDTO[id=948, text=null, detailText=The exercise expects a class with the name SortStrategy in the package testpackage. You did not implement the class in the exercise., hasLongFeedbackText=false, reference=null, credits=0.0, positive=false, type=AUTOMATIC, visibility=ALWAYS, testCase=TestCaseDTO[testName=null, id=1411]], FeedbackDTO[id=949, text=null, detailText=The class 'MergeSort' does not implement the interface 'SortStrategy' as expected. Implement the interface and its methods., hasLongFeedbackText=false, reference=null, credits=0.0, positive=false, type=AUTOMATIC, visibility=ALWAYS, testCase=TestCaseDTO[testName=null, id=1406]], FeedbackDTO[id=950, text=null, detailText=The exercise expects a class with the name SortStrategy in the package testpackage. You did not implement the class in the exercise., hasLongFeedbackText=false, reference=null, credits=0.0, positive=false, type=AUTOMATIC, visibility=ALWAYS, testCase=TestCaseDTO[testName=null, id=1403]], FeedbackDTO[id=951, text=null, detailText=The class 'BubbleSort' does not implement the interface 'SortStrategy' as expected. Implement the interface and its methods., hasLongFeedbackText=false, reference=null, credits=0.0, positive=false, type=AUTOMATIC, visibility=ALWAYS, testCase=TestCaseDTO[testName=null, id=1407]], FeedbackDTO[id=952, text=null, detailText=MergeSort does not sort correctly, hasLongFeedbackText=false, reference=null, credits=0.0, positive=false, type=AUTOMATIC, visibility=ALWAYS, testCase=TestCaseDTO[testName=null, id=1412]], FeedbackDTO[id=953, text=null, detailText=The class 'Context' was not found within the submission. Make sure to implement it properly., hasLongFeedbackText=false, reference=null, credits=0.0, positive=false, type=AUTOMATIC, visibility=ALWAYS, testCase=TestCaseDTO[testName=null, id=1413]], FeedbackDTO[id=954, text=null, detailText=The class 'Context' was not found within the submission. Make sure to implement it properly., hasLongFeedbackText=false, reference=null, credits=0.0, positive=false, type=AUTOMATIC, visibility=ALWAYS, testCase=TestCaseDTO[testName=null, id=1414]], FeedbackDTO[id=955, text=null, detailText=The exercise expects a class with the name Policy in the package testpackage. You did not implement the class in the exercise., hasLongFeedbackText=false, reference=null, credits=0.0, positive=false, type=AUTOMATIC, visibility=ALWAYS, testCase=TestCaseDTO[testName=null, id=1408]], FeedbackDTO[id=956, text=null, detailText=The exercise expects a class with the name Context in the package testpackage. You did not implement the class in the exercise., hasLongFeedbackText=false, reference=null, credits=0.0, positive=false, type=AUTOMATIC, visibility=ALWAYS, testCase=TestCaseDTO[testName=null, id=1404]], FeedbackDTO[id=957, text=null, detailText=The exercise expects a class with the name Policy in the package testpackage. You did not implement the class in the exercise., hasLongFeedbackText=false, reference=null, credits=0.0, positive=false, type=AUTOMATIC, visibility=ALWAYS, testCase=TestCaseDTO[testName=null, id=1405]], FeedbackDTO[id=958, text=null, detailText=null, hasLongFeedbackText=false, reference=null, credits=3.230769230769231, positive=true, type=AUTOMATIC, visibility=ALWAYS, testCase=TestCaseDTO[testName=null, id=1415]]], assessmentType=AUTOMATIC, hasComplaint=null, exampleResult=null, testCaseCount=13, passedTestCaseCount=1, codeIssueCount=0]], BuildJobQueueItem[id=20261739576743984, name=SHORT53C73BE505404043100AC2F00C039353CE8FTSTEXC-LOCALVCCIINTSTUDENT1, buildAgent=BuildAgentDTO[name=artemis-build-agent-test, memberAddress=[127.0.0.1]:5703, displayName=artemis-build-agent-test], participationId=2026, courseId=991, exerciseId=2608, retryCount=0, priority=1, status=SUCCESSFUL, repositoryInfo=RepositoryInfo[repositoryName=short53c73be505404043100ac2f00c039353ce8ftstexc-localvcciintstudent1, repositoryType=user, triggeredByPushTo=user, assignmentRepositoryUri=http://localhost:49152/git/SHORT53C73BE505404043100AC2F00C039353CE8FTSTEXC/short53c73be505404043100ac2f00c039353ce8ftstexc-localvcciintstudent1.git, testRepositoryUri=http://localhost:49152/git/SHORT53C73BE505404043100AC2F00C039353CE8FTSTEXC/short53c73be505404043100ac2f00c039353ce8ftstexc-tests.git, solutionRepositoryUri=null, auxiliaryRepositoryUris=[Ljava.lang.String;@450343f6, auxiliaryRepositoryCheckoutDirectories=[Ljava.lang.String;@3e68ec33], jobTimingInfo=JobTimingInfo[submissionDate=2025-02-14T23:45:43.984518859Z[Etc/UTC], buildStartDate=2025-02-14T23:45:43.991385682Z[Etc/UTC], buildCompletionDate=2025-02-14T23:45:44.982059928Z[Etc/UTC], estimatedCompletionDate=2025-02-14T23:46:02.991380122Z[Etc/UTC], estimatedDuration=19], buildConfig=BuildConfig[buildScript=#!/bin/bash
cd /var/tmp/testing-dir
chmod +x ./gradlew
./gradlew clean test
, dockerImage=dummy-docker-image:latest, commitHashToBuild=3e90ae9fef2e44ffb41451a080bdaa6a44ad6848, assignmentCommitHash=3e90ae9fef2e44ffb41451a080bdaa6a44ad6848, testCommitHash=0582754c87aae13e640312855ce7dbe490ecb50c, branch=main, programmingLanguage=JAVA, projectType=PLAIN_GRADLE, scaEnabled=false, sequentialTestRunsEnabled=false, resultPaths=[/var/tmp/testing-dir/**/test-results/test/*.xml], timeoutSeconds=0, assignmentCheckoutPath=null, testCheckoutPath=null, solutionCheckoutPath=null, dockerRunConfig=null], submissionResult=ResultDTO[id=635, completionDate=2025-02-14T23:45:44.961313737Z[Etc/UTC], successful=false, score=7.7, rated=true, submission=SubmissionDTO[id=829, submitted=true, type=MANUAL, exampleSubmission=null, submissionDate=2025-02-14T23:45:43.967766Z, commitHash=3e90ae9fef2e44ffb41451a080bdaa6a44ad6848, buildFailed=false, buildArtifact=false, participation=ParticipationDTO[id=2026, testRun=false, type=programming, submissionCount=null, exercise=ParticipationExerciseDTO[id=2608, exerciseType=PROGRAMMING, type=programming, assessmentType=AUTOMATIC, dueDate=2025-02-16T23:45:43.597978Z, assessmentDueDate=null, maxPoints=42.0, course=CourseDTO[id=991, accuracyOfScores=1]]], submissionExerciseType=programming, isProcessing=false, buildStartDate=null, estimatedCompletionDate=null], participation=ParticipationDTO[id=2026, testRun=false, type=programming, submissionCount=null, exercise=ParticipationExerciseDTO[id=2608, exerciseType=PROGRAMMING, type=programming, assessmentType=AUTOMATIC, dueDate=2025-02-16T23:45:43.597978Z, assessmentDueDate=null, maxPoints=42.0, course=CourseDTO[id=991, accuracyOfScores=1]]], feedbacks=[FeedbackDTO[id=959, text=null, detailText=The exercise expects a class with the name Context in the package testpackage. You did not implement the class in the exercise., hasLongFeedbackText=false, reference=null, credits=0.0, positive=false, type=AUTOMATIC, visibility=ALWAYS, testCase=TestCaseDTO[testName=null, id=1448]], FeedbackDTO[id=960, text=null, detailText=The exercise expects a class with the name Policy in the package testpackage. You did not implement the class in the exercise., hasLongFeedbackText=false, reference=null, credits=0.0, positive=false, type=AUTOMATIC, visibility=ALWAYS, testCase=TestCaseDTO[testName=null, id=1449]], FeedbackDTO[id=961, text=null, detailText=The exercise expects a class with the name SortStrategy in the package testpackage. You did not implement the class in the exercise., hasLongFeedbackText=false, reference=null, credits=0.0, positive=false, type=AUTOMATIC, visibility=ALWAYS, testCase=TestCaseDTO[testName=null, id=1450]], FeedbackDTO[id=962, text=null, detailText=The class 'MergeSort' does not implement the interface 'SortStrategy' as expected. Implement the interface and its methods., hasLongFeedbackText=false, reference=null, credits=0.0, positive=false, type=AUTOMATIC, visibility=ALWAYS, testCase=TestCaseDTO[testName=null, id=1445]], FeedbackDTO[id=963, text=null, detailText=The exercise expects a class with the name SortStrategy in the package testpackage. You did not implement the class in the exercise., hasLongFeedbackText=false, reference=null, credits=0.0, positive=false, type=AUTOMATIC, visibility=ALWAYS, testCase=TestCaseDTO[testName=null, id=1442]], FeedbackDTO[id=964, text=null, detailText=The class 'BubbleSort' does not implement the interface 'SortStrategy' as expected. Implement the interface and its methods., hasLongFeedbackText=false, reference=null, credits=0.0, positive=false, type=AUTOMATIC, visibility=ALWAYS, testCase=TestCaseDTO[testName=null, id=1446]], FeedbackDTO[id=965, text=null, detailText=MergeSort does not sort correctly, hasLongFeedbackText=false, reference=null, credits=0.0, positive=false, type=AUTOMATIC, visibility=ALWAYS, testCase=TestCaseDTO[testName=null, id=1451]], FeedbackDTO[id=966, text=null, detailText=The class 'Context' was not found within the submission. Make sure to implement it properly., hasLongFeedbackText=false, reference=null, credits=0.0, positive=false, type=AUTOMATIC, visibility=ALWAYS, testCase=TestCaseDTO[testName=null, id=1452]], FeedbackDTO[id=967, text=null, detailText=The class 'Context' was not found within the submission. Make sure to implement it properly., hasLongFeedbackText=false, reference=null, credits=0.0, positive=false, type=AUTOMATIC, visibility=ALWAYS, testCase=TestCaseDTO[testName=null, id=1453]], FeedbackDTO[id=968, text=null, detailText=The exercise expects a class with the name Policy in the package testpackage. You did not implement the class in the exercise., hasLongFeedbackText=false, reference=null, credits=0.0, positive=false, type=AUTOMATIC, visibility=ALWAYS, testCase=TestCaseDTO[testName=null, id=1447]], FeedbackDTO[id=969, text=null, detailText=The exercise expects a class with the name Context in the package testpackage. You did not implement the class in the exercise., hasLongFeedbackText=false, reference=null, credits=0.0, positive=false, type=AUTOMATIC, visibility=ALWAYS, testCase=TestCaseDTO[testName=null, id=1443]], FeedbackDTO[id=970, text=null, detailText=The exercise expects a class with the name Policy in the package testpackage. You did not implement the class in the exercise., hasLongFeedbackText=false, reference=null, credits=0.0, positive=false, type=AUTOMATIC, visibility=ALWAYS, testCase=TestCaseDTO[testName=null, id=1444]], FeedbackDTO[id=971, text=null, detailText=null, hasLongFeedbackText=false, reference=null, credits=3.230769230769231, positive=true, type=AUTOMATIC, visibility=ALWAYS, testCase=TestCaseDTO[testName=null, id=1454]]], assessmentType=AUTOMATIC, hasComplaint=null, exampleResult=null, testCaseCount=13, passedTestCaseCount=1, codeIssueCount=0]], BuildJobQueueItem[id=20271739576746886, name=SHORT0FC863930E92904248098A506171F81CF6CFTSTEXC-SOLUTION, buildAgent=BuildAgentDTO[name=artemis-build-agent-test, memberAddress=[127.0.0.1]:5703, displayName=artemis-build-agent-test], participationId=2027, courseId=992, exerciseId=2609, retryCount=0, priority=2, status=SUCCESSFUL, repositoryInfo=RepositoryInfo[repositoryName=short0fc863930e92904248098a506171f81cf6cftstexc-solution, repositoryType=solution, triggeredByPushTo=auxiliary, assignmentRepositoryUri=http://localhost:49152/git/SHORT0FC863930E92904248098A506171F81CF6CFTSTEXC/short0fc863930e92904248098a506171f81cf6cftstexc-solution.git, testRepositoryUri=http://localhost:49152/git/SHORT0FC863930E92904248098A506171F81CF6CFTSTEXC/short0fc863930e92904248098a506171f81cf6cftstexc-tests.git, solutionRepositoryUri=null, auxiliaryRepositoryUris=[Ljava.lang.String;@79425f59, auxiliaryRepositoryCheckoutDirectories=[Ljava.lang.String;@21dc5a6f], jobTimingInfo=JobTimingInfo[submissionDate=2025-02-14T23:45:46.886984066Z[Etc/UTC], buildStartDate=2025-02-14T23:45:46.897709578Z[Etc/UTC], buildCompletionDate=2025-02-14T23:45:48.628460156Z[Etc/UTC], estimatedCompletionDate=2025-02-14T23:46:05.897701272Z[Etc/UTC], estimatedDuration=19], buildConfig=BuildConfig[buildScript=#!/bin/bash
cd /var/tmp/testing-dir
chmod +x ./gradlew
./gradlew clean test
, dockerImage=dummy-docker-image:latest, commitHashToBuild=null, assignmentCommitHash=115a2e943bee242fdad360b50d8ad5f30792577e, testCommitHash=9b3a9bd71a0d80e5bbc42204c319ed3d1d4f0d6d, branch=main, programmingLanguage=JAVA, projectType=PLAIN_GRADLE, scaEnabled=false, sequentialTestRunsEnabled=false, resultPaths=[/var/tmp/testing-dir/**/test-results/test/*.xml], timeoutSeconds=0, assignmentCheckoutPath=null, testCheckoutPath=null, solutionCheckoutPath=null, dockerRunConfig=null], submissionResult=ResultDTO[id=636, completionDate=2025-02-14T23:45:48.593370968Z[Etc/UTC], successful=true, score=100.0, rated=true, submission=SubmissionDTO[id=830, submitted=true, type=TEST, exampleSubmission=null, submissionDate=2025-02-14T23:45:46.873671Z, commitHash=9b3a9bd71a0d80e5bbc42204c319ed3d1d4f0d6d, buildFailed=false, buildArtifact=false, participation=ParticipationDTO[id=2027, testRun=false, type=solution, submissionCount=null, exercise=ParticipationExerciseDTO[id=2609, exerciseType=PROGRAMMING, type=programming, assessmentType=AUTOMATIC, dueDate=2025-02-16T23:45:46.386304Z, assessmentDueDate=null, maxPoints=42.0, course=CourseDTO[id=992, accuracyOfScores=1]]], submissionExerciseType=programming, isProcessing=false, buildStartDate=null, estimatedCompletionDate=null], participation=ParticipationDTO[id=2027, testRun=false, type=solution, submissionCount=null, exercise=ParticipationExerciseDTO[id=2609, exerciseType=PROGRAMMING, type=programming, assessmentType=AUTOMATIC, dueDate=2025-02-16T23:45:46.386304Z, assessmentDueDate=null, maxPoints=42.0, course=CourseDTO[id=992, accuracyOfScores=1]]], feedbacks=[FeedbackDTO[id=972, text=null, detailText=null, hasLongFeedbackText=false, reference=null, credits=3.230769230769231, positive=true, type=AUTOMATIC, visibility=ALWAYS, testCase=TestCaseDTO[testName=testMethods[Context], id=1461]], FeedbackDTO[id=973, text=null, detailText=null, hasLongFeedbackText=false, reference=null, credits=3.230769230769231, positive=true, type=AUTOMATIC, visibility=ALWAYS, testCase=TestCaseDTO[testName=testMethods[Policy], id=1462]], FeedbackDTO[id=974, text=null, detailText=null, hasLongFeedbackText=false, reference=null, credits=3.230769230769231, positive=true, type=AUTOMATIC, visibility=ALWAYS, testCase=TestCaseDTO[testName=testMethods[SortStrategy], id=1463]], FeedbackDTO[id=975, text=null, detailText=null, hasLongFeedbackText=false, reference=null, credits=3.230769230769231, positive=true, type=AUTOMATIC, visibility=ALWAYS, testCase=TestCaseDTO[testName=testClass[MergeSort], id=1458]], FeedbackDTO[id=976, text=null, detailText=null, hasLongFeedbackText=false, reference=null, credits=3.230769230769231, positive=true, type=AUTOMATIC, visibility=ALWAYS, testCase=TestCaseDTO[testName=testClass[SortStrategy], id=1455]], FeedbackDTO[id=977, text=null, detailText=null, hasLongFeedbackText=false, reference=null, credits=3.230769230769231, positive=true, type=AUTOMATIC, visibility=ALWAYS, testCase=TestCaseDTO[testName=testClass[BubbleSort], id=1459]], FeedbackDTO[id=978, text=null, detailText=null, hasLongFeedbackText=false, reference=null, credits=3.230769230769231, positive=true, type=AUTOMATIC, visibility=ALWAYS, testCase=TestCaseDTO[testName=testMergeSort(), id=1464]], FeedbackDTO[id=979, text=null, detailText=null, hasLongFeedbackText=false, reference=null, credits=3.230769230769231, positive=true, type=AUTOMATIC, visibility=ALWAYS, testCase=TestCaseDTO[testName=testUseBubbleSortForSmallList(), id=1465]], FeedbackDTO[id=980, text=null, detailText=null, hasLongFeedbackText=false, reference=null, credits=3.230769230769231, positive=true, type=AUTOMATIC, visibility=ALWAYS, testCase=TestCaseDTO[testName=testBubbleSort(), id=1467]], FeedbackDTO[id=981, text=null, detailText=null, hasLongFeedbackText=false, reference=null, credits=3.230769230769231, positive=true, type=AUTOMATIC, visibility=ALWAYS, testCase=TestCaseDTO[testName=testUseMergeSortForBigList(), id=1466]], FeedbackDTO[id=982, text=null, detailText=null, hasLongFeedbackText=false, reference=null, credits=3.230769230769231, positive=true, type=AUTOMATIC, visibility=ALWAYS, testCase=TestCaseDTO[testName=testConstructors[Policy], id=1460]], FeedbackDTO[id=983, text=null, detailText=null, hasLongFeedbackText=false, reference=null, credits=3.230769230769231, positive=true, type=AUTOMATIC, visibility=ALWAYS, testCase=TestCaseDTO[testName=testAttributes[Context], id=1456]], FeedbackDTO[id=984, text=null, detailText=null, hasLongFeedbackText=false, reference=null, credits=3.230769230769231, positive=true, type=AUTOMATIC, visibility=ALWAYS, testCase=TestCaseDTO[testName=testAttributes[Policy], id=1457]]], assessmentType=AUTOMATIC, hasComplaint=null, exampleResult=null, testCaseCount=13, passedTestCaseCount=13, codeIssueCount=0]], BuildJobQueueItem[id=20281739576748768, name=SHORT0FC863930E92904248098A506171F81CF6CFTSTEXC-BASE, buildAgent=BuildAgentDTO[name=artemis-build-agent-test, memberAddress=[127.0.0.1]:5703, displayName=artemis-build-agent-test], participationId=2028, courseId=992, exerciseId=2609, retryCount=0, priority=2, status=SUCCESSFUL, repositoryInfo=RepositoryInfo[repositoryName=short0fc863930e92904248098a506171f81cf6cftstexc-exercise, repositoryType=exercise, triggeredByPushTo=auxiliary, assignmentRepositoryUri=http://localhost:49152/git/SHORT0FC863930E92904248098A506171F81CF6CFTSTEXC/short0fc863930e92904248098a506171f81cf6cftstexc-exercise.git, testRepositoryUri=http://localhost:49152/git/SHORT0FC863930E92904248098A506171F81CF6CFTSTEXC/short0fc863930e92904248098a506171f81cf6cftstexc-tests.git, solutionRepositoryUri=null, auxiliaryRepositoryUris=[Ljava.lang.String;@7e1fa151, auxiliaryRepositoryCheckoutDirectories=[Ljava.lang.String;@76fd3d5], jobTimingInfo=JobTimingInfo[submissionDate=2025-02-14T23:45:48.768063548Z[Etc/UTC], buildStartDate=2025-02-14T23:45:48.802531989Z[Etc/UTC], buildCompletionDate=2025-02-14T23:45:50.482681367Z[Etc/UTC], estimatedCompletionDate=2025-02-14T23:45:50.802523092Z[Etc/UTC], estimatedDuration=2], buildConfig=BuildConfig[buildScript=#!/bin/bash
cd /var/tmp/testing-dir
chmod +x ./gradlew
./gradlew clean test
, dockerImage=dummy-docker-image:latest, commitHashToBuild=9b3a9bd71a0d80e5bbc42204c319ed3d1d4f0d6d, assignmentCommitHash=115a2e943bee242fdad360b50d8ad5f30792577e, testCommitHash=9b3a9bd71a0d80e5bbc42204c319ed3d1d4f0d6d, branch=main, programmingLanguage=JAVA, projectType=PLAIN_GRADLE, scaEnabled=false, sequentialTestRunsEnabled=false, resultPaths=[/var/tmp/testing-dir/**/test-results/test/*.xml], timeoutSeconds=0, assignmentCheckoutPath=null, testCheckoutPath=null, solutionCheckoutPath=null, dockerRunConfig=null], submissionResult=ResultDTO[id=637, completionDate=2025-02-14T23:45:50.449084694Z[Etc/UTC], successful=false, score=0.0, rated=true, submission=SubmissionDTO[id=831, submitted=true, type=TEST, exampleSubmission=null, submissionDate=2025-02-14T23:45:48.761177Z, commitHash=9b3a9bd71a0d80e5bbc42204c319ed3d1d4f0d6d, buildFailed=false, buildArtifact=false, participation=ParticipationDTO[id=2028, testRun=false, type=template, submissionCount=null, exercise=ParticipationExerciseDTO[id=2609, exerciseType=PROGRAMMING, type=programming, assessmentType=AUTOMATIC, dueDate=2025-02-16T23:45:46.386304Z, assessmentDueDate=null, maxPoints=42.0, course=CourseDTO[id=992, accuracyOfScores=1]]], submissionExerciseType=programming, isProcessing=false, buildStartDate=null, estimatedCompletionDate=null], participation=ParticipationDTO[id=2028, testRun=false, type=template, submissionCount=null, exercise=ParticipationExerciseDTO[id=2609, exerciseType=PROGRAMMING, type=programming, assessmentType=AUTOMATIC, dueDate=2025-02-16T23:45:46.386304Z, assessmentDueDate=null, maxPoints=42.0, course=CourseDTO[id=992, accuracyOfScores=1]]], feedbacks=[FeedbackDTO[id=985, text=null, detailText=The exercise expects a class with the name Context in the package testpackage. You did not implement the class in the exercise., hasLongFeedbackText=false, reference=null, credits=0.0, positive=false, type=AUTOMATIC, visibility=ALWAYS, testCase=TestCaseDTO[testName=testMethods[Context], id=1461]], FeedbackDTO[id=986, text=null, detailText=The exercise expects a class with the name Policy in the package testpackage. You did not implement the class in the exercise., hasLongFeedbackText=false, reference=null, credits=0.0, positive=false, type=AUTOMATIC, visibility=ALWAYS, testCase=TestCaseDTO[testName=testMethods[Policy], id=1462]], FeedbackDTO[id=987, text=null, detailText=The exercise expects a class with the name SortStrategy in the package testpackage. You did not implement the class in the exercise., hasLongFeedbackText=false, reference=null, credits=0.0, positive=false, type=AUTOMATIC, visibility=ALWAYS, testCase=TestCaseDTO[testName=testMethods[SortStrategy], id=1463]], FeedbackDTO[id=988, text=null, detailText=The class 'MergeSort' does not implement the interface 'SortStrategy' as expected. Implement the interface and its methods., hasLongFeedbackText=false, reference=null, credits=0.0, positive=false, type=AUTOMATIC, visibility=ALWAYS, testCase=TestCaseDTO[testName=testClass[MergeSort], id=1458]], FeedbackDTO[id=989, text=null, detailText=The exercise expects a class with the name SortStrategy in the package testpackage. You did not implement the class in the exercise., hasLongFeedbackText=false, reference=null, credits=0.0, positive=false, type=AUTOMATIC, visibility=ALWAYS, testCase=TestCaseDTO[testName=testClass[SortStrategy], id=1455]], FeedbackDTO[id=990, text=null, detailText=The class 'BubbleSort' does not implement the interface 'SortStrategy' as expected. Implement the interface and its methods., hasLongFeedbackText=false, reference=null, credits=0.0, positive=false, type=AUTOMATIC, visibility=ALWAYS, testCase=TestCaseDTO[testName=testClass[BubbleSort], id=1459]], FeedbackDTO[id=991, text=null, detailText=MergeSort does not sort correctly, hasLongFeedbackText=false, reference=null, credits=0.0, positive=false, type=AUTOMATIC, visibility=ALWAYS, testCase=TestCaseDTO[testName=testMergeSort(), id=1464]], FeedbackDTO[id=992, text=null, detailText=The class 'Context' was not found within the submission. Make sure to implement it properly., hasLongFeedbackText=false, reference=null, credits=0.0, positive=false, type=AUTOMATIC, visibility=ALWAYS, testCase=TestCaseDTO[testName=testUseBubbleSortForSmallList(), id=1465]], FeedbackDTO[id=993, text=null, detailText=BubbleSort does not sort correctly, hasLongFeedbackText=false, reference=null, credits=0.0, positive=false, type=AUTOMATIC, visibility=ALWAYS, testCase=TestCaseDTO[testName=testBubbleSort(), id=1467]], FeedbackDTO[id=994, text=null, detailText=The class 'Context' was not found within the submission. Make sure to implement it properly., hasLongFeedbackText=false, reference=null, credits=0.0, positive=false, type=AUTOMATIC, visibility=ALWAYS, testCase=TestCaseDTO[testName=testUseMergeSortForBigList(), id=1466]], FeedbackDTO[id=995, text=null, detailText=The exercise expects a class with the name Policy in the package testpackage. You did not implement the class in the exercise., hasLongFeedbackText=false, reference=null, credits=0.0, positive=false, type=AUTOMATIC, visibility=ALWAYS, testCase=TestCaseDTO[testName=testConstructors[Policy], id=1460]], FeedbackDTO[id=996, text=null, detailText=The exercise expects a class with the name Context in the package testpackage. You did not implement the class in the exercise., hasLongFeedbackText=false, reference=null, credits=0.0, positive=false, type=AUTOMATIC, visibility=ALWAYS, testCase=TestCaseDTO[testName=testAttributes[Context], id=1456]], FeedbackDTO[id=997, text=null, detailText=The exercise expects a class with the name Policy in the package testpackage. You did not implement the class in the exercise., hasLongFeedbackText=false, reference=null, credits=0.0, positive=false, type=AUTOMATIC, visibility=ALWAYS, testCase=TestCaseDTO[testName=testAttributes[Policy], id=1457]]], assessmentType=AUTOMATIC, hasComplaint=null, exampleResult=null, testCaseCount=13, passedTestCaseCount=0, codeIssueCount=0]], BuildJobQueueItem[id=20291739576751299, name=SHORT716C2EC10B19B049C80A2F00B97EAB20B2A9TSTEXC-SOLUTION, buildAgent=BuildAgentDTO[name=artemis-build-agent-test, memberAddress=[127.0.0.1]:5703, displayName=artemis-build-agent-test], participationId=2029, courseId=993, exerciseId=2610, retryCount=0, priority=2, status=SUCCESSFUL, repositoryInfo=RepositoryInfo[repositoryName=short716c2ec10b19b049c80a2f00b97eab20b2a9tstexc-solution, repositoryType=solution, triggeredByPushTo=tests, assignmentRepositoryUri=http://localhost:49152/git/SHORT716C2EC10B19B049C80A2F00B97EAB20B2A9TSTEXC/short716c2ec10b19b049c80a2f00b97eab20b2a9tstexc-solution.git, testRepositoryUri=http://localhost:49152/git/SHORT716C2EC10B19B049C80A2F00B97EAB20B2A9TSTEXC/short716c2ec10b19b049c80a2f00b97eab20b2a9tstexc-tests.git, solutionRepositoryUri=null, auxiliaryRepositoryUris=[Ljava.lang.String;@6cbcfcf6, auxiliaryRepositoryCheckoutDirectories=[Ljava.lang.String;@2ff0dc2c], jobTimingInfo=JobTimingInfo[submissionDate=2025-02-14T23:45:51.299892174Z[Etc/UTC], buildStartDate=2025-02-14T23:45:51.314028505Z[Etc/UTC], buildCompletionDate=2025-02-14T23:45:52.158312850Z[Etc/UTC], estimatedCompletionDate=2025-02-14T23:46:10.314021752Z[Etc/UTC], estimatedDuration=19], buildConfig=BuildConfig[buildScript=#!/bin/bash
cd /var/tmp/testing-dir
chmod +x ./gradlew
./gradlew clean test
, dockerImage=dummy-docker-image:latest, commitHashToBuild=1e531733ed6e9237f710b528d1eb0b7beac565fd, assignmentCommitHash=815e279f12ad296b4f24c44134a07293c04c010f, testCommitHash=1e531733ed6e9237f710b528d1eb0b7beac565fd, branch=main, programmingLanguage=JAVA, projectType=PLAIN_GRADLE, scaEnabled=false, sequentialTestRunsEnabled=false, resultPaths=[/var/tmp/testing-dir/**/test-results/test/*.xml], timeoutSeconds=0, assignmentCheckoutPath=null, testCheckoutPath=null, solutionCheckoutPath=null, dockerRunConfig=null], submissionResult=ResultDTO[id=638, completionDate=2025-02-14T23:45:52.146826070Z[Etc/UTC], successful=true, score=100.0, rated=true, submission=SubmissionDTO[id=832, submitted=true, type=TEST, exampleSubmission=null, submissionDate=2025-02-14T23:45:51.275713Z, commitHash=1e531733ed6e9237f710b528d1eb0b7beac565fd, buildFailed=false, buildArtifact=false, participation=ParticipationDTO[id=2029, testRun=false, type=solution, submissionCount=null, exercise=ParticipationExerciseDTO[id=2610, exerciseType=PROGRAMMING, type=programming, assessmentType=AUTOMATIC, dueDate=2025-02-16T23:45:50.869093Z, assessmentDueDate=null, maxPoints=42.0, course=CourseDTO[id=993, accuracyOfScores=1]]], submissionExerciseType=programming, isProcessing=false, buildStartDate=null, estimatedCompletionDate=null], participation=ParticipationDTO[id=2029, testRun=false, type=solution, submissionCount=null, exercise=ParticipationExerciseDTO[id=2610, exerciseType=PROGRAMMING, type=programming, assessmentType=AUTOMATIC, dueDate=2025-02-16T23:45:50.869093Z, assessmentDueDate=null, maxPoints=42.0, course=CourseDTO[id=993, accuracyOfScores=1]]], feedbacks=[FeedbackDTO[id=998, text=null, detailText=null, hasLongFeedbackText=false, reference=null, credits=3.230769230769231, positive=true, type=AUTOMATIC, visibility=ALWAYS, testCase=TestCaseDTO[testName=testMethods[Context], id=1474]], FeedbackDTO[id=999, text=null, detailText=null, hasLongFeedbackText=false, reference=null, credits=3.230769230769231, positive=true, type=AUTOMATIC, visibility=ALWAYS, testCase=TestCaseDTO[testName=testMethods[Policy], id=1475]], FeedbackDTO[id=1000, text=null, detailText=null, hasLongFeedbackText=false, reference=null, credits=3.230769230769231, positive=true, type=AUTOMATIC, visibility=ALWAYS, testCase=TestCaseDTO[testName=testMethods[SortStrategy], id=1476]], FeedbackDTO[id=1001, text=null, detailText=null, hasLongFeedbackText=false, reference=null, credits=3.230769230769231, positive=true, type=AUTOMATIC, visibility=ALWAYS, testCase=TestCaseDTO[testName=testClass[MergeSort], id=1471]], FeedbackDTO[id=1002, text=null, detailText=null, hasLongFeedbackText=false, reference=null, credits=3.230769230769231, positive=true, type=AUTOMATIC, visibility=ALWAYS, testCase=TestCaseDTO[testName=testClass[SortStrategy], id=1468]], FeedbackDTO[id=1003, text=null, detailText=null, hasLongFeedbackText=false, reference=null, credits=3.230769230769231, positive=true, type=AUTOMATIC, visibility=ALWAYS, testCase=TestCaseDTO[testName=testClass[BubbleSort], id=1472]], FeedbackDTO[id=1004, text=null, detailText=null, hasLongFeedbackText=false, reference=null, credits=3.230769230769231, positive=true, type=AUTOMATIC, visibility=ALWAYS, testCase=TestCaseDTO[testName=testMergeSort(), id=1477]], FeedbackDTO[id=1005, text=null, detailText=null, hasLongFeedbackText=false, reference=null, credits=3.230769230769231, positive=true, type=AUTOMATIC, visibility=ALWAYS, testCase=TestCaseDTO[testName=testUseBubbleSortForSmallList(), id=1478]], FeedbackDTO[id=1006, text=null, detailText=null, hasLongFeedbackText=false, reference=null, credits=3.230769230769231, positive=true, type=AUTOMATIC, visibility=ALWAYS, testCase=TestCaseDTO[testName=testBubbleSort(), id=1480]], FeedbackDTO[id=1007, text=null, detailText=null, hasLongFeedbackText=false, reference=null, credits=3.230769230769231, positive=true, type=AUTOMATIC, visibility=ALWAYS, testCase=TestCaseDTO[testName=testUseMergeSortForBigList(), id=1479]], FeedbackDTO[id=1008, text=null, detailText=null, hasLongFeedbackText=false, reference=null, credits=3.230769230769231, positive=true, type=AUTOMATIC, visibility=ALWAYS, testCase=TestCaseDTO[testName=testConstructors[Policy], id=1473]], FeedbackDTO[id=1009, text=null, detailText=null, hasLongFeedbackText=false, reference=null, credits=3.230769230769231, positive=true, type=AUTOMATIC, visibility=ALWAYS, testCase=TestCaseDTO[testName=testAttributes[Context], id=1469]], FeedbackDTO[id=1010, text=null, detailText=null, hasLongFeedbackText=false, reference=null, credits=3.230769230769231, positive=true, type=AUTOMATIC, visibility=ALWAYS, testCase=TestCaseDTO[testName=testAttributes[Policy], id=1470]]], assessmentType=AUTOMATIC, hasComplaint=null, exampleResult=null, testCaseCount=13, passedTestCaseCount=13, codeIssueCount=0]], BuildJobQueueItem[id=20301739576752239, name=SHORT716C2EC10B19B049C80A2F00B97EAB20B2A9TSTEXC-BASE, buildAgent=BuildAgentDTO[name=artemis-build-agent-test, memberAddress=[127.0.0.1]:5703, displayName=artemis-build-agent-test], participationId=2030, courseId=993, exerciseId=2610, retryCount=0, priority=2, status=SUCCESSFUL, repositoryInfo=RepositoryInfo[repositoryName=short716c2ec10b19b049c80a2f00b97eab20b2a9tstexc-exercise, repositoryType=exercise, triggeredByPushTo=tests, assignmentRepositoryUri=http://localhost:49152/git/SHORT716C2EC10B19B049C80A2F00B97EAB20B2A9TSTEXC/short716c2ec10b19b049c80a2f00b97eab20b2a9tstexc-exercise.git, testRepositoryUri=http://localhost:49152/git/SHORT716C2EC10B19B049C80A2F00B97EAB20B2A9TSTEXC/short716c2ec10b19b049c80a2f00b97eab20b2a9tstexc-tests.git, solutionRepositoryUri=null, auxiliaryRepositoryUris=[Ljava.lang.String;@2c66e5aa, auxiliaryRepositoryCheckoutDirectories=[Ljava.lang.String;@55ee7a88], jobTimingInfo=JobTimingInfo[submissionDate=2025-02-14T23:45:52.239402475Z[Etc/UTC], buildStartDate=2025-02-14T23:45:52.258713639Z[Etc/UTC], buildCompletionDate=2025-02-14T23:45:53.238773956Z[Etc/UTC], estimatedCompletionDate=2025-02-14T23:45:53.258707428Z[Etc/UTC], estimatedDuration=1], buildConfig=BuildConfig[buildScript=#!/bin/bash
cd /var/tmp/testing-dir
chmod +x ./gradlew
./gradlew clean test
, dockerImage=dummy-docker-image:latest, commitHashToBuild=1e531733ed6e9237f710b528d1eb0b7beac565fd, assignmentCommitHash=815e279f12ad296b4f24c44134a07293c04c010f, testCommitHash=1e531733ed6e9237f710b528d1eb0b7beac565fd, branch=main, programmingLanguage=JAVA, projectType=PLAIN_GRADLE, scaEnabled=false, sequentialTestRunsEnabled=false, resultPaths=[/var/tmp/testing-dir/**/test-results/test/*.xml], timeoutSeconds=0, assignmentCheckoutPath=null, testCheckoutPath=null, solutionCheckoutPath=null, dockerRunConfig=null], submissionResult=ResultDTO[id=639, completionDate=2025-02-14T23:45:53.225806205Z[Etc/UTC], successful=false, score=0.0, rated=true, submission=SubmissionDTO[id=833, submitted=true, type=TEST, exampleSubmission=null, submissionDate=2025-02-14T23:45:52.237179Z, commitHash=1e531733ed6e9237f710b528d1eb0b7beac565fd, buildFailed=false, buildArtifact=false, participation=ParticipationDTO[id=2030, testRun=false, type=template, submissionCount=null, exercise=ParticipationExerciseDTO[id=2610, exerciseType=PROGRAMMING, type=programming, assessmentType=AUTOMATIC, dueDate=2025-02-16T23:45:50.869093Z, assessmentDueDate=null, maxPoints=42.0, course=CourseDTO[id=993, accuracyOfScores=1]]], submissionExerciseType=programming, isProcessing=false, buildStartDate=null, estimatedCompletionDate=null], participation=ParticipationDTO[id=2030, testRun=false, type=template, submissionCount=null, exercise=ParticipationExerciseDTO[id=2610, exerciseType=PROGRAMMING, type=programming, assessmentType=AUTOMATIC, dueDate=2025-02-16T23:45:50.869093Z, assessmentDueDate=null, maxPoints=42.0, course=CourseDTO[id=993, accuracyOfScores=1]]], feedbacks=[FeedbackDTO[id=1011, text=null, detailText=The exercise expects a class with the name Context in the package testpackage. You did not implement the class in the exercise., hasLongFeedbackText=false, reference=null, credits=0.0, positive=false, type=AUTOMATIC, visibility=ALWAYS, testCase=TestCaseDTO[testName=testMethods[Context], id=1474]], FeedbackDTO[id=1012, text=null, detailText=The exercise expects a class with the name Policy in the package testpackage. You did not implement the class in the exercise., hasLongFeedbackText=false, reference=null, credits=0.0, positive=false, type=AUTOMATIC, visibility=ALWAYS, testCase=TestCaseDTO[testName=testMethods[Policy], id=1475]], FeedbackDTO[id=1013, text=null, detailText=The exercise expects a class with the name SortStrategy in the package testpackage. You did not implement the class in the exercise., hasLongFeedbackText=false, reference=null, credits=0.0, positive=false, type=AUTOMATIC, visibility=ALWAYS, testCase=TestCaseDTO[testName=testMethods[SortStrategy], id=1476]], FeedbackDTO[id=1014, text=null, detailText=The class 'MergeSort' does not implement the interface 'SortStrategy' as expected. Implement the interface and its methods., hasLongFeedbackText=false, reference=null, credits=0.0, positive=false, type=AUTOMATIC, visibility=ALWAYS, testCase=TestCaseDTO[testName=testClass[MergeSort], id=1471]], FeedbackDTO[id=1015, text=null, detailText=The exercise expects a class with the name SortStrategy in the package testpackage. You did not implement the class in the exercise., hasLongFeedbackText=false, reference=null, credits=0.0, positive=false, type=AUTOMATIC, visibility=ALWAYS, testCase=TestCaseDTO[testName=testClass[SortStrategy], id=1468]], FeedbackDTO[id=1016, text=null, detailText=The class 'BubbleSort' does not implement the interface 'SortStrategy' as expected. Implement the interface and its methods., hasLongFeedbackText=false, reference=null, credits=0.0, positive=false, type=AUTOMATIC, visibility=ALWAYS, testCase=TestCaseDTO[testName=testClass[BubbleSort], id=1472]], FeedbackDTO[id=1017, text=null, detailText=MergeSort does not sort correctly, hasLongFeedbackText=false, reference=null, credits=0.0, positive=false, type=AUTOMATIC, visibility=ALWAYS, testCase=TestCaseDTO[testName=testMergeSort(), id=1477]], FeedbackDTO[id=1018, text=null, detailText=The class 'Context' was not found within the submission. Make sure to implement it properly., hasLongFeedbackText=false, reference=null, credits=0.0, positive=false, type=AUTOMATIC, visibility=ALWAYS, testCase=TestCaseDTO[testName=testUseBubbleSortForSmallList(), id=1478]], FeedbackDTO[id=1019, text=null, detailText=BubbleSort does not sort correctly, hasLongFeedbackText=false, reference=null, credits=0.0, positive=false, type=AUTOMATIC, visibility=ALWAYS, testCase=TestCaseDTO[testName=testBubbleSort(), id=1480]], FeedbackDTO[id=1020, text=null, detailText=The class 'Context' was not found within the submission. Make sure to implement it properly., hasLongFeedbackText=false, reference=null, credits=0.0, positive=false, type=AUTOMATIC, visibility=ALWAYS, testCase=TestCaseDTO[testName=testUseMergeSortForBigList(), id=1479]], FeedbackDTO[id=1021, text=null, detailText=The exercise expects a class with the name Policy in the package testpackage. You did not implement the class in the exercise., hasLongFeedbackText=false, reference=null, credits=0.0, positive=false, type=AUTOMATIC, visibility=ALWAYS, testCase=TestCaseDTO[testName=testConstructors[Policy], id=1473]], FeedbackDTO[id=1022, text=null, detailText=The exercise expects a class with the name Context in the package testpackage. You did not implement the class in the exercise., hasLongFeedbackText=false, reference=null, credits=0.0, positive=false, type=AUTOMATIC, visibility=ALWAYS, testCase=TestCaseDTO[testName=testAttributes[Context], id=1469]], FeedbackDTO[id=1023, text=null, detailText=The exercise expects a class with the name Policy in the package testpackage. You did not implement the class in the exercise., hasLongFeedbackText=false, reference=null, credits=0.0, positive=false, type=AUTOMATIC, visibility=ALWAYS, testCase=TestCaseDTO[testName=testAttributes[Policy], id=1470]]], assessmentType=AUTOMATIC, hasComplaint=null, exampleResult=null, testCaseCount=13, passedTestCaseCount=0, codeIssueCount=0]], BuildJobQueueItem[id=20391739576754750, name=SHORT3A680734092E404EF80A4C60FBC1E408F7D0TSTEXC-LOCALVCCIINTSTUDENT1, buildAgent=BuildAgentDTO[name=artemis-build-agent-test, memberAddress=[127.0.0.1]:5703, displayName=artemis-build-agent-test], participationId=2039, courseId=996, exerciseId=2613, retryCount=0, priority=2, status=SUCCESSFUL, repositoryInfo=RepositoryInfo[repositoryName=short3a680734092e404ef80a4c60fbc1e408f7d0tstexc-localvcciintstudent1, repositoryType=user, triggeredByPushTo=user, assignmentRepositoryUri=http://localhost:49152/git/SHORT3A680734092E404EF80A4C60FBC1E408F7D0TSTEXC/short3a680734092e404ef80a4c60fbc1e408f7d0tstexc-localvcciintstudent1.git, testRepositoryUri=http://localhost:49152/git/SHORT3A680734092E404EF80A4C60FBC1E408F7D0TSTEXC/short3a680734092e404ef80a4c60fbc1e408f7d0tstexc-tests.git, solutionRepositoryUri=null, auxiliaryRepositoryUris=[Ljava.lang.String;@5e3e778f, auxiliaryRepositoryCheckoutDirectories=[Ljava.lang.String;@7786d1d8], jobTimingInfo=JobTimingInfo[submissionDate=2025-02-14T23:45:54.750657185Z[Etc/UTC], buildStartDate=2025-02-14T23:45:54.765232948Z[Etc/UTC], buildCompletionDate=2025-02-14T23:45:55.645844970Z[Etc/UTC], estimatedCompletionDate=2025-02-14T23:46:13.765225363Z[Etc/UTC], estimatedDuration=19], buildConfig=BuildConfig[buildScript=#!/bin/bash
cd /var/tmp/testing-dir
chmod +x ./gradlew
./gradlew clean test
, dockerImage=dummy-docker-image:latest, commitHashToBuild=9344436f8d5a5ce3aa40215562db211ed501371f, assignmentCommitHash=9344436f8d5a5ce3aa40215562db211ed501371f, testCommitHash=ff421c3651ec230fed2f20f72c2901ae372be06a, branch=main, programmingLanguage=JAVA, projectType=PLAIN_GRADLE, scaEnabled=false, sequentialTestRunsEnabled=false, resultPaths=[/var/tmp/testing-dir/**/test-results/test/*.xml], timeoutSeconds=0, assignmentCheckoutPath=null, testCheckoutPath=null, solutionCheckoutPath=null, dockerRunConfig=null], submissionResult=ResultDTO[id=640, completionDate=2025-02-14T23:45:55.628250079Z[Etc/UTC], successful=false, score=7.7, rated=true, submission=SubmissionDTO[id=834, submitted=true, type=MANUAL, exampleSubmission=null, submissionDate=2025-02-14T23:45:54.732007Z, commitHash=9344436f8d5a5ce3aa40215562db211ed501371f, buildFailed=false, buildArtifact=false, participation=ParticipationDTO[id=2039, testRun=false, type=programming, submissionCount=null, exercise=ParticipationExerciseDTO[id=2613, exerciseType=PROGRAMMING, type=programming, assessmentType=AUTOMATIC, dueDate=2025-02-16T23:45:54.546562Z, assessmentDueDate=null, maxPoints=42.0, course=CourseDTO[id=996, accuracyOfScores=1]]], submissionExerciseType=programming, isProcessing=false, buildStartDate=null, estimatedCompletionDate=null], participation=ParticipationDTO[id=2039, testRun=false, type=programming, submissionCount=null, exercise=ParticipationExerciseDTO[id=2613, exerciseType=PROGRAMMING, type=programming, assessmentType=AUTOMATIC, dueDate=2025-02-16T23:45:54.546562Z, assessmentDueDate=null, maxPoints=42.0, course=CourseDTO[id=996, accuracyOfScores=1]]], feedbacks=[FeedbackDTO[id=1024, text=null, detailText=The exercise expects a class with the name Context in the package testpackage. You did not implement the class in the exercise., hasLongFeedbackText=false, reference=null, credits=0.0, positive=false, type=AUTOMATIC, visibility=ALWAYS, testCase=TestCaseDTO[testName=null, id=1513]], FeedbackDTO[id=1025, text=null, detailText=The exercise expects a class with the name Policy in the package testpackage. You did not implement the class in the exercise., hasLongFeedbackText=false, reference=null, credits=0.0, positive=false, type=AUTOMATIC, visibility=ALWAYS, testCase=TestCaseDTO[testName=null, id=1514]], FeedbackDTO[id=1026, text=null, detailText=The exercise expects a class with the name SortStrategy in the package testpackage. You did not implement the class in the exercise., hasLongFeedbackText=false, reference=null, credits=0.0, positive=false, type=AUTOMATIC, visibility=ALWAYS, testCase=TestCaseDTO[testName=null, id=1515]], FeedbackDTO[id=1027, text=null, detailText=The class 'MergeSort' does not implement the interface 'SortStrategy' as expected. Implement the interface and its methods., hasLongFeedbackText=false, reference=null, credits=0.0, positive=false, type=AUTOMATIC, visibility=ALWAYS, testCase=TestCaseDTO[testName=null, id=1510]], FeedbackDTO[id=1028, text=null, detailText=The exercise expects a class with the name SortStrategy in the package testpackage. You did not implement the class in the exercise., hasLongFeedbackText=false, reference=null, credits=0.0, positive=false, type=AUTOMATIC, visibility=ALWAYS, testCase=TestCaseDTO[testName=null, id=1507]], FeedbackDTO[id=1029, text=null, detailText=The class 'BubbleSort' does not implement the interface 'SortStrategy' as expected. Implement the interface and its methods., hasLongFeedbackText=false, reference=null, credits=0.0, positive=false, type=AUTOMATIC, visibility=ALWAYS, testCase=TestCaseDTO[testName=null, id=1511]], FeedbackDTO[id=1030, text=null, detailText=MergeSort does not sort correctly, hasLongFeedbackText=false, reference=null, credits=0.0, positive=false, type=AUTOMATIC, visibility=ALWAYS, testCase=TestCaseDTO[testName=null, id=1516]], FeedbackDTO[id=1031, text=null, detailText=The class 'Context' was not found within the submission. Make sure to implement it properly., hasLongFeedbackText=false, reference=null, credits=0.0, positive=false, type=AUTOMATIC, visibility=ALWAYS, testCase=TestCaseDTO[testName=null, id=1517]], FeedbackDTO[id=1032, text=null, detailText=The class 'Context' was not found within the submission. Make sure to implement it properly., hasLongFeedbackText=false, reference=null, credits=0.0, positive=false, type=AUTOMATIC, visibility=ALWAYS, testCase=TestCaseDTO[testName=null, id=1518]], FeedbackDTO[id=1033, text=null, detailText=The exercise expects a class with the name Policy in the package testpackage. You did not implement the class in the exercise., hasLongFeedbackText=false, reference=null, credits=0.0, positive=false, type=AUTOMATIC, visibility=ALWAYS, testCase=TestCaseDTO[testName=null, id=1512]], FeedbackDTO[id=1034, text=null, detailText=The exercise expects a class with the name Context in the package testpackage. You did not implement the class in the exercise., hasLongFeedbackText=false, reference=null, credits=0.0, positive=false, type=AUTOMATIC, visibility=ALWAYS, testCase=TestCaseDTO[testName=null, id=1508]], FeedbackDTO[id=1035, text=null, detailText=The exercise expects a class with the name Policy in the package testpackage. You did not implement the class in the exercise., hasLongFeedbackText=false, reference=null, credits=0.0, positive=false, type=AUTOMATIC, visibility=ALWAYS, testCase=TestCaseDTO[testName=null, id=1509]], FeedbackDTO[id=1036, text=null, detailText=null, hasLongFeedbackText=false, reference=null, credits=3.230769230769231, positive=true, type=AUTOMATIC, visibility=ALWAYS, testCase=TestCaseDTO[testName=null, id=1519]]], assessmentType=AUTOMATIC, hasComplaint=null, exampleResult=null, testCaseCount=13, passedTestCaseCount=1, codeIssueCount=0]], BuildJobQueueItem[id=20431739576757232, name=SHORT3945BC5E092B90459B0A7F006DF5F64347FDTSTEXC-SOLUTION, buildAgent=BuildAgentDTO[name=artemis-build-agent-test, memberAddress=[127.0.0.1]:5703, displayName=artemis-build-agent-test], participationId=2043, courseId=998, exerciseId=2615, retryCount=0, priority=2, status=SUCCESSFUL, repositoryInfo=RepositoryInfo[repositoryName=short3945bc5e092b90459b0a7f006df5f64347fdtstexc-solution, repositoryType=solution, triggeredByPushTo=solution, assignmentRepositoryUri=http://localhost:49152/git/SHORT3945BC5E092B90459B0A7F006DF5F64347FDTSTEXC/short3945bc5e092b90459b0a7f006df5f64347fdtstexc-solution.git, testRepositoryUri=http://localhost:49152/git/SHORT3945BC5E092B90459B0A7F006DF5F64347FDTSTEXC/short3945bc5e092b90459b0a7f006df5f64347fdtstexc-tests.git, solutionRepositoryUri=null, auxiliaryRepositoryUris=[Ljava.lang.String;@6c563137, auxiliaryRepositoryCheckoutDirectories=[Ljava.lang.String;@4aca3c0f], jobTimingInfo=JobTimingInfo[submissionDate=2025-02-14T23:45:57.232907777Z[Etc/UTC], buildStartDate=2025-02-14T23:45:57.240437339Z[Etc/UTC], buildCompletionDate=2025-02-14T23:45:58.062328619Z[Etc/UTC], estimatedCompletionDate=2025-02-14T23:46:16.240428743Z[Etc/UTC], estimatedDuration=19], buildConfig=BuildConfig[buildScript=#!/bin/bash
cd /var/tmp/testing-dir
chmod +x ./gradlew
./gradlew clean test
, dockerImage=dummy-docker-image:latest, commitHashToBuild=c315388a235502fd958ae3c7ffbbbbf126a8fe21, assignmentCommitHash=c315388a235502fd958ae3c7ffbbbbf126a8fe21, testCommitHash=28488095271179f4eface46480ec45511f50df5d, branch=main, programmingLanguage=JAVA, projectType=PLAIN_GRADLE, scaEnabled=false, sequentialTestRunsEnabled=false, resultPaths=[/var/tmp/testing-dir/**/test-results/test/*.xml], timeoutSeconds=0, assignmentCheckoutPath=null, testCheckoutPath=null, solutionCheckoutPath=null, dockerRunConfig=null], submissionResult=ResultDTO[id=641, completionDate=2025-02-14T23:45:58.032353400Z[Etc/UTC], successful=true, score=100.0, rated=true, submission=SubmissionDTO[id=835, submitted=true, type=MANUAL, exampleSubmission=null, submissionDate=2025-02-14T23:45:57.222714Z, commitHash=c315388a235502fd958ae3c7ffbbbbf126a8fe21, buildFailed=false, buildArtifact=false, participation=ParticipationDTO[id=2043, testRun=false, type=solution, submissionCount=null, exercise=ParticipationExerciseDTO[id=2615, exerciseType=PROGRAMMING, type=programming, assessmentType=AUTOMATIC, dueDate=2025-02-16T23:45:56.808788Z, assessmentDueDate=null, maxPoints=42.0, course=CourseDTO[id=998, accuracyOfScores=1]]], submissionExerciseType=programming, isProcessing=false, buildStartDate=null, estimatedCompletionDate=null], participation=ParticipationDTO[id=2043, testRun=false, type=solution, submissionCount=null, exercise=ParticipationExerciseDTO[id=2615, exerciseType=PROGRAMMING, type=programming, assessmentType=AUTOMATIC, dueDate=2025-02-16T23:45:56.808788Z, assessmentDueDate=null, maxPoints=42.0, course=CourseDTO[id=998, accuracyOfScores=1]]], feedbacks=[FeedbackDTO[id=1037, text=null, detailText=null, hasLongFeedbackText=false, reference=null, credits=3.230769230769231, positive=true, type=AUTOMATIC, visibility=ALWAYS, testCase=TestCaseDTO[testName=testMethods[Context], id=1539]], FeedbackDTO[id=1038, text=null, detailText=null, hasLongFeedbackText=false, reference=null, credits=3.230769230769231, positive=true, type=AUTOMATIC, visibility=ALWAYS, testCase=TestCaseDTO[testName=testMethods[Policy], id=1540]], FeedbackDTO[id=1039, text=null, detailText=null, hasLongFeedbackText=false, reference=null, credits=3.230769230769231, positive=true, type=AUTOMATIC, visibility=ALWAYS, testCase=TestCaseDTO[testName=testMethods[SortStrategy], id=1541]], FeedbackDTO[id=1040, text=null, detailText=null, hasLongFeedbackText=false, reference=null, credits=3.230769230769231, positive=true, type=AUTOMATIC, visibility=ALWAYS, testCase=TestCaseDTO[testName=testClass[MergeSort], id=1536]], FeedbackDTO[id=1041, text=null, detailText=null, hasLongFeedbackText=false, reference=null, credits=3.230769230769231, positive=true, type=AUTOMATIC, visibility=ALWAYS, testCase=TestCaseDTO[testName=testClass[SortStrategy], id=1533]], FeedbackDTO[id=1042, text=null, detailText=null, hasLongFeedbackText=false, reference=null, credits=3.230769230769231, positive=true, type=AUTOMATIC, visibility=ALWAYS, testCase=TestCaseDTO[testName=testClass[BubbleSort], id=1537]], FeedbackDTO[id=1043, text=null, detailText=null, hasLongFeedbackText=false, reference=null, credits=3.230769230769231, positive=true, type=AUTOMATIC, visibility=ALWAYS, testCase=TestCaseDTO[testName=testMergeSort(), id=1542]], FeedbackDTO[id=1044, text=null, detailText=null, hasLongFeedbackText=false, reference=null, credits=3.230769230769231, positive=true, type=AUTOMATIC, visibility=ALWAYS, testCase=TestCaseDTO[testName=testUseBubbleSortForSmallList(), id=1543]], FeedbackDTO[id=1045, text=null, detailText=null, hasLongFeedbackText=false, reference=null, credits=3.230769230769231, positive=true, type=AUTOMATIC, visibility=ALWAYS, testCase=TestCaseDTO[testName=testBubbleSort(), id=1545]], FeedbackDTO[id=1046, text=null, detailText=null, hasLongFeedbackText=false, reference=null, credits=3.230769230769231, positive=true, type=AUTOMATIC, visibility=ALWAYS, testCase=TestCaseDTO[testName=testUseMergeSortForBigList(), id=1544]], FeedbackDTO[id=1047, text=null, detailText=null, hasLongFeedbackText=false, reference=null, credits=3.230769230769231, positive=true, type=AUTOMATIC, visibility=ALWAYS, testCase=TestCaseDTO[testName=testConstructors[Policy], id=1538]], FeedbackDTO[id=1048, text=null, detailText=null, hasLongFeedbackText=false, reference=null, credits=3.230769230769231, positive=true, type=AUTOMATIC, visibility=ALWAYS, testCase=TestCaseDTO[testName=testAttributes[Context], id=1534]], FeedbackDTO[id=1049, text=null, detailText=null, hasLongFeedbackText=false, reference=null, credits=3.230769230769231, positive=true, type=AUTOMATIC, visibility=ALWAYS, testCase=TestCaseDTO[testName=testAttributes[Policy], id=1535]]], assessmentType=AUTOMATIC, hasComplaint=null, exampleResult=null, testCaseCount=13, passedTestCaseCount=13, codeIssueCount=0]]], publicSshKey=ssh-rsa AAAAB3NzaC1yc2EAAAADAQABAAACAQCOPdMsxRE2jFJ/UEa5/LsBxtwzJcrh3/rYBCQvcMeVpiRfhzQPWu7mrt/G2Ew+i+vRloGH9aqKg6dd1liRncao53Zmd/ePxoatXePNhmzTfkCkcSkTUz7B+QMjkoDDV5jwuFPD6mF3JkhuzSi64n9Zy905t4w2IhVcjM2mL3eYNjiCXt6Qpq3Pkt7dM/Ksw1nxnvuiIALuJLB3FTkXkHqq3PJav+9HSq2r6ZaWgekneaGxlQlb+U+Vy3XOuArKAzK8c8i+0bR+AHiTG6ncYXt7ax3U+TdlDTF7OLP3umwaYjs1NBXOHwG42pevvpKn2fqavZZozk+M05jXLx3bq0O7itxfErWc7etky8qYPyyIMF/txQIVLd78+Ze4d7Y60t5MGbXM5cGE6fFif5fEJwgswXD+BrG0cafz1CTatjSKFdvp8Vp4VszXhHDan1PrP6JEFJ5Cc5GDmLRZPCFa3vL9f5qXgf4bkqKN8MYeEujwJE5nMRWoiJVNakix2bcrrneQMBlnYeYZVWXXXUusAQBzl4NgddC1umZpihZkL1b1MffZAUW3EGEXi7KHnllQhkTLLsQ8ntMgbylqaJKStqaXlLvdeRJcEnUuiFCrHEVVbXRFZR7XVDZ02CE5o3MuaRPty8Kh+jRTF3COlAckHwYEJCNNJvXFgb2CNXL4mjzYDw== test@localhost]
    23:45:58.181 | 566 localvc.event-13 | DEBUG | a.p.s.l.SharedQueueManagementService : Build agent updated: null
    23:45:58.185 | 588 artemis-task-1   | DEBUG | d.t.c.a.a.c.c.w.GzipMessageConverter : Compressed message payload from 121352 to 11512 (saved 90.5% payload size)
    23:45:58.187 | 566 localvc.event-13 | DEBUG | a.p.s.l.LocalCIQueueWebsocketService : Build agent updated: BuildAgentInformation[buildAgent=BuildAgentDTO[name=artemis-build-agent-test, memberAddress=[127.0.0.1]:5703, displayName=artemis-build-agent-test], maxNumberOfConcurrentBuildJobs=1, numberOfCurrentBuildJobs=0, runningBuildJobs=[], status=IDLE, recentBuildJobs=[BuildJobQueueItem[id=19141739576708030, name=SHORT5F02A8F400311042E70858306EB148073CFDTSTEXC-LOCALVCINTSTUDENT1, buildAgent=BuildAgentDTO[name=artemis-build-agent-test, memberAddress=[127.0.0.1]:5703, displayName=artemis-build-agent-test], participationId=1914, courseId=947, exerciseId=2564, retryCount=0, priority=2, status=FAILED, repositoryInfo=RepositoryInfo[repositoryName=short5f02a8f400311042e70858306eb148073cfdtstexc-localvcintstudent1, repositoryType=user, triggeredByPushTo=user, assignmentRepositoryUri=http://localhost:49152/git/SHORT5F02A8F400311042E70858306EB148073CFDTSTEXC/short5f02a8f400311042e70858306eb148073cfdtstexc-localvcintstudent1.git, testRepositoryUri=http://localhost:49152/git/SHORT5F02A8F400311042E70858306EB148073CFDTSTEXC/short5f02a8f400311042e70858306eb148073cfdtstexc-tests.git, solutionRepositoryUri=null, auxiliaryRepositoryUris=[Ljava.lang.String;@262cbde3, auxiliaryRepositoryCheckoutDirectories=[Ljava.lang.String;@7b2eff98], jobTimingInfo=JobTimingInfo[submissionDate=2025-02-14T23:45:08.030118216Z[Etc/UTC], buildStartDate=2025-02-14T23:45:08.041011412Z[Etc/UTC], buildCompletionDate=2025-02-14T23:45:08.054603331Z[Etc/UTC], estimatedCompletionDate=2025-02-14T23:45:27.041005080Z[Etc/UTC], estimatedDuration=19], buildConfig=BuildConfig[buildScript=#!/bin/bash
cd /var/tmp/testing-dir
chmod +x ./gradlew
./gradlew clean test
, dockerImage=dummy-docker-image:latest, commitHashToBuild=6e7146cac5059504aa9d170ec3fa23aec740bb51, assignmentCommitHash=6e7146cac5059504aa9d170ec3fa23aec740bb51, testCommitHash=931e5303581c7a2f01339ba603cfafbfe668b901, branch=main, programmingLanguage=JAVA, projectType=PLAIN_GRADLE, scaEnabled=false, sequentialTestRunsEnabled=false, resultPaths=[/var/tmp/testing-dir/**/test-results/test/*.xml], timeoutSeconds=0, assignmentCheckoutPath=null, testCheckoutPath=null, solutionCheckoutPath=null, dockerRunConfig=null], submissionResult=ResultDTO[id=622, completionDate=2025-02-14T23:45:08.054683681Z[Etc/UTC], successful=false, score=0.0, rated=true, submission=SubmissionDTO[id=814, submitted=true, type=MANUAL, exampleSubmission=null, submissionDate=2025-02-14T23:45:08.016200Z, commitHash=6e7146cac5059504aa9d170ec3fa23aec740bb51, buildFailed=true, buildArtifact=false, participation=ParticipationDTO[id=1914, testRun=false, type=programming, submissionCount=null, exercise=ParticipationExerciseDTO[id=2564, exerciseType=PROGRAMMING, type=programming, assessmentType=AUTOMATIC, dueDate=2025-02-16T23:45:07.324348Z, assessmentDueDate=null, maxPoints=42.0, course=CourseDTO[id=947, accuracyOfScores=1]]], submissionExerciseType=programming, isProcessing=false, buildStartDate=null, estimatedCompletionDate=null], participation=ParticipationDTO[id=1914, testRun=false, type=programming, submissionCount=null, exercise=ParticipationExerciseDTO[id=2564, exerciseType=PROGRAMMING, type=programming, assessmentType=AUTOMATIC, dueDate=2025-02-16T23:45:07.324348Z, assessmentDueDate=null, maxPoints=42.0, course=CourseDTO[id=947, accuracyOfScores=1]]], feedbacks=[], assessmentType=AUTOMATIC, hasComplaint=null, exampleResult=null, testCaseCount=0, passedTestCaseCount=0, codeIssueCount=0]], BuildJobQueueItem[id=19361739576711303, name=SHORT9AFDAE3804CA304DDF0889A0CB0F56104A86TSTEXC-LOCALVCINTSTUDENT1, buildAgent=BuildAgentDTO[name=artemis-build-agent-test, memberAddress=[127.0.0.1]:5703, displayName=artemis-build-agent-test], participationId=1936, courseId=956, exerciseId=2573, retryCount=0, priority=2, status=FAILED, repositoryInfo=RepositoryInfo[repositoryName=short9afdae3804ca304ddf0889a0cb0f56104a86tstexc-localvcintstudent1, repositoryType=user, triggeredByPushTo=user, assignmentRepositoryUri=http://localhost:49152/git/SHORT9AFDAE3804CA304DDF0889A0CB0F56104A86TSTEXC/short9afdae3804ca304ddf0889a0cb0f56104a86tstexc-localvcintstudent1.git, testRepositoryUri=http://localhost:49152/git/SHORT9AFDAE3804CA304DDF0889A0CB0F56104A86TSTEXC/short9afdae3804ca304ddf0889a0cb0f56104a86tstexc-tests.git, solutionRepositoryUri=null, auxiliaryRepositoryUris=[Ljava.lang.String;@609f9eb6, auxiliaryRepositoryCheckoutDirectories=[Ljava.lang.String;@2a76396b], jobTimingInfo=JobTimingInfo[submissionDate=2025-02-14T23:45:11.303805653Z[Etc/UTC], buildStartDate=2025-02-14T23:45:11.310981356Z[Etc/UTC], buildCompletionDate=2025-02-14T23:45:11.319178384Z[Etc/UTC], estimatedCompletionDate=2025-02-14T23:45:30.310974944Z[Etc/UTC], estimatedDuration=19], buildConfig=BuildConfig[buildScript=#!/bin/bash
cd /var/tmp/testing-dir
chmod +x ./gradlew
./gradlew clean test
, dockerImage=dummy-docker-image:latest, commitHashToBuild=a1099e378cffde441ef85f9b12577ca174b8e1e4, assignmentCommitHash=a1099e378cffde441ef85f9b12577ca174b8e1e4, testCommitHash=bd38d61c299ab11a1dea82a3ca5493fe04d97d47, branch=main, programmingLanguage=JAVA, projectType=PLAIN_GRADLE, scaEnabled=false, sequentialTestRunsEnabled=false, resultPaths=[/var/tmp/testing-dir/**/test-results/test/*.xml], timeoutSeconds=0, assignmentCheckoutPath=null, testCheckoutPath=null, solutionCheckoutPath=null, dockerRunConfig=null], submissionResult=ResultDTO[id=623, completionDate=2025-02-14T23:45:11.319278430Z[Etc/UTC], successful=false, score=0.0, rated=true, submission=SubmissionDTO[id=815, submitted=true, type=MANUAL, exampleSubmission=null, submissionDate=2025-02-14T23:45:11.294386Z, commitHash=a1099e378cffde441ef85f9b12577ca174b8e1e4, buildFailed=true, buildArtifact=false, participation=ParticipationDTO[id=1936, testRun=false, type=programming, submissionCount=null, exercise=ParticipationExerciseDTO[id=2573, exerciseType=PROGRAMMING, type=programming, assessmentType=AUTOMATIC, dueDate=2025-02-16T23:45:10.996982Z, assessmentDueDate=null, maxPoints=42.0, course=CourseDTO[id=956, accuracyOfScores=1]]], submissionExerciseType=programming, isProcessing=false, buildStartDate=null, estimatedCompletionDate=null], participation=ParticipationDTO[id=1936, testRun=false, type=programming, submissionCount=null, exercise=ParticipationExerciseDTO[id=2573, exerciseType=PROGRAMMING, type=programming, assessmentType=AUTOMATIC, dueDate=2025-02-16T23:45:10.996982Z, assessmentDueDate=null, maxPoints=42.0, course=CourseDTO[id=956, accuracyOfScores=1]]], feedbacks=[], assessmentType=AUTOMATIC, hasComplaint=null, exampleResult=null, testCaseCount=0, passedTestCaseCount=0, codeIssueCount=0]], BuildJobQueueItem[id=19351739576711674, name=SHORT9AFDAE3804CA304DDF0889A0CB0F56104A86TSTEXC-BASE, buildAgent=BuildAgentDTO[name=artemis-build-agent-test, memberAddress=[127.0.0.1]:5703, displayName=artemis-build-agent-test], participationId=1935, courseId=956, exerciseId=2573, retryCount=0, priority=2, status=FAILED, repositoryInfo=RepositoryInfo[repositoryName=short9afdae3804ca304ddf0889a0cb0f56104a86tstexc-exercise, repositoryType=exercise, triggeredByPushTo=exercise, assignmentRepositoryUri=http://localhost:49152/git/SHORT9AFDAE3804CA304DDF0889A0CB0F56104A86TSTEXC/short9afdae3804ca304ddf0889a0cb0f56104a86tstexc-exercise.git, testRepositoryUri=http://localhost:49152/git/SHORT9AFDAE3804CA304DDF0889A0CB0F56104A86TSTEXC/short9afdae3804ca304ddf0889a0cb0f56104a86tstexc-tests.git, solutionRepositoryUri=null, auxiliaryRepositoryUris=[Ljava.lang.String;@69764a63, auxiliaryRepositoryCheckoutDirectories=[Ljava.lang.String;@65a8aaea], jobTimingInfo=JobTimingInfo[submissionDate=2025-02-14T23:45:11.674556681Z[Etc/UTC], buildStartDate=2025-02-14T23:45:11.677776879Z[Etc/UTC], buildCompletionDate=2025-02-14T23:45:11.688097378Z[Etc/UTC], estimatedCompletionDate=2025-02-14T23:45:30.677771620Z[Etc/UTC], estimatedDuration=19], buildConfig=BuildConfig[buildScript=#!/bin/bash
cd /var/tmp/testing-dir
chmod +x ./gradlew
./gradlew clean test
, dockerImage=dummy-docker-image:latest, commitHashToBuild=a1099e378cffde441ef85f9b12577ca174b8e1e4, assignmentCommitHash=a1099e378cffde441ef85f9b12577ca174b8e1e4, testCommitHash=bd38d61c299ab11a1dea82a3ca5493fe04d97d47, branch=main, programmingLanguage=JAVA, projectType=PLAIN_GRADLE, scaEnabled=false, sequentialTestRunsEnabled=false, resultPaths=[/var/tmp/testing-dir/**/test-results/test/*.xml], timeoutSeconds=0, assignmentCheckoutPath=null, testCheckoutPath=null, solutionCheckoutPath=null, dockerRunConfig=null], submissionResult=ResultDTO[id=624, completionDate=2025-02-14T23:45:11.688214837Z[Etc/UTC], successful=false, score=0.0, rated=true, submission=SubmissionDTO[id=816, submitted=true, type=MANUAL, exampleSubmission=null, submissionDate=2025-02-14T23:45:11.656934Z, commitHash=a1099e378cffde441ef85f9b12577ca174b8e1e4, buildFailed=true, buildArtifact=false, participation=ParticipationDTO[id=1935, testRun=false, type=template, submissionCount=null, exercise=ParticipationExerciseDTO[id=2573, exerciseType=PROGRAMMING, type=programming, assessmentType=AUTOMATIC, dueDate=2025-02-16T23:45:10.996982Z, assessmentDueDate=null, maxPoints=42.0, course=CourseDTO[id=956, accuracyOfScores=1]]], submissionExerciseType=programming, isProcessing=false, buildStartDate=null, estimatedCompletionDate=null], participation=ParticipationDTO[id=1935, testRun=false, type=template, submissionCount=null, exercise=ParticipationExerciseDTO[id=2573, exerciseType=PROGRAMMING, type=programming, assessmentType=AUTOMATIC, dueDate=2025-02-16T23:45:10.996982Z, assessmentDueDate=null, maxPoints=42.0, course=CourseDTO[id=956, accuracyOfScores=1]]], feedbacks=[], assessmentType=AUTOMATIC, hasComplaint=null, exampleResult=null, testCaseCount=0, passedTestCaseCount=0, codeIssueCount=0]], BuildJobQueueItem[id=19341739576712112, name=SHORT9AFDAE3804CA304DDF0889A0CB0F56104A86TSTEXC-SOLUTION, buildAgent=BuildAgentDTO[name=artemis-build-agent-test, memberAddress=[127.0.0.1]:5703, displayName=artemis-build-agent-test], participationId=1934, courseId=956, exerciseId=2573, retryCount=0, priority=2, status=FAILED, repositoryInfo=RepositoryInfo[repositoryName=short9afdae3804ca304ddf0889a0cb0f56104a86tstexc-solution, repositoryType=solution, triggeredByPushTo=solution, assignmentRepositoryUri=http://localhost:49152/git/SHORT9AFDAE3804CA304DDF0889A0CB0F56104A86TSTEXC/short9afdae3804ca304ddf0889a0cb0f56104a86tstexc-solution.git, testRepositoryUri=http://localhost:49152/git/SHORT9AFDAE3804CA304DDF0889A0CB0F56104A86TSTEXC/short9afdae3804ca304ddf0889a0cb0f56104a86tstexc-tests.git, solutionRepositoryUri=null, auxiliaryRepositoryUris=[Ljava.lang.String;@79dee2c7, auxiliaryRepositoryCheckoutDirectories=[Ljava.lang.String;@627831f6], jobTimingInfo=JobTimingInfo[submissionDate=2025-02-14T23:45:12.112332872Z[Etc/UTC], buildStartDate=2025-02-14T23:45:12.121617114Z[Etc/UTC], buildCompletionDate=2025-02-14T23:45:12.127931701Z[Etc/UTC], estimatedCompletionDate=2025-02-14T23:45:31.121609600Z[Etc/UTC], estimatedDuration=19], buildConfig=BuildConfig[buildScript=#!/bin/bash
cd /var/tmp/testing-dir
chmod +x ./gradlew
./gradlew clean test
, dockerImage=dummy-docker-image:latest, commitHashToBuild=a1099e378cffde441ef85f9b12577ca174b8e1e4, assignmentCommitHash=a1099e378cffde441ef85f9b12577ca174b8e1e4, testCommitHash=bd38d61c299ab11a1dea82a3ca5493fe04d97d47, branch=main, programmingLanguage=JAVA, projectType=PLAIN_GRADLE, scaEnabled=false, sequentialTestRunsEnabled=false, resultPaths=[/var/tmp/testing-dir/**/test-results/test/*.xml], timeoutSeconds=0, assignmentCheckoutPath=null, testCheckoutPath=null, solutionCheckoutPath=null, dockerRunConfig=null], submissionResult=ResultDTO[id=625, completionDate=2025-02-14T23:45:12.128011800Z[Etc/UTC], successful=false, score=0.0, rated=true, submission=SubmissionDTO[id=817, submitted=true, type=MANUAL, exampleSubmission=null, submissionDate=2025-02-14T23:45:12.098737Z, commitHash=a1099e378cffde441ef85f9b12577ca174b8e1e4, buildFailed=true, buildArtifact=false, participation=ParticipationDTO[id=1934, testRun=false, type=solution, submissionCount=null, exercise=ParticipationExerciseDTO[id=2573, exerciseType=PROGRAMMING, type=programming, assessmentType=AUTOMATIC, dueDate=2025-02-16T23:45:10.996982Z, assessmentDueDate=null, maxPoints=42.0, course=CourseDTO[id=956, accuracyOfScores=1]]], submissionExerciseType=programming, isProcessing=false, buildStartDate=null, estimatedCompletionDate=null], participation=ParticipationDTO[id=1934, testRun=false, type=solution, submissionCount=null, exercise=ParticipationExerciseDTO[id=2573, exerciseType=PROGRAMMING, type=programming, assessmentType=AUTOMATIC, dueDate=2025-02-16T23:45:10.996982Z, assessmentDueDate=null, maxPoints=42.0, course=CourseDTO[id=956, accuracyOfScores=1]]], feedbacks=[], assessmentType=AUTOMATIC, hasComplaint=null, exampleResult=null, testCaseCount=0, passedTestCaseCount=0, codeIssueCount=0]], BuildJobQueueItem[id=19341739576713025, name=SHORT9AFDAE3804CA304DDF0889A0CB0F56104A86TSTEXC-SOLUTION, buildAgent=BuildAgentDTO[name=artemis-build-agent-test, memberAddress=[127.0.0.1]:5703, displayName=artemis-build-agent-test], participationId=1934, courseId=956, exerciseId=2573, retryCount=0, priority=2, status=FAILED, repositoryInfo=RepositoryInfo[repositoryName=short9afdae3804ca304ddf0889a0cb0f56104a86tstexc-solution, repositoryType=solution, triggeredByPushTo=tests, assignmentRepositoryUri=http://localhost:49152/git/SHORT9AFDAE3804CA304DDF0889A0CB0F56104A86TSTEXC/short9afdae3804ca304ddf0889a0cb0f56104a86tstexc-solution.git, testRepositoryUri=http://localhost:49152/git/SHORT9AFDAE3804CA304DDF0889A0CB0F56104A86TSTEXC/short9afdae3804ca304ddf0889a0cb0f56104a86tstexc-tests.git, solutionRepositoryUri=null, auxiliaryRepositoryUris=[Ljava.lang.String;@39864a88, auxiliaryRepositoryCheckoutDirectories=[Ljava.lang.String;@195958a8], jobTimingInfo=JobTimingInfo[submissionDate=2025-02-14T23:45:13.025319671Z[Etc/UTC], buildStartDate=2025-02-14T23:45:13.040293146Z[Etc/UTC], buildCompletionDate=2025-02-14T23:45:13.053032917Z[Etc/UTC], estimatedCompletionDate=2025-02-14T23:45:32.040285703Z[Etc/UTC], estimatedDuration=19], buildConfig=BuildConfig[buildScript=#!/bin/bash
cd /var/tmp/testing-dir
chmod +x ./gradlew
./gradlew clean test
, dockerImage=dummy-docker-image:latest, commitHashToBuild=784f8f0049d2a1a54f21c67dd772bea86715267a, assignmentCommitHash=a1099e378cffde441ef85f9b12577ca174b8e1e4, testCommitHash=784f8f0049d2a1a54f21c67dd772bea86715267a, branch=main, programmingLanguage=JAVA, projectType=PLAIN_GRADLE, scaEnabled=false, sequentialTestRunsEnabled=false, resultPaths=[/var/tmp/testing-dir/**/test-results/test/*.xml], timeoutSeconds=0, assignmentCheckoutPath=null, testCheckoutPath=null, solutionCheckoutPath=null, dockerRunConfig=null], submissionResult=ResultDTO[id=626, completionDate=2025-02-14T23:45:13.053131811Z[Etc/UTC], successful=false, score=0.0, rated=true, submission=SubmissionDTO[id=818, submitted=true, type=TEST, exampleSubmission=null, submissionDate=2025-02-14T23:45:13.005779Z, commitHash=784f8f0049d2a1a54f21c67dd772bea86715267a, buildFailed=true, buildArtifact=false, participation=ParticipationDTO[id=1934, testRun=false, type=solution, submissionCount=null, exercise=ParticipationExerciseDTO[id=2573, exerciseType=PROGRAMMING, type=programming, assessmentType=AUTOMATIC, dueDate=2025-02-16T23:45:10.996982Z, assessmentDueDate=null, maxPoints=42.0, course=CourseDTO[id=956, accuracyOfScores=1]]], submissionExerciseType=programming, isProcessing=false, buildStartDate=null, estimatedCompletionDate=null], participation=ParticipationDTO[id=1934, testRun=false, type=solution, submissionCount=null, exercise=ParticipationExerciseDTO[id=2573, exerciseType=PROGRAMMING, type=programming, assessmentType=AUTOMATIC, dueDate=2025-02-16T23:45:10.996982Z, assessmentDueDate=null, maxPoints=42.0, course=CourseDTO[id=956, accuracyOfScores=1]]], feedbacks=[], assessmentType=AUTOMATIC, hasComplaint=null, exampleResult=null, testCaseCount=0, passedTestCaseCount=0, codeIssueCount=0]], BuildJobQueueItem[id=19581739576715555, name=SHORTC1A3F9FC03D2304B4308FA20AF16D54AAA49TSTEXC-LOCALVCSSHINTSTUDENT1, buildAgent=BuildAgentDTO[name=artemis-build-agent-test, memberAddress=[127.0.0.1]:5703, displayName=artemis-build-agent-test], participationId=1958, courseId=965, exerciseId=2582, retryCount=0, priority=2, status=FAILED, repositoryInfo=RepositoryInfo[repositoryName=shortc1a3f9fc03d2304b4308fa20af16d54aaa49tstexc-localvcsshintstudent1, repositoryType=user, triggeredByPushTo=user, assignmentRepositoryUri=http://localhost:49152/git/SHORTC1A3F9FC03D2304B4308FA20AF16D54AAA49TSTEXC/shortc1a3f9fc03d2304b4308fa20af16d54aaa49tstexc-localvcsshintstudent1.git, testRepositoryUri=http://localhost:49152/git/SHORTC1A3F9FC03D2304B4308FA20AF16D54AAA49TSTEXC/shortc1a3f9fc03d2304b4308fa20af16d54aaa49tstexc-tests.git, solutionRepositoryUri=null, auxiliaryRepositoryUris=[Ljava.lang.String;@171f599e, auxiliaryRepositoryCheckoutDirectories=[Ljava.lang.String;@344b2d0a], jobTimingInfo=JobTimingInfo[submissionDate=2025-02-14T23:45:15.555989584Z[Etc/UTC], buildStartDate=2025-02-14T23:45:15.568477627Z[Etc/UTC], buildCompletionDate=2025-02-14T23:45:15.579021148Z[Etc/UTC], estimatedCompletionDate=2025-02-14T23:45:34.568443924Z[Etc/UTC], estimatedDuration=19], buildConfig=BuildConfig[buildScript=#!/bin/bash
cd /var/tmp/testing-dir
chmod +x ./gradlew
./gradlew clean test
, dockerImage=dummy-docker-image:latest, commitHashToBuild=ca76dac20e040e6609db02fd7fedd56bf58829d7, assignmentCommitHash=ca76dac20e040e6609db02fd7fedd56bf58829d7, testCommitHash=bd0d58c226dc63bfa4bc9052870589952c0a1f83, branch=main, programmingLanguage=JAVA, projectType=PLAIN_GRADLE, scaEnabled=false, sequentialTestRunsEnabled=false, resultPaths=[/var/tmp/testing-dir/**/test-results/test/*.xml], timeoutSeconds=0, assignmentCheckoutPath=null, testCheckoutPath=null, solutionCheckoutPath=null, dockerRunConfig=null], submissionResult=ResultDTO[id=627, completionDate=2025-02-14T23:45:15.579119131Z[Etc/UTC], successful=false, score=0.0, rated=true, submission=SubmissionDTO[id=820, submitted=true, type=MANUAL, exampleSubmission=null, submissionDate=2025-02-14T23:45:15.548349Z, commitHash=ca76dac20e040e6609db02fd7fedd56bf58829d7, buildFailed=true, buildArtifact=false, participation=ParticipationDTO[id=1958, testRun=false, type=programming, submissionCount=null, exercise=ParticipationExerciseDTO[id=2582, exerciseType=PROGRAMMING, type=programming, assessmentType=AUTOMATIC, dueDate=2025-02-16T23:45:15.103512Z, assessmentDueDate=null, maxPoints=42.0, course=CourseDTO[id=965, accuracyOfScores=1]]], submissionExerciseType=programming, isProcessing=false, buildStartDate=null, estimatedCompletionDate=null], participation=ParticipationDTO[id=1958, testRun=false, type=programming, submissionCount=null, exercise=ParticipationExerciseDTO[id=2582, exerciseType=PROGRAMMING, type=programming, assessmentType=AUTOMATIC, dueDate=2025-02-16T23:45:15.103512Z, assessmentDueDate=null, maxPoints=42.0, course=CourseDTO[id=965, accuracyOfScores=1]]], feedbacks=[], assessmentType=AUTOMATIC, hasComplaint=null, exampleResult=null, testCaseCount=0, passedTestCaseCount=0, codeIssueCount=0]], BuildJobQueueItem[id=19801739576719393, name=SHORTB2A6C58B0D447045380A858075B170A5B7C6TSTEXC-LOCALVCSSHINTSTUDENT1, buildAgent=BuildAgentDTO[name=artemis-build-agent-test, memberAddress=[127.0.0.1]:5703, displayName=artemis-build-agent-test], participationId=1980, courseId=974, exerciseId=2591, retryCount=0, priority=2, status=FAILED, repositoryInfo=RepositoryInfo[repositoryName=shortb2a6c58b0d447045380a858075b170a5b7c6tstexc-localvcsshintstudent1, repositoryType=user, triggeredByPushTo=user, assignmentRepositoryUri=http://localhost:49152/git/SHORTB2A6C58B0D447045380A858075B170A5B7C6TSTEXC/shortb2a6c58b0d447045380a858075b170a5b7c6tstexc-localvcsshintstudent1.git, testRepositoryUri=http://localhost:49152/git/SHORTB2A6C58B0D447045380A858075B170A5B7C6TSTEXC/shortb2a6c58b0d447045380a858075b170a5b7c6tstexc-tests.git, solutionRepositoryUri=null, auxiliaryRepositoryUris=[Ljava.lang.String;@3f12e301, auxiliaryRepositoryCheckoutDirectories=[Ljava.lang.String;@6cdd6053], jobTimingInfo=JobTimingInfo[submissionDate=2025-02-14T23:45:19.393259829Z[Etc/UTC], buildStartDate=2025-02-14T23:45:19.405438171Z[Etc/UTC], buildCompletionDate=2025-02-14T23:45:19.414070673Z[Etc/UTC], estimatedCompletionDate=2025-02-14T23:45:38.405431569Z[Etc/UTC], estimatedDuration=19], buildConfig=BuildConfig[buildScript=#!/bin/bash
cd /var/tmp/testing-dir
chmod +x ./gradlew
./gradlew clean test
, dockerImage=dummy-docker-image:latest, commitHashToBuild=363cdbf709a9fff149f813ab848ee800a675cc77, assignmentCommitHash=363cdbf709a9fff149f813ab848ee800a675cc77, testCommitHash=a5e046ece417b2e538f21f816e2524dab61e0d10, branch=main, programmingLanguage=JAVA, projectType=PLAIN_GRADLE, scaEnabled=false, sequentialTestRunsEnabled=false, resultPaths=[/var/tmp/testing-dir/**/test-results/test/*.xml], timeoutSeconds=0, assignmentCheckoutPath=null, testCheckoutPath=null, solutionCheckoutPath=null, dockerRunConfig=null], submissionResult=ResultDTO[id=628, completionDate=2025-02-14T23:45:19.414171040Z[Etc/UTC], successful=false, score=0.0, rated=true, submission=SubmissionDTO[id=821, submitted=true, type=MANUAL, exampleSubmission=null, submissionDate=2025-02-14T23:45:19.376840Z, commitHash=363cdbf709a9fff149f813ab848ee800a675cc77, buildFailed=true, buildArtifact=false, participation=ParticipationDTO[id=1980, testRun=false, type=programming, submissionCount=null, exercise=ParticipationExerciseDTO[id=2591, exerciseType=PROGRAMMING, type=programming, assessmentType=AUTOMATIC, dueDate=2025-02-16T23:45:18.950569Z, assessmentDueDate=null, maxPoints=42.0, course=CourseDTO[id=974, accuracyOfScores=1]]], submissionExerciseType=programming, isProcessing=false, buildStartDate=null, estimatedCompletionDate=null], participation=ParticipationDTO[id=1980, testRun=false, type=programming, submissionCount=null, exercise=ParticipationExerciseDTO[id=2591, exerciseType=PROGRAMMING, type=programming, assessmentType=AUTOMATIC, dueDate=2025-02-16T23:45:18.950569Z, assessmentDueDate=null, maxPoints=42.0, course=CourseDTO[id=974, accuracyOfScores=1]]], feedbacks=[], assessmentType=AUTOMATIC, hasComplaint=null, exampleResult=null, testCaseCount=0, passedTestCaseCount=0, codeIssueCount=0]], BuildJobQueueItem[id=19791739576719787, name=SHORTB2A6C58B0D447045380A858075B170A5B7C6TSTEXC-BASE, buildAgent=BuildAgentDTO[name=artemis-build-agent-test, memberAddress=[127.0.0.1]:5703, displayName=artemis-build-agent-test], participationId=1979, courseId=974, exerciseId=2591, retryCount=0, priority=2, status=FAILED, repositoryInfo=RepositoryInfo[repositoryName=shortb2a6c58b0d447045380a858075b170a5b7c6tstexc-exercise, repositoryType=exercise, triggeredByPushTo=exercise, assignmentRepositoryUri=http://localhost:49152/git/SHORTB2A6C58B0D447045380A858075B170A5B7C6TSTEXC/shortb2a6c58b0d447045380a858075b170a5b7c6tstexc-exercise.git, testRepositoryUri=http://localhost:49152/git/SHORTB2A6C58B0D447045380A858075B170A5B7C6TSTEXC/shortb2a6c58b0d447045380a858075b170a5b7c6tstexc-tests.git, solutionRepositoryUri=null, auxiliaryRepositoryUris=[Ljava.lang.String;@1e317ff, auxiliaryRepositoryCheckoutDirectories=[Ljava.lang.String;@6c2d59b4], jobTimingInfo=JobTimingInfo[submissionDate=2025-02-14T23:45:19.787985058Z[Etc/UTC], buildStartDate=2025-02-14T23:45:19.796327417Z[Etc/UTC], buildCompletionDate=2025-02-14T23:45:19.799750982Z[Etc/UTC], estimatedCompletionDate=2025-02-14T23:45:38.796319082Z[Etc/UTC], estimatedDuration=19], buildConfig=BuildConfig[buildScript=#!/bin/bash
cd /var/tmp/testing-dir
chmod +x ./gradlew
./gradlew clean test
, dockerImage=dummy-docker-image:latest, commitHashToBuild=363cdbf709a9fff149f813ab848ee800a675cc77, assignmentCommitHash=363cdbf709a9fff149f813ab848ee800a675cc77, testCommitHash=a5e046ece417b2e538f21f816e2524dab61e0d10, branch=main, programmingLanguage=JAVA, projectType=PLAIN_GRADLE, scaEnabled=false, sequentialTestRunsEnabled=false, resultPaths=[/var/tmp/testing-dir/**/test-results/test/*.xml], timeoutSeconds=0, assignmentCheckoutPath=null, testCheckoutPath=null, solutionCheckoutPath=null, dockerRunConfig=null], submissionResult=ResultDTO[id=629, completionDate=2025-02-14T23:45:19.799820341Z[Etc/UTC], successful=false, score=0.0, rated=true, submission=SubmissionDTO[id=822, submitted=true, type=MANUAL, exampleSubmission=null, submissionDate=2025-02-14T23:45:19.775952Z, commitHash=363cdbf709a9fff149f813ab848ee800a675cc77, buildFailed=true, buildArtifact=false, participation=ParticipationDTO[id=1979, testRun=false, type=template, submissionCount=null, exercise=ParticipationExerciseDTO[id=2591, exerciseType=PROGRAMMING, type=programming, assessmentType=AUTOMATIC, dueDate=2025-02-16T23:45:18.950569Z, assessmentDueDate=null, maxPoints=42.0, course=CourseDTO[id=974, accuracyOfScores=1]]], submissionExerciseType=programming, isProcessing=false, buildStartDate=null, estimatedCompletionDate=null], participation=ParticipationDTO[id=1979, testRun=false, type=template, submissionCount=null, exercise=ParticipationExerciseDTO[id=2591, exerciseType=PROGRAMMING, type=programming, assessmentType=AUTOMATIC, dueDate=2025-02-16T23:45:18.950569Z, assessmentDueDate=null, maxPoints=42.0, course=CourseDTO[id=974, accuracyOfScores=1]]], feedbacks=[], assessmentType=AUTOMATIC, hasComplaint=null, exampleResult=null, testCaseCount=0, passedTestCaseCount=0, codeIssueCount=0]], BuildJobQueueItem[id=19781739576720235, name=SHORTB2A6C58B0D447045380A858075B170A5B7C6TSTEXC-SOLUTION, buildAgent=BuildAgentDTO[name=artemis-build-agent-test, memberAddress=[127.0.0.1]:5703, displayName=artemis-build-agent-test], participationId=1978, courseId=974, exerciseId=2591, retryCount=0, priority=2, status=FAILED, repositoryInfo=RepositoryInfo[repositoryName=shortb2a6c58b0d447045380a858075b170a5b7c6tstexc-solution, repositoryType=solution, triggeredByPushTo=solution, assignmentRepositoryUri=http://localhost:49152/git/SHORTB2A6C58B0D447045380A858075B170A5B7C6TSTEXC/shortb2a6c58b0d447045380a858075b170a5b7c6tstexc-solution.git, testRepositoryUri=http://localhost:49152/git/SHORTB2A6C58B0D447045380A858075B170A5B7C6TSTEXC/shortb2a6c58b0d447045380a858075b170a5b7c6tstexc-tests.git, solutionRepositoryUri=null, auxiliaryRepositoryUris=[Ljava.lang.String;@448fb5db, auxiliaryRepositoryCheckoutDirectories=[Ljava.lang.String;@43d78ae1], jobTimingInfo=JobTimingInfo[submissionDate=2025-02-14T23:45:20.235272325Z[Etc/UTC], buildStartDate=2025-02-14T23:45:20.243033812Z[Etc/UTC], buildCompletionDate=2025-02-14T23:45:20.250721018Z[Etc/UTC], estimatedCompletionDate=2025-02-14T23:45:39.243026949Z[Etc/UTC], estimatedDuration=19], buildConfig=BuildConfig[buildScript=#!/bin/bash
cd /var/tmp/testing-dir
chmod +x ./gradlew
./gradlew clean test
, dockerImage=dummy-docker-image:latest, commitHashToBuild=c710d0e68c9c7db8cda7d1a278308de2b9642cc0, assignmentCommitHash=c710d0e68c9c7db8cda7d1a278308de2b9642cc0, testCommitHash=a5e046ece417b2e538f21f816e2524dab61e0d10, branch=main, programmingLanguage=JAVA, projectType=PLAIN_GRADLE, scaEnabled=false, sequentialTestRunsEnabled=false, resultPaths=[/var/tmp/testing-dir/**/test-results/test/*.xml], timeoutSeconds=0, assignmentCheckoutPath=null, testCheckoutPath=null, solutionCheckoutPath=null, dockerRunConfig=null], submissionResult=ResultDTO[id=630, completionDate=2025-02-14T23:45:20.250809893Z[Etc/UTC], successful=false, score=0.0, rated=true, submission=SubmissionDTO[id=823, submitted=true, type=MANUAL, exampleSubmission=null, submissionDate=2025-02-14T23:45:20.211707Z, commitHash=c710d0e68c9c7db8cda7d1a278308de2b9642cc0, buildFailed=true, buildArtifact=false, participation=ParticipationDTO[id=1978, testRun=false, type=solution, submissionCount=null, exercise=ParticipationExerciseDTO[id=2591, exerciseType=PROGRAMMING, type=programming, assessmentType=AUTOMATIC, dueDate=2025-02-16T23:45:18.950569Z, assessmentDueDate=null, maxPoints=42.0, course=CourseDTO[id=974, accuracyOfScores=1]]], submissionExerciseType=programming, isProcessing=false, buildStartDate=null, estimatedCompletionDate=null], participation=ParticipationDTO[id=1978, testRun=false, type=solution, submissionCount=null, exercise=ParticipationExerciseDTO[id=2591, exerciseType=PROGRAMMING, type=programming, assessmentType=AUTOMATIC, dueDate=2025-02-16T23:45:18.950569Z, assessmentDueDate=null, maxPoints=42.0, course=CourseDTO[id=974, accuracyOfScores=1]]], feedbacks=[], assessmentType=AUTOMATIC, hasComplaint=null, exampleResult=null, testCaseCount=0, passedTestCaseCount=0, codeIssueCount=0]], BuildJobQueueItem[id=19781739576720802, name=SHORTB2A6C58B0D447045380A858075B170A5B7C6TSTEXC-SOLUTION, buildAgent=BuildAgentDTO[name=artemis-build-agent-test, memberAddress=[127.0.0.1]:5703, displayName=artemis-build-agent-test], participationId=1978, courseId=974, exerciseId=2591, retryCount=0, priority=2, status=FAILED, repositoryInfo=RepositoryInfo[repositoryName=shortb2a6c58b0d447045380a858075b170a5b7c6tstexc-solution, repositoryType=solution, triggeredByPushTo=tests, assignmentRepositoryUri=http://localhost:49152/git/SHORTB2A6C58B0D447045380A858075B170A5B7C6TSTEXC/shortb2a6c58b0d447045380a858075b170a5b7c6tstexc-solution.git, testRepositoryUri=http://localhost:49152/git/SHORTB2A6C58B0D447045380A858075B170A5B7C6TSTEXC/shortb2a6c58b0d447045380a858075b170a5b7c6tstexc-tests.git, solutionRepositoryUri=null, auxiliaryRepositoryUris=[Ljava.lang.String;@5a12318b, auxiliaryRepositoryCheckoutDirectories=[Ljava.lang.String;@5cf43384], jobTimingInfo=JobTimingInfo[submissionDate=2025-02-14T23:45:20.802935026Z[Etc/UTC], buildStartDate=2025-02-14T23:45:20.809306435Z[Etc/UTC], buildCompletionDate=2025-02-14T23:45:20.822452342Z[Etc/UTC], estimatedCompletionDate=2025-02-14T23:45:39.809298491Z[Etc/UTC], estimatedDuration=19], buildConfig=BuildConfig[buildScript=#!/bin/bash
cd /var/tmp/testing-dir
chmod +x ./gradlew
./gradlew clean test
, dockerImage=dummy-docker-image:latest, commitHashToBuild=c710d0e68c9c7db8cda7d1a278308de2b9642cc0, assignmentCommitHash=c710d0e68c9c7db8cda7d1a278308de2b9642cc0, testCommitHash=c710d0e68c9c7db8cda7d1a278308de2b9642cc0, branch=main, programmingLanguage=JAVA, projectType=PLAIN_GRADLE, scaEnabled=false, sequentialTestRunsEnabled=false, resultPaths=[/var/tmp/testing-dir/**/test-results/test/*.xml], timeoutSeconds=0, assignmentCheckoutPath=null, testCheckoutPath=null, solutionCheckoutPath=null, dockerRunConfig=null], submissionResult=ResultDTO[id=631, completionDate=2025-02-14T23:45:20.822527362Z[Etc/UTC], successful=false, score=0.0, rated=true, submission=SubmissionDTO[id=824, submitted=true, type=TEST, exampleSubmission=null, submissionDate=2025-02-14T23:45:20.791240Z, commitHash=c710d0e68c9c7db8cda7d1a278308de2b9642cc0, buildFailed=true, buildArtifact=false, participation=ParticipationDTO[id=1978, testRun=false, type=solution, submissionCount=null, exercise=ParticipationExerciseDTO[id=2591, exerciseType=PROGRAMMING, type=programming, assessmentType=AUTOMATIC, dueDate=2025-02-16T23:45:18.950569Z, assessmentDueDate=null, maxPoints=42.0, course=CourseDTO[id=974, accuracyOfScores=1]]], submissionExerciseType=programming, isProcessing=false, buildStartDate=null, estimatedCompletionDate=null], participation=ParticipationDTO[id=1978, testRun=false, type=solution, submissionCount=null, exercise=ParticipationExerciseDTO[id=2591, exerciseType=PROGRAMMING, type=programming, assessmentType=AUTOMATIC, dueDate=2025-02-16T23:45:18.950569Z, assessmentDueDate=null, maxPoints=42.0, course=CourseDTO[id=974, accuracyOfScores=1]]], feedbacks=[], assessmentType=AUTOMATIC, hasComplaint=null, exampleResult=null, testCaseCount=0, passedTestCaseCount=0, codeIssueCount=0]], BuildJobQueueItem[id=20061739576732554, name=SHORT94A899E303D7504C5D0840704DAAFA3DFF4DTSTEXC-LOCALVCCIINTINSTRUCTOR1, buildAgent=BuildAgentDTO[name=artemis-build-agent-test, memberAddress=[127.0.0.1]:5703, displayName=artemis-build-agent-test], participationId=2006, courseId=984, exerciseId=2601, retryCount=0, priority=2, status=SUCCESSFUL, repositoryInfo=RepositoryInfo[repositoryName=short94a899e303d7504c5d0840704daafa3dff4dtstexc-localvcciintinstructor1, repositoryType=user, triggeredByPushTo=user, assignmentRepositoryUri=http://localhost:49152/git/SHORT94A899E303D7504C5D0840704DAAFA3DFF4DTSTEXC/short94a899e303d7504c5d0840704daafa3dff4dtstexc-localvcciintinstructor1.git, testRepositoryUri=http://localhost:49152/git/SHORT94A899E303D7504C5D0840704DAAFA3DFF4DTSTEXC/short94a899e303d7504c5d0840704daafa3dff4dtstexc-tests.git, solutionRepositoryUri=null, auxiliaryRepositoryUris=[Ljava.lang.String;@656c64ac, auxiliaryRepositoryCheckoutDirectories=[Ljava.lang.String;@1a136a62], jobTimingInfo=JobTimingInfo[submissionDate=2025-02-14T23:45:32.554795798Z[Etc/UTC], buildStartDate=2025-02-14T23:45:32.567287465Z[Etc/UTC], buildCompletionDate=2025-02-14T23:45:34.535226768Z[Etc/UTC], estimatedCompletionDate=2025-02-14T23:45:51.567257960Z[Etc/UTC], estimatedDuration=19], buildConfig=BuildConfig[buildScript=#!/bin/bash
cd /var/tmp/testing-dir
chmod +x ./gradlew
./gradlew clean test
, dockerImage=dummy-docker-image:latest, commitHashToBuild=ca2dbc0ae87edf7035058a6a17c0ea60e90a290f, assignmentCommitHash=ca2dbc0ae87edf7035058a6a17c0ea60e90a290f, testCommitHash=0207f6f98af5fbb66ad68455f3fc3cf128af8ae9, branch=main, programmingLanguage=JAVA, projectType=PLAIN_GRADLE, scaEnabled=false, sequentialTestRunsEnabled=false, resultPaths=[/var/tmp/testing-dir/**/test-results/test/*.xml], timeoutSeconds=0, assignmentCheckoutPath=null, testCheckoutPath=null, solutionCheckoutPath=null, dockerRunConfig=null], submissionResult=ResultDTO[id=632, completionDate=2025-02-14T23:45:34.504415716Z[Etc/UTC], successful=false, score=7.7, rated=false, submission=SubmissionDTO[id=826, submitted=true, type=MANUAL, exampleSubmission=null, submissionDate=2025-02-14T23:45:32.541533Z, commitHash=ca2dbc0ae87edf7035058a6a17c0ea60e90a290f, buildFailed=false, buildArtifact=false, participation=ParticipationDTO[id=2006, testRun=true, type=programming, submissionCount=null, exercise=ParticipationExerciseDTO[id=2601, exerciseType=PROGRAMMING, type=programming, assessmentType=AUTOMATIC, dueDate=2025-02-16T23:45:31.864042Z, assessmentDueDate=null, maxPoints=42.0, course=CourseDTO[id=984, accuracyOfScores=1]]], submissionExerciseType=programming, isProcessing=false, buildStartDate=null, estimatedCompletionDate=null], participation=ParticipationDTO[id=2006, testRun=true, type=programming, submissionCount=null, exercise=ParticipationExerciseDTO[id=2601, exerciseType=PROGRAMMING, type=programming, assessmentType=AUTOMATIC, dueDate=2025-02-16T23:45:31.864042Z, assessmentDueDate=null, maxPoints=42.0, course=CourseDTO[id=984, accuracyOfScores=1]]], feedbacks=[FeedbackDTO[id=920, text=null, detailText=The exercise expects a class with the name Context in the package testpackage. You did not implement the class in the exercise., hasLongFeedbackText=false, reference=null, credits=0.0, positive=false, type=AUTOMATIC, visibility=ALWAYS, testCase=TestCaseDTO[testName=null, id=1357]], FeedbackDTO[id=921, text=null, detailText=The exercise expects a class with the name Policy in the package testpackage. You did not implement the class in the exercise., hasLongFeedbackText=false, reference=null, credits=0.0, positive=false, type=AUTOMATIC, visibility=ALWAYS, testCase=TestCaseDTO[testName=null, id=1358]], FeedbackDTO[id=922, text=null, detailText=The exercise expects a class with the name SortStrategy in the package testpackage. You did not implement the class in the exercise., hasLongFeedbackText=false, reference=null, credits=0.0, positive=false, type=AUTOMATIC, visibility=ALWAYS, testCase=TestCaseDTO[testName=null, id=1359]], FeedbackDTO[id=923, text=null, detailText=The class 'MergeSort' does not implement the interface 'SortStrategy' as expected. Implement the interface and its methods., hasLongFeedbackText=false, reference=null, credits=0.0, positive=false, type=AUTOMATIC, visibility=ALWAYS, testCase=TestCaseDTO[testName=null, id=1354]], FeedbackDTO[id=924, text=null, detailText=The exercise expects a class with the name SortStrategy in the package testpackage. You did not implement the class in the exercise., hasLongFeedbackText=false, reference=null, credits=0.0, positive=false, type=AUTOMATIC, visibility=ALWAYS, testCase=TestCaseDTO[testName=null, id=1351]], FeedbackDTO[id=925, text=null, detailText=The class 'BubbleSort' does not implement the interface 'SortStrategy' as expected. Implement the interface and its methods., hasLongFeedbackText=false, reference=null, credits=0.0, positive=false, type=AUTOMATIC, visibility=ALWAYS, testCase=TestCaseDTO[testName=null, id=1355]], FeedbackDTO[id=926, text=null, detailText=MergeSort does not sort correctly, hasLongFeedbackText=false, reference=null, credits=0.0, positive=false, type=AUTOMATIC, visibility=ALWAYS, testCase=TestCaseDTO[testName=null, id=1360]], FeedbackDTO[id=927, text=null, detailText=The class 'Context' was not found within the submission. Make sure to implement it properly., hasLongFeedbackText=false, reference=null, credits=0.0, positive=false, type=AUTOMATIC, visibility=ALWAYS, testCase=TestCaseDTO[testName=null, id=1361]], FeedbackDTO[id=928, text=null, detailText=The class 'Context' was not found within the submission. Make sure to implement it properly., hasLongFeedbackText=false, reference=null, credits=0.0, positive=false, type=AUTOMATIC, visibility=ALWAYS, testCase=TestCaseDTO[testName=null, id=1362]], FeedbackDTO[id=929, text=null, detailText=The exercise expects a class with the name Policy in the package testpackage. You did not implement the class in the exercise., hasLongFeedbackText=false, reference=null, credits=0.0, positive=false, type=AUTOMATIC, visibility=ALWAYS, testCase=TestCaseDTO[testName=null, id=1356]], FeedbackDTO[id=930, text=null, detailText=The exercise expects a class with the name Context in the package testpackage. You did not implement the class in the exercise., hasLongFeedbackText=false, reference=null, credits=0.0, positive=false, type=AUTOMATIC, visibility=ALWAYS, testCase=TestCaseDTO[testName=null, id=1352]], FeedbackDTO[id=931, text=null, detailText=The exercise expects a class with the name Policy in the package testpackage. You did not implement the class in the exercise., hasLongFeedbackText=false, reference=null, credits=0.0, positive=false, type=AUTOMATIC, visibility=ALWAYS, testCase=TestCaseDTO[testName=null, id=1353]], FeedbackDTO[id=932, text=null, detailText=null, hasLongFeedbackText=false, reference=null, credits=3.230769230769231, positive=true, type=AUTOMATIC, visibility=ALWAYS, testCase=TestCaseDTO[testName=null, id=1363]]], assessmentType=AUTOMATIC, hasComplaint=null, exampleResult=null, testCaseCount=13, passedTestCaseCount=1, codeIssueCount=0]], BuildJobQueueItem[id=20111739576737317, name=SHORTD49A6DAE04F9E049850BD5601663FD17A5B7TSTEXC-BASE, buildAgent=BuildAgentDTO[name=artemis-build-agent-test, memberAddress=[127.0.0.1]:5703, displayName=artemis-build-agent-test], participationId=2011, courseId=986, exerciseId=2603, retryCount=0, priority=2, status=SUCCESSFUL, repositoryInfo=RepositoryInfo[repositoryName=shortd49a6dae04f9e049850bd5601663fd17a5b7tstexc-exercise, repositoryType=exercise, triggeredByPushTo=exercise, assignmentRepositoryUri=http://localhost:49152/git/SHORTD49A6DAE04F9E049850BD5601663FD17A5B7TSTEXC/shortd49a6dae04f9e049850bd5601663fd17a5b7tstexc-exercise.git, testRepositoryUri=http://localhost:49152/git/SHORTD49A6DAE04F9E049850BD5601663FD17A5B7TSTEXC/shortd49a6dae04f9e049850bd5601663fd17a5b7tstexc-tests.git, solutionRepositoryUri=null, auxiliaryRepositoryUris=[Ljava.lang.String;@51c68ec2, auxiliaryRepositoryCheckoutDirectories=[Ljava.lang.String;@2cd3ef6d], jobTimingInfo=JobTimingInfo[submissionDate=2025-02-14T23:45:37.317968648Z[Etc/UTC], buildStartDate=2025-02-14T23:45:37.324534774Z[Etc/UTC], buildCompletionDate=2025-02-14T23:45:38.527225461Z[Etc/UTC], estimatedCompletionDate=2025-02-14T23:45:56.324506331Z[Etc/UTC], estimatedDuration=19], buildConfig=BuildConfig[buildScript=#!/bin/bash
cd /var/tmp/testing-dir
chmod +x ./gradlew
./gradlew clean test
, dockerImage=dummy-docker-image:latest, commitHashToBuild=c795243c185829bbefa399f45dcbcfac22311b2f, assignmentCommitHash=c795243c185829bbefa399f45dcbcfac22311b2f, testCommitHash=fa8b162170bf767d852e05e0eb7a128efa2e1f34, branch=main, programmingLanguage=JAVA, projectType=PLAIN_GRADLE, scaEnabled=false, sequentialTestRunsEnabled=false, resultPaths=[/var/tmp/testing-dir/**/test-results/test/*.xml], timeoutSeconds=0, assignmentCheckoutPath=null, testCheckoutPath=null, solutionCheckoutPath=null, dockerRunConfig=null], submissionResult=ResultDTO[id=633, completionDate=2025-02-14T23:45:38.476795726Z[Etc/UTC], successful=false, score=0.0, rated=true, submission=SubmissionDTO[id=827, submitted=true, type=MANUAL, exampleSubmission=null, submissionDate=2025-02-14T23:45:37.303401Z, commitHash=c795243c185829bbefa399f45dcbcfac22311b2f, buildFailed=false, buildArtifact=false, participation=ParticipationDTO[id=2011, testRun=false, type=template, submissionCount=null, exercise=ParticipationExerciseDTO[id=2603, exerciseType=PROGRAMMING, type=programming, assessmentType=AUTOMATIC, dueDate=2025-02-16T23:45:36.830269Z, assessmentDueDate=null, maxPoints=42.0, course=CourseDTO[id=986, accuracyOfScores=1]]], submissionExerciseType=programming, isProcessing=false, buildStartDate=null, estimatedCompletionDate=null], participation=ParticipationDTO[id=2011, testRun=false, type=template, submissionCount=null, exercise=ParticipationExerciseDTO[id=2603, exerciseType=PROGRAMMING, type=programming, assessmentType=AUTOMATIC, dueDate=2025-02-16T23:45:36.830269Z, assessmentDueDate=null, maxPoints=42.0, course=CourseDTO[id=986, accuracyOfScores=1]]], feedbacks=[FeedbackDTO[id=933, text=null, detailText=The exercise expects a class with the name Context in the package testpackage. You did not implement the class in the exercise., hasLongFeedbackText=false, reference=null, credits=0.0, positive=false, type=AUTOMATIC, visibility=ALWAYS, testCase=TestCaseDTO[testName=testMethods[Context], id=1383]], FeedbackDTO[id=934, text=null, detailText=The exercise expects a class with the name Policy in the package testpackage. You did not implement the class in the exercise., hasLongFeedbackText=false, reference=null, credits=0.0, positive=false, type=AUTOMATIC, visibility=ALWAYS, testCase=TestCaseDTO[testName=testMethods[Policy], id=1384]], FeedbackDTO[id=935, text=null, detailText=The exercise expects a class with the name SortStrategy in the package testpackage. You did not implement the class in the exercise., hasLongFeedbackText=false, reference=null, credits=0.0, positive=false, type=AUTOMATIC, visibility=ALWAYS, testCase=TestCaseDTO[testName=testMethods[SortStrategy], id=1385]], FeedbackDTO[id=936, text=null, detailText=The class 'MergeSort' does not implement the interface 'SortStrategy' as expected. Implement the interface and its methods., hasLongFeedbackText=false, reference=null, credits=0.0, positive=false, type=AUTOMATIC, visibility=ALWAYS, testCase=TestCaseDTO[testName=testClass[MergeSort], id=1380]], FeedbackDTO[id=937, text=null, detailText=The exercise expects a class with the name SortStrategy in the package testpackage. You did not implement the class in the exercise., hasLongFeedbackText=false, reference=null, credits=0.0, positive=false, type=AUTOMATIC, visibility=ALWAYS, testCase=TestCaseDTO[testName=testClass[SortStrategy], id=1377]], FeedbackDTO[id=938, text=null, detailText=The class 'BubbleSort' does not implement the interface 'SortStrategy' as expected. Implement the interface and its methods., hasLongFeedbackText=false, reference=null, credits=0.0, positive=false, type=AUTOMATIC, visibility=ALWAYS, testCase=TestCaseDTO[testName=testClass[BubbleSort], id=1381]], FeedbackDTO[id=939, text=null, detailText=MergeSort does not sort correctly, hasLongFeedbackText=false, reference=null, credits=0.0, positive=false, type=AUTOMATIC, visibility=ALWAYS, testCase=TestCaseDTO[testName=testMergeSort(), id=1386]], FeedbackDTO[id=940, text=null, detailText=The class 'Context' was not found within the submission. Make sure to implement it properly., hasLongFeedbackText=false, reference=null, credits=0.0, positive=false, type=AUTOMATIC, visibility=ALWAYS, testCase=TestCaseDTO[testName=testUseBubbleSortForSmallList(), id=1387]], FeedbackDTO[id=941, text=null, detailText=BubbleSort does not sort correctly, hasLongFeedbackText=false, reference=null, credits=0.0, positive=false, type=AUTOMATIC, visibility=ALWAYS, testCase=TestCaseDTO[testName=testBubbleSort(), id=1389]], FeedbackDTO[id=942, text=null, detailText=The class 'Context' was not found within the submission. Make sure to implement it properly., hasLongFeedbackText=false, reference=null, credits=0.0, positive=false, type=AUTOMATIC, visibility=ALWAYS, testCase=TestCaseDTO[testName=testUseMergeSortForBigList(), id=1388]], FeedbackDTO[id=943, text=null, detailText=The exercise expects a class with the name Policy in the package testpackage. You did not implement the class in the exercise., hasLongFeedbackText=false, reference=null, credits=0.0, positive=false, type=AUTOMATIC, visibility=ALWAYS, testCase=TestCaseDTO[testName=testConstructors[Policy], id=1382]], FeedbackDTO[id=944, text=null, detailText=The exercise expects a class with the name Context in the package testpackage. You did not implement the class in the exercise., hasLongFeedbackText=false, reference=null, credits=0.0, positive=false, type=AUTOMATIC, visibility=ALWAYS, testCase=TestCaseDTO[testName=testAttributes[Context], id=1378]], FeedbackDTO[id=945, text=null, detailText=The exercise expects a class with the name Policy in the package testpackage. You did not implement the class in the exercise., hasLongFeedbackText=false, reference=null, credits=0.0, positive=false, type=AUTOMATIC, visibility=ALWAYS, testCase=TestCaseDTO[testName=testAttributes[Policy], id=1379]]], assessmentType=AUTOMATIC, hasComplaint=null, exampleResult=null, testCaseCount=13, passedTestCaseCount=0, codeIssueCount=0]], BuildJobQueueItem[id=20171739576740018, name=SHORT7914AFA00ADC3047140B99D01AC07810CE44TSTEXC-LOCALVCCIINTSTUDENT1, buildAgent=BuildAgentDTO[name=artemis-build-agent-test, memberAddress=[127.0.0.1]:5703, displayName=artemis-build-agent-test], participationId=2017, courseId=988, exerciseId=2605, retryCount=0, priority=2, status=SUCCESSFUL, repositoryInfo=RepositoryInfo[repositoryName=short7914afa00adc3047140b99d01ac07810ce44tstexc-practice-localvcciintstudent1, repositoryType=user, triggeredByPushTo=user, assignmentRepositoryUri=http://localhost:49152/git/SHORT7914AFA00ADC3047140B99D01AC07810CE44TSTEXC/short7914afa00adc3047140b99d01ac07810ce44tstexc-practice-localvcciintstudent1.git, testRepositoryUri=http://localhost:49152/git/SHORT7914AFA00ADC3047140B99D01AC07810CE44TSTEXC/short7914afa00adc3047140b99d01ac07810ce44tstexc-tests.git, solutionRepositoryUri=null, auxiliaryRepositoryUris=[Ljava.lang.String;@2a9cb75f, auxiliaryRepositoryCheckoutDirectories=[Ljava.lang.String;@2bdd9814], jobTimingInfo=JobTimingInfo[submissionDate=2025-02-14T23:45:40.018961253Z[Etc/UTC], buildStartDate=2025-02-14T23:45:40.029742701Z[Etc/UTC], buildCompletionDate=2025-02-14T23:45:41.150208242Z[Etc/UTC], estimatedCompletionDate=2025-02-14T23:45:59.029734065Z[Etc/UTC], estimatedDuration=19], buildConfig=BuildConfig[buildScript=#!/bin/bash
cd /var/tmp/testing-dir
chmod +x ./gradlew
./gradlew clean test
, dockerImage=dummy-docker-image:latest, commitHashToBuild=d80b57877989b971e83ccdb4863c8a7023c76266, assignmentCommitHash=d80b57877989b971e83ccdb4863c8a7023c76266, testCommitHash=327b116890c92b1312314341f43f21ef13ecf7d7, branch=main, programmingLanguage=JAVA, projectType=PLAIN_GRADLE, scaEnabled=false, sequentialTestRunsEnabled=false, resultPaths=[/var/tmp/testing-dir/**/test-results/test/*.xml], timeoutSeconds=0, assignmentCheckoutPath=null, testCheckoutPath=null, solutionCheckoutPath=null, dockerRunConfig=null], submissionResult=ResultDTO[id=634, completionDate=2025-02-14T23:45:41.120192603Z[Etc/UTC], successful=false, score=7.7, rated=false, submission=SubmissionDTO[id=828, submitted=true, type=MANUAL, exampleSubmission=null, submissionDate=2025-02-14T23:45:40.008666Z, commitHash=d80b57877989b971e83ccdb4863c8a7023c76266, buildFailed=false, buildArtifact=false, participation=ParticipationDTO[id=2017, testRun=true, type=programming, submissionCount=null, exercise=ParticipationExerciseDTO[id=2605, exerciseType=PROGRAMMING, type=programming, assessmentType=AUTOMATIC, dueDate=2025-02-16T23:45:39.523500Z, assessmentDueDate=null, maxPoints=42.0, course=CourseDTO[id=988, accuracyOfScores=1]]], submissionExerciseType=programming, isProcessing=false, buildStartDate=null, estimatedCompletionDate=null], participation=ParticipationDTO[id=2017, testRun=true, type=programming, submissionCount=null, exercise=ParticipationExerciseDTO[id=2605, exerciseType=PROGRAMMING, type=programming, assessmentType=AUTOMATIC, dueDate=2025-02-16T23:45:39.523500Z, assessmentDueDate=null, maxPoints=42.0, course=CourseDTO[id=988, accuracyOfScores=1]]], feedbacks=[FeedbackDTO[id=946, text=null, detailText=The exercise expects a class with the name Context in the package testpackage. You did not implement the class in the exercise., hasLongFeedbackText=false, reference=null, credits=0.0, positive=false, type=AUTOMATIC, visibility=ALWAYS, testCase=TestCaseDTO[testName=null, id=1409]], FeedbackDTO[id=947, text=null, detailText=The exercise expects a class with the name Policy in the package testpackage. You did not implement the class in the exercise., hasLongFeedbackText=false, reference=null, credits=0.0, positive=false, type=AUTOMATIC, visibility=ALWAYS, testCase=TestCaseDTO[testName=null, id=1410]], FeedbackDTO[id=948, text=null, detailText=The exercise expects a class with the name SortStrategy in the package testpackage. You did not implement the class in the exercise., hasLongFeedbackText=false, reference=null, credits=0.0, positive=false, type=AUTOMATIC, visibility=ALWAYS, testCase=TestCaseDTO[testName=null, id=1411]], FeedbackDTO[id=949, text=null, detailText=The class 'MergeSort' does not implement the interface 'SortStrategy' as expected. Implement the interface and its methods., hasLongFeedbackText=false, reference=null, credits=0.0, positive=false, type=AUTOMATIC, visibility=ALWAYS, testCase=TestCaseDTO[testName=null, id=1406]], FeedbackDTO[id=950, text=null, detailText=The exercise expects a class with the name SortStrategy in the package testpackage. You did not implement the class in the exercise., hasLongFeedbackText=false, reference=null, credits=0.0, positive=false, type=AUTOMATIC, visibility=ALWAYS, testCase=TestCaseDTO[testName=null, id=1403]], FeedbackDTO[id=951, text=null, detailText=The class 'BubbleSort' does not implement the interface 'SortStrategy' as expected. Implement the interface and its methods., hasLongFeedbackText=false, reference=null, credits=0.0, positive=false, type=AUTOMATIC, visibility=ALWAYS, testCase=TestCaseDTO[testName=null, id=1407]], FeedbackDTO[id=952, text=null, detailText=MergeSort does not sort correctly, hasLongFeedbackText=false, reference=null, credits=0.0, positive=false, type=AUTOMATIC, visibility=ALWAYS, testCase=TestCaseDTO[testName=null, id=1412]], FeedbackDTO[id=953, text=null, detailText=The class 'Context' was not found within the submission. Make sure to implement it properly., hasLongFeedbackText=false, reference=null, credits=0.0, positive=false, type=AUTOMATIC, visibility=ALWAYS, testCase=TestCaseDTO[testName=null, id=1413]], FeedbackDTO[id=954, text=null, detailText=The class 'Context' was not found within the submission. Make sure to implement it properly., hasLongFeedbackText=false, reference=null, credits=0.0, positive=false, type=AUTOMATIC, visibility=ALWAYS, testCase=TestCaseDTO[testName=null, id=1414]], FeedbackDTO[id=955, text=null, detailText=The exercise expects a class with the name Policy in the package testpackage. You did not implement the class in the exercise., hasLongFeedbackText=false, reference=null, credits=0.0, positive=false, type=AUTOMATIC, visibility=ALWAYS, testCase=TestCaseDTO[testName=null, id=1408]], FeedbackDTO[id=956, text=null, detailText=The exercise expects a class with the name Context in the package testpackage. You did not implement the class in the exercise., hasLongFeedbackText=false, reference=null, credits=0.0, positive=false, type=AUTOMATIC, visibility=ALWAYS, testCase=TestCaseDTO[testName=null, id=1404]], FeedbackDTO[id=957, text=null, detailText=The exercise expects a class with the name Policy in the package testpackage. You did not implement the class in the exercise., hasLongFeedbackText=false, reference=null, credits=0.0, positive=false, type=AUTOMATIC, visibility=ALWAYS, testCase=TestCaseDTO[testName=null, id=1405]], FeedbackDTO[id=958, text=null, detailText=null, hasLongFeedbackText=false, reference=null, credits=3.230769230769231, positive=true, type=AUTOMATIC, visibility=ALWAYS, testCase=TestCaseDTO[testName=null, id=1415]]], assessmentType=AUTOMATIC, hasComplaint=null, exampleResult=null, testCaseCount=13, passedTestCaseCount=1, codeIssueCount=0]], BuildJobQueueItem[id=20261739576743984, name=SHORT53C73BE505404043100AC2F00C039353CE8FTSTEXC-LOCALVCCIINTSTUDENT1, buildAgent=BuildAgentDTO[name=artemis-build-agent-test, memberAddress=[127.0.0.1]:5703, displayName=artemis-build-agent-test], participationId=2026, courseId=991, exerciseId=2608, retryCount=0, priority=1, status=SUCCESSFUL, repositoryInfo=RepositoryInfo[repositoryName=short53c73be505404043100ac2f00c039353ce8ftstexc-localvcciintstudent1, repositoryType=user, triggeredByPushTo=user, assignmentRepositoryUri=http://localhost:49152/git/SHORT53C73BE505404043100AC2F00C039353CE8FTSTEXC/short53c73be505404043100ac2f00c039353ce8ftstexc-localvcciintstudent1.git, testRepositoryUri=http://localhost:49152/git/SHORT53C73BE505404043100AC2F00C039353CE8FTSTEXC/short53c73be505404043100ac2f00c039353ce8ftstexc-tests.git, solutionRepositoryUri=null, auxiliaryRepositoryUris=[Ljava.lang.String;@4e88a333, auxiliaryRepositoryCheckoutDirectories=[Ljava.lang.String;@7d138508], jobTimingInfo=JobTimingInfo[submissionDate=2025-02-14T23:45:43.984518859Z[Etc/UTC], buildStartDate=2025-02-14T23:45:43.991385682Z[Etc/UTC], buildCompletionDate=2025-02-14T23:45:44.982059928Z[Etc/UTC], estimatedCompletionDate=2025-02-14T23:46:02.991380122Z[Etc/UTC], estimatedDuration=19], buildConfig=BuildConfig[buildScript=#!/bin/bash
cd /var/tmp/testing-dir
chmod +x ./gradlew
./gradlew clean test
, dockerImage=dummy-docker-image:latest, commitHashToBuild=3e90ae9fef2e44ffb41451a080bdaa6a44ad6848, assignmentCommitHash=3e90ae9fef2e44ffb41451a080bdaa6a44ad6848, testCommitHash=0582754c87aae13e640312855ce7dbe490ecb50c, branch=main, programmingLanguage=JAVA, projectType=PLAIN_GRADLE, scaEnabled=false, sequentialTestRunsEnabled=false, resultPaths=[/var/tmp/testing-dir/**/test-results/test/*.xml], timeoutSeconds=0, assignmentCheckoutPath=null, testCheckoutPath=null, solutionCheckoutPath=null, dockerRunConfig=null], submissionResult=ResultDTO[id=635, completionDate=2025-02-14T23:45:44.961313737Z[Etc/UTC], successful=false, score=7.7, rated=true, submission=SubmissionDTO[id=829, submitted=true, type=MANUAL, exampleSubmission=null, submissionDate=2025-02-14T23:45:43.967766Z, commitHash=3e90ae9fef2e44ffb41451a080bdaa6a44ad6848, buildFailed=false, buildArtifact=false, participation=ParticipationDTO[id=2026, testRun=false, type=programming, submissionCount=null, exercise=ParticipationExerciseDTO[id=2608, exerciseType=PROGRAMMING, type=programming, assessmentType=AUTOMATIC, dueDate=2025-02-16T23:45:43.597978Z, assessmentDueDate=null, maxPoints=42.0, course=CourseDTO[id=991, accuracyOfScores=1]]], submissionExerciseType=programming, isProcessing=false, buildStartDate=null, estimatedCompletionDate=null], participation=ParticipationDTO[id=2026, testRun=false, type=programming, submissionCount=null, exercise=ParticipationExerciseDTO[id=2608, exerciseType=PROGRAMMING, type=programming, assessmentType=AUTOMATIC, dueDate=2025-02-16T23:45:43.597978Z, assessmentDueDate=null, maxPoints=42.0, course=CourseDTO[id=991, accuracyOfScores=1]]], feedbacks=[FeedbackDTO[id=959, text=null, detailText=The exercise expects a class with the name Context in the package testpackage. You did not implement the class in the exercise., hasLongFeedbackText=false, reference=null, credits=0.0, positive=false, type=AUTOMATIC, visibility=ALWAYS, testCase=TestCaseDTO[testName=null, id=1448]], FeedbackDTO[id=960, text=null, detailText=The exercise expects a class with the name Policy in the package testpackage. You did not implement the class in the exercise., hasLongFeedbackText=false, reference=null, credits=0.0, positive=false, type=AUTOMATIC, visibility=ALWAYS, testCase=TestCaseDTO[testName=null, id=1449]], FeedbackDTO[id=961, text=null, detailText=The exercise expects a class with the name SortStrategy in the package testpackage. You did not implement the class in the exercise., hasLongFeedbackText=false, reference=null, credits=0.0, positive=false, type=AUTOMATIC, visibility=ALWAYS, testCase=TestCaseDTO[testName=null, id=1450]], FeedbackDTO[id=962, text=null, detailText=The class 'MergeSort' does not implement the interface 'SortStrategy' as expected. Implement the interface and its methods., hasLongFeedbackText=false, reference=null, credits=0.0, positive=false, type=AUTOMATIC, visibility=ALWAYS, testCase=TestCaseDTO[testName=null, id=1445]], FeedbackDTO[id=963, text=null, detailText=The exercise expects a class with the name SortStrategy in the package testpackage. You did not implement the class in the exercise., hasLongFeedbackText=false, reference=null, credits=0.0, positive=false, type=AUTOMATIC, visibility=ALWAYS, testCase=TestCaseDTO[testName=null, id=1442]], FeedbackDTO[id=964, text=null, detailText=The class 'BubbleSort' does not implement the interface 'SortStrategy' as expected. Implement the interface and its methods., hasLongFeedbackText=false, reference=null, credits=0.0, positive=false, type=AUTOMATIC, visibility=ALWAYS, testCase=TestCaseDTO[testName=null, id=1446]], FeedbackDTO[id=965, text=null, detailText=MergeSort does not sort correctly, hasLongFeedbackText=false, reference=null, credits=0.0, positive=false, type=AUTOMATIC, visibility=ALWAYS, testCase=TestCaseDTO[testName=null, id=1451]], FeedbackDTO[id=966, text=null, detailText=The class 'Context' was not found within the submission. Make sure to implement it properly., hasLongFeedbackText=false, reference=null, credits=0.0, positive=false, type=AUTOMATIC, visibility=ALWAYS, testCase=TestCaseDTO[testName=null, id=1452]], FeedbackDTO[id=967, text=null, detailText=The class 'Context' was not found within the submission. Make sure to implement it properly., hasLongFeedbackText=false, reference=null, credits=0.0, positive=false, type=AUTOMATIC, visibility=ALWAYS, testCase=TestCaseDTO[testName=null, id=1453]], FeedbackDTO[id=968, text=null, detailText=The exercise expects a class with the name Policy in the package testpackage. You did not implement the class in the exercise., hasLongFeedbackText=false, reference=null, credits=0.0, positive=false, type=AUTOMATIC, visibility=ALWAYS, testCase=TestCaseDTO[testName=null, id=1447]], FeedbackDTO[id=969, text=null, detailText=The exercise expects a class with the name Context in the package testpackage. You did not implement the class in the exercise., hasLongFeedbackText=false, reference=null, credits=0.0, positive=false, type=AUTOMATIC, visibility=ALWAYS, testCase=TestCaseDTO[testName=null, id=1443]], FeedbackDTO[id=970, text=null, detailText=The exercise expects a class with the name Policy in the package testpackage. You did not implement the class in the exercise., hasLongFeedbackText=false, reference=null, credits=0.0, positive=false, type=AUTOMATIC, visibility=ALWAYS, testCase=TestCaseDTO[testName=null, id=1444]], FeedbackDTO[id=971, text=null, detailText=null, hasLongFeedbackText=false, reference=null, credits=3.230769230769231, positive=true, type=AUTOMATIC, visibility=ALWAYS, testCase=TestCaseDTO[testName=null, id=1454]]], assessmentType=AUTOMATIC, hasComplaint=null, exampleResult=null, testCaseCount=13, passedTestCaseCount=1, codeIssueCount=0]], BuildJobQueueItem[id=20271739576746886, name=SHORT0FC863930E92904248098A506171F81CF6CFTSTEXC-SOLUTION, buildAgent=BuildAgentDTO[name=artemis-build-agent-test, memberAddress=[127.0.0.1]:5703, displayName=artemis-build-agent-test], participationId=2027, courseId=992, exerciseId=2609, retryCount=0, priority=2, status=SUCCESSFUL, repositoryInfo=RepositoryInfo[repositoryName=short0fc863930e92904248098a506171f81cf6cftstexc-solution, repositoryType=solution, triggeredByPushTo=auxiliary, assignmentRepositoryUri=http://localhost:49152/git/SHORT0FC863930E92904248098A506171F81CF6CFTSTEXC/short0fc863930e92904248098a506171f81cf6cftstexc-solution.git, testRepositoryUri=http://localhost:49152/git/SHORT0FC863930E92904248098A506171F81CF6CFTSTEXC/short0fc863930e92904248098a506171f81cf6cftstexc-tests.git, solutionRepositoryUri=null, auxiliaryRepositoryUris=[Ljava.lang.String;@327ae3ba, auxiliaryRepositoryCheckoutDirectories=[Ljava.lang.String;@7520c0d9], jobTimingInfo=JobTimingInfo[submissionDate=2025-02-14T23:45:46.886984066Z[Etc/UTC], buildStartDate=2025-02-14T23:45:46.897709578Z[Etc/UTC], buildCompletionDate=2025-02-14T23:45:48.628460156Z[Etc/UTC], estimatedCompletionDate=2025-02-14T23:46:05.897701272Z[Etc/UTC], estimatedDuration=19], buildConfig=BuildConfig[buildScript=#!/bin/bash
cd /var/tmp/testing-dir
chmod +x ./gradlew
./gradlew clean test
, dockerImage=dummy-docker-image:latest, commitHashToBuild=null, assignmentCommitHash=115a2e943bee242fdad360b50d8ad5f30792577e, testCommitHash=9b3a9bd71a0d80e5bbc42204c319ed3d1d4f0d6d, branch=main, programmingLanguage=JAVA, projectType=PLAIN_GRADLE, scaEnabled=false, sequentialTestRunsEnabled=false, resultPaths=[/var/tmp/testing-dir/**/test-results/test/*.xml], timeoutSeconds=0, assignmentCheckoutPath=null, testCheckoutPath=null, solutionCheckoutPath=null, dockerRunConfig=null], submissionResult=ResultDTO[id=636, completionDate=2025-02-14T23:45:48.593370968Z[Etc/UTC], successful=true, score=100.0, rated=true, submission=SubmissionDTO[id=830, submitted=true, type=TEST, exampleSubmission=null, submissionDate=2025-02-14T23:45:46.873671Z, commitHash=9b3a9bd71a0d80e5bbc42204c319ed3d1d4f0d6d, buildFailed=false, buildArtifact=false, participation=ParticipationDTO[id=2027, testRun=false, type=solution, submissionCount=null, exercise=ParticipationExerciseDTO[id=2609, exerciseType=PROGRAMMING, type=programming, assessmentType=AUTOMATIC, dueDate=2025-02-16T23:45:46.386304Z, assessmentDueDate=null, maxPoints=42.0, course=CourseDTO[id=992, accuracyOfScores=1]]], submissionExerciseType=programming, isProcessing=false, buildStartDate=null, estimatedCompletionDate=null], participation=ParticipationDTO[id=2027, testRun=false, type=solution, submissionCount=null, exercise=ParticipationExerciseDTO[id=2609, exerciseType=PROGRAMMING, type=programming, assessmentType=AUTOMATIC, dueDate=2025-02-16T23:45:46.386304Z, assessmentDueDate=null, maxPoints=42.0, course=CourseDTO[id=992, accuracyOfScores=1]]], feedbacks=[FeedbackDTO[id=972, text=null, detailText=null, hasLongFeedbackText=false, reference=null, credits=3.230769230769231, positive=true, type=AUTOMATIC, visibility=ALWAYS, testCase=TestCaseDTO[testName=testMethods[Context], id=1461]], FeedbackDTO[id=973, text=null, detailText=null, hasLongFeedbackText=false, reference=null, credits=3.230769230769231, positive=true, type=AUTOMATIC, visibility=ALWAYS, testCase=TestCaseDTO[testName=testMethods[Policy], id=1462]], FeedbackDTO[id=974, text=null, detailText=null, hasLongFeedbackText=false, reference=null, credits=3.230769230769231, positive=true, type=AUTOMATIC, visibility=ALWAYS, testCase=TestCaseDTO[testName=testMethods[SortStrategy], id=1463]], FeedbackDTO[id=975, text=null, detailText=null, hasLongFeedbackText=false, reference=null, credits=3.230769230769231, positive=true, type=AUTOMATIC, visibility=ALWAYS, testCase=TestCaseDTO[testName=testClass[MergeSort], id=1458]], FeedbackDTO[id=976, text=null, detailText=null, hasLongFeedbackText=false, reference=null, credits=3.230769230769231, positive=true, type=AUTOMATIC, visibility=ALWAYS, testCase=TestCaseDTO[testName=testClass[SortStrategy], id=1455]], FeedbackDTO[id=977, text=null, detailText=null, hasLongFeedbackText=false, reference=null, credits=3.230769230769231, positive=true, type=AUTOMATIC, visibility=ALWAYS, testCase=TestCaseDTO[testName=testClass[BubbleSort], id=1459]], FeedbackDTO[id=978, text=null, detailText=null, hasLongFeedbackText=false, reference=null, credits=3.230769230769231, positive=true, type=AUTOMATIC, visibility=ALWAYS, testCase=TestCaseDTO[testName=testMergeSort(), id=1464]], FeedbackDTO[id=979, text=null, detailText=null, hasLongFeedbackText=false, reference=null, credits=3.230769230769231, positive=true, type=AUTOMATIC, visibility=ALWAYS, testCase=TestCaseDTO[testName=testUseBubbleSortForSmallList(), id=1465]], FeedbackDTO[id=980, text=null, detailText=null, hasLongFeedbackText=false, reference=null, credits=3.230769230769231, positive=true, type=AUTOMATIC, visibility=ALWAYS, testCase=TestCaseDTO[testName=testBubbleSort(), id=1467]], FeedbackDTO[id=981, text=null, detailText=null, hasLongFeedbackText=false, reference=null, credits=3.230769230769231, positive=true, type=AUTOMATIC, visibility=ALWAYS, testCase=TestCaseDTO[testName=testUseMergeSortForBigList(), id=1466]], FeedbackDTO[id=982, text=null, detailText=null, hasLongFeedbackText=false, reference=null, credits=3.230769230769231, positive=true, type=AUTOMATIC, visibility=ALWAYS, testCase=TestCaseDTO[testName=testConstructors[Policy], id=1460]], FeedbackDTO[id=983, text=null, detailText=null, hasLongFeedbackText=false, reference=null, credits=3.230769230769231, positive=true, type=AUTOMATIC, visibility=ALWAYS, testCase=TestCaseDTO[testName=testAttributes[Context], id=1456]], FeedbackDTO[id=984, text=null, detailText=null, hasLongFeedbackText=false, reference=null, credits=3.230769230769231, positive=true, type=AUTOMATIC, visibility=ALWAYS, testCase=TestCaseDTO[testName=testAttributes[Policy], id=1457]]], assessmentType=AUTOMATIC, hasComplaint=null, exampleResult=null, testCaseCount=13, passedTestCaseCount=13, codeIssueCount=0]], BuildJobQueueItem[id=20281739576748768, name=SHORT0FC863930E92904248098A506171F81CF6CFTSTEXC-BASE, buildAgent=BuildAgentDTO[name=artemis-build-agent-test, memberAddress=[127.0.0.1]:5703, displayName=artemis-build-agent-test], participationId=2028, courseId=992, exerciseId=2609, retryCount=0, priority=2, status=SUCCESSFUL, repositoryInfo=RepositoryInfo[repositoryName=short0fc863930e92904248098a506171f81cf6cftstexc-exercise, repositoryType=exercise, triggeredByPushTo=auxiliary, assignmentRepositoryUri=http://localhost:49152/git/SHORT0FC863930E92904248098A506171F81CF6CFTSTEXC/short0fc863930e92904248098a506171f81cf6cftstexc-exercise.git, testRepositoryUri=http://localhost:49152/git/SHORT0FC863930E92904248098A506171F81CF6CFTSTEXC/short0fc863930e92904248098a506171f81cf6cftstexc-tests.git, solutionRepositoryUri=null, auxiliaryRepositoryUris=[Ljava.lang.String;@7eba6475, auxiliaryRepositoryCheckoutDirectories=[Ljava.lang.String;@1f60956f], jobTimingInfo=JobTimingInfo[submissionDate=2025-02-14T23:45:48.768063548Z[Etc/UTC], buildStartDate=2025-02-14T23:45:48.802531989Z[Etc/UTC], buildCompletionDate=2025-02-14T23:45:50.482681367Z[Etc/UTC], estimatedCompletionDate=2025-02-14T23:45:50.802523092Z[Etc/UTC], estimatedDuration=2], buildConfig=BuildConfig[buildScript=#!/bin/bash
cd /var/tmp/testing-dir
chmod +x ./gradlew
./gradlew clean test
, dockerImage=dummy-docker-image:latest, commitHashToBuild=9b3a9bd71a0d80e5bbc42204c319ed3d1d4f0d6d, assignmentCommitHash=115a2e943bee242fdad360b50d8ad5f30792577e, testCommitHash=9b3a9bd71a0d80e5bbc42204c319ed3d1d4f0d6d, branch=main, programmingLanguage=JAVA, projectType=PLAIN_GRADLE, scaEnabled=false, sequentialTestRunsEnabled=false, resultPaths=[/var/tmp/testing-dir/**/test-results/test/*.xml], timeoutSeconds=0, assignmentCheckoutPath=null, testCheckoutPath=null, solutionCheckoutPath=null, dockerRunConfig=null], submissionResult=ResultDTO[id=637, completionDate=2025-02-14T23:45:50.449084694Z[Etc/UTC], successful=false, score=0.0, rated=true, submission=SubmissionDTO[id=831, submitted=true, type=TEST, exampleSubmission=null, submissionDate=2025-02-14T23:45:48.761177Z, commitHash=9b3a9bd71a0d80e5bbc42204c319ed3d1d4f0d6d, buildFailed=false, buildArtifact=false, participation=ParticipationDTO[id=2028, testRun=false, type=template, submissionCount=null, exercise=ParticipationExerciseDTO[id=2609, exerciseType=PROGRAMMING, type=programming, assessmentType=AUTOMATIC, dueDate=2025-02-16T23:45:46.386304Z, assessmentDueDate=null, maxPoints=42.0, course=CourseDTO[id=992, accuracyOfScores=1]]], submissionExerciseType=programming, isProcessing=false, buildStartDate=null, estimatedCompletionDate=null], participation=ParticipationDTO[id=2028, testRun=false, type=template, submissionCount=null, exercise=ParticipationExerciseDTO[id=2609, exerciseType=PROGRAMMING, type=programming, assessmentType=AUTOMATIC, dueDate=2025-02-16T23:45:46.386304Z, assessmentDueDate=null, maxPoints=42.0, course=CourseDTO[id=992, accuracyOfScores=1]]], feedbacks=[FeedbackDTO[id=985, text=null, detailText=The exercise expects a class with the name Context in the package testpackage. You did not implement the class in the exercise., hasLongFeedbackText=false, reference=null, credits=0.0, positive=false, type=AUTOMATIC, visibility=ALWAYS, testCase=TestCaseDTO[testName=testMethods[Context], id=1461]], FeedbackDTO[id=986, text=null, detailText=The exercise expects a class with the name Policy in the package testpackage. You did not implement the class in the exercise., hasLongFeedbackText=false, reference=null, credits=0.0, positive=false, type=AUTOMATIC, visibility=ALWAYS, testCase=TestCaseDTO[testName=testMethods[Policy], id=1462]], FeedbackDTO[id=987, text=null, detailText=The exercise expects a class with the name SortStrategy in the package testpackage. You did not implement the class in the exercise., hasLongFeedbackText=false, reference=null, credits=0.0, positive=false, type=AUTOMATIC, visibility=ALWAYS, testCase=TestCaseDTO[testName=testMethods[SortStrategy], id=1463]], FeedbackDTO[id=988, text=null, detailText=The class 'MergeSort' does not implement the interface 'SortStrategy' as expected. Implement the interface and its methods., hasLongFeedbackText=false, reference=null, credits=0.0, positive=false, type=AUTOMATIC, visibility=ALWAYS, testCase=TestCaseDTO[testName=testClass[MergeSort], id=1458]], FeedbackDTO[id=989, text=null, detailText=The exercise expects a class with the name SortStrategy in the package testpackage. You did not implement the class in the exercise., hasLongFeedbackText=false, reference=null, credits=0.0, positive=false, type=AUTOMATIC, visibility=ALWAYS, testCase=TestCaseDTO[testName=testClass[SortStrategy], id=1455]], FeedbackDTO[id=990, text=null, detailText=The class 'BubbleSort' does not implement the interface 'SortStrategy' as expected. Implement the interface and its methods., hasLongFeedbackText=false, reference=null, credits=0.0, positive=false, type=AUTOMATIC, visibility=ALWAYS, testCase=TestCaseDTO[testName=testClass[BubbleSort], id=1459]], FeedbackDTO[id=991, text=null, detailText=MergeSort does not sort correctly, hasLongFeedbackText=false, reference=null, credits=0.0, positive=false, type=AUTOMATIC, visibility=ALWAYS, testCase=TestCaseDTO[testName=testMergeSort(), id=1464]], FeedbackDTO[id=992, text=null, detailText=The class 'Context' was not found within the submission. Make sure to implement it properly., hasLongFeedbackText=false, reference=null, credits=0.0, positive=false, type=AUTOMATIC, visibility=ALWAYS, testCase=TestCaseDTO[testName=testUseBubbleSortForSmallList(), id=1465]], FeedbackDTO[id=993, text=null, detailText=BubbleSort does not sort correctly, hasLongFeedbackText=false, reference=null, credits=0.0, positive=false, type=AUTOMATIC, visibility=ALWAYS, testCase=TestCaseDTO[testName=testBubbleSort(), id=1467]], FeedbackDTO[id=994, text=null, detailText=The class 'Context' was not found within the submission. Make sure to implement it properly., hasLongFeedbackText=false, reference=null, credits=0.0, positive=false, type=AUTOMATIC, visibility=ALWAYS, testCase=TestCaseDTO[testName=testUseMergeSortForBigList(), id=1466]], FeedbackDTO[id=995, text=null, detailText=The exercise expects a class with the name Policy in the package testpackage. You did not implement the class in the exercise., hasLongFeedbackText=false, reference=null, credits=0.0, positive=false, type=AUTOMATIC, visibility=ALWAYS, testCase=TestCaseDTO[testName=testConstructors[Policy], id=1460]], FeedbackDTO[id=996, text=null, detailText=The exercise expects a class with the name Context in the package testpackage. You did not implement the class in the exercise., hasLongFeedbackText=false, reference=null, credits=0.0, positive=false, type=AUTOMATIC, visibility=ALWAYS, testCase=TestCaseDTO[testName=testAttributes[Context], id=1456]], FeedbackDTO[id=997, text=null, detailText=The exercise expects a class with the name Policy in the package testpackage. You did not implement the class in the exercise., hasLongFeedbackText=false, reference=null, credits=0.0, positive=false, type=AUTOMATIC, visibility=ALWAYS, testCase=TestCaseDTO[testName=testAttributes[Policy], id=1457]]], assessmentType=AUTOMATIC, hasComplaint=null, exampleResult=null, testCaseCount=13, passedTestCaseCount=0, codeIssueCount=0]], BuildJobQueueItem[id=20291739576751299, name=SHORT716C2EC10B19B049C80A2F00B97EAB20B2A9TSTEXC-SOLUTION, buildAgent=BuildAgentDTO[name=artemis-build-agent-test, memberAddress=[127.0.0.1]:5703, displayName=artemis-build-agent-test], participationId=2029, courseId=993, exerciseId=2610, retryCount=0, priority=2, status=SUCCESSFUL, repositoryInfo=RepositoryInfo[repositoryName=short716c2ec10b19b049c80a2f00b97eab20b2a9tstexc-solution, repositoryType=solution, triggeredByPushTo=tests, assignmentRepositoryUri=http://localhost:49152/git/SHORT716C2EC10B19B049C80A2F00B97EAB20B2A9TSTEXC/short716c2ec10b19b049c80a2f00b97eab20b2a9tstexc-solution.git, testRepositoryUri=http://localhost:49152/git/SHORT716C2EC10B19B049C80A2F00B97EAB20B2A9TSTEXC/short716c2ec10b19b049c80a2f00b97eab20b2a9tstexc-tests.git, solutionRepositoryUri=null, auxiliaryRepositoryUris=[Ljava.lang.String;@7ae2d20a, auxiliaryRepositoryCheckoutDirectories=[Ljava.lang.String;@9b7f387], jobTimingInfo=JobTimingInfo[submissionDate=2025-02-14T23:45:51.299892174Z[Etc/UTC], buildStartDate=2025-02-14T23:45:51.314028505Z[Etc/UTC], buildCompletionDate=2025-02-14T23:45:52.158312850Z[Etc/UTC], estimatedCompletionDate=2025-02-14T23:46:10.314021752Z[Etc/UTC], estimatedDuration=19], buildConfig=BuildConfig[buildScript=#!/bin/bash
cd /var/tmp/testing-dir
chmod +x ./gradlew
./gradlew clean test
, dockerImage=dummy-docker-image:latest, commitHashToBuild=1e531733ed6e9237f710b528d1eb0b7beac565fd, assignmentCommitHash=815e279f12ad296b4f24c44134a07293c04c010f, testCommitHash=1e531733ed6e9237f710b528d1eb0b7beac565fd, branch=main, programmingLanguage=JAVA, projectType=PLAIN_GRADLE, scaEnabled=false, sequentialTestRunsEnabled=false, resultPaths=[/var/tmp/testing-dir/**/test-results/test/*.xml], timeoutSeconds=0, assignmentCheckoutPath=null, testCheckoutPath=null, solutionCheckoutPath=null, dockerRunConfig=null], submissionResult=ResultDTO[id=638, completionDate=2025-02-14T23:45:52.146826070Z[Etc/UTC], successful=true, score=100.0, rated=true, submission=SubmissionDTO[id=832, submitted=true, type=TEST, exampleSubmission=null, submissionDate=2025-02-14T23:45:51.275713Z, commitHash=1e531733ed6e9237f710b528d1eb0b7beac565fd, buildFailed=false, buildArtifact=false, participation=ParticipationDTO[id=2029, testRun=false, type=solution, submissionCount=null, exercise=ParticipationExerciseDTO[id=2610, exerciseType=PROGRAMMING, type=programming, assessmentType=AUTOMATIC, dueDate=2025-02-16T23:45:50.869093Z, assessmentDueDate=null, maxPoints=42.0, course=CourseDTO[id=993, accuracyOfScores=1]]], submissionExerciseType=programming, isProcessing=false, buildStartDate=null, estimatedCompletionDate=null], participation=ParticipationDTO[id=2029, testRun=false, type=solution, submissionCount=null, exercise=ParticipationExerciseDTO[id=2610, exerciseType=PROGRAMMING, type=programming, assessmentType=AUTOMATIC, dueDate=2025-02-16T23:45:50.869093Z, assessmentDueDate=null, maxPoints=42.0, course=CourseDTO[id=993, accuracyOfScores=1]]], feedbacks=[FeedbackDTO[id=998, text=null, detailText=null, hasLongFeedbackText=false, reference=null, credits=3.230769230769231, positive=true, type=AUTOMATIC, visibility=ALWAYS, testCase=TestCaseDTO[testName=testMethods[Context], id=1474]], FeedbackDTO[id=999, text=null, detailText=null, hasLongFeedbackText=false, reference=null, credits=3.230769230769231, positive=true, type=AUTOMATIC, visibility=ALWAYS, testCase=TestCaseDTO[testName=testMethods[Policy], id=1475]], FeedbackDTO[id=1000, text=null, detailText=null, hasLongFeedbackText=false, reference=null, credits=3.230769230769231, positive=true, type=AUTOMATIC, visibility=ALWAYS, testCase=TestCaseDTO[testName=testMethods[SortStrategy], id=1476]], FeedbackDTO[id=1001, text=null, detailText=null, hasLongFeedbackText=false, reference=null, credits=3.230769230769231, positive=true, type=AUTOMATIC, visibility=ALWAYS, testCase=TestCaseDTO[testName=testClass[MergeSort], id=1471]], FeedbackDTO[id=1002, text=null, detailText=null, hasLongFeedbackText=false, reference=null, credits=3.230769230769231, positive=true, type=AUTOMATIC, visibility=ALWAYS, testCase=TestCaseDTO[testName=testClass[SortStrategy], id=1468]], FeedbackDTO[id=1003, text=null, detailText=null, hasLongFeedbackText=false, reference=null, credits=3.230769230769231, positive=true, type=AUTOMATIC, visibility=ALWAYS, testCase=TestCaseDTO[testName=testClass[BubbleSort], id=1472]], FeedbackDTO[id=1004, text=null, detailText=null, hasLongFeedbackText=false, reference=null, credits=3.230769230769231, positive=true, type=AUTOMATIC, visibility=ALWAYS, testCase=TestCaseDTO[testName=testMergeSort(), id=1477]], FeedbackDTO[id=1005, text=null, detailText=null, hasLongFeedbackText=false, reference=null, credits=3.230769230769231, positive=true, type=AUTOMATIC, visibility=ALWAYS, testCase=TestCaseDTO[testName=testUseBubbleSortForSmallList(), id=1478]], FeedbackDTO[id=1006, text=null, detailText=null, hasLongFeedbackText=false, reference=null, credits=3.230769230769231, positive=true, type=AUTOMATIC, visibility=ALWAYS, testCase=TestCaseDTO[testName=testBubbleSort(), id=1480]], FeedbackDTO[id=1007, text=null, detailText=null, hasLongFeedbackText=false, reference=null, credits=3.230769230769231, positive=true, type=AUTOMATIC, visibility=ALWAYS, testCase=TestCaseDTO[testName=testUseMergeSortForBigList(), id=1479]], FeedbackDTO[id=1008, text=null, detailText=null, hasLongFeedbackText=false, reference=null, credits=3.230769230769231, positive=true, type=AUTOMATIC, visibility=ALWAYS, testCase=TestCaseDTO[testName=testConstructors[Policy], id=1473]], FeedbackDTO[id=1009, text=null, detailText=null, hasLongFeedbackText=false, reference=null, credits=3.230769230769231, positive=true, type=AUTOMATIC, visibility=ALWAYS, testCase=TestCaseDTO[testName=testAttributes[Context], id=1469]], FeedbackDTO[id=1010, text=null, detailText=null, hasLongFeedbackText=false, reference=null, credits=3.230769230769231, positive=true, type=AUTOMATIC, visibility=ALWAYS, testCase=TestCaseDTO[testName=testAttributes[Policy], id=1470]]], assessmentType=AUTOMATIC, hasComplaint=null, exampleResult=null, testCaseCount=13, passedTestCaseCount=13, codeIssueCount=0]], BuildJobQueueItem[id=20301739576752239, name=SHORT716C2EC10B19B049C80A2F00B97EAB20B2A9TSTEXC-BASE, buildAgent=BuildAgentDTO[name=artemis-build-agent-test, memberAddress=[127.0.0.1]:5703, displayName=artemis-build-agent-test], participationId=2030, courseId=993, exerciseId=2610, retryCount=0, priority=2, status=SUCCESSFUL, repositoryInfo=RepositoryInfo[repositoryName=short716c2ec10b19b049c80a2f00b97eab20b2a9tstexc-exercise, repositoryType=exercise, triggeredByPushTo=tests, assignmentRepositoryUri=http://localhost:49152/git/SHORT716C2EC10B19B049C80A2F00B97EAB20B2A9TSTEXC/short716c2ec10b19b049c80a2f00b97eab20b2a9tstexc-exercise.git, testRepositoryUri=http://localhost:49152/git/SHORT716C2EC10B19B049C80A2F00B97EAB20B2A9TSTEXC/short716c2ec10b19b049c80a2f00b97eab20b2a9tstexc-tests.git, solutionRepositoryUri=null, auxiliaryRepositoryUris=[Ljava.lang.String;@2483a708, auxiliaryRepositoryCheckoutDirectories=[Ljava.lang.String;@3fd3951a], jobTimingInfo=JobTimingInfo[submissionDate=2025-02-14T23:45:52.239402475Z[Etc/UTC], buildStartDate=2025-02-14T23:45:52.258713639Z[Etc/UTC], buildCompletionDate=2025-02-14T23:45:53.238773956Z[Etc/UTC], estimatedCompletionDate=2025-02-14T23:45:53.258707428Z[Etc/UTC], estimatedDuration=1], buildConfig=BuildConfig[buildScript=#!/bin/bash
cd /var/tmp/testing-dir
chmod +x ./gradlew
./gradlew clean test
, dockerImage=dummy-docker-image:latest, commitHashToBuild=1e531733ed6e9237f710b528d1eb0b7beac565fd, assignmentCommitHash=815e279f12ad296b4f24c44134a07293c04c010f, testCommitHash=1e531733ed6e9237f710b528d1eb0b7beac565fd, branch=main, programmingLanguage=JAVA, projectType=PLAIN_GRADLE, scaEnabled=false, sequentialTestRunsEnabled=false, resultPaths=[/var/tmp/testing-dir/**/test-results/test/*.xml], timeoutSeconds=0, assignmentCheckoutPath=null, testCheckoutPath=null, solutionCheckoutPath=null, dockerRunConfig=null], submissionResult=ResultDTO[id=639, completionDate=2025-02-14T23:45:53.225806205Z[Etc/UTC], successful=false, score=0.0, rated=true, submission=SubmissionDTO[id=833, submitted=true, type=TEST, exampleSubmission=null, submissionDate=2025-02-14T23:45:52.237179Z, commitHash=1e531733ed6e9237f710b528d1eb0b7beac565fd, buildFailed=false, buildArtifact=false, participation=ParticipationDTO[id=2030, testRun=false, type=template, submissionCount=null, exercise=ParticipationExerciseDTO[id=2610, exerciseType=PROGRAMMING, type=programming, assessmentType=AUTOMATIC, dueDate=2025-02-16T23:45:50.869093Z, assessmentDueDate=null, maxPoints=42.0, course=CourseDTO[id=993, accuracyOfScores=1]]], submissionExerciseType=programming, isProcessing=false, buildStartDate=null, estimatedCompletionDate=null], participation=ParticipationDTO[id=2030, testRun=false, type=template, submissionCount=null, exercise=ParticipationExerciseDTO[id=2610, exerciseType=PROGRAMMING, type=programming, assessmentType=AUTOMATIC, dueDate=2025-02-16T23:45:50.869093Z, assessmentDueDate=null, maxPoints=42.0, course=CourseDTO[id=993, accuracyOfScores=1]]], feedbacks=[FeedbackDTO[id=1011, text=null, detailText=The exercise expects a class with the name Context in the package testpackage. You did not implement the class in the exercise., hasLongFeedbackText=false, reference=null, credits=0.0, positive=false, type=AUTOMATIC, visibility=ALWAYS, testCase=TestCaseDTO[testName=testMethods[Context], id=1474]], FeedbackDTO[id=1012, text=null, detailText=The exercise expects a class with the name Policy in the package testpackage. You did not implement the class in the exercise., hasLongFeedbackText=false, reference=null, credits=0.0, positive=false, type=AUTOMATIC, visibility=ALWAYS, testCase=TestCaseDTO[testName=testMethods[Policy], id=1475]], FeedbackDTO[id=1013, text=null, detailText=The exercise expects a class with the name SortStrategy in the package testpackage. You did not implement the class in the exercise., hasLongFeedbackText=false, reference=null, credits=0.0, positive=false, type=AUTOMATIC, visibility=ALWAYS, testCase=TestCaseDTO[testName=testMethods[SortStrategy], id=1476]], FeedbackDTO[id=1014, text=null, detailText=The class 'MergeSort' does not implement the interface 'SortStrategy' as expected. Implement the interface and its methods., hasLongFeedbackText=false, reference=null, credits=0.0, positive=false, type=AUTOMATIC, visibility=ALWAYS, testCase=TestCaseDTO[testName=testClass[MergeSort], id=1471]], FeedbackDTO[id=1015, text=null, detailText=The exercise expects a class with the name SortStrategy in the package testpackage. You did not implement the class in the exercise., hasLongFeedbackText=false, reference=null, credits=0.0, positive=false, type=AUTOMATIC, visibility=ALWAYS, testCase=TestCaseDTO[testName=testClass[SortStrategy], id=1468]], FeedbackDTO[id=1016, text=null, detailText=The class 'BubbleSort' does not implement the interface 'SortStrategy' as expected. Implement the interface and its methods., hasLongFeedbackText=false, reference=null, credits=0.0, positive=false, type=AUTOMATIC, visibility=ALWAYS, testCase=TestCaseDTO[testName=testClass[BubbleSort], id=1472]], FeedbackDTO[id=1017, text=null, detailText=MergeSort does not sort correctly, hasLongFeedbackText=false, reference=null, credits=0.0, positive=false, type=AUTOMATIC, visibility=ALWAYS, testCase=TestCaseDTO[testName=testMergeSort(), id=1477]], FeedbackDTO[id=1018, text=null, detailText=The class 'Context' was not found within the submission. Make sure to implement it properly., hasLongFeedbackText=false, reference=null, credits=0.0, positive=false, type=AUTOMATIC, visibility=ALWAYS, testCase=TestCaseDTO[testName=testUseBubbleSortForSmallList(), id=1478]], FeedbackDTO[id=1019, text=null, detailText=BubbleSort does not sort correctly, hasLongFeedbackText=false, reference=null, credits=0.0, positive=false, type=AUTOMATIC, visibility=ALWAYS, testCase=TestCaseDTO[testName=testBubbleSort(), id=1480]], FeedbackDTO[id=1020, text=null, detailText=The class 'Context' was not found within the submission. Make sure to implement it properly., hasLongFeedbackText=false, reference=null, credits=0.0, positive=false, type=AUTOMATIC, visibility=ALWAYS, testCase=TestCaseDTO[testName=testUseMergeSortForBigList(), id=1479]], FeedbackDTO[id=1021, text=null, detailText=The exercise expects a class with the name Policy in the package testpackage. You did not implement the class in the exercise., hasLongFeedbackText=false, reference=null, credits=0.0, positive=false, type=AUTOMATIC, visibility=ALWAYS, testCase=TestCaseDTO[testName=testConstructors[Policy], id=1473]], FeedbackDTO[id=1022, text=null, detailText=The exercise expects a class with the name Context in the package testpackage. You did not implement the class in the exercise., hasLongFeedbackText=false, reference=null, credits=0.0, positive=false, type=AUTOMATIC, visibility=ALWAYS, testCase=TestCaseDTO[testName=testAttributes[Context], id=1469]], FeedbackDTO[id=1023, text=null, detailText=The exercise expects a class with the name Policy in the package testpackage. You did not implement the class in the exercise., hasLongFeedbackText=false, reference=null, credits=0.0, positive=false, type=AUTOMATIC, visibility=ALWAYS, testCase=TestCaseDTO[testName=testAttributes[Policy], id=1470]]], assessmentType=AUTOMATIC, hasComplaint=null, exampleResult=null, testCaseCount=13, passedTestCaseCount=0, codeIssueCount=0]], BuildJobQueueItem[id=20391739576754750, name=SHORT3A680734092E404EF80A4C60FBC1E408F7D0TSTEXC-LOCALVCCIINTSTUDENT1, buildAgent=BuildAgentDTO[name=artemis-build-agent-test, memberAddress=[127.0.0.1]:5703, displayName=artemis-build-agent-test], participationId=2039, courseId=996, exerciseId=2613, retryCount=0, priority=2, status=SUCCESSFUL, repositoryInfo=RepositoryInfo[repositoryName=short3a680734092e404ef80a4c60fbc1e408f7d0tstexc-localvcciintstudent1, repositoryType=user, triggeredByPushTo=user, assignmentRepositoryUri=http://localhost:49152/git/SHORT3A680734092E404EF80A4C60FBC1E408F7D0TSTEXC/short3a680734092e404ef80a4c60fbc1e408f7d0tstexc-localvcciintstudent1.git, testRepositoryUri=http://localhost:49152/git/SHORT3A680734092E404EF80A4C60FBC1E408F7D0TSTEXC/short3a680734092e404ef80a4c60fbc1e408f7d0tstexc-tests.git, solutionRepositoryUri=null, auxiliaryRepositoryUris=[Ljava.lang.String;@53cd6268, auxiliaryRepositoryCheckoutDirectories=[Ljava.lang.String;@6550885d], jobTimingInfo=JobTimingInfo[submissionDate=2025-02-14T23:45:54.750657185Z[Etc/UTC], buildStartDate=2025-02-14T23:45:54.765232948Z[Etc/UTC], buildCompletionDate=2025-02-14T23:45:55.645844970Z[Etc/UTC], estimatedCompletionDate=2025-02-14T23:46:13.765225363Z[Etc/UTC], estimatedDuration=19], buildConfig=BuildConfig[buildScript=#!/bin/bash
cd /var/tmp/testing-dir
chmod +x ./gradlew
./gradlew clean test
, dockerImage=dummy-docker-image:latest, commitHashToBuild=9344436f8d5a5ce3aa40215562db211ed501371f, assignmentCommitHash=9344436f8d5a5ce3aa40215562db211ed501371f, testCommitHash=ff421c3651ec230fed2f20f72c2901ae372be06a, branch=main, programmingLanguage=JAVA, projectType=PLAIN_GRADLE, scaEnabled=false, sequentialTestRunsEnabled=false, resultPaths=[/var/tmp/testing-dir/**/test-results/test/*.xml], timeoutSeconds=0, assignmentCheckoutPath=null, testCheckoutPath=null, solutionCheckoutPath=null, dockerRunConfig=null], submissionResult=ResultDTO[id=640, completionDate=2025-02-14T23:45:55.628250079Z[Etc/UTC], successful=false, score=7.7, rated=true, submission=SubmissionDTO[id=834, submitted=true, type=MANUAL, exampleSubmission=null, submissionDate=2025-02-14T23:45:54.732007Z, commitHash=9344436f8d5a5ce3aa40215562db211ed501371f, buildFailed=false, buildArtifact=false, participation=ParticipationDTO[id=2039, testRun=false, type=programming, submissionCount=null, exercise=ParticipationExerciseDTO[id=2613, exerciseType=PROGRAMMING, type=programming, assessmentType=AUTOMATIC, dueDate=2025-02-16T23:45:54.546562Z, assessmentDueDate=null, maxPoints=42.0, course=CourseDTO[id=996, accuracyOfScores=1]]], submissionExerciseType=programming, isProcessing=false, buildStartDate=null, estimatedCompletionDate=null], participation=ParticipationDTO[id=2039, testRun=false, type=programming, submissionCount=null, exercise=ParticipationExerciseDTO[id=2613, exerciseType=PROGRAMMING, type=programming, assessmentType=AUTOMATIC, dueDate=2025-02-16T23:45:54.546562Z, assessmentDueDate=null, maxPoints=42.0, course=CourseDTO[id=996, accuracyOfScores=1]]], feedbacks=[FeedbackDTO[id=1024, text=null, detailText=The exercise expects a class with the name Context in the package testpackage. You did not implement the class in the exercise., hasLongFeedbackText=false, reference=null, credits=0.0, positive=false, type=AUTOMATIC, visibility=ALWAYS, testCase=TestCaseDTO[testName=null, id=1513]], FeedbackDTO[id=1025, text=null, detailText=The exercise expects a class with the name Policy in the package testpackage. You did not implement the class in the exercise., hasLongFeedbackText=false, reference=null, credits=0.0, positive=false, type=AUTOMATIC, visibility=ALWAYS, testCase=TestCaseDTO[testName=null, id=1514]], FeedbackDTO[id=1026, text=null, detailText=The exercise expects a class with the name SortStrategy in the package testpackage. You did not implement the class in the exercise., hasLongFeedbackText=false, reference=null, credits=0.0, positive=false, type=AUTOMATIC, visibility=ALWAYS, testCase=TestCaseDTO[testName=null, id=1515]], FeedbackDTO[id=1027, text=null, detailText=The class 'MergeSort' does not implement the interface 'SortStrategy' as expected. Implement the interface and its methods., hasLongFeedbackText=false, reference=null, credits=0.0, positive=false, type=AUTOMATIC, visibility=ALWAYS, testCase=TestCaseDTO[testName=null, id=1510]], FeedbackDTO[id=1028, text=null, detailText=The exercise expects a class with the name SortStrategy in the package testpackage. You did not implement the class in the exercise., hasLongFeedbackText=false, reference=null, credits=0.0, positive=false, type=AUTOMATIC, visibility=ALWAYS, testCase=TestCaseDTO[testName=null, id=1507]], FeedbackDTO[id=1029, text=null, detailText=The class 'BubbleSort' does not implement the interface 'SortStrategy' as expected. Implement the interface and its methods., hasLongFeedbackText=false, reference=null, credits=0.0, positive=false, type=AUTOMATIC, visibility=ALWAYS, testCase=TestCaseDTO[testName=null, id=1511]], FeedbackDTO[id=1030, text=null, detailText=MergeSort does not sort correctly, hasLongFeedbackText=false, reference=null, credits=0.0, positive=false, type=AUTOMATIC, visibility=ALWAYS, testCase=TestCaseDTO[testName=null, id=1516]], FeedbackDTO[id=1031, text=null, detailText=The class 'Context' was not found within the submission. Make sure to implement it properly., hasLongFeedbackText=false, reference=null, credits=0.0, positive=false, type=AUTOMATIC, visibility=ALWAYS, testCase=TestCaseDTO[testName=null, id=1517]], FeedbackDTO[id=1032, text=null, detailText=The class 'Context' was not found within the submission. Make sure to implement it properly., hasLongFeedbackText=false, reference=null, credits=0.0, positive=false, type=AUTOMATIC, visibility=ALWAYS, testCase=TestCaseDTO[testName=null, id=1518]], FeedbackDTO[id=1033, text=null, detailText=The exercise expects a class with the name Policy in the package testpackage. You did not implement the class in the exercise., hasLongFeedbackText=false, reference=null, credits=0.0, positive=false, type=AUTOMATIC, visibility=ALWAYS, testCase=TestCaseDTO[testName=null, id=1512]], FeedbackDTO[id=1034, text=null, detailText=The exercise expects a class with the name Context in the package testpackage. You did not implement the class in the exercise., hasLongFeedbackText=false, reference=null, credits=0.0, positive=false, type=AUTOMATIC, visibility=ALWAYS, testCase=TestCaseDTO[testName=null, id=1508]], FeedbackDTO[id=1035, text=null, detailText=The exercise expects a class with the name Policy in the package testpackage. You did not implement the class in the exercise., hasLongFeedbackText=false, reference=null, credits=0.0, positive=false, type=AUTOMATIC, visibility=ALWAYS, testCase=TestCaseDTO[testName=null, id=1509]], FeedbackDTO[id=1036, text=null, detailText=null, hasLongFeedbackText=false, reference=null, credits=3.230769230769231, positive=true, type=AUTOMATIC, visibility=ALWAYS, testCase=TestCaseDTO[testName=null, id=1519]]], assessmentType=AUTOMATIC, hasComplaint=null, exampleResult=null, testCaseCount=13, passedTestCaseCount=1, codeIssueCount=0]], BuildJobQueueItem[id=20431739576757232, name=SHORT3945BC5E092B90459B0A7F006DF5F64347FDTSTEXC-SOLUTION, buildAgent=BuildAgentDTO[name=artemis-build-agent-test, memberAddress=[127.0.0.1]:5703, displayName=artemis-build-agent-test], participationId=2043, courseId=998, exerciseId=2615, retryCount=0, priority=2, status=SUCCESSFUL, repositoryInfo=RepositoryInfo[repositoryName=short3945bc5e092b90459b0a7f006df5f64347fdtstexc-solution, repositoryType=solution, triggeredByPushTo=solution, assignmentRepositoryUri=http://localhost:49152/git/SHORT3945BC5E092B90459B0A7F006DF5F64347FDTSTEXC/short3945bc5e092b90459b0a7f006df5f64347fdtstexc-solution.git, testRepositoryUri=http://localhost:49152/git/SHORT3945BC5E092B90459B0A7F006DF5F64347FDTSTEXC/short3945bc5e092b90459b0a7f006df5f64347fdtstexc-tests.git, solutionRepositoryUri=null, auxiliaryRepositoryUris=[Ljava.lang.String;@5c52c818, auxiliaryRepositoryCheckoutDirectories=[Ljava.lang.String;@7f8afdcd], jobTimingInfo=JobTimingInfo[submissionDate=2025-02-14T23:45:57.232907777Z[Etc/UTC], buildStartDate=2025-02-14T23:45:57.240437339Z[Etc/UTC], buildCompletionDate=2025-02-14T23:45:58.062328619Z[Etc/UTC], estimatedCompletionDate=2025-02-14T23:46:16.240428743Z[Etc/UTC], estimatedDuration=19], buildConfig=BuildConfig[buildScript=#!/bin/bash
cd /var/tmp/testing-dir
chmod +x ./gradlew
./gradlew clean test
, dockerImage=dummy-docker-image:latest, commitHashToBuild=c315388a235502fd958ae3c7ffbbbbf126a8fe21, assignmentCommitHash=c315388a235502fd958ae3c7ffbbbbf126a8fe21, testCommitHash=28488095271179f4eface46480ec45511f50df5d, branch=main, programmingLanguage=JAVA, projectType=PLAIN_GRADLE, scaEnabled=false, sequentialTestRunsEnabled=false, resultPaths=[/var/tmp/testing-dir/**/test-results/test/*.xml], timeoutSeconds=0, assignmentCheckoutPath=null, testCheckoutPath=null, solutionCheckoutPath=null, dockerRunConfig=null], submissionResult=ResultDTO[id=641, completionDate=2025-02-14T23:45:58.032353400Z[Etc/UTC], successful=true, score=100.0, rated=true, submission=SubmissionDTO[id=835, submitted=true, type=MANUAL, exampleSubmission=null, submissionDate=2025-02-14T23:45:57.222714Z, commitHash=c315388a235502fd958ae3c7ffbbbbf126a8fe21, buildFailed=false, buildArtifact=false, participation=ParticipationDTO[id=2043, testRun=false, type=solution, submissionCount=null, exercise=ParticipationExerciseDTO[id=2615, exerciseType=PROGRAMMING, type=programming, assessmentType=AUTOMATIC, dueDate=2025-02-16T23:45:56.808788Z, assessmentDueDate=null, maxPoints=42.0, course=CourseDTO[id=998, accuracyOfScores=1]]], submissionExerciseType=programming, isProcessing=false, buildStartDate=null, estimatedCompletionDate=null], participation=ParticipationDTO[id=2043, testRun=false, type=solution, submissionCount=null, exercise=ParticipationExerciseDTO[id=2615, exerciseType=PROGRAMMING, type=programming, assessmentType=AUTOMATIC, dueDate=2025-02-16T23:45:56.808788Z, assessmentDueDate=null, maxPoints=42.0, course=CourseDTO[id=998, accuracyOfScores=1]]], feedbacks=[FeedbackDTO[id=1037, text=null, detailText=null, hasLongFeedbackText=false, reference=null, credits=3.230769230769231, positive=true, type=AUTOMATIC, visibility=ALWAYS, testCase=TestCaseDTO[testName=testMethods[Context], id=1539]], FeedbackDTO[id=1038, text=null, detailText=null, hasLongFeedbackText=false, reference=null, credits=3.230769230769231, positive=true, type=AUTOMATIC, visibility=ALWAYS, testCase=TestCaseDTO[testName=testMethods[Policy], id=1540]], FeedbackDTO[id=1039, text=null, detailText=null, hasLongFeedbackText=false, reference=null, credits=3.230769230769231, positive=true, type=AUTOMATIC, visibility=ALWAYS, testCase=TestCaseDTO[testName=testMethods[SortStrategy], id=1541]], FeedbackDTO[id=1040, text=null, detailText=null, hasLongFeedbackText=false, reference=null, credits=3.230769230769231, positive=true, type=AUTOMATIC, visibility=ALWAYS, testCase=TestCaseDTO[testName=testClass[MergeSort], id=1536]], FeedbackDTO[id=1041, text=null, detailText=null, hasLongFeedbackText=false, reference=null, credits=3.230769230769231, positive=true, type=AUTOMATIC, visibility=ALWAYS, testCase=TestCaseDTO[testName=testClass[SortStrategy], id=1533]], FeedbackDTO[id=1042, text=null, detailText=null, hasLongFeedbackText=false, reference=null, credits=3.230769230769231, positive=true, type=AUTOMATIC, visibility=ALWAYS, testCase=TestCaseDTO[testName=testClass[BubbleSort], id=1537]], FeedbackDTO[id=1043, text=null, detailText=null, hasLongFeedbackText=false, reference=null, credits=3.230769230769231, positive=true, type=AUTOMATIC, visibility=ALWAYS, testCase=TestCaseDTO[testName=testMergeSort(), id=1542]], FeedbackDTO[id=1044, text=null, detailText=null, hasLongFeedbackText=false, reference=null, credits=3.230769230769231, positive=true, type=AUTOMATIC, visibility=ALWAYS, testCase=TestCaseDTO[testName=testUseBubbleSortForSmallList(), id=1543]], FeedbackDTO[id=1045, text=null, detailText=null, hasLongFeedbackText=false, reference=null, credits=3.230769230769231, positive=true, type=AUTOMATIC, visibility=ALWAYS, testCase=TestCaseDTO[testName=testBubbleSort(), id=1545]], FeedbackDTO[id=1046, text=null, detailText=null, hasLongFeedbackText=false, reference=null, credits=3.230769230769231, positive=true, type=AUTOMATIC, visibility=ALWAYS, testCase=TestCaseDTO[testName=testUseMergeSortForBigList(), id=1544]], FeedbackDTO[id=1047, text=null, detailText=null, hasLongFeedbackText=false, reference=null, credits=3.230769230769231, positive=true, type=AUTOMATIC, visibility=ALWAYS, testCase=TestCaseDTO[testName=testConstructors[Policy], id=1538]], FeedbackDTO[id=1048, text=null, detailText=null, hasLongFeedbackText=false, reference=null, credits=3.230769230769231, positive=true, type=AUTOMATIC, visibility=ALWAYS, testCase=TestCaseDTO[testName=testAttributes[Context], id=1534]], FeedbackDTO[id=1049, text=null, detailText=null, hasLongFeedbackText=false, reference=null, credits=3.230769230769231, positive=true, type=AUTOMATIC, visibility=ALWAYS, testCase=TestCaseDTO[testName=testAttributes[Policy], id=1535]]], assessmentType=AUTOMATIC, hasComplaint=null, exampleResult=null, testCaseCount=13, passedTestCaseCount=13, codeIssueCount=0]]], publicSshKey=ssh-rsa AAAAB3NzaC1yc2EAAAADAQABAAACAQCOPdMsxRE2jFJ/UEa5/LsBxtwzJcrh3/rYBCQvcMeVpiRfhzQPWu7mrt/G2Ew+i+vRloGH9aqKg6dd1liRncao53Zmd/ePxoatXePNhmzTfkCkcSkTUz7B+QMjkoDDV5jwuFPD6mF3JkhuzSi64n9Zy905t4w2IhVcjM2mL3eYNjiCXt6Qpq3Pkt7dM/Ksw1nxnvuiIALuJLB3FTkXkHqq3PJav+9HSq2r6ZaWgekneaGxlQlb+U+Vy3XOuArKAzK8c8i+0bR+AHiTG6ncYXt7ax3U+TdlDTF7OLP3umwaYjs1NBXOHwG42pevvpKn2fqavZZozk+M05jXLx3bq0O7itxfErWc7etky8qYPyyIMF/txQIVLd78+Ze4d7Y60t5MGbXM5cGE6fFif5fEJwgswXD+BrG0cafz1CTatjSKFdvp8Vp4VszXhHDan1PrP6JEFJ5Cc5GDmLRZPCFa3vL9f5qXgf4bkqKN8MYeEujwJE5nMRWoiJVNakix2bcrrneQMBlnYeYZVWXXXUusAQBzl4NgddC1umZpihZkL1b1MffZAUW3EGEXi7KHnllQhkTLLsQ8ntMgbylqaJKStqaXlLvdeRJcEnUuiFCrHEVVbXRFZR7XVDZ02CE5o3MuaRPty8Kh+jRTF3COlAckHwYEJCNNJvXFgb2CNXL4mjzYDw== test@localhost]
    23:45:58.190 | 566 localvc.event-13 | DEBUG | s.l.LocalCIWebsocketMessagingService : Sending message on topic /topic/admin/build-agents: [BuildAgentInformation[buildAgent=BuildAgentDTO[name=artemis-build-agent-test, memberAddress=[127.0.0.1]:5703, displayName=artemis-build-agent-test], maxNumberOfConcurrentBuildJobs=1, numberOfCurrentBuildJobs=0, runningBuildJobs=[], status=IDLE, recentBuildJobs=null, publicSshKey=null]]
    23:45:58.191 | 566 localvc.event-13 | DEBUG | s.l.LocalCIWebsocketMessagingService : Sending message on topic /topic/admin/build-agent/artemis-build-agent-test: BuildAgentInformation[buildAgent=BuildAgentDTO[name=artemis-build-agent-test, memberAddress=[127.0.0.1]:5703, displayName=artemis-build-agent-test], maxNumberOfConcurrentBuildJobs=1, numberOfCurrentBuildJobs=0, runningBuildJobs=[], status=IDLE, recentBuildJobs=[BuildJobQueueItem[id=19141739576708030, name=SHORT5F02A8F400311042E70858306EB148073CFDTSTEXC-LOCALVCINTSTUDENT1, buildAgent=BuildAgentDTO[name=artemis-build-agent-test, memberAddress=[127.0.0.1]:5703, displayName=artemis-build-agent-test], participationId=1914, courseId=947, exerciseId=2564, retryCount=0, priority=2, status=FAILED, repositoryInfo=RepositoryInfo[repositoryName=short5f02a8f400311042e70858306eb148073cfdtstexc-localvcintstudent1, repositoryType=user, triggeredByPushTo=user, assignmentRepositoryUri=http://localhost:49152/git/SHORT5F02A8F400311042E70858306EB148073CFDTSTEXC/short5f02a8f400311042e70858306eb148073cfdtstexc-localvcintstudent1.git, testRepositoryUri=http://localhost:49152/git/SHORT5F02A8F400311042E70858306EB148073CFDTSTEXC/short5f02a8f400311042e70858306eb148073cfdtstexc-tests.git, solutionRepositoryUri=null, auxiliaryRepositoryUris=[Ljava.lang.String;@6cc77a75, auxiliaryRepositoryCheckoutDirectories=[Ljava.lang.String;@440b86b5], jobTimingInfo=JobTimingInfo[submissionDate=2025-02-14T23:45:08.030118216Z[Etc/UTC], buildStartDate=2025-02-14T23:45:08.041011412Z[Etc/UTC], buildCompletionDate=2025-02-14T23:45:08.054603331Z[Etc/UTC], estimatedCompletionDate=2025-02-14T23:45:27.041005080Z[Etc/UTC], estimatedDuration=19], buildConfig=BuildConfig[buildScript=#!/bin/bash
cd /var/tmp/testing-dir
chmod +x ./gradlew
./gradlew clean test
, dockerImage=dummy-docker-image:latest, commitHashToBuild=6e7146cac5059504aa9d170ec3fa23aec740bb51, assignmentCommitHash=6e7146cac5059504aa9d170ec3fa23aec740bb51, testCommitHash=931e5303581c7a2f01339ba603cfafbfe668b901, branch=main, programmingLanguage=JAVA, projectType=PLAIN_GRADLE, scaEnabled=false, sequentialTestRunsEnabled=false, resultPaths=[/var/tmp/testing-dir/**/test-results/test/*.xml], timeoutSeconds=0, assignmentCheckoutPath=null, testCheckoutPath=null, solutionCheckoutPath=null, dockerRunConfig=null], submissionResult=ResultDTO[id=622, completionDate=2025-02-14T23:45:08.054683681Z[Etc/UTC], successful=false, score=0.0, rated=true, submission=SubmissionDTO[id=814, submitted=true, type=MANUAL, exampleSubmission=null, submissionDate=2025-02-14T23:45:08.016200Z, commitHash=6e7146cac5059504aa9d170ec3fa23aec740bb51, buildFailed=true, buildArtifact=false, participation=ParticipationDTO[id=1914, testRun=false, type=programming, submissionCount=null, exercise=ParticipationExerciseDTO[id=2564, exerciseType=PROGRAMMING, type=programming, assessmentType=AUTOMATIC, dueDate=2025-02-16T23:45:07.324348Z, assessmentDueDate=null, maxPoints=42.0, course=CourseDTO[id=947, accuracyOfScores=1]]], submissionExerciseType=programming, isProcessing=false, buildStartDate=null, estimatedCompletionDate=null], participation=ParticipationDTO[id=1914, testRun=false, type=programming, submissionCount=null, exercise=ParticipationExerciseDTO[id=2564, exerciseType=PROGRAMMING, type=programming, assessmentType=AUTOMATIC, dueDate=2025-02-16T23:45:07.324348Z, assessmentDueDate=null, maxPoints=42.0, course=CourseDTO[id=947, accuracyOfScores=1]]], feedbacks=[], assessmentType=AUTOMATIC, hasComplaint=null, exampleResult=null, testCaseCount=0, passedTestCaseCount=0, codeIssueCount=0]], BuildJobQueueItem[id=19361739576711303, name=SHORT9AFDAE3804CA304DDF0889A0CB0F56104A86TSTEXC-LOCALVCINTSTUDENT1, buildAgent=BuildAgentDTO[name=artemis-build-agent-test, memberAddress=[127.0.0.1]:5703, displayName=artemis-build-agent-test], participationId=1936, courseId=956, exerciseId=2573, retryCount=0, priority=2, status=FAILED, repositoryInfo=RepositoryInfo[repositoryName=short9afdae3804ca304ddf0889a0cb0f56104a86tstexc-localvcintstudent1, repositoryType=user, triggeredByPushTo=user, assignmentRepositoryUri=http://localhost:49152/git/SHORT9AFDAE3804CA304DDF0889A0CB0F56104A86TSTEXC/short9afdae3804ca304ddf0889a0cb0f56104a86tstexc-localvcintstudent1.git, testRepositoryUri=http://localhost:49152/git/SHORT9AFDAE3804CA304DDF0889A0CB0F56104A86TSTEXC/short9afdae3804ca304ddf0889a0cb0f56104a86tstexc-tests.git, solutionRepositoryUri=null, auxiliaryRepositoryUris=[Ljava.lang.String;@6333afec, auxiliaryRepositoryCheckoutDirectories=[Ljava.lang.String;@3ed45d68], jobTimingInfo=JobTimingInfo[submissionDate=2025-02-14T23:45:11.303805653Z[Etc/UTC], buildStartDate=2025-02-14T23:45:11.310981356Z[Etc/UTC], buildCompletionDate=2025-02-14T23:45:11.319178384Z[Etc/UTC], estimatedCompletionDate=2025-02-14T23:45:30.310974944Z[Etc/UTC], estimatedDuration=19], buildConfig=BuildConfig[buildScript=#!/bin/bash
cd /var/tmp/testing-dir
chmod +x ./gradlew
./gradlew clean test
, dockerImage=dummy-docker-image:latest, commitHashToBuild=a1099e378cffde441ef85f9b12577ca174b8e1e4, assignmentCommitHash=a1099e378cffde441ef85f9b12577ca174b8e1e4, testCommitHash=bd38d61c299ab11a1dea82a3ca5493fe04d97d47, branch=main, programmingLanguage=JAVA, projectType=PLAIN_GRADLE, scaEnabled=false, sequentialTestRunsEnabled=false, resultPaths=[/var/tmp/testing-dir/**/test-results/test/*.xml], timeoutSeconds=0, assignmentCheckoutPath=null, testCheckoutPath=null, solutionCheckoutPath=null, dockerRunConfig=null], submissionResult=ResultDTO[id=623, completionDate=2025-02-14T23:45:11.319278430Z[Etc/UTC], successful=false, score=0.0, rated=true, submission=SubmissionDTO[id=815, submitted=true, type=MANUAL, exampleSubmission=null, submissionDate=2025-02-14T23:45:11.294386Z, commitHash=a1099e378cffde441ef85f9b12577ca174b8e1e4, buildFailed=true, buildArtifact=false, participation=ParticipationDTO[id=1936, testRun=false, type=programming, submissionCount=null, exercise=ParticipationExerciseDTO[id=2573, exerciseType=PROGRAMMING, type=programming, assessmentType=AUTOMATIC, dueDate=2025-02-16T23:45:10.996982Z, assessmentDueDate=null, maxPoints=42.0, course=CourseDTO[id=956, accuracyOfScores=1]]], submissionExerciseType=programming, isProcessing=false, buildStartDate=null, estimatedCompletionDate=null], participation=ParticipationDTO[id=1936, testRun=false, type=programming, submissionCount=null, exercise=ParticipationExerciseDTO[id=2573, exerciseType=PROGRAMMING, type=programming, assessmentType=AUTOMATIC, dueDate=2025-02-16T23:45:10.996982Z, assessmentDueDate=null, maxPoints=42.0, course=CourseDTO[id=956, accuracyOfScores=1]]], feedbacks=[], assessmentType=AUTOMATIC, hasComplaint=null, exampleResult=null, testCaseCount=0, passedTestCaseCount=0, codeIssueCount=0]], BuildJobQueueItem[id=19351739576711674, name=SHORT9AFDAE3804CA304DDF0889A0CB0F56104A86TSTEXC-BASE, buildAgent=BuildAgentDTO[name=artemis-build-agent-test, memberAddress=[127.0.0.1]:5703, displayName=artemis-build-agent-test], participationId=1935, courseId=956, exerciseId=2573, retryCount=0, priority=2, status=FAILED, repositoryInfo=RepositoryInfo[repositoryName=short9afdae3804ca304ddf0889a0cb0f56104a86tstexc-exercise, repositoryType=exercise, triggeredByPushTo=exercise, assignmentRepositoryUri=http://localhost:49152/git/SHORT9AFDAE3804CA304DDF0889A0CB0F56104A86TSTEXC/short9afdae3804ca304ddf0889a0cb0f56104a86tstexc-exercise.git, testRepositoryUri=http://localhost:49152/git/SHORT9AFDAE3804CA304DDF0889A0CB0F56104A86TSTEXC/short9afdae3804ca304ddf0889a0cb0f56104a86tstexc-tests.git, solutionRepositoryUri=null, auxiliaryRepositoryUris=[Ljava.lang.String;@69979c15, auxiliaryRepositoryCheckoutDirectories=[Ljava.lang.String;@713181bc], jobTimingInfo=JobTimingInfo[submissionDate=2025-02-14T23:45:11.674556681Z[Etc/UTC], buildStartDate=2025-02-14T23:45:11.677776879Z[Etc/UTC], buildCompletionDate=2025-02-14T23:45:11.688097378Z[Etc/UTC], estimatedCompletionDate=2025-02-14T23:45:30.677771620Z[Etc/UTC], estimatedDuration=19], buildConfig=BuildConfig[buildScript=#!/bin/bash
cd /var/tmp/testing-dir
chmod +x ./gradlew
./gradlew clean test
, dockerImage=dummy-docker-image:latest, commitHashToBuild=a1099e378cffde441ef85f9b12577ca174b8e1e4, assignmentCommitHash=a1099e378cffde441ef85f9b12577ca174b8e1e4, testCommitHash=bd38d61c299ab11a1dea82a3ca5493fe04d97d47, branch=main, programmingLanguage=JAVA, projectType=PLAIN_GRADLE, scaEnabled=false, sequentialTestRunsEnabled=false, resultPaths=[/var/tmp/testing-dir/**/test-results/test/*.xml], timeoutSeconds=0, assignmentCheckoutPath=null, testCheckoutPath=null, solutionCheckoutPath=null, dockerRunConfig=null], submissionResult=ResultDTO[id=624, completionDate=2025-02-14T23:45:11.688214837Z[Etc/UTC], successful=false, score=0.0, rated=true, submission=SubmissionDTO[id=816, submitted=true, type=MANUAL, exampleSubmission=null, submissionDate=2025-02-14T23:45:11.656934Z, commitHash=a1099e378cffde441ef85f9b12577ca174b8e1e4, buildFailed=true, buildArtifact=false, participation=ParticipationDTO[id=1935, testRun=false, type=template, submissionCount=null, exercise=ParticipationExerciseDTO[id=2573, exerciseType=PROGRAMMING, type=programming, assessmentType=AUTOMATIC, dueDate=2025-02-16T23:45:10.996982Z, assessmentDueDate=null, maxPoints=42.0, course=CourseDTO[id=956, accuracyOfScores=1]]], submissionExerciseType=programming, isProcessing=false, buildStartDate=null, estimatedCompletionDate=null], participation=ParticipationDTO[id=1935, testRun=false, type=template, submissionCount=null, exercise=ParticipationExerciseDTO[id=2573, exerciseType=PROGRAMMING, type=programming, assessmentType=AUTOMATIC, dueDate=2025-02-16T23:45:10.996982Z, assessmentDueDate=null, maxPoints=42.0, course=CourseDTO[id=956, accuracyOfScores=1]]], feedbacks=[], assessmentType=AUTOMATIC, hasComplaint=null, exampleResult=null, testCaseCount=0, passedTestCaseCount=0, codeIssueCount=0]], BuildJobQueueItem[id=19341739576712112, name=SHORT9AFDAE3804CA304DDF0889A0CB0F56104A86TSTEXC-SOLUTION, buildAgent=BuildAgentDTO[name=artemis-build-agent-test, memberAddress=[127.0.0.1]:5703, displayName=artemis-build-agent-test], participationId=1934, courseId=956, exerciseId=2573, retryCount=0, priority=2, status=FAILED, repositoryInfo=RepositoryInfo[repositoryName=short9afdae3804ca304ddf0889a0cb0f56104a86tstexc-solution, repositoryType=solution, triggeredByPushTo=solution, assignmentRepositoryUri=http://localhost:49152/git/SHORT9AFDAE3804CA304DDF0889A0CB0F56104A86TSTEXC/short9afdae3804ca304ddf0889a0cb0f56104a86tstexc-solution.git, testRepositoryUri=http://localhost:49152/git/SHORT9AFDAE3804CA304DDF0889A0CB0F56104A86TSTEXC/short9afdae3804ca304ddf0889a0cb0f56104a86tstexc-tests.git, solutionRepositoryUri=null, auxiliaryRepositoryUris=[Ljava.lang.String;@f831cb9, auxiliaryRepositoryCheckoutDirectories=[Ljava.lang.String;@13203f3c], jobTimingInfo=JobTimingInfo[submissionDate=2025-02-14T23:45:12.112332872Z[Etc/UTC], buildStartDate=2025-02-14T23:45:12.121617114Z[Etc/UTC], buildCompletionDate=2025-02-14T23:45:12.127931701Z[Etc/UTC], estimatedCompletionDate=2025-02-14T23:45:31.121609600Z[Etc/UTC], estimatedDuration=19], buildConfig=BuildConfig[buildScript=#!/bin/bash
cd /var/tmp/testing-dir
chmod +x ./gradlew
./gradlew clean test
, dockerImage=dummy-docker-image:latest, commitHashToBuild=a1099e378cffde441ef85f9b12577ca174b8e1e4, assignmentCommitHash=a1099e378cffde441ef85f9b12577ca174b8e1e4, testCommitHash=bd38d61c299ab11a1dea82a3ca5493fe04d97d47, branch=main, programmingLanguage=JAVA, projectType=PLAIN_GRADLE, scaEnabled=false, sequentialTestRunsEnabled=false, resultPaths=[/var/tmp/testing-dir/**/test-results/test/*.xml], timeoutSeconds=0, assignmentCheckoutPath=null, testCheckoutPath=null, solutionCheckoutPath=null, dockerRunConfig=null], submissionResult=ResultDTO[id=625, completionDate=2025-02-14T23:45:12.128011800Z[Etc/UTC], successful=false, score=0.0, rated=true, submission=SubmissionDTO[id=817, submitted=true, type=MANUAL, exampleSubmission=null, submissionDate=2025-02-14T23:45:12.098737Z, commitHash=a1099e378cffde441ef85f9b12577ca174b8e1e4, buildFailed=true, buildArtifact=false, participation=ParticipationDTO[id=1934, testRun=false, type=solution, submissionCount=null, exercise=ParticipationExerciseDTO[id=2573, exerciseType=PROGRAMMING, type=programming, assessmentType=AUTOMATIC, dueDate=2025-02-16T23:45:10.996982Z, assessmentDueDate=null, maxPoints=42.0, course=CourseDTO[id=956, accuracyOfScores=1]]], submissionExerciseType=programming, isProcessing=false, buildStartDate=null, estimatedCompletionDate=null], participation=ParticipationDTO[id=1934, testRun=false, type=solution, submissionCount=null, exercise=ParticipationExerciseDTO[id=2573, exerciseType=PROGRAMMING, type=programming, assessmentType=AUTOMATIC, dueDate=2025-02-16T23:45:10.996982Z, assessmentDueDate=null, maxPoints=42.0, course=CourseDTO[id=956, accuracyOfScores=1]]], feedbacks=[], assessmentType=AUTOMATIC, hasComplaint=null, exampleResult=null, testCaseCount=0, passedTestCaseCount=0, codeIssueCount=0]], BuildJobQueueItem[id=19341739576713025, name=SHORT9AFDAE3804CA304DDF0889A0CB0F56104A86TSTEXC-SOLUTION, buildAgent=BuildAgentDTO[name=artemis-build-agent-test, memberAddress=[127.0.0.1]:5703, displayName=artemis-build-agent-test], participationId=1934, courseId=956, exerciseId=2573, retryCount=0, priority=2, status=FAILED, repositoryInfo=RepositoryInfo[repositoryName=short9afdae3804ca304ddf0889a0cb0f56104a86tstexc-solution, repositoryType=solution, triggeredByPushTo=tests, assignmentRepositoryUri=http://localhost:49152/git/SHORT9AFDAE3804CA304DDF0889A0CB0F56104A86TSTEXC/short9afdae3804ca304ddf0889a0cb0f56104a86tstexc-solution.git, testRepositoryUri=http://localhost:49152/git/SHORT9AFDAE3804CA304DDF0889A0CB0F56104A86TSTEXC/short9afdae3804ca304ddf0889a0cb0f56104a86tstexc-tests.git, solutionRepositoryUri=null, auxiliaryRepositoryUris=[Ljava.lang.String;@46826e79, auxiliaryRepositoryCheckoutDirectories=[Ljava.lang.String;@3bc33b74], jobTimingInfo=JobTimingInfo[submissionDate=2025-02-14T23:45:13.025319671Z[Etc/UTC], buildStartDate=2025-02-14T23:45:13.040293146Z[Etc/UTC], buildCompletionDate=2025-02-14T23:45:13.053032917Z[Etc/UTC], estimatedCompletionDate=2025-02-14T23:45:32.040285703Z[Etc/UTC], estimatedDuration=19], buildConfig=BuildConfig[buildScript=#!/bin/bash
cd /var/tmp/testing-dir
chmod +x ./gradlew
./gradlew clean test
, dockerImage=dummy-docker-image:latest, commitHashToBuild=784f8f0049d2a1a54f21c67dd772bea86715267a, assignmentCommitHash=a1099e378cffde441ef85f9b12577ca174b8e1e4, testCommitHash=784f8f0049d2a1a54f21c67dd772bea86715267a, branch=main, programmingLanguage=JAVA, projectType=PLAIN_GRADLE, scaEnabled=false, sequentialTestRunsEnabled=false, resultPaths=[/var/tmp/testing-dir/**/test-results/test/*.xml], timeoutSeconds=0, assignmentCheckoutPath=null, testCheckoutPath=null, solutionCheckoutPath=null, dockerRunConfig=null], submissionResult=ResultDTO[id=626, completionDate=2025-02-14T23:45:13.053131811Z[Etc/UTC], successful=false, score=0.0, rated=true, submission=SubmissionDTO[id=818, submitted=true, type=TEST, exampleSubmission=null, submissionDate=2025-02-14T23:45:13.005779Z, commitHash=784f8f0049d2a1a54f21c67dd772bea86715267a, buildFailed=true, buildArtifact=false, participation=ParticipationDTO[id=1934, testRun=false, type=solution, submissionCount=null, exercise=ParticipationExerciseDTO[id=2573, exerciseType=PROGRAMMING, type=programming, assessmentType=AUTOMATIC, dueDate=2025-02-16T23:45:10.996982Z, assessmentDueDate=null, maxPoints=42.0, course=CourseDTO[id=956, accuracyOfScores=1]]], submissionExerciseType=programming, isProcessing=false, buildStartDate=null, estimatedCompletionDate=null], participation=ParticipationDTO[id=1934, testRun=false, type=solution, submissionCount=null, exercise=ParticipationExerciseDTO[id=2573, exerciseType=PROGRAMMING, type=programming, assessmentType=AUTOMATIC, dueDate=2025-02-16T23:45:10.996982Z, assessmentDueDate=null, maxPoints=42.0, course=CourseDTO[id=956, accuracyOfScores=1]]], feedbacks=[], assessmentType=AUTOMATIC, hasComplaint=null, exampleResult=null, testCaseCount=0, passedTestCaseCount=0, codeIssueCount=0]], BuildJobQueueItem[id=19581739576715555, name=SHORTC1A3F9FC03D2304B4308FA20AF16D54AAA49TSTEXC-LOCALVCSSHINTSTUDENT1, buildAgent=BuildAgentDTO[name=artemis-build-agent-test, memberAddress=[127.0.0.1]:5703, displayName=artemis-build-agent-test], participationId=1958, courseId=965, exerciseId=2582, retryCount=0, priority=2, status=FAILED, repositoryInfo=RepositoryInfo[repositoryName=shortc1a3f9fc03d2304b4308fa20af16d54aaa49tstexc-localvcsshintstudent1, repositoryType=user, triggeredByPushTo=user, assignmentRepositoryUri=http://localhost:49152/git/SHORTC1A3F9FC03D2304B4308FA20AF16D54AAA49TSTEXC/shortc1a3f9fc03d2304b4308fa20af16d54aaa49tstexc-localvcsshintstudent1.git, testRepositoryUri=http://localhost:49152/git/SHORTC1A3F9FC03D2304B4308FA20AF16D54AAA49TSTEXC/shortc1a3f9fc03d2304b4308fa20af16d54aaa49tstexc-tests.git, solutionRepositoryUri=null, auxiliaryRepositoryUris=[Ljava.lang.String;@2cb28e61, auxiliaryRepositoryCheckoutDirectories=[Ljava.lang.String;@3ef98d14], jobTimingInfo=JobTimingInfo[submissionDate=2025-02-14T23:45:15.555989584Z[Etc/UTC], buildStartDate=2025-02-14T23:45:15.568477627Z[Etc/UTC], buildCompletionDate=2025-02-14T23:45:15.579021148Z[Etc/UTC], estimatedCompletionDate=2025-02-14T23:45:34.568443924Z[Etc/UTC], estimatedDuration=19], buildConfig=BuildConfig[buildScript=#!/bin/bash
cd /var/tmp/testing-dir
chmod +x ./gradlew
./gradlew clean test
, dockerImage=dummy-docker-image:latest, commitHashToBuild=ca76dac20e040e6609db02fd7fedd56bf58829d7, assignmentCommitHash=ca76dac20e040e6609db02fd7fedd56bf58829d7, testCommitHash=bd0d58c226dc63bfa4bc9052870589952c0a1f83, branch=main, programmingLanguage=JAVA, projectType=PLAIN_GRADLE, scaEnabled=false, sequentialTestRunsEnabled=false, resultPaths=[/var/tmp/testing-dir/**/test-results/test/*.xml], timeoutSeconds=0, assignmentCheckoutPath=null, testCheckoutPath=null, solutionCheckoutPath=null, dockerRunConfig=null], submissionResult=ResultDTO[id=627, completionDate=2025-02-14T23:45:15.579119131Z[Etc/UTC], successful=false, score=0.0, rated=true, submission=SubmissionDTO[id=820, submitted=true, type=MANUAL, exampleSubmission=null, submissionDate=2025-02-14T23:45:15.548349Z, commitHash=ca76dac20e040e6609db02fd7fedd56bf58829d7, buildFailed=true, buildArtifact=false, participation=ParticipationDTO[id=1958, testRun=false, type=programming, submissionCount=null, exercise=ParticipationExerciseDTO[id=2582, exerciseType=PROGRAMMING, type=programming, assessmentType=AUTOMATIC, dueDate=2025-02-16T23:45:15.103512Z, assessmentDueDate=null, maxPoints=42.0, course=CourseDTO[id=965, accuracyOfScores=1]]], submissionExerciseType=programming, isProcessing=false, buildStartDate=null, estimatedCompletionDate=null], participation=ParticipationDTO[id=1958, testRun=false, type=programming, submissionCount=null, exercise=ParticipationExerciseDTO[id=2582, exerciseType=PROGRAMMING, type=programming, assessmentType=AUTOMATIC, dueDate=2025-02-16T23:45:15.103512Z, assessmentDueDate=null, maxPoints=42.0, course=CourseDTO[id=965, accuracyOfScores=1]]], feedbacks=[], assessmentType=AUTOMATIC, hasComplaint=null, exampleResult=null, testCaseCount=0, passedTestCaseCount=0, codeIssueCount=0]], BuildJobQueueItem[id=19801739576719393, name=SHORTB2A6C58B0D447045380A858075B170A5B7C6TSTEXC-LOCALVCSSHINTSTUDENT1, buildAgent=BuildAgentDTO[name=artemis-build-agent-test, memberAddress=[127.0.0.1]:5703, displayName=artemis-build-agent-test], participationId=1980, courseId=974, exerciseId=2591, retryCount=0, priority=2, status=FAILED, repositoryInfo=RepositoryInfo[repositoryName=shortb2a6c58b0d447045380a858075b170a5b7c6tstexc-localvcsshintstudent1, repositoryType=user, triggeredByPushTo=user, assignmentRepositoryUri=http://localhost:49152/git/SHORTB2A6C58B0D447045380A858075B170A5B7C6TSTEXC/shortb2a6c58b0d447045380a858075b170a5b7c6tstexc-localvcsshintstudent1.git, testRepositoryUri=http://localhost:49152/git/SHORTB2A6C58B0D447045380A858075B170A5B7C6TSTEXC/shortb2a6c58b0d447045380a858075b170a5b7c6tstexc-tests.git, solutionRepositoryUri=null, auxiliaryRepositoryUris=[Ljava.lang.String;@6b5dcd14, auxiliaryRepositoryCheckoutDirectories=[Ljava.lang.String;@49675390], jobTimingInfo=JobTimingInfo[submissionDate=2025-02-14T23:45:19.393259829Z[Etc/UTC], buildStartDate=2025-02-14T23:45:19.405438171Z[Etc/UTC], buildCompletionDate=2025-02-14T23:45:19.414070673Z[Etc/UTC], estimatedCompletionDate=2025-02-14T23:45:38.405431569Z[Etc/UTC], estimatedDuration=19], buildConfig=BuildConfig[buildScript=#!/bin/bash
cd /var/tmp/testing-dir
chmod +x ./gradlew
./gradlew clean test
, dockerImage=dummy-docker-image:latest, commitHashToBuild=363cdbf709a9fff149f813ab848ee800a675cc77, assignmentCommitHash=363cdbf709a9fff149f813ab848ee800a675cc77, testCommitHash=a5e046ece417b2e538f21f816e2524dab61e0d10, branch=main, programmingLanguage=JAVA, projectType=PLAIN_GRADLE, scaEnabled=false, sequentialTestRunsEnabled=false, resultPaths=[/var/tmp/testing-dir/**/test-results/test/*.xml], timeoutSeconds=0, assignmentCheckoutPath=null, testCheckoutPath=null, solutionCheckoutPath=null, dockerRunConfig=null], submissionResult=ResultDTO[id=628, completionDate=2025-02-14T23:45:19.414171040Z[Etc/UTC], successful=false, score=0.0, rated=true, submission=SubmissionDTO[id=821, submitted=true, type=MANUAL, exampleSubmission=null, submissionDate=2025-02-14T23:45:19.376840Z, commitHash=363cdbf709a9fff149f813ab848ee800a675cc77, buildFailed=true, buildArtifact=false, participation=ParticipationDTO[id=1980, testRun=false, type=programming, submissionCount=null, exercise=ParticipationExerciseDTO[id=2591, exerciseType=PROGRAMMING, type=programming, assessmentType=AUTOMATIC, dueDate=2025-02-16T23:45:18.950569Z, assessmentDueDate=null, maxPoints=42.0, course=CourseDTO[id=974, accuracyOfScores=1]]], submissionExerciseType=programming, isProcessing=false, buildStartDate=null, estimatedCompletionDate=null], participation=ParticipationDTO[id=1980, testRun=false, type=programming, submissionCount=null, exercise=ParticipationExerciseDTO[id=2591, exerciseType=PROGRAMMING, type=programming, assessmentType=AUTOMATIC, dueDate=2025-02-16T23:45:18.950569Z, assessmentDueDate=null, maxPoints=42.0, course=CourseDTO[id=974, accuracyOfScores=1]]], feedbacks=[], assessmentType=AUTOMATIC, hasComplaint=null, exampleResult=null, testCaseCount=0, passedTestCaseCount=0, codeIssueCount=0]], BuildJobQueueItem[id=19791739576719787, name=SHORTB2A6C58B0D447045380A858075B170A5B7C6TSTEXC-BASE, buildAgent=BuildAgentDTO[name=artemis-build-agent-test, memberAddress=[127.0.0.1]:5703, displayName=artemis-build-agent-test], participationId=1979, courseId=974, exerciseId=2591, retryCount=0, priority=2, status=FAILED, repositoryInfo=RepositoryInfo[repositoryName=shortb2a6c58b0d447045380a858075b170a5b7c6tstexc-exercise, repositoryType=exercise, triggeredByPushTo=exercise, assignmentRepositoryUri=http://localhost:49152/git/SHORTB2A6C58B0D447045380A858075B170A5B7C6TSTEXC/shortb2a6c58b0d447045380a858075b170a5b7c6tstexc-exercise.git, testRepositoryUri=http://localhost:49152/git/SHORTB2A6C58B0D447045380A858075B170A5B7C6TSTEXC/shortb2a6c58b0d447045380a858075b170a5b7c6tstexc-tests.git, solutionRepositoryUri=null, auxiliaryRepositoryUris=[Ljava.lang.String;@711e0d5b, auxiliaryRepositoryCheckoutDirectories=[Ljava.lang.String;@3fdbf41], jobTimingInfo=JobTimingInfo[submissionDate=2025-02-14T23:45:19.787985058Z[Etc/UTC], buildStartDate=2025-02-14T23:45:19.796327417Z[Etc/UTC], buildCompletionDate=2025-02-14T23:45:19.799750982Z[Etc/UTC], estimatedCompletionDate=2025-02-14T23:45:38.796319082Z[Etc/UTC], estimatedDuration=19], buildConfig=BuildConfig[buildScript=#!/bin/bash
cd /var/tmp/testing-dir
chmod +x ./gradlew
./gradlew clean test
, dockerImage=dummy-docker-image:latest, commitHashToBuild=363cdbf709a9fff149f813ab848ee800a675cc77, assignmentCommitHash=363cdbf709a9fff149f813ab848ee800a675cc77, testCommitHash=a5e046ece417b2e538f21f816e2524dab61e0d10, branch=main, programmingLanguage=JAVA, projectType=PLAIN_GRADLE, scaEnabled=false, sequentialTestRunsEnabled=false, resultPaths=[/var/tmp/testing-dir/**/test-results/test/*.xml], timeoutSeconds=0, assignmentCheckoutPath=null, testCheckoutPath=null, solutionCheckoutPath=null, dockerRunConfig=null], submissionResult=ResultDTO[id=629, completionDate=2025-02-14T23:45:19.799820341Z[Etc/UTC], successful=false, score=0.0, rated=true, submission=SubmissionDTO[id=822, submitted=true, type=MANUAL, exampleSubmission=null, submissionDate=2025-02-14T23:45:19.775952Z, commitHash=363cdbf709a9fff149f813ab848ee800a675cc77, buildFailed=true, buildArtifact=false, participation=ParticipationDTO[id=1979, testRun=false, type=template, submissionCount=null, exercise=ParticipationExerciseDTO[id=2591, exerciseType=PROGRAMMING, type=programming, assessmentType=AUTOMATIC, dueDate=2025-02-16T23:45:18.950569Z, assessmentDueDate=null, maxPoints=42.0, course=CourseDTO[id=974, accuracyOfScores=1]]], submissionExerciseType=programming, isProcessing=false, buildStartDate=null, estimatedCompletionDate=null], participation=ParticipationDTO[id=1979, testRun=false, type=template, submissionCount=null, exercise=ParticipationExerciseDTO[id=2591, exerciseType=PROGRAMMING, type=programming, assessmentType=AUTOMATIC, dueDate=2025-02-16T23:45:18.950569Z, assessmentDueDate=null, maxPoints=42.0, course=CourseDTO[id=974, accuracyOfScores=1]]], feedbacks=[], assessmentType=AUTOMATIC, hasComplaint=null, exampleResult=null, testCaseCount=0, passedTestCaseCount=0, codeIssueCount=0]], BuildJobQueueItem[id=19781739576720235, name=SHORTB2A6C58B0D447045380A858075B170A5B7C6TSTEXC-SOLUTION, buildAgent=BuildAgentDTO[name=artemis-build-agent-test, memberAddress=[127.0.0.1]:5703, displayName=artemis-build-agent-test], participationId=1978, courseId=974, exerciseId=2591, retryCount=0, priority=2, status=FAILED, repositoryInfo=RepositoryInfo[repositoryName=shortb2a6c58b0d447045380a858075b170a5b7c6tstexc-solution, repositoryType=solution, triggeredByPushTo=solution, assignmentRepositoryUri=http://localhost:49152/git/SHORTB2A6C58B0D447045380A858075B170A5B7C6TSTEXC/shortb2a6c58b0d447045380a858075b170a5b7c6tstexc-solution.git, testRepositoryUri=http://localhost:49152/git/SHORTB2A6C58B0D447045380A858075B170A5B7C6TSTEXC/shortb2a6c58b0d447045380a858075b170a5b7c6tstexc-tests.git, solutionRepositoryUri=null, auxiliaryRepositoryUris=[Ljava.lang.String;@6cde747, auxiliaryRepositoryCheckoutDirectories=[Ljava.lang.String;@75c5cfdd], jobTimingInfo=JobTimingInfo[submissionDate=2025-02-14T23:45:20.235272325Z[Etc/UTC], buildStartDate=2025-02-14T23:45:20.243033812Z[Etc/UTC], buildCompletionDate=2025-02-14T23:45:20.250721018Z[Etc/UTC], estimatedCompletionDate=2025-02-14T23:45:39.243026949Z[Etc/UTC], estimatedDuration=19], buildConfig=BuildConfig[buildScript=#!/bin/bash
cd /var/tmp/testing-dir
chmod +x ./gradlew
./gradlew clean test
, dockerImage=dummy-docker-image:latest, commitHashToBuild=c710d0e68c9c7db8cda7d1a278308de2b9642cc0, assignmentCommitHash=c710d0e68c9c7db8cda7d1a278308de2b9642cc0, testCommitHash=a5e046ece417b2e538f21f816e2524dab61e0d10, branch=main, programmingLanguage=JAVA, projectType=PLAIN_GRADLE, scaEnabled=false, sequentialTestRunsEnabled=false, resultPaths=[/var/tmp/testing-dir/**/test-results/test/*.xml], timeoutSeconds=0, assignmentCheckoutPath=null, testCheckoutPath=null, solutionCheckoutPath=null, dockerRunConfig=null], submissionResult=ResultDTO[id=630, completionDate=2025-02-14T23:45:20.250809893Z[Etc/UTC], successful=false, score=0.0, rated=true, submission=SubmissionDTO[id=823, submitted=true, type=MANUAL, exampleSubmission=null, submissionDate=2025-02-14T23:45:20.211707Z, commitHash=c710d0e68c9c7db8cda7d1a278308de2b9642cc0, buildFailed=true, buildArtifact=false, participation=ParticipationDTO[id=1978, testRun=false, type=solution, submissionCount=null, exercise=ParticipationExerciseDTO[id=2591, exerciseType=PROGRAMMING, type=programming, assessmentType=AUTOMATIC, dueDate=2025-02-16T23:45:18.950569Z, assessmentDueDate=null, maxPoints=42.0, course=CourseDTO[id=974, accuracyOfScores=1]]], submissionExerciseType=programming, isProcessing=false, buildStartDate=null, estimatedCompletionDate=null], participation=ParticipationDTO[id=1978, testRun=false, type=solution, submissionCount=null, exercise=ParticipationExerciseDTO[id=2591, exerciseType=PROGRAMMING, type=programming, assessmentType=AUTOMATIC, dueDate=2025-02-16T23:45:18.950569Z, assessmentDueDate=null, maxPoints=42.0, course=CourseDTO[id=974, accuracyOfScores=1]]], feedbacks=[], assessmentType=AUTOMATIC, hasComplaint=null, exampleResult=null, testCaseCount=0, passedTestCaseCount=0, codeIssueCount=0]], BuildJobQueueItem[id=19781739576720802, name=SHORTB2A6C58B0D447045380A858075B170A5B7C6TSTEXC-SOLUTION, buildAgent=BuildAgentDTO[name=artemis-build-agent-test, memberAddress=[127.0.0.1]:5703, displayName=artemis-build-agent-test], participationId=1978, courseId=974, exerciseId=2591, retryCount=0, priority=2, status=FAILED, repositoryInfo=RepositoryInfo[repositoryName=shortb2a6c58b0d447045380a858075b170a5b7c6tstexc-solution, repositoryType=solution, triggeredByPushTo=tests, assignmentRepositoryUri=http://localhost:49152/git/SHORTB2A6C58B0D447045380A858075B170A5B7C6TSTEXC/shortb2a6c58b0d447045380a858075b170a5b7c6tstexc-solution.git, testRepositoryUri=http://localhost:49152/git/SHORTB2A6C58B0D447045380A858075B170A5B7C6TSTEXC/shortb2a6c58b0d447045380a858075b170a5b7c6tstexc-tests.git, solutionRepositoryUri=null, auxiliaryRepositoryUris=[Ljava.lang.String;@743070eb, auxiliaryRepositoryCheckoutDirectories=[Ljava.lang.String;@1ad9ce9b], jobTimingInfo=JobTimingInfo[submissionDate=2025-02-14T23:45:20.802935026Z[Etc/UTC], buildStartDate=2025-02-14T23:45:20.809306435Z[Etc/UTC], buildCompletionDate=2025-02-14T23:45:20.822452342Z[Etc/UTC], estimatedCompletionDate=2025-02-14T23:45:39.809298491Z[Etc/UTC], estimatedDuration=19], buildConfig=BuildConfig[buildScript=#!/bin/bash
cd /var/tmp/testing-dir
chmod +x ./gradlew
./gradlew clean test
, dockerImage=dummy-docker-image:latest, commitHashToBuild=c710d0e68c9c7db8cda7d1a278308de2b9642cc0, assignmentCommitHash=c710d0e68c9c7db8cda7d1a278308de2b9642cc0, testCommitHash=c710d0e68c9c7db8cda7d1a278308de2b9642cc0, branch=main, programmingLanguage=JAVA, projectType=PLAIN_GRADLE, scaEnabled=false, sequentialTestRunsEnabled=false, resultPaths=[/var/tmp/testing-dir/**/test-results/test/*.xml], timeoutSeconds=0, assignmentCheckoutPath=null, testCheckoutPath=null, solutionCheckoutPath=null, dockerRunConfig=null], submissionResult=ResultDTO[id=631, completionDate=2025-02-14T23:45:20.822527362Z[Etc/UTC], successful=false, score=0.0, rated=true, submission=SubmissionDTO[id=824, submitted=true, type=TEST, exampleSubmission=null, submissionDate=2025-02-14T23:45:20.791240Z, commitHash=c710d0e68c9c7db8cda7d1a278308de2b9642cc0, buildFailed=true, buildArtifact=false, participation=ParticipationDTO[id=1978, testRun=false, type=solution, submissionCount=null, exercise=ParticipationExerciseDTO[id=2591, exerciseType=PROGRAMMING, type=programming, assessmentType=AUTOMATIC, dueDate=2025-02-16T23:45:18.950569Z, assessmentDueDate=null, maxPoints=42.0, course=CourseDTO[id=974, accuracyOfScores=1]]], submissionExerciseType=programming, isProcessing=false, buildStartDate=null, estimatedCompletionDate=null], participation=ParticipationDTO[id=1978, testRun=false, type=solution, submissionCount=null, exercise=ParticipationExerciseDTO[id=2591, exerciseType=PROGRAMMING, type=programming, assessmentType=AUTOMATIC, dueDate=2025-02-16T23:45:18.950569Z, assessmentDueDate=null, maxPoints=42.0, course=CourseDTO[id=974, accuracyOfScores=1]]], feedbacks=[], assessmentType=AUTOMATIC, hasComplaint=null, exampleResult=null, testCaseCount=0, passedTestCaseCount=0, codeIssueCount=0]], BuildJobQueueItem[id=20061739576732554, name=SHORT94A899E303D7504C5D0840704DAAFA3DFF4DTSTEXC-LOCALVCCIINTINSTRUCTOR1, buildAgent=BuildAgentDTO[name=artemis-build-agent-test, memberAddress=[127.0.0.1]:5703, displayName=artemis-build-agent-test], participationId=2006, courseId=984, exerciseId=2601, retryCount=0, priority=2, status=SUCCESSFUL, repositoryInfo=RepositoryInfo[repositoryName=short94a899e303d7504c5d0840704daafa3dff4dtstexc-localvcciintinstructor1, repositoryType=user, triggeredByPushTo=user, assignmentRepositoryUri=http://localhost:49152/git/SHORT94A899E303D7504C5D0840704DAAFA3DFF4DTSTEXC/short94a899e303d7504c5d0840704daafa3dff4dtstexc-localvcciintinstructor1.git, testRepositoryUri=http://localhost:49152/git/SHORT94A899E303D7504C5D0840704DAAFA3DFF4DTSTEXC/short94a899e303d7504c5d0840704daafa3dff4dtstexc-tests.git, solutionRepositoryUri=null, auxiliaryRepositoryUris=[Ljava.lang.String;@7347f558, auxiliaryRepositoryCheckoutDirectories=[Ljava.lang.String;@282777ca], jobTimingInfo=JobTimingInfo[submissionDate=2025-02-14T23:45:32.554795798Z[Etc/UTC], buildStartDate=2025-02-14T23:45:32.567287465Z[Etc/UTC], buildCompletionDate=2025-02-14T23:45:34.535226768Z[Etc/UTC], estimatedCompletionDate=2025-02-14T23:45:51.567257960Z[Etc/UTC], estimatedDuration=19], buildConfig=BuildConfig[buildScript=#!/bin/bash
cd /var/tmp/testing-dir
chmod +x ./gradlew
./gradlew clean test
, dockerImage=dummy-docker-image:latest, commitHashToBuild=ca2dbc0ae87edf7035058a6a17c0ea60e90a290f, assignmentCommitHash=ca2dbc0ae87edf7035058a6a17c0ea60e90a290f, testCommitHash=0207f6f98af5fbb66ad68455f3fc3cf128af8ae9, branch=main, programmingLanguage=JAVA, projectType=PLAIN_GRADLE, scaEnabled=false, sequentialTestRunsEnabled=false, resultPaths=[/var/tmp/testing-dir/**/test-results/test/*.xml], timeoutSeconds=0, assignmentCheckoutPath=null, testCheckoutPath=null, solutionCheckoutPath=null, dockerRunConfig=null], submissionResult=ResultDTO[id=632, completionDate=2025-02-14T23:45:34.504415716Z[Etc/UTC], successful=false, score=7.7, rated=false, submission=SubmissionDTO[id=826, submitted=true, type=MANUAL, exampleSubmission=null, submissionDate=2025-02-14T23:45:32.541533Z, commitHash=ca2dbc0ae87edf7035058a6a17c0ea60e90a290f, buildFailed=false, buildArtifact=false, participation=ParticipationDTO[id=2006, testRun=true, type=programming, submissionCount=null, exercise=ParticipationExerciseDTO[id=2601, exerciseType=PROGRAMMING, type=programming, assessmentType=AUTOMATIC, dueDate=2025-02-16T23:45:31.864042Z, assessmentDueDate=null, maxPoints=42.0, course=CourseDTO[id=984, accuracyOfScores=1]]], submissionExerciseType=programming, isProcessing=false, buildStartDate=null, estimatedCompletionDate=null], participation=ParticipationDTO[id=2006, testRun=true, type=programming, submissionCount=null, exercise=ParticipationExerciseDTO[id=2601, exerciseType=PROGRAMMING, type=programming, assessmentType=AUTOMATIC, dueDate=2025-02-16T23:45:31.864042Z, assessmentDueDate=null, maxPoints=42.0, course=CourseDTO[id=984, accuracyOfScores=1]]], feedbacks=[FeedbackDTO[id=920, text=null, detailText=The exercise expects a class with the name Context in the package testpackage. You did not implement the class in the exercise., hasLongFeedbackText=false, reference=null, credits=0.0, positive=false, type=AUTOMATIC, visibility=ALWAYS, testCase=TestCaseDTO[testName=null, id=1357]], FeedbackDTO[id=921, text=null, detailText=The exercise expects a class with the name Policy in the package testpackage. You did not implement the class in the exercise., hasLongFeedbackText=false, reference=null, credits=0.0, positive=false, type=AUTOMATIC, visibility=ALWAYS, testCase=TestCaseDTO[testName=null, id=1358]], FeedbackDTO[id=922, text=null, detailText=The exercise expects a class with the name SortStrategy in the package testpackage. You did not implement the class in the exercise., hasLongFeedbackText=false, reference=null, credits=0.0, positive=false, type=AUTOMATIC, visibility=ALWAYS, testCase=TestCaseDTO[testName=null, id=1359]], FeedbackDTO[id=923, text=null, detailText=The class 'MergeSort' does not implement the interface 'SortStrategy' as expected. Implement the interface and its methods., hasLongFeedbackText=false, reference=null, credits=0.0, positive=false, type=AUTOMATIC, visibility=ALWAYS, testCase=TestCaseDTO[testName=null, id=1354]], FeedbackDTO[id=924, text=null, detailText=The exercise expects a class with the name SortStrategy in the package testpackage. You did not implement the class in the exercise., hasLongFeedbackText=false, reference=null, credits=0.0, positive=false, type=AUTOMATIC, visibility=ALWAYS, testCase=TestCaseDTO[testName=null, id=1351]], FeedbackDTO[id=925, text=null, detailText=The class 'BubbleSort' does not implement the interface 'SortStrategy' as expected. Implement the interface and its methods., hasLongFeedbackText=false, reference=null, credits=0.0, positive=false, type=AUTOMATIC, visibility=ALWAYS, testCase=TestCaseDTO[testName=null, id=1355]], FeedbackDTO[id=926, text=null, detailText=MergeSort does not sort correctly, hasLongFeedbackText=false, reference=null, credits=0.0, positive=false, type=AUTOMATIC, visibility=ALWAYS, testCase=TestCaseDTO[testName=null, id=1360]], FeedbackDTO[id=927, text=null, detailText=The class 'Context' was not found within the submission. Make sure to implement it properly., hasLongFeedbackText=false, reference=null, credits=0.0, positive=false, type=AUTOMATIC, visibility=ALWAYS, testCase=TestCaseDTO[testName=null, id=1361]], FeedbackDTO[id=928, text=null, detailText=The class 'Context' was not found within the submission. Make sure to implement it properly., hasLongFeedbackText=false, reference=null, credits=0.0, positive=false, type=AUTOMATIC, visibility=ALWAYS, testCase=TestCaseDTO[testName=null, id=1362]], FeedbackDTO[id=929, text=null, detailText=The exercise expects a class with the name Policy in the package testpackage. You did not implement the class in the exercise., hasLongFeedbackText=false, reference=null, credits=0.0, positive=false, type=AUTOMATIC, visibility=ALWAYS, testCase=TestCaseDTO[testName=null, id=1356]], FeedbackDTO[id=930, text=null, detailText=The exercise expects a class with the name Context in the package testpackage. You did not implement the class in the exercise., hasLongFeedbackText=false, reference=null, credits=0.0, positive=false, type=AUTOMATIC, visibility=ALWAYS, testCase=TestCaseDTO[testName=null, id=1352]], FeedbackDTO[id=931, text=null, detailText=The exercise expects a class with the name Policy in the package testpackage. You did not implement the class in the exercise., hasLongFeedbackText=false, reference=null, credits=0.0, positive=false, type=AUTOMATIC, visibility=ALWAYS, testCase=TestCaseDTO[testName=null, id=1353]], FeedbackDTO[id=932, text=null, detailText=null, hasLongFeedbackText=false, reference=null, credits=3.230769230769231, positive=true, type=AUTOMATIC, visibility=ALWAYS, testCase=TestCaseDTO[testName=null, id=1363]]], assessmentType=AUTOMATIC, hasComplaint=null, exampleResult=null, testCaseCount=13, passedTestCaseCount=1, codeIssueCount=0]], BuildJobQueueItem[id=20111739576737317, name=SHORTD49A6DAE04F9E049850BD5601663FD17A5B7TSTEXC-BASE, buildAgent=BuildAgentDTO[name=artemis-build-agent-test, memberAddress=[127.0.0.1]:5703, displayName=artemis-build-agent-test], participationId=2011, courseId=986, exerciseId=2603, retryCount=0, priority=2, status=SUCCESSFUL, repositoryInfo=RepositoryInfo[repositoryName=shortd49a6dae04f9e049850bd5601663fd17a5b7tstexc-exercise, repositoryType=exercise, triggeredByPushTo=exercise, assignmentRepositoryUri=http://localhost:49152/git/SHORTD49A6DAE04F9E049850BD5601663FD17A5B7TSTEXC/shortd49a6dae04f9e049850bd5601663fd17a5b7tstexc-exercise.git, testRepositoryUri=http://localhost:49152/git/SHORTD49A6DAE04F9E049850BD5601663FD17A5B7TSTEXC/shortd49a6dae04f9e049850bd5601663fd17a5b7tstexc-tests.git, solutionRepositoryUri=null, auxiliaryRepositoryUris=[Ljava.lang.String;@5f67ed0d, auxiliaryRepositoryCheckoutDirectories=[Ljava.lang.String;@b9e4d6c], jobTimingInfo=JobTimingInfo[submissionDate=2025-02-14T23:45:37.317968648Z[Etc/UTC], buildStartDate=2025-02-14T23:45:37.324534774Z[Etc/UTC], buildCompletionDate=2025-02-14T23:45:38.527225461Z[Etc/UTC], estimatedCompletionDate=2025-02-14T23:45:56.324506331Z[Etc/UTC], estimatedDuration=19], buildConfig=BuildConfig[buildScript=#!/bin/bash
cd /var/tmp/testing-dir
chmod +x ./gradlew
./gradlew clean test
, dockerImage=dummy-docker-image:latest, commitHashToBuild=c795243c185829bbefa399f45dcbcfac22311b2f, assignmentCommitHash=c795243c185829bbefa399f45dcbcfac22311b2f, testCommitHash=fa8b162170bf767d852e05e0eb7a128efa2e1f34, branch=main, programmingLanguage=JAVA, projectType=PLAIN_GRADLE, scaEnabled=false, sequentialTestRunsEnabled=false, resultPaths=[/var/tmp/testing-dir/**/test-results/test/*.xml], timeoutSeconds=0, assignmentCheckoutPath=null, testCheckoutPath=null, solutionCheckoutPath=null, dockerRunConfig=null], submissionResult=ResultDTO[id=633, completionDate=2025-02-14T23:45:38.476795726Z[Etc/UTC], successful=false, score=0.0, rated=true, submission=SubmissionDTO[id=827, submitted=true, type=MANUAL, exampleSubmission=null, submissionDate=2025-02-14T23:45:37.303401Z, commitHash=c795243c185829bbefa399f45dcbcfac22311b2f, buildFailed=false, buildArtifact=false, participation=ParticipationDTO[id=2011, testRun=false, type=template, submissionCount=null, exercise=ParticipationExerciseDTO[id=2603, exerciseType=PROGRAMMING, type=programming, assessmentType=AUTOMATIC, dueDate=2025-02-16T23:45:36.830269Z, assessmentDueDate=null, maxPoints=42.0, course=CourseDTO[id=986, accuracyOfScores=1]]], submissionExerciseType=programming, isProcessing=false, buildStartDate=null, estimatedCompletionDate=null], participation=ParticipationDTO[id=2011, testRun=false, type=template, submissionCount=null, exercise=ParticipationExerciseDTO[id=2603, exerciseType=PROGRAMMING, type=programming, assessmentType=AUTOMATIC, dueDate=2025-02-16T23:45:36.830269Z, assessmentDueDate=null, maxPoints=42.0, course=CourseDTO[id=986, accuracyOfScores=1]]], feedbacks=[FeedbackDTO[id=933, text=null, detailText=The exercise expects a class with the name Context in the package testpackage. You did not implement the class in the exercise., hasLongFeedbackText=false, reference=null, credits=0.0, positive=false, type=AUTOMATIC, visibility=ALWAYS, testCase=TestCaseDTO[testName=testMethods[Context], id=1383]], FeedbackDTO[id=934, text=null, detailText=The exercise expects a class with the name Policy in the package testpackage. You did not implement the class in the exercise., hasLongFeedbackText=false, reference=null, credits=0.0, positive=false, type=AUTOMATIC, visibility=ALWAYS, testCase=TestCaseDTO[testName=testMethods[Policy], id=1384]], FeedbackDTO[id=935, text=null, detailText=The exercise expects a class with the name SortStrategy in the package testpackage. You did not implement the class in the exercise., hasLongFeedbackText=false, reference=null, credits=0.0, positive=false, type=AUTOMATIC, visibility=ALWAYS, testCase=TestCaseDTO[testName=testMethods[SortStrategy], id=1385]], FeedbackDTO[id=936, text=null, detailText=The class 'MergeSort' does not implement the interface 'SortStrategy' as expected. Implement the interface and its methods., hasLongFeedbackText=false, reference=null, credits=0.0, positive=false, type=AUTOMATIC, visibility=ALWAYS, testCase=TestCaseDTO[testName=testClass[MergeSort], id=1380]], FeedbackDTO[id=937, text=null, detailText=The exercise expects a class with the name SortStrategy in the package testpackage. You did not implement the class in the exercise., hasLongFeedbackText=false, reference=null, credits=0.0, positive=false, type=AUTOMATIC, visibility=ALWAYS, testCase=TestCaseDTO[testName=testClass[SortStrategy], id=1377]], FeedbackDTO[id=938, text=null, detailText=The class 'BubbleSort' does not implement the interface 'SortStrategy' as expected. Implement the interface and its methods., hasLongFeedbackText=false, reference=null, credits=0.0, positive=false, type=AUTOMATIC, visibility=ALWAYS, testCase=TestCaseDTO[testName=testClass[BubbleSort], id=1381]], FeedbackDTO[id=939, text=null, detailText=MergeSort does not sort correctly, hasLongFeedbackText=false, reference=null, credits=0.0, positive=false, type=AUTOMATIC, visibility=ALWAYS, testCase=TestCaseDTO[testName=testMergeSort(), id=1386]], FeedbackDTO[id=940, text=null, detailText=The class 'Context' was not found within the submission. Make sure to implement it properly., hasLongFeedbackText=false, reference=null, credits=0.0, positive=false, type=AUTOMATIC, visibility=ALWAYS, testCase=TestCaseDTO[testName=testUseBubbleSortForSmallList(), id=1387]], FeedbackDTO[id=941, text=null, detailText=BubbleSort does not sort correctly, hasLongFeedbackText=false, reference=null, credits=0.0, positive=false, type=AUTOMATIC, visibility=ALWAYS, testCase=TestCaseDTO[testName=testBubbleSort(), id=1389]], FeedbackDTO[id=942, text=null, detailText=The class 'Context' was not found within the submission. Make sure to implement it properly., hasLongFeedbackText=false, reference=null, credits=0.0, positive=false, type=AUTOMATIC, visibility=ALWAYS, testCase=TestCaseDTO[testName=testUseMergeSortForBigList(), id=1388]], FeedbackDTO[id=943, text=null, detailText=The exercise expects a class with the name Policy in the package testpackage. You did not implement the class in the exercise., hasLongFeedbackText=false, reference=null, credits=0.0, positive=false, type=AUTOMATIC, visibility=ALWAYS, testCase=TestCaseDTO[testName=testConstructors[Policy], id=1382]], FeedbackDTO[id=944, text=null, detailText=The exercise expects a class with the name Context in the package testpackage. You did not implement the class in the exercise., hasLongFeedbackText=false, reference=null, credits=0.0, positive=false, type=AUTOMATIC, visibility=ALWAYS, testCase=TestCaseDTO[testName=testAttributes[Context], id=1378]], FeedbackDTO[id=945, text=null, detailText=The exercise expects a class with the name Policy in the package testpackage. You did not implement the class in the exercise., hasLongFeedbackText=false, reference=null, credits=0.0, positive=false, type=AUTOMATIC, visibility=ALWAYS, testCase=TestCaseDTO[testName=testAttributes[Policy], id=1379]]], assessmentType=AUTOMATIC, hasComplaint=null, exampleResult=null, testCaseCount=13, passedTestCaseCount=0, codeIssueCount=0]], BuildJobQueueItem[id=20171739576740018, name=SHORT7914AFA00ADC3047140B99D01AC07810CE44TSTEXC-LOCALVCCIINTSTUDENT1, buildAgent=BuildAgentDTO[name=artemis-build-agent-test, memberAddress=[127.0.0.1]:5703, displayName=artemis-build-agent-test], participationId=2017, courseId=988, exerciseId=2605, retryCount=0, priority=2, status=SUCCESSFUL, repositoryInfo=RepositoryInfo[repositoryName=short7914afa00adc3047140b99d01ac07810ce44tstexc-practice-localvcciintstudent1, repositoryType=user, triggeredByPushTo=user, assignmentRepositoryUri=http://localhost:49152/git/SHORT7914AFA00ADC3047140B99D01AC07810CE44TSTEXC/short7914afa00adc3047140b99d01ac07810ce44tstexc-practice-localvcciintstudent1.git, testRepositoryUri=http://localhost:49152/git/SHORT7914AFA00ADC3047140B99D01AC07810CE44TSTEXC/short7914afa00adc3047140b99d01ac07810ce44tstexc-tests.git, solutionRepositoryUri=null, auxiliaryRepositoryUris=[Ljava.lang.String;@47bf8472, auxiliaryRepositoryCheckoutDirectories=[Ljava.lang.String;@54353268], jobTimingInfo=JobTimingInfo[submissionDate=2025-02-14T23:45:40.018961253Z[Etc/UTC], buildStartDate=2025-02-14T23:45:40.029742701Z[Etc/UTC], buildCompletionDate=2025-02-14T23:45:41.150208242Z[Etc/UTC], estimatedCompletionDate=2025-02-14T23:45:59.029734065Z[Etc/UTC], estimatedDuration=19], buildConfig=BuildConfig[buildScript=#!/bin/bash
cd /var/tmp/testing-dir
chmod +x ./gradlew
./gradlew clean test
, dockerImage=dummy-docker-image:latest, commitHashToBuild=d80b57877989b971e83ccdb4863c8a7023c76266, assignmentCommitHash=d80b57877989b971e83ccdb4863c8a7023c76266, testCommitHash=327b116890c92b1312314341f43f21ef13ecf7d7, branch=main, programmingLanguage=JAVA, projectType=PLAIN_GRADLE, scaEnabled=false, sequentialTestRunsEnabled=false, resultPaths=[/var/tmp/testing-dir/**/test-results/test/*.xml], timeoutSeconds=0, assignmentCheckoutPath=null, testCheckoutPath=null, solutionCheckoutPath=null, dockerRunConfig=null], submissionResult=ResultDTO[id=634, completionDate=2025-02-14T23:45:41.120192603Z[Etc/UTC], successful=false, score=7.7, rated=false, submission=SubmissionDTO[id=828, submitted=true, type=MANUAL, exampleSubmission=null, submissionDate=2025-02-14T23:45:40.008666Z, commitHash=d80b57877989b971e83ccdb4863c8a7023c76266, buildFailed=false, buildArtifact=false, participation=ParticipationDTO[id=2017, testRun=true, type=programming, submissionCount=null, exercise=ParticipationExerciseDTO[id=2605, exerciseType=PROGRAMMING, type=programming, assessmentType=AUTOMATIC, dueDate=2025-02-16T23:45:39.523500Z, assessmentDueDate=null, maxPoints=42.0, course=CourseDTO[id=988, accuracyOfScores=1]]], submissionExerciseType=programming, isProcessing=false, buildStartDate=null, estimatedCompletionDate=null], participation=ParticipationDTO[id=2017, testRun=true, type=programming, submissionCount=null, exercise=ParticipationExerciseDTO[id=2605, exerciseType=PROGRAMMING, type=programming, assessmentType=AUTOMATIC, dueDate=2025-02-16T23:45:39.523500Z, assessmentDueDate=null, maxPoints=42.0, course=CourseDTO[id=988, accuracyOfScores=1]]], feedbacks=[FeedbackDTO[id=946, text=null, detailText=The exercise expects a class with the name Context in the package testpackage. You did not implement the class in the exercise., hasLongFeedbackText=false, reference=null, credits=0.0, positive=false, type=AUTOMATIC, visibility=ALWAYS, testCase=TestCaseDTO[testName=null, id=1409]], FeedbackDTO[id=947, text=null, detailText=The exercise expects a class with the name Policy in the package testpackage. You did not implement the class in the exercise., hasLongFeedbackText=false, reference=null, credits=0.0, positive=false, type=AUTOMATIC, visibility=ALWAYS, testCase=TestCaseDTO[testName=null, id=1410]], FeedbackDTO[id=948, text=null, detailText=The exercise expects a class with the name SortStrategy in the package testpackage. You did not implement the class in the exercise., hasLongFeedbackText=false, reference=null, credits=0.0, positive=false, type=AUTOMATIC, visibility=ALWAYS, testCase=TestCaseDTO[testName=null, id=1411]], FeedbackDTO[id=949, text=null, detailText=The class 'MergeSort' does not implement the interface 'SortStrategy' as expected. Implement the interface and its methods., hasLongFeedbackText=false, reference=null, credits=0.0, positive=false, type=AUTOMATIC, visibility=ALWAYS, testCase=TestCaseDTO[testName=null, id=1406]], FeedbackDTO[id=950, text=null, detailText=The exercise expects a class with the name SortStrategy in the package testpackage. You did not implement the class in the exercise., hasLongFeedbackText=false, reference=null, credits=0.0, positive=false, type=AUTOMATIC, visibility=ALWAYS, testCase=TestCaseDTO[testName=null, id=1403]], FeedbackDTO[id=951, text=null, detailText=The class 'BubbleSort' does not implement the interface 'SortStrategy' as expected. Implement the interface and its methods., hasLongFeedbackText=false, reference=null, credits=0.0, positive=false, type=AUTOMATIC, visibility=ALWAYS, testCase=TestCaseDTO[testName=null, id=1407]], FeedbackDTO[id=952, text=null, detailText=MergeSort does not sort correctly, hasLongFeedbackText=false, reference=null, credits=0.0, positive=false, type=AUTOMATIC, visibility=ALWAYS, testCase=TestCaseDTO[testName=null, id=1412]], FeedbackDTO[id=953, text=null, detailText=The class 'Context' was not found within the submission. Make sure to implement it properly., hasLongFeedbackText=false, reference=null, credits=0.0, positive=false, type=AUTOMATIC, visibility=ALWAYS, testCase=TestCaseDTO[testName=null, id=1413]], FeedbackDTO[id=954, text=null, detailText=The class 'Context' was not found within the submission. Make sure to implement it properly., hasLongFeedbackText=false, reference=null, credits=0.0, positive=false, type=AUTOMATIC, visibility=ALWAYS, testCase=TestCaseDTO[testName=null, id=1414]], FeedbackDTO[id=955, text=null, detailText=The exercise expects a class with the name Policy in the package testpackage. You did not implement the class in the exercise., hasLongFeedbackText=false, reference=null, credits=0.0, positive=false, type=AUTOMATIC, visibility=ALWAYS, testCase=TestCaseDTO[testName=null, id=1408]], FeedbackDTO[id=956, text=null, detailText=The exercise expects a class with the name Context in the package testpackage. You did not implement the class in the exercise., hasLongFeedbackText=false, reference=null, credits=0.0, positive=false, type=AUTOMATIC, visibility=ALWAYS, testCase=TestCaseDTO[testName=null, id=1404]], FeedbackDTO[id=957, text=null, detailText=The exercise expects a class with the name Policy in the package testpackage. You did not implement the class in the exercise., hasLongFeedbackText=false, reference=null, credits=0.0, positive=false, type=AUTOMATIC, visibility=ALWAYS, testCase=TestCaseDTO[testName=null, id=1405]], FeedbackDTO[id=958, text=null, detailText=null, hasLongFeedbackText=false, reference=null, credits=3.230769230769231, positive=true, type=AUTOMATIC, visibility=ALWAYS, testCase=TestCaseDTO[testName=null, id=1415]]], assessmentType=AUTOMATIC, hasComplaint=null, exampleResult=null, testCaseCount=13, passedTestCaseCount=1, codeIssueCount=0]], BuildJobQueueItem[id=20261739576743984, name=SHORT53C73BE505404043100AC2F00C039353CE8FTSTEXC-LOCALVCCIINTSTUDENT1, buildAgent=BuildAgentDTO[name=artemis-build-agent-test, memberAddress=[127.0.0.1]:5703, displayName=artemis-build-agent-test], participationId=2026, courseId=991, exerciseId=2608, retryCount=0, priority=1, status=SUCCESSFUL, repositoryInfo=RepositoryInfo[repositoryName=short53c73be505404043100ac2f00c039353ce8ftstexc-localvcciintstudent1, repositoryType=user, triggeredByPushTo=user, assignmentRepositoryUri=http://localhost:49152/git/SHORT53C73BE505404043100AC2F00C039353CE8FTSTEXC/short53c73be505404043100ac2f00c039353ce8ftstexc-localvcciintstudent1.git, testRepositoryUri=http://localhost:49152/git/SHORT53C73BE505404043100AC2F00C039353CE8FTSTEXC/short53c73be505404043100ac2f00c039353ce8ftstexc-tests.git, solutionRepositoryUri=null, auxiliaryRepositoryUris=[Ljava.lang.String;@34dab266, auxiliaryRepositoryCheckoutDirectories=[Ljava.lang.String;@4d567cbc], jobTimingInfo=JobTimingInfo[submissionDate=2025-02-14T23:45:43.984518859Z[Etc/UTC], buildStartDate=2025-02-14T23:45:43.991385682Z[Etc/UTC], buildCompletionDate=2025-02-14T23:45:44.982059928Z[Etc/UTC], estimatedCompletionDate=2025-02-14T23:46:02.991380122Z[Etc/UTC], estimatedDuration=19], buildConfig=BuildConfig[buildScript=#!/bin/bash
cd /var/tmp/testing-dir
chmod +x ./gradlew
./gradlew clean test
, dockerImage=dummy-docker-image:latest, commitHashToBuild=3e90ae9fef2e44ffb41451a080bdaa6a44ad6848, assignmentCommitHash=3e90ae9fef2e44ffb41451a080bdaa6a44ad6848, testCommitHash=0582754c87aae13e640312855ce7dbe490ecb50c, branch=main, programmingLanguage=JAVA, projectType=PLAIN_GRADLE, scaEnabled=false, sequentialTestRunsEnabled=false, resultPaths=[/var/tmp/testing-dir/**/test-results/test/*.xml], timeoutSeconds=0, assignmentCheckoutPath=null, testCheckoutPath=null, solutionCheckoutPath=null, dockerRunConfig=null], submissionResult=ResultDTO[id=635, completionDate=2025-02-14T23:45:44.961313737Z[Etc/UTC], successful=false, score=7.7, rated=true, submission=SubmissionDTO[id=829, submitted=true, type=MANUAL, exampleSubmission=null, submissionDate=2025-02-14T23:45:43.967766Z, commitHash=3e90ae9fef2e44ffb41451a080bdaa6a44ad6848, buildFailed=false, buildArtifact=false, participation=ParticipationDTO[id=2026, testRun=false, type=programming, submissionCount=null, exercise=ParticipationExerciseDTO[id=2608, exerciseType=PROGRAMMING, type=programming, assessmentType=AUTOMATIC, dueDate=2025-02-16T23:45:43.597978Z, assessmentDueDate=null, maxPoints=42.0, course=CourseDTO[id=991, accuracyOfScores=1]]], submissionExerciseType=programming, isProcessing=false, buildStartDate=null, estimatedCompletionDate=null], participation=ParticipationDTO[id=2026, testRun=false, type=programming, submissionCount=null, exercise=ParticipationExerciseDTO[id=2608, exerciseType=PROGRAMMING, type=programming, assessmentType=AUTOMATIC, dueDate=2025-02-16T23:45:43.597978Z, assessmentDueDate=null, maxPoints=42.0, course=CourseDTO[id=991, accuracyOfScores=1]]], feedbacks=[FeedbackDTO[id=959, text=null, detailText=The exercise expects a class with the name Context in the package testpackage. You did not implement the class in the exercise., hasLongFeedbackText=false, reference=null, credits=0.0, positive=false, type=AUTOMATIC, visibility=ALWAYS, testCase=TestCaseDTO[testName=null, id=1448]], FeedbackDTO[id=960, text=null, detailText=The exercise expects a class with the name Policy in the package testpackage. You did not implement the class in the exercise., hasLongFeedbackText=false, reference=null, credits=0.0, positive=false, type=AUTOMATIC, visibility=ALWAYS, testCase=TestCaseDTO[testName=null, id=1449]], FeedbackDTO[id=961, text=null, detailText=The exercise expects a class with the name SortStrategy in the package testpackage. You did not implement the class in the exercise., hasLongFeedbackText=false, reference=null, credits=0.0, positive=false, type=AUTOMATIC, visibility=ALWAYS, testCase=TestCaseDTO[testName=null, id=1450]], FeedbackDTO[id=962, text=null, detailText=The class 'MergeSort' does not implement the interface 'SortStrategy' as expected. Implement the interface and its methods., hasLongFeedbackText=false, reference=null, credits=0.0, positive=false, type=AUTOMATIC, visibility=ALWAYS, testCase=TestCaseDTO[testName=null, id=1445]], FeedbackDTO[id=963, text=null, detailText=The exercise expects a class with the name SortStrategy in the package testpackage. You did not implement the class in the exercise., hasLongFeedbackText=false, reference=null, credits=0.0, positive=false, type=AUTOMATIC, visibility=ALWAYS, testCase=TestCaseDTO[testName=null, id=1442]], FeedbackDTO[id=964, text=null, detailText=The class 'BubbleSort' does not implement the interface 'SortStrategy' as expected. Implement the interface and its methods., hasLongFeedbackText=false, reference=null, credits=0.0, positive=false, type=AUTOMATIC, visibility=ALWAYS, testCase=TestCaseDTO[testName=null, id=1446]], FeedbackDTO[id=965, text=null, detailText=MergeSort does not sort correctly, hasLongFeedbackText=false, reference=null, credits=0.0, positive=false, type=AUTOMATIC, visibility=ALWAYS, testCase=TestCaseDTO[testName=null, id=1451]], FeedbackDTO[id=966, text=null, detailText=The class 'Context' was not found within the submission. Make sure to implement it properly., hasLongFeedbackText=false, reference=null, credits=0.0, positive=false, type=AUTOMATIC, visibility=ALWAYS, testCase=TestCaseDTO[testName=null, id=1452]], FeedbackDTO[id=967, text=null, detailText=The class 'Context' was not found within the submission. Make sure to implement it properly., hasLongFeedbackText=false, reference=null, credits=0.0, positive=false, type=AUTOMATIC, visibility=ALWAYS, testCase=TestCaseDTO[testName=null, id=1453]], FeedbackDTO[id=968, text=null, detailText=The exercise expects a class with the name Policy in the package testpackage. You did not implement the class in the exercise., hasLongFeedbackText=false, reference=null, credits=0.0, positive=false, type=AUTOMATIC, visibility=ALWAYS, testCase=TestCaseDTO[testName=null, id=1447]], FeedbackDTO[id=969, text=null, detailText=The exercise expects a class with the name Context in the package testpackage. You did not implement the class in the exercise., hasLongFeedbackText=false, reference=null, credits=0.0, positive=false, type=AUTOMATIC, visibility=ALWAYS, testCase=TestCaseDTO[testName=null, id=1443]], FeedbackDTO[id=970, text=null, detailText=The exercise expects a class with the name Policy in the package testpackage. You did not implement the class in the exercise., hasLongFeedbackText=false, reference=null, credits=0.0, positive=false, type=AUTOMATIC, visibility=ALWAYS, testCase=TestCaseDTO[testName=null, id=1444]], FeedbackDTO[id=971, text=null, detailText=null, hasLongFeedbackText=false, reference=null, credits=3.230769230769231, positive=true, type=AUTOMATIC, visibility=ALWAYS, testCase=TestCaseDTO[testName=null, id=1454]]], assessmentType=AUTOMATIC, hasComplaint=null, exampleResult=null, testCaseCount=13, passedTestCaseCount=1, codeIssueCount=0]], BuildJobQueueItem[id=20271739576746886, name=SHORT0FC863930E92904248098A506171F81CF6CFTSTEXC-SOLUTION, buildAgent=BuildAgentDTO[name=artemis-build-agent-test, memberAddress=[127.0.0.1]:5703, displayName=artemis-build-agent-test], participationId=2027, courseId=992, exerciseId=2609, retryCount=0, priority=2, status=SUCCESSFUL, repositoryInfo=RepositoryInfo[repositoryName=short0fc863930e92904248098a506171f81cf6cftstexc-solution, repositoryType=solution, triggeredByPushTo=auxiliary, assignmentRepositoryUri=http://localhost:49152/git/SHORT0FC863930E92904248098A506171F81CF6CFTSTEXC/short0fc863930e92904248098a506171f81cf6cftstexc-solution.git, testRepositoryUri=http://localhost:49152/git/SHORT0FC863930E92904248098A506171F81CF6CFTSTEXC/short0fc863930e92904248098a506171f81cf6cftstexc-tests.git, solutionRepositoryUri=null, auxiliaryRepositoryUris=[Ljava.lang.String;@7671ed70, auxiliaryRepositoryCheckoutDirectories=[Ljava.lang.String;@b2a37a4], jobTimingInfo=JobTimingInfo[submissionDate=2025-02-14T23:45:46.886984066Z[Etc/UTC], buildStartDate=2025-02-14T23:45:46.897709578Z[Etc/UTC], buildCompletionDate=2025-02-14T23:45:48.628460156Z[Etc/UTC], estimatedCompletionDate=2025-02-14T23:46:05.897701272Z[Etc/UTC], estimatedDuration=19], buildConfig=BuildConfig[buildScript=#!/bin/bash
cd /var/tmp/testing-dir
chmod +x ./gradlew
./gradlew clean test
, dockerImage=dummy-docker-image:latest, commitHashToBuild=null, assignmentCommitHash=115a2e943bee242fdad360b50d8ad5f30792577e, testCommitHash=9b3a9bd71a0d80e5bbc42204c319ed3d1d4f0d6d, branch=main, programmingLanguage=JAVA, projectType=PLAIN_GRADLE, scaEnabled=false, sequentialTestRunsEnabled=false, resultPaths=[/var/tmp/testing-dir/**/test-results/test/*.xml], timeoutSeconds=0, assignmentCheckoutPath=null, testCheckoutPath=null, solutionCheckoutPath=null, dockerRunConfig=null], submissionResult=ResultDTO[id=636, completionDate=2025-02-14T23:45:48.593370968Z[Etc/UTC], successful=true, score=100.0, rated=true, submission=SubmissionDTO[id=830, submitted=true, type=TEST, exampleSubmission=null, submissionDate=2025-02-14T23:45:46.873671Z, commitHash=9b3a9bd71a0d80e5bbc42204c319ed3d1d4f0d6d, buildFailed=false, buildArtifact=false, participation=ParticipationDTO[id=2027, testRun=false, type=solution, submissionCount=null, exercise=ParticipationExerciseDTO[id=2609, exerciseType=PROGRAMMING, type=programming, assessmentType=AUTOMATIC, dueDate=2025-02-16T23:45:46.386304Z, assessmentDueDate=null, maxPoints=42.0, course=CourseDTO[id=992, accuracyOfScores=1]]], submissionExerciseType=programming, isProcessing=false, buildStartDate=null, estimatedCompletionDate=null], participation=ParticipationDTO[id=2027, testRun=false, type=solution, submissionCount=null, exercise=ParticipationExerciseDTO[id=2609, exerciseType=PROGRAMMING, type=programming, assessmentType=AUTOMATIC, dueDate=2025-02-16T23:45:46.386304Z, assessmentDueDate=null, maxPoints=42.0, course=CourseDTO[id=992, accuracyOfScores=1]]], feedbacks=[FeedbackDTO[id=972, text=null, detailText=null, hasLongFeedbackText=false, reference=null, credits=3.230769230769231, positive=true, type=AUTOMATIC, visibility=ALWAYS, testCase=TestCaseDTO[testName=testMethods[Context], id=1461]], FeedbackDTO[id=973, text=null, detailText=null, hasLongFeedbackText=false, reference=null, credits=3.230769230769231, positive=true, type=AUTOMATIC, visibility=ALWAYS, testCase=TestCaseDTO[testName=testMethods[Policy], id=1462]], FeedbackDTO[id=974, text=null, detailText=null, hasLongFeedbackText=false, reference=null, credits=3.230769230769231, positive=true, type=AUTOMATIC, visibility=ALWAYS, testCase=TestCaseDTO[testName=testMethods[SortStrategy], id=1463]], FeedbackDTO[id=975, text=null, detailText=null, hasLongFeedbackText=false, reference=null, credits=3.230769230769231, positive=true, type=AUTOMATIC, visibility=ALWAYS, testCase=TestCaseDTO[testName=testClass[MergeSort], id=1458]], FeedbackDTO[id=976, text=null, detailText=null, hasLongFeedbackText=false, reference=null, credits=3.230769230769231, positive=true, type=AUTOMATIC, visibility=ALWAYS, testCase=TestCaseDTO[testName=testClass[SortStrategy], id=1455]], FeedbackDTO[id=977, text=null, detailText=null, hasLongFeedbackText=false, reference=null, credits=3.230769230769231, positive=true, type=AUTOMATIC, visibility=ALWAYS, testCase=TestCaseDTO[testName=testClass[BubbleSort], id=1459]], FeedbackDTO[id=978, text=null, detailText=null, hasLongFeedbackText=false, reference=null, credits=3.230769230769231, positive=true, type=AUTOMATIC, visibility=ALWAYS, testCase=TestCaseDTO[testName=testMergeSort(), id=1464]], FeedbackDTO[id=979, text=null, detailText=null, hasLongFeedbackText=false, reference=null, credits=3.230769230769231, positive=true, type=AUTOMATIC, visibility=ALWAYS, testCase=TestCaseDTO[testName=testUseBubbleSortForSmallList(), id=1465]], FeedbackDTO[id=980, text=null, detailText=null, hasLongFeedbackText=false, reference=null, credits=3.230769230769231, positive=true, type=AUTOMATIC, visibility=ALWAYS, testCase=TestCaseDTO[testName=testBubbleSort(), id=1467]], FeedbackDTO[id=981, text=null, detailText=null, hasLongFeedbackText=false, reference=null, credits=3.230769230769231, positive=true, type=AUTOMATIC, visibility=ALWAYS, testCase=TestCaseDTO[testName=testUseMergeSortForBigList(), id=1466]], FeedbackDTO[id=982, text=null, detailText=null, hasLongFeedbackText=false, reference=null, credits=3.230769230769231, positive=true, type=AUTOMATIC, visibility=ALWAYS, testCase=TestCaseDTO[testName=testConstructors[Policy], id=1460]], FeedbackDTO[id=983, text=null, detailText=null, hasLongFeedbackText=false, reference=null, credits=3.230769230769231, positive=true, type=AUTOMATIC, visibility=ALWAYS, testCase=TestCaseDTO[testName=testAttributes[Context], id=1456]], FeedbackDTO[id=984, text=null, detailText=null, hasLongFeedbackText=false, reference=null, credits=3.230769230769231, positive=true, type=AUTOMATIC, visibility=ALWAYS, testCase=TestCaseDTO[testName=testAttributes[Policy], id=1457]]], assessmentType=AUTOMATIC, hasComplaint=null, exampleResult=null, testCaseCount=13, passedTestCaseCount=13, codeIssueCount=0]], BuildJobQueueItem[id=20281739576748768, name=SHORT0FC863930E92904248098A506171F81CF6CFTSTEXC-BASE, buildAgent=BuildAgentDTO[name=artemis-build-agent-test, memberAddress=[127.0.0.1]:5703, displayName=artemis-build-agent-test], participationId=2028, courseId=992, exerciseId=2609, retryCount=0, priority=2, status=SUCCESSFUL, repositoryInfo=RepositoryInfo[repositoryName=short0fc863930e92904248098a506171f81cf6cftstexc-exercise, repositoryType=exercise, triggeredByPushTo=auxiliary, assignmentRepositoryUri=http://localhost:49152/git/SHORT0FC863930E92904248098A506171F81CF6CFTSTEXC/short0fc863930e92904248098a506171f81cf6cftstexc-exercise.git, testRepositoryUri=http://localhost:49152/git/SHORT0FC863930E92904248098A506171F81CF6CFTSTEXC/short0fc863930e92904248098a506171f81cf6cftstexc-tests.git, solutionRepositoryUri=null, auxiliaryRepositoryUris=[Ljava.lang.String;@6a02ed25, auxiliaryRepositoryCheckoutDirectories=[Ljava.lang.String;@14cfdf45], jobTimingInfo=JobTimingInfo[submissionDate=2025-02-14T23:45:48.768063548Z[Etc/UTC], buildStartDate=2025-02-14T23:45:48.802531989Z[Etc/UTC], buildCompletionDate=2025-02-14T23:45:50.482681367Z[Etc/UTC], estimatedCompletionDate=2025-02-14T23:45:50.802523092Z[Etc/UTC], estimatedDuration=2], buildConfig=BuildConfig[buildScript=#!/bin/bash
cd /var/tmp/testing-dir
chmod +x ./gradlew
./gradlew clean test
, dockerImage=dummy-docker-image:latest, commitHashToBuild=9b3a9bd71a0d80e5bbc42204c319ed3d1d4f0d6d, assignmentCommitHash=115a2e943bee242fdad360b50d8ad5f30792577e, testCommitHash=9b3a9bd71a0d80e5bbc42204c319ed3d1d4f0d6d, branch=main, programmingLanguage=JAVA, projectType=PLAIN_GRADLE, scaEnabled=false, sequentialTestRunsEnabled=false, resultPaths=[/var/tmp/testing-dir/**/test-results/test/*.xml], timeoutSeconds=0, assignmentCheckoutPath=null, testCheckoutPath=null, solutionCheckoutPath=null, dockerRunConfig=null], submissionResult=ResultDTO[id=637, completionDate=2025-02-14T23:45:50.449084694Z[Etc/UTC], successful=false, score=0.0, rated=true, submission=SubmissionDTO[id=831, submitted=true, type=TEST, exampleSubmission=null, submissionDate=2025-02-14T23:45:48.761177Z, commitHash=9b3a9bd71a0d80e5bbc42204c319ed3d1d4f0d6d, buildFailed=false, buildArtifact=false, participation=ParticipationDTO[id=2028, testRun=false, type=template, submissionCount=null, exercise=ParticipationExerciseDTO[id=2609, exerciseType=PROGRAMMING, type=programming, assessmentType=AUTOMATIC, dueDate=2025-02-16T23:45:46.386304Z, assessmentDueDate=null, maxPoints=42.0, course=CourseDTO[id=992, accuracyOfScores=1]]], submissionExerciseType=programming, isProcessing=false, buildStartDate=null, estimatedCompletionDate=null], participation=ParticipationDTO[id=2028, testRun=false, type=template, submissionCount=null, exercise=ParticipationExerciseDTO[id=2609, exerciseType=PROGRAMMING, type=programming, assessmentType=AUTOMATIC, dueDate=2025-02-16T23:45:46.386304Z, assessmentDueDate=null, maxPoints=42.0, course=CourseDTO[id=992, accuracyOfScores=1]]], feedbacks=[FeedbackDTO[id=985, text=null, detailText=The exercise expects a class with the name Context in the package testpackage. You did not implement the class in the exercise., hasLongFeedbackText=false, reference=null, credits=0.0, positive=false, type=AUTOMATIC, visibility=ALWAYS, testCase=TestCaseDTO[testName=testMethods[Context], id=1461]], FeedbackDTO[id=986, text=null, detailText=The exercise expects a class with the name Policy in the package testpackage. You did not implement the class in the exercise., hasLongFeedbackText=false, reference=null, credits=0.0, positive=false, type=AUTOMATIC, visibility=ALWAYS, testCase=TestCaseDTO[testName=testMethods[Policy], id=1462]], FeedbackDTO[id=987, text=null, detailText=The exercise expects a class with the name SortStrategy in the package testpackage. You did not implement the class in the exercise., hasLongFeedbackText=false, reference=null, credits=0.0, positive=false, type=AUTOMATIC, visibility=ALWAYS, testCase=TestCaseDTO[testName=testMethods[SortStrategy], id=1463]], FeedbackDTO[id=988, text=null, detailText=The class 'MergeSort' does not implement the interface 'SortStrategy' as expected. Implement the interface and its methods., hasLongFeedbackText=false, reference=null, credits=0.0, positive=false, type=AUTOMATIC, visibility=ALWAYS, testCase=TestCaseDTO[testName=testClass[MergeSort], id=1458]], FeedbackDTO[id=989, text=null, detailText=The exercise expects a class with the name SortStrategy in the package testpackage. You did not implement the class in the exercise., hasLongFeedbackText=false, reference=null, credits=0.0, positive=false, type=AUTOMATIC, visibility=ALWAYS, testCase=TestCaseDTO[testName=testClass[SortStrategy], id=1455]], FeedbackDTO[id=990, text=null, detailText=The class 'BubbleSort' does not implement the interface 'SortStrategy' as expected. Implement the interface and its methods., hasLongFeedbackText=false, reference=null, credits=0.0, positive=false, type=AUTOMATIC, visibility=ALWAYS, testCase=TestCaseDTO[testName=testClass[BubbleSort], id=1459]], FeedbackDTO[id=991, text=null, detailText=MergeSort does not sort correctly, hasLongFeedbackText=false, reference=null, credits=0.0, positive=false, type=AUTOMATIC, visibility=ALWAYS, testCase=TestCaseDTO[testName=testMergeSort(), id=1464]], FeedbackDTO[id=992, text=null, detailText=The class 'Context' was not found within the submission. Make sure to implement it properly., hasLongFeedbackText=false, reference=null, credits=0.0, positive=false, type=AUTOMATIC, visibility=ALWAYS, testCase=TestCaseDTO[testName=testUseBubbleSortForSmallList(), id=1465]], FeedbackDTO[id=993, text=null, detailText=BubbleSort does not sort correctly, hasLongFeedbackText=false, reference=null, credits=0.0, positive=false, type=AUTOMATIC, visibility=ALWAYS, testCase=TestCaseDTO[testName=testBubbleSort(), id=1467]], FeedbackDTO[id=994, text=null, detailText=The class 'Context' was not found within the submission. Make sure to implement it properly., hasLongFeedbackText=false, reference=null, credits=0.0, positive=false, type=AUTOMATIC, visibility=ALWAYS, testCase=TestCaseDTO[testName=testUseMergeSortForBigList(), id=1466]], FeedbackDTO[id=995, text=null, detailText=The exercise expects a class with the name Policy in the package testpackage. You did not implement the class in the exercise., hasLongFeedbackText=false, reference=null, credits=0.0, positive=false, type=AUTOMATIC, visibility=ALWAYS, testCase=TestCaseDTO[testName=testConstructors[Policy], id=1460]], FeedbackDTO[id=996, text=null, detailText=The exercise expects a class with the name Context in the package testpackage. You did not implement the class in the exercise., hasLongFeedbackText=false, reference=null, credits=0.0, positive=false, type=AUTOMATIC, visibility=ALWAYS, testCase=TestCaseDTO[testName=testAttributes[Context], id=1456]], FeedbackDTO[id=997, text=null, detailText=The exercise expects a class with the name Policy in the package testpackage. You did not implement the class in the exercise., hasLongFeedbackText=false, reference=null, credits=0.0, positive=false, type=AUTOMATIC, visibility=ALWAYS, testCase=TestCaseDTO[testName=testAttributes[Policy], id=1457]]], assessmentType=AUTOMATIC, hasComplaint=null, exampleResult=null, testCaseCount=13, passedTestCaseCount=0, codeIssueCount=0]], BuildJobQueueItem[id=20291739576751299, name=SHORT716C2EC10B19B049C80A2F00B97EAB20B2A9TSTEXC-SOLUTION, buildAgent=BuildAgentDTO[name=artemis-build-agent-test, memberAddress=[127.0.0.1]:5703, displayName=artemis-build-agent-test], participationId=2029, courseId=993, exerciseId=2610, retryCount=0, priority=2, status=SUCCESSFUL, repositoryInfo=RepositoryInfo[repositoryName=short716c2ec10b19b049c80a2f00b97eab20b2a9tstexc-solution, repositoryType=solution, triggeredByPushTo=tests, assignmentRepositoryUri=http://localhost:49152/git/SHORT716C2EC10B19B049C80A2F00B97EAB20B2A9TSTEXC/short716c2ec10b19b049c80a2f00b97eab20b2a9tstexc-solution.git, testRepositoryUri=http://localhost:49152/git/SHORT716C2EC10B19B049C80A2F00B97EAB20B2A9TSTEXC/short716c2ec10b19b049c80a2f00b97eab20b2a9tstexc-tests.git, solutionRepositoryUri=null, auxiliaryRepositoryUris=[Ljava.lang.String;@6d2cbac1, auxiliaryRepositoryCheckoutDirectories=[Ljava.lang.String;@376137d7], jobTimingInfo=JobTimingInfo[submissionDate=2025-02-14T23:45:51.299892174Z[Etc/UTC], buildStartDate=2025-02-14T23:45:51.314028505Z[Etc/UTC], buildCompletionDate=2025-02-14T23:45:52.158312850Z[Etc/UTC], estimatedCompletionDate=2025-02-14T23:46:10.314021752Z[Etc/UTC], estimatedDuration=19], buildConfig=BuildConfig[buildScript=#!/bin/bash
cd /var/tmp/testing-dir
chmod +x ./gradlew
./gradlew clean test
, dockerImage=dummy-docker-image:latest, commitHashToBuild=1e531733ed6e9237f710b528d1eb0b7beac565fd, assignmentCommitHash=815e279f12ad296b4f24c44134a07293c04c010f, testCommitHash=1e531733ed6e9237f710b528d1eb0b7beac565fd, branch=main, programmingLanguage=JAVA, projectType=PLAIN_GRADLE, scaEnabled=false, sequentialTestRunsEnabled=false, resultPaths=[/var/tmp/testing-dir/**/test-results/test/*.xml], timeoutSeconds=0, assignmentCheckoutPath=null, testCheckoutPath=null, solutionCheckoutPath=null, dockerRunConfig=null], submissionResult=ResultDTO[id=638, completionDate=2025-02-14T23:45:52.146826070Z[Etc/UTC], successful=true, score=100.0, rated=true, submission=SubmissionDTO[id=832, submitted=true, type=TEST, exampleSubmission=null, submissionDate=2025-02-14T23:45:51.275713Z, commitHash=1e531733ed6e9237f710b528d1eb0b7beac565fd, buildFailed=false, buildArtifact=false, participation=ParticipationDTO[id=2029, testRun=false, type=solution, submissionCount=null, exercise=ParticipationExerciseDTO[id=2610, exerciseType=PROGRAMMING, type=programming, assessmentType=AUTOMATIC, dueDate=2025-02-16T23:45:50.869093Z, assessmentDueDate=null, maxPoints=42.0, course=CourseDTO[id=993, accuracyOfScores=1]]], submissionExerciseType=programming, isProcessing=false, buildStartDate=null, estimatedCompletionDate=null], participation=ParticipationDTO[id=2029, testRun=false, type=solution, submissionCount=null, exercise=ParticipationExerciseDTO[id=2610, exerciseType=PROGRAMMING, type=programming, assessmentType=AUTOMATIC, dueDate=2025-02-16T23:45:50.869093Z, assessmentDueDate=null, maxPoints=42.0, course=CourseDTO[id=993, accuracyOfScores=1]]], feedbacks=[FeedbackDTO[id=998, text=null, detailText=null, hasLongFeedbackText=false, reference=null, credits=3.230769230769231, positive=true, type=AUTOMATIC, visibility=ALWAYS, testCase=TestCaseDTO[testName=testMethods[Context], id=1474]], FeedbackDTO[id=999, text=null, detailText=null, hasLongFeedbackText=false, reference=null, credits=3.230769230769231, positive=true, type=AUTOMATIC, visibility=ALWAYS, testCase=TestCaseDTO[testName=testMethods[Policy], id=1475]], FeedbackDTO[id=1000, text=null, detailText=null, hasLongFeedbackText=false, reference=null, credits=3.230769230769231, positive=true, type=AUTOMATIC, visibility=ALWAYS, testCase=TestCaseDTO[testName=testMethods[SortStrategy], id=1476]], FeedbackDTO[id=1001, text=null, detailText=null, hasLongFeedbackText=false, reference=null, credits=3.230769230769231, positive=true, type=AUTOMATIC, visibility=ALWAYS, testCase=TestCaseDTO[testName=testClass[MergeSort], id=1471]], FeedbackDTO[id=1002, text=null, detailText=null, hasLongFeedbackText=false, reference=null, credits=3.230769230769231, positive=true, type=AUTOMATIC, visibility=ALWAYS, testCase=TestCaseDTO[testName=testClass[SortStrategy], id=1468]], FeedbackDTO[id=1003, text=null, detailText=null, hasLongFeedbackText=false, reference=null, credits=3.230769230769231, positive=true, type=AUTOMATIC, visibility=ALWAYS, testCase=TestCaseDTO[testName=testClass[BubbleSort], id=1472]], FeedbackDTO[id=1004, text=null, detailText=null, hasLongFeedbackText=false, reference=null, credits=3.230769230769231, positive=true, type=AUTOMATIC, visibility=ALWAYS, testCase=TestCaseDTO[testName=testMergeSort(), id=1477]], FeedbackDTO[id=1005, text=null, detailText=null, hasLongFeedbackText=false, reference=null, credits=3.230769230769231, positive=true, type=AUTOMATIC, visibility=ALWAYS, testCase=TestCaseDTO[testName=testUseBubbleSortForSmallList(), id=1478]], FeedbackDTO[id=1006, text=null, detailText=null, hasLongFeedbackText=false, reference=null, credits=3.230769230769231, positive=true, type=AUTOMATIC, visibility=ALWAYS, testCase=TestCaseDTO[testName=testBubbleSort(), id=1480]], FeedbackDTO[id=1007, text=null, detailText=null, hasLongFeedbackText=false, reference=null, credits=3.230769230769231, positive=true, type=AUTOMATIC, visibility=ALWAYS, testCase=TestCaseDTO[testName=testUseMergeSortForBigList(), id=1479]], FeedbackDTO[id=1008, text=null, detailText=null, hasLongFeedbackText=false, reference=null, credits=3.230769230769231, positive=true, type=AUTOMATIC, visibility=ALWAYS, testCase=TestCaseDTO[testName=testConstructors[Policy], id=1473]], FeedbackDTO[id=1009, text=null, detailText=null, hasLongFeedbackText=false, reference=null, credits=3.230769230769231, positive=true, type=AUTOMATIC, visibility=ALWAYS, testCase=TestCaseDTO[testName=testAttributes[Context], id=1469]], FeedbackDTO[id=1010, text=null, detailText=null, hasLongFeedbackText=false, reference=null, credits=3.230769230769231, positive=true, type=AUTOMATIC, visibility=ALWAYS, testCase=TestCaseDTO[testName=testAttributes[Policy], id=1470]]], assessmentType=AUTOMATIC, hasComplaint=null, exampleResult=null, testCaseCount=13, passedTestCaseCount=13, codeIssueCount=0]], BuildJobQueueItem[id=20301739576752239, name=SHORT716C2EC10B19B049C80A2F00B97EAB20B2A9TSTEXC-BASE, buildAgent=BuildAgentDTO[name=artemis-build-agent-test, memberAddress=[127.0.0.1]:5703, displayName=artemis-build-agent-test], participationId=2030, courseId=993, exerciseId=2610, retryCount=0, priority=2, status=SUCCESSFUL, repositoryInfo=RepositoryInfo[repositoryName=short716c2ec10b19b049c80a2f00b97eab20b2a9tstexc-exercise, repositoryType=exercise, triggeredByPushTo=tests, assignmentRepositoryUri=http://localhost:49152/git/SHORT716C2EC10B19B049C80A2F00B97EAB20B2A9TSTEXC/short716c2ec10b19b049c80a2f00b97eab20b2a9tstexc-exercise.git, testRepositoryUri=http://localhost:49152/git/SHORT716C2EC10B19B049C80A2F00B97EAB20B2A9TSTEXC/short716c2ec10b19b049c80a2f00b97eab20b2a9tstexc-tests.git, solutionRepositoryUri=null, auxiliaryRepositoryUris=[Ljava.lang.String;@4af78fdb, auxiliaryRepositoryCheckoutDirectories=[Ljava.lang.String;@20284437], jobTimingInfo=JobTimingInfo[submissionDate=2025-02-14T23:45:52.239402475Z[Etc/UTC], buildStartDate=2025-02-14T23:45:52.258713639Z[Etc/UTC], buildCompletionDate=2025-02-14T23:45:53.238773956Z[Etc/UTC], estimatedCompletionDate=2025-02-14T23:45:53.258707428Z[Etc/UTC], estimatedDuration=1], buildConfig=BuildConfig[buildScript=#!/bin/bash
cd /var/tmp/testing-dir
chmod +x ./gradlew
./gradlew clean test
, dockerImage=dummy-docker-image:latest, commitHashToBuild=1e531733ed6e9237f710b528d1eb0b7beac565fd, assignmentCommitHash=815e279f12ad296b4f24c44134a07293c04c010f, testCommitHash=1e531733ed6e9237f710b528d1eb0b7beac565fd, branch=main, programmingLanguage=JAVA, projectType=PLAIN_GRADLE, scaEnabled=false, sequentialTestRunsEnabled=false, resultPaths=[/var/tmp/testing-dir/**/test-results/test/*.xml], timeoutSeconds=0, assignmentCheckoutPath=null, testCheckoutPath=null, solutionCheckoutPath=null, dockerRunConfig=null], submissionResult=ResultDTO[id=639, completionDate=2025-02-14T23:45:53.225806205Z[Etc/UTC], successful=false, score=0.0, rated=true, submission=SubmissionDTO[id=833, submitted=true, type=TEST, exampleSubmission=null, submissionDate=2025-02-14T23:45:52.237179Z, commitHash=1e531733ed6e9237f710b528d1eb0b7beac565fd, buildFailed=false, buildArtifact=false, participation=ParticipationDTO[id=2030, testRun=false, type=template, submissionCount=null, exercise=ParticipationExerciseDTO[id=2610, exerciseType=PROGRAMMING, type=programming, assessmentType=AUTOMATIC, dueDate=2025-02-16T23:45:50.869093Z, assessmentDueDate=null, maxPoints=42.0, course=CourseDTO[id=993, accuracyOfScores=1]]], submissionExerciseType=programming, isProcessing=false, buildStartDate=null, estimatedCompletionDate=null], participation=ParticipationDTO[id=2030, testRun=false, type=template, submissionCount=null, exercise=ParticipationExerciseDTO[id=2610, exerciseType=PROGRAMMING, type=programming, assessmentType=AUTOMATIC, dueDate=2025-02-16T23:45:50.869093Z, assessmentDueDate=null, maxPoints=42.0, course=CourseDTO[id=993, accuracyOfScores=1]]], feedbacks=[FeedbackDTO[id=1011, text=null, detailText=The exercise expects a class with the name Context in the package testpackage. You did not implement the class in the exercise., hasLongFeedbackText=false, reference=null, credits=0.0, positive=false, type=AUTOMATIC, visibility=ALWAYS, testCase=TestCaseDTO[testName=testMethods[Context], id=1474]], FeedbackDTO[id=1012, text=null, detailText=The exercise expects a class with the name Policy in the package testpackage. You did not implement the class in the exercise., hasLongFeedbackText=false, reference=null, credits=0.0, positive=false, type=AUTOMATIC, visibility=ALWAYS, testCase=TestCaseDTO[testName=testMethods[Policy], id=1475]], FeedbackDTO[id=1013, text=null, detailText=The exercise expects a class with the name SortStrategy in the package testpackage. You did not implement the class in the exercise., hasLongFeedbackText=false, reference=null, credits=0.0, positive=false, type=AUTOMATIC, visibility=ALWAYS, testCase=TestCaseDTO[testName=testMethods[SortStrategy], id=1476]], FeedbackDTO[id=1014, text=null, detailText=The class 'MergeSort' does not implement the interface 'SortStrategy' as expected. Implement the interface and its methods., hasLongFeedbackText=false, reference=null, credits=0.0, positive=false, type=AUTOMATIC, visibility=ALWAYS, testCase=TestCaseDTO[testName=testClass[MergeSort], id=1471]], FeedbackDTO[id=1015, text=null, detailText=The exercise expects a class with the name SortStrategy in the package testpackage. You did not implement the class in the exercise., hasLongFeedbackText=false, reference=null, credits=0.0, positive=false, type=AUTOMATIC, visibility=ALWAYS, testCase=TestCaseDTO[testName=testClass[SortStrategy], id=1468]], FeedbackDTO[id=1016, text=null, detailText=The class 'BubbleSort' does not implement the interface 'SortStrategy' as expected. Implement the interface and its methods., hasLongFeedbackText=false, reference=null, credits=0.0, positive=false, type=AUTOMATIC, visibility=ALWAYS, testCase=TestCaseDTO[testName=testClass[BubbleSort], id=1472]], FeedbackDTO[id=1017, text=null, detailText=MergeSort does not sort correctly, hasLongFeedbackText=false, reference=null, credits=0.0, positive=false, type=AUTOMATIC, visibility=ALWAYS, testCase=TestCaseDTO[testName=testMergeSort(), id=1477]], FeedbackDTO[id=1018, text=null, detailText=The class 'Context' was not found within the submission. Make sure to implement it properly., hasLongFeedbackText=false, reference=null, credits=0.0, positive=false, type=AUTOMATIC, visibility=ALWAYS, testCase=TestCaseDTO[testName=testUseBubbleSortForSmallList(), id=1478]], FeedbackDTO[id=1019, text=null, detailText=BubbleSort does not sort correctly, hasLongFeedbackText=false, reference=null, credits=0.0, positive=false, type=AUTOMATIC, visibility=ALWAYS, testCase=TestCaseDTO[testName=testBubbleSort(), id=1480]], FeedbackDTO[id=1020, text=null, detailText=The class 'Context' was not found within the submission. Make sure to implement it properly., hasLongFeedbackText=false, reference=null, credits=0.0, positive=false, type=AUTOMATIC, visibility=ALWAYS, testCase=TestCaseDTO[testName=testUseMergeSortForBigList(), id=1479]], FeedbackDTO[id=1021, text=null, detailText=The exercise expects a class with the name Policy in the package testpackage. You did not implement the class in the exercise., hasLongFeedbackText=false, reference=null, credits=0.0, positive=false, type=AUTOMATIC, visibility=ALWAYS, testCase=TestCaseDTO[testName=testConstructors[Policy], id=1473]], FeedbackDTO[id=1022, text=null, detailText=The exercise expects a class with the name Context in the package testpackage. You did not implement the class in the exercise., hasLongFeedbackText=false, reference=null, credits=0.0, positive=false, type=AUTOMATIC, visibility=ALWAYS, testCase=TestCaseDTO[testName=testAttributes[Context], id=1469]], FeedbackDTO[id=1023, text=null, detailText=The exercise expects a class with the name Policy in the package testpackage. You did not implement the class in the exercise., hasLongFeedbackText=false, reference=null, credits=0.0, positive=false, type=AUTOMATIC, visibility=ALWAYS, testCase=TestCaseDTO[testName=testAttributes[Policy], id=1470]]], assessmentType=AUTOMATIC, hasComplaint=null, exampleResult=null, testCaseCount=13, passedTestCaseCount=0, codeIssueCount=0]], BuildJobQueueItem[id=20391739576754750, name=SHORT3A680734092E404EF80A4C60FBC1E408F7D0TSTEXC-LOCALVCCIINTSTUDENT1, buildAgent=BuildAgentDTO[name=artemis-build-agent-test, memberAddress=[127.0.0.1]:5703, displayName=artemis-build-agent-test], participationId=2039, courseId=996, exerciseId=2613, retryCount=0, priority=2, status=SUCCESSFUL, repositoryInfo=RepositoryInfo[repositoryName=short3a680734092e404ef80a4c60fbc1e408f7d0tstexc-localvcciintstudent1, repositoryType=user, triggeredByPushTo=user, assignmentRepositoryUri=http://localhost:49152/git/SHORT3A680734092E404EF80A4C60FBC1E408F7D0TSTEXC/short3a680734092e404ef80a4c60fbc1e408f7d0tstexc-localvcciintstudent1.git, testRepositoryUri=http://localhost:49152/git/SHORT3A680734092E404EF80A4C60FBC1E408F7D0TSTEXC/short3a680734092e404ef80a4c60fbc1e408f7d0tstexc-tests.git, solutionRepositoryUri=null, auxiliaryRepositoryUris=[Ljava.lang.String;@28da1841, auxiliaryRepositoryCheckoutDirectories=[Ljava.lang.String;@16bb5d02], jobTimingInfo=JobTimingInfo[submissionDate=2025-02-14T23:45:54.750657185Z[Etc/UTC], buildStartDate=2025-02-14T23:45:54.765232948Z[Etc/UTC], buildCompletionDate=2025-02-14T23:45:55.645844970Z[Etc/UTC], estimatedCompletionDate=2025-02-14T23:46:13.765225363Z[Etc/UTC], estimatedDuration=19], buildConfig=BuildConfig[buildScript=#!/bin/bash
cd /var/tmp/testing-dir
chmod +x ./gradlew
./gradlew clean test
, dockerImage=dummy-docker-image:latest, commitHashToBuild=9344436f8d5a5ce3aa40215562db211ed501371f, assignmentCommitHash=9344436f8d5a5ce3aa40215562db211ed501371f, testCommitHash=ff421c3651ec230fed2f20f72c2901ae372be06a, branch=main, programmingLanguage=JAVA, projectType=PLAIN_GRADLE, scaEnabled=false, sequentialTestRunsEnabled=false, resultPaths=[/var/tmp/testing-dir/**/test-results/test/*.xml], timeoutSeconds=0, assignmentCheckoutPath=null, testCheckoutPath=null, solutionCheckoutPath=null, dockerRunConfig=null], submissionResult=ResultDTO[id=640, completionDate=2025-02-14T23:45:55.628250079Z[Etc/UTC], successful=false, score=7.7, rated=true, submission=SubmissionDTO[id=834, submitted=true, type=MANUAL, exampleSubmission=null, submissionDate=2025-02-14T23:45:54.732007Z, commitHash=9344436f8d5a5ce3aa40215562db211ed501371f, buildFailed=false, buildArtifact=false, participation=ParticipationDTO[id=2039, testRun=false, type=programming, submissionCount=null, exercise=ParticipationExerciseDTO[id=2613, exerciseType=PROGRAMMING, type=programming, assessmentType=AUTOMATIC, dueDate=2025-02-16T23:45:54.546562Z, assessmentDueDate=null, maxPoints=42.0, course=CourseDTO[id=996, accuracyOfScores=1]]], submissionExerciseType=programming, isProcessing=false, buildStartDate=null, estimatedCompletionDate=null], participation=ParticipationDTO[id=2039, testRun=false, type=programming, submissionCount=null, exercise=ParticipationExerciseDTO[id=2613, exerciseType=PROGRAMMING, type=programming, assessmentType=AUTOMATIC, dueDate=2025-02-16T23:45:54.546562Z, assessmentDueDate=null, maxPoints=42.0, course=CourseDTO[id=996, accuracyOfScores=1]]], feedbacks=[FeedbackDTO[id=1024, text=null, detailText=The exercise expects a class with the name Context in the package testpackage. You did not implement the class in the exercise., hasLongFeedbackText=false, reference=null, credits=0.0, positive=false, type=AUTOMATIC, visibility=ALWAYS, testCase=TestCaseDTO[testName=null, id=1513]], FeedbackDTO[id=1025, text=null, detailText=The exercise expects a class with the name Policy in the package testpackage. You did not implement the class in the exercise., hasLongFeedbackText=false, reference=null, credits=0.0, positive=false, type=AUTOMATIC, visibility=ALWAYS, testCase=TestCaseDTO[testName=null, id=1514]], FeedbackDTO[id=1026, text=null, detailText=The exercise expects a class with the name SortStrategy in the package testpackage. You did not implement the class in the exercise., hasLongFeedbackText=false, reference=null, credits=0.0, positive=false, type=AUTOMATIC, visibility=ALWAYS, testCase=TestCaseDTO[testName=null, id=1515]], FeedbackDTO[id=1027, text=null, detailText=The class 'MergeSort' does not implement the interface 'SortStrategy' as expected. Implement the interface and its methods., hasLongFeedbackText=false, reference=null, credits=0.0, positive=false, type=AUTOMATIC, visibility=ALWAYS, testCase=TestCaseDTO[testName=null, id=1510]], FeedbackDTO[id=1028, text=null, detailText=The exercise expects a class with the name SortStrategy in the package testpackage. You did not implement the class in the exercise., hasLongFeedbackText=false, reference=null, credits=0.0, positive=false, type=AUTOMATIC, visibility=ALWAYS, testCase=TestCaseDTO[testName=null, id=1507]], FeedbackDTO[id=1029, text=null, detailText=The class 'BubbleSort' does not implement the interface 'SortStrategy' as expected. Implement the interface and its methods., hasLongFeedbackText=false, reference=null, credits=0.0, positive=false, type=AUTOMATIC, visibility=ALWAYS, testCase=TestCaseDTO[testName=null, id=1511]], FeedbackDTO[id=1030, text=null, detailText=MergeSort does not sort correctly, hasLongFeedbackText=false, reference=null, credits=0.0, positive=false, type=AUTOMATIC, visibility=ALWAYS, testCase=TestCaseDTO[testName=null, id=1516]], FeedbackDTO[id=1031, text=null, detailText=The class 'Context' was not found within the submission. Make sure to implement it properly., hasLongFeedbackText=false, reference=null, credits=0.0, positive=false, type=AUTOMATIC, visibility=ALWAYS, testCase=TestCaseDTO[testName=null, id=1517]], FeedbackDTO[id=1032, text=null, detailText=The class 'Context' was not found within the submission. Make sure to implement it properly., hasLongFeedbackText=false, reference=null, credits=0.0, positive=false, type=AUTOMATIC, visibility=ALWAYS, testCase=TestCaseDTO[testName=null, id=1518]], FeedbackDTO[id=1033, text=null, detailText=The exercise expects a class with the name Policy in the package testpackage. You did not implement the class in the exercise., hasLongFeedbackText=false, reference=null, credits=0.0, positive=false, type=AUTOMATIC, visibility=ALWAYS, testCase=TestCaseDTO[testName=null, id=1512]], FeedbackDTO[id=1034, text=null, detailText=The exercise expects a class with the name Context in the package testpackage. You did not implement the class in the exercise., hasLongFeedbackText=false, reference=null, credits=0.0, positive=false, type=AUTOMATIC, visibility=ALWAYS, testCase=TestCaseDTO[testName=null, id=1508]], FeedbackDTO[id=1035, text=null, detailText=The exercise expects a class with the name Policy in the package testpackage. You did not implement the class in the exercise., hasLongFeedbackText=false, reference=null, credits=0.0, positive=false, type=AUTOMATIC, visibility=ALWAYS, testCase=TestCaseDTO[testName=null, id=1509]], FeedbackDTO[id=1036, text=null, detailText=null, hasLongFeedbackText=false, reference=null, credits=3.230769230769231, positive=true, type=AUTOMATIC, visibility=ALWAYS, testCase=TestCaseDTO[testName=null, id=1519]]], assessmentType=AUTOMATIC, hasComplaint=null, exampleResult=null, testCaseCount=13, passedTestCaseCount=1, codeIssueCount=0]], BuildJobQueueItem[id=20431739576757232, name=SHORT3945BC5E092B90459B0A7F006DF5F64347FDTSTEXC-SOLUTION, buildAgent=BuildAgentDTO[name=artemis-build-agent-test, memberAddress=[127.0.0.1]:5703, displayName=artemis-build-agent-test], participationId=2043, courseId=998, exerciseId=2615, retryCount=0, priority=2, status=SUCCESSFUL, repositoryInfo=RepositoryInfo[repositoryName=short3945bc5e092b90459b0a7f006df5f64347fdtstexc-solution, repositoryType=solution, triggeredByPushTo=solution, assignmentRepositoryUri=http://localhost:49152/git/SHORT3945BC5E092B90459B0A7F006DF5F64347FDTSTEXC/short3945bc5e092b90459b0a7f006df5f64347fdtstexc-solution.git, testRepositoryUri=http://localhost:49152/git/SHORT3945BC5E092B90459B0A7F006DF5F64347FDTSTEXC/short3945bc5e092b90459b0a7f006df5f64347fdtstexc-tests.git, solutionRepositoryUri=null, auxiliaryRepositoryUris=[Ljava.lang.String;@60c48159, auxiliaryRepositoryCheckoutDirectories=[Ljava.lang.String;@22f688a], jobTimingInfo=JobTimingInfo[submissionDate=2025-02-14T23:45:57.232907777Z[Etc/UTC], buildStartDate=2025-02-14T23:45:57.240437339Z[Etc/UTC], buildCompletionDate=2025-02-14T23:45:58.062328619Z[Etc/UTC], estimatedCompletionDate=2025-02-14T23:46:16.240428743Z[Etc/UTC], estimatedDuration=19], buildConfig=BuildConfig[buildScript=#!/bin/bash
cd /var/tmp/testing-dir
chmod +x ./gradlew
./gradlew clean test
, dockerImage=dummy-docker-image:latest, commitHashToBuild=c315388a235502fd958ae3c7ffbbbbf126a8fe21, assignmentCommitHash=c315388a235502fd958ae3c7ffbbbbf126a8fe21, testCommitHash=28488095271179f4eface46480ec45511f50df5d, branch=main, programmingLanguage=JAVA, projectType=PLAIN_GRADLE, scaEnabled=false, sequentialTestRunsEnabled=false, resultPaths=[/var/tmp/testing-dir/**/test-results/test/*.xml], timeoutSeconds=0, assignmentCheckoutPath=null, testCheckoutPath=null, solutionCheckoutPath=null, dockerRunConfig=null], submissionResult=ResultDTO[id=641, completionDate=2025-02-14T23:45:58.032353400Z[Etc/UTC], successful=true, score=100.0, rated=true, submission=SubmissionDTO[id=835, submitted=true, type=MANUAL, exampleSubmission=null, submissionDate=2025-02-14T23:45:57.222714Z, commitHash=c315388a235502fd958ae3c7ffbbbbf126a8fe21, buildFailed=false, buildArtifact=false, participation=ParticipationDTO[id=2043, testRun=false, type=solution, submissionCount=null, exercise=ParticipationExerciseDTO[id=2615, exerciseType=PROGRAMMING, type=programming, assessmentType=AUTOMATIC, dueDate=2025-02-16T23:45:56.808788Z, assessmentDueDate=null, maxPoints=42.0, course=CourseDTO[id=998, accuracyOfScores=1]]], submissionExerciseType=programming, isProcessing=false, buildStartDate=null, estimatedCompletionDate=null], participation=ParticipationDTO[id=2043, testRun=false, type=solution, submissionCount=null, exercise=ParticipationExerciseDTO[id=2615, exerciseType=PROGRAMMING, type=programming, assessmentType=AUTOMATIC, dueDate=2025-02-16T23:45:56.808788Z, assessmentDueDate=null, maxPoints=42.0, course=CourseDTO[id=998, accuracyOfScores=1]]], feedbacks=[FeedbackDTO[id=1037, text=null, detailText=null, hasLongFeedbackText=false, reference=null, credits=3.230769230769231, positive=true, type=AUTOMATIC, visibility=ALWAYS, testCase=TestCaseDTO[testName=testMethods[Context], id=1539]], FeedbackDTO[id=1038, text=null, detailText=null, hasLongFeedbackText=false, reference=null, credits=3.230769230769231, positive=true, type=AUTOMATIC, visibility=ALWAYS, testCase=TestCaseDTO[testName=testMethods[Policy], id=1540]], FeedbackDTO[id=1039, text=null, detailText=null, hasLongFeedbackText=false, reference=null, credits=3.230769230769231, positive=true, type=AUTOMATIC, visibility=ALWAYS, testCase=TestCaseDTO[testName=testMethods[SortStrategy], id=1541]], FeedbackDTO[id=1040, text=null, detailText=null, hasLongFeedbackText=false, reference=null, credits=3.230769230769231, positive=true, type=AUTOMATIC, visibility=ALWAYS, testCase=TestCaseDTO[testName=testClass[MergeSort], id=1536]], FeedbackDTO[id=1041, text=null, detailText=null, hasLongFeedbackText=false, reference=null, credits=3.230769230769231, positive=true, type=AUTOMATIC, visibility=ALWAYS, testCase=TestCaseDTO[testName=testClass[SortStrategy], id=1533]], FeedbackDTO[id=1042, text=null, detailText=null, hasLongFeedbackText=false, reference=null, credits=3.230769230769231, positive=true, type=AUTOMATIC, visibility=ALWAYS, testCase=TestCaseDTO[testName=testClass[BubbleSort], id=1537]], FeedbackDTO[id=1043, text=null, detailText=null, hasLongFeedbackText=false, reference=null, credits=3.230769230769231, positive=true, type=AUTOMATIC, visibility=ALWAYS, testCase=TestCaseDTO[testName=testMergeSort(), id=1542]], FeedbackDTO[id=1044, text=null, detailText=null, hasLongFeedbackText=false, reference=null, credits=3.230769230769231, positive=true, type=AUTOMATIC, visibility=ALWAYS, testCase=TestCaseDTO[testName=testUseBubbleSortForSmallList(), id=1543]], FeedbackDTO[id=1045, text=null, detailText=null, hasLongFeedbackText=false, reference=null, credits=3.230769230769231, positive=true, type=AUTOMATIC, visibility=ALWAYS, testCase=TestCaseDTO[testName=testBubbleSort(), id=1545]], FeedbackDTO[id=1046, text=null, detailText=null, hasLongFeedbackText=false, reference=null, credits=3.230769230769231, positive=true, type=AUTOMATIC, visibility=ALWAYS, testCase=TestCaseDTO[testName=testUseMergeSortForBigList(), id=1544]], FeedbackDTO[id=1047, text=null, detailText=null, hasLongFeedbackText=false, reference=null, credits=3.230769230769231, positive=true, type=AUTOMATIC, visibility=ALWAYS, testCase=TestCaseDTO[testName=testConstructors[Policy], id=1538]], FeedbackDTO[id=1048, text=null, detailText=null, hasLongFeedbackText=false, reference=null, credits=3.230769230769231, positive=true, type=AUTOMATIC, visibility=ALWAYS, testCase=TestCaseDTO[testName=testAttributes[Context], id=1534]], FeedbackDTO[id=1049, text=null, detailText=null, hasLongFeedbackText=false, reference=null, credits=3.230769230769231, positive=true, type=AUTOMATIC, visibility=ALWAYS, testCase=TestCaseDTO[testName=testAttributes[Policy], id=1535]]], assessmentType=AUTOMATIC, hasComplaint=null, exampleResult=null, testCaseCount=13, passedTestCaseCount=13, codeIssueCount=0]]], publicSshKey=ssh-rsa AAAAB3NzaC1yc2EAAAADAQABAAACAQCOPdMsxRE2jFJ/UEa5/LsBxtwzJcrh3/rYBCQvcMeVpiRfhzQPWu7mrt/G2Ew+i+vRloGH9aqKg6dd1liRncao53Zmd/ePxoatXePNhmzTfkCkcSkTUz7B+QMjkoDDV5jwuFPD6mF3JkhuzSi64n9Zy905t4w2IhVcjM2mL3eYNjiCXt6Qpq3Pkt7dM/Ksw1nxnvuiIALuJLB3FTkXkHqq3PJav+9HSq2r6ZaWgekneaGxlQlb+U+Vy3XOuArKAzK8c8i+0bR+AHiTG6ncYXt7ax3U+TdlDTF7OLP3umwaYjs1NBXOHwG42pevvpKn2fqavZZozk+M05jXLx3bq0O7itxfErWc7etky8qYPyyIMF/txQIVLd78+Ze4d7Y60t5MGbXM5cGE6fFif5fEJwgswXD+BrG0cafz1CTatjSKFdvp8Vp4VszXhHDan1PrP6JEFJ5Cc5GDmLRZPCFa3vL9f5qXgf4bkqKN8MYeEujwJE5nMRWoiJVNakix2bcrrneQMBlnYeYZVWXXXUusAQBzl4NgddC1umZpihZkL1b1MffZAUW3EGEXi7KHnllQhkTLLsQ8ntMgbylqaJKStqaXlLvdeRJcEnUuiFCrHEVVbXRFZR7XVDZ02CE5o3MuaRPty8Kh+jRTF3COlAckHwYEJCNNJvXFgb2CNXL4mjzYDw== test@localhost]
    23:45:58.192 | 566 localvc.event-13 | DEBUG | a.p.s.l.SharedQueueManagementService : Build agent updated: null
    23:45:58.193 | 588 artemis-task-1   | DEBUG | d.t.c.a.a.c.c.w.GzipMessageConverter : Compressed message payload from 255 to 232 (saved 9.0% payload size)
    23:45:58.201 | 588 artemis-task-1   | DEBUG | d.t.c.a.a.c.c.w.GzipMessageConverter : Compressed message payload from 121352 to 11512 (saved 90.5% payload size)
    23:45:58.803 | 848 waitility-thread | DEBUG | .a.s.ParticipantScoreScheduleService : Processing of 1 results and 0 participant scores.
    23:45:58.812 |  27 nPool-1-worker-1 | INFO  | .c.a.a.p.i.LocalVCLocalCITestService : Expected commit hash: c315388a235502fd958ae3c7ffbbbbf126a8fe21
    23:45:58.812 |  27 nPool-1-worker-1 | INFO  | .c.a.a.p.i.LocalVCLocalCITestService : Submission with commit hash: c315388a235502fd958ae3c7ffbbbbf126a8fe21

  Starting logs for LocalVCLocalCIIntegrationTest > testFetchPush_studentAssignmentRepository_beforeAfterStartDate()
    23:45:58.908 |  27 nPool-1-worker-1 | DEBUG | d.t.c.a.a.c.u.util.UserUtilService   : Generate 2 students...
    23:45:58.918 |  27 nPool-1-worker-1 | DEBUG | d.t.c.a.a.c.u.util.UserUtilService   : 2 students generated. Generate 1 tutors...
    23:45:58.924 |  27 nPool-1-worker-1 | DEBUG | d.t.c.a.a.c.u.util.UserUtilService   : 1 tutors generated. Generate 0 editors...
    23:45:58.926 |  27 nPool-1-worker-1 | DEBUG | d.t.c.a.a.c.u.util.UserUtilService   : 0 editors generated. Generate 2 instructors...
    23:45:58.937 |  27 nPool-1-worker-1 | DEBUG | d.t.c.a.a.c.u.util.UserUtilService   : 2 instructors generated
    23:45:58.938 |  27 nPool-1-worker-1 | DEBUG | d.t.c.a.a.c.u.util.UserUtilService   : Removing 4 users from all courses...
    23:45:58.939 |  27 nPool-1-worker-1 | DEBUG | d.t.c.a.a.c.u.util.UserUtilService   : Removing 4 users from all courses. Done
    23:45:58.939 |  27 nPool-1-worker-1 | DEBUG | d.t.c.a.a.c.u.util.UserUtilService   : Save 5 users to database...
    23:45:58.950 |  27 nPool-1-worker-1 | DEBUG | d.t.c.a.a.c.u.util.UserUtilService   : Save 5 users to database. Done
    23:45:59.177 |  27 nPool-1-worker-1 | INFO  | i.z.t.d.l.EmbeddedDatabaseReporter   : JDBC URL to connect to 'dataSource': url='jdbc:h2:tcp://localhost:41063/mem:f240edcd-27ce-47a3-b4ab-a6a00c154135;USER=sa', scope='LocalVCLocalCIIntegrationTest#testFetchPush_studentAssignmentRepository_beforeAfterStartDate'
    23:45:59.188 |  27 nPool-1-worker-1 | DEBUG | PersonalAccessTokenManagementService : Generate secure vcs access token
    23:45:59.195 |  27 nPool-1-worker-1 | DEBUG | .c.a.a.p.i.LocalVCLocalCITestService : Created participation with id: 2047
    23:45:59.204 | 608 nio-49152-exec-7 | DEBUG | d.t.c.a.a.c.s.f.ApiVersionFilter     : Adding Version to Request GET /git/SHORT07624A260BD060493708A050BB6FAE261DD5TSTEXC/short07624a260bd060493708a050bb6fae261dd5tstexc-localvcciintstudent1.git/info/refs
    23:45:59.204 | 608 nio-49152-exec-7 | DEBUG | .t.c.a.a.p.s.l.LocalVCServletService : Path to resolve repository from: /tmp/SHORT07624A260BD060493708A050BB6FAE261DD5TSTEXC/short07624a260bd060493708a050bb6fae261dd5tstexc-localvcciintstudent1.git
    23:45:59.204 | 608 nio-49152-exec-7 | DEBUG | .t.c.a.a.p.s.l.LocalVCServletService : Opening local repository SHORT07624A260BD060493708A050BB6FAE261DD5TSTEXC/short07624a260bd060493708a050bb6fae261dd5tstexc-localvcciintstudent1.git
    23:45:59.205 | 608 nio-49152-exec-7 | DEBUG | .t.c.a.a.p.s.l.LocalVCServletService : Resolving repository for repository SHORT07624A260BD060493708A050BB6FAE261DD5TSTEXC/short07624a260bd060493708a050bb6fae261dd5tstexc-localvcciintstudent1.git took 999µs
    23:45:59.205 | 608 nio-49152-exec-7 | DEBUG | d.t.c.a.a.p.s.l.LocalVCFetchFilter   : Trying to fetch repository /git/SHORT07624A260BD060493708A050BB6FAE261DD5TSTEXC/short07624a260bd060493708a050bb6fae261dd5tstexc-localvcciintstudent1.git/info/refs
    23:45:59.219 | 608 nio-49152-exec-7 | DEBUG | t.c.a.a.c.s.DomainUserDetailsService : Authenticating localvcciintstudent1
    23:45:59.238 | 608 nio-49152-exec-7 | DEBUG | .t.c.a.a.p.s.l.LocalVCServletService : Authorizing user localvcciintstudent1 for repository http://localhost:49152/git/SHORT07624A260BD060493708A050BB6FAE261DD5TSTEXC/short07624a260bd060493708a050bb6fae261dd5tstexc-localvcciintstudent1.git took 32.37ms
    23:45:59.241 | 588 artemis-task-1   | DEBUG | d.t.c.a.a.p.s.l.VcsAccessLogService  : Storing access operation for user User{login='localvcciintstudent1', firstName='localvcciintstudent1First', lastName='localvcciintstudent1Last', email='localvcciintstudent1@test.de', imageUrl='null', activated='true', langKey='en', activationKey='null'}
    23:45:59.260 | 609 nio-49152-exec-8 | DEBUG | d.t.c.a.a.c.s.f.ApiVersionFilter     : Adding Version to Request GET /git/SHORT07624A260BD060493708A050BB6FAE261DD5TSTEXC/short07624a260bd060493708a050bb6fae261dd5tstexc-localvcciintstudent1.git/info/refs
    23:45:59.260 | 609 nio-49152-exec-8 | DEBUG | .t.c.a.a.p.s.l.LocalVCServletService : Path to resolve repository from: /tmp/SHORT07624A260BD060493708A050BB6FAE261DD5TSTEXC/short07624a260bd060493708a050bb6fae261dd5tstexc-localvcciintstudent1.git
    23:45:59.260 | 609 nio-49152-exec-8 | DEBUG | .t.c.a.a.p.s.l.LocalVCServletService : Retrieving cached local repository SHORT07624A260BD060493708A050BB6FAE261DD5TSTEXC/short07624a260bd060493708a050bb6fae261dd5tstexc-localvcciintstudent1.git
    23:45:59.260 | 609 nio-49152-exec-8 | DEBUG | .t.c.a.a.p.s.l.LocalVCServletService : Resolving repository for repository SHORT07624A260BD060493708A050BB6FAE261DD5TSTEXC/short07624a260bd060493708a050bb6fae261dd5tstexc-localvcciintstudent1.git took 22µs
    23:45:59.260 | 609 nio-49152-exec-8 | DEBUG | d.t.c.a.a.p.s.l.LocalVCPushFilter    : Trying to push to repository /git/SHORT07624A260BD060493708A050BB6FAE261DD5TSTEXC/short07624a260bd060493708a050bb6fae261dd5tstexc-localvcciintstudent1.git/info/refs
    23:45:59.277 | 609 nio-49152-exec-8 | DEBUG | t.c.a.a.c.s.DomainUserDetailsService : Authenticating localvcciintstudent1
    23:45:59.297 | 588 artemis-task-1   | DEBUG | d.t.c.a.a.p.s.l.VcsAccessLogService  : Storing access operation for user User{login='localvcciintstudent1', firstName='localvcciintstudent1First', lastName='localvcciintstudent1Last', email='localvcciintstudent1@test.de', imageUrl='null', activated='true', langKey='en', activationKey='null'}
    23:45:59.297 | 609 nio-49152-exec-8 | DEBUG | .t.c.a.a.p.s.l.LocalVCServletService : Authorizing user localvcciintstudent1 for repository http://localhost:49152/git/SHORT07624A260BD060493708A050BB6FAE261DD5TSTEXC/short07624a260bd060493708a050bb6fae261dd5tstexc-localvcciintstudent1.git took 37.13ms
    23:45:59.307 | 611 io-49152-exec-10 | DEBUG | d.t.c.a.a.c.s.f.ApiVersionFilter     : Adding Version to Request POST /git/SHORT07624A260BD060493708A050BB6FAE261DD5TSTEXC/short07624a260bd060493708a050bb6fae261dd5tstexc-localvcciintstudent1.git/git-receive-pack
    23:45:59.307 | 611 io-49152-exec-10 | DEBUG | .t.c.a.a.p.s.l.LocalVCServletService : Path to resolve repository from: /tmp/SHORT07624A260BD060493708A050BB6FAE261DD5TSTEXC/short07624a260bd060493708a050bb6fae261dd5tstexc-localvcciintstudent1.git
    23:45:59.307 | 611 io-49152-exec-10 | DEBUG | .t.c.a.a.p.s.l.LocalVCServletService : Retrieving cached local repository SHORT07624A260BD060493708A050BB6FAE261DD5TSTEXC/short07624a260bd060493708a050bb6fae261dd5tstexc-localvcciintstudent1.git
    23:45:59.307 | 611 io-49152-exec-10 | DEBUG | .t.c.a.a.p.s.l.LocalVCServletService : Resolving repository for repository SHORT07624A260BD060493708A050BB6FAE261DD5TSTEXC/short07624a260bd060493708a050bb6fae261dd5tstexc-localvcciintstudent1.git took 25µs
    23:45:59.307 | 611 io-49152-exec-10 | DEBUG | d.t.c.a.a.p.s.l.LocalVCPushFilter    : Trying to push to repository /git/SHORT07624A260BD060493708A050BB6FAE261DD5TSTEXC/short07624a260bd060493708a050bb6fae261dd5tstexc-localvcciintstudent1.git/git-receive-pack
    23:45:59.324 | 611 io-49152-exec-10 | INFO  | a.a.p.s.ProgrammingSubmissionService : NotifyPush invoked due to the commit 18a07c7296dd70e3280c5bdcec7fccd0be6b8148 by runner with runner@fv-az1721-502.3f4brhnmpvfezfvsf01bsr3jih.cx.internal.cloudapp.net in branch main
    23:45:59.324 | 611 io-49152-exec-10 | INFO  | .t.c.a.a.p.s.l.LocalCITriggerService : Triggering build for participation 2047 and commit hash 18a07c7296dd70e3280c5bdcec7fccd0be6b8148
    23:45:59.324 | 611 io-49152-exec-10 | DEBUG | d.t.c.a.a.p.s.AbstractGitService     : getLastCommitHash http://localhost:49152/git/SHORT07624A260BD060493708A050BB6FAE261DD5TSTEXC/short07624a260bd060493708a050bb6fae261dd5tstexc-localvcciintstudent1.git
    23:45:59.328 | 611 io-49152-exec-10 | ERROR | d.t.c.a.a.p.s.AbstractGitService     : Cannot use ssh properly because of mismatch of Jgit transport object: org.eclipse.jgit.transport.TransportLocal@3a1056fc
    23:45:59.330 | 611 io-49152-exec-10 | DEBUG | d.t.c.a.a.p.s.AbstractGitService     : getLastCommitHash http://localhost:49152/git/SHORT07624A260BD060493708A050BB6FAE261DD5TSTEXC/short07624a260bd060493708a050bb6fae261dd5tstexc-tests.git
    23:45:59.331 | 611 io-49152-exec-10 | ERROR | d.t.c.a.a.p.s.AbstractGitService     : Cannot use ssh properly because of mismatch of Jgit transport object: org.eclipse.jgit.transport.TransportLocal@6674d70b
    23:45:59.343 | 566 localvc.event-13 | DEBUG | a.a.b.s.SharedQueueProcessingService : CIBuildJobQueueItem added to queue: BuildJobQueueItem[id=20471739576759335, name=SHORT07624A260BD060493708A050BB6FAE261DD5TSTEXC-LOCALVCCIINTSTUDENT1, buildAgent=BuildAgentDTO[name=null, memberAddress=null, displayName=null], participationId=2047, courseId=999, exerciseId=2616, retryCount=0, priority=2, status=null, repositoryInfo=RepositoryInfo[repositoryName=short07624a260bd060493708a050bb6fae261dd5tstexc-localvcciintstudent1, repositoryType=user, triggeredByPushTo=user, assignmentRepositoryUri=http://localhost:49152/git/SHORT07624A260BD060493708A050BB6FAE261DD5TSTEXC/short07624a260bd060493708a050bb6fae261dd5tstexc-localvcciintstudent1.git, testRepositoryUri=http://localhost:49152/git/SHORT07624A260BD060493708A050BB6FAE261DD5TSTEXC/short07624a260bd060493708a050bb6fae261dd5tstexc-tests.git, solutionRepositoryUri=null, auxiliaryRepositoryUris=[Ljava.lang.String;@36d07198, auxiliaryRepositoryCheckoutDirectories=[Ljava.lang.String;@72dae052], jobTimingInfo=JobTimingInfo[submissionDate=2025-02-14T23:45:59.335772293Z[Etc/UTC], buildStartDate=null, buildCompletionDate=null, estimatedCompletionDate=null, estimatedDuration=19], buildConfig=BuildConfig[buildScript=#!/bin/bash
cd /var/tmp/testing-dir
chmod +x ./gradlew
./gradlew clean test
, dockerImage=dummy-docker-image:latest, commitHashToBuild=18a07c7296dd70e3280c5bdcec7fccd0be6b8148, assignmentCommitHash=18a07c7296dd70e3280c5bdcec7fccd0be6b8148, testCommitHash=d654a233667bae063bb900e455fd2da456e10333, branch=main, programmingLanguage=JAVA, projectType=PLAIN_GRADLE, scaEnabled=false, sequentialTestRunsEnabled=false, resultPaths=[/var/tmp/testing-dir/**/test-results/test/*.xml], timeoutSeconds=0, assignmentCheckoutPath=null, testCheckoutPath=null, solutionCheckoutPath=null, dockerRunConfig=null], submissionResult=null]
    23:45:59.343 | 566 localvc.event-13 | DEBUG | a.a.b.s.SharedQueueProcessingService : Current queued items: 1
    23:45:59.343 | 566 localvc.event-13 | DEBUG | a.a.b.s.SharedQueueProcessingService : Currently processing jobs on this node: 0, active threads in Pool: 0, maximum pool size of thread executor : 1
    23:45:59.343 | 566 localvc.event-13 | DEBUG | a.a.b.s.SharedQueueProcessingService : Currently processing jobs on this node: 0, active threads in Pool: 0, maximum pool size of thread executor : 1
    23:45:59.344 | 611 io-49152-exec-10 | INFO  | .t.c.a.a.p.s.l.LocalCITriggerService : Added build job 20471739576759335 for exercise TSTEXC and participation 2047 with priority 2 to the queue
    23:45:59.344 | 565 localvc.event-12 | DEBUG | a.p.s.l.LocalCIQueueWebsocketService : CIBuildJobQueueItem added to processing jobs: BuildJobQueueItem[id=20471739576759335, name=SHORT07624A260BD060493708A050BB6FAE261DD5TSTEXC-LOCALVCCIINTSTUDENT1, buildAgent=BuildAgentDTO[name=artemis-build-agent-test, memberAddress=[127.0.0.1]:5703, displayName=artemis-build-agent-test], participationId=2047, courseId=999, exerciseId=2616, retryCount=0, priority=2, status=null, repositoryInfo=RepositoryInfo[repositoryName=short07624a260bd060493708a050bb6fae261dd5tstexc-localvcciintstudent1, repositoryType=user, triggeredByPushTo=user, assignmentRepositoryUri=http://localhost:49152/git/SHORT07624A260BD060493708A050BB6FAE261DD5TSTEXC/short07624a260bd060493708a050bb6fae261dd5tstexc-localvcciintstudent1.git, testRepositoryUri=http://localhost:49152/git/SHORT07624A260BD060493708A050BB6FAE261DD5TSTEXC/short07624a260bd060493708a050bb6fae261dd5tstexc-tests.git, solutionRepositoryUri=null, auxiliaryRepositoryUris=[Ljava.lang.String;@6d4c54ec, auxiliaryRepositoryCheckoutDirectories=[Ljava.lang.String;@237ab2dd], jobTimingInfo=JobTimingInfo[submissionDate=2025-02-14T23:45:59.335772293Z[Etc/UTC], buildStartDate=2025-02-14T23:45:59.344175895Z[Etc/UTC], buildCompletionDate=null, estimatedCompletionDate=2025-02-14T23:46:18.344169813Z[Etc/UTC], estimatedDuration=19], buildConfig=BuildConfig[buildScript=#!/bin/bash
cd /var/tmp/testing-dir
chmod +x ./gradlew
./gradlew clean test
, dockerImage=dummy-docker-image:latest, commitHashToBuild=18a07c7296dd70e3280c5bdcec7fccd0be6b8148, assignmentCommitHash=18a07c7296dd70e3280c5bdcec7fccd0be6b8148, testCommitHash=d654a233667bae063bb900e455fd2da456e10333, branch=main, programmingLanguage=JAVA, projectType=PLAIN_GRADLE, scaEnabled=false, sequentialTestRunsEnabled=false, resultPaths=[/var/tmp/testing-dir/**/test-results/test/*.xml], timeoutSeconds=0, assignmentCheckoutPath=null, testCheckoutPath=null, solutionCheckoutPath=null, dockerRunConfig=null], submissionResult=null]
    23:45:59.344 | 565 localvc.event-12 | DEBUG | s.l.LocalCIWebsocketMessagingService : Sending message on topic /topic/admin/running-jobs: [BuildJobQueueItem[id=20471739576759335, name=SHORT07624A260BD060493708A050BB6FAE261DD5TSTEXC-LOCALVCCIINTSTUDENT1, buildAgent=BuildAgentDTO[name=artemis-build-agent-test, memberAddress=[127.0.0.1]:5703, displayName=artemis-build-agent-test], participationId=2047, courseId=999, exerciseId=2616, retryCount=0, priority=2, status=null, repositoryInfo=RepositoryInfo[repositoryName=short07624a260bd060493708a050bb6fae261dd5tstexc-localvcciintstudent1, repositoryType=user, triggeredByPushTo=user, assignmentRepositoryUri=, testRepositoryUri=, solutionRepositoryUri=, auxiliaryRepositoryUris=null, auxiliaryRepositoryCheckoutDirectories=null], jobTimingInfo=JobTimingInfo[submissionDate=2025-02-14T23:45:59.335772293Z[Etc/UTC], buildStartDate=2025-02-14T23:45:59.344175895Z[Etc/UTC], buildCompletionDate=null, estimatedCompletionDate=2025-02-14T23:46:18.344169813Z[Etc/UTC], estimatedDuration=19], buildConfig=BuildConfig[buildScript=, dockerImage=, commitHashToBuild=18a07c7296dd70e3280c5bdcec7fccd0be6b8148, assignmentCommitHash=, testCommitHash=, branch=, programmingLanguage=null, projectType=null, scaEnabled=false, sequentialTestRunsEnabled=false, resultPaths=null, timeoutSeconds=0, assignmentCheckoutPath=, testCheckoutPath=, solutionCheckoutPath=, dockerRunConfig=null], submissionResult=null]]
    23:45:59.345 | 565 localvc.event-12 | DEBUG | s.l.LocalCIWebsocketMessagingService : Sending message on topic /topic/courses/999/running-jobs: [BuildJobQueueItem[id=20471739576759335, name=SHORT07624A260BD060493708A050BB6FAE261DD5TSTEXC-LOCALVCCIINTSTUDENT1, buildAgent=BuildAgentDTO[name=artemis-build-agent-test, memberAddress=[127.0.0.1]:5703, displayName=artemis-build-agent-test], participationId=2047, courseId=999, exerciseId=2616, retryCount=0, priority=2, status=null, repositoryInfo=RepositoryInfo[repositoryName=short07624a260bd060493708a050bb6fae261dd5tstexc-localvcciintstudent1, repositoryType=user, triggeredByPushTo=user, assignmentRepositoryUri=, testRepositoryUri=, solutionRepositoryUri=, auxiliaryRepositoryUris=null, auxiliaryRepositoryCheckoutDirectories=null], jobTimingInfo=JobTimingInfo[submissionDate=2025-02-14T23:45:59.335772293Z[Etc/UTC], buildStartDate=2025-02-14T23:45:59.344175895Z[Etc/UTC], buildCompletionDate=null, estimatedCompletionDate=2025-02-14T23:46:18.344169813Z[Etc/UTC], estimatedDuration=19], buildConfig=BuildConfig[buildScript=, dockerImage=, commitHashToBuild=18a07c7296dd70e3280c5bdcec7fccd0be6b8148, assignmentCommitHash=, testCommitHash=, branch=, programmingLanguage=null, projectType=null, scaEnabled=false, sequentialTestRunsEnabled=false, resultPaths=null, timeoutSeconds=0, assignmentCheckoutPath=, testCheckoutPath=, solutionCheckoutPath=, dockerRunConfig=null], submissionResult=null]]
    23:45:59.347 | 588 artemis-task-1   | DEBUG | d.t.c.a.a.c.c.w.GzipMessageConverter : Compressed message payload from 992 to 728 (saved 26.6% payload size)
    23:45:59.347 | 588 artemis-task-1   | DEBUG | d.t.c.a.a.c.c.w.GzipMessageConverter : Compressed message payload from 992 to 728 (saved 26.6% payload size)
    23:45:59.347 | 611 io-49152-exec-10 | INFO  | a.a.p.s.ProgrammingSubmissionService : Create new programmingSubmission with commitHash: 18a07c7296dd70e3280c5bdcec7fccd0be6b8148 for participation 2047
    23:45:59.352 | 566 localvc.event-13 | INFO  | a.a.b.s.SharedQueueProcessingService : Processing build job: BuildJobQueueItem[id=20471739576759335, name=SHORT07624A260BD060493708A050BB6FAE261DD5TSTEXC-LOCALVCCIINTSTUDENT1, buildAgent=BuildAgentDTO[name=artemis-build-agent-test, memberAddress=[127.0.0.1]:5703, displayName=artemis-build-agent-test], participationId=2047, courseId=999, exerciseId=2616, retryCount=0, priority=2, status=null, repositoryInfo=RepositoryInfo[repositoryName=short07624a260bd060493708a050bb6fae261dd5tstexc-localvcciintstudent1, repositoryType=user, triggeredByPushTo=user, assignmentRepositoryUri=http://localhost:49152/git/SHORT07624A260BD060493708A050BB6FAE261DD5TSTEXC/short07624a260bd060493708a050bb6fae261dd5tstexc-localvcciintstudent1.git, testRepositoryUri=http://localhost:49152/git/SHORT07624A260BD060493708A050BB6FAE261DD5TSTEXC/short07624a260bd060493708a050bb6fae261dd5tstexc-tests.git, solutionRepositoryUri=null, auxiliaryRepositoryUris=[Ljava.lang.String;@50e338d2, auxiliaryRepositoryCheckoutDirectories=[Ljava.lang.String;@17918738], jobTimingInfo=JobTimingInfo[submissionDate=2025-02-14T23:45:59.335772293Z[Etc/UTC], buildStartDate=2025-02-14T23:45:59.344175895Z[Etc/UTC], buildCompletionDate=null, estimatedCompletionDate=2025-02-14T23:46:18.344169813Z[Etc/UTC], estimatedDuration=19], buildConfig=BuildConfig[buildScript=#!/bin/bash
cd /var/tmp/testing-dir
chmod +x ./gradlew
./gradlew clean test
, dockerImage=dummy-docker-image:latest, commitHashToBuild=18a07c7296dd70e3280c5bdcec7fccd0be6b8148, assignmentCommitHash=18a07c7296dd70e3280c5bdcec7fccd0be6b8148, testCommitHash=d654a233667bae063bb900e455fd2da456e10333, branch=main, programmingLanguage=JAVA, projectType=PLAIN_GRADLE, scaEnabled=false, sequentialTestRunsEnabled=false, resultPaths=[/var/tmp/testing-dir/**/test-results/test/*.xml], timeoutSeconds=0, assignmentCheckoutPath=null, testCheckoutPath=null, solutionCheckoutPath=null, dockerRunConfig=null], submissionResult=null]
    23:45:59.352 | 576 local-ci-build-0 | DEBUG | t.c.a.a.b.s.BuildJobExecutionService : ~~~~~~~~~~~~~~~~~~~~ Start Build Job 20471739576759335 ~~~~~~~~~~~~~~~~~~~~
    23:45:59.353 | 576 local-ci-build-0 | INFO  | .t.c.a.a.b.s.BuildAgentDockerService : ~~~~~~~~~~~~~~~~~~~~ Inspecting docker image dummy-docker-image:latest ~~~~~~~~~~~~~~~~~~~~
    23:45:59.353 | 576 local-ci-build-0 | DEBUG | d.t.c.a.a.b.s.BuildJobGitService     : Cloning from ssh://git@localhost:7921/git/SHORT07624A260BD060493708A050BB6FAE261DD5TSTEXC/short07624a260bd060493708a050bb6fae261dd5tstexc-localvcciintstudent1.git to checked-out-repos/18a07c7296dd70e3280c5bdcec7fccd0be6b8148/SHORT07624A260BD060493708A050BB6FAE261DD5TSTEXC/short07624a260bd060493708a050bb6fae261dd5tstexc-localvcciintstudent1
    23:45:59.354 | 611 io-49152-exec-10 | DEBUG | .t.c.a.a.p.s.l.LocalVCServletService : New push processed to repository http://localhost:49152/git/SHORT07624A260BD060493708A050BB6FAE261DD5TSTEXC/short07624a260bd060493708a050bb6fae261dd5tstexc-localvcciintstudent1.git for commit 18a07c7296dd70e3280c5bdcec7fccd0be6b8148 in 35.28ms. A build job was queued.
    23:45:59.357 | 908 waitility-thread | DEBUG | .a.s.ParticipantScoreScheduleService : Processing of 0 results and 0 participant scores.
    23:45:59.366 | 576 local-ci-build-0 | DEBUG | d.t.c.a.a.p.s.AbstractGitService     : getOptions: localhost:7921
    23:45:59.465 | 908 waitility-thread | DEBUG | .a.s.ParticipantScoreScheduleService : Processing of 0 results and 0 participant scores.
    23:45:59.646 | 918 0]-nio2-thread-4 | WARN  | o.e.j.i.t.s.OpenSshServerKeyDatabase : Could not update known hosts file /tmp/known_hosts
org.eclipse.jgit.errors.UnsupportedCredentialItem: /tmp/known_hosts: org.eclipse.jgit.transport.CredentialItem$YesNoType:Create file /tmp/known_hosts ?
	at org.eclipse.jgit.transport.UsernamePasswordCredentialsProvider.get(UsernamePasswordCredentialsProvider.java:100)
	at org.eclipse.jgit.transport.CredentialsProvider.get(CredentialsProvider.java:125)
	at org.eclipse.jgit.internal.transport.sshd.OpenSshServerKeyDatabase$AskUser.askUser(OpenSshServerKeyDatabase.java:429)
	at org.eclipse.jgit.internal.transport.sshd.OpenSshServerKeyDatabase$AskUser.createNewFile(OpenSshServerKeyDatabase.java:549)
	at org.eclipse.jgit.internal.transport.sshd.OpenSshServerKeyDatabase.accept(OpenSshServerKeyDatabase.java:249)
	at org.eclipse.jgit.internal.transport.sshd.JGitServerKeyVerifier.verifyServerKey(JGitServerKeyVerifier.java:94)
	at org.apache.sshd.client.session.AbstractClientSession.checkKeys(AbstractClientSession.java:637)
	at org.apache.sshd.common.session.helpers.AbstractSession.handleKexMessage(AbstractSession.java:767)
	at org.apache.sshd.common.session.helpers.AbstractSession.doHandleMessage(AbstractSession.java:622)
	at org.apache.sshd.common.session.helpers.AbstractSession.lambda$handleMessage$0(AbstractSession.java:546)
	at org.apache.sshd.common.util.threads.ThreadUtils.runAsInternal(ThreadUtils.java:68)
	at org.apache.sshd.common.session.helpers.AbstractSession.handleMessage(AbstractSession.java:545)
	at org.apache.sshd.common.session.helpers.AbstractSession.decode(AbstractSession.java:1729)
	at org.apache.sshd.common.session.helpers.AbstractSession.messageReceived(AbstractSession.java:506)
	at org.eclipse.jgit.internal.transport.sshd.JGitClientSession.messageReceived(JGitClientSession.java:223)
	at org.apache.sshd.common.session.helpers.AbstractSessionIoHandler.messageReceived(AbstractSessionIoHandler.java:64)
	at org.apache.sshd.common.io.nio2.Nio2Session.handleReadCycleCompletion(Nio2Session.java:409)
	at org.apache.sshd.common.io.nio2.Nio2Session$1.onCompleted(Nio2Session.java:382)
	at org.apache.sshd.common.io.nio2.Nio2Session$1.onCompleted(Nio2Session.java:377)
	at org.apache.sshd.common.io.nio2.Nio2CompletionHandler.lambda$completed$0(Nio2CompletionHandler.java:38)
	at java.base/java.security.AccessController.doPrivileged(AccessController.java:319)
	at org.apache.sshd.common.io.nio2.Nio2CompletionHandler.completed(Nio2CompletionHandler.java:37)
	at java.base/sun.nio.ch.Invoker.invokeUnchecked(Invoker.java:129)
	at java.base/sun.nio.ch.Invoker$2.run(Invoker.java:221)
	at java.base/sun.nio.ch.AsynchronousChannelGroupImpl$1.run(AsynchronousChannelGroupImpl.java:113)
	at java.base/java.util.concurrent.ThreadPoolExecutor.runWorker(ThreadPoolExecutor.java:1144)
	at java.base/java.util.concurrent.ThreadPoolExecutor$Worker.run(ThreadPoolExecutor.java:642)
	at java.base/java.lang.Thread.run(Thread.java:1583)
    23:45:59.672 | 908 waitility-thread | DEBUG | .a.s.ParticipantScoreScheduleService : Processing of 0 results and 0 participant scores.
    23:45:59.738 | 960 1)-nio2-thread-2 | DEBUG | s.l.GitPublickeyAuthenticatorService : Authenticating build agent artemis-build-agent-test on address [127.0.0.1]:5703
    23:45:59.765 | 969 1)-nio2-thread-4 | DEBUG | s.l.GitPublickeyAuthenticatorService : Authenticating build agent artemis-build-agent-test on address [127.0.0.1]:5703
    23:45:59.811 | 966 1)-nio2-thread-3 | DEBUG | d.t.c.a.a.p.s.l.ssh.SshGitCommand    : start(ChannelSession[id=0, recipient=0]-ServerSessionImpl[git@/127.0.0.1:44738]) starting runner for command=git-upload-pack '/git/SHORT07624A260BD060493708A050BB6FAE261DD5TSTEXC/short07624a260bd060493708a050bb6fae261dd5tstexc-localvcciintstudent1.git'
    23:45:59.817 | 923 git-ssh-thread-1 | DEBUG | .t.c.a.a.p.s.l.LocalVCServletService : Path to resolve repository from: /tmp/SHORT07624A260BD060493708A050BB6FAE261DD5TSTEXC/short07624a260bd060493708a050bb6fae261dd5tstexc-localvcciintstudent1.git
    23:45:59.818 | 923 git-ssh-thread-1 | DEBUG | .t.c.a.a.p.s.l.LocalVCServletService : Retrieving cached local repository SHORT07624A260BD060493708A050BB6FAE261DD5TSTEXC/short07624a260bd060493708a050bb6fae261dd5tstexc-localvcciintstudent1.git
    23:45:59.818 | 923 git-ssh-thread-1 | DEBUG | .t.c.a.a.p.s.l.LocalVCServletService : Resolving repository for repository SHORT07624A260BD060493708A050BB6FAE261DD5TSTEXC/short07624a260bd060493708a050bb6fae261dd5tstexc-localvcciintstudent1.git took 1.52ms
    23:45:59.963 | 923 git-ssh-thread-1 | DEBUG | d.t.c.a.a.p.s.l.ssh.SshGitCommand    : onExit(ServerSessionImpl[git@/127.0.0.1:44738])[SshGitCommand[git-upload-pack '/git/SHORT07624A260BD060493708A050BB6FAE261DD5TSTEXC/short07624a260bd060493708a050bb6fae261dd5tstexc-localvcciintstudent1.git'][session=ServerSessionImpl[git@/127.0.0.1:44738]]] exiting - value=0, message=
    23:45:59.963 | 966 1)-nio2-thread-3 | WARN  | o.a.s.s.session.ServerSessionImpl    : exceptionCaught(ServerSessionImpl[git@/127.0.0.1:44738])[state=Opened] IOException: Broken pipe
    23:45:59.963 | 966 1)-nio2-thread-3 | DEBUG | d.t.c.a.a.p.s.l.ssh.SshGitCommand    : destroy(ChannelSession[id=0, recipient=0]-ServerSessionImpl[git@/127.0.0.1:44738])[SshGitCommand[git-upload-pack '/git/SHORT07624A260BD060493708A050BB6FAE261DD5TSTEXC/short07624a260bd060493708a050bb6fae261dd5tstexc-localvcciintstudent1.git'][session=ServerSessionImpl[git@/127.0.0.1:44738]]] - shutdown executor service - runners count=0
    23:45:59.963 | 966 1)-nio2-thread-3 | DEBUG | d.t.c.a.a.p.s.l.ssh.SshGitCommand    : destroy(SshGitCommand[git-upload-pack '/git/SHORT07624A260BD060493708A050BB6FAE261DD5TSTEXC/short07624a260bd060493708a050bb6fae261dd5tstexc-localvcciintstudent1.git'][session=ServerSessionImpl[git@/127.0.0.1:44738]]) - failed (UnsupportedOperationException) to close file system=sun.nio.fs.LinuxFileSystem@348460d6: null
    23:45:59.978 | 576 local-ci-build-0 | WARN  | org.eclipse.jgit.lib.Repository      : close() called when useCnt is already zero for Repository[checked-out-repos/18a07c7296dd70e3280c5bdcec7fccd0be6b8148/SHORT07624A260BD060493708A050BB6FAE261DD5TSTEXC/short07624a260bd060493708a050bb6fae261dd5tstexc-localvcciintstudent1/.git]
    23:45:59.978 | 576 local-ci-build-0 | DEBUG | d.t.c.a.a.b.s.BuildJobGitService     : Cloning from ssh://git@localhost:7921/git/SHORT07624A260BD060493708A050BB6FAE261DD5TSTEXC/short07624a260bd060493708a050bb6fae261dd5tstexc-tests.git to checked-out-repos/18a07c7296dd70e3280c5bdcec7fccd0be6b8148/SHORT07624A260BD060493708A050BB6FAE261DD5TSTEXC/short07624a260bd060493708a050bb6fae261dd5tstexc-tests
    23:45:59.990 | 576 local-ci-build-0 | DEBUG | d.t.c.a.a.p.s.AbstractGitService     : getOptions: localhost:7921
    23:46:00.000 | 614 taskScheduler-3  | DEBUG | .a.s.ParticipantScoreScheduleService : Schedule tasks to process...
    23:46:00.002 | 614 taskScheduler-3  | DEBUG | .a.s.ParticipantScoreScheduleService : Processing of 0 results and 0 participant scores.
    23:46:00.081 | 908 waitility-thread | DEBUG | .a.s.ParticipantScoreScheduleService : Processing of 0 results and 0 participant scores.
    23:46:00.244 | 938 0]-nio2-thread-4 | WARN  | o.e.j.i.t.s.OpenSshServerKeyDatabase : Could not update known hosts file /tmp/known_hosts
org.eclipse.jgit.errors.UnsupportedCredentialItem: /tmp/known_hosts: org.eclipse.jgit.transport.CredentialItem$YesNoType:Create file /tmp/known_hosts ?
	at org.eclipse.jgit.transport.UsernamePasswordCredentialsProvider.get(UsernamePasswordCredentialsProvider.java:100)
	at org.eclipse.jgit.transport.CredentialsProvider.get(CredentialsProvider.java:125)
	at org.eclipse.jgit.internal.transport.sshd.OpenSshServerKeyDatabase$AskUser.askUser(OpenSshServerKeyDatabase.java:429)
	at org.eclipse.jgit.internal.transport.sshd.OpenSshServerKeyDatabase$AskUser.createNewFile(OpenSshServerKeyDatabase.java:549)
	at org.eclipse.jgit.internal.transport.sshd.OpenSshServerKeyDatabase.accept(OpenSshServerKeyDatabase.java:249)
	at org.eclipse.jgit.internal.transport.sshd.JGitServerKeyVerifier.verifyServerKey(JGitServerKeyVerifier.java:94)
	at org.apache.sshd.client.session.AbstractClientSession.checkKeys(AbstractClientSession.java:637)
	at org.apache.sshd.common.session.helpers.AbstractSession.handleKexMessage(AbstractSession.java:767)
	at org.apache.sshd.common.session.helpers.AbstractSession.doHandleMessage(AbstractSession.java:622)
	at org.apache.sshd.common.session.helpers.AbstractSession.lambda$handleMessage$0(AbstractSession.java:546)
	at org.apache.sshd.common.util.threads.ThreadUtils.runAsInternal(ThreadUtils.java:68)
	at org.apache.sshd.common.session.helpers.AbstractSession.handleMessage(AbstractSession.java:545)
	at org.apache.sshd.common.session.helpers.AbstractSession.decode(AbstractSession.java:1729)
	at org.apache.sshd.common.session.helpers.AbstractSession.messageReceived(AbstractSession.java:506)
	at org.eclipse.jgit.internal.transport.sshd.JGitClientSession.messageReceived(JGitClientSession.java:223)
	at org.apache.sshd.common.session.helpers.AbstractSessionIoHandler.messageReceived(AbstractSessionIoHandler.java:64)
	at org.apache.sshd.common.io.nio2.Nio2Session.handleReadCycleCompletion(Nio2Session.java:409)
	at org.apache.sshd.common.io.nio2.Nio2Session$1.onCompleted(Nio2Session.java:382)
	at org.apache.sshd.common.io.nio2.Nio2Session$1.onCompleted(Nio2Session.java:377)
	at org.apache.sshd.common.io.nio2.Nio2CompletionHandler.lambda$completed$0(Nio2CompletionHandler.java:38)
	at java.base/java.security.AccessController.doPrivileged(AccessController.java:319)
	at org.apache.sshd.common.io.nio2.Nio2CompletionHandler.completed(Nio2CompletionHandler.java:37)
	at java.base/sun.nio.ch.Invoker.invokeUnchecked(Invoker.java:129)
	at java.base/sun.nio.ch.Invoker$2.run(Invoker.java:221)
	at java.base/sun.nio.ch.AsynchronousChannelGroupImpl$1.run(AsynchronousChannelGroupImpl.java:113)
	at java.base/java.util.concurrent.ThreadPoolExecutor.runWorker(ThreadPoolExecutor.java:1144)
	at java.base/java.util.concurrent.ThreadPoolExecutor$Worker.run(ThreadPoolExecutor.java:642)
	at java.base/java.lang.Thread.run(Thread.java:1583)
    23:46:00.334 | 969 1)-nio2-thread-4 | DEBUG | s.l.GitPublickeyAuthenticatorService : Authenticating build agent artemis-build-agent-test on address [127.0.0.1]:5703
    23:46:00.359 | 970 1)-nio2-thread-5 | DEBUG | s.l.GitPublickeyAuthenticatorService : Authenticating build agent artemis-build-agent-test on address [127.0.0.1]:5703
    23:46:00.403 | 958 1)-nio2-thread-1 | DEBUG | d.t.c.a.a.p.s.l.ssh.SshGitCommand    : start(ChannelSession[id=0, recipient=0]-ServerSessionImpl[git@/127.0.0.1:44740]) starting runner for command=git-upload-pack '/git/SHORT07624A260BD060493708A050BB6FAE261DD5TSTEXC/short07624a260bd060493708a050bb6fae261dd5tstexc-tests.git'
    23:46:00.408 | 943 git-ssh-thread-1 | DEBUG | .t.c.a.a.p.s.l.LocalVCServletService : Path to resolve repository from: /tmp/SHORT07624A260BD060493708A050BB6FAE261DD5TSTEXC/short07624a260bd060493708a050bb6fae261dd5tstexc-tests.git
    23:46:00.408 | 943 git-ssh-thread-1 | DEBUG | .t.c.a.a.p.s.l.LocalVCServletService : Opening local repository SHORT07624A260BD060493708A050BB6FAE261DD5TSTEXC/short07624a260bd060493708a050bb6fae261dd5tstexc-tests.git
    23:46:00.408 | 943 git-ssh-thread-1 | DEBUG | .t.c.a.a.p.s.l.LocalVCServletService : Resolving repository for repository SHORT07624A260BD060493708A050BB6FAE261DD5TSTEXC/short07624a260bd060493708a050bb6fae261dd5tstexc-tests.git took 419µs
    23:46:00.554 | 943 git-ssh-thread-1 | DEBUG | d.t.c.a.a.p.s.l.ssh.SshGitCommand    : onExit(ServerSessionImpl[git@/127.0.0.1:44740])[SshGitCommand[git-upload-pack '/git/SHORT07624A260BD060493708A050BB6FAE261DD5TSTEXC/short07624a260bd060493708a050bb6fae261dd5tstexc-tests.git'][session=ServerSessionImpl[git@/127.0.0.1:44740]]] exiting - value=0, message=
    23:46:00.554 | 958 1)-nio2-thread-1 | DEBUG | d.t.c.a.a.p.s.l.ssh.SshGitCommand    : destroy(ChannelSession[id=0, recipient=0]-ServerSessionImpl[git@/127.0.0.1:44740])[SshGitCommand[git-upload-pack '/git/SHORT07624A260BD060493708A050BB6FAE261DD5TSTEXC/short07624a260bd060493708a050bb6fae261dd5tstexc-tests.git'][session=ServerSessionImpl[git@/127.0.0.1:44740]]] - shutdown executor service - runners count=0
    23:46:00.554 | 958 1)-nio2-thread-1 | DEBUG | d.t.c.a.a.p.s.l.ssh.SshGitCommand    : destroy(SshGitCommand[git-upload-pack '/git/SHORT07624A260BD060493708A050BB6FAE261DD5TSTEXC/short07624a260bd060493708a050bb6fae261dd5tstexc-tests.git'][session=ServerSessionImpl[git@/127.0.0.1:44740]]) - failed (UnsupportedOperationException) to close file system=sun.nio.fs.LinuxFileSystem@348460d6: null
    23:46:00.568 | 576 local-ci-build-0 | WARN  | org.eclipse.jgit.lib.Repository      : close() called when useCnt is already zero for Repository[checked-out-repos/18a07c7296dd70e3280c5bdcec7fccd0be6b8148/SHORT07624A260BD060493708A050BB6FAE261DD5TSTEXC/short07624a260bd060493708a050bb6fae261dd5tstexc-tests/.git]
    23:46:00.568 | 576 local-ci-build-0 | INFO  | t.c.a.a.b.s.BuildJobExecutionService : ~~~~~~~~~~~~~~~~~~~~ Started container local-ci-20471739576759335 for build job 20471739576759335 ~~~~~~~~~~~~~~~~~~~~
    23:46:00.568 | 576 local-ci-build-0 | DEBUG | t.c.a.a.b.s.BuildJobExecutionService : ~~~~~~~~~~~~~~~~~~~~ Populating build job container with repositories and build script ~~~~~~~~~~~~~~~~~~~~
    23:46:00.583 | 576 local-ci-build-0 | DEBUG | t.c.a.a.b.s.BuildJobExecutionService : ~~~~~~~~~~~~~~~~~~~~ Executing Build Script for Build job 20471739576759335 ~~~~~~~~~~~~~~~~~~~~
    23:46:00.583 | 576 local-ci-build-0 | INFO  | t.c.a.a.b.s.BuildJobContainerService : Started running the build script for build job in container with id 1234567890
    23:46:00.583 | 576 local-ci-build-0 | INFO  | t.c.a.a.b.s.BuildJobExecutionService : ~~~~~~~~~~~~~~~~~~~~ Finished Executing Build Script for Build job 20471739576759335 ~~~~~~~~~~~~~~~~~~~~
    23:46:00.583 | 576 local-ci-build-0 | DEBUG | t.c.a.a.b.s.BuildJobExecutionService : ~~~~~~~~~~~~~~~~~~~~ Moving test results to specified directory for build job 20471739576759335 ~~~~~~~~~~~~~~~~~~~~
    23:46:00.583 | 576 local-ci-build-0 | INFO  | t.c.a.a.b.s.BuildJobExecutionService : ~~~~~~~~~~~~~~~~~~~~ Collecting test results from container 1234567890 for build job 20471739576759335 ~~~~~~~~~~~~~~~~~~~~
    23:46:00.598 | 576 local-ci-build-0 | WARN  | org.eclipse.jgit.lib.Repository      : close() called when useCnt is already zero for Repository[checked-out-repos/18a07c7296dd70e3280c5bdcec7fccd0be6b8148/SHORT07624A260BD060493708A050BB6FAE261DD5TSTEXC/short07624a260bd060493708a050bb6fae261dd5tstexc-localvcciintstudent1/.git]
    23:46:00.600 | 576 local-ci-build-0 | DEBUG | d.t.c.a.a.p.s.AbstractGitService     : Deleted Repository at checked-out-repos/18a07c7296dd70e3280c5bdcec7fccd0be6b8148/SHORT07624A260BD060493708A050BB6FAE261DD5TSTEXC/short07624a260bd060493708a050bb6fae261dd5tstexc-localvcciintstudent1
    23:46:00.601 | 576 local-ci-build-0 | WARN  | org.eclipse.jgit.lib.Repository      : close() called when useCnt is already zero for Repository[checked-out-repos/18a07c7296dd70e3280c5bdcec7fccd0be6b8148/SHORT07624A260BD060493708A050BB6FAE261DD5TSTEXC/short07624a260bd060493708a050bb6fae261dd5tstexc-tests/.git]
    23:46:00.602 | 576 local-ci-build-0 | DEBUG | d.t.c.a.a.p.s.AbstractGitService     : Deleted Repository at checked-out-repos/18a07c7296dd70e3280c5bdcec7fccd0be6b8148/SHORT07624A260BD060493708A050BB6FAE261DD5TSTEXC/short07624a260bd060493708a050bb6fae261dd5tstexc-tests
    23:46:00.603 | 576 local-ci-build-0 | INFO  | t.c.a.a.b.s.BuildJobExecutionService : Building and testing submission for repository short07624a260bd060493708a050bb6fae261dd5tstexc-localvcciintstudent1 and commit hash 18a07c7296dd70e3280c5bdcec7fccd0be6b8148 took 34.88ms for build job 20471739576759335
    23:46:00.603 | 566 localvc.event-13 | DEBUG | a.a.b.s.SharedQueueProcessingService : Build job completed: BuildJobQueueItem[id=20471739576759335, name=SHORT07624A260BD060493708A050BB6FAE261DD5TSTEXC-LOCALVCCIINTSTUDENT1, buildAgent=BuildAgentDTO[name=artemis-build-agent-test, memberAddress=[127.0.0.1]:5703, displayName=artemis-build-agent-test], participationId=2047, courseId=999, exerciseId=2616, retryCount=0, priority=2, status=null, repositoryInfo=RepositoryInfo[repositoryName=short07624a260bd060493708a050bb6fae261dd5tstexc-localvcciintstudent1, repositoryType=user, triggeredByPushTo=user, assignmentRepositoryUri=http://localhost:49152/git/SHORT07624A260BD060493708A050BB6FAE261DD5TSTEXC/short07624a260bd060493708a050bb6fae261dd5tstexc-localvcciintstudent1.git, testRepositoryUri=http://localhost:49152/git/SHORT07624A260BD060493708A050BB6FAE261DD5TSTEXC/short07624a260bd060493708a050bb6fae261dd5tstexc-tests.git, solutionRepositoryUri=null, auxiliaryRepositoryUris=[Ljava.lang.String;@50e338d2, auxiliaryRepositoryCheckoutDirectories=[Ljava.lang.String;@17918738], jobTimingInfo=JobTimingInfo[submissionDate=2025-02-14T23:45:59.335772293Z[Etc/UTC], buildStartDate=2025-02-14T23:45:59.344175895Z[Etc/UTC], buildCompletionDate=null, estimatedCompletionDate=2025-02-14T23:46:18.344169813Z[Etc/UTC], estimatedDuration=19], buildConfig=BuildConfig[buildScript=#!/bin/bash
cd /var/tmp/testing-dir
chmod +x ./gradlew
./gradlew clean test
, dockerImage=dummy-docker-image:latest, commitHashToBuild=18a07c7296dd70e3280c5bdcec7fccd0be6b8148, assignmentCommitHash=18a07c7296dd70e3280c5bdcec7fccd0be6b8148, testCommitHash=d654a233667bae063bb900e455fd2da456e10333, branch=main, programmingLanguage=JAVA, projectType=PLAIN_GRADLE, scaEnabled=false, sequentialTestRunsEnabled=false, resultPaths=[/var/tmp/testing-dir/**/test-results/test/*.xml], timeoutSeconds=0, assignmentCheckoutPath=null, testCheckoutPath=null, solutionCheckoutPath=null, dockerRunConfig=null], submissionResult=null]
    23:46:00.603 | 565 localvc.event-12 | DEBUG | a.p.s.l.LocalCIQueueWebsocketService : CIBuildJobQueueItem removed from processing jobs: BuildJobQueueItem[id=20471739576759335, name=SHORT07624A260BD060493708A050BB6FAE261DD5TSTEXC-LOCALVCCIINTSTUDENT1, buildAgent=BuildAgentDTO[name=artemis-build-agent-test, memberAddress=[127.0.0.1]:5703, displayName=artemis-build-agent-test], participationId=2047, courseId=999, exerciseId=2616, retryCount=0, priority=2, status=null, repositoryInfo=RepositoryInfo[repositoryName=short07624a260bd060493708a050bb6fae261dd5tstexc-localvcciintstudent1, repositoryType=user, triggeredByPushTo=user, assignmentRepositoryUri=http://localhost:49152/git/SHORT07624A260BD060493708A050BB6FAE261DD5TSTEXC/short07624a260bd060493708a050bb6fae261dd5tstexc-localvcciintstudent1.git, testRepositoryUri=http://localhost:49152/git/SHORT07624A260BD060493708A050BB6FAE261DD5TSTEXC/short07624a260bd060493708a050bb6fae261dd5tstexc-tests.git, solutionRepositoryUri=null, auxiliaryRepositoryUris=[Ljava.lang.String;@48acb1c3, auxiliaryRepositoryCheckoutDirectories=[Ljava.lang.String;@166a2aec], jobTimingInfo=JobTimingInfo[submissionDate=2025-02-14T23:45:59.335772293Z[Etc/UTC], buildStartDate=2025-02-14T23:45:59.344175895Z[Etc/UTC], buildCompletionDate=null, estimatedCompletionDate=2025-02-14T23:46:18.344169813Z[Etc/UTC], estimatedDuration=19], buildConfig=BuildConfig[buildScript=#!/bin/bash
cd /var/tmp/testing-dir
chmod +x ./gradlew
./gradlew clean test
, dockerImage=dummy-docker-image:latest, commitHashToBuild=18a07c7296dd70e3280c5bdcec7fccd0be6b8148, assignmentCommitHash=18a07c7296dd70e3280c5bdcec7fccd0be6b8148, testCommitHash=d654a233667bae063bb900e455fd2da456e10333, branch=main, programmingLanguage=JAVA, projectType=PLAIN_GRADLE, scaEnabled=false, sequentialTestRunsEnabled=false, resultPaths=[/var/tmp/testing-dir/**/test-results/test/*.xml], timeoutSeconds=0, assignmentCheckoutPath=null, testCheckoutPath=null, solutionCheckoutPath=null, dockerRunConfig=null], submissionResult=null]
    23:46:00.604 | 565 localvc.event-12 | DEBUG | s.l.LocalCIWebsocketMessagingService : Sending message on topic /topic/admin/running-jobs: []
    23:46:00.604 | 565 localvc.event-12 | DEBUG | s.l.LocalCIWebsocketMessagingService : Sending message on topic /topic/courses/999/running-jobs: []
    23:46:00.612 | 566 localvc.event-13 | DEBUG | a.a.b.s.SharedQueueProcessingService : Currently processing jobs on this node: 0, active threads in Pool: 0, maximum pool size of thread executor : 1
    23:46:00.615 | 566 localvc.event-13 | DEBUG | s.l.LocalCIWebsocketMessagingService : Sending message on topic /topic/admin/queued-jobs: []
    23:46:00.615 | 566 localvc.event-13 | DEBUG | s.l.LocalCIWebsocketMessagingService : Sending message on topic /topic/courses/999/queued-jobs: []
    23:46:00.615 | 566 localvc.event-13 | DEBUG | a.a.b.s.SharedQueueProcessingService : CIBuildJobQueueItem removed from queue: BuildJobQueueItem[id=20471739576759335, name=SHORT07624A260BD060493708A050BB6FAE261DD5TSTEXC-LOCALVCCIINTSTUDENT1, buildAgent=BuildAgentDTO[name=null, memberAddress=null, displayName=null], participationId=2047, courseId=999, exerciseId=2616, retryCount=0, priority=2, status=null, repositoryInfo=RepositoryInfo[repositoryName=short07624a260bd060493708a050bb6fae261dd5tstexc-localvcciintstudent1, repositoryType=user, triggeredByPushTo=user, assignmentRepositoryUri=http://localhost:49152/git/SHORT07624A260BD060493708A050BB6FAE261DD5TSTEXC/short07624a260bd060493708a050bb6fae261dd5tstexc-localvcciintstudent1.git, testRepositoryUri=http://localhost:49152/git/SHORT07624A260BD060493708A050BB6FAE261DD5TSTEXC/short07624a260bd060493708a050bb6fae261dd5tstexc-tests.git, solutionRepositoryUri=null, auxiliaryRepositoryUris=[Ljava.lang.String;@58614dfa, auxiliaryRepositoryCheckoutDirectories=[Ljava.lang.String;@d108509], jobTimingInfo=JobTimingInfo[submissionDate=2025-02-14T23:45:59.335772293Z[Etc/UTC], buildStartDate=null, buildCompletionDate=null, estimatedCompletionDate=null, estimatedDuration=19], buildConfig=BuildConfig[buildScript=#!/bin/bash
cd /var/tmp/testing-dir
chmod +x ./gradlew
./gradlew clean test
, dockerImage=dummy-docker-image:latest, commitHashToBuild=18a07c7296dd70e3280c5bdcec7fccd0be6b8148, assignmentCommitHash=18a07c7296dd70e3280c5bdcec7fccd0be6b8148, testCommitHash=d654a233667bae063bb900e455fd2da456e10333, branch=main, programmingLanguage=JAVA, projectType=PLAIN_GRADLE, scaEnabled=false, sequentialTestRunsEnabled=false, resultPaths=[/var/tmp/testing-dir/**/test-results/test/*.xml], timeoutSeconds=0, assignmentCheckoutPath=null, testCheckoutPath=null, solutionCheckoutPath=null, dockerRunConfig=null], submissionResult=null]
    23:46:00.615 | 566 localvc.event-13 | DEBUG | s.l.LocalCIWebsocketMessagingService : Sending message on topic /topic/admin/queued-jobs: []
    23:46:00.615 | 566 localvc.event-13 | DEBUG | s.l.LocalCIWebsocketMessagingService : Sending message on topic /topic/courses/999/queued-jobs: []
    23:46:00.616 | 566 localvc.event-13 | DEBUG | a.p.s.l.LocalCIQueueWebsocketService : Build agent updated: BuildAgentInformation[buildAgent=BuildAgentDTO[name=artemis-build-agent-test, memberAddress=[127.0.0.1]:5703, displayName=artemis-build-agent-test], maxNumberOfConcurrentBuildJobs=1, numberOfCurrentBuildJobs=1, runningBuildJobs=[BuildJobQueueItem[id=20471739576759335, name=SHORT07624A260BD060493708A050BB6FAE261DD5TSTEXC-LOCALVCCIINTSTUDENT1, buildAgent=BuildAgentDTO[name=artemis-build-agent-test, memberAddress=[127.0.0.1]:5703, displayName=artemis-build-agent-test], participationId=2047, courseId=999, exerciseId=2616, retryCount=0, priority=2, status=null, repositoryInfo=RepositoryInfo[repositoryName=short07624a260bd060493708a050bb6fae261dd5tstexc-localvcciintstudent1, repositoryType=user, triggeredByPushTo=user, assignmentRepositoryUri=http://localhost:49152/git/SHORT07624A260BD060493708A050BB6FAE261DD5TSTEXC/short07624a260bd060493708a050bb6fae261dd5tstexc-localvcciintstudent1.git, testRepositoryUri=http://localhost:49152/git/SHORT07624A260BD060493708A050BB6FAE261DD5TSTEXC/short07624a260bd060493708a050bb6fae261dd5tstexc-tests.git, solutionRepositoryUri=null, auxiliaryRepositoryUris=[Ljava.lang.String;@4573b5d1, auxiliaryRepositoryCheckoutDirectories=[Ljava.lang.String;@4c4248bb], jobTimingInfo=JobTimingInfo[submissionDate=2025-02-14T23:45:59.335772293Z[Etc/UTC], buildStartDate=2025-02-14T23:45:59.344175895Z[Etc/UTC], buildCompletionDate=null, estimatedCompletionDate=2025-02-14T23:46:18.344169813Z[Etc/UTC], estimatedDuration=19], buildConfig=BuildConfig[buildScript=#!/bin/bash
cd /var/tmp/testing-dir
chmod +x ./gradlew
./gradlew clean test
, dockerImage=dummy-docker-image:latest, commitHashToBuild=18a07c7296dd70e3280c5bdcec7fccd0be6b8148, assignmentCommitHash=18a07c7296dd70e3280c5bdcec7fccd0be6b8148, testCommitHash=d654a233667bae063bb900e455fd2da456e10333, branch=main, programmingLanguage=JAVA, projectType=PLAIN_GRADLE, scaEnabled=false, sequentialTestRunsEnabled=false, resultPaths=[/var/tmp/testing-dir/**/test-results/test/*.xml], timeoutSeconds=0, assignmentCheckoutPath=null, testCheckoutPath=null, solutionCheckoutPath=null, dockerRunConfig=null], submissionResult=null]], status=ACTIVE, recentBuildJobs=[BuildJobQueueItem[id=19141739576708030, name=SHORT5F02A8F400311042E70858306EB148073CFDTSTEXC-LOCALVCINTSTUDENT1, buildAgent=BuildAgentDTO[name=artemis-build-agent-test, memberAddress=[127.0.0.1]:5703, displayName=artemis-build-agent-test], participationId=1914, courseId=947, exerciseId=2564, retryCount=0, priority=2, status=FAILED, repositoryInfo=RepositoryInfo[repositoryName=short5f02a8f400311042e70858306eb148073cfdtstexc-localvcintstudent1, repositoryType=user, triggeredByPushTo=user, assignmentRepositoryUri=http://localhost:49152/git/SHORT5F02A8F400311042E70858306EB148073CFDTSTEXC/short5f02a8f400311042e70858306eb148073cfdtstexc-localvcintstudent1.git, testRepositoryUri=http://localhost:49152/git/SHORT5F02A8F400311042E70858306EB148073CFDTSTEXC/short5f02a8f400311042e70858306eb148073cfdtstexc-tests.git, solutionRepositoryUri=null, auxiliaryRepositoryUris=[Ljava.lang.String;@41a655fc, auxiliaryRepositoryCheckoutDirectories=[Ljava.lang.String;@2f456ca7], jobTimingInfo=JobTimingInfo[submissionDate=2025-02-14T23:45:08.030118216Z[Etc/UTC], buildStartDate=2025-02-14T23:45:08.041011412Z[Etc/UTC], buildCompletionDate=2025-02-14T23:45:08.054603331Z[Etc/UTC], estimatedCompletionDate=2025-02-14T23:45:27.041005080Z[Etc/UTC], estimatedDuration=19], buildConfig=BuildConfig[buildScript=#!/bin/bash
cd /var/tmp/testing-dir
chmod +x ./gradlew
./gradlew clean test
, dockerImage=dummy-docker-image:latest, commitHashToBuild=6e7146cac5059504aa9d170ec3fa23aec740bb51, assignmentCommitHash=6e7146cac5059504aa9d170ec3fa23aec740bb51, testCommitHash=931e5303581c7a2f01339ba603cfafbfe668b901, branch=main, programmingLanguage=JAVA, projectType=PLAIN_GRADLE, scaEnabled=false, sequentialTestRunsEnabled=false, resultPaths=[/var/tmp/testing-dir/**/test-results/test/*.xml], timeoutSeconds=0, assignmentCheckoutPath=null, testCheckoutPath=null, solutionCheckoutPath=null, dockerRunConfig=null], submissionResult=ResultDTO[id=622, completionDate=2025-02-14T23:45:08.054683681Z[Etc/UTC], successful=false, score=0.0, rated=true, submission=SubmissionDTO[id=814, submitted=true, type=MANUAL, exampleSubmission=null, submissionDate=2025-02-14T23:45:08.016200Z, commitHash=6e7146cac5059504aa9d170ec3fa23aec740bb51, buildFailed=true, buildArtifact=false, participation=ParticipationDTO[id=1914, testRun=false, type=programming, submissionCount=null, exercise=ParticipationExerciseDTO[id=2564, exerciseType=PROGRAMMING, type=programming, assessmentType=AUTOMATIC, dueDate=2025-02-16T23:45:07.324348Z, assessmentDueDate=null, maxPoints=42.0, course=CourseDTO[id=947, accuracyOfScores=1]]], submissionExerciseType=programming, isProcessing=false, buildStartDate=null, estimatedCompletionDate=null], participation=ParticipationDTO[id=1914, testRun=false, type=programming, submissionCount=null, exercise=ParticipationExerciseDTO[id=2564, exerciseType=PROGRAMMING, type=programming, assessmentType=AUTOMATIC, dueDate=2025-02-16T23:45:07.324348Z, assessmentDueDate=null, maxPoints=42.0, course=CourseDTO[id=947, accuracyOfScores=1]]], feedbacks=[], assessmentType=AUTOMATIC, hasComplaint=null, exampleResult=null, testCaseCount=0, passedTestCaseCount=0, codeIssueCount=0]], BuildJobQueueItem[id=19361739576711303, name=SHORT9AFDAE3804CA304DDF0889A0CB0F56104A86TSTEXC-LOCALVCINTSTUDENT1, buildAgent=BuildAgentDTO[name=artemis-build-agent-test, memberAddress=[127.0.0.1]:5703, displayName=artemis-build-agent-test], participationId=1936, courseId=956, exerciseId=2573, retryCount=0, priority=2, status=FAILED, repositoryInfo=RepositoryInfo[repositoryName=short9afdae3804ca304ddf0889a0cb0f56104a86tstexc-localvcintstudent1, repositoryType=user, triggeredByPushTo=user, assignmentRepositoryUri=http://localhost:49152/git/SHORT9AFDAE3804CA304DDF0889A0CB0F56104A86TSTEXC/short9afdae3804ca304ddf0889a0cb0f56104a86tstexc-localvcintstudent1.git, testRepositoryUri=http://localhost:49152/git/SHORT9AFDAE3804CA304DDF0889A0CB0F56104A86TSTEXC/short9afdae3804ca304ddf0889a0cb0f56104a86tstexc-tests.git, solutionRepositoryUri=null, auxiliaryRepositoryUris=[Ljava.lang.String;@774089a3, auxiliaryRepositoryCheckoutDirectories=[Ljava.lang.String;@29190060], jobTimingInfo=JobTimingInfo[submissionDate=2025-02-14T23:45:11.303805653Z[Etc/UTC], buildStartDate=2025-02-14T23:45:11.310981356Z[Etc/UTC], buildCompletionDate=2025-02-14T23:45:11.319178384Z[Etc/UTC], estimatedCompletionDate=2025-02-14T23:45:30.310974944Z[Etc/UTC], estimatedDuration=19], buildConfig=BuildConfig[buildScript=#!/bin/bash
cd /var/tmp/testing-dir
chmod +x ./gradlew
./gradlew clean test
, dockerImage=dummy-docker-image:latest, commitHashToBuild=a1099e378cffde441ef85f9b12577ca174b8e1e4, assignmentCommitHash=a1099e378cffde441ef85f9b12577ca174b8e1e4, testCommitHash=bd38d61c299ab11a1dea82a3ca5493fe04d97d47, branch=main, programmingLanguage=JAVA, projectType=PLAIN_GRADLE, scaEnabled=false, sequentialTestRunsEnabled=false, resultPaths=[/var/tmp/testing-dir/**/test-results/test/*.xml], timeoutSeconds=0, assignmentCheckoutPath=null, testCheckoutPath=null, solutionCheckoutPath=null, dockerRunConfig=null], submissionResult=ResultDTO[id=623, completionDate=2025-02-14T23:45:11.319278430Z[Etc/UTC], successful=false, score=0.0, rated=true, submission=SubmissionDTO[id=815, submitted=true, type=MANUAL, exampleSubmission=null, submissionDate=2025-02-14T23:45:11.294386Z, commitHash=a1099e378cffde441ef85f9b12577ca174b8e1e4, buildFailed=true, buildArtifact=false, participation=ParticipationDTO[id=1936, testRun=false, type=programming, submissionCount=null, exercise=ParticipationExerciseDTO[id=2573, exerciseType=PROGRAMMING, type=programming, assessmentType=AUTOMATIC, dueDate=2025-02-16T23:45:10.996982Z, assessmentDueDate=null, maxPoints=42.0, course=CourseDTO[id=956, accuracyOfScores=1]]], submissionExerciseType=programming, isProcessing=false, buildStartDate=null, estimatedCompletionDate=null], participation=ParticipationDTO[id=1936, testRun=false, type=programming, submissionCount=null, exercise=ParticipationExerciseDTO[id=2573, exerciseType=PROGRAMMING, type=programming, assessmentType=AUTOMATIC, dueDate=2025-02-16T23:45:10.996982Z, assessmentDueDate=null, maxPoints=42.0, course=CourseDTO[id=956, accuracyOfScores=1]]], feedbacks=[], assessmentType=AUTOMATIC, hasComplaint=null, exampleResult=null, testCaseCount=0, passedTestCaseCount=0, codeIssueCount=0]], BuildJobQueueItem[id=19351739576711674, name=SHORT9AFDAE3804CA304DDF0889A0CB0F56104A86TSTEXC-BASE, buildAgent=BuildAgentDTO[name=artemis-build-agent-test, memberAddress=[127.0.0.1]:5703, displayName=artemis-build-agent-test], participationId=1935, courseId=956, exerciseId=2573, retryCount=0, priority=2, status=FAILED, repositoryInfo=RepositoryInfo[repositoryName=short9afdae3804ca304ddf0889a0cb0f56104a86tstexc-exercise, repositoryType=exercise, triggeredByPushTo=exercise, assignmentRepositoryUri=http://localhost:49152/git/SHORT9AFDAE3804CA304DDF0889A0CB0F56104A86TSTEXC/short9afdae3804ca304ddf0889a0cb0f56104a86tstexc-exercise.git, testRepositoryUri=http://localhost:49152/git/SHORT9AFDAE3804CA304DDF0889A0CB0F56104A86TSTEXC/short9afdae3804ca304ddf0889a0cb0f56104a86tstexc-tests.git, solutionRepositoryUri=null, auxiliaryRepositoryUris=[Ljava.lang.String;@5ae3a90a, auxiliaryRepositoryCheckoutDirectories=[Ljava.lang.String;@5ec7d6a5], jobTimingInfo=JobTimingInfo[submissionDate=2025-02-14T23:45:11.674556681Z[Etc/UTC], buildStartDate=2025-02-14T23:45:11.677776879Z[Etc/UTC], buildCompletionDate=2025-02-14T23:45:11.688097378Z[Etc/UTC], estimatedCompletionDate=2025-02-14T23:45:30.677771620Z[Etc/UTC], estimatedDuration=19], buildConfig=BuildConfig[buildScript=#!/bin/bash
cd /var/tmp/testing-dir
chmod +x ./gradlew
./gradlew clean test
, dockerImage=dummy-docker-image:latest, commitHashToBuild=a1099e378cffde441ef85f9b12577ca174b8e1e4, assignmentCommitHash=a1099e378cffde441ef85f9b12577ca174b8e1e4, testCommitHash=bd38d61c299ab11a1dea82a3ca5493fe04d97d47, branch=main, programmingLanguage=JAVA, projectType=PLAIN_GRADLE, scaEnabled=false, sequentialTestRunsEnabled=false, resultPaths=[/var/tmp/testing-dir/**/test-results/test/*.xml], timeoutSeconds=0, assignmentCheckoutPath=null, testCheckoutPath=null, solutionCheckoutPath=null, dockerRunConfig=null], submissionResult=ResultDTO[id=624, completionDate=2025-02-14T23:45:11.688214837Z[Etc/UTC], successful=false, score=0.0, rated=true, submission=SubmissionDTO[id=816, submitted=true, type=MANUAL, exampleSubmission=null, submissionDate=2025-02-14T23:45:11.656934Z, commitHash=a1099e378cffde441ef85f9b12577ca174b8e1e4, buildFailed=true, buildArtifact=false, participation=ParticipationDTO[id=1935, testRun=false, type=template, submissionCount=null, exercise=ParticipationExerciseDTO[id=2573, exerciseType=PROGRAMMING, type=programming, assessmentType=AUTOMATIC, dueDate=2025-02-16T23:45:10.996982Z, assessmentDueDate=null, maxPoints=42.0, course=CourseDTO[id=956, accuracyOfScores=1]]], submissionExerciseType=programming, isProcessing=false, buildStartDate=null, estimatedCompletionDate=null], participation=ParticipationDTO[id=1935, testRun=false, type=template, submissionCount=null, exercise=ParticipationExerciseDTO[id=2573, exerciseType=PROGRAMMING, type=programming, assessmentType=AUTOMATIC, dueDate=2025-02-16T23:45:10.996982Z, assessmentDueDate=null, maxPoints=42.0, course=CourseDTO[id=956, accuracyOfScores=1]]], feedbacks=[], assessmentType=AUTOMATIC, hasComplaint=null, exampleResult=null, testCaseCount=0, passedTestCaseCount=0, codeIssueCount=0]], BuildJobQueueItem[id=19341739576712112, name=SHORT9AFDAE3804CA304DDF0889A0CB0F56104A86TSTEXC-SOLUTION, buildAgent=BuildAgentDTO[name=artemis-build-agent-test, memberAddress=[127.0.0.1]:5703, displayName=artemis-build-agent-test], participationId=1934, courseId=956, exerciseId=2573, retryCount=0, priority=2, status=FAILED, repositoryInfo=RepositoryInfo[repositoryName=short9afdae3804ca304ddf0889a0cb0f56104a86tstexc-solution, repositoryType=solution, triggeredByPushTo=solution, assignmentRepositoryUri=http://localhost:49152/git/SHORT9AFDAE3804CA304DDF0889A0CB0F56104A86TSTEXC/short9afdae3804ca304ddf0889a0cb0f56104a86tstexc-solution.git, testRepositoryUri=http://localhost:49152/git/SHORT9AFDAE3804CA304DDF0889A0CB0F56104A86TSTEXC/short9afdae3804ca304ddf0889a0cb0f56104a86tstexc-tests.git, solutionRepositoryUri=null, auxiliaryRepositoryUris=[Ljava.lang.String;@2d39414f, auxiliaryRepositoryCheckoutDirectories=[Ljava.lang.String;@4c424e88], jobTimingInfo=JobTimingInfo[submissionDate=2025-02-14T23:45:12.112332872Z[Etc/UTC], buildStartDate=2025-02-14T23:45:12.121617114Z[Etc/UTC], buildCompletionDate=2025-02-14T23:45:12.127931701Z[Etc/UTC], estimatedCompletionDate=2025-02-14T23:45:31.121609600Z[Etc/UTC], estimatedDuration=19], buildConfig=BuildConfig[buildScript=#!/bin/bash
cd /var/tmp/testing-dir
chmod +x ./gradlew
./gradlew clean test
, dockerImage=dummy-docker-image:latest, commitHashToBuild=a1099e378cffde441ef85f9b12577ca174b8e1e4, assignmentCommitHash=a1099e378cffde441ef85f9b12577ca174b8e1e4, testCommitHash=bd38d61c299ab11a1dea82a3ca5493fe04d97d47, branch=main, programmingLanguage=JAVA, projectType=PLAIN_GRADLE, scaEnabled=false, sequentialTestRunsEnabled=false, resultPaths=[/var/tmp/testing-dir/**/test-results/test/*.xml], timeoutSeconds=0, assignmentCheckoutPath=null, testCheckoutPath=null, solutionCheckoutPath=null, dockerRunConfig=null], submissionResult=ResultDTO[id=625, completionDate=2025-02-14T23:45:12.128011800Z[Etc/UTC], successful=false, score=0.0, rated=true, submission=SubmissionDTO[id=817, submitted=true, type=MANUAL, exampleSubmission=null, submissionDate=2025-02-14T23:45:12.098737Z, commitHash=a1099e378cffde441ef85f9b12577ca174b8e1e4, buildFailed=true, buildArtifact=false, participation=ParticipationDTO[id=1934, testRun=false, type=solution, submissionCount=null, exercise=ParticipationExerciseDTO[id=2573, exerciseType=PROGRAMMING, type=programming, assessmentType=AUTOMATIC, dueDate=2025-02-16T23:45:10.996982Z, assessmentDueDate=null, maxPoints=42.0, course=CourseDTO[id=956, accuracyOfScores=1]]], submissionExerciseType=programming, isProcessing=false, buildStartDate=null, estimatedCompletionDate=null], participation=ParticipationDTO[id=1934, testRun=false, type=solution, submissionCount=null, exercise=ParticipationExerciseDTO[id=2573, exerciseType=PROGRAMMING, type=programming, assessmentType=AUTOMATIC, dueDate=2025-02-16T23:45:10.996982Z, assessmentDueDate=null, maxPoints=42.0, course=CourseDTO[id=956, accuracyOfScores=1]]], feedbacks=[], assessmentType=AUTOMATIC, hasComplaint=null, exampleResult=null, testCaseCount=0, passedTestCaseCount=0, codeIssueCount=0]], BuildJobQueueItem[id=19341739576713025, name=SHORT9AFDAE3804CA304DDF0889A0CB0F56104A86TSTEXC-SOLUTION, buildAgent=BuildAgentDTO[name=artemis-build-agent-test, memberAddress=[127.0.0.1]:5703, displayName=artemis-build-agent-test], participationId=1934, courseId=956, exerciseId=2573, retryCount=0, priority=2, status=FAILED, repositoryInfo=RepositoryInfo[repositoryName=short9afdae3804ca304ddf0889a0cb0f56104a86tstexc-solution, repositoryType=solution, triggeredByPushTo=tests, assignmentRepositoryUri=http://localhost:49152/git/SHORT9AFDAE3804CA304DDF0889A0CB0F56104A86TSTEXC/short9afdae3804ca304ddf0889a0cb0f56104a86tstexc-solution.git, testRepositoryUri=http://localhost:49152/git/SHORT9AFDAE3804CA304DDF0889A0CB0F56104A86TSTEXC/short9afdae3804ca304ddf0889a0cb0f56104a86tstexc-tests.git, solutionRepositoryUri=null, auxiliaryRepositoryUris=[Ljava.lang.String;@bae05f3, auxiliaryRepositoryCheckoutDirectories=[Ljava.lang.String;@6bbc98dd], jobTimingInfo=JobTimingInfo[submissionDate=2025-02-14T23:45:13.025319671Z[Etc/UTC], buildStartDate=2025-02-14T23:45:13.040293146Z[Etc/UTC], buildCompletionDate=2025-02-14T23:45:13.053032917Z[Etc/UTC], estimatedCompletionDate=2025-02-14T23:45:32.040285703Z[Etc/UTC], estimatedDuration=19], buildConfig=BuildConfig[buildScript=#!/bin/bash
cd /var/tmp/testing-dir
chmod +x ./gradlew
./gradlew clean test
, dockerImage=dummy-docker-image:latest, commitHashToBuild=784f8f0049d2a1a54f21c67dd772bea86715267a, assignmentCommitHash=a1099e378cffde441ef85f9b12577ca174b8e1e4, testCommitHash=784f8f0049d2a1a54f21c67dd772bea86715267a, branch=main, programmingLanguage=JAVA, projectType=PLAIN_GRADLE, scaEnabled=false, sequentialTestRunsEnabled=false, resultPaths=[/var/tmp/testing-dir/**/test-results/test/*.xml], timeoutSeconds=0, assignmentCheckoutPath=null, testCheckoutPath=null, solutionCheckoutPath=null, dockerRunConfig=null], submissionResult=ResultDTO[id=626, completionDate=2025-02-14T23:45:13.053131811Z[Etc/UTC], successful=false, score=0.0, rated=true, submission=SubmissionDTO[id=818, submitted=true, type=TEST, exampleSubmission=null, submissionDate=2025-02-14T23:45:13.005779Z, commitHash=784f8f0049d2a1a54f21c67dd772bea86715267a, buildFailed=true, buildArtifact=false, participation=ParticipationDTO[id=1934, testRun=false, type=solution, submissionCount=null, exercise=ParticipationExerciseDTO[id=2573, exerciseType=PROGRAMMING, type=programming, assessmentType=AUTOMATIC, dueDate=2025-02-16T23:45:10.996982Z, assessmentDueDate=null, maxPoints=42.0, course=CourseDTO[id=956, accuracyOfScores=1]]], submissionExerciseType=programming, isProcessing=false, buildStartDate=null, estimatedCompletionDate=null], participation=ParticipationDTO[id=1934, testRun=false, type=solution, submissionCount=null, exercise=ParticipationExerciseDTO[id=2573, exerciseType=PROGRAMMING, type=programming, assessmentType=AUTOMATIC, dueDate=2025-02-16T23:45:10.996982Z, assessmentDueDate=null, maxPoints=42.0, course=CourseDTO[id=956, accuracyOfScores=1]]], feedbacks=[], assessmentType=AUTOMATIC, hasComplaint=null, exampleResult=null, testCaseCount=0, passedTestCaseCount=0, codeIssueCount=0]], BuildJobQueueItem[id=19581739576715555, name=SHORTC1A3F9FC03D2304B4308FA20AF16D54AAA49TSTEXC-LOCALVCSSHINTSTUDENT1, buildAgent=BuildAgentDTO[name=artemis-build-agent-test, memberAddress=[127.0.0.1]:5703, displayName=artemis-build-agent-test], participationId=1958, courseId=965, exerciseId=2582, retryCount=0, priority=2, status=FAILED, repositoryInfo=RepositoryInfo[repositoryName=shortc1a3f9fc03d2304b4308fa20af16d54aaa49tstexc-localvcsshintstudent1, repositoryType=user, triggeredByPushTo=user, assignmentRepositoryUri=http://localhost:49152/git/SHORTC1A3F9FC03D2304B4308FA20AF16D54AAA49TSTEXC/shortc1a3f9fc03d2304b4308fa20af16d54aaa49tstexc-localvcsshintstudent1.git, testRepositoryUri=http://localhost:49152/git/SHORTC1A3F9FC03D2304B4308FA20AF16D54AAA49TSTEXC/shortc1a3f9fc03d2304b4308fa20af16d54aaa49tstexc-tests.git, solutionRepositoryUri=null, auxiliaryRepositoryUris=[Ljava.lang.String;@ce88fdc, auxiliaryRepositoryCheckoutDirectories=[Ljava.lang.String;@5200a6c7], jobTimingInfo=JobTimingInfo[submissionDate=2025-02-14T23:45:15.555989584Z[Etc/UTC], buildStartDate=2025-02-14T23:45:15.568477627Z[Etc/UTC], buildCompletionDate=2025-02-14T23:45:15.579021148Z[Etc/UTC], estimatedCompletionDate=2025-02-14T23:45:34.568443924Z[Etc/UTC], estimatedDuration=19], buildConfig=BuildConfig[buildScript=#!/bin/bash
cd /var/tmp/testing-dir
chmod +x ./gradlew
./gradlew clean test
, dockerImage=dummy-docker-image:latest, commitHashToBuild=ca76dac20e040e6609db02fd7fedd56bf58829d7, assignmentCommitHash=ca76dac20e040e6609db02fd7fedd56bf58829d7, testCommitHash=bd0d58c226dc63bfa4bc9052870589952c0a1f83, branch=main, programmingLanguage=JAVA, projectType=PLAIN_GRADLE, scaEnabled=false, sequentialTestRunsEnabled=false, resultPaths=[/var/tmp/testing-dir/**/test-results/test/*.xml], timeoutSeconds=0, assignmentCheckoutPath=null, testCheckoutPath=null, solutionCheckoutPath=null, dockerRunConfig=null], submissionResult=ResultDTO[id=627, completionDate=2025-02-14T23:45:15.579119131Z[Etc/UTC], successful=false, score=0.0, rated=true, submission=SubmissionDTO[id=820, submitted=true, type=MANUAL, exampleSubmission=null, submissionDate=2025-02-14T23:45:15.548349Z, commitHash=ca76dac20e040e6609db02fd7fedd56bf58829d7, buildFailed=true, buildArtifact=false, participation=ParticipationDTO[id=1958, testRun=false, type=programming, submissionCount=null, exercise=ParticipationExerciseDTO[id=2582, exerciseType=PROGRAMMING, type=programming, assessmentType=AUTOMATIC, dueDate=2025-02-16T23:45:15.103512Z, assessmentDueDate=null, maxPoints=42.0, course=CourseDTO[id=965, accuracyOfScores=1]]], submissionExerciseType=programming, isProcessing=false, buildStartDate=null, estimatedCompletionDate=null], participation=ParticipationDTO[id=1958, testRun=false, type=programming, submissionCount=null, exercise=ParticipationExerciseDTO[id=2582, exerciseType=PROGRAMMING, type=programming, assessmentType=AUTOMATIC, dueDate=2025-02-16T23:45:15.103512Z, assessmentDueDate=null, maxPoints=42.0, course=CourseDTO[id=965, accuracyOfScores=1]]], feedbacks=[], assessmentType=AUTOMATIC, hasComplaint=null, exampleResult=null, testCaseCount=0, passedTestCaseCount=0, codeIssueCount=0]], BuildJobQueueItem[id=19801739576719393, name=SHORTB2A6C58B0D447045380A858075B170A5B7C6TSTEXC-LOCALVCSSHINTSTUDENT1, buildAgent=BuildAgentDTO[name=artemis-build-agent-test, memberAddress=[127.0.0.1]:5703, displayName=artemis-build-agent-test], participationId=1980, courseId=974, exerciseId=2591, retryCount=0, priority=2, status=FAILED, repositoryInfo=RepositoryInfo[repositoryName=shortb2a6c58b0d447045380a858075b170a5b7c6tstexc-localvcsshintstudent1, repositoryType=user, triggeredByPushTo=user, assignmentRepositoryUri=http://localhost:49152/git/SHORTB2A6C58B0D447045380A858075B170A5B7C6TSTEXC/shortb2a6c58b0d447045380a858075b170a5b7c6tstexc-localvcsshintstudent1.git, testRepositoryUri=http://localhost:49152/git/SHORTB2A6C58B0D447045380A858075B170A5B7C6TSTEXC/shortb2a6c58b0d447045380a858075b170a5b7c6tstexc-tests.git, solutionRepositoryUri=null, auxiliaryRepositoryUris=[Ljava.lang.String;@297ab0e9, auxiliaryRepositoryCheckoutDirectories=[Ljava.lang.String;@260faf6b], jobTimingInfo=JobTimingInfo[submissionDate=2025-02-14T23:45:19.393259829Z[Etc/UTC], buildStartDate=2025-02-14T23:45:19.405438171Z[Etc/UTC], buildCompletionDate=2025-02-14T23:45:19.414070673Z[Etc/UTC], estimatedCompletionDate=2025-02-14T23:45:38.405431569Z[Etc/UTC], estimatedDuration=19], buildConfig=BuildConfig[buildScript=#!/bin/bash
cd /var/tmp/testing-dir
chmod +x ./gradlew
./gradlew clean test
, dockerImage=dummy-docker-image:latest, commitHashToBuild=363cdbf709a9fff149f813ab848ee800a675cc77, assignmentCommitHash=363cdbf709a9fff149f813ab848ee800a675cc77, testCommitHash=a5e046ece417b2e538f21f816e2524dab61e0d10, branch=main, programmingLanguage=JAVA, projectType=PLAIN_GRADLE, scaEnabled=false, sequentialTestRunsEnabled=false, resultPaths=[/var/tmp/testing-dir/**/test-results/test/*.xml], timeoutSeconds=0, assignmentCheckoutPath=null, testCheckoutPath=null, solutionCheckoutPath=null, dockerRunConfig=null], submissionResult=ResultDTO[id=628, completionDate=2025-02-14T23:45:19.414171040Z[Etc/UTC], successful=false, score=0.0, rated=true, submission=SubmissionDTO[id=821, submitted=true, type=MANUAL, exampleSubmission=null, submissionDate=2025-02-14T23:45:19.376840Z, commitHash=363cdbf709a9fff149f813ab848ee800a675cc77, buildFailed=true, buildArtifact=false, participation=ParticipationDTO[id=1980, testRun=false, type=programming, submissionCount=null, exercise=ParticipationExerciseDTO[id=2591, exerciseType=PROGRAMMING, type=programming, assessmentType=AUTOMATIC, dueDate=2025-02-16T23:45:18.950569Z, assessmentDueDate=null, maxPoints=42.0, course=CourseDTO[id=974, accuracyOfScores=1]]], submissionExerciseType=programming, isProcessing=false, buildStartDate=null, estimatedCompletionDate=null], participation=ParticipationDTO[id=1980, testRun=false, type=programming, submissionCount=null, exercise=ParticipationExerciseDTO[id=2591, exerciseType=PROGRAMMING, type=programming, assessmentType=AUTOMATIC, dueDate=2025-02-16T23:45:18.950569Z, assessmentDueDate=null, maxPoints=42.0, course=CourseDTO[id=974, accuracyOfScores=1]]], feedbacks=[], assessmentType=AUTOMATIC, hasComplaint=null, exampleResult=null, testCaseCount=0, passedTestCaseCount=0, codeIssueCount=0]], BuildJobQueueItem[id=19791739576719787, name=SHORTB2A6C58B0D447045380A858075B170A5B7C6TSTEXC-BASE, buildAgent=BuildAgentDTO[name=artemis-build-agent-test, memberAddress=[127.0.0.1]:5703, displayName=artemis-build-agent-test], participationId=1979, courseId=974, exerciseId=2591, retryCount=0, priority=2, status=FAILED, repositoryInfo=RepositoryInfo[repositoryName=shortb2a6c58b0d447045380a858075b170a5b7c6tstexc-exercise, repositoryType=exercise, triggeredByPushTo=exercise, assignmentRepositoryUri=http://localhost:49152/git/SHORTB2A6C58B0D447045380A858075B170A5B7C6TSTEXC/shortb2a6c58b0d447045380a858075b170a5b7c6tstexc-exercise.git, testRepositoryUri=http://localhost:49152/git/SHORTB2A6C58B0D447045380A858075B170A5B7C6TSTEXC/shortb2a6c58b0d447045380a858075b170a5b7c6tstexc-tests.git, solutionRepositoryUri=null, auxiliaryRepositoryUris=[Ljava.lang.String;@6e514219, auxiliaryRepositoryCheckoutDirectories=[Ljava.lang.String;@3930e78a], jobTimingInfo=JobTimingInfo[submissionDate=2025-02-14T23:45:19.787985058Z[Etc/UTC], buildStartDate=2025-02-14T23:45:19.796327417Z[Etc/UTC], buildCompletionDate=2025-02-14T23:45:19.799750982Z[Etc/UTC], estimatedCompletionDate=2025-02-14T23:45:38.796319082Z[Etc/UTC], estimatedDuration=19], buildConfig=BuildConfig[buildScript=#!/bin/bash
cd /var/tmp/testing-dir
chmod +x ./gradlew
./gradlew clean test
, dockerImage=dummy-docker-image:latest, commitHashToBuild=363cdbf709a9fff149f813ab848ee800a675cc77, assignmentCommitHash=363cdbf709a9fff149f813ab848ee800a675cc77, testCommitHash=a5e046ece417b2e538f21f816e2524dab61e0d10, branch=main, programmingLanguage=JAVA, projectType=PLAIN_GRADLE, scaEnabled=false, sequentialTestRunsEnabled=false, resultPaths=[/var/tmp/testing-dir/**/test-results/test/*.xml], timeoutSeconds=0, assignmentCheckoutPath=null, testCheckoutPath=null, solutionCheckoutPath=null, dockerRunConfig=null], submissionResult=ResultDTO[id=629, completionDate=2025-02-14T23:45:19.799820341Z[Etc/UTC], successful=false, score=0.0, rated=true, submission=SubmissionDTO[id=822, submitted=true, type=MANUAL, exampleSubmission=null, submissionDate=2025-02-14T23:45:19.775952Z, commitHash=363cdbf709a9fff149f813ab848ee800a675cc77, buildFailed=true, buildArtifact=false, participation=ParticipationDTO[id=1979, testRun=false, type=template, submissionCount=null, exercise=ParticipationExerciseDTO[id=2591, exerciseType=PROGRAMMING, type=programming, assessmentType=AUTOMATIC, dueDate=2025-02-16T23:45:18.950569Z, assessmentDueDate=null, maxPoints=42.0, course=CourseDTO[id=974, accuracyOfScores=1]]], submissionExerciseType=programming, isProcessing=false, buildStartDate=null, estimatedCompletionDate=null], participation=ParticipationDTO[id=1979, testRun=false, type=template, submissionCount=null, exercise=ParticipationExerciseDTO[id=2591, exerciseType=PROGRAMMING, type=programming, assessmentType=AUTOMATIC, dueDate=2025-02-16T23:45:18.950569Z, assessmentDueDate=null, maxPoints=42.0, course=CourseDTO[id=974, accuracyOfScores=1]]], feedbacks=[], assessmentType=AUTOMATIC, hasComplaint=null, exampleResult=null, testCaseCount=0, passedTestCaseCount=0, codeIssueCount=0]], BuildJobQueueItem[id=19781739576720235, name=SHORTB2A6C58B0D447045380A858075B170A5B7C6TSTEXC-SOLUTION, buildAgent=BuildAgentDTO[name=artemis-build-agent-test, memberAddress=[127.0.0.1]:5703, displayName=artemis-build-agent-test], participationId=1978, courseId=974, exerciseId=2591, retryCount=0, priority=2, status=FAILED, repositoryInfo=RepositoryInfo[repositoryName=shortb2a6c58b0d447045380a858075b170a5b7c6tstexc-solution, repositoryType=solution, triggeredByPushTo=solution, assignmentRepositoryUri=http://localhost:49152/git/SHORTB2A6C58B0D447045380A858075B170A5B7C6TSTEXC/shortb2a6c58b0d447045380a858075b170a5b7c6tstexc-solution.git, testRepositoryUri=http://localhost:49152/git/SHORTB2A6C58B0D447045380A858075B170A5B7C6TSTEXC/shortb2a6c58b0d447045380a858075b170a5b7c6tstexc-tests.git, solutionRepositoryUri=null, auxiliaryRepositoryUris=[Ljava.lang.String;@45b1e5bd, auxiliaryRepositoryCheckoutDirectories=[Ljava.lang.String;@1e1e6e97], jobTimingInfo=JobTimingInfo[submissionDate=2025-02-14T23:45:20.235272325Z[Etc/UTC], buildStartDate=2025-02-14T23:45:20.243033812Z[Etc/UTC], buildCompletionDate=2025-02-14T23:45:20.250721018Z[Etc/UTC], estimatedCompletionDate=2025-02-14T23:45:39.243026949Z[Etc/UTC], estimatedDuration=19], buildConfig=BuildConfig[buildScript=#!/bin/bash
cd /var/tmp/testing-dir
chmod +x ./gradlew
./gradlew clean test
, dockerImage=dummy-docker-image:latest, commitHashToBuild=c710d0e68c9c7db8cda7d1a278308de2b9642cc0, assignmentCommitHash=c710d0e68c9c7db8cda7d1a278308de2b9642cc0, testCommitHash=a5e046ece417b2e538f21f816e2524dab61e0d10, branch=main, programmingLanguage=JAVA, projectType=PLAIN_GRADLE, scaEnabled=false, sequentialTestRunsEnabled=false, resultPaths=[/var/tmp/testing-dir/**/test-results/test/*.xml], timeoutSeconds=0, assignmentCheckoutPath=null, testCheckoutPath=null, solutionCheckoutPath=null, dockerRunConfig=null], submissionResult=ResultDTO[id=630, completionDate=2025-02-14T23:45:20.250809893Z[Etc/UTC], successful=false, score=0.0, rated=true, submission=SubmissionDTO[id=823, submitted=true, type=MANUAL, exampleSubmission=null, submissionDate=2025-02-14T23:45:20.211707Z, commitHash=c710d0e68c9c7db8cda7d1a278308de2b9642cc0, buildFailed=true, buildArtifact=false, participation=ParticipationDTO[id=1978, testRun=false, type=solution, submissionCount=null, exercise=ParticipationExerciseDTO[id=2591, exerciseType=PROGRAMMING, type=programming, assessmentType=AUTOMATIC, dueDate=2025-02-16T23:45:18.950569Z, assessmentDueDate=null, maxPoints=42.0, course=CourseDTO[id=974, accuracyOfScores=1]]], submissionExerciseType=programming, isProcessing=false, buildStartDate=null, estimatedCompletionDate=null], participation=ParticipationDTO[id=1978, testRun=false, type=solution, submissionCount=null, exercise=ParticipationExerciseDTO[id=2591, exerciseType=PROGRAMMING, type=programming, assessmentType=AUTOMATIC, dueDate=2025-02-16T23:45:18.950569Z, assessmentDueDate=null, maxPoints=42.0, course=CourseDTO[id=974, accuracyOfScores=1]]], feedbacks=[], assessmentType=AUTOMATIC, hasComplaint=null, exampleResult=null, testCaseCount=0, passedTestCaseCount=0, codeIssueCount=0]], BuildJobQueueItem[id=19781739576720802, name=SHORTB2A6C58B0D447045380A858075B170A5B7C6TSTEXC-SOLUTION, buildAgent=BuildAgentDTO[name=artemis-build-agent-test, memberAddress=[127.0.0.1]:5703, displayName=artemis-build-agent-test], participationId=1978, courseId=974, exerciseId=2591, retryCount=0, priority=2, status=FAILED, repositoryInfo=RepositoryInfo[repositoryName=shortb2a6c58b0d447045380a858075b170a5b7c6tstexc-solution, repositoryType=solution, triggeredByPushTo=tests, assignmentRepositoryUri=http://localhost:49152/git/SHORTB2A6C58B0D447045380A858075B170A5B7C6TSTEXC/shortb2a6c58b0d447045380a858075b170a5b7c6tstexc-solution.git, testRepositoryUri=http://localhost:49152/git/SHORTB2A6C58B0D447045380A858075B170A5B7C6TSTEXC/shortb2a6c58b0d447045380a858075b170a5b7c6tstexc-tests.git, solutionRepositoryUri=null, auxiliaryRepositoryUris=[Ljava.lang.String;@7abbb6c7, auxiliaryRepositoryCheckoutDirectories=[Ljava.lang.String;@440902ad], jobTimingInfo=JobTimingInfo[submissionDate=2025-02-14T23:45:20.802935026Z[Etc/UTC], buildStartDate=2025-02-14T23:45:20.809306435Z[Etc/UTC], buildCompletionDate=2025-02-14T23:45:20.822452342Z[Etc/UTC], estimatedCompletionDate=2025-02-14T23:45:39.809298491Z[Etc/UTC], estimatedDuration=19], buildConfig=BuildConfig[buildScript=#!/bin/bash
cd /var/tmp/testing-dir
chmod +x ./gradlew
./gradlew clean test
, dockerImage=dummy-docker-image:latest, commitHashToBuild=c710d0e68c9c7db8cda7d1a278308de2b9642cc0, assignmentCommitHash=c710d0e68c9c7db8cda7d1a278308de2b9642cc0, testCommitHash=c710d0e68c9c7db8cda7d1a278308de2b9642cc0, branch=main, programmingLanguage=JAVA, projectType=PLAIN_GRADLE, scaEnabled=false, sequentialTestRunsEnabled=false, resultPaths=[/var/tmp/testing-dir/**/test-results/test/*.xml], timeoutSeconds=0, assignmentCheckoutPath=null, testCheckoutPath=null, solutionCheckoutPath=null, dockerRunConfig=null], submissionResult=ResultDTO[id=631, completionDate=2025-02-14T23:45:20.822527362Z[Etc/UTC], successful=false, score=0.0, rated=true, submission=SubmissionDTO[id=824, submitted=true, type=TEST, exampleSubmission=null, submissionDate=2025-02-14T23:45:20.791240Z, commitHash=c710d0e68c9c7db8cda7d1a278308de2b9642cc0, buildFailed=true, buildArtifact=false, participation=ParticipationDTO[id=1978, testRun=false, type=solution, submissionCount=null, exercise=ParticipationExerciseDTO[id=2591, exerciseType=PROGRAMMING, type=programming, assessmentType=AUTOMATIC, dueDate=2025-02-16T23:45:18.950569Z, assessmentDueDate=null, maxPoints=42.0, course=CourseDTO[id=974, accuracyOfScores=1]]], submissionExerciseType=programming, isProcessing=false, buildStartDate=null, estimatedCompletionDate=null], participation=ParticipationDTO[id=1978, testRun=false, type=solution, submissionCount=null, exercise=ParticipationExerciseDTO[id=2591, exerciseType=PROGRAMMING, type=programming, assessmentType=AUTOMATIC, dueDate=2025-02-16T23:45:18.950569Z, assessmentDueDate=null, maxPoints=42.0, course=CourseDTO[id=974, accuracyOfScores=1]]], feedbacks=[], assessmentType=AUTOMATIC, hasComplaint=null, exampleResult=null, testCaseCount=0, passedTestCaseCount=0, codeIssueCount=0]], BuildJobQueueItem[id=20061739576732554, name=SHORT94A899E303D7504C5D0840704DAAFA3DFF4DTSTEXC-LOCALVCCIINTINSTRUCTOR1, buildAgent=BuildAgentDTO[name=artemis-build-agent-test, memberAddress=[127.0.0.1]:5703, displayName=artemis-build-agent-test], participationId=2006, courseId=984, exerciseId=2601, retryCount=0, priority=2, status=SUCCESSFUL, repositoryInfo=RepositoryInfo[repositoryName=short94a899e303d7504c5d0840704daafa3dff4dtstexc-localvcciintinstructor1, repositoryType=user, triggeredByPushTo=user, assignmentRepositoryUri=http://localhost:49152/git/SHORT94A899E303D7504C5D0840704DAAFA3DFF4DTSTEXC/short94a899e303d7504c5d0840704daafa3dff4dtstexc-localvcciintinstructor1.git, testRepositoryUri=http://localhost:49152/git/SHORT94A899E303D7504C5D0840704DAAFA3DFF4DTSTEXC/short94a899e303d7504c5d0840704daafa3dff4dtstexc-tests.git, solutionRepositoryUri=null, auxiliaryRepositoryUris=[Ljava.lang.String;@e5f8b9c, auxiliaryRepositoryCheckoutDirectories=[Ljava.lang.String;@63583616], jobTimingInfo=JobTimingInfo[submissionDate=2025-02-14T23:45:32.554795798Z[Etc/UTC], buildStartDate=2025-02-14T23:45:32.567287465Z[Etc/UTC], buildCompletionDate=2025-02-14T23:45:34.535226768Z[Etc/UTC], estimatedCompletionDate=2025-02-14T23:45:51.567257960Z[Etc/UTC], estimatedDuration=19], buildConfig=BuildConfig[buildScript=#!/bin/bash
cd /var/tmp/testing-dir
chmod +x ./gradlew
./gradlew clean test
, dockerImage=dummy-docker-image:latest, commitHashToBuild=ca2dbc0ae87edf7035058a6a17c0ea60e90a290f, assignmentCommitHash=ca2dbc0ae87edf7035058a6a17c0ea60e90a290f, testCommitHash=0207f6f98af5fbb66ad68455f3fc3cf128af8ae9, branch=main, programmingLanguage=JAVA, projectType=PLAIN_GRADLE, scaEnabled=false, sequentialTestRunsEnabled=false, resultPaths=[/var/tmp/testing-dir/**/test-results/test/*.xml], timeoutSeconds=0, assignmentCheckoutPath=null, testCheckoutPath=null, solutionCheckoutPath=null, dockerRunConfig=null], submissionResult=ResultDTO[id=632, completionDate=2025-02-14T23:45:34.504415716Z[Etc/UTC], successful=false, score=7.7, rated=false, submission=SubmissionDTO[id=826, submitted=true, type=MANUAL, exampleSubmission=null, submissionDate=2025-02-14T23:45:32.541533Z, commitHash=ca2dbc0ae87edf7035058a6a17c0ea60e90a290f, buildFailed=false, buildArtifact=false, participation=ParticipationDTO[id=2006, testRun=true, type=programming, submissionCount=null, exercise=ParticipationExerciseDTO[id=2601, exerciseType=PROGRAMMING, type=programming, assessmentType=AUTOMATIC, dueDate=2025-02-16T23:45:31.864042Z, assessmentDueDate=null, maxPoints=42.0, course=CourseDTO[id=984, accuracyOfScores=1]]], submissionExerciseType=programming, isProcessing=false, buildStartDate=null, estimatedCompletionDate=null], participation=ParticipationDTO[id=2006, testRun=true, type=programming, submissionCount=null, exercise=ParticipationExerciseDTO[id=2601, exerciseType=PROGRAMMING, type=programming, assessmentType=AUTOMATIC, dueDate=2025-02-16T23:45:31.864042Z, assessmentDueDate=null, maxPoints=42.0, course=CourseDTO[id=984, accuracyOfScores=1]]], feedbacks=[FeedbackDTO[id=920, text=null, detailText=The exercise expects a class with the name Context in the package testpackage. You did not implement the class in the exercise., hasLongFeedbackText=false, reference=null, credits=0.0, positive=false, type=AUTOMATIC, visibility=ALWAYS, testCase=TestCaseDTO[testName=null, id=1357]], FeedbackDTO[id=921, text=null, detailText=The exercise expects a class with the name Policy in the package testpackage. You did not implement the class in the exercise., hasLongFeedbackText=false, reference=null, credits=0.0, positive=false, type=AUTOMATIC, visibility=ALWAYS, testCase=TestCaseDTO[testName=null, id=1358]], FeedbackDTO[id=922, text=null, detailText=The exercise expects a class with the name SortStrategy in the package testpackage. You did not implement the class in the exercise., hasLongFeedbackText=false, reference=null, credits=0.0, positive=false, type=AUTOMATIC, visibility=ALWAYS, testCase=TestCaseDTO[testName=null, id=1359]], FeedbackDTO[id=923, text=null, detailText=The class 'MergeSort' does not implement the interface 'SortStrategy' as expected. Implement the interface and its methods., hasLongFeedbackText=false, reference=null, credits=0.0, positive=false, type=AUTOMATIC, visibility=ALWAYS, testCase=TestCaseDTO[testName=null, id=1354]], FeedbackDTO[id=924, text=null, detailText=The exercise expects a class with the name SortStrategy in the package testpackage. You did not implement the class in the exercise., hasLongFeedbackText=false, reference=null, credits=0.0, positive=false, type=AUTOMATIC, visibility=ALWAYS, testCase=TestCaseDTO[testName=null, id=1351]], FeedbackDTO[id=925, text=null, detailText=The class 'BubbleSort' does not implement the interface 'SortStrategy' as expected. Implement the interface and its methods., hasLongFeedbackText=false, reference=null, credits=0.0, positive=false, type=AUTOMATIC, visibility=ALWAYS, testCase=TestCaseDTO[testName=null, id=1355]], FeedbackDTO[id=926, text=null, detailText=MergeSort does not sort correctly, hasLongFeedbackText=false, reference=null, credits=0.0, positive=false, type=AUTOMATIC, visibility=ALWAYS, testCase=TestCaseDTO[testName=null, id=1360]], FeedbackDTO[id=927, text=null, detailText=The class 'Context' was not found within the submission. Make sure to implement it properly., hasLongFeedbackText=false, reference=null, credits=0.0, positive=false, type=AUTOMATIC, visibility=ALWAYS, testCase=TestCaseDTO[testName=null, id=1361]], FeedbackDTO[id=928, text=null, detailText=The class 'Context' was not found within the submission. Make sure to implement it properly., hasLongFeedbackText=false, reference=null, credits=0.0, positive=false, type=AUTOMATIC, visibility=ALWAYS, testCase=TestCaseDTO[testName=null, id=1362]], FeedbackDTO[id=929, text=null, detailText=The exercise expects a class with the name Policy in the package testpackage. You did not implement the class in the exercise., hasLongFeedbackText=false, reference=null, credits=0.0, positive=false, type=AUTOMATIC, visibility=ALWAYS, testCase=TestCaseDTO[testName=null, id=1356]], FeedbackDTO[id=930, text=null, detailText=The exercise expects a class with the name Context in the package testpackage. You did not implement the class in the exercise., hasLongFeedbackText=false, reference=null, credits=0.0, positive=false, type=AUTOMATIC, visibility=ALWAYS, testCase=TestCaseDTO[testName=null, id=1352]], FeedbackDTO[id=931, text=null, detailText=The exercise expects a class with the name Policy in the package testpackage. You did not implement the class in the exercise., hasLongFeedbackText=false, reference=null, credits=0.0, positive=false, type=AUTOMATIC, visibility=ALWAYS, testCase=TestCaseDTO[testName=null, id=1353]], FeedbackDTO[id=932, text=null, detailText=null, hasLongFeedbackText=false, reference=null, credits=3.230769230769231, positive=true, type=AUTOMATIC, visibility=ALWAYS, testCase=TestCaseDTO[testName=null, id=1363]]], assessmentType=AUTOMATIC, hasComplaint=null, exampleResult=null, testCaseCount=13, passedTestCaseCount=1, codeIssueCount=0]], BuildJobQueueItem[id=20111739576737317, name=SHORTD49A6DAE04F9E049850BD5601663FD17A5B7TSTEXC-BASE, buildAgent=BuildAgentDTO[name=artemis-build-agent-test, memberAddress=[127.0.0.1]:5703, displayName=artemis-build-agent-test], participationId=2011, courseId=986, exerciseId=2603, retryCount=0, priority=2, status=SUCCESSFUL, repositoryInfo=RepositoryInfo[repositoryName=shortd49a6dae04f9e049850bd5601663fd17a5b7tstexc-exercise, repositoryType=exercise, triggeredByPushTo=exercise, assignmentRepositoryUri=http://localhost:49152/git/SHORTD49A6DAE04F9E049850BD5601663FD17A5B7TSTEXC/shortd49a6dae04f9e049850bd5601663fd17a5b7tstexc-exercise.git, testRepositoryUri=http://localhost:49152/git/SHORTD49A6DAE04F9E049850BD5601663FD17A5B7TSTEXC/shortd49a6dae04f9e049850bd5601663fd17a5b7tstexc-tests.git, solutionRepositoryUri=null, auxiliaryRepositoryUris=[Ljava.lang.String;@44f2b934, auxiliaryRepositoryCheckoutDirectories=[Ljava.lang.String;@4862d76d], jobTimingInfo=JobTimingInfo[submissionDate=2025-02-14T23:45:37.317968648Z[Etc/UTC], buildStartDate=2025-02-14T23:45:37.324534774Z[Etc/UTC], buildCompletionDate=2025-02-14T23:45:38.527225461Z[Etc/UTC], estimatedCompletionDate=2025-02-14T23:45:56.324506331Z[Etc/UTC], estimatedDuration=19], buildConfig=BuildConfig[buildScript=#!/bin/bash
cd /var/tmp/testing-dir
chmod +x ./gradlew
./gradlew clean test
, dockerImage=dummy-docker-image:latest, commitHashToBuild=c795243c185829bbefa399f45dcbcfac22311b2f, assignmentCommitHash=c795243c185829bbefa399f45dcbcfac22311b2f, testCommitHash=fa8b162170bf767d852e05e0eb7a128efa2e1f34, branch=main, programmingLanguage=JAVA, projectType=PLAIN_GRADLE, scaEnabled=false, sequentialTestRunsEnabled=false, resultPaths=[/var/tmp/testing-dir/**/test-results/test/*.xml], timeoutSeconds=0, assignmentCheckoutPath=null, testCheckoutPath=null, solutionCheckoutPath=null, dockerRunConfig=null], submissionResult=ResultDTO[id=633, completionDate=2025-02-14T23:45:38.476795726Z[Etc/UTC], successful=false, score=0.0, rated=true, submission=SubmissionDTO[id=827, submitted=true, type=MANUAL, exampleSubmission=null, submissionDate=2025-02-14T23:45:37.303401Z, commitHash=c795243c185829bbefa399f45dcbcfac22311b2f, buildFailed=false, buildArtifact=false, participation=ParticipationDTO[id=2011, testRun=false, type=template, submissionCount=null, exercise=ParticipationExerciseDTO[id=2603, exerciseType=PROGRAMMING, type=programming, assessmentType=AUTOMATIC, dueDate=2025-02-16T23:45:36.830269Z, assessmentDueDate=null, maxPoints=42.0, course=CourseDTO[id=986, accuracyOfScores=1]]], submissionExerciseType=programming, isProcessing=false, buildStartDate=null, estimatedCompletionDate=null], participation=ParticipationDTO[id=2011, testRun=false, type=template, submissionCount=null, exercise=ParticipationExerciseDTO[id=2603, exerciseType=PROGRAMMING, type=programming, assessmentType=AUTOMATIC, dueDate=2025-02-16T23:45:36.830269Z, assessmentDueDate=null, maxPoints=42.0, course=CourseDTO[id=986, accuracyOfScores=1]]], feedbacks=[FeedbackDTO[id=933, text=null, detailText=The exercise expects a class with the name Context in the package testpackage. You did not implement the class in the exercise., hasLongFeedbackText=false, reference=null, credits=0.0, positive=false, type=AUTOMATIC, visibility=ALWAYS, testCase=TestCaseDTO[testName=testMethods[Context], id=1383]], FeedbackDTO[id=934, text=null, detailText=The exercise expects a class with the name Policy in the package testpackage. You did not implement the class in the exercise., hasLongFeedbackText=false, reference=null, credits=0.0, positive=false, type=AUTOMATIC, visibility=ALWAYS, testCase=TestCaseDTO[testName=testMethods[Policy], id=1384]], FeedbackDTO[id=935, text=null, detailText=The exercise expects a class with the name SortStrategy in the package testpackage. You did not implement the class in the exercise., hasLongFeedbackText=false, reference=null, credits=0.0, positive=false, type=AUTOMATIC, visibility=ALWAYS, testCase=TestCaseDTO[testName=testMethods[SortStrategy], id=1385]], FeedbackDTO[id=936, text=null, detailText=The class 'MergeSort' does not implement the interface 'SortStrategy' as expected. Implement the interface and its methods., hasLongFeedbackText=false, reference=null, credits=0.0, positive=false, type=AUTOMATIC, visibility=ALWAYS, testCase=TestCaseDTO[testName=testClass[MergeSort], id=1380]], FeedbackDTO[id=937, text=null, detailText=The exercise expects a class with the name SortStrategy in the package testpackage. You did not implement the class in the exercise., hasLongFeedbackText=false, reference=null, credits=0.0, positive=false, type=AUTOMATIC, visibility=ALWAYS, testCase=TestCaseDTO[testName=testClass[SortStrategy], id=1377]], FeedbackDTO[id=938, text=null, detailText=The class 'BubbleSort' does not implement the interface 'SortStrategy' as expected. Implement the interface and its methods., hasLongFeedbackText=false, reference=null, credits=0.0, positive=false, type=AUTOMATIC, visibility=ALWAYS, testCase=TestCaseDTO[testName=testClass[BubbleSort], id=1381]], FeedbackDTO[id=939, text=null, detailText=MergeSort does not sort correctly, hasLongFeedbackText=false, reference=null, credits=0.0, positive=false, type=AUTOMATIC, visibility=ALWAYS, testCase=TestCaseDTO[testName=testMergeSort(), id=1386]], FeedbackDTO[id=940, text=null, detailText=The class 'Context' was not found within the submission. Make sure to implement it properly., hasLongFeedbackText=false, reference=null, credits=0.0, positive=false, type=AUTOMATIC, visibility=ALWAYS, testCase=TestCaseDTO[testName=testUseBubbleSortForSmallList(), id=1387]], FeedbackDTO[id=941, text=null, detailText=BubbleSort does not sort correctly, hasLongFeedbackText=false, reference=null, credits=0.0, positive=false, type=AUTOMATIC, visibility=ALWAYS, testCase=TestCaseDTO[testName=testBubbleSort(), id=1389]], FeedbackDTO[id=942, text=null, detailText=The class 'Context' was not found within the submission. Make sure to implement it properly., hasLongFeedbackText=false, reference=null, credits=0.0, positive=false, type=AUTOMATIC, visibility=ALWAYS, testCase=TestCaseDTO[testName=testUseMergeSortForBigList(), id=1388]], FeedbackDTO[id=943, text=null, detailText=The exercise expects a class with the name Policy in the package testpackage. You did not implement the class in the exercise., hasLongFeedbackText=false, reference=null, credits=0.0, positive=false, type=AUTOMATIC, visibility=ALWAYS, testCase=TestCaseDTO[testName=testConstructors[Policy], id=1382]], FeedbackDTO[id=944, text=null, detailText=The exercise expects a class with the name Context in the package testpackage. You did not implement the class in the exercise., hasLongFeedbackText=false, reference=null, credits=0.0, positive=false, type=AUTOMATIC, visibility=ALWAYS, testCase=TestCaseDTO[testName=testAttributes[Context], id=1378]], FeedbackDTO[id=945, text=null, detailText=The exercise expects a class with the name Policy in the package testpackage. You did not implement the class in the exercise., hasLongFeedbackText=false, reference=null, credits=0.0, positive=false, type=AUTOMATIC, visibility=ALWAYS, testCase=TestCaseDTO[testName=testAttributes[Policy], id=1379]]], assessmentType=AUTOMATIC, hasComplaint=null, exampleResult=null, testCaseCount=13, passedTestCaseCount=0, codeIssueCount=0]], BuildJobQueueItem[id=20171739576740018, name=SHORT7914AFA00ADC3047140B99D01AC07810CE44TSTEXC-LOCALVCCIINTSTUDENT1, buildAgent=BuildAgentDTO[name=artemis-build-agent-test, memberAddress=[127.0.0.1]:5703, displayName=artemis-build-agent-test], participationId=2017, courseId=988, exerciseId=2605, retryCount=0, priority=2, status=SUCCESSFUL, repositoryInfo=RepositoryInfo[repositoryName=short7914afa00adc3047140b99d01ac07810ce44tstexc-practice-localvcciintstudent1, repositoryType=user, triggeredByPushTo=user, assignmentRepositoryUri=http://localhost:49152/git/SHORT7914AFA00ADC3047140B99D01AC07810CE44TSTEXC/short7914afa00adc3047140b99d01ac07810ce44tstexc-practice-localvcciintstudent1.git, testRepositoryUri=http://localhost:49152/git/SHORT7914AFA00ADC3047140B99D01AC07810CE44TSTEXC/short7914afa00adc3047140b99d01ac07810ce44tstexc-tests.git, solutionRepositoryUri=null, auxiliaryRepositoryUris=[Ljava.lang.String;@3a93b696, auxiliaryRepositoryCheckoutDirectories=[Ljava.lang.String;@18d9cf54], jobTimingInfo=JobTimingInfo[submissionDate=2025-02-14T23:45:40.018961253Z[Etc/UTC], buildStartDate=2025-02-14T23:45:40.029742701Z[Etc/UTC], buildCompletionDate=2025-02-14T23:45:41.150208242Z[Etc/UTC], estimatedCompletionDate=2025-02-14T23:45:59.029734065Z[Etc/UTC], estimatedDuration=19], buildConfig=BuildConfig[buildScript=#!/bin/bash
cd /var/tmp/testing-dir
chmod +x ./gradlew
./gradlew clean test
, dockerImage=dummy-docker-image:latest, commitHashToBuild=d80b57877989b971e83ccdb4863c8a7023c76266, assignmentCommitHash=d80b57877989b971e83ccdb4863c8a7023c76266, testCommitHash=327b116890c92b1312314341f43f21ef13ecf7d7, branch=main, programmingLanguage=JAVA, projectType=PLAIN_GRADLE, scaEnabled=false, sequentialTestRunsEnabled=false, resultPaths=[/var/tmp/testing-dir/**/test-results/test/*.xml], timeoutSeconds=0, assignmentCheckoutPath=null, testCheckoutPath=null, solutionCheckoutPath=null, dockerRunConfig=null], submissionResult=ResultDTO[id=634, completionDate=2025-02-14T23:45:41.120192603Z[Etc/UTC], successful=false, score=7.7, rated=false, submission=SubmissionDTO[id=828, submitted=true, type=MANUAL, exampleSubmission=null, submissionDate=2025-02-14T23:45:40.008666Z, commitHash=d80b57877989b971e83ccdb4863c8a7023c76266, buildFailed=false, buildArtifact=false, participation=ParticipationDTO[id=2017, testRun=true, type=programming, submissionCount=null, exercise=ParticipationExerciseDTO[id=2605, exerciseType=PROGRAMMING, type=programming, assessmentType=AUTOMATIC, dueDate=2025-02-16T23:45:39.523500Z, assessmentDueDate=null, maxPoints=42.0, course=CourseDTO[id=988, accuracyOfScores=1]]], submissionExerciseType=programming, isProcessing=false, buildStartDate=null, estimatedCompletionDate=null], participation=ParticipationDTO[id=2017, testRun=true, type=programming, submissionCount=null, exercise=ParticipationExerciseDTO[id=2605, exerciseType=PROGRAMMING, type=programming, assessmentType=AUTOMATIC, dueDate=2025-02-16T23:45:39.523500Z, assessmentDueDate=null, maxPoints=42.0, course=CourseDTO[id=988, accuracyOfScores=1]]], feedbacks=[FeedbackDTO[id=946, text=null, detailText=The exercise expects a class with the name Context in the package testpackage. You did not implement the class in the exercise., hasLongFeedbackText=false, reference=null, credits=0.0, positive=false, type=AUTOMATIC, visibility=ALWAYS, testCase=TestCaseDTO[testName=null, id=1409]], FeedbackDTO[id=947, text=null, detailText=The exercise expects a class with the name Policy in the package testpackage. You did not implement the class in the exercise., hasLongFeedbackText=false, reference=null, credits=0.0, positive=false, type=AUTOMATIC, visibility=ALWAYS, testCase=TestCaseDTO[testName=null, id=1410]], FeedbackDTO[id=948, text=null, detailText=The exercise expects a class with the name SortStrategy in the package testpackage. You did not implement the class in the exercise., hasLongFeedbackText=false, reference=null, credits=0.0, positive=false, type=AUTOMATIC, visibility=ALWAYS, testCase=TestCaseDTO[testName=null, id=1411]], FeedbackDTO[id=949, text=null, detailText=The class 'MergeSort' does not implement the interface 'SortStrategy' as expected. Implement the interface and its methods., hasLongFeedbackText=false, reference=null, credits=0.0, positive=false, type=AUTOMATIC, visibility=ALWAYS, testCase=TestCaseDTO[testName=null, id=1406]], FeedbackDTO[id=950, text=null, detailText=The exercise expects a class with the name SortStrategy in the package testpackage. You did not implement the class in the exercise., hasLongFeedbackText=false, reference=null, credits=0.0, positive=false, type=AUTOMATIC, visibility=ALWAYS, testCase=TestCaseDTO[testName=null, id=1403]], FeedbackDTO[id=951, text=null, detailText=The class 'BubbleSort' does not implement the interface 'SortStrategy' as expected. Implement the interface and its methods., hasLongFeedbackText=false, reference=null, credits=0.0, positive=false, type=AUTOMATIC, visibility=ALWAYS, testCase=TestCaseDTO[testName=null, id=1407]], FeedbackDTO[id=952, text=null, detailText=MergeSort does not sort correctly, hasLongFeedbackText=false, reference=null, credits=0.0, positive=false, type=AUTOMATIC, visibility=ALWAYS, testCase=TestCaseDTO[testName=null, id=1412]], FeedbackDTO[id=953, text=null, detailText=The class 'Context' was not found within the submission. Make sure to implement it properly., hasLongFeedbackText=false, reference=null, credits=0.0, positive=false, type=AUTOMATIC, visibility=ALWAYS, testCase=TestCaseDTO[testName=null, id=1413]], FeedbackDTO[id=954, text=null, detailText=The class 'Context' was not found within the submission. Make sure to implement it properly., hasLongFeedbackText=false, reference=null, credits=0.0, positive=false, type=AUTOMATIC, visibility=ALWAYS, testCase=TestCaseDTO[testName=null, id=1414]], FeedbackDTO[id=955, text=null, detailText=The exercise expects a class with the name Policy in the package testpackage. You did not implement the class in the exercise., hasLongFeedbackText=false, reference=null, credits=0.0, positive=false, type=AUTOMATIC, visibility=ALWAYS, testCase=TestCaseDTO[testName=null, id=1408]], FeedbackDTO[id=956, text=null, detailText=The exercise expects a class with the name Context in the package testpackage. You did not implement the class in the exercise., hasLongFeedbackText=false, reference=null, credits=0.0, positive=false, type=AUTOMATIC, visibility=ALWAYS, testCase=TestCaseDTO[testName=null, id=1404]], FeedbackDTO[id=957, text=null, detailText=The exercise expects a class with the name Policy in the package testpackage. You did not implement the class in the exercise., hasLongFeedbackText=false, reference=null, credits=0.0, positive=false, type=AUTOMATIC, visibility=ALWAYS, testCase=TestCaseDTO[testName=null, id=1405]], FeedbackDTO[id=958, text=null, detailText=null, hasLongFeedbackText=false, reference=null, credits=3.230769230769231, positive=true, type=AUTOMATIC, visibility=ALWAYS, testCase=TestCaseDTO[testName=null, id=1415]]], assessmentType=AUTOMATIC, hasComplaint=null, exampleResult=null, testCaseCount=13, passedTestCaseCount=1, codeIssueCount=0]], BuildJobQueueItem[id=20261739576743984, name=SHORT53C73BE505404043100AC2F00C039353CE8FTSTEXC-LOCALVCCIINTSTUDENT1, buildAgent=BuildAgentDTO[name=artemis-build-agent-test, memberAddress=[127.0.0.1]:5703, displayName=artemis-build-agent-test], participationId=2026, courseId=991, exerciseId=2608, retryCount=0, priority=1, status=SUCCESSFUL, repositoryInfo=RepositoryInfo[repositoryName=short53c73be505404043100ac2f00c039353ce8ftstexc-localvcciintstudent1, repositoryType=user, triggeredByPushTo=user, assignmentRepositoryUri=http://localhost:49152/git/SHORT53C73BE505404043100AC2F00C039353CE8FTSTEXC/short53c73be505404043100ac2f00c039353ce8ftstexc-localvcciintstudent1.git, testRepositoryUri=http://localhost:49152/git/SHORT53C73BE505404043100AC2F00C039353CE8FTSTEXC/short53c73be505404043100ac2f00c039353ce8ftstexc-tests.git, solutionRepositoryUri=null, auxiliaryRepositoryUris=[Ljava.lang.String;@49b3ee62, auxiliaryRepositoryCheckoutDirectories=[Ljava.lang.String;@17348186], jobTimingInfo=JobTimingInfo[submissionDate=2025-02-14T23:45:43.984518859Z[Etc/UTC], buildStartDate=2025-02-14T23:45:43.991385682Z[Etc/UTC], buildCompletionDate=2025-02-14T23:45:44.982059928Z[Etc/UTC], estimatedCompletionDate=2025-02-14T23:46:02.991380122Z[Etc/UTC], estimatedDuration=19], buildConfig=BuildConfig[buildScript=#!/bin/bash
cd /var/tmp/testing-dir
chmod +x ./gradlew
./gradlew clean test
, dockerImage=dummy-docker-image:latest, commitHashToBuild=3e90ae9fef2e44ffb41451a080bdaa6a44ad6848, assignmentCommitHash=3e90ae9fef2e44ffb41451a080bdaa6a44ad6848, testCommitHash=0582754c87aae13e640312855ce7dbe490ecb50c, branch=main, programmingLanguage=JAVA, projectType=PLAIN_GRADLE, scaEnabled=false, sequentialTestRunsEnabled=false, resultPaths=[/var/tmp/testing-dir/**/test-results/test/*.xml], timeoutSeconds=0, assignmentCheckoutPath=null, testCheckoutPath=null, solutionCheckoutPath=null, dockerRunConfig=null], submissionResult=ResultDTO[id=635, completionDate=2025-02-14T23:45:44.961313737Z[Etc/UTC], successful=false, score=7.7, rated=true, submission=SubmissionDTO[id=829, submitted=true, type=MANUAL, exampleSubmission=null, submissionDate=2025-02-14T23:45:43.967766Z, commitHash=3e90ae9fef2e44ffb41451a080bdaa6a44ad6848, buildFailed=false, buildArtifact=false, participation=ParticipationDTO[id=2026, testRun=false, type=programming, submissionCount=null, exercise=ParticipationExerciseDTO[id=2608, exerciseType=PROGRAMMING, type=programming, assessmentType=AUTOMATIC, dueDate=2025-02-16T23:45:43.597978Z, assessmentDueDate=null, maxPoints=42.0, course=CourseDTO[id=991, accuracyOfScores=1]]], submissionExerciseType=programming, isProcessing=false, buildStartDate=null, estimatedCompletionDate=null], participation=ParticipationDTO[id=2026, testRun=false, type=programming, submissionCount=null, exercise=ParticipationExerciseDTO[id=2608, exerciseType=PROGRAMMING, type=programming, assessmentType=AUTOMATIC, dueDate=2025-02-16T23:45:43.597978Z, assessmentDueDate=null, maxPoints=42.0, course=CourseDTO[id=991, accuracyOfScores=1]]], feedbacks=[FeedbackDTO[id=959, text=null, detailText=The exercise expects a class with the name Context in the package testpackage. You did not implement the class in the exercise., hasLongFeedbackText=false, reference=null, credits=0.0, positive=false, type=AUTOMATIC, visibility=ALWAYS, testCase=TestCaseDTO[testName=null, id=1448]], FeedbackDTO[id=960, text=null, detailText=The exercise expects a class with the name Policy in the package testpackage. You did not implement the class in the exercise., hasLongFeedbackText=false, reference=null, credits=0.0, positive=false, type=AUTOMATIC, visibility=ALWAYS, testCase=TestCaseDTO[testName=null, id=1449]], FeedbackDTO[id=961, text=null, detailText=The exercise expects a class with the name SortStrategy in the package testpackage. You did not implement the class in the exercise., hasLongFeedbackText=false, reference=null, credits=0.0, positive=false, type=AUTOMATIC, visibility=ALWAYS, testCase=TestCaseDTO[testName=null, id=1450]], FeedbackDTO[id=962, text=null, detailText=The class 'MergeSort' does not implement the interface 'SortStrategy' as expected. Implement the interface and its methods., hasLongFeedbackText=false, reference=null, credits=0.0, positive=false, type=AUTOMATIC, visibility=ALWAYS, testCase=TestCaseDTO[testName=null, id=1445]], FeedbackDTO[id=963, text=null, detailText=The exercise expects a class with the name SortStrategy in the package testpackage. You did not implement the class in the exercise., hasLongFeedbackText=false, reference=null, credits=0.0, positive=false, type=AUTOMATIC, visibility=ALWAYS, testCase=TestCaseDTO[testName=null, id=1442]], FeedbackDTO[id=964, text=null, detailText=The class 'BubbleSort' does not implement the interface 'SortStrategy' as expected. Implement the interface and its methods., hasLongFeedbackText=false, reference=null, credits=0.0, positive=false, type=AUTOMATIC, visibility=ALWAYS, testCase=TestCaseDTO[testName=null, id=1446]], FeedbackDTO[id=965, text=null, detailText=MergeSort does not sort correctly, hasLongFeedbackText=false, reference=null, credits=0.0, positive=false, type=AUTOMATIC, visibility=ALWAYS, testCase=TestCaseDTO[testName=null, id=1451]], FeedbackDTO[id=966, text=null, detailText=The class 'Context' was not found within the submission. Make sure to implement it properly., hasLongFeedbackText=false, reference=null, credits=0.0, positive=false, type=AUTOMATIC, visibility=ALWAYS, testCase=TestCaseDTO[testName=null, id=1452]], FeedbackDTO[id=967, text=null, detailText=The class 'Context' was not found within the submission. Make sure to implement it properly., hasLongFeedbackText=false, reference=null, credits=0.0, positive=false, type=AUTOMATIC, visibility=ALWAYS, testCase=TestCaseDTO[testName=null, id=1453]], FeedbackDTO[id=968, text=null, detailText=The exercise expects a class with the name Policy in the package testpackage. You did not implement the class in the exercise., hasLongFeedbackText=false, reference=null, credits=0.0, positive=false, type=AUTOMATIC, visibility=ALWAYS, testCase=TestCaseDTO[testName=null, id=1447]], FeedbackDTO[id=969, text=null, detailText=The exercise expects a class with the name Context in the package testpackage. You did not implement the class in the exercise., hasLongFeedbackText=false, reference=null, credits=0.0, positive=false, type=AUTOMATIC, visibility=ALWAYS, testCase=TestCaseDTO[testName=null, id=1443]], FeedbackDTO[id=970, text=null, detailText=The exercise expects a class with the name Policy in the package testpackage. You did not implement the class in the exercise., hasLongFeedbackText=false, reference=null, credits=0.0, positive=false, type=AUTOMATIC, visibility=ALWAYS, testCase=TestCaseDTO[testName=null, id=1444]], FeedbackDTO[id=971, text=null, detailText=null, hasLongFeedbackText=false, reference=null, credits=3.230769230769231, positive=true, type=AUTOMATIC, visibility=ALWAYS, testCase=TestCaseDTO[testName=null, id=1454]]], assessmentType=AUTOMATIC, hasComplaint=null, exampleResult=null, testCaseCount=13, passedTestCaseCount=1, codeIssueCount=0]], BuildJobQueueItem[id=20271739576746886, name=SHORT0FC863930E92904248098A506171F81CF6CFTSTEXC-SOLUTION, buildAgent=BuildAgentDTO[name=artemis-build-agent-test, memberAddress=[127.0.0.1]:5703, displayName=artemis-build-agent-test], participationId=2027, courseId=992, exerciseId=2609, retryCount=0, priority=2, status=SUCCESSFUL, repositoryInfo=RepositoryInfo[repositoryName=short0fc863930e92904248098a506171f81cf6cftstexc-solution, repositoryType=solution, triggeredByPushTo=auxiliary, assignmentRepositoryUri=http://localhost:49152/git/SHORT0FC863930E92904248098A506171F81CF6CFTSTEXC/short0fc863930e92904248098a506171f81cf6cftstexc-solution.git, testRepositoryUri=http://localhost:49152/git/SHORT0FC863930E92904248098A506171F81CF6CFTSTEXC/short0fc863930e92904248098a506171f81cf6cftstexc-tests.git, solutionRepositoryUri=null, auxiliaryRepositoryUris=[Ljava.lang.String;@3034a2f0, auxiliaryRepositoryCheckoutDirectories=[Ljava.lang.String;@664168cd], jobTimingInfo=JobTimingInfo[submissionDate=2025-02-14T23:45:46.886984066Z[Etc/UTC], buildStartDate=2025-02-14T23:45:46.897709578Z[Etc/UTC], buildCompletionDate=2025-02-14T23:45:48.628460156Z[Etc/UTC], estimatedCompletionDate=2025-02-14T23:46:05.897701272Z[Etc/UTC], estimatedDuration=19], buildConfig=BuildConfig[buildScript=#!/bin/bash
cd /var/tmp/testing-dir
chmod +x ./gradlew
./gradlew clean test
, dockerImage=dummy-docker-image:latest, commitHashToBuild=null, assignmentCommitHash=115a2e943bee242fdad360b50d8ad5f30792577e, testCommitHash=9b3a9bd71a0d80e5bbc42204c319ed3d1d4f0d6d, branch=main, programmingLanguage=JAVA, projectType=PLAIN_GRADLE, scaEnabled=false, sequentialTestRunsEnabled=false, resultPaths=[/var/tmp/testing-dir/**/test-results/test/*.xml], timeoutSeconds=0, assignmentCheckoutPath=null, testCheckoutPath=null, solutionCheckoutPath=null, dockerRunConfig=null], submissionResult=ResultDTO[id=636, completionDate=2025-02-14T23:45:48.593370968Z[Etc/UTC], successful=true, score=100.0, rated=true, submission=SubmissionDTO[id=830, submitted=true, type=TEST, exampleSubmission=null, submissionDate=2025-02-14T23:45:46.873671Z, commitHash=9b3a9bd71a0d80e5bbc42204c319ed3d1d4f0d6d, buildFailed=false, buildArtifact=false, participation=ParticipationDTO[id=2027, testRun=false, type=solution, submissionCount=null, exercise=ParticipationExerciseDTO[id=2609, exerciseType=PROGRAMMING, type=programming, assessmentType=AUTOMATIC, dueDate=2025-02-16T23:45:46.386304Z, assessmentDueDate=null, maxPoints=42.0, course=CourseDTO[id=992, accuracyOfScores=1]]], submissionExerciseType=programming, isProcessing=false, buildStartDate=null, estimatedCompletionDate=null], participation=ParticipationDTO[id=2027, testRun=false, type=solution, submissionCount=null, exercise=ParticipationExerciseDTO[id=2609, exerciseType=PROGRAMMING, type=programming, assessmentType=AUTOMATIC, dueDate=2025-02-16T23:45:46.386304Z, assessmentDueDate=null, maxPoints=42.0, course=CourseDTO[id=992, accuracyOfScores=1]]], feedbacks=[FeedbackDTO[id=972, text=null, detailText=null, hasLongFeedbackText=false, reference=null, credits=3.230769230769231, positive=true, type=AUTOMATIC, visibility=ALWAYS, testCase=TestCaseDTO[testName=testMethods[Context], id=1461]], FeedbackDTO[id=973, text=null, detailText=null, hasLongFeedbackText=false, reference=null, credits=3.230769230769231, positive=true, type=AUTOMATIC, visibility=ALWAYS, testCase=TestCaseDTO[testName=testMethods[Policy], id=1462]], FeedbackDTO[id=974, text=null, detailText=null, hasLongFeedbackText=false, reference=null, credits=3.230769230769231, positive=true, type=AUTOMATIC, visibility=ALWAYS, testCase=TestCaseDTO[testName=testMethods[SortStrategy], id=1463]], FeedbackDTO[id=975, text=null, detailText=null, hasLongFeedbackText=false, reference=null, credits=3.230769230769231, positive=true, type=AUTOMATIC, visibility=ALWAYS, testCase=TestCaseDTO[testName=testClass[MergeSort], id=1458]], FeedbackDTO[id=976, text=null, detailText=null, hasLongFeedbackText=false, reference=null, credits=3.230769230769231, positive=true, type=AUTOMATIC, visibility=ALWAYS, testCase=TestCaseDTO[testName=testClass[SortStrategy], id=1455]], FeedbackDTO[id=977, text=null, detailText=null, hasLongFeedbackText=false, reference=null, credits=3.230769230769231, positive=true, type=AUTOMATIC, visibility=ALWAYS, testCase=TestCaseDTO[testName=testClass[BubbleSort], id=1459]], FeedbackDTO[id=978, text=null, detailText=null, hasLongFeedbackText=false, reference=null, credits=3.230769230769231, positive=true, type=AUTOMATIC, visibility=ALWAYS, testCase=TestCaseDTO[testName=testMergeSort(), id=1464]], FeedbackDTO[id=979, text=null, detailText=null, hasLongFeedbackText=false, reference=null, credits=3.230769230769231, positive=true, type=AUTOMATIC, visibility=ALWAYS, testCase=TestCaseDTO[testName=testUseBubbleSortForSmallList(), id=1465]], FeedbackDTO[id=980, text=null, detailText=null, hasLongFeedbackText=false, reference=null, credits=3.230769230769231, positive=true, type=AUTOMATIC, visibility=ALWAYS, testCase=TestCaseDTO[testName=testBubbleSort(), id=1467]], FeedbackDTO[id=981, text=null, detailText=null, hasLongFeedbackText=false, reference=null, credits=3.230769230769231, positive=true, type=AUTOMATIC, visibility=ALWAYS, testCase=TestCaseDTO[testName=testUseMergeSortForBigList(), id=1466]], FeedbackDTO[id=982, text=null, detailText=null, hasLongFeedbackText=false, reference=null, credits=3.230769230769231, positive=true, type=AUTOMATIC, visibility=ALWAYS, testCase=TestCaseDTO[testName=testConstructors[Policy], id=1460]], FeedbackDTO[id=983, text=null, detailText=null, hasLongFeedbackText=false, reference=null, credits=3.230769230769231, positive=true, type=AUTOMATIC, visibility=ALWAYS, testCase=TestCaseDTO[testName=testAttributes[Context], id=1456]], FeedbackDTO[id=984, text=null, detailText=null, hasLongFeedbackText=false, reference=null, credits=3.230769230769231, positive=true, type=AUTOMATIC, visibility=ALWAYS, testCase=TestCaseDTO[testName=testAttributes[Policy], id=1457]]], assessmentType=AUTOMATIC, hasComplaint=null, exampleResult=null, testCaseCount=13, passedTestCaseCount=13, codeIssueCount=0]], BuildJobQueueItem[id=20281739576748768, name=SHORT0FC863930E92904248098A506171F81CF6CFTSTEXC-BASE, buildAgent=BuildAgentDTO[name=artemis-build-agent-test, memberAddress=[127.0.0.1]:5703, displayName=artemis-build-agent-test], participationId=2028, courseId=992, exerciseId=2609, retryCount=0, priority=2, status=SUCCESSFUL, repositoryInfo=RepositoryInfo[repositoryName=short0fc863930e92904248098a506171f81cf6cftstexc-exercise, repositoryType=exercise, triggeredByPushTo=auxiliary, assignmentRepositoryUri=http://localhost:49152/git/SHORT0FC863930E92904248098A506171F81CF6CFTSTEXC/short0fc863930e92904248098a506171f81cf6cftstexc-exercise.git, testRepositoryUri=http://localhost:49152/git/SHORT0FC863930E92904248098A506171F81CF6CFTSTEXC/short0fc863930e92904248098a506171f81cf6cftstexc-tests.git, solutionRepositoryUri=null, auxiliaryRepositoryUris=[Ljava.lang.String;@30574a99, auxiliaryRepositoryCheckoutDirectories=[Ljava.lang.String;@3dcc5a4], jobTimingInfo=JobTimingInfo[submissionDate=2025-02-14T23:45:48.768063548Z[Etc/UTC], buildStartDate=2025-02-14T23:45:48.802531989Z[Etc/UTC], buildCompletionDate=2025-02-14T23:45:50.482681367Z[Etc/UTC], estimatedCompletionDate=2025-02-14T23:45:50.802523092Z[Etc/UTC], estimatedDuration=2], buildConfig=BuildConfig[buildScript=#!/bin/bash
cd /var/tmp/testing-dir
chmod +x ./gradlew
./gradlew clean test
, dockerImage=dummy-docker-image:latest, commitHashToBuild=9b3a9bd71a0d80e5bbc42204c319ed3d1d4f0d6d, assignmentCommitHash=115a2e943bee242fdad360b50d8ad5f30792577e, testCommitHash=9b3a9bd71a0d80e5bbc42204c319ed3d1d4f0d6d, branch=main, programmingLanguage=JAVA, projectType=PLAIN_GRADLE, scaEnabled=false, sequentialTestRunsEnabled=false, resultPaths=[/var/tmp/testing-dir/**/test-results/test/*.xml], timeoutSeconds=0, assignmentCheckoutPath=null, testCheckoutPath=null, solutionCheckoutPath=null, dockerRunConfig=null], submissionResult=ResultDTO[id=637, completionDate=2025-02-14T23:45:50.449084694Z[Etc/UTC], successful=false, score=0.0, rated=true, submission=SubmissionDTO[id=831, submitted=true, type=TEST, exampleSubmission=null, submissionDate=2025-02-14T23:45:48.761177Z, commitHash=9b3a9bd71a0d80e5bbc42204c319ed3d1d4f0d6d, buildFailed=false, buildArtifact=false, participation=ParticipationDTO[id=2028, testRun=false, type=template, submissionCount=null, exercise=ParticipationExerciseDTO[id=2609, exerciseType=PROGRAMMING, type=programming, assessmentType=AUTOMATIC, dueDate=2025-02-16T23:45:46.386304Z, assessmentDueDate=null, maxPoints=42.0, course=CourseDTO[id=992, accuracyOfScores=1]]], submissionExerciseType=programming, isProcessing=false, buildStartDate=null, estimatedCompletionDate=null], participation=ParticipationDTO[id=2028, testRun=false, type=template, submissionCount=null, exercise=ParticipationExerciseDTO[id=2609, exerciseType=PROGRAMMING, type=programming, assessmentType=AUTOMATIC, dueDate=2025-02-16T23:45:46.386304Z, assessmentDueDate=null, maxPoints=42.0, course=CourseDTO[id=992, accuracyOfScores=1]]], feedbacks=[FeedbackDTO[id=985, text=null, detailText=The exercise expects a class with the name Context in the package testpackage. You did not implement the class in the exercise., hasLongFeedbackText=false, reference=null, credits=0.0, positive=false, type=AUTOMATIC, visibility=ALWAYS, testCase=TestCaseDTO[testName=testMethods[Context], id=1461]], FeedbackDTO[id=986, text=null, detailText=The exercise expects a class with the name Policy in the package testpackage. You did not implement the class in the exercise., hasLongFeedbackText=false, reference=null, credits=0.0, positive=false, type=AUTOMATIC, visibility=ALWAYS, testCase=TestCaseDTO[testName=testMethods[Policy], id=1462]], FeedbackDTO[id=987, text=null, detailText=The exercise expects a class with the name SortStrategy in the package testpackage. You did not implement the class in the exercise., hasLongFeedbackText=false, reference=null, credits=0.0, positive=false, type=AUTOMATIC, visibility=ALWAYS, testCase=TestCaseDTO[testName=testMethods[SortStrategy], id=1463]], FeedbackDTO[id=988, text=null, detailText=The class 'MergeSort' does not implement the interface 'SortStrategy' as expected. Implement the interface and its methods., hasLongFeedbackText=false, reference=null, credits=0.0, positive=false, type=AUTOMATIC, visibility=ALWAYS, testCase=TestCaseDTO[testName=testClass[MergeSort], id=1458]], FeedbackDTO[id=989, text=null, detailText=The exercise expects a class with the name SortStrategy in the package testpackage. You did not implement the class in the exercise., hasLongFeedbackText=false, reference=null, credits=0.0, positive=false, type=AUTOMATIC, visibility=ALWAYS, testCase=TestCaseDTO[testName=testClass[SortStrategy], id=1455]], FeedbackDTO[id=990, text=null, detailText=The class 'BubbleSort' does not implement the interface 'SortStrategy' as expected. Implement the interface and its methods., hasLongFeedbackText=false, reference=null, credits=0.0, positive=false, type=AUTOMATIC, visibility=ALWAYS, testCase=TestCaseDTO[testName=testClass[BubbleSort], id=1459]], FeedbackDTO[id=991, text=null, detailText=MergeSort does not sort correctly, hasLongFeedbackText=false, reference=null, credits=0.0, positive=false, type=AUTOMATIC, visibility=ALWAYS, testCase=TestCaseDTO[testName=testMergeSort(), id=1464]], FeedbackDTO[id=992, text=null, detailText=The class 'Context' was not found within the submission. Make sure to implement it properly., hasLongFeedbackText=false, reference=null, credits=0.0, positive=false, type=AUTOMATIC, visibility=ALWAYS, testCase=TestCaseDTO[testName=testUseBubbleSortForSmallList(), id=1465]], FeedbackDTO[id=993, text=null, detailText=BubbleSort does not sort correctly, hasLongFeedbackText=false, reference=null, credits=0.0, positive=false, type=AUTOMATIC, visibility=ALWAYS, testCase=TestCaseDTO[testName=testBubbleSort(), id=1467]], FeedbackDTO[id=994, text=null, detailText=The class 'Context' was not found within the submission. Make sure to implement it properly., hasLongFeedbackText=false, reference=null, credits=0.0, positive=false, type=AUTOMATIC, visibility=ALWAYS, testCase=TestCaseDTO[testName=testUseMergeSortForBigList(), id=1466]], FeedbackDTO[id=995, text=null, detailText=The exercise expects a class with the name Policy in the package testpackage. You did not implement the class in the exercise., hasLongFeedbackText=false, reference=null, credits=0.0, positive=false, type=AUTOMATIC, visibility=ALWAYS, testCase=TestCaseDTO[testName=testConstructors[Policy], id=1460]], FeedbackDTO[id=996, text=null, detailText=The exercise expects a class with the name Context in the package testpackage. You did not implement the class in the exercise., hasLongFeedbackText=false, reference=null, credits=0.0, positive=false, type=AUTOMATIC, visibility=ALWAYS, testCase=TestCaseDTO[testName=testAttributes[Context], id=1456]], FeedbackDTO[id=997, text=null, detailText=The exercise expects a class with the name Policy in the package testpackage. You did not implement the class in the exercise., hasLongFeedbackText=false, reference=null, credits=0.0, positive=false, type=AUTOMATIC, visibility=ALWAYS, testCase=TestCaseDTO[testName=testAttributes[Policy], id=1457]]], assessmentType=AUTOMATIC, hasComplaint=null, exampleResult=null, testCaseCount=13, passedTestCaseCount=0, codeIssueCount=0]], BuildJobQueueItem[id=20291739576751299, name=SHORT716C2EC10B19B049C80A2F00B97EAB20B2A9TSTEXC-SOLUTION, buildAgent=BuildAgentDTO[name=artemis-build-agent-test, memberAddress=[127.0.0.1]:5703, displayName=artemis-build-agent-test], participationId=2029, courseId=993, exerciseId=2610, retryCount=0, priority=2, status=SUCCESSFUL, repositoryInfo=RepositoryInfo[repositoryName=short716c2ec10b19b049c80a2f00b97eab20b2a9tstexc-solution, repositoryType=solution, triggeredByPushTo=tests, assignmentRepositoryUri=http://localhost:49152/git/SHORT716C2EC10B19B049C80A2F00B97EAB20B2A9TSTEXC/short716c2ec10b19b049c80a2f00b97eab20b2a9tstexc-solution.git, testRepositoryUri=http://localhost:49152/git/SHORT716C2EC10B19B049C80A2F00B97EAB20B2A9TSTEXC/short716c2ec10b19b049c80a2f00b97eab20b2a9tstexc-tests.git, solutionRepositoryUri=null, auxiliaryRepositoryUris=[Ljava.lang.String;@166ad40d, auxiliaryRepositoryCheckoutDirectories=[Ljava.lang.String;@7b80d10d], jobTimingInfo=JobTimingInfo[submissionDate=2025-02-14T23:45:51.299892174Z[Etc/UTC], buildStartDate=2025-02-14T23:45:51.314028505Z[Etc/UTC], buildCompletionDate=2025-02-14T23:45:52.158312850Z[Etc/UTC], estimatedCompletionDate=2025-02-14T23:46:10.314021752Z[Etc/UTC], estimatedDuration=19], buildConfig=BuildConfig[buildScript=#!/bin/bash
cd /var/tmp/testing-dir
chmod +x ./gradlew
./gradlew clean test
, dockerImage=dummy-docker-image:latest, commitHashToBuild=1e531733ed6e9237f710b528d1eb0b7beac565fd, assignmentCommitHash=815e279f12ad296b4f24c44134a07293c04c010f, testCommitHash=1e531733ed6e9237f710b528d1eb0b7beac565fd, branch=main, programmingLanguage=JAVA, projectType=PLAIN_GRADLE, scaEnabled=false, sequentialTestRunsEnabled=false, resultPaths=[/var/tmp/testing-dir/**/test-results/test/*.xml], timeoutSeconds=0, assignmentCheckoutPath=null, testCheckoutPath=null, solutionCheckoutPath=null, dockerRunConfig=null], submissionResult=ResultDTO[id=638, completionDate=2025-02-14T23:45:52.146826070Z[Etc/UTC], successful=true, score=100.0, rated=true, submission=SubmissionDTO[id=832, submitted=true, type=TEST, exampleSubmission=null, submissionDate=2025-02-14T23:45:51.275713Z, commitHash=1e531733ed6e9237f710b528d1eb0b7beac565fd, buildFailed=false, buildArtifact=false, participation=ParticipationDTO[id=2029, testRun=false, type=solution, submissionCount=null, exercise=ParticipationExerciseDTO[id=2610, exerciseType=PROGRAMMING, type=programming, assessmentType=AUTOMATIC, dueDate=2025-02-16T23:45:50.869093Z, assessmentDueDate=null, maxPoints=42.0, course=CourseDTO[id=993, accuracyOfScores=1]]], submissionExerciseType=programming, isProcessing=false, buildStartDate=null, estimatedCompletionDate=null], participation=ParticipationDTO[id=2029, testRun=false, type=solution, submissionCount=null, exercise=ParticipationExerciseDTO[id=2610, exerciseType=PROGRAMMING, type=programming, assessmentType=AUTOMATIC, dueDate=2025-02-16T23:45:50.869093Z, assessmentDueDate=null, maxPoints=42.0, course=CourseDTO[id=993, accuracyOfScores=1]]], feedbacks=[FeedbackDTO[id=998, text=null, detailText=null, hasLongFeedbackText=false, reference=null, credits=3.230769230769231, positive=true, type=AUTOMATIC, visibility=ALWAYS, testCase=TestCaseDTO[testName=testMethods[Context], id=1474]], FeedbackDTO[id=999, text=null, detailText=null, hasLongFeedbackText=false, reference=null, credits=3.230769230769231, positive=true, type=AUTOMATIC, visibility=ALWAYS, testCase=TestCaseDTO[testName=testMethods[Policy], id=1475]], FeedbackDTO[id=1000, text=null, detailText=null, hasLongFeedbackText=false, reference=null, credits=3.230769230769231, positive=true, type=AUTOMATIC, visibility=ALWAYS, testCase=TestCaseDTO[testName=testMethods[SortStrategy], id=1476]], FeedbackDTO[id=1001, text=null, detailText=null, hasLongFeedbackText=false, reference=null, credits=3.230769230769231, positive=true, type=AUTOMATIC, visibility=ALWAYS, testCase=TestCaseDTO[testName=testClass[MergeSort], id=1471]], FeedbackDTO[id=1002, text=null, detailText=null, hasLongFeedbackText=false, reference=null, credits=3.230769230769231, positive=true, type=AUTOMATIC, visibility=ALWAYS, testCase=TestCaseDTO[testName=testClass[SortStrategy], id=1468]], FeedbackDTO[id=1003, text=null, detailText=null, hasLongFeedbackText=false, reference=null, credits=3.230769230769231, positive=true, type=AUTOMATIC, visibility=ALWAYS, testCase=TestCaseDTO[testName=testClass[BubbleSort], id=1472]], FeedbackDTO[id=1004, text=null, detailText=null, hasLongFeedbackText=false, reference=null, credits=3.230769230769231, positive=true, type=AUTOMATIC, visibility=ALWAYS, testCase=TestCaseDTO[testName=testMergeSort(), id=1477]], FeedbackDTO[id=1005, text=null, detailText=null, hasLongFeedbackText=false, reference=null, credits=3.230769230769231, positive=true, type=AUTOMATIC, visibility=ALWAYS, testCase=TestCaseDTO[testName=testUseBubbleSortForSmallList(), id=1478]], FeedbackDTO[id=1006, text=null, detailText=null, hasLongFeedbackText=false, reference=null, credits=3.230769230769231, positive=true, type=AUTOMATIC, visibility=ALWAYS, testCase=TestCaseDTO[testName=testBubbleSort(), id=1480]], FeedbackDTO[id=1007, text=null, detailText=null, hasLongFeedbackText=false, reference=null, credits=3.230769230769231, positive=true, type=AUTOMATIC, visibility=ALWAYS, testCase=TestCaseDTO[testName=testUseMergeSortForBigList(), id=1479]], FeedbackDTO[id=1008, text=null, detailText=null, hasLongFeedbackText=false, reference=null, credits=3.230769230769231, positive=true, type=AUTOMATIC, visibility=ALWAYS, testCase=TestCaseDTO[testName=testConstructors[Policy], id=1473]], FeedbackDTO[id=1009, text=null, detailText=null, hasLongFeedbackText=false, reference=null, credits=3.230769230769231, positive=true, type=AUTOMATIC, visibility=ALWAYS, testCase=TestCaseDTO[testName=testAttributes[Context], id=1469]], FeedbackDTO[id=1010, text=null, detailText=null, hasLongFeedbackText=false, reference=null, credits=3.230769230769231, positive=true, type=AUTOMATIC, visibility=ALWAYS, testCase=TestCaseDTO[testName=testAttributes[Policy], id=1470]]], assessmentType=AUTOMATIC, hasComplaint=null, exampleResult=null, testCaseCount=13, passedTestCaseCount=13, codeIssueCount=0]], BuildJobQueueItem[id=20301739576752239, name=SHORT716C2EC10B19B049C80A2F00B97EAB20B2A9TSTEXC-BASE, buildAgent=BuildAgentDTO[name=artemis-build-agent-test, memberAddress=[127.0.0.1]:5703, displayName=artemis-build-agent-test], participationId=2030, courseId=993, exerciseId=2610, retryCount=0, priority=2, status=SUCCESSFUL, repositoryInfo=RepositoryInfo[repositoryName=short716c2ec10b19b049c80a2f00b97eab20b2a9tstexc-exercise, repositoryType=exercise, triggeredByPushTo=tests, assignmentRepositoryUri=http://localhost:49152/git/SHORT716C2EC10B19B049C80A2F00B97EAB20B2A9TSTEXC/short716c2ec10b19b049c80a2f00b97eab20b2a9tstexc-exercise.git, testRepositoryUri=http://localhost:49152/git/SHORT716C2EC10B19B049C80A2F00B97EAB20B2A9TSTEXC/short716c2ec10b19b049c80a2f00b97eab20b2a9tstexc-tests.git, solutionRepositoryUri=null, auxiliaryRepositoryUris=[Ljava.lang.String;@71094f66, auxiliaryRepositoryCheckoutDirectories=[Ljava.lang.String;@149d5506], jobTimingInfo=JobTimingInfo[submissionDate=2025-02-14T23:45:52.239402475Z[Etc/UTC], buildStartDate=2025-02-14T23:45:52.258713639Z[Etc/UTC], buildCompletionDate=2025-02-14T23:45:53.238773956Z[Etc/UTC], estimatedCompletionDate=2025-02-14T23:45:53.258707428Z[Etc/UTC], estimatedDuration=1], buildConfig=BuildConfig[buildScript=#!/bin/bash
cd /var/tmp/testing-dir
chmod +x ./gradlew
./gradlew clean test
, dockerImage=dummy-docker-image:latest, commitHashToBuild=1e531733ed6e9237f710b528d1eb0b7beac565fd, assignmentCommitHash=815e279f12ad296b4f24c44134a07293c04c010f, testCommitHash=1e531733ed6e9237f710b528d1eb0b7beac565fd, branch=main, programmingLanguage=JAVA, projectType=PLAIN_GRADLE, scaEnabled=false, sequentialTestRunsEnabled=false, resultPaths=[/var/tmp/testing-dir/**/test-results/test/*.xml], timeoutSeconds=0, assignmentCheckoutPath=null, testCheckoutPath=null, solutionCheckoutPath=null, dockerRunConfig=null], submissionResult=ResultDTO[id=639, completionDate=2025-02-14T23:45:53.225806205Z[Etc/UTC], successful=false, score=0.0, rated=true, submission=SubmissionDTO[id=833, submitted=true, type=TEST, exampleSubmission=null, submissionDate=2025-02-14T23:45:52.237179Z, commitHash=1e531733ed6e9237f710b528d1eb0b7beac565fd, buildFailed=false, buildArtifact=false, participation=ParticipationDTO[id=2030, testRun=false, type=template, submissionCount=null, exercise=ParticipationExerciseDTO[id=2610, exerciseType=PROGRAMMING, type=programming, assessmentType=AUTOMATIC, dueDate=2025-02-16T23:45:50.869093Z, assessmentDueDate=null, maxPoints=42.0, course=CourseDTO[id=993, accuracyOfScores=1]]], submissionExerciseType=programming, isProcessing=false, buildStartDate=null, estimatedCompletionDate=null], participation=ParticipationDTO[id=2030, testRun=false, type=template, submissionCount=null, exercise=ParticipationExerciseDTO[id=2610, exerciseType=PROGRAMMING, type=programming, assessmentType=AUTOMATIC, dueDate=2025-02-16T23:45:50.869093Z, assessmentDueDate=null, maxPoints=42.0, course=CourseDTO[id=993, accuracyOfScores=1]]], feedbacks=[FeedbackDTO[id=1011, text=null, detailText=The exercise expects a class with the name Context in the package testpackage. You did not implement the class in the exercise., hasLongFeedbackText=false, reference=null, credits=0.0, positive=false, type=AUTOMATIC, visibility=ALWAYS, testCase=TestCaseDTO[testName=testMethods[Context], id=1474]], FeedbackDTO[id=1012, text=null, detailText=The exercise expects a class with the name Policy in the package testpackage. You did not implement the class in the exercise., hasLongFeedbackText=false, reference=null, credits=0.0, positive=false, type=AUTOMATIC, visibility=ALWAYS, testCase=TestCaseDTO[testName=testMethods[Policy], id=1475]], FeedbackDTO[id=1013, text=null, detailText=The exercise expects a class with the name SortStrategy in the package testpackage. You did not implement the class in the exercise., hasLongFeedbackText=false, reference=null, credits=0.0, positive=false, type=AUTOMATIC, visibility=ALWAYS, testCase=TestCaseDTO[testName=testMethods[SortStrategy], id=1476]], FeedbackDTO[id=1014, text=null, detailText=The class 'MergeSort' does not implement the interface 'SortStrategy' as expected. Implement the interface and its methods., hasLongFeedbackText=false, reference=null, credits=0.0, positive=false, type=AUTOMATIC, visibility=ALWAYS, testCase=TestCaseDTO[testName=testClass[MergeSort], id=1471]], FeedbackDTO[id=1015, text=null, detailText=The exercise expects a class with the name SortStrategy in the package testpackage. You did not implement the class in the exercise., hasLongFeedbackText=false, reference=null, credits=0.0, positive=false, type=AUTOMATIC, visibility=ALWAYS, testCase=TestCaseDTO[testName=testClass[SortStrategy], id=1468]], FeedbackDTO[id=1016, text=null, detailText=The class 'BubbleSort' does not implement the interface 'SortStrategy' as expected. Implement the interface and its methods., hasLongFeedbackText=false, reference=null, credits=0.0, positive=false, type=AUTOMATIC, visibility=ALWAYS, testCase=TestCaseDTO[testName=testClass[BubbleSort], id=1472]], FeedbackDTO[id=1017, text=null, detailText=MergeSort does not sort correctly, hasLongFeedbackText=false, reference=null, credits=0.0, positive=false, type=AUTOMATIC, visibility=ALWAYS, testCase=TestCaseDTO[testName=testMergeSort(), id=1477]], FeedbackDTO[id=1018, text=null, detailText=The class 'Context' was not found within the submission. Make sure to implement it properly., hasLongFeedbackText=false, reference=null, credits=0.0, positive=false, type=AUTOMATIC, visibility=ALWAYS, testCase=TestCaseDTO[testName=testUseBubbleSortForSmallList(), id=1478]], FeedbackDTO[id=1019, text=null, detailText=BubbleSort does not sort correctly, hasLongFeedbackText=false, reference=null, credits=0.0, positive=false, type=AUTOMATIC, visibility=ALWAYS, testCase=TestCaseDTO[testName=testBubbleSort(), id=1480]], FeedbackDTO[id=1020, text=null, detailText=The class 'Context' was not found within the submission. Make sure to implement it properly., hasLongFeedbackText=false, reference=null, credits=0.0, positive=false, type=AUTOMATIC, visibility=ALWAYS, testCase=TestCaseDTO[testName=testUseMergeSortForBigList(), id=1479]], FeedbackDTO[id=1021, text=null, detailText=The exercise expects a class with the name Policy in the package testpackage. You did not implement the class in the exercise., hasLongFeedbackText=false, reference=null, credits=0.0, positive=false, type=AUTOMATIC, visibility=ALWAYS, testCase=TestCaseDTO[testName=testConstructors[Policy], id=1473]], FeedbackDTO[id=1022, text=null, detailText=The exercise expects a class with the name Context in the package testpackage. You did not implement the class in the exercise., hasLongFeedbackText=false, reference=null, credits=0.0, positive=false, type=AUTOMATIC, visibility=ALWAYS, testCase=TestCaseDTO[testName=testAttributes[Context], id=1469]], FeedbackDTO[id=1023, text=null, detailText=The exercise expects a class with the name Policy in the package testpackage. You did not implement the class in the exercise., hasLongFeedbackText=false, reference=null, credits=0.0, positive=false, type=AUTOMATIC, visibility=ALWAYS, testCase=TestCaseDTO[testName=testAttributes[Policy], id=1470]]], assessmentType=AUTOMATIC, hasComplaint=null, exampleResult=null, testCaseCount=13, passedTestCaseCount=0, codeIssueCount=0]], BuildJobQueueItem[id=20391739576754750, name=SHORT3A680734092E404EF80A4C60FBC1E408F7D0TSTEXC-LOCALVCCIINTSTUDENT1, buildAgent=BuildAgentDTO[name=artemis-build-agent-test, memberAddress=[127.0.0.1]:5703, displayName=artemis-build-agent-test], participationId=2039, courseId=996, exerciseId=2613, retryCount=0, priority=2, status=SUCCESSFUL, repositoryInfo=RepositoryInfo[repositoryName=short3a680734092e404ef80a4c60fbc1e408f7d0tstexc-localvcciintstudent1, repositoryType=user, triggeredByPushTo=user, assignmentRepositoryUri=http://localhost:49152/git/SHORT3A680734092E404EF80A4C60FBC1E408F7D0TSTEXC/short3a680734092e404ef80a4c60fbc1e408f7d0tstexc-localvcciintstudent1.git, testRepositoryUri=http://localhost:49152/git/SHORT3A680734092E404EF80A4C60FBC1E408F7D0TSTEXC/short3a680734092e404ef80a4c60fbc1e408f7d0tstexc-tests.git, solutionRepositoryUri=null, auxiliaryRepositoryUris=[Ljava.lang.String;@54172124, auxiliaryRepositoryCheckoutDirectories=[Ljava.lang.String;@29e29a12], jobTimingInfo=JobTimingInfo[submissionDate=2025-02-14T23:45:54.750657185Z[Etc/UTC], buildStartDate=2025-02-14T23:45:54.765232948Z[Etc/UTC], buildCompletionDate=2025-02-14T23:45:55.645844970Z[Etc/UTC], estimatedCompletionDate=2025-02-14T23:46:13.765225363Z[Etc/UTC], estimatedDuration=19], buildConfig=BuildConfig[buildScript=#!/bin/bash
cd /var/tmp/testing-dir
chmod +x ./gradlew
./gradlew clean test
, dockerImage=dummy-docker-image:latest, commitHashToBuild=9344436f8d5a5ce3aa40215562db211ed501371f, assignmentCommitHash=9344436f8d5a5ce3aa40215562db211ed501371f, testCommitHash=ff421c3651ec230fed2f20f72c2901ae372be06a, branch=main, programmingLanguage=JAVA, projectType=PLAIN_GRADLE, scaEnabled=false, sequentialTestRunsEnabled=false, resultPaths=[/var/tmp/testing-dir/**/test-results/test/*.xml], timeoutSeconds=0, assignmentCheckoutPath=null, testCheckoutPath=null, solutionCheckoutPath=null, dockerRunConfig=null], submissionResult=ResultDTO[id=640, completionDate=2025-02-14T23:45:55.628250079Z[Etc/UTC], successful=false, score=7.7, rated=true, submission=SubmissionDTO[id=834, submitted=true, type=MANUAL, exampleSubmission=null, submissionDate=2025-02-14T23:45:54.732007Z, commitHash=9344436f8d5a5ce3aa40215562db211ed501371f, buildFailed=false, buildArtifact=false, participation=ParticipationDTO[id=2039, testRun=false, type=programming, submissionCount=null, exercise=ParticipationExerciseDTO[id=2613, exerciseType=PROGRAMMING, type=programming, assessmentType=AUTOMATIC, dueDate=2025-02-16T23:45:54.546562Z, assessmentDueDate=null, maxPoints=42.0, course=CourseDTO[id=996, accuracyOfScores=1]]], submissionExerciseType=programming, isProcessing=false, buildStartDate=null, estimatedCompletionDate=null], participation=ParticipationDTO[id=2039, testRun=false, type=programming, submissionCount=null, exercise=ParticipationExerciseDTO[id=2613, exerciseType=PROGRAMMING, type=programming, assessmentType=AUTOMATIC, dueDate=2025-02-16T23:45:54.546562Z, assessmentDueDate=null, maxPoints=42.0, course=CourseDTO[id=996, accuracyOfScores=1]]], feedbacks=[FeedbackDTO[id=1024, text=null, detailText=The exercise expects a class with the name Context in the package testpackage. You did not implement the class in the exercise., hasLongFeedbackText=false, reference=null, credits=0.0, positive=false, type=AUTOMATIC, visibility=ALWAYS, testCase=TestCaseDTO[testName=null, id=1513]], FeedbackDTO[id=1025, text=null, detailText=The exercise expects a class with the name Policy in the package testpackage. You did not implement the class in the exercise., hasLongFeedbackText=false, reference=null, credits=0.0, positive=false, type=AUTOMATIC, visibility=ALWAYS, testCase=TestCaseDTO[testName=null, id=1514]], FeedbackDTO[id=1026, text=null, detailText=The exercise expects a class with the name SortStrategy in the package testpackage. You did not implement the class in the exercise., hasLongFeedbackText=false, reference=null, credits=0.0, positive=false, type=AUTOMATIC, visibility=ALWAYS, testCase=TestCaseDTO[testName=null, id=1515]], FeedbackDTO[id=1027, text=null, detailText=The class 'MergeSort' does not implement the interface 'SortStrategy' as expected. Implement the interface and its methods., hasLongFeedbackText=false, reference=null, credits=0.0, positive=false, type=AUTOMATIC, visibility=ALWAYS, testCase=TestCaseDTO[testName=null, id=1510]], FeedbackDTO[id=1028, text=null, detailText=The exercise expects a class with the name SortStrategy in the package testpackage. You did not implement the class in the exercise., hasLongFeedbackText=false, reference=null, credits=0.0, positive=false, type=AUTOMATIC, visibility=ALWAYS, testCase=TestCaseDTO[testName=null, id=1507]], FeedbackDTO[id=1029, text=null, detailText=The class 'BubbleSort' does not implement the interface 'SortStrategy' as expected. Implement the interface and its methods., hasLongFeedbackText=false, reference=null, credits=0.0, positive=false, type=AUTOMATIC, visibility=ALWAYS, testCase=TestCaseDTO[testName=null, id=1511]], FeedbackDTO[id=1030, text=null, detailText=MergeSort does not sort correctly, hasLongFeedbackText=false, reference=null, credits=0.0, positive=false, type=AUTOMATIC, visibility=ALWAYS, testCase=TestCaseDTO[testName=null, id=1516]], FeedbackDTO[id=1031, text=null, detailText=The class 'Context' was not found within the submission. Make sure to implement it properly., hasLongFeedbackText=false, reference=null, credits=0.0, positive=false, type=AUTOMATIC, visibility=ALWAYS, testCase=TestCaseDTO[testName=null, id=1517]], FeedbackDTO[id=1032, text=null, detailText=The class 'Context' was not found within the submission. Make sure to implement it properly., hasLongFeedbackText=false, reference=null, credits=0.0, positive=false, type=AUTOMATIC, visibility=ALWAYS, testCase=TestCaseDTO[testName=null, id=1518]], FeedbackDTO[id=1033, text=null, detailText=The exercise expects a class with the name Policy in the package testpackage. You did not implement the class in the exercise., hasLongFeedbackText=false, reference=null, credits=0.0, positive=false, type=AUTOMATIC, visibility=ALWAYS, testCase=TestCaseDTO[testName=null, id=1512]], FeedbackDTO[id=1034, text=null, detailText=The exercise expects a class with the name Context in the package testpackage. You did not implement the class in the exercise., hasLongFeedbackText=false, reference=null, credits=0.0, positive=false, type=AUTOMATIC, visibility=ALWAYS, testCase=TestCaseDTO[testName=null, id=1508]], FeedbackDTO[id=1035, text=null, detailText=The exercise expects a class with the name Policy in the package testpackage. You did not implement the class in the exercise., hasLongFeedbackText=false, reference=null, credits=0.0, positive=false, type=AUTOMATIC, visibility=ALWAYS, testCase=TestCaseDTO[testName=null, id=1509]], FeedbackDTO[id=1036, text=null, detailText=null, hasLongFeedbackText=false, reference=null, credits=3.230769230769231, positive=true, type=AUTOMATIC, visibility=ALWAYS, testCase=TestCaseDTO[testName=null, id=1519]]], assessmentType=AUTOMATIC, hasComplaint=null, exampleResult=null, testCaseCount=13, passedTestCaseCount=1, codeIssueCount=0]], BuildJobQueueItem[id=20431739576757232, name=SHORT3945BC5E092B90459B0A7F006DF5F64347FDTSTEXC-SOLUTION, buildAgent=BuildAgentDTO[name=artemis-build-agent-test, memberAddress=[127.0.0.1]:5703, displayName=artemis-build-agent-test], participationId=2043, courseId=998, exerciseId=2615, retryCount=0, priority=2, status=SUCCESSFUL, repositoryInfo=RepositoryInfo[repositoryName=short3945bc5e092b90459b0a7f006df5f64347fdtstexc-solution, repositoryType=solution, triggeredByPushTo=solution, assignmentRepositoryUri=http://localhost:49152/git/SHORT3945BC5E092B90459B0A7F006DF5F64347FDTSTEXC/short3945bc5e092b90459b0a7f006df5f64347fdtstexc-solution.git, testRepositoryUri=http://localhost:49152/git/SHORT3945BC5E092B90459B0A7F006DF5F64347FDTSTEXC/short3945bc5e092b90459b0a7f006df5f64347fdtstexc-tests.git, solutionRepositoryUri=null, auxiliaryRepositoryUris=[Ljava.lang.String;@12ab8237, auxiliaryRepositoryCheckoutDirectories=[Ljava.lang.String;@6c60c001], jobTimingInfo=JobTimingInfo[submissionDate=2025-02-14T23:45:57.232907777Z[Etc/UTC], buildStartDate=2025-02-14T23:45:57.240437339Z[Etc/UTC], buildCompletionDate=2025-02-14T23:45:58.062328619Z[Etc/UTC], estimatedCompletionDate=2025-02-14T23:46:16.240428743Z[Etc/UTC], estimatedDuration=19], buildConfig=BuildConfig[buildScript=#!/bin/bash
cd /var/tmp/testing-dir
chmod +x ./gradlew
./gradlew clean test
, dockerImage=dummy-docker-image:latest, commitHashToBuild=c315388a235502fd958ae3c7ffbbbbf126a8fe21, assignmentCommitHash=c315388a235502fd958ae3c7ffbbbbf126a8fe21, testCommitHash=28488095271179f4eface46480ec45511f50df5d, branch=main, programmingLanguage=JAVA, projectType=PLAIN_GRADLE, scaEnabled=false, sequentialTestRunsEnabled=false, resultPaths=[/var/tmp/testing-dir/**/test-results/test/*.xml], timeoutSeconds=0, assignmentCheckoutPath=null, testCheckoutPath=null, solutionCheckoutPath=null, dockerRunConfig=null], submissionResult=ResultDTO[id=641, completionDate=2025-02-14T23:45:58.032353400Z[Etc/UTC], successful=true, score=100.0, rated=true, submission=SubmissionDTO[id=835, submitted=true, type=MANUAL, exampleSubmission=null, submissionDate=2025-02-14T23:45:57.222714Z, commitHash=c315388a235502fd958ae3c7ffbbbbf126a8fe21, buildFailed=false, buildArtifact=false, participation=ParticipationDTO[id=2043, testRun=false, type=solution, submissionCount=null, exercise=ParticipationExerciseDTO[id=2615, exerciseType=PROGRAMMING, type=programming, assessmentType=AUTOMATIC, dueDate=2025-02-16T23:45:56.808788Z, assessmentDueDate=null, maxPoints=42.0, course=CourseDTO[id=998, accuracyOfScores=1]]], submissionExerciseType=programming, isProcessing=false, buildStartDate=null, estimatedCompletionDate=null], participation=ParticipationDTO[id=2043, testRun=false, type=solution, submissionCount=null, exercise=ParticipationExerciseDTO[id=2615, exerciseType=PROGRAMMING, type=programming, assessmentType=AUTOMATIC, dueDate=2025-02-16T23:45:56.808788Z, assessmentDueDate=null, maxPoints=42.0, course=CourseDTO[id=998, accuracyOfScores=1]]], feedbacks=[FeedbackDTO[id=1037, text=null, detailText=null, hasLongFeedbackText=false, reference=null, credits=3.230769230769231, positive=true, type=AUTOMATIC, visibility=ALWAYS, testCase=TestCaseDTO[testName=testMethods[Context], id=1539]], FeedbackDTO[id=1038, text=null, detailText=null, hasLongFeedbackText=false, reference=null, credits=3.230769230769231, positive=true, type=AUTOMATIC, visibility=ALWAYS, testCase=TestCaseDTO[testName=testMethods[Policy], id=1540]], FeedbackDTO[id=1039, text=null, detailText=null, hasLongFeedbackText=false, reference=null, credits=3.230769230769231, positive=true, type=AUTOMATIC, visibility=ALWAYS, testCase=TestCaseDTO[testName=testMethods[SortStrategy], id=1541]], FeedbackDTO[id=1040, text=null, detailText=null, hasLongFeedbackText=false, reference=null, credits=3.230769230769231, positive=true, type=AUTOMATIC, visibility=ALWAYS, testCase=TestCaseDTO[testName=testClass[MergeSort], id=1536]], FeedbackDTO[id=1041, text=null, detailText=null, hasLongFeedbackText=false, reference=null, credits=3.230769230769231, positive=true, type=AUTOMATIC, visibility=ALWAYS, testCase=TestCaseDTO[testName=testClass[SortStrategy], id=1533]], FeedbackDTO[id=1042, text=null, detailText=null, hasLongFeedbackText=false, reference=null, credits=3.230769230769231, positive=true, type=AUTOMATIC, visibility=ALWAYS, testCase=TestCaseDTO[testName=testClass[BubbleSort], id=1537]], FeedbackDTO[id=1043, text=null, detailText=null, hasLongFeedbackText=false, reference=null, credits=3.230769230769231, positive=true, type=AUTOMATIC, visibility=ALWAYS, testCase=TestCaseDTO[testName=testMergeSort(), id=1542]], FeedbackDTO[id=1044, text=null, detailText=null, hasLongFeedbackText=false, reference=null, credits=3.230769230769231, positive=true, type=AUTOMATIC, visibility=ALWAYS, testCase=TestCaseDTO[testName=testUseBubbleSortForSmallList(), id=1543]], FeedbackDTO[id=1045, text=null, detailText=null, hasLongFeedbackText=false, reference=null, credits=3.230769230769231, positive=true, type=AUTOMATIC, visibility=ALWAYS, testCase=TestCaseDTO[testName=testBubbleSort(), id=1545]], FeedbackDTO[id=1046, text=null, detailText=null, hasLongFeedbackText=false, reference=null, credits=3.230769230769231, positive=true, type=AUTOMATIC, visibility=ALWAYS, testCase=TestCaseDTO[testName=testUseMergeSortForBigList(), id=1544]], FeedbackDTO[id=1047, text=null, detailText=null, hasLongFeedbackText=false, reference=null, credits=3.230769230769231, positive=true, type=AUTOMATIC, visibility=ALWAYS, testCase=TestCaseDTO[testName=testConstructors[Policy], id=1538]], FeedbackDTO[id=1048, text=null, detailText=null, hasLongFeedbackText=false, reference=null, credits=3.230769230769231, positive=true, type=AUTOMATIC, visibility=ALWAYS, testCase=TestCaseDTO[testName=testAttributes[Context], id=1534]], FeedbackDTO[id=1049, text=null, detailText=null, hasLongFeedbackText=false, reference=null, credits=3.230769230769231, positive=true, type=AUTOMATIC, visibility=ALWAYS, testCase=TestCaseDTO[testName=testAttributes[Policy], id=1535]]], assessmentType=AUTOMATIC, hasComplaint=null, exampleResult=null, testCaseCount=13, passedTestCaseCount=13, codeIssueCount=0]]], publicSshKey=ssh-rsa AAAAB3NzaC1yc2EAAAADAQABAAACAQCOPdMsxRE2jFJ/UEa5/LsBxtwzJcrh3/rYBCQvcMeVpiRfhzQPWu7mrt/G2Ew+i+vRloGH9aqKg6dd1liRncao53Zmd/ePxoatXePNhmzTfkCkcSkTUz7B+QMjkoDDV5jwuFPD6mF3JkhuzSi64n9Zy905t4w2IhVcjM2mL3eYNjiCXt6Qpq3Pkt7dM/Ksw1nxnvuiIALuJLB3FTkXkHqq3PJav+9HSq2r6ZaWgekneaGxlQlb+U+Vy3XOuArKAzK8c8i+0bR+AHiTG6ncYXt7ax3U+TdlDTF7OLP3umwaYjs1NBXOHwG42pevvpKn2fqavZZozk+M05jXLx3bq0O7itxfErWc7etky8qYPyyIMF/txQIVLd78+Ze4d7Y60t5MGbXM5cGE6fFif5fEJwgswXD+BrG0cafz1CTatjSKFdvp8Vp4VszXhHDan1PrP6JEFJ5Cc5GDmLRZPCFa3vL9f5qXgf4bkqKN8MYeEujwJE5nMRWoiJVNakix2bcrrneQMBlnYeYZVWXXXUusAQBzl4NgddC1umZpihZkL1b1MffZAUW3EGEXi7KHnllQhkTLLsQ8ntMgbylqaJKStqaXlLvdeRJcEnUuiFCrHEVVbXRFZR7XVDZ02CE5o3MuaRPty8Kh+jRTF3COlAckHwYEJCNNJvXFgb2CNXL4mjzYDw== test@localhost]
    23:46:00.618 | 566 localvc.event-13 | DEBUG | s.l.LocalCIWebsocketMessagingService : Sending message on topic /topic/admin/build-agents: [BuildAgentInformation[buildAgent=BuildAgentDTO[name=artemis-build-agent-test, memberAddress=[127.0.0.1]:5703, displayName=artemis-build-agent-test], maxNumberOfConcurrentBuildJobs=1, numberOfCurrentBuildJobs=0, runningBuildJobs=[], status=IDLE, recentBuildJobs=null, publicSshKey=null]]
    23:46:00.618 | 588 artemis-task-1   | DEBUG | d.t.c.a.a.c.c.w.GzipMessageConverter : Compressed message payload from 255 to 232 (saved 9.0% payload size)
    23:46:00.619 | 566 localvc.event-13 | DEBUG | s.l.LocalCIWebsocketMessagingService : Sending message on topic /topic/admin/build-agent/artemis-build-agent-test: BuildAgentInformation[buildAgent=BuildAgentDTO[name=artemis-build-agent-test, memberAddress=[127.0.0.1]:5703, displayName=artemis-build-agent-test], maxNumberOfConcurrentBuildJobs=1, numberOfCurrentBuildJobs=0, runningBuildJobs=[], status=IDLE, recentBuildJobs=[BuildJobQueueItem[id=19361739576711303, name=SHORT9AFDAE3804CA304DDF0889A0CB0F56104A86TSTEXC-LOCALVCINTSTUDENT1, buildAgent=BuildAgentDTO[name=artemis-build-agent-test, memberAddress=[127.0.0.1]:5703, displayName=artemis-build-agent-test], participationId=1936, courseId=956, exerciseId=2573, retryCount=0, priority=2, status=FAILED, repositoryInfo=RepositoryInfo[repositoryName=short9afdae3804ca304ddf0889a0cb0f56104a86tstexc-localvcintstudent1, repositoryType=user, triggeredByPushTo=user, assignmentRepositoryUri=http://localhost:49152/git/SHORT9AFDAE3804CA304DDF0889A0CB0F56104A86TSTEXC/short9afdae3804ca304ddf0889a0cb0f56104a86tstexc-localvcintstudent1.git, testRepositoryUri=http://localhost:49152/git/SHORT9AFDAE3804CA304DDF0889A0CB0F56104A86TSTEXC/short9afdae3804ca304ddf0889a0cb0f56104a86tstexc-tests.git, solutionRepositoryUri=null, auxiliaryRepositoryUris=[Ljava.lang.String;@72687d0c, auxiliaryRepositoryCheckoutDirectories=[Ljava.lang.String;@1862cb88], jobTimingInfo=JobTimingInfo[submissionDate=2025-02-14T23:45:11.303805653Z[Etc/UTC], buildStartDate=2025-02-14T23:45:11.310981356Z[Etc/UTC], buildCompletionDate=2025-02-14T23:45:11.319178384Z[Etc/UTC], estimatedCompletionDate=2025-02-14T23:45:30.310974944Z[Etc/UTC], estimatedDuration=19], buildConfig=BuildConfig[buildScript=#!/bin/bash
cd /var/tmp/testing-dir
chmod +x ./gradlew
./gradlew clean test
, dockerImage=dummy-docker-image:latest, commitHashToBuild=a1099e378cffde441ef85f9b12577ca174b8e1e4, assignmentCommitHash=a1099e378cffde441ef85f9b12577ca174b8e1e4, testCommitHash=bd38d61c299ab11a1dea82a3ca5493fe04d97d47, branch=main, programmingLanguage=JAVA, projectType=PLAIN_GRADLE, scaEnabled=false, sequentialTestRunsEnabled=false, resultPaths=[/var/tmp/testing-dir/**/test-results/test/*.xml], timeoutSeconds=0, assignmentCheckoutPath=null, testCheckoutPath=null, solutionCheckoutPath=null, dockerRunConfig=null], submissionResult=ResultDTO[id=623, completionDate=2025-02-14T23:45:11.319278430Z[Etc/UTC], successful=false, score=0.0, rated=true, submission=SubmissionDTO[id=815, submitted=true, type=MANUAL, exampleSubmission=null, submissionDate=2025-02-14T23:45:11.294386Z, commitHash=a1099e378cffde441ef85f9b12577ca174b8e1e4, buildFailed=true, buildArtifact=false, participation=ParticipationDTO[id=1936, testRun=false, type=programming, submissionCount=null, exercise=ParticipationExerciseDTO[id=2573, exerciseType=PROGRAMMING, type=programming, assessmentType=AUTOMATIC, dueDate=2025-02-16T23:45:10.996982Z, assessmentDueDate=null, maxPoints=42.0, course=CourseDTO[id=956, accuracyOfScores=1]]], submissionExerciseType=programming, isProcessing=false, buildStartDate=null, estimatedCompletionDate=null], participation=ParticipationDTO[id=1936, testRun=false, type=programming, submissionCount=null, exercise=ParticipationExerciseDTO[id=2573, exerciseType=PROGRAMMING, type=programming, assessmentType=AUTOMATIC, dueDate=2025-02-16T23:45:10.996982Z, assessmentDueDate=null, maxPoints=42.0, course=CourseDTO[id=956, accuracyOfScores=1]]], feedbacks=[], assessmentType=AUTOMATIC, hasComplaint=null, exampleResult=null, testCaseCount=0, passedTestCaseCount=0, codeIssueCount=0]], BuildJobQueueItem[id=19351739576711674, name=SHORT9AFDAE3804CA304DDF0889A0CB0F56104A86TSTEXC-BASE, buildAgent=BuildAgentDTO[name=artemis-build-agent-test, memberAddress=[127.0.0.1]:5703, displayName=artemis-build-agent-test], participationId=1935, courseId=956, exerciseId=2573, retryCount=0, priority=2, status=FAILED, repositoryInfo=RepositoryInfo[repositoryName=short9afdae3804ca304ddf0889a0cb0f56104a86tstexc-exercise, repositoryType=exercise, triggeredByPushTo=exercise, assignmentRepositoryUri=http://localhost:49152/git/SHORT9AFDAE3804CA304DDF0889A0CB0F56104A86TSTEXC/short9afdae3804ca304ddf0889a0cb0f56104a86tstexc-exercise.git, testRepositoryUri=http://localhost:49152/git/SHORT9AFDAE3804CA304DDF0889A0CB0F56104A86TSTEXC/short9afdae3804ca304ddf0889a0cb0f56104a86tstexc-tests.git, solutionRepositoryUri=null, auxiliaryRepositoryUris=[Ljava.lang.String;@77b4cbe, auxiliaryRepositoryCheckoutDirectories=[Ljava.lang.String;@5c687e39], jobTimingInfo=JobTimingInfo[submissionDate=2025-02-14T23:45:11.674556681Z[Etc/UTC], buildStartDate=2025-02-14T23:45:11.677776879Z[Etc/UTC], buildCompletionDate=2025-02-14T23:45:11.688097378Z[Etc/UTC], estimatedCompletionDate=2025-02-14T23:45:30.677771620Z[Etc/UTC], estimatedDuration=19], buildConfig=BuildConfig[buildScript=#!/bin/bash
cd /var/tmp/testing-dir
chmod +x ./gradlew
./gradlew clean test
, dockerImage=dummy-docker-image:latest, commitHashToBuild=a1099e378cffde441ef85f9b12577ca174b8e1e4, assignmentCommitHash=a1099e378cffde441ef85f9b12577ca174b8e1e4, testCommitHash=bd38d61c299ab11a1dea82a3ca5493fe04d97d47, branch=main, programmingLanguage=JAVA, projectType=PLAIN_GRADLE, scaEnabled=false, sequentialTestRunsEnabled=false, resultPaths=[/var/tmp/testing-dir/**/test-results/test/*.xml], timeoutSeconds=0, assignmentCheckoutPath=null, testCheckoutPath=null, solutionCheckoutPath=null, dockerRunConfig=null], submissionResult=ResultDTO[id=624, completionDate=2025-02-14T23:45:11.688214837Z[Etc/UTC], successful=false, score=0.0, rated=true, submission=SubmissionDTO[id=816, submitted=true, type=MANUAL, exampleSubmission=null, submissionDate=2025-02-14T23:45:11.656934Z, commitHash=a1099e378cffde441ef85f9b12577ca174b8e1e4, buildFailed=true, buildArtifact=false, participation=ParticipationDTO[id=1935, testRun=false, type=template, submissionCount=null, exercise=ParticipationExerciseDTO[id=2573, exerciseType=PROGRAMMING, type=programming, assessmentType=AUTOMATIC, dueDate=2025-02-16T23:45:10.996982Z, assessmentDueDate=null, maxPoints=42.0, course=CourseDTO[id=956, accuracyOfScores=1]]], submissionExerciseType=programming, isProcessing=false, buildStartDate=null, estimatedCompletionDate=null], participation=ParticipationDTO[id=1935, testRun=false, type=template, submissionCount=null, exercise=ParticipationExerciseDTO[id=2573, exerciseType=PROGRAMMING, type=programming, assessmentType=AUTOMATIC, dueDate=2025-02-16T23:45:10.996982Z, assessmentDueDate=null, maxPoints=42.0, course=CourseDTO[id=956, accuracyOfScores=1]]], feedbacks=[], assessmentType=AUTOMATIC, hasComplaint=null, exampleResult=null, testCaseCount=0, passedTestCaseCount=0, codeIssueCount=0]], BuildJobQueueItem[id=19341739576712112, name=SHORT9AFDAE3804CA304DDF0889A0CB0F56104A86TSTEXC-SOLUTION, buildAgent=BuildAgentDTO[name=artemis-build-agent-test, memberAddress=[127.0.0.1]:5703, displayName=artemis-build-agent-test], participationId=1934, courseId=956, exerciseId=2573, retryCount=0, priority=2, status=FAILED, repositoryInfo=RepositoryInfo[repositoryName=short9afdae3804ca304ddf0889a0cb0f56104a86tstexc-solution, repositoryType=solution, triggeredByPushTo=solution, assignmentRepositoryUri=http://localhost:49152/git/SHORT9AFDAE3804CA304DDF0889A0CB0F56104A86TSTEXC/short9afdae3804ca304ddf0889a0cb0f56104a86tstexc-solution.git, testRepositoryUri=http://localhost:49152/git/SHORT9AFDAE3804CA304DDF0889A0CB0F56104A86TSTEXC/short9afdae3804ca304ddf0889a0cb0f56104a86tstexc-tests.git, solutionRepositoryUri=null, auxiliaryRepositoryUris=[Ljava.lang.String;@6d59e8a5, auxiliaryRepositoryCheckoutDirectories=[Ljava.lang.String;@63e9400d], jobTimingInfo=JobTimingInfo[submissionDate=2025-02-14T23:45:12.112332872Z[Etc/UTC], buildStartDate=2025-02-14T23:45:12.121617114Z[Etc/UTC], buildCompletionDate=2025-02-14T23:45:12.127931701Z[Etc/UTC], estimatedCompletionDate=2025-02-14T23:45:31.121609600Z[Etc/UTC], estimatedDuration=19], buildConfig=BuildConfig[buildScript=#!/bin/bash
cd /var/tmp/testing-dir
chmod +x ./gradlew
./gradlew clean test
, dockerImage=dummy-docker-image:latest, commitHashToBuild=a1099e378cffde441ef85f9b12577ca174b8e1e4, assignmentCommitHash=a1099e378cffde441ef85f9b12577ca174b8e1e4, testCommitHash=bd38d61c299ab11a1dea82a3ca5493fe04d97d47, branch=main, programmingLanguage=JAVA, projectType=PLAIN_GRADLE, scaEnabled=false, sequentialTestRunsEnabled=false, resultPaths=[/var/tmp/testing-dir/**/test-results/test/*.xml], timeoutSeconds=0, assignmentCheckoutPath=null, testCheckoutPath=null, solutionCheckoutPath=null, dockerRunConfig=null], submissionResult=ResultDTO[id=625, completionDate=2025-02-14T23:45:12.128011800Z[Etc/UTC], successful=false, score=0.0, rated=true, submission=SubmissionDTO[id=817, submitted=true, type=MANUAL, exampleSubmission=null, submissionDate=2025-02-14T23:45:12.098737Z, commitHash=a1099e378cffde441ef85f9b12577ca174b8e1e4, buildFailed=true, buildArtifact=false, participation=ParticipationDTO[id=1934, testRun=false, type=solution, submissionCount=null, exercise=ParticipationExerciseDTO[id=2573, exerciseType=PROGRAMMING, type=programming, assessmentType=AUTOMATIC, dueDate=2025-02-16T23:45:10.996982Z, assessmentDueDate=null, maxPoints=42.0, course=CourseDTO[id=956, accuracyOfScores=1]]], submissionExerciseType=programming, isProcessing=false, buildStartDate=null, estimatedCompletionDate=null], participation=ParticipationDTO[id=1934, testRun=false, type=solution, submissionCount=null, exercise=ParticipationExerciseDTO[id=2573, exerciseType=PROGRAMMING, type=programming, assessmentType=AUTOMATIC, dueDate=2025-02-16T23:45:10.996982Z, assessmentDueDate=null, maxPoints=42.0, course=CourseDTO[id=956, accuracyOfScores=1]]], feedbacks=[], assessmentType=AUTOMATIC, hasComplaint=null, exampleResult=null, testCaseCount=0, passedTestCaseCount=0, codeIssueCount=0]], BuildJobQueueItem[id=19341739576713025, name=SHORT9AFDAE3804CA304DDF0889A0CB0F56104A86TSTEXC-SOLUTION, buildAgent=BuildAgentDTO[name=artemis-build-agent-test, memberAddress=[127.0.0.1]:5703, displayName=artemis-build-agent-test], participationId=1934, courseId=956, exerciseId=2573, retryCount=0, priority=2, status=FAILED, repositoryInfo=RepositoryInfo[repositoryName=short9afdae3804ca304ddf0889a0cb0f56104a86tstexc-solution, repositoryType=solution, triggeredByPushTo=tests, assignmentRepositoryUri=http://localhost:49152/git/SHORT9AFDAE3804CA304DDF0889A0CB0F56104A86TSTEXC/short9afdae3804ca304ddf0889a0cb0f56104a86tstexc-solution.git, testRepositoryUri=http://localhost:49152/git/SHORT9AFDAE3804CA304DDF0889A0CB0F56104A86TSTEXC/short9afdae3804ca304ddf0889a0cb0f56104a86tstexc-tests.git, solutionRepositoryUri=null, auxiliaryRepositoryUris=[Ljava.lang.String;@3eaaee72, auxiliaryRepositoryCheckoutDirectories=[Ljava.lang.String;@212cc628], jobTimingInfo=JobTimingInfo[submissionDate=2025-02-14T23:45:13.025319671Z[Etc/UTC], buildStartDate=2025-02-14T23:45:13.040293146Z[Etc/UTC], buildCompletionDate=2025-02-14T23:45:13.053032917Z[Etc/UTC], estimatedCompletionDate=2025-02-14T23:45:32.040285703Z[Etc/UTC], estimatedDuration=19], buildConfig=BuildConfig[buildScript=#!/bin/bash
cd /var/tmp/testing-dir
chmod +x ./gradlew
./gradlew clean test
, dockerImage=dummy-docker-image:latest, commitHashToBuild=784f8f0049d2a1a54f21c67dd772bea86715267a, assignmentCommitHash=a1099e378cffde441ef85f9b12577ca174b8e1e4, testCommitHash=784f8f0049d2a1a54f21c67dd772bea86715267a, branch=main, programmingLanguage=JAVA, projectType=PLAIN_GRADLE, scaEnabled=false, sequentialTestRunsEnabled=false, resultPaths=[/var/tmp/testing-dir/**/test-results/test/*.xml], timeoutSeconds=0, assignmentCheckoutPath=null, testCheckoutPath=null, solutionCheckoutPath=null, dockerRunConfig=null], submissionResult=ResultDTO[id=626, completionDate=2025-02-14T23:45:13.053131811Z[Etc/UTC], successful=false, score=0.0, rated=true, submission=SubmissionDTO[id=818, submitted=true, type=TEST, exampleSubmission=null, submissionDate=2025-02-14T23:45:13.005779Z, commitHash=784f8f0049d2a1a54f21c67dd772bea86715267a, buildFailed=true, buildArtifact=false, participation=ParticipationDTO[id=1934, testRun=false, type=solution, submissionCount=null, exercise=ParticipationExerciseDTO[id=2573, exerciseType=PROGRAMMING, type=programming, assessmentType=AUTOMATIC, dueDate=2025-02-16T23:45:10.996982Z, assessmentDueDate=null, maxPoints=42.0, course=CourseDTO[id=956, accuracyOfScores=1]]], submissionExerciseType=programming, isProcessing=false, buildStartDate=null, estimatedCompletionDate=null], participation=ParticipationDTO[id=1934, testRun=false, type=solution, submissionCount=null, exercise=ParticipationExerciseDTO[id=2573, exerciseType=PROGRAMMING, type=programming, assessmentType=AUTOMATIC, dueDate=2025-02-16T23:45:10.996982Z, assessmentDueDate=null, maxPoints=42.0, course=CourseDTO[id=956, accuracyOfScores=1]]], feedbacks=[], assessmentType=AUTOMATIC, hasComplaint=null, exampleResult=null, testCaseCount=0, passedTestCaseCount=0, codeIssueCount=0]], BuildJobQueueItem[id=19581739576715555, name=SHORTC1A3F9FC03D2304B4308FA20AF16D54AAA49TSTEXC-LOCALVCSSHINTSTUDENT1, buildAgent=BuildAgentDTO[name=artemis-build-agent-test, memberAddress=[127.0.0.1]:5703, displayName=artemis-build-agent-test], participationId=1958, courseId=965, exerciseId=2582, retryCount=0, priority=2, status=FAILED, repositoryInfo=RepositoryInfo[repositoryName=shortc1a3f9fc03d2304b4308fa20af16d54aaa49tstexc-localvcsshintstudent1, repositoryType=user, triggeredByPushTo=user, assignmentRepositoryUri=http://localhost:49152/git/SHORTC1A3F9FC03D2304B4308FA20AF16D54AAA49TSTEXC/shortc1a3f9fc03d2304b4308fa20af16d54aaa49tstexc-localvcsshintstudent1.git, testRepositoryUri=http://localhost:49152/git/SHORTC1A3F9FC03D2304B4308FA20AF16D54AAA49TSTEXC/shortc1a3f9fc03d2304b4308fa20af16d54aaa49tstexc-tests.git, solutionRepositoryUri=null, auxiliaryRepositoryUris=[Ljava.lang.String;@3121e68, auxiliaryRepositoryCheckoutDirectories=[Ljava.lang.String;@2ad2df2f], jobTimingInfo=JobTimingInfo[submissionDate=2025-02-14T23:45:15.555989584Z[Etc/UTC], buildStartDate=2025-02-14T23:45:15.568477627Z[Etc/UTC], buildCompletionDate=2025-02-14T23:45:15.579021148Z[Etc/UTC], estimatedCompletionDate=2025-02-14T23:45:34.568443924Z[Etc/UTC], estimatedDuration=19], buildConfig=BuildConfig[buildScript=#!/bin/bash
cd /var/tmp/testing-dir
chmod +x ./gradlew
./gradlew clean test
, dockerImage=dummy-docker-image:latest, commitHashToBuild=ca76dac20e040e6609db02fd7fedd56bf58829d7, assignmentCommitHash=ca76dac20e040e6609db02fd7fedd56bf58829d7, testCommitHash=bd0d58c226dc63bfa4bc9052870589952c0a1f83, branch=main, programmingLanguage=JAVA, projectType=PLAIN_GRADLE, scaEnabled=false, sequentialTestRunsEnabled=false, resultPaths=[/var/tmp/testing-dir/**/test-results/test/*.xml], timeoutSeconds=0, assignmentCheckoutPath=null, testCheckoutPath=null, solutionCheckoutPath=null, dockerRunConfig=null], submissionResult=ResultDTO[id=627, completionDate=2025-02-14T23:45:15.579119131Z[Etc/UTC], successful=false, score=0.0, rated=true, submission=SubmissionDTO[id=820, submitted=true, type=MANUAL, exampleSubmission=null, submissionDate=2025-02-14T23:45:15.548349Z, commitHash=ca76dac20e040e6609db02fd7fedd56bf58829d7, buildFailed=true, buildArtifact=false, participation=ParticipationDTO[id=1958, testRun=false, type=programming, submissionCount=null, exercise=ParticipationExerciseDTO[id=2582, exerciseType=PROGRAMMING, type=programming, assessmentType=AUTOMATIC, dueDate=2025-02-16T23:45:15.103512Z, assessmentDueDate=null, maxPoints=42.0, course=CourseDTO[id=965, accuracyOfScores=1]]], submissionExerciseType=programming, isProcessing=false, buildStartDate=null, estimatedCompletionDate=null], participation=ParticipationDTO[id=1958, testRun=false, type=programming, submissionCount=null, exercise=ParticipationExerciseDTO[id=2582, exerciseType=PROGRAMMING, type=programming, assessmentType=AUTOMATIC, dueDate=2025-02-16T23:45:15.103512Z, assessmentDueDate=null, maxPoints=42.0, course=CourseDTO[id=965, accuracyOfScores=1]]], feedbacks=[], assessmentType=AUTOMATIC, hasComplaint=null, exampleResult=null, testCaseCount=0, passedTestCaseCount=0, codeIssueCount=0]], BuildJobQueueItem[id=19801739576719393, name=SHORTB2A6C58B0D447045380A858075B170A5B7C6TSTEXC-LOCALVCSSHINTSTUDENT1, buildAgent=BuildAgentDTO[name=artemis-build-agent-test, memberAddress=[127.0.0.1]:5703, displayName=artemis-build-agent-test], participationId=1980, courseId=974, exerciseId=2591, retryCount=0, priority=2, status=FAILED, repositoryInfo=RepositoryInfo[repositoryName=shortb2a6c58b0d447045380a858075b170a5b7c6tstexc-localvcsshintstudent1, repositoryType=user, triggeredByPushTo=user, assignmentRepositoryUri=http://localhost:49152/git/SHORTB2A6C58B0D447045380A858075B170A5B7C6TSTEXC/shortb2a6c58b0d447045380a858075b170a5b7c6tstexc-localvcsshintstudent1.git, testRepositoryUri=http://localhost:49152/git/SHORTB2A6C58B0D447045380A858075B170A5B7C6TSTEXC/shortb2a6c58b0d447045380a858075b170a5b7c6tstexc-tests.git, solutionRepositoryUri=null, auxiliaryRepositoryUris=[Ljava.lang.String;@43627d79, auxiliaryRepositoryCheckoutDirectories=[Ljava.lang.String;@438eebb], jobTimingInfo=JobTimingInfo[submissionDate=2025-02-14T23:45:19.393259829Z[Etc/UTC], buildStartDate=2025-02-14T23:45:19.405438171Z[Etc/UTC], buildCompletionDate=2025-02-14T23:45:19.414070673Z[Etc/UTC], estimatedCompletionDate=2025-02-14T23:45:38.405431569Z[Etc/UTC], estimatedDuration=19], buildConfig=BuildConfig[buildScript=#!/bin/bash
cd /var/tmp/testing-dir
chmod +x ./gradlew
./gradlew clean test
, dockerImage=dummy-docker-image:latest, commitHashToBuild=363cdbf709a9fff149f813ab848ee800a675cc77, assignmentCommitHash=363cdbf709a9fff149f813ab848ee800a675cc77, testCommitHash=a5e046ece417b2e538f21f816e2524dab61e0d10, branch=main, programmingLanguage=JAVA, projectType=PLAIN_GRADLE, scaEnabled=false, sequentialTestRunsEnabled=false, resultPaths=[/var/tmp/testing-dir/**/test-results/test/*.xml], timeoutSeconds=0, assignmentCheckoutPath=null, testCheckoutPath=null, solutionCheckoutPath=null, dockerRunConfig=null], submissionResult=ResultDTO[id=628, completionDate=2025-02-14T23:45:19.414171040Z[Etc/UTC], successful=false, score=0.0, rated=true, submission=SubmissionDTO[id=821, submitted=true, type=MANUAL, exampleSubmission=null, submissionDate=2025-02-14T23:45:19.376840Z, commitHash=363cdbf709a9fff149f813ab848ee800a675cc77, buildFailed=true, buildArtifact=false, participation=ParticipationDTO[id=1980, testRun=false, type=programming, submissionCount=null, exercise=ParticipationExerciseDTO[id=2591, exerciseType=PROGRAMMING, type=programming, assessmentType=AUTOMATIC, dueDate=2025-02-16T23:45:18.950569Z, assessmentDueDate=null, maxPoints=42.0, course=CourseDTO[id=974, accuracyOfScores=1]]], submissionExerciseType=programming, isProcessing=false, buildStartDate=null, estimatedCompletionDate=null], participation=ParticipationDTO[id=1980, testRun=false, type=programming, submissionCount=null, exercise=ParticipationExerciseDTO[id=2591, exerciseType=PROGRAMMING, type=programming, assessmentType=AUTOMATIC, dueDate=2025-02-16T23:45:18.950569Z, assessmentDueDate=null, maxPoints=42.0, course=CourseDTO[id=974, accuracyOfScores=1]]], feedbacks=[], assessmentType=AUTOMATIC, hasComplaint=null, exampleResult=null, testCaseCount=0, passedTestCaseCount=0, codeIssueCount=0]], BuildJobQueueItem[id=19791739576719787, name=SHORTB2A6C58B0D447045380A858075B170A5B7C6TSTEXC-BASE, buildAgent=BuildAgentDTO[name=artemis-build-agent-test, memberAddress=[127.0.0.1]:5703, displayName=artemis-build-agent-test], participationId=1979, courseId=974, exerciseId=2591, retryCount=0, priority=2, status=FAILED, repositoryInfo=RepositoryInfo[repositoryName=shortb2a6c58b0d447045380a858075b170a5b7c6tstexc-exercise, repositoryType=exercise, triggeredByPushTo=exercise, assignmentRepositoryUri=http://localhost:49152/git/SHORTB2A6C58B0D447045380A858075B170A5B7C6TSTEXC/shortb2a6c58b0d447045380a858075b170a5b7c6tstexc-exercise.git, testRepositoryUri=http://localhost:49152/git/SHORTB2A6C58B0D447045380A858075B170A5B7C6TSTEXC/shortb2a6c58b0d447045380a858075b170a5b7c6tstexc-tests.git, solutionRepositoryUri=null, auxiliaryRepositoryUris=[Ljava.lang.String;@174a510a, auxiliaryRepositoryCheckoutDirectories=[Ljava.lang.String;@2bddcf6b], jobTimingInfo=JobTimingInfo[submissionDate=2025-02-14T23:45:19.787985058Z[Etc/UTC], buildStartDate=2025-02-14T23:45:19.796327417Z[Etc/UTC], buildCompletionDate=2025-02-14T23:45:19.799750982Z[Etc/UTC], estimatedCompletionDate=2025-02-14T23:45:38.796319082Z[Etc/UTC], estimatedDuration=19], buildConfig=BuildConfig[buildScript=#!/bin/bash
cd /var/tmp/testing-dir
chmod +x ./gradlew
./gradlew clean test
, dockerImage=dummy-docker-image:latest, commitHashToBuild=363cdbf709a9fff149f813ab848ee800a675cc77, assignmentCommitHash=363cdbf709a9fff149f813ab848ee800a675cc77, testCommitHash=a5e046ece417b2e538f21f816e2524dab61e0d10, branch=main, programmingLanguage=JAVA, projectType=PLAIN_GRADLE, scaEnabled=false, sequentialTestRunsEnabled=false, resultPaths=[/var/tmp/testing-dir/**/test-results/test/*.xml], timeoutSeconds=0, assignmentCheckoutPath=null, testCheckoutPath=null, solutionCheckoutPath=null, dockerRunConfig=null], submissionResult=ResultDTO[id=629, completionDate=2025-02-14T23:45:19.799820341Z[Etc/UTC], successful=false, score=0.0, rated=true, submission=SubmissionDTO[id=822, submitted=true, type=MANUAL, exampleSubmission=null, submissionDate=2025-02-14T23:45:19.775952Z, commitHash=363cdbf709a9fff149f813ab848ee800a675cc77, buildFailed=true, buildArtifact=false, participation=ParticipationDTO[id=1979, testRun=false, type=template, submissionCount=null, exercise=ParticipationExerciseDTO[id=2591, exerciseType=PROGRAMMING, type=programming, assessmentType=AUTOMATIC, dueDate=2025-02-16T23:45:18.950569Z, assessmentDueDate=null, maxPoints=42.0, course=CourseDTO[id=974, accuracyOfScores=1]]], submissionExerciseType=programming, isProcessing=false, buildStartDate=null, estimatedCompletionDate=null], participation=ParticipationDTO[id=1979, testRun=false, type=template, submissionCount=null, exercise=ParticipationExerciseDTO[id=2591, exerciseType=PROGRAMMING, type=programming, assessmentType=AUTOMATIC, dueDate=2025-02-16T23:45:18.950569Z, assessmentDueDate=null, maxPoints=42.0, course=CourseDTO[id=974, accuracyOfScores=1]]], feedbacks=[], assessmentType=AUTOMATIC, hasComplaint=null, exampleResult=null, testCaseCount=0, passedTestCaseCount=0, codeIssueCount=0]], BuildJobQueueItem[id=19781739576720235, name=SHORTB2A6C58B0D447045380A858075B170A5B7C6TSTEXC-SOLUTION, buildAgent=BuildAgentDTO[name=artemis-build-agent-test, memberAddress=[127.0.0.1]:5703, displayName=artemis-build-agent-test], participationId=1978, courseId=974, exerciseId=2591, retryCount=0, priority=2, status=FAILED, repositoryInfo=RepositoryInfo[repositoryName=shortb2a6c58b0d447045380a858075b170a5b7c6tstexc-solution, repositoryType=solution, triggeredByPushTo=solution, assignmentRepositoryUri=http://localhost:49152/git/SHORTB2A6C58B0D447045380A858075B170A5B7C6TSTEXC/shortb2a6c58b0d447045380a858075b170a5b7c6tstexc-solution.git, testRepositoryUri=http://localhost:49152/git/SHORTB2A6C58B0D447045380A858075B170A5B7C6TSTEXC/shortb2a6c58b0d447045380a858075b170a5b7c6tstexc-tests.git, solutionRepositoryUri=null, auxiliaryRepositoryUris=[Ljava.lang.String;@7b04f6dc, auxiliaryRepositoryCheckoutDirectories=[Ljava.lang.String;@388a8231], jobTimingInfo=JobTimingInfo[submissionDate=2025-02-14T23:45:20.235272325Z[Etc/UTC], buildStartDate=2025-02-14T23:45:20.243033812Z[Etc/UTC], buildCompletionDate=2025-02-14T23:45:20.250721018Z[Etc/UTC], estimatedCompletionDate=2025-02-14T23:45:39.243026949Z[Etc/UTC], estimatedDuration=19], buildConfig=BuildConfig[buildScript=#!/bin/bash
cd /var/tmp/testing-dir
chmod +x ./gradlew
./gradlew clean test
, dockerImage=dummy-docker-image:latest, commitHashToBuild=c710d0e68c9c7db8cda7d1a278308de2b9642cc0, assignmentCommitHash=c710d0e68c9c7db8cda7d1a278308de2b9642cc0, testCommitHash=a5e046ece417b2e538f21f816e2524dab61e0d10, branch=main, programmingLanguage=JAVA, projectType=PLAIN_GRADLE, scaEnabled=false, sequentialTestRunsEnabled=false, resultPaths=[/var/tmp/testing-dir/**/test-results/test/*.xml], timeoutSeconds=0, assignmentCheckoutPath=null, testCheckoutPath=null, solutionCheckoutPath=null, dockerRunConfig=null], submissionResult=ResultDTO[id=630, completionDate=2025-02-14T23:45:20.250809893Z[Etc/UTC], successful=false, score=0.0, rated=true, submission=SubmissionDTO[id=823, submitted=true, type=MANUAL, exampleSubmission=null, submissionDate=2025-02-14T23:45:20.211707Z, commitHash=c710d0e68c9c7db8cda7d1a278308de2b9642cc0, buildFailed=true, buildArtifact=false, participation=ParticipationDTO[id=1978, testRun=false, type=solution, submissionCount=null, exercise=ParticipationExerciseDTO[id=2591, exerciseType=PROGRAMMING, type=programming, assessmentType=AUTOMATIC, dueDate=2025-02-16T23:45:18.950569Z, assessmentDueDate=null, maxPoints=42.0, course=CourseDTO[id=974, accuracyOfScores=1]]], submissionExerciseType=programming, isProcessing=false, buildStartDate=null, estimatedCompletionDate=null], participation=ParticipationDTO[id=1978, testRun=false, type=solution, submissionCount=null, exercise=ParticipationExerciseDTO[id=2591, exerciseType=PROGRAMMING, type=programming, assessmentType=AUTOMATIC, dueDate=2025-02-16T23:45:18.950569Z, assessmentDueDate=null, maxPoints=42.0, course=CourseDTO[id=974, accuracyOfScores=1]]], feedbacks=[], assessmentType=AUTOMATIC, hasComplaint=null, exampleResult=null, testCaseCount=0, passedTestCaseCount=0, codeIssueCount=0]], BuildJobQueueItem[id=19781739576720802, name=SHORTB2A6C58B0D447045380A858075B170A5B7C6TSTEXC-SOLUTION, buildAgent=BuildAgentDTO[name=artemis-build-agent-test, memberAddress=[127.0.0.1]:5703, displayName=artemis-build-agent-test], participationId=1978, courseId=974, exerciseId=2591, retryCount=0, priority=2, status=FAILED, repositoryInfo=RepositoryInfo[repositoryName=shortb2a6c58b0d447045380a858075b170a5b7c6tstexc-solution, repositoryType=solution, triggeredByPushTo=tests, assignmentRepositoryUri=http://localhost:49152/git/SHORTB2A6C58B0D447045380A858075B170A5B7C6TSTEXC/shortb2a6c58b0d447045380a858075b170a5b7c6tstexc-solution.git, testRepositoryUri=http://localhost:49152/git/SHORTB2A6C58B0D447045380A858075B170A5B7C6TSTEXC/shortb2a6c58b0d447045380a858075b170a5b7c6tstexc-tests.git, solutionRepositoryUri=null, auxiliaryRepositoryUris=[Ljava.lang.String;@7d8d562b, auxiliaryRepositoryCheckoutDirectories=[Ljava.lang.String;@38ee6866], jobTimingInfo=JobTimingInfo[submissionDate=2025-02-14T23:45:20.802935026Z[Etc/UTC], buildStartDate=2025-02-14T23:45:20.809306435Z[Etc/UTC], buildCompletionDate=2025-02-14T23:45:20.822452342Z[Etc/UTC], estimatedCompletionDate=2025-02-14T23:45:39.809298491Z[Etc/UTC], estimatedDuration=19], buildConfig=BuildConfig[buildScript=#!/bin/bash
cd /var/tmp/testing-dir
chmod +x ./gradlew
./gradlew clean test
, dockerImage=dummy-docker-image:latest, commitHashToBuild=c710d0e68c9c7db8cda7d1a278308de2b9642cc0, assignmentCommitHash=c710d0e68c9c7db8cda7d1a278308de2b9642cc0, testCommitHash=c710d0e68c9c7db8cda7d1a278308de2b9642cc0, branch=main, programmingLanguage=JAVA, projectType=PLAIN_GRADLE, scaEnabled=false, sequentialTestRunsEnabled=false, resultPaths=[/var/tmp/testing-dir/**/test-results/test/*.xml], timeoutSeconds=0, assignmentCheckoutPath=null, testCheckoutPath=null, solutionCheckoutPath=null, dockerRunConfig=null], submissionResult=ResultDTO[id=631, completionDate=2025-02-14T23:45:20.822527362Z[Etc/UTC], successful=false, score=0.0, rated=true, submission=SubmissionDTO[id=824, submitted=true, type=TEST, exampleSubmission=null, submissionDate=2025-02-14T23:45:20.791240Z, commitHash=c710d0e68c9c7db8cda7d1a278308de2b9642cc0, buildFailed=true, buildArtifact=false, participation=ParticipationDTO[id=1978, testRun=false, type=solution, submissionCount=null, exercise=ParticipationExerciseDTO[id=2591, exerciseType=PROGRAMMING, type=programming, assessmentType=AUTOMATIC, dueDate=2025-02-16T23:45:18.950569Z, assessmentDueDate=null, maxPoints=42.0, course=CourseDTO[id=974, accuracyOfScores=1]]], submissionExerciseType=programming, isProcessing=false, buildStartDate=null, estimatedCompletionDate=null], participation=ParticipationDTO[id=1978, testRun=false, type=solution, submissionCount=null, exercise=ParticipationExerciseDTO[id=2591, exerciseType=PROGRAMMING, type=programming, assessmentType=AUTOMATIC, dueDate=2025-02-16T23:45:18.950569Z, assessmentDueDate=null, maxPoints=42.0, course=CourseDTO[id=974, accuracyOfScores=1]]], feedbacks=[], assessmentType=AUTOMATIC, hasComplaint=null, exampleResult=null, testCaseCount=0, passedTestCaseCount=0, codeIssueCount=0]], BuildJobQueueItem[id=20061739576732554, name=SHORT94A899E303D7504C5D0840704DAAFA3DFF4DTSTEXC-LOCALVCCIINTINSTRUCTOR1, buildAgent=BuildAgentDTO[name=artemis-build-agent-test, memberAddress=[127.0.0.1]:5703, displayName=artemis-build-agent-test], participationId=2006, courseId=984, exerciseId=2601, retryCount=0, priority=2, status=SUCCESSFUL, repositoryInfo=RepositoryInfo[repositoryName=short94a899e303d7504c5d0840704daafa3dff4dtstexc-localvcciintinstructor1, repositoryType=user, triggeredByPushTo=user, assignmentRepositoryUri=http://localhost:49152/git/SHORT94A899E303D7504C5D0840704DAAFA3DFF4DTSTEXC/short94a899e303d7504c5d0840704daafa3dff4dtstexc-localvcciintinstructor1.git, testRepositoryUri=http://localhost:49152/git/SHORT94A899E303D7504C5D0840704DAAFA3DFF4DTSTEXC/short94a899e303d7504c5d0840704daafa3dff4dtstexc-tests.git, solutionRepositoryUri=null, auxiliaryRepositoryUris=[Ljava.lang.String;@6400dbb1, auxiliaryRepositoryCheckoutDirectories=[Ljava.lang.String;@877560a], jobTimingInfo=JobTimingInfo[submissionDate=2025-02-14T23:45:32.554795798Z[Etc/UTC], buildStartDate=2025-02-14T23:45:32.567287465Z[Etc/UTC], buildCompletionDate=2025-02-14T23:45:34.535226768Z[Etc/UTC], estimatedCompletionDate=2025-02-14T23:45:51.567257960Z[Etc/UTC], estimatedDuration=19], buildConfig=BuildConfig[buildScript=#!/bin/bash
cd /var/tmp/testing-dir
chmod +x ./gradlew
./gradlew clean test
, dockerImage=dummy-docker-image:latest, commitHashToBuild=ca2dbc0ae87edf7035058a6a17c0ea60e90a290f, assignmentCommitHash=ca2dbc0ae87edf7035058a6a17c0ea60e90a290f, testCommitHash=0207f6f98af5fbb66ad68455f3fc3cf128af8ae9, branch=main, programmingLanguage=JAVA, projectType=PLAIN_GRADLE, scaEnabled=false, sequentialTestRunsEnabled=false, resultPaths=[/var/tmp/testing-dir/**/test-results/test/*.xml], timeoutSeconds=0, assignmentCheckoutPath=null, testCheckoutPath=null, solutionCheckoutPath=null, dockerRunConfig=null], submissionResult=ResultDTO[id=632, completionDate=2025-02-14T23:45:34.504415716Z[Etc/UTC], successful=false, score=7.7, rated=false, submission=SubmissionDTO[id=826, submitted=true, type=MANUAL, exampleSubmission=null, submissionDate=2025-02-14T23:45:32.541533Z, commitHash=ca2dbc0ae87edf7035058a6a17c0ea60e90a290f, buildFailed=false, buildArtifact=false, participation=ParticipationDTO[id=2006, testRun=true, type=programming, submissionCount=null, exercise=ParticipationExerciseDTO[id=2601, exerciseType=PROGRAMMING, type=programming, assessmentType=AUTOMATIC, dueDate=2025-02-16T23:45:31.864042Z, assessmentDueDate=null, maxPoints=42.0, course=CourseDTO[id=984, accuracyOfScores=1]]], submissionExerciseType=programming, isProcessing=false, buildStartDate=null, estimatedCompletionDate=null], participation=ParticipationDTO[id=2006, testRun=true, type=programming, submissionCount=null, exercise=ParticipationExerciseDTO[id=2601, exerciseType=PROGRAMMING, type=programming, assessmentType=AUTOMATIC, dueDate=2025-02-16T23:45:31.864042Z, assessmentDueDate=null, maxPoints=42.0, course=CourseDTO[id=984, accuracyOfScores=1]]], feedbacks=[FeedbackDTO[id=920, text=null, detailText=The exercise expects a class with the name Context in the package testpackage. You did not implement the class in the exercise., hasLongFeedbackText=false, reference=null, credits=0.0, positive=false, type=AUTOMATIC, visibility=ALWAYS, testCase=TestCaseDTO[testName=null, id=1357]], FeedbackDTO[id=921, text=null, detailText=The exercise expects a class with the name Policy in the package testpackage. You did not implement the class in the exercise., hasLongFeedbackText=false, reference=null, credits=0.0, positive=false, type=AUTOMATIC, visibility=ALWAYS, testCase=TestCaseDTO[testName=null, id=1358]], FeedbackDTO[id=922, text=null, detailText=The exercise expects a class with the name SortStrategy in the package testpackage. You did not implement the class in the exercise., hasLongFeedbackText=false, reference=null, credits=0.0, positive=false, type=AUTOMATIC, visibility=ALWAYS, testCase=TestCaseDTO[testName=null, id=1359]], FeedbackDTO[id=923, text=null, detailText=The class 'MergeSort' does not implement the interface 'SortStrategy' as expected. Implement the interface and its methods., hasLongFeedbackText=false, reference=null, credits=0.0, positive=false, type=AUTOMATIC, visibility=ALWAYS, testCase=TestCaseDTO[testName=null, id=1354]], FeedbackDTO[id=924, text=null, detailText=The exercise expects a class with the name SortStrategy in the package testpackage. You did not implement the class in the exercise., hasLongFeedbackText=false, reference=null, credits=0.0, positive=false, type=AUTOMATIC, visibility=ALWAYS, testCase=TestCaseDTO[testName=null, id=1351]], FeedbackDTO[id=925, text=null, detailText=The class 'BubbleSort' does not implement the interface 'SortStrategy' as expected. Implement the interface and its methods., hasLongFeedbackText=false, reference=null, credits=0.0, positive=false, type=AUTOMATIC, visibility=ALWAYS, testCase=TestCaseDTO[testName=null, id=1355]], FeedbackDTO[id=926, text=null, detailText=MergeSort does not sort correctly, hasLongFeedbackText=false, reference=null, credits=0.0, positive=false, type=AUTOMATIC, visibility=ALWAYS, testCase=TestCaseDTO[testName=null, id=1360]], FeedbackDTO[id=927, text=null, detailText=The class 'Context' was not found within the submission. Make sure to implement it properly., hasLongFeedbackText=false, reference=null, credits=0.0, positive=false, type=AUTOMATIC, visibility=ALWAYS, testCase=TestCaseDTO[testName=null, id=1361]], FeedbackDTO[id=928, text=null, detailText=The class 'Context' was not found within the submission. Make sure to implement it properly., hasLongFeedbackText=false, reference=null, credits=0.0, positive=false, type=AUTOMATIC, visibility=ALWAYS, testCase=TestCaseDTO[testName=null, id=1362]], FeedbackDTO[id=929, text=null, detailText=The exercise expects a class with the name Policy in the package testpackage. You did not implement the class in the exercise., hasLongFeedbackText=false, reference=null, credits=0.0, positive=false, type=AUTOMATIC, visibility=ALWAYS, testCase=TestCaseDTO[testName=null, id=1356]], FeedbackDTO[id=930, text=null, detailText=The exercise expects a class with the name Context in the package testpackage. You did not implement the class in the exercise., hasLongFeedbackText=false, reference=null, credits=0.0, positive=false, type=AUTOMATIC, visibility=ALWAYS, testCase=TestCaseDTO[testName=null, id=1352]], FeedbackDTO[id=931, text=null, detailText=The exercise expects a class with the name Policy in the package testpackage. You did not implement the class in the exercise., hasLongFeedbackText=false, reference=null, credits=0.0, positive=false, type=AUTOMATIC, visibility=ALWAYS, testCase=TestCaseDTO[testName=null, id=1353]], FeedbackDTO[id=932, text=null, detailText=null, hasLongFeedbackText=false, reference=null, credits=3.230769230769231, positive=true, type=AUTOMATIC, visibility=ALWAYS, testCase=TestCaseDTO[testName=null, id=1363]]], assessmentType=AUTOMATIC, hasComplaint=null, exampleResult=null, testCaseCount=13, passedTestCaseCount=1, codeIssueCount=0]], BuildJobQueueItem[id=20111739576737317, name=SHORTD49A6DAE04F9E049850BD5601663FD17A5B7TSTEXC-BASE, buildAgent=BuildAgentDTO[name=artemis-build-agent-test, memberAddress=[127.0.0.1]:5703, displayName=artemis-build-agent-test], participationId=2011, courseId=986, exerciseId=2603, retryCount=0, priority=2, status=SUCCESSFUL, repositoryInfo=RepositoryInfo[repositoryName=shortd49a6dae04f9e049850bd5601663fd17a5b7tstexc-exercise, repositoryType=exercise, triggeredByPushTo=exercise, assignmentRepositoryUri=http://localhost:49152/git/SHORTD49A6DAE04F9E049850BD5601663FD17A5B7TSTEXC/shortd49a6dae04f9e049850bd5601663fd17a5b7tstexc-exercise.git, testRepositoryUri=http://localhost:49152/git/SHORTD49A6DAE04F9E049850BD5601663FD17A5B7TSTEXC/shortd49a6dae04f9e049850bd5601663fd17a5b7tstexc-tests.git, solutionRepositoryUri=null, auxiliaryRepositoryUris=[Ljava.lang.String;@1f5c6521, auxiliaryRepositoryCheckoutDirectories=[Ljava.lang.String;@543a93f4], jobTimingInfo=JobTimingInfo[submissionDate=2025-02-14T23:45:37.317968648Z[Etc/UTC], buildStartDate=2025-02-14T23:45:37.324534774Z[Etc/UTC], buildCompletionDate=2025-02-14T23:45:38.527225461Z[Etc/UTC], estimatedCompletionDate=2025-02-14T23:45:56.324506331Z[Etc/UTC], estimatedDuration=19], buildConfig=BuildConfig[buildScript=#!/bin/bash
cd /var/tmp/testing-dir
chmod +x ./gradlew
./gradlew clean test
, dockerImage=dummy-docker-image:latest, commitHashToBuild=c795243c185829bbefa399f45dcbcfac22311b2f, assignmentCommitHash=c795243c185829bbefa399f45dcbcfac22311b2f, testCommitHash=fa8b162170bf767d852e05e0eb7a128efa2e1f34, branch=main, programmingLanguage=JAVA, projectType=PLAIN_GRADLE, scaEnabled=false, sequentialTestRunsEnabled=false, resultPaths=[/var/tmp/testing-dir/**/test-results/test/*.xml], timeoutSeconds=0, assignmentCheckoutPath=null, testCheckoutPath=null, solutionCheckoutPath=null, dockerRunConfig=null], submissionResult=ResultDTO[id=633, completionDate=2025-02-14T23:45:38.476795726Z[Etc/UTC], successful=false, score=0.0, rated=true, submission=SubmissionDTO[id=827, submitted=true, type=MANUAL, exampleSubmission=null, submissionDate=2025-02-14T23:45:37.303401Z, commitHash=c795243c185829bbefa399f45dcbcfac22311b2f, buildFailed=false, buildArtifact=false, participation=ParticipationDTO[id=2011, testRun=false, type=template, submissionCount=null, exercise=ParticipationExerciseDTO[id=2603, exerciseType=PROGRAMMING, type=programming, assessmentType=AUTOMATIC, dueDate=2025-02-16T23:45:36.830269Z, assessmentDueDate=null, maxPoints=42.0, course=CourseDTO[id=986, accuracyOfScores=1]]], submissionExerciseType=programming, isProcessing=false, buildStartDate=null, estimatedCompletionDate=null], participation=ParticipationDTO[id=2011, testRun=false, type=template, submissionCount=null, exercise=ParticipationExerciseDTO[id=2603, exerciseType=PROGRAMMING, type=programming, assessmentType=AUTOMATIC, dueDate=2025-02-16T23:45:36.830269Z, assessmentDueDate=null, maxPoints=42.0, course=CourseDTO[id=986, accuracyOfScores=1]]], feedbacks=[FeedbackDTO[id=933, text=null, detailText=The exercise expects a class with the name Context in the package testpackage. You did not implement the class in the exercise., hasLongFeedbackText=false, reference=null, credits=0.0, positive=false, type=AUTOMATIC, visibility=ALWAYS, testCase=TestCaseDTO[testName=testMethods[Context], id=1383]], FeedbackDTO[id=934, text=null, detailText=The exercise expects a class with the name Policy in the package testpackage. You did not implement the class in the exercise., hasLongFeedbackText=false, reference=null, credits=0.0, positive=false, type=AUTOMATIC, visibility=ALWAYS, testCase=TestCaseDTO[testName=testMethods[Policy], id=1384]], FeedbackDTO[id=935, text=null, detailText=The exercise expects a class with the name SortStrategy in the package testpackage. You did not implement the class in the exercise., hasLongFeedbackText=false, reference=null, credits=0.0, positive=false, type=AUTOMATIC, visibility=ALWAYS, testCase=TestCaseDTO[testName=testMethods[SortStrategy], id=1385]], FeedbackDTO[id=936, text=null, detailText=The class 'MergeSort' does not implement the interface 'SortStrategy' as expected. Implement the interface and its methods., hasLongFeedbackText=false, reference=null, credits=0.0, positive=false, type=AUTOMATIC, visibility=ALWAYS, testCase=TestCaseDTO[testName=testClass[MergeSort], id=1380]], FeedbackDTO[id=937, text=null, detailText=The exercise expects a class with the name SortStrategy in the package testpackage. You did not implement the class in the exercise., hasLongFeedbackText=false, reference=null, credits=0.0, positive=false, type=AUTOMATIC, visibility=ALWAYS, testCase=TestCaseDTO[testName=testClass[SortStrategy], id=1377]], FeedbackDTO[id=938, text=null, detailText=The class 'BubbleSort' does not implement the interface 'SortStrategy' as expected. Implement the interface and its methods., hasLongFeedbackText=false, reference=null, credits=0.0, positive=false, type=AUTOMATIC, visibility=ALWAYS, testCase=TestCaseDTO[testName=testClass[BubbleSort], id=1381]], FeedbackDTO[id=939, text=null, detailText=MergeSort does not sort correctly, hasLongFeedbackText=false, reference=null, credits=0.0, positive=false, type=AUTOMATIC, visibility=ALWAYS, testCase=TestCaseDTO[testName=testMergeSort(), id=1386]], FeedbackDTO[id=940, text=null, detailText=The class 'Context' was not found within the submission. Make sure to implement it properly., hasLongFeedbackText=false, reference=null, credits=0.0, positive=false, type=AUTOMATIC, visibility=ALWAYS, testCase=TestCaseDTO[testName=testUseBubbleSortForSmallList(), id=1387]], FeedbackDTO[id=941, text=null, detailText=BubbleSort does not sort correctly, hasLongFeedbackText=false, reference=null, credits=0.0, positive=false, type=AUTOMATIC, visibility=ALWAYS, testCase=TestCaseDTO[testName=testBubbleSort(), id=1389]], FeedbackDTO[id=942, text=null, detailText=The class 'Context' was not found within the submission. Make sure to implement it properly., hasLongFeedbackText=false, reference=null, credits=0.0, positive=false, type=AUTOMATIC, visibility=ALWAYS, testCase=TestCaseDTO[testName=testUseMergeSortForBigList(), id=1388]], FeedbackDTO[id=943, text=null, detailText=The exercise expects a class with the name Policy in the package testpackage. You did not implement the class in the exercise., hasLongFeedbackText=false, reference=null, credits=0.0, positive=false, type=AUTOMATIC, visibility=ALWAYS, testCase=TestCaseDTO[testName=testConstructors[Policy], id=1382]], FeedbackDTO[id=944, text=null, detailText=The exercise expects a class with the name Context in the package testpackage. You did not implement the class in the exercise., hasLongFeedbackText=false, reference=null, credits=0.0, positive=false, type=AUTOMATIC, visibility=ALWAYS, testCase=TestCaseDTO[testName=testAttributes[Context], id=1378]], FeedbackDTO[id=945, text=null, detailText=The exercise expects a class with the name Policy in the package testpackage. You did not implement the class in the exercise., hasLongFeedbackText=false, reference=null, credits=0.0, positive=false, type=AUTOMATIC, visibility=ALWAYS, testCase=TestCaseDTO[testName=testAttributes[Policy], id=1379]]], assessmentType=AUTOMATIC, hasComplaint=null, exampleResult=null, testCaseCount=13, passedTestCaseCount=0, codeIssueCount=0]], BuildJobQueueItem[id=20171739576740018, name=SHORT7914AFA00ADC3047140B99D01AC07810CE44TSTEXC-LOCALVCCIINTSTUDENT1, buildAgent=BuildAgentDTO[name=artemis-build-agent-test, memberAddress=[127.0.0.1]:5703, displayName=artemis-build-agent-test], participationId=2017, courseId=988, exerciseId=2605, retryCount=0, priority=2, status=SUCCESSFUL, repositoryInfo=RepositoryInfo[repositoryName=short7914afa00adc3047140b99d01ac07810ce44tstexc-practice-localvcciintstudent1, repositoryType=user, triggeredByPushTo=user, assignmentRepositoryUri=http://localhost:49152/git/SHORT7914AFA00ADC3047140B99D01AC07810CE44TSTEXC/short7914afa00adc3047140b99d01ac07810ce44tstexc-practice-localvcciintstudent1.git, testRepositoryUri=http://localhost:49152/git/SHORT7914AFA00ADC3047140B99D01AC07810CE44TSTEXC/short7914afa00adc3047140b99d01ac07810ce44tstexc-tests.git, solutionRepositoryUri=null, auxiliaryRepositoryUris=[Ljava.lang.String;@36050791, auxiliaryRepositoryCheckoutDirectories=[Ljava.lang.String;@470c05d], jobTimingInfo=JobTimingInfo[submissionDate=2025-02-14T23:45:40.018961253Z[Etc/UTC], buildStartDate=2025-02-14T23:45:40.029742701Z[Etc/UTC], buildCompletionDate=2025-02-14T23:45:41.150208242Z[Etc/UTC], estimatedCompletionDate=2025-02-14T23:45:59.029734065Z[Etc/UTC], estimatedDuration=19], buildConfig=BuildConfig[buildScript=#!/bin/bash
cd /var/tmp/testing-dir
chmod +x ./gradlew
./gradlew clean test
, dockerImage=dummy-docker-image:latest, commitHashToBuild=d80b57877989b971e83ccdb4863c8a7023c76266, assignmentCommitHash=d80b57877989b971e83ccdb4863c8a7023c76266, testCommitHash=327b116890c92b1312314341f43f21ef13ecf7d7, branch=main, programmingLanguage=JAVA, projectType=PLAIN_GRADLE, scaEnabled=false, sequentialTestRunsEnabled=false, resultPaths=[/var/tmp/testing-dir/**/test-results/test/*.xml], timeoutSeconds=0, assignmentCheckoutPath=null, testCheckoutPath=null, solutionCheckoutPath=null, dockerRunConfig=null], submissionResult=ResultDTO[id=634, completionDate=2025-02-14T23:45:41.120192603Z[Etc/UTC], successful=false, score=7.7, rated=false, submission=SubmissionDTO[id=828, submitted=true, type=MANUAL, exampleSubmission=null, submissionDate=2025-02-14T23:45:40.008666Z, commitHash=d80b57877989b971e83ccdb4863c8a7023c76266, buildFailed=false, buildArtifact=false, participation=ParticipationDTO[id=2017, testRun=true, type=programming, submissionCount=null, exercise=ParticipationExerciseDTO[id=2605, exerciseType=PROGRAMMING, type=programming, assessmentType=AUTOMATIC, dueDate=2025-02-16T23:45:39.523500Z, assessmentDueDate=null, maxPoints=42.0, course=CourseDTO[id=988, accuracyOfScores=1]]], submissionExerciseType=programming, isProcessing=false, buildStartDate=null, estimatedCompletionDate=null], participation=ParticipationDTO[id=2017, testRun=true, type=programming, submissionCount=null, exercise=ParticipationExerciseDTO[id=2605, exerciseType=PROGRAMMING, type=programming, assessmentType=AUTOMATIC, dueDate=2025-02-16T23:45:39.523500Z, assessmentDueDate=null, maxPoints=42.0, course=CourseDTO[id=988, accuracyOfScores=1]]], feedbacks=[FeedbackDTO[id=946, text=null, detailText=The exercise expects a class with the name Context in the package testpackage. You did not implement the class in the exercise., hasLongFeedbackText=false, reference=null, credits=0.0, positive=false, type=AUTOMATIC, visibility=ALWAYS, testCase=TestCaseDTO[testName=null, id=1409]], FeedbackDTO[id=947, text=null, detailText=The exercise expects a class with the name Policy in the package testpackage. You did not implement the class in the exercise., hasLongFeedbackText=false, reference=null, credits=0.0, positive=false, type=AUTOMATIC, visibility=ALWAYS, testCase=TestCaseDTO[testName=null, id=1410]], FeedbackDTO[id=948, text=null, detailText=The exercise expects a class with the name SortStrategy in the package testpackage. You did not implement the class in the exercise., hasLongFeedbackText=false, reference=null, credits=0.0, positive=false, type=AUTOMATIC, visibility=ALWAYS, testCase=TestCaseDTO[testName=null, id=1411]], FeedbackDTO[id=949, text=null, detailText=The class 'MergeSort' does not implement the interface 'SortStrategy' as expected. Implement the interface and its methods., hasLongFeedbackText=false, reference=null, credits=0.0, positive=false, type=AUTOMATIC, visibility=ALWAYS, testCase=TestCaseDTO[testName=null, id=1406]], FeedbackDTO[id=950, text=null, detailText=The exercise expects a class with the name SortStrategy in the package testpackage. You did not implement the class in the exercise., hasLongFeedbackText=false, reference=null, credits=0.0, positive=false, type=AUTOMATIC, visibility=ALWAYS, testCase=TestCaseDTO[testName=null, id=1403]], FeedbackDTO[id=951, text=null, detailText=The class 'BubbleSort' does not implement the interface 'SortStrategy' as expected. Implement the interface and its methods., hasLongFeedbackText=false, reference=null, credits=0.0, positive=false, type=AUTOMATIC, visibility=ALWAYS, testCase=TestCaseDTO[testName=null, id=1407]], FeedbackDTO[id=952, text=null, detailText=MergeSort does not sort correctly, hasLongFeedbackText=false, reference=null, credits=0.0, positive=false, type=AUTOMATIC, visibility=ALWAYS, testCase=TestCaseDTO[testName=null, id=1412]], FeedbackDTO[id=953, text=null, detailText=The class 'Context' was not found within the submission. Make sure to implement it properly., hasLongFeedbackText=false, reference=null, credits=0.0, positive=false, type=AUTOMATIC, visibility=ALWAYS, testCase=TestCaseDTO[testName=null, id=1413]], FeedbackDTO[id=954, text=null, detailText=The class 'Context' was not found within the submission. Make sure to implement it properly., hasLongFeedbackText=false, reference=null, credits=0.0, positive=false, type=AUTOMATIC, visibility=ALWAYS, testCase=TestCaseDTO[testName=null, id=1414]], FeedbackDTO[id=955, text=null, detailText=The exercise expects a class with the name Policy in the package testpackage. You did not implement the class in the exercise., hasLongFeedbackText=false, reference=null, credits=0.0, positive=false, type=AUTOMATIC, visibility=ALWAYS, testCase=TestCaseDTO[testName=null, id=1408]], FeedbackDTO[id=956, text=null, detailText=The exercise expects a class with the name Context in the package testpackage. You did not implement the class in the exercise., hasLongFeedbackText=false, reference=null, credits=0.0, positive=false, type=AUTOMATIC, visibility=ALWAYS, testCase=TestCaseDTO[testName=null, id=1404]], FeedbackDTO[id=957, text=null, detailText=The exercise expects a class with the name Policy in the package testpackage. You did not implement the class in the exercise., hasLongFeedbackText=false, reference=null, credits=0.0, positive=false, type=AUTOMATIC, visibility=ALWAYS, testCase=TestCaseDTO[testName=null, id=1405]], FeedbackDTO[id=958, text=null, detailText=null, hasLongFeedbackText=false, reference=null, credits=3.230769230769231, positive=true, type=AUTOMATIC, visibility=ALWAYS, testCase=TestCaseDTO[testName=null, id=1415]]], assessmentType=AUTOMATIC, hasComplaint=null, exampleResult=null, testCaseCount=13, passedTestCaseCount=1, codeIssueCount=0]], BuildJobQueueItem[id=20261739576743984, name=SHORT53C73BE505404043100AC2F00C039353CE8FTSTEXC-LOCALVCCIINTSTUDENT1, buildAgent=BuildAgentDTO[name=artemis-build-agent-test, memberAddress=[127.0.0.1]:5703, displayName=artemis-build-agent-test], participationId=2026, courseId=991, exerciseId=2608, retryCount=0, priority=1, status=SUCCESSFUL, repositoryInfo=RepositoryInfo[repositoryName=short53c73be505404043100ac2f00c039353ce8ftstexc-localvcciintstudent1, repositoryType=user, triggeredByPushTo=user, assignmentRepositoryUri=http://localhost:49152/git/SHORT53C73BE505404043100AC2F00C039353CE8FTSTEXC/short53c73be505404043100ac2f00c039353ce8ftstexc-localvcciintstudent1.git, testRepositoryUri=http://localhost:49152/git/SHORT53C73BE505404043100AC2F00C039353CE8FTSTEXC/short53c73be505404043100ac2f00c039353ce8ftstexc-tests.git, solutionRepositoryUri=null, auxiliaryRepositoryUris=[Ljava.lang.String;@78f9c89f, auxiliaryRepositoryCheckoutDirectories=[Ljava.lang.String;@785c5147], jobTimingInfo=JobTimingInfo[submissionDate=2025-02-14T23:45:43.984518859Z[Etc/UTC], buildStartDate=2025-02-14T23:45:43.991385682Z[Etc/UTC], buildCompletionDate=2025-02-14T23:45:44.982059928Z[Etc/UTC], estimatedCompletionDate=2025-02-14T23:46:02.991380122Z[Etc/UTC], estimatedDuration=19], buildConfig=BuildConfig[buildScript=#!/bin/bash
cd /var/tmp/testing-dir
chmod +x ./gradlew
./gradlew clean test
, dockerImage=dummy-docker-image:latest, commitHashToBuild=3e90ae9fef2e44ffb41451a080bdaa6a44ad6848, assignmentCommitHash=3e90ae9fef2e44ffb41451a080bdaa6a44ad6848, testCommitHash=0582754c87aae13e640312855ce7dbe490ecb50c, branch=main, programmingLanguage=JAVA, projectType=PLAIN_GRADLE, scaEnabled=false, sequentialTestRunsEnabled=false, resultPaths=[/var/tmp/testing-dir/**/test-results/test/*.xml], timeoutSeconds=0, assignmentCheckoutPath=null, testCheckoutPath=null, solutionCheckoutPath=null, dockerRunConfig=null], submissionResult=ResultDTO[id=635, completionDate=2025-02-14T23:45:44.961313737Z[Etc/UTC], successful=false, score=7.7, rated=true, submission=SubmissionDTO[id=829, submitted=true, type=MANUAL, exampleSubmission=null, submissionDate=2025-02-14T23:45:43.967766Z, commitHash=3e90ae9fef2e44ffb41451a080bdaa6a44ad6848, buildFailed=false, buildArtifact=false, participation=ParticipationDTO[id=2026, testRun=false, type=programming, submissionCount=null, exercise=ParticipationExerciseDTO[id=2608, exerciseType=PROGRAMMING, type=programming, assessmentType=AUTOMATIC, dueDate=2025-02-16T23:45:43.597978Z, assessmentDueDate=null, maxPoints=42.0, course=CourseDTO[id=991, accuracyOfScores=1]]], submissionExerciseType=programming, isProcessing=false, buildStartDate=null, estimatedCompletionDate=null], participation=ParticipationDTO[id=2026, testRun=false, type=programming, submissionCount=null, exercise=ParticipationExerciseDTO[id=2608, exerciseType=PROGRAMMING, type=programming, assessmentType=AUTOMATIC, dueDate=2025-02-16T23:45:43.597978Z, assessmentDueDate=null, maxPoints=42.0, course=CourseDTO[id=991, accuracyOfScores=1]]], feedbacks=[FeedbackDTO[id=959, text=null, detailText=The exercise expects a class with the name Context in the package testpackage. You did not implement the class in the exercise., hasLongFeedbackText=false, reference=null, credits=0.0, positive=false, type=AUTOMATIC, visibility=ALWAYS, testCase=TestCaseDTO[testName=null, id=1448]], FeedbackDTO[id=960, text=null, detailText=The exercise expects a class with the name Policy in the package testpackage. You did not implement the class in the exercise., hasLongFeedbackText=false, reference=null, credits=0.0, positive=false, type=AUTOMATIC, visibility=ALWAYS, testCase=TestCaseDTO[testName=null, id=1449]], FeedbackDTO[id=961, text=null, detailText=The exercise expects a class with the name SortStrategy in the package testpackage. You did not implement the class in the exercise., hasLongFeedbackText=false, reference=null, credits=0.0, positive=false, type=AUTOMATIC, visibility=ALWAYS, testCase=TestCaseDTO[testName=null, id=1450]], FeedbackDTO[id=962, text=null, detailText=The class 'MergeSort' does not implement the interface 'SortStrategy' as expected. Implement the interface and its methods., hasLongFeedbackText=false, reference=null, credits=0.0, positive=false, type=AUTOMATIC, visibility=ALWAYS, testCase=TestCaseDTO[testName=null, id=1445]], FeedbackDTO[id=963, text=null, detailText=The exercise expects a class with the name SortStrategy in the package testpackage. You did not implement the class in the exercise., hasLongFeedbackText=false, reference=null, credits=0.0, positive=false, type=AUTOMATIC, visibility=ALWAYS, testCase=TestCaseDTO[testName=null, id=1442]], FeedbackDTO[id=964, text=null, detailText=The class 'BubbleSort' does not implement the interface 'SortStrategy' as expected. Implement the interface and its methods., hasLongFeedbackText=false, reference=null, credits=0.0, positive=false, type=AUTOMATIC, visibility=ALWAYS, testCase=TestCaseDTO[testName=null, id=1446]], FeedbackDTO[id=965, text=null, detailText=MergeSort does not sort correctly, hasLongFeedbackText=false, reference=null, credits=0.0, positive=false, type=AUTOMATIC, visibility=ALWAYS, testCase=TestCaseDTO[testName=null, id=1451]], FeedbackDTO[id=966, text=null, detailText=The class 'Context' was not found within the submission. Make sure to implement it properly., hasLongFeedbackText=false, reference=null, credits=0.0, positive=false, type=AUTOMATIC, visibility=ALWAYS, testCase=TestCaseDTO[testName=null, id=1452]], FeedbackDTO[id=967, text=null, detailText=The class 'Context' was not found within the submission. Make sure to implement it properly., hasLongFeedbackText=false, reference=null, credits=0.0, positive=false, type=AUTOMATIC, visibility=ALWAYS, testCase=TestCaseDTO[testName=null, id=1453]], FeedbackDTO[id=968, text=null, detailText=The exercise expects a class with the name Policy in the package testpackage. You did not implement the class in the exercise., hasLongFeedbackText=false, reference=null, credits=0.0, positive=false, type=AUTOMATIC, visibility=ALWAYS, testCase=TestCaseDTO[testName=null, id=1447]], FeedbackDTO[id=969, text=null, detailText=The exercise expects a class with the name Context in the package testpackage. You did not implement the class in the exercise., hasLongFeedbackText=false, reference=null, credits=0.0, positive=false, type=AUTOMATIC, visibility=ALWAYS, testCase=TestCaseDTO[testName=null, id=1443]], FeedbackDTO[id=970, text=null, detailText=The exercise expects a class with the name Policy in the package testpackage. You did not implement the class in the exercise., hasLongFeedbackText=false, reference=null, credits=0.0, positive=false, type=AUTOMATIC, visibility=ALWAYS, testCase=TestCaseDTO[testName=null, id=1444]], FeedbackDTO[id=971, text=null, detailText=null, hasLongFeedbackText=false, reference=null, credits=3.230769230769231, positive=true, type=AUTOMATIC, visibility=ALWAYS, testCase=TestCaseDTO[testName=null, id=1454]]], assessmentType=AUTOMATIC, hasComplaint=null, exampleResult=null, testCaseCount=13, passedTestCaseCount=1, codeIssueCount=0]], BuildJobQueueItem[id=20271739576746886, name=SHORT0FC863930E92904248098A506171F81CF6CFTSTEXC-SOLUTION, buildAgent=BuildAgentDTO[name=artemis-build-agent-test, memberAddress=[127.0.0.1]:5703, displayName=artemis-build-agent-test], participationId=2027, courseId=992, exerciseId=2609, retryCount=0, priority=2, status=SUCCESSFUL, repositoryInfo=RepositoryInfo[repositoryName=short0fc863930e92904248098a506171f81cf6cftstexc-solution, repositoryType=solution, triggeredByPushTo=auxiliary, assignmentRepositoryUri=http://localhost:49152/git/SHORT0FC863930E92904248098A506171F81CF6CFTSTEXC/short0fc863930e92904248098a506171f81cf6cftstexc-solution.git, testRepositoryUri=http://localhost:49152/git/SHORT0FC863930E92904248098A506171F81CF6CFTSTEXC/short0fc863930e92904248098a506171f81cf6cftstexc-tests.git, solutionRepositoryUri=null, auxiliaryRepositoryUris=[Ljava.lang.String;@667be852, auxiliaryRepositoryCheckoutDirectories=[Ljava.lang.String;@640bbee8], jobTimingInfo=JobTimingInfo[submissionDate=2025-02-14T23:45:46.886984066Z[Etc/UTC], buildStartDate=2025-02-14T23:45:46.897709578Z[Etc/UTC], buildCompletionDate=2025-02-14T23:45:48.628460156Z[Etc/UTC], estimatedCompletionDate=2025-02-14T23:46:05.897701272Z[Etc/UTC], estimatedDuration=19], buildConfig=BuildConfig[buildScript=#!/bin/bash
cd /var/tmp/testing-dir
chmod +x ./gradlew
./gradlew clean test
, dockerImage=dummy-docker-image:latest, commitHashToBuild=null, assignmentCommitHash=115a2e943bee242fdad360b50d8ad5f30792577e, testCommitHash=9b3a9bd71a0d80e5bbc42204c319ed3d1d4f0d6d, branch=main, programmingLanguage=JAVA, projectType=PLAIN_GRADLE, scaEnabled=false, sequentialTestRunsEnabled=false, resultPaths=[/var/tmp/testing-dir/**/test-results/test/*.xml], timeoutSeconds=0, assignmentCheckoutPath=null, testCheckoutPath=null, solutionCheckoutPath=null, dockerRunConfig=null], submissionResult=ResultDTO[id=636, completionDate=2025-02-14T23:45:48.593370968Z[Etc/UTC], successful=true, score=100.0, rated=true, submission=SubmissionDTO[id=830, submitted=true, type=TEST, exampleSubmission=null, submissionDate=2025-02-14T23:45:46.873671Z, commitHash=9b3a9bd71a0d80e5bbc42204c319ed3d1d4f0d6d, buildFailed=false, buildArtifact=false, participation=ParticipationDTO[id=2027, testRun=false, type=solution, submissionCount=null, exercise=ParticipationExerciseDTO[id=2609, exerciseType=PROGRAMMING, type=programming, assessmentType=AUTOMATIC, dueDate=2025-02-16T23:45:46.386304Z, assessmentDueDate=null, maxPoints=42.0, course=CourseDTO[id=992, accuracyOfScores=1]]], submissionExerciseType=programming, isProcessing=false, buildStartDate=null, estimatedCompletionDate=null], participation=ParticipationDTO[id=2027, testRun=false, type=solution, submissionCount=null, exercise=ParticipationExerciseDTO[id=2609, exerciseType=PROGRAMMING, type=programming, assessmentType=AUTOMATIC, dueDate=2025-02-16T23:45:46.386304Z, assessmentDueDate=null, maxPoints=42.0, course=CourseDTO[id=992, accuracyOfScores=1]]], feedbacks=[FeedbackDTO[id=972, text=null, detailText=null, hasLongFeedbackText=false, reference=null, credits=3.230769230769231, positive=true, type=AUTOMATIC, visibility=ALWAYS, testCase=TestCaseDTO[testName=testMethods[Context], id=1461]], FeedbackDTO[id=973, text=null, detailText=null, hasLongFeedbackText=false, reference=null, credits=3.230769230769231, positive=true, type=AUTOMATIC, visibility=ALWAYS, testCase=TestCaseDTO[testName=testMethods[Policy], id=1462]], FeedbackDTO[id=974, text=null, detailText=null, hasLongFeedbackText=false, reference=null, credits=3.230769230769231, positive=true, type=AUTOMATIC, visibility=ALWAYS, testCase=TestCaseDTO[testName=testMethods[SortStrategy], id=1463]], FeedbackDTO[id=975, text=null, detailText=null, hasLongFeedbackText=false, reference=null, credits=3.230769230769231, positive=true, type=AUTOMATIC, visibility=ALWAYS, testCase=TestCaseDTO[testName=testClass[MergeSort], id=1458]], FeedbackDTO[id=976, text=null, detailText=null, hasLongFeedbackText=false, reference=null, credits=3.230769230769231, positive=true, type=AUTOMATIC, visibility=ALWAYS, testCase=TestCaseDTO[testName=testClass[SortStrategy], id=1455]], FeedbackDTO[id=977, text=null, detailText=null, hasLongFeedbackText=false, reference=null, credits=3.230769230769231, positive=true, type=AUTOMATIC, visibility=ALWAYS, testCase=TestCaseDTO[testName=testClass[BubbleSort], id=1459]], FeedbackDTO[id=978, text=null, detailText=null, hasLongFeedbackText=false, reference=null, credits=3.230769230769231, positive=true, type=AUTOMATIC, visibility=ALWAYS, testCase=TestCaseDTO[testName=testMergeSort(), id=1464]], FeedbackDTO[id=979, text=null, detailText=null, hasLongFeedbackText=false, reference=null, credits=3.230769230769231, positive=true, type=AUTOMATIC, visibility=ALWAYS, testCase=TestCaseDTO[testName=testUseBubbleSortForSmallList(), id=1465]], FeedbackDTO[id=980, text=null, detailText=null, hasLongFeedbackText=false, reference=null, credits=3.230769230769231, positive=true, type=AUTOMATIC, visibility=ALWAYS, testCase=TestCaseDTO[testName=testBubbleSort(), id=1467]], FeedbackDTO[id=981, text=null, detailText=null, hasLongFeedbackText=false, reference=null, credits=3.230769230769231, positive=true, type=AUTOMATIC, visibility=ALWAYS, testCase=TestCaseDTO[testName=testUseMergeSortForBigList(), id=1466]], FeedbackDTO[id=982, text=null, detailText=null, hasLongFeedbackText=false, reference=null, credits=3.230769230769231, positive=true, type=AUTOMATIC, visibility=ALWAYS, testCase=TestCaseDTO[testName=testConstructors[Policy], id=1460]], FeedbackDTO[id=983, text=null, detailText=null, hasLongFeedbackText=false, reference=null, credits=3.230769230769231, positive=true, type=AUTOMATIC, visibility=ALWAYS, testCase=TestCaseDTO[testName=testAttributes[Context], id=1456]], FeedbackDTO[id=984, text=null, detailText=null, hasLongFeedbackText=false, reference=null, credits=3.230769230769231, positive=true, type=AUTOMATIC, visibility=ALWAYS, testCase=TestCaseDTO[testName=testAttributes[Policy], id=1457]]], assessmentType=AUTOMATIC, hasComplaint=null, exampleResult=null, testCaseCount=13, passedTestCaseCount=13, codeIssueCount=0]], BuildJobQueueItem[id=20281739576748768, name=SHORT0FC863930E92904248098A506171F81CF6CFTSTEXC-BASE, buildAgent=BuildAgentDTO[name=artemis-build-agent-test, memberAddress=[127.0.0.1]:5703, displayName=artemis-build-agent-test], participationId=2028, courseId=992, exerciseId=2609, retryCount=0, priority=2, status=SUCCESSFUL, repositoryInfo=RepositoryInfo[repositoryName=short0fc863930e92904248098a506171f81cf6cftstexc-exercise, repositoryType=exercise, triggeredByPushTo=auxiliary, assignmentRepositoryUri=http://localhost:49152/git/SHORT0FC863930E92904248098A506171F81CF6CFTSTEXC/short0fc863930e92904248098a506171f81cf6cftstexc-exercise.git, testRepositoryUri=http://localhost:49152/git/SHORT0FC863930E92904248098A506171F81CF6CFTSTEXC/short0fc863930e92904248098a506171f81cf6cftstexc-tests.git, solutionRepositoryUri=null, auxiliaryRepositoryUris=[Ljava.lang.String;@52003fc6, auxiliaryRepositoryCheckoutDirectories=[Ljava.lang.String;@484c9aa8], jobTimingInfo=JobTimingInfo[submissionDate=2025-02-14T23:45:48.768063548Z[Etc/UTC], buildStartDate=2025-02-14T23:45:48.802531989Z[Etc/UTC], buildCompletionDate=2025-02-14T23:45:50.482681367Z[Etc/UTC], estimatedCompletionDate=2025-02-14T23:45:50.802523092Z[Etc/UTC], estimatedDuration=2], buildConfig=BuildConfig[buildScript=#!/bin/bash
cd /var/tmp/testing-dir
chmod +x ./gradlew
./gradlew clean test
, dockerImage=dummy-docker-image:latest, commitHashToBuild=9b3a9bd71a0d80e5bbc42204c319ed3d1d4f0d6d, assignmentCommitHash=115a2e943bee242fdad360b50d8ad5f30792577e, testCommitHash=9b3a9bd71a0d80e5bbc42204c319ed3d1d4f0d6d, branch=main, programmingLanguage=JAVA, projectType=PLAIN_GRADLE, scaEnabled=false, sequentialTestRunsEnabled=false, resultPaths=[/var/tmp/testing-dir/**/test-results/test/*.xml], timeoutSeconds=0, assignmentCheckoutPath=null, testCheckoutPath=null, solutionCheckoutPath=null, dockerRunConfig=null], submissionResult=ResultDTO[id=637, completionDate=2025-02-14T23:45:50.449084694Z[Etc/UTC], successful=false, score=0.0, rated=true, submission=SubmissionDTO[id=831, submitted=true, type=TEST, exampleSubmission=null, submissionDate=2025-02-14T23:45:48.761177Z, commitHash=9b3a9bd71a0d80e5bbc42204c319ed3d1d4f0d6d, buildFailed=false, buildArtifact=false, participation=ParticipationDTO[id=2028, testRun=false, type=template, submissionCount=null, exercise=ParticipationExerciseDTO[id=2609, exerciseType=PROGRAMMING, type=programming, assessmentType=AUTOMATIC, dueDate=2025-02-16T23:45:46.386304Z, assessmentDueDate=null, maxPoints=42.0, course=CourseDTO[id=992, accuracyOfScores=1]]], submissionExerciseType=programming, isProcessing=false, buildStartDate=null, estimatedCompletionDate=null], participation=ParticipationDTO[id=2028, testRun=false, type=template, submissionCount=null, exercise=ParticipationExerciseDTO[id=2609, exerciseType=PROGRAMMING, type=programming, assessmentType=AUTOMATIC, dueDate=2025-02-16T23:45:46.386304Z, assessmentDueDate=null, maxPoints=42.0, course=CourseDTO[id=992, accuracyOfScores=1]]], feedbacks=[FeedbackDTO[id=985, text=null, detailText=The exercise expects a class with the name Context in the package testpackage. You did not implement the class in the exercise., hasLongFeedbackText=false, reference=null, credits=0.0, positive=false, type=AUTOMATIC, visibility=ALWAYS, testCase=TestCaseDTO[testName=testMethods[Context], id=1461]], FeedbackDTO[id=986, text=null, detailText=The exercise expects a class with the name Policy in the package testpackage. You did not implement the class in the exercise., hasLongFeedbackText=false, reference=null, credits=0.0, positive=false, type=AUTOMATIC, visibility=ALWAYS, testCase=TestCaseDTO[testName=testMethods[Policy], id=1462]], FeedbackDTO[id=987, text=null, detailText=The exercise expects a class with the name SortStrategy in the package testpackage. You did not implement the class in the exercise., hasLongFeedbackText=false, reference=null, credits=0.0, positive=false, type=AUTOMATIC, visibility=ALWAYS, testCase=TestCaseDTO[testName=testMethods[SortStrategy], id=1463]], FeedbackDTO[id=988, text=null, detailText=The class 'MergeSort' does not implement the interface 'SortStrategy' as expected. Implement the interface and its methods., hasLongFeedbackText=false, reference=null, credits=0.0, positive=false, type=AUTOMATIC, visibility=ALWAYS, testCase=TestCaseDTO[testName=testClass[MergeSort], id=1458]], FeedbackDTO[id=989, text=null, detailText=The exercise expects a class with the name SortStrategy in the package testpackage. You did not implement the class in the exercise., hasLongFeedbackText=false, reference=null, credits=0.0, positive=false, type=AUTOMATIC, visibility=ALWAYS, testCase=TestCaseDTO[testName=testClass[SortStrategy], id=1455]], FeedbackDTO[id=990, text=null, detailText=The class 'BubbleSort' does not implement the interface 'SortStrategy' as expected. Implement the interface and its methods., hasLongFeedbackText=false, reference=null, credits=0.0, positive=false, type=AUTOMATIC, visibility=ALWAYS, testCase=TestCaseDTO[testName=testClass[BubbleSort], id=1459]], FeedbackDTO[id=991, text=null, detailText=MergeSort does not sort correctly, hasLongFeedbackText=false, reference=null, credits=0.0, positive=false, type=AUTOMATIC, visibility=ALWAYS, testCase=TestCaseDTO[testName=testMergeSort(), id=1464]], FeedbackDTO[id=992, text=null, detailText=The class 'Context' was not found within the submission. Make sure to implement it properly., hasLongFeedbackText=false, reference=null, credits=0.0, positive=false, type=AUTOMATIC, visibility=ALWAYS, testCase=TestCaseDTO[testName=testUseBubbleSortForSmallList(), id=1465]], FeedbackDTO[id=993, text=null, detailText=BubbleSort does not sort correctly, hasLongFeedbackText=false, reference=null, credits=0.0, positive=false, type=AUTOMATIC, visibility=ALWAYS, testCase=TestCaseDTO[testName=testBubbleSort(), id=1467]], FeedbackDTO[id=994, text=null, detailText=The class 'Context' was not found within the submission. Make sure to implement it properly., hasLongFeedbackText=false, reference=null, credits=0.0, positive=false, type=AUTOMATIC, visibility=ALWAYS, testCase=TestCaseDTO[testName=testUseMergeSortForBigList(), id=1466]], FeedbackDTO[id=995, text=null, detailText=The exercise expects a class with the name Policy in the package testpackage. You did not implement the class in the exercise., hasLongFeedbackText=false, reference=null, credits=0.0, positive=false, type=AUTOMATIC, visibility=ALWAYS, testCase=TestCaseDTO[testName=testConstructors[Policy], id=1460]], FeedbackDTO[id=996, text=null, detailText=The exercise expects a class with the name Context in the package testpackage. You did not implement the class in the exercise., hasLongFeedbackText=false, reference=null, credits=0.0, positive=false, type=AUTOMATIC, visibility=ALWAYS, testCase=TestCaseDTO[testName=testAttributes[Context], id=1456]], FeedbackDTO[id=997, text=null, detailText=The exercise expects a class with the name Policy in the package testpackage. You did not implement the class in the exercise., hasLongFeedbackText=false, reference=null, credits=0.0, positive=false, type=AUTOMATIC, visibility=ALWAYS, testCase=TestCaseDTO[testName=testAttributes[Policy], id=1457]]], assessmentType=AUTOMATIC, hasComplaint=null, exampleResult=null, testCaseCount=13, passedTestCaseCount=0, codeIssueCount=0]], BuildJobQueueItem[id=20291739576751299, name=SHORT716C2EC10B19B049C80A2F00B97EAB20B2A9TSTEXC-SOLUTION, buildAgent=BuildAgentDTO[name=artemis-build-agent-test, memberAddress=[127.0.0.1]:5703, displayName=artemis-build-agent-test], participationId=2029, courseId=993, exerciseId=2610, retryCount=0, priority=2, status=SUCCESSFUL, repositoryInfo=RepositoryInfo[repositoryName=short716c2ec10b19b049c80a2f00b97eab20b2a9tstexc-solution, repositoryType=solution, triggeredByPushTo=tests, assignmentRepositoryUri=http://localhost:49152/git/SHORT716C2EC10B19B049C80A2F00B97EAB20B2A9TSTEXC/short716c2ec10b19b049c80a2f00b97eab20b2a9tstexc-solution.git, testRepositoryUri=http://localhost:49152/git/SHORT716C2EC10B19B049C80A2F00B97EAB20B2A9TSTEXC/short716c2ec10b19b049c80a2f00b97eab20b2a9tstexc-tests.git, solutionRepositoryUri=null, auxiliaryRepositoryUris=[Ljava.lang.String;@71ccd28b, auxiliaryRepositoryCheckoutDirectories=[Ljava.lang.String;@4809cea4], jobTimingInfo=JobTimingInfo[submissionDate=2025-02-14T23:45:51.299892174Z[Etc/UTC], buildStartDate=2025-02-14T23:45:51.314028505Z[Etc/UTC], buildCompletionDate=2025-02-14T23:45:52.158312850Z[Etc/UTC], estimatedCompletionDate=2025-02-14T23:46:10.314021752Z[Etc/UTC], estimatedDuration=19], buildConfig=BuildConfig[buildScript=#!/bin/bash
cd /var/tmp/testing-dir
chmod +x ./gradlew
./gradlew clean test
, dockerImage=dummy-docker-image:latest, commitHashToBuild=1e531733ed6e9237f710b528d1eb0b7beac565fd, assignmentCommitHash=815e279f12ad296b4f24c44134a07293c04c010f, testCommitHash=1e531733ed6e9237f710b528d1eb0b7beac565fd, branch=main, programmingLanguage=JAVA, projectType=PLAIN_GRADLE, scaEnabled=false, sequentialTestRunsEnabled=false, resultPaths=[/var/tmp/testing-dir/**/test-results/test/*.xml], timeoutSeconds=0, assignmentCheckoutPath=null, testCheckoutPath=null, solutionCheckoutPath=null, dockerRunConfig=null], submissionResult=ResultDTO[id=638, completionDate=2025-02-14T23:45:52.146826070Z[Etc/UTC], successful=true, score=100.0, rated=true, submission=SubmissionDTO[id=832, submitted=true, type=TEST, exampleSubmission=null, submissionDate=2025-02-14T23:45:51.275713Z, commitHash=1e531733ed6e9237f710b528d1eb0b7beac565fd, buildFailed=false, buildArtifact=false, participation=ParticipationDTO[id=2029, testRun=false, type=solution, submissionCount=null, exercise=ParticipationExerciseDTO[id=2610, exerciseType=PROGRAMMING, type=programming, assessmentType=AUTOMATIC, dueDate=2025-02-16T23:45:50.869093Z, assessmentDueDate=null, maxPoints=42.0, course=CourseDTO[id=993, accuracyOfScores=1]]], submissionExerciseType=programming, isProcessing=false, buildStartDate=null, estimatedCompletionDate=null], participation=ParticipationDTO[id=2029, testRun=false, type=solution, submissionCount=null, exercise=ParticipationExerciseDTO[id=2610, exerciseType=PROGRAMMING, type=programming, assessmentType=AUTOMATIC, dueDate=2025-02-16T23:45:50.869093Z, assessmentDueDate=null, maxPoints=42.0, course=CourseDTO[id=993, accuracyOfScores=1]]], feedbacks=[FeedbackDTO[id=998, text=null, detailText=null, hasLongFeedbackText=false, reference=null, credits=3.230769230769231, positive=true, type=AUTOMATIC, visibility=ALWAYS, testCase=TestCaseDTO[testName=testMethods[Context], id=1474]], FeedbackDTO[id=999, text=null, detailText=null, hasLongFeedbackText=false, reference=null, credits=3.230769230769231, positive=true, type=AUTOMATIC, visibility=ALWAYS, testCase=TestCaseDTO[testName=testMethods[Policy], id=1475]], FeedbackDTO[id=1000, text=null, detailText=null, hasLongFeedbackText=false, reference=null, credits=3.230769230769231, positive=true, type=AUTOMATIC, visibility=ALWAYS, testCase=TestCaseDTO[testName=testMethods[SortStrategy], id=1476]], FeedbackDTO[id=1001, text=null, detailText=null, hasLongFeedbackText=false, reference=null, credits=3.230769230769231, positive=true, type=AUTOMATIC, visibility=ALWAYS, testCase=TestCaseDTO[testName=testClass[MergeSort], id=1471]], FeedbackDTO[id=1002, text=null, detailText=null, hasLongFeedbackText=false, reference=null, credits=3.230769230769231, positive=true, type=AUTOMATIC, visibility=ALWAYS, testCase=TestCaseDTO[testName=testClass[SortStrategy], id=1468]], FeedbackDTO[id=1003, text=null, detailText=null, hasLongFeedbackText=false, reference=null, credits=3.230769230769231, positive=true, type=AUTOMATIC, visibility=ALWAYS, testCase=TestCaseDTO[testName=testClass[BubbleSort], id=1472]], FeedbackDTO[id=1004, text=null, detailText=null, hasLongFeedbackText=false, reference=null, credits=3.230769230769231, positive=true, type=AUTOMATIC, visibility=ALWAYS, testCase=TestCaseDTO[testName=testMergeSort(), id=1477]], FeedbackDTO[id=1005, text=null, detailText=null, hasLongFeedbackText=false, reference=null, credits=3.230769230769231, positive=true, type=AUTOMATIC, visibility=ALWAYS, testCase=TestCaseDTO[testName=testUseBubbleSortForSmallList(), id=1478]], FeedbackDTO[id=1006, text=null, detailText=null, hasLongFeedbackText=false, reference=null, credits=3.230769230769231, positive=true, type=AUTOMATIC, visibility=ALWAYS, testCase=TestCaseDTO[testName=testBubbleSort(), id=1480]], FeedbackDTO[id=1007, text=null, detailText=null, hasLongFeedbackText=false, reference=null, credits=3.230769230769231, positive=true, type=AUTOMATIC, visibility=ALWAYS, testCase=TestCaseDTO[testName=testUseMergeSortForBigList(), id=1479]], FeedbackDTO[id=1008, text=null, detailText=null, hasLongFeedbackText=false, reference=null, credits=3.230769230769231, positive=true, type=AUTOMATIC, visibility=ALWAYS, testCase=TestCaseDTO[testName=testConstructors[Policy], id=1473]], FeedbackDTO[id=1009, text=null, detailText=null, hasLongFeedbackText=false, reference=null, credits=3.230769230769231, positive=true, type=AUTOMATIC, visibility=ALWAYS, testCase=TestCaseDTO[testName=testAttributes[Context], id=1469]], FeedbackDTO[id=1010, text=null, detailText=null, hasLongFeedbackText=false, reference=null, credits=3.230769230769231, positive=true, type=AUTOMATIC, visibility=ALWAYS, testCase=TestCaseDTO[testName=testAttributes[Policy], id=1470]]], assessmentType=AUTOMATIC, hasComplaint=null, exampleResult=null, testCaseCount=13, passedTestCaseCount=13, codeIssueCount=0]], BuildJobQueueItem[id=20301739576752239, name=SHORT716C2EC10B19B049C80A2F00B97EAB20B2A9TSTEXC-BASE, buildAgent=BuildAgentDTO[name=artemis-build-agent-test, memberAddress=[127.0.0.1]:5703, displayName=artemis-build-agent-test], participationId=2030, courseId=993, exerciseId=2610, retryCount=0, priority=2, status=SUCCESSFUL, repositoryInfo=RepositoryInfo[repositoryName=short716c2ec10b19b049c80a2f00b97eab20b2a9tstexc-exercise, repositoryType=exercise, triggeredByPushTo=tests, assignmentRepositoryUri=http://localhost:49152/git/SHORT716C2EC10B19B049C80A2F00B97EAB20B2A9TSTEXC/short716c2ec10b19b049c80a2f00b97eab20b2a9tstexc-exercise.git, testRepositoryUri=http://localhost:49152/git/SHORT716C2EC10B19B049C80A2F00B97EAB20B2A9TSTEXC/short716c2ec10b19b049c80a2f00b97eab20b2a9tstexc-tests.git, solutionRepositoryUri=null, auxiliaryRepositoryUris=[Ljava.lang.String;@1b24266c, auxiliaryRepositoryCheckoutDirectories=[Ljava.lang.String;@3791667a], jobTimingInfo=JobTimingInfo[submissionDate=2025-02-14T23:45:52.239402475Z[Etc/UTC], buildStartDate=2025-02-14T23:45:52.258713639Z[Etc/UTC], buildCompletionDate=2025-02-14T23:45:53.238773956Z[Etc/UTC], estimatedCompletionDate=2025-02-14T23:45:53.258707428Z[Etc/UTC], estimatedDuration=1], buildConfig=BuildConfig[buildScript=#!/bin/bash
cd /var/tmp/testing-dir
chmod +x ./gradlew
./gradlew clean test
, dockerImage=dummy-docker-image:latest, commitHashToBuild=1e531733ed6e9237f710b528d1eb0b7beac565fd, assignmentCommitHash=815e279f12ad296b4f24c44134a07293c04c010f, testCommitHash=1e531733ed6e9237f710b528d1eb0b7beac565fd, branch=main, programmingLanguage=JAVA, projectType=PLAIN_GRADLE, scaEnabled=false, sequentialTestRunsEnabled=false, resultPaths=[/var/tmp/testing-dir/**/test-results/test/*.xml], timeoutSeconds=0, assignmentCheckoutPath=null, testCheckoutPath=null, solutionCheckoutPath=null, dockerRunConfig=null], submissionResult=ResultDTO[id=639, completionDate=2025-02-14T23:45:53.225806205Z[Etc/UTC], successful=false, score=0.0, rated=true, submission=SubmissionDTO[id=833, submitted=true, type=TEST, exampleSubmission=null, submissionDate=2025-02-14T23:45:52.237179Z, commitHash=1e531733ed6e9237f710b528d1eb0b7beac565fd, buildFailed=false, buildArtifact=false, participation=ParticipationDTO[id=2030, testRun=false, type=template, submissionCount=null, exercise=ParticipationExerciseDTO[id=2610, exerciseType=PROGRAMMING, type=programming, assessmentType=AUTOMATIC, dueDate=2025-02-16T23:45:50.869093Z, assessmentDueDate=null, maxPoints=42.0, course=CourseDTO[id=993, accuracyOfScores=1]]], submissionExerciseType=programming, isProcessing=false, buildStartDate=null, estimatedCompletionDate=null], participation=ParticipationDTO[id=2030, testRun=false, type=template, submissionCount=null, exercise=ParticipationExerciseDTO[id=2610, exerciseType=PROGRAMMING, type=programming, assessmentType=AUTOMATIC, dueDate=2025-02-16T23:45:50.869093Z, assessmentDueDate=null, maxPoints=42.0, course=CourseDTO[id=993, accuracyOfScores=1]]], feedbacks=[FeedbackDTO[id=1011, text=null, detailText=The exercise expects a class with the name Context in the package testpackage. You did not implement the class in the exercise., hasLongFeedbackText=false, reference=null, credits=0.0, positive=false, type=AUTOMATIC, visibility=ALWAYS, testCase=TestCaseDTO[testName=testMethods[Context], id=1474]], FeedbackDTO[id=1012, text=null, detailText=The exercise expects a class with the name Policy in the package testpackage. You did not implement the class in the exercise., hasLongFeedbackText=false, reference=null, credits=0.0, positive=false, type=AUTOMATIC, visibility=ALWAYS, testCase=TestCaseDTO[testName=testMethods[Policy], id=1475]], FeedbackDTO[id=1013, text=null, detailText=The exercise expects a class with the name SortStrategy in the package testpackage. You did not implement the class in the exercise., hasLongFeedbackText=false, reference=null, credits=0.0, positive=false, type=AUTOMATIC, visibility=ALWAYS, testCase=TestCaseDTO[testName=testMethods[SortStrategy], id=1476]], FeedbackDTO[id=1014, text=null, detailText=The class 'MergeSort' does not implement the interface 'SortStrategy' as expected. Implement the interface and its methods., hasLongFeedbackText=false, reference=null, credits=0.0, positive=false, type=AUTOMATIC, visibility=ALWAYS, testCase=TestCaseDTO[testName=testClass[MergeSort], id=1471]], FeedbackDTO[id=1015, text=null, detailText=The exercise expects a class with the name SortStrategy in the package testpackage. You did not implement the class in the exercise., hasLongFeedbackText=false, reference=null, credits=0.0, positive=false, type=AUTOMATIC, visibility=ALWAYS, testCase=TestCaseDTO[testName=testClass[SortStrategy], id=1468]], FeedbackDTO[id=1016, text=null, detailText=The class 'BubbleSort' does not implement the interface 'SortStrategy' as expected. Implement the interface and its methods., hasLongFeedbackText=false, reference=null, credits=0.0, positive=false, type=AUTOMATIC, visibility=ALWAYS, testCase=TestCaseDTO[testName=testClass[BubbleSort], id=1472]], FeedbackDTO[id=1017, text=null, detailText=MergeSort does not sort correctly, hasLongFeedbackText=false, reference=null, credits=0.0, positive=false, type=AUTOMATIC, visibility=ALWAYS, testCase=TestCaseDTO[testName=testMergeSort(), id=1477]], FeedbackDTO[id=1018, text=null, detailText=The class 'Context' was not found within the submission. Make sure to implement it properly., hasLongFeedbackText=false, reference=null, credits=0.0, positive=false, type=AUTOMATIC, visibility=ALWAYS, testCase=TestCaseDTO[testName=testUseBubbleSortForSmallList(), id=1478]], FeedbackDTO[id=1019, text=null, detailText=BubbleSort does not sort correctly, hasLongFeedbackText=false, reference=null, credits=0.0, positive=false, type=AUTOMATIC, visibility=ALWAYS, testCase=TestCaseDTO[testName=testBubbleSort(), id=1480]], FeedbackDTO[id=1020, text=null, detailText=The class 'Context' was not found within the submission. Make sure to implement it properly., hasLongFeedbackText=false, reference=null, credits=0.0, positive=false, type=AUTOMATIC, visibility=ALWAYS, testCase=TestCaseDTO[testName=testUseMergeSortForBigList(), id=1479]], FeedbackDTO[id=1021, text=null, detailText=The exercise expects a class with the name Policy in the package testpackage. You did not implement the class in the exercise., hasLongFeedbackText=false, reference=null, credits=0.0, positive=false, type=AUTOMATIC, visibility=ALWAYS, testCase=TestCaseDTO[testName=testConstructors[Policy], id=1473]], FeedbackDTO[id=1022, text=null, detailText=The exercise expects a class with the name Context in the package testpackage. You did not implement the class in the exercise., hasLongFeedbackText=false, reference=null, credits=0.0, positive=false, type=AUTOMATIC, visibility=ALWAYS, testCase=TestCaseDTO[testName=testAttributes[Context], id=1469]], FeedbackDTO[id=1023, text=null, detailText=The exercise expects a class with the name Policy in the package testpackage. You did not implement the class in the exercise., hasLongFeedbackText=false, reference=null, credits=0.0, positive=false, type=AUTOMATIC, visibility=ALWAYS, testCase=TestCaseDTO[testName=testAttributes[Policy], id=1470]]], assessmentType=AUTOMATIC, hasComplaint=null, exampleResult=null, testCaseCount=13, passedTestCaseCount=0, codeIssueCount=0]], BuildJobQueueItem[id=20391739576754750, name=SHORT3A680734092E404EF80A4C60FBC1E408F7D0TSTEXC-LOCALVCCIINTSTUDENT1, buildAgent=BuildAgentDTO[name=artemis-build-agent-test, memberAddress=[127.0.0.1]:5703, displayName=artemis-build-agent-test], participationId=2039, courseId=996, exerciseId=2613, retryCount=0, priority=2, status=SUCCESSFUL, repositoryInfo=RepositoryInfo[repositoryName=short3a680734092e404ef80a4c60fbc1e408f7d0tstexc-localvcciintstudent1, repositoryType=user, triggeredByPushTo=user, assignmentRepositoryUri=http://localhost:49152/git/SHORT3A680734092E404EF80A4C60FBC1E408F7D0TSTEXC/short3a680734092e404ef80a4c60fbc1e408f7d0tstexc-localvcciintstudent1.git, testRepositoryUri=http://localhost:49152/git/SHORT3A680734092E404EF80A4C60FBC1E408F7D0TSTEXC/short3a680734092e404ef80a4c60fbc1e408f7d0tstexc-tests.git, solutionRepositoryUri=null, auxiliaryRepositoryUris=[Ljava.lang.String;@205eb289, auxiliaryRepositoryCheckoutDirectories=[Ljava.lang.String;@26a434c8], jobTimingInfo=JobTimingInfo[submissionDate=2025-02-14T23:45:54.750657185Z[Etc/UTC], buildStartDate=2025-02-14T23:45:54.765232948Z[Etc/UTC], buildCompletionDate=2025-02-14T23:45:55.645844970Z[Etc/UTC], estimatedCompletionDate=2025-02-14T23:46:13.765225363Z[Etc/UTC], estimatedDuration=19], buildConfig=BuildConfig[buildScript=#!/bin/bash
cd /var/tmp/testing-dir
chmod +x ./gradlew
./gradlew clean test
, dockerImage=dummy-docker-image:latest, commitHashToBuild=9344436f8d5a5ce3aa40215562db211ed501371f, assignmentCommitHash=9344436f8d5a5ce3aa40215562db211ed501371f, testCommitHash=ff421c3651ec230fed2f20f72c2901ae372be06a, branch=main, programmingLanguage=JAVA, projectType=PLAIN_GRADLE, scaEnabled=false, sequentialTestRunsEnabled=false, resultPaths=[/var/tmp/testing-dir/**/test-results/test/*.xml], timeoutSeconds=0, assignmentCheckoutPath=null, testCheckoutPath=null, solutionCheckoutPath=null, dockerRunConfig=null], submissionResult=ResultDTO[id=640, completionDate=2025-02-14T23:45:55.628250079Z[Etc/UTC], successful=false, score=7.7, rated=true, submission=SubmissionDTO[id=834, submitted=true, type=MANUAL, exampleSubmission=null, submissionDate=2025-02-14T23:45:54.732007Z, commitHash=9344436f8d5a5ce3aa40215562db211ed501371f, buildFailed=false, buildArtifact=false, participation=ParticipationDTO[id=2039, testRun=false, type=programming, submissionCount=null, exercise=ParticipationExerciseDTO[id=2613, exerciseType=PROGRAMMING, type=programming, assessmentType=AUTOMATIC, dueDate=2025-02-16T23:45:54.546562Z, assessmentDueDate=null, maxPoints=42.0, course=CourseDTO[id=996, accuracyOfScores=1]]], submissionExerciseType=programming, isProcessing=false, buildStartDate=null, estimatedCompletionDate=null], participation=ParticipationDTO[id=2039, testRun=false, type=programming, submissionCount=null, exercise=ParticipationExerciseDTO[id=2613, exerciseType=PROGRAMMING, type=programming, assessmentType=AUTOMATIC, dueDate=2025-02-16T23:45:54.546562Z, assessmentDueDate=null, maxPoints=42.0, course=CourseDTO[id=996, accuracyOfScores=1]]], feedbacks=[FeedbackDTO[id=1024, text=null, detailText=The exercise expects a class with the name Context in the package testpackage. You did not implement the class in the exercise., hasLongFeedbackText=false, reference=null, credits=0.0, positive=false, type=AUTOMATIC, visibility=ALWAYS, testCase=TestCaseDTO[testName=null, id=1513]], FeedbackDTO[id=1025, text=null, detailText=The exercise expects a class with the name Policy in the package testpackage. You did not implement the class in the exercise., hasLongFeedbackText=false, reference=null, credits=0.0, positive=false, type=AUTOMATIC, visibility=ALWAYS, testCase=TestCaseDTO[testName=null, id=1514]], FeedbackDTO[id=1026, text=null, detailText=The exercise expects a class with the name SortStrategy in the package testpackage. You did not implement the class in the exercise., hasLongFeedbackText=false, reference=null, credits=0.0, positive=false, type=AUTOMATIC, visibility=ALWAYS, testCase=TestCaseDTO[testName=null, id=1515]], FeedbackDTO[id=1027, text=null, detailText=The class 'MergeSort' does not implement the interface 'SortStrategy' as expected. Implement the interface and its methods., hasLongFeedbackText=false, reference=null, credits=0.0, positive=false, type=AUTOMATIC, visibility=ALWAYS, testCase=TestCaseDTO[testName=null, id=1510]], FeedbackDTO[id=1028, text=null, detailText=The exercise expects a class with the name SortStrategy in the package testpackage. You did not implement the class in the exercise., hasLongFeedbackText=false, reference=null, credits=0.0, positive=false, type=AUTOMATIC, visibility=ALWAYS, testCase=TestCaseDTO[testName=null, id=1507]], FeedbackDTO[id=1029, text=null, detailText=The class 'BubbleSort' does not implement the interface 'SortStrategy' as expected. Implement the interface and its methods., hasLongFeedbackText=false, reference=null, credits=0.0, positive=false, type=AUTOMATIC, visibility=ALWAYS, testCase=TestCaseDTO[testName=null, id=1511]], FeedbackDTO[id=1030, text=null, detailText=MergeSort does not sort correctly, hasLongFeedbackText=false, reference=null, credits=0.0, positive=false, type=AUTOMATIC, visibility=ALWAYS, testCase=TestCaseDTO[testName=null, id=1516]], FeedbackDTO[id=1031, text=null, detailText=The class 'Context' was not found within the submission. Make sure to implement it properly., hasLongFeedbackText=false, reference=null, credits=0.0, positive=false, type=AUTOMATIC, visibility=ALWAYS, testCase=TestCaseDTO[testName=null, id=1517]], FeedbackDTO[id=1032, text=null, detailText=The class 'Context' was not found within the submission. Make sure to implement it properly., hasLongFeedbackText=false, reference=null, credits=0.0, positive=false, type=AUTOMATIC, visibility=ALWAYS, testCase=TestCaseDTO[testName=null, id=1518]], FeedbackDTO[id=1033, text=null, detailText=The exercise expects a class with the name Policy in the package testpackage. You did not implement the class in the exercise., hasLongFeedbackText=false, reference=null, credits=0.0, positive=false, type=AUTOMATIC, visibility=ALWAYS, testCase=TestCaseDTO[testName=null, id=1512]], FeedbackDTO[id=1034, text=null, detailText=The exercise expects a class with the name Context in the package testpackage. You did not implement the class in the exercise., hasLongFeedbackText=false, reference=null, credits=0.0, positive=false, type=AUTOMATIC, visibility=ALWAYS, testCase=TestCaseDTO[testName=null, id=1508]], FeedbackDTO[id=1035, text=null, detailText=The exercise expects a class with the name Policy in the package testpackage. You did not implement the class in the exercise., hasLongFeedbackText=false, reference=null, credits=0.0, positive=false, type=AUTOMATIC, visibility=ALWAYS, testCase=TestCaseDTO[testName=null, id=1509]], FeedbackDTO[id=1036, text=null, detailText=null, hasLongFeedbackText=false, reference=null, credits=3.230769230769231, positive=true, type=AUTOMATIC, visibility=ALWAYS, testCase=TestCaseDTO[testName=null, id=1519]]], assessmentType=AUTOMATIC, hasComplaint=null, exampleResult=null, testCaseCount=13, passedTestCaseCount=1, codeIssueCount=0]], BuildJobQueueItem[id=20431739576757232, name=SHORT3945BC5E092B90459B0A7F006DF5F64347FDTSTEXC-SOLUTION, buildAgent=BuildAgentDTO[name=artemis-build-agent-test, memberAddress=[127.0.0.1]:5703, displayName=artemis-build-agent-test], participationId=2043, courseId=998, exerciseId=2615, retryCount=0, priority=2, status=SUCCESSFUL, repositoryInfo=RepositoryInfo[repositoryName=short3945bc5e092b90459b0a7f006df5f64347fdtstexc-solution, repositoryType=solution, triggeredByPushTo=solution, assignmentRepositoryUri=http://localhost:49152/git/SHORT3945BC5E092B90459B0A7F006DF5F64347FDTSTEXC/short3945bc5e092b90459b0a7f006df5f64347fdtstexc-solution.git, testRepositoryUri=http://localhost:49152/git/SHORT3945BC5E092B90459B0A7F006DF5F64347FDTSTEXC/short3945bc5e092b90459b0a7f006df5f64347fdtstexc-tests.git, solutionRepositoryUri=null, auxiliaryRepositoryUris=[Ljava.lang.String;@1c896136, auxiliaryRepositoryCheckoutDirectories=[Ljava.lang.String;@2097766b], jobTimingInfo=JobTimingInfo[submissionDate=2025-02-14T23:45:57.232907777Z[Etc/UTC], buildStartDate=2025-02-14T23:45:57.240437339Z[Etc/UTC], buildCompletionDate=2025-02-14T23:45:58.062328619Z[Etc/UTC], estimatedCompletionDate=2025-02-14T23:46:16.240428743Z[Etc/UTC], estimatedDuration=19], buildConfig=BuildConfig[buildScript=#!/bin/bash
cd /var/tmp/testing-dir
chmod +x ./gradlew
./gradlew clean test
, dockerImage=dummy-docker-image:latest, commitHashToBuild=c315388a235502fd958ae3c7ffbbbbf126a8fe21, assignmentCommitHash=c315388a235502fd958ae3c7ffbbbbf126a8fe21, testCommitHash=28488095271179f4eface46480ec45511f50df5d, branch=main, programmingLanguage=JAVA, projectType=PLAIN_GRADLE, scaEnabled=false, sequentialTestRunsEnabled=false, resultPaths=[/var/tmp/testing-dir/**/test-results/test/*.xml], timeoutSeconds=0, assignmentCheckoutPath=null, testCheckoutPath=null, solutionCheckoutPath=null, dockerRunConfig=null], submissionResult=ResultDTO[id=641, completionDate=2025-02-14T23:45:58.032353400Z[Etc/UTC], successful=true, score=100.0, rated=true, submission=SubmissionDTO[id=835, submitted=true, type=MANUAL, exampleSubmission=null, submissionDate=2025-02-14T23:45:57.222714Z, commitHash=c315388a235502fd958ae3c7ffbbbbf126a8fe21, buildFailed=false, buildArtifact=false, participation=ParticipationDTO[id=2043, testRun=false, type=solution, submissionCount=null, exercise=ParticipationExerciseDTO[id=2615, exerciseType=PROGRAMMING, type=programming, assessmentType=AUTOMATIC, dueDate=2025-02-16T23:45:56.808788Z, assessmentDueDate=null, maxPoints=42.0, course=CourseDTO[id=998, accuracyOfScores=1]]], submissionExerciseType=programming, isProcessing=false, buildStartDate=null, estimatedCompletionDate=null], participation=ParticipationDTO[id=2043, testRun=false, type=solution, submissionCount=null, exercise=ParticipationExerciseDTO[id=2615, exerciseType=PROGRAMMING, type=programming, assessmentType=AUTOMATIC, dueDate=2025-02-16T23:45:56.808788Z, assessmentDueDate=null, maxPoints=42.0, course=CourseDTO[id=998, accuracyOfScores=1]]], feedbacks=[FeedbackDTO[id=1037, text=null, detailText=null, hasLongFeedbackText=false, reference=null, credits=3.230769230769231, positive=true, type=AUTOMATIC, visibility=ALWAYS, testCase=TestCaseDTO[testName=testMethods[Context], id=1539]], FeedbackDTO[id=1038, text=null, detailText=null, hasLongFeedbackText=false, reference=null, credits=3.230769230769231, positive=true, type=AUTOMATIC, visibility=ALWAYS, testCase=TestCaseDTO[testName=testMethods[Policy], id=1540]], FeedbackDTO[id=1039, text=null, detailText=null, hasLongFeedbackText=false, reference=null, credits=3.230769230769231, positive=true, type=AUTOMATIC, visibility=ALWAYS, testCase=TestCaseDTO[testName=testMethods[SortStrategy], id=1541]], FeedbackDTO[id=1040, text=null, detailText=null, hasLongFeedbackText=false, reference=null, credits=3.230769230769231, positive=true, type=AUTOMATIC, visibility=ALWAYS, testCase=TestCaseDTO[testName=testClass[MergeSort], id=1536]], FeedbackDTO[id=1041, text=null, detailText=null, hasLongFeedbackText=false, reference=null, credits=3.230769230769231, positive=true, type=AUTOMATIC, visibility=ALWAYS, testCase=TestCaseDTO[testName=testClass[SortStrategy], id=1533]], FeedbackDTO[id=1042, text=null, detailText=null, hasLongFeedbackText=false, reference=null, credits=3.230769230769231, positive=true, type=AUTOMATIC, visibility=ALWAYS, testCase=TestCaseDTO[testName=testClass[BubbleSort], id=1537]], FeedbackDTO[id=1043, text=null, detailText=null, hasLongFeedbackText=false, reference=null, credits=3.230769230769231, positive=true, type=AUTOMATIC, visibility=ALWAYS, testCase=TestCaseDTO[testName=testMergeSort(), id=1542]], FeedbackDTO[id=1044, text=null, detailText=null, hasLongFeedbackText=false, reference=null, credits=3.230769230769231, positive=true, type=AUTOMATIC, visibility=ALWAYS, testCase=TestCaseDTO[testName=testUseBubbleSortForSmallList(), id=1543]], FeedbackDTO[id=1045, text=null, detailText=null, hasLongFeedbackText=false, reference=null, credits=3.230769230769231, positive=true, type=AUTOMATIC, visibility=ALWAYS, testCase=TestCaseDTO[testName=testBubbleSort(), id=1545]], FeedbackDTO[id=1046, text=null, detailText=null, hasLongFeedbackText=false, reference=null, credits=3.230769230769231, positive=true, type=AUTOMATIC, visibility=ALWAYS, testCase=TestCaseDTO[testName=testUseMergeSortForBigList(), id=1544]], FeedbackDTO[id=1047, text=null, detailText=null, hasLongFeedbackText=false, reference=null, credits=3.230769230769231, positive=true, type=AUTOMATIC, visibility=ALWAYS, testCase=TestCaseDTO[testName=testConstructors[Policy], id=1538]], FeedbackDTO[id=1048, text=null, detailText=null, hasLongFeedbackText=false, reference=null, credits=3.230769230769231, positive=true, type=AUTOMATIC, visibility=ALWAYS, testCase=TestCaseDTO[testName=testAttributes[Context], id=1534]], FeedbackDTO[id=1049, text=null, detailText=null, hasLongFeedbackText=false, reference=null, credits=3.230769230769231, positive=true, type=AUTOMATIC, visibility=ALWAYS, testCase=TestCaseDTO[testName=testAttributes[Policy], id=1535]]], assessmentType=AUTOMATIC, hasComplaint=null, exampleResult=null, testCaseCount=13, passedTestCaseCount=13, codeIssueCount=0]], BuildJobQueueItem[id=20471739576759335, name=SHORT07624A260BD060493708A050BB6FAE261DD5TSTEXC-LOCALVCCIINTSTUDENT1, buildAgent=BuildAgentDTO[name=artemis-build-agent-test, memberAddress=[127.0.0.1]:5703, displayName=artemis-build-agent-test], participationId=2047, courseId=999, exerciseId=2616, retryCount=0, priority=2, status=SUCCESSFUL, repositoryInfo=RepositoryInfo[repositoryName=short07624a260bd060493708a050bb6fae261dd5tstexc-localvcciintstudent1, repositoryType=user, triggeredByPushTo=user, assignmentRepositoryUri=http://localhost:49152/git/SHORT07624A260BD060493708A050BB6FAE261DD5TSTEXC/short07624a260bd060493708a050bb6fae261dd5tstexc-localvcciintstudent1.git, testRepositoryUri=http://localhost:49152/git/SHORT07624A260BD060493708A050BB6FAE261DD5TSTEXC/short07624a260bd060493708a050bb6fae261dd5tstexc-tests.git, solutionRepositoryUri=null, auxiliaryRepositoryUris=[Ljava.lang.String;@7508520a, auxiliaryRepositoryCheckoutDirectories=[Ljava.lang.String;@720d3a17], jobTimingInfo=JobTimingInfo[submissionDate=2025-02-14T23:45:59.335772293Z[Etc/UTC], buildStartDate=2025-02-14T23:45:59.344175895Z[Etc/UTC], buildCompletionDate=2025-02-14T23:46:00.603413500Z[Etc/UTC], estimatedCompletionDate=2025-02-14T23:46:18.344169813Z[Etc/UTC], estimatedDuration=19], buildConfig=BuildConfig[buildScript=#!/bin/bash
cd /var/tmp/testing-dir
chmod +x ./gradlew
./gradlew clean test
, dockerImage=dummy-docker-image:latest, commitHashToBuild=18a07c7296dd70e3280c5bdcec7fccd0be6b8148, assignmentCommitHash=18a07c7296dd70e3280c5bdcec7fccd0be6b8148, testCommitHash=d654a233667bae063bb900e455fd2da456e10333, branch=main, programmingLanguage=JAVA, projectType=PLAIN_GRADLE, scaEnabled=false, sequentialTestRunsEnabled=false, resultPaths=[/var/tmp/testing-dir/**/test-results/test/*.xml], timeoutSeconds=0, assignmentCheckoutPath=null, testCheckoutPath=null, solutionCheckoutPath=null, dockerRunConfig=null], submissionResult=null]], publicSshKey=ssh-rsa AAAAB3NzaC1yc2EAAAADAQABAAACAQCOPdMsxRE2jFJ/UEa5/LsBxtwzJcrh3/rYBCQvcMeVpiRfhzQPWu7mrt/G2Ew+i+vRloGH9aqKg6dd1liRncao53Zmd/ePxoatXePNhmzTfkCkcSkTUz7B+QMjkoDDV5jwuFPD6mF3JkhuzSi64n9Zy905t4w2IhVcjM2mL3eYNjiCXt6Qpq3Pkt7dM/Ksw1nxnvuiIALuJLB3FTkXkHqq3PJav+9HSq2r6ZaWgekneaGxlQlb+U+Vy3XOuArKAzK8c8i+0bR+AHiTG6ncYXt7ax3U+TdlDTF7OLP3umwaYjs1NBXOHwG42pevvpKn2fqavZZozk+M05jXLx3bq0O7itxfErWc7etky8qYPyyIMF/txQIVLd78+Ze4d7Y60t5MGbXM5cGE6fFif5fEJwgswXD+BrG0cafz1CTatjSKFdvp8Vp4VszXhHDan1PrP6JEFJ5Cc5GDmLRZPCFa3vL9f5qXgf4bkqKN8MYeEujwJE5nMRWoiJVNakix2bcrrneQMBlnYeYZVWXXXUusAQBzl4NgddC1umZpihZkL1b1MffZAUW3EGEXi7KHnllQhkTLLsQ8ntMgbylqaJKStqaXlLvdeRJcEnUuiFCrHEVVbXRFZR7XVDZ02CE5o3MuaRPty8Kh+jRTF3COlAckHwYEJCNNJvXFgb2CNXL4mjzYDw== test@localhost]
    23:46:00.624 | 566 localvc.event-13 | DEBUG | a.p.s.l.SharedQueueManagementService : Build agent updated: null
    23:46:00.629 | 566 localvc.event-13 | DEBUG | p.s.l.LocalCIResultProcessingService : Result of build job with id 20471739576759335 added to queue
    23:46:00.632 | 566 localvc.event-13 | INFO  | p.s.l.LocalCIResultProcessingService : Processing build job result with id 20471739576759335
    23:46:00.633 | 588 artemis-task-1   | DEBUG | d.t.c.a.a.c.c.w.GzipMessageConverter : Compressed message payload from 119714 to 11420 (saved 90.5% payload size)
    23:46:00.635 | 566 localvc.event-13 | DEBUG | p.s.l.LocalCIResultProcessingService : Build jobs waiting in queue: 0
    23:46:00.635 | 566 localvc.event-13 | DEBUG | p.s.l.LocalCIResultProcessingService : Queued build jobs: []
    23:46:00.642 | 566 localvc.event-13 | DEBUG | .s.ProgrammingExerciseGradingService : Received new build result (NEW) for participation 2047
    23:46:00.717 | 566 localvc.event-13 | DEBUG | .c.s.m.InstanceMessageReceiveService : Received schedule participant score for exercise 2616 and participant 238 (result to be deleted: null)
    23:46:00.717 | 566 localvc.event-13 | DEBUG | .a.s.ParticipantScoreScheduleService : Scheduled task for exercise 2616 and participant 238 at 2025-02-14T23:46:00.817736524Z[Etc/UTC].
    23:46:00.718 | 566 localvc.event-13 | DEBUG | .a.a.p.s.ProgrammingMessagingService : Send result to client over websocket. Result: Result{id642, completionDate=2025-02-14T23:46:00.583368808Z[Etc/UTC], successful=false, score=7.7, rated=true, assessmentType=AUTOMATIC, hasComplaint=null, testCaseCount=13, passedTestCaseCount=1, codeIssueCount=0}, Submission: ProgrammingSubmission{commitHash='18a07c7296dd70e3280c5bdcec7fccd0be6b8148', buildFailed=false, buildArtifact=false, type=MANUAL}, Participation: ProgrammingExerciseStudentParticipation{id=2047, repositoryUri='http://localhost:49152/git/SHORT07624A260BD060493708A050BB6FAE261DD5TSTEXC/short07624a260bd060493708a050bb6fae261dd5tstexc-localvcciintstudent1.git', buildPlanId='SHORT07624A260BD060493708A050BB6FAE261DD5TSTEXC-LOCALVCCIINTSTUDENT1', initializationState='INITIALIZED', initializationDate='2025-02-14T23:45:59.181961Z', individualDueDate=null', presentationScore=null}
    23:46:00.734 | 566 localvc.event-13 | DEBUG | d.t.c.a.a.p.s.BuildLogEntryService   : Saved build logs for build job 20471739576759335 to file /tmp/build-logs/short07624a260bd060493708a050bb6fae261dd5/TSTEXC/20471739576759335.log
    23:46:00.735 | 566 localvc.event-13 | DEBUG | a.p.s.l.LocalCIQueueWebsocketService : Build agent updated: BuildAgentInformation[buildAgent=BuildAgentDTO[name=artemis-build-agent-test, memberAddress=[127.0.0.1]:5703, displayName=artemis-build-agent-test], maxNumberOfConcurrentBuildJobs=1, numberOfCurrentBuildJobs=0, runningBuildJobs=[], status=IDLE, recentBuildJobs=[BuildJobQueueItem[id=19361739576711303, name=SHORT9AFDAE3804CA304DDF0889A0CB0F56104A86TSTEXC-LOCALVCINTSTUDENT1, buildAgent=BuildAgentDTO[name=artemis-build-agent-test, memberAddress=[127.0.0.1]:5703, displayName=artemis-build-agent-test], participationId=1936, courseId=956, exerciseId=2573, retryCount=0, priority=2, status=FAILED, repositoryInfo=RepositoryInfo[repositoryName=short9afdae3804ca304ddf0889a0cb0f56104a86tstexc-localvcintstudent1, repositoryType=user, triggeredByPushTo=user, assignmentRepositoryUri=http://localhost:49152/git/SHORT9AFDAE3804CA304DDF0889A0CB0F56104A86TSTEXC/short9afdae3804ca304ddf0889a0cb0f56104a86tstexc-localvcintstudent1.git, testRepositoryUri=http://localhost:49152/git/SHORT9AFDAE3804CA304DDF0889A0CB0F56104A86TSTEXC/short9afdae3804ca304ddf0889a0cb0f56104a86tstexc-tests.git, solutionRepositoryUri=null, auxiliaryRepositoryUris=[Ljava.lang.String;@2d56f9eb, auxiliaryRepositoryCheckoutDirectories=[Ljava.lang.String;@328d0d20], jobTimingInfo=JobTimingInfo[submissionDate=2025-02-14T23:45:11.303805653Z[Etc/UTC], buildStartDate=2025-02-14T23:45:11.310981356Z[Etc/UTC], buildCompletionDate=2025-02-14T23:45:11.319178384Z[Etc/UTC], estimatedCompletionDate=2025-02-14T23:45:30.310974944Z[Etc/UTC], estimatedDuration=19], buildConfig=BuildConfig[buildScript=#!/bin/bash
cd /var/tmp/testing-dir
chmod +x ./gradlew
./gradlew clean test
, dockerImage=dummy-docker-image:latest, commitHashToBuild=a1099e378cffde441ef85f9b12577ca174b8e1e4, assignmentCommitHash=a1099e378cffde441ef85f9b12577ca174b8e1e4, testCommitHash=bd38d61c299ab11a1dea82a3ca5493fe04d97d47, branch=main, programmingLanguage=JAVA, projectType=PLAIN_GRADLE, scaEnabled=false, sequentialTestRunsEnabled=false, resultPaths=[/var/tmp/testing-dir/**/test-results/test/*.xml], timeoutSeconds=0, assignmentCheckoutPath=null, testCheckoutPath=null, solutionCheckoutPath=null, dockerRunConfig=null], submissionResult=ResultDTO[id=623, completionDate=2025-02-14T23:45:11.319278430Z[Etc/UTC], successful=false, score=0.0, rated=true, submission=SubmissionDTO[id=815, submitted=true, type=MANUAL, exampleSubmission=null, submissionDate=2025-02-14T23:45:11.294386Z, commitHash=a1099e378cffde441ef85f9b12577ca174b8e1e4, buildFailed=true, buildArtifact=false, participation=ParticipationDTO[id=1936, testRun=false, type=programming, submissionCount=null, exercise=ParticipationExerciseDTO[id=2573, exerciseType=PROGRAMMING, type=programming, assessmentType=AUTOMATIC, dueDate=2025-02-16T23:45:10.996982Z, assessmentDueDate=null, maxPoints=42.0, course=CourseDTO[id=956, accuracyOfScores=1]]], submissionExerciseType=programming, isProcessing=false, buildStartDate=null, estimatedCompletionDate=null], participation=ParticipationDTO[id=1936, testRun=false, type=programming, submissionCount=null, exercise=ParticipationExerciseDTO[id=2573, exerciseType=PROGRAMMING, type=programming, assessmentType=AUTOMATIC, dueDate=2025-02-16T23:45:10.996982Z, assessmentDueDate=null, maxPoints=42.0, course=CourseDTO[id=956, accuracyOfScores=1]]], feedbacks=[], assessmentType=AUTOMATIC, hasComplaint=null, exampleResult=null, testCaseCount=0, passedTestCaseCount=0, codeIssueCount=0]], BuildJobQueueItem[id=19351739576711674, name=SHORT9AFDAE3804CA304DDF0889A0CB0F56104A86TSTEXC-BASE, buildAgent=BuildAgentDTO[name=artemis-build-agent-test, memberAddress=[127.0.0.1]:5703, displayName=artemis-build-agent-test], participationId=1935, courseId=956, exerciseId=2573, retryCount=0, priority=2, status=FAILED, repositoryInfo=RepositoryInfo[repositoryName=short9afdae3804ca304ddf0889a0cb0f56104a86tstexc-exercise, repositoryType=exercise, triggeredByPushTo=exercise, assignmentRepositoryUri=http://localhost:49152/git/SHORT9AFDAE3804CA304DDF0889A0CB0F56104A86TSTEXC/short9afdae3804ca304ddf0889a0cb0f56104a86tstexc-exercise.git, testRepositoryUri=http://localhost:49152/git/SHORT9AFDAE3804CA304DDF0889A0CB0F56104A86TSTEXC/short9afdae3804ca304ddf0889a0cb0f56104a86tstexc-tests.git, solutionRepositoryUri=null, auxiliaryRepositoryUris=[Ljava.lang.String;@3c1d9a33, auxiliaryRepositoryCheckoutDirectories=[Ljava.lang.String;@458bd1d2], jobTimingInfo=JobTimingInfo[submissionDate=2025-02-14T23:45:11.674556681Z[Etc/UTC], buildStartDate=2025-02-14T23:45:11.677776879Z[Etc/UTC], buildCompletionDate=2025-02-14T23:45:11.688097378Z[Etc/UTC], estimatedCompletionDate=2025-02-14T23:45:30.677771620Z[Etc/UTC], estimatedDuration=19], buildConfig=BuildConfig[buildScript=#!/bin/bash
cd /var/tmp/testing-dir
chmod +x ./gradlew
./gradlew clean test
, dockerImage=dummy-docker-image:latest, commitHashToBuild=a1099e378cffde441ef85f9b12577ca174b8e1e4, assignmentCommitHash=a1099e378cffde441ef85f9b12577ca174b8e1e4, testCommitHash=bd38d61c299ab11a1dea82a3ca5493fe04d97d47, branch=main, programmingLanguage=JAVA, projectType=PLAIN_GRADLE, scaEnabled=false, sequentialTestRunsEnabled=false, resultPaths=[/var/tmp/testing-dir/**/test-results/test/*.xml], timeoutSeconds=0, assignmentCheckoutPath=null, testCheckoutPath=null, solutionCheckoutPath=null, dockerRunConfig=null], submissionResult=ResultDTO[id=624, completionDate=2025-02-14T23:45:11.688214837Z[Etc/UTC], successful=false, score=0.0, rated=true, submission=SubmissionDTO[id=816, submitted=true, type=MANUAL, exampleSubmission=null, submissionDate=2025-02-14T23:45:11.656934Z, commitHash=a1099e378cffde441ef85f9b12577ca174b8e1e4, buildFailed=true, buildArtifact=false, participation=ParticipationDTO[id=1935, testRun=false, type=template, submissionCount=null, exercise=ParticipationExerciseDTO[id=2573, exerciseType=PROGRAMMING, type=programming, assessmentType=AUTOMATIC, dueDate=2025-02-16T23:45:10.996982Z, assessmentDueDate=null, maxPoints=42.0, course=CourseDTO[id=956, accuracyOfScores=1]]], submissionExerciseType=programming, isProcessing=false, buildStartDate=null, estimatedCompletionDate=null], participation=ParticipationDTO[id=1935, testRun=false, type=template, submissionCount=null, exercise=ParticipationExerciseDTO[id=2573, exerciseType=PROGRAMMING, type=programming, assessmentType=AUTOMATIC, dueDate=2025-02-16T23:45:10.996982Z, assessmentDueDate=null, maxPoints=42.0, course=CourseDTO[id=956, accuracyOfScores=1]]], feedbacks=[], assessmentType=AUTOMATIC, hasComplaint=null, exampleResult=null, testCaseCount=0, passedTestCaseCount=0, codeIssueCount=0]], BuildJobQueueItem[id=19341739576712112, name=SHORT9AFDAE3804CA304DDF0889A0CB0F56104A86TSTEXC-SOLUTION, buildAgent=BuildAgentDTO[name=artemis-build-agent-test, memberAddress=[127.0.0.1]:5703, displayName=artemis-build-agent-test], participationId=1934, courseId=956, exerciseId=2573, retryCount=0, priority=2, status=FAILED, repositoryInfo=RepositoryInfo[repositoryName=short9afdae3804ca304ddf0889a0cb0f56104a86tstexc-solution, repositoryType=solution, triggeredByPushTo=solution, assignmentRepositoryUri=http://localhost:49152/git/SHORT9AFDAE3804CA304DDF0889A0CB0F56104A86TSTEXC/short9afdae3804ca304ddf0889a0cb0f56104a86tstexc-solution.git, testRepositoryUri=http://localhost:49152/git/SHORT9AFDAE3804CA304DDF0889A0CB0F56104A86TSTEXC/short9afdae3804ca304ddf0889a0cb0f56104a86tstexc-tests.git, solutionRepositoryUri=null, auxiliaryRepositoryUris=[Ljava.lang.String;@5f88e129, auxiliaryRepositoryCheckoutDirectories=[Ljava.lang.String;@5b613f5], jobTimingInfo=JobTimingInfo[submissionDate=2025-02-14T23:45:12.112332872Z[Etc/UTC], buildStartDate=2025-02-14T23:45:12.121617114Z[Etc/UTC], buildCompletionDate=2025-02-14T23:45:12.127931701Z[Etc/UTC], estimatedCompletionDate=2025-02-14T23:45:31.121609600Z[Etc/UTC], estimatedDuration=19], buildConfig=BuildConfig[buildScript=#!/bin/bash
cd /var/tmp/testing-dir
chmod +x ./gradlew
./gradlew clean test
, dockerImage=dummy-docker-image:latest, commitHashToBuild=a1099e378cffde441ef85f9b12577ca174b8e1e4, assignmentCommitHash=a1099e378cffde441ef85f9b12577ca174b8e1e4, testCommitHash=bd38d61c299ab11a1dea82a3ca5493fe04d97d47, branch=main, programmingLanguage=JAVA, projectType=PLAIN_GRADLE, scaEnabled=false, sequentialTestRunsEnabled=false, resultPaths=[/var/tmp/testing-dir/**/test-results/test/*.xml], timeoutSeconds=0, assignmentCheckoutPath=null, testCheckoutPath=null, solutionCheckoutPath=null, dockerRunConfig=null], submissionResult=ResultDTO[id=625, completionDate=2025-02-14T23:45:12.128011800Z[Etc/UTC], successful=false, score=0.0, rated=true, submission=SubmissionDTO[id=817, submitted=true, type=MANUAL, exampleSubmission=null, submissionDate=2025-02-14T23:45:12.098737Z, commitHash=a1099e378cffde441ef85f9b12577ca174b8e1e4, buildFailed=true, buildArtifact=false, participation=ParticipationDTO[id=1934, testRun=false, type=solution, submissionCount=null, exercise=ParticipationExerciseDTO[id=2573, exerciseType=PROGRAMMING, type=programming, assessmentType=AUTOMATIC, dueDate=2025-02-16T23:45:10.996982Z, assessmentDueDate=null, maxPoints=42.0, course=CourseDTO[id=956, accuracyOfScores=1]]], submissionExerciseType=programming, isProcessing=false, buildStartDate=null, estimatedCompletionDate=null], participation=ParticipationDTO[id=1934, testRun=false, type=solution, submissionCount=null, exercise=ParticipationExerciseDTO[id=2573, exerciseType=PROGRAMMING, type=programming, assessmentType=AUTOMATIC, dueDate=2025-02-16T23:45:10.996982Z, assessmentDueDate=null, maxPoints=42.0, course=CourseDTO[id=956, accuracyOfScores=1]]], feedbacks=[], assessmentType=AUTOMATIC, hasComplaint=null, exampleResult=null, testCaseCount=0, passedTestCaseCount=0, codeIssueCount=0]], BuildJobQueueItem[id=19341739576713025, name=SHORT9AFDAE3804CA304DDF0889A0CB0F56104A86TSTEXC-SOLUTION, buildAgent=BuildAgentDTO[name=artemis-build-agent-test, memberAddress=[127.0.0.1]:5703, displayName=artemis-build-agent-test], participationId=1934, courseId=956, exerciseId=2573, retryCount=0, priority=2, status=FAILED, repositoryInfo=RepositoryInfo[repositoryName=short9afdae3804ca304ddf0889a0cb0f56104a86tstexc-solution, repositoryType=solution, triggeredByPushTo=tests, assignmentRepositoryUri=http://localhost:49152/git/SHORT9AFDAE3804CA304DDF0889A0CB0F56104A86TSTEXC/short9afdae3804ca304ddf0889a0cb0f56104a86tstexc-solution.git, testRepositoryUri=http://localhost:49152/git/SHORT9AFDAE3804CA304DDF0889A0CB0F56104A86TSTEXC/short9afdae3804ca304ddf0889a0cb0f56104a86tstexc-tests.git, solutionRepositoryUri=null, auxiliaryRepositoryUris=[Ljava.lang.String;@55aadd72, auxiliaryRepositoryCheckoutDirectories=[Ljava.lang.String;@4eb48354], jobTimingInfo=JobTimingInfo[submissionDate=2025-02-14T23:45:13.025319671Z[Etc/UTC], buildStartDate=2025-02-14T23:45:13.040293146Z[Etc/UTC], buildCompletionDate=2025-02-14T23:45:13.053032917Z[Etc/UTC], estimatedCompletionDate=2025-02-14T23:45:32.040285703Z[Etc/UTC], estimatedDuration=19], buildConfig=BuildConfig[buildScript=#!/bin/bash
cd /var/tmp/testing-dir
chmod +x ./gradlew
./gradlew clean test
, dockerImage=dummy-docker-image:latest, commitHashToBuild=784f8f0049d2a1a54f21c67dd772bea86715267a, assignmentCommitHash=a1099e378cffde441ef85f9b12577ca174b8e1e4, testCommitHash=784f8f0049d2a1a54f21c67dd772bea86715267a, branch=main, programmingLanguage=JAVA, projectType=PLAIN_GRADLE, scaEnabled=false, sequentialTestRunsEnabled=false, resultPaths=[/var/tmp/testing-dir/**/test-results/test/*.xml], timeoutSeconds=0, assignmentCheckoutPath=null, testCheckoutPath=null, solutionCheckoutPath=null, dockerRunConfig=null], submissionResult=ResultDTO[id=626, completionDate=2025-02-14T23:45:13.053131811Z[Etc/UTC], successful=false, score=0.0, rated=true, submission=SubmissionDTO[id=818, submitted=true, type=TEST, exampleSubmission=null, submissionDate=2025-02-14T23:45:13.005779Z, commitHash=784f8f0049d2a1a54f21c67dd772bea86715267a, buildFailed=true, buildArtifact=false, participation=ParticipationDTO[id=1934, testRun=false, type=solution, submissionCount=null, exercise=ParticipationExerciseDTO[id=2573, exerciseType=PROGRAMMING, type=programming, assessmentType=AUTOMATIC, dueDate=2025-02-16T23:45:10.996982Z, assessmentDueDate=null, maxPoints=42.0, course=CourseDTO[id=956, accuracyOfScores=1]]], submissionExerciseType=programming, isProcessing=false, buildStartDate=null, estimatedCompletionDate=null], participation=ParticipationDTO[id=1934, testRun=false, type=solution, submissionCount=null, exercise=ParticipationExerciseDTO[id=2573, exerciseType=PROGRAMMING, type=programming, assessmentType=AUTOMATIC, dueDate=2025-02-16T23:45:10.996982Z, assessmentDueDate=null, maxPoints=42.0, course=CourseDTO[id=956, accuracyOfScores=1]]], feedbacks=[], assessmentType=AUTOMATIC, hasComplaint=null, exampleResult=null, testCaseCount=0, passedTestCaseCount=0, codeIssueCount=0]], BuildJobQueueItem[id=19581739576715555, name=SHORTC1A3F9FC03D2304B4308FA20AF16D54AAA49TSTEXC-LOCALVCSSHINTSTUDENT1, buildAgent=BuildAgentDTO[name=artemis-build-agent-test, memberAddress=[127.0.0.1]:5703, displayName=artemis-build-agent-test], participationId=1958, courseId=965, exerciseId=2582, retryCount=0, priority=2, status=FAILED, repositoryInfo=RepositoryInfo[repositoryName=shortc1a3f9fc03d2304b4308fa20af16d54aaa49tstexc-localvcsshintstudent1, repositoryType=user, triggeredByPushTo=user, assignmentRepositoryUri=http://localhost:49152/git/SHORTC1A3F9FC03D2304B4308FA20AF16D54AAA49TSTEXC/shortc1a3f9fc03d2304b4308fa20af16d54aaa49tstexc-localvcsshintstudent1.git, testRepositoryUri=http://localhost:49152/git/SHORTC1A3F9FC03D2304B4308FA20AF16D54AAA49TSTEXC/shortc1a3f9fc03d2304b4308fa20af16d54aaa49tstexc-tests.git, solutionRepositoryUri=null, auxiliaryRepositoryUris=[Ljava.lang.String;@56adb202, auxiliaryRepositoryCheckoutDirectories=[Ljava.lang.String;@63312a99], jobTimingInfo=JobTimingInfo[submissionDate=2025-02-14T23:45:15.555989584Z[Etc/UTC], buildStartDate=2025-02-14T23:45:15.568477627Z[Etc/UTC], buildCompletionDate=2025-02-14T23:45:15.579021148Z[Etc/UTC], estimatedCompletionDate=2025-02-14T23:45:34.568443924Z[Etc/UTC], estimatedDuration=19], buildConfig=BuildConfig[buildScript=#!/bin/bash
cd /var/tmp/testing-dir
chmod +x ./gradlew
./gradlew clean test
, dockerImage=dummy-docker-image:latest, commitHashToBuild=ca76dac20e040e6609db02fd7fedd56bf58829d7, assignmentCommitHash=ca76dac20e040e6609db02fd7fedd56bf58829d7, testCommitHash=bd0d58c226dc63bfa4bc9052870589952c0a1f83, branch=main, programmingLanguage=JAVA, projectType=PLAIN_GRADLE, scaEnabled=false, sequentialTestRunsEnabled=false, resultPaths=[/var/tmp/testing-dir/**/test-results/test/*.xml], timeoutSeconds=0, assignmentCheckoutPath=null, testCheckoutPath=null, solutionCheckoutPath=null, dockerRunConfig=null], submissionResult=ResultDTO[id=627, completionDate=2025-02-14T23:45:15.579119131Z[Etc/UTC], successful=false, score=0.0, rated=true, submission=SubmissionDTO[id=820, submitted=true, type=MANUAL, exampleSubmission=null, submissionDate=2025-02-14T23:45:15.548349Z, commitHash=ca76dac20e040e6609db02fd7fedd56bf58829d7, buildFailed=true, buildArtifact=false, participation=ParticipationDTO[id=1958, testRun=false, type=programming, submissionCount=null, exercise=ParticipationExerciseDTO[id=2582, exerciseType=PROGRAMMING, type=programming, assessmentType=AUTOMATIC, dueDate=2025-02-16T23:45:15.103512Z, assessmentDueDate=null, maxPoints=42.0, course=CourseDTO[id=965, accuracyOfScores=1]]], submissionExerciseType=programming, isProcessing=false, buildStartDate=null, estimatedCompletionDate=null], participation=ParticipationDTO[id=1958, testRun=false, type=programming, submissionCount=null, exercise=ParticipationExerciseDTO[id=2582, exerciseType=PROGRAMMING, type=programming, assessmentType=AUTOMATIC, dueDate=2025-02-16T23:45:15.103512Z, assessmentDueDate=null, maxPoints=42.0, course=CourseDTO[id=965, accuracyOfScores=1]]], feedbacks=[], assessmentType=AUTOMATIC, hasComplaint=null, exampleResult=null, testCaseCount=0, passedTestCaseCount=0, codeIssueCount=0]], BuildJobQueueItem[id=19801739576719393, name=SHORTB2A6C58B0D447045380A858075B170A5B7C6TSTEXC-LOCALVCSSHINTSTUDENT1, buildAgent=BuildAgentDTO[name=artemis-build-agent-test, memberAddress=[127.0.0.1]:5703, displayName=artemis-build-agent-test], participationId=1980, courseId=974, exerciseId=2591, retryCount=0, priority=2, status=FAILED, repositoryInfo=RepositoryInfo[repositoryName=shortb2a6c58b0d447045380a858075b170a5b7c6tstexc-localvcsshintstudent1, repositoryType=user, triggeredByPushTo=user, assignmentRepositoryUri=http://localhost:49152/git/SHORTB2A6C58B0D447045380A858075B170A5B7C6TSTEXC/shortb2a6c58b0d447045380a858075b170a5b7c6tstexc-localvcsshintstudent1.git, testRepositoryUri=http://localhost:49152/git/SHORTB2A6C58B0D447045380A858075B170A5B7C6TSTEXC/shortb2a6c58b0d447045380a858075b170a5b7c6tstexc-tests.git, solutionRepositoryUri=null, auxiliaryRepositoryUris=[Ljava.lang.String;@60f33ac0, auxiliaryRepositoryCheckoutDirectories=[Ljava.lang.String;@a37bba9], jobTimingInfo=JobTimingInfo[submissionDate=2025-02-14T23:45:19.393259829Z[Etc/UTC], buildStartDate=2025-02-14T23:45:19.405438171Z[Etc/UTC], buildCompletionDate=2025-02-14T23:45:19.414070673Z[Etc/UTC], estimatedCompletionDate=2025-02-14T23:45:38.405431569Z[Etc/UTC], estimatedDuration=19], buildConfig=BuildConfig[buildScript=#!/bin/bash
cd /var/tmp/testing-dir
chmod +x ./gradlew
./gradlew clean test
, dockerImage=dummy-docker-image:latest, commitHashToBuild=363cdbf709a9fff149f813ab848ee800a675cc77, assignmentCommitHash=363cdbf709a9fff149f813ab848ee800a675cc77, testCommitHash=a5e046ece417b2e538f21f816e2524dab61e0d10, branch=main, programmingLanguage=JAVA, projectType=PLAIN_GRADLE, scaEnabled=false, sequentialTestRunsEnabled=false, resultPaths=[/var/tmp/testing-dir/**/test-results/test/*.xml], timeoutSeconds=0, assignmentCheckoutPath=null, testCheckoutPath=null, solutionCheckoutPath=null, dockerRunConfig=null], submissionResult=ResultDTO[id=628, completionDate=2025-02-14T23:45:19.414171040Z[Etc/UTC], successful=false, score=0.0, rated=true, submission=SubmissionDTO[id=821, submitted=true, type=MANUAL, exampleSubmission=null, submissionDate=2025-02-14T23:45:19.376840Z, commitHash=363cdbf709a9fff149f813ab848ee800a675cc77, buildFailed=true, buildArtifact=false, participation=ParticipationDTO[id=1980, testRun=false, type=programming, submissionCount=null, exercise=ParticipationExerciseDTO[id=2591, exerciseType=PROGRAMMING, type=programming, assessmentType=AUTOMATIC, dueDate=2025-02-16T23:45:18.950569Z, assessmentDueDate=null, maxPoints=42.0, course=CourseDTO[id=974, accuracyOfScores=1]]], submissionExerciseType=programming, isProcessing=false, buildStartDate=null, estimatedCompletionDate=null], participation=ParticipationDTO[id=1980, testRun=false, type=programming, submissionCount=null, exercise=ParticipationExerciseDTO[id=2591, exerciseType=PROGRAMMING, type=programming, assessmentType=AUTOMATIC, dueDate=2025-02-16T23:45:18.950569Z, assessmentDueDate=null, maxPoints=42.0, course=CourseDTO[id=974, accuracyOfScores=1]]], feedbacks=[], assessmentType=AUTOMATIC, hasComplaint=null, exampleResult=null, testCaseCount=0, passedTestCaseCount=0, codeIssueCount=0]], BuildJobQueueItem[id=19791739576719787, name=SHORTB2A6C58B0D447045380A858075B170A5B7C6TSTEXC-BASE, buildAgent=BuildAgentDTO[name=artemis-build-agent-test, memberAddress=[127.0.0.1]:5703, displayName=artemis-build-agent-test], participationId=1979, courseId=974, exerciseId=2591, retryCount=0, priority=2, status=FAILED, repositoryInfo=RepositoryInfo[repositoryName=shortb2a6c58b0d447045380a858075b170a5b7c6tstexc-exercise, repositoryType=exercise, triggeredByPushTo=exercise, assignmentRepositoryUri=http://localhost:49152/git/SHORTB2A6C58B0D447045380A858075B170A5B7C6TSTEXC/shortb2a6c58b0d447045380a858075b170a5b7c6tstexc-exercise.git, testRepositoryUri=http://localhost:49152/git/SHORTB2A6C58B0D447045380A858075B170A5B7C6TSTEXC/shortb2a6c58b0d447045380a858075b170a5b7c6tstexc-tests.git, solutionRepositoryUri=null, auxiliaryRepositoryUris=[Ljava.lang.String;@3131254f, auxiliaryRepositoryCheckoutDirectories=[Ljava.lang.String;@5b3ea412], jobTimingInfo=JobTimingInfo[submissionDate=2025-02-14T23:45:19.787985058Z[Etc/UTC], buildStartDate=2025-02-14T23:45:19.796327417Z[Etc/UTC], buildCompletionDate=2025-02-14T23:45:19.799750982Z[Etc/UTC], estimatedCompletionDate=2025-02-14T23:45:38.796319082Z[Etc/UTC], estimatedDuration=19], buildConfig=BuildConfig[buildScript=#!/bin/bash
cd /var/tmp/testing-dir
chmod +x ./gradlew
./gradlew clean test
, dockerImage=dummy-docker-image:latest, commitHashToBuild=363cdbf709a9fff149f813ab848ee800a675cc77, assignmentCommitHash=363cdbf709a9fff149f813ab848ee800a675cc77, testCommitHash=a5e046ece417b2e538f21f816e2524dab61e0d10, branch=main, programmingLanguage=JAVA, projectType=PLAIN_GRADLE, scaEnabled=false, sequentialTestRunsEnabled=false, resultPaths=[/var/tmp/testing-dir/**/test-results/test/*.xml], timeoutSeconds=0, assignmentCheckoutPath=null, testCheckoutPath=null, solutionCheckoutPath=null, dockerRunConfig=null], submissionResult=ResultDTO[id=629, completionDate=2025-02-14T23:45:19.799820341Z[Etc/UTC], successful=false, score=0.0, rated=true, submission=SubmissionDTO[id=822, submitted=true, type=MANUAL, exampleSubmission=null, submissionDate=2025-02-14T23:45:19.775952Z, commitHash=363cdbf709a9fff149f813ab848ee800a675cc77, buildFailed=true, buildArtifact=false, participation=ParticipationDTO[id=1979, testRun=false, type=template, submissionCount=null, exercise=ParticipationExerciseDTO[id=2591, exerciseType=PROGRAMMING, type=programming, assessmentType=AUTOMATIC, dueDate=2025-02-16T23:45:18.950569Z, assessmentDueDate=null, maxPoints=42.0, course=CourseDTO[id=974, accuracyOfScores=1]]], submissionExerciseType=programming, isProcessing=false, buildStartDate=null, estimatedCompletionDate=null], participation=ParticipationDTO[id=1979, testRun=false, type=template, submissionCount=null, exercise=ParticipationExerciseDTO[id=2591, exerciseType=PROGRAMMING, type=programming, assessmentType=AUTOMATIC, dueDate=2025-02-16T23:45:18.950569Z, assessmentDueDate=null, maxPoints=42.0, course=CourseDTO[id=974, accuracyOfScores=1]]], feedbacks=[], assessmentType=AUTOMATIC, hasComplaint=null, exampleResult=null, testCaseCount=0, passedTestCaseCount=0, codeIssueCount=0]], BuildJobQueueItem[id=19781739576720235, name=SHORTB2A6C58B0D447045380A858075B170A5B7C6TSTEXC-SOLUTION, buildAgent=BuildAgentDTO[name=artemis-build-agent-test, memberAddress=[127.0.0.1]:5703, displayName=artemis-build-agent-test], participationId=1978, courseId=974, exerciseId=2591, retryCount=0, priority=2, status=FAILED, repositoryInfo=RepositoryInfo[repositoryName=shortb2a6c58b0d447045380a858075b170a5b7c6tstexc-solution, repositoryType=solution, triggeredByPushTo=solution, assignmentRepositoryUri=http://localhost:49152/git/SHORTB2A6C58B0D447045380A858075B170A5B7C6TSTEXC/shortb2a6c58b0d447045380a858075b170a5b7c6tstexc-solution.git, testRepositoryUri=http://localhost:49152/git/SHORTB2A6C58B0D447045380A858075B170A5B7C6TSTEXC/shortb2a6c58b0d447045380a858075b170a5b7c6tstexc-tests.git, solutionRepositoryUri=null, auxiliaryRepositoryUris=[Ljava.lang.String;@22e2b08f, auxiliaryRepositoryCheckoutDirectories=[Ljava.lang.String;@15bfbd89], jobTimingInfo=JobTimingInfo[submissionDate=2025-02-14T23:45:20.235272325Z[Etc/UTC], buildStartDate=2025-02-14T23:45:20.243033812Z[Etc/UTC], buildCompletionDate=2025-02-14T23:45:20.250721018Z[Etc/UTC], estimatedCompletionDate=2025-02-14T23:45:39.243026949Z[Etc/UTC], estimatedDuration=19], buildConfig=BuildConfig[buildScript=#!/bin/bash
cd /var/tmp/testing-dir
chmod +x ./gradlew
./gradlew clean test
, dockerImage=dummy-docker-image:latest, commitHashToBuild=c710d0e68c9c7db8cda7d1a278308de2b9642cc0, assignmentCommitHash=c710d0e68c9c7db8cda7d1a278308de2b9642cc0, testCommitHash=a5e046ece417b2e538f21f816e2524dab61e0d10, branch=main, programmingLanguage=JAVA, projectType=PLAIN_GRADLE, scaEnabled=false, sequentialTestRunsEnabled=false, resultPaths=[/var/tmp/testing-dir/**/test-results/test/*.xml], timeoutSeconds=0, assignmentCheckoutPath=null, testCheckoutPath=null, solutionCheckoutPath=null, dockerRunConfig=null], submissionResult=ResultDTO[id=630, completionDate=2025-02-14T23:45:20.250809893Z[Etc/UTC], successful=false, score=0.0, rated=true, submission=SubmissionDTO[id=823, submitted=true, type=MANUAL, exampleSubmission=null, submissionDate=2025-02-14T23:45:20.211707Z, commitHash=c710d0e68c9c7db8cda7d1a278308de2b9642cc0, buildFailed=true, buildArtifact=false, participation=ParticipationDTO[id=1978, testRun=false, type=solution, submissionCount=null, exercise=ParticipationExerciseDTO[id=2591, exerciseType=PROGRAMMING, type=programming, assessmentType=AUTOMATIC, dueDate=2025-02-16T23:45:18.950569Z, assessmentDueDate=null, maxPoints=42.0, course=CourseDTO[id=974, accuracyOfScores=1]]], submissionExerciseType=programming, isProcessing=false, buildStartDate=null, estimatedCompletionDate=null], participation=ParticipationDTO[id=1978, testRun=false, type=solution, submissionCount=null, exercise=ParticipationExerciseDTO[id=2591, exerciseType=PROGRAMMING, type=programming, assessmentType=AUTOMATIC, dueDate=2025-02-16T23:45:18.950569Z, assessmentDueDate=null, maxPoints=42.0, course=CourseDTO[id=974, accuracyOfScores=1]]], feedbacks=[], assessmentType=AUTOMATIC, hasComplaint=null, exampleResult=null, testCaseCount=0, passedTestCaseCount=0, codeIssueCount=0]], BuildJobQueueItem[id=19781739576720802, name=SHORTB2A6C58B0D447045380A858075B170A5B7C6TSTEXC-SOLUTION, buildAgent=BuildAgentDTO[name=artemis-build-agent-test, memberAddress=[127.0.0.1]:5703, displayName=artemis-build-agent-test], participationId=1978, courseId=974, exerciseId=2591, retryCount=0, priority=2, status=FAILED, repositoryInfo=RepositoryInfo[repositoryName=shortb2a6c58b0d447045380a858075b170a5b7c6tstexc-solution, repositoryType=solution, triggeredByPushTo=tests, assignmentRepositoryUri=http://localhost:49152/git/SHORTB2A6C58B0D447045380A858075B170A5B7C6TSTEXC/shortb2a6c58b0d447045380a858075b170a5b7c6tstexc-solution.git, testRepositoryUri=http://localhost:49152/git/SHORTB2A6C58B0D447045380A858075B170A5B7C6TSTEXC/shortb2a6c58b0d447045380a858075b170a5b7c6tstexc-tests.git, solutionRepositoryUri=null, auxiliaryRepositoryUris=[Ljava.lang.String;@2d1cf92c, auxiliaryRepositoryCheckoutDirectories=[Ljava.lang.String;@3acc6a9], jobTimingInfo=JobTimingInfo[submissionDate=2025-02-14T23:45:20.802935026Z[Etc/UTC], buildStartDate=2025-02-14T23:45:20.809306435Z[Etc/UTC], buildCompletionDate=2025-02-14T23:45:20.822452342Z[Etc/UTC], estimatedCompletionDate=2025-02-14T23:45:39.809298491Z[Etc/UTC], estimatedDuration=19], buildConfig=BuildConfig[buildScript=#!/bin/bash
cd /var/tmp/testing-dir
chmod +x ./gradlew
./gradlew clean test
, dockerImage=dummy-docker-image:latest, commitHashToBuild=c710d0e68c9c7db8cda7d1a278308de2b9642cc0, assignmentCommitHash=c710d0e68c9c7db8cda7d1a278308de2b9642cc0, testCommitHash=c710d0e68c9c7db8cda7d1a278308de2b9642cc0, branch=main, programmingLanguage=JAVA, projectType=PLAIN_GRADLE, scaEnabled=false, sequentialTestRunsEnabled=false, resultPaths=[/var/tmp/testing-dir/**/test-results/test/*.xml], timeoutSeconds=0, assignmentCheckoutPath=null, testCheckoutPath=null, solutionCheckoutPath=null, dockerRunConfig=null], submissionResult=ResultDTO[id=631, completionDate=2025-02-14T23:45:20.822527362Z[Etc/UTC], successful=false, score=0.0, rated=true, submission=SubmissionDTO[id=824, submitted=true, type=TEST, exampleSubmission=null, submissionDate=2025-02-14T23:45:20.791240Z, commitHash=c710d0e68c9c7db8cda7d1a278308de2b9642cc0, buildFailed=true, buildArtifact=false, participation=ParticipationDTO[id=1978, testRun=false, type=solution, submissionCount=null, exercise=ParticipationExerciseDTO[id=2591, exerciseType=PROGRAMMING, type=programming, assessmentType=AUTOMATIC, dueDate=2025-02-16T23:45:18.950569Z, assessmentDueDate=null, maxPoints=42.0, course=CourseDTO[id=974, accuracyOfScores=1]]], submissionExerciseType=programming, isProcessing=false, buildStartDate=null, estimatedCompletionDate=null], participation=ParticipationDTO[id=1978, testRun=false, type=solution, submissionCount=null, exercise=ParticipationExerciseDTO[id=2591, exerciseType=PROGRAMMING, type=programming, assessmentType=AUTOMATIC, dueDate=2025-02-16T23:45:18.950569Z, assessmentDueDate=null, maxPoints=42.0, course=CourseDTO[id=974, accuracyOfScores=1]]], feedbacks=[], assessmentType=AUTOMATIC, hasComplaint=null, exampleResult=null, testCaseCount=0, passedTestCaseCount=0, codeIssueCount=0]], BuildJobQueueItem[id=20061739576732554, name=SHORT94A899E303D7504C5D0840704DAAFA3DFF4DTSTEXC-LOCALVCCIINTINSTRUCTOR1, buildAgent=BuildAgentDTO[name=artemis-build-agent-test, memberAddress=[127.0.0.1]:5703, displayName=artemis-build-agent-test], participationId=2006, courseId=984, exerciseId=2601, retryCount=0, priority=2, status=SUCCESSFUL, repositoryInfo=RepositoryInfo[repositoryName=short94a899e303d7504c5d0840704daafa3dff4dtstexc-localvcciintinstructor1, repositoryType=user, triggeredByPushTo=user, assignmentRepositoryUri=http://localhost:49152/git/SHORT94A899E303D7504C5D0840704DAAFA3DFF4DTSTEXC/short94a899e303d7504c5d0840704daafa3dff4dtstexc-localvcciintinstructor1.git, testRepositoryUri=http://localhost:49152/git/SHORT94A899E303D7504C5D0840704DAAFA3DFF4DTSTEXC/short94a899e303d7504c5d0840704daafa3dff4dtstexc-tests.git, solutionRepositoryUri=null, auxiliaryRepositoryUris=[Ljava.lang.String;@347d689b, auxiliaryRepositoryCheckoutDirectories=[Ljava.lang.String;@5cc6d868], jobTimingInfo=JobTimingInfo[submissionDate=2025-02-14T23:45:32.554795798Z[Etc/UTC], buildStartDate=2025-02-14T23:45:32.567287465Z[Etc/UTC], buildCompletionDate=2025-02-14T23:45:34.535226768Z[Etc/UTC], estimatedCompletionDate=2025-02-14T23:45:51.567257960Z[Etc/UTC], estimatedDuration=19], buildConfig=BuildConfig[buildScript=#!/bin/bash
cd /var/tmp/testing-dir
chmod +x ./gradlew
./gradlew clean test
, dockerImage=dummy-docker-image:latest, commitHashToBuild=ca2dbc0ae87edf7035058a6a17c0ea60e90a290f, assignmentCommitHash=ca2dbc0ae87edf7035058a6a17c0ea60e90a290f, testCommitHash=0207f6f98af5fbb66ad68455f3fc3cf128af8ae9, branch=main, programmingLanguage=JAVA, projectType=PLAIN_GRADLE, scaEnabled=false, sequentialTestRunsEnabled=false, resultPaths=[/var/tmp/testing-dir/**/test-results/test/*.xml], timeoutSeconds=0, assignmentCheckoutPath=null, testCheckoutPath=null, solutionCheckoutPath=null, dockerRunConfig=null], submissionResult=ResultDTO[id=632, completionDate=2025-02-14T23:45:34.504415716Z[Etc/UTC], successful=false, score=7.7, rated=false, submission=SubmissionDTO[id=826, submitted=true, type=MANUAL, exampleSubmission=null, submissionDate=2025-02-14T23:45:32.541533Z, commitHash=ca2dbc0ae87edf7035058a6a17c0ea60e90a290f, buildFailed=false, buildArtifact=false, participation=ParticipationDTO[id=2006, testRun=true, type=programming, submissionCount=null, exercise=ParticipationExerciseDTO[id=2601, exerciseType=PROGRAMMING, type=programming, assessmentType=AUTOMATIC, dueDate=2025-02-16T23:45:31.864042Z, assessmentDueDate=null, maxPoints=42.0, course=CourseDTO[id=984, accuracyOfScores=1]]], submissionExerciseType=programming, isProcessing=false, buildStartDate=null, estimatedCompletionDate=null], participation=ParticipationDTO[id=2006, testRun=true, type=programming, submissionCount=null, exercise=ParticipationExerciseDTO[id=2601, exerciseType=PROGRAMMING, type=programming, assessmentType=AUTOMATIC, dueDate=2025-02-16T23:45:31.864042Z, assessmentDueDate=null, maxPoints=42.0, course=CourseDTO[id=984, accuracyOfScores=1]]], feedbacks=[FeedbackDTO[id=920, text=null, detailText=The exercise expects a class with the name Context in the package testpackage. You did not implement the class in the exercise., hasLongFeedbackText=false, reference=null, credits=0.0, positive=false, type=AUTOMATIC, visibility=ALWAYS, testCase=TestCaseDTO[testName=null, id=1357]], FeedbackDTO[id=921, text=null, detailText=The exercise expects a class with the name Policy in the package testpackage. You did not implement the class in the exercise., hasLongFeedbackText=false, reference=null, credits=0.0, positive=false, type=AUTOMATIC, visibility=ALWAYS, testCase=TestCaseDTO[testName=null, id=1358]], FeedbackDTO[id=922, text=null, detailText=The exercise expects a class with the name SortStrategy in the package testpackage. You did not implement the class in the exercise., hasLongFeedbackText=false, reference=null, credits=0.0, positive=false, type=AUTOMATIC, visibility=ALWAYS, testCase=TestCaseDTO[testName=null, id=1359]], FeedbackDTO[id=923, text=null, detailText=The class 'MergeSort' does not implement the interface 'SortStrategy' as expected. Implement the interface and its methods., hasLongFeedbackText=false, reference=null, credits=0.0, positive=false, type=AUTOMATIC, visibility=ALWAYS, testCase=TestCaseDTO[testName=null, id=1354]], FeedbackDTO[id=924, text=null, detailText=The exercise expects a class with the name SortStrategy in the package testpackage. You did not implement the class in the exercise., hasLongFeedbackText=false, reference=null, credits=0.0, positive=false, type=AUTOMATIC, visibility=ALWAYS, testCase=TestCaseDTO[testName=null, id=1351]], FeedbackDTO[id=925, text=null, detailText=The class 'BubbleSort' does not implement the interface 'SortStrategy' as expected. Implement the interface and its methods., hasLongFeedbackText=false, reference=null, credits=0.0, positive=false, type=AUTOMATIC, visibility=ALWAYS, testCase=TestCaseDTO[testName=null, id=1355]], FeedbackDTO[id=926, text=null, detailText=MergeSort does not sort correctly, hasLongFeedbackText=false, reference=null, credits=0.0, positive=false, type=AUTOMATIC, visibility=ALWAYS, testCase=TestCaseDTO[testName=null, id=1360]], FeedbackDTO[id=927, text=null, detailText=The class 'Context' was not found within the submission. Make sure to implement it properly., hasLongFeedbackText=false, reference=null, credits=0.0, positive=false, type=AUTOMATIC, visibility=ALWAYS, testCase=TestCaseDTO[testName=null, id=1361]], FeedbackDTO[id=928, text=null, detailText=The class 'Context' was not found within the submission. Make sure to implement it properly., hasLongFeedbackText=false, reference=null, credits=0.0, positive=false, type=AUTOMATIC, visibility=ALWAYS, testCase=TestCaseDTO[testName=null, id=1362]], FeedbackDTO[id=929, text=null, detailText=The exercise expects a class with the name Policy in the package testpackage. You did not implement the class in the exercise., hasLongFeedbackText=false, reference=null, credits=0.0, positive=false, type=AUTOMATIC, visibility=ALWAYS, testCase=TestCaseDTO[testName=null, id=1356]], FeedbackDTO[id=930, text=null, detailText=The exercise expects a class with the name Context in the package testpackage. You did not implement the class in the exercise., hasLongFeedbackText=false, reference=null, credits=0.0, positive=false, type=AUTOMATIC, visibility=ALWAYS, testCase=TestCaseDTO[testName=null, id=1352]], FeedbackDTO[id=931, text=null, detailText=The exercise expects a class with the name Policy in the package testpackage. You did not implement the class in the exercise., hasLongFeedbackText=false, reference=null, credits=0.0, positive=false, type=AUTOMATIC, visibility=ALWAYS, testCase=TestCaseDTO[testName=null, id=1353]], FeedbackDTO[id=932, text=null, detailText=null, hasLongFeedbackText=false, reference=null, credits=3.230769230769231, positive=true, type=AUTOMATIC, visibility=ALWAYS, testCase=TestCaseDTO[testName=null, id=1363]]], assessmentType=AUTOMATIC, hasComplaint=null, exampleResult=null, testCaseCount=13, passedTestCaseCount=1, codeIssueCount=0]], BuildJobQueueItem[id=20111739576737317, name=SHORTD49A6DAE04F9E049850BD5601663FD17A5B7TSTEXC-BASE, buildAgent=BuildAgentDTO[name=artemis-build-agent-test, memberAddress=[127.0.0.1]:5703, displayName=artemis-build-agent-test], participationId=2011, courseId=986, exerciseId=2603, retryCount=0, priority=2, status=SUCCESSFUL, repositoryInfo=RepositoryInfo[repositoryName=shortd49a6dae04f9e049850bd5601663fd17a5b7tstexc-exercise, repositoryType=exercise, triggeredByPushTo=exercise, assignmentRepositoryUri=http://localhost:49152/git/SHORTD49A6DAE04F9E049850BD5601663FD17A5B7TSTEXC/shortd49a6dae04f9e049850bd5601663fd17a5b7tstexc-exercise.git, testRepositoryUri=http://localhost:49152/git/SHORTD49A6DAE04F9E049850BD5601663FD17A5B7TSTEXC/shortd49a6dae04f9e049850bd5601663fd17a5b7tstexc-tests.git, solutionRepositoryUri=null, auxiliaryRepositoryUris=[Ljava.lang.String;@16599f45, auxiliaryRepositoryCheckoutDirectories=[Ljava.lang.String;@73a58aa9], jobTimingInfo=JobTimingInfo[submissionDate=2025-02-14T23:45:37.317968648Z[Etc/UTC], buildStartDate=2025-02-14T23:45:37.324534774Z[Etc/UTC], buildCompletionDate=2025-02-14T23:45:38.527225461Z[Etc/UTC], estimatedCompletionDate=2025-02-14T23:45:56.324506331Z[Etc/UTC], estimatedDuration=19], buildConfig=BuildConfig[buildScript=#!/bin/bash
cd /var/tmp/testing-dir
chmod +x ./gradlew
./gradlew clean test
, dockerImage=dummy-docker-image:latest, commitHashToBuild=c795243c185829bbefa399f45dcbcfac22311b2f, assignmentCommitHash=c795243c185829bbefa399f45dcbcfac22311b2f, testCommitHash=fa8b162170bf767d852e05e0eb7a128efa2e1f34, branch=main, programmingLanguage=JAVA, projectType=PLAIN_GRADLE, scaEnabled=false, sequentialTestRunsEnabled=false, resultPaths=[/var/tmp/testing-dir/**/test-results/test/*.xml], timeoutSeconds=0, assignmentCheckoutPath=null, testCheckoutPath=null, solutionCheckoutPath=null, dockerRunConfig=null], submissionResult=ResultDTO[id=633, completionDate=2025-02-14T23:45:38.476795726Z[Etc/UTC], successful=false, score=0.0, rated=true, submission=SubmissionDTO[id=827, submitted=true, type=MANUAL, exampleSubmission=null, submissionDate=2025-02-14T23:45:37.303401Z, commitHash=c795243c185829bbefa399f45dcbcfac22311b2f, buildFailed=false, buildArtifact=false, participation=ParticipationDTO[id=2011, testRun=false, type=template, submissionCount=null, exercise=ParticipationExerciseDTO[id=2603, exerciseType=PROGRAMMING, type=programming, assessmentType=AUTOMATIC, dueDate=2025-02-16T23:45:36.830269Z, assessmentDueDate=null, maxPoints=42.0, course=CourseDTO[id=986, accuracyOfScores=1]]], submissionExerciseType=programming, isProcessing=false, buildStartDate=null, estimatedCompletionDate=null], participation=ParticipationDTO[id=2011, testRun=false, type=template, submissionCount=null, exercise=ParticipationExerciseDTO[id=2603, exerciseType=PROGRAMMING, type=programming, assessmentType=AUTOMATIC, dueDate=2025-02-16T23:45:36.830269Z, assessmentDueDate=null, maxPoints=42.0, course=CourseDTO[id=986, accuracyOfScores=1]]], feedbacks=[FeedbackDTO[id=933, text=null, detailText=The exercise expects a class with the name Context in the package testpackage. You did not implement the class in the exercise., hasLongFeedbackText=false, reference=null, credits=0.0, positive=false, type=AUTOMATIC, visibility=ALWAYS, testCase=TestCaseDTO[testName=testMethods[Context], id=1383]], FeedbackDTO[id=934, text=null, detailText=The exercise expects a class with the name Policy in the package testpackage. You did not implement the class in the exercise., hasLongFeedbackText=false, reference=null, credits=0.0, positive=false, type=AUTOMATIC, visibility=ALWAYS, testCase=TestCaseDTO[testName=testMethods[Policy], id=1384]], FeedbackDTO[id=935, text=null, detailText=The exercise expects a class with the name SortStrategy in the package testpackage. You did not implement the class in the exercise., hasLongFeedbackText=false, reference=null, credits=0.0, positive=false, type=AUTOMATIC, visibility=ALWAYS, testCase=TestCaseDTO[testName=testMethods[SortStrategy], id=1385]], FeedbackDTO[id=936, text=null, detailText=The class 'MergeSort' does not implement the interface 'SortStrategy' as expected. Implement the interface and its methods., hasLongFeedbackText=false, reference=null, credits=0.0, positive=false, type=AUTOMATIC, visibility=ALWAYS, testCase=TestCaseDTO[testName=testClass[MergeSort], id=1380]], FeedbackDTO[id=937, text=null, detailText=The exercise expects a class with the name SortStrategy in the package testpackage. You did not implement the class in the exercise., hasLongFeedbackText=false, reference=null, credits=0.0, positive=false, type=AUTOMATIC, visibility=ALWAYS, testCase=TestCaseDTO[testName=testClass[SortStrategy], id=1377]], FeedbackDTO[id=938, text=null, detailText=The class 'BubbleSort' does not implement the interface 'SortStrategy' as expected. Implement the interface and its methods., hasLongFeedbackText=false, reference=null, credits=0.0, positive=false, type=AUTOMATIC, visibility=ALWAYS, testCase=TestCaseDTO[testName=testClass[BubbleSort], id=1381]], FeedbackDTO[id=939, text=null, detailText=MergeSort does not sort correctly, hasLongFeedbackText=false, reference=null, credits=0.0, positive=false, type=AUTOMATIC, visibility=ALWAYS, testCase=TestCaseDTO[testName=testMergeSort(), id=1386]], FeedbackDTO[id=940, text=null, detailText=The class 'Context' was not found within the submission. Make sure to implement it properly., hasLongFeedbackText=false, reference=null, credits=0.0, positive=false, type=AUTOMATIC, visibility=ALWAYS, testCase=TestCaseDTO[testName=testUseBubbleSortForSmallList(), id=1387]], FeedbackDTO[id=941, text=null, detailText=BubbleSort does not sort correctly, hasLongFeedbackText=false, reference=null, credits=0.0, positive=false, type=AUTOMATIC, visibility=ALWAYS, testCase=TestCaseDTO[testName=testBubbleSort(), id=1389]], FeedbackDTO[id=942, text=null, detailText=The class 'Context' was not found within the submission. Make sure to implement it properly., hasLongFeedbackText=false, reference=null, credits=0.0, positive=false, type=AUTOMATIC, visibility=ALWAYS, testCase=TestCaseDTO[testName=testUseMergeSortForBigList(), id=1388]], FeedbackDTO[id=943, text=null, detailText=The exercise expects a class with the name Policy in the package testpackage. You did not implement the class in the exercise., hasLongFeedbackText=false, reference=null, credits=0.0, positive=false, type=AUTOMATIC, visibility=ALWAYS, testCase=TestCaseDTO[testName=testConstructors[Policy], id=1382]], FeedbackDTO[id=944, text=null, detailText=The exercise expects a class with the name Context in the package testpackage. You did not implement the class in the exercise., hasLongFeedbackText=false, reference=null, credits=0.0, positive=false, type=AUTOMATIC, visibility=ALWAYS, testCase=TestCaseDTO[testName=testAttributes[Context], id=1378]], FeedbackDTO[id=945, text=null, detailText=The exercise expects a class with the name Policy in the package testpackage. You did not implement the class in the exercise., hasLongFeedbackText=false, reference=null, credits=0.0, positive=false, type=AUTOMATIC, visibility=ALWAYS, testCase=TestCaseDTO[testName=testAttributes[Policy], id=1379]]], assessmentType=AUTOMATIC, hasComplaint=null, exampleResult=null, testCaseCount=13, passedTestCaseCount=0, codeIssueCount=0]], BuildJobQueueItem[id=20171739576740018, name=SHORT7914AFA00ADC3047140B99D01AC07810CE44TSTEXC-LOCALVCCIINTSTUDENT1, buildAgent=BuildAgentDTO[name=artemis-build-agent-test, memberAddress=[127.0.0.1]:5703, displayName=artemis-build-agent-test], participationId=2017, courseId=988, exerciseId=2605, retryCount=0, priority=2, status=SUCCESSFUL, repositoryInfo=RepositoryInfo[repositoryName=short7914afa00adc3047140b99d01ac07810ce44tstexc-practice-localvcciintstudent1, repositoryType=user, triggeredByPushTo=user, assignmentRepositoryUri=http://localhost:49152/git/SHORT7914AFA00ADC3047140B99D01AC07810CE44TSTEXC/short7914afa00adc3047140b99d01ac07810ce44tstexc-practice-localvcciintstudent1.git, testRepositoryUri=http://localhost:49152/git/SHORT7914AFA00ADC3047140B99D01AC07810CE44TSTEXC/short7914afa00adc3047140b99d01ac07810ce44tstexc-tests.git, solutionRepositoryUri=null, auxiliaryRepositoryUris=[Ljava.lang.String;@2cc30df6, auxiliaryRepositoryCheckoutDirectories=[Ljava.lang.String;@46ac959e], jobTimingInfo=JobTimingInfo[submissionDate=2025-02-14T23:45:40.018961253Z[Etc/UTC], buildStartDate=2025-02-14T23:45:40.029742701Z[Etc/UTC], buildCompletionDate=2025-02-14T23:45:41.150208242Z[Etc/UTC], estimatedCompletionDate=2025-02-14T23:45:59.029734065Z[Etc/UTC], estimatedDuration=19], buildConfig=BuildConfig[buildScript=#!/bin/bash
cd /var/tmp/testing-dir
chmod +x ./gradlew
./gradlew clean test
, dockerImage=dummy-docker-image:latest, commitHashToBuild=d80b57877989b971e83ccdb4863c8a7023c76266, assignmentCommitHash=d80b57877989b971e83ccdb4863c8a7023c76266, testCommitHash=327b116890c92b1312314341f43f21ef13ecf7d7, branch=main, programmingLanguage=JAVA, projectType=PLAIN_GRADLE, scaEnabled=false, sequentialTestRunsEnabled=false, resultPaths=[/var/tmp/testing-dir/**/test-results/test/*.xml], timeoutSeconds=0, assignmentCheckoutPath=null, testCheckoutPath=null, solutionCheckoutPath=null, dockerRunConfig=null], submissionResult=ResultDTO[id=634, completionDate=2025-02-14T23:45:41.120192603Z[Etc/UTC], successful=false, score=7.7, rated=false, submission=SubmissionDTO[id=828, submitted=true, type=MANUAL, exampleSubmission=null, submissionDate=2025-02-14T23:45:40.008666Z, commitHash=d80b57877989b971e83ccdb4863c8a7023c76266, buildFailed=false, buildArtifact=false, participation=ParticipationDTO[id=2017, testRun=true, type=programming, submissionCount=null, exercise=ParticipationExerciseDTO[id=2605, exerciseType=PROGRAMMING, type=programming, assessmentType=AUTOMATIC, dueDate=2025-02-16T23:45:39.523500Z, assessmentDueDate=null, maxPoints=42.0, course=CourseDTO[id=988, accuracyOfScores=1]]], submissionExerciseType=programming, isProcessing=false, buildStartDate=null, estimatedCompletionDate=null], participation=ParticipationDTO[id=2017, testRun=true, type=programming, submissionCount=null, exercise=ParticipationExerciseDTO[id=2605, exerciseType=PROGRAMMING, type=programming, assessmentType=AUTOMATIC, dueDate=2025-02-16T23:45:39.523500Z, assessmentDueDate=null, maxPoints=42.0, course=CourseDTO[id=988, accuracyOfScores=1]]], feedbacks=[FeedbackDTO[id=946, text=null, detailText=The exercise expects a class with the name Context in the package testpackage. You did not implement the class in the exercise., hasLongFeedbackText=false, reference=null, credits=0.0, positive=false, type=AUTOMATIC, visibility=ALWAYS, testCase=TestCaseDTO[testName=null, id=1409]], FeedbackDTO[id=947, text=null, detailText=The exercise expects a class with the name Policy in the package testpackage. You did not implement the class in the exercise., hasLongFeedbackText=false, reference=null, credits=0.0, positive=false, type=AUTOMATIC, visibility=ALWAYS, testCase=TestCaseDTO[testName=null, id=1410]], FeedbackDTO[id=948, text=null, detailText=The exercise expects a class with the name SortStrategy in the package testpackage. You did not implement the class in the exercise., hasLongFeedbackText=false, reference=null, credits=0.0, positive=false, type=AUTOMATIC, visibility=ALWAYS, testCase=TestCaseDTO[testName=null, id=1411]], FeedbackDTO[id=949, text=null, detailText=The class 'MergeSort' does not implement the interface 'SortStrategy' as expected. Implement the interface and its methods., hasLongFeedbackText=false, reference=null, credits=0.0, positive=false, type=AUTOMATIC, visibility=ALWAYS, testCase=TestCaseDTO[testName=null, id=1406]], FeedbackDTO[id=950, text=null, detailText=The exercise expects a class with the name SortStrategy in the package testpackage. You did not implement the class in the exercise., hasLongFeedbackText=false, reference=null, credits=0.0, positive=false, type=AUTOMATIC, visibility=ALWAYS, testCase=TestCaseDTO[testName=null, id=1403]], FeedbackDTO[id=951, text=null, detailText=The class 'BubbleSort' does not implement the interface 'SortStrategy' as expected. Implement the interface and its methods., hasLongFeedbackText=false, reference=null, credits=0.0, positive=false, type=AUTOMATIC, visibility=ALWAYS, testCase=TestCaseDTO[testName=null, id=1407]], FeedbackDTO[id=952, text=null, detailText=MergeSort does not sort correctly, hasLongFeedbackText=false, reference=null, credits=0.0, positive=false, type=AUTOMATIC, visibility=ALWAYS, testCase=TestCaseDTO[testName=null, id=1412]], FeedbackDTO[id=953, text=null, detailText=The class 'Context' was not found within the submission. Make sure to implement it properly., hasLongFeedbackText=false, reference=null, credits=0.0, positive=false, type=AUTOMATIC, visibility=ALWAYS, testCase=TestCaseDTO[testName=null, id=1413]], FeedbackDTO[id=954, text=null, detailText=The class 'Context' was not found within the submission. Make sure to implement it properly., hasLongFeedbackText=false, reference=null, credits=0.0, positive=false, type=AUTOMATIC, visibility=ALWAYS, testCase=TestCaseDTO[testName=null, id=1414]], FeedbackDTO[id=955, text=null, detailText=The exercise expects a class with the name Policy in the package testpackage. You did not implement the class in the exercise., hasLongFeedbackText=false, reference=null, credits=0.0, positive=false, type=AUTOMATIC, visibility=ALWAYS, testCase=TestCaseDTO[testName=null, id=1408]], FeedbackDTO[id=956, text=null, detailText=The exercise expects a class with the name Context in the package testpackage. You did not implement the class in the exercise., hasLongFeedbackText=false, reference=null, credits=0.0, positive=false, type=AUTOMATIC, visibility=ALWAYS, testCase=TestCaseDTO[testName=null, id=1404]], FeedbackDTO[id=957, text=null, detailText=The exercise expects a class with the name Policy in the package testpackage. You did not implement the class in the exercise., hasLongFeedbackText=false, reference=null, credits=0.0, positive=false, type=AUTOMATIC, visibility=ALWAYS, testCase=TestCaseDTO[testName=null, id=1405]], FeedbackDTO[id=958, text=null, detailText=null, hasLongFeedbackText=false, reference=null, credits=3.230769230769231, positive=true, type=AUTOMATIC, visibility=ALWAYS, testCase=TestCaseDTO[testName=null, id=1415]]], assessmentType=AUTOMATIC, hasComplaint=null, exampleResult=null, testCaseCount=13, passedTestCaseCount=1, codeIssueCount=0]], BuildJobQueueItem[id=20261739576743984, name=SHORT53C73BE505404043100AC2F00C039353CE8FTSTEXC-LOCALVCCIINTSTUDENT1, buildAgent=BuildAgentDTO[name=artemis-build-agent-test, memberAddress=[127.0.0.1]:5703, displayName=artemis-build-agent-test], participationId=2026, courseId=991, exerciseId=2608, retryCount=0, priority=1, status=SUCCESSFUL, repositoryInfo=RepositoryInfo[repositoryName=short53c73be505404043100ac2f00c039353ce8ftstexc-localvcciintstudent1, repositoryType=user, triggeredByPushTo=user, assignmentRepositoryUri=http://localhost:49152/git/SHORT53C73BE505404043100AC2F00C039353CE8FTSTEXC/short53c73be505404043100ac2f00c039353ce8ftstexc-localvcciintstudent1.git, testRepositoryUri=http://localhost:49152/git/SHORT53C73BE505404043100AC2F00C039353CE8FTSTEXC/short53c73be505404043100ac2f00c039353ce8ftstexc-tests.git, solutionRepositoryUri=null, auxiliaryRepositoryUris=[Ljava.lang.String;@1cd589b9, auxiliaryRepositoryCheckoutDirectories=[Ljava.lang.String;@437aa848], jobTimingInfo=JobTimingInfo[submissionDate=2025-02-14T23:45:43.984518859Z[Etc/UTC], buildStartDate=2025-02-14T23:45:43.991385682Z[Etc/UTC], buildCompletionDate=2025-02-14T23:45:44.982059928Z[Etc/UTC], estimatedCompletionDate=2025-02-14T23:46:02.991380122Z[Etc/UTC], estimatedDuration=19], buildConfig=BuildConfig[buildScript=#!/bin/bash
cd /var/tmp/testing-dir
chmod +x ./gradlew
./gradlew clean test
, dockerImage=dummy-docker-image:latest, commitHashToBuild=3e90ae9fef2e44ffb41451a080bdaa6a44ad6848, assignmentCommitHash=3e90ae9fef2e44ffb41451a080bdaa6a44ad6848, testCommitHash=0582754c87aae13e640312855ce7dbe490ecb50c, branch=main, programmingLanguage=JAVA, projectType=PLAIN_GRADLE, scaEnabled=false, sequentialTestRunsEnabled=false, resultPaths=[/var/tmp/testing-dir/**/test-results/test/*.xml], timeoutSeconds=0, assignmentCheckoutPath=null, testCheckoutPath=null, solutionCheckoutPath=null, dockerRunConfig=null], submissionResult=ResultDTO[id=635, completionDate=2025-02-14T23:45:44.961313737Z[Etc/UTC], successful=false, score=7.7, rated=true, submission=SubmissionDTO[id=829, submitted=true, type=MANUAL, exampleSubmission=null, submissionDate=2025-02-14T23:45:43.967766Z, commitHash=3e90ae9fef2e44ffb41451a080bdaa6a44ad6848, buildFailed=false, buildArtifact=false, participation=ParticipationDTO[id=2026, testRun=false, type=programming, submissionCount=null, exercise=ParticipationExerciseDTO[id=2608, exerciseType=PROGRAMMING, type=programming, assessmentType=AUTOMATIC, dueDate=2025-02-16T23:45:43.597978Z, assessmentDueDate=null, maxPoints=42.0, course=CourseDTO[id=991, accuracyOfScores=1]]], submissionExerciseType=programming, isProcessing=false, buildStartDate=null, estimatedCompletionDate=null], participation=ParticipationDTO[id=2026, testRun=false, type=programming, submissionCount=null, exercise=ParticipationExerciseDTO[id=2608, exerciseType=PROGRAMMING, type=programming, assessmentType=AUTOMATIC, dueDate=2025-02-16T23:45:43.597978Z, assessmentDueDate=null, maxPoints=42.0, course=CourseDTO[id=991, accuracyOfScores=1]]], feedbacks=[FeedbackDTO[id=959, text=null, detailText=The exercise expects a class with the name Context in the package testpackage. You did not implement the class in the exercise., hasLongFeedbackText=false, reference=null, credits=0.0, positive=false, type=AUTOMATIC, visibility=ALWAYS, testCase=TestCaseDTO[testName=null, id=1448]], FeedbackDTO[id=960, text=null, detailText=The exercise expects a class with the name Policy in the package testpackage. You did not implement the class in the exercise., hasLongFeedbackText=false, reference=null, credits=0.0, positive=false, type=AUTOMATIC, visibility=ALWAYS, testCase=TestCaseDTO[testName=null, id=1449]], FeedbackDTO[id=961, text=null, detailText=The exercise expects a class with the name SortStrategy in the package testpackage. You did not implement the class in the exercise., hasLongFeedbackText=false, reference=null, credits=0.0, positive=false, type=AUTOMATIC, visibility=ALWAYS, testCase=TestCaseDTO[testName=null, id=1450]], FeedbackDTO[id=962, text=null, detailText=The class 'MergeSort' does not implement the interface 'SortStrategy' as expected. Implement the interface and its methods., hasLongFeedbackText=false, reference=null, credits=0.0, positive=false, type=AUTOMATIC, visibility=ALWAYS, testCase=TestCaseDTO[testName=null, id=1445]], FeedbackDTO[id=963, text=null, detailText=The exercise expects a class with the name SortStrategy in the package testpackage. You did not implement the class in the exercise., hasLongFeedbackText=false, reference=null, credits=0.0, positive=false, type=AUTOMATIC, visibility=ALWAYS, testCase=TestCaseDTO[testName=null, id=1442]], FeedbackDTO[id=964, text=null, detailText=The class 'BubbleSort' does not implement the interface 'SortStrategy' as expected. Implement the interface and its methods., hasLongFeedbackText=false, reference=null, credits=0.0, positive=false, type=AUTOMATIC, visibility=ALWAYS, testCase=TestCaseDTO[testName=null, id=1446]], FeedbackDTO[id=965, text=null, detailText=MergeSort does not sort correctly, hasLongFeedbackText=false, reference=null, credits=0.0, positive=false, type=AUTOMATIC, visibility=ALWAYS, testCase=TestCaseDTO[testName=null, id=1451]], FeedbackDTO[id=966, text=null, detailText=The class 'Context' was not found within the submission. Make sure to implement it properly., hasLongFeedbackText=false, reference=null, credits=0.0, positive=false, type=AUTOMATIC, visibility=ALWAYS, testCase=TestCaseDTO[testName=null, id=1452]], FeedbackDTO[id=967, text=null, detailText=The class 'Context' was not found within the submission. Make sure to implement it properly., hasLongFeedbackText=false, reference=null, credits=0.0, positive=false, type=AUTOMATIC, visibility=ALWAYS, testCase=TestCaseDTO[testName=null, id=1453]], FeedbackDTO[id=968, text=null, detailText=The exercise expects a class with the name Policy in the package testpackage. You did not implement the class in the exercise., hasLongFeedbackText=false, reference=null, credits=0.0, positive=false, type=AUTOMATIC, visibility=ALWAYS, testCase=TestCaseDTO[testName=null, id=1447]], FeedbackDTO[id=969, text=null, detailText=The exercise expects a class with the name Context in the package testpackage. You did not implement the class in the exercise., hasLongFeedbackText=false, reference=null, credits=0.0, positive=false, type=AUTOMATIC, visibility=ALWAYS, testCase=TestCaseDTO[testName=null, id=1443]], FeedbackDTO[id=970, text=null, detailText=The exercise expects a class with the name Policy in the package testpackage. You did not implement the class in the exercise., hasLongFeedbackText=false, reference=null, credits=0.0, positive=false, type=AUTOMATIC, visibility=ALWAYS, testCase=TestCaseDTO[testName=null, id=1444]], FeedbackDTO[id=971, text=null, detailText=null, hasLongFeedbackText=false, reference=null, credits=3.230769230769231, positive=true, type=AUTOMATIC, visibility=ALWAYS, testCase=TestCaseDTO[testName=null, id=1454]]], assessmentType=AUTOMATIC, hasComplaint=null, exampleResult=null, testCaseCount=13, passedTestCaseCount=1, codeIssueCount=0]], BuildJobQueueItem[id=20271739576746886, name=SHORT0FC863930E92904248098A506171F81CF6CFTSTEXC-SOLUTION, buildAgent=BuildAgentDTO[name=artemis-build-agent-test, memberAddress=[127.0.0.1]:5703, displayName=artemis-build-agent-test], participationId=2027, courseId=992, exerciseId=2609, retryCount=0, priority=2, status=SUCCESSFUL, repositoryInfo=RepositoryInfo[repositoryName=short0fc863930e92904248098a506171f81cf6cftstexc-solution, repositoryType=solution, triggeredByPushTo=auxiliary, assignmentRepositoryUri=http://localhost:49152/git/SHORT0FC863930E92904248098A506171F81CF6CFTSTEXC/short0fc863930e92904248098a506171f81cf6cftstexc-solution.git, testRepositoryUri=http://localhost:49152/git/SHORT0FC863930E92904248098A506171F81CF6CFTSTEXC/short0fc863930e92904248098a506171f81cf6cftstexc-tests.git, solutionRepositoryUri=null, auxiliaryRepositoryUris=[Ljava.lang.String;@77e2a16c, auxiliaryRepositoryCheckoutDirectories=[Ljava.lang.String;@55c0da6b], jobTimingInfo=JobTimingInfo[submissionDate=2025-02-14T23:45:46.886984066Z[Etc/UTC], buildStartDate=2025-02-14T23:45:46.897709578Z[Etc/UTC], buildCompletionDate=2025-02-14T23:45:48.628460156Z[Etc/UTC], estimatedCompletionDate=2025-02-14T23:46:05.897701272Z[Etc/UTC], estimatedDuration=19], buildConfig=BuildConfig[buildScript=#!/bin/bash
cd /var/tmp/testing-dir
chmod +x ./gradlew
./gradlew clean test
, dockerImage=dummy-docker-image:latest, commitHashToBuild=null, assignmentCommitHash=115a2e943bee242fdad360b50d8ad5f30792577e, testCommitHash=9b3a9bd71a0d80e5bbc42204c319ed3d1d4f0d6d, branch=main, programmingLanguage=JAVA, projectType=PLAIN_GRADLE, scaEnabled=false, sequentialTestRunsEnabled=false, resultPaths=[/var/tmp/testing-dir/**/test-results/test/*.xml], timeoutSeconds=0, assignmentCheckoutPath=null, testCheckoutPath=null, solutionCheckoutPath=null, dockerRunConfig=null], submissionResult=ResultDTO[id=636, completionDate=2025-02-14T23:45:48.593370968Z[Etc/UTC], successful=true, score=100.0, rated=true, submission=SubmissionDTO[id=830, submitted=true, type=TEST, exampleSubmission=null, submissionDate=2025-02-14T23:45:46.873671Z, commitHash=9b3a9bd71a0d80e5bbc42204c319ed3d1d4f0d6d, buildFailed=false, buildArtifact=false, participation=ParticipationDTO[id=2027, testRun=false, type=solution, submissionCount=null, exercise=ParticipationExerciseDTO[id=2609, exerciseType=PROGRAMMING, type=programming, assessmentType=AUTOMATIC, dueDate=2025-02-16T23:45:46.386304Z, assessmentDueDate=null, maxPoints=42.0, course=CourseDTO[id=992, accuracyOfScores=1]]], submissionExerciseType=programming, isProcessing=false, buildStartDate=null, estimatedCompletionDate=null], participation=ParticipationDTO[id=2027, testRun=false, type=solution, submissionCount=null, exercise=ParticipationExerciseDTO[id=2609, exerciseType=PROGRAMMING, type=programming, assessmentType=AUTOMATIC, dueDate=2025-02-16T23:45:46.386304Z, assessmentDueDate=null, maxPoints=42.0, course=CourseDTO[id=992, accuracyOfScores=1]]], feedbacks=[FeedbackDTO[id=972, text=null, detailText=null, hasLongFeedbackText=false, reference=null, credits=3.230769230769231, positive=true, type=AUTOMATIC, visibility=ALWAYS, testCase=TestCaseDTO[testName=testMethods[Context], id=1461]], FeedbackDTO[id=973, text=null, detailText=null, hasLongFeedbackText=false, reference=null, credits=3.230769230769231, positive=true, type=AUTOMATIC, visibility=ALWAYS, testCase=TestCaseDTO[testName=testMethods[Policy], id=1462]], FeedbackDTO[id=974, text=null, detailText=null, hasLongFeedbackText=false, reference=null, credits=3.230769230769231, positive=true, type=AUTOMATIC, visibility=ALWAYS, testCase=TestCaseDTO[testName=testMethods[SortStrategy], id=1463]], FeedbackDTO[id=975, text=null, detailText=null, hasLongFeedbackText=false, reference=null, credits=3.230769230769231, positive=true, type=AUTOMATIC, visibility=ALWAYS, testCase=TestCaseDTO[testName=testClass[MergeSort], id=1458]], FeedbackDTO[id=976, text=null, detailText=null, hasLongFeedbackText=false, reference=null, credits=3.230769230769231, positive=true, type=AUTOMATIC, visibility=ALWAYS, testCase=TestCaseDTO[testName=testClass[SortStrategy], id=1455]], FeedbackDTO[id=977, text=null, detailText=null, hasLongFeedbackText=false, reference=null, credits=3.230769230769231, positive=true, type=AUTOMATIC, visibility=ALWAYS, testCase=TestCaseDTO[testName=testClass[BubbleSort], id=1459]], FeedbackDTO[id=978, text=null, detailText=null, hasLongFeedbackText=false, reference=null, credits=3.230769230769231, positive=true, type=AUTOMATIC, visibility=ALWAYS, testCase=TestCaseDTO[testName=testMergeSort(), id=1464]], FeedbackDTO[id=979, text=null, detailText=null, hasLongFeedbackText=false, reference=null, credits=3.230769230769231, positive=true, type=AUTOMATIC, visibility=ALWAYS, testCase=TestCaseDTO[testName=testUseBubbleSortForSmallList(), id=1465]], FeedbackDTO[id=980, text=null, detailText=null, hasLongFeedbackText=false, reference=null, credits=3.230769230769231, positive=true, type=AUTOMATIC, visibility=ALWAYS, testCase=TestCaseDTO[testName=testBubbleSort(), id=1467]], FeedbackDTO[id=981, text=null, detailText=null, hasLongFeedbackText=false, reference=null, credits=3.230769230769231, positive=true, type=AUTOMATIC, visibility=ALWAYS, testCase=TestCaseDTO[testName=testUseMergeSortForBigList(), id=1466]], FeedbackDTO[id=982, text=null, detailText=null, hasLongFeedbackText=false, reference=null, credits=3.230769230769231, positive=true, type=AUTOMATIC, visibility=ALWAYS, testCase=TestCaseDTO[testName=testConstructors[Policy], id=1460]], FeedbackDTO[id=983, text=null, detailText=null, hasLongFeedbackText=false, reference=null, credits=3.230769230769231, positive=true, type=AUTOMATIC, visibility=ALWAYS, testCase=TestCaseDTO[testName=testAttributes[Context], id=1456]], FeedbackDTO[id=984, text=null, detailText=null, hasLongFeedbackText=false, reference=null, credits=3.230769230769231, positive=true, type=AUTOMATIC, visibility=ALWAYS, testCase=TestCaseDTO[testName=testAttributes[Policy], id=1457]]], assessmentType=AUTOMATIC, hasComplaint=null, exampleResult=null, testCaseCount=13, passedTestCaseCount=13, codeIssueCount=0]], BuildJobQueueItem[id=20281739576748768, name=SHORT0FC863930E92904248098A506171F81CF6CFTSTEXC-BASE, buildAgent=BuildAgentDTO[name=artemis-build-agent-test, memberAddress=[127.0.0.1]:5703, displayName=artemis-build-agent-test], participationId=2028, courseId=992, exerciseId=2609, retryCount=0, priority=2, status=SUCCESSFUL, repositoryInfo=RepositoryInfo[repositoryName=short0fc863930e92904248098a506171f81cf6cftstexc-exercise, repositoryType=exercise, triggeredByPushTo=auxiliary, assignmentRepositoryUri=http://localhost:49152/git/SHORT0FC863930E92904248098A506171F81CF6CFTSTEXC/short0fc863930e92904248098a506171f81cf6cftstexc-exercise.git, testRepositoryUri=http://localhost:49152/git/SHORT0FC863930E92904248098A506171F81CF6CFTSTEXC/short0fc863930e92904248098a506171f81cf6cftstexc-tests.git, solutionRepositoryUri=null, auxiliaryRepositoryUris=[Ljava.lang.String;@6568192b, auxiliaryRepositoryCheckoutDirectories=[Ljava.lang.String;@7346d526], jobTimingInfo=JobTimingInfo[submissionDate=2025-02-14T23:45:48.768063548Z[Etc/UTC], buildStartDate=2025-02-14T23:45:48.802531989Z[Etc/UTC], buildCompletionDate=2025-02-14T23:45:50.482681367Z[Etc/UTC], estimatedCompletionDate=2025-02-14T23:45:50.802523092Z[Etc/UTC], estimatedDuration=2], buildConfig=BuildConfig[buildScript=#!/bin/bash
cd /var/tmp/testing-dir
chmod +x ./gradlew
./gradlew clean test
, dockerImage=dummy-docker-image:latest, commitHashToBuild=9b3a9bd71a0d80e5bbc42204c319ed3d1d4f0d6d, assignmentCommitHash=115a2e943bee242fdad360b50d8ad5f30792577e, testCommitHash=9b3a9bd71a0d80e5bbc42204c319ed3d1d4f0d6d, branch=main, programmingLanguage=JAVA, projectType=PLAIN_GRADLE, scaEnabled=false, sequentialTestRunsEnabled=false, resultPaths=[/var/tmp/testing-dir/**/test-results/test/*.xml], timeoutSeconds=0, assignmentCheckoutPath=null, testCheckoutPath=null, solutionCheckoutPath=null, dockerRunConfig=null], submissionResult=ResultDTO[id=637, completionDate=2025-02-14T23:45:50.449084694Z[Etc/UTC], successful=false, score=0.0, rated=true, submission=SubmissionDTO[id=831, submitted=true, type=TEST, exampleSubmission=null, submissionDate=2025-02-14T23:45:48.761177Z, commitHash=9b3a9bd71a0d80e5bbc42204c319ed3d1d4f0d6d, buildFailed=false, buildArtifact=false, participation=ParticipationDTO[id=2028, testRun=false, type=template, submissionCount=null, exercise=ParticipationExerciseDTO[id=2609, exerciseType=PROGRAMMING, type=programming, assessmentType=AUTOMATIC, dueDate=2025-02-16T23:45:46.386304Z, assessmentDueDate=null, maxPoints=42.0, course=CourseDTO[id=992, accuracyOfScores=1]]], submissionExerciseType=programming, isProcessing=false, buildStartDate=null, estimatedCompletionDate=null], participation=ParticipationDTO[id=2028, testRun=false, type=template, submissionCount=null, exercise=ParticipationExerciseDTO[id=2609, exerciseType=PROGRAMMING, type=programming, assessmentType=AUTOMATIC, dueDate=2025-02-16T23:45:46.386304Z, assessmentDueDate=null, maxPoints=42.0, course=CourseDTO[id=992, accuracyOfScores=1]]], feedbacks=[FeedbackDTO[id=985, text=null, detailText=The exercise expects a class with the name Context in the package testpackage. You did not implement the class in the exercise., hasLongFeedbackText=false, reference=null, credits=0.0, positive=false, type=AUTOMATIC, visibility=ALWAYS, testCase=TestCaseDTO[testName=testMethods[Context], id=1461]], FeedbackDTO[id=986, text=null, detailText=The exercise expects a class with the name Policy in the package testpackage. You did not implement the class in the exercise., hasLongFeedbackText=false, reference=null, credits=0.0, positive=false, type=AUTOMATIC, visibility=ALWAYS, testCase=TestCaseDTO[testName=testMethods[Policy], id=1462]], FeedbackDTO[id=987, text=null, detailText=The exercise expects a class with the name SortStrategy in the package testpackage. You did not implement the class in the exercise., hasLongFeedbackText=false, reference=null, credits=0.0, positive=false, type=AUTOMATIC, visibility=ALWAYS, testCase=TestCaseDTO[testName=testMethods[SortStrategy], id=1463]], FeedbackDTO[id=988, text=null, detailText=The class 'MergeSort' does not implement the interface 'SortStrategy' as expected. Implement the interface and its methods., hasLongFeedbackText=false, reference=null, credits=0.0, positive=false, type=AUTOMATIC, visibility=ALWAYS, testCase=TestCaseDTO[testName=testClass[MergeSort], id=1458]], FeedbackDTO[id=989, text=null, detailText=The exercise expects a class with the name SortStrategy in the package testpackage. You did not implement the class in the exercise., hasLongFeedbackText=false, reference=null, credits=0.0, positive=false, type=AUTOMATIC, visibility=ALWAYS, testCase=TestCaseDTO[testName=testClass[SortStrategy], id=1455]], FeedbackDTO[id=990, text=null, detailText=The class 'BubbleSort' does not implement the interface 'SortStrategy' as expected. Implement the interface and its methods., hasLongFeedbackText=false, reference=null, credits=0.0, positive=false, type=AUTOMATIC, visibility=ALWAYS, testCase=TestCaseDTO[testName=testClass[BubbleSort], id=1459]], FeedbackDTO[id=991, text=null, detailText=MergeSort does not sort correctly, hasLongFeedbackText=false, reference=null, credits=0.0, positive=false, type=AUTOMATIC, visibility=ALWAYS, testCase=TestCaseDTO[testName=testMergeSort(), id=1464]], FeedbackDTO[id=992, text=null, detailText=The class 'Context' was not found within the submission. Make sure to implement it properly., hasLongFeedbackText=false, reference=null, credits=0.0, positive=false, type=AUTOMATIC, visibility=ALWAYS, testCase=TestCaseDTO[testName=testUseBubbleSortForSmallList(), id=1465]], FeedbackDTO[id=993, text=null, detailText=BubbleSort does not sort correctly, hasLongFeedbackText=false, reference=null, credits=0.0, positive=false, type=AUTOMATIC, visibility=ALWAYS, testCase=TestCaseDTO[testName=testBubbleSort(), id=1467]], FeedbackDTO[id=994, text=null, detailText=The class 'Context' was not found within the submission. Make sure to implement it properly., hasLongFeedbackText=false, reference=null, credits=0.0, positive=false, type=AUTOMATIC, visibility=ALWAYS, testCase=TestCaseDTO[testName=testUseMergeSortForBigList(), id=1466]], FeedbackDTO[id=995, text=null, detailText=The exercise expects a class with the name Policy in the package testpackage. You did not implement the class in the exercise., hasLongFeedbackText=false, reference=null, credits=0.0, positive=false, type=AUTOMATIC, visibility=ALWAYS, testCase=TestCaseDTO[testName=testConstructors[Policy], id=1460]], FeedbackDTO[id=996, text=null, detailText=The exercise expects a class with the name Context in the package testpackage. You did not implement the class in the exercise., hasLongFeedbackText=false, reference=null, credits=0.0, positive=false, type=AUTOMATIC, visibility=ALWAYS, testCase=TestCaseDTO[testName=testAttributes[Context], id=1456]], FeedbackDTO[id=997, text=null, detailText=The exercise expects a class with the name Policy in the package testpackage. You did not implement the class in the exercise., hasLongFeedbackText=false, reference=null, credits=0.0, positive=false, type=AUTOMATIC, visibility=ALWAYS, testCase=TestCaseDTO[testName=testAttributes[Policy], id=1457]]], assessmentType=AUTOMATIC, hasComplaint=null, exampleResult=null, testCaseCount=13, passedTestCaseCount=0, codeIssueCount=0]], BuildJobQueueItem[id=20291739576751299, name=SHORT716C2EC10B19B049C80A2F00B97EAB20B2A9TSTEXC-SOLUTION, buildAgent=BuildAgentDTO[name=artemis-build-agent-test, memberAddress=[127.0.0.1]:5703, displayName=artemis-build-agent-test], participationId=2029, courseId=993, exerciseId=2610, retryCount=0, priority=2, status=SUCCESSFUL, repositoryInfo=RepositoryInfo[repositoryName=short716c2ec10b19b049c80a2f00b97eab20b2a9tstexc-solution, repositoryType=solution, triggeredByPushTo=tests, assignmentRepositoryUri=http://localhost:49152/git/SHORT716C2EC10B19B049C80A2F00B97EAB20B2A9TSTEXC/short716c2ec10b19b049c80a2f00b97eab20b2a9tstexc-solution.git, testRepositoryUri=http://localhost:49152/git/SHORT716C2EC10B19B049C80A2F00B97EAB20B2A9TSTEXC/short716c2ec10b19b049c80a2f00b97eab20b2a9tstexc-tests.git, solutionRepositoryUri=null, auxiliaryRepositoryUris=[Ljava.lang.String;@114de3e3, auxiliaryRepositoryCheckoutDirectories=[Ljava.lang.String;@428d7023], jobTimingInfo=JobTimingInfo[submissionDate=2025-02-14T23:45:51.299892174Z[Etc/UTC], buildStartDate=2025-02-14T23:45:51.314028505Z[Etc/UTC], buildCompletionDate=2025-02-14T23:45:52.158312850Z[Etc/UTC], estimatedCompletionDate=2025-02-14T23:46:10.314021752Z[Etc/UTC], estimatedDuration=19], buildConfig=BuildConfig[buildScript=#!/bin/bash
cd /var/tmp/testing-dir
chmod +x ./gradlew
./gradlew clean test
, dockerImage=dummy-docker-image:latest, commitHashToBuild=1e531733ed6e9237f710b528d1eb0b7beac565fd, assignmentCommitHash=815e279f12ad296b4f24c44134a07293c04c010f, testCommitHash=1e531733ed6e9237f710b528d1eb0b7beac565fd, branch=main, programmingLanguage=JAVA, projectType=PLAIN_GRADLE, scaEnabled=false, sequentialTestRunsEnabled=false, resultPaths=[/var/tmp/testing-dir/**/test-results/test/*.xml], timeoutSeconds=0, assignmentCheckoutPath=null, testCheckoutPath=null, solutionCheckoutPath=null, dockerRunConfig=null], submissionResult=ResultDTO[id=638, completionDate=2025-02-14T23:45:52.146826070Z[Etc/UTC], successful=true, score=100.0, rated=true, submission=SubmissionDTO[id=832, submitted=true, type=TEST, exampleSubmission=null, submissionDate=2025-02-14T23:45:51.275713Z, commitHash=1e531733ed6e9237f710b528d1eb0b7beac565fd, buildFailed=false, buildArtifact=false, participation=ParticipationDTO[id=2029, testRun=false, type=solution, submissionCount=null, exercise=ParticipationExerciseDTO[id=2610, exerciseType=PROGRAMMING, type=programming, assessmentType=AUTOMATIC, dueDate=2025-02-16T23:45:50.869093Z, assessmentDueDate=null, maxPoints=42.0, course=CourseDTO[id=993, accuracyOfScores=1]]], submissionExerciseType=programming, isProcessing=false, buildStartDate=null, estimatedCompletionDate=null], participation=ParticipationDTO[id=2029, testRun=false, type=solution, submissionCount=null, exercise=ParticipationExerciseDTO[id=2610, exerciseType=PROGRAMMING, type=programming, assessmentType=AUTOMATIC, dueDate=2025-02-16T23:45:50.869093Z, assessmentDueDate=null, maxPoints=42.0, course=CourseDTO[id=993, accuracyOfScores=1]]], feedbacks=[FeedbackDTO[id=998, text=null, detailText=null, hasLongFeedbackText=false, reference=null, credits=3.230769230769231, positive=true, type=AUTOMATIC, visibility=ALWAYS, testCase=TestCaseDTO[testName=testMethods[Context], id=1474]], FeedbackDTO[id=999, text=null, detailText=null, hasLongFeedbackText=false, reference=null, credits=3.230769230769231, positive=true, type=AUTOMATIC, visibility=ALWAYS, testCase=TestCaseDTO[testName=testMethods[Policy], id=1475]], FeedbackDTO[id=1000, text=null, detailText=null, hasLongFeedbackText=false, reference=null, credits=3.230769230769231, positive=true, type=AUTOMATIC, visibility=ALWAYS, testCase=TestCaseDTO[testName=testMethods[SortStrategy], id=1476]], FeedbackDTO[id=1001, text=null, detailText=null, hasLongFeedbackText=false, reference=null, credits=3.230769230769231, positive=true, type=AUTOMATIC, visibility=ALWAYS, testCase=TestCaseDTO[testName=testClass[MergeSort], id=1471]], FeedbackDTO[id=1002, text=null, detailText=null, hasLongFeedbackText=false, reference=null, credits=3.230769230769231, positive=true, type=AUTOMATIC, visibility=ALWAYS, testCase=TestCaseDTO[testName=testClass[SortStrategy], id=1468]], FeedbackDTO[id=1003, text=null, detailText=null, hasLongFeedbackText=false, reference=null, credits=3.230769230769231, positive=true, type=AUTOMATIC, visibility=ALWAYS, testCase=TestCaseDTO[testName=testClass[BubbleSort], id=1472]], FeedbackDTO[id=1004, text=null, detailText=null, hasLongFeedbackText=false, reference=null, credits=3.230769230769231, positive=true, type=AUTOMATIC, visibility=ALWAYS, testCase=TestCaseDTO[testName=testMergeSort(), id=1477]], FeedbackDTO[id=1005, text=null, detailText=null, hasLongFeedbackText=false, reference=null, credits=3.230769230769231, positive=true, type=AUTOMATIC, visibility=ALWAYS, testCase=TestCaseDTO[testName=testUseBubbleSortForSmallList(), id=1478]], FeedbackDTO[id=1006, text=null, detailText=null, hasLongFeedbackText=false, reference=null, credits=3.230769230769231, positive=true, type=AUTOMATIC, visibility=ALWAYS, testCase=TestCaseDTO[testName=testBubbleSort(), id=1480]], FeedbackDTO[id=1007, text=null, detailText=null, hasLongFeedbackText=false, reference=null, credits=3.230769230769231, positive=true, type=AUTOMATIC, visibility=ALWAYS, testCase=TestCaseDTO[testName=testUseMergeSortForBigList(), id=1479]], FeedbackDTO[id=1008, text=null, detailText=null, hasLongFeedbackText=false, reference=null, credits=3.230769230769231, positive=true, type=AUTOMATIC, visibility=ALWAYS, testCase=TestCaseDTO[testName=testConstructors[Policy], id=1473]], FeedbackDTO[id=1009, text=null, detailText=null, hasLongFeedbackText=false, reference=null, credits=3.230769230769231, positive=true, type=AUTOMATIC, visibility=ALWAYS, testCase=TestCaseDTO[testName=testAttributes[Context], id=1469]], FeedbackDTO[id=1010, text=null, detailText=null, hasLongFeedbackText=false, reference=null, credits=3.230769230769231, positive=true, type=AUTOMATIC, visibility=ALWAYS, testCase=TestCaseDTO[testName=testAttributes[Policy], id=1470]]], assessmentType=AUTOMATIC, hasComplaint=null, exampleResult=null, testCaseCount=13, passedTestCaseCount=13, codeIssueCount=0]], BuildJobQueueItem[id=20301739576752239, name=SHORT716C2EC10B19B049C80A2F00B97EAB20B2A9TSTEXC-BASE, buildAgent=BuildAgentDTO[name=artemis-build-agent-test, memberAddress=[127.0.0.1]:5703, displayName=artemis-build-agent-test], participationId=2030, courseId=993, exerciseId=2610, retryCount=0, priority=2, status=SUCCESSFUL, repositoryInfo=RepositoryInfo[repositoryName=short716c2ec10b19b049c80a2f00b97eab20b2a9tstexc-exercise, repositoryType=exercise, triggeredByPushTo=tests, assignmentRepositoryUri=http://localhost:49152/git/SHORT716C2EC10B19B049C80A2F00B97EAB20B2A9TSTEXC/short716c2ec10b19b049c80a2f00b97eab20b2a9tstexc-exercise.git, testRepositoryUri=http://localhost:49152/git/SHORT716C2EC10B19B049C80A2F00B97EAB20B2A9TSTEXC/short716c2ec10b19b049c80a2f00b97eab20b2a9tstexc-tests.git, solutionRepositoryUri=null, auxiliaryRepositoryUris=[Ljava.lang.String;@67898818, auxiliaryRepositoryCheckoutDirectories=[Ljava.lang.String;@22a38e2a], jobTimingInfo=JobTimingInfo[submissionDate=2025-02-14T23:45:52.239402475Z[Etc/UTC], buildStartDate=2025-02-14T23:45:52.258713639Z[Etc/UTC], buildCompletionDate=2025-02-14T23:45:53.238773956Z[Etc/UTC], estimatedCompletionDate=2025-02-14T23:45:53.258707428Z[Etc/UTC], estimatedDuration=1], buildConfig=BuildConfig[buildScript=#!/bin/bash
cd /var/tmp/testing-dir
chmod +x ./gradlew
./gradlew clean test
, dockerImage=dummy-docker-image:latest, commitHashToBuild=1e531733ed6e9237f710b528d1eb0b7beac565fd, assignmentCommitHash=815e279f12ad296b4f24c44134a07293c04c010f, testCommitHash=1e531733ed6e9237f710b528d1eb0b7beac565fd, branch=main, programmingLanguage=JAVA, projectType=PLAIN_GRADLE, scaEnabled=false, sequentialTestRunsEnabled=false, resultPaths=[/var/tmp/testing-dir/**/test-results/test/*.xml], timeoutSeconds=0, assignmentCheckoutPath=null, testCheckoutPath=null, solutionCheckoutPath=null, dockerRunConfig=null], submissionResult=ResultDTO[id=639, completionDate=2025-02-14T23:45:53.225806205Z[Etc/UTC], successful=false, score=0.0, rated=true, submission=SubmissionDTO[id=833, submitted=true, type=TEST, exampleSubmission=null, submissionDate=2025-02-14T23:45:52.237179Z, commitHash=1e531733ed6e9237f710b528d1eb0b7beac565fd, buildFailed=false, buildArtifact=false, participation=ParticipationDTO[id=2030, testRun=false, type=template, submissionCount=null, exercise=ParticipationExerciseDTO[id=2610, exerciseType=PROGRAMMING, type=programming, assessmentType=AUTOMATIC, dueDate=2025-02-16T23:45:50.869093Z, assessmentDueDate=null, maxPoints=42.0, course=CourseDTO[id=993, accuracyOfScores=1]]], submissionExerciseType=programming, isProcessing=false, buildStartDate=null, estimatedCompletionDate=null], participation=ParticipationDTO[id=2030, testRun=false, type=template, submissionCount=null, exercise=ParticipationExerciseDTO[id=2610, exerciseType=PROGRAMMING, type=programming, assessmentType=AUTOMATIC, dueDate=2025-02-16T23:45:50.869093Z, assessmentDueDate=null, maxPoints=42.0, course=CourseDTO[id=993, accuracyOfScores=1]]], feedbacks=[FeedbackDTO[id=1011, text=null, detailText=The exercise expects a class with the name Context in the package testpackage. You did not implement the class in the exercise., hasLongFeedbackText=false, reference=null, credits=0.0, positive=false, type=AUTOMATIC, visibility=ALWAYS, testCase=TestCaseDTO[testName=testMethods[Context], id=1474]], FeedbackDTO[id=1012, text=null, detailText=The exercise expects a class with the name Policy in the package testpackage. You did not implement the class in the exercise., hasLongFeedbackText=false, reference=null, credits=0.0, positive=false, type=AUTOMATIC, visibility=ALWAYS, testCase=TestCaseDTO[testName=testMethods[Policy], id=1475]], FeedbackDTO[id=1013, text=null, detailText=The exercise expects a class with the name SortStrategy in the package testpackage. You did not implement the class in the exercise., hasLongFeedbackText=false, reference=null, credits=0.0, positive=false, type=AUTOMATIC, visibility=ALWAYS, testCase=TestCaseDTO[testName=testMethods[SortStrategy], id=1476]], FeedbackDTO[id=1014, text=null, detailText=The class 'MergeSort' does not implement the interface 'SortStrategy' as expected. Implement the interface and its methods., hasLongFeedbackText=false, reference=null, credits=0.0, positive=false, type=AUTOMATIC, visibility=ALWAYS, testCase=TestCaseDTO[testName=testClass[MergeSort], id=1471]], FeedbackDTO[id=1015, text=null, detailText=The exercise expects a class with the name SortStrategy in the package testpackage. You did not implement the class in the exercise., hasLongFeedbackText=false, reference=null, credits=0.0, positive=false, type=AUTOMATIC, visibility=ALWAYS, testCase=TestCaseDTO[testName=testClass[SortStrategy], id=1468]], FeedbackDTO[id=1016, text=null, detailText=The class 'BubbleSort' does not implement the interface 'SortStrategy' as expected. Implement the interface and its methods., hasLongFeedbackText=false, reference=null, credits=0.0, positive=false, type=AUTOMATIC, visibility=ALWAYS, testCase=TestCaseDTO[testName=testClass[BubbleSort], id=1472]], FeedbackDTO[id=1017, text=null, detailText=MergeSort does not sort correctly, hasLongFeedbackText=false, reference=null, credits=0.0, positive=false, type=AUTOMATIC, visibility=ALWAYS, testCase=TestCaseDTO[testName=testMergeSort(), id=1477]], FeedbackDTO[id=1018, text=null, detailText=The class 'Context' was not found within the submission. Make sure to implement it properly., hasLongFeedbackText=false, reference=null, credits=0.0, positive=false, type=AUTOMATIC, visibility=ALWAYS, testCase=TestCaseDTO[testName=testUseBubbleSortForSmallList(), id=1478]], FeedbackDTO[id=1019, text=null, detailText=BubbleSort does not sort correctly, hasLongFeedbackText=false, reference=null, credits=0.0, positive=false, type=AUTOMATIC, visibility=ALWAYS, testCase=TestCaseDTO[testName=testBubbleSort(), id=1480]], FeedbackDTO[id=1020, text=null, detailText=The class 'Context' was not found within the submission. Make sure to implement it properly., hasLongFeedbackText=false, reference=null, credits=0.0, positive=false, type=AUTOMATIC, visibility=ALWAYS, testCase=TestCaseDTO[testName=testUseMergeSortForBigList(), id=1479]], FeedbackDTO[id=1021, text=null, detailText=The exercise expects a class with the name Policy in the package testpackage. You did not implement the class in the exercise., hasLongFeedbackText=false, reference=null, credits=0.0, positive=false, type=AUTOMATIC, visibility=ALWAYS, testCase=TestCaseDTO[testName=testConstructors[Policy], id=1473]], FeedbackDTO[id=1022, text=null, detailText=The exercise expects a class with the name Context in the package testpackage. You did not implement the class in the exercise., hasLongFeedbackText=false, reference=null, credits=0.0, positive=false, type=AUTOMATIC, visibility=ALWAYS, testCase=TestCaseDTO[testName=testAttributes[Context], id=1469]], FeedbackDTO[id=1023, text=null, detailText=The exercise expects a class with the name Policy in the package testpackage. You did not implement the class in the exercise., hasLongFeedbackText=false, reference=null, credits=0.0, positive=false, type=AUTOMATIC, visibility=ALWAYS, testCase=TestCaseDTO[testName=testAttributes[Policy], id=1470]]], assessmentType=AUTOMATIC, hasComplaint=null, exampleResult=null, testCaseCount=13, passedTestCaseCount=0, codeIssueCount=0]], BuildJobQueueItem[id=20391739576754750, name=SHORT3A680734092E404EF80A4C60FBC1E408F7D0TSTEXC-LOCALVCCIINTSTUDENT1, buildAgent=BuildAgentDTO[name=artemis-build-agent-test, memberAddress=[127.0.0.1]:5703, displayName=artemis-build-agent-test], participationId=2039, courseId=996, exerciseId=2613, retryCount=0, priority=2, status=SUCCESSFUL, repositoryInfo=RepositoryInfo[repositoryName=short3a680734092e404ef80a4c60fbc1e408f7d0tstexc-localvcciintstudent1, repositoryType=user, triggeredByPushTo=user, assignmentRepositoryUri=http://localhost:49152/git/SHORT3A680734092E404EF80A4C60FBC1E408F7D0TSTEXC/short3a680734092e404ef80a4c60fbc1e408f7d0tstexc-localvcciintstudent1.git, testRepositoryUri=http://localhost:49152/git/SHORT3A680734092E404EF80A4C60FBC1E408F7D0TSTEXC/short3a680734092e404ef80a4c60fbc1e408f7d0tstexc-tests.git, solutionRepositoryUri=null, auxiliaryRepositoryUris=[Ljava.lang.String;@5c8f3366, auxiliaryRepositoryCheckoutDirectories=[Ljava.lang.String;@752a4cbc], jobTimingInfo=JobTimingInfo[submissionDate=2025-02-14T23:45:54.750657185Z[Etc/UTC], buildStartDate=2025-02-14T23:45:54.765232948Z[Etc/UTC], buildCompletionDate=2025-02-14T23:45:55.645844970Z[Etc/UTC], estimatedCompletionDate=2025-02-14T23:46:13.765225363Z[Etc/UTC], estimatedDuration=19], buildConfig=BuildConfig[buildScript=#!/bin/bash
cd /var/tmp/testing-dir
chmod +x ./gradlew
./gradlew clean test
, dockerImage=dummy-docker-image:latest, commitHashToBuild=9344436f8d5a5ce3aa40215562db211ed501371f, assignmentCommitHash=9344436f8d5a5ce3aa40215562db211ed501371f, testCommitHash=ff421c3651ec230fed2f20f72c2901ae372be06a, branch=main, programmingLanguage=JAVA, projectType=PLAIN_GRADLE, scaEnabled=false, sequentialTestRunsEnabled=false, resultPaths=[/var/tmp/testing-dir/**/test-results/test/*.xml], timeoutSeconds=0, assignmentCheckoutPath=null, testCheckoutPath=null, solutionCheckoutPath=null, dockerRunConfig=null], submissionResult=ResultDTO[id=640, completionDate=2025-02-14T23:45:55.628250079Z[Etc/UTC], successful=false, score=7.7, rated=true, submission=SubmissionDTO[id=834, submitted=true, type=MANUAL, exampleSubmission=null, submissionDate=2025-02-14T23:45:54.732007Z, commitHash=9344436f8d5a5ce3aa40215562db211ed501371f, buildFailed=false, buildArtifact=false, participation=ParticipationDTO[id=2039, testRun=false, type=programming, submissionCount=null, exercise=ParticipationExerciseDTO[id=2613, exerciseType=PROGRAMMING, type=programming, assessmentType=AUTOMATIC, dueDate=2025-02-16T23:45:54.546562Z, assessmentDueDate=null, maxPoints=42.0, course=CourseDTO[id=996, accuracyOfScores=1]]], submissionExerciseType=programming, isProcessing=false, buildStartDate=null, estimatedCompletionDate=null], participation=ParticipationDTO[id=2039, testRun=false, type=programming, submissionCount=null, exercise=ParticipationExerciseDTO[id=2613, exerciseType=PROGRAMMING, type=programming, assessmentType=AUTOMATIC, dueDate=2025-02-16T23:45:54.546562Z, assessmentDueDate=null, maxPoints=42.0, course=CourseDTO[id=996, accuracyOfScores=1]]], feedbacks=[FeedbackDTO[id=1024, text=null, detailText=The exercise expects a class with the name Context in the package testpackage. You did not implement the class in the exercise., hasLongFeedbackText=false, reference=null, credits=0.0, positive=false, type=AUTOMATIC, visibility=ALWAYS, testCase=TestCaseDTO[testName=null, id=1513]], FeedbackDTO[id=1025, text=null, detailText=The exercise expects a class with the name Policy in the package testpackage. You did not implement the class in the exercise., hasLongFeedbackText=false, reference=null, credits=0.0, positive=false, type=AUTOMATIC, visibility=ALWAYS, testCase=TestCaseDTO[testName=null, id=1514]], FeedbackDTO[id=1026, text=null, detailText=The exercise expects a class with the name SortStrategy in the package testpackage. You did not implement the class in the exercise., hasLongFeedbackText=false, reference=null, credits=0.0, positive=false, type=AUTOMATIC, visibility=ALWAYS, testCase=TestCaseDTO[testName=null, id=1515]], FeedbackDTO[id=1027, text=null, detailText=The class 'MergeSort' does not implement the interface 'SortStrategy' as expected. Implement the interface and its methods., hasLongFeedbackText=false, reference=null, credits=0.0, positive=false, type=AUTOMATIC, visibility=ALWAYS, testCase=TestCaseDTO[testName=null, id=1510]], FeedbackDTO[id=1028, text=null, detailText=The exercise expects a class with the name SortStrategy in the package testpackage. You did not implement the class in the exercise., hasLongFeedbackText=false, reference=null, credits=0.0, positive=false, type=AUTOMATIC, visibility=ALWAYS, testCase=TestCaseDTO[testName=null, id=1507]], FeedbackDTO[id=1029, text=null, detailText=The class 'BubbleSort' does not implement the interface 'SortStrategy' as expected. Implement the interface and its methods., hasLongFeedbackText=false, reference=null, credits=0.0, positive=false, type=AUTOMATIC, visibility=ALWAYS, testCase=TestCaseDTO[testName=null, id=1511]], FeedbackDTO[id=1030, text=null, detailText=MergeSort does not sort correctly, hasLongFeedbackText=false, reference=null, credits=0.0, positive=false, type=AUTOMATIC, visibility=ALWAYS, testCase=TestCaseDTO[testName=null, id=1516]], FeedbackDTO[id=1031, text=null, detailText=The class 'Context' was not found within the submission. Make sure to implement it properly., hasLongFeedbackText=false, reference=null, credits=0.0, positive=false, type=AUTOMATIC, visibility=ALWAYS, testCase=TestCaseDTO[testName=null, id=1517]], FeedbackDTO[id=1032, text=null, detailText=The class 'Context' was not found within the submission. Make sure to implement it properly., hasLongFeedbackText=false, reference=null, credits=0.0, positive=false, type=AUTOMATIC, visibility=ALWAYS, testCase=TestCaseDTO[testName=null, id=1518]], FeedbackDTO[id=1033, text=null, detailText=The exercise expects a class with the name Policy in the package testpackage. You did not implement the class in the exercise., hasLongFeedbackText=false, reference=null, credits=0.0, positive=false, type=AUTOMATIC, visibility=ALWAYS, testCase=TestCaseDTO[testName=null, id=1512]], FeedbackDTO[id=1034, text=null, detailText=The exercise expects a class with the name Context in the package testpackage. You did not implement the class in the exercise., hasLongFeedbackText=false, reference=null, credits=0.0, positive=false, type=AUTOMATIC, visibility=ALWAYS, testCase=TestCaseDTO[testName=null, id=1508]], FeedbackDTO[id=1035, text=null, detailText=The exercise expects a class with the name Policy in the package testpackage. You did not implement the class in the exercise., hasLongFeedbackText=false, reference=null, credits=0.0, positive=false, type=AUTOMATIC, visibility=ALWAYS, testCase=TestCaseDTO[testName=null, id=1509]], FeedbackDTO[id=1036, text=null, detailText=null, hasLongFeedbackText=false, reference=null, credits=3.230769230769231, positive=true, type=AUTOMATIC, visibility=ALWAYS, testCase=TestCaseDTO[testName=null, id=1519]]], assessmentType=AUTOMATIC, hasComplaint=null, exampleResult=null, testCaseCount=13, passedTestCaseCount=1, codeIssueCount=0]], BuildJobQueueItem[id=20431739576757232, name=SHORT3945BC5E092B90459B0A7F006DF5F64347FDTSTEXC-SOLUTION, buildAgent=BuildAgentDTO[name=artemis-build-agent-test, memberAddress=[127.0.0.1]:5703, displayName=artemis-build-agent-test], participationId=2043, courseId=998, exerciseId=2615, retryCount=0, priority=2, status=SUCCESSFUL, repositoryInfo=RepositoryInfo[repositoryName=short3945bc5e092b90459b0a7f006df5f64347fdtstexc-solution, repositoryType=solution, triggeredByPushTo=solution, assignmentRepositoryUri=http://localhost:49152/git/SHORT3945BC5E092B90459B0A7F006DF5F64347FDTSTEXC/short3945bc5e092b90459b0a7f006df5f64347fdtstexc-solution.git, testRepositoryUri=http://localhost:49152/git/SHORT3945BC5E092B90459B0A7F006DF5F64347FDTSTEXC/short3945bc5e092b90459b0a7f006df5f64347fdtstexc-tests.git, solutionRepositoryUri=null, auxiliaryRepositoryUris=[Ljava.lang.String;@5ec8c349, auxiliaryRepositoryCheckoutDirectories=[Ljava.lang.String;@60a4c464], jobTimingInfo=JobTimingInfo[submissionDate=2025-02-14T23:45:57.232907777Z[Etc/UTC], buildStartDate=2025-02-14T23:45:57.240437339Z[Etc/UTC], buildCompletionDate=2025-02-14T23:45:58.062328619Z[Etc/UTC], estimatedCompletionDate=2025-02-14T23:46:16.240428743Z[Etc/UTC], estimatedDuration=19], buildConfig=BuildConfig[buildScript=#!/bin/bash
cd /var/tmp/testing-dir
chmod +x ./gradlew
./gradlew clean test
, dockerImage=dummy-docker-image:latest, commitHashToBuild=c315388a235502fd958ae3c7ffbbbbf126a8fe21, assignmentCommitHash=c315388a235502fd958ae3c7ffbbbbf126a8fe21, testCommitHash=28488095271179f4eface46480ec45511f50df5d, branch=main, programmingLanguage=JAVA, projectType=PLAIN_GRADLE, scaEnabled=false, sequentialTestRunsEnabled=false, resultPaths=[/var/tmp/testing-dir/**/test-results/test/*.xml], timeoutSeconds=0, assignmentCheckoutPath=null, testCheckoutPath=null, solutionCheckoutPath=null, dockerRunConfig=null], submissionResult=ResultDTO[id=641, completionDate=2025-02-14T23:45:58.032353400Z[Etc/UTC], successful=true, score=100.0, rated=true, submission=SubmissionDTO[id=835, submitted=true, type=MANUAL, exampleSubmission=null, submissionDate=2025-02-14T23:45:57.222714Z, commitHash=c315388a235502fd958ae3c7ffbbbbf126a8fe21, buildFailed=false, buildArtifact=false, participation=ParticipationDTO[id=2043, testRun=false, type=solution, submissionCount=null, exercise=ParticipationExerciseDTO[id=2615, exerciseType=PROGRAMMING, type=programming, assessmentType=AUTOMATIC, dueDate=2025-02-16T23:45:56.808788Z, assessmentDueDate=null, maxPoints=42.0, course=CourseDTO[id=998, accuracyOfScores=1]]], submissionExerciseType=programming, isProcessing=false, buildStartDate=null, estimatedCompletionDate=null], participation=ParticipationDTO[id=2043, testRun=false, type=solution, submissionCount=null, exercise=ParticipationExerciseDTO[id=2615, exerciseType=PROGRAMMING, type=programming, assessmentType=AUTOMATIC, dueDate=2025-02-16T23:45:56.808788Z, assessmentDueDate=null, maxPoints=42.0, course=CourseDTO[id=998, accuracyOfScores=1]]], feedbacks=[FeedbackDTO[id=1037, text=null, detailText=null, hasLongFeedbackText=false, reference=null, credits=3.230769230769231, positive=true, type=AUTOMATIC, visibility=ALWAYS, testCase=TestCaseDTO[testName=testMethods[Context], id=1539]], FeedbackDTO[id=1038, text=null, detailText=null, hasLongFeedbackText=false, reference=null, credits=3.230769230769231, positive=true, type=AUTOMATIC, visibility=ALWAYS, testCase=TestCaseDTO[testName=testMethods[Policy], id=1540]], FeedbackDTO[id=1039, text=null, detailText=null, hasLongFeedbackText=false, reference=null, credits=3.230769230769231, positive=true, type=AUTOMATIC, visibility=ALWAYS, testCase=TestCaseDTO[testName=testMethods[SortStrategy], id=1541]], FeedbackDTO[id=1040, text=null, detailText=null, hasLongFeedbackText=false, reference=null, credits=3.230769230769231, positive=true, type=AUTOMATIC, visibility=ALWAYS, testCase=TestCaseDTO[testName=testClass[MergeSort], id=1536]], FeedbackDTO[id=1041, text=null, detailText=null, hasLongFeedbackText=false, reference=null, credits=3.230769230769231, positive=true, type=AUTOMATIC, visibility=ALWAYS, testCase=TestCaseDTO[testName=testClass[SortStrategy], id=1533]], FeedbackDTO[id=1042, text=null, detailText=null, hasLongFeedbackText=false, reference=null, credits=3.230769230769231, positive=true, type=AUTOMATIC, visibility=ALWAYS, testCase=TestCaseDTO[testName=testClass[BubbleSort], id=1537]], FeedbackDTO[id=1043, text=null, detailText=null, hasLongFeedbackText=false, reference=null, credits=3.230769230769231, positive=true, type=AUTOMATIC, visibility=ALWAYS, testCase=TestCaseDTO[testName=testMergeSort(), id=1542]], FeedbackDTO[id=1044, text=null, detailText=null, hasLongFeedbackText=false, reference=null, credits=3.230769230769231, positive=true, type=AUTOMATIC, visibility=ALWAYS, testCase=TestCaseDTO[testName=testUseBubbleSortForSmallList(), id=1543]], FeedbackDTO[id=1045, text=null, detailText=null, hasLongFeedbackText=false, reference=null, credits=3.230769230769231, positive=true, type=AUTOMATIC, visibility=ALWAYS, testCase=TestCaseDTO[testName=testBubbleSort(), id=1545]], FeedbackDTO[id=1046, text=null, detailText=null, hasLongFeedbackText=false, reference=null, credits=3.230769230769231, positive=true, type=AUTOMATIC, visibility=ALWAYS, testCase=TestCaseDTO[testName=testUseMergeSortForBigList(), id=1544]], FeedbackDTO[id=1047, text=null, detailText=null, hasLongFeedbackText=false, reference=null, credits=3.230769230769231, positive=true, type=AUTOMATIC, visibility=ALWAYS, testCase=TestCaseDTO[testName=testConstructors[Policy], id=1538]], FeedbackDTO[id=1048, text=null, detailText=null, hasLongFeedbackText=false, reference=null, credits=3.230769230769231, positive=true, type=AUTOMATIC, visibility=ALWAYS, testCase=TestCaseDTO[testName=testAttributes[Context], id=1534]], FeedbackDTO[id=1049, text=null, detailText=null, hasLongFeedbackText=false, reference=null, credits=3.230769230769231, positive=true, type=AUTOMATIC, visibility=ALWAYS, testCase=TestCaseDTO[testName=testAttributes[Policy], id=1535]]], assessmentType=AUTOMATIC, hasComplaint=null, exampleResult=null, testCaseCount=13, passedTestCaseCount=13, codeIssueCount=0]], BuildJobQueueItem[id=20471739576759335, name=SHORT07624A260BD060493708A050BB6FAE261DD5TSTEXC-LOCALVCCIINTSTUDENT1, buildAgent=BuildAgentDTO[name=artemis-build-agent-test, memberAddress=[127.0.0.1]:5703, displayName=artemis-build-agent-test], participationId=2047, courseId=999, exerciseId=2616, retryCount=0, priority=2, status=SUCCESSFUL, repositoryInfo=RepositoryInfo[repositoryName=short07624a260bd060493708a050bb6fae261dd5tstexc-localvcciintstudent1, repositoryType=user, triggeredByPushTo=user, assignmentRepositoryUri=http://localhost:49152/git/SHORT07624A260BD060493708A050BB6FAE261DD5TSTEXC/short07624a260bd060493708a050bb6fae261dd5tstexc-localvcciintstudent1.git, testRepositoryUri=http://localhost:49152/git/SHORT07624A260BD060493708A050BB6FAE261DD5TSTEXC/short07624a260bd060493708a050bb6fae261dd5tstexc-tests.git, solutionRepositoryUri=null, auxiliaryRepositoryUris=[Ljava.lang.String;@4515cf15, auxiliaryRepositoryCheckoutDirectories=[Ljava.lang.String;@627d24a7], jobTimingInfo=JobTimingInfo[submissionDate=2025-02-14T23:45:59.335772293Z[Etc/UTC], buildStartDate=2025-02-14T23:45:59.344175895Z[Etc/UTC], buildCompletionDate=2025-02-14T23:46:00.603413500Z[Etc/UTC], estimatedCompletionDate=2025-02-14T23:46:18.344169813Z[Etc/UTC], estimatedDuration=19], buildConfig=BuildConfig[buildScript=#!/bin/bash
cd /var/tmp/testing-dir
chmod +x ./gradlew
./gradlew clean test
, dockerImage=dummy-docker-image:latest, commitHashToBuild=18a07c7296dd70e3280c5bdcec7fccd0be6b8148, assignmentCommitHash=18a07c7296dd70e3280c5bdcec7fccd0be6b8148, testCommitHash=d654a233667bae063bb900e455fd2da456e10333, branch=main, programmingLanguage=JAVA, projectType=PLAIN_GRADLE, scaEnabled=false, sequentialTestRunsEnabled=false, resultPaths=[/var/tmp/testing-dir/**/test-results/test/*.xml], timeoutSeconds=0, assignmentCheckoutPath=null, testCheckoutPath=null, solutionCheckoutPath=null, dockerRunConfig=null], submissionResult=null]], publicSshKey=ssh-rsa AAAAB3NzaC1yc2EAAAADAQABAAACAQCOPdMsxRE2jFJ/UEa5/LsBxtwzJcrh3/rYBCQvcMeVpiRfhzQPWu7mrt/G2Ew+i+vRloGH9aqKg6dd1liRncao53Zmd/ePxoatXePNhmzTfkCkcSkTUz7B+QMjkoDDV5jwuFPD6mF3JkhuzSi64n9Zy905t4w2IhVcjM2mL3eYNjiCXt6Qpq3Pkt7dM/Ksw1nxnvuiIALuJLB3FTkXkHqq3PJav+9HSq2r6ZaWgekneaGxlQlb+U+Vy3XOuArKAzK8c8i+0bR+AHiTG6ncYXt7ax3U+TdlDTF7OLP3umwaYjs1NBXOHwG42pevvpKn2fqavZZozk+M05jXLx3bq0O7itxfErWc7etky8qYPyyIMF/txQIVLd78+Ze4d7Y60t5MGbXM5cGE6fFif5fEJwgswXD+BrG0cafz1CTatjSKFdvp8Vp4VszXhHDan1PrP6JEFJ5Cc5GDmLRZPCFa3vL9f5qXgf4bkqKN8MYeEujwJE5nMRWoiJVNakix2bcrrneQMBlnYeYZVWXXXUusAQBzl4NgddC1umZpihZkL1b1MffZAUW3EGEXi7KHnllQhkTLLsQ8ntMgbylqaJKStqaXlLvdeRJcEnUuiFCrHEVVbXRFZR7XVDZ02CE5o3MuaRPty8Kh+jRTF3COlAckHwYEJCNNJvXFgb2CNXL4mjzYDw== test@localhost]
    23:46:00.740 | 566 localvc.event-13 | DEBUG | s.l.LocalCIWebsocketMessagingService : Sending message on topic /topic/admin/build-agents: [BuildAgentInformation[buildAgent=BuildAgentDTO[name=artemis-build-agent-test, memberAddress=[127.0.0.1]:5703, displayName=artemis-build-agent-test], maxNumberOfConcurrentBuildJobs=1, numberOfCurrentBuildJobs=0, runningBuildJobs=[], status=IDLE, recentBuildJobs=null, publicSshKey=null]]
    23:46:00.740 | 588 artemis-task-1   | DEBUG | d.t.c.a.a.c.c.w.GzipMessageConverter : Compressed message payload from 255 to 232 (saved 9.0% payload size)
    23:46:00.741 | 566 localvc.event-13 | DEBUG | s.l.LocalCIWebsocketMessagingService : Sending message on topic /topic/admin/build-agent/artemis-build-agent-test: BuildAgentInformation[buildAgent=BuildAgentDTO[name=artemis-build-agent-test, memberAddress=[127.0.0.1]:5703, displayName=artemis-build-agent-test], maxNumberOfConcurrentBuildJobs=1, numberOfCurrentBuildJobs=0, runningBuildJobs=[], status=IDLE, recentBuildJobs=[BuildJobQueueItem[id=19361739576711303, name=SHORT9AFDAE3804CA304DDF0889A0CB0F56104A86TSTEXC-LOCALVCINTSTUDENT1, buildAgent=BuildAgentDTO[name=artemis-build-agent-test, memberAddress=[127.0.0.1]:5703, displayName=artemis-build-agent-test], participationId=1936, courseId=956, exerciseId=2573, retryCount=0, priority=2, status=FAILED, repositoryInfo=RepositoryInfo[repositoryName=short9afdae3804ca304ddf0889a0cb0f56104a86tstexc-localvcintstudent1, repositoryType=user, triggeredByPushTo=user, assignmentRepositoryUri=http://localhost:49152/git/SHORT9AFDAE3804CA304DDF0889A0CB0F56104A86TSTEXC/short9afdae3804ca304ddf0889a0cb0f56104a86tstexc-localvcintstudent1.git, testRepositoryUri=http://localhost:49152/git/SHORT9AFDAE3804CA304DDF0889A0CB0F56104A86TSTEXC/short9afdae3804ca304ddf0889a0cb0f56104a86tstexc-tests.git, solutionRepositoryUri=null, auxiliaryRepositoryUris=[Ljava.lang.String;@57700010, auxiliaryRepositoryCheckoutDirectories=[Ljava.lang.String;@5ca34e45], jobTimingInfo=JobTimingInfo[submissionDate=2025-02-14T23:45:11.303805653Z[Etc/UTC], buildStartDate=2025-02-14T23:45:11.310981356Z[Etc/UTC], buildCompletionDate=2025-02-14T23:45:11.319178384Z[Etc/UTC], estimatedCompletionDate=2025-02-14T23:45:30.310974944Z[Etc/UTC], estimatedDuration=19], buildConfig=BuildConfig[buildScript=#!/bin/bash
cd /var/tmp/testing-dir
chmod +x ./gradlew
./gradlew clean test
, dockerImage=dummy-docker-image:latest, commitHashToBuild=a1099e378cffde441ef85f9b12577ca174b8e1e4, assignmentCommitHash=a1099e378cffde441ef85f9b12577ca174b8e1e4, testCommitHash=bd38d61c299ab11a1dea82a3ca5493fe04d97d47, branch=main, programmingLanguage=JAVA, projectType=PLAIN_GRADLE, scaEnabled=false, sequentialTestRunsEnabled=false, resultPaths=[/var/tmp/testing-dir/**/test-results/test/*.xml], timeoutSeconds=0, assignmentCheckoutPath=null, testCheckoutPath=null, solutionCheckoutPath=null, dockerRunConfig=null], submissionResult=ResultDTO[id=623, completionDate=2025-02-14T23:45:11.319278430Z[Etc/UTC], successful=false, score=0.0, rated=true, submission=SubmissionDTO[id=815, submitted=true, type=MANUAL, exampleSubmission=null, submissionDate=2025-02-14T23:45:11.294386Z, commitHash=a1099e378cffde441ef85f9b12577ca174b8e1e4, buildFailed=true, buildArtifact=false, participation=ParticipationDTO[id=1936, testRun=false, type=programming, submissionCount=null, exercise=ParticipationExerciseDTO[id=2573, exerciseType=PROGRAMMING, type=programming, assessmentType=AUTOMATIC, dueDate=2025-02-16T23:45:10.996982Z, assessmentDueDate=null, maxPoints=42.0, course=CourseDTO[id=956, accuracyOfScores=1]]], submissionExerciseType=programming, isProcessing=false, buildStartDate=null, estimatedCompletionDate=null], participation=ParticipationDTO[id=1936, testRun=false, type=programming, submissionCount=null, exercise=ParticipationExerciseDTO[id=2573, exerciseType=PROGRAMMING, type=programming, assessmentType=AUTOMATIC, dueDate=2025-02-16T23:45:10.996982Z, assessmentDueDate=null, maxPoints=42.0, course=CourseDTO[id=956, accuracyOfScores=1]]], feedbacks=[], assessmentType=AUTOMATIC, hasComplaint=null, exampleResult=null, testCaseCount=0, passedTestCaseCount=0, codeIssueCount=0]], BuildJobQueueItem[id=19351739576711674, name=SHORT9AFDAE3804CA304DDF0889A0CB0F56104A86TSTEXC-BASE, buildAgent=BuildAgentDTO[name=artemis-build-agent-test, memberAddress=[127.0.0.1]:5703, displayName=artemis-build-agent-test], participationId=1935, courseId=956, exerciseId=2573, retryCount=0, priority=2, status=FAILED, repositoryInfo=RepositoryInfo[repositoryName=short9afdae3804ca304ddf0889a0cb0f56104a86tstexc-exercise, repositoryType=exercise, triggeredByPushTo=exercise, assignmentRepositoryUri=http://localhost:49152/git/SHORT9AFDAE3804CA304DDF0889A0CB0F56104A86TSTEXC/short9afdae3804ca304ddf0889a0cb0f56104a86tstexc-exercise.git, testRepositoryUri=http://localhost:49152/git/SHORT9AFDAE3804CA304DDF0889A0CB0F56104A86TSTEXC/short9afdae3804ca304ddf0889a0cb0f56104a86tstexc-tests.git, solutionRepositoryUri=null, auxiliaryRepositoryUris=[Ljava.lang.String;@1d5c4ada, auxiliaryRepositoryCheckoutDirectories=[Ljava.lang.String;@1149ad70], jobTimingInfo=JobTimingInfo[submissionDate=2025-02-14T23:45:11.674556681Z[Etc/UTC], buildStartDate=2025-02-14T23:45:11.677776879Z[Etc/UTC], buildCompletionDate=2025-02-14T23:45:11.688097378Z[Etc/UTC], estimatedCompletionDate=2025-02-14T23:45:30.677771620Z[Etc/UTC], estimatedDuration=19], buildConfig=BuildConfig[buildScript=#!/bin/bash
cd /var/tmp/testing-dir
chmod +x ./gradlew
./gradlew clean test
, dockerImage=dummy-docker-image:latest, commitHashToBuild=a1099e378cffde441ef85f9b12577ca174b8e1e4, assignmentCommitHash=a1099e378cffde441ef85f9b12577ca174b8e1e4, testCommitHash=bd38d61c299ab11a1dea82a3ca5493fe04d97d47, branch=main, programmingLanguage=JAVA, projectType=PLAIN_GRADLE, scaEnabled=false, sequentialTestRunsEnabled=false, resultPaths=[/var/tmp/testing-dir/**/test-results/test/*.xml], timeoutSeconds=0, assignmentCheckoutPath=null, testCheckoutPath=null, solutionCheckoutPath=null, dockerRunConfig=null], submissionResult=ResultDTO[id=624, completionDate=2025-02-14T23:45:11.688214837Z[Etc/UTC], successful=false, score=0.0, rated=true, submission=SubmissionDTO[id=816, submitted=true, type=MANUAL, exampleSubmission=null, submissionDate=2025-02-14T23:45:11.656934Z, commitHash=a1099e378cffde441ef85f9b12577ca174b8e1e4, buildFailed=true, buildArtifact=false, participation=ParticipationDTO[id=1935, testRun=false, type=template, submissionCount=null, exercise=ParticipationExerciseDTO[id=2573, exerciseType=PROGRAMMING, type=programming, assessmentType=AUTOMATIC, dueDate=2025-02-16T23:45:10.996982Z, assessmentDueDate=null, maxPoints=42.0, course=CourseDTO[id=956, accuracyOfScores=1]]], submissionExerciseType=programming, isProcessing=false, buildStartDate=null, estimatedCompletionDate=null], participation=ParticipationDTO[id=1935, testRun=false, type=template, submissionCount=null, exercise=ParticipationExerciseDTO[id=2573, exerciseType=PROGRAMMING, type=programming, assessmentType=AUTOMATIC, dueDate=2025-02-16T23:45:10.996982Z, assessmentDueDate=null, maxPoints=42.0, course=CourseDTO[id=956, accuracyOfScores=1]]], feedbacks=[], assessmentType=AUTOMATIC, hasComplaint=null, exampleResult=null, testCaseCount=0, passedTestCaseCount=0, codeIssueCount=0]], BuildJobQueueItem[id=19341739576712112, name=SHORT9AFDAE3804CA304DDF0889A0CB0F56104A86TSTEXC-SOLUTION, buildAgent=BuildAgentDTO[name=artemis-build-agent-test, memberAddress=[127.0.0.1]:5703, displayName=artemis-build-agent-test], participationId=1934, courseId=956, exerciseId=2573, retryCount=0, priority=2, status=FAILED, repositoryInfo=RepositoryInfo[repositoryName=short9afdae3804ca304ddf0889a0cb0f56104a86tstexc-solution, repositoryType=solution, triggeredByPushTo=solution, assignmentRepositoryUri=http://localhost:49152/git/SHORT9AFDAE3804CA304DDF0889A0CB0F56104A86TSTEXC/short9afdae3804ca304ddf0889a0cb0f56104a86tstexc-solution.git, testRepositoryUri=http://localhost:49152/git/SHORT9AFDAE3804CA304DDF0889A0CB0F56104A86TSTEXC/short9afdae3804ca304ddf0889a0cb0f56104a86tstexc-tests.git, solutionRepositoryUri=null, auxiliaryRepositoryUris=[Ljava.lang.String;@46ee5fc9, auxiliaryRepositoryCheckoutDirectories=[Ljava.lang.String;@f9f037], jobTimingInfo=JobTimingInfo[submissionDate=2025-02-14T23:45:12.112332872Z[Etc/UTC], buildStartDate=2025-02-14T23:45:12.121617114Z[Etc/UTC], buildCompletionDate=2025-02-14T23:45:12.127931701Z[Etc/UTC], estimatedCompletionDate=2025-02-14T23:45:31.121609600Z[Etc/UTC], estimatedDuration=19], buildConfig=BuildConfig[buildScript=#!/bin/bash
cd /var/tmp/testing-dir
chmod +x ./gradlew
./gradlew clean test
, dockerImage=dummy-docker-image:latest, commitHashToBuild=a1099e378cffde441ef85f9b12577ca174b8e1e4, assignmentCommitHash=a1099e378cffde441ef85f9b12577ca174b8e1e4, testCommitHash=bd38d61c299ab11a1dea82a3ca5493fe04d97d47, branch=main, programmingLanguage=JAVA, projectType=PLAIN_GRADLE, scaEnabled=false, sequentialTestRunsEnabled=false, resultPaths=[/var/tmp/testing-dir/**/test-results/test/*.xml], timeoutSeconds=0, assignmentCheckoutPath=null, testCheckoutPath=null, solutionCheckoutPath=null, dockerRunConfig=null], submissionResult=ResultDTO[id=625, completionDate=2025-02-14T23:45:12.128011800Z[Etc/UTC], successful=false, score=0.0, rated=true, submission=SubmissionDTO[id=817, submitted=true, type=MANUAL, exampleSubmission=null, submissionDate=2025-02-14T23:45:12.098737Z, commitHash=a1099e378cffde441ef85f9b12577ca174b8e1e4, buildFailed=true, buildArtifact=false, participation=ParticipationDTO[id=1934, testRun=false, type=solution, submissionCount=null, exercise=ParticipationExerciseDTO[id=2573, exerciseType=PROGRAMMING, type=programming, assessmentType=AUTOMATIC, dueDate=2025-02-16T23:45:10.996982Z, assessmentDueDate=null, maxPoints=42.0, course=CourseDTO[id=956, accuracyOfScores=1]]], submissionExerciseType=programming, isProcessing=false, buildStartDate=null, estimatedCompletionDate=null], participation=ParticipationDTO[id=1934, testRun=false, type=solution, submissionCount=null, exercise=ParticipationExerciseDTO[id=2573, exerciseType=PROGRAMMING, type=programming, assessmentType=AUTOMATIC, dueDate=2025-02-16T23:45:10.996982Z, assessmentDueDate=null, maxPoints=42.0, course=CourseDTO[id=956, accuracyOfScores=1]]], feedbacks=[], assessmentType=AUTOMATIC, hasComplaint=null, exampleResult=null, testCaseCount=0, passedTestCaseCount=0, codeIssueCount=0]], BuildJobQueueItem[id=19341739576713025, name=SHORT9AFDAE3804CA304DDF0889A0CB0F56104A86TSTEXC-SOLUTION, buildAgent=BuildAgentDTO[name=artemis-build-agent-test, memberAddress=[127.0.0.1]:5703, displayName=artemis-build-agent-test], participationId=1934, courseId=956, exerciseId=2573, retryCount=0, priority=2, status=FAILED, repositoryInfo=RepositoryInfo[repositoryName=short9afdae3804ca304ddf0889a0cb0f56104a86tstexc-solution, repositoryType=solution, triggeredByPushTo=tests, assignmentRepositoryUri=http://localhost:49152/git/SHORT9AFDAE3804CA304DDF0889A0CB0F56104A86TSTEXC/short9afdae3804ca304ddf0889a0cb0f56104a86tstexc-solution.git, testRepositoryUri=http://localhost:49152/git/SHORT9AFDAE3804CA304DDF0889A0CB0F56104A86TSTEXC/short9afdae3804ca304ddf0889a0cb0f56104a86tstexc-tests.git, solutionRepositoryUri=null, auxiliaryRepositoryUris=[Ljava.lang.String;@7f0c6068, auxiliaryRepositoryCheckoutDirectories=[Ljava.lang.String;@237270d4], jobTimingInfo=JobTimingInfo[submissionDate=2025-02-14T23:45:13.025319671Z[Etc/UTC], buildStartDate=2025-02-14T23:45:13.040293146Z[Etc/UTC], buildCompletionDate=2025-02-14T23:45:13.053032917Z[Etc/UTC], estimatedCompletionDate=2025-02-14T23:45:32.040285703Z[Etc/UTC], estimatedDuration=19], buildConfig=BuildConfig[buildScript=#!/bin/bash
cd /var/tmp/testing-dir
chmod +x ./gradlew
./gradlew clean test
, dockerImage=dummy-docker-image:latest, commitHashToBuild=784f8f0049d2a1a54f21c67dd772bea86715267a, assignmentCommitHash=a1099e378cffde441ef85f9b12577ca174b8e1e4, testCommitHash=784f8f0049d2a1a54f21c67dd772bea86715267a, branch=main, programmingLanguage=JAVA, projectType=PLAIN_GRADLE, scaEnabled=false, sequentialTestRunsEnabled=false, resultPaths=[/var/tmp/testing-dir/**/test-results/test/*.xml], timeoutSeconds=0, assignmentCheckoutPath=null, testCheckoutPath=null, solutionCheckoutPath=null, dockerRunConfig=null], submissionResult=ResultDTO[id=626, completionDate=2025-02-14T23:45:13.053131811Z[Etc/UTC], successful=false, score=0.0, rated=true, submission=SubmissionDTO[id=818, submitted=true, type=TEST, exampleSubmission=null, submissionDate=2025-02-14T23:45:13.005779Z, commitHash=784f8f0049d2a1a54f21c67dd772bea86715267a, buildFailed=true, buildArtifact=false, participation=ParticipationDTO[id=1934, testRun=false, type=solution, submissionCount=null, exercise=ParticipationExerciseDTO[id=2573, exerciseType=PROGRAMMING, type=programming, assessmentType=AUTOMATIC, dueDate=2025-02-16T23:45:10.996982Z, assessmentDueDate=null, maxPoints=42.0, course=CourseDTO[id=956, accuracyOfScores=1]]], submissionExerciseType=programming, isProcessing=false, buildStartDate=null, estimatedCompletionDate=null], participation=ParticipationDTO[id=1934, testRun=false, type=solution, submissionCount=null, exercise=ParticipationExerciseDTO[id=2573, exerciseType=PROGRAMMING, type=programming, assessmentType=AUTOMATIC, dueDate=2025-02-16T23:45:10.996982Z, assessmentDueDate=null, maxPoints=42.0, course=CourseDTO[id=956, accuracyOfScores=1]]], feedbacks=[], assessmentType=AUTOMATIC, hasComplaint=null, exampleResult=null, testCaseCount=0, passedTestCaseCount=0, codeIssueCount=0]], BuildJobQueueItem[id=19581739576715555, name=SHORTC1A3F9FC03D2304B4308FA20AF16D54AAA49TSTEXC-LOCALVCSSHINTSTUDENT1, buildAgent=BuildAgentDTO[name=artemis-build-agent-test, memberAddress=[127.0.0.1]:5703, displayName=artemis-build-agent-test], participationId=1958, courseId=965, exerciseId=2582, retryCount=0, priority=2, status=FAILED, repositoryInfo=RepositoryInfo[repositoryName=shortc1a3f9fc03d2304b4308fa20af16d54aaa49tstexc-localvcsshintstudent1, repositoryType=user, triggeredByPushTo=user, assignmentRepositoryUri=http://localhost:49152/git/SHORTC1A3F9FC03D2304B4308FA20AF16D54AAA49TSTEXC/shortc1a3f9fc03d2304b4308fa20af16d54aaa49tstexc-localvcsshintstudent1.git, testRepositoryUri=http://localhost:49152/git/SHORTC1A3F9FC03D2304B4308FA20AF16D54AAA49TSTEXC/shortc1a3f9fc03d2304b4308fa20af16d54aaa49tstexc-tests.git, solutionRepositoryUri=null, auxiliaryRepositoryUris=[Ljava.lang.String;@17d66364, auxiliaryRepositoryCheckoutDirectories=[Ljava.lang.String;@586151e1], jobTimingInfo=JobTimingInfo[submissionDate=2025-02-14T23:45:15.555989584Z[Etc/UTC], buildStartDate=2025-02-14T23:45:15.568477627Z[Etc/UTC], buildCompletionDate=2025-02-14T23:45:15.579021148Z[Etc/UTC], estimatedCompletionDate=2025-02-14T23:45:34.568443924Z[Etc/UTC], estimatedDuration=19], buildConfig=BuildConfig[buildScript=#!/bin/bash
cd /var/tmp/testing-dir
chmod +x ./gradlew
./gradlew clean test
, dockerImage=dummy-docker-image:latest, commitHashToBuild=ca76dac20e040e6609db02fd7fedd56bf58829d7, assignmentCommitHash=ca76dac20e040e6609db02fd7fedd56bf58829d7, testCommitHash=bd0d58c226dc63bfa4bc9052870589952c0a1f83, branch=main, programmingLanguage=JAVA, projectType=PLAIN_GRADLE, scaEnabled=false, sequentialTestRunsEnabled=false, resultPaths=[/var/tmp/testing-dir/**/test-results/test/*.xml], timeoutSeconds=0, assignmentCheckoutPath=null, testCheckoutPath=null, solutionCheckoutPath=null, dockerRunConfig=null], submissionResult=ResultDTO[id=627, completionDate=2025-02-14T23:45:15.579119131Z[Etc/UTC], successful=false, score=0.0, rated=true, submission=SubmissionDTO[id=820, submitted=true, type=MANUAL, exampleSubmission=null, submissionDate=2025-02-14T23:45:15.548349Z, commitHash=ca76dac20e040e6609db02fd7fedd56bf58829d7, buildFailed=true, buildArtifact=false, participation=ParticipationDTO[id=1958, testRun=false, type=programming, submissionCount=null, exercise=ParticipationExerciseDTO[id=2582, exerciseType=PROGRAMMING, type=programming, assessmentType=AUTOMATIC, dueDate=2025-02-16T23:45:15.103512Z, assessmentDueDate=null, maxPoints=42.0, course=CourseDTO[id=965, accuracyOfScores=1]]], submissionExerciseType=programming, isProcessing=false, buildStartDate=null, estimatedCompletionDate=null], participation=ParticipationDTO[id=1958, testRun=false, type=programming, submissionCount=null, exercise=ParticipationExerciseDTO[id=2582, exerciseType=PROGRAMMING, type=programming, assessmentType=AUTOMATIC, dueDate=2025-02-16T23:45:15.103512Z, assessmentDueDate=null, maxPoints=42.0, course=CourseDTO[id=965, accuracyOfScores=1]]], feedbacks=[], assessmentType=AUTOMATIC, hasComplaint=null, exampleResult=null, testCaseCount=0, passedTestCaseCount=0, codeIssueCount=0]], BuildJobQueueItem[id=19801739576719393, name=SHORTB2A6C58B0D447045380A858075B170A5B7C6TSTEXC-LOCALVCSSHINTSTUDENT1, buildAgent=BuildAgentDTO[name=artemis-build-agent-test, memberAddress=[127.0.0.1]:5703, displayName=artemis-build-agent-test], participationId=1980, courseId=974, exerciseId=2591, retryCount=0, priority=2, status=FAILED, repositoryInfo=RepositoryInfo[repositoryName=shortb2a6c58b0d447045380a858075b170a5b7c6tstexc-localvcsshintstudent1, repositoryType=user, triggeredByPushTo=user, assignmentRepositoryUri=http://localhost:49152/git/SHORTB2A6C58B0D447045380A858075B170A5B7C6TSTEXC/shortb2a6c58b0d447045380a858075b170a5b7c6tstexc-localvcsshintstudent1.git, testRepositoryUri=http://localhost:49152/git/SHORTB2A6C58B0D447045380A858075B170A5B7C6TSTEXC/shortb2a6c58b0d447045380a858075b170a5b7c6tstexc-tests.git, solutionRepositoryUri=null, auxiliaryRepositoryUris=[Ljava.lang.String;@44f265a5, auxiliaryRepositoryCheckoutDirectories=[Ljava.lang.String;@7436493f], jobTimingInfo=JobTimingInfo[submissionDate=2025-02-14T23:45:19.393259829Z[Etc/UTC], buildStartDate=2025-02-14T23:45:19.405438171Z[Etc/UTC], buildCompletionDate=2025-02-14T23:45:19.414070673Z[Etc/UTC], estimatedCompletionDate=2025-02-14T23:45:38.405431569Z[Etc/UTC], estimatedDuration=19], buildConfig=BuildConfig[buildScript=#!/bin/bash
cd /var/tmp/testing-dir
chmod +x ./gradlew
./gradlew clean test
, dockerImage=dummy-docker-image:latest, commitHashToBuild=363cdbf709a9fff149f813ab848ee800a675cc77, assignmentCommitHash=363cdbf709a9fff149f813ab848ee800a675cc77, testCommitHash=a5e046ece417b2e538f21f816e2524dab61e0d10, branch=main, programmingLanguage=JAVA, projectType=PLAIN_GRADLE, scaEnabled=false, sequentialTestRunsEnabled=false, resultPaths=[/var/tmp/testing-dir/**/test-results/test/*.xml], timeoutSeconds=0, assignmentCheckoutPath=null, testCheckoutPath=null, solutionCheckoutPath=null, dockerRunConfig=null], submissionResult=ResultDTO[id=628, completionDate=2025-02-14T23:45:19.414171040Z[Etc/UTC], successful=false, score=0.0, rated=true, submission=SubmissionDTO[id=821, submitted=true, type=MANUAL, exampleSubmission=null, submissionDate=2025-02-14T23:45:19.376840Z, commitHash=363cdbf709a9fff149f813ab848ee800a675cc77, buildFailed=true, buildArtifact=false, participation=ParticipationDTO[id=1980, testRun=false, type=programming, submissionCount=null, exercise=ParticipationExerciseDTO[id=2591, exerciseType=PROGRAMMING, type=programming, assessmentType=AUTOMATIC, dueDate=2025-02-16T23:45:18.950569Z, assessmentDueDate=null, maxPoints=42.0, course=CourseDTO[id=974, accuracyOfScores=1]]], submissionExerciseType=programming, isProcessing=false, buildStartDate=null, estimatedCompletionDate=null], participation=ParticipationDTO[id=1980, testRun=false, type=programming, submissionCount=null, exercise=ParticipationExerciseDTO[id=2591, exerciseType=PROGRAMMING, type=programming, assessmentType=AUTOMATIC, dueDate=2025-02-16T23:45:18.950569Z, assessmentDueDate=null, maxPoints=42.0, course=CourseDTO[id=974, accuracyOfScores=1]]], feedbacks=[], assessmentType=AUTOMATIC, hasComplaint=null, exampleResult=null, testCaseCount=0, passedTestCaseCount=0, codeIssueCount=0]], BuildJobQueueItem[id=19791739576719787, name=SHORTB2A6C58B0D447045380A858075B170A5B7C6TSTEXC-BASE, buildAgent=BuildAgentDTO[name=artemis-build-agent-test, memberAddress=[127.0.0.1]:5703, displayName=artemis-build-agent-test], participationId=1979, courseId=974, exerciseId=2591, retryCount=0, priority=2, status=FAILED, repositoryInfo=RepositoryInfo[repositoryName=shortb2a6c58b0d447045380a858075b170a5b7c6tstexc-exercise, repositoryType=exercise, triggeredByPushTo=exercise, assignmentRepositoryUri=http://localhost:49152/git/SHORTB2A6C58B0D447045380A858075B170A5B7C6TSTEXC/shortb2a6c58b0d447045380a858075b170a5b7c6tstexc-exercise.git, testRepositoryUri=http://localhost:49152/git/SHORTB2A6C58B0D447045380A858075B170A5B7C6TSTEXC/shortb2a6c58b0d447045380a858075b170a5b7c6tstexc-tests.git, solutionRepositoryUri=null, auxiliaryRepositoryUris=[Ljava.lang.String;@505fc99e, auxiliaryRepositoryCheckoutDirectories=[Ljava.lang.String;@263642d], jobTimingInfo=JobTimingInfo[submissionDate=2025-02-14T23:45:19.787985058Z[Etc/UTC], buildStartDate=2025-02-14T23:45:19.796327417Z[Etc/UTC], buildCompletionDate=2025-02-14T23:45:19.799750982Z[Etc/UTC], estimatedCompletionDate=2025-02-14T23:45:38.796319082Z[Etc/UTC], estimatedDuration=19], buildConfig=BuildConfig[buildScript=#!/bin/bash
cd /var/tmp/testing-dir
chmod +x ./gradlew
./gradlew clean test
, dockerImage=dummy-docker-image:latest, commitHashToBuild=363cdbf709a9fff149f813ab848ee800a675cc77, assignmentCommitHash=363cdbf709a9fff149f813ab848ee800a675cc77, testCommitHash=a5e046ece417b2e538f21f816e2524dab61e0d10, branch=main, programmingLanguage=JAVA, projectType=PLAIN_GRADLE, scaEnabled=false, sequentialTestRunsEnabled=false, resultPaths=[/var/tmp/testing-dir/**/test-results/test/*.xml], timeoutSeconds=0, assignmentCheckoutPath=null, testCheckoutPath=null, solutionCheckoutPath=null, dockerRunConfig=null], submissionResult=ResultDTO[id=629, completionDate=2025-02-14T23:45:19.799820341Z[Etc/UTC], successful=false, score=0.0, rated=true, submission=SubmissionDTO[id=822, submitted=true, type=MANUAL, exampleSubmission=null, submissionDate=2025-02-14T23:45:19.775952Z, commitHash=363cdbf709a9fff149f813ab848ee800a675cc77, buildFailed=true, buildArtifact=false, participation=ParticipationDTO[id=1979, testRun=false, type=template, submissionCount=null, exercise=ParticipationExerciseDTO[id=2591, exerciseType=PROGRAMMING, type=programming, assessmentType=AUTOMATIC, dueDate=2025-02-16T23:45:18.950569Z, assessmentDueDate=null, maxPoints=42.0, course=CourseDTO[id=974, accuracyOfScores=1]]], submissionExerciseType=programming, isProcessing=false, buildStartDate=null, estimatedCompletionDate=null], participation=ParticipationDTO[id=1979, testRun=false, type=template, submissionCount=null, exercise=ParticipationExerciseDTO[id=2591, exerciseType=PROGRAMMING, type=programming, assessmentType=AUTOMATIC, dueDate=2025-02-16T23:45:18.950569Z, assessmentDueDate=null, maxPoints=42.0, course=CourseDTO[id=974, accuracyOfScores=1]]], feedbacks=[], assessmentType=AUTOMATIC, hasComplaint=null, exampleResult=null, testCaseCount=0, passedTestCaseCount=0, codeIssueCount=0]], BuildJobQueueItem[id=19781739576720235, name=SHORTB2A6C58B0D447045380A858075B170A5B7C6TSTEXC-SOLUTION, buildAgent=BuildAgentDTO[name=artemis-build-agent-test, memberAddress=[127.0.0.1]:5703, displayName=artemis-build-agent-test], participationId=1978, courseId=974, exerciseId=2591, retryCount=0, priority=2, status=FAILED, repositoryInfo=RepositoryInfo[repositoryName=shortb2a6c58b0d447045380a858075b170a5b7c6tstexc-solution, repositoryType=solution, triggeredByPushTo=solution, assignmentRepositoryUri=http://localhost:49152/git/SHORTB2A6C58B0D447045380A858075B170A5B7C6TSTEXC/shortb2a6c58b0d447045380a858075b170a5b7c6tstexc-solution.git, testRepositoryUri=http://localhost:49152/git/SHORTB2A6C58B0D447045380A858075B170A5B7C6TSTEXC/shortb2a6c58b0d447045380a858075b170a5b7c6tstexc-tests.git, solutionRepositoryUri=null, auxiliaryRepositoryUris=[Ljava.lang.String;@556bf689, auxiliaryRepositoryCheckoutDirectories=[Ljava.lang.String;@13d222aa], jobTimingInfo=JobTimingInfo[submissionDate=2025-02-14T23:45:20.235272325Z[Etc/UTC], buildStartDate=2025-02-14T23:45:20.243033812Z[Etc/UTC], buildCompletionDate=2025-02-14T23:45:20.250721018Z[Etc/UTC], estimatedCompletionDate=2025-02-14T23:45:39.243026949Z[Etc/UTC], estimatedDuration=19], buildConfig=BuildConfig[buildScript=#!/bin/bash
cd /var/tmp/testing-dir
chmod +x ./gradlew
./gradlew clean test
, dockerImage=dummy-docker-image:latest, commitHashToBuild=c710d0e68c9c7db8cda7d1a278308de2b9642cc0, assignmentCommitHash=c710d0e68c9c7db8cda7d1a278308de2b9642cc0, testCommitHash=a5e046ece417b2e538f21f816e2524dab61e0d10, branch=main, programmingLanguage=JAVA, projectType=PLAIN_GRADLE, scaEnabled=false, sequentialTestRunsEnabled=false, resultPaths=[/var/tmp/testing-dir/**/test-results/test/*.xml], timeoutSeconds=0, assignmentCheckoutPath=null, testCheckoutPath=null, solutionCheckoutPath=null, dockerRunConfig=null], submissionResult=ResultDTO[id=630, completionDate=2025-02-14T23:45:20.250809893Z[Etc/UTC], successful=false, score=0.0, rated=true, submission=SubmissionDTO[id=823, submitted=true, type=MANUAL, exampleSubmission=null, submissionDate=2025-02-14T23:45:20.211707Z, commitHash=c710d0e68c9c7db8cda7d1a278308de2b9642cc0, buildFailed=true, buildArtifact=false, participation=ParticipationDTO[id=1978, testRun=false, type=solution, submissionCount=null, exercise=ParticipationExerciseDTO[id=2591, exerciseType=PROGRAMMING, type=programming, assessmentType=AUTOMATIC, dueDate=2025-02-16T23:45:18.950569Z, assessmentDueDate=null, maxPoints=42.0, course=CourseDTO[id=974, accuracyOfScores=1]]], submissionExerciseType=programming, isProcessing=false, buildStartDate=null, estimatedCompletionDate=null], participation=ParticipationDTO[id=1978, testRun=false, type=solution, submissionCount=null, exercise=ParticipationExerciseDTO[id=2591, exerciseType=PROGRAMMING, type=programming, assessmentType=AUTOMATIC, dueDate=2025-02-16T23:45:18.950569Z, assessmentDueDate=null, maxPoints=42.0, course=CourseDTO[id=974, accuracyOfScores=1]]], feedbacks=[], assessmentType=AUTOMATIC, hasComplaint=null, exampleResult=null, testCaseCount=0, passedTestCaseCount=0, codeIssueCount=0]], BuildJobQueueItem[id=19781739576720802, name=SHORTB2A6C58B0D447045380A858075B170A5B7C6TSTEXC-SOLUTION, buildAgent=BuildAgentDTO[name=artemis-build-agent-test, memberAddress=[127.0.0.1]:5703, displayName=artemis-build-agent-test], participationId=1978, courseId=974, exerciseId=2591, retryCount=0, priority=2, status=FAILED, repositoryInfo=RepositoryInfo[repositoryName=shortb2a6c58b0d447045380a858075b170a5b7c6tstexc-solution, repositoryType=solution, triggeredByPushTo=tests, assignmentRepositoryUri=http://localhost:49152/git/SHORTB2A6C58B0D447045380A858075B170A5B7C6TSTEXC/shortb2a6c58b0d447045380a858075b170a5b7c6tstexc-solution.git, testRepositoryUri=http://localhost:49152/git/SHORTB2A6C58B0D447045380A858075B170A5B7C6TSTEXC/shortb2a6c58b0d447045380a858075b170a5b7c6tstexc-tests.git, solutionRepositoryUri=null, auxiliaryRepositoryUris=[Ljava.lang.String;@3def0a77, auxiliaryRepositoryCheckoutDirectories=[Ljava.lang.String;@24b443eb], jobTimingInfo=JobTimingInfo[submissionDate=2025-02-14T23:45:20.802935026Z[Etc/UTC], buildStartDate=2025-02-14T23:45:20.809306435Z[Etc/UTC], buildCompletionDate=2025-02-14T23:45:20.822452342Z[Etc/UTC], estimatedCompletionDate=2025-02-14T23:45:39.809298491Z[Etc/UTC], estimatedDuration=19], buildConfig=BuildConfig[buildScript=#!/bin/bash
cd /var/tmp/testing-dir
chmod +x ./gradlew
./gradlew clean test
, dockerImage=dummy-docker-image:latest, commitHashToBuild=c710d0e68c9c7db8cda7d1a278308de2b9642cc0, assignmentCommitHash=c710d0e68c9c7db8cda7d1a278308de2b9642cc0, testCommitHash=c710d0e68c9c7db8cda7d1a278308de2b9642cc0, branch=main, programmingLanguage=JAVA, projectType=PLAIN_GRADLE, scaEnabled=false, sequentialTestRunsEnabled=false, resultPaths=[/var/tmp/testing-dir/**/test-results/test/*.xml], timeoutSeconds=0, assignmentCheckoutPath=null, testCheckoutPath=null, solutionCheckoutPath=null, dockerRunConfig=null], submissionResult=ResultDTO[id=631, completionDate=2025-02-14T23:45:20.822527362Z[Etc/UTC], successful=false, score=0.0, rated=true, submission=SubmissionDTO[id=824, submitted=true, type=TEST, exampleSubmission=null, submissionDate=2025-02-14T23:45:20.791240Z, commitHash=c710d0e68c9c7db8cda7d1a278308de2b9642cc0, buildFailed=true, buildArtifact=false, participation=ParticipationDTO[id=1978, testRun=false, type=solution, submissionCount=null, exercise=ParticipationExerciseDTO[id=2591, exerciseType=PROGRAMMING, type=programming, assessmentType=AUTOMATIC, dueDate=2025-02-16T23:45:18.950569Z, assessmentDueDate=null, maxPoints=42.0, course=CourseDTO[id=974, accuracyOfScores=1]]], submissionExerciseType=programming, isProcessing=false, buildStartDate=null, estimatedCompletionDate=null], participation=ParticipationDTO[id=1978, testRun=false, type=solution, submissionCount=null, exercise=ParticipationExerciseDTO[id=2591, exerciseType=PROGRAMMING, type=programming, assessmentType=AUTOMATIC, dueDate=2025-02-16T23:45:18.950569Z, assessmentDueDate=null, maxPoints=42.0, course=CourseDTO[id=974, accuracyOfScores=1]]], feedbacks=[], assessmentType=AUTOMATIC, hasComplaint=null, exampleResult=null, testCaseCount=0, passedTestCaseCount=0, codeIssueCount=0]], BuildJobQueueItem[id=20061739576732554, name=SHORT94A899E303D7504C5D0840704DAAFA3DFF4DTSTEXC-LOCALVCCIINTINSTRUCTOR1, buildAgent=BuildAgentDTO[name=artemis-build-agent-test, memberAddress=[127.0.0.1]:5703, displayName=artemis-build-agent-test], participationId=2006, courseId=984, exerciseId=2601, retryCount=0, priority=2, status=SUCCESSFUL, repositoryInfo=RepositoryInfo[repositoryName=short94a899e303d7504c5d0840704daafa3dff4dtstexc-localvcciintinstructor1, repositoryType=user, triggeredByPushTo=user, assignmentRepositoryUri=http://localhost:49152/git/SHORT94A899E303D7504C5D0840704DAAFA3DFF4DTSTEXC/short94a899e303d7504c5d0840704daafa3dff4dtstexc-localvcciintinstructor1.git, testRepositoryUri=http://localhost:49152/git/SHORT94A899E303D7504C5D0840704DAAFA3DFF4DTSTEXC/short94a899e303d7504c5d0840704daafa3dff4dtstexc-tests.git, solutionRepositoryUri=null, auxiliaryRepositoryUris=[Ljava.lang.String;@2ee1264a, auxiliaryRepositoryCheckoutDirectories=[Ljava.lang.String;@2ca4864e], jobTimingInfo=JobTimingInfo[submissionDate=2025-02-14T23:45:32.554795798Z[Etc/UTC], buildStartDate=2025-02-14T23:45:32.567287465Z[Etc/UTC], buildCompletionDate=2025-02-14T23:45:34.535226768Z[Etc/UTC], estimatedCompletionDate=2025-02-14T23:45:51.567257960Z[Etc/UTC], estimatedDuration=19], buildConfig=BuildConfig[buildScript=#!/bin/bash
cd /var/tmp/testing-dir
chmod +x ./gradlew
./gradlew clean test
, dockerImage=dummy-docker-image:latest, commitHashToBuild=ca2dbc0ae87edf7035058a6a17c0ea60e90a290f, assignmentCommitHash=ca2dbc0ae87edf7035058a6a17c0ea60e90a290f, testCommitHash=0207f6f98af5fbb66ad68455f3fc3cf128af8ae9, branch=main, programmingLanguage=JAVA, projectType=PLAIN_GRADLE, scaEnabled=false, sequentialTestRunsEnabled=false, resultPaths=[/var/tmp/testing-dir/**/test-results/test/*.xml], timeoutSeconds=0, assignmentCheckoutPath=null, testCheckoutPath=null, solutionCheckoutPath=null, dockerRunConfig=null], submissionResult=ResultDTO[id=632, completionDate=2025-02-14T23:45:34.504415716Z[Etc/UTC], successful=false, score=7.7, rated=false, submission=SubmissionDTO[id=826, submitted=true, type=MANUAL, exampleSubmission=null, submissionDate=2025-02-14T23:45:32.541533Z, commitHash=ca2dbc0ae87edf7035058a6a17c0ea60e90a290f, buildFailed=false, buildArtifact=false, participation=ParticipationDTO[id=2006, testRun=true, type=programming, submissionCount=null, exercise=ParticipationExerciseDTO[id=2601, exerciseType=PROGRAMMING, type=programming, assessmentType=AUTOMATIC, dueDate=2025-02-16T23:45:31.864042Z, assessmentDueDate=null, maxPoints=42.0, course=CourseDTO[id=984, accuracyOfScores=1]]], submissionExerciseType=programming, isProcessing=false, buildStartDate=null, estimatedCompletionDate=null], participation=ParticipationDTO[id=2006, testRun=true, type=programming, submissionCount=null, exercise=ParticipationExerciseDTO[id=2601, exerciseType=PROGRAMMING, type=programming, assessmentType=AUTOMATIC, dueDate=2025-02-16T23:45:31.864042Z, assessmentDueDate=null, maxPoints=42.0, course=CourseDTO[id=984, accuracyOfScores=1]]], feedbacks=[FeedbackDTO[id=920, text=null, detailText=The exercise expects a class with the name Context in the package testpackage. You did not implement the class in the exercise., hasLongFeedbackText=false, reference=null, credits=0.0, positive=false, type=AUTOMATIC, visibility=ALWAYS, testCase=TestCaseDTO[testName=null, id=1357]], FeedbackDTO[id=921, text=null, detailText=The exercise expects a class with the name Policy in the package testpackage. You did not implement the class in the exercise., hasLongFeedbackText=false, reference=null, credits=0.0, positive=false, type=AUTOMATIC, visibility=ALWAYS, testCase=TestCaseDTO[testName=null, id=1358]], FeedbackDTO[id=922, text=null, detailText=The exercise expects a class with the name SortStrategy in the package testpackage. You did not implement the class in the exercise., hasLongFeedbackText=false, reference=null, credits=0.0, positive=false, type=AUTOMATIC, visibility=ALWAYS, testCase=TestCaseDTO[testName=null, id=1359]], FeedbackDTO[id=923, text=null, detailText=The class 'MergeSort' does not implement the interface 'SortStrategy' as expected. Implement the interface and its methods., hasLongFeedbackText=false, reference=null, credits=0.0, positive=false, type=AUTOMATIC, visibility=ALWAYS, testCase=TestCaseDTO[testName=null, id=1354]], FeedbackDTO[id=924, text=null, detailText=The exercise expects a class with the name SortStrategy in the package testpackage. You did not implement the class in the exercise., hasLongFeedbackText=false, reference=null, credits=0.0, positive=false, type=AUTOMATIC, visibility=ALWAYS, testCase=TestCaseDTO[testName=null, id=1351]], FeedbackDTO[id=925, text=null, detailText=The class 'BubbleSort' does not implement the interface 'SortStrategy' as expected. Implement the interface and its methods., hasLongFeedbackText=false, reference=null, credits=0.0, positive=false, type=AUTOMATIC, visibility=ALWAYS, testCase=TestCaseDTO[testName=null, id=1355]], FeedbackDTO[id=926, text=null, detailText=MergeSort does not sort correctly, hasLongFeedbackText=false, reference=null, credits=0.0, positive=false, type=AUTOMATIC, visibility=ALWAYS, testCase=TestCaseDTO[testName=null, id=1360]], FeedbackDTO[id=927, text=null, detailText=The class 'Context' was not found within the submission. Make sure to implement it properly., hasLongFeedbackText=false, reference=null, credits=0.0, positive=false, type=AUTOMATIC, visibility=ALWAYS, testCase=TestCaseDTO[testName=null, id=1361]], FeedbackDTO[id=928, text=null, detailText=The class 'Context' was not found within the submission. Make sure to implement it properly., hasLongFeedbackText=false, reference=null, credits=0.0, positive=false, type=AUTOMATIC, visibility=ALWAYS, testCase=TestCaseDTO[testName=null, id=1362]], FeedbackDTO[id=929, text=null, detailText=The exercise expects a class with the name Policy in the package testpackage. You did not implement the class in the exercise., hasLongFeedbackText=false, reference=null, credits=0.0, positive=false, type=AUTOMATIC, visibility=ALWAYS, testCase=TestCaseDTO[testName=null, id=1356]], FeedbackDTO[id=930, text=null, detailText=The exercise expects a class with the name Context in the package testpackage. You did not implement the class in the exercise., hasLongFeedbackText=false, reference=null, credits=0.0, positive=false, type=AUTOMATIC, visibility=ALWAYS, testCase=TestCaseDTO[testName=null, id=1352]], FeedbackDTO[id=931, text=null, detailText=The exercise expects a class with the name Policy in the package testpackage. You did not implement the class in the exercise., hasLongFeedbackText=false, reference=null, credits=0.0, positive=false, type=AUTOMATIC, visibility=ALWAYS, testCase=TestCaseDTO[testName=null, id=1353]], FeedbackDTO[id=932, text=null, detailText=null, hasLongFeedbackText=false, reference=null, credits=3.230769230769231, positive=true, type=AUTOMATIC, visibility=ALWAYS, testCase=TestCaseDTO[testName=null, id=1363]]], assessmentType=AUTOMATIC, hasComplaint=null, exampleResult=null, testCaseCount=13, passedTestCaseCount=1, codeIssueCount=0]], BuildJobQueueItem[id=20111739576737317, name=SHORTD49A6DAE04F9E049850BD5601663FD17A5B7TSTEXC-BASE, buildAgent=BuildAgentDTO[name=artemis-build-agent-test, memberAddress=[127.0.0.1]:5703, displayName=artemis-build-agent-test], participationId=2011, courseId=986, exerciseId=2603, retryCount=0, priority=2, status=SUCCESSFUL, repositoryInfo=RepositoryInfo[repositoryName=shortd49a6dae04f9e049850bd5601663fd17a5b7tstexc-exercise, repositoryType=exercise, triggeredByPushTo=exercise, assignmentRepositoryUri=http://localhost:49152/git/SHORTD49A6DAE04F9E049850BD5601663FD17A5B7TSTEXC/shortd49a6dae04f9e049850bd5601663fd17a5b7tstexc-exercise.git, testRepositoryUri=http://localhost:49152/git/SHORTD49A6DAE04F9E049850BD5601663FD17A5B7TSTEXC/shortd49a6dae04f9e049850bd5601663fd17a5b7tstexc-tests.git, solutionRepositoryUri=null, auxiliaryRepositoryUris=[Ljava.lang.String;@695d8d1f, auxiliaryRepositoryCheckoutDirectories=[Ljava.lang.String;@6f7030c4], jobTimingInfo=JobTimingInfo[submissionDate=2025-02-14T23:45:37.317968648Z[Etc/UTC], buildStartDate=2025-02-14T23:45:37.324534774Z[Etc/UTC], buildCompletionDate=2025-02-14T23:45:38.527225461Z[Etc/UTC], estimatedCompletionDate=2025-02-14T23:45:56.324506331Z[Etc/UTC], estimatedDuration=19], buildConfig=BuildConfig[buildScript=#!/bin/bash
cd /var/tmp/testing-dir
chmod +x ./gradlew
./gradlew clean test
, dockerImage=dummy-docker-image:latest, commitHashToBuild=c795243c185829bbefa399f45dcbcfac22311b2f, assignmentCommitHash=c795243c185829bbefa399f45dcbcfac22311b2f, testCommitHash=fa8b162170bf767d852e05e0eb7a128efa2e1f34, branch=main, programmingLanguage=JAVA, projectType=PLAIN_GRADLE, scaEnabled=false, sequentialTestRunsEnabled=false, resultPaths=[/var/tmp/testing-dir/**/test-results/test/*.xml], timeoutSeconds=0, assignmentCheckoutPath=null, testCheckoutPath=null, solutionCheckoutPath=null, dockerRunConfig=null], submissionResult=ResultDTO[id=633, completionDate=2025-02-14T23:45:38.476795726Z[Etc/UTC], successful=false, score=0.0, rated=true, submission=SubmissionDTO[id=827, submitted=true, type=MANUAL, exampleSubmission=null, submissionDate=2025-02-14T23:45:37.303401Z, commitHash=c795243c185829bbefa399f45dcbcfac22311b2f, buildFailed=false, buildArtifact=false, participation=ParticipationDTO[id=2011, testRun=false, type=template, submissionCount=null, exercise=ParticipationExerciseDTO[id=2603, exerciseType=PROGRAMMING, type=programming, assessmentType=AUTOMATIC, dueDate=2025-02-16T23:45:36.830269Z, assessmentDueDate=null, maxPoints=42.0, course=CourseDTO[id=986, accuracyOfScores=1]]], submissionExerciseType=programming, isProcessing=false, buildStartDate=null, estimatedCompletionDate=null], participation=ParticipationDTO[id=2011, testRun=false, type=template, submissionCount=null, exercise=ParticipationExerciseDTO[id=2603, exerciseType=PROGRAMMING, type=programming, assessmentType=AUTOMATIC, dueDate=2025-02-16T23:45:36.830269Z, assessmentDueDate=null, maxPoints=42.0, course=CourseDTO[id=986, accuracyOfScores=1]]], feedbacks=[FeedbackDTO[id=933, text=null, detailText=The exercise expects a class with the name Context in the package testpackage. You did not implement the class in the exercise., hasLongFeedbackText=false, reference=null, credits=0.0, positive=false, type=AUTOMATIC, visibility=ALWAYS, testCase=TestCaseDTO[testName=testMethods[Context], id=1383]], FeedbackDTO[id=934, text=null, detailText=The exercise expects a class with the name Policy in the package testpackage. You did not implement the class in the exercise., hasLongFeedbackText=false, reference=null, credits=0.0, positive=false, type=AUTOMATIC, visibility=ALWAYS, testCase=TestCaseDTO[testName=testMethods[Policy], id=1384]], FeedbackDTO[id=935, text=null, detailText=The exercise expects a class with the name SortStrategy in the package testpackage. You did not implement the class in the exercise., hasLongFeedbackText=false, reference=null, credits=0.0, positive=false, type=AUTOMATIC, visibility=ALWAYS, testCase=TestCaseDTO[testName=testMethods[SortStrategy], id=1385]], FeedbackDTO[id=936, text=null, detailText=The class 'MergeSort' does not implement the interface 'SortStrategy' as expected. Implement the interface and its methods., hasLongFeedbackText=false, reference=null, credits=0.0, positive=false, type=AUTOMATIC, visibility=ALWAYS, testCase=TestCaseDTO[testName=testClass[MergeSort], id=1380]], FeedbackDTO[id=937, text=null, detailText=The exercise expects a class with the name SortStrategy in the package testpackage. You did not implement the class in the exercise., hasLongFeedbackText=false, reference=null, credits=0.0, positive=false, type=AUTOMATIC, visibility=ALWAYS, testCase=TestCaseDTO[testName=testClass[SortStrategy], id=1377]], FeedbackDTO[id=938, text=null, detailText=The class 'BubbleSort' does not implement the interface 'SortStrategy' as expected. Implement the interface and its methods., hasLongFeedbackText=false, reference=null, credits=0.0, positive=false, type=AUTOMATIC, visibility=ALWAYS, testCase=TestCaseDTO[testName=testClass[BubbleSort], id=1381]], FeedbackDTO[id=939, text=null, detailText=MergeSort does not sort correctly, hasLongFeedbackText=false, reference=null, credits=0.0, positive=false, type=AUTOMATIC, visibility=ALWAYS, testCase=TestCaseDTO[testName=testMergeSort(), id=1386]], FeedbackDTO[id=940, text=null, detailText=The class 'Context' was not found within the submission. Make sure to implement it properly., hasLongFeedbackText=false, reference=null, credits=0.0, positive=false, type=AUTOMATIC, visibility=ALWAYS, testCase=TestCaseDTO[testName=testUseBubbleSortForSmallList(), id=1387]], FeedbackDTO[id=941, text=null, detailText=BubbleSort does not sort correctly, hasLongFeedbackText=false, reference=null, credits=0.0, positive=false, type=AUTOMATIC, visibility=ALWAYS, testCase=TestCaseDTO[testName=testBubbleSort(), id=1389]], FeedbackDTO[id=942, text=null, detailText=The class 'Context' was not found within the submission. Make sure to implement it properly., hasLongFeedbackText=false, reference=null, credits=0.0, positive=false, type=AUTOMATIC, visibility=ALWAYS, testCase=TestCaseDTO[testName=testUseMergeSortForBigList(), id=1388]], FeedbackDTO[id=943, text=null, detailText=The exercise expects a class with the name Policy in the package testpackage. You did not implement the class in the exercise., hasLongFeedbackText=false, reference=null, credits=0.0, positive=false, type=AUTOMATIC, visibility=ALWAYS, testCase=TestCaseDTO[testName=testConstructors[Policy], id=1382]], FeedbackDTO[id=944, text=null, detailText=The exercise expects a class with the name Context in the package testpackage. You did not implement the class in the exercise., hasLongFeedbackText=false, reference=null, credits=0.0, positive=false, type=AUTOMATIC, visibility=ALWAYS, testCase=TestCaseDTO[testName=testAttributes[Context], id=1378]], FeedbackDTO[id=945, text=null, detailText=The exercise expects a class with the name Policy in the package testpackage. You did not implement the class in the exercise., hasLongFeedbackText=false, reference=null, credits=0.0, positive=false, type=AUTOMATIC, visibility=ALWAYS, testCase=TestCaseDTO[testName=testAttributes[Policy], id=1379]]], assessmentType=AUTOMATIC, hasComplaint=null, exampleResult=null, testCaseCount=13, passedTestCaseCount=0, codeIssueCount=0]], BuildJobQueueItem[id=20171739576740018, name=SHORT7914AFA00ADC3047140B99D01AC07810CE44TSTEXC-LOCALVCCIINTSTUDENT1, buildAgent=BuildAgentDTO[name=artemis-build-agent-test, memberAddress=[127.0.0.1]:5703, displayName=artemis-build-agent-test], participationId=2017, courseId=988, exerciseId=2605, retryCount=0, priority=2, status=SUCCESSFUL, repositoryInfo=RepositoryInfo[repositoryName=short7914afa00adc3047140b99d01ac07810ce44tstexc-practice-localvcciintstudent1, repositoryType=user, triggeredByPushTo=user, assignmentRepositoryUri=http://localhost:49152/git/SHORT7914AFA00ADC3047140B99D01AC07810CE44TSTEXC/short7914afa00adc3047140b99d01ac07810ce44tstexc-practice-localvcciintstudent1.git, testRepositoryUri=http://localhost:49152/git/SHORT7914AFA00ADC3047140B99D01AC07810CE44TSTEXC/short7914afa00adc3047140b99d01ac07810ce44tstexc-tests.git, solutionRepositoryUri=null, auxiliaryRepositoryUris=[Ljava.lang.String;@48048816, auxiliaryRepositoryCheckoutDirectories=[Ljava.lang.String;@409ae1ae], jobTimingInfo=JobTimingInfo[submissionDate=2025-02-14T23:45:40.018961253Z[Etc/UTC], buildStartDate=2025-02-14T23:45:40.029742701Z[Etc/UTC], buildCompletionDate=2025-02-14T23:45:41.150208242Z[Etc/UTC], estimatedCompletionDate=2025-02-14T23:45:59.029734065Z[Etc/UTC], estimatedDuration=19], buildConfig=BuildConfig[buildScript=#!/bin/bash
cd /var/tmp/testing-dir
chmod +x ./gradlew
./gradlew clean test
, dockerImage=dummy-docker-image:latest, commitHashToBuild=d80b57877989b971e83ccdb4863c8a7023c76266, assignmentCommitHash=d80b57877989b971e83ccdb4863c8a7023c76266, testCommitHash=327b116890c92b1312314341f43f21ef13ecf7d7, branch=main, programmingLanguage=JAVA, projectType=PLAIN_GRADLE, scaEnabled=false, sequentialTestRunsEnabled=false, resultPaths=[/var/tmp/testing-dir/**/test-results/test/*.xml], timeoutSeconds=0, assignmentCheckoutPath=null, testCheckoutPath=null, solutionCheckoutPath=null, dockerRunConfig=null], submissionResult=ResultDTO[id=634, completionDate=2025-02-14T23:45:41.120192603Z[Etc/UTC], successful=false, score=7.7, rated=false, submission=SubmissionDTO[id=828, submitted=true, type=MANUAL, exampleSubmission=null, submissionDate=2025-02-14T23:45:40.008666Z, commitHash=d80b57877989b971e83ccdb4863c8a7023c76266, buildFailed=false, buildArtifact=false, participation=ParticipationDTO[id=2017, testRun=true, type=programming, submissionCount=null, exercise=ParticipationExerciseDTO[id=2605, exerciseType=PROGRAMMING, type=programming, assessmentType=AUTOMATIC, dueDate=2025-02-16T23:45:39.523500Z, assessmentDueDate=null, maxPoints=42.0, course=CourseDTO[id=988, accuracyOfScores=1]]], submissionExerciseType=programming, isProcessing=false, buildStartDate=null, estimatedCompletionDate=null], participation=ParticipationDTO[id=2017, testRun=true, type=programming, submissionCount=null, exercise=ParticipationExerciseDTO[id=2605, exerciseType=PROGRAMMING, type=programming, assessmentType=AUTOMATIC, dueDate=2025-02-16T23:45:39.523500Z, assessmentDueDate=null, maxPoints=42.0, course=CourseDTO[id=988, accuracyOfScores=1]]], feedbacks=[FeedbackDTO[id=946, text=null, detailText=The exercise expects a class with the name Context in the package testpackage. You did not implement the class in the exercise., hasLongFeedbackText=false, reference=null, credits=0.0, positive=false, type=AUTOMATIC, visibility=ALWAYS, testCase=TestCaseDTO[testName=null, id=1409]], FeedbackDTO[id=947, text=null, detailText=The exercise expects a class with the name Policy in the package testpackage. You did not implement the class in the exercise., hasLongFeedbackText=false, reference=null, credits=0.0, positive=false, type=AUTOMATIC, visibility=ALWAYS, testCase=TestCaseDTO[testName=null, id=1410]], FeedbackDTO[id=948, text=null, detailText=The exercise expects a class with the name SortStrategy in the package testpackage. You did not implement the class in the exercise., hasLongFeedbackText=false, reference=null, credits=0.0, positive=false, type=AUTOMATIC, visibility=ALWAYS, testCase=TestCaseDTO[testName=null, id=1411]], FeedbackDTO[id=949, text=null, detailText=The class 'MergeSort' does not implement the interface 'SortStrategy' as expected. Implement the interface and its methods., hasLongFeedbackText=false, reference=null, credits=0.0, positive=false, type=AUTOMATIC, visibility=ALWAYS, testCase=TestCaseDTO[testName=null, id=1406]], FeedbackDTO[id=950, text=null, detailText=The exercise expects a class with the name SortStrategy in the package testpackage. You did not implement the class in the exercise., hasLongFeedbackText=false, reference=null, credits=0.0, positive=false, type=AUTOMATIC, visibility=ALWAYS, testCase=TestCaseDTO[testName=null, id=1403]], FeedbackDTO[id=951, text=null, detailText=The class 'BubbleSort' does not implement the interface 'SortStrategy' as expected. Implement the interface and its methods., hasLongFeedbackText=false, reference=null, credits=0.0, positive=false, type=AUTOMATIC, visibility=ALWAYS, testCase=TestCaseDTO[testName=null, id=1407]], FeedbackDTO[id=952, text=null, detailText=MergeSort does not sort correctly, hasLongFeedbackText=false, reference=null, credits=0.0, positive=false, type=AUTOMATIC, visibility=ALWAYS, testCase=TestCaseDTO[testName=null, id=1412]], FeedbackDTO[id=953, text=null, detailText=The class 'Context' was not found within the submission. Make sure to implement it properly., hasLongFeedbackText=false, reference=null, credits=0.0, positive=false, type=AUTOMATIC, visibility=ALWAYS, testCase=TestCaseDTO[testName=null, id=1413]], FeedbackDTO[id=954, text=null, detailText=The class 'Context' was not found within the submission. Make sure to implement it properly., hasLongFeedbackText=false, reference=null, credits=0.0, positive=false, type=AUTOMATIC, visibility=ALWAYS, testCase=TestCaseDTO[testName=null, id=1414]], FeedbackDTO[id=955, text=null, detailText=The exercise expects a class with the name Policy in the package testpackage. You did not implement the class in the exercise., hasLongFeedbackText=false, reference=null, credits=0.0, positive=false, type=AUTOMATIC, visibility=ALWAYS, testCase=TestCaseDTO[testName=null, id=1408]], FeedbackDTO[id=956, text=null, detailText=The exercise expects a class with the name Context in the package testpackage. You did not implement the class in the exercise., hasLongFeedbackText=false, reference=null, credits=0.0, positive=false, type=AUTOMATIC, visibility=ALWAYS, testCase=TestCaseDTO[testName=null, id=1404]], FeedbackDTO[id=957, text=null, detailText=The exercise expects a class with the name Policy in the package testpackage. You did not implement the class in the exercise., hasLongFeedbackText=false, reference=null, credits=0.0, positive=false, type=AUTOMATIC, visibility=ALWAYS, testCase=TestCaseDTO[testName=null, id=1405]], FeedbackDTO[id=958, text=null, detailText=null, hasLongFeedbackText=false, reference=null, credits=3.230769230769231, positive=true, type=AUTOMATIC, visibility=ALWAYS, testCase=TestCaseDTO[testName=null, id=1415]]], assessmentType=AUTOMATIC, hasComplaint=null, exampleResult=null, testCaseCount=13, passedTestCaseCount=1, codeIssueCount=0]], BuildJobQueueItem[id=20261739576743984, name=SHORT53C73BE505404043100AC2F00C039353CE8FTSTEXC-LOCALVCCIINTSTUDENT1, buildAgent=BuildAgentDTO[name=artemis-build-agent-test, memberAddress=[127.0.0.1]:5703, displayName=artemis-build-agent-test], participationId=2026, courseId=991, exerciseId=2608, retryCount=0, priority=1, status=SUCCESSFUL, repositoryInfo=RepositoryInfo[repositoryName=short53c73be505404043100ac2f00c039353ce8ftstexc-localvcciintstudent1, repositoryType=user, triggeredByPushTo=user, assignmentRepositoryUri=http://localhost:49152/git/SHORT53C73BE505404043100AC2F00C039353CE8FTSTEXC/short53c73be505404043100ac2f00c039353ce8ftstexc-localvcciintstudent1.git, testRepositoryUri=http://localhost:49152/git/SHORT53C73BE505404043100AC2F00C039353CE8FTSTEXC/short53c73be505404043100ac2f00c039353ce8ftstexc-tests.git, solutionRepositoryUri=null, auxiliaryRepositoryUris=[Ljava.lang.String;@452aa9d7, auxiliaryRepositoryCheckoutDirectories=[Ljava.lang.String;@2bb257a6], jobTimingInfo=JobTimingInfo[submissionDate=2025-02-14T23:45:43.984518859Z[Etc/UTC], buildStartDate=2025-02-14T23:45:43.991385682Z[Etc/UTC], buildCompletionDate=2025-02-14T23:45:44.982059928Z[Etc/UTC], estimatedCompletionDate=2025-02-14T23:46:02.991380122Z[Etc/UTC], estimatedDuration=19], buildConfig=BuildConfig[buildScript=#!/bin/bash
cd /var/tmp/testing-dir
chmod +x ./gradlew
./gradlew clean test
, dockerImage=dummy-docker-image:latest, commitHashToBuild=3e90ae9fef2e44ffb41451a080bdaa6a44ad6848, assignmentCommitHash=3e90ae9fef2e44ffb41451a080bdaa6a44ad6848, testCommitHash=0582754c87aae13e640312855ce7dbe490ecb50c, branch=main, programmingLanguage=JAVA, projectType=PLAIN_GRADLE, scaEnabled=false, sequentialTestRunsEnabled=false, resultPaths=[/var/tmp/testing-dir/**/test-results/test/*.xml], timeoutSeconds=0, assignmentCheckoutPath=null, testCheckoutPath=null, solutionCheckoutPath=null, dockerRunConfig=null], submissionResult=ResultDTO[id=635, completionDate=2025-02-14T23:45:44.961313737Z[Etc/UTC], successful=false, score=7.7, rated=true, submission=SubmissionDTO[id=829, submitted=true, type=MANUAL, exampleSubmission=null, submissionDate=2025-02-14T23:45:43.967766Z, commitHash=3e90ae9fef2e44ffb41451a080bdaa6a44ad6848, buildFailed=false, buildArtifact=false, participation=ParticipationDTO[id=2026, testRun=false, type=programming, submissionCount=null, exercise=ParticipationExerciseDTO[id=2608, exerciseType=PROGRAMMING, type=programming, assessmentType=AUTOMATIC, dueDate=2025-02-16T23:45:43.597978Z, assessmentDueDate=null, maxPoints=42.0, course=CourseDTO[id=991, accuracyOfScores=1]]], submissionExerciseType=programming, isProcessing=false, buildStartDate=null, estimatedCompletionDate=null], participation=ParticipationDTO[id=2026, testRun=false, type=programming, submissionCount=null, exercise=ParticipationExerciseDTO[id=2608, exerciseType=PROGRAMMING, type=programming, assessmentType=AUTOMATIC, dueDate=2025-02-16T23:45:43.597978Z, assessmentDueDate=null, maxPoints=42.0, course=CourseDTO[id=991, accuracyOfScores=1]]], feedbacks=[FeedbackDTO[id=959, text=null, detailText=The exercise expects a class with the name Context in the package testpackage. You did not implement the class in the exercise., hasLongFeedbackText=false, reference=null, credits=0.0, positive=false, type=AUTOMATIC, visibility=ALWAYS, testCase=TestCaseDTO[testName=null, id=1448]], FeedbackDTO[id=960, text=null, detailText=The exercise expects a class with the name Policy in the package testpackage. You did not implement the class in the exercise., hasLongFeedbackText=false, reference=null, credits=0.0, positive=false, type=AUTOMATIC, visibility=ALWAYS, testCase=TestCaseDTO[testName=null, id=1449]], FeedbackDTO[id=961, text=null, detailText=The exercise expects a class with the name SortStrategy in the package testpackage. You did not implement the class in the exercise., hasLongFeedbackText=false, reference=null, credits=0.0, positive=false, type=AUTOMATIC, visibility=ALWAYS, testCase=TestCaseDTO[testName=null, id=1450]], FeedbackDTO[id=962, text=null, detailText=The class 'MergeSort' does not implement the interface 'SortStrategy' as expected. Implement the interface and its methods., hasLongFeedbackText=false, reference=null, credits=0.0, positive=false, type=AUTOMATIC, visibility=ALWAYS, testCase=TestCaseDTO[testName=null, id=1445]], FeedbackDTO[id=963, text=null, detailText=The exercise expects a class with the name SortStrategy in the package testpackage. You did not implement the class in the exercise., hasLongFeedbackText=false, reference=null, credits=0.0, positive=false, type=AUTOMATIC, visibility=ALWAYS, testCase=TestCaseDTO[testName=null, id=1442]], FeedbackDTO[id=964, text=null, detailText=The class 'BubbleSort' does not implement the interface 'SortStrategy' as expected. Implement the interface and its methods., hasLongFeedbackText=false, reference=null, credits=0.0, positive=false, type=AUTOMATIC, visibility=ALWAYS, testCase=TestCaseDTO[testName=null, id=1446]], FeedbackDTO[id=965, text=null, detailText=MergeSort does not sort correctly, hasLongFeedbackText=false, reference=null, credits=0.0, positive=false, type=AUTOMATIC, visibility=ALWAYS, testCase=TestCaseDTO[testName=null, id=1451]], FeedbackDTO[id=966, text=null, detailText=The class 'Context' was not found within the submission. Make sure to implement it properly., hasLongFeedbackText=false, reference=null, credits=0.0, positive=false, type=AUTOMATIC, visibility=ALWAYS, testCase=TestCaseDTO[testName=null, id=1452]], FeedbackDTO[id=967, text=null, detailText=The class 'Context' was not found within the submission. Make sure to implement it properly., hasLongFeedbackText=false, reference=null, credits=0.0, positive=false, type=AUTOMATIC, visibility=ALWAYS, testCase=TestCaseDTO[testName=null, id=1453]], FeedbackDTO[id=968, text=null, detailText=The exercise expects a class with the name Policy in the package testpackage. You did not implement the class in the exercise., hasLongFeedbackText=false, reference=null, credits=0.0, positive=false, type=AUTOMATIC, visibility=ALWAYS, testCase=TestCaseDTO[testName=null, id=1447]], FeedbackDTO[id=969, text=null, detailText=The exercise expects a class with the name Context in the package testpackage. You did not implement the class in the exercise., hasLongFeedbackText=false, reference=null, credits=0.0, positive=false, type=AUTOMATIC, visibility=ALWAYS, testCase=TestCaseDTO[testName=null, id=1443]], FeedbackDTO[id=970, text=null, detailText=The exercise expects a class with the name Policy in the package testpackage. You did not implement the class in the exercise., hasLongFeedbackText=false, reference=null, credits=0.0, positive=false, type=AUTOMATIC, visibility=ALWAYS, testCase=TestCaseDTO[testName=null, id=1444]], FeedbackDTO[id=971, text=null, detailText=null, hasLongFeedbackText=false, reference=null, credits=3.230769230769231, positive=true, type=AUTOMATIC, visibility=ALWAYS, testCase=TestCaseDTO[testName=null, id=1454]]], assessmentType=AUTOMATIC, hasComplaint=null, exampleResult=null, testCaseCount=13, passedTestCaseCount=1, codeIssueCount=0]], BuildJobQueueItem[id=20271739576746886, name=SHORT0FC863930E92904248098A506171F81CF6CFTSTEXC-SOLUTION, buildAgent=BuildAgentDTO[name=artemis-build-agent-test, memberAddress=[127.0.0.1]:5703, displayName=artemis-build-agent-test], participationId=2027, courseId=992, exerciseId=2609, retryCount=0, priority=2, status=SUCCESSFUL, repositoryInfo=RepositoryInfo[repositoryName=short0fc863930e92904248098a506171f81cf6cftstexc-solution, repositoryType=solution, triggeredByPushTo=auxiliary, assignmentRepositoryUri=http://localhost:49152/git/SHORT0FC863930E92904248098A506171F81CF6CFTSTEXC/short0fc863930e92904248098a506171f81cf6cftstexc-solution.git, testRepositoryUri=http://localhost:49152/git/SHORT0FC863930E92904248098A506171F81CF6CFTSTEXC/short0fc863930e92904248098a506171f81cf6cftstexc-tests.git, solutionRepositoryUri=null, auxiliaryRepositoryUris=[Ljava.lang.String;@479a3efe, auxiliaryRepositoryCheckoutDirectories=[Ljava.lang.String;@509a2032], jobTimingInfo=JobTimingInfo[submissionDate=2025-02-14T23:45:46.886984066Z[Etc/UTC], buildStartDate=2025-02-14T23:45:46.897709578Z[Etc/UTC], buildCompletionDate=2025-02-14T23:45:48.628460156Z[Etc/UTC], estimatedCompletionDate=2025-02-14T23:46:05.897701272Z[Etc/UTC], estimatedDuration=19], buildConfig=BuildConfig[buildScript=#!/bin/bash
cd /var/tmp/testing-dir
chmod +x ./gradlew
./gradlew clean test
, dockerImage=dummy-docker-image:latest, commitHashToBuild=null, assignmentCommitHash=115a2e943bee242fdad360b50d8ad5f30792577e, testCommitHash=9b3a9bd71a0d80e5bbc42204c319ed3d1d4f0d6d, branch=main, programmingLanguage=JAVA, projectType=PLAIN_GRADLE, scaEnabled=false, sequentialTestRunsEnabled=false, resultPaths=[/var/tmp/testing-dir/**/test-results/test/*.xml], timeoutSeconds=0, assignmentCheckoutPath=null, testCheckoutPath=null, solutionCheckoutPath=null, dockerRunConfig=null], submissionResult=ResultDTO[id=636, completionDate=2025-02-14T23:45:48.593370968Z[Etc/UTC], successful=true, score=100.0, rated=true, submission=SubmissionDTO[id=830, submitted=true, type=TEST, exampleSubmission=null, submissionDate=2025-02-14T23:45:46.873671Z, commitHash=9b3a9bd71a0d80e5bbc42204c319ed3d1d4f0d6d, buildFailed=false, buildArtifact=false, participation=ParticipationDTO[id=2027, testRun=false, type=solution, submissionCount=null, exercise=ParticipationExerciseDTO[id=2609, exerciseType=PROGRAMMING, type=programming, assessmentType=AUTOMATIC, dueDate=2025-02-16T23:45:46.386304Z, assessmentDueDate=null, maxPoints=42.0, course=CourseDTO[id=992, accuracyOfScores=1]]], submissionExerciseType=programming, isProcessing=false, buildStartDate=null, estimatedCompletionDate=null], participation=ParticipationDTO[id=2027, testRun=false, type=solution, submissionCount=null, exercise=ParticipationExerciseDTO[id=2609, exerciseType=PROGRAMMING, type=programming, assessmentType=AUTOMATIC, dueDate=2025-02-16T23:45:46.386304Z, assessmentDueDate=null, maxPoints=42.0, course=CourseDTO[id=992, accuracyOfScores=1]]], feedbacks=[FeedbackDTO[id=972, text=null, detailText=null, hasLongFeedbackText=false, reference=null, credits=3.230769230769231, positive=true, type=AUTOMATIC, visibility=ALWAYS, testCase=TestCaseDTO[testName=testMethods[Context], id=1461]], FeedbackDTO[id=973, text=null, detailText=null, hasLongFeedbackText=false, reference=null, credits=3.230769230769231, positive=true, type=AUTOMATIC, visibility=ALWAYS, testCase=TestCaseDTO[testName=testMethods[Policy], id=1462]], FeedbackDTO[id=974, text=null, detailText=null, hasLongFeedbackText=false, reference=null, credits=3.230769230769231, positive=true, type=AUTOMATIC, visibility=ALWAYS, testCase=TestCaseDTO[testName=testMethods[SortStrategy], id=1463]], FeedbackDTO[id=975, text=null, detailText=null, hasLongFeedbackText=false, reference=null, credits=3.230769230769231, positive=true, type=AUTOMATIC, visibility=ALWAYS, testCase=TestCaseDTO[testName=testClass[MergeSort], id=1458]], FeedbackDTO[id=976, text=null, detailText=null, hasLongFeedbackText=false, reference=null, credits=3.230769230769231, positive=true, type=AUTOMATIC, visibility=ALWAYS, testCase=TestCaseDTO[testName=testClass[SortStrategy], id=1455]], FeedbackDTO[id=977, text=null, detailText=null, hasLongFeedbackText=false, reference=null, credits=3.230769230769231, positive=true, type=AUTOMATIC, visibility=ALWAYS, testCase=TestCaseDTO[testName=testClass[BubbleSort], id=1459]], FeedbackDTO[id=978, text=null, detailText=null, hasLongFeedbackText=false, reference=null, credits=3.230769230769231, positive=true, type=AUTOMATIC, visibility=ALWAYS, testCase=TestCaseDTO[testName=testMergeSort(), id=1464]], FeedbackDTO[id=979, text=null, detailText=null, hasLongFeedbackText=false, reference=null, credits=3.230769230769231, positive=true, type=AUTOMATIC, visibility=ALWAYS, testCase=TestCaseDTO[testName=testUseBubbleSortForSmallList(), id=1465]], FeedbackDTO[id=980, text=null, detailText=null, hasLongFeedbackText=false, reference=null, credits=3.230769230769231, positive=true, type=AUTOMATIC, visibility=ALWAYS, testCase=TestCaseDTO[testName=testBubbleSort(), id=1467]], FeedbackDTO[id=981, text=null, detailText=null, hasLongFeedbackText=false, reference=null, credits=3.230769230769231, positive=true, type=AUTOMATIC, visibility=ALWAYS, testCase=TestCaseDTO[testName=testUseMergeSortForBigList(), id=1466]], FeedbackDTO[id=982, text=null, detailText=null, hasLongFeedbackText=false, reference=null, credits=3.230769230769231, positive=true, type=AUTOMATIC, visibility=ALWAYS, testCase=TestCaseDTO[testName=testConstructors[Policy], id=1460]], FeedbackDTO[id=983, text=null, detailText=null, hasLongFeedbackText=false, reference=null, credits=3.230769230769231, positive=true, type=AUTOMATIC, visibility=ALWAYS, testCase=TestCaseDTO[testName=testAttributes[Context], id=1456]], FeedbackDTO[id=984, text=null, detailText=null, hasLongFeedbackText=false, reference=null, credits=3.230769230769231, positive=true, type=AUTOMATIC, visibility=ALWAYS, testCase=TestCaseDTO[testName=testAttributes[Policy], id=1457]]], assessmentType=AUTOMATIC, hasComplaint=null, exampleResult=null, testCaseCount=13, passedTestCaseCount=13, codeIssueCount=0]], BuildJobQueueItem[id=20281739576748768, name=SHORT0FC863930E92904248098A506171F81CF6CFTSTEXC-BASE, buildAgent=BuildAgentDTO[name=artemis-build-agent-test, memberAddress=[127.0.0.1]:5703, displayName=artemis-build-agent-test], participationId=2028, courseId=992, exerciseId=2609, retryCount=0, priority=2, status=SUCCESSFUL, repositoryInfo=RepositoryInfo[repositoryName=short0fc863930e92904248098a506171f81cf6cftstexc-exercise, repositoryType=exercise, triggeredByPushTo=auxiliary, assignmentRepositoryUri=http://localhost:49152/git/SHORT0FC863930E92904248098A506171F81CF6CFTSTEXC/short0fc863930e92904248098a506171f81cf6cftstexc-exercise.git, testRepositoryUri=http://localhost:49152/git/SHORT0FC863930E92904248098A506171F81CF6CFTSTEXC/short0fc863930e92904248098a506171f81cf6cftstexc-tests.git, solutionRepositoryUri=null, auxiliaryRepositoryUris=[Ljava.lang.String;@406e5fe7, auxiliaryRepositoryCheckoutDirectories=[Ljava.lang.String;@79582f2b], jobTimingInfo=JobTimingInfo[submissionDate=2025-02-14T23:45:48.768063548Z[Etc/UTC], buildStartDate=2025-02-14T23:45:48.802531989Z[Etc/UTC], buildCompletionDate=2025-02-14T23:45:50.482681367Z[Etc/UTC], estimatedCompletionDate=2025-02-14T23:45:50.802523092Z[Etc/UTC], estimatedDuration=2], buildConfig=BuildConfig[buildScript=#!/bin/bash
cd /var/tmp/testing-dir
chmod +x ./gradlew
./gradlew clean test
, dockerImage=dummy-docker-image:latest, commitHashToBuild=9b3a9bd71a0d80e5bbc42204c319ed3d1d4f0d6d, assignmentCommitHash=115a2e943bee242fdad360b50d8ad5f30792577e, testCommitHash=9b3a9bd71a0d80e5bbc42204c319ed3d1d4f0d6d, branch=main, programmingLanguage=JAVA, projectType=PLAIN_GRADLE, scaEnabled=false, sequentialTestRunsEnabled=false, resultPaths=[/var/tmp/testing-dir/**/test-results/test/*.xml], timeoutSeconds=0, assignmentCheckoutPath=null, testCheckoutPath=null, solutionCheckoutPath=null, dockerRunConfig=null], submissionResult=ResultDTO[id=637, completionDate=2025-02-14T23:45:50.449084694Z[Etc/UTC], successful=false, score=0.0, rated=true, submission=SubmissionDTO[id=831, submitted=true, type=TEST, exampleSubmission=null, submissionDate=2025-02-14T23:45:48.761177Z, commitHash=9b3a9bd71a0d80e5bbc42204c319ed3d1d4f0d6d, buildFailed=false, buildArtifact=false, participation=ParticipationDTO[id=2028, testRun=false, type=template, submissionCount=null, exercise=ParticipationExerciseDTO[id=2609, exerciseType=PROGRAMMING, type=programming, assessmentType=AUTOMATIC, dueDate=2025-02-16T23:45:46.386304Z, assessmentDueDate=null, maxPoints=42.0, course=CourseDTO[id=992, accuracyOfScores=1]]], submissionExerciseType=programming, isProcessing=false, buildStartDate=null, estimatedCompletionDate=null], participation=ParticipationDTO[id=2028, testRun=false, type=template, submissionCount=null, exercise=ParticipationExerciseDTO[id=2609, exerciseType=PROGRAMMING, type=programming, assessmentType=AUTOMATIC, dueDate=2025-02-16T23:45:46.386304Z, assessmentDueDate=null, maxPoints=42.0, course=CourseDTO[id=992, accuracyOfScores=1]]], feedbacks=[FeedbackDTO[id=985, text=null, detailText=The exercise expects a class with the name Context in the package testpackage. You did not implement the class in the exercise., hasLongFeedbackText=false, reference=null, credits=0.0, positive=false, type=AUTOMATIC, visibility=ALWAYS, testCase=TestCaseDTO[testName=testMethods[Context], id=1461]], FeedbackDTO[id=986, text=null, detailText=The exercise expects a class with the name Policy in the package testpackage. You did not implement the class in the exercise., hasLongFeedbackText=false, reference=null, credits=0.0, positive=false, type=AUTOMATIC, visibility=ALWAYS, testCase=TestCaseDTO[testName=testMethods[Policy], id=1462]], FeedbackDTO[id=987, text=null, detailText=The exercise expects a class with the name SortStrategy in the package testpackage. You did not implement the class in the exercise., hasLongFeedbackText=false, reference=null, credits=0.0, positive=false, type=AUTOMATIC, visibility=ALWAYS, testCase=TestCaseDTO[testName=testMethods[SortStrategy], id=1463]], FeedbackDTO[id=988, text=null, detailText=The class 'MergeSort' does not implement the interface 'SortStrategy' as expected. Implement the interface and its methods., hasLongFeedbackText=false, reference=null, credits=0.0, positive=false, type=AUTOMATIC, visibility=ALWAYS, testCase=TestCaseDTO[testName=testClass[MergeSort], id=1458]], FeedbackDTO[id=989, text=null, detailText=The exercise expects a class with the name SortStrategy in the package testpackage. You did not implement the class in the exercise., hasLongFeedbackText=false, reference=null, credits=0.0, positive=false, type=AUTOMATIC, visibility=ALWAYS, testCase=TestCaseDTO[testName=testClass[SortStrategy], id=1455]], FeedbackDTO[id=990, text=null, detailText=The class 'BubbleSort' does not implement the interface 'SortStrategy' as expected. Implement the interface and its methods., hasLongFeedbackText=false, reference=null, credits=0.0, positive=false, type=AUTOMATIC, visibility=ALWAYS, testCase=TestCaseDTO[testName=testClass[BubbleSort], id=1459]], FeedbackDTO[id=991, text=null, detailText=MergeSort does not sort correctly, hasLongFeedbackText=false, reference=null, credits=0.0, positive=false, type=AUTOMATIC, visibility=ALWAYS, testCase=TestCaseDTO[testName=testMergeSort(), id=1464]], FeedbackDTO[id=992, text=null, detailText=The class 'Context' was not found within the submission. Make sure to implement it properly., hasLongFeedbackText=false, reference=null, credits=0.0, positive=false, type=AUTOMATIC, visibility=ALWAYS, testCase=TestCaseDTO[testName=testUseBubbleSortForSmallList(), id=1465]], FeedbackDTO[id=993, text=null, detailText=BubbleSort does not sort correctly, hasLongFeedbackText=false, reference=null, credits=0.0, positive=false, type=AUTOMATIC, visibility=ALWAYS, testCase=TestCaseDTO[testName=testBubbleSort(), id=1467]], FeedbackDTO[id=994, text=null, detailText=The class 'Context' was not found within the submission. Make sure to implement it properly., hasLongFeedbackText=false, reference=null, credits=0.0, positive=false, type=AUTOMATIC, visibility=ALWAYS, testCase=TestCaseDTO[testName=testUseMergeSortForBigList(), id=1466]], FeedbackDTO[id=995, text=null, detailText=The exercise expects a class with the name Policy in the package testpackage. You did not implement the class in the exercise., hasLongFeedbackText=false, reference=null, credits=0.0, positive=false, type=AUTOMATIC, visibility=ALWAYS, testCase=TestCaseDTO[testName=testConstructors[Policy], id=1460]], FeedbackDTO[id=996, text=null, detailText=The exercise expects a class with the name Context in the package testpackage. You did not implement the class in the exercise., hasLongFeedbackText=false, reference=null, credits=0.0, positive=false, type=AUTOMATIC, visibility=ALWAYS, testCase=TestCaseDTO[testName=testAttributes[Context], id=1456]], FeedbackDTO[id=997, text=null, detailText=The exercise expects a class with the name Policy in the package testpackage. You did not implement the class in the exercise., hasLongFeedbackText=false, reference=null, credits=0.0, positive=false, type=AUTOMATIC, visibility=ALWAYS, testCase=TestCaseDTO[testName=testAttributes[Policy], id=1457]]], assessmentType=AUTOMATIC, hasComplaint=null, exampleResult=null, testCaseCount=13, passedTestCaseCount=0, codeIssueCount=0]], BuildJobQueueItem[id=20291739576751299, name=SHORT716C2EC10B19B049C80A2F00B97EAB20B2A9TSTEXC-SOLUTION, buildAgent=BuildAgentDTO[name=artemis-build-agent-test, memberAddress=[127.0.0.1]:5703, displayName=artemis-build-agent-test], participationId=2029, courseId=993, exerciseId=2610, retryCount=0, priority=2, status=SUCCESSFUL, repositoryInfo=RepositoryInfo[repositoryName=short716c2ec10b19b049c80a2f00b97eab20b2a9tstexc-solution, repositoryType=solution, triggeredByPushTo=tests, assignmentRepositoryUri=http://localhost:49152/git/SHORT716C2EC10B19B049C80A2F00B97EAB20B2A9TSTEXC/short716c2ec10b19b049c80a2f00b97eab20b2a9tstexc-solution.git, testRepositoryUri=http://localhost:49152/git/SHORT716C2EC10B19B049C80A2F00B97EAB20B2A9TSTEXC/short716c2ec10b19b049c80a2f00b97eab20b2a9tstexc-tests.git, solutionRepositoryUri=null, auxiliaryRepositoryUris=[Ljava.lang.String;@6f239330, auxiliaryRepositoryCheckoutDirectories=[Ljava.lang.String;@6e39a556], jobTimingInfo=JobTimingInfo[submissionDate=2025-02-14T23:45:51.299892174Z[Etc/UTC], buildStartDate=2025-02-14T23:45:51.314028505Z[Etc/UTC], buildCompletionDate=2025-02-14T23:45:52.158312850Z[Etc/UTC], estimatedCompletionDate=2025-02-14T23:46:10.314021752Z[Etc/UTC], estimatedDuration=19], buildConfig=BuildConfig[buildScript=#!/bin/bash
cd /var/tmp/testing-dir
chmod +x ./gradlew
./gradlew clean test
, dockerImage=dummy-docker-image:latest, commitHashToBuild=1e531733ed6e9237f710b528d1eb0b7beac565fd, assignmentCommitHash=815e279f12ad296b4f24c44134a07293c04c010f, testCommitHash=1e531733ed6e9237f710b528d1eb0b7beac565fd, branch=main, programmingLanguage=JAVA, projectType=PLAIN_GRADLE, scaEnabled=false, sequentialTestRunsEnabled=false, resultPaths=[/var/tmp/testing-dir/**/test-results/test/*.xml], timeoutSeconds=0, assignmentCheckoutPath=null, testCheckoutPath=null, solutionCheckoutPath=null, dockerRunConfig=null], submissionResult=ResultDTO[id=638, completionDate=2025-02-14T23:45:52.146826070Z[Etc/UTC], successful=true, score=100.0, rated=true, submission=SubmissionDTO[id=832, submitted=true, type=TEST, exampleSubmission=null, submissionDate=2025-02-14T23:45:51.275713Z, commitHash=1e531733ed6e9237f710b528d1eb0b7beac565fd, buildFailed=false, buildArtifact=false, participation=ParticipationDTO[id=2029, testRun=false, type=solution, submissionCount=null, exercise=ParticipationExerciseDTO[id=2610, exerciseType=PROGRAMMING, type=programming, assessmentType=AUTOMATIC, dueDate=2025-02-16T23:45:50.869093Z, assessmentDueDate=null, maxPoints=42.0, course=CourseDTO[id=993, accuracyOfScores=1]]], submissionExerciseType=programming, isProcessing=false, buildStartDate=null, estimatedCompletionDate=null], participation=ParticipationDTO[id=2029, testRun=false, type=solution, submissionCount=null, exercise=ParticipationExerciseDTO[id=2610, exerciseType=PROGRAMMING, type=programming, assessmentType=AUTOMATIC, dueDate=2025-02-16T23:45:50.869093Z, assessmentDueDate=null, maxPoints=42.0, course=CourseDTO[id=993, accuracyOfScores=1]]], feedbacks=[FeedbackDTO[id=998, text=null, detailText=null, hasLongFeedbackText=false, reference=null, credits=3.230769230769231, positive=true, type=AUTOMATIC, visibility=ALWAYS, testCase=TestCaseDTO[testName=testMethods[Context], id=1474]], FeedbackDTO[id=999, text=null, detailText=null, hasLongFeedbackText=false, reference=null, credits=3.230769230769231, positive=true, type=AUTOMATIC, visibility=ALWAYS, testCase=TestCaseDTO[testName=testMethods[Policy], id=1475]], FeedbackDTO[id=1000, text=null, detailText=null, hasLongFeedbackText=false, reference=null, credits=3.230769230769231, positive=true, type=AUTOMATIC, visibility=ALWAYS, testCase=TestCaseDTO[testName=testMethods[SortStrategy], id=1476]], FeedbackDTO[id=1001, text=null, detailText=null, hasLongFeedbackText=false, reference=null, credits=3.230769230769231, positive=true, type=AUTOMATIC, visibility=ALWAYS, testCase=TestCaseDTO[testName=testClass[MergeSort], id=1471]], FeedbackDTO[id=1002, text=null, detailText=null, hasLongFeedbackText=false, reference=null, credits=3.230769230769231, positive=true, type=AUTOMATIC, visibility=ALWAYS, testCase=TestCaseDTO[testName=testClass[SortStrategy], id=1468]], FeedbackDTO[id=1003, text=null, detailText=null, hasLongFeedbackText=false, reference=null, credits=3.230769230769231, positive=true, type=AUTOMATIC, visibility=ALWAYS, testCase=TestCaseDTO[testName=testClass[BubbleSort], id=1472]], FeedbackDTO[id=1004, text=null, detailText=null, hasLongFeedbackText=false, reference=null, credits=3.230769230769231, positive=true, type=AUTOMATIC, visibility=ALWAYS, testCase=TestCaseDTO[testName=testMergeSort(), id=1477]], FeedbackDTO[id=1005, text=null, detailText=null, hasLongFeedbackText=false, reference=null, credits=3.230769230769231, positive=true, type=AUTOMATIC, visibility=ALWAYS, testCase=TestCaseDTO[testName=testUseBubbleSortForSmallList(), id=1478]], FeedbackDTO[id=1006, text=null, detailText=null, hasLongFeedbackText=false, reference=null, credits=3.230769230769231, positive=true, type=AUTOMATIC, visibility=ALWAYS, testCase=TestCaseDTO[testName=testBubbleSort(), id=1480]], FeedbackDTO[id=1007, text=null, detailText=null, hasLongFeedbackText=false, reference=null, credits=3.230769230769231, positive=true, type=AUTOMATIC, visibility=ALWAYS, testCase=TestCaseDTO[testName=testUseMergeSortForBigList(), id=1479]], FeedbackDTO[id=1008, text=null, detailText=null, hasLongFeedbackText=false, reference=null, credits=3.230769230769231, positive=true, type=AUTOMATIC, visibility=ALWAYS, testCase=TestCaseDTO[testName=testConstructors[Policy], id=1473]], FeedbackDTO[id=1009, text=null, detailText=null, hasLongFeedbackText=false, reference=null, credits=3.230769230769231, positive=true, type=AUTOMATIC, visibility=ALWAYS, testCase=TestCaseDTO[testName=testAttributes[Context], id=1469]], FeedbackDTO[id=1010, text=null, detailText=null, hasLongFeedbackText=false, reference=null, credits=3.230769230769231, positive=true, type=AUTOMATIC, visibility=ALWAYS, testCase=TestCaseDTO[testName=testAttributes[Policy], id=1470]]], assessmentType=AUTOMATIC, hasComplaint=null, exampleResult=null, testCaseCount=13, passedTestCaseCount=13, codeIssueCount=0]], BuildJobQueueItem[id=20301739576752239, name=SHORT716C2EC10B19B049C80A2F00B97EAB20B2A9TSTEXC-BASE, buildAgent=BuildAgentDTO[name=artemis-build-agent-test, memberAddress=[127.0.0.1]:5703, displayName=artemis-build-agent-test], participationId=2030, courseId=993, exerciseId=2610, retryCount=0, priority=2, status=SUCCESSFUL, repositoryInfo=RepositoryInfo[repositoryName=short716c2ec10b19b049c80a2f00b97eab20b2a9tstexc-exercise, repositoryType=exercise, triggeredByPushTo=tests, assignmentRepositoryUri=http://localhost:49152/git/SHORT716C2EC10B19B049C80A2F00B97EAB20B2A9TSTEXC/short716c2ec10b19b049c80a2f00b97eab20b2a9tstexc-exercise.git, testRepositoryUri=http://localhost:49152/git/SHORT716C2EC10B19B049C80A2F00B97EAB20B2A9TSTEXC/short716c2ec10b19b049c80a2f00b97eab20b2a9tstexc-tests.git, solutionRepositoryUri=null, auxiliaryRepositoryUris=[Ljava.lang.String;@5c1a5e11, auxiliaryRepositoryCheckoutDirectories=[Ljava.lang.String;@640313ce], jobTimingInfo=JobTimingInfo[submissionDate=2025-02-14T23:45:52.239402475Z[Etc/UTC], buildStartDate=2025-02-14T23:45:52.258713639Z[Etc/UTC], buildCompletionDate=2025-02-14T23:45:53.238773956Z[Etc/UTC], estimatedCompletionDate=2025-02-14T23:45:53.258707428Z[Etc/UTC], estimatedDuration=1], buildConfig=BuildConfig[buildScript=#!/bin/bash
cd /var/tmp/testing-dir
chmod +x ./gradlew
./gradlew clean test
, dockerImage=dummy-docker-image:latest, commitHashToBuild=1e531733ed6e9237f710b528d1eb0b7beac565fd, assignmentCommitHash=815e279f12ad296b4f24c44134a07293c04c010f, testCommitHash=1e531733ed6e9237f710b528d1eb0b7beac565fd, branch=main, programmingLanguage=JAVA, projectType=PLAIN_GRADLE, scaEnabled=false, sequentialTestRunsEnabled=false, resultPaths=[/var/tmp/testing-dir/**/test-results/test/*.xml], timeoutSeconds=0, assignmentCheckoutPath=null, testCheckoutPath=null, solutionCheckoutPath=null, dockerRunConfig=null], submissionResult=ResultDTO[id=639, completionDate=2025-02-14T23:45:53.225806205Z[Etc/UTC], successful=false, score=0.0, rated=true, submission=SubmissionDTO[id=833, submitted=true, type=TEST, exampleSubmission=null, submissionDate=2025-02-14T23:45:52.237179Z, commitHash=1e531733ed6e9237f710b528d1eb0b7beac565fd, buildFailed=false, buildArtifact=false, participation=ParticipationDTO[id=2030, testRun=false, type=template, submissionCount=null, exercise=ParticipationExerciseDTO[id=2610, exerciseType=PROGRAMMING, type=programming, assessmentType=AUTOMATIC, dueDate=2025-02-16T23:45:50.869093Z, assessmentDueDate=null, maxPoints=42.0, course=CourseDTO[id=993, accuracyOfScores=1]]], submissionExerciseType=programming, isProcessing=false, buildStartDate=null, estimatedCompletionDate=null], participation=ParticipationDTO[id=2030, testRun=false, type=template, submissionCount=null, exercise=ParticipationExerciseDTO[id=2610, exerciseType=PROGRAMMING, type=programming, assessmentType=AUTOMATIC, dueDate=2025-02-16T23:45:50.869093Z, assessmentDueDate=null, maxPoints=42.0, course=CourseDTO[id=993, accuracyOfScores=1]]], feedbacks=[FeedbackDTO[id=1011, text=null, detailText=The exercise expects a class with the name Context in the package testpackage. You did not implement the class in the exercise., hasLongFeedbackText=false, reference=null, credits=0.0, positive=false, type=AUTOMATIC, visibility=ALWAYS, testCase=TestCaseDTO[testName=testMethods[Context], id=1474]], FeedbackDTO[id=1012, text=null, detailText=The exercise expects a class with the name Policy in the package testpackage. You did not implement the class in the exercise., hasLongFeedbackText=false, reference=null, credits=0.0, positive=false, type=AUTOMATIC, visibility=ALWAYS, testCase=TestCaseDTO[testName=testMethods[Policy], id=1475]], FeedbackDTO[id=1013, text=null, detailText=The exercise expects a class with the name SortStrategy in the package testpackage. You did not implement the class in the exercise., hasLongFeedbackText=false, reference=null, credits=0.0, positive=false, type=AUTOMATIC, visibility=ALWAYS, testCase=TestCaseDTO[testName=testMethods[SortStrategy], id=1476]], FeedbackDTO[id=1014, text=null, detailText=The class 'MergeSort' does not implement the interface 'SortStrategy' as expected. Implement the interface and its methods., hasLongFeedbackText=false, reference=null, credits=0.0, positive=false, type=AUTOMATIC, visibility=ALWAYS, testCase=TestCaseDTO[testName=testClass[MergeSort], id=1471]], FeedbackDTO[id=1015, text=null, detailText=The exercise expects a class with the name SortStrategy in the package testpackage. You did not implement the class in the exercise., hasLongFeedbackText=false, reference=null, credits=0.0, positive=false, type=AUTOMATIC, visibility=ALWAYS, testCase=TestCaseDTO[testName=testClass[SortStrategy], id=1468]], FeedbackDTO[id=1016, text=null, detailText=The class 'BubbleSort' does not implement the interface 'SortStrategy' as expected. Implement the interface and its methods., hasLongFeedbackText=false, reference=null, credits=0.0, positive=false, type=AUTOMATIC, visibility=ALWAYS, testCase=TestCaseDTO[testName=testClass[BubbleSort], id=1472]], FeedbackDTO[id=1017, text=null, detailText=MergeSort does not sort correctly, hasLongFeedbackText=false, reference=null, credits=0.0, positive=false, type=AUTOMATIC, visibility=ALWAYS, testCase=TestCaseDTO[testName=testMergeSort(), id=1477]], FeedbackDTO[id=1018, text=null, detailText=The class 'Context' was not found within the submission. Make sure to implement it properly., hasLongFeedbackText=false, reference=null, credits=0.0, positive=false, type=AUTOMATIC, visibility=ALWAYS, testCase=TestCaseDTO[testName=testUseBubbleSortForSmallList(), id=1478]], FeedbackDTO[id=1019, text=null, detailText=BubbleSort does not sort correctly, hasLongFeedbackText=false, reference=null, credits=0.0, positive=false, type=AUTOMATIC, visibility=ALWAYS, testCase=TestCaseDTO[testName=testBubbleSort(), id=1480]], FeedbackDTO[id=1020, text=null, detailText=The class 'Context' was not found within the submission. Make sure to implement it properly., hasLongFeedbackText=false, reference=null, credits=0.0, positive=false, type=AUTOMATIC, visibility=ALWAYS, testCase=TestCaseDTO[testName=testUseMergeSortForBigList(), id=1479]], FeedbackDTO[id=1021, text=null, detailText=The exercise expects a class with the name Policy in the package testpackage. You did not implement the class in the exercise., hasLongFeedbackText=false, reference=null, credits=0.0, positive=false, type=AUTOMATIC, visibility=ALWAYS, testCase=TestCaseDTO[testName=testConstructors[Policy], id=1473]], FeedbackDTO[id=1022, text=null, detailText=The exercise expects a class with the name Context in the package testpackage. You did not implement the class in the exercise., hasLongFeedbackText=false, reference=null, credits=0.0, positive=false, type=AUTOMATIC, visibility=ALWAYS, testCase=TestCaseDTO[testName=testAttributes[Context], id=1469]], FeedbackDTO[id=1023, text=null, detailText=The exercise expects a class with the name Policy in the package testpackage. You did not implement the class in the exercise., hasLongFeedbackText=false, reference=null, credits=0.0, positive=false, type=AUTOMATIC, visibility=ALWAYS, testCase=TestCaseDTO[testName=testAttributes[Policy], id=1470]]], assessmentType=AUTOMATIC, hasComplaint=null, exampleResult=null, testCaseCount=13, passedTestCaseCount=0, codeIssueCount=0]], BuildJobQueueItem[id=20391739576754750, name=SHORT3A680734092E404EF80A4C60FBC1E408F7D0TSTEXC-LOCALVCCIINTSTUDENT1, buildAgent=BuildAgentDTO[name=artemis-build-agent-test, memberAddress=[127.0.0.1]:5703, displayName=artemis-build-agent-test], participationId=2039, courseId=996, exerciseId=2613, retryCount=0, priority=2, status=SUCCESSFUL, repositoryInfo=RepositoryInfo[repositoryName=short3a680734092e404ef80a4c60fbc1e408f7d0tstexc-localvcciintstudent1, repositoryType=user, triggeredByPushTo=user, assignmentRepositoryUri=http://localhost:49152/git/SHORT3A680734092E404EF80A4C60FBC1E408F7D0TSTEXC/short3a680734092e404ef80a4c60fbc1e408f7d0tstexc-localvcciintstudent1.git, testRepositoryUri=http://localhost:49152/git/SHORT3A680734092E404EF80A4C60FBC1E408F7D0TSTEXC/short3a680734092e404ef80a4c60fbc1e408f7d0tstexc-tests.git, solutionRepositoryUri=null, auxiliaryRepositoryUris=[Ljava.lang.String;@174aa66d, auxiliaryRepositoryCheckoutDirectories=[Ljava.lang.String;@34faa2c7], jobTimingInfo=JobTimingInfo[submissionDate=2025-02-14T23:45:54.750657185Z[Etc/UTC], buildStartDate=2025-02-14T23:45:54.765232948Z[Etc/UTC], buildCompletionDate=2025-02-14T23:45:55.645844970Z[Etc/UTC], estimatedCompletionDate=2025-02-14T23:46:13.765225363Z[Etc/UTC], estimatedDuration=19], buildConfig=BuildConfig[buildScript=#!/bin/bash
cd /var/tmp/testing-dir
chmod +x ./gradlew
./gradlew clean test
, dockerImage=dummy-docker-image:latest, commitHashToBuild=9344436f8d5a5ce3aa40215562db211ed501371f, assignmentCommitHash=9344436f8d5a5ce3aa40215562db211ed501371f, testCommitHash=ff421c3651ec230fed2f20f72c2901ae372be06a, branch=main, programmingLanguage=JAVA, projectType=PLAIN_GRADLE, scaEnabled=false, sequentialTestRunsEnabled=false, resultPaths=[/var/tmp/testing-dir/**/test-results/test/*.xml], timeoutSeconds=0, assignmentCheckoutPath=null, testCheckoutPath=null, solutionCheckoutPath=null, dockerRunConfig=null], submissionResult=ResultDTO[id=640, completionDate=2025-02-14T23:45:55.628250079Z[Etc/UTC], successful=false, score=7.7, rated=true, submission=SubmissionDTO[id=834, submitted=true, type=MANUAL, exampleSubmission=null, submissionDate=2025-02-14T23:45:54.732007Z, commitHash=9344436f8d5a5ce3aa40215562db211ed501371f, buildFailed=false, buildArtifact=false, participation=ParticipationDTO[id=2039, testRun=false, type=programming, submissionCount=null, exercise=ParticipationExerciseDTO[id=2613, exerciseType=PROGRAMMING, type=programming, assessmentType=AUTOMATIC, dueDate=2025-02-16T23:45:54.546562Z, assessmentDueDate=null, maxPoints=42.0, course=CourseDTO[id=996, accuracyOfScores=1]]], submissionExerciseType=programming, isProcessing=false, buildStartDate=null, estimatedCompletionDate=null], participation=ParticipationDTO[id=2039, testRun=false, type=programming, submissionCount=null, exercise=ParticipationExerciseDTO[id=2613, exerciseType=PROGRAMMING, type=programming, assessmentType=AUTOMATIC, dueDate=2025-02-16T23:45:54.546562Z, assessmentDueDate=null, maxPoints=42.0, course=CourseDTO[id=996, accuracyOfScores=1]]], feedbacks=[FeedbackDTO[id=1024, text=null, detailText=The exercise expects a class with the name Context in the package testpackage. You did not implement the class in the exercise., hasLongFeedbackText=false, reference=null, credits=0.0, positive=false, type=AUTOMATIC, visibility=ALWAYS, testCase=TestCaseDTO[testName=null, id=1513]], FeedbackDTO[id=1025, text=null, detailText=The exercise expects a class with the name Policy in the package testpackage. You did not implement the class in the exercise., hasLongFeedbackText=false, reference=null, credits=0.0, positive=false, type=AUTOMATIC, visibility=ALWAYS, testCase=TestCaseDTO[testName=null, id=1514]], FeedbackDTO[id=1026, text=null, detailText=The exercise expects a class with the name SortStrategy in the package testpackage. You did not implement the class in the exercise., hasLongFeedbackText=false, reference=null, credits=0.0, positive=false, type=AUTOMATIC, visibility=ALWAYS, testCase=TestCaseDTO[testName=null, id=1515]], FeedbackDTO[id=1027, text=null, detailText=The class 'MergeSort' does not implement the interface 'SortStrategy' as expected. Implement the interface and its methods., hasLongFeedbackText=false, reference=null, credits=0.0, positive=false, type=AUTOMATIC, visibility=ALWAYS, testCase=TestCaseDTO[testName=null, id=1510]], FeedbackDTO[id=1028, text=null, detailText=The exercise expects a class with the name SortStrategy in the package testpackage. You did not implement the class in the exercise., hasLongFeedbackText=false, reference=null, credits=0.0, positive=false, type=AUTOMATIC, visibility=ALWAYS, testCase=TestCaseDTO[testName=null, id=1507]], FeedbackDTO[id=1029, text=null, detailText=The class 'BubbleSort' does not implement the interface 'SortStrategy' as expected. Implement the interface and its methods., hasLongFeedbackText=false, reference=null, credits=0.0, positive=false, type=AUTOMATIC, visibility=ALWAYS, testCase=TestCaseDTO[testName=null, id=1511]], FeedbackDTO[id=1030, text=null, detailText=MergeSort does not sort correctly, hasLongFeedbackText=false, reference=null, credits=0.0, positive=false, type=AUTOMATIC, visibility=ALWAYS, testCase=TestCaseDTO[testName=null, id=1516]], FeedbackDTO[id=1031, text=null, detailText=The class 'Context' was not found within the submission. Make sure to implement it properly., hasLongFeedbackText=false, reference=null, credits=0.0, positive=false, type=AUTOMATIC, visibility=ALWAYS, testCase=TestCaseDTO[testName=null, id=1517]], FeedbackDTO[id=1032, text=null, detailText=The class 'Context' was not found within the submission. Make sure to implement it properly., hasLongFeedbackText=false, reference=null, credits=0.0, positive=false, type=AUTOMATIC, visibility=ALWAYS, testCase=TestCaseDTO[testName=null, id=1518]], FeedbackDTO[id=1033, text=null, detailText=The exercise expects a class with the name Policy in the package testpackage. You did not implement the class in the exercise., hasLongFeedbackText=false, reference=null, credits=0.0, positive=false, type=AUTOMATIC, visibility=ALWAYS, testCase=TestCaseDTO[testName=null, id=1512]], FeedbackDTO[id=1034, text=null, detailText=The exercise expects a class with the name Context in the package testpackage. You did not implement the class in the exercise., hasLongFeedbackText=false, reference=null, credits=0.0, positive=false, type=AUTOMATIC, visibility=ALWAYS, testCase=TestCaseDTO[testName=null, id=1508]], FeedbackDTO[id=1035, text=null, detailText=The exercise expects a class with the name Policy in the package testpackage. You did not implement the class in the exercise., hasLongFeedbackText=false, reference=null, credits=0.0, positive=false, type=AUTOMATIC, visibility=ALWAYS, testCase=TestCaseDTO[testName=null, id=1509]], FeedbackDTO[id=1036, text=null, detailText=null, hasLongFeedbackText=false, reference=null, credits=3.230769230769231, positive=true, type=AUTOMATIC, visibility=ALWAYS, testCase=TestCaseDTO[testName=null, id=1519]]], assessmentType=AUTOMATIC, hasComplaint=null, exampleResult=null, testCaseCount=13, passedTestCaseCount=1, codeIssueCount=0]], BuildJobQueueItem[id=20431739576757232, name=SHORT3945BC5E092B90459B0A7F006DF5F64347FDTSTEXC-SOLUTION, buildAgent=BuildAgentDTO[name=artemis-build-agent-test, memberAddress=[127.0.0.1]:5703, displayName=artemis-build-agent-test], participationId=2043, courseId=998, exerciseId=2615, retryCount=0, priority=2, status=SUCCESSFUL, repositoryInfo=RepositoryInfo[repositoryName=short3945bc5e092b90459b0a7f006df5f64347fdtstexc-solution, repositoryType=solution, triggeredByPushTo=solution, assignmentRepositoryUri=http://localhost:49152/git/SHORT3945BC5E092B90459B0A7F006DF5F64347FDTSTEXC/short3945bc5e092b90459b0a7f006df5f64347fdtstexc-solution.git, testRepositoryUri=http://localhost:49152/git/SHORT3945BC5E092B90459B0A7F006DF5F64347FDTSTEXC/short3945bc5e092b90459b0a7f006df5f64347fdtstexc-tests.git, solutionRepositoryUri=null, auxiliaryRepositoryUris=[Ljava.lang.String;@3a1e889f, auxiliaryRepositoryCheckoutDirectories=[Ljava.lang.String;@467f6171], jobTimingInfo=JobTimingInfo[submissionDate=2025-02-14T23:45:57.232907777Z[Etc/UTC], buildStartDate=2025-02-14T23:45:57.240437339Z[Etc/UTC], buildCompletionDate=2025-02-14T23:45:58.062328619Z[Etc/UTC], estimatedCompletionDate=2025-02-14T23:46:16.240428743Z[Etc/UTC], estimatedDuration=19], buildConfig=BuildConfig[buildScript=#!/bin/bash
cd /var/tmp/testing-dir
chmod +x ./gradlew
./gradlew clean test
, dockerImage=dummy-docker-image:latest, commitHashToBuild=c315388a235502fd958ae3c7ffbbbbf126a8fe21, assignmentCommitHash=c315388a235502fd958ae3c7ffbbbbf126a8fe21, testCommitHash=28488095271179f4eface46480ec45511f50df5d, branch=main, programmingLanguage=JAVA, projectType=PLAIN_GRADLE, scaEnabled=false, sequentialTestRunsEnabled=false, resultPaths=[/var/tmp/testing-dir/**/test-results/test/*.xml], timeoutSeconds=0, assignmentCheckoutPath=null, testCheckoutPath=null, solutionCheckoutPath=null, dockerRunConfig=null], submissionResult=ResultDTO[id=641, completionDate=2025-02-14T23:45:58.032353400Z[Etc/UTC], successful=true, score=100.0, rated=true, submission=SubmissionDTO[id=835, submitted=true, type=MANUAL, exampleSubmission=null, submissionDate=2025-02-14T23:45:57.222714Z, commitHash=c315388a235502fd958ae3c7ffbbbbf126a8fe21, buildFailed=false, buildArtifact=false, participation=ParticipationDTO[id=2043, testRun=false, type=solution, submissionCount=null, exercise=ParticipationExerciseDTO[id=2615, exerciseType=PROGRAMMING, type=programming, assessmentType=AUTOMATIC, dueDate=2025-02-16T23:45:56.808788Z, assessmentDueDate=null, maxPoints=42.0, course=CourseDTO[id=998, accuracyOfScores=1]]], submissionExerciseType=programming, isProcessing=false, buildStartDate=null, estimatedCompletionDate=null], participation=ParticipationDTO[id=2043, testRun=false, type=solution, submissionCount=null, exercise=ParticipationExerciseDTO[id=2615, exerciseType=PROGRAMMING, type=programming, assessmentType=AUTOMATIC, dueDate=2025-02-16T23:45:56.808788Z, assessmentDueDate=null, maxPoints=42.0, course=CourseDTO[id=998, accuracyOfScores=1]]], feedbacks=[FeedbackDTO[id=1037, text=null, detailText=null, hasLongFeedbackText=false, reference=null, credits=3.230769230769231, positive=true, type=AUTOMATIC, visibility=ALWAYS, testCase=TestCaseDTO[testName=testMethods[Context], id=1539]], FeedbackDTO[id=1038, text=null, detailText=null, hasLongFeedbackText=false, reference=null, credits=3.230769230769231, positive=true, type=AUTOMATIC, visibility=ALWAYS, testCase=TestCaseDTO[testName=testMethods[Policy], id=1540]], FeedbackDTO[id=1039, text=null, detailText=null, hasLongFeedbackText=false, reference=null, credits=3.230769230769231, positive=true, type=AUTOMATIC, visibility=ALWAYS, testCase=TestCaseDTO[testName=testMethods[SortStrategy], id=1541]], FeedbackDTO[id=1040, text=null, detailText=null, hasLongFeedbackText=false, reference=null, credits=3.230769230769231, positive=true, type=AUTOMATIC, visibility=ALWAYS, testCase=TestCaseDTO[testName=testClass[MergeSort], id=1536]], FeedbackDTO[id=1041, text=null, detailText=null, hasLongFeedbackText=false, reference=null, credits=3.230769230769231, positive=true, type=AUTOMATIC, visibility=ALWAYS, testCase=TestCaseDTO[testName=testClass[SortStrategy], id=1533]], FeedbackDTO[id=1042, text=null, detailText=null, hasLongFeedbackText=false, reference=null, credits=3.230769230769231, positive=true, type=AUTOMATIC, visibility=ALWAYS, testCase=TestCaseDTO[testName=testClass[BubbleSort], id=1537]], FeedbackDTO[id=1043, text=null, detailText=null, hasLongFeedbackText=false, reference=null, credits=3.230769230769231, positive=true, type=AUTOMATIC, visibility=ALWAYS, testCase=TestCaseDTO[testName=testMergeSort(), id=1542]], FeedbackDTO[id=1044, text=null, detailText=null, hasLongFeedbackText=false, reference=null, credits=3.230769230769231, positive=true, type=AUTOMATIC, visibility=ALWAYS, testCase=TestCaseDTO[testName=testUseBubbleSortForSmallList(), id=1543]], FeedbackDTO[id=1045, text=null, detailText=null, hasLongFeedbackText=false, reference=null, credits=3.230769230769231, positive=true, type=AUTOMATIC, visibility=ALWAYS, testCase=TestCaseDTO[testName=testBubbleSort(), id=1545]], FeedbackDTO[id=1046, text=null, detailText=null, hasLongFeedbackText=false, reference=null, credits=3.230769230769231, positive=true, type=AUTOMATIC, visibility=ALWAYS, testCase=TestCaseDTO[testName=testUseMergeSortForBigList(), id=1544]], FeedbackDTO[id=1047, text=null, detailText=null, hasLongFeedbackText=false, reference=null, credits=3.230769230769231, positive=true, type=AUTOMATIC, visibility=ALWAYS, testCase=TestCaseDTO[testName=testConstructors[Policy], id=1538]], FeedbackDTO[id=1048, text=null, detailText=null, hasLongFeedbackText=false, reference=null, credits=3.230769230769231, positive=true, type=AUTOMATIC, visibility=ALWAYS, testCase=TestCaseDTO[testName=testAttributes[Context], id=1534]], FeedbackDTO[id=1049, text=null, detailText=null, hasLongFeedbackText=false, reference=null, credits=3.230769230769231, positive=true, type=AUTOMATIC, visibility=ALWAYS, testCase=TestCaseDTO[testName=testAttributes[Policy], id=1535]]], assessmentType=AUTOMATIC, hasComplaint=null, exampleResult=null, testCaseCount=13, passedTestCaseCount=13, codeIssueCount=0]], BuildJobQueueItem[id=20471739576759335, name=SHORT07624A260BD060493708A050BB6FAE261DD5TSTEXC-LOCALVCCIINTSTUDENT1, buildAgent=BuildAgentDTO[name=artemis-build-agent-test, memberAddress=[127.0.0.1]:5703, displayName=artemis-build-agent-test], participationId=2047, courseId=999, exerciseId=2616, retryCount=0, priority=2, status=SUCCESSFUL, repositoryInfo=RepositoryInfo[repositoryName=short07624a260bd060493708a050bb6fae261dd5tstexc-localvcciintstudent1, repositoryType=user, triggeredByPushTo=user, assignmentRepositoryUri=http://localhost:49152/git/SHORT07624A260BD060493708A050BB6FAE261DD5TSTEXC/short07624a260bd060493708a050bb6fae261dd5tstexc-localvcciintstudent1.git, testRepositoryUri=http://localhost:49152/git/SHORT07624A260BD060493708A050BB6FAE261DD5TSTEXC/short07624a260bd060493708a050bb6fae261dd5tstexc-tests.git, solutionRepositoryUri=null, auxiliaryRepositoryUris=[Ljava.lang.String;@444de1d, auxiliaryRepositoryCheckoutDirectories=[Ljava.lang.String;@65c9a8c8], jobTimingInfo=JobTimingInfo[submissionDate=2025-02-14T23:45:59.335772293Z[Etc/UTC], buildStartDate=2025-02-14T23:45:59.344175895Z[Etc/UTC], buildCompletionDate=2025-02-14T23:46:00.603413500Z[Etc/UTC], estimatedCompletionDate=2025-02-14T23:46:18.344169813Z[Etc/UTC], estimatedDuration=19], buildConfig=BuildConfig[buildScript=#!/bin/bash
cd /var/tmp/testing-dir
chmod +x ./gradlew
./gradlew clean test
, dockerImage=dummy-docker-image:latest, commitHashToBuild=18a07c7296dd70e3280c5bdcec7fccd0be6b8148, assignmentCommitHash=18a07c7296dd70e3280c5bdcec7fccd0be6b8148, testCommitHash=d654a233667bae063bb900e455fd2da456e10333, branch=main, programmingLanguage=JAVA, projectType=PLAIN_GRADLE, scaEnabled=false, sequentialTestRunsEnabled=false, resultPaths=[/var/tmp/testing-dir/**/test-results/test/*.xml], timeoutSeconds=0, assignmentCheckoutPath=null, testCheckoutPath=null, solutionCheckoutPath=null, dockerRunConfig=null], submissionResult=ResultDTO[id=642, completionDate=2025-02-14T23:46:00.583368808Z[Etc/UTC], successful=false, score=7.7, rated=true, submission=SubmissionDTO[id=836, submitted=true, type=MANUAL, exampleSubmission=null, submissionDate=2025-02-14T23:45:59.324416Z, commitHash=18a07c7296dd70e3280c5bdcec7fccd0be6b8148, buildFailed=false, buildArtifact=false, participation=ParticipationDTO[id=2047, testRun=false, type=programming, submissionCount=null, exercise=ParticipationExerciseDTO[id=2616, exerciseType=PROGRAMMING, type=programming, assessmentType=AUTOMATIC, dueDate=2025-02-16T23:45:58.958237Z, assessmentDueDate=null, maxPoints=42.0, course=CourseDTO[id=999, accuracyOfScores=1]]], submissionExerciseType=programming, isProcessing=false, buildStartDate=null, estimatedCompletionDate=null], participation=ParticipationDTO[id=2047, testRun=false, type=programming, submissionCount=null, exercise=ParticipationExerciseDTO[id=2616, exerciseType=PROGRAMMING, type=programming, assessmentType=AUTOMATIC, dueDate=2025-02-16T23:45:58.958237Z, assessmentDueDate=null, maxPoints=42.0, course=CourseDTO[id=999, accuracyOfScores=1]]], feedbacks=[FeedbackDTO[id=1050, text=null, detailText=The exercise expects a class with the name Context in the package testpackage. You did not implement the class in the exercise., hasLongFeedbackText=false, reference=null, credits=0.0, positive=false, type=AUTOMATIC, visibility=ALWAYS, testCase=TestCaseDTO[testName=null, id=1552]], FeedbackDTO[id=1051, text=null, detailText=The exercise expects a class with the name Policy in the package testpackage. You did not implement the class in the exercise., hasLongFeedbackText=false, reference=null, credits=0.0, positive=false, type=AUTOMATIC, visibility=ALWAYS, testCase=TestCaseDTO[testName=null, id=1553]], FeedbackDTO[id=1052, text=null, detailText=The exercise expects a class with the name SortStrategy in the package testpackage. You did not implement the class in the exercise., hasLongFeedbackText=false, reference=null, credits=0.0, positive=false, type=AUTOMATIC, visibility=ALWAYS, testCase=TestCaseDTO[testName=null, id=1554]], FeedbackDTO[id=1053, text=null, detailText=The class 'MergeSort' does not implement the interface 'SortStrategy' as expected. Implement the interface and its methods., hasLongFeedbackText=false, reference=null, credits=0.0, positive=false, type=AUTOMATIC, visibility=ALWAYS, testCase=TestCaseDTO[testName=null, id=1549]], FeedbackDTO[id=1054, text=null, detailText=The exercise expects a class with the name SortStrategy in the package testpackage. You did not implement the class in the exercise., hasLongFeedbackText=false, reference=null, credits=0.0, positive=false, type=AUTOMATIC, visibility=ALWAYS, testCase=TestCaseDTO[testName=null, id=1546]], FeedbackDTO[id=1055, text=null, detailText=The class 'BubbleSort' does not implement the interface 'SortStrategy' as expected. Implement the interface and its methods., hasLongFeedbackText=false, reference=null, credits=0.0, positive=false, type=AUTOMATIC, visibility=ALWAYS, testCase=TestCaseDTO[testName=null, id=1550]], FeedbackDTO[id=1056, text=null, detailText=MergeSort does not sort correctly, hasLongFeedbackText=false, reference=null, credits=0.0, positive=false, type=AUTOMATIC, visibility=ALWAYS, testCase=TestCaseDTO[testName=null, id=1555]], FeedbackDTO[id=1057, text=null, detailText=The class 'Context' was not found within the submission. Make sure to implement it properly., hasLongFeedbackText=false, reference=null, credits=0.0, positive=false, type=AUTOMATIC, visibility=ALWAYS, testCase=TestCaseDTO[testName=null, id=1556]], FeedbackDTO[id=1058, text=null, detailText=The class 'Context' was not found within the submission. Make sure to implement it properly., hasLongFeedbackText=false, reference=null, credits=0.0, positive=false, type=AUTOMATIC, visibility=ALWAYS, testCase=TestCaseDTO[testName=null, id=1557]], FeedbackDTO[id=1059, text=null, detailText=The exercise expects a class with the name Policy in the package testpackage. You did not implement the class in the exercise., hasLongFeedbackText=false, reference=null, credits=0.0, positive=false, type=AUTOMATIC, visibility=ALWAYS, testCase=TestCaseDTO[testName=null, id=1551]], FeedbackDTO[id=1060, text=null, detailText=The exercise expects a class with the name Context in the package testpackage. You did not implement the class in the exercise., hasLongFeedbackText=false, reference=null, credits=0.0, positive=false, type=AUTOMATIC, visibility=ALWAYS, testCase=TestCaseDTO[testName=null, id=1547]], FeedbackDTO[id=1061, text=null, detailText=The exercise expects a class with the name Policy in the package testpackage. You did not implement the class in the exercise., hasLongFeedbackText=false, reference=null, credits=0.0, positive=false, type=AUTOMATIC, visibility=ALWAYS, testCase=TestCaseDTO[testName=null, id=1548]], FeedbackDTO[id=1062, text=null, detailText=null, hasLongFeedbackText=false, reference=null, credits=3.230769230769231, positive=true, type=AUTOMATIC, visibility=ALWAYS, testCase=TestCaseDTO[testName=null, id=1558]]], assessmentType=AUTOMATIC, hasComplaint=null, exampleResult=null, testCaseCount=13, passedTestCaseCount=1, codeIssueCount=0]]], publicSshKey=ssh-rsa AAAAB3NzaC1yc2EAAAADAQABAAACAQCOPdMsxRE2jFJ/UEa5/LsBxtwzJcrh3/rYBCQvcMeVpiRfhzQPWu7mrt/G2Ew+i+vRloGH9aqKg6dd1liRncao53Zmd/ePxoatXePNhmzTfkCkcSkTUz7B+QMjkoDDV5jwuFPD6mF3JkhuzSi64n9Zy905t4w2IhVcjM2mL3eYNjiCXt6Qpq3Pkt7dM/Ksw1nxnvuiIALuJLB3FTkXkHqq3PJav+9HSq2r6ZaWgekneaGxlQlb+U+Vy3XOuArKAzK8c8i+0bR+AHiTG6ncYXt7ax3U+TdlDTF7OLP3umwaYjs1NBXOHwG42pevvpKn2fqavZZozk+M05jXLx3bq0O7itxfErWc7etky8qYPyyIMF/txQIVLd78+Ze4d7Y60t5MGbXM5cGE6fFif5fEJwgswXD+BrG0cafz1CTatjSKFdvp8Vp4VszXhHDan1PrP6JEFJ5Cc5GDmLRZPCFa3vL9f5qXgf4bkqKN8MYeEujwJE5nMRWoiJVNakix2bcrrneQMBlnYeYZVWXXXUusAQBzl4NgddC1umZpihZkL1b1MffZAUW3EGEXi7KHnllQhkTLLsQ8ntMgbylqaJKStqaXlLvdeRJcEnUuiFCrHEVVbXRFZR7XVDZ02CE5o3MuaRPty8Kh+jRTF3COlAckHwYEJCNNJvXFgb2CNXL4mjzYDw== test@localhost]
    23:46:00.749 | 566 localvc.event-13 | DEBUG | a.p.s.l.SharedQueueManagementService : Build agent updated: null
    23:46:00.756 | 588 artemis-task-1   | DEBUG | d.t.c.a.a.c.c.w.GzipMessageConverter : Compressed message payload from 126232 to 11732 (saved 90.7% payload size)
    23:46:00.756 | 566 localvc.event-13 | DEBUG | a.p.s.l.LocalCIQueueWebsocketService : Build agent updated: BuildAgentInformation[buildAgent=BuildAgentDTO[name=artemis-build-agent-test, memberAddress=[127.0.0.1]:5703, displayName=artemis-build-agent-test], maxNumberOfConcurrentBuildJobs=1, numberOfCurrentBuildJobs=0, runningBuildJobs=[], status=IDLE, recentBuildJobs=[BuildJobQueueItem[id=19361739576711303, name=SHORT9AFDAE3804CA304DDF0889A0CB0F56104A86TSTEXC-LOCALVCINTSTUDENT1, buildAgent=BuildAgentDTO[name=artemis-build-agent-test, memberAddress=[127.0.0.1]:5703, displayName=artemis-build-agent-test], participationId=1936, courseId=956, exerciseId=2573, retryCount=0, priority=2, status=FAILED, repositoryInfo=RepositoryInfo[repositoryName=short9afdae3804ca304ddf0889a0cb0f56104a86tstexc-localvcintstudent1, repositoryType=user, triggeredByPushTo=user, assignmentRepositoryUri=http://localhost:49152/git/SHORT9AFDAE3804CA304DDF0889A0CB0F56104A86TSTEXC/short9afdae3804ca304ddf0889a0cb0f56104a86tstexc-localvcintstudent1.git, testRepositoryUri=http://localhost:49152/git/SHORT9AFDAE3804CA304DDF0889A0CB0F56104A86TSTEXC/short9afdae3804ca304ddf0889a0cb0f56104a86tstexc-tests.git, solutionRepositoryUri=null, auxiliaryRepositoryUris=[Ljava.lang.String;@1614167d, auxiliaryRepositoryCheckoutDirectories=[Ljava.lang.String;@34828694], jobTimingInfo=JobTimingInfo[submissionDate=2025-02-14T23:45:11.303805653Z[Etc/UTC], buildStartDate=2025-02-14T23:45:11.310981356Z[Etc/UTC], buildCompletionDate=2025-02-14T23:45:11.319178384Z[Etc/UTC], estimatedCompletionDate=2025-02-14T23:45:30.310974944Z[Etc/UTC], estimatedDuration=19], buildConfig=BuildConfig[buildScript=#!/bin/bash
cd /var/tmp/testing-dir
chmod +x ./gradlew
./gradlew clean test
, dockerImage=dummy-docker-image:latest, commitHashToBuild=a1099e378cffde441ef85f9b12577ca174b8e1e4, assignmentCommitHash=a1099e378cffde441ef85f9b12577ca174b8e1e4, testCommitHash=bd38d61c299ab11a1dea82a3ca5493fe04d97d47, branch=main, programmingLanguage=JAVA, projectType=PLAIN_GRADLE, scaEnabled=false, sequentialTestRunsEnabled=false, resultPaths=[/var/tmp/testing-dir/**/test-results/test/*.xml], timeoutSeconds=0, assignmentCheckoutPath=null, testCheckoutPath=null, solutionCheckoutPath=null, dockerRunConfig=null], submissionResult=ResultDTO[id=623, completionDate=2025-02-14T23:45:11.319278430Z[Etc/UTC], successful=false, score=0.0, rated=true, submission=SubmissionDTO[id=815, submitted=true, type=MANUAL, exampleSubmission=null, submissionDate=2025-02-14T23:45:11.294386Z, commitHash=a1099e378cffde441ef85f9b12577ca174b8e1e4, buildFailed=true, buildArtifact=false, participation=ParticipationDTO[id=1936, testRun=false, type=programming, submissionCount=null, exercise=ParticipationExerciseDTO[id=2573, exerciseType=PROGRAMMING, type=programming, assessmentType=AUTOMATIC, dueDate=2025-02-16T23:45:10.996982Z, assessmentDueDate=null, maxPoints=42.0, course=CourseDTO[id=956, accuracyOfScores=1]]], submissionExerciseType=programming, isProcessing=false, buildStartDate=null, estimatedCompletionDate=null], participation=ParticipationDTO[id=1936, testRun=false, type=programming, submissionCount=null, exercise=ParticipationExerciseDTO[id=2573, exerciseType=PROGRAMMING, type=programming, assessmentType=AUTOMATIC, dueDate=2025-02-16T23:45:10.996982Z, assessmentDueDate=null, maxPoints=42.0, course=CourseDTO[id=956, accuracyOfScores=1]]], feedbacks=[], assessmentType=AUTOMATIC, hasComplaint=null, exampleResult=null, testCaseCount=0, passedTestCaseCount=0, codeIssueCount=0]], BuildJobQueueItem[id=19351739576711674, name=SHORT9AFDAE3804CA304DDF0889A0CB0F56104A86TSTEXC-BASE, buildAgent=BuildAgentDTO[name=artemis-build-agent-test, memberAddress=[127.0.0.1]:5703, displayName=artemis-build-agent-test], participationId=1935, courseId=956, exerciseId=2573, retryCount=0, priority=2, status=FAILED, repositoryInfo=RepositoryInfo[repositoryName=short9afdae3804ca304ddf0889a0cb0f56104a86tstexc-exercise, repositoryType=exercise, triggeredByPushTo=exercise, assignmentRepositoryUri=http://localhost:49152/git/SHORT9AFDAE3804CA304DDF0889A0CB0F56104A86TSTEXC/short9afdae3804ca304ddf0889a0cb0f56104a86tstexc-exercise.git, testRepositoryUri=http://localhost:49152/git/SHORT9AFDAE3804CA304DDF0889A0CB0F56104A86TSTEXC/short9afdae3804ca304ddf0889a0cb0f56104a86tstexc-tests.git, solutionRepositoryUri=null, auxiliaryRepositoryUris=[Ljava.lang.String;@1c25f724, auxiliaryRepositoryCheckoutDirectories=[Ljava.lang.String;@5b4b3340], jobTimingInfo=JobTimingInfo[submissionDate=2025-02-14T23:45:11.674556681Z[Etc/UTC], buildStartDate=2025-02-14T23:45:11.677776879Z[Etc/UTC], buildCompletionDate=2025-02-14T23:45:11.688097378Z[Etc/UTC], estimatedCompletionDate=2025-02-14T23:45:30.677771620Z[Etc/UTC], estimatedDuration=19], buildConfig=BuildConfig[buildScript=#!/bin/bash
cd /var/tmp/testing-dir
chmod +x ./gradlew
./gradlew clean test
, dockerImage=dummy-docker-image:latest, commitHashToBuild=a1099e378cffde441ef85f9b12577ca174b8e1e4, assignmentCommitHash=a1099e378cffde441ef85f9b12577ca174b8e1e4, testCommitHash=bd38d61c299ab11a1dea82a3ca5493fe04d97d47, branch=main, programmingLanguage=JAVA, projectType=PLAIN_GRADLE, scaEnabled=false, sequentialTestRunsEnabled=false, resultPaths=[/var/tmp/testing-dir/**/test-results/test/*.xml], timeoutSeconds=0, assignmentCheckoutPath=null, testCheckoutPath=null, solutionCheckoutPath=null, dockerRunConfig=null], submissionResult=ResultDTO[id=624, completionDate=2025-02-14T23:45:11.688214837Z[Etc/UTC], successful=false, score=0.0, rated=true, submission=SubmissionDTO[id=816, submitted=true, type=MANUAL, exampleSubmission=null, submissionDate=2025-02-14T23:45:11.656934Z, commitHash=a1099e378cffde441ef85f9b12577ca174b8e1e4, buildFailed=true, buildArtifact=false, participation=ParticipationDTO[id=1935, testRun=false, type=template, submissionCount=null, exercise=ParticipationExerciseDTO[id=2573, exerciseType=PROGRAMMING, type=programming, assessmentType=AUTOMATIC, dueDate=2025-02-16T23:45:10.996982Z, assessmentDueDate=null, maxPoints=42.0, course=CourseDTO[id=956, accuracyOfScores=1]]], submissionExerciseType=programming, isProcessing=false, buildStartDate=null, estimatedCompletionDate=null], participation=ParticipationDTO[id=1935, testRun=false, type=template, submissionCount=null, exercise=ParticipationExerciseDTO[id=2573, exerciseType=PROGRAMMING, type=programming, assessmentType=AUTOMATIC, dueDate=2025-02-16T23:45:10.996982Z, assessmentDueDate=null, maxPoints=42.0, course=CourseDTO[id=956, accuracyOfScores=1]]], feedbacks=[], assessmentType=AUTOMATIC, hasComplaint=null, exampleResult=null, testCaseCount=0, passedTestCaseCount=0, codeIssueCount=0]], BuildJobQueueItem[id=19341739576712112, name=SHORT9AFDAE3804CA304DDF0889A0CB0F56104A86TSTEXC-SOLUTION, buildAgent=BuildAgentDTO[name=artemis-build-agent-test, memberAddress=[127.0.0.1]:5703, displayName=artemis-build-agent-test], participationId=1934, courseId=956, exerciseId=2573, retryCount=0, priority=2, status=FAILED, repositoryInfo=RepositoryInfo[repositoryName=short9afdae3804ca304ddf0889a0cb0f56104a86tstexc-solution, repositoryType=solution, triggeredByPushTo=solution, assignmentRepositoryUri=http://localhost:49152/git/SHORT9AFDAE3804CA304DDF0889A0CB0F56104A86TSTEXC/short9afdae3804ca304ddf0889a0cb0f56104a86tstexc-solution.git, testRepositoryUri=http://localhost:49152/git/SHORT9AFDAE3804CA304DDF0889A0CB0F56104A86TSTEXC/short9afdae3804ca304ddf0889a0cb0f56104a86tstexc-tests.git, solutionRepositoryUri=null, auxiliaryRepositoryUris=[Ljava.lang.String;@6dda61aa, auxiliaryRepositoryCheckoutDirectories=[Ljava.lang.String;@4dccfca3], jobTimingInfo=JobTimingInfo[submissionDate=2025-02-14T23:45:12.112332872Z[Etc/UTC], buildStartDate=2025-02-14T23:45:12.121617114Z[Etc/UTC], buildCompletionDate=2025-02-14T23:45:12.127931701Z[Etc/UTC], estimatedCompletionDate=2025-02-14T23:45:31.121609600Z[Etc/UTC], estimatedDuration=19], buildConfig=BuildConfig[buildScript=#!/bin/bash
cd /var/tmp/testing-dir
chmod +x ./gradlew
./gradlew clean test
, dockerImage=dummy-docker-image:latest, commitHashToBuild=a1099e378cffde441ef85f9b12577ca174b8e1e4, assignmentCommitHash=a1099e378cffde441ef85f9b12577ca174b8e1e4, testCommitHash=bd38d61c299ab11a1dea82a3ca5493fe04d97d47, branch=main, programmingLanguage=JAVA, projectType=PLAIN_GRADLE, scaEnabled=false, sequentialTestRunsEnabled=false, resultPaths=[/var/tmp/testing-dir/**/test-results/test/*.xml], timeoutSeconds=0, assignmentCheckoutPath=null, testCheckoutPath=null, solutionCheckoutPath=null, dockerRunConfig=null], submissionResult=ResultDTO[id=625, completionDate=2025-02-14T23:45:12.128011800Z[Etc/UTC], successful=false, score=0.0, rated=true, submission=SubmissionDTO[id=817, submitted=true, type=MANUAL, exampleSubmission=null, submissionDate=2025-02-14T23:45:12.098737Z, commitHash=a1099e378cffde441ef85f9b12577ca174b8e1e4, buildFailed=true, buildArtifact=false, participation=ParticipationDTO[id=1934, testRun=false, type=solution, submissionCount=null, exercise=ParticipationExerciseDTO[id=2573, exerciseType=PROGRAMMING, type=programming, assessmentType=AUTOMATIC, dueDate=2025-02-16T23:45:10.996982Z, assessmentDueDate=null, maxPoints=42.0, course=CourseDTO[id=956, accuracyOfScores=1]]], submissionExerciseType=programming, isProcessing=false, buildStartDate=null, estimatedCompletionDate=null], participation=ParticipationDTO[id=1934, testRun=false, type=solution, submissionCount=null, exercise=ParticipationExerciseDTO[id=2573, exerciseType=PROGRAMMING, type=programming, assessmentType=AUTOMATIC, dueDate=2025-02-16T23:45:10.996982Z, assessmentDueDate=null, maxPoints=42.0, course=CourseDTO[id=956, accuracyOfScores=1]]], feedbacks=[], assessmentType=AUTOMATIC, hasComplaint=null, exampleResult=null, testCaseCount=0, passedTestCaseCount=0, codeIssueCount=0]], BuildJobQueueItem[id=19341739576713025, name=SHORT9AFDAE3804CA304DDF0889A0CB0F56104A86TSTEXC-SOLUTION, buildAgent=BuildAgentDTO[name=artemis-build-agent-test, memberAddress=[127.0.0.1]:5703, displayName=artemis-build-agent-test], participationId=1934, courseId=956, exerciseId=2573, retryCount=0, priority=2, status=FAILED, repositoryInfo=RepositoryInfo[repositoryName=short9afdae3804ca304ddf0889a0cb0f56104a86tstexc-solution, repositoryType=solution, triggeredByPushTo=tests, assignmentRepositoryUri=http://localhost:49152/git/SHORT9AFDAE3804CA304DDF0889A0CB0F56104A86TSTEXC/short9afdae3804ca304ddf0889a0cb0f56104a86tstexc-solution.git, testRepositoryUri=http://localhost:49152/git/SHORT9AFDAE3804CA304DDF0889A0CB0F56104A86TSTEXC/short9afdae3804ca304ddf0889a0cb0f56104a86tstexc-tests.git, solutionRepositoryUri=null, auxiliaryRepositoryUris=[Ljava.lang.String;@7ee3aee9, auxiliaryRepositoryCheckoutDirectories=[Ljava.lang.String;@7c304346], jobTimingInfo=JobTimingInfo[submissionDate=2025-02-14T23:45:13.025319671Z[Etc/UTC], buildStartDate=2025-02-14T23:45:13.040293146Z[Etc/UTC], buildCompletionDate=2025-02-14T23:45:13.053032917Z[Etc/UTC], estimatedCompletionDate=2025-02-14T23:45:32.040285703Z[Etc/UTC], estimatedDuration=19], buildConfig=BuildConfig[buildScript=#!/bin/bash
cd /var/tmp/testing-dir
chmod +x ./gradlew
./gradlew clean test
, dockerImage=dummy-docker-image:latest, commitHashToBuild=784f8f0049d2a1a54f21c67dd772bea86715267a, assignmentCommitHash=a1099e378cffde441ef85f9b12577ca174b8e1e4, testCommitHash=784f8f0049d2a1a54f21c67dd772bea86715267a, branch=main, programmingLanguage=JAVA, projectType=PLAIN_GRADLE, scaEnabled=false, sequentialTestRunsEnabled=false, resultPaths=[/var/tmp/testing-dir/**/test-results/test/*.xml], timeoutSeconds=0, assignmentCheckoutPath=null, testCheckoutPath=null, solutionCheckoutPath=null, dockerRunConfig=null], submissionResult=ResultDTO[id=626, completionDate=2025-02-14T23:45:13.053131811Z[Etc/UTC], successful=false, score=0.0, rated=true, submission=SubmissionDTO[id=818, submitted=true, type=TEST, exampleSubmission=null, submissionDate=2025-02-14T23:45:13.005779Z, commitHash=784f8f0049d2a1a54f21c67dd772bea86715267a, buildFailed=true, buildArtifact=false, participation=ParticipationDTO[id=1934, testRun=false, type=solution, submissionCount=null, exercise=ParticipationExerciseDTO[id=2573, exerciseType=PROGRAMMING, type=programming, assessmentType=AUTOMATIC, dueDate=2025-02-16T23:45:10.996982Z, assessmentDueDate=null, maxPoints=42.0, course=CourseDTO[id=956, accuracyOfScores=1]]], submissionExerciseType=programming, isProcessing=false, buildStartDate=null, estimatedCompletionDate=null], participation=ParticipationDTO[id=1934, testRun=false, type=solution, submissionCount=null, exercise=ParticipationExerciseDTO[id=2573, exerciseType=PROGRAMMING, type=programming, assessmentType=AUTOMATIC, dueDate=2025-02-16T23:45:10.996982Z, assessmentDueDate=null, maxPoints=42.0, course=CourseDTO[id=956, accuracyOfScores=1]]], feedbacks=[], assessmentType=AUTOMATIC, hasComplaint=null, exampleResult=null, testCaseCount=0, passedTestCaseCount=0, codeIssueCount=0]], BuildJobQueueItem[id=19581739576715555, name=SHORTC1A3F9FC03D2304B4308FA20AF16D54AAA49TSTEXC-LOCALVCSSHINTSTUDENT1, buildAgent=BuildAgentDTO[name=artemis-build-agent-test, memberAddress=[127.0.0.1]:5703, displayName=artemis-build-agent-test], participationId=1958, courseId=965, exerciseId=2582, retryCount=0, priority=2, status=FAILED, repositoryInfo=RepositoryInfo[repositoryName=shortc1a3f9fc03d2304b4308fa20af16d54aaa49tstexc-localvcsshintstudent1, repositoryType=user, triggeredByPushTo=user, assignmentRepositoryUri=http://localhost:49152/git/SHORTC1A3F9FC03D2304B4308FA20AF16D54AAA49TSTEXC/shortc1a3f9fc03d2304b4308fa20af16d54aaa49tstexc-localvcsshintstudent1.git, testRepositoryUri=http://localhost:49152/git/SHORTC1A3F9FC03D2304B4308FA20AF16D54AAA49TSTEXC/shortc1a3f9fc03d2304b4308fa20af16d54aaa49tstexc-tests.git, solutionRepositoryUri=null, auxiliaryRepositoryUris=[Ljava.lang.String;@4259aa5b, auxiliaryRepositoryCheckoutDirectories=[Ljava.lang.String;@68da7f57], jobTimingInfo=JobTimingInfo[submissionDate=2025-02-14T23:45:15.555989584Z[Etc/UTC], buildStartDate=2025-02-14T23:45:15.568477627Z[Etc/UTC], buildCompletionDate=2025-02-14T23:45:15.579021148Z[Etc/UTC], estimatedCompletionDate=2025-02-14T23:45:34.568443924Z[Etc/UTC], estimatedDuration=19], buildConfig=BuildConfig[buildScript=#!/bin/bash
cd /var/tmp/testing-dir
chmod +x ./gradlew
./gradlew clean test
, dockerImage=dummy-docker-image:latest, commitHashToBuild=ca76dac20e040e6609db02fd7fedd56bf58829d7, assignmentCommitHash=ca76dac20e040e6609db02fd7fedd56bf58829d7, testCommitHash=bd0d58c226dc63bfa4bc9052870589952c0a1f83, branch=main, programmingLanguage=JAVA, projectType=PLAIN_GRADLE, scaEnabled=false, sequentialTestRunsEnabled=false, resultPaths=[/var/tmp/testing-dir/**/test-results/test/*.xml], timeoutSeconds=0, assignmentCheckoutPath=null, testCheckoutPath=null, solutionCheckoutPath=null, dockerRunConfig=null], submissionResult=ResultDTO[id=627, completionDate=2025-02-14T23:45:15.579119131Z[Etc/UTC], successful=false, score=0.0, rated=true, submission=SubmissionDTO[id=820, submitted=true, type=MANUAL, exampleSubmission=null, submissionDate=2025-02-14T23:45:15.548349Z, commitHash=ca76dac20e040e6609db02fd7fedd56bf58829d7, buildFailed=true, buildArtifact=false, participation=ParticipationDTO[id=1958, testRun=false, type=programming, submissionCount=null, exercise=ParticipationExerciseDTO[id=2582, exerciseType=PROGRAMMING, type=programming, assessmentType=AUTOMATIC, dueDate=2025-02-16T23:45:15.103512Z, assessmentDueDate=null, maxPoints=42.0, course=CourseDTO[id=965, accuracyOfScores=1]]], submissionExerciseType=programming, isProcessing=false, buildStartDate=null, estimatedCompletionDate=null], participation=ParticipationDTO[id=1958, testRun=false, type=programming, submissionCount=null, exercise=ParticipationExerciseDTO[id=2582, exerciseType=PROGRAMMING, type=programming, assessmentType=AUTOMATIC, dueDate=2025-02-16T23:45:15.103512Z, assessmentDueDate=null, maxPoints=42.0, course=CourseDTO[id=965, accuracyOfScores=1]]], feedbacks=[], assessmentType=AUTOMATIC, hasComplaint=null, exampleResult=null, testCaseCount=0, passedTestCaseCount=0, codeIssueCount=0]], BuildJobQueueItem[id=19801739576719393, name=SHORTB2A6C58B0D447045380A858075B170A5B7C6TSTEXC-LOCALVCSSHINTSTUDENT1, buildAgent=BuildAgentDTO[name=artemis-build-agent-test, memberAddress=[127.0.0.1]:5703, displayName=artemis-build-agent-test], participationId=1980, courseId=974, exerciseId=2591, retryCount=0, priority=2, status=FAILED, repositoryInfo=RepositoryInfo[repositoryName=shortb2a6c58b0d447045380a858075b170a5b7c6tstexc-localvcsshintstudent1, repositoryType=user, triggeredByPushTo=user, assignmentRepositoryUri=http://localhost:49152/git/SHORTB2A6C58B0D447045380A858075B170A5B7C6TSTEXC/shortb2a6c58b0d447045380a858075b170a5b7c6tstexc-localvcsshintstudent1.git, testRepositoryUri=http://localhost:49152/git/SHORTB2A6C58B0D447045380A858075B170A5B7C6TSTEXC/shortb2a6c58b0d447045380a858075b170a5b7c6tstexc-tests.git, solutionRepositoryUri=null, auxiliaryRepositoryUris=[Ljava.lang.String;@b2d0043, auxiliaryRepositoryCheckoutDirectories=[Ljava.lang.String;@75f95813], jobTimingInfo=JobTimingInfo[submissionDate=2025-02-14T23:45:19.393259829Z[Etc/UTC], buildStartDate=2025-02-14T23:45:19.405438171Z[Etc/UTC], buildCompletionDate=2025-02-14T23:45:19.414070673Z[Etc/UTC], estimatedCompletionDate=2025-02-14T23:45:38.405431569Z[Etc/UTC], estimatedDuration=19], buildConfig=BuildConfig[buildScript=#!/bin/bash
cd /var/tmp/testing-dir
chmod +x ./gradlew
./gradlew clean test
, dockerImage=dummy-docker-image:latest, commitHashToBuild=363cdbf709a9fff149f813ab848ee800a675cc77, assignmentCommitHash=363cdbf709a9fff149f813ab848ee800a675cc77, testCommitHash=a5e046ece417b2e538f21f816e2524dab61e0d10, branch=main, programmingLanguage=JAVA, projectType=PLAIN_GRADLE, scaEnabled=false, sequentialTestRunsEnabled=false, resultPaths=[/var/tmp/testing-dir/**/test-results/test/*.xml], timeoutSeconds=0, assignmentCheckoutPath=null, testCheckoutPath=null, solutionCheckoutPath=null, dockerRunConfig=null], submissionResult=ResultDTO[id=628, completionDate=2025-02-14T23:45:19.414171040Z[Etc/UTC], successful=false, score=0.0, rated=true, submission=SubmissionDTO[id=821, submitted=true, type=MANUAL, exampleSubmission=null, submissionDate=2025-02-14T23:45:19.376840Z, commitHash=363cdbf709a9fff149f813ab848ee800a675cc77, buildFailed=true, buildArtifact=false, participation=ParticipationDTO[id=1980, testRun=false, type=programming, submissionCount=null, exercise=ParticipationExerciseDTO[id=2591, exerciseType=PROGRAMMING, type=programming, assessmentType=AUTOMATIC, dueDate=2025-02-16T23:45:18.950569Z, assessmentDueDate=null, maxPoints=42.0, course=CourseDTO[id=974, accuracyOfScores=1]]], submissionExerciseType=programming, isProcessing=false, buildStartDate=null, estimatedCompletionDate=null], participation=ParticipationDTO[id=1980, testRun=false, type=programming, submissionCount=null, exercise=ParticipationExerciseDTO[id=2591, exerciseType=PROGRAMMING, type=programming, assessmentType=AUTOMATIC, dueDate=2025-02-16T23:45:18.950569Z, assessmentDueDate=null, maxPoints=42.0, course=CourseDTO[id=974, accuracyOfScores=1]]], feedbacks=[], assessmentType=AUTOMATIC, hasComplaint=null, exampleResult=null, testCaseCount=0, passedTestCaseCount=0, codeIssueCount=0]], BuildJobQueueItem[id=19791739576719787, name=SHORTB2A6C58B0D447045380A858075B170A5B7C6TSTEXC-BASE, buildAgent=BuildAgentDTO[name=artemis-build-agent-test, memberAddress=[127.0.0.1]:5703, displayName=artemis-build-agent-test], participationId=1979, courseId=974, exerciseId=2591, retryCount=0, priority=2, status=FAILED, repositoryInfo=RepositoryInfo[repositoryName=shortb2a6c58b0d447045380a858075b170a5b7c6tstexc-exercise, repositoryType=exercise, triggeredByPushTo=exercise, assignmentRepositoryUri=http://localhost:49152/git/SHORTB2A6C58B0D447045380A858075B170A5B7C6TSTEXC/shortb2a6c58b0d447045380a858075b170a5b7c6tstexc-exercise.git, testRepositoryUri=http://localhost:49152/git/SHORTB2A6C58B0D447045380A858075B170A5B7C6TSTEXC/shortb2a6c58b0d447045380a858075b170a5b7c6tstexc-tests.git, solutionRepositoryUri=null, auxiliaryRepositoryUris=[Ljava.lang.String;@7afd3f85, auxiliaryRepositoryCheckoutDirectories=[Ljava.lang.String;@4166c74a], jobTimingInfo=JobTimingInfo[submissionDate=2025-02-14T23:45:19.787985058Z[Etc/UTC], buildStartDate=2025-02-14T23:45:19.796327417Z[Etc/UTC], buildCompletionDate=2025-02-14T23:45:19.799750982Z[Etc/UTC], estimatedCompletionDate=2025-02-14T23:45:38.796319082Z[Etc/UTC], estimatedDuration=19], buildConfig=BuildConfig[buildScript=#!/bin/bash
cd /var/tmp/testing-dir
chmod +x ./gradlew
./gradlew clean test
, dockerImage=dummy-docker-image:latest, commitHashToBuild=363cdbf709a9fff149f813ab848ee800a675cc77, assignmentCommitHash=363cdbf709a9fff149f813ab848ee800a675cc77, testCommitHash=a5e046ece417b2e538f21f816e2524dab61e0d10, branch=main, programmingLanguage=JAVA, projectType=PLAIN_GRADLE, scaEnabled=false, sequentialTestRunsEnabled=false, resultPaths=[/var/tmp/testing-dir/**/test-results/test/*.xml], timeoutSeconds=0, assignmentCheckoutPath=null, testCheckoutPath=null, solutionCheckoutPath=null, dockerRunConfig=null], submissionResult=ResultDTO[id=629, completionDate=2025-02-14T23:45:19.799820341Z[Etc/UTC], successful=false, score=0.0, rated=true, submission=SubmissionDTO[id=822, submitted=true, type=MANUAL, exampleSubmission=null, submissionDate=2025-02-14T23:45:19.775952Z, commitHash=363cdbf709a9fff149f813ab848ee800a675cc77, buildFailed=true, buildArtifact=false, participation=ParticipationDTO[id=1979, testRun=false, type=template, submissionCount=null, exercise=ParticipationExerciseDTO[id=2591, exerciseType=PROGRAMMING, type=programming, assessmentType=AUTOMATIC, dueDate=2025-02-16T23:45:18.950569Z, assessmentDueDate=null, maxPoints=42.0, course=CourseDTO[id=974, accuracyOfScores=1]]], submissionExerciseType=programming, isProcessing=false, buildStartDate=null, estimatedCompletionDate=null], participation=ParticipationDTO[id=1979, testRun=false, type=template, submissionCount=null, exercise=ParticipationExerciseDTO[id=2591, exerciseType=PROGRAMMING, type=programming, assessmentType=AUTOMATIC, dueDate=2025-02-16T23:45:18.950569Z, assessmentDueDate=null, maxPoints=42.0, course=CourseDTO[id=974, accuracyOfScores=1]]], feedbacks=[], assessmentType=AUTOMATIC, hasComplaint=null, exampleResult=null, testCaseCount=0, passedTestCaseCount=0, codeIssueCount=0]], BuildJobQueueItem[id=19781739576720235, name=SHORTB2A6C58B0D447045380A858075B170A5B7C6TSTEXC-SOLUTION, buildAgent=BuildAgentDTO[name=artemis-build-agent-test, memberAddress=[127.0.0.1]:5703, displayName=artemis-build-agent-test], participationId=1978, courseId=974, exerciseId=2591, retryCount=0, priority=2, status=FAILED, repositoryInfo=RepositoryInfo[repositoryName=shortb2a6c58b0d447045380a858075b170a5b7c6tstexc-solution, repositoryType=solution, triggeredByPushTo=solution, assignmentRepositoryUri=http://localhost:49152/git/SHORTB2A6C58B0D447045380A858075B170A5B7C6TSTEXC/shortb2a6c58b0d447045380a858075b170a5b7c6tstexc-solution.git, testRepositoryUri=http://localhost:49152/git/SHORTB2A6C58B0D447045380A858075B170A5B7C6TSTEXC/shortb2a6c58b0d447045380a858075b170a5b7c6tstexc-tests.git, solutionRepositoryUri=null, auxiliaryRepositoryUris=[Ljava.lang.String;@222af83d, auxiliaryRepositoryCheckoutDirectories=[Ljava.lang.String;@1d2c05ab], jobTimingInfo=JobTimingInfo[submissionDate=2025-02-14T23:45:20.235272325Z[Etc/UTC], buildStartDate=2025-02-14T23:45:20.243033812Z[Etc/UTC], buildCompletionDate=2025-02-14T23:45:20.250721018Z[Etc/UTC], estimatedCompletionDate=2025-02-14T23:45:39.243026949Z[Etc/UTC], estimatedDuration=19], buildConfig=BuildConfig[buildScript=#!/bin/bash
cd /var/tmp/testing-dir
chmod +x ./gradlew
./gradlew clean test
, dockerImage=dummy-docker-image:latest, commitHashToBuild=c710d0e68c9c7db8cda7d1a278308de2b9642cc0, assignmentCommitHash=c710d0e68c9c7db8cda7d1a278308de2b9642cc0, testCommitHash=a5e046ece417b2e538f21f816e2524dab61e0d10, branch=main, programmingLanguage=JAVA, projectType=PLAIN_GRADLE, scaEnabled=false, sequentialTestRunsEnabled=false, resultPaths=[/var/tmp/testing-dir/**/test-results/test/*.xml], timeoutSeconds=0, assignmentCheckoutPath=null, testCheckoutPath=null, solutionCheckoutPath=null, dockerRunConfig=null], submissionResult=ResultDTO[id=630, completionDate=2025-02-14T23:45:20.250809893Z[Etc/UTC], successful=false, score=0.0, rated=true, submission=SubmissionDTO[id=823, submitted=true, type=MANUAL, exampleSubmission=null, submissionDate=2025-02-14T23:45:20.211707Z, commitHash=c710d0e68c9c7db8cda7d1a278308de2b9642cc0, buildFailed=true, buildArtifact=false, participation=ParticipationDTO[id=1978, testRun=false, type=solution, submissionCount=null, exercise=ParticipationExerciseDTO[id=2591, exerciseType=PROGRAMMING, type=programming, assessmentType=AUTOMATIC, dueDate=2025-02-16T23:45:18.950569Z, assessmentDueDate=null, maxPoints=42.0, course=CourseDTO[id=974, accuracyOfScores=1]]], submissionExerciseType=programming, isProcessing=false, buildStartDate=null, estimatedCompletionDate=null], participation=ParticipationDTO[id=1978, testRun=false, type=solution, submissionCount=null, exercise=ParticipationExerciseDTO[id=2591, exerciseType=PROGRAMMING, type=programming, assessmentType=AUTOMATIC, dueDate=2025-02-16T23:45:18.950569Z, assessmentDueDate=null, maxPoints=42.0, course=CourseDTO[id=974, accuracyOfScores=1]]], feedbacks=[], assessmentType=AUTOMATIC, hasComplaint=null, exampleResult=null, testCaseCount=0, passedTestCaseCount=0, codeIssueCount=0]], BuildJobQueueItem[id=19781739576720802, name=SHORTB2A6C58B0D447045380A858075B170A5B7C6TSTEXC-SOLUTION, buildAgent=BuildAgentDTO[name=artemis-build-agent-test, memberAddress=[127.0.0.1]:5703, displayName=artemis-build-agent-test], participationId=1978, courseId=974, exerciseId=2591, retryCount=0, priority=2, status=FAILED, repositoryInfo=RepositoryInfo[repositoryName=shortb2a6c58b0d447045380a858075b170a5b7c6tstexc-solution, repositoryType=solution, triggeredByPushTo=tests, assignmentRepositoryUri=http://localhost:49152/git/SHORTB2A6C58B0D447045380A858075B170A5B7C6TSTEXC/shortb2a6c58b0d447045380a858075b170a5b7c6tstexc-solution.git, testRepositoryUri=http://localhost:49152/git/SHORTB2A6C58B0D447045380A858075B170A5B7C6TSTEXC/shortb2a6c58b0d447045380a858075b170a5b7c6tstexc-tests.git, solutionRepositoryUri=null, auxiliaryRepositoryUris=[Ljava.lang.String;@e3e109c, auxiliaryRepositoryCheckoutDirectories=[Ljava.lang.String;@7915da86], jobTimingInfo=JobTimingInfo[submissionDate=2025-02-14T23:45:20.802935026Z[Etc/UTC], buildStartDate=2025-02-14T23:45:20.809306435Z[Etc/UTC], buildCompletionDate=2025-02-14T23:45:20.822452342Z[Etc/UTC], estimatedCompletionDate=2025-02-14T23:45:39.809298491Z[Etc/UTC], estimatedDuration=19], buildConfig=BuildConfig[buildScript=#!/bin/bash
cd /var/tmp/testing-dir
chmod +x ./gradlew
./gradlew clean test
, dockerImage=dummy-docker-image:latest, commitHashToBuild=c710d0e68c9c7db8cda7d1a278308de2b9642cc0, assignmentCommitHash=c710d0e68c9c7db8cda7d1a278308de2b9642cc0, testCommitHash=c710d0e68c9c7db8cda7d1a278308de2b9642cc0, branch=main, programmingLanguage=JAVA, projectType=PLAIN_GRADLE, scaEnabled=false, sequentialTestRunsEnabled=false, resultPaths=[/var/tmp/testing-dir/**/test-results/test/*.xml], timeoutSeconds=0, assignmentCheckoutPath=null, testCheckoutPath=null, solutionCheckoutPath=null, dockerRunConfig=null], submissionResult=ResultDTO[id=631, completionDate=2025-02-14T23:45:20.822527362Z[Etc/UTC], successful=false, score=0.0, rated=true, submission=SubmissionDTO[id=824, submitted=true, type=TEST, exampleSubmission=null, submissionDate=2025-02-14T23:45:20.791240Z, commitHash=c710d0e68c9c7db8cda7d1a278308de2b9642cc0, buildFailed=true, buildArtifact=false, participation=ParticipationDTO[id=1978, testRun=false, type=solution, submissionCount=null, exercise=ParticipationExerciseDTO[id=2591, exerciseType=PROGRAMMING, type=programming, assessmentType=AUTOMATIC, dueDate=2025-02-16T23:45:18.950569Z, assessmentDueDate=null, maxPoints=42.0, course=CourseDTO[id=974, accuracyOfScores=1]]], submissionExerciseType=programming, isProcessing=false, buildStartDate=null, estimatedCompletionDate=null], participation=ParticipationDTO[id=1978, testRun=false, type=solution, submissionCount=null, exercise=ParticipationExerciseDTO[id=2591, exerciseType=PROGRAMMING, type=programming, assessmentType=AUTOMATIC, dueDate=2025-02-16T23:45:18.950569Z, assessmentDueDate=null, maxPoints=42.0, course=CourseDTO[id=974, accuracyOfScores=1]]], feedbacks=[], assessmentType=AUTOMATIC, hasComplaint=null, exampleResult=null, testCaseCount=0, passedTestCaseCount=0, codeIssueCount=0]], BuildJobQueueItem[id=20061739576732554, name=SHORT94A899E303D7504C5D0840704DAAFA3DFF4DTSTEXC-LOCALVCCIINTINSTRUCTOR1, buildAgent=BuildAgentDTO[name=artemis-build-agent-test, memberAddress=[127.0.0.1]:5703, displayName=artemis-build-agent-test], participationId=2006, courseId=984, exerciseId=2601, retryCount=0, priority=2, status=SUCCESSFUL, repositoryInfo=RepositoryInfo[repositoryName=short94a899e303d7504c5d0840704daafa3dff4dtstexc-localvcciintinstructor1, repositoryType=user, triggeredByPushTo=user, assignmentRepositoryUri=http://localhost:49152/git/SHORT94A899E303D7504C5D0840704DAAFA3DFF4DTSTEXC/short94a899e303d7504c5d0840704daafa3dff4dtstexc-localvcciintinstructor1.git, testRepositoryUri=http://localhost:49152/git/SHORT94A899E303D7504C5D0840704DAAFA3DFF4DTSTEXC/short94a899e303d7504c5d0840704daafa3dff4dtstexc-tests.git, solutionRepositoryUri=null, auxiliaryRepositoryUris=[Ljava.lang.String;@c8b2e89, auxiliaryRepositoryCheckoutDirectories=[Ljava.lang.String;@71f773ee], jobTimingInfo=JobTimingInfo[submissionDate=2025-02-14T23:45:32.554795798Z[Etc/UTC], buildStartDate=2025-02-14T23:45:32.567287465Z[Etc/UTC], buildCompletionDate=2025-02-14T23:45:34.535226768Z[Etc/UTC], estimatedCompletionDate=2025-02-14T23:45:51.567257960Z[Etc/UTC], estimatedDuration=19], buildConfig=BuildConfig[buildScript=#!/bin/bash
cd /var/tmp/testing-dir
chmod +x ./gradlew
./gradlew clean test
, dockerImage=dummy-docker-image:latest, commitHashToBuild=ca2dbc0ae87edf7035058a6a17c0ea60e90a290f, assignmentCommitHash=ca2dbc0ae87edf7035058a6a17c0ea60e90a290f, testCommitHash=0207f6f98af5fbb66ad68455f3fc3cf128af8ae9, branch=main, programmingLanguage=JAVA, projectType=PLAIN_GRADLE, scaEnabled=false, sequentialTestRunsEnabled=false, resultPaths=[/var/tmp/testing-dir/**/test-results/test/*.xml], timeoutSeconds=0, assignmentCheckoutPath=null, testCheckoutPath=null, solutionCheckoutPath=null, dockerRunConfig=null], submissionResult=ResultDTO[id=632, completionDate=2025-02-14T23:45:34.504415716Z[Etc/UTC], successful=false, score=7.7, rated=false, submission=SubmissionDTO[id=826, submitted=true, type=MANUAL, exampleSubmission=null, submissionDate=2025-02-14T23:45:32.541533Z, commitHash=ca2dbc0ae87edf7035058a6a17c0ea60e90a290f, buildFailed=false, buildArtifact=false, participation=ParticipationDTO[id=2006, testRun=true, type=programming, submissionCount=null, exercise=ParticipationExerciseDTO[id=2601, exerciseType=PROGRAMMING, type=programming, assessmentType=AUTOMATIC, dueDate=2025-02-16T23:45:31.864042Z, assessmentDueDate=null, maxPoints=42.0, course=CourseDTO[id=984, accuracyOfScores=1]]], submissionExerciseType=programming, isProcessing=false, buildStartDate=null, estimatedCompletionDate=null], participation=ParticipationDTO[id=2006, testRun=true, type=programming, submissionCount=null, exercise=ParticipationExerciseDTO[id=2601, exerciseType=PROGRAMMING, type=programming, assessmentType=AUTOMATIC, dueDate=2025-02-16T23:45:31.864042Z, assessmentDueDate=null, maxPoints=42.0, course=CourseDTO[id=984, accuracyOfScores=1]]], feedbacks=[FeedbackDTO[id=920, text=null, detailText=The exercise expects a class with the name Context in the package testpackage. You did not implement the class in the exercise., hasLongFeedbackText=false, reference=null, credits=0.0, positive=false, type=AUTOMATIC, visibility=ALWAYS, testCase=TestCaseDTO[testName=null, id=1357]], FeedbackDTO[id=921, text=null, detailText=The exercise expects a class with the name Policy in the package testpackage. You did not implement the class in the exercise., hasLongFeedbackText=false, reference=null, credits=0.0, positive=false, type=AUTOMATIC, visibility=ALWAYS, testCase=TestCaseDTO[testName=null, id=1358]], FeedbackDTO[id=922, text=null, detailText=The exercise expects a class with the name SortStrategy in the package testpackage. You did not implement the class in the exercise., hasLongFeedbackText=false, reference=null, credits=0.0, positive=false, type=AUTOMATIC, visibility=ALWAYS, testCase=TestCaseDTO[testName=null, id=1359]], FeedbackDTO[id=923, text=null, detailText=The class 'MergeSort' does not implement the interface 'SortStrategy' as expected. Implement the interface and its methods., hasLongFeedbackText=false, reference=null, credits=0.0, positive=false, type=AUTOMATIC, visibility=ALWAYS, testCase=TestCaseDTO[testName=null, id=1354]], FeedbackDTO[id=924, text=null, detailText=The exercise expects a class with the name SortStrategy in the package testpackage. You did not implement the class in the exercise., hasLongFeedbackText=false, reference=null, credits=0.0, positive=false, type=AUTOMATIC, visibility=ALWAYS, testCase=TestCaseDTO[testName=null, id=1351]], FeedbackDTO[id=925, text=null, detailText=The class 'BubbleSort' does not implement the interface 'SortStrategy' as expected. Implement the interface and its methods., hasLongFeedbackText=false, reference=null, credits=0.0, positive=false, type=AUTOMATIC, visibility=ALWAYS, testCase=TestCaseDTO[testName=null, id=1355]], FeedbackDTO[id=926, text=null, detailText=MergeSort does not sort correctly, hasLongFeedbackText=false, reference=null, credits=0.0, positive=false, type=AUTOMATIC, visibility=ALWAYS, testCase=TestCaseDTO[testName=null, id=1360]], FeedbackDTO[id=927, text=null, detailText=The class 'Context' was not found within the submission. Make sure to implement it properly., hasLongFeedbackText=false, reference=null, credits=0.0, positive=false, type=AUTOMATIC, visibility=ALWAYS, testCase=TestCaseDTO[testName=null, id=1361]], FeedbackDTO[id=928, text=null, detailText=The class 'Context' was not found within the submission. Make sure to implement it properly., hasLongFeedbackText=false, reference=null, credits=0.0, positive=false, type=AUTOMATIC, visibility=ALWAYS, testCase=TestCaseDTO[testName=null, id=1362]], FeedbackDTO[id=929, text=null, detailText=The exercise expects a class with the name Policy in the package testpackage. You did not implement the class in the exercise., hasLongFeedbackText=false, reference=null, credits=0.0, positive=false, type=AUTOMATIC, visibility=ALWAYS, testCase=TestCaseDTO[testName=null, id=1356]], FeedbackDTO[id=930, text=null, detailText=The exercise expects a class with the name Context in the package testpackage. You did not implement the class in the exercise., hasLongFeedbackText=false, reference=null, credits=0.0, positive=false, type=AUTOMATIC, visibility=ALWAYS, testCase=TestCaseDTO[testName=null, id=1352]], FeedbackDTO[id=931, text=null, detailText=The exercise expects a class with the name Policy in the package testpackage. You did not implement the class in the exercise., hasLongFeedbackText=false, reference=null, credits=0.0, positive=false, type=AUTOMATIC, visibility=ALWAYS, testCase=TestCaseDTO[testName=null, id=1353]], FeedbackDTO[id=932, text=null, detailText=null, hasLongFeedbackText=false, reference=null, credits=3.230769230769231, positive=true, type=AUTOMATIC, visibility=ALWAYS, testCase=TestCaseDTO[testName=null, id=1363]]], assessmentType=AUTOMATIC, hasComplaint=null, exampleResult=null, testCaseCount=13, passedTestCaseCount=1, codeIssueCount=0]], BuildJobQueueItem[id=20111739576737317, name=SHORTD49A6DAE04F9E049850BD5601663FD17A5B7TSTEXC-BASE, buildAgent=BuildAgentDTO[name=artemis-build-agent-test, memberAddress=[127.0.0.1]:5703, displayName=artemis-build-agent-test], participationId=2011, courseId=986, exerciseId=2603, retryCount=0, priority=2, status=SUCCESSFUL, repositoryInfo=RepositoryInfo[repositoryName=shortd49a6dae04f9e049850bd5601663fd17a5b7tstexc-exercise, repositoryType=exercise, triggeredByPushTo=exercise, assignmentRepositoryUri=http://localhost:49152/git/SHORTD49A6DAE04F9E049850BD5601663FD17A5B7TSTEXC/shortd49a6dae04f9e049850bd5601663fd17a5b7tstexc-exercise.git, testRepositoryUri=http://localhost:49152/git/SHORTD49A6DAE04F9E049850BD5601663FD17A5B7TSTEXC/shortd49a6dae04f9e049850bd5601663fd17a5b7tstexc-tests.git, solutionRepositoryUri=null, auxiliaryRepositoryUris=[Ljava.lang.String;@fb337bc, auxiliaryRepositoryCheckoutDirectories=[Ljava.lang.String;@58a50d26], jobTimingInfo=JobTimingInfo[submissionDate=2025-02-14T23:45:37.317968648Z[Etc/UTC], buildStartDate=2025-02-14T23:45:37.324534774Z[Etc/UTC], buildCompletionDate=2025-02-14T23:45:38.527225461Z[Etc/UTC], estimatedCompletionDate=2025-02-14T23:45:56.324506331Z[Etc/UTC], estimatedDuration=19], buildConfig=BuildConfig[buildScript=#!/bin/bash
cd /var/tmp/testing-dir
chmod +x ./gradlew
./gradlew clean test
, dockerImage=dummy-docker-image:latest, commitHashToBuild=c795243c185829bbefa399f45dcbcfac22311b2f, assignmentCommitHash=c795243c185829bbefa399f45dcbcfac22311b2f, testCommitHash=fa8b162170bf767d852e05e0eb7a128efa2e1f34, branch=main, programmingLanguage=JAVA, projectType=PLAIN_GRADLE, scaEnabled=false, sequentialTestRunsEnabled=false, resultPaths=[/var/tmp/testing-dir/**/test-results/test/*.xml], timeoutSeconds=0, assignmentCheckoutPath=null, testCheckoutPath=null, solutionCheckoutPath=null, dockerRunConfig=null], submissionResult=ResultDTO[id=633, completionDate=2025-02-14T23:45:38.476795726Z[Etc/UTC], successful=false, score=0.0, rated=true, submission=SubmissionDTO[id=827, submitted=true, type=MANUAL, exampleSubmission=null, submissionDate=2025-02-14T23:45:37.303401Z, commitHash=c795243c185829bbefa399f45dcbcfac22311b2f, buildFailed=false, buildArtifact=false, participation=ParticipationDTO[id=2011, testRun=false, type=template, submissionCount=null, exercise=ParticipationExerciseDTO[id=2603, exerciseType=PROGRAMMING, type=programming, assessmentType=AUTOMATIC, dueDate=2025-02-16T23:45:36.830269Z, assessmentDueDate=null, maxPoints=42.0, course=CourseDTO[id=986, accuracyOfScores=1]]], submissionExerciseType=programming, isProcessing=false, buildStartDate=null, estimatedCompletionDate=null], participation=ParticipationDTO[id=2011, testRun=false, type=template, submissionCount=null, exercise=ParticipationExerciseDTO[id=2603, exerciseType=PROGRAMMING, type=programming, assessmentType=AUTOMATIC, dueDate=2025-02-16T23:45:36.830269Z, assessmentDueDate=null, maxPoints=42.0, course=CourseDTO[id=986, accuracyOfScores=1]]], feedbacks=[FeedbackDTO[id=933, text=null, detailText=The exercise expects a class with the name Context in the package testpackage. You did not implement the class in the exercise., hasLongFeedbackText=false, reference=null, credits=0.0, positive=false, type=AUTOMATIC, visibility=ALWAYS, testCase=TestCaseDTO[testName=testMethods[Context], id=1383]], FeedbackDTO[id=934, text=null, detailText=The exercise expects a class with the name Policy in the package testpackage. You did not implement the class in the exercise., hasLongFeedbackText=false, reference=null, credits=0.0, positive=false, type=AUTOMATIC, visibility=ALWAYS, testCase=TestCaseDTO[testName=testMethods[Policy], id=1384]], FeedbackDTO[id=935, text=null, detailText=The exercise expects a class with the name SortStrategy in the package testpackage. You did not implement the class in the exercise., hasLongFeedbackText=false, reference=null, credits=0.0, positive=false, type=AUTOMATIC, visibility=ALWAYS, testCase=TestCaseDTO[testName=testMethods[SortStrategy], id=1385]], FeedbackDTO[id=936, text=null, detailText=The class 'MergeSort' does not implement the interface 'SortStrategy' as expected. Implement the interface and its methods., hasLongFeedbackText=false, reference=null, credits=0.0, positive=false, type=AUTOMATIC, visibility=ALWAYS, testCase=TestCaseDTO[testName=testClass[MergeSort], id=1380]], FeedbackDTO[id=937, text=null, detailText=The exercise expects a class with the name SortStrategy in the package testpackage. You did not implement the class in the exercise., hasLongFeedbackText=false, reference=null, credits=0.0, positive=false, type=AUTOMATIC, visibility=ALWAYS, testCase=TestCaseDTO[testName=testClass[SortStrategy], id=1377]], FeedbackDTO[id=938, text=null, detailText=The class 'BubbleSort' does not implement the interface 'SortStrategy' as expected. Implement the interface and its methods., hasLongFeedbackText=false, reference=null, credits=0.0, positive=false, type=AUTOMATIC, visibility=ALWAYS, testCase=TestCaseDTO[testName=testClass[BubbleSort], id=1381]], FeedbackDTO[id=939, text=null, detailText=MergeSort does not sort correctly, hasLongFeedbackText=false, reference=null, credits=0.0, positive=false, type=AUTOMATIC, visibility=ALWAYS, testCase=TestCaseDTO[testName=testMergeSort(), id=1386]], FeedbackDTO[id=940, text=null, detailText=The class 'Context' was not found within the submission. Make sure to implement it properly., hasLongFeedbackText=false, reference=null, credits=0.0, positive=false, type=AUTOMATIC, visibility=ALWAYS, testCase=TestCaseDTO[testName=testUseBubbleSortForSmallList(), id=1387]], FeedbackDTO[id=941, text=null, detailText=BubbleSort does not sort correctly, hasLongFeedbackText=false, reference=null, credits=0.0, positive=false, type=AUTOMATIC, visibility=ALWAYS, testCase=TestCaseDTO[testName=testBubbleSort(), id=1389]], FeedbackDTO[id=942, text=null, detailText=The class 'Context' was not found within the submission. Make sure to implement it properly., hasLongFeedbackText=false, reference=null, credits=0.0, positive=false, type=AUTOMATIC, visibility=ALWAYS, testCase=TestCaseDTO[testName=testUseMergeSortForBigList(), id=1388]], FeedbackDTO[id=943, text=null, detailText=The exercise expects a class with the name Policy in the package testpackage. You did not implement the class in the exercise., hasLongFeedbackText=false, reference=null, credits=0.0, positive=false, type=AUTOMATIC, visibility=ALWAYS, testCase=TestCaseDTO[testName=testConstructors[Policy], id=1382]], FeedbackDTO[id=944, text=null, detailText=The exercise expects a class with the name Context in the package testpackage. You did not implement the class in the exercise., hasLongFeedbackText=false, reference=null, credits=0.0, positive=false, type=AUTOMATIC, visibility=ALWAYS, testCase=TestCaseDTO[testName=testAttributes[Context], id=1378]], FeedbackDTO[id=945, text=null, detailText=The exercise expects a class with the name Policy in the package testpackage. You did not implement the class in the exercise., hasLongFeedbackText=false, reference=null, credits=0.0, positive=false, type=AUTOMATIC, visibility=ALWAYS, testCase=TestCaseDTO[testName=testAttributes[Policy], id=1379]]], assessmentType=AUTOMATIC, hasComplaint=null, exampleResult=null, testCaseCount=13, passedTestCaseCount=0, codeIssueCount=0]], BuildJobQueueItem[id=20171739576740018, name=SHORT7914AFA00ADC3047140B99D01AC07810CE44TSTEXC-LOCALVCCIINTSTUDENT1, buildAgent=BuildAgentDTO[name=artemis-build-agent-test, memberAddress=[127.0.0.1]:5703, displayName=artemis-build-agent-test], participationId=2017, courseId=988, exerciseId=2605, retryCount=0, priority=2, status=SUCCESSFUL, repositoryInfo=RepositoryInfo[repositoryName=short7914afa00adc3047140b99d01ac07810ce44tstexc-practice-localvcciintstudent1, repositoryType=user, triggeredByPushTo=user, assignmentRepositoryUri=http://localhost:49152/git/SHORT7914AFA00ADC3047140B99D01AC07810CE44TSTEXC/short7914afa00adc3047140b99d01ac07810ce44tstexc-practice-localvcciintstudent1.git, testRepositoryUri=http://localhost:49152/git/SHORT7914AFA00ADC3047140B99D01AC07810CE44TSTEXC/short7914afa00adc3047140b99d01ac07810ce44tstexc-tests.git, solutionRepositoryUri=null, auxiliaryRepositoryUris=[Ljava.lang.String;@d0f9fdd, auxiliaryRepositoryCheckoutDirectories=[Ljava.lang.String;@47adf591], jobTimingInfo=JobTimingInfo[submissionDate=2025-02-14T23:45:40.018961253Z[Etc/UTC], buildStartDate=2025-02-14T23:45:40.029742701Z[Etc/UTC], buildCompletionDate=2025-02-14T23:45:41.150208242Z[Etc/UTC], estimatedCompletionDate=2025-02-14T23:45:59.029734065Z[Etc/UTC], estimatedDuration=19], buildConfig=BuildConfig[buildScript=#!/bin/bash
cd /var/tmp/testing-dir
chmod +x ./gradlew
./gradlew clean test
, dockerImage=dummy-docker-image:latest, commitHashToBuild=d80b57877989b971e83ccdb4863c8a7023c76266, assignmentCommitHash=d80b57877989b971e83ccdb4863c8a7023c76266, testCommitHash=327b116890c92b1312314341f43f21ef13ecf7d7, branch=main, programmingLanguage=JAVA, projectType=PLAIN_GRADLE, scaEnabled=false, sequentialTestRunsEnabled=false, resultPaths=[/var/tmp/testing-dir/**/test-results/test/*.xml], timeoutSeconds=0, assignmentCheckoutPath=null, testCheckoutPath=null, solutionCheckoutPath=null, dockerRunConfig=null], submissionResult=ResultDTO[id=634, completionDate=2025-02-14T23:45:41.120192603Z[Etc/UTC], successful=false, score=7.7, rated=false, submission=SubmissionDTO[id=828, submitted=true, type=MANUAL, exampleSubmission=null, submissionDate=2025-02-14T23:45:40.008666Z, commitHash=d80b57877989b971e83ccdb4863c8a7023c76266, buildFailed=false, buildArtifact=false, participation=ParticipationDTO[id=2017, testRun=true, type=programming, submissionCount=null, exercise=ParticipationExerciseDTO[id=2605, exerciseType=PROGRAMMING, type=programming, assessmentType=AUTOMATIC, dueDate=2025-02-16T23:45:39.523500Z, assessmentDueDate=null, maxPoints=42.0, course=CourseDTO[id=988, accuracyOfScores=1]]], submissionExerciseType=programming, isProcessing=false, buildStartDate=null, estimatedCompletionDate=null], participation=ParticipationDTO[id=2017, testRun=true, type=programming, submissionCount=null, exercise=ParticipationExerciseDTO[id=2605, exerciseType=PROGRAMMING, type=programming, assessmentType=AUTOMATIC, dueDate=2025-02-16T23:45:39.523500Z, assessmentDueDate=null, maxPoints=42.0, course=CourseDTO[id=988, accuracyOfScores=1]]], feedbacks=[FeedbackDTO[id=946, text=null, detailText=The exercise expects a class with the name Context in the package testpackage. You did not implement the class in the exercise., hasLongFeedbackText=false, reference=null, credits=0.0, positive=false, type=AUTOMATIC, visibility=ALWAYS, testCase=TestCaseDTO[testName=null, id=1409]], FeedbackDTO[id=947, text=null, detailText=The exercise expects a class with the name Policy in the package testpackage. You did not implement the class in the exercise., hasLongFeedbackText=false, reference=null, credits=0.0, positive=false, type=AUTOMATIC, visibility=ALWAYS, testCase=TestCaseDTO[testName=null, id=1410]], FeedbackDTO[id=948, text=null, detailText=The exercise expects a class with the name SortStrategy in the package testpackage. You did not implement the class in the exercise., hasLongFeedbackText=false, reference=null, credits=0.0, positive=false, type=AUTOMATIC, visibility=ALWAYS, testCase=TestCaseDTO[testName=null, id=1411]], FeedbackDTO[id=949, text=null, detailText=The class 'MergeSort' does not implement the interface 'SortStrategy' as expected. Implement the interface and its methods., hasLongFeedbackText=false, reference=null, credits=0.0, positive=false, type=AUTOMATIC, visibility=ALWAYS, testCase=TestCaseDTO[testName=null, id=1406]], FeedbackDTO[id=950, text=null, detailText=The exercise expects a class with the name SortStrategy in the package testpackage. You did not implement the class in the exercise., hasLongFeedbackText=false, reference=null, credits=0.0, positive=false, type=AUTOMATIC, visibility=ALWAYS, testCase=TestCaseDTO[testName=null, id=1403]], FeedbackDTO[id=951, text=null, detailText=The class 'BubbleSort' does not implement the interface 'SortStrategy' as expected. Implement the interface and its methods., hasLongFeedbackText=false, reference=null, credits=0.0, positive=false, type=AUTOMATIC, visibility=ALWAYS, testCase=TestCaseDTO[testName=null, id=1407]], FeedbackDTO[id=952, text=null, detailText=MergeSort does not sort correctly, hasLongFeedbackText=false, reference=null, credits=0.0, positive=false, type=AUTOMATIC, visibility=ALWAYS, testCase=TestCaseDTO[testName=null, id=1412]], FeedbackDTO[id=953, text=null, detailText=The class 'Context' was not found within the submission. Make sure to implement it properly., hasLongFeedbackText=false, reference=null, credits=0.0, positive=false, type=AUTOMATIC, visibility=ALWAYS, testCase=TestCaseDTO[testName=null, id=1413]], FeedbackDTO[id=954, text=null, detailText=The class 'Context' was not found within the submission. Make sure to implement it properly., hasLongFeedbackText=false, reference=null, credits=0.0, positive=false, type=AUTOMATIC, visibility=ALWAYS, testCase=TestCaseDTO[testName=null, id=1414]], FeedbackDTO[id=955, text=null, detailText=The exercise expects a class with the name Policy in the package testpackage. You did not implement the class in the exercise., hasLongFeedbackText=false, reference=null, credits=0.0, positive=false, type=AUTOMATIC, visibility=ALWAYS, testCase=TestCaseDTO[testName=null, id=1408]], FeedbackDTO[id=956, text=null, detailText=The exercise expects a class with the name Context in the package testpackage. You did not implement the class in the exercise., hasLongFeedbackText=false, reference=null, credits=0.0, positive=false, type=AUTOMATIC, visibility=ALWAYS, testCase=TestCaseDTO[testName=null, id=1404]], FeedbackDTO[id=957, text=null, detailText=The exercise expects a class with the name Policy in the package testpackage. You did not implement the class in the exercise., hasLongFeedbackText=false, reference=null, credits=0.0, positive=false, type=AUTOMATIC, visibility=ALWAYS, testCase=TestCaseDTO[testName=null, id=1405]], FeedbackDTO[id=958, text=null, detailText=null, hasLongFeedbackText=false, reference=null, credits=3.230769230769231, positive=true, type=AUTOMATIC, visibility=ALWAYS, testCase=TestCaseDTO[testName=null, id=1415]]], assessmentType=AUTOMATIC, hasComplaint=null, exampleResult=null, testCaseCount=13, passedTestCaseCount=1, codeIssueCount=0]], BuildJobQueueItem[id=20261739576743984, name=SHORT53C73BE505404043100AC2F00C039353CE8FTSTEXC-LOCALVCCIINTSTUDENT1, buildAgent=BuildAgentDTO[name=artemis-build-agent-test, memberAddress=[127.0.0.1]:5703, displayName=artemis-build-agent-test], participationId=2026, courseId=991, exerciseId=2608, retryCount=0, priority=1, status=SUCCESSFUL, repositoryInfo=RepositoryInfo[repositoryName=short53c73be505404043100ac2f00c039353ce8ftstexc-localvcciintstudent1, repositoryType=user, triggeredByPushTo=user, assignmentRepositoryUri=http://localhost:49152/git/SHORT53C73BE505404043100AC2F00C039353CE8FTSTEXC/short53c73be505404043100ac2f00c039353ce8ftstexc-localvcciintstudent1.git, testRepositoryUri=http://localhost:49152/git/SHORT53C73BE505404043100AC2F00C039353CE8FTSTEXC/short53c73be505404043100ac2f00c039353ce8ftstexc-tests.git, solutionRepositoryUri=null, auxiliaryRepositoryUris=[Ljava.lang.String;@51b5340f, auxiliaryRepositoryCheckoutDirectories=[Ljava.lang.String;@2109df22], jobTimingInfo=JobTimingInfo[submissionDate=2025-02-14T23:45:43.984518859Z[Etc/UTC], buildStartDate=2025-02-14T23:45:43.991385682Z[Etc/UTC], buildCompletionDate=2025-02-14T23:45:44.982059928Z[Etc/UTC], estimatedCompletionDate=2025-02-14T23:46:02.991380122Z[Etc/UTC], estimatedDuration=19], buildConfig=BuildConfig[buildScript=#!/bin/bash
cd /var/tmp/testing-dir
chmod +x ./gradlew
./gradlew clean test
, dockerImage=dummy-docker-image:latest, commitHashToBuild=3e90ae9fef2e44ffb41451a080bdaa6a44ad6848, assignmentCommitHash=3e90ae9fef2e44ffb41451a080bdaa6a44ad6848, testCommitHash=0582754c87aae13e640312855ce7dbe490ecb50c, branch=main, programmingLanguage=JAVA, projectType=PLAIN_GRADLE, scaEnabled=false, sequentialTestRunsEnabled=false, resultPaths=[/var/tmp/testing-dir/**/test-results/test/*.xml], timeoutSeconds=0, assignmentCheckoutPath=null, testCheckoutPath=null, solutionCheckoutPath=null, dockerRunConfig=null], submissionResult=ResultDTO[id=635, completionDate=2025-02-14T23:45:44.961313737Z[Etc/UTC], successful=false, score=7.7, rated=true, submission=SubmissionDTO[id=829, submitted=true, type=MANUAL, exampleSubmission=null, submissionDate=2025-02-14T23:45:43.967766Z, commitHash=3e90ae9fef2e44ffb41451a080bdaa6a44ad6848, buildFailed=false, buildArtifact=false, participation=ParticipationDTO[id=2026, testRun=false, type=programming, submissionCount=null, exercise=ParticipationExerciseDTO[id=2608, exerciseType=PROGRAMMING, type=programming, assessmentType=AUTOMATIC, dueDate=2025-02-16T23:45:43.597978Z, assessmentDueDate=null, maxPoints=42.0, course=CourseDTO[id=991, accuracyOfScores=1]]], submissionExerciseType=programming, isProcessing=false, buildStartDate=null, estimatedCompletionDate=null], participation=ParticipationDTO[id=2026, testRun=false, type=programming, submissionCount=null, exercise=ParticipationExerciseDTO[id=2608, exerciseType=PROGRAMMING, type=programming, assessmentType=AUTOMATIC, dueDate=2025-02-16T23:45:43.597978Z, assessmentDueDate=null, maxPoints=42.0, course=CourseDTO[id=991, accuracyOfScores=1]]], feedbacks=[FeedbackDTO[id=959, text=null, detailText=The exercise expects a class with the name Context in the package testpackage. You did not implement the class in the exercise., hasLongFeedbackText=false, reference=null, credits=0.0, positive=false, type=AUTOMATIC, visibility=ALWAYS, testCase=TestCaseDTO[testName=null, id=1448]], FeedbackDTO[id=960, text=null, detailText=The exercise expects a class with the name Policy in the package testpackage. You did not implement the class in the exercise., hasLongFeedbackText=false, reference=null, credits=0.0, positive=false, type=AUTOMATIC, visibility=ALWAYS, testCase=TestCaseDTO[testName=null, id=1449]], FeedbackDTO[id=961, text=null, detailText=The exercise expects a class with the name SortStrategy in the package testpackage. You did not implement the class in the exercise., hasLongFeedbackText=false, reference=null, credits=0.0, positive=false, type=AUTOMATIC, visibility=ALWAYS, testCase=TestCaseDTO[testName=null, id=1450]], FeedbackDTO[id=962, text=null, detailText=The class 'MergeSort' does not implement the interface 'SortStrategy' as expected. Implement the interface and its methods., hasLongFeedbackText=false, reference=null, credits=0.0, positive=false, type=AUTOMATIC, visibility=ALWAYS, testCase=TestCaseDTO[testName=null, id=1445]], FeedbackDTO[id=963, text=null, detailText=The exercise expects a class with the name SortStrategy in the package testpackage. You did not implement the class in the exercise., hasLongFeedbackText=false, reference=null, credits=0.0, positive=false, type=AUTOMATIC, visibility=ALWAYS, testCase=TestCaseDTO[testName=null, id=1442]], FeedbackDTO[id=964, text=null, detailText=The class 'BubbleSort' does not implement the interface 'SortStrategy' as expected. Implement the interface and its methods., hasLongFeedbackText=false, reference=null, credits=0.0, positive=false, type=AUTOMATIC, visibility=ALWAYS, testCase=TestCaseDTO[testName=null, id=1446]], FeedbackDTO[id=965, text=null, detailText=MergeSort does not sort correctly, hasLongFeedbackText=false, reference=null, credits=0.0, positive=false, type=AUTOMATIC, visibility=ALWAYS, testCase=TestCaseDTO[testName=null, id=1451]], FeedbackDTO[id=966, text=null, detailText=The class 'Context' was not found within the submission. Make sure to implement it properly., hasLongFeedbackText=false, reference=null, credits=0.0, positive=false, type=AUTOMATIC, visibility=ALWAYS, testCase=TestCaseDTO[testName=null, id=1452]], FeedbackDTO[id=967, text=null, detailText=The class 'Context' was not found within the submission. Make sure to implement it properly., hasLongFeedbackText=false, reference=null, credits=0.0, positive=false, type=AUTOMATIC, visibility=ALWAYS, testCase=TestCaseDTO[testName=null, id=1453]], FeedbackDTO[id=968, text=null, detailText=The exercise expects a class with the name Policy in the package testpackage. You did not implement the class in the exercise., hasLongFeedbackText=false, reference=null, credits=0.0, positive=false, type=AUTOMATIC, visibility=ALWAYS, testCase=TestCaseDTO[testName=null, id=1447]], FeedbackDTO[id=969, text=null, detailText=The exercise expects a class with the name Context in the package testpackage. You did not implement the class in the exercise., hasLongFeedbackText=false, reference=null, credits=0.0, positive=false, type=AUTOMATIC, visibility=ALWAYS, testCase=TestCaseDTO[testName=null, id=1443]], FeedbackDTO[id=970, text=null, detailText=The exercise expects a class with the name Policy in the package testpackage. You did not implement the class in the exercise., hasLongFeedbackText=false, reference=null, credits=0.0, positive=false, type=AUTOMATIC, visibility=ALWAYS, testCase=TestCaseDTO[testName=null, id=1444]], FeedbackDTO[id=971, text=null, detailText=null, hasLongFeedbackText=false, reference=null, credits=3.230769230769231, positive=true, type=AUTOMATIC, visibility=ALWAYS, testCase=TestCaseDTO[testName=null, id=1454]]], assessmentType=AUTOMATIC, hasComplaint=null, exampleResult=null, testCaseCount=13, passedTestCaseCount=1, codeIssueCount=0]], BuildJobQueueItem[id=20271739576746886, name=SHORT0FC863930E92904248098A506171F81CF6CFTSTEXC-SOLUTION, buildAgent=BuildAgentDTO[name=artemis-build-agent-test, memberAddress=[127.0.0.1]:5703, displayName=artemis-build-agent-test], participationId=2027, courseId=992, exerciseId=2609, retryCount=0, priority=2, status=SUCCESSFUL, repositoryInfo=RepositoryInfo[repositoryName=short0fc863930e92904248098a506171f81cf6cftstexc-solution, repositoryType=solution, triggeredByPushTo=auxiliary, assignmentRepositoryUri=http://localhost:49152/git/SHORT0FC863930E92904248098A506171F81CF6CFTSTEXC/short0fc863930e92904248098a506171f81cf6cftstexc-solution.git, testRepositoryUri=http://localhost:49152/git/SHORT0FC863930E92904248098A506171F81CF6CFTSTEXC/short0fc863930e92904248098a506171f81cf6cftstexc-tests.git, solutionRepositoryUri=null, auxiliaryRepositoryUris=[Ljava.lang.String;@50894da9, auxiliaryRepositoryCheckoutDirectories=[Ljava.lang.String;@78202b54], jobTimingInfo=JobTimingInfo[submissionDate=2025-02-14T23:45:46.886984066Z[Etc/UTC], buildStartDate=2025-02-14T23:45:46.897709578Z[Etc/UTC], buildCompletionDate=2025-02-14T23:45:48.628460156Z[Etc/UTC], estimatedCompletionDate=2025-02-14T23:46:05.897701272Z[Etc/UTC], estimatedDuration=19], buildConfig=BuildConfig[buildScript=#!/bin/bash
cd /var/tmp/testing-dir
chmod +x ./gradlew
./gradlew clean test
, dockerImage=dummy-docker-image:latest, commitHashToBuild=null, assignmentCommitHash=115a2e943bee242fdad360b50d8ad5f30792577e, testCommitHash=9b3a9bd71a0d80e5bbc42204c319ed3d1d4f0d6d, branch=main, programmingLanguage=JAVA, projectType=PLAIN_GRADLE, scaEnabled=false, sequentialTestRunsEnabled=false, resultPaths=[/var/tmp/testing-dir/**/test-results/test/*.xml], timeoutSeconds=0, assignmentCheckoutPath=null, testCheckoutPath=null, solutionCheckoutPath=null, dockerRunConfig=null], submissionResult=ResultDTO[id=636, completionDate=2025-02-14T23:45:48.593370968Z[Etc/UTC], successful=true, score=100.0, rated=true, submission=SubmissionDTO[id=830, submitted=true, type=TEST, exampleSubmission=null, submissionDate=2025-02-14T23:45:46.873671Z, commitHash=9b3a9bd71a0d80e5bbc42204c319ed3d1d4f0d6d, buildFailed=false, buildArtifact=false, participation=ParticipationDTO[id=2027, testRun=false, type=solution, submissionCount=null, exercise=ParticipationExerciseDTO[id=2609, exerciseType=PROGRAMMING, type=programming, assessmentType=AUTOMATIC, dueDate=2025-02-16T23:45:46.386304Z, assessmentDueDate=null, maxPoints=42.0, course=CourseDTO[id=992, accuracyOfScores=1]]], submissionExerciseType=programming, isProcessing=false, buildStartDate=null, estimatedCompletionDate=null], participation=ParticipationDTO[id=2027, testRun=false, type=solution, submissionCount=null, exercise=ParticipationExerciseDTO[id=2609, exerciseType=PROGRAMMING, type=programming, assessmentType=AUTOMATIC, dueDate=2025-02-16T23:45:46.386304Z, assessmentDueDate=null, maxPoints=42.0, course=CourseDTO[id=992, accuracyOfScores=1]]], feedbacks=[FeedbackDTO[id=972, text=null, detailText=null, hasLongFeedbackText=false, reference=null, credits=3.230769230769231, positive=true, type=AUTOMATIC, visibility=ALWAYS, testCase=TestCaseDTO[testName=testMethods[Context], id=1461]], FeedbackDTO[id=973, text=null, detailText=null, hasLongFeedbackText=false, reference=null, credits=3.230769230769231, positive=true, type=AUTOMATIC, visibility=ALWAYS, testCase=TestCaseDTO[testName=testMethods[Policy], id=1462]], FeedbackDTO[id=974, text=null, detailText=null, hasLongFeedbackText=false, reference=null, credits=3.230769230769231, positive=true, type=AUTOMATIC, visibility=ALWAYS, testCase=TestCaseDTO[testName=testMethods[SortStrategy], id=1463]], FeedbackDTO[id=975, text=null, detailText=null, hasLongFeedbackText=false, reference=null, credits=3.230769230769231, positive=true, type=AUTOMATIC, visibility=ALWAYS, testCase=TestCaseDTO[testName=testClass[MergeSort], id=1458]], FeedbackDTO[id=976, text=null, detailText=null, hasLongFeedbackText=false, reference=null, credits=3.230769230769231, positive=true, type=AUTOMATIC, visibility=ALWAYS, testCase=TestCaseDTO[testName=testClass[SortStrategy], id=1455]], FeedbackDTO[id=977, text=null, detailText=null, hasLongFeedbackText=false, reference=null, credits=3.230769230769231, positive=true, type=AUTOMATIC, visibility=ALWAYS, testCase=TestCaseDTO[testName=testClass[BubbleSort], id=1459]], FeedbackDTO[id=978, text=null, detailText=null, hasLongFeedbackText=false, reference=null, credits=3.230769230769231, positive=true, type=AUTOMATIC, visibility=ALWAYS, testCase=TestCaseDTO[testName=testMergeSort(), id=1464]], FeedbackDTO[id=979, text=null, detailText=null, hasLongFeedbackText=false, reference=null, credits=3.230769230769231, positive=true, type=AUTOMATIC, visibility=ALWAYS, testCase=TestCaseDTO[testName=testUseBubbleSortForSmallList(), id=1465]], FeedbackDTO[id=980, text=null, detailText=null, hasLongFeedbackText=false, reference=null, credits=3.230769230769231, positive=true, type=AUTOMATIC, visibility=ALWAYS, testCase=TestCaseDTO[testName=testBubbleSort(), id=1467]], FeedbackDTO[id=981, text=null, detailText=null, hasLongFeedbackText=false, reference=null, credits=3.230769230769231, positive=true, type=AUTOMATIC, visibility=ALWAYS, testCase=TestCaseDTO[testName=testUseMergeSortForBigList(), id=1466]], FeedbackDTO[id=982, text=null, detailText=null, hasLongFeedbackText=false, reference=null, credits=3.230769230769231, positive=true, type=AUTOMATIC, visibility=ALWAYS, testCase=TestCaseDTO[testName=testConstructors[Policy], id=1460]], FeedbackDTO[id=983, text=null, detailText=null, hasLongFeedbackText=false, reference=null, credits=3.230769230769231, positive=true, type=AUTOMATIC, visibility=ALWAYS, testCase=TestCaseDTO[testName=testAttributes[Context], id=1456]], FeedbackDTO[id=984, text=null, detailText=null, hasLongFeedbackText=false, reference=null, credits=3.230769230769231, positive=true, type=AUTOMATIC, visibility=ALWAYS, testCase=TestCaseDTO[testName=testAttributes[Policy], id=1457]]], assessmentType=AUTOMATIC, hasComplaint=null, exampleResult=null, testCaseCount=13, passedTestCaseCount=13, codeIssueCount=0]], BuildJobQueueItem[id=20281739576748768, name=SHORT0FC863930E92904248098A506171F81CF6CFTSTEXC-BASE, buildAgent=BuildAgentDTO[name=artemis-build-agent-test, memberAddress=[127.0.0.1]:5703, displayName=artemis-build-agent-test], participationId=2028, courseId=992, exerciseId=2609, retryCount=0, priority=2, status=SUCCESSFUL, repositoryInfo=RepositoryInfo[repositoryName=short0fc863930e92904248098a506171f81cf6cftstexc-exercise, repositoryType=exercise, triggeredByPushTo=auxiliary, assignmentRepositoryUri=http://localhost:49152/git/SHORT0FC863930E92904248098A506171F81CF6CFTSTEXC/short0fc863930e92904248098a506171f81cf6cftstexc-exercise.git, testRepositoryUri=http://localhost:49152/git/SHORT0FC863930E92904248098A506171F81CF6CFTSTEXC/short0fc863930e92904248098a506171f81cf6cftstexc-tests.git, solutionRepositoryUri=null, auxiliaryRepositoryUris=[Ljava.lang.String;@4d7d13, auxiliaryRepositoryCheckoutDirectories=[Ljava.lang.String;@6f5242f7], jobTimingInfo=JobTimingInfo[submissionDate=2025-02-14T23:45:48.768063548Z[Etc/UTC], buildStartDate=2025-02-14T23:45:48.802531989Z[Etc/UTC], buildCompletionDate=2025-02-14T23:45:50.482681367Z[Etc/UTC], estimatedCompletionDate=2025-02-14T23:45:50.802523092Z[Etc/UTC], estimatedDuration=2], buildConfig=BuildConfig[buildScript=#!/bin/bash
cd /var/tmp/testing-dir
chmod +x ./gradlew
./gradlew clean test
, dockerImage=dummy-docker-image:latest, commitHashToBuild=9b3a9bd71a0d80e5bbc42204c319ed3d1d4f0d6d, assignmentCommitHash=115a2e943bee242fdad360b50d8ad5f30792577e, testCommitHash=9b3a9bd71a0d80e5bbc42204c319ed3d1d4f0d6d, branch=main, programmingLanguage=JAVA, projectType=PLAIN_GRADLE, scaEnabled=false, sequentialTestRunsEnabled=false, resultPaths=[/var/tmp/testing-dir/**/test-results/test/*.xml], timeoutSeconds=0, assignmentCheckoutPath=null, testCheckoutPath=null, solutionCheckoutPath=null, dockerRunConfig=null], submissionResult=ResultDTO[id=637, completionDate=2025-02-14T23:45:50.449084694Z[Etc/UTC], successful=false, score=0.0, rated=true, submission=SubmissionDTO[id=831, submitted=true, type=TEST, exampleSubmission=null, submissionDate=2025-02-14T23:45:48.761177Z, commitHash=9b3a9bd71a0d80e5bbc42204c319ed3d1d4f0d6d, buildFailed=false, buildArtifact=false, participation=ParticipationDTO[id=2028, testRun=false, type=template, submissionCount=null, exercise=ParticipationExerciseDTO[id=2609, exerciseType=PROGRAMMING, type=programming, assessmentType=AUTOMATIC, dueDate=2025-02-16T23:45:46.386304Z, assessmentDueDate=null, maxPoints=42.0, course=CourseDTO[id=992, accuracyOfScores=1]]], submissionExerciseType=programming, isProcessing=false, buildStartDate=null, estimatedCompletionDate=null], participation=ParticipationDTO[id=2028, testRun=false, type=template, submissionCount=null, exercise=ParticipationExerciseDTO[id=2609, exerciseType=PROGRAMMING, type=programming, assessmentType=AUTOMATIC, dueDate=2025-02-16T23:45:46.386304Z, assessmentDueDate=null, maxPoints=42.0, course=CourseDTO[id=992, accuracyOfScores=1]]], feedbacks=[FeedbackDTO[id=985, text=null, detailText=The exercise expects a class with the name Context in the package testpackage. You did not implement the class in the exercise., hasLongFeedbackText=false, reference=null, credits=0.0, positive=false, type=AUTOMATIC, visibility=ALWAYS, testCase=TestCaseDTO[testName=testMethods[Context], id=1461]], FeedbackDTO[id=986, text=null, detailText=The exercise expects a class with the name Policy in the package testpackage. You did not implement the class in the exercise., hasLongFeedbackText=false, reference=null, credits=0.0, positive=false, type=AUTOMATIC, visibility=ALWAYS, testCase=TestCaseDTO[testName=testMethods[Policy], id=1462]], FeedbackDTO[id=987, text=null, detailText=The exercise expects a class with the name SortStrategy in the package testpackage. You did not implement the class in the exercise., hasLongFeedbackText=false, reference=null, credits=0.0, positive=false, type=AUTOMATIC, visibility=ALWAYS, testCase=TestCaseDTO[testName=testMethods[SortStrategy], id=1463]], FeedbackDTO[id=988, text=null, detailText=The class 'MergeSort' does not implement the interface 'SortStrategy' as expected. Implement the interface and its methods., hasLongFeedbackText=false, reference=null, credits=0.0, positive=false, type=AUTOMATIC, visibility=ALWAYS, testCase=TestCaseDTO[testName=testClass[MergeSort], id=1458]], FeedbackDTO[id=989, text=null, detailText=The exercise expects a class with the name SortStrategy in the package testpackage. You did not implement the class in the exercise., hasLongFeedbackText=false, reference=null, credits=0.0, positive=false, type=AUTOMATIC, visibility=ALWAYS, testCase=TestCaseDTO[testName=testClass[SortStrategy], id=1455]], FeedbackDTO[id=990, text=null, detailText=The class 'BubbleSort' does not implement the interface 'SortStrategy' as expected. Implement the interface and its methods., hasLongFeedbackText=false, reference=null, credits=0.0, positive=false, type=AUTOMATIC, visibility=ALWAYS, testCase=TestCaseDTO[testName=testClass[BubbleSort], id=1459]], FeedbackDTO[id=991, text=null, detailText=MergeSort does not sort correctly, hasLongFeedbackText=false, reference=null, credits=0.0, positive=false, type=AUTOMATIC, visibility=ALWAYS, testCase=TestCaseDTO[testName=testMergeSort(), id=1464]], FeedbackDTO[id=992, text=null, detailText=The class 'Context' was not found within the submission. Make sure to implement it properly., hasLongFeedbackText=false, reference=null, credits=0.0, positive=false, type=AUTOMATIC, visibility=ALWAYS, testCase=TestCaseDTO[testName=testUseBubbleSortForSmallList(), id=1465]], FeedbackDTO[id=993, text=null, detailText=BubbleSort does not sort correctly, hasLongFeedbackText=false, reference=null, credits=0.0, positive=false, type=AUTOMATIC, visibility=ALWAYS, testCase=TestCaseDTO[testName=testBubbleSort(), id=1467]], FeedbackDTO[id=994, text=null, detailText=The class 'Context' was not found within the submission. Make sure to implement it properly., hasLongFeedbackText=false, reference=null, credits=0.0, positive=false, type=AUTOMATIC, visibility=ALWAYS, testCase=TestCaseDTO[testName=testUseMergeSortForBigList(), id=1466]], FeedbackDTO[id=995, text=null, detailText=The exercise expects a class with the name Policy in the package testpackage. You did not implement the class in the exercise., hasLongFeedbackText=false, reference=null, credits=0.0, positive=false, type=AUTOMATIC, visibility=ALWAYS, testCase=TestCaseDTO[testName=testConstructors[Policy], id=1460]], FeedbackDTO[id=996, text=null, detailText=The exercise expects a class with the name Context in the package testpackage. You did not implement the class in the exercise., hasLongFeedbackText=false, reference=null, credits=0.0, positive=false, type=AUTOMATIC, visibility=ALWAYS, testCase=TestCaseDTO[testName=testAttributes[Context], id=1456]], FeedbackDTO[id=997, text=null, detailText=The exercise expects a class with the name Policy in the package testpackage. You did not implement the class in the exercise., hasLongFeedbackText=false, reference=null, credits=0.0, positive=false, type=AUTOMATIC, visibility=ALWAYS, testCase=TestCaseDTO[testName=testAttributes[Policy], id=1457]]], assessmentType=AUTOMATIC, hasComplaint=null, exampleResult=null, testCaseCount=13, passedTestCaseCount=0, codeIssueCount=0]], BuildJobQueueItem[id=20291739576751299, name=SHORT716C2EC10B19B049C80A2F00B97EAB20B2A9TSTEXC-SOLUTION, buildAgent=BuildAgentDTO[name=artemis-build-agent-test, memberAddress=[127.0.0.1]:5703, displayName=artemis-build-agent-test], participationId=2029, courseId=993, exerciseId=2610, retryCount=0, priority=2, status=SUCCESSFUL, repositoryInfo=RepositoryInfo[repositoryName=short716c2ec10b19b049c80a2f00b97eab20b2a9tstexc-solution, repositoryType=solution, triggeredByPushTo=tests, assignmentRepositoryUri=http://localhost:49152/git/SHORT716C2EC10B19B049C80A2F00B97EAB20B2A9TSTEXC/short716c2ec10b19b049c80a2f00b97eab20b2a9tstexc-solution.git, testRepositoryUri=http://localhost:49152/git/SHORT716C2EC10B19B049C80A2F00B97EAB20B2A9TSTEXC/short716c2ec10b19b049c80a2f00b97eab20b2a9tstexc-tests.git, solutionRepositoryUri=null, auxiliaryRepositoryUris=[Ljava.lang.String;@752cbeb1, auxiliaryRepositoryCheckoutDirectories=[Ljava.lang.String;@c2f41cb], jobTimingInfo=JobTimingInfo[submissionDate=2025-02-14T23:45:51.299892174Z[Etc/UTC], buildStartDate=2025-02-14T23:45:51.314028505Z[Etc/UTC], buildCompletionDate=2025-02-14T23:45:52.158312850Z[Etc/UTC], estimatedCompletionDate=2025-02-14T23:46:10.314021752Z[Etc/UTC], estimatedDuration=19], buildConfig=BuildConfig[buildScript=#!/bin/bash
cd /var/tmp/testing-dir
chmod +x ./gradlew
./gradlew clean test
, dockerImage=dummy-docker-image:latest, commitHashToBuild=1e531733ed6e9237f710b528d1eb0b7beac565fd, assignmentCommitHash=815e279f12ad296b4f24c44134a07293c04c010f, testCommitHash=1e531733ed6e9237f710b528d1eb0b7beac565fd, branch=main, programmingLanguage=JAVA, projectType=PLAIN_GRADLE, scaEnabled=false, sequentialTestRunsEnabled=false, resultPaths=[/var/tmp/testing-dir/**/test-results/test/*.xml], timeoutSeconds=0, assignmentCheckoutPath=null, testCheckoutPath=null, solutionCheckoutPath=null, dockerRunConfig=null], submissionResult=ResultDTO[id=638, completionDate=2025-02-14T23:45:52.146826070Z[Etc/UTC], successful=true, score=100.0, rated=true, submission=SubmissionDTO[id=832, submitted=true, type=TEST, exampleSubmission=null, submissionDate=2025-02-14T23:45:51.275713Z, commitHash=1e531733ed6e9237f710b528d1eb0b7beac565fd, buildFailed=false, buildArtifact=false, participation=ParticipationDTO[id=2029, testRun=false, type=solution, submissionCount=null, exercise=ParticipationExerciseDTO[id=2610, exerciseType=PROGRAMMING, type=programming, assessmentType=AUTOMATIC, dueDate=2025-02-16T23:45:50.869093Z, assessmentDueDate=null, maxPoints=42.0, course=CourseDTO[id=993, accuracyOfScores=1]]], submissionExerciseType=programming, isProcessing=false, buildStartDate=null, estimatedCompletionDate=null], participation=ParticipationDTO[id=2029, testRun=false, type=solution, submissionCount=null, exercise=ParticipationExerciseDTO[id=2610, exerciseType=PROGRAMMING, type=programming, assessmentType=AUTOMATIC, dueDate=2025-02-16T23:45:50.869093Z, assessmentDueDate=null, maxPoints=42.0, course=CourseDTO[id=993, accuracyOfScores=1]]], feedbacks=[FeedbackDTO[id=998, text=null, detailText=null, hasLongFeedbackText=false, reference=null, credits=3.230769230769231, positive=true, type=AUTOMATIC, visibility=ALWAYS, testCase=TestCaseDTO[testName=testMethods[Context], id=1474]], FeedbackDTO[id=999, text=null, detailText=null, hasLongFeedbackText=false, reference=null, credits=3.230769230769231, positive=true, type=AUTOMATIC, visibility=ALWAYS, testCase=TestCaseDTO[testName=testMethods[Policy], id=1475]], FeedbackDTO[id=1000, text=null, detailText=null, hasLongFeedbackText=false, reference=null, credits=3.230769230769231, positive=true, type=AUTOMATIC, visibility=ALWAYS, testCase=TestCaseDTO[testName=testMethods[SortStrategy], id=1476]], FeedbackDTO[id=1001, text=null, detailText=null, hasLongFeedbackText=false, reference=null, credits=3.230769230769231, positive=true, type=AUTOMATIC, visibility=ALWAYS, testCase=TestCaseDTO[testName=testClass[MergeSort], id=1471]], FeedbackDTO[id=1002, text=null, detailText=null, hasLongFeedbackText=false, reference=null, credits=3.230769230769231, positive=true, type=AUTOMATIC, visibility=ALWAYS, testCase=TestCaseDTO[testName=testClass[SortStrategy], id=1468]], FeedbackDTO[id=1003, text=null, detailText=null, hasLongFeedbackText=false, reference=null, credits=3.230769230769231, positive=true, type=AUTOMATIC, visibility=ALWAYS, testCase=TestCaseDTO[testName=testClass[BubbleSort], id=1472]], FeedbackDTO[id=1004, text=null, detailText=null, hasLongFeedbackText=false, reference=null, credits=3.230769230769231, positive=true, type=AUTOMATIC, visibility=ALWAYS, testCase=TestCaseDTO[testName=testMergeSort(), id=1477]], FeedbackDTO[id=1005, text=null, detailText=null, hasLongFeedbackText=false, reference=null, credits=3.230769230769231, positive=true, type=AUTOMATIC, visibility=ALWAYS, testCase=TestCaseDTO[testName=testUseBubbleSortForSmallList(), id=1478]], FeedbackDTO[id=1006, text=null, detailText=null, hasLongFeedbackText=false, reference=null, credits=3.230769230769231, positive=true, type=AUTOMATIC, visibility=ALWAYS, testCase=TestCaseDTO[testName=testBubbleSort(), id=1480]], FeedbackDTO[id=1007, text=null, detailText=null, hasLongFeedbackText=false, reference=null, credits=3.230769230769231, positive=true, type=AUTOMATIC, visibility=ALWAYS, testCase=TestCaseDTO[testName=testUseMergeSortForBigList(), id=1479]], FeedbackDTO[id=1008, text=null, detailText=null, hasLongFeedbackText=false, reference=null, credits=3.230769230769231, positive=true, type=AUTOMATIC, visibility=ALWAYS, testCase=TestCaseDTO[testName=testConstructors[Policy], id=1473]], FeedbackDTO[id=1009, text=null, detailText=null, hasLongFeedbackText=false, reference=null, credits=3.230769230769231, positive=true, type=AUTOMATIC, visibility=ALWAYS, testCase=TestCaseDTO[testName=testAttributes[Context], id=1469]], FeedbackDTO[id=1010, text=null, detailText=null, hasLongFeedbackText=false, reference=null, credits=3.230769230769231, positive=true, type=AUTOMATIC, visibility=ALWAYS, testCase=TestCaseDTO[testName=testAttributes[Policy], id=1470]]], assessmentType=AUTOMATIC, hasComplaint=null, exampleResult=null, testCaseCount=13, passedTestCaseCount=13, codeIssueCount=0]], BuildJobQueueItem[id=20301739576752239, name=SHORT716C2EC10B19B049C80A2F00B97EAB20B2A9TSTEXC-BASE, buildAgent=BuildAgentDTO[name=artemis-build-agent-test, memberAddress=[127.0.0.1]:5703, displayName=artemis-build-agent-test], participationId=2030, courseId=993, exerciseId=2610, retryCount=0, priority=2, status=SUCCESSFUL, repositoryInfo=RepositoryInfo[repositoryName=short716c2ec10b19b049c80a2f00b97eab20b2a9tstexc-exercise, repositoryType=exercise, triggeredByPushTo=tests, assignmentRepositoryUri=http://localhost:49152/git/SHORT716C2EC10B19B049C80A2F00B97EAB20B2A9TSTEXC/short716c2ec10b19b049c80a2f00b97eab20b2a9tstexc-exercise.git, testRepositoryUri=http://localhost:49152/git/SHORT716C2EC10B19B049C80A2F00B97EAB20B2A9TSTEXC/short716c2ec10b19b049c80a2f00b97eab20b2a9tstexc-tests.git, solutionRepositoryUri=null, auxiliaryRepositoryUris=[Ljava.lang.String;@67e100b8, auxiliaryRepositoryCheckoutDirectories=[Ljava.lang.String;@1ad9b349], jobTimingInfo=JobTimingInfo[submissionDate=2025-02-14T23:45:52.239402475Z[Etc/UTC], buildStartDate=2025-02-14T23:45:52.258713639Z[Etc/UTC], buildCompletionDate=2025-02-14T23:45:53.238773956Z[Etc/UTC], estimatedCompletionDate=2025-02-14T23:45:53.258707428Z[Etc/UTC], estimatedDuration=1], buildConfig=BuildConfig[buildScript=#!/bin/bash
cd /var/tmp/testing-dir
chmod +x ./gradlew
./gradlew clean test
, dockerImage=dummy-docker-image:latest, commitHashToBuild=1e531733ed6e9237f710b528d1eb0b7beac565fd, assignmentCommitHash=815e279f12ad296b4f24c44134a07293c04c010f, testCommitHash=1e531733ed6e9237f710b528d1eb0b7beac565fd, branch=main, programmingLanguage=JAVA, projectType=PLAIN_GRADLE, scaEnabled=false, sequentialTestRunsEnabled=false, resultPaths=[/var/tmp/testing-dir/**/test-results/test/*.xml], timeoutSeconds=0, assignmentCheckoutPath=null, testCheckoutPath=null, solutionCheckoutPath=null, dockerRunConfig=null], submissionResult=ResultDTO[id=639, completionDate=2025-02-14T23:45:53.225806205Z[Etc/UTC], successful=false, score=0.0, rated=true, submission=SubmissionDTO[id=833, submitted=true, type=TEST, exampleSubmission=null, submissionDate=2025-02-14T23:45:52.237179Z, commitHash=1e531733ed6e9237f710b528d1eb0b7beac565fd, buildFailed=false, buildArtifact=false, participation=ParticipationDTO[id=2030, testRun=false, type=template, submissionCount=null, exercise=ParticipationExerciseDTO[id=2610, exerciseType=PROGRAMMING, type=programming, assessmentType=AUTOMATIC, dueDate=2025-02-16T23:45:50.869093Z, assessmentDueDate=null, maxPoints=42.0, course=CourseDTO[id=993, accuracyOfScores=1]]], submissionExerciseType=programming, isProcessing=false, buildStartDate=null, estimatedCompletionDate=null], participation=ParticipationDTO[id=2030, testRun=false, type=template, submissionCount=null, exercise=ParticipationExerciseDTO[id=2610, exerciseType=PROGRAMMING, type=programming, assessmentType=AUTOMATIC, dueDate=2025-02-16T23:45:50.869093Z, assessmentDueDate=null, maxPoints=42.0, course=CourseDTO[id=993, accuracyOfScores=1]]], feedbacks=[FeedbackDTO[id=1011, text=null, detailText=The exercise expects a class with the name Context in the package testpackage. You did not implement the class in the exercise., hasLongFeedbackText=false, reference=null, credits=0.0, positive=false, type=AUTOMATIC, visibility=ALWAYS, testCase=TestCaseDTO[testName=testMethods[Context], id=1474]], FeedbackDTO[id=1012, text=null, detailText=The exercise expects a class with the name Policy in the package testpackage. You did not implement the class in the exercise., hasLongFeedbackText=false, reference=null, credits=0.0, positive=false, type=AUTOMATIC, visibility=ALWAYS, testCase=TestCaseDTO[testName=testMethods[Policy], id=1475]], FeedbackDTO[id=1013, text=null, detailText=The exercise expects a class with the name SortStrategy in the package testpackage. You did not implement the class in the exercise., hasLongFeedbackText=false, reference=null, credits=0.0, positive=false, type=AUTOMATIC, visibility=ALWAYS, testCase=TestCaseDTO[testName=testMethods[SortStrategy], id=1476]], FeedbackDTO[id=1014, text=null, detailText=The class 'MergeSort' does not implement the interface 'SortStrategy' as expected. Implement the interface and its methods., hasLongFeedbackText=false, reference=null, credits=0.0, positive=false, type=AUTOMATIC, visibility=ALWAYS, testCase=TestCaseDTO[testName=testClass[MergeSort], id=1471]], FeedbackDTO[id=1015, text=null, detailText=The exercise expects a class with the name SortStrategy in the package testpackage. You did not implement the class in the exercise., hasLongFeedbackText=false, reference=null, credits=0.0, positive=false, type=AUTOMATIC, visibility=ALWAYS, testCase=TestCaseDTO[testName=testClass[SortStrategy], id=1468]], FeedbackDTO[id=1016, text=null, detailText=The class 'BubbleSort' does not implement the interface 'SortStrategy' as expected. Implement the interface and its methods., hasLongFeedbackText=false, reference=null, credits=0.0, positive=false, type=AUTOMATIC, visibility=ALWAYS, testCase=TestCaseDTO[testName=testClass[BubbleSort], id=1472]], FeedbackDTO[id=1017, text=null, detailText=MergeSort does not sort correctly, hasLongFeedbackText=false, reference=null, credits=0.0, positive=false, type=AUTOMATIC, visibility=ALWAYS, testCase=TestCaseDTO[testName=testMergeSort(), id=1477]], FeedbackDTO[id=1018, text=null, detailText=The class 'Context' was not found within the submission. Make sure to implement it properly., hasLongFeedbackText=false, reference=null, credits=0.0, positive=false, type=AUTOMATIC, visibility=ALWAYS, testCase=TestCaseDTO[testName=testUseBubbleSortForSmallList(), id=1478]], FeedbackDTO[id=1019, text=null, detailText=BubbleSort does not sort correctly, hasLongFeedbackText=false, reference=null, credits=0.0, positive=false, type=AUTOMATIC, visibility=ALWAYS, testCase=TestCaseDTO[testName=testBubbleSort(), id=1480]], FeedbackDTO[id=1020, text=null, detailText=The class 'Context' was not found within the submission. Make sure to implement it properly., hasLongFeedbackText=false, reference=null, credits=0.0, positive=false, type=AUTOMATIC, visibility=ALWAYS, testCase=TestCaseDTO[testName=testUseMergeSortForBigList(), id=1479]], FeedbackDTO[id=1021, text=null, detailText=The exercise expects a class with the name Policy in the package testpackage. You did not implement the class in the exercise., hasLongFeedbackText=false, reference=null, credits=0.0, positive=false, type=AUTOMATIC, visibility=ALWAYS, testCase=TestCaseDTO[testName=testConstructors[Policy], id=1473]], FeedbackDTO[id=1022, text=null, detailText=The exercise expects a class with the name Context in the package testpackage. You did not implement the class in the exercise., hasLongFeedbackText=false, reference=null, credits=0.0, positive=false, type=AUTOMATIC, visibility=ALWAYS, testCase=TestCaseDTO[testName=testAttributes[Context], id=1469]], FeedbackDTO[id=1023, text=null, detailText=The exercise expects a class with the name Policy in the package testpackage. You did not implement the class in the exercise., hasLongFeedbackText=false, reference=null, credits=0.0, positive=false, type=AUTOMATIC, visibility=ALWAYS, testCase=TestCaseDTO[testName=testAttributes[Policy], id=1470]]], assessmentType=AUTOMATIC, hasComplaint=null, exampleResult=null, testCaseCount=13, passedTestCaseCount=0, codeIssueCount=0]], BuildJobQueueItem[id=20391739576754750, name=SHORT3A680734092E404EF80A4C60FBC1E408F7D0TSTEXC-LOCALVCCIINTSTUDENT1, buildAgent=BuildAgentDTO[name=artemis-build-agent-test, memberAddress=[127.0.0.1]:5703, displayName=artemis-build-agent-test], participationId=2039, courseId=996, exerciseId=2613, retryCount=0, priority=2, status=SUCCESSFUL, repositoryInfo=RepositoryInfo[repositoryName=short3a680734092e404ef80a4c60fbc1e408f7d0tstexc-localvcciintstudent1, repositoryType=user, triggeredByPushTo=user, assignmentRepositoryUri=http://localhost:49152/git/SHORT3A680734092E404EF80A4C60FBC1E408F7D0TSTEXC/short3a680734092e404ef80a4c60fbc1e408f7d0tstexc-localvcciintstudent1.git, testRepositoryUri=http://localhost:49152/git/SHORT3A680734092E404EF80A4C60FBC1E408F7D0TSTEXC/short3a680734092e404ef80a4c60fbc1e408f7d0tstexc-tests.git, solutionRepositoryUri=null, auxiliaryRepositoryUris=[Ljava.lang.String;@a105f95, auxiliaryRepositoryCheckoutDirectories=[Ljava.lang.String;@7c476605], jobTimingInfo=JobTimingInfo[submissionDate=2025-02-14T23:45:54.750657185Z[Etc/UTC], buildStartDate=2025-02-14T23:45:54.765232948Z[Etc/UTC], buildCompletionDate=2025-02-14T23:45:55.645844970Z[Etc/UTC], estimatedCompletionDate=2025-02-14T23:46:13.765225363Z[Etc/UTC], estimatedDuration=19], buildConfig=BuildConfig[buildScript=#!/bin/bash
cd /var/tmp/testing-dir
chmod +x ./gradlew
./gradlew clean test
, dockerImage=dummy-docker-image:latest, commitHashToBuild=9344436f8d5a5ce3aa40215562db211ed501371f, assignmentCommitHash=9344436f8d5a5ce3aa40215562db211ed501371f, testCommitHash=ff421c3651ec230fed2f20f72c2901ae372be06a, branch=main, programmingLanguage=JAVA, projectType=PLAIN_GRADLE, scaEnabled=false, sequentialTestRunsEnabled=false, resultPaths=[/var/tmp/testing-dir/**/test-results/test/*.xml], timeoutSeconds=0, assignmentCheckoutPath=null, testCheckoutPath=null, solutionCheckoutPath=null, dockerRunConfig=null], submissionResult=ResultDTO[id=640, completionDate=2025-02-14T23:45:55.628250079Z[Etc/UTC], successful=false, score=7.7, rated=true, submission=SubmissionDTO[id=834, submitted=true, type=MANUAL, exampleSubmission=null, submissionDate=2025-02-14T23:45:54.732007Z, commitHash=9344436f8d5a5ce3aa40215562db211ed501371f, buildFailed=false, buildArtifact=false, participation=ParticipationDTO[id=2039, testRun=false, type=programming, submissionCount=null, exercise=ParticipationExerciseDTO[id=2613, exerciseType=PROGRAMMING, type=programming, assessmentType=AUTOMATIC, dueDate=2025-02-16T23:45:54.546562Z, assessmentDueDate=null, maxPoints=42.0, course=CourseDTO[id=996, accuracyOfScores=1]]], submissionExerciseType=programming, isProcessing=false, buildStartDate=null, estimatedCompletionDate=null], participation=ParticipationDTO[id=2039, testRun=false, type=programming, submissionCount=null, exercise=ParticipationExerciseDTO[id=2613, exerciseType=PROGRAMMING, type=programming, assessmentType=AUTOMATIC, dueDate=2025-02-16T23:45:54.546562Z, assessmentDueDate=null, maxPoints=42.0, course=CourseDTO[id=996, accuracyOfScores=1]]], feedbacks=[FeedbackDTO[id=1024, text=null, detailText=The exercise expects a class with the name Context in the package testpackage. You did not implement the class in the exercise., hasLongFeedbackText=false, reference=null, credits=0.0, positive=false, type=AUTOMATIC, visibility=ALWAYS, testCase=TestCaseDTO[testName=null, id=1513]], FeedbackDTO[id=1025, text=null, detailText=The exercise expects a class with the name Policy in the package testpackage. You did not implement the class in the exercise., hasLongFeedbackText=false, reference=null, credits=0.0, positive=false, type=AUTOMATIC, visibility=ALWAYS, testCase=TestCaseDTO[testName=null, id=1514]], FeedbackDTO[id=1026, text=null, detailText=The exercise expects a class with the name SortStrategy in the package testpackage. You did not implement the class in the exercise., hasLongFeedbackText=false, reference=null, credits=0.0, positive=false, type=AUTOMATIC, visibility=ALWAYS, testCase=TestCaseDTO[testName=null, id=1515]], FeedbackDTO[id=1027, text=null, detailText=The class 'MergeSort' does not implement the interface 'SortStrategy' as expected. Implement the interface and its methods., hasLongFeedbackText=false, reference=null, credits=0.0, positive=false, type=AUTOMATIC, visibility=ALWAYS, testCase=TestCaseDTO[testName=null, id=1510]], FeedbackDTO[id=1028, text=null, detailText=The exercise expects a class with the name SortStrategy in the package testpackage. You did not implement the class in the exercise., hasLongFeedbackText=false, reference=null, credits=0.0, positive=false, type=AUTOMATIC, visibility=ALWAYS, testCase=TestCaseDTO[testName=null, id=1507]], FeedbackDTO[id=1029, text=null, detailText=The class 'BubbleSort' does not implement the interface 'SortStrategy' as expected. Implement the interface and its methods., hasLongFeedbackText=false, reference=null, credits=0.0, positive=false, type=AUTOMATIC, visibility=ALWAYS, testCase=TestCaseDTO[testName=null, id=1511]], FeedbackDTO[id=1030, text=null, detailText=MergeSort does not sort correctly, hasLongFeedbackText=false, reference=null, credits=0.0, positive=false, type=AUTOMATIC, visibility=ALWAYS, testCase=TestCaseDTO[testName=null, id=1516]], FeedbackDTO[id=1031, text=null, detailText=The class 'Context' was not found within the submission. Make sure to implement it properly., hasLongFeedbackText=false, reference=null, credits=0.0, positive=false, type=AUTOMATIC, visibility=ALWAYS, testCase=TestCaseDTO[testName=null, id=1517]], FeedbackDTO[id=1032, text=null, detailText=The class 'Context' was not found within the submission. Make sure to implement it properly., hasLongFeedbackText=false, reference=null, credits=0.0, positive=false, type=AUTOMATIC, visibility=ALWAYS, testCase=TestCaseDTO[testName=null, id=1518]], FeedbackDTO[id=1033, text=null, detailText=The exercise expects a class with the name Policy in the package testpackage. You did not implement the class in the exercise., hasLongFeedbackText=false, reference=null, credits=0.0, positive=false, type=AUTOMATIC, visibility=ALWAYS, testCase=TestCaseDTO[testName=null, id=1512]], FeedbackDTO[id=1034, text=null, detailText=The exercise expects a class with the name Context in the package testpackage. You did not implement the class in the exercise., hasLongFeedbackText=false, reference=null, credits=0.0, positive=false, type=AUTOMATIC, visibility=ALWAYS, testCase=TestCaseDTO[testName=null, id=1508]], FeedbackDTO[id=1035, text=null, detailText=The exercise expects a class with the name Policy in the package testpackage. You did not implement the class in the exercise., hasLongFeedbackText=false, reference=null, credits=0.0, positive=false, type=AUTOMATIC, visibility=ALWAYS, testCase=TestCaseDTO[testName=null, id=1509]], FeedbackDTO[id=1036, text=null, detailText=null, hasLongFeedbackText=false, reference=null, credits=3.230769230769231, positive=true, type=AUTOMATIC, visibility=ALWAYS, testCase=TestCaseDTO[testName=null, id=1519]]], assessmentType=AUTOMATIC, hasComplaint=null, exampleResult=null, testCaseCount=13, passedTestCaseCount=1, codeIssueCount=0]], BuildJobQueueItem[id=20431739576757232, name=SHORT3945BC5E092B90459B0A7F006DF5F64347FDTSTEXC-SOLUTION, buildAgent=BuildAgentDTO[name=artemis-build-agent-test, memberAddress=[127.0.0.1]:5703, displayName=artemis-build-agent-test], participationId=2043, courseId=998, exerciseId=2615, retryCount=0, priority=2, status=SUCCESSFUL, repositoryInfo=RepositoryInfo[repositoryName=short3945bc5e092b90459b0a7f006df5f64347fdtstexc-solution, repositoryType=solution, triggeredByPushTo=solution, assignmentRepositoryUri=http://localhost:49152/git/SHORT3945BC5E092B90459B0A7F006DF5F64347FDTSTEXC/short3945bc5e092b90459b0a7f006df5f64347fdtstexc-solution.git, testRepositoryUri=http://localhost:49152/git/SHORT3945BC5E092B90459B0A7F006DF5F64347FDTSTEXC/short3945bc5e092b90459b0a7f006df5f64347fdtstexc-tests.git, solutionRepositoryUri=null, auxiliaryRepositoryUris=[Ljava.lang.String;@13cc4df5, auxiliaryRepositoryCheckoutDirectories=[Ljava.lang.String;@4458f73e], jobTimingInfo=JobTimingInfo[submissionDate=2025-02-14T23:45:57.232907777Z[Etc/UTC], buildStartDate=2025-02-14T23:45:57.240437339Z[Etc/UTC], buildCompletionDate=2025-02-14T23:45:58.062328619Z[Etc/UTC], estimatedCompletionDate=2025-02-14T23:46:16.240428743Z[Etc/UTC], estimatedDuration=19], buildConfig=BuildConfig[buildScript=#!/bin/bash
cd /var/tmp/testing-dir
chmod +x ./gradlew
./gradlew clean test
, dockerImage=dummy-docker-image:latest, commitHashToBuild=c315388a235502fd958ae3c7ffbbbbf126a8fe21, assignmentCommitHash=c315388a235502fd958ae3c7ffbbbbf126a8fe21, testCommitHash=28488095271179f4eface46480ec45511f50df5d, branch=main, programmingLanguage=JAVA, projectType=PLAIN_GRADLE, scaEnabled=false, sequentialTestRunsEnabled=false, resultPaths=[/var/tmp/testing-dir/**/test-results/test/*.xml], timeoutSeconds=0, assignmentCheckoutPath=null, testCheckoutPath=null, solutionCheckoutPath=null, dockerRunConfig=null], submissionResult=ResultDTO[id=641, completionDate=2025-02-14T23:45:58.032353400Z[Etc/UTC], successful=true, score=100.0, rated=true, submission=SubmissionDTO[id=835, submitted=true, type=MANUAL, exampleSubmission=null, submissionDate=2025-02-14T23:45:57.222714Z, commitHash=c315388a235502fd958ae3c7ffbbbbf126a8fe21, buildFailed=false, buildArtifact=false, participation=ParticipationDTO[id=2043, testRun=false, type=solution, submissionCount=null, exercise=ParticipationExerciseDTO[id=2615, exerciseType=PROGRAMMING, type=programming, assessmentType=AUTOMATIC, dueDate=2025-02-16T23:45:56.808788Z, assessmentDueDate=null, maxPoints=42.0, course=CourseDTO[id=998, accuracyOfScores=1]]], submissionExerciseType=programming, isProcessing=false, buildStartDate=null, estimatedCompletionDate=null], participation=ParticipationDTO[id=2043, testRun=false, type=solution, submissionCount=null, exercise=ParticipationExerciseDTO[id=2615, exerciseType=PROGRAMMING, type=programming, assessmentType=AUTOMATIC, dueDate=2025-02-16T23:45:56.808788Z, assessmentDueDate=null, maxPoints=42.0, course=CourseDTO[id=998, accuracyOfScores=1]]], feedbacks=[FeedbackDTO[id=1037, text=null, detailText=null, hasLongFeedbackText=false, reference=null, credits=3.230769230769231, positive=true, type=AUTOMATIC, visibility=ALWAYS, testCase=TestCaseDTO[testName=testMethods[Context], id=1539]], FeedbackDTO[id=1038, text=null, detailText=null, hasLongFeedbackText=false, reference=null, credits=3.230769230769231, positive=true, type=AUTOMATIC, visibility=ALWAYS, testCase=TestCaseDTO[testName=testMethods[Policy], id=1540]], FeedbackDTO[id=1039, text=null, detailText=null, hasLongFeedbackText=false, reference=null, credits=3.230769230769231, positive=true, type=AUTOMATIC, visibility=ALWAYS, testCase=TestCaseDTO[testName=testMethods[SortStrategy], id=1541]], FeedbackDTO[id=1040, text=null, detailText=null, hasLongFeedbackText=false, reference=null, credits=3.230769230769231, positive=true, type=AUTOMATIC, visibility=ALWAYS, testCase=TestCaseDTO[testName=testClass[MergeSort], id=1536]], FeedbackDTO[id=1041, text=null, detailText=null, hasLongFeedbackText=false, reference=null, credits=3.230769230769231, positive=true, type=AUTOMATIC, visibility=ALWAYS, testCase=TestCaseDTO[testName=testClass[SortStrategy], id=1533]], FeedbackDTO[id=1042, text=null, detailText=null, hasLongFeedbackText=false, reference=null, credits=3.230769230769231, positive=true, type=AUTOMATIC, visibility=ALWAYS, testCase=TestCaseDTO[testName=testClass[BubbleSort], id=1537]], FeedbackDTO[id=1043, text=null, detailText=null, hasLongFeedbackText=false, reference=null, credits=3.230769230769231, positive=true, type=AUTOMATIC, visibility=ALWAYS, testCase=TestCaseDTO[testName=testMergeSort(), id=1542]], FeedbackDTO[id=1044, text=null, detailText=null, hasLongFeedbackText=false, reference=null, credits=3.230769230769231, positive=true, type=AUTOMATIC, visibility=ALWAYS, testCase=TestCaseDTO[testName=testUseBubbleSortForSmallList(), id=1543]], FeedbackDTO[id=1045, text=null, detailText=null, hasLongFeedbackText=false, reference=null, credits=3.230769230769231, positive=true, type=AUTOMATIC, visibility=ALWAYS, testCase=TestCaseDTO[testName=testBubbleSort(), id=1545]], FeedbackDTO[id=1046, text=null, detailText=null, hasLongFeedbackText=false, reference=null, credits=3.230769230769231, positive=true, type=AUTOMATIC, visibility=ALWAYS, testCase=TestCaseDTO[testName=testUseMergeSortForBigList(), id=1544]], FeedbackDTO[id=1047, text=null, detailText=null, hasLongFeedbackText=false, reference=null, credits=3.230769230769231, positive=true, type=AUTOMATIC, visibility=ALWAYS, testCase=TestCaseDTO[testName=testConstructors[Policy], id=1538]], FeedbackDTO[id=1048, text=null, detailText=null, hasLongFeedbackText=false, reference=null, credits=3.230769230769231, positive=true, type=AUTOMATIC, visibility=ALWAYS, testCase=TestCaseDTO[testName=testAttributes[Context], id=1534]], FeedbackDTO[id=1049, text=null, detailText=null, hasLongFeedbackText=false, reference=null, credits=3.230769230769231, positive=true, type=AUTOMATIC, visibility=ALWAYS, testCase=TestCaseDTO[testName=testAttributes[Policy], id=1535]]], assessmentType=AUTOMATIC, hasComplaint=null, exampleResult=null, testCaseCount=13, passedTestCaseCount=13, codeIssueCount=0]], BuildJobQueueItem[id=20471739576759335, name=SHORT07624A260BD060493708A050BB6FAE261DD5TSTEXC-LOCALVCCIINTSTUDENT1, buildAgent=BuildAgentDTO[name=artemis-build-agent-test, memberAddress=[127.0.0.1]:5703, displayName=artemis-build-agent-test], participationId=2047, courseId=999, exerciseId=2616, retryCount=0, priority=2, status=SUCCESSFUL, repositoryInfo=RepositoryInfo[repositoryName=short07624a260bd060493708a050bb6fae261dd5tstexc-localvcciintstudent1, repositoryType=user, triggeredByPushTo=user, assignmentRepositoryUri=http://localhost:49152/git/SHORT07624A260BD060493708A050BB6FAE261DD5TSTEXC/short07624a260bd060493708a050bb6fae261dd5tstexc-localvcciintstudent1.git, testRepositoryUri=http://localhost:49152/git/SHORT07624A260BD060493708A050BB6FAE261DD5TSTEXC/short07624a260bd060493708a050bb6fae261dd5tstexc-tests.git, solutionRepositoryUri=null, auxiliaryRepositoryUris=[Ljava.lang.String;@4c3cf4d7, auxiliaryRepositoryCheckoutDirectories=[Ljava.lang.String;@b0cc41b], jobTimingInfo=JobTimingInfo[submissionDate=2025-02-14T23:45:59.335772293Z[Etc/UTC], buildStartDate=2025-02-14T23:45:59.344175895Z[Etc/UTC], buildCompletionDate=2025-02-14T23:46:00.603413500Z[Etc/UTC], estimatedCompletionDate=2025-02-14T23:46:18.344169813Z[Etc/UTC], estimatedDuration=19], buildConfig=BuildConfig[buildScript=#!/bin/bash
cd /var/tmp/testing-dir
chmod +x ./gradlew
./gradlew clean test
, dockerImage=dummy-docker-image:latest, commitHashToBuild=18a07c7296dd70e3280c5bdcec7fccd0be6b8148, assignmentCommitHash=18a07c7296dd70e3280c5bdcec7fccd0be6b8148, testCommitHash=d654a233667bae063bb900e455fd2da456e10333, branch=main, programmingLanguage=JAVA, projectType=PLAIN_GRADLE, scaEnabled=false, sequentialTestRunsEnabled=false, resultPaths=[/var/tmp/testing-dir/**/test-results/test/*.xml], timeoutSeconds=0, assignmentCheckoutPath=null, testCheckoutPath=null, solutionCheckoutPath=null, dockerRunConfig=null], submissionResult=ResultDTO[id=642, completionDate=2025-02-14T23:46:00.583368808Z[Etc/UTC], successful=false, score=7.7, rated=true, submission=SubmissionDTO[id=836, submitted=true, type=MANUAL, exampleSubmission=null, submissionDate=2025-02-14T23:45:59.324416Z, commitHash=18a07c7296dd70e3280c5bdcec7fccd0be6b8148, buildFailed=false, buildArtifact=false, participation=ParticipationDTO[id=2047, testRun=false, type=programming, submissionCount=null, exercise=ParticipationExerciseDTO[id=2616, exerciseType=PROGRAMMING, type=programming, assessmentType=AUTOMATIC, dueDate=2025-02-16T23:45:58.958237Z, assessmentDueDate=null, maxPoints=42.0, course=CourseDTO[id=999, accuracyOfScores=1]]], submissionExerciseType=programming, isProcessing=false, buildStartDate=null, estimatedCompletionDate=null], participation=ParticipationDTO[id=2047, testRun=false, type=programming, submissionCount=null, exercise=ParticipationExerciseDTO[id=2616, exerciseType=PROGRAMMING, type=programming, assessmentType=AUTOMATIC, dueDate=2025-02-16T23:45:58.958237Z, assessmentDueDate=null, maxPoints=42.0, course=CourseDTO[id=999, accuracyOfScores=1]]], feedbacks=[FeedbackDTO[id=1050, text=null, detailText=The exercise expects a class with the name Context in the package testpackage. You did not implement the class in the exercise., hasLongFeedbackText=false, reference=null, credits=0.0, positive=false, type=AUTOMATIC, visibility=ALWAYS, testCase=TestCaseDTO[testName=null, id=1552]], FeedbackDTO[id=1051, text=null, detailText=The exercise expects a class with the name Policy in the package testpackage. You did not implement the class in the exercise., hasLongFeedbackText=false, reference=null, credits=0.0, positive=false, type=AUTOMATIC, visibility=ALWAYS, testCase=TestCaseDTO[testName=null, id=1553]], FeedbackDTO[id=1052, text=null, detailText=The exercise expects a class with the name SortStrategy in the package testpackage. You did not implement the class in the exercise., hasLongFeedbackText=false, reference=null, credits=0.0, positive=false, type=AUTOMATIC, visibility=ALWAYS, testCase=TestCaseDTO[testName=null, id=1554]], FeedbackDTO[id=1053, text=null, detailText=The class 'MergeSort' does not implement the interface 'SortStrategy' as expected. Implement the interface and its methods., hasLongFeedbackText=false, reference=null, credits=0.0, positive=false, type=AUTOMATIC, visibility=ALWAYS, testCase=TestCaseDTO[testName=null, id=1549]], FeedbackDTO[id=1054, text=null, detailText=The exercise expects a class with the name SortStrategy in the package testpackage. You did not implement the class in the exercise., hasLongFeedbackText=false, reference=null, credits=0.0, positive=false, type=AUTOMATIC, visibility=ALWAYS, testCase=TestCaseDTO[testName=null, id=1546]], FeedbackDTO[id=1055, text=null, detailText=The class 'BubbleSort' does not implement the interface 'SortStrategy' as expected. Implement the interface and its methods., hasLongFeedbackText=false, reference=null, credits=0.0, positive=false, type=AUTOMATIC, visibility=ALWAYS, testCase=TestCaseDTO[testName=null, id=1550]], FeedbackDTO[id=1056, text=null, detailText=MergeSort does not sort correctly, hasLongFeedbackText=false, reference=null, credits=0.0, positive=false, type=AUTOMATIC, visibility=ALWAYS, testCase=TestCaseDTO[testName=null, id=1555]], FeedbackDTO[id=1057, text=null, detailText=The class 'Context' was not found within the submission. Make sure to implement it properly., hasLongFeedbackText=false, reference=null, credits=0.0, positive=false, type=AUTOMATIC, visibility=ALWAYS, testCase=TestCaseDTO[testName=null, id=1556]], FeedbackDTO[id=1058, text=null, detailText=The class 'Context' was not found within the submission. Make sure to implement it properly., hasLongFeedbackText=false, reference=null, credits=0.0, positive=false, type=AUTOMATIC, visibility=ALWAYS, testCase=TestCaseDTO[testName=null, id=1557]], FeedbackDTO[id=1059, text=null, detailText=The exercise expects a class with the name Policy in the package testpackage. You did not implement the class in the exercise., hasLongFeedbackText=false, reference=null, credits=0.0, positive=false, type=AUTOMATIC, visibility=ALWAYS, testCase=TestCaseDTO[testName=null, id=1551]], FeedbackDTO[id=1060, text=null, detailText=The exercise expects a class with the name Context in the package testpackage. You did not implement the class in the exercise., hasLongFeedbackText=false, reference=null, credits=0.0, positive=false, type=AUTOMATIC, visibility=ALWAYS, testCase=TestCaseDTO[testName=null, id=1547]], FeedbackDTO[id=1061, text=null, detailText=The exercise expects a class with the name Policy in the package testpackage. You did not implement the class in the exercise., hasLongFeedbackText=false, reference=null, credits=0.0, positive=false, type=AUTOMATIC, visibility=ALWAYS, testCase=TestCaseDTO[testName=null, id=1548]], FeedbackDTO[id=1062, text=null, detailText=null, hasLongFeedbackText=false, reference=null, credits=3.230769230769231, positive=true, type=AUTOMATIC, visibility=ALWAYS, testCase=TestCaseDTO[testName=null, id=1558]]], assessmentType=AUTOMATIC, hasComplaint=null, exampleResult=null, testCaseCount=13, passedTestCaseCount=1, codeIssueCount=0]]], publicSshKey=ssh-rsa AAAAB3NzaC1yc2EAAAADAQABAAACAQCOPdMsxRE2jFJ/UEa5/LsBxtwzJcrh3/rYBCQvcMeVpiRfhzQPWu7mrt/G2Ew+i+vRloGH9aqKg6dd1liRncao53Zmd/ePxoatXePNhmzTfkCkcSkTUz7B+QMjkoDDV5jwuFPD6mF3JkhuzSi64n9Zy905t4w2IhVcjM2mL3eYNjiCXt6Qpq3Pkt7dM/Ksw1nxnvuiIALuJLB3FTkXkHqq3PJav+9HSq2r6ZaWgekneaGxlQlb+U+Vy3XOuArKAzK8c8i+0bR+AHiTG6ncYXt7ax3U+TdlDTF7OLP3umwaYjs1NBXOHwG42pevvpKn2fqavZZozk+M05jXLx3bq0O7itxfErWc7etky8qYPyyIMF/txQIVLd78+Ze4d7Y60t5MGbXM5cGE6fFif5fEJwgswXD+BrG0cafz1CTatjSKFdvp8Vp4VszXhHDan1PrP6JEFJ5Cc5GDmLRZPCFa3vL9f5qXgf4bkqKN8MYeEujwJE5nMRWoiJVNakix2bcrrneQMBlnYeYZVWXXXUusAQBzl4NgddC1umZpihZkL1b1MffZAUW3EGEXi7KHnllQhkTLLsQ8ntMgbylqaJKStqaXlLvdeRJcEnUuiFCrHEVVbXRFZR7XVDZ02CE5o3MuaRPty8Kh+jRTF3COlAckHwYEJCNNJvXFgb2CNXL4mjzYDw== test@localhost]
    23:46:00.764 | 566 localvc.event-13 | DEBUG | s.l.LocalCIWebsocketMessagingService : Sending message on topic /topic/admin/build-agents: [BuildAgentInformation[buildAgent=BuildAgentDTO[name=artemis-build-agent-test, memberAddress=[127.0.0.1]:5703, displayName=artemis-build-agent-test], maxNumberOfConcurrentBuildJobs=1, numberOfCurrentBuildJobs=0, runningBuildJobs=[], status=IDLE, recentBuildJobs=null, publicSshKey=null]]
    23:46:00.768 | 588 artemis-task-1   | DEBUG | d.t.c.a.a.c.c.w.GzipMessageConverter : Compressed message payload from 255 to 232 (saved 9.0% payload size)
    23:46:00.772 | 566 localvc.event-13 | DEBUG | s.l.LocalCIWebsocketMessagingService : Sending message on topic /topic/admin/build-agent/artemis-build-agent-test: BuildAgentInformation[buildAgent=BuildAgentDTO[name=artemis-build-agent-test, memberAddress=[127.0.0.1]:5703, displayName=artemis-build-agent-test], maxNumberOfConcurrentBuildJobs=1, numberOfCurrentBuildJobs=0, runningBuildJobs=[], status=IDLE, recentBuildJobs=[BuildJobQueueItem[id=19361739576711303, name=SHORT9AFDAE3804CA304DDF0889A0CB0F56104A86TSTEXC-LOCALVCINTSTUDENT1, buildAgent=BuildAgentDTO[name=artemis-build-agent-test, memberAddress=[127.0.0.1]:5703, displayName=artemis-build-agent-test], participationId=1936, courseId=956, exerciseId=2573, retryCount=0, priority=2, status=FAILED, repositoryInfo=RepositoryInfo[repositoryName=short9afdae3804ca304ddf0889a0cb0f56104a86tstexc-localvcintstudent1, repositoryType=user, triggeredByPushTo=user, assignmentRepositoryUri=http://localhost:49152/git/SHORT9AFDAE3804CA304DDF0889A0CB0F56104A86TSTEXC/short9afdae3804ca304ddf0889a0cb0f56104a86tstexc-localvcintstudent1.git, testRepositoryUri=http://localhost:49152/git/SHORT9AFDAE3804CA304DDF0889A0CB0F56104A86TSTEXC/short9afdae3804ca304ddf0889a0cb0f56104a86tstexc-tests.git, solutionRepositoryUri=null, auxiliaryRepositoryUris=[Ljava.lang.String;@520db3b4, auxiliaryRepositoryCheckoutDirectories=[Ljava.lang.String;@3f4c99f2], jobTimingInfo=JobTimingInfo[submissionDate=2025-02-14T23:45:11.303805653Z[Etc/UTC], buildStartDate=2025-02-14T23:45:11.310981356Z[Etc/UTC], buildCompletionDate=2025-02-14T23:45:11.319178384Z[Etc/UTC], estimatedCompletionDate=2025-02-14T23:45:30.310974944Z[Etc/UTC], estimatedDuration=19], buildConfig=BuildConfig[buildScript=#!/bin/bash
cd /var/tmp/testing-dir
chmod +x ./gradlew
./gradlew clean test
, dockerImage=dummy-docker-image:latest, commitHashToBuild=a1099e378cffde441ef85f9b12577ca174b8e1e4, assignmentCommitHash=a1099e378cffde441ef85f9b12577ca174b8e1e4, testCommitHash=bd38d61c299ab11a1dea82a3ca5493fe04d97d47, branch=main, programmingLanguage=JAVA, projectType=PLAIN_GRADLE, scaEnabled=false, sequentialTestRunsEnabled=false, resultPaths=[/var/tmp/testing-dir/**/test-results/test/*.xml], timeoutSeconds=0, assignmentCheckoutPath=null, testCheckoutPath=null, solutionCheckoutPath=null, dockerRunConfig=null], submissionResult=ResultDTO[id=623, completionDate=2025-02-14T23:45:11.319278430Z[Etc/UTC], successful=false, score=0.0, rated=true, submission=SubmissionDTO[id=815, submitted=true, type=MANUAL, exampleSubmission=null, submissionDate=2025-02-14T23:45:11.294386Z, commitHash=a1099e378cffde441ef85f9b12577ca174b8e1e4, buildFailed=true, buildArtifact=false, participation=ParticipationDTO[id=1936, testRun=false, type=programming, submissionCount=null, exercise=ParticipationExerciseDTO[id=2573, exerciseType=PROGRAMMING, type=programming, assessmentType=AUTOMATIC, dueDate=2025-02-16T23:45:10.996982Z, assessmentDueDate=null, maxPoints=42.0, course=CourseDTO[id=956, accuracyOfScores=1]]], submissionExerciseType=programming, isProcessing=false, buildStartDate=null, estimatedCompletionDate=null], participation=ParticipationDTO[id=1936, testRun=false, type=programming, submissionCount=null, exercise=ParticipationExerciseDTO[id=2573, exerciseType=PROGRAMMING, type=programming, assessmentType=AUTOMATIC, dueDate=2025-02-16T23:45:10.996982Z, assessmentDueDate=null, maxPoints=42.0, course=CourseDTO[id=956, accuracyOfScores=1]]], feedbacks=[], assessmentType=AUTOMATIC, hasComplaint=null, exampleResult=null, testCaseCount=0, passedTestCaseCount=0, codeIssueCount=0]], BuildJobQueueItem[id=19351739576711674, name=SHORT9AFDAE3804CA304DDF0889A0CB0F56104A86TSTEXC-BASE, buildAgent=BuildAgentDTO[name=artemis-build-agent-test, memberAddress=[127.0.0.1]:5703, displayName=artemis-build-agent-test], participationId=1935, courseId=956, exerciseId=2573, retryCount=0, priority=2, status=FAILED, repositoryInfo=RepositoryInfo[repositoryName=short9afdae3804ca304ddf0889a0cb0f56104a86tstexc-exercise, repositoryType=exercise, triggeredByPushTo=exercise, assignmentRepositoryUri=http://localhost:49152/git/SHORT9AFDAE3804CA304DDF0889A0CB0F56104A86TSTEXC/short9afdae3804ca304ddf0889a0cb0f56104a86tstexc-exercise.git, testRepositoryUri=http://localhost:49152/git/SHORT9AFDAE3804CA304DDF0889A0CB0F56104A86TSTEXC/short9afdae3804ca304ddf0889a0cb0f56104a86tstexc-tests.git, solutionRepositoryUri=null, auxiliaryRepositoryUris=[Ljava.lang.String;@310798a2, auxiliaryRepositoryCheckoutDirectories=[Ljava.lang.String;@2bf1d8a0], jobTimingInfo=JobTimingInfo[submissionDate=2025-02-14T23:45:11.674556681Z[Etc/UTC], buildStartDate=2025-02-14T23:45:11.677776879Z[Etc/UTC], buildCompletionDate=2025-02-14T23:45:11.688097378Z[Etc/UTC], estimatedCompletionDate=2025-02-14T23:45:30.677771620Z[Etc/UTC], estimatedDuration=19], buildConfig=BuildConfig[buildScript=#!/bin/bash
cd /var/tmp/testing-dir
chmod +x ./gradlew
./gradlew clean test
, dockerImage=dummy-docker-image:latest, commitHashToBuild=a1099e378cffde441ef85f9b12577ca174b8e1e4, assignmentCommitHash=a1099e378cffde441ef85f9b12577ca174b8e1e4, testCommitHash=bd38d61c299ab11a1dea82a3ca5493fe04d97d47, branch=main, programmingLanguage=JAVA, projectType=PLAIN_GRADLE, scaEnabled=false, sequentialTestRunsEnabled=false, resultPaths=[/var/tmp/testing-dir/**/test-results/test/*.xml], timeoutSeconds=0, assignmentCheckoutPath=null, testCheckoutPath=null, solutionCheckoutPath=null, dockerRunConfig=null], submissionResult=ResultDTO[id=624, completionDate=2025-02-14T23:45:11.688214837Z[Etc/UTC], successful=false, score=0.0, rated=true, submission=SubmissionDTO[id=816, submitted=true, type=MANUAL, exampleSubmission=null, submissionDate=2025-02-14T23:45:11.656934Z, commitHash=a1099e378cffde441ef85f9b12577ca174b8e1e4, buildFailed=true, buildArtifact=false, participation=ParticipationDTO[id=1935, testRun=false, type=template, submissionCount=null, exercise=ParticipationExerciseDTO[id=2573, exerciseType=PROGRAMMING, type=programming, assessmentType=AUTOMATIC, dueDate=2025-02-16T23:45:10.996982Z, assessmentDueDate=null, maxPoints=42.0, course=CourseDTO[id=956, accuracyOfScores=1]]], submissionExerciseType=programming, isProcessing=false, buildStartDate=null, estimatedCompletionDate=null], participation=ParticipationDTO[id=1935, testRun=false, type=template, submissionCount=null, exercise=ParticipationExerciseDTO[id=2573, exerciseType=PROGRAMMING, type=programming, assessmentType=AUTOMATIC, dueDate=2025-02-16T23:45:10.996982Z, assessmentDueDate=null, maxPoints=42.0, course=CourseDTO[id=956, accuracyOfScores=1]]], feedbacks=[], assessmentType=AUTOMATIC, hasComplaint=null, exampleResult=null, testCaseCount=0, passedTestCaseCount=0, codeIssueCount=0]], BuildJobQueueItem[id=19341739576712112, name=SHORT9AFDAE3804CA304DDF0889A0CB0F56104A86TSTEXC-SOLUTION, buildAgent=BuildAgentDTO[name=artemis-build-agent-test, memberAddress=[127.0.0.1]:5703, displayName=artemis-build-agent-test], participationId=1934, courseId=956, exerciseId=2573, retryCount=0, priority=2, status=FAILED, repositoryInfo=RepositoryInfo[repositoryName=short9afdae3804ca304ddf0889a0cb0f56104a86tstexc-solution, repositoryType=solution, triggeredByPushTo=solution, assignmentRepositoryUri=http://localhost:49152/git/SHORT9AFDAE3804CA304DDF0889A0CB0F56104A86TSTEXC/short9afdae3804ca304ddf0889a0cb0f56104a86tstexc-solution.git, testRepositoryUri=http://localhost:49152/git/SHORT9AFDAE3804CA304DDF0889A0CB0F56104A86TSTEXC/short9afdae3804ca304ddf0889a0cb0f56104a86tstexc-tests.git, solutionRepositoryUri=null, auxiliaryRepositoryUris=[Ljava.lang.String;@14de4e79, auxiliaryRepositoryCheckoutDirectories=[Ljava.lang.String;@4f86c619], jobTimingInfo=JobTimingInfo[submissionDate=2025-02-14T23:45:12.112332872Z[Etc/UTC], buildStartDate=2025-02-14T23:45:12.121617114Z[Etc/UTC], buildCompletionDate=2025-02-14T23:45:12.127931701Z[Etc/UTC], estimatedCompletionDate=2025-02-14T23:45:31.121609600Z[Etc/UTC], estimatedDuration=19], buildConfig=BuildConfig[buildScript=#!/bin/bash
cd /var/tmp/testing-dir
chmod +x ./gradlew
./gradlew clean test
, dockerImage=dummy-docker-image:latest, commitHashToBuild=a1099e378cffde441ef85f9b12577ca174b8e1e4, assignmentCommitHash=a1099e378cffde441ef85f9b12577ca174b8e1e4, testCommitHash=bd38d61c299ab11a1dea82a3ca5493fe04d97d47, branch=main, programmingLanguage=JAVA, projectType=PLAIN_GRADLE, scaEnabled=false, sequentialTestRunsEnabled=false, resultPaths=[/var/tmp/testing-dir/**/test-results/test/*.xml], timeoutSeconds=0, assignmentCheckoutPath=null, testCheckoutPath=null, solutionCheckoutPath=null, dockerRunConfig=null], submissionResult=ResultDTO[id=625, completionDate=2025-02-14T23:45:12.128011800Z[Etc/UTC], successful=false, score=0.0, rated=true, submission=SubmissionDTO[id=817, submitted=true, type=MANUAL, exampleSubmission=null, submissionDate=2025-02-14T23:45:12.098737Z, commitHash=a1099e378cffde441ef85f9b12577ca174b8e1e4, buildFailed=true, buildArtifact=false, participation=ParticipationDTO[id=1934, testRun=false, type=solution, submissionCount=null, exercise=ParticipationExerciseDTO[id=2573, exerciseType=PROGRAMMING, type=programming, assessmentType=AUTOMATIC, dueDate=2025-02-16T23:45:10.996982Z, assessmentDueDate=null, maxPoints=42.0, course=CourseDTO[id=956, accuracyOfScores=1]]], submissionExerciseType=programming, isProcessing=false, buildStartDate=null, estimatedCompletionDate=null], participation=ParticipationDTO[id=1934, testRun=false, type=solution, submissionCount=null, exercise=ParticipationExerciseDTO[id=2573, exerciseType=PROGRAMMING, type=programming, assessmentType=AUTOMATIC, dueDate=2025-02-16T23:45:10.996982Z, assessmentDueDate=null, maxPoints=42.0, course=CourseDTO[id=956, accuracyOfScores=1]]], feedbacks=[], assessmentType=AUTOMATIC, hasComplaint=null, exampleResult=null, testCaseCount=0, passedTestCaseCount=0, codeIssueCount=0]], BuildJobQueueItem[id=19341739576713025, name=SHORT9AFDAE3804CA304DDF0889A0CB0F56104A86TSTEXC-SOLUTION, buildAgent=BuildAgentDTO[name=artemis-build-agent-test, memberAddress=[127.0.0.1]:5703, displayName=artemis-build-agent-test], participationId=1934, courseId=956, exerciseId=2573, retryCount=0, priority=2, status=FAILED, repositoryInfo=RepositoryInfo[repositoryName=short9afdae3804ca304ddf0889a0cb0f56104a86tstexc-solution, repositoryType=solution, triggeredByPushTo=tests, assignmentRepositoryUri=http://localhost:49152/git/SHORT9AFDAE3804CA304DDF0889A0CB0F56104A86TSTEXC/short9afdae3804ca304ddf0889a0cb0f56104a86tstexc-solution.git, testRepositoryUri=http://localhost:49152/git/SHORT9AFDAE3804CA304DDF0889A0CB0F56104A86TSTEXC/short9afdae3804ca304ddf0889a0cb0f56104a86tstexc-tests.git, solutionRepositoryUri=null, auxiliaryRepositoryUris=[Ljava.lang.String;@424995c3, auxiliaryRepositoryCheckoutDirectories=[Ljava.lang.String;@675861f2], jobTimingInfo=JobTimingInfo[submissionDate=2025-02-14T23:45:13.025319671Z[Etc/UTC], buildStartDate=2025-02-14T23:45:13.040293146Z[Etc/UTC], buildCompletionDate=2025-02-14T23:45:13.053032917Z[Etc/UTC], estimatedCompletionDate=2025-02-14T23:45:32.040285703Z[Etc/UTC], estimatedDuration=19], buildConfig=BuildConfig[buildScript=#!/bin/bash
cd /var/tmp/testing-dir
chmod +x ./gradlew
./gradlew clean test
, dockerImage=dummy-docker-image:latest, commitHashToBuild=784f8f0049d2a1a54f21c67dd772bea86715267a, assignmentCommitHash=a1099e378cffde441ef85f9b12577ca174b8e1e4, testCommitHash=784f8f0049d2a1a54f21c67dd772bea86715267a, branch=main, programmingLanguage=JAVA, projectType=PLAIN_GRADLE, scaEnabled=false, sequentialTestRunsEnabled=false, resultPaths=[/var/tmp/testing-dir/**/test-results/test/*.xml], timeoutSeconds=0, assignmentCheckoutPath=null, testCheckoutPath=null, solutionCheckoutPath=null, dockerRunConfig=null], submissionResult=ResultDTO[id=626, completionDate=2025-02-14T23:45:13.053131811Z[Etc/UTC], successful=false, score=0.0, rated=true, submission=SubmissionDTO[id=818, submitted=true, type=TEST, exampleSubmission=null, submissionDate=2025-02-14T23:45:13.005779Z, commitHash=784f8f0049d2a1a54f21c67dd772bea86715267a, buildFailed=true, buildArtifact=false, participation=ParticipationDTO[id=1934, testRun=false, type=solution, submissionCount=null, exercise=ParticipationExerciseDTO[id=2573, exerciseType=PROGRAMMING, type=programming, assessmentType=AUTOMATIC, dueDate=2025-02-16T23:45:10.996982Z, assessmentDueDate=null, maxPoints=42.0, course=CourseDTO[id=956, accuracyOfScores=1]]], submissionExerciseType=programming, isProcessing=false, buildStartDate=null, estimatedCompletionDate=null], participation=ParticipationDTO[id=1934, testRun=false, type=solution, submissionCount=null, exercise=ParticipationExerciseDTO[id=2573, exerciseType=PROGRAMMING, type=programming, assessmentType=AUTOMATIC, dueDate=2025-02-16T23:45:10.996982Z, assessmentDueDate=null, maxPoints=42.0, course=CourseDTO[id=956, accuracyOfScores=1]]], feedbacks=[], assessmentType=AUTOMATIC, hasComplaint=null, exampleResult=null, testCaseCount=0, passedTestCaseCount=0, codeIssueCount=0]], BuildJobQueueItem[id=19581739576715555, name=SHORTC1A3F9FC03D2304B4308FA20AF16D54AAA49TSTEXC-LOCALVCSSHINTSTUDENT1, buildAgent=BuildAgentDTO[name=artemis-build-agent-test, memberAddress=[127.0.0.1]:5703, displayName=artemis-build-agent-test], participationId=1958, courseId=965, exerciseId=2582, retryCount=0, priority=2, status=FAILED, repositoryInfo=RepositoryInfo[repositoryName=shortc1a3f9fc03d2304b4308fa20af16d54aaa49tstexc-localvcsshintstudent1, repositoryType=user, triggeredByPushTo=user, assignmentRepositoryUri=http://localhost:49152/git/SHORTC1A3F9FC03D2304B4308FA20AF16D54AAA49TSTEXC/shortc1a3f9fc03d2304b4308fa20af16d54aaa49tstexc-localvcsshintstudent1.git, testRepositoryUri=http://localhost:49152/git/SHORTC1A3F9FC03D2304B4308FA20AF16D54AAA49TSTEXC/shortc1a3f9fc03d2304b4308fa20af16d54aaa49tstexc-tests.git, solutionRepositoryUri=null, auxiliaryRepositoryUris=[Ljava.lang.String;@11356e6, auxiliaryRepositoryCheckoutDirectories=[Ljava.lang.String;@785ceed3], jobTimingInfo=JobTimingInfo[submissionDate=2025-02-14T23:45:15.555989584Z[Etc/UTC], buildStartDate=2025-02-14T23:45:15.568477627Z[Etc/UTC], buildCompletionDate=2025-02-14T23:45:15.579021148Z[Etc/UTC], estimatedCompletionDate=2025-02-14T23:45:34.568443924Z[Etc/UTC], estimatedDuration=19], buildConfig=BuildConfig[buildScript=#!/bin/bash
cd /var/tmp/testing-dir
chmod +x ./gradlew
./gradlew clean test
, dockerImage=dummy-docker-image:latest, commitHashToBuild=ca76dac20e040e6609db02fd7fedd56bf58829d7, assignmentCommitHash=ca76dac20e040e6609db02fd7fedd56bf58829d7, testCommitHash=bd0d58c226dc63bfa4bc9052870589952c0a1f83, branch=main, programmingLanguage=JAVA, projectType=PLAIN_GRADLE, scaEnabled=false, sequentialTestRunsEnabled=false, resultPaths=[/var/tmp/testing-dir/**/test-results/test/*.xml], timeoutSeconds=0, assignmentCheckoutPath=null, testCheckoutPath=null, solutionCheckoutPath=null, dockerRunConfig=null], submissionResult=ResultDTO[id=627, completionDate=2025-02-14T23:45:15.579119131Z[Etc/UTC], successful=false, score=0.0, rated=true, submission=SubmissionDTO[id=820, submitted=true, type=MANUAL, exampleSubmission=null, submissionDate=2025-02-14T23:45:15.548349Z, commitHash=ca76dac20e040e6609db02fd7fedd56bf58829d7, buildFailed=true, buildArtifact=false, participation=ParticipationDTO[id=1958, testRun=false, type=programming, submissionCount=null, exercise=ParticipationExerciseDTO[id=2582, exerciseType=PROGRAMMING, type=programming, assessmentType=AUTOMATIC, dueDate=2025-02-16T23:45:15.103512Z, assessmentDueDate=null, maxPoints=42.0, course=CourseDTO[id=965, accuracyOfScores=1]]], submissionExerciseType=programming, isProcessing=false, buildStartDate=null, estimatedCompletionDate=null], participation=ParticipationDTO[id=1958, testRun=false, type=programming, submissionCount=null, exercise=ParticipationExerciseDTO[id=2582, exerciseType=PROGRAMMING, type=programming, assessmentType=AUTOMATIC, dueDate=2025-02-16T23:45:15.103512Z, assessmentDueDate=null, maxPoints=42.0, course=CourseDTO[id=965, accuracyOfScores=1]]], feedbacks=[], assessmentType=AUTOMATIC, hasComplaint=null, exampleResult=null, testCaseCount=0, passedTestCaseCount=0, codeIssueCount=0]], BuildJobQueueItem[id=19801739576719393, name=SHORTB2A6C58B0D447045380A858075B170A5B7C6TSTEXC-LOCALVCSSHINTSTUDENT1, buildAgent=BuildAgentDTO[name=artemis-build-agent-test, memberAddress=[127.0.0.1]:5703, displayName=artemis-build-agent-test], participationId=1980, courseId=974, exerciseId=2591, retryCount=0, priority=2, status=FAILED, repositoryInfo=RepositoryInfo[repositoryName=shortb2a6c58b0d447045380a858075b170a5b7c6tstexc-localvcsshintstudent1, repositoryType=user, triggeredByPushTo=user, assignmentRepositoryUri=http://localhost:49152/git/SHORTB2A6C58B0D447045380A858075B170A5B7C6TSTEXC/shortb2a6c58b0d447045380a858075b170a5b7c6tstexc-localvcsshintstudent1.git, testRepositoryUri=http://localhost:49152/git/SHORTB2A6C58B0D447045380A858075B170A5B7C6TSTEXC/shortb2a6c58b0d447045380a858075b170a5b7c6tstexc-tests.git, solutionRepositoryUri=null, auxiliaryRepositoryUris=[Ljava.lang.String;@76359b96, auxiliaryRepositoryCheckoutDirectories=[Ljava.lang.String;@52463353], jobTimingInfo=JobTimingInfo[submissionDate=2025-02-14T23:45:19.393259829Z[Etc/UTC], buildStartDate=2025-02-14T23:45:19.405438171Z[Etc/UTC], buildCompletionDate=2025-02-14T23:45:19.414070673Z[Etc/UTC], estimatedCompletionDate=2025-02-14T23:45:38.405431569Z[Etc/UTC], estimatedDuration=19], buildConfig=BuildConfig[buildScript=#!/bin/bash
cd /var/tmp/testing-dir
chmod +x ./gradlew
./gradlew clean test
, dockerImage=dummy-docker-image:latest, commitHashToBuild=363cdbf709a9fff149f813ab848ee800a675cc77, assignmentCommitHash=363cdbf709a9fff149f813ab848ee800a675cc77, testCommitHash=a5e046ece417b2e538f21f816e2524dab61e0d10, branch=main, programmingLanguage=JAVA, projectType=PLAIN_GRADLE, scaEnabled=false, sequentialTestRunsEnabled=false, resultPaths=[/var/tmp/testing-dir/**/test-results/test/*.xml], timeoutSeconds=0, assignmentCheckoutPath=null, testCheckoutPath=null, solutionCheckoutPath=null, dockerRunConfig=null], submissionResult=ResultDTO[id=628, completionDate=2025-02-14T23:45:19.414171040Z[Etc/UTC], successful=false, score=0.0, rated=true, submission=SubmissionDTO[id=821, submitted=true, type=MANUAL, exampleSubmission=null, submissionDate=2025-02-14T23:45:19.376840Z, commitHash=363cdbf709a9fff149f813ab848ee800a675cc77, buildFailed=true, buildArtifact=false, participation=ParticipationDTO[id=1980, testRun=false, type=programming, submissionCount=null, exercise=ParticipationExerciseDTO[id=2591, exerciseType=PROGRAMMING, type=programming, assessmentType=AUTOMATIC, dueDate=2025-02-16T23:45:18.950569Z, assessmentDueDate=null, maxPoints=42.0, course=CourseDTO[id=974, accuracyOfScores=1]]], submissionExerciseType=programming, isProcessing=false, buildStartDate=null, estimatedCompletionDate=null], participation=ParticipationDTO[id=1980, testRun=false, type=programming, submissionCount=null, exercise=ParticipationExerciseDTO[id=2591, exerciseType=PROGRAMMING, type=programming, assessmentType=AUTOMATIC, dueDate=2025-02-16T23:45:18.950569Z, assessmentDueDate=null, maxPoints=42.0, course=CourseDTO[id=974, accuracyOfScores=1]]], feedbacks=[], assessmentType=AUTOMATIC, hasComplaint=null, exampleResult=null, testCaseCount=0, passedTestCaseCount=0, codeIssueCount=0]], BuildJobQueueItem[id=19791739576719787, name=SHORTB2A6C58B0D447045380A858075B170A5B7C6TSTEXC-BASE, buildAgent=BuildAgentDTO[name=artemis-build-agent-test, memberAddress=[127.0.0.1]:5703, displayName=artemis-build-agent-test], participationId=1979, courseId=974, exerciseId=2591, retryCount=0, priority=2, status=FAILED, repositoryInfo=RepositoryInfo[repositoryName=shortb2a6c58b0d447045380a858075b170a5b7c6tstexc-exercise, repositoryType=exercise, triggeredByPushTo=exercise, assignmentRepositoryUri=http://localhost:49152/git/SHORTB2A6C58B0D447045380A858075B170A5B7C6TSTEXC/shortb2a6c58b0d447045380a858075b170a5b7c6tstexc-exercise.git, testRepositoryUri=http://localhost:49152/git/SHORTB2A6C58B0D447045380A858075B170A5B7C6TSTEXC/shortb2a6c58b0d447045380a858075b170a5b7c6tstexc-tests.git, solutionRepositoryUri=null, auxiliaryRepositoryUris=[Ljava.lang.String;@4979fb9b, auxiliaryRepositoryCheckoutDirectories=[Ljava.lang.String;@564cbe11], jobTimingInfo=JobTimingInfo[submissionDate=2025-02-14T23:45:19.787985058Z[Etc/UTC], buildStartDate=2025-02-14T23:45:19.796327417Z[Etc/UTC], buildCompletionDate=2025-02-14T23:45:19.799750982Z[Etc/UTC], estimatedCompletionDate=2025-02-14T23:45:38.796319082Z[Etc/UTC], estimatedDuration=19], buildConfig=BuildConfig[buildScript=#!/bin/bash
cd /var/tmp/testing-dir
chmod +x ./gradlew
./gradlew clean test
, dockerImage=dummy-docker-image:latest, commitHashToBuild=363cdbf709a9fff149f813ab848ee800a675cc77, assignmentCommitHash=363cdbf709a9fff149f813ab848ee800a675cc77, testCommitHash=a5e046ece417b2e538f21f816e2524dab61e0d10, branch=main, programmingLanguage=JAVA, projectType=PLAIN_GRADLE, scaEnabled=false, sequentialTestRunsEnabled=false, resultPaths=[/var/tmp/testing-dir/**/test-results/test/*.xml], timeoutSeconds=0, assignmentCheckoutPath=null, testCheckoutPath=null, solutionCheckoutPath=null, dockerRunConfig=null], submissionResult=ResultDTO[id=629, completionDate=2025-02-14T23:45:19.799820341Z[Etc/UTC], successful=false, score=0.0, rated=true, submission=SubmissionDTO[id=822, submitted=true, type=MANUAL, exampleSubmission=null, submissionDate=2025-02-14T23:45:19.775952Z, commitHash=363cdbf709a9fff149f813ab848ee800a675cc77, buildFailed=true, buildArtifact=false, participation=ParticipationDTO[id=1979, testRun=false, type=template, submissionCount=null, exercise=ParticipationExerciseDTO[id=2591, exerciseType=PROGRAMMING, type=programming, assessmentType=AUTOMATIC, dueDate=2025-02-16T23:45:18.950569Z, assessmentDueDate=null, maxPoints=42.0, course=CourseDTO[id=974, accuracyOfScores=1]]], submissionExerciseType=programming, isProcessing=false, buildStartDate=null, estimatedCompletionDate=null], participation=ParticipationDTO[id=1979, testRun=false, type=template, submissionCount=null, exercise=ParticipationExerciseDTO[id=2591, exerciseType=PROGRAMMING, type=programming, assessmentType=AUTOMATIC, dueDate=2025-02-16T23:45:18.950569Z, assessmentDueDate=null, maxPoints=42.0, course=CourseDTO[id=974, accuracyOfScores=1]]], feedbacks=[], assessmentType=AUTOMATIC, hasComplaint=null, exampleResult=null, testCaseCount=0, passedTestCaseCount=0, codeIssueCount=0]], BuildJobQueueItem[id=19781739576720235, name=SHORTB2A6C58B0D447045380A858075B170A5B7C6TSTEXC-SOLUTION, buildAgent=BuildAgentDTO[name=artemis-build-agent-test, memberAddress=[127.0.0.1]:5703, displayName=artemis-build-agent-test], participationId=1978, courseId=974, exerciseId=2591, retryCount=0, priority=2, status=FAILED, repositoryInfo=RepositoryInfo[repositoryName=shortb2a6c58b0d447045380a858075b170a5b7c6tstexc-solution, repositoryType=solution, triggeredByPushTo=solution, assignmentRepositoryUri=http://localhost:49152/git/SHORTB2A6C58B0D447045380A858075B170A5B7C6TSTEXC/shortb2a6c58b0d447045380a858075b170a5b7c6tstexc-solution.git, testRepositoryUri=http://localhost:49152/git/SHORTB2A6C58B0D447045380A858075B170A5B7C6TSTEXC/shortb2a6c58b0d447045380a858075b170a5b7c6tstexc-tests.git, solutionRepositoryUri=null, auxiliaryRepositoryUris=[Ljava.lang.String;@c7f6665, auxiliaryRepositoryCheckoutDirectories=[Ljava.lang.String;@6fc01012], jobTimingInfo=JobTimingInfo[submissionDate=2025-02-14T23:45:20.235272325Z[Etc/UTC], buildStartDate=2025-02-14T23:45:20.243033812Z[Etc/UTC], buildCompletionDate=2025-02-14T23:45:20.250721018Z[Etc/UTC], estimatedCompletionDate=2025-02-14T23:45:39.243026949Z[Etc/UTC], estimatedDuration=19], buildConfig=BuildConfig[buildScript=#!/bin/bash
cd /var/tmp/testing-dir
chmod +x ./gradlew
./gradlew clean test
, dockerImage=dummy-docker-image:latest, commitHashToBuild=c710d0e68c9c7db8cda7d1a278308de2b9642cc0, assignmentCommitHash=c710d0e68c9c7db8cda7d1a278308de2b9642cc0, testCommitHash=a5e046ece417b2e538f21f816e2524dab61e0d10, branch=main, programmingLanguage=JAVA, projectType=PLAIN_GRADLE, scaEnabled=false, sequentialTestRunsEnabled=false, resultPaths=[/var/tmp/testing-dir/**/test-results/test/*.xml], timeoutSeconds=0, assignmentCheckoutPath=null, testCheckoutPath=null, solutionCheckoutPath=null, dockerRunConfig=null], submissionResult=ResultDTO[id=630, completionDate=2025-02-14T23:45:20.250809893Z[Etc/UTC], successful=false, score=0.0, rated=true, submission=SubmissionDTO[id=823, submitted=true, type=MANUAL, exampleSubmission=null, submissionDate=2025-02-14T23:45:20.211707Z, commitHash=c710d0e68c9c7db8cda7d1a278308de2b9642cc0, buildFailed=true, buildArtifact=false, participation=ParticipationDTO[id=1978, testRun=false, type=solution, submissionCount=null, exercise=ParticipationExerciseDTO[id=2591, exerciseType=PROGRAMMING, type=programming, assessmentType=AUTOMATIC, dueDate=2025-02-16T23:45:18.950569Z, assessmentDueDate=null, maxPoints=42.0, course=CourseDTO[id=974, accuracyOfScores=1]]], submissionExerciseType=programming, isProcessing=false, buildStartDate=null, estimatedCompletionDate=null], participation=ParticipationDTO[id=1978, testRun=false, type=solution, submissionCount=null, exercise=ParticipationExerciseDTO[id=2591, exerciseType=PROGRAMMING, type=programming, assessmentType=AUTOMATIC, dueDate=2025-02-16T23:45:18.950569Z, assessmentDueDate=null, maxPoints=42.0, course=CourseDTO[id=974, accuracyOfScores=1]]], feedbacks=[], assessmentType=AUTOMATIC, hasComplaint=null, exampleResult=null, testCaseCount=0, passedTestCaseCount=0, codeIssueCount=0]], BuildJobQueueItem[id=19781739576720802, name=SHORTB2A6C58B0D447045380A858075B170A5B7C6TSTEXC-SOLUTION, buildAgent=BuildAgentDTO[name=artemis-build-agent-test, memberAddress=[127.0.0.1]:5703, displayName=artemis-build-agent-test], participationId=1978, courseId=974, exerciseId=2591, retryCount=0, priority=2, status=FAILED, repositoryInfo=RepositoryInfo[repositoryName=shortb2a6c58b0d447045380a858075b170a5b7c6tstexc-solution, repositoryType=solution, triggeredByPushTo=tests, assignmentRepositoryUri=http://localhost:49152/git/SHORTB2A6C58B0D447045380A858075B170A5B7C6TSTEXC/shortb2a6c58b0d447045380a858075b170a5b7c6tstexc-solution.git, testRepositoryUri=http://localhost:49152/git/SHORTB2A6C58B0D447045380A858075B170A5B7C6TSTEXC/shortb2a6c58b0d447045380a858075b170a5b7c6tstexc-tests.git, solutionRepositoryUri=null, auxiliaryRepositoryUris=[Ljava.lang.String;@69639b52, auxiliaryRepositoryCheckoutDirectories=[Ljava.lang.String;@5a6c1c59], jobTimingInfo=JobTimingInfo[submissionDate=2025-02-14T23:45:20.802935026Z[Etc/UTC], buildStartDate=2025-02-14T23:45:20.809306435Z[Etc/UTC], buildCompletionDate=2025-02-14T23:45:20.822452342Z[Etc/UTC], estimatedCompletionDate=2025-02-14T23:45:39.809298491Z[Etc/UTC], estimatedDuration=19], buildConfig=BuildConfig[buildScript=#!/bin/bash
cd /var/tmp/testing-dir
chmod +x ./gradlew
./gradlew clean test
, dockerImage=dummy-docker-image:latest, commitHashToBuild=c710d0e68c9c7db8cda7d1a278308de2b9642cc0, assignmentCommitHash=c710d0e68c9c7db8cda7d1a278308de2b9642cc0, testCommitHash=c710d0e68c9c7db8cda7d1a278308de2b9642cc0, branch=main, programmingLanguage=JAVA, projectType=PLAIN_GRADLE, scaEnabled=false, sequentialTestRunsEnabled=false, resultPaths=[/var/tmp/testing-dir/**/test-results/test/*.xml], timeoutSeconds=0, assignmentCheckoutPath=null, testCheckoutPath=null, solutionCheckoutPath=null, dockerRunConfig=null], submissionResult=ResultDTO[id=631, completionDate=2025-02-14T23:45:20.822527362Z[Etc/UTC], successful=false, score=0.0, rated=true, submission=SubmissionDTO[id=824, submitted=true, type=TEST, exampleSubmission=null, submissionDate=2025-02-14T23:45:20.791240Z, commitHash=c710d0e68c9c7db8cda7d1a278308de2b9642cc0, buildFailed=true, buildArtifact=false, participation=ParticipationDTO[id=1978, testRun=false, type=solution, submissionCount=null, exercise=ParticipationExerciseDTO[id=2591, exerciseType=PROGRAMMING, type=programming, assessmentType=AUTOMATIC, dueDate=2025-02-16T23:45:18.950569Z, assessmentDueDate=null, maxPoints=42.0, course=CourseDTO[id=974, accuracyOfScores=1]]], submissionExerciseType=programming, isProcessing=false, buildStartDate=null, estimatedCompletionDate=null], participation=ParticipationDTO[id=1978, testRun=false, type=solution, submissionCount=null, exercise=ParticipationExerciseDTO[id=2591, exerciseType=PROGRAMMING, type=programming, assessmentType=AUTOMATIC, dueDate=2025-02-16T23:45:18.950569Z, assessmentDueDate=null, maxPoints=42.0, course=CourseDTO[id=974, accuracyOfScores=1]]], feedbacks=[], assessmentType=AUTOMATIC, hasComplaint=null, exampleResult=null, testCaseCount=0, passedTestCaseCount=0, codeIssueCount=0]], BuildJobQueueItem[id=20061739576732554, name=SHORT94A899E303D7504C5D0840704DAAFA3DFF4DTSTEXC-LOCALVCCIINTINSTRUCTOR1, buildAgent=BuildAgentDTO[name=artemis-build-agent-test, memberAddress=[127.0.0.1]:5703, displayName=artemis-build-agent-test], participationId=2006, courseId=984, exerciseId=2601, retryCount=0, priority=2, status=SUCCESSFUL, repositoryInfo=RepositoryInfo[repositoryName=short94a899e303d7504c5d0840704daafa3dff4dtstexc-localvcciintinstructor1, repositoryType=user, triggeredByPushTo=user, assignmentRepositoryUri=http://localhost:49152/git/SHORT94A899E303D7504C5D0840704DAAFA3DFF4DTSTEXC/short94a899e303d7504c5d0840704daafa3dff4dtstexc-localvcciintinstructor1.git, testRepositoryUri=http://localhost:49152/git/SHORT94A899E303D7504C5D0840704DAAFA3DFF4DTSTEXC/short94a899e303d7504c5d0840704daafa3dff4dtstexc-tests.git, solutionRepositoryUri=null, auxiliaryRepositoryUris=[Ljava.lang.String;@2dd7053f, auxiliaryRepositoryCheckoutDirectories=[Ljava.lang.String;@42f8c017], jobTimingInfo=JobTimingInfo[submissionDate=2025-02-14T23:45:32.554795798Z[Etc/UTC], buildStartDate=2025-02-14T23:45:32.567287465Z[Etc/UTC], buildCompletionDate=2025-02-14T23:45:34.535226768Z[Etc/UTC], estimatedCompletionDate=2025-02-14T23:45:51.567257960Z[Etc/UTC], estimatedDuration=19], buildConfig=BuildConfig[buildScript=#!/bin/bash
cd /var/tmp/testing-dir
chmod +x ./gradlew
./gradlew clean test
, dockerImage=dummy-docker-image:latest, commitHashToBuild=ca2dbc0ae87edf7035058a6a17c0ea60e90a290f, assignmentCommitHash=ca2dbc0ae87edf7035058a6a17c0ea60e90a290f, testCommitHash=0207f6f98af5fbb66ad68455f3fc3cf128af8ae9, branch=main, programmingLanguage=JAVA, projectType=PLAIN_GRADLE, scaEnabled=false, sequentialTestRunsEnabled=false, resultPaths=[/var/tmp/testing-dir/**/test-results/test/*.xml], timeoutSeconds=0, assignmentCheckoutPath=null, testCheckoutPath=null, solutionCheckoutPath=null, dockerRunConfig=null], submissionResult=ResultDTO[id=632, completionDate=2025-02-14T23:45:34.504415716Z[Etc/UTC], successful=false, score=7.7, rated=false, submission=SubmissionDTO[id=826, submitted=true, type=MANUAL, exampleSubmission=null, submissionDate=2025-02-14T23:45:32.541533Z, commitHash=ca2dbc0ae87edf7035058a6a17c0ea60e90a290f, buildFailed=false, buildArtifact=false, participation=ParticipationDTO[id=2006, testRun=true, type=programming, submissionCount=null, exercise=ParticipationExerciseDTO[id=2601, exerciseType=PROGRAMMING, type=programming, assessmentType=AUTOMATIC, dueDate=2025-02-16T23:45:31.864042Z, assessmentDueDate=null, maxPoints=42.0, course=CourseDTO[id=984, accuracyOfScores=1]]], submissionExerciseType=programming, isProcessing=false, buildStartDate=null, estimatedCompletionDate=null], participation=ParticipationDTO[id=2006, testRun=true, type=programming, submissionCount=null, exercise=ParticipationExerciseDTO[id=2601, exerciseType=PROGRAMMING, type=programming, assessmentType=AUTOMATIC, dueDate=2025-02-16T23:45:31.864042Z, assessmentDueDate=null, maxPoints=42.0, course=CourseDTO[id=984, accuracyOfScores=1]]], feedbacks=[FeedbackDTO[id=920, text=null, detailText=The exercise expects a class with the name Context in the package testpackage. You did not implement the class in the exercise., hasLongFeedbackText=false, reference=null, credits=0.0, positive=false, type=AUTOMATIC, visibility=ALWAYS, testCase=TestCaseDTO[testName=null, id=1357]], FeedbackDTO[id=921, text=null, detailText=The exercise expects a class with the name Policy in the package testpackage. You did not implement the class in the exercise., hasLongFeedbackText=false, reference=null, credits=0.0, positive=false, type=AUTOMATIC, visibility=ALWAYS, testCase=TestCaseDTO[testName=null, id=1358]], FeedbackDTO[id=922, text=null, detailText=The exercise expects a class with the name SortStrategy in the package testpackage. You did not implement the class in the exercise., hasLongFeedbackText=false, reference=null, credits=0.0, positive=false, type=AUTOMATIC, visibility=ALWAYS, testCase=TestCaseDTO[testName=null, id=1359]], FeedbackDTO[id=923, text=null, detailText=The class 'MergeSort' does not implement the interface 'SortStrategy' as expected. Implement the interface and its methods., hasLongFeedbackText=false, reference=null, credits=0.0, positive=false, type=AUTOMATIC, visibility=ALWAYS, testCase=TestCaseDTO[testName=null, id=1354]], FeedbackDTO[id=924, text=null, detailText=The exercise expects a class with the name SortStrategy in the package testpackage. You did not implement the class in the exercise., hasLongFeedbackText=false, reference=null, credits=0.0, positive=false, type=AUTOMATIC, visibility=ALWAYS, testCase=TestCaseDTO[testName=null, id=1351]], FeedbackDTO[id=925, text=null, detailText=The class 'BubbleSort' does not implement the interface 'SortStrategy' as expected. Implement the interface and its methods., hasLongFeedbackText=false, reference=null, credits=0.0, positive=false, type=AUTOMATIC, visibility=ALWAYS, testCase=TestCaseDTO[testName=null, id=1355]], FeedbackDTO[id=926, text=null, detailText=MergeSort does not sort correctly, hasLongFeedbackText=false, reference=null, credits=0.0, positive=false, type=AUTOMATIC, visibility=ALWAYS, testCase=TestCaseDTO[testName=null, id=1360]], FeedbackDTO[id=927, text=null, detailText=The class 'Context' was not found within the submission. Make sure to implement it properly., hasLongFeedbackText=false, reference=null, credits=0.0, positive=false, type=AUTOMATIC, visibility=ALWAYS, testCase=TestCaseDTO[testName=null, id=1361]], FeedbackDTO[id=928, text=null, detailText=The class 'Context' was not found within the submission. Make sure to implement it properly., hasLongFeedbackText=false, reference=null, credits=0.0, positive=false, type=AUTOMATIC, visibility=ALWAYS, testCase=TestCaseDTO[testName=null, id=1362]], FeedbackDTO[id=929, text=null, detailText=The exercise expects a class with the name Policy in the package testpackage. You did not implement the class in the exercise., hasLongFeedbackText=false, reference=null, credits=0.0, positive=false, type=AUTOMATIC, visibility=ALWAYS, testCase=TestCaseDTO[testName=null, id=1356]], FeedbackDTO[id=930, text=null, detailText=The exercise expects a class with the name Context in the package testpackage. You did not implement the class in the exercise., hasLongFeedbackText=false, reference=null, credits=0.0, positive=false, type=AUTOMATIC, visibility=ALWAYS, testCase=TestCaseDTO[testName=null, id=1352]], FeedbackDTO[id=931, text=null, detailText=The exercise expects a class with the name Policy in the package testpackage. You did not implement the class in the exercise., hasLongFeedbackText=false, reference=null, credits=0.0, positive=false, type=AUTOMATIC, visibility=ALWAYS, testCase=TestCaseDTO[testName=null, id=1353]], FeedbackDTO[id=932, text=null, detailText=null, hasLongFeedbackText=false, reference=null, credits=3.230769230769231, positive=true, type=AUTOMATIC, visibility=ALWAYS, testCase=TestCaseDTO[testName=null, id=1363]]], assessmentType=AUTOMATIC, hasComplaint=null, exampleResult=null, testCaseCount=13, passedTestCaseCount=1, codeIssueCount=0]], BuildJobQueueItem[id=20111739576737317, name=SHORTD49A6DAE04F9E049850BD5601663FD17A5B7TSTEXC-BASE, buildAgent=BuildAgentDTO[name=artemis-build-agent-test, memberAddress=[127.0.0.1]:5703, displayName=artemis-build-agent-test], participationId=2011, courseId=986, exerciseId=2603, retryCount=0, priority=2, status=SUCCESSFUL, repositoryInfo=RepositoryInfo[repositoryName=shortd49a6dae04f9e049850bd5601663fd17a5b7tstexc-exercise, repositoryType=exercise, triggeredByPushTo=exercise, assignmentRepositoryUri=http://localhost:49152/git/SHORTD49A6DAE04F9E049850BD5601663FD17A5B7TSTEXC/shortd49a6dae04f9e049850bd5601663fd17a5b7tstexc-exercise.git, testRepositoryUri=http://localhost:49152/git/SHORTD49A6DAE04F9E049850BD5601663FD17A5B7TSTEXC/shortd49a6dae04f9e049850bd5601663fd17a5b7tstexc-tests.git, solutionRepositoryUri=null, auxiliaryRepositoryUris=[Ljava.lang.String;@37347a11, auxiliaryRepositoryCheckoutDirectories=[Ljava.lang.String;@d00267a], jobTimingInfo=JobTimingInfo[submissionDate=2025-02-14T23:45:37.317968648Z[Etc/UTC], buildStartDate=2025-02-14T23:45:37.324534774Z[Etc/UTC], buildCompletionDate=2025-02-14T23:45:38.527225461Z[Etc/UTC], estimatedCompletionDate=2025-02-14T23:45:56.324506331Z[Etc/UTC], estimatedDuration=19], buildConfig=BuildConfig[buildScript=#!/bin/bash
cd /var/tmp/testing-dir
chmod +x ./gradlew
./gradlew clean test
, dockerImage=dummy-docker-image:latest, commitHashToBuild=c795243c185829bbefa399f45dcbcfac22311b2f, assignmentCommitHash=c795243c185829bbefa399f45dcbcfac22311b2f, testCommitHash=fa8b162170bf767d852e05e0eb7a128efa2e1f34, branch=main, programmingLanguage=JAVA, projectType=PLAIN_GRADLE, scaEnabled=false, sequentialTestRunsEnabled=false, resultPaths=[/var/tmp/testing-dir/**/test-results/test/*.xml], timeoutSeconds=0, assignmentCheckoutPath=null, testCheckoutPath=null, solutionCheckoutPath=null, dockerRunConfig=null], submissionResult=ResultDTO[id=633, completionDate=2025-02-14T23:45:38.476795726Z[Etc/UTC], successful=false, score=0.0, rated=true, submission=SubmissionDTO[id=827, submitted=true, type=MANUAL, exampleSubmission=null, submissionDate=2025-02-14T23:45:37.303401Z, commitHash=c795243c185829bbefa399f45dcbcfac22311b2f, buildFailed=false, buildArtifact=false, participation=ParticipationDTO[id=2011, testRun=false, type=template, submissionCount=null, exercise=ParticipationExerciseDTO[id=2603, exerciseType=PROGRAMMING, type=programming, assessmentType=AUTOMATIC, dueDate=2025-02-16T23:45:36.830269Z, assessmentDueDate=null, maxPoints=42.0, course=CourseDTO[id=986, accuracyOfScores=1]]], submissionExerciseType=programming, isProcessing=false, buildStartDate=null, estimatedCompletionDate=null], participation=ParticipationDTO[id=2011, testRun=false, type=template, submissionCount=null, exercise=ParticipationExerciseDTO[id=2603, exerciseType=PROGRAMMING, type=programming, assessmentType=AUTOMATIC, dueDate=2025-02-16T23:45:36.830269Z, assessmentDueDate=null, maxPoints=42.0, course=CourseDTO[id=986, accuracyOfScores=1]]], feedbacks=[FeedbackDTO[id=933, text=null, detailText=The exercise expects a class with the name Context in the package testpackage. You did not implement the class in the exercise., hasLongFeedbackText=false, reference=null, credits=0.0, positive=false, type=AUTOMATIC, visibility=ALWAYS, testCase=TestCaseDTO[testName=testMethods[Context], id=1383]], FeedbackDTO[id=934, text=null, detailText=The exercise expects a class with the name Policy in the package testpackage. You did not implement the class in the exercise., hasLongFeedbackText=false, reference=null, credits=0.0, positive=false, type=AUTOMATIC, visibility=ALWAYS, testCase=TestCaseDTO[testName=testMethods[Policy], id=1384]], FeedbackDTO[id=935, text=null, detailText=The exercise expects a class with the name SortStrategy in the package testpackage. You did not implement the class in the exercise., hasLongFeedbackText=false, reference=null, credits=0.0, positive=false, type=AUTOMATIC, visibility=ALWAYS, testCase=TestCaseDTO[testName=testMethods[SortStrategy], id=1385]], FeedbackDTO[id=936, text=null, detailText=The class 'MergeSort' does not implement the interface 'SortStrategy' as expected. Implement the interface and its methods., hasLongFeedbackText=false, reference=null, credits=0.0, positive=false, type=AUTOMATIC, visibility=ALWAYS, testCase=TestCaseDTO[testName=testClass[MergeSort], id=1380]], FeedbackDTO[id=937, text=null, detailText=The exercise expects a class with the name SortStrategy in the package testpackage. You did not implement the class in the exercise., hasLongFeedbackText=false, reference=null, credits=0.0, positive=false, type=AUTOMATIC, visibility=ALWAYS, testCase=TestCaseDTO[testName=testClass[SortStrategy], id=1377]], FeedbackDTO[id=938, text=null, detailText=The class 'BubbleSort' does not implement the interface 'SortStrategy' as expected. Implement the interface and its methods., hasLongFeedbackText=false, reference=null, credits=0.0, positive=false, type=AUTOMATIC, visibility=ALWAYS, testCase=TestCaseDTO[testName=testClass[BubbleSort], id=1381]], FeedbackDTO[id=939, text=null, detailText=MergeSort does not sort correctly, hasLongFeedbackText=false, reference=null, credits=0.0, positive=false, type=AUTOMATIC, visibility=ALWAYS, testCase=TestCaseDTO[testName=testMergeSort(), id=1386]], FeedbackDTO[id=940, text=null, detailText=The class 'Context' was not found within the submission. Make sure to implement it properly., hasLongFeedbackText=false, reference=null, credits=0.0, positive=false, type=AUTOMATIC, visibility=ALWAYS, testCase=TestCaseDTO[testName=testUseBubbleSortForSmallList(), id=1387]], FeedbackDTO[id=941, text=null, detailText=BubbleSort does not sort correctly, hasLongFeedbackText=false, reference=null, credits=0.0, positive=false, type=AUTOMATIC, visibility=ALWAYS, testCase=TestCaseDTO[testName=testBubbleSort(), id=1389]], FeedbackDTO[id=942, text=null, detailText=The class 'Context' was not found within the submission. Make sure to implement it properly., hasLongFeedbackText=false, reference=null, credits=0.0, positive=false, type=AUTOMATIC, visibility=ALWAYS, testCase=TestCaseDTO[testName=testUseMergeSortForBigList(), id=1388]], FeedbackDTO[id=943, text=null, detailText=The exercise expects a class with the name Policy in the package testpackage. You did not implement the class in the exercise., hasLongFeedbackText=false, reference=null, credits=0.0, positive=false, type=AUTOMATIC, visibility=ALWAYS, testCase=TestCaseDTO[testName=testConstructors[Policy], id=1382]], FeedbackDTO[id=944, text=null, detailText=The exercise expects a class with the name Context in the package testpackage. You did not implement the class in the exercise., hasLongFeedbackText=false, reference=null, credits=0.0, positive=false, type=AUTOMATIC, visibility=ALWAYS, testCase=TestCaseDTO[testName=testAttributes[Context], id=1378]], FeedbackDTO[id=945, text=null, detailText=The exercise expects a class with the name Policy in the package testpackage. You did not implement the class in the exercise., hasLongFeedbackText=false, reference=null, credits=0.0, positive=false, type=AUTOMATIC, visibility=ALWAYS, testCase=TestCaseDTO[testName=testAttributes[Policy], id=1379]]], assessmentType=AUTOMATIC, hasComplaint=null, exampleResult=null, testCaseCount=13, passedTestCaseCount=0, codeIssueCount=0]], BuildJobQueueItem[id=20171739576740018, name=SHORT7914AFA00ADC3047140B99D01AC07810CE44TSTEXC-LOCALVCCIINTSTUDENT1, buildAgent=BuildAgentDTO[name=artemis-build-agent-test, memberAddress=[127.0.0.1]:5703, displayName=artemis-build-agent-test], participationId=2017, courseId=988, exerciseId=2605, retryCount=0, priority=2, status=SUCCESSFUL, repositoryInfo=RepositoryInfo[repositoryName=short7914afa00adc3047140b99d01ac07810ce44tstexc-practice-localvcciintstudent1, repositoryType=user, triggeredByPushTo=user, assignmentRepositoryUri=http://localhost:49152/git/SHORT7914AFA00ADC3047140B99D01AC07810CE44TSTEXC/short7914afa00adc3047140b99d01ac07810ce44tstexc-practice-localvcciintstudent1.git, testRepositoryUri=http://localhost:49152/git/SHORT7914AFA00ADC3047140B99D01AC07810CE44TSTEXC/short7914afa00adc3047140b99d01ac07810ce44tstexc-tests.git, solutionRepositoryUri=null, auxiliaryRepositoryUris=[Ljava.lang.String;@186b3418, auxiliaryRepositoryCheckoutDirectories=[Ljava.lang.String;@1c17b77a], jobTimingInfo=JobTimingInfo[submissionDate=2025-02-14T23:45:40.018961253Z[Etc/UTC], buildStartDate=2025-02-14T23:45:40.029742701Z[Etc/UTC], buildCompletionDate=2025-02-14T23:45:41.150208242Z[Etc/UTC], estimatedCompletionDate=2025-02-14T23:45:59.029734065Z[Etc/UTC], estimatedDuration=19], buildConfig=BuildConfig[buildScript=#!/bin/bash
cd /var/tmp/testing-dir
chmod +x ./gradlew
./gradlew clean test
, dockerImage=dummy-docker-image:latest, commitHashToBuild=d80b57877989b971e83ccdb4863c8a7023c76266, assignmentCommitHash=d80b57877989b971e83ccdb4863c8a7023c76266, testCommitHash=327b116890c92b1312314341f43f21ef13ecf7d7, branch=main, programmingLanguage=JAVA, projectType=PLAIN_GRADLE, scaEnabled=false, sequentialTestRunsEnabled=false, resultPaths=[/var/tmp/testing-dir/**/test-results/test/*.xml], timeoutSeconds=0, assignmentCheckoutPath=null, testCheckoutPath=null, solutionCheckoutPath=null, dockerRunConfig=null], submissionResult=ResultDTO[id=634, completionDate=2025-02-14T23:45:41.120192603Z[Etc/UTC], successful=false, score=7.7, rated=false, submission=SubmissionDTO[id=828, submitted=true, type=MANUAL, exampleSubmission=null, submissionDate=2025-02-14T23:45:40.008666Z, commitHash=d80b57877989b971e83ccdb4863c8a7023c76266, buildFailed=false, buildArtifact=false, participation=ParticipationDTO[id=2017, testRun=true, type=programming, submissionCount=null, exercise=ParticipationExerciseDTO[id=2605, exerciseType=PROGRAMMING, type=programming, assessmentType=AUTOMATIC, dueDate=2025-02-16T23:45:39.523500Z, assessmentDueDate=null, maxPoints=42.0, course=CourseDTO[id=988, accuracyOfScores=1]]], submissionExerciseType=programming, isProcessing=false, buildStartDate=null, estimatedCompletionDate=null], participation=ParticipationDTO[id=2017, testRun=true, type=programming, submissionCount=null, exercise=ParticipationExerciseDTO[id=2605, exerciseType=PROGRAMMING, type=programming, assessmentType=AUTOMATIC, dueDate=2025-02-16T23:45:39.523500Z, assessmentDueDate=null, maxPoints=42.0, course=CourseDTO[id=988, accuracyOfScores=1]]], feedbacks=[FeedbackDTO[id=946, text=null, detailText=The exercise expects a class with the name Context in the package testpackage. You did not implement the class in the exercise., hasLongFeedbackText=false, reference=null, credits=0.0, positive=false, type=AUTOMATIC, visibility=ALWAYS, testCase=TestCaseDTO[testName=null, id=1409]], FeedbackDTO[id=947, text=null, detailText=The exercise expects a class with the name Policy in the package testpackage. You did not implement the class in the exercise., hasLongFeedbackText=false, reference=null, credits=0.0, positive=false, type=AUTOMATIC, visibility=ALWAYS, testCase=TestCaseDTO[testName=null, id=1410]], FeedbackDTO[id=948, text=null, detailText=The exercise expects a class with the name SortStrategy in the package testpackage. You did not implement the class in the exercise., hasLongFeedbackText=false, reference=null, credits=0.0, positive=false, type=AUTOMATIC, visibility=ALWAYS, testCase=TestCaseDTO[testName=null, id=1411]], FeedbackDTO[id=949, text=null, detailText=The class 'MergeSort' does not implement the interface 'SortStrategy' as expected. Implement the interface and its methods., hasLongFeedbackText=false, reference=null, credits=0.0, positive=false, type=AUTOMATIC, visibility=ALWAYS, testCase=TestCaseDTO[testName=null, id=1406]], FeedbackDTO[id=950, text=null, detailText=The exercise expects a class with the name SortStrategy in the package testpackage. You did not implement the class in the exercise., hasLongFeedbackText=false, reference=null, credits=0.0, positive=false, type=AUTOMATIC, visibility=ALWAYS, testCase=TestCaseDTO[testName=null, id=1403]], FeedbackDTO[id=951, text=null, detailText=The class 'BubbleSort' does not implement the interface 'SortStrategy' as expected. Implement the interface and its methods., hasLongFeedbackText=false, reference=null, credits=0.0, positive=false, type=AUTOMATIC, visibility=ALWAYS, testCase=TestCaseDTO[testName=null, id=1407]], FeedbackDTO[id=952, text=null, detailText=MergeSort does not sort correctly, hasLongFeedbackText=false, reference=null, credits=0.0, positive=false, type=AUTOMATIC, visibility=ALWAYS, testCase=TestCaseDTO[testName=null, id=1412]], FeedbackDTO[id=953, text=null, detailText=The class 'Context' was not found within the submission. Make sure to implement it properly., hasLongFeedbackText=false, reference=null, credits=0.0, positive=false, type=AUTOMATIC, visibility=ALWAYS, testCase=TestCaseDTO[testName=null, id=1413]], FeedbackDTO[id=954, text=null, detailText=The class 'Context' was not found within the submission. Make sure to implement it properly., hasLongFeedbackText=false, reference=null, credits=0.0, positive=false, type=AUTOMATIC, visibility=ALWAYS, testCase=TestCaseDTO[testName=null, id=1414]], FeedbackDTO[id=955, text=null, detailText=The exercise expects a class with the name Policy in the package testpackage. You did not implement the class in the exercise., hasLongFeedbackText=false, reference=null, credits=0.0, positive=false, type=AUTOMATIC, visibility=ALWAYS, testCase=TestCaseDTO[testName=null, id=1408]], FeedbackDTO[id=956, text=null, detailText=The exercise expects a class with the name Context in the package testpackage. You did not implement the class in the exercise., hasLongFeedbackText=false, reference=null, credits=0.0, positive=false, type=AUTOMATIC, visibility=ALWAYS, testCase=TestCaseDTO[testName=null, id=1404]], FeedbackDTO[id=957, text=null, detailText=The exercise expects a class with the name Policy in the package testpackage. You did not implement the class in the exercise., hasLongFeedbackText=false, reference=null, credits=0.0, positive=false, type=AUTOMATIC, visibility=ALWAYS, testCase=TestCaseDTO[testName=null, id=1405]], FeedbackDTO[id=958, text=null, detailText=null, hasLongFeedbackText=false, reference=null, credits=3.230769230769231, positive=true, type=AUTOMATIC, visibility=ALWAYS, testCase=TestCaseDTO[testName=null, id=1415]]], assessmentType=AUTOMATIC, hasComplaint=null, exampleResult=null, testCaseCount=13, passedTestCaseCount=1, codeIssueCount=0]], BuildJobQueueItem[id=20261739576743984, name=SHORT53C73BE505404043100AC2F00C039353CE8FTSTEXC-LOCALVCCIINTSTUDENT1, buildAgent=BuildAgentDTO[name=artemis-build-agent-test, memberAddress=[127.0.0.1]:5703, displayName=artemis-build-agent-test], participationId=2026, courseId=991, exerciseId=2608, retryCount=0, priority=1, status=SUCCESSFUL, repositoryInfo=RepositoryInfo[repositoryName=short53c73be505404043100ac2f00c039353ce8ftstexc-localvcciintstudent1, repositoryType=user, triggeredByPushTo=user, assignmentRepositoryUri=http://localhost:49152/git/SHORT53C73BE505404043100AC2F00C039353CE8FTSTEXC/short53c73be505404043100ac2f00c039353ce8ftstexc-localvcciintstudent1.git, testRepositoryUri=http://localhost:49152/git/SHORT53C73BE505404043100AC2F00C039353CE8FTSTEXC/short53c73be505404043100ac2f00c039353ce8ftstexc-tests.git, solutionRepositoryUri=null, auxiliaryRepositoryUris=[Ljava.lang.String;@867b21b, auxiliaryRepositoryCheckoutDirectories=[Ljava.lang.String;@4d8769b], jobTimingInfo=JobTimingInfo[submissionDate=2025-02-14T23:45:43.984518859Z[Etc/UTC], buildStartDate=2025-02-14T23:45:43.991385682Z[Etc/UTC], buildCompletionDate=2025-02-14T23:45:44.982059928Z[Etc/UTC], estimatedCompletionDate=2025-02-14T23:46:02.991380122Z[Etc/UTC], estimatedDuration=19], buildConfig=BuildConfig[buildScript=#!/bin/bash
cd /var/tmp/testing-dir
chmod +x ./gradlew
./gradlew clean test
, dockerImage=dummy-docker-image:latest, commitHashToBuild=3e90ae9fef2e44ffb41451a080bdaa6a44ad6848, assignmentCommitHash=3e90ae9fef2e44ffb41451a080bdaa6a44ad6848, testCommitHash=0582754c87aae13e640312855ce7dbe490ecb50c, branch=main, programmingLanguage=JAVA, projectType=PLAIN_GRADLE, scaEnabled=false, sequentialTestRunsEnabled=false, resultPaths=[/var/tmp/testing-dir/**/test-results/test/*.xml], timeoutSeconds=0, assignmentCheckoutPath=null, testCheckoutPath=null, solutionCheckoutPath=null, dockerRunConfig=null], submissionResult=ResultDTO[id=635, completionDate=2025-02-14T23:45:44.961313737Z[Etc/UTC], successful=false, score=7.7, rated=true, submission=SubmissionDTO[id=829, submitted=true, type=MANUAL, exampleSubmission=null, submissionDate=2025-02-14T23:45:43.967766Z, commitHash=3e90ae9fef2e44ffb41451a080bdaa6a44ad6848, buildFailed=false, buildArtifact=false, participation=ParticipationDTO[id=2026, testRun=false, type=programming, submissionCount=null, exercise=ParticipationExerciseDTO[id=2608, exerciseType=PROGRAMMING, type=programming, assessmentType=AUTOMATIC, dueDate=2025-02-16T23:45:43.597978Z, assessmentDueDate=null, maxPoints=42.0, course=CourseDTO[id=991, accuracyOfScores=1]]], submissionExerciseType=programming, isProcessing=false, buildStartDate=null, estimatedCompletionDate=null], participation=ParticipationDTO[id=2026, testRun=false, type=programming, submissionCount=null, exercise=ParticipationExerciseDTO[id=2608, exerciseType=PROGRAMMING, type=programming, assessmentType=AUTOMATIC, dueDate=2025-02-16T23:45:43.597978Z, assessmentDueDate=null, maxPoints=42.0, course=CourseDTO[id=991, accuracyOfScores=1]]], feedbacks=[FeedbackDTO[id=959, text=null, detailText=The exercise expects a class with the name Context in the package testpackage. You did not implement the class in the exercise., hasLongFeedbackText=false, reference=null, credits=0.0, positive=false, type=AUTOMATIC, visibility=ALWAYS, testCase=TestCaseDTO[testName=null, id=1448]], FeedbackDTO[id=960, text=null, detailText=The exercise expects a class with the name Policy in the package testpackage. You did not implement the class in the exercise., hasLongFeedbackText=false, reference=null, credits=0.0, positive=false, type=AUTOMATIC, visibility=ALWAYS, testCase=TestCaseDTO[testName=null, id=1449]], FeedbackDTO[id=961, text=null, detailText=The exercise expects a class with the name SortStrategy in the package testpackage. You did not implement the class in the exercise., hasLongFeedbackText=false, reference=null, credits=0.0, positive=false, type=AUTOMATIC, visibility=ALWAYS, testCase=TestCaseDTO[testName=null, id=1450]], FeedbackDTO[id=962, text=null, detailText=The class 'MergeSort' does not implement the interface 'SortStrategy' as expected. Implement the interface and its methods., hasLongFeedbackText=false, reference=null, credits=0.0, positive=false, type=AUTOMATIC, visibility=ALWAYS, testCase=TestCaseDTO[testName=null, id=1445]], FeedbackDTO[id=963, text=null, detailText=The exercise expects a class with the name SortStrategy in the package testpackage. You did not implement the class in the exercise., hasLongFeedbackText=false, reference=null, credits=0.0, positive=false, type=AUTOMATIC, visibility=ALWAYS, testCase=TestCaseDTO[testName=null, id=1442]], FeedbackDTO[id=964, text=null, detailText=The class 'BubbleSort' does not implement the interface 'SortStrategy' as expected. Implement the interface and its methods., hasLongFeedbackText=false, reference=null, credits=0.0, positive=false, type=AUTOMATIC, visibility=ALWAYS, testCase=TestCaseDTO[testName=null, id=1446]], FeedbackDTO[id=965, text=null, detailText=MergeSort does not sort correctly, hasLongFeedbackText=false, reference=null, credits=0.0, positive=false, type=AUTOMATIC, visibility=ALWAYS, testCase=TestCaseDTO[testName=null, id=1451]], FeedbackDTO[id=966, text=null, detailText=The class 'Context' was not found within the submission. Make sure to implement it properly., hasLongFeedbackText=false, reference=null, credits=0.0, positive=false, type=AUTOMATIC, visibility=ALWAYS, testCase=TestCaseDTO[testName=null, id=1452]], FeedbackDTO[id=967, text=null, detailText=The class 'Context' was not found within the submission. Make sure to implement it properly., hasLongFeedbackText=false, reference=null, credits=0.0, positive=false, type=AUTOMATIC, visibility=ALWAYS, testCase=TestCaseDTO[testName=null, id=1453]], FeedbackDTO[id=968, text=null, detailText=The exercise expects a class with the name Policy in the package testpackage. You did not implement the class in the exercise., hasLongFeedbackText=false, reference=null, credits=0.0, positive=false, type=AUTOMATIC, visibility=ALWAYS, testCase=TestCaseDTO[testName=null, id=1447]], FeedbackDTO[id=969, text=null, detailText=The exercise expects a class with the name Context in the package testpackage. You did not implement the class in the exercise., hasLongFeedbackText=false, reference=null, credits=0.0, positive=false, type=AUTOMATIC, visibility=ALWAYS, testCase=TestCaseDTO[testName=null, id=1443]], FeedbackDTO[id=970, text=null, detailText=The exercise expects a class with the name Policy in the package testpackage. You did not implement the class in the exercise., hasLongFeedbackText=false, reference=null, credits=0.0, positive=false, type=AUTOMATIC, visibility=ALWAYS, testCase=TestCaseDTO[testName=null, id=1444]], FeedbackDTO[id=971, text=null, detailText=null, hasLongFeedbackText=false, reference=null, credits=3.230769230769231, positive=true, type=AUTOMATIC, visibility=ALWAYS, testCase=TestCaseDTO[testName=null, id=1454]]], assessmentType=AUTOMATIC, hasComplaint=null, exampleResult=null, testCaseCount=13, passedTestCaseCount=1, codeIssueCount=0]], BuildJobQueueItem[id=20271739576746886, name=SHORT0FC863930E92904248098A506171F81CF6CFTSTEXC-SOLUTION, buildAgent=BuildAgentDTO[name=artemis-build-agent-test, memberAddress=[127.0.0.1]:5703, displayName=artemis-build-agent-test], participationId=2027, courseId=992, exerciseId=2609, retryCount=0, priority=2, status=SUCCESSFUL, repositoryInfo=RepositoryInfo[repositoryName=short0fc863930e92904248098a506171f81cf6cftstexc-solution, repositoryType=solution, triggeredByPushTo=auxiliary, assignmentRepositoryUri=http://localhost:49152/git/SHORT0FC863930E92904248098A506171F81CF6CFTSTEXC/short0fc863930e92904248098a506171f81cf6cftstexc-solution.git, testRepositoryUri=http://localhost:49152/git/SHORT0FC863930E92904248098A506171F81CF6CFTSTEXC/short0fc863930e92904248098a506171f81cf6cftstexc-tests.git, solutionRepositoryUri=null, auxiliaryRepositoryUris=[Ljava.lang.String;@455259ec, auxiliaryRepositoryCheckoutDirectories=[Ljava.lang.String;@64df8a5b], jobTimingInfo=JobTimingInfo[submissionDate=2025-02-14T23:45:46.886984066Z[Etc/UTC], buildStartDate=2025-02-14T23:45:46.897709578Z[Etc/UTC], buildCompletionDate=2025-02-14T23:45:48.628460156Z[Etc/UTC], estimatedCompletionDate=2025-02-14T23:46:05.897701272Z[Etc/UTC], estimatedDuration=19], buildConfig=BuildConfig[buildScript=#!/bin/bash
cd /var/tmp/testing-dir
chmod +x ./gradlew
./gradlew clean test
, dockerImage=dummy-docker-image:latest, commitHashToBuild=null, assignmentCommitHash=115a2e943bee242fdad360b50d8ad5f30792577e, testCommitHash=9b3a9bd71a0d80e5bbc42204c319ed3d1d4f0d6d, branch=main, programmingLanguage=JAVA, projectType=PLAIN_GRADLE, scaEnabled=false, sequentialTestRunsEnabled=false, resultPaths=[/var/tmp/testing-dir/**/test-results/test/*.xml], timeoutSeconds=0, assignmentCheckoutPath=null, testCheckoutPath=null, solutionCheckoutPath=null, dockerRunConfig=null], submissionResult=ResultDTO[id=636, completionDate=2025-02-14T23:45:48.593370968Z[Etc/UTC], successful=true, score=100.0, rated=true, submission=SubmissionDTO[id=830, submitted=true, type=TEST, exampleSubmission=null, submissionDate=2025-02-14T23:45:46.873671Z, commitHash=9b3a9bd71a0d80e5bbc42204c319ed3d1d4f0d6d, buildFailed=false, buildArtifact=false, participation=ParticipationDTO[id=2027, testRun=false, type=solution, submissionCount=null, exercise=ParticipationExerciseDTO[id=2609, exerciseType=PROGRAMMING, type=programming, assessmentType=AUTOMATIC, dueDate=2025-02-16T23:45:46.386304Z, assessmentDueDate=null, maxPoints=42.0, course=CourseDTO[id=992, accuracyOfScores=1]]], submissionExerciseType=programming, isProcessing=false, buildStartDate=null, estimatedCompletionDate=null], participation=ParticipationDTO[id=2027, testRun=false, type=solution, submissionCount=null, exercise=ParticipationExerciseDTO[id=2609, exerciseType=PROGRAMMING, type=programming, assessmentType=AUTOMATIC, dueDate=2025-02-16T23:45:46.386304Z, assessmentDueDate=null, maxPoints=42.0, course=CourseDTO[id=992, accuracyOfScores=1]]], feedbacks=[FeedbackDTO[id=972, text=null, detailText=null, hasLongFeedbackText=false, reference=null, credits=3.230769230769231, positive=true, type=AUTOMATIC, visibility=ALWAYS, testCase=TestCaseDTO[testName=testMethods[Context], id=1461]], FeedbackDTO[id=973, text=null, detailText=null, hasLongFeedbackText=false, reference=null, credits=3.230769230769231, positive=true, type=AUTOMATIC, visibility=ALWAYS, testCase=TestCaseDTO[testName=testMethods[Policy], id=1462]], FeedbackDTO[id=974, text=null, detailText=null, hasLongFeedbackText=false, reference=null, credits=3.230769230769231, positive=true, type=AUTOMATIC, visibility=ALWAYS, testCase=TestCaseDTO[testName=testMethods[SortStrategy], id=1463]], FeedbackDTO[id=975, text=null, detailText=null, hasLongFeedbackText=false, reference=null, credits=3.230769230769231, positive=true, type=AUTOMATIC, visibility=ALWAYS, testCase=TestCaseDTO[testName=testClass[MergeSort], id=1458]], FeedbackDTO[id=976, text=null, detailText=null, hasLongFeedbackText=false, reference=null, credits=3.230769230769231, positive=true, type=AUTOMATIC, visibility=ALWAYS, testCase=TestCaseDTO[testName=testClass[SortStrategy], id=1455]], FeedbackDTO[id=977, text=null, detailText=null, hasLongFeedbackText=false, reference=null, credits=3.230769230769231, positive=true, type=AUTOMATIC, visibility=ALWAYS, testCase=TestCaseDTO[testName=testClass[BubbleSort], id=1459]], FeedbackDTO[id=978, text=null, detailText=null, hasLongFeedbackText=false, reference=null, credits=3.230769230769231, positive=true, type=AUTOMATIC, visibility=ALWAYS, testCase=TestCaseDTO[testName=testMergeSort(), id=1464]], FeedbackDTO[id=979, text=null, detailText=null, hasLongFeedbackText=false, reference=null, credits=3.230769230769231, positive=true, type=AUTOMATIC, visibility=ALWAYS, testCase=TestCaseDTO[testName=testUseBubbleSortForSmallList(), id=1465]], FeedbackDTO[id=980, text=null, detailText=null, hasLongFeedbackText=false, reference=null, credits=3.230769230769231, positive=true, type=AUTOMATIC, visibility=ALWAYS, testCase=TestCaseDTO[testName=testBubbleSort(), id=1467]], FeedbackDTO[id=981, text=null, detailText=null, hasLongFeedbackText=false, reference=null, credits=3.230769230769231, positive=true, type=AUTOMATIC, visibility=ALWAYS, testCase=TestCaseDTO[testName=testUseMergeSortForBigList(), id=1466]], FeedbackDTO[id=982, text=null, detailText=null, hasLongFeedbackText=false, reference=null, credits=3.230769230769231, positive=true, type=AUTOMATIC, visibility=ALWAYS, testCase=TestCaseDTO[testName=testConstructors[Policy], id=1460]], FeedbackDTO[id=983, text=null, detailText=null, hasLongFeedbackText=false, reference=null, credits=3.230769230769231, positive=true, type=AUTOMATIC, visibility=ALWAYS, testCase=TestCaseDTO[testName=testAttributes[Context], id=1456]], FeedbackDTO[id=984, text=null, detailText=null, hasLongFeedbackText=false, reference=null, credits=3.230769230769231, positive=true, type=AUTOMATIC, visibility=ALWAYS, testCase=TestCaseDTO[testName=testAttributes[Policy], id=1457]]], assessmentType=AUTOMATIC, hasComplaint=null, exampleResult=null, testCaseCount=13, passedTestCaseCount=13, codeIssueCount=0]], BuildJobQueueItem[id=20281739576748768, name=SHORT0FC863930E92904248098A506171F81CF6CFTSTEXC-BASE, buildAgent=BuildAgentDTO[name=artemis-build-agent-test, memberAddress=[127.0.0.1]:5703, displayName=artemis-build-agent-test], participationId=2028, courseId=992, exerciseId=2609, retryCount=0, priority=2, status=SUCCESSFUL, repositoryInfo=RepositoryInfo[repositoryName=short0fc863930e92904248098a506171f81cf6cftstexc-exercise, repositoryType=exercise, triggeredByPushTo=auxiliary, assignmentRepositoryUri=http://localhost:49152/git/SHORT0FC863930E92904248098A506171F81CF6CFTSTEXC/short0fc863930e92904248098a506171f81cf6cftstexc-exercise.git, testRepositoryUri=http://localhost:49152/git/SHORT0FC863930E92904248098A506171F81CF6CFTSTEXC/short0fc863930e92904248098a506171f81cf6cftstexc-tests.git, solutionRepositoryUri=null, auxiliaryRepositoryUris=[Ljava.lang.String;@511d0bb1, auxiliaryRepositoryCheckoutDirectories=[Ljava.lang.String;@1636d3a7], jobTimingInfo=JobTimingInfo[submissionDate=2025-02-14T23:45:48.768063548Z[Etc/UTC], buildStartDate=2025-02-14T23:45:48.802531989Z[Etc/UTC], buildCompletionDate=2025-02-14T23:45:50.482681367Z[Etc/UTC], estimatedCompletionDate=2025-02-14T23:45:50.802523092Z[Etc/UTC], estimatedDuration=2], buildConfig=BuildConfig[buildScript=#!/bin/bash
cd /var/tmp/testing-dir
chmod +x ./gradlew
./gradlew clean test
, dockerImage=dummy-docker-image:latest, commitHashToBuild=9b3a9bd71a0d80e5bbc42204c319ed3d1d4f0d6d, assignmentCommitHash=115a2e943bee242fdad360b50d8ad5f30792577e, testCommitHash=9b3a9bd71a0d80e5bbc42204c319ed3d1d4f0d6d, branch=main, programmingLanguage=JAVA, projectType=PLAIN_GRADLE, scaEnabled=false, sequentialTestRunsEnabled=false, resultPaths=[/var/tmp/testing-dir/**/test-results/test/*.xml], timeoutSeconds=0, assignmentCheckoutPath=null, testCheckoutPath=null, solutionCheckoutPath=null, dockerRunConfig=null], submissionResult=ResultDTO[id=637, completionDate=2025-02-14T23:45:50.449084694Z[Etc/UTC], successful=false, score=0.0, rated=true, submission=SubmissionDTO[id=831, submitted=true, type=TEST, exampleSubmission=null, submissionDate=2025-02-14T23:45:48.761177Z, commitHash=9b3a9bd71a0d80e5bbc42204c319ed3d1d4f0d6d, buildFailed=false, buildArtifact=false, participation=ParticipationDTO[id=2028, testRun=false, type=template, submissionCount=null, exercise=ParticipationExerciseDTO[id=2609, exerciseType=PROGRAMMING, type=programming, assessmentType=AUTOMATIC, dueDate=2025-02-16T23:45:46.386304Z, assessmentDueDate=null, maxPoints=42.0, course=CourseDTO[id=992, accuracyOfScores=1]]], submissionExerciseType=programming, isProcessing=false, buildStartDate=null, estimatedCompletionDate=null], participation=ParticipationDTO[id=2028, testRun=false, type=template, submissionCount=null, exercise=ParticipationExerciseDTO[id=2609, exerciseType=PROGRAMMING, type=programming, assessmentType=AUTOMATIC, dueDate=2025-02-16T23:45:46.386304Z, assessmentDueDate=null, maxPoints=42.0, course=CourseDTO[id=992, accuracyOfScores=1]]], feedbacks=[FeedbackDTO[id=985, text=null, detailText=The exercise expects a class with the name Context in the package testpackage. You did not implement the class in the exercise., hasLongFeedbackText=false, reference=null, credits=0.0, positive=false, type=AUTOMATIC, visibility=ALWAYS, testCase=TestCaseDTO[testName=testMethods[Context], id=1461]], FeedbackDTO[id=986, text=null, detailText=The exercise expects a class with the name Policy in the package testpackage. You did not implement the class in the exercise., hasLongFeedbackText=false, reference=null, credits=0.0, positive=false, type=AUTOMATIC, visibility=ALWAYS, testCase=TestCaseDTO[testName=testMethods[Policy], id=1462]], FeedbackDTO[id=987, text=null, detailText=The exercise expects a class with the name SortStrategy in the package testpackage. You did not implement the class in the exercise., hasLongFeedbackText=false, reference=null, credits=0.0, positive=false, type=AUTOMATIC, visibility=ALWAYS, testCase=TestCaseDTO[testName=testMethods[SortStrategy], id=1463]], FeedbackDTO[id=988, text=null, detailText=The class 'MergeSort' does not implement the interface 'SortStrategy' as expected. Implement the interface and its methods., hasLongFeedbackText=false, reference=null, credits=0.0, positive=false, type=AUTOMATIC, visibility=ALWAYS, testCase=TestCaseDTO[testName=testClass[MergeSort], id=1458]], FeedbackDTO[id=989, text=null, detailText=The exercise expects a class with the name SortStrategy in the package testpackage. You did not implement the class in the exercise., hasLongFeedbackText=false, reference=null, credits=0.0, positive=false, type=AUTOMATIC, visibility=ALWAYS, testCase=TestCaseDTO[testName=testClass[SortStrategy], id=1455]], FeedbackDTO[id=990, text=null, detailText=The class 'BubbleSort' does not implement the interface 'SortStrategy' as expected. Implement the interface and its methods., hasLongFeedbackText=false, reference=null, credits=0.0, positive=false, type=AUTOMATIC, visibility=ALWAYS, testCase=TestCaseDTO[testName=testClass[BubbleSort], id=1459]], FeedbackDTO[id=991, text=null, detailText=MergeSort does not sort correctly, hasLongFeedbackText=false, reference=null, credits=0.0, positive=false, type=AUTOMATIC, visibility=ALWAYS, testCase=TestCaseDTO[testName=testMergeSort(), id=1464]], FeedbackDTO[id=992, text=null, detailText=The class 'Context' was not found within the submission. Make sure to implement it properly., hasLongFeedbackText=false, reference=null, credits=0.0, positive=false, type=AUTOMATIC, visibility=ALWAYS, testCase=TestCaseDTO[testName=testUseBubbleSortForSmallList(), id=1465]], FeedbackDTO[id=993, text=null, detailText=BubbleSort does not sort correctly, hasLongFeedbackText=false, reference=null, credits=0.0, positive=false, type=AUTOMATIC, visibility=ALWAYS, testCase=TestCaseDTO[testName=testBubbleSort(), id=1467]], FeedbackDTO[id=994, text=null, detailText=The class 'Context' was not found within the submission. Make sure to implement it properly., hasLongFeedbackText=false, reference=null, credits=0.0, positive=false, type=AUTOMATIC, visibility=ALWAYS, testCase=TestCaseDTO[testName=testUseMergeSortForBigList(), id=1466]], FeedbackDTO[id=995, text=null, detailText=The exercise expects a class with the name Policy in the package testpackage. You did not implement the class in the exercise., hasLongFeedbackText=false, reference=null, credits=0.0, positive=false, type=AUTOMATIC, visibility=ALWAYS, testCase=TestCaseDTO[testName=testConstructors[Policy], id=1460]], FeedbackDTO[id=996, text=null, detailText=The exercise expects a class with the name Context in the package testpackage. You did not implement the class in the exercise., hasLongFeedbackText=false, reference=null, credits=0.0, positive=false, type=AUTOMATIC, visibility=ALWAYS, testCase=TestCaseDTO[testName=testAttributes[Context], id=1456]], FeedbackDTO[id=997, text=null, detailText=The exercise expects a class with the name Policy in the package testpackage. You did not implement the class in the exercise., hasLongFeedbackText=false, reference=null, credits=0.0, positive=false, type=AUTOMATIC, visibility=ALWAYS, testCase=TestCaseDTO[testName=testAttributes[Policy], id=1457]]], assessmentType=AUTOMATIC, hasComplaint=null, exampleResult=null, testCaseCount=13, passedTestCaseCount=0, codeIssueCount=0]], BuildJobQueueItem[id=20291739576751299, name=SHORT716C2EC10B19B049C80A2F00B97EAB20B2A9TSTEXC-SOLUTION, buildAgent=BuildAgentDTO[name=artemis-build-agent-test, memberAddress=[127.0.0.1]:5703, displayName=artemis-build-agent-test], participationId=2029, courseId=993, exerciseId=2610, retryCount=0, priority=2, status=SUCCESSFUL, repositoryInfo=RepositoryInfo[repositoryName=short716c2ec10b19b049c80a2f00b97eab20b2a9tstexc-solution, repositoryType=solution, triggeredByPushTo=tests, assignmentRepositoryUri=http://localhost:49152/git/SHORT716C2EC10B19B049C80A2F00B97EAB20B2A9TSTEXC/short716c2ec10b19b049c80a2f00b97eab20b2a9tstexc-solution.git, testRepositoryUri=http://localhost:49152/git/SHORT716C2EC10B19B049C80A2F00B97EAB20B2A9TSTEXC/short716c2ec10b19b049c80a2f00b97eab20b2a9tstexc-tests.git, solutionRepositoryUri=null, auxiliaryRepositoryUris=[Ljava.lang.String;@41fc65b4, auxiliaryRepositoryCheckoutDirectories=[Ljava.lang.String;@5969a282], jobTimingInfo=JobTimingInfo[submissionDate=2025-02-14T23:45:51.299892174Z[Etc/UTC], buildStartDate=2025-02-14T23:45:51.314028505Z[Etc/UTC], buildCompletionDate=2025-02-14T23:45:52.158312850Z[Etc/UTC], estimatedCompletionDate=2025-02-14T23:46:10.314021752Z[Etc/UTC], estimatedDuration=19], buildConfig=BuildConfig[buildScript=#!/bin/bash
cd /var/tmp/testing-dir
chmod +x ./gradlew
./gradlew clean test
, dockerImage=dummy-docker-image:latest, commitHashToBuild=1e531733ed6e9237f710b528d1eb0b7beac565fd, assignmentCommitHash=815e279f12ad296b4f24c44134a07293c04c010f, testCommitHash=1e531733ed6e9237f710b528d1eb0b7beac565fd, branch=main, programmingLanguage=JAVA, projectType=PLAIN_GRADLE, scaEnabled=false, sequentialTestRunsEnabled=false, resultPaths=[/var/tmp/testing-dir/**/test-results/test/*.xml], timeoutSeconds=0, assignmentCheckoutPath=null, testCheckoutPath=null, solutionCheckoutPath=null, dockerRunConfig=null], submissionResult=ResultDTO[id=638, completionDate=2025-02-14T23:45:52.146826070Z[Etc/UTC], successful=true, score=100.0, rated=true, submission=SubmissionDTO[id=832, submitted=true, type=TEST, exampleSubmission=null, submissionDate=2025-02-14T23:45:51.275713Z, commitHash=1e531733ed6e9237f710b528d1eb0b7beac565fd, buildFailed=false, buildArtifact=false, participation=ParticipationDTO[id=2029, testRun=false, type=solution, submissionCount=null, exercise=ParticipationExerciseDTO[id=2610, exerciseType=PROGRAMMING, type=programming, assessmentType=AUTOMATIC, dueDate=2025-02-16T23:45:50.869093Z, assessmentDueDate=null, maxPoints=42.0, course=CourseDTO[id=993, accuracyOfScores=1]]], submissionExerciseType=programming, isProcessing=false, buildStartDate=null, estimatedCompletionDate=null], participation=ParticipationDTO[id=2029, testRun=false, type=solution, submissionCount=null, exercise=ParticipationExerciseDTO[id=2610, exerciseType=PROGRAMMING, type=programming, assessmentType=AUTOMATIC, dueDate=2025-02-16T23:45:50.869093Z, assessmentDueDate=null, maxPoints=42.0, course=CourseDTO[id=993, accuracyOfScores=1]]], feedbacks=[FeedbackDTO[id=998, text=null, detailText=null, hasLongFeedbackText=false, reference=null, credits=3.230769230769231, positive=true, type=AUTOMATIC, visibility=ALWAYS, testCase=TestCaseDTO[testName=testMethods[Context], id=1474]], FeedbackDTO[id=999, text=null, detailText=null, hasLongFeedbackText=false, reference=null, credits=3.230769230769231, positive=true, type=AUTOMATIC, visibility=ALWAYS, testCase=TestCaseDTO[testName=testMethods[Policy], id=1475]], FeedbackDTO[id=1000, text=null, detailText=null, hasLongFeedbackText=false, reference=null, credits=3.230769230769231, positive=true, type=AUTOMATIC, visibility=ALWAYS, testCase=TestCaseDTO[testName=testMethods[SortStrategy], id=1476]], FeedbackDTO[id=1001, text=null, detailText=null, hasLongFeedbackText=false, reference=null, credits=3.230769230769231, positive=true, type=AUTOMATIC, visibility=ALWAYS, testCase=TestCaseDTO[testName=testClass[MergeSort], id=1471]], FeedbackDTO[id=1002, text=null, detailText=null, hasLongFeedbackText=false, reference=null, credits=3.230769230769231, positive=true, type=AUTOMATIC, visibility=ALWAYS, testCase=TestCaseDTO[testName=testClass[SortStrategy], id=1468]], FeedbackDTO[id=1003, text=null, detailText=null, hasLongFeedbackText=false, reference=null, credits=3.230769230769231, positive=true, type=AUTOMATIC, visibility=ALWAYS, testCase=TestCaseDTO[testName=testClass[BubbleSort], id=1472]], FeedbackDTO[id=1004, text=null, detailText=null, hasLongFeedbackText=false, reference=null, credits=3.230769230769231, positive=true, type=AUTOMATIC, visibility=ALWAYS, testCase=TestCaseDTO[testName=testMergeSort(), id=1477]], FeedbackDTO[id=1005, text=null, detailText=null, hasLongFeedbackText=false, reference=null, credits=3.230769230769231, positive=true, type=AUTOMATIC, visibility=ALWAYS, testCase=TestCaseDTO[testName=testUseBubbleSortForSmallList(), id=1478]], FeedbackDTO[id=1006, text=null, detailText=null, hasLongFeedbackText=false, reference=null, credits=3.230769230769231, positive=true, type=AUTOMATIC, visibility=ALWAYS, testCase=TestCaseDTO[testName=testBubbleSort(), id=1480]], FeedbackDTO[id=1007, text=null, detailText=null, hasLongFeedbackText=false, reference=null, credits=3.230769230769231, positive=true, type=AUTOMATIC, visibility=ALWAYS, testCase=TestCaseDTO[testName=testUseMergeSortForBigList(), id=1479]], FeedbackDTO[id=1008, text=null, detailText=null, hasLongFeedbackText=false, reference=null, credits=3.230769230769231, positive=true, type=AUTOMATIC, visibility=ALWAYS, testCase=TestCaseDTO[testName=testConstructors[Policy], id=1473]], FeedbackDTO[id=1009, text=null, detailText=null, hasLongFeedbackText=false, reference=null, credits=3.230769230769231, positive=true, type=AUTOMATIC, visibility=ALWAYS, testCase=TestCaseDTO[testName=testAttributes[Context], id=1469]], FeedbackDTO[id=1010, text=null, detailText=null, hasLongFeedbackText=false, reference=null, credits=3.230769230769231, positive=true, type=AUTOMATIC, visibility=ALWAYS, testCase=TestCaseDTO[testName=testAttributes[Policy], id=1470]]], assessmentType=AUTOMATIC, hasComplaint=null, exampleResult=null, testCaseCount=13, passedTestCaseCount=13, codeIssueCount=0]], BuildJobQueueItem[id=20301739576752239, name=SHORT716C2EC10B19B049C80A2F00B97EAB20B2A9TSTEXC-BASE, buildAgent=BuildAgentDTO[name=artemis-build-agent-test, memberAddress=[127.0.0.1]:5703, displayName=artemis-build-agent-test], participationId=2030, courseId=993, exerciseId=2610, retryCount=0, priority=2, status=SUCCESSFUL, repositoryInfo=RepositoryInfo[repositoryName=short716c2ec10b19b049c80a2f00b97eab20b2a9tstexc-exercise, repositoryType=exercise, triggeredByPushTo=tests, assignmentRepositoryUri=http://localhost:49152/git/SHORT716C2EC10B19B049C80A2F00B97EAB20B2A9TSTEXC/short716c2ec10b19b049c80a2f00b97eab20b2a9tstexc-exercise.git, testRepositoryUri=http://localhost:49152/git/SHORT716C2EC10B19B049C80A2F00B97EAB20B2A9TSTEXC/short716c2ec10b19b049c80a2f00b97eab20b2a9tstexc-tests.git, solutionRepositoryUri=null, auxiliaryRepositoryUris=[Ljava.lang.String;@60107a9d, auxiliaryRepositoryCheckoutDirectories=[Ljava.lang.String;@409b26d3], jobTimingInfo=JobTimingInfo[submissionDate=2025-02-14T23:45:52.239402475Z[Etc/UTC], buildStartDate=2025-02-14T23:45:52.258713639Z[Etc/UTC], buildCompletionDate=2025-02-14T23:45:53.238773956Z[Etc/UTC], estimatedCompletionDate=2025-02-14T23:45:53.258707428Z[Etc/UTC], estimatedDuration=1], buildConfig=BuildConfig[buildScript=#!/bin/bash
cd /var/tmp/testing-dir
chmod +x ./gradlew
./gradlew clean test
, dockerImage=dummy-docker-image:latest, commitHashToBuild=1e531733ed6e9237f710b528d1eb0b7beac565fd, assignmentCommitHash=815e279f12ad296b4f24c44134a07293c04c010f, testCommitHash=1e531733ed6e9237f710b528d1eb0b7beac565fd, branch=main, programmingLanguage=JAVA, projectType=PLAIN_GRADLE, scaEnabled=false, sequentialTestRunsEnabled=false, resultPaths=[/var/tmp/testing-dir/**/test-results/test/*.xml], timeoutSeconds=0, assignmentCheckoutPath=null, testCheckoutPath=null, solutionCheckoutPath=null, dockerRunConfig=null], submissionResult=ResultDTO[id=639, completionDate=2025-02-14T23:45:53.225806205Z[Etc/UTC], successful=false, score=0.0, rated=true, submission=SubmissionDTO[id=833, submitted=true, type=TEST, exampleSubmission=null, submissionDate=2025-02-14T23:45:52.237179Z, commitHash=1e531733ed6e9237f710b528d1eb0b7beac565fd, buildFailed=false, buildArtifact=false, participation=ParticipationDTO[id=2030, testRun=false, type=template, submissionCount=null, exercise=ParticipationExerciseDTO[id=2610, exerciseType=PROGRAMMING, type=programming, assessmentType=AUTOMATIC, dueDate=2025-02-16T23:45:50.869093Z, assessmentDueDate=null, maxPoints=42.0, course=CourseDTO[id=993, accuracyOfScores=1]]], submissionExerciseType=programming, isProcessing=false, buildStartDate=null, estimatedCompletionDate=null], participation=ParticipationDTO[id=2030, testRun=false, type=template, submissionCount=null, exercise=ParticipationExerciseDTO[id=2610, exerciseType=PROGRAMMING, type=programming, assessmentType=AUTOMATIC, dueDate=2025-02-16T23:45:50.869093Z, assessmentDueDate=null, maxPoints=42.0, course=CourseDTO[id=993, accuracyOfScores=1]]], feedbacks=[FeedbackDTO[id=1011, text=null, detailText=The exercise expects a class with the name Context in the package testpackage. You did not implement the class in the exercise., hasLongFeedbackText=false, reference=null, credits=0.0, positive=false, type=AUTOMATIC, visibility=ALWAYS, testCase=TestCaseDTO[testName=testMethods[Context], id=1474]], FeedbackDTO[id=1012, text=null, detailText=The exercise expects a class with the name Policy in the package testpackage. You did not implement the class in the exercise., hasLongFeedbackText=false, reference=null, credits=0.0, positive=false, type=AUTOMATIC, visibility=ALWAYS, testCase=TestCaseDTO[testName=testMethods[Policy], id=1475]], FeedbackDTO[id=1013, text=null, detailText=The exercise expects a class with the name SortStrategy in the package testpackage. You did not implement the class in the exercise., hasLongFeedbackText=false, reference=null, credits=0.0, positive=false, type=AUTOMATIC, visibility=ALWAYS, testCase=TestCaseDTO[testName=testMethods[SortStrategy], id=1476]], FeedbackDTO[id=1014, text=null, detailText=The class 'MergeSort' does not implement the interface 'SortStrategy' as expected. Implement the interface and its methods., hasLongFeedbackText=false, reference=null, credits=0.0, positive=false, type=AUTOMATIC, visibility=ALWAYS, testCase=TestCaseDTO[testName=testClass[MergeSort], id=1471]], FeedbackDTO[id=1015, text=null, detailText=The exercise expects a class with the name SortStrategy in the package testpackage. You did not implement the class in the exercise., hasLongFeedbackText=false, reference=null, credits=0.0, positive=false, type=AUTOMATIC, visibility=ALWAYS, testCase=TestCaseDTO[testName=testClass[SortStrategy], id=1468]], FeedbackDTO[id=1016, text=null, detailText=The class 'BubbleSort' does not implement the interface 'SortStrategy' as expected. Implement the interface and its methods., hasLongFeedbackText=false, reference=null, credits=0.0, positive=false, type=AUTOMATIC, visibility=ALWAYS, testCase=TestCaseDTO[testName=testClass[BubbleSort], id=1472]], FeedbackDTO[id=1017, text=null, detailText=MergeSort does not sort correctly, hasLongFeedbackText=false, reference=null, credits=0.0, positive=false, type=AUTOMATIC, visibility=ALWAYS, testCase=TestCaseDTO[testName=testMergeSort(), id=1477]], FeedbackDTO[id=1018, text=null, detailText=The class 'Context' was not found within the submission. Make sure to implement it properly., hasLongFeedbackText=false, reference=null, credits=0.0, positive=false, type=AUTOMATIC, visibility=ALWAYS, testCase=TestCaseDTO[testName=testUseBubbleSortForSmallList(), id=1478]], FeedbackDTO[id=1019, text=null, detailText=BubbleSort does not sort correctly, hasLongFeedbackText=false, reference=null, credits=0.0, positive=false, type=AUTOMATIC, visibility=ALWAYS, testCase=TestCaseDTO[testName=testBubbleSort(), id=1480]], FeedbackDTO[id=1020, text=null, detailText=The class 'Context' was not found within the submission. Make sure to implement it properly., hasLongFeedbackText=false, reference=null, credits=0.0, positive=false, type=AUTOMATIC, visibility=ALWAYS, testCase=TestCaseDTO[testName=testUseMergeSortForBigList(), id=1479]], FeedbackDTO[id=1021, text=null, detailText=The exercise expects a class with the name Policy in the package testpackage. You did not implement the class in the exercise., hasLongFeedbackText=false, reference=null, credits=0.0, positive=false, type=AUTOMATIC, visibility=ALWAYS, testCase=TestCaseDTO[testName=testConstructors[Policy], id=1473]], FeedbackDTO[id=1022, text=null, detailText=The exercise expects a class with the name Context in the package testpackage. You did not implement the class in the exercise., hasLongFeedbackText=false, reference=null, credits=0.0, positive=false, type=AUTOMATIC, visibility=ALWAYS, testCase=TestCaseDTO[testName=testAttributes[Context], id=1469]], FeedbackDTO[id=1023, text=null, detailText=The exercise expects a class with the name Policy in the package testpackage. You did not implement the class in the exercise., hasLongFeedbackText=false, reference=null, credits=0.0, positive=false, type=AUTOMATIC, visibility=ALWAYS, testCase=TestCaseDTO[testName=testAttributes[Policy], id=1470]]], assessmentType=AUTOMATIC, hasComplaint=null, exampleResult=null, testCaseCount=13, passedTestCaseCount=0, codeIssueCount=0]], BuildJobQueueItem[id=20391739576754750, name=SHORT3A680734092E404EF80A4C60FBC1E408F7D0TSTEXC-LOCALVCCIINTSTUDENT1, buildAgent=BuildAgentDTO[name=artemis-build-agent-test, memberAddress=[127.0.0.1]:5703, displayName=artemis-build-agent-test], participationId=2039, courseId=996, exerciseId=2613, retryCount=0, priority=2, status=SUCCESSFUL, repositoryInfo=RepositoryInfo[repositoryName=short3a680734092e404ef80a4c60fbc1e408f7d0tstexc-localvcciintstudent1, repositoryType=user, triggeredByPushTo=user, assignmentRepositoryUri=http://localhost:49152/git/SHORT3A680734092E404EF80A4C60FBC1E408F7D0TSTEXC/short3a680734092e404ef80a4c60fbc1e408f7d0tstexc-localvcciintstudent1.git, testRepositoryUri=http://localhost:49152/git/SHORT3A680734092E404EF80A4C60FBC1E408F7D0TSTEXC/short3a680734092e404ef80a4c60fbc1e408f7d0tstexc-tests.git, solutionRepositoryUri=null, auxiliaryRepositoryUris=[Ljava.lang.String;@62682ab1, auxiliaryRepositoryCheckoutDirectories=[Ljava.lang.String;@7681f9cc], jobTimingInfo=JobTimingInfo[submissionDate=2025-02-14T23:45:54.750657185Z[Etc/UTC], buildStartDate=2025-02-14T23:45:54.765232948Z[Etc/UTC], buildCompletionDate=2025-02-14T23:45:55.645844970Z[Etc/UTC], estimatedCompletionDate=2025-02-14T23:46:13.765225363Z[Etc/UTC], estimatedDuration=19], buildConfig=BuildConfig[buildScript=#!/bin/bash
cd /var/tmp/testing-dir
chmod +x ./gradlew
./gradlew clean test
, dockerImage=dummy-docker-image:latest, commitHashToBuild=9344436f8d5a5ce3aa40215562db211ed501371f, assignmentCommitHash=9344436f8d5a5ce3aa40215562db211ed501371f, testCommitHash=ff421c3651ec230fed2f20f72c2901ae372be06a, branch=main, programmingLanguage=JAVA, projectType=PLAIN_GRADLE, scaEnabled=false, sequentialTestRunsEnabled=false, resultPaths=[/var/tmp/testing-dir/**/test-results/test/*.xml], timeoutSeconds=0, assignmentCheckoutPath=null, testCheckoutPath=null, solutionCheckoutPath=null, dockerRunConfig=null], submissionResult=ResultDTO[id=640, completionDate=2025-02-14T23:45:55.628250079Z[Etc/UTC], successful=false, score=7.7, rated=true, submission=SubmissionDTO[id=834, submitted=true, type=MANUAL, exampleSubmission=null, submissionDate=2025-02-14T23:45:54.732007Z, commitHash=9344436f8d5a5ce3aa40215562db211ed501371f, buildFailed=false, buildArtifact=false, participation=ParticipationDTO[id=2039, testRun=false, type=programming, submissionCount=null, exercise=ParticipationExerciseDTO[id=2613, exerciseType=PROGRAMMING, type=programming, assessmentType=AUTOMATIC, dueDate=2025-02-16T23:45:54.546562Z, assessmentDueDate=null, maxPoints=42.0, course=CourseDTO[id=996, accuracyOfScores=1]]], submissionExerciseType=programming, isProcessing=false, buildStartDate=null, estimatedCompletionDate=null], participation=ParticipationDTO[id=2039, testRun=false, type=programming, submissionCount=null, exercise=ParticipationExerciseDTO[id=2613, exerciseType=PROGRAMMING, type=programming, assessmentType=AUTOMATIC, dueDate=2025-02-16T23:45:54.546562Z, assessmentDueDate=null, maxPoints=42.0, course=CourseDTO[id=996, accuracyOfScores=1]]], feedbacks=[FeedbackDTO[id=1024, text=null, detailText=The exercise expects a class with the name Context in the package testpackage. You did not implement the class in the exercise., hasLongFeedbackText=false, reference=null, credits=0.0, positive=false, type=AUTOMATIC, visibility=ALWAYS, testCase=TestCaseDTO[testName=null, id=1513]], FeedbackDTO[id=1025, text=null, detailText=The exercise expects a class with the name Policy in the package testpackage. You did not implement the class in the exercise., hasLongFeedbackText=false, reference=null, credits=0.0, positive=false, type=AUTOMATIC, visibility=ALWAYS, testCase=TestCaseDTO[testName=null, id=1514]], FeedbackDTO[id=1026, text=null, detailText=The exercise expects a class with the name SortStrategy in the package testpackage. You did not implement the class in the exercise., hasLongFeedbackText=false, reference=null, credits=0.0, positive=false, type=AUTOMATIC, visibility=ALWAYS, testCase=TestCaseDTO[testName=null, id=1515]], FeedbackDTO[id=1027, text=null, detailText=The class 'MergeSort' does not implement the interface 'SortStrategy' as expected. Implement the interface and its methods., hasLongFeedbackText=false, reference=null, credits=0.0, positive=false, type=AUTOMATIC, visibility=ALWAYS, testCase=TestCaseDTO[testName=null, id=1510]], FeedbackDTO[id=1028, text=null, detailText=The exercise expects a class with the name SortStrategy in the package testpackage. You did not implement the class in the exercise., hasLongFeedbackText=false, reference=null, credits=0.0, positive=false, type=AUTOMATIC, visibility=ALWAYS, testCase=TestCaseDTO[testName=null, id=1507]], FeedbackDTO[id=1029, text=null, detailText=The class 'BubbleSort' does not implement the interface 'SortStrategy' as expected. Implement the interface and its methods., hasLongFeedbackText=false, reference=null, credits=0.0, positive=false, type=AUTOMATIC, visibility=ALWAYS, testCase=TestCaseDTO[testName=null, id=1511]], FeedbackDTO[id=1030, text=null, detailText=MergeSort does not sort correctly, hasLongFeedbackText=false, reference=null, credits=0.0, positive=false, type=AUTOMATIC, visibility=ALWAYS, testCase=TestCaseDTO[testName=null, id=1516]], FeedbackDTO[id=1031, text=null, detailText=The class 'Context' was not found within the submission. Make sure to implement it properly., hasLongFeedbackText=false, reference=null, credits=0.0, positive=false, type=AUTOMATIC, visibility=ALWAYS, testCase=TestCaseDTO[testName=null, id=1517]], FeedbackDTO[id=1032, text=null, detailText=The class 'Context' was not found within the submission. Make sure to implement it properly., hasLongFeedbackText=false, reference=null, credits=0.0, positive=false, type=AUTOMATIC, visibility=ALWAYS, testCase=TestCaseDTO[testName=null, id=1518]], FeedbackDTO[id=1033, text=null, detailText=The exercise expects a class with the name Policy in the package testpackage. You did not implement the class in the exercise., hasLongFeedbackText=false, reference=null, credits=0.0, positive=false, type=AUTOMATIC, visibility=ALWAYS, testCase=TestCaseDTO[testName=null, id=1512]], FeedbackDTO[id=1034, text=null, detailText=The exercise expects a class with the name Context in the package testpackage. You did not implement the class in the exercise., hasLongFeedbackText=false, reference=null, credits=0.0, positive=false, type=AUTOMATIC, visibility=ALWAYS, testCase=TestCaseDTO[testName=null, id=1508]], FeedbackDTO[id=1035, text=null, detailText=The exercise expects a class with the name Policy in the package testpackage. You did not implement the class in the exercise., hasLongFeedbackText=false, reference=null, credits=0.0, positive=false, type=AUTOMATIC, visibility=ALWAYS, testCase=TestCaseDTO[testName=null, id=1509]], FeedbackDTO[id=1036, text=null, detailText=null, hasLongFeedbackText=false, reference=null, credits=3.230769230769231, positive=true, type=AUTOMATIC, visibility=ALWAYS, testCase=TestCaseDTO[testName=null, id=1519]]], assessmentType=AUTOMATIC, hasComplaint=null, exampleResult=null, testCaseCount=13, passedTestCaseCount=1, codeIssueCount=0]], BuildJobQueueItem[id=20431739576757232, name=SHORT3945BC5E092B90459B0A7F006DF5F64347FDTSTEXC-SOLUTION, buildAgent=BuildAgentDTO[name=artemis-build-agent-test, memberAddress=[127.0.0.1]:5703, displayName=artemis-build-agent-test], participationId=2043, courseId=998, exerciseId=2615, retryCount=0, priority=2, status=SUCCESSFUL, repositoryInfo=RepositoryInfo[repositoryName=short3945bc5e092b90459b0a7f006df5f64347fdtstexc-solution, repositoryType=solution, triggeredByPushTo=solution, assignmentRepositoryUri=http://localhost:49152/git/SHORT3945BC5E092B90459B0A7F006DF5F64347FDTSTEXC/short3945bc5e092b90459b0a7f006df5f64347fdtstexc-solution.git, testRepositoryUri=http://localhost:49152/git/SHORT3945BC5E092B90459B0A7F006DF5F64347FDTSTEXC/short3945bc5e092b90459b0a7f006df5f64347fdtstexc-tests.git, solutionRepositoryUri=null, auxiliaryRepositoryUris=[Ljava.lang.String;@1526a113, auxiliaryRepositoryCheckoutDirectories=[Ljava.lang.String;@c92b0da], jobTimingInfo=JobTimingInfo[submissionDate=2025-02-14T23:45:57.232907777Z[Etc/UTC], buildStartDate=2025-02-14T23:45:57.240437339Z[Etc/UTC], buildCompletionDate=2025-02-14T23:45:58.062328619Z[Etc/UTC], estimatedCompletionDate=2025-02-14T23:46:16.240428743Z[Etc/UTC], estimatedDuration=19], buildConfig=BuildConfig[buildScript=#!/bin/bash
cd /var/tmp/testing-dir
chmod +x ./gradlew
./gradlew clean test
, dockerImage=dummy-docker-image:latest, commitHashToBuild=c315388a235502fd958ae3c7ffbbbbf126a8fe21, assignmentCommitHash=c315388a235502fd958ae3c7ffbbbbf126a8fe21, testCommitHash=28488095271179f4eface46480ec45511f50df5d, branch=main, programmingLanguage=JAVA, projectType=PLAIN_GRADLE, scaEnabled=false, sequentialTestRunsEnabled=false, resultPaths=[/var/tmp/testing-dir/**/test-results/test/*.xml], timeoutSeconds=0, assignmentCheckoutPath=null, testCheckoutPath=null, solutionCheckoutPath=null, dockerRunConfig=null], submissionResult=ResultDTO[id=641, completionDate=2025-02-14T23:45:58.032353400Z[Etc/UTC], successful=true, score=100.0, rated=true, submission=SubmissionDTO[id=835, submitted=true, type=MANUAL, exampleSubmission=null, submissionDate=2025-02-14T23:45:57.222714Z, commitHash=c315388a235502fd958ae3c7ffbbbbf126a8fe21, buildFailed=false, buildArtifact=false, participation=ParticipationDTO[id=2043, testRun=false, type=solution, submissionCount=null, exercise=ParticipationExerciseDTO[id=2615, exerciseType=PROGRAMMING, type=programming, assessmentType=AUTOMATIC, dueDate=2025-02-16T23:45:56.808788Z, assessmentDueDate=null, maxPoints=42.0, course=CourseDTO[id=998, accuracyOfScores=1]]], submissionExerciseType=programming, isProcessing=false, buildStartDate=null, estimatedCompletionDate=null], participation=ParticipationDTO[id=2043, testRun=false, type=solution, submissionCount=null, exercise=ParticipationExerciseDTO[id=2615, exerciseType=PROGRAMMING, type=programming, assessmentType=AUTOMATIC, dueDate=2025-02-16T23:45:56.808788Z, assessmentDueDate=null, maxPoints=42.0, course=CourseDTO[id=998, accuracyOfScores=1]]], feedbacks=[FeedbackDTO[id=1037, text=null, detailText=null, hasLongFeedbackText=false, reference=null, credits=3.230769230769231, positive=true, type=AUTOMATIC, visibility=ALWAYS, testCase=TestCaseDTO[testName=testMethods[Context], id=1539]], FeedbackDTO[id=1038, text=null, detailText=null, hasLongFeedbackText=false, reference=null, credits=3.230769230769231, positive=true, type=AUTOMATIC, visibility=ALWAYS, testCase=TestCaseDTO[testName=testMethods[Policy], id=1540]], FeedbackDTO[id=1039, text=null, detailText=null, hasLongFeedbackText=false, reference=null, credits=3.230769230769231, positive=true, type=AUTOMATIC, visibility=ALWAYS, testCase=TestCaseDTO[testName=testMethods[SortStrategy], id=1541]], FeedbackDTO[id=1040, text=null, detailText=null, hasLongFeedbackText=false, reference=null, credits=3.230769230769231, positive=true, type=AUTOMATIC, visibility=ALWAYS, testCase=TestCaseDTO[testName=testClass[MergeSort], id=1536]], FeedbackDTO[id=1041, text=null, detailText=null, hasLongFeedbackText=false, reference=null, credits=3.230769230769231, positive=true, type=AUTOMATIC, visibility=ALWAYS, testCase=TestCaseDTO[testName=testClass[SortStrategy], id=1533]], FeedbackDTO[id=1042, text=null, detailText=null, hasLongFeedbackText=false, reference=null, credits=3.230769230769231, positive=true, type=AUTOMATIC, visibility=ALWAYS, testCase=TestCaseDTO[testName=testClass[BubbleSort], id=1537]], FeedbackDTO[id=1043, text=null, detailText=null, hasLongFeedbackText=false, reference=null, credits=3.230769230769231, positive=true, type=AUTOMATIC, visibility=ALWAYS, testCase=TestCaseDTO[testName=testMergeSort(), id=1542]], FeedbackDTO[id=1044, text=null, detailText=null, hasLongFeedbackText=false, reference=null, credits=3.230769230769231, positive=true, type=AUTOMATIC, visibility=ALWAYS, testCase=TestCaseDTO[testName=testUseBubbleSortForSmallList(), id=1543]], FeedbackDTO[id=1045, text=null, detailText=null, hasLongFeedbackText=false, reference=null, credits=3.230769230769231, positive=true, type=AUTOMATIC, visibility=ALWAYS, testCase=TestCaseDTO[testName=testBubbleSort(), id=1545]], FeedbackDTO[id=1046, text=null, detailText=null, hasLongFeedbackText=false, reference=null, credits=3.230769230769231, positive=true, type=AUTOMATIC, visibility=ALWAYS, testCase=TestCaseDTO[testName=testUseMergeSortForBigList(), id=1544]], FeedbackDTO[id=1047, text=null, detailText=null, hasLongFeedbackText=false, reference=null, credits=3.230769230769231, positive=true, type=AUTOMATIC, visibility=ALWAYS, testCase=TestCaseDTO[testName=testConstructors[Policy], id=1538]], FeedbackDTO[id=1048, text=null, detailText=null, hasLongFeedbackText=false, reference=null, credits=3.230769230769231, positive=true, type=AUTOMATIC, visibility=ALWAYS, testCase=TestCaseDTO[testName=testAttributes[Context], id=1534]], FeedbackDTO[id=1049, text=null, detailText=null, hasLongFeedbackText=false, reference=null, credits=3.230769230769231, positive=true, type=AUTOMATIC, visibility=ALWAYS, testCase=TestCaseDTO[testName=testAttributes[Policy], id=1535]]], assessmentType=AUTOMATIC, hasComplaint=null, exampleResult=null, testCaseCount=13, passedTestCaseCount=13, codeIssueCount=0]], BuildJobQueueItem[id=20471739576759335, name=SHORT07624A260BD060493708A050BB6FAE261DD5TSTEXC-LOCALVCCIINTSTUDENT1, buildAgent=BuildAgentDTO[name=artemis-build-agent-test, memberAddress=[127.0.0.1]:5703, displayName=artemis-build-agent-test], participationId=2047, courseId=999, exerciseId=2616, retryCount=0, priority=2, status=SUCCESSFUL, repositoryInfo=RepositoryInfo[repositoryName=short07624a260bd060493708a050bb6fae261dd5tstexc-localvcciintstudent1, repositoryType=user, triggeredByPushTo=user, assignmentRepositoryUri=http://localhost:49152/git/SHORT07624A260BD060493708A050BB6FAE261DD5TSTEXC/short07624a260bd060493708a050bb6fae261dd5tstexc-localvcciintstudent1.git, testRepositoryUri=http://localhost:49152/git/SHORT07624A260BD060493708A050BB6FAE261DD5TSTEXC/short07624a260bd060493708a050bb6fae261dd5tstexc-tests.git, solutionRepositoryUri=null, auxiliaryRepositoryUris=[Ljava.lang.String;@2f0c2e5b, auxiliaryRepositoryCheckoutDirectories=[Ljava.lang.String;@563aedef], jobTimingInfo=JobTimingInfo[submissionDate=2025-02-14T23:45:59.335772293Z[Etc/UTC], buildStartDate=2025-02-14T23:45:59.344175895Z[Etc/UTC], buildCompletionDate=2025-02-14T23:46:00.603413500Z[Etc/UTC], estimatedCompletionDate=2025-02-14T23:46:18.344169813Z[Etc/UTC], estimatedDuration=19], buildConfig=BuildConfig[buildScript=#!/bin/bash
cd /var/tmp/testing-dir
chmod +x ./gradlew
./gradlew clean test
, dockerImage=dummy-docker-image:latest, commitHashToBuild=18a07c7296dd70e3280c5bdcec7fccd0be6b8148, assignmentCommitHash=18a07c7296dd70e3280c5bdcec7fccd0be6b8148, testCommitHash=d654a233667bae063bb900e455fd2da456e10333, branch=main, programmingLanguage=JAVA, projectType=PLAIN_GRADLE, scaEnabled=false, sequentialTestRunsEnabled=false, resultPaths=[/var/tmp/testing-dir/**/test-results/test/*.xml], timeoutSeconds=0, assignmentCheckoutPath=null, testCheckoutPath=null, solutionCheckoutPath=null, dockerRunConfig=null], submissionResult=ResultDTO[id=642, completionDate=2025-02-14T23:46:00.583368808Z[Etc/UTC], successful=false, score=7.7, rated=true, submission=SubmissionDTO[id=836, submitted=true, type=MANUAL, exampleSubmission=null, submissionDate=2025-02-14T23:45:59.324416Z, commitHash=18a07c7296dd70e3280c5bdcec7fccd0be6b8148, buildFailed=false, buildArtifact=false, participation=ParticipationDTO[id=2047, testRun=false, type=programming, submissionCount=null, exercise=ParticipationExerciseDTO[id=2616, exerciseType=PROGRAMMING, type=programming, assessmentType=AUTOMATIC, dueDate=2025-02-16T23:45:58.958237Z, assessmentDueDate=null, maxPoints=42.0, course=CourseDTO[id=999, accuracyOfScores=1]]], submissionExerciseType=programming, isProcessing=false, buildStartDate=null, estimatedCompletionDate=null], participation=ParticipationDTO[id=2047, testRun=false, type=programming, submissionCount=null, exercise=ParticipationExerciseDTO[id=2616, exerciseType=PROGRAMMING, type=programming, assessmentType=AUTOMATIC, dueDate=2025-02-16T23:45:58.958237Z, assessmentDueDate=null, maxPoints=42.0, course=CourseDTO[id=999, accuracyOfScores=1]]], feedbacks=[FeedbackDTO[id=1050, text=null, detailText=The exercise expects a class with the name Context in the package testpackage. You did not implement the class in the exercise., hasLongFeedbackText=false, reference=null, credits=0.0, positive=false, type=AUTOMATIC, visibility=ALWAYS, testCase=TestCaseDTO[testName=null, id=1552]], FeedbackDTO[id=1051, text=null, detailText=The exercise expects a class with the name Policy in the package testpackage. You did not implement the class in the exercise., hasLongFeedbackText=false, reference=null, credits=0.0, positive=false, type=AUTOMATIC, visibility=ALWAYS, testCase=TestCaseDTO[testName=null, id=1553]], FeedbackDTO[id=1052, text=null, detailText=The exercise expects a class with the name SortStrategy in the package testpackage. You did not implement the class in the exercise., hasLongFeedbackText=false, reference=null, credits=0.0, positive=false, type=AUTOMATIC, visibility=ALWAYS, testCase=TestCaseDTO[testName=null, id=1554]], FeedbackDTO[id=1053, text=null, detailText=The class 'MergeSort' does not implement the interface 'SortStrategy' as expected. Implement the interface and its methods., hasLongFeedbackText=false, reference=null, credits=0.0, positive=false, type=AUTOMATIC, visibility=ALWAYS, testCase=TestCaseDTO[testName=null, id=1549]], FeedbackDTO[id=1054, text=null, detailText=The exercise expects a class with the name SortStrategy in the package testpackage. You did not implement the class in the exercise., hasLongFeedbackText=false, reference=null, credits=0.0, positive=false, type=AUTOMATIC, visibility=ALWAYS, testCase=TestCaseDTO[testName=null, id=1546]], FeedbackDTO[id=1055, text=null, detailText=The class 'BubbleSort' does not implement the interface 'SortStrategy' as expected. Implement the interface and its methods., hasLongFeedbackText=false, reference=null, credits=0.0, positive=false, type=AUTOMATIC, visibility=ALWAYS, testCase=TestCaseDTO[testName=null, id=1550]], FeedbackDTO[id=1056, text=null, detailText=MergeSort does not sort correctly, hasLongFeedbackText=false, reference=null, credits=0.0, positive=false, type=AUTOMATIC, visibility=ALWAYS, testCase=TestCaseDTO[testName=null, id=1555]], FeedbackDTO[id=1057, text=null, detailText=The class 'Context' was not found within the submission. Make sure to implement it properly., hasLongFeedbackText=false, reference=null, credits=0.0, positive=false, type=AUTOMATIC, visibility=ALWAYS, testCase=TestCaseDTO[testName=null, id=1556]], FeedbackDTO[id=1058, text=null, detailText=The class 'Context' was not found within the submission. Make sure to implement it properly., hasLongFeedbackText=false, reference=null, credits=0.0, positive=false, type=AUTOMATIC, visibility=ALWAYS, testCase=TestCaseDTO[testName=null, id=1557]], FeedbackDTO[id=1059, text=null, detailText=The exercise expects a class with the name Policy in the package testpackage. You did not implement the class in the exercise., hasLongFeedbackText=false, reference=null, credits=0.0, positive=false, type=AUTOMATIC, visibility=ALWAYS, testCase=TestCaseDTO[testName=null, id=1551]], FeedbackDTO[id=1060, text=null, detailText=The exercise expects a class with the name Context in the package testpackage. You did not implement the class in the exercise., hasLongFeedbackText=false, reference=null, credits=0.0, positive=false, type=AUTOMATIC, visibility=ALWAYS, testCase=TestCaseDTO[testName=null, id=1547]], FeedbackDTO[id=1061, text=null, detailText=The exercise expects a class with the name Policy in the package testpackage. You did not implement the class in the exercise., hasLongFeedbackText=false, reference=null, credits=0.0, positive=false, type=AUTOMATIC, visibility=ALWAYS, testCase=TestCaseDTO[testName=null, id=1548]], FeedbackDTO[id=1062, text=null, detailText=null, hasLongFeedbackText=false, reference=null, credits=3.230769230769231, positive=true, type=AUTOMATIC, visibility=ALWAYS, testCase=TestCaseDTO[testName=null, id=1558]]], assessmentType=AUTOMATIC, hasComplaint=null, exampleResult=null, testCaseCount=13, passedTestCaseCount=1, codeIssueCount=0]]], publicSshKey=ssh-rsa AAAAB3NzaC1yc2EAAAADAQABAAACAQCOPdMsxRE2jFJ/UEa5/LsBxtwzJcrh3/rYBCQvcMeVpiRfhzQPWu7mrt/G2Ew+i+vRloGH9aqKg6dd1liRncao53Zmd/ePxoatXePNhmzTfkCkcSkTUz7B+QMjkoDDV5jwuFPD6mF3JkhuzSi64n9Zy905t4w2IhVcjM2mL3eYNjiCXt6Qpq3Pkt7dM/Ksw1nxnvuiIALuJLB3FTkXkHqq3PJav+9HSq2r6ZaWgekneaGxlQlb+U+Vy3XOuArKAzK8c8i+0bR+AHiTG6ncYXt7ax3U+TdlDTF7OLP3umwaYjs1NBXOHwG42pevvpKn2fqavZZozk+M05jXLx3bq0O7itxfErWc7etky8qYPyyIMF/txQIVLd78+Ze4d7Y60t5MGbXM5cGE6fFif5fEJwgswXD+BrG0cafz1CTatjSKFdvp8Vp4VszXhHDan1PrP6JEFJ5Cc5GDmLRZPCFa3vL9f5qXgf4bkqKN8MYeEujwJE5nMRWoiJVNakix2bcrrneQMBlnYeYZVWXXXUusAQBzl4NgddC1umZpihZkL1b1MffZAUW3EGEXi7KHnllQhkTLLsQ8ntMgbylqaJKStqaXlLvdeRJcEnUuiFCrHEVVbXRFZR7XVDZ02CE5o3MuaRPty8Kh+jRTF3COlAckHwYEJCNNJvXFgb2CNXL4mjzYDw== test@localhost]
    23:46:00.791 | 566 localvc.event-13 | DEBUG | a.p.s.l.SharedQueueManagementService : Build agent updated: null
    23:46:00.803 | 588 artemis-task-1   | DEBUG | d.t.c.a.a.c.c.w.GzipMessageConverter : Compressed message payload from 126232 to 11732 (saved 90.7% payload size)
    23:46:00.817 | 601 taskScheduler-2  | DEBUG | .a.s.ParticipantScoreScheduleService : Processing exercise 2616 and participant 238 to update participant scores.
    23:46:00.829 | 601 taskScheduler-2  | DEBUG | .a.s.ParticipantScoreScheduleService : Updated participant score 88.
    23:46:00.830 | 601 taskScheduler-2  | DEBUG | .a.s.ParticipantScoreScheduleService : Updating the participant score for exercise 2616 and participant 238 took 13 ms.
    23:46:00.891 | 908 waitility-thread | DEBUG | .a.s.ParticipantScoreScheduleService : Scheduled task for exercise 2616 and participant 238 at 2025-02-14T23:46:00.991245614Z[Etc/UTC].
    23:46:00.891 | 908 waitility-thread | DEBUG | .a.s.ParticipantScoreScheduleService : Processing of 1 results and 0 participant scores.
    23:46:00.991 | 614 taskScheduler-3  | DEBUG | .a.s.ParticipantScoreScheduleService : Processing exercise 2616 and participant 238 to update participant scores.
    23:46:00.993 | 614 taskScheduler-3  | DEBUG | .a.s.ParticipantScoreScheduleService : Participant score 88 is already up-to-date, skipping.
    23:46:01.000 |  27 nPool-1-worker-1 | INFO  | .c.a.a.p.i.LocalVCLocalCITestService : Expected commit hash: 18a07c7296dd70e3280c5bdcec7fccd0be6b8148
    23:46:01.000 |  27 nPool-1-worker-1 | INFO  | .c.a.a.p.i.LocalVCLocalCITestService : Submission with commit hash: 18a07c7296dd70e3280c5bdcec7fccd0be6b8148
    23:46:01.017 | 610 nio-49152-exec-9 | DEBUG | d.t.c.a.a.c.s.f.ApiVersionFilter     : Adding Version to Request GET /git/SHORT07624A260BD060493708A050BB6FAE261DD5TSTEXC/short07624a260bd060493708a050bb6fae261dd5tstexc-localvcciintstudent1.git/info/refs
    23:46:01.017 | 610 nio-49152-exec-9 | DEBUG | .t.c.a.a.p.s.l.LocalVCServletService : Path to resolve repository from: /tmp/SHORT07624A260BD060493708A050BB6FAE261DD5TSTEXC/short07624a260bd060493708a050bb6fae261dd5tstexc-localvcciintstudent1.git
    23:46:01.017 | 610 nio-49152-exec-9 | DEBUG | .t.c.a.a.p.s.l.LocalVCServletService : Retrieving cached local repository SHORT07624A260BD060493708A050BB6FAE261DD5TSTEXC/short07624a260bd060493708a050bb6fae261dd5tstexc-localvcciintstudent1.git
    23:46:01.017 | 610 nio-49152-exec-9 | DEBUG | .t.c.a.a.p.s.l.LocalVCServletService : Resolving repository for repository SHORT07624A260BD060493708A050BB6FAE261DD5TSTEXC/short07624a260bd060493708a050bb6fae261dd5tstexc-localvcciintstudent1.git took 26µs
    23:46:01.017 | 610 nio-49152-exec-9 | DEBUG | d.t.c.a.a.p.s.l.LocalVCFetchFilter   : Trying to fetch repository /git/SHORT07624A260BD060493708A050BB6FAE261DD5TSTEXC/short07624a260bd060493708a050bb6fae261dd5tstexc-localvcciintstudent1.git/info/refs
    23:46:01.026 | 610 nio-49152-exec-9 | DEBUG | t.c.a.a.c.s.DomainUserDetailsService : Authenticating localvcciinttutor1
    23:46:01.042 | 610 nio-49152-exec-9 | DEBUG | .t.c.a.a.p.s.l.LocalVCServletService : Authorizing user localvcciinttutor1 for repository http://localhost:49152/git/SHORT07624A260BD060493708A050BB6FAE261DD5TSTEXC/short07624a260bd060493708a050bb6fae261dd5tstexc-localvcciintstudent1.git took 24.85ms
    23:46:01.043 | 588 artemis-task-1   | DEBUG | d.t.c.a.a.p.s.l.VcsAccessLogService  : Storing access operation for user User{login='localvcciinttutor1', firstName='localvcciinttutor1First', lastName='localvcciinttutor1Last', email='localvcciinttutor1@test.de', imageUrl='null', activated='true', langKey='en', activationKey='null'}
    23:46:01.052 | 602 nio-49152-exec-1 | DEBUG | d.t.c.a.a.c.s.f.ApiVersionFilter     : Adding Version to Request GET /git/SHORT07624A260BD060493708A050BB6FAE261DD5TSTEXC/short07624a260bd060493708a050bb6fae261dd5tstexc-localvcciintstudent1.git/info/refs
    23:46:01.052 | 602 nio-49152-exec-1 | DEBUG | .t.c.a.a.p.s.l.LocalVCServletService : Path to resolve repository from: /tmp/SHORT07624A260BD060493708A050BB6FAE261DD5TSTEXC/short07624a260bd060493708a050bb6fae261dd5tstexc-localvcciintstudent1.git
    23:46:01.052 | 602 nio-49152-exec-1 | DEBUG | .t.c.a.a.p.s.l.LocalVCServletService : Retrieving cached local repository SHORT07624A260BD060493708A050BB6FAE261DD5TSTEXC/short07624a260bd060493708a050bb6fae261dd5tstexc-localvcciintstudent1.git
    23:46:01.052 | 602 nio-49152-exec-1 | DEBUG | .t.c.a.a.p.s.l.LocalVCServletService : Resolving repository for repository SHORT07624A260BD060493708A050BB6FAE261DD5TSTEXC/short07624a260bd060493708a050bb6fae261dd5tstexc-localvcciintstudent1.git took 20µs
    23:46:01.053 | 602 nio-49152-exec-1 | DEBUG | d.t.c.a.a.p.s.l.LocalVCPushFilter    : Trying to push to repository /git/SHORT07624A260BD060493708A050BB6FAE261DD5TSTEXC/short07624a260bd060493708a050bb6fae261dd5tstexc-localvcciintstudent1.git/info/refs
    23:46:01.060 | 602 nio-49152-exec-1 | DEBUG | t.c.a.a.c.s.DomainUserDetailsService : Authenticating localvcciinttutor1
    23:46:01.073 | 603 nio-49152-exec-2 | DEBUG | d.t.c.a.a.c.s.f.ApiVersionFilter     : Adding Version to Request GET /git/SHORT07624A260BD060493708A050BB6FAE261DD5TSTEXC/short07624a260bd060493708a050bb6fae261dd5tstexc-localvcciintstudent1.git/info/refs
    23:46:01.073 | 603 nio-49152-exec-2 | DEBUG | .t.c.a.a.p.s.l.LocalVCServletService : Path to resolve repository from: /tmp/SHORT07624A260BD060493708A050BB6FAE261DD5TSTEXC/short07624a260bd060493708a050bb6fae261dd5tstexc-localvcciintstudent1.git
    23:46:01.073 | 603 nio-49152-exec-2 | DEBUG | .t.c.a.a.p.s.l.LocalVCServletService : Retrieving cached local repository SHORT07624A260BD060493708A050BB6FAE261DD5TSTEXC/short07624a260bd060493708a050bb6fae261dd5tstexc-localvcciintstudent1.git
    23:46:01.073 | 603 nio-49152-exec-2 | DEBUG | .t.c.a.a.p.s.l.LocalVCServletService : Resolving repository for repository SHORT07624A260BD060493708A050BB6FAE261DD5TSTEXC/short07624a260bd060493708a050bb6fae261dd5tstexc-localvcciintstudent1.git took 21µs
    23:46:01.073 | 603 nio-49152-exec-2 | DEBUG | d.t.c.a.a.p.s.l.LocalVCFetchFilter   : Trying to fetch repository /git/SHORT07624A260BD060493708A050BB6FAE261DD5TSTEXC/short07624a260bd060493708a050bb6fae261dd5tstexc-localvcciintstudent1.git/info/refs
    23:46:01.078 | 603 nio-49152-exec-2 | DEBUG | t.c.a.a.c.s.DomainUserDetailsService : Authenticating localvcciintinstructor1
    23:46:01.086 | 603 nio-49152-exec-2 | DEBUG | .t.c.a.a.p.s.l.LocalVCServletService : Authorizing user localvcciintinstructor1 for repository http://localhost:49152/git/SHORT07624A260BD060493708A050BB6FAE261DD5TSTEXC/short07624a260bd060493708a050bb6fae261dd5tstexc-localvcciintstudent1.git took 13.05ms
    23:46:01.087 | 588 artemis-task-1   | DEBUG | d.t.c.a.a.p.s.l.VcsAccessLogService  : Storing access operation for user User{login='localvcciintinstructor1', firstName='localvcciintinstructor1First', lastName='localvcciintinstructor1Last', email='localvcciintinstructor1@test.de', imageUrl='null', activated='true', langKey='en', activationKey='null'}
    23:46:01.093 | 605 nio-49152-exec-4 | DEBUG | d.t.c.a.a.c.s.f.ApiVersionFilter     : Adding Version to Request GET /git/SHORT07624A260BD060493708A050BB6FAE261DD5TSTEXC/short07624a260bd060493708a050bb6fae261dd5tstexc-localvcciintstudent1.git/info/refs
    23:46:01.093 | 605 nio-49152-exec-4 | DEBUG | .t.c.a.a.p.s.l.LocalVCServletService : Path to resolve repository from: /tmp/SHORT07624A260BD060493708A050BB6FAE261DD5TSTEXC/short07624a260bd060493708a050bb6fae261dd5tstexc-localvcciintstudent1.git
    23:46:01.093 | 605 nio-49152-exec-4 | DEBUG | .t.c.a.a.p.s.l.LocalVCServletService : Retrieving cached local repository SHORT07624A260BD060493708A050BB6FAE261DD5TSTEXC/short07624a260bd060493708a050bb6fae261dd5tstexc-localvcciintstudent1.git
    23:46:01.093 | 605 nio-49152-exec-4 | DEBUG | .t.c.a.a.p.s.l.LocalVCServletService : Resolving repository for repository SHORT07624A260BD060493708A050BB6FAE261DD5TSTEXC/short07624a260bd060493708a050bb6fae261dd5tstexc-localvcciintstudent1.git took 32µs
    23:46:01.093 | 605 nio-49152-exec-4 | DEBUG | d.t.c.a.a.p.s.l.LocalVCPushFilter    : Trying to push to repository /git/SHORT07624A260BD060493708A050BB6FAE261DD5TSTEXC/short07624a260bd060493708a050bb6fae261dd5tstexc-localvcciintstudent1.git/info/refs
    23:46:01.099 | 605 nio-49152-exec-4 | DEBUG | t.c.a.a.c.s.DomainUserDetailsService : Authenticating localvcciintinstructor1
    23:46:01.109 | 588 artemis-task-1   | DEBUG | d.t.c.a.a.p.s.l.VcsAccessLogService  : Storing access operation for user User{login='localvcciintinstructor1', firstName='localvcciintinstructor1First', lastName='localvcciintinstructor1Last', email='localvcciintinstructor1@test.de', imageUrl='null', activated='true', langKey='en', activationKey='null'}
    23:46:01.109 | 605 nio-49152-exec-4 | DEBUG | .t.c.a.a.p.s.l.LocalVCServletService : Authorizing user localvcciintinstructor1 for repository http://localhost:49152/git/SHORT07624A260BD060493708A050BB6FAE261DD5TSTEXC/short07624a260bd060493708a050bb6fae261dd5tstexc-localvcciintstudent1.git took 15.88ms
    23:46:01.112 | 605 nio-49152-exec-4 | DEBUG | d.t.c.a.a.c.s.f.ApiVersionFilter     : Adding Version to Request GET /git/SHORT07624A260BD060493708A050BB6FAE261DD5TSTEXC/short07624a260bd060493708a050bb6fae261dd5tstexc-localvcciintstudent1.git/info/refs
    23:46:01.112 | 605 nio-49152-exec-4 | DEBUG | .t.c.a.a.p.s.l.LocalVCServletService : Path to resolve repository from: /tmp/SHORT07624A260BD060493708A050BB6FAE261DD5TSTEXC/short07624a260bd060493708a050bb6fae261dd5tstexc-localvcciintstudent1.git
    23:46:01.112 | 605 nio-49152-exec-4 | DEBUG | .t.c.a.a.p.s.l.LocalVCServletService : Retrieving cached local repository SHORT07624A260BD060493708A050BB6FAE261DD5TSTEXC/short07624a260bd060493708a050bb6fae261dd5tstexc-localvcciintstudent1.git
    23:46:01.113 | 605 nio-49152-exec-4 | DEBUG | .t.c.a.a.p.s.l.LocalVCServletService : Resolving repository for repository SHORT07624A260BD060493708A050BB6FAE261DD5TSTEXC/short07624a260bd060493708a050bb6fae261dd5tstexc-localvcciintstudent1.git took 19µs
    23:46:01.113 | 605 nio-49152-exec-4 | DEBUG | d.t.c.a.a.p.s.l.LocalVCFetchFilter   : Trying to fetch repository /git/SHORT07624A260BD060493708A050BB6FAE261DD5TSTEXC/short07624a260bd060493708a050bb6fae261dd5tstexc-localvcciintstudent1.git/info/refs
    23:46:01.117 | 605 nio-49152-exec-4 | DEBUG | t.c.a.a.c.s.DomainUserDetailsService : Authenticating localvcciintstudent2
    23:46:01.127 | 606 nio-49152-exec-5 | DEBUG | d.t.c.a.a.c.s.f.ApiVersionFilter     : Adding Version to Request GET /git/SHORT07624A260BD060493708A050BB6FAE261DD5TSTEXC/short07624a260bd060493708a050bb6fae261dd5tstexc-localvcciintstudent1.git/info/refs
    23:46:01.127 | 606 nio-49152-exec-5 | DEBUG | .t.c.a.a.p.s.l.LocalVCServletService : Path to resolve repository from: /tmp/SHORT07624A260BD060493708A050BB6FAE261DD5TSTEXC/short07624a260bd060493708a050bb6fae261dd5tstexc-localvcciintstudent1.git
    23:46:01.127 | 606 nio-49152-exec-5 | DEBUG | .t.c.a.a.p.s.l.LocalVCServletService : Retrieving cached local repository SHORT07624A260BD060493708A050BB6FAE261DD5TSTEXC/short07624a260bd060493708a050bb6fae261dd5tstexc-localvcciintstudent1.git
    23:46:01.127 | 606 nio-49152-exec-5 | DEBUG | .t.c.a.a.p.s.l.LocalVCServletService : Resolving repository for repository SHORT07624A260BD060493708A050BB6FAE261DD5TSTEXC/short07624a260bd060493708a050bb6fae261dd5tstexc-localvcciintstudent1.git took 20µs
    23:46:01.128 | 606 nio-49152-exec-5 | DEBUG | d.t.c.a.a.p.s.l.LocalVCPushFilter    : Trying to push to repository /git/SHORT07624A260BD060493708A050BB6FAE261DD5TSTEXC/short07624a260bd060493708a050bb6fae261dd5tstexc-localvcciintstudent1.git/info/refs
    23:46:01.132 | 606 nio-49152-exec-5 | DEBUG | t.c.a.a.c.s.DomainUserDetailsService : Authenticating localvcciintstudent2
    23:46:01.142 |  27 nPool-1-worker-1 | DEBUG | d.t.c.a.a.c.s.f.ApiVersionFilter     : Adding Version to Request PUT /api/programming-exercises
    23:46:01.144 |  27 nPool-1-worker-1 | DEBUG | .a.a.p.w.ProgrammingExerciseResource : REST request to update ProgrammingExercise : ProgrammingExercise{id=2616, templateRepositoryUri='http://localhost:49152/git/SHORT07624A260BD060493708A050BB6FAE261DD5TSTEXC/short07624a260bd060493708a050bb6fae261dd5tstexc-exercise.git', solutionRepositoryUri='http://localhost:49152/git/SHORT07624A260BD060493708A050BB6FAE261DD5TSTEXC/short07624a260bd060493708a050bb6fae261dd5tstexc-solution.git', templateBuildPlanId='SHORT07624A260BD060493708A050BB6FAE261DD5TSTEXC-BASE', solutionBuildPlanId='SHORT07624A260BD060493708A050BB6FAE261DD5TSTEXC-SOLUTION', allowOnlineEditor='true', allowOnlineIde='false', programmingLanguage='JAVA', packageName='de.test'', testCasesChanged='false'}
    23:46:01.158 |  27 nPool-1-worker-1 | INFO  | .c.s.m.InstanceMessageReceiveService : Received schedule update for programming exercise 2616
    23:46:01.161 |  27 nPool-1-worker-1 | DEBUG | t.c.a.a.e.s.ExerciseLifecycleService : Scheduled Task for Exercise "Programming" (#2616) to trigger on DUE.
    23:46:01.161 |  27 nPool-1-worker-1 | DEBUG | s.ProgrammingExerciseScheduleService : Scheduled lock student repositories after due date for Programming Exercise 'Programming' (#2616) for 2025-02-16T23:45:58.958237Z.
    23:46:01.161 |  27 nPool-1-worker-1 | DEBUG | t.c.a.a.e.s.ExerciseLifecycleService : Scheduled Task for Exercise "Programming" (#2616) to trigger on BUILD_AND_TEST_AFTER_DUE_DATE.
    23:46:01.161 |  27 nPool-1-worker-1 | DEBUG | s.ProgrammingExerciseScheduleService : Scheduled build and test for student submissions after due date for Programming Exercise 'Programming' (#2616) for 2025-02-19T23:45:58.958239Z.
    23:46:01.172 |  27 nPool-1-worker-1 | INFO  | .c.s.m.InstanceMessageReceiveService : Received schedule update for potential Athena exercise 2616
    23:46:01.172 |  27 nPool-1-worker-1 | INFO  | .c.s.m.InstanceMessageReceiveService : Received lock all repositories and participations for programming exercise 2616
    23:46:01.174 |  27 nPool-1-worker-1 | INFO  | s.ProgrammingExerciseScheduleService : Invoking (scheduled) task 'remove write permissions from all student repositories and lock participations' for programming exercise with id 2616.
    23:46:01.186 | 960 ol-9493-thread-1 | INFO  | s.ProgrammingExerciseScheduleService : Finished executing (scheduled) task 'remove write permissions from all student repositories and lock participations' for programming exercise with id 2616.
    23:46:01.188 |  27 nPool-1-worker-1 | INFO  | s.ProgrammingExerciseScheduleService : Invoking (scheduled) task 'stash changes from all student repositories' for programming exercise with id 2616.
    23:46:01.197 | 961 ol-9494-thread-1 | DEBUG | d.t.c.a.a.p.service.GitService       : Cloning from file:///tmp/SHORT07624A260BD060493708A050BB6FAE261DD5TSTEXC/short07624a260bd060493708a050bb6fae261dd5tstexc-localvcciintstudent1.git/ to repos/server-integration-test/SHORT07624A260BD060493708A050BB6FAE261DD5TSTEXC/short07624a260bd060493708a050bb6fae261dd5tstexc-localvcciintstudent1
    23:46:01.204 | 961 ol-9494-thread-1 | ERROR | d.t.c.a.a.p.s.AbstractGitService     : Cannot use ssh properly because of mismatch of Jgit transport object: org.eclipse.jgit.transport.TransportLocal@71fd9462
    23:46:01.238 | 961 ol-9494-thread-1 | INFO  | s.ProgrammingExerciseScheduleService : Finished executing (scheduled) task 'stash changes from all student repositories' for programming exercise with id 2616.
    23:46:01.241 |  27 nPool-1-worker-1 | INFO  | d.t.c.a.a.e.service.ExerciseService  : User localvcciintinstructor1 has updated ProgrammingExercise Programming with id 2616
    23:46:01.250 | 607 nio-49152-exec-6 | DEBUG | d.t.c.a.a.c.s.f.ApiVersionFilter     : Adding Version to Request GET /git/SHORT07624A260BD060493708A050BB6FAE261DD5TSTEXC/short07624a260bd060493708a050bb6fae261dd5tstexc-localvcciintstudent1.git/info/refs
    23:46:01.250 | 607 nio-49152-exec-6 | DEBUG | .t.c.a.a.p.s.l.LocalVCServletService : Path to resolve repository from: /tmp/SHORT07624A260BD060493708A050BB6FAE261DD5TSTEXC/short07624a260bd060493708a050bb6fae261dd5tstexc-localvcciintstudent1.git
    23:46:01.250 | 607 nio-49152-exec-6 | DEBUG | .t.c.a.a.p.s.l.LocalVCServletService : Retrieving cached local repository SHORT07624A260BD060493708A050BB6FAE261DD5TSTEXC/short07624a260bd060493708a050bb6fae261dd5tstexc-localvcciintstudent1.git
    23:46:01.251 | 607 nio-49152-exec-6 | DEBUG | .t.c.a.a.p.s.l.LocalVCServletService : Resolving repository for repository SHORT07624A260BD060493708A050BB6FAE261DD5TSTEXC/short07624a260bd060493708a050bb6fae261dd5tstexc-localvcciintstudent1.git took 25µs
    23:46:01.251 | 607 nio-49152-exec-6 | DEBUG | d.t.c.a.a.p.s.l.LocalVCFetchFilter   : Trying to fetch repository /git/SHORT07624A260BD060493708A050BB6FAE261DD5TSTEXC/short07624a260bd060493708a050bb6fae261dd5tstexc-localvcciintstudent1.git/info/refs
    23:46:01.261 | 607 nio-49152-exec-6 | DEBUG | t.c.a.a.c.s.DomainUserDetailsService : Authenticating localvcciintstudent1
    23:46:01.281 | 608 nio-49152-exec-7 | DEBUG | d.t.c.a.a.c.s.f.ApiVersionFilter     : Adding Version to Request GET /git/SHORT07624A260BD060493708A050BB6FAE261DD5TSTEXC/short07624a260bd060493708a050bb6fae261dd5tstexc-localvcciintstudent1.git/info/refs
    23:46:01.281 | 608 nio-49152-exec-7 | DEBUG | .t.c.a.a.p.s.l.LocalVCServletService : Path to resolve repository from: /tmp/SHORT07624A260BD060493708A050BB6FAE261DD5TSTEXC/short07624a260bd060493708a050bb6fae261dd5tstexc-localvcciintstudent1.git
    23:46:01.281 | 608 nio-49152-exec-7 | DEBUG | .t.c.a.a.p.s.l.LocalVCServletService : Retrieving cached local repository SHORT07624A260BD060493708A050BB6FAE261DD5TSTEXC/short07624a260bd060493708a050bb6fae261dd5tstexc-localvcciintstudent1.git
    23:46:01.281 | 608 nio-49152-exec-7 | DEBUG | .t.c.a.a.p.s.l.LocalVCServletService : Resolving repository for repository SHORT07624A260BD060493708A050BB6FAE261DD5TSTEXC/short07624a260bd060493708a050bb6fae261dd5tstexc-localvcciintstudent1.git took 22µs
    23:46:01.281 | 608 nio-49152-exec-7 | DEBUG | d.t.c.a.a.p.s.l.LocalVCPushFilter    : Trying to push to repository /git/SHORT07624A260BD060493708A050BB6FAE261DD5TSTEXC/short07624a260bd060493708a050bb6fae261dd5tstexc-localvcciintstudent1.git/info/refs
    23:46:01.291 | 608 nio-49152-exec-7 | DEBUG | t.c.a.a.c.s.DomainUserDetailsService : Authenticating localvcciintstudent1
    23:46:01.313 | 609 nio-49152-exec-8 | DEBUG | d.t.c.a.a.c.s.f.ApiVersionFilter     : Adding Version to Request GET /git/SHORT07624A260BD060493708A050BB6FAE261DD5TSTEXC/short07624a260bd060493708a050bb6fae261dd5tstexc-localvcciintstudent1.git/info/refs
    23:46:01.313 | 609 nio-49152-exec-8 | DEBUG | .t.c.a.a.p.s.l.LocalVCServletService : Path to resolve repository from: /tmp/SHORT07624A260BD060493708A050BB6FAE261DD5TSTEXC/short07624a260bd060493708a050bb6fae261dd5tstexc-localvcciintstudent1.git
    23:46:01.314 | 609 nio-49152-exec-8 | DEBUG | .t.c.a.a.p.s.l.LocalVCServletService : Retrieving cached local repository SHORT07624A260BD060493708A050BB6FAE261DD5TSTEXC/short07624a260bd060493708a050bb6fae261dd5tstexc-localvcciintstudent1.git
    23:46:01.314 | 609 nio-49152-exec-8 | DEBUG | .t.c.a.a.p.s.l.LocalVCServletService : Resolving repository for repository SHORT07624A260BD060493708A050BB6FAE261DD5TSTEXC/short07624a260bd060493708a050bb6fae261dd5tstexc-localvcciintstudent1.git took 36µs
    23:46:01.314 | 609 nio-49152-exec-8 | DEBUG | d.t.c.a.a.p.s.l.LocalVCFetchFilter   : Trying to fetch repository /git/SHORT07624A260BD060493708A050BB6FAE261DD5TSTEXC/short07624a260bd060493708a050bb6fae261dd5tstexc-localvcciintstudent1.git/info/refs
    23:46:01.324 | 609 nio-49152-exec-8 | DEBUG | t.c.a.a.c.s.DomainUserDetailsService : Authenticating localvcciinttutor1
    23:46:01.339 | 588 artemis-task-1   | DEBUG | d.t.c.a.a.p.s.l.VcsAccessLogService  : Storing access operation for user User{login='localvcciinttutor1', firstName='localvcciinttutor1First', lastName='localvcciinttutor1Last', email='localvcciinttutor1@test.de', imageUrl='null', activated='true', langKey='en', activationKey='null'}
    23:46:01.339 | 609 nio-49152-exec-8 | DEBUG | .t.c.a.a.p.s.l.LocalVCServletService : Authorizing user localvcciinttutor1 for repository http://localhost:49152/git/SHORT07624A260BD060493708A050BB6FAE261DD5TSTEXC/short07624a260bd060493708a050bb6fae261dd5tstexc-localvcciintstudent1.git took 25.64ms
    23:46:01.349 | 611 io-49152-exec-10 | DEBUG | d.t.c.a.a.c.s.f.ApiVersionFilter     : Adding Version to Request GET /git/SHORT07624A260BD060493708A050BB6FAE261DD5TSTEXC/short07624a260bd060493708a050bb6fae261dd5tstexc-localvcciintstudent1.git/info/refs
    23:46:01.349 | 611 io-49152-exec-10 | DEBUG | .t.c.a.a.p.s.l.LocalVCServletService : Path to resolve repository from: /tmp/SHORT07624A260BD060493708A050BB6FAE261DD5TSTEXC/short07624a260bd060493708a050bb6fae261dd5tstexc-localvcciintstudent1.git
    23:46:01.349 | 611 io-49152-exec-10 | DEBUG | .t.c.a.a.p.s.l.LocalVCServletService : Retrieving cached local repository SHORT07624A260BD060493708A050BB6FAE261DD5TSTEXC/short07624a260bd060493708a050bb6fae261dd5tstexc-localvcciintstudent1.git
    23:46:01.349 | 611 io-49152-exec-10 | DEBUG | .t.c.a.a.p.s.l.LocalVCServletService : Resolving repository for repository SHORT07624A260BD060493708A050BB6FAE261DD5TSTEXC/short07624a260bd060493708a050bb6fae261dd5tstexc-localvcciintstudent1.git took 24µs
    23:46:01.350 | 611 io-49152-exec-10 | DEBUG | d.t.c.a.a.p.s.l.LocalVCPushFilter    : Trying to push to repository /git/SHORT07624A260BD060493708A050BB6FAE261DD5TSTEXC/short07624a260bd060493708a050bb6fae261dd5tstexc-localvcciintstudent1.git/info/refs
    23:46:01.360 | 611 io-49152-exec-10 | DEBUG | t.c.a.a.c.s.DomainUserDetailsService : Authenticating localvcciinttutor1
    23:46:01.383 | 610 nio-49152-exec-9 | DEBUG | d.t.c.a.a.c.s.f.ApiVersionFilter     : Adding Version to Request GET /git/SHORT07624A260BD060493708A050BB6FAE261DD5TSTEXC/short07624a260bd060493708a050bb6fae261dd5tstexc-localvcciintstudent1.git/info/refs
    23:46:01.383 | 610 nio-49152-exec-9 | DEBUG | .t.c.a.a.p.s.l.LocalVCServletService : Path to resolve repository from: /tmp/SHORT07624A260BD060493708A050BB6FAE261DD5TSTEXC/short07624a260bd060493708a050bb6fae261dd5tstexc-localvcciintstudent1.git
    23:46:01.383 | 610 nio-49152-exec-9 | DEBUG | .t.c.a.a.p.s.l.LocalVCServletService : Retrieving cached local repository SHORT07624A260BD060493708A050BB6FAE261DD5TSTEXC/short07624a260bd060493708a050bb6fae261dd5tstexc-localvcciintstudent1.git
    23:46:01.383 | 610 nio-49152-exec-9 | DEBUG | .t.c.a.a.p.s.l.LocalVCServletService : Resolving repository for repository SHORT07624A260BD060493708A050BB6FAE261DD5TSTEXC/short07624a260bd060493708a050bb6fae261dd5tstexc-localvcciintstudent1.git took 29µs
    23:46:01.383 | 610 nio-49152-exec-9 | DEBUG | d.t.c.a.a.p.s.l.LocalVCFetchFilter   : Trying to fetch repository /git/SHORT07624A260BD060493708A050BB6FAE261DD5TSTEXC/short07624a260bd060493708a050bb6fae261dd5tstexc-localvcciintstudent1.git/info/refs
    23:46:01.394 | 610 nio-49152-exec-9 | DEBUG | t.c.a.a.c.s.DomainUserDetailsService : Authenticating localvcciintinstructor1
    23:46:01.415 | 610 nio-49152-exec-9 | DEBUG | .t.c.a.a.p.s.l.LocalVCServletService : Authorizing user localvcciintinstructor1 for repository http://localhost:49152/git/SHORT07624A260BD060493708A050BB6FAE261DD5TSTEXC/short07624a260bd060493708a050bb6fae261dd5tstexc-localvcciintstudent1.git took 31.59ms
    23:46:01.415 | 588 artemis-task-1   | DEBUG | d.t.c.a.a.p.s.l.VcsAccessLogService  : Storing access operation for user User{login='localvcciintinstructor1', firstName='localvcciintinstructor1First', lastName='localvcciintinstructor1Last', email='localvcciintinstructor1@test.de', imageUrl='null', activated='true', langKey='en', activationKey='null'}
    23:46:01.422 | 602 nio-49152-exec-1 | DEBUG | d.t.c.a.a.c.s.f.ApiVersionFilter     : Adding Version to Request GET /git/SHORT07624A260BD060493708A050BB6FAE261DD5TSTEXC/short07624a260bd060493708a050bb6fae261dd5tstexc-localvcciintstudent1.git/info/refs
    23:46:01.422 | 602 nio-49152-exec-1 | DEBUG | .t.c.a.a.p.s.l.LocalVCServletService : Path to resolve repository from: /tmp/SHORT07624A260BD060493708A050BB6FAE261DD5TSTEXC/short07624a260bd060493708a050bb6fae261dd5tstexc-localvcciintstudent1.git
    23:46:01.422 | 602 nio-49152-exec-1 | DEBUG | .t.c.a.a.p.s.l.LocalVCServletService : Retrieving cached local repository SHORT07624A260BD060493708A050BB6FAE261DD5TSTEXC/short07624a260bd060493708a050bb6fae261dd5tstexc-localvcciintstudent1.git
    23:46:01.422 | 602 nio-49152-exec-1 | DEBUG | .t.c.a.a.p.s.l.LocalVCServletService : Resolving repository for repository SHORT07624A260BD060493708A050BB6FAE261DD5TSTEXC/short07624a260bd060493708a050bb6fae261dd5tstexc-localvcciintstudent1.git took 22µs
    23:46:01.422 | 602 nio-49152-exec-1 | DEBUG | d.t.c.a.a.p.s.l.LocalVCPushFilter    : Trying to push to repository /git/SHORT07624A260BD060493708A050BB6FAE261DD5TSTEXC/short07624a260bd060493708a050bb6fae261dd5tstexc-localvcciintstudent1.git/info/refs
    23:46:01.433 | 602 nio-49152-exec-1 | DEBUG | t.c.a.a.c.s.DomainUserDetailsService : Authenticating localvcciintinstructor1
    23:46:01.450 | 602 nio-49152-exec-1 | DEBUG | .t.c.a.a.p.s.l.LocalVCServletService : Authorizing user localvcciintinstructor1 for repository http://localhost:49152/git/SHORT07624A260BD060493708A050BB6FAE261DD5TSTEXC/short07624a260bd060493708a050bb6fae261dd5tstexc-localvcciintstudent1.git took 28.22ms
    23:46:01.451 | 588 artemis-task-1   | DEBUG | d.t.c.a.a.p.s.l.VcsAccessLogService  : Storing access operation for user User{login='localvcciintinstructor1', firstName='localvcciintinstructor1First', lastName='localvcciintinstructor1Last', email='localvcciintinstructor1@test.de', imageUrl='null', activated='true', langKey='en', activationKey='null'}
    23:46:01.781 | 603 nio-49152-exec-2 | DEBUG | d.t.c.a.a.c.s.f.ApiVersionFilter     : Adding Version to Request GET /git/SHORTC98F8213027B1042960AFE600BC07253889DTSTEXC/shortc98f8213027b1042960afe600bc07253889dtstexc-localvcciintstudent1.git/info/refs
    23:46:01.781 | 603 nio-49152-exec-2 | DEBUG | .t.c.a.a.p.s.l.LocalVCServletService : Path to resolve repository from: /tmp/SHORTC98F8213027B1042960AFE600BC07253889DTSTEXC/shortc98f8213027b1042960afe600bc07253889dtstexc-localvcciintstudent1.git
    23:46:01.781 | 603 nio-49152-exec-2 | DEBUG | .t.c.a.a.p.s.l.LocalVCServletService : Opening local repository SHORTC98F8213027B1042960AFE600BC07253889DTSTEXC/shortc98f8213027b1042960afe600bc07253889dtstexc-localvcciintstudent1.git
    23:46:01.784 | 603 nio-49152-exec-2 | DEBUG | .t.c.a.a.p.s.l.LocalVCServletService : Resolving repository for repository SHORTC98F8213027B1042960AFE600BC07253889DTSTEXC/shortc98f8213027b1042960afe600bc07253889dtstexc-localvcciintstudent1.git took 2.83ms
    23:46:01.784 | 603 nio-49152-exec-2 | DEBUG | d.t.c.a.a.p.s.l.LocalVCFetchFilter   : Trying to fetch repository /git/SHORTC98F8213027B1042960AFE600BC07253889DTSTEXC/shortc98f8213027b1042960afe600bc07253889dtstexc-localvcciintstudent1.git/info/refs
    23:46:01.793 | 603 nio-49152-exec-2 | DEBUG | t.c.a.a.c.s.DomainUserDetailsService : Authenticating localvcciintstudent1
    23:46:01.802 | 603 nio-49152-exec-2 | DEBUG | .t.c.a.a.p.s.l.LocalVCServletService : Authorizing user localvcciintstudent1 for repository http://localhost:49152/git/SHORTC98F8213027B1042960AFE600BC07253889DTSTEXC/shortc98f8213027b1042960afe600bc07253889dtstexc-localvcciintstudent1.git took 17.88ms
    23:46:01.807 | 588 artemis-task-1   | DEBUG | d.t.c.a.a.p.s.l.VcsAccessLogService  : Storing access operation for user User{login='localvcciintstudent1', firstName='localvcciintstudent1First', lastName='localvcciintstudent1Last', email='localvcciintstudent1@test.de', imageUrl='null', activated='true', langKey='en', activationKey='null'}
    23:46:01.820 | 566 localvc.event-13 | DEBUG | s.l.LocalCIWebsocketMessagingService : Sending message on topic /topic/admin/queued-jobs: [BuildJobQueueItem[id=20501739576761816, name=SHORTC98F8213027B1042960AFE600BC07253889DTSTEXC-LOCALVCCIINTSTUDENT1, buildAgent=BuildAgentDTO[name=null, memberAddress=null, displayName=null], participationId=2050, courseId=1000, exerciseId=2617, retryCount=0, priority=1, status=null, repositoryInfo=RepositoryInfo[repositoryName=shortc98f8213027b1042960afe600bc07253889dtstexc-localvcciintstudent1, repositoryType=user, triggeredByPushTo=user, assignmentRepositoryUri=, testRepositoryUri=, solutionRepositoryUri=, auxiliaryRepositoryUris=null, auxiliaryRepositoryCheckoutDirectories=null], jobTimingInfo=JobTimingInfo[submissionDate=2025-02-14T23:46:01.816398072Z[Etc/UTC], buildStartDate=null, buildCompletionDate=null, estimatedCompletionDate=null, estimatedDuration=19], buildConfig=BuildConfig[buildScript=, dockerImage=, commitHashToBuild=null, assignmentCommitHash=, testCommitHash=, branch=, programmingLanguage=null, projectType=null, scaEnabled=false, sequentialTestRunsEnabled=false, resultPaths=null, timeoutSeconds=0, assignmentCheckoutPath=, testCheckoutPath=, solutionCheckoutPath=, dockerRunConfig=null], submissionResult=null]]
    23:46:01.820 | 566 localvc.event-13 | DEBUG | s.l.LocalCIWebsocketMessagingService : Sending message on topic /topic/courses/1000/queued-jobs: [BuildJobQueueItem[id=20501739576761816, name=SHORTC98F8213027B1042960AFE600BC07253889DTSTEXC-LOCALVCCIINTSTUDENT1, buildAgent=BuildAgentDTO[name=null, memberAddress=null, displayName=null], participationId=2050, courseId=1000, exerciseId=2617, retryCount=0, priority=1, status=null, repositoryInfo=RepositoryInfo[repositoryName=shortc98f8213027b1042960afe600bc07253889dtstexc-localvcciintstudent1, repositoryType=user, triggeredByPushTo=user, assignmentRepositoryUri=, testRepositoryUri=, solutionRepositoryUri=, auxiliaryRepositoryUris=null, auxiliaryRepositoryCheckoutDirectories=null], jobTimingInfo=JobTimingInfo[submissionDate=2025-02-14T23:46:01.816398072Z[Etc/UTC], buildStartDate=null, buildCompletionDate=null, estimatedCompletionDate=null, estimatedDuration=19], buildConfig=BuildConfig[buildScript=, dockerImage=, commitHashToBuild=null, assignmentCommitHash=, testCommitHash=, branch=, programmingLanguage=null, projectType=null, scaEnabled=false, sequentialTestRunsEnabled=false, resultPaths=null, timeoutSeconds=0, assignmentCheckoutPath=, testCheckoutPath=, solutionCheckoutPath=, dockerRunConfig=null], submissionResult=null]]
    23:46:01.820 | 588 artemis-task-1   | DEBUG | d.t.c.a.a.c.c.w.GzipMessageConverter : Compressed message payload from 668 to 552 (saved 17.4% payload size)
    23:46:01.821 | 588 artemis-task-1   | DEBUG | d.t.c.a.a.c.c.w.GzipMessageConverter : Compressed message payload from 668 to 552 (saved 17.4% payload size)
    23:46:01.822 | 566 localvc.event-13 | DEBUG | s.l.LocalCIWebsocketMessagingService : Sending message on topic /topic/admin/queued-jobs: []
    23:46:01.822 | 566 localvc.event-13 | DEBUG | s.l.LocalCIWebsocketMessagingService : Sending message on topic /topic/courses/1000/queued-jobs: []
    23:46:01.823 | 615 taskScheduler-4  | DEBUG | a.a.b.s.SharedQueueProcessingService : Currently processing jobs on this node: 0, active threads in Pool: 0, maximum pool size of thread executor : 1
    23:46:02.184 | 604 nio-49152-exec-3 | DEBUG | d.t.c.a.a.c.s.f.ApiVersionFilter     : Adding Version to Request GET /git/SHORTB24E9DD7099A904A410BE230745E12BD1915TSTEXC/shortb24e9dd7099a904a410be230745e12bd1915tstexc-localvcciintstudent1.git/info/refs
    23:46:02.185 | 604 nio-49152-exec-3 | DEBUG | .t.c.a.a.p.s.l.LocalVCServletService : Path to resolve repository from: /tmp/SHORTB24E9DD7099A904A410BE230745E12BD1915TSTEXC/shortb24e9dd7099a904a410be230745e12bd1915tstexc-localvcciintstudent1.git
    23:46:02.185 | 604 nio-49152-exec-3 | DEBUG | .t.c.a.a.p.s.l.LocalVCServletService : Opening local repository SHORTB24E9DD7099A904A410BE230745E12BD1915TSTEXC/shortb24e9dd7099a904a410be230745e12bd1915tstexc-localvcciintstudent1.git
    23:46:02.185 | 604 nio-49152-exec-3 | DEBUG | .t.c.a.a.p.s.l.LocalVCServletService : Resolving repository for repository SHORTB24E9DD7099A904A410BE230745E12BD1915TSTEXC/shortb24e9dd7099a904a410be230745e12bd1915tstexc-localvcciintstudent1.git took 809µs
    23:46:02.186 | 604 nio-49152-exec-3 | DEBUG | d.t.c.a.a.p.s.l.LocalVCFetchFilter   : Trying to fetch repository /git/SHORTB24E9DD7099A904A410BE230745E12BD1915TSTEXC/shortb24e9dd7099a904a410be230745e12bd1915tstexc-localvcciintstudent1.git/info/refs
    23:46:02.197 | 604 nio-49152-exec-3 | DEBUG | t.c.a.a.c.s.DomainUserDetailsService : Authenticating localvcciintstudent1
    23:46:02.215 | 588 artemis-task-1   | DEBUG | d.t.c.a.a.p.s.l.VcsAccessLogService  : Storing access operation for user User{login='localvcciintstudent1', firstName='localvcciintstudent1First', lastName='localvcciintstudent1Last', email='localvcciintstudent1@test.de', imageUrl='null', activated='true', langKey='en', activationKey='null'}
    23:46:02.218 | 604 nio-49152-exec-3 | DEBUG | .t.c.a.a.p.s.l.LocalVCServletService : Authorizing user localvcciintstudent1 for repository http://localhost:49152/git/SHORTB24E9DD7099A904A410BE230745E12BD1915TSTEXC/shortb24e9dd7099a904a410be230745e12bd1915tstexc-localvcciintstudent1.git took 31.29ms
    23:46:02.279 | 566 localvc.event-13 | DEBUG | s.l.LocalCIWebsocketMessagingService : Sending message on topic /topic/admin/queued-jobs: [BuildJobQueueItem[id=20531739576762272, name=SHORTB24E9DD7099A904A410BE230745E12BD1915TSTEXC-LOCALVCCIINTSTUDENT1, buildAgent=BuildAgentDTO[name=null, memberAddress=null, displayName=null], participationId=2053, courseId=1001, exerciseId=2618, retryCount=0, priority=2, status=null, repositoryInfo=RepositoryInfo[repositoryName=shortb24e9dd7099a904a410be230745e12bd1915tstexc-localvcciintstudent1, repositoryType=user, triggeredByPushTo=user, assignmentRepositoryUri=, testRepositoryUri=, solutionRepositoryUri=, auxiliaryRepositoryUris=null, auxiliaryRepositoryCheckoutDirectories=null], jobTimingInfo=JobTimingInfo[submissionDate=2025-02-14T23:46:02.272221285Z[Etc/UTC], buildStartDate=null, buildCompletionDate=null, estimatedCompletionDate=null, estimatedDuration=19], buildConfig=BuildConfig[buildScript=, dockerImage=, commitHashToBuild=null, assignmentCommitHash=, testCommitHash=, branch=, programmingLanguage=null, projectType=null, scaEnabled=false, sequentialTestRunsEnabled=false, resultPaths=null, timeoutSeconds=0, assignmentCheckoutPath=, testCheckoutPath=, solutionCheckoutPath=, dockerRunConfig=null], submissionResult=null]]
    23:46:02.280 | 566 localvc.event-13 | DEBUG | s.l.LocalCIWebsocketMessagingService : Sending message on topic /topic/courses/1001/queued-jobs: [BuildJobQueueItem[id=20531739576762272, name=SHORTB24E9DD7099A904A410BE230745E12BD1915TSTEXC-LOCALVCCIINTSTUDENT1, buildAgent=BuildAgentDTO[name=null, memberAddress=null, displayName=null], participationId=2053, courseId=1001, exerciseId=2618, retryCount=0, priority=2, status=null, repositoryInfo=RepositoryInfo[repositoryName=shortb24e9dd7099a904a410be230745e12bd1915tstexc-localvcciintstudent1, repositoryType=user, triggeredByPushTo=user, assignmentRepositoryUri=, testRepositoryUri=, solutionRepositoryUri=, auxiliaryRepositoryUris=null, auxiliaryRepositoryCheckoutDirectories=null], jobTimingInfo=JobTimingInfo[submissionDate=2025-02-14T23:46:02.272221285Z[Etc/UTC], buildStartDate=null, buildCompletionDate=null, estimatedCompletionDate=null, estimatedDuration=19], buildConfig=BuildConfig[buildScript=, dockerImage=, commitHashToBuild=null, assignmentCommitHash=, testCommitHash=, branch=, programmingLanguage=null, projectType=null, scaEnabled=false, sequentialTestRunsEnabled=false, resultPaths=null, timeoutSeconds=0, assignmentCheckoutPath=, testCheckoutPath=, solutionCheckoutPath=, dockerRunConfig=null], submissionResult=null]]
    23:46:02.282 | 588 artemis-task-1   | DEBUG | d.t.c.a.a.c.c.w.GzipMessageConverter : Compressed message payload from 668 to 556 (saved 16.8% payload size)
    23:46:02.283 | 588 artemis-task-1   | DEBUG | d.t.c.a.a.c.c.w.GzipMessageConverter : Compressed message payload from 668 to 556 (saved 16.8% payload size)
    23:46:02.286 | 566 localvc.event-13 | DEBUG | s.l.LocalCIWebsocketMessagingService : Sending message on topic /topic/admin/queued-jobs: []
    23:46:02.287 | 566 localvc.event-13 | DEBUG | s.l.LocalCIWebsocketMessagingService : Sending message on topic /topic/courses/1001/queued-jobs: []
    23:46:02.289 | 614 taskScheduler-3  | DEBUG | a.a.b.s.SharedQueueProcessingService : Currently processing jobs on this node: 0, active threads in Pool: 0, maximum pool size of thread executor : 1
    23:46:02.555 | 605 nio-49152-exec-4 | DEBUG | d.t.c.a.a.c.s.f.ApiVersionFilter     : Adding Version to Request GET /git/SHORT5092226A034FE04E240897007B42FFE84BAFTSTEXC/short5092226a034fe04e240897007b42ffe84baftstexc-localvcciintstudent1.git/info/refs
    23:46:02.555 | 605 nio-49152-exec-4 | DEBUG | .t.c.a.a.p.s.l.LocalVCServletService : Path to resolve repository from: /tmp/SHORT5092226A034FE04E240897007B42FFE84BAFTSTEXC/short5092226a034fe04e240897007b42ffe84baftstexc-localvcciintstudent1.git
    23:46:02.555 | 605 nio-49152-exec-4 | DEBUG | .t.c.a.a.p.s.l.LocalVCServletService : Opening local repository SHORT5092226A034FE04E240897007B42FFE84BAFTSTEXC/short5092226a034fe04e240897007b42ffe84baftstexc-localvcciintstudent1.git
    23:46:02.556 | 605 nio-49152-exec-4 | DEBUG | .t.c.a.a.p.s.l.LocalVCServletService : Resolving repository for repository SHORT5092226A034FE04E240897007B42FFE84BAFTSTEXC/short5092226a034fe04e240897007b42ffe84baftstexc-localvcciintstudent1.git took 834µs
    23:46:02.556 | 605 nio-49152-exec-4 | DEBUG | d.t.c.a.a.p.s.l.LocalVCFetchFilter   : Trying to fetch repository /git/SHORT5092226A034FE04E240897007B42FFE84BAFTSTEXC/short5092226a034fe04e240897007b42ffe84baftstexc-localvcciintstudent1.git/info/refs
    23:46:02.564 | 605 nio-49152-exec-4 | DEBUG | t.c.a.a.c.s.DomainUserDetailsService : Authenticating localvcciintinstructor1
    23:46:02.584 | 605 nio-49152-exec-4 | DEBUG | .t.c.a.a.p.s.l.LocalVCServletService : Authorizing user localvcciintinstructor1 for repository http://localhost:49152/git/SHORT5092226A034FE04E240897007B42FFE84BAFTSTEXC/short5092226a034fe04e240897007b42ffe84baftstexc-localvcciintstudent1.git took 27.80ms
    23:46:02.584 | 588 artemis-task-1   | DEBUG | d.t.c.a.a.p.s.l.VcsAccessLogService  : Storing access operation for user User{login='localvcciintinstructor1', firstName='localvcciintinstructor1First', lastName='localvcciintinstructor1Last', email='localvcciintinstructor1@test.de', imageUrl='null', activated='true', langKey='en', activationKey='null'}
    23:46:02.606 | 566 localvc.event-13 | DEBUG | s.l.LocalCIWebsocketMessagingService : Sending message on topic /topic/admin/queued-jobs: [BuildJobQueueItem[id=20561739576762602, name=SHORT5092226A034FE04E240897007B42FFE84BAFTSTEXC-LOCALVCCIINTSTUDENT1, buildAgent=BuildAgentDTO[name=null, memberAddress=null, displayName=null], participationId=2056, courseId=1002, exerciseId=2619, retryCount=0, priority=3, status=null, repositoryInfo=RepositoryInfo[repositoryName=short5092226a034fe04e240897007b42ffe84baftstexc-localvcciintstudent1, repositoryType=user, triggeredByPushTo=user, assignmentRepositoryUri=, testRepositoryUri=, solutionRepositoryUri=, auxiliaryRepositoryUris=null, auxiliaryRepositoryCheckoutDirectories=null], jobTimingInfo=JobTimingInfo[submissionDate=2025-02-14T23:46:02.602633177Z[Etc/UTC], buildStartDate=null, buildCompletionDate=null, estimatedCompletionDate=null, estimatedDuration=19], buildConfig=BuildConfig[buildScript=, dockerImage=, commitHashToBuild=null, assignmentCommitHash=, testCommitHash=, branch=, programmingLanguage=null, projectType=null, scaEnabled=false, sequentialTestRunsEnabled=false, resultPaths=null, timeoutSeconds=0, assignmentCheckoutPath=, testCheckoutPath=, solutionCheckoutPath=, dockerRunConfig=null], submissionResult=null]]
    23:46:02.608 | 566 localvc.event-13 | DEBUG | s.l.LocalCIWebsocketMessagingService : Sending message on topic /topic/courses/1002/queued-jobs: [BuildJobQueueItem[id=20561739576762602, name=SHORT5092226A034FE04E240897007B42FFE84BAFTSTEXC-LOCALVCCIINTSTUDENT1, buildAgent=BuildAgentDTO[name=null, memberAddress=null, displayName=null], participationId=2056, courseId=1002, exerciseId=2619, retryCount=0, priority=3, status=null, repositoryInfo=RepositoryInfo[repositoryName=short5092226a034fe04e240897007b42ffe84baftstexc-localvcciintstudent1, repositoryType=user, triggeredByPushTo=user, assignmentRepositoryUri=, testRepositoryUri=, solutionRepositoryUri=, auxiliaryRepositoryUris=null, auxiliaryRepositoryCheckoutDirectories=null], jobTimingInfo=JobTimingInfo[submissionDate=2025-02-14T23:46:02.602633177Z[Etc/UTC], buildStartDate=null, buildCompletionDate=null, estimatedCompletionDate=null, estimatedDuration=19], buildConfig=BuildConfig[buildScript=, dockerImage=, commitHashToBuild=null, assignmentCommitHash=, testCommitHash=, branch=, programmingLanguage=null, projectType=null, scaEnabled=false, sequentialTestRunsEnabled=false, resultPaths=null, timeoutSeconds=0, assignmentCheckoutPath=, testCheckoutPath=, solutionCheckoutPath=, dockerRunConfig=null], submissionResult=null]]
    23:46:02.610 | 588 artemis-task-1   | DEBUG | d.t.c.a.a.c.c.w.GzipMessageConverter : Compressed message payload from 668 to 556 (saved 16.8% payload size)
    23:46:02.610 | 588 artemis-task-1   | DEBUG | d.t.c.a.a.c.c.w.GzipMessageConverter : Compressed message payload from 668 to 556 (saved 16.8% payload size)
    23:46:02.617 | 566 localvc.event-13 | DEBUG | s.l.LocalCIWebsocketMessagingService : Sending message on topic /topic/admin/queued-jobs: []
    23:46:02.617 | 566 localvc.event-13 | DEBUG | s.l.LocalCIWebsocketMessagingService : Sending message on topic /topic/courses/1002/queued-jobs: []
    23:46:02.617 | 615 taskScheduler-4  | DEBUG | a.a.b.s.SharedQueueProcessingService : Currently processing jobs on this node: 0, active threads in Pool: 0, maximum pool size of thread executor : 1
    23:46:02.625 | 600 taskScheduler-1  | DEBUG | a.a.b.s.SharedQueueProcessingService : Currently processing jobs on this node: 0, active threads in Pool: 0, maximum pool size of thread executor : 1
    23:46:02.956 | 566 localvc.event-13 | DEBUG | s.l.LocalCIWebsocketMessagingService : Sending message on topic /topic/admin/queued-jobs: [BuildJobQueueItem[id=20591739576762951, name=SHORT8B6C061B05725041A90B2AB0F66E0C0032FETSTEXC-LOCALVCCIINTSTUDENT1, buildAgent=BuildAgentDTO[name=null, memberAddress=null, displayName=null], participationId=2059, courseId=1003, exerciseId=2620, retryCount=0, priority=2, status=null, repositoryInfo=RepositoryInfo[repositoryName=short8b6c061b05725041a90b2ab0f66e0c0032fetstexc-localvcciintstudent1, repositoryType=user, triggeredByPushTo=user, assignmentRepositoryUri=, testRepositoryUri=, solutionRepositoryUri=, auxiliaryRepositoryUris=null, auxiliaryRepositoryCheckoutDirectories=null], jobTimingInfo=JobTimingInfo[submissionDate=2025-02-14T23:46:02.951748828Z[Etc/UTC], buildStartDate=null, buildCompletionDate=null, estimatedCompletionDate=null, estimatedDuration=19], buildConfig=BuildConfig[buildScript=, dockerImage=, commitHashToBuild=null, assignmentCommitHash=, testCommitHash=, branch=, programmingLanguage=null, projectType=null, scaEnabled=false, sequentialTestRunsEnabled=false, resultPaths=null, timeoutSeconds=0, assignmentCheckoutPath=, testCheckoutPath=, solutionCheckoutPath=, dockerRunConfig=null], submissionResult=null]]
    23:46:02.956 | 566 localvc.event-13 | DEBUG | s.l.LocalCIWebsocketMessagingService : Sending message on topic /topic/courses/1003/queued-jobs: [BuildJobQueueItem[id=20591739576762951, name=SHORT8B6C061B05725041A90B2AB0F66E0C0032FETSTEXC-LOCALVCCIINTSTUDENT1, buildAgent=BuildAgentDTO[name=null, memberAddress=null, displayName=null], participationId=2059, courseId=1003, exerciseId=2620, retryCount=0, priority=2, status=null, repositoryInfo=RepositoryInfo[repositoryName=short8b6c061b05725041a90b2ab0f66e0c0032fetstexc-localvcciintstudent1, repositoryType=user, triggeredByPushTo=user, assignmentRepositoryUri=, testRepositoryUri=, solutionRepositoryUri=, auxiliaryRepositoryUris=null, auxiliaryRepositoryCheckoutDirectories=null], jobTimingInfo=JobTimingInfo[submissionDate=2025-02-14T23:46:02.951748828Z[Etc/UTC], buildStartDate=null, buildCompletionDate=null, estimatedCompletionDate=null, estimatedDuration=19], buildConfig=BuildConfig[buildScript=, dockerImage=, commitHashToBuild=null, assignmentCommitHash=, testCommitHash=, branch=, programmingLanguage=null, projectType=null, scaEnabled=false, sequentialTestRunsEnabled=false, resultPaths=null, timeoutSeconds=0, assignmentCheckoutPath=, testCheckoutPath=, solutionCheckoutPath=, dockerRunConfig=null], submissionResult=null]]
    23:46:02.956 | 588 artemis-task-1   | DEBUG | d.t.c.a.a.c.c.w.GzipMessageConverter : Compressed message payload from 668 to 556 (saved 16.8% payload size)
    23:46:02.957 | 588 artemis-task-1   | DEBUG | d.t.c.a.a.c.c.w.GzipMessageConverter : Compressed message payload from 668 to 556 (saved 16.8% payload size)
    23:46:02.962 | 566 localvc.event-13 | DEBUG | s.l.LocalCIWebsocketMessagingService : Sending message on topic /topic/admin/queued-jobs: []
    23:46:02.962 | 566 localvc.event-13 | DEBUG | s.l.LocalCIWebsocketMessagingService : Sending message on topic /topic/courses/1003/queued-jobs: []
    23:46:02.963 | 614 taskScheduler-3  | DEBUG | a.a.b.s.SharedQueueProcessingService : Currently processing jobs on this node: 0, active threads in Pool: 0, maximum pool size of thread executor : 1
    23:46:03.014 |  27 nPool-1-worker-1 | INFO  | d.t.c.a.a.p.service.GitService       : GitService will use ssh keys as authentication method to interact with remote git repositories

Finished logs for LocalVCLocalCIIntegrationTest

Starting logs for TestExamTest

  Starting logs for TestExamTest > testTestExamExerciseDueDate_afterSubmittingOwnExam()
    23:46:03.009 | 383 ool-1-worker-147 | DEBUG | d.t.c.a.a.c.u.util.UserUtilService   : Generate 3 students...
    23:46:03.014 |  27 nPool-1-worker-1 | INFO  | d.t.c.a.a.p.service.GitService       : GitService will use ssh keys as authentication method to interact with remote git repositories

Finished logs for LocalVCLocalCIIntegrationTest
    23:46:03.020 | 383 ool-1-worker-147 | DEBUG | d.t.c.a.a.c.u.util.UserUtilService   : 3 students generated. Generate 2 tutors...
    23:46:03.027 | 383 ool-1-worker-147 | DEBUG | d.t.c.a.a.c.u.util.UserUtilService   : 2 tutors generated. Generate 0 editors...
    23:46:03.028 | 383 ool-1-worker-147 | DEBUG | d.t.c.a.a.c.u.util.UserUtilService   : 0 editors generated. Generate 2 instructors...
    23:46:03.038 | 383 ool-1-worker-147 | DEBUG | d.t.c.a.a.c.u.util.UserUtilService   : 2 instructors generated
    23:46:03.043 | 383 ool-1-worker-147 | DEBUG | d.t.c.a.a.c.u.util.UserUtilService   : Removing 7 users from all courses...
    23:46:03.044 | 383 ool-1-worker-147 | DEBUG | d.t.c.a.a.c.u.util.UserUtilService   : Removing 7 users from all courses. Done
    23:46:03.044 | 383 ool-1-worker-147 | DEBUG | d.t.c.a.a.c.u.util.UserUtilService   : Save 7 users to database...
    23:46:03.054 | 383 ool-1-worker-147 | DEBUG | d.t.c.a.a.c.u.util.UserUtilService   : Save 7 users to database. Done
    23:46:03.103 | 383 ool-1-worker-147 | INFO  | i.z.t.d.l.EmbeddedDatabaseReporter   : JDBC URL to connect to 'dataSource': url='jdbc:h2:tcp://localhost:41063/mem:df70fc46-7e57-4cb5-9cd0-c1d90c14afa7;USER=sa', scope='TestExamTest#testTestExamExerciseDueDate_afterSubmittingOwnExam'

  Starting logs for TestExamTest > testTestExamExerciseDueDate_duringOwnWorkingTime()
    23:46:03.282 | 383 ool-1-worker-147 | DEBUG | d.t.c.a.a.c.u.util.UserUtilService   : Generate 3 students...
    23:46:03.297 | 383 ool-1-worker-147 | DEBUG | d.t.c.a.a.c.u.util.UserUtilService   : 3 students generated. Generate 2 tutors...
    23:46:03.303 | 383 ool-1-worker-147 | DEBUG | d.t.c.a.a.c.u.util.UserUtilService   : 2 tutors generated. Generate 0 editors...
    23:46:03.307 | 383 ool-1-worker-147 | DEBUG | d.t.c.a.a.c.u.util.UserUtilService   : 0 editors generated. Generate 2 instructors...
    23:46:03.316 | 383 ool-1-worker-147 | DEBUG | d.t.c.a.a.c.u.util.UserUtilService   : 2 instructors generated
    23:46:03.319 | 383 ool-1-worker-147 | DEBUG | d.t.c.a.a.c.u.util.UserUtilService   : Removing 7 users from all courses...
    23:46:03.323 | 383 ool-1-worker-147 | DEBUG | d.t.c.a.a.c.u.util.UserUtilService   : Removing 7 users from all courses. Done
    23:46:03.323 | 383 ool-1-worker-147 | DEBUG | d.t.c.a.a.c.u.util.UserUtilService   : Save 7 users to database...
    23:46:03.332 | 383 ool-1-worker-147 | DEBUG | d.t.c.a.a.c.u.util.UserUtilService   : Save 7 users to database. Done
    23:46:03.402 | 383 ool-1-worker-147 | INFO  | i.z.t.d.l.EmbeddedDatabaseReporter   : JDBC URL to connect to 'dataSource': url='jdbc:h2:tcp://localhost:41063/mem:df70fc46-7e57-4cb5-9cd0-c1d90c14afa7;USER=sa', scope='TestExamTest#testTestExamExerciseDueDate_duringOwnWorkingTime'

Finished logs for TestExamTest
]]></system-out>
  <system-err><![CDATA[]]></system-err>
</testsuite>
