<?xml version="1.0" encoding="UTF-8"?>
<testsuite name="de.tum.cit.aet.artemis.core.JhiMetricsIntegrationTest" tests="1" skipped="0" failures="0" errors="0" timestamp="2025-02-14T23:44:20" hostname="fv-az1721-502" time="0.247">
  <properties/>
  <testcase name="getMetricsTest()" classname="de.tum.cit.aet.artemis.core.JhiMetricsIntegrationTest" time="0.247"/>
  <system-out><![CDATA[
Starting logs for JhiMetricsIntegrationTest

  Starting logs for JhiMetricsIntegrationTest > getMetricsTest()
    23:44:20.932 | 186 Pool-1-worker-79 | INFO  | i.z.t.d.l.EmbeddedDatabaseReporter   : JDBC URL to connect to 'dataSource': url='jdbc:h2:tcp://localhost:41063/mem:df70fc46-7e57-4cb5-9cd0-c1d90c14afa7;USER=sa', scope='JhiMetricsIntegrationTest#getMetricsTest'
    23:44:20.935 | 186 Pool-1-worker-79 | DEBUG | d.t.c.a.a.c.s.f.ApiVersionFilter     : Adding Version to Request GET /management/jhimetrics

Finished logs for JhiMetricsIntegrationTest
]]></system-out>
  <system-err><![CDATA[]]></system-err>
</testsuite>
