<?xml version="1.0" encoding="UTF-8"?>
<testsuite name="de.tum.cit.aet.artemis.exercise.service.ExerciseDateServiceTest" tests="10" skipped="0" failures="0" errors="0" timestamp="2025-02-14T23:46:01" hostname="fv-az1721-502" time="0.951">
  <properties/>
  <testcase name="latestDueDateShouldBeExerciseDueDateIfNoIndividualDueDate()" classname="de.tum.cit.aet.artemis.exercise.service.ExerciseDateServiceTest" time="0.121"/>
  <testcase name="participationDueDateShouldBeIndividualDueDate()" classname="de.tum.cit.aet.artemis.exercise.service.ExerciseDateServiceTest" time="0.091"/>
  <testcase name="latestDueDateShouldNotExistIfNoExerciseDueDate()" classname="de.tum.cit.aet.artemis.exercise.service.ExerciseDateServiceTest" time="0.137"/>
  <testcase name="testAssessmentDueDate_inFuture()" classname="de.tum.cit.aet.artemis.exercise.service.ExerciseDateServiceTest" time="0.062"/>
  <testcase name="participationDueDateShouldBeExerciseDueDateIfNoIndividualDueDate()" classname="de.tum.cit.aet.artemis.exercise.service.ExerciseDateServiceTest" time="0.134"/>
  <testcase name="itShouldAlwaysBeBeforeANonExistingDueDate()" classname="de.tum.cit.aet.artemis.exercise.service.ExerciseDateServiceTest" time="0.07"/>
  <testcase name="nowShouldBeBeforeADueDateInTheFuture()" classname="de.tum.cit.aet.artemis.exercise.service.ExerciseDateServiceTest" time="0.068"/>
  <testcase name="testAssessmentDueDate_inPast()" classname="de.tum.cit.aet.artemis.exercise.service.ExerciseDateServiceTest" time="0.123"/>
  <testcase name="testAssessmentDueDate_notSet()" classname="de.tum.cit.aet.artemis.exercise.service.ExerciseDateServiceTest" time="0.061"/>
  <testcase name="latestDueDateShouldBeLatestIndividualDueDate()" classname="de.tum.cit.aet.artemis.exercise.service.ExerciseDateServiceTest" time="0.062"/>
  <system-out><![CDATA[
Starting logs for ExerciseDateServiceTest

  Starting logs for ExerciseDateServiceTest > latestDueDateShouldBeExerciseDueDateIfNoIndividualDueDate()
    23:46:01.484 | 383 ool-1-worker-147 | DEBUG | d.t.c.a.a.c.u.util.UserUtilService   : Generate 3 students...
    23:46:01.492 | 383 ool-1-worker-147 | DEBUG | d.t.c.a.a.c.u.util.UserUtilService   : 3 students generated. Generate 2 tutors...
    23:46:01.497 | 383 ool-1-worker-147 | DEBUG | d.t.c.a.a.c.u.util.UserUtilService   : 2 tutors generated. Generate 0 editors...
    23:46:01.499 | 383 ool-1-worker-147 | DEBUG | d.t.c.a.a.c.u.util.UserUtilService   : 0 editors generated. Generate 2 instructors...
    23:46:01.504 | 383 ool-1-worker-147 | DEBUG | d.t.c.a.a.c.u.util.UserUtilService   : 2 instructors generated
    23:46:01.508 | 383 ool-1-worker-147 | DEBUG | d.t.c.a.a.c.u.util.UserUtilService   : Removing 3 users from all courses...
    23:46:01.512 | 383 ool-1-worker-147 | DEBUG | d.t.c.a.a.c.u.util.UserUtilService   : Removing 3 users from all courses. Done
    23:46:01.512 | 383 ool-1-worker-147 | DEBUG | d.t.c.a.a.c.u.util.UserUtilService   : Save 7 users to database...
    23:46:01.515 | 383 ool-1-worker-147 | DEBUG | d.t.c.a.a.c.u.util.UserUtilService   : Save 7 users to database. Done
    23:46:01.572 | 383 ool-1-worker-147 | INFO  | i.z.t.d.l.EmbeddedDatabaseReporter   : JDBC URL to connect to 'dataSource': url='jdbc:h2:tcp://localhost:41063/mem:df70fc46-7e57-4cb5-9cd0-c1d90c14afa7;USER=sa', scope='ExerciseDateServiceTest#latestDueDateShouldBeExerciseDueDateIfNoIndividualDueDate'

  Starting logs for ExerciseDateServiceTest > participationDueDateShouldBeIndividualDueDate()
    23:46:01.609 | 383 ool-1-worker-147 | DEBUG | d.t.c.a.a.c.u.util.UserUtilService   : Generate 3 students...
    23:46:01.620 | 383 ool-1-worker-147 | DEBUG | d.t.c.a.a.c.u.util.UserUtilService   : 3 students generated. Generate 2 tutors...
    23:46:01.628 | 383 ool-1-worker-147 | DEBUG | d.t.c.a.a.c.u.util.UserUtilService   : 2 tutors generated. Generate 0 editors...
    23:46:01.629 | 383 ool-1-worker-147 | DEBUG | d.t.c.a.a.c.u.util.UserUtilService   : 0 editors generated. Generate 2 instructors...
    23:46:01.633 | 383 ool-1-worker-147 | DEBUG | d.t.c.a.a.c.u.util.UserUtilService   : 2 instructors generated
    23:46:01.635 | 383 ool-1-worker-147 | DEBUG | d.t.c.a.a.c.u.util.UserUtilService   : Removing 7 users from all courses...
    23:46:01.636 | 383 ool-1-worker-147 | DEBUG | d.t.c.a.a.c.u.util.UserUtilService   : Removing 7 users from all courses. Done
    23:46:01.636 | 383 ool-1-worker-147 | DEBUG | d.t.c.a.a.c.u.util.UserUtilService   : Save 7 users to database...
    23:46:01.651 | 383 ool-1-worker-147 | DEBUG | d.t.c.a.a.c.u.util.UserUtilService   : Save 7 users to database. Done
    23:46:01.677 | 383 ool-1-worker-147 | INFO  | i.z.t.d.l.EmbeddedDatabaseReporter   : JDBC URL to connect to 'dataSource': url='jdbc:h2:tcp://localhost:41063/mem:df70fc46-7e57-4cb5-9cd0-c1d90c14afa7;USER=sa', scope='ExerciseDateServiceTest#participationDueDateShouldBeIndividualDueDate'

  Starting logs for ExerciseDateServiceTest > latestDueDateShouldNotExistIfNoExerciseDueDate()
    23:46:01.749 | 383 ool-1-worker-147 | DEBUG | d.t.c.a.a.c.u.util.UserUtilService   : Generate 3 students...
    23:46:01.758 | 383 ool-1-worker-147 | DEBUG | d.t.c.a.a.c.u.util.UserUtilService   : 3 students generated. Generate 2 tutors...
    23:46:01.767 | 383 ool-1-worker-147 | DEBUG | d.t.c.a.a.c.u.util.UserUtilService   : 2 tutors generated. Generate 0 editors...
    23:46:01.769 | 383 ool-1-worker-147 | DEBUG | d.t.c.a.a.c.u.util.UserUtilService   : 0 editors generated. Generate 2 instructors...
    23:46:01.779 | 383 ool-1-worker-147 | DEBUG | d.t.c.a.a.c.u.util.UserUtilService   : 2 instructors generated
    23:46:01.782 | 383 ool-1-worker-147 | DEBUG | d.t.c.a.a.c.u.util.UserUtilService   : Removing 7 users from all courses...
    23:46:01.783 | 383 ool-1-worker-147 | DEBUG | d.t.c.a.a.c.u.util.UserUtilService   : Removing 7 users from all courses. Done
    23:46:01.783 | 383 ool-1-worker-147 | DEBUG | d.t.c.a.a.c.u.util.UserUtilService   : Save 7 users to database...
    23:46:01.789 | 383 ool-1-worker-147 | DEBUG | d.t.c.a.a.c.u.util.UserUtilService   : Save 7 users to database. Done
    23:46:01.817 | 383 ool-1-worker-147 | INFO  | i.z.t.d.l.EmbeddedDatabaseReporter   : JDBC URL to connect to 'dataSource': url='jdbc:h2:tcp://localhost:41063/mem:df70fc46-7e57-4cb5-9cd0-c1d90c14afa7;USER=sa', scope='ExerciseDateServiceTest#latestDueDateShouldNotExistIfNoExerciseDueDate'
    23:46:01.820 | 566 localvc.event-13 | DEBUG | s.l.LocalCIWebsocketMessagingService : Sending message on topic /topic/admin/queued-jobs: [BuildJobQueueItem[id=20501739576761816, name=SHORTC98F8213027B1042960AFE600BC07253889DTSTEXC-LOCALVCCIINTSTUDENT1, buildAgent=BuildAgentDTO[name=null, memberAddress=null, displayName=null], participationId=2050, courseId=1000, exerciseId=2617, retryCount=0, priority=1, status=null, repositoryInfo=RepositoryInfo[repositoryName=shortc98f8213027b1042960afe600bc07253889dtstexc-localvcciintstudent1, repositoryType=user, triggeredByPushTo=user, assignmentRepositoryUri=, testRepositoryUri=, solutionRepositoryUri=, auxiliaryRepositoryUris=null, auxiliaryRepositoryCheckoutDirectories=null], jobTimingInfo=JobTimingInfo[submissionDate=2025-02-14T23:46:01.816398072Z[Etc/UTC], buildStartDate=null, buildCompletionDate=null, estimatedCompletionDate=null, estimatedDuration=19], buildConfig=BuildConfig[buildScript=, dockerImage=, commitHashToBuild=null, assignmentCommitHash=, testCommitHash=, branch=, programmingLanguage=null, projectType=null, scaEnabled=false, sequentialTestRunsEnabled=false, resultPaths=null, timeoutSeconds=0, assignmentCheckoutPath=, testCheckoutPath=, solutionCheckoutPath=, dockerRunConfig=null], submissionResult=null]]
    23:46:01.820 | 566 localvc.event-13 | DEBUG | s.l.LocalCIWebsocketMessagingService : Sending message on topic /topic/courses/1000/queued-jobs: [BuildJobQueueItem[id=20501739576761816, name=SHORTC98F8213027B1042960AFE600BC07253889DTSTEXC-LOCALVCCIINTSTUDENT1, buildAgent=BuildAgentDTO[name=null, memberAddress=null, displayName=null], participationId=2050, courseId=1000, exerciseId=2617, retryCount=0, priority=1, status=null, repositoryInfo=RepositoryInfo[repositoryName=shortc98f8213027b1042960afe600bc07253889dtstexc-localvcciintstudent1, repositoryType=user, triggeredByPushTo=user, assignmentRepositoryUri=, testRepositoryUri=, solutionRepositoryUri=, auxiliaryRepositoryUris=null, auxiliaryRepositoryCheckoutDirectories=null], jobTimingInfo=JobTimingInfo[submissionDate=2025-02-14T23:46:01.816398072Z[Etc/UTC], buildStartDate=null, buildCompletionDate=null, estimatedCompletionDate=null, estimatedDuration=19], buildConfig=BuildConfig[buildScript=, dockerImage=, commitHashToBuild=null, assignmentCommitHash=, testCommitHash=, branch=, programmingLanguage=null, projectType=null, scaEnabled=false, sequentialTestRunsEnabled=false, resultPaths=null, timeoutSeconds=0, assignmentCheckoutPath=, testCheckoutPath=, solutionCheckoutPath=, dockerRunConfig=null], submissionResult=null]]
    23:46:01.822 | 566 localvc.event-13 | DEBUG | s.l.LocalCIWebsocketMessagingService : Sending message on topic /topic/admin/queued-jobs: []
    23:46:01.822 | 566 localvc.event-13 | DEBUG | s.l.LocalCIWebsocketMessagingService : Sending message on topic /topic/courses/1000/queued-jobs: []

  Starting logs for ExerciseDateServiceTest > testAssessmentDueDate_inFuture()
    23:46:01.833 | 383 ool-1-worker-147 | DEBUG | d.t.c.a.a.c.u.util.UserUtilService   : Generate 3 students...
    23:46:01.838 | 383 ool-1-worker-147 | DEBUG | d.t.c.a.a.c.u.util.UserUtilService   : 3 students generated. Generate 2 tutors...
    23:46:01.842 | 383 ool-1-worker-147 | DEBUG | d.t.c.a.a.c.u.util.UserUtilService   : 2 tutors generated. Generate 0 editors...
    23:46:01.844 | 383 ool-1-worker-147 | DEBUG | d.t.c.a.a.c.u.util.UserUtilService   : 0 editors generated. Generate 2 instructors...
    23:46:01.848 | 383 ool-1-worker-147 | DEBUG | d.t.c.a.a.c.u.util.UserUtilService   : 2 instructors generated
    23:46:01.850 | 383 ool-1-worker-147 | DEBUG | d.t.c.a.a.c.u.util.UserUtilService   : Removing 7 users from all courses...
    23:46:01.851 | 383 ool-1-worker-147 | DEBUG | d.t.c.a.a.c.u.util.UserUtilService   : Removing 7 users from all courses. Done
    23:46:01.851 | 383 ool-1-worker-147 | DEBUG | d.t.c.a.a.c.u.util.UserUtilService   : Save 7 users to database...
    23:46:01.856 | 383 ool-1-worker-147 | DEBUG | d.t.c.a.a.c.u.util.UserUtilService   : Save 7 users to database. Done
    23:46:01.883 | 383 ool-1-worker-147 | INFO  | i.z.t.d.l.EmbeddedDatabaseReporter   : JDBC URL to connect to 'dataSource': url='jdbc:h2:tcp://localhost:41063/mem:df70fc46-7e57-4cb5-9cd0-c1d90c14afa7;USER=sa', scope='ExerciseDateServiceTest#testAssessmentDueDate_inFuture'

  Starting logs for ExerciseDateServiceTest > participationDueDateShouldBeExerciseDueDateIfNoIndividualDueDate()
    23:46:01.895 | 383 ool-1-worker-147 | DEBUG | d.t.c.a.a.c.u.util.UserUtilService   : Generate 3 students...
    23:46:01.901 | 383 ool-1-worker-147 | DEBUG | d.t.c.a.a.c.u.util.UserUtilService   : 3 students generated. Generate 2 tutors...
    23:46:01.905 | 383 ool-1-worker-147 | DEBUG | d.t.c.a.a.c.u.util.UserUtilService   : 2 tutors generated. Generate 0 editors...
    23:46:01.906 | 383 ool-1-worker-147 | DEBUG | d.t.c.a.a.c.u.util.UserUtilService   : 0 editors generated. Generate 2 instructors...
    23:46:01.911 | 383 ool-1-worker-147 | DEBUG | d.t.c.a.a.c.u.util.UserUtilService   : 2 instructors generated
    23:46:01.913 | 383 ool-1-worker-147 | DEBUG | d.t.c.a.a.c.u.util.UserUtilService   : Removing 7 users from all courses...
    23:46:01.914 | 383 ool-1-worker-147 | DEBUG | d.t.c.a.a.c.u.util.UserUtilService   : Removing 7 users from all courses. Done
    23:46:01.914 | 383 ool-1-worker-147 | DEBUG | d.t.c.a.a.c.u.util.UserUtilService   : Save 7 users to database...
    23:46:01.919 | 383 ool-1-worker-147 | DEBUG | d.t.c.a.a.c.u.util.UserUtilService   : Save 7 users to database. Done
    23:46:02.011 | 383 ool-1-worker-147 | INFO  | i.z.t.d.l.EmbeddedDatabaseReporter   : JDBC URL to connect to 'dataSource': url='jdbc:h2:tcp://localhost:41063/mem:df70fc46-7e57-4cb5-9cd0-c1d90c14afa7;USER=sa', scope='ExerciseDateServiceTest#participationDueDateShouldBeExerciseDueDateIfNoIndividualDueDate'

  Starting logs for ExerciseDateServiceTest > itShouldAlwaysBeBeforeANonExistingDueDate()
    23:46:02.036 | 383 ool-1-worker-147 | DEBUG | d.t.c.a.a.c.u.util.UserUtilService   : Generate 3 students...
    23:46:02.041 | 383 ool-1-worker-147 | DEBUG | d.t.c.a.a.c.u.util.UserUtilService   : 3 students generated. Generate 2 tutors...
    23:46:02.045 | 383 ool-1-worker-147 | DEBUG | d.t.c.a.a.c.u.util.UserUtilService   : 2 tutors generated. Generate 0 editors...
    23:46:02.047 | 383 ool-1-worker-147 | DEBUG | d.t.c.a.a.c.u.util.UserUtilService   : 0 editors generated. Generate 2 instructors...
    23:46:02.051 | 383 ool-1-worker-147 | DEBUG | d.t.c.a.a.c.u.util.UserUtilService   : 2 instructors generated
    23:46:02.053 | 383 ool-1-worker-147 | DEBUG | d.t.c.a.a.c.u.util.UserUtilService   : Removing 7 users from all courses...
    23:46:02.054 | 383 ool-1-worker-147 | DEBUG | d.t.c.a.a.c.u.util.UserUtilService   : Removing 7 users from all courses. Done
    23:46:02.054 | 383 ool-1-worker-147 | DEBUG | d.t.c.a.a.c.u.util.UserUtilService   : Save 7 users to database...
    23:46:02.059 | 383 ool-1-worker-147 | DEBUG | d.t.c.a.a.c.u.util.UserUtilService   : Save 7 users to database. Done
    23:46:02.091 | 383 ool-1-worker-147 | INFO  | i.z.t.d.l.EmbeddedDatabaseReporter   : JDBC URL to connect to 'dataSource': url='jdbc:h2:tcp://localhost:41063/mem:df70fc46-7e57-4cb5-9cd0-c1d90c14afa7;USER=sa', scope='ExerciseDateServiceTest#itShouldAlwaysBeBeforeANonExistingDueDate'

  Starting logs for ExerciseDateServiceTest > nowShouldBeBeforeADueDateInTheFuture()
    23:46:02.107 | 383 ool-1-worker-147 | DEBUG | d.t.c.a.a.c.u.util.UserUtilService   : Generate 3 students...
    23:46:02.113 | 383 ool-1-worker-147 | DEBUG | d.t.c.a.a.c.u.util.UserUtilService   : 3 students generated. Generate 2 tutors...
    23:46:02.118 | 383 ool-1-worker-147 | DEBUG | d.t.c.a.a.c.u.util.UserUtilService   : 2 tutors generated. Generate 0 editors...
    23:46:02.119 | 383 ool-1-worker-147 | DEBUG | d.t.c.a.a.c.u.util.UserUtilService   : 0 editors generated. Generate 2 instructors...
    23:46:02.123 | 383 ool-1-worker-147 | DEBUG | d.t.c.a.a.c.u.util.UserUtilService   : 2 instructors generated
    23:46:02.125 | 383 ool-1-worker-147 | DEBUG | d.t.c.a.a.c.u.util.UserUtilService   : Removing 7 users from all courses...
    23:46:02.126 | 383 ool-1-worker-147 | DEBUG | d.t.c.a.a.c.u.util.UserUtilService   : Removing 7 users from all courses. Done
    23:46:02.126 | 383 ool-1-worker-147 | DEBUG | d.t.c.a.a.c.u.util.UserUtilService   : Save 7 users to database...
    23:46:02.132 | 383 ool-1-worker-147 | DEBUG | d.t.c.a.a.c.u.util.UserUtilService   : Save 7 users to database. Done
    23:46:02.162 | 383 ool-1-worker-147 | INFO  | i.z.t.d.l.EmbeddedDatabaseReporter   : JDBC URL to connect to 'dataSource': url='jdbc:h2:tcp://localhost:41063/mem:df70fc46-7e57-4cb5-9cd0-c1d90c14afa7;USER=sa', scope='ExerciseDateServiceTest#nowShouldBeBeforeADueDateInTheFuture'

  Starting logs for ExerciseDateServiceTest > testAssessmentDueDate_inPast()
    23:46:02.191 | 383 ool-1-worker-147 | DEBUG | d.t.c.a.a.c.u.util.UserUtilService   : Generate 3 students...
    23:46:02.208 | 383 ool-1-worker-147 | DEBUG | d.t.c.a.a.c.u.util.UserUtilService   : 3 students generated. Generate 2 tutors...
    23:46:02.216 | 383 ool-1-worker-147 | DEBUG | d.t.c.a.a.c.u.util.UserUtilService   : 2 tutors generated. Generate 0 editors...
    23:46:02.225 | 383 ool-1-worker-147 | DEBUG | d.t.c.a.a.c.u.util.UserUtilService   : 0 editors generated. Generate 2 instructors...
    23:46:02.231 | 383 ool-1-worker-147 | DEBUG | d.t.c.a.a.c.u.util.UserUtilService   : 2 instructors generated
    23:46:02.237 | 383 ool-1-worker-147 | DEBUG | d.t.c.a.a.c.u.util.UserUtilService   : Removing 7 users from all courses...
    23:46:02.242 | 383 ool-1-worker-147 | DEBUG | d.t.c.a.a.c.u.util.UserUtilService   : Removing 7 users from all courses. Done
    23:46:02.242 | 383 ool-1-worker-147 | DEBUG | d.t.c.a.a.c.u.util.UserUtilService   : Save 7 users to database...
    23:46:02.249 | 383 ool-1-worker-147 | DEBUG | d.t.c.a.a.c.u.util.UserUtilService   : Save 7 users to database. Done
    23:46:02.279 | 566 localvc.event-13 | DEBUG | s.l.LocalCIWebsocketMessagingService : Sending message on topic /topic/admin/queued-jobs: [BuildJobQueueItem[id=20531739576762272, name=SHORTB24E9DD7099A904A410BE230745E12BD1915TSTEXC-LOCALVCCIINTSTUDENT1, buildAgent=BuildAgentDTO[name=null, memberAddress=null, displayName=null], participationId=2053, courseId=1001, exerciseId=2618, retryCount=0, priority=2, status=null, repositoryInfo=RepositoryInfo[repositoryName=shortb24e9dd7099a904a410be230745e12bd1915tstexc-localvcciintstudent1, repositoryType=user, triggeredByPushTo=user, assignmentRepositoryUri=, testRepositoryUri=, solutionRepositoryUri=, auxiliaryRepositoryUris=null, auxiliaryRepositoryCheckoutDirectories=null], jobTimingInfo=JobTimingInfo[submissionDate=2025-02-14T23:46:02.272221285Z[Etc/UTC], buildStartDate=null, buildCompletionDate=null, estimatedCompletionDate=null, estimatedDuration=19], buildConfig=BuildConfig[buildScript=, dockerImage=, commitHashToBuild=null, assignmentCommitHash=, testCommitHash=, branch=, programmingLanguage=null, projectType=null, scaEnabled=false, sequentialTestRunsEnabled=false, resultPaths=null, timeoutSeconds=0, assignmentCheckoutPath=, testCheckoutPath=, solutionCheckoutPath=, dockerRunConfig=null], submissionResult=null]]
    23:46:02.280 | 566 localvc.event-13 | DEBUG | s.l.LocalCIWebsocketMessagingService : Sending message on topic /topic/courses/1001/queued-jobs: [BuildJobQueueItem[id=20531739576762272, name=SHORTB24E9DD7099A904A410BE230745E12BD1915TSTEXC-LOCALVCCIINTSTUDENT1, buildAgent=BuildAgentDTO[name=null, memberAddress=null, displayName=null], participationId=2053, courseId=1001, exerciseId=2618, retryCount=0, priority=2, status=null, repositoryInfo=RepositoryInfo[repositoryName=shortb24e9dd7099a904a410be230745e12bd1915tstexc-localvcciintstudent1, repositoryType=user, triggeredByPushTo=user, assignmentRepositoryUri=, testRepositoryUri=, solutionRepositoryUri=, auxiliaryRepositoryUris=null, auxiliaryRepositoryCheckoutDirectories=null], jobTimingInfo=JobTimingInfo[submissionDate=2025-02-14T23:46:02.272221285Z[Etc/UTC], buildStartDate=null, buildCompletionDate=null, estimatedCompletionDate=null, estimatedDuration=19], buildConfig=BuildConfig[buildScript=, dockerImage=, commitHashToBuild=null, assignmentCommitHash=, testCommitHash=, branch=, programmingLanguage=null, projectType=null, scaEnabled=false, sequentialTestRunsEnabled=false, resultPaths=null, timeoutSeconds=0, assignmentCheckoutPath=, testCheckoutPath=, solutionCheckoutPath=, dockerRunConfig=null], submissionResult=null]]
    23:46:02.283 | 383 ool-1-worker-147 | INFO  | i.z.t.d.l.EmbeddedDatabaseReporter   : JDBC URL to connect to 'dataSource': url='jdbc:h2:tcp://localhost:41063/mem:df70fc46-7e57-4cb5-9cd0-c1d90c14afa7;USER=sa', scope='ExerciseDateServiceTest#testAssessmentDueDate_inPast'
    23:46:02.286 | 566 localvc.event-13 | DEBUG | s.l.LocalCIWebsocketMessagingService : Sending message on topic /topic/admin/queued-jobs: []
    23:46:02.287 | 566 localvc.event-13 | DEBUG | s.l.LocalCIWebsocketMessagingService : Sending message on topic /topic/courses/1001/queued-jobs: []

  Starting logs for ExerciseDateServiceTest > testAssessmentDueDate_notSet()
    23:46:02.304 | 383 ool-1-worker-147 | DEBUG | d.t.c.a.a.c.u.util.UserUtilService   : Generate 3 students...
    23:46:02.310 | 383 ool-1-worker-147 | DEBUG | d.t.c.a.a.c.u.util.UserUtilService   : 3 students generated. Generate 2 tutors...
    23:46:02.313 | 383 ool-1-worker-147 | DEBUG | d.t.c.a.a.c.u.util.UserUtilService   : 2 tutors generated. Generate 0 editors...
    23:46:02.314 | 383 ool-1-worker-147 | DEBUG | d.t.c.a.a.c.u.util.UserUtilService   : 0 editors generated. Generate 2 instructors...
    23:46:02.318 | 383 ool-1-worker-147 | DEBUG | d.t.c.a.a.c.u.util.UserUtilService   : 2 instructors generated
    23:46:02.320 | 383 ool-1-worker-147 | DEBUG | d.t.c.a.a.c.u.util.UserUtilService   : Removing 7 users from all courses...
    23:46:02.321 | 383 ool-1-worker-147 | DEBUG | d.t.c.a.a.c.u.util.UserUtilService   : Removing 7 users from all courses. Done
    23:46:02.321 | 383 ool-1-worker-147 | DEBUG | d.t.c.a.a.c.u.util.UserUtilService   : Save 7 users to database...
    23:46:02.325 | 383 ool-1-worker-147 | DEBUG | d.t.c.a.a.c.u.util.UserUtilService   : Save 7 users to database. Done
    23:46:02.352 | 383 ool-1-worker-147 | INFO  | i.z.t.d.l.EmbeddedDatabaseReporter   : JDBC URL to connect to 'dataSource': url='jdbc:h2:tcp://localhost:41063/mem:df70fc46-7e57-4cb5-9cd0-c1d90c14afa7;USER=sa', scope='ExerciseDateServiceTest#testAssessmentDueDate_notSet'

  Starting logs for ExerciseDateServiceTest > latestDueDateShouldBeLatestIndividualDueDate()
    23:46:02.366 | 383 ool-1-worker-147 | DEBUG | d.t.c.a.a.c.u.util.UserUtilService   : Generate 3 students...
    23:46:02.371 | 383 ool-1-worker-147 | DEBUG | d.t.c.a.a.c.u.util.UserUtilService   : 3 students generated. Generate 2 tutors...
    23:46:02.375 | 383 ool-1-worker-147 | DEBUG | d.t.c.a.a.c.u.util.UserUtilService   : 2 tutors generated. Generate 0 editors...
    23:46:02.376 | 383 ool-1-worker-147 | DEBUG | d.t.c.a.a.c.u.util.UserUtilService   : 0 editors generated. Generate 2 instructors...
    23:46:02.380 | 383 ool-1-worker-147 | DEBUG | d.t.c.a.a.c.u.util.UserUtilService   : 2 instructors generated
    23:46:02.382 | 383 ool-1-worker-147 | DEBUG | d.t.c.a.a.c.u.util.UserUtilService   : Removing 7 users from all courses...
    23:46:02.383 | 383 ool-1-worker-147 | DEBUG | d.t.c.a.a.c.u.util.UserUtilService   : Removing 7 users from all courses. Done
    23:46:02.383 | 383 ool-1-worker-147 | DEBUG | d.t.c.a.a.c.u.util.UserUtilService   : Save 7 users to database...
    23:46:02.387 | 383 ool-1-worker-147 | DEBUG | d.t.c.a.a.c.u.util.UserUtilService   : Save 7 users to database. Done
    23:46:02.412 | 383 ool-1-worker-147 | INFO  | i.z.t.d.l.EmbeddedDatabaseReporter   : JDBC URL to connect to 'dataSource': url='jdbc:h2:tcp://localhost:41063/mem:df70fc46-7e57-4cb5-9cd0-c1d90c14afa7;USER=sa', scope='ExerciseDateServiceTest#latestDueDateShouldBeLatestIndividualDueDate'
    23:46:02.606 | 566 localvc.event-13 | DEBUG | s.l.LocalCIWebsocketMessagingService : Sending message on topic /topic/admin/queued-jobs: [BuildJobQueueItem[id=20561739576762602, name=SHORT5092226A034FE04E240897007B42FFE84BAFTSTEXC-LOCALVCCIINTSTUDENT1, buildAgent=BuildAgentDTO[name=null, memberAddress=null, displayName=null], participationId=2056, courseId=1002, exerciseId=2619, retryCount=0, priority=3, status=null, repositoryInfo=RepositoryInfo[repositoryName=short5092226a034fe04e240897007b42ffe84baftstexc-localvcciintstudent1, repositoryType=user, triggeredByPushTo=user, assignmentRepositoryUri=, testRepositoryUri=, solutionRepositoryUri=, auxiliaryRepositoryUris=null, auxiliaryRepositoryCheckoutDirectories=null], jobTimingInfo=JobTimingInfo[submissionDate=2025-02-14T23:46:02.602633177Z[Etc/UTC], buildStartDate=null, buildCompletionDate=null, estimatedCompletionDate=null, estimatedDuration=19], buildConfig=BuildConfig[buildScript=, dockerImage=, commitHashToBuild=null, assignmentCommitHash=, testCommitHash=, branch=, programmingLanguage=null, projectType=null, scaEnabled=false, sequentialTestRunsEnabled=false, resultPaths=null, timeoutSeconds=0, assignmentCheckoutPath=, testCheckoutPath=, solutionCheckoutPath=, dockerRunConfig=null], submissionResult=null]]
    23:46:02.608 | 566 localvc.event-13 | DEBUG | s.l.LocalCIWebsocketMessagingService : Sending message on topic /topic/courses/1002/queued-jobs: [BuildJobQueueItem[id=20561739576762602, name=SHORT5092226A034FE04E240897007B42FFE84BAFTSTEXC-LOCALVCCIINTSTUDENT1, buildAgent=BuildAgentDTO[name=null, memberAddress=null, displayName=null], participationId=2056, courseId=1002, exerciseId=2619, retryCount=0, priority=3, status=null, repositoryInfo=RepositoryInfo[repositoryName=short5092226a034fe04e240897007b42ffe84baftstexc-localvcciintstudent1, repositoryType=user, triggeredByPushTo=user, assignmentRepositoryUri=, testRepositoryUri=, solutionRepositoryUri=, auxiliaryRepositoryUris=null, auxiliaryRepositoryCheckoutDirectories=null], jobTimingInfo=JobTimingInfo[submissionDate=2025-02-14T23:46:02.602633177Z[Etc/UTC], buildStartDate=null, buildCompletionDate=null, estimatedCompletionDate=null, estimatedDuration=19], buildConfig=BuildConfig[buildScript=, dockerImage=, commitHashToBuild=null, assignmentCommitHash=, testCommitHash=, branch=, programmingLanguage=null, projectType=null, scaEnabled=false, sequentialTestRunsEnabled=false, resultPaths=null, timeoutSeconds=0, assignmentCheckoutPath=, testCheckoutPath=, solutionCheckoutPath=, dockerRunConfig=null], submissionResult=null]]
    23:46:02.617 | 566 localvc.event-13 | DEBUG | s.l.LocalCIWebsocketMessagingService : Sending message on topic /topic/admin/queued-jobs: []
    23:46:02.617 | 566 localvc.event-13 | DEBUG | s.l.LocalCIWebsocketMessagingService : Sending message on topic /topic/courses/1002/queued-jobs: []
    23:46:02.956 | 566 localvc.event-13 | DEBUG | s.l.LocalCIWebsocketMessagingService : Sending message on topic /topic/admin/queued-jobs: [BuildJobQueueItem[id=20591739576762951, name=SHORT8B6C061B05725041A90B2AB0F66E0C0032FETSTEXC-LOCALVCCIINTSTUDENT1, buildAgent=BuildAgentDTO[name=null, memberAddress=null, displayName=null], participationId=2059, courseId=1003, exerciseId=2620, retryCount=0, priority=2, status=null, repositoryInfo=RepositoryInfo[repositoryName=short8b6c061b05725041a90b2ab0f66e0c0032fetstexc-localvcciintstudent1, repositoryType=user, triggeredByPushTo=user, assignmentRepositoryUri=, testRepositoryUri=, solutionRepositoryUri=, auxiliaryRepositoryUris=null, auxiliaryRepositoryCheckoutDirectories=null], jobTimingInfo=JobTimingInfo[submissionDate=2025-02-14T23:46:02.951748828Z[Etc/UTC], buildStartDate=null, buildCompletionDate=null, estimatedCompletionDate=null, estimatedDuration=19], buildConfig=BuildConfig[buildScript=, dockerImage=, commitHashToBuild=null, assignmentCommitHash=, testCommitHash=, branch=, programmingLanguage=null, projectType=null, scaEnabled=false, sequentialTestRunsEnabled=false, resultPaths=null, timeoutSeconds=0, assignmentCheckoutPath=, testCheckoutPath=, solutionCheckoutPath=, dockerRunConfig=null], submissionResult=null]]
    23:46:02.956 | 566 localvc.event-13 | DEBUG | s.l.LocalCIWebsocketMessagingService : Sending message on topic /topic/courses/1003/queued-jobs: [BuildJobQueueItem[id=20591739576762951, name=SHORT8B6C061B05725041A90B2AB0F66E0C0032FETSTEXC-LOCALVCCIINTSTUDENT1, buildAgent=BuildAgentDTO[name=null, memberAddress=null, displayName=null], participationId=2059, courseId=1003, exerciseId=2620, retryCount=0, priority=2, status=null, repositoryInfo=RepositoryInfo[repositoryName=short8b6c061b05725041a90b2ab0f66e0c0032fetstexc-localvcciintstudent1, repositoryType=user, triggeredByPushTo=user, assignmentRepositoryUri=, testRepositoryUri=, solutionRepositoryUri=, auxiliaryRepositoryUris=null, auxiliaryRepositoryCheckoutDirectories=null], jobTimingInfo=JobTimingInfo[submissionDate=2025-02-14T23:46:02.951748828Z[Etc/UTC], buildStartDate=null, buildCompletionDate=null, estimatedCompletionDate=null, estimatedDuration=19], buildConfig=BuildConfig[buildScript=, dockerImage=, commitHashToBuild=null, assignmentCommitHash=, testCommitHash=, branch=, programmingLanguage=null, projectType=null, scaEnabled=false, sequentialTestRunsEnabled=false, resultPaths=null, timeoutSeconds=0, assignmentCheckoutPath=, testCheckoutPath=, solutionCheckoutPath=, dockerRunConfig=null], submissionResult=null]]
    23:46:02.962 | 566 localvc.event-13 | DEBUG | s.l.LocalCIWebsocketMessagingService : Sending message on topic /topic/admin/queued-jobs: []
    23:46:02.962 | 566 localvc.event-13 | DEBUG | s.l.LocalCIWebsocketMessagingService : Sending message on topic /topic/courses/1003/queued-jobs: []
    23:46:03.014 |  27 nPool-1-worker-1 | INFO  | d.t.c.a.a.p.service.GitService       : GitService will use ssh keys as authentication method to interact with remote git repositories

Finished logs for LocalVCLocalCIIntegrationTest

Finished logs for ExerciseDateServiceTest
]]></system-out>
  <system-err><![CDATA[]]></system-err>
</testsuite>
