<?xml version="1.0" encoding="UTF-8"?>
<testsuite name="de.tum.cit.aet.artemis.exam.ExamIntegrationTest" tests="149" skipped="0" failures="0" errors="0" timestamp="2025-02-14T23:42:36" hostname="fv-az1721-502" time="10.992">
  <properties/>
  <testcase name="testDeleteExamWithMultipleTestRuns()" classname="de.tum.cit.aet.artemis.exam.ExamIntegrationTest" time="0.593"/>
  <testcase name="testUpdateExam_createsExamWithoutId()" classname="de.tum.cit.aet.artemis.exam.ExamIntegrationTest" time="0.044"/>
  <testcase name="testGetExamForImportWithExercises_noEditorAccess()" classname="de.tum.cit.aet.artemis.exam.ExamIntegrationTest" time="0.027"/>
  <testcase name="testImportExamWithExercises_asStudent_failsWithForbidden()" classname="de.tum.cit.aet.artemis.exam.ExamIntegrationTest" time="0.026"/>
  <testcase name="testGetAllExamsOnPage_withoutExercisesAndExamsNotLinkedToCourse_asAdmin_returnsExams()" classname="de.tum.cit.aet.artemis.exam.ExamIntegrationTest" time="0.057"/>
  <testcase name="testGetExercisesWithPotentialPlagiarismAsInstructor()" classname="de.tum.cit.aet.artemis.exam.ExamIntegrationTest" time="0.068"/>
  <testcase name="testCreateExam_asInstructor_returnsBody()" classname="de.tum.cit.aet.artemis.exam.ExamIntegrationTest" time="0.033"/>
  <testcase name="testGetExamForExamAssessmentDashboard(int) [1] numberOfCorrectionRounds=0" classname="de.tum.cit.aet.artemis.exam.ExamIntegrationTest" time="0.154"/>
  <testcase name="testGetExamForExamAssessmentDashboard(int) [2] numberOfCorrectionRounds=1" classname="de.tum.cit.aet.artemis.exam.ExamIntegrationTest" time="0.148"/>
  <testcase name="testGetExamForExamAssessmentDashboard(int) [3] numberOfCorrectionRounds=2" classname="de.tum.cit.aet.artemis.exam.ExamIntegrationTest" time="0.161"/>
  <testcase name="testResetExamWithExerciseGroupAndTextExercise_asInstructor()" classname="de.tum.cit.aet.artemis.exam.ExamIntegrationTest" time="0.039"/>
  <testcase name="testGetExamTitleForNonExistingExam()" classname="de.tum.cit.aet.artemis.exam.ExamIntegrationTest" time="0.023"/>
  <testcase name="testIsExamOver_GracePeriod()" classname="de.tum.cit.aet.artemis.exam.ExamIntegrationTest" time="0.021"/>
  <testcase name="testGetExamForExamAssessmentDashboard_courseIdDoesNotMatch_badRequest()" classname="de.tum.cit.aet.artemis.exam.ExamIntegrationTest" time="0.023"/>
  <testcase name="testGetExercisesWithPotentialPlagiarismAsTutor_forbidden()" classname="de.tum.cit.aet.artemis.exam.ExamIntegrationTest" time="0.021"/>
  <testcase name="testGetExamForImportWithExercises_noTutorAccess()" classname="de.tum.cit.aet.artemis.exam.ExamIntegrationTest" time="0.028"/>
  <testcase name="testArchiveExamAsStudent_forbidden()" classname="de.tum.cit.aet.artemis.exam.ExamIntegrationTest" time="0.023"/>
  <testcase name="testGetExamForTestRunDashboard_ok()" classname="de.tum.cit.aet.artemis.exam.ExamIntegrationTest" time="0.05"/>
  <testcase name="testCreateExam_asInstructor_returnsLocationHeader()" classname="de.tum.cit.aet.artemis.exam.ExamIntegrationTest" time="0.046"/>
  <testcase name="testCreateExam_asInstructor_createsCourseMessagingChannel()" classname="de.tum.cit.aet.artemis.exam.ExamIntegrationTest" time="0.043"/>
  <testcase name="testUpdateExam_failsWithoutCourse()" classname="de.tum.cit.aet.artemis.exam.ExamIntegrationTest" time="0.036"/>
  <testcase name="testCourseAndExamAccessForInstructors_notInstructorInCourse_forbidden()" classname="de.tum.cit.aet.artemis.exam.ExamIntegrationTest" time="0.228"/>
  <testcase name="testCreateExam_failsWithId()" classname="de.tum.cit.aet.artemis.exam.ExamIntegrationTest" time="0.057"/>
  <testcase name="testGetSuspiciousSessionsAsTutor_forbidden()" classname="de.tum.cit.aet.artemis.exam.ExamIntegrationTest" time="0.026"/>
  <testcase name="testGetCurrentAndUpcomingExamsForbiddenForInstructor()" classname="de.tum.cit.aet.artemis.exam.ExamIntegrationTest" time="0.02"/>
  <testcase name="testRetrieveOwnStudentExam_instructor()" classname="de.tum.cit.aet.artemis.exam.ExamIntegrationTest" time="0.03"/>
  <testcase name="testDeleteCourseWithMultipleTestRuns()" classname="de.tum.cit.aet.artemis.exam.ExamIntegrationTest" time="0.271"/>
  <testcase name="testDeleteExamWithChannel()" classname="de.tum.cit.aet.artemis.exam.ExamIntegrationTest" time="0.064"/>
  <testcase name="testComparingForOtherCriterionThanGivenNoFalsePositives(boolean, boolean, boolean, boolean) [1] sameIpDifferentExams=true, sameFingerprintDifferentExams=true, differentIpSameExam=false, differentFingerprintSameExam=false" classname="de.tum.cit.aet.artemis.exam.ExamIntegrationTest" time="0.075"/>
  <testcase name="testComparingForOtherCriterionThanGivenNoFalsePositives(boolean, boolean, boolean, boolean) [2] sameIpDifferentExams=false, sameFingerprintDifferentExams=true, differentIpSameExam=false, differentFingerprintSameExam=false" classname="de.tum.cit.aet.artemis.exam.ExamIntegrationTest" time="0.067"/>
  <testcase name="testComparingForOtherCriterionThanGivenNoFalsePositives(boolean, boolean, boolean, boolean) [3] sameIpDifferentExams=true, sameFingerprintDifferentExams=false, differentIpSameExam=false, differentFingerprintSameExam=false" classname="de.tum.cit.aet.artemis.exam.ExamIntegrationTest" time="0.094"/>
  <testcase name="testComparingForOtherCriterionThanGivenNoFalsePositives(boolean, boolean, boolean, boolean) [4] sameIpDifferentExams=false, sameFingerprintDifferentExams=false, differentIpSameExam=true, differentFingerprintSameExam=false" classname="de.tum.cit.aet.artemis.exam.ExamIntegrationTest" time="0.108"/>
  <testcase name="testComparingForOtherCriterionThanGivenNoFalsePositives(boolean, boolean, boolean, boolean) [5] sameIpDifferentExams=false, sameFingerprintDifferentExams=false, differentIpSameExam=false, differentFingerprintSameExam=true" classname="de.tum.cit.aet.artemis.exam.ExamIntegrationTest" time="0.058"/>
  <testcase name="testComparingForOtherCriterionThanGivenNoFalsePositives(boolean, boolean, boolean, boolean) [6] sameIpDifferentExams=false, sameFingerprintDifferentExams=false, differentIpSameExam=true, differentFingerprintSameExam=true" classname="de.tum.cit.aet.artemis.exam.ExamIntegrationTest" time="0.048"/>
  <testcase name="testDeleteExamWithQuizPool()" classname="de.tum.cit.aet.artemis.exam.ExamIntegrationTest" time="0.205"/>
  <testcase name="testRetrieveOwnStudentExam_noStudentExam()" classname="de.tum.cit.aet.artemis.exam.ExamIntegrationTest" time="0.03"/>
  <testcase name="testDeleteExamThatDoesNotExist()" classname="de.tum.cit.aet.artemis.exam.ExamIntegrationTest" time="0.273"/>
  <testcase name="testDownloadExamArchiveAsInstructor()" classname="de.tum.cit.aet.artemis.exam.ExamIntegrationTest" time="0.42"/>
  <testcase name="testImportExamWithExercises_successfulWithImportToOtherCourse()" classname="de.tum.cit.aet.artemis.exam.ExamIntegrationTest" time="0.086"/>
  <testcase name="testUpdateExam_failsWithExamIdMismatch()" classname="de.tum.cit.aet.artemis.exam.ExamIntegrationTest" time="0.022"/>
  <testcase name="testImportExamWithExercises_failsWithPointConflict()" classname="de.tum.cit.aet.artemis.exam.ExamIntegrationTest" time="0.035"/>
  <testcase name="testGetExamWithOptions()" classname="de.tum.cit.aet.artemis.exam.ExamIntegrationTest" time="0.184"/>
  <testcase name="testGetExamForExamAssessmentDashboard_asStudent_forbidden()" classname="de.tum.cit.aet.artemis.exam.ExamIntegrationTest" time="0.029"/>
  <testcase name="testGetCurrentAndUpcomingExams()" classname="de.tum.cit.aet.artemis.exam.ExamIntegrationTest" time="0.073"/>
  <testcase name="testGetExamTitleAsTeachingAssistant()" classname="de.tum.cit.aet.artemis.exam.ExamIntegrationTest" time="0.022"/>
  <testcase name="testGetSuspiciousSessionsAsInstructorNotInCourse_forbidden()" classname="de.tum.cit.aet.artemis.exam.ExamIntegrationTest" time="0.047"/>
  <testcase name="testResetEmptyExam_asInstructor()" classname="de.tum.cit.aet.artemis.exam.ExamIntegrationTest" time="0.041"/>
  <testcase name="testGetExam_asInstructor_WithQuizPool()" classname="de.tum.cit.aet.artemis.exam.ExamIntegrationTest" time="0.038"/>
  <testcase name="testGetExercisesWithPotentialPlagiarismAsInstructorNotInCourse_forbidden()" classname="de.tum.cit.aet.artemis.exam.ExamIntegrationTest" time="0.066"/>
  <testcase name="testDownloadExamArchiveAsTutor_forbidden()" classname="de.tum.cit.aet.artemis.exam.ExamIntegrationTest" time="0.043"/>
  <testcase name="testGetExam_asInstructor_WithTestRunQuizExerciseSubmissions()" classname="de.tum.cit.aet.artemis.exam.ExamIntegrationTest" time="0.048"/>
  <testcase name="testCreateExam_failsWithoutCourse()" classname="de.tum.cit.aet.artemis.exam.ExamIntegrationTest" time="0.023"/>
  <testcase name="testDeleteEmptyExam_asInstructor()" classname="de.tum.cit.aet.artemis.exam.ExamIntegrationTest" time="0.035"/>
  <testcase name="testUpdateExam_rescheduleModeling_workingTimeChanged()" classname="de.tum.cit.aet.artemis.exam.ExamIntegrationTest" time="0.054"/>
  <testcase name="testUpdateExam_changeEndDateSubSecondPrecision_shouldNotNotifyStudents()" classname="de.tum.cit.aet.artemis.exam.ExamIntegrationTest" time="0.031"/>
  <testcase name="testGetExam_asInstructor()" classname="de.tum.cit.aet.artemis.exam.ExamIntegrationTest" time="0.033"/>
  <testcase name="testGetExamTitleAsUser()" classname="de.tum.cit.aet.artemis.exam.ExamIntegrationTest" time="0.023"/>
  <testcase name="testGetExamForImportWithExercises_noInstructorAccess()" classname="de.tum.cit.aet.artemis.exam.ExamIntegrationTest" time="0.026"/>
  <testcase name="testGetExamTitleAsInstructor()" classname="de.tum.cit.aet.artemis.exam.ExamIntegrationTest" time="0.037"/>
  <testcase name="testGetAllExamsOnPage_asTutor_failsWithForbidden()" classname="de.tum.cit.aet.artemis.exam.ExamIntegrationTest" time="0.042"/>
  <testcase name="testAll_asTutor_shouldNotBeAuthorized()" classname="de.tum.cit.aet.artemis.exam.ExamIntegrationTest" time="0.052"/>
  <testcase name="testGetExamScore_tutor_forbidden()" classname="de.tum.cit.aet.artemis.exam.ExamIntegrationTest" time="0.026"/>
  <testcase name="testDownloadExamArchiveAsInstructorNotInCourse_forbidden()" classname="de.tum.cit.aet.artemis.exam.ExamIntegrationTest" time="0.039"/>
  <testcase name="testGetSuspiciousSessionsIpOutsideOfRange(String, String, String, String, String) [1] ipAddress1=192.168.1.10, ipAddress2=192.168.1.20, subnetIncludingFirstAddress=192.168.1.0/28, subnetIncludingNeitherAddress=192.168.1.128/25, subnetIncludingBothAddresses=192.168.1.0/24" classname="de.tum.cit.aet.artemis.exam.ExamIntegrationTest" time="0.067"/>
  <testcase name="testGetSuspiciousSessionsIpOutsideOfRange(String, String, String, String, String) [2] ipAddress1=2001:0db8:85a3:0000:0000:8a2e:0370:7330, ipAddress2=2001:0db8:85a3:0000:0000:8a2e:0370:7331, subnetIncludingFirstAddress=2001:0db8:85a3:0000:0000:8a2e:0370:7330/128, subnetIncludingNeitherAddress=2001:0db8:85a3:0000:0000:8a2e:0370:7000/128, subnetIncludingBothAddresses=2001:0db8:85a3:0000:0000:8a2e:0370:7330/64" classname="de.tum.cit.aet.artemis.exam.ExamIntegrationTest" time="0.057"/>
  <testcase name="testGetCurrentAndUpcomingExamsForbiddenForUser()" classname="de.tum.cit.aet.artemis.exam.ExamIntegrationTest" time="0.022"/>
  <testcase name="testGetExamForExamAssessmentDashboard_beforeDueDate()" classname="de.tum.cit.aet.artemis.exam.ExamIntegrationTest" time="0.031"/>
  <testcase name="testImportExamWithExercises_successfulWithExercises()" classname="de.tum.cit.aet.artemis.exam.ExamIntegrationTest" time="0.077"/>
  <testcase name="testGetAllExamsOnPage_asStudent_failsWithForbidden()" classname="de.tum.cit.aet.artemis.exam.ExamIntegrationTest" time="0.029"/>
  <testcase name="testGetExamsForCourse_asInstructor()" classname="de.tum.cit.aet.artemis.exam.ExamIntegrationTest" time="0.214"/>
  <testcase name="testImportExamWithExercises_failsWithDateConflictTestExam()" classname="de.tum.cit.aet.artemis.exam.ExamIntegrationTest" time="0.037"/>
  <testcase name="testGetAllActiveExams()" classname="de.tum.cit.aet.artemis.exam.ExamIntegrationTest" time="0.053"/>
  <testcase name="testResetExamThatDoesNotExist()" classname="de.tum.cit.aet.artemis.exam.ExamIntegrationTest" time="0.026"/>
  <testcase name="testCreateExam_failsWithExerciseGroups()" classname="de.tum.cit.aet.artemis.exam.ExamIntegrationTest" time="0.033"/>
  <testcase name="testGetAllExamsOnPage_withExercises_asInstructor_returnsExams()" classname="de.tum.cit.aet.artemis.exam.ExamIntegrationTest" time="0.031"/>
  <testcase name="testUpdateExam_changeTitleDuringConduction_shouldNotNotifyStudents()" classname="de.tum.cit.aet.artemis.exam.ExamIntegrationTest" time="0.03"/>
  <testcase name="[1] exam=de.tum.cit.aet.artemis.exam.domain.Exam@0" classname="de.tum.cit.aet.artemis.exam.ExamIntegrationTest" time="0.026"/>
  <testcase name="[2] exam=de.tum.cit.aet.artemis.exam.domain.Exam@0" classname="de.tum.cit.aet.artemis.exam.ExamIntegrationTest" time="0.029"/>
  <testcase name="[3] exam=de.tum.cit.aet.artemis.exam.domain.Exam@0" classname="de.tum.cit.aet.artemis.exam.ExamIntegrationTest" time="0.021"/>
  <testcase name="[4] exam=de.tum.cit.aet.artemis.exam.domain.Exam@0" classname="de.tum.cit.aet.artemis.exam.ExamIntegrationTest" time="0.028"/>
  <testcase name="[5] exam=de.tum.cit.aet.artemis.exam.domain.Exam@0" classname="de.tum.cit.aet.artemis.exam.ExamIntegrationTest" time="0.042"/>
  <testcase name="[6] exam=de.tum.cit.aet.artemis.exam.domain.Exam@0" classname="de.tum.cit.aet.artemis.exam.ExamIntegrationTest" time="0.185"/>
  <testcase name="[7] exam=de.tum.cit.aet.artemis.exam.domain.Exam@0" classname="de.tum.cit.aet.artemis.exam.ExamIntegrationTest" time="0.022"/>
  <testcase name="testUpdateExam_updatesExamTitle()" classname="de.tum.cit.aet.artemis.exam.ExamIntegrationTest" time="0.027"/>
  <testcase name="testUpdateExam_rescheduleModeling_endDateChanged()" classname="de.tum.cit.aet.artemis.exam.ExamIntegrationTest" time="0.123"/>
  <testcase name="testDeleteExamWithOneTestRuns()" classname="de.tum.cit.aet.artemis.exam.ExamIntegrationTest" time="0.204"/>
  <testcase name="testGetStudentExamForStart()" classname="de.tum.cit.aet.artemis.exam.ExamIntegrationTest" time="0.049"/>
  <testcase name="testGetSuspiciousSessionsDifferentAsInstructor(boolean, boolean, boolean, boolean) [1] sameIpDifferentExams=true, sameFingerprintDifferentExams=true, differentIpSameExam=false, differentFingerprintSameExam=false" classname="de.tum.cit.aet.artemis.exam.ExamIntegrationTest" time="0.062"/>
  <testcase name="testGetSuspiciousSessionsDifferentAsInstructor(boolean, boolean, boolean, boolean) [2] sameIpDifferentExams=false, sameFingerprintDifferentExams=true, differentIpSameExam=false, differentFingerprintSameExam=false" classname="de.tum.cit.aet.artemis.exam.ExamIntegrationTest" time="0.073"/>
  <testcase name="testGetSuspiciousSessionsDifferentAsInstructor(boolean, boolean, boolean, boolean) [3] sameIpDifferentExams=true, sameFingerprintDifferentExams=false, differentIpSameExam=false, differentFingerprintSameExam=false" classname="de.tum.cit.aet.artemis.exam.ExamIntegrationTest" time="0.073"/>
  <testcase name="testGetSuspiciousSessionsDifferentAsInstructor(boolean, boolean, boolean, boolean) [4] sameIpDifferentExams=false, sameFingerprintDifferentExams=false, differentIpSameExam=true, differentFingerprintSameExam=false" classname="de.tum.cit.aet.artemis.exam.ExamIntegrationTest" time="0.051"/>
  <testcase name="testGetSuspiciousSessionsDifferentAsInstructor(boolean, boolean, boolean, boolean) [5] sameIpDifferentExams=false, sameFingerprintDifferentExams=false, differentIpSameExam=false, differentFingerprintSameExam=true" classname="de.tum.cit.aet.artemis.exam.ExamIntegrationTest" time="0.086"/>
  <testcase name="testGetSuspiciousSessionsDifferentAsInstructor(boolean, boolean, boolean, boolean) [6] sameIpDifferentExams=false, sameFingerprintDifferentExams=false, differentIpSameExam=true, differentFingerprintSameExam=true" classname="de.tum.cit.aet.artemis.exam.ExamIntegrationTest" time="0.059"/>
  <testcase name="testGetAllIndividualExamEndDates()" classname="de.tum.cit.aet.artemis.exam.ExamIntegrationTest" time="0.027"/>
  <testcase name="testGenerateStudentExamsWithQuizPool()" classname="de.tum.cit.aet.artemis.exam.ExamIntegrationTest" time="0.268"/>
  <testcase name="testCreateExam_checkCourseAccess_instructorNotInCourse_failsWithForbidden()" classname="de.tum.cit.aet.artemis.exam.ExamIntegrationTest" time="0.051"/>
  <testcase name="testGenerateStudentExamsNoExerciseGroups_badRequest()" classname="de.tum.cit.aet.artemis.exam.ExamIntegrationTest" time="0.043"/>
  <testcase name="testGetExamStatistics()" classname="de.tum.cit.aet.artemis.exam.ExamIntegrationTest" time="0.061"/>
  <testcase name="testGenerateMissingStudentExamsWithEmptyQuizPool()" classname="de.tum.cit.aet.artemis.exam.ExamIntegrationTest" time="0.166"/>
  <testcase name="testCreateExam_failsWithCourseIdMismatch()" classname="de.tum.cit.aet.artemis.exam.ExamIntegrationTest" time="0.045"/>
  <testcase name="testGetAllExamsOnPage_withoutExercises_asInstructor_returnsExams()" classname="de.tum.cit.aet.artemis.exam.ExamIntegrationTest" time="0.048"/>
  <testcase name="testGetExamForExamAssessmentDashboard_notFound()" classname="de.tum.cit.aet.artemis.exam.ExamIntegrationTest" time="0.027"/>
  <testcase name="testGenerateStudentExamsNoExerciseNumber_badRequest()" classname="de.tum.cit.aet.artemis.exam.ExamIntegrationTest" time="0.083"/>
  <testcase name="testSaveExamWithExerciseGroupWithExerciseToDatabase()" classname="de.tum.cit.aet.artemis.exam.ExamIntegrationTest" time="0.031"/>
  <testcase name="testGenerateMissingStudentExamsWithQuizPool()" classname="de.tum.cit.aet.artemis.exam.ExamIntegrationTest" time="0.262"/>
  <testcase name="[1] exam=de.tum.cit.aet.artemis.exam.domain.Exam@0" classname="de.tum.cit.aet.artemis.exam.ExamIntegrationTest" time="0.046"/>
  <testcase name="[2] exam=de.tum.cit.aet.artemis.exam.domain.Exam@0" classname="de.tum.cit.aet.artemis.exam.ExamIntegrationTest" time="0.056"/>
  <testcase name="[3] exam=de.tum.cit.aet.artemis.exam.domain.Exam@0" classname="de.tum.cit.aet.artemis.exam.ExamIntegrationTest" time="0.055"/>
  <testcase name="[4] exam=de.tum.cit.aet.artemis.exam.domain.Exam@0" classname="de.tum.cit.aet.artemis.exam.ExamIntegrationTest" time="0.051"/>
  <testcase name="[5] exam=de.tum.cit.aet.artemis.exam.domain.Exam@0" classname="de.tum.cit.aet.artemis.exam.ExamIntegrationTest" time="0.05"/>
  <testcase name="[6] exam=de.tum.cit.aet.artemis.exam.domain.Exam@0" classname="de.tum.cit.aet.artemis.exam.ExamIntegrationTest" time="0.05"/>
  <testcase name="[7] exam=de.tum.cit.aet.artemis.exam.domain.Exam@0" classname="de.tum.cit.aet.artemis.exam.ExamIntegrationTest" time="0.049"/>
  <testcase name="testGenerateStudentExamsNotEnoughExerciseGroups_badRequest()" classname="de.tum.cit.aet.artemis.exam.ExamIntegrationTest" time="0.097"/>
  <testcase name="testIpOutsideOfRangeMixedIPv4AndIPv6(String, String, String) [1] ipAddress1=192.168.1.10, ipAddress2=2001:0db8:85a3:0000:0000:8a2e:0370:7331, subnet=192.168.1.0/28" classname="de.tum.cit.aet.artemis.exam.ExamIntegrationTest" time="0.08"/>
  <testcase name="testIpOutsideOfRangeMixedIPv4AndIPv6(String, String, String) [2] ipAddress1=192.168.1.10, ipAddress2=2001:0db8:85a3:0000:0000:8a2e:0370:7330, subnet=2001:0db8:85a3:0000:0000:8a2e:0370:7330/128" classname="de.tum.cit.aet.artemis.exam.ExamIntegrationTest" time="0.054"/>
  <testcase name="testDownloadExamArchiveAsInstructor_not_found()" classname="de.tum.cit.aet.artemis.exam.ExamIntegrationTest" time="0.057"/>
  <testcase name="testGetAllExamsOnPage_withoutExercisesAndExamsNotLinkedToCourse_asInstructor_returnsNoExams()" classname="de.tum.cit.aet.artemis.exam.ExamIntegrationTest" time="0.042"/>
  <testcase name="testImportExamWithExercises_asTutor_failsWithForbidden()" classname="de.tum.cit.aet.artemis.exam.ExamIntegrationTest" time="0.021"/>
  <testcase name="testLatestIndividualEndDate_noStudentExams()" classname="de.tum.cit.aet.artemis.exam.ExamIntegrationTest" time="0.018"/>
  <testcase name="testArchiveCourseWithExam()" classname="de.tum.cit.aet.artemis.exam.ExamIntegrationTest" time="0.172"/>
  <testcase name="testGenerateStudentExams()" classname="de.tum.cit.aet.artemis.exam.ExamIntegrationTest" time="0.168"/>
  <testcase name="testImportExamWithExercises_failsWithIdExists()" classname="de.tum.cit.aet.artemis.exam.ExamIntegrationTest" time="0.027"/>
  <testcase name="testImportExamWithExercises_failsWithDateConflict()" classname="de.tum.cit.aet.artemis.exam.ExamIntegrationTest" time="0.049"/>
  <testcase name="testDeleteExamWithExerciseGroupAndTextExercise_asInstructor()" classname="de.tum.cit.aet.artemis.exam.ExamIntegrationTest" time="0.052"/>
  <testcase name="testImportExamWithExercises_successfulWithoutExercises()" classname="de.tum.cit.aet.artemis.exam.ExamIntegrationTest" time="0.08"/>
  <testcase name="testSuspiciousSessionsAllOptionsCombined()" classname="de.tum.cit.aet.artemis.exam.ExamIntegrationTest" time="0.114"/>
  <testcase name="testUpdateExam_changeEndDateDuringConduction_shouldNotifyStudents()" classname="de.tum.cit.aet.artemis.exam.ExamIntegrationTest" time="0.077"/>
  <testcase name="testGetExamForTestRunDashboard_badRequest()" classname="de.tum.cit.aet.artemis.exam.ExamIntegrationTest" time="0.04"/>
  <testcase name="testAll_asStudent_shouldNotBeAuthorized()" classname="de.tum.cit.aet.artemis.exam.ExamIntegrationTest" time="0.048"/>
  <testcase name="testGetExamForImportWithExercises_successful()" classname="de.tum.cit.aet.artemis.exam.ExamIntegrationTest" time="0.075"/>
  <testcase name="testImportExamWithExercises_failsWithCourseMismatch()" classname="de.tum.cit.aet.artemis.exam.ExamIntegrationTest" time="0.06"/>
  <testcase name="testGetExamsForUser_asInstructor()" classname="de.tum.cit.aet.artemis.exam.ExamIntegrationTest" time="0.134"/>
  <testcase name="testGetCurrentAndUpcomingExamsForbiddenForTutor()" classname="de.tum.cit.aet.artemis.exam.ExamIntegrationTest" time="0.021"/>
  <testcase name="testGenerateMissingStudentExams()" classname="de.tum.cit.aet.artemis.exam.ExamIntegrationTest" time="0.198"/>
  <testcase name="testGetExamScore_tutorNotInCourse_forbidden()" classname="de.tum.cit.aet.artemis.exam.ExamIntegrationTest" time="0.024"/>
  <testcase name="testDownloadExamArchiveAsStudent_forbidden()" classname="de.tum.cit.aet.artemis.exam.ExamIntegrationTest" time="0.037"/>
  <testcase name="testArchiveExamBeforeEndDate_badRequest()" classname="de.tum.cit.aet.artemis.exam.ExamIntegrationTest" time="0.04"/>
  <testcase name="testImportExamWithExercises_failsWithCorrectionRoundConflict()" classname="de.tum.cit.aet.artemis.exam.ExamIntegrationTest" time="0.036"/>
  <testcase name="testRetrieveOwnStudentExam_noInformationLeaked()" classname="de.tum.cit.aet.artemis.exam.ExamIntegrationTest" time="0.035"/>
  <testcase name="testUpdateExam_exampleSolutionPublicationDateChanged()" classname="de.tum.cit.aet.artemis.exam.ExamIntegrationTest" time="0.037"/>
  <testcase name="testGetExamForTestRunDashboard_forbidden()" classname="de.tum.cit.aet.artemis.exam.ExamIntegrationTest" time="0.026"/>
  <testcase name="testGenerateStudentExamsTooManyMandatoryExerciseGroups_badRequest()" classname="de.tum.cit.aet.artemis.exam.ExamIntegrationTest" time="0.048"/>
  <testcase name="testGetSuspiciousSessionsIpOutsideOfRangeNoSubnetGivenBadRequest()" classname="de.tum.cit.aet.artemis.exam.ExamIntegrationTest" time="0.025"/>
  <testcase name="testGenerateStudentExamsWithEmptyQuizPool()" classname="de.tum.cit.aet.artemis.exam.ExamIntegrationTest" time="0.216"/>
  <testcase name="testImportExamWithQuizExercise_successfulWithQuestions()" classname="de.tum.cit.aet.artemis.exam.ExamIntegrationTest" time="0.089"/>
  <testcase name="testResetExamWithQuizExercise_asInstructor()" classname="de.tum.cit.aet.artemis.exam.ExamIntegrationTest" time="0.045"/>
  <testcase name="testGetExamForExamDashboard_NotTAOfCourse_forbidden()" classname="de.tum.cit.aet.artemis.exam.ExamIntegrationTest" time="0.063"/>
  <testcase name="testArchiveExamAsInstructor()" classname="de.tum.cit.aet.artemis.exam.ExamIntegrationTest" time="0.159"/>
  <testcase name="testLatestExamEndDate()" classname="de.tum.cit.aet.artemis.exam.ExamIntegrationTest" time="0.071"/>
  <system-out><![CDATA[    23:42:43.365 |  35 nPool-1-worker-9 | DEBUG | d.t.c.a.a.c.u.util.UserUtilService   : Save 1 users to database...
    23:42:43.367 |  35 nPool-1-worker-9 | DEBUG | d.t.c.a.a.c.u.util.UserUtilService   : Save 1 users to database. Done
    23:42:43.377 |  35 nPool-1-worker-9 | INFO  | i.z.t.d.l.EmbeddedDatabaseReporter   : JDBC URL to connect to 'dataSource': url='jdbc:h2:tcp://localhost:41063/mem:df70fc46-7e57-4cb5-9cd0-c1d90c14afa7;USER=sa', scope='GradingScaleIntegrationTest#testSaveGradingScaleForExam'
    23:42:43.380 |  35 nPool-1-worker-9 | DEBUG | d.t.c.a.a.c.s.f.ApiVersionFilter     : Adding Version to Request POST /api/courses/339/exams/76/grading-scale
    23:42:43.381 |  35 nPool-1-worker-9 | DEBUG | d.t.c.a.a.a.web.GradingScaleResource : REST request to create a grading scale for exam: 76

  Starting logs for GradingScaleIntegrationTest > testSaveGradingScaleForCourseGradeStepsAreNotSet()
    23:42:43.406 |  35 nPool-1-worker-9 | DEBUG | d.t.c.a.a.c.u.util.UserUtilService   : Generate 0 students...
    23:42:43.408 |  35 nPool-1-worker-9 | DEBUG | d.t.c.a.a.c.u.util.UserUtilService   : 0 students generated. Generate 0 tutors...
    23:42:43.412 |  35 nPool-1-worker-9 | DEBUG | d.t.c.a.a.c.u.util.UserUtilService   : 0 tutors generated. Generate 0 editors...
    23:42:43.413 |  35 nPool-1-worker-9 | DEBUG | d.t.c.a.a.c.u.util.UserUtilService   : 0 editors generated. Generate 1 instructors...
    23:42:43.419 |  35 nPool-1-worker-9 | DEBUG | d.t.c.a.a.c.u.util.UserUtilService   : 1 instructors generated
    23:42:43.423 |  35 nPool-1-worker-9 | DEBUG | d.t.c.a.a.c.u.util.UserUtilService   : Removing 1 users from all courses...
    23:42:43.423 |  35 nPool-1-worker-9 | DEBUG | d.t.c.a.a.c.u.util.UserUtilService   : Removing 1 users from all courses. Done
    23:42:43.423 |  35 nPool-1-worker-9 | DEBUG | d.t.c.a.a.c.u.util.UserUtilService   : Save 1 users to database...
    23:42:43.428 |  35 nPool-1-worker-9 | DEBUG | d.t.c.a.a.c.u.util.UserUtilService   : Save 1 users to database. Done
    23:42:43.446 |  35 nPool-1-worker-9 | INFO  | i.z.t.d.l.EmbeddedDatabaseReporter   : JDBC URL to connect to 'dataSource': url='jdbc:h2:tcp://localhost:41063/mem:df70fc46-7e57-4cb5-9cd0-c1d90c14afa7;USER=sa', scope='GradingScaleIntegrationTest#testSaveGradingScaleForCourseGradeStepsAreNotSet'
    23:42:43.451 |  35 nPool-1-worker-9 | DEBUG | d.t.c.a.a.c.s.f.ApiVersionFilter     : Adding Version to Request POST /api/courses/340/grading-scale
    23:42:43.452 |  35 nPool-1-worker-9 | DEBUG | d.t.c.a.a.a.web.GradingScaleResource : REST request to create a grading scale for course: 340
    23:42:43.457 |  35 nPool-1-worker-9 | ERROR | tech.jhipster.web.util.HeaderUtil    : Entity processing failed, A grading scale must contain grade steps
    23:42:43.457 |  35 nPool-1-worker-9 | WARN  | o.z.p.spring.common.AdviceTraits     : Bad Request: A grading scale must contain grade steps

  Starting logs for GradingScaleIntegrationTest > testUpdateGradingScaleForExam()
    23:42:43.488 |  35 nPool-1-worker-9 | DEBUG | d.t.c.a.a.c.u.util.UserUtilService   : Generate 0 students...
    23:42:43.493 |  35 nPool-1-worker-9 | DEBUG | d.t.c.a.a.c.u.util.UserUtilService   : 0 students generated. Generate 0 tutors...
    23:42:43.494 |  35 nPool-1-worker-9 | DEBUG | d.t.c.a.a.c.u.util.UserUtilService   : 0 tutors generated. Generate 0 editors...
    23:42:43.495 |  35 nPool-1-worker-9 | DEBUG | d.t.c.a.a.c.u.util.UserUtilService   : 0 editors generated. Generate 1 instructors...
    23:42:43.506 |  35 nPool-1-worker-9 | DEBUG | d.t.c.a.a.c.u.util.UserUtilService   : 1 instructors generated
    23:42:43.507 |  35 nPool-1-worker-9 | DEBUG | d.t.c.a.a.c.u.util.UserUtilService   : Removing 1 users from all courses...
    23:42:43.507 |  35 nPool-1-worker-9 | DEBUG | d.t.c.a.a.c.u.util.UserUtilService   : Removing 1 users from all courses. Done
    23:42:43.507 |  35 nPool-1-worker-9 | DEBUG | d.t.c.a.a.c.u.util.UserUtilService   : Save 1 users to database...
    23:42:43.515 |  35 nPool-1-worker-9 | DEBUG | d.t.c.a.a.c.u.util.UserUtilService   : Save 1 users to database. Done
    23:42:43.533 |  35 nPool-1-worker-9 | INFO  | i.z.t.d.l.EmbeddedDatabaseReporter   : JDBC URL to connect to 'dataSource': url='jdbc:h2:tcp://localhost:41063/mem:df70fc46-7e57-4cb5-9cd0-c1d90c14afa7;USER=sa', scope='GradingScaleIntegrationTest#testUpdateGradingScaleForExam'
    23:42:43.542 |  35 nPool-1-worker-9 | DEBUG | d.t.c.a.a.c.s.f.ApiVersionFilter     : Adding Version to Request PUT /api/courses/341/exams/78/grading-scale
    23:42:43.544 |  35 nPool-1-worker-9 | DEBUG | d.t.c.a.a.a.web.GradingScaleResource : REST request to update a grading scale for exam: 78

  Starting logs for GradingScaleIntegrationTest > testUpdateGradingScaleForExamInvalidGradeSteps()
    23:42:43.570 |  35 nPool-1-worker-9 | DEBUG | d.t.c.a.a.c.u.util.UserUtilService   : Generate 0 students...
    23:42:43.571 |  35 nPool-1-worker-9 | DEBUG | d.t.c.a.a.c.u.util.UserUtilService   : 0 students generated. Generate 0 tutors...
    23:42:43.573 |  35 nPool-1-worker-9 | DEBUG | d.t.c.a.a.c.u.util.UserUtilService   : 0 tutors generated. Generate 0 editors...
    23:42:43.574 |  35 nPool-1-worker-9 | DEBUG | d.t.c.a.a.c.u.util.UserUtilService   : 0 editors generated. Generate 1 instructors...
    23:42:43.577 |  35 nPool-1-worker-9 | DEBUG | d.t.c.a.a.c.u.util.UserUtilService   : 1 instructors generated
    23:42:43.578 |  35 nPool-1-worker-9 | DEBUG | d.t.c.a.a.c.u.util.UserUtilService   : Removing 1 users from all courses...
    23:42:43.579 |  35 nPool-1-worker-9 | DEBUG | d.t.c.a.a.c.u.util.UserUtilService   : Removing 1 users from all courses. Done
    23:42:43.579 |  35 nPool-1-worker-9 | DEBUG | d.t.c.a.a.c.u.util.UserUtilService   : Save 1 users to database...
    23:42:43.581 |  35 nPool-1-worker-9 | DEBUG | d.t.c.a.a.c.u.util.UserUtilService   : Save 1 users to database. Done
    23:42:43.589 |  35 nPool-1-worker-9 | INFO  | i.z.t.d.l.EmbeddedDatabaseReporter   : JDBC URL to connect to 'dataSource': url='jdbc:h2:tcp://localhost:41063/mem:df70fc46-7e57-4cb5-9cd0-c1d90c14afa7;USER=sa', scope='GradingScaleIntegrationTest#testUpdateGradingScaleForExamInvalidGradeSteps'
    23:42:43.594 |  35 nPool-1-worker-9 | DEBUG | d.t.c.a.a.c.s.f.ApiVersionFilter     : Adding Version to Request PUT /api/courses/342/exams/79/grading-scale
    23:42:43.595 |  35 nPool-1-worker-9 | DEBUG | d.t.c.a.a.a.web.GradingScaleResource : REST request to update a grading scale for exam: 79
    23:42:43.598 |  35 nPool-1-worker-9 | ERROR | tech.jhipster.web.util.HeaderUtil    : Entity processing failed, Grade step set can't match to a valid grading scale.
    23:42:43.598 |  35 nPool-1-worker-9 | WARN  | o.z.p.spring.common.AdviceTraits     : Bad Request: Grade step set can't match to a valid grading scale.

  Starting logs for GradingScaleIntegrationTest > testSaveGradingScaleForExamGradeStepsAreNotSet()
    23:42:43.612 |  35 nPool-1-worker-9 | DEBUG | d.t.c.a.a.c.u.util.UserUtilService   : Generate 0 students...
    23:42:43.613 |  35 nPool-1-worker-9 | DEBUG | d.t.c.a.a.c.u.util.UserUtilService   : 0 students generated. Generate 0 tutors...
    23:42:43.615 |  35 nPool-1-worker-9 | DEBUG | d.t.c.a.a.c.u.util.UserUtilService   : 0 tutors generated. Generate 0 editors...
    23:42:43.616 |  35 nPool-1-worker-9 | DEBUG | d.t.c.a.a.c.u.util.UserUtilService   : 0 editors generated. Generate 1 instructors...
    23:42:43.622 |  35 nPool-1-worker-9 | DEBUG | d.t.c.a.a.c.u.util.UserUtilService   : 1 instructors generated
    23:42:43.626 |  35 nPool-1-worker-9 | DEBUG | d.t.c.a.a.c.u.util.UserUtilService   : Removing 1 users from all courses...
    23:42:43.626 |  35 nPool-1-worker-9 | DEBUG | d.t.c.a.a.c.u.util.UserUtilService   : Removing 1 users from all courses. Done
    23:42:43.626 |  35 nPool-1-worker-9 | DEBUG | d.t.c.a.a.c.u.util.UserUtilService   : Save 1 users to database...
    23:42:43.632 |  35 nPool-1-worker-9 | DEBUG | d.t.c.a.a.c.u.util.UserUtilService   : Save 1 users to database. Done
    23:42:43.650 |  35 nPool-1-worker-9 | INFO  | i.z.t.d.l.EmbeddedDatabaseReporter   : JDBC URL to connect to 'dataSource': url='jdbc:h2:tcp://localhost:41063/mem:df70fc46-7e57-4cb5-9cd0-c1d90c14afa7;USER=sa', scope='GradingScaleIntegrationTest#testSaveGradingScaleForExamGradeStepsAreNotSet'
    23:42:43.655 |  35 nPool-1-worker-9 | DEBUG | d.t.c.a.a.c.s.f.ApiVersionFilter     : Adding Version to Request POST /api/courses/343/exams/80/grading-scale
    23:42:43.656 |  35 nPool-1-worker-9 | DEBUG | d.t.c.a.a.a.web.GradingScaleResource : REST request to create a grading scale for exam: 80
    23:42:43.662 |  35 nPool-1-worker-9 | ERROR | tech.jhipster.web.util.HeaderUtil    : Entity processing failed, A grading scale must contain grade steps
    23:42:43.662 |  35 nPool-1-worker-9 | WARN  | o.z.p.spring.common.AdviceTraits     : Bad Request: A grading scale must contain grade steps

  Starting logs for GradingScaleIntegrationTest > testGetAllGradingScalesInInstructorGroupOnPageWithAdmin()
    23:42:43.677 |  35 nPool-1-worker-9 | DEBUG | d.t.c.a.a.c.u.util.UserUtilService   : Generate 0 students...
    23:42:43.678 |  35 nPool-1-worker-9 | DEBUG | d.t.c.a.a.c.u.util.UserUtilService   : 0 students generated. Generate 0 tutors...
    23:42:43.679 |  35 nPool-1-worker-9 | DEBUG | d.t.c.a.a.c.u.util.UserUtilService   : 0 tutors generated. Generate 0 editors...
    23:42:43.681 |  35 nPool-1-worker-9 | DEBUG | d.t.c.a.a.c.u.util.UserUtilService   : 0 editors generated. Generate 1 instructors...
    23:42:43.684 |  35 nPool-1-worker-9 | DEBUG | d.t.c.a.a.c.u.util.UserUtilService   : 1 instructors generated
    23:42:43.685 |  35 nPool-1-worker-9 | DEBUG | d.t.c.a.a.c.u.util.UserUtilService   : Removing 1 users from all courses...
    23:42:43.686 |  35 nPool-1-worker-9 | DEBUG | d.t.c.a.a.c.u.util.UserUtilService   : Removing 1 users from all courses. Done
    23:42:43.686 |  35 nPool-1-worker-9 | DEBUG | d.t.c.a.a.c.u.util.UserUtilService   : Save 1 users to database...
    23:42:43.688 |  35 nPool-1-worker-9 | DEBUG | d.t.c.a.a.c.u.util.UserUtilService   : Save 1 users to database. Done
    23:42:43.697 |  35 nPool-1-worker-9 | INFO  | i.z.t.d.l.EmbeddedDatabaseReporter   : JDBC URL to connect to 'dataSource': url='jdbc:h2:tcp://localhost:41063/mem:df70fc46-7e57-4cb5-9cd0-c1d90c14afa7;USER=sa', scope='GradingScaleIntegrationTest#testGetAllGradingScalesInInstructorGroupOnPageWithAdmin'
    23:42:43.700 |  35 nPool-1-worker-9 | INFO  | .c.a.a.c.s.TitleCacheEvictionService : Evicted entry '344' from title cache 'courseTitle'
    23:42:43.702 |  35 nPool-1-worker-9 | INFO  | .c.a.a.c.s.TitleCacheEvictionService : Evicted entry '81' from title cache 'examTitle'
    23:42:43.704 |  35 nPool-1-worker-9 | DEBUG | d.t.c.a.a.c.s.f.ApiVersionFilter     : Adding Version to Request GET /api/grading-scales
    23:42:43.712 |  35 nPool-1-worker-9 | DEBUG | d.t.c.a.a.c.s.f.ApiVersionFilter     : Adding Version to Request GET /api/grading-scales
    23:42:43.721 |  35 nPool-1-worker-9 | DEBUG | d.t.c.a.a.c.s.f.ApiVersionFilter     : Adding Version to Request GET /api/grading-scales

  Starting logs for GradingScaleIntegrationTest > testDeleteExamDeletesGradingScale()
    23:42:43.758 |  35 nPool-1-worker-9 | DEBUG | d.t.c.a.a.c.u.util.UserUtilService   : Generate 0 students...
    23:42:43.760 |  35 nPool-1-worker-9 | DEBUG | d.t.c.a.a.c.u.util.UserUtilService   : 0 students generated. Generate 0 tutors...
    23:42:43.765 |  35 nPool-1-worker-9 | DEBUG | d.t.c.a.a.c.u.util.UserUtilService   : 0 tutors generated. Generate 0 editors...
    23:42:43.766 |  35 nPool-1-worker-9 | DEBUG | d.t.c.a.a.c.u.util.UserUtilService   : 0 editors generated. Generate 1 instructors...
    23:42:43.774 |  35 nPool-1-worker-9 | DEBUG | d.t.c.a.a.c.u.util.UserUtilService   : 1 instructors generated
    23:42:43.777 |  35 nPool-1-worker-9 | DEBUG | d.t.c.a.a.c.u.util.UserUtilService   : Removing 1 users from all courses...
    23:42:43.777 |  35 nPool-1-worker-9 | DEBUG | d.t.c.a.a.c.u.util.UserUtilService   : Removing 1 users from all courses. Done
    23:42:43.777 |  35 nPool-1-worker-9 | DEBUG | d.t.c.a.a.c.u.util.UserUtilService   : Save 1 users to database...
    23:42:43.784 |  35 nPool-1-worker-9 | DEBUG | d.t.c.a.a.c.u.util.UserUtilService   : Save 1 users to database. Done
    23:42:43.803 |  35 nPool-1-worker-9 | INFO  | i.z.t.d.l.EmbeddedDatabaseReporter   : JDBC URL to connect to 'dataSource': url='jdbc:h2:tcp://localhost:41063/mem:df70fc46-7e57-4cb5-9cd0-c1d90c14afa7;USER=sa', scope='GradingScaleIntegrationTest#testDeleteExamDeletesGradingScale'
    23:42:43.805 |  35 nPool-1-worker-9 | DEBUG | d.t.c.a.a.c.s.f.ApiVersionFilter     : Adding Version to Request DELETE /api/courses/345/exams/82
    23:42:43.815 |  35 nPool-1-worker-9 | INFO  | d.t.c.a.a.exam.web.ExamResource      : REST request to delete exam : 82
    23:42:43.827 |  35 nPool-1-worker-9 | INFO  | d.t.c.a.a.e.s.ExamDeletionService    : User gradingscaleinstructor1 has requested to delete the exam Real exam 1
    23:42:43.838 |  35 nPool-1-worker-9 | WARN  | .c.a.a.c.s.TitleCacheEvictionService : Unable to clear title of exercises from exercise group 81: Exercises not initialized
    23:42:43.839 |  35 nPool-1-worker-9 | INFO  | .c.a.a.c.s.TitleCacheEvictionService : Evicted entry '82' from title cache 'examTitle'

  Starting logs for GradingScaleIntegrationTest > testSaveGradingScaleForCourseInvalidGradedPresentationConfiguration()
    23:42:43.875 |  35 nPool-1-worker-9 | DEBUG | d.t.c.a.a.c.u.util.UserUtilService   : Generate 0 students...
    23:42:43.876 |  35 nPool-1-worker-9 | DEBUG | d.t.c.a.a.c.u.util.UserUtilService   : 0 students generated. Generate 0 tutors...
    23:42:43.881 |  35 nPool-1-worker-9 | DEBUG | d.t.c.a.a.c.u.util.UserUtilService   : 0 tutors generated. Generate 0 editors...
    23:42:43.882 |  35 nPool-1-worker-9 | DEBUG | d.t.c.a.a.c.u.util.UserUtilService   : 0 editors generated. Generate 1 instructors...
    23:42:43.888 |  35 nPool-1-worker-9 | DEBUG | d.t.c.a.a.c.u.util.UserUtilService   : 1 instructors generated
    23:42:43.892 |  35 nPool-1-worker-9 | DEBUG | d.t.c.a.a.c.u.util.UserUtilService   : Removing 1 users from all courses...
    23:42:43.893 |  35 nPool-1-worker-9 | DEBUG | d.t.c.a.a.c.u.util.UserUtilService   : Removing 1 users from all courses. Done
    23:42:43.893 |  35 nPool-1-worker-9 | DEBUG | d.t.c.a.a.c.u.util.UserUtilService   : Save 1 users to database...
    23:42:43.899 |  35 nPool-1-worker-9 | DEBUG | d.t.c.a.a.c.u.util.UserUtilService   : Save 1 users to database. Done
    23:42:43.919 |  35 nPool-1-worker-9 | INFO  | i.z.t.d.l.EmbeddedDatabaseReporter   : JDBC URL to connect to 'dataSource': url='jdbc:h2:tcp://localhost:41063/mem:df70fc46-7e57-4cb5-9cd0-c1d90c14afa7;USER=sa', scope='GradingScaleIntegrationTest#testSaveGradingScaleForCourseInvalidGradedPresentationConfiguration'
    23:42:43.924 |  35 nPool-1-worker-9 | DEBUG | d.t.c.a.a.c.s.f.ApiVersionFilter     : Adding Version to Request POST /api/courses/346/grading-scale
    23:42:43.926 |  35 nPool-1-worker-9 | DEBUG | d.t.c.a.a.a.web.GradingScaleResource : REST request to create a grading scale for course: 346
    23:42:43.932 |  35 nPool-1-worker-9 | ERROR | tech.jhipster.web.util.HeaderUtil    : Entity processing failed, The number of presentations must be a whole number above 0 and the combined weight of all presentations must be between 0 and 99!
    23:42:43.932 |  35 nPool-1-worker-9 | WARN  | o.z.p.spring.common.AdviceTraits     : Bad Request: The number of presentations must be a whole number above 0 and the combined weight of all presentations must be between 0 and 99!
    23:42:43.937 |  35 nPool-1-worker-9 | DEBUG | d.t.c.a.a.c.s.f.ApiVersionFilter     : Adding Version to Request POST /api/courses/346/grading-scale
    23:42:43.940 |  35 nPool-1-worker-9 | DEBUG | d.t.c.a.a.a.web.GradingScaleResource : REST request to create a grading scale for course: 346
    23:42:43.943 |  35 nPool-1-worker-9 | ERROR | tech.jhipster.web.util.HeaderUtil    : Entity processing failed, You cannot set up graded presentations if the gradingScale does not belong to a course
    23:42:43.943 |  35 nPool-1-worker-9 | WARN  | o.z.p.spring.common.AdviceTraits     : Bad Request: You cannot set up graded presentations if the gradingScale does not belong to a course

  Starting logs for GradingScaleIntegrationTest > testUpdateGradingScaleForExamGradingScaleNotFound()
    23:42:43.981 |  35 nPool-1-worker-9 | DEBUG | d.t.c.a.a.c.u.util.UserUtilService   : Generate 0 students...
    23:42:43.982 |  35 nPool-1-worker-9 | DEBUG | d.t.c.a.a.c.u.util.UserUtilService   : 0 students generated. Generate 0 tutors...
    23:42:43.985 |  35 nPool-1-worker-9 | DEBUG | d.t.c.a.a.c.u.util.UserUtilService   : 0 tutors generated. Generate 0 editors...
    23:42:43.988 |  35 nPool-1-worker-9 | DEBUG | d.t.c.a.a.c.u.util.UserUtilService   : 0 editors generated. Generate 1 instructors...
    23:42:43.995 |  35 nPool-1-worker-9 | DEBUG | d.t.c.a.a.c.u.util.UserUtilService   : 1 instructors generated
    23:42:43.997 |  35 nPool-1-worker-9 | DEBUG | d.t.c.a.a.c.u.util.UserUtilService   : Removing 1 users from all courses...
    23:42:43.997 |  35 nPool-1-worker-9 | DEBUG | d.t.c.a.a.c.u.util.UserUtilService   : Removing 1 users from all courses. Done
    23:42:43.997 |  35 nPool-1-worker-9 | DEBUG | d.t.c.a.a.c.u.util.UserUtilService   : Save 1 users to database...
    23:42:44.002 |  35 nPool-1-worker-9 | DEBUG | d.t.c.a.a.c.u.util.UserUtilService   : Save 1 users to database. Done
    23:42:44.025 |  35 nPool-1-worker-9 | INFO  | i.z.t.d.l.EmbeddedDatabaseReporter   : JDBC URL to connect to 'dataSource': url='jdbc:h2:tcp://localhost:41063/mem:df70fc46-7e57-4cb5-9cd0-c1d90c14afa7;USER=sa', scope='GradingScaleIntegrationTest#testUpdateGradingScaleForExamGradingScaleNotFound'
    23:42:44.027 |  35 nPool-1-worker-9 | DEBUG | d.t.c.a.a.c.s.f.ApiVersionFilter     : Adding Version to Request PUT /api/courses/347/exams/84/grading-scale
    23:42:44.031 |  35 nPool-1-worker-9 | DEBUG | d.t.c.a.a.a.web.GradingScaleResource : REST request to update a grading scale for exam: 84
    23:42:44.036 |  35 nPool-1-worker-9 | WARN  | o.z.p.spring.common.AdviceTraits     : Not Found: GradingScale

  Starting logs for GradingScaleIntegrationTest > testGetGradingScaleForCourse()
    23:42:44.077 |  35 nPool-1-worker-9 | DEBUG | d.t.c.a.a.c.u.util.UserUtilService   : Generate 0 students...
    23:42:44.081 |  35 nPool-1-worker-9 | DEBUG | d.t.c.a.a.c.u.util.UserUtilService   : 0 students generated. Generate 0 tutors...
    23:42:44.085 |  35 nPool-1-worker-9 | DEBUG | d.t.c.a.a.c.u.util.UserUtilService   : 0 tutors generated. Generate 0 editors...
    23:42:44.086 |  35 nPool-1-worker-9 | DEBUG | d.t.c.a.a.c.u.util.UserUtilService   : 0 editors generated. Generate 1 instructors...
    23:42:44.093 |  35 nPool-1-worker-9 | DEBUG | d.t.c.a.a.c.u.util.UserUtilService   : 1 instructors generated
    23:42:44.094 |  35 nPool-1-worker-9 | DEBUG | d.t.c.a.a.c.u.util.UserUtilService   : Removing 1 users from all courses...
    23:42:44.095 |  35 nPool-1-worker-9 | DEBUG | d.t.c.a.a.c.u.util.UserUtilService   : Removing 1 users from all courses. Done
    23:42:44.095 |  35 nPool-1-worker-9 | DEBUG | d.t.c.a.a.c.u.util.UserUtilService   : Save 1 users to database...
    23:42:44.102 |  35 nPool-1-worker-9 | DEBUG | d.t.c.a.a.c.u.util.UserUtilService   : Save 1 users to database. Done
    23:42:44.123 |  35 nPool-1-worker-9 | INFO  | i.z.t.d.l.EmbeddedDatabaseReporter   : JDBC URL to connect to 'dataSource': url='jdbc:h2:tcp://localhost:41063/mem:df70fc46-7e57-4cb5-9cd0-c1d90c14afa7;USER=sa', scope='GradingScaleIntegrationTest#testGetGradingScaleForCourse'
    23:42:44.125 |  35 nPool-1-worker-9 | DEBUG | d.t.c.a.a.c.s.f.ApiVersionFilter     : Adding Version to Request GET /api/courses/348/grading-scale
    23:42:44.125 |  35 nPool-1-worker-9 | DEBUG | d.t.c.a.a.a.web.GradingScaleResource : REST request to get grading scale for course: 348

  Starting logs for GradingScaleIntegrationTest > testSaveGradingScaleForCourseInvalidBasicPresentationConfiguration()
    23:42:44.177 |  35 nPool-1-worker-9 | DEBUG | d.t.c.a.a.c.u.util.UserUtilService   : Generate 0 students...
    23:42:44.185 |  35 nPool-1-worker-9 | DEBUG | d.t.c.a.a.c.u.util.UserUtilService   : 0 students generated. Generate 0 tutors...
    23:42:44.187 |  35 nPool-1-worker-9 | DEBUG | d.t.c.a.a.c.u.util.UserUtilService   : 0 tutors generated. Generate 0 editors...
    23:42:44.190 |  35 nPool-1-worker-9 | DEBUG | d.t.c.a.a.c.u.util.UserUtilService   : 0 editors generated. Generate 1 instructors...
    23:42:44.197 |  35 nPool-1-worker-9 | DEBUG | d.t.c.a.a.c.u.util.UserUtilService   : 1 instructors generated
    23:42:44.198 |  35 nPool-1-worker-9 | DEBUG | d.t.c.a.a.c.u.util.UserUtilService   : Removing 1 users from all courses...
    23:42:44.201 |  35 nPool-1-worker-9 | DEBUG | d.t.c.a.a.c.u.util.UserUtilService   : Removing 1 users from all courses. Done
    23:42:44.201 |  35 nPool-1-worker-9 | DEBUG | d.t.c.a.a.c.u.util.UserUtilService   : Save 1 users to database...
    23:42:44.204 |  35 nPool-1-worker-9 | DEBUG | d.t.c.a.a.c.u.util.UserUtilService   : Save 1 users to database. Done
    23:42:44.223 |  35 nPool-1-worker-9 | INFO  | i.z.t.d.l.EmbeddedDatabaseReporter   : JDBC URL to connect to 'dataSource': url='jdbc:h2:tcp://localhost:41063/mem:df70fc46-7e57-4cb5-9cd0-c1d90c14afa7;USER=sa', scope='GradingScaleIntegrationTest#testSaveGradingScaleForCourseInvalidBasicPresentationConfiguration'
    23:42:44.228 |  35 nPool-1-worker-9 | DEBUG | d.t.c.a.a.c.s.f.ApiVersionFilter     : Adding Version to Request POST /api/courses/349/grading-scale
    23:42:44.230 |  35 nPool-1-worker-9 | DEBUG | d.t.c.a.a.a.web.GradingScaleResource : REST request to create a grading scale for course: 349
    23:42:44.239 |  35 nPool-1-worker-9 | ERROR | tech.jhipster.web.util.HeaderUtil    : Entity processing failed, You cannot set up graded presentations if the course is already set up for basic presentations
    23:42:44.239 |  35 nPool-1-worker-9 | WARN  | o.z.p.spring.common.AdviceTraits     : Bad Request: You cannot set up graded presentations if the course is already set up for basic presentations
    23:42:44.242 |  35 nPool-1-worker-9 | DEBUG | d.t.c.a.a.c.s.f.ApiVersionFilter     : Adding Version to Request POST /api/courses/349/grading-scale
    23:42:44.248 |  35 nPool-1-worker-9 | DEBUG | d.t.c.a.a.a.web.GradingScaleResource : REST request to create a grading scale for course: 349
    23:42:44.256 |  35 nPool-1-worker-9 | ERROR | tech.jhipster.web.util.HeaderUtil    : Entity processing failed, The number of presentations must be a whole number above 0!
    23:42:44.256 |  35 nPool-1-worker-9 | WARN  | o.z.p.spring.common.AdviceTraits     : Bad Request: The number of presentations must be a whole number above 0!

  Starting logs for GradingScaleIntegrationTest > testSaveGradingScaleWithSpecialGrades()
    23:42:44.294 |  35 nPool-1-worker-9 | DEBUG | d.t.c.a.a.c.u.util.UserUtilService   : Generate 0 students...
    23:42:44.296 |  35 nPool-1-worker-9 | DEBUG | d.t.c.a.a.c.u.util.UserUtilService   : 0 students generated. Generate 0 tutors...
    23:42:44.298 |  35 nPool-1-worker-9 | DEBUG | d.t.c.a.a.c.u.util.UserUtilService   : 0 tutors generated. Generate 0 editors...
    23:42:44.302 |  35 nPool-1-worker-9 | DEBUG | d.t.c.a.a.c.u.util.UserUtilService   : 0 editors generated. Generate 1 instructors...
    23:42:44.308 |  35 nPool-1-worker-9 | DEBUG | d.t.c.a.a.c.u.util.UserUtilService   : 1 instructors generated
    23:42:44.309 |  35 nPool-1-worker-9 | DEBUG | d.t.c.a.a.c.u.util.UserUtilService   : Removing 1 users from all courses...
    23:42:44.318 |  35 nPool-1-worker-9 | DEBUG | d.t.c.a.a.c.u.util.UserUtilService   : Removing 1 users from all courses. Done
    23:42:44.318 |  35 nPool-1-worker-9 | DEBUG | d.t.c.a.a.c.u.util.UserUtilService   : Save 1 users to database...
    23:42:44.318 | 641 nt.HealthMonitor | INFO  | c.h.i.diagnostics.HealthMonitor      : [127.0.0.1]:5704 [dev] [5.5.0] processors=4, physical.memory.total=15.6G, physical.memory.free=3.2G, swap.space.total=0, swap.space.free=0, heap.memory.used=2.1G, heap.memory.free=698.5M, heap.memory.total=2.8G, heap.memory.max=6.0G, heap.memory.used/total=75.81%, heap.memory.used/max=35.63%, minor.gc.count=110, minor.gc.time=5996ms, major.gc.count=0, major.gc.time=0ms, unknown.gc.count=48, unknown.gc.time=706ms, load.process=0.00%, load.system=100.00%, load.systemAverage=4.97, thread.count=486, thread.peakCount=486, cluster.timeDiff=0, event.q.size=0, executor.q.async.size=0, executor.q.client.size=0, executor.q.client.query.size=0, executor.q.client.blocking.size=0, executor.q.query.size=0, executor.q.scheduled.size=0, executor.q.io.size=0, executor.q.system.size=0, executor.q.operations.size=0, executor.q.priorityOperation.size=0, operations.completed.count=299, executor.q.mapLoad.size=0, executor.q.mapLoadAllKeys.size=0, executor.q.cluster.size=0, executor.q.response.size=0, operations.running.count=0, operations.pending.invocations.percentage=0.00%, operations.pending.invocations.count=0, proxy.count=204, clientEndpoint.count=0, connection.active.count=0, client.connection.count=0, connection.count=0
    23:42:44.323 |  35 nPool-1-worker-9 | DEBUG | d.t.c.a.a.c.u.util.UserUtilService   : Save 1 users to database. Done
    23:42:44.341 |  35 nPool-1-worker-9 | INFO  | i.z.t.d.l.EmbeddedDatabaseReporter   : JDBC URL to connect to 'dataSource': url='jdbc:h2:tcp://localhost:41063/mem:df70fc46-7e57-4cb5-9cd0-c1d90c14afa7;USER=sa', scope='GradingScaleIntegrationTest#testSaveGradingScaleWithSpecialGrades'
    23:42:44.346 |  35 nPool-1-worker-9 | DEBUG | d.t.c.a.a.c.s.f.ApiVersionFilter     : Adding Version to Request POST /api/courses/350/grading-scale
    23:42:44.348 |  35 nPool-1-worker-9 | DEBUG | d.t.c.a.a.a.web.GradingScaleResource : REST request to create a grading scale for course: 350

  Starting logs for GradingScaleIntegrationTest > testSaveGradingScaleForExamInvalidGradeSteps()
    23:42:44.399 |  35 nPool-1-worker-9 | DEBUG | d.t.c.a.a.c.u.util.UserUtilService   : Generate 0 students...
    23:42:44.400 |  35 nPool-1-worker-9 | DEBUG | d.t.c.a.a.c.u.util.UserUtilService   : 0 students generated. Generate 0 tutors...
    23:42:44.401 |  35 nPool-1-worker-9 | DEBUG | d.t.c.a.a.c.u.util.UserUtilService   : 0 tutors generated. Generate 0 editors...
    23:42:44.406 |  35 nPool-1-worker-9 | DEBUG | d.t.c.a.a.c.u.util.UserUtilService   : 0 editors generated. Generate 1 instructors...
    23:42:44.412 |  35 nPool-1-worker-9 | DEBUG | d.t.c.a.a.c.u.util.UserUtilService   : 1 instructors generated
    23:42:44.416 |  35 nPool-1-worker-9 | DEBUG | d.t.c.a.a.c.u.util.UserUtilService   : Removing 1 users from all courses...
    23:42:44.416 |  35 nPool-1-worker-9 | DEBUG | d.t.c.a.a.c.u.util.UserUtilService   : Removing 1 users from all courses. Done
    23:42:44.416 |  35 nPool-1-worker-9 | DEBUG | d.t.c.a.a.c.u.util.UserUtilService   : Save 1 users to database...
    23:42:44.422 |  35 nPool-1-worker-9 | DEBUG | d.t.c.a.a.c.u.util.UserUtilService   : Save 1 users to database. Done
    23:42:44.442 |  35 nPool-1-worker-9 | INFO  | i.z.t.d.l.EmbeddedDatabaseReporter   : JDBC URL to connect to 'dataSource': url='jdbc:h2:tcp://localhost:41063/mem:df70fc46-7e57-4cb5-9cd0-c1d90c14afa7;USER=sa', scope='GradingScaleIntegrationTest#testSaveGradingScaleForExamInvalidGradeSteps'
    23:42:44.452 |  35 nPool-1-worker-9 | DEBUG | d.t.c.a.a.c.s.f.ApiVersionFilter     : Adding Version to Request POST /api/courses/351/exams/88/grading-scale
    23:42:44.454 |  35 nPool-1-worker-9 | DEBUG | d.t.c.a.a.a.web.GradingScaleResource : REST request to create a grading scale for exam: 88
    23:42:44.462 |  35 nPool-1-worker-9 | ERROR | tech.jhipster.web.util.HeaderUtil    : Entity processing failed, Grade step set can't match to a valid grading scale.
    23:42:44.462 |  35 nPool-1-worker-9 | WARN  | o.z.p.spring.common.AdviceTraits     : Bad Request: Grade step set can't match to a valid grading scale.

  Starting logs for GradingScaleIntegrationTest > testSaveGradingScaleForCourseGradingScaleAlreadyExists()
    23:42:44.497 |  35 nPool-1-worker-9 | DEBUG | d.t.c.a.a.c.u.util.UserUtilService   : Generate 0 students...
    23:42:44.502 |  35 nPool-1-worker-9 | DEBUG | d.t.c.a.a.c.u.util.UserUtilService   : 0 students generated. Generate 0 tutors...
    23:42:44.504 |  35 nPool-1-worker-9 | DEBUG | d.t.c.a.a.c.u.util.UserUtilService   : 0 tutors generated. Generate 0 editors...
    23:42:44.507 |  35 nPool-1-worker-9 | DEBUG | d.t.c.a.a.c.u.util.UserUtilService   : 0 editors generated. Generate 1 instructors...
    23:42:44.512 |  35 nPool-1-worker-9 | DEBUG | d.t.c.a.a.c.u.util.UserUtilService   : 1 instructors generated
    23:42:44.516 |  35 nPool-1-worker-9 | DEBUG | d.t.c.a.a.c.u.util.UserUtilService   : Removing 1 users from all courses...
    23:42:44.516 |  35 nPool-1-worker-9 | DEBUG | d.t.c.a.a.c.u.util.UserUtilService   : Removing 1 users from all courses. Done
    23:42:44.516 |  35 nPool-1-worker-9 | DEBUG | d.t.c.a.a.c.u.util.UserUtilService   : Save 1 users to database...
    23:42:44.523 |  35 nPool-1-worker-9 | DEBUG | d.t.c.a.a.c.u.util.UserUtilService   : Save 1 users to database. Done
    23:42:44.539 |  35 nPool-1-worker-9 | INFO  | i.z.t.d.l.EmbeddedDatabaseReporter   : JDBC URL to connect to 'dataSource': url='jdbc:h2:tcp://localhost:41063/mem:df70fc46-7e57-4cb5-9cd0-c1d90c14afa7;USER=sa', scope='GradingScaleIntegrationTest#testSaveGradingScaleForCourseGradingScaleAlreadyExists'
    23:42:44.542 |  35 nPool-1-worker-9 | DEBUG | d.t.c.a.a.c.s.f.ApiVersionFilter     : Adding Version to Request POST /api/courses/352/grading-scale
    23:42:44.543 |  35 nPool-1-worker-9 | DEBUG | d.t.c.a.a.a.web.GradingScaleResource : REST request to create a grading scale for course: 352
    23:42:44.548 |  35 nPool-1-worker-9 | ERROR | tech.jhipster.web.util.HeaderUtil    : Entity processing failed, A grading scale already exists
    23:42:44.548 |  35 nPool-1-worker-9 | WARN  | o.z.p.spring.common.AdviceTraits     : Bad Request: A grading scale already exists

  Starting logs for GradingScaleIntegrationTest > testSaveGradingScaleForCourseInvalidGradeSteps()
    23:42:44.575 |  35 nPool-1-worker-9 | DEBUG | d.t.c.a.a.c.u.util.UserUtilService   : Generate 0 students...
    23:42:44.576 |  35 nPool-1-worker-9 | DEBUG | d.t.c.a.a.c.u.util.UserUtilService   : 0 students generated. Generate 0 tutors...
    23:42:44.582 |  35 nPool-1-worker-9 | DEBUG | d.t.c.a.a.c.u.util.UserUtilService   : 0 tutors generated. Generate 0 editors...
    23:42:44.583 |  35 nPool-1-worker-9 | DEBUG | d.t.c.a.a.c.u.util.UserUtilService   : 0 editors generated. Generate 1 instructors...
    23:42:44.591 |  35 nPool-1-worker-9 | DEBUG | d.t.c.a.a.c.u.util.UserUtilService   : 1 instructors generated
    23:42:44.592 |  35 nPool-1-worker-9 | DEBUG | d.t.c.a.a.c.u.util.UserUtilService   : Removing 1 users from all courses...
    23:42:44.595 |  35 nPool-1-worker-9 | DEBUG | d.t.c.a.a.c.u.util.UserUtilService   : Removing 1 users from all courses. Done
    23:42:44.595 |  35 nPool-1-worker-9 | DEBUG | d.t.c.a.a.c.u.util.UserUtilService   : Save 1 users to database...
    23:42:44.597 |  35 nPool-1-worker-9 | DEBUG | d.t.c.a.a.c.u.util.UserUtilService   : Save 1 users to database. Done
    23:42:44.620 |  35 nPool-1-worker-9 | INFO  | i.z.t.d.l.EmbeddedDatabaseReporter   : JDBC URL to connect to 'dataSource': url='jdbc:h2:tcp://localhost:41063/mem:df70fc46-7e57-4cb5-9cd0-c1d90c14afa7;USER=sa', scope='GradingScaleIntegrationTest#testSaveGradingScaleForCourseInvalidGradeSteps'
    23:42:44.626 |  35 nPool-1-worker-9 | DEBUG | d.t.c.a.a.c.s.f.ApiVersionFilter     : Adding Version to Request POST /api/courses/353/grading-scale
    23:42:44.627 |  35 nPool-1-worker-9 | DEBUG | d.t.c.a.a.a.web.GradingScaleResource : REST request to create a grading scale for course: 353
    23:42:44.631 |  35 nPool-1-worker-9 | ERROR | tech.jhipster.web.util.HeaderUtil    : Entity processing failed, Grade step set can't match to a valid grading scale.
    23:42:44.631 |  35 nPool-1-worker-9 | WARN  | o.z.p.spring.common.AdviceTraits     : Bad Request: Grade step set can't match to a valid grading scale.

Finished logs for GradingScaleIntegrationTest

Starting logs for ExamIntegrationTest
    23:42:36.164 | 361 ool-1-worker-125 | DEBUG | d.t.c.a.a.c.u.util.UserUtilService   : Generate 4 students...
    23:42:36.168 | 361 ool-1-worker-125 | DEBUG | d.t.c.a.a.c.u.util.UserUtilService   : 4 students generated. Generate 1 tutors...
    23:42:36.170 | 361 ool-1-worker-125 | DEBUG | d.t.c.a.a.c.u.util.UserUtilService   : 1 tutors generated. Generate 0 editors...
    23:42:36.171 | 361 ool-1-worker-125 | DEBUG | d.t.c.a.a.c.u.util.UserUtilService   : 0 editors generated. Generate 1 instructors...
    23:42:36.173 | 361 ool-1-worker-125 | DEBUG | d.t.c.a.a.c.u.util.UserUtilService   : 1 instructors generated
    23:42:36.178 | 361 ool-1-worker-125 | DEBUG | d.t.c.a.a.c.u.util.UserUtilService   : Removing 8 users from all courses...
    23:42:36.182 | 361 ool-1-worker-125 | DEBUG | d.t.c.a.a.c.u.util.UserUtilService   : Removing 8 users from all courses. Done
    23:42:36.182 | 361 ool-1-worker-125 | DEBUG | d.t.c.a.a.c.u.util.UserUtilService   : Save 6 users to database...
    23:42:36.185 | 361 ool-1-worker-125 | DEBUG | d.t.c.a.a.c.u.util.UserUtilService   : Save 6 users to database. Done

  Starting logs for ExamIntegrationTest > testDeleteExamWithMultipleTestRuns()
    23:42:36.245 | 361 ool-1-worker-125 | INFO  | i.z.t.d.l.EmbeddedDatabaseReporter   : JDBC URL to connect to 'dataSource': url='jdbc:h2:tcp://localhost:41063/mem:736625c0-cf5e-400d-aeaa-8a7eabd6262b;USER=sa', scope='ExamIntegrationTest#testDeleteExamWithMultipleTestRuns'
    23:42:36.362 | 361 ool-1-worker-125 | DEBUG | PersonalAccessTokenManagementService : Generate secure vcs access token
    23:42:36.518 | 361 ool-1-worker-125 | DEBUG | d.t.c.a.a.c.s.f.ApiVersionFilter     : Adding Version to Request DELETE /api/courses/178/exams/12
    23:42:36.519 | 361 ool-1-worker-125 | INFO  | d.t.c.a.a.exam.web.ExamResource      : REST request to delete exam : 12
    23:42:36.529 | 361 ool-1-worker-125 | INFO  | d.t.c.a.a.e.s.ExamDeletionService    : User examintinstructor1 has requested to delete the exam Real exam 1
    23:42:36.541 | 361 ool-1-worker-125 | INFO  | d.t.c.a.a.e.s.ExamDeletionService    : Request to delete Test Run 3
    23:42:36.548 | 361 ool-1-worker-125 | INFO  | d.t.c.a.a.e.s.ExamDeletionService    : Request to delete Test Run 4
    23:42:36.554 | 361 ool-1-worker-125 | INFO  | d.t.c.a.a.e.s.ParticipationService   : Request to delete Participation : StudentParticipation{id=482, presentationScore=null, student=User{login='examintinstructor1', firstName='examintinstructor1First', lastName='examintinstructor1Last', email='examintinstructor1@test.de', imageUrl='null', activated='true', langKey='en', activationKey='null'}}
    23:42:36.554 | 361 ool-1-worker-125 | DEBUG | d.t.c.a.a.e.s.ParticipationService   : Request to delete all results and submissions of participation with id : 482
    23:42:36.560 | 361 ool-1-worker-125 | INFO  | d.t.c.a.a.e.s.ParticipationService   : Request to delete Participation : StudentParticipation{id=483, presentationScore=null, student=User{login='examintinstructor1', firstName='examintinstructor1First', lastName='examintinstructor1Last', email='examintinstructor1@test.de', imageUrl='null', activated='true', langKey='en', activationKey='null'}}
    23:42:36.560 | 361 ool-1-worker-125 | DEBUG | d.t.c.a.a.e.s.ParticipationService   : Request to delete all results and submissions of participation with id : 483
    23:42:36.565 | 361 ool-1-worker-125 | INFO  | d.t.c.a.a.e.s.ParticipationService   : Request to delete Participation : ProgrammingExerciseStudentParticipation{id=484, repositoryUri='https://version-control.fake.fake/git/SHORT1F53F79705502049690B95903E6B3E32B388T142/short1f53f79705502049690b95903e6b3e32b388t142-examintinstructor1.git', buildPlanId='SHORT1F53F79705502049690B95903E6B3E32B388T142-EXAMINTINSTRUCTOR1', initializationState='INITIALIZED', initializationDate='2025-02-14T23:42:36.358168Z', individualDueDate=null', presentationScore=null}
    23:42:36.568 | 361 ool-1-worker-125 | DEBUG | d.t.c.a.a.e.s.ParticipationService   : Request to delete all results and submissions of participation with id : 484
    23:42:36.588 | 361 ool-1-worker-125 | INFO  | d.t.c.a.a.e.s.ParticipationService   : Request to delete Participation : StudentParticipation{id=485, presentationScore=null, student=User{login='examintinstructor1', firstName='examintinstructor1First', lastName='examintinstructor1Last', email='examintinstructor1@test.de', imageUrl='null', activated='true', langKey='en', activationKey='null'}}
    23:42:36.588 | 361 ool-1-worker-125 | DEBUG | d.t.c.a.a.e.s.ParticipationService   : Request to delete all results and submissions of participation with id : 485
    23:42:36.597 | 361 ool-1-worker-125 | INFO  | d.t.c.a.a.e.s.ExamDeletionService    : Request to delete Test Run 5
    23:42:36.606 | 361 ool-1-worker-125 | INFO  | .t.c.a.a.e.s.ExerciseDeletionService : Request to delete TextExercise with id 253
    23:42:36.607 | 361 ool-1-worker-125 | INFO  | .t.c.a.a.e.s.ExerciseDeletionService : Deleting the channel took 432µs
    23:42:36.607 | 361 ool-1-worker-125 | INFO  | .t.c.a.a.e.s.ExerciseDeletionService : Cancel scheduled operations of exercise 253
    23:42:36.607 | 361 ool-1-worker-125 | INFO  | .c.s.m.InstanceMessageReceiveService : Received schedule cancel for potential Athena exercise 253
    23:42:36.611 | 361 ool-1-worker-125 | INFO  | d.t.c.a.a.e.s.ParticipationService   : Request to delete all 2 participations of exercise with id : 253
    23:42:36.612 | 361 ool-1-worker-125 | INFO  | d.t.c.a.a.e.s.ParticipationService   : Request to delete Participation : StudentParticipation{id=486, presentationScore=null, student=User{login='examintinstructor1', firstName='examintinstructor1First', lastName='examintinstructor1Last', email='examintinstructor1@test.de', imageUrl='null', activated='true', langKey='en', activationKey='null'}}
    23:42:36.612 | 361 ool-1-worker-125 | DEBUG | d.t.c.a.a.e.s.ParticipationService   : Request to delete all results and submissions of participation with id : 486
    23:42:36.623 | 361 ool-1-worker-125 | INFO  | d.t.c.a.a.e.s.ParticipationService   : Request to delete Participation : StudentParticipation{id=489, presentationScore=null, student=User{login='examintinstructor1', firstName='examintinstructor1First', lastName='examintinstructor1Last', email='examintinstructor1@test.de', imageUrl='null', activated='true', langKey='en', activationKey='null'}}
    23:42:36.623 | 361 ool-1-worker-125 | DEBUG | d.t.c.a.a.e.s.ParticipationService   : Request to delete all results and submissions of participation with id : 489
    23:42:36.640 | 361 ool-1-worker-125 | INFO  | .c.a.a.c.s.TitleCacheEvictionService : Evicted entry '253' from title cache 'exerciseTitle'
    23:42:36.644 | 361 ool-1-worker-125 | INFO  | .t.c.a.a.e.s.ExerciseDeletionService : Request to delete TextExercise with id 254
    23:42:36.645 | 361 ool-1-worker-125 | INFO  | .t.c.a.a.e.s.ExerciseDeletionService : Deleting the channel took 343µs
    23:42:36.645 | 361 ool-1-worker-125 | INFO  | .t.c.a.a.e.s.ExerciseDeletionService : Cancel scheduled operations of exercise 254
    23:42:36.645 | 361 ool-1-worker-125 | INFO  | .c.s.m.InstanceMessageReceiveService : Received schedule cancel for potential Athena exercise 254
    23:42:36.646 | 361 ool-1-worker-125 | INFO  | d.t.c.a.a.e.s.ParticipationService   : Request to delete all 0 participations of exercise with id : 254
    23:42:36.657 | 361 ool-1-worker-125 | INFO  | .c.a.a.c.s.TitleCacheEvictionService : Evicted entry '254' from title cache 'exerciseTitle'
    23:42:36.661 | 361 ool-1-worker-125 | INFO  | .t.c.a.a.e.s.ExerciseDeletionService : Request to delete ModelingExercise with id 256
    23:42:36.661 | 361 ool-1-worker-125 | INFO  | .t.c.a.a.e.s.ExerciseDeletionService : Deleting the channel took 337µs
    23:42:36.661 | 361 ool-1-worker-125 | INFO  | .t.c.a.a.e.s.ExerciseDeletionService : Deleting clusters, elements and cancel scheduled operations of exercise 256
    23:42:36.662 | 361 ool-1-worker-125 | INFO  | .c.s.m.InstanceMessageReceiveService : Received schedule cancel for modeling exercise 256
    23:42:36.664 | 361 ool-1-worker-125 | INFO  | d.t.c.a.a.e.s.ParticipationService   : Request to delete all 2 participations of exercise with id : 256
    23:42:36.664 | 361 ool-1-worker-125 | INFO  | d.t.c.a.a.e.s.ParticipationService   : Request to delete Participation : StudentParticipation{id=487, presentationScore=null, student=User{login='examintinstructor1', firstName='examintinstructor1First', lastName='examintinstructor1Last', email='examintinstructor1@test.de', imageUrl='null', activated='true', langKey='en', activationKey='null'}}
    23:42:36.664 | 361 ool-1-worker-125 | DEBUG | d.t.c.a.a.e.s.ParticipationService   : Request to delete all results and submissions of participation with id : 487
    23:42:36.668 | 361 ool-1-worker-125 | INFO  | d.t.c.a.a.e.s.ParticipationService   : Request to delete Participation : StudentParticipation{id=490, presentationScore=null, student=User{login='examintinstructor1', firstName='examintinstructor1First', lastName='examintinstructor1Last', email='examintinstructor1@test.de', imageUrl='null', activated='true', langKey='en', activationKey='null'}}
    23:42:36.668 | 361 ool-1-worker-125 | DEBUG | d.t.c.a.a.e.s.ParticipationService   : Request to delete all results and submissions of participation with id : 490
    23:42:36.683 | 361 ool-1-worker-125 | INFO  | .c.a.a.c.s.TitleCacheEvictionService : Evicted entry '256' from title cache 'exerciseTitle'
    23:42:36.684 | 361 ool-1-worker-125 | INFO  | .t.c.a.a.e.s.ExerciseDeletionService : Request to delete ModelingExercise with id 255
    23:42:36.685 | 361 ool-1-worker-125 | INFO  | .t.c.a.a.e.s.ExerciseDeletionService : Deleting the channel took 348µs
    23:42:36.685 | 361 ool-1-worker-125 | INFO  | .t.c.a.a.e.s.ExerciseDeletionService : Deleting clusters, elements and cancel scheduled operations of exercise 255
    23:42:36.685 | 361 ool-1-worker-125 | INFO  | .c.s.m.InstanceMessageReceiveService : Received schedule cancel for modeling exercise 255
    23:42:36.686 | 361 ool-1-worker-125 | INFO  | d.t.c.a.a.e.s.ParticipationService   : Request to delete all 0 participations of exercise with id : 255
    23:42:36.695 | 361 ool-1-worker-125 | INFO  | .c.a.a.c.s.TitleCacheEvictionService : Evicted entry '255' from title cache 'exerciseTitle'
    23:42:36.697 | 361 ool-1-worker-125 | INFO  | .t.c.a.a.e.s.ExerciseDeletionService : Request to delete ProgrammingExercise with id 257
    23:42:36.697 | 361 ool-1-worker-125 | INFO  | .t.c.a.a.e.s.ExerciseDeletionService : Deleting the channel took 316µs
    23:42:36.698 | 361 ool-1-worker-125 | INFO  | d.t.c.a.a.e.s.ParticipationService   : Request to delete all 0 participations of exercise with id : 257
    23:42:36.703 | 361 ool-1-worker-125 | INFO  | .c.s.m.InstanceMessageReceiveService : Received schedule cancel for programming exercise 257
    23:42:36.703 | 361 ool-1-worker-125 | INFO  | .c.s.m.InstanceMessageReceiveService : Received schedule cancel for potential Athena exercise 257
    23:42:36.707 | 361 ool-1-worker-125 | DEBUG | d.t.c.a.a.e.s.ParticipationService   : Request to delete all results and submissions of participation with id : 481
    23:42:36.712 | 361 ool-1-worker-125 | DEBUG | d.t.c.a.a.e.s.ParticipationService   : Request to delete all results and submissions of participation with id : 480
    23:42:36.727 | 361 ool-1-worker-125 | DEBUG | c.a.a.p.s.ProgrammingExerciseService : Delete programming exercises with student participations: []
    23:42:36.738 | 361 ool-1-worker-125 | INFO  | .c.a.a.c.s.TitleCacheEvictionService : Evicted entry '257' from title cache 'exerciseTitle'
    23:42:36.742 | 361 ool-1-worker-125 | INFO  | .t.c.a.a.e.s.ExerciseDeletionService : Request to delete QuizExercise with id 258
    23:42:36.742 | 361 ool-1-worker-125 | INFO  | .t.c.a.a.e.s.ExerciseDeletionService : Deleting the channel took 340µs
    23:42:36.747 | 361 ool-1-worker-125 | INFO  | d.t.c.a.a.e.s.ParticipationService   : Request to delete all 2 participations of exercise with id : 258
    23:42:36.748 | 361 ool-1-worker-125 | INFO  | d.t.c.a.a.e.s.ParticipationService   : Request to delete Participation : StudentParticipation{id=488, presentationScore=null, student=User{login='examintinstructor1', firstName='examintinstructor1First', lastName='examintinstructor1Last', email='examintinstructor1@test.de', imageUrl='null', activated='true', langKey='en', activationKey='null'}}
    23:42:36.748 | 361 ool-1-worker-125 | DEBUG | d.t.c.a.a.e.s.ParticipationService   : Request to delete all results and submissions of participation with id : 488
    23:42:36.759 | 361 ool-1-worker-125 | INFO  | d.t.c.a.a.e.s.ParticipationService   : Request to delete Participation : StudentParticipation{id=491, presentationScore=null, student=User{login='examintinstructor1', firstName='examintinstructor1First', lastName='examintinstructor1Last', email='examintinstructor1@test.de', imageUrl='null', activated='true', langKey='en', activationKey='null'}}
    23:42:36.759 | 361 ool-1-worker-125 | DEBUG | d.t.c.a.a.e.s.ParticipationService   : Request to delete all results and submissions of participation with id : 491
    23:42:36.789 | 361 ool-1-worker-125 | WARN  | d.t.c.a.artemis.quiz.domain.DragItem : Could not delete file with path dragItemImage2.png. Assume already deleted, DragAndDropQuestion 35 can be removed.
    23:42:36.789 | 361 ool-1-worker-125 | WARN  | d.t.c.a.artemis.quiz.domain.DragItem : Could not delete file with path dragItemImage4.png. Assume already deleted, DragAndDropQuestion 37 can be removed.
    23:42:36.794 | 361 ool-1-worker-125 | INFO  | .c.a.a.c.s.TitleCacheEvictionService : Evicted entry '258' from title cache 'exerciseTitle'
    23:42:36.800 | 361 ool-1-worker-125 | WARN  | .c.a.a.c.s.TitleCacheEvictionService : Unable to clear title of exercises from exercise group 22: Exercises not initialized
    23:42:36.800 | 361 ool-1-worker-125 | WARN  | .c.a.a.c.s.TitleCacheEvictionService : Unable to clear title of exercises from exercise group 23: Exercises not initialized
    23:42:36.800 | 361 ool-1-worker-125 | WARN  | .c.a.a.c.s.TitleCacheEvictionService : Unable to clear title of exercises from exercise group 24: Exercises not initialized
    23:42:36.800 | 361 ool-1-worker-125 | WARN  | .c.a.a.c.s.TitleCacheEvictionService : Unable to clear title of exercises from exercise group 25: Exercises not initialized
    23:42:36.802 | 361 ool-1-worker-125 | INFO  | .c.a.a.c.s.TitleCacheEvictionService : Evicted entry '12' from title cache 'examTitle'

  Starting logs for ExamIntegrationTest > testUpdateExam_createsExamWithoutId()
    23:42:36.824 | 361 ool-1-worker-125 | INFO  | i.z.t.d.l.EmbeddedDatabaseReporter   : JDBC URL to connect to 'dataSource': url='jdbc:h2:tcp://localhost:41063/mem:736625c0-cf5e-400d-aeaa-8a7eabd6262b;USER=sa', scope='ExamIntegrationTest#testUpdateExam_createsExamWithoutId'
    23:42:36.828 | 361 ool-1-worker-125 | DEBUG | d.t.c.a.a.c.s.f.ApiVersionFilter     : Adding Version to Request PUT /api/courses/178/exams
    23:42:36.830 | 361 ool-1-worker-125 | DEBUG | d.t.c.a.a.exam.web.ExamResource      : REST request to update an exam : de.tum.cit.aet.artemis.exam.domain.Exam@0
    23:42:36.830 | 361 ool-1-worker-125 | DEBUG | d.t.c.a.a.exam.web.ExamResource      : REST request to create an exam : de.tum.cit.aet.artemis.exam.domain.Exam@0

  Starting logs for ExamIntegrationTest > testGetExamForImportWithExercises_noEditorAccess()
    23:42:36.869 | 361 ool-1-worker-125 | INFO  | i.z.t.d.l.EmbeddedDatabaseReporter   : JDBC URL to connect to 'dataSource': url='jdbc:h2:tcp://localhost:41063/mem:736625c0-cf5e-400d-aeaa-8a7eabd6262b;USER=sa', scope='ExamIntegrationTest#testGetExamForImportWithExercises_noEditorAccess'
    23:42:36.872 | 361 ool-1-worker-125 | DEBUG | d.t.c.a.a.c.s.f.ApiVersionFilter     : Adding Version to Request GET /api/exams/18
    23:42:36.875 | 361 ool-1-worker-125 | WARN  | o.z.p.spring.common.AdviceTraits     : Forbidden: Access Denied

  Starting logs for ExamIntegrationTest > testImportExamWithExercises_asStudent_failsWithForbidden()
    23:42:36.897 | 361 ool-1-worker-125 | INFO  | i.z.t.d.l.EmbeddedDatabaseReporter   : JDBC URL to connect to 'dataSource': url='jdbc:h2:tcp://localhost:41063/mem:736625c0-cf5e-400d-aeaa-8a7eabd6262b;USER=sa', scope='ExamIntegrationTest#testImportExamWithExercises_asStudent_failsWithForbidden'
    23:42:36.899 | 361 ool-1-worker-125 | DEBUG | d.t.c.a.a.c.s.f.ApiVersionFilter     : Adding Version to Request POST /api/courses/178/exam-import
    23:42:36.902 | 361 ool-1-worker-125 | WARN  | o.z.p.spring.common.AdviceTraits     : Forbidden: Access Denied

  Starting logs for ExamIntegrationTest > testGetAllExamsOnPage_withoutExercisesAndExamsNotLinkedToCourse_asAdmin_returnsExams()
    23:42:36.932 | 361 ool-1-worker-125 | INFO  | i.z.t.d.l.EmbeddedDatabaseReporter   : JDBC URL to connect to 'dataSource': url='jdbc:h2:tcp://localhost:41063/mem:736625c0-cf5e-400d-aeaa-8a7eabd6262b;USER=sa', scope='ExamIntegrationTest#testGetAllExamsOnPage_withoutExercisesAndExamsNotLinkedToCourse_asAdmin_returnsExams'
    23:42:36.944 | 361 ool-1-worker-125 | INFO  | .c.a.a.c.s.TitleCacheEvictionService : Evicted entry '26' from title cache 'examTitle'
    23:42:36.947 | 361 ool-1-worker-125 | DEBUG | d.t.c.a.a.c.s.f.ApiVersionFilter     : Adding Version to Request GET /api/exams

  Starting logs for ExamIntegrationTest > testGetExercisesWithPotentialPlagiarismAsInstructor()
    23:42:36.980 | 361 ool-1-worker-125 | INFO  | i.z.t.d.l.EmbeddedDatabaseReporter   : JDBC URL to connect to 'dataSource': url='jdbc:h2:tcp://localhost:41063/mem:736625c0-cf5e-400d-aeaa-8a7eabd6262b;USER=sa', scope='ExamIntegrationTest#testGetExercisesWithPotentialPlagiarismAsInstructor'
    23:42:37.014 | 361 ool-1-worker-125 | DEBUG | d.t.c.a.a.c.s.f.ApiVersionFilter     : Adding Version to Request GET /api/courses/178/exams/30/exercises-with-potential-plagiarism
    23:42:37.017 | 361 ool-1-worker-125 | DEBUG | d.t.c.a.a.exam.web.ExamResource      : REST request to get all exercises with potential plagiarism cases for exam : 30

  Starting logs for ExamIntegrationTest > testCreateExam_asInstructor_returnsBody()
    23:42:37.050 | 361 ool-1-worker-125 | INFO  | i.z.t.d.l.EmbeddedDatabaseReporter   : JDBC URL to connect to 'dataSource': url='jdbc:h2:tcp://localhost:41063/mem:736625c0-cf5e-400d-aeaa-8a7eabd6262b;USER=sa', scope='ExamIntegrationTest#testCreateExam_asInstructor_returnsBody'
    23:42:37.052 | 361 ool-1-worker-125 | DEBUG | d.t.c.a.a.c.s.f.ApiVersionFilter     : Adding Version to Request POST /api/courses/178/exams
    23:42:37.054 | 361 ool-1-worker-125 | DEBUG | d.t.c.a.a.exam.web.ExamResource      : REST request to create an exam : de.tum.cit.aet.artemis.exam.domain.Exam@0

  Starting logs for ExamIntegrationTest > testGetExamForExamAssessmentDashboard(int) [1] numberOfCorrectionRounds=0
    23:42:37.089 | 361 ool-1-worker-125 | INFO  | i.z.t.d.l.EmbeddedDatabaseReporter   : JDBC URL to connect to 'dataSource': url='jdbc:h2:tcp://localhost:41063/mem:736625c0-cf5e-400d-aeaa-8a7eabd6262b;USER=sa', scope='ExamIntegrationTest#testGetExamForExamAssessmentDashboard'
    23:42:37.131 | 361 ool-1-worker-125 | DEBUG | d.t.c.a.a.c.s.f.ApiVersionFilter     : Adding Version to Request GET /api/courses/182/exams/38/exam-for-assessment-dashboard
    23:42:37.133 | 361 ool-1-worker-125 | DEBUG | d.t.c.a.a.exam.web.ExamResource      : REST request /courses/{courseId}/exams/{examId}/exam-for-assessment-dashboard
    23:42:37.133 | 361 ool-1-worker-125 | DEBUG | d.t.c.a.a.exam.service.ExamService   : Request to get exam 38 with exercise groups (with details: false)
    23:42:37.140 | 361 ool-1-worker-125 | DEBUG | c.a.a.a.s.AssessmentDashboardService : generateStatisticsForExercisesForAssessmentDashboard invoked
    23:42:37.145 | 361 ool-1-worker-125 | DEBUG | c.a.a.a.s.AssessmentDashboardService : Finished >> complaintService.calculateNrOfOpenComplaints all << in 4.43ms
    23:42:37.152 | 361 ool-1-worker-125 | DEBUG | c.a.a.a.s.AssessmentDashboardService : Finished >> assessmentDashboardService.calculateNumberOfSubmissions all << in 7.18ms
    23:42:37.154 | 361 ool-1-worker-125 | DEBUG | c.a.a.a.s.AssessmentDashboardService : Finished >> resultRepository.countNumberOfFinishedAssessmentsForExercise << call for exercise 272 in 1.63ms
    23:42:37.157 | 361 ool-1-worker-125 | DEBUG | c.a.a.a.s.AssessmentDashboardService : Finished >> resultRepository.countNumberOfFinishedAssessmentsForExamExerciseForCorrectionRounds << call for exercise 272 in 3.16ms
    23:42:37.158 | 361 ool-1-worker-125 | DEBUG | c.a.a.a.s.AssessmentDashboardService : Finished >> exampleSubmissionRepository.findAllWithResultByExerciseId << call for course 272 in 1.09ms
    23:42:37.164 | 361 ool-1-worker-125 | DEBUG | c.a.a.a.s.AssessmentDashboardService : Finished >> assessmentDashboardLoopIteration << call for exercise 272 in 23.03ms
    23:42:37.165 | 361 ool-1-worker-125 | DEBUG | c.a.a.a.s.AssessmentDashboardService : Finished >> resultRepository.countNumberOfFinishedAssessmentsForExercise << call for exercise 273 in 7.14ms
    23:42:37.166 | 361 ool-1-worker-125 | DEBUG | c.a.a.a.s.AssessmentDashboardService : Finished >> resultRepository.countNumberOfFinishedAssessmentsForExamExerciseForCorrectionRounds << call for exercise 273 in 678µs
    23:42:37.168 | 361 ool-1-worker-125 | DEBUG | c.a.a.a.s.AssessmentDashboardService : Finished >> exampleSubmissionRepository.findAllWithResultByExerciseId << call for course 273 in 2.34ms
    23:42:37.169 | 361 ool-1-worker-125 | DEBUG | c.a.a.a.s.AssessmentDashboardService : Finished >> assessmentDashboardLoopIteration << call for exercise 273 in 28.45ms
    23:42:37.171 | 361 ool-1-worker-125 | DEBUG | c.a.a.a.s.AssessmentDashboardService : Finished >> resultRepository.countNumberOfFinishedAssessmentsForExercise << call for exercise 274 in 3.01ms
    23:42:37.172 | 361 ool-1-worker-125 | DEBUG | c.a.a.a.s.AssessmentDashboardService : Finished >> resultRepository.countNumberOfFinishedAssessmentsForExamExerciseForCorrectionRounds << call for exercise 274 in 575µs
    23:42:37.173 | 361 ool-1-worker-125 | DEBUG | c.a.a.a.s.AssessmentDashboardService : Finished >> exampleSubmissionRepository.findAllWithResultByExerciseId << call for course 274 in 851µs
    23:42:37.173 | 361 ool-1-worker-125 | DEBUG | c.a.a.a.s.AssessmentDashboardService : Finished >> assessmentDashboardLoopIteration << call for exercise 274 in 32.87ms
    23:42:37.176 | 361 ool-1-worker-125 | DEBUG | c.a.a.a.s.AssessmentDashboardService : Finished >> resultRepository.countNumberOfFinishedAssessmentsForExercise << call for exercise 265 in 2.91ms
    23:42:37.178 | 361 ool-1-worker-125 | DEBUG | c.a.a.a.s.AssessmentDashboardService : Finished >> resultRepository.countNumberOfFinishedAssessmentsForExamExerciseForCorrectionRounds << call for exercise 265 in 2.07ms
    23:42:37.179 | 361 ool-1-worker-125 | DEBUG | c.a.a.a.s.AssessmentDashboardService : Finished >> exampleSubmissionRepository.findAllWithResultByExerciseId << call for course 265 in 1.04ms
    23:42:37.179 | 361 ool-1-worker-125 | DEBUG | c.a.a.a.s.AssessmentDashboardService : Finished >> assessmentDashboardLoopIteration << call for exercise 265 in 38.93ms
    23:42:37.184 | 361 ool-1-worker-125 | DEBUG | c.a.a.a.s.AssessmentDashboardService : Finished >> resultRepository.countNumberOfFinishedAssessmentsForExercise << call for exercise 266 in 4.99ms
    23:42:37.184 | 361 ool-1-worker-125 | DEBUG | c.a.a.a.s.AssessmentDashboardService : Finished >> resultRepository.countNumberOfFinishedAssessmentsForExamExerciseForCorrectionRounds << call for exercise 266 in 539µs
    23:42:37.186 | 361 ool-1-worker-125 | DEBUG | c.a.a.a.s.AssessmentDashboardService : Finished >> exampleSubmissionRepository.findAllWithResultByExerciseId << call for course 266 in 1.14ms
    23:42:37.186 | 361 ool-1-worker-125 | DEBUG | c.a.a.a.s.AssessmentDashboardService : Finished >> assessmentDashboardLoopIteration << call for exercise 266 in 45.79ms
    23:42:37.187 | 361 ool-1-worker-125 | DEBUG | c.a.a.a.s.AssessmentDashboardService : Finished >> resultRepository.countNumberOfFinishedAssessmentsForExercise << call for exercise 269 in 1.44ms
    23:42:37.189 | 361 ool-1-worker-125 | DEBUG | c.a.a.a.s.AssessmentDashboardService : Finished >> resultRepository.countNumberOfFinishedAssessmentsForExamExerciseForCorrectionRounds << call for exercise 269 in 1.40ms
    23:42:37.189 | 361 ool-1-worker-125 | DEBUG | c.a.a.a.s.AssessmentDashboardService : Finished >> exampleSubmissionRepository.findAllWithResultByExerciseId << call for course 269 in 842µs
    23:42:37.190 | 361 ool-1-worker-125 | DEBUG | c.a.a.a.s.AssessmentDashboardService : Finished >> assessmentDashboardLoopIteration << call for exercise 269 in 49.42ms
    23:42:37.191 | 361 ool-1-worker-125 | DEBUG | c.a.a.a.s.AssessmentDashboardService : Finished >> resultRepository.countNumberOfFinishedAssessmentsForExercise << call for exercise 270 in 1.23ms
    23:42:37.191 | 361 ool-1-worker-125 | DEBUG | c.a.a.a.s.AssessmentDashboardService : Finished >> resultRepository.countNumberOfFinishedAssessmentsForExamExerciseForCorrectionRounds << call for exercise 270 in 535µs
    23:42:37.192 | 361 ool-1-worker-125 | DEBUG | c.a.a.a.s.AssessmentDashboardService : Finished >> exampleSubmissionRepository.findAllWithResultByExerciseId << call for course 270 in 763µs
    23:42:37.194 | 361 ool-1-worker-125 | DEBUG | c.a.a.a.s.AssessmentDashboardService : Finished >> assessmentDashboardLoopIteration << call for exercise 270 in 53.99ms
    23:42:37.195 | 361 ool-1-worker-125 | DEBUG | c.a.a.a.s.AssessmentDashboardService : Finished >> resultRepository.countNumberOfFinishedAssessmentsForExercise << call for exercise 271 in 3.16ms
    23:42:37.196 | 361 ool-1-worker-125 | DEBUG | c.a.a.a.s.AssessmentDashboardService : Finished >> resultRepository.countNumberOfFinishedAssessmentsForExamExerciseForCorrectionRounds << call for exercise 271 in 518µs
    23:42:37.197 | 361 ool-1-worker-125 | DEBUG | c.a.a.a.s.AssessmentDashboardService : Finished >> exampleSubmissionRepository.findAllWithResultByExerciseId << call for course 271 in 800µs
    23:42:37.197 | 361 ool-1-worker-125 | DEBUG | c.a.a.a.s.AssessmentDashboardService : Finished >> assessmentDashboardLoopIteration << call for exercise 271 in 56.48ms
    23:42:37.197 | 361 ool-1-worker-125 | DEBUG | c.a.a.a.s.AssessmentDashboardService : Finished >> generateStatisticsForExercisesForAssessmentDashboard << call in 56.51ms

  Starting logs for ExamIntegrationTest > testGetExamForExamAssessmentDashboard(int) [2] numberOfCorrectionRounds=1
    23:42:37.254 | 361 ool-1-worker-125 | INFO  | i.z.t.d.l.EmbeddedDatabaseReporter   : JDBC URL to connect to 'dataSource': url='jdbc:h2:tcp://localhost:41063/mem:736625c0-cf5e-400d-aeaa-8a7eabd6262b;USER=sa', scope='ExamIntegrationTest#testGetExamForExamAssessmentDashboard'
    23:42:37.300 |  90 ns.HealthMonitor | INFO  | c.h.i.diagnostics.HealthMonitor      : [127.0.0.1]:5701 [dev] [5.5.0] processors=4, physical.memory.total=15.6G, physical.memory.free=3.2G, swap.space.total=0, swap.space.free=0, heap.memory.used=2.1G, heap.memory.free=717.0M, heap.memory.total=2.8G, heap.memory.max=6.0G, heap.memory.used/total=75.17%, heap.memory.used/max=35.33%, minor.gc.count=108, minor.gc.time=5900ms, major.gc.count=0, major.gc.time=0ms, unknown.gc.count=48, unknown.gc.time=706ms, load.process=0.00%, load.system=99.86%, load.systemAverage=4.88, thread.count=471, thread.peakCount=474, cluster.timeDiff=0, event.q.size=0, executor.q.async.size=0, executor.q.client.size=0, executor.q.client.query.size=0, executor.q.client.blocking.size=0, executor.q.query.size=0, executor.q.scheduled.size=0, executor.q.io.size=0, executor.q.system.size=0, executor.q.operations.size=0, executor.q.priorityOperation.size=0, operations.completed.count=586, executor.q.mapLoad.size=0, executor.q.mapLoadAllKeys.size=0, executor.q.cluster.size=0, executor.q.response.size=0, operations.running.count=0, operations.pending.invocations.percentage=0.00%, operations.pending.invocations.count=0, proxy.count=203, clientEndpoint.count=0, connection.active.count=0, client.connection.count=0, connection.count=0
    23:42:37.329 | 361 ool-1-worker-125 | DEBUG | d.t.c.a.a.c.s.f.ApiVersionFilter     : Adding Version to Request GET /api/courses/183/exams/42/exam-for-assessment-dashboard
    23:42:37.333 | 361 ool-1-worker-125 | DEBUG | d.t.c.a.a.exam.web.ExamResource      : REST request /courses/{courseId}/exams/{examId}/exam-for-assessment-dashboard
    23:42:37.333 | 361 ool-1-worker-125 | DEBUG | d.t.c.a.a.exam.service.ExamService   : Request to get exam 42 with exercise groups (with details: false)
    23:42:37.341 | 361 ool-1-worker-125 | DEBUG | c.a.a.a.s.AssessmentDashboardService : generateStatisticsForExercisesForAssessmentDashboard invoked
    23:42:37.345 | 361 ool-1-worker-125 | DEBUG | c.a.a.a.s.AssessmentDashboardService : Finished >> complaintService.calculateNrOfOpenComplaints all << in 3.71ms
    23:42:37.347 | 361 ool-1-worker-125 | DEBUG | c.a.a.a.s.AssessmentDashboardService : Finished >> assessmentDashboardService.calculateNumberOfSubmissions all << in 2.40ms
    23:42:37.348 | 361 ool-1-worker-125 | DEBUG | c.a.a.a.s.AssessmentDashboardService : Finished >> resultRepository.countNumberOfFinishedAssessmentsForExercise << call for exercise 275 in 749µs
    23:42:37.349 | 361 ool-1-worker-125 | DEBUG | c.a.a.a.s.AssessmentDashboardService : Finished >> resultRepository.countNumberOfFinishedAssessmentsForExamExerciseForCorrectionRounds << call for exercise 275 in 572µs
    23:42:37.350 | 361 ool-1-worker-125 | DEBUG | c.a.a.a.s.AssessmentDashboardService : Finished >> exampleSubmissionRepository.findAllWithResultByExerciseId << call for course 275 in 890µs
    23:42:37.350 | 361 ool-1-worker-125 | DEBUG | c.a.a.a.s.AssessmentDashboardService : Finished >> assessmentDashboardLoopIteration << call for exercise 275 in 8.95ms
    23:42:37.351 | 361 ool-1-worker-125 | DEBUG | c.a.a.a.s.AssessmentDashboardService : Finished >> resultRepository.countNumberOfFinishedAssessmentsForExercise << call for exercise 276 in 1.20ms
    23:42:37.352 | 361 ool-1-worker-125 | DEBUG | c.a.a.a.s.AssessmentDashboardService : Finished >> resultRepository.countNumberOfFinishedAssessmentsForExamExerciseForCorrectionRounds << call for exercise 276 in 777µs
    23:42:37.352 | 361 ool-1-worker-125 | DEBUG | c.a.a.a.s.AssessmentDashboardService : Finished >> exampleSubmissionRepository.findAllWithResultByExerciseId << call for course 276 in 745µs
    23:42:37.353 | 361 ool-1-worker-125 | DEBUG | c.a.a.a.s.AssessmentDashboardService : Finished >> assessmentDashboardLoopIteration << call for exercise 276 in 11.67ms
    23:42:37.354 | 361 ool-1-worker-125 | DEBUG | c.a.a.a.s.AssessmentDashboardService : Finished >> resultRepository.countNumberOfFinishedAssessmentsForExercise << call for exercise 279 in 1.12ms
    23:42:37.354 | 361 ool-1-worker-125 | DEBUG | c.a.a.a.s.AssessmentDashboardService : Finished >> resultRepository.countNumberOfFinishedAssessmentsForExamExerciseForCorrectionRounds << call for exercise 279 in 511µs
    23:42:37.355 | 361 ool-1-worker-125 | DEBUG | c.a.a.a.s.AssessmentDashboardService : Finished >> exampleSubmissionRepository.findAllWithResultByExerciseId << call for course 279 in 830µs
    23:42:37.355 | 361 ool-1-worker-125 | DEBUG | c.a.a.a.s.AssessmentDashboardService : Finished >> assessmentDashboardLoopIteration << call for exercise 279 in 14.20ms
    23:42:37.356 | 361 ool-1-worker-125 | DEBUG | c.a.a.a.s.AssessmentDashboardService : Finished >> resultRepository.countNumberOfFinishedAssessmentsForExercise << call for exercise 280 in 1.17ms
    23:42:37.357 | 361 ool-1-worker-125 | DEBUG | c.a.a.a.s.AssessmentDashboardService : Finished >> resultRepository.countNumberOfFinishedAssessmentsForExamExerciseForCorrectionRounds << call for exercise 280 in 530µs
    23:42:37.358 | 361 ool-1-worker-125 | DEBUG | c.a.a.a.s.AssessmentDashboardService : Finished >> exampleSubmissionRepository.findAllWithResultByExerciseId << call for course 280 in 763µs
    23:42:37.358 | 361 ool-1-worker-125 | DEBUG | c.a.a.a.s.AssessmentDashboardService : Finished >> assessmentDashboardLoopIteration << call for exercise 280 in 16.70ms
    23:42:37.359 | 361 ool-1-worker-125 | DEBUG | c.a.a.a.s.AssessmentDashboardService : Finished >> resultRepository.countNumberOfFinishedAssessmentsForExercise << call for exercise 281 in 1.10ms
    23:42:37.359 | 361 ool-1-worker-125 | DEBUG | c.a.a.a.s.AssessmentDashboardService : Finished >> resultRepository.countNumberOfFinishedAssessmentsForExamExerciseForCorrectionRounds << call for exercise 281 in 483µs
    23:42:37.360 | 361 ool-1-worker-125 | DEBUG | c.a.a.a.s.AssessmentDashboardService : Finished >> exampleSubmissionRepository.findAllWithResultByExerciseId << call for course 281 in 808µs
    23:42:37.360 | 361 ool-1-worker-125 | DEBUG | c.a.a.a.s.AssessmentDashboardService : Finished >> assessmentDashboardLoopIteration << call for exercise 281 in 19.17ms
    23:42:37.361 | 361 ool-1-worker-125 | DEBUG | c.a.a.a.s.AssessmentDashboardService : Finished >> resultRepository.countNumberOfFinishedAssessmentsForExercise << call for exercise 282 in 1.16ms
    23:42:37.362 | 361 ool-1-worker-125 | DEBUG | c.a.a.a.s.AssessmentDashboardService : Finished >> resultRepository.countNumberOfFinishedAssessmentsForExamExerciseForCorrectionRounds << call for exercise 282 in 562µs
    23:42:37.362 | 361 ool-1-worker-125 | DEBUG | c.a.a.a.s.AssessmentDashboardService : Finished >> exampleSubmissionRepository.findAllWithResultByExerciseId << call for course 282 in 747µs
    23:42:37.363 | 361 ool-1-worker-125 | DEBUG | c.a.a.a.s.AssessmentDashboardService : Finished >> assessmentDashboardLoopIteration << call for exercise 282 in 21.64ms
    23:42:37.364 | 361 ool-1-worker-125 | DEBUG | c.a.a.a.s.AssessmentDashboardService : Finished >> resultRepository.countNumberOfFinishedAssessmentsForExercise << call for exercise 283 in 1.07ms
    23:42:37.364 | 361 ool-1-worker-125 | DEBUG | c.a.a.a.s.AssessmentDashboardService : Finished >> resultRepository.countNumberOfFinishedAssessmentsForExamExerciseForCorrectionRounds << call for exercise 283 in 494µs
    23:42:37.365 | 361 ool-1-worker-125 | DEBUG | c.a.a.a.s.AssessmentDashboardService : Finished >> exampleSubmissionRepository.findAllWithResultByExerciseId << call for course 283 in 750µs
    23:42:37.365 | 361 ool-1-worker-125 | DEBUG | c.a.a.a.s.AssessmentDashboardService : Finished >> assessmentDashboardLoopIteration << call for exercise 283 in 23.97ms
    23:42:37.366 | 361 ool-1-worker-125 | DEBUG | c.a.a.a.s.AssessmentDashboardService : Finished >> resultRepository.countNumberOfFinishedAssessmentsForExercise << call for exercise 284 in 1.06ms
    23:42:37.366 | 361 ool-1-worker-125 | DEBUG | c.a.a.a.s.AssessmentDashboardService : Finished >> resultRepository.countNumberOfFinishedAssessmentsForExamExerciseForCorrectionRounds << call for exercise 284 in 470µs
    23:42:37.367 | 361 ool-1-worker-125 | DEBUG | c.a.a.a.s.AssessmentDashboardService : Finished >> exampleSubmissionRepository.findAllWithResultByExerciseId << call for course 284 in 790µs
    23:42:37.368 | 361 ool-1-worker-125 | DEBUG | c.a.a.a.s.AssessmentDashboardService : Finished >> assessmentDashboardLoopIteration << call for exercise 284 in 26.36ms
    23:42:37.368 | 361 ool-1-worker-125 | DEBUG | c.a.a.a.s.AssessmentDashboardService : Finished >> generateStatisticsForExercisesForAssessmentDashboard << call in 26.38ms

  Starting logs for ExamIntegrationTest > testGetExamForExamAssessmentDashboard(int) [3] numberOfCorrectionRounds=2
    23:42:37.397 | 361 ool-1-worker-125 | INFO  | i.z.t.d.l.EmbeddedDatabaseReporter   : JDBC URL to connect to 'dataSource': url='jdbc:h2:tcp://localhost:41063/mem:736625c0-cf5e-400d-aeaa-8a7eabd6262b;USER=sa', scope='ExamIntegrationTest#testGetExamForExamAssessmentDashboard'
    23:42:37.474 | 361 ool-1-worker-125 | DEBUG | d.t.c.a.a.c.s.f.ApiVersionFilter     : Adding Version to Request GET /api/courses/184/exams/46/exam-for-assessment-dashboard
    23:42:37.475 | 361 ool-1-worker-125 | DEBUG | d.t.c.a.a.exam.web.ExamResource      : REST request /courses/{courseId}/exams/{examId}/exam-for-assessment-dashboard
    23:42:37.475 | 361 ool-1-worker-125 | DEBUG | d.t.c.a.a.exam.service.ExamService   : Request to get exam 46 with exercise groups (with details: false)
    23:42:37.487 | 361 ool-1-worker-125 | DEBUG | c.a.a.a.s.AssessmentDashboardService : generateStatisticsForExercisesForAssessmentDashboard invoked
    23:42:37.489 | 361 ool-1-worker-125 | DEBUG | c.a.a.a.s.AssessmentDashboardService : Finished >> complaintService.calculateNrOfOpenComplaints all << in 1.80ms
    23:42:37.494 | 361 ool-1-worker-125 | DEBUG | c.a.a.a.s.AssessmentDashboardService : Finished >> assessmentDashboardService.calculateNumberOfSubmissions all << in 5.27ms
    23:42:37.495 | 361 ool-1-worker-125 | DEBUG | c.a.a.a.s.AssessmentDashboardService : Finished >> resultRepository.countNumberOfFinishedAssessmentsForExercise << call for exercise 289 in 688µs
    23:42:37.495 | 361 ool-1-worker-125 | DEBUG | c.a.a.a.s.AssessmentDashboardService : Finished >> resultRepository.countNumberOfFinishedAssessmentsForExamExerciseForCorrectionRounds << call for exercise 289 in 485µs
    23:42:37.499 | 361 ool-1-worker-125 | DEBUG | c.a.a.a.s.AssessmentDashboardService : Finished >> exampleSubmissionRepository.findAllWithResultByExerciseId << call for course 289 in 3.95ms
    23:42:37.500 | 361 ool-1-worker-125 | DEBUG | c.a.a.a.s.AssessmentDashboardService : Finished >> assessmentDashboardLoopIteration << call for exercise 289 in 12.82ms
    23:42:37.501 | 361 ool-1-worker-125 | DEBUG | c.a.a.a.s.AssessmentDashboardService : Finished >> resultRepository.countNumberOfFinishedAssessmentsForExercise << call for exercise 290 in 1.20ms
    23:42:37.501 | 361 ool-1-worker-125 | DEBUG | c.a.a.a.s.AssessmentDashboardService : Finished >> resultRepository.countNumberOfFinishedAssessmentsForExamExerciseForCorrectionRounds << call for exercise 290 in 536µs
    23:42:37.505 | 361 ool-1-worker-125 | DEBUG | c.a.a.a.s.AssessmentDashboardService : Finished >> exampleSubmissionRepository.findAllWithResultByExerciseId << call for course 290 in 3.86ms
    23:42:37.505 | 361 ool-1-worker-125 | DEBUG | c.a.a.a.s.AssessmentDashboardService : Finished >> assessmentDashboardLoopIteration << call for exercise 290 in 18.50ms
    23:42:37.506 | 361 ool-1-worker-125 | DEBUG | c.a.a.a.s.AssessmentDashboardService : Finished >> resultRepository.countNumberOfFinishedAssessmentsForExercise << call for exercise 291 in 1.24ms
    23:42:37.507 | 361 ool-1-worker-125 | DEBUG | c.a.a.a.s.AssessmentDashboardService : Finished >> resultRepository.countNumberOfFinishedAssessmentsForExamExerciseForCorrectionRounds << call for exercise 291 in 552µs
    23:42:37.509 | 361 ool-1-worker-125 | DEBUG | c.a.a.a.s.AssessmentDashboardService : Finished >> exampleSubmissionRepository.findAllWithResultByExerciseId << call for course 291 in 2.08ms
    23:42:37.509 | 361 ool-1-worker-125 | DEBUG | c.a.a.a.s.AssessmentDashboardService : Finished >> assessmentDashboardLoopIteration << call for exercise 291 in 22.35ms
    23:42:37.510 | 361 ool-1-worker-125 | DEBUG | c.a.a.a.s.AssessmentDashboardService : Finished >> resultRepository.countNumberOfFinishedAssessmentsForExercise << call for exercise 292 in 1.12ms
    23:42:37.511 | 361 ool-1-worker-125 | DEBUG | c.a.a.a.s.AssessmentDashboardService : Finished >> resultRepository.countNumberOfFinishedAssessmentsForExamExerciseForCorrectionRounds << call for exercise 292 in 508µs
    23:42:37.516 | 361 ool-1-worker-125 | DEBUG | c.a.a.a.s.AssessmentDashboardService : Finished >> exampleSubmissionRepository.findAllWithResultByExerciseId << call for course 292 in 5.79ms
    23:42:37.517 | 361 ool-1-worker-125 | DEBUG | c.a.a.a.s.AssessmentDashboardService : Finished >> assessmentDashboardLoopIteration << call for exercise 292 in 29.83ms
    23:42:37.518 | 361 ool-1-worker-125 | DEBUG | c.a.a.a.s.AssessmentDashboardService : Finished >> resultRepository.countNumberOfFinishedAssessmentsForExercise << call for exercise 293 in 1.13ms
    23:42:37.518 | 361 ool-1-worker-125 | DEBUG | c.a.a.a.s.AssessmentDashboardService : Finished >> resultRepository.countNumberOfFinishedAssessmentsForExamExerciseForCorrectionRounds << call for exercise 293 in 551µs
    23:42:37.519 | 361 ool-1-worker-125 | DEBUG | c.a.a.a.s.AssessmentDashboardService : Finished >> exampleSubmissionRepository.findAllWithResultByExerciseId << call for course 293 in 845µs
    23:42:37.519 | 361 ool-1-worker-125 | DEBUG | c.a.a.a.s.AssessmentDashboardService : Finished >> assessmentDashboardLoopIteration << call for exercise 293 in 32.40ms
    23:42:37.520 | 361 ool-1-worker-125 | DEBUG | c.a.a.a.s.AssessmentDashboardService : Finished >> resultRepository.countNumberOfFinishedAssessmentsForExercise << call for exercise 294 in 1.12ms
    23:42:37.521 | 361 ool-1-worker-125 | DEBUG | c.a.a.a.s.AssessmentDashboardService : Finished >> resultRepository.countNumberOfFinishedAssessmentsForExamExerciseForCorrectionRounds << call for exercise 294 in 528µs
    23:42:37.521 | 361 ool-1-worker-125 | DEBUG | c.a.a.a.s.AssessmentDashboardService : Finished >> exampleSubmissionRepository.findAllWithResultByExerciseId << call for course 294 in 742µs
    23:42:37.522 | 361 ool-1-worker-125 | DEBUG | c.a.a.a.s.AssessmentDashboardService : Finished >> assessmentDashboardLoopIteration << call for exercise 294 in 34.85ms
    23:42:37.523 | 361 ool-1-worker-125 | DEBUG | c.a.a.a.s.AssessmentDashboardService : Finished >> resultRepository.countNumberOfFinishedAssessmentsForExercise << call for exercise 285 in 1.11ms
    23:42:37.523 | 361 ool-1-worker-125 | DEBUG | c.a.a.a.s.AssessmentDashboardService : Finished >> resultRepository.countNumberOfFinishedAssessmentsForExamExerciseForCorrectionRounds << call for exercise 285 in 528µs
    23:42:37.524 | 361 ool-1-worker-125 | DEBUG | c.a.a.a.s.AssessmentDashboardService : Finished >> exampleSubmissionRepository.findAllWithResultByExerciseId << call for course 285 in 778µs
    23:42:37.524 | 361 ool-1-worker-125 | DEBUG | c.a.a.a.s.AssessmentDashboardService : Finished >> assessmentDashboardLoopIteration << call for exercise 285 in 37.37ms
    23:42:37.525 | 361 ool-1-worker-125 | DEBUG | c.a.a.a.s.AssessmentDashboardService : Finished >> resultRepository.countNumberOfFinishedAssessmentsForExercise << call for exercise 286 in 1.19ms
    23:42:37.526 | 361 ool-1-worker-125 | DEBUG | c.a.a.a.s.AssessmentDashboardService : Finished >> resultRepository.countNumberOfFinishedAssessmentsForExamExerciseForCorrectionRounds << call for exercise 286 in 553µs
    23:42:37.526 | 361 ool-1-worker-125 | DEBUG | c.a.a.a.s.AssessmentDashboardService : Finished >> exampleSubmissionRepository.findAllWithResultByExerciseId << call for course 286 in 793µs
    23:42:37.527 | 361 ool-1-worker-125 | DEBUG | c.a.a.a.s.AssessmentDashboardService : Finished >> assessmentDashboardLoopIteration << call for exercise 286 in 39.91ms
    23:42:37.527 | 361 ool-1-worker-125 | DEBUG | c.a.a.a.s.AssessmentDashboardService : Finished >> generateStatisticsForExercisesForAssessmentDashboard << call in 39.93ms

  Starting logs for ExamIntegrationTest > testResetExamWithExerciseGroupAndTextExercise_asInstructor()
    23:42:37.552 | 361 ool-1-worker-125 | INFO  | i.z.t.d.l.EmbeddedDatabaseReporter   : JDBC URL to connect to 'dataSource': url='jdbc:h2:tcp://localhost:41063/mem:736625c0-cf5e-400d-aeaa-8a7eabd6262b;USER=sa', scope='ExamIntegrationTest#testResetExamWithExerciseGroupAndTextExercise_asInstructor'
    23:42:37.554 | 361 ool-1-worker-125 | DEBUG | d.t.c.a.a.c.s.f.ApiVersionFilter     : Adding Version to Request DELETE /api/courses/178/exams/48/reset
    23:42:37.557 | 361 ool-1-worker-125 | INFO  | d.t.c.a.a.exam.web.ExamResource      : REST request to reset exam : 48
    23:42:37.562 | 361 ool-1-worker-125 | INFO  | d.t.c.a.a.e.s.ExamDeletionService    : User examintinstructor1 has requested to reset the exam Real exam 1
    23:42:37.562 | 361 ool-1-worker-125 | DEBUG | .t.c.a.a.e.s.ExerciseDeletionService : Request reset Exercise : 295
    23:42:37.563 | 361 ool-1-worker-125 | INFO  | d.t.c.a.a.e.s.ParticipationService   : Request to delete all 0 participations of exercise with id : 295
    23:42:37.565 | 361 ool-1-worker-125 | DEBUG | d.t.c.a.a.exam.service.ExamService   : Request to get exam 48 with exercise groups (with details: false)

  Starting logs for ExamIntegrationTest > testGetExamTitleForNonExistingExam()
    23:42:37.590 | 361 ool-1-worker-125 | INFO  | i.z.t.d.l.EmbeddedDatabaseReporter   : JDBC URL to connect to 'dataSource': url='jdbc:h2:tcp://localhost:41063/mem:736625c0-cf5e-400d-aeaa-8a7eabd6262b;USER=sa', scope='ExamIntegrationTest#testGetExamTitleForNonExistingExam'
    23:42:37.591 | 361 ool-1-worker-125 | DEBUG | d.t.c.a.a.c.s.f.ApiVersionFilter     : Adding Version to Request GET /api/exams/123124123123/title

  Starting logs for ExamIntegrationTest > testIsExamOver_GracePeriod()
    23:42:37.613 | 361 ool-1-worker-125 | INFO  | i.z.t.d.l.EmbeddedDatabaseReporter   : JDBC URL to connect to 'dataSource': url='jdbc:h2:tcp://localhost:41063/mem:736625c0-cf5e-400d-aeaa-8a7eabd6262b;USER=sa', scope='ExamIntegrationTest#testIsExamOver_GracePeriod'

  Starting logs for ExamIntegrationTest > testGetExamForExamAssessmentDashboard_courseIdDoesNotMatch_badRequest()
    23:42:37.634 | 361 ool-1-worker-125 | INFO  | i.z.t.d.l.EmbeddedDatabaseReporter   : JDBC URL to connect to 'dataSource': url='jdbc:h2:tcp://localhost:41063/mem:736625c0-cf5e-400d-aeaa-8a7eabd6262b;USER=sa', scope='ExamIntegrationTest#testGetExamForExamAssessmentDashboard_courseIdDoesNotMatch_badRequest'
    23:42:37.636 | 361 ool-1-worker-125 | DEBUG | d.t.c.a.a.c.s.f.ApiVersionFilter     : Adding Version to Request GET /api/courses/179/exams/56/exam-for-assessment-dashboard
    23:42:37.637 | 361 ool-1-worker-125 | DEBUG | d.t.c.a.a.exam.web.ExamResource      : REST request /courses/{courseId}/exams/{examId}/exam-for-assessment-dashboard
    23:42:37.637 | 361 ool-1-worker-125 | DEBUG | d.t.c.a.a.exam.service.ExamService   : Request to get exam 56 with exercise groups (with details: false)
    23:42:37.639 | 361 ool-1-worker-125 | ERROR | tech.jhipster.web.util.HeaderUtil    : Entity processing failed, The course id does not match the id of the course connected to the exam.
    23:42:37.639 | 361 ool-1-worker-125 | WARN  | o.z.p.spring.common.AdviceTraits     : Bad Request: The course id does not match the id of the course connected to the exam.

  Starting logs for ExamIntegrationTest > testGetExercisesWithPotentialPlagiarismAsTutor_forbidden()
    23:42:37.657 | 361 ool-1-worker-125 | INFO  | i.z.t.d.l.EmbeddedDatabaseReporter   : JDBC URL to connect to 'dataSource': url='jdbc:h2:tcp://localhost:41063/mem:736625c0-cf5e-400d-aeaa-8a7eabd6262b;USER=sa', scope='ExamIntegrationTest#testGetExercisesWithPotentialPlagiarismAsTutor_forbidden'
    23:42:37.659 | 361 ool-1-worker-125 | DEBUG | d.t.c.a.a.c.s.f.ApiVersionFilter     : Adding Version to Request GET /api/courses/178/exams/59/exercises-with-potential-plagiarism
    23:42:37.660 | 361 ool-1-worker-125 | WARN  | o.z.p.spring.common.AdviceTraits     : Forbidden: Access Denied

  Starting logs for ExamIntegrationTest > testGetExamForImportWithExercises_noTutorAccess()
    23:42:37.684 | 361 ool-1-worker-125 | INFO  | i.z.t.d.l.EmbeddedDatabaseReporter   : JDBC URL to connect to 'dataSource': url='jdbc:h2:tcp://localhost:41063/mem:736625c0-cf5e-400d-aeaa-8a7eabd6262b;USER=sa', scope='ExamIntegrationTest#testGetExamForImportWithExercises_noTutorAccess'
    23:42:37.686 | 361 ool-1-worker-125 | DEBUG | d.t.c.a.a.c.s.f.ApiVersionFilter     : Adding Version to Request GET /api/exams/63
    23:42:37.688 | 361 ool-1-worker-125 | WARN  | o.z.p.spring.common.AdviceTraits     : Forbidden: Access Denied

  Starting logs for ExamIntegrationTest > testArchiveExamAsStudent_forbidden()
    23:42:37.706 | 361 ool-1-worker-125 | INFO  | i.z.t.d.l.EmbeddedDatabaseReporter   : JDBC URL to connect to 'dataSource': url='jdbc:h2:tcp://localhost:41063/mem:736625c0-cf5e-400d-aeaa-8a7eabd6262b;USER=sa', scope='ExamIntegrationTest#testArchiveExamAsStudent_forbidden'
    23:42:37.709 | 361 ool-1-worker-125 | DEBUG | d.t.c.a.a.c.s.f.ApiVersionFilter     : Adding Version to Request PUT /api/courses/178/exams/68/archive
    23:42:37.710 | 361 ool-1-worker-125 | WARN  | o.z.p.spring.common.AdviceTraits     : Forbidden: Access Denied

  Starting logs for ExamIntegrationTest > testGetExamForTestRunDashboard_ok()
    23:42:37.730 | 361 ool-1-worker-125 | INFO  | i.z.t.d.l.EmbeddedDatabaseReporter   : JDBC URL to connect to 'dataSource': url='jdbc:h2:tcp://localhost:41063/mem:736625c0-cf5e-400d-aeaa-8a7eabd6262b;USER=sa', scope='ExamIntegrationTest#testGetExamForTestRunDashboard_ok'
    23:42:37.756 | 361 ool-1-worker-125 | DEBUG | d.t.c.a.a.c.s.f.ApiVersionFilter     : Adding Version to Request GET /api/courses/178/exams/72/exam-for-test-run-assessment-dashboard
    23:42:37.757 | 361 ool-1-worker-125 | DEBUG | d.t.c.a.a.exam.web.ExamResource      : REST request /courses/{courseId}/exams/{examId}/exam-for-test-run-assessment-dashboard
    23:42:37.757 | 361 ool-1-worker-125 | DEBUG | d.t.c.a.a.exam.service.ExamService   : Request to get exam 72 with exercise groups (with details: false)

  Starting logs for ExamIntegrationTest > testCreateExam_asInstructor_returnsLocationHeader()
    23:42:37.781 | 361 ool-1-worker-125 | INFO  | i.z.t.d.l.EmbeddedDatabaseReporter   : JDBC URL to connect to 'dataSource': url='jdbc:h2:tcp://localhost:41063/mem:736625c0-cf5e-400d-aeaa-8a7eabd6262b;USER=sa', scope='ExamIntegrationTest#testCreateExam_asInstructor_returnsLocationHeader'
    23:42:37.783 | 361 ool-1-worker-125 | DEBUG | d.t.c.a.a.c.s.f.ApiVersionFilter     : Adding Version to Request POST /api/courses/178/exams
    23:42:37.787 | 361 ool-1-worker-125 | DEBUG | d.t.c.a.a.exam.web.ExamResource      : REST request to create an exam : de.tum.cit.aet.artemis.exam.domain.Exam@0
    23:42:37.800 | 361 ool-1-worker-125 | DEBUG | d.t.c.a.a.c.s.f.ApiVersionFilter     : Adding Version to Request GET /api/courses/178/exams/76
    23:42:37.802 | 361 ool-1-worker-125 | DEBUG | d.t.c.a.a.exam.web.ExamResource      : REST request to get exam : 76

  Starting logs for ExamIntegrationTest > testCreateExam_asInstructor_createsCourseMessagingChannel()
    23:42:37.828 | 361 ool-1-worker-125 | INFO  | i.z.t.d.l.EmbeddedDatabaseReporter   : JDBC URL to connect to 'dataSource': url='jdbc:h2:tcp://localhost:41063/mem:736625c0-cf5e-400d-aeaa-8a7eabd6262b;USER=sa', scope='ExamIntegrationTest#testCreateExam_asInstructor_createsCourseMessagingChannel'
    23:42:37.832 | 361 ool-1-worker-125 | DEBUG | d.t.c.a.a.c.s.f.ApiVersionFilter     : Adding Version to Request POST /api/courses/185/exams
    23:42:37.833 | 361 ool-1-worker-125 | DEBUG | d.t.c.a.a.exam.web.ExamResource      : REST request to create an exam : de.tum.cit.aet.artemis.exam.domain.Exam@0

  Starting logs for ExamIntegrationTest > testUpdateExam_failsWithoutCourse()
    23:42:37.872 | 361 ool-1-worker-125 | INFO  | i.z.t.d.l.EmbeddedDatabaseReporter   : JDBC URL to connect to 'dataSource': url='jdbc:h2:tcp://localhost:41063/mem:736625c0-cf5e-400d-aeaa-8a7eabd6262b;USER=sa', scope='ExamIntegrationTest#testUpdateExam_failsWithoutCourse'
    23:42:37.877 | 361 ool-1-worker-125 | DEBUG | d.t.c.a.a.c.s.f.ApiVersionFilter     : Adding Version to Request PUT /api/courses/178/exams
    23:42:37.878 | 361 ool-1-worker-125 | DEBUG | d.t.c.a.a.exam.web.ExamResource      : REST request to update an exam : de.tum.cit.aet.artemis.exam.domain.Exam@1
    23:42:37.878 | 361 ool-1-worker-125 | ERROR | tech.jhipster.web.util.HeaderUtil    : Entity processing failed, An exam has to belong to a course.
    23:42:37.879 | 361 ool-1-worker-125 | WARN  | o.z.p.spring.common.AdviceTraits     : Bad Request: An exam has to belong to a course.

  Starting logs for ExamIntegrationTest > testCourseAndExamAccessForInstructors_notInstructorInCourse_forbidden()
    23:42:37.916 | 361 ool-1-worker-125 | INFO  | i.z.t.d.l.EmbeddedDatabaseReporter   : JDBC URL to connect to 'dataSource': url='jdbc:h2:tcp://localhost:41063/mem:736625c0-cf5e-400d-aeaa-8a7eabd6262b;USER=sa', scope='ExamIntegrationTest#testCourseAndExamAccessForInstructors_notInstructorInCourse_forbidden'
    23:42:37.918 | 361 ool-1-worker-125 | DEBUG | d.t.c.a.a.c.s.f.ApiVersionFilter     : Adding Version to Request PUT /api/courses/178/exams
    23:42:37.922 | 361 ool-1-worker-125 | DEBUG | d.t.c.a.a.exam.web.ExamResource      : REST request to update an exam : de.tum.cit.aet.artemis.exam.domain.Exam@54
    23:42:37.926 | 361 ool-1-worker-125 | WARN  | o.z.p.spring.common.AdviceTraits     : Forbidden: You are not allowed to manage exams in this course!
    23:42:37.931 | 361 ool-1-worker-125 | DEBUG | d.t.c.a.a.c.s.f.ApiVersionFilter     : Adding Version to Request GET /api/courses/178/exams/84
    23:42:37.932 | 361 ool-1-worker-125 | DEBUG | d.t.c.a.a.exam.web.ExamResource      : REST request to get exam : 84
    23:42:37.937 | 361 ool-1-worker-125 | WARN  | o.z.p.spring.common.AdviceTraits     : Forbidden: You are not allowed to manage exams in this course!
    23:42:37.943 | 361 ool-1-worker-125 | DEBUG | d.t.c.a.a.c.s.f.ApiVersionFilter     : Adding Version to Request POST /api/courses/178/exams/84/students/examintstudent1
    23:42:37.944 | 361 ool-1-worker-125 | DEBUG | d.t.c.a.a.exam.web.ExamResource      : REST request to add examintstudent1 as student to exam : 84
    23:42:37.953 | 361 ool-1-worker-125 | WARN  | o.z.p.spring.common.AdviceTraits     : Forbidden: You are not allowed to manage exams in this course!
    23:42:37.956 | 361 ool-1-worker-125 | DEBUG | d.t.c.a.a.c.s.f.ApiVersionFilter     : Adding Version to Request POST /api/courses/178/exams/84/generate-student-exams
    23:42:37.957 | 361 ool-1-worker-125 | INFO  | d.t.c.a.a.exam.web.ExamResource      : REST request to generate student exams for exam 84
    23:42:37.968 | 361 ool-1-worker-125 | WARN  | o.z.p.spring.common.AdviceTraits     : Forbidden: You are not allowed to manage exams in this course!
    23:42:37.974 | 361 ool-1-worker-125 | DEBUG | d.t.c.a.a.c.s.f.ApiVersionFilter     : Adding Version to Request POST /api/courses/178/exams/84/generate-missing-student-exams
    23:42:37.978 | 361 ool-1-worker-125 | INFO  | d.t.c.a.a.exam.web.ExamResource      : REST request to generate missing student exams for exam 84
    23:42:37.986 | 361 ool-1-worker-125 | WARN  | o.z.p.spring.common.AdviceTraits     : Forbidden: You are not allowed to manage exams in this course!
    23:42:37.991 | 361 ool-1-worker-125 | DEBUG | d.t.c.a.a.c.s.f.ApiVersionFilter     : Adding Version to Request POST /api/courses/178/exams/84/student-exams/start-exercises
    23:42:37.997 | 361 ool-1-worker-125 | WARN  | o.z.p.spring.common.AdviceTraits     : Forbidden: You are not allowed to manage exams in this course!
    23:42:38.002 | 361 ool-1-worker-125 | DEBUG | d.t.c.a.a.c.s.f.ApiVersionFilter     : Adding Version to Request POST /api/courses/178/exams/84/unlock-all-repositories
    23:42:38.006 | 361 ool-1-worker-125 | INFO  | d.t.c.a.a.exam.web.ExamLockResource  : REST request to unlock all repositories of exam 84
    23:42:38.012 | 361 ool-1-worker-125 | WARN  | o.z.p.spring.common.AdviceTraits     : Forbidden: You are not allowed to manage exams in this course!
    23:42:38.018 | 361 ool-1-worker-125 | DEBUG | d.t.c.a.a.c.s.f.ApiVersionFilter     : Adding Version to Request POST /api/courses/178/exams/84/lock-all-repositories
    23:42:38.019 | 361 ool-1-worker-125 | INFO  | d.t.c.a.a.exam.web.ExamLockResource  : REST request to lock all repositories of exam 84
    23:42:38.024 | 361 ool-1-worker-125 | WARN  | o.z.p.spring.common.AdviceTraits     : Forbidden: You are not allowed to manage exams in this course!
    23:42:38.035 | 361 ool-1-worker-125 | DEBUG | d.t.c.a.a.c.s.f.ApiVersionFilter     : Adding Version to Request POST /api/courses/178/exams/84/students
    23:42:38.051 | 361 ool-1-worker-125 | DEBUG | d.t.c.a.a.exam.web.ExamResource      : REST request to add [ExamUserDTO[login=null, firstName=null, lastName=null, registrationNumber=null, email=null, studentIdentifier=null, room=null, seat=null, didCheckImage=false, didCheckName=false, didCheckRegistrationNumber=false, didCheckLogin=false, signingImagePath=null]] as students to exam 84
    23:42:38.058 | 361 ool-1-worker-125 | WARN  | o.z.p.spring.common.AdviceTraits     : Forbidden: You are not allowed to manage exams in this course!
    23:42:38.061 | 361 ool-1-worker-125 | DEBUG | d.t.c.a.a.c.s.f.ApiVersionFilter     : Adding Version to Request DELETE /api/courses/178/exams/84/students/examintstudent1
    23:42:38.062 | 361 ool-1-worker-125 | DEBUG | d.t.c.a.a.exam.web.ExamResource      : REST request to remove examintstudent1 as student from exam : 84
    23:42:38.070 | 361 ool-1-worker-125 | WARN  | o.z.p.spring.common.AdviceTraits     : Forbidden: You are not allowed to manage exams in this course!
    23:42:38.076 | 361 ool-1-worker-125 | DEBUG | d.t.c.a.a.c.s.f.ApiVersionFilter     : Adding Version to Request PUT /api/courses/178/exams/84/exercise-groups-order
    23:42:38.079 | 361 ool-1-worker-125 | DEBUG | d.t.c.a.a.exam.web.ExamResource      : REST request to update the order of exercise groups of exam : 84
    23:42:38.087 | 361 ool-1-worker-125 | WARN  | o.z.p.spring.common.AdviceTraits     : Forbidden: You are not allowed to manage exams in this course!
    23:42:38.091 | 361 ool-1-worker-125 | DEBUG | d.t.c.a.a.c.s.f.ApiVersionFilter     : Adding Version to Request GET /api/courses/178/exams/84/latest-end-date
    23:42:38.096 | 361 ool-1-worker-125 | DEBUG | d.t.c.a.a.exam.web.ExamResource      : REST request to get latest individual end date of exam : 84
    23:42:38.105 | 361 ool-1-worker-125 | WARN  | o.z.p.spring.common.AdviceTraits     : Forbidden: You are not allowed to access exams in this course!

  Starting logs for ExamIntegrationTest > testCreateExam_failsWithId()
    23:42:38.153 | 361 ool-1-worker-125 | INFO  | i.z.t.d.l.EmbeddedDatabaseReporter   : JDBC URL to connect to 'dataSource': url='jdbc:h2:tcp://localhost:41063/mem:736625c0-cf5e-400d-aeaa-8a7eabd6262b;USER=sa', scope='ExamIntegrationTest#testCreateExam_failsWithId'
    23:42:38.159 | 361 ool-1-worker-125 | DEBUG | d.t.c.a.a.c.s.f.ApiVersionFilter     : Adding Version to Request POST /api/courses/178/exams
    23:42:38.160 | 361 ool-1-worker-125 | DEBUG | d.t.c.a.a.exam.web.ExamResource      : REST request to create an exam : de.tum.cit.aet.artemis.exam.domain.Exam@37
    23:42:38.164 | 361 ool-1-worker-125 | ERROR | tech.jhipster.web.util.HeaderUtil    : Entity processing failed, A new exam cannot already have an ID
    23:42:38.164 | 361 ool-1-worker-125 | WARN  | o.z.p.spring.common.AdviceTraits     : Bad Request: A new exam cannot already have an ID

  Starting logs for ExamIntegrationTest > testGetSuspiciousSessionsAsTutor_forbidden()
    23:42:38.196 | 361 ool-1-worker-125 | INFO  | i.z.t.d.l.EmbeddedDatabaseReporter   : JDBC URL to connect to 'dataSource': url='jdbc:h2:tcp://localhost:41063/mem:736625c0-cf5e-400d-aeaa-8a7eabd6262b;USER=sa', scope='ExamIntegrationTest#testGetSuspiciousSessionsAsTutor_forbidden'
    23:42:38.199 | 361 ool-1-worker-125 | DEBUG | d.t.c.a.a.c.s.f.ApiVersionFilter     : Adding Version to Request GET /api/courses/178/exams/90/suspicious-sessions
    23:42:38.202 | 361 ool-1-worker-125 | WARN  | o.z.p.spring.common.AdviceTraits     : Forbidden: Access Denied

  Starting logs for ExamIntegrationTest > testGetCurrentAndUpcomingExamsForbiddenForInstructor()
    23:42:38.222 | 361 ool-1-worker-125 | INFO  | i.z.t.d.l.EmbeddedDatabaseReporter   : JDBC URL to connect to 'dataSource': url='jdbc:h2:tcp://localhost:41063/mem:736625c0-cf5e-400d-aeaa-8a7eabd6262b;USER=sa', scope='ExamIntegrationTest#testGetCurrentAndUpcomingExamsForbiddenForInstructor'
    23:42:38.224 | 361 ool-1-worker-125 | WARN  | o.z.p.spring.common.AdviceTraits     : Forbidden: Access Denied

  Starting logs for ExamIntegrationTest > testRetrieveOwnStudentExam_instructor()
    23:42:38.242 | 361 ool-1-worker-125 | INFO  | i.z.t.d.l.EmbeddedDatabaseReporter   : JDBC URL to connect to 'dataSource': url='jdbc:h2:tcp://localhost:41063/mem:736625c0-cf5e-400d-aeaa-8a7eabd6262b;USER=sa', scope='ExamIntegrationTest#testRetrieveOwnStudentExam_instructor'
    23:42:38.244 | 361 ool-1-worker-125 | DEBUG | d.t.c.a.a.c.s.f.ApiVersionFilter     : Adding Version to Request GET /api/courses/178/exams/96/own-student-exam
    23:42:38.245 | 361 ool-1-worker-125 | DEBUG | d.t.c.a.a.exam.web.ExamResource      : REST request to get exam 96 for conduction
    23:42:38.253 | 361 ool-1-worker-125 | WARN  | o.z.p.spring.common.AdviceTraits     : Forbidden: User is not registered for the exam. Cannot generate student exam.

  Starting logs for ExamIntegrationTest > testDeleteCourseWithMultipleTestRuns()
    23:42:38.273 | 361 ool-1-worker-125 | INFO  | i.z.t.d.l.EmbeddedDatabaseReporter   : JDBC URL to connect to 'dataSource': url='jdbc:h2:tcp://localhost:41063/mem:736625c0-cf5e-400d-aeaa-8a7eabd6262b;USER=sa', scope='ExamIntegrationTest#testDeleteCourseWithMultipleTestRuns'
    23:42:38.355 | 361 ool-1-worker-125 | DEBUG | d.t.c.a.a.c.s.f.ApiVersionFilter     : Adding Version to Request DELETE /api/admin/courses/186
    23:42:38.357 | 361 ool-1-worker-125 | INFO  | d.t.c.a.a.c.w.a.AdminCourseResource  : REST request to delete Course : 186
    23:42:38.368 | 361 ool-1-worker-125 | INFO  | d.t.c.a.a.c.w.a.AdminCourseResource  : User admin has requested to delete the course Course title e4515292-5276-4a7f-8ec3-281755ccd68f
    23:42:38.368 | 361 ool-1-worker-125 | DEBUG | d.t.c.a.a.core.service.CourseService : Request to delete Course : Course title e4515292-5276-4a7f-8ec3-281755ccd68f
    23:42:38.377 | 361 ool-1-worker-125 | INFO  | d.t.c.a.a.e.s.ExamDeletionService    : User admin has requested to delete the exam Real exam 1
    23:42:38.383 | 361 ool-1-worker-125 | INFO  | d.t.c.a.a.e.s.ExamDeletionService    : Request to delete Test Run 7
    23:42:38.388 | 361 ool-1-worker-125 | INFO  | d.t.c.a.a.e.s.ExamDeletionService    : Request to delete Test Run 8
    23:42:38.393 | 361 ool-1-worker-125 | INFO  | d.t.c.a.a.e.s.ParticipationService   : Request to delete Participation : StudentParticipation{id=496, presentationScore=null, student=User{login='examintinstructor1', firstName='examintinstructor1First', lastName='examintinstructor1Last', email='examintinstructor1@test.de', imageUrl='null', activated='true', langKey='en', activationKey='null'}}
    23:42:38.393 | 361 ool-1-worker-125 | DEBUG | d.t.c.a.a.e.s.ParticipationService   : Request to delete all results and submissions of participation with id : 496
    23:42:38.398 | 361 ool-1-worker-125 | INFO  | d.t.c.a.a.e.s.ParticipationService   : Request to delete Participation : StudentParticipation{id=497, presentationScore=null, student=User{login='examintinstructor1', firstName='examintinstructor1First', lastName='examintinstructor1Last', email='examintinstructor1@test.de', imageUrl='null', activated='true', langKey='en', activationKey='null'}}
    23:42:38.398 | 361 ool-1-worker-125 | DEBUG | d.t.c.a.a.e.s.ParticipationService   : Request to delete all results and submissions of participation with id : 497
    23:42:38.402 | 361 ool-1-worker-125 | INFO  | d.t.c.a.a.e.s.ExamDeletionService    : Request to delete Test Run 9
    23:42:38.408 | 361 ool-1-worker-125 | INFO  | .t.c.a.a.e.s.ExerciseDeletionService : Request to delete TextExercise with id 300
    23:42:38.408 | 361 ool-1-worker-125 | INFO  | .t.c.a.a.e.s.ExerciseDeletionService : Deleting the channel took 361µs
    23:42:38.408 | 361 ool-1-worker-125 | INFO  | .t.c.a.a.e.s.ExerciseDeletionService : Cancel scheduled operations of exercise 300
    23:42:38.409 | 361 ool-1-worker-125 | INFO  | .c.s.m.InstanceMessageReceiveService : Received schedule cancel for potential Athena exercise 300
    23:42:38.410 | 361 ool-1-worker-125 | INFO  | d.t.c.a.a.e.s.ParticipationService   : Request to delete all 2 participations of exercise with id : 300
    23:42:38.414 | 361 ool-1-worker-125 | INFO  | d.t.c.a.a.e.s.ParticipationService   : Request to delete Participation : StudentParticipation{id=498, presentationScore=null, student=User{login='examintinstructor1', firstName='examintinstructor1First', lastName='examintinstructor1Last', email='examintinstructor1@test.de', imageUrl='null', activated='true', langKey='en', activationKey='null'}}
    23:42:38.414 | 361 ool-1-worker-125 | DEBUG | d.t.c.a.a.e.s.ParticipationService   : Request to delete all results and submissions of participation with id : 498
    23:42:38.424 | 361 ool-1-worker-125 | INFO  | d.t.c.a.a.e.s.ParticipationService   : Request to delete Participation : StudentParticipation{id=500, presentationScore=null, student=User{login='examintinstructor1', firstName='examintinstructor1First', lastName='examintinstructor1Last', email='examintinstructor1@test.de', imageUrl='null', activated='true', langKey='en', activationKey='null'}}
    23:42:38.424 | 361 ool-1-worker-125 | DEBUG | d.t.c.a.a.e.s.ParticipationService   : Request to delete all results and submissions of participation with id : 500
    23:42:38.442 | 361 ool-1-worker-125 | INFO  | .c.a.a.c.s.TitleCacheEvictionService : Evicted entry '300' from title cache 'exerciseTitle'
    23:42:38.444 | 361 ool-1-worker-125 | INFO  | .t.c.a.a.e.s.ExerciseDeletionService : Request to delete TextExercise with id 301
    23:42:38.444 | 361 ool-1-worker-125 | INFO  | .t.c.a.a.e.s.ExerciseDeletionService : Deleting the channel took 349µs
    23:42:38.444 | 361 ool-1-worker-125 | INFO  | .t.c.a.a.e.s.ExerciseDeletionService : Cancel scheduled operations of exercise 301
    23:42:38.444 | 361 ool-1-worker-125 | INFO  | .c.s.m.InstanceMessageReceiveService : Received schedule cancel for potential Athena exercise 301
    23:42:38.445 | 361 ool-1-worker-125 | INFO  | d.t.c.a.a.e.s.ParticipationService   : Request to delete all 0 participations of exercise with id : 301
    23:42:38.454 | 361 ool-1-worker-125 | INFO  | .c.a.a.c.s.TitleCacheEvictionService : Evicted entry '301' from title cache 'exerciseTitle'
    23:42:38.456 | 361 ool-1-worker-125 | INFO  | .t.c.a.a.e.s.ExerciseDeletionService : Request to delete ModelingExercise with id 302
    23:42:38.456 | 361 ool-1-worker-125 | INFO  | .t.c.a.a.e.s.ExerciseDeletionService : Deleting the channel took 323µs
    23:42:38.456 | 361 ool-1-worker-125 | INFO  | .t.c.a.a.e.s.ExerciseDeletionService : Deleting clusters, elements and cancel scheduled operations of exercise 302
    23:42:38.457 | 361 ool-1-worker-125 | INFO  | .c.s.m.InstanceMessageReceiveService : Received schedule cancel for modeling exercise 302
    23:42:38.458 | 361 ool-1-worker-125 | INFO  | d.t.c.a.a.e.s.ParticipationService   : Request to delete all 2 participations of exercise with id : 302
    23:42:38.459 | 361 ool-1-worker-125 | INFO  | d.t.c.a.a.e.s.ParticipationService   : Request to delete Participation : StudentParticipation{id=499, presentationScore=null, student=User{login='examintinstructor1', firstName='examintinstructor1First', lastName='examintinstructor1Last', email='examintinstructor1@test.de', imageUrl='null', activated='true', langKey='en', activationKey='null'}}
    23:42:38.459 | 361 ool-1-worker-125 | DEBUG | d.t.c.a.a.e.s.ParticipationService   : Request to delete all results and submissions of participation with id : 499
    23:42:38.463 | 361 ool-1-worker-125 | INFO  | d.t.c.a.a.e.s.ParticipationService   : Request to delete Participation : StudentParticipation{id=501, presentationScore=null, student=User{login='examintinstructor1', firstName='examintinstructor1First', lastName='examintinstructor1Last', email='examintinstructor1@test.de', imageUrl='null', activated='true', langKey='en', activationKey='null'}}
    23:42:38.463 | 361 ool-1-worker-125 | DEBUG | d.t.c.a.a.e.s.ParticipationService   : Request to delete all results and submissions of participation with id : 501
    23:42:38.476 | 361 ool-1-worker-125 | INFO  | .c.a.a.c.s.TitleCacheEvictionService : Evicted entry '302' from title cache 'exerciseTitle'
    23:42:38.477 | 361 ool-1-worker-125 | INFO  | .t.c.a.a.e.s.ExerciseDeletionService : Request to delete ModelingExercise with id 303
    23:42:38.478 | 361 ool-1-worker-125 | INFO  | .t.c.a.a.e.s.ExerciseDeletionService : Deleting the channel took 360µs
    23:42:38.478 | 361 ool-1-worker-125 | INFO  | .t.c.a.a.e.s.ExerciseDeletionService : Deleting clusters, elements and cancel scheduled operations of exercise 303
    23:42:38.478 | 361 ool-1-worker-125 | INFO  | .c.s.m.InstanceMessageReceiveService : Received schedule cancel for modeling exercise 303
    23:42:38.479 | 361 ool-1-worker-125 | INFO  | d.t.c.a.a.e.s.ParticipationService   : Request to delete all 0 participations of exercise with id : 303
    23:42:38.492 | 361 ool-1-worker-125 | INFO  | .c.a.a.c.s.TitleCacheEvictionService : Evicted entry '303' from title cache 'exerciseTitle'
    23:42:38.494 | 361 ool-1-worker-125 | WARN  | .c.a.a.c.s.TitleCacheEvictionService : Unable to clear title of exercises from exercise group 77: Exercises not initialized
    23:42:38.494 | 361 ool-1-worker-125 | WARN  | .c.a.a.c.s.TitleCacheEvictionService : Unable to clear title of exercises from exercise group 78: Exercises not initialized
    23:42:38.498 | 361 ool-1-worker-125 | INFO  | .c.a.a.c.s.TitleCacheEvictionService : Evicted entry '102' from title cache 'examTitle'
    23:42:38.515 | 361 ool-1-worker-125 | INFO  | .c.a.a.c.s.TitleCacheEvictionService : Evicted entry '186' from title cache 'courseTitle'
    23:42:38.518 | 361 ool-1-worker-125 | DEBUG | d.t.c.a.a.core.service.CourseService : Successfully deleted course Course title e4515292-5276-4a7f-8ec3-281755ccd68f.

  Starting logs for ExamIntegrationTest > testDeleteExamWithChannel()
    23:42:38.554 | 361 ool-1-worker-125 | INFO  | i.z.t.d.l.EmbeddedDatabaseReporter   : JDBC URL to connect to 'dataSource': url='jdbc:h2:tcp://localhost:41063/mem:736625c0-cf5e-400d-aeaa-8a7eabd6262b;USER=sa', scope='ExamIntegrationTest#testDeleteExamWithChannel'
    23:42:38.556 | 361 ool-1-worker-125 | DEBUG | d.t.c.a.a.c.s.f.ApiVersionFilter     : Adding Version to Request DELETE /api/courses/178/exams/106
    23:42:38.560 | 361 ool-1-worker-125 | INFO  | d.t.c.a.a.exam.web.ExamResource      : REST request to delete exam : 106
    23:42:38.567 | 361 ool-1-worker-125 | INFO  | d.t.c.a.a.e.s.ExamDeletionService    : User examintinstructor1 has requested to delete the exam Real exam 1
    23:42:38.588 | 361 ool-1-worker-125 | INFO  | .c.a.a.c.s.TitleCacheEvictionService : Evicted entry '106' from title cache 'examTitle'

  Starting logs for ExamIntegrationTest > testComparingForOtherCriterionThanGivenNoFalsePositives(boolean, boolean, boolean, boolean) [1] sameIpDifferentExams=true, sameFingerprintDifferentExams=true, differentIpSameExam=false, differentFingerprintSameExam=false
    23:42:38.608 | 361 ool-1-worker-125 | INFO  | i.z.t.d.l.EmbeddedDatabaseReporter   : JDBC URL to connect to 'dataSource': url='jdbc:h2:tcp://localhost:41063/mem:736625c0-cf5e-400d-aeaa-8a7eabd6262b;USER=sa', scope='ExamIntegrationTest#testComparingForOtherCriterionThanGivenNoFalsePositives'
    23:42:38.642 | 361 ool-1-worker-125 | DEBUG | d.t.c.a.a.c.s.f.ApiVersionFilter     : Adding Version to Request GET /api/courses/178/exams/107/suspicious-sessions
    23:42:38.643 | 361 ool-1-worker-125 | DEBUG | d.t.c.a.a.exam.web.ExamResource      : REST request to get all exam sessions that are suspicious for exam : 107

  Starting logs for ExamIntegrationTest > testComparingForOtherCriterionThanGivenNoFalsePositives(boolean, boolean, boolean, boolean) [2] sameIpDifferentExams=false, sameFingerprintDifferentExams=true, differentIpSameExam=false, differentFingerprintSameExam=false
    23:42:38.689 | 361 ool-1-worker-125 | INFO  | i.z.t.d.l.EmbeddedDatabaseReporter   : JDBC URL to connect to 'dataSource': url='jdbc:h2:tcp://localhost:41063/mem:736625c0-cf5e-400d-aeaa-8a7eabd6262b;USER=sa', scope='ExamIntegrationTest#testComparingForOtherCriterionThanGivenNoFalsePositives'
    23:42:38.714 | 361 ool-1-worker-125 | DEBUG | d.t.c.a.a.c.s.f.ApiVersionFilter     : Adding Version to Request GET /api/courses/178/exams/110/suspicious-sessions
    23:42:38.715 | 361 ool-1-worker-125 | DEBUG | d.t.c.a.a.exam.web.ExamResource      : REST request to get all exam sessions that are suspicious for exam : 110

  Starting logs for ExamIntegrationTest > testComparingForOtherCriterionThanGivenNoFalsePositives(boolean, boolean, boolean, boolean) [3] sameIpDifferentExams=true, sameFingerprintDifferentExams=false, differentIpSameExam=false, differentFingerprintSameExam=false
    23:42:38.759 | 361 ool-1-worker-125 | INFO  | i.z.t.d.l.EmbeddedDatabaseReporter   : JDBC URL to connect to 'dataSource': url='jdbc:h2:tcp://localhost:41063/mem:736625c0-cf5e-400d-aeaa-8a7eabd6262b;USER=sa', scope='ExamIntegrationTest#testComparingForOtherCriterionThanGivenNoFalsePositives'
    23:42:38.817 | 361 ool-1-worker-125 | DEBUG | d.t.c.a.a.c.s.f.ApiVersionFilter     : Adding Version to Request GET /api/courses/178/exams/113/suspicious-sessions
    23:42:38.818 | 361 ool-1-worker-125 | DEBUG | d.t.c.a.a.exam.web.ExamResource      : REST request to get all exam sessions that are suspicious for exam : 113

  Starting logs for ExamIntegrationTest > testComparingForOtherCriterionThanGivenNoFalsePositives(boolean, boolean, boolean, boolean) [4] sameIpDifferentExams=false, sameFingerprintDifferentExams=false, differentIpSameExam=true, differentFingerprintSameExam=false
    23:42:38.852 | 361 ool-1-worker-125 | INFO  | i.z.t.d.l.EmbeddedDatabaseReporter   : JDBC URL to connect to 'dataSource': url='jdbc:h2:tcp://localhost:41063/mem:736625c0-cf5e-400d-aeaa-8a7eabd6262b;USER=sa', scope='ExamIntegrationTest#testComparingForOtherCriterionThanGivenNoFalsePositives'
    23:42:38.928 | 361 ool-1-worker-125 | DEBUG | d.t.c.a.a.c.s.f.ApiVersionFilter     : Adding Version to Request GET /api/courses/178/exams/116/suspicious-sessions
    23:42:38.930 | 361 ool-1-worker-125 | DEBUG | d.t.c.a.a.exam.web.ExamResource      : REST request to get all exam sessions that are suspicious for exam : 116

  Starting logs for ExamIntegrationTest > testComparingForOtherCriterionThanGivenNoFalsePositives(boolean, boolean, boolean, boolean) [5] sameIpDifferentExams=false, sameFingerprintDifferentExams=false, differentIpSameExam=false, differentFingerprintSameExam=true
    23:42:38.956 | 361 ool-1-worker-125 | INFO  | i.z.t.d.l.EmbeddedDatabaseReporter   : JDBC URL to connect to 'dataSource': url='jdbc:h2:tcp://localhost:41063/mem:736625c0-cf5e-400d-aeaa-8a7eabd6262b;USER=sa', scope='ExamIntegrationTest#testComparingForOtherCriterionThanGivenNoFalsePositives'
    23:42:38.989 | 361 ool-1-worker-125 | DEBUG | d.t.c.a.a.c.s.f.ApiVersionFilter     : Adding Version to Request GET /api/courses/178/exams/119/suspicious-sessions
    23:42:38.990 | 361 ool-1-worker-125 | DEBUG | d.t.c.a.a.exam.web.ExamResource      : REST request to get all exam sessions that are suspicious for exam : 119

  Starting logs for ExamIntegrationTest > testComparingForOtherCriterionThanGivenNoFalsePositives(boolean, boolean, boolean, boolean) [6] sameIpDifferentExams=false, sameFingerprintDifferentExams=false, differentIpSameExam=true, differentFingerprintSameExam=true
    23:42:39.014 | 361 ool-1-worker-125 | INFO  | i.z.t.d.l.EmbeddedDatabaseReporter   : JDBC URL to connect to 'dataSource': url='jdbc:h2:tcp://localhost:41063/mem:736625c0-cf5e-400d-aeaa-8a7eabd6262b;USER=sa', scope='ExamIntegrationTest#testComparingForOtherCriterionThanGivenNoFalsePositives'
    23:42:39.039 | 361 ool-1-worker-125 | DEBUG | d.t.c.a.a.c.s.f.ApiVersionFilter     : Adding Version to Request GET /api/courses/178/exams/122/suspicious-sessions
    23:42:39.040 | 361 ool-1-worker-125 | DEBUG | d.t.c.a.a.exam.web.ExamResource      : REST request to get all exam sessions that are suspicious for exam : 122

  Starting logs for ExamIntegrationTest > testDeleteExamWithQuizPool()
    23:42:39.064 | 361 ool-1-worker-125 | INFO  | i.z.t.d.l.EmbeddedDatabaseReporter   : JDBC URL to connect to 'dataSource': url='jdbc:h2:tcp://localhost:41063/mem:736625c0-cf5e-400d-aeaa-8a7eabd6262b;USER=sa', scope='ExamIntegrationTest#testDeleteExamWithQuizPool'
    23:42:39.066 | 361 ool-1-worker-125 | DEBUG | d.t.c.a.a.c.s.f.ApiVersionFilter     : Adding Version to Request DELETE /api/courses/178/exams/128
    23:42:39.067 | 361 ool-1-worker-125 | INFO  | d.t.c.a.a.exam.web.ExamResource      : REST request to delete exam : 128
    23:42:39.241 | 361 ool-1-worker-125 | INFO  | d.t.c.a.a.e.s.ExamDeletionService    : User examintinstructor1 has requested to delete the exam Real exam 1
    23:42:39.248 | 361 ool-1-worker-125 | INFO  | .c.a.a.c.s.TitleCacheEvictionService : Evicted entry '128' from title cache 'examTitle'

  Starting logs for ExamIntegrationTest > testRetrieveOwnStudentExam_noStudentExam()
    23:42:39.269 | 361 ool-1-worker-125 | INFO  | i.z.t.d.l.EmbeddedDatabaseReporter   : JDBC URL to connect to 'dataSource': url='jdbc:h2:tcp://localhost:41063/mem:736625c0-cf5e-400d-aeaa-8a7eabd6262b;USER=sa', scope='ExamIntegrationTest#testRetrieveOwnStudentExam_noStudentExam'
    23:42:39.273 | 361 ool-1-worker-125 | DEBUG | d.t.c.a.a.c.s.f.ApiVersionFilter     : Adding Version to Request GET /api/courses/178/exams/129/own-student-exam
    23:42:39.274 | 361 ool-1-worker-125 | DEBUG | d.t.c.a.a.exam.web.ExamResource      : REST request to get exam 129 for conduction
    23:42:39.280 | 361 ool-1-worker-125 | WARN  | o.z.p.spring.common.AdviceTraits     : Forbidden: User is not registered for the exam. Cannot generate student exam.

  Starting logs for ExamIntegrationTest > testDeleteExamThatDoesNotExist()
    23:42:39.465 | 361 ool-1-worker-125 | INFO  | i.z.t.d.l.EmbeddedDatabaseReporter   : JDBC URL to connect to 'dataSource': url='jdbc:h2:tcp://localhost:41063/mem:736625c0-cf5e-400d-aeaa-8a7eabd6262b;USER=sa', scope='ExamIntegrationTest#testDeleteExamThatDoesNotExist'
    23:42:39.468 | 361 ool-1-worker-125 | DEBUG | d.t.c.a.a.c.s.f.ApiVersionFilter     : Adding Version to Request DELETE /api/courses/179/exams/654555
    23:42:39.471 | 361 ool-1-worker-125 | INFO  | d.t.c.a.a.exam.web.ExamResource      : REST request to delete exam : 654555
    23:42:39.476 | 361 ool-1-worker-125 | WARN  | o.z.p.spring.common.AdviceTraits     : Not Found: Exam with identifier: "654555" does not exist

  Starting logs for ExamIntegrationTest > testDownloadExamArchiveAsInstructor()
    23:42:39.574 | 361 ool-1-worker-125 | INFO  | i.z.t.d.l.EmbeddedDatabaseReporter   : JDBC URL to connect to 'dataSource': url='jdbc:h2:tcp://localhost:41063/mem:736625c0-cf5e-400d-aeaa-8a7eabd6262b;USER=sa', scope='ExamIntegrationTest#testDownloadExamArchiveAsInstructor'
    23:42:39.639 | 361 ool-1-worker-125 | DEBUG | d.t.c.a.a.c.s.f.ApiVersionFilter     : Adding Version to Request PUT /api/courses/187/exams/139/archive
    23:42:39.647 | 361 ool-1-worker-125 | INFO  | d.t.c.a.a.exam.web.ExamResource      : REST request to archive exam : 139
    23:42:39.652 |  68 artemis-task-1   | INFO  | d.t.c.a.a.exam.service.ExamService   : Created the exam archives directory at exports/server-integration-test/courses because it didn't exist.
    23:42:39.661 |  68 artemis-task-1   | INFO  | .c.a.a.c.s.e.CourseExamExportService : Exporting file-upload exercise 570f94ec-cb07-43fe-a4c9-915b11b4c483 with id 304 
    23:42:39.667 |  68 artemis-task-1   | DEBUG | ExerciseWithSubmissionsExportService : Found embedded files: [] 
    23:42:39.667 |  68 artemis-task-1   | DEBUG | ExerciseWithSubmissionsExportService : Found embedded files: [] 
    23:42:39.680 |  68 artemis-task-1   | INFO  | .c.a.a.c.s.e.CourseExamExportService : Exporting text exercise 0622aa9b-2a1d-418a-b147-6669c1d88576 with id 305 
    23:42:39.681 |  68 artemis-task-1   | DEBUG | ExerciseWithSubmissionsExportService : Found embedded files: [] 
    23:42:39.681 |  68 artemis-task-1   | DEBUG | ExerciseWithSubmissionsExportService : Found embedded files: [] 
    23:42:39.684 |  68 artemis-task-1   | INFO  | .c.a.a.c.s.e.CourseExamExportService : Exporting modeling exercise 78f515ac-a866-41d2-b362-39e7d9cfcd65 with id 306 
    23:42:39.685 |  68 artemis-task-1   | DEBUG | ExerciseWithSubmissionsExportService : Found embedded files: [] 
    23:42:39.685 |  68 artemis-task-1   | DEBUG | ExerciseWithSubmissionsExportService : Found embedded files: [] 
    23:42:39.770 |  68 artemis-task-1   | INFO  | .c.a.a.c.s.e.CourseExamExportService : Successfully created zip file: exports/server-integration-test/courses/139-Real_exam_1-20250214-234239.zip
    23:42:39.770 |  68 artemis-task-1   | INFO  | .c.a.a.c.s.e.CourseExamExportService : Successfully exported exam 139. The zip file is located at: exports/server-integration-test/courses/139-Real_exam_1-20250214-234239.zip
    23:42:39.773 |  68 artemis-task-1   | INFO  | d.t.c.a.a.exam.service.ExamService   : archive exam took 123.34ms
    23:42:39.962 | 361 ool-1-worker-125 | DEBUG | d.t.c.a.a.c.s.f.ApiVersionFilter     : Adding Version to Request GET /api/courses/187/exams/139/download-archive
    23:42:39.964 | 361 ool-1-worker-125 | INFO  | d.t.c.a.a.exam.web.ExamResource      : REST request to download archive of exam : 139

  Starting logs for ExamIntegrationTest > testImportExamWithExercises_successfulWithImportToOtherCourse()
    23:42:39.993 | 361 ool-1-worker-125 | INFO  | i.z.t.d.l.EmbeddedDatabaseReporter   : JDBC URL to connect to 'dataSource': url='jdbc:h2:tcp://localhost:41063/mem:736625c0-cf5e-400d-aeaa-8a7eabd6262b;USER=sa', scope='ExamIntegrationTest#testImportExamWithExercises_successfulWithImportToOtherCourse'
    23:42:40.008 | 361 ool-1-worker-125 | DEBUG | d.t.c.a.a.c.s.f.ApiVersionFilter     : Adding Version to Request POST /api/courses/178/exam-import
    23:42:40.017 | 361 ool-1-worker-125 | DEBUG | d.t.c.a.a.exam.web.ExamResource      : REST request to import an exam : de.tum.cit.aet.artemis.exam.domain.Exam@0
    23:42:40.032 | 361 ool-1-worker-125 | DEBUG | .a.m.s.ModelingExerciseImportService : Creating a new Exercise based on exercise 307
    23:42:40.032 | 361 ool-1-worker-125 | DEBUG | .a.m.s.ModelingExerciseImportService : Copying the exercise basis from ModelingExercise{id=307, maxPoints='5.0', diagramType='ClassDiagram', exampleSolutionModel='This is my example solution model', exampleSolutionExplanation='This is my example solution model'}
    23:42:40.034 | 361 ool-1-worker-125 | DEBUG | .a.m.s.ModelingExerciseImportService : Copying the ExampleSubmissions to new Exercise: ModelingExercise{id=311, maxPoints='5.0', diagramType='ClassDiagram', exampleSolutionModel='This is my example solution model', exampleSolutionExplanation='This is my example solution model'}
    23:42:40.038 | 361 ool-1-worker-125 | DEBUG | .c.a.a.t.s.TextExerciseImportService : Creating a new Exercise based on exercise TextExercise{id=308, exampleSolution='This is my example solution'}
    23:42:40.038 | 361 ool-1-worker-125 | DEBUG | .c.a.a.t.s.TextExerciseImportService : Copying the exercise basis from TextExercise{id=308, exampleSolution='This is my example solution'}
    23:42:40.040 | 361 ool-1-worker-125 | DEBUG | .c.a.a.t.s.TextExerciseImportService : Copying the ExampleSubmissions to new Exercise: TextExercise{id=312, exampleSolution='This is my example solution'}
    23:42:40.042 | 361 ool-1-worker-125 | DEBUG | .f.s.FileUploadExerciseImportService : Creating a new Exercise based on exercise FileUploadExercise{id=309}
    23:42:40.042 | 361 ool-1-worker-125 | DEBUG | .f.s.FileUploadExerciseImportService : Copying the exercise basis from FileUploadExercise{id=309}
    23:42:40.045 | 361 ool-1-worker-125 | DEBUG | .c.a.a.q.s.QuizExerciseImportService : Creating a new Exercise based on exercise QuizExercise{id=310, title='00a4458d-c14e-4822-8c9c-9aa2c966c3cf', randomizeQuestionOrder='true', allowedNumberOfAttempts='1', isOpenForPractice='false', releaseDate='null', duration='10', dueDate='null'}
    23:42:40.045 | 361 ool-1-worker-125 | DEBUG | .c.a.a.q.s.QuizExerciseImportService : Copying the exercise basis from QuizExercise{id=310, title='00a4458d-c14e-4822-8c9c-9aa2c966c3cf', randomizeQuestionOrder='true', allowedNumberOfAttempts='1', isOpenForPractice='false', releaseDate='null', duration='10', dueDate='null'}
    23:42:40.046 | 361 ool-1-worker-125 | DEBUG | .c.a.a.q.s.QuizExerciseImportService : Copying the QuizQuestions to new QuizExercise: QuizExercise{id=null, title='00a4458d-c14e-4822-8c9c-9aa2c966c3cf', randomizeQuestionOrder='true', allowedNumberOfAttempts='1', isOpenForPractice='false', releaseDate='null', duration='10', dueDate='null'}
    23:42:40.046 | 361 ool-1-worker-125 | DEBUG | .c.a.a.q.s.QuizExerciseImportService : Copying the QuizBatches to new QuizExercise: QuizExercise{id=null, title='00a4458d-c14e-4822-8c9c-9aa2c966c3cf', randomizeQuestionOrder='true', allowedNumberOfAttempts='1', isOpenForPractice='false', releaseDate='null', duration='10', dueDate='null'}
    23:42:40.047 | 361 ool-1-worker-125 | DEBUG | d.t.c.a.a.q.s.QuizExerciseService    : Save quiz exercise to database: QuizExercise{id=null, title='00a4458d-c14e-4822-8c9c-9aa2c966c3cf', randomizeQuestionOrder='true', allowedNumberOfAttempts='1', isOpenForPractice='false', releaseDate='null', duration='10', dueDate='null'}

  Starting logs for ExamIntegrationTest > testUpdateExam_failsWithExamIdMismatch()
    23:42:40.078 | 361 ool-1-worker-125 | INFO  | i.z.t.d.l.EmbeddedDatabaseReporter   : JDBC URL to connect to 'dataSource': url='jdbc:h2:tcp://localhost:41063/mem:736625c0-cf5e-400d-aeaa-8a7eabd6262b;USER=sa', scope='ExamIntegrationTest#testUpdateExam_failsWithExamIdMismatch'
    23:42:40.081 | 361 ool-1-worker-125 | DEBUG | d.t.c.a.a.c.s.f.ApiVersionFilter     : Adding Version to Request PUT /api/courses/179/exams
    23:42:40.082 | 361 ool-1-worker-125 | DEBUG | d.t.c.a.a.exam.web.ExamResource      : REST request to update an exam : de.tum.cit.aet.artemis.exam.domain.Exam@1
    23:42:40.082 | 361 ool-1-worker-125 | ERROR | tech.jhipster.web.util.HeaderUtil    : Entity processing failed, The course id does not match the id of the course connected to the exam.
    23:42:40.082 | 361 ool-1-worker-125 | WARN  | o.z.p.spring.common.AdviceTraits     : Bad Request: The course id does not match the id of the course connected to the exam.

  Starting logs for ExamIntegrationTest > testImportExamWithExercises_failsWithPointConflict()
    23:42:40.101 | 361 ool-1-worker-125 | INFO  | i.z.t.d.l.EmbeddedDatabaseReporter   : JDBC URL to connect to 'dataSource': url='jdbc:h2:tcp://localhost:41063/mem:736625c0-cf5e-400d-aeaa-8a7eabd6262b;USER=sa', scope='ExamIntegrationTest#testImportExamWithExercises_failsWithPointConflict'
    23:42:40.103 | 361 ool-1-worker-125 | DEBUG | d.t.c.a.a.c.s.f.ApiVersionFilter     : Adding Version to Request POST /api/courses/178/exam-import
    23:42:40.107 | 361 ool-1-worker-125 | DEBUG | d.t.c.a.a.exam.web.ExamResource      : REST request to import an exam : de.tum.cit.aet.artemis.exam.domain.Exam@0
    23:42:40.109 | 361 ool-1-worker-125 | ERROR | tech.jhipster.web.util.HeaderUtil    : Entity processing failed, An exam cannot have negative points.
    23:42:40.109 | 361 ool-1-worker-125 | WARN  | o.z.p.spring.common.AdviceTraits     : Bad Request: An exam cannot have negative points.

  Starting logs for ExamIntegrationTest > testGetExamWithOptions()
    23:42:40.147 | 361 ool-1-worker-125 | INFO  | i.z.t.d.l.EmbeddedDatabaseReporter   : JDBC URL to connect to 'dataSource': url='jdbc:h2:tcp://localhost:41063/mem:736625c0-cf5e-400d-aeaa-8a7eabd6262b;USER=sa', scope='ExamIntegrationTest#testGetExamWithOptions'
    23:42:40.212 | 361 ool-1-worker-125 | DEBUG | d.t.c.a.a.c.s.f.ApiVersionFilter     : Adding Version to Request GET /api/courses/188/exams/154
    23:42:40.213 | 361 ool-1-worker-125 | DEBUG | d.t.c.a.a.exam.web.ExamResource      : REST request to get exam : 154
    23:42:40.218 | 361 ool-1-worker-125 | DEBUG | d.t.c.a.a.c.s.f.ApiVersionFilter     : Adding Version to Request GET /api/courses/188/exams/154
    23:42:40.219 | 361 ool-1-worker-125 | DEBUG | d.t.c.a.a.exam.web.ExamResource      : REST request to get exam : 154
    23:42:40.226 | 361 ool-1-worker-125 | DEBUG | d.t.c.a.a.c.s.f.ApiVersionFilter     : Adding Version to Request GET /api/courses/188/exams/154
    23:42:40.228 | 361 ool-1-worker-125 | DEBUG | d.t.c.a.a.exam.web.ExamResource      : REST request to get exam : 154
    23:42:40.251 | 361 ool-1-worker-125 | DEBUG | d.t.c.a.a.c.s.f.ApiVersionFilter     : Adding Version to Request GET /api/courses/188/exams/154
    23:42:40.252 | 361 ool-1-worker-125 | DEBUG | d.t.c.a.a.exam.web.ExamResource      : REST request to get exam : 154
    23:42:40.255 | 361 ool-1-worker-125 | DEBUG | d.t.c.a.a.exam.service.ExamService   : Request to get exam 154 with exercise groups (with details: true)

  Starting logs for ExamIntegrationTest > testGetExamForExamAssessmentDashboard_asStudent_forbidden()
    23:42:40.327 | 361 ool-1-worker-125 | INFO  | i.z.t.d.l.EmbeddedDatabaseReporter   : JDBC URL to connect to 'dataSource': url='jdbc:h2:tcp://localhost:41063/mem:736625c0-cf5e-400d-aeaa-8a7eabd6262b;USER=sa', scope='ExamIntegrationTest#testGetExamForExamAssessmentDashboard_asStudent_forbidden'
    23:42:40.329 | 361 ool-1-worker-125 | DEBUG | d.t.c.a.a.c.s.f.ApiVersionFilter     : Adding Version to Request GET /api/courses/178/exams/155/exam-for-assessment-dashboard
    23:42:40.331 | 361 ool-1-worker-125 | WARN  | o.z.p.spring.common.AdviceTraits     : Forbidden: Access Denied

  Starting logs for ExamIntegrationTest > testGetCurrentAndUpcomingExams()
    23:42:40.353 | 361 ool-1-worker-125 | INFO  | i.z.t.d.l.EmbeddedDatabaseReporter   : JDBC URL to connect to 'dataSource': url='jdbc:h2:tcp://localhost:41063/mem:736625c0-cf5e-400d-aeaa-8a7eabd6262b;USER=sa', scope='ExamIntegrationTest#testGetCurrentAndUpcomingExams'
    23:42:40.354 | 361 ool-1-worker-125 | DEBUG | d.t.c.a.a.c.s.f.ApiVersionFilter     : Adding Version to Request GET /api/admin/courses/upcoming-exams
    23:42:40.355 | 361 ool-1-worker-125 | DEBUG | d.t.c.a.a.e.w.a.AdminExamResource    : REST request to get all upcoming exams

  Starting logs for ExamIntegrationTest > testGetExamTitleAsTeachingAssistant()
    23:42:40.424 | 361 ool-1-worker-125 | INFO  | i.z.t.d.l.EmbeddedDatabaseReporter   : JDBC URL to connect to 'dataSource': url='jdbc:h2:tcp://localhost:41063/mem:736625c0-cf5e-400d-aeaa-8a7eabd6262b;USER=sa', scope='ExamIntegrationTest#testGetExamTitleAsTeachingAssistant'
    23:42:40.427 | 361 ool-1-worker-125 | DEBUG | d.t.c.a.a.c.s.f.ApiVersionFilter     : Adding Version to Request GET /api/exams/164/title

  Starting logs for ExamIntegrationTest > testGetSuspiciousSessionsAsInstructorNotInCourse_forbidden()
    23:42:40.447 | 361 ool-1-worker-125 | INFO  | i.z.t.d.l.EmbeddedDatabaseReporter   : JDBC URL to connect to 'dataSource': url='jdbc:h2:tcp://localhost:41063/mem:736625c0-cf5e-400d-aeaa-8a7eabd6262b;USER=sa', scope='ExamIntegrationTest#testGetSuspiciousSessionsAsInstructorNotInCourse_forbidden'
    23:42:40.455 | 361 ool-1-worker-125 | DEBUG | d.t.c.a.a.c.s.f.ApiVersionFilter     : Adding Version to Request GET /api/courses/189/exams/168/suspicious-sessions
    23:42:40.459 | 361 ool-1-worker-125 | DEBUG | d.t.c.a.a.exam.web.ExamResource      : REST request to get all exam sessions that are suspicious for exam : 168
    23:42:40.462 | 361 ool-1-worker-125 | WARN  | o.z.p.spring.common.AdviceTraits     : Forbidden: You are not allowed to access the Course with id 189

  Starting logs for ExamIntegrationTest > testResetEmptyExam_asInstructor()
    23:42:40.501 | 361 ool-1-worker-125 | INFO  | i.z.t.d.l.EmbeddedDatabaseReporter   : JDBC URL to connect to 'dataSource': url='jdbc:h2:tcp://localhost:41063/mem:736625c0-cf5e-400d-aeaa-8a7eabd6262b;USER=sa', scope='ExamIntegrationTest#testResetEmptyExam_asInstructor'
    23:42:40.503 | 361 ool-1-worker-125 | DEBUG | d.t.c.a.a.c.s.f.ApiVersionFilter     : Adding Version to Request DELETE /api/courses/178/exams/169/reset
    23:42:40.504 | 361 ool-1-worker-125 | INFO  | d.t.c.a.a.exam.web.ExamResource      : REST request to reset exam : 169
    23:42:40.511 | 361 ool-1-worker-125 | INFO  | d.t.c.a.a.e.s.ExamDeletionService    : User examintinstructor1 has requested to reset the exam Real exam 1
    23:42:40.513 | 361 ool-1-worker-125 | DEBUG | d.t.c.a.a.exam.service.ExamService   : Request to get exam 169 with exercise groups (with details: false)

  Starting logs for ExamIntegrationTest > testGetExam_asInstructor_WithQuizPool()
    23:42:40.532 | 361 ool-1-worker-125 | INFO  | i.z.t.d.l.EmbeddedDatabaseReporter   : JDBC URL to connect to 'dataSource': url='jdbc:h2:tcp://localhost:41063/mem:736625c0-cf5e-400d-aeaa-8a7eabd6262b;USER=sa', scope='ExamIntegrationTest#testGetExam_asInstructor_WithQuizPool'
    23:42:40.535 | 361 ool-1-worker-125 | DEBUG | d.t.c.a.a.c.s.f.ApiVersionFilter     : Adding Version to Request GET /api/courses/178/exams/174
    23:42:40.535 | 361 ool-1-worker-125 | DEBUG | d.t.c.a.a.exam.web.ExamResource      : REST request to get exam : 174
    23:42:40.537 | 361 ool-1-worker-125 | DEBUG | d.t.c.a.a.exam.service.ExamService   : Request to get exam 174 with exercise groups (with details: true)
    23:42:40.543 | 361 ool-1-worker-125 | DEBUG | d.t.c.a.a.c.s.f.ApiVersionFilter     : Adding Version to Request GET /api/courses/178/exams/174
    23:42:40.544 | 361 ool-1-worker-125 | DEBUG | d.t.c.a.a.exam.web.ExamResource      : REST request to get exam : 174
    23:42:40.548 | 361 ool-1-worker-125 | DEBUG | d.t.c.a.a.c.s.f.ApiVersionFilter     : Adding Version to Request GET /api/courses/178/exams/174
    23:42:40.549 | 361 ool-1-worker-125 | DEBUG | d.t.c.a.a.exam.web.ExamResource      : REST request to get exam : 174

  Starting logs for ExamIntegrationTest > testGetExercisesWithPotentialPlagiarismAsInstructorNotInCourse_forbidden()
    23:42:40.572 | 361 ool-1-worker-125 | INFO  | i.z.t.d.l.EmbeddedDatabaseReporter   : JDBC URL to connect to 'dataSource': url='jdbc:h2:tcp://localhost:41063/mem:736625c0-cf5e-400d-aeaa-8a7eabd6262b;USER=sa', scope='ExamIntegrationTest#testGetExercisesWithPotentialPlagiarismAsInstructorNotInCourse_forbidden'
    23:42:40.591 | 361 ool-1-worker-125 | DEBUG | d.t.c.a.a.c.s.f.ApiVersionFilter     : Adding Version to Request GET /api/courses/190/exams/178/exercises-with-potential-plagiarism
    23:42:40.592 | 361 ool-1-worker-125 | DEBUG | d.t.c.a.a.exam.web.ExamResource      : REST request to get all exercises with potential plagiarism cases for exam : 178
    23:42:40.598 | 361 ool-1-worker-125 | WARN  | o.z.p.spring.common.AdviceTraits     : Forbidden: You are not allowed to access the Course with id 190

  Starting logs for ExamIntegrationTest > testDownloadExamArchiveAsTutor_forbidden()
    23:42:40.651 | 361 ool-1-worker-125 | INFO  | i.z.t.d.l.EmbeddedDatabaseReporter   : JDBC URL to connect to 'dataSource': url='jdbc:h2:tcp://localhost:41063/mem:736625c0-cf5e-400d-aeaa-8a7eabd6262b;USER=sa', scope='ExamIntegrationTest#testDownloadExamArchiveAsTutor_forbidden'
    23:42:40.655 | 361 ool-1-worker-125 | DEBUG | d.t.c.a.a.c.s.f.ApiVersionFilter     : Adding Version to Request GET /api/courses/1/exams/1/download-archive
    23:42:40.656 | 361 ool-1-worker-125 | WARN  | o.z.p.spring.common.AdviceTraits     : Forbidden: Access Denied

  Starting logs for ExamIntegrationTest > testGetExam_asInstructor_WithTestRunQuizExerciseSubmissions()
    23:42:40.691 | 361 ool-1-worker-125 | INFO  | i.z.t.d.l.EmbeddedDatabaseReporter   : JDBC URL to connect to 'dataSource': url='jdbc:h2:tcp://localhost:41063/mem:736625c0-cf5e-400d-aeaa-8a7eabd6262b;USER=sa', scope='ExamIntegrationTest#testGetExam_asInstructor_WithTestRunQuizExerciseSubmissions'
    23:42:40.701 | 361 ool-1-worker-125 | DEBUG | d.t.c.a.a.c.s.f.ApiVersionFilter     : Adding Version to Request GET /api/courses/178/exams/185
    23:42:40.702 | 361 ool-1-worker-125 | DEBUG | d.t.c.a.a.exam.web.ExamResource      : REST request to get exam : 185
    23:42:40.704 | 361 ool-1-worker-125 | DEBUG | d.t.c.a.a.exam.service.ExamService   : Request to get exam 185 with exercise groups (with details: true)

  Starting logs for ExamIntegrationTest > testCreateExam_failsWithoutCourse()
    23:42:40.729 | 361 ool-1-worker-125 | INFO  | i.z.t.d.l.EmbeddedDatabaseReporter   : JDBC URL to connect to 'dataSource': url='jdbc:h2:tcp://localhost:41063/mem:736625c0-cf5e-400d-aeaa-8a7eabd6262b;USER=sa', scope='ExamIntegrationTest#testCreateExam_failsWithoutCourse'
    23:42:40.731 | 361 ool-1-worker-125 | DEBUG | d.t.c.a.a.c.s.f.ApiVersionFilter     : Adding Version to Request POST /api/courses/178/exams
    23:42:40.734 | 361 ool-1-worker-125 | DEBUG | d.t.c.a.a.exam.web.ExamResource      : REST request to create an exam : de.tum.cit.aet.artemis.exam.domain.Exam@0
    23:42:40.734 | 361 ool-1-worker-125 | ERROR | tech.jhipster.web.util.HeaderUtil    : Entity processing failed, An exam has to belong to a course.
    23:42:40.735 | 361 ool-1-worker-125 | WARN  | o.z.p.spring.common.AdviceTraits     : Bad Request: An exam has to belong to a course.

  Starting logs for ExamIntegrationTest > testDeleteEmptyExam_asInstructor()
    23:42:40.753 | 361 ool-1-worker-125 | INFO  | i.z.t.d.l.EmbeddedDatabaseReporter   : JDBC URL to connect to 'dataSource': url='jdbc:h2:tcp://localhost:41063/mem:736625c0-cf5e-400d-aeaa-8a7eabd6262b;USER=sa', scope='ExamIntegrationTest#testDeleteEmptyExam_asInstructor'
    23:42:40.754 | 361 ool-1-worker-125 | DEBUG | d.t.c.a.a.c.s.f.ApiVersionFilter     : Adding Version to Request DELETE /api/courses/178/exams/189
    23:42:40.755 | 361 ool-1-worker-125 | INFO  | d.t.c.a.a.exam.web.ExamResource      : REST request to delete exam : 189
    23:42:40.759 | 361 ool-1-worker-125 | INFO  | d.t.c.a.a.e.s.ExamDeletionService    : User examintinstructor1 has requested to delete the exam Real exam 1
    23:42:40.767 | 361 ool-1-worker-125 | INFO  | .c.a.a.c.s.TitleCacheEvictionService : Evicted entry '189' from title cache 'examTitle'

  Starting logs for ExamIntegrationTest > testUpdateExam_rescheduleModeling_workingTimeChanged()
    23:42:40.788 | 361 ool-1-worker-125 | INFO  | i.z.t.d.l.EmbeddedDatabaseReporter   : JDBC URL to connect to 'dataSource': url='jdbc:h2:tcp://localhost:41063/mem:736625c0-cf5e-400d-aeaa-8a7eabd6262b;USER=sa', scope='ExamIntegrationTest#testUpdateExam_rescheduleModeling_workingTimeChanged'
    23:42:40.794 | 361 ool-1-worker-125 | DEBUG | d.t.c.a.a.c.s.f.ApiVersionFilter     : Adding Version to Request PUT /api/courses/191/exams
    23:42:40.795 | 361 ool-1-worker-125 | DEBUG | d.t.c.a.a.exam.web.ExamResource      : REST request to update an exam : de.tum.cit.aet.artemis.exam.domain.Exam@c3
    23:42:40.799 | 361 ool-1-worker-125 | DEBUG | d.t.c.a.a.exam.service.ExamService   : Request to get exam 195 with exercise groups (with details: false)
    23:42:40.805 | 361 ool-1-worker-125 | INFO  | .c.s.m.InstanceMessageReceiveService : Received schedule update for modeling exercise 327
    23:42:40.809 | 361 ool-1-worker-125 | DEBUG | d.t.c.a.a.c.s.f.ApiVersionFilter     : Adding Version to Request PATCH /api/courses/191/exams/195/student-exams/34/working-time
    23:42:40.810 | 361 ool-1-worker-125 | DEBUG | d.t.c.a.a.e.web.StudentExamResource  : REST request to update the working time of student exam : 34
    23:42:40.815 | 361 ool-1-worker-125 | DEBUG | d.t.c.a.a.exam.service.ExamService   : Request to get exam 195 with exercise groups (with details: false)
    23:42:40.817 | 361 ool-1-worker-125 | INFO  | .c.s.m.InstanceMessageReceiveService : Received schedule update for modeling exercise 327

  Starting logs for ExamIntegrationTest > testUpdateExam_changeEndDateSubSecondPrecision_shouldNotNotifyStudents()
    23:42:40.843 | 361 ool-1-worker-125 | INFO  | i.z.t.d.l.EmbeddedDatabaseReporter   : JDBC URL to connect to 'dataSource': url='jdbc:h2:tcp://localhost:41063/mem:736625c0-cf5e-400d-aeaa-8a7eabd6262b;USER=sa', scope='ExamIntegrationTest#testUpdateExam_changeEndDateSubSecondPrecision_shouldNotNotifyStudents'
    23:42:40.846 | 361 ool-1-worker-125 | DEBUG | d.t.c.a.a.c.s.f.ApiVersionFilter     : Adding Version to Request PUT /api/courses/178/exams
    23:42:40.847 | 361 ool-1-worker-125 | DEBUG | d.t.c.a.a.exam.web.ExamResource      : REST request to update an exam : de.tum.cit.aet.artemis.exam.domain.Exam@c4
    23:42:40.852 | 361 ool-1-worker-125 | DEBUG | d.t.c.a.a.exam.service.ExamService   : Request to get exam 196 with exercise groups (with details: false)

  Starting logs for ExamIntegrationTest > testGetExam_asInstructor()
    23:42:40.872 | 361 ool-1-worker-125 | INFO  | i.z.t.d.l.EmbeddedDatabaseReporter   : JDBC URL to connect to 'dataSource': url='jdbc:h2:tcp://localhost:41063/mem:736625c0-cf5e-400d-aeaa-8a7eabd6262b;USER=sa', scope='ExamIntegrationTest#testGetExam_asInstructor'
    23:42:40.883 | 361 ool-1-worker-125 | DEBUG | d.t.c.a.a.c.s.f.ApiVersionFilter     : Adding Version to Request GET /api/courses/178/exams/199
    23:42:40.883 | 361 ool-1-worker-125 | DEBUG | d.t.c.a.a.exam.web.ExamResource      : REST request to get exam : 199

  Starting logs for ExamIntegrationTest > testGetExamTitleAsUser()
    23:42:40.906 | 361 ool-1-worker-125 | INFO  | i.z.t.d.l.EmbeddedDatabaseReporter   : JDBC URL to connect to 'dataSource': url='jdbc:h2:tcp://localhost:41063/mem:736625c0-cf5e-400d-aeaa-8a7eabd6262b;USER=sa', scope='ExamIntegrationTest#testGetExamTitleAsUser'
    23:42:40.908 | 361 ool-1-worker-125 | DEBUG | d.t.c.a.a.c.s.f.ApiVersionFilter     : Adding Version to Request GET /api/exams/205/title

  Starting logs for ExamIntegrationTest > testGetExamForImportWithExercises_noInstructorAccess()
    23:42:40.929 | 361 ool-1-worker-125 | INFO  | i.z.t.d.l.EmbeddedDatabaseReporter   : JDBC URL to connect to 'dataSource': url='jdbc:h2:tcp://localhost:41063/mem:736625c0-cf5e-400d-aeaa-8a7eabd6262b;USER=sa', scope='ExamIntegrationTest#testGetExamForImportWithExercises_noInstructorAccess'
    23:42:40.930 | 361 ool-1-worker-125 | DEBUG | d.t.c.a.a.c.s.f.ApiVersionFilter     : Adding Version to Request GET /api/exams/207
    23:42:40.931 | 361 ool-1-worker-125 | DEBUG | d.t.c.a.a.exam.web.ExamResource      : REST request to get exam : 207 for import with exercises
    23:42:40.931 | 361 ool-1-worker-125 | DEBUG | d.t.c.a.a.exam.service.ExamService   : Request to get exam 207 with exercise groups (with details: true)
    23:42:40.935 | 361 ool-1-worker-125 | WARN  | o.z.p.spring.common.AdviceTraits     : Forbidden: You are not allowed to manage exams in this course!

  Starting logs for ExamIntegrationTest > testGetExamTitleAsInstructor()
    23:42:40.957 | 361 ool-1-worker-125 | INFO  | i.z.t.d.l.EmbeddedDatabaseReporter   : JDBC URL to connect to 'dataSource': url='jdbc:h2:tcp://localhost:41063/mem:736625c0-cf5e-400d-aeaa-8a7eabd6262b;USER=sa', scope='ExamIntegrationTest#testGetExamTitleAsInstructor'
    23:42:40.963 | 361 ool-1-worker-125 | DEBUG | d.t.c.a.a.c.s.f.ApiVersionFilter     : Adding Version to Request GET /api/exams/212/title

  Starting logs for ExamIntegrationTest > testGetAllExamsOnPage_asTutor_failsWithForbidden()
    23:42:41.004 | 361 ool-1-worker-125 | INFO  | i.z.t.d.l.EmbeddedDatabaseReporter   : JDBC URL to connect to 'dataSource': url='jdbc:h2:tcp://localhost:41063/mem:736625c0-cf5e-400d-aeaa-8a7eabd6262b;USER=sa', scope='ExamIntegrationTest#testGetAllExamsOnPage_asTutor_failsWithForbidden'
    23:42:41.008 | 361 ool-1-worker-125 | DEBUG | d.t.c.a.a.c.s.f.ApiVersionFilter     : Adding Version to Request GET /api/exams
    23:42:41.012 | 361 ool-1-worker-125 | WARN  | o.z.p.spring.common.AdviceTraits     : Forbidden: Access Denied

  Starting logs for ExamIntegrationTest > testAll_asTutor_shouldNotBeAuthorized()
    23:42:41.043 | 361 ool-1-worker-125 | INFO  | i.z.t.d.l.EmbeddedDatabaseReporter   : JDBC URL to connect to 'dataSource': url='jdbc:h2:tcp://localhost:41063/mem:736625c0-cf5e-400d-aeaa-8a7eabd6262b;USER=sa', scope='ExamIntegrationTest#testAll_asTutor_shouldNotBeAuthorized'
    23:42:41.046 | 361 ool-1-worker-125 | DEBUG | d.t.c.a.a.c.s.f.ApiVersionFilter     : Adding Version to Request POST /api/courses/192/exams
    23:42:41.048 | 361 ool-1-worker-125 | WARN  | o.z.p.spring.common.AdviceTraits     : Forbidden: Access Denied
    23:42:41.050 | 361 ool-1-worker-125 | DEBUG | d.t.c.a.a.c.s.f.ApiVersionFilter     : Adding Version to Request PUT /api/courses/192/exams
    23:42:41.051 | 361 ool-1-worker-125 | WARN  | o.z.p.spring.common.AdviceTraits     : Forbidden: Access Denied
    23:42:41.053 | 361 ool-1-worker-125 | DEBUG | d.t.c.a.a.c.s.f.ApiVersionFilter     : Adding Version to Request GET /api/courses/192/exams/219
    23:42:41.054 | 361 ool-1-worker-125 | WARN  | o.z.p.spring.common.AdviceTraits     : Forbidden: Access Denied
    23:42:41.055 | 361 ool-1-worker-125 | DEBUG | d.t.c.a.a.c.s.f.ApiVersionFilter     : Adding Version to Request DELETE /api/courses/192/exams/219
    23:42:41.056 | 361 ool-1-worker-125 | WARN  | o.z.p.spring.common.AdviceTraits     : Forbidden: Access Denied
    23:42:41.058 | 361 ool-1-worker-125 | DEBUG | d.t.c.a.a.c.s.f.ApiVersionFilter     : Adding Version to Request DELETE /api/courses/192/exams/219/reset
    23:42:41.059 | 361 ool-1-worker-125 | WARN  | o.z.p.spring.common.AdviceTraits     : Forbidden: Access Denied
    23:42:41.060 | 361 ool-1-worker-125 | DEBUG | d.t.c.a.a.c.s.f.ApiVersionFilter     : Adding Version to Request POST /api/courses/192/exams/219/students/examintstudent1
    23:42:41.061 | 361 ool-1-worker-125 | WARN  | o.z.p.spring.common.AdviceTraits     : Forbidden: Access Denied
    23:42:41.062 | 361 ool-1-worker-125 | DEBUG | d.t.c.a.a.c.s.f.ApiVersionFilter     : Adding Version to Request POST /api/courses/192/exams/219/students
    23:42:41.064 | 361 ool-1-worker-125 | WARN  | o.z.p.spring.common.AdviceTraits     : Forbidden: Access Denied
    23:42:41.065 | 361 ool-1-worker-125 | DEBUG | d.t.c.a.a.c.s.f.ApiVersionFilter     : Adding Version to Request DELETE /api/courses/192/exams/219/students/examintstudent1
    23:42:41.066 | 361 ool-1-worker-125 | WARN  | o.z.p.spring.common.AdviceTraits     : Forbidden: Access Denied

  Starting logs for ExamIntegrationTest > testGetExamScore_tutor_forbidden()
    23:42:41.089 | 361 ool-1-worker-125 | INFO  | i.z.t.d.l.EmbeddedDatabaseReporter   : JDBC URL to connect to 'dataSource': url='jdbc:h2:tcp://localhost:41063/mem:736625c0-cf5e-400d-aeaa-8a7eabd6262b;USER=sa', scope='ExamIntegrationTest#testGetExamScore_tutor_forbidden'
    23:42:41.091 | 361 ool-1-worker-125 | DEBUG | d.t.c.a.a.c.s.f.ApiVersionFilter     : Adding Version to Request GET /api/courses/178/exams/220/scores
    23:42:41.092 | 361 ool-1-worker-125 | WARN  | o.z.p.spring.common.AdviceTraits     : Forbidden: Access Denied

  Starting logs for ExamIntegrationTest > testDownloadExamArchiveAsInstructorNotInCourse_forbidden()
    23:42:41.124 | 361 ool-1-worker-125 | INFO  | i.z.t.d.l.EmbeddedDatabaseReporter   : JDBC URL to connect to 'dataSource': url='jdbc:h2:tcp://localhost:41063/mem:736625c0-cf5e-400d-aeaa-8a7eabd6262b;USER=sa', scope='ExamIntegrationTest#testDownloadExamArchiveAsInstructorNotInCourse_forbidden'
    23:42:41.134 | 361 ool-1-worker-125 | DEBUG | d.t.c.a.a.c.s.f.ApiVersionFilter     : Adding Version to Request GET /api/courses/193/exams/226/download-archive
    23:42:41.134 | 361 ool-1-worker-125 | INFO  | d.t.c.a.a.exam.web.ExamResource      : REST request to download archive of exam : 226
    23:42:41.139 | 361 ool-1-worker-125 | WARN  | o.z.p.spring.common.AdviceTraits     : Forbidden: You are not allowed to manage exams in this course!

  Starting logs for ExamIntegrationTest > testGetSuspiciousSessionsIpOutsideOfRange(String, String, String, String, String) [1] ipAddress1=192.168.1.10, ipAddress2=192.168.1.20, subnetIncludingFirstAddress=192.168.1.0/28, subnetIncludingNeitherAddress=192.168.1.128/25, subnetIncludingBothAddresses=192.168.1.0/24
    23:42:41.162 | 361 ool-1-worker-125 | INFO  | i.z.t.d.l.EmbeddedDatabaseReporter   : JDBC URL to connect to 'dataSource': url='jdbc:h2:tcp://localhost:41063/mem:736625c0-cf5e-400d-aeaa-8a7eabd6262b;USER=sa', scope='ExamIntegrationTest#testGetSuspiciousSessionsIpOutsideOfRange'
    23:42:41.172 | 361 ool-1-worker-125 | DEBUG | d.t.c.a.a.c.s.f.ApiVersionFilter     : Adding Version to Request GET /api/courses/178/exams/227/suspicious-sessions
    23:42:41.174 | 361 ool-1-worker-125 | DEBUG | d.t.c.a.a.exam.web.ExamResource      : REST request to get all exam sessions that are suspicious for exam : 227
    23:42:41.187 | 361 ool-1-worker-125 | DEBUG | d.t.c.a.a.c.s.f.ApiVersionFilter     : Adding Version to Request GET /api/courses/178/exams/227/suspicious-sessions
    23:42:41.188 | 361 ool-1-worker-125 | DEBUG | d.t.c.a.a.exam.web.ExamResource      : REST request to get all exam sessions that are suspicious for exam : 227
    23:42:41.201 | 361 ool-1-worker-125 | DEBUG | d.t.c.a.a.c.s.f.ApiVersionFilter     : Adding Version to Request GET /api/courses/178/exams/227/suspicious-sessions
    23:42:41.205 | 361 ool-1-worker-125 | DEBUG | d.t.c.a.a.exam.web.ExamResource      : REST request to get all exam sessions that are suspicious for exam : 227

  Starting logs for ExamIntegrationTest > testGetSuspiciousSessionsIpOutsideOfRange(String, String, String, String, String) [2] ipAddress1=2001:0db8:85a3:0000:0000:8a2e:0370:7330, ipAddress2=2001:0db8:85a3:0000:0000:8a2e:0370:7331, subnetIncludingFirstAddress=2001:0db8:85a3:0000:0000:8a2e:0370:7330/128, subnetIncludingNeitherAddress=2001:0db8:85a3:0000:0000:8a2e:0370:7000/128, subnetIncludingBothAddresses=2001:0db8:85a3:0000:0000:8a2e:0370:7330/64
    23:42:41.230 | 361 ool-1-worker-125 | INFO  | i.z.t.d.l.EmbeddedDatabaseReporter   : JDBC URL to connect to 'dataSource': url='jdbc:h2:tcp://localhost:41063/mem:736625c0-cf5e-400d-aeaa-8a7eabd6262b;USER=sa', scope='ExamIntegrationTest#testGetSuspiciousSessionsIpOutsideOfRange'
    23:42:41.241 | 361 ool-1-worker-125 | DEBUG | d.t.c.a.a.c.s.f.ApiVersionFilter     : Adding Version to Request GET /api/courses/178/exams/230/suspicious-sessions
    23:42:41.242 | 361 ool-1-worker-125 | DEBUG | d.t.c.a.a.exam.web.ExamResource      : REST request to get all exam sessions that are suspicious for exam : 230
    23:42:41.248 | 361 ool-1-worker-125 | DEBUG | d.t.c.a.a.c.s.f.ApiVersionFilter     : Adding Version to Request GET /api/courses/178/exams/230/suspicious-sessions
    23:42:41.249 | 361 ool-1-worker-125 | DEBUG | d.t.c.a.a.exam.web.ExamResource      : REST request to get all exam sessions that are suspicious for exam : 230
    23:42:41.254 | 361 ool-1-worker-125 | DEBUG | d.t.c.a.a.c.s.f.ApiVersionFilter     : Adding Version to Request GET /api/courses/178/exams/230/suspicious-sessions
    23:42:41.254 | 361 ool-1-worker-125 | DEBUG | d.t.c.a.a.exam.web.ExamResource      : REST request to get all exam sessions that are suspicious for exam : 230

  Starting logs for ExamIntegrationTest > testGetCurrentAndUpcomingExamsForbiddenForUser()
    23:42:41.292 | 361 ool-1-worker-125 | INFO  | i.z.t.d.l.EmbeddedDatabaseReporter   : JDBC URL to connect to 'dataSource': url='jdbc:h2:tcp://localhost:41063/mem:736625c0-cf5e-400d-aeaa-8a7eabd6262b;USER=sa', scope='ExamIntegrationTest#testGetCurrentAndUpcomingExamsForbiddenForUser'
    23:42:41.294 | 361 ool-1-worker-125 | WARN  | o.z.p.spring.common.AdviceTraits     : Forbidden: Access Denied

  Starting logs for ExamIntegrationTest > testGetExamForExamAssessmentDashboard_beforeDueDate()
    23:42:41.315 | 361 ool-1-worker-125 | INFO  | i.z.t.d.l.EmbeddedDatabaseReporter   : JDBC URL to connect to 'dataSource': url='jdbc:h2:tcp://localhost:41063/mem:736625c0-cf5e-400d-aeaa-8a7eabd6262b;USER=sa', scope='ExamIntegrationTest#testGetExamForExamAssessmentDashboard_beforeDueDate'
    23:42:41.318 | 361 ool-1-worker-125 | DEBUG | d.t.c.a.a.c.s.f.ApiVersionFilter     : Adding Version to Request GET /api/courses/178/exams/239/exam-for-assessment-dashboard
    23:42:41.318 | 361 ool-1-worker-125 | DEBUG | d.t.c.a.a.exam.web.ExamResource      : REST request /courses/{courseId}/exams/{examId}/exam-for-assessment-dashboard
    23:42:41.318 | 361 ool-1-worker-125 | DEBUG | d.t.c.a.a.exam.service.ExamService   : Request to get exam 239 with exercise groups (with details: false)
    23:42:41.322 | 361 ool-1-worker-125 | WARN  | o.z.p.spring.common.AdviceTraits     : Forbidden: You are not allowed to access the exam with id 239

  Starting logs for ExamIntegrationTest > testImportExamWithExercises_successfulWithExercises()
    23:42:41.345 | 361 ool-1-worker-125 | INFO  | i.z.t.d.l.EmbeddedDatabaseReporter   : JDBC URL to connect to 'dataSource': url='jdbc:h2:tcp://localhost:41063/mem:736625c0-cf5e-400d-aeaa-8a7eabd6262b;USER=sa', scope='ExamIntegrationTest#testImportExamWithExercises_successfulWithExercises'
    23:42:41.355 | 361 ool-1-worker-125 | DEBUG | d.t.c.a.a.c.s.f.ApiVersionFilter     : Adding Version to Request POST /api/courses/178/exam-import
    23:42:41.357 | 361 ool-1-worker-125 | DEBUG | d.t.c.a.a.exam.web.ExamResource      : REST request to import an exam : de.tum.cit.aet.artemis.exam.domain.Exam@0
    23:42:41.365 | 361 ool-1-worker-125 | DEBUG | .a.m.s.ModelingExerciseImportService : Creating a new Exercise based on exercise 328
    23:42:41.365 | 361 ool-1-worker-125 | DEBUG | .a.m.s.ModelingExerciseImportService : Copying the exercise basis from ModelingExercise{id=328, maxPoints='5.0', diagramType='ClassDiagram', exampleSolutionModel='This is my example solution model', exampleSolutionExplanation='This is my example solution model'}
    23:42:41.366 | 361 ool-1-worker-125 | DEBUG | .a.m.s.ModelingExerciseImportService : Copying the ExampleSubmissions to new Exercise: ModelingExercise{id=332, maxPoints='5.0', diagramType='ClassDiagram', exampleSolutionModel='This is my example solution model', exampleSolutionExplanation='This is my example solution model'}
    23:42:41.369 | 361 ool-1-worker-125 | DEBUG | .c.a.a.t.s.TextExerciseImportService : Creating a new Exercise based on exercise TextExercise{id=329, exampleSolution='This is my example solution'}
    23:42:41.369 | 361 ool-1-worker-125 | DEBUG | .c.a.a.t.s.TextExerciseImportService : Copying the exercise basis from TextExercise{id=329, exampleSolution='This is my example solution'}
    23:42:41.370 | 361 ool-1-worker-125 | DEBUG | .c.a.a.t.s.TextExerciseImportService : Copying the ExampleSubmissions to new Exercise: TextExercise{id=333, exampleSolution='This is my example solution'}
    23:42:41.371 | 361 ool-1-worker-125 | DEBUG | .f.s.FileUploadExerciseImportService : Creating a new Exercise based on exercise FileUploadExercise{id=330}
    23:42:41.371 | 361 ool-1-worker-125 | DEBUG | .f.s.FileUploadExerciseImportService : Copying the exercise basis from FileUploadExercise{id=330}
    23:42:41.374 | 361 ool-1-worker-125 | DEBUG | .c.a.a.q.s.QuizExerciseImportService : Creating a new Exercise based on exercise QuizExercise{id=331, title='7be1f9cf-a420-4f84-8531-467849a9fa81', randomizeQuestionOrder='true', allowedNumberOfAttempts='1', isOpenForPractice='false', releaseDate='null', duration='10', dueDate='null'}
    23:42:41.374 | 361 ool-1-worker-125 | DEBUG | .c.a.a.q.s.QuizExerciseImportService : Copying the exercise basis from QuizExercise{id=331, title='7be1f9cf-a420-4f84-8531-467849a9fa81', randomizeQuestionOrder='true', allowedNumberOfAttempts='1', isOpenForPractice='false', releaseDate='null', duration='10', dueDate='null'}
    23:42:41.374 | 361 ool-1-worker-125 | DEBUG | .c.a.a.q.s.QuizExerciseImportService : Copying the QuizQuestions to new QuizExercise: QuizExercise{id=null, title='7be1f9cf-a420-4f84-8531-467849a9fa81', randomizeQuestionOrder='true', allowedNumberOfAttempts='1', isOpenForPractice='false', releaseDate='null', duration='10', dueDate='null'}
    23:42:41.374 | 361 ool-1-worker-125 | DEBUG | .c.a.a.q.s.QuizExerciseImportService : Copying the QuizBatches to new QuizExercise: QuizExercise{id=null, title='7be1f9cf-a420-4f84-8531-467849a9fa81', randomizeQuestionOrder='true', allowedNumberOfAttempts='1', isOpenForPractice='false', releaseDate='null', duration='10', dueDate='null'}
    23:42:41.374 | 361 ool-1-worker-125 | DEBUG | d.t.c.a.a.q.s.QuizExerciseService    : Save quiz exercise to database: QuizExercise{id=null, title='7be1f9cf-a420-4f84-8531-467849a9fa81', randomizeQuestionOrder='true', allowedNumberOfAttempts='1', isOpenForPractice='false', releaseDate='null', duration='10', dueDate='null'}

  Starting logs for ExamIntegrationTest > testGetAllExamsOnPage_asStudent_failsWithForbidden()
    23:42:41.423 | 361 ool-1-worker-125 | INFO  | i.z.t.d.l.EmbeddedDatabaseReporter   : JDBC URL to connect to 'dataSource': url='jdbc:h2:tcp://localhost:41063/mem:736625c0-cf5e-400d-aeaa-8a7eabd6262b;USER=sa', scope='ExamIntegrationTest#testGetAllExamsOnPage_asStudent_failsWithForbidden'
    23:42:41.428 | 361 ool-1-worker-125 | DEBUG | d.t.c.a.a.c.s.f.ApiVersionFilter     : Adding Version to Request GET /api/exams
    23:42:41.429 | 361 ool-1-worker-125 | WARN  | o.z.p.spring.common.AdviceTraits     : Forbidden: Access Denied

  Starting logs for ExamIntegrationTest > testGetExamsForCourse_asInstructor()
    23:42:41.451 | 361 ool-1-worker-125 | INFO  | i.z.t.d.l.EmbeddedDatabaseReporter   : JDBC URL to connect to 'dataSource': url='jdbc:h2:tcp://localhost:41063/mem:736625c0-cf5e-400d-aeaa-8a7eabd6262b;USER=sa', scope='ExamIntegrationTest#testGetExamsForCourse_asInstructor'
    23:42:41.456 | 361 ool-1-worker-125 | DEBUG | d.t.c.a.a.c.s.f.ApiVersionFilter     : Adding Version to Request GET /api/courses/178/exams
    23:42:41.460 | 361 ool-1-worker-125 | DEBUG | d.t.c.a.a.exam.web.ExamResource      : REST request to get all exams for Course : 178

  Starting logs for ExamIntegrationTest > testImportExamWithExercises_failsWithDateConflictTestExam()
    23:42:41.666 | 361 ool-1-worker-125 | INFO  | i.z.t.d.l.EmbeddedDatabaseReporter   : JDBC URL to connect to 'dataSource': url='jdbc:h2:tcp://localhost:41063/mem:736625c0-cf5e-400d-aeaa-8a7eabd6262b;USER=sa', scope='ExamIntegrationTest#testImportExamWithExercises_failsWithDateConflictTestExam'
    23:42:41.668 | 361 ool-1-worker-125 | DEBUG | d.t.c.a.a.c.s.f.ApiVersionFilter     : Adding Version to Request POST /api/courses/178/exam-import
    23:42:41.669 | 361 ool-1-worker-125 | DEBUG | d.t.c.a.a.exam.web.ExamResource      : REST request to import an exam : de.tum.cit.aet.artemis.exam.domain.Exam@0
    23:42:41.671 | 361 ool-1-worker-125 | ERROR | tech.jhipster.web.util.HeaderUtil    : Entity processing failed, For TestExams, the working time must be at least 1 and at most the duration of the working window.
    23:42:41.671 | 361 ool-1-worker-125 | WARN  | o.z.p.spring.common.AdviceTraits     : Bad Request: For TestExams, the working time must be at least 1 and at most the duration of the working window.
    23:42:41.673 | 361 ool-1-worker-125 | DEBUG | d.t.c.a.a.c.s.f.ApiVersionFilter     : Adding Version to Request POST /api/courses/178/exam-import
    23:42:41.674 | 361 ool-1-worker-125 | DEBUG | d.t.c.a.a.exam.web.ExamResource      : REST request to import an exam : de.tum.cit.aet.artemis.exam.domain.Exam@0
    23:42:41.679 | 361 ool-1-worker-125 | ERROR | tech.jhipster.web.util.HeaderUtil    : Entity processing failed, For TestExams, the working time must be at least 1 and at most the duration of the working window.
    23:42:41.679 | 361 ool-1-worker-125 | WARN  | o.z.p.spring.common.AdviceTraits     : Bad Request: For TestExams, the working time must be at least 1 and at most the duration of the working window.

  Starting logs for ExamIntegrationTest > testGetAllActiveExams()
    23:42:41.717 | 361 ool-1-worker-125 | INFO  | i.z.t.d.l.EmbeddedDatabaseReporter   : JDBC URL to connect to 'dataSource': url='jdbc:h2:tcp://localhost:41063/mem:736625c0-cf5e-400d-aeaa-8a7eabd6262b;USER=sa', scope='ExamIntegrationTest#testGetAllActiveExams'
    23:42:41.721 | 361 ool-1-worker-125 | DEBUG | d.t.c.a.a.c.s.f.ApiVersionFilter     : Adding Version to Request GET /api/exams/active

  Starting logs for ExamIntegrationTest > testResetExamThatDoesNotExist()
    23:42:41.761 | 361 ool-1-worker-125 | INFO  | i.z.t.d.l.EmbeddedDatabaseReporter   : JDBC URL to connect to 'dataSource': url='jdbc:h2:tcp://localhost:41063/mem:736625c0-cf5e-400d-aeaa-8a7eabd6262b;USER=sa', scope='ExamIntegrationTest#testResetExamThatDoesNotExist'
    23:42:41.763 | 361 ool-1-worker-125 | DEBUG | d.t.c.a.a.c.s.f.ApiVersionFilter     : Adding Version to Request DELETE /api/courses/179/exams/654555/reset
    23:42:41.763 | 361 ool-1-worker-125 | INFO  | d.t.c.a.a.exam.web.ExamResource      : REST request to reset exam : 654555
    23:42:41.764 | 361 ool-1-worker-125 | WARN  | o.z.p.spring.common.AdviceTraits     : Not Found: Exam with identifier: "654555" does not exist

  Starting logs for ExamIntegrationTest > testCreateExam_failsWithExerciseGroups()
    23:42:41.789 | 361 ool-1-worker-125 | INFO  | i.z.t.d.l.EmbeddedDatabaseReporter   : JDBC URL to connect to 'dataSource': url='jdbc:h2:tcp://localhost:41063/mem:736625c0-cf5e-400d-aeaa-8a7eabd6262b;USER=sa', scope='ExamIntegrationTest#testCreateExam_failsWithExerciseGroups'
    23:42:41.791 | 361 ool-1-worker-125 | DEBUG | d.t.c.a.a.c.s.f.ApiVersionFilter     : Adding Version to Request POST /api/courses/178/exams
    23:42:41.795 | 361 ool-1-worker-125 | DEBUG | d.t.c.a.a.exam.web.ExamResource      : REST request to create an exam : de.tum.cit.aet.artemis.exam.domain.Exam@0
    23:42:41.796 | 361 ool-1-worker-125 | WARN  | o.z.p.spring.common.AdviceTraits     : Conflict: A new exam cannot have exercise groups yet

  Starting logs for ExamIntegrationTest > testGetAllExamsOnPage_withExercises_asInstructor_returnsExams()
    23:42:41.820 | 361 ool-1-worker-125 | INFO  | i.z.t.d.l.EmbeddedDatabaseReporter   : JDBC URL to connect to 'dataSource': url='jdbc:h2:tcp://localhost:41063/mem:736625c0-cf5e-400d-aeaa-8a7eabd6262b;USER=sa', scope='ExamIntegrationTest#testGetAllExamsOnPage_withExercises_asInstructor_returnsExams'
    23:42:41.822 | 361 ool-1-worker-125 | INFO  | .c.a.a.c.s.TitleCacheEvictionService : Evicted entry '268' from title cache 'examTitle'
    23:42:41.824 | 361 ool-1-worker-125 | DEBUG | d.t.c.a.a.c.s.f.ApiVersionFilter     : Adding Version to Request GET /api/exams

  Starting logs for ExamIntegrationTest > testUpdateExam_changeTitleDuringConduction_shouldNotNotifyStudents()
    23:42:41.851 | 361 ool-1-worker-125 | INFO  | i.z.t.d.l.EmbeddedDatabaseReporter   : JDBC URL to connect to 'dataSource': url='jdbc:h2:tcp://localhost:41063/mem:736625c0-cf5e-400d-aeaa-8a7eabd6262b;USER=sa', scope='ExamIntegrationTest#testUpdateExam_changeTitleDuringConduction_shouldNotNotifyStudents'
    23:42:41.854 | 361 ool-1-worker-125 | DEBUG | d.t.c.a.a.c.s.f.ApiVersionFilter     : Adding Version to Request PUT /api/courses/178/exams
    23:42:41.855 | 361 ool-1-worker-125 | DEBUG | d.t.c.a.a.exam.web.ExamResource      : REST request to update an exam : de.tum.cit.aet.artemis.exam.domain.Exam@10d
    23:42:41.858 | 361 ool-1-worker-125 | INFO  | .c.a.a.c.s.TitleCacheEvictionService : Evicted entry '269' from title cache 'examTitle'
    23:42:41.859 | 361 ool-1-worker-125 | DEBUG | d.t.c.a.a.exam.service.ExamService   : Request to get exam 269 with exercise groups (with details: false)

  Starting logs for ExamIntegrationTest > [1] exam=de.tum.cit.aet.artemis.exam.domain.Exam@0
    23:42:41.887 | 361 ool-1-worker-125 | INFO  | i.z.t.d.l.EmbeddedDatabaseReporter   : JDBC URL to connect to 'dataSource': url='jdbc:h2:tcp://localhost:41063/mem:736625c0-cf5e-400d-aeaa-8a7eabd6262b;USER=sa', scope='ExamIntegrationTest#testCreateExam_failsWithInvalidDates'
    23:42:41.889 | 361 ool-1-worker-125 | DEBUG | d.t.c.a.a.c.s.f.ApiVersionFilter     : Adding Version to Request POST /api/courses/178/exams
    23:42:41.891 | 361 ool-1-worker-125 | DEBUG | d.t.c.a.a.exam.web.ExamResource      : REST request to create an exam : de.tum.cit.aet.artemis.exam.domain.Exam@0
    23:42:41.891 | 361 ool-1-worker-125 | ERROR | tech.jhipster.web.util.HeaderUtil    : Entity processing failed, An exam has to have times when it becomes visible, starts, and ends as well as a working time.
    23:42:41.891 | 361 ool-1-worker-125 | WARN  | o.z.p.spring.common.AdviceTraits     : Bad Request: An exam has to have times when it becomes visible, starts, and ends as well as a working time.

  Starting logs for ExamIntegrationTest > [2] exam=de.tum.cit.aet.artemis.exam.domain.Exam@0
    23:42:41.919 | 361 ool-1-worker-125 | INFO  | i.z.t.d.l.EmbeddedDatabaseReporter   : JDBC URL to connect to 'dataSource': url='jdbc:h2:tcp://localhost:41063/mem:736625c0-cf5e-400d-aeaa-8a7eabd6262b;USER=sa', scope='ExamIntegrationTest#testCreateExam_failsWithInvalidDates'
    23:42:41.921 | 361 ool-1-worker-125 | DEBUG | d.t.c.a.a.c.s.f.ApiVersionFilter     : Adding Version to Request POST /api/courses/178/exams
    23:42:41.922 | 361 ool-1-worker-125 | DEBUG | d.t.c.a.a.exam.web.ExamResource      : REST request to create an exam : de.tum.cit.aet.artemis.exam.domain.Exam@0
    23:42:41.923 | 361 ool-1-worker-125 | ERROR | tech.jhipster.web.util.HeaderUtil    : Entity processing failed, An exam has to have times when it becomes visible, starts, and ends as well as a working time.
    23:42:41.923 | 361 ool-1-worker-125 | WARN  | o.z.p.spring.common.AdviceTraits     : Bad Request: An exam has to have times when it becomes visible, starts, and ends as well as a working time.

  Starting logs for ExamIntegrationTest > [3] exam=de.tum.cit.aet.artemis.exam.domain.Exam@0
    23:42:41.941 | 361 ool-1-worker-125 | INFO  | i.z.t.d.l.EmbeddedDatabaseReporter   : JDBC URL to connect to 'dataSource': url='jdbc:h2:tcp://localhost:41063/mem:736625c0-cf5e-400d-aeaa-8a7eabd6262b;USER=sa', scope='ExamIntegrationTest#testCreateExam_failsWithInvalidDates'
    23:42:41.943 | 361 ool-1-worker-125 | DEBUG | d.t.c.a.a.c.s.f.ApiVersionFilter     : Adding Version to Request POST /api/courses/178/exams
    23:42:41.945 | 361 ool-1-worker-125 | DEBUG | d.t.c.a.a.exam.web.ExamResource      : REST request to create an exam : de.tum.cit.aet.artemis.exam.domain.Exam@0
    23:42:41.945 | 361 ool-1-worker-125 | ERROR | tech.jhipster.web.util.HeaderUtil    : Entity processing failed, An exam has to have times when it becomes visible, starts, and ends as well as a working time.
    23:42:41.945 | 361 ool-1-worker-125 | WARN  | o.z.p.spring.common.AdviceTraits     : Bad Request: An exam has to have times when it becomes visible, starts, and ends as well as a working time.

  Starting logs for ExamIntegrationTest > [4] exam=de.tum.cit.aet.artemis.exam.domain.Exam@0
    23:42:41.967 | 361 ool-1-worker-125 | INFO  | i.z.t.d.l.EmbeddedDatabaseReporter   : JDBC URL to connect to 'dataSource': url='jdbc:h2:tcp://localhost:41063/mem:736625c0-cf5e-400d-aeaa-8a7eabd6262b;USER=sa', scope='ExamIntegrationTest#testCreateExam_failsWithInvalidDates'
    23:42:41.969 | 361 ool-1-worker-125 | DEBUG | d.t.c.a.a.c.s.f.ApiVersionFilter     : Adding Version to Request POST /api/courses/178/exams
    23:42:41.970 | 361 ool-1-worker-125 | DEBUG | d.t.c.a.a.exam.web.ExamResource      : REST request to create an exam : de.tum.cit.aet.artemis.exam.domain.Exam@0
    23:42:41.971 | 361 ool-1-worker-125 | ERROR | tech.jhipster.web.util.HeaderUtil    : Entity processing failed, For real exams, the visible date has to be before the start date and the start date has to be before the end date
    23:42:41.971 | 361 ool-1-worker-125 | WARN  | o.z.p.spring.common.AdviceTraits     : Bad Request: For real exams, the visible date has to be before the start date and the start date has to be before the end date

  Starting logs for ExamIntegrationTest > [5] exam=de.tum.cit.aet.artemis.exam.domain.Exam@0
    23:42:42.003 | 361 ool-1-worker-125 | INFO  | i.z.t.d.l.EmbeddedDatabaseReporter   : JDBC URL to connect to 'dataSource': url='jdbc:h2:tcp://localhost:41063/mem:736625c0-cf5e-400d-aeaa-8a7eabd6262b;USER=sa', scope='ExamIntegrationTest#testCreateExam_failsWithInvalidDates'
    23:42:42.005 | 361 ool-1-worker-125 | DEBUG | d.t.c.a.a.c.s.f.ApiVersionFilter     : Adding Version to Request POST /api/courses/178/exams
    23:42:42.009 | 361 ool-1-worker-125 | DEBUG | d.t.c.a.a.exam.web.ExamResource      : REST request to create an exam : de.tum.cit.aet.artemis.exam.domain.Exam@0
    23:42:42.010 | 361 ool-1-worker-125 | ERROR | tech.jhipster.web.util.HeaderUtil    : Entity processing failed, For real exams, the visible date has to be before the start date and the start date has to be before the end date
    23:42:42.010 | 361 ool-1-worker-125 | WARN  | o.z.p.spring.common.AdviceTraits     : Bad Request: For real exams, the visible date has to be before the start date and the start date has to be before the end date

  Starting logs for ExamIntegrationTest > [6] exam=de.tum.cit.aet.artemis.exam.domain.Exam@0
    23:42:42.200 | 361 ool-1-worker-125 | INFO  | i.z.t.d.l.EmbeddedDatabaseReporter   : JDBC URL to connect to 'dataSource': url='jdbc:h2:tcp://localhost:41063/mem:736625c0-cf5e-400d-aeaa-8a7eabd6262b;USER=sa', scope='ExamIntegrationTest#testCreateExam_failsWithInvalidDates'
    23:42:42.201 | 361 ool-1-worker-125 | DEBUG | d.t.c.a.a.c.s.f.ApiVersionFilter     : Adding Version to Request POST /api/courses/178/exams
    23:42:42.203 | 361 ool-1-worker-125 | DEBUG | d.t.c.a.a.exam.web.ExamResource      : REST request to create an exam : de.tum.cit.aet.artemis.exam.domain.Exam@0
    23:42:42.203 | 361 ool-1-worker-125 | ERROR | tech.jhipster.web.util.HeaderUtil    : Entity processing failed, For real exams, the visible date has to be before the start date and the start date has to be before the end date
    23:42:42.203 | 361 ool-1-worker-125 | WARN  | o.z.p.spring.common.AdviceTraits     : Bad Request: For real exams, the visible date has to be before the start date and the start date has to be before the end date

  Starting logs for ExamIntegrationTest > [7] exam=de.tum.cit.aet.artemis.exam.domain.Exam@0
    23:42:42.223 | 361 ool-1-worker-125 | INFO  | i.z.t.d.l.EmbeddedDatabaseReporter   : JDBC URL to connect to 'dataSource': url='jdbc:h2:tcp://localhost:41063/mem:736625c0-cf5e-400d-aeaa-8a7eabd6262b;USER=sa', scope='ExamIntegrationTest#testCreateExam_failsWithInvalidDates'
    23:42:42.225 | 361 ool-1-worker-125 | DEBUG | d.t.c.a.a.c.s.f.ApiVersionFilter     : Adding Version to Request POST /api/courses/178/exams
    23:42:42.226 | 361 ool-1-worker-125 | DEBUG | d.t.c.a.a.exam.web.ExamResource      : REST request to create an exam : de.tum.cit.aet.artemis.exam.domain.Exam@0
    23:42:42.227 | 361 ool-1-worker-125 | ERROR | tech.jhipster.web.util.HeaderUtil    : Entity processing failed, Example solutions cannot be published before the end date of an exam.
    23:42:42.227 | 361 ool-1-worker-125 | WARN  | o.z.p.spring.common.AdviceTraits     : Bad Request: Example solutions cannot be published before the end date of an exam.

  Starting logs for ExamIntegrationTest > testUpdateExam_updatesExamTitle()
    23:42:42.245 | 361 ool-1-worker-125 | INFO  | i.z.t.d.l.EmbeddedDatabaseReporter   : JDBC URL to connect to 'dataSource': url='jdbc:h2:tcp://localhost:41063/mem:736625c0-cf5e-400d-aeaa-8a7eabd6262b;USER=sa', scope='ExamIntegrationTest#testUpdateExam_updatesExamTitle'
    23:42:42.247 | 361 ool-1-worker-125 | DEBUG | d.t.c.a.a.c.s.f.ApiVersionFilter     : Adding Version to Request PUT /api/courses/178/exams
    23:42:42.248 | 361 ool-1-worker-125 | DEBUG | d.t.c.a.a.exam.web.ExamResource      : REST request to update an exam : de.tum.cit.aet.artemis.exam.domain.Exam@125
    23:42:42.251 | 361 ool-1-worker-125 | INFO  | .c.a.a.c.s.TitleCacheEvictionService : Evicted entry '293' from title cache 'examTitle'
    23:42:42.253 | 361 ool-1-worker-125 | DEBUG | d.t.c.a.a.exam.service.ExamService   : Request to get exam 293 with exercise groups (with details: false)

  Starting logs for ExamIntegrationTest > testUpdateExam_rescheduleModeling_endDateChanged()
    23:42:42.330 | 361 ool-1-worker-125 | INFO  | i.z.t.d.l.EmbeddedDatabaseReporter   : JDBC URL to connect to 'dataSource': url='jdbc:h2:tcp://localhost:41063/mem:736625c0-cf5e-400d-aeaa-8a7eabd6262b;USER=sa', scope='ExamIntegrationTest#testUpdateExam_rescheduleModeling_endDateChanged'
    23:42:42.347 | 361 ool-1-worker-125 | DEBUG | d.t.c.a.a.c.s.f.ApiVersionFilter     : Adding Version to Request PUT /api/courses/194/exams
    23:42:42.349 | 361 ool-1-worker-125 | DEBUG | d.t.c.a.a.exam.web.ExamResource      : REST request to update an exam : de.tum.cit.aet.artemis.exam.domain.Exam@12b
    23:42:42.361 | 361 ool-1-worker-125 | DEBUG | d.t.c.a.a.exam.service.ExamService   : Request to get exam 299 with exercise groups (with details: false)
    23:42:42.371 | 361 ool-1-worker-125 | INFO  | .c.s.m.InstanceMessageReceiveService : Received reschedule of exam during conduction 299
    23:42:42.376 | 361 ool-1-worker-125 | INFO  | .c.s.m.InstanceMessageReceiveService : Received schedule update for modeling exercise 336

  Starting logs for ExamIntegrationTest > testDeleteExamWithOneTestRuns()
    23:42:42.379 | 566 localvc.event-13 | DEBUG | s.l.LocalCIWebsocketMessagingService : Sending message on topic /topic/admin/queued-jobs: [BuildJobQueueItem[id=4621739576562326, name=SHORT43ACF76B02BC1044B80938509D14043FABDETSTEXC-LOCALCIINTSTUDENT1, buildAgent=BuildAgentDTO[name=null, memberAddress=null, displayName=null], participationId=462, courseId=147, exerciseId=298, retryCount=0, priority=2, status=null, repositoryInfo=RepositoryInfo[repositoryName=short43acf76b02bc1044b80938509d14043fabdetstexc-localciintstudent1, repositoryType=user, triggeredByPushTo=user, assignmentRepositoryUri=, testRepositoryUri=, solutionRepositoryUri=, auxiliaryRepositoryUris=null, auxiliaryRepositoryCheckoutDirectories=null], jobTimingInfo=JobTimingInfo[submissionDate=2025-02-14T23:42:42.326978596Z[Etc/UTC], buildStartDate=null, buildCompletionDate=null, estimatedCompletionDate=null, estimatedDuration=19], buildConfig=BuildConfig[buildScript=, dockerImage=, commitHashToBuild=a9c717ccf7bcbe9531d3eee21dbaeb5aab2ff971, assignmentCommitHash=, testCommitHash=, branch=, programmingLanguage=null, projectType=null, scaEnabled=false, sequentialTestRunsEnabled=false, resultPaths=null, timeoutSeconds=0, assignmentCheckoutPath=, testCheckoutPath=, solutionCheckoutPath=, dockerRunConfig=null], submissionResult=null]]
    23:42:42.413 | 566 localvc.event-13 | DEBUG | s.l.LocalCIWebsocketMessagingService : Sending message on topic /topic/courses/147/queued-jobs: [BuildJobQueueItem[id=4621739576562326, name=SHORT43ACF76B02BC1044B80938509D14043FABDETSTEXC-LOCALCIINTSTUDENT1, buildAgent=BuildAgentDTO[name=null, memberAddress=null, displayName=null], participationId=462, courseId=147, exerciseId=298, retryCount=0, priority=2, status=null, repositoryInfo=RepositoryInfo[repositoryName=short43acf76b02bc1044b80938509d14043fabdetstexc-localciintstudent1, repositoryType=user, triggeredByPushTo=user, assignmentRepositoryUri=, testRepositoryUri=, solutionRepositoryUri=, auxiliaryRepositoryUris=null, auxiliaryRepositoryCheckoutDirectories=null], jobTimingInfo=JobTimingInfo[submissionDate=2025-02-14T23:42:42.326978596Z[Etc/UTC], buildStartDate=null, buildCompletionDate=null, estimatedCompletionDate=null, estimatedDuration=19], buildConfig=BuildConfig[buildScript=, dockerImage=, commitHashToBuild=a9c717ccf7bcbe9531d3eee21dbaeb5aab2ff971, assignmentCommitHash=, testCommitHash=, branch=, programmingLanguage=null, projectType=null, scaEnabled=false, sequentialTestRunsEnabled=false, resultPaths=null, timeoutSeconds=0, assignmentCheckoutPath=, testCheckoutPath=, solutionCheckoutPath=, dockerRunConfig=null], submissionResult=null]]
    23:42:42.414 | 566 localvc.event-13 | DEBUG | a.a.b.s.SharedQueueProcessingService : CIBuildJobQueueItem added to queue: BuildJobQueueItem[id=4621739576562326, name=SHORT43ACF76B02BC1044B80938509D14043FABDETSTEXC-LOCALCIINTSTUDENT1, buildAgent=BuildAgentDTO[name=null, memberAddress=null, displayName=null], participationId=462, courseId=147, exerciseId=298, retryCount=0, priority=2, status=null, repositoryInfo=RepositoryInfo[repositoryName=short43acf76b02bc1044b80938509d14043fabdetstexc-localciintstudent1, repositoryType=user, triggeredByPushTo=user, assignmentRepositoryUri=http://localhost:49152/git/SHORT43ACF76B02BC1044B80938509D14043FABDETSTEXC/short43acf76b02bc1044b80938509d14043fabdetstexc-localciintstudent1.git, testRepositoryUri=http://localhost:49152/git/SHORT43ACF76B02BC1044B80938509D14043FABDETSTEXC/short43acf76b02bc1044b80938509d14043fabdetstexc-tests.git, solutionRepositoryUri=null, auxiliaryRepositoryUris=[Ljava.lang.String;@448c4d07, auxiliaryRepositoryCheckoutDirectories=[Ljava.lang.String;@6e994248], jobTimingInfo=JobTimingInfo[submissionDate=2025-02-14T23:42:42.326978596Z[Etc/UTC], buildStartDate=null, buildCompletionDate=null, estimatedCompletionDate=null, estimatedDuration=19], buildConfig=BuildConfig[buildScript=#!/bin/bash
cd /var/tmp/testing-dir
chmod +x ./gradlew
./gradlew clean test
, dockerImage=dummy-docker-image:latest, commitHashToBuild=a9c717ccf7bcbe9531d3eee21dbaeb5aab2ff971, assignmentCommitHash=a9c717ccf7bcbe9531d3eee21dbaeb5aab2ff971, testCommitHash=a9c717ccf7bcbe9531d3eee21dbaeb5aab2ff971, branch=main, programmingLanguage=JAVA, projectType=PLAIN_GRADLE, scaEnabled=false, sequentialTestRunsEnabled=false, resultPaths=[/var/tmp/testing-dir/**/test-results/test/*.xml], timeoutSeconds=0, assignmentCheckoutPath=null, testCheckoutPath=null, solutionCheckoutPath=null, dockerRunConfig=DockerRunConfig[isNetworkDisabled=true, env=[key=value]]], submissionResult=null]
    23:42:42.404 | 361 ool-1-worker-125 | INFO  | i.z.t.d.l.EmbeddedDatabaseReporter   : JDBC URL to connect to 'dataSource': url='jdbc:h2:tcp://localhost:41063/mem:736625c0-cf5e-400d-aeaa-8a7eabd6262b;USER=sa', scope='ExamIntegrationTest#testDeleteExamWithOneTestRuns'
    23:42:42.417 | 566 localvc.event-13 | DEBUG | a.a.b.s.SharedQueueProcessingService : Current queued items: 1
    23:42:42.418 | 566 localvc.event-13 | DEBUG | a.a.b.s.SharedQueueProcessingService : Currently processing jobs on this node: 0, active threads in Pool: 0, maximum pool size of thread executor : 1
    23:42:42.418 | 566 localvc.event-13 | DEBUG | a.a.b.s.SharedQueueProcessingService : Currently processing jobs on this node: 0, active threads in Pool: 0, maximum pool size of thread executor : 1
    23:42:42.421 | 564 localvc.event-11 | DEBUG | a.p.s.l.LocalCIQueueWebsocketService : CIBuildJobQueueItem added to processing jobs: BuildJobQueueItem[id=4621739576562326, name=SHORT43ACF76B02BC1044B80938509D14043FABDETSTEXC-LOCALCIINTSTUDENT1, buildAgent=BuildAgentDTO[name=artemis-build-agent-test, memberAddress=[127.0.0.1]:5703, displayName=artemis-build-agent-test], participationId=462, courseId=147, exerciseId=298, retryCount=0, priority=2, status=null, repositoryInfo=RepositoryInfo[repositoryName=short43acf76b02bc1044b80938509d14043fabdetstexc-localciintstudent1, repositoryType=user, triggeredByPushTo=user, assignmentRepositoryUri=http://localhost:49152/git/SHORT43ACF76B02BC1044B80938509D14043FABDETSTEXC/short43acf76b02bc1044b80938509d14043fabdetstexc-localciintstudent1.git, testRepositoryUri=http://localhost:49152/git/SHORT43ACF76B02BC1044B80938509D14043FABDETSTEXC/short43acf76b02bc1044b80938509d14043fabdetstexc-tests.git, solutionRepositoryUri=null, auxiliaryRepositoryUris=[Ljava.lang.String;@23e6127d, auxiliaryRepositoryCheckoutDirectories=[Ljava.lang.String;@27d992d9], jobTimingInfo=JobTimingInfo[submissionDate=2025-02-14T23:42:42.326978596Z[Etc/UTC], buildStartDate=2025-02-14T23:42:42.420147010Z[Etc/UTC], buildCompletionDate=null, estimatedCompletionDate=2025-02-14T23:43:01.420129377Z[Etc/UTC], estimatedDuration=19], buildConfig=BuildConfig[buildScript=#!/bin/bash
cd /var/tmp/testing-dir
chmod +x ./gradlew
./gradlew clean test
, dockerImage=dummy-docker-image:latest, commitHashToBuild=a9c717ccf7bcbe9531d3eee21dbaeb5aab2ff971, assignmentCommitHash=a9c717ccf7bcbe9531d3eee21dbaeb5aab2ff971, testCommitHash=a9c717ccf7bcbe9531d3eee21dbaeb5aab2ff971, branch=main, programmingLanguage=JAVA, projectType=PLAIN_GRADLE, scaEnabled=false, sequentialTestRunsEnabled=false, resultPaths=[/var/tmp/testing-dir/**/test-results/test/*.xml], timeoutSeconds=0, assignmentCheckoutPath=null, testCheckoutPath=null, solutionCheckoutPath=null, dockerRunConfig=DockerRunConfig[isNetworkDisabled=true, env=[key=value]]], submissionResult=null]
    23:42:42.425 | 564 localvc.event-11 | DEBUG | s.l.LocalCIWebsocketMessagingService : Sending message on topic /topic/admin/running-jobs: [BuildJobQueueItem[id=4621739576562326, name=SHORT43ACF76B02BC1044B80938509D14043FABDETSTEXC-LOCALCIINTSTUDENT1, buildAgent=BuildAgentDTO[name=artemis-build-agent-test, memberAddress=[127.0.0.1]:5703, displayName=artemis-build-agent-test], participationId=462, courseId=147, exerciseId=298, retryCount=0, priority=2, status=null, repositoryInfo=RepositoryInfo[repositoryName=short43acf76b02bc1044b80938509d14043fabdetstexc-localciintstudent1, repositoryType=user, triggeredByPushTo=user, assignmentRepositoryUri=, testRepositoryUri=, solutionRepositoryUri=, auxiliaryRepositoryUris=null, auxiliaryRepositoryCheckoutDirectories=null], jobTimingInfo=JobTimingInfo[submissionDate=2025-02-14T23:42:42.326978596Z[Etc/UTC], buildStartDate=2025-02-14T23:42:42.420147010Z[Etc/UTC], buildCompletionDate=null, estimatedCompletionDate=2025-02-14T23:43:01.420129377Z[Etc/UTC], estimatedDuration=19], buildConfig=BuildConfig[buildScript=, dockerImage=, commitHashToBuild=a9c717ccf7bcbe9531d3eee21dbaeb5aab2ff971, assignmentCommitHash=, testCommitHash=, branch=, programmingLanguage=null, projectType=null, scaEnabled=false, sequentialTestRunsEnabled=false, resultPaths=null, timeoutSeconds=0, assignmentCheckoutPath=, testCheckoutPath=, solutionCheckoutPath=, dockerRunConfig=null], submissionResult=null]]
    23:42:42.426 | 564 localvc.event-11 | DEBUG | s.l.LocalCIWebsocketMessagingService : Sending message on topic /topic/courses/147/running-jobs: [BuildJobQueueItem[id=4621739576562326, name=SHORT43ACF76B02BC1044B80938509D14043FABDETSTEXC-LOCALCIINTSTUDENT1, buildAgent=BuildAgentDTO[name=artemis-build-agent-test, memberAddress=[127.0.0.1]:5703, displayName=artemis-build-agent-test], participationId=462, courseId=147, exerciseId=298, retryCount=0, priority=2, status=null, repositoryInfo=RepositoryInfo[repositoryName=short43acf76b02bc1044b80938509d14043fabdetstexc-localciintstudent1, repositoryType=user, triggeredByPushTo=user, assignmentRepositoryUri=, testRepositoryUri=, solutionRepositoryUri=, auxiliaryRepositoryUris=null, auxiliaryRepositoryCheckoutDirectories=null], jobTimingInfo=JobTimingInfo[submissionDate=2025-02-14T23:42:42.326978596Z[Etc/UTC], buildStartDate=2025-02-14T23:42:42.420147010Z[Etc/UTC], buildCompletionDate=null, estimatedCompletionDate=2025-02-14T23:43:01.420129377Z[Etc/UTC], estimatedDuration=19], buildConfig=BuildConfig[buildScript=, dockerImage=, commitHashToBuild=a9c717ccf7bcbe9531d3eee21dbaeb5aab2ff971, assignmentCommitHash=, testCommitHash=, branch=, programmingLanguage=null, projectType=null, scaEnabled=false, sequentialTestRunsEnabled=false, resultPaths=null, timeoutSeconds=0, assignmentCheckoutPath=, testCheckoutPath=, solutionCheckoutPath=, dockerRunConfig=null], submissionResult=null]]
    23:42:42.432 | 566 localvc.event-13 | INFO  | a.a.b.s.SharedQueueProcessingService : Processing build job: BuildJobQueueItem[id=4621739576562326, name=SHORT43ACF76B02BC1044B80938509D14043FABDETSTEXC-LOCALCIINTSTUDENT1, buildAgent=BuildAgentDTO[name=artemis-build-agent-test, memberAddress=[127.0.0.1]:5703, displayName=artemis-build-agent-test], participationId=462, courseId=147, exerciseId=298, retryCount=0, priority=2, status=null, repositoryInfo=RepositoryInfo[repositoryName=short43acf76b02bc1044b80938509d14043fabdetstexc-localciintstudent1, repositoryType=user, triggeredByPushTo=user, assignmentRepositoryUri=http://localhost:49152/git/SHORT43ACF76B02BC1044B80938509D14043FABDETSTEXC/short43acf76b02bc1044b80938509d14043fabdetstexc-localciintstudent1.git, testRepositoryUri=http://localhost:49152/git/SHORT43ACF76B02BC1044B80938509D14043FABDETSTEXC/short43acf76b02bc1044b80938509d14043fabdetstexc-tests.git, solutionRepositoryUri=null, auxiliaryRepositoryUris=[Ljava.lang.String;@4d60a121, auxiliaryRepositoryCheckoutDirectories=[Ljava.lang.String;@7e7965f2], jobTimingInfo=JobTimingInfo[submissionDate=2025-02-14T23:42:42.326978596Z[Etc/UTC], buildStartDate=2025-02-14T23:42:42.420147010Z[Etc/UTC], buildCompletionDate=null, estimatedCompletionDate=2025-02-14T23:43:01.420129377Z[Etc/UTC], estimatedDuration=19], buildConfig=BuildConfig[buildScript=#!/bin/bash
cd /var/tmp/testing-dir
chmod +x ./gradlew
./gradlew clean test
, dockerImage=dummy-docker-image:latest, commitHashToBuild=a9c717ccf7bcbe9531d3eee21dbaeb5aab2ff971, assignmentCommitHash=a9c717ccf7bcbe9531d3eee21dbaeb5aab2ff971, testCommitHash=a9c717ccf7bcbe9531d3eee21dbaeb5aab2ff971, branch=main, programmingLanguage=JAVA, projectType=PLAIN_GRADLE, scaEnabled=false, sequentialTestRunsEnabled=false, resultPaths=[/var/tmp/testing-dir/**/test-results/test/*.xml], timeoutSeconds=0, assignmentCheckoutPath=null, testCheckoutPath=null, solutionCheckoutPath=null, dockerRunConfig=DockerRunConfig[isNetworkDisabled=true, env=[key=value]]], submissionResult=null]
    23:42:42.455 | 361 ool-1-worker-125 | DEBUG | d.t.c.a.a.c.s.f.ApiVersionFilter     : Adding Version to Request DELETE /api/courses/178/exams/303
    23:42:42.455 | 361 ool-1-worker-125 | INFO  | d.t.c.a.a.exam.web.ExamResource      : REST request to delete exam : 303
    23:42:42.460 | 361 ool-1-worker-125 | INFO  | d.t.c.a.a.e.s.ExamDeletionService    : User examintinstructor1 has requested to delete the exam Real exam 1
    23:42:42.467 | 361 ool-1-worker-125 | INFO  | d.t.c.a.a.e.s.ParticipationService   : Request to delete Participation : StudentParticipation{id=508, presentationScore=null, student=User{login='examintinstructor1', firstName='examintinstructor1First', lastName='examintinstructor1Last', email='examintinstructor1@test.de', imageUrl='null', activated='true', langKey='en', activationKey='null'}}
    23:42:42.467 | 361 ool-1-worker-125 | DEBUG | d.t.c.a.a.e.s.ParticipationService   : Request to delete all results and submissions of participation with id : 508
    23:42:42.473 | 361 ool-1-worker-125 | INFO  | d.t.c.a.a.e.s.ParticipationService   : Request to delete Participation : StudentParticipation{id=509, presentationScore=null, student=User{login='examintinstructor1', firstName='examintinstructor1First', lastName='examintinstructor1Last', email='examintinstructor1@test.de', imageUrl='null', activated='true', langKey='en', activationKey='null'}}
    23:42:42.473 | 361 ool-1-worker-125 | DEBUG | d.t.c.a.a.e.s.ParticipationService   : Request to delete all results and submissions of participation with id : 509
    23:42:42.478 | 361 ool-1-worker-125 | INFO  | d.t.c.a.a.e.s.ExamDeletionService    : Request to delete Test Run 41
    23:42:42.481 | 361 ool-1-worker-125 | INFO  | .t.c.a.a.e.s.ExerciseDeletionService : Request to delete TextExercise with id 337
    23:42:42.482 | 361 ool-1-worker-125 | INFO  | .t.c.a.a.e.s.ExerciseDeletionService : Deleting the channel took 392µs
    23:42:42.482 | 361 ool-1-worker-125 | INFO  | .t.c.a.a.e.s.ExerciseDeletionService : Cancel scheduled operations of exercise 337
    23:42:42.482 | 361 ool-1-worker-125 | INFO  | .c.s.m.InstanceMessageReceiveService : Received schedule cancel for potential Athena exercise 337
    23:42:42.483 | 361 ool-1-worker-125 | INFO  | d.t.c.a.a.e.s.ParticipationService   : Request to delete all 0 participations of exercise with id : 337
    23:42:42.493 | 361 ool-1-worker-125 | INFO  | .c.a.a.c.s.TitleCacheEvictionService : Evicted entry '337' from title cache 'exerciseTitle'
    23:42:42.495 | 361 ool-1-worker-125 | INFO  | .t.c.a.a.e.s.ExerciseDeletionService : Request to delete TextExercise with id 338
    23:42:42.495 | 361 ool-1-worker-125 | INFO  | .t.c.a.a.e.s.ExerciseDeletionService : Deleting the channel took 386µs
    23:42:42.495 | 361 ool-1-worker-125 | INFO  | .t.c.a.a.e.s.ExerciseDeletionService : Cancel scheduled operations of exercise 338
    23:42:42.495 | 361 ool-1-worker-125 | INFO  | .c.s.m.InstanceMessageReceiveService : Received schedule cancel for potential Athena exercise 338
    23:42:42.497 | 361 ool-1-worker-125 | INFO  | d.t.c.a.a.e.s.ParticipationService   : Request to delete all 0 participations of exercise with id : 338
    23:42:42.512 | 361 ool-1-worker-125 | INFO  | .c.a.a.c.s.TitleCacheEvictionService : Evicted entry '338' from title cache 'exerciseTitle'
    23:42:42.514 | 361 ool-1-worker-125 | INFO  | .t.c.a.a.e.s.ExerciseDeletionService : Request to delete ModelingExercise with id 339
    23:42:42.514 | 361 ool-1-worker-125 | INFO  | .t.c.a.a.e.s.ExerciseDeletionService : Deleting the channel took 374µs
    23:42:42.514 | 361 ool-1-worker-125 | INFO  | .t.c.a.a.e.s.ExerciseDeletionService : Deleting clusters, elements and cancel scheduled operations of exercise 339
    23:42:42.516 | 361 ool-1-worker-125 | INFO  | .c.s.m.InstanceMessageReceiveService : Received schedule cancel for modeling exercise 339
    23:42:42.518 | 361 ool-1-worker-125 | INFO  | d.t.c.a.a.e.s.ParticipationService   : Request to delete all 0 participations of exercise with id : 339
    23:42:42.540 | 361 ool-1-worker-125 | INFO  | .c.a.a.c.s.TitleCacheEvictionService : Evicted entry '339' from title cache 'exerciseTitle'
    23:42:42.542 | 361 ool-1-worker-125 | INFO  | .t.c.a.a.e.s.ExerciseDeletionService : Request to delete ModelingExercise with id 340
    23:42:42.543 | 361 ool-1-worker-125 | INFO  | .t.c.a.a.e.s.ExerciseDeletionService : Deleting the channel took 1.40ms
    23:42:42.543 | 361 ool-1-worker-125 | INFO  | .t.c.a.a.e.s.ExerciseDeletionService : Deleting clusters, elements and cancel scheduled operations of exercise 340
    23:42:42.544 | 361 ool-1-worker-125 | INFO  | .c.s.m.InstanceMessageReceiveService : Received schedule cancel for modeling exercise 340
    23:42:42.546 | 361 ool-1-worker-125 | INFO  | d.t.c.a.a.e.s.ParticipationService   : Request to delete all 0 participations of exercise with id : 340
    23:42:42.569 | 361 ool-1-worker-125 | INFO  | .c.a.a.c.s.TitleCacheEvictionService : Evicted entry '340' from title cache 'exerciseTitle'
    23:42:42.575 | 361 ool-1-worker-125 | WARN  | .c.a.a.c.s.TitleCacheEvictionService : Unable to clear title of exercises from exercise group 170: Exercises not initialized
    23:42:42.575 | 361 ool-1-worker-125 | WARN  | .c.a.a.c.s.TitleCacheEvictionService : Unable to clear title of exercises from exercise group 171: Exercises not initialized
    23:42:42.576 | 361 ool-1-worker-125 | INFO  | .c.a.a.c.s.TitleCacheEvictionService : Evicted entry '303' from title cache 'examTitle'

  Starting logs for ExamIntegrationTest > testGetStudentExamForStart()
    23:42:42.615 | 361 ool-1-worker-125 | INFO  | i.z.t.d.l.EmbeddedDatabaseReporter   : JDBC URL to connect to 'dataSource': url='jdbc:h2:tcp://localhost:41063/mem:736625c0-cf5e-400d-aeaa-8a7eabd6262b;USER=sa', scope='ExamIntegrationTest#testGetStudentExamForStart'
    23:42:42.626 | 361 ool-1-worker-125 | DEBUG | d.t.c.a.a.c.s.f.ApiVersionFilter     : Adding Version to Request GET /api/courses/178/exams/307/own-student-exam
    23:42:42.627 | 361 ool-1-worker-125 | DEBUG | d.t.c.a.a.exam.web.ExamResource      : REST request to get exam 307 for conduction

  Starting logs for ExamIntegrationTest > testGetSuspiciousSessionsDifferentAsInstructor(boolean, boolean, boolean, boolean) [1] sameIpDifferentExams=true, sameFingerprintDifferentExams=true, differentIpSameExam=false, differentFingerprintSameExam=false
    23:42:42.656 | 361 ool-1-worker-125 | INFO  | i.z.t.d.l.EmbeddedDatabaseReporter   : JDBC URL to connect to 'dataSource': url='jdbc:h2:tcp://localhost:41063/mem:736625c0-cf5e-400d-aeaa-8a7eabd6262b;USER=sa', scope='ExamIntegrationTest#testGetSuspiciousSessionsDifferentAsInstructor'
    23:42:42.687 | 361 ool-1-worker-125 | DEBUG | d.t.c.a.a.c.s.f.ApiVersionFilter     : Adding Version to Request GET /api/courses/178/exams/308/suspicious-sessions
    23:42:42.688 | 361 ool-1-worker-125 | DEBUG | d.t.c.a.a.exam.web.ExamResource      : REST request to get all exam sessions that are suspicious for exam : 308

  Starting logs for ExamIntegrationTest > testGetSuspiciousSessionsDifferentAsInstructor(boolean, boolean, boolean, boolean) [2] sameIpDifferentExams=false, sameFingerprintDifferentExams=true, differentIpSameExam=false, differentFingerprintSameExam=false
    23:42:42.720 | 361 ool-1-worker-125 | INFO  | i.z.t.d.l.EmbeddedDatabaseReporter   : JDBC URL to connect to 'dataSource': url='jdbc:h2:tcp://localhost:41063/mem:736625c0-cf5e-400d-aeaa-8a7eabd6262b;USER=sa', scope='ExamIntegrationTest#testGetSuspiciousSessionsDifferentAsInstructor'
    23:42:42.747 | 361 ool-1-worker-125 | DEBUG | d.t.c.a.a.c.s.f.ApiVersionFilter     : Adding Version to Request GET /api/courses/178/exams/311/suspicious-sessions
    23:42:42.748 | 361 ool-1-worker-125 | DEBUG | d.t.c.a.a.exam.web.ExamResource      : REST request to get all exam sessions that are suspicious for exam : 311

  Starting logs for ExamIntegrationTest > testGetSuspiciousSessionsDifferentAsInstructor(boolean, boolean, boolean, boolean) [3] sameIpDifferentExams=true, sameFingerprintDifferentExams=false, differentIpSameExam=false, differentFingerprintSameExam=false
    23:42:42.808 | 361 ool-1-worker-125 | INFO  | i.z.t.d.l.EmbeddedDatabaseReporter   : JDBC URL to connect to 'dataSource': url='jdbc:h2:tcp://localhost:41063/mem:736625c0-cf5e-400d-aeaa-8a7eabd6262b;USER=sa', scope='ExamIntegrationTest#testGetSuspiciousSessionsDifferentAsInstructor'
    23:42:42.839 | 361 ool-1-worker-125 | DEBUG | d.t.c.a.a.c.s.f.ApiVersionFilter     : Adding Version to Request GET /api/courses/178/exams/314/suspicious-sessions
    23:42:42.840 | 361 ool-1-worker-125 | DEBUG | d.t.c.a.a.exam.web.ExamResource      : REST request to get all exam sessions that are suspicious for exam : 314

  Starting logs for ExamIntegrationTest > testGetSuspiciousSessionsDifferentAsInstructor(boolean, boolean, boolean, boolean) [4] sameIpDifferentExams=false, sameFingerprintDifferentExams=false, differentIpSameExam=true, differentFingerprintSameExam=false
    23:42:42.868 | 361 ool-1-worker-125 | INFO  | i.z.t.d.l.EmbeddedDatabaseReporter   : JDBC URL to connect to 'dataSource': url='jdbc:h2:tcp://localhost:41063/mem:736625c0-cf5e-400d-aeaa-8a7eabd6262b;USER=sa', scope='ExamIntegrationTest#testGetSuspiciousSessionsDifferentAsInstructor'
    23:42:42.893 | 361 ool-1-worker-125 | DEBUG | d.t.c.a.a.c.s.f.ApiVersionFilter     : Adding Version to Request GET /api/courses/178/exams/317/suspicious-sessions
    23:42:42.894 | 361 ool-1-worker-125 | DEBUG | d.t.c.a.a.exam.web.ExamResource      : REST request to get all exam sessions that are suspicious for exam : 317

  Starting logs for ExamIntegrationTest > testGetSuspiciousSessionsDifferentAsInstructor(boolean, boolean, boolean, boolean) [5] sameIpDifferentExams=false, sameFingerprintDifferentExams=false, differentIpSameExam=false, differentFingerprintSameExam=true
    23:42:42.930 | 361 ool-1-worker-125 | INFO  | i.z.t.d.l.EmbeddedDatabaseReporter   : JDBC URL to connect to 'dataSource': url='jdbc:h2:tcp://localhost:41063/mem:736625c0-cf5e-400d-aeaa-8a7eabd6262b;USER=sa', scope='ExamIntegrationTest#testGetSuspiciousSessionsDifferentAsInstructor'
    23:42:42.977 | 361 ool-1-worker-125 | DEBUG | d.t.c.a.a.c.s.f.ApiVersionFilter     : Adding Version to Request GET /api/courses/178/exams/320/suspicious-sessions
    23:42:42.981 | 361 ool-1-worker-125 | DEBUG | d.t.c.a.a.exam.web.ExamResource      : REST request to get all exam sessions that are suspicious for exam : 320

  Starting logs for ExamIntegrationTest > testGetSuspiciousSessionsDifferentAsInstructor(boolean, boolean, boolean, boolean) [6] sameIpDifferentExams=false, sameFingerprintDifferentExams=false, differentIpSameExam=true, differentFingerprintSameExam=true
    23:42:43.008 | 361 ool-1-worker-125 | INFO  | i.z.t.d.l.EmbeddedDatabaseReporter   : JDBC URL to connect to 'dataSource': url='jdbc:h2:tcp://localhost:41063/mem:736625c0-cf5e-400d-aeaa-8a7eabd6262b;USER=sa', scope='ExamIntegrationTest#testGetSuspiciousSessionsDifferentAsInstructor'
    23:42:43.031 | 361 ool-1-worker-125 | DEBUG | d.t.c.a.a.c.s.f.ApiVersionFilter     : Adding Version to Request GET /api/courses/178/exams/323/suspicious-sessions
    23:42:43.032 | 361 ool-1-worker-125 | DEBUG | d.t.c.a.a.exam.web.ExamResource      : REST request to get all exam sessions that are suspicious for exam : 323

  Starting logs for ExamIntegrationTest > testGetAllIndividualExamEndDates()
    23:42:43.069 | 361 ool-1-worker-125 | INFO  | i.z.t.d.l.EmbeddedDatabaseReporter   : JDBC URL to connect to 'dataSource': url='jdbc:h2:tcp://localhost:41063/mem:736625c0-cf5e-400d-aeaa-8a7eabd6262b;USER=sa', scope='ExamIntegrationTest#testGetAllIndividualExamEndDates'

  Starting logs for ExamIntegrationTest > testGenerateStudentExamsWithQuizPool()
    23:42:43.097 | 361 ool-1-worker-125 | INFO  | i.z.t.d.l.EmbeddedDatabaseReporter   : JDBC URL to connect to 'dataSource': url='jdbc:h2:tcp://localhost:41063/mem:736625c0-cf5e-400d-aeaa-8a7eabd6262b;USER=sa', scope='ExamIntegrationTest#testGenerateStudentExamsWithQuizPool'
    23:42:43.127 | 361 ool-1-worker-125 | DEBUG | d.t.c.a.a.q.service.QuizPoolService  : Save quiz pool to database: de.tum.cit.aet.artemis.quiz.domain.QuizPool@0
    23:42:43.189 | 361 ool-1-worker-125 | DEBUG | d.t.c.a.a.c.s.f.ApiVersionFilter     : Adding Version to Request POST /api/courses/178/exams/332/generate-student-exams
    23:42:43.190 | 361 ool-1-worker-125 | INFO  | d.t.c.a.a.exam.web.ExamResource      : REST request to generate student exams for exam 332
    23:42:43.210 | 361 ool-1-worker-125 | INFO  | d.t.c.a.a.e.s.ExamDeletionService    : User examintinstructor1 has requested to delete existing student exams and participations for exam Real exam 1
    23:42:43.211 | 361 ool-1-worker-125 | INFO  | d.t.c.a.a.e.s.ParticipationService   : Request to delete all 0 participations of exercise with id : 341
    23:42:43.217 | 361 ool-1-worker-125 | INFO  | d.t.c.a.a.e.s.ParticipationService   : Request to delete all 0 participations of exercise with id : 342
    23:42:43.218 | 361 ool-1-worker-125 | INFO  | d.t.c.a.a.e.s.ParticipationService   : Request to delete all 0 participations of exercise with id : 343
    23:42:43.222 | 361 ool-1-worker-125 | INFO  | d.t.c.a.a.e.s.ParticipationService   : Request to delete all 0 participations of exercise with id : 344
    23:42:43.224 | 361 ool-1-worker-125 | INFO  | d.t.c.a.a.e.s.ParticipationService   : Request to delete all 0 participations of exercise with id : 345
    23:42:43.228 | 361 ool-1-worker-125 | INFO  | d.t.c.a.a.e.s.ParticipationService   : Request to delete all 0 participations of exercise with id : 346
    23:42:43.232 | 361 ool-1-worker-125 | INFO  | d.t.c.a.a.e.s.ParticipationService   : Request to delete all 0 participations of exercise with id : 347
    23:42:43.234 | 361 ool-1-worker-125 | INFO  | d.t.c.a.a.e.s.ParticipationService   : Request to delete all 0 participations of exercise with id : 348
    23:42:43.235 | 361 ool-1-worker-125 | INFO  | d.t.c.a.a.e.s.ParticipationService   : Request to delete all 0 participations of exercise with id : 349
    23:42:43.240 | 361 ool-1-worker-125 | INFO  | d.t.c.a.a.e.s.ParticipationService   : Request to delete all 0 participations of exercise with id : 352
    23:42:43.242 | 361 ool-1-worker-125 | INFO  | d.t.c.a.a.e.s.ParticipationService   : Request to delete all 0 participations of exercise with id : 350
    23:42:43.244 | 361 ool-1-worker-125 | INFO  | d.t.c.a.a.e.s.ParticipationService   : Request to delete all 0 participations of exercise with id : 351
    23:42:43.245 | 361 ool-1-worker-125 | INFO  | d.t.c.a.a.e.s.ParticipationService   : Request to delete all 0 participations of exercise with id : 353
    23:42:43.251 | 361 ool-1-worker-125 | INFO  | d.t.c.a.a.e.s.ParticipationService   : Request to delete all 0 participations of exercise with id : 354
    23:42:43.252 | 361 ool-1-worker-125 | INFO  | d.t.c.a.a.e.s.ParticipationService   : Request to delete all 0 participations of exercise with id : 355
    23:42:43.275 | 361 ool-1-worker-125 | INFO  | d.t.c.a.a.exam.web.ExamResource      : Generated 2 student exams in 85.02ms for exam 332
    23:42:43.316 | 361 ool-1-worker-125 | DEBUG | d.t.c.a.a.c.s.f.ApiVersionFilter     : Adding Version to Request GET /api/courses/178/exams/332/student-exams
    23:42:43.317 | 361 ool-1-worker-125 | DEBUG | d.t.c.a.a.e.web.StudentExamResource  : REST request to get all student exams for exam : 332

  Starting logs for ExamIntegrationTest > testCreateExam_checkCourseAccess_instructorNotInCourse_failsWithForbidden()
    23:42:43.375 | 361 ool-1-worker-125 | INFO  | i.z.t.d.l.EmbeddedDatabaseReporter   : JDBC URL to connect to 'dataSource': url='jdbc:h2:tcp://localhost:41063/mem:736625c0-cf5e-400d-aeaa-8a7eabd6262b;USER=sa', scope='ExamIntegrationTest#testCreateExam_checkCourseAccess_instructorNotInCourse_failsWithForbidden'
    23:42:43.378 | 361 ool-1-worker-125 | DEBUG | d.t.c.a.a.c.s.f.ApiVersionFilter     : Adding Version to Request POST /api/courses/178/exams
    23:42:43.383 | 361 ool-1-worker-125 | DEBUG | d.t.c.a.a.exam.web.ExamResource      : REST request to create an exam : de.tum.cit.aet.artemis.exam.domain.Exam@0
    23:42:43.391 | 361 ool-1-worker-125 | WARN  | o.z.p.spring.common.AdviceTraits     : Forbidden: You are not allowed to manage exams in this course!

  Starting logs for ExamIntegrationTest > testGenerateStudentExamsNoExerciseGroups_badRequest()
    23:42:43.425 | 361 ool-1-worker-125 | INFO  | i.z.t.d.l.EmbeddedDatabaseReporter   : JDBC URL to connect to 'dataSource': url='jdbc:h2:tcp://localhost:41063/mem:736625c0-cf5e-400d-aeaa-8a7eabd6262b;USER=sa', scope='ExamIntegrationTest#testGenerateStudentExamsNoExerciseGroups_badRequest'
    23:42:43.427 | 361 ool-1-worker-125 | DEBUG | d.t.c.a.a.c.s.f.ApiVersionFilter     : Adding Version to Request POST /api/courses/178/exams/339/generate-student-exams
    23:42:43.433 | 361 ool-1-worker-125 | INFO  | d.t.c.a.a.exam.web.ExamResource      : REST request to generate student exams for exam 339
    23:42:43.440 | 361 ool-1-worker-125 | ERROR | tech.jhipster.web.util.HeaderUtil    : Entity processing failed, The number of exercise groups is too small
    23:42:43.440 | 361 ool-1-worker-125 | WARN  | o.z.p.spring.common.AdviceTraits     : Bad Request: The number of exercise groups is too small

  Starting logs for ExamIntegrationTest > testGetExamStatistics()
    23:42:43.458 | 361 ool-1-worker-125 | INFO  | i.z.t.d.l.EmbeddedDatabaseReporter   : JDBC URL to connect to 'dataSource': url='jdbc:h2:tcp://localhost:41063/mem:736625c0-cf5e-400d-aeaa-8a7eabd6262b;USER=sa', scope='ExamIntegrationTest#testGetExamStatistics'
    23:42:43.458 | 361 ool-1-worker-125 | INFO  | d.t.c.a.a.exam.service.ExamService   : getStatsForChecklist invoked for exam 340
    23:42:43.464 | 361 ool-1-worker-125 | DEBUG | d.t.c.a.a.exam.service.ExamService   : StatsTimeLog: number of generated student exams done in 6.15ms
    23:42:43.466 | 361 ool-1-worker-125 | DEBUG | d.t.c.a.a.exam.service.ExamService   : StatsTimeLog: number of test runs done in 8.27ms
    23:42:43.467 | 361 ool-1-worker-125 | DEBUG | d.t.c.a.a.exam.service.ExamService   : StatsTimeLog: number of student exams started done in 8.90ms
    23:42:43.468 | 361 ool-1-worker-125 | DEBUG | d.t.c.a.a.exam.service.ExamService   : StatsTimeLog: number of student exams submitted done in 9.54ms
    23:42:43.472 | 361 ool-1-worker-125 | DEBUG | d.t.c.a.a.c.s.f.ApiVersionFilter     : Adding Version to Request GET /api/courses/178/exams/340/statistics
    23:42:43.473 | 361 ool-1-worker-125 | DEBUG | d.t.c.a.a.exam.web.ExamResource      : REST request to get exam statistics: 340
    23:42:43.489 | 361 ool-1-worker-125 | INFO  | d.t.c.a.a.exam.service.ExamService   : getStatsForChecklist invoked for exam 340
    23:42:43.490 | 361 ool-1-worker-125 | DEBUG | d.t.c.a.a.exam.service.ExamService   : StatsTimeLog: number of generated student exams done in 432µs
    23:42:43.490 | 361 ool-1-worker-125 | DEBUG | d.t.c.a.a.exam.service.ExamService   : StatsTimeLog: number of test runs done in 725µs
    23:42:43.490 | 361 ool-1-worker-125 | DEBUG | d.t.c.a.a.exam.service.ExamService   : StatsTimeLog: number of student exams started done in 1.00ms
    23:42:43.491 | 361 ool-1-worker-125 | DEBUG | d.t.c.a.a.exam.service.ExamService   : StatsTimeLog: number of student exams submitted done in 1.31ms

  Starting logs for ExamIntegrationTest > testGenerateMissingStudentExamsWithEmptyQuizPool()
    23:42:43.520 | 361 ool-1-worker-125 | INFO  | i.z.t.d.l.EmbeddedDatabaseReporter   : JDBC URL to connect to 'dataSource': url='jdbc:h2:tcp://localhost:41063/mem:736625c0-cf5e-400d-aeaa-8a7eabd6262b;USER=sa', scope='ExamIntegrationTest#testGenerateMissingStudentExamsWithEmptyQuizPool'
    23:42:43.539 | 361 ool-1-worker-125 | DEBUG | d.t.c.a.a.q.service.QuizPoolService  : Save quiz pool to database: de.tum.cit.aet.artemis.quiz.domain.QuizPool@0
    23:42:43.542 | 361 ool-1-worker-125 | DEBUG | d.t.c.a.a.c.s.f.ApiVersionFilter     : Adding Version to Request POST /api/courses/178/exams/346/generate-student-exams
    23:42:43.543 | 361 ool-1-worker-125 | INFO  | d.t.c.a.a.exam.web.ExamResource      : REST request to generate student exams for exam 346
    23:42:43.551 | 361 ool-1-worker-125 | INFO  | d.t.c.a.a.e.s.ExamDeletionService    : User examintinstructor1 has requested to delete existing student exams and participations for exam Real exam 1
    23:42:43.552 | 361 ool-1-worker-125 | INFO  | d.t.c.a.a.e.s.ParticipationService   : Request to delete all 0 participations of exercise with id : 356
    23:42:43.553 | 361 ool-1-worker-125 | INFO  | d.t.c.a.a.e.s.ParticipationService   : Request to delete all 0 participations of exercise with id : 357
    23:42:43.557 | 361 ool-1-worker-125 | INFO  | d.t.c.a.a.e.s.ParticipationService   : Request to delete all 0 participations of exercise with id : 358
    23:42:43.559 | 361 ool-1-worker-125 | INFO  | d.t.c.a.a.e.s.ParticipationService   : Request to delete all 0 participations of exercise with id : 359
    23:42:43.560 | 361 ool-1-worker-125 | INFO  | d.t.c.a.a.e.s.ParticipationService   : Request to delete all 0 participations of exercise with id : 360
    23:42:43.564 | 361 ool-1-worker-125 | INFO  | d.t.c.a.a.e.s.ParticipationService   : Request to delete all 0 participations of exercise with id : 361
    23:42:43.566 | 361 ool-1-worker-125 | INFO  | d.t.c.a.a.e.s.ParticipationService   : Request to delete all 0 participations of exercise with id : 362
    23:42:43.570 | 361 ool-1-worker-125 | INFO  | d.t.c.a.a.e.s.ParticipationService   : Request to delete all 0 participations of exercise with id : 363
    23:42:43.572 | 361 ool-1-worker-125 | INFO  | d.t.c.a.a.e.s.ParticipationService   : Request to delete all 0 participations of exercise with id : 364
    23:42:43.575 | 361 ool-1-worker-125 | INFO  | d.t.c.a.a.e.s.ParticipationService   : Request to delete all 0 participations of exercise with id : 365
    23:42:43.577 | 361 ool-1-worker-125 | INFO  | d.t.c.a.a.e.s.ParticipationService   : Request to delete all 0 participations of exercise with id : 366
    23:42:43.583 | 361 ool-1-worker-125 | INFO  | d.t.c.a.a.e.s.ParticipationService   : Request to delete all 0 participations of exercise with id : 367
    23:42:43.585 | 361 ool-1-worker-125 | INFO  | d.t.c.a.a.e.s.ParticipationService   : Request to delete all 0 participations of exercise with id : 368
    23:42:43.589 | 361 ool-1-worker-125 | INFO  | d.t.c.a.a.e.s.ParticipationService   : Request to delete all 0 participations of exercise with id : 369
    23:42:43.590 | 361 ool-1-worker-125 | INFO  | d.t.c.a.a.e.s.ParticipationService   : Request to delete all 0 participations of exercise with id : 370
    23:42:43.596 | 361 ool-1-worker-125 | INFO  | d.t.c.a.a.exam.web.ExamResource      : Generated 1 student exams in 53.89ms for exam 346
    23:42:43.620 | 361 ool-1-worker-125 | DEBUG | d.t.c.a.a.c.s.f.ApiVersionFilter     : Adding Version to Request POST /api/courses/178/exams/346/generate-missing-student-exams
    23:42:43.621 | 361 ool-1-worker-125 | INFO  | d.t.c.a.a.exam.web.ExamResource      : REST request to generate missing student exams for exam 346
    23:42:43.632 | 361 ool-1-worker-125 | INFO  | d.t.c.a.a.exam.web.ExamResource      : Generated 1 missing student exams in 11.21ms for exam 346
    23:42:43.640 | 361 ool-1-worker-125 | DEBUG | d.t.c.a.a.c.s.f.ApiVersionFilter     : Adding Version to Request GET /api/courses/178/exams/346/student-exams
    23:42:43.641 | 361 ool-1-worker-125 | DEBUG | d.t.c.a.a.e.web.StudentExamResource  : REST request to get all student exams for exam : 346
    23:42:43.649 | 361 ool-1-worker-125 | DEBUG | d.t.c.a.a.c.s.f.ApiVersionFilter     : Adding Version to Request POST /api/courses/178/exams/346/generate-missing-student-exams
    23:42:43.650 | 361 ool-1-worker-125 | INFO  | d.t.c.a.a.exam.web.ExamResource      : REST request to generate missing student exams for exam 346
    23:42:43.657 | 361 ool-1-worker-125 | INFO  | d.t.c.a.a.exam.web.ExamResource      : Generated 0 missing student exams in 7.09ms for exam 346
    23:42:43.659 | 361 ool-1-worker-125 | DEBUG | d.t.c.a.a.c.s.f.ApiVersionFilter     : Adding Version to Request GET /api/courses/178/exams/346/student-exams
    23:42:43.659 | 361 ool-1-worker-125 | DEBUG | d.t.c.a.a.e.web.StudentExamResource  : REST request to get all student exams for exam : 346

  Starting logs for ExamIntegrationTest > testCreateExam_failsWithCourseIdMismatch()
    23:42:43.691 | 361 ool-1-worker-125 | INFO  | i.z.t.d.l.EmbeddedDatabaseReporter   : JDBC URL to connect to 'dataSource': url='jdbc:h2:tcp://localhost:41063/mem:736625c0-cf5e-400d-aeaa-8a7eabd6262b;USER=sa', scope='ExamIntegrationTest#testCreateExam_failsWithCourseIdMismatch'
    23:42:43.695 | 361 ool-1-worker-125 | DEBUG | d.t.c.a.a.c.s.f.ApiVersionFilter     : Adding Version to Request POST /api/courses/179/exams
    23:42:43.696 | 361 ool-1-worker-125 | DEBUG | d.t.c.a.a.exam.web.ExamResource      : REST request to create an exam : de.tum.cit.aet.artemis.exam.domain.Exam@0
    23:42:43.697 | 361 ool-1-worker-125 | ERROR | tech.jhipster.web.util.HeaderUtil    : Entity processing failed, The course id does not match the id of the course connected to the exam.
    23:42:43.697 | 361 ool-1-worker-125 | WARN  | o.z.p.spring.common.AdviceTraits     : Bad Request: The course id does not match the id of the course connected to the exam.

  Starting logs for ExamIntegrationTest > testGetAllExamsOnPage_withoutExercises_asInstructor_returnsExams()
    23:42:43.750 | 361 ool-1-worker-125 | INFO  | i.z.t.d.l.EmbeddedDatabaseReporter   : JDBC URL to connect to 'dataSource': url='jdbc:h2:tcp://localhost:41063/mem:736625c0-cf5e-400d-aeaa-8a7eabd6262b;USER=sa', scope='ExamIntegrationTest#testGetAllExamsOnPage_withoutExercises_asInstructor_returnsExams'
    23:42:43.753 | 361 ool-1-worker-125 | DEBUG | d.t.c.a.a.c.s.f.ApiVersionFilter     : Adding Version to Request GET /api/exams

  Starting logs for ExamIntegrationTest > testGetExamForExamAssessmentDashboard_notFound()
    23:42:43.782 | 361 ool-1-worker-125 | INFO  | i.z.t.d.l.EmbeddedDatabaseReporter   : JDBC URL to connect to 'dataSource': url='jdbc:h2:tcp://localhost:41063/mem:736625c0-cf5e-400d-aeaa-8a7eabd6262b;USER=sa', scope='ExamIntegrationTest#testGetExamForExamAssessmentDashboard_notFound'
    23:42:43.784 | 361 ool-1-worker-125 | DEBUG | d.t.c.a.a.c.s.f.ApiVersionFilter     : Adding Version to Request GET /api/courses/-1/exams/-1/exam-for-assessment-dashboard
    23:42:43.785 | 361 ool-1-worker-125 | DEBUG | d.t.c.a.a.exam.web.ExamResource      : REST request /courses/{courseId}/exams/{examId}/exam-for-assessment-dashboard
    23:42:43.785 | 361 ool-1-worker-125 | DEBUG | d.t.c.a.a.exam.service.ExamService   : Request to get exam -1 with exercise groups (with details: false)
    23:42:43.788 | 361 ool-1-worker-125 | WARN  | o.z.p.spring.common.AdviceTraits     : Not Found: Exam with identifier: "-1" does not exist

  Starting logs for ExamIntegrationTest > testGenerateStudentExamsNoExerciseNumber_badRequest()
    23:42:43.810 | 361 ool-1-worker-125 | INFO  | i.z.t.d.l.EmbeddedDatabaseReporter   : JDBC URL to connect to 'dataSource': url='jdbc:h2:tcp://localhost:41063/mem:736625c0-cf5e-400d-aeaa-8a7eabd6262b;USER=sa', scope='ExamIntegrationTest#testGenerateStudentExamsNoExerciseNumber_badRequest'
    23:42:43.853 | 361 ool-1-worker-125 | DEBUG | d.t.c.a.a.c.s.f.ApiVersionFilter     : Adding Version to Request POST /api/courses/178/exams/360/generate-student-exams
    23:42:43.854 | 361 ool-1-worker-125 | INFO  | d.t.c.a.a.exam.web.ExamResource      : REST request to generate student exams for exam 360
    23:42:43.869 | 361 ool-1-worker-125 | ERROR | tech.jhipster.web.util.HeaderUtil    : Entity processing failed, The number of exercises in the exam is not set.
    23:42:43.869 | 361 ool-1-worker-125 | WARN  | o.z.p.spring.common.AdviceTraits     : Bad Request: The number of exercises in the exam is not set.

  Starting logs for ExamIntegrationTest > testSaveExamWithExerciseGroupWithExerciseToDatabase()
    23:42:43.905 | 361 ool-1-worker-125 | INFO  | i.z.t.d.l.EmbeddedDatabaseReporter   : JDBC URL to connect to 'dataSource': url='jdbc:h2:tcp://localhost:41063/mem:736625c0-cf5e-400d-aeaa-8a7eabd6262b;USER=sa', scope='ExamIntegrationTest#testSaveExamWithExerciseGroupWithExerciseToDatabase'

  Starting logs for ExamIntegrationTest > testGenerateMissingStudentExamsWithQuizPool()
    23:42:43.928 | 361 ool-1-worker-125 | INFO  | i.z.t.d.l.EmbeddedDatabaseReporter   : JDBC URL to connect to 'dataSource': url='jdbc:h2:tcp://localhost:41063/mem:736625c0-cf5e-400d-aeaa-8a7eabd6262b;USER=sa', scope='ExamIntegrationTest#testGenerateMissingStudentExamsWithQuizPool'
    23:42:43.957 | 361 ool-1-worker-125 | DEBUG | d.t.c.a.a.q.service.QuizPoolService  : Save quiz pool to database: de.tum.cit.aet.artemis.quiz.domain.QuizPool@0
    23:42:44.014 | 361 ool-1-worker-125 | DEBUG | d.t.c.a.a.c.s.f.ApiVersionFilter     : Adding Version to Request POST /api/courses/178/exams/368/generate-student-exams
    23:42:44.015 | 361 ool-1-worker-125 | INFO  | d.t.c.a.a.exam.web.ExamResource      : REST request to generate student exams for exam 368
    23:42:44.025 | 361 ool-1-worker-125 | INFO  | d.t.c.a.a.e.s.ExamDeletionService    : User examintinstructor1 has requested to delete existing student exams and participations for exam Real exam 1
    23:42:44.026 | 361 ool-1-worker-125 | INFO  | d.t.c.a.a.e.s.ParticipationService   : Request to delete all 0 participations of exercise with id : 387
    23:42:44.028 | 361 ool-1-worker-125 | INFO  | d.t.c.a.a.e.s.ParticipationService   : Request to delete all 0 participations of exercise with id : 388
    23:42:44.030 | 361 ool-1-worker-125 | INFO  | d.t.c.a.a.e.s.ParticipationService   : Request to delete all 0 participations of exercise with id : 389
    23:42:44.031 | 361 ool-1-worker-125 | INFO  | d.t.c.a.a.e.s.ParticipationService   : Request to delete all 0 participations of exercise with id : 390
    23:42:44.032 | 361 ool-1-worker-125 | INFO  | d.t.c.a.a.e.s.ParticipationService   : Request to delete all 0 participations of exercise with id : 391
    23:42:44.034 | 361 ool-1-worker-125 | INFO  | d.t.c.a.a.e.s.ParticipationService   : Request to delete all 0 participations of exercise with id : 392
    23:42:44.036 | 361 ool-1-worker-125 | INFO  | d.t.c.a.a.e.s.ParticipationService   : Request to delete all 0 participations of exercise with id : 393
    23:42:44.037 | 361 ool-1-worker-125 | INFO  | d.t.c.a.a.e.s.ParticipationService   : Request to delete all 0 participations of exercise with id : 394
    23:42:44.039 | 361 ool-1-worker-125 | INFO  | d.t.c.a.a.e.s.ParticipationService   : Request to delete all 0 participations of exercise with id : 395
    23:42:44.040 | 361 ool-1-worker-125 | INFO  | d.t.c.a.a.e.s.ParticipationService   : Request to delete all 0 participations of exercise with id : 396
    23:42:44.041 | 361 ool-1-worker-125 | INFO  | d.t.c.a.a.e.s.ParticipationService   : Request to delete all 0 participations of exercise with id : 397
    23:42:44.043 | 361 ool-1-worker-125 | INFO  | d.t.c.a.a.e.s.ParticipationService   : Request to delete all 0 participations of exercise with id : 398
    23:42:44.044 | 361 ool-1-worker-125 | INFO  | d.t.c.a.a.e.s.ParticipationService   : Request to delete all 0 participations of exercise with id : 400
    23:42:44.046 | 361 ool-1-worker-125 | INFO  | d.t.c.a.a.e.s.ParticipationService   : Request to delete all 0 participations of exercise with id : 401
    23:42:44.047 | 361 ool-1-worker-125 | INFO  | d.t.c.a.a.e.s.ParticipationService   : Request to delete all 0 participations of exercise with id : 399
    23:42:44.053 | 361 ool-1-worker-125 | INFO  | d.t.c.a.a.exam.web.ExamResource      : Generated 1 student exams in 38.49ms for exam 368
    23:42:44.072 | 361 ool-1-worker-125 | DEBUG | d.t.c.a.a.c.s.f.ApiVersionFilter     : Adding Version to Request POST /api/courses/178/exams/368/generate-missing-student-exams
    23:42:44.072 | 361 ool-1-worker-125 | INFO  | d.t.c.a.a.exam.web.ExamResource      : REST request to generate missing student exams for exam 368
    23:42:44.088 | 361 ool-1-worker-125 | INFO  | d.t.c.a.a.exam.web.ExamResource      : Generated 1 missing student exams in 15.68ms for exam 368
    23:42:44.104 | 361 ool-1-worker-125 | DEBUG | d.t.c.a.a.c.s.f.ApiVersionFilter     : Adding Version to Request GET /api/courses/178/exams/368/student-exams
    23:42:44.105 | 361 ool-1-worker-125 | DEBUG | d.t.c.a.a.e.web.StudentExamResource  : REST request to get all student exams for exam : 368
    23:42:44.126 | 361 ool-1-worker-125 | DEBUG | d.t.c.a.a.c.s.f.ApiVersionFilter     : Adding Version to Request POST /api/courses/178/exams/368/generate-missing-student-exams
    23:42:44.126 | 361 ool-1-worker-125 | INFO  | d.t.c.a.a.exam.web.ExamResource      : REST request to generate missing student exams for exam 368
    23:42:44.140 | 361 ool-1-worker-125 | INFO  | d.t.c.a.a.exam.web.ExamResource      : Generated 0 missing student exams in 13.58ms for exam 368
    23:42:44.145 | 361 ool-1-worker-125 | DEBUG | d.t.c.a.a.c.s.f.ApiVersionFilter     : Adding Version to Request GET /api/courses/178/exams/368/student-exams
    23:42:44.146 | 361 ool-1-worker-125 | DEBUG | d.t.c.a.a.e.web.StudentExamResource  : REST request to get all student exams for exam : 368

  Starting logs for ExamIntegrationTest > [1] exam=de.tum.cit.aet.artemis.exam.domain.Exam@0
    23:42:44.201 | 361 ool-1-worker-125 | INFO  | i.z.t.d.l.EmbeddedDatabaseReporter   : JDBC URL to connect to 'dataSource': url='jdbc:h2:tcp://localhost:41063/mem:736625c0-cf5e-400d-aeaa-8a7eabd6262b;USER=sa', scope='ExamIntegrationTest#testUpdateExam_failsForInvalidDates'
    23:42:44.203 | 361 ool-1-worker-125 | DEBUG | d.t.c.a.a.c.s.f.ApiVersionFilter     : Adding Version to Request PUT /api/courses/178/exams
    23:42:44.207 | 361 ool-1-worker-125 | DEBUG | d.t.c.a.a.exam.web.ExamResource      : REST request to update an exam : de.tum.cit.aet.artemis.exam.domain.Exam@1
    23:42:44.208 | 361 ool-1-worker-125 | ERROR | tech.jhipster.web.util.HeaderUtil    : Entity processing failed, An exam has to have times when it becomes visible, starts, and ends as well as a working time.
    23:42:44.208 | 361 ool-1-worker-125 | WARN  | o.z.p.spring.common.AdviceTraits     : Bad Request: An exam has to have times when it becomes visible, starts, and ends as well as a working time.

  Starting logs for ExamIntegrationTest > [2] exam=de.tum.cit.aet.artemis.exam.domain.Exam@0
    23:42:44.253 | 361 ool-1-worker-125 | INFO  | i.z.t.d.l.EmbeddedDatabaseReporter   : JDBC URL to connect to 'dataSource': url='jdbc:h2:tcp://localhost:41063/mem:736625c0-cf5e-400d-aeaa-8a7eabd6262b;USER=sa', scope='ExamIntegrationTest#testUpdateExam_failsForInvalidDates'
    23:42:44.258 | 361 ool-1-worker-125 | DEBUG | d.t.c.a.a.c.s.f.ApiVersionFilter     : Adding Version to Request PUT /api/courses/178/exams
    23:42:44.260 | 361 ool-1-worker-125 | DEBUG | d.t.c.a.a.exam.web.ExamResource      : REST request to update an exam : de.tum.cit.aet.artemis.exam.domain.Exam@1
    23:42:44.260 | 361 ool-1-worker-125 | ERROR | tech.jhipster.web.util.HeaderUtil    : Entity processing failed, An exam has to have times when it becomes visible, starts, and ends as well as a working time.
    23:42:44.260 | 361 ool-1-worker-125 | WARN  | o.z.p.spring.common.AdviceTraits     : Bad Request: An exam has to have times when it becomes visible, starts, and ends as well as a working time.

  Starting logs for ExamIntegrationTest > [3] exam=de.tum.cit.aet.artemis.exam.domain.Exam@0
    23:42:44.310 | 361 ool-1-worker-125 | INFO  | i.z.t.d.l.EmbeddedDatabaseReporter   : JDBC URL to connect to 'dataSource': url='jdbc:h2:tcp://localhost:41063/mem:736625c0-cf5e-400d-aeaa-8a7eabd6262b;USER=sa', scope='ExamIntegrationTest#testUpdateExam_failsForInvalidDates'
    23:42:44.315 | 361 ool-1-worker-125 | DEBUG | d.t.c.a.a.c.s.f.ApiVersionFilter     : Adding Version to Request PUT /api/courses/178/exams
    23:42:44.316 | 361 ool-1-worker-125 | DEBUG | d.t.c.a.a.exam.web.ExamResource      : REST request to update an exam : de.tum.cit.aet.artemis.exam.domain.Exam@1
    23:42:44.317 | 361 ool-1-worker-125 | ERROR | tech.jhipster.web.util.HeaderUtil    : Entity processing failed, An exam has to have times when it becomes visible, starts, and ends as well as a working time.
    23:42:44.317 | 361 ool-1-worker-125 | WARN  | o.z.p.spring.common.AdviceTraits     : Bad Request: An exam has to have times when it becomes visible, starts, and ends as well as a working time.

  Starting logs for ExamIntegrationTest > [4] exam=de.tum.cit.aet.artemis.exam.domain.Exam@0
    23:42:44.368 | 361 ool-1-worker-125 | INFO  | i.z.t.d.l.EmbeddedDatabaseReporter   : JDBC URL to connect to 'dataSource': url='jdbc:h2:tcp://localhost:41063/mem:736625c0-cf5e-400d-aeaa-8a7eabd6262b;USER=sa', scope='ExamIntegrationTest#testUpdateExam_failsForInvalidDates'
    23:42:44.370 | 361 ool-1-worker-125 | DEBUG | d.t.c.a.a.c.s.f.ApiVersionFilter     : Adding Version to Request PUT /api/courses/178/exams
    23:42:44.373 | 361 ool-1-worker-125 | DEBUG | d.t.c.a.a.exam.web.ExamResource      : REST request to update an exam : de.tum.cit.aet.artemis.exam.domain.Exam@1
    23:42:44.375 | 361 ool-1-worker-125 | ERROR | tech.jhipster.web.util.HeaderUtil    : Entity processing failed, For real exams, the visible date has to be before the start date and the start date has to be before the end date
    23:42:44.375 | 361 ool-1-worker-125 | WARN  | o.z.p.spring.common.AdviceTraits     : Bad Request: For real exams, the visible date has to be before the start date and the start date has to be before the end date

  Starting logs for ExamIntegrationTest > [5] exam=de.tum.cit.aet.artemis.exam.domain.Exam@0
    23:42:44.416 | 361 ool-1-worker-125 | INFO  | i.z.t.d.l.EmbeddedDatabaseReporter   : JDBC URL to connect to 'dataSource': url='jdbc:h2:tcp://localhost:41063/mem:736625c0-cf5e-400d-aeaa-8a7eabd6262b;USER=sa', scope='ExamIntegrationTest#testUpdateExam_failsForInvalidDates'
    23:42:44.419 | 361 ool-1-worker-125 | DEBUG | d.t.c.a.a.c.s.f.ApiVersionFilter     : Adding Version to Request PUT /api/courses/178/exams
    23:42:44.421 | 361 ool-1-worker-125 | DEBUG | d.t.c.a.a.exam.web.ExamResource      : REST request to update an exam : de.tum.cit.aet.artemis.exam.domain.Exam@1
    23:42:44.424 | 361 ool-1-worker-125 | ERROR | tech.jhipster.web.util.HeaderUtil    : Entity processing failed, For real exams, the visible date has to be before the start date and the start date has to be before the end date
    23:42:44.424 | 361 ool-1-worker-125 | WARN  | o.z.p.spring.common.AdviceTraits     : Bad Request: For real exams, the visible date has to be before the start date and the start date has to be before the end date

  Starting logs for ExamIntegrationTest > [6] exam=de.tum.cit.aet.artemis.exam.domain.Exam@0
    23:42:44.468 | 361 ool-1-worker-125 | INFO  | i.z.t.d.l.EmbeddedDatabaseReporter   : JDBC URL to connect to 'dataSource': url='jdbc:h2:tcp://localhost:41063/mem:736625c0-cf5e-400d-aeaa-8a7eabd6262b;USER=sa', scope='ExamIntegrationTest#testUpdateExam_failsForInvalidDates'
    23:42:44.473 | 361 ool-1-worker-125 | DEBUG | d.t.c.a.a.c.s.f.ApiVersionFilter     : Adding Version to Request PUT /api/courses/178/exams
    23:42:44.474 | 361 ool-1-worker-125 | DEBUG | d.t.c.a.a.exam.web.ExamResource      : REST request to update an exam : de.tum.cit.aet.artemis.exam.domain.Exam@1
    23:42:44.477 | 361 ool-1-worker-125 | ERROR | tech.jhipster.web.util.HeaderUtil    : Entity processing failed, For real exams, the visible date has to be before the start date and the start date has to be before the end date
    23:42:44.477 | 361 ool-1-worker-125 | WARN  | o.z.p.spring.common.AdviceTraits     : Bad Request: For real exams, the visible date has to be before the start date and the start date has to be before the end date

  Starting logs for ExamIntegrationTest > [7] exam=de.tum.cit.aet.artemis.exam.domain.Exam@0
    23:42:44.520 | 361 ool-1-worker-125 | INFO  | i.z.t.d.l.EmbeddedDatabaseReporter   : JDBC URL to connect to 'dataSource': url='jdbc:h2:tcp://localhost:41063/mem:736625c0-cf5e-400d-aeaa-8a7eabd6262b;USER=sa', scope='ExamIntegrationTest#testUpdateExam_failsForInvalidDates'
    23:42:44.522 | 361 ool-1-worker-125 | DEBUG | d.t.c.a.a.c.s.f.ApiVersionFilter     : Adding Version to Request PUT /api/courses/178/exams
    23:42:44.526 | 361 ool-1-worker-125 | DEBUG | d.t.c.a.a.exam.web.ExamResource      : REST request to update an exam : de.tum.cit.aet.artemis.exam.domain.Exam@1
    23:42:44.526 | 361 ool-1-worker-125 | ERROR | tech.jhipster.web.util.HeaderUtil    : Entity processing failed, Example solutions cannot be published before the end date of an exam.
    23:42:44.526 | 361 ool-1-worker-125 | WARN  | o.z.p.spring.common.AdviceTraits     : Bad Request: Example solutions cannot be published before the end date of an exam.

  Starting logs for ExamIntegrationTest > testGenerateStudentExamsNotEnoughExerciseGroups_badRequest()
    23:42:44.567 | 361 ool-1-worker-125 | INFO  | i.z.t.d.l.EmbeddedDatabaseReporter   : JDBC URL to connect to 'dataSource': url='jdbc:h2:tcp://localhost:41063/mem:736625c0-cf5e-400d-aeaa-8a7eabd6262b;USER=sa', scope='ExamIntegrationTest#testGenerateStudentExamsNotEnoughExerciseGroups_badRequest'
    23:42:44.609 | 361 ool-1-worker-125 | DEBUG | d.t.c.a.a.c.s.f.ApiVersionFilter     : Adding Version to Request POST /api/courses/178/exams/393/generate-student-exams
    23:42:44.610 | 361 ool-1-worker-125 | INFO  | d.t.c.a.a.exam.web.ExamResource      : REST request to generate student exams for exam 393
    23:42:44.623 | 361 ool-1-worker-125 | ERROR | tech.jhipster.web.util.HeaderUtil    : Entity processing failed, The number of exercise groups is too small
    23:42:44.623 | 361 ool-1-worker-125 | WARN  | o.z.p.spring.common.AdviceTraits     : Bad Request: The number of exercise groups is too small

  Starting logs for ExamIntegrationTest > testIpOutsideOfRangeMixedIPv4AndIPv6(String, String, String) [1] ipAddress1=192.168.1.10, ipAddress2=2001:0db8:85a3:0000:0000:8a2e:0370:7331, subnet=192.168.1.0/28
    23:42:44.675 | 361 ool-1-worker-125 | INFO  | i.z.t.d.l.EmbeddedDatabaseReporter   : JDBC URL to connect to 'dataSource': url='jdbc:h2:tcp://localhost:41063/mem:736625c0-cf5e-400d-aeaa-8a7eabd6262b;USER=sa', scope='ExamIntegrationTest#testIpOutsideOfRangeMixedIPv4AndIPv6'
    23:42:44.697 | 361 ool-1-worker-125 | DEBUG | d.t.c.a.a.c.s.f.ApiVersionFilter     : Adding Version to Request GET /api/courses/178/exams/394/suspicious-sessions
    23:42:44.702 | 361 ool-1-worker-125 | DEBUG | d.t.c.a.a.exam.web.ExamResource      : REST request to get all exam sessions that are suspicious for exam : 394
    23:42:44.707 | 361 ool-1-worker-125 | DEBUG | d.t.c.a.a.e.s.ExamSessionService     : IP address 2001:0db8:85a3:0000:0000:8a2e:0370:7331 and subnet 192.168.1.0/28 have different versions

  Starting logs for ExamIntegrationTest > testIpOutsideOfRangeMixedIPv4AndIPv6(String, String, String) [2] ipAddress1=192.168.1.10, ipAddress2=2001:0db8:85a3:0000:0000:8a2e:0370:7330, subnet=2001:0db8:85a3:0000:0000:8a2e:0370:7330/128
    23:42:44.751 | 361 ool-1-worker-125 | INFO  | i.z.t.d.l.EmbeddedDatabaseReporter   : JDBC URL to connect to 'dataSource': url='jdbc:h2:tcp://localhost:41063/mem:736625c0-cf5e-400d-aeaa-8a7eabd6262b;USER=sa', scope='ExamIntegrationTest#testIpOutsideOfRangeMixedIPv4AndIPv6'
    23:42:44.764 | 361 ool-1-worker-125 | DEBUG | d.t.c.a.a.c.s.f.ApiVersionFilter     : Adding Version to Request GET /api/courses/178/exams/397/suspicious-sessions
    23:42:44.765 | 361 ool-1-worker-125 | DEBUG | d.t.c.a.a.exam.web.ExamResource      : REST request to get all exam sessions that are suspicious for exam : 397
    23:42:44.769 | 361 ool-1-worker-125 | DEBUG | d.t.c.a.a.e.s.ExamSessionService     : IP address 192.168.1.10 and subnet 2001:0db8:85a3:0000:0000:8a2e:0370:7330/128 have different versions

  Starting logs for ExamIntegrationTest > testDownloadExamArchiveAsInstructor_not_found()
    23:42:44.804 | 361 ool-1-worker-125 | INFO  | i.z.t.d.l.EmbeddedDatabaseReporter   : JDBC URL to connect to 'dataSource': url='jdbc:h2:tcp://localhost:41063/mem:736625c0-cf5e-400d-aeaa-8a7eabd6262b;USER=sa', scope='ExamIntegrationTest#testDownloadExamArchiveAsInstructor_not_found'
    23:42:44.806 | 361 ool-1-worker-125 | DEBUG | d.t.c.a.a.c.s.f.ApiVersionFilter     : Adding Version to Request GET /api/courses/178/exams/-1/download-archive
    23:42:44.807 | 361 ool-1-worker-125 | INFO  | d.t.c.a.a.exam.web.ExamResource      : REST request to download archive of exam : -1
    23:42:44.808 | 361 ool-1-worker-125 | WARN  | o.z.p.spring.common.AdviceTraits     : Not Found: Exam with identifier: "-1" does not exist
    23:42:44.812 | 361 ool-1-worker-125 | DEBUG | d.t.c.a.a.c.s.f.ApiVersionFilter     : Adding Version to Request GET /api/courses/178/exams/400/download-archive
    23:42:44.813 | 361 ool-1-worker-125 | INFO  | d.t.c.a.a.exam.web.ExamResource      : REST request to download archive of exam : 400
    23:42:44.821 | 361 ool-1-worker-125 | WARN  | o.z.p.spring.common.AdviceTraits     : Not Found: exam with id: "400" does not exist

  Starting logs for ExamIntegrationTest > testGetAllExamsOnPage_withoutExercisesAndExamsNotLinkedToCourse_asInstructor_returnsNoExams()
    23:42:44.856 | 361 ool-1-worker-125 | INFO  | i.z.t.d.l.EmbeddedDatabaseReporter   : JDBC URL to connect to 'dataSource': url='jdbc:h2:tcp://localhost:41063/mem:736625c0-cf5e-400d-aeaa-8a7eabd6262b;USER=sa', scope='ExamIntegrationTest#testGetAllExamsOnPage_withoutExercisesAndExamsNotLinkedToCourse_asInstructor_returnsNoExams'
    23:42:44.865 | 361 ool-1-worker-125 | INFO  | .c.a.a.c.s.TitleCacheEvictionService : Evicted entry '406' from title cache 'examTitle'
    23:42:44.867 | 361 ool-1-worker-125 | DEBUG | d.t.c.a.a.c.s.f.ApiVersionFilter     : Adding Version to Request GET /api/exams

  Starting logs for ExamIntegrationTest > testImportExamWithExercises_asTutor_failsWithForbidden()
    23:42:44.890 | 361 ool-1-worker-125 | INFO  | i.z.t.d.l.EmbeddedDatabaseReporter   : JDBC URL to connect to 'dataSource': url='jdbc:h2:tcp://localhost:41063/mem:736625c0-cf5e-400d-aeaa-8a7eabd6262b;USER=sa', scope='ExamIntegrationTest#testImportExamWithExercises_asTutor_failsWithForbidden'
    23:42:44.892 | 361 ool-1-worker-125 | DEBUG | d.t.c.a.a.c.s.f.ApiVersionFilter     : Adding Version to Request POST /api/courses/178/exam-import
    23:42:44.894 | 361 ool-1-worker-125 | WARN  | o.z.p.spring.common.AdviceTraits     : Forbidden: Access Denied

  Starting logs for ExamIntegrationTest > testLatestIndividualEndDate_noStudentExams()
    23:42:44.911 | 361 ool-1-worker-125 | INFO  | i.z.t.d.l.EmbeddedDatabaseReporter   : JDBC URL to connect to 'dataSource': url='jdbc:h2:tcp://localhost:41063/mem:736625c0-cf5e-400d-aeaa-8a7eabd6262b;USER=sa', scope='ExamIntegrationTest#testLatestIndividualEndDate_noStudentExams'

  Starting logs for ExamIntegrationTest > testArchiveCourseWithExam()
    23:42:44.930 | 361 ool-1-worker-125 | INFO  | i.z.t.d.l.EmbeddedDatabaseReporter   : JDBC URL to connect to 'dataSource': url='jdbc:h2:tcp://localhost:41063/mem:736625c0-cf5e-400d-aeaa-8a7eabd6262b;USER=sa', scope='ExamIntegrationTest#testArchiveCourseWithExam'
    23:42:44.968 | 361 ool-1-worker-125 | DEBUG | d.t.c.a.a.c.s.f.ApiVersionFilter     : Adding Version to Request PUT /api/courses/197/archive
    23:42:44.971 | 361 ool-1-worker-125 | INFO  | d.t.c.a.a.core.web.CourseResource    : REST request to archive Course : 197
    23:42:44.980 |  68 artemis-task-1   | INFO  | d.t.c.a.a.core.service.CourseService : Created the course archives directory at exports/server-integration-test/courses because it didn't exist.
    23:42:44.988 |  68 artemis-task-1   | INFO  | .c.a.a.c.s.e.CourseExamExportService : Exporting course exercises for course 197 and title Course title ce2e51d4-23a2-4db5-aa40-735fc95cffc8
    23:42:44.988 |  68 artemis-task-1   | INFO  | .c.a.a.c.s.e.CourseExamExportService : Export course exams for course 197 and title Course title ce2e51d4-23a2-4db5-aa40-735fc95cffc8
    23:42:44.990 |  68 artemis-task-1   | INFO  | .c.a.a.c.s.e.CourseExamExportService : Export course exam 416
    23:42:44.990 |  68 artemis-task-1   | INFO  | .c.a.a.c.s.e.CourseExamExportService : Exporting file-upload exercise fa13828d-688a-47ce-832e-78d43afa3ce0 with id 417 
    23:42:44.991 |  68 artemis-task-1   | DEBUG | ExerciseWithSubmissionsExportService : Found embedded files: [] 
    23:42:44.991 |  68 artemis-task-1   | DEBUG | ExerciseWithSubmissionsExportService : Found embedded files: [] 
    23:42:45.000 |  68 artemis-task-1   | INFO  | .c.a.a.c.s.e.CourseExamExportService : Exporting text exercise acec2130-5254-4137-a895-e53622c3c6a4 with id 418 
    23:42:45.001 |  68 artemis-task-1   | DEBUG | ExerciseWithSubmissionsExportService : Found embedded files: [] 
    23:42:45.001 |  68 artemis-task-1   | DEBUG | ExerciseWithSubmissionsExportService : Found embedded files: [] 
    23:42:45.007 |  68 artemis-task-1   | INFO  | .c.a.a.c.s.e.CourseExamExportService : Exporting modeling exercise f17a45b9-a65f-42b3-ae0b-e3505d791994 with id 419 
    23:42:45.008 |  68 artemis-task-1   | DEBUG | ExerciseWithSubmissionsExportService : Found embedded files: [] 
    23:42:45.008 |  68 artemis-task-1   | DEBUG | ExerciseWithSubmissionsExportService : Found embedded files: [] 
    23:42:45.031 |  68 artemis-task-1   | INFO  | .c.a.a.c.s.e.CourseExamExportService : Successfully created zip file: exports/server-integration-test/courses/shortdd7420d109911040ce0a49d004dd88f4216d-Course_title_ce2e51d4-23a2-4db5-aa40-735fc95cffc8-20250214-234244.zip
    23:42:45.031 |  68 artemis-task-1   | INFO  | .c.a.a.c.s.e.CourseExamExportService : Successfully exported course 197. The zip file is located at: exports/server-integration-test/courses/shortdd7420d109911040ce0a49d004dd88f4216d-Course_title_ce2e51d4-23a2-4db5-aa40-735fc95cffc8-20250214-234244.zip
    23:42:45.036 |  68 artemis-task-1   | INFO  | d.t.c.a.a.core.service.CourseService : archive course took 61.21ms

  Starting logs for ExamIntegrationTest > testGenerateStudentExams()
    23:42:45.114 | 361 ool-1-worker-125 | INFO  | i.z.t.d.l.EmbeddedDatabaseReporter   : JDBC URL to connect to 'dataSource': url='jdbc:h2:tcp://localhost:41063/mem:736625c0-cf5e-400d-aeaa-8a7eabd6262b;USER=sa', scope='ExamIntegrationTest#testGenerateStudentExams'
    23:42:45.154 | 361 ool-1-worker-125 | DEBUG | d.t.c.a.a.c.s.f.ApiVersionFilter     : Adding Version to Request POST /api/courses/178/exams/420/generate-student-exams
    23:42:45.155 | 361 ool-1-worker-125 | INFO  | d.t.c.a.a.exam.web.ExamResource      : REST request to generate student exams for exam 420
    23:42:45.173 | 361 ool-1-worker-125 | INFO  | d.t.c.a.a.e.s.ExamDeletionService    : User examintinstructor1 has requested to delete existing student exams and participations for exam Real exam 1
    23:42:45.174 | 361 ool-1-worker-125 | INFO  | d.t.c.a.a.e.s.ParticipationService   : Request to delete all 0 participations of exercise with id : 420
    23:42:45.178 | 361 ool-1-worker-125 | INFO  | d.t.c.a.a.e.s.ParticipationService   : Request to delete all 0 participations of exercise with id : 421
    23:42:45.179 | 361 ool-1-worker-125 | INFO  | d.t.c.a.a.e.s.ParticipationService   : Request to delete all 0 participations of exercise with id : 422
    23:42:45.181 | 361 ool-1-worker-125 | INFO  | d.t.c.a.a.e.s.ParticipationService   : Request to delete all 0 participations of exercise with id : 423
    23:42:45.183 | 361 ool-1-worker-125 | INFO  | d.t.c.a.a.e.s.ParticipationService   : Request to delete all 0 participations of exercise with id : 424
    23:42:45.185 | 361 ool-1-worker-125 | INFO  | d.t.c.a.a.e.s.ParticipationService   : Request to delete all 0 participations of exercise with id : 425
    23:42:45.187 | 361 ool-1-worker-125 | INFO  | d.t.c.a.a.e.s.ParticipationService   : Request to delete all 0 participations of exercise with id : 426
    23:42:45.189 | 361 ool-1-worker-125 | INFO  | d.t.c.a.a.e.s.ParticipationService   : Request to delete all 0 participations of exercise with id : 427
    23:42:45.191 | 361 ool-1-worker-125 | INFO  | d.t.c.a.a.e.s.ParticipationService   : Request to delete all 0 participations of exercise with id : 428
    23:42:45.192 | 361 ool-1-worker-125 | INFO  | d.t.c.a.a.e.s.ParticipationService   : Request to delete all 0 participations of exercise with id : 429
    23:42:45.194 | 361 ool-1-worker-125 | INFO  | d.t.c.a.a.e.s.ParticipationService   : Request to delete all 0 participations of exercise with id : 430
    23:42:45.196 | 361 ool-1-worker-125 | INFO  | d.t.c.a.a.e.s.ParticipationService   : Request to delete all 0 participations of exercise with id : 431
    23:42:45.197 | 361 ool-1-worker-125 | INFO  | d.t.c.a.a.e.s.ParticipationService   : Request to delete all 0 participations of exercise with id : 432
    23:42:45.200 | 361 ool-1-worker-125 | INFO  | d.t.c.a.a.e.s.ParticipationService   : Request to delete all 0 participations of exercise with id : 433
    23:42:45.201 | 361 ool-1-worker-125 | INFO  | d.t.c.a.a.e.s.ParticipationService   : Request to delete all 0 participations of exercise with id : 434
    23:42:45.207 | 361 ool-1-worker-125 | INFO  | d.t.c.a.a.exam.web.ExamResource      : Generated 2 student exams in 51.36ms for exam 420
    23:42:45.231 | 361 ool-1-worker-125 | DEBUG | d.t.c.a.a.c.s.f.ApiVersionFilter     : Adding Version to Request GET /api/courses/178/exams/420/student-exams
    23:42:45.232 | 361 ool-1-worker-125 | DEBUG | d.t.c.a.a.e.web.StudentExamResource  : REST request to get all student exams for exam : 420

  Starting logs for ExamIntegrationTest > testImportExamWithExercises_failsWithIdExists()
    23:42:45.281 | 361 ool-1-worker-125 | INFO  | i.z.t.d.l.EmbeddedDatabaseReporter   : JDBC URL to connect to 'dataSource': url='jdbc:h2:tcp://localhost:41063/mem:736625c0-cf5e-400d-aeaa-8a7eabd6262b;USER=sa', scope='ExamIntegrationTest#testImportExamWithExercises_failsWithIdExists'
    23:42:45.283 | 361 ool-1-worker-125 | DEBUG | d.t.c.a.a.c.s.f.ApiVersionFilter     : Adding Version to Request POST /api/courses/178/exam-import
    23:42:45.284 | 361 ool-1-worker-125 | DEBUG | d.t.c.a.a.exam.web.ExamResource      : REST request to import an exam : de.tum.cit.aet.artemis.exam.domain.Exam@2
    23:42:45.285 | 361 ool-1-worker-125 | ERROR | tech.jhipster.web.util.HeaderUtil    : Entity processing failed, A imported exam cannot already have an ID
    23:42:45.285 | 361 ool-1-worker-125 | WARN  | o.z.p.spring.common.AdviceTraits     : Bad Request: A imported exam cannot already have an ID

  Starting logs for ExamIntegrationTest > testImportExamWithExercises_failsWithDateConflict()
    23:42:45.304 | 361 ool-1-worker-125 | INFO  | i.z.t.d.l.EmbeddedDatabaseReporter   : JDBC URL to connect to 'dataSource': url='jdbc:h2:tcp://localhost:41063/mem:736625c0-cf5e-400d-aeaa-8a7eabd6262b;USER=sa', scope='ExamIntegrationTest#testImportExamWithExercises_failsWithDateConflict'
    23:42:45.305 | 361 ool-1-worker-125 | DEBUG | d.t.c.a.a.c.s.f.ApiVersionFilter     : Adding Version to Request POST /api/courses/178/exam-import
    23:42:45.307 | 361 ool-1-worker-125 | DEBUG | d.t.c.a.a.exam.web.ExamResource      : REST request to import an exam : de.tum.cit.aet.artemis.exam.domain.Exam@0
    23:42:45.309 | 361 ool-1-worker-125 | ERROR | tech.jhipster.web.util.HeaderUtil    : Entity processing failed, For real exams, the visible date has to be before the start date and the start date has to be before the end date
    23:42:45.309 | 361 ool-1-worker-125 | WARN  | o.z.p.spring.common.AdviceTraits     : Bad Request: For real exams, the visible date has to be before the start date and the start date has to be before the end date
    23:42:45.310 | 361 ool-1-worker-125 | DEBUG | d.t.c.a.a.c.s.f.ApiVersionFilter     : Adding Version to Request POST /api/courses/178/exam-import
    23:42:45.311 | 361 ool-1-worker-125 | DEBUG | d.t.c.a.a.exam.web.ExamResource      : REST request to import an exam : de.tum.cit.aet.artemis.exam.domain.Exam@0
    23:42:45.313 | 361 ool-1-worker-125 | ERROR | tech.jhipster.web.util.HeaderUtil    : Entity processing failed, An exam has to have times when it becomes visible, starts, and ends as well as a working time.
    23:42:45.313 | 361 ool-1-worker-125 | WARN  | o.z.p.spring.common.AdviceTraits     : Bad Request: An exam has to have times when it becomes visible, starts, and ends as well as a working time.
    23:42:45.315 | 361 ool-1-worker-125 | DEBUG | d.t.c.a.a.c.s.f.ApiVersionFilter     : Adding Version to Request POST /api/courses/178/exam-import
    23:42:45.316 | 361 ool-1-worker-125 | DEBUG | d.t.c.a.a.exam.web.ExamResource      : REST request to import an exam : de.tum.cit.aet.artemis.exam.domain.Exam@0
    23:42:45.318 | 361 ool-1-worker-125 | ERROR | tech.jhipster.web.util.HeaderUtil    : Entity processing failed, For real exams, the visible date has to be before the start date and the start date has to be before the end date
    23:42:45.318 | 361 ool-1-worker-125 | WARN  | o.z.p.spring.common.AdviceTraits     : Bad Request: For real exams, the visible date has to be before the start date and the start date has to be before the end date
    23:42:45.320 | 361 ool-1-worker-125 | DEBUG | d.t.c.a.a.c.s.f.ApiVersionFilter     : Adding Version to Request POST /api/courses/178/exam-import
    23:42:45.321 | 361 ool-1-worker-125 | DEBUG | d.t.c.a.a.exam.web.ExamResource      : REST request to import an exam : de.tum.cit.aet.artemis.exam.domain.Exam@0
    23:42:45.326 | 361 ool-1-worker-125 | ERROR | tech.jhipster.web.util.HeaderUtil    : Entity processing failed, An exam has to have times when it becomes visible, starts, and ends as well as a working time.
    23:42:45.326 | 361 ool-1-worker-125 | WARN  | o.z.p.spring.common.AdviceTraits     : Bad Request: An exam has to have times when it becomes visible, starts, and ends as well as a working time.

  Starting logs for ExamIntegrationTest > testDeleteExamWithExerciseGroupAndTextExercise_asInstructor()
    23:42:45.354 | 361 ool-1-worker-125 | INFO  | i.z.t.d.l.EmbeddedDatabaseReporter   : JDBC URL to connect to 'dataSource': url='jdbc:h2:tcp://localhost:41063/mem:736625c0-cf5e-400d-aeaa-8a7eabd6262b;USER=sa', scope='ExamIntegrationTest#testDeleteExamWithExerciseGroupAndTextExercise_asInstructor'
    23:42:45.357 | 361 ool-1-worker-125 | DEBUG | d.t.c.a.a.c.s.f.ApiVersionFilter     : Adding Version to Request DELETE /api/courses/178/exams/428
    23:42:45.357 | 361 ool-1-worker-125 | INFO  | d.t.c.a.a.exam.web.ExamResource      : REST request to delete exam : 428
    23:42:45.362 | 361 ool-1-worker-125 | INFO  | d.t.c.a.a.e.s.ExamDeletionService    : User examintinstructor1 has requested to delete the exam Real exam 1
    23:42:45.369 | 361 ool-1-worker-125 | INFO  | .t.c.a.a.e.s.ExerciseDeletionService : Request to delete TextExercise with id 435
    23:42:45.370 | 361 ool-1-worker-125 | INFO  | .t.c.a.a.e.s.ExerciseDeletionService : Deleting the channel took 393µs
    23:42:45.370 | 361 ool-1-worker-125 | INFO  | .t.c.a.a.e.s.ExerciseDeletionService : Cancel scheduled operations of exercise 435
    23:42:45.370 | 361 ool-1-worker-125 | INFO  | .c.s.m.InstanceMessageReceiveService : Received schedule cancel for potential Athena exercise 435
    23:42:45.371 | 361 ool-1-worker-125 | INFO  | d.t.c.a.a.e.s.ParticipationService   : Request to delete all 0 participations of exercise with id : 435
    23:42:45.380 | 361 ool-1-worker-125 | INFO  | .c.a.a.c.s.TitleCacheEvictionService : Evicted entry '435' from title cache 'exerciseTitle'
    23:42:45.383 | 361 ool-1-worker-125 | WARN  | .c.a.a.c.s.TitleCacheEvictionService : Unable to clear title of exercises from exercise group 244: Exercises not initialized
    23:42:45.383 | 361 ool-1-worker-125 | INFO  | .c.a.a.c.s.TitleCacheEvictionService : Evicted entry '428' from title cache 'examTitle'

  Starting logs for ExamIntegrationTest > testImportExamWithExercises_successfulWithoutExercises()
    23:42:45.418 | 361 ool-1-worker-125 | INFO  | i.z.t.d.l.EmbeddedDatabaseReporter   : JDBC URL to connect to 'dataSource': url='jdbc:h2:tcp://localhost:41063/mem:736625c0-cf5e-400d-aeaa-8a7eabd6262b;USER=sa', scope='ExamIntegrationTest#testImportExamWithExercises_successfulWithoutExercises'
    23:42:45.423 | 361 ool-1-worker-125 | DEBUG | d.t.c.a.a.c.s.f.ApiVersionFilter     : Adding Version to Request POST /api/courses/178/exam-import
    23:42:45.424 | 361 ool-1-worker-125 | DEBUG | d.t.c.a.a.exam.web.ExamResource      : REST request to import an exam : de.tum.cit.aet.artemis.exam.domain.Exam@0

  Starting logs for ExamIntegrationTest > testSuspiciousSessionsAllOptionsCombined()
    23:42:45.495 | 361 ool-1-worker-125 | INFO  | i.z.t.d.l.EmbeddedDatabaseReporter   : JDBC URL to connect to 'dataSource': url='jdbc:h2:tcp://localhost:41063/mem:736625c0-cf5e-400d-aeaa-8a7eabd6262b;USER=sa', scope='ExamIntegrationTest#testSuspiciousSessionsAllOptionsCombined'
    23:42:45.551 | 361 ool-1-worker-125 | DEBUG | d.t.c.a.a.c.s.f.ApiVersionFilter     : Adding Version to Request GET /api/courses/178/exams/435/suspicious-sessions
    23:42:45.554 | 361 ool-1-worker-125 | DEBUG | d.t.c.a.a.exam.web.ExamResource      : REST request to get all exam sessions that are suspicious for exam : 435
    23:42:45.573 | 566 localvc.event-13 | DEBUG | a.a.b.s.SharedQueueProcessingService : Build job completed: BuildJobQueueItem[id=4621739576562326, name=SHORT43ACF76B02BC1044B80938509D14043FABDETSTEXC-LOCALCIINTSTUDENT1, buildAgent=BuildAgentDTO[name=artemis-build-agent-test, memberAddress=[127.0.0.1]:5703, displayName=artemis-build-agent-test], participationId=462, courseId=147, exerciseId=298, retryCount=0, priority=2, status=null, repositoryInfo=RepositoryInfo[repositoryName=short43acf76b02bc1044b80938509d14043fabdetstexc-localciintstudent1, repositoryType=user, triggeredByPushTo=user, assignmentRepositoryUri=http://localhost:49152/git/SHORT43ACF76B02BC1044B80938509D14043FABDETSTEXC/short43acf76b02bc1044b80938509d14043fabdetstexc-localciintstudent1.git, testRepositoryUri=http://localhost:49152/git/SHORT43ACF76B02BC1044B80938509D14043FABDETSTEXC/short43acf76b02bc1044b80938509d14043fabdetstexc-tests.git, solutionRepositoryUri=null, auxiliaryRepositoryUris=[Ljava.lang.String;@4d60a121, auxiliaryRepositoryCheckoutDirectories=[Ljava.lang.String;@7e7965f2], jobTimingInfo=JobTimingInfo[submissionDate=2025-02-14T23:42:42.326978596Z[Etc/UTC], buildStartDate=2025-02-14T23:42:42.420147010Z[Etc/UTC], buildCompletionDate=null, estimatedCompletionDate=2025-02-14T23:43:01.420129377Z[Etc/UTC], estimatedDuration=19], buildConfig=BuildConfig[buildScript=#!/bin/bash
cd /var/tmp/testing-dir
chmod +x ./gradlew
./gradlew clean test
, dockerImage=dummy-docker-image:latest, commitHashToBuild=a9c717ccf7bcbe9531d3eee21dbaeb5aab2ff971, assignmentCommitHash=a9c717ccf7bcbe9531d3eee21dbaeb5aab2ff971, testCommitHash=a9c717ccf7bcbe9531d3eee21dbaeb5aab2ff971, branch=main, programmingLanguage=JAVA, projectType=PLAIN_GRADLE, scaEnabled=false, sequentialTestRunsEnabled=false, resultPaths=[/var/tmp/testing-dir/**/test-results/test/*.xml], timeoutSeconds=0, assignmentCheckoutPath=null, testCheckoutPath=null, solutionCheckoutPath=null, dockerRunConfig=DockerRunConfig[isNetworkDisabled=true, env=[key=value]]], submissionResult=null]

  Starting logs for ExamIntegrationTest > testUpdateExam_changeEndDateDuringConduction_shouldNotifyStudents()
    23:42:45.592 | 564 localvc.event-11 | DEBUG | a.p.s.l.LocalCIQueueWebsocketService : CIBuildJobQueueItem removed from processing jobs: BuildJobQueueItem[id=4621739576562326, name=SHORT43ACF76B02BC1044B80938509D14043FABDETSTEXC-LOCALCIINTSTUDENT1, buildAgent=BuildAgentDTO[name=artemis-build-agent-test, memberAddress=[127.0.0.1]:5703, displayName=artemis-build-agent-test], participationId=462, courseId=147, exerciseId=298, retryCount=0, priority=2, status=null, repositoryInfo=RepositoryInfo[repositoryName=short43acf76b02bc1044b80938509d14043fabdetstexc-localciintstudent1, repositoryType=user, triggeredByPushTo=user, assignmentRepositoryUri=http://localhost:49152/git/SHORT43ACF76B02BC1044B80938509D14043FABDETSTEXC/short43acf76b02bc1044b80938509d14043fabdetstexc-localciintstudent1.git, testRepositoryUri=http://localhost:49152/git/SHORT43ACF76B02BC1044B80938509D14043FABDETSTEXC/short43acf76b02bc1044b80938509d14043fabdetstexc-tests.git, solutionRepositoryUri=null, auxiliaryRepositoryUris=[Ljava.lang.String;@8386019, auxiliaryRepositoryCheckoutDirectories=[Ljava.lang.String;@4df98a60], jobTimingInfo=JobTimingInfo[submissionDate=2025-02-14T23:42:42.326978596Z[Etc/UTC], buildStartDate=2025-02-14T23:42:42.420147010Z[Etc/UTC], buildCompletionDate=null, estimatedCompletionDate=2025-02-14T23:43:01.420129377Z[Etc/UTC], estimatedDuration=19], buildConfig=BuildConfig[buildScript=#!/bin/bash
cd /var/tmp/testing-dir
chmod +x ./gradlew
./gradlew clean test
, dockerImage=dummy-docker-image:latest, commitHashToBuild=a9c717ccf7bcbe9531d3eee21dbaeb5aab2ff971, assignmentCommitHash=a9c717ccf7bcbe9531d3eee21dbaeb5aab2ff971, testCommitHash=a9c717ccf7bcbe9531d3eee21dbaeb5aab2ff971, branch=main, programmingLanguage=JAVA, projectType=PLAIN_GRADLE, scaEnabled=false, sequentialTestRunsEnabled=false, resultPaths=[/var/tmp/testing-dir/**/test-results/test/*.xml], timeoutSeconds=0, assignmentCheckoutPath=null, testCheckoutPath=null, solutionCheckoutPath=null, dockerRunConfig=DockerRunConfig[isNetworkDisabled=true, env=[key=value]]], submissionResult=null]
    23:42:45.593 | 564 localvc.event-11 | DEBUG | s.l.LocalCIWebsocketMessagingService : Sending message on topic /topic/admin/running-jobs: []
    23:42:45.593 | 564 localvc.event-11 | DEBUG | s.l.LocalCIWebsocketMessagingService : Sending message on topic /topic/courses/147/running-jobs: []
    23:42:45.598 | 566 localvc.event-13 | DEBUG | a.a.b.s.SharedQueueProcessingService : Currently processing jobs on this node: 0, active threads in Pool: 0, maximum pool size of thread executor : 1
    23:42:45.599 | 566 localvc.event-13 | DEBUG | s.l.LocalCIWebsocketMessagingService : Sending message on topic /topic/admin/queued-jobs: []
    23:42:45.599 | 566 localvc.event-13 | DEBUG | s.l.LocalCIWebsocketMessagingService : Sending message on topic /topic/courses/147/queued-jobs: []
    23:42:45.600 | 566 localvc.event-13 | DEBUG | a.a.b.s.SharedQueueProcessingService : CIBuildJobQueueItem removed from queue: BuildJobQueueItem[id=4621739576562326, name=SHORT43ACF76B02BC1044B80938509D14043FABDETSTEXC-LOCALCIINTSTUDENT1, buildAgent=BuildAgentDTO[name=null, memberAddress=null, displayName=null], participationId=462, courseId=147, exerciseId=298, retryCount=0, priority=2, status=null, repositoryInfo=RepositoryInfo[repositoryName=short43acf76b02bc1044b80938509d14043fabdetstexc-localciintstudent1, repositoryType=user, triggeredByPushTo=user, assignmentRepositoryUri=http://localhost:49152/git/SHORT43ACF76B02BC1044B80938509D14043FABDETSTEXC/short43acf76b02bc1044b80938509d14043fabdetstexc-localciintstudent1.git, testRepositoryUri=http://localhost:49152/git/SHORT43ACF76B02BC1044B80938509D14043FABDETSTEXC/short43acf76b02bc1044b80938509d14043fabdetstexc-tests.git, solutionRepositoryUri=null, auxiliaryRepositoryUris=[Ljava.lang.String;@4c262abe, auxiliaryRepositoryCheckoutDirectories=[Ljava.lang.String;@965528a], jobTimingInfo=JobTimingInfo[submissionDate=2025-02-14T23:42:42.326978596Z[Etc/UTC], buildStartDate=null, buildCompletionDate=null, estimatedCompletionDate=null, estimatedDuration=19], buildConfig=BuildConfig[buildScript=#!/bin/bash
cd /var/tmp/testing-dir
chmod +x ./gradlew
./gradlew clean test
, dockerImage=dummy-docker-image:latest, commitHashToBuild=a9c717ccf7bcbe9531d3eee21dbaeb5aab2ff971, assignmentCommitHash=a9c717ccf7bcbe9531d3eee21dbaeb5aab2ff971, testCommitHash=a9c717ccf7bcbe9531d3eee21dbaeb5aab2ff971, branch=main, programmingLanguage=JAVA, projectType=PLAIN_GRADLE, scaEnabled=false, sequentialTestRunsEnabled=false, resultPaths=[/var/tmp/testing-dir/**/test-results/test/*.xml], timeoutSeconds=0, assignmentCheckoutPath=null, testCheckoutPath=null, solutionCheckoutPath=null, dockerRunConfig=DockerRunConfig[isNetworkDisabled=true, env=[key=value]]], submissionResult=null]
    23:42:45.602 | 566 localvc.event-13 | DEBUG | a.p.s.l.LocalCIQueueWebsocketService : Build agent updated: BuildAgentInformation[buildAgent=BuildAgentDTO[name=artemis-build-agent-test, memberAddress=[127.0.0.1]:5703, displayName=artemis-build-agent-test], maxNumberOfConcurrentBuildJobs=1, numberOfCurrentBuildJobs=1, runningBuildJobs=[BuildJobQueueItem[id=4621739576562326, name=SHORT43ACF76B02BC1044B80938509D14043FABDETSTEXC-LOCALCIINTSTUDENT1, buildAgent=BuildAgentDTO[name=artemis-build-agent-test, memberAddress=[127.0.0.1]:5703, displayName=artemis-build-agent-test], participationId=462, courseId=147, exerciseId=298, retryCount=0, priority=2, status=null, repositoryInfo=RepositoryInfo[repositoryName=short43acf76b02bc1044b80938509d14043fabdetstexc-localciintstudent1, repositoryType=user, triggeredByPushTo=user, assignmentRepositoryUri=http://localhost:49152/git/SHORT43ACF76B02BC1044B80938509D14043FABDETSTEXC/short43acf76b02bc1044b80938509d14043fabdetstexc-localciintstudent1.git, testRepositoryUri=http://localhost:49152/git/SHORT43ACF76B02BC1044B80938509D14043FABDETSTEXC/short43acf76b02bc1044b80938509d14043fabdetstexc-tests.git, solutionRepositoryUri=null, auxiliaryRepositoryUris=[Ljava.lang.String;@5c48c758, auxiliaryRepositoryCheckoutDirectories=[Ljava.lang.String;@5b81dde7], jobTimingInfo=JobTimingInfo[submissionDate=2025-02-14T23:42:42.326978596Z[Etc/UTC], buildStartDate=2025-02-14T23:42:42.420147010Z[Etc/UTC], buildCompletionDate=null, estimatedCompletionDate=2025-02-14T23:43:01.420129377Z[Etc/UTC], estimatedDuration=19], buildConfig=BuildConfig[buildScript=#!/bin/bash
cd /var/tmp/testing-dir
chmod +x ./gradlew
./gradlew clean test
, dockerImage=dummy-docker-image:latest, commitHashToBuild=a9c717ccf7bcbe9531d3eee21dbaeb5aab2ff971, assignmentCommitHash=a9c717ccf7bcbe9531d3eee21dbaeb5aab2ff971, testCommitHash=a9c717ccf7bcbe9531d3eee21dbaeb5aab2ff971, branch=main, programmingLanguage=JAVA, projectType=PLAIN_GRADLE, scaEnabled=false, sequentialTestRunsEnabled=false, resultPaths=[/var/tmp/testing-dir/**/test-results/test/*.xml], timeoutSeconds=0, assignmentCheckoutPath=null, testCheckoutPath=null, solutionCheckoutPath=null, dockerRunConfig=DockerRunConfig[isNetworkDisabled=true, env=[key=value]]], submissionResult=null]], status=ACTIVE, recentBuildJobs=[], publicSshKey=ssh-rsa AAAAB3NzaC1yc2EAAAADAQABAAACAQCOPdMsxRE2jFJ/UEa5/LsBxtwzJcrh3/rYBCQvcMeVpiRfhzQPWu7mrt/G2Ew+i+vRloGH9aqKg6dd1liRncao53Zmd/ePxoatXePNhmzTfkCkcSkTUz7B+QMjkoDDV5jwuFPD6mF3JkhuzSi64n9Zy905t4w2IhVcjM2mL3eYNjiCXt6Qpq3Pkt7dM/Ksw1nxnvuiIALuJLB3FTkXkHqq3PJav+9HSq2r6ZaWgekneaGxlQlb+U+Vy3XOuArKAzK8c8i+0bR+AHiTG6ncYXt7ax3U+TdlDTF7OLP3umwaYjs1NBXOHwG42pevvpKn2fqavZZozk+M05jXLx3bq0O7itxfErWc7etky8qYPyyIMF/txQIVLd78+Ze4d7Y60t5MGbXM5cGE6fFif5fEJwgswXD+BrG0cafz1CTatjSKFdvp8Vp4VszXhHDan1PrP6JEFJ5Cc5GDmLRZPCFa3vL9f5qXgf4bkqKN8MYeEujwJE5nMRWoiJVNakix2bcrrneQMBlnYeYZVWXXXUusAQBzl4NgddC1umZpihZkL1b1MffZAUW3EGEXi7KHnllQhkTLLsQ8ntMgbylqaJKStqaXlLvdeRJcEnUuiFCrHEVVbXRFZR7XVDZ02CE5o3MuaRPty8Kh+jRTF3COlAckHwYEJCNNJvXFgb2CNXL4mjzYDw== test@localhost]
    23:42:45.603 | 361 ool-1-worker-125 | INFO  | i.z.t.d.l.EmbeddedDatabaseReporter   : JDBC URL to connect to 'dataSource': url='jdbc:h2:tcp://localhost:41063/mem:736625c0-cf5e-400d-aeaa-8a7eabd6262b;USER=sa', scope='ExamIntegrationTest#testUpdateExam_changeEndDateDuringConduction_shouldNotifyStudents'
    23:42:45.604 | 566 localvc.event-13 | DEBUG | s.l.LocalCIWebsocketMessagingService : Sending message on topic /topic/admin/build-agents: [BuildAgentInformation[buildAgent=BuildAgentDTO[name=artemis-build-agent-test, memberAddress=[127.0.0.1]:5703, displayName=artemis-build-agent-test], maxNumberOfConcurrentBuildJobs=1, numberOfCurrentBuildJobs=0, runningBuildJobs=[], status=IDLE, recentBuildJobs=null, publicSshKey=null]]
    23:42:45.606 | 361 ool-1-worker-125 | DEBUG | d.t.c.a.a.c.s.f.ApiVersionFilter     : Adding Version to Request PUT /api/courses/178/exams
    23:42:45.607 | 361 ool-1-worker-125 | DEBUG | d.t.c.a.a.exam.web.ExamResource      : REST request to update an exam : de.tum.cit.aet.artemis.exam.domain.Exam@1b6
    23:42:45.608 | 566 localvc.event-13 | DEBUG | s.l.LocalCIWebsocketMessagingService : Sending message on topic /topic/admin/build-agent/artemis-build-agent-test: BuildAgentInformation[buildAgent=BuildAgentDTO[name=artemis-build-agent-test, memberAddress=[127.0.0.1]:5703, displayName=artemis-build-agent-test], maxNumberOfConcurrentBuildJobs=1, numberOfCurrentBuildJobs=0, runningBuildJobs=[], status=IDLE, recentBuildJobs=[BuildJobQueueItem[id=4621739576562326, name=SHORT43ACF76B02BC1044B80938509D14043FABDETSTEXC-LOCALCIINTSTUDENT1, buildAgent=BuildAgentDTO[name=artemis-build-agent-test, memberAddress=[127.0.0.1]:5703, displayName=artemis-build-agent-test], participationId=462, courseId=147, exerciseId=298, retryCount=0, priority=2, status=SUCCESSFUL, repositoryInfo=RepositoryInfo[repositoryName=short43acf76b02bc1044b80938509d14043fabdetstexc-localciintstudent1, repositoryType=user, triggeredByPushTo=user, assignmentRepositoryUri=http://localhost:49152/git/SHORT43ACF76B02BC1044B80938509D14043FABDETSTEXC/short43acf76b02bc1044b80938509d14043fabdetstexc-localciintstudent1.git, testRepositoryUri=http://localhost:49152/git/SHORT43ACF76B02BC1044B80938509D14043FABDETSTEXC/short43acf76b02bc1044b80938509d14043fabdetstexc-tests.git, solutionRepositoryUri=null, auxiliaryRepositoryUris=[Ljava.lang.String;@1f35ed5e, auxiliaryRepositoryCheckoutDirectories=[Ljava.lang.String;@4a8e75ba], jobTimingInfo=JobTimingInfo[submissionDate=2025-02-14T23:42:42.326978596Z[Etc/UTC], buildStartDate=2025-02-14T23:42:42.420147010Z[Etc/UTC], buildCompletionDate=2025-02-14T23:42:45.573855829Z[Etc/UTC], estimatedCompletionDate=2025-02-14T23:43:01.420129377Z[Etc/UTC], estimatedDuration=19], buildConfig=BuildConfig[buildScript=#!/bin/bash
cd /var/tmp/testing-dir
chmod +x ./gradlew
./gradlew clean test
, dockerImage=dummy-docker-image:latest, commitHashToBuild=a9c717ccf7bcbe9531d3eee21dbaeb5aab2ff971, assignmentCommitHash=a9c717ccf7bcbe9531d3eee21dbaeb5aab2ff971, testCommitHash=a9c717ccf7bcbe9531d3eee21dbaeb5aab2ff971, branch=main, programmingLanguage=JAVA, projectType=PLAIN_GRADLE, scaEnabled=false, sequentialTestRunsEnabled=false, resultPaths=[/var/tmp/testing-dir/**/test-results/test/*.xml], timeoutSeconds=0, assignmentCheckoutPath=null, testCheckoutPath=null, solutionCheckoutPath=null, dockerRunConfig=DockerRunConfig[isNetworkDisabled=true, env=[key=value]]], submissionResult=null]], publicSshKey=ssh-rsa AAAAB3NzaC1yc2EAAAADAQABAAACAQCOPdMsxRE2jFJ/UEa5/LsBxtwzJcrh3/rYBCQvcMeVpiRfhzQPWu7mrt/G2Ew+i+vRloGH9aqKg6dd1liRncao53Zmd/ePxoatXePNhmzTfkCkcSkTUz7B+QMjkoDDV5jwuFPD6mF3JkhuzSi64n9Zy905t4w2IhVcjM2mL3eYNjiCXt6Qpq3Pkt7dM/Ksw1nxnvuiIALuJLB3FTkXkHqq3PJav+9HSq2r6ZaWgekneaGxlQlb+U+Vy3XOuArKAzK8c8i+0bR+AHiTG6ncYXt7ax3U+TdlDTF7OLP3umwaYjs1NBXOHwG42pevvpKn2fqavZZozk+M05jXLx3bq0O7itxfErWc7etky8qYPyyIMF/txQIVLd78+Ze4d7Y60t5MGbXM5cGE6fFif5fEJwgswXD+BrG0cafz1CTatjSKFdvp8Vp4VszXhHDan1PrP6JEFJ5Cc5GDmLRZPCFa3vL9f5qXgf4bkqKN8MYeEujwJE5nMRWoiJVNakix2bcrrneQMBlnYeYZVWXXXUusAQBzl4NgddC1umZpihZkL1b1MffZAUW3EGEXi7KHnllQhkTLLsQ8ntMgbylqaJKStqaXlLvdeRJcEnUuiFCrHEVVbXRFZR7XVDZ02CE5o3MuaRPty8Kh+jRTF3COlAckHwYEJCNNJvXFgb2CNXL4mjzYDw== test@localhost]
    23:42:45.608 | 566 localvc.event-13 | DEBUG | a.p.s.l.SharedQueueManagementService : Build agent updated: null
    23:42:45.612 | 361 ool-1-worker-125 | DEBUG | d.t.c.a.a.exam.service.ExamService   : Request to get exam 438 with exercise groups (with details: false)
    23:42:45.621 | 566 localvc.event-13 | DEBUG | p.s.l.LocalCIResultProcessingService : Result of build job with id 4621739576562326 added to queue
    23:42:45.622 | 566 localvc.event-13 | INFO  | p.s.l.LocalCIResultProcessingService : Processing build job result with id 4621739576562326
    23:42:45.623 | 566 localvc.event-13 | DEBUG | p.s.l.LocalCIResultProcessingService : Build jobs waiting in queue: 0
    23:42:45.624 | 566 localvc.event-13 | DEBUG | p.s.l.LocalCIResultProcessingService : Queued build jobs: []
    23:42:45.626 | 566 localvc.event-13 | DEBUG | .s.ProgrammingExerciseGradingService : Received new build result (NEW) for participation 462
    23:42:45.640 | 361 ool-1-worker-125 | INFO  | .c.s.m.InstanceMessageReceiveService : Received reschedule of exam during conduction 438

  Starting logs for ExamIntegrationTest > testGetExamForTestRunDashboard_badRequest()
    23:42:45.685 | 566 localvc.event-13 | DEBUG | .c.s.m.InstanceMessageReceiveService : Received schedule participant score for exercise 298 and participant 37 (result to be deleted: null)
    23:42:45.685 | 566 localvc.event-13 | DEBUG | .a.s.ParticipantScoreScheduleService : Scheduled task for exercise 298 and participant 37 at 2025-02-14T23:42:45.785759785Z[Etc/UTC].
    23:42:45.690 | 566 localvc.event-13 | DEBUG | .a.a.p.s.ProgrammingMessagingService : Send result to client over websocket. Result: Result{id132, completionDate=2025-02-14T23:42:45.519869118Z[Etc/UTC], successful=false, score=7.7, rated=true, assessmentType=AUTOMATIC, hasComplaint=null, testCaseCount=13, passedTestCaseCount=1, codeIssueCount=0}, Submission: ProgrammingSubmission{commitHash='a9c717ccf7bcbe9531d3eee21dbaeb5aab2ff971', buildFailed=false, buildArtifact=false, type=MANUAL}, Participation: ProgrammingExerciseStudentParticipation{id=462, repositoryUri='http://localhost:49152/git/SHORT43ACF76B02BC1044B80938509D14043FABDETSTEXC/short43acf76b02bc1044b80938509d14043fabdetstexc-localciintstudent1.git', buildPlanId='SHORT43ACF76B02BC1044B80938509D14043FABDETSTEXC-LOCALCIINTSTUDENT1', initializationState='INITIALIZED', initializationDate='2025-02-14T23:42:42.235994Z', individualDueDate=null', presentationScore=null}
    23:42:45.695 | 361 ool-1-worker-125 | INFO  | i.z.t.d.l.EmbeddedDatabaseReporter   : JDBC URL to connect to 'dataSource': url='jdbc:h2:tcp://localhost:41063/mem:736625c0-cf5e-400d-aeaa-8a7eabd6262b;USER=sa', scope='ExamIntegrationTest#testGetExamForTestRunDashboard_badRequest'
    23:42:45.697 | 361 ool-1-worker-125 | DEBUG | d.t.c.a.a.c.s.f.ApiVersionFilter     : Adding Version to Request GET /api/courses/179/exams/441/exam-for-test-run-assessment-dashboard
    23:42:45.698 | 361 ool-1-worker-125 | DEBUG | d.t.c.a.a.exam.web.ExamResource      : REST request /courses/{courseId}/exams/{examId}/exam-for-test-run-assessment-dashboard
    23:42:45.698 | 361 ool-1-worker-125 | DEBUG | d.t.c.a.a.exam.service.ExamService   : Request to get exam 441 with exercise groups (with details: false)
    23:42:45.701 | 361 ool-1-worker-125 | ERROR | tech.jhipster.web.util.HeaderUtil    : Entity processing failed, The course id does not match the id of the course connected to the exam.
    23:42:45.701 | 361 ool-1-worker-125 | WARN  | o.z.p.spring.common.AdviceTraits     : Bad Request: The course id does not match the id of the course connected to the exam.

  Starting logs for ExamIntegrationTest > testAll_asStudent_shouldNotBeAuthorized()
    23:42:45.721 | 361 ool-1-worker-125 | INFO  | i.z.t.d.l.EmbeddedDatabaseReporter   : JDBC URL to connect to 'dataSource': url='jdbc:h2:tcp://localhost:41063/mem:736625c0-cf5e-400d-aeaa-8a7eabd6262b;USER=sa', scope='ExamIntegrationTest#testAll_asStudent_shouldNotBeAuthorized'
    23:42:45.723 | 566 localvc.event-13 | DEBUG | d.t.c.a.a.p.s.BuildLogEntryService   : Saved build logs for build job 4621739576562326 to file /tmp/build-logs/short43acf76b02bc1044b80938509d14043fabde/TSTEXC/4621739576562326.log
    23:42:45.724 | 361 ool-1-worker-125 | DEBUG | d.t.c.a.a.c.s.f.ApiVersionFilter     : Adding Version to Request POST /api/courses/198/exams
    23:42:45.726 | 361 ool-1-worker-125 | WARN  | o.z.p.spring.common.AdviceTraits     : Forbidden: Access Denied
    23:42:45.728 | 566 localvc.event-13 | DEBUG | a.p.s.l.LocalCIQueueWebsocketService : Build agent updated: BuildAgentInformation[buildAgent=BuildAgentDTO[name=artemis-build-agent-test, memberAddress=[127.0.0.1]:5703, displayName=artemis-build-agent-test], maxNumberOfConcurrentBuildJobs=1, numberOfCurrentBuildJobs=0, runningBuildJobs=[], status=IDLE, recentBuildJobs=[BuildJobQueueItem[id=4621739576562326, name=SHORT43ACF76B02BC1044B80938509D14043FABDETSTEXC-LOCALCIINTSTUDENT1, buildAgent=BuildAgentDTO[name=artemis-build-agent-test, memberAddress=[127.0.0.1]:5703, displayName=artemis-build-agent-test], participationId=462, courseId=147, exerciseId=298, retryCount=0, priority=2, status=SUCCESSFUL, repositoryInfo=RepositoryInfo[repositoryName=short43acf76b02bc1044b80938509d14043fabdetstexc-localciintstudent1, repositoryType=user, triggeredByPushTo=user, assignmentRepositoryUri=http://localhost:49152/git/SHORT43ACF76B02BC1044B80938509D14043FABDETSTEXC/short43acf76b02bc1044b80938509d14043fabdetstexc-localciintstudent1.git, testRepositoryUri=http://localhost:49152/git/SHORT43ACF76B02BC1044B80938509D14043FABDETSTEXC/short43acf76b02bc1044b80938509d14043fabdetstexc-tests.git, solutionRepositoryUri=null, auxiliaryRepositoryUris=[Ljava.lang.String;@165fefa4, auxiliaryRepositoryCheckoutDirectories=[Ljava.lang.String;@fe2c4d0], jobTimingInfo=JobTimingInfo[submissionDate=2025-02-14T23:42:42.326978596Z[Etc/UTC], buildStartDate=2025-02-14T23:42:42.420147010Z[Etc/UTC], buildCompletionDate=2025-02-14T23:42:45.573855829Z[Etc/UTC], estimatedCompletionDate=2025-02-14T23:43:01.420129377Z[Etc/UTC], estimatedDuration=19], buildConfig=BuildConfig[buildScript=#!/bin/bash
cd /var/tmp/testing-dir
chmod +x ./gradlew
./gradlew clean test
, dockerImage=dummy-docker-image:latest, commitHashToBuild=a9c717ccf7bcbe9531d3eee21dbaeb5aab2ff971, assignmentCommitHash=a9c717ccf7bcbe9531d3eee21dbaeb5aab2ff971, testCommitHash=a9c717ccf7bcbe9531d3eee21dbaeb5aab2ff971, branch=main, programmingLanguage=JAVA, projectType=PLAIN_GRADLE, scaEnabled=false, sequentialTestRunsEnabled=false, resultPaths=[/var/tmp/testing-dir/**/test-results/test/*.xml], timeoutSeconds=0, assignmentCheckoutPath=null, testCheckoutPath=null, solutionCheckoutPath=null, dockerRunConfig=DockerRunConfig[isNetworkDisabled=true, env=[key=value]]], submissionResult=null]], publicSshKey=ssh-rsa AAAAB3NzaC1yc2EAAAADAQABAAACAQCOPdMsxRE2jFJ/UEa5/LsBxtwzJcrh3/rYBCQvcMeVpiRfhzQPWu7mrt/G2Ew+i+vRloGH9aqKg6dd1liRncao53Zmd/ePxoatXePNhmzTfkCkcSkTUz7B+QMjkoDDV5jwuFPD6mF3JkhuzSi64n9Zy905t4w2IhVcjM2mL3eYNjiCXt6Qpq3Pkt7dM/Ksw1nxnvuiIALuJLB3FTkXkHqq3PJav+9HSq2r6ZaWgekneaGxlQlb+U+Vy3XOuArKAzK8c8i+0bR+AHiTG6ncYXt7ax3U+TdlDTF7OLP3umwaYjs1NBXOHwG42pevvpKn2fqavZZozk+M05jXLx3bq0O7itxfErWc7etky8qYPyyIMF/txQIVLd78+Ze4d7Y60t5MGbXM5cGE6fFif5fEJwgswXD+BrG0cafz1CTatjSKFdvp8Vp4VszXhHDan1PrP6JEFJ5Cc5GDmLRZPCFa3vL9f5qXgf4bkqKN8MYeEujwJE5nMRWoiJVNakix2bcrrneQMBlnYeYZVWXXXUusAQBzl4NgddC1umZpihZkL1b1MffZAUW3EGEXi7KHnllQhkTLLsQ8ntMgbylqaJKStqaXlLvdeRJcEnUuiFCrHEVVbXRFZR7XVDZ02CE5o3MuaRPty8Kh+jRTF3COlAckHwYEJCNNJvXFgb2CNXL4mjzYDw== test@localhost]
    23:42:45.728 | 361 ool-1-worker-125 | DEBUG | d.t.c.a.a.c.s.f.ApiVersionFilter     : Adding Version to Request PUT /api/courses/198/exams
    23:42:45.729 | 361 ool-1-worker-125 | WARN  | o.z.p.spring.common.AdviceTraits     : Forbidden: Access Denied
    23:42:45.731 | 361 ool-1-worker-125 | DEBUG | d.t.c.a.a.c.s.f.ApiVersionFilter     : Adding Version to Request GET /api/courses/198/exams/447
    23:42:45.732 | 361 ool-1-worker-125 | WARN  | o.z.p.spring.common.AdviceTraits     : Forbidden: Access Denied
    23:42:45.734 | 361 ool-1-worker-125 | DEBUG | d.t.c.a.a.c.s.f.ApiVersionFilter     : Adding Version to Request DELETE /api/courses/198/exams/447
    23:42:45.735 | 361 ool-1-worker-125 | WARN  | o.z.p.spring.common.AdviceTraits     : Forbidden: Access Denied
    23:42:45.736 | 361 ool-1-worker-125 | DEBUG | d.t.c.a.a.c.s.f.ApiVersionFilter     : Adding Version to Request DELETE /api/courses/198/exams/447/reset
    23:42:45.737 | 361 ool-1-worker-125 | WARN  | o.z.p.spring.common.AdviceTraits     : Forbidden: Access Denied
    23:42:45.739 | 361 ool-1-worker-125 | DEBUG | d.t.c.a.a.c.s.f.ApiVersionFilter     : Adding Version to Request POST /api/courses/198/exams/447/students/examintstudent1
    23:42:45.740 | 361 ool-1-worker-125 | WARN  | o.z.p.spring.common.AdviceTraits     : Forbidden: Access Denied
    23:42:45.741 | 361 ool-1-worker-125 | DEBUG | d.t.c.a.a.c.s.f.ApiVersionFilter     : Adding Version to Request POST /api/courses/198/exams/447/students
    23:42:45.743 | 361 ool-1-worker-125 | WARN  | o.z.p.spring.common.AdviceTraits     : Forbidden: Access Denied
    23:42:45.744 | 361 ool-1-worker-125 | DEBUG | d.t.c.a.a.c.s.f.ApiVersionFilter     : Adding Version to Request DELETE /api/courses/198/exams/447/students/examintstudent1
    23:42:45.745 | 361 ool-1-worker-125 | WARN  | o.z.p.spring.common.AdviceTraits     : Forbidden: Access Denied
    23:42:45.746 | 566 localvc.event-13 | DEBUG | s.l.LocalCIWebsocketMessagingService : Sending message on topic /topic/admin/build-agents: [BuildAgentInformation[buildAgent=BuildAgentDTO[name=artemis-build-agent-test, memberAddress=[127.0.0.1]:5703, displayName=artemis-build-agent-test], maxNumberOfConcurrentBuildJobs=1, numberOfCurrentBuildJobs=0, runningBuildJobs=[], status=IDLE, recentBuildJobs=null, publicSshKey=null]]
    23:42:45.747 | 361 ool-1-worker-125 | DEBUG | d.t.c.a.a.c.s.f.ApiVersionFilter     : Adding Version to Request GET /api/courses/178/exams
    23:42:45.748 | 361 ool-1-worker-125 | WARN  | o.z.p.spring.common.AdviceTraits     : Forbidden: Access Denied
    23:42:45.755 | 566 localvc.event-13 | DEBUG | s.l.LocalCIWebsocketMessagingService : Sending message on topic /topic/admin/build-agent/artemis-build-agent-test: BuildAgentInformation[buildAgent=BuildAgentDTO[name=artemis-build-agent-test, memberAddress=[127.0.0.1]:5703, displayName=artemis-build-agent-test], maxNumberOfConcurrentBuildJobs=1, numberOfCurrentBuildJobs=0, runningBuildJobs=[], status=IDLE, recentBuildJobs=[BuildJobQueueItem[id=4621739576562326, name=SHORT43ACF76B02BC1044B80938509D14043FABDETSTEXC-LOCALCIINTSTUDENT1, buildAgent=BuildAgentDTO[name=artemis-build-agent-test, memberAddress=[127.0.0.1]:5703, displayName=artemis-build-agent-test], participationId=462, courseId=147, exerciseId=298, retryCount=0, priority=2, status=SUCCESSFUL, repositoryInfo=RepositoryInfo[repositoryName=short43acf76b02bc1044b80938509d14043fabdetstexc-localciintstudent1, repositoryType=user, triggeredByPushTo=user, assignmentRepositoryUri=http://localhost:49152/git/SHORT43ACF76B02BC1044B80938509D14043FABDETSTEXC/short43acf76b02bc1044b80938509d14043fabdetstexc-localciintstudent1.git, testRepositoryUri=http://localhost:49152/git/SHORT43ACF76B02BC1044B80938509D14043FABDETSTEXC/short43acf76b02bc1044b80938509d14043fabdetstexc-tests.git, solutionRepositoryUri=null, auxiliaryRepositoryUris=[Ljava.lang.String;@53cf2cb4, auxiliaryRepositoryCheckoutDirectories=[Ljava.lang.String;@d40c028], jobTimingInfo=JobTimingInfo[submissionDate=2025-02-14T23:42:42.326978596Z[Etc/UTC], buildStartDate=2025-02-14T23:42:42.420147010Z[Etc/UTC], buildCompletionDate=2025-02-14T23:42:45.573855829Z[Etc/UTC], estimatedCompletionDate=2025-02-14T23:43:01.420129377Z[Etc/UTC], estimatedDuration=19], buildConfig=BuildConfig[buildScript=#!/bin/bash
cd /var/tmp/testing-dir
chmod +x ./gradlew
./gradlew clean test
, dockerImage=dummy-docker-image:latest, commitHashToBuild=a9c717ccf7bcbe9531d3eee21dbaeb5aab2ff971, assignmentCommitHash=a9c717ccf7bcbe9531d3eee21dbaeb5aab2ff971, testCommitHash=a9c717ccf7bcbe9531d3eee21dbaeb5aab2ff971, branch=main, programmingLanguage=JAVA, projectType=PLAIN_GRADLE, scaEnabled=false, sequentialTestRunsEnabled=false, resultPaths=[/var/tmp/testing-dir/**/test-results/test/*.xml], timeoutSeconds=0, assignmentCheckoutPath=null, testCheckoutPath=null, solutionCheckoutPath=null, dockerRunConfig=DockerRunConfig[isNetworkDisabled=true, env=[key=value]]], submissionResult=ResultDTO[id=132, completionDate=2025-02-14T23:42:45.519869118Z[Etc/UTC], successful=false, score=7.7, rated=true, submission=SubmissionDTO[id=119, submitted=true, type=MANUAL, exampleSubmission=null, submissionDate=2025-02-14T23:42:42.302762Z, commitHash=a9c717ccf7bcbe9531d3eee21dbaeb5aab2ff971, buildFailed=false, buildArtifact=false, participation=ParticipationDTO[id=462, testRun=false, type=programming, submissionCount=null, exercise=ParticipationExerciseDTO[id=298, exerciseType=PROGRAMMING, type=programming, assessmentType=AUTOMATIC, dueDate=2025-02-16T23:42:41.553955Z, assessmentDueDate=null, maxPoints=42.0, course=CourseDTO[id=147, accuracyOfScores=1]]], submissionExerciseType=programming, isProcessing=false, buildStartDate=null, estimatedCompletionDate=null], participation=ParticipationDTO[id=462, testRun=false, type=programming, submissionCount=null, exercise=ParticipationExerciseDTO[id=298, exerciseType=PROGRAMMING, type=programming, assessmentType=AUTOMATIC, dueDate=2025-02-16T23:42:41.553955Z, assessmentDueDate=null, maxPoints=42.0, course=CourseDTO[id=147, accuracyOfScores=1]]], feedbacks=[FeedbackDTO[id=67, text=null, detailText=The exercise expects a class with the name Context in the package testpackage. You did not implement the class in the exercise., hasLongFeedbackText=false, reference=null, credits=0.0, positive=false, type=AUTOMATIC, visibility=ALWAYS, testCase=TestCaseDTO[testName=null, id=13]], FeedbackDTO[id=68, text=null, detailText=The exercise expects a class with the name Policy in the package testpackage. You did not implement the class in the exercise., hasLongFeedbackText=false, reference=null, credits=0.0, positive=false, type=AUTOMATIC, visibility=ALWAYS, testCase=TestCaseDTO[testName=null, id=14]], FeedbackDTO[id=69, text=null, detailText=The exercise expects a class with the name SortStrategy in the package testpackage. You did not implement the class in the exercise., hasLongFeedbackText=false, reference=null, credits=0.0, positive=false, type=AUTOMATIC, visibility=ALWAYS, testCase=TestCaseDTO[testName=null, id=15]], FeedbackDTO[id=70, text=null, detailText=The class 'MergeSort' does not implement the interface 'SortStrategy' as expected. Implement the interface and its methods., hasLongFeedbackText=false, reference=null, credits=0.0, positive=false, type=AUTOMATIC, visibility=ALWAYS, testCase=TestCaseDTO[testName=null, id=10]], FeedbackDTO[id=71, text=null, detailText=The exercise expects a class with the name SortStrategy in the package testpackage. You did not implement the class in the exercise., hasLongFeedbackText=false, reference=null, credits=0.0, positive=false, type=AUTOMATIC, visibility=ALWAYS, testCase=TestCaseDTO[testName=null, id=7]], FeedbackDTO[id=72, text=null, detailText=The class 'BubbleSort' does not implement the interface 'SortStrategy' as expected. Implement the interface and its methods., hasLongFeedbackText=false, reference=null, credits=0.0, positive=false, type=AUTOMATIC, visibility=ALWAYS, testCase=TestCaseDTO[testName=null, id=11]], FeedbackDTO[id=73, text=null, detailText=MergeSort does not sort correctly, hasLongFeedbackText=false, reference=null, credits=0.0, positive=false, type=AUTOMATIC, visibility=ALWAYS, testCase=TestCaseDTO[testName=null, id=16]], FeedbackDTO[id=74, text=null, detailText=The class 'Context' was not found within the submission. Make sure to implement it properly., hasLongFeedbackText=false, reference=null, credits=0.0, positive=false, type=AUTOMATIC, visibility=ALWAYS, testCase=TestCaseDTO[testName=null, id=17]], FeedbackDTO[id=75, text=null, detailText=The class 'Context' was not found within the submission. Make sure to implement it properly., hasLongFeedbackText=false, reference=null, credits=0.0, positive=false, type=AUTOMATIC, visibility=ALWAYS, testCase=TestCaseDTO[testName=null, id=18]], FeedbackDTO[id=76, text=null, detailText=The exercise expects a class with the name Policy in the package testpackage. You did not implement the class in the exercise., hasLongFeedbackText=false, reference=null, credits=0.0, positive=false, type=AUTOMATIC, visibility=ALWAYS, testCase=TestCaseDTO[testName=null, id=12]], FeedbackDTO[id=77, text=null, detailText=The exercise expects a class with the name Context in the package testpackage. You did not implement the class in the exercise., hasLongFeedbackText=false, reference=null, credits=0.0, positive=false, type=AUTOMATIC, visibility=ALWAYS, testCase=TestCaseDTO[testName=null, id=8]], FeedbackDTO[id=78, text=null, detailText=The exercise expects a class with the name Policy in the package testpackage. You did not implement the class in the exercise., hasLongFeedbackText=false, reference=null, credits=0.0, positive=false, type=AUTOMATIC, visibility=ALWAYS, testCase=TestCaseDTO[testName=null, id=9]], FeedbackDTO[id=79, text=null, detailText=null, hasLongFeedbackText=false, reference=null, credits=3.230769230769231, positive=true, type=AUTOMATIC, visibility=ALWAYS, testCase=TestCaseDTO[testName=null, id=19]]], assessmentType=AUTOMATIC, hasComplaint=null, exampleResult=null, testCaseCount=13, passedTestCaseCount=1, codeIssueCount=0]]], publicSshKey=ssh-rsa AAAAB3NzaC1yc2EAAAADAQABAAACAQCOPdMsxRE2jFJ/UEa5/LsBxtwzJcrh3/rYBCQvcMeVpiRfhzQPWu7mrt/G2Ew+i+vRloGH9aqKg6dd1liRncao53Zmd/ePxoatXePNhmzTfkCkcSkTUz7B+QMjkoDDV5jwuFPD6mF3JkhuzSi64n9Zy905t4w2IhVcjM2mL3eYNjiCXt6Qpq3Pkt7dM/Ksw1nxnvuiIALuJLB3FTkXkHqq3PJav+9HSq2r6ZaWgekneaGxlQlb+U+Vy3XOuArKAzK8c8i+0bR+AHiTG6ncYXt7ax3U+TdlDTF7OLP3umwaYjs1NBXOHwG42pevvpKn2fqavZZozk+M05jXLx3bq0O7itxfErWc7etky8qYPyyIMF/txQIVLd78+Ze4d7Y60t5MGbXM5cGE6fFif5fEJwgswXD+BrG0cafz1CTatjSKFdvp8Vp4VszXhHDan1PrP6JEFJ5Cc5GDmLRZPCFa3vL9f5qXgf4bkqKN8MYeEujwJE5nMRWoiJVNakix2bcrrneQMBlnYeYZVWXXXUusAQBzl4NgddC1umZpihZkL1b1MffZAUW3EGEXi7KHnllQhkTLLsQ8ntMgbylqaJKStqaXlLvdeRJcEnUuiFCrHEVVbXRFZR7XVDZ02CE5o3MuaRPty8Kh+jRTF3COlAckHwYEJCNNJvXFgb2CNXL4mjzYDw== test@localhost]
    23:42:45.756 | 566 localvc.event-13 | DEBUG | a.p.s.l.SharedQueueManagementService : Build agent updated: null

  Starting logs for ExamIntegrationTest > testGetExamForImportWithExercises_successful()
    23:42:45.768 | 361 ool-1-worker-125 | INFO  | i.z.t.d.l.EmbeddedDatabaseReporter   : JDBC URL to connect to 'dataSource': url='jdbc:h2:tcp://localhost:41063/mem:736625c0-cf5e-400d-aeaa-8a7eabd6262b;USER=sa', scope='ExamIntegrationTest#testGetExamForImportWithExercises_successful'
    23:42:45.770 | 566 localvc.event-13 | DEBUG | a.p.s.l.LocalCIQueueWebsocketService : Build agent updated: BuildAgentInformation[buildAgent=BuildAgentDTO[name=artemis-build-agent-test, memberAddress=[127.0.0.1]:5703, displayName=artemis-build-agent-test], maxNumberOfConcurrentBuildJobs=1, numberOfCurrentBuildJobs=0, runningBuildJobs=[], status=IDLE, recentBuildJobs=[BuildJobQueueItem[id=4621739576562326, name=SHORT43ACF76B02BC1044B80938509D14043FABDETSTEXC-LOCALCIINTSTUDENT1, buildAgent=BuildAgentDTO[name=artemis-build-agent-test, memberAddress=[127.0.0.1]:5703, displayName=artemis-build-agent-test], participationId=462, courseId=147, exerciseId=298, retryCount=0, priority=2, status=SUCCESSFUL, repositoryInfo=RepositoryInfo[repositoryName=short43acf76b02bc1044b80938509d14043fabdetstexc-localciintstudent1, repositoryType=user, triggeredByPushTo=user, assignmentRepositoryUri=http://localhost:49152/git/SHORT43ACF76B02BC1044B80938509D14043FABDETSTEXC/short43acf76b02bc1044b80938509d14043fabdetstexc-localciintstudent1.git, testRepositoryUri=http://localhost:49152/git/SHORT43ACF76B02BC1044B80938509D14043FABDETSTEXC/short43acf76b02bc1044b80938509d14043fabdetstexc-tests.git, solutionRepositoryUri=null, auxiliaryRepositoryUris=[Ljava.lang.String;@457c56c6, auxiliaryRepositoryCheckoutDirectories=[Ljava.lang.String;@8ff426], jobTimingInfo=JobTimingInfo[submissionDate=2025-02-14T23:42:42.326978596Z[Etc/UTC], buildStartDate=2025-02-14T23:42:42.420147010Z[Etc/UTC], buildCompletionDate=2025-02-14T23:42:45.573855829Z[Etc/UTC], estimatedCompletionDate=2025-02-14T23:43:01.420129377Z[Etc/UTC], estimatedDuration=19], buildConfig=BuildConfig[buildScript=#!/bin/bash
cd /var/tmp/testing-dir
chmod +x ./gradlew
./gradlew clean test
, dockerImage=dummy-docker-image:latest, commitHashToBuild=a9c717ccf7bcbe9531d3eee21dbaeb5aab2ff971, assignmentCommitHash=a9c717ccf7bcbe9531d3eee21dbaeb5aab2ff971, testCommitHash=a9c717ccf7bcbe9531d3eee21dbaeb5aab2ff971, branch=main, programmingLanguage=JAVA, projectType=PLAIN_GRADLE, scaEnabled=false, sequentialTestRunsEnabled=false, resultPaths=[/var/tmp/testing-dir/**/test-results/test/*.xml], timeoutSeconds=0, assignmentCheckoutPath=null, testCheckoutPath=null, solutionCheckoutPath=null, dockerRunConfig=DockerRunConfig[isNetworkDisabled=true, env=[key=value]]], submissionResult=ResultDTO[id=132, completionDate=2025-02-14T23:42:45.519869118Z[Etc/UTC], successful=false, score=7.7, rated=true, submission=SubmissionDTO[id=119, submitted=true, type=MANUAL, exampleSubmission=null, submissionDate=2025-02-14T23:42:42.302762Z, commitHash=a9c717ccf7bcbe9531d3eee21dbaeb5aab2ff971, buildFailed=false, buildArtifact=false, participation=ParticipationDTO[id=462, testRun=false, type=programming, submissionCount=null, exercise=ParticipationExerciseDTO[id=298, exerciseType=PROGRAMMING, type=programming, assessmentType=AUTOMATIC, dueDate=2025-02-16T23:42:41.553955Z, assessmentDueDate=null, maxPoints=42.0, course=CourseDTO[id=147, accuracyOfScores=1]]], submissionExerciseType=programming, isProcessing=false, buildStartDate=null, estimatedCompletionDate=null], participation=ParticipationDTO[id=462, testRun=false, type=programming, submissionCount=null, exercise=ParticipationExerciseDTO[id=298, exerciseType=PROGRAMMING, type=programming, assessmentType=AUTOMATIC, dueDate=2025-02-16T23:42:41.553955Z, assessmentDueDate=null, maxPoints=42.0, course=CourseDTO[id=147, accuracyOfScores=1]]], feedbacks=[FeedbackDTO[id=67, text=null, detailText=The exercise expects a class with the name Context in the package testpackage. You did not implement the class in the exercise., hasLongFeedbackText=false, reference=null, credits=0.0, positive=false, type=AUTOMATIC, visibility=ALWAYS, testCase=TestCaseDTO[testName=null, id=13]], FeedbackDTO[id=68, text=null, detailText=The exercise expects a class with the name Policy in the package testpackage. You did not implement the class in the exercise., hasLongFeedbackText=false, reference=null, credits=0.0, positive=false, type=AUTOMATIC, visibility=ALWAYS, testCase=TestCaseDTO[testName=null, id=14]], FeedbackDTO[id=69, text=null, detailText=The exercise expects a class with the name SortStrategy in the package testpackage. You did not implement the class in the exercise., hasLongFeedbackText=false, reference=null, credits=0.0, positive=false, type=AUTOMATIC, visibility=ALWAYS, testCase=TestCaseDTO[testName=null, id=15]], FeedbackDTO[id=70, text=null, detailText=The class 'MergeSort' does not implement the interface 'SortStrategy' as expected. Implement the interface and its methods., hasLongFeedbackText=false, reference=null, credits=0.0, positive=false, type=AUTOMATIC, visibility=ALWAYS, testCase=TestCaseDTO[testName=null, id=10]], FeedbackDTO[id=71, text=null, detailText=The exercise expects a class with the name SortStrategy in the package testpackage. You did not implement the class in the exercise., hasLongFeedbackText=false, reference=null, credits=0.0, positive=false, type=AUTOMATIC, visibility=ALWAYS, testCase=TestCaseDTO[testName=null, id=7]], FeedbackDTO[id=72, text=null, detailText=The class 'BubbleSort' does not implement the interface 'SortStrategy' as expected. Implement the interface and its methods., hasLongFeedbackText=false, reference=null, credits=0.0, positive=false, type=AUTOMATIC, visibility=ALWAYS, testCase=TestCaseDTO[testName=null, id=11]], FeedbackDTO[id=73, text=null, detailText=MergeSort does not sort correctly, hasLongFeedbackText=false, reference=null, credits=0.0, positive=false, type=AUTOMATIC, visibility=ALWAYS, testCase=TestCaseDTO[testName=null, id=16]], FeedbackDTO[id=74, text=null, detailText=The class 'Context' was not found within the submission. Make sure to implement it properly., hasLongFeedbackText=false, reference=null, credits=0.0, positive=false, type=AUTOMATIC, visibility=ALWAYS, testCase=TestCaseDTO[testName=null, id=17]], FeedbackDTO[id=75, text=null, detailText=The class 'Context' was not found within the submission. Make sure to implement it properly., hasLongFeedbackText=false, reference=null, credits=0.0, positive=false, type=AUTOMATIC, visibility=ALWAYS, testCase=TestCaseDTO[testName=null, id=18]], FeedbackDTO[id=76, text=null, detailText=The exercise expects a class with the name Policy in the package testpackage. You did not implement the class in the exercise., hasLongFeedbackText=false, reference=null, credits=0.0, positive=false, type=AUTOMATIC, visibility=ALWAYS, testCase=TestCaseDTO[testName=null, id=12]], FeedbackDTO[id=77, text=null, detailText=The exercise expects a class with the name Context in the package testpackage. You did not implement the class in the exercise., hasLongFeedbackText=false, reference=null, credits=0.0, positive=false, type=AUTOMATIC, visibility=ALWAYS, testCase=TestCaseDTO[testName=null, id=8]], FeedbackDTO[id=78, text=null, detailText=The exercise expects a class with the name Policy in the package testpackage. You did not implement the class in the exercise., hasLongFeedbackText=false, reference=null, credits=0.0, positive=false, type=AUTOMATIC, visibility=ALWAYS, testCase=TestCaseDTO[testName=null, id=9]], FeedbackDTO[id=79, text=null, detailText=null, hasLongFeedbackText=false, reference=null, credits=3.230769230769231, positive=true, type=AUTOMATIC, visibility=ALWAYS, testCase=TestCaseDTO[testName=null, id=19]]], assessmentType=AUTOMATIC, hasComplaint=null, exampleResult=null, testCaseCount=13, passedTestCaseCount=1, codeIssueCount=0]]], publicSshKey=ssh-rsa AAAAB3NzaC1yc2EAAAADAQABAAACAQCOPdMsxRE2jFJ/UEa5/LsBxtwzJcrh3/rYBCQvcMeVpiRfhzQPWu7mrt/G2Ew+i+vRloGH9aqKg6dd1liRncao53Zmd/ePxoatXePNhmzTfkCkcSkTUz7B+QMjkoDDV5jwuFPD6mF3JkhuzSi64n9Zy905t4w2IhVcjM2mL3eYNjiCXt6Qpq3Pkt7dM/Ksw1nxnvuiIALuJLB3FTkXkHqq3PJav+9HSq2r6ZaWgekneaGxlQlb+U+Vy3XOuArKAzK8c8i+0bR+AHiTG6ncYXt7ax3U+TdlDTF7OLP3umwaYjs1NBXOHwG42pevvpKn2fqavZZozk+M05jXLx3bq0O7itxfErWc7etky8qYPyyIMF/txQIVLd78+Ze4d7Y60t5MGbXM5cGE6fFif5fEJwgswXD+BrG0cafz1CTatjSKFdvp8Vp4VszXhHDan1PrP6JEFJ5Cc5GDmLRZPCFa3vL9f5qXgf4bkqKN8MYeEujwJE5nMRWoiJVNakix2bcrrneQMBlnYeYZVWXXXUusAQBzl4NgddC1umZpihZkL1b1MffZAUW3EGEXi7KHnllQhkTLLsQ8ntMgbylqaJKStqaXlLvdeRJcEnUuiFCrHEVVbXRFZR7XVDZ02CE5o3MuaRPty8Kh+jRTF3COlAckHwYEJCNNJvXFgb2CNXL4mjzYDw== test@localhost]
    23:42:45.772 | 566 localvc.event-13 | DEBUG | s.l.LocalCIWebsocketMessagingService : Sending message on topic /topic/admin/build-agents: [BuildAgentInformation[buildAgent=BuildAgentDTO[name=artemis-build-agent-test, memberAddress=[127.0.0.1]:5703, displayName=artemis-build-agent-test], maxNumberOfConcurrentBuildJobs=1, numberOfCurrentBuildJobs=0, runningBuildJobs=[], status=IDLE, recentBuildJobs=null, publicSshKey=null]]
    23:42:45.774 | 566 localvc.event-13 | DEBUG | s.l.LocalCIWebsocketMessagingService : Sending message on topic /topic/admin/build-agent/artemis-build-agent-test: BuildAgentInformation[buildAgent=BuildAgentDTO[name=artemis-build-agent-test, memberAddress=[127.0.0.1]:5703, displayName=artemis-build-agent-test], maxNumberOfConcurrentBuildJobs=1, numberOfCurrentBuildJobs=0, runningBuildJobs=[], status=IDLE, recentBuildJobs=[BuildJobQueueItem[id=4621739576562326, name=SHORT43ACF76B02BC1044B80938509D14043FABDETSTEXC-LOCALCIINTSTUDENT1, buildAgent=BuildAgentDTO[name=artemis-build-agent-test, memberAddress=[127.0.0.1]:5703, displayName=artemis-build-agent-test], participationId=462, courseId=147, exerciseId=298, retryCount=0, priority=2, status=SUCCESSFUL, repositoryInfo=RepositoryInfo[repositoryName=short43acf76b02bc1044b80938509d14043fabdetstexc-localciintstudent1, repositoryType=user, triggeredByPushTo=user, assignmentRepositoryUri=http://localhost:49152/git/SHORT43ACF76B02BC1044B80938509D14043FABDETSTEXC/short43acf76b02bc1044b80938509d14043fabdetstexc-localciintstudent1.git, testRepositoryUri=http://localhost:49152/git/SHORT43ACF76B02BC1044B80938509D14043FABDETSTEXC/short43acf76b02bc1044b80938509d14043fabdetstexc-tests.git, solutionRepositoryUri=null, auxiliaryRepositoryUris=[Ljava.lang.String;@c9c58a4, auxiliaryRepositoryCheckoutDirectories=[Ljava.lang.String;@73cdb3d5], jobTimingInfo=JobTimingInfo[submissionDate=2025-02-14T23:42:42.326978596Z[Etc/UTC], buildStartDate=2025-02-14T23:42:42.420147010Z[Etc/UTC], buildCompletionDate=2025-02-14T23:42:45.573855829Z[Etc/UTC], estimatedCompletionDate=2025-02-14T23:43:01.420129377Z[Etc/UTC], estimatedDuration=19], buildConfig=BuildConfig[buildScript=#!/bin/bash
cd /var/tmp/testing-dir
chmod +x ./gradlew
./gradlew clean test
, dockerImage=dummy-docker-image:latest, commitHashToBuild=a9c717ccf7bcbe9531d3eee21dbaeb5aab2ff971, assignmentCommitHash=a9c717ccf7bcbe9531d3eee21dbaeb5aab2ff971, testCommitHash=a9c717ccf7bcbe9531d3eee21dbaeb5aab2ff971, branch=main, programmingLanguage=JAVA, projectType=PLAIN_GRADLE, scaEnabled=false, sequentialTestRunsEnabled=false, resultPaths=[/var/tmp/testing-dir/**/test-results/test/*.xml], timeoutSeconds=0, assignmentCheckoutPath=null, testCheckoutPath=null, solutionCheckoutPath=null, dockerRunConfig=DockerRunConfig[isNetworkDisabled=true, env=[key=value]]], submissionResult=ResultDTO[id=132, completionDate=2025-02-14T23:42:45.519869118Z[Etc/UTC], successful=false, score=7.7, rated=true, submission=SubmissionDTO[id=119, submitted=true, type=MANUAL, exampleSubmission=null, submissionDate=2025-02-14T23:42:42.302762Z, commitHash=a9c717ccf7bcbe9531d3eee21dbaeb5aab2ff971, buildFailed=false, buildArtifact=false, participation=ParticipationDTO[id=462, testRun=false, type=programming, submissionCount=null, exercise=ParticipationExerciseDTO[id=298, exerciseType=PROGRAMMING, type=programming, assessmentType=AUTOMATIC, dueDate=2025-02-16T23:42:41.553955Z, assessmentDueDate=null, maxPoints=42.0, course=CourseDTO[id=147, accuracyOfScores=1]]], submissionExerciseType=programming, isProcessing=false, buildStartDate=null, estimatedCompletionDate=null], participation=ParticipationDTO[id=462, testRun=false, type=programming, submissionCount=null, exercise=ParticipationExerciseDTO[id=298, exerciseType=PROGRAMMING, type=programming, assessmentType=AUTOMATIC, dueDate=2025-02-16T23:42:41.553955Z, assessmentDueDate=null, maxPoints=42.0, course=CourseDTO[id=147, accuracyOfScores=1]]], feedbacks=[FeedbackDTO[id=67, text=null, detailText=The exercise expects a class with the name Context in the package testpackage. You did not implement the class in the exercise., hasLongFeedbackText=false, reference=null, credits=0.0, positive=false, type=AUTOMATIC, visibility=ALWAYS, testCase=TestCaseDTO[testName=null, id=13]], FeedbackDTO[id=68, text=null, detailText=The exercise expects a class with the name Policy in the package testpackage. You did not implement the class in the exercise., hasLongFeedbackText=false, reference=null, credits=0.0, positive=false, type=AUTOMATIC, visibility=ALWAYS, testCase=TestCaseDTO[testName=null, id=14]], FeedbackDTO[id=69, text=null, detailText=The exercise expects a class with the name SortStrategy in the package testpackage. You did not implement the class in the exercise., hasLongFeedbackText=false, reference=null, credits=0.0, positive=false, type=AUTOMATIC, visibility=ALWAYS, testCase=TestCaseDTO[testName=null, id=15]], FeedbackDTO[id=70, text=null, detailText=The class 'MergeSort' does not implement the interface 'SortStrategy' as expected. Implement the interface and its methods., hasLongFeedbackText=false, reference=null, credits=0.0, positive=false, type=AUTOMATIC, visibility=ALWAYS, testCase=TestCaseDTO[testName=null, id=10]], FeedbackDTO[id=71, text=null, detailText=The exercise expects a class with the name SortStrategy in the package testpackage. You did not implement the class in the exercise., hasLongFeedbackText=false, reference=null, credits=0.0, positive=false, type=AUTOMATIC, visibility=ALWAYS, testCase=TestCaseDTO[testName=null, id=7]], FeedbackDTO[id=72, text=null, detailText=The class 'BubbleSort' does not implement the interface 'SortStrategy' as expected. Implement the interface and its methods., hasLongFeedbackText=false, reference=null, credits=0.0, positive=false, type=AUTOMATIC, visibility=ALWAYS, testCase=TestCaseDTO[testName=null, id=11]], FeedbackDTO[id=73, text=null, detailText=MergeSort does not sort correctly, hasLongFeedbackText=false, reference=null, credits=0.0, positive=false, type=AUTOMATIC, visibility=ALWAYS, testCase=TestCaseDTO[testName=null, id=16]], FeedbackDTO[id=74, text=null, detailText=The class 'Context' was not found within the submission. Make sure to implement it properly., hasLongFeedbackText=false, reference=null, credits=0.0, positive=false, type=AUTOMATIC, visibility=ALWAYS, testCase=TestCaseDTO[testName=null, id=17]], FeedbackDTO[id=75, text=null, detailText=The class 'Context' was not found within the submission. Make sure to implement it properly., hasLongFeedbackText=false, reference=null, credits=0.0, positive=false, type=AUTOMATIC, visibility=ALWAYS, testCase=TestCaseDTO[testName=null, id=18]], FeedbackDTO[id=76, text=null, detailText=The exercise expects a class with the name Policy in the package testpackage. You did not implement the class in the exercise., hasLongFeedbackText=false, reference=null, credits=0.0, positive=false, type=AUTOMATIC, visibility=ALWAYS, testCase=TestCaseDTO[testName=null, id=12]], FeedbackDTO[id=77, text=null, detailText=The exercise expects a class with the name Context in the package testpackage. You did not implement the class in the exercise., hasLongFeedbackText=false, reference=null, credits=0.0, positive=false, type=AUTOMATIC, visibility=ALWAYS, testCase=TestCaseDTO[testName=null, id=8]], FeedbackDTO[id=78, text=null, detailText=The exercise expects a class with the name Policy in the package testpackage. You did not implement the class in the exercise., hasLongFeedbackText=false, reference=null, credits=0.0, positive=false, type=AUTOMATIC, visibility=ALWAYS, testCase=TestCaseDTO[testName=null, id=9]], FeedbackDTO[id=79, text=null, detailText=null, hasLongFeedbackText=false, reference=null, credits=3.230769230769231, positive=true, type=AUTOMATIC, visibility=ALWAYS, testCase=TestCaseDTO[testName=null, id=19]]], assessmentType=AUTOMATIC, hasComplaint=null, exampleResult=null, testCaseCount=13, passedTestCaseCount=1, codeIssueCount=0]]], publicSshKey=ssh-rsa AAAAB3NzaC1yc2EAAAADAQABAAACAQCOPdMsxRE2jFJ/UEa5/LsBxtwzJcrh3/rYBCQvcMeVpiRfhzQPWu7mrt/G2Ew+i+vRloGH9aqKg6dd1liRncao53Zmd/ePxoatXePNhmzTfkCkcSkTUz7B+QMjkoDDV5jwuFPD6mF3JkhuzSi64n9Zy905t4w2IhVcjM2mL3eYNjiCXt6Qpq3Pkt7dM/Ksw1nxnvuiIALuJLB3FTkXkHqq3PJav+9HSq2r6ZaWgekneaGxlQlb+U+Vy3XOuArKAzK8c8i+0bR+AHiTG6ncYXt7ax3U+TdlDTF7OLP3umwaYjs1NBXOHwG42pevvpKn2fqavZZozk+M05jXLx3bq0O7itxfErWc7etky8qYPyyIMF/txQIVLd78+Ze4d7Y60t5MGbXM5cGE6fFif5fEJwgswXD+BrG0cafz1CTatjSKFdvp8Vp4VszXhHDan1PrP6JEFJ5Cc5GDmLRZPCFa3vL9f5qXgf4bkqKN8MYeEujwJE5nMRWoiJVNakix2bcrrneQMBlnYeYZVWXXXUusAQBzl4NgddC1umZpihZkL1b1MffZAUW3EGEXi7KHnllQhkTLLsQ8ntMgbylqaJKStqaXlLvdeRJcEnUuiFCrHEVVbXRFZR7XVDZ02CE5o3MuaRPty8Kh+jRTF3COlAckHwYEJCNNJvXFgb2CNXL4mjzYDw== test@localhost]
    23:42:45.780 | 566 localvc.event-13 | DEBUG | a.p.s.l.SharedQueueManagementService : Build agent updated: null
    23:42:45.785 | 361 ool-1-worker-125 | DEBUG | d.t.c.a.a.c.s.f.ApiVersionFilter     : Adding Version to Request GET /api/exams/449
    23:42:45.789 | 361 ool-1-worker-125 | DEBUG | d.t.c.a.a.exam.web.ExamResource      : REST request to get exam : 449 for import with exercises
    23:42:45.789 | 361 ool-1-worker-125 | DEBUG | d.t.c.a.a.exam.service.ExamService   : Request to get exam 449 with exercise groups (with details: true)

  Starting logs for ExamIntegrationTest > testImportExamWithExercises_failsWithCourseMismatch()
    23:42:45.857 | 361 ool-1-worker-125 | INFO  | i.z.t.d.l.EmbeddedDatabaseReporter   : JDBC URL to connect to 'dataSource': url='jdbc:h2:tcp://localhost:41063/mem:736625c0-cf5e-400d-aeaa-8a7eabd6262b;USER=sa', scope='ExamIntegrationTest#testImportExamWithExercises_failsWithCourseMismatch'
    23:42:45.862 | 361 ool-1-worker-125 | DEBUG | d.t.c.a.a.c.s.f.ApiVersionFilter     : Adding Version to Request POST /api/courses/178/exam-import
    23:42:45.863 | 361 ool-1-worker-125 | DEBUG | d.t.c.a.a.exam.web.ExamResource      : REST request to import an exam : de.tum.cit.aet.artemis.exam.domain.Exam@0
    23:42:45.869 | 361 ool-1-worker-125 | ERROR | tech.jhipster.web.util.HeaderUtil    : Entity processing failed, An exam has to belong to a course.
    23:42:45.869 | 361 ool-1-worker-125 | WARN  | o.z.p.spring.common.AdviceTraits     : Bad Request: An exam has to belong to a course.
    23:42:45.874 | 361 ool-1-worker-125 | DEBUG | d.t.c.a.a.c.s.f.ApiVersionFilter     : Adding Version to Request POST /api/courses/178/exam-import
    23:42:45.878 | 361 ool-1-worker-125 | DEBUG | d.t.c.a.a.exam.web.ExamResource      : REST request to import an exam : de.tum.cit.aet.artemis.exam.domain.Exam@0
    23:42:45.880 | 361 ool-1-worker-125 | ERROR | tech.jhipster.web.util.HeaderUtil    : Entity processing failed, The course id does not match the id of the course connected to the exam.
    23:42:45.880 | 361 ool-1-worker-125 | WARN  | o.z.p.spring.common.AdviceTraits     : Bad Request: The course id does not match the id of the course connected to the exam.

  Starting logs for ExamIntegrationTest > testGetExamsForUser_asInstructor()
    23:42:45.907 | 361 ool-1-worker-125 | INFO  | i.z.t.d.l.EmbeddedDatabaseReporter   : JDBC URL to connect to 'dataSource': url='jdbc:h2:tcp://localhost:41063/mem:736625c0-cf5e-400d-aeaa-8a7eabd6262b;USER=sa', scope='ExamIntegrationTest#testGetExamsForUser_asInstructor'
    23:42:45.910 | 361 ool-1-worker-125 | DEBUG | d.t.c.a.a.c.s.f.ApiVersionFilter     : Adding Version to Request GET /api/courses/178/exams-for-user

  Starting logs for ExamIntegrationTest > testGetCurrentAndUpcomingExamsForbiddenForTutor()
    23:42:46.044 | 361 ool-1-worker-125 | INFO  | i.z.t.d.l.EmbeddedDatabaseReporter   : JDBC URL to connect to 'dataSource': url='jdbc:h2:tcp://localhost:41063/mem:736625c0-cf5e-400d-aeaa-8a7eabd6262b;USER=sa', scope='ExamIntegrationTest#testGetCurrentAndUpcomingExamsForbiddenForTutor'
    23:42:46.046 | 361 ool-1-worker-125 | WARN  | o.z.p.spring.common.AdviceTraits     : Forbidden: Access Denied

  Starting logs for ExamIntegrationTest > testGenerateMissingStudentExams()
    23:42:46.078 | 361 ool-1-worker-125 | INFO  | i.z.t.d.l.EmbeddedDatabaseReporter   : JDBC URL to connect to 'dataSource': url='jdbc:h2:tcp://localhost:41063/mem:736625c0-cf5e-400d-aeaa-8a7eabd6262b;USER=sa', scope='ExamIntegrationTest#testGenerateMissingStudentExams'
    23:42:46.121 | 361 ool-1-worker-125 | DEBUG | d.t.c.a.a.c.s.f.ApiVersionFilter     : Adding Version to Request POST /api/courses/178/exams/463/generate-student-exams
    23:42:46.121 | 361 ool-1-worker-125 | INFO  | d.t.c.a.a.exam.web.ExamResource      : REST request to generate student exams for exam 463
    23:42:46.144 | 361 ool-1-worker-125 | INFO  | d.t.c.a.a.e.s.ExamDeletionService    : User examintinstructor1 has requested to delete existing student exams and participations for exam Real exam 1
    23:42:46.146 | 361 ool-1-worker-125 | INFO  | d.t.c.a.a.e.s.ParticipationService   : Request to delete all 0 participations of exercise with id : 437
    23:42:46.149 | 361 ool-1-worker-125 | INFO  | d.t.c.a.a.e.s.ParticipationService   : Request to delete all 0 participations of exercise with id : 438
    23:42:46.150 | 361 ool-1-worker-125 | INFO  | d.t.c.a.a.e.s.ParticipationService   : Request to delete all 0 participations of exercise with id : 439
    23:42:46.152 | 361 ool-1-worker-125 | INFO  | d.t.c.a.a.e.s.ParticipationService   : Request to delete all 0 participations of exercise with id : 440
    23:42:46.153 | 361 ool-1-worker-125 | INFO  | d.t.c.a.a.e.s.ParticipationService   : Request to delete all 0 participations of exercise with id : 441
    23:42:46.155 | 361 ool-1-worker-125 | INFO  | d.t.c.a.a.e.s.ParticipationService   : Request to delete all 0 participations of exercise with id : 442
    23:42:46.156 | 361 ool-1-worker-125 | INFO  | d.t.c.a.a.e.s.ParticipationService   : Request to delete all 0 participations of exercise with id : 443
    23:42:46.158 | 361 ool-1-worker-125 | INFO  | d.t.c.a.a.e.s.ParticipationService   : Request to delete all 0 participations of exercise with id : 444
    23:42:46.159 | 361 ool-1-worker-125 | INFO  | d.t.c.a.a.e.s.ParticipationService   : Request to delete all 0 participations of exercise with id : 445
    23:42:46.161 | 361 ool-1-worker-125 | INFO  | d.t.c.a.a.e.s.ParticipationService   : Request to delete all 0 participations of exercise with id : 448
    23:42:46.162 | 361 ool-1-worker-125 | INFO  | d.t.c.a.a.e.s.ParticipationService   : Request to delete all 0 participations of exercise with id : 446
    23:42:46.163 | 361 ool-1-worker-125 | INFO  | d.t.c.a.a.e.s.ParticipationService   : Request to delete all 0 participations of exercise with id : 447
    23:42:46.165 | 361 ool-1-worker-125 | INFO  | d.t.c.a.a.e.s.ParticipationService   : Request to delete all 0 participations of exercise with id : 449
    23:42:46.166 | 361 ool-1-worker-125 | INFO  | d.t.c.a.a.e.s.ParticipationService   : Request to delete all 0 participations of exercise with id : 450
    23:42:46.168 | 361 ool-1-worker-125 | INFO  | d.t.c.a.a.e.s.ParticipationService   : Request to delete all 0 participations of exercise with id : 451
    23:42:46.171 | 361 ool-1-worker-125 | INFO  | d.t.c.a.a.exam.web.ExamResource      : Generated 1 student exams in 50.08ms for exam 463
    23:42:46.192 | 361 ool-1-worker-125 | DEBUG | d.t.c.a.a.c.s.f.ApiVersionFilter     : Adding Version to Request POST /api/courses/178/exams/463/generate-missing-student-exams
    23:42:46.193 | 361 ool-1-worker-125 | INFO  | d.t.c.a.a.exam.web.ExamResource      : REST request to generate missing student exams for exam 463
    23:42:46.210 | 361 ool-1-worker-125 | INFO  | d.t.c.a.a.exam.web.ExamResource      : Generated 1 missing student exams in 17.65ms for exam 463
    23:42:46.217 | 361 ool-1-worker-125 | DEBUG | d.t.c.a.a.c.s.f.ApiVersionFilter     : Adding Version to Request GET /api/courses/178/exams/463/student-exams
    23:42:46.218 | 361 ool-1-worker-125 | DEBUG | d.t.c.a.a.e.web.StudentExamResource  : REST request to get all student exams for exam : 463
    23:42:46.228 | 361 ool-1-worker-125 | DEBUG | d.t.c.a.a.c.s.f.ApiVersionFilter     : Adding Version to Request POST /api/courses/178/exams/463/generate-missing-student-exams
    23:42:46.228 | 361 ool-1-worker-125 | INFO  | d.t.c.a.a.exam.web.ExamResource      : REST request to generate missing student exams for exam 463
    23:42:46.235 | 361 ool-1-worker-125 | INFO  | d.t.c.a.a.exam.web.ExamResource      : Generated 0 missing student exams in 7.10ms for exam 463
    23:42:46.238 | 361 ool-1-worker-125 | DEBUG | d.t.c.a.a.c.s.f.ApiVersionFilter     : Adding Version to Request GET /api/courses/178/exams/463/student-exams
    23:42:46.239 | 361 ool-1-worker-125 | DEBUG | d.t.c.a.a.e.web.StudentExamResource  : REST request to get all student exams for exam : 463

  Starting logs for ExamIntegrationTest > testGetExamScore_tutorNotInCourse_forbidden()
    23:42:46.266 | 361 ool-1-worker-125 | INFO  | i.z.t.d.l.EmbeddedDatabaseReporter   : JDBC URL to connect to 'dataSource': url='jdbc:h2:tcp://localhost:41063/mem:736625c0-cf5e-400d-aeaa-8a7eabd6262b;USER=sa', scope='ExamIntegrationTest#testGetExamScore_tutorNotInCourse_forbidden'
    23:42:46.268 | 361 ool-1-worker-125 | DEBUG | d.t.c.a.a.c.s.f.ApiVersionFilter     : Adding Version to Request GET /api/courses/178/exams/464/scores
    23:42:46.270 | 361 ool-1-worker-125 | WARN  | o.z.p.spring.common.AdviceTraits     : Forbidden: Access Denied

  Starting logs for ExamIntegrationTest > testDownloadExamArchiveAsStudent_forbidden()
    23:42:46.293 | 361 ool-1-worker-125 | INFO  | i.z.t.d.l.EmbeddedDatabaseReporter   : JDBC URL to connect to 'dataSource': url='jdbc:h2:tcp://localhost:41063/mem:736625c0-cf5e-400d-aeaa-8a7eabd6262b;USER=sa', scope='ExamIntegrationTest#testDownloadExamArchiveAsStudent_forbidden'
    23:42:46.297 | 361 ool-1-worker-125 | DEBUG | d.t.c.a.a.c.s.f.ApiVersionFilter     : Adding Version to Request GET /api/courses/1/exams/1/download-archive
    23:42:46.302 | 361 ool-1-worker-125 | WARN  | o.z.p.spring.common.AdviceTraits     : Forbidden: Access Denied

  Starting logs for ExamIntegrationTest > testArchiveExamBeforeEndDate_badRequest()
    23:42:46.328 | 361 ool-1-worker-125 | INFO  | i.z.t.d.l.EmbeddedDatabaseReporter   : JDBC URL to connect to 'dataSource': url='jdbc:h2:tcp://localhost:41063/mem:736625c0-cf5e-400d-aeaa-8a7eabd6262b;USER=sa', scope='ExamIntegrationTest#testArchiveExamBeforeEndDate_badRequest'
    23:42:46.342 | 361 ool-1-worker-125 | DEBUG | d.t.c.a.a.c.s.f.ApiVersionFilter     : Adding Version to Request PUT /api/courses/199/exams/473/archive
    23:42:46.343 | 361 ool-1-worker-125 | INFO  | d.t.c.a.a.exam.web.ExamResource      : REST request to archive exam : 473
    23:42:46.347 | 361 ool-1-worker-125 | ERROR | tech.jhipster.web.util.HeaderUtil    : Entity processing failed, You cannot archive an exam that is not over.
    23:42:46.347 | 361 ool-1-worker-125 | WARN  | o.z.p.spring.common.AdviceTraits     : Bad Request: You cannot archive an exam that is not over.

  Starting logs for ExamIntegrationTest > testImportExamWithExercises_failsWithCorrectionRoundConflict()
    23:42:46.367 | 361 ool-1-worker-125 | INFO  | i.z.t.d.l.EmbeddedDatabaseReporter   : JDBC URL to connect to 'dataSource': url='jdbc:h2:tcp://localhost:41063/mem:736625c0-cf5e-400d-aeaa-8a7eabd6262b;USER=sa', scope='ExamIntegrationTest#testImportExamWithExercises_failsWithCorrectionRoundConflict'
    23:42:46.369 | 361 ool-1-worker-125 | DEBUG | d.t.c.a.a.c.s.f.ApiVersionFilter     : Adding Version to Request POST /api/courses/178/exam-import
    23:42:46.370 | 361 ool-1-worker-125 | DEBUG | d.t.c.a.a.exam.web.ExamResource      : REST request to import an exam : de.tum.cit.aet.artemis.exam.domain.Exam@0
    23:42:46.372 | 361 ool-1-worker-125 | ERROR | tech.jhipster.web.util.HeaderUtil    : Entity processing failed, A realExam has to have either 1 or 2 correction rounds
    23:42:46.372 | 361 ool-1-worker-125 | WARN  | o.z.p.spring.common.AdviceTraits     : Bad Request: A realExam has to have either 1 or 2 correction rounds
    23:42:46.374 | 361 ool-1-worker-125 | DEBUG | d.t.c.a.a.c.s.f.ApiVersionFilter     : Adding Version to Request POST /api/courses/178/exam-import
    23:42:46.377 | 361 ool-1-worker-125 | DEBUG | d.t.c.a.a.exam.web.ExamResource      : REST request to import an exam : de.tum.cit.aet.artemis.exam.domain.Exam@0
    23:42:46.380 | 361 ool-1-worker-125 | ERROR | tech.jhipster.web.util.HeaderUtil    : Entity processing failed, A realExam has to have either 1 or 2 correction rounds
    23:42:46.380 | 361 ool-1-worker-125 | WARN  | o.z.p.spring.common.AdviceTraits     : Bad Request: A realExam has to have either 1 or 2 correction rounds
    23:42:46.382 | 361 ool-1-worker-125 | DEBUG | d.t.c.a.a.c.s.f.ApiVersionFilter     : Adding Version to Request POST /api/courses/178/exam-import
    23:42:46.383 | 361 ool-1-worker-125 | DEBUG | d.t.c.a.a.exam.web.ExamResource      : REST request to import an exam : de.tum.cit.aet.artemis.exam.domain.Exam@0
    23:42:46.385 | 361 ool-1-worker-125 | ERROR | tech.jhipster.web.util.HeaderUtil    : Entity processing failed, A testExam has to have 0 correction rounds
    23:42:46.385 | 361 ool-1-worker-125 | WARN  | o.z.p.spring.common.AdviceTraits     : Bad Request: A testExam has to have 0 correction rounds

  Starting logs for ExamIntegrationTest > testRetrieveOwnStudentExam_noInformationLeaked()
    23:42:46.403 | 361 ool-1-worker-125 | INFO  | i.z.t.d.l.EmbeddedDatabaseReporter   : JDBC URL to connect to 'dataSource': url='jdbc:h2:tcp://localhost:41063/mem:736625c0-cf5e-400d-aeaa-8a7eabd6262b;USER=sa', scope='ExamIntegrationTest#testRetrieveOwnStudentExam_noInformationLeaked'
    23:42:46.416 | 361 ool-1-worker-125 | DEBUG | d.t.c.a.a.c.s.f.ApiVersionFilter     : Adding Version to Request GET /api/courses/178/exams/480/own-student-exam
    23:42:46.416 | 361 ool-1-worker-125 | DEBUG | d.t.c.a.a.exam.web.ExamResource      : REST request to get exam 480 for conduction

  Starting logs for ExamIntegrationTest > testUpdateExam_exampleSolutionPublicationDateChanged()
    23:42:46.437 | 361 ool-1-worker-125 | INFO  | i.z.t.d.l.EmbeddedDatabaseReporter   : JDBC URL to connect to 'dataSource': url='jdbc:h2:tcp://localhost:41063/mem:736625c0-cf5e-400d-aeaa-8a7eabd6262b;USER=sa', scope='ExamIntegrationTest#testUpdateExam_exampleSolutionPublicationDateChanged'
    23:42:46.443 | 361 ool-1-worker-125 | DEBUG | d.t.c.a.a.c.s.f.ApiVersionFilter     : Adding Version to Request PUT /api/courses/200/exams
    23:42:46.445 | 361 ool-1-worker-125 | DEBUG | d.t.c.a.a.exam.web.ExamResource      : REST request to update an exam : de.tum.cit.aet.artemis.exam.domain.Exam@1e4
    23:42:46.449 | 361 ool-1-worker-125 | DEBUG | d.t.c.a.a.exam.service.ExamService   : Request to get exam 484 with exercise groups (with details: false)
    23:42:46.452 | 361 ool-1-worker-125 | INFO  | .c.s.m.InstanceMessageReceiveService : Received reschedule of exam during conduction 484

  Starting logs for ExamIntegrationTest > testGetExamForTestRunDashboard_forbidden()
    23:42:46.479 | 361 ool-1-worker-125 | INFO  | i.z.t.d.l.EmbeddedDatabaseReporter   : JDBC URL to connect to 'dataSource': url='jdbc:h2:tcp://localhost:41063/mem:736625c0-cf5e-400d-aeaa-8a7eabd6262b;USER=sa', scope='ExamIntegrationTest#testGetExamForTestRunDashboard_forbidden'
    23:42:46.481 | 361 ool-1-worker-125 | DEBUG | d.t.c.a.a.c.s.f.ApiVersionFilter     : Adding Version to Request GET /api/courses/178/exams/485/exam-for-test-run-assessment-dashboard
    23:42:46.482 | 361 ool-1-worker-125 | WARN  | o.z.p.spring.common.AdviceTraits     : Forbidden: Access Denied

  Starting logs for ExamIntegrationTest > testGenerateStudentExamsTooManyMandatoryExerciseGroups_badRequest()
    23:42:46.503 | 361 ool-1-worker-125 | INFO  | i.z.t.d.l.EmbeddedDatabaseReporter   : JDBC URL to connect to 'dataSource': url='jdbc:h2:tcp://localhost:41063/mem:736625c0-cf5e-400d-aeaa-8a7eabd6262b;USER=sa', scope='ExamIntegrationTest#testGenerateStudentExamsTooManyMandatoryExerciseGroups_badRequest'
    23:42:46.525 | 361 ool-1-worker-125 | DEBUG | d.t.c.a.a.c.s.f.ApiVersionFilter     : Adding Version to Request POST /api/courses/178/exams/491/generate-student-exams
    23:42:46.526 | 361 ool-1-worker-125 | INFO  | d.t.c.a.a.exam.web.ExamResource      : REST request to generate student exams for exam 491
    23:42:46.531 | 361 ool-1-worker-125 | ERROR | tech.jhipster.web.util.HeaderUtil    : Entity processing failed, The number of mandatory exercise groups is too large
    23:42:46.531 | 361 ool-1-worker-125 | WARN  | o.z.p.spring.common.AdviceTraits     : Bad Request: The number of mandatory exercise groups is too large

  Starting logs for ExamIntegrationTest > testGetSuspiciousSessionsIpOutsideOfRangeNoSubnetGivenBadRequest()
    23:42:46.550 | 361 ool-1-worker-125 | INFO  | i.z.t.d.l.EmbeddedDatabaseReporter   : JDBC URL to connect to 'dataSource': url='jdbc:h2:tcp://localhost:41063/mem:736625c0-cf5e-400d-aeaa-8a7eabd6262b;USER=sa', scope='ExamIntegrationTest#testGetSuspiciousSessionsIpOutsideOfRangeNoSubnetGivenBadRequest'
    23:42:46.552 | 361 ool-1-worker-125 | DEBUG | d.t.c.a.a.c.s.f.ApiVersionFilter     : Adding Version to Request GET /api/courses/178/exams/492/suspicious-sessions
    23:42:46.553 | 361 ool-1-worker-125 | DEBUG | d.t.c.a.a.exam.web.ExamResource      : REST request to get all exam sessions that are suspicious for exam : 492
    23:42:46.555 | 361 ool-1-worker-125 | ERROR | tech.jhipster.web.util.HeaderUtil    : Entity processing failed, If you want to analyze sessions with IP outside of range, you need to provide a subnet
    23:42:46.555 | 361 ool-1-worker-125 | WARN  | o.z.p.spring.common.AdviceTraits     : Bad Request: If you want to analyze sessions with IP outside of range, you need to provide a subnet

  Starting logs for ExamIntegrationTest > testGenerateStudentExamsWithEmptyQuizPool()
    23:42:46.575 | 361 ool-1-worker-125 | INFO  | i.z.t.d.l.EmbeddedDatabaseReporter   : JDBC URL to connect to 'dataSource': url='jdbc:h2:tcp://localhost:41063/mem:736625c0-cf5e-400d-aeaa-8a7eabd6262b;USER=sa', scope='ExamIntegrationTest#testGenerateStudentExamsWithEmptyQuizPool'
    23:42:46.667 | 361 ool-1-worker-125 | DEBUG | d.t.c.a.a.q.service.QuizPoolService  : Save quiz pool to database: de.tum.cit.aet.artemis.quiz.domain.QuizPool@0
    23:42:46.678 | 361 ool-1-worker-125 | DEBUG | d.t.c.a.a.c.s.f.ApiVersionFilter     : Adding Version to Request POST /api/courses/178/exams/498/generate-student-exams
    23:42:46.689 | 361 ool-1-worker-125 | INFO  | d.t.c.a.a.exam.web.ExamResource      : REST request to generate student exams for exam 498
    23:42:46.721 | 361 ool-1-worker-125 | INFO  | d.t.c.a.a.e.s.ExamDeletionService    : User examintinstructor1 has requested to delete existing student exams and participations for exam Real exam 1
    23:42:46.726 | 361 ool-1-worker-125 | INFO  | d.t.c.a.a.e.s.ParticipationService   : Request to delete all 0 participations of exercise with id : 472
    23:42:46.727 | 361 ool-1-worker-125 | INFO  | d.t.c.a.a.e.s.ParticipationService   : Request to delete all 0 participations of exercise with id : 473
    23:42:46.728 | 361 ool-1-worker-125 | INFO  | d.t.c.a.a.e.s.ParticipationService   : Request to delete all 0 participations of exercise with id : 474
    23:42:46.729 | 361 ool-1-worker-125 | INFO  | d.t.c.a.a.e.s.ParticipationService   : Request to delete all 0 participations of exercise with id : 475
    23:42:46.731 | 361 ool-1-worker-125 | INFO  | d.t.c.a.a.e.s.ParticipationService   : Request to delete all 0 participations of exercise with id : 476
    23:42:46.732 | 361 ool-1-worker-125 | INFO  | d.t.c.a.a.e.s.ParticipationService   : Request to delete all 0 participations of exercise with id : 477
    23:42:46.733 | 361 ool-1-worker-125 | INFO  | d.t.c.a.a.e.s.ParticipationService   : Request to delete all 0 participations of exercise with id : 480
    23:42:46.735 | 361 ool-1-worker-125 | INFO  | d.t.c.a.a.e.s.ParticipationService   : Request to delete all 0 participations of exercise with id : 478
    23:42:46.736 | 361 ool-1-worker-125 | INFO  | d.t.c.a.a.e.s.ParticipationService   : Request to delete all 0 participations of exercise with id : 479
    23:42:46.737 | 361 ool-1-worker-125 | INFO  | d.t.c.a.a.e.s.ParticipationService   : Request to delete all 0 participations of exercise with id : 481
    23:42:46.738 | 361 ool-1-worker-125 | INFO  | d.t.c.a.a.e.s.ParticipationService   : Request to delete all 0 participations of exercise with id : 482
    23:42:46.739 | 361 ool-1-worker-125 | INFO  | d.t.c.a.a.e.s.ParticipationService   : Request to delete all 0 participations of exercise with id : 483
    23:42:46.740 | 361 ool-1-worker-125 | INFO  | d.t.c.a.a.e.s.ParticipationService   : Request to delete all 0 participations of exercise with id : 484
    23:42:46.742 | 361 ool-1-worker-125 | INFO  | d.t.c.a.a.e.s.ParticipationService   : Request to delete all 0 participations of exercise with id : 485
    23:42:46.744 | 361 ool-1-worker-125 | INFO  | d.t.c.a.a.e.s.ParticipationService   : Request to delete all 0 participations of exercise with id : 486
    23:42:46.751 | 361 ool-1-worker-125 | INFO  | d.t.c.a.a.exam.web.ExamResource      : Generated 2 student exams in 61.48ms for exam 498
    23:42:46.763 | 361 ool-1-worker-125 | DEBUG | d.t.c.a.a.c.s.f.ApiVersionFilter     : Adding Version to Request GET /api/courses/178/exams/498/student-exams
    23:42:46.764 | 361 ool-1-worker-125 | DEBUG | d.t.c.a.a.e.web.StudentExamResource  : REST request to get all student exams for exam : 498

  Starting logs for ExamIntegrationTest > testImportExamWithQuizExercise_successfulWithQuestions()
    23:42:46.803 | 361 ool-1-worker-125 | INFO  | i.z.t.d.l.EmbeddedDatabaseReporter   : JDBC URL to connect to 'dataSource': url='jdbc:h2:tcp://localhost:41063/mem:736625c0-cf5e-400d-aeaa-8a7eabd6262b;USER=sa', scope='ExamIntegrationTest#testImportExamWithQuizExercise_successfulWithQuestions'
    23:42:46.813 | 361 ool-1-worker-125 | DEBUG | d.t.c.a.a.c.s.f.ApiVersionFilter     : Adding Version to Request POST /api/courses/178/exam-import
    23:42:46.817 | 361 ool-1-worker-125 | DEBUG | d.t.c.a.a.exam.web.ExamResource      : REST request to import an exam : de.tum.cit.aet.artemis.exam.domain.Exam@0
    23:42:46.824 | 361 ool-1-worker-125 | DEBUG | .c.a.a.q.s.QuizExerciseImportService : Creating a new Exercise based on exercise QuizExercise{id=487, title='3d4bafb7-f0b7-4452-ac57-133edeeaf723', randomizeQuestionOrder='true', allowedNumberOfAttempts='1', isOpenForPractice='false', releaseDate='null', duration='10', dueDate='null'}
    23:42:46.824 | 361 ool-1-worker-125 | DEBUG | .c.a.a.q.s.QuizExerciseImportService : Copying the exercise basis from QuizExercise{id=487, title='3d4bafb7-f0b7-4452-ac57-133edeeaf723', randomizeQuestionOrder='true', allowedNumberOfAttempts='1', isOpenForPractice='false', releaseDate='null', duration='10', dueDate='null'}
    23:42:46.824 | 361 ool-1-worker-125 | DEBUG | .c.a.a.q.s.QuizExerciseImportService : Copying the QuizQuestions to new QuizExercise: QuizExercise{id=null, title='3d4bafb7-f0b7-4452-ac57-133edeeaf723', randomizeQuestionOrder='true', allowedNumberOfAttempts='1', isOpenForPractice='false', releaseDate='null', duration='10', dueDate='null'}
    23:42:46.824 | 361 ool-1-worker-125 | DEBUG | .c.a.a.q.s.QuizExerciseImportService : Copying the QuizBatches to new QuizExercise: QuizExercise{id=null, title='3d4bafb7-f0b7-4452-ac57-133edeeaf723', randomizeQuestionOrder='true', allowedNumberOfAttempts='1', isOpenForPractice='false', releaseDate='null', duration='10', dueDate='null'}
    23:42:46.824 | 361 ool-1-worker-125 | DEBUG | d.t.c.a.a.q.s.QuizExerciseService    : Save quiz exercise to database: QuizExercise{id=null, title='3d4bafb7-f0b7-4452-ac57-133edeeaf723', randomizeQuestionOrder='true', allowedNumberOfAttempts='1', isOpenForPractice='false', releaseDate='null', duration='10', dueDate='null'}

  Starting logs for ExamIntegrationTest > testResetExamWithQuizExercise_asInstructor()
    23:42:46.887 | 361 ool-1-worker-125 | INFO  | i.z.t.d.l.EmbeddedDatabaseReporter   : JDBC URL to connect to 'dataSource': url='jdbc:h2:tcp://localhost:41063/mem:736625c0-cf5e-400d-aeaa-8a7eabd6262b;USER=sa', scope='ExamIntegrationTest#testResetExamWithQuizExercise_asInstructor'
    23:42:46.895 | 361 ool-1-worker-125 | DEBUG | d.t.c.a.a.c.s.f.ApiVersionFilter     : Adding Version to Request DELETE /api/courses/178/exams/505/reset
    23:42:46.895 | 361 ool-1-worker-125 | INFO  | d.t.c.a.a.exam.web.ExamResource      : REST request to reset exam : 505
    23:42:46.899 | 361 ool-1-worker-125 | INFO  | d.t.c.a.a.e.s.ExamDeletionService    : User examintinstructor1 has requested to reset the exam Real exam 1
    23:42:46.900 | 361 ool-1-worker-125 | DEBUG | .t.c.a.a.e.s.ExerciseDeletionService : Request reset Exercise : 489
    23:42:46.901 | 361 ool-1-worker-125 | INFO  | d.t.c.a.a.e.s.ParticipationService   : Request to delete all 0 participations of exercise with id : 489
    23:42:46.903 | 361 ool-1-worker-125 | DEBUG | d.t.c.a.a.exam.service.ExamService   : Request to get exam 505 with exercise groups (with details: false)

  Starting logs for ExamIntegrationTest > testGetExamForExamDashboard_NotTAOfCourse_forbidden()
    23:42:46.925 | 361 ool-1-worker-125 | INFO  | i.z.t.d.l.EmbeddedDatabaseReporter   : JDBC URL to connect to 'dataSource': url='jdbc:h2:tcp://localhost:41063/mem:736625c0-cf5e-400d-aeaa-8a7eabd6262b;USER=sa', scope='ExamIntegrationTest#testGetExamForExamDashboard_NotTAOfCourse_forbidden'
    23:42:46.928 | 361 ool-1-worker-125 | DEBUG | d.t.c.a.a.c.s.f.ApiVersionFilter     : Adding Version to Request GET /api/courses/180/exams/510/exam-for-assessment-dashboard
    23:42:46.928 | 361 ool-1-worker-125 | DEBUG | d.t.c.a.a.exam.web.ExamResource      : REST request /courses/{courseId}/exams/{examId}/exam-for-assessment-dashboard
    23:42:46.928 | 361 ool-1-worker-125 | DEBUG | d.t.c.a.a.exam.service.ExamService   : Request to get exam 510 with exercise groups (with details: false)
    23:42:46.932 | 361 ool-1-worker-125 | WARN  | o.z.p.spring.common.AdviceTraits     : Forbidden: You are not allowed to access the Course with id 180

  Starting logs for ExamIntegrationTest > testArchiveExamAsInstructor()
    23:42:46.992 | 361 ool-1-worker-125 | INFO  | i.z.t.d.l.EmbeddedDatabaseReporter   : JDBC URL to connect to 'dataSource': url='jdbc:h2:tcp://localhost:41063/mem:736625c0-cf5e-400d-aeaa-8a7eabd6262b;USER=sa', scope='ExamIntegrationTest#testArchiveExamAsInstructor'
    23:42:47.023 | 361 ool-1-worker-125 | DEBUG | d.t.c.a.a.c.s.f.ApiVersionFilter     : Adding Version to Request PUT /api/courses/201/exams/514/archive
    23:42:47.025 | 361 ool-1-worker-125 | INFO  | d.t.c.a.a.exam.web.ExamResource      : REST request to archive exam : 514
    23:42:47.031 |  68 artemis-task-1   | INFO  | d.t.c.a.a.exam.service.ExamService   : Created the exam archives directory at exports/server-integration-test/courses because it didn't exist.
    23:42:47.034 |  68 artemis-task-1   | INFO  | .c.a.a.c.s.e.CourseExamExportService : Exporting file-upload exercise 896a9bc2-0dd2-439a-b5ab-f80b63d8ee98 with id 490 
    23:42:47.035 |  68 artemis-task-1   | DEBUG | ExerciseWithSubmissionsExportService : Found embedded files: [] 
    23:42:47.035 |  68 artemis-task-1   | DEBUG | ExerciseWithSubmissionsExportService : Found embedded files: [] 
    23:42:47.040 |  68 artemis-task-1   | INFO  | .c.a.a.c.s.e.CourseExamExportService : Exporting text exercise a20fdcc6-a504-4991-aa22-4c39aa09ab32 with id 491 
    23:42:47.041 |  68 artemis-task-1   | DEBUG | ExerciseWithSubmissionsExportService : Found embedded files: [] 
    23:42:47.041 |  68 artemis-task-1   | DEBUG | ExerciseWithSubmissionsExportService : Found embedded files: [] 
    23:42:47.044 |  68 artemis-task-1   | INFO  | .c.a.a.c.s.e.CourseExamExportService : Exporting modeling exercise ae489092-fcec-4f0d-b294-a665d3c696e0 with id 492 
    23:42:47.044 |  68 artemis-task-1   | DEBUG | ExerciseWithSubmissionsExportService : Found embedded files: [] 
    23:42:47.044 |  68 artemis-task-1   | DEBUG | ExerciseWithSubmissionsExportService : Found embedded files: [] 
    23:42:47.056 |  68 artemis-task-1   | INFO  | .c.a.a.c.s.e.CourseExamExportService : Successfully created zip file: exports/server-integration-test/courses/514-Real_exam_1-20250214-234247.zip
    23:42:47.056 |  68 artemis-task-1   | INFO  | .c.a.a.c.s.e.CourseExamExportService : Successfully exported exam 514. The zip file is located at: exports/server-integration-test/courses/514-Real_exam_1-20250214-234247.zip
    23:42:47.059 |  68 artemis-task-1   | INFO  | d.t.c.a.a.exam.service.ExamService   : archive exam took 31.44ms

  Starting logs for ExamIntegrationTest > testLatestExamEndDate()
    23:42:47.155 | 361 ool-1-worker-125 | INFO  | i.z.t.d.l.EmbeddedDatabaseReporter   : JDBC URL to connect to 'dataSource': url='jdbc:h2:tcp://localhost:41063/mem:736625c0-cf5e-400d-aeaa-8a7eabd6262b;USER=sa', scope='ExamIntegrationTest#testLatestExamEndDate'
    23:42:47.162 | 361 ool-1-worker-125 | DEBUG | d.t.c.a.a.c.s.f.ApiVersionFilter     : Adding Version to Request GET /api/courses/178/exams/516/latest-end-date
    23:42:47.165 | 361 ool-1-worker-125 | DEBUG | d.t.c.a.a.exam.web.ExamResource      : REST request to get latest individual end date of exam : 516
    23:42:47.184 | 361 ool-1-worker-125 | DEBUG | d.t.c.a.a.c.s.f.ApiVersionFilter     : Adding Version to Request GET /api/courses/178/exams/516/latest-end-date
    23:42:47.189 | 361 ool-1-worker-125 | DEBUG | d.t.c.a.a.exam.web.ExamResource      : REST request to get latest individual end date of exam : 516

Finished logs for ExamIntegrationTest
]]></system-out>
  <system-err><![CDATA[]]></system-err>
</testsuite>
