<?xml version="1.0" encoding="UTF-8"?>
<testsuite name="de.tum.cit.aet.artemis.core.aspects.EnforceRoleInCourseTest" tests="117" skipped="0" failures="0" errors="0" timestamp="2025-02-14T23:44:31" hostname="fv-az1721-502" time="8.018">
  <properties/>
  <testcase name="testAsInstructorOfOtherCourse(String, HttpStatus) [1] endpoint=testEnforceAtLeastStudentInCourseExplicit, expectedStatus=403 FORBIDDEN" classname="de.tum.cit.aet.artemis.core.aspects.EnforceRoleInCourseTest" time="0.089"/>
  <testcase name="testAsInstructorOfOtherCourse(String, HttpStatus) [2] endpoint=testEnforceAtLeastStudentInCourse, expectedStatus=403 FORBIDDEN" classname="de.tum.cit.aet.artemis.core.aspects.EnforceRoleInCourseTest" time="0.094"/>
  <testcase name="testAsInstructorOfOtherCourse(String, HttpStatus) [3] endpoint=testEnforceAtLeastTutorInCourseExplicit, expectedStatus=403 FORBIDDEN" classname="de.tum.cit.aet.artemis.core.aspects.EnforceRoleInCourseTest" time="0.072"/>
  <testcase name="testAsInstructorOfOtherCourse(String, HttpStatus) [4] endpoint=testEnforceAtLeastTutorInCourse, expectedStatus=403 FORBIDDEN" classname="de.tum.cit.aet.artemis.core.aspects.EnforceRoleInCourseTest" time="0.047"/>
  <testcase name="testAsInstructorOfOtherCourse(String, HttpStatus) [5] endpoint=testEnforceAtLeastEditorInCourseExplicit, expectedStatus=403 FORBIDDEN" classname="de.tum.cit.aet.artemis.core.aspects.EnforceRoleInCourseTest" time="0.055"/>
  <testcase name="testAsInstructorOfOtherCourse(String, HttpStatus) [6] endpoint=testEnforceAtLeastEditorInCourse, expectedStatus=403 FORBIDDEN" classname="de.tum.cit.aet.artemis.core.aspects.EnforceRoleInCourseTest" time="0.053"/>
  <testcase name="testAsInstructorOfOtherCourse(String, HttpStatus) [7] endpoint=testEnforceAtLeastInstructorInCourseExplicit, expectedStatus=403 FORBIDDEN" classname="de.tum.cit.aet.artemis.core.aspects.EnforceRoleInCourseTest" time="0.041"/>
  <testcase name="testAsInstructorOfOtherCourse(String, HttpStatus) [8] endpoint=testEnforceAtLeastInstructorInCourse, expectedStatus=403 FORBIDDEN" classname="de.tum.cit.aet.artemis.core.aspects.EnforceRoleInCourseTest" time="0.043"/>
  <testcase name="testAsInstructorOfOtherCourse(String, HttpStatus) [9] endpoint=testEnforceRoleInCourseFieldName, expectedStatus=403 FORBIDDEN" classname="de.tum.cit.aet.artemis.core.aspects.EnforceRoleInCourseTest" time="0.047"/>
  <testcase name="testAsInstructorOfOtherCourse(String, HttpStatus) [10] endpoint=testEnforceAtLeastStudentInCourseFieldName, expectedStatus=403 FORBIDDEN" classname="de.tum.cit.aet.artemis.core.aspects.EnforceRoleInCourseTest" time="0.048"/>
  <testcase name="testAsInstructorOfOtherCourse(String, HttpStatus) [11] endpoint=testEnforceAtLeastTutorInCourseFieldName, expectedStatus=403 FORBIDDEN" classname="de.tum.cit.aet.artemis.core.aspects.EnforceRoleInCourseTest" time="0.062"/>
  <testcase name="testAsInstructorOfOtherCourse(String, HttpStatus) [12] endpoint=testEnforceAtLeastEditorInCourseFieldName, expectedStatus=403 FORBIDDEN" classname="de.tum.cit.aet.artemis.core.aspects.EnforceRoleInCourseTest" time="0.091"/>
  <testcase name="testAsInstructorOfOtherCourse(String, HttpStatus) [13] endpoint=testEnforceAtLeastInstructorInCourseFieldName, expectedStatus=403 FORBIDDEN" classname="de.tum.cit.aet.artemis.core.aspects.EnforceRoleInCourseTest" time="0.049"/>
  <testcase name="testAsAdmin(String, HttpStatus) [1] endpoint=testEnforceAtLeastStudentInCourseExplicit, expectedStatus=200 OK" classname="de.tum.cit.aet.artemis.core.aspects.EnforceRoleInCourseTest" time="0.055"/>
  <testcase name="testAsAdmin(String, HttpStatus) [2] endpoint=testEnforceAtLeastStudentInCourse, expectedStatus=200 OK" classname="de.tum.cit.aet.artemis.core.aspects.EnforceRoleInCourseTest" time="0.053"/>
  <testcase name="testAsAdmin(String, HttpStatus) [3] endpoint=testEnforceAtLeastTutorInCourseExplicit, expectedStatus=200 OK" classname="de.tum.cit.aet.artemis.core.aspects.EnforceRoleInCourseTest" time="0.055"/>
  <testcase name="testAsAdmin(String, HttpStatus) [4] endpoint=testEnforceAtLeastTutorInCourse, expectedStatus=200 OK" classname="de.tum.cit.aet.artemis.core.aspects.EnforceRoleInCourseTest" time="0.055"/>
  <testcase name="testAsAdmin(String, HttpStatus) [5] endpoint=testEnforceAtLeastEditorInCourseExplicit, expectedStatus=200 OK" classname="de.tum.cit.aet.artemis.core.aspects.EnforceRoleInCourseTest" time="0.046"/>
  <testcase name="testAsAdmin(String, HttpStatus) [6] endpoint=testEnforceAtLeastEditorInCourse, expectedStatus=200 OK" classname="de.tum.cit.aet.artemis.core.aspects.EnforceRoleInCourseTest" time="0.042"/>
  <testcase name="testAsAdmin(String, HttpStatus) [7] endpoint=testEnforceAtLeastInstructorInCourseExplicit, expectedStatus=200 OK" classname="de.tum.cit.aet.artemis.core.aspects.EnforceRoleInCourseTest" time="0.042"/>
  <testcase name="testAsAdmin(String, HttpStatus) [8] endpoint=testEnforceAtLeastInstructorInCourse, expectedStatus=200 OK" classname="de.tum.cit.aet.artemis.core.aspects.EnforceRoleInCourseTest" time="0.097"/>
  <testcase name="testAsAdmin(String, HttpStatus) [9] endpoint=testEnforceRoleInCourseFieldName, expectedStatus=200 OK" classname="de.tum.cit.aet.artemis.core.aspects.EnforceRoleInCourseTest" time="0.061"/>
  <testcase name="testAsAdmin(String, HttpStatus) [10] endpoint=testEnforceAtLeastStudentInCourseFieldName, expectedStatus=200 OK" classname="de.tum.cit.aet.artemis.core.aspects.EnforceRoleInCourseTest" time="0.058"/>
  <testcase name="testAsAdmin(String, HttpStatus) [11] endpoint=testEnforceAtLeastTutorInCourseFieldName, expectedStatus=200 OK" classname="de.tum.cit.aet.artemis.core.aspects.EnforceRoleInCourseTest" time="0.062"/>
  <testcase name="testAsAdmin(String, HttpStatus) [12] endpoint=testEnforceAtLeastEditorInCourseFieldName, expectedStatus=200 OK" classname="de.tum.cit.aet.artemis.core.aspects.EnforceRoleInCourseTest" time="0.116"/>
  <testcase name="testAsAdmin(String, HttpStatus) [13] endpoint=testEnforceAtLeastInstructorInCourseFieldName, expectedStatus=200 OK" classname="de.tum.cit.aet.artemis.core.aspects.EnforceRoleInCourseTest" time="0.121"/>
  <testcase name="testAsStudentOfOther(String, HttpStatus) [1] endpoint=testEnforceAtLeastStudentInCourseExplicit, expectedStatus=403 FORBIDDEN" classname="de.tum.cit.aet.artemis.core.aspects.EnforceRoleInCourseTest" time="0.06"/>
  <testcase name="testAsStudentOfOther(String, HttpStatus) [2] endpoint=testEnforceAtLeastStudentInCourse, expectedStatus=403 FORBIDDEN" classname="de.tum.cit.aet.artemis.core.aspects.EnforceRoleInCourseTest" time="0.06"/>
  <testcase name="testAsStudentOfOther(String, HttpStatus) [3] endpoint=testEnforceAtLeastTutorInCourseExplicit, expectedStatus=403 FORBIDDEN" classname="de.tum.cit.aet.artemis.core.aspects.EnforceRoleInCourseTest" time="0.08"/>
  <testcase name="testAsStudentOfOther(String, HttpStatus) [4] endpoint=testEnforceAtLeastTutorInCourse, expectedStatus=403 FORBIDDEN" classname="de.tum.cit.aet.artemis.core.aspects.EnforceRoleInCourseTest" time="0.072"/>
  <testcase name="testAsStudentOfOther(String, HttpStatus) [5] endpoint=testEnforceAtLeastEditorInCourseExplicit, expectedStatus=403 FORBIDDEN" classname="de.tum.cit.aet.artemis.core.aspects.EnforceRoleInCourseTest" time="0.062"/>
  <testcase name="testAsStudentOfOther(String, HttpStatus) [6] endpoint=testEnforceAtLeastEditorInCourse, expectedStatus=403 FORBIDDEN" classname="de.tum.cit.aet.artemis.core.aspects.EnforceRoleInCourseTest" time="0.061"/>
  <testcase name="testAsStudentOfOther(String, HttpStatus) [7] endpoint=testEnforceAtLeastInstructorInCourseExplicit, expectedStatus=403 FORBIDDEN" classname="de.tum.cit.aet.artemis.core.aspects.EnforceRoleInCourseTest" time="0.074"/>
  <testcase name="testAsStudentOfOther(String, HttpStatus) [8] endpoint=testEnforceAtLeastInstructorInCourse, expectedStatus=403 FORBIDDEN" classname="de.tum.cit.aet.artemis.core.aspects.EnforceRoleInCourseTest" time="0.064"/>
  <testcase name="testAsStudentOfOther(String, HttpStatus) [9] endpoint=testEnforceRoleInCourseFieldName, expectedStatus=403 FORBIDDEN" classname="de.tum.cit.aet.artemis.core.aspects.EnforceRoleInCourseTest" time="0.064"/>
  <testcase name="testAsStudentOfOther(String, HttpStatus) [10] endpoint=testEnforceAtLeastStudentInCourseFieldName, expectedStatus=403 FORBIDDEN" classname="de.tum.cit.aet.artemis.core.aspects.EnforceRoleInCourseTest" time="0.06"/>
  <testcase name="testAsStudentOfOther(String, HttpStatus) [11] endpoint=testEnforceAtLeastTutorInCourseFieldName, expectedStatus=403 FORBIDDEN" classname="de.tum.cit.aet.artemis.core.aspects.EnforceRoleInCourseTest" time="0.06"/>
  <testcase name="testAsStudentOfOther(String, HttpStatus) [12] endpoint=testEnforceAtLeastEditorInCourseFieldName, expectedStatus=403 FORBIDDEN" classname="de.tum.cit.aet.artemis.core.aspects.EnforceRoleInCourseTest" time="0.058"/>
  <testcase name="testAsStudentOfOther(String, HttpStatus) [13] endpoint=testEnforceAtLeastInstructorInCourseFieldName, expectedStatus=403 FORBIDDEN" classname="de.tum.cit.aet.artemis.core.aspects.EnforceRoleInCourseTest" time="0.061"/>
  <testcase name="testAsEditorOfCourse(String, HttpStatus) [1] endpoint=testEnforceAtLeastStudentInCourseExplicit, expectedStatus=200 OK" classname="de.tum.cit.aet.artemis.core.aspects.EnforceRoleInCourseTest" time="0.06"/>
  <testcase name="testAsEditorOfCourse(String, HttpStatus) [2] endpoint=testEnforceAtLeastStudentInCourse, expectedStatus=200 OK" classname="de.tum.cit.aet.artemis.core.aspects.EnforceRoleInCourseTest" time="0.092"/>
  <testcase name="testAsEditorOfCourse(String, HttpStatus) [3] endpoint=testEnforceAtLeastTutorInCourseExplicit, expectedStatus=200 OK" classname="de.tum.cit.aet.artemis.core.aspects.EnforceRoleInCourseTest" time="0.085"/>
  <testcase name="testAsEditorOfCourse(String, HttpStatus) [4] endpoint=testEnforceAtLeastTutorInCourse, expectedStatus=200 OK" classname="de.tum.cit.aet.artemis.core.aspects.EnforceRoleInCourseTest" time="0.078"/>
  <testcase name="testAsEditorOfCourse(String, HttpStatus) [5] endpoint=testEnforceAtLeastEditorInCourseExplicit, expectedStatus=200 OK" classname="de.tum.cit.aet.artemis.core.aspects.EnforceRoleInCourseTest" time="0.059"/>
  <testcase name="testAsEditorOfCourse(String, HttpStatus) [6] endpoint=testEnforceAtLeastEditorInCourse, expectedStatus=200 OK" classname="de.tum.cit.aet.artemis.core.aspects.EnforceRoleInCourseTest" time="0.059"/>
  <testcase name="testAsEditorOfCourse(String, HttpStatus) [7] endpoint=testEnforceAtLeastInstructorInCourseExplicit, expectedStatus=403 FORBIDDEN" classname="de.tum.cit.aet.artemis.core.aspects.EnforceRoleInCourseTest" time="0.059"/>
  <testcase name="testAsEditorOfCourse(String, HttpStatus) [8] endpoint=testEnforceAtLeastInstructorInCourse, expectedStatus=403 FORBIDDEN" classname="de.tum.cit.aet.artemis.core.aspects.EnforceRoleInCourseTest" time="0.111"/>
  <testcase name="testAsEditorOfCourse(String, HttpStatus) [9] endpoint=testEnforceRoleInCourseFieldName, expectedStatus=200 OK" classname="de.tum.cit.aet.artemis.core.aspects.EnforceRoleInCourseTest" time="0.108"/>
  <testcase name="testAsEditorOfCourse(String, HttpStatus) [10] endpoint=testEnforceAtLeastStudentInCourseFieldName, expectedStatus=200 OK" classname="de.tum.cit.aet.artemis.core.aspects.EnforceRoleInCourseTest" time="0.06"/>
  <testcase name="testAsEditorOfCourse(String, HttpStatus) [11] endpoint=testEnforceAtLeastTutorInCourseFieldName, expectedStatus=200 OK" classname="de.tum.cit.aet.artemis.core.aspects.EnforceRoleInCourseTest" time="0.055"/>
  <testcase name="testAsEditorOfCourse(String, HttpStatus) [12] endpoint=testEnforceAtLeastEditorInCourseFieldName, expectedStatus=200 OK" classname="de.tum.cit.aet.artemis.core.aspects.EnforceRoleInCourseTest" time="0.06"/>
  <testcase name="testAsEditorOfCourse(String, HttpStatus) [13] endpoint=testEnforceAtLeastInstructorInCourseFieldName, expectedStatus=403 FORBIDDEN" classname="de.tum.cit.aet.artemis.core.aspects.EnforceRoleInCourseTest" time="0.059"/>
  <testcase name="testAsInstructorOfCourse(String, HttpStatus) [1] endpoint=testEnforceAtLeastStudentInCourseExplicit, expectedStatus=200 OK" classname="de.tum.cit.aet.artemis.core.aspects.EnforceRoleInCourseTest" time="0.065"/>
  <testcase name="testAsInstructorOfCourse(String, HttpStatus) [2] endpoint=testEnforceAtLeastStudentInCourse, expectedStatus=200 OK" classname="de.tum.cit.aet.artemis.core.aspects.EnforceRoleInCourseTest" time="0.057"/>
  <testcase name="testAsInstructorOfCourse(String, HttpStatus) [3] endpoint=testEnforceAtLeastTutorInCourseExplicit, expectedStatus=200 OK" classname="de.tum.cit.aet.artemis.core.aspects.EnforceRoleInCourseTest" time="0.06"/>
  <testcase name="testAsInstructorOfCourse(String, HttpStatus) [4] endpoint=testEnforceAtLeastTutorInCourse, expectedStatus=200 OK" classname="de.tum.cit.aet.artemis.core.aspects.EnforceRoleInCourseTest" time="0.056"/>
  <testcase name="testAsInstructorOfCourse(String, HttpStatus) [5] endpoint=testEnforceAtLeastEditorInCourseExplicit, expectedStatus=200 OK" classname="de.tum.cit.aet.artemis.core.aspects.EnforceRoleInCourseTest" time="0.057"/>
  <testcase name="testAsInstructorOfCourse(String, HttpStatus) [6] endpoint=testEnforceAtLeastEditorInCourse, expectedStatus=200 OK" classname="de.tum.cit.aet.artemis.core.aspects.EnforceRoleInCourseTest" time="0.091"/>
  <testcase name="testAsInstructorOfCourse(String, HttpStatus) [7] endpoint=testEnforceAtLeastInstructorInCourseExplicit, expectedStatus=200 OK" classname="de.tum.cit.aet.artemis.core.aspects.EnforceRoleInCourseTest" time="0.077"/>
  <testcase name="testAsInstructorOfCourse(String, HttpStatus) [8] endpoint=testEnforceAtLeastInstructorInCourse, expectedStatus=200 OK" classname="de.tum.cit.aet.artemis.core.aspects.EnforceRoleInCourseTest" time="0.066"/>
  <testcase name="testAsInstructorOfCourse(String, HttpStatus) [9] endpoint=testEnforceRoleInCourseFieldName, expectedStatus=200 OK" classname="de.tum.cit.aet.artemis.core.aspects.EnforceRoleInCourseTest" time="0.066"/>
  <testcase name="testAsInstructorOfCourse(String, HttpStatus) [10] endpoint=testEnforceAtLeastStudentInCourseFieldName, expectedStatus=200 OK" classname="de.tum.cit.aet.artemis.core.aspects.EnforceRoleInCourseTest" time="0.046"/>
  <testcase name="testAsInstructorOfCourse(String, HttpStatus) [11] endpoint=testEnforceAtLeastTutorInCourseFieldName, expectedStatus=200 OK" classname="de.tum.cit.aet.artemis.core.aspects.EnforceRoleInCourseTest" time="0.059"/>
  <testcase name="testAsInstructorOfCourse(String, HttpStatus) [12] endpoint=testEnforceAtLeastEditorInCourseFieldName, expectedStatus=200 OK" classname="de.tum.cit.aet.artemis.core.aspects.EnforceRoleInCourseTest" time="0.061"/>
  <testcase name="testAsInstructorOfCourse(String, HttpStatus) [13] endpoint=testEnforceAtLeastInstructorInCourseFieldName, expectedStatus=200 OK" classname="de.tum.cit.aet.artemis.core.aspects.EnforceRoleInCourseTest" time="0.058"/>
  <testcase name="testAsTutorOfCourse(String, HttpStatus) [1] endpoint=testEnforceAtLeastStudentInCourseExplicit, expectedStatus=200 OK" classname="de.tum.cit.aet.artemis.core.aspects.EnforceRoleInCourseTest" time="0.091"/>
  <testcase name="testAsTutorOfCourse(String, HttpStatus) [2] endpoint=testEnforceAtLeastStudentInCourse, expectedStatus=200 OK" classname="de.tum.cit.aet.artemis.core.aspects.EnforceRoleInCourseTest" time="0.061"/>
  <testcase name="testAsTutorOfCourse(String, HttpStatus) [3] endpoint=testEnforceAtLeastTutorInCourseExplicit, expectedStatus=200 OK" classname="de.tum.cit.aet.artemis.core.aspects.EnforceRoleInCourseTest" time="0.06"/>
  <testcase name="testAsTutorOfCourse(String, HttpStatus) [4] endpoint=testEnforceAtLeastTutorInCourse, expectedStatus=200 OK" classname="de.tum.cit.aet.artemis.core.aspects.EnforceRoleInCourseTest" time="0.055"/>
  <testcase name="testAsTutorOfCourse(String, HttpStatus) [5] endpoint=testEnforceAtLeastEditorInCourseExplicit, expectedStatus=403 FORBIDDEN" classname="de.tum.cit.aet.artemis.core.aspects.EnforceRoleInCourseTest" time="0.06"/>
  <testcase name="testAsTutorOfCourse(String, HttpStatus) [6] endpoint=testEnforceAtLeastEditorInCourse, expectedStatus=403 FORBIDDEN" classname="de.tum.cit.aet.artemis.core.aspects.EnforceRoleInCourseTest" time="0.073"/>
  <testcase name="testAsTutorOfCourse(String, HttpStatus) [7] endpoint=testEnforceAtLeastInstructorInCourseExplicit, expectedStatus=403 FORBIDDEN" classname="de.tum.cit.aet.artemis.core.aspects.EnforceRoleInCourseTest" time="0.082"/>
  <testcase name="testAsTutorOfCourse(String, HttpStatus) [8] endpoint=testEnforceAtLeastInstructorInCourse, expectedStatus=403 FORBIDDEN" classname="de.tum.cit.aet.artemis.core.aspects.EnforceRoleInCourseTest" time="0.055"/>
  <testcase name="testAsTutorOfCourse(String, HttpStatus) [9] endpoint=testEnforceRoleInCourseFieldName, expectedStatus=200 OK" classname="de.tum.cit.aet.artemis.core.aspects.EnforceRoleInCourseTest" time="0.054"/>
  <testcase name="testAsTutorOfCourse(String, HttpStatus) [10] endpoint=testEnforceAtLeastStudentInCourseFieldName, expectedStatus=200 OK" classname="de.tum.cit.aet.artemis.core.aspects.EnforceRoleInCourseTest" time="0.063"/>
  <testcase name="testAsTutorOfCourse(String, HttpStatus) [11] endpoint=testEnforceAtLeastTutorInCourseFieldName, expectedStatus=200 OK" classname="de.tum.cit.aet.artemis.core.aspects.EnforceRoleInCourseTest" time="0.06"/>
  <testcase name="testAsTutorOfCourse(String, HttpStatus) [12] endpoint=testEnforceAtLeastEditorInCourseFieldName, expectedStatus=403 FORBIDDEN" classname="de.tum.cit.aet.artemis.core.aspects.EnforceRoleInCourseTest" time="0.062"/>
  <testcase name="testAsTutorOfCourse(String, HttpStatus) [13] endpoint=testEnforceAtLeastInstructorInCourseFieldName, expectedStatus=403 FORBIDDEN" classname="de.tum.cit.aet.artemis.core.aspects.EnforceRoleInCourseTest" time="0.056"/>
  <testcase name="testAsStudentOfCourse(String, HttpStatus) [1] endpoint=testEnforceAtLeastStudentInCourseExplicit, expectedStatus=200 OK" classname="de.tum.cit.aet.artemis.core.aspects.EnforceRoleInCourseTest" time="0.056"/>
  <testcase name="testAsStudentOfCourse(String, HttpStatus) [2] endpoint=testEnforceAtLeastStudentInCourse, expectedStatus=200 OK" classname="de.tum.cit.aet.artemis.core.aspects.EnforceRoleInCourseTest" time="0.055"/>
  <testcase name="testAsStudentOfCourse(String, HttpStatus) [3] endpoint=testEnforceAtLeastTutorInCourseExplicit, expectedStatus=403 FORBIDDEN" classname="de.tum.cit.aet.artemis.core.aspects.EnforceRoleInCourseTest" time="0.057"/>
  <testcase name="testAsStudentOfCourse(String, HttpStatus) [4] endpoint=testEnforceAtLeastTutorInCourse, expectedStatus=403 FORBIDDEN" classname="de.tum.cit.aet.artemis.core.aspects.EnforceRoleInCourseTest" time="0.054"/>
  <testcase name="testAsStudentOfCourse(String, HttpStatus) [5] endpoint=testEnforceAtLeastEditorInCourseExplicit, expectedStatus=403 FORBIDDEN" classname="de.tum.cit.aet.artemis.core.aspects.EnforceRoleInCourseTest" time="0.056"/>
  <testcase name="testAsStudentOfCourse(String, HttpStatus) [6] endpoint=testEnforceAtLeastEditorInCourse, expectedStatus=403 FORBIDDEN" classname="de.tum.cit.aet.artemis.core.aspects.EnforceRoleInCourseTest" time="0.054"/>
  <testcase name="testAsStudentOfCourse(String, HttpStatus) [7] endpoint=testEnforceAtLeastInstructorInCourseExplicit, expectedStatus=403 FORBIDDEN" classname="de.tum.cit.aet.artemis.core.aspects.EnforceRoleInCourseTest" time="0.066"/>
  <testcase name="testAsStudentOfCourse(String, HttpStatus) [8] endpoint=testEnforceAtLeastInstructorInCourse, expectedStatus=403 FORBIDDEN" classname="de.tum.cit.aet.artemis.core.aspects.EnforceRoleInCourseTest" time="0.059"/>
  <testcase name="testAsStudentOfCourse(String, HttpStatus) [9] endpoint=testEnforceRoleInCourseFieldName, expectedStatus=200 OK" classname="de.tum.cit.aet.artemis.core.aspects.EnforceRoleInCourseTest" time="0.062"/>
  <testcase name="testAsStudentOfCourse(String, HttpStatus) [10] endpoint=testEnforceAtLeastStudentInCourseFieldName, expectedStatus=200 OK" classname="de.tum.cit.aet.artemis.core.aspects.EnforceRoleInCourseTest" time="0.063"/>
  <testcase name="testAsStudentOfCourse(String, HttpStatus) [11] endpoint=testEnforceAtLeastTutorInCourseFieldName, expectedStatus=403 FORBIDDEN" classname="de.tum.cit.aet.artemis.core.aspects.EnforceRoleInCourseTest" time="0.06"/>
  <testcase name="testAsStudentOfCourse(String, HttpStatus) [12] endpoint=testEnforceAtLeastEditorInCourseFieldName, expectedStatus=403 FORBIDDEN" classname="de.tum.cit.aet.artemis.core.aspects.EnforceRoleInCourseTest" time="0.053"/>
  <testcase name="testAsStudentOfCourse(String, HttpStatus) [13] endpoint=testEnforceAtLeastInstructorInCourseFieldName, expectedStatus=403 FORBIDDEN" classname="de.tum.cit.aet.artemis.core.aspects.EnforceRoleInCourseTest" time="0.053"/>
  <testcase name="testAsEditorOfOtherCourse(String, HttpStatus) [1] endpoint=testEnforceAtLeastStudentInCourseExplicit, expectedStatus=403 FORBIDDEN" classname="de.tum.cit.aet.artemis.core.aspects.EnforceRoleInCourseTest" time="0.053"/>
  <testcase name="testAsEditorOfOtherCourse(String, HttpStatus) [2] endpoint=testEnforceAtLeastStudentInCourse, expectedStatus=403 FORBIDDEN" classname="de.tum.cit.aet.artemis.core.aspects.EnforceRoleInCourseTest" time="0.053"/>
  <testcase name="testAsEditorOfOtherCourse(String, HttpStatus) [3] endpoint=testEnforceAtLeastTutorInCourseExplicit, expectedStatus=403 FORBIDDEN" classname="de.tum.cit.aet.artemis.core.aspects.EnforceRoleInCourseTest" time="0.052"/>
  <testcase name="testAsEditorOfOtherCourse(String, HttpStatus) [4] endpoint=testEnforceAtLeastTutorInCourse, expectedStatus=403 FORBIDDEN" classname="de.tum.cit.aet.artemis.core.aspects.EnforceRoleInCourseTest" time="0.053"/>
  <testcase name="testAsEditorOfOtherCourse(String, HttpStatus) [5] endpoint=testEnforceAtLeastEditorInCourseExplicit, expectedStatus=403 FORBIDDEN" classname="de.tum.cit.aet.artemis.core.aspects.EnforceRoleInCourseTest" time="0.081"/>
  <testcase name="testAsEditorOfOtherCourse(String, HttpStatus) [6] endpoint=testEnforceAtLeastEditorInCourse, expectedStatus=403 FORBIDDEN" classname="de.tum.cit.aet.artemis.core.aspects.EnforceRoleInCourseTest" time="0.056"/>
  <testcase name="testAsEditorOfOtherCourse(String, HttpStatus) [7] endpoint=testEnforceAtLeastInstructorInCourseExplicit, expectedStatus=403 FORBIDDEN" classname="de.tum.cit.aet.artemis.core.aspects.EnforceRoleInCourseTest" time="0.065"/>
  <testcase name="testAsEditorOfOtherCourse(String, HttpStatus) [8] endpoint=testEnforceAtLeastInstructorInCourse, expectedStatus=403 FORBIDDEN" classname="de.tum.cit.aet.artemis.core.aspects.EnforceRoleInCourseTest" time="0.056"/>
  <testcase name="testAsEditorOfOtherCourse(String, HttpStatus) [9] endpoint=testEnforceRoleInCourseFieldName, expectedStatus=403 FORBIDDEN" classname="de.tum.cit.aet.artemis.core.aspects.EnforceRoleInCourseTest" time="0.058"/>
  <testcase name="testAsEditorOfOtherCourse(String, HttpStatus) [10] endpoint=testEnforceAtLeastStudentInCourseFieldName, expectedStatus=403 FORBIDDEN" classname="de.tum.cit.aet.artemis.core.aspects.EnforceRoleInCourseTest" time="0.062"/>
  <testcase name="testAsEditorOfOtherCourse(String, HttpStatus) [11] endpoint=testEnforceAtLeastTutorInCourseFieldName, expectedStatus=403 FORBIDDEN" classname="de.tum.cit.aet.artemis.core.aspects.EnforceRoleInCourseTest" time="0.068"/>
  <testcase name="testAsEditorOfOtherCourse(String, HttpStatus) [12] endpoint=testEnforceAtLeastEditorInCourseFieldName, expectedStatus=403 FORBIDDEN" classname="de.tum.cit.aet.artemis.core.aspects.EnforceRoleInCourseTest" time="0.061"/>
  <testcase name="testAsEditorOfOtherCourse(String, HttpStatus) [13] endpoint=testEnforceAtLeastInstructorInCourseFieldName, expectedStatus=403 FORBIDDEN" classname="de.tum.cit.aet.artemis.core.aspects.EnforceRoleInCourseTest" time="0.053"/>
  <testcase name="testAsTutorOfOtherCourse(String, HttpStatus) [1] endpoint=testEnforceAtLeastStudentInCourseExplicit, expectedStatus=403 FORBIDDEN" classname="de.tum.cit.aet.artemis.core.aspects.EnforceRoleInCourseTest" time="0.172"/>
  <testcase name="testAsTutorOfOtherCourse(String, HttpStatus) [2] endpoint=testEnforceAtLeastStudentInCourse, expectedStatus=403 FORBIDDEN" classname="de.tum.cit.aet.artemis.core.aspects.EnforceRoleInCourseTest" time="0.072"/>
  <testcase name="testAsTutorOfOtherCourse(String, HttpStatus) [3] endpoint=testEnforceAtLeastTutorInCourseExplicit, expectedStatus=403 FORBIDDEN" classname="de.tum.cit.aet.artemis.core.aspects.EnforceRoleInCourseTest" time="0.059"/>
  <testcase name="testAsTutorOfOtherCourse(String, HttpStatus) [4] endpoint=testEnforceAtLeastTutorInCourse, expectedStatus=403 FORBIDDEN" classname="de.tum.cit.aet.artemis.core.aspects.EnforceRoleInCourseTest" time="0.054"/>
  <testcase name="testAsTutorOfOtherCourse(String, HttpStatus) [5] endpoint=testEnforceAtLeastEditorInCourseExplicit, expectedStatus=403 FORBIDDEN" classname="de.tum.cit.aet.artemis.core.aspects.EnforceRoleInCourseTest" time="0.066"/>
  <testcase name="testAsTutorOfOtherCourse(String, HttpStatus) [6] endpoint=testEnforceAtLeastEditorInCourse, expectedStatus=403 FORBIDDEN" classname="de.tum.cit.aet.artemis.core.aspects.EnforceRoleInCourseTest" time="0.062"/>
  <testcase name="testAsTutorOfOtherCourse(String, HttpStatus) [7] endpoint=testEnforceAtLeastInstructorInCourseExplicit, expectedStatus=403 FORBIDDEN" classname="de.tum.cit.aet.artemis.core.aspects.EnforceRoleInCourseTest" time="0.089"/>
  <testcase name="testAsTutorOfOtherCourse(String, HttpStatus) [8] endpoint=testEnforceAtLeastInstructorInCourse, expectedStatus=403 FORBIDDEN" classname="de.tum.cit.aet.artemis.core.aspects.EnforceRoleInCourseTest" time="0.071"/>
  <testcase name="testAsTutorOfOtherCourse(String, HttpStatus) [9] endpoint=testEnforceRoleInCourseFieldName, expectedStatus=403 FORBIDDEN" classname="de.tum.cit.aet.artemis.core.aspects.EnforceRoleInCourseTest" time="0.121"/>
  <testcase name="testAsTutorOfOtherCourse(String, HttpStatus) [10] endpoint=testEnforceAtLeastStudentInCourseFieldName, expectedStatus=403 FORBIDDEN" classname="de.tum.cit.aet.artemis.core.aspects.EnforceRoleInCourseTest" time="0.069"/>
  <testcase name="testAsTutorOfOtherCourse(String, HttpStatus) [11] endpoint=testEnforceAtLeastTutorInCourseFieldName, expectedStatus=403 FORBIDDEN" classname="de.tum.cit.aet.artemis.core.aspects.EnforceRoleInCourseTest" time="0.09"/>
  <testcase name="testAsTutorOfOtherCourse(String, HttpStatus) [12] endpoint=testEnforceAtLeastEditorInCourseFieldName, expectedStatus=403 FORBIDDEN" classname="de.tum.cit.aet.artemis.core.aspects.EnforceRoleInCourseTest" time="0.068"/>
  <testcase name="testAsTutorOfOtherCourse(String, HttpStatus) [13] endpoint=testEnforceAtLeastInstructorInCourseFieldName, expectedStatus=403 FORBIDDEN" classname="de.tum.cit.aet.artemis.core.aspects.EnforceRoleInCourseTest" time="0.07"/>
  <system-out><![CDATA[    23:44:37.637 | 428 ool-1-worker-192 | INFO  | c.a.a.m.w.ModelingSubmissionResource : save took 3ms for exercise 2235 and user modelingsubmissionintegrationstudent1
    23:44:37.644 | 428 ool-1-worker-192 | DEBUG | d.t.c.a.a.c.s.f.ApiVersionFilter     : Adding Version to Request POST /api/exercises/2235/modeling-submissions
    23:44:37.648 | 428 ool-1-worker-192 | WARN  | o.z.p.spring.common.AdviceTraits     : Bad Request: Validation failed for argument [1] in public org.springframework.http.ResponseEntity<de.tum.cit.aet.artemis.modeling.domain.ModelingSubmission> de.tum.cit.aet.artemis.modeling.web.ModelingSubmissionResource.createModelingSubmission(long,de.tum.cit.aet.artemis.modeling.domain.ModelingSubmission): [Field error in object 'modelingSubmission' on field 'model': rejected value [aaaaaaaaaaaaaaaaaaaaaaaaaaaaaaaaaaaaaaaaaaaaaaaaaaaaaaaaaaaaaaaaaaaaaaaaaaaaaaaaaaaaaaaaaaaaaaaaaaaaaaaaaaaaaaaaaaaaaaaaaaaaaaaaaaaaaaaaaaaaaaaaaaaaaaaaaaaaaaaaaaaaaaaaaaaaaaaaaaaaaaaaaaaaaaaaaaaaaaaaaaaaaaaaaaaaaaaaaaaaaaaaaaaaaaaaaaaaaaaaaaaaaaaaaaaaaaaaaaaaaaaaaaaaaaaaaaaaaaaaaaaaaaaaaaaaaaaaaaaaaaaaaaaaaaaaaaaaaaaaaaaaaaaaaaaaaaaaaaaaaaaaaaaaaaaaaaaaaaaaaaaaaaaaaaaaaaaaaaaaaaaaaaaaaaaaaaaaaaaaaaaaaaaaaaaaaaaaaaaaaaaaaaaaaaaaaaaaaaaaaaaaaaaaaaaaaaaaaaaaaaaaaaaaaaaaaaaaaaaaaaaaaaaaaaaaaaaaaaaaaaaaaaaaaaaaaaaaaaaaaaaaaaaaaaaaaaaaaaaaaaaaaaaaaaaaaaaaaaaaaaaaaaaaaaaaaaaaaaaaaaaaaaaaaaaaaaaaaaaaaaaaaaaaaaaaaaaaaaaaaaaaaaaaaaaaaaaaaaaaaaaaaaaaaaaaaaaaaaaaaaaaaaaaaaaaaaaaaaaaaaaaaaaaaaaaaaaaaaaaaaaaaaaaaaaaaaaaaaaaaaaaaaaaaaaaaaaaaaaaaaaaaaaaaaaaaaaaaaaaaaaaaaaaaaaaaaaaaaaaaaaaaaaaaaaaaaaaaaaaaaaaaaaaaaaaaaaaaaaaaaaaaaaaaaaaaaaaaaaaaaaaaaaaaaaaaaaaaaaaaaaaaaaaaaaaaaaaaaaaaaaaaaaaaaaaaaaaaaaaaaaaaaaaaaaaaaaaaaaaaaaaaaaaaaaaaaaaaaaaaaaaaaaaaaaaaaaaaaaaaaaaaaaaaaaaaaaaaaaaaaaaaaaaaaaaaaaaaaaaaaaaaaaaaaaaaaaaaaaaaaaaaaaaaaaaaaaaaaaaaaaaaaaaaaaaaaaaaaaaaaaaaaaaaaaaaaaaaaaaaaaaaaaaaaaaaaaaaaaaaaaaaaaaaaaaaaaaaaaaaaaaaaaaaaaaaaaaaaaaaaaaaaaaaaaaaaaaaaaaaaaaaaaaaaaaaaaaaaaaaaaaaaaaaaaaaaaaaaaaaaaaaaaaaaaaaaaaaaaaaaaaaaaaaaaaaaaaaaaaaaaaaaaaaaaaaaaaaaaaaaaaaaaaaaaaaaaaaaaaaaaaaaaaaaaaaaaaaaaaaaaaaaaaaaaaaaaaaaaaaaaaaaaaaaaaaaaaaaaaaaaaaaaaaaaaaaaaaaaaaaaaaaaaaaaaaaaaaaaaaaaaaaaaaaaaaaaaaaaaaaaaaaaaaaaaaaaaaaaaaaaaaaaaaaaaaaaaaaaaaaaaaaaaaaaaaaaaaaaaaaaaaaaaaaaaaaaaaaaaaaaaaaaaaaaaaaaaaaaaaaaaaaaaaaaaaaaaaaaaaaaaaaaaaaaaaaaaaaaaaaaaaaaaaaaaaaaaaaaaaaaaaaaaaaaaaaaaaaaaaaaaaaaaaaaaaaaaaaaaaaaaaaaaaaaaaaaaaaaaaaaaaaaaaaaaaaaaaaaaaaaaaaaaaaaaaaaaaaaaaaaaaaaaaaaaaaaaaaaaaaaaaaaaaaaaaaaaaaaaaaaaaaaaaaaaaaaaaaaaaaaaaaaaaaaaaaaaaaaaaaaaaaaaaaaaaaaaaaaaaaaaaaaaaaaaaaaaaaaaaaaaaaaaaaaaaaaaaaaaaaaaaaaaaaaaaaaaaaaaaaaaaaaaaaaaaaaaaaaaaaaaaaaaaaaaaaaaaaaaaaaaaaaaaaaaaaaaaaaaaaaaaaaaaaaaaaaaaaaaaaaaaaaaaaaaaaaaaaaaaaaaaaaaaaaaaaaaaaaaaaaaaaaaaaaaaaaaaaaaaaaaaaaaaaaaaaaaaaaaaaaaaaaaaaaaaaaaaaaaaaaaaaaaaaaaaaaaaaaaaaaaaaaaaaaaaaaaaaaaaaaaaaaaaaaaaaaaaaaaaaaaaaaaaaaaaaaaaaaaaaaaaaaaaaaaaaaaaaaaaaaaaaaaaaaaaaaaaaaaaaaaaaaaaaaaaaaaaaaaaaaaaaaaaaaaaaaaaaaaaaaaaaaaaaaaaaaaaaaaaaaaaaaaaaaaaaaaaaaaaaaaaaaaaaaaaaaaaaaaaaaaaaaaaaaaaaaaaaaaaaaaaaaaaaaaaaaaaaaaaaaaaaaaaaaaaaaaaaaaaaaaaaaaaaaaaaaaaaaaaaaaaaaaaaaaaaaaaaaaaaaaaaaaaaaaaaaaaaaaaaaaaaaaaaaaaaaaaaaaaaaaaaaaaaaaaaaaaaaaaaaaaaaaaaaaaaaaaaaaaaaaaaaaaaaaaaaaaaaaaaaaaaaaaaaaaaaaaaaaaaaaaaaaaaaaaaaaaaaaaaaaaaaaaaaaaaaaaaaaaaaaaaaaaaaaaaaaaaaaaaaaaaaaaaaaaaaaaaaaaaaaaaaaaaaaaaaaaaaaaaaaaaaaaaaaaaaaaaaaaaaaaaaaaaaaaaaaaaaaaaaaaaaaaaaaaaaaaaaaaaaaaaaaaaaaaaaaaaaaaaaaaaaaaaaaaaaaaaaaaaaaaaaaaaaaaaaaaaaaaaaaaaaaaaaaaaaaaaaaaaaaaaaaaaaaaaaaaaaaaaaaaaaaaaaaaaaaaaaaaaaaaaaaaaaaaaaaaaaaaaaaaaaaaaaaaaaaaaaaaaaaaaaaaaaaaaaaaaaaaaaaaaaaaaaaaaaaaaaaaaaaaaaaaaaaaaaaaaaaaaaaaaaaaaaaaaaaaaaaaaaaaaaaaaaaaaaaaaaaaaaaaaaaaaaaaaaaaaaaaaaaaaaaaaaaaaaaaaaaaaaaaaaaaaaaaaaaaaaaaaaaaaaaaaaaaaaaaaaaaaaaaaaaaaaaaaaaaaaaaaaaaaaaaaaaaaaaaaaaaaaaaaaaaaaaaaaaaaaaaaaaaaaaaaaaaaaaaaaaaaaaaaaaaaaaaaaaaaaaaaaaaaaaaaaaaaaaaaaaaaaaaaaaaaaaaaaaaaaaaaaaaaaaaaaaaaaaaaaaaaaaaaaaaaaaaaaaaaaaaaaaaaaaaaaaaaaaaaaaaaaaaaaaaaaaaaaaaaaaaaaaaaaaaaaaaaaaaaaaaaaaaaaaaaaaaaaaaaaaaaaaaaaaaaaaaaaaaaaaaaaaaaaaaaaaaaaaaaaaaaaaaaaaaaaaaaaaaaaaaaaaaaaaaaaaaaaaaaaaaaaaaaaaaaaaaaaaaaaaaaaaaaaaaaaaaaaaaaaaaaaaaaaaaaaaaaaaaaaaaaaaaaaaaaaaaaaaaaaaaaaaaaaaaaaaaaaaaaaaaaaaaaaaaaaaaaaaaaaaaaaaaaaaaaaaaaaaaaaaaaaaaaaaaaaaaaaaaaaaaaaaaaaaaaaaaaaaaaaaaaaaaaaaaaaaaaaaaaaaaaaaaaaaaaaaaaaaaaaaaaaaaaaaaaaaaaaaaaaaaaaaaaaaaaaaaaaaaaaaaaaaaaaaaaaaaaaaaaaaaaaaaaaaaaaaaaaaaaaaaaaaaaaaaaaaaaaaaaaaaaaaaaaaaaaaaaaaaaaaaaaaaaaaaaaaaaaaaaaaaaaaaaaaaaaaaaaaaaaaaaaaaaaaaaaaaaaaaaaaaaaaaaaaaaaaaaaaaaaaaaaaaaaaaaaaaaaaaaaaaaaaaaaaaaaaaaaaaaaaaaaaaaaaaaaaaaaaaaaaaaaaaaaaaaaaaaaaaaaaaaaaaaaaaaaaaaaaaaaaaaaaaaaaaaaaaaaaaaaaaaaaaaaaaaaaaaaaaaaaaaaaaaaaaaaaaaaaaaaaaaaaaaaaaaaaaaaaaaaaaaaaaaaaaaaaaaaaaaaaaaaaaaaaaaaaaaaaaaaaaaaaaaaaaaaaaaaaaaaaaaaaaaaaaaaaaaaaaaaaaaaaaaaaaaaaaaaaaaaaaaaaaaaaaaaaaaaaaaaaaaaaaaaaaaaaaaaaaaaaaaaaaaaaaaaaaaaaaaaaaaaaaaaaaaaaaaaaaaaaaaaaaaaaaaaaaaaaaaaaaaaaaaaaaaaaaaaaaaaaaaaaaaaaaaaaaaaaaaaaaaaaaaaaaaaaaaaaaaaaaaaaaaaaaaaaaaaaaaaaaaaaaaaaaaaaaaaaaaaaaaaaaaaaaaaaaaaaaaaaaaaaaaaaaaaaaaaaaaaaaaaaaaaaaaaaaaaaaaaaaaaaaaaaaaaaaaaaaaaaaaaaaaaaaaaaaaaaaaaaaaaaaaaaaaaaaaaaaaaaaaaaaaaaaaaaaaaaaaaaaaaaaaaaaaaaaaaaaaaaaaaaaaaaaaaaaaaaaaaaaaaaaaaaaaaaaaaaaaaaaaaaaaaaaaaaaaaaaaaaaaaaaaaaaaaaaaaaaaaaaaaaaaaaaaaaaaaaaaaaaaaaaaaaaaaaaaaaaaaaaaaaaaaaaaaaaaaaaaaaaaaaaaaaaaaaaaaaaaaaaaaaaaaaaaaaaaaaaaaaaaaaaaaaaaaaaaaaaaaaaaaaaaaaaaaaaaaaaaaaaaaaaaaaaaaaaaaaaaaaaaaaaaaaaaaaaaaaaaaaaaaaaaaaaaaaaaaaaaaaaaaaaaaaaaaaaaaaaaaaaaaaaaaaaaaaaaaaaaaaaaaaaaaaaaaaaaaaaaaaaaaaaaaaaaaaaaaaaaaaaaaaaaaaaaaaaaaaaaaaaaaaaaaaaaaaaaaaaaaaaaaaaaaaaaaaaaaaaaaaaaaaaaaaaaaaaaaaaaaaaaaaaaaaaaaaaaaaaaaaaaaaaaaaaaaaaaaaaaaaaaaaaaaaaaaaaaaaaaaaaaaaaaaaaaaaaaaaaaaaaaaaaaaaaaaaaaaaaaaaaaaaaaaaaaaaaaaaaaaaaaaaaaaaaaaaaaaaaaaaaaaaaaaaaaaaaaaaaaaaaaaaaaaaaaaaaaaaaaaaaaaaaaaaaaaaaaaaaaaaaaaaaaaaaaaaaaaaaaaaaaaaaaaaaaaaaaaaaaaaaaaaaaaaaaaaaaaaaaaaaaaaaaaaaaaaaaaaaaaaaaaaaaaaaaaaaaaaaaaaaaaaaaaaaaaaaaaaaaaaaaaaaaaaaaaaaaaaaaaaaaaaaaaaaaaaaaaaaaaaaaaaaaaaaaaaaaaaaaaaaaaaaaaaaaaaaaaaaaaaaaaaaaaaaaaaaaaaaaaaaaaaaaaaaaaaaaaaaaaaaaaaaaaaaaaaaaaaaaaaaaaaaaaaaaaaaaaaaaaaaaaaaaaaaaaaaaaaaaaaaaaaaaaaaaaaaaaaaaaaaaaaaaaaaaaaaaaaaaaaaaaaaaaaaaaaaaaaaaaaaaaaaaaaaaaaaaaaaaaaaaaaaaaaaaaaaaaaaaaaaaaaaaaaaaaaaaaaaaaaaaaaaaaaaaaaaaaaaaaaaaaaaaaaaaaaaaaaaaaaaaaaaaaaaaaaaaaaaaaaaaaaaaaaaaaaaaaaaaaaaaaaaaaaaaaaaaaaaaaaaaaaaaaaaaaaaaaaaaaaaaaaaaaaaaaaaaaaaaaaaaaaaaaaaaaaaaaaaaaaaaaaaaaaaaaaaaaaaaaaaaaaaaaaaaaaaaaaaaaaaaaaaaaaaaaaaaaaaaaaaaaaaaaaaaaaaaaaaaaaaaaaaaaaaaaaaaaaaaaaaaaaaaaaaaaaaaaaaaaaaaaaaaaaaaaaaaaaaaaaaaaaaaaaaaaaaaaaaaaaaaaaaaaaaaaaaaaaaaaaaaaaaaaaaaaaaaaaaaaaaaaaaaaaaaaaaaaaaaaaaaaaaaaaaaaaaaaaaaaaaaaaaaaaaaaaaaaaaaaaaaaaaaaaaaaaaaaaaaaaaaaaaaaaaaaaaaaaaaaaaaaaaaaaaaaaaaaaaaaaaaaaaaaaaaaaaaaaaaaaaaaaaaaaaaaaaaaaaaaaaaaaaaaaaaaaaaaaaaaaaaaaaaaaaaaaaaaaaaaaaaaaaaaaaaaaaaaaaaaaaaaaaaaaaaaaaaaaaaaaaaaaaaaaaaaaaaaaaaaaaaaaaaaaaaaaaaaaaaaaaaaaaaaaaaaaaaaaaaaaaaaaaaaaaaaaaaaaaaaaaaaaaaaaaaaaaaaaaaaaaaaaaaaaaaaaaaaaaaaaaaaaaaaaaaaaaaaaaaaaaaaaaaaaaaaaaaaaaaaaaaaaaaaaaaaaaaaaaaaaaaaaaaaaaaaaaaaaaaaaaaaaaaaaaaaaaaaaaaaaaaaaaaaaaaaaaaaaaaaaaaaaaaaaaaaaaaaaaaaaaaaaaaaaaaaaaaaaaaaaaaaaaaaaaaaaaaaaaaaaaaaaaaaaaaaaaaaaaaaaaaaaaaaaaaaaaaaaaaaaaaaaaaaaaaaaaaaaaaaaaaaaaaaaaaaaaaaaaaaaaaaaaaaaaaaaaaaaaaaaaaaaaaaaaaaaaaaaaaaaaaaaaaaaaaaaaaaaaaaaaaaaaaaaaaaaaaaaaaaaaaaaaaaaaaaaaaaaaaaaaaaaaaaaaaaaaaaaaaaaaaaaaaaaaaaaaaaaaaaaaaaaaaaaaaaaaaaaaaaaaaaaaaaaaaaaaaaaaaaaaaaaaaaaaaaaaaaaaaaaaaaaaaaaaaaaaaaaaaaaaaaaaaaaaaaaaaaaaaaaaaaaaaaaaaaaaaaaaaaaaaaaaaaaaaaaaaaaaaaaaaaaaaaaaaaaaaaaaaaaaaaaaaaaaaaaaaaaaaaaaaaaaaaaaaaaaaaaaaaaaaaaaaaaaaaaaaaaaaaaaaaaaaaaaaaaaaaaaaaaaaaaaaaaaaaaaaaaaaaaaaaaaaaaaaaaaaaaaaaaaaaaaaaaaaaaaaaaaaaaaaaaaaaaaaaaaaaaaaaaaaaaaaaaaaaaaaaaaaaaaaaaaaaaaaaaaaaaaaaaaaaaaaaaaaaaaaaaaaaaaaaaaaaaaaaaaaaaaaaaaaaaaaaaaaaaaaaaaaaaaaaaaaaaaaaaaaaaaaaaaaaaaaaaaaaaaaaaaaaaaaaaaaaaaaaaaaaaaaaaaaaaaaaaaaaaaaaaaaaaaaaaaaaaaaaaaaaaaaaaaaaaaaaaaaaaaaaaaaaaaaaaaaaaaaaaaaaaaaaaaaaaaaaaaaaaaaaaaaaaaaaaaaaaaaaaaaaaaaaaaaaaaaaaaaaaaaaaaaaaaaaaaaaaaaaaaaaaaaaaaaaaaaaaaaaaaaaaaaaaaaaaaaaaaaaaaaaaaaaaaaaaaaaaaaaaaaaaaaaaaaaaaaaaaaaaaaaaaaaaaaaaaaaaaaaaaaaaaaaaaaaaaaaaaaaaaaaaaaaaaaaaaaaaaaaaaaaaaaaaaaaaaaaaaaaaaaaaaaaaaaaaaaaaaaaaaaaaaaaaaaaaaaaaaaaaaaaaaaaaaaaaaaaaaaaaaaaaaaaaaaaaaaaaaaaaaaaaaaaaaaaaaaaaaaaaaaaaaaaaaaaaaaaaaaaaaaaaaaaaaaaaaaaaaaaaaaaaaaaaaaaaaaaaaaaaaaaaaaaaaaaaaaaaaaaaaaaaaaaaaaaaaaaaaaaaaaaaaaaaaaaaaaaaaaaaaaaaaaaaaaaaaaaaaaaaaaaaaaaaaaaaaaaaaaaaaaaaaaaaaaaaaaaaaaaaaaaaaaaaaaaaaaaaaaaaaaaaaaaaaaaaaaaaaaaaaaaaaaaaaaaaaaaaaaaaaaaaaaaaaaaaaaaaaaaaaaaaaaaaaaaaaaaaaaaaaaaaaaaaaaaaaaaaaaaaaaaaaaaaaaaaaaaaaaaaaaaaaaaaaaaaaaaaaaaaaaaaaaaaaaaaaaaaaaaaaaaaaaaaaaaaaaaaaaaaaaaaaaaaaaaaaaaaaaaaaaaaaaaaaaaaaaaaaaaaaaaaaaaaaaaaaaaaaaaaaaaaaaaaaaaaaaaaaaaaaaaaaaaaaaaaaaaaaaaaaaaaaaaaaaaaaaaaaaaaaaaaaaaaaaaaaaaaaaaaaaaaaaaaaaaaaaaaaaaaaaaaaaaaaaaaaaaaaaaaaaaaaaaaaaaaaaaaaaaaaaaaaaaaaaaaaaaaaaaaaaaaaaaaaaaaaaaaaaaaaaaaaaaaaaaaaaaaaaaaaaaaaaaaaaaaaaaaaaaaaaaaaaaaaaaaaaaaaaaaaaaaaaaaaaaaaaaaaaaaaaaaaaaaaaaaaaaaaaaaaaaaaaaaaaaaaaaaaaaaaaaaaaaaaaaaaaaaaaaaaaaaaaaaaaaaaaaaaaaaaaaaaaaaaaaaaaaaaaaaaaaaaaaaaaaaaaaaaaaaaaaaaaaaaaaaaaaaaaaaaaaaaaaaaaaaaaaaaaaaaaaaaaaaaaaaaaaaaaaaaaaaaaaaaaaaaaaaaaaaaaaaaaaaaaaaaaaaaaaaaaaaaaaaaaaaaaaaaaaaaaaaaaaaaaaaaaaaaaaaaaaaaaaaaaaaaaaaaaaaaaaaaaaaaaaaaaaaaaaaaaaaaaaaaaaaaaaaaaaaaaaaaaaaaaaaaaaaaaaaaaaaaaaaaaaaaaaaaaaaaaaaaaaaaaaaaaaaaaaaaaaaaaaaaaaaaaaaaaaaaaaaaaaaaaaaaaaaaaaaaaaaaaaaaaaaaaaaaaaaaaaaaaaaaaaaaaaaaaaaaaaaaaaaaaaaaaaaaaaaaaaaaaaaaaaaaaaaaaaaaaaaaaaaaaaaaaaaaaaaaaaaaaaaaaaaaaaaaaaaaaaaaaaaaaaaaaaaaaaaaaaaaaaaaaaaaaaaaaaaaaaaaaaaaaaaaaaaaaaaaaaaaaaaaaaaaaaaaaaaaaaaaaaaaaaaaaaaaaaaaaaaaaaaaaaaaaaaaaaaaaaaaaaaaaaaaaaaaaaaaaaaaaaaaaaaaaaaaaaaaaaaaaaaaaaaaaaaaaaaaaaaaaaaaaaaaaaaaaaaaaaaaaaaaaaaaaaaaaaaaaaaaaaaaaaaaaaaaaaaaaaaaaaaaaaaaaaaaaaaaaaaaaaaaaaaaaaaaaaaaaaaaaaaaaaaaaaaaaaaaaaaaaaaaaaaaaaaaaaaaaaaaaaaaaaaaaaaaaaaaaaaaaaaaaaaaaaaaaaaaaaaaaaaaaaaaaaaaaaaaaaaaaaaaaaaaaaaaaaaaaaaaaaaaaaaaaaaaaaaaaaaaaaaaaaaaaaaaaaaaaaaaaaaaaaaaaaaaaaaaaaaaaaaaaaaaaaaaaaaaaaaaaaaaaaaaaaaaaaaaaaaaaaaaaaaaaaaaaaaaaaaaaaaaaaaaaaaaaaaaaaaaaaaaaaaaaaaaaaaaaaaaaaaaaaaaaaaaaaaaaaaaaaaaaaaaaaaaaaaaaaaaaaaaaaaaaaaaaaaaaaaaaaaaaaaaaaaaaaaaaaaaaaaaaaaaaaaaaaaaaaaaaaaaaaaaaaaaaaaaaaaaaaaaaaaaaaaaaaaaaaaaaaaaaaaaaaaaaaaaaaaaaaaaaaaaaaaaaaaaaaaaaaaaaaaaaaaaaaaaaaaaaaaaaaaaaaaaaaaaaaaaaaaaaaaaaaaaaaaaaaaaaaaaaaaaaaaaaaaaaaaaaaaaaaaaaaaaaaaaaaaaaaaaaaaaaaaaaaaaaaaaaaaaaaaaaaaaaaaaaaaaaaaaaaaaaaaaaaaaaaaaaaaaaaaaaaaaaaaaaaaaaaaaaaaaaaaaaaaaaaaaaaaaaaaaaaaaaaaaaaaaaaaaaaaaaaaaaaaaaaaaaaaaaaaaaaaaaaaaaaaaaaaaaaaaaaaaaaaaaaaaaaaaaaaaaaaaaaaaaaaaaaaaaaaaaaaaaaaaaaaaaaaaaaaaaaaaaaaaaaaaaaaaaaaaaaaaaaaaaaaaaaaaaaaaaaaaaaaaaaaaaaaaaaaaaaaaaaaaaaaaaaaaaaaaaaaaaaaaaaaaaaaaaaaaaaaaaaaaaaaaaaaaaaaaaaaaaaaaaaaaaaaaaaaaaaaaaaaaaaaaaaaaaaaaaaaaaaaaaaaaaaaaaaaaaaaaaaaaaaaaaaaaaaaaaaaaaaaaaaaaaaaaaaaaaaaaaaaaaaaaaaaaaaaaaaaaaaaaaaaaaaaaaaaaaaaaaaaaaaaaaaaaaaaaaaaaaaaaaaaaaaaaaaaaaaaaaaaaaaaaaaaaaaaaaaaaaaaaaaaaaaaaaaaaaaaaaaaaaaaaaaaaaaaaaaaaaaaaaaaaaaaaaaaaaaaaaaaaaaaaaaaaaaaaaaaaaaaaaaaaaaaaaaaaaaaaaaaaaaaaaaaaaaaaaaaaaaaaaaaaaaaaaaaaaaaaaaaaaaaaaaaaaaaaaaaaaaaaaaaaaaaaaaaaaaaaaaaaaaaaaaaaaaaaaaaaaaaaaaaaaaaaaaaaaaaaaaaaaaaaaaaaaaaaaaaaaaaaaaaaaaaaaaaaaaaaaaaaaaaaaaaaaaaaaaaaaaaaaaaaaaaaaaaaaaaaaaaaaaaaaaaaaaaaaaaaaaaaaaaaaaaaaaaaaaaaaaaaaaaaaaaaaaaaaaaaaaaaaaaaaaaaaaaaaaaaaaaaaaaaaaaaaaaaaaaaaaaaaaaaaaaaaaaaaaaaaaaaaaaaaaaaaaaaaaaaaaaaaaaaaaaaaaaaaaaaaaaaaaaaaaaaaaaaaaaaaaaaaaaaaaaaaaaaaaaaaaaaaaaaaaaaaaaaaaaaaaaaaaaaaaaaaaaaaaaaaaaaaaaaaaaaaaaaaaaaaaaaaaaaaaaaaaaaaaaaaaaaaaaaaaaaaaaaaaaaaaaaaaaaaaaaaaaaaaaaaaaaaaaaaaaaaaaaaaaaaaaaaaaaaaaaaaaaaaaaaaaaaaaaaaaaaaaaaaaaaaaaaaaaaaaaaaaaaaaaaaaaaaaaaaaaaaaaaaaaaaaaaaaaaaaaaaaaaaaaaaaaaaaaaaaaaaaaaaaaaaaaaaaaaaaaaaaaaaaaaaaaaaaaaaaaaaaaaaaaaaaaaaaaaaaaaaaaaaaaaaaaaaaaaaaaaaaaaaaaaaaaaaaaaaaaaaaaaaaaaaaaaaaaaaaaaaaaaaaaaaaaaaaaaaaaaaaaaaaaaaaaaaaaaaaaaaaaaaaaaaaaaaaaaaaaaaaaaaaaaaaaaaaaaaaaaaaaaaaaaaaaaaaaaaaaaaaaaaaaaaaaaaaaaaaaaaaaaaaaaaaaaaaaaaaaaaaaaaaaaaaaaaaaaaaaaaaaaaaaaaaaaaaaaaaaaaaaaaaaaaaaaaaaaaaaaaaaaaaaaaaaaaaaaaaaaaaaaaaaaaaaaaaaaaaaaaaaaaaaaaaaaaaaaaaaaaaaaaaaaaaaaaaaaaaaaaaaaaaaaaaaaaaaaaaaaaaaaaaaaaaaaaaaaaaaaaaaaaaaaaaaaaaaaaaaaaaaaaaaaaaaaaaaaaaaaaaaaaaaaaaaaaaaaaaaaaaaaaaaaaaaaaaaaaaaaaaaaaaaaaaaaaaaaaaaaaaaaaaaaaaaaaaaaaaaaaaaaaaaaaaaaaaaaaaaaaaaaaaaaaaaaaaaaaaaaaaaaaaaaaaaaaaaaaaaaaaaaaaaaaaaaaaaaaaaaaaaaaaaaaaaaaaaaaaaaaaaaaaaaaaaaaaaaaaaaaaaaaaaaaaaaaaaaaaaaaaaaaaaaaaaaaaaaaaaaaaaaaaaaaaaaaaaaaaaaaaaaaaaaaaaaaaaaaaaaaaaaaaaaaaaaaaaaaaaaaaaaaaaaaaaaaaaaaaaaaaaaaaaaaaaaaaaaaaaaaaaaaaaaaaaaaaaaaaaaaaaaaaaaaaaaaaaaaaaaaaaaaaaaaaaaaaaaaaaaaaaaaaaaaaaaaaaaaaaaaaaaaaaaaaaaaaaaaaaaaaaaaaaaaaaaaaaaaaaaaaaaaaaaaaaaaaaaaaaaaaaaaaaaaaaaaaaaaaaaaaaaaaaaaaaaaaaaaaaaaaaaaaaaaaaaaaaaaaaaaaaaaaaaaaaaaaaaaaaaaaaaaaaaaaaaaaaaaaaaaaaaaaaaaaaaaaaaaaaaaaaaaaaaaaaaaaaaaaaaaaaaaaaaaaaaaaaaaaaaaaaaaaaaaaaaaaaaaaaaaaaaaaaaaaaaaaaaaaaaaaaaaaaaaaaaaaaaaaaaaaaaaaaaaaaaaaaaaaaaaaaaaaaaaaaaaaaaaaaaaaaaaaaaaaaaaaaaaaaaaaaaaaaaaaaaaaaaaaaaaaaaaaaaaaaaaaaaaaaaaaaaaaaaaaaaaaaaaaaaaaaaaaaaaaaaaaaaaaaaaaaaaaaaaaaaaaaaaaaaaaaaaaaaaaaaaaaaaaaaaaaaaaaaaaaaaaaaaaaaaaaaaaaaaaaaaaaaaaaaaaaaaaaaaaaaaaaaaaaaaaaaaaaaaaaaaaaaaaaaaaaaaaaaaaaaaaaaaaaaaaaaaaaaaaaaaaaaaaaaaaaaaaaaaaaaaaaaaaaaaaaaaaaaaaaaaaaaaaaaaaaaaaaaaaaaaaaaaaaaaaaaaaaaaaaaaaaaaaaaaaaaaaaaaaaaaaaaaaaaaaaaaaaaaaaaaaaaaaaaaaaaaaaaaaaaaaaaaaaaaaaaaaaaaaaaaaaaaaaaaaaaaaaaaaaaaaaaaaaaaaaaaaaaaaaaaaaaaaaaaaaaaaaaaaaaaaaaaaaaaaaaaaaaaaaaaaaaaaaaaaaaaaaaaaaaaaaaaaaaaaaaaaaaaaaaaaaaaaaaaaaaaaaaaaaaaaaaaaaaaaaaaaaaaaaaaaaaaaaaaaaaaaaaaaaaaaaaaaaaaaaaaaaaaaaaaaaaaaaaaaaaaaaaaaaaaaaaaaaaaaaaaaaaaaaaaaaaaaaaaaaaaaaaaaaaaaaaaaaaaaaaaaaaaaaaaaaaaaaaaaaaaaaaaaaaaaaaaaaaaaaaaaaaaaaaaaaaaaaaaaaaaaaaaaaaaaaaaaaaaaaaaaaaaaaaaaaaaaaaaaaaaaaaaaaaaaaaaaaaaaaaaaaaaaaaaaaaaaaaaaaaaaaaaaaaaaaaaaaaaaaaaaaaaaaaaaaaaaaaaaaaaaaaaaaaaaaaaaaaaaaaaaaaaaaaaaaaaaaaaaaaaaaaaaaaaaaaaaaaaaaaaaaaaaaaaaaaaaaaaaaaaaaaaaaaaaaaaaaaaaaaaaaaaaaaaaaaaaaaaaaaaaaaaaaaaaaaaaaaaaaaaaaaaaaaaaaaaaaaaaaaaaaaaaaaaaaaaaaaaaaaaaaaaaaaaaaaaaaaaaaaaaaaaaaaaaaaaaaaaaaaaaaaaaaaaaaaaaaaaaaaaaaaaaaaaaaaaaaaaaaaaaaaaaaaaaaaaaaaaaaaaaaaaaaaaaaaaaaaaaaaaaaaaaaaaaaaaaaaaaaaaaaaaaaaaaaaaaaaaaaaaaaaaaaaaaaaaaaaaaaaaaaaaaaaaaaaaaaaaaaaaaaaaaaaaaaaaaaaaaaaaaaaaaaaaaaaaaaaaaaaaaaaaaaaaaaaaaaaaaaaaaaaaaaaaaaaaaaaaaaaaaaaaaaaaaaaaaaaaaaaaaaaaaaaaaaaaaaaaaaaaaaaaaaaaaaaaaaaaaaaaaaaaaaaaaaaaaaaaaaaaaaaaaaaaaaaaaaaaaaaaaaaaaaaaaaaaaaaaaaaaaaaaaaaaaaaaaaaaaaaaaaaaaaaaaaaaaaaaaaaaaaaaaaaaaaaaaaaaaaaaaaaaaaaaaaaaaaaaaaaaaaaaaaaaaaaaaaaaaaaaaaaaaaaaaaaaaaaaaaaaaaaaaaaaaaaaaaaaaaaaaaaaaaaaaaaaaaaaaaaaaaaaaaaaaaaaaaaaaaaaaaaaaaaaaaaaaaaaaaaaaaaaaaaaaaaaaaaaaaaaaaaaaaaaaaaaaaaaaaaaaaaaaaaaaaaaaaaaaaaaaaaaaaaaaaaaaaaaaaaaaaaaaaaaaaaaaaaaaaaaaaaaaaaaaaaaaaaaaaaaaaaaaaaaaaaaaaaaaaaaaaaaaaaaaaaaaaaaaaaaaaaaaaaaaaaaaaaaaaaaaaaaaaaaaaaaaaaaaaaaaaaaaaaaaaaaaaaaaaaaaaaaaaaaaaaaaaaaaaaaaaaaaaaaaaaaaaaaaaaaaaaaaaaaaaaaaaaaaaaaaaaaaaaaaaaaaaaaaaaaaaaaaaaaaaaaaaaaaaaaaaaaaaaaaaaaaaaaaaaaaaaaaaaaaaaaaaaaaaaaaaaaaaaaaaaaaaaaaaaaaaaaaaaaaaaaaaaaaaaaaaaaaaaaaaaaaaaaaaaaaaaaaaaaaaaaaaaaaaaaaaaaaaaaaaaaaaaaaaaaaaaaaaaaaaaaaaaaaaaaaaaaaaaaaaaaaaaaaaaaaaaaaaaaaaaaaaaaaaaaaaaaaaaaaaaaaaaaaaaaaaaaaaaaaaaaaaaaaaaaaaaaaaaaaaaaaaaaaaaaaaaaaaaaaaaaaaaaaaaaaaaaaaaaaaaaaaaaaaaaaaaaaaaaaaaaaaaaaaaaaaaaaaaaaaaaaaaaaaaaaaaaaaaaaaaaaaaaaaaaaaaaaaaaaaaaaaaaaaaaaaaaaaaaaaaaaaaaaaaaaaaaaaaaaaaaaaaaaaaaaaaaaaaaaaaaaaaaaaaaaaaaaaaaaaaaaaaaaaaaaaaaaaaaaaaaaaaaaaaaaaaaaaaaaaaaaaaaaaaaaaaaaaaaaaaaaaaaaaaaaaaaaaaaaaaaaaaaaaaaaaaaaaaaaaaaaaaaaaaaaaaaaaaaaaaaaaaaaaaaaaaaaaaaaaaaaaaaaaaaaaaaaaaaaaaaaaaaaaaaaaaaaaaaaaaaaaaaaaaaaaaaaaaaaaaaaaaaaaaaaaaaaaaaaaaaaaaaaaaaaaaaaaaaaaaaaaaaaaaaaaaaaaaaaaaaaaaaaaaaaaaaaaaaaaaaaaaaaaaaaaaaaaaaaaaaaaaaaaaaaaaaaaaaaaaaaaaaaaaaaaaaaaaaaaaaaaaaaaaaaaaaaaaaaaaaaaaaaaaaaaaaaaaaaaaaaaaaaaaaaaaaaaaaaaaaaaaaaaaaaaaaaaaaaaaaaaaaaaaaaaaaaaaaaaaaaaaaaaaaaaaaaaaaaaaaaaaaaaaaaaaaaaaaaaaaaaaaaaaaaaaaaaaaaaaaaaaaaaaaaaaaaaaaaaaaaaaaaaaaaaaaaaaaaaaaaaaaaaaaaaaaaaaaaaaaaaaaaaaaaaaaaaaaaaaaaaaaaaaaaaaaaaaaaaaaaaaaaaaaaaaaaaaaaaaaaaaaaaaaaaaaaaaaaaaaaaaaaaaaaaaaaaaaaaaaaaaaaaaaaaaaaaaaaaaaaaaaaaaaaaaaaaaaaaaaaaaaaaaaaaaaaaaaaaaaaaaaaaaaaaaaaaaaaaaaaaaaaaaaaaaaaaaaaaaaaaaaaaaaaaaaaaaaaaaaaaaaaaaaaaaaaaaaaaaaaaaaaaaaaaaaaaaaaaaaaaaaaaaaaaaaaaaaaaaaaaaaaaaaaaaaaaaaaaaaaaaaaaaaaaaaaaaaaaaaaaaaaaaaaaaaaaaaaaaaaaaaaaaaaaaaaaaaaaaaaaaaaaaaaaaaaaaaaaaaaaaaaaaaaaaaaaaaaaaaaaaaaaaaaaaaaaaaaaaaaaaaaaaaaaaaaaaaaaaaaaaaaaaaaaaaaaaaaaaaaaaaaaaaaaaaaaaaaaaaaaaaaaaaaaaaaaaaaaaaaaaaaaaaaaaaaaaaaaaaaaaaaaaaaaaaaaaaaaaaaaaaaaaaaaaaaaaaaaaaaaaaaaaaaaaaaaaaaaaaaaaaaaaaaaaaaaaaaaaaaaaaaaaaaaaaaaaaaaaaaaaaaaaaaaaaaaaaaaaaaaaaaaaaaaaaaaaaaaaaaaaaaaaaaaaaaaaaaaaaaaaaaaaaaaaaaaaaaaaaaaaaaaaaaaaaaaaaaaaaaaaaaaaaaaaaaaaaaaaaaaaaaaaaaaaaaaaaaaaaaaaaaaaaaaaaaaaaaaaaaaaaaaaaaaaaaaaaaaaaaaaaaaaaaaaaaaaaaaaaaaaaaaaaaaaaaaaaaaaaaaaaaaaaaaaaaaaaaaaaaaaaaaaaaaaaaaaaaaaaaaaaaaaaaaaaaaaaaaaaaaaaaaaaaaaaaaaaaaaaaaaaaaaaaaaaaaaaaaaaaaaaaaaaaaaaaaaaaaaaaaaaaaaaaaaaaaaaaaaaaaaaaaaaaaaaaaaaaaaaaaaaaaaaaaaaaaaaaaaaaaaaaaaaaaaaaaaaaaaaaaaaaaaaaaaaaaaaaaaaaaaaaaaaaaaaaaaaaaaaaaaaaaaaaaaaaaaaaaaaaaaaaaaaaaaaaaaaaaaaaaaaaaaaaaaaaaaaaaaaaaaaaaaaaaaaaaaaaaaaaaaaaaaaaaaaaaaaaaaaaaaaaaaaaaaaaaaaaaaaaaaaaaaaaaaaaaaaaaaaaaaaaaaaaaaaaaaaaaaaaaaaaaaaaaaaaaaaaaaaaaaaaaaaaaaaaaaaaaaaaaaaaaaaaaaaaaaaaaaaaaaaaaaaaaaaaaaaaaaaaaaaaaaaaaaaaaaaaaaaaaaaaaaaaaaaaaaaaaaaaaaaaaaaaaaaaaaaaaaaaaaaaaaaaaaaaaaaaaaaaaaaaaaaaaaaaaaaaaaaaaaaaaaaaaaaaaaaaaaaaaaaaaaaaaaaaaaaaaaaaaaaaaaaaaaaaaaaaaaaaaaaaaaaaaaaaaaaaaaaaaaaaaaaaaaaaaaaaaaaaaaaaaaaaaaaaaaaaaaaaaaaaaaaaaaaaaaaaaaaaaaaaaaaaaaaaaaaaaaaaaaaaaaaaaaaaaaaaaaaaaaaaaaaaaaaaaaaaaaaaaaaaaaaaaaaaaaaaaaaaaaaaaaaaaaaaaaaaaaaaaaaaaaaaaaaaaaaaaaaaaaaaaaaaaaaaaaaaaaaaaaaaaaaaaaaaaaaaaaaaaaaaaaaaaaaaaaaaaaaaaaaaaaaaaaaaaaaaaaaaaaaaaaaaaaaaaaaaaaaaaaaaaaaaaaaaaaaaaaaaaaaaaaaaaaaaaaaaaaaaaaaaaaaaaaaaaaaaaaaaaaaaaaaaaaaaaaaaaaaaaaaaaaaaaaaaaaaaaaaaaaaaaaaaaaaaaaaaaaaaaaaaaaaaaaaaaaaaaaaaaaaaaaaaaaaaaaaaaaaaaaaaaaaaaaaaaaaaaaaaaaaaaaaaaaaaaaaaaaaaaaaaaaaaaaaaaaaaaaaaaaaaaaaaaaaaaaaaaaaaaaaaaaaaaaaaaaaaaaaaaaaaaaaaaaaaaaaaaaaaaaaaaaaaaaaaaaaaaaaaaaaaaaaaaaaaaaaaaaaaaaaaaaaaaaaaaaaaaaaaaaaaaaaaaaaaaaaaaaaaaaaaaaaaaaaaaaaaaaaaaaaaaaaaaaaaaaaaaaaaaaaaaaaaaaaaaaaaaaaaaaaaaaaaaaaaaaaaaaaaaaaaaaaaaaaaaaaaaaaaaaaaaaaaaaaaaaaaaaaaaaaaaaaaaaaaaaaaaaaaaaaaaaaaaaaaaaaaaaaaaaaaaaaaaaaaaaaaaaaaaaaaaaaaaaaaaaaaaaaaaaaaaaaaaaaaaaaaaaaaaaaaaaaaaaaaaaaaaaaaaaaaaaaaaaaaaaaaaaaaaaaaaaaaaaaaaaaaaaaaaaaaaaaaaaaaaaaaaaaaaaaaaaaaaaaaaaaaaaaaaaaaaaaaaaaaaaaaaaaaaaaaaaaaaaaaaaaaaaaaaaaaaaaaaaaaaaaaaaaaaaaaaaaaaaaaaaaaaaaaaaaaaaaaaaaaaaaaaaaaaaaaaaaaaaaaaaaaaaaaaaaaaaaaaaaaaaaaaaaaaaaaaaaaaaaaaaaaaaaaaaaaaaaaaaaaaaaaaaaaaaaaaaaaaaaaaaaaaaaaaaaaaaaaaaaaaaaaaaaaaaaaaaaaaaaaaaaaaaaaaaaaaaaaaaaaaaaaaaaaaaaaaaaaaaaaaaaaaaaaaaaaaaaaaaaaaaaaaaaaaaaaaaaaaaaaaaaaaaaaaaaaaaaaaaaaaaaaaaaaaaaaaaaaaaaaaaaaaaaaaaaaaaaaaaaaaaaaaaaaaaaaaaaaaaaaaaaaaaaaaaaaaaaaaaaaaaaaaaaaaaaaaaaaaaaaaaaaaaaaaaaaaaaaaaaaaaaaaaaaaaaaaaaaaaaaaaaaaaaaaaaaaaaaaaaaaaaaaaaaaaaaaaaaaaaaaaaaaaaaaaaaaaaaaaaaaaaaaaaaaaaaaaaaaaaaaaaaaaaaaaaaaaaaaaaaaaaaaaaaaaaaaaaaaaaaaaaaaaaaaaaaaaaaaaaaaaaaaaaaaaaaaaaaaaaaaaaaaaaaaaaaaaaaaaaaaaaaaaaaaaaaaaaaaaaaaaaaaaaaaaaaaaaaaaaaaaaaaaaaaaaaaaaaaaaaaaaaaaaaaaaaaaaaaaaaaaaaaaaaaaaaaaaaaaaaaaaaaaaaaaaaaaaaaaaaaaaaaaaaaaaaaaaaaaaaaaaaaaaaaaaaaaaaaaaaaaaaaaaaaaaaaaaaaaaaaaaaaaaaaaaaaaaaaaaaaaaaaaaaaaaaaaaaaaaaaaaaaaaaaaaaaaaaaaaaaaaaaaaaaaaaaaaaaaaaaaaaaaaaaaaaaaaaaaaaaaaaaaaaaaaaaaaaaaaaaaaaaaaaaaaaaaaaaaaaaaaaaaaaaaaaaaaaaaaaaaaaaaaaaaaaaaaaaaaaaaaaaaaaaaaaaaaaaaaaaaaaaaaaaaaaaaaaaaaaaaaaaaaaaaaaaaaaaaaaaaaaaaaaaaaaaaaaaaaaaaaaaaaaaaaaaaaaaaaaaaaaaaaaaaaaaaaaaaaaaaaaaaaaaaaaaaaaaaaaaaaaaaaaaaaaaaaaaaaaaaaaaaaaaaaaaaaaaaaaaaaaaaaaaaaaaaaaaaaaaaaaaaaaaaaaaaaaaaaaaaaaaaaaaaaaaaaaaaaaaaaaaaaaaaaaaaaaaaaaaaaaaaaaaaaaaaaaaaaaaaaaaaaaaaaaaaaaaaaaaaaaaaaaaaaaaaaaaaaaaaaaaaaaaaaaaaaaaaaaaaaaaaaaaaaaaaaaaaaaaaaaaaaaaaaaaaaaaaaaaaaaaaaaaaaaaaaaaaaaaaaaaaaaaaaaaaaaaaaaaaaaaaaaaaaaaaaaaaaaaaaaaaaaaaaaaaaaaaaaaaaaaaaaaaaaaaaaaaaaaaaaaaaaaaaaaaaaaaaaaaaaaaaaaaaaaaaaaaaaaaaaaaaaaaaaaaaaaaaaaaaaaaaaaaaaaaaaaaaaaaaaaaaaaaaaaaaaaaaaaaaaaaaaaaaaaaaaaaaaaaaaaaaaaaaaaaaaaaaaaaaaaaaaaaaaaaaaaaaaaaaaaaaaaaaaaaaaaaaaaaaaaaaaaaaaaaaaaaaaaaaaaaaaaaaaaaaaaaaaaaaaaaaaaaaaaaaaaaaaaaaaaaaaaaaaaaaaaaaaaaaaaaaaaaaaaaaaaaaaaaaaaaaaaaaaaaaaaaaaaaaaaaaaaaaaaaaaaaaaaaaaaaaaaaaaaaaaaaaaaaaaaaaaaaaaaaaaaaaaaaaaaaaaaaaaaaaaaaaaaaaaaaaaaaaaaaaaaaaaaaaaaaaaaaaaaaaaaaaaaaaaaaaaaaaaaaaaaaaaaaaaaaaaaaaaaaaaaaaaaaaaaaaaaaaaaaaaaaaaaaaaaaaaaaaaaaaaaaaaaaaaaaaaaaaaaaaaaaaaaaaaaaaaaaaaaaaaaaaaaaaaaaaaaaaaaaaaaaaaaaaaaaaaaaaaaaaaaaaaaaaaaaaaaaaaaaaaaaaaaaaaaaaaaaaaaaaaaaaaaaaaaaaaaaaaaaaaaaaaaaaaaaaaaaaaaaaaaaaaaaaaaaaaaaaaaaaaaaaaaaaaaaaaaaaaaaaaaaaaaaaaaaaaaaaaaaaaaaaaaaaaaaaaaaaaaaaaaaaaaaaaaaaaaaaaaaaaaaaaaaaaaaaaaaaaaaaaaaaaaaaaaaaaaaaaaaaaaaaaaaaaaaaaaaaaaaaaaaaaaaaaaaaaaaaaaaaaaaaaaaaaaaaaaaaaaaaaaaaaaaaaaaaaaaaaaaaaaaaaaaaaaaaaaaaaaaaaaaaaaaaaaaaaaaaaaaaaaaaaaaaaaaaaaaaaaaaaaaaaaaaaaaaaaaaaaaaaaaaaaaaaaaaaaaaaaaaaaaaaaaaaaaaaaaaaaaaaaaaaaaaaaaaaaaaaaaaaaaaaaaaaaaaaaaaaaaaaaaaaaaaaaaaaaaaaaaaaaaaaaaaaaaaaaaaaaaaaaaaaaaaaaaaaaaaaaaaaaaaaaaaaaaaaaaaaaaaaaaaaaaaaaaaaaaaaaaaaaaaaaaaaaaaaaaaaaaaaaaaaaaaaaaaaaaaaaaaaaaaaaaaaaaaaaaaaaaaaaaaaaaaaaaaaaaaaaaaaaaaaaaaaaaaaaaaaaaaaaaaaaaaaaaaaaaaaaaaaaaaaaaaaaaaaaaaaaaaaaaaaaaaaaaaaaaaaaaaaaaaaaaaaaaaaaaaaaaaaaaaaaaaaaaaaaaaaaaaaaaaaaaaaaaaaaaaaaaaaaaaaaaaaaaaaaaaaaaaaaaaaaaaaaaaaaaaaaaaaaaaaaaaaaaaaaaaaaaaaaaaaaaaaaaaaaaaaaaaaaaaaaaaaaaaaaaaaaaaaaaaaaaaaaaaaaaaaaaaaaaaaaaaaaaaaaaaaaaaaaaaaaaaaaaaaaaaaaaaaaaaaaaaaaaaaaaaaaaaaaaaaaaaaaaaaaaaaaaaaaaaaaaaaaaaaaaaaaaaaaaaaaaaaaaaaaaaaaaaaaaaaaaaaaaaaaaaaaaaaaaaaaaaaaaaaaaaaaaaaaaaaaaaaaaaaaaaaaaaaaaaaaaaaaaaaaaaaaaaaaaaaaaaaaaaaaaaaaaaaaaaaaaaaaaaaaaaaaaaaaaaaaaaaaaaaaaaaaaaaaaaaaaaaaaaaaaaaaaaaaaaaaaaaaaaaaaaaaaaaaaaaaaaaaaaaaaaaaaaaaaaaaaaaaaaaaaaaaaaaaaaaaaaaaaaaaaaaaaaaaaaaaaaaaaaaaaaaaaaaaaaaaaaaaaaaaaaaaaaaaaaaaaaaaaaaaaaaaaaaaaaaaaaaaaaaaaaaaaaaaaaaaaaaaaaaaaaaaaaaaaaaaaaaaaaaaaaaaaaaaaaaaaaaaaaaaaaaaaaaaaaaaaaaaaaaaaaaaaaaaaaaaaaaaaaaaaaaaaaaaaaaaaaaaaaaaaaaaaaaaaaaaaaaaaaaaaaaaaaaaaaaaaaaaaaaaaaaaaaaaaaaaaaaaaaaaaaaaaaaaaaaaaaaaaaaaaaaaaaaaaaaaaaaaaaaaaaaaaaaaaaaaaaaaaaaaaaaaaaaaaaaaaaaaaaaaaaaaaaaaaaaaaaaaaaaaaaaaaaaaaaaaaaaaaaaaaaaaaaaaaaaaaaaaaaaaaaaaaaaaaaaaaaaaaaaaaaaaaaaaaaaaaaaaaaaaaaaaaaaaaaaaaaaaaaaaaaaaaaaaaaaaaaaaaaaaaaaaaaaaaaaaaaaaaaaaaaaaaaaaaaaaaaaaaaaaaaaaaaaaaaaaaaaaaaaaaaaaaaaaaaaaaaaaaaaaaaaaaaaaaaaaaaaaaaaaaaaaaaaaaaaaaaaaaaaaaaaaaaaaaaaaaaaaaaaaaaaaaaaaaaaaaaaaaaaaaaaaaaaaaaaaaaaaaaaaaaaaaaaaaaaaaaaaaaaaaaaaaaaaaaaaaaaaaaaaaaaaaaaaaaaaaaaaaaaaaaaaaaaaaaaaaaaaaaaaaaaaaaaaaaaaaaaaaaaaaaaaaaaaaaaaaaaaaaaaaaaaaaaaaaaaaaaaaaaaaaaaaaaaaaaaaaaaaaaaaaaaaaaaaaaaaaaaaaaaaaaaaaaaaaaaaaaaaaaaaaaaaaaaaaaaaaaaaaaaaaaaaaaaaaaaaaaaaaaaaaaaaaaaaaaaaaaaaaaaaaaaaaaaaaaaaaaaaaaaaaaaaaaaaaaaaaaaaaaaaaaaaaaaaaaaaaaaaaaaaaaaaaaaaaaaaaaaaaaaaaaaaaaaaaaaaaaaaaaaaaaaaaaaaaaaaaaaaaaaaaaaaaaaaaaaaaaaaaaaaaaaaaaaaaaaaaaaaaaaaaaaaaaaaaaaaaaaaaaaaaaaaaaaaaaaaaaaaaaaaaaaaaaaaaaaaaaaaaaaaaaaaaaaaaaaaaaaaaaaaaaaaaaaaaaaaaaaaaaaaaaaaaaaaaaaaaaaaaaaaaaaaaaaaaaaaaaaaaaaaaaaaaaaaaaaaaaaaaaaaaaaaaaaaaaaaaaaaaaaaaaaaaaaaaaaaaaaaaaaaaaaaaaaaaaaaaaaaaaaaaaaaaaaaaaaaaaaaaaaaaaaaaaaaaaaaaaaaaaaaaaaaaaaaaaaaaaaaaaaaaaaaaaaaaaaaaaaaaaaaaaaaaaaaaaaaaaaaaaaaaaaaaaaaaaaaaaaaaaaaaaaaaaaaaaaaaaaaaaaaaaaaaaaaaaaaaaaaaaaaaaaaaaaaaaaaaaaaaaaaaaaaaaaaaaaaaaaaaaaaaaaaaaaaaaaaaaaaaaaaaaaaaaaaaaaaaaaaaaaaaaaaaaaaaaaaaaaaaaaaaaaaaaaaaaaaaaaaaaaaaaaaaaaaaaaaaaaaaaaaaaaaaaaaaaaaaaaaaaaaaaaaaaaaaaaaaaaaaaaaaaaaaaaaaaaaaaaaaaaaaaaaaaaaaaaaaaaaaaaaaaaaaaaaaaaaaaaaaaaaaaaaaaaaaaaaaaaaaaaaaaaaaaaaaaaaaaaaaaaaaaaaaaaaaaaaaaaaaaaaaaaaaaaaaaaaaaaaaaaaaaaaaaaaaaaaaaaaaaaaaaaaaaaaaaaaaaaaaaaaaaaaaaaaaaaaaaaaaaaaaaaaaaaaaaaaaaaaaaaaaaaaaaaaaaaaaaaaaaaaaaaaaaaaaaaaaaaaaaaaaaaaaaaaaaaaaaaaaaaaaaaaaaaaaaaaaaaaaaaaaaaaaaaaaaaaaaaaaaaaaaaaaaaaaaaaaaaaaaaaaaaaaaaaaaaaaaaaaaaaaaaaaaaaaaaaaaaaaaaaaaaaaaaaaaaaaaaaaaaaaaaaaaaaaaaaaaaaaaaaaaaaaaaaaaaaaaaaaaaaaaaaaaaaaaaaaaaaaaaaaaaaaaaaaaaaaaaaaaaaaaaaaaaaaaaaaaaaaaaaaaaaaaaaaaaaaaaaaaaaaaaaaaaaaaaaaaaaaaaaaaaaaaaaaaaaaaaaaaaaaaaaaaaaaaaaaaaaaaaaaaaaaaaaaaaaaaaaaaaaaaaaaaaaaaaaaaaaaaaaaaaaaaaaaaaaaaaaaaaaaaaaaaaaaaaaaaaaaaaaaaaaaaaaaaaaaaaaaaaaaaaaaaaaaaaaaaaaaaaaaaaaaaaaaaaaaaaaaaaaaaaaaaaaaaaaaaaaaaaaaaaaaaaaaaaaaaaaaaaaaaaaaaaaaaaaaaaaaaaaaaaaaaaaaaaaaaaaaaaaaaaaaaaaaaaaaaaaaaaaaaaaaaaaaaaaaaaaaaaaaaaaaaaaaaaaaaaaaaaaaaaaaaaaaaaaaaaaaaaaaaaaaaaaaaaaaaaaaaaaaaaaaaaaaaaaaaaaaaaaaaaaaaaaaaaaaaaaaaaaaaaaaaaaaaaaaaaaaaaaaaaaaaaaaaaaaaaaaaaaaaaaaaaaaaaaaaaaaaaaaaaaaaaaaaaaaaaaaaaaaaaaaaaaaaaaaaaaaaaaaaaaaaaaaaaaaaaaaaaaaaaaaaaaaaaaaaaaaaaaaaaaaaaaaaaaaaaaaaaaaaaaaaaaaaaaaaaaaaaaaaaaaaaaaaaaaaaaaaaaaaaaaaaaaaaaaaaaaaaaaaaaaaaaaaaaaaaaaaaaaaaaaaaaaaaaaaaaaaaaaaaaaaaaaaaaaaaaaaaaaaaaaaaaaaaaaaaaaaaaaaaaaaaaaaaaaaaaaaaaaaaaaaaaaaaaaaaaaaaaaaaaaaaaaaaaaaaaaaaaaaaaaaaaaaaaaaaaaaaaaaaaaaaaaaaaaaaaaaaaaaaaaaaaaaaaaaaaaaaaaaaaaaaaaaaaaaaaaaaaaaaaaaaaaaaaaaaaaaaaaaaaaaaaaaaaaaaaaaaaaaaaaaaaaaaaaaaaaaaaaaaaaaaaaaaaaaaaaaaaaaaaaaaaaaaaaaaaaaaaaaaaaaaaaaaaaaaaaaaaaaaaaaaaaaaaaaaaaaaaaaaaaaaaaaaaaaaaaaaaaaaaaaaaaaaaaaaaaaaaaaaaaaaaaaaaaaaaaaaaaaaaaaaaaaaaaaaaaaaaaaaaaaaaaaaaaaaaaaaaaaaaaaaaaaaaaaaaaaaaaaaaaaaaaaaaaaaaaaaaaaaaaaaaaaaaaaaaaaaaaaaaaaaaaaaaaaaaaaaaaaaaaaaaaaaaaaaaaaaaaaaaaaaaaaaaaaaaaaaaaaaaaaaaaaaaaaaaaaaaaaaaaaaaaaaaaaaaaaaaaaaaaaaaaaaaaaaaaaaaaaaaaaaaaaaaaaaaaaaaaaaaaaaaaaaaaaaaaaaaaaaaaaaaaaaaaaaaaaaaaaaaaaaaaaaaaaaaaaaaaaaaaaaaaaaaaaaaaaaaaaaaaaaaaaaaaaaaaaaaaaaaaaaaaaaaaaaaaaaaaaaaaaaaaaaaaaaaaaaaaaaaaaaaaaaaaaaaaaaaaaaaaaaaaaaaaaaaaaaaaaaaaaaaaaaaaaaaaaaaaaaaaaaaaaaaaaaaaaaaaaaaaaaaaaaaaaaaaaaaaaaaaaaaaaaaaaaaaaaaaaaaaaaaaaaaaaaaaaaaaaaaaaaaaaaaaaaaaaaaaaaaaaaaaaaaaaaaaaaaaaaaaaaaaaaaaaaaaaaaaaaaaaaaaaaaaaaaaaaaaaaaaaaaaaaaaaaaaaaaaaaaaaaaaaaaaaaaaaaaaaaaaaaaaaaaaaaaaaaaaaaaaaaaaaaaaaaaaaaaaaaaaaaaaaaaaaaaaaaaaaaaaaaaaaaaaaaaaaaaaaaaaaaaaaaaaaaaaaaaaaaaaaaaaaaaaaaaaaaaaaaaaaaaaaaaaaaaaaaaaaaaaaaaaaaaaaaaaaaaaaaaaaaaaaaaaaaaaaaaaaaaaaaaaaaaaaaaaaaaaaaaaaaaaaaaaaaaaaaaaaaaaaaaaaaaaaaaaaaaaaaaaaaaaaaaaaaaaaaaaaaaaaaaaaaaaaaaaaaaaaaaaaaaaaaaaaaaaaaaaaaaaaaaaaaaaaaaaaaaaaaaaaaaaaaaaaaaaaaaaaaaaaaaaaaaaaaaaaaaaaaaaaaaaaaaaaaaaaaaaaaaaaaaaaaaaaaaaaaaaaaaaaaaaaaaaaaaaaaaaaaaaaaaaaaaaaaaaaaaaaaaaaaaaaaaaaaaaaaaaaaaaaaaaaaaaaaaaaaaaaaaaaaaaaaaaaaaaaaaaaaaaaaaaaaaaaaaaaaaaaaaaaaaaaaaaaaaaaaaaaaaaaaaaaaaaaaaaaaaaaaaaaaaaaaaaaaaaaaaaaaaaaaaaaaaaaaaaaaaaaaaaaaaaaaaaaaaaaaaaaaaaaaaaaaaaaaaaaaaaaaaaaaaaaaaaaaaaaaaaaaaaaaaaaaaaaaaaaaaaaaaaaaaaaaaaaaaaaaaaaaaaaaaaaaaaaaaaaaaaaaaaaaaaaaaaaaaaaaaaaaaaaaaaaaaaaaaaaaaaaaaaaaaaaaaaaaaaaaaaaaaaaaaaaaaaaaaaaaaaaaaaaaaaaaaaaaaaaaaaaaaaaaaaaaaaaaaaaaaaaaaaaaaaaaaaaaaaaaaaaaaaaaaaaaaaaaaaaaaaaaaaaaaaaaaaaaaaaaaaaaaaaaaaaaaaaaaaaaaaaaaaaaaaaaaaaaaaaaaaaaaaaaaaaaaaaaaaaaaaaaaaaaaaaaaaaaaaaaaaaaaaaaaaaaaaaaaaaaaaaaaaaaaaaaaaaaaaaaaaaaaaaaaaaaaaaaaaaaaaaaaaaaaaaaaaaaaaaaaaaaaaaaaaaaaaaaaaaaaaaaaaaaaaaaaaaaaaaaaaaaaaaaaaaaaaaaaaaaaaaaaaaaaaaaaaaaaaaaaaaaaaaaaaaaaaaaaaaaaaaaaaaaaaaaaaaaaaaaaaaaaaaaaaaaaaaaaaaaaaaaaaaaaaaaaaaaaaaaaaaaaaaaaaaaaaaaaaaaaaaaaaaaaaaaaaaaaaaaaaaaaaaaaaaaaaaaaaaaaaaaaaaaaaaaaaaaaaaaaaaaaaaaaaaaaaaaaaaaaaaaaaaaaaaaaaaaaaaaaaaaaaaaaaaaaaaaaaaaaaaaaaaaaaaaaaaaaaaaaaaaaaaaaaaaaaaaaaaaaaaaaaaaaaaaaaaaaaaaaaaaaaaaaaaaaaaaaaaaaaaaaaaaaaaaaaaaaaaaaaaaaaaaaaaaaaaaaaaaaaaaaaaaaaaaaaaaaaaaaaaaaaaaaaaaaaaaaaaaaaaaaaaaaaaaaaaaaaaaaaaaaaaaaaaaaaaaaaaaaaaaaaaaaaaaaaaaaaaaaaaaaaaaaaaaaaaaaaaaaaaaaaaaaaaaaaaaaaaaaaaaaaaaaaaaaaaaaaaaaaaaaaaaaaaaaaaaaaaaaaaaaaaaaaaaaaaaaaaaaaaaaaaaaaaaaaaaaaaaaaaaaaaaaaaaaaaaaaaaaaaaaaaaaaaaaaaaaaaaaaaaaaaaaaaaaaaaaaaaaaaaaaaaaaaaaaaaaaaaaaaaaaaaaaaaaaaaaaaaaaaaaaaaaaaaaaaaaaaaaaaaaaaaaaaaaaaaaaaaaaaaaaaaaaaaaaaaaaaaaaaaaaaaaaaaaaaaaaaaaaaaaaaaaaaaaaaaaaaaaaaaaaaaaaaaaaaaaaaaaaaaaaaaaaaaaaaaaaaaaaaaaaaaaaaaaaaaaaaaaaaaaaaaaaaaaaaaaaaaaaaaaaaaaaaaaaaaaaaaaaaaaaaaaaaaaaaaaaaaaaaaaaaaaaaaaaaaaaaaaaaaaaaaaaaaaaaaaaaaaaaaaaaaaaaaaaaaaaaaaaaaaaaaaaaaaaaaaaaaaaaaaaaaaaaaaaaaaaaaaaaaaaaaaaaaaaaaaaaaaaaaaaaaaaaaaaaaaaaaaaaaaaaaaaaaaaaaaaaaaaaaaaaaaaaaaaaaaaaaaaaaaaaaaaaaaaaaaaaaaaaaaaaaaaaaaaaaaaaaaaaaaaaaaaaaaaaaaaaaaaaaaaaaaaaaaaaaaaaaaaaaaaaaaaaaaaaaaaaaaaaaaaaaaaaaaaaaaaaaaaaaaaaaaaaaaaaaaaaaaaaaaaaaaaaaaaaaaaaaaaaaaaaaaaaaaaaaaaaaaaaaaaaaaaaaaaaaaaaaaaaaaaaaaaaaaaaaaaaaaaaaaaaaaaaaaaaaaaaaaaaaaaaaaaaaaaaaaaaaaaaaaaaaaaaaaaaaaaaaaaaaaaaaaaaaaaaaaaaaaaaaaaaaaaaaaaaaaaaaaaaaaaaaaaaaaaaaaaaaaaaaaaaaaaaaaaaaaaaaaaaaaaaaaaaaaaaaaaaaaaaaaaaaaaaaaaaaaaaaaaaaaaaaaaaaaaaaaaaaaaaaaaaaaaaaaaaaaaaaaaaaaaaaaaaaaaaaaaaaaaaaaaaaaaaaaaaaaaaaaaaaaaaaaaaaaaaaaaaaaaaaaaaaaaaaaaaaaaaaaaaaaaaaaaaaaaaaaaaaaaaaaaaaaaaaaaaaaaaaaaaaaaaaaaaaaaaaaaaaaaaaaaaaaaaaaaaaaaaaaaaaaaaaaaaaaaaaaaaaaaaaaaaaaaaaaaaaaaaaaaaaaaaaaaaaaaaaaaaaaaaaaaaaaaaaaaaaaaaaaaaaaaaaaaaaaaaaaaaaaaaaaaaaaaaaaaaaaaaaaaaaaaaaaaaaaaaaaaaaaaaaaaaaaaaaaaaaaaaaaaaaaaaaaaaaaaaaaaaaaaaaaaaaaaaaaaaaaaaaaaaaaaaaaaaaaaaaaaaaaaaaaaaaaaaaaaaaaaaaaaaaaaaaaaaaaaaaaaaaaaaaaaaaaaaaaaaaaaaaaaaaaaaaaaaaaaaaaaaaaaaaaaaaaaaaaaaaaaaaaaaaaaaaaaaaaaaaaaaaaaaaaaaaaaaaaaaaaaaaaaaaaaaaaaaaaaaaaaaaaaaaaaaaaaaaaaaaaaaaaaaaaaaaaaaaaaaaaaaaaaaaaaaaaaaaaaaaaaaaaaaaaaaaaaaaaaaaaaaaaaaaaaaaaaaaaaaaaaaaaaaaaaaaaaaaaaaaaaaaaaaaaaaaaaaaaaaaaaaaaaaaaaaaaaaaaaaaaaaaaaaaaaaaaaaaaaaaaaaaaaaaaaaaaaaaaaaaaaaaaaaaaaaaaaaaaaaaaaaaaaaaaaaaaaaaaaaaaaaaaaaaaaaaaaaaaaaaaaaaaaaaaaaaaaaaaaaaaaaaaaaaaaaaaaaaaaaaaaaaaaaaaaaaaaaaaaaaaaaaaaaaaaaaaaaaaaaaaaaaaaaaaaaaaaaaaaaaaaaaaaaaaaaaaaaaaaaaaaaaaaaaaaaaaaaaaaaaaaaaaaaaaaaaaaaaaaaaaaaaaaaaaaaaaaaaaaaaaaaaaaaaaaaaaaaaaaaaaaaaaaaaaaaaaaaaaaaaaaaaaaaaaaaaaaaaaaaaaaaaaaaaaaaaaaaaaaaaaaaaaaaaaaaaaaaaaaaaaaaaaaaaaaaaaaaaaaaaaaaaaaaaaaaaaaaaaaaaaaaaaaaaaaaaaaaaaaaaaaaaaaaaaaaaaaaaaaaaaaaaaaaaaaaaaaaaaaaaaaaaaaaaaaaaaaaaaaaaaaaaaaaaaaaaaaaaaaaaaaaaaaaaaaaaaaaaaaaaaaaaaaaaaaaaaaaaaaaaaaaaaaaaaaaaaaaaaaaaaaaaaaaaaaaaaaaaaaaaaaaaaaaaaaaaaaaaaaaaaaaaaaaaaaaaaaaaaaaaaaaaaaaaaaaaaaaaaaaaaaaaaaaaaaaaaaaaaaaaaaaaaaaaaaaaaaaaaaaaaaaaaaaaaaaaaaaaaaaaaaaaaaaaaaaaaaaaaaaaaaaaaaaaaaaaaaaaaaaaaaaaaaaaaaaaaaaaaaaaaaaaaaaaaaaaaaaaaaaaaaaaaaaaaaaaaaaaaaaaaaaaaaaaaaaaaaaaaaaaaaaaaaaaaaaaaaaaaaaaaaaaaaaaaaaaaaaaaaaaaaaaaaaaaaaaaaaaaaaaaaaaaaaaaaaaaaaaaaaaaaaaaaaaaaaaaaaaaaaaaaaaaaaaaaaaaaaaaaaaaaaaaaaaaaaaaaaaaaaaaaaaaaaaaaaaaaaaaaaaaaaaaaaaaaaaaaaaaaaaaaaaaaaaaaaaaaaaaaaaaaaaaaaaaaaaaaaaaaaaaaaaaaaaaaaaaaaaaaaaaaaaaaaaaaaaaaaaaaaaaaaaaaaaaaaaaaaaaaaaaaaaaaaaaaaaaaaaaaaaaaaaaaaaaaaaaaaaaaaaaaaaaaaaaaaaaaaaaaaaaaaaaaaaaaaaaaaaaaaaaaaaaaaaaaaaaaaaaaaaaaaaaaaaaaaaaaaaaaaaaaaaaaaaaaaaaaaaaaaaaaaaaaaaaaaaaaaaaaaaaaaaaaaaaaaaaaaaaaaaaaaaaaaaaaaaaaaaaaaaaaaaaaaaaaaaaaaaaaaaaaaaaaaaaaaaaaaaaaaaaaaaaaaaaaaaaaaaaaaaaaaaaaaaaaaaaaaaaaaaaaaaaaaaaaaaaaaaaaaaaaaaaaaaaaaaaaaaaaaaaaaaaaaaaaaaaaaaaaaaaaaaaaaaaaaaaaaaaaaaaaaaaaaaaaaaaaaaaaaaaaaaaaaaaaaaaaaaaaaaaaaaaaaaaaaaaaaaaaaaaaaaaaaaaaaaaaaaaaaaaaaaaaaaaaaaaaaaaaaaaaaaaaaaaaaaaaaaaaaaaaaaaaaaaaaaaaaaaaaaaaaaaaaaaaaaaaaaaaaaaaaaaaaaaaaaaaaaaaaaaaaaaaaaaaaaaaaaaaaaaaaaaaaaaaaaaaaaaaaaaaaaaaaaaaaaaaaaaaaaaaaaaaaaaaaaaaaaaaaaaaaaaaaaaaaaaaaaaaaaaaaaaaaaaaaaaaaaaaaaaaaaaaaaaaaaaaaaaaaaaaaaaaaaaaaaaaaaaaaaaaaaaaaaaaaaaaaaaaaaaaaaaaaaaaaaaaaaaaaaaaaaaaaaaaaaaaaaaaaaaaaaaaaaaaaaaaaaaaaaaaaaaaaaaaaaaaaaaaaaaaaaaaaaaaaaaaaaaaaaaaaaaaaaaaaaaaaaaaaaaaaaaaaaaaaaaaaaaaaaaaaaaaaaaaaaaaaaaaaaaaaaaaaaaaaaaaaaaaaaaaaaaaaaaaaaaaaaaaaaaaaaaaaaaaaaaaaaaaaaaaaaaaaaaaaaaaaaaaaaaaaaaaaaaaaaaaaaaaaaaaaaaaaaaaaaaaaaaaaaaaaaaaaaaaaaaaaaaaaaaaaaaaaaaaaaaaaaaaaaaaaaaaaaaaaaaaaaaaaaaaaaaaaaaaaaaaaaaaaaaaaaaaaaaaaaaaaaaaaaaaaaaaaaaaaaaaaaaaaaaaaaaaaaaaaaaaaaaaaaaaaaaaaaaaaaaaaaaaaaaaaaaaaaaaaaaaaaaaaaaaaaaaaaaaaaaaaaaaaaaaaaaaaaaaaaaaaaaaaaaaaaaaaaaaaaaaaaaaaaaaaaaaaaaaaaaaaaaaaaaaaaaaaaaaaaaaaaaaaaaaaaaaaaaaaaaaaaaaaaaaaaaaaaaaaaaaaaaaaaaaaaaaaaaaaaaaaaaaaaaaaaaaaaaaaaaaaaaaaaaaaaaaaaaaaaaaaaaaaaaaaaaaaaaaaaaaaaaaaaaaaaaaaaaaaaaaaaaaaaaaaaaaaaaaaaaaaaaaaaaaaaaaaaaaaaaaaaaaaaaaaaaaaaaaaaaaaaaaaaaaaaaaaaaaaaaaaaaaaaaaaaaaaaaaaaaaaaaaaaaaaaaaaaaaaaaaaaaaaaaaaaaaaaaaaaaaaaaaaaaaaaaaaaaaaaaaaaaaaaaaaaaaaaaaaaaaaaaaaaaaaaaaaaaaaaaaaaaaaaaaaaaaaaaaaaaaaaaaaaaaaaaaaaaaaaaaaaaaaaaaaaaaaaaaaaaaaaaaaaaaaaaaaaaaaaaaaaaaaaaaaaaaaaaaaaaaaaaaaaaaaaaaaaaaaaaaaaaaaaaaaaaaaaaaaaaaaaaaaaaaaaaaaaaaaaaaaaaaaaaaaaaaaaaaaaaaaaaaaaaaaaaaaaaaaaaaaaaaaaaaaaaaaaaaaaaaaaaaaaaaaaaaaaaaaaaaaaaaaaaaaaaaaaaaaaaaaaaaaaaaaaaaaaaaaaaaaaaaaaaaaaaaaaaaaaaaaaaaaaaaaaaaaaaaaaaaaaaaaaaaaaaaaaaaaaaaaaaaaaaaaaaaaaaaaaaaaaaaaaaaaaaaaaaaaaaaaaaaaaaaaaaaaaaaaaaaaaaaaaaaaaaaaaaaaaaaaaaaaaaaaaaaaaaaaaaaaaaaaaaaaaaaaaaaaaaaaaaaaaaaaaaaaaaaaaaaaaaaaaaaaaaaaaaaaaaaaaaaaaaaaaaaaaaaaaaaaaaaaaaaaaaaaaaaaaaaaaaaaaaaaaaaaaaaaaaaaaaaaaaaaaaaaaaaaaaaaaaaaaaaaaaaaaaaaaaaaaaaaaaaaaaaaaaaaaaaaaaaaaaaaaaaaaaaaaaaaaaaaaaaaaaaaaaaaaaaaaaaaaaaaaaaaaaaaaaaaaaaaaaaaaaaaaaaaaaaaaaaaaaaaaaaaaaaaaaaaaaaaaaaaaaaaaaaaaaaaaaaaaaaaaaaaaaaaaaaaaaaaaaaaaaaaaaaaaaaaaaaaaaaaaaaaaaaaaaaaaaaaaaaaaaaaaaaaaaaaaaaaaaaaaaaaaaaaaaaaaaaaaaaaaaaaaaaaaaaaaaaaaaaaaaaaaaaaaaaaaaaaaaaaaaaaaaaaaaaaaaaaaaaaaaaaaaaaaaaaaaaaaaaaaaaaaaaaaaaaaaaaaaaaaaaaaaaaaaaaaaaaaaaaaaaaaaaaaaaaaaaaaaaaaaaaaaaaaaaaaaaaaaaaaaaaaaaaaaaaaaaaaaaaaaaaaaaaaaaaaaaaaaaaaaaaaaaaaaaaaaaaaaaaaaaaaaaaaaaaaaaaaaaaaaaaaaaaaaaaaaaaaaaaaaaaaaaaaaaaaaaaaaaaaaaaaaaaaaaaaaaaaaaaaaaaaaaaaaaaaaaaaaaaaaaaaaaaaaaaaaaaaaaaaaaaaaaaaaaaaaaaaaaaaaaaaaaaaaaaaaaaaaaaaaaaaaaaaaaaaaaaaaaaaaaaaaaaaaaaaaaaaaaaaaaaaaaaaaaaaaaaaaaaaaaaaaaaaaaaaaaaaaaaaaaaaaaaaaaaaaaaaaaaaaaaaaaaaaaaaaaaaaaaaaaaaaaaaaaaaaaaaaaaaaaaaaaaaaaaaaaaaaaaaaaaaaaaaaaaaaaaaaaaaaaaaaaaaaaaaaaaaaaaaaaaaaaaaaaaaaaaaaaaaaaaaaaaaaaaaaaaaaaaaaaaaaaaaaaaaaaaaaaaaaaaaaaaaaaaaaaaaaaaaaaaaaaaaaaaaaaaaaaaaaaaaaaaaaaaaaaaaaaaaaaaaaaaaaaaaaaaaaaaaaaaaaaaaaaaaaaaaaaaaaaaaaaaaaaaaaaaaaaaaaaaaaaaaaaaaaaaaaaaaaaaaaaaaaaaaaaaaaaaaaaaaaaaaaaaaaaaaaaaaaaaaaaaaaaaaaaaaaaaaaaaaaaaaaaaaaaaaaaaaaaaaaaaaaaaaaaaaaaaaaaaaaaaaaaaaaaaaaaaaaaaaaaaaaaaaaaaaaaaaaaaaaaaaaaaaaaaaaaaaaaaaaaaaaaaaaaaaaaaaaaaaaaaaaaaaaaaaaaaaaaaaaaaaaaaaaaaaaaaaaaaaaaaaaaaaaaaaaaaaaaaaaaaaaaaaaaaaaaaaaaaaaaaaaaaaaaaaaaaaaaaaaaaaaaaaaaaaaaaaaaaaaaaaaaaaaaaaaaaaaaaaaaaaaaaaaaaaaaaaaaaaaaaaaaaaaaaaaaaaaaaaaaaaaaaaaaaaaaaaaaaaaaaaaaaaaaaaaaaaaaaaaaaaaaaaaaaaaaaaaaaaaaaaaaaaaaaaaaaaaaaaaaaaaaaaaaaaaaaaaaaaaaaaaaaaaaaaaaaaaaaaaaaaaaaaaaaaaaaaaaaaaaaaaaaaaaaaaaaaaaaaaaaaaaaaaaaaaaaaaaaaaaaaaaaaaaaaaaaaaaaaaaaaaaaaaaaaaaaaaaaaaaaaaaaaaaaaaaaaaaaaaaaaaaaaaaaaaaaaaaaaaaaaaaaaaaaaaaaaaaaaaaaaaaaaaaaaaaaaaaaaaaaaaaaaaaaaaaaaaaaaaaaaaaaaaaaaaaaaaaaaaaaaaaaaaaaaaaaaaaaaaaaaaaaaaaaaaaaaaaaaaaaaaaaaaaaaaaaaaaaaaaaaaaaaaaaaaaaaaaaaaaaaaaaaaaaaaaaaaaaaaaaaaaaaaaaaaaaaaaaaaaaaaaaaaaaaaaaaaaaaaaaaaaaaaaaaaaaaaaaaaaaaaaaaaaaaaaaaaaaaaaaaaaaaaaaaaaaaaaaaaaaaaaaaaaaaaaaaaaaaaaaaaaaaaaaaaaaaaaaaaaaaaaaaaaaaaaaaaaaaaaaaaaaaaaaaaaaaaaaaaaaaaaaaaaaaaaaaaaaaaaaaaaaaaaaaaaaaaaaaaaaaaaaaaaaaaaaaaaaaaaaaaaaaaaaaaaaaaaaaaaaaaaaaaaaaaaaaaaaaaaaaaaaaaaaaaaaaaaaaaaaaaaaaaaaaaaaaaaaaaaaaaaaaaaaaaaaaaaaaaaaaaaaaaaaaaaaaaaaaaaaaaaaaaaaaaaaaaaaaaaaaaaaaaaaaaaaaaaaaaaaaaaaaaaaaaaaaaaaaaaaaaaaaaaaaaaaaaaaaaaaaaaaaaaaaaaaaaaaaaaaaaaaaaaaaaaaaaaaaaaaaaaaaaaaaaaaaaaaaaaaaaaaaaaaaaaaaaaaaaaaaaaaaaaaaaaaaaaaaaaaaaaaaaaaaaaaaaaaaaaaaaaaaaaaaaaaaaaaaaaaaaaaaaaaaaaaaaaaaaaaaaaaaaaaaaaaaaaaaaaaaaaaaaaaaaaaaaaaaaaaaaaaaaaaaaaaaaaaaaaaaaaaaaaaaaaaaaaaaaaaaaaaaaaaaaaaaaaaaaaaaaaaaaaaaaaaaaaaaaaaaaaaaaaaaaaaaaaaaaaaaaaaaaaaaaaaaaaaaaaaaaaaaaaaaaaaaaaaaaaaaaaaaaaaaaaaaaaaaaaaaaaaaaaaaaaaaaaaaaaaaaaaaaaaaaaaaaaaaaaaaaaaaaaaaaaaaaaaaaaaaaaaaaaaaaaaaaaaaaaaaaaaaaaaaaaaaaaaaaaaaaaaaaaaaaaaaaaaaaaaaaaaaaaaaaaaaaaaaaaaaaaaaaaaaaaaaaaaaaaaaaaaaaaaaaaaaaaaaaaaaaaaaaaaaaaaaaaaaaaaaaaaaaaaaaaaaaaaaaaaaaaaaaaaaaaaaaaaaaaaaaaaaaaaaaaaaaaaaaaaaaaaaaaaaaaaaaaaaaaaaaaaaaaaaaaaaaaaaaaaaaaaaaaaaaaaaaaaaaaaaaaaaaaaaaaaaaaaaaaaaaaaaaaaaaaaaaaaaaaaaaaaaaaaaaaaaaaaaaaaaaaaaaaaaaaaaaaaaaaaaaaaaaaaaaaaaaaaaaaaaaaaaaaaaaaaaaaaaaaaaaaaaaaaaaaaaaaaaaaaaaaaaaaaaaaaaaaaaaaaaaaaaaaaaaaaaaaaaaaaaaaaaaaaaaaaaaaaaaaaaaaaaaaaaaaaaaaaaaaaaaaaaaaaaaaaaaaaaaaaaaaaaaaaaaaaaaaaaaaaaaaaaaaaaaaaaaaaaaaaaaaaaaaaaaaaaaaaaaaaaaaaaaaaaaaaaaaaaaaaaaaaaaaaaaaaaaaaaaaaaaaaaaaaaaaaaaaaaaaaaaaaaaaaaaaaaaaaaaaaaaaaaaaaaaaaaaaaaaaaaaaaaaaaaaaaaaaaaaaaaaaaaaaaaaaaaaaaaaaaaaaaaaaaaaaaaaaaaaaaaaaaaaaaaaaaaaaaaaaaaaaaaaaaaaaaaaaaaaaaaaaaaaaaaaaaaaaaaaaaaaaaaaaaaaaaaaaaaaaaaaaaaaaaaaaaaaaaaaaaaaaaaaaaaaaaaaaaaaaaaaaaaaaaaaaaaaaaaaaaaaaaaaaaaaaaaaaaaaaaaaaaaaaaaaaaaaaaaaaaaaaaaaaaaaaaaaaaaaaaaaaaaaaaaaaaaaaaaaaaaaaaaaaaaaaaaaaaaaaaaaaaaaaaaaaaaaaaaaaaaaaaaaaaaaaaaaaaaaaaaaaaaaaaaaaaaaaaaaaaaaaaaaaaaaaaaaaaaaaaaaaaaaaaaaaaaaaaaaaaaaaaaaaaaaaaaaaaaaaaaaaaaaaaaaaaaaaaaaaaaaaaaaaaaaaaaaaaaaaaaaaaaaaaaaaaaaaaaaaaaaaaaaaaaaaaaaaaaaaaaaaaaaaaaaaaaaaaaaaaaaaaaaaaaaaaaaaaaaaaaaaaaaaaaaaaaaaaaaaaaaaaaaaaaaaaaaaaaaaaaaaaaaaaaaaaaaaaaaaaaaaaaaaaaaaaaaaaaaaaaaaaaaaaaaaaaaaaaaaaaaaaaaaaaaaaaaaaaaaaaaaaaaaaaaaaaaaaaaaaaaaaaaaaaaaaaaaaaaaaaaaaaaaaaaaaaaaaaaaaaaaaaaaaaaaaaaaaaaaaaaaaaaaaaaaaaaaaaaaaaaaaaaaaaaaaaaaaaaaaaaaaaaaaaaaaaaaaaaaaaaaaaaaaaaaaaaaaaaaaaaaaaaaaaaaaaaaaaaaaaaaaaaaaaaaaaaaaaaaaaaaaaaaaaaaaaaaaaaaaaaaaaaaaaaaaaaaaaaaaaaaaaaaaaaaaaaaaaaaaaaaaaaaaaaaaaaaaaaaaaaaaaaaaaaaaaaaaaaaaaaaaaaaaaaaaaaaaaaaaaaaaaaaaaaaaaaaaaaaaaaaaaaaaaaaaaaaaaaaaaaaaaaaaaaaaaaaaaaaaaaaaaaaaaaaaaaaaaaaaaaaaaaaaaaaaaaaaaaaaaaaaaaaaaaaaaaaaaaaaaaaaaaaaaaaaaaaaaaaaaaaaaaaaaaaaaaaaaaaaaaaaaaaaaaaaaaaaaaaaaaaaaaaaaaaaaaaaaaaaaaaaaaaaaaaaaaaaaaaaaaaaaaaaaaaaaaaaaaaaaaaaaaaaaaaaaaaaaaaaaaaaaaaaaaaaaaaaaaaaaaaaaaaaaaaaaaaaaaaaaaaaaaaaaaaaaaaaaaaaaaaaaaaaaaaaaaaaaaaaaaaaaaaaaaaaaaaaaaaaaaaaaaaaaaaaaaaaaaaaaaaaaaaaaaaaaaaaaaaaaaaaaaaaaaaaaaaaaaaaaaaaaaaaaaaaaaaaaaaaaaaaaaaaaaaaaaaaaaaaaaaaaaaaaaaaaaaaaaaaaaaaaaaaaaaaaaaaaaaaaaaaaaaaaaaaaaaaaaaaaaaaaaaaaaaaaaaaaaaaaaaaaaaaaaaaaaaaaaaaaaaaaaaaaaaaaaaaaaaaaaaaaaaaaaaaaaaaaaaaaaaaaaaaaaaaaaaaaaaaaaaaaaaaaaaaaaaaaaaaaaaaaaaaaaaaaaaaaaaaaaaaaaaaaaaaaaaaaaaaaaaaaaaaaaaaaaaaaaaaaaaaaaaaaaaaaaaaaaaaaaaaaaaaaaaaaaaaaaaaaaaaaaaaaaaaaaaaaaaaaaaaaaaaaaaaaaaaaaaaaaaaaaaaaaaaaaaaaaaaaaaaaaaaaaaaaaaaaaaaaaaaaaaaaaaaaaaaaaaaaaaaaaaaaaaaaaaaaaaaaaaaaaaaaaaaaaaaaaaaaaaaaaaaaaaaaaaaaaaaaaaaaaaaaaaaaaaaaaaaaaaaaaaaaaaaaaaaaaaaaaaaaaaaaaaaaaaaaaaaaaaaaaaaaaaaaaaaaaaaaaaaaaaaaaaaaaaaaaaaaaaaaaaaaaaaaaaaaaaaaaaaaaaaaaaaaaaaaaaaaaaaaaaaaaaaaaaaaaaaaaaaaaaaaaaaaaaaaaaaaaaaaaaaaaaaaaaaaaaaaaaaaaaaaaaaaaaaaaaaaaaaaaaaaaaaaaaaaaaaaaaaaaaaaaaaaaaaaaaaaaaaaaaaaaaaaaaaaaaaaaaaaaaaaaaaaaaaaaaaaaaaaaaaaaaaaaaaaaaaaaaaaaaaaaaaaaaaaaaaaaaaaaaaaaaaaaaaaaaaaaaaaaaaaaaaaaaaaaaaaaaaaaaaaaaaaaaaaaaaaaaaaaaaaaaaaaaaaaaaaaaaaaaaaaaaaaaaaaaaaaaaaaaaaaaaaaaaaaaaaaaaaaaaaaaaaaaaaaaaaaaaaaaaaaaaaaaaaaaaaaaaaaaaaaaaaaaaaaaaaaaaaaaaaaaaaaaaaaaaaaaaaaaaaaaaaaaaaaaaaaaaaaaaaaaaaaaaaaaaaaaaaaaaaaaaaaaaaaaaaaaaaaaaaaaaaaaaaaaaaaaaaaaaaaaaaaaaaaaaaaaaaaaaaaaaaaaaaaaaaaaaaaaaaaaaaaaaaaaaaaaaaaaaaaaaaaaaaaaaaaaaaaaaaaaaaaaaaaaaaaaaaaaaaaaaaaaaaaaaaaaaaaaaaaaaaaaaaaaaaaaaaaaaaaaaaaaaaaaaaaaaaaaaaaaaaaaaaaaaaaaaaaaaaaaaaaaaaaaaaaaaaaaaaaaaaaaaaaaaaaaaaaaaaaaaaaaaaaaaaaaaaaaaaaaaaaaaaaaaaaaaaaaaaaaaaaaaaaaaaaaaaaaaaaaaaaaaaaaaaaaaaaaaaaaaaaaaaaaaaaaaaaaaaaaaaaaaaaaaaaaaaaaaaaaaaaaaaaaaaaaaaaaaaaaaaaaaaaaaaaaaaaaaaaaaaaaaaaaaaaaaaaaaaaaaaaaaaaaaaaaaaaaaaaaaaaaaaaaaaaaaaaaaaaaaaaaaaaaaaaaaaaaaaaaaaaaaaaaaaaaaaaaaaaaaaaaaaaaaaaaaaaaaaaaaaaaaaaaaaaaaaaaaaaaaaaaaaaaaaaaaaaaaaaaaaaaaaaaaaaaaaaaaaaaaaaaaaaaaaaaaaaaaaaaaaaaaaaaaaaaaaaaaaaaaaaaaaaaaaaaaaaaaaaaaaaaaaaaaaaaaaaaaaaaaaaaaaaaaaaaaaaaaaaaaaaaaaaaaaaaaaaaaaaaaaaaaaaaaaaaaaaaaaaaaaaaaaaaaaaaaaaaaaaaaaaaaaaaaaaaaaaaaaaaaaaaaaaaaaaaaaaaaaaaaaaaaaaaaaaaaaaaaaaaaaaaaaaaaaaaaaaaaaaaaaaaaaaaaaaaaaaaaaaaaaaaaaaaaaaaaaaaaaaaaaaaaaaaaaaaaaaaaaaaaaaaaaaaaaaaaaaaaaaaaaaaaaaaaaaaaaaaaaaaaaaaaaaaaaaaaaaaaaaaaaaaaaaaaaaaaaaaaaaaaaaaaaaaaaaaaaaaaaaaaaaaaaaaaaaaaaaaaaaaaaaaaaaaaaaaaaaaaaaaaaaaaaaaaaaaaaaaaaaaaaaaaaaaaaaaaaaaaaaaaaaaaaaaaaaaaaaaaaaaaaaaaaaaaaaaaaaaaaaaaaaaaaaaaaaaaaaaaaaaaaaaaaaaaaaaaaaaaaaaaaaaaaaaaaaaaaaaaaaaaaaaaaaaaaaaaaaaaaaaaaaaaaaaaaaaaaaaaaaaaaaaaaaaaaaaaaaaaaaaaaaaaaaaaaaaaaaaaaaaaaaaaaaaaaaaaaaaaaaaaaaaaaaaaaaaaaaaaaaaaaaaaaaaaaaaaaaaaaaaaaaaaaaaaaaaaaaaaaaaaaaaaaaaaaaaaaaaaaaaaaaaaaaaaaaaaaaaaaaaaaaaaaaaaaaaaaaaaaaaaaaaaaaaaaaaaaaaaaaaaaaaaaaaaaaaaaaaaaaaaaaaaaaaaaaaaaaaaaaaaaaaaaaaaaaaaaaaaaaaaaaaaaaaaaaaaaaaaaaaaaaaaaaaaaaaaaaaaaaaaaaaaaaaaaaaaaaaaaaaaaaaaaaaaaaaaaaaaaaaaaaaaaaaaaaaaaaaaaaaaaaaaaaaaaaaaaaaaaaaaaaaaaaaaaaaaaaaaaaaaaaaaaaaaaaaaaaaaaaaaaaaaaaaaaaaaaaaaaaaaaaaaaaaaaaaaaaaaaaaaaaaaaaaaaaaaaaaaaaaaaaaaaaaaaaaaaaaaaaaaaaaaaaaaaaaaaaaaaaaaaaaaaaaaaaaaaaaaaaaaaaaaaaaaaaaaaaaaaaaaaaaaaaaaaaaaaaaaaaaaaaaaaaaaaaaaaaaaaaaaaaaaaaaaaaaaaaaaaaaaaaaaaaaaaaaaaaaaaaaaaaaaaaaaaaaaaaaaaaaaaaaaaaaaaaaaaaaaaaaaaaaaaaaaaaaaaaaaaaaaaaaaaaaaaaaaaaaaaaaaaaaaaaaaaaaaaaaaaaaaaaaaaaaaaaaaaaaaaaaaaaaaaaaaaaaaaaaaaaaaaaaaaaaaaaaaaaaaaaaaaaaaaaaaaaaaaaaaaaaaaaaaaaaaaaaaaaaaaaaaaaaaaaaaaaaaaaaaaaaaaaaaaaaaaaaaaaaaaaaaaaaaaaaaaaaaaaaaaaaaaaaaaaaaaaaaaaaaaaaaaaaaaaaaaaaaaaaaaaaaaaaaaaaaaaaaaaaaaaaaaaaaaaaaaaaaaaaaaaaaaaaaaaaaaaaaaaaaaaaaaaaaaaaaaaaaaaaaaaaaaaaaaaaaaaaaaaaaaaaaaaaaaaaaaaaaaaaaaaaaaaaaaaaaaaaaaaaaaaaaaaaaaaaaaaaaaaaaaaaaaaaaaaaaaaaaaaaaaaaaaaaaaaaaaaaaaaaaaaaaaaaaaaaaaaaaaaaaaaaaaaaaaaaaaaaaaaaaaaaaaaaaaaaaaaaaaaaaaaaaaaaaaaaaaaaaaaaaaaaaaaaaaaaaaaaaaaaaaaaaaaaaaaaaaaaaaaaaaaaaaaaaaaaaaaaaaaaaaaaaaaaaaaaaaaaaaaaaaaaaaaaaaaaaaaaaaaaaaaaaaaaaaaaaaaaaaaaaaaaaaaaaaaaaaaaaaaaaaaaaaaaaaaaaaaaaaaaaaaaaaaaaaaaaaaaaaaaaaaaaaaaaaaaaaaaaaaaaaaaaaaaaaaaaaaaaaaaaaaaaaaaaaaaaaaaaaaaaaaaaaaaaaaaaaaaaaaaaaaaaaaaaaaaaaaaaaaaaaaaaaaaaaaaaaaaaaaaaaaaaaaaaaaaaaaaaaaaaaaaaaaaaaaaaaaaaaaaaaaaaaaaaaaaaaaaaaaaaaaaaaaaaaaaaaaaaaaaaaaaaaaaaaaaaaaaaaaaaaaaaaaaaaaaaaaaaaaaaaaaaaaaaaaaaaaaaaaaaaaaaaaaaaaaaaaaaaaaaaaaaaaaaaaaaaaaaaaaaaaaaaaaaaaaaaaaaaaaaaaaaaaaaaaaaaaaaaaaaaaaaaaaaaaaaaaaaaaaaaaaaaaaaaaaaaaaaaaaaaaaaaaaaaaaaaaaaaaaaaaaaaaaaaaaaaaaaaaaaaaaaaaaaaaaaaaaaaaaaaaaaaaaaaaaaaaaaaaaaaaaaaaaaaaaaaaaaaaaaaaaaaaaaaaaaaaaaaaaaaaaaaaaaaaaaaaaaaaaaaaaaaaaaaaaaaaaaaaaaaaaaaaaaaaaaaaaaaaaaaaaaaaaaaaaaaaaaaaaaaaaaaaaaaaaaaaaaaaaaaaaaaaaaaaaaaaaaaaaaaaaaaaaaaaaaaaaaaaaaaaaaaaaaaaaaaaaaaaaaaaaaaaaaaaaaaaaaaaaaaaaaaaaaaaaaaaaaaaaaaaaaaaaaaaaaaaaaaaaaaaaaaaaaaaaaaaaaaaaaaaaaaaaaaaaaaaaaaaaaaaaaaaaaaaaaaaaaaaaaaaaaaaaaaaaaaaaaaaaaaaaaaaaaaaaaaaaaaaaaaaaaaaaaaaaaaaaaaaaaaaaaaaaaaaaaaaaaaaaaaaaaaaaaaaaaaaaaaaaaaaaaaaaaaaaaaaaaaaaaaaaaaaaaaaaaaaaaaaaaaaaaaaaaaaaaaaaaaaaaaaaaaaaaaaaaaaaaaaaaaaaaaaaaaaaaaaaaaaaaaaaaaaaaaaaaaaaaaaaaaaaaaaaaaaaaaaaaaaaaaaaaaaaaaaaaaaaaaaaaaaaaaaaaaaaaaaaaaaaaaaaaaaaaaaaaaaaaaaaaaaaaaaaaaaaaaaaaaaaaaaaaaaaaaaaaaaaaaaaaaaaaaaaaaaaaaaaaaaaaaaaaaaaaaaaaaaaaaaaaaaaaaaaaaaaaaaaaaaaaaaaaaaaaaaaaaaaaaaaaaaaaaaaaaaaaaaaaaaaaaaaaaaaaaaaaaaaaaaaaaaaaaaaaaaaaaaaaaaaaaaaaaaaaaaaaaaaaaaaaaaaaaaaaaaaaaaaaaaaaaaaaaaaaaaaaaaaaaaaaaaaaaaaaaaaaaaaaaaaaaaaaaaaaaaaaaaaaaaaaaaaaaaaaaaaaaaaaaaaaaaaaaaaaaaaaaaaaaaaaaaaaaaaaaaaaaaaaaaaaaaaaaaaaaaaaaaaaaaaaaaaaaaaaaaaaaaaaaaaaaaaaaaaaaaaaaaaaaaaaaaaaaaaaaaaaaaaaaaaaaaaaaaaaaaaaaaaaaaaaaaaaaaaaaaaaaaaaaaaaaaaaaaaaaaaaaaaaaaaaaaaaaaaaaaaaaaaaaaaaaaaaaaaaaaaaaaaaaaaaaaaaaaaaaaaaaaaaaaaaaaaaaaaaaaaaaaaaaaaaaaaaaaaaaaaaaaaaaaaaaaaaaaaaaaaaaaaaaaaaaaaaaaaaaaaaaaaaaaaaaaaaaaaaaaaaaaaaaaaaaaaaaaaaaaaaaaaaaaaaaaaaaaaaaaaaaaaaaaaaaaaaaaaaaaaaaaaaaaaaaaaaaaaaaaaaaaaaaaaaaaaaaaaaaaaaaaaaaaaaaaaaaaaaaaaaaaaaaaaaaaaaaaaaaaaaaaaaaaaaaaaaaaaaaaaaaaaaaaaaaaaaaaaaaaaaaaaaaaaaaaaaaaaaaaaaaaaaaaaaaaaaaaaaaaaaaaaaaaaaaaaaaaaaaaaaaaaaaaaaaaaaaaaaaaaaaaaaaaaaaaaaaaaaaaaaaaaaaaaaaaaaaaaaaaaaaaaaaaaaaaaaaaaaaaaaaaaaaaaaaaaaaaaaaaaaaaaaaaaaaaaaaaaaaaaaaaaaaaaaaaaaaaaaaaaaaaaaaaaaaaaaaaaaaaaaaaaaaaaaaaaaaaaaaaaaaaaaaaaaaaaaaaaaaaaaaaaaaaaaaaaaaaaaaaaaaaaaaaaaaaaaaaaaaaaaaaaaaaaaaaaaaaaaaaaaaaaaaaaaaaaaaaaaaaaaaaaaaaaaaaaaaaaaaaaaaaaaaaaaaaaaaaaaaaaaaaaaaaaaaaaaaaaaaaaaaaaaaaaaaaaaaaaaaaaaaaaaaaaaaaaaaaaaaaaaaaaaaaaaaaaaaaaaaaaaaaaaaaaaaaaaaaaaaaaaaaaaaaaaaaaaaaaaaaaaaaaaaaaaaaaaaaaaaaaaaaaaaaaaaaaaaaaaaaaaaaaaaaaaaaaaaaaaaaaaaaaaaaaaaaaaaaaaaaaaaaaaaaaaaaaaaaaaaaaaaaaaaaaaaaaaaaaaaaaaaaaaaaaaaaaaaaaaaaaaaaaaaaaaaaaaaaaaaaaaaaaaaaaaaaaaaaaaaaaaaaaaaaaaaaaaaaaaaaaaaaaaaaaaaaaaaaaaaaaaaaaaaaaaaaaaaaaaaaaaaaaaaaaaaaaaaaaaaaaaaaaaaaaaaaaaaaaaaaaaaaaaaaaaaaaaaaaaaaaaaaaaaaaaaaaaaaaaaaaaaaaaaaaaaaaaaaaaaaaaaaaaaaaaaaaaaaaaaaaaaaaaaaaaaaaaaaaaaaaaaaaaaaaaaaaaaaaaaaaaaaaaaaaaaaaaaaaaaaaaaaaaaaaaaaaaaaaaaaaaaaaaaaaaaaaaaaaaaaaaaaaaaaaaaaaaaaaaaaaaaaaaaaaaaaaaaaaaaaaaaaaaaaaaaaaaaaaaaaaaaaaaaaaaaaaaaaaaaaaaaaaaaaaaaaaaaaaaaaaaaaaaaaaaaaaaaaaaaaaaaaaaaaaaaaaaaaaaaaaaaaaaaaaaaaaaaaaaaaaaaaaaaaaaaaaaaaaaaaaaaaaaaaaaaaaaaaaaaaaaaaaaaaaaaaaaaaaaaaaaaaaaaaaaaaaaaaaaaaaaaaaaaaaaaaaaaaaaaaaaaaaaaaaaaaaaaaaaaaaaaaaaaaaaaaaaaaaaaaaaaaaaaaaaaaaaaaaaaaaaaaaaaaaaaaaaaaaaaaaaaaaaaaaaaaaaaaaaaaaaaaaaaaaaaaaaaaaaaaaaaaaaaaaaaaaaaaaaaaaaaaaaaaaaaaaaaaaaaaaaaaaaaaaaaaaaaaaaaaaaaaaaaaaaaaaaaaaaaaaaaaaaaaaaaaaaaaaaaaaaaaaaaaaaaaaaaaaaaaaaaaaaaaaaaaaaaaaaaaaaaaaaaaaaaaaaaaaaaaaaaaaaaaaaaaaaaaaaaaaaaaaaaaaaaaaaaaaaaaaaaaaaaaaaaaaaaaaaaaaaaaaaaaaaaaaaaaaaaaaaaaaaaaaaaaaaaaaaaaaaaaaaaaaaaaaaaaaaaaaaaaaaaaaaaaaaaaaaaaaaaaaaaaaaaaaaaaaaaaaaaaaaaaaaaaaaaaaaaaaaaaaaaaaaaaaaaaaaaaaaaaaaaaaaaaaaaaaaaaaaaaaaaaaaaaaaaaaaaaaaaaaaaaaaaaaaaaaaaaaaaaaaaaaaaaaaaaaaaaaaaaaaaaaaaaaaaaaaaaaaaaaaaaaaaaaaaaaaaaaaaaaaaaaaaaaaaaaaaaaaaaaaaaaaaaaaaaaaaaaaaaaaaaaaaaaaaaaaaaaaaaaaaaaaaaaaaaaaaaaaaaaaaaaaaaaaaaaaaaaaaaaaaaaaaaaaaaaaaaaaaaaaaaaaaaaaaaaaaaaaaaaaaaaaaaaaaaaaaaaaaaaaaaaaaaaaaaaaaaaaaaaaaaaaaaaaaaaaaaaaaaaaaaaaaaaaaaaaaaaaaaaaaaaaaaaaaaaaaaaaaaaaaaaaaaaaaaaaaaaaaaaaaaaaaaaaaaaaaaaaaaaaaaaaaaaaaaaaaaaaaaaaaaaaaaaaaaaaaaaaaaaaaaaaaaaaaaaaaaaaaaaaaaaaaaaaaaaaaaaaaaaaaaaaaaaaaaaaaaaaaaaaaaaaaaaaaaaaaaaaaaaaaaaaaaaaaaaaaaaaaaaaaaaaaaaaaaaaaaaaaaaaaaaaaaaaaaaaaaaaaaaaaaaaaaaaaaaaaaaaaaaaaaaaaaaaaaaaaaaaaaaaaaaaaaaaaaaaaaaaaaaaaaaaaaaaaaaaaaaaaaaaaaaaaaaaaaaaaaaaaaaaaaaaaaaaaaaaaaaaaaaaaaaaaaaaaaaaaaaaaaaaaaaaaaaaaaaaaaaaaaaaaaaaaaaaaaaaaaaaaaaaaaaaaaaaaaaaaaaaaaaaaaaaaaaaaaaaaaaaaaaaaaaaaaaaaaaaaaaaaaaaaaaaaaaaaaaaaaaaaaaaaaaaaaaaaaaaaaaaaaaaaaaaaaaaaaaaaaaaaaaaaaaaaaaaaaaaaaaaaaaaaaaaaaaaaaaaaaaaaaaaaaaaaaaaaaaaaaaaaaaaaaaaaaaaaaaaaaaaaaaaaaaaaaaaaaaaaaaaaaaaaaaaaaaaaaaaaaaaaaaaaaaaaaaaaaaaaaaaaaaaaaaaaaaaaaaaaaaaaaaaaaaaaaaaaaaaaaaaaaaaaaaaaaaaaaaaaaaaaaaaaaaaaaaaaaaaaaaaaaaaaaaaaaaaaaaaaaaaaaaaaaaaaaaaaaaaaaaaaaaaaaaaaaaaaaaaaaaaaaaaaaaaaaaaaaaaaaaaaaaaaaaaaaaaaaaaaaaaaaaaaaaaaaaaaaaaaaaaaaaaaaaaaaaaaaaaaaaaaaaaaaaaaaaaaaaaaaaaaaaaaaaaaaaaaaaaaaaaaaaaaaaaaaaaaaaaaaaaaaaaaaaaaaaaaaaaaaaaaaaaaaaaaaaaaaaaaaaaaaaaaaaaaaaaaaaaaaaaaaaaaaaaaaaaaaaaaaaaaaaaaaaaaaaaaaaaaaaaaaaaaaaaaaaaaaaaaaaaaaaaaaaaaaaaaaaaaaaaaaaaaaaaaaaaaaaaaaaaaaaaaaaaaaaaaaaaaaaaaaaaaaaaaaaaaaaaaaaaaaaaaaaaaaaaaaaaaaaaaaaaaaaaaaaaaaaaaaaaaaaaaaaaaaaaaaaaaaaaaaaaaaaaaaaaaaaaaaaaaaaaaaaaaaaaaaaaaaaaaaaaaaaaaaaaaaaaaaaaaaaaaaaaaaaaaaaaaaaaaaaaaaaaaaaaaaaaaaaaaaaaaaaaaaaaaaaaaaaaaaaaaaaaaaaaaaaaaaaaaaaaaaaaaaaaaaaaaaaaaaaaaaaaaaaaaaaaaaaaaaaaaaaaaaaaaaaaaaaaaaaaaaaaaaaaaaaaaaaaaaaaaaaaaaaaaaaaaaaaaaaaaaaaaaaaaaaaaaaaaaaaaaaaaaaaaaaaaaaaaaaaaaaaaaaaaaaaaaaaaaaaaaaaaaaaaaaaaaaaaaaaaaaaaaaaaaaaaaaaaaaaaaaaaaaaaaaaaaaaaaaaaaaaaaaaaaaaaaaaaaaaaaaaaaaaaaaaaaaaaaaaaaaaaaaaaaaaaaaaaaaaaaaaaaaaaaaaaaaaaaaaaaaaaaaaaaaaaaaaaaaaaaaaaaaaaaaaaaaaaaaaaaaaaaaaaaaaaaaaaaaaaaaaaaaaaaaaaaaaaaaaaaaaaaaaaaaaaaaaaaaaaaaaaaaaaaaaaaaaaaaaaaaaaaaaaaaaaaaaaaaaaaaaaaaaaaaaaaaaaaaaaaaaaaaaaaaaaaaaaaaaaaaaaaaaaaaaaaaaaaaaaaaaaaaaaaaaaaaaaaaaaaaaaaaaaaaaaaaaaaaaaaaaaaaaaaaaaaaaaaaaaaaaaaaaaaaaaaaaaaaaaaaaaaaaaaaaaaaaaaaaaaaaaaaaaaaaaaaaaaaaaaaaaaaaaaaaaaaaaaaaaaaaaaaaaaaaaaaaaaaaaaaaaaaaaaaaaaaaaaaaaaaaaaaaaaaaaaaaaaaaaaaaaaaaaaaaaaaaaaaaaaaaaaaaaaaaaaaaaaaaaaaaaaaaaaaaaaaaaaaaaaaaaaaaaaaaaaaaaaaaaaaaaaaaaaaaaaaaaaaaaaaaaaaaaaaaaaaaaaaaaaaaaaaaaaaaaaaaaaaaaaaaaaaaaaaaaaaaaaaaaaaaaaaaaaaaaaaaaaaaaaaaaaaaaaaaaaaaaaaaaaaaaaaaaaaaaaaaaaaaaaaaaaaaaaaaaaaaaaaaaaaaaaaaaaaaaaaaaaaaaaaaaaaaaaaaaaaaaaaaaaaaaaaaaaaaaaaaaaaaaaaaaaaaaaaaaaaaaaaaaaaaaaaaaaaaaaaaaaaaaaaaaaaaaaaaaaaaaaaaaaaaaaaaaaaaaaaaaaaaaaaaaaaaaaaaaaaaaaaaaaaaaaaaaaaaaaaaaaaaaaaaaaaaaaaaaaaaaaaaaaaaaaaaaaaaaaaaaaaaaaaaaaaaaaaaaaaaaaaaaaaaaaaaaaaaaaaaaaaaaaaaaaaaaaaaaaaaaaaaaaaaaaaaaaaaaaaaaaaaaaaaaaaaaaaaaaaaaaaaaaaaaaaaaaaaaaaaaaaaaaaaaaaaaaaaaaaaaaaaaaaaaaaaaaaaaaaaaaaaaaaaaaaaaaaaaaaaaaaaaaaaaaaaaaaaaaaaaaaaaaaaaaaaaaaaaaaaaaaaaaaaaaaaaaaaaaaaaaaaaaaaaaaaaaaaaaaaaaaaaaaaaaaaaaaaaaaaaaaaaaaaaaaaaaaaaaaaaaaaaaaaaaaaaaaaaaaaaaaaaaaaaaaaaaaaaaaaaaaaaaaaaaaaaaaaaaaaaaaaaaaaaaaaaaaaaaaaaaaaaaaaaaaaaaaaaaaaaaaaaaaaaaaaaaaaaaaaaaaaaaaaaaaaaaaaaaaaaaaaaaaaaaaaaaaaaaaaaaaaaaaaaaaaaaaaaaaaaaaaaaaaaaaaaaaaaaaaaaaaaaaaaaaaaaaaaaaaaaaaaaaaaaaaaaaaaaaaaaaaaaaaaaaaaaaaaaaaaaaaaaaaaaaaaaaaaaaaaaaaaaaaaaaaaaaaaaaaaaaaaaaaaaaaaaaaaaaaaaaaaaaaaaaaaaaaaaaaaaaaaaaaaaaaaaaaaaaaaaaaaaaaaaaaaaaaaaaaaaaaaaaaaaaaaaaaaaaaaaaaaaaaaaaaaaaaaaaaaaaaaaaaaaaaaaaaaaaaaaaaaaaaaaaaaaaaaaaaaaaaaaaaaaaaaaaaaaaaaaaaaaaaaaaaaaaaaaaaaaaaaaaaaaaaaaaaaaaaaaaaaaaaaaaaaaaaaaaaaaaaaaaaaaaaaaaaaaaaaaaaaaaaaaaaaaaaaaaaaaaaaaaaaaaaaaaaaaaaaaaaaaaaaaaaaaaaaaaaaaaaaaaaaaaaaaaaaaaaaaaaaaaaaaaaaaaaaaaaaaaaaaaaaaaaaaaaaaaaaaaaaaaaaaaaaaaaaaaaaaaaaaaaaaaaaaaaaaaaaaaaaaaaaaaaaaaaaaaaaaaaaaaaaaaaaaaaaaaaaaaaaaaaaaaaaaaaaaaaaaaaaaaaaaaaaaaaaaaaaaaaaaaaaaaaaaaaaaaaaaaaaaaaaaaaaaaaaaaaaaaaaaaaaaaaaaaaaaaaaaaaaaaaaaaaaaaaaaaaaaaaaaaaaaaaaaaaaaaaaaaaaaaaaaaaaaaaaaaaaaaaaaaaaaaaaaaaaaaaaaaaaaaaaaaaaaaaaaaaaaaaaaaaaaaaaaaaaaaaaaaaaaaaaaaaaaaaaaaaaaaaaaaaaaaaaaaaaaaaaaaaaaaaaaaaaaaaaaaaaaaaaaaaaaaaaaaaaaaaaaaaaaaaaaaaaaaaaaaaaaaaaaaaaaaaaaaaaaaaaaaaaaaaaaaaaaaaaaaaaaaaaaaaaaaaaaaaaaaaaaaaaaaaaaaaaaaaaaaaaaaaaaaaaaaaaaaaaaaaaaaaaaaaaaaaaaaaaaaaaaaaaaaaaaaaaaaaaaaaaaaaaaaaaaaaaaaaaaaaaaaaaaaaaaaaaaaaaaaaaaaaaaaaaaaaaaaaaaaaaaaaaaaaaaaaaaaaaaaaaaaaaaaaaaaaaaaaaaaaaaaaaaaaaaaaaaaaaaaaaaaaaaaaaaaaaaaaaaaaaaaaaaaaaaaaaaaaaaaaaaaaaaaaaaaaaaaaaaaaaaaaaaaaaaaaaaaaaaaaaaaaaaaaaaaaaaaaaaaaaaaaaaaaaaaaaaaaaaaaaaaaaaaaaaaaaaaaaaaaaaaaaaaaaaaaaaaaaaaaaaaaaaaaaaaaaaaaaaaaaaaaaaaaaaaaaaaaaaaaaaaaaaaaaaaaaaaaaaaaaaaaaaaaaaaaaaaaaaaaaaaaaaaaaaaaaaaaaaaaaaaaaaaaaaaaaaaaaaaaaaaaaaaaaaaaaaaaaaaaaaaaaaaaaaaaaaaaaaaaaaaaaaaaaaaaaaaaaaaaaaaaaaaaaaaaaaaaaaaaaaaaaaaaaaaaaaaaaaaaaaaaaaaaaaaaaaaaaaaaaaaaaaaaaaaaaaaaaaaaaaaaaaaaaaaaaaaaaaaaaaaaaaaaaaaaaaaaaaaaaaaaaaaaaaaaaaaaaaaaaaaaaaaaaaaaaaaaaaaaaaaaaaaaaaaaaaaaaaaaaaaaaaaaaaaaaaaaaaaaaaaaaaaaaaaaaaaaaaaaaaaaaaaaaaaaaaaaaaaaaaaaaaaaaaaaaaaaaaaaaaaaaaaaaaaaaaaaaaaaaaaaaaaaaaaaaaaaaaaaaaaaaaaaaaaaaaaaaaaaaaaaaaaaaaaaaaaaaaaaaaaaaaaaaaaaaaaaaaaaaaaaaaaaaaaaaaaaaaaaaaaaaaaaaaaaaaaaaaaaaaaaaaaaaaaaaaaaaaaaaaaaaaaaaaaaaaaaaaaaaaaaaaaaaaaaaaaaaaaaaaaaaaaaaaaaaaaaaaaaaaaaaaaaaaaaaaaaaaaaaaaaaaaaaaaaaaaaaaaaaaaaaaaaaaaaaaaaaaaaaaaaaaaaaaaaaaaaaaaaaaaaaaaaaaaaaaaaaaaaaaaaaaaaaaaaaaaaaaaaaaaaaaaaaaaaaaaaaaaaaaaaaaaaaaaaaaaaaaaaaaaaaaaaaaaaaaaaaaaaaaaaaaaaaaaaaaaaaaaaaaaaaaaaaaaaaaaaaaaaaaaaaaaaaaaaaaaaaaaaaaaaaaaaaaaaaaaaaaaaaaaaaaaaaaaaaaaaaaaaaaaaaaaaaaaaaaaaaaaaaaaaaaaaaaaaaaaaaaaaaaaaaaaaaaaaaaaaaaaaaaaaaaaaaaaaaaaaaaaaaaaaaaaaaaaaaaaaaaaaaaaaaaaaaaaaaaaaaaaaaaaaaaaaaaaaaaaaaaaaaaaaaaaaaaaaaaaaaaaaaaaaaaaaaaaaaaaaaaaaaaaaaaaaaaaaaaaaaaaaaaaaaaaaaaaaaaaaaaaaaaaaaaaaaaaaaaaaaaaaaaaaaaaaaaaaaaaaaaaaaaaaaaaaaaaaaaaaaaaaaaaaaaaaaaaaaaaaaaaaaaaaaaaaaaaaaaaaaaaaaaaaaaaaaaaaaaaaaaaaaaaaaaaaaaaaaaaaaaaaaaaaaaaaaaaaaaaaaaaaaaaaaaaaaaaaaaaaaaaaaaaaaaaaaaaaaaaaaaaaaaaaaaaaaaaaaaaaaaaaaaaaaaaaaaaaaaaaaaaaaaaaaaaaaaaaaaaaaaaaaaaaaaaaaaaaaaaaaaaaaaaaaaaaaaaaaaaaaaaaaaaaaaaaaaaaaaaaaaaaaaaaaaaaaaaaaaaaaaaaaaaaaaaaaaaaaaaaaaaaaaaaaaaaaaaaaaaaaaaaaaaaaaaaaaaaaaaaaaaaaaaaaaaaaaaaaaaaaaaaaaaaaaaaaaaaaaaaaaaaaaaaaaaaaaaaaaaaaaaaaaaaaaaaaaaaaaaaaaaaaaaaaaaaaaaaaaaaaaaaaaaaaaaaaaaaaaaaaaaaaaaaaaaaaaaaaaaaaaaaaaaaaaaaaaaaaaaaaaaaaaaaaaaaaaaaaaaaaaaaaaaaaaaaaaaaaaaaaaaaaaaaaaaaaaaaaaaaaaaaaaaaaaaaaaaaaaaaaaaaaaaaaaaaaaaaaaaaaaaaaaaaaaaaaaaaaaaaaaaaaaaaaaaaaaaaaaaaaaaaaaaaaaaaaaaaaaaaaaaaaaaaaaaaaaaaaaaaaaaaaaaaaaaaaaaaaaaaaaaaaaaaaaaaaaaaaaaaaaaaaaaaaaaaaaaaaaaaaaaaaaaaaaaaaaaaaaaaaaaaaaaaaaaaaaaaaaaaaaaaaaaaaaaaaaaaaaaaaaaaaaaaaaaaaaaaaaaaaaaaaaaaaaaaaaaaaaaaaaaaaaaaaaaaaaaaaaaaaaaaaaaaaaaaaaaaaaaaaaaaaaaaaaaaaaaaaaaaaaaaaaaaaaaaaaaaaaaaaaaaaaaaaaaaaaaaaaaaaaaaaaaaaaaaaaaaaaaaaaaaaaaaaaaaaaaaaaaaaaaaaaaaaaaaaaaaaaaaaaaaaaaaaaaaaaaaaaaaaaaaaaaaaaaaaaaaaaaaaaaaaaaaaaaaaaaaaaaaaaaaaaaaaaaaaaaaaaaaaaaaaaaaaaaaaaaaaaaaaaaaaaaaaaaaaaaaaaaaaaaaaaaaaaaaaaaaaaaaaaaaaaaaaaaaaaaaaaaaaaaaaaaaaaaaaaaaaaaaaaaaaaaaaaaaaaaaaaaaaaaaaaaaaaaaaaaaaaaaaaaaaaaaaaaaaaaaaaaaaaaaaaaaaaaaaaaaaaaaaaaaaaaaaaaaaaaaaaaaaaaaaaaaaaaaaaaaaaaaaaaaaaaaaaaaaaaaaaaaaaaaaaaaaaaaaaaaaaaaaaaaaaaaaaaaaaaaaaaaaaaaaaaaaaaaaaaaaaaaaaaaaaaaaaaaaaaaaaaaaaaaaaaaaaaaaaaaaaaaaaaaaaaaaaaaaaaaaaaaaaaaaaaaaaaaaaaaaaaaaaaaaaaaaaaaaaaaaaaaaaaaaaaaaaaaaaaaaaaaaaaaaaaaaaaaaaaaaaaaaaaaaaaaaaaaaaaaaaaaaaaaaaaaaaaaaaaaaaaaaaaaaaaaaaaaaaaaaaaaaaaaaaaaaaaaaaaaaaaaaaaaaaaaaaaaaaaaaaaaaaaaaaaaaaaaaaaaaaaaaaaaaaaaaaaaaaaaaaaaaaaaaaaaaaaaaaaaaaaaaaaaaaaaaaaaaaaaaaaaaaaaaaaaaaaaaaaaaaaaaaaaaaaaaaaaaaaaaaaaaaaaaaaaaaaaaaaaaaaaaaaaaaaaaaaaaaaaaaaaaaaaaaaaaaaaaaaaaaaaaaaaaaaaaaaaaaaaaaaaaaaaaaaaaaaaaaaaaaaaaaaaaaaaaaaaaaaaaaaaaaaaaaaaaaaaaaaaaaaaaaaaaaaaaaaaaaaaaaaaaaaaaaaaaaaaaaaaaaaaaaaaaaaaaaaaaaaaaaaaaaaaaaaaaaaaaaaaaaaaaaaaaaaaaaaaaaaaaaaaaaaaaaaaaaaaaaaaaaaaaaaaaaaaaaaaaaaaaaaaaaaaaaaaaaaaaaaaaaaaaaaaaaaaaaaaaaaaaaaaaaaaaaaaaaaaaaaaaaaaaaaaaaaaaaaaaaaaaaaaaaaaaaaaaaaaaaaaaaaaaaaaaaaaaaaaaaaaaaaaaaaaaaaaaaaaaaaaaaaaaaaaaaaaaaaaaaaaaaaaaaaaaaaaaaaaaaaaaaaaaaaaaaaaaaaaaaaaaaaaaaaaaaaaaaaaaaaaaaaaaaaaaaaaaaaaaaaaaaaaaaaaaaaaaaaaaaaaaaaaaaaaaaaaaaaaaaaaaaaaaaaaaaaaaaaaaaaaaaaaaaaaaaaaaaaaaaaaaaaaaaaaaaaaaaaaaaaaaaaaaaaaaaaaaaaaaaaaaaaaaaaaaaaaaaaaaaaaaaaaaaaaaaaaaaaaaaaaaaaaaaaaaaaaaaaaaaaaaaaaaaaaaaaaaaaaaaaaaaaaaaaaaaaaaaaaaaaaaaaaaaaaaaaaaaaaaaaaaaaaaaaaaaaaaaaaaaaaaaaaaaaaaaaaaaaaaaaaaaaaaaaaaaaaaaaaaaaaaaaaaaaaaaaaaaaaaaaaaaaaaaaaaaaaaaaaaaaaaaaaaaaaaaaaaaaaaaaaaaaaaaaaaaaaaaaaaaaaaaaaaaaaaaaaaaaaaaaaaaaaaaaaaaaaaaaaaaaaaaaaaaaaaaaaaaaaaaaaaaaaaaaaaaaaaaaaaaaaaaaaaaaaaaaaaaaaaaaaaaaaaaaaaaaaaaaaaaaaaaaaaaaaaaaaaaaaaaaaaaaaaaaaaaaaaaaaaaaaaaaaaaaaaaaaaaaaaaaaaaaaaaaaaaaaaaaaaaaaaaaaaaaaaaaaaaaaaaaaaaaaaaaaaaaaaaaaaaaaaaaaaaaaaaaaaaaaaaaaaaaaaaaaaaaaaaaaaaaaaaaaaaaaaaaaaaaaaaaaaaaaaaaaaaaaaaaaaaaaaaaaaaaaaaaaaaaaaaaaaaaaaaaaaaaaaaaaaaaaaaaaaaaaaaaaaaaaaaaaaaaaaaaaaaaaaaaaaaaaaaaaaaaaaaaaaaaaaaaaaaaaaaaaaaaaaaaaaaaaaaaaaaaaaaaaaaaaaaaaaaaaaaaaaaaaaaaaaaaaaaaaaaaaaaaaaaaaaaaaaaaaaaaaaaaaaaaaaaaaaaaaaaaaaaaaaaaaaaaaaaaaaaaaaaaaaaaaaaaaaaaaaaaaaaaaaaaaaaaaaaaaaaaaaaaaaaaaaaaaaaaaaaaaaaaaaaaaaaaaaaaaaaaaaaaaaaaaaaaaaaaaaaaaaaaaaaaaaaaaaaaaaaaaaaaaaaaaaaaaaaaaaaaaaaaaaaaaaaaaaaaaaaaaaaaaaaaaaaaaaaaaaaaaaaaaaaaaaaaaaaaaaaaaaaaaaaaaaaaaaaaaaaaaaaaaaaaaaaaaaaaaaaaaaaaaaaaaaaaaaaaaaaaaaaaaaaaaaaaaaaaaaaaaaaaaaaaaaaaaaaaaaaaaaaaaaaaaaaaaaaaaaaaaaaaaaaaaaaaaaaaaaaaaaaaaaaaaaaaaaaaaaaaaaaaaaaaaaaaaaaaaaaaaaaaaaaaaaaaaaaaaaaaaaaaaaaaaaaaaaaaaaaaaaaaaaaaaaaaaaaaaaaaaaaaaaaaaaaaaaaaaaaaaaaaaaaaaaaaaaaaaaaaaaaaaaaaaaaaaaaaaaaaaaaaaaaaaaaaaaaaaaaaaaaaaaaaaaaaaaaaaaaaaaaaaaaaaaaaaaaaaaaaaaaaaaaaaaaaaaaaaaaaaaaaaaaaaaaaaaaaaaaaaaaaaaaaaaaaaaaaaaaaaaaaaaaaaaaaaaaaaaaaaaaaaaaaaaaaaaaaaaaaaaaaaaaaaaaaaaaaaaaaaaaaaaaaaaaaaaaaaaaaaaaaaaaaaaaaaaaaaaaaaaaaaaaaaaaaaaaaaaaaaaaaaaaaaaaaaaaaaaaaaaaaaaaaaaaaaaaaaaaaaaaaaaaaaaaaaaaaaaaaaaaaaaaaaaaaaaaaaaaaaaaaaaaaaaaaaaaaaaaaaaaaaaaaaaaaaaaaaaaaaaaaaaaaaaaaaaaaaaaaaaaaaaaaaaaaaaaaaaaaaaaaaaaaaaaaaaaaaaaaaaaaaaaaaaaaaaaaaaaaaaaaaaaaaaaaaaaaaaaaaaaaaaaaaaaaaaaaaaaaaaaaaaaaaaaaaaaaaaaaaaaaaaaaaaaaaaaaaaaaaaaaaaaaaaaaaaaaaaaaaaaaaaaaaaaaaaaaaaaaaaaaaaaaaaaaaaaaaaaaaaaaaaaaaaaaaaaaaaaaaaaaaaaaaaaaaaaaaaaaaaaaaaaaaaaaaaaaaaaaaaaaaaaaaaaaaaaaaaaaaaaaaaaaaaaaaaaaaaaaaaaaaaaaaaaaaaaaaaaaaaaaaaaaaaaaaaaaaaaaaaaaaaaaaaaaaaaaaaaaaaaaaaaaaaaaaaaaaaaaaaaaaaaaaaaaaaaaaaaaaaaaaaaaaaaaaaaaaaaaaaaaaaaaaaaaaaaaaaaaaaaaaaaaaaaaaaaaaaaaaaaaaaaaaaaaaaaaaaaaaaaaaaaaaaaaaaaaaaaaaaaaaaaaaaaaaaaaaaaaaaaaaaaaaaaaaaaaaaaaaaaaaaaaaaaaaaaaaaaaaaaaaaaaaaaaaaaaaaaaaaaaaaaaaaaaaaaaaaaaaaaaaaaaaaaaaaaaaaaaaaaaaaaaaaaaaaaaaaaaaaaaaaaaaaaaaaaaaaaaaaaaaaaaaaaaaaaaaaaaaaaaaaaaaaaaaaaaaaaaaaaaaaaaaaaaaaaaaaaaaaaaaaaaaaaaaaaaaaaaaaaaaaaaaaaaaaaaaaaaaaaaaaaaaaaaaaaaaaaaaaaaaaaaaaaaaaaaaaaaaaaaaaaaaaaaaaaaaaaaaaaaaaaaaaaaaaaaaaaaaaaaaaaaaaaaaaaaaaaaaaaaaaaaaaaaaaaaaaaaaaaaaaaaaaaaaaaaaaaaaaaaaaaaaaaaaaaaaaaaaaaaaaaaaaaaaaaaaaaaaaaaaaaaaaaaaaaaaaaaaaaaaaaaaaaaaaaaaaaaaaaaaaaaaaaaaaaaaaaaaaaaaaaaaaaaaaaaaaaaaaaaaaaaaaaaaaaaaaaaaaaaaaaaaaaaaaaaaaaaaaaaaaaaaaaaaaaaaaaaaaaaaaaaaaaaaaaaaaaaaaaaaaaaaaaaaaaaaaaaaaaaaaaaaaaaaaaaaaaaaaaaaaaaaaaaaaaaaaaaaaaaaaaaaaaaaaaaaaaaaaaaaaaaaaaaaaaaaaaaaaaaaaaaaaaaaaaaaaaaaaaaaaaaaaaaaaaaaaaaaaaaaaaaaaaaaaaaaaaaaaaaaaaaaaaaaaaaaaaaaaaaaaaaaaaaaaaaaaaaaaaaaaaaaaaaaaaaaaaaaaaaaaaaaaaaaaaaaaaaaaaaaaaaaaaaaaaaaaaaaaaaaaaaaaaaaaaaaaaaaaaaaaaaaaaaaaaaaaaaaaaaaaaaaaaaaaaaaaaaaaaaaaaaaaaaaaaaaaaaaaaaaaaaaaaaaaaaaaaaaaaaaaaaaaaaaaaaaaaaaaaaaaaaaaaaaaaaaaaaaaaaaaaaaaaaaaaaaaaaaaaaaaaaaaaaaaaaaaaaaaaaaaaaaaaaaaaaaaaaaaaaaaaaaaaaaaaaaaaaaaaaaaaaaaaaaaaaaaaaaaaaaaaaaaaaaaaaaaaaaaaaaaaaaaaaaaaaaaaaaaaaaaaaaaaaaaaaaaaaaaaaaaaaaaaaaaaaaaaaaaaaaaaaaaaaaaaaaaaaaaaaaaaaaaaaaaaaaaaaaaaaaaaaaaaaaaaaaaaaaaaaaaaaaaaaaaaaaaaaaaaaaaaaaaaaaaaaaaaaaaaaaaaaaaaaaaaaaaaaaaaaaaaaaaaaaaaaaaaaaaaaaaaaaaaaaaaaaaaaaaaaaaaaaaaaaaaaaaaaaaaaaaaaaaaaaaaaaaaaaaaaaaaaaaaaaaaaaaaaaaaaaaaaaaaaaaaaaaaaaaaaaaaaaaaaaaaaaaaaaaaaaaaaaaaaaaaaaaaaaaaaaaaaaaaaaaaaaaaaaaaaaaaaaaaaaaaaaaaaaaaaaaaaaaaaaaaaaaaaaaaaaaaaaaaaaaaaaaaaaaaaaaaaaaaaaaaaaaaaaaaaaaaaaaaaaaaaaaaaaaaaaaaaaaaaaaaaaaaaaaaaaaaaaaaaaaaaaaaaaaaaaaaaaaaaaaaaaaaaaaaaaaaaaaaaaaaaaaaaaaaaaaaaaaaaaaaaaaaaaaaaaaaaaaaaaaaaaaaaaaaaaaaaaaaaaaaaaaaaaaaaaaaaaaaaaaaaaaaaaaaaaaaaaaaaaaaaaaaaaaaaaaaaaaaaaaaaaaaaaaaaaaaaaaaaaaaaaaaaaaaaaaaaaaaaaaaaaaaaaaaaaaaaaaaaaaaaaaaaaaaaaaaaaaaaaaaaaaaaaaaaaaaaaaaaaaaaaaaaaaaaaaaaaaaaaaaaaaaaaaaaaaaaaaaaaaaaaaaaaaaaaaaaaaaaaaaaaaaaaaaaaaaaaaaaaaaaaaaaaaaaaaaaaaaaaaaaaaaaaaaaaaaaaaaaaaaaaaaaaaaaaaaaaaaaaaaaaaaaaaaaaaaaaaaaaaaaaaaaaaaaaaaaaaaaaaaaaaaaaaaaaaaaaaaaaaaaaaaaaaaaaaaaaaaaaaaaaaaaaaaaaaaaaaaaaaaaaaaaaaaaaaaaaaaaaaaaaaaaaaaaaaaaaaaaaaaaaaaaaaaaaaaaaaaaaaaaaaaaaaaaaaaaaaaaaaaaaaaaaaaaaaaaaaaaaaaaaaaaaaaaaaaaaaaaaaaaaaaaaaaaaaaaaaaaaaaaaaaaaaaaaaaaaaaaaaaaaaaaaaaaaaaaaaaaaaaaaaaaaaaaaaaaaaaaaaaaaaaaaaaaaaaaaaaaaaaaaaaaaaaaaaaaaaaaaaaaaaaaaaaaaaaaaaaaaaaaaaaaaaaaaaaaaaaaaaaaaaaaaaaaaaaaaaaaaaaaaaaaaaaaaaaaaaaaaaaaaaaaaaaaaaaaaaaaaaaaaaaaaaaaaaaaaaaaaaaaaaaaaaaaaaaaaaaaaaaaaaaaaaaaaaaaaaaaaaaaaaaaaaaaaaaaaaaaaaaaaaaaaaaaaaaaaaaaaaaaaaaaaaaaaaaaaaaaaaaaaaaaaaaaaaaaaaaaaaaaaaaaaaaaaaaaaaaaaaaaaaaaaaaaaaaaaaaaaaaaaaaaaaaaaaaaaaaaaaaaaaaaaaaaaaaaaaaaaaaaaaaaaaaaaaaaaaaaaaaaaaaaaaaaaaaaaaaaaaaaaaaaaaaaaaaaaaaaaaaaaaaaaaaaaaaaaaaaaaaaaaaaaaaaaaaaaaaaaaaaaaaaaaaaaaaaaaaaaaaaaaaaaaaaaaaaaaaaaaaaaaaaaaaaaaaaaaaaaaaaaaaaaaaaaaaaaaaaaaaaaaaaaaaaaaaaaaaaaaaaaaaaaaaaaaaaaaaaaaaaaaaaaaaaaaaaaaaaaaaaaaaaaaaaaaaaaaaaaaaaaaaaaaaaaaaaaaaaaaaaaaaaaaaaaaaaaaaaaaaaaaaaaaaaaaaaaaaaaaaaaaaaaaaaaaaaaaaaaaaaaaaaaaaaaaaaaaaaaaaaaaaaaaaaaaaaaaaaaaaaaaaaaaaaaaaaaaaaaaaaaaaaaaaaaaaaaaaaaaaaaaaaaaaaaaaaaaaaaaaaaaaaaaaaaaaaaaaaaaaaaaaaaaaaaaaaaaaaaaaaaaaaaaaaaaaaaaaaaaaaaaaaaaaaaaaaaaaaaaaaaaaaaaaaaaaaaaaaaaaaaaaaaaaaaaaaaaaaaaaaaaaaaaaaaaaaaaaaaaaaaaaaaaaaaaaaaaaaaaaaaaaaaaaaaaaaaaaaaaaaaaaaaaaaaaaaaaaaaaaaaaaaaaaaaaaaaaaaaaaaaaaaaaaaaaaaaaaaaaaaaaaaaaaaaaaaaaaaaaaaaaaaaaaaaaaaaaaaaaaaaaaaaaaaaaaaaaaaaaaaaaaaaaaaaaaaaaaaaaaaaaaaaaaaaaaaaaaaaaaaaaaaaaaaaaaaaaaaaaaaaaaaaaaaaaaaaaaaaaaaaaaaaaaaaaaaaaaaaaaaaaaaaaaaaaaaaaaaaaaaaaaaaaaaaaaaaaaaaaaaaaaaaaaaaaaaaaaaaaaaaaaaaaaaaaaaaaaaaaaaaaaaaaaaaaaaaaaaaaaaaaaaaaaaaaaaaaaaaaaaaaaaaaaaaaaaaaaaaaaaaaaaaaaaaaaaaaaaaaaaaaaaaaaaaaaaaaaaaaaaaaaaaaaaaaaaaaaaaaaaaaaaaaaaaaaaaaaaaaaaaaaaaaaaaaaaaaaaaaaaaaaaaaaaaaaaaaaaaaaaaaaaaaaaaaaaaaaaaaaaaaaaaaaaaaaaaaaaaaaaaaaaaaaaaaaaaaaaaaaaaaaaaaaaaaaaaaaaaaaaaaaaaaaaaaaaaaaaaaaaaaaaaaaaaaaaaaaaaaaaaaaaaaaaaaaaaaaaaaaaaaaaaaaaaaaaaaaaaaaaaaaaaaaaaaaaaaaaaaaaaaaaaaaaaaaaaaaaaaaaaaaaaaaaaaaaaaaaaaaaaaaaaaaaaaaaaaaaaaaaaaaaaaaaaaaaaaaaaaaaaaaaaaaaaaaaaaaaaaaaaaaaaaaaaaaaaaaaaaaaaaaaaaaaaaaaaaaaaaaaaaaaaaaaaaaaaaaaaaaaaaaaaaaaaaaaaaaaaaaaaaaaaaaaaaaaaaaaaaaaaaaaaaaaaaaaaaaaaaaaaaaaaaaaaaaaaaaaaaaaaaaaaaaaaaaaaaaaaaaaaaaaaaaaaaaaaaaaaaaaaaaaaaaaaaaaaaaaaaaaaaaaaaaaaaaaaaaaaaaaaaaaaaaaaaaaaaaaaaaaaaaaaaaaaaaaaaaaaaaaaaaaaaaaaaaaaaaaaaaaaaaaaaaaaaaaaaaaaaaaaaaaaaaaaaaaaaaaaaaaaaaaaaaaaaaaaaaaaaaaaaaaaaaaaaaaaaaaaaaaaaaaaaaaaaaaaaaaaaaaaaaaaaaaaaaaaaaaaaaaaaaaaaaaaaaaaaaaaaaaaaaaaaaaaaaaaaaaaaaaaaaaaaaaaaaaaaaaaaaaaaaaaaaaaaaaaaaaaaaaaaaaaaaaaaaaaaaaaaaaaaaaaaaaaaaaaaaaaaaaaaaaaaaaaaaaaaaaaaaaaaaaaaaaaaaaaaaaaaaaaaaaaaaaaaaaaaaaaaaaaaaaaaaaaaaaaaaaaaaaaaaaaaaaaaaaaaaaaaaaaaaaaaaaaaaaaaaaaaaaaaaaaaaaaaaaaaaaaaaaaaaaaaaaaaaaaaaaaaaaaaaaaaaaaaaaaaaaaaaaaaaaaaaaaaaaaaaaaaaaaaaaaaaaaaaaaaaaaaaaaaaaaaaaaaaaaaaaaaaaaaaaaaaaaaaaaaaaaaaaaaaaaaaaaaaaaaaaaaaaaaaaaaaaaaaaaaaaaaaaaaaaaaaaaaaaaaaaaaaaaaaaaaaaaaaaaaaaaaaaaaaaaaaaaaaaaaaaaaaaaaaaaaaaaaaaaaaaaaaaaaaaaaaaaaaaaaaaaaaaaaaaaaaaaaaaaaaaaaaaaaaaaaaaaaaaaaaaaaaaaaaaaaaaaaaaaaaaaaaaaaaaaaaaaaaaaaaaaaaaaaaaaaaaaaaaaaaaaaaaaaaaaaaaaaaaaaaaaaaaaaaaaaaaaaaaaaaaaaaaaaaaaaaaaaaaaaaaaaaaaaaaaaaaaaaaaaaaaaaaaaaaaaaaaaaaaaaaaaaaaaaaaaaaaaaaaaaaaaaaaaaaaaaaaaaaaaaaaaaaaaaaaaaaaaaaaaaaaaaaaaaaaaaaaaaaaaaaaaaaaaaaaaaaaaaaaaaaaaaaaaaaaaaaaaaaaaaaaaaaaaaaaaaaaaaaaaaaaaaaaaaaaaaaaaaaaaaaaaaaaaaaaaaaaaaaaaaaaaaaaaaaaaaaaaaaaaaaaaaaaaaaaaaaaaaaaaaaaaaaaaaaaaaaaaaaaaaaaaaaaaaaaaaaaaaaaaaaaaaaaaaaaaaaaaaaaaaaaaaaaaaaaaaaaaaaaaaaaaaaaaaaaaaaaaaaaaaaaaaaaaaaaaaaaaaaaaaaaaaaaaaaaaaaaaaaaaaaaaaaaaaaaaaaaaaaaaaaaaaaaaaaaaaaaaaaaaaaaaaaaaaaaaaaaaaaaaaaaaaaaaaaaaaaaaaaaaaaaaaaaaaaaaaaaaaaaaaaaaaaaaaaaaaaaaaaaaaaaaaaaaaaaaaaaaaaaaaaaaaaaaaaaaaaaaaaaaaaaaaaaaaaaaaaaaaaaaaaaaaaaaaaaaaaaaaaaaaaaaaaaaaaaaaaaaaaaaaaaaaaaaaaaaaaaaaaaaaaaaaaaaaaaaaaaaaaaaaaaaaaaaaaaaaaaaaaaaaaaaaaaaaaaaaaaaaaaaaaaaaaaaaaaaaaaaaaaaaaaaaaaaaaaaaaaaaaaaaaaaaaaaaaaaaaaaaaaaaaaaaaaaaaaaaaaaaaaaaaaaaaaaaaaaaaaaaaaaaaaaaaaaaaaaaaaaaaaaaaaaaaaaaaaaaaaaaaaaaaaaaaaaaaaaaaaaaaaaaaaaaaaaaaaaaaaaaaaaaaaaaaaaaaaaaaaaaaaaaaaaaaaaaaaaaaaaaaaaaaaaaaaaaaaaaaaaaaaaaaaaaaaaaaaaaaaaaaaaaaaaaaaaaaaaaaaaaaaaaaaaaaaaaaaaaaaaaaaaaaaaaaaaaaaaaaaaaaaaaaaaaaaaaaaaaaaaaaaaaaaaaaaaaaaaaaaaaaaaaaaaaaaaaaaaaaaaaaaaaaaaaaaaaaaaaaaaaaaaaaaaaaaaaaaaaaaaaaaaaaaaaaaaaaaaaaaaaaaaaaaaaaaaaaaaaaaaaaaaaaaaaaaaaaaaaaaaaaaaaaaaaaaaaaaaaaaaaaaaaaaaaaaaaaaaaaaaaaaaaaaaaaaaaaaaaaaaaaaaaaaaaaaaaaaaaaaaaaaaaaaaaaaaaaaaaaaaaaaaaaaaaaaaaaaaaaaaaaaaaaaaaaaaaaaaaaaaaaaaaaaaaaaaaaaaaaaaaaaaaaaaaaaaaaaaaaaaaaaaaaaaaaaaaaaaaaaaaaaaaaaaaaaaaaaaaaaaaaaaaaaaaaaaaaaaaaaaaaaaaaaaaaaaaaaaaaaaaaaaaaaaaaaaaaaaaaaaaaaaaaaaaaaaaaaaaaaaaaaaaaaaaaaaaaaaaaaaaaaaaaaaaaaaaaaaaaaaaaaaaaaaaaaaaaaaaaaaaaaaaaaaaaaaaaaaaaaaaaaaaaaaaaaaaaaaaaaaaaaaaaaaaaaaaaaaaaaaaaaaaaaaaaaaaaaaaaaaaaaaaaaaaaaaaaaaaaaaaaaaaaaaaaaaaaaaaaaaaaaaaaaaaaaaaaaaaaaaaaaaaaaaaaaaaaaaaaaaaaaaaaaaaaaaaaaaaaaaaaaaaaaaaaaaaaaaaaaaaaaaaaaaaaaaaaaaaaaaaaaaaaaaaaaaaaaaaaaaaaaaaaaaaaaaaaaaaaaaaaaaaaaaaaaaaaaaaaaaaaaaaaaaaaaaaaaaaaaaaaaaaaaaaaaaaaaaaaaaaaaaaaaaaaaaaaaaaaaaaaaaaaaaaaaaaaaaaaaaaaaaaaaaaaaaaaaaaaaaaaaaaaaaaaaaaaaaaaaaaaaaaaaaaaaaaaaaaaaaaaaaaaaaaaaaaaaaaaaaaaaaaaaaaaaaaaaaaaaaaaaaaaaaaaaaaaaaaaaaaaaaaaaaaaaaaaaaaaaaaaaaaaaaaaaaaaaaaaaaaaaaaaaaaaaaaaaaaaaaaaaaaaaaaaaaaaaaaaaaaaaaaaaaaaaaaaaaaaaaaaaaaaaaaaaaaaaaaaaaaaaaaaaaaaaaaaaaaaaaaaaaaaaaaaaaaaaaaaaaaaaaaaaaaaaaaaaaaaaaaaaaaaaaaaaaaaaaaaaaaaaaaaaaaaaaaaaaaaaaaaaaaaaaaaaaaaaaaaaaaaaaaaaaaaaaaaaaaaaaaaaaaaaaaaaaaaaaaaaaaaaaaaaaaaaaaaaaaaaaaaaaaaaaaaaaaaaaaaaaaaaaaaaaaaaaaaaaaaaaaaaaaaaaaaaaaaaaaaaaaaaaaaaaaaaaaaaaaaaaaaaaaaaaaaaaaaaaaaaaaaaaaaaaaaaaaaaaaaaaaaaaaaaaaaaaaaaaaaaaaaaaaaaaaaaaaaaaaaaaaaaaaaaaaaaaaaaaaaaaaaaaaaaaaaaaaaaaaaaaaaaaaaaaaaaaaaaaaaaaaaaaaaaaaaaaaaaaaaaaaaaaaaaaaaaaaaaaaaaaaaaaaaaaaaaaaaaaaaaaaaaaaaaaaaaaaaaaaaaaaaaaaaaaaaaaaaaaaaaaaaaaaaaaaaaaaaaaaaaaaaaaaaaaaaaaaaaaaaaaaaaaaaaaaaaaaaaaaaaaaaaaaaaaaaaaaaaaaaaaaaaaaaaaaaaaaaaaaaaaaaaaaaaaaaaaaaaaaaaaaaaaaaaaaaaaaaaaaaaaaaaaaaaaaaaaaaaaaaaaaaaaaaaaaaaaaaaaaaaaaaaaaaaaaaaaaaaaaaaaaaaaaaaaaaaaaaaaaaaaaaaaaaaaaaaaaaaaaaaaaaaaaaaaaaaaaaaaaaaaaaaaaaaaaaaaaaaaaaaaaaaaaaaaaaaaaaaaaaaaaaaaaaaaaaaaaaaaaaaaaaaaaaaaaaaaaaaaaaaaaaaaaaaaaaaaaaaaaaaaaaaaaaaaaaaaaaaaaaaaaaaaaaaaaaaaaaaaaaaaaaaaaaaaaaaaaaaaaaaaaaaaaaaaaaaaaaaaaaaaaaaaaaaaaaaaaaaaaaaaaaaaaaaaaaaaaaaaaaaaaaaaaaaaaaaaaaaaaaaaaaaaaaaaaaaaaaaaaaaaaaaaaaaaaaaaaaaaaaaaaaaaaaaaaaaaaaaaaaaaaaaaaaaaaaaaaaaaaaaaaaaaaaaaaaaaaaaaaaaaaaaaaaaaaaaaaaaaaaaaaaaaaaaaaaaaaaaaaaaaaaaaaaaaaaaaaaaaaaaaaaaaaaaaaaaaaaaaaaaaaaaaaaaaaaaaaaaaaaaaaaaaaaaaaaaaaaaaaaaaaaaaaaaaaaaaaaaaaaaaaaaaaaaaaaaaaaaaaaaaaaaaaaaaaaaaaaaaaaaaaaaaaaaaaaaaaaaaaaaaaaaaaaaaaaaaaaaaaaaaaaaaaaaaaaaaaaaaaaaaaaaaaaaaaaaaaaaaaaaaaaaaaaaaaaaaaaaaaaaaaaaaaaaaaaaaaaaaaaaaaaaaaaaaaaaaaaaaaaaaaaaaaaaaaaaaaaaaaaaaaaaaaaaaaaaaaaaaaaaaaaaaaaaaaaaaaaaaaaaaaaaaaaaaaaaaaaaaaaaaaaaaaaaaaaaaaaaaaaaaaaaaaaaaaaaaaaaaaaaaaaaaaaaaaaaaaaaaaaaaaaaaaaaaaaaaaaaaaaaaaaaaaaaaaaaaaaaaaaaaaaaaaaaaaaaaaaaaaaaaaaaaaaaaaaaaaaaaaaaaaaaaaaaaaaaaaaaaaaaaaaaaaaaaaaaaaaaaaaaaaaaaaaaaaaaaaaaaaaaaaaaaaaaaaaaaaaaaaaaaaaaaaaaaaaaaaaaaaaaaaaaaaaaaaaaaaaaaaaaaaaaaaaaaaaaaaaaaaaaaaaaaaaaaaaaaaaaaaaaaaaaaaaaaaaaaaaaaaaaaaaaaaaaaaaaaaaaaaaaaaaaaaaaaaaaaaaaaaaaaaaaaaaaaaaaaaaaaaaaaaaaaaaaaaaaaaaaaaaaaaaaaaaaaaaaaaaaaaaaaaaaaaaaaaaaaaaaaaaaaaaaaaaaaaaaaaaaaaaaaaaaaaaaaaaaaaaaaaaaaaaaaaaaaaaaaaaaaaaaaaaaaaaaaaaaaaaaaaaaaaaaaaaaaaaaaaaaaaaaaaaaaaaaaaaaaaaaaaaaaaaaaaaaaaaaaaaaaaaaaaaaaaaaaaaaaaaaaaaaaaaaaaaaaaaaaaaaaaaaaaaaaaaaaaaaaaaaaaaaaaaaaaaaaaaaaaaaaaaaaaaaaaaaaaaaaaaaaaaaaaaaaaaaaaaaaaaaaaaaaaaaaaaaaaaaaaaaaaaaaaaaaaaaaaaaaaaaaaaaaaaaaaaaaaaaaaaaaaaaaaaaaaaaaaaaaaaaaaaaaaaaaaaaaaaaaaaaaaaaaaaaaaaaaaaaaaaaaaaaaaaaaaaaaaaaaaaaaaaaaaaaaaaaaaaaaaaaaaaaaaaaaaaaaaaaaaaaaaaaaaaaaaaaaaaaaaaaaaaaaaaaaaaaaaaaaaaaaaaaaaaaaaaaaaaaaaaaaaaaaaaaaaaaaaaaaaaaaaaaaaaaaaaaaaaaaaaaaaaaaaaaaaaaaaaaaaaaaaaaaaaaaaaaaaaaaaaaaaaaaaaaaaaaaaaaaaaaaaaaaaaaaaaaaaaaaaaaaaaaaaaaaaaaaaaaaaaaaaaaaaaaaaaaaaaaaaaaaaaaaaaaaaaaaaaaaaaaaaaaaaaaaaaaaaaaaaaaaaaaaaaaaaaaaaaaaaaaaaaaaaaaaaaaaaaaaaaaaaaaaaaaaaaaaaaaaaaaaaaaaaaaaaaaaaaaaaaaaaaaaaaaaaaaaaaaaaaaaaaaaaaaaaaaaaaaaaaaaaaaaaaaaaaaaaaaaaaaaaaaaaaaaaaaaaaaaaaaaaaaaaaaaaaaaaaaaaaaaaaaaaaaaaaaaaaaaaaaaaaaaaaaaaaaaaaaaaaaaaaaaaaaaaaaaaaaaaaaaaaaaaaaaaaaaaaaaaaaaaaaaaaaaaaaaaaaaaaaaaaaaaaaaaaaaaaaaaaaaaaaaaaaaaaaaaaaaaaaaaaaaaaaaaaaaaaaaaaaaaaaaaaaaaaaaaaaaaaaaaaaaaaaaaaaaaaaaaaaaaaaaaaaaaaaaaaaaaaaaaaaaaaaaaaaaaaaaaaaaaaaaaaaaaaaaaaaaaaaaaaaaaaaaaaaaaaaaaaaaaaaaaaaaaaaaaaaaaaaaaaaaaaaaaaaaaaaaaaaaaaaaaaaaaaaaaaaaaaaaaaaaaaaaaaaaaaaaaaaaaaaaaaaaaaaaaaaaaaaaaaaaaaaaaaaaaaaaaaaaaaaaaaaaaaaaaaaaaaaaaaaaaaaaaaaaaaaaaaaaaaaaaaaaaaaaaaaaaaaaaaaaaaaaaaaaaaaaaaaaaaaaaaaaaaaaaaaaaaaaaaaaaaaaaaaaaaaaaaaaaaaaaaaaaaaaaaaaaaaaaaaaaaaaaaaaaaaaaaaaaaaaaaaaaaaaaaaaaaaaaaaaaaaaaaaaaaaaaaaaaaaaaaaaaaaaaaaaaaaaaaaaaaaaaaaaaaaaaaaaaaaaaaaaaaaaaaaaaaaaaaaaaaaaaaaaaaaaaaaaaaaaaaaaaaaaaaaaaaaaaaaaaaaaaaaaaaaaaaaaaaaaaaaaaaaaaaaaaaaaaaaaaaaaaaaaaaaaaaaaaaaaaaaaaaaaaaaaaaaaaaaaaaaaaaaaaaaaaaaaaaaaaaaaaaaaaaaaaaaaaaaaaaaaaaaaaaaaaaaaaaaaaaaaaaaaaaaaaaaaaaaaaaaaaaaaaaaaaaaaaaaaaaaaaaaaaaaaaaaaaaaaaaaaaaaaaaaaaaaaaaaaaaaaaaaaaaaaaaaaaaaaaaaaaaaaaaaaaaaaaaaaaaaaaaaaaaaaaaaaaaaaaaaaaaaaaaaaaaaaaaaaaaaaaaaaaaaaaaaaaaaaaaaaaaaaaaaaaaaaaaaaaaaaaaaaaaaaaaaaaaaaaaaaaaaaaaaaaaaaaaaaaaaaaaaaaaaaaaaaaaaaaaaaaaaaaaaaaaaaaaaaaaaaaaaaaaaaaaaaaaaaaaaaaaaaaaaaaaaaaaaaaaaaaaaaaaaaaaaaaaaaaaaaaaaaaaaaaaaaaaaaaaaaaaaaaaaaaaaaaaaaaaaaaaaaaaaaaaaaaaaaaaaaaaaaaaaaaaaaaaaaaaaaaaaaaaaaaaaaaaaaaaaaaaaaaaaaaaaaaaaaaaaaaaaaaaaaaaaaaaaaaaaaaaaaaaaaaaaaaaaaaaaaaaaaaaaaaaaaaaaaaaaaaaaaaaaaaaaaaaaaaaaaaaaaaaaaaaaaaaaaaaaaaaaaaaaaaaaaaaaaaaaaaaaaaaaaaaaaaaaaaaaaaaaaaaaaaaaaaaaaaaaaaaaaaaaaaaaaaaaaaaaaaaaaaaaaaaaaaaaaaaaaaaaaaaaaaaaaaaaaaaaaaaaaaaaaaaaaaaaaaaaaaaaaaaaaaaaaaaaaaaaaaaaaaaaaaaaaaaaaaaaaaaaaaaaaaaaaaaaaaaaaaaaaaaaaaaaaaaaaaaaaaaaaaaaaaaaaaaaaaaaaaaaaaaaaaaaaaaaaaaaaaaaaaaaaaaaaaaaaaaaaaaaaaaaaaaaaaaaaaaaaaaaaaaaaaaaaaaaaaaaaaaaaaaaaaaaaaaaaaaaaaaaaaaaaaaaaaaaaaaaaaaaaaaaaaaaaaaaaaaaaaaaaaaaaaaaaaaaaaaaaaaaaaaaaaaaaaaaaaaaaaaaaaaaaaaaaaaaaaaaaaaaaaaaaaaaaaaaaaaaaaaaaaaaaaaaaaaaaaaaaaaaaaaaaaaaaaaaaaaaaaaaaaaaaaaaaaaaaaaaaaaaaaaaaaaaaaaaaaaaaaaaaaaaaaaaaaaaaaaaaaaaaaaaaaaaaaaaaaaaaaaaaaaaaaaaaaaaaaaaaaaaaaaaaaaaaaaaaaaaaaaaaaaaaaaaaaaaaaaaaaaaaaaaaaaaaaaaaaaaaaaaaaaaaaaaaaaaaaaaaaaaaaaaaaaaaaaaaaaaaaaaaaaaaaaaaaaaaaaaaaaaaaaaaaaaaaaaaaaaaaaaaaaaaaaaaaaaaaaaaaaaaaaaaaaaaaaaaaaaaaaaaaaaaaaaaaaaaaaaaaaaaaaaaaaaaaaaaaaaaaaaaaaaaaaaaaaaaaaaaaaaaaaaaaaaaaaaaaaaaaaaaaaaaaaaaaaaaaaaaaaaaaaaaaaaaaaaaaaaaaaaaaaaaaaaaaaaaaaaaaaaaaaaaaaaaaaaaaaaaaaaaaaaaaaaaaaaaaaaaaaaaaaaaaaaaaaaaaaaaaaaaaaaaaaaaaaaaaaaaaaaaaaaaaaaaaaaaaaaaaaaaaaaaaaaaaaaaaaaaaaaaaaaaaaaaaaaaaaaaaaaaaaaaaaaaaaaaaaaaaaaaaaaaaaaaaaaaaaaaaaaaaaaaaaaaaaaaaaaaaaaaaaaaaaaaaaaaaaaaaaaaaaaaaaaaaaaaaaaaaaaaaaaaaaaaaaaaaaaaaaaaaaaaaaaaaaaaaaaaaaaaaaaaaaaaaaaaaaaaaaaaaaaaaaaaaaaaaaaaaaaaaaaaaaaaaaaaaaaaaaaaaaaaaaaaaaaaaaaaaaaaaaaaaaaaaaaaaaaaaaaaaaaaaaaaaaaaaaaaaaaaaaaaaaaaaaaaaaaaaaaaaaaaaaaaaaaaaaaaaaaaaaaaaaaaaaaaaaaaaaaaaaaaaaaaaaaaaaaaaaaaaaaaaaaaaaaaaaaaaaaaaaaaaaaaaaaaaaaaaaaaaaaaaaaaaaaaaaaaaaaaaaaaaaaaaaaaaaaaaaaaaaaaaaaaaaaaaaaaaaaaaaaaaaaaaaaaaaaaaaaaaaaaaaaaaaaaaaaaaaaaaaaaaaaaaaaaaaaaaaaaaaaaaaaaaaaaaaaaaaaaaaaaaaaaaaaaaaaaaaaaaaaaaaaaaaaaaaaaaaaaaaaaaaaaaaaaaaaaaaaaaaaaaaaaaaaaaaaaaaaaaaaaaaaaaaaaaaaaaaaaaaaaaaaaaaaaaaaaaaaaaaaaaaaaaaaaaaaaaaaaaaaaaaaaaaaaaaaaaaaaaaaaaaaaaaaaaaaaaaaaaaaaaaaaaaaaaaaaaaaaaaaaaaaaaaaaaaaaaaaaaaaaaaaaaaaaaaaaaaaaaaaaaaaaaaaaaaaaaaaaaaaaaaaaaaaaaaaaaaaaaaaaaaaaaaaaaaaaaaaaaaaaaaaaaaaaaaaaaaaaaaaaaaaaaaaaaaaaaaaaaaaaaaaaaaaaaaaaaaaaaaaaaaaaaaaaaaaaaaaaaaaaaaaaaaaaaaaaaaaaaaaaaaaaaaaaaaaaaaaaaaaaaaaaaaaaaaaaaaaaaaaaaaaaaaaaaaaaaaaaaaaaaaaaaaaaaaaaaaaaaaaaaaaaaaaaaaaaaaaaaaaaaaaaaaaaaaaaaaaaaaaaaaaaaaaaaaaaaaaaaaaaaaaaaaaaaaaaaaaaaaaaaaaaaaaaaaaaaaaaaaaaaaaaaaaaaaaaaaaaaaaaaaaaaaaaaaaaaaaaaaaaaaaaaaaaaaaaaaaaaaaaaaaaaaaaaaaaaaaaaaaaaaaaaaaaaaaaaaaaaaaaaaaaaaaaaaaaaaaaaaaaaaaaaaaaaaaaaaaaaaaaaaaaaaaaaaaaaaaaaaaaaaaaaaaaaaaaaaaaaaaaaaaaaaaaaaaaaaaaaaaaaaaaaaaaaaaaaaaaaaaaaaaaaaaaaaaaaaaaaaaaaaaaaaaaaaaaaaaaaaaaaaaaaaaaaaaaaaaaaaaaaaaaaaaaaaaaaaaaaaaaaaaaaaaaaaaaaaaaaaaaaaaaaaaaaaaaaaaaaaaaaaaaaaaaaaaaaaaaaaaaaaaaaaaaaaaaaaaaaaaaaaaaaaaaaaaaaaaaaaaaaaaaaaaaaaaaaaaaaaaaaaaaaaaaaaaaaaaaaaaaaaaaaaaaaaaaaaaaaaaaaaaaaaaaaaaaaaaaaaaaaaaaaaaaaaaaaaaaaaaaaaaaaaaaaaaaaaaaaaaaaaaaaaaaaaaaaaaaaaaaaaaaaaaaaaaaaaaaaaaaaaaaaaaaaaaaaaaaaaaaaaaaaaaaaaaaaaaaaaaaaaaaaaaaaaaaaaaaaaaaaaaaaaaaaaaaaaaaaaaaaaaaaaaaaaaaaaaaaaaaaaaaaaaaaaaaaaaaaaaaaaaaaaaaaaaaaaaaaaaaaaaaaaaaaaaaaaaaaaaaaaaaaaaaaaaaaaaaaaaaaaaaaaaaaaaaaaaaaaaaaaaaaaaaaaaaaaaaaaaaaaaaaaaaaaaaaaaaaaaaaaaaaaaaaaaaaaaaaaaaaaaaaaaaaaaaaaaaaaaaaaaaaaaaaaaaaaaaaaaaaaaaaaaaaaaaaaaaaaaaaaaaaaaaaaaaaaaaaaaaaaaaaaaaaaaaaaaaaaaaaaaaaaaaaaaaaaaaaaaaaaaaaaaaaaaaaaaaaaaaaaaaaaaaaaaaaaaaaaaaaaaaaaaaaaaaaaaaaaaaaaaaaaaaaaaaaaaaaaaaaaaaaaaaaaaaaaaaaaaaaaaaaaaaaaaaaaaaaaaaaaaaaaaaaaaaaaaaaaaaaaaaaaaaaaaaaaaaaaaaaaaaaaaaaaaaaaaaaaaaaaaaaaaaaaaaaaaaaaaaaaaaaaaaaaaaaaaaaaaaaaaaaaaaaaaaaaaaaaaaaaaaaaaaaaaaaaaaaaaaaaaaaaaaaaaaaaaaaaaaaaaaaaaaaaaaaaaaaaaaaaaaaaaaaaaaaaaaaaaaaaaaaaaaaaaaaaaaaaaaaaaaaaaaaaaaaaaaaaaaaaaaaaaaaaaaaaaaaaaaaaaaaaaaaaaaaaaaaaaaaaaaaaaaaaaaaaaaaaaaaaaaaaaaaaaaaaaaaaaaaaaaaaaaaaaaaaaaaaaaaaaaaaaaaaaaaaaaaaaaaaaaaaaaaaaaaaaaaaaaaaaaaaaaaaaaaaaaaaaaaaaaaaaaaaaaaaaaaaaaaaaaaaaaaaaaaaaaaaaaaaaaaaaaaaaaaaaaaaaaaaaaaaaaaaaaaaaaaaaaaaaaaaaaaaaaaaaaaaaaaaaaaaaaaaaaaaaaaaaaaaaaaaaaaaaaaaaaaaaaaaaaaaaaaaaaaaaaaaaaaaaaaaaaaaaaaaaaaaaaaaaaaaaaaaaaaaaaaaaaaaaaaaaaaaaaaaaaaaaaaaaaaaaaaaaaaaaaaaaaaaaaaaaaaaaaaaaaaaaaaaaaaaaaaaaaaaaaaaaaaaaaaaaaaaaaaaaaaaaaaaaaaaaaaaaaaaaaaaaaaaaaaaaaaaaaaaaaaaaaaaaaaaaaaaaaaaaaaaaaaaaaaaaaaaaaaaaaaaaaaaaaaaaaaaaaaaaaaaaaaaaaaaaaaaaaaaaaaaaaaaaaaaaaaaaaaaaaaaaaaaaaaaaaaaaaaaaaaaaaaaaaaaaaaaaaaaaaaaaaaaaaaaaaaaaaaaaaaaaaaaaaaaaaaaaaaaaaaaaaaaaaaaaaaaaaaaaaaaaaaaaaaaaaaaaaaaaaaaaaaaaaaaaaaaaaaaaaaaaaaaaaaaaaaaaaaaaaaaaaaaaaaaaaaaaaaaaaaaaaaaaaaaaaaaaaaaaaaaaaaaaaaaaaaaaaaaaaaaaaaaaaaaaaaaaaaaaaaaaaaaaaaaaaaaaaaaaaaaaaaaaaaaaaaaaaaaaaaaaaaaaaaaaaaaaaaaaaaaaaaaaaaaaaaaaaaaaaaaaaaaaaaaaaaaaaaaaaaaaaaaaaaaaaaaaaaaaaaaaaaaaaaaaaaaaaaaaaaaaaaaaaaaaaaaaaaaaaaaaaaaaaaaaaaaaaaaaaaaaaaaaaaaaaaaaaaaaaaaaaaaaaaaaaaaaaaaaaaaaaaaaaaaaaaaaaaaaaaaaaaaaaaaaaaaaaaaaaaaaaaaaaaaaaaaaaaaaaaaaaaaaaaaaaaaaaaaaaaaaaaaaaaaaaaaaaaaaaaaaaaaaaaaaaaaaaaaaaaaaaaaaaaaaaaaaaaaaaaaaaaaaaaaaaaaaaaaaaaaaaaaaaaaaaaaaaaaaaaaaaaaaaaaaaaaaaaaaaaaaaaaaaaaaaaaaaaaaaaaaaaaaaaaaaaaaaaaaaaaaaaaaaaaaaaaaaaaaaaaaaaaaaaaaaaaaaaaaaaaaaaaaaaaaaaaaaaaaaaaaaaaaaaaaaaaaaaaaaaaaaaaaaaaaaaaaaaaaaaaaaaaaaaaaaaaaaaaaaaaaaaaaaaaaaaaaaaaaaaaaaaaaaaaaaaaaaaaaaaaaaaaaaaaaaaaaaaaaaaaaaaaaaaaaaaaaaaaaaaaaaaaaaaaaaaaaaaaaaaaaaaaaaaaaaaaaaaaaaaaaaaaaaaaaaaaaaaaaaaaaaaaaaaaaaaaaaaaaaaaaaaaaaaaaaaaaaaaaaaaaaaaaaaaaaaaaaaaaaaaaaaaaaaaaaaaaaaaaaaaaaaaaaaaaaaaaaaaaaaaaaaaaaaaaaaaaaaaaaaaaaaaaaaaaaaaaaaaaaaaaaaaaaaaaaaaaaaaaaaaaaaaaaaaaaaaaaaaaaaaaaaaaaaaaaaaaaaaaaaaaaaaaaaaaaaaaaaaaaaaaaaaaaaaaaaaaaaaaaaaaaaaaaaaaaaaaaaaaaaaaaaaaaaaaaaaaaaaaaaaaaaaaaaaaaaaaaaaaaaaaaaaaaaaaaaaaaaaaaaaaaaaaaaaaaaaaaaaaaaaaaaaaaaaaaaaaaaaaaaaaaaaaaaaaaaaaaaaaaaaaaaaaaaaaaaaaaaaaaaaaaaaaaaaaaaaaaaaaaaaaaaaaaaaaaaaaaaaaaaaaaaaaaaaaaaaaaaaaaaaaaaaaaaaaaaaaaaaaaaaaaaaaaaaaaaaaaaaaaaaaaaaaaaaaaaaaaaaaaaaaaaaaaaaaaaaaaaaaaaaaaaaaaaaaaaaaaaaaaaaaaaaaaaaaaaaaaaaaaaaaaaaaaaaaaaaaaaaaaaaaaaaaaaaaaaaaaaaaaaaaaaaaaaaaaaaaaaaaaaaaaaaaaaaaaaaaaaaaaaaaaaaaaaaaaaaaaaaaaaaaaaaaaaaaaaaaaaaaaaaaaaaaaaaaaaaaaaaaaaaaaaaaaaaaaaaaaaaaaaaaaaaaaaaaaaaaaaaaaaaaaaaaaaaaaaaaaaaaaaaaaaaaaaaaaaaaaaaaaaaaaaaaaaaaaaaaaaaaaaaaaaaaaaaaaaaaaaaaaaaaaaaaaaaaaaaaaaaaaaaaaaaaaaaaaaaaaaaaaaaaaaaaaaaaaaaaaaaaaaaaaaaaaaaaaaaaaaaaaaaaaaaaaaaaaaaaaaaaaaaaaaaaaaaaaaaaaaaaaaaaaaaaaaaaaaaaaaaaaaaaaaaaaaaaaaaaaaaaaaaaaaaaaaaaaaaaaaaaaaaaaaaaaaaaaaaaaaaaaaaaaaaaaaaaaaaaaaaaaaaaaaaaaaaaaaaaaaaaaaaaaaaaaaaaaaaaaaaaaaaaaaaaaaaaaaaaaaaaaaaaaaaaaaaaaaaaaaaaaaaaaaaaaaaaaaaaaaaaaaaaaaaaaaaaaaaaaaaaaaaaaaaaaaaaaaaaaaaaaaaaaaaaaaaaaaaaaaaaaaaaaaaaaaaaaaaaaaaaaaaaaaaaaaaaaaaaaaaaaaaaaaaaaaaaaaaaaaaaaaaaaaaaaaaaaaaaaaaaaaaaaaaaaaaaaaaaaaaaaaaaaaaaaaaaaaaaaaaaaaaaaaaaaaaaaaaaaaaaaaaaaaaaaaaaaaaaaaaaaaaaaaaaaaaaaaaaaaaaaaaaaaaaaaaaaaaaaaaaaaaaaaaaaaaaaaaaaaaaaaaaaaaaaaaaaaaaaaaaaaaaaaaaaaaaaaaaaaaaaaaaaaaaaaaaaaaaaaaaaaaaaaaaaaaaaaaaaaaaaaaaaaaaaaaaaaaaaaaaaaaaaaaaaaaaaaaaaaaaaaaaaaaaaaaaaaaaaaaaaaaaaaaaaaaaaaaaaaaaaaaaaaaaaaaaaaaaaaaaaaaaaaaaaaaaaaaaaaaaaaaaaaaaaaaaaaaaaaaaaaaaaaaaaaaaaaaaaaaaaaaaaaaaaaaaaaaaaaaaaaaaaaaaaaaaaaaaaaaaaaaaaaaaaaaaaaaaaaaaaaaaaaaaaaaaaaaaaaaaaaaaaaaaaaaaaaaaaaaaaaaaaaaaaaaaaaaaaaaaaaaaaaaaaaaaaaaaaaaaaaaaaaaaaaaaaaaaaaaaaaaaaaaaaaaaaaaaaaaaaaaaaaaaaaaaaaaaaaaaaaaaaaaaaaaaaaaaaaaaaaaaaaaaaaaaaaaaaaaaaaaaaaaaaaaaaaaaaaaaaaaaaaaaaaaaaaaaaaaaaaaaaaaaaaaaaaaaaaaaaaaaaaaaaaaaaaaaaaaaaaaaaaaaaaaaaaaaaaaaaaaaaaaaaaaaaaaaaaaaaaaaaaaaaaaaaaaaaaaaaaaaaaaaaaaaaaaaaaaaaaaaaaaaaaaaaaaaaaaaaaaaaaaaaaaaaaaaaaaaaaaaaaaaaaaaaaaaaaaaaaaaaaaaaaaaaaaaaaaaaaaaaaaaaaaaaaaaaaaaaaaaaaaaaaaaaaaaaaaaaaaaaaaaaaaaaaaaaaaaaaaaaaaaaaaaaaaaaaaaaaaaaaaaaaaaaaaaaaaaaaaaaaaaaaaaaaaaaaaaaaaaaaaaaaaaaaaaaaaaaaaaaaaaaaaaaaaaaaaaaaaaaaaaaaaaaaaaaaaaaaaaaaaaaaaaaaaaaaaaaaaaaaaaaaaaaaaaaaaaaaaaaaaaaaaaaaaaaaaaaaaaaaaaaaaaaaaaaaaaaaaaaaaaaaaaaaaaaaaaaaaaaaaaaaaaaaaaaaaaaaaaaaaaaaaaaaaaaaaaaaaaaaaaaaaaaaaaaaaaaaaaaaaaaaaaaaaaaaaaaaaaaaaaaaaaaaaaaaaaaaaaaaaaaaaaaaaaaaaaaaaaaaaaaaaaaaaaaaaaaaaaaaaaaaaaaaaaaaaaaaaaaaaaaaaaaaaaaaaaaaaaaaaaaaaaaaaaaaaaaaaaaaaaaaaaaaaaaaaaaaaaaaaaaaaaaaaaaaaaaaaaaaaaaaaaaaaaaaaaaaaaaaaaaaaaaaaaaaaaaaaaaaaaaaaaaaaaaaaaaaaaaaaaaaaaaaaaaaaaaaaaaaaaaaaaaaaaaaaaaaaaaaaaaaaaaaaaaaaaaaaaaaaaaaaaaaaaaaaaaaaaaaaaaaaaaaaaaaaaaaaaaaaaaaaaaaaaaaaaaaaaaaaaaaaaaaaaaaaaaaaaaaaaaaaaaaaaaaaaaaaaaaaaaaaaaaaaaaaaaaaaaaaaaaaaaaaaaaaaaaaaaaaaaaaaaaaaaaaaaaaaaaaaaaaaaaaaaaaaaaaaaaaaaaaaaaaaaaaaaaaaaaaaaaaaaaaaaaaaaaaaaaaaaaaaaaaaaaaaaaaaaaaaaaaaaaaaaaaaaaaaaaaaaaaaaaaaaaaaaaaaaaaaaaaaaaaaaaaaaaaaaaaaaaaaaaaaaaaaaaaaaaaaaaaaaaaaaaaaaaaaaaaaaaaaaaaaaaaaaaaaaaaaaaaaaaaaaaaaaaaaaaaaaaaaaaaaaaaaaaaaaaaaaaaaaaaaaaaaaaaaaaaaaaaaaaaaaaaaaaaaaaaaaaaaaaaaaaaaaaaaaaaaaaaaaaaaaaaaaaaaaaaaaaaaaaaaaaaaaaaaaaaaaaaaaaaaaaaaaaaaaaaaaaaaaaaaaaaaaaaaaaaaaaaaaaaaaaaaaaaaaaaaaaaaaaaaaaaaaaaaaaaaaaaaaaaaaaaaaaaaaaaaaaaaaaaaaaaaaaaaaaaaaaaaaaaaaaaaaaaaaaaaaaaaaaaaaaaaaaaaaaaaaaaaaaaaaaaaaaaaaaaaaaaaaaaaaaaaaaaaaaaaaaaaaaaaaaaaaaaaaaaaaaaaaaaaaaaaaaaaaaaaaaaaaaaaaaaaaaaaaaaaaaaaaaaaaaaaaaaaaaaaaaaaaaaaaaaaaaaaaaaaaaaaaaaaaaaaaaaaaaaaaaaaaaaaaaaaaaaaaaaaaaaaaaaaaaaaaaaaaaaaaaaaaaaaaaaaaaaaaaaaaaaaaaaaaaaaaaaaaaaaaaaaaaaaaaaaaaaaaaaaaaaaaaaaaaaaaaaaaaaaaaaaaaaaaaaaaaaaaaaaaaaaaaaaaaaaaaaaaaaaaaaaaaaaaaaaaaaaaaaaaaaaaaaaaaaaaaaaaaaaaaaaaaaaaaaaaaaaaaaaaaaaaaaaaaaaaaaaaaaaaaaaaaaaaaaaaaaaaaaaaaaaaaaaaaaaaaaaaaaaaaaaaaaaaaaaaaaaaaaaaaaaaaaaaaaaaaaaaaaaaaaaaaaaaaaaaaaaaaaaaaaaaaaaaaaaaaaaaaaaaaaaaaaaaaaaaaaaaaaaaaaaaaaaaaaaaaaaaaaaaaaaaaaaaaaaaaaaaaaaaaaaaaaaaaaaaaaaaaaaaaaaaaaaaaaaaaaaaaaaaaaaaaaaaaaaaaaaaaaaaaaaaaaaaaaaaaaaaaaaaaaaaaaaaaaaaaaaaaaaaaaaaaaaaaaaaaaaaaaaaaaaaaaaaaaaaaaaaaaaaaaaaaaaaaaaaaaaaaaaaaaaaaaaaaaaaaaaaaaaaaaaaaaaaaaaaaaaaaaaaaaaaaaaaaaaaaaaaaaaaaaaaaaaaaaaaaaaaaaaaaaaaaaaaaaaaaaaaaaaaaaaaaaaaaaaaaaaaaaaaaaaaaaaaaaaaaaaaaaaaaaaaaaaaaaaaaaaaaaaaaaaaaaaaaaaaaaaaaaaaaaaaaaaaaaaaaaaaaaaaaaaaaaaaaaaaaaaaaaaaaaaaaaaaaaaaaaaaaaaaaaaaaaaaaaaaaaaaaaaaaaaaaaaaaaaaaaaaaaaaaaaaaaaaaaaaaaaaaaaaaaaaaaaaaaaaaaaaaaaaaaaaaaaaaaaaaaaaaaaaaaaaaaaaaaaaaaaaaaaaaaaaaaaaaaaaaaaaaaaaaaaaaaaaaaaaaaaaaaaaaaaaaaaaaaaaaaaaaaaaaaaaaaaaaaaaaaaaaaaaaaaaaaaaaaaaaaaaaaaaaaaaaaaaaaaaaaaaaaaaaaaaaaaaaaaaaaaaaaaaaaaaaaaaaaaaaaaaaaaaaaaaaaaaaaaaaaaaaaaaaaaaaaaaaaaaaaaaaaaaaaaaaaaaaaaaaaaaaaaaaaaaaaaaaaaaaaaaaaaaaaaaaaaaaaaaaaaaaaaaaaaaaaaaaaaaaaaaaaaaaaaaaaaaaaaaaaaaaaaaaaaaaaaaaaaaaaaaaaaaaaaaaaaaaaaaaaaaaaaaaaaaaaaaaaaaaaaaaaaaaaaaaaaaaaaaaaaaaaaaaaaaaaaaaaaaaaaaaaaaaaaaaaaaaaaaaaaaaaaaaaaaaaaaaaaaaaaaaaaaaaaaaaaaaaaaaaaaaaaaaaaaaaaaaaaaaaaaaaaaaaaaaaaaaaaaaaaaaaaaaaaaaaaaaaaaaaaaaaaaaaaaaaaaaaaaaaaaaaaaaaaaaaaaaaaaaaaaaaaaaaaaaaaaaaaaaaaaaaaaaaaaaaaaaaaaaaaaaaaaaaaaaaaaaaaaaaaaaaaaaaaaaaaaaaaaaaaaaaaaaaaaaaaaaaaaaaaaaaaaaaaaaaaaaaaaaaaaaaaaaaaaaaaaaaaaaaaaaaaaaaaaaaaaaaaaaaaaaaaaaaaaaaaaaaaaaaaaaaaaaaaaaaaaaaaaaaaaaaaaaaaaaaaaaaaaaaaaaaaaaaaaaaaaaaaaaaaaaaaaaaaaaaaaaaaaaaaaaaaaaaaaaaaaaaaaaaaaaaaaaaaaaaaaaaaaaaaaaaaaaaaaaaaaaaaaaaaaaaaaaaaaaaaaaaaaaaaaaaaaaaaaaaaaaaaaaaaaaaaaaaaaaaaaaaaaaaaaaaaaaaaaaaaaaaaaaaaaaaaaaaaaaaaaaaaaaaaaaaaaaaaaaaaaaaaaaaaaaaaaaaaaaaaaaaaaaaaaaaaaaaaaaaaaaaaaaaaaaaaaaaaaaaaaaaaaaaaaaaaaaaaaaaaaaaaaaaaaaaaaaaaaaaaaaaaaaaaaaaaaaaaaaaaaaaaaaaaaaaaaaaaaaaaaaaaaaaaaaaaaaaaaaaaaaaaaaaaaaaaaaaaaaaaaaaaaaaaaaaaaaaaaaaaaaaaaaaaaaaaaaaaaaaaaaaaaaaaaaaaaaaaaaaaaaaaaaaaaaaaaaaaaaaaaaaaaaaaaaaaaaaaaaaaaaaaaaaaaaaaaaaaaaaaaaaaaaaaaaaaaaaaaaaaaaaaaaaaaaaaaaaaaaaaaaaaaaaaaaaaaaaaaaaaaaaaaaaaaaaaaaaaaaaaaaaaaaaaaaaaaaaaaaaaaaaaaaaaaaaaaaaaaaaaaaaaaaaaaaaaaaaaaaaaaaaaaaaaaaaaaaaaaaaaaaaaaaaaaaaaaaaaaaaaaaaaaaaaaaaaaaaaaaaaaaaaaaaaaaaaaaaaaaaaaaaaaaaaaaaaaaaaaaaaaaaaaaaaaaaaaaaaaaaaaaaaaaaaaaaaaaaaaaaaaaaaaaaaaaaaaaaaaaaaaaaaaaaaaaaaaaaaaaaaaaaaaaaaaaaaaaaaaaaaaaaaaaaaaaaaaaaaaaaaaaaaaaaaaaaaaaaaaaaaaaaaaaaaaaaaaaaaaaaaaaaaaaaaaaaaaaaaaaaaaaaaaaaaaaaaaaaaaaaaaaaaaaaaaaaaaaaaaaaaaaaaaaaaaaaaaaaaaaaaaaaaaaaaaaaaaaaaaaaaaaaaaaaaaaaaaaaaaaaaaaaaaaaaaaaaaaaaaaaaaaaaaaaaaaaaaaaaaaaaaaaaaaaaaaaaaaaaaaaaaaaaaaaaaaaaaaaaaaaaaaaaaaaaaaaaaaaaaaaaaaaaaaaaaaaaaaaaaaaaaaaaaaaaaaaaaaaaaaaaaaaaaaaaaaaaaaaaaaaaaaaaaaaaaaaaaaaaaaaaaaaaaaaaaaaaaaaaaaaaaaaaaaaaaaaaaaaaaaaaaaaaaaaaaaaaaaaaaaaaaaaaaaaaaaaaaaaaaaaaaaaaaaaaaaaaaaaaaaaaaaaaaaaaaaaaaaaaaaaaaaaaaaaaaaaaaaaaaaaaaaaaaaaaaaaaaaaaaaaaaaaaaaaaaaaaaaaaaaaaaaaaaaaaaaaaaaaaaaaaaaaaaaaaaaaaaaaaaaaaaaaaaaaaaaaaaaaaaaaaaaaaaaaaaaaaaaaaaaaaaaaaaaaaaaaaaaaaaaaaaaaaaaaaaaaaaaaaaaaaaaaaaaaaaaaaaaaaaaaaaaaaaaaaaaaaaaaaaaaaaaaaaaaaaaaaaaaaaaaaaaaaaaaaaaaaaaaaaaaaaaaaaaaaaaaaaaaaaaaaaaaaaaaaaaaaaaaaaaaaaaaaaaaaaaaaaaaaaaaaaaaaaaaaaaaaaaaaaaaaaaaaaaaaaaaaaaaaaaaaaaaaaaaaaaaaaaaaaaaaaaaaaaaaaaaaaaaaaaaaaaaaaaaaaaaaaaaaaaaaaaaaaaaaaaaaaaaaaaaaaaaaaaaaaaaaaaaaaaaaaaaaaaaaaaaaaaaaaaaaaaaaaaaaaaaaaaaaaaaaaaaaaaaaaaaaaaaaaaaaaaaaaaaaaaaaaaaaaaaaaaaaaaaaaaaaaaaaaaaaaaaaaaaaaaaaaaaaaaaaaaaaaaaaaaaaaaaaaaaaaaaaaaaaaaaaaaaaaaaaaaaaaaaaaaaaaaaaaaaaaaaaaaaaaaaaaaaaaaaaaaaaaaaaaaaaaaaaaaaaaaaaaaaaaaaaaaaaaaaaaaaaaaaaaaaaaaaaaaaaaaaaaaaaaaaaaaaaaaaaaaaaaaaaaaaaaaaaaaaaaaaaaaaaaaaaaaaaaaaaaaaaaaaaaaaaaaaaaaaaaaaaaaaaaaaaaaaaaaaaaaaaaaaaaaaaaaaaaaaaaaaaaaaaaaaaaaaaaaaaaaaaaaaaaaaaaaaaaaaaaaaaaaaaaaaaaaaaaaaaaaaaaaaaaaaaaaaaaaaaaaaaaaaaaaaaaaaaaaaaaaaaaaaaaaaaaaaaaaaaaaaaaaaaaaaaaaaaaaaaaaaaaaaaaaaaaaaaaaaaaaaaaaaaaaaaaaaaaaaaaaaaaaaaaaaaaaaaaaaaaaaaaaaaaaaaaaaaaaaaaaaaaaaaaaaaaaaaaaaaaaaaaaaaaaaaaaaaaaaaaaaaaaaaaaaaaaaaaaaaaaaaaaaaaaaaaaaaaaaaaaaaaaaaaaaaaaaaaaaaaaaaaaaaaaaaaaaaaaaaaaaaaaaaaaaaaaaaaaaaaaaaaaaaaaaaaaaaaaaaaaaaaaaaaaaaaaaaaaaaaaaaaaaaaaaaaaaaaaaaaaaaaaaaaaaaaaaaaaaaaaaaaaaaaaaaaaaaaaaaaaaaaaaaaaaaaaaaaaaaaaaaaaaaaaaaaaaaaaaaaaaaaaaaaaaaaaaaaaaaaaaaaaaaaaaaaaaaaaaaaaaaaaaaaaaaaaaaaaaaaaaaaaaaaaaaaaaaaaaaaaaaaaaaaaaaaaaaaaaaaaaaaaaaaaaaaaaaaaaaaaaaaaaaaaaaaaaaaaaaaaaaaaaaaaaaaaaaaaaaaaaaaaaaaaaaaaaaaaaaaaaaaaaaaaaaaaaaaaaaaaaaaaaaaaaaaaaaaaaaaaaaaaaaaaaaaaaaaaaaaaaaaaaaaaaaaaaaaaaaaaaaaaaaaaaaaaaaaaaaaaaaaaaaaaaaaaaaaaaaaaaaaaaaaaaaaaaaaaaaaaaaaaaaaaaaaaaaaaaaaaaaaaaaaaaaaaaaaaaaaaaaaaaaaaaaaaaaaaaaaaaaaaaaaaaaaaaaaaaaaaaaaaaaaaaaaaaaaaaaaaaaaaaaaaaaaaaaaaaaaaaaaaaaaaaaaaaaaaaaaaaaaaaaaaaaaaaaaaaaaaaaaaaaaaaaaaaaaaaaaaaaaaaaaaaaaaaaaaaaaaaaaaaaaaaaaaaaaaaaaaaaaaaaaaaaaaaaaaaaaaaaaaaaaaaaaaaaaaaaaaaaaaaaaaaaaaaaaaaaaaaaaaaaaaaaaaaaaaaaaaaaaaaaaaaaaaaaaaaaaaaaaaaaaaaaaaaaaaaaaaaaaaaaaaaaaaaaaaaaaaaaaaaaaaaaaaaaaaaaaaaaaaaaaaaaaaaaaaaaaaaaaaaaaaaaaaaaaaaaaaaaaaaaaaaaaaaaaaaaaaaaaaaaaaaaaaaaaaaaaaaaaaaaaaaaaaaaaaaaaaaaaaaaaaaaaaaaaaaaaaaaaaaaaaaaaaaaaaaaaaaaaaaaaaaaaaaaaaaaaaaaaaaaaaaaaaaaaaaaaaaaaaaaaaaaaaaaaaaaaaaaaaaaaaaaaaaaaaaaaaaaaaaaaaaaaaaaaaaaaaaaaaaaaaaaaaaaaaaaaaaaaaaaaaaaaaaaaaaaaaaaaaaaaaaaaaaaaaaaaaaaaaaaaaaaaaaaaaaaaaaaaaaaaaaaaaaaaaaaaaaaaaaaaaaaaaaaaaaaaaaaaaaaaaaaaaaaaaaaaaaaaaaaaaaaaaaaaaaaaaaaaaaaaaaaaaaaaaaaaaaaaaaaaaaaaaaaaaaaaaaaaaaaaaaaaaaaaaaaaaaaaaaaaaaaaaaaaaaaaaaaaaaaaaaaaaaaaaaaaaaaaaaaaaaaaaaaaaaaaaaaaaaaaaaaaaaaaaaaaaaaaaaaaaaaaaaaaaaaaaaaaaaaaaaaaaaaaaaaaaaaaaaaaaaaaaaaaaaaaaaaaaaaaaaaaaaaaaaaaaaaaaaaaaaaaaaaaaaaaaaaaaaaaaaaaaaaaaaaaaaaaaaaaaaaaaaaaaaaaaaaaaaaaaaaaaaaaaaaaaaaaaaaaaaaaaaaaaaaaaaaaaaaaaaaaaaaaaaaaaaaaaaaaaaaaaaaaaaaaaaaaaaaaaaaaaaaaaaaaaaaaaaaaaaaaaaaaaaaaaaaaaaaaaaaaaaaaaaaaaaaaaaaaaaaaaaaaaaaaaaaaaaaaaaaaaaaaaaaaaaaaaaaaaaaaaaaaaaaaaaaaaaaaaaaaaaaaaaaaaaaaaaaaaaaaaaaaaaaaaaaaaaaaaaaaaaaaaaaaaaaaaaaaaaaaaaaaaaaaaaaaaaaaaaaaaaaaaaaaaaaaaaaaaaaaaaaaaaaaaaaaaaaaaaaaaaaaaaaaaaaaaaaaaaaaaaaaaaaaaaaaaaaaaaaaaaaaaaaaaaaaaaaaaaaaaaaaaaaaaaaaaaaaaaaaaaaaaaaaaaaaaaaaaaaaaaaaaaaaaaaaaaaaaaaaaaaaaaaaaaaaaaaaaaaaaaaaaaaaaaaaaaaaaaaaaaaaaaaaaaaaaaaaaaaaaaaaaaaaaaaaaaaaaaaaaaaaaaaaaaaaaaaaaaaaaaaaaaaaaaaaaaaaaaaaaaaaaaaaaaaaaaaaaaaaaaaaaaaaaaaaaaaaaaaaaaaaaaaaaaaaaaaaaaaaaaaaaaaaaaaaaaaaaaaaaaaaaaaaaaaaaaaaaaaaaaaaaaaaaaaaaaaaaaaaaaaaaaaaaaaaaaaaaaaaaaaaaaaaaaaaaaaaaaaaaaaaaaaaaaaaaaaaaaaaaaaaaaaaaaaaaaaaaaaaaaaaaaaaaaaaaaaaaaaaaaaaaaaaaaaaaaaaaaaaaaaaaaaaaaaaaaaaaaaaaaaaaaaaaaaaaaaaaaaaaaaaaaaaaaaaaaaaaaaaaaaaaaaaaaaaaaaaaaaaaaaaaaaaaaaaaaaaaaaaaaaaaaaaaaaaaaaaaaaaaaaaaaaaaaaaaaaaaaaaaaaaaaaaaaaaaaaaaaaaaaaaaaaaaaaaaaaaaaaaaaaaaaaaaaaaaaaaaaaaaaaaaaaaaaaaaaaaaaaaaaaaaaaaaaaaaaaaaaaaaaaaaaaaaaaaaaaaaaaaaaaaaaaaaaaaaaaaaaaaaaaaaaaaaaaaaaaaaaaaaaaaaaaaaaaaaaaaaaaaaaaaaaaaaaaaaaaaaaaaaaaaaaaaaaaaaaaaaaaaaaaaaaaaaaaaaaaaaaaaaaaaaaaaaaaaaaaaaaaaaaaaaaaaaaaaaaaaaaaaaaaaaaaaaaaaaaaaaaaaaaaaaaaaaaaaaaaaaaaaaaaaaaaaaaaaaaaaaaaaaaaaaaaaaaaaaaaaaaaaaaaaaaaaaaaaaaaaaaaaaaaaaaaaaaaaaaaaaaaaaaaaaaaaaaaaaaaaaaaaaaaaaaaaaaaaaaaaaaaaaaaaaaaaaaaaaaaaaaaaaaaaaaaaaaaaaaaaaaaaaaaaaaaaaaaaaaaaaaaaaaaaaaaaaaaaaaaaaaaaaaaaaaaaaaaaaaaaaaaaaaaaaaaaaaaaaaaaaaaaaaaaaaaaaaaaaaaaaaaaaaaaaaaaaaaaaaaaaaaaaaaaaaaaaaaaaaaaaaaaaaaaaaaaaaaaaaaaaaaaaaaaaaaaaaaaaaaaaaaaaaaaaaaaaaaaaaaaaaaaaaaaaaaaaaaaaaaaaaaaaaaaaaaaaaaaaaaaaaaaaaaaaaaaaaaaaaaaaaaaaaaaaaaaaaaaaaaaaaaaaaaaaaaaaaaaaaaaaaaaaaaaaaaaaaaaaaaaaaaaaaaaaaaaaaaaaaaaaaaaaaaaaaaaaaaaaaaaaaaaaaaaaaaaaaaaaaaaaaaaaaaaaaaaaaaaaaaaaaaaaaaaaaaaaaaaaaaaaaaaaaaaaaaaaaaaaaaaaaaaaaaaaaaaaaaaaaaaaaaaaaaaaaaaaaaaaaaaaaaaaaaaaaaaaaaaaaaaaaaaaaaaaaaaaaaaaaaaaaaaaaaaaaaaaaaaaaaaaaaaaaaaaaaaaaaaaaaaaaaaaaaaaaaaaaaaaaaaaaaaaaaaaaaaaaaaaaaaaaaaaaaaaaaaaaaaaaaaaaaaaaaaaaaaaaaaaaaaaaaaaaaaaaaaaaaaaaaaaaaaaaaaaaaaaaaaaaaaaaaaaaaaaaaaaaaaaaaaaaaaaaaaaaaaaaaaaaaaaaaaaaaaaaaaaaaaaaaaaaaaaaaaaaaaaaaaaaaaaaaaaaaaaaaaaaaaaaaaaaaaaaaaaaaaaaaaaaaaaaaaaaaaaaaaaaaaaaaaaaaaaaaaaaaaaaaaaaaaaaaaaaaaaaaaaaaaaaaaaaaaaaaaaaaaaaaaaaaaaaaaaaaaaaaaaaaaaaaaaaaaaaaaaaaaaaaaaaaaaaaaaaaaaaaaaaaaaaaaaaaaaaaaaaaaaaaaaaaaaaaaaaaaaaaaaaaaaaaaaaaaaaaaaaaaaaaaaaaaaaaaaaaaaaaaaaaaaaaaaaaaaaaaaaaaaaaaaaaaaaaaaaaaaaaaaaaaaaaaaaaaaaaaaaaaaaaaaaaaaaaaaaaaaaaaaaaaaaaaaaaaaaaaaaaaaaaaaaaaaaaaaaaaaaaaaaaaaaaaaaaaaaaaaaaaaaaaaaaaaaaaaaaaaaaaaaaaaaaaaaaaaaaaaaaaaaaaaaaaaaaaaaaaaaaaaaaaaaaaaaaaaaaaaaaaaaaaaaaaaaaaaaaaaaaaaaaaaaaaaaaaaaaaaaaaaaaaaaaaaaaaaaaaaaaaaaaaaaaaaaaaaaaaaaaaaaaaaaaaaaaaaaaaaaaaaaaaaaaaaaaaaaaaaaaaaaaaaaaaaaaaaaaaaaaaaaaaaaaaaaaaaaaaaaaaaaaaaaaaaaaaaaaaaaaaaaaaaaaaaaaaaaaaaaaaaaaaaaaaaaaaaaaaaaaaaaaaaaaaaaaaaaaaaaaaaaaaaaaaaaaaaaaaaaaaaaaaaaaaaaaaaaaaaaaaaaaaaaaaaaaaaaaaaaaaaaaaaaaaaaaaaaaaaaaaaaaaaaaaaaaaaaaaaaaaaaaaaaaaaaaaaaaaaaaaaaaaaaaaaaaaaaaaaaaaaaaaaaaaaaaaaaaaaaaaaaaaaaaaaaaaaaaaaaaaaaaaaaaaaaaaaaaaaaaaaaaaaaaaaaaaaaaaaaaaaaaaaaaaaaaaaaaaaaaaaaaaaaaaaaaaaaaaaaaaaaaaaaaaaaaaaaaaaaaaaaaaaaaaaaaaaaaaaaaaaaaaaaaaaaaaaaaaaaaaaaaaaaaaaaaaaaaaaaaaaaaaaaaaaaaaaaaaaaaaaaaaaaaaaaaaaaaaaaaaaaaaaaaaaaaaaaaaaaaaaaaaaaaaaaaaaaaaaaaaaaaaaaaaaaaaaaaaaaaaaaaaaaaaaaaaaaaaaaaaaaaaaaaaaaaaaaaaaaaaaaaaaaaaaaaaaaaaaaaaaaaaaaaaaaaaaaaaaaaaaaaaaaaaaaaaaaaaaaaaaaaaaaaaaaaaaaaaaaaaaaaaaaaaaaaaaaaaaaaaaaaaaaaaaaaaaaaaaaaaaaaaaaaaaaaaaaaaaaaaaaaaaaaaaaaaaaaaaaaaaaaaaaaaaaaaaaaaaaaaaaaaaaaaaaaaaaaaaaaaaaaaaaaaaaaaaaaaaaaaaaaaaaaaaaaaaaaaaaaaaaaaaaaaaaaaaaaaaaaaaaaaaaaaaaaaaaaaaaaaaaaaaaaaaaaaaaaaaaaaaaaaaaaaaaaaaaaaaaaaaaaaaaaaaaaaaaaaaaaaaaaaaaaaaaaaaaaaaaaaaaaaaaaaaaaaaaaaaaaaaaaaaaaaaaaaaaaaaaaaaaaaaaaaaaaaaaaaaaaaaaaaaaaaaaaaaaaaaaaaaaaaaaaaaaaaaaaaaaaaaaaaaaaaaaaaaaaaaaaaaaaaaaaaaaaaaaaaaaaaaaaaaaaaaaaaaaaaaaaaaaaaaaaaaaaaaaaaaaaaaaaaaaaaaaaaaaaaaaaaaaaaaaaaaaaaaaaaaaaaaaaaaaaaaaaaaaaaaaaaaaaaaaaaaaaaaaaaaaaaaaaaaaaaaaaaaaaaaaaaaaaaaaaaaaaaaaaaaaaaaaaaaaaaaaaaaaaaaaaaaaaaaaaaaaaaaaaaaaaaaaaaaaaaaaaaaaaaaaaaaaaaaaaaaaaaaaaaaaaaaaaaaaaaaaaaaaaaaaaaaaaaaaaaaaaaaaaaaaaaaaaaaaaaaaaaaaaaaaaaaaaaaaaaaaaaaaaaaaaaaaaaaaaaaaaaaaaaaaaaaaaaaaaaaaaaaaaaaaaaaaaaaaaaaaaaaaaaaaaaaaaaaaaaaaaaaaaaaaaaaaaaaaaaaaaaaaaaaaaaaaaaaaaaaaaaaaaaaaaaaaaaaaaaaaaaaaaaaaaaaaaaaaaaaaaaaaaaaaaaaaaaaaaaaaaaaaaaaaaaaaaaaaaaaaaaaaaaaaaaaaaaaaaaaaaaaaaaaaaaaaaaaaaaaaaaaaaaaaaaaaaaaaaaaaaaaaaaaaaaaaaaaaaaaaaaaaaaaaaaaaaaaaaaaaaaaaaaaaaaaaaaaaaaaaaaaaaaaaaaaaaaaaaaaaaaaaaaaaaaaaaaaaaaaaaaaaaaaaaaaaaaaaaaaaaaaaaaaaaaaaaaaaaaaaaaaaaaaaaaaaaaaaaaaaaaaaaaaaaaaaaaaaaaaaaaaaaaaaaaaaaaaaaaaaaaaaaaaaaaaaaaaaaaaaaaaaaaaaaaaaaaaaaaaaaaaaaaaaaaaaaaaaaaaaaaaaaaaaaaaaaaaaaaaaaaaaaaaaaaaaaaaaaaaaaaaaaaaaaaaaaaaaaaaaaaaaaaaaaaaaaaaaaaaaaaaaaaaaaaaaaaaaaaaaaaaaaaaaaaaaaaaaaaaaaaaaaaaaaaaaaaaaaaaaaaaaaaaaaaaaaaaaaaaaaaaaaaaaaaaaaaaaaaaaaaaaaaaaaaaaaaaaaaaaaaaaaaaaaaaaaaaaaaaaaaaaaaaaaaaaaaaaaaaaaaaaaaaaaaaaaaaaaaaaaaaaaaaaaaaaaaaaaaaaaaaaaaaaaaaaaaaaaaaaaaaaaaaaaaaaaaaaaaaaaaaaaaaaaaaaaaaaaaaaaaaaaaaaaaaaaaaaaaaaaaaaaaaaaaaaaaaaaaaaaaaaaaaaaaaaaaaaaaaaaaaaaaaaaaaaaaaaaaaaaaaaaaaaaaaaaaaaaaaaaaaaaaaaaaaaaaaaaaaaaaaaaaaaaaaaaaaaaaaaaaaaaaaaaaaaaaaaaaaaaaaaaaaaaaaaaaaaaaaaaaaaaaaaaaaaaaaaaaaaaaaaaaaaaaaaaaaaaaaaaaaaaaaaaaaaaaaaaaaaaaaaaaaaaaaaaaaaaaaaaaaaaaaaaaaaaaaaaaaaaaaaaaaaaaaaaaaaaaaaaaaaaaaaaaaaaaaaaaaaaaaaaaaaaaaaaaaaaaaaaaaaaaaaaaaaaaaaaaaaaaaaaaaaaaaaaaaaaaaaaaaaaaaaaaaaaaaaaaaaaaaaaaaaaaaaaaaaaaaaaaaaaaaaaaaaaaaaaaaaaaaaaaaaaaaaaaaaaaaaaaaaaaaaaaaaaaaaaaaaaaaaaaaaaaaaaaaaaaaaaaaaaaaaaaaaaaaaaaaaaaaaaaaaaaaaaaaaaaaaaaaaaaaaaaaaaaaaaaaaaaaaaaaaaaaaaaaaaaaaaaaaaaaaaaaaaaaaaaaaaaaaaaaaaaaaaaaaaaaaaaaaaaaaaaaaaaaaaaaaaaaaaaaaaaaaaaaaaaaaaaaaaaaaaaaaaaaaaaaaaaaaaaaaaaaaaaaaaaaaaaaaaaaaaaaaaaaaaaaaaaaaaaaaaaaaaaaaaaaaaaaaaaaaaaaaaaaaaaaaaaaaaaaaaaaaaaaaaaaaaaaaaaaaaaaaaaaaaaaaaaaaaaaaaaaaaaaaaaaaaaaaaaaaaaaaaaaaaaaaaaaaaaaaaaaaaaaaaaaaaaaaaaaaaaaaaaaaaaaaaaaaaaaaaaaaaaaaaaaaaaaaaaaaaaaaaaaaaaaaaaaaaaaaaaaaaaaaaaaaaaaaaaaaaaaaaaaaaaaaaaaaaaaaaaaaaaaaaaaaaaaaaaaaaaaaaaaaaaaaaaaaaaaaaaaaaaaaaaaaaaaaaaaaaaaaaaaaaaaaaaaaaaaaaaaaaaaaaaaaaaaaaaaaaaaaaaaaaaaaaaaaaaaaaaaaaaaaaaaaaaaaaaaaaaaaaaaaaaaaaaaaaaaaaaaaaaaaaaaaaaaaaaaaaaaaaaaaaaaaaaaaaaaaaaaaaaaaaaaaaaaaaaaaaaaaaaaaaaaaaaaaaaaaaaaaaaaaaaaaaaaaaaaaaaaaaaaaaaaaaaaaaaaaaaaaaaaaaaaaaaaaaaaaaaaaaaaaaaaaaaaaaaaaaaaaaaaaaaaaaaaaaaaaaaaaaaaaaaaaaaaaaaaaaaaaaaaaaaaaaaaaaaaaaaaaaaaaaaaaaaaaaaaaaaaaaaaaaaaaaaaaaaaaaaaaaaaaaaaaaaaaaaaaaaaaaaaaaaaaaaaaaaaaaaaaaaaaaaaaaaaaaaaaaaaaaaaaaaaaaaaaaaaaaaaaaaaaaaaaaaaaaaaaaaaaaaaaaaaaaaaaaaaaaaaaaaaaaaaaaaaaaaaaaaaaaaaaaaaaaaaaaaaaaaaaaaaaaaaaaaaaaaaaaaaaaaaaaaaaaaaaaaaaaaaaaaaaaaaaaaaaaaaaaaaaaaaaaaaaaaaaaaaaaaaaaaaaaaaaaaaaaaaaaaaaaaaaaaaaaaaaaaaaaaaaaaaaaaaaaaaaaaaaaaaaaaaaaaaaaaaaaaaaaaaaaaaaaaaaaaaaaaaaaaaaaaaaaaaaaaaaaaaaaaaaaaaaaaaaaaaaaaaaaaaaaaaaaaaaaaaaaaaaaaaaaaaaaaaaaaaaaaaaaaaaaaaaaaaaaaaaaaaaaaaaaaaaaaaaaaaaaaaaaaaaaaaaaaaaaaaaaaaaaaaaaaaaaaaaaaaaaaaaaaaaaaaaaaaaaaaaaaaaaaaaaaaaaaaaaaaaaaaaaaaaaaaaaaaaaaaaaaaaaaaaaaaaaaaaaaaaaaaaaaaaaaaaaaaaaaaaaaaaaaaaaaaaaaaaaaaaaaaaaaaaaaaaaaaaaaaaaaaaaaaaaaaaaaaaaaaaaaaaaaaaaaaaaaaaaaaaaaaaaaaaaaaaaaaaaaaaaaaaaaaaaaaaaaaaaaaaaaaaaaaaaaaaaaaaaaaaaaaaaaaaaaaaaaaaaaaaaaaaaaaaaaaaaaaaaaaaaaaaaaaaaaaaaaaaaaaaaaaaaaaaaaaaaaaaaaaaaaaaaaaaaaaaaaaaaaaaaaaaaaaaaaaaaaaaaaaaaaaaaaaaaaaaaaaaaaaaaaaaaaaaaaaaaaaaaaaaaaaaaaaaaaaaaaaaaaaaaaaaaaaaaaaaaaaaaaaaaaaaaaaaaaaaaaaaaaaaaaaaaaaaaaaaaaaaaaaaaaaaaaaaaaaaaaaaaaaaaaaaaaaaaaaaaaaaaaaaaaaaaaaaaaaaaaaaaaaaaaaaaaaaaaaaaaaaaaaaaaaaaaaaaaaaaaaaaaaaaaaaaaaaaaaaaaaaaaaaaaaaaaaaaaaaaaaaaaaaaaaaaaaaaaaaaaaaaaaaaaaaaaaaaaaaaaaaaaaaaaaaaaaaaaaaaaaaaaaaaaaaaaaaaaaaaaaaaaaaaaaaaaaaaaaaaaaaaaaaaaaaaaaaaaaaaaaaaaaaaaaaaaaaaaaaaaaaaaaaaaaaaaaaaaaaaaaaaaaaaaaaaaaaaaaaaaaaaaaaaaaaaaaaaaaaaaaaaaaaaaaaaaaaaaaaaaaaaaaaaaaaaaaaaaaaaaaaaaaaaaaaaaaaaaaaaaaaaaaaaaaaaaaaaaaaaaaaaaaaaaaaaaaaaaaaaaaaaaaaaaaaaaaaaaaaaaaaaaaaaaaaaaaaaaaaaaaaaaaaaaaaaaaaaaaaaaaaaaaaaaaaaaaaaaaaaaaaaaaaaaaaaaaaaaaaaaaaaaaaaaaaaaaaaaaaaaaaaaaaaaaaaaaaaaaaaaaaaaaaaaaaaaaaaaaaaaaaaaaaaaaaaaaaaaaaaaaaaaaaaaaaaaaaaaaaaaaaaaaaaaaaaaaaaaaaaaaaaaaaaaaaaaaaaaaaaaaaaaaaaaaaaaaaaaaaaaaaaaaaaaaaaaaaaaaaaaaaaaaaaaaaaaaaaaaaaaaaaaaaaaaaaaaaaaaaaaaaaaaaaaaaaaaaaaaaaaaaaaaaaaaaaaaaaaaaaaaaaaaaaaaaaaaaaaaaaaaaaaaaaaaaaaaaaaaaaaaaaaaaaaaaaaaaaaaaaaaaaaaaaaaaaaaaaaaaaaaaaaaaaaaaaaaaaaaaaaaaaaaaaaaaaaaaaaaaaaaaaaaaaaaaaaaaaaaaaaaaaaaaaaaaaaaaaaaaaaaaaaaaaaaaaaaaaaaaaaaaaaaaaaaaaaaaaaaaaaaaaaaaaaaaaaaaaaaaaaaaaaaaaaaaaaaaaaaaaaaaaaaaaaaaaaaaaaaaaaaaaaaaaaaaaaaaaaaaaaaaaaaaaaaaaaaaaaaaaaaaaaaaaaaaaaaaaaaaaaaaaaaaaaaaaaaaaaaaaaaaaaaaaaaaaaaaaaaaaaaaaaaaaaaaaaaaaaaaaaaaaaaaaaaaaaaaaaaaaaaaaaaaaaaaaaaaaaaaaaaaaaaaaaaaaaaaaaaaaaaaaaaaaaaaaaaaaaaaaaaaaaaaaaaaaaaaaaaaaaaaaaaaaaaaaaaaaaaaaaaaaaaaaaaaaaaaaaaaaaaaaaaaaaaaaaaaaaaaaaaaaaaaaaaaaaaaaaaaaaaaaaaaaaaaaaaaaaaaaaaaaaaaaaaaaaaaaaaaaaaaaaaaaaaaaaaaaaaaaaaaaaaaaaaaaaaaaaaaaaaaaaaaaaaaaaaaaaaaaaaaaaaaaaaaaaaaaaaaaaaaaaaaaaaaaaaaaaaaaaaaaaaaaaaaaaaaaaaaaaaaaaaaaaaaaaaaaaaaaaaaaaaaaaaaaaaaaaaaaaaaaaaaaaaaaaaaaaaaaaaaaaaaaaaaaaaaaaaaaaaaaaaaaaaaaaaaaaaaaaaaaaaaaaaaaaaaaaaaaaaaaaaaaaaaaaaaaaaaaaaaaaaaaaaaaaaaaaaaaaaaaaaaaaaaaaaaaaaaaaaaaaaaaaaaaaaaaaaaaaaaaaaaaaaaaaaaaaaaaaaaaaaaaaaaaaaaaaaaaaaaaaaaaaaaaaaaaaaaaaaaaaaaaaaaaaaaaaaaaaaaaaaaaaaaaaaaaaaaaaaaaaaaaaaaaaaaaaaaaaaaaaaaaaaaaaaaaaaaaaaaaaaaaaaaaaaaaaaaaaaaaaaaaaaaaaaaaaaaaaaaaaaaaaaaaaaaaaaaaaaaaaaaaaaaaaaaaaaaaaaaaaaaaaaaaaaaaaaaaaaaaaaaaaaaaaaaaaaaaaaaaaaaaaaaaaaaaaaaaaaaaaaaaaaaaaaaaaaaaaaaaaaaaaaaaaaaaaaaaaaaaaaaaaaaaaaaaaaaaaaaaaaaaaaaaaaaaaaaaaaaaaaaaaaaaaaaaaaaaaaaaaaaaaaaaaaaaaaaaaaaaaaaaaaaaaaaaaaaaaaaaaaaaaaaaaaaaaaaaaaaaaaaaaaaaaaaaaaaaaaaaaaaaaaaaaaaaaaaaaaaaaaaaaaaaaaaaaaaaaaaaaaaaaaaaaaaaaaaaaaaaaaaaaaaaaaaaaaaaaaaaaaaaaaaaaaaaaaaaaaaaaaaaaaaaaaaaaaaaaaaaaaaaaaaaaaaaaaaaaaaaaaaaaaaaaaaaaaaaaaaaaaaaaaaaaaaaaaaaaaaaaaaaaaaaaaaaaaaaaaaaaaaaaaaaaaaaaaaaaaaaaaaaaaaaaaaaaaaaaaaaaaaaaaaaaaaaaaaaaaaaaaaaaaaaaaaaaaaaaaaaaaaaaaaaaaaaaaaaaaaaaaaaaaaaaaaaaaaaaaaaaaaaaaaaaaaaaaaaaaaaaaaaaaaaaaaaaaaaaaaaaaaaaaaaaaaaaaaaaaaaaaaaaaaaaaaaaaaaaaaaaaaaaaaaaaaaaaaaaaaaaaaaaaaaaaaaaaaaaaaaaaaaaaaaaaaaaaaaaaaaaaaaaaaaaaaaaaaaaaaaaaaaaaaaaaaaaaaaaaaaaaaaaaaaaaaaaaaaaaaaaaaaaaaaaaaaaaaaaaaaaaaaaaaaaaaaaaaaaaaaaaaaaaaaaaaaaaaaaaaaaaaaaaaaaaaaaaaaaaaaaaaaaaaaaaaaaaaaaaaaaaaaaaaaaaaaaaaaaaaaaaaaaaaaaaaaaaaaaaaaaaaaaaaaaaaaaaaaaaaaaaaaaaaaaaaaaaaaaaaaaaaaaaaaaaaaaaaaaaaaaaaaaaaaaaaaaaaaaaaaaaaaaaaaaaaaaaaaaaaaaaaaaaaaaaaaaaaaaaaaaaaaaaaaaaaaaaaaaaaaaaaaaaaaaaaaaaaaaaaaaaaaaaaaaaaaaaaaaaaaaaaaaaaaaaaaaaaaaaaaaaaaaaaaaaaaaaaaaaaaaaaaaaaaaaaaaaaaaaaaaaaaaaaaaaaaaaaaaaaaaaaaaaaaaaaaaaaaaaaaaaaaaaaaaaaaaaaaaaaaaaaaaaaaaaaaaaaaaaaaaaaaaaaaaaaaaaaaaaaaaaaaaaaaaaaaaaaaaaaaaaaaaaaaaaaaaaaaaaaaaaaaaaaaaaaaaaaaaaaaaaaaaaaaaaaaaaaaaaaaaaaaaaaaaaaaaaaaaaaaaaaaaaaaaaaaaaaaaaaaaaaaaaaaaaaaaaaaaaaaaaaaaaaaaaaaaaaaaaaaaaaaaaaaaaaaaaaaaaaaaaaaaaaaaaaaaaaaaaaaaaaaaaaaaaaaaaaaaaaaaaaaaaaaaaaaaaaaaaaaaaaaaaaaaaaaaaaaaaaaaaaaaaaaaaaaaaaaaaaaaaaaaaaaaaaaaaaaaaaaaaaaaaaaaaaaaaaaaaaaaaaaaaaaaaaaaaaaaaaaaaaaaaaaaaaaaaaaaaaaaaaaaaaaaaaaaaaaaaaaaaaaaaaaaaaaaaaaaaaaaaaaaaaaaaaaaaaaaaaaaaaaaaaaaaaaaaaaaaaaaaaaaaaaaaaaaaaaaaaaaaaaaaaaaaaaaaaaaaaaaaaaaaaaaaaaaaaaaaaaaaaaaaaaaaaaaaaaaaaaaaaaaaaaaaaaaaaaaaaaaaaaaaaaaaaaaaaaaaaaaaaaaaaaaaaaaaaaaaaaaaaaaaaaaaaaaaaaaaaaaaaaaaaaaaaaaaaaaaaaaaaaaaaaaaaaaaaaaaaaaaaaaaaaaaaaaaaaaaaaaaaaaaaaaaaaaaaaaaaaaaaaaaaaaaaaaaaaaaaaaaaaaaaaaaaaaaaaaaaaaaaaaaaaaaaaaaaaaaaaaaaaaaaaaaaaaaaaaaaaaaaaaaaaaaaaaaaaaaaaaaaaaaaaaaaaaaaaaaaaaaaaaaaaaaaaaaaaaaaaaaaaaaaaaaaaaaaaaaaaaaaaaaaaaaaaaaaaaaaaaaaaaaaaaaaaaaaaaaaaaaaaaaaaaaaaaaaaaaaaaaaaaaaaaaaaaaaaaaaaaaaaaaaaaaaaaaaaaaaaaaaaaaaaaaaaaaaaaaaaaaaaaaaaaaaaaaaaaaaaaaaaaaaaaaaaaaaaaaaaaaaaaaaaaaaaaaaaaaaaaaaaaaaaaaaaaaaaaaaaaaaaaaaaaaaaaaaaaaaaaaaaaaaaaaaaaaaaaaaaaaaaaaaaaaaaaaaaaaaaaaaaaaaaaaaaaaaaaaaaaaaaaaaaaaaaaaaaaaaaaaaaaaaaaaaaaaaaaaaaaaaaaaaaaaaaaaaaaaaaaaaaaaaaaaaaaaaaaaaaaaaaaaaaaaaaaaaaaaaaaaaaaaaaaaaaaaaaaaaaaaaaaaaaaaaaaaaaaaaaaaaaaaaaaaaaaaaaaaaaaaaaaaaaaaaaaaaaaaaaaaaaaaaaaaaaaaaaaaaaaaaaaaaaaaaaaaaaaaaaaaaaaaaaaaaaaaaaaaaaaaaaaaaaaaaaaaaaaaaaaaaaaaaaaaaaaaaaaaaaaaaaaaaaaaaaaaaaaaaaaaaaaaaaaaaaaaaaaaaaaaaaaaaaaaaaaaaaaaaaaaaaaaaaaaaaaaaaaaaaaaaaaaaaaaaaaaaaaaaaaaaaaaaaaaaaaaaaaaaaaaaaaaaaaaaaaaaaaaaaaaaaaaaaaaaaaaaaaaaaaaaaaaaaaaaaaaaaaaaaaaaaaaaaaaaaaaaaaaaaaaaaaaaaaaaaaaaaaaaaaaaaaaaaaaaaaaaaaaaaaaaaaaaaaaaaaaaaaaaaaaaaaaaaaaaaaaaaaaaaaaaaaaaaaaaaaaaaaaaaaaaaaaaaaaaaaaaaaaaaaaaaaaaaaaaaaaaaaaaaaaaaaaaaaaaaaaaaaaaaaaaaaaaaaaaaaaaaaaaaaaaaaaaaaaaaaaaaaaaaaaaaaaaaaaaaaaaaaaaaaaaaaaaaaaaaaaaaaaaaaaaaaaaaaaaaaaaaaaaaaaaaaaaaaaaaaaaaaaaaaaaaaaaaaaaaaaaaaaaaaaaaaaaaaaaaaaaaaaaaaaaaaaaaaaaaaaaaaaaaaaaaaaaaaaaaaaaaaaaaaaaaaaaaaaaaaaaaaaaaaaaaaaaaaaaaaaaaaaaaaaaaaaaaaaaaaaaaaaaaaaaaaaaaaaaaaaaaaaaaaaaaaaaaaaaaaaaaaaaaaaaaaaaaaaaaaaaaaaaaaaaaaaaaaaaaaaaaaaaaaaaaaaaaaaaaaaaaaaaaaaaaaaaaaaaaaaaaaaaaaaaaaaaaaaaaaaaaaaaaaaaaaaaaaaaaaaaaaaaaaaaaaaaaaaaaaaaaaaaaaaaaaaaaaaaaaaaaaaaaaaaaaaaaaaaaaaaaaaaaaaaaaaaaaaaaaaaaaaaaaaaaaaaaaaaaaaaaaaaaaaaaaaaaaaaaaaaaaaaaaaaaaaaaaaaaaaaaaaaaaaaaaaaaaaaaaaaaaaaaaaaaaaaaaaaaaaaaaaaaaaaaaaaaaaaaaaaaaaaaaaaaaaaaaaaaaaaaaaaaaaaaaaaaaaaaaaaaaaaaaaaaaaaaaaaaaaaaaaaaaaaaaaaaaaaaaaaaaaaaaaaaaaaaaaaaaaaaaaaaaaaaaaaaaaaaaaaaaaaaaaaaaaaaaaaaaaaaaaaaaaaaaaaaaaaaaaaaaaaaaaaaaaaaaaaaaaaaaaaaaaaaaaaaaaaaaaaaaaaaaaaaaaaaaaaaaaaaaaaaaaaaaaaaaaaaaaaaaaaaaaaaaaaaaaaaaaaaaaaaaaaaaaaaaaaaaaaaaaaaaaaaaaaaaaaaaaaaaaaaaaaaaaaaaaaaaaaaaaaaaaaaaaaaaaaaaaaaaaaaaaaaaaaaaaaaaaaaaaaaaaaaaaaaaaaaaaaaaaaaaaaaaaaaaaaaaaaaaaaaaaaaaaaaaaaaaaaaaaaaaaaaaaaaaaaaaaaaaaaaaaaaaaaaaaaaaaaaaaaaaaaaaaaaaaaaaaaaaaaaaaaaaaaaaaaaaaaaaaaaaaaaaaaaaaaaaaaaaaaaaaaaaaaaaaaaaaaaaaaaaaaaaaaaaaaaaaaaaaaaaaaaaaaaaaaaaaaaaaaaaaaaaaaaaaaaaaaaaaaaaaaaaaaaaaaaaaaaaaaaaaaaaaaaaaaaaaaaaaaaaaaaaaaaaaaaaaaaaaaaaaaaaaaaaaaaaaaaaaaaaaaaaaaaaaaaaaaaaaaaaaaaaaaaaaaaaaaaaaaaaaaaaaaaaaaaaaaaaaaaaaaaaaaaaaaaaaaaaaaaaaaaaaaaaaaaaaaaaaaaaaaaaaaaaaaaaaaaaaaaaaaaaaaaaaaaaaaaaaaaaaaaaaaaaaaaaaaaaaaaaaaaaaaaaaaaaaaaaaaaaaaaaaaaaaaaaaaaaaaaaaaaaaaaaaaaaaaaaaaaaaaaaaaaaaaaaaaaaaaaaaaaaaaaaaaaaaaaaaaaaaaaaaaaaaaaaaaaaaaaaaaaaaaaaaaaaaaaaaaaaaaaaaaaaaaaaaaaaaaaaaaaaaaaaaaaaaaaaaaaaaaaaaaaaaaaaaaaaaaaaaaaaaaaaaaaaaaaaaaaaaaaaaaaaaaaaaaaaaaaaaaaaaaaaaaaaaaaaaaaaaaaaaaaaaaaaaaaaaaaaaaaaaaaaaaaaaaaaaaaaaaaaaaaaaaaaaaaaaaaaaaaaaaaaaaaaaaaaaaaaaaaaaaaaaaaaaaaaaaaaaaaaaaaaaaaaaaaaaaaaaaaaaaaaaaaaaaaaaaaaaaaaaaaaaaaaaaaaaaaaaaaaaaaaaaaaaaaaaaaaaaaaaaaaaaaaaaaaaaaaaaaaaaaaaaaaaaaaaaaaaaaaaaaaaaaaaaaaaaaaaaaaaaaaaaaaaaaaaaaaaaaaaaaaaaaaaaaaaaaaaaaaaaaaaaaaaaaaaaaaaaaaaaaaaaaaaaaaaaaaaaaaaaaaaaaaaaaaaaaaaaaaaaaaaaaaaaaaaaaaaaaaaaaaaaaaaaaaaaaaaaaaaaaaaaaaaaaaaaaaaaaaaaaaaaaaaaaaaaaaaaaaaaaaaaaaaaaaaaaaaaaaaaaaaaaaaaaaaaaaaaaaaaaaaaaaaaaaaaaaaaaaaaaaaaaaaaaaaaaaaaaaaaaaaaaaaaaaaaaaaaaaaaaaaaaaaaaaaaaaaaaaaaaaaaaaaaaaaaaaaaaaaaaaaaaaaaaaaaaaaaaaaaaaaaaaaaaaaaaaaaaaaaaaaaaaaaaaaaaaaaaaaaaaaaaaaaaaaaaaaaaaaaaaaaaaaaaaaaaaaaaaaaaaaaaaaaaaaaaaaaaaaaaaaaaaaaaaaaaaaaaaaaaaaaaaaaaaaaaaaaaaaaaaaaaaaaaaaaaaaaaaaaaaaaaaaaaaaaaaaaaaaaaaaaaaaaaaaaaaaaaaaaaaaaaaaaaaaaaaaaaaaaaaaaaaaaaaaaaaaaaaaaaaaaaaaaaaaaaaaaaaaaaaaaaaaaaaaaaaaaaaaaaaaaaaaaaaaaaaaaaaaaaaaaaaaaaaaaaaaaaaaaaaaaaaaaaaaaaaaaaaaaaaaaaaaaaaaaaaaaaaaaaaaaaaaaaaaaaaaaaaaaaaaaaaaaaaaaaaaaaaaaaaaaaaaaaaaaaaaaaaaaaaaaaaaaaaaaaaaaaaaaaaaaaaaaaaaaaaaaaaaaaaaaaaaaaaaaaaaaaaaaaaaaaaaaaaaaaaaaaaaaaaaaaaaaaaaaaaaaaaaaaaaaaaaaaaaaaaaaaaaaaaaaaaaaaaaaaaaaaaaaaaaaaaaaaaaaaaaaaaaaaaaaaaaaaaaaaaaaaaaaaaaaaaaaaaaaaaaaaaaaaaaaaaaaaaaaaaaaaaaaaaaaaaaaaaaaaaaaaaaaaaaaaaaaaaaaaaaaaaaaaaaaaaaaaaaaaaaaaaaaaaaaaaaaaaaaaaaaaaaaaaaaaaaaaaaaaaaaaaaaaaaaaaaaaaaaaaaaaaaaaaaaaaaaaaaaaaaaaaaaaaaaaaaaaaaaaaaaaaaaaaaaaaaaaaaaaaaaaaaaaaaaaaaaaaaaaaaaaaaaaaaaaaaaaaaaaaaaaaaaaaaaaaaaaaaaaaaaaaaaaaaaaaaaaaaaaaaaaaaaaaaaaaaaaaaaaaaaaaaaaaaaaaaaaaaaaaaaaaaaaaaaaaaaaaaaaaaaaaaaaaaaaaaaaaaaaaaaaaaaaaaaaaaaaaaaaaaaaaaaaaaaaaaaaaaaaaaaaaaaaaaaaaaaaaaaaaaaaaaaaaaaaaaaaaaaaaaaaaaaaaaaaaaaaaaaaaaaaaaaaaaaaaaaaaaaaaaaaaaaaaaaaaaaaaaaaaaaaaaaaaaaaaaaaaaaaaaaaaaaaaaaaaaaaaaaaaaaaaaaaaaaaaaaaaaaaaaaaaaaaaaaaaaaaaaaaaaaaaaaaaaaaaaaaaaaaaaaaaaaaaaaaaaaaaaaaaaaaaaaaaaaaaaaaaaaaaaaaaaaaaaaaaaaaaaaaaaaaaaaaaaaaaaaaaaaaaaaaaaaaaaaaaaaaaaaaaaaaaaaaaaaaaaaaaaaaaaaaaaaaaaaaaaaaaaaaaaaaaaaaaaaaaaaaaaaaaaaaaaaaaaaaaaaaaaaaaaaaaaaaaaaaaaaaaaaaaaaaaaaaaaaaaaaaaaaaaaaaaaaaaaaaaaaaaaaaaaaaaaaaaaaaaaaaaaaaaaaaaaaaaaaaaaaaaaaaaaaaaaaaaaaaaaaaaaaaaaaaaaaaaaaaaaaaaaaaaaaaaaaaaaaaaaaaaaaaaaaaaaaaaaaaaaaaaaaaaaaaaaaaaaaaaaaaaaaaaaaaaaaaaaaaaaaaaaaaaaaaaaaaaaaaaaaaaaaaaaaaaaaaaaaaaaaaaaaaaaaaaaaaaaaaaaaaaaaaaaaaaaaaaaaaaaaaaaaaaaaaaaaaaaaaaaaaaaaaaaaaaaaaaaaaaaaaaaaaaaaaaaaaaaaaaaaaaaaaaaaaaaaaaaaaaaaaaaaaaaaaaaaaaaaaaaaaaaaaaaaaaaaaaaaaaaaaaaaaaaaaaaaaaaaaaaaaaaaaaaaaaaaaaaaaaaaaaaaaaaaaaaaaaaaaaaaaaaaaaaaaaaaaaaaaaaaaaaaaaaaaaaaaaaaaaaaaaaaaaaaaaaaaaaaaaaaaaaaaaaaaaaaaaaaaaaaaaaaaaaaaaaaaaaaaaaaaaaaaaaaaaaaaaaaaaaaaaaaaaaaaaaaaaaaaaaaaaaaaaaaaaaaaaaaaaaaaaaaaaaaaaaaaaaaaaaaaaaaaaaaaaaaaaaaaaaaaaaaaaaaaaaaaaaaaaaaaaaaaaaaaaaaaaaaaaaaaaaaaaaaaaaaaaaaaaaaaaaaaaaaaaaaaaaaaaaaaaaaaaaaaaaaaaaaaaaaaaaaaaaaaaaaaaaaaaaaaaaaaaaaaaaaaaaaaaaaaaaaaaaaaaaaaaaaaaaaaaaaaaaaaaaaaaaaaaaaaaaaaaaaaaaaaaaaaaaaaaaaaaaaaaaaaaaaaaaaaaaaaaaaaaaaaaaaaaaaaaaaaaaaaaaaaaaaaaaaaaaaaaaaaaaaaaaaaaaaaaaaaaaaaaaaaaaaaaaaaaaaaaaaaaaaaaaaaaaaaaaaaaaaaaaaaaaaaaaaaaaaaaaaaaaaaaaaaaaaaaaaaaaaaaaaaaaaaaaaaaaaaaaaaaaaaaaaaaaaaaaaaaaaaaaaaaaaaaaaaaaaaaaaaaaaaaaaaaaaaaaaaaaaaaaaaaaaaaaaaaaaaaaaaaaaaaaaaaaaaaaaaaaaaaaaaaaaaaaaaaaaaaaaaaaaaaaaaaaaaaaaaaaaaaaaaaaaaaaaaaaaaaaaaaaaaaaaaaaaaaaaaaaaaaaaaaaaaaaaaaaaaaaaaaaaaaaaaaaaaaaaaaaaaaaaaaaaaaaaaaaaaaaaaaaaaaaaaaaaaaaaaaaaaaaaaaaaaaaaaaaaaaaaaaaaaaaaaaaaaaaaaaaaaaaaaaaaaaaaaaaaaaaaaaaaaaaaaaaaaaaaaaaaaaaaaaaaaaaaaaaaaaaaaaaaaaaaaaaaaaaaaaaaaaaaaaaaaaaaaaaaaaaaaaaaaaaaaaaaaaaaaaaaaaaaaaaaaaaaaaaaaaaaaaaaaaaaaaaaaaaaaaaaaaaaaaaaaaaaaaaaaaaaaaaaaaaaaaaaaaaaaaaaaaaaaaaaaaaaaaaaaaaaaaaaaaaaaaaaaaaaaaaaaaaaaaaaaaaaaaaaaaaaaaaaaaaaaaaaaaaaaaaaaaaaaaaaaaaaaaaaaaaaaaaaaaaaaaaaaaaaaaaaaaaaaaaaaaaaaaaaaaaaaaaaaaaaaaaaaaaaaaaaaaaaaaaaaaaaaaaaaaaaaaaaaaaaaaaaaaaaaaaaaaaaaaaaaaaaaaaaaaaaaaaaaaaaaaaaaaaaaaaaaaaaaaaaaaaaaaaaaaaaaaaaaaaaaaaaaaaaaaaaaaaaaaaaaaaaaaaaaaaaaaaaaaaaaaaaaaaaaaaaaaaaaaaaaaaaaaaaaaaaaaaaaaaaaaaaaaaaaaaaaaaaaaaaaaaaaaaaaaaaaaaaaaaaaaaaaaaaaaaaaaaaaaaaaaaaaaaaaaaaaaaaaaaaaaaaaaaaaaaaaaaaaaaaaaaaaaaaaaaaaaaaaaaaaaaaaaaaaaaaaaaaaaaaaaaaaaaaaaaaaaaaaaaaaaaaaaaaaaaaaaaaaaaaaaaaaaaaaaaaaaaaaaaaaaaaaaaaaaaaaaaaaaaaaaaaaaaaaaaaaaaaaaaaaaaaaaaaaaaaaaaaaaaaaaaaaaaaaaaaaaaaaaaaaaaaaaaaaaaaaaaaaaaaaaaaaaaaaaaaaaaaaaaaaaaaaaaaaaaaaaaaaaaaaaaaaaaaaaaaaaaaaaaaaaaaaaaaaaaaaaaaaaaaaaaaaaaaaaaaaaaaaaaaaaaaaaaaaaaaaaaaaaaaaaaaaaaaaaaaaaaaaaaaaaaaaaaaaaaaaaaaaaaaaaaaaaaaaaaaaaaaaaaaaaaaaaaaaaaaaaaaaaaaaaaaaaaaaaaaaaaaaaaaaaaaaaaaaaaaaaaaaaaaaaaaaaaaaaaaaaaaaaaaaaaaaaaaaaaaaaaaaaaaaaaaaaaaaaaaaaaaaaaaaaaaaaaaaaaaaaaaaaaaaaaaaaaaaaaaaaaaaaaaaaaaaaaaaaaaaaaaaaaaaaaaaaaaaaaaaaaaaaaaaaaaaaaaaaaaaaaaaaaaaaaaaaaaaaaaaaaaaaaaaaaaaaaaaaaaaaaaaaaaaaaaaaaaaaaaaaaaaaaaaaaaaaaaaaaaaaaaaaaaaaaaaaaaaaaaaaaaaaaaaaaaaaaaaaaaaaaaaaaaaaaaaaaaaaaaaaaaaaaaaaaaaaaaaaaaaaaaaaaaaaaaaaaaaaaaaaaaaaaaaaaaaaaaaaaaaaaaaaaaaaaaaaaaaaaaaaaaaaaaaaaaaaaaaaaaaaaaaaaaaaaaaaaaaaaaaaaaaaaaaaaaaaaaaaaaaaaaaaaaaaaaaaaaaaaaaaaaaaaaaaaaaaaaaaaaaaaaaaaaaaaaaaaaaaaaaaaaaaaaaaaaaaaaaaaaaaaaaaaaaaaaaaaaaaaaaaaaaaaaaaaaaaaaaaaaaaaaaaaaaaaaaaaaaaaaaaaaaaaaaaaaaaaaaaaaaaaaaaaaaaaaaaaaaaaaaaaaaaaaaaaaaaaaaaaaaaaaaaaaaaaaaaaaaaaaaaaaaaaaaaaaaaaaaaaaaaaaaaaaaaaaaaaaaaaaaaaaaaaaaaaaaaaaaaaaaaaaaaaaaaaaaaaaaaaaaaaaaaaaaaaaaaaaaaaaaaaaaaaaaaaaaaaaaaaaaaaaaaaaaaaaaaaaaaaaaaaaaaaaaaaaaaaaaaaaaaaaaaaaaaaaaaaaaaaaaaaaaaaaaaaaaaaaaaaaaaaaaaaaaaaaaaaaaaaaaaaaaaaaaaaaaaaaaaaaaaaaaaaaaaaaaaaaaaaaaaaaaaaaaaaaaaaaaaaaaaaaaaaaaaaaaaaaaaaaaaaaaaaaaaaaaaaaaaaaaaaaaaaaaaaaaaaaaaaaaaaaaaaaaaaaaaaaaaaaaaaaaaaaaaaaaaaaaaaaaaaaaaaaaaaaaaaaaaaaaaaaaaaaaaaaaaaaaaaaaaaaaaaaaaaaaaaaaaaaaaaaaaaaaaaaaaaaaaaaaaaaaaaaaaaaaaaaaaaaaaaaaaaaaaaaaaaaaaaaaaaaaaaaaaaaaaaaaaaaaaaaaaaaaaaaaaaaaaaaaaaaaaaaaaaaaaaaaaaaaaaaaaaaaaaaaaaaaaaaaaaaaaaaaaaaaaaaaaaaaaaaaaaaaaaaaaaaaaaaaaaaaaaaaaaaaaaaaaaaaaaaaaaaaaaaaaaaaaaaaaaaaaaaaaaaaaaaaaaaaaaaaaaaaaaaaaaaaaaaaaaaaaaaaaaaaaaaaaaaaaaaaaaaaaaaaaaaaaaaaaaaaaaaaaaaaaaaaaaaaaaaaaaaaaaaaaaaaaaaaaaaaaaaaaaaaaaaaaaaaaaaaaaaaaaaaaaaaaaaaaaaaaaaaaaaaaaaaaaaaaaaaaaaaaaaaaaaaaaaaaaaaaaaaaaaaaaaaaaaaaaaaaaaaaaaaaaaaaaaaaaaaaaaaaaaaaaaaaaaaaaaaaaaaaaaaaaaaaaaaaaaaaaaaaaaaaaaaaaaaaaaaaaaaaaaaaaaaaaaaaaaaaaaaaaaaaaaaaaaaaaaaaaaaaaaaaaaaaaaaaaaaaaaaaaaaaaaaaaaaaaaaaaaaaaaaaaaaaaaaaaaaaaaaaaaaaaaaaaaaaaaaaaaaaaaaaaaaaaaaaaaaaaaaaaaaaaaaaaaaaaaaaaaaaaaaaaaaaaaaaaaaaaaaa]; codes [Size.modelingSubmission.model,Size.model,Size.java.lang.String,Size]; arguments [org.springframework.context.support.DefaultMessageSourceResolvable: codes [modelingSubmission.model,model]; arguments []; default message [model],100000,0]; default message [The modeling submission is too large.]] 

  Starting logs for ModelingSubmissionIntegrationTest > saveAndSubmitModelingSubmission_useCaseDiagram()
    23:44:37.664 | 428 ool-1-worker-192 | DEBUG | d.t.c.a.a.c.u.util.UserUtilService   : Generate 3 students...
    23:44:37.669 | 428 ool-1-worker-192 | DEBUG | d.t.c.a.a.c.u.util.UserUtilService   : 3 students generated. Generate 1 tutors...
    23:44:37.671 | 428 ool-1-worker-192 | DEBUG | d.t.c.a.a.c.u.util.UserUtilService   : 1 tutors generated. Generate 0 editors...
    23:44:37.673 | 428 ool-1-worker-192 | DEBUG | d.t.c.a.a.c.u.util.UserUtilService   : 0 editors generated. Generate 1 instructors...
    23:44:37.676 | 428 ool-1-worker-192 | DEBUG | d.t.c.a.a.c.u.util.UserUtilService   : 1 instructors generated
    23:44:37.678 | 428 ool-1-worker-192 | DEBUG | d.t.c.a.a.c.u.util.UserUtilService   : Removing 5 users from all courses...
    23:44:37.679 | 428 ool-1-worker-192 | DEBUG | d.t.c.a.a.c.u.util.UserUtilService   : Removing 5 users from all courses. Done
    23:44:37.679 | 428 ool-1-worker-192 | DEBUG | d.t.c.a.a.c.u.util.UserUtilService   : Save 5 users to database...
    23:44:37.683 | 428 ool-1-worker-192 | DEBUG | d.t.c.a.a.c.u.util.UserUtilService   : Save 5 users to database. Done
    23:44:37.711 | 428 ool-1-worker-192 | INFO  | i.z.t.d.l.EmbeddedDatabaseReporter   : JDBC URL to connect to 'dataSource': url='jdbc:h2:tcp://localhost:41063/mem:f240edcd-27ce-47a3-b4ab-a6a00c154135;USER=sa', scope='ModelingSubmissionIntegrationTest#saveAndSubmitModelingSubmission_useCaseDiagram'
    23:44:37.716 | 428 ool-1-worker-192 | DEBUG | d.t.c.a.a.c.s.f.ApiVersionFilter     : Adding Version to Request POST /api/exercises/2250/modeling-submissions
    23:44:37.716 | 428 ool-1-worker-192 | DEBUG | c.a.a.m.w.ModelingSubmissionResource : REST request to create modeling submission: {    "version": "2.0.0",    "type": "UseCaseDiagram",    "size": {        "width": 0,        "height": 0    },    "interactive": {        "elements": [],        "relationships": []    },    "elements": [],    "relationships": [],    "assessments": []}
    23:44:37.721 | 428 ool-1-worker-192 | INFO  | c.a.a.m.w.ModelingSubmissionResource : save took 5ms for exercise 2250 and user modelingsubmissionintegrationstudent1
    23:44:37.727 | 428 ool-1-worker-192 | DEBUG | d.t.c.a.a.c.s.f.ApiVersionFilter     : Adding Version to Request PUT /api/exercises/2250/modeling-submissions
    23:44:37.733 | 428 ool-1-worker-192 | INFO  | c.a.a.m.w.ModelingSubmissionResource : save took 5ms for exercise 2250 and user modelingsubmissionintegrationstudent1

  Starting logs for ModelingSubmissionIntegrationTest > getModelSubmissionWithoutAssessment_asStudent_forbidden()
    23:44:37.753 | 428 ool-1-worker-192 | DEBUG | d.t.c.a.a.c.u.util.UserUtilService   : Generate 3 students...
    23:44:37.758 | 428 ool-1-worker-192 | DEBUG | d.t.c.a.a.c.u.util.UserUtilService   : 3 students generated. Generate 1 tutors...
    23:44:37.760 | 428 ool-1-worker-192 | DEBUG | d.t.c.a.a.c.u.util.UserUtilService   : 1 tutors generated. Generate 0 editors...
    23:44:37.761 | 428 ool-1-worker-192 | DEBUG | d.t.c.a.a.c.u.util.UserUtilService   : 0 editors generated. Generate 1 instructors...
    23:44:37.764 | 428 ool-1-worker-192 | DEBUG | d.t.c.a.a.c.u.util.UserUtilService   : 1 instructors generated
    23:44:37.765 | 428 ool-1-worker-192 | DEBUG | d.t.c.a.a.c.u.util.UserUtilService   : Removing 5 users from all courses...
    23:44:37.766 | 428 ool-1-worker-192 | DEBUG | d.t.c.a.a.c.u.util.UserUtilService   : Removing 5 users from all courses. Done
    23:44:37.766 | 428 ool-1-worker-192 | DEBUG | d.t.c.a.a.c.u.util.UserUtilService   : Save 5 users to database...
    23:44:37.770 | 428 ool-1-worker-192 | DEBUG | d.t.c.a.a.c.u.util.UserUtilService   : Save 5 users to database. Done
    23:44:37.799 | 428 ool-1-worker-192 | INFO  | i.z.t.d.l.EmbeddedDatabaseReporter   : JDBC URL to connect to 'dataSource': url='jdbc:h2:tcp://localhost:41063/mem:f240edcd-27ce-47a3-b4ab-a6a00c154135;USER=sa', scope='ModelingSubmissionIntegrationTest#getModelSubmissionWithoutAssessment_asStudent_forbidden'
    23:44:37.809 | 428 ool-1-worker-192 | DEBUG | d.t.c.a.a.c.s.f.ApiVersionFilter     : Adding Version to Request GET /api/exercises/2259/modeling-submission-without-assessment
    23:44:37.810 | 428 ool-1-worker-192 | WARN  | o.z.p.spring.common.AdviceTraits     : Forbidden: Access Denied

  Starting logs for ModelingSubmissionIntegrationTest > getSubmissionsWithResultsForParticipation_otherStudentParticipation_forbidden()
    23:44:37.830 | 428 ool-1-worker-192 | DEBUG | d.t.c.a.a.c.u.util.UserUtilService   : Generate 3 students...
    23:44:37.834 | 428 ool-1-worker-192 | DEBUG | d.t.c.a.a.c.u.util.UserUtilService   : 3 students generated. Generate 1 tutors...
    23:44:37.836 | 428 ool-1-worker-192 | DEBUG | d.t.c.a.a.c.u.util.UserUtilService   : 1 tutors generated. Generate 0 editors...
    23:44:37.837 | 428 ool-1-worker-192 | DEBUG | d.t.c.a.a.c.u.util.UserUtilService   : 0 editors generated. Generate 1 instructors...
    23:44:37.839 | 428 ool-1-worker-192 | DEBUG | d.t.c.a.a.c.u.util.UserUtilService   : 1 instructors generated
    23:44:37.840 | 428 ool-1-worker-192 | DEBUG | d.t.c.a.a.c.u.util.UserUtilService   : Removing 5 users from all courses...
    23:44:37.841 | 428 ool-1-worker-192 | DEBUG | d.t.c.a.a.c.u.util.UserUtilService   : Removing 5 users from all courses. Done
    23:44:37.841 | 428 ool-1-worker-192 | DEBUG | d.t.c.a.a.c.u.util.UserUtilService   : Save 5 users to database...
    23:44:37.843 | 428 ool-1-worker-192 | DEBUG | d.t.c.a.a.c.u.util.UserUtilService   : Save 5 users to database. Done
    23:44:37.867 | 428 ool-1-worker-192 | INFO  | i.z.t.d.l.EmbeddedDatabaseReporter   : JDBC URL to connect to 'dataSource': url='jdbc:h2:tcp://localhost:41063/mem:f240edcd-27ce-47a3-b4ab-a6a00c154135;USER=sa', scope='ModelingSubmissionIntegrationTest#getSubmissionsWithResultsForParticipation_otherStudentParticipation_forbidden'
    23:44:37.871 | 428 ool-1-worker-192 | DEBUG | d.t.c.a.a.c.s.f.ApiVersionFilter     : Adding Version to Request GET /api/participations/1435/submissions-with-results
    23:44:37.872 | 428 ool-1-worker-192 | DEBUG | c.a.a.m.w.ModelingSubmissionResource : REST request to get submissions with results for participation: 1435
    23:44:37.875 | 428 ool-1-worker-192 | WARN  | o.z.p.spring.common.AdviceTraits     : Forbidden: You are not allowed to access this resource

Finished logs for ModelingSubmissionIntegrationTest
	at org.springframework.web.filter.ServerHttpObservationFilter.doFilterInternal(ServerHttpObservationFilter.java:114)
	at org.springframework.web.filter.OncePerRequestFilter.doFilter(OncePerRequestFilter.java:116)
	at org.springframework.test.web.servlet.setup.MockMvcFilterDecorator.doFilter(MockMvcFilterDecorator.java:162)
	at org.springframework.mock.web.MockFilterChain.doFilter(MockFilterChain.java:132)
	at io.sentry.spring.jakarta.tracing.SentryTracingFilter.doFilterInternal(SentryTracingFilter.java:91)
	at org.springframework.web.filter.OncePerRequestFilter.doFilter(OncePerRequestFilter.java:116)
	at org.springframework.test.web.servlet.setup.MockMvcFilterDecorator.doFilter(MockMvcFilterDecorator.java:162)
	at org.springframework.mock.web.MockFilterChain.doFilter(MockFilterChain.java:132)
	at org.springframework.web.filter.CharacterEncodingFilter.doFilterInternal(CharacterEncodingFilter.java:201)
	at org.springframework.web.filter.OncePerRequestFilter.doFilter(OncePerRequestFilter.java:116)
	at org.springframework.test.web.servlet.setup.MockMvcFilterDecorator.doFilter(MockMvcFilterDecorator.java:162)
	at org.springframework.mock.web.MockFilterChain.doFilter(MockFilterChain.java:132)
	at io.sentry.spring.jakarta.SentrySpringFilter.doFilterInternal(SentrySpringFilter.java:76)
	at org.springframework.web.filter.OncePerRequestFilter.doFilter(OncePerRequestFilter.java:116)
	at org.springframework.test.web.servlet.setup.MockMvcFilterDecorator.doFilter(MockMvcFilterDecorator.java:162)
	at org.springframework.mock.web.MockFilterChain.doFilter(MockFilterChain.java:132)
	at org.springframework.test.web.servlet.MockMvc.perform(MockMvc.java:201)
	at de.tum.cit.aet.artemis.core.util.RequestUtilService.performMvcRequest(RequestUtilService.java:79)
	at de.tum.cit.aet.artemis.core.util.RequestUtilService.delete(RequestUtilService.java:780)
	at de.tum.cit.aet.artemis.programming.CourseGitlabJenkinsIntegrationTest.testRemoveTutorFromCourse_removeUserFromGitlabGroupFails(CourseGitlabJenkinsIntegrationTest.java:562)
	at java.base/jdk.internal.reflect.DirectMethodHandleAccessor.invoke(DirectMethodHandleAccessor.java:103)
	at java.base/java.lang.reflect.Method.invoke(Method.java:580)
	at org.junit.platform.commons.util.ReflectionUtils.invokeMethod(ReflectionUtils.java:767)
	at org.junit.jupiter.engine.execution.MethodInvocation.proceed(MethodInvocation.java:60)
	at org.junit.jupiter.engine.execution.InvocationInterceptorChain$ValidatingInvocation.proceed(InvocationInterceptorChain.java:131)
	at org.junit.jupiter.engine.extension.TimeoutExtension.intercept(TimeoutExtension.java:156)
	at org.junit.jupiter.engine.extension.TimeoutExtension.interceptTestableMethod(TimeoutExtension.java:147)
	at org.junit.jupiter.engine.extension.TimeoutExtension.interceptTestMethod(TimeoutExtension.java:86)
	at org.junit.jupiter.engine.execution.InterceptingExecutableInvoker$ReflectiveInterceptorCall.lambda$ofVoidMethod$0(InterceptingExecutableInvoker.java:103)
	at org.junit.jupiter.engine.execution.InterceptingExecutableInvoker.lambda$invoke$0(InterceptingExecutableInvoker.java:93)
	at org.junit.jupiter.engine.execution.InvocationInterceptorChain$InterceptedInvocation.proceed(InvocationInterceptorChain.java:106)
	at org.junit.jupiter.engine.execution.InvocationInterceptorChain.proceed(InvocationInterceptorChain.java:64)
	at org.junit.jupiter.engine.execution.InvocationInterceptorChain.chainAndInvoke(InvocationInterceptorChain.java:45)
	at org.junit.jupiter.engine.execution.InvocationInterceptorChain.invoke(InvocationInterceptorChain.java:37)
	at org.junit.jupiter.engine.execution.InterceptingExecutableInvoker.invoke(InterceptingExecutableInvoker.java:92)
	at org.junit.jupiter.engine.execution.InterceptingExecutableInvoker.invoke(InterceptingExecutableInvoker.java:86)
	at org.junit.jupiter.engine.descriptor.TestMethodTestDescriptor.lambda$invokeTestMethod$8(TestMethodTestDescriptor.java:217)
	at org.junit.platform.engine.support.hierarchical.ThrowableCollector.execute(ThrowableCollector.java:73)
	at org.junit.jupiter.engine.descriptor.TestMethodTestDescriptor.invokeTestMethod(TestMethodTestDescriptor.java:213)
	at org.junit.jupiter.engine.descriptor.TestMethodTestDescriptor.execute(TestMethodTestDescriptor.java:138)
	at org.junit.jupiter.engine.descriptor.TestMethodTestDescriptor.execute(TestMethodTestDescriptor.java:68)
	at org.junit.platform.engine.support.hierarchical.NodeTestTask.lambda$executeRecursively$6(NodeTestTask.java:156)
	at org.junit.platform.engine.support.hierarchical.ThrowableCollector.execute(ThrowableCollector.java:73)
	at org.junit.platform.engine.support.hierarchical.NodeTestTask.lambda$executeRecursively$8(NodeTestTask.java:146)
	at org.junit.platform.engine.support.hierarchical.Node.around(Node.java:137)
	at org.junit.platform.engine.support.hierarchical.NodeTestTask.lambda$executeRecursively$9(NodeTestTask.java:144)
	at org.junit.platform.engine.support.hierarchical.ThrowableCollector.execute(ThrowableCollector.java:73)
	at org.junit.platform.engine.support.hierarchical.NodeTestTask.executeRecursively(NodeTestTask.java:143)
	at org.junit.platform.engine.support.hierarchical.NodeTestTask.execute(NodeTestTask.java:100)
	at org.junit.platform.engine.support.hierarchical.ForkJoinPoolHierarchicalTestExecutorService$ExclusiveTask.exec(ForkJoinPoolHierarchicalTestExecutorService.java:274)
	at org.junit.platform.engine.support.hierarchical.ForkJoinPoolHierarchicalTestExecutorService$ExclusiveTask.execSync(ForkJoinPoolHierarchicalTestExecutorService.java:247)
	at org.junit.platform.engine.support.hierarchical.ForkJoinPoolHierarchicalTestExecutorService.executeSync(ForkJoinPoolHierarchicalTestExecutorService.java:194)
	at org.junit.platform.engine.support.hierarchical.ForkJoinPoolHierarchicalTestExecutorService.invokeAll(ForkJoinPoolHierarchicalTestExecutorService.java:166)
	at org.junit.platform.engine.support.hierarchical.NodeTestTask.lambda$executeRecursively$6(NodeTestTask.java:160)
	at org.junit.platform.engine.support.hierarchical.ThrowableCollector.execute(ThrowableCollector.java:73)
	at org.junit.platform.engine.support.hierarchical.NodeTestTask.lambda$executeRecursively$8(NodeTestTask.java:146)
	at org.junit.platform.engine.support.hierarchical.Node.around(Node.java:137)
	at org.junit.platform.engine.support.hierarchical.NodeTestTask.lambda$executeRecursively$9(NodeTestTask.java:144)
	at org.junit.platform.engine.support.hierarchical.ThrowableCollector.execute(ThrowableCollector.java:73)
	at org.junit.platform.engine.support.hierarchical.NodeTestTask.executeRecursively(NodeTestTask.java:143)
	at org.junit.platform.engine.support.hierarchical.NodeTestTask.execute(NodeTestTask.java:100)
	at org.junit.platform.engine.support.hierarchical.ForkJoinPoolHierarchicalTestExecutorService$ExclusiveTask.exec(ForkJoinPoolHierarchicalTestExecutorService.java:274)
	at java.base/java.util.concurrent.ForkJoinTask.doExec(ForkJoinTask.java:387)
	at java.base/java.util.concurrent.ForkJoinPool$WorkQueue.topLevelExec(ForkJoinPool.java:1312)
	at java.base/java.util.concurrent.ForkJoinPool.scan(ForkJoinPool.java:1843)
	at java.base/java.util.concurrent.ForkJoinPool.runWorker(ForkJoinPool.java:1808)
	at java.base/java.util.concurrent.ForkJoinWorkerThread.run(ForkJoinWorkerThread.java:188)
    23:44:17.579 | 441 ool-1-worker-205 | ERROR | o.z.p.spring.common.AdviceTraits     : Internal Server Error
de.tum.cit.aet.artemis.programming.service.gitlab.GitLabException: Error while trying to update user in GitLab: User{login='courseegitlabjenkinstutor1', firstName='courseegitlabjenkinstutor1First', lastName='courseegitlabjenkinstutor1Last', email='courseegitlabjenkinstutor1@test.de', imageUrl='null', activated='true', langKey='en', activationKey='null'}
	at de.tum.cit.aet.artemis.programming.service.gitlab.GitLabUserManagementService.updateVcsUser(GitLabUserManagementService.java:83)
	at de.tum.cit.aet.artemis.programming.service.gitlab.GitLabUserManagementService.updateVcsUser(GitLabUserManagementService.java:69)
	at de.tum.cit.aet.artemis.programming.service.vcs.VcsUserManagementService.updateVcsUser(VcsUserManagementService.java:37)
	at de.tum.cit.aet.artemis.core.service.user.UserService.lambda$removeUserFromGroup$21(UserService.java:704)
	at java.base/java.util.Optional.ifPresent(Optional.java:178)
	at de.tum.cit.aet.artemis.core.service.user.UserService.removeUserFromGroup(UserService.java:704)
	at de.tum.cit.aet.artemis.core.service.CourseService.removeUserFromGroup(CourseService.java:1095)
	at java.base/jdk.internal.reflect.DirectMethodHandleAccessor.invoke(DirectMethodHandleAccessor.java:103)
	at java.base/java.lang.reflect.Method.invoke(Method.java:580)
	at org.springframework.aop.support.AopUtils.invokeJoinpointUsingReflection(AopUtils.java:359)
	at org.springframework.aop.framework.CglibAopProxy$DynamicAdvisedInterceptor.intercept(CglibAopProxy.java:723)
	at de.tum.cit.aet.artemis.core.service.CourseService$$SpringCGLIB$$0.removeUserFromGroup(<generated>)
	at de.tum.cit.aet.artemis.core.web.CourseResource.removeUserFromCourseGroup(CourseResource.java:1325)
	at de.tum.cit.aet.artemis.core.web.CourseResource.removeTutorFromCourse(CourseResource.java:1273)
	at java.base/jdk.internal.reflect.DirectMethodHandleAccessor.invoke(DirectMethodHandleAccessor.java:103)
	at java.base/java.lang.reflect.Method.invoke(Method.java:580)
	at org.springframework.aop.support.AopUtils.invokeJoinpointUsingReflection(AopUtils.java:359)
	at org.springframework.aop.framework.ReflectiveMethodInvocation.invokeJoinpoint(ReflectiveMethodInvocation.java:196)
	at org.springframework.aop.framework.ReflectiveMethodInvocation.proceed(ReflectiveMethodInvocation.java:163)
	at org.springframework.security.authorization.method.AuthorizationManagerBeforeMethodInterceptor.proceed(AuthorizationManagerBeforeMethodInterceptor.java:268)
	at org.springframework.security.authorization.method.AuthorizationManagerBeforeMethodInterceptor.attemptAuthorization(AuthorizationManagerBeforeMethodInterceptor.java:263)
	at org.springframework.security.authorization.method.AuthorizationManagerBeforeMethodInterceptor.invoke(AuthorizationManagerBeforeMethodInterceptor.java:196)
	at org.springframework.security.config.annotation.method.configuration.DeferringMethodInterceptor.invoke(DeferringMethodInterceptor.java:44)
	at org.springframework.aop.framework.ReflectiveMethodInvocation.proceed(ReflectiveMethodInvocation.java:184)
	at org.springframework.aop.interceptor.ExposeInvocationInterceptor.invoke(ExposeInvocationInterceptor.java:97)
	at org.springframework.aop.framework.ReflectiveMethodInvocation.proceed(ReflectiveMethodInvocation.java:184)
	at org.springframework.aop.framework.CglibAopProxy$DynamicAdvisedInterceptor.intercept(CglibAopProxy.java:727)
	at de.tum.cit.aet.artemis.core.web.CourseResource$$SpringCGLIB$$0.removeTutorFromCourse(<generated>)
	at java.base/jdk.internal.reflect.DirectMethodHandleAccessor.invoke(DirectMethodHandleAccessor.java:103)
	at java.base/java.lang.reflect.Method.invoke(Method.java:580)
	at org.springframework.web.method.support.InvocableHandlerMethod.doInvoke(InvocableHandlerMethod.java:257)
	at org.springframework.web.method.support.InvocableHandlerMethod.invokeForRequest(InvocableHandlerMethod.java:190)
	at org.springframework.web.servlet.mvc.method.annotation.ServletInvocableHandlerMethod.invokeAndHandle(ServletInvocableHandlerMethod.java:118)
	at org.springframework.web.servlet.mvc.method.annotation.RequestMappingHandlerAdapter.invokeHandlerMethod(RequestMappingHandlerAdapter.java:986)
	at org.springframework.web.servlet.mvc.method.annotation.RequestMappingHandlerAdapter.handleInternal(RequestMappingHandlerAdapter.java:891)
	at org.springframework.web.servlet.mvc.method.AbstractHandlerMethodAdapter.handle(AbstractHandlerMethodAdapter.java:87)
	at org.springframework.web.servlet.DispatcherServlet.doDispatch(DispatcherServlet.java:1088)
	at org.springframework.web.servlet.DispatcherServlet.doService(DispatcherServlet.java:978)
	at org.springframework.web.servlet.FrameworkServlet.processRequest(FrameworkServlet.java:1014)
	at org.springframework.web.servlet.FrameworkServlet.doDelete(FrameworkServlet.java:936)
	at jakarta.servlet.http.HttpServlet.service(HttpServlet.java:553)
	at org.springframework.web.servlet.FrameworkServlet.service(FrameworkServlet.java:885)
	at org.springframework.test.web.servlet.TestDispatcherServlet.service(TestDispatcherServlet.java:72)
	at jakarta.servlet.http.HttpServlet.service(HttpServlet.java:614)
	at org.springframework.mock.web.MockFilterChain$ServletFilterProxy.doFilter(MockFilterChain.java:165)
	at org.springframework.mock.web.MockFilterChain.doFilter(MockFilterChain.java:132)
	at org.springframework.web.filter.OncePerRequestFilter.doFilter(OncePerRequestFilter.java:110)
	at org.springframework.test.web.servlet.setup.MockMvcFilterDecorator.doFilter(MockMvcFilterDecorator.java:162)
	at org.springframework.mock.web.MockFilterChain.doFilter(MockFilterChain.java:132)
	at de.tum.cit.aet.artemis.core.security.filter.ApiVersionFilter.doFilter(ApiVersionFilter.java:55)
	at org.springframework.test.web.servlet.setup.MockMvcFilterDecorator.doFilter(MockMvcFilterDecorator.java:162)
	at org.springframework.mock.web.MockFilterChain.doFilter(MockFilterChain.java:132)
	at io.sentry.spring.jakarta.SentryUserFilter.doFilterInternal(SentryUserFilter.java:56)
	at org.springframework.web.filter.OncePerRequestFilter.doFilter(OncePerRequestFilter.java:116)
	at org.springframework.test.web.servlet.setup.MockMvcFilterDecorator.doFilter(MockMvcFilterDecorator.java:162)
	at org.springframework.mock.web.MockFilterChain.doFilter(MockFilterChain.java:132)
	at org.springframework.web.filter.CompositeFilter$VirtualFilterChain.doFilter(CompositeFilter.java:108)
	at org.springframework.security.web.FilterChainProxy.lambda$doFilterInternal$3(FilterChainProxy.java:231)
	at org.springframework.security.web.ObservationFilterChainDecorator$FilterObservation$SimpleFilterObservation.lambda$wrap$1(ObservationFilterChainDecorator.java:479)
	at org.springframework.security.web.ObservationFilterChainDecorator$AroundFilterObservation$SimpleAroundFilterObservation.lambda$wrap$1(ObservationFilterChainDecorator.java:340)
	at org.springframework.security.web.ObservationFilterChainDecorator.lambda$wrapSecured$0(ObservationFilterChainDecorator.java:82)
	at org.springframework.security.web.ObservationFilterChainDecorator$VirtualFilterChain.doFilter(ObservationFilterChainDecorator.java:128)
	at org.springframework.security.web.access.intercept.AuthorizationFilter.doFilter(AuthorizationFilter.java:101)
	at org.springframework.security.web.ObservationFilterChainDecorator$ObservationFilter.wrapFilter(ObservationFilterChainDecorator.java:240)
	at org.springframework.security.web.ObservationFilterChainDecorator$ObservationFilter.doFilter(ObservationFilterChainDecorator.java:227)
	at org.springframework.security.web.ObservationFilterChainDecorator$VirtualFilterChain.doFilter(ObservationFilterChainDecorator.java:137)
	at org.springframework.security.web.access.ExceptionTranslationFilter.doFilter(ExceptionTranslationFilter.java:126)
	at org.springframework.security.web.access.ExceptionTranslationFilter.doFilter(ExceptionTranslationFilter.java:120)
	at org.springframework.security.web.ObservationFilterChainDecorator$ObservationFilter.wrapFilter(ObservationFilterChainDecorator.java:240)
	at org.springframework.security.web.ObservationFilterChainDecorator$ObservationFilter.doFilter(ObservationFilterChainDecorator.java:227)
	at org.springframework.security.web.ObservationFilterChainDecorator$VirtualFilterChain.doFilter(ObservationFilterChainDecorator.java:137)
	at org.springframework.security.web.session.SessionManagementFilter.doFilter(SessionManagementFilter.java:131)
	at org.springframework.security.web.session.SessionManagementFilter.doFilter(SessionManagementFilter.java:85)
	at org.springframework.security.web.ObservationFilterChainDecorator$ObservationFilter.wrapFilter(ObservationFilterChainDecorator.java:240)
	at org.springframework.security.web.ObservationFilterChainDecorator$ObservationFilter.doFilter(ObservationFilterChainDecorator.java:227)
	at org.springframework.security.web.ObservationFilterChainDecorator$VirtualFilterChain.doFilter(ObservationFilterChainDecorator.java:137)
	at org.springframework.security.web.authentication.AnonymousAuthenticationFilter.doFilter(AnonymousAuthenticationFilter.java:100)
	at org.springframework.security.web.ObservationFilterChainDecorator$ObservationFilter.wrapFilter(ObservationFilterChainDecorator.java:240)
	at org.springframework.security.web.ObservationFilterChainDecorator$ObservationFilter.doFilter(ObservationFilterChainDecorator.java:227)
	at org.springframework.security.web.ObservationFilterChainDecorator$VirtualFilterChain.doFilter(ObservationFilterChainDecorator.java:137)
	at org.springframework.security.web.servletapi.SecurityContextHolderAwareRequestFilter.doFilter(SecurityContextHolderAwareRequestFilter.java:179)
	at org.springframework.security.web.ObservationFilterChainDecorator$ObservationFilter.wrapFilter(ObservationFilterChainDecorator.java:240)
	at org.springframework.security.web.ObservationFilterChainDecorator$ObservationFilter.doFilter(ObservationFilterChainDecorator.java:227)
	at org.springframework.security.web.ObservationFilterChainDecorator$VirtualFilterChain.doFilter(ObservationFilterChainDecorator.java:137)
	at org.springframework.security.web.savedrequest.RequestCacheAwareFilter.doFilter(RequestCacheAwareFilter.java:63)
	at org.springframework.security.web.ObservationFilterChainDecorator$ObservationFilter.wrapFilter(ObservationFilterChainDecorator.java:240)
	at org.springframework.security.web.ObservationFilterChainDecorator$ObservationFilter.doFilter(ObservationFilterChainDecorator.java:227)
	at org.springframework.security.web.ObservationFilterChainDecorator$VirtualFilterChain.doFilter(ObservationFilterChainDecorator.java:137)
	at de.tum.cit.aet.artemis.core.security.filter.SpaWebFilter.doFilterInternal(SpaWebFilter.java:23)
	at org.springframework.web.filter.OncePerRequestFilter.doFilter(OncePerRequestFilter.java:116)
	at org.springframework.security.web.ObservationFilterChainDecorator$ObservationFilter.wrapFilter(ObservationFilterChainDecorator.java:240)
	at org.springframework.security.web.ObservationFilterChainDecorator$ObservationFilter.doFilter(ObservationFilterChainDecorator.java:227)
	at org.springframework.security.web.ObservationFilterChainDecorator$VirtualFilterChain.doFilter(ObservationFilterChainDecorator.java:137)
	at org.springframework.web.filter.OncePerRequestFilter.doFilter(OncePerRequestFilter.java:110)
	at org.springframework.security.web.ObservationFilterChainDecorator$ObservationFilter.wrapFilter(ObservationFilterChainDecorator.java:240)
	at org.springframework.security.web.ObservationFilterChainDecorator$ObservationFilter.doFilter(ObservationFilterChainDecorator.java:227)
	at org.springframework.security.web.ObservationFilterChainDecorator$VirtualFilterChain.doFilter(ObservationFilterChainDecorator.java:137)
	at de.tum.cit.aet.artemis.lti.config.Lti13LaunchFilter.doFilterInternal(Lti13LaunchFilter.java:60)
	at org.springframework.web.filter.OncePerRequestFilter.doFilter(OncePerRequestFilter.java:116)
	at org.springframework.security.web.ObservationFilterChainDecorator$ObservationFilter.wrapFilter(ObservationFilterChainDecorator.java:240)
	at org.springframework.security.web.ObservationFilterChainDecorator$ObservationFilter.doFilter(ObservationFilterChainDecorator.java:227)
	at org.springframework.security.web.ObservationFilterChainDecorator$VirtualFilterChain.doFilter(ObservationFilterChainDecorator.java:137)
	at de.tum.cit.aet.artemis.core.security.jwt.JWTFilter.doFilter(JWTFilter.java:55)
	at org.springframework.security.web.ObservationFilterChainDecorator$ObservationFilter.wrapFilter(ObservationFilterChainDecorator.java:240)
	at org.springframework.security.web.ObservationFilterChainDecorator$ObservationFilter.doFilter(ObservationFilterChainDecorator.java:227)
	at org.springframework.security.web.ObservationFilterChainDecorator$VirtualFilterChain.doFilter(ObservationFilterChainDecorator.java:137)
	at de.tum.cit.aet.artemis.core.security.jwt.JWTFilter.doFilter(JWTFilter.java:55)
	at org.springframework.security.web.ObservationFilterChainDecorator$ObservationFilter.wrapFilter(ObservationFilterChainDecorator.java:240)
	at org.springframework.security.web.ObservationFilterChainDecorator$ObservationFilter.doFilter(ObservationFilterChainDecorator.java:227)
	at org.springframework.security.web.ObservationFilterChainDecorator$VirtualFilterChain.doFilter(ObservationFilterChainDecorator.java:137)
	at org.springframework.web.filter.CorsFilter.doFilterInternal(CorsFilter.java:91)
	at org.springframework.web.filter.OncePerRequestFilter.doFilter(OncePerRequestFilter.java:116)
	at org.springframework.security.web.ObservationFilterChainDecorator$ObservationFilter.wrapFilter(ObservationFilterChainDecorator.java:240)
	at org.springframework.security.web.ObservationFilterChainDecorator$ObservationFilter.doFilter(ObservationFilterChainDecorator.java:227)
	at org.springframework.security.web.ObservationFilterChainDecorator$VirtualFilterChain.doFilter(ObservationFilterChainDecorator.java:137)
	at org.springframework.web.filter.OncePerRequestFilter.doFilter(OncePerRequestFilter.java:110)
	at org.springframework.security.web.ObservationFilterChainDecorator$ObservationFilter.wrapFilter(ObservationFilterChainDecorator.java:240)
	at org.springframework.security.web.ObservationFilterChainDecorator$ObservationFilter.doFilter(ObservationFilterChainDecorator.java:227)
	at org.springframework.security.web.ObservationFilterChainDecorator$VirtualFilterChain.doFilter(ObservationFilterChainDecorator.java:137)
	at uk.ac.ox.ctl.lti13.security.oauth2.client.lti.web.OAuth2AuthorizationRequestRedirectFilter.doFilterInternal(OAuth2AuthorizationRequestRedirectFilter.java:142)
	at org.springframework.web.filter.OncePerRequestFilter.doFilter(OncePerRequestFilter.java:116)
	at org.springframework.security.web.ObservationFilterChainDecorator$ObservationFilter.wrapFilter(ObservationFilterChainDecorator.java:240)
	at org.springframework.security.web.ObservationFilterChainDecorator$ObservationFilter.doFilter(ObservationFilterChainDecorator.java:227)
	at org.springframework.security.web.ObservationFilterChainDecorator$VirtualFilterChain.doFilter(ObservationFilterChainDecorator.java:137)
	at org.springframework.security.web.authentication.logout.LogoutFilter.doFilter(LogoutFilter.java:107)
	at org.springframework.security.web.authentication.logout.LogoutFilter.doFilter(LogoutFilter.java:93)
	at org.springframework.security.web.ObservationFilterChainDecorator$ObservationFilter.wrapFilter(ObservationFilterChainDecorator.java:240)
	at org.springframework.security.web.ObservationFilterChainDecorator$ObservationFilter.doFilter(ObservationFilterChainDecorator.java:227)
	at org.springframework.security.web.ObservationFilterChainDecorator$VirtualFilterChain.doFilter(ObservationFilterChainDecorator.java:137)
	at org.springframework.security.web.header.HeaderWriterFilter.doHeadersAfter(HeaderWriterFilter.java:90)
	at org.springframework.security.web.header.HeaderWriterFilter.doFilterInternal(HeaderWriterFilter.java:75)
	at org.springframework.web.filter.OncePerRequestFilter.doFilter(OncePerRequestFilter.java:116)
	at org.springframework.security.web.ObservationFilterChainDecorator$ObservationFilter.wrapFilter(ObservationFilterChainDecorator.java:240)
	at org.springframework.security.web.ObservationFilterChainDecorator$ObservationFilter.doFilter(ObservationFilterChainDecorator.java:227)
	at org.springframework.security.web.ObservationFilterChainDecorator$VirtualFilterChain.doFilter(ObservationFilterChainDecorator.java:137)
	at org.springframework.security.web.context.SecurityContextHolderFilter.doFilter(SecurityContextHolderFilter.java:82)
	at org.springframework.security.web.context.SecurityContextHolderFilter.doFilter(SecurityContextHolderFilter.java:69)
	at org.springframework.security.web.ObservationFilterChainDecorator$ObservationFilter.wrapFilter(ObservationFilterChainDecorator.java:240)
	at org.springframework.security.web.ObservationFilterChainDecorator$ObservationFilter.doFilter(ObservationFilterChainDecorator.java:227)
	at org.springframework.security.web.ObservationFilterChainDecorator$VirtualFilterChain.doFilter(ObservationFilterChainDecorator.java:137)
	at org.springframework.security.web.context.request.async.WebAsyncManagerIntegrationFilter.doFilterInternal(WebAsyncManagerIntegrationFilter.java:62)
	at org.springframework.web.filter.OncePerRequestFilter.doFilter(OncePerRequestFilter.java:116)
	at org.springframework.security.web.ObservationFilterChainDecorator$ObservationFilter.wrapFilter(ObservationFilterChainDecorator.java:240)
	at org.springframework.security.web.ObservationFilterChainDecorator$ObservationFilter.doFilter(ObservationFilterChainDecorator.java:227)
	at org.springframework.security.web.ObservationFilterChainDecorator$VirtualFilterChain.doFilter(ObservationFilterChainDecorator.java:137)
	at org.springframework.security.web.session.DisableEncodeUrlFilter.doFilterInternal(DisableEncodeUrlFilter.java:42)
	at org.springframework.web.filter.OncePerRequestFilter.doFilter(OncePerRequestFilter.java:116)
	at org.springframework.security.web.ObservationFilterChainDecorator$ObservationFilter.wrapFilter(ObservationFilterChainDecorator.java:240)
	at org.springframework.security.web.ObservationFilterChainDecorator$AroundFilterObservation$SimpleAroundFilterObservation.lambda$wrap$0(ObservationFilterChainDecorator.java:323)
	at org.springframework.security.web.ObservationFilterChainDecorator$ObservationFilter.doFilter(ObservationFilterChainDecorator.java:224)
	at org.springframework.security.web.ObservationFilterChainDecorator$VirtualFilterChain.doFilter(ObservationFilterChainDecorator.java:137)
	at org.springframework.security.web.FilterChainProxy.doFilterInternal(FilterChainProxy.java:233)
	at org.springframework.security.web.FilterChainProxy.doFilter(FilterChainProxy.java:191)
	at org.springframework.web.filter.CompositeFilter$VirtualFilterChain.doFilter(CompositeFilter.java:113)
	at org.springframework.web.servlet.handler.HandlerMappingIntrospector.lambda$createCacheFilter$3(HandlerMappingIntrospector.java:243)
	at org.springframework.web.filter.CompositeFilter$VirtualFilterChain.doFilter(CompositeFilter.java:113)
	at org.springframework.web.filter.CompositeFilter.doFilter(CompositeFilter.java:74)
	at org.springframework.security.config.annotation.web.configuration.WebMvcSecurityConfiguration$CompositeFilterChainProxy.doFilter(WebMvcSecurityConfiguration.java:238)
	at org.springframework.web.filter.DelegatingFilterProxy.invokeDelegate(DelegatingFilterProxy.java:362)
	at org.springframework.web.filter.DelegatingFilterProxy.doFilter(DelegatingFilterProxy.java:278)
	at org.springframework.test.web.servlet.setup.MockMvcFilterDecorator.doFilter(MockMvcFilterDecorator.java:162)
	at org.springframework.mock.web.MockFilterChain.doFilter(MockFilterChain.java:132)
	at org.springframework.web.filter.RequestContextFilter.doFilterInternal(RequestContextFilter.java:100)
	at org.springframework.web.filter.OncePerRequestFilter.doFilter(OncePerRequestFilter.java:116)
	at org.springframework.test.web.servlet.setup.MockMvcFilterDecorator.doFilter(MockMvcFilterDecorator.java:162)
	at org.springframework.mock.web.MockFilterChain.doFilter(MockFilterChain.java:132)
	at org.springframework.web.filter.FormContentFilter.doFilterInternal(FormContentFilter.java:93)
	at org.springframework.web.filter.OncePerRequestFilter.doFilter(OncePerRequestFilter.java:116)
	at org.springframework.test.web.servlet.setup.MockMvcFilterDecorator.doFilter(MockMvcFilterDecorator.java:162)
	at org.springframework.mock.web.MockFilterChain.doFilter(MockFilterChain.java:132)
	at org.springframework.web.filter.ServerHttpObservationFilter.doFilterInternal(ServerHttpObservationFilter.java:114)
	at org.springframework.web.filter.OncePerRequestFilter.doFilter(OncePerRequestFilter.java:116)
	at org.springframework.test.web.servlet.setup.MockMvcFilterDecorator.doFilter(MockMvcFilterDecorator.java:162)
	at org.springframework.mock.web.MockFilterChain.doFilter(MockFilterChain.java:132)
	at io.sentry.spring.jakarta.tracing.SentryTracingFilter.doFilterInternal(SentryTracingFilter.java:91)
	at org.springframework.web.filter.OncePerRequestFilter.doFilter(OncePerRequestFilter.java:116)
	at org.springframework.test.web.servlet.setup.MockMvcFilterDecorator.doFilter(MockMvcFilterDecorator.java:162)
	at org.springframework.mock.web.MockFilterChain.doFilter(MockFilterChain.java:132)
	at org.springframework.web.filter.CharacterEncodingFilter.doFilterInternal(CharacterEncodingFilter.java:201)
	at org.springframework.web.filter.OncePerRequestFilter.doFilter(OncePerRequestFilter.java:116)
	at org.springframework.test.web.servlet.setup.MockMvcFilterDecorator.doFilter(MockMvcFilterDecorator.java:162)
	at org.springframework.mock.web.MockFilterChain.doFilter(MockFilterChain.java:132)
	at io.sentry.spring.jakarta.SentrySpringFilter.doFilterInternal(SentrySpringFilter.java:76)
	at org.springframework.web.filter.OncePerRequestFilter.doFilter(OncePerRequestFilter.java:116)
	at org.springframework.test.web.servlet.setup.MockMvcFilterDecorator.doFilter(MockMvcFilterDecorator.java:162)
	at org.springframework.mock.web.MockFilterChain.doFilter(MockFilterChain.java:132)
	at org.springframework.test.web.servlet.MockMvc.perform(MockMvc.java:201)
	at de.tum.cit.aet.artemis.core.util.RequestUtilService.performMvcRequest(RequestUtilService.java:79)
	at de.tum.cit.aet.artemis.core.util.RequestUtilService.delete(RequestUtilService.java:780)
	at de.tum.cit.aet.artemis.programming.CourseGitlabJenkinsIntegrationTest.testRemoveTutorFromCourse_removeUserFromGitlabGroupFails(CourseGitlabJenkinsIntegrationTest.java:562)
	at java.base/jdk.internal.reflect.DirectMethodHandleAccessor.invoke(DirectMethodHandleAccessor.java:103)
	at java.base/java.lang.reflect.Method.invoke(Method.java:580)
	at org.junit.platform.commons.util.ReflectionUtils.invokeMethod(ReflectionUtils.java:767)
	at org.junit.jupiter.engine.execution.MethodInvocation.proceed(MethodInvocation.java:60)
	at org.junit.jupiter.engine.execution.InvocationInterceptorChain$ValidatingInvocation.proceed(InvocationInterceptorChain.java:131)
	at org.junit.jupiter.engine.extension.TimeoutExtension.intercept(TimeoutExtension.java:156)
	at org.junit.jupiter.engine.extension.TimeoutExtension.interceptTestableMethod(TimeoutExtension.java:147)
	at org.junit.jupiter.engine.extension.TimeoutExtension.interceptTestMethod(TimeoutExtension.java:86)
	at org.junit.jupiter.engine.execution.InterceptingExecutableInvoker$ReflectiveInterceptorCall.lambda$ofVoidMethod$0(InterceptingExecutableInvoker.java:103)
	at org.junit.jupiter.engine.execution.InterceptingExecutableInvoker.lambda$invoke$0(InterceptingExecutableInvoker.java:93)
	at org.junit.jupiter.engine.execution.InvocationInterceptorChain$InterceptedInvocation.proceed(InvocationInterceptorChain.java:106)
	at org.junit.jupiter.engine.execution.InvocationInterceptorChain.proceed(InvocationInterceptorChain.java:64)
	at org.junit.jupiter.engine.execution.InvocationInterceptorChain.chainAndInvoke(InvocationInterceptorChain.java:45)
	at org.junit.jupiter.engine.execution.InvocationInterceptorChain.invoke(InvocationInterceptorChain.java:37)
	at org.junit.jupiter.engine.execution.InterceptingExecutableInvoker.invoke(InterceptingExecutableInvoker.java:92)
	at org.junit.jupiter.engine.execution.InterceptingExecutableInvoker.invoke(InterceptingExecutableInvoker.java:86)
	at org.junit.jupiter.engine.descriptor.TestMethodTestDescriptor.lambda$invokeTestMethod$8(TestMethodTestDescriptor.java:217)
	at org.junit.platform.engine.support.hierarchical.ThrowableCollector.execute(ThrowableCollector.java:73)
	at org.junit.jupiter.engine.descriptor.TestMethodTestDescriptor.invokeTestMethod(TestMethodTestDescriptor.java:213)
	at org.junit.jupiter.engine.descriptor.TestMethodTestDescriptor.execute(TestMethodTestDescriptor.java:138)
	at org.junit.jupiter.engine.descriptor.TestMethodTestDescriptor.execute(TestMethodTestDescriptor.java:68)
	at org.junit.platform.engine.support.hierarchical.NodeTestTask.lambda$executeRecursively$6(NodeTestTask.java:156)
	at org.junit.platform.engine.support.hierarchical.ThrowableCollector.execute(ThrowableCollector.java:73)
	at org.junit.platform.engine.support.hierarchical.NodeTestTask.lambda$executeRecursively$8(NodeTestTask.java:146)
	at org.junit.platform.engine.support.hierarchical.Node.around(Node.java:137)
	at org.junit.platform.engine.support.hierarchical.NodeTestTask.lambda$executeRecursively$9(NodeTestTask.java:144)
	at org.junit.platform.engine.support.hierarchical.ThrowableCollector.execute(ThrowableCollector.java:73)
	at org.junit.platform.engine.support.hierarchical.NodeTestTask.executeRecursively(NodeTestTask.java:143)
	at org.junit.platform.engine.support.hierarchical.NodeTestTask.execute(NodeTestTask.java:100)
	at org.junit.platform.engine.support.hierarchical.ForkJoinPoolHierarchicalTestExecutorService$ExclusiveTask.exec(ForkJoinPoolHierarchicalTestExecutorService.java:274)
	at org.junit.platform.engine.support.hierarchical.ForkJoinPoolHierarchicalTestExecutorService$ExclusiveTask.execSync(ForkJoinPoolHierarchicalTestExecutorService.java:247)
	at org.junit.platform.engine.support.hierarchical.ForkJoinPoolHierarchicalTestExecutorService.executeSync(ForkJoinPoolHierarchicalTestExecutorService.java:194)
	at org.junit.platform.engine.support.hierarchical.ForkJoinPoolHierarchicalTestExecutorService.invokeAll(ForkJoinPoolHierarchicalTestExecutorService.java:166)
	at org.junit.platform.engine.support.hierarchical.NodeTestTask.lambda$executeRecursively$6(NodeTestTask.java:160)
	at org.junit.platform.engine.support.hierarchical.ThrowableCollector.execute(ThrowableCollector.java:73)
	at org.junit.platform.engine.support.hierarchical.NodeTestTask.lambda$executeRecursively$8(NodeTestTask.java:146)
	at org.junit.platform.engine.support.hierarchical.Node.around(Node.java:137)
	at org.junit.platform.engine.support.hierarchical.NodeTestTask.lambda$executeRecursively$9(NodeTestTask.java:144)
	at org.junit.platform.engine.support.hierarchical.ThrowableCollector.execute(ThrowableCollector.java:73)
	at org.junit.platform.engine.support.hierarchical.NodeTestTask.executeRecursively(NodeTestTask.java:143)
	at org.junit.platform.engine.support.hierarchical.NodeTestTask.execute(NodeTestTask.java:100)
	at org.junit.platform.engine.support.hierarchical.ForkJoinPoolHierarchicalTestExecutorService$ExclusiveTask.exec(ForkJoinPoolHierarchicalTestExecutorService.java:274)
	at java.base/java.util.concurrent.ForkJoinTask.doExec(ForkJoinTask.java:387)
	at java.base/java.util.concurrent.ForkJoinPool$WorkQueue.topLevelExec(ForkJoinPool.java:1312)
	at java.base/java.util.concurrent.ForkJoinPool.scan(ForkJoinPool.java:1843)
	at java.base/java.util.concurrent.ForkJoinPool.runWorker(ForkJoinPool.java:1808)
	at java.base/java.util.concurrent.ForkJoinWorkerThread.run(ForkJoinWorkerThread.java:188)
Caused by: org.gitlab4j.api.GitLabApiException: Forbidden
	at org.gitlab4j.api.GroupApi.removeMember(GroupApi.java:1330)
	at de.tum.cit.aet.artemis.programming.service.gitlab.GitLabUserManagementService.removeUserFromGroup(GitLabUserManagementService.java:464)
	at de.tum.cit.aet.artemis.programming.service.gitlab.GitLabUserManagementService.removeOrUpdateUserFromGroups(GitLabUserManagementService.java:423)
	at de.tum.cit.aet.artemis.programming.service.gitlab.GitLabUserManagementService.updateVcsUser(GitLabUserManagementService.java:80)
	at de.tum.cit.aet.artemis.programming.service.gitlab.GitLabUserManagementService.updateVcsUser(GitLabUserManagementService.java:69)
	at de.tum.cit.aet.artemis.programming.service.vcs.VcsUserManagementService.updateVcsUser(VcsUserManagementService.java:37)
	... 235 common frames omitted

  Starting logs for CourseGitlabJenkinsIntegrationTest > testGetAllCoursesForDashboardExams(boolean) [1] userRefresh=true
    23:44:17.592 | 441 ool-1-worker-205 | DEBUG | d.t.c.a.a.c.u.util.UserUtilService   : Generate 8 students...
    23:44:17.603 | 441 ool-1-worker-205 | DEBUG | d.t.c.a.a.c.u.util.UserUtilService   : 8 students generated. Generate 5 tutors...
    23:44:17.611 | 441 ool-1-worker-205 | DEBUG | d.t.c.a.a.c.u.util.UserUtilService   : 5 tutors generated. Generate 1 editors...
    23:44:17.614 | 441 ool-1-worker-205 | DEBUG | d.t.c.a.a.c.u.util.UserUtilService   : 1 editors generated. Generate 1 instructors...
    23:44:17.617 | 441 ool-1-worker-205 | DEBUG | d.t.c.a.a.c.u.util.UserUtilService   : 1 instructors generated
    23:44:17.619 | 441 ool-1-worker-205 | DEBUG | d.t.c.a.a.c.u.util.UserUtilService   : Removing 16 users from all courses...
    23:44:17.621 | 441 ool-1-worker-205 | DEBUG | d.t.c.a.a.c.u.util.UserUtilService   : Removing 16 users from all courses. Done
    23:44:17.621 | 441 ool-1-worker-205 | DEBUG | d.t.c.a.a.c.u.util.UserUtilService   : Save 15 users to database...
    23:44:17.632 | 441 ool-1-worker-205 | DEBUG | d.t.c.a.a.c.u.util.UserUtilService   : Save 15 users to database. Done
    23:44:17.643 | 441 ool-1-worker-205 | INFO  | i.z.t.d.l.EmbeddedDatabaseReporter   : JDBC URL to connect to 'dataSource': url='jdbc:h2:tcp://localhost:41063/mem:736625c0-cf5e-400d-aeaa-8a7eabd6262b;USER=sa', scope='CourseGitlabJenkinsIntegrationTest#testGetAllCoursesForDashboardExams'
    23:44:17.673 | 441 ool-1-worker-205 | DEBUG | d.t.c.a.a.c.s.f.ApiVersionFilter     : Adding Version to Request GET /api/courses/754/for-dashboard
    23:44:17.673 | 441 ool-1-worker-205 | DEBUG | d.t.c.a.a.core.web.CourseResource    : REST request to get one course 754 with exams, lectures, exercises, participations, submissions and results, etc.
    23:44:17.678 | 441 ool-1-worker-205 | DEBUG | d.t.c.a.a.core.web.CourseResource    : courseService.findOneWithExercisesAndLecturesAndExamsAndCompetenciesAndTutorialGroupsForUser done
    23:44:17.678 | 441 ool-1-worker-205 | DEBUG | d.t.c.a.a.core.web.CourseResource    : courseService.fetchParticipationsWithSubmissionsAndResultsForCourses done in getCourseForDashboard
    23:44:17.678 | 441 ool-1-worker-205 | DEBUG | d.t.c.a.a.core.web.CourseResource    : courseService.fetchPlagiarismCasesForCourseExercises done in getCourseForDashboard
    23:44:17.679 | 441 ool-1-worker-205 | DEBUG | d.t.c.a.a.core.web.CourseResource    : gradingScaleRepository.findByCourseId done in getCourseForDashboard
    23:44:17.679 | 441 ool-1-worker-205 | INFO  | d.t.c.a.a.core.web.CourseResource    : courses/754/for-dashboard (single course) finished in 5.67ms for 1 courses with 0 individual exercise(s) and 0 team exercise(s) for user courseegitlabjenkinscustom1
    23:44:17.683 | 441 ool-1-worker-205 | DEBUG | d.t.c.a.a.c.s.f.ApiVersionFilter     : Adding Version to Request GET /api/courses/755/for-dashboard
    23:44:17.684 | 441 ool-1-worker-205 | DEBUG | d.t.c.a.a.core.web.CourseResource    : REST request to get one course 755 with exams, lectures, exercises, participations, submissions and results, etc.
    23:44:17.688 | 441 ool-1-worker-205 | DEBUG | d.t.c.a.a.core.web.CourseResource    : courseService.findOneWithExercisesAndLecturesAndExamsAndCompetenciesAndTutorialGroupsForUser done
    23:44:17.689 | 441 ool-1-worker-205 | DEBUG | d.t.c.a.a.core.web.CourseResource    : courseService.fetchParticipationsWithSubmissionsAndResultsForCourses done in getCourseForDashboard
    23:44:17.689 | 441 ool-1-worker-205 | DEBUG | d.t.c.a.a.core.web.CourseResource    : courseService.fetchPlagiarismCasesForCourseExercises done in getCourseForDashboard
    23:44:17.689 | 441 ool-1-worker-205 | DEBUG | d.t.c.a.a.core.web.CourseResource    : gradingScaleRepository.findByCourseId done in getCourseForDashboard
    23:44:17.689 | 441 ool-1-worker-205 | INFO  | d.t.c.a.a.core.web.CourseResource    : courses/755/for-dashboard (single course) finished in 5.54ms for 1 courses with 0 individual exercise(s) and 0 team exercise(s) for user courseegitlabjenkinscustom1
    23:44:17.694 | 441 ool-1-worker-205 | DEBUG | d.t.c.a.a.c.s.f.ApiVersionFilter     : Adding Version to Request GET /api/courses/756/for-dashboard
    23:44:17.695 | 441 ool-1-worker-205 | DEBUG | d.t.c.a.a.core.web.CourseResource    : REST request to get one course 756 with exams, lectures, exercises, participations, submissions and results, etc.
    23:44:17.699 | 441 ool-1-worker-205 | DEBUG | d.t.c.a.a.core.web.CourseResource    : courseService.findOneWithExercisesAndLecturesAndExamsAndCompetenciesAndTutorialGroupsForUser done
    23:44:17.699 | 441 ool-1-worker-205 | DEBUG | d.t.c.a.a.core.web.CourseResource    : courseService.fetchParticipationsWithSubmissionsAndResultsForCourses done in getCourseForDashboard
    23:44:17.700 | 441 ool-1-worker-205 | DEBUG | d.t.c.a.a.core.web.CourseResource    : courseService.fetchPlagiarismCasesForCourseExercises done in getCourseForDashboard
    23:44:17.700 | 441 ool-1-worker-205 | DEBUG | d.t.c.a.a.core.web.CourseResource    : gradingScaleRepository.findByCourseId done in getCourseForDashboard
    23:44:17.703 | 441 ool-1-worker-205 | INFO  | d.t.c.a.a.core.web.CourseResource    : courses/756/for-dashboard (single course) finished in 7.72ms for 1 courses with 0 individual exercise(s) and 0 team exercise(s) for user courseegitlabjenkinscustom1
    23:44:17.708 | 441 ool-1-worker-205 | DEBUG | d.t.c.a.a.c.s.f.ApiVersionFilter     : Adding Version to Request GET /api/courses/757/for-dashboard
    23:44:17.708 | 441 ool-1-worker-205 | DEBUG | d.t.c.a.a.core.web.CourseResource    : REST request to get one course 757 with exams, lectures, exercises, participations, submissions and results, etc.
    23:44:17.713 | 441 ool-1-worker-205 | DEBUG | d.t.c.a.a.core.web.CourseResource    : courseService.findOneWithExercisesAndLecturesAndExamsAndCompetenciesAndTutorialGroupsForUser done
    23:44:17.713 | 441 ool-1-worker-205 | DEBUG | d.t.c.a.a.core.web.CourseResource    : courseService.fetchParticipationsWithSubmissionsAndResultsForCourses done in getCourseForDashboard
    23:44:17.714 | 441 ool-1-worker-205 | DEBUG | d.t.c.a.a.core.web.CourseResource    : courseService.fetchPlagiarismCasesForCourseExercises done in getCourseForDashboard
    23:44:17.714 | 441 ool-1-worker-205 | DEBUG | d.t.c.a.a.core.web.CourseResource    : gradingScaleRepository.findByCourseId done in getCourseForDashboard
    23:44:17.714 | 441 ool-1-worker-205 | INFO  | d.t.c.a.a.core.web.CourseResource    : courses/757/for-dashboard (single course) finished in 5.67ms for 1 courses with 0 individual exercise(s) and 0 team exercise(s) for user courseegitlabjenkinscustom1
    23:44:17.720 | 441 ool-1-worker-205 | DEBUG | d.t.c.a.a.c.s.f.ApiVersionFilter     : Adding Version to Request GET /api/courses/758/for-dashboard
    23:44:17.720 | 441 ool-1-worker-205 | DEBUG | d.t.c.a.a.core.web.CourseResource    : REST request to get one course 758 with exams, lectures, exercises, participations, submissions and results, etc.
    23:44:17.725 | 441 ool-1-worker-205 | DEBUG | d.t.c.a.a.core.web.CourseResource    : courseService.findOneWithExercisesAndLecturesAndExamsAndCompetenciesAndTutorialGroupsForUser done
    23:44:17.725 | 441 ool-1-worker-205 | DEBUG | d.t.c.a.a.core.web.CourseResource    : courseService.fetchParticipationsWithSubmissionsAndResultsForCourses done in getCourseForDashboard
    23:44:17.725 | 441 ool-1-worker-205 | DEBUG | d.t.c.a.a.core.web.CourseResource    : courseService.fetchPlagiarismCasesForCourseExercises done in getCourseForDashboard
    23:44:17.726 | 441 ool-1-worker-205 | DEBUG | d.t.c.a.a.core.web.CourseResource    : gradingScaleRepository.findByCourseId done in getCourseForDashboard
    23:44:17.726 | 441 ool-1-worker-205 | INFO  | d.t.c.a.a.core.web.CourseResource    : courses/758/for-dashboard (single course) finished in 5.42ms for 1 courses with 0 individual exercise(s) and 0 team exercise(s) for user courseegitlabjenkinscustom1
    23:44:17.728 | 441 ool-1-worker-205 | DEBUG | d.t.c.a.a.c.s.f.ApiVersionFilter     : Adding Version to Request GET /api/courses/for-dashboard
    23:44:17.731 | 441 ool-1-worker-205 | DEBUG | d.t.c.a.a.core.web.CourseResource    : Request to get all courses user courseegitlabjenkinscustom1 has access to with exams, lectures, exercises, participations, submissions and results + calculated scores
    23:44:17.777 | 441 ool-1-worker-205 | DEBUG | d.t.c.a.a.core.service.CourseService : Find user visible courses finished after 46.12ms
    23:44:17.778 | 441 ool-1-worker-205 | DEBUG | d.t.c.a.a.core.service.CourseService : findAllExercisesByCourseIdsWithCategories finished with 0 exercises after 993µs
    23:44:17.779 | 441 ool-1-worker-205 | DEBUG | d.t.c.a.a.core.service.CourseService : all 5 filterExercisesForCourse individually finished together after 181µs
    23:44:17.779 | 441 ool-1-worker-205 | DEBUG | d.t.c.a.a.core.service.CourseService : Filter exercises, lectures, and exams finished after 48.40ms
    23:44:17.779 | 441 ool-1-worker-205 | DEBUG | d.t.c.a.a.core.web.CourseResource    : courseService.findAllActiveWithExercisesForUser done
    23:44:17.779 | 441 ool-1-worker-205 | DEBUG | d.t.c.a.a.core.web.CourseResource    : courseService.fetchParticipationsWithSubmissionsAndResultsForCourses done
    23:44:17.779 | 441 ool-1-worker-205 | DEBUG | d.t.c.a.a.core.web.CourseResource    : courseService.fetchPlagiarismCasesForCourseExercises done
    23:44:17.781 | 441 ool-1-worker-205 | DEBUG | d.t.c.a.a.core.web.CourseResource    : gradingScaleRepository.findAllByCourseIds done
    23:44:17.781 | 441 ool-1-worker-205 | INFO  | d.t.c.a.a.core.web.CourseResource    : courses/for-dashboard (multiple courses) finished in 53.14ms for 5 courses with 0 individual exercise(s) and 0 team exercise(s) for user courseegitlabjenkinscustom1

  Starting logs for CourseGitlabJenkinsIntegrationTest > testGetAllCoursesForDashboardExams(boolean) [2] userRefresh=false
    23:44:17.805 | 441 ool-1-worker-205 | DEBUG | d.t.c.a.a.c.u.util.UserUtilService   : Generate 8 students...
    23:44:17.822 | 441 ool-1-worker-205 | DEBUG | d.t.c.a.a.c.u.util.UserUtilService   : 8 students generated. Generate 5 tutors...
    23:44:17.838 | 441 ool-1-worker-205 | DEBUG | d.t.c.a.a.c.u.util.UserUtilService   : 5 tutors generated. Generate 1 editors...
    23:44:17.840 | 441 ool-1-worker-205 | DEBUG | d.t.c.a.a.c.u.util.UserUtilService   : 1 editors generated. Generate 1 instructors...
    23:44:17.843 | 441 ool-1-worker-205 | DEBUG | d.t.c.a.a.c.u.util.UserUtilService   : 1 instructors generated
    23:44:17.845 | 441 ool-1-worker-205 | DEBUG | d.t.c.a.a.c.u.util.UserUtilService   : Removing 16 users from all courses...
    23:44:17.847 | 441 ool-1-worker-205 | DEBUG | d.t.c.a.a.c.u.util.UserUtilService   : Removing 16 users from all courses. Done
    23:44:17.847 | 441 ool-1-worker-205 | DEBUG | d.t.c.a.a.c.u.util.UserUtilService   : Save 15 users to database...
    23:44:17.857 | 441 ool-1-worker-205 | DEBUG | d.t.c.a.a.c.u.util.UserUtilService   : Save 15 users to database. Done
    23:44:17.868 | 441 ool-1-worker-205 | INFO  | i.z.t.d.l.EmbeddedDatabaseReporter   : JDBC URL to connect to 'dataSource': url='jdbc:h2:tcp://localhost:41063/mem:736625c0-cf5e-400d-aeaa-8a7eabd6262b;USER=sa', scope='CourseGitlabJenkinsIntegrationTest#testGetAllCoursesForDashboardExams'
    23:44:17.894 | 441 ool-1-worker-205 | DEBUG | d.t.c.a.a.c.s.f.ApiVersionFilter     : Adding Version to Request GET /api/courses/759/for-dashboard
    23:44:17.894 | 441 ool-1-worker-205 | DEBUG | d.t.c.a.a.core.web.CourseResource    : REST request to get one course 759 with exams, lectures, exercises, participations, submissions and results, etc.
    23:44:17.899 | 441 ool-1-worker-205 | DEBUG | d.t.c.a.a.core.web.CourseResource    : courseService.findOneWithExercisesAndLecturesAndExamsAndCompetenciesAndTutorialGroupsForUser done
    23:44:17.899 | 441 ool-1-worker-205 | DEBUG | d.t.c.a.a.core.web.CourseResource    : courseService.fetchParticipationsWithSubmissionsAndResultsForCourses done in getCourseForDashboard
    23:44:17.899 | 441 ool-1-worker-205 | DEBUG | d.t.c.a.a.core.web.CourseResource    : courseService.fetchPlagiarismCasesForCourseExercises done in getCourseForDashboard
    23:44:17.900 | 441 ool-1-worker-205 | DEBUG | d.t.c.a.a.core.web.CourseResource    : gradingScaleRepository.findByCourseId done in getCourseForDashboard
    23:44:17.900 | 441 ool-1-worker-205 | INFO  | d.t.c.a.a.core.web.CourseResource    : courses/759/for-dashboard (single course) finished in 5.31ms for 1 courses with 0 individual exercise(s) and 0 team exercise(s) for user courseegitlabjenkinscustom1
    23:44:17.904 | 441 ool-1-worker-205 | DEBUG | d.t.c.a.a.c.s.f.ApiVersionFilter     : Adding Version to Request GET /api/courses/760/for-dashboard
    23:44:17.905 | 441 ool-1-worker-205 | DEBUG | d.t.c.a.a.core.web.CourseResource    : REST request to get one course 760 with exams, lectures, exercises, participations, submissions and results, etc.
    23:44:17.910 | 441 ool-1-worker-205 | DEBUG | d.t.c.a.a.core.web.CourseResource    : courseService.findOneWithExercisesAndLecturesAndExamsAndCompetenciesAndTutorialGroupsForUser done
    23:44:17.910 | 441 ool-1-worker-205 | DEBUG | d.t.c.a.a.core.web.CourseResource    : courseService.fetchParticipationsWithSubmissionsAndResultsForCourses done in getCourseForDashboard
    23:44:17.910 | 441 ool-1-worker-205 | DEBUG | d.t.c.a.a.core.web.CourseResource    : courseService.fetchPlagiarismCasesForCourseExercises done in getCourseForDashboard
    23:44:17.910 | 441 ool-1-worker-205 | DEBUG | d.t.c.a.a.core.web.CourseResource    : gradingScaleRepository.findByCourseId done in getCourseForDashboard
    23:44:17.911 | 441 ool-1-worker-205 | INFO  | d.t.c.a.a.core.web.CourseResource    : courses/760/for-dashboard (single course) finished in 5.70ms for 1 courses with 0 individual exercise(s) and 0 team exercise(s) for user courseegitlabjenkinscustom1
    23:44:17.915 | 441 ool-1-worker-205 | DEBUG | d.t.c.a.a.c.s.f.ApiVersionFilter     : Adding Version to Request GET /api/courses/761/for-dashboard
    23:44:17.916 | 441 ool-1-worker-205 | DEBUG | d.t.c.a.a.core.web.CourseResource    : REST request to get one course 761 with exams, lectures, exercises, participations, submissions and results, etc.
    23:44:17.920 | 441 ool-1-worker-205 | DEBUG | d.t.c.a.a.core.web.CourseResource    : courseService.findOneWithExercisesAndLecturesAndExamsAndCompetenciesAndTutorialGroupsForUser done
    23:44:17.920 | 441 ool-1-worker-205 | DEBUG | d.t.c.a.a.core.web.CourseResource    : courseService.fetchParticipationsWithSubmissionsAndResultsForCourses done in getCourseForDashboard
    23:44:17.921 | 441 ool-1-worker-205 | DEBUG | d.t.c.a.a.core.web.CourseResource    : courseService.fetchPlagiarismCasesForCourseExercises done in getCourseForDashboard
    23:44:17.921 | 441 ool-1-worker-205 | DEBUG | d.t.c.a.a.core.web.CourseResource    : gradingScaleRepository.findByCourseId done in getCourseForDashboard
    23:44:17.921 | 441 ool-1-worker-205 | INFO  | d.t.c.a.a.core.web.CourseResource    : courses/761/for-dashboard (single course) finished in 5.54ms for 1 courses with 0 individual exercise(s) and 0 team exercise(s) for user courseegitlabjenkinscustom1
    23:44:17.926 | 441 ool-1-worker-205 | DEBUG | d.t.c.a.a.c.s.f.ApiVersionFilter     : Adding Version to Request GET /api/courses/762/for-dashboard
    23:44:17.926 | 441 ool-1-worker-205 | DEBUG | d.t.c.a.a.core.web.CourseResource    : REST request to get one course 762 with exams, lectures, exercises, participations, submissions and results, etc.
    23:44:17.930 | 441 ool-1-worker-205 | DEBUG | d.t.c.a.a.core.web.CourseResource    : courseService.findOneWithExercisesAndLecturesAndExamsAndCompetenciesAndTutorialGroupsForUser done
    23:44:17.930 | 441 ool-1-worker-205 | DEBUG | d.t.c.a.a.core.web.CourseResource    : courseService.fetchParticipationsWithSubmissionsAndResultsForCourses done in getCourseForDashboard
    23:44:17.931 | 441 ool-1-worker-205 | DEBUG | d.t.c.a.a.core.web.CourseResource    : courseService.fetchPlagiarismCasesForCourseExercises done in getCourseForDashboard
    23:44:17.931 | 441 ool-1-worker-205 | DEBUG | d.t.c.a.a.core.web.CourseResource    : gradingScaleRepository.findByCourseId done in getCourseForDashboard
    23:44:17.931 | 441 ool-1-worker-205 | INFO  | d.t.c.a.a.core.web.CourseResource    : courses/762/for-dashboard (single course) finished in 5.29ms for 1 courses with 0 individual exercise(s) and 0 team exercise(s) for user courseegitlabjenkinscustom1
    23:44:17.936 | 441 ool-1-worker-205 | DEBUG | d.t.c.a.a.c.s.f.ApiVersionFilter     : Adding Version to Request GET /api/courses/763/for-dashboard
    23:44:17.936 | 441 ool-1-worker-205 | DEBUG | d.t.c.a.a.core.web.CourseResource    : REST request to get one course 763 with exams, lectures, exercises, participations, submissions and results, etc.
    23:44:17.941 | 441 ool-1-worker-205 | DEBUG | d.t.c.a.a.core.web.CourseResource    : courseService.findOneWithExercisesAndLecturesAndExamsAndCompetenciesAndTutorialGroupsForUser done
    23:44:17.941 | 441 ool-1-worker-205 | DEBUG | d.t.c.a.a.core.web.CourseResource    : courseService.fetchParticipationsWithSubmissionsAndResultsForCourses done in getCourseForDashboard
    23:44:17.942 | 441 ool-1-worker-205 | DEBUG | d.t.c.a.a.core.web.CourseResource    : courseService.fetchPlagiarismCasesForCourseExercises done in getCourseForDashboard
    23:44:17.942 | 441 ool-1-worker-205 | DEBUG | d.t.c.a.a.core.web.CourseResource    : gradingScaleRepository.findByCourseId done in getCourseForDashboard
    23:44:17.942 | 441 ool-1-worker-205 | INFO  | d.t.c.a.a.core.web.CourseResource    : courses/763/for-dashboard (single course) finished in 5.72ms for 1 courses with 0 individual exercise(s) and 0 team exercise(s) for user courseegitlabjenkinscustom1
    23:44:17.944 | 441 ool-1-worker-205 | DEBUG | d.t.c.a.a.c.s.f.ApiVersionFilter     : Adding Version to Request GET /api/courses/for-dashboard
    23:44:17.945 | 441 ool-1-worker-205 | DEBUG | d.t.c.a.a.core.web.CourseResource    : Request to get all courses user courseegitlabjenkinscustom1 has access to with exams, lectures, exercises, participations, submissions and results + calculated scores
    23:44:17.972 | 441 ool-1-worker-205 | DEBUG | d.t.c.a.a.core.service.CourseService : Find user visible courses finished after 26.86ms
    23:44:17.973 | 441 ool-1-worker-205 | DEBUG | d.t.c.a.a.core.service.CourseService : findAllExercisesByCourseIdsWithCategories finished with 0 exercises after 1.04ms
    23:44:17.980 | 441 ool-1-worker-205 | DEBUG | d.t.c.a.a.core.service.CourseService : all 10 filterExercisesForCourse individually finished together after 198µs
    23:44:17.980 | 441 ool-1-worker-205 | DEBUG | d.t.c.a.a.core.service.CourseService : Filter exercises, lectures, and exams finished after 34.46ms
    23:44:17.980 | 441 ool-1-worker-205 | DEBUG | d.t.c.a.a.core.web.CourseResource    : courseService.findAllActiveWithExercisesForUser done
    23:44:17.980 | 441 ool-1-worker-205 | DEBUG | d.t.c.a.a.core.web.CourseResource    : courseService.fetchParticipationsWithSubmissionsAndResultsForCourses done
    23:44:17.981 | 441 ool-1-worker-205 | DEBUG | d.t.c.a.a.core.web.CourseResource    : courseService.fetchPlagiarismCasesForCourseExercises done
    23:44:17.982 | 441 ool-1-worker-205 | DEBUG | d.t.c.a.a.core.web.CourseResource    : gradingScaleRepository.findAllByCourseIds done
    23:44:17.982 | 441 ool-1-worker-205 | INFO  | d.t.c.a.a.core.web.CourseResource    : courses/for-dashboard (multiple courses) finished in 37.59ms for 10 courses with 0 individual exercise(s) and 0 team exercise(s) for user courseegitlabjenkinscustom1

  Starting logs for CourseGitlabJenkinsIntegrationTest > testGetCourseForAssessmentDashboardWithStats()
    23:44:18.014 | 441 ool-1-worker-205 | DEBUG | d.t.c.a.a.c.u.util.UserUtilService   : Generate 8 students...
    23:44:18.037 | 441 ool-1-worker-205 | DEBUG | d.t.c.a.a.c.u.util.UserUtilService   : 8 students generated. Generate 5 tutors...
    23:44:18.056 | 441 ool-1-worker-205 | DEBUG | d.t.c.a.a.c.u.util.UserUtilService   : 5 tutors generated. Generate 1 editors...
    23:44:18.064 | 441 ool-1-worker-205 | DEBUG | d.t.c.a.a.c.u.util.UserUtilService   : 1 editors generated. Generate 1 instructors...
    23:44:18.067 | 441 ool-1-worker-205 | DEBUG | d.t.c.a.a.c.u.util.UserUtilService   : 1 instructors generated
    23:44:18.071 | 441 ool-1-worker-205 | DEBUG | d.t.c.a.a.c.u.util.UserUtilService   : Removing 16 users from all courses...
    23:44:18.076 | 441 ool-1-worker-205 | DEBUG | d.t.c.a.a.c.u.util.UserUtilService   : Removing 16 users from all courses. Done
    23:44:18.076 | 441 ool-1-worker-205 | DEBUG | d.t.c.a.a.c.u.util.UserUtilService   : Save 15 users to database...
    23:44:18.096 | 441 ool-1-worker-205 | DEBUG | d.t.c.a.a.c.u.util.UserUtilService   : Save 15 users to database. Done
    23:44:18.119 | 441 ool-1-worker-205 | INFO  | i.z.t.d.l.EmbeddedDatabaseReporter   : JDBC URL to connect to 'dataSource': url='jdbc:h2:tcp://localhost:41063/mem:736625c0-cf5e-400d-aeaa-8a7eabd6262b;USER=sa', scope='CourseGitlabJenkinsIntegrationTest#testGetCourseForAssessmentDashboardWithStats'
    23:44:18.199 | 441 ool-1-worker-205 | DEBUG | .c.s.m.InstanceMessageReceiveService : Received schedule participant score for exercise 2454 and participant 689 (result to be deleted: null)
    23:44:18.199 | 441 ool-1-worker-205 | DEBUG | .a.s.ParticipantScoreScheduleService : Scheduled task for exercise 2454 and participant 689 at 2025-02-14T23:44:18.299329038Z[Etc/UTC].
    23:44:18.199 | 441 ool-1-worker-205 | DEBUG | .c.s.m.InstanceMessageReceiveService : Received schedule participant score for exercise 2454 and participant 689 (result to be deleted: null)
    23:44:18.199 | 441 ool-1-worker-205 | DEBUG | .a.s.ParticipantScoreScheduleService : Scheduled task for exercise 2454 and participant 689 at 2025-02-14T23:44:18.299923687Z[Etc/UTC].
    23:44:18.200 | 441 ool-1-worker-205 | DEBUG | .c.s.m.InstanceMessageReceiveService : Received schedule participant score for exercise 2455 and participant 689 (result to be deleted: null)
    23:44:18.200 | 441 ool-1-worker-205 | DEBUG | .a.s.ParticipantScoreScheduleService : Scheduled task for exercise 2455 and participant 689 at 2025-02-14T23:44:18.300462652Z[Etc/UTC].
    23:44:18.200 | 441 ool-1-worker-205 | DEBUG | .c.s.m.InstanceMessageReceiveService : Received schedule participant score for exercise 2457 and participant 689 (result to be deleted: null)
    23:44:18.200 | 441 ool-1-worker-205 | DEBUG | .a.s.ParticipantScoreScheduleService : Scheduled task for exercise 2457 and participant 689 at 2025-02-14T23:44:18.300938129Z[Etc/UTC].
    23:44:18.201 | 441 ool-1-worker-205 | DEBUG | .c.s.m.InstanceMessageReceiveService : Received schedule participant score for exercise 2457 and participant 689 (result to be deleted: null)
    23:44:18.201 | 441 ool-1-worker-205 | DEBUG | .a.s.ParticipantScoreScheduleService : Scheduled task for exercise 2457 and participant 689 at 2025-02-14T23:44:18.301446186Z[Etc/UTC].
    23:44:18.212 | 441 ool-1-worker-205 | DEBUG | .c.s.m.InstanceMessageReceiveService : Received schedule participant score for exercise 2454 and participant 689 (result to be deleted: null)
    23:44:18.212 | 441 ool-1-worker-205 | DEBUG | .a.s.ParticipantScoreScheduleService : Scheduled task for exercise 2454 and participant 689 at 2025-02-14T23:44:18.312128747Z[Etc/UTC].
    23:44:18.240 | 441 ool-1-worker-205 | DEBUG | .c.s.m.InstanceMessageReceiveService : Received schedule participant score for exercise 2454 and participant 689 (result to be deleted: null)
    23:44:18.240 | 441 ool-1-worker-205 | DEBUG | .a.s.ParticipantScoreScheduleService : Scheduled task for exercise 2454 and participant 689 at 2025-02-14T23:44:18.340236796Z[Etc/UTC].
    23:44:18.277 | 441 ool-1-worker-205 | DEBUG | .c.s.m.InstanceMessageReceiveService : Received schedule participant score for exercise 2455 and participant 689 (result to be deleted: null)
    23:44:18.277 | 441 ool-1-worker-205 | DEBUG | .a.s.ParticipantScoreScheduleService : Scheduled task for exercise 2455 and participant 689 at 2025-02-14T23:44:18.377080402Z[Etc/UTC].
    23:44:18.288 | 441 ool-1-worker-205 | DEBUG | .c.s.m.InstanceMessageReceiveService : Received schedule participant score for exercise 2457 and participant 689 (result to be deleted: null)
    23:44:18.288 | 441 ool-1-worker-205 | DEBUG | .a.s.ParticipantScoreScheduleService : Scheduled task for exercise 2457 and participant 689 at 2025-02-14T23:44:18.388934227Z[Etc/UTC].
    23:44:18.299 | 441 ool-1-worker-205 | DEBUG | .c.s.m.InstanceMessageReceiveService : Received schedule participant score for exercise 2457 and participant 689 (result to be deleted: null)
    23:44:18.299 | 441 ool-1-worker-205 | DEBUG | .a.s.ParticipantScoreScheduleService : Scheduled task for exercise 2457 and participant 689 at 2025-02-14T23:44:18.399804739Z[Etc/UTC].
    23:44:18.301 | 441 ool-1-worker-205 | DEBUG | d.t.c.a.a.c.s.f.ApiVersionFilter     : Adding Version to Request GET /api/courses/764/for-assessment-dashboard
    23:44:18.303 | 441 ool-1-worker-205 | DEBUG | d.t.c.a.a.core.web.CourseResource    : REST request /courses/{courseId}/for-assessment-dashboard
    23:44:18.307 | 441 ool-1-worker-205 | DEBUG | c.a.a.a.s.AssessmentDashboardService : generateStatisticsForExercisesForAssessmentDashboard invoked
    23:44:18.310 | 441 ool-1-worker-205 | DEBUG | c.a.a.a.s.AssessmentDashboardService : Finished >> complaintService.calculateNrOfOpenComplaints all << in 3.03ms
    23:44:18.317 | 441 ool-1-worker-205 | DEBUG | c.a.a.a.s.AssessmentDashboardService : Finished >> assessmentDashboardService.calculateNumberOfSubmissions all << in 6.52ms
    23:44:18.317 | 441 ool-1-worker-205 | DEBUG | c.a.a.a.s.AssessmentDashboardService : Finished >> resultRepository.countNumberOfFinishedAssessmentsForExercise << call for exercise 2454 in 675µs
    23:44:18.318 | 441 ool-1-worker-205 | DEBUG | c.a.a.a.s.AssessmentDashboardService : Finished >> exampleSubmissionRepository.findAllWithResultByExerciseId << call for course 2454 in 1.20ms
    23:44:18.322 | 441 ool-1-worker-205 | DEBUG | c.a.a.a.s.AssessmentDashboardService : Finished >> assessmentDashboardLoopIteration << call for exercise 2454 in 15.02ms
    23:44:18.323 | 441 ool-1-worker-205 | DEBUG | c.a.a.a.s.AssessmentDashboardService : Finished >> resultRepository.countNumberOfFinishedAssessmentsForExercise << call for exercise 2455 in 4.24ms
    23:44:18.323 | 441 ool-1-worker-205 | DEBUG | c.a.a.a.s.AssessmentDashboardService : Finished >> exampleSubmissionRepository.findAllWithResultByExerciseId << call for course 2455 in 799µs
    23:44:18.324 | 441 ool-1-worker-205 | DEBUG | c.a.a.a.s.AssessmentDashboardService : Finished >> assessmentDashboardLoopIteration << call for exercise 2455 in 16.98ms
    23:44:18.325 | 441 ool-1-worker-205 | DEBUG | c.a.a.a.s.AssessmentDashboardService : Finished >> resultRepository.countNumberOfFinishedAssessmentsForExercise << call for exercise 2456 in 1.07ms
    23:44:18.328 | 441 ool-1-worker-205 | DEBUG | c.a.a.a.s.AssessmentDashboardService : Finished >> exampleSubmissionRepository.findAllWithResultByExerciseId << call for course 2456 in 3.13ms
    23:44:18.328 | 441 ool-1-worker-205 | DEBUG | c.a.a.a.s.AssessmentDashboardService : Finished >> assessmentDashboardLoopIteration << call for exercise 2456 in 21.20ms
    23:44:18.329 | 441 ool-1-worker-205 | DEBUG | c.a.a.a.s.AssessmentDashboardService : Finished >> programmingExerciseRepository.countAssessmentsByExerciseIdSubmitted << call for exercise 2457 in 765µs
    23:44:18.329 | 441 ool-1-worker-205 | DEBUG | c.a.a.a.s.AssessmentDashboardService : Finished >> exampleSubmissionRepository.findAllWithResultByExerciseId << call for course 2457 in 751µs
    23:44:18.331 | 441 ool-1-worker-205 | DEBUG | c.a.a.a.s.AssessmentDashboardService : Finished >> assessmentDashboardLoopIteration << call for exercise 2457 in 23.74ms
    23:44:18.331 | 441 ool-1-worker-205 | DEBUG | c.a.a.a.s.AssessmentDashboardService : Finished >> generateStatisticsForExercisesForAssessmentDashboard << call in 23.76ms
    23:44:18.334 | 441 ool-1-worker-205 | DEBUG | d.t.c.a.a.c.s.f.ApiVersionFilter     : Adding Version to Request GET /api/courses/764/stats-for-assessment-dashboard
    23:44:18.340 | 326 taskScheduler-1  | DEBUG | .a.s.ParticipantScoreScheduleService : Processing exercise 2454 and participant 689 to update participant scores.
    23:44:18.344 | 326 taskScheduler-1  | DEBUG | .a.s.ParticipantScoreScheduleService : Updating the participant score for exercise 2454 and participant 689 took 4 ms.
    23:44:18.364 | 441 ool-1-worker-205 | DEBUG | d.t.c.a.a.c.s.f.ApiVersionFilter     : Adding Version to Request GET /api/courses/765/for-assessment-dashboard
    23:44:18.365 | 441 ool-1-worker-205 | DEBUG | d.t.c.a.a.core.web.CourseResource    : REST request /courses/{courseId}/for-assessment-dashboard
    23:44:18.368 | 441 ool-1-worker-205 | DEBUG | c.a.a.a.s.AssessmentDashboardService : generateStatisticsForExercisesForAssessmentDashboard invoked
    23:44:18.368 | 441 ool-1-worker-205 | DEBUG | c.a.a.a.s.AssessmentDashboardService : Finished >> complaintService.calculateNrOfOpenComplaints all << in 7µs
    23:44:18.370 | 441 ool-1-worker-205 | DEBUG | c.a.a.a.s.AssessmentDashboardService : Finished >> assessmentDashboardService.calculateNumberOfSubmissions all << in 1.54ms
    23:44:18.370 | 441 ool-1-worker-205 | DEBUG | c.a.a.a.s.AssessmentDashboardService : Finished >> generateStatisticsForExercisesForAssessmentDashboard << call in 1.57ms
    23:44:18.371 | 441 ool-1-worker-205 | DEBUG | d.t.c.a.a.c.s.f.ApiVersionFilter     : Adding Version to Request GET /api/courses/765/stats-for-assessment-dashboard
    23:44:18.377 | 328 taskScheduler-3  | DEBUG | .a.s.ParticipantScoreScheduleService : Processing exercise 2455 and participant 689 to update participant scores.
    23:44:18.382 | 328 taskScheduler-3  | DEBUG | .a.s.ParticipantScoreScheduleService : Updating the participant score for exercise 2455 and participant 689 took 5 ms.
    23:44:18.399 | 329 taskScheduler-4  | DEBUG | .a.s.ParticipantScoreScheduleService : Processing exercise 2457 and participant 689 to update participant scores.
    23:44:18.409 | 329 taskScheduler-4  | DEBUG | .a.s.ParticipantScoreScheduleService : Updating the participant score for exercise 2457 and participant 689 took 10 ms.

  Starting logs for CourseGitlabJenkinsIntegrationTest > testCreateCourseWithNegativeMaxComplainTimeDays()
    23:44:18.426 | 441 ool-1-worker-205 | DEBUG | d.t.c.a.a.c.u.util.UserUtilService   : Generate 8 students...
    23:44:18.440 | 441 ool-1-worker-205 | DEBUG | d.t.c.a.a.c.u.util.UserUtilService   : 8 students generated. Generate 5 tutors...
    23:44:18.448 | 441 ool-1-worker-205 | DEBUG | d.t.c.a.a.c.u.util.UserUtilService   : 5 tutors generated. Generate 1 editors...
    23:44:18.450 | 441 ool-1-worker-205 | DEBUG | d.t.c.a.a.c.u.util.UserUtilService   : 1 editors generated. Generate 1 instructors...
    23:44:18.453 | 441 ool-1-worker-205 | DEBUG | d.t.c.a.a.c.u.util.UserUtilService   : 1 instructors generated
    23:44:18.455 | 441 ool-1-worker-205 | DEBUG | d.t.c.a.a.c.u.util.UserUtilService   : Removing 16 users from all courses...
    23:44:18.457 | 441 ool-1-worker-205 | DEBUG | d.t.c.a.a.c.u.util.UserUtilService   : Removing 16 users from all courses. Done
    23:44:18.457 | 441 ool-1-worker-205 | DEBUG | d.t.c.a.a.c.u.util.UserUtilService   : Save 15 users to database...
    23:44:18.467 | 441 ool-1-worker-205 | DEBUG | d.t.c.a.a.c.u.util.UserUtilService   : Save 15 users to database. Done
    23:44:18.478 | 441 ool-1-worker-205 | INFO  | i.z.t.d.l.EmbeddedDatabaseReporter   : JDBC URL to connect to 'dataSource': url='jdbc:h2:tcp://localhost:41063/mem:736625c0-cf5e-400d-aeaa-8a7eabd6262b;USER=sa', scope='CourseGitlabJenkinsIntegrationTest#testCreateCourseWithNegativeMaxComplainTimeDays'
    23:44:18.479 | 441 ool-1-worker-205 | DEBUG | d.t.c.a.a.c.s.f.ApiVersionFilter     : Adding Version to Request POST /api/admin/courses
    23:44:18.479 | 441 ool-1-worker-205 | DEBUG | d.t.c.a.a.c.w.a.AdminCourseResource  : REST request to save Course : Course{id=null, title='Course title 5c5f7945-9767-43fd-8703-f42ee1c4435f', description='null', shortName='short78025c7e07fe504769098360d3af7e5e7163', studentGroupName='null', teachingAssistantGroupName='null', editorGroupName='null', instructorGroupName='null', startDate='null', endDate='null', enrollmentStartDate='null', enrollmentEndDate='null', unenrollmentEndDate='null', semester='null'', onlineCourse='false', color='null', courseIcon='null', enrollmentEnabled='false', unenrollmentEnabled='false', presentationScore='2', faqEnabled='false'}
    23:44:18.481 | 441 ool-1-worker-205 | ERROR | tech.jhipster.web.util.HeaderUtil    : Entity processing failed, Max Complaint Days cannot be negative
    23:44:18.481 | 441 ool-1-worker-205 | WARN  | o.z.p.spring.common.AdviceTraits     : Bad Request: Max Complaint Days cannot be negative

  Starting logs for CourseGitlabJenkinsIntegrationTest > testUpdateCourseGroupsFailsToGetUser()
    23:44:18.496 | 441 ool-1-worker-205 | DEBUG | d.t.c.a.a.c.u.util.UserUtilService   : Generate 8 students...
    23:44:18.508 | 441 ool-1-worker-205 | DEBUG | d.t.c.a.a.c.u.util.UserUtilService   : 8 students generated. Generate 5 tutors...
    23:44:18.516 | 441 ool-1-worker-205 | DEBUG | d.t.c.a.a.c.u.util.UserUtilService   : 5 tutors generated. Generate 1 editors...
    23:44:18.518 | 441 ool-1-worker-205 | DEBUG | d.t.c.a.a.c.u.util.UserUtilService   : 1 editors generated. Generate 1 instructors...
    23:44:18.521 | 441 ool-1-worker-205 | DEBUG | d.t.c.a.a.c.u.util.UserUtilService   : 1 instructors generated
    23:44:18.523 | 441 ool-1-worker-205 | DEBUG | d.t.c.a.a.c.u.util.UserUtilService   : Removing 16 users from all courses...
    23:44:18.525 | 441 ool-1-worker-205 | DEBUG | d.t.c.a.a.c.u.util.UserUtilService   : Removing 16 users from all courses. Done
    23:44:18.525 | 441 ool-1-worker-205 | DEBUG | d.t.c.a.a.c.u.util.UserUtilService   : Save 15 users to database...
    23:44:18.534 | 441 ool-1-worker-205 | DEBUG | d.t.c.a.a.c.u.util.UserUtilService   : Save 15 users to database. Done
    23:44:18.545 | 441 ool-1-worker-205 | INFO  | i.z.t.d.l.EmbeddedDatabaseReporter   : JDBC URL to connect to 'dataSource': url='jdbc:h2:tcp://localhost:41063/mem:736625c0-cf5e-400d-aeaa-8a7eabd6262b;USER=sa', scope='CourseGitlabJenkinsIntegrationTest#testUpdateCourseGroupsFailsToGetUser'
    23:44:18.576 | 441 ool-1-worker-205 | DEBUG | d.t.c.a.a.c.s.f.ApiVersionFilter     : Adding Version to Request PUT /api/courses/766
    23:44:18.577 | 441 ool-1-worker-205 | DEBUG | d.t.c.a.a.core.web.CourseResource    : REST request to update Course : Course{id=766, title='Course title 28730dd4-7a76-42f2-9de7-4d11745ec648', description='null', shortName='short33d734ef010ac0421c0bc66091af026293ca', studentGroupName='tumuser', teachingAssistantGroupName='tutor', editorGroupName='editor', instructorGroupName='new-instructor-group', startDate='2025-02-13T23:39:54.015067Z', endDate='2025-02-16T23:39:54.015089Z', enrollmentStartDate='null', enrollmentEndDate='null', unenrollmentEndDate='null', semester='null'', onlineCourse='false', color='null', courseIcon='null', enrollmentEnabled='false', unenrollmentEnabled='false', presentationScore='2', faqEnabled='false'}
    23:44:18.602 | 441 ool-1-worker-205 | INFO  | .a.p.s.g.GitLabUserManagementService : Update Gitlab permissions for programming exercises: [SHORT33D734EF010AC0421C0BC66091AF026293CATSTEXC]
    23:44:18.618 | 441 ool-1-worker-205 | WARN  | .a.p.s.g.GitLabUserManagementService : User courseegitlabjenkinstutor1 does not exist in Gitlab and cannot be updated!
    23:44:18.618 | 441 ool-1-worker-205 | WARN  | .a.p.s.g.GitLabUserManagementService : User courseegitlabjenkinstutor2 does not exist in Gitlab and cannot be updated!
    23:44:18.618 | 441 ool-1-worker-205 | WARN  | .a.p.s.g.GitLabUserManagementService : User courseegitlabjenkinstutor3 does not exist in Gitlab and cannot be updated!
    23:44:18.618 | 441 ool-1-worker-205 | WARN  | .a.p.s.g.GitLabUserManagementService : User courseegitlabjenkinstutor4 does not exist in Gitlab and cannot be updated!
    23:44:18.618 | 441 ool-1-worker-205 | WARN  | .a.p.s.g.GitLabUserManagementService : User courseegitlabjenkinstutor5 does not exist in Gitlab and cannot be updated!
    23:44:18.618 | 441 ool-1-worker-205 | WARN  | .a.p.s.g.GitLabUserManagementService : User courseegitlabjenkinseditor1 does not exist in Gitlab and cannot be updated!
    23:44:18.619 | 441 ool-1-worker-205 | ERROR | o.z.p.spring.common.AdviceTraits     : Internal Server Error
de.tum.cit.aet.artemis.programming.service.gitlab.GitLabException: Error while trying to update user in GitLab: User{login='courseegitlabjenkinsinstructor1', firstName='courseegitlabjenkinsinstructor1First', lastName='courseegitlabjenkinsinstructor1Last', email='courseegitlabjenkinsinstructor1@test.de', imageUrl='null', activated='true', langKey='en', activationKey='null'}
	at de.tum.cit.aet.artemis.programming.service.gitlab.GitLabUserManagementService.updateOldGroupMembers(GitLabUserManagementService.java:233)
	at de.tum.cit.aet.artemis.programming.service.gitlab.GitLabUserManagementService.updateCoursePermissions(GitLabUserManagementService.java:162)
	at de.tum.cit.aet.artemis.programming.service.gitlab.GitLabUserManagementService.updateCoursePermissions(GitLabUserManagementService.java:132)
	at de.tum.cit.aet.artemis.core.web.CourseResource.lambda$updateCourse$1(CourseResource.java:347)
	at java.base/java.util.Optional.ifPresent(Optional.java:178)
	at de.tum.cit.aet.artemis.core.web.CourseResource.updateCourse(CourseResource.java:347)
	at java.base/jdk.internal.reflect.DirectMethodHandleAccessor.invoke(DirectMethodHandleAccessor.java:103)
	at java.base/java.lang.reflect.Method.invoke(Method.java:580)
	at org.springframework.aop.support.AopUtils.invokeJoinpointUsingReflection(AopUtils.java:359)
	at org.springframework.aop.framework.ReflectiveMethodInvocation.invokeJoinpoint(ReflectiveMethodInvocation.java:196)
	at org.springframework.aop.framework.ReflectiveMethodInvocation.proceed(ReflectiveMethodInvocation.java:163)
	at org.springframework.security.authorization.method.AuthorizationManagerBeforeMethodInterceptor.proceed(AuthorizationManagerBeforeMethodInterceptor.java:268)
	at org.springframework.security.authorization.method.AuthorizationManagerBeforeMethodInterceptor.attemptAuthorization(AuthorizationManagerBeforeMethodInterceptor.java:263)
	at org.springframework.security.authorization.method.AuthorizationManagerBeforeMethodInterceptor.invoke(AuthorizationManagerBeforeMethodInterceptor.java:196)
	at org.springframework.security.config.annotation.method.configuration.DeferringMethodInterceptor.invoke(DeferringMethodInterceptor.java:44)
	at org.springframework.aop.framework.ReflectiveMethodInvocation.proceed(ReflectiveMethodInvocation.java:184)
	at org.springframework.aop.interceptor.ExposeInvocationInterceptor.invoke(ExposeInvocationInterceptor.java:97)
	at org.springframework.aop.framework.ReflectiveMethodInvocation.proceed(ReflectiveMethodInvocation.java:184)
	at org.springframework.aop.framework.CglibAopProxy$DynamicAdvisedInterceptor.intercept(CglibAopProxy.java:727)
	at de.tum.cit.aet.artemis.core.web.CourseResource$$SpringCGLIB$$0.updateCourse(<generated>)
	at java.base/jdk.internal.reflect.DirectMethodHandleAccessor.invoke(DirectMethodHandleAccessor.java:103)
	at java.base/java.lang.reflect.Method.invoke(Method.java:580)
	at org.springframework.web.method.support.InvocableHandlerMethod.doInvoke(InvocableHandlerMethod.java:257)
	at org.springframework.web.method.support.InvocableHandlerMethod.invokeForRequest(InvocableHandlerMethod.java:190)
	at org.springframework.web.servlet.mvc.method.annotation.ServletInvocableHandlerMethod.invokeAndHandle(ServletInvocableHandlerMethod.java:118)
	at org.springframework.web.servlet.mvc.method.annotation.RequestMappingHandlerAdapter.invokeHandlerMethod(RequestMappingHandlerAdapter.java:986)
	at org.springframework.web.servlet.mvc.method.annotation.RequestMappingHandlerAdapter.handleInternal(RequestMappingHandlerAdapter.java:891)
	at org.springframework.web.servlet.mvc.method.AbstractHandlerMethodAdapter.handle(AbstractHandlerMethodAdapter.java:87)
	at org.springframework.web.servlet.DispatcherServlet.doDispatch(DispatcherServlet.java:1088)
	at org.springframework.web.servlet.DispatcherServlet.doService(DispatcherServlet.java:978)
	at org.springframework.web.servlet.FrameworkServlet.processRequest(FrameworkServlet.java:1014)
	at org.springframework.web.servlet.FrameworkServlet.doPut(FrameworkServlet.java:925)
	at jakarta.servlet.http.HttpServlet.service(HttpServlet.java:550)
	at org.springframework.web.servlet.FrameworkServlet.service(FrameworkServlet.java:885)
	at org.springframework.test.web.servlet.TestDispatcherServlet.service(TestDispatcherServlet.java:72)
	at jakarta.servlet.http.HttpServlet.service(HttpServlet.java:614)
	at org.springframework.mock.web.MockFilterChain$ServletFilterProxy.doFilter(MockFilterChain.java:165)
	at org.springframework.mock.web.MockFilterChain.doFilter(MockFilterChain.java:132)
	at org.springframework.web.filter.OncePerRequestFilter.doFilter(OncePerRequestFilter.java:110)
	at org.springframework.test.web.servlet.setup.MockMvcFilterDecorator.doFilter(MockMvcFilterDecorator.java:162)
	at org.springframework.mock.web.MockFilterChain.doFilter(MockFilterChain.java:132)
	at de.tum.cit.aet.artemis.core.security.filter.ApiVersionFilter.doFilter(ApiVersionFilter.java:55)
	at org.springframework.test.web.servlet.setup.MockMvcFilterDecorator.doFilter(MockMvcFilterDecorator.java:162)
	at org.springframework.mock.web.MockFilterChain.doFilter(MockFilterChain.java:132)
	at io.sentry.spring.jakarta.SentryUserFilter.doFilterInternal(SentryUserFilter.java:56)
	at org.springframework.web.filter.OncePerRequestFilter.doFilter(OncePerRequestFilter.java:116)
	at org.springframework.test.web.servlet.setup.MockMvcFilterDecorator.doFilter(MockMvcFilterDecorator.java:162)
	at org.springframework.mock.web.MockFilterChain.doFilter(MockFilterChain.java:132)
	at org.springframework.web.filter.CompositeFilter$VirtualFilterChain.doFilter(CompositeFilter.java:108)
	at org.springframework.security.web.FilterChainProxy.lambda$doFilterInternal$3(FilterChainProxy.java:231)
	at org.springframework.security.web.ObservationFilterChainDecorator$FilterObservation$SimpleFilterObservation.lambda$wrap$1(ObservationFilterChainDecorator.java:479)
	at org.springframework.security.web.ObservationFilterChainDecorator$AroundFilterObservation$SimpleAroundFilterObservation.lambda$wrap$1(ObservationFilterChainDecorator.java:340)
	at org.springframework.security.web.ObservationFilterChainDecorator.lambda$wrapSecured$0(ObservationFilterChainDecorator.java:82)
	at org.springframework.security.web.ObservationFilterChainDecorator$VirtualFilterChain.doFilter(ObservationFilterChainDecorator.java:128)
	at org.springframework.security.web.access.intercept.AuthorizationFilter.doFilter(AuthorizationFilter.java:101)
	at org.springframework.security.web.ObservationFilterChainDecorator$ObservationFilter.wrapFilter(ObservationFilterChainDecorator.java:240)
	at org.springframework.security.web.ObservationFilterChainDecorator$ObservationFilter.doFilter(ObservationFilterChainDecorator.java:227)
	at org.springframework.security.web.ObservationFilterChainDecorator$VirtualFilterChain.doFilter(ObservationFilterChainDecorator.java:137)
	at org.springframework.security.web.access.ExceptionTranslationFilter.doFilter(ExceptionTranslationFilter.java:126)
	at org.springframework.security.web.access.ExceptionTranslationFilter.doFilter(ExceptionTranslationFilter.java:120)
	at org.springframework.security.web.ObservationFilterChainDecorator$ObservationFilter.wrapFilter(ObservationFilterChainDecorator.java:240)
	at org.springframework.security.web.ObservationFilterChainDecorator$ObservationFilter.doFilter(ObservationFilterChainDecorator.java:227)
	at org.springframework.security.web.ObservationFilterChainDecorator$VirtualFilterChain.doFilter(ObservationFilterChainDecorator.java:137)
	at org.springframework.security.web.session.SessionManagementFilter.doFilter(SessionManagementFilter.java:131)
	at org.springframework.security.web.session.SessionManagementFilter.doFilter(SessionManagementFilter.java:85)
	at org.springframework.security.web.ObservationFilterChainDecorator$ObservationFilter.wrapFilter(ObservationFilterChainDecorator.java:240)
	at org.springframework.security.web.ObservationFilterChainDecorator$ObservationFilter.doFilter(ObservationFilterChainDecorator.java:227)
	at org.springframework.security.web.ObservationFilterChainDecorator$VirtualFilterChain.doFilter(ObservationFilterChainDecorator.java:137)
	at org.springframework.security.web.authentication.AnonymousAuthenticationFilter.doFilter(AnonymousAuthenticationFilter.java:100)
	at org.springframework.security.web.ObservationFilterChainDecorator$ObservationFilter.wrapFilter(ObservationFilterChainDecorator.java:240)
	at org.springframework.security.web.ObservationFilterChainDecorator$ObservationFilter.doFilter(ObservationFilterChainDecorator.java:227)
	at org.springframework.security.web.ObservationFilterChainDecorator$VirtualFilterChain.doFilter(ObservationFilterChainDecorator.java:137)
	at org.springframework.security.web.servletapi.SecurityContextHolderAwareRequestFilter.doFilter(SecurityContextHolderAwareRequestFilter.java:179)
	at org.springframework.security.web.ObservationFilterChainDecorator$ObservationFilter.wrapFilter(ObservationFilterChainDecorator.java:240)
	at org.springframework.security.web.ObservationFilterChainDecorator$ObservationFilter.doFilter(ObservationFilterChainDecorator.java:227)
	at org.springframework.security.web.ObservationFilterChainDecorator$VirtualFilterChain.doFilter(ObservationFilterChainDecorator.java:137)
	at org.springframework.security.web.savedrequest.RequestCacheAwareFilter.doFilter(RequestCacheAwareFilter.java:63)
	at org.springframework.security.web.ObservationFilterChainDecorator$ObservationFilter.wrapFilter(ObservationFilterChainDecorator.java:240)
	at org.springframework.security.web.ObservationFilterChainDecorator$ObservationFilter.doFilter(ObservationFilterChainDecorator.java:227)
	at org.springframework.security.web.ObservationFilterChainDecorator$VirtualFilterChain.doFilter(ObservationFilterChainDecorator.java:137)
	at de.tum.cit.aet.artemis.core.security.filter.SpaWebFilter.doFilterInternal(SpaWebFilter.java:23)
	at org.springframework.web.filter.OncePerRequestFilter.doFilter(OncePerRequestFilter.java:116)
	at org.springframework.security.web.ObservationFilterChainDecorator$ObservationFilter.wrapFilter(ObservationFilterChainDecorator.java:240)
	at org.springframework.security.web.ObservationFilterChainDecorator$ObservationFilter.doFilter(ObservationFilterChainDecorator.java:227)
	at org.springframework.security.web.ObservationFilterChainDecorator$VirtualFilterChain.doFilter(ObservationFilterChainDecorator.java:137)
	at org.springframework.web.filter.OncePerRequestFilter.doFilter(OncePerRequestFilter.java:110)
	at org.springframework.security.web.ObservationFilterChainDecorator$ObservationFilter.wrapFilter(ObservationFilterChainDecorator.java:240)
	at org.springframework.security.web.ObservationFilterChainDecorator$ObservationFilter.doFilter(ObservationFilterChainDecorator.java:227)
	at org.springframework.security.web.ObservationFilterChainDecorator$VirtualFilterChain.doFilter(ObservationFilterChainDecorator.java:137)
	at de.tum.cit.aet.artemis.lti.config.Lti13LaunchFilter.doFilterInternal(Lti13LaunchFilter.java:60)
	at org.springframework.web.filter.OncePerRequestFilter.doFilter(OncePerRequestFilter.java:116)
	at org.springframework.security.web.ObservationFilterChainDecorator$ObservationFilter.wrapFilter(ObservationFilterChainDecorator.java:240)
	at org.springframework.security.web.ObservationFilterChainDecorator$ObservationFilter.doFilter(ObservationFilterChainDecorator.java:227)
	at org.springframework.security.web.ObservationFilterChainDecorator$VirtualFilterChain.doFilter(ObservationFilterChainDecorator.java:137)
	at de.tum.cit.aet.artemis.core.security.jwt.JWTFilter.doFilter(JWTFilter.java:55)
	at org.springframework.security.web.ObservationFilterChainDecorator$ObservationFilter.wrapFilter(ObservationFilterChainDecorator.java:240)
	at org.springframework.security.web.ObservationFilterChainDecorator$ObservationFilter.doFilter(ObservationFilterChainDecorator.java:227)
	at org.springframework.security.web.ObservationFilterChainDecorator$VirtualFilterChain.doFilter(ObservationFilterChainDecorator.java:137)
	at de.tum.cit.aet.artemis.core.security.jwt.JWTFilter.doFilter(JWTFilter.java:55)
	at org.springframework.security.web.ObservationFilterChainDecorator$ObservationFilter.wrapFilter(ObservationFilterChainDecorator.java:240)
	at org.springframework.security.web.ObservationFilterChainDecorator$ObservationFilter.doFilter(ObservationFilterChainDecorator.java:227)
	at org.springframework.security.web.ObservationFilterChainDecorator$VirtualFilterChain.doFilter(ObservationFilterChainDecorator.java:137)
	at org.springframework.web.filter.CorsFilter.doFilterInternal(CorsFilter.java:91)
	at org.springframework.web.filter.OncePerRequestFilter.doFilter(OncePerRequestFilter.java:116)
	at org.springframework.security.web.ObservationFilterChainDecorator$ObservationFilter.wrapFilter(ObservationFilterChainDecorator.java:240)
	at org.springframework.security.web.ObservationFilterChainDecorator$ObservationFilter.doFilter(ObservationFilterChainDecorator.java:227)
	at org.springframework.security.web.ObservationFilterChainDecorator$VirtualFilterChain.doFilter(ObservationFilterChainDecorator.java:137)
	at org.springframework.web.filter.OncePerRequestFilter.doFilter(OncePerRequestFilter.java:110)
	at org.springframework.security.web.ObservationFilterChainDecorator$ObservationFilter.wrapFilter(ObservationFilterChainDecorator.java:240)
	at org.springframework.security.web.ObservationFilterChainDecorator$ObservationFilter.doFilter(ObservationFilterChainDecorator.java:227)
	at org.springframework.security.web.ObservationFilterChainDecorator$VirtualFilterChain.doFilter(ObservationFilterChainDecorator.java:137)
	at uk.ac.ox.ctl.lti13.security.oauth2.client.lti.web.OAuth2AuthorizationRequestRedirectFilter.doFilterInternal(OAuth2AuthorizationRequestRedirectFilter.java:142)
	at org.springframework.web.filter.OncePerRequestFilter.doFilter(OncePerRequestFilter.java:116)
	at org.springframework.security.web.ObservationFilterChainDecorator$ObservationFilter.wrapFilter(ObservationFilterChainDecorator.java:240)
	at org.springframework.security.web.ObservationFilterChainDecorator$ObservationFilter.doFilter(ObservationFilterChainDecorator.java:227)
	at org.springframework.security.web.ObservationFilterChainDecorator$VirtualFilterChain.doFilter(ObservationFilterChainDecorator.java:137)
	at org.springframework.security.web.authentication.logout.LogoutFilter.doFilter(LogoutFilter.java:107)
	at org.springframework.security.web.authentication.logout.LogoutFilter.doFilter(LogoutFilter.java:93)
	at org.springframework.security.web.ObservationFilterChainDecorator$ObservationFilter.wrapFilter(ObservationFilterChainDecorator.java:240)
	at org.springframework.security.web.ObservationFilterChainDecorator$ObservationFilter.doFilter(ObservationFilterChainDecorator.java:227)
	at org.springframework.security.web.ObservationFilterChainDecorator$VirtualFilterChain.doFilter(ObservationFilterChainDecorator.java:137)
	at org.springframework.security.web.header.HeaderWriterFilter.doHeadersAfter(HeaderWriterFilter.java:90)
	at org.springframework.security.web.header.HeaderWriterFilter.doFilterInternal(HeaderWriterFilter.java:75)
	at org.springframework.web.filter.OncePerRequestFilter.doFilter(OncePerRequestFilter.java:116)
	at org.springframework.security.web.ObservationFilterChainDecorator$ObservationFilter.wrapFilter(ObservationFilterChainDecorator.java:240)
	at org.springframework.security.web.ObservationFilterChainDecorator$ObservationFilter.doFilter(ObservationFilterChainDecorator.java:227)
	at org.springframework.security.web.ObservationFilterChainDecorator$VirtualFilterChain.doFilter(ObservationFilterChainDecorator.java:137)
	at org.springframework.security.web.context.SecurityContextHolderFilter.doFilter(SecurityContextHolderFilter.java:82)
	at org.springframework.security.web.context.SecurityContextHolderFilter.doFilter(SecurityContextHolderFilter.java:69)
	at org.springframework.security.web.ObservationFilterChainDecorator$ObservationFilter.wrapFilter(ObservationFilterChainDecorator.java:240)
	at org.springframework.security.web.ObservationFilterChainDecorator$ObservationFilter.doFilter(ObservationFilterChainDecorator.java:227)
	at org.springframework.security.web.ObservationFilterChainDecorator$VirtualFilterChain.doFilter(ObservationFilterChainDecorator.java:137)
	at org.springframework.security.web.context.request.async.WebAsyncManagerIntegrationFilter.doFilterInternal(WebAsyncManagerIntegrationFilter.java:62)
	at org.springframework.web.filter.OncePerRequestFilter.doFilter(OncePerRequestFilter.java:116)
	at org.springframework.security.web.ObservationFilterChainDecorator$ObservationFilter.wrapFilter(ObservationFilterChainDecorator.java:240)
	at org.springframework.security.web.ObservationFilterChainDecorator$ObservationFilter.doFilter(ObservationFilterChainDecorator.java:227)
	at org.springframework.security.web.ObservationFilterChainDecorator$VirtualFilterChain.doFilter(ObservationFilterChainDecorator.java:137)
	at org.springframework.security.web.session.DisableEncodeUrlFilter.doFilterInternal(DisableEncodeUrlFilter.java:42)
	at org.springframework.web.filter.OncePerRequestFilter.doFilter(OncePerRequestFilter.java:116)
	at org.springframework.security.web.ObservationFilterChainDecorator$ObservationFilter.wrapFilter(ObservationFilterChainDecorator.java:240)
	at org.springframework.security.web.ObservationFilterChainDecorator$AroundFilterObservation$SimpleAroundFilterObservation.lambda$wrap$0(ObservationFilterChainDecorator.java:323)
	at org.springframework.security.web.ObservationFilterChainDecorator$ObservationFilter.doFilter(ObservationFilterChainDecorator.java:224)
	at org.springframework.security.web.ObservationFilterChainDecorator$VirtualFilterChain.doFilter(ObservationFilterChainDecorator.java:137)
	at org.springframework.security.web.FilterChainProxy.doFilterInternal(FilterChainProxy.java:233)
	at org.springframework.security.web.FilterChainProxy.doFilter(FilterChainProxy.java:191)
	at org.springframework.web.filter.CompositeFilter$VirtualFilterChain.doFilter(CompositeFilter.java:113)
	at org.springframework.web.servlet.handler.HandlerMappingIntrospector.lambda$createCacheFilter$3(HandlerMappingIntrospector.java:243)
	at org.springframework.web.filter.CompositeFilter$VirtualFilterChain.doFilter(CompositeFilter.java:113)
	at org.springframework.web.filter.CompositeFilter.doFilter(CompositeFilter.java:74)
	at org.springframework.security.config.annotation.web.configuration.WebMvcSecurityConfiguration$CompositeFilterChainProxy.doFilter(WebMvcSecurityConfiguration.java:238)
	at org.springframework.web.filter.DelegatingFilterProxy.invokeDelegate(DelegatingFilterProxy.java:362)
	at org.springframework.web.filter.DelegatingFilterProxy.doFilter(DelegatingFilterProxy.java:278)
	at org.springframework.test.web.servlet.setup.MockMvcFilterDecorator.doFilter(MockMvcFilterDecorator.java:162)
	at org.springframework.mock.web.MockFilterChain.doFilter(MockFilterChain.java:132)
	at org.springframework.web.filter.RequestContextFilter.doFilterInternal(RequestContextFilter.java:100)
	at org.springframework.web.filter.OncePerRequestFilter.doFilter(OncePerRequestFilter.java:116)
	at org.springframework.test.web.servlet.setup.MockMvcFilterDecorator.doFilter(MockMvcFilterDecorator.java:162)
	at org.springframework.mock.web.MockFilterChain.doFilter(MockFilterChain.java:132)
	at org.springframework.web.filter.FormContentFilter.doFilterInternal(FormContentFilter.java:93)
	at org.springframework.web.filter.OncePerRequestFilter.doFilter(OncePerRequestFilter.java:116)
	at org.springframework.test.web.servlet.setup.MockMvcFilterDecorator.doFilter(MockMvcFilterDecorator.java:162)
	at org.springframework.mock.web.MockFilterChain.doFilter(MockFilterChain.java:132)
	at org.springframework.web.filter.ServerHttpObservationFilter.doFilterInternal(ServerHttpObservationFilter.java:114)
	at org.springframework.web.filter.OncePerRequestFilter.doFilter(OncePerRequestFilter.java:116)
	at org.springframework.test.web.servlet.setup.MockMvcFilterDecorator.doFilter(MockMvcFilterDecorator.java:162)
	at org.springframework.mock.web.MockFilterChain.doFilter(MockFilterChain.java:132)
	at io.sentry.spring.jakarta.tracing.SentryTracingFilter.doFilterInternal(SentryTracingFilter.java:91)
	at org.springframework.web.filter.OncePerRequestFilter.doFilter(OncePerRequestFilter.java:116)
	at org.springframework.test.web.servlet.setup.MockMvcFilterDecorator.doFilter(MockMvcFilterDecorator.java:162)
	at org.springframework.mock.web.MockFilterChain.doFilter(MockFilterChain.java:132)
	at org.springframework.web.filter.CharacterEncodingFilter.doFilterInternal(CharacterEncodingFilter.java:201)
	at org.springframework.web.filter.OncePerRequestFilter.doFilter(OncePerRequestFilter.java:116)
	at org.springframework.test.web.servlet.setup.MockMvcFilterDecorator.doFilter(MockMvcFilterDecorator.java:162)
	at org.springframework.mock.web.MockFilterChain.doFilter(MockFilterChain.java:132)
	at io.sentry.spring.jakarta.SentrySpringFilter.doFilterInternal(SentrySpringFilter.java:76)
	at org.springframework.web.filter.OncePerRequestFilter.doFilter(OncePerRequestFilter.java:116)
	at org.springframework.test.web.servlet.setup.MockMvcFilterDecorator.doFilter(MockMvcFilterDecorator.java:162)
	at org.springframework.mock.web.MockFilterChain.doFilter(MockFilterChain.java:132)
	at org.springframework.test.web.servlet.MockMvc.perform(MockMvc.java:201)
	at de.tum.cit.aet.artemis.core.util.RequestUtilService.performMvcRequest(RequestUtilService.java:79)
	at de.tum.cit.aet.artemis.programming.CourseGitlabJenkinsIntegrationTest.testUpdateCourseGroupsFailsToGetUser(CourseGitlabJenkinsIntegrationTest.java:303)
	at java.base/jdk.internal.reflect.DirectMethodHandleAccessor.invoke(DirectMethodHandleAccessor.java:103)
	at java.base/java.lang.reflect.Method.invoke(Method.java:580)
	at org.junit.platform.commons.util.ReflectionUtils.invokeMethod(ReflectionUtils.java:767)
	at org.junit.jupiter.engine.execution.MethodInvocation.proceed(MethodInvocation.java:60)
	at org.junit.jupiter.engine.execution.InvocationInterceptorChain$ValidatingInvocation.proceed(InvocationInterceptorChain.java:131)
	at org.junit.jupiter.engine.extension.TimeoutExtension.intercept(TimeoutExtension.java:156)
	at org.junit.jupiter.engine.extension.TimeoutExtension.interceptTestableMethod(TimeoutExtension.java:147)
	at org.junit.jupiter.engine.extension.TimeoutExtension.interceptTestMethod(TimeoutExtension.java:86)
	at org.junit.jupiter.engine.execution.InterceptingExecutableInvoker$ReflectiveInterceptorCall.lambda$ofVoidMethod$0(InterceptingExecutableInvoker.java:103)
	at org.junit.jupiter.engine.execution.InterceptingExecutableInvoker.lambda$invoke$0(InterceptingExecutableInvoker.java:93)
	at org.junit.jupiter.engine.execution.InvocationInterceptorChain$InterceptedInvocation.proceed(InvocationInterceptorChain.java:106)
	at org.junit.jupiter.engine.execution.InvocationInterceptorChain.proceed(InvocationInterceptorChain.java:64)
	at org.junit.jupiter.engine.execution.InvocationInterceptorChain.chainAndInvoke(InvocationInterceptorChain.java:45)
	at org.junit.jupiter.engine.execution.InvocationInterceptorChain.invoke(InvocationInterceptorChain.java:37)
	at org.junit.jupiter.engine.execution.InterceptingExecutableInvoker.invoke(InterceptingExecutableInvoker.java:92)
	at org.junit.jupiter.engine.execution.InterceptingExecutableInvoker.invoke(InterceptingExecutableInvoker.java:86)
	at org.junit.jupiter.engine.descriptor.TestMethodTestDescriptor.lambda$invokeTestMethod$8(TestMethodTestDescriptor.java:217)
	at org.junit.platform.engine.support.hierarchical.ThrowableCollector.execute(ThrowableCollector.java:73)
	at org.junit.jupiter.engine.descriptor.TestMethodTestDescriptor.invokeTestMethod(TestMethodTestDescriptor.java:213)
	at org.junit.jupiter.engine.descriptor.TestMethodTestDescriptor.execute(TestMethodTestDescriptor.java:138)
	at org.junit.jupiter.engine.descriptor.TestMethodTestDescriptor.execute(TestMethodTestDescriptor.java:68)
	at org.junit.platform.engine.support.hierarchical.NodeTestTask.lambda$executeRecursively$6(NodeTestTask.java:156)
	at org.junit.platform.engine.support.hierarchical.ThrowableCollector.execute(ThrowableCollector.java:73)
	at org.junit.platform.engine.support.hierarchical.NodeTestTask.lambda$executeRecursively$8(NodeTestTask.java:146)
	at org.junit.platform.engine.support.hierarchical.Node.around(Node.java:137)
	at org.junit.platform.engine.support.hierarchical.NodeTestTask.lambda$executeRecursively$9(NodeTestTask.java:144)
	at org.junit.platform.engine.support.hierarchical.ThrowableCollector.execute(ThrowableCollector.java:73)
	at org.junit.platform.engine.support.hierarchical.NodeTestTask.executeRecursively(NodeTestTask.java:143)
	at org.junit.platform.engine.support.hierarchical.NodeTestTask.execute(NodeTestTask.java:100)
	at org.junit.platform.engine.support.hierarchical.ForkJoinPoolHierarchicalTestExecutorService$ExclusiveTask.exec(ForkJoinPoolHierarchicalTestExecutorService.java:274)
	at org.junit.platform.engine.support.hierarchical.ForkJoinPoolHierarchicalTestExecutorService$ExclusiveTask.execSync(ForkJoinPoolHierarchicalTestExecutorService.java:247)
	at org.junit.platform.engine.support.hierarchical.ForkJoinPoolHierarchicalTestExecutorService.executeSync(ForkJoinPoolHierarchicalTestExecutorService.java:194)
	at org.junit.platform.engine.support.hierarchical.ForkJoinPoolHierarchicalTestExecutorService.invokeAll(ForkJoinPoolHierarchicalTestExecutorService.java:166)
	at org.junit.platform.engine.support.hierarchical.NodeTestTask.lambda$executeRecursively$6(NodeTestTask.java:160)
	at org.junit.platform.engine.support.hierarchical.ThrowableCollector.execute(ThrowableCollector.java:73)
	at org.junit.platform.engine.support.hierarchical.NodeTestTask.lambda$executeRecursively$8(NodeTestTask.java:146)
	at org.junit.platform.engine.support.hierarchical.Node.around(Node.java:137)
	at org.junit.platform.engine.support.hierarchical.NodeTestTask.lambda$executeRecursively$9(NodeTestTask.java:144)
	at org.junit.platform.engine.support.hierarchical.ThrowableCollector.execute(ThrowableCollector.java:73)
	at org.junit.platform.engine.support.hierarchical.NodeTestTask.executeRecursively(NodeTestTask.java:143)
	at org.junit.platform.engine.support.hierarchical.NodeTestTask.execute(NodeTestTask.java:100)
	at org.junit.platform.engine.support.hierarchical.ForkJoinPoolHierarchicalTestExecutorService$ExclusiveTask.exec(ForkJoinPoolHierarchicalTestExecutorService.java:274)
	at java.base/java.util.concurrent.ForkJoinTask.doExec(ForkJoinTask.java:387)
	at java.base/java.util.concurrent.ForkJoinPool$WorkQueue.topLevelExec(ForkJoinPool.java:1312)
	at java.base/java.util.concurrent.ForkJoinPool.scan(ForkJoinPool.java:1843)
	at java.base/java.util.concurrent.ForkJoinPool.runWorker(ForkJoinPool.java:1808)
	at java.base/java.util.concurrent.ForkJoinWorkerThread.run(ForkJoinWorkerThread.java:188)
Caused by: org.gitlab4j.api.GitLabApiException: null

  Starting logs for CourseGitlabJenkinsIntegrationTest > testGetCourseForDashboardForbiddenWithRegistrationPossible()
    23:44:18.642 | 441 ool-1-worker-205 | DEBUG | d.t.c.a.a.c.u.util.UserUtilService   : Generate 8 students...
    23:44:18.653 | 441 ool-1-worker-205 | DEBUG | d.t.c.a.a.c.u.util.UserUtilService   : 8 students generated. Generate 5 tutors...
    23:44:18.837 | 441 ool-1-worker-205 | DEBUG | d.t.c.a.a.c.u.util.UserUtilService   : 5 tutors generated. Generate 1 editors...
    23:44:18.841 | 441 ool-1-worker-205 | DEBUG | d.t.c.a.a.c.u.util.UserUtilService   : 1 editors generated. Generate 1 instructors...
    23:44:18.843 | 441 ool-1-worker-205 | DEBUG | d.t.c.a.a.c.u.util.UserUtilService   : 1 instructors generated
    23:44:18.845 | 441 ool-1-worker-205 | DEBUG | d.t.c.a.a.c.u.util.UserUtilService   : Removing 16 users from all courses...
    23:44:18.848 | 441 ool-1-worker-205 | DEBUG | d.t.c.a.a.c.u.util.UserUtilService   : Removing 16 users from all courses. Done
    23:44:18.848 | 441 ool-1-worker-205 | DEBUG | d.t.c.a.a.c.u.util.UserUtilService   : Save 15 users to database...
    23:44:18.858 | 441 ool-1-worker-205 | DEBUG | d.t.c.a.a.c.u.util.UserUtilService   : Save 15 users to database. Done
    23:44:18.877 | 441 ool-1-worker-205 | INFO  | i.z.t.d.l.EmbeddedDatabaseReporter   : JDBC URL to connect to 'dataSource': url='jdbc:h2:tcp://localhost:41063/mem:736625c0-cf5e-400d-aeaa-8a7eabd6262b;USER=sa', scope='CourseGitlabJenkinsIntegrationTest#testGetCourseForDashboardForbiddenWithRegistrationPossible'
    23:44:18.946 | 441 ool-1-worker-205 | DEBUG | .c.s.m.InstanceMessageReceiveService : Received schedule participant score for exercise 2460 and participant 689 (result to be deleted: null)
    23:44:18.946 | 441 ool-1-worker-205 | DEBUG | .a.s.ParticipantScoreScheduleService : Scheduled task for exercise 2460 and participant 689 at 2025-02-14T23:44:19.046364631Z[Etc/UTC].
    23:44:18.946 | 441 ool-1-worker-205 | DEBUG | .c.s.m.InstanceMessageReceiveService : Received schedule participant score for exercise 2460 and participant 689 (result to be deleted: null)
    23:44:18.946 | 441 ool-1-worker-205 | DEBUG | .a.s.ParticipantScoreScheduleService : Scheduled task for exercise 2460 and participant 689 at 2025-02-14T23:44:19.046924645Z[Etc/UTC].
    23:44:18.947 | 441 ool-1-worker-205 | DEBUG | .c.s.m.InstanceMessageReceiveService : Received schedule participant score for exercise 2461 and participant 689 (result to be deleted: null)
    23:44:18.947 | 441 ool-1-worker-205 | DEBUG | .a.s.ParticipantScoreScheduleService : Scheduled task for exercise 2461 and participant 689 at 2025-02-14T23:44:19.047438533Z[Etc/UTC].
    23:44:18.947 | 441 ool-1-worker-205 | DEBUG | .c.s.m.InstanceMessageReceiveService : Received schedule participant score for exercise 2463 and participant 689 (result to be deleted: null)
    23:44:18.947 | 441 ool-1-worker-205 | DEBUG | .a.s.ParticipantScoreScheduleService : Scheduled task for exercise 2463 and participant 689 at 2025-02-14T23:44:19.047918488Z[Etc/UTC].
    23:44:18.948 | 441 ool-1-worker-205 | DEBUG | .c.s.m.InstanceMessageReceiveService : Received schedule participant score for exercise 2463 and participant 689 (result to be deleted: null)
    23:44:18.948 | 441 ool-1-worker-205 | DEBUG | .a.s.ParticipantScoreScheduleService : Scheduled task for exercise 2463 and participant 689 at 2025-02-14T23:44:19.048512767Z[Etc/UTC].
    23:44:18.959 | 441 ool-1-worker-205 | DEBUG | .c.s.m.InstanceMessageReceiveService : Received schedule participant score for exercise 2460 and participant 689 (result to be deleted: null)
    23:44:18.959 | 441 ool-1-worker-205 | DEBUG | .a.s.ParticipantScoreScheduleService : Scheduled task for exercise 2460 and participant 689 at 2025-02-14T23:44:19.059183275Z[Etc/UTC].
    23:44:18.970 | 441 ool-1-worker-205 | DEBUG | .c.s.m.InstanceMessageReceiveService : Received schedule participant score for exercise 2460 and participant 689 (result to be deleted: null)
    23:44:18.970 | 441 ool-1-worker-205 | DEBUG | .a.s.ParticipantScoreScheduleService : Scheduled task for exercise 2460 and participant 689 at 2025-02-14T23:44:19.070420630Z[Etc/UTC].
    23:44:18.983 | 441 ool-1-worker-205 | DEBUG | .c.s.m.InstanceMessageReceiveService : Received schedule participant score for exercise 2461 and participant 689 (result to be deleted: null)
    23:44:18.983 | 441 ool-1-worker-205 | DEBUG | .a.s.ParticipantScoreScheduleService : Scheduled task for exercise 2461 and participant 689 at 2025-02-14T23:44:19.083180936Z[Etc/UTC].
    23:44:18.994 | 441 ool-1-worker-205 | DEBUG | .c.s.m.InstanceMessageReceiveService : Received schedule participant score for exercise 2463 and participant 689 (result to be deleted: null)
    23:44:18.994 | 441 ool-1-worker-205 | DEBUG | .a.s.ParticipantScoreScheduleService : Scheduled task for exercise 2463 and participant 689 at 2025-02-14T23:44:19.094782851Z[Etc/UTC].
    23:44:19.005 | 441 ool-1-worker-205 | DEBUG | .c.s.m.InstanceMessageReceiveService : Received schedule participant score for exercise 2463 and participant 689 (result to be deleted: null)
    23:44:19.005 | 441 ool-1-worker-205 | DEBUG | .a.s.ParticipantScoreScheduleService : Scheduled task for exercise 2463 and participant 689 at 2025-02-14T23:44:19.105679220Z[Etc/UTC].
    23:44:19.070 | 327 taskScheduler-2  | DEBUG | .a.s.ParticipantScoreScheduleService : Processing exercise 2460 and participant 689 to update participant scores.
    23:44:19.076 | 327 taskScheduler-2  | DEBUG | .a.s.ParticipantScoreScheduleService : Updating the participant score for exercise 2460 and participant 689 took 6 ms.
    23:44:19.081 | 441 ool-1-worker-205 | DEBUG | d.t.c.a.a.c.s.f.ApiVersionFilter     : Adding Version to Request GET /api/courses/767/for-dashboard
    23:44:19.082 | 441 ool-1-worker-205 | DEBUG | d.t.c.a.a.core.web.CourseResource    : REST request to get one course 767 with exams, lectures, exercises, participations, submissions and results, etc.
    23:44:19.083 | 326 taskScheduler-1  | DEBUG | .a.s.ParticipantScoreScheduleService : Processing exercise 2461 and participant 689 to update participant scores.
    23:44:19.087 | 326 taskScheduler-1  | DEBUG | .a.s.ParticipantScoreScheduleService : Updating the participant score for exercise 2461 and participant 689 took 4 ms.
    23:44:19.093 | 441 ool-1-worker-205 | DEBUG | d.t.c.a.a.core.web.CourseResource    : courseService.findOneWithExercisesAndLecturesAndExamsAndCompetenciesAndTutorialGroupsForUser done
    23:44:19.094 | 441 ool-1-worker-205 | WARN  | o.z.p.spring.common.AdviceTraits     : Forbidden: You don't have access to this course, but you could enroll in it.

  Starting logs for CourseGitlabJenkinsIntegrationTest > testUpdateValidOnlineCourseConfiguration()
    23:44:19.113 | 441 ool-1-worker-205 | DEBUG | d.t.c.a.a.c.u.util.UserUtilService   : Generate 8 students...
    23:44:19.132 | 441 ool-1-worker-205 | DEBUG | d.t.c.a.a.c.u.util.UserUtilService   : 8 students generated. Generate 5 tutors...
    23:44:19.139 | 441 ool-1-worker-205 | DEBUG | d.t.c.a.a.c.u.util.UserUtilService   : 5 tutors generated. Generate 1 editors...
    23:44:19.142 | 441 ool-1-worker-205 | DEBUG | d.t.c.a.a.c.u.util.UserUtilService   : 1 editors generated. Generate 1 instructors...
    23:44:19.145 | 441 ool-1-worker-205 | DEBUG | d.t.c.a.a.c.u.util.UserUtilService   : 1 instructors generated
    23:44:19.147 | 441 ool-1-worker-205 | DEBUG | d.t.c.a.a.c.u.util.UserUtilService   : Removing 15 users from all courses...
    23:44:19.150 | 441 ool-1-worker-205 | DEBUG | d.t.c.a.a.c.u.util.UserUtilService   : Removing 15 users from all courses. Done
    23:44:19.150 | 441 ool-1-worker-205 | DEBUG | d.t.c.a.a.c.u.util.UserUtilService   : Save 15 users to database...
    23:44:19.161 | 441 ool-1-worker-205 | DEBUG | d.t.c.a.a.c.u.util.UserUtilService   : Save 15 users to database. Done
    23:44:19.172 | 441 ool-1-worker-205 | INFO  | i.z.t.d.l.EmbeddedDatabaseReporter   : JDBC URL to connect to 'dataSource': url='jdbc:h2:tcp://localhost:41063/mem:736625c0-cf5e-400d-aeaa-8a7eabd6262b;USER=sa', scope='CourseGitlabJenkinsIntegrationTest#testUpdateValidOnlineCourseConfiguration'
    23:44:19.175 | 441 ool-1-worker-205 | DEBUG | d.t.c.a.a.c.s.f.ApiVersionFilter     : Adding Version to Request PUT /api/courses/769/online-course-configuration
    23:44:19.175 | 441 ool-1-worker-205 | DEBUG | d.t.c.a.artemis.lti.web.LtiResource  : REST request to update the online course configuration for Course : 769

  Starting logs for CourseGitlabJenkinsIntegrationTest > testGetAssessmentDashboardStats_withAssessments()
    23:44:19.198 | 441 ool-1-worker-205 | DEBUG | d.t.c.a.a.c.u.util.UserUtilService   : Generate 8 students...
    23:44:19.209 | 441 ool-1-worker-205 | DEBUG | d.t.c.a.a.c.u.util.UserUtilService   : 8 students generated. Generate 5 tutors...
    23:44:19.219 | 441 ool-1-worker-205 | DEBUG | d.t.c.a.a.c.u.util.UserUtilService   : 5 tutors generated. Generate 1 editors...
    23:44:19.222 | 441 ool-1-worker-205 | DEBUG | d.t.c.a.a.c.u.util.UserUtilService   : 1 editors generated. Generate 1 instructors...
    23:44:19.224 | 441 ool-1-worker-205 | DEBUG | d.t.c.a.a.c.u.util.UserUtilService   : 1 instructors generated
    23:44:19.226 | 441 ool-1-worker-205 | DEBUG | d.t.c.a.a.c.u.util.UserUtilService   : Removing 16 users from all courses...
    23:44:19.228 | 441 ool-1-worker-205 | DEBUG | d.t.c.a.a.c.u.util.UserUtilService   : Removing 16 users from all courses. Done
    23:44:19.228 | 441 ool-1-worker-205 | DEBUG | d.t.c.a.a.c.u.util.UserUtilService   : Save 15 users to database...
    23:44:19.238 | 441 ool-1-worker-205 | DEBUG | d.t.c.a.a.c.u.util.UserUtilService   : Save 15 users to database. Done
    23:44:19.249 | 441 ool-1-worker-205 | INFO  | i.z.t.d.l.EmbeddedDatabaseReporter   : JDBC URL to connect to 'dataSource': url='jdbc:h2:tcp://localhost:41063/mem:736625c0-cf5e-400d-aeaa-8a7eabd6262b;USER=sa', scope='CourseGitlabJenkinsIntegrationTest#testGetAssessmentDashboardStats_withAssessments'
    23:44:19.293 | 441 ool-1-worker-205 | DEBUG | .c.s.m.InstanceMessageReceiveService : Received schedule participant score for exercise 2465 and participant 689 (result to be deleted: null)
    23:44:19.294 | 441 ool-1-worker-205 | DEBUG | .a.s.ParticipantScoreScheduleService : Scheduled task for exercise 2465 and participant 689 at 2025-02-14T23:44:19.394026300Z[Etc/UTC].
    23:44:19.299 | 441 ool-1-worker-205 | DEBUG | .c.s.m.InstanceMessageReceiveService : Received schedule participant score for exercise 2465 and participant 689 (result to be deleted: null)
    23:44:19.299 | 441 ool-1-worker-205 | DEBUG | .a.s.ParticipantScoreScheduleService : Scheduled task for exercise 2465 and participant 689 at 2025-02-14T23:44:19.399813973Z[Etc/UTC].
    23:44:19.319 | 441 ool-1-worker-205 | DEBUG | .c.s.m.InstanceMessageReceiveService : Received schedule participant score for exercise 2465 and participant 690 (result to be deleted: null)
    23:44:19.319 | 441 ool-1-worker-205 | DEBUG | .a.s.ParticipantScoreScheduleService : Scheduled task for exercise 2465 and participant 690 at 2025-02-14T23:44:19.419593909Z[Etc/UTC].
    23:44:19.391 | 441 ool-1-worker-205 | DEBUG | .c.s.m.InstanceMessageReceiveService : Received schedule participant score for exercise 2465 and participant 690 (result to be deleted: null)
    23:44:19.392 | 441 ool-1-worker-205 | DEBUG | .a.s.ParticipantScoreScheduleService : Scheduled task for exercise 2465 and participant 690 at 2025-02-14T23:44:19.491909055Z[Etc/UTC].
    23:44:19.399 | 328 taskScheduler-3  | DEBUG | .a.s.ParticipantScoreScheduleService : Processing exercise 2465 and participant 689 to update participant scores.
    23:44:19.413 | 328 taskScheduler-3  | DEBUG | .a.s.ParticipantScoreScheduleService : Updated participant score 264.
    23:44:19.414 | 328 taskScheduler-3  | DEBUG | .a.s.ParticipantScoreScheduleService : Updating the participant score for exercise 2465 and participant 689 took 15 ms.
    23:44:19.432 | 441 ool-1-worker-205 | DEBUG | .c.s.m.InstanceMessageReceiveService : Received schedule participant score for exercise 2466 and participant 689 (result to be deleted: null)
    23:44:19.432 | 441 ool-1-worker-205 | DEBUG | .a.s.ParticipantScoreScheduleService : Scheduled task for exercise 2466 and participant 689 at 2025-02-14T23:44:19.532410132Z[Etc/UTC].
    23:44:19.439 | 441 ool-1-worker-205 | DEBUG | .c.s.m.InstanceMessageReceiveService : Received schedule participant score for exercise 2466 and participant 689 (result to be deleted: null)
    23:44:19.439 | 441 ool-1-worker-205 | DEBUG | .a.s.ParticipantScoreScheduleService : Scheduled task for exercise 2466 and participant 689 at 2025-02-14T23:44:19.539675610Z[Etc/UTC].
    23:44:19.456 | 441 ool-1-worker-205 | DEBUG | .c.s.m.InstanceMessageReceiveService : Received schedule participant score for exercise 2466 and participant 690 (result to be deleted: null)
    23:44:19.456 | 441 ool-1-worker-205 | DEBUG | .a.s.ParticipantScoreScheduleService : Scheduled task for exercise 2466 and participant 690 at 2025-02-14T23:44:19.556463677Z[Etc/UTC].
    23:44:19.463 | 441 ool-1-worker-205 | DEBUG | .c.s.m.InstanceMessageReceiveService : Received schedule participant score for exercise 2466 and participant 690 (result to be deleted: null)
    23:44:19.463 | 441 ool-1-worker-205 | DEBUG | .a.s.ParticipantScoreScheduleService : Scheduled task for exercise 2466 and participant 690 at 2025-02-14T23:44:19.563357362Z[Etc/UTC].
    23:44:19.492 | 329 taskScheduler-4  | DEBUG | .a.s.ParticipantScoreScheduleService : Processing exercise 2465 and participant 690 to update participant scores.
    23:44:19.499 | 441 ool-1-worker-205 | DEBUG | .c.s.m.InstanceMessageReceiveService : Received schedule participant score for exercise 2467 and participant 689 (result to be deleted: null)
    23:44:19.499 | 441 ool-1-worker-205 | DEBUG | .a.s.ParticipantScoreScheduleService : Scheduled task for exercise 2467 and participant 689 at 2025-02-14T23:44:19.599093303Z[Etc/UTC].
    23:44:19.505 | 441 ool-1-worker-205 | DEBUG | .c.s.m.InstanceMessageReceiveService : Received schedule participant score for exercise 2467 and participant 689 (result to be deleted: null)
    23:44:19.505 | 441 ool-1-worker-205 | DEBUG | .a.s.ParticipantScoreScheduleService : Scheduled task for exercise 2467 and participant 689 at 2025-02-14T23:44:19.605787035Z[Etc/UTC].
    23:44:19.507 | 329 taskScheduler-4  | DEBUG | .a.s.ParticipantScoreScheduleService : Updated participant score 265.
    23:44:19.508 | 329 taskScheduler-4  | DEBUG | .a.s.ParticipantScoreScheduleService : Updating the participant score for exercise 2465 and participant 690 took 16 ms.
    23:44:19.530 | 441 ool-1-worker-205 | DEBUG | .c.s.m.InstanceMessageReceiveService : Received schedule participant score for exercise 2467 and participant 690 (result to be deleted: null)
    23:44:19.530 | 441 ool-1-worker-205 | DEBUG | .a.s.ParticipantScoreScheduleService : Scheduled task for exercise 2467 and participant 690 at 2025-02-14T23:44:19.630872835Z[Etc/UTC].
    23:44:19.537 | 441 ool-1-worker-205 | DEBUG | .c.s.m.InstanceMessageReceiveService : Received schedule participant score for exercise 2467 and participant 690 (result to be deleted: null)
    23:44:19.537 | 441 ool-1-worker-205 | DEBUG | .a.s.ParticipantScoreScheduleService : Scheduled task for exercise 2467 and participant 690 at 2025-02-14T23:44:19.637441795Z[Etc/UTC].
    23:44:19.539 | 326 taskScheduler-1  | DEBUG | .a.s.ParticipantScoreScheduleService : Processing exercise 2466 and participant 689 to update participant scores.
    23:44:19.558 | 326 taskScheduler-1  | DEBUG | .a.s.ParticipantScoreScheduleService : Updated participant score 266.
    23:44:19.558 | 326 taskScheduler-1  | DEBUG | .a.s.ParticipantScoreScheduleService : Updating the participant score for exercise 2466 and participant 689 took 19 ms.
    23:44:19.563 | 327 taskScheduler-2  | DEBUG | .a.s.ParticipantScoreScheduleService : Processing exercise 2466 and participant 690 to update participant scores.
    23:44:19.575 | 327 taskScheduler-2  | DEBUG | .a.s.ParticipantScoreScheduleService : Updated participant score 267.
    23:44:19.575 | 327 taskScheduler-2  | DEBUG | .a.s.ParticipantScoreScheduleService : Updating the participant score for exercise 2466 and participant 690 took 12 ms.
    23:44:19.605 | 329 taskScheduler-4  | DEBUG | .a.s.ParticipantScoreScheduleService : Processing exercise 2467 and participant 689 to update participant scores.
    23:44:19.614 | 329 taskScheduler-4  | DEBUG | .a.s.ParticipantScoreScheduleService : Updated participant score 268.
    23:44:19.619 | 329 taskScheduler-4  | DEBUG | .a.s.ParticipantScoreScheduleService : Updating the participant score for exercise 2467 and participant 689 took 14 ms.
    23:44:19.627 | 441 ool-1-worker-205 | DEBUG | .c.s.m.InstanceMessageReceiveService : Received schedule participant score for exercise 2468 and participant 689 (result to be deleted: null)
    23:44:19.630 | 441 ool-1-worker-205 | DEBUG | .a.s.ParticipantScoreScheduleService : Scheduled task for exercise 2468 and participant 689 at 2025-02-14T23:44:19.727342271Z[Etc/UTC].
    23:44:19.637 | 326 taskScheduler-1  | DEBUG | .a.s.ParticipantScoreScheduleService : Processing exercise 2467 and participant 690 to update participant scores.
    23:44:19.641 | 441 ool-1-worker-205 | DEBUG | .c.s.m.InstanceMessageReceiveService : Received schedule participant score for exercise 2468 and participant 689 (result to be deleted: null)
    23:44:19.642 | 441 ool-1-worker-205 | DEBUG | .a.s.ParticipantScoreScheduleService : Scheduled task for exercise 2468 and participant 689 at 2025-02-14T23:44:19.742025853Z[Etc/UTC].
    23:44:19.647 | 326 taskScheduler-1  | DEBUG | .a.s.ParticipantScoreScheduleService : Updated participant score 269.
    23:44:19.648 | 326 taskScheduler-1  | DEBUG | .a.s.ParticipantScoreScheduleService : Updating the participant score for exercise 2467 and participant 690 took 11 ms.
    23:44:19.678 | 441 ool-1-worker-205 | DEBUG | .c.s.m.InstanceMessageReceiveService : Received schedule participant score for exercise 2468 and participant 690 (result to be deleted: null)
    23:44:19.678 | 441 ool-1-worker-205 | DEBUG | .a.s.ParticipantScoreScheduleService : Scheduled task for exercise 2468 and participant 690 at 2025-02-14T23:44:19.778592883Z[Etc/UTC].
    23:44:19.687 | 441 ool-1-worker-205 | DEBUG | .c.s.m.InstanceMessageReceiveService : Received schedule participant score for exercise 2468 and participant 690 (result to be deleted: null)
    23:44:19.687 | 441 ool-1-worker-205 | DEBUG | .a.s.ParticipantScoreScheduleService : Scheduled task for exercise 2468 and participant 690 at 2025-02-14T23:44:19.787235250Z[Etc/UTC].
    23:44:19.728 | 441 ool-1-worker-205 | DEBUG | .c.s.m.InstanceMessageReceiveService : Received schedule participant score for exercise 2469 and participant 689 (result to be deleted: null)
    23:44:19.728 | 441 ool-1-worker-205 | DEBUG | .a.s.ParticipantScoreScheduleService : Scheduled task for exercise 2469 and participant 689 at 2025-02-14T23:44:19.828450778Z[Etc/UTC].
    23:44:19.735 | 441 ool-1-worker-205 | DEBUG | .c.s.m.InstanceMessageReceiveService : Received schedule participant score for exercise 2469 and participant 689 (result to be deleted: null)
    23:44:19.735 | 441 ool-1-worker-205 | DEBUG | .a.s.ParticipantScoreScheduleService : Scheduled task for exercise 2469 and participant 689 at 2025-02-14T23:44:19.835368288Z[Etc/UTC].
    23:44:19.742 | 329 taskScheduler-4  | DEBUG | .a.s.ParticipantScoreScheduleService : Processing exercise 2468 and participant 689 to update participant scores.
    23:44:19.748 | 329 taskScheduler-4  | DEBUG | .a.s.ParticipantScoreScheduleService : Updated participant score 270.
    23:44:19.749 | 329 taskScheduler-4  | DEBUG | .a.s.ParticipantScoreScheduleService : Updating the participant score for exercise 2468 and participant 689 took 7 ms.
    23:44:19.753 | 441 ool-1-worker-205 | DEBUG | .c.s.m.InstanceMessageReceiveService : Received schedule participant score for exercise 2469 and participant 690 (result to be deleted: null)
    23:44:19.753 | 441 ool-1-worker-205 | DEBUG | .a.s.ParticipantScoreScheduleService : Scheduled task for exercise 2469 and participant 690 at 2025-02-14T23:44:19.853568177Z[Etc/UTC].
    23:44:19.768 | 441 ool-1-worker-205 | DEBUG | .c.s.m.InstanceMessageReceiveService : Received schedule participant score for exercise 2469 and participant 690 (result to be deleted: null)
    23:44:19.768 | 441 ool-1-worker-205 | DEBUG | .a.s.ParticipantScoreScheduleService : Scheduled task for exercise 2469 and participant 690 at 2025-02-14T23:44:19.868259534Z[Etc/UTC].
    23:44:19.787 | 327 taskScheduler-2  | DEBUG | .a.s.ParticipantScoreScheduleService : Processing exercise 2468 and participant 690 to update participant scores.
    23:44:19.801 | 327 taskScheduler-2  | DEBUG | .a.s.ParticipantScoreScheduleService : Updated participant score 271.
    23:44:19.801 | 327 taskScheduler-2  | DEBUG | .a.s.ParticipantScoreScheduleService : Updating the participant score for exercise 2468 and participant 690 took 14 ms.
    23:44:19.823 | 441 ool-1-worker-205 | DEBUG | .c.s.m.InstanceMessageReceiveService : Received schedule participant score for exercise 2470 and participant 689 (result to be deleted: null)
    23:44:19.823 | 441 ool-1-worker-205 | DEBUG | .a.s.ParticipantScoreScheduleService : Scheduled task for exercise 2470 and participant 689 at 2025-02-14T23:44:19.923640225Z[Etc/UTC].
    23:44:19.830 | 441 ool-1-worker-205 | DEBUG | .c.s.m.InstanceMessageReceiveService : Received schedule participant score for exercise 2470 and participant 689 (result to be deleted: null)
    23:44:19.830 | 441 ool-1-worker-205 | DEBUG | .a.s.ParticipantScoreScheduleService : Scheduled task for exercise 2470 and participant 689 at 2025-02-14T23:44:19.930670245Z[Etc/UTC].
    23:44:19.835 | 328 taskScheduler-3  | DEBUG | .a.s.ParticipantScoreScheduleService : Processing exercise 2469 and participant 689 to update participant scores.
    23:44:19.847 | 328 taskScheduler-3  | DEBUG | .a.s.ParticipantScoreScheduleService : Updated participant score 272.
    23:44:19.848 | 328 taskScheduler-3  | DEBUG | .a.s.ParticipantScoreScheduleService : Updating the participant score for exercise 2469 and participant 689 took 13 ms.
    23:44:19.860 | 441 ool-1-worker-205 | DEBUG | .c.s.m.InstanceMessageReceiveService : Received schedule participant score for exercise 2470 and participant 690 (result to be deleted: null)
    23:44:19.860 | 441 ool-1-worker-205 | DEBUG | .a.s.ParticipantScoreScheduleService : Scheduled task for exercise 2470 and participant 690 at 2025-02-14T23:44:19.960362886Z[Etc/UTC].
    23:44:19.867 | 441 ool-1-worker-205 | DEBUG | .c.s.m.InstanceMessageReceiveService : Received schedule participant score for exercise 2470 and participant 690 (result to be deleted: null)
    23:44:19.867 | 441 ool-1-worker-205 | DEBUG | .a.s.ParticipantScoreScheduleService : Scheduled task for exercise 2470 and participant 690 at 2025-02-14T23:44:19.967256461Z[Etc/UTC].
    23:44:19.868 | 326 taskScheduler-1  | DEBUG | .a.s.ParticipantScoreScheduleService : Processing exercise 2469 and participant 690 to update participant scores.
    23:44:19.878 | 326 taskScheduler-1  | DEBUG | .a.s.ParticipantScoreScheduleService : Updated participant score 273.
    23:44:19.881 | 326 taskScheduler-1  | DEBUG | .a.s.ParticipantScoreScheduleService : Updating the participant score for exercise 2469 and participant 690 took 13 ms.
    23:44:19.903 | 441 ool-1-worker-205 | DEBUG | d.t.c.a.a.c.s.f.ApiVersionFilter     : Adding Version to Request GET /api/courses/770/stats-for-assessment-dashboard
    23:44:19.930 | 329 taskScheduler-4  | DEBUG | .a.s.ParticipantScoreScheduleService : Processing exercise 2470 and participant 689 to update participant scores.
    23:44:19.935 | 329 taskScheduler-4  | DEBUG | .a.s.ParticipantScoreScheduleService : Updated participant score 274.
    23:44:19.935 | 329 taskScheduler-4  | DEBUG | .a.s.ParticipantScoreScheduleService : Updating the participant score for exercise 2470 and participant 689 took 5 ms.

  Starting logs for CourseGitlabJenkinsIntegrationTest > testCreateAndUpdateCourseWithPersistentCourseImageOnUpdate()
    23:44:19.957 | 441 ool-1-worker-205 | DEBUG | d.t.c.a.a.c.u.util.UserUtilService   : Generate 8 students...
    23:44:19.972 | 441 ool-1-worker-205 | DEBUG | d.t.c.a.a.c.u.util.UserUtilService   : 8 students generated. Generate 5 tutors...
    23:44:19.986 | 441 ool-1-worker-205 | DEBUG | d.t.c.a.a.c.u.util.UserUtilService   : 5 tutors generated. Generate 1 editors...
    23:44:19.991 | 441 ool-1-worker-205 | DEBUG | d.t.c.a.a.c.u.util.UserUtilService   : 1 editors generated. Generate 1 instructors...
    23:44:19.995 | 441 ool-1-worker-205 | DEBUG | d.t.c.a.a.c.u.util.UserUtilService   : 1 instructors generated
    23:44:19.997 | 441 ool-1-worker-205 | DEBUG | d.t.c.a.a.c.u.util.UserUtilService   : Removing 16 users from all courses...
    23:44:19.999 | 441 ool-1-worker-205 | DEBUG | d.t.c.a.a.c.u.util.UserUtilService   : Removing 16 users from all courses. Done
    23:44:19.999 | 441 ool-1-worker-205 | DEBUG | d.t.c.a.a.c.u.util.UserUtilService   : Save 15 users to database...
    23:44:20.021 | 441 ool-1-worker-205 | DEBUG | d.t.c.a.a.c.u.util.UserUtilService   : Save 15 users to database. Done
    23:44:20.036 | 441 ool-1-worker-205 | INFO  | i.z.t.d.l.EmbeddedDatabaseReporter   : JDBC URL to connect to 'dataSource': url='jdbc:h2:tcp://localhost:41063/mem:736625c0-cf5e-400d-aeaa-8a7eabd6262b;USER=sa', scope='CourseGitlabJenkinsIntegrationTest#testCreateAndUpdateCourseWithPersistentCourseImageOnUpdate'
    23:44:20.038 | 441 ool-1-worker-205 | DEBUG | d.t.c.a.a.c.s.f.ApiVersionFilter     : Adding Version to Request POST /api/admin/courses
    23:44:20.038 | 441 ool-1-worker-205 | DEBUG | d.t.c.a.a.c.w.a.AdminCourseResource  : REST request to save Course : Course{id=null, title='Course title 70742062-0ed4-44e7-ada2-2dbd4fe71e64', description='null', shortName='shorte47ce0c509bb204e52087db0f4d1c8c79ec9', studentGroupName='null', teachingAssistantGroupName='null', editorGroupName='null', instructorGroupName='null', startDate='null', endDate='null', enrollmentStartDate='null', enrollmentEndDate='null', unenrollmentEndDate='null', semester='null'', onlineCourse='false', color='null', courseIcon='null', enrollmentEnabled='false', unenrollmentEnabled='false', presentationScore='2', faqEnabled='false'}
    23:44:20.053 | 441 ool-1-worker-205 | DEBUG | d.t.c.a.a.c.s.f.ApiVersionFilter     : Adding Version to Request GET /api/files/course/icons/771/CourseIcon_2025-02-14T23-44-20-040_10eeb236.png
    23:44:20.054 | 441 ool-1-worker-205 | DEBUG | d.t.c.a.a.core.web.FileResource      : REST request to get icon for course : 771
    23:44:20.058 | 441 ool-1-worker-205 | DEBUG | d.t.c.a.a.c.s.f.ApiVersionFilter     : Adding Version to Request PUT /api/courses/771
    23:44:20.059 | 441 ool-1-worker-205 | DEBUG | d.t.c.a.a.core.web.CourseResource    : REST request to update Course : Course{id=771, title='Course title 70742062-0ed4-44e7-ada2-2dbd4fe71e64', description='null', shortName='shorte47ce0c509bb204e52087db0f4d1c8c79ec9', studentGroupName='artemis-shorte47ce0c509bb204e52087db0f4d1c8c79ec9-students', teachingAssistantGroupName='artemis-shorte47ce0c509bb204e52087db0f4d1c8c79ec9-tutors', editorGroupName='artemis-shorte47ce0c509bb204e52087db0f4d1c8c79ec9-editors', instructorGroupName='artemis-shorte47ce0c509bb204e52087db0f4d1c8c79ec9-instructors', startDate='null', endDate='null', enrollmentStartDate='null', enrollmentEndDate='null', unenrollmentEndDate='null', semester='null'', onlineCourse='false', color='null', courseIcon='/api/files/course/icons/771/CourseIcon_2025-02-14T23-44-20-040_10eeb236.png', enrollmentEnabled='false', unenrollmentEnabled='false', presentationScore='2', faqEnabled='false'}

  Starting logs for CourseGitlabJenkinsIntegrationTest > testAddTutorAndInstructorToCourse_failsToAddUserToGroup()
    23:44:20.093 | 441 ool-1-worker-205 | DEBUG | d.t.c.a.a.c.u.util.UserUtilService   : Generate 8 students...
    23:44:20.108 | 441 ool-1-worker-205 | DEBUG | d.t.c.a.a.c.u.util.UserUtilService   : 8 students generated. Generate 5 tutors...
    23:44:20.128 | 441 ool-1-worker-205 | DEBUG | d.t.c.a.a.c.u.util.UserUtilService   : 5 tutors generated. Generate 1 editors...
    23:44:20.135 | 441 ool-1-worker-205 | DEBUG | d.t.c.a.a.c.u.util.UserUtilService   : 1 editors generated. Generate 1 instructors...
    23:44:20.141 | 441 ool-1-worker-205 | DEBUG | d.t.c.a.a.c.u.util.UserUtilService   : 1 instructors generated
    23:44:20.145 | 441 ool-1-worker-205 | DEBUG | d.t.c.a.a.c.u.util.UserUtilService   : Removing 16 users from all courses...
    23:44:20.151 | 441 ool-1-worker-205 | DEBUG | d.t.c.a.a.c.u.util.UserUtilService   : Removing 16 users from all courses. Done
    23:44:20.151 | 441 ool-1-worker-205 | DEBUG | d.t.c.a.a.c.u.util.UserUtilService   : Save 15 users to database...
    23:44:20.166 | 441 ool-1-worker-205 | DEBUG | d.t.c.a.a.c.u.util.UserUtilService   : Save 15 users to database. Done
    23:44:20.195 | 441 ool-1-worker-205 | INFO  | i.z.t.d.l.EmbeddedDatabaseReporter   : JDBC URL to connect to 'dataSource': url='jdbc:h2:tcp://localhost:41063/mem:736625c0-cf5e-400d-aeaa-8a7eabd6262b;USER=sa', scope='CourseGitlabJenkinsIntegrationTest#testAddTutorAndInstructorToCourse_failsToAddUserToGroup'
    23:44:20.523 | 441 ool-1-worker-205 | DEBUG | d.t.c.a.a.c.s.f.ApiVersionFilter     : Adding Version to Request POST /api/courses/772/tutors/courseegitlabjenkinstutor1
    23:44:20.524 | 441 ool-1-worker-205 | DEBUG | d.t.c.a.a.core.web.CourseResource    : REST request to add courseegitlabjenkinstutor1 as tutors to course : 772
    23:44:20.530 | 441 ool-1-worker-205 | DEBUG | d.t.c.a.a.c.service.user.UserService : Add user courseegitlabjenkinstutor1 to group courseegitlabjenkinstutor
    23:44:20.537 | 441 ool-1-worker-205 | INFO  | .a.p.s.g.GitLabUserManagementService : Update Gitlab permissions for programming exercises: [SHORT1D2A008A0C29704FB90983203C834C268F59T284, SHORT946C69020CCA5048180BCDE023AAED3839C1TC82, SHORT4A7B29700CF49045BC0A886053CDF569874DT590, SHORTAB1C88AA065AC0495D09A97048DDA4533736TB58, SHORT489A18930496F0468A0B8AE0702EBABADF33T36C, SHORTC35F79E300BBD04E050BC250826A850B2417TEFE, SHORT93F8018F0B739044BE0A98A04D8E0855AF70T68A, SHORT08F5E2BC0DE4B047370B6D70C75440A60CD2T360, SHORT45BCF1EC04ECB04980085910433C09EF95A8TDE0, SHORTEF853C83008A904F200A80E0EAA0CF48D3FDT0D8, SHORTDB85E65000286047150A514037AF72FAD42ATSTEXC]
    23:44:20.541 | 441 ool-1-worker-205 | INFO  | .a.p.s.g.GitLabUserManagementService : Add member 1 to Gitlab group SHORT1D2A008A0C29704FB90983203C834C268F59T284
    23:44:20.541 | 441 ool-1-worker-205 | INFO  | .a.p.s.g.GitLabUserManagementService : Add member 1 to Gitlab group SHORT946C69020CCA5048180BCDE023AAED3839C1TC82
    23:44:20.541 | 441 ool-1-worker-205 | INFO  | .a.p.s.g.GitLabUserManagementService : Add member 1 to Gitlab group SHORT4A7B29700CF49045BC0A886053CDF569874DT590
    23:44:20.541 | 441 ool-1-worker-205 | INFO  | .a.p.s.g.GitLabUserManagementService : Add member 1 to Gitlab group SHORTAB1C88AA065AC0495D09A97048DDA4533736TB58
    23:44:20.541 | 441 ool-1-worker-205 | INFO  | .a.p.s.g.GitLabUserManagementService : Add member 1 to Gitlab group SHORT489A18930496F0468A0B8AE0702EBABADF33T36C
    23:44:20.541 | 441 ool-1-worker-205 | INFO  | .a.p.s.g.GitLabUserManagementService : Add member 1 to Gitlab group SHORTC35F79E300BBD04E050BC250826A850B2417TEFE
    23:44:20.541 | 441 ool-1-worker-205 | INFO  | .a.p.s.g.GitLabUserManagementService : Add member 1 to Gitlab group SHORT93F8018F0B739044BE0A98A04D8E0855AF70T68A
    23:44:20.541 | 441 ool-1-worker-205 | INFO  | .a.p.s.g.GitLabUserManagementService : Add member 1 to Gitlab group SHORT08F5E2BC0DE4B047370B6D70C75440A60CD2T360
    23:44:20.541 | 441 ool-1-worker-205 | INFO  | .a.p.s.g.GitLabUserManagementService : Add member 1 to Gitlab group SHORT45BCF1EC04ECB04980085910433C09EF95A8TDE0
    23:44:20.541 | 441 ool-1-worker-205 | INFO  | .a.p.s.g.GitLabUserManagementService : Add member 1 to Gitlab group SHORTEF853C83008A904F200A80E0EAA0CF48D3FDT0D8
    23:44:20.541 | 441 ool-1-worker-205 | INFO  | .a.p.s.g.GitLabUserManagementService : Add member 1 to Gitlab group SHORTDB85E65000286047150A514037AF72FAD42ATSTEXC
    23:44:20.549 | 441 ool-1-worker-205 | INFO  | a.p.s.j.JenkinsUserManagementService : Update Jenkins permissions (add users to groups) for programming exercises: [SHORT1D2A008A0C29704FB90983203C834C268F59T284, SHORT946C69020CCA5048180BCDE023AAED3839C1TC82, SHORT4A7B29700CF49045BC0A886053CDF569874DT590, SHORTAB1C88AA065AC0495D09A97048DDA4533736TB58, SHORT489A18930496F0468A0B8AE0702EBABADF33T36C, SHORTC35F79E300BBD04E050BC250826A850B2417TEFE, SHORT93F8018F0B739044BE0A98A04D8E0855AF70T68A, SHORT08F5E2BC0DE4B047370B6D70C75440A60CD2T360, SHORT45BCF1EC04ECB04980085910433C09EF95A8TDE0, SHORTEF853C83008A904F200A80E0EAA0CF48D3FDT0D8, SHORTDB85E65000286047150A514037AF72FAD42ATSTEXC]
    23:44:20.562 | 441 ool-1-worker-205 | ERROR | o.z.p.spring.common.AdviceTraits     : Internal Server Error
org.springframework.web.client.HttpClientErrorException$BadRequest: 400 Bad Request on POST request for "https://continuous-integration.fake.fake/job/SHORT1D2A008A0C29704FB90983203C834C268F59T284/config.xml": [no body]
	at org.springframework.web.client.HttpClientErrorException.create(HttpClientErrorException.java:103)
	at org.springframework.web.client.DefaultResponseErrorHandler.handleError(DefaultResponseErrorHandler.java:186)
	at org.springframework.web.client.DefaultResponseErrorHandler.handleError(DefaultResponseErrorHandler.java:147)
	at org.springframework.web.client.RestTemplate.handleResponse(RestTemplate.java:953)
	at org.springframework.web.client.RestTemplate.doExecute(RestTemplate.java:902)
	at org.springframework.web.client.RestTemplate.execute(RestTemplate.java:841)
	at org.springframework.web.client.RestTemplate.postForEntity(RestTemplate.java:567)
	at de.tum.cit.aet.artemis.programming.service.jenkins.jobs.JenkinsJobService.updateFolderJob(JenkinsJobService.java:251)
	at de.tum.cit.aet.artemis.programming.service.jenkins.jobs.JenkinsJobPermissionsService.addTeachingAssistantPermissionsToUserForFolder(JenkinsJobPermissionsService.java:118)
	at de.tum.cit.aet.artemis.programming.service.jenkins.jobs.JenkinsJobPermissionsService.addTeachingAssistantPermissionsToUserForFolder(JenkinsJobPermissionsService.java:105)
	at de.tum.cit.aet.artemis.programming.service.jenkins.JenkinsUserManagementService.lambda$addUserToGroups$0(JenkinsUserManagementService.java:273)
	at java.base/java.util.ArrayList.forEach(ArrayList.java:1596)
	at de.tum.cit.aet.artemis.programming.service.jenkins.JenkinsUserManagementService.addUserToGroups(JenkinsUserManagementService.java:245)
	at de.tum.cit.aet.artemis.core.service.user.UserService.lambda$addUserToGroup$20(UserService.java:677)
	at java.base/java.util.Optional.ifPresent(Optional.java:178)
	at de.tum.cit.aet.artemis.core.service.user.UserService.addUserToGroup(UserService.java:677)
	at de.tum.cit.aet.artemis.core.service.CourseService.addUserToGroup(CourseService.java:1080)
	at java.base/jdk.internal.reflect.DirectMethodHandleAccessor.invoke(DirectMethodHandleAccessor.java:103)
	at java.base/java.lang.reflect.Method.invoke(Method.java:580)
	at org.springframework.aop.support.AopUtils.invokeJoinpointUsingReflection(AopUtils.java:359)
	at org.springframework.aop.framework.CglibAopProxy$DynamicAdvisedInterceptor.intercept(CglibAopProxy.java:723)
	at de.tum.cit.aet.artemis.core.service.CourseService$$SpringCGLIB$$0.addUserToGroup(<generated>)
	at de.tum.cit.aet.artemis.core.web.CourseResource.addUserToCourseGroup(CourseResource.java:1238)
	at de.tum.cit.aet.artemis.core.web.CourseResource.addTutorToCourse(CourseResource.java:1187)
	at java.base/jdk.internal.reflect.DirectMethodHandleAccessor.invoke(DirectMethodHandleAccessor.java:103)
	at java.base/java.lang.reflect.Method.invoke(Method.java:580)
	at org.springframework.aop.support.AopUtils.invokeJoinpointUsingReflection(AopUtils.java:359)
	at org.springframework.aop.framework.ReflectiveMethodInvocation.invokeJoinpoint(ReflectiveMethodInvocation.java:196)
	at org.springframework.aop.framework.ReflectiveMethodInvocation.proceed(ReflectiveMethodInvocation.java:163)
	at org.springframework.security.authorization.method.AuthorizationManagerBeforeMethodInterceptor.proceed(AuthorizationManagerBeforeMethodInterceptor.java:268)
	at org.springframework.security.authorization.method.AuthorizationManagerBeforeMethodInterceptor.attemptAuthorization(AuthorizationManagerBeforeMethodInterceptor.java:263)
	at org.springframework.security.authorization.method.AuthorizationManagerBeforeMethodInterceptor.invoke(AuthorizationManagerBeforeMethodInterceptor.java:196)
	at org.springframework.security.config.annotation.method.configuration.DeferringMethodInterceptor.invoke(DeferringMethodInterceptor.java:44)
	at org.springframework.aop.framework.ReflectiveMethodInvocation.proceed(ReflectiveMethodInvocation.java:184)
	at org.springframework.aop.interceptor.ExposeInvocationInterceptor.invoke(ExposeInvocationInterceptor.java:97)
	at org.springframework.aop.framework.ReflectiveMethodInvocation.proceed(ReflectiveMethodInvocation.java:184)
	at org.springframework.aop.framework.CglibAopProxy$DynamicAdvisedInterceptor.intercept(CglibAopProxy.java:727)
	at de.tum.cit.aet.artemis.core.web.CourseResource$$SpringCGLIB$$0.addTutorToCourse(<generated>)
	at java.base/jdk.internal.reflect.DirectMethodHandleAccessor.invoke(DirectMethodHandleAccessor.java:103)
	at java.base/java.lang.reflect.Method.invoke(Method.java:580)
	at org.springframework.web.method.support.InvocableHandlerMethod.doInvoke(InvocableHandlerMethod.java:257)
	at org.springframework.web.method.support.InvocableHandlerMethod.invokeForRequest(InvocableHandlerMethod.java:190)
	at org.springframework.web.servlet.mvc.method.annotation.ServletInvocableHandlerMethod.invokeAndHandle(ServletInvocableHandlerMethod.java:118)
	at org.springframework.web.servlet.mvc.method.annotation.RequestMappingHandlerAdapter.invokeHandlerMethod(RequestMappingHandlerAdapter.java:986)
	at org.springframework.web.servlet.mvc.method.annotation.RequestMappingHandlerAdapter.handleInternal(RequestMappingHandlerAdapter.java:891)
	at org.springframework.web.servlet.mvc.method.AbstractHandlerMethodAdapter.handle(AbstractHandlerMethodAdapter.java:87)
	at org.springframework.web.servlet.DispatcherServlet.doDispatch(DispatcherServlet.java:1088)
	at org.springframework.web.servlet.DispatcherServlet.doService(DispatcherServlet.java:978)
	at org.springframework.web.servlet.FrameworkServlet.processRequest(FrameworkServlet.java:1014)
	at org.springframework.web.servlet.FrameworkServlet.doPost(FrameworkServlet.java:914)
	at jakarta.servlet.http.HttpServlet.service(HttpServlet.java:547)
	at org.springframework.web.servlet.FrameworkServlet.service(FrameworkServlet.java:885)
	at org.springframework.test.web.servlet.TestDispatcherServlet.service(TestDispatcherServlet.java:72)
	at jakarta.servlet.http.HttpServlet.service(HttpServlet.java:614)
	at org.springframework.mock.web.MockFilterChain$ServletFilterProxy.doFilter(MockFilterChain.java:165)
	at org.springframework.mock.web.MockFilterChain.doFilter(MockFilterChain.java:132)
	at org.springframework.web.filter.OncePerRequestFilter.doFilter(OncePerRequestFilter.java:110)
	at org.springframework.test.web.servlet.setup.MockMvcFilterDecorator.doFilter(MockMvcFilterDecorator.java:162)
	at org.springframework.mock.web.MockFilterChain.doFilter(MockFilterChain.java:132)
	at de.tum.cit.aet.artemis.core.security.filter.ApiVersionFilter.doFilter(ApiVersionFilter.java:55)
	at org.springframework.test.web.servlet.setup.MockMvcFilterDecorator.doFilter(MockMvcFilterDecorator.java:162)
	at org.springframework.mock.web.MockFilterChain.doFilter(MockFilterChain.java:132)
	at io.sentry.spring.jakarta.SentryUserFilter.doFilterInternal(SentryUserFilter.java:56)
	at org.springframework.web.filter.OncePerRequestFilter.doFilter(OncePerRequestFilter.java:116)
	at org.springframework.test.web.servlet.setup.MockMvcFilterDecorator.doFilter(MockMvcFilterDecorator.java:162)
	at org.springframework.mock.web.MockFilterChain.doFilter(MockFilterChain.java:132)
	at org.springframework.web.filter.CompositeFilter$VirtualFilterChain.doFilter(CompositeFilter.java:108)
	at org.springframework.security.web.FilterChainProxy.lambda$doFilterInternal$3(FilterChainProxy.java:231)
	at org.springframework.security.web.ObservationFilterChainDecorator$FilterObservation$SimpleFilterObservation.lambda$wrap$1(ObservationFilterChainDecorator.java:479)
	at org.springframework.security.web.ObservationFilterChainDecorator$AroundFilterObservation$SimpleAroundFilterObservation.lambda$wrap$1(ObservationFilterChainDecorator.java:340)
	at org.springframework.security.web.ObservationFilterChainDecorator.lambda$wrapSecured$0(ObservationFilterChainDecorator.java:82)
	at org.springframework.security.web.ObservationFilterChainDecorator$VirtualFilterChain.doFilter(ObservationFilterChainDecorator.java:128)
	at org.springframework.security.web.access.intercept.AuthorizationFilter.doFilter(AuthorizationFilter.java:101)
	at org.springframework.security.web.ObservationFilterChainDecorator$ObservationFilter.wrapFilter(ObservationFilterChainDecorator.java:240)
	at org.springframework.security.web.ObservationFilterChainDecorator$ObservationFilter.doFilter(ObservationFilterChainDecorator.java:227)
	at org.springframework.security.web.ObservationFilterChainDecorator$VirtualFilterChain.doFilter(ObservationFilterChainDecorator.java:137)
	at org.springframework.security.web.access.ExceptionTranslationFilter.doFilter(ExceptionTranslationFilter.java:126)
	at org.springframework.security.web.access.ExceptionTranslationFilter.doFilter(ExceptionTranslationFilter.java:120)
	at org.springframework.security.web.ObservationFilterChainDecorator$ObservationFilter.wrapFilter(ObservationFilterChainDecorator.java:240)
	at org.springframework.security.web.ObservationFilterChainDecorator$ObservationFilter.doFilter(ObservationFilterChainDecorator.java:227)
	at org.springframework.security.web.ObservationFilterChainDecorator$VirtualFilterChain.doFilter(ObservationFilterChainDecorator.java:137)
	at org.springframework.security.web.session.SessionManagementFilter.doFilter(SessionManagementFilter.java:131)
	at org.springframework.security.web.session.SessionManagementFilter.doFilter(SessionManagementFilter.java:85)
	at org.springframework.security.web.ObservationFilterChainDecorator$ObservationFilter.wrapFilter(ObservationFilterChainDecorator.java:240)
	at org.springframework.security.web.ObservationFilterChainDecorator$ObservationFilter.doFilter(ObservationFilterChainDecorator.java:227)
	at org.springframework.security.web.ObservationFilterChainDecorator$VirtualFilterChain.doFilter(ObservationFilterChainDecorator.java:137)
	at org.springframework.security.web.authentication.AnonymousAuthenticationFilter.doFilter(AnonymousAuthenticationFilter.java:100)
	at org.springframework.security.web.ObservationFilterChainDecorator$ObservationFilter.wrapFilter(ObservationFilterChainDecorator.java:240)
	at org.springframework.security.web.ObservationFilterChainDecorator$ObservationFilter.doFilter(ObservationFilterChainDecorator.java:227)
	at org.springframework.security.web.ObservationFilterChainDecorator$VirtualFilterChain.doFilter(ObservationFilterChainDecorator.java:137)
	at org.springframework.security.web.servletapi.SecurityContextHolderAwareRequestFilter.doFilter(SecurityContextHolderAwareRequestFilter.java:179)
	at org.springframework.security.web.ObservationFilterChainDecorator$ObservationFilter.wrapFilter(ObservationFilterChainDecorator.java:240)
	at org.springframework.security.web.ObservationFilterChainDecorator$ObservationFilter.doFilter(ObservationFilterChainDecorator.java:227)
	at org.springframework.security.web.ObservationFilterChainDecorator$VirtualFilterChain.doFilter(ObservationFilterChainDecorator.java:137)
	at org.springframework.security.web.savedrequest.RequestCacheAwareFilter.doFilter(RequestCacheAwareFilter.java:63)
	at org.springframework.security.web.ObservationFilterChainDecorator$ObservationFilter.wrapFilter(ObservationFilterChainDecorator.java:240)
	at org.springframework.security.web.ObservationFilterChainDecorator$ObservationFilter.doFilter(ObservationFilterChainDecorator.java:227)
	at org.springframework.security.web.ObservationFilterChainDecorator$VirtualFilterChain.doFilter(ObservationFilterChainDecorator.java:137)
	at de.tum.cit.aet.artemis.core.security.filter.SpaWebFilter.doFilterInternal(SpaWebFilter.java:23)
	at org.springframework.web.filter.OncePerRequestFilter.doFilter(OncePerRequestFilter.java:116)
	at org.springframework.security.web.ObservationFilterChainDecorator$ObservationFilter.wrapFilter(ObservationFilterChainDecorator.java:240)
	at org.springframework.security.web.ObservationFilterChainDecorator$ObservationFilter.doFilter(ObservationFilterChainDecorator.java:227)
	at org.springframework.security.web.ObservationFilterChainDecorator$VirtualFilterChain.doFilter(ObservationFilterChainDecorator.java:137)
	at org.springframework.web.filter.OncePerRequestFilter.doFilter(OncePerRequestFilter.java:110)
	at org.springframework.security.web.ObservationFilterChainDecorator$ObservationFilter.wrapFilter(ObservationFilterChainDecorator.java:240)
	at org.springframework.security.web.ObservationFilterChainDecorator$ObservationFilter.doFilter(ObservationFilterChainDecorator.java:227)
	at org.springframework.security.web.ObservationFilterChainDecorator$VirtualFilterChain.doFilter(ObservationFilterChainDecorator.java:137)
	at de.tum.cit.aet.artemis.lti.config.Lti13LaunchFilter.doFilterInternal(Lti13LaunchFilter.java:60)
	at org.springframework.web.filter.OncePerRequestFilter.doFilter(OncePerRequestFilter.java:116)
	at org.springframework.security.web.ObservationFilterChainDecorator$ObservationFilter.wrapFilter(ObservationFilterChainDecorator.java:240)
	at org.springframework.security.web.ObservationFilterChainDecorator$ObservationFilter.doFilter(ObservationFilterChainDecorator.java:227)
	at org.springframework.security.web.ObservationFilterChainDecorator$VirtualFilterChain.doFilter(ObservationFilterChainDecorator.java:137)
	at de.tum.cit.aet.artemis.core.security.jwt.JWTFilter.doFilter(JWTFilter.java:55)
	at org.springframework.security.web.ObservationFilterChainDecorator$ObservationFilter.wrapFilter(ObservationFilterChainDecorator.java:240)
	at org.springframework.security.web.ObservationFilterChainDecorator$ObservationFilter.doFilter(ObservationFilterChainDecorator.java:227)
	at org.springframework.security.web.ObservationFilterChainDecorator$VirtualFilterChain.doFilter(ObservationFilterChainDecorator.java:137)
	at de.tum.cit.aet.artemis.core.security.jwt.JWTFilter.doFilter(JWTFilter.java:55)
	at org.springframework.security.web.ObservationFilterChainDecorator$ObservationFilter.wrapFilter(ObservationFilterChainDecorator.java:240)
	at org.springframework.security.web.ObservationFilterChainDecorator$ObservationFilter.doFilter(ObservationFilterChainDecorator.java:227)
	at org.springframework.security.web.ObservationFilterChainDecorator$VirtualFilterChain.doFilter(ObservationFilterChainDecorator.java:137)
	at org.springframework.web.filter.CorsFilter.doFilterInternal(CorsFilter.java:91)
	at org.springframework.web.filter.OncePerRequestFilter.doFilter(OncePerRequestFilter.java:116)
	at org.springframework.security.web.ObservationFilterChainDecorator$ObservationFilter.wrapFilter(ObservationFilterChainDecorator.java:240)
	at org.springframework.security.web.ObservationFilterChainDecorator$ObservationFilter.doFilter(ObservationFilterChainDecorator.java:227)
	at org.springframework.security.web.ObservationFilterChainDecorator$VirtualFilterChain.doFilter(ObservationFilterChainDecorator.java:137)
	at org.springframework.web.filter.OncePerRequestFilter.doFilter(OncePerRequestFilter.java:110)
	at org.springframework.security.web.ObservationFilterChainDecorator$ObservationFilter.wrapFilter(ObservationFilterChainDecorator.java:240)
	at org.springframework.security.web.ObservationFilterChainDecorator$ObservationFilter.doFilter(ObservationFilterChainDecorator.java:227)
	at org.springframework.security.web.ObservationFilterChainDecorator$VirtualFilterChain.doFilter(ObservationFilterChainDecorator.java:137)
	at uk.ac.ox.ctl.lti13.security.oauth2.client.lti.web.OAuth2AuthorizationRequestRedirectFilter.doFilterInternal(OAuth2AuthorizationRequestRedirectFilter.java:142)
	at org.springframework.web.filter.OncePerRequestFilter.doFilter(OncePerRequestFilter.java:116)
	at org.springframework.security.web.ObservationFilterChainDecorator$ObservationFilter.wrapFilter(ObservationFilterChainDecorator.java:240)
	at org.springframework.security.web.ObservationFilterChainDecorator$ObservationFilter.doFilter(ObservationFilterChainDecorator.java:227)
	at org.springframework.security.web.ObservationFilterChainDecorator$VirtualFilterChain.doFilter(ObservationFilterChainDecorator.java:137)
	at org.springframework.security.web.authentication.logout.LogoutFilter.doFilter(LogoutFilter.java:107)
	at org.springframework.security.web.authentication.logout.LogoutFilter.doFilter(LogoutFilter.java:93)
	at org.springframework.security.web.ObservationFilterChainDecorator$ObservationFilter.wrapFilter(ObservationFilterChainDecorator.java:240)
	at org.springframework.security.web.ObservationFilterChainDecorator$ObservationFilter.doFilter(ObservationFilterChainDecorator.java:227)
	at org.springframework.security.web.ObservationFilterChainDecorator$VirtualFilterChain.doFilter(ObservationFilterChainDecorator.java:137)
	at org.springframework.security.web.header.HeaderWriterFilter.doHeadersAfter(HeaderWriterFilter.java:90)
	at org.springframework.security.web.header.HeaderWriterFilter.doFilterInternal(HeaderWriterFilter.java:75)
	at org.springframework.web.filter.OncePerRequestFilter.doFilter(OncePerRequestFilter.java:116)
	at org.springframework.security.web.ObservationFilterChainDecorator$ObservationFilter.wrapFilter(ObservationFilterChainDecorator.java:240)
	at org.springframework.security.web.ObservationFilterChainDecorator$ObservationFilter.doFilter(ObservationFilterChainDecorator.java:227)
	at org.springframework.security.web.ObservationFilterChainDecorator$VirtualFilterChain.doFilter(ObservationFilterChainDecorator.java:137)
	at org.springframework.security.web.context.SecurityContextHolderFilter.doFilter(SecurityContextHolderFilter.java:82)
	at org.springframework.security.web.context.SecurityContextHolderFilter.doFilter(SecurityContextHolderFilter.java:69)
	at org.springframework.security.web.ObservationFilterChainDecorator$ObservationFilter.wrapFilter(ObservationFilterChainDecorator.java:240)
	at org.springframework.security.web.ObservationFilterChainDecorator$ObservationFilter.doFilter(ObservationFilterChainDecorator.java:227)
	at org.springframework.security.web.ObservationFilterChainDecorator$VirtualFilterChain.doFilter(ObservationFilterChainDecorator.java:137)
	at org.springframework.security.web.context.request.async.WebAsyncManagerIntegrationFilter.doFilterInternal(WebAsyncManagerIntegrationFilter.java:62)
	at org.springframework.web.filter.OncePerRequestFilter.doFilter(OncePerRequestFilter.java:116)
	at org.springframework.security.web.ObservationFilterChainDecorator$ObservationFilter.wrapFilter(ObservationFilterChainDecorator.java:240)
	at org.springframework.security.web.ObservationFilterChainDecorator$ObservationFilter.doFilter(ObservationFilterChainDecorator.java:227)
	at org.springframework.security.web.ObservationFilterChainDecorator$VirtualFilterChain.doFilter(ObservationFilterChainDecorator.java:137)
	at org.springframework.security.web.session.DisableEncodeUrlFilter.doFilterInternal(DisableEncodeUrlFilter.java:42)
	at org.springframework.web.filter.OncePerRequestFilter.doFilter(OncePerRequestFilter.java:116)
	at org.springframework.security.web.ObservationFilterChainDecorator$ObservationFilter.wrapFilter(ObservationFilterChainDecorator.java:240)
	at org.springframework.security.web.ObservationFilterChainDecorator$AroundFilterObservation$SimpleAroundFilterObservation.lambda$wrap$0(ObservationFilterChainDecorator.java:323)
	at org.springframework.security.web.ObservationFilterChainDecorator$ObservationFilter.doFilter(ObservationFilterChainDecorator.java:224)
	at org.springframework.security.web.ObservationFilterChainDecorator$VirtualFilterChain.doFilter(ObservationFilterChainDecorator.java:137)
	at org.springframework.security.web.FilterChainProxy.doFilterInternal(FilterChainProxy.java:233)
	at org.springframework.security.web.FilterChainProxy.doFilter(FilterChainProxy.java:191)
	at org.springframework.web.filter.CompositeFilter$VirtualFilterChain.doFilter(CompositeFilter.java:113)
	at org.springframework.web.servlet.handler.HandlerMappingIntrospector.lambda$createCacheFilter$3(HandlerMappingIntrospector.java:243)
	at org.springframework.web.filter.CompositeFilter$VirtualFilterChain.doFilter(CompositeFilter.java:113)
	at org.springframework.web.filter.CompositeFilter.doFilter(CompositeFilter.java:74)
	at org.springframework.security.config.annotation.web.configuration.WebMvcSecurityConfiguration$CompositeFilterChainProxy.doFilter(WebMvcSecurityConfiguration.java:238)
	at org.springframework.web.filter.DelegatingFilterProxy.invokeDelegate(DelegatingFilterProxy.java:362)
	at org.springframework.web.filter.DelegatingFilterProxy.doFilter(DelegatingFilterProxy.java:278)
	at org.springframework.test.web.servlet.setup.MockMvcFilterDecorator.doFilter(MockMvcFilterDecorator.java:162)
	at org.springframework.mock.web.MockFilterChain.doFilter(MockFilterChain.java:132)
	at org.springframework.web.filter.RequestContextFilter.doFilterInternal(RequestContextFilter.java:100)
	at org.springframework.web.filter.OncePerRequestFilter.doFilter(OncePerRequestFilter.java:116)
	at org.springframework.test.web.servlet.setup.MockMvcFilterDecorator.doFilter(MockMvcFilterDecorator.java:162)
	at org.springframework.mock.web.MockFilterChain.doFilter(MockFilterChain.java:132)
	at org.springframework.web.filter.FormContentFilter.doFilterInternal(FormContentFilter.java:93)
	at org.springframework.web.filter.OncePerRequestFilter.doFilter(OncePerRequestFilter.java:116)
	at org.springframework.test.web.servlet.setup.MockMvcFilterDecorator.doFilter(MockMvcFilterDecorator.java:162)
	at org.springframework.mock.web.MockFilterChain.doFilter(MockFilterChain.java:132)
	at org.springframework.web.filter.ServerHttpObservationFilter.doFilterInternal(ServerHttpObservationFilter.java:114)
	at org.springframework.web.filter.OncePerRequestFilter.doFilter(OncePerRequestFilter.java:116)
	at org.springframework.test.web.servlet.setup.MockMvcFilterDecorator.doFilter(MockMvcFilterDecorator.java:162)
	at org.springframework.mock.web.MockFilterChain.doFilter(MockFilterChain.java:132)
	at io.sentry.spring.jakarta.tracing.SentryTracingFilter.doFilterInternal(SentryTracingFilter.java:91)
	at org.springframework.web.filter.OncePerRequestFilter.doFilter(OncePerRequestFilter.java:116)
	at org.springframework.test.web.servlet.setup.MockMvcFilterDecorator.doFilter(MockMvcFilterDecorator.java:162)
	at org.springframework.mock.web.MockFilterChain.doFilter(MockFilterChain.java:132)
	at org.springframework.web.filter.CharacterEncodingFilter.doFilterInternal(CharacterEncodingFilter.java:201)
	at org.springframework.web.filter.OncePerRequestFilter.doFilter(OncePerRequestFilter.java:116)
	at org.springframework.test.web.servlet.setup.MockMvcFilterDecorator.doFilter(MockMvcFilterDecorator.java:162)
	at org.springframework.mock.web.MockFilterChain.doFilter(MockFilterChain.java:132)
	at io.sentry.spring.jakarta.SentrySpringFilter.doFilterInternal(SentrySpringFilter.java:76)
	at org.springframework.web.filter.OncePerRequestFilter.doFilter(OncePerRequestFilter.java:116)
	at org.springframework.test.web.servlet.setup.MockMvcFilterDecorator.doFilter(MockMvcFilterDecorator.java:162)
	at org.springframework.mock.web.MockFilterChain.doFilter(MockFilterChain.java:132)
	at org.springframework.test.web.servlet.MockMvc.perform(MockMvc.java:201)
	at de.tum.cit.aet.artemis.core.util.RequestUtilService.performMvcRequest(RequestUtilService.java:79)
	at de.tum.cit.aet.artemis.core.util.RequestUtilService.postWithoutLocation(RequestUtilService.java:213)
	at de.tum.cit.aet.artemis.core.util.RequestUtilService.postWithoutLocation(RequestUtilService.java:199)
	at de.tum.cit.aet.artemis.core.util.CourseTestService.testAddTutorAndEditorAndInstructorToCourse_failsToAddUserToGroup(CourseTestService.java:1879)
	at de.tum.cit.aet.artemis.programming.CourseGitlabJenkinsIntegrationTest.testAddTutorAndInstructorToCourse_failsToAddUserToGroup(CourseGitlabJenkinsIntegrationTest.java:538)
	at java.base/jdk.internal.reflect.DirectMethodHandleAccessor.invoke(DirectMethodHandleAccessor.java:103)
	at java.base/java.lang.reflect.Method.invoke(Method.java:580)
	at org.junit.platform.commons.util.ReflectionUtils.invokeMethod(ReflectionUtils.java:767)
	at org.junit.jupiter.engine.execution.MethodInvocation.proceed(MethodInvocation.java:60)
	at org.junit.jupiter.engine.execution.InvocationInterceptorChain$ValidatingInvocation.proceed(InvocationInterceptorChain.java:131)
	at org.junit.jupiter.engine.extension.TimeoutExtension.intercept(TimeoutExtension.java:156)
	at org.junit.jupiter.engine.extension.TimeoutExtension.interceptTestableMethod(TimeoutExtension.java:147)
	at org.junit.jupiter.engine.extension.TimeoutExtension.interceptTestMethod(TimeoutExtension.java:86)
	at org.junit.jupiter.engine.execution.InterceptingExecutableInvoker$ReflectiveInterceptorCall.lambda$ofVoidMethod$0(InterceptingExecutableInvoker.java:103)
	at org.junit.jupiter.engine.execution.InterceptingExecutableInvoker.lambda$invoke$0(InterceptingExecutableInvoker.java:93)
	at org.junit.jupiter.engine.execution.InvocationInterceptorChain$InterceptedInvocation.proceed(InvocationInterceptorChain.java:106)
	at org.junit.jupiter.engine.execution.InvocationInterceptorChain.proceed(InvocationInterceptorChain.java:64)
	at org.junit.jupiter.engine.execution.InvocationInterceptorChain.chainAndInvoke(InvocationInterceptorChain.java:45)
	at org.junit.jupiter.engine.execution.InvocationInterceptorChain.invoke(InvocationInterceptorChain.java:37)
	at org.junit.jupiter.engine.execution.InterceptingExecutableInvoker.invoke(InterceptingExecutableInvoker.java:92)
	at org.junit.jupiter.engine.execution.InterceptingExecutableInvoker.invoke(InterceptingExecutableInvoker.java:86)
	at org.junit.jupiter.engine.descriptor.TestMethodTestDescriptor.lambda$invokeTestMethod$8(TestMethodTestDescriptor.java:217)
	at org.junit.platform.engine.support.hierarchical.ThrowableCollector.execute(ThrowableCollector.java:73)
	at org.junit.jupiter.engine.descriptor.TestMethodTestDescriptor.invokeTestMethod(TestMethodTestDescriptor.java:213)
	at org.junit.jupiter.engine.descriptor.TestMethodTestDescriptor.execute(TestMethodTestDescriptor.java:138)
	at org.junit.jupiter.engine.descriptor.TestMethodTestDescriptor.execute(TestMethodTestDescriptor.java:68)
	at org.junit.platform.engine.support.hierarchical.NodeTestTask.lambda$executeRecursively$6(NodeTestTask.java:156)
	at org.junit.platform.engine.support.hierarchical.ThrowableCollector.execute(ThrowableCollector.java:73)
	at org.junit.platform.engine.support.hierarchical.NodeTestTask.lambda$executeRecursively$8(NodeTestTask.java:146)
	at org.junit.platform.engine.support.hierarchical.Node.around(Node.java:137)
	at org.junit.platform.engine.support.hierarchical.NodeTestTask.lambda$executeRecursively$9(NodeTestTask.java:144)
	at org.junit.platform.engine.support.hierarchical.ThrowableCollector.execute(ThrowableCollector.java:73)
	at org.junit.platform.engine.support.hierarchical.NodeTestTask.executeRecursively(NodeTestTask.java:143)
	at org.junit.platform.engine.support.hierarchical.NodeTestTask.execute(NodeTestTask.java:100)
	at org.junit.platform.engine.support.hierarchical.ForkJoinPoolHierarchicalTestExecutorService$ExclusiveTask.exec(ForkJoinPoolHierarchicalTestExecutorService.java:274)
	at org.junit.platform.engine.support.hierarchical.ForkJoinPoolHierarchicalTestExecutorService$ExclusiveTask.execSync(ForkJoinPoolHierarchicalTestExecutorService.java:247)
	at org.junit.platform.engine.support.hierarchical.ForkJoinPoolHierarchicalTestExecutorService.executeSync(ForkJoinPoolHierarchicalTestExecutorService.java:194)
	at org.junit.platform.engine.support.hierarchical.ForkJoinPoolHierarchicalTestExecutorService.invokeAll(ForkJoinPoolHierarchicalTestExecutorService.java:166)
	at org.junit.platform.engine.support.hierarchical.NodeTestTask.lambda$executeRecursively$6(NodeTestTask.java:160)
	at org.junit.platform.engine.support.hierarchical.ThrowableCollector.execute(ThrowableCollector.java:73)
	at org.junit.platform.engine.support.hierarchical.NodeTestTask.lambda$executeRecursively$8(NodeTestTask.java:146)
	at org.junit.platform.engine.support.hierarchical.Node.around(Node.java:137)
	at org.junit.platform.engine.support.hierarchical.NodeTestTask.lambda$executeRecursively$9(NodeTestTask.java:144)
	at org.junit.platform.engine.support.hierarchical.ThrowableCollector.execute(ThrowableCollector.java:73)
	at org.junit.platform.engine.support.hierarchical.NodeTestTask.executeRecursively(NodeTestTask.java:143)
	at org.junit.platform.engine.support.hierarchical.NodeTestTask.execute(NodeTestTask.java:100)
	at org.junit.platform.engine.support.hierarchical.ForkJoinPoolHierarchicalTestExecutorService$ExclusiveTask.exec(ForkJoinPoolHierarchicalTestExecutorService.java:274)
	at java.base/java.util.concurrent.ForkJoinTask.doExec(ForkJoinTask.java:387)
	at java.base/java.util.concurrent.ForkJoinPool$WorkQueue.topLevelExec(ForkJoinPool.java:1312)
	at java.base/java.util.concurrent.ForkJoinPool.scan(ForkJoinPool.java:1843)
	at java.base/java.util.concurrent.ForkJoinPool.runWorker(ForkJoinPool.java:1808)
	at java.base/java.util.concurrent.ForkJoinWorkerThread.run(ForkJoinWorkerThread.java:188)
    23:44:20.564 | 441 ool-1-worker-205 | DEBUG | d.t.c.a.a.c.s.f.ApiVersionFilter     : Adding Version to Request POST /api/courses/772/editors/courseegitlabjenkinseditor1
    23:44:20.564 | 441 ool-1-worker-205 | DEBUG | d.t.c.a.a.core.web.CourseResource    : REST request to add courseegitlabjenkinseditor1 as editors to course : 772
    23:44:20.567 | 441 ool-1-worker-205 | DEBUG | d.t.c.a.a.c.service.user.UserService : Add user courseegitlabjenkinseditor1 to group courseegitlabjenkinseditor
    23:44:20.571 | 441 ool-1-worker-205 | INFO  | .a.p.s.g.GitLabUserManagementService : Update Gitlab permissions for programming exercises: [SHORT1D2A008A0C29704FB90983203C834C268F59T284, SHORT946C69020CCA5048180BCDE023AAED3839C1TC82, SHORT4A7B29700CF49045BC0A886053CDF569874DT590, SHORTAB1C88AA065AC0495D09A97048DDA4533736TB58, SHORT489A18930496F0468A0B8AE0702EBABADF33T36C, SHORTC35F79E300BBD04E050BC250826A850B2417TEFE, SHORT93F8018F0B739044BE0A98A04D8E0855AF70T68A, SHORT08F5E2BC0DE4B047370B6D70C75440A60CD2T360, SHORT45BCF1EC04ECB04980085910433C09EF95A8TDE0, SHORTEF853C83008A904F200A80E0EAA0CF48D3FDT0D8, SHORTDB85E65000286047150A514037AF72FAD42ATSTEXC]
    23:44:20.571 | 441 ool-1-worker-205 | INFO  | .a.p.s.g.GitLabUserManagementService : Add member 1 to Gitlab group SHORT1D2A008A0C29704FB90983203C834C268F59T284
    23:44:20.572 | 441 ool-1-worker-205 | INFO  | .a.p.s.g.GitLabUserManagementService : Add member 1 to Gitlab group SHORT946C69020CCA5048180BCDE023AAED3839C1TC82
    23:44:20.572 | 441 ool-1-worker-205 | INFO  | .a.p.s.g.GitLabUserManagementService : Add member 1 to Gitlab group SHORT4A7B29700CF49045BC0A886053CDF569874DT590
    23:44:20.572 | 441 ool-1-worker-205 | INFO  | .a.p.s.g.GitLabUserManagementService : Add member 1 to Gitlab group SHORTAB1C88AA065AC0495D09A97048DDA4533736TB58
    23:44:20.572 | 441 ool-1-worker-205 | INFO  | .a.p.s.g.GitLabUserManagementService : Add member 1 to Gitlab group SHORT489A18930496F0468A0B8AE0702EBABADF33T36C
    23:44:20.572 | 441 ool-1-worker-205 | INFO  | .a.p.s.g.GitLabUserManagementService : Add member 1 to Gitlab group SHORTC35F79E300BBD04E050BC250826A850B2417TEFE
    23:44:20.572 | 441 ool-1-worker-205 | INFO  | .a.p.s.g.GitLabUserManagementService : Add member 1 to Gitlab group SHORT93F8018F0B739044BE0A98A04D8E0855AF70T68A
    23:44:20.572 | 441 ool-1-worker-205 | INFO  | .a.p.s.g.GitLabUserManagementService : Add member 1 to Gitlab group SHORT08F5E2BC0DE4B047370B6D70C75440A60CD2T360
    23:44:20.572 | 441 ool-1-worker-205 | INFO  | .a.p.s.g.GitLabUserManagementService : Add member 1 to Gitlab group SHORT45BCF1EC04ECB04980085910433C09EF95A8TDE0
    23:44:20.572 | 441 ool-1-worker-205 | INFO  | .a.p.s.g.GitLabUserManagementService : Add member 1 to Gitlab group SHORTEF853C83008A904F200A80E0EAA0CF48D3FDT0D8
    23:44:20.572 | 441 ool-1-worker-205 | INFO  | .a.p.s.g.GitLabUserManagementService : Add member 1 to Gitlab group SHORTDB85E65000286047150A514037AF72FAD42ATSTEXC
    23:44:20.577 | 441 ool-1-worker-205 | INFO  | a.p.s.j.JenkinsUserManagementService : Update Jenkins permissions (add users to groups) for programming exercises: [SHORT1D2A008A0C29704FB90983203C834C268F59T284, SHORT946C69020CCA5048180BCDE023AAED3839C1TC82, SHORT4A7B29700CF49045BC0A886053CDF569874DT590, SHORTAB1C88AA065AC0495D09A97048DDA4533736TB58, SHORT489A18930496F0468A0B8AE0702EBABADF33T36C, SHORTC35F79E300BBD04E050BC250826A850B2417TEFE, SHORT93F8018F0B739044BE0A98A04D8E0855AF70T68A, SHORT08F5E2BC0DE4B047370B6D70C75440A60CD2T360, SHORT45BCF1EC04ECB04980085910433C09EF95A8TDE0, SHORTEF853C83008A904F200A80E0EAA0CF48D3FDT0D8, SHORTDB85E65000286047150A514037AF72FAD42ATSTEXC]
    23:44:20.586 | 441 ool-1-worker-205 | ERROR | o.z.p.spring.common.AdviceTraits     : Internal Server Error
org.springframework.web.client.HttpClientErrorException$BadRequest: 400 Bad Request on POST request for "https://continuous-integration.fake.fake/job/SHORT1D2A008A0C29704FB90983203C834C268F59T284/config.xml": [no body]
	at org.springframework.web.client.HttpClientErrorException.create(HttpClientErrorException.java:103)
	at org.springframework.web.client.DefaultResponseErrorHandler.handleError(DefaultResponseErrorHandler.java:186)
	at org.springframework.web.client.DefaultResponseErrorHandler.handleError(DefaultResponseErrorHandler.java:147)
	at org.springframework.web.client.RestTemplate.handleResponse(RestTemplate.java:953)
	at org.springframework.web.client.RestTemplate.doExecute(RestTemplate.java:902)
	at org.springframework.web.client.RestTemplate.execute(RestTemplate.java:841)
	at org.springframework.web.client.RestTemplate.postForEntity(RestTemplate.java:567)
	at de.tum.cit.aet.artemis.programming.service.jenkins.jobs.JenkinsJobService.updateFolderJob(JenkinsJobService.java:251)
	at de.tum.cit.aet.artemis.programming.service.jenkins.jobs.JenkinsJobPermissionsService.addPermissionsForUsersToFolder(JenkinsJobPermissionsService.java:157)
	at de.tum.cit.aet.artemis.programming.service.jenkins.jobs.JenkinsJobPermissionsService.addPermissionsForUsersToFolder(JenkinsJobPermissionsService.java:149)
	at de.tum.cit.aet.artemis.programming.service.jenkins.jobs.JenkinsJobPermissionsService.addPermissionsForUserToFolder(JenkinsJobPermissionsService.java:136)
	at de.tum.cit.aet.artemis.programming.service.jenkins.JenkinsUserManagementService.lambda$addUserToGroups$0(JenkinsUserManagementService.java:264)
	at java.base/java.util.ArrayList.forEach(ArrayList.java:1596)
	at de.tum.cit.aet.artemis.programming.service.jenkins.JenkinsUserManagementService.addUserToGroups(JenkinsUserManagementService.java:245)
	at de.tum.cit.aet.artemis.core.service.user.UserService.lambda$addUserToGroup$20(UserService.java:677)
	at java.base/java.util.Optional.ifPresent(Optional.java:178)
	at de.tum.cit.aet.artemis.core.service.user.UserService.addUserToGroup(UserService.java:677)
	at de.tum.cit.aet.artemis.core.service.CourseService.addUserToGroup(CourseService.java:1080)
	at java.base/jdk.internal.reflect.DirectMethodHandleAccessor.invoke(DirectMethodHandleAccessor.java:103)
	at java.base/java.lang.reflect.Method.invoke(Method.java:580)
	at org.springframework.aop.support.AopUtils.invokeJoinpointUsingReflection(AopUtils.java:359)
	at org.springframework.aop.framework.CglibAopProxy$DynamicAdvisedInterceptor.intercept(CglibAopProxy.java:723)
	at de.tum.cit.aet.artemis.core.service.CourseService$$SpringCGLIB$$0.addUserToGroup(<generated>)
	at de.tum.cit.aet.artemis.core.web.CourseResource.addUserToCourseGroup(CourseResource.java:1238)
	at de.tum.cit.aet.artemis.core.web.CourseResource.addEditorToCourse(CourseResource.java:1203)
	at java.base/jdk.internal.reflect.DirectMethodHandleAccessor.invoke(DirectMethodHandleAccessor.java:103)
	at java.base/java.lang.reflect.Method.invoke(Method.java:580)
	at org.springframework.aop.support.AopUtils.invokeJoinpointUsingReflection(AopUtils.java:359)
	at org.springframework.aop.framework.ReflectiveMethodInvocation.invokeJoinpoint(ReflectiveMethodInvocation.java:196)
	at org.springframework.aop.framework.ReflectiveMethodInvocation.proceed(ReflectiveMethodInvocation.java:163)
	at org.springframework.security.authorization.method.AuthorizationManagerBeforeMethodInterceptor.proceed(AuthorizationManagerBeforeMethodInterceptor.java:268)
	at org.springframework.security.authorization.method.AuthorizationManagerBeforeMethodInterceptor.attemptAuthorization(AuthorizationManagerBeforeMethodInterceptor.java:263)
	at org.springframework.security.authorization.method.AuthorizationManagerBeforeMethodInterceptor.invoke(AuthorizationManagerBeforeMethodInterceptor.java:196)
	at org.springframework.security.config.annotation.method.configuration.DeferringMethodInterceptor.invoke(DeferringMethodInterceptor.java:44)
	at org.springframework.aop.framework.ReflectiveMethodInvocation.proceed(ReflectiveMethodInvocation.java:184)
	at org.springframework.aop.interceptor.ExposeInvocationInterceptor.invoke(ExposeInvocationInterceptor.java:97)
	at org.springframework.aop.framework.ReflectiveMethodInvocation.proceed(ReflectiveMethodInvocation.java:184)
	at org.springframework.aop.framework.CglibAopProxy$DynamicAdvisedInterceptor.intercept(CglibAopProxy.java:727)
	at de.tum.cit.aet.artemis.core.web.CourseResource$$SpringCGLIB$$0.addEditorToCourse(<generated>)
	at java.base/jdk.internal.reflect.DirectMethodHandleAccessor.invoke(DirectMethodHandleAccessor.java:103)
	at java.base/java.lang.reflect.Method.invoke(Method.java:580)
	at org.springframework.web.method.support.InvocableHandlerMethod.doInvoke(InvocableHandlerMethod.java:257)
	at org.springframework.web.method.support.InvocableHandlerMethod.invokeForRequest(InvocableHandlerMethod.java:190)
	at org.springframework.web.servlet.mvc.method.annotation.ServletInvocableHandlerMethod.invokeAndHandle(ServletInvocableHandlerMethod.java:118)
	at org.springframework.web.servlet.mvc.method.annotation.RequestMappingHandlerAdapter.invokeHandlerMethod(RequestMappingHandlerAdapter.java:986)
	at org.springframework.web.servlet.mvc.method.annotation.RequestMappingHandlerAdapter.handleInternal(RequestMappingHandlerAdapter.java:891)
	at org.springframework.web.servlet.mvc.method.AbstractHandlerMethodAdapter.handle(AbstractHandlerMethodAdapter.java:87)
	at org.springframework.web.servlet.DispatcherServlet.doDispatch(DispatcherServlet.java:1088)
	at org.springframework.web.servlet.DispatcherServlet.doService(DispatcherServlet.java:978)
	at org.springframework.web.servlet.FrameworkServlet.processRequest(FrameworkServlet.java:1014)
	at org.springframework.web.servlet.FrameworkServlet.doPost(FrameworkServlet.java:914)
	at jakarta.servlet.http.HttpServlet.service(HttpServlet.java:547)
	at org.springframework.web.servlet.FrameworkServlet.service(FrameworkServlet.java:885)
	at org.springframework.test.web.servlet.TestDispatcherServlet.service(TestDispatcherServlet.java:72)
	at jakarta.servlet.http.HttpServlet.service(HttpServlet.java:614)
	at org.springframework.mock.web.MockFilterChain$ServletFilterProxy.doFilter(MockFilterChain.java:165)
	at org.springframework.mock.web.MockFilterChain.doFilter(MockFilterChain.java:132)
	at org.springframework.web.filter.OncePerRequestFilter.doFilter(OncePerRequestFilter.java:110)
	at org.springframework.test.web.servlet.setup.MockMvcFilterDecorator.doFilter(MockMvcFilterDecorator.java:162)
	at org.springframework.mock.web.MockFilterChain.doFilter(MockFilterChain.java:132)
	at de.tum.cit.aet.artemis.core.security.filter.ApiVersionFilter.doFilter(ApiVersionFilter.java:55)
	at org.springframework.test.web.servlet.setup.MockMvcFilterDecorator.doFilter(MockMvcFilterDecorator.java:162)
	at org.springframework.mock.web.MockFilterChain.doFilter(MockFilterChain.java:132)
	at io.sentry.spring.jakarta.SentryUserFilter.doFilterInternal(SentryUserFilter.java:56)
	at org.springframework.web.filter.OncePerRequestFilter.doFilter(OncePerRequestFilter.java:116)
	at org.springframework.test.web.servlet.setup.MockMvcFilterDecorator.doFilter(MockMvcFilterDecorator.java:162)
	at org.springframework.mock.web.MockFilterChain.doFilter(MockFilterChain.java:132)
	at org.springframework.web.filter.CompositeFilter$VirtualFilterChain.doFilter(CompositeFilter.java:108)
	at org.springframework.security.web.FilterChainProxy.lambda$doFilterInternal$3(FilterChainProxy.java:231)
	at org.springframework.security.web.ObservationFilterChainDecorator$FilterObservation$SimpleFilterObservation.lambda$wrap$1(ObservationFilterChainDecorator.java:479)
	at org.springframework.security.web.ObservationFilterChainDecorator$AroundFilterObservation$SimpleAroundFilterObservation.lambda$wrap$1(ObservationFilterChainDecorator.java:340)
	at org.springframework.security.web.ObservationFilterChainDecorator.lambda$wrapSecured$0(ObservationFilterChainDecorator.java:82)
	at org.springframework.security.web.ObservationFilterChainDecorator$VirtualFilterChain.doFilter(ObservationFilterChainDecorator.java:128)
	at org.springframework.security.web.access.intercept.AuthorizationFilter.doFilter(AuthorizationFilter.java:101)
	at org.springframework.security.web.ObservationFilterChainDecorator$ObservationFilter.wrapFilter(ObservationFilterChainDecorator.java:240)
	at org.springframework.security.web.ObservationFilterChainDecorator$ObservationFilter.doFilter(ObservationFilterChainDecorator.java:227)
	at org.springframework.security.web.ObservationFilterChainDecorator$VirtualFilterChain.doFilter(ObservationFilterChainDecorator.java:137)
	at org.springframework.security.web.access.ExceptionTranslationFilter.doFilter(ExceptionTranslationFilter.java:126)
	at org.springframework.security.web.access.ExceptionTranslationFilter.doFilter(ExceptionTranslationFilter.java:120)
	at org.springframework.security.web.ObservationFilterChainDecorator$ObservationFilter.wrapFilter(ObservationFilterChainDecorator.java:240)
	at org.springframework.security.web.ObservationFilterChainDecorator$ObservationFilter.doFilter(ObservationFilterChainDecorator.java:227)
	at org.springframework.security.web.ObservationFilterChainDecorator$VirtualFilterChain.doFilter(ObservationFilterChainDecorator.java:137)
	at org.springframework.security.web.session.SessionManagementFilter.doFilter(SessionManagementFilter.java:131)
	at org.springframework.security.web.session.SessionManagementFilter.doFilter(SessionManagementFilter.java:85)
	at org.springframework.security.web.ObservationFilterChainDecorator$ObservationFilter.wrapFilter(ObservationFilterChainDecorator.java:240)
	at org.springframework.security.web.ObservationFilterChainDecorator$ObservationFilter.doFilter(ObservationFilterChainDecorator.java:227)
	at org.springframework.security.web.ObservationFilterChainDecorator$VirtualFilterChain.doFilter(ObservationFilterChainDecorator.java:137)
	at org.springframework.security.web.authentication.AnonymousAuthenticationFilter.doFilter(AnonymousAuthenticationFilter.java:100)
	at org.springframework.security.web.ObservationFilterChainDecorator$ObservationFilter.wrapFilter(ObservationFilterChainDecorator.java:240)
	at org.springframework.security.web.ObservationFilterChainDecorator$ObservationFilter.doFilter(ObservationFilterChainDecorator.java:227)
	at org.springframework.security.web.ObservationFilterChainDecorator$VirtualFilterChain.doFilter(ObservationFilterChainDecorator.java:137)
	at org.springframework.security.web.servletapi.SecurityContextHolderAwareRequestFilter.doFilter(SecurityContextHolderAwareRequestFilter.java:179)
	at org.springframework.security.web.ObservationFilterChainDecorator$ObservationFilter.wrapFilter(ObservationFilterChainDecorator.java:240)
	at org.springframework.security.web.ObservationFilterChainDecorator$ObservationFilter.doFilter(ObservationFilterChainDecorator.java:227)
	at org.springframework.security.web.ObservationFilterChainDecorator$VirtualFilterChain.doFilter(ObservationFilterChainDecorator.java:137)
	at org.springframework.security.web.savedrequest.RequestCacheAwareFilter.doFilter(RequestCacheAwareFilter.java:63)
	at org.springframework.security.web.ObservationFilterChainDecorator$ObservationFilter.wrapFilter(ObservationFilterChainDecorator.java:240)
	at org.springframework.security.web.ObservationFilterChainDecorator$ObservationFilter.doFilter(ObservationFilterChainDecorator.java:227)
	at org.springframework.security.web.ObservationFilterChainDecorator$VirtualFilterChain.doFilter(ObservationFilterChainDecorator.java:137)
	at de.tum.cit.aet.artemis.core.security.filter.SpaWebFilter.doFilterInternal(SpaWebFilter.java:23)
	at org.springframework.web.filter.OncePerRequestFilter.doFilter(OncePerRequestFilter.java:116)
	at org.springframework.security.web.ObservationFilterChainDecorator$ObservationFilter.wrapFilter(ObservationFilterChainDecorator.java:240)
	at org.springframework.security.web.ObservationFilterChainDecorator$ObservationFilter.doFilter(ObservationFilterChainDecorator.java:227)
	at org.springframework.security.web.ObservationFilterChainDecorator$VirtualFilterChain.doFilter(ObservationFilterChainDecorator.java:137)
	at org.springframework.web.filter.OncePerRequestFilter.doFilter(OncePerRequestFilter.java:110)
	at org.springframework.security.web.ObservationFilterChainDecorator$ObservationFilter.wrapFilter(ObservationFilterChainDecorator.java:240)
	at org.springframework.security.web.ObservationFilterChainDecorator$ObservationFilter.doFilter(ObservationFilterChainDecorator.java:227)
	at org.springframework.security.web.ObservationFilterChainDecorator$VirtualFilterChain.doFilter(ObservationFilterChainDecorator.java:137)
	at de.tum.cit.aet.artemis.lti.config.Lti13LaunchFilter.doFilterInternal(Lti13LaunchFilter.java:60)
	at org.springframework.web.filter.OncePerRequestFilter.doFilter(OncePerRequestFilter.java:116)
	at org.springframework.security.web.ObservationFilterChainDecorator$ObservationFilter.wrapFilter(ObservationFilterChainDecorator.java:240)
	at org.springframework.security.web.ObservationFilterChainDecorator$ObservationFilter.doFilter(ObservationFilterChainDecorator.java:227)
	at org.springframework.security.web.ObservationFilterChainDecorator$VirtualFilterChain.doFilter(ObservationFilterChainDecorator.java:137)
	at de.tum.cit.aet.artemis.core.security.jwt.JWTFilter.doFilter(JWTFilter.java:55)
	at org.springframework.security.web.ObservationFilterChainDecorator$ObservationFilter.wrapFilter(ObservationFilterChainDecorator.java:240)
	at org.springframework.security.web.ObservationFilterChainDecorator$ObservationFilter.doFilter(ObservationFilterChainDecorator.java:227)
	at org.springframework.security.web.ObservationFilterChainDecorator$VirtualFilterChain.doFilter(ObservationFilterChainDecorator.java:137)
	at de.tum.cit.aet.artemis.core.security.jwt.JWTFilter.doFilter(JWTFilter.java:55)
	at org.springframework.security.web.ObservationFilterChainDecorator$ObservationFilter.wrapFilter(ObservationFilterChainDecorator.java:240)
	at org.springframework.security.web.ObservationFilterChainDecorator$ObservationFilter.doFilter(ObservationFilterChainDecorator.java:227)
	at org.springframework.security.web.ObservationFilterChainDecorator$VirtualFilterChain.doFilter(ObservationFilterChainDecorator.java:137)
	at org.springframework.web.filter.CorsFilter.doFilterInternal(CorsFilter.java:91)
	at org.springframework.web.filter.OncePerRequestFilter.doFilter(OncePerRequestFilter.java:116)
	at org.springframework.security.web.ObservationFilterChainDecorator$ObservationFilter.wrapFilter(ObservationFilterChainDecorator.java:240)
	at org.springframework.security.web.ObservationFilterChainDecorator$ObservationFilter.doFilter(ObservationFilterChainDecorator.java:227)
	at org.springframework.security.web.ObservationFilterChainDecorator$VirtualFilterChain.doFilter(ObservationFilterChainDecorator.java:137)
	at org.springframework.web.filter.OncePerRequestFilter.doFilter(OncePerRequestFilter.java:110)
	at org.springframework.security.web.ObservationFilterChainDecorator$ObservationFilter.wrapFilter(ObservationFilterChainDecorator.java:240)
	at org.springframework.security.web.ObservationFilterChainDecorator$ObservationFilter.doFilter(ObservationFilterChainDecorator.java:227)
	at org.springframework.security.web.ObservationFilterChainDecorator$VirtualFilterChain.doFilter(ObservationFilterChainDecorator.java:137)
	at uk.ac.ox.ctl.lti13.security.oauth2.client.lti.web.OAuth2AuthorizationRequestRedirectFilter.doFilterInternal(OAuth2AuthorizationRequestRedirectFilter.java:142)
	at org.springframework.web.filter.OncePerRequestFilter.doFilter(OncePerRequestFilter.java:116)
	at org.springframework.security.web.ObservationFilterChainDecorator$ObservationFilter.wrapFilter(ObservationFilterChainDecorator.java:240)
	at org.springframework.security.web.ObservationFilterChainDecorator$ObservationFilter.doFilter(ObservationFilterChainDecorator.java:227)
	at org.springframework.security.web.ObservationFilterChainDecorator$VirtualFilterChain.doFilter(ObservationFilterChainDecorator.java:137)
	at org.springframework.security.web.authentication.logout.LogoutFilter.doFilter(LogoutFilter.java:107)
	at org.springframework.security.web.authentication.logout.LogoutFilter.doFilter(LogoutFilter.java:93)
	at org.springframework.security.web.ObservationFilterChainDecorator$ObservationFilter.wrapFilter(ObservationFilterChainDecorator.java:240)
	at org.springframework.security.web.ObservationFilterChainDecorator$ObservationFilter.doFilter(ObservationFilterChainDecorator.java:227)
	at org.springframework.security.web.ObservationFilterChainDecorator$VirtualFilterChain.doFilter(ObservationFilterChainDecorator.java:137)
	at org.springframework.security.web.header.HeaderWriterFilter.doHeadersAfter(HeaderWriterFilter.java:90)
	at org.springframework.security.web.header.HeaderWriterFilter.doFilterInternal(HeaderWriterFilter.java:75)
	at org.springframework.web.filter.OncePerRequestFilter.doFilter(OncePerRequestFilter.java:116)
	at org.springframework.security.web.ObservationFilterChainDecorator$ObservationFilter.wrapFilter(ObservationFilterChainDecorator.java:240)
	at org.springframework.security.web.ObservationFilterChainDecorator$ObservationFilter.doFilter(ObservationFilterChainDecorator.java:227)
	at org.springframework.security.web.ObservationFilterChainDecorator$VirtualFilterChain.doFilter(ObservationFilterChainDecorator.java:137)
	at org.springframework.security.web.context.SecurityContextHolderFilter.doFilter(SecurityContextHolderFilter.java:82)
	at org.springframework.security.web.context.SecurityContextHolderFilter.doFilter(SecurityContextHolderFilter.java:69)
	at org.springframework.security.web.ObservationFilterChainDecorator$ObservationFilter.wrapFilter(ObservationFilterChainDecorator.java:240)
	at org.springframework.security.web.ObservationFilterChainDecorator$ObservationFilter.doFilter(ObservationFilterChainDecorator.java:227)
	at org.springframework.security.web.ObservationFilterChainDecorator$VirtualFilterChain.doFilter(ObservationFilterChainDecorator.java:137)
	at org.springframework.security.web.context.request.async.WebAsyncManagerIntegrationFilter.doFilterInternal(WebAsyncManagerIntegrationFilter.java:62)
	at org.springframework.web.filter.OncePerRequestFilter.doFilter(OncePerRequestFilter.java:116)
	at org.springframework.security.web.ObservationFilterChainDecorator$ObservationFilter.wrapFilter(ObservationFilterChainDecorator.java:240)
	at org.springframework.security.web.ObservationFilterChainDecorator$ObservationFilter.doFilter(ObservationFilterChainDecorator.java:227)
	at org.springframework.security.web.ObservationFilterChainDecorator$VirtualFilterChain.doFilter(ObservationFilterChainDecorator.java:137)
	at org.springframework.security.web.session.DisableEncodeUrlFilter.doFilterInternal(DisableEncodeUrlFilter.java:42)
	at org.springframework.web.filter.OncePerRequestFilter.doFilter(OncePerRequestFilter.java:116)
	at org.springframework.security.web.ObservationFilterChainDecorator$ObservationFilter.wrapFilter(ObservationFilterChainDecorator.java:240)
	at org.springframework.security.web.ObservationFilterChainDecorator$AroundFilterObservation$SimpleAroundFilterObservation.lambda$wrap$0(ObservationFilterChainDecorator.java:323)
	at org.springframework.security.web.ObservationFilterChainDecorator$ObservationFilter.doFilter(ObservationFilterChainDecorator.java:224)
	at org.springframework.security.web.ObservationFilterChainDecorator$VirtualFilterChain.doFilter(ObservationFilterChainDecorator.java:137)
	at org.springframework.security.web.FilterChainProxy.doFilterInternal(FilterChainProxy.java:233)
	at org.springframework.security.web.FilterChainProxy.doFilter(FilterChainProxy.java:191)
	at org.springframework.web.filter.CompositeFilter$VirtualFilterChain.doFilter(CompositeFilter.java:113)
	at org.springframework.web.servlet.handler.HandlerMappingIntrospector.lambda$createCacheFilter$3(HandlerMappingIntrospector.java:243)
	at org.springframework.web.filter.CompositeFilter$VirtualFilterChain.doFilter(CompositeFilter.java:113)
	at org.springframework.web.filter.CompositeFilter.doFilter(CompositeFilter.java:74)
	at org.springframework.security.config.annotation.web.configuration.WebMvcSecurityConfiguration$CompositeFilterChainProxy.doFilter(WebMvcSecurityConfiguration.java:238)
	at org.springframework.web.filter.DelegatingFilterProxy.invokeDelegate(DelegatingFilterProxy.java:362)
	at org.springframework.web.filter.DelegatingFilterProxy.doFilter(DelegatingFilterProxy.java:278)
	at org.springframework.test.web.servlet.setup.MockMvcFilterDecorator.doFilter(MockMvcFilterDecorator.java:162)
	at org.springframework.mock.web.MockFilterChain.doFilter(MockFilterChain.java:132)
	at org.springframework.web.filter.RequestContextFilter.doFilterInternal(RequestContextFilter.java:100)
	at org.springframework.web.filter.OncePerRequestFilter.doFilter(OncePerRequestFilter.java:116)
	at org.springframework.test.web.servlet.setup.MockMvcFilterDecorator.doFilter(MockMvcFilterDecorator.java:162)
	at org.springframework.mock.web.MockFilterChain.doFilter(MockFilterChain.java:132)
	at org.springframework.web.filter.FormContentFilter.doFilterInternal(FormContentFilter.java:93)
	at org.springframework.web.filter.OncePerRequestFilter.doFilter(OncePerRequestFilter.java:116)
	at org.springframework.test.web.servlet.setup.MockMvcFilterDecorator.doFilter(MockMvcFilterDecorator.java:162)
	at org.springframework.mock.web.MockFilterChain.doFilter(MockFilterChain.java:132)
	at org.springframework.web.filter.ServerHttpObservationFilter.doFilterInternal(ServerHttpObservationFilter.java:114)
	at org.springframework.web.filter.OncePerRequestFilter.doFilter(OncePerRequestFilter.java:116)
	at org.springframework.test.web.servlet.setup.MockMvcFilterDecorator.doFilter(MockMvcFilterDecorator.java:162)
	at org.springframework.mock.web.MockFilterChain.doFilter(MockFilterChain.java:132)
	at io.sentry.spring.jakarta.tracing.SentryTracingFilter.doFilterInternal(SentryTracingFilter.java:91)
	at org.springframework.web.filter.OncePerRequestFilter.doFilter(OncePerRequestFilter.java:116)
	at org.springframework.test.web.servlet.setup.MockMvcFilterDecorator.doFilter(MockMvcFilterDecorator.java:162)
	at org.springframework.mock.web.MockFilterChain.doFilter(MockFilterChain.java:132)
	at org.springframework.web.filter.CharacterEncodingFilter.doFilterInternal(CharacterEncodingFilter.java:201)
	at org.springframework.web.filter.OncePerRequestFilter.doFilter(OncePerRequestFilter.java:116)
	at org.springframework.test.web.servlet.setup.MockMvcFilterDecorator.doFilter(MockMvcFilterDecorator.java:162)
	at org.springframework.mock.web.MockFilterChain.doFilter(MockFilterChain.java:132)
	at io.sentry.spring.jakarta.SentrySpringFilter.doFilterInternal(SentrySpringFilter.java:76)
	at org.springframework.web.filter.OncePerRequestFilter.doFilter(OncePerRequestFilter.java:116)
	at org.springframework.test.web.servlet.setup.MockMvcFilterDecorator.doFilter(MockMvcFilterDecorator.java:162)
	at org.springframework.mock.web.MockFilterChain.doFilter(MockFilterChain.java:132)
	at org.springframework.test.web.servlet.MockMvc.perform(MockMvc.java:201)
	at de.tum.cit.aet.artemis.core.util.RequestUtilService.performMvcRequest(RequestUtilService.java:79)
	at de.tum.cit.aet.artemis.core.util.RequestUtilService.postWithoutLocation(RequestUtilService.java:213)
	at de.tum.cit.aet.artemis.core.util.RequestUtilService.postWithoutLocation(RequestUtilService.java:199)
	at de.tum.cit.aet.artemis.core.util.CourseTestService.testAddTutorAndEditorAndInstructorToCourse_failsToAddUserToGroup(CourseTestService.java:1880)
	at de.tum.cit.aet.artemis.programming.CourseGitlabJenkinsIntegrationTest.testAddTutorAndInstructorToCourse_failsToAddUserToGroup(CourseGitlabJenkinsIntegrationTest.java:538)
	at java.base/jdk.internal.reflect.DirectMethodHandleAccessor.invoke(DirectMethodHandleAccessor.java:103)
	at java.base/java.lang.reflect.Method.invoke(Method.java:580)
	at org.junit.platform.commons.util.ReflectionUtils.invokeMethod(ReflectionUtils.java:767)
	at org.junit.jupiter.engine.execution.MethodInvocation.proceed(MethodInvocation.java:60)
	at org.junit.jupiter.engine.execution.InvocationInterceptorChain$ValidatingInvocation.proceed(InvocationInterceptorChain.java:131)
	at org.junit.jupiter.engine.extension.TimeoutExtension.intercept(TimeoutExtension.java:156)
	at org.junit.jupiter.engine.extension.TimeoutExtension.interceptTestableMethod(TimeoutExtension.java:147)
	at org.junit.jupiter.engine.extension.TimeoutExtension.interceptTestMethod(TimeoutExtension.java:86)
	at org.junit.jupiter.engine.execution.InterceptingExecutableInvoker$ReflectiveInterceptorCall.lambda$ofVoidMethod$0(InterceptingExecutableInvoker.java:103)
	at org.junit.jupiter.engine.execution.InterceptingExecutableInvoker.lambda$invoke$0(InterceptingExecutableInvoker.java:93)
	at org.junit.jupiter.engine.execution.InvocationInterceptorChain$InterceptedInvocation.proceed(InvocationInterceptorChain.java:106)
	at org.junit.jupiter.engine.execution.InvocationInterceptorChain.proceed(InvocationInterceptorChain.java:64)
	at org.junit.jupiter.engine.execution.InvocationInterceptorChain.chainAndInvoke(InvocationInterceptorChain.java:45)
	at org.junit.jupiter.engine.execution.InvocationInterceptorChain.invoke(InvocationInterceptorChain.java:37)
	at org.junit.jupiter.engine.execution.InterceptingExecutableInvoker.invoke(InterceptingExecutableInvoker.java:92)
	at org.junit.jupiter.engine.execution.InterceptingExecutableInvoker.invoke(InterceptingExecutableInvoker.java:86)
	at org.junit.jupiter.engine.descriptor.TestMethodTestDescriptor.lambda$invokeTestMethod$8(TestMethodTestDescriptor.java:217)
	at org.junit.platform.engine.support.hierarchical.ThrowableCollector.execute(ThrowableCollector.java:73)
	at org.junit.jupiter.engine.descriptor.TestMethodTestDescriptor.invokeTestMethod(TestMethodTestDescriptor.java:213)
	at org.junit.jupiter.engine.descriptor.TestMethodTestDescriptor.execute(TestMethodTestDescriptor.java:138)
	at org.junit.jupiter.engine.descriptor.TestMethodTestDescriptor.execute(TestMethodTestDescriptor.java:68)
	at org.junit.platform.engine.support.hierarchical.NodeTestTask.lambda$executeRecursively$6(NodeTestTask.java:156)
	at org.junit.platform.engine.support.hierarchical.ThrowableCollector.execute(ThrowableCollector.java:73)
	at org.junit.platform.engine.support.hierarchical.NodeTestTask.lambda$executeRecursively$8(NodeTestTask.java:146)
	at org.junit.platform.engine.support.hierarchical.Node.around(Node.java:137)
	at org.junit.platform.engine.support.hierarchical.NodeTestTask.lambda$executeRecursively$9(NodeTestTask.java:144)
	at org.junit.platform.engine.support.hierarchical.ThrowableCollector.execute(ThrowableCollector.java:73)
	at org.junit.platform.engine.support.hierarchical.NodeTestTask.executeRecursively(NodeTestTask.java:143)
	at org.junit.platform.engine.support.hierarchical.NodeTestTask.execute(NodeTestTask.java:100)
	at org.junit.platform.engine.support.hierarchical.ForkJoinPoolHierarchicalTestExecutorService$ExclusiveTask.exec(ForkJoinPoolHierarchicalTestExecutorService.java:274)
	at org.junit.platform.engine.support.hierarchical.ForkJoinPoolHierarchicalTestExecutorService$ExclusiveTask.execSync(ForkJoinPoolHierarchicalTestExecutorService.java:247)
	at org.junit.platform.engine.support.hierarchical.ForkJoinPoolHierarchicalTestExecutorService.executeSync(ForkJoinPoolHierarchicalTestExecutorService.java:194)
	at org.junit.platform.engine.support.hierarchical.ForkJoinPoolHierarchicalTestExecutorService.invokeAll(ForkJoinPoolHierarchicalTestExecutorService.java:166)
	at org.junit.platform.engine.support.hierarchical.NodeTestTask.lambda$executeRecursively$6(NodeTestTask.java:160)
	at org.junit.platform.engine.support.hierarchical.ThrowableCollector.execute(ThrowableCollector.java:73)
	at org.junit.platform.engine.support.hierarchical.NodeTestTask.lambda$executeRecursively$8(NodeTestTask.java:146)
	at org.junit.platform.engine.support.hierarchical.Node.around(Node.java:137)
	at org.junit.platform.engine.support.hierarchical.NodeTestTask.lambda$executeRecursively$9(NodeTestTask.java:144)
	at org.junit.platform.engine.support.hierarchical.ThrowableCollector.execute(ThrowableCollector.java:73)
	at org.junit.platform.engine.support.hierarchical.NodeTestTask.executeRecursively(NodeTestTask.java:143)
	at org.junit.platform.engine.support.hierarchical.NodeTestTask.execute(NodeTestTask.java:100)
	at org.junit.platform.engine.support.hierarchical.ForkJoinPoolHierarchicalTestExecutorService$ExclusiveTask.exec(ForkJoinPoolHierarchicalTestExecutorService.java:274)
	at java.base/java.util.concurrent.ForkJoinTask.doExec(ForkJoinTask.java:387)
	at java.base/java.util.concurrent.ForkJoinPool$WorkQueue.topLevelExec(ForkJoinPool.java:1312)
	at java.base/java.util.concurrent.ForkJoinPool.scan(ForkJoinPool.java:1843)
	at java.base/java.util.concurrent.ForkJoinPool.runWorker(ForkJoinPool.java:1808)
	at java.base/java.util.concurrent.ForkJoinWorkerThread.run(ForkJoinWorkerThread.java:188)
    23:44:20.588 | 441 ool-1-worker-205 | DEBUG | d.t.c.a.a.c.s.f.ApiVersionFilter     : Adding Version to Request POST /api/courses/772/instructors/courseegitlabjenkinsinstructor1
    23:44:20.588 | 441 ool-1-worker-205 | DEBUG | d.t.c.a.a.core.web.CourseResource    : REST request to add courseegitlabjenkinsinstructor1 as instructors to course : 772
    23:44:20.591 | 441 ool-1-worker-205 | DEBUG | d.t.c.a.a.c.service.user.UserService : Add user courseegitlabjenkinsinstructor1 to group courseegitlabjenkinsinstructor
    23:44:20.595 | 441 ool-1-worker-205 | INFO  | .a.p.s.g.GitLabUserManagementService : Update Gitlab permissions for programming exercises: [SHORT1D2A008A0C29704FB90983203C834C268F59T284, SHORT946C69020CCA5048180BCDE023AAED3839C1TC82, SHORT4A7B29700CF49045BC0A886053CDF569874DT590, SHORTAB1C88AA065AC0495D09A97048DDA4533736TB58, SHORT489A18930496F0468A0B8AE0702EBABADF33T36C, SHORTC35F79E300BBD04E050BC250826A850B2417TEFE, SHORT08F5E2BC0DE4B047370B6D70C75440A60CD2T360, SHORT45BCF1EC04ECB04980085910433C09EF95A8TDE0, SHORTEF853C83008A904F200A80E0EAA0CF48D3FDT0D8, SHORTDB85E65000286047150A514037AF72FAD42ATSTEXC]
    23:44:20.595 | 441 ool-1-worker-205 | INFO  | .a.p.s.g.GitLabUserManagementService : Add member 1 to Gitlab group SHORT1D2A008A0C29704FB90983203C834C268F59T284
    23:44:20.596 | 441 ool-1-worker-205 | INFO  | .a.p.s.g.GitLabUserManagementService : Add member 1 to Gitlab group SHORT946C69020CCA5048180BCDE023AAED3839C1TC82
    23:44:20.596 | 441 ool-1-worker-205 | INFO  | .a.p.s.g.GitLabUserManagementService : Add member 1 to Gitlab group SHORT4A7B29700CF49045BC0A886053CDF569874DT590
    23:44:20.596 | 441 ool-1-worker-205 | INFO  | .a.p.s.g.GitLabUserManagementService : Add member 1 to Gitlab group SHORTAB1C88AA065AC0495D09A97048DDA4533736TB58
    23:44:20.596 | 441 ool-1-worker-205 | INFO  | .a.p.s.g.GitLabUserManagementService : Add member 1 to Gitlab group SHORT489A18930496F0468A0B8AE0702EBABADF33T36C
    23:44:20.596 | 441 ool-1-worker-205 | INFO  | .a.p.s.g.GitLabUserManagementService : Add member 1 to Gitlab group SHORTC35F79E300BBD04E050BC250826A850B2417TEFE
    23:44:20.596 | 441 ool-1-worker-205 | INFO  | .a.p.s.g.GitLabUserManagementService : Add member 1 to Gitlab group SHORT08F5E2BC0DE4B047370B6D70C75440A60CD2T360
    23:44:20.596 | 441 ool-1-worker-205 | INFO  | .a.p.s.g.GitLabUserManagementService : Add member 1 to Gitlab group SHORT45BCF1EC04ECB04980085910433C09EF95A8TDE0
    23:44:20.596 | 441 ool-1-worker-205 | INFO  | .a.p.s.g.GitLabUserManagementService : Add member 1 to Gitlab group SHORTEF853C83008A904F200A80E0EAA0CF48D3FDT0D8
    23:44:20.596 | 441 ool-1-worker-205 | INFO  | .a.p.s.g.GitLabUserManagementService : Add member 1 to Gitlab group SHORTDB85E65000286047150A514037AF72FAD42ATSTEXC
    23:44:20.600 | 441 ool-1-worker-205 | INFO  | a.p.s.j.JenkinsUserManagementService : Update Jenkins permissions (add users to groups) for programming exercises: [SHORT1D2A008A0C29704FB90983203C834C268F59T284, SHORT946C69020CCA5048180BCDE023AAED3839C1TC82, SHORT4A7B29700CF49045BC0A886053CDF569874DT590, SHORTAB1C88AA065AC0495D09A97048DDA4533736TB58, SHORT489A18930496F0468A0B8AE0702EBABADF33T36C, SHORTC35F79E300BBD04E050BC250826A850B2417TEFE, SHORT08F5E2BC0DE4B047370B6D70C75440A60CD2T360, SHORT45BCF1EC04ECB04980085910433C09EF95A8TDE0, SHORTEF853C83008A904F200A80E0EAA0CF48D3FDT0D8, SHORTDB85E65000286047150A514037AF72FAD42ATSTEXC]
    23:44:20.610 | 441 ool-1-worker-205 | ERROR | o.z.p.spring.common.AdviceTraits     : Internal Server Error
org.springframework.web.client.HttpClientErrorException$BadRequest: 400 Bad Request on POST request for "https://continuous-integration.fake.fake/job/SHORT1D2A008A0C29704FB90983203C834C268F59T284/config.xml": [no body]
	at org.springframework.web.client.HttpClientErrorException.create(HttpClientErrorException.java:103)
	at org.springframework.web.client.DefaultResponseErrorHandler.handleError(DefaultResponseErrorHandler.java:186)
	at org.springframework.web.client.DefaultResponseErrorHandler.handleError(DefaultResponseErrorHandler.java:147)
	at org.springframework.web.client.RestTemplate.handleResponse(RestTemplate.java:953)
	at org.springframework.web.client.RestTemplate.doExecute(RestTemplate.java:902)
	at org.springframework.web.client.RestTemplate.execute(RestTemplate.java:841)
	at org.springframework.web.client.RestTemplate.postForEntity(RestTemplate.java:567)
	at de.tum.cit.aet.artemis.programming.service.jenkins.jobs.JenkinsJobService.updateFolderJob(JenkinsJobService.java:251)
	at de.tum.cit.aet.artemis.programming.service.jenkins.jobs.JenkinsJobPermissionsService.addPermissionsForUsersToFolder(JenkinsJobPermissionsService.java:157)
	at de.tum.cit.aet.artemis.programming.service.jenkins.jobs.JenkinsJobPermissionsService.addPermissionsForUsersToFolder(JenkinsJobPermissionsService.java:149)
	at de.tum.cit.aet.artemis.programming.service.jenkins.jobs.JenkinsJobPermissionsService.addPermissionsForUserToFolder(JenkinsJobPermissionsService.java:136)
	at de.tum.cit.aet.artemis.programming.service.jenkins.JenkinsUserManagementService.lambda$addUserToGroups$0(JenkinsUserManagementService.java:255)
	at java.base/java.util.ArrayList.forEach(ArrayList.java:1596)
	at de.tum.cit.aet.artemis.programming.service.jenkins.JenkinsUserManagementService.addUserToGroups(JenkinsUserManagementService.java:245)
	at de.tum.cit.aet.artemis.core.service.user.UserService.lambda$addUserToGroup$20(UserService.java:677)
	at java.base/java.util.Optional.ifPresent(Optional.java:178)
	at de.tum.cit.aet.artemis.core.service.user.UserService.addUserToGroup(UserService.java:677)
	at de.tum.cit.aet.artemis.core.service.CourseService.addUserToGroup(CourseService.java:1080)
	at java.base/jdk.internal.reflect.DirectMethodHandleAccessor.invoke(DirectMethodHandleAccessor.java:103)
	at java.base/java.lang.reflect.Method.invoke(Method.java:580)
	at org.springframework.aop.support.AopUtils.invokeJoinpointUsingReflection(AopUtils.java:359)
	at org.springframework.aop.framework.CglibAopProxy$DynamicAdvisedInterceptor.intercept(CglibAopProxy.java:723)
	at de.tum.cit.aet.artemis.core.service.CourseService$$SpringCGLIB$$0.addUserToGroup(<generated>)
	at de.tum.cit.aet.artemis.core.web.CourseResource.addUserToCourseGroup(CourseResource.java:1238)
	at de.tum.cit.aet.artemis.core.web.CourseResource.addInstructorToCourse(CourseResource.java:1218)
	at java.base/jdk.internal.reflect.DirectMethodHandleAccessor.invoke(DirectMethodHandleAccessor.java:103)
	at java.base/java.lang.reflect.Method.invoke(Method.java:580)
	at org.springframework.aop.support.AopUtils.invokeJoinpointUsingReflection(AopUtils.java:359)
	at org.springframework.aop.framework.ReflectiveMethodInvocation.invokeJoinpoint(ReflectiveMethodInvocation.java:196)
	at org.springframework.aop.framework.ReflectiveMethodInvocation.proceed(ReflectiveMethodInvocation.java:163)
	at org.springframework.security.authorization.method.AuthorizationManagerBeforeMethodInterceptor.proceed(AuthorizationManagerBeforeMethodInterceptor.java:268)
	at org.springframework.security.authorization.method.AuthorizationManagerBeforeMethodInterceptor.attemptAuthorization(AuthorizationManagerBeforeMethodInterceptor.java:263)
	at org.springframework.security.authorization.method.AuthorizationManagerBeforeMethodInterceptor.invoke(AuthorizationManagerBeforeMethodInterceptor.java:196)
	at org.springframework.security.config.annotation.method.configuration.DeferringMethodInterceptor.invoke(DeferringMethodInterceptor.java:44)
	at org.springframework.aop.framework.ReflectiveMethodInvocation.proceed(ReflectiveMethodInvocation.java:184)
	at org.springframework.aop.interceptor.ExposeInvocationInterceptor.invoke(ExposeInvocationInterceptor.java:97)
	at org.springframework.aop.framework.ReflectiveMethodInvocation.proceed(ReflectiveMethodInvocation.java:184)
	at org.springframework.aop.framework.CglibAopProxy$DynamicAdvisedInterceptor.intercept(CglibAopProxy.java:727)
	at de.tum.cit.aet.artemis.core.web.CourseResource$$SpringCGLIB$$0.addInstructorToCourse(<generated>)
	at java.base/jdk.internal.reflect.DirectMethodHandleAccessor.invoke(DirectMethodHandleAccessor.java:103)
	at java.base/java.lang.reflect.Method.invoke(Method.java:580)
	at org.springframework.web.method.support.InvocableHandlerMethod.doInvoke(InvocableHandlerMethod.java:257)
	at org.springframework.web.method.support.InvocableHandlerMethod.invokeForRequest(InvocableHandlerMethod.java:190)
	at org.springframework.web.servlet.mvc.method.annotation.ServletInvocableHandlerMethod.invokeAndHandle(ServletInvocableHandlerMethod.java:118)
	at org.springframework.web.servlet.mvc.method.annotation.RequestMappingHandlerAdapter.invokeHandlerMethod(RequestMappingHandlerAdapter.java:986)
	at org.springframework.web.servlet.mvc.method.annotation.RequestMappingHandlerAdapter.handleInternal(RequestMappingHandlerAdapter.java:891)
	at org.springframework.web.servlet.mvc.method.AbstractHandlerMethodAdapter.handle(AbstractHandlerMethodAdapter.java:87)
	at org.springframework.web.servlet.DispatcherServlet.doDispatch(DispatcherServlet.java:1088)
	at org.springframework.web.servlet.DispatcherServlet.doService(DispatcherServlet.java:978)
	at org.springframework.web.servlet.FrameworkServlet.processRequest(FrameworkServlet.java:1014)
	at org.springframework.web.servlet.FrameworkServlet.doPost(FrameworkServlet.java:914)
	at jakarta.servlet.http.HttpServlet.service(HttpServlet.java:547)
	at org.springframework.web.servlet.FrameworkServlet.service(FrameworkServlet.java:885)
	at org.springframework.test.web.servlet.TestDispatcherServlet.service(TestDispatcherServlet.java:72)
	at jakarta.servlet.http.HttpServlet.service(HttpServlet.java:614)
	at org.springframework.mock.web.MockFilterChain$ServletFilterProxy.doFilter(MockFilterChain.java:165)
	at org.springframework.mock.web.MockFilterChain.doFilter(MockFilterChain.java:132)
	at org.springframework.web.filter.OncePerRequestFilter.doFilter(OncePerRequestFilter.java:110)
	at org.springframework.test.web.servlet.setup.MockMvcFilterDecorator.doFilter(MockMvcFilterDecorator.java:162)
	at org.springframework.mock.web.MockFilterChain.doFilter(MockFilterChain.java:132)
	at de.tum.cit.aet.artemis.core.security.filter.ApiVersionFilter.doFilter(ApiVersionFilter.java:55)
	at org.springframework.test.web.servlet.setup.MockMvcFilterDecorator.doFilter(MockMvcFilterDecorator.java:162)
	at org.springframework.mock.web.MockFilterChain.doFilter(MockFilterChain.java:132)
	at io.sentry.spring.jakarta.SentryUserFilter.doFilterInternal(SentryUserFilter.java:56)
	at org.springframework.web.filter.OncePerRequestFilter.doFilter(OncePerRequestFilter.java:116)
	at org.springframework.test.web.servlet.setup.MockMvcFilterDecorator.doFilter(MockMvcFilterDecorator.java:162)
	at org.springframework.mock.web.MockFilterChain.doFilter(MockFilterChain.java:132)
	at org.springframework.web.filter.CompositeFilter$VirtualFilterChain.doFilter(CompositeFilter.java:108)
	at org.springframework.security.web.FilterChainProxy.lambda$doFilterInternal$3(FilterChainProxy.java:231)
	at org.springframework.security.web.ObservationFilterChainDecorator$FilterObservation$SimpleFilterObservation.lambda$wrap$1(ObservationFilterChainDecorator.java:479)
	at org.springframework.security.web.ObservationFilterChainDecorator$AroundFilterObservation$SimpleAroundFilterObservation.lambda$wrap$1(ObservationFilterChainDecorator.java:340)
	at org.springframework.security.web.ObservationFilterChainDecorator.lambda$wrapSecured$0(ObservationFilterChainDecorator.java:82)
	at org.springframework.security.web.ObservationFilterChainDecorator$VirtualFilterChain.doFilter(ObservationFilterChainDecorator.java:128)
	at org.springframework.security.web.access.intercept.AuthorizationFilter.doFilter(AuthorizationFilter.java:101)
	at org.springframework.security.web.ObservationFilterChainDecorator$ObservationFilter.wrapFilter(ObservationFilterChainDecorator.java:240)
	at org.springframework.security.web.ObservationFilterChainDecorator$ObservationFilter.doFilter(ObservationFilterChainDecorator.java:227)
	at org.springframework.security.web.ObservationFilterChainDecorator$VirtualFilterChain.doFilter(ObservationFilterChainDecorator.java:137)
	at org.springframework.security.web.access.ExceptionTranslationFilter.doFilter(ExceptionTranslationFilter.java:126)
	at org.springframework.security.web.access.ExceptionTranslationFilter.doFilter(ExceptionTranslationFilter.java:120)
	at org.springframework.security.web.ObservationFilterChainDecorator$ObservationFilter.wrapFilter(ObservationFilterChainDecorator.java:240)
	at org.springframework.security.web.ObservationFilterChainDecorator$ObservationFilter.doFilter(ObservationFilterChainDecorator.java:227)
	at org.springframework.security.web.ObservationFilterChainDecorator$VirtualFilterChain.doFilter(ObservationFilterChainDecorator.java:137)
	at org.springframework.security.web.session.SessionManagementFilter.doFilter(SessionManagementFilter.java:131)
	at org.springframework.security.web.session.SessionManagementFilter.doFilter(SessionManagementFilter.java:85)
	at org.springframework.security.web.ObservationFilterChainDecorator$ObservationFilter.wrapFilter(ObservationFilterChainDecorator.java:240)
	at org.springframework.security.web.ObservationFilterChainDecorator$ObservationFilter.doFilter(ObservationFilterChainDecorator.java:227)
	at org.springframework.security.web.ObservationFilterChainDecorator$VirtualFilterChain.doFilter(ObservationFilterChainDecorator.java:137)
	at org.springframework.security.web.authentication.AnonymousAuthenticationFilter.doFilter(AnonymousAuthenticationFilter.java:100)
	at org.springframework.security.web.ObservationFilterChainDecorator$ObservationFilter.wrapFilter(ObservationFilterChainDecorator.java:240)
	at org.springframework.security.web.ObservationFilterChainDecorator$ObservationFilter.doFilter(ObservationFilterChainDecorator.java:227)
	at org.springframework.security.web.ObservationFilterChainDecorator$VirtualFilterChain.doFilter(ObservationFilterChainDecorator.java:137)
	at org.springframework.security.web.servletapi.SecurityContextHolderAwareRequestFilter.doFilter(SecurityContextHolderAwareRequestFilter.java:179)
	at org.springframework.security.web.ObservationFilterChainDecorator$ObservationFilter.wrapFilter(ObservationFilterChainDecorator.java:240)
	at org.springframework.security.web.ObservationFilterChainDecorator$ObservationFilter.doFilter(ObservationFilterChainDecorator.java:227)
	at org.springframework.security.web.ObservationFilterChainDecorator$VirtualFilterChain.doFilter(ObservationFilterChainDecorator.java:137)
	at org.springframework.security.web.savedrequest.RequestCacheAwareFilter.doFilter(RequestCacheAwareFilter.java:63)
	at org.springframework.security.web.ObservationFilterChainDecorator$ObservationFilter.wrapFilter(ObservationFilterChainDecorator.java:240)
	at org.springframework.security.web.ObservationFilterChainDecorator$ObservationFilter.doFilter(ObservationFilterChainDecorator.java:227)
	at org.springframework.security.web.ObservationFilterChainDecorator$VirtualFilterChain.doFilter(ObservationFilterChainDecorator.java:137)
	at de.tum.cit.aet.artemis.core.security.filter.SpaWebFilter.doFilterInternal(SpaWebFilter.java:23)
	at org.springframework.web.filter.OncePerRequestFilter.doFilter(OncePerRequestFilter.java:116)
	at org.springframework.security.web.ObservationFilterChainDecorator$ObservationFilter.wrapFilter(ObservationFilterChainDecorator.java:240)
	at org.springframework.security.web.ObservationFilterChainDecorator$ObservationFilter.doFilter(ObservationFilterChainDecorator.java:227)
	at org.springframework.security.web.ObservationFilterChainDecorator$VirtualFilterChain.doFilter(ObservationFilterChainDecorator.java:137)
	at org.springframework.web.filter.OncePerRequestFilter.doFilter(OncePerRequestFilter.java:110)
	at org.springframework.security.web.ObservationFilterChainDecorator$ObservationFilter.wrapFilter(ObservationFilterChainDecorator.java:240)
	at org.springframework.security.web.ObservationFilterChainDecorator$ObservationFilter.doFilter(ObservationFilterChainDecorator.java:227)
	at org.springframework.security.web.ObservationFilterChainDecorator$VirtualFilterChain.doFilter(ObservationFilterChainDecorator.java:137)
	at de.tum.cit.aet.artemis.lti.config.Lti13LaunchFilter.doFilterInternal(Lti13LaunchFilter.java:60)
	at org.springframework.web.filter.OncePerRequestFilter.doFilter(OncePerRequestFilter.java:116)
	at org.springframework.security.web.ObservationFilterChainDecorator$ObservationFilter.wrapFilter(ObservationFilterChainDecorator.java:240)
	at org.springframework.security.web.ObservationFilterChainDecorator$ObservationFilter.doFilter(ObservationFilterChainDecorator.java:227)
	at org.springframework.security.web.ObservationFilterChainDecorator$VirtualFilterChain.doFilter(ObservationFilterChainDecorator.java:137)
	at de.tum.cit.aet.artemis.core.security.jwt.JWTFilter.doFilter(JWTFilter.java:55)
	at org.springframework.security.web.ObservationFilterChainDecorator$ObservationFilter.wrapFilter(ObservationFilterChainDecorator.java:240)
	at org.springframework.security.web.ObservationFilterChainDecorator$ObservationFilter.doFilter(ObservationFilterChainDecorator.java:227)
	at org.springframework.security.web.ObservationFilterChainDecorator$VirtualFilterChain.doFilter(ObservationFilterChainDecorator.java:137)
	at de.tum.cit.aet.artemis.core.security.jwt.JWTFilter.doFilter(JWTFilter.java:55)
	at org.springframework.security.web.ObservationFilterChainDecorator$ObservationFilter.wrapFilter(ObservationFilterChainDecorator.java:240)
	at org.springframework.security.web.ObservationFilterChainDecorator$ObservationFilter.doFilter(ObservationFilterChainDecorator.java:227)
	at org.springframework.security.web.ObservationFilterChainDecorator$VirtualFilterChain.doFilter(ObservationFilterChainDecorator.java:137)
	at org.springframework.web.filter.CorsFilter.doFilterInternal(CorsFilter.java:91)
	at org.springframework.web.filter.OncePerRequestFilter.doFilter(OncePerRequestFilter.java:116)
	at org.springframework.security.web.ObservationFilterChainDecorator$ObservationFilter.wrapFilter(ObservationFilterChainDecorator.java:240)
	at org.springframework.security.web.ObservationFilterChainDecorator$ObservationFilter.doFilter(ObservationFilterChainDecorator.java:227)
	at org.springframework.security.web.ObservationFilterChainDecorator$VirtualFilterChain.doFilter(ObservationFilterChainDecorator.java:137)
	at org.springframework.web.filter.OncePerRequestFilter.doFilter(OncePerRequestFilter.java:110)
	at org.springframework.security.web.ObservationFilterChainDecorator$ObservationFilter.wrapFilter(ObservationFilterChainDecorator.java:240)
	at org.springframework.security.web.ObservationFilterChainDecorator$ObservationFilter.doFilter(ObservationFilterChainDecorator.java:227)
	at org.springframework.security.web.ObservationFilterChainDecorator$VirtualFilterChain.doFilter(ObservationFilterChainDecorator.java:137)
	at uk.ac.ox.ctl.lti13.security.oauth2.client.lti.web.OAuth2AuthorizationRequestRedirectFilter.doFilterInternal(OAuth2AuthorizationRequestRedirectFilter.java:142)
	at org.springframework.web.filter.OncePerRequestFilter.doFilter(OncePerRequestFilter.java:116)
	at org.springframework.security.web.ObservationFilterChainDecorator$ObservationFilter.wrapFilter(ObservationFilterChainDecorator.java:240)
	at org.springframework.security.web.ObservationFilterChainDecorator$ObservationFilter.doFilter(ObservationFilterChainDecorator.java:227)
	at org.springframework.security.web.ObservationFilterChainDecorator$VirtualFilterChain.doFilter(ObservationFilterChainDecorator.java:137)
	at org.springframework.security.web.authentication.logout.LogoutFilter.doFilter(LogoutFilter.java:107)
	at org.springframework.security.web.authentication.logout.LogoutFilter.doFilter(LogoutFilter.java:93)
	at org.springframework.security.web.ObservationFilterChainDecorator$ObservationFilter.wrapFilter(ObservationFilterChainDecorator.java:240)
	at org.springframework.security.web.ObservationFilterChainDecorator$ObservationFilter.doFilter(ObservationFilterChainDecorator.java:227)
	at org.springframework.security.web.ObservationFilterChainDecorator$VirtualFilterChain.doFilter(ObservationFilterChainDecorator.java:137)
	at org.springframework.security.web.header.HeaderWriterFilter.doHeadersAfter(HeaderWriterFilter.java:90)
	at org.springframework.security.web.header.HeaderWriterFilter.doFilterInternal(HeaderWriterFilter.java:75)
	at org.springframework.web.filter.OncePerRequestFilter.doFilter(OncePerRequestFilter.java:116)
	at org.springframework.security.web.ObservationFilterChainDecorator$ObservationFilter.wrapFilter(ObservationFilterChainDecorator.java:240)
	at org.springframework.security.web.ObservationFilterChainDecorator$ObservationFilter.doFilter(ObservationFilterChainDecorator.java:227)
	at org.springframework.security.web.ObservationFilterChainDecorator$VirtualFilterChain.doFilter(ObservationFilterChainDecorator.java:137)
	at org.springframework.security.web.context.SecurityContextHolderFilter.doFilter(SecurityContextHolderFilter.java:82)
	at org.springframework.security.web.context.SecurityContextHolderFilter.doFilter(SecurityContextHolderFilter.java:69)
	at org.springframework.security.web.ObservationFilterChainDecorator$ObservationFilter.wrapFilter(ObservationFilterChainDecorator.java:240)
	at org.springframework.security.web.ObservationFilterChainDecorator$ObservationFilter.doFilter(ObservationFilterChainDecorator.java:227)
	at org.springframework.security.web.ObservationFilterChainDecorator$VirtualFilterChain.doFilter(ObservationFilterChainDecorator.java:137)
	at org.springframework.security.web.context.request.async.WebAsyncManagerIntegrationFilter.doFilterInternal(WebAsyncManagerIntegrationFilter.java:62)
	at org.springframework.web.filter.OncePerRequestFilter.doFilter(OncePerRequestFilter.java:116)
	at org.springframework.security.web.ObservationFilterChainDecorator$ObservationFilter.wrapFilter(ObservationFilterChainDecorator.java:240)
	at org.springframework.security.web.ObservationFilterChainDecorator$ObservationFilter.doFilter(ObservationFilterChainDecorator.java:227)
	at org.springframework.security.web.ObservationFilterChainDecorator$VirtualFilterChain.doFilter(ObservationFilterChainDecorator.java:137)
	at org.springframework.security.web.session.DisableEncodeUrlFilter.doFilterInternal(DisableEncodeUrlFilter.java:42)
	at org.springframework.web.filter.OncePerRequestFilter.doFilter(OncePerRequestFilter.java:116)
	at org.springframework.security.web.ObservationFilterChainDecorator$ObservationFilter.wrapFilter(ObservationFilterChainDecorator.java:240)
	at org.springframework.security.web.ObservationFilterChainDecorator$AroundFilterObservation$SimpleAroundFilterObservation.lambda$wrap$0(ObservationFilterChainDecorator.java:323)
	at org.springframework.security.web.ObservationFilterChainDecorator$ObservationFilter.doFilter(ObservationFilterChainDecorator.java:224)
	at org.springframework.security.web.ObservationFilterChainDecorator$VirtualFilterChain.doFilter(ObservationFilterChainDecorator.java:137)
	at org.springframework.security.web.FilterChainProxy.doFilterInternal(FilterChainProxy.java:233)
	at org.springframework.security.web.FilterChainProxy.doFilter(FilterChainProxy.java:191)
	at org.springframework.web.filter.CompositeFilter$VirtualFilterChain.doFilter(CompositeFilter.java:113)
	at org.springframework.web.servlet.handler.HandlerMappingIntrospector.lambda$createCacheFilter$3(HandlerMappingIntrospector.java:243)
	at org.springframework.web.filter.CompositeFilter$VirtualFilterChain.doFilter(CompositeFilter.java:113)
	at org.springframework.web.filter.CompositeFilter.doFilter(CompositeFilter.java:74)
	at org.springframework.security.config.annotation.web.configuration.WebMvcSecurityConfiguration$CompositeFilterChainProxy.doFilter(WebMvcSecurityConfiguration.java:238)
	at org.springframework.web.filter.DelegatingFilterProxy.invokeDelegate(DelegatingFilterProxy.java:362)
	at org.springframework.web.filter.DelegatingFilterProxy.doFilter(DelegatingFilterProxy.java:278)
	at org.springframework.test.web.servlet.setup.MockMvcFilterDecorator.doFilter(MockMvcFilterDecorator.java:162)
	at org.springframework.mock.web.MockFilterChain.doFilter(MockFilterChain.java:132)
	at org.springframework.web.filter.RequestContextFilter.doFilterInternal(RequestContextFilter.java:100)
	at org.springframework.web.filter.OncePerRequestFilter.doFilter(OncePerRequestFilter.java:116)
	at org.springframework.test.web.servlet.setup.MockMvcFilterDecorator.doFilter(MockMvcFilterDecorator.java:162)
	at org.springframework.mock.web.MockFilterChain.doFilter(MockFilterChain.java:132)
	at org.springframework.web.filter.FormContentFilter.doFilterInternal(FormContentFilter.java:93)
	at org.springframework.web.filter.OncePerRequestFilter.doFilter(OncePerRequestFilter.java:116)
	at org.springframework.test.web.servlet.setup.MockMvcFilterDecorator.doFilter(MockMvcFilterDecorator.java:162)
	at org.springframework.mock.web.MockFilterChain.doFilter(MockFilterChain.java:132)
	at org.springframework.web.filter.ServerHttpObservationFilter.doFilterInternal(ServerHttpObservationFilter.java:114)
	at org.springframework.web.filter.OncePerRequestFilter.doFilter(OncePerRequestFilter.java:116)
	at org.springframework.test.web.servlet.setup.MockMvcFilterDecorator.doFilter(MockMvcFilterDecorator.java:162)
	at org.springframework.mock.web.MockFilterChain.doFilter(MockFilterChain.java:132)
	at io.sentry.spring.jakarta.tracing.SentryTracingFilter.doFilterInternal(SentryTracingFilter.java:91)
	at org.springframework.web.filter.OncePerRequestFilter.doFilter(OncePerRequestFilter.java:116)
	at org.springframework.test.web.servlet.setup.MockMvcFilterDecorator.doFilter(MockMvcFilterDecorator.java:162)
	at org.springframework.mock.web.MockFilterChain.doFilter(MockFilterChain.java:132)
	at org.springframework.web.filter.CharacterEncodingFilter.doFilterInternal(CharacterEncodingFilter.java:201)
	at org.springframework.web.filter.OncePerRequestFilter.doFilter(OncePerRequestFilter.java:116)
	at org.springframework.test.web.servlet.setup.MockMvcFilterDecorator.doFilter(MockMvcFilterDecorator.java:162)
	at org.springframework.mock.web.MockFilterChain.doFilter(MockFilterChain.java:132)
	at io.sentry.spring.jakarta.SentrySpringFilter.doFilterInternal(SentrySpringFilter.java:76)
	at org.springframework.web.filter.OncePerRequestFilter.doFilter(OncePerRequestFilter.java:116)
	at org.springframework.test.web.servlet.setup.MockMvcFilterDecorator.doFilter(MockMvcFilterDecorator.java:162)
	at org.springframework.mock.web.MockFilterChain.doFilter(MockFilterChain.java:132)
	at org.springframework.test.web.servlet.MockMvc.perform(MockMvc.java:201)
	at de.tum.cit.aet.artemis.core.util.RequestUtilService.performMvcRequest(RequestUtilService.java:79)
	at de.tum.cit.aet.artemis.core.util.RequestUtilService.postWithoutLocation(RequestUtilService.java:213)
	at de.tum.cit.aet.artemis.core.util.RequestUtilService.postWithoutLocation(RequestUtilService.java:199)
	at de.tum.cit.aet.artemis.core.util.CourseTestService.testAddTutorAndEditorAndInstructorToCourse_failsToAddUserToGroup(CourseTestService.java:1881)
	at de.tum.cit.aet.artemis.programming.CourseGitlabJenkinsIntegrationTest.testAddTutorAndInstructorToCourse_failsToAddUserToGroup(CourseGitlabJenkinsIntegrationTest.java:538)
	at java.base/jdk.internal.reflect.DirectMethodHandleAccessor.invoke(DirectMethodHandleAccessor.java:103)
	at java.base/java.lang.reflect.Method.invoke(Method.java:580)
	at org.junit.platform.commons.util.ReflectionUtils.invokeMethod(ReflectionUtils.java:767)
	at org.junit.jupiter.engine.execution.MethodInvocation.proceed(MethodInvocation.java:60)
	at org.junit.jupiter.engine.execution.InvocationInterceptorChain$ValidatingInvocation.proceed(InvocationInterceptorChain.java:131)
	at org.junit.jupiter.engine.extension.TimeoutExtension.intercept(TimeoutExtension.java:156)
	at org.junit.jupiter.engine.extension.TimeoutExtension.interceptTestableMethod(TimeoutExtension.java:147)
	at org.junit.jupiter.engine.extension.TimeoutExtension.interceptTestMethod(TimeoutExtension.java:86)
	at org.junit.jupiter.engine.execution.InterceptingExecutableInvoker$ReflectiveInterceptorCall.lambda$ofVoidMethod$0(InterceptingExecutableInvoker.java:103)
	at org.junit.jupiter.engine.execution.InterceptingExecutableInvoker.lambda$invoke$0(InterceptingExecutableInvoker.java:93)
	at org.junit.jupiter.engine.execution.InvocationInterceptorChain$InterceptedInvocation.proceed(InvocationInterceptorChain.java:106)
	at org.junit.jupiter.engine.execution.InvocationInterceptorChain.proceed(InvocationInterceptorChain.java:64)
	at org.junit.jupiter.engine.execution.InvocationInterceptorChain.chainAndInvoke(InvocationInterceptorChain.java:45)
	at org.junit.jupiter.engine.execution.InvocationInterceptorChain.invoke(InvocationInterceptorChain.java:37)
	at org.junit.jupiter.engine.execution.InterceptingExecutableInvoker.invoke(InterceptingExecutableInvoker.java:92)
	at org.junit.jupiter.engine.execution.InterceptingExecutableInvoker.invoke(InterceptingExecutableInvoker.java:86)
	at org.junit.jupiter.engine.descriptor.TestMethodTestDescriptor.lambda$invokeTestMethod$8(TestMethodTestDescriptor.java:217)
	at org.junit.platform.engine.support.hierarchical.ThrowableCollector.execute(ThrowableCollector.java:73)
	at org.junit.jupiter.engine.descriptor.TestMethodTestDescriptor.invokeTestMethod(TestMethodTestDescriptor.java:213)
	at org.junit.jupiter.engine.descriptor.TestMethodTestDescriptor.execute(TestMethodTestDescriptor.java:138)
	at org.junit.jupiter.engine.descriptor.TestMethodTestDescriptor.execute(TestMethodTestDescriptor.java:68)
	at org.junit.platform.engine.support.hierarchical.NodeTestTask.lambda$executeRecursively$6(NodeTestTask.java:156)
	at org.junit.platform.engine.support.hierarchical.ThrowableCollector.execute(ThrowableCollector.java:73)
	at org.junit.platform.engine.support.hierarchical.NodeTestTask.lambda$executeRecursively$8(NodeTestTask.java:146)
	at org.junit.platform.engine.support.hierarchical.Node.around(Node.java:137)
	at org.junit.platform.engine.support.hierarchical.NodeTestTask.lambda$executeRecursively$9(NodeTestTask.java:144)
	at org.junit.platform.engine.support.hierarchical.ThrowableCollector.execute(ThrowableCollector.java:73)
	at org.junit.platform.engine.support.hierarchical.NodeTestTask.executeRecursively(NodeTestTask.java:143)
	at org.junit.platform.engine.support.hierarchical.NodeTestTask.execute(NodeTestTask.java:100)
	at org.junit.platform.engine.support.hierarchical.ForkJoinPoolHierarchicalTestExecutorService$ExclusiveTask.exec(ForkJoinPoolHierarchicalTestExecutorService.java:274)
	at org.junit.platform.engine.support.hierarchical.ForkJoinPoolHierarchicalTestExecutorService$ExclusiveTask.execSync(ForkJoinPoolHierarchicalTestExecutorService.java:247)
	at org.junit.platform.engine.support.hierarchical.ForkJoinPoolHierarchicalTestExecutorService.executeSync(ForkJoinPoolHierarchicalTestExecutorService.java:194)
	at org.junit.platform.engine.support.hierarchical.ForkJoinPoolHierarchicalTestExecutorService.invokeAll(ForkJoinPoolHierarchicalTestExecutorService.java:166)
	at org.junit.platform.engine.support.hierarchical.NodeTestTask.lambda$executeRecursively$6(NodeTestTask.java:160)
	at org.junit.platform.engine.support.hierarchical.ThrowableCollector.execute(ThrowableCollector.java:73)
	at org.junit.platform.engine.support.hierarchical.NodeTestTask.lambda$executeRecursively$8(NodeTestTask.java:146)
	at org.junit.platform.engine.support.hierarchical.Node.around(Node.java:137)
	at org.junit.platform.engine.support.hierarchical.NodeTestTask.lambda$executeRecursively$9(NodeTestTask.java:144)
	at org.junit.platform.engine.support.hierarchical.ThrowableCollector.execute(ThrowableCollector.java:73)
	at org.junit.platform.engine.support.hierarchical.NodeTestTask.executeRecursively(NodeTestTask.java:143)
	at org.junit.platform.engine.support.hierarchical.NodeTestTask.execute(NodeTestTask.java:100)
	at org.junit.platform.engine.support.hierarchical.ForkJoinPoolHierarchicalTestExecutorService$ExclusiveTask.exec(ForkJoinPoolHierarchicalTestExecutorService.java:274)
	at java.base/java.util.concurrent.ForkJoinTask.doExec(ForkJoinTask.java:387)
	at java.base/java.util.concurrent.ForkJoinPool$WorkQueue.topLevelExec(ForkJoinPool.java:1312)
	at java.base/java.util.concurrent.ForkJoinPool.scan(ForkJoinPool.java:1843)
	at java.base/java.util.concurrent.ForkJoinPool.runWorker(ForkJoinPool.java:1808)
	at java.base/java.util.concurrent.ForkJoinWorkerThread.run(ForkJoinWorkerThread.java:188)

  Starting logs for CourseGitlabJenkinsIntegrationTest > testSearchStudentsAndTutorsAndInstructorsInCourse()
    23:44:20.625 | 441 ool-1-worker-205 | DEBUG | d.t.c.a.a.c.u.util.UserUtilService   : Generate 8 students...
    23:44:20.636 | 441 ool-1-worker-205 | DEBUG | d.t.c.a.a.c.u.util.UserUtilService   : 8 students generated. Generate 5 tutors...
    23:44:20.643 | 441 ool-1-worker-205 | DEBUG | d.t.c.a.a.c.u.util.UserUtilService   : 5 tutors generated. Generate 1 editors...
    23:44:20.646 | 441 ool-1-worker-205 | DEBUG | d.t.c.a.a.c.u.util.UserUtilService   : 1 editors generated. Generate 1 instructors...
    23:44:20.648 | 441 ool-1-worker-205 | DEBUG | d.t.c.a.a.c.u.util.UserUtilService   : 1 instructors generated
    23:44:20.651 | 441 ool-1-worker-205 | DEBUG | d.t.c.a.a.c.u.util.UserUtilService   : Removing 16 users from all courses...
    23:44:20.652 | 441 ool-1-worker-205 | DEBUG | d.t.c.a.a.c.u.util.UserUtilService   : Removing 16 users from all courses. Done
    23:44:20.652 | 441 ool-1-worker-205 | DEBUG | d.t.c.a.a.c.u.util.UserUtilService   : Save 15 users to database...
    23:44:20.662 | 441 ool-1-worker-205 | DEBUG | d.t.c.a.a.c.u.util.UserUtilService   : Save 15 users to database. Done
    23:44:20.674 | 441 ool-1-worker-205 | INFO  | i.z.t.d.l.EmbeddedDatabaseReporter   : JDBC URL to connect to 'dataSource': url='jdbc:h2:tcp://localhost:41063/mem:736625c0-cf5e-400d-aeaa-8a7eabd6262b;USER=sa', scope='CourseGitlabJenkinsIntegrationTest#testSearchStudentsAndTutorsAndInstructorsInCourse'
    23:44:20.697 | 441 ool-1-worker-205 | DEBUG | d.t.c.a.a.c.s.f.ApiVersionFilter     : Adding Version to Request GET /api/courses/773/search-other-users
    23:44:20.707 | 441 ool-1-worker-205 | DEBUG | d.t.c.a.a.c.s.f.ApiVersionFilter     : Adding Version to Request GET /api/courses/773/search-other-users
    23:44:20.713 | 441 ool-1-worker-205 | DEBUG | d.t.c.a.a.c.s.f.ApiVersionFilter     : Adding Version to Request GET /api/courses/773/search-other-users
    23:44:20.725 | 441 ool-1-worker-205 | DEBUG | d.t.c.a.a.c.s.f.ApiVersionFilter     : Adding Version to Request GET /api/courses/773/search-other-users

  Starting logs for CourseGitlabJenkinsIntegrationTest > testGetCourseTitleForNonExistingCourse()
    23:44:20.766 | 441 ool-1-worker-205 | DEBUG | d.t.c.a.a.c.u.util.UserUtilService   : Generate 8 students...
    23:44:20.792 | 441 ool-1-worker-205 | DEBUG | d.t.c.a.a.c.u.util.UserUtilService   : 8 students generated. Generate 5 tutors...
    23:44:20.816 | 441 ool-1-worker-205 | DEBUG | d.t.c.a.a.c.u.util.UserUtilService   : 5 tutors generated. Generate 1 editors...
    23:44:20.820 | 441 ool-1-worker-205 | DEBUG | d.t.c.a.a.c.u.util.UserUtilService   : 1 editors generated. Generate 1 instructors...
    23:44:20.829 | 441 ool-1-worker-205 | DEBUG | d.t.c.a.a.c.u.util.UserUtilService   : 1 instructors generated
    23:44:20.831 | 441 ool-1-worker-205 | DEBUG | d.t.c.a.a.c.u.util.UserUtilService   : Removing 16 users from all courses...
    23:44:20.837 | 441 ool-1-worker-205 | DEBUG | d.t.c.a.a.c.u.util.UserUtilService   : Removing 16 users from all courses. Done
    23:44:20.837 | 441 ool-1-worker-205 | DEBUG | d.t.c.a.a.c.u.util.UserUtilService   : Save 15 users to database...
    23:44:20.858 | 441 ool-1-worker-205 | DEBUG | d.t.c.a.a.c.u.util.UserUtilService   : Save 15 users to database. Done
    23:44:20.885 | 441 ool-1-worker-205 | INFO  | i.z.t.d.l.EmbeddedDatabaseReporter   : JDBC URL to connect to 'dataSource': url='jdbc:h2:tcp://localhost:41063/mem:736625c0-cf5e-400d-aeaa-8a7eabd6262b;USER=sa', scope='CourseGitlabJenkinsIntegrationTest#testGetCourseTitleForNonExistingCourse'
    23:44:20.888 | 441 ool-1-worker-205 | DEBUG | d.t.c.a.a.c.s.f.ApiVersionFilter     : Adding Version to Request GET /api/courses/12312412321/title

  Starting logs for CourseGitlabJenkinsIntegrationTest > searchUsersInCourse_searchForAllStudents_shouldReturnBadRequest()
    23:44:20.904 | 441 ool-1-worker-205 | DEBUG | d.t.c.a.a.c.u.util.UserUtilService   : Generate 8 students...
    23:44:20.926 | 441 ool-1-worker-205 | DEBUG | d.t.c.a.a.c.u.util.UserUtilService   : 8 students generated. Generate 5 tutors...
    23:44:20.941 | 441 ool-1-worker-205 | DEBUG | d.t.c.a.a.c.u.util.UserUtilService   : 5 tutors generated. Generate 1 editors...
    23:44:20.947 | 441 ool-1-worker-205 | DEBUG | d.t.c.a.a.c.u.util.UserUtilService   : 1 editors generated. Generate 1 instructors...
    23:44:20.953 | 441 ool-1-worker-205 | DEBUG | d.t.c.a.a.c.u.util.UserUtilService   : 1 instructors generated
    23:44:20.959 | 441 ool-1-worker-205 | DEBUG | d.t.c.a.a.c.u.util.UserUtilService   : Removing 16 users from all courses...
    23:44:20.962 | 441 ool-1-worker-205 | DEBUG | d.t.c.a.a.c.u.util.UserUtilService   : Removing 16 users from all courses. Done
    23:44:20.962 | 441 ool-1-worker-205 | DEBUG | d.t.c.a.a.c.u.util.UserUtilService   : Save 15 users to database...
    23:44:20.974 | 441 ool-1-worker-205 | DEBUG | d.t.c.a.a.c.u.util.UserUtilService   : Save 15 users to database. Done
    23:44:20.998 | 441 ool-1-worker-205 | INFO  | i.z.t.d.l.EmbeddedDatabaseReporter   : JDBC URL to connect to 'dataSource': url='jdbc:h2:tcp://localhost:41063/mem:736625c0-cf5e-400d-aeaa-8a7eabd6262b;USER=sa', scope='CourseGitlabJenkinsIntegrationTest#searchUsersInCourse_searchForAllStudents_shouldReturnBadRequest'
    23:44:21.048 | 441 ool-1-worker-205 | DEBUG | d.t.c.a.a.c.s.f.ApiVersionFilter     : Adding Version to Request GET /api/courses/774/users/search
    23:44:21.049 | 441 ool-1-worker-205 | DEBUG | d.t.c.a.a.core.web.CourseResource    : REST request to search users in course : 774 with login or name : 
    23:44:21.054 | 441 ool-1-worker-205 | WARN  | o.z.p.spring.common.AdviceTraits     : Bad Request: 400 BAD_REQUEST "Query param 'loginOrName' must be three characters or longer if you search for students."

  Starting logs for CourseGitlabJenkinsIntegrationTest > testCreateCourseWithOptions()
    23:44:21.085 | 441 ool-1-worker-205 | DEBUG | d.t.c.a.a.c.u.util.UserUtilService   : Generate 8 students...
    23:44:21.111 | 441 ool-1-worker-205 | DEBUG | d.t.c.a.a.c.u.util.UserUtilService   : 8 students generated. Generate 5 tutors...
    23:44:21.126 | 441 ool-1-worker-205 | DEBUG | d.t.c.a.a.c.u.util.UserUtilService   : 5 tutors generated. Generate 1 editors...
    23:44:21.131 | 441 ool-1-worker-205 | DEBUG | d.t.c.a.a.c.u.util.UserUtilService   : 1 editors generated. Generate 1 instructors...
    23:44:21.137 | 441 ool-1-worker-205 | DEBUG | d.t.c.a.a.c.u.util.UserUtilService   : 1 instructors generated
    23:44:21.140 | 441 ool-1-worker-205 | DEBUG | d.t.c.a.a.c.u.util.UserUtilService   : Removing 16 users from all courses...
    23:44:21.141 | 441 ool-1-worker-205 | DEBUG | d.t.c.a.a.c.u.util.UserUtilService   : Removing 16 users from all courses. Done
    23:44:21.141 | 441 ool-1-worker-205 | DEBUG | d.t.c.a.a.c.u.util.UserUtilService   : Save 15 users to database...
    23:44:21.162 | 441 ool-1-worker-205 | DEBUG | d.t.c.a.a.c.u.util.UserUtilService   : Save 15 users to database. Done
    23:44:21.184 | 441 ool-1-worker-205 | INFO  | i.z.t.d.l.EmbeddedDatabaseReporter   : JDBC URL to connect to 'dataSource': url='jdbc:h2:tcp://localhost:41063/mem:736625c0-cf5e-400d-aeaa-8a7eabd6262b;USER=sa', scope='CourseGitlabJenkinsIntegrationTest#testCreateCourseWithOptions'
    23:44:21.185 | 441 ool-1-worker-205 | DEBUG | d.t.c.a.a.c.s.f.ApiVersionFilter     : Adding Version to Request POST /api/admin/courses
    23:44:21.186 | 441 ool-1-worker-205 | DEBUG | d.t.c.a.a.c.w.a.AdminCourseResource  : REST request to save Course : Course{id=null, title='Course title 83a40903-b7e3-45ef-a1b7-3bc6737babaa', description='null', shortName='short8f12e1e102e5b047a30abb20e40531833879', studentGroupName='null', teachingAssistantGroupName='null', editorGroupName='null', instructorGroupName='null', startDate='null', endDate='null', enrollmentStartDate='null', enrollmentEndDate='null', unenrollmentEndDate='null', semester='null'', onlineCourse='false', color='null', courseIcon='null', enrollmentEnabled='false', unenrollmentEnabled='false', presentationScore='2', faqEnabled='false'}
    23:44:21.199 | 441 ool-1-worker-205 | DEBUG | d.t.c.a.a.c.s.f.ApiVersionFilter     : Adding Version to Request PUT /api/courses/775
    23:44:21.200 | 441 ool-1-worker-205 | DEBUG | d.t.c.a.a.core.web.CourseResource    : REST request to update Course : Course{id=775, title='Course title 83a40903-b7e3-45ef-a1b7-3bc6737babaa', description='null', shortName='short8f12e1e102e5b047a30abb20e40531833879', studentGroupName='artemis-short8f12e1e102e5b047a30abb20e40531833879-students', teachingAssistantGroupName='artemis-short8f12e1e102e5b047a30abb20e40531833879-tutors', editorGroupName='artemis-short8f12e1e102e5b047a30abb20e40531833879-editors', instructorGroupName='artemis-short8f12e1e102e5b047a30abb20e40531833879-instructors', startDate='null', endDate='null', enrollmentStartDate='null', enrollmentEndDate='null', unenrollmentEndDate='null', semester='null'', onlineCourse='false', color='null', courseIcon='null', enrollmentEnabled='false', unenrollmentEnabled='false', presentationScore='2', faqEnabled='false'}

  Starting logs for CourseGitlabJenkinsIntegrationTest > searchUsersInCourse_searchForStudents_shouldReturnUsersMatchingSearchTerm()
    23:44:21.229 | 441 ool-1-worker-205 | DEBUG | d.t.c.a.a.c.u.util.UserUtilService   : Generate 8 students...
    23:44:21.244 | 441 ool-1-worker-205 | DEBUG | d.t.c.a.a.c.u.util.UserUtilService   : 8 students generated. Generate 5 tutors...
    23:44:21.263 | 441 ool-1-worker-205 | DEBUG | d.t.c.a.a.c.u.util.UserUtilService   : 5 tutors generated. Generate 1 editors...
    23:44:21.268 | 441 ool-1-worker-205 | DEBUG | d.t.c.a.a.c.u.util.UserUtilService   : 1 editors generated. Generate 1 instructors...
    23:44:21.274 | 441 ool-1-worker-205 | DEBUG | d.t.c.a.a.c.u.util.UserUtilService   : 1 instructors generated
    23:44:21.278 | 441 ool-1-worker-205 | DEBUG | d.t.c.a.a.c.u.util.UserUtilService   : Removing 16 users from all courses...
    23:44:21.281 | 441 ool-1-worker-205 | DEBUG | d.t.c.a.a.c.u.util.UserUtilService   : Removing 16 users from all courses. Done
    23:44:21.281 | 441 ool-1-worker-205 | DEBUG | d.t.c.a.a.c.u.util.UserUtilService   : Save 15 users to database...
    23:44:21.298 | 441 ool-1-worker-205 | DEBUG | d.t.c.a.a.c.u.util.UserUtilService   : Save 15 users to database. Done
    23:44:21.311 | 441 ool-1-worker-205 | INFO  | i.z.t.d.l.EmbeddedDatabaseReporter   : JDBC URL to connect to 'dataSource': url='jdbc:h2:tcp://localhost:41063/mem:736625c0-cf5e-400d-aeaa-8a7eabd6262b;USER=sa', scope='CourseGitlabJenkinsIntegrationTest#searchUsersInCourse_searchForStudents_shouldReturnUsersMatchingSearchTerm'
    23:44:21.335 | 441 ool-1-worker-205 | DEBUG | d.t.c.a.a.c.s.f.ApiVersionFilter     : Adding Version to Request GET /api/courses/776/users/search
    23:44:21.336 | 441 ool-1-worker-205 | DEBUG | d.t.c.a.a.core.web.CourseResource    : REST request to search users in course : 776 with login or name : courseegitlabjenkinsstudent

  Starting logs for CourseGitlabJenkinsIntegrationTest > testGetExercisesForCourseOverview()
    23:44:21.362 | 441 ool-1-worker-205 | DEBUG | d.t.c.a.a.c.u.util.UserUtilService   : Generate 8 students...
    23:44:21.375 | 441 ool-1-worker-205 | DEBUG | d.t.c.a.a.c.u.util.UserUtilService   : 8 students generated. Generate 5 tutors...
    23:44:21.383 | 441 ool-1-worker-205 | DEBUG | d.t.c.a.a.c.u.util.UserUtilService   : 5 tutors generated. Generate 1 editors...
    23:44:21.386 | 441 ool-1-worker-205 | DEBUG | d.t.c.a.a.c.u.util.UserUtilService   : 1 editors generated. Generate 1 instructors...
    23:44:21.388 | 441 ool-1-worker-205 | DEBUG | d.t.c.a.a.c.u.util.UserUtilService   : 1 instructors generated
    23:44:21.391 | 441 ool-1-worker-205 | DEBUG | d.t.c.a.a.c.u.util.UserUtilService   : Removing 16 users from all courses...
    23:44:21.393 | 441 ool-1-worker-205 | DEBUG | d.t.c.a.a.c.u.util.UserUtilService   : Removing 16 users from all courses. Done
    23:44:21.393 | 441 ool-1-worker-205 | DEBUG | d.t.c.a.a.c.u.util.UserUtilService   : Save 15 users to database...
    23:44:21.405 | 441 ool-1-worker-205 | DEBUG | d.t.c.a.a.c.u.util.UserUtilService   : Save 15 users to database. Done
    23:44:21.417 | 441 ool-1-worker-205 | INFO  | i.z.t.d.l.EmbeddedDatabaseReporter   : JDBC URL to connect to 'dataSource': url='jdbc:h2:tcp://localhost:41063/mem:736625c0-cf5e-400d-aeaa-8a7eabd6262b;USER=sa', scope='CourseGitlabJenkinsIntegrationTest#testGetExercisesForCourseOverview'
    23:44:21.450 | 441 ool-1-worker-205 | DEBUG | d.t.c.a.a.c.s.f.ApiVersionFilter     : Adding Version to Request GET /api/courses/exercises-for-management-overview

  Starting logs for CourseGitlabJenkinsIntegrationTest > testUpdateOnlineCourseConfiguration()
    23:44:21.478 | 441 ool-1-worker-205 | DEBUG | d.t.c.a.a.c.u.util.UserUtilService   : Generate 8 students...
    23:44:21.491 | 441 ool-1-worker-205 | DEBUG | d.t.c.a.a.c.u.util.UserUtilService   : 8 students generated. Generate 5 tutors...
    23:44:21.499 | 441 ool-1-worker-205 | DEBUG | d.t.c.a.a.c.u.util.UserUtilService   : 5 tutors generated. Generate 1 editors...
    23:44:21.502 | 441 ool-1-worker-205 | DEBUG | d.t.c.a.a.c.u.util.UserUtilService   : 1 editors generated. Generate 1 instructors...
    23:44:21.505 | 441 ool-1-worker-205 | DEBUG | d.t.c.a.a.c.u.util.UserUtilService   : 1 instructors generated
    23:44:21.507 | 441 ool-1-worker-205 | DEBUG | d.t.c.a.a.c.u.util.UserUtilService   : Removing 16 users from all courses...
    23:44:21.509 | 441 ool-1-worker-205 | DEBUG | d.t.c.a.a.c.u.util.UserUtilService   : Removing 16 users from all courses. Done
    23:44:21.509 | 441 ool-1-worker-205 | DEBUG | d.t.c.a.a.c.u.util.UserUtilService   : Save 15 users to database...
    23:44:21.521 | 441 ool-1-worker-205 | DEBUG | d.t.c.a.a.c.u.util.UserUtilService   : Save 15 users to database. Done
    23:44:21.533 | 441 ool-1-worker-205 | INFO  | i.z.t.d.l.EmbeddedDatabaseReporter   : JDBC URL to connect to 'dataSource': url='jdbc:h2:tcp://localhost:41063/mem:736625c0-cf5e-400d-aeaa-8a7eabd6262b;USER=sa', scope='CourseGitlabJenkinsIntegrationTest#testUpdateOnlineCourseConfiguration'
    23:44:21.535 | 441 ool-1-worker-205 | DEBUG | d.t.c.a.a.c.s.f.ApiVersionFilter     : Adding Version to Request POST /api/admin/courses
    23:44:21.535 | 441 ool-1-worker-205 | DEBUG | d.t.c.a.a.c.w.a.AdminCourseResource  : REST request to save Course : Course{id=null, title='Course title e703c49f-62c2-4dda-b079-87314a748274', description='null', shortName='shortedecddde0e2f304d5d0898e0f3df169b38de', studentGroupName='student', teachingAssistantGroupName='tutor', editorGroupName='editor', instructorGroupName='instructor', startDate='2025-02-13T23:44:21.533992459Z', endDate='2025-02-14T23:44:21.533994553Z', enrollmentStartDate='null', enrollmentEndDate='null', unenrollmentEndDate='null', semester='null'', onlineCourse='true', color='null', courseIcon='null', enrollmentEnabled='false', unenrollmentEnabled='false', presentationScore='2', faqEnabled='false'}
    23:44:21.542 | 441 ool-1-worker-205 | DEBUG | d.t.c.a.a.c.s.f.ApiVersionFilter     : Adding Version to Request PUT /api/courses/779
    23:44:21.543 | 441 ool-1-worker-205 | DEBUG | d.t.c.a.a.core.web.CourseResource    : REST request to update Course : Course{id=779, title='Course title e703c49f-62c2-4dda-b079-87314a748274', description='null', shortName='shortedecddde0e2f304d5d0898e0f3df169b38de', studentGroupName='student', teachingAssistantGroupName='tutor', editorGroupName='editor', instructorGroupName='instructor', startDate='2025-02-13T23:44:21.533992459Z', endDate='2025-02-14T23:44:21.533994553Z', enrollmentStartDate='null', enrollmentEndDate='null', unenrollmentEndDate='null', semester='null'', onlineCourse='true', color='null', courseIcon='null', enrollmentEnabled='false', unenrollmentEnabled='false', presentationScore='2', faqEnabled='false'}

  Starting logs for CourseGitlabJenkinsIntegrationTest > testCreateAndUpdateCourseWithSetNewImageDespiteRemoval()
    23:44:21.572 | 441 ool-1-worker-205 | DEBUG | d.t.c.a.a.c.u.util.UserUtilService   : Generate 8 students...
    23:44:21.585 | 441 ool-1-worker-205 | DEBUG | d.t.c.a.a.c.u.util.UserUtilService   : 8 students generated. Generate 5 tutors...
    23:44:21.594 | 441 ool-1-worker-205 | DEBUG | d.t.c.a.a.c.u.util.UserUtilService   : 5 tutors generated. Generate 1 editors...
    23:44:21.596 | 441 ool-1-worker-205 | DEBUG | d.t.c.a.a.c.u.util.UserUtilService   : 1 editors generated. Generate 1 instructors...
    23:44:21.599 | 441 ool-1-worker-205 | DEBUG | d.t.c.a.a.c.u.util.UserUtilService   : 1 instructors generated
    23:44:21.601 | 441 ool-1-worker-205 | DEBUG | d.t.c.a.a.c.u.util.UserUtilService   : Removing 16 users from all courses...
    23:44:21.604 | 441 ool-1-worker-205 | DEBUG | d.t.c.a.a.c.u.util.UserUtilService   : Removing 16 users from all courses. Done
    23:44:21.604 | 441 ool-1-worker-205 | DEBUG | d.t.c.a.a.c.u.util.UserUtilService   : Save 15 users to database...
    23:44:21.615 | 441 ool-1-worker-205 | DEBUG | d.t.c.a.a.c.u.util.UserUtilService   : Save 15 users to database. Done
    23:44:21.628 | 441 ool-1-worker-205 | INFO  | i.z.t.d.l.EmbeddedDatabaseReporter   : JDBC URL to connect to 'dataSource': url='jdbc:h2:tcp://localhost:41063/mem:736625c0-cf5e-400d-aeaa-8a7eabd6262b;USER=sa', scope='CourseGitlabJenkinsIntegrationTest#testCreateAndUpdateCourseWithSetNewImageDespiteRemoval'
    23:44:21.629 | 441 ool-1-worker-205 | DEBUG | d.t.c.a.a.c.s.f.ApiVersionFilter     : Adding Version to Request POST /api/admin/courses
    23:44:21.630 | 441 ool-1-worker-205 | DEBUG | d.t.c.a.a.c.w.a.AdminCourseResource  : REST request to save Course : Course{id=null, title='Course title f47fcd5b-cce4-4239-a8e5-8bcd28d9ea9c', description='null', shortName='shorte2385ff90e01e04ba6080dc01993955f113d', studentGroupName='null', teachingAssistantGroupName='null', editorGroupName='null', instructorGroupName='null', startDate='null', endDate='null', enrollmentStartDate='null', enrollmentEndDate='null', unenrollmentEndDate='null', semester='null'', onlineCourse='false', color='null', courseIcon='null', enrollmentEnabled='false', unenrollmentEnabled='false', presentationScore='2', faqEnabled='false'}
    23:44:21.643 | 441 ool-1-worker-205 | DEBUG | d.t.c.a.a.c.s.f.ApiVersionFilter     : Adding Version to Request GET /api/files/course/icons/780/CourseIcon_2025-02-14T23-44-21-631_215bb787.png
    23:44:21.644 | 441 ool-1-worker-205 | DEBUG | d.t.c.a.a.core.web.FileResource      : REST request to get icon for course : 780
    23:44:21.647 | 441 ool-1-worker-205 | DEBUG | d.t.c.a.a.c.s.f.ApiVersionFilter     : Adding Version to Request PUT /api/courses/780
    23:44:21.648 | 441 ool-1-worker-205 | DEBUG | d.t.c.a.a.core.web.CourseResource    : REST request to update Course : Course{id=780, title='Course title f47fcd5b-cce4-4239-a8e5-8bcd28d9ea9c', description='null', shortName='shorte2385ff90e01e04ba6080dc01993955f113d', studentGroupName='artemis-shorte2385ff90e01e04ba6080dc01993955f113d-students', teachingAssistantGroupName='artemis-shorte2385ff90e01e04ba6080dc01993955f113d-tutors', editorGroupName='artemis-shorte2385ff90e01e04ba6080dc01993955f113d-editors', instructorGroupName='artemis-shorte2385ff90e01e04ba6080dc01993955f113d-instructors', startDate='null', endDate='null', enrollmentStartDate='null', enrollmentEndDate='null', unenrollmentEndDate='null', semester='null'', onlineCourse='false', color='null', courseIcon='null', enrollmentEnabled='false', unenrollmentEnabled='false', presentationScore='2', faqEnabled='false'}
    23:44:21.652 | 734 pool-3-thread-4  | INFO  | d.t.c.a.a.core.service.FileService   : Delete file uploads/images/course/icons/CourseIcon_2025-02-14T23-44-21-631_215bb787.png

  Starting logs for CourseGitlabJenkinsIntegrationTest > testCreateCourseWithValidStartAndEndDate()
    23:44:21.673 | 441 ool-1-worker-205 | DEBUG | d.t.c.a.a.c.u.util.UserUtilService   : Generate 8 students...
    23:44:21.686 | 441 ool-1-worker-205 | DEBUG | d.t.c.a.a.c.u.util.UserUtilService   : 8 students generated. Generate 5 tutors...
    23:44:21.695 | 441 ool-1-worker-205 | DEBUG | d.t.c.a.a.c.u.util.UserUtilService   : 5 tutors generated. Generate 1 editors...
    23:44:21.698 | 441 ool-1-worker-205 | DEBUG | d.t.c.a.a.c.u.util.UserUtilService   : 1 editors generated. Generate 1 instructors...
    23:44:21.700 | 441 ool-1-worker-205 | DEBUG | d.t.c.a.a.c.u.util.UserUtilService   : 1 instructors generated
    23:44:21.703 | 441 ool-1-worker-205 | DEBUG | d.t.c.a.a.c.u.util.UserUtilService   : Removing 16 users from all courses...
    23:44:21.705 | 441 ool-1-worker-205 | DEBUG | d.t.c.a.a.c.u.util.UserUtilService   : Removing 16 users from all courses. Done
    23:44:21.705 | 441 ool-1-worker-205 | DEBUG | d.t.c.a.a.c.u.util.UserUtilService   : Save 15 users to database...
    23:44:21.717 | 441 ool-1-worker-205 | DEBUG | d.t.c.a.a.c.u.util.UserUtilService   : Save 15 users to database. Done
    23:44:21.730 | 441 ool-1-worker-205 | INFO  | i.z.t.d.l.EmbeddedDatabaseReporter   : JDBC URL to connect to 'dataSource': url='jdbc:h2:tcp://localhost:41063/mem:736625c0-cf5e-400d-aeaa-8a7eabd6262b;USER=sa', scope='CourseGitlabJenkinsIntegrationTest#testCreateCourseWithValidStartAndEndDate'
    23:44:21.732 | 441 ool-1-worker-205 | DEBUG | d.t.c.a.a.c.s.f.ApiVersionFilter     : Adding Version to Request POST /api/admin/courses
    23:44:21.732 | 441 ool-1-worker-205 | DEBUG | d.t.c.a.a.c.w.a.AdminCourseResource  : REST request to save Course : Course{id=null, title='Course title 07e8e50e-9e82-4670-8b2a-3d878b73c140', description='null', shortName='short3341be9607fe504c95085fe0a0b00ac2e417', studentGroupName='student', teachingAssistantGroupName='tutor', editorGroupName='editor', instructorGroupName='instructor', startDate='2025-02-13T23:44:21.731006602Z', endDate='2025-02-14T23:44:21.731008565Z', enrollmentStartDate='null', enrollmentEndDate='null', unenrollmentEndDate='null', semester='null'', onlineCourse='false', color='null', courseIcon='null', enrollmentEnabled='false', unenrollmentEnabled='false', presentationScore='2', faqEnabled='false'}

  Starting logs for CourseGitlabJenkinsIntegrationTest > testUpdateInvalidOnlineCourseConfiguration()
    23:44:21.755 | 441 ool-1-worker-205 | DEBUG | d.t.c.a.a.c.u.util.UserUtilService   : Generate 8 students...
    23:44:21.771 | 441 ool-1-worker-205 | DEBUG | d.t.c.a.a.c.u.util.UserUtilService   : 8 students generated. Generate 5 tutors...
    23:44:21.787 | 441 ool-1-worker-205 | DEBUG | d.t.c.a.a.c.u.util.UserUtilService   : 5 tutors generated. Generate 1 editors...
    23:44:21.794 | 441 ool-1-worker-205 | DEBUG | d.t.c.a.a.c.u.util.UserUtilService   : 1 editors generated. Generate 1 instructors...
    23:44:21.804 | 441 ool-1-worker-205 | DEBUG | d.t.c.a.a.c.u.util.UserUtilService   : 1 instructors generated
    23:44:21.811 | 441 ool-1-worker-205 | DEBUG | d.t.c.a.a.c.u.util.UserUtilService   : Removing 16 users from all courses...
    23:44:21.814 | 441 ool-1-worker-205 | DEBUG | d.t.c.a.a.c.u.util.UserUtilService   : Removing 16 users from all courses. Done
    23:44:21.814 | 441 ool-1-worker-205 | DEBUG | d.t.c.a.a.c.u.util.UserUtilService   : Save 15 users to database...
    23:44:21.824 | 441 ool-1-worker-205 | DEBUG | d.t.c.a.a.c.u.util.UserUtilService   : Save 15 users to database. Done
    23:44:21.837 | 441 ool-1-worker-205 | INFO  | i.z.t.d.l.EmbeddedDatabaseReporter   : JDBC URL to connect to 'dataSource': url='jdbc:h2:tcp://localhost:41063/mem:736625c0-cf5e-400d-aeaa-8a7eabd6262b;USER=sa', scope='CourseGitlabJenkinsIntegrationTest#testUpdateInvalidOnlineCourseConfiguration'
    23:44:21.838 | 441 ool-1-worker-205 | DEBUG | d.t.c.a.a.c.s.f.ApiVersionFilter     : Adding Version to Request POST /api/admin/courses
    23:44:21.838 | 441 ool-1-worker-205 | DEBUG | d.t.c.a.a.c.w.a.AdminCourseResource  : REST request to save Course : Course{id=null, title='Course title a30d2865-bc50-4c8c-803f-097d1d3e0435', description='null', shortName='shortdb09cb6a05c0f045af0b07f0d97b5d171928', studentGroupName='student', teachingAssistantGroupName='tutor', editorGroupName='editor', instructorGroupName='instructor', startDate='2025-02-13T23:44:21.837226962Z', endDate='2025-02-14T23:44:21.837228995Z', enrollmentStartDate='null', enrollmentEndDate='null', unenrollmentEndDate='null', semester='null'', onlineCourse='true', color='null', courseIcon='null', enrollmentEnabled='false', unenrollmentEnabled='false', presentationScore='2', faqEnabled='false'}
    23:44:21.851 | 441 ool-1-worker-205 | DEBUG | d.t.c.a.a.c.s.f.ApiVersionFilter     : Adding Version to Request PUT /api/courses/782/online-course-configuration
    23:44:21.852 | 441 ool-1-worker-205 | WARN  | o.z.p.spring.common.AdviceTraits     : Bad Request: Required request body is missing: public org.springframework.http.ResponseEntity<de.tum.cit.aet.artemis.lti.domain.OnlineCourseConfiguration> de.tum.cit.aet.artemis.lti.web.LtiResource.updateOnlineCourseConfiguration(java.lang.Long,de.tum.cit.aet.artemis.lti.domain.OnlineCourseConfiguration)
    23:44:21.857 | 441 ool-1-worker-205 | DEBUG | d.t.c.a.a.c.s.f.ApiVersionFilter     : Adding Version to Request PUT /api/courses/782/online-course-configuration
    23:44:21.857 | 441 ool-1-worker-205 | DEBUG | d.t.c.a.artemis.lti.web.LtiResource  : REST request to update the online course configuration for Course : 782
    23:44:21.863 | 441 ool-1-worker-205 | ERROR | tech.jhipster.web.util.HeaderUtil    : Entity processing failed, Invalid user prefix, must match login regex defined in Constants.java
    23:44:21.863 | 441 ool-1-worker-205 | WARN  | o.z.p.spring.common.AdviceTraits     : Bad Request: Invalid user prefix, must match login regex defined in Constants.java

  Starting logs for CourseGitlabJenkinsIntegrationTest > testEnrollInCourse_notMeetsDate()
    23:44:21.913 | 441 ool-1-worker-205 | DEBUG | d.t.c.a.a.c.u.util.UserUtilService   : Generate 8 students...
    23:44:21.942 | 441 ool-1-worker-205 | DEBUG | d.t.c.a.a.c.u.util.UserUtilService   : 8 students generated. Generate 5 tutors...
    23:44:21.960 | 441 ool-1-worker-205 | DEBUG | d.t.c.a.a.c.u.util.UserUtilService   : 5 tutors generated. Generate 1 editors...
    23:44:21.966 | 441 ool-1-worker-205 | DEBUG | d.t.c.a.a.c.u.util.UserUtilService   : 1 editors generated. Generate 1 instructors...
    23:44:21.972 | 441 ool-1-worker-205 | DEBUG | d.t.c.a.a.c.u.util.UserUtilService   : 1 instructors generated
    23:44:21.974 | 441 ool-1-worker-205 | DEBUG | d.t.c.a.a.c.u.util.UserUtilService   : Removing 16 users from all courses...
    23:44:21.983 | 441 ool-1-worker-205 | DEBUG | d.t.c.a.a.c.u.util.UserUtilService   : Removing 16 users from all courses. Done
    23:44:21.983 | 441 ool-1-worker-205 | DEBUG | d.t.c.a.a.c.u.util.UserUtilService   : Save 15 users to database...
    23:44:22.005 | 441 ool-1-worker-205 | DEBUG | d.t.c.a.a.c.u.util.UserUtilService   : Save 15 users to database. Done
    23:44:22.018 | 441 ool-1-worker-205 | INFO  | i.z.t.d.l.EmbeddedDatabaseReporter   : JDBC URL to connect to 'dataSource': url='jdbc:h2:tcp://localhost:41063/mem:736625c0-cf5e-400d-aeaa-8a7eabd6262b;USER=sa', scope='CourseGitlabJenkinsIntegrationTest#testEnrollInCourse_notMeetsDate'
    23:44:22.036 | 441 ool-1-worker-205 | DEBUG | d.t.c.a.a.c.s.f.ApiVersionFilter     : Adding Version to Request POST /api/courses/783/enroll
    23:44:22.039 | 441 ool-1-worker-205 | DEBUG | d.t.c.a.a.core.web.CourseResource    : REST request to enroll ab12cdeFirst ab12cdeLast in Course Course title 68020c3e-a2d3-45a7-a6e7-39155bbfd641
    23:44:22.040 | 441 ool-1-worker-205 | WARN  | o.z.p.spring.common.AdviceTraits     : Forbidden: The course does currently not allow enrollment.
    23:44:22.042 | 441 ool-1-worker-205 | DEBUG | d.t.c.a.a.c.s.f.ApiVersionFilter     : Adding Version to Request POST /api/courses/784/enroll
    23:44:22.044 | 441 ool-1-worker-205 | DEBUG | d.t.c.a.a.core.web.CourseResource    : REST request to enroll ab12cdeFirst ab12cdeLast in Course Course title ac94dda6-306c-4d62-beef-9d0f9a73aada
    23:44:22.045 | 441 ool-1-worker-205 | WARN  | o.z.p.spring.common.AdviceTraits     : Forbidden: The course does not allow enrollment.

  Starting logs for CourseGitlabJenkinsIntegrationTest > testCreateCourseWithNegativeMaxComplainNumber()
    23:44:22.061 | 441 ool-1-worker-205 | DEBUG | d.t.c.a.a.c.u.util.UserUtilService   : Generate 8 students...
    23:44:22.073 | 441 ool-1-worker-205 | DEBUG | d.t.c.a.a.c.u.util.UserUtilService   : 8 students generated. Generate 5 tutors...
    23:44:22.083 | 441 ool-1-worker-205 | DEBUG | d.t.c.a.a.c.u.util.UserUtilService   : 5 tutors generated. Generate 1 editors...
    23:44:22.086 | 441 ool-1-worker-205 | DEBUG | d.t.c.a.a.c.u.util.UserUtilService   : 1 editors generated. Generate 1 instructors...
    23:44:22.089 | 441 ool-1-worker-205 | DEBUG | d.t.c.a.a.c.u.util.UserUtilService   : 1 instructors generated
    23:44:22.091 | 441 ool-1-worker-205 | DEBUG | d.t.c.a.a.c.u.util.UserUtilService   : Removing 16 users from all courses...
    23:44:22.093 | 441 ool-1-worker-205 | DEBUG | d.t.c.a.a.c.u.util.UserUtilService   : Removing 16 users from all courses. Done
    23:44:22.093 | 441 ool-1-worker-205 | DEBUG | d.t.c.a.a.c.u.util.UserUtilService   : Save 15 users to database...
    23:44:22.107 | 441 ool-1-worker-205 | DEBUG | d.t.c.a.a.c.u.util.UserUtilService   : Save 15 users to database. Done
    23:44:22.135 | 441 ool-1-worker-205 | INFO  | i.z.t.d.l.EmbeddedDatabaseReporter   : JDBC URL to connect to 'dataSource': url='jdbc:h2:tcp://localhost:41063/mem:736625c0-cf5e-400d-aeaa-8a7eabd6262b;USER=sa', scope='CourseGitlabJenkinsIntegrationTest#testCreateCourseWithNegativeMaxComplainNumber'
    23:44:22.136 | 441 ool-1-worker-205 | DEBUG | d.t.c.a.a.c.s.f.ApiVersionFilter     : Adding Version to Request POST /api/admin/courses
    23:44:22.136 | 441 ool-1-worker-205 | DEBUG | d.t.c.a.a.c.w.a.AdminCourseResource  : REST request to save Course : Course{id=null, title='Course title 06bdad12-ee8c-481d-b437-cd50309ec372', description='null', shortName='short364173e5032100450a0890a018425f17b003', studentGroupName='null', teachingAssistantGroupName='null', editorGroupName='null', instructorGroupName='null', startDate='null', endDate='null', enrollmentStartDate='null', enrollmentEndDate='null', unenrollmentEndDate='null', semester='null'', onlineCourse='false', color='null', courseIcon='null', enrollmentEnabled='false', unenrollmentEnabled='false', presentationScore='2', faqEnabled='false'}
    23:44:22.138 | 441 ool-1-worker-205 | ERROR | tech.jhipster.web.util.HeaderUtil    : Entity processing failed, Max Complaints cannot be negative
    23:44:22.138 | 441 ool-1-worker-205 | WARN  | o.z.p.spring.common.AdviceTraits     : Bad Request: Max Complaints cannot be negative

  Starting logs for CourseGitlabJenkinsIntegrationTest > testUpdateCourse_instructorNotInCourse()
    23:44:22.155 | 441 ool-1-worker-205 | DEBUG | d.t.c.a.a.c.u.util.UserUtilService   : Generate 8 students...
    23:44:22.168 | 441 ool-1-worker-205 | DEBUG | d.t.c.a.a.c.u.util.UserUtilService   : 8 students generated. Generate 5 tutors...
    23:44:22.178 | 441 ool-1-worker-205 | DEBUG | d.t.c.a.a.c.u.util.UserUtilService   : 5 tutors generated. Generate 1 editors...
    23:44:22.181 | 441 ool-1-worker-205 | DEBUG | d.t.c.a.a.c.u.util.UserUtilService   : 1 editors generated. Generate 1 instructors...
    23:44:22.184 | 441 ool-1-worker-205 | DEBUG | d.t.c.a.a.c.u.util.UserUtilService   : 1 instructors generated
    23:44:22.186 | 441 ool-1-worker-205 | DEBUG | d.t.c.a.a.c.u.util.UserUtilService   : Removing 16 users from all courses...
    23:44:22.189 | 441 ool-1-worker-205 | DEBUG | d.t.c.a.a.c.u.util.UserUtilService   : Removing 16 users from all courses. Done
    23:44:22.189 | 441 ool-1-worker-205 | DEBUG | d.t.c.a.a.c.u.util.UserUtilService   : Save 15 users to database...
    23:44:22.199 | 441 ool-1-worker-205 | DEBUG | d.t.c.a.a.c.u.util.UserUtilService   : Save 15 users to database. Done
    23:44:22.214 | 441 ool-1-worker-205 | INFO  | i.z.t.d.l.EmbeddedDatabaseReporter   : JDBC URL to connect to 'dataSource': url='jdbc:h2:tcp://localhost:41063/mem:736625c0-cf5e-400d-aeaa-8a7eabd6262b;USER=sa', scope='CourseGitlabJenkinsIntegrationTest#testUpdateCourse_instructorNotInCourse'
    23:44:22.222 | 441 ool-1-worker-205 | INFO  | .c.a.a.c.s.TitleCacheEvictionService : Evicted entry '1' from title cache 'courseTitle'
    23:44:22.224 | 441 ool-1-worker-205 | DEBUG | d.t.c.a.a.c.s.f.ApiVersionFilter     : Adding Version to Request PUT /api/courses/1
    23:44:22.224 | 441 ool-1-worker-205 | DEBUG | d.t.c.a.a.core.web.CourseResource    : REST request to update Course : Course{id=1, title='Course title 0097865e-7ea5-4896-8cbf-e56c8147cc7f', description='null', shortName='shortcb8e0b230b1d2049c10bb11027d6ad6e788e', studentGroupName='tumuser', teachingAssistantGroupName='tutor', editorGroupName='editor', instructorGroupName='instructor', startDate='null', endDate='null', enrollmentStartDate='null', enrollmentEndDate='null', unenrollmentEndDate='null', semester='null'', onlineCourse='false', color='null', courseIcon='null', enrollmentEnabled='false', unenrollmentEnabled='false', presentationScore='2', faqEnabled='false'}
    23:44:22.228 | 441 ool-1-worker-205 | WARN  | o.z.p.spring.common.AdviceTraits     : Forbidden: You are not allowed to access the Course with id 1

  Starting logs for CourseGitlabJenkinsIntegrationTest > testCreateInvalidOnlineCourse()
    23:44:22.254 | 441 ool-1-worker-205 | DEBUG | d.t.c.a.a.c.u.util.UserUtilService   : Generate 8 students...
    23:44:22.267 | 441 ool-1-worker-205 | DEBUG | d.t.c.a.a.c.u.util.UserUtilService   : 8 students generated. Generate 5 tutors...
    23:44:22.277 | 441 ool-1-worker-205 | DEBUG | d.t.c.a.a.c.u.util.UserUtilService   : 5 tutors generated. Generate 1 editors...
    23:44:22.280 | 441 ool-1-worker-205 | DEBUG | d.t.c.a.a.c.u.util.UserUtilService   : 1 editors generated. Generate 1 instructors...
    23:44:22.283 | 441 ool-1-worker-205 | DEBUG | d.t.c.a.a.c.u.util.UserUtilService   : 1 instructors generated
    23:44:22.285 | 441 ool-1-worker-205 | DEBUG | d.t.c.a.a.c.u.util.UserUtilService   : Removing 16 users from all courses...
    23:44:22.287 | 441 ool-1-worker-205 | DEBUG | d.t.c.a.a.c.u.util.UserUtilService   : Removing 16 users from all courses. Done
    23:44:22.287 | 441 ool-1-worker-205 | DEBUG | d.t.c.a.a.c.u.util.UserUtilService   : Save 15 users to database...
    23:44:22.299 | 441 ool-1-worker-205 | DEBUG | d.t.c.a.a.c.u.util.UserUtilService   : Save 15 users to database. Done
    23:44:22.311 | 441 ool-1-worker-205 | INFO  | i.z.t.d.l.EmbeddedDatabaseReporter   : JDBC URL to connect to 'dataSource': url='jdbc:h2:tcp://localhost:41063/mem:736625c0-cf5e-400d-aeaa-8a7eabd6262b;USER=sa', scope='CourseGitlabJenkinsIntegrationTest#testCreateInvalidOnlineCourse'
    23:44:22.313 | 441 ool-1-worker-205 | DEBUG | d.t.c.a.a.c.s.f.ApiVersionFilter     : Adding Version to Request POST /api/admin/courses
    23:44:22.313 | 441 ool-1-worker-205 | DEBUG | d.t.c.a.a.c.w.a.AdminCourseResource  : REST request to save Course : Course{id=null, title='Course title 432406e7-805f-4566-bbde-60f6877073d8', description='null', shortName='shortefafbca20ee5c04db30ab670358e540b017e', studentGroupName='student', teachingAssistantGroupName='tutor', editorGroupName='editor', instructorGroupName='instructor', startDate='2025-02-13T23:44:22.311884713Z', endDate='2025-02-14T23:44:22.311887578Z', enrollmentStartDate='null', enrollmentEndDate='null', unenrollmentEndDate='null', semester='null'', onlineCourse='true', color='null', courseIcon='null', enrollmentEnabled='true', unenrollmentEnabled='false', presentationScore='2', faqEnabled='false'}
    23:44:22.315 | 441 ool-1-worker-205 | ERROR | tech.jhipster.web.util.HeaderUtil    : Entity processing failed, Online course and enrollment enabled cannot be active at the same time
    23:44:22.315 | 441 ool-1-worker-205 | WARN  | o.z.p.spring.common.AdviceTraits     : Bad Request: Online course and enrollment enabled cannot be active at the same time

  Starting logs for CourseGitlabJenkinsIntegrationTest > testCreateCourseWithSameShortName()
    23:44:22.331 | 441 ool-1-worker-205 | DEBUG | d.t.c.a.a.c.u.util.UserUtilService   : Generate 8 students...
    23:44:22.344 | 441 ool-1-worker-205 | DEBUG | d.t.c.a.a.c.u.util.UserUtilService   : 8 students generated. Generate 5 tutors...
    23:44:22.358 | 441 ool-1-worker-205 | DEBUG | d.t.c.a.a.c.u.util.UserUtilService   : 5 tutors generated. Generate 1 editors...
    23:44:22.364 | 441 ool-1-worker-205 | DEBUG | d.t.c.a.a.c.u.util.UserUtilService   : 1 editors generated. Generate 1 instructors...
    23:44:22.367 | 441 ool-1-worker-205 | DEBUG | d.t.c.a.a.c.u.util.UserUtilService   : 1 instructors generated
    23:44:22.372 | 441 ool-1-worker-205 | DEBUG | d.t.c.a.a.c.u.util.UserUtilService   : Removing 16 users from all courses...
    23:44:22.379 | 441 ool-1-worker-205 | DEBUG | d.t.c.a.a.c.u.util.UserUtilService   : Removing 16 users from all courses. Done
    23:44:22.379 | 441 ool-1-worker-205 | DEBUG | d.t.c.a.a.c.u.util.UserUtilService   : Save 15 users to database...
    23:44:22.402 | 441 ool-1-worker-205 | DEBUG | d.t.c.a.a.c.u.util.UserUtilService   : Save 15 users to database. Done
    23:44:22.426 | 441 ool-1-worker-205 | INFO  | i.z.t.d.l.EmbeddedDatabaseReporter   : JDBC URL to connect to 'dataSource': url='jdbc:h2:tcp://localhost:41063/mem:736625c0-cf5e-400d-aeaa-8a7eabd6262b;USER=sa', scope='CourseGitlabJenkinsIntegrationTest#testCreateCourseWithSameShortName'
    23:44:22.429 | 441 ool-1-worker-205 | DEBUG | d.t.c.a.a.c.s.f.ApiVersionFilter     : Adding Version to Request POST /api/admin/courses
    23:44:22.430 | 441 ool-1-worker-205 | DEBUG | d.t.c.a.a.c.w.a.AdminCourseResource  : REST request to save Course : Course{id=null, title='Course title 647a9af5-2ffa-4ce8-aecb-eee427188ce3', description='null', shortName='shortName', studentGroupName='null', teachingAssistantGroupName='null', editorGroupName='null', instructorGroupName='null', startDate='null', endDate='null', enrollmentStartDate='null', enrollmentEndDate='null', unenrollmentEndDate='null', semester='null'', onlineCourse='false', color='null', courseIcon='null', enrollmentEnabled='false', unenrollmentEnabled='false', presentationScore='2', faqEnabled='false'}
    23:44:22.444 | 441 ool-1-worker-205 | DEBUG | d.t.c.a.a.c.s.f.ApiVersionFilter     : Adding Version to Request POST /api/admin/courses
    23:44:22.445 | 441 ool-1-worker-205 | DEBUG | d.t.c.a.a.c.w.a.AdminCourseResource  : REST request to save Course : Course{id=null, title='Course title fc9dddf0-6330-4078-9958-6215101c48f0', description='null', shortName='shortName', studentGroupName='tumuser', teachingAssistantGroupName='tutor', editorGroupName='editor', instructorGroupName='instructor', startDate='null', endDate='null', enrollmentStartDate='null', enrollmentEndDate='null', unenrollmentEndDate='null', semester='null'', onlineCourse='false', color='null', courseIcon='null', enrollmentEnabled='false', unenrollmentEnabled='false', presentationScore='2', faqEnabled='false'}

  Starting logs for CourseGitlabJenkinsIntegrationTest > testDeleteCourseWithPermission()
    23:44:22.491 | 441 ool-1-worker-205 | DEBUG | d.t.c.a.a.c.u.util.UserUtilService   : Generate 8 students...
    23:44:22.518 | 441 ool-1-worker-205 | DEBUG | d.t.c.a.a.c.u.util.UserUtilService   : 8 students generated. Generate 5 tutors...
    23:44:22.532 | 441 ool-1-worker-205 | DEBUG | d.t.c.a.a.c.u.util.UserUtilService   : 5 tutors generated. Generate 1 editors...
    23:44:22.535 | 441 ool-1-worker-205 | DEBUG | d.t.c.a.a.c.u.util.UserUtilService   : 1 editors generated. Generate 1 instructors...
    23:44:22.539 | 441 ool-1-worker-205 | DEBUG | d.t.c.a.a.c.u.util.UserUtilService   : 1 instructors generated
    23:44:22.542 | 441 ool-1-worker-205 | DEBUG | d.t.c.a.a.c.u.util.UserUtilService   : Removing 16 users from all courses...
    23:44:22.544 | 441 ool-1-worker-205 | DEBUG | d.t.c.a.a.c.u.util.UserUtilService   : Removing 16 users from all courses. Done
    23:44:22.544 | 441 ool-1-worker-205 | DEBUG | d.t.c.a.a.c.u.util.UserUtilService   : Save 15 users to database...
    23:44:22.554 | 441 ool-1-worker-205 | DEBUG | d.t.c.a.a.c.u.util.UserUtilService   : Save 15 users to database. Done
    23:44:22.570 | 441 ool-1-worker-205 | INFO  | i.z.t.d.l.EmbeddedDatabaseReporter   : JDBC URL to connect to 'dataSource': url='jdbc:h2:tcp://localhost:41063/mem:736625c0-cf5e-400d-aeaa-8a7eabd6262b;USER=sa', scope='CourseGitlabJenkinsIntegrationTest#testDeleteCourseWithPermission'
    23:44:22.633 | 441 ool-1-worker-205 | DEBUG | .c.s.m.InstanceMessageReceiveService : Received schedule participant score for exercise 2477 and participant 689 (result to be deleted: null)
    23:44:22.634 | 441 ool-1-worker-205 | DEBUG | .a.s.ParticipantScoreScheduleService : Scheduled task for exercise 2477 and participant 689 at 2025-02-14T23:44:22.734020413Z[Etc/UTC].
    23:44:22.634 | 441 ool-1-worker-205 | DEBUG | .c.s.m.InstanceMessageReceiveService : Received schedule participant score for exercise 2477 and participant 689 (result to be deleted: null)
    23:44:22.634 | 441 ool-1-worker-205 | DEBUG | .a.s.ParticipantScoreScheduleService : Scheduled task for exercise 2477 and participant 689 at 2025-02-14T23:44:22.734628757Z[Etc/UTC].
    23:44:22.635 | 441 ool-1-worker-205 | DEBUG | .c.s.m.InstanceMessageReceiveService : Received schedule participant score for exercise 2478 and participant 689 (result to be deleted: null)
    23:44:22.635 | 441 ool-1-worker-205 | DEBUG | .a.s.ParticipantScoreScheduleService : Scheduled task for exercise 2478 and participant 689 at 2025-02-14T23:44:22.735197207Z[Etc/UTC].
    23:44:22.635 | 441 ool-1-worker-205 | DEBUG | .c.s.m.InstanceMessageReceiveService : Received schedule participant score for exercise 2480 and participant 689 (result to be deleted: null)
    23:44:22.635 | 441 ool-1-worker-205 | DEBUG | .a.s.ParticipantScoreScheduleService : Scheduled task for exercise 2480 and participant 689 at 2025-02-14T23:44:22.735738657Z[Etc/UTC].
    23:44:22.636 | 441 ool-1-worker-205 | DEBUG | .c.s.m.InstanceMessageReceiveService : Received schedule participant score for exercise 2480 and participant 689 (result to be deleted: null)
    23:44:22.636 | 441 ool-1-worker-205 | DEBUG | .a.s.ParticipantScoreScheduleService : Scheduled task for exercise 2480 and participant 689 at 2025-02-14T23:44:22.736299042Z[Etc/UTC].
    23:44:22.648 | 441 ool-1-worker-205 | DEBUG | .c.s.m.InstanceMessageReceiveService : Received schedule participant score for exercise 2477 and participant 689 (result to be deleted: null)
    23:44:22.648 | 441 ool-1-worker-205 | DEBUG | .a.s.ParticipantScoreScheduleService : Scheduled task for exercise 2477 and participant 689 at 2025-02-14T23:44:22.748754719Z[Etc/UTC].
    23:44:22.661 | 441 ool-1-worker-205 | DEBUG | .c.s.m.InstanceMessageReceiveService : Received schedule participant score for exercise 2477 and participant 689 (result to be deleted: null)
    23:44:22.662 | 441 ool-1-worker-205 | DEBUG | .a.s.ParticipantScoreScheduleService : Scheduled task for exercise 2477 and participant 689 at 2025-02-14T23:44:22.762003546Z[Etc/UTC].
    23:44:22.700 | 441 ool-1-worker-205 | DEBUG | .c.s.m.InstanceMessageReceiveService : Received schedule participant score for exercise 2478 and participant 689 (result to be deleted: null)
    23:44:22.700 | 441 ool-1-worker-205 | DEBUG | .a.s.ParticipantScoreScheduleService : Scheduled task for exercise 2478 and participant 689 at 2025-02-14T23:44:22.800502929Z[Etc/UTC].
    23:44:22.713 | 441 ool-1-worker-205 | DEBUG | .c.s.m.InstanceMessageReceiveService : Received schedule participant score for exercise 2480 and participant 689 (result to be deleted: null)
    23:44:22.713 | 441 ool-1-worker-205 | DEBUG | .a.s.ParticipantScoreScheduleService : Scheduled task for exercise 2480 and participant 689 at 2025-02-14T23:44:22.813441257Z[Etc/UTC].
    23:44:22.726 | 441 ool-1-worker-205 | DEBUG | .c.s.m.InstanceMessageReceiveService : Received schedule participant score for exercise 2480 and participant 689 (result to be deleted: null)
    23:44:22.726 | 441 ool-1-worker-205 | DEBUG | .a.s.ParticipantScoreScheduleService : Scheduled task for exercise 2480 and participant 689 at 2025-02-14T23:44:22.826637906Z[Etc/UTC].
    23:44:22.729 | 441 ool-1-worker-205 | DEBUG | d.t.c.a.a.c.s.f.ApiVersionFilter     : Adding Version to Request POST /api/courses/788/channels
    23:44:22.734 | 441 ool-1-worker-205 | DEBUG | d.t.c.a.a.c.w.c.ChannelResource      : REST request to create channel in course 788 with properties : ChannelDTO{subType='null', name='name test', description='general channel', topic='null', isPublic=true, isAnnouncementChannel=false, isArchived=false, isCourseWide=false, isChannelModerator=false, hasChannelModerationRights=false, tutorialGroupId=null, tutorialGroupTitle=null}ConversationDTO{type='channel', id=null, creationDate=null, lastMessageDate=null, unreadMessageCount=null, lastReadDate=null, isMember=null, isFavorite=null, isHidden=null, isCreator=null, numberOfMembers=null, creator=}
    23:44:22.762 | 328 taskScheduler-3  | DEBUG | .a.s.ParticipantScoreScheduleService : Processing exercise 2477 and participant 689 to update participant scores.
    23:44:22.768 | 328 taskScheduler-3  | DEBUG | .a.s.ParticipantScoreScheduleService : Updating the participant score for exercise 2477 and participant 689 took 6 ms.
    23:44:22.788 | 441 ool-1-worker-205 | DEBUG | d.t.c.a.a.c.s.f.ApiVersionFilter     : Adding Version to Request DELETE /api/admin/courses/786
    23:44:22.788 | 441 ool-1-worker-205 | INFO  | d.t.c.a.a.c.w.a.AdminCourseResource  : REST request to delete Course : 786
    23:44:22.797 | 441 ool-1-worker-205 | INFO  | d.t.c.a.a.c.w.a.AdminCourseResource  : User admin has requested to delete the course Course title 233b968a-3d18-4325-b1ce-a67203f94eec
    23:44:22.797 | 441 ool-1-worker-205 | DEBUG | d.t.c.a.a.core.service.CourseService : Request to delete Course : Course title 233b968a-3d18-4325-b1ce-a67203f94eec
    23:44:22.798 | 441 ool-1-worker-205 | INFO  | .t.c.a.a.e.s.ExerciseDeletionService : Request to delete ProgrammingExercise with id 2480
    23:44:22.798 | 441 ool-1-worker-205 | INFO  | .t.c.a.a.e.s.ExerciseDeletionService : Deleting the channel took 396µs
    23:44:22.800 | 327 taskScheduler-2  | DEBUG | .a.s.ParticipantScoreScheduleService : Processing exercise 2478 and participant 689 to update participant scores.
    23:44:22.806 | 327 taskScheduler-2  | DEBUG | .a.s.ParticipantScoreScheduleService : Updating the participant score for exercise 2478 and participant 689 took 6 ms.
    23:44:22.806 | 441 ool-1-worker-205 | INFO  | d.t.c.a.a.e.s.ParticipationService   : Request to delete all 2 participations of exercise with id : 2480
    23:44:22.807 | 441 ool-1-worker-205 | INFO  | d.t.c.a.a.e.s.ParticipationService   : Request to delete Participation : ProgrammingExerciseStudentParticipation{id=1684, repositoryUri='null', buildPlanId='null', initializationState='FINISHED', initializationDate='2025-02-09T23:44:22.628927Z', individualDueDate=null', presentationScore=null}
    23:44:22.807 | 441 ool-1-worker-205 | DEBUG | d.t.c.a.a.e.s.ParticipationService   : Request to delete all results and submissions of participation with id : 1684
    23:44:22.809 | 441 ool-1-worker-205 | DEBUG | d.t.c.a.a.a.service.ResultService    : Delete result 577
    23:44:22.809 | 441 ool-1-worker-205 | DEBUG | d.t.c.a.a.a.service.ResultService    : Delete result references 577
    23:44:22.817 | 441 ool-1-worker-205 | INFO  | d.t.c.a.a.e.s.ParticipationService   : Request to delete Participation : ProgrammingExerciseStudentParticipation{id=1685, repositoryUri='null', buildPlanId='null', initializationState='INITIALIZED', initializationDate='2025-02-09T23:44:22.628930Z', individualDueDate=null', presentationScore=null}
    23:44:22.818 | 441 ool-1-worker-205 | DEBUG | d.t.c.a.a.e.s.ParticipationService   : Request to delete all results and submissions of participation with id : 1685
    23:44:22.819 | 441 ool-1-worker-205 | DEBUG | d.t.c.a.a.a.service.ResultService    : Delete result 578
    23:44:22.819 | 441 ool-1-worker-205 | DEBUG | d.t.c.a.a.a.service.ResultService    : Delete result references 578
    23:44:22.826 | 329 taskScheduler-4  | DEBUG | .a.s.ParticipantScoreScheduleService : Processing exercise 2480 and participant 689 to update participant scores.
    23:44:22.833 | 329 taskScheduler-4  | DEBUG | .a.s.ParticipantScoreScheduleService : Updating the participant score for exercise 2480 and participant 689 took 7 ms.
    23:44:22.838 | 441 ool-1-worker-205 | INFO  | .c.s.m.InstanceMessageReceiveService : Received schedule cancel for programming exercise 2480
    23:44:22.839 | 441 ool-1-worker-205 | INFO  | .c.s.m.InstanceMessageReceiveService : Received schedule cancel for potential Athena exercise 2480
    23:44:22.841 | 441 ool-1-worker-205 | DEBUG | d.t.c.a.a.e.s.ParticipationService   : Request to delete all results and submissions of participation with id : 1686
    23:44:22.846 | 441 ool-1-worker-205 | DEBUG | d.t.c.a.a.e.s.ParticipationService   : Request to delete all results and submissions of participation with id : 1687
    23:44:22.852 | 441 ool-1-worker-205 | DEBUG | c.a.a.p.s.ProgrammingExerciseService : Delete programming exercises with student participations: []
    23:44:22.862 | 441 ool-1-worker-205 | INFO  | .c.a.a.c.s.TitleCacheEvictionService : Evicted entry '2480' from title cache 'exerciseTitle'
    23:44:22.865 | 441 ool-1-worker-205 | INFO  | .t.c.a.a.e.s.ExerciseDeletionService : Request to delete QuizExercise with id 2481
    23:44:22.865 | 441 ool-1-worker-205 | INFO  | .t.c.a.a.e.s.ExerciseDeletionService : Deleting the channel took 372µs
    23:44:22.866 | 441 ool-1-worker-205 | INFO  | d.t.c.a.a.e.s.ParticipationService   : Request to delete all 0 participations of exercise with id : 2481
    23:44:22.882 | 441 ool-1-worker-205 | INFO  | .c.a.a.c.s.TitleCacheEvictionService : Evicted entry '2481' from title cache 'exerciseTitle'
    23:44:22.884 | 441 ool-1-worker-205 | INFO  | .t.c.a.a.e.s.ExerciseDeletionService : Request to delete ModelingExercise with id 2477
    23:44:22.884 | 441 ool-1-worker-205 | INFO  | .t.c.a.a.e.s.ExerciseDeletionService : Deleting the channel took 431µs
    23:44:22.884 | 441 ool-1-worker-205 | INFO  | .t.c.a.a.e.s.ExerciseDeletionService : Deleting clusters, elements and cancel scheduled operations of exercise 2477
    23:44:22.885 | 441 ool-1-worker-205 | INFO  | .c.s.m.InstanceMessageReceiveService : Received schedule cancel for modeling exercise 2477
    23:44:22.890 | 441 ool-1-worker-205 | INFO  | d.t.c.a.a.e.s.ParticipationService   : Request to delete all 2 participations of exercise with id : 2477
    23:44:22.890 | 441 ool-1-worker-205 | INFO  | d.t.c.a.a.e.s.ParticipationService   : Request to delete Participation : StudentParticipation{id=1681, presentationScore=null, student=User{login='courseegitlabjenkinsstudent1', firstName='courseegitlabjenkinsstudent1First', lastName='courseegitlabjenkinsstudent1Last', email='courseegitlabjenkinsstudent1@test.de', imageUrl='null', activated='true', langKey='en', activationKey='null'}}
    23:44:22.890 | 441 ool-1-worker-205 | DEBUG | d.t.c.a.a.e.s.ParticipationService   : Request to delete all results and submissions of participation with id : 1681
    23:44:22.892 | 441 ool-1-worker-205 | DEBUG | d.t.c.a.a.a.service.ResultService    : Delete result 574
    23:44:22.892 | 441 ool-1-worker-205 | DEBUG | d.t.c.a.a.a.service.ResultService    : Delete result references 574
    23:44:22.898 | 441 ool-1-worker-205 | INFO  | d.t.c.a.a.e.s.ParticipationService   : Request to delete Participation : StudentParticipation{id=1683, presentationScore=null, student=User{login='courseegitlabjenkinsstudent1', firstName='courseegitlabjenkinsstudent1First', lastName='courseegitlabjenkinsstudent1Last', email='courseegitlabjenkinsstudent1@test.de', imageUrl='null', activated='true', langKey='en', activationKey='null'}}
    23:44:22.898 | 441 ool-1-worker-205 | DEBUG | d.t.c.a.a.e.s.ParticipationService   : Request to delete all results and submissions of participation with id : 1683
    23:44:22.899 | 441 ool-1-worker-205 | DEBUG | d.t.c.a.a.a.service.ResultService    : Delete result 575
    23:44:22.899 | 441 ool-1-worker-205 | DEBUG | d.t.c.a.a.a.service.ResultService    : Delete result references 575
    23:44:22.967 | 441 ool-1-worker-205 | INFO  | .c.a.a.c.s.TitleCacheEvictionService : Evicted entry '2477' from title cache 'exerciseTitle'
    23:44:22.969 | 441 ool-1-worker-205 | INFO  | .t.c.a.a.e.s.ExerciseDeletionService : Request to delete TextExercise with id 2478
    23:44:22.969 | 441 ool-1-worker-205 | INFO  | .t.c.a.a.e.s.ExerciseDeletionService : Deleting the channel took 371µs
    23:44:22.969 | 441 ool-1-worker-205 | INFO  | .t.c.a.a.e.s.ExerciseDeletionService : Cancel scheduled operations of exercise 2478
    23:44:22.970 | 441 ool-1-worker-205 | INFO  | .c.s.m.InstanceMessageReceiveService : Received schedule cancel for potential Athena exercise 2478
    23:44:22.971 | 441 ool-1-worker-205 | INFO  | d.t.c.a.a.e.s.ParticipationService   : Request to delete all 1 participations of exercise with id : 2478
    23:44:22.972 | 441 ool-1-worker-205 | INFO  | d.t.c.a.a.e.s.ParticipationService   : Request to delete Participation : StudentParticipation{id=1682, presentationScore=null, student=User{login='courseegitlabjenkinsstudent1', firstName='courseegitlabjenkinsstudent1First', lastName='courseegitlabjenkinsstudent1Last', email='courseegitlabjenkinsstudent1@test.de', imageUrl='null', activated='true', langKey='en', activationKey='null'}}
    23:44:22.972 | 441 ool-1-worker-205 | DEBUG | d.t.c.a.a.e.s.ParticipationService   : Request to delete all results and submissions of participation with id : 1682
    23:44:22.973 | 441 ool-1-worker-205 | DEBUG | d.t.c.a.a.a.service.ResultService    : Delete result 576
    23:44:22.973 | 441 ool-1-worker-205 | DEBUG | d.t.c.a.a.a.service.ResultService    : Delete result references 576
    23:44:22.988 | 441 ool-1-worker-205 | INFO  | .c.a.a.c.s.TitleCacheEvictionService : Evicted entry '2478' from title cache 'exerciseTitle'
    23:44:22.990 | 441 ool-1-worker-205 | INFO  | .t.c.a.a.e.s.ExerciseDeletionService : Request to delete FileUploadExercise with id 2479
    23:44:22.990 | 441 ool-1-worker-205 | INFO  | .t.c.a.a.e.s.ExerciseDeletionService : Deleting the channel took 365µs
    23:44:22.995 | 441 ool-1-worker-205 | INFO  | d.t.c.a.a.e.s.ParticipationService   : Request to delete all 0 participations of exercise with id : 2479
    23:44:23.007 | 441 ool-1-worker-205 | INFO  | .c.a.a.c.s.TitleCacheEvictionService : Evicted entry '2479' from title cache 'exerciseTitle'
    23:44:23.018 | 441 ool-1-worker-205 | INFO  | .c.a.a.c.s.TitleCacheEvictionService : Evicted entry '25' from title cache 'lectureTitle'
    23:44:23.021 | 441 ool-1-worker-205 | INFO  | .c.a.a.c.s.TitleCacheEvictionService : Evicted entry '26' from title cache 'lectureTitle'
    23:44:23.033 | 441 ool-1-worker-205 | INFO  | d.t.c.a.a.e.s.ExamDeletionService    : User admin has requested to delete the exam Real exam 1
    23:44:23.044 | 441 ool-1-worker-205 | WARN  | .c.a.a.c.s.TitleCacheEvictionService : Unable to clear title of exercises from exercise group 1546: Exercises not initialized
    23:44:23.044 | 441 ool-1-worker-205 | INFO  | .c.a.a.c.s.TitleCacheEvictionService : Evicted entry '1199' from title cache 'examTitle'
    23:44:23.057 | 441 ool-1-worker-205 | INFO  | .c.a.a.c.s.TitleCacheEvictionService : Evicted entry '786' from title cache 'courseTitle'
    23:44:23.058 | 441 ool-1-worker-205 | DEBUG | d.t.c.a.a.core.service.CourseService : Successfully deleted course Course title 233b968a-3d18-4325-b1ce-a67203f94eec.
    23:44:23.059 | 441 ool-1-worker-205 | DEBUG | d.t.c.a.a.c.s.f.ApiVersionFilter     : Adding Version to Request DELETE /api/admin/courses/787
    23:44:23.060 | 441 ool-1-worker-205 | INFO  | d.t.c.a.a.c.w.a.AdminCourseResource  : REST request to delete Course : 787
    23:44:23.069 | 441 ool-1-worker-205 | INFO  | d.t.c.a.a.c.w.a.AdminCourseResource  : User admin has requested to delete the course Course title 569aaf04-65aa-437a-be96-328cb7402bda
    23:44:23.069 | 441 ool-1-worker-205 | DEBUG | d.t.c.a.a.core.service.CourseService : Request to delete Course : Course title 569aaf04-65aa-437a-be96-328cb7402bda
    23:44:23.080 | 441 ool-1-worker-205 | INFO  | .c.a.a.c.s.TitleCacheEvictionService : Evicted entry '787' from title cache 'courseTitle'
    23:44:23.080 | 441 ool-1-worker-205 | DEBUG | d.t.c.a.a.core.service.CourseService : Successfully deleted course Course title 569aaf04-65aa-437a-be96-328cb7402bda.
    23:44:23.082 | 441 ool-1-worker-205 | DEBUG | d.t.c.a.a.c.s.f.ApiVersionFilter     : Adding Version to Request DELETE /api/admin/courses/788
    23:44:23.082 | 441 ool-1-worker-205 | INFO  | d.t.c.a.a.c.w.a.AdminCourseResource  : REST request to delete Course : 788
    23:44:23.093 | 441 ool-1-worker-205 | INFO  | d.t.c.a.a.c.w.a.AdminCourseResource  : User admin has requested to delete the course Course title 44aaf573-76fd-435b-b2fb-b4b7f33be504
    23:44:23.093 | 441 ool-1-worker-205 | DEBUG | d.t.c.a.a.core.service.CourseService : Request to delete Course : Course title 44aaf573-76fd-435b-b2fb-b4b7f33be504
    23:44:23.109 | 441 ool-1-worker-205 | INFO  | d.t.c.a.a.c.service.user.UserService : Remove group artemis-shorte82449730d72004bc90a21805e36443e125f-students from users
    23:44:23.111 | 441 ool-1-worker-205 | INFO  | d.t.c.a.a.c.service.user.UserService : Found 0 users with group artemis-shorte82449730d72004bc90a21805e36443e125f-students
    23:44:23.111 | 441 ool-1-worker-205 | INFO  | d.t.c.a.a.c.service.user.UserService : Remove group artemis-shorte82449730d72004bc90a21805e36443e125f-tutors from users
    23:44:23.116 | 441 ool-1-worker-205 | INFO  | d.t.c.a.a.c.service.user.UserService : Found 0 users with group artemis-shorte82449730d72004bc90a21805e36443e125f-tutors
    23:44:23.116 | 441 ool-1-worker-205 | INFO  | d.t.c.a.a.c.service.user.UserService : Remove group artemis-shorte82449730d72004bc90a21805e36443e125f-editors from users
    23:44:23.118 | 441 ool-1-worker-205 | INFO  | d.t.c.a.a.c.service.user.UserService : Found 0 users with group artemis-shorte82449730d72004bc90a21805e36443e125f-editors
    23:44:23.118 | 441 ool-1-worker-205 | INFO  | d.t.c.a.a.c.service.user.UserService : Remove group artemis-shorte82449730d72004bc90a21805e36443e125f-instructors from users
    23:44:23.122 | 441 ool-1-worker-205 | INFO  | d.t.c.a.a.c.service.user.UserService : Found 0 users with group artemis-shorte82449730d72004bc90a21805e36443e125f-instructors
    23:44:23.136 | 441 ool-1-worker-205 | INFO  | .c.a.a.c.s.TitleCacheEvictionService : Evicted entry '788' from title cache 'courseTitle'
    23:44:23.136 | 441 ool-1-worker-205 | DEBUG | d.t.c.a.a.core.service.CourseService : Successfully deleted course Course title 44aaf573-76fd-435b-b2fb-b4b7f33be504.

  Starting logs for CourseGitlabJenkinsIntegrationTest > testGetCourseForAssessmentDashboardWithStats_tutorNotInCourse()
    23:44:23.169 | 441 ool-1-worker-205 | DEBUG | d.t.c.a.a.c.u.util.UserUtilService   : Generate 8 students...
    23:44:23.184 | 441 ool-1-worker-205 | DEBUG | d.t.c.a.a.c.u.util.UserUtilService   : 8 students generated. Generate 5 tutors...
    23:44:23.193 | 441 ool-1-worker-205 | DEBUG | d.t.c.a.a.c.u.util.UserUtilService   : 5 tutors generated. Generate 1 editors...
    23:44:23.196 | 441 ool-1-worker-205 | DEBUG | d.t.c.a.a.c.u.util.UserUtilService   : 1 editors generated. Generate 1 instructors...
    23:44:23.199 | 441 ool-1-worker-205 | DEBUG | d.t.c.a.a.c.u.util.UserUtilService   : 1 instructors generated
    23:44:23.201 | 441 ool-1-worker-205 | DEBUG | d.t.c.a.a.c.u.util.UserUtilService   : Removing 16 users from all courses...
    23:44:23.203 | 441 ool-1-worker-205 | DEBUG | d.t.c.a.a.c.u.util.UserUtilService   : Removing 16 users from all courses. Done
    23:44:23.203 | 441 ool-1-worker-205 | DEBUG | d.t.c.a.a.c.u.util.UserUtilService   : Save 15 users to database...
    23:44:23.225 | 441 ool-1-worker-205 | DEBUG | d.t.c.a.a.c.u.util.UserUtilService   : Save 15 users to database. Done
    23:44:23.248 | 441 ool-1-worker-205 | INFO  | i.z.t.d.l.EmbeddedDatabaseReporter   : JDBC URL to connect to 'dataSource': url='jdbc:h2:tcp://localhost:41063/mem:736625c0-cf5e-400d-aeaa-8a7eabd6262b;USER=sa', scope='CourseGitlabJenkinsIntegrationTest#testGetCourseForAssessmentDashboardWithStats_tutorNotInCourse'
    23:44:23.257 | 441 ool-1-worker-205 | DEBUG | d.t.c.a.a.c.s.f.ApiVersionFilter     : Adding Version to Request GET /api/courses/789/for-assessment-dashboard
    23:44:23.259 | 441 ool-1-worker-205 | WARN  | o.z.p.spring.common.AdviceTraits     : Forbidden: You are not allowed to access the Course with id 789
    23:44:23.261 | 441 ool-1-worker-205 | DEBUG | d.t.c.a.a.c.s.f.ApiVersionFilter     : Adding Version to Request GET /api/courses/789/stats-for-assessment-dashboard
    23:44:23.264 | 441 ool-1-worker-205 | WARN  | o.z.p.spring.common.AdviceTraits     : Forbidden: You are not allowed to access the Course with id 789

  Starting logs for CourseGitlabJenkinsIntegrationTest > testSearchStudentsAndTutorsAndInstructorsInOtherCourse_forbidden()
    23:44:23.285 | 441 ool-1-worker-205 | DEBUG | d.t.c.a.a.c.u.util.UserUtilService   : Generate 8 students...
    23:44:23.298 | 441 ool-1-worker-205 | DEBUG | d.t.c.a.a.c.u.util.UserUtilService   : 8 students generated. Generate 5 tutors...
    23:44:23.309 | 441 ool-1-worker-205 | DEBUG | d.t.c.a.a.c.u.util.UserUtilService   : 5 tutors generated. Generate 1 editors...
    23:44:23.312 | 441 ool-1-worker-205 | DEBUG | d.t.c.a.a.c.u.util.UserUtilService   : 1 editors generated. Generate 1 instructors...
    23:44:23.315 | 441 ool-1-worker-205 | DEBUG | d.t.c.a.a.c.u.util.UserUtilService   : 1 instructors generated
    23:44:23.320 | 441 ool-1-worker-205 | DEBUG | d.t.c.a.a.c.u.util.UserUtilService   : Removing 16 users from all courses...
    23:44:23.324 | 441 ool-1-worker-205 | DEBUG | d.t.c.a.a.c.u.util.UserUtilService   : Removing 16 users from all courses. Done
    23:44:23.324 | 441 ool-1-worker-205 | DEBUG | d.t.c.a.a.c.u.util.UserUtilService   : Save 15 users to database...
    23:44:23.338 | 441 ool-1-worker-205 | DEBUG | d.t.c.a.a.c.u.util.UserUtilService   : Save 15 users to database. Done
    23:44:23.356 | 441 ool-1-worker-205 | INFO  | i.z.t.d.l.EmbeddedDatabaseReporter   : JDBC URL to connect to 'dataSource': url='jdbc:h2:tcp://localhost:41063/mem:736625c0-cf5e-400d-aeaa-8a7eabd6262b;USER=sa', scope='CourseGitlabJenkinsIntegrationTest#testSearchStudentsAndTutorsAndInstructorsInOtherCourse_forbidden'
    23:44:23.358 | 441 ool-1-worker-205 | DEBUG | d.t.c.a.a.c.s.f.ApiVersionFilter     : Adding Version to Request GET /api/courses/790/search-other-users
    23:44:23.361 | 441 ool-1-worker-205 | WARN  | o.z.p.spring.common.AdviceTraits     : Forbidden: You are not allowed to access the Course with id 790

  Starting logs for CourseGitlabJenkinsIntegrationTest > testGetAllCoursesForCourseArchiveForUnenrolledStudent()
    23:44:23.382 | 441 ool-1-worker-205 | DEBUG | d.t.c.a.a.c.u.util.UserUtilService   : Generate 8 students...
    23:44:23.400 | 441 ool-1-worker-205 | DEBUG | d.t.c.a.a.c.u.util.UserUtilService   : 8 students generated. Generate 5 tutors...
    23:44:23.408 | 441 ool-1-worker-205 | DEBUG | d.t.c.a.a.c.u.util.UserUtilService   : 5 tutors generated. Generate 1 editors...
    23:44:23.411 | 441 ool-1-worker-205 | DEBUG | d.t.c.a.a.c.u.util.UserUtilService   : 1 editors generated. Generate 1 instructors...
    23:44:23.414 | 441 ool-1-worker-205 | DEBUG | d.t.c.a.a.c.u.util.UserUtilService   : 1 instructors generated
    23:44:23.417 | 441 ool-1-worker-205 | DEBUG | d.t.c.a.a.c.u.util.UserUtilService   : Removing 16 users from all courses...
    23:44:23.419 | 441 ool-1-worker-205 | DEBUG | d.t.c.a.a.c.u.util.UserUtilService   : Removing 16 users from all courses. Done
    23:44:23.419 | 441 ool-1-worker-205 | DEBUG | d.t.c.a.a.c.u.util.UserUtilService   : Save 15 users to database...
    23:44:23.432 | 441 ool-1-worker-205 | DEBUG | d.t.c.a.a.c.u.util.UserUtilService   : Save 15 users to database. Done
    23:44:23.443 | 441 ool-1-worker-205 | INFO  | i.z.t.d.l.EmbeddedDatabaseReporter   : JDBC URL to connect to 'dataSource': url='jdbc:h2:tcp://localhost:41063/mem:736625c0-cf5e-400d-aeaa-8a7eabd6262b;USER=sa', scope='CourseGitlabJenkinsIntegrationTest#testGetAllCoursesForCourseArchiveForUnenrolledStudent'
    23:44:23.446 | 441 ool-1-worker-205 | INFO  | .c.a.a.c.s.TitleCacheEvictionService : Evicted entry '1' from title cache 'courseTitle'
    23:44:23.452 | 441 ool-1-worker-205 | INFO  | .c.a.a.c.s.TitleCacheEvictionService : Evicted entry '2' from title cache 'courseTitle'
    23:44:23.460 | 441 ool-1-worker-205 | INFO  | .c.a.a.c.s.TitleCacheEvictionService : Evicted entry '3' from title cache 'courseTitle'
    23:44:23.466 | 441 ool-1-worker-205 | DEBUG | d.t.c.a.a.c.s.f.ApiVersionFilter     : Adding Version to Request GET /api/courses/for-archive
    23:44:23.467 | 441 ool-1-worker-205 | DEBUG | d.t.c.a.a.core.web.CourseResource    : REST request to get all inactive courses from previous semesters user courseegitlabjenkinsstudent1 has access to
    23:44:23.471 | 441 ool-1-worker-205 | DEBUG | d.t.c.a.a.core.web.CourseResource    : courseService.getAllCoursesForCourseArchive done
    23:44:23.471 | 441 ool-1-worker-205 | INFO  | d.t.c.a.a.core.web.CourseResource    : GET /courses/for-archive took 4.12ms for 0 courses for user courseegitlabjenkinsstudent1

  Starting logs for CourseGitlabJenkinsIntegrationTest > testDownloadCourseArchiveAsInstructor_not_found()
    23:44:23.489 | 441 ool-1-worker-205 | DEBUG | d.t.c.a.a.c.u.util.UserUtilService   : Generate 8 students...
    23:44:23.502 | 441 ool-1-worker-205 | DEBUG | d.t.c.a.a.c.u.util.UserUtilService   : 8 students generated. Generate 5 tutors...
    23:44:23.510 | 441 ool-1-worker-205 | DEBUG | d.t.c.a.a.c.u.util.UserUtilService   : 5 tutors generated. Generate 1 editors...
    23:44:23.514 | 441 ool-1-worker-205 | DEBUG | d.t.c.a.a.c.u.util.UserUtilService   : 1 editors generated. Generate 1 instructors...
    23:44:23.517 | 441 ool-1-worker-205 | DEBUG | d.t.c.a.a.c.u.util.UserUtilService   : 1 instructors generated
    23:44:23.519 | 441 ool-1-worker-205 | DEBUG | d.t.c.a.a.c.u.util.UserUtilService   : Removing 15 users from all courses...
    23:44:23.522 | 441 ool-1-worker-205 | DEBUG | d.t.c.a.a.c.u.util.UserUtilService   : Removing 15 users from all courses. Done
    23:44:23.522 | 441 ool-1-worker-205 | DEBUG | d.t.c.a.a.c.u.util.UserUtilService   : Save 15 users to database...
    23:44:23.555 | 441 ool-1-worker-205 | DEBUG | d.t.c.a.a.c.u.util.UserUtilService   : Save 15 users to database. Done
    23:44:23.571 | 441 ool-1-worker-205 | INFO  | i.z.t.d.l.EmbeddedDatabaseReporter   : JDBC URL to connect to 'dataSource': url='jdbc:h2:tcp://localhost:41063/mem:736625c0-cf5e-400d-aeaa-8a7eabd6262b;USER=sa', scope='CourseGitlabJenkinsIntegrationTest#testDownloadCourseArchiveAsInstructor_not_found'
    23:44:23.574 | 441 ool-1-worker-205 | INFO  | .c.a.a.c.s.TitleCacheEvictionService : Evicted entry '1' from title cache 'courseTitle'
    23:44:23.575 | 441 ool-1-worker-205 | DEBUG | d.t.c.a.a.c.s.f.ApiVersionFilter     : Adding Version to Request GET /api/courses/1/download-archive
    23:44:23.576 | 441 ool-1-worker-205 | INFO  | d.t.c.a.a.core.web.CourseResource    : REST request to download archive of Course : 1
    23:44:23.580 | 441 ool-1-worker-205 | WARN  | o.z.p.spring.common.AdviceTraits     : Not Found: Archived course with id: "1" does not exist

  Starting logs for CourseGitlabJenkinsIntegrationTest > testGetCourseForRegistrationAccessDenied()
    23:44:23.606 | 441 ool-1-worker-205 | DEBUG | d.t.c.a.a.c.u.util.UserUtilService   : Generate 8 students...
    23:44:23.619 | 441 ool-1-worker-205 | DEBUG | d.t.c.a.a.c.u.util.UserUtilService   : 8 students generated. Generate 5 tutors...
    23:44:23.628 | 441 ool-1-worker-205 | DEBUG | d.t.c.a.a.c.u.util.UserUtilService   : 5 tutors generated. Generate 1 editors...
    23:44:23.630 | 441 ool-1-worker-205 | DEBUG | d.t.c.a.a.c.u.util.UserUtilService   : 1 editors generated. Generate 1 instructors...
    23:44:23.633 | 441 ool-1-worker-205 | DEBUG | d.t.c.a.a.c.u.util.UserUtilService   : 1 instructors generated
    23:44:23.635 | 441 ool-1-worker-205 | DEBUG | d.t.c.a.a.c.u.util.UserUtilService   : Removing 16 users from all courses...
    23:44:23.638 | 441 ool-1-worker-205 | DEBUG | d.t.c.a.a.c.u.util.UserUtilService   : Removing 16 users from all courses. Done
    23:44:23.638 | 441 ool-1-worker-205 | DEBUG | d.t.c.a.a.c.u.util.UserUtilService   : Save 15 users to database...
    23:44:23.649 | 441 ool-1-worker-205 | DEBUG | d.t.c.a.a.c.u.util.UserUtilService   : Save 15 users to database. Done
    23:44:23.662 | 441 ool-1-worker-205 | INFO  | i.z.t.d.l.EmbeddedDatabaseReporter   : JDBC URL to connect to 'dataSource': url='jdbc:h2:tcp://localhost:41063/mem:736625c0-cf5e-400d-aeaa-8a7eabd6262b;USER=sa', scope='CourseGitlabJenkinsIntegrationTest#testGetCourseForRegistrationAccessDenied'
    23:44:23.739 | 441 ool-1-worker-205 | DEBUG | .c.s.m.InstanceMessageReceiveService : Received schedule participant score for exercise 2482 and participant 689 (result to be deleted: null)
    23:44:23.739 | 441 ool-1-worker-205 | DEBUG | .a.s.ParticipantScoreScheduleService : Scheduled task for exercise 2482 and participant 689 at 2025-02-14T23:44:24.239081216Z[Etc/UTC].
    23:44:23.739 | 441 ool-1-worker-205 | DEBUG | .c.s.m.InstanceMessageReceiveService : Received schedule participant score for exercise 2482 and participant 689 (result to be deleted: null)
    23:44:23.739 | 441 ool-1-worker-205 | DEBUG | .a.s.ParticipantScoreScheduleService : Scheduled task for exercise 2482 and participant 689 at 2025-02-14T23:44:24.239690422Z[Etc/UTC].
    23:44:23.740 | 441 ool-1-worker-205 | DEBUG | .c.s.m.InstanceMessageReceiveService : Received schedule participant score for exercise 2483 and participant 689 (result to be deleted: null)
    23:44:23.741 | 441 ool-1-worker-205 | DEBUG | .a.s.ParticipantScoreScheduleService : Scheduled task for exercise 2483 and participant 689 at 2025-02-14T23:44:24.241037134Z[Etc/UTC].
    23:44:23.741 | 441 ool-1-worker-205 | DEBUG | .c.s.m.InstanceMessageReceiveService : Received schedule participant score for exercise 2485 and participant 689 (result to be deleted: null)
    23:44:23.741 | 441 ool-1-worker-205 | DEBUG | .a.s.ParticipantScoreScheduleService : Scheduled task for exercise 2485 and participant 689 at 2025-02-14T23:44:24.241634598Z[Etc/UTC].
    23:44:23.742 | 441 ool-1-worker-205 | DEBUG | .c.s.m.InstanceMessageReceiveService : Received schedule participant score for exercise 2485 and participant 689 (result to be deleted: null)
    23:44:23.742 | 441 ool-1-worker-205 | DEBUG | .a.s.ParticipantScoreScheduleService : Scheduled task for exercise 2485 and participant 689 at 2025-02-14T23:44:24.242237873Z[Etc/UTC].
    23:44:23.754 | 441 ool-1-worker-205 | DEBUG | .c.s.m.InstanceMessageReceiveService : Received schedule participant score for exercise 2482 and participant 689 (result to be deleted: null)
    23:44:23.754 | 441 ool-1-worker-205 | DEBUG | .a.s.ParticipantScoreScheduleService : Scheduled task for exercise 2482 and participant 689 at 2025-02-14T23:44:23.854934309Z[Etc/UTC].
    23:44:23.768 | 441 ool-1-worker-205 | DEBUG | .c.s.m.InstanceMessageReceiveService : Received schedule participant score for exercise 2482 and participant 689 (result to be deleted: null)
    23:44:23.768 | 441 ool-1-worker-205 | DEBUG | .a.s.ParticipantScoreScheduleService : Scheduled task for exercise 2482 and participant 689 at 2025-02-14T23:44:23.868524172Z[Etc/UTC].
    23:44:23.781 | 441 ool-1-worker-205 | DEBUG | .c.s.m.InstanceMessageReceiveService : Received schedule participant score for exercise 2483 and participant 689 (result to be deleted: null)
    23:44:23.781 | 441 ool-1-worker-205 | DEBUG | .a.s.ParticipantScoreScheduleService : Scheduled task for exercise 2483 and participant 689 at 2025-02-14T23:44:23.881556885Z[Etc/UTC].
    23:44:23.793 | 441 ool-1-worker-205 | DEBUG | .c.s.m.InstanceMessageReceiveService : Received schedule participant score for exercise 2485 and participant 689 (result to be deleted: null)
    23:44:23.793 | 441 ool-1-worker-205 | DEBUG | .a.s.ParticipantScoreScheduleService : Scheduled task for exercise 2485 and participant 689 at 2025-02-14T23:44:23.893845541Z[Etc/UTC].
    23:44:23.809 | 441 ool-1-worker-205 | DEBUG | .c.s.m.InstanceMessageReceiveService : Received schedule participant score for exercise 2485 and participant 689 (result to be deleted: null)
    23:44:23.809 | 441 ool-1-worker-205 | DEBUG | .a.s.ParticipantScoreScheduleService : Scheduled task for exercise 2485 and participant 689 at 2025-02-14T23:44:23.909237814Z[Etc/UTC].
    23:44:23.868 | 328 taskScheduler-3  | DEBUG | .a.s.ParticipantScoreScheduleService : Processing exercise 2482 and participant 689 to update participant scores.
    23:44:23.881 | 329 taskScheduler-4  | DEBUG | .a.s.ParticipantScoreScheduleService : Processing exercise 2483 and participant 689 to update participant scores.
    23:44:23.884 | 328 taskScheduler-3  | DEBUG | .a.s.ParticipantScoreScheduleService : Updating the participant score for exercise 2482 and participant 689 took 16 ms.
    23:44:23.901 | 329 taskScheduler-4  | DEBUG | .a.s.ParticipantScoreScheduleService : Updating the participant score for exercise 2483 and participant 689 took 20 ms.
    23:44:23.909 | 326 taskScheduler-1  | DEBUG | .a.s.ParticipantScoreScheduleService : Processing exercise 2485 and participant 689 to update participant scores.
    23:44:23.912 | 441 ool-1-worker-205 | DEBUG | d.t.c.a.a.c.s.f.ApiVersionFilter     : Adding Version to Request GET /api/courses/791/for-enrollment
    23:44:23.913 | 441 ool-1-worker-205 | DEBUG | d.t.c.a.a.core.web.CourseResource    : REST request to get a currently active course for enrollment
    23:44:23.915 | 441 ool-1-worker-205 | WARN  | o.z.p.spring.common.AdviceTraits     : Forbidden: The course does not allow enrollment.
    23:44:23.921 | 326 taskScheduler-1  | DEBUG | .a.s.ParticipantScoreScheduleService : Updating the participant score for exercise 2485 and participant 689 took 12 ms.

  Starting logs for CourseGitlabJenkinsIntegrationTest > testGetCourseTitleAsUser()
    23:44:23.941 | 441 ool-1-worker-205 | DEBUG | d.t.c.a.a.c.u.util.UserUtilService   : Generate 8 students...
    23:44:23.953 | 441 ool-1-worker-205 | DEBUG | d.t.c.a.a.c.u.util.UserUtilService   : 8 students generated. Generate 5 tutors...
    23:44:23.961 | 441 ool-1-worker-205 | DEBUG | d.t.c.a.a.c.u.util.UserUtilService   : 5 tutors generated. Generate 1 editors...
    23:44:23.963 | 441 ool-1-worker-205 | DEBUG | d.t.c.a.a.c.u.util.UserUtilService   : 1 editors generated. Generate 1 instructors...
    23:44:23.967 | 441 ool-1-worker-205 | DEBUG | d.t.c.a.a.c.u.util.UserUtilService   : 1 instructors generated
    23:44:23.969 | 441 ool-1-worker-205 | DEBUG | d.t.c.a.a.c.u.util.UserUtilService   : Removing 15 users from all courses...
    23:44:23.971 | 441 ool-1-worker-205 | DEBUG | d.t.c.a.a.c.u.util.UserUtilService   : Removing 15 users from all courses. Done
    23:44:23.971 | 441 ool-1-worker-205 | DEBUG | d.t.c.a.a.c.u.util.UserUtilService   : Save 15 users to database...
    23:44:23.980 | 441 ool-1-worker-205 | DEBUG | d.t.c.a.a.c.u.util.UserUtilService   : Save 15 users to database. Done
    23:44:23.996 | 441 ool-1-worker-205 | INFO  | i.z.t.d.l.EmbeddedDatabaseReporter   : JDBC URL to connect to 'dataSource': url='jdbc:h2:tcp://localhost:41063/mem:736625c0-cf5e-400d-aeaa-8a7eabd6262b;USER=sa', scope='CourseGitlabJenkinsIntegrationTest#testGetCourseTitleAsUser'
    23:44:24.003 | 441 ool-1-worker-205 | INFO  | .c.a.a.c.s.TitleCacheEvictionService : Evicted entry '793' from title cache 'courseTitle'
    23:44:24.005 | 441 ool-1-worker-205 | DEBUG | d.t.c.a.a.c.s.f.ApiVersionFilter     : Adding Version to Request GET /api/courses/793/title

  Starting logs for CourseGitlabJenkinsIntegrationTest > testDownloadCourseArchiveAsTutor_forbidden()
    23:44:24.024 | 441 ool-1-worker-205 | DEBUG | d.t.c.a.a.c.u.util.UserUtilService   : Generate 8 students...
    23:44:24.040 | 441 ool-1-worker-205 | DEBUG | d.t.c.a.a.c.u.util.UserUtilService   : 8 students generated. Generate 5 tutors...
    23:44:24.049 | 441 ool-1-worker-205 | DEBUG | d.t.c.a.a.c.u.util.UserUtilService   : 5 tutors generated. Generate 1 editors...
    23:44:24.051 | 441 ool-1-worker-205 | DEBUG | d.t.c.a.a.c.u.util.UserUtilService   : 1 editors generated. Generate 1 instructors...
    23:44:24.055 | 441 ool-1-worker-205 | DEBUG | d.t.c.a.a.c.u.util.UserUtilService   : 1 instructors generated
    23:44:24.057 | 441 ool-1-worker-205 | DEBUG | d.t.c.a.a.c.u.util.UserUtilService   : Removing 16 users from all courses...
    23:44:24.059 | 441 ool-1-worker-205 | DEBUG | d.t.c.a.a.c.u.util.UserUtilService   : Removing 16 users from all courses. Done
    23:44:24.059 | 441 ool-1-worker-205 | DEBUG | d.t.c.a.a.c.u.util.UserUtilService   : Save 15 users to database...
    23:44:24.068 | 441 ool-1-worker-205 | DEBUG | d.t.c.a.a.c.u.util.UserUtilService   : Save 15 users to database. Done
    23:44:24.079 | 441 ool-1-worker-205 | INFO  | i.z.t.d.l.EmbeddedDatabaseReporter   : JDBC URL to connect to 'dataSource': url='jdbc:h2:tcp://localhost:41063/mem:736625c0-cf5e-400d-aeaa-8a7eabd6262b;USER=sa', scope='CourseGitlabJenkinsIntegrationTest#testDownloadCourseArchiveAsTutor_forbidden'
    23:44:24.080 | 441 ool-1-worker-205 | DEBUG | d.t.c.a.a.c.s.f.ApiVersionFilter     : Adding Version to Request GET /api/courses/1/download-archive
    23:44:24.082 | 441 ool-1-worker-205 | WARN  | o.z.p.spring.common.AdviceTraits     : Forbidden: Access Denied

  Starting logs for CourseGitlabJenkinsIntegrationTest > testDeleteNotExistingCourse()
    23:44:24.098 | 441 ool-1-worker-205 | DEBUG | d.t.c.a.a.c.u.util.UserUtilService   : Generate 8 students...
    23:44:24.109 | 441 ool-1-worker-205 | DEBUG | d.t.c.a.a.c.u.util.UserUtilService   : 8 students generated. Generate 5 tutors...
    23:44:24.117 | 441 ool-1-worker-205 | DEBUG | d.t.c.a.a.c.u.util.UserUtilService   : 5 tutors generated. Generate 1 editors...
    23:44:24.119 | 441 ool-1-worker-205 | DEBUG | d.t.c.a.a.c.u.util.UserUtilService   : 1 editors generated. Generate 1 instructors...
    23:44:24.122 | 441 ool-1-worker-205 | DEBUG | d.t.c.a.a.c.u.util.UserUtilService   : 1 instructors generated
    23:44:24.125 | 441 ool-1-worker-205 | DEBUG | d.t.c.a.a.c.u.util.UserUtilService   : Removing 16 users from all courses...
    23:44:24.127 | 441 ool-1-worker-205 | DEBUG | d.t.c.a.a.c.u.util.UserUtilService   : Removing 16 users from all courses. Done
    23:44:24.127 | 441 ool-1-worker-205 | DEBUG | d.t.c.a.a.c.u.util.UserUtilService   : Save 15 users to database...
    23:44:24.137 | 441 ool-1-worker-205 | DEBUG | d.t.c.a.a.c.u.util.UserUtilService   : Save 15 users to database. Done
    23:44:24.148 | 441 ool-1-worker-205 | INFO  | i.z.t.d.l.EmbeddedDatabaseReporter   : JDBC URL to connect to 'dataSource': url='jdbc:h2:tcp://localhost:41063/mem:736625c0-cf5e-400d-aeaa-8a7eabd6262b;USER=sa', scope='CourseGitlabJenkinsIntegrationTest#testDeleteNotExistingCourse'
    23:44:24.150 | 441 ool-1-worker-205 | DEBUG | d.t.c.a.a.c.s.f.ApiVersionFilter     : Adding Version to Request DELETE /api/admin/courses/-1
    23:44:24.150 | 441 ool-1-worker-205 | INFO  | d.t.c.a.a.c.w.a.AdminCourseResource  : REST request to delete Course : -1
    23:44:24.155 | 441 ool-1-worker-205 | WARN  | o.z.p.spring.common.AdviceTraits     : Not Found: Course with identifier: "-1" does not exist

  Starting logs for CourseGitlabJenkinsIntegrationTest > testUpdateToOnlineCourse()
    23:44:24.174 | 441 ool-1-worker-205 | DEBUG | d.t.c.a.a.c.u.util.UserUtilService   : Generate 8 students...
    23:44:24.195 | 441 ool-1-worker-205 | DEBUG | d.t.c.a.a.c.u.util.UserUtilService   : 8 students generated. Generate 5 tutors...
    23:44:24.208 | 441 ool-1-worker-205 | DEBUG | d.t.c.a.a.c.u.util.UserUtilService   : 5 tutors generated. Generate 1 editors...
    23:44:24.211 | 441 ool-1-worker-205 | DEBUG | d.t.c.a.a.c.u.util.UserUtilService   : 1 editors generated. Generate 1 instructors...
    23:44:24.213 | 441 ool-1-worker-205 | DEBUG | d.t.c.a.a.c.u.util.UserUtilService   : 1 instructors generated
    23:44:24.215 | 441 ool-1-worker-205 | DEBUG | d.t.c.a.a.c.u.util.UserUtilService   : Removing 16 users from all courses...
    23:44:24.219 | 441 ool-1-worker-205 | DEBUG | d.t.c.a.a.c.u.util.UserUtilService   : Removing 16 users from all courses. Done
    23:44:24.219 | 441 ool-1-worker-205 | DEBUG | d.t.c.a.a.c.u.util.UserUtilService   : Save 15 users to database...
    23:44:24.233 | 441 ool-1-worker-205 | DEBUG | d.t.c.a.a.c.u.util.UserUtilService   : Save 15 users to database. Done
    23:44:24.247 | 441 ool-1-worker-205 | INFO  | i.z.t.d.l.EmbeddedDatabaseReporter   : JDBC URL to connect to 'dataSource': url='jdbc:h2:tcp://localhost:41063/mem:736625c0-cf5e-400d-aeaa-8a7eabd6262b;USER=sa', scope='CourseGitlabJenkinsIntegrationTest#testUpdateToOnlineCourse'
    23:44:24.250 | 441 ool-1-worker-205 | DEBUG | d.t.c.a.a.c.s.f.ApiVersionFilter     : Adding Version to Request POST /api/admin/courses
    23:44:24.251 | 441 ool-1-worker-205 | DEBUG | d.t.c.a.a.c.w.a.AdminCourseResource  : REST request to save Course : Course{id=null, title='Course title 3f30c2a1-b200-4913-a0c3-d36a4f0531c0', description='null', shortName='short95ee89ea0e7910416e0a6100815cafb6bd16', studentGroupName='student', teachingAssistantGroupName='tutor', editorGroupName='editor', instructorGroupName='instructor', startDate='2025-02-13T23:44:24.248027131Z', endDate='2025-02-14T23:44:24.248028964Z', enrollmentStartDate='null', enrollmentEndDate='null', unenrollmentEndDate='null', semester='null'', onlineCourse='false', color='null', courseIcon='null', enrollmentEnabled='false', unenrollmentEnabled='false', presentationScore='2', faqEnabled='false'}
    23:44:24.261 | 441 ool-1-worker-205 | DEBUG | d.t.c.a.a.c.s.f.ApiVersionFilter     : Adding Version to Request PUT /api/courses/794
    23:44:24.262 | 441 ool-1-worker-205 | DEBUG | d.t.c.a.a.core.web.CourseResource    : REST request to update Course : Course{id=794, title='Course title 3f30c2a1-b200-4913-a0c3-d36a4f0531c0', description='null', shortName='short95ee89ea0e7910416e0a6100815cafb6bd16', studentGroupName='student', teachingAssistantGroupName='tutor', editorGroupName='editor', instructorGroupName='instructor', startDate='2025-02-13T23:44:24.248027131Z', endDate='2025-02-14T23:44:24.248028964Z', enrollmentStartDate='null', enrollmentEndDate='null', unenrollmentEndDate='null', semester='null'', onlineCourse='true', color='null', courseIcon='null', enrollmentEnabled='false', unenrollmentEnabled='false', presentationScore='2', faqEnabled='false'}

  Starting logs for CourseGitlabJenkinsIntegrationTest > testOnlineCourseConfigurationIsLazyLoaded()
    23:44:24.290 | 441 ool-1-worker-205 | DEBUG | d.t.c.a.a.c.u.util.UserUtilService   : Generate 8 students...
    23:44:24.305 | 441 ool-1-worker-205 | DEBUG | d.t.c.a.a.c.u.util.UserUtilService   : 8 students generated. Generate 5 tutors...
    23:44:24.313 | 441 ool-1-worker-205 | DEBUG | d.t.c.a.a.c.u.util.UserUtilService   : 5 tutors generated. Generate 1 editors...
    23:44:24.315 | 441 ool-1-worker-205 | DEBUG | d.t.c.a.a.c.u.util.UserUtilService   : 1 editors generated. Generate 1 instructors...
    23:44:24.318 | 441 ool-1-worker-205 | DEBUG | d.t.c.a.a.c.u.util.UserUtilService   : 1 instructors generated
    23:44:24.319 | 441 ool-1-worker-205 | DEBUG | d.t.c.a.a.c.u.util.UserUtilService   : Removing 16 users from all courses...
    23:44:24.321 | 441 ool-1-worker-205 | DEBUG | d.t.c.a.a.c.u.util.UserUtilService   : Removing 16 users from all courses. Done
    23:44:24.321 | 441 ool-1-worker-205 | DEBUG | d.t.c.a.a.c.u.util.UserUtilService   : Save 15 users to database...
    23:44:24.330 | 441 ool-1-worker-205 | DEBUG | d.t.c.a.a.c.u.util.UserUtilService   : Save 15 users to database. Done
    23:44:24.342 | 441 ool-1-worker-205 | INFO  | i.z.t.d.l.EmbeddedDatabaseReporter   : JDBC URL to connect to 'dataSource': url='jdbc:h2:tcp://localhost:41063/mem:736625c0-cf5e-400d-aeaa-8a7eabd6262b;USER=sa', scope='CourseGitlabJenkinsIntegrationTest#testOnlineCourseConfigurationIsLazyLoaded'
    23:44:24.345 | 441 ool-1-worker-205 | DEBUG | d.t.c.a.a.c.s.f.ApiVersionFilter     : Adding Version to Request GET /api/courses
    23:44:24.346 | 441 ool-1-worker-205 | DEBUG | d.t.c.a.a.core.web.CourseResource    : REST request to get all courses the user has access to

  Starting logs for CourseGitlabJenkinsIntegrationTest > testGetAllStudentsOrTutorsOrInstructorsInCourse_AsTutor_forbidden()
    23:44:24.593 | 441 ool-1-worker-205 | DEBUG | d.t.c.a.a.c.u.util.UserUtilService   : Generate 8 students...
    23:44:24.605 | 441 ool-1-worker-205 | DEBUG | d.t.c.a.a.c.u.util.UserUtilService   : 8 students generated. Generate 5 tutors...
    23:44:24.613 | 441 ool-1-worker-205 | DEBUG | d.t.c.a.a.c.u.util.UserUtilService   : 5 tutors generated. Generate 1 editors...
    23:44:24.615 | 441 ool-1-worker-205 | DEBUG | d.t.c.a.a.c.u.util.UserUtilService   : 1 editors generated. Generate 1 instructors...
    23:44:24.618 | 441 ool-1-worker-205 | DEBUG | d.t.c.a.a.c.u.util.UserUtilService   : 1 instructors generated
    23:44:24.620 | 441 ool-1-worker-205 | DEBUG | d.t.c.a.a.c.u.util.UserUtilService   : Removing 16 users from all courses...
    23:44:24.623 | 441 ool-1-worker-205 | DEBUG | d.t.c.a.a.c.u.util.UserUtilService   : Removing 16 users from all courses. Done
    23:44:24.623 | 441 ool-1-worker-205 | DEBUG | d.t.c.a.a.c.u.util.UserUtilService   : Save 15 users to database...
    23:44:24.633 | 441 ool-1-worker-205 | DEBUG | d.t.c.a.a.c.u.util.UserUtilService   : Save 15 users to database. Done
    23:44:24.643 | 441 ool-1-worker-205 | INFO  | i.z.t.d.l.EmbeddedDatabaseReporter   : JDBC URL to connect to 'dataSource': url='jdbc:h2:tcp://localhost:41063/mem:736625c0-cf5e-400d-aeaa-8a7eabd6262b;USER=sa', scope='CourseGitlabJenkinsIntegrationTest#testGetAllStudentsOrTutorsOrInstructorsInCourse_AsTutor_forbidden'
    23:44:24.645 | 441 ool-1-worker-205 | DEBUG | d.t.c.a.a.c.s.f.ApiVersionFilter     : Adding Version to Request GET /api/courses/796/students
    23:44:24.646 | 441 ool-1-worker-205 | WARN  | o.z.p.spring.common.AdviceTraits     : Forbidden: Access Denied
    23:44:24.648 | 441 ool-1-worker-205 | DEBUG | d.t.c.a.a.c.s.f.ApiVersionFilter     : Adding Version to Request GET /api/courses/796/tutors
    23:44:24.649 | 441 ool-1-worker-205 | WARN  | o.z.p.spring.common.AdviceTraits     : Forbidden: Access Denied
    23:44:24.650 | 441 ool-1-worker-205 | DEBUG | d.t.c.a.a.c.s.f.ApiVersionFilter     : Adding Version to Request GET /api/courses/796/instructors
    23:44:24.651 | 441 ool-1-worker-205 | WARN  | o.z.p.spring.common.AdviceTraits     : Forbidden: Access Denied

  Starting logs for CourseGitlabJenkinsIntegrationTest > testCreateCourseWithNegativeMaxTeamComplainNumber()
    23:44:24.665 | 441 ool-1-worker-205 | DEBUG | d.t.c.a.a.c.u.util.UserUtilService   : Generate 8 students...
    23:44:24.677 | 441 ool-1-worker-205 | DEBUG | d.t.c.a.a.c.u.util.UserUtilService   : 8 students generated. Generate 5 tutors...
    23:44:24.685 | 441 ool-1-worker-205 | DEBUG | d.t.c.a.a.c.u.util.UserUtilService   : 5 tutors generated. Generate 1 editors...
    23:44:24.688 | 441 ool-1-worker-205 | DEBUG | d.t.c.a.a.c.u.util.UserUtilService   : 1 editors generated. Generate 1 instructors...
    23:44:24.690 | 441 ool-1-worker-205 | DEBUG | d.t.c.a.a.c.u.util.UserUtilService   : 1 instructors generated
    23:44:24.692 | 441 ool-1-worker-205 | DEBUG | d.t.c.a.a.c.u.util.UserUtilService   : Removing 16 users from all courses...
    23:44:24.694 | 441 ool-1-worker-205 | DEBUG | d.t.c.a.a.c.u.util.UserUtilService   : Removing 16 users from all courses. Done
    23:44:24.694 | 441 ool-1-worker-205 | DEBUG | d.t.c.a.a.c.u.util.UserUtilService   : Save 15 users to database...
    23:44:24.704 | 441 ool-1-worker-205 | DEBUG | d.t.c.a.a.c.u.util.UserUtilService   : Save 15 users to database. Done
    23:44:24.715 | 441 ool-1-worker-205 | INFO  | i.z.t.d.l.EmbeddedDatabaseReporter   : JDBC URL to connect to 'dataSource': url='jdbc:h2:tcp://localhost:41063/mem:736625c0-cf5e-400d-aeaa-8a7eabd6262b;USER=sa', scope='CourseGitlabJenkinsIntegrationTest#testCreateCourseWithNegativeMaxTeamComplainNumber'
    23:44:24.716 | 441 ool-1-worker-205 | DEBUG | d.t.c.a.a.c.s.f.ApiVersionFilter     : Adding Version to Request POST /api/admin/courses
    23:44:24.716 | 441 ool-1-worker-205 | DEBUG | d.t.c.a.a.c.w.a.AdminCourseResource  : REST request to save Course : Course{id=null, title='Course title 5b492511-4230-4782-8cbe-a4d8f9ac1a24', description='null', shortName='short637c016c0a7b80461c0a32600f809f81a169', studentGroupName='null', teachingAssistantGroupName='null', editorGroupName='null', instructorGroupName='null', startDate='null', endDate='null', enrollmentStartDate='null', enrollmentEndDate='null', unenrollmentEndDate='null', semester='null'', onlineCourse='false', color='null', courseIcon='null', enrollmentEnabled='false', unenrollmentEnabled='false', presentationScore='2', faqEnabled='false'}
    23:44:24.717 | 441 ool-1-worker-205 | ERROR | tech.jhipster.web.util.HeaderUtil    : Entity processing failed, Max Team Complaints cannot be negative
    23:44:24.717 | 441 ool-1-worker-205 | WARN  | o.z.p.spring.common.AdviceTraits     : Bad Request: Max Team Complaints cannot be negative

  Starting logs for CourseGitlabJenkinsIntegrationTest > testGetCourse()
    23:44:24.739 | 441 ool-1-worker-205 | DEBUG | d.t.c.a.a.c.u.util.UserUtilService   : Generate 8 students...
    23:44:24.755 | 441 ool-1-worker-205 | DEBUG | d.t.c.a.a.c.u.util.UserUtilService   : 8 students generated. Generate 5 tutors...
    23:44:24.763 | 441 ool-1-worker-205 | DEBUG | d.t.c.a.a.c.u.util.UserUtilService   : 5 tutors generated. Generate 1 editors...
    23:44:24.765 | 441 ool-1-worker-205 | DEBUG | d.t.c.a.a.c.u.util.UserUtilService   : 1 editors generated. Generate 1 instructors...
    23:44:24.768 | 441 ool-1-worker-205 | DEBUG | d.t.c.a.a.c.u.util.UserUtilService   : 1 instructors generated
    23:44:24.770 | 441 ool-1-worker-205 | DEBUG | d.t.c.a.a.c.u.util.UserUtilService   : Removing 16 users from all courses...
    23:44:24.772 | 441 ool-1-worker-205 | DEBUG | d.t.c.a.a.c.u.util.UserUtilService   : Removing 16 users from all courses. Done
    23:44:24.772 | 441 ool-1-worker-205 | DEBUG | d.t.c.a.a.c.u.util.UserUtilService   : Save 15 users to database...
    23:44:24.783 | 441 ool-1-worker-205 | DEBUG | d.t.c.a.a.c.u.util.UserUtilService   : Save 15 users to database. Done
    23:44:24.794 | 441 ool-1-worker-205 | INFO  | i.z.t.d.l.EmbeddedDatabaseReporter   : JDBC URL to connect to 'dataSource': url='jdbc:h2:tcp://localhost:41063/mem:736625c0-cf5e-400d-aeaa-8a7eabd6262b;USER=sa', scope='CourseGitlabJenkinsIntegrationTest#testGetCourse'
    23:44:24.850 | 441 ool-1-worker-205 | DEBUG | d.t.c.a.a.c.s.f.ApiVersionFilter     : Adding Version to Request GET /api/courses/797/with-exercises
    23:44:24.850 | 441 ool-1-worker-205 | DEBUG | d.t.c.a.a.core.web.CourseResource    : REST request to get course 797 for tutors
    23:44:24.857 | 441 ool-1-worker-205 | DEBUG | d.t.c.a.a.c.s.f.ApiVersionFilter     : Adding Version to Request GET /api/courses/797
    23:44:24.857 | 441 ool-1-worker-205 | DEBUG | d.t.c.a.a.core.web.CourseResource    : REST request to get course 797 for students
    23:44:24.886 | 441 ool-1-worker-205 | DEBUG | d.t.c.a.a.c.s.f.ApiVersionFilter     : Adding Version to Request GET /api/courses/798/with-exercises
    23:44:24.887 | 441 ool-1-worker-205 | DEBUG | d.t.c.a.a.core.web.CourseResource    : REST request to get course 798 for tutors
    23:44:24.897 | 441 ool-1-worker-205 | DEBUG | d.t.c.a.a.c.s.f.ApiVersionFilter     : Adding Version to Request GET /api/courses/798
    23:44:24.899 | 441 ool-1-worker-205 | DEBUG | d.t.c.a.a.core.web.CourseResource    : REST request to get course 798 for students

  Starting logs for CourseGitlabJenkinsIntegrationTest > testCreateCourseWithNegativeMaxComplaintResponseTextLimit()
    23:44:24.941 | 441 ool-1-worker-205 | DEBUG | d.t.c.a.a.c.u.util.UserUtilService   : Generate 8 students...
    23:44:24.952 | 441 ool-1-worker-205 | DEBUG | d.t.c.a.a.c.u.util.UserUtilService   : 8 students generated. Generate 5 tutors...
    23:44:24.959 | 441 ool-1-worker-205 | DEBUG | d.t.c.a.a.c.u.util.UserUtilService   : 5 tutors generated. Generate 1 editors...
    23:44:24.961 | 441 ool-1-worker-205 | DEBUG | d.t.c.a.a.c.u.util.UserUtilService   : 1 editors generated. Generate 1 instructors...
    23:44:24.964 | 441 ool-1-worker-205 | DEBUG | d.t.c.a.a.c.u.util.UserUtilService   : 1 instructors generated
    23:44:24.966 | 441 ool-1-worker-205 | DEBUG | d.t.c.a.a.c.u.util.UserUtilService   : Removing 16 users from all courses...
    23:44:24.968 | 441 ool-1-worker-205 | DEBUG | d.t.c.a.a.c.u.util.UserUtilService   : Removing 16 users from all courses. Done
    23:44:24.968 | 441 ool-1-worker-205 | DEBUG | d.t.c.a.a.c.u.util.UserUtilService   : Save 15 users to database...
    23:44:24.979 | 441 ool-1-worker-205 | DEBUG | d.t.c.a.a.c.u.util.UserUtilService   : Save 15 users to database. Done
    23:44:24.990 | 441 ool-1-worker-205 | INFO  | i.z.t.d.l.EmbeddedDatabaseReporter   : JDBC URL to connect to 'dataSource': url='jdbc:h2:tcp://localhost:41063/mem:736625c0-cf5e-400d-aeaa-8a7eabd6262b;USER=sa', scope='CourseGitlabJenkinsIntegrationTest#testCreateCourseWithNegativeMaxComplaintResponseTextLimit'
    23:44:24.991 | 441 ool-1-worker-205 | DEBUG | d.t.c.a.a.c.s.f.ApiVersionFilter     : Adding Version to Request POST /api/admin/courses
    23:44:24.992 | 441 ool-1-worker-205 | DEBUG | d.t.c.a.a.c.w.a.AdminCourseResource  : REST request to save Course : Course{id=null, title='Course title 00d88107-247f-4b11-8571-c9e5ec84dade', description='null', shortName='short9be622c10ecea04b260ac40062dfd037f423', studentGroupName='null', teachingAssistantGroupName='null', editorGroupName='null', instructorGroupName='null', startDate='null', endDate='null', enrollmentStartDate='null', enrollmentEndDate='null', unenrollmentEndDate='null', semester='null'', onlineCourse='false', color='null', courseIcon='null', enrollmentEnabled='false', unenrollmentEnabled='false', presentationScore='2', faqEnabled='false'}
    23:44:24.993 | 441 ool-1-worker-205 | ERROR | tech.jhipster.web.util.HeaderUtil    : Entity processing failed, Max Complaint response text limit cannot be negative
    23:44:24.993 | 441 ool-1-worker-205 | WARN  | o.z.p.spring.common.AdviceTraits     : Bad Request: Max Complaint response text limit cannot be negative

  Starting logs for CourseGitlabJenkinsIntegrationTest > testSetPermissionsForNewGroupMembersInCourseFails()
    23:44:25.010 | 441 ool-1-worker-205 | DEBUG | d.t.c.a.a.c.u.util.UserUtilService   : Generate 8 students...
    23:44:25.021 | 441 ool-1-worker-205 | DEBUG | d.t.c.a.a.c.u.util.UserUtilService   : 8 students generated. Generate 5 tutors...
    23:44:25.028 | 441 ool-1-worker-205 | DEBUG | d.t.c.a.a.c.u.util.UserUtilService   : 5 tutors generated. Generate 1 editors...
    23:44:25.031 | 441 ool-1-worker-205 | DEBUG | d.t.c.a.a.c.u.util.UserUtilService   : 1 editors generated. Generate 1 instructors...
    23:44:25.033 | 441 ool-1-worker-205 | DEBUG | d.t.c.a.a.c.u.util.UserUtilService   : 1 instructors generated
    23:44:25.036 | 441 ool-1-worker-205 | DEBUG | d.t.c.a.a.c.u.util.UserUtilService   : Removing 16 users from all courses...
    23:44:25.038 | 441 ool-1-worker-205 | DEBUG | d.t.c.a.a.c.u.util.UserUtilService   : Removing 16 users from all courses. Done
    23:44:25.038 | 441 ool-1-worker-205 | DEBUG | d.t.c.a.a.c.u.util.UserUtilService   : Save 15 users to database...
    23:44:25.048 | 441 ool-1-worker-205 | DEBUG | d.t.c.a.a.c.u.util.UserUtilService   : Save 15 users to database. Done
    23:44:25.058 | 441 ool-1-worker-205 | INFO  | i.z.t.d.l.EmbeddedDatabaseReporter   : JDBC URL to connect to 'dataSource': url='jdbc:h2:tcp://localhost:41063/mem:736625c0-cf5e-400d-aeaa-8a7eabd6262b;USER=sa', scope='CourseGitlabJenkinsIntegrationTest#testSetPermissionsForNewGroupMembersInCourseFails'
    23:44:25.097 | 441 ool-1-worker-205 | DEBUG | d.t.c.a.a.c.s.f.ApiVersionFilter     : Adding Version to Request PUT /api/courses/799
    23:44:25.098 | 441 ool-1-worker-205 | DEBUG | d.t.c.a.a.core.web.CourseResource    : REST request to update Course : Course{id=799, title='Course title 30a19134-12b2-45a8-b1ac-141943771490', description='null', shortName='shortb9a468af09fd0045c408e100bc2a8eb094ed', studentGroupName='tumuser', teachingAssistantGroupName='tutor', editorGroupName='editor', instructorGroupName='new-instructor-group', startDate='2025-02-13T23:39:54.015067Z', endDate='2025-02-16T23:39:54.015089Z', enrollmentStartDate='null', enrollmentEndDate='null', unenrollmentEndDate='null', semester='null'', onlineCourse='false', color='null', courseIcon='null', enrollmentEnabled='false', unenrollmentEnabled='false', presentationScore='2', faqEnabled='false'}
    23:44:25.114 | 441 ool-1-worker-205 | INFO  | .a.p.s.g.GitLabUserManagementService : Update Gitlab permissions for programming exercises: [SHORTB9A468AF09FD0045C408E100BC2A8EB094EDTSTEXC]
    23:44:25.127 | 441 ool-1-worker-205 | WARN  | .a.p.s.g.GitLabUserManagementService : User courseegitlabjenkinstutor1 does not exist in Gitlab and cannot be updated!
    23:44:25.127 | 441 ool-1-worker-205 | WARN  | .a.p.s.g.GitLabUserManagementService : User courseegitlabjenkinstutor2 does not exist in Gitlab and cannot be updated!
    23:44:25.127 | 441 ool-1-worker-205 | WARN  | .a.p.s.g.GitLabUserManagementService : User courseegitlabjenkinstutor3 does not exist in Gitlab and cannot be updated!
    23:44:25.127 | 441 ool-1-worker-205 | WARN  | .a.p.s.g.GitLabUserManagementService : User courseegitlabjenkinstutor4 does not exist in Gitlab and cannot be updated!
    23:44:25.127 | 441 ool-1-worker-205 | WARN  | .a.p.s.g.GitLabUserManagementService : User courseegitlabjenkinstutor5 does not exist in Gitlab and cannot be updated!
    23:44:25.127 | 441 ool-1-worker-205 | WARN  | .a.p.s.g.GitLabUserManagementService : User courseegitlabjenkinseditor1 does not exist in Gitlab and cannot be updated!
    23:44:25.127 | 441 ool-1-worker-205 | WARN  | .a.p.s.g.GitLabUserManagementService : User courseegitlabjenkinsinstructor1 does not exist in Gitlab and cannot be updated!
    23:44:25.128 | 441 ool-1-worker-205 | ERROR | o.z.p.spring.common.AdviceTraits     : Internal Server Error
de.tum.cit.aet.artemis.programming.service.gitlab.GitLabException: Error while trying to set permission for user in GitLab: User{login='new-editor', firstName='new-editorFirst', lastName='new-editorLast', email='new-editor@test.de', imageUrl='null', activated='true', langKey='en', activationKey='null'}
	at de.tum.cit.aet.artemis.programming.service.gitlab.GitLabUserManagementService.setPermissionsForNewGroupMembers(GitLabUserManagementService.java:194)
	at de.tum.cit.aet.artemis.programming.service.gitlab.GitLabUserManagementService.updateCoursePermissions(GitLabUserManagementService.java:163)
	at de.tum.cit.aet.artemis.programming.service.gitlab.GitLabUserManagementService.updateCoursePermissions(GitLabUserManagementService.java:132)
	at de.tum.cit.aet.artemis.core.web.CourseResource.lambda$updateCourse$1(CourseResource.java:347)
	at java.base/java.util.Optional.ifPresent(Optional.java:178)
	at de.tum.cit.aet.artemis.core.web.CourseResource.updateCourse(CourseResource.java:347)
	at java.base/jdk.internal.reflect.DirectMethodHandleAccessor.invoke(DirectMethodHandleAccessor.java:103)
	at java.base/java.lang.reflect.Method.invoke(Method.java:580)
	at org.springframework.aop.support.AopUtils.invokeJoinpointUsingReflection(AopUtils.java:359)
	at org.springframework.aop.framework.ReflectiveMethodInvocation.invokeJoinpoint(ReflectiveMethodInvocation.java:196)
	at org.springframework.aop.framework.ReflectiveMethodInvocation.proceed(ReflectiveMethodInvocation.java:163)
	at org.springframework.security.authorization.method.AuthorizationManagerBeforeMethodInterceptor.proceed(AuthorizationManagerBeforeMethodInterceptor.java:268)
	at org.springframework.security.authorization.method.AuthorizationManagerBeforeMethodInterceptor.attemptAuthorization(AuthorizationManagerBeforeMethodInterceptor.java:263)
	at org.springframework.security.authorization.method.AuthorizationManagerBeforeMethodInterceptor.invoke(AuthorizationManagerBeforeMethodInterceptor.java:196)
	at org.springframework.security.config.annotation.method.configuration.DeferringMethodInterceptor.invoke(DeferringMethodInterceptor.java:44)
	at org.springframework.aop.framework.ReflectiveMethodInvocation.proceed(ReflectiveMethodInvocation.java:184)
	at org.springframework.aop.interceptor.ExposeInvocationInterceptor.invoke(ExposeInvocationInterceptor.java:97)
	at org.springframework.aop.framework.ReflectiveMethodInvocation.proceed(ReflectiveMethodInvocation.java:184)
	at org.springframework.aop.framework.CglibAopProxy$DynamicAdvisedInterceptor.intercept(CglibAopProxy.java:727)
	at de.tum.cit.aet.artemis.core.web.CourseResource$$SpringCGLIB$$0.updateCourse(<generated>)
	at java.base/jdk.internal.reflect.DirectMethodHandleAccessor.invoke(DirectMethodHandleAccessor.java:103)
	at java.base/java.lang.reflect.Method.invoke(Method.java:580)
	at org.springframework.web.method.support.InvocableHandlerMethod.doInvoke(InvocableHandlerMethod.java:257)
	at org.springframework.web.method.support.InvocableHandlerMethod.invokeForRequest(InvocableHandlerMethod.java:190)
	at org.springframework.web.servlet.mvc.method.annotation.ServletInvocableHandlerMethod.invokeAndHandle(ServletInvocableHandlerMethod.java:118)
	at org.springframework.web.servlet.mvc.method.annotation.RequestMappingHandlerAdapter.invokeHandlerMethod(RequestMappingHandlerAdapter.java:986)
	at org.springframework.web.servlet.mvc.method.annotation.RequestMappingHandlerAdapter.handleInternal(RequestMappingHandlerAdapter.java:891)
	at org.springframework.web.servlet.mvc.method.AbstractHandlerMethodAdapter.handle(AbstractHandlerMethodAdapter.java:87)
	at org.springframework.web.servlet.DispatcherServlet.doDispatch(DispatcherServlet.java:1088)
	at org.springframework.web.servlet.DispatcherServlet.doService(DispatcherServlet.java:978)
	at org.springframework.web.servlet.FrameworkServlet.processRequest(FrameworkServlet.java:1014)
	at org.springframework.web.servlet.FrameworkServlet.doPut(FrameworkServlet.java:925)
	at jakarta.servlet.http.HttpServlet.service(HttpServlet.java:550)
	at org.springframework.web.servlet.FrameworkServlet.service(FrameworkServlet.java:885)
	at org.springframework.test.web.servlet.TestDispatcherServlet.service(TestDispatcherServlet.java:72)
	at jakarta.servlet.http.HttpServlet.service(HttpServlet.java:614)
	at org.springframework.mock.web.MockFilterChain$ServletFilterProxy.doFilter(MockFilterChain.java:165)
	at org.springframework.mock.web.MockFilterChain.doFilter(MockFilterChain.java:132)
	at org.springframework.web.filter.OncePerRequestFilter.doFilter(OncePerRequestFilter.java:110)
	at org.springframework.test.web.servlet.setup.MockMvcFilterDecorator.doFilter(MockMvcFilterDecorator.java:162)
	at org.springframework.mock.web.MockFilterChain.doFilter(MockFilterChain.java:132)
	at de.tum.cit.aet.artemis.core.security.filter.ApiVersionFilter.doFilter(ApiVersionFilter.java:55)
	at org.springframework.test.web.servlet.setup.MockMvcFilterDecorator.doFilter(MockMvcFilterDecorator.java:162)
	at org.springframework.mock.web.MockFilterChain.doFilter(MockFilterChain.java:132)
	at io.sentry.spring.jakarta.SentryUserFilter.doFilterInternal(SentryUserFilter.java:56)
	at org.springframework.web.filter.OncePerRequestFilter.doFilter(OncePerRequestFilter.java:116)
	at org.springframework.test.web.servlet.setup.MockMvcFilterDecorator.doFilter(MockMvcFilterDecorator.java:162)
	at org.springframework.mock.web.MockFilterChain.doFilter(MockFilterChain.java:132)
	at org.springframework.web.filter.CompositeFilter$VirtualFilterChain.doFilter(CompositeFilter.java:108)
	at org.springframework.security.web.FilterChainProxy.lambda$doFilterInternal$3(FilterChainProxy.java:231)
	at org.springframework.security.web.ObservationFilterChainDecorator$FilterObservation$SimpleFilterObservation.lambda$wrap$1(ObservationFilterChainDecorator.java:479)
	at org.springframework.security.web.ObservationFilterChainDecorator$AroundFilterObservation$SimpleAroundFilterObservation.lambda$wrap$1(ObservationFilterChainDecorator.java:340)
	at org.springframework.security.web.ObservationFilterChainDecorator.lambda$wrapSecured$0(ObservationFilterChainDecorator.java:82)
	at org.springframework.security.web.ObservationFilterChainDecorator$VirtualFilterChain.doFilter(ObservationFilterChainDecorator.java:128)
	at org.springframework.security.web.access.intercept.AuthorizationFilter.doFilter(AuthorizationFilter.java:101)
	at org.springframework.security.web.ObservationFilterChainDecorator$ObservationFilter.wrapFilter(ObservationFilterChainDecorator.java:240)
	at org.springframework.security.web.ObservationFilterChainDecorator$ObservationFilter.doFilter(ObservationFilterChainDecorator.java:227)
	at org.springframework.security.web.ObservationFilterChainDecorator$VirtualFilterChain.doFilter(ObservationFilterChainDecorator.java:137)
	at org.springframework.security.web.access.ExceptionTranslationFilter.doFilter(ExceptionTranslationFilter.java:126)
	at org.springframework.security.web.access.ExceptionTranslationFilter.doFilter(ExceptionTranslationFilter.java:120)
	at org.springframework.security.web.ObservationFilterChainDecorator$ObservationFilter.wrapFilter(ObservationFilterChainDecorator.java:240)
	at org.springframework.security.web.ObservationFilterChainDecorator$ObservationFilter.doFilter(ObservationFilterChainDecorator.java:227)
	at org.springframework.security.web.ObservationFilterChainDecorator$VirtualFilterChain.doFilter(ObservationFilterChainDecorator.java:137)
	at org.springframework.security.web.session.SessionManagementFilter.doFilter(SessionManagementFilter.java:131)
	at org.springframework.security.web.session.SessionManagementFilter.doFilter(SessionManagementFilter.java:85)
	at org.springframework.security.web.ObservationFilterChainDecorator$ObservationFilter.wrapFilter(ObservationFilterChainDecorator.java:240)
	at org.springframework.security.web.ObservationFilterChainDecorator$ObservationFilter.doFilter(ObservationFilterChainDecorator.java:227)
	at org.springframework.security.web.ObservationFilterChainDecorator$VirtualFilterChain.doFilter(ObservationFilterChainDecorator.java:137)
	at org.springframework.security.web.authentication.AnonymousAuthenticationFilter.doFilter(AnonymousAuthenticationFilter.java:100)
	at org.springframework.security.web.ObservationFilterChainDecorator$ObservationFilter.wrapFilter(ObservationFilterChainDecorator.java:240)
	at org.springframework.security.web.ObservationFilterChainDecorator$ObservationFilter.doFilter(ObservationFilterChainDecorator.java:227)
	at org.springframework.security.web.ObservationFilterChainDecorator$VirtualFilterChain.doFilter(ObservationFilterChainDecorator.java:137)
	at org.springframework.security.web.servletapi.SecurityContextHolderAwareRequestFilter.doFilter(SecurityContextHolderAwareRequestFilter.java:179)
	at org.springframework.security.web.ObservationFilterChainDecorator$ObservationFilter.wrapFilter(ObservationFilterChainDecorator.java:240)
	at org.springframework.security.web.ObservationFilterChainDecorator$ObservationFilter.doFilter(ObservationFilterChainDecorator.java:227)
	at org.springframework.security.web.ObservationFilterChainDecorator$VirtualFilterChain.doFilter(ObservationFilterChainDecorator.java:137)
	at org.springframework.security.web.savedrequest.RequestCacheAwareFilter.doFilter(RequestCacheAwareFilter.java:63)
	at org.springframework.security.web.ObservationFilterChainDecorator$ObservationFilter.wrapFilter(ObservationFilterChainDecorator.java:240)
	at org.springframework.security.web.ObservationFilterChainDecorator$ObservationFilter.doFilter(ObservationFilterChainDecorator.java:227)
	at org.springframework.security.web.ObservationFilterChainDecorator$VirtualFilterChain.doFilter(ObservationFilterChainDecorator.java:137)
	at de.tum.cit.aet.artemis.core.security.filter.SpaWebFilter.doFilterInternal(SpaWebFilter.java:23)
	at org.springframework.web.filter.OncePerRequestFilter.doFilter(OncePerRequestFilter.java:116)
	at org.springframework.security.web.ObservationFilterChainDecorator$ObservationFilter.wrapFilter(ObservationFilterChainDecorator.java:240)
	at org.springframework.security.web.ObservationFilterChainDecorator$ObservationFilter.doFilter(ObservationFilterChainDecorator.java:227)
	at org.springframework.security.web.ObservationFilterChainDecorator$VirtualFilterChain.doFilter(ObservationFilterChainDecorator.java:137)
	at org.springframework.web.filter.OncePerRequestFilter.doFilter(OncePerRequestFilter.java:110)
	at org.springframework.security.web.ObservationFilterChainDecorator$ObservationFilter.wrapFilter(ObservationFilterChainDecorator.java:240)
	at org.springframework.security.web.ObservationFilterChainDecorator$ObservationFilter.doFilter(ObservationFilterChainDecorator.java:227)
	at org.springframework.security.web.ObservationFilterChainDecorator$VirtualFilterChain.doFilter(ObservationFilterChainDecorator.java:137)
	at de.tum.cit.aet.artemis.lti.config.Lti13LaunchFilter.doFilterInternal(Lti13LaunchFilter.java:60)
	at org.springframework.web.filter.OncePerRequestFilter.doFilter(OncePerRequestFilter.java:116)
	at org.springframework.security.web.ObservationFilterChainDecorator$ObservationFilter.wrapFilter(ObservationFilterChainDecorator.java:240)
	at org.springframework.security.web.ObservationFilterChainDecorator$ObservationFilter.doFilter(ObservationFilterChainDecorator.java:227)
	at org.springframework.security.web.ObservationFilterChainDecorator$VirtualFilterChain.doFilter(ObservationFilterChainDecorator.java:137)
	at de.tum.cit.aet.artemis.core.security.jwt.JWTFilter.doFilter(JWTFilter.java:55)
	at org.springframework.security.web.ObservationFilterChainDecorator$ObservationFilter.wrapFilter(ObservationFilterChainDecorator.java:240)
	at org.springframework.security.web.ObservationFilterChainDecorator$ObservationFilter.doFilter(ObservationFilterChainDecorator.java:227)
	at org.springframework.security.web.ObservationFilterChainDecorator$VirtualFilterChain.doFilter(ObservationFilterChainDecorator.java:137)
	at de.tum.cit.aet.artemis.core.security.jwt.JWTFilter.doFilter(JWTFilter.java:55)
	at org.springframework.security.web.ObservationFilterChainDecorator$ObservationFilter.wrapFilter(ObservationFilterChainDecorator.java:240)
	at org.springframework.security.web.ObservationFilterChainDecorator$ObservationFilter.doFilter(ObservationFilterChainDecorator.java:227)
	at org.springframework.security.web.ObservationFilterChainDecorator$VirtualFilterChain.doFilter(ObservationFilterChainDecorator.java:137)
	at org.springframework.web.filter.CorsFilter.doFilterInternal(CorsFilter.java:91)
	at org.springframework.web.filter.OncePerRequestFilter.doFilter(OncePerRequestFilter.java:116)
	at org.springframework.security.web.ObservationFilterChainDecorator$ObservationFilter.wrapFilter(ObservationFilterChainDecorator.java:240)
	at org.springframework.security.web.ObservationFilterChainDecorator$ObservationFilter.doFilter(ObservationFilterChainDecorator.java:227)
	at org.springframework.security.web.ObservationFilterChainDecorator$VirtualFilterChain.doFilter(ObservationFilterChainDecorator.java:137)
	at org.springframework.web.filter.OncePerRequestFilter.doFilter(OncePerRequestFilter.java:110)
	at org.springframework.security.web.ObservationFilterChainDecorator$ObservationFilter.wrapFilter(ObservationFilterChainDecorator.java:240)
	at org.springframework.security.web.ObservationFilterChainDecorator$ObservationFilter.doFilter(ObservationFilterChainDecorator.java:227)
	at org.springframework.security.web.ObservationFilterChainDecorator$VirtualFilterChain.doFilter(ObservationFilterChainDecorator.java:137)
	at uk.ac.ox.ctl.lti13.security.oauth2.client.lti.web.OAuth2AuthorizationRequestRedirectFilter.doFilterInternal(OAuth2AuthorizationRequestRedirectFilter.java:142)
	at org.springframework.web.filter.OncePerRequestFilter.doFilter(OncePerRequestFilter.java:116)
	at org.springframework.security.web.ObservationFilterChainDecorator$ObservationFilter.wrapFilter(ObservationFilterChainDecorator.java:240)
	at org.springframework.security.web.ObservationFilterChainDecorator$ObservationFilter.doFilter(ObservationFilterChainDecorator.java:227)
	at org.springframework.security.web.ObservationFilterChainDecorator$VirtualFilterChain.doFilter(ObservationFilterChainDecorator.java:137)
	at org.springframework.security.web.authentication.logout.LogoutFilter.doFilter(LogoutFilter.java:107)
	at org.springframework.security.web.authentication.logout.LogoutFilter.doFilter(LogoutFilter.java:93)
	at org.springframework.security.web.ObservationFilterChainDecorator$ObservationFilter.wrapFilter(ObservationFilterChainDecorator.java:240)
	at org.springframework.security.web.ObservationFilterChainDecorator$ObservationFilter.doFilter(ObservationFilterChainDecorator.java:227)
	at org.springframework.security.web.ObservationFilterChainDecorator$VirtualFilterChain.doFilter(ObservationFilterChainDecorator.java:137)
	at org.springframework.security.web.header.HeaderWriterFilter.doHeadersAfter(HeaderWriterFilter.java:90)
	at org.springframework.security.web.header.HeaderWriterFilter.doFilterInternal(HeaderWriterFilter.java:75)
	at org.springframework.web.filter.OncePerRequestFilter.doFilter(OncePerRequestFilter.java:116)
	at org.springframework.security.web.ObservationFilterChainDecorator$ObservationFilter.wrapFilter(ObservationFilterChainDecorator.java:240)
	at org.springframework.security.web.ObservationFilterChainDecorator$ObservationFilter.doFilter(ObservationFilterChainDecorator.java:227)
	at org.springframework.security.web.ObservationFilterChainDecorator$VirtualFilterChain.doFilter(ObservationFilterChainDecorator.java:137)
	at org.springframework.security.web.context.SecurityContextHolderFilter.doFilter(SecurityContextHolderFilter.java:82)
	at org.springframework.security.web.context.SecurityContextHolderFilter.doFilter(SecurityContextHolderFilter.java:69)
	at org.springframework.security.web.ObservationFilterChainDecorator$ObservationFilter.wrapFilter(ObservationFilterChainDecorator.java:240)
	at org.springframework.security.web.ObservationFilterChainDecorator$ObservationFilter.doFilter(ObservationFilterChainDecorator.java:227)
	at org.springframework.security.web.ObservationFilterChainDecorator$VirtualFilterChain.doFilter(ObservationFilterChainDecorator.java:137)
	at org.springframework.security.web.context.request.async.WebAsyncManagerIntegrationFilter.doFilterInternal(WebAsyncManagerIntegrationFilter.java:62)
	at org.springframework.web.filter.OncePerRequestFilter.doFilter(OncePerRequestFilter.java:116)
	at org.springframework.security.web.ObservationFilterChainDecorator$ObservationFilter.wrapFilter(ObservationFilterChainDecorator.java:240)
	at org.springframework.security.web.ObservationFilterChainDecorator$ObservationFilter.doFilter(ObservationFilterChainDecorator.java:227)
	at org.springframework.security.web.ObservationFilterChainDecorator$VirtualFilterChain.doFilter(ObservationFilterChainDecorator.java:137)
	at org.springframework.security.web.session.DisableEncodeUrlFilter.doFilterInternal(DisableEncodeUrlFilter.java:42)
	at org.springframework.web.filter.OncePerRequestFilter.doFilter(OncePerRequestFilter.java:116)
	at org.springframework.security.web.ObservationFilterChainDecorator$ObservationFilter.wrapFilter(ObservationFilterChainDecorator.java:240)
	at org.springframework.security.web.ObservationFilterChainDecorator$AroundFilterObservation$SimpleAroundFilterObservation.lambda$wrap$0(ObservationFilterChainDecorator.java:323)
	at org.springframework.security.web.ObservationFilterChainDecorator$ObservationFilter.doFilter(ObservationFilterChainDecorator.java:224)
	at org.springframework.security.web.ObservationFilterChainDecorator$VirtualFilterChain.doFilter(ObservationFilterChainDecorator.java:137)
	at org.springframework.security.web.FilterChainProxy.doFilterInternal(FilterChainProxy.java:233)
	at org.springframework.security.web.FilterChainProxy.doFilter(FilterChainProxy.java:191)
	at org.springframework.web.filter.CompositeFilter$VirtualFilterChain.doFilter(CompositeFilter.java:113)
	at org.springframework.web.servlet.handler.HandlerMappingIntrospector.lambda$createCacheFilter$3(HandlerMappingIntrospector.java:243)
	at org.springframework.web.filter.CompositeFilter$VirtualFilterChain.doFilter(CompositeFilter.java:113)
	at org.springframework.web.filter.CompositeFilter.doFilter(CompositeFilter.java:74)
	at org.springframework.security.config.annotation.web.configuration.WebMvcSecurityConfiguration$CompositeFilterChainProxy.doFilter(WebMvcSecurityConfiguration.java:238)
	at org.springframework.web.filter.DelegatingFilterProxy.invokeDelegate(DelegatingFilterProxy.java:362)
	at org.springframework.web.filter.DelegatingFilterProxy.doFilter(DelegatingFilterProxy.java:278)
	at org.springframework.test.web.servlet.setup.MockMvcFilterDecorator.doFilter(MockMvcFilterDecorator.java:162)
	at org.springframework.mock.web.MockFilterChain.doFilter(MockFilterChain.java:132)
	at org.springframework.web.filter.RequestContextFilter.doFilterInternal(RequestContextFilter.java:100)
	at org.springframework.web.filter.OncePerRequestFilter.doFilter(OncePerRequestFilter.java:116)
	at org.springframework.test.web.servlet.setup.MockMvcFilterDecorator.doFilter(MockMvcFilterDecorator.java:162)
	at org.springframework.mock.web.MockFilterChain.doFilter(MockFilterChain.java:132)
	at org.springframework.web.filter.FormContentFilter.doFilterInternal(FormContentFilter.java:93)
	at org.springframework.web.filter.OncePerRequestFilter.doFilter(OncePerRequestFilter.java:116)
	at org.springframework.test.web.servlet.setup.MockMvcFilterDecorator.doFilter(MockMvcFilterDecorator.java:162)
	at org.springframework.mock.web.MockFilterChain.doFilter(MockFilterChain.java:132)
	at org.springframework.web.filter.ServerHttpObservationFilter.doFilterInternal(ServerHttpObservationFilter.java:114)
	at org.springframework.web.filter.OncePerRequestFilter.doFilter(OncePerRequestFilter.java:116)
	at org.springframework.test.web.servlet.setup.MockMvcFilterDecorator.doFilter(MockMvcFilterDecorator.java:162)
	at org.springframework.mock.web.MockFilterChain.doFilter(MockFilterChain.java:132)
	at io.sentry.spring.jakarta.tracing.SentryTracingFilter.doFilterInternal(SentryTracingFilter.java:91)
	at org.springframework.web.filter.OncePerRequestFilter.doFilter(OncePerRequestFilter.java:116)
	at org.springframework.test.web.servlet.setup.MockMvcFilterDecorator.doFilter(MockMvcFilterDecorator.java:162)
	at org.springframework.mock.web.MockFilterChain.doFilter(MockFilterChain.java:132)
	at org.springframework.web.filter.CharacterEncodingFilter.doFilterInternal(CharacterEncodingFilter.java:201)
	at org.springframework.web.filter.OncePerRequestFilter.doFilter(OncePerRequestFilter.java:116)
	at org.springframework.test.web.servlet.setup.MockMvcFilterDecorator.doFilter(MockMvcFilterDecorator.java:162)
	at org.springframework.mock.web.MockFilterChain.doFilter(MockFilterChain.java:132)
	at io.sentry.spring.jakarta.SentrySpringFilter.doFilterInternal(SentrySpringFilter.java:76)
	at org.springframework.web.filter.OncePerRequestFilter.doFilter(OncePerRequestFilter.java:116)
	at org.springframework.test.web.servlet.setup.MockMvcFilterDecorator.doFilter(MockMvcFilterDecorator.java:162)
	at org.springframework.mock.web.MockFilterChain.doFilter(MockFilterChain.java:132)
	at org.springframework.test.web.servlet.MockMvc.perform(MockMvc.java:201)
	at de.tum.cit.aet.artemis.core.util.RequestUtilService.performMvcRequest(RequestUtilService.java:79)
	at de.tum.cit.aet.artemis.programming.CourseGitlabJenkinsIntegrationTest.testSetPermissionsForNewGroupMembersInCourseFails(CourseGitlabJenkinsIntegrationTest.java:240)
	at java.base/jdk.internal.reflect.DirectMethodHandleAccessor.invoke(DirectMethodHandleAccessor.java:103)
	at java.base/java.lang.reflect.Method.invoke(Method.java:580)
	at org.junit.platform.commons.util.ReflectionUtils.invokeMethod(ReflectionUtils.java:767)
	at org.junit.jupiter.engine.execution.MethodInvocation.proceed(MethodInvocation.java:60)
	at org.junit.jupiter.engine.execution.InvocationInterceptorChain$ValidatingInvocation.proceed(InvocationInterceptorChain.java:131)
	at org.junit.jupiter.engine.extension.TimeoutExtension.intercept(TimeoutExtension.java:156)
	at org.junit.jupiter.engine.extension.TimeoutExtension.interceptTestableMethod(TimeoutExtension.java:147)
	at org.junit.jupiter.engine.extension.TimeoutExtension.interceptTestMethod(TimeoutExtension.java:86)
	at org.junit.jupiter.engine.execution.InterceptingExecutableInvoker$ReflectiveInterceptorCall.lambda$ofVoidMethod$0(InterceptingExecutableInvoker.java:103)
	at org.junit.jupiter.engine.execution.InterceptingExecutableInvoker.lambda$invoke$0(InterceptingExecutableInvoker.java:93)
	at org.junit.jupiter.engine.execution.InvocationInterceptorChain$InterceptedInvocation.proceed(InvocationInterceptorChain.java:106)
	at org.junit.jupiter.engine.execution.InvocationInterceptorChain.proceed(InvocationInterceptorChain.java:64)
	at org.junit.jupiter.engine.execution.InvocationInterceptorChain.chainAndInvoke(InvocationInterceptorChain.java:45)
	at org.junit.jupiter.engine.execution.InvocationInterceptorChain.invoke(InvocationInterceptorChain.java:37)
	at org.junit.jupiter.engine.execution.InterceptingExecutableInvoker.invoke(InterceptingExecutableInvoker.java:92)
	at org.junit.jupiter.engine.execution.InterceptingExecutableInvoker.invoke(InterceptingExecutableInvoker.java:86)
	at org.junit.jupiter.engine.descriptor.TestMethodTestDescriptor.lambda$invokeTestMethod$8(TestMethodTestDescriptor.java:217)
	at org.junit.platform.engine.support.hierarchical.ThrowableCollector.execute(ThrowableCollector.java:73)
	at org.junit.jupiter.engine.descriptor.TestMethodTestDescriptor.invokeTestMethod(TestMethodTestDescriptor.java:213)
	at org.junit.jupiter.engine.descriptor.TestMethodTestDescriptor.execute(TestMethodTestDescriptor.java:138)
	at org.junit.jupiter.engine.descriptor.TestMethodTestDescriptor.execute(TestMethodTestDescriptor.java:68)
	at org.junit.platform.engine.support.hierarchical.NodeTestTask.lambda$executeRecursively$6(NodeTestTask.java:156)
	at org.junit.platform.engine.support.hierarchical.ThrowableCollector.execute(ThrowableCollector.java:73)
	at org.junit.platform.engine.support.hierarchical.NodeTestTask.lambda$executeRecursively$8(NodeTestTask.java:146)
	at org.junit.platform.engine.support.hierarchical.Node.around(Node.java:137)
	at org.junit.platform.engine.support.hierarchical.NodeTestTask.lambda$executeRecursively$9(NodeTestTask.java:144)
	at org.junit.platform.engine.support.hierarchical.ThrowableCollector.execute(ThrowableCollector.java:73)
	at org.junit.platform.engine.support.hierarchical.NodeTestTask.executeRecursively(NodeTestTask.java:143)
	at org.junit.platform.engine.support.hierarchical.NodeTestTask.execute(NodeTestTask.java:100)
	at org.junit.platform.engine.support.hierarchical.ForkJoinPoolHierarchicalTestExecutorService$ExclusiveTask.exec(ForkJoinPoolHierarchicalTestExecutorService.java:274)
	at org.junit.platform.engine.support.hierarchical.ForkJoinPoolHierarchicalTestExecutorService$ExclusiveTask.execSync(ForkJoinPoolHierarchicalTestExecutorService.java:247)
	at org.junit.platform.engine.support.hierarchical.ForkJoinPoolHierarchicalTestExecutorService.executeSync(ForkJoinPoolHierarchicalTestExecutorService.java:194)
	at org.junit.platform.engine.support.hierarchical.ForkJoinPoolHierarchicalTestExecutorService.invokeAll(ForkJoinPoolHierarchicalTestExecutorService.java:166)
	at org.junit.platform.engine.support.hierarchical.NodeTestTask.lambda$executeRecursively$6(NodeTestTask.java:160)
	at org.junit.platform.engine.support.hierarchical.ThrowableCollector.execute(ThrowableCollector.java:73)
	at org.junit.platform.engine.support.hierarchical.NodeTestTask.lambda$executeRecursively$8(NodeTestTask.java:146)
	at org.junit.platform.engine.support.hierarchical.Node.around(Node.java:137)
	at org.junit.platform.engine.support.hierarchical.NodeTestTask.lambda$executeRecursively$9(NodeTestTask.java:144)
	at org.junit.platform.engine.support.hierarchical.ThrowableCollector.execute(ThrowableCollector.java:73)
	at org.junit.platform.engine.support.hierarchical.NodeTestTask.executeRecursively(NodeTestTask.java:143)
	at org.junit.platform.engine.support.hierarchical.NodeTestTask.execute(NodeTestTask.java:100)
	at org.junit.platform.engine.support.hierarchical.ForkJoinPoolHierarchicalTestExecutorService$ExclusiveTask.exec(ForkJoinPoolHierarchicalTestExecutorService.java:274)
	at java.base/java.util.concurrent.ForkJoinTask.doExec(ForkJoinTask.java:387)
	at java.base/java.util.concurrent.ForkJoinPool$WorkQueue.topLevelExec(ForkJoinPool.java:1312)
	at java.base/java.util.concurrent.ForkJoinPool.scan(ForkJoinPool.java:1843)
	at java.base/java.util.concurrent.ForkJoinPool.runWorker(ForkJoinPool.java:1808)
	at java.base/java.util.concurrent.ForkJoinWorkerThread.run(ForkJoinWorkerThread.java:188)
Caused by: org.gitlab4j.api.GitLabApiException: null

  Starting logs for CourseGitlabJenkinsIntegrationTest > testUpdateValidOnlineCourseConfiguration_IdMismatch()
    23:44:25.141 | 441 ool-1-worker-205 | DEBUG | d.t.c.a.a.c.u.util.UserUtilService   : Generate 8 students...
    23:44:25.152 | 441 ool-1-worker-205 | DEBUG | d.t.c.a.a.c.u.util.UserUtilService   : 8 students generated. Generate 5 tutors...
    23:44:25.163 | 441 ool-1-worker-205 | DEBUG | d.t.c.a.a.c.u.util.UserUtilService   : 5 tutors generated. Generate 1 editors...
    23:44:25.167 | 441 ool-1-worker-205 | DEBUG | d.t.c.a.a.c.u.util.UserUtilService   : 1 editors generated. Generate 1 instructors...
    23:44:25.174 | 441 ool-1-worker-205 | DEBUG | d.t.c.a.a.c.u.util.UserUtilService   : 1 instructors generated
    23:44:25.181 | 441 ool-1-worker-205 | DEBUG | d.t.c.a.a.c.u.util.UserUtilService   : Removing 17 users from all courses...
    23:44:25.186 | 441 ool-1-worker-205 | DEBUG | d.t.c.a.a.c.u.util.UserUtilService   : Removing 17 users from all courses. Done
    23:44:25.186 | 441 ool-1-worker-205 | DEBUG | d.t.c.a.a.c.u.util.UserUtilService   : Save 15 users to database...
    23:44:25.203 | 441 ool-1-worker-205 | DEBUG | d.t.c.a.a.c.u.util.UserUtilService   : Save 15 users to database. Done
    23:44:25.217 | 441 ool-1-worker-205 | INFO  | i.z.t.d.l.EmbeddedDatabaseReporter   : JDBC URL to connect to 'dataSource': url='jdbc:h2:tcp://localhost:41063/mem:736625c0-cf5e-400d-aeaa-8a7eabd6262b;USER=sa', scope='CourseGitlabJenkinsIntegrationTest#testUpdateValidOnlineCourseConfiguration_IdMismatch'
    23:44:25.218 | 441 ool-1-worker-205 | DEBUG | d.t.c.a.a.c.s.f.ApiVersionFilter     : Adding Version to Request POST /api/admin/courses
    23:44:25.221 | 441 ool-1-worker-205 | DEBUG | d.t.c.a.a.c.w.a.AdminCourseResource  : REST request to save Course : Course{id=null, title='Course title 4ab9b7f5-fa24-4693-af3e-99102a5dd6a0', description='null', shortName='short49c24edc01e220434d092e8027265fe03580', studentGroupName='student', teachingAssistantGroupName='tutor', editorGroupName='editor', instructorGroupName='instructor', startDate='2025-02-13T23:44:25.217087096Z', endDate='2025-02-14T23:44:25.217089120Z', enrollmentStartDate='null', enrollmentEndDate='null', unenrollmentEndDate='null', semester='null'', onlineCourse='true', color='null', courseIcon='null', enrollmentEnabled='false', unenrollmentEnabled='false', presentationScore='2', faqEnabled='false'}
    23:44:25.230 | 441 ool-1-worker-205 | DEBUG | d.t.c.a.a.c.s.f.ApiVersionFilter     : Adding Version to Request PUT /api/courses/800/online-course-configuration
    23:44:25.231 | 441 ool-1-worker-205 | DEBUG | d.t.c.a.artemis.lti.web.LtiResource  : REST request to update the online course configuration for Course : 800
    23:44:25.239 | 441 ool-1-worker-205 | ERROR | tech.jhipster.web.util.HeaderUtil    : Entity processing failed, The onlineCourseConfigurationId does not match the id of the course's onlineCourseConfiguration
    23:44:25.239 | 441 ool-1-worker-205 | WARN  | o.z.p.spring.common.AdviceTraits     : Bad Request: The onlineCourseConfigurationId does not match the id of the course's onlineCourseConfiguration

  Starting logs for CourseGitlabJenkinsIntegrationTest > testGetAssessmentDashboardStats_withoutAssessments()
    23:44:25.258 | 441 ool-1-worker-205 | DEBUG | d.t.c.a.a.c.u.util.UserUtilService   : Generate 8 students...
    23:44:25.282 | 441 ool-1-worker-205 | DEBUG | d.t.c.a.a.c.u.util.UserUtilService   : 8 students generated. Generate 5 tutors...
    23:44:25.290 | 441 ool-1-worker-205 | DEBUG | d.t.c.a.a.c.u.util.UserUtilService   : 5 tutors generated. Generate 1 editors...
    23:44:25.292 | 441 ool-1-worker-205 | DEBUG | d.t.c.a.a.c.u.util.UserUtilService   : 1 editors generated. Generate 1 instructors...
    23:44:25.295 | 441 ool-1-worker-205 | DEBUG | d.t.c.a.a.c.u.util.UserUtilService   : 1 instructors generated
    23:44:25.297 | 441 ool-1-worker-205 | DEBUG | d.t.c.a.a.c.u.util.UserUtilService   : Removing 16 users from all courses...
    23:44:25.299 | 441 ool-1-worker-205 | DEBUG | d.t.c.a.a.c.u.util.UserUtilService   : Removing 16 users from all courses. Done
    23:44:25.299 | 441 ool-1-worker-205 | DEBUG | d.t.c.a.a.c.u.util.UserUtilService   : Save 15 users to database...
    23:44:25.308 | 441 ool-1-worker-205 | DEBUG | d.t.c.a.a.c.u.util.UserUtilService   : Save 15 users to database. Done
    23:44:25.318 | 441 ool-1-worker-205 | INFO  | i.z.t.d.l.EmbeddedDatabaseReporter   : JDBC URL to connect to 'dataSource': url='jdbc:h2:tcp://localhost:41063/mem:736625c0-cf5e-400d-aeaa-8a7eabd6262b;USER=sa', scope='CourseGitlabJenkinsIntegrationTest#testGetAssessmentDashboardStats_withoutAssessments'
    23:44:25.592 | 441 ool-1-worker-205 | DEBUG | d.t.c.a.a.c.s.f.ApiVersionFilter     : Adding Version to Request GET /api/courses/801/stats-for-assessment-dashboard

  Starting logs for CourseGitlabJenkinsIntegrationTest > testCreateAndUpdateCourseWithCourseImage()
    23:44:25.637 | 441 ool-1-worker-205 | DEBUG | d.t.c.a.a.c.u.util.UserUtilService   : Generate 8 students...
    23:44:25.654 | 441 ool-1-worker-205 | DEBUG | d.t.c.a.a.c.u.util.UserUtilService   : 8 students generated. Generate 5 tutors...
    23:44:25.668 | 441 ool-1-worker-205 | DEBUG | d.t.c.a.a.c.u.util.UserUtilService   : 5 tutors generated. Generate 1 editors...
    23:44:25.671 | 441 ool-1-worker-205 | DEBUG | d.t.c.a.a.c.u.util.UserUtilService   : 1 editors generated. Generate 1 instructors...
    23:44:25.674 | 441 ool-1-worker-205 | DEBUG | d.t.c.a.a.c.u.util.UserUtilService   : 1 instructors generated
    23:44:25.676 | 441 ool-1-worker-205 | DEBUG | d.t.c.a.a.c.u.util.UserUtilService   : Removing 16 users from all courses...
    23:44:25.678 | 441 ool-1-worker-205 | DEBUG | d.t.c.a.a.c.u.util.UserUtilService   : Removing 16 users from all courses. Done
    23:44:25.678 | 441 ool-1-worker-205 | DEBUG | d.t.c.a.a.c.u.util.UserUtilService   : Save 15 users to database...
    23:44:25.688 | 441 ool-1-worker-205 | DEBUG | d.t.c.a.a.c.u.util.UserUtilService   : Save 15 users to database. Done
    23:44:25.699 | 441 ool-1-worker-205 | INFO  | i.z.t.d.l.EmbeddedDatabaseReporter   : JDBC URL to connect to 'dataSource': url='jdbc:h2:tcp://localhost:41063/mem:736625c0-cf5e-400d-aeaa-8a7eabd6262b;USER=sa', scope='CourseGitlabJenkinsIntegrationTest#testCreateAndUpdateCourseWithCourseImage'
    23:44:25.700 | 441 ool-1-worker-205 | DEBUG | d.t.c.a.a.c.s.f.ApiVersionFilter     : Adding Version to Request POST /api/admin/courses
    23:44:25.701 | 441 ool-1-worker-205 | DEBUG | d.t.c.a.a.c.w.a.AdminCourseResource  : REST request to save Course : Course{id=null, title='Course title 9ab3ce67-0d04-4240-b7f0-47a33c8254d7', description='null', shortName='short374d2a2d0e82f0421d0805005ef4e269e3d5', studentGroupName='null', teachingAssistantGroupName='null', editorGroupName='null', instructorGroupName='null', startDate='null', endDate='null', enrollmentStartDate='null', enrollmentEndDate='null', unenrollmentEndDate='null', semester='null'', onlineCourse='false', color='null', courseIcon='null', enrollmentEnabled='false', unenrollmentEnabled='false', presentationScore='2', faqEnabled='false'}
    23:44:25.713 | 441 ool-1-worker-205 | DEBUG | d.t.c.a.a.c.s.f.ApiVersionFilter     : Adding Version to Request GET /api/files/course/icons/802/CourseIcon_2025-02-14T23-44-25-702_819a0d70.png
    23:44:25.714 | 441 ool-1-worker-205 | DEBUG | d.t.c.a.a.core.web.FileResource      : REST request to get icon for course : 802
    23:44:25.716 | 441 ool-1-worker-205 | DEBUG | d.t.c.a.a.c.s.f.ApiVersionFilter     : Adding Version to Request PUT /api/courses/802
    23:44:25.717 | 441 ool-1-worker-205 | DEBUG | d.t.c.a.a.core.web.CourseResource    : REST request to update Course : Course{id=802, title='Course title 9ab3ce67-0d04-4240-b7f0-47a33c8254d7', description='new description', shortName='short374d2a2d0e82f0421d0805005ef4e269e3d5', studentGroupName='artemis-short374d2a2d0e82f0421d0805005ef4e269e3d5-students', teachingAssistantGroupName='artemis-short374d2a2d0e82f0421d0805005ef4e269e3d5-tutors', editorGroupName='artemis-short374d2a2d0e82f0421d0805005ef4e269e3d5-editors', instructorGroupName='artemis-short374d2a2d0e82f0421d0805005ef4e269e3d5-instructors', startDate='null', endDate='null', enrollmentStartDate='null', enrollmentEndDate='null', unenrollmentEndDate='null', semester='null'', onlineCourse='false', color='null', courseIcon='/api/files/course/icons/802/CourseIcon_2025-02-14T23-44-25-702_819a0d70.png', enrollmentEnabled='false', unenrollmentEnabled='false', presentationScore='2', faqEnabled='false'}
    23:44:25.720 | 732 pool-3-thread-2  | INFO  | d.t.c.a.a.core.service.FileService   : Delete file uploads/images/course/icons/CourseIcon_2025-02-14T23-44-25-702_819a0d70.png

  Starting logs for CourseGitlabJenkinsIntegrationTest > testAddStudentOrTutorOrInstructorToCourse_AsInstructorOfOtherCourse_forbidden()
    23:44:25.739 | 441 ool-1-worker-205 | DEBUG | d.t.c.a.a.c.u.util.UserUtilService   : Generate 8 students...
    23:44:25.750 | 441 ool-1-worker-205 | DEBUG | d.t.c.a.a.c.u.util.UserUtilService   : 8 students generated. Generate 5 tutors...
    23:44:25.758 | 441 ool-1-worker-205 | DEBUG | d.t.c.a.a.c.u.util.UserUtilService   : 5 tutors generated. Generate 1 editors...
    23:44:25.761 | 441 ool-1-worker-205 | DEBUG | d.t.c.a.a.c.u.util.UserUtilService   : 1 editors generated. Generate 1 instructors...
    23:44:25.764 | 441 ool-1-worker-205 | DEBUG | d.t.c.a.a.c.u.util.UserUtilService   : 1 instructors generated
    23:44:25.766 | 441 ool-1-worker-205 | DEBUG | d.t.c.a.a.c.u.util.UserUtilService   : Removing 16 users from all courses...
    23:44:25.768 | 441 ool-1-worker-205 | DEBUG | d.t.c.a.a.c.u.util.UserUtilService   : Removing 16 users from all courses. Done
    23:44:25.768 | 441 ool-1-worker-205 | DEBUG | d.t.c.a.a.c.u.util.UserUtilService   : Save 15 users to database...
    23:44:25.778 | 441 ool-1-worker-205 | DEBUG | d.t.c.a.a.c.u.util.UserUtilService   : Save 15 users to database. Done
    23:44:25.789 | 441 ool-1-worker-205 | INFO  | i.z.t.d.l.EmbeddedDatabaseReporter   : JDBC URL to connect to 'dataSource': url='jdbc:h2:tcp://localhost:41063/mem:736625c0-cf5e-400d-aeaa-8a7eabd6262b;USER=sa', scope='CourseGitlabJenkinsIntegrationTest#testAddStudentOrTutorOrInstructorToCourse_AsInstructorOfOtherCourse_forbidden'
    23:44:25.840 | 441 ool-1-worker-205 | DEBUG | d.t.c.a.a.c.s.f.ApiVersionFilter     : Adding Version to Request POST /api/courses/803/students/courseegitlabjenkinsstudent1
    23:44:25.841 | 441 ool-1-worker-205 | DEBUG | d.t.c.a.a.core.web.CourseResource    : REST request to add courseegitlabjenkinsstudent1 as student to course : 803
    23:44:25.843 | 441 ool-1-worker-205 | WARN  | o.z.p.spring.common.AdviceTraits     : Forbidden: You are not allowed to access this resource
    23:44:25.844 | 441 ool-1-worker-205 | DEBUG | d.t.c.a.a.c.s.f.ApiVersionFilter     : Adding Version to Request POST /api/courses/803/tutors/courseegitlabjenkinstutor1
    23:44:25.844 | 441 ool-1-worker-205 | DEBUG | d.t.c.a.a.core.web.CourseResource    : REST request to add courseegitlabjenkinstutor1 as tutors to course : 803
    23:44:25.846 | 441 ool-1-worker-205 | WARN  | o.z.p.spring.common.AdviceTraits     : Forbidden: You are not allowed to access this resource
    23:44:25.847 | 441 ool-1-worker-205 | DEBUG | d.t.c.a.a.c.s.f.ApiVersionFilter     : Adding Version to Request POST /api/courses/803/editors/courseegitlabjenkinseditor1
    23:44:25.848 | 441 ool-1-worker-205 | DEBUG | d.t.c.a.a.core.web.CourseResource    : REST request to add courseegitlabjenkinseditor1 as editors to course : 803
    23:44:25.849 | 441 ool-1-worker-205 | WARN  | o.z.p.spring.common.AdviceTraits     : Forbidden: You are not allowed to access this resource
    23:44:25.850 | 441 ool-1-worker-205 | DEBUG | d.t.c.a.a.c.s.f.ApiVersionFilter     : Adding Version to Request POST /api/courses/803/instructors/courseegitlabjenkinsinstructor1
    23:44:25.851 | 441 ool-1-worker-205 | DEBUG | d.t.c.a.a.core.web.CourseResource    : REST request to add courseegitlabjenkinsinstructor1 as instructors to course : 803
    23:44:25.852 | 441 ool-1-worker-205 | WARN  | o.z.p.spring.common.AdviceTraits     : Forbidden: You are not allowed to access this resource

  Starting logs for CourseGitlabJenkinsIntegrationTest > testGetAllStudentsOrTutorsOrInstructorsInCourse_AsInstructorOfOtherCourse_forbidden()
    23:44:25.885 | 441 ool-1-worker-205 | DEBUG | d.t.c.a.a.c.u.util.UserUtilService   : Generate 8 students...
    23:44:25.907 | 441 ool-1-worker-205 | DEBUG | d.t.c.a.a.c.u.util.UserUtilService   : 8 students generated. Generate 5 tutors...
    23:44:25.922 | 441 ool-1-worker-205 | DEBUG | d.t.c.a.a.c.u.util.UserUtilService   : 5 tutors generated. Generate 1 editors...
    23:44:25.928 | 441 ool-1-worker-205 | DEBUG | d.t.c.a.a.c.u.util.UserUtilService   : 1 editors generated. Generate 1 instructors...
    23:44:25.934 | 441 ool-1-worker-205 | DEBUG | d.t.c.a.a.c.u.util.UserUtilService   : 1 instructors generated
    23:44:25.939 | 441 ool-1-worker-205 | DEBUG | d.t.c.a.a.c.u.util.UserUtilService   : Removing 16 users from all courses...
    23:44:25.942 | 441 ool-1-worker-205 | DEBUG | d.t.c.a.a.c.u.util.UserUtilService   : Removing 16 users from all courses. Done
    23:44:25.942 | 441 ool-1-worker-205 | DEBUG | d.t.c.a.a.c.u.util.UserUtilService   : Save 15 users to database...
    23:44:25.963 | 441 ool-1-worker-205 | DEBUG | d.t.c.a.a.c.u.util.UserUtilService   : Save 15 users to database. Done
    23:44:25.986 | 441 ool-1-worker-205 | INFO  | i.z.t.d.l.EmbeddedDatabaseReporter   : JDBC URL to connect to 'dataSource': url='jdbc:h2:tcp://localhost:41063/mem:736625c0-cf5e-400d-aeaa-8a7eabd6262b;USER=sa', scope='CourseGitlabJenkinsIntegrationTest#testGetAllStudentsOrTutorsOrInstructorsInCourse_AsInstructorOfOtherCourse_forbidden'
    23:44:25.990 | 441 ool-1-worker-205 | DEBUG | d.t.c.a.a.c.s.f.ApiVersionFilter     : Adding Version to Request GET /api/courses/804/students
    23:44:25.990 | 441 ool-1-worker-205 | DEBUG | d.t.c.a.a.core.web.CourseResource    : REST request to get all students in course : 804
    23:44:25.996 | 441 ool-1-worker-205 | WARN  | o.z.p.spring.common.AdviceTraits     : Forbidden: You are not allowed to access the Course with id 804
    23:44:25.997 | 441 ool-1-worker-205 | DEBUG | d.t.c.a.a.c.s.f.ApiVersionFilter     : Adding Version to Request GET /api/courses/804/tutors
    23:44:25.997 | 441 ool-1-worker-205 | DEBUG | d.t.c.a.a.core.web.CourseResource    : REST request to get all tutors in course : 804
    23:44:26.002 | 441 ool-1-worker-205 | WARN  | o.z.p.spring.common.AdviceTraits     : Forbidden: You are not allowed to access the Course with id 804
    23:44:26.007 | 441 ool-1-worker-205 | DEBUG | d.t.c.a.a.c.s.f.ApiVersionFilter     : Adding Version to Request GET /api/courses/804/instructors
    23:44:26.008 | 441 ool-1-worker-205 | DEBUG | d.t.c.a.a.core.web.CourseResource    : REST request to get all instructors in course : 804
    23:44:26.013 | 441 ool-1-worker-205 | WARN  | o.z.p.spring.common.AdviceTraits     : Forbidden: You are not allowed to access the Course with id 804

  Starting logs for CourseGitlabJenkinsIntegrationTest > testRemoveStudentOrTutorOrInstructorFromCourse()
    23:44:26.044 | 441 ool-1-worker-205 | DEBUG | d.t.c.a.a.c.u.util.UserUtilService   : Generate 8 students...
    23:44:26.055 | 441 ool-1-worker-205 | DEBUG | d.t.c.a.a.c.u.util.UserUtilService   : 8 students generated. Generate 5 tutors...
    23:44:26.063 | 441 ool-1-worker-205 | DEBUG | d.t.c.a.a.c.u.util.UserUtilService   : 5 tutors generated. Generate 1 editors...
    23:44:26.066 | 441 ool-1-worker-205 | DEBUG | d.t.c.a.a.c.u.util.UserUtilService   : 1 editors generated. Generate 1 instructors...
    23:44:26.068 | 441 ool-1-worker-205 | DEBUG | d.t.c.a.a.c.u.util.UserUtilService   : 1 instructors generated
    23:44:26.070 | 441 ool-1-worker-205 | DEBUG | d.t.c.a.a.c.u.util.UserUtilService   : Removing 16 users from all courses...
    23:44:26.072 | 441 ool-1-worker-205 | DEBUG | d.t.c.a.a.c.u.util.UserUtilService   : Removing 16 users from all courses. Done
    23:44:26.072 | 441 ool-1-worker-205 | DEBUG | d.t.c.a.a.c.u.util.UserUtilService   : Save 15 users to database...
    23:44:26.087 | 441 ool-1-worker-205 | DEBUG | d.t.c.a.a.c.u.util.UserUtilService   : Save 15 users to database. Done
    23:44:26.110 | 441 ool-1-worker-205 | INFO  | i.z.t.d.l.EmbeddedDatabaseReporter   : JDBC URL to connect to 'dataSource': url='jdbc:h2:tcp://localhost:41063/mem:736625c0-cf5e-400d-aeaa-8a7eabd6262b;USER=sa', scope='CourseGitlabJenkinsIntegrationTest#testRemoveStudentOrTutorOrInstructorFromCourse'
    23:44:26.738 | 441 ool-1-worker-205 | DEBUG | d.t.c.a.a.c.s.f.ApiVersionFilter     : Adding Version to Request DELETE /api/courses/805/students/courseegitlabjenkinsstudent1
    23:44:26.739 | 441 ool-1-worker-205 | DEBUG | d.t.c.a.a.core.web.CourseResource    : REST request to remove courseegitlabjenkinsstudent1 as student from course : 805
    23:44:26.745 | 441 ool-1-worker-205 | INFO  | d.t.c.a.a.c.service.user.UserService : Remove user courseegitlabjenkinsstudent1 from group tumuser
    23:44:26.750 | 441 ool-1-worker-205 | DEBUG | d.t.c.a.a.c.service.user.UserService : Save user User{login='courseegitlabjenkinsstudent1', firstName='courseegitlabjenkinsstudent1First', lastName='courseegitlabjenkinsstudent1Last', email='courseegitlabjenkinsstudent1@test.de', imageUrl='null', activated='true', langKey='en', activationKey='null'}
    23:44:26.757 | 441 ool-1-worker-205 | INFO  | .a.p.s.g.GitLabUserManagementService : Update Gitlab permissions for programming exercises: []
    23:44:26.763 | 441 ool-1-worker-205 | INFO  | a.p.s.j.JenkinsUserManagementService : Update Jenkins permissions (remove users from groups) for programming exercises: []
    23:44:26.768 | 441 ool-1-worker-205 | DEBUG | d.t.c.a.a.c.s.f.ApiVersionFilter     : Adding Version to Request DELETE /api/courses/805/tutors/courseegitlabjenkinstutor1
    23:44:26.768 | 441 ool-1-worker-205 | DEBUG | d.t.c.a.a.core.web.CourseResource    : REST request to remove courseegitlabjenkinstutor1 as tutor from course : 805
    23:44:26.774 | 441 ool-1-worker-205 | INFO  | d.t.c.a.a.c.service.user.UserService : Remove user courseegitlabjenkinstutor1 from group tutor
    23:44:26.779 | 441 ool-1-worker-205 | DEBUG | d.t.c.a.a.c.service.user.UserService : Save user User{login='courseegitlabjenkinstutor1', firstName='courseegitlabjenkinstutor1First', lastName='courseegitlabjenkinstutor1Last', email='courseegitlabjenkinstutor1@test.de', imageUrl='null', activated='true', langKey='en', activationKey='null'}
    23:44:26.844 | 441 ool-1-worker-205 | INFO  | .a.p.s.g.GitLabUserManagementService : Update Gitlab permissions for programming exercises: [null, null, SHORTDA184D9404036043920AC46061569DF9331ETSTEXC, SHORT4D18CB7903AAA049CD0891F00A7F77B5708ATSTEXC, SHORTE6CC1DA70D6B904FCF0AD3E0D4E2DA8018E7TSTEXC, SHORT2929F3C70393604A6A08F0803B79521686FDTSTEXC, SHORT95EE97310304B0435C08EDC0DFB1957C430DTSTEXC, SHORTCB0191F202F5404D7708DC50B0F54FF07D9ATSTEXC, SHORTE823DA4E035B904F250A6CB070A6B897835BTSTEXC, SHORT60AEF9F3062A804B80093E003D8346BCFDC4TSTEXC, SHORT015E8A9B05C69048AA087F40D0CD7F2312FDTSTEXC, SHORTE9ACA8550BFBA044EC08BCA09CE37420D51CTSTEXC, SHORT0D0C100208AE704FA90A38D0246D081FC16BTSTEXC, SHORT17FCEBBF01AB6041EF0B50E0F7F031E5DC15TSTEXC, SHORT3C8083500B4F4049060B86900DECE2E4E215TSTEXC, SHORT2D4D78CB02EB3042890BEC205671442D8CF8TSTEXC, SHORTADD785730E45604F9E0AB420275EF800D7E0TSTEXC, SHORT3C3F5A2208B1A049110ADEE072E577E5654ETSTEXC, SHORTA8CFEDC30EDC804E8508DDC0ACEC623B04A2TSTEXC, SHORTB6ECA2AF03D56044D20850E032D251EBE378TSTEXC, SHORT0B79AF1B0994304249092B00280004BBDC11TSTEXC, SHORTA13D35E50A39B040D108DFF0266C35C2E79DTSTEXC, SHORTDD22B6AD07E2B04F570B79C09AB7523409E8TSTEXC, SHORTC907FB5B0CF690494C0B6770C0E38FA9148ETSTEXC, SHORTA101A11F08EC90446008DED09C0467307EDCTSTEXC, SHORTD60BF4A506298044DF0821308BAC9DC2758ETSTEXC, SHORT804E11A302BD8045DC0A855023748D587851TSTEXC, SHORTC1F0176D037FA042AF0B01E05BB0A9B2E9BETSTEXC, SHORT0C7BCE7C0593B04AB9094D902D8C4BB8750CTSTEXC, SHORTA1002EDA02485040D709DFA024F1B4B414B7TSTEXC, SHORT252B48D702ACA04E7D09D1E026DE0EDBBC57TSTEXC, SHORT15FE276D091C20493D0A7750711FA8A288C4TSTEXC, SHORT04658EE40CF56043A90978F0D7CCEBB734C1TSTEXC, SHORT7CF576DD082A90450A0A82901E8EBFA88A7BTSTEXC, SHORTA972A00F0893B04D6F08C3D034FEB43C0DD8TSTEXC, SHORTC75A50230639D0498808D2F0E8C1A7B58CC5TSTEXC, SHORT3F566B5F0B72404479097E108CAA3BDA1949TSTEXC, SHORT6AAEE3480E5A40453808E8C00464EF5E5AB4TSTEXC, SHORTF7EE08B20B328046340B4AE0AE6603A3ED4FTSTEXC, SHORTB8D3A8190AF6B047CC0A8000C1445A11C533TSTEXC, SHORT13F751CC04C2E045660A7840124C5F74C6FBTSTEXC, SHORT8825F5AC06B80041720B67703B1A4C59180FTSTEXC, SHORT94B3497E0FA8A044F00B60D05C198A08807CTSTEXC, SHORT2AF074880E18F04BE50832D0DB91CC34A794TSTEXC, SHORTADCFB1060E55E048180BB4203D062BCEBD2BTSTEXC, SHORT15D509CE0B7C304FCD099A907183843CD29ATSTEXC, SHORT866495D9024C904D61083A20AFA040BBC5C4TSTEXC, SHORT17C6BEF20460A0439C0822C0CFA7DC22A993TSTEXC, SHORT73663F9D027A004C4D09DD804EB8E2CA7273TSTEXC, SHORTAC8413E208FA4047F30AFAE0C00C3CCA1DD5TSTEXC, SHORT9804F30E05B7C047890921800A2A88028BB3TSTEXC, SHORT923F395608E20042F80A5DB03BB021AE3150TSTEXC, SHORT5B1FAE6C0FF560469C097D40A66462B374ADTSTEXC, SHORT138EF83F0141B04F7E08A5A089903D88581DTSTEXC, SHORT74127E77086E1042F3086F7076A592D1D0C9TSTEXC, SHORT5137C02804236041A30A2E504180F52AF1EETSTEXC, SHORT737ED94E0AE950448F0B4C30C9057D986E44TSTEXC, SHORTA0F19189087D104EA00BD4A0CCC155DBF367TSTEXC, SHORTC0408902059E3040BC0918601FBAC034C3ABTSTEXC, SHORT8C0D20950A952041FE0B1E2093699E4DFC17TSTEXC, SHORT1E0068C102D8F0422B0A5650F17B7A8CC27DTSTEXC, EXAMC7D62D4E08019046D808E890BCE2994E7205TE51, EXAMNORESULTS3068FB3D027790402E09B620C479A3B02134TAF3, SHORT1F53F79705502049690B95903E6B3E32B388T283, SHORT2F7AFE190F70C041190A7260A95E1F07D3DAT16A, SHORT954415470ACD50442A0A95201ABA238FABBFT3DE, SHORT21CFA79A0C345042110BF1C0D91586AF8F0AT44E, SHORTF58B704B082D404FB409B5000EDCBE5A6DDATESTEXFOREXAM, SHORT3175E8D00A18E0422A082F209C5D849020F5T245, SHORT3175E8D00A18E0422A082F209C5D849020F5T1F2, SHORTA448ACF207C5E04A4F0891A0FA9E44E72CD9TESTEXFOREXAM, SHORT4BB24783086B404533083240DC7E25F1B1A8TESTEXFOREXAM, SHORT2070E84E084790441B0B95708F80C60A65C8TESTEXFOREXAM, SHORTB485D3610070F047D70A9FE02198D7A1835BTESTEXFOREXAM, SHORTE01F284C044ED040CB0894206E56183452FATC1B, SHORTE01F284C044ED040CB0894206E56183452FAT1F4, SHORT611B4DAF0D63804E2E0BD7A0EE0C25D00141T608, SHORT921D70B00BFA20467F08BBD0D27002DFA910TESTEXFOREXAM, SHORTD5A844640B11C04DE108A2E03DF3C1FC329BTESTEXFOREXAM, SHORT16918D1C055E5048F7083050A54198DEDE72T8F3, SHORT7BDB76AD0CD0D04A1D0B04D05776F4FE8B34T9E9, SHORT4BEAEB4502B9204C790B56E04F6AE45A48E0TA17, SHORT36EC8E3E06FE2042FD09ADB0586ABC6F55CDT2DD, SHORT47A427010770004E9E082920C1573544B746T725, SHORT855E7A5C0A6470447509D4709398D5C20FB4T91A, SHORT9962A16509E3A0413C097730FE2C5B1C9680TCD3, SHORTE4AED03D07F940486B0BF6309C227475AE19T780, SHORT7776DE460563304665080E50ABEBE52BA76FTA02, SHORTC24489380C3F0040CE0958F065433B260274T3FE, SHORT5F936CC702AF1046EF0AB560F168D00FFAE1TE27, SHORTF793EFAE0836704D5908EB1013F96DAE2372TFD0, SHORT42E223C408C2004A060BDF509ED2D364D534TEC8, SHORTFA761ACC0C67304BD209C4602F5E92345863T525, SHORT470149D3066E1047110812108E16C7F803A5T1D6, SHORT470149D3066E1047110812108E16C7F803A5TC66, SHORTBFF878130BB70048BC08A9B037E84F8A6A50T146, SHORT0E1CE3F30D17E042B20B20609597F3542843T60B, SHORTFE0EF7D60DD6B04B2208788081DF074CE29FT934, SHORT05A1211400274047FB0BEFC00F284F696022T291, SHORT4C8891310593104EED0BC3D07E2A5ED1E51DT9CC, SHORTDF2D27C300BE0047150A54F0CD30926E0B5BT79D, SHORT8B81EF700824F04A6A0A51004176B1ED11EBT1DC, SHORT40B47A980F1A604272080E90ECB990E0E01ETA4D, SHORT93A7B18301B7504BBB0ACC5016667D8DCEB0TA4D, SHORT1C8BE8050845E046F208CC80C8B0CC6CDC93TFA3, SHORT1C8BE8050845E046F208CC80C8B0CC6CDC93TESTEXFOREXAM, SHORT63F2E94801E29040920A790003E8B75F2B0CT49D, SHORTE64205E8040B504FAE09555008EC5D91F845T6AD, SHORT468F69DF016C5046BE091E500F8A3705C212TF5B, SHORT4265098006B0F040FB089F40EA163DB98906T4BE, SHORT02C9CD880256D0439F0A29F0734634575CA5T18C, SHORTAE5099A908E5A040120AD2B05B4DAD8532B6T225, SHORTCB7ADE2801C9A041B50AD830E60D07627E61T3C8, SHORTA3B7B2490506F04EAD0929C011896D98A6ECT041, SHORT1A05D6BB0D262045220B01A013632C018398T892, SHORTDD787A4A042910481C0B3300D7DCC0DC7514T6E9, SHORT43CC7027014D30496C0B7BC007ADDD5E63AFT255, SHORT2BA924B2000B6049C0087A40CD018715EF4ETBA5, SHORTDEC8F60A0206E04BC20B19000452CB630126TD28, SHORT46CDF4A80A924042020B8E40B0A8CB8067FFT328, SHORT817B5BE60D1E0041740BC3C0577CF9F66DAFT77C, SHORTDA47CEAF0A40704D68080720C6DFF8C9CC59T31C, SHORT3AA7656B00F36041890A23F0B5F691CFBE3FT5F3, SHORT987833E5013C50475F090DF0E7681E32B5E4TCCA, SHORT756996DD060F80464E081DC0BB99B2FF3ED5TAA1, SHORT69AB29C3066650488B0915A07F584C5E1D2AT8B8, SHORT47F085DA0899104F7208CE5060659041CBEAT6EA, SHORTEB297D890E437045620A5C60F91CF3D3CE14T477, SHORT7B4C249704270048F40BEFF0B76CABA101F6T228, SHORTB2F9E2750979D046D009C920FFA8B4F904DETCA0, SHORTB9929E730FF13040E10BE660C7A22CF6678CT320, SHORT53312A6E002B8044420A51C04FCF020B36E4TD05, SHORT6B9662FA0F5AE04BBC085F10BA014641B3E1T642, SHORT1C9C0D3009557042240AACB00D6516DD9A1BT7B4, SHORT284129140C194045BB0AFE4025A528744EC0TEAE, SHORTCCBF8CB90C63D045770A1180E269D1B856A7T8D6, SHORT8EE5866E069420476C0865D0DE39727FB8BAT6AA, SHORT3BCB2D3A07211044E009FFB039A41B8ABF8ET9EF, SHORT36F9D7F3012FE042390B5370ACF8A972B465T0AD, SHORT51BB6C420BAC7040C909F750CEBCEAD61EDFTCA0, SHORTCDDFF54A002B804697086D406556D04FB658T9CB, SHORT3C0DA0A7021530493609775010468B464CEBTF61, SHORT5E70291D0F9140422C0991A06085509E0787T8A9, SHORT6029D5B80DF0E04DDB0A00706AF26EDD3BAFT4CB, SHORT83EBF9270E68F04D980A41F0790E6606396FTF8B, SHORT8FCF437A015CE04F670B5950AF19D8598292TBC5, SHORT525E0CB4064F1043160ABB20079CF89CE770TE30, SHORT7BB261EA06EDC04A0C0889908AF423E07976T9CC, SHORTC82A959C0C85F04630096B909C8C562003F6TF97, SHORT9263EBE003CCE04CBB0935A0D07BC643C8A1T7A2, SHORT76E752270FD56046930AB190E96BDA8B24FDT6A7, SHORT0C34C3510307C04CB208B9F0248C3D24985BT743, SHORTAD4D2C120033204F5909C3806A57C2175565TF31, SHORT3E279B710EAB004EA00B7D80E94E0011584FT93A, SHORT66FB39A10683F049700AE7D0848E35DFD8D0TF6C, SHORT0CD7BE5A065F30414108448071F36A58906ET2A5, SHORT9D13B6FD01D360477B09213059C182B8700ET319, SHORTF399EB2F08FAF045AE098380260FFB945EA7TA49, SHORT1F61DA7C0A80604E7F0A1370468039F5606DT1BF, SHORT4D709C6C0C3DA04D640AF760D891B58ECE56T361, SHORT5C1438A509C5B041AF0880004C4E53D464CET83D, SHORT6D05B22A041C7044B708294033D5C85FDEC6TFD6, SHORT8C2CDACF0C6460429E0808800C090E019083T4E0, SHORT075843F603A560438009EE70DB89F7DCF685T885, SHORT2449F873061F6042AC0A5A607D5A52470FA2T61D, SHORT72F1407904A0204CA209BF7010CB54B98C08T538, SHORT2EF0B6B10C60B048E10B05F0A7BD2E5D79AAT665, SHORT1134E97D0D3E70420F0B5D706E3DEFB9B710T879, SHORT2AEA91AC060CF0417A0B5F601037F84C2018TFC4, SHORT363C4FEB0451C045A40B62803AA968560447T4FA, SHORT1B59D83404286044CE0827601CD8820A13EDT664, SHORT5F534AA40674B048F90A7E200F04EE9587C7T6B2, SHORT6346F56204B9A04F720892604CA44F8543DETB8E, SHORT8B12801C03F17043C00B14E032BC287C8E8AT74D, SHORT91DBADFC017F4042F309284050EFB2DE33A0T5C2, SHORT9DA93A2907F7A0436B082D20680E22E10DC0T1FA, SHORTA50F626603E14048CE0858A01ACEFE1E5ACCTC7C, SHORT439890170063B04EFE09D340F40776177D7ETCF7, SHORT782032EF0820B049D40AC3F02F7868A0721DT819, SHORT1F95B8B70BA7404517092510D12D28965E87TE78, SHORT37D3288203BA6048EE083CF0B5B54D5079AAT1E3, SHORTD1ED502C0B652048A60A9D80539B8BB1A261T8C8, SHORTD1236C1306C5A047490A5CF0B1157A214EA1T1F1, SHORT13BB6B820C5FD040E60BC9E0C42EBE0734C3T9CE, SHORT9AA3EF690EAED0438B08EF00924E34BFCF64TAD5, SHORT644FEA6B021F50408608080006824C0AC1ACT638, SHORT2F95ED7B049590470D0B9BF04B6C5C788FCDT611, SHORT697D244E0BC680405109753072EBE6C6107CT37A, SHORT3173F68206AAE04E3308C1809D187F7600B6T401, SHORT5D0378A5027A904A590BB1605241B62AFFC1T674, SHORT78999C0B0C60304A6A0A1D70FDFA00A0EEFFT3B2, SHORTCFC2D82F0DE970443A094D80A22E7E11B48ETSTEXC, SHORT71AB632808A1504329083060432BE7F57293TDA8, SHORT8E395D740FD890452308AE7055D1D6237A37T110, SHORT805C7E0608F1E0440908A7F0CBA9BEED3D98T616, SHORT76835AF00F34D04C48086210A465CCC1CDDATD53, SHORT8F63C69A0D7DC043810A2F90C2ED9347A244TEC8, SHORT2B5EDBDC073A204A1808D0E0203BF069C055T4FF, SHORTBC276B940427C046A00AC440E4CFB5F67D55T1A0, SHORT53626AA40B94904CE20BEB4060C51C0EF675T67A, SHORT3D855F230CDF1043BE09BFA0337DE1619493T926, SHORT39D73DC80768A04C870840B0750DBC02E313T02A, SHORT5BDC1A290006904E3C093310ECA97977217CTA43, SHORT5688773E03BF3048BD0A66E0F0E86995F45AT2AB, SHORTA5F6F2100A2DA0489B09E8E03FA18F59E4A9T0BB, SHORT027C2F7F013E50420F099BC0B67108FE2A9CTD8B, SHORT99E1FAA00B12F042B70BFD4086A46B201CD5TD12, SHORTCD99EEFF01904040380A09307C4BDB91C871T479, SHORT61812DAB04A8604D130BE7101A30A7865DEBT715, SHORTC8D982FE09C5C04B2E09005039C8E7E41B7FT27B, SHORT9B0B38BC05C1804639088920F04D078D6F78T24D, SHORTC27C3DD00791E042F00A0970A2C5BE1804AFT90F, SHORT13268C400629C04E1708C690208FFD348A2DT464, SHORT089740AD0645704C5908DA506B07F02C65A7T4B5, SHORT147BD86F02BF0043780A29E04D3F9238A4A5T3BB, SHORTD20F679B08580044F40B68D068D08B2A0B13T842, SHORT7493F2400942604F5B0906A0265A16C65152T2A4, SHORT2E31EE1900B0004BC80AE3A07B9793BA4E90T103, SHORTC3F61D5C0F20A049B00987A09DD3C4022A3BT941, SHORT0A1AA3C304046046DC080E80E38DF6E07D46T786, SHORT8804351A03151042950A0460E777EFD2F9AET5A3, SHORTCE995F0906700046960B4790F991C01F2DDBTB22, SHORT0B06F36A0A498049020B36401732A76AF799TDE9, SHORT756E4A550841704EEA0AF110D1947FF34F56T6DC, SHORT78C291B30403704CBA0BF8A037B391B61381TD7D, SHORT9A395D2B016B604E8D084390A6CB2DC873A7T48C, SHORT00F459E80EECB04B650BBCA05F2F5E6EF36DT76D, SHORT403AEBBD020AF049C9092A00D5136414D542T7D7, SHORT5A51076F07DD2041280826C0D5F66CAAD73FT53B, SHORTE8C51A6C00387044C4082A803C11E2D52D1CTAD1, SHORT83270A0E0D42B044700AEC60D37713995D4CT9EB, SHORT4851DCAF0328F04A6F09ABF0B3939985A345T67F, SHORTC202E8FE07862047370A18308A83F005E8C9T429, SHORT69ADF5380AE6204F020A21A042509D4A69CDTE8B, SHORTB3EE03E10843204C00087510B52439B1D228TEA0, SHORTFB21760E0E984049CA0BB4F08148DECBD568TEE0, SHORTBB48099E05A5D049FD09BC90025E1C21DADET9DB, SHORTEB8C3FD80DB6504CD6084B90BE3F88862C81TE55, SHORTBF613E87094E20438A0A06F05D543882F379TC72, SHORT2C69081B03CDB0462C0ABF009DA3DF59C927T301, SHORTEC8717FE06D4C04E800837C091A32018A26CT833, SHORTF60A69AD0E50104F6A0900202868CFD5A604T4EC, SHORTC71DCE000315804E6F0BB5B067566A0682DAT9FD, SHORTA24839960965A04AE10AC240BDAC5998A594T7CD, SHORT8BBF905304E09048E90BBF70C12D27F4A9A9T36F, SHORT0C0A76F6007900457109C2607E18139CBFDBTSTEXC, SHORT92B2FFEE0E88C0420D0A1E50AF6C1B60D6C4TSTEXC, SHORT1F752F350F94D04D130A7EC0964B05AC6949TSTEXC, SHORT0DD48E2608F0204348089BE0D63087D12478TSTEXC, SHORT3275661704996042AD0B70D05DF8480B84DDTSTEXC, SHORT3F279FAC02CC9041430AD75081DFC29EE491TSTEXC, SHORT79EE62C90F856043420A31E01B5CDDA03349TSTEXC, SHORT158A13360319B04B8D08BF90949AF628FFD7TSTEXC, SHORT4C0D4751040BD04A550A2220A63058AE49EETSTEXC, null, null, null, null, null, null, null, null, null, null, null, null, null, SHORT4ED4D3570647404A0D08F250D186452C0F0DTSTEXC, SHORT516F656F03690042920946B0F2A0B120F4F0TSTEXC, SHORT499426490DB8A043900A3C8028E46D206906TSTEXC, SHORT9908C20207C2C04E49097790F0390D025F62TSTEXC, SHORTADB6943500EA104EB109A4F091C2806EF356TSTEXC, SHORT443A976801A1004C070AC3B0EB28FE41742ETSTEXC, SHORT2EBC58CD0DD99045300B3EB04D1D3BE1800CTSTEXC, SHORT5A5726A20584504E6A0BDDF0684C8401D553TSTEXC, SHORT3DED0CFB0FAD9048640A15C0312EEB0F30B0TSTEXC, SHORT33D734EF010AC0421C0BC66091AF026293CATSTEXC, SHORTB9A468AF09FD0045C408E100BC2A8EB094EDTSTEXC]
    23:44:26.904 | 441 ool-1-worker-205 | INFO  | a.p.s.j.JenkinsUserManagementService : Update Jenkins permissions (remove users from groups) for programming exercises: [null, null, SHORTDA184D9404036043920AC46061569DF9331ETSTEXC, SHORT4D18CB7903AAA049CD0891F00A7F77B5708ATSTEXC, SHORTE6CC1DA70D6B904FCF0AD3E0D4E2DA8018E7TSTEXC, SHORT2929F3C70393604A6A08F0803B79521686FDTSTEXC, SHORT95EE97310304B0435C08EDC0DFB1957C430DTSTEXC, SHORTCB0191F202F5404D7708DC50B0F54FF07D9ATSTEXC, SHORTE823DA4E035B904F250A6CB070A6B897835BTSTEXC, SHORT60AEF9F3062A804B80093E003D8346BCFDC4TSTEXC, SHORT015E8A9B05C69048AA087F40D0CD7F2312FDTSTEXC, SHORTE9ACA8550BFBA044EC08BCA09CE37420D51CTSTEXC, SHORT0D0C100208AE704FA90A38D0246D081FC16BTSTEXC, SHORT17FCEBBF01AB6041EF0B50E0F7F031E5DC15TSTEXC, SHORT3C8083500B4F4049060B86900DECE2E4E215TSTEXC, SHORT2D4D78CB02EB3042890BEC205671442D8CF8TSTEXC, SHORTADD785730E45604F9E0AB420275EF800D7E0TSTEXC, SHORT3C3F5A2208B1A049110ADEE072E577E5654ETSTEXC, SHORTA8CFEDC30EDC804E8508DDC0ACEC623B04A2TSTEXC, SHORTB6ECA2AF03D56044D20850E032D251EBE378TSTEXC, SHORT0B79AF1B0994304249092B00280004BBDC11TSTEXC, SHORTA13D35E50A39B040D108DFF0266C35C2E79DTSTEXC, SHORTDD22B6AD07E2B04F570B79C09AB7523409E8TSTEXC, SHORTC907FB5B0CF690494C0B6770C0E38FA9148ETSTEXC, SHORTA101A11F08EC90446008DED09C0467307EDCTSTEXC, SHORTD60BF4A506298044DF0821308BAC9DC2758ETSTEXC, SHORT804E11A302BD8045DC0A855023748D587851TSTEXC, SHORTC1F0176D037FA042AF0B01E05BB0A9B2E9BETSTEXC, SHORT0C7BCE7C0593B04AB9094D902D8C4BB8750CTSTEXC, SHORTA1002EDA02485040D709DFA024F1B4B414B7TSTEXC, SHORT252B48D702ACA04E7D09D1E026DE0EDBBC57TSTEXC, SHORT15FE276D091C20493D0A7750711FA8A288C4TSTEXC, SHORT04658EE40CF56043A90978F0D7CCEBB734C1TSTEXC, SHORT7CF576DD082A90450A0A82901E8EBFA88A7BTSTEXC, SHORTA972A00F0893B04D6F08C3D034FEB43C0DD8TSTEXC, SHORTC75A50230639D0498808D2F0E8C1A7B58CC5TSTEXC, SHORT3F566B5F0B72404479097E108CAA3BDA1949TSTEXC, SHORT6AAEE3480E5A40453808E8C00464EF5E5AB4TSTEXC, SHORTF7EE08B20B328046340B4AE0AE6603A3ED4FTSTEXC, SHORTB8D3A8190AF6B047CC0A8000C1445A11C533TSTEXC, SHORT13F751CC04C2E045660A7840124C5F74C6FBTSTEXC, SHORT8825F5AC06B80041720B67703B1A4C59180FTSTEXC, SHORT94B3497E0FA8A044F00B60D05C198A08807CTSTEXC, SHORT2AF074880E18F04BE50832D0DB91CC34A794TSTEXC, SHORTADCFB1060E55E048180BB4203D062BCEBD2BTSTEXC, SHORT15D509CE0B7C304FCD099A907183843CD29ATSTEXC, SHORT866495D9024C904D61083A20AFA040BBC5C4TSTEXC, SHORT17C6BEF20460A0439C0822C0CFA7DC22A993TSTEXC, SHORT73663F9D027A004C4D09DD804EB8E2CA7273TSTEXC, SHORTAC8413E208FA4047F30AFAE0C00C3CCA1DD5TSTEXC, SHORT9804F30E05B7C047890921800A2A88028BB3TSTEXC, SHORT923F395608E20042F80A5DB03BB021AE3150TSTEXC, SHORT5B1FAE6C0FF560469C097D40A66462B374ADTSTEXC, SHORT138EF83F0141B04F7E08A5A089903D88581DTSTEXC, SHORT74127E77086E1042F3086F7076A592D1D0C9TSTEXC, SHORT5137C02804236041A30A2E504180F52AF1EETSTEXC, SHORT737ED94E0AE950448F0B4C30C9057D986E44TSTEXC, SHORTA0F19189087D104EA00BD4A0CCC155DBF367TSTEXC, SHORTC0408902059E3040BC0918601FBAC034C3ABTSTEXC, SHORT8C0D20950A952041FE0B1E2093699E4DFC17TSTEXC, SHORT1E0068C102D8F0422B0A5650F17B7A8CC27DTSTEXC, EXAMC7D62D4E08019046D808E890BCE2994E7205TE51, EXAMNORESULTS3068FB3D027790402E09B620C479A3B02134TAF3, SHORT1F53F79705502049690B95903E6B3E32B388T283, SHORT2F7AFE190F70C041190A7260A95E1F07D3DAT16A, SHORT954415470ACD50442A0A95201ABA238FABBFT3DE, SHORT21CFA79A0C345042110BF1C0D91586AF8F0AT44E, SHORTF58B704B082D404FB409B5000EDCBE5A6DDATESTEXFOREXAM, SHORT3175E8D00A18E0422A082F209C5D849020F5T245, SHORT3175E8D00A18E0422A082F209C5D849020F5T1F2, SHORTA448ACF207C5E04A4F0891A0FA9E44E72CD9TESTEXFOREXAM, SHORT4BB24783086B404533083240DC7E25F1B1A8TESTEXFOREXAM, SHORT2070E84E084790441B0B95708F80C60A65C8TESTEXFOREXAM, SHORTB485D3610070F047D70A9FE02198D7A1835BTESTEXFOREXAM, SHORTE01F284C044ED040CB0894206E56183452FATC1B, SHORTE01F284C044ED040CB0894206E56183452FAT1F4, SHORT611B4DAF0D63804E2E0BD7A0EE0C25D00141T608, SHORT921D70B00BFA20467F08BBD0D27002DFA910TESTEXFOREXAM, SHORTD5A844640B11C04DE108A2E03DF3C1FC329BTESTEXFOREXAM, SHORT16918D1C055E5048F7083050A54198DEDE72T8F3, SHORT7BDB76AD0CD0D04A1D0B04D05776F4FE8B34T9E9, SHORT4BEAEB4502B9204C790B56E04F6AE45A48E0TA17, SHORT36EC8E3E06FE2042FD09ADB0586ABC6F55CDT2DD, SHORT47A427010770004E9E082920C1573544B746T725, SHORT855E7A5C0A6470447509D4709398D5C20FB4T91A, SHORT9962A16509E3A0413C097730FE2C5B1C9680TCD3, SHORTE4AED03D07F940486B0BF6309C227475AE19T780, SHORT7776DE460563304665080E50ABEBE52BA76FTA02, SHORTC24489380C3F0040CE0958F065433B260274T3FE, SHORT5F936CC702AF1046EF0AB560F168D00FFAE1TE27, SHORTF793EFAE0836704D5908EB1013F96DAE2372TFD0, SHORT42E223C408C2004A060BDF509ED2D364D534TEC8, SHORTFA761ACC0C67304BD209C4602F5E92345863T525, SHORT470149D3066E1047110812108E16C7F803A5T1D6, SHORT470149D3066E1047110812108E16C7F803A5TC66, SHORTBFF878130BB70048BC08A9B037E84F8A6A50T146, SHORT0E1CE3F30D17E042B20B20609597F3542843T60B, SHORTFE0EF7D60DD6B04B2208788081DF074CE29FT934, SHORT05A1211400274047FB0BEFC00F284F696022T291, SHORT4C8891310593104EED0BC3D07E2A5ED1E51DT9CC, SHORTDF2D27C300BE0047150A54F0CD30926E0B5BT79D, SHORT8B81EF700824F04A6A0A51004176B1ED11EBT1DC, SHORT40B47A980F1A604272080E90ECB990E0E01ETA4D, SHORT93A7B18301B7504BBB0ACC5016667D8DCEB0TA4D, SHORT1C8BE8050845E046F208CC80C8B0CC6CDC93TFA3, SHORT1C8BE8050845E046F208CC80C8B0CC6CDC93TESTEXFOREXAM, SHORT63F2E94801E29040920A790003E8B75F2B0CT49D, SHORTE64205E8040B504FAE09555008EC5D91F845T6AD, SHORT468F69DF016C5046BE091E500F8A3705C212TF5B, SHORT4265098006B0F040FB089F40EA163DB98906T4BE, SHORT02C9CD880256D0439F0A29F0734634575CA5T18C, SHORTAE5099A908E5A040120AD2B05B4DAD8532B6T225, SHORTCB7ADE2801C9A041B50AD830E60D07627E61T3C8, SHORTA3B7B2490506F04EAD0929C011896D98A6ECT041, SHORT1A05D6BB0D262045220B01A013632C018398T892, SHORTDD787A4A042910481C0B3300D7DCC0DC7514T6E9, SHORT43CC7027014D30496C0B7BC007ADDD5E63AFT255, SHORT2BA924B2000B6049C0087A40CD018715EF4ETBA5, SHORTDEC8F60A0206E04BC20B19000452CB630126TD28, SHORT46CDF4A80A924042020B8E40B0A8CB8067FFT328, SHORT817B5BE60D1E0041740BC3C0577CF9F66DAFT77C, SHORTDA47CEAF0A40704D68080720C6DFF8C9CC59T31C, SHORT3AA7656B00F36041890A23F0B5F691CFBE3FT5F3, SHORT987833E5013C50475F090DF0E7681E32B5E4TCCA, SHORT756996DD060F80464E081DC0BB99B2FF3ED5TAA1, SHORT69AB29C3066650488B0915A07F584C5E1D2AT8B8, SHORT47F085DA0899104F7208CE5060659041CBEAT6EA, SHORTEB297D890E437045620A5C60F91CF3D3CE14T477, SHORT7B4C249704270048F40BEFF0B76CABA101F6T228, SHORTB2F9E2750979D046D009C920FFA8B4F904DETCA0, SHORTB9929E730FF13040E10BE660C7A22CF6678CT320, SHORT53312A6E002B8044420A51C04FCF020B36E4TD05, SHORT6B9662FA0F5AE04BBC085F10BA014641B3E1T642, SHORT1C9C0D3009557042240AACB00D6516DD9A1BT7B4, SHORT284129140C194045BB0AFE4025A528744EC0TEAE, SHORTCCBF8CB90C63D045770A1180E269D1B856A7T8D6, SHORT8EE5866E069420476C0865D0DE39727FB8BAT6AA, SHORT3BCB2D3A07211044E009FFB039A41B8ABF8ET9EF, SHORT36F9D7F3012FE042390B5370ACF8A972B465T0AD, SHORT51BB6C420BAC7040C909F750CEBCEAD61EDFTCA0, SHORTCDDFF54A002B804697086D406556D04FB658T9CB, SHORT3C0DA0A7021530493609775010468B464CEBTF61, SHORT5E70291D0F9140422C0991A06085509E0787T8A9, SHORT6029D5B80DF0E04DDB0A00706AF26EDD3BAFT4CB, SHORT83EBF9270E68F04D980A41F0790E6606396FTF8B, SHORT8FCF437A015CE04F670B5950AF19D8598292TBC5, SHORT525E0CB4064F1043160ABB20079CF89CE770TE30, SHORT7BB261EA06EDC04A0C0889908AF423E07976T9CC, SHORTC82A959C0C85F04630096B909C8C562003F6TF97, SHORT9263EBE003CCE04CBB0935A0D07BC643C8A1T7A2, SHORT76E752270FD56046930AB190E96BDA8B24FDT6A7, SHORT0C34C3510307C04CB208B9F0248C3D24985BT743, SHORTAD4D2C120033204F5909C3806A57C2175565TF31, SHORT3E279B710EAB004EA00B7D80E94E0011584FT93A, SHORT66FB39A10683F049700AE7D0848E35DFD8D0TF6C, SHORT0CD7BE5A065F30414108448071F36A58906ET2A5, SHORT9D13B6FD01D360477B09213059C182B8700ET319, SHORTF399EB2F08FAF045AE098380260FFB945EA7TA49, SHORT1F61DA7C0A80604E7F0A1370468039F5606DT1BF, SHORT4D709C6C0C3DA04D640AF760D891B58ECE56T361, SHORT5C1438A509C5B041AF0880004C4E53D464CET83D, SHORT6D05B22A041C7044B708294033D5C85FDEC6TFD6, SHORT8C2CDACF0C6460429E0808800C090E019083T4E0, SHORT075843F603A560438009EE70DB89F7DCF685T885, SHORT2449F873061F6042AC0A5A607D5A52470FA2T61D, SHORT72F1407904A0204CA209BF7010CB54B98C08T538, SHORT2EF0B6B10C60B048E10B05F0A7BD2E5D79AAT665, SHORT1134E97D0D3E70420F0B5D706E3DEFB9B710T879, SHORT2AEA91AC060CF0417A0B5F601037F84C2018TFC4, SHORT363C4FEB0451C045A40B62803AA968560447T4FA, SHORT1B59D83404286044CE0827601CD8820A13EDT664, SHORT5F534AA40674B048F90A7E200F04EE9587C7T6B2, SHORT6346F56204B9A04F720892604CA44F8543DETB8E, SHORT8B12801C03F17043C00B14E032BC287C8E8AT74D, SHORT91DBADFC017F4042F309284050EFB2DE33A0T5C2, SHORT9DA93A2907F7A0436B082D20680E22E10DC0T1FA, SHORTA50F626603E14048CE0858A01ACEFE1E5ACCTC7C, SHORT439890170063B04EFE09D340F40776177D7ETCF7, SHORT782032EF0820B049D40AC3F02F7868A0721DT819, SHORT1F95B8B70BA7404517092510D12D28965E87TE78, SHORT37D3288203BA6048EE083CF0B5B54D5079AAT1E3, SHORTD1ED502C0B652048A60A9D80539B8BB1A261T8C8, SHORTD1236C1306C5A047490A5CF0B1157A214EA1T1F1, SHORT13BB6B820C5FD040E60BC9E0C42EBE0734C3T9CE, SHORT9AA3EF690EAED0438B08EF00924E34BFCF64TAD5, SHORT644FEA6B021F50408608080006824C0AC1ACT638, SHORT2F95ED7B049590470D0B9BF04B6C5C788FCDT611, SHORT697D244E0BC680405109753072EBE6C6107CT37A, SHORT3173F68206AAE04E3308C1809D187F7600B6T401, SHORT5D0378A5027A904A590BB1605241B62AFFC1T674, SHORT78999C0B0C60304A6A0A1D70FDFA00A0EEFFT3B2, SHORTCFC2D82F0DE970443A094D80A22E7E11B48ETSTEXC, SHORT71AB632808A1504329083060432BE7F57293TDA8, SHORT8E395D740FD890452308AE7055D1D6237A37T110, SHORT805C7E0608F1E0440908A7F0CBA9BEED3D98T616, SHORT76835AF00F34D04C48086210A465CCC1CDDATD53, SHORT8F63C69A0D7DC043810A2F90C2ED9347A244TEC8, SHORT2B5EDBDC073A204A1808D0E0203BF069C055T4FF, SHORTBC276B940427C046A00AC440E4CFB5F67D55T1A0, SHORT53626AA40B94904CE20BEB4060C51C0EF675T67A, SHORT3D855F230CDF1043BE09BFA0337DE1619493T926, SHORT39D73DC80768A04C870840B0750DBC02E313T02A, SHORT5BDC1A290006904E3C093310ECA97977217CTA43, SHORT5688773E03BF3048BD0A66E0F0E86995F45AT2AB, SHORTA5F6F2100A2DA0489B09E8E03FA18F59E4A9T0BB, SHORT027C2F7F013E50420F099BC0B67108FE2A9CTD8B, SHORT99E1FAA00B12F042B70BFD4086A46B201CD5TD12, SHORTCD99EEFF01904040380A09307C4BDB91C871T479, SHORT61812DAB04A8604D130BE7101A30A7865DEBT715, SHORTC8D982FE09C5C04B2E09005039C8E7E41B7FT27B, SHORT9B0B38BC05C1804639088920F04D078D6F78T24D, SHORTC27C3DD00791E042F00A0970A2C5BE1804AFT90F, SHORT13268C400629C04E1708C690208FFD348A2DT464, SHORT089740AD0645704C5908DA506B07F02C65A7T4B5, SHORT147BD86F02BF0043780A29E04D3F9238A4A5T3BB, SHORTD20F679B08580044F40B68D068D08B2A0B13T842, SHORT7493F2400942604F5B0906A0265A16C65152T2A4, SHORT2E31EE1900B0004BC80AE3A07B9793BA4E90T103, SHORTC3F61D5C0F20A049B00987A09DD3C4022A3BT941, SHORT0A1AA3C304046046DC080E80E38DF6E07D46T786, SHORT8804351A03151042950A0460E777EFD2F9AET5A3, SHORTCE995F0906700046960B4790F991C01F2DDBTB22, SHORT0B06F36A0A498049020B36401732A76AF799TDE9, SHORT756E4A550841704EEA0AF110D1947FF34F56T6DC, SHORT78C291B30403704CBA0BF8A037B391B61381TD7D, SHORT9A395D2B016B604E8D084390A6CB2DC873A7T48C, SHORT00F459E80EECB04B650BBCA05F2F5E6EF36DT76D, SHORT403AEBBD020AF049C9092A00D5136414D542T7D7, SHORT5A51076F07DD2041280826C0D5F66CAAD73FT53B, SHORTE8C51A6C00387044C4082A803C11E2D52D1CTAD1, SHORT83270A0E0D42B044700AEC60D37713995D4CT9EB, SHORT4851DCAF0328F04A6F09ABF0B3939985A345T67F, SHORTC202E8FE07862047370A18308A83F005E8C9T429, SHORT69ADF5380AE6204F020A21A042509D4A69CDTE8B, SHORTB3EE03E10843204C00087510B52439B1D228TEA0, SHORTFB21760E0E984049CA0BB4F08148DECBD568TEE0, SHORTBB48099E05A5D049FD09BC90025E1C21DADET9DB, SHORTEB8C3FD80DB6504CD6084B90BE3F88862C81TE55, SHORTBF613E87094E20438A0A06F05D543882F379TC72, SHORT2C69081B03CDB0462C0ABF009DA3DF59C927T301, SHORTEC8717FE06D4C04E800837C091A32018A26CT833, SHORTF60A69AD0E50104F6A0900202868CFD5A604T4EC, SHORTC71DCE000315804E6F0BB5B067566A0682DAT9FD, SHORTA24839960965A04AE10AC240BDAC5998A594T7CD, SHORT8BBF905304E09048E90BBF70C12D27F4A9A9T36F, SHORT0C0A76F6007900457109C2607E18139CBFDBTSTEXC, SHORT92B2FFEE0E88C0420D0A1E50AF6C1B60D6C4TSTEXC, SHORT1F752F350F94D04D130A7EC0964B05AC6949TSTEXC, SHORT0DD48E2608F0204348089BE0D63087D12478TSTEXC, SHORT3275661704996042AD0B70D05DF8480B84DDTSTEXC, SHORT3F279FAC02CC9041430AD75081DFC29EE491TSTEXC, SHORT79EE62C90F856043420A31E01B5CDDA03349TSTEXC, SHORT158A13360319B04B8D08BF90949AF628FFD7TSTEXC, SHORT4C0D4751040BD04A550A2220A63058AE49EETSTEXC, null, null, null, null, null, null, null, null, null, null, null, null, null, SHORT4ED4D3570647404A0D08F250D186452C0F0DTSTEXC, SHORT516F656F03690042920946B0F2A0B120F4F0TSTEXC, SHORT499426490DB8A043900A3C8028E46D206906TSTEXC, SHORT9908C20207C2C04E49097790F0390D025F62TSTEXC, SHORTADB6943500EA104EB109A4F091C2806EF356TSTEXC, SHORT443A976801A1004C070AC3B0EB28FE41742ETSTEXC, SHORT2EBC58CD0DD99045300B3EB04D1D3BE1800CTSTEXC, SHORT5A5726A20584504E6A0BDDF0684C8401D553TSTEXC, SHORT3DED0CFB0FAD9048640A15C0312EEB0F30B0TSTEXC, SHORT33D734EF010AC0421C0BC66091AF026293CATSTEXC, SHORTB9A468AF09FD0045C408E100BC2A8EB094EDTSTEXC]
    23:44:26.925 | 441 ool-1-worker-205 | DEBUG | d.t.c.a.a.c.s.f.ApiVersionFilter     : Adding Version to Request DELETE /api/courses/805/editors/courseegitlabjenkinseditor1
    23:44:26.925 | 441 ool-1-worker-205 | DEBUG | d.t.c.a.a.core.web.CourseResource    : REST request to remove courseegitlabjenkinseditor1 as editor from course : 805
    23:44:26.927 | 441 ool-1-worker-205 | INFO  | d.t.c.a.a.c.service.user.UserService : Remove user courseegitlabjenkinseditor1 from group editor
    23:44:26.930 | 441 ool-1-worker-205 | DEBUG | d.t.c.a.a.c.service.user.UserService : Save user User{login='courseegitlabjenkinseditor1', firstName='courseegitlabjenkinseditor1First', lastName='courseegitlabjenkinseditor1Last', email='courseegitlabjenkinseditor1@test.de', imageUrl='null', activated='true', langKey='en', activationKey='null'}
    23:44:26.964 | 441 ool-1-worker-205 | INFO  | .a.p.s.g.GitLabUserManagementService : Update Gitlab permissions for programming exercises: [null, null, SHORTDA184D9404036043920AC46061569DF9331ETSTEXC, SHORT4D18CB7903AAA049CD0891F00A7F77B5708ATSTEXC, SHORTE6CC1DA70D6B904FCF0AD3E0D4E2DA8018E7TSTEXC, SHORT2929F3C70393604A6A08F0803B79521686FDTSTEXC, SHORT95EE97310304B0435C08EDC0DFB1957C430DTSTEXC, SHORTCB0191F202F5404D7708DC50B0F54FF07D9ATSTEXC, SHORTE823DA4E035B904F250A6CB070A6B897835BTSTEXC, SHORT60AEF9F3062A804B80093E003D8346BCFDC4TSTEXC, SHORT015E8A9B05C69048AA087F40D0CD7F2312FDTSTEXC, SHORTE9ACA8550BFBA044EC08BCA09CE37420D51CTSTEXC, SHORT0D0C100208AE704FA90A38D0246D081FC16BTSTEXC, SHORT17FCEBBF01AB6041EF0B50E0F7F031E5DC15TSTEXC, SHORT3C8083500B4F4049060B86900DECE2E4E215TSTEXC, SHORT2D4D78CB02EB3042890BEC205671442D8CF8TSTEXC, SHORTADD785730E45604F9E0AB420275EF800D7E0TSTEXC, SHORT3C3F5A2208B1A049110ADEE072E577E5654ETSTEXC, SHORTA8CFEDC30EDC804E8508DDC0ACEC623B04A2TSTEXC, SHORTB6ECA2AF03D56044D20850E032D251EBE378TSTEXC, SHORT0B79AF1B0994304249092B00280004BBDC11TSTEXC, SHORTA13D35E50A39B040D108DFF0266C35C2E79DTSTEXC, SHORTDD22B6AD07E2B04F570B79C09AB7523409E8TSTEXC, SHORTC907FB5B0CF690494C0B6770C0E38FA9148ETSTEXC, SHORTA101A11F08EC90446008DED09C0467307EDCTSTEXC, SHORTD60BF4A506298044DF0821308BAC9DC2758ETSTEXC, SHORT804E11A302BD8045DC0A855023748D587851TSTEXC, SHORTC1F0176D037FA042AF0B01E05BB0A9B2E9BETSTEXC, SHORT0C7BCE7C0593B04AB9094D902D8C4BB8750CTSTEXC, SHORTA1002EDA02485040D709DFA024F1B4B414B7TSTEXC, SHORT252B48D702ACA04E7D09D1E026DE0EDBBC57TSTEXC, SHORT15FE276D091C20493D0A7750711FA8A288C4TSTEXC, SHORT04658EE40CF56043A90978F0D7CCEBB734C1TSTEXC, SHORT7CF576DD082A90450A0A82901E8EBFA88A7BTSTEXC, SHORTA972A00F0893B04D6F08C3D034FEB43C0DD8TSTEXC, SHORTC75A50230639D0498808D2F0E8C1A7B58CC5TSTEXC, SHORT3F566B5F0B72404479097E108CAA3BDA1949TSTEXC, SHORT6AAEE3480E5A40453808E8C00464EF5E5AB4TSTEXC, SHORTF7EE08B20B328046340B4AE0AE6603A3ED4FTSTEXC, SHORTB8D3A8190AF6B047CC0A8000C1445A11C533TSTEXC, SHORT13F751CC04C2E045660A7840124C5F74C6FBTSTEXC, SHORT8825F5AC06B80041720B67703B1A4C59180FTSTEXC, SHORT94B3497E0FA8A044F00B60D05C198A08807CTSTEXC, SHORT2AF074880E18F04BE50832D0DB91CC34A794TSTEXC, SHORTADCFB1060E55E048180BB4203D062BCEBD2BTSTEXC, SHORT15D509CE0B7C304FCD099A907183843CD29ATSTEXC, SHORT866495D9024C904D61083A20AFA040BBC5C4TSTEXC, SHORT17C6BEF20460A0439C0822C0CFA7DC22A993TSTEXC, SHORT73663F9D027A004C4D09DD804EB8E2CA7273TSTEXC, SHORTAC8413E208FA4047F30AFAE0C00C3CCA1DD5TSTEXC, SHORT9804F30E05B7C047890921800A2A88028BB3TSTEXC, SHORT923F395608E20042F80A5DB03BB021AE3150TSTEXC, SHORT5B1FAE6C0FF560469C097D40A66462B374ADTSTEXC, SHORT138EF83F0141B04F7E08A5A089903D88581DTSTEXC, SHORT74127E77086E1042F3086F7076A592D1D0C9TSTEXC, SHORT5137C02804236041A30A2E504180F52AF1EETSTEXC, SHORT737ED94E0AE950448F0B4C30C9057D986E44TSTEXC, SHORTA0F19189087D104EA00BD4A0CCC155DBF367TSTEXC, SHORTC0408902059E3040BC0918601FBAC034C3ABTSTEXC, SHORT8C0D20950A952041FE0B1E2093699E4DFC17TSTEXC, SHORT1E0068C102D8F0422B0A5650F17B7A8CC27DTSTEXC, EXAMC7D62D4E08019046D808E890BCE2994E7205TE51, EXAMNORESULTS3068FB3D027790402E09B620C479A3B02134TAF3, SHORT1F53F79705502049690B95903E6B3E32B388T283, SHORT2F7AFE190F70C041190A7260A95E1F07D3DAT16A, SHORT954415470ACD50442A0A95201ABA238FABBFT3DE, SHORT21CFA79A0C345042110BF1C0D91586AF8F0AT44E, SHORTF58B704B082D404FB409B5000EDCBE5A6DDATESTEXFOREXAM, SHORT3175E8D00A18E0422A082F209C5D849020F5T245, SHORT3175E8D00A18E0422A082F209C5D849020F5T1F2, SHORTA448ACF207C5E04A4F0891A0FA9E44E72CD9TESTEXFOREXAM, SHORT4BB24783086B404533083240DC7E25F1B1A8TESTEXFOREXAM, SHORT2070E84E084790441B0B95708F80C60A65C8TESTEXFOREXAM, SHORTB485D3610070F047D70A9FE02198D7A1835BTESTEXFOREXAM, SHORTE01F284C044ED040CB0894206E56183452FATC1B, SHORTE01F284C044ED040CB0894206E56183452FAT1F4, SHORT611B4DAF0D63804E2E0BD7A0EE0C25D00141T608, SHORT921D70B00BFA20467F08BBD0D27002DFA910TESTEXFOREXAM, SHORTD5A844640B11C04DE108A2E03DF3C1FC329BTESTEXFOREXAM, SHORT16918D1C055E5048F7083050A54198DEDE72T8F3, SHORT7BDB76AD0CD0D04A1D0B04D05776F4FE8B34T9E9, SHORT4BEAEB4502B9204C790B56E04F6AE45A48E0TA17, SHORT36EC8E3E06FE2042FD09ADB0586ABC6F55CDT2DD, SHORT47A427010770004E9E082920C1573544B746T725, SHORT855E7A5C0A6470447509D4709398D5C20FB4T91A, SHORT9962A16509E3A0413C097730FE2C5B1C9680TCD3, SHORTE4AED03D07F940486B0BF6309C227475AE19T780, SHORT7776DE460563304665080E50ABEBE52BA76FTA02, SHORTC24489380C3F0040CE0958F065433B260274T3FE, SHORT5F936CC702AF1046EF0AB560F168D00FFAE1TE27, SHORTF793EFAE0836704D5908EB1013F96DAE2372TFD0, SHORT42E223C408C2004A060BDF509ED2D364D534TEC8, SHORTFA761ACC0C67304BD209C4602F5E92345863T525, SHORT470149D3066E1047110812108E16C7F803A5T1D6, SHORT470149D3066E1047110812108E16C7F803A5TC66, SHORTBFF878130BB70048BC08A9B037E84F8A6A50T146, SHORT0E1CE3F30D17E042B20B20609597F3542843T60B, SHORTFE0EF7D60DD6B04B2208788081DF074CE29FT934, SHORT05A1211400274047FB0BEFC00F284F696022T291, SHORT4C8891310593104EED0BC3D07E2A5ED1E51DT9CC, SHORTDF2D27C300BE0047150A54F0CD30926E0B5BT79D, SHORT8B81EF700824F04A6A0A51004176B1ED11EBT1DC, SHORT40B47A980F1A604272080E90ECB990E0E01ETA4D, SHORT93A7B18301B7504BBB0ACC5016667D8DCEB0TA4D, SHORT1C8BE8050845E046F208CC80C8B0CC6CDC93TFA3, SHORT1C8BE8050845E046F208CC80C8B0CC6CDC93TESTEXFOREXAM, SHORT63F2E94801E29040920A790003E8B75F2B0CT49D, SHORTE64205E8040B504FAE09555008EC5D91F845T6AD, SHORT468F69DF016C5046BE091E500F8A3705C212TF5B, SHORT4265098006B0F040FB089F40EA163DB98906T4BE, SHORT02C9CD880256D0439F0A29F0734634575CA5T18C, SHORTAE5099A908E5A040120AD2B05B4DAD8532B6T225, SHORTCB7ADE2801C9A041B50AD830E60D07627E61T3C8, SHORTA3B7B2490506F04EAD0929C011896D98A6ECT041, SHORT1A05D6BB0D262045220B01A013632C018398T892, SHORTDD787A4A042910481C0B3300D7DCC0DC7514T6E9, SHORT43CC7027014D30496C0B7BC007ADDD5E63AFT255, SHORT2BA924B2000B6049C0087A40CD018715EF4ETBA5, SHORTDEC8F60A0206E04BC20B19000452CB630126TD28, SHORT46CDF4A80A924042020B8E40B0A8CB8067FFT328, SHORT817B5BE60D1E0041740BC3C0577CF9F66DAFT77C, SHORTDA47CEAF0A40704D68080720C6DFF8C9CC59T31C, SHORT3AA7656B00F36041890A23F0B5F691CFBE3FT5F3, SHORT987833E5013C50475F090DF0E7681E32B5E4TCCA, SHORT756996DD060F80464E081DC0BB99B2FF3ED5TAA1, SHORT69AB29C3066650488B0915A07F584C5E1D2AT8B8, SHORT47F085DA0899104F7208CE5060659041CBEAT6EA, SHORTEB297D890E437045620A5C60F91CF3D3CE14T477, SHORT7B4C249704270048F40BEFF0B76CABA101F6T228, SHORTB2F9E2750979D046D009C920FFA8B4F904DETCA0, SHORTB9929E730FF13040E10BE660C7A22CF6678CT320, SHORT53312A6E002B8044420A51C04FCF020B36E4TD05, SHORT6B9662FA0F5AE04BBC085F10BA014641B3E1T642, SHORT1C9C0D3009557042240AACB00D6516DD9A1BT7B4, SHORT284129140C194045BB0AFE4025A528744EC0TEAE, SHORTCCBF8CB90C63D045770A1180E269D1B856A7T8D6, SHORT8EE5866E069420476C0865D0DE39727FB8BAT6AA, SHORT3BCB2D3A07211044E009FFB039A41B8ABF8ET9EF, SHORT36F9D7F3012FE042390B5370ACF8A972B465T0AD, SHORT51BB6C420BAC7040C909F750CEBCEAD61EDFTCA0, SHORTCDDFF54A002B804697086D406556D04FB658T9CB, SHORT3C0DA0A7021530493609775010468B464CEBTF61, SHORT5E70291D0F9140422C0991A06085509E0787T8A9, SHORT6029D5B80DF0E04DDB0A00706AF26EDD3BAFT4CB, SHORT83EBF9270E68F04D980A41F0790E6606396FTF8B, SHORT8FCF437A015CE04F670B5950AF19D8598292TBC5, SHORT525E0CB4064F1043160ABB20079CF89CE770TE30, SHORT7BB261EA06EDC04A0C0889908AF423E07976T9CC, SHORTC82A959C0C85F04630096B909C8C562003F6TF97, SHORT9263EBE003CCE04CBB0935A0D07BC643C8A1T7A2, SHORT76E752270FD56046930AB190E96BDA8B24FDT6A7, SHORT0C34C3510307C04CB208B9F0248C3D24985BT743, SHORTAD4D2C120033204F5909C3806A57C2175565TF31, SHORT3E279B710EAB004EA00B7D80E94E0011584FT93A, SHORT66FB39A10683F049700AE7D0848E35DFD8D0TF6C, SHORT0CD7BE5A065F30414108448071F36A58906ET2A5, SHORT9D13B6FD01D360477B09213059C182B8700ET319, SHORTF399EB2F08FAF045AE098380260FFB945EA7TA49, SHORT1F61DA7C0A80604E7F0A1370468039F5606DT1BF, SHORT4D709C6C0C3DA04D640AF760D891B58ECE56T361, SHORT5C1438A509C5B041AF0880004C4E53D464CET83D, SHORT6D05B22A041C7044B708294033D5C85FDEC6TFD6, SHORT8C2CDACF0C6460429E0808800C090E019083T4E0, SHORT075843F603A560438009EE70DB89F7DCF685T885, SHORT2449F873061F6042AC0A5A607D5A52470FA2T61D, SHORT72F1407904A0204CA209BF7010CB54B98C08T538, SHORT2EF0B6B10C60B048E10B05F0A7BD2E5D79AAT665, SHORT1134E97D0D3E70420F0B5D706E3DEFB9B710T879, SHORT2AEA91AC060CF0417A0B5F601037F84C2018TFC4, SHORT363C4FEB0451C045A40B62803AA968560447T4FA, SHORT1B59D83404286044CE0827601CD8820A13EDT664, SHORT5F534AA40674B048F90A7E200F04EE9587C7T6B2, SHORT6346F56204B9A04F720892604CA44F8543DETB8E, SHORT8B12801C03F17043C00B14E032BC287C8E8AT74D, SHORT91DBADFC017F4042F309284050EFB2DE33A0T5C2, SHORT9DA93A2907F7A0436B082D20680E22E10DC0T1FA, SHORTA50F626603E14048CE0858A01ACEFE1E5ACCTC7C, SHORT439890170063B04EFE09D340F40776177D7ETCF7, SHORT782032EF0820B049D40AC3F02F7868A0721DT819, SHORT1F95B8B70BA7404517092510D12D28965E87TE78, SHORT37D3288203BA6048EE083CF0B5B54D5079AAT1E3, SHORTD1ED502C0B652048A60A9D80539B8BB1A261T8C8, SHORTD1236C1306C5A047490A5CF0B1157A214EA1T1F1, SHORT13BB6B820C5FD040E60BC9E0C42EBE0734C3T9CE, SHORT9AA3EF690EAED0438B08EF00924E34BFCF64TAD5, SHORT644FEA6B021F50408608080006824C0AC1ACT638, SHORT2F95ED7B049590470D0B9BF04B6C5C788FCDT611, SHORT697D244E0BC680405109753072EBE6C6107CT37A, SHORT3173F68206AAE04E3308C1809D187F7600B6T401, SHORT5D0378A5027A904A590BB1605241B62AFFC1T674, SHORT78999C0B0C60304A6A0A1D70FDFA00A0EEFFT3B2, SHORTCFC2D82F0DE970443A094D80A22E7E11B48ETSTEXC, SHORT71AB632808A1504329083060432BE7F57293TDA8, SHORT8E395D740FD890452308AE7055D1D6237A37T110, SHORT805C7E0608F1E0440908A7F0CBA9BEED3D98T616, SHORT76835AF00F34D04C48086210A465CCC1CDDATD53, SHORT8F63C69A0D7DC043810A2F90C2ED9347A244TEC8, SHORT2B5EDBDC073A204A1808D0E0203BF069C055T4FF, SHORTBC276B940427C046A00AC440E4CFB5F67D55T1A0, SHORT53626AA40B94904CE20BEB4060C51C0EF675T67A, SHORT3D855F230CDF1043BE09BFA0337DE1619493T926, SHORT39D73DC80768A04C870840B0750DBC02E313T02A, SHORT5BDC1A290006904E3C093310ECA97977217CTA43, SHORT5688773E03BF3048BD0A66E0F0E86995F45AT2AB, SHORTA5F6F2100A2DA0489B09E8E03FA18F59E4A9T0BB, SHORT027C2F7F013E50420F099BC0B67108FE2A9CTD8B, SHORT99E1FAA00B12F042B70BFD4086A46B201CD5TD12, SHORTCD99EEFF01904040380A09307C4BDB91C871T479, SHORT61812DAB04A8604D130BE7101A30A7865DEBT715, SHORTC8D982FE09C5C04B2E09005039C8E7E41B7FT27B, SHORT9B0B38BC05C1804639088920F04D078D6F78T24D, SHORTC27C3DD00791E042F00A0970A2C5BE1804AFT90F, SHORT13268C400629C04E1708C690208FFD348A2DT464, SHORT089740AD0645704C5908DA506B07F02C65A7T4B5, SHORT147BD86F02BF0043780A29E04D3F9238A4A5T3BB, SHORTD20F679B08580044F40B68D068D08B2A0B13T842, SHORT7493F2400942604F5B0906A0265A16C65152T2A4, SHORT2E31EE1900B0004BC80AE3A07B9793BA4E90T103, SHORTC3F61D5C0F20A049B00987A09DD3C4022A3BT941, SHORT0A1AA3C304046046DC080E80E38DF6E07D46T786, SHORT8804351A03151042950A0460E777EFD2F9AET5A3, SHORTCE995F0906700046960B4790F991C01F2DDBTB22, SHORT0B06F36A0A498049020B36401732A76AF799TDE9, SHORT756E4A550841704EEA0AF110D1947FF34F56T6DC, SHORT78C291B30403704CBA0BF8A037B391B61381TD7D, SHORT9A395D2B016B604E8D084390A6CB2DC873A7T48C, SHORT00F459E80EECB04B650BBCA05F2F5E6EF36DT76D, SHORT403AEBBD020AF049C9092A00D5136414D542T7D7, SHORT5A51076F07DD2041280826C0D5F66CAAD73FT53B, SHORTE8C51A6C00387044C4082A803C11E2D52D1CTAD1, SHORT83270A0E0D42B044700AEC60D37713995D4CT9EB, SHORT4851DCAF0328F04A6F09ABF0B3939985A345T67F, SHORTC202E8FE07862047370A18308A83F005E8C9T429, SHORT69ADF5380AE6204F020A21A042509D4A69CDTE8B, SHORTB3EE03E10843204C00087510B52439B1D228TEA0, SHORTFB21760E0E984049CA0BB4F08148DECBD568TEE0, SHORTBB48099E05A5D049FD09BC90025E1C21DADET9DB, SHORTEB8C3FD80DB6504CD6084B90BE3F88862C81TE55, SHORTBF613E87094E20438A0A06F05D543882F379TC72, SHORT2C69081B03CDB0462C0ABF009DA3DF59C927T301, SHORTEC8717FE06D4C04E800837C091A32018A26CT833, SHORTF60A69AD0E50104F6A0900202868CFD5A604T4EC, SHORTC71DCE000315804E6F0BB5B067566A0682DAT9FD, SHORTA24839960965A04AE10AC240BDAC5998A594T7CD, SHORT8BBF905304E09048E90BBF70C12D27F4A9A9T36F, SHORT0C0A76F6007900457109C2607E18139CBFDBTSTEXC, SHORT92B2FFEE0E88C0420D0A1E50AF6C1B60D6C4TSTEXC, SHORT1F752F350F94D04D130A7EC0964B05AC6949TSTEXC, SHORT0DD48E2608F0204348089BE0D63087D12478TSTEXC, SHORT3275661704996042AD0B70D05DF8480B84DDTSTEXC, SHORT3F279FAC02CC9041430AD75081DFC29EE491TSTEXC, SHORT79EE62C90F856043420A31E01B5CDDA03349TSTEXC, SHORT158A13360319B04B8D08BF90949AF628FFD7TSTEXC, SHORT4C0D4751040BD04A550A2220A63058AE49EETSTEXC, null, null, null, null, null, null, null, null, null, null, null, null, null, SHORT4ED4D3570647404A0D08F250D186452C0F0DTSTEXC, SHORT516F656F03690042920946B0F2A0B120F4F0TSTEXC, SHORT499426490DB8A043900A3C8028E46D206906TSTEXC, SHORT9908C20207C2C04E49097790F0390D025F62TSTEXC, SHORTADB6943500EA104EB109A4F091C2806EF356TSTEXC, SHORT443A976801A1004C070AC3B0EB28FE41742ETSTEXC, SHORT2EBC58CD0DD99045300B3EB04D1D3BE1800CTSTEXC, SHORT5A5726A20584504E6A0BDDF0684C8401D553TSTEXC, SHORTFC2662450C5A604F9D093CB02FE79A11E38BTSTEXC, SHORT3DED0CFB0FAD9048640A15C0312EEB0F30B0TSTEXC, SHORT33D734EF010AC0421C0BC66091AF026293CATSTEXC, SHORTB9A468AF09FD0045C408E100BC2A8EB094EDTSTEXC]
    23:44:27.043 | 441 ool-1-worker-205 | INFO  | a.p.s.j.JenkinsUserManagementService : Update Jenkins permissions (remove users from groups) for programming exercises: [null, null, SHORTDA184D9404036043920AC46061569DF9331ETSTEXC, SHORT4D18CB7903AAA049CD0891F00A7F77B5708ATSTEXC, SHORTE6CC1DA70D6B904FCF0AD3E0D4E2DA8018E7TSTEXC, SHORT2929F3C70393604A6A08F0803B79521686FDTSTEXC, SHORT95EE97310304B0435C08EDC0DFB1957C430DTSTEXC, SHORTCB0191F202F5404D7708DC50B0F54FF07D9ATSTEXC, SHORTE823DA4E035B904F250A6CB070A6B897835BTSTEXC, SHORT60AEF9F3062A804B80093E003D8346BCFDC4TSTEXC, SHORT015E8A9B05C69048AA087F40D0CD7F2312FDTSTEXC, SHORTE9ACA8550BFBA044EC08BCA09CE37420D51CTSTEXC, SHORT0D0C100208AE704FA90A38D0246D081FC16BTSTEXC, SHORT17FCEBBF01AB6041EF0B50E0F7F031E5DC15TSTEXC, SHORT3C8083500B4F4049060B86900DECE2E4E215TSTEXC, SHORT2D4D78CB02EB3042890BEC205671442D8CF8TSTEXC, SHORTADD785730E45604F9E0AB420275EF800D7E0TSTEXC, SHORT3C3F5A2208B1A049110ADEE072E577E5654ETSTEXC, SHORTA8CFEDC30EDC804E8508DDC0ACEC623B04A2TSTEXC, SHORTB6ECA2AF03D56044D20850E032D251EBE378TSTEXC, SHORT0B79AF1B0994304249092B00280004BBDC11TSTEXC, SHORTA13D35E50A39B040D108DFF0266C35C2E79DTSTEXC, SHORTDD22B6AD07E2B04F570B79C09AB7523409E8TSTEXC, SHORTC907FB5B0CF690494C0B6770C0E38FA9148ETSTEXC, SHORTA101A11F08EC90446008DED09C0467307EDCTSTEXC, SHORTD60BF4A506298044DF0821308BAC9DC2758ETSTEXC, SHORT804E11A302BD8045DC0A855023748D587851TSTEXC, SHORTC1F0176D037FA042AF0B01E05BB0A9B2E9BETSTEXC, SHORT0C7BCE7C0593B04AB9094D902D8C4BB8750CTSTEXC, SHORTA1002EDA02485040D709DFA024F1B4B414B7TSTEXC, SHORT252B48D702ACA04E7D09D1E026DE0EDBBC57TSTEXC, SHORT15FE276D091C20493D0A7750711FA8A288C4TSTEXC, SHORT04658EE40CF56043A90978F0D7CCEBB734C1TSTEXC, SHORT7CF576DD082A90450A0A82901E8EBFA88A7BTSTEXC, SHORTA972A00F0893B04D6F08C3D034FEB43C0DD8TSTEXC, SHORTC75A50230639D0498808D2F0E8C1A7B58CC5TSTEXC, SHORT3F566B5F0B72404479097E108CAA3BDA1949TSTEXC, SHORT6AAEE3480E5A40453808E8C00464EF5E5AB4TSTEXC, SHORTF7EE08B20B328046340B4AE0AE6603A3ED4FTSTEXC, SHORTB8D3A8190AF6B047CC0A8000C1445A11C533TSTEXC, SHORT13F751CC04C2E045660A7840124C5F74C6FBTSTEXC, SHORT8825F5AC06B80041720B67703B1A4C59180FTSTEXC, SHORT94B3497E0FA8A044F00B60D05C198A08807CTSTEXC, SHORT2AF074880E18F04BE50832D0DB91CC34A794TSTEXC, SHORTADCFB1060E55E048180BB4203D062BCEBD2BTSTEXC, SHORT15D509CE0B7C304FCD099A907183843CD29ATSTEXC, SHORT866495D9024C904D61083A20AFA040BBC5C4TSTEXC, SHORT17C6BEF20460A0439C0822C0CFA7DC22A993TSTEXC, SHORT73663F9D027A004C4D09DD804EB8E2CA7273TSTEXC, SHORTAC8413E208FA4047F30AFAE0C00C3CCA1DD5TSTEXC, SHORT9804F30E05B7C047890921800A2A88028BB3TSTEXC, SHORT923F395608E20042F80A5DB03BB021AE3150TSTEXC, SHORT5B1FAE6C0FF560469C097D40A66462B374ADTSTEXC, SHORT138EF83F0141B04F7E08A5A089903D88581DTSTEXC, SHORT74127E77086E1042F3086F7076A592D1D0C9TSTEXC, SHORT5137C02804236041A30A2E504180F52AF1EETSTEXC, SHORT737ED94E0AE950448F0B4C30C9057D986E44TSTEXC, SHORTA0F19189087D104EA00BD4A0CCC155DBF367TSTEXC, SHORTC0408902059E3040BC0918601FBAC034C3ABTSTEXC, SHORT8C0D20950A952041FE0B1E2093699E4DFC17TSTEXC, SHORT1E0068C102D8F0422B0A5650F17B7A8CC27DTSTEXC, EXAMC7D62D4E08019046D808E890BCE2994E7205TE51, EXAMNORESULTS3068FB3D027790402E09B620C479A3B02134TAF3, SHORT1F53F79705502049690B95903E6B3E32B388T283, SHORT2F7AFE190F70C041190A7260A95E1F07D3DAT16A, SHORT954415470ACD50442A0A95201ABA238FABBFT3DE, SHORT21CFA79A0C345042110BF1C0D91586AF8F0AT44E, SHORTF58B704B082D404FB409B5000EDCBE5A6DDATESTEXFOREXAM, SHORT3175E8D00A18E0422A082F209C5D849020F5T245, SHORT3175E8D00A18E0422A082F209C5D849020F5T1F2, SHORTA448ACF207C5E04A4F0891A0FA9E44E72CD9TESTEXFOREXAM, SHORT4BB24783086B404533083240DC7E25F1B1A8TESTEXFOREXAM, SHORT2070E84E084790441B0B95708F80C60A65C8TESTEXFOREXAM, SHORTB485D3610070F047D70A9FE02198D7A1835BTESTEXFOREXAM, SHORTE01F284C044ED040CB0894206E56183452FATC1B, SHORTE01F284C044ED040CB0894206E56183452FAT1F4, SHORT611B4DAF0D63804E2E0BD7A0EE0C25D00141T608, SHORT921D70B00BFA20467F08BBD0D27002DFA910TESTEXFOREXAM, SHORTD5A844640B11C04DE108A2E03DF3C1FC329BTESTEXFOREXAM, SHORT16918D1C055E5048F7083050A54198DEDE72T8F3, SHORT7BDB76AD0CD0D04A1D0B04D05776F4FE8B34T9E9, SHORT4BEAEB4502B9204C790B56E04F6AE45A48E0TA17, SHORT36EC8E3E06FE2042FD09ADB0586ABC6F55CDT2DD, SHORT47A427010770004E9E082920C1573544B746T725, SHORT855E7A5C0A6470447509D4709398D5C20FB4T91A, SHORT9962A16509E3A0413C097730FE2C5B1C9680TCD3, SHORTE4AED03D07F940486B0BF6309C227475AE19T780, SHORT7776DE460563304665080E50ABEBE52BA76FTA02, SHORTC24489380C3F0040CE0958F065433B260274T3FE, SHORT5F936CC702AF1046EF0AB560F168D00FFAE1TE27, SHORTF793EFAE0836704D5908EB1013F96DAE2372TFD0, SHORT42E223C408C2004A060BDF509ED2D364D534TEC8, SHORTFA761ACC0C67304BD209C4602F5E92345863T525, SHORT470149D3066E1047110812108E16C7F803A5T1D6, SHORT470149D3066E1047110812108E16C7F803A5TC66, SHORTBFF878130BB70048BC08A9B037E84F8A6A50T146, SHORT0E1CE3F30D17E042B20B20609597F3542843T60B, SHORTFE0EF7D60DD6B04B2208788081DF074CE29FT934, SHORT05A1211400274047FB0BEFC00F284F696022T291, SHORT4C8891310593104EED0BC3D07E2A5ED1E51DT9CC, SHORTDF2D27C300BE0047150A54F0CD30926E0B5BT79D, SHORT8B81EF700824F04A6A0A51004176B1ED11EBT1DC, SHORT40B47A980F1A604272080E90ECB990E0E01ETA4D, SHORT93A7B18301B7504BBB0ACC5016667D8DCEB0TA4D, SHORT1C8BE8050845E046F208CC80C8B0CC6CDC93TFA3, SHORT1C8BE8050845E046F208CC80C8B0CC6CDC93TESTEXFOREXAM, SHORT63F2E94801E29040920A790003E8B75F2B0CT49D, SHORTE64205E8040B504FAE09555008EC5D91F845T6AD, SHORT468F69DF016C5046BE091E500F8A3705C212TF5B, SHORT4265098006B0F040FB089F40EA163DB98906T4BE, SHORT02C9CD880256D0439F0A29F0734634575CA5T18C, SHORTAE5099A908E5A040120AD2B05B4DAD8532B6T225, SHORTCB7ADE2801C9A041B50AD830E60D07627E61T3C8, SHORTA3B7B2490506F04EAD0929C011896D98A6ECT041, SHORT1A05D6BB0D262045220B01A013632C018398T892, SHORTDD787A4A042910481C0B3300D7DCC0DC7514T6E9, SHORT43CC7027014D30496C0B7BC007ADDD5E63AFT255, SHORT2BA924B2000B6049C0087A40CD018715EF4ETBA5, SHORTDEC8F60A0206E04BC20B19000452CB630126TD28, SHORT46CDF4A80A924042020B8E40B0A8CB8067FFT328, SHORT817B5BE60D1E0041740BC3C0577CF9F66DAFT77C, SHORTDA47CEAF0A40704D68080720C6DFF8C9CC59T31C, SHORT3AA7656B00F36041890A23F0B5F691CFBE3FT5F3, SHORT987833E5013C50475F090DF0E7681E32B5E4TCCA, SHORT756996DD060F80464E081DC0BB99B2FF3ED5TAA1, SHORT69AB29C3066650488B0915A07F584C5E1D2AT8B8, SHORT47F085DA0899104F7208CE5060659041CBEAT6EA, SHORTEB297D890E437045620A5C60F91CF3D3CE14T477, SHORT7B4C249704270048F40BEFF0B76CABA101F6T228, SHORTB2F9E2750979D046D009C920FFA8B4F904DETCA0, SHORTB9929E730FF13040E10BE660C7A22CF6678CT320, SHORT53312A6E002B8044420A51C04FCF020B36E4TD05, SHORT6B9662FA0F5AE04BBC085F10BA014641B3E1T642, SHORT1C9C0D3009557042240AACB00D6516DD9A1BT7B4, SHORT284129140C194045BB0AFE4025A528744EC0TEAE, SHORTCCBF8CB90C63D045770A1180E269D1B856A7T8D6, SHORT8EE5866E069420476C0865D0DE39727FB8BAT6AA, SHORT3BCB2D3A07211044E009FFB039A41B8ABF8ET9EF, SHORT36F9D7F3012FE042390B5370ACF8A972B465T0AD, SHORT51BB6C420BAC7040C909F750CEBCEAD61EDFTCA0, SHORTCDDFF54A002B804697086D406556D04FB658T9CB, SHORT3C0DA0A7021530493609775010468B464CEBTF61, SHORT5E70291D0F9140422C0991A06085509E0787T8A9, SHORT6029D5B80DF0E04DDB0A00706AF26EDD3BAFT4CB, SHORT83EBF9270E68F04D980A41F0790E6606396FTF8B, SHORT8FCF437A015CE04F670B5950AF19D8598292TBC5, SHORT525E0CB4064F1043160ABB20079CF89CE770TE30, SHORT7BB261EA06EDC04A0C0889908AF423E07976T9CC, SHORTC82A959C0C85F04630096B909C8C562003F6TF97, SHORT9263EBE003CCE04CBB0935A0D07BC643C8A1T7A2, SHORT76E752270FD56046930AB190E96BDA8B24FDT6A7, SHORT0C34C3510307C04CB208B9F0248C3D24985BT743, SHORTAD4D2C120033204F5909C3806A57C2175565TF31, SHORT3E279B710EAB004EA00B7D80E94E0011584FT93A, SHORT66FB39A10683F049700AE7D0848E35DFD8D0TF6C, SHORT0CD7BE5A065F30414108448071F36A58906ET2A5, SHORT9D13B6FD01D360477B09213059C182B8700ET319, SHORTF399EB2F08FAF045AE098380260FFB945EA7TA49, SHORT1F61DA7C0A80604E7F0A1370468039F5606DT1BF, SHORT4D709C6C0C3DA04D640AF760D891B58ECE56T361, SHORT5C1438A509C5B041AF0880004C4E53D464CET83D, SHORT6D05B22A041C7044B708294033D5C85FDEC6TFD6, SHORT8C2CDACF0C6460429E0808800C090E019083T4E0, SHORT075843F603A560438009EE70DB89F7DCF685T885, SHORT2449F873061F6042AC0A5A607D5A52470FA2T61D, SHORT72F1407904A0204CA209BF7010CB54B98C08T538, SHORT2EF0B6B10C60B048E10B05F0A7BD2E5D79AAT665, SHORT1134E97D0D3E70420F0B5D706E3DEFB9B710T879, SHORT2AEA91AC060CF0417A0B5F601037F84C2018TFC4, SHORT363C4FEB0451C045A40B62803AA968560447T4FA, SHORT1B59D83404286044CE0827601CD8820A13EDT664, SHORT5F534AA40674B048F90A7E200F04EE9587C7T6B2, SHORT6346F56204B9A04F720892604CA44F8543DETB8E, SHORT8B12801C03F17043C00B14E032BC287C8E8AT74D, SHORT91DBADFC017F4042F309284050EFB2DE33A0T5C2, SHORT9DA93A2907F7A0436B082D20680E22E10DC0T1FA, SHORTA50F626603E14048CE0858A01ACEFE1E5ACCTC7C, SHORT439890170063B04EFE09D340F40776177D7ETCF7, SHORT782032EF0820B049D40AC3F02F7868A0721DT819, SHORT1F95B8B70BA7404517092510D12D28965E87TE78, SHORT37D3288203BA6048EE083CF0B5B54D5079AAT1E3, SHORTD1ED502C0B652048A60A9D80539B8BB1A261T8C8, SHORTD1236C1306C5A047490A5CF0B1157A214EA1T1F1, SHORT13BB6B820C5FD040E60BC9E0C42EBE0734C3T9CE, SHORT9AA3EF690EAED0438B08EF00924E34BFCF64TAD5, SHORT644FEA6B021F50408608080006824C0AC1ACT638, SHORT2F95ED7B049590470D0B9BF04B6C5C788FCDT611, SHORT697D244E0BC680405109753072EBE6C6107CT37A, SHORT3173F68206AAE04E3308C1809D187F7600B6T401, SHORT5D0378A5027A904A590BB1605241B62AFFC1T674, SHORT78999C0B0C60304A6A0A1D70FDFA00A0EEFFT3B2, SHORTCFC2D82F0DE970443A094D80A22E7E11B48ETSTEXC, SHORT71AB632808A1504329083060432BE7F57293TDA8, SHORT8E395D740FD890452308AE7055D1D6237A37T110, SHORT805C7E0608F1E0440908A7F0CBA9BEED3D98T616, SHORT76835AF00F34D04C48086210A465CCC1CDDATD53, SHORT8F63C69A0D7DC043810A2F90C2ED9347A244TEC8, SHORT2B5EDBDC073A204A1808D0E0203BF069C055T4FF, SHORTBC276B940427C046A00AC440E4CFB5F67D55T1A0, SHORT53626AA40B94904CE20BEB4060C51C0EF675T67A, SHORT3D855F230CDF1043BE09BFA0337DE1619493T926, SHORT39D73DC80768A04C870840B0750DBC02E313T02A, SHORT5BDC1A290006904E3C093310ECA97977217CTA43, SHORT5688773E03BF3048BD0A66E0F0E86995F45AT2AB, SHORTA5F6F2100A2DA0489B09E8E03FA18F59E4A9T0BB, SHORT027C2F7F013E50420F099BC0B67108FE2A9CTD8B, SHORT99E1FAA00B12F042B70BFD4086A46B201CD5TD12, SHORTCD99EEFF01904040380A09307C4BDB91C871T479, SHORT61812DAB04A8604D130BE7101A30A7865DEBT715, SHORTC8D982FE09C5C04B2E09005039C8E7E41B7FT27B, SHORT9B0B38BC05C1804639088920F04D078D6F78T24D, SHORTC27C3DD00791E042F00A0970A2C5BE1804AFT90F, SHORT13268C400629C04E1708C690208FFD348A2DT464, SHORT089740AD0645704C5908DA506B07F02C65A7T4B5, SHORT147BD86F02BF0043780A29E04D3F9238A4A5T3BB, SHORTD20F679B08580044F40B68D068D08B2A0B13T842, SHORT7493F2400942604F5B0906A0265A16C65152T2A4, SHORT2E31EE1900B0004BC80AE3A07B9793BA4E90T103, SHORTC3F61D5C0F20A049B00987A09DD3C4022A3BT941, SHORT0A1AA3C304046046DC080E80E38DF6E07D46T786, SHORT8804351A03151042950A0460E777EFD2F9AET5A3, SHORTCE995F0906700046960B4790F991C01F2DDBTB22, SHORT0B06F36A0A498049020B36401732A76AF799TDE9, SHORT756E4A550841704EEA0AF110D1947FF34F56T6DC, SHORT78C291B30403704CBA0BF8A037B391B61381TD7D, SHORT9A395D2B016B604E8D084390A6CB2DC873A7T48C, SHORT00F459E80EECB04B650BBCA05F2F5E6EF36DT76D, SHORT403AEBBD020AF049C9092A00D5136414D542T7D7, SHORT5A51076F07DD2041280826C0D5F66CAAD73FT53B, SHORTE8C51A6C00387044C4082A803C11E2D52D1CTAD1, SHORT83270A0E0D42B044700AEC60D37713995D4CT9EB, SHORT4851DCAF0328F04A6F09ABF0B3939985A345T67F, SHORTC202E8FE07862047370A18308A83F005E8C9T429, SHORT69ADF5380AE6204F020A21A042509D4A69CDTE8B, SHORTB3EE03E10843204C00087510B52439B1D228TEA0, SHORTFB21760E0E984049CA0BB4F08148DECBD568TEE0, SHORTBB48099E05A5D049FD09BC90025E1C21DADET9DB, SHORTEB8C3FD80DB6504CD6084B90BE3F88862C81TE55, SHORTBF613E87094E20438A0A06F05D543882F379TC72, SHORT2C69081B03CDB0462C0ABF009DA3DF59C927T301, SHORTEC8717FE06D4C04E800837C091A32018A26CT833, SHORTF60A69AD0E50104F6A0900202868CFD5A604T4EC, SHORTC71DCE000315804E6F0BB5B067566A0682DAT9FD, SHORTA24839960965A04AE10AC240BDAC5998A594T7CD, SHORT8BBF905304E09048E90BBF70C12D27F4A9A9T36F, SHORT0C0A76F6007900457109C2607E18139CBFDBTSTEXC, SHORT92B2FFEE0E88C0420D0A1E50AF6C1B60D6C4TSTEXC, SHORT1F752F350F94D04D130A7EC0964B05AC6949TSTEXC, SHORT0DD48E2608F0204348089BE0D63087D12478TSTEXC, SHORT3275661704996042AD0B70D05DF8480B84DDTSTEXC, SHORT3F279FAC02CC9041430AD75081DFC29EE491TSTEXC, SHORT79EE62C90F856043420A31E01B5CDDA03349TSTEXC, SHORT158A13360319B04B8D08BF90949AF628FFD7TSTEXC, SHORT4C0D4751040BD04A550A2220A63058AE49EETSTEXC, null, null, null, null, null, null, null, null, null, null, null, null, null, SHORT4ED4D3570647404A0D08F250D186452C0F0DTSTEXC, SHORT516F656F03690042920946B0F2A0B120F4F0TSTEXC, SHORT499426490DB8A043900A3C8028E46D206906TSTEXC, SHORT9908C20207C2C04E49097790F0390D025F62TSTEXC, SHORTADB6943500EA104EB109A4F091C2806EF356TSTEXC, SHORT443A976801A1004C070AC3B0EB28FE41742ETSTEXC, SHORT2EBC58CD0DD99045300B3EB04D1D3BE1800CTSTEXC, SHORT5A5726A20584504E6A0BDDF0684C8401D553TSTEXC, SHORTFC2662450C5A604F9D093CB02FE79A11E38BTSTEXC, SHORT3DED0CFB0FAD9048640A15C0312EEB0F30B0TSTEXC, SHORT33D734EF010AC0421C0BC66091AF026293CATSTEXC, SHORTB9A468AF09FD0045C408E100BC2A8EB094EDTSTEXC]
    23:44:27.074 | 441 ool-1-worker-205 | DEBUG | d.t.c.a.a.c.s.f.ApiVersionFilter     : Adding Version to Request DELETE /api/courses/805/instructors/courseegitlabjenkinsinstructor1
    23:44:27.075 | 441 ool-1-worker-205 | DEBUG | d.t.c.a.a.core.web.CourseResource    : REST request to remove courseegitlabjenkinsinstructor1 as instructor from course : 805
    23:44:27.078 | 441 ool-1-worker-205 | INFO  | d.t.c.a.a.c.service.user.UserService : Remove user courseegitlabjenkinsinstructor1 from group instructor
    23:44:27.081 | 441 ool-1-worker-205 | DEBUG | d.t.c.a.a.c.service.user.UserService : Save user User{login='courseegitlabjenkinsinstructor1', firstName='courseegitlabjenkinsinstructor1First', lastName='courseegitlabjenkinsinstructor1Last', email='courseegitlabjenkinsinstructor1@test.de', imageUrl='null', activated='true', langKey='en', activationKey='null'}
    23:44:27.120 | 441 ool-1-worker-205 | INFO  | .a.p.s.g.GitLabUserManagementService : Update Gitlab permissions for programming exercises: [null, null, SHORTDA184D9404036043920AC46061569DF9331ETSTEXC, SHORT4D18CB7903AAA049CD0891F00A7F77B5708ATSTEXC, SHORTE6CC1DA70D6B904FCF0AD3E0D4E2DA8018E7TSTEXC, SHORT2929F3C70393604A6A08F0803B79521686FDTSTEXC, SHORT95EE97310304B0435C08EDC0DFB1957C430DTSTEXC, SHORTCB0191F202F5404D7708DC50B0F54FF07D9ATSTEXC, SHORTE823DA4E035B904F250A6CB070A6B897835BTSTEXC, SHORT60AEF9F3062A804B80093E003D8346BCFDC4TSTEXC, SHORT015E8A9B05C69048AA087F40D0CD7F2312FDTSTEXC, SHORTE9ACA8550BFBA044EC08BCA09CE37420D51CTSTEXC, SHORT0D0C100208AE704FA90A38D0246D081FC16BTSTEXC, SHORT17FCEBBF01AB6041EF0B50E0F7F031E5DC15TSTEXC, SHORT3C8083500B4F4049060B86900DECE2E4E215TSTEXC, SHORT2D4D78CB02EB3042890BEC205671442D8CF8TSTEXC, SHORTADD785730E45604F9E0AB420275EF800D7E0TSTEXC, SHORT3C3F5A2208B1A049110ADEE072E577E5654ETSTEXC, SHORTA8CFEDC30EDC804E8508DDC0ACEC623B04A2TSTEXC, SHORTB6ECA2AF03D56044D20850E032D251EBE378TSTEXC, SHORT0B79AF1B0994304249092B00280004BBDC11TSTEXC, SHORTA13D35E50A39B040D108DFF0266C35C2E79DTSTEXC, SHORTDD22B6AD07E2B04F570B79C09AB7523409E8TSTEXC, SHORTC907FB5B0CF690494C0B6770C0E38FA9148ETSTEXC, SHORTA101A11F08EC90446008DED09C0467307EDCTSTEXC, SHORTD60BF4A506298044DF0821308BAC9DC2758ETSTEXC, SHORT804E11A302BD8045DC0A855023748D587851TSTEXC, SHORTC1F0176D037FA042AF0B01E05BB0A9B2E9BETSTEXC, SHORT0C7BCE7C0593B04AB9094D902D8C4BB8750CTSTEXC, SHORTA1002EDA02485040D709DFA024F1B4B414B7TSTEXC, SHORT252B48D702ACA04E7D09D1E026DE0EDBBC57TSTEXC, SHORT15FE276D091C20493D0A7750711FA8A288C4TSTEXC, SHORT04658EE40CF56043A90978F0D7CCEBB734C1TSTEXC, SHORT7CF576DD082A90450A0A82901E8EBFA88A7BTSTEXC, SHORTA972A00F0893B04D6F08C3D034FEB43C0DD8TSTEXC, SHORTC75A50230639D0498808D2F0E8C1A7B58CC5TSTEXC, SHORT3F566B5F0B72404479097E108CAA3BDA1949TSTEXC, SHORT6AAEE3480E5A40453808E8C00464EF5E5AB4TSTEXC, SHORTF7EE08B20B328046340B4AE0AE6603A3ED4FTSTEXC, SHORTB8D3A8190AF6B047CC0A8000C1445A11C533TSTEXC, SHORT13F751CC04C2E045660A7840124C5F74C6FBTSTEXC, SHORT8825F5AC06B80041720B67703B1A4C59180FTSTEXC, SHORT94B3497E0FA8A044F00B60D05C198A08807CTSTEXC, SHORT2AF074880E18F04BE50832D0DB91CC34A794TSTEXC, SHORTADCFB1060E55E048180BB4203D062BCEBD2BTSTEXC, SHORT15D509CE0B7C304FCD099A907183843CD29ATSTEXC, SHORT866495D9024C904D61083A20AFA040BBC5C4TSTEXC, SHORT17C6BEF20460A0439C0822C0CFA7DC22A993TSTEXC, SHORT73663F9D027A004C4D09DD804EB8E2CA7273TSTEXC, SHORTAC8413E208FA4047F30AFAE0C00C3CCA1DD5TSTEXC, SHORT9804F30E05B7C047890921800A2A88028BB3TSTEXC, SHORT923F395608E20042F80A5DB03BB021AE3150TSTEXC, SHORT5B1FAE6C0FF560469C097D40A66462B374ADTSTEXC, SHORT138EF83F0141B04F7E08A5A089903D88581DTSTEXC, SHORT74127E77086E1042F3086F7076A592D1D0C9TSTEXC, SHORT5137C02804236041A30A2E504180F52AF1EETSTEXC, SHORT737ED94E0AE950448F0B4C30C9057D986E44TSTEXC, SHORTA0F19189087D104EA00BD4A0CCC155DBF367TSTEXC, SHORTC0408902059E3040BC0918601FBAC034C3ABTSTEXC, SHORT8C0D20950A952041FE0B1E2093699E4DFC17TSTEXC, SHORT1E0068C102D8F0422B0A5650F17B7A8CC27DTSTEXC, EXAMC7D62D4E08019046D808E890BCE2994E7205TE51, EXAMNORESULTS3068FB3D027790402E09B620C479A3B02134TAF3, SHORT1F53F79705502049690B95903E6B3E32B388T283, SHORT2F7AFE190F70C041190A7260A95E1F07D3DAT16A, SHORT954415470ACD50442A0A95201ABA238FABBFT3DE, SHORT21CFA79A0C345042110BF1C0D91586AF8F0AT44E, SHORTF58B704B082D404FB409B5000EDCBE5A6DDATESTEXFOREXAM, SHORT3175E8D00A18E0422A082F209C5D849020F5T245, SHORT3175E8D00A18E0422A082F209C5D849020F5T1F2, SHORTA448ACF207C5E04A4F0891A0FA9E44E72CD9TESTEXFOREXAM, SHORT4BB24783086B404533083240DC7E25F1B1A8TESTEXFOREXAM, SHORT2070E84E084790441B0B95708F80C60A65C8TESTEXFOREXAM, SHORTB485D3610070F047D70A9FE02198D7A1835BTESTEXFOREXAM, SHORTE01F284C044ED040CB0894206E56183452FATC1B, SHORTE01F284C044ED040CB0894206E56183452FAT1F4, SHORT611B4DAF0D63804E2E0BD7A0EE0C25D00141T608, SHORT921D70B00BFA20467F08BBD0D27002DFA910TESTEXFOREXAM, SHORTD5A844640B11C04DE108A2E03DF3C1FC329BTESTEXFOREXAM, SHORT16918D1C055E5048F7083050A54198DEDE72T8F3, SHORT7BDB76AD0CD0D04A1D0B04D05776F4FE8B34T9E9, SHORT4BEAEB4502B9204C790B56E04F6AE45A48E0TA17, SHORT36EC8E3E06FE2042FD09ADB0586ABC6F55CDT2DD, SHORT47A427010770004E9E082920C1573544B746T725, SHORT855E7A5C0A6470447509D4709398D5C20FB4T91A, SHORT9962A16509E3A0413C097730FE2C5B1C9680TCD3, SHORTE4AED03D07F940486B0BF6309C227475AE19T780, SHORT7776DE460563304665080E50ABEBE52BA76FTA02, SHORTC24489380C3F0040CE0958F065433B260274T3FE, SHORT5F936CC702AF1046EF0AB560F168D00FFAE1TE27, SHORTF793EFAE0836704D5908EB1013F96DAE2372TFD0, SHORT42E223C408C2004A060BDF509ED2D364D534TEC8, SHORTFA761ACC0C67304BD209C4602F5E92345863T525, SHORT470149D3066E1047110812108E16C7F803A5T1D6, SHORT470149D3066E1047110812108E16C7F803A5TC66, SHORTBFF878130BB70048BC08A9B037E84F8A6A50T146, SHORT0E1CE3F30D17E042B20B20609597F3542843T60B, SHORTFE0EF7D60DD6B04B2208788081DF074CE29FT934, SHORT05A1211400274047FB0BEFC00F284F696022T291, SHORT4C8891310593104EED0BC3D07E2A5ED1E51DT9CC, SHORTDF2D27C300BE0047150A54F0CD30926E0B5BT79D, SHORT8B81EF700824F04A6A0A51004176B1ED11EBT1DC, SHORT40B47A980F1A604272080E90ECB990E0E01ETA4D, SHORT93A7B18301B7504BBB0ACC5016667D8DCEB0TA4D, SHORT1C8BE8050845E046F208CC80C8B0CC6CDC93TFA3, SHORT1C8BE8050845E046F208CC80C8B0CC6CDC93TESTEXFOREXAM, SHORT63F2E94801E29040920A790003E8B75F2B0CT49D, SHORTE64205E8040B504FAE09555008EC5D91F845T6AD, SHORT468F69DF016C5046BE091E500F8A3705C212TF5B, SHORT4265098006B0F040FB089F40EA163DB98906T4BE, SHORT02C9CD880256D0439F0A29F0734634575CA5T18C, SHORTAE5099A908E5A040120AD2B05B4DAD8532B6T225, SHORTCB7ADE2801C9A041B50AD830E60D07627E61T3C8, SHORTA3B7B2490506F04EAD0929C011896D98A6ECT041, SHORT1A05D6BB0D262045220B01A013632C018398T892, SHORTDD787A4A042910481C0B3300D7DCC0DC7514T6E9, SHORT43CC7027014D30496C0B7BC007ADDD5E63AFT255, SHORT2BA924B2000B6049C0087A40CD018715EF4ETBA5, SHORTDEC8F60A0206E04BC20B19000452CB630126TD28, SHORT46CDF4A80A924042020B8E40B0A8CB8067FFT328, SHORT817B5BE60D1E0041740BC3C0577CF9F66DAFT77C, SHORTDA47CEAF0A40704D68080720C6DFF8C9CC59T31C, SHORT3AA7656B00F36041890A23F0B5F691CFBE3FT5F3, SHORT987833E5013C50475F090DF0E7681E32B5E4TCCA, SHORT756996DD060F80464E081DC0BB99B2FF3ED5TAA1, SHORT69AB29C3066650488B0915A07F584C5E1D2AT8B8, SHORT47F085DA0899104F7208CE5060659041CBEAT6EA, SHORTEB297D890E437045620A5C60F91CF3D3CE14T477, SHORT7B4C249704270048F40BEFF0B76CABA101F6T228, SHORTB2F9E2750979D046D009C920FFA8B4F904DETCA0, SHORTB9929E730FF13040E10BE660C7A22CF6678CT320, SHORT53312A6E002B8044420A51C04FCF020B36E4TD05, SHORT6B9662FA0F5AE04BBC085F10BA014641B3E1T642, SHORT1C9C0D3009557042240AACB00D6516DD9A1BT7B4, SHORT284129140C194045BB0AFE4025A528744EC0TEAE, SHORTCCBF8CB90C63D045770A1180E269D1B856A7T8D6, SHORT8EE5866E069420476C0865D0DE39727FB8BAT6AA, SHORT3BCB2D3A07211044E009FFB039A41B8ABF8ET9EF, SHORT36F9D7F3012FE042390B5370ACF8A972B465T0AD, SHORT51BB6C420BAC7040C909F750CEBCEAD61EDFTCA0, SHORTCDDFF54A002B804697086D406556D04FB658T9CB, SHORT3C0DA0A7021530493609775010468B464CEBTF61, SHORT5E70291D0F9140422C0991A06085509E0787T8A9, SHORT6029D5B80DF0E04DDB0A00706AF26EDD3BAFT4CB, SHORT83EBF9270E68F04D980A41F0790E6606396FTF8B, SHORT8FCF437A015CE04F670B5950AF19D8598292TBC5, SHORT525E0CB4064F1043160ABB20079CF89CE770TE30, SHORT7BB261EA06EDC04A0C0889908AF423E07976T9CC, SHORTC82A959C0C85F04630096B909C8C562003F6TF97, SHORT9263EBE003CCE04CBB0935A0D07BC643C8A1T7A2, SHORT76E752270FD56046930AB190E96BDA8B24FDT6A7, SHORT0C34C3510307C04CB208B9F0248C3D24985BT743, SHORTAD4D2C120033204F5909C3806A57C2175565TF31, SHORT3E279B710EAB004EA00B7D80E94E0011584FT93A, SHORT66FB39A10683F049700AE7D0848E35DFD8D0TF6C, SHORT0CD7BE5A065F30414108448071F36A58906ET2A5, SHORT9D13B6FD01D360477B09213059C182B8700ET319, SHORTF399EB2F08FAF045AE098380260FFB945EA7TA49, SHORT1F61DA7C0A80604E7F0A1370468039F5606DT1BF, SHORT4D709C6C0C3DA04D640AF760D891B58ECE56T361, SHORT5C1438A509C5B041AF0880004C4E53D464CET83D, SHORT6D05B22A041C7044B708294033D5C85FDEC6TFD6, SHORT8C2CDACF0C6460429E0808800C090E019083T4E0, SHORT075843F603A560438009EE70DB89F7DCF685T885, SHORT2449F873061F6042AC0A5A607D5A52470FA2T61D, SHORT72F1407904A0204CA209BF7010CB54B98C08T538, SHORT2EF0B6B10C60B048E10B05F0A7BD2E5D79AAT665, SHORT1134E97D0D3E70420F0B5D706E3DEFB9B710T879, SHORT2AEA91AC060CF0417A0B5F601037F84C2018TFC4, SHORT363C4FEB0451C045A40B62803AA968560447T4FA, SHORT1B59D83404286044CE0827601CD8820A13EDT664, SHORT5F534AA40674B048F90A7E200F04EE9587C7T6B2, SHORT6346F56204B9A04F720892604CA44F8543DETB8E, SHORT8B12801C03F17043C00B14E032BC287C8E8AT74D, SHORT91DBADFC017F4042F309284050EFB2DE33A0T5C2, SHORT9DA93A2907F7A0436B082D20680E22E10DC0T1FA, SHORTA50F626603E14048CE0858A01ACEFE1E5ACCTC7C, SHORT439890170063B04EFE09D340F40776177D7ETCF7, SHORT782032EF0820B049D40AC3F02F7868A0721DT819, SHORT1F95B8B70BA7404517092510D12D28965E87TE78, SHORT37D3288203BA6048EE083CF0B5B54D5079AAT1E3, SHORTD1ED502C0B652048A60A9D80539B8BB1A261T8C8, SHORTD1236C1306C5A047490A5CF0B1157A214EA1T1F1, SHORT13BB6B820C5FD040E60BC9E0C42EBE0734C3T9CE, SHORT9AA3EF690EAED0438B08EF00924E34BFCF64TAD5, SHORT644FEA6B021F50408608080006824C0AC1ACT638, SHORT2F95ED7B049590470D0B9BF04B6C5C788FCDT611, SHORT697D244E0BC680405109753072EBE6C6107CT37A, SHORT3173F68206AAE04E3308C1809D187F7600B6T401, SHORT5D0378A5027A904A590BB1605241B62AFFC1T674, SHORT78999C0B0C60304A6A0A1D70FDFA00A0EEFFT3B2, SHORTCFC2D82F0DE970443A094D80A22E7E11B48ETSTEXC, SHORT71AB632808A1504329083060432BE7F57293TDA8, SHORT8E395D740FD890452308AE7055D1D6237A37T110, SHORT805C7E0608F1E0440908A7F0CBA9BEED3D98T616, SHORT76835AF00F34D04C48086210A465CCC1CDDATD53, SHORT8F63C69A0D7DC043810A2F90C2ED9347A244TEC8, SHORT2B5EDBDC073A204A1808D0E0203BF069C055T4FF, SHORTBC276B940427C046A00AC440E4CFB5F67D55T1A0, SHORT53626AA40B94904CE20BEB4060C51C0EF675T67A, SHORT3D855F230CDF1043BE09BFA0337DE1619493T926, SHORT39D73DC80768A04C870840B0750DBC02E313T02A, SHORT5BDC1A290006904E3C093310ECA97977217CTA43, SHORT5688773E03BF3048BD0A66E0F0E86995F45AT2AB, SHORTA5F6F2100A2DA0489B09E8E03FA18F59E4A9T0BB, SHORT027C2F7F013E50420F099BC0B67108FE2A9CTD8B, SHORT99E1FAA00B12F042B70BFD4086A46B201CD5TD12, SHORTCD99EEFF01904040380A09307C4BDB91C871T479, SHORT61812DAB04A8604D130BE7101A30A7865DEBT715, SHORTC8D982FE09C5C04B2E09005039C8E7E41B7FT27B, SHORT9B0B38BC05C1804639088920F04D078D6F78T24D, SHORTC27C3DD00791E042F00A0970A2C5BE1804AFT90F, SHORT13268C400629C04E1708C690208FFD348A2DT464, SHORT089740AD0645704C5908DA506B07F02C65A7T4B5, SHORT147BD86F02BF0043780A29E04D3F9238A4A5T3BB, SHORTD20F679B08580044F40B68D068D08B2A0B13T842, SHORT7493F2400942604F5B0906A0265A16C65152T2A4, SHORT2E31EE1900B0004BC80AE3A07B9793BA4E90T103, SHORTC3F61D5C0F20A049B00987A09DD3C4022A3BT941, SHORT0A1AA3C304046046DC080E80E38DF6E07D46T786, SHORT8804351A03151042950A0460E777EFD2F9AET5A3, SHORTCE995F0906700046960B4790F991C01F2DDBTB22, SHORT0B06F36A0A498049020B36401732A76AF799TDE9, SHORT756E4A550841704EEA0AF110D1947FF34F56T6DC, SHORT78C291B30403704CBA0BF8A037B391B61381TD7D, SHORT9A395D2B016B604E8D084390A6CB2DC873A7T48C, SHORT00F459E80EECB04B650BBCA05F2F5E6EF36DT76D, SHORT403AEBBD020AF049C9092A00D5136414D542T7D7, SHORT5A51076F07DD2041280826C0D5F66CAAD73FT53B, SHORTE8C51A6C00387044C4082A803C11E2D52D1CTAD1, SHORT83270A0E0D42B044700AEC60D37713995D4CT9EB, SHORT4851DCAF0328F04A6F09ABF0B3939985A345T67F, SHORTC202E8FE07862047370A18308A83F005E8C9T429, SHORT69ADF5380AE6204F020A21A042509D4A69CDTE8B, SHORTB3EE03E10843204C00087510B52439B1D228TEA0, SHORTFB21760E0E984049CA0BB4F08148DECBD568TEE0, SHORTBB48099E05A5D049FD09BC90025E1C21DADET9DB, SHORTEB8C3FD80DB6504CD6084B90BE3F88862C81TE55, SHORTBF613E87094E20438A0A06F05D543882F379TC72, SHORT2C69081B03CDB0462C0ABF009DA3DF59C927T301, SHORTEC8717FE06D4C04E800837C091A32018A26CT833, SHORTF60A69AD0E50104F6A0900202868CFD5A604T4EC, SHORTC71DCE000315804E6F0BB5B067566A0682DAT9FD, SHORTA24839960965A04AE10AC240BDAC5998A594T7CD, SHORT8BBF905304E09048E90BBF70C12D27F4A9A9T36F, SHORT0C0A76F6007900457109C2607E18139CBFDBTSTEXC, SHORT92B2FFEE0E88C0420D0A1E50AF6C1B60D6C4TSTEXC, SHORT1F752F350F94D04D130A7EC0964B05AC6949TSTEXC, SHORT0DD48E2608F0204348089BE0D63087D12478TSTEXC, SHORT3275661704996042AD0B70D05DF8480B84DDTSTEXC, SHORT3F279FAC02CC9041430AD75081DFC29EE491TSTEXC, SHORT79EE62C90F856043420A31E01B5CDDA03349TSTEXC, SHORT158A13360319B04B8D08BF90949AF628FFD7TSTEXC, SHORT4C0D4751040BD04A550A2220A63058AE49EETSTEXC, null, null, null, null, null, null, null, null, null, null, null, null, null, SHORT4ED4D3570647404A0D08F250D186452C0F0DTSTEXC, SHORT516F656F03690042920946B0F2A0B120F4F0TSTEXC, SHORT499426490DB8A043900A3C8028E46D206906TSTEXC, SHORT9908C20207C2C04E49097790F0390D025F62TSTEXC, SHORTADB6943500EA104EB109A4F091C2806EF356TSTEXC, SHORT5A5726A20584504E6A0BDDF0684C8401D553TSTEXC, SHORT3DED0CFB0FAD9048640A15C0312EEB0F30B0TSTEXC]
    23:44:27.176 | 441 ool-1-worker-205 | INFO  | a.p.s.j.JenkinsUserManagementService : Update Jenkins permissions (remove users from groups) for programming exercises: [null, null, SHORTDA184D9404036043920AC46061569DF9331ETSTEXC, SHORT4D18CB7903AAA049CD0891F00A7F77B5708ATSTEXC, SHORTE6CC1DA70D6B904FCF0AD3E0D4E2DA8018E7TSTEXC, SHORT2929F3C70393604A6A08F0803B79521686FDTSTEXC, SHORT95EE97310304B0435C08EDC0DFB1957C430DTSTEXC, SHORTCB0191F202F5404D7708DC50B0F54FF07D9ATSTEXC, SHORTE823DA4E035B904F250A6CB070A6B897835BTSTEXC, SHORT60AEF9F3062A804B80093E003D8346BCFDC4TSTEXC, SHORT015E8A9B05C69048AA087F40D0CD7F2312FDTSTEXC, SHORTE9ACA8550BFBA044EC08BCA09CE37420D51CTSTEXC, SHORT0D0C100208AE704FA90A38D0246D081FC16BTSTEXC, SHORT17FCEBBF01AB6041EF0B50E0F7F031E5DC15TSTEXC, SHORT3C8083500B4F4049060B86900DECE2E4E215TSTEXC, SHORT2D4D78CB02EB3042890BEC205671442D8CF8TSTEXC, SHORTADD785730E45604F9E0AB420275EF800D7E0TSTEXC, SHORT3C3F5A2208B1A049110ADEE072E577E5654ETSTEXC, SHORTA8CFEDC30EDC804E8508DDC0ACEC623B04A2TSTEXC, SHORTB6ECA2AF03D56044D20850E032D251EBE378TSTEXC, SHORT0B79AF1B0994304249092B00280004BBDC11TSTEXC, SHORTA13D35E50A39B040D108DFF0266C35C2E79DTSTEXC, SHORTDD22B6AD07E2B04F570B79C09AB7523409E8TSTEXC, SHORTC907FB5B0CF690494C0B6770C0E38FA9148ETSTEXC, SHORTA101A11F08EC90446008DED09C0467307EDCTSTEXC, SHORTD60BF4A506298044DF0821308BAC9DC2758ETSTEXC, SHORT804E11A302BD8045DC0A855023748D587851TSTEXC, SHORTC1F0176D037FA042AF0B01E05BB0A9B2E9BETSTEXC, SHORT0C7BCE7C0593B04AB9094D902D8C4BB8750CTSTEXC, SHORTA1002EDA02485040D709DFA024F1B4B414B7TSTEXC, SHORT252B48D702ACA04E7D09D1E026DE0EDBBC57TSTEXC, SHORT15FE276D091C20493D0A7750711FA8A288C4TSTEXC, SHORT04658EE40CF56043A90978F0D7CCEBB734C1TSTEXC, SHORT7CF576DD082A90450A0A82901E8EBFA88A7BTSTEXC, SHORTA972A00F0893B04D6F08C3D034FEB43C0DD8TSTEXC, SHORTC75A50230639D0498808D2F0E8C1A7B58CC5TSTEXC, SHORT3F566B5F0B72404479097E108CAA3BDA1949TSTEXC, SHORT6AAEE3480E5A40453808E8C00464EF5E5AB4TSTEXC, SHORTF7EE08B20B328046340B4AE0AE6603A3ED4FTSTEXC, SHORTB8D3A8190AF6B047CC0A8000C1445A11C533TSTEXC, SHORT13F751CC04C2E045660A7840124C5F74C6FBTSTEXC, SHORT8825F5AC06B80041720B67703B1A4C59180FTSTEXC, SHORT94B3497E0FA8A044F00B60D05C198A08807CTSTEXC, SHORT2AF074880E18F04BE50832D0DB91CC34A794TSTEXC, SHORTADCFB1060E55E048180BB4203D062BCEBD2BTSTEXC, SHORT15D509CE0B7C304FCD099A907183843CD29ATSTEXC, SHORT866495D9024C904D61083A20AFA040BBC5C4TSTEXC, SHORT17C6BEF20460A0439C0822C0CFA7DC22A993TSTEXC, SHORT73663F9D027A004C4D09DD804EB8E2CA7273TSTEXC, SHORTAC8413E208FA4047F30AFAE0C00C3CCA1DD5TSTEXC, SHORT9804F30E05B7C047890921800A2A88028BB3TSTEXC, SHORT923F395608E20042F80A5DB03BB021AE3150TSTEXC, SHORT5B1FAE6C0FF560469C097D40A66462B374ADTSTEXC, SHORT138EF83F0141B04F7E08A5A089903D88581DTSTEXC, SHORT74127E77086E1042F3086F7076A592D1D0C9TSTEXC, SHORT5137C02804236041A30A2E504180F52AF1EETSTEXC, SHORT737ED94E0AE950448F0B4C30C9057D986E44TSTEXC, SHORTA0F19189087D104EA00BD4A0CCC155DBF367TSTEXC, SHORTC0408902059E3040BC0918601FBAC034C3ABTSTEXC, SHORT8C0D20950A952041FE0B1E2093699E4DFC17TSTEXC, SHORT1E0068C102D8F0422B0A5650F17B7A8CC27DTSTEXC, EXAMC7D62D4E08019046D808E890BCE2994E7205TE51, EXAMNORESULTS3068FB3D027790402E09B620C479A3B02134TAF3, SHORT1F53F79705502049690B95903E6B3E32B388T283, SHORT2F7AFE190F70C041190A7260A95E1F07D3DAT16A, SHORT954415470ACD50442A0A95201ABA238FABBFT3DE, SHORT21CFA79A0C345042110BF1C0D91586AF8F0AT44E, SHORTF58B704B082D404FB409B5000EDCBE5A6DDATESTEXFOREXAM, SHORT3175E8D00A18E0422A082F209C5D849020F5T245, SHORT3175E8D00A18E0422A082F209C5D849020F5T1F2, SHORTA448ACF207C5E04A4F0891A0FA9E44E72CD9TESTEXFOREXAM, SHORT4BB24783086B404533083240DC7E25F1B1A8TESTEXFOREXAM, SHORT2070E84E084790441B0B95708F80C60A65C8TESTEXFOREXAM, SHORTB485D3610070F047D70A9FE02198D7A1835BTESTEXFOREXAM, SHORTE01F284C044ED040CB0894206E56183452FATC1B, SHORTE01F284C044ED040CB0894206E56183452FAT1F4, SHORT611B4DAF0D63804E2E0BD7A0EE0C25D00141T608, SHORT921D70B00BFA20467F08BBD0D27002DFA910TESTEXFOREXAM, SHORTD5A844640B11C04DE108A2E03DF3C1FC329BTESTEXFOREXAM, SHORT16918D1C055E5048F7083050A54198DEDE72T8F3, SHORT7BDB76AD0CD0D04A1D0B04D05776F4FE8B34T9E9, SHORT4BEAEB4502B9204C790B56E04F6AE45A48E0TA17, SHORT36EC8E3E06FE2042FD09ADB0586ABC6F55CDT2DD, SHORT47A427010770004E9E082920C1573544B746T725, SHORT855E7A5C0A6470447509D4709398D5C20FB4T91A, SHORT9962A16509E3A0413C097730FE2C5B1C9680TCD3, SHORTE4AED03D07F940486B0BF6309C227475AE19T780, SHORT7776DE460563304665080E50ABEBE52BA76FTA02, SHORTC24489380C3F0040CE0958F065433B260274T3FE, SHORT5F936CC702AF1046EF0AB560F168D00FFAE1TE27, SHORTF793EFAE0836704D5908EB1013F96DAE2372TFD0, SHORT42E223C408C2004A060BDF509ED2D364D534TEC8, SHORTFA761ACC0C67304BD209C4602F5E92345863T525, SHORT470149D3066E1047110812108E16C7F803A5T1D6, SHORT470149D3066E1047110812108E16C7F803A5TC66, SHORTBFF878130BB70048BC08A9B037E84F8A6A50T146, SHORT0E1CE3F30D17E042B20B20609597F3542843T60B, SHORTFE0EF7D60DD6B04B2208788081DF074CE29FT934, SHORT05A1211400274047FB0BEFC00F284F696022T291, SHORT4C8891310593104EED0BC3D07E2A5ED1E51DT9CC, SHORTDF2D27C300BE0047150A54F0CD30926E0B5BT79D, SHORT8B81EF700824F04A6A0A51004176B1ED11EBT1DC, SHORT40B47A980F1A604272080E90ECB990E0E01ETA4D, SHORT93A7B18301B7504BBB0ACC5016667D8DCEB0TA4D, SHORT1C8BE8050845E046F208CC80C8B0CC6CDC93TFA3, SHORT1C8BE8050845E046F208CC80C8B0CC6CDC93TESTEXFOREXAM, SHORT63F2E94801E29040920A790003E8B75F2B0CT49D, SHORTE64205E8040B504FAE09555008EC5D91F845T6AD, SHORT468F69DF016C5046BE091E500F8A3705C212TF5B, SHORT4265098006B0F040FB089F40EA163DB98906T4BE, SHORT02C9CD880256D0439F0A29F0734634575CA5T18C, SHORTAE5099A908E5A040120AD2B05B4DAD8532B6T225, SHORTCB7ADE2801C9A041B50AD830E60D07627E61T3C8, SHORTA3B7B2490506F04EAD0929C011896D98A6ECT041, SHORT1A05D6BB0D262045220B01A013632C018398T892, SHORTDD787A4A042910481C0B3300D7DCC0DC7514T6E9, SHORT43CC7027014D30496C0B7BC007ADDD5E63AFT255, SHORT2BA924B2000B6049C0087A40CD018715EF4ETBA5, SHORTDEC8F60A0206E04BC20B19000452CB630126TD28, SHORT46CDF4A80A924042020B8E40B0A8CB8067FFT328, SHORT817B5BE60D1E0041740BC3C0577CF9F66DAFT77C, SHORTDA47CEAF0A40704D68080720C6DFF8C9CC59T31C, SHORT3AA7656B00F36041890A23F0B5F691CFBE3FT5F3, SHORT987833E5013C50475F090DF0E7681E32B5E4TCCA, SHORT756996DD060F80464E081DC0BB99B2FF3ED5TAA1, SHORT69AB29C3066650488B0915A07F584C5E1D2AT8B8, SHORT47F085DA0899104F7208CE5060659041CBEAT6EA, SHORTEB297D890E437045620A5C60F91CF3D3CE14T477, SHORT7B4C249704270048F40BEFF0B76CABA101F6T228, SHORTB2F9E2750979D046D009C920FFA8B4F904DETCA0, SHORTB9929E730FF13040E10BE660C7A22CF6678CT320, SHORT53312A6E002B8044420A51C04FCF020B36E4TD05, SHORT6B9662FA0F5AE04BBC085F10BA014641B3E1T642, SHORT1C9C0D3009557042240AACB00D6516DD9A1BT7B4, SHORT284129140C194045BB0AFE4025A528744EC0TEAE, SHORTCCBF8CB90C63D045770A1180E269D1B856A7T8D6, SHORT8EE5866E069420476C0865D0DE39727FB8BAT6AA, SHORT3BCB2D3A07211044E009FFB039A41B8ABF8ET9EF, SHORT36F9D7F3012FE042390B5370ACF8A972B465T0AD, SHORT51BB6C420BAC7040C909F750CEBCEAD61EDFTCA0, SHORTCDDFF54A002B804697086D406556D04FB658T9CB, SHORT3C0DA0A7021530493609775010468B464CEBTF61, SHORT5E70291D0F9140422C0991A06085509E0787T8A9, SHORT6029D5B80DF0E04DDB0A00706AF26EDD3BAFT4CB, SHORT83EBF9270E68F04D980A41F0790E6606396FTF8B, SHORT8FCF437A015CE04F670B5950AF19D8598292TBC5, SHORT525E0CB4064F1043160ABB20079CF89CE770TE30, SHORT7BB261EA06EDC04A0C0889908AF423E07976T9CC, SHORTC82A959C0C85F04630096B909C8C562003F6TF97, SHORT9263EBE003CCE04CBB0935A0D07BC643C8A1T7A2, SHORT76E752270FD56046930AB190E96BDA8B24FDT6A7, SHORT0C34C3510307C04CB208B9F0248C3D24985BT743, SHORTAD4D2C120033204F5909C3806A57C2175565TF31, SHORT3E279B710EAB004EA00B7D80E94E0011584FT93A, SHORT66FB39A10683F049700AE7D0848E35DFD8D0TF6C, SHORT0CD7BE5A065F30414108448071F36A58906ET2A5, SHORT9D13B6FD01D360477B09213059C182B8700ET319, SHORTF399EB2F08FAF045AE098380260FFB945EA7TA49, SHORT1F61DA7C0A80604E7F0A1370468039F5606DT1BF, SHORT4D709C6C0C3DA04D640AF760D891B58ECE56T361, SHORT5C1438A509C5B041AF0880004C4E53D464CET83D, SHORT6D05B22A041C7044B708294033D5C85FDEC6TFD6, SHORT8C2CDACF0C6460429E0808800C090E019083T4E0, SHORT075843F603A560438009EE70DB89F7DCF685T885, SHORT2449F873061F6042AC0A5A607D5A52470FA2T61D, SHORT72F1407904A0204CA209BF7010CB54B98C08T538, SHORT2EF0B6B10C60B048E10B05F0A7BD2E5D79AAT665, SHORT1134E97D0D3E70420F0B5D706E3DEFB9B710T879, SHORT2AEA91AC060CF0417A0B5F601037F84C2018TFC4, SHORT363C4FEB0451C045A40B62803AA968560447T4FA, SHORT1B59D83404286044CE0827601CD8820A13EDT664, SHORT5F534AA40674B048F90A7E200F04EE9587C7T6B2, SHORT6346F56204B9A04F720892604CA44F8543DETB8E, SHORT8B12801C03F17043C00B14E032BC287C8E8AT74D, SHORT91DBADFC017F4042F309284050EFB2DE33A0T5C2, SHORT9DA93A2907F7A0436B082D20680E22E10DC0T1FA, SHORTA50F626603E14048CE0858A01ACEFE1E5ACCTC7C, SHORT439890170063B04EFE09D340F40776177D7ETCF7, SHORT782032EF0820B049D40AC3F02F7868A0721DT819, SHORT1F95B8B70BA7404517092510D12D28965E87TE78, SHORT37D3288203BA6048EE083CF0B5B54D5079AAT1E3, SHORTD1ED502C0B652048A60A9D80539B8BB1A261T8C8, SHORTD1236C1306C5A047490A5CF0B1157A214EA1T1F1, SHORT13BB6B820C5FD040E60BC9E0C42EBE0734C3T9CE, SHORT9AA3EF690EAED0438B08EF00924E34BFCF64TAD5, SHORT644FEA6B021F50408608080006824C0AC1ACT638, SHORT2F95ED7B049590470D0B9BF04B6C5C788FCDT611, SHORT697D244E0BC680405109753072EBE6C6107CT37A, SHORT3173F68206AAE04E3308C1809D187F7600B6T401, SHORT5D0378A5027A904A590BB1605241B62AFFC1T674, SHORT78999C0B0C60304A6A0A1D70FDFA00A0EEFFT3B2, SHORTCFC2D82F0DE970443A094D80A22E7E11B48ETSTEXC, SHORT71AB632808A1504329083060432BE7F57293TDA8, SHORT8E395D740FD890452308AE7055D1D6237A37T110, SHORT805C7E0608F1E0440908A7F0CBA9BEED3D98T616, SHORT76835AF00F34D04C48086210A465CCC1CDDATD53, SHORT8F63C69A0D7DC043810A2F90C2ED9347A244TEC8, SHORT2B5EDBDC073A204A1808D0E0203BF069C055T4FF, SHORTBC276B940427C046A00AC440E4CFB5F67D55T1A0, SHORT53626AA40B94904CE20BEB4060C51C0EF675T67A, SHORT3D855F230CDF1043BE09BFA0337DE1619493T926, SHORT39D73DC80768A04C870840B0750DBC02E313T02A, SHORT5BDC1A290006904E3C093310ECA97977217CTA43, SHORT5688773E03BF3048BD0A66E0F0E86995F45AT2AB, SHORTA5F6F2100A2DA0489B09E8E03FA18F59E4A9T0BB, SHORT027C2F7F013E50420F099BC0B67108FE2A9CTD8B, SHORT99E1FAA00B12F042B70BFD4086A46B201CD5TD12, SHORTCD99EEFF01904040380A09307C4BDB91C871T479, SHORT61812DAB04A8604D130BE7101A30A7865DEBT715, SHORTC8D982FE09C5C04B2E09005039C8E7E41B7FT27B, SHORT9B0B38BC05C1804639088920F04D078D6F78T24D, SHORTC27C3DD00791E042F00A0970A2C5BE1804AFT90F, SHORT13268C400629C04E1708C690208FFD348A2DT464, SHORT089740AD0645704C5908DA506B07F02C65A7T4B5, SHORT147BD86F02BF0043780A29E04D3F9238A4A5T3BB, SHORTD20F679B08580044F40B68D068D08B2A0B13T842, SHORT7493F2400942604F5B0906A0265A16C65152T2A4, SHORT2E31EE1900B0004BC80AE3A07B9793BA4E90T103, SHORTC3F61D5C0F20A049B00987A09DD3C4022A3BT941, SHORT0A1AA3C304046046DC080E80E38DF6E07D46T786, SHORT8804351A03151042950A0460E777EFD2F9AET5A3, SHORTCE995F0906700046960B4790F991C01F2DDBTB22, SHORT0B06F36A0A498049020B36401732A76AF799TDE9, SHORT756E4A550841704EEA0AF110D1947FF34F56T6DC, SHORT78C291B30403704CBA0BF8A037B391B61381TD7D, SHORT9A395D2B016B604E8D084390A6CB2DC873A7T48C, SHORT00F459E80EECB04B650BBCA05F2F5E6EF36DT76D, SHORT403AEBBD020AF049C9092A00D5136414D542T7D7, SHORT5A51076F07DD2041280826C0D5F66CAAD73FT53B, SHORTE8C51A6C00387044C4082A803C11E2D52D1CTAD1, SHORT83270A0E0D42B044700AEC60D37713995D4CT9EB, SHORT4851DCAF0328F04A6F09ABF0B3939985A345T67F, SHORTC202E8FE07862047370A18308A83F005E8C9T429, SHORT69ADF5380AE6204F020A21A042509D4A69CDTE8B, SHORTB3EE03E10843204C00087510B52439B1D228TEA0, SHORTFB21760E0E984049CA0BB4F08148DECBD568TEE0, SHORTBB48099E05A5D049FD09BC90025E1C21DADET9DB, SHORTEB8C3FD80DB6504CD6084B90BE3F88862C81TE55, SHORTBF613E87094E20438A0A06F05D543882F379TC72, SHORT2C69081B03CDB0462C0ABF009DA3DF59C927T301, SHORTEC8717FE06D4C04E800837C091A32018A26CT833, SHORTF60A69AD0E50104F6A0900202868CFD5A604T4EC, SHORTC71DCE000315804E6F0BB5B067566A0682DAT9FD, SHORTA24839960965A04AE10AC240BDAC5998A594T7CD, SHORT8BBF905304E09048E90BBF70C12D27F4A9A9T36F, SHORT0C0A76F6007900457109C2607E18139CBFDBTSTEXC, SHORT92B2FFEE0E88C0420D0A1E50AF6C1B60D6C4TSTEXC, SHORT1F752F350F94D04D130A7EC0964B05AC6949TSTEXC, SHORT0DD48E2608F0204348089BE0D63087D12478TSTEXC, SHORT3275661704996042AD0B70D05DF8480B84DDTSTEXC, SHORT3F279FAC02CC9041430AD75081DFC29EE491TSTEXC, SHORT79EE62C90F856043420A31E01B5CDDA03349TSTEXC, SHORT158A13360319B04B8D08BF90949AF628FFD7TSTEXC, SHORT4C0D4751040BD04A550A2220A63058AE49EETSTEXC, null, null, null, null, null, null, null, null, null, null, null, null, null, SHORT4ED4D3570647404A0D08F250D186452C0F0DTSTEXC, SHORT516F656F03690042920946B0F2A0B120F4F0TSTEXC, SHORT499426490DB8A043900A3C8028E46D206906TSTEXC, SHORT9908C20207C2C04E49097790F0390D025F62TSTEXC, SHORTADB6943500EA104EB109A4F091C2806EF356TSTEXC, SHORT5A5726A20584504E6A0BDDF0684C8401D553TSTEXC, SHORT3DED0CFB0FAD9048640A15C0312EEB0F30B0TSTEXC]

  Starting logs for CourseGitlabJenkinsIntegrationTest > testRemoveTutorFromCourse_failsToRemoveUserFromGroup()
    23:44:27.207 | 441 ool-1-worker-205 | DEBUG | d.t.c.a.a.c.u.util.UserUtilService   : Generate 8 students...
    23:44:27.218 | 441 ool-1-worker-205 | DEBUG | d.t.c.a.a.c.u.util.UserUtilService   : 8 students generated. Generate 5 tutors...
    23:44:27.225 | 441 ool-1-worker-205 | DEBUG | d.t.c.a.a.c.u.util.UserUtilService   : 5 tutors generated. Generate 1 editors...
    23:44:27.228 | 441 ool-1-worker-205 | DEBUG | d.t.c.a.a.c.u.util.UserUtilService   : 1 editors generated. Generate 1 instructors...
    23:44:27.231 | 441 ool-1-worker-205 | DEBUG | d.t.c.a.a.c.u.util.UserUtilService   : 1 instructors generated
    23:44:27.232 | 441 ool-1-worker-205 | DEBUG | d.t.c.a.a.c.u.util.UserUtilService   : Removing 16 users from all courses...
    23:44:27.235 | 441 ool-1-worker-205 | DEBUG | d.t.c.a.a.c.u.util.UserUtilService   : Removing 16 users from all courses. Done
    23:44:27.235 | 441 ool-1-worker-205 | DEBUG | d.t.c.a.a.c.u.util.UserUtilService   : Save 15 users to database...
    23:44:27.244 | 441 ool-1-worker-205 | DEBUG | d.t.c.a.a.c.u.util.UserUtilService   : Save 15 users to database. Done
    23:44:27.255 | 441 ool-1-worker-205 | INFO  | i.z.t.d.l.EmbeddedDatabaseReporter   : JDBC URL to connect to 'dataSource': url='jdbc:h2:tcp://localhost:41063/mem:736625c0-cf5e-400d-aeaa-8a7eabd6262b;USER=sa', scope='CourseGitlabJenkinsIntegrationTest#testRemoveTutorFromCourse_failsToRemoveUserFromGroup'
    23:44:27.317 | 441 ool-1-worker-205 | DEBUG | d.t.c.a.a.c.s.f.ApiVersionFilter     : Adding Version to Request DELETE /api/courses/806/tutors/courseegitlabjenkinstutor1
    23:44:27.318 | 441 ool-1-worker-205 | DEBUG | d.t.c.a.a.core.web.CourseResource    : REST request to remove courseegitlabjenkinstutor1 as tutor from course : 806
    23:44:27.321 | 441 ool-1-worker-205 | INFO  | d.t.c.a.a.c.service.user.UserService : Remove user courseegitlabjenkinstutor1 from group courseegitlabjenkinstutor
    23:44:27.331 | 441 ool-1-worker-205 | DEBUG | d.t.c.a.a.c.service.user.UserService : Save user User{login='courseegitlabjenkinstutor1', firstName='courseegitlabjenkinstutor1First', lastName='courseegitlabjenkinstutor1Last', email='courseegitlabjenkinstutor1@test.de', imageUrl='null', activated='true', langKey='en', activationKey='null'}
    23:44:27.340 | 441 ool-1-worker-205 | INFO  | .a.p.s.g.GitLabUserManagementService : Update Gitlab permissions for programming exercises: [SHORT1D2A008A0C29704FB90983203C834C268F59T284, SHORT946C69020CCA5048180BCDE023AAED3839C1TC82, SHORT4A7B29700CF49045BC0A886053CDF569874DT590, SHORTAB1C88AA065AC0495D09A97048DDA4533736TB58, SHORT489A18930496F0468A0B8AE0702EBABADF33T36C, SHORTC35F79E300BBD04E050BC250826A850B2417TEFE, SHORT93F8018F0B739044BE0A98A04D8E0855AF70T68A, SHORT08F5E2BC0DE4B047370B6D70C75440A60CD2T360, SHORT45BCF1EC04ECB04980085910433C09EF95A8TDE0, SHORTEF853C83008A904F200A80E0EAA0CF48D3FDT0D8, SHORTDB85E65000286047150A514037AF72FAD42ATSTEXC, SHORT46FDE84B04C8104F8508FBE0B1B85CC847FFTE7C, SHORTCBE64F44027500448908FC60227E19C86369T9DB, SHORTE632B5530D6BB04DEE0B00908D1E3920BBCAT640, SHORTCDC37B2B06472041490BD5907703E66CADD9TSTEXC]
    23:44:27.346 | 441 ool-1-worker-205 | INFO  | a.p.s.j.JenkinsUserManagementService : Update Jenkins permissions (remove users from groups) for programming exercises: [SHORT1D2A008A0C29704FB90983203C834C268F59T284, SHORT946C69020CCA5048180BCDE023AAED3839C1TC82, SHORT4A7B29700CF49045BC0A886053CDF569874DT590, SHORTAB1C88AA065AC0495D09A97048DDA4533736TB58, SHORT489A18930496F0468A0B8AE0702EBABADF33T36C, SHORTC35F79E300BBD04E050BC250826A850B2417TEFE, SHORT93F8018F0B739044BE0A98A04D8E0855AF70T68A, SHORT08F5E2BC0DE4B047370B6D70C75440A60CD2T360, SHORT45BCF1EC04ECB04980085910433C09EF95A8TDE0, SHORTEF853C83008A904F200A80E0EAA0CF48D3FDT0D8, SHORTDB85E65000286047150A514037AF72FAD42ATSTEXC, SHORT46FDE84B04C8104F8508FBE0B1B85CC847FFTE7C, SHORTCBE64F44027500448908FC60227E19C86369T9DB, SHORTE632B5530D6BB04DEE0B00908D1E3920BBCAT640, SHORTCDC37B2B06472041490BD5907703E66CADD9TSTEXC]
    23:44:27.347 | 441 ool-1-worker-205 | ERROR | o.z.p.spring.common.AdviceTraits     : Internal Server Error
de.tum.cit.aet.artemis.core.exception.JenkinsException: Cannot revoke permissions from user: courseegitlabjenkinstutor1
	at de.tum.cit.aet.artemis.programming.service.jenkins.JenkinsUserManagementService.lambda$removeUserFromGroups$1(JenkinsUserManagementService.java:302)
	at java.base/java.util.ArrayList.forEach(ArrayList.java:1596)
	at de.tum.cit.aet.artemis.programming.service.jenkins.JenkinsUserManagementService.removeUserFromGroups(JenkinsUserManagementService.java:294)
	at de.tum.cit.aet.artemis.core.service.user.UserService.lambda$removeUserFromGroup$22(UserService.java:706)
	at java.base/java.util.Optional.ifPresent(Optional.java:178)
	at de.tum.cit.aet.artemis.core.service.user.UserService.removeUserFromGroup(UserService.java:706)
	at de.tum.cit.aet.artemis.core.service.CourseService.removeUserFromGroup(CourseService.java:1095)
	at java.base/jdk.internal.reflect.DirectMethodHandleAccessor.invoke(DirectMethodHandleAccessor.java:103)
	at java.base/java.lang.reflect.Method.invoke(Method.java:580)
	at org.springframework.aop.support.AopUtils.invokeJoinpointUsingReflection(AopUtils.java:359)
	at org.springframework.aop.framework.CglibAopProxy$DynamicAdvisedInterceptor.intercept(CglibAopProxy.java:723)
	at de.tum.cit.aet.artemis.core.service.CourseService$$SpringCGLIB$$0.removeUserFromGroup(<generated>)
	at de.tum.cit.aet.artemis.core.web.CourseResource.removeUserFromCourseGroup(CourseResource.java:1325)
	at de.tum.cit.aet.artemis.core.web.CourseResource.removeTutorFromCourse(CourseResource.java:1273)
	at java.base/jdk.internal.reflect.DirectMethodHandleAccessor.invoke(DirectMethodHandleAccessor.java:103)
	at java.base/java.lang.reflect.Method.invoke(Method.java:580)
	at org.springframework.aop.support.AopUtils.invokeJoinpointUsingReflection(AopUtils.java:359)
	at org.springframework.aop.framework.ReflectiveMethodInvocation.invokeJoinpoint(ReflectiveMethodInvocation.java:196)
	at org.springframework.aop.framework.ReflectiveMethodInvocation.proceed(ReflectiveMethodInvocation.java:163)
	at org.springframework.security.authorization.method.AuthorizationManagerBeforeMethodInterceptor.proceed(AuthorizationManagerBeforeMethodInterceptor.java:268)
	at org.springframework.security.authorization.method.AuthorizationManagerBeforeMethodInterceptor.attemptAuthorization(AuthorizationManagerBeforeMethodInterceptor.java:263)
	at org.springframework.security.authorization.method.AuthorizationManagerBeforeMethodInterceptor.invoke(AuthorizationManagerBeforeMethodInterceptor.java:196)
	at org.springframework.security.config.annotation.method.configuration.DeferringMethodInterceptor.invoke(DeferringMethodInterceptor.java:44)
	at org.springframework.aop.framework.ReflectiveMethodInvocation.proceed(ReflectiveMethodInvocation.java:184)
	at org.springframework.aop.interceptor.ExposeInvocationInterceptor.invoke(ExposeInvocationInterceptor.java:97)
	at org.springframework.aop.framework.ReflectiveMethodInvocation.proceed(ReflectiveMethodInvocation.java:184)
	at org.springframework.aop.framework.CglibAopProxy$DynamicAdvisedInterceptor.intercept(CglibAopProxy.java:727)
	at de.tum.cit.aet.artemis.core.web.CourseResource$$SpringCGLIB$$0.removeTutorFromCourse(<generated>)
	at java.base/jdk.internal.reflect.DirectMethodHandleAccessor.invoke(DirectMethodHandleAccessor.java:103)
	at java.base/java.lang.reflect.Method.invoke(Method.java:580)
	at org.springframework.web.method.support.InvocableHandlerMethod.doInvoke(InvocableHandlerMethod.java:257)
	at org.springframework.web.method.support.InvocableHandlerMethod.invokeForRequest(InvocableHandlerMethod.java:190)
	at org.springframework.web.servlet.mvc.method.annotation.ServletInvocableHandlerMethod.invokeAndHandle(ServletInvocableHandlerMethod.java:118)
	at org.springframework.web.servlet.mvc.method.annotation.RequestMappingHandlerAdapter.invokeHandlerMethod(RequestMappingHandlerAdapter.java:986)
	at org.springframework.web.servlet.mvc.method.annotation.RequestMappingHandlerAdapter.handleInternal(RequestMappingHandlerAdapter.java:891)
	at org.springframework.web.servlet.mvc.method.AbstractHandlerMethodAdapter.handle(AbstractHandlerMethodAdapter.java:87)
	at org.springframework.web.servlet.DispatcherServlet.doDispatch(DispatcherServlet.java:1088)
	at org.springframework.web.servlet.DispatcherServlet.doService(DispatcherServlet.java:978)
	at org.springframework.web.servlet.FrameworkServlet.processRequest(FrameworkServlet.java:1014)
	at org.springframework.web.servlet.FrameworkServlet.doDelete(FrameworkServlet.java:936)
	at jakarta.servlet.http.HttpServlet.service(HttpServlet.java:553)
	at org.springframework.web.servlet.FrameworkServlet.service(FrameworkServlet.java:885)
	at org.springframework.test.web.servlet.TestDispatcherServlet.service(TestDispatcherServlet.java:72)
	at jakarta.servlet.http.HttpServlet.service(HttpServlet.java:614)
	at org.springframework.mock.web.MockFilterChain$ServletFilterProxy.doFilter(MockFilterChain.java:165)
	at org.springframework.mock.web.MockFilterChain.doFilter(MockFilterChain.java:132)
	at org.springframework.web.filter.OncePerRequestFilter.doFilter(OncePerRequestFilter.java:110)
	at org.springframework.test.web.servlet.setup.MockMvcFilterDecorator.doFilter(MockMvcFilterDecorator.java:162)
	at org.springframework.mock.web.MockFilterChain.doFilter(MockFilterChain.java:132)
	at de.tum.cit.aet.artemis.core.security.filter.ApiVersionFilter.doFilter(ApiVersionFilter.java:55)
	at org.springframework.test.web.servlet.setup.MockMvcFilterDecorator.doFilter(MockMvcFilterDecorator.java:162)
	at org.springframework.mock.web.MockFilterChain.doFilter(MockFilterChain.java:132)
	at io.sentry.spring.jakarta.SentryUserFilter.doFilterInternal(SentryUserFilter.java:56)
	at org.springframework.web.filter.OncePerRequestFilter.doFilter(OncePerRequestFilter.java:116)
	at org.springframework.test.web.servlet.setup.MockMvcFilterDecorator.doFilter(MockMvcFilterDecorator.java:162)
	at org.springframework.mock.web.MockFilterChain.doFilter(MockFilterChain.java:132)
	at org.springframework.web.filter.CompositeFilter$VirtualFilterChain.doFilter(CompositeFilter.java:108)
	at org.springframework.security.web.FilterChainProxy.lambda$doFilterInternal$3(FilterChainProxy.java:231)
	at org.springframework.security.web.ObservationFilterChainDecorator$FilterObservation$SimpleFilterObservation.lambda$wrap$1(ObservationFilterChainDecorator.java:479)
	at org.springframework.security.web.ObservationFilterChainDecorator$AroundFilterObservation$SimpleAroundFilterObservation.lambda$wrap$1(ObservationFilterChainDecorator.java:340)
	at org.springframework.security.web.ObservationFilterChainDecorator.lambda$wrapSecured$0(ObservationFilterChainDecorator.java:82)
	at org.springframework.security.web.ObservationFilterChainDecorator$VirtualFilterChain.doFilter(ObservationFilterChainDecorator.java:128)
	at org.springframework.security.web.access.intercept.AuthorizationFilter.doFilter(AuthorizationFilter.java:101)
	at org.springframework.security.web.ObservationFilterChainDecorator$ObservationFilter.wrapFilter(ObservationFilterChainDecorator.java:240)
	at org.springframework.security.web.ObservationFilterChainDecorator$ObservationFilter.doFilter(ObservationFilterChainDecorator.java:227)
	at org.springframework.security.web.ObservationFilterChainDecorator$VirtualFilterChain.doFilter(ObservationFilterChainDecorator.java:137)
	at org.springframework.security.web.access.ExceptionTranslationFilter.doFilter(ExceptionTranslationFilter.java:126)
	at org.springframework.security.web.access.ExceptionTranslationFilter.doFilter(ExceptionTranslationFilter.java:120)
	at org.springframework.security.web.ObservationFilterChainDecorator$ObservationFilter.wrapFilter(ObservationFilterChainDecorator.java:240)
	at org.springframework.security.web.ObservationFilterChainDecorator$ObservationFilter.doFilter(ObservationFilterChainDecorator.java:227)
	at org.springframework.security.web.ObservationFilterChainDecorator$VirtualFilterChain.doFilter(ObservationFilterChainDecorator.java:137)
	at org.springframework.security.web.session.SessionManagementFilter.doFilter(SessionManagementFilter.java:131)
	at org.springframework.security.web.session.SessionManagementFilter.doFilter(SessionManagementFilter.java:85)
	at org.springframework.security.web.ObservationFilterChainDecorator$ObservationFilter.wrapFilter(ObservationFilterChainDecorator.java:240)
	at org.springframework.security.web.ObservationFilterChainDecorator$ObservationFilter.doFilter(ObservationFilterChainDecorator.java:227)
	at org.springframework.security.web.ObservationFilterChainDecorator$VirtualFilterChain.doFilter(ObservationFilterChainDecorator.java:137)
	at org.springframework.security.web.authentication.AnonymousAuthenticationFilter.doFilter(AnonymousAuthenticationFilter.java:100)
	at org.springframework.security.web.ObservationFilterChainDecorator$ObservationFilter.wrapFilter(ObservationFilterChainDecorator.java:240)
	at org.springframework.security.web.ObservationFilterChainDecorator$ObservationFilter.doFilter(ObservationFilterChainDecorator.java:227)
	at org.springframework.security.web.ObservationFilterChainDecorator$VirtualFilterChain.doFilter(ObservationFilterChainDecorator.java:137)
	at org.springframework.security.web.servletapi.SecurityContextHolderAwareRequestFilter.doFilter(SecurityContextHolderAwareRequestFilter.java:179)
	at org.springframework.security.web.ObservationFilterChainDecorator$ObservationFilter.wrapFilter(ObservationFilterChainDecorator.java:240)
	at org.springframework.security.web.ObservationFilterChainDecorator$ObservationFilter.doFilter(ObservationFilterChainDecorator.java:227)
	at org.springframework.security.web.ObservationFilterChainDecorator$VirtualFilterChain.doFilter(ObservationFilterChainDecorator.java:137)
	at org.springframework.security.web.savedrequest.RequestCacheAwareFilter.doFilter(RequestCacheAwareFilter.java:63)
	at org.springframework.security.web.ObservationFilterChainDecorator$ObservationFilter.wrapFilter(ObservationFilterChainDecorator.java:240)
	at org.springframework.security.web.ObservationFilterChainDecorator$ObservationFilter.doFilter(ObservationFilterChainDecorator.java:227)
	at org.springframework.security.web.ObservationFilterChainDecorator$VirtualFilterChain.doFilter(ObservationFilterChainDecorator.java:137)
	at de.tum.cit.aet.artemis.core.security.filter.SpaWebFilter.doFilterInternal(SpaWebFilter.java:23)
	at org.springframework.web.filter.OncePerRequestFilter.doFilter(OncePerRequestFilter.java:116)
	at org.springframework.security.web.ObservationFilterChainDecorator$ObservationFilter.wrapFilter(ObservationFilterChainDecorator.java:240)
	at org.springframework.security.web.ObservationFilterChainDecorator$ObservationFilter.doFilter(ObservationFilterChainDecorator.java:227)
	at org.springframework.security.web.ObservationFilterChainDecorator$VirtualFilterChain.doFilter(ObservationFilterChainDecorator.java:137)
	at org.springframework.web.filter.OncePerRequestFilter.doFilter(OncePerRequestFilter.java:110)
	at org.springframework.security.web.ObservationFilterChainDecorator$ObservationFilter.wrapFilter(ObservationFilterChainDecorator.java:240)
	at org.springframework.security.web.ObservationFilterChainDecorator$ObservationFilter.doFilter(ObservationFilterChainDecorator.java:227)
	at org.springframework.security.web.ObservationFilterChainDecorator$VirtualFilterChain.doFilter(ObservationFilterChainDecorator.java:137)
	at de.tum.cit.aet.artemis.lti.config.Lti13LaunchFilter.doFilterInternal(Lti13LaunchFilter.java:60)
	at org.springframework.web.filter.OncePerRequestFilter.doFilter(OncePerRequestFilter.java:116)
	at org.springframework.security.web.ObservationFilterChainDecorator$ObservationFilter.wrapFilter(ObservationFilterChainDecorator.java:240)
	at org.springframework.security.web.ObservationFilterChainDecorator$ObservationFilter.doFilter(ObservationFilterChainDecorator.java:227)
	at org.springframework.security.web.ObservationFilterChainDecorator$VirtualFilterChain.doFilter(ObservationFilterChainDecorator.java:137)
	at de.tum.cit.aet.artemis.core.security.jwt.JWTFilter.doFilter(JWTFilter.java:55)
	at org.springframework.security.web.ObservationFilterChainDecorator$ObservationFilter.wrapFilter(ObservationFilterChainDecorator.java:240)
	at org.springframework.security.web.ObservationFilterChainDecorator$ObservationFilter.doFilter(ObservationFilterChainDecorator.java:227)
	at org.springframework.security.web.ObservationFilterChainDecorator$VirtualFilterChain.doFilter(ObservationFilterChainDecorator.java:137)
	at de.tum.cit.aet.artemis.core.security.jwt.JWTFilter.doFilter(JWTFilter.java:55)
	at org.springframework.security.web.ObservationFilterChainDecorator$ObservationFilter.wrapFilter(ObservationFilterChainDecorator.java:240)
	at org.springframework.security.web.ObservationFilterChainDecorator$ObservationFilter.doFilter(ObservationFilterChainDecorator.java:227)
	at org.springframework.security.web.ObservationFilterChainDecorator$VirtualFilterChain.doFilter(ObservationFilterChainDecorator.java:137)
	at org.springframework.web.filter.CorsFilter.doFilterInternal(CorsFilter.java:91)
	at org.springframework.web.filter.OncePerRequestFilter.doFilter(OncePerRequestFilter.java:116)
	at org.springframework.security.web.ObservationFilterChainDecorator$ObservationFilter.wrapFilter(ObservationFilterChainDecorator.java:240)
	at org.springframework.security.web.ObservationFilterChainDecorator$ObservationFilter.doFilter(ObservationFilterChainDecorator.java:227)
	at org.springframework.security.web.ObservationFilterChainDecorator$VirtualFilterChain.doFilter(ObservationFilterChainDecorator.java:137)
	at org.springframework.web.filter.OncePerRequestFilter.doFilter(OncePerRequestFilter.java:110)
	at org.springframework.security.web.ObservationFilterChainDecorator$ObservationFilter.wrapFilter(ObservationFilterChainDecorator.java:240)
	at org.springframework.security.web.ObservationFilterChainDecorator$ObservationFilter.doFilter(ObservationFilterChainDecorator.java:227)
	at org.springframework.security.web.ObservationFilterChainDecorator$VirtualFilterChain.doFilter(ObservationFilterChainDecorator.java:137)
	at uk.ac.ox.ctl.lti13.security.oauth2.client.lti.web.OAuth2AuthorizationRequestRedirectFilter.doFilterInternal(OAuth2AuthorizationRequestRedirectFilter.java:142)
	at org.springframework.web.filter.OncePerRequestFilter.doFilter(OncePerRequestFilter.java:116)
	at org.springframework.security.web.ObservationFilterChainDecorator$ObservationFilter.wrapFilter(ObservationFilterChainDecorator.java:240)
	at org.springframework.security.web.ObservationFilterChainDecorator$ObservationFilter.doFilter(ObservationFilterChainDecorator.java:227)
	at org.springframework.security.web.ObservationFilterChainDecorator$VirtualFilterChain.doFilter(ObservationFilterChainDecorator.java:137)
	at org.springframework.security.web.authentication.logout.LogoutFilter.doFilter(LogoutFilter.java:107)
	at org.springframework.security.web.authentication.logout.LogoutFilter.doFilter(LogoutFilter.java:93)
	at org.springframework.security.web.ObservationFilterChainDecorator$ObservationFilter.wrapFilter(ObservationFilterChainDecorator.java:240)
	at org.springframework.security.web.ObservationFilterChainDecorator$ObservationFilter.doFilter(ObservationFilterChainDecorator.java:227)
	at org.springframework.security.web.ObservationFilterChainDecorator$VirtualFilterChain.doFilter(ObservationFilterChainDecorator.java:137)
	at org.springframework.security.web.header.HeaderWriterFilter.doHeadersAfter(HeaderWriterFilter.java:90)
	at org.springframework.security.web.header.HeaderWriterFilter.doFilterInternal(HeaderWriterFilter.java:75)
	at org.springframework.web.filter.OncePerRequestFilter.doFilter(OncePerRequestFilter.java:116)
	at org.springframework.security.web.ObservationFilterChainDecorator$ObservationFilter.wrapFilter(ObservationFilterChainDecorator.java:240)
	at org.springframework.security.web.ObservationFilterChainDecorator$ObservationFilter.doFilter(ObservationFilterChainDecorator.java:227)
	at org.springframework.security.web.ObservationFilterChainDecorator$VirtualFilterChain.doFilter(ObservationFilterChainDecorator.java:137)
	at org.springframework.security.web.context.SecurityContextHolderFilter.doFilter(SecurityContextHolderFilter.java:82)
	at org.springframework.security.web.context.SecurityContextHolderFilter.doFilter(SecurityContextHolderFilter.java:69)
	at org.springframework.security.web.ObservationFilterChainDecorator$ObservationFilter.wrapFilter(ObservationFilterChainDecorator.java:240)
	at org.springframework.security.web.ObservationFilterChainDecorator$ObservationFilter.doFilter(ObservationFilterChainDecorator.java:227)
	at org.springframework.security.web.ObservationFilterChainDecorator$VirtualFilterChain.doFilter(ObservationFilterChainDecorator.java:137)
	at org.springframework.security.web.context.request.async.WebAsyncManagerIntegrationFilter.doFilterInternal(WebAsyncManagerIntegrationFilter.java:62)
	at org.springframework.web.filter.OncePerRequestFilter.doFilter(OncePerRequestFilter.java:116)
	at org.springframework.security.web.ObservationFilterChainDecorator$ObservationFilter.wrapFilter(ObservationFilterChainDecorator.java:240)
	at org.springframework.security.web.ObservationFilterChainDecorator$ObservationFilter.doFilter(ObservationFilterChainDecorator.java:227)
	at org.springframework.security.web.ObservationFilterChainDecorator$VirtualFilterChain.doFilter(ObservationFilterChainDecorator.java:137)
	at org.springframework.security.web.session.DisableEncodeUrlFilter.doFilterInternal(DisableEncodeUrlFilter.java:42)
	at org.springframework.web.filter.OncePerRequestFilter.doFilter(OncePerRequestFilter.java:116)
	at org.springframework.security.web.ObservationFilterChainDecorator$ObservationFilter.wrapFilter(ObservationFilterChainDecorator.java:240)
	at org.springframework.security.web.ObservationFilterChainDecorator$AroundFilterObservation$SimpleAroundFilterObservation.lambda$wrap$0(ObservationFilterChainDecorator.java:323)
	at org.springframework.security.web.ObservationFilterChainDecorator$ObservationFilter.doFilter(ObservationFilterChainDecorator.java:224)
	at org.springframework.security.web.ObservationFilterChainDecorator$VirtualFilterChain.doFilter(ObservationFilterChainDecorator.java:137)
	at org.springframework.security.web.FilterChainProxy.doFilterInternal(FilterChainProxy.java:233)
	at org.springframework.security.web.FilterChainProxy.doFilter(FilterChainProxy.java:191)
	at org.springframework.web.filter.CompositeFilter$VirtualFilterChain.doFilter(CompositeFilter.java:113)
	at org.springframework.web.servlet.handler.HandlerMappingIntrospector.lambda$createCacheFilter$3(HandlerMappingIntrospector.java:243)
	at org.springframework.web.filter.CompositeFilter$VirtualFilterChain.doFilter(CompositeFilter.java:113)
	at org.springframework.web.filter.CompositeFilter.doFilter(CompositeFilter.java:74)
	at org.springframework.security.config.annotation.web.configuration.WebMvcSecurityConfiguration$CompositeFilterChainProxy.doFilter(WebMvcSecurityConfiguration.java:238)
	at org.springframework.web.filter.DelegatingFilterProxy.invokeDelegate(DelegatingFilterProxy.java:362)
	at org.springframework.web.filter.DelegatingFilterProxy.doFilter(DelegatingFilterProxy.java:278)
	at org.springframework.test.web.servlet.setup.MockMvcFilterDecorator.doFilter(MockMvcFilterDecorator.java:162)
	at org.springframework.mock.web.MockFilterChain.doFilter(MockFilterChain.java:132)
	at org.springframework.web.filter.RequestContextFilter.doFilterInternal(RequestContextFilter.java:100)
	at org.springframework.web.filter.OncePerRequestFilter.doFilter(OncePerRequestFilter.java:116)
	at org.springframework.test.web.servlet.setup.MockMvcFilterDecorator.doFilter(MockMvcFilterDecorator.java:162)
	at org.springframework.mock.web.MockFilterChain.doFilter(MockFilterChain.java:132)
	at org.springframework.web.filter.FormContentFilter.doFilterInternal(FormContentFilter.java:93)
	at org.springframework.web.filter.OncePerRequestFilter.doFilter(OncePerRequestFilter.java:116)
	at org.springframework.test.web.servlet.setup.MockMvcFilterDecorator.doFilter(MockMvcFilterDecorator.java:162)
	at org.springframework.mock.web.MockFilterChain.doFilter(MockFilterChain.java:132)
	at org.springframework.web.filter.ServerHttpObservationFilter.doFilterInternal(ServerHttpObservationFilter.java:114)
	at org.springframework.web.filter.OncePerRequestFilter.doFilter(OncePerRequestFilter.java:116)
	at org.springframework.test.web.servlet.setup.MockMvcFilterDecorator.doFilter(MockMvcFilterDecorator.java:162)
	at org.springframework.mock.web.MockFilterChain.doFilter(MockFilterChain.java:132)
	at io.sentry.spring.jakarta.tracing.SentryTracingFilter.doFilterInternal(SentryTracingFilter.java:91)
	at org.springframework.web.filter.OncePerRequestFilter.doFilter(OncePerRequestFilter.java:116)
	at org.springframework.test.web.servlet.setup.MockMvcFilterDecorator.doFilter(MockMvcFilterDecorator.java:162)
	at org.springframework.mock.web.MockFilterChain.doFilter(MockFilterChain.java:132)
	at org.springframework.web.filter.CharacterEncodingFilter.doFilterInternal(CharacterEncodingFilter.java:201)
	at org.springframework.web.filter.OncePerRequestFilter.doFilter(OncePerRequestFilter.java:116)
	at org.springframework.test.web.servlet.setup.MockMvcFilterDecorator.doFilter(MockMvcFilterDecorator.java:162)
	at org.springframework.mock.web.MockFilterChain.doFilter(MockFilterChain.java:132)
	at io.sentry.spring.jakarta.SentrySpringFilter.doFilterInternal(SentrySpringFilter.java:76)
	at org.springframework.web.filter.OncePerRequestFilter.doFilter(OncePerRequestFilter.java:116)
	at org.springframework.test.web.servlet.setup.MockMvcFilterDecorator.doFilter(MockMvcFilterDecorator.java:162)
	at org.springframework.mock.web.MockFilterChain.doFilter(MockFilterChain.java:132)
	at org.springframework.test.web.servlet.MockMvc.perform(MockMvc.java:201)
	at de.tum.cit.aet.artemis.core.util.RequestUtilService.performMvcRequest(RequestUtilService.java:79)
	at de.tum.cit.aet.artemis.core.util.RequestUtilService.delete(RequestUtilService.java:780)
	at de.tum.cit.aet.artemis.core.util.CourseTestService.testRemoveTutorFromCourse_failsToRemoveUserFromGroup(CourseTestService.java:1895)
	at de.tum.cit.aet.artemis.programming.CourseGitlabJenkinsIntegrationTest.testRemoveTutorFromCourse_failsToRemoveUserFromGroup(CourseGitlabJenkinsIntegrationTest.java:544)
	at java.base/jdk.internal.reflect.DirectMethodHandleAccessor.invoke(DirectMethodHandleAccessor.java:103)
	at java.base/java.lang.reflect.Method.invoke(Method.java:580)
	at org.junit.platform.commons.util.ReflectionUtils.invokeMethod(ReflectionUtils.java:767)
	at org.junit.jupiter.engine.execution.MethodInvocation.proceed(MethodInvocation.java:60)
	at org.junit.jupiter.engine.execution.InvocationInterceptorChain$ValidatingInvocation.proceed(InvocationInterceptorChain.java:131)
	at org.junit.jupiter.engine.extension.TimeoutExtension.intercept(TimeoutExtension.java:156)
	at org.junit.jupiter.engine.extension.TimeoutExtension.interceptTestableMethod(TimeoutExtension.java:147)
	at org.junit.jupiter.engine.extension.TimeoutExtension.interceptTestMethod(TimeoutExtension.java:86)
	at org.junit.jupiter.engine.execution.InterceptingExecutableInvoker$ReflectiveInterceptorCall.lambda$ofVoidMethod$0(InterceptingExecutableInvoker.java:103)
	at org.junit.jupiter.engine.execution.InterceptingExecutableInvoker.lambda$invoke$0(InterceptingExecutableInvoker.java:93)
	at org.junit.jupiter.engine.execution.InvocationInterceptorChain$InterceptedInvocation.proceed(InvocationInterceptorChain.java:106)
	at org.junit.jupiter.engine.execution.InvocationInterceptorChain.proceed(InvocationInterceptorChain.java:64)
	at org.junit.jupiter.engine.execution.InvocationInterceptorChain.chainAndInvoke(InvocationInterceptorChain.java:45)
	at org.junit.jupiter.engine.execution.InvocationInterceptorChain.invoke(InvocationInterceptorChain.java:37)
	at org.junit.jupiter.engine.execution.InterceptingExecutableInvoker.invoke(InterceptingExecutableInvoker.java:92)
	at org.junit.jupiter.engine.execution.InterceptingExecutableInvoker.invoke(InterceptingExecutableInvoker.java:86)
	at org.junit.jupiter.engine.descriptor.TestMethodTestDescriptor.lambda$invokeTestMethod$8(TestMethodTestDescriptor.java:217)
	at org.junit.platform.engine.support.hierarchical.ThrowableCollector.execute(ThrowableCollector.java:73)
	at org.junit.jupiter.engine.descriptor.TestMethodTestDescriptor.invokeTestMethod(TestMethodTestDescriptor.java:213)
	at org.junit.jupiter.engine.descriptor.TestMethodTestDescriptor.execute(TestMethodTestDescriptor.java:138)
	at org.junit.jupiter.engine.descriptor.TestMethodTestDescriptor.execute(TestMethodTestDescriptor.java:68)
	at org.junit.platform.engine.support.hierarchical.NodeTestTask.lambda$executeRecursively$6(NodeTestTask.java:156)
	at org.junit.platform.engine.support.hierarchical.ThrowableCollector.execute(ThrowableCollector.java:73)
	at org.junit.platform.engine.support.hierarchical.NodeTestTask.lambda$executeRecursively$8(NodeTestTask.java:146)
	at org.junit.platform.engine.support.hierarchical.Node.around(Node.java:137)
	at org.junit.platform.engine.support.hierarchical.NodeTestTask.lambda$executeRecursively$9(NodeTestTask.java:144)
	at org.junit.platform.engine.support.hierarchical.ThrowableCollector.execute(ThrowableCollector.java:73)
	at org.junit.platform.engine.support.hierarchical.NodeTestTask.executeRecursively(NodeTestTask.java:143)
	at org.junit.platform.engine.support.hierarchical.NodeTestTask.execute(NodeTestTask.java:100)
	at org.junit.platform.engine.support.hierarchical.ForkJoinPoolHierarchicalTestExecutorService$ExclusiveTask.exec(ForkJoinPoolHierarchicalTestExecutorService.java:274)
	at org.junit.platform.engine.support.hierarchical.ForkJoinPoolHierarchicalTestExecutorService$ExclusiveTask.execSync(ForkJoinPoolHierarchicalTestExecutorService.java:247)
	at org.junit.platform.engine.support.hierarchical.ForkJoinPoolHierarchicalTestExecutorService.executeSync(ForkJoinPoolHierarchicalTestExecutorService.java:194)
	at org.junit.platform.engine.support.hierarchical.ForkJoinPoolHierarchicalTestExecutorService.invokeAll(ForkJoinPoolHierarchicalTestExecutorService.java:166)
	at org.junit.platform.engine.support.hierarchical.NodeTestTask.lambda$executeRecursively$6(NodeTestTask.java:160)
	at org.junit.platform.engine.support.hierarchical.ThrowableCollector.execute(ThrowableCollector.java:73)
	at org.junit.platform.engine.support.hierarchical.NodeTestTask.lambda$executeRecursively$8(NodeTestTask.java:146)
	at org.junit.platform.engine.support.hierarchical.Node.around(Node.java:137)
	at org.junit.platform.engine.support.hierarchical.NodeTestTask.lambda$executeRecursively$9(NodeTestTask.java:144)
	at org.junit.platform.engine.support.hierarchical.ThrowableCollector.execute(ThrowableCollector.java:73)
	at org.junit.platform.engine.support.hierarchical.NodeTestTask.executeRecursively(NodeTestTask.java:143)
	at org.junit.platform.engine.support.hierarchical.NodeTestTask.execute(NodeTestTask.java:100)
	at org.junit.platform.engine.support.hierarchical.ForkJoinPoolHierarchicalTestExecutorService$ExclusiveTask.exec(ForkJoinPoolHierarchicalTestExecutorService.java:274)
	at java.base/java.util.concurrent.ForkJoinTask.doExec(ForkJoinTask.java:387)
	at java.base/java.util.concurrent.ForkJoinPool$WorkQueue.topLevelExec(ForkJoinPool.java:1312)
	at java.base/java.util.concurrent.ForkJoinPool.scan(ForkJoinPool.java:1843)
	at java.base/java.util.concurrent.ForkJoinPool.runWorker(ForkJoinPool.java:1808)
	at java.base/java.util.concurrent.ForkJoinWorkerThread.run(ForkJoinWorkerThread.java:188)
Caused by: java.io.IOException: null

  Starting logs for CourseGitlabJenkinsIntegrationTest > testGetCoursesForImportWithoutPermission()
    23:44:27.363 | 441 ool-1-worker-205 | DEBUG | d.t.c.a.a.c.u.util.UserUtilService   : Generate 8 students...
    23:44:27.373 | 441 ool-1-worker-205 | DEBUG | d.t.c.a.a.c.u.util.UserUtilService   : 8 students generated. Generate 5 tutors...
    23:44:27.380 | 441 ool-1-worker-205 | DEBUG | d.t.c.a.a.c.u.util.UserUtilService   : 5 tutors generated. Generate 1 editors...
    23:44:27.383 | 441 ool-1-worker-205 | DEBUG | d.t.c.a.a.c.u.util.UserUtilService   : 1 editors generated. Generate 1 instructors...
    23:44:27.386 | 441 ool-1-worker-205 | DEBUG | d.t.c.a.a.c.u.util.UserUtilService   : 1 instructors generated
    23:44:27.387 | 441 ool-1-worker-205 | DEBUG | d.t.c.a.a.c.u.util.UserUtilService   : Removing 15 users from all courses...
    23:44:27.389 | 441 ool-1-worker-205 | DEBUG | d.t.c.a.a.c.u.util.UserUtilService   : Removing 15 users from all courses. Done
    23:44:27.389 | 441 ool-1-worker-205 | DEBUG | d.t.c.a.a.c.u.util.UserUtilService   : Save 15 users to database...
    23:44:27.398 | 441 ool-1-worker-205 | DEBUG | d.t.c.a.a.c.u.util.UserUtilService   : Save 15 users to database. Done
    23:44:27.409 | 441 ool-1-worker-205 | INFO  | i.z.t.d.l.EmbeddedDatabaseReporter   : JDBC URL to connect to 'dataSource': url='jdbc:h2:tcp://localhost:41063/mem:736625c0-cf5e-400d-aeaa-8a7eabd6262b;USER=sa', scope='CourseGitlabJenkinsIntegrationTest#testGetCoursesForImportWithoutPermission'
    23:44:27.409 | 441 ool-1-worker-205 | DEBUG | d.t.c.a.a.c.s.f.ApiVersionFilter     : Adding Version to Request GET /api/courses/for-import
    23:44:27.410 | 441 ool-1-worker-205 | WARN  | o.z.p.spring.common.AdviceTraits     : Forbidden: Access Denied

  Starting logs for CourseGitlabJenkinsIntegrationTest > testGetCourseWithOrganizations()
    23:44:27.426 | 441 ool-1-worker-205 | DEBUG | d.t.c.a.a.c.u.util.UserUtilService   : Generate 8 students...
    23:44:27.437 | 441 ool-1-worker-205 | DEBUG | d.t.c.a.a.c.u.util.UserUtilService   : 8 students generated. Generate 5 tutors...
    23:44:27.444 | 441 ool-1-worker-205 | DEBUG | d.t.c.a.a.c.u.util.UserUtilService   : 5 tutors generated. Generate 1 editors...
    23:44:27.446 | 441 ool-1-worker-205 | DEBUG | d.t.c.a.a.c.u.util.UserUtilService   : 1 editors generated. Generate 1 instructors...
    23:44:27.449 | 441 ool-1-worker-205 | DEBUG | d.t.c.a.a.c.u.util.UserUtilService   : 1 instructors generated
    23:44:27.451 | 441 ool-1-worker-205 | DEBUG | d.t.c.a.a.c.u.util.UserUtilService   : Removing 16 users from all courses...
    23:44:27.453 | 441 ool-1-worker-205 | DEBUG | d.t.c.a.a.c.u.util.UserUtilService   : Removing 16 users from all courses. Done
    23:44:27.453 | 441 ool-1-worker-205 | DEBUG | d.t.c.a.a.c.u.util.UserUtilService   : Save 15 users to database...
    23:44:27.462 | 441 ool-1-worker-205 | DEBUG | d.t.c.a.a.c.u.util.UserUtilService   : Save 15 users to database. Done
    23:44:27.473 | 441 ool-1-worker-205 | INFO  | i.z.t.d.l.EmbeddedDatabaseReporter   : JDBC URL to connect to 'dataSource': url='jdbc:h2:tcp://localhost:41063/mem:736625c0-cf5e-400d-aeaa-8a7eabd6262b;USER=sa', scope='CourseGitlabJenkinsIntegrationTest#testGetCourseWithOrganizations'
    23:44:27.509 | 441 ool-1-worker-205 | DEBUG | d.t.c.a.a.c.s.f.ApiVersionFilter     : Adding Version to Request GET /api/courses/807/with-organizations
    23:44:27.510 | 441 ool-1-worker-205 | DEBUG | d.t.c.a.a.core.web.CourseResource    : REST request to get a course with its organizations : 807

  Starting logs for CourseGitlabJenkinsIntegrationTest > testGetAllEditorsInCourse()
    23:44:27.527 | 441 ool-1-worker-205 | DEBUG | d.t.c.a.a.c.u.util.UserUtilService   : Generate 8 students...
    23:44:27.537 | 441 ool-1-worker-205 | DEBUG | d.t.c.a.a.c.u.util.UserUtilService   : 8 students generated. Generate 5 tutors...

Finished logs for MetricsIntegrationTest
    23:44:27.547 | 441 ool-1-worker-205 | DEBUG | d.t.c.a.a.c.u.util.UserUtilService   : 5 tutors generated. Generate 1 editors...
    23:44:27.550 | 441 ool-1-worker-205 | DEBUG | d.t.c.a.a.c.u.util.UserUtilService   : 1 editors generated. Generate 1 instructors...
    23:44:27.552 | 441 ool-1-worker-205 | DEBUG | d.t.c.a.a.c.u.util.UserUtilService   : 1 instructors generated
    23:44:27.555 | 441 ool-1-worker-205 | DEBUG | d.t.c.a.a.c.u.util.UserUtilService   : Removing 16 users from all courses...
    23:44:27.557 | 441 ool-1-worker-205 | DEBUG | d.t.c.a.a.c.u.util.UserUtilService   : Removing 16 users from all courses. Done
    23:44:27.557 | 441 ool-1-worker-205 | DEBUG | d.t.c.a.a.c.u.util.UserUtilService   : Save 15 users to database...
    23:44:27.566 | 441 ool-1-worker-205 | DEBUG | d.t.c.a.a.c.u.util.UserUtilService   : Save 15 users to database. Done
    23:44:27.576 | 441 ool-1-worker-205 | INFO  | i.z.t.d.l.EmbeddedDatabaseReporter   : JDBC URL to connect to 'dataSource': url='jdbc:h2:tcp://localhost:41063/mem:736625c0-cf5e-400d-aeaa-8a7eabd6262b;USER=sa', scope='CourseGitlabJenkinsIntegrationTest#testGetAllEditorsInCourse'
    23:44:27.596 | 441 ool-1-worker-205 | DEBUG | d.t.c.a.a.c.s.f.ApiVersionFilter     : Adding Version to Request GET /api/courses/808/editors
    23:44:27.597 | 441 ool-1-worker-205 | DEBUG | d.t.c.a.a.core.web.CourseResource    : REST request to get all editors in course : 808

  Starting logs for CourseGitlabJenkinsIntegrationTest > testDownloadCourseArchiveAsStudent_forbidden()
    23:44:27.613 | 441 ool-1-worker-205 | DEBUG | d.t.c.a.a.c.u.util.UserUtilService   : Generate 8 students...
    23:44:27.624 | 441 ool-1-worker-205 | DEBUG | d.t.c.a.a.c.u.util.UserUtilService   : 8 students generated. Generate 5 tutors...
    23:44:27.630 | 441 ool-1-worker-205 | DEBUG | d.t.c.a.a.c.u.util.UserUtilService   : 5 tutors generated. Generate 1 editors...
    23:44:27.633 | 441 ool-1-worker-205 | DEBUG | d.t.c.a.a.c.u.util.UserUtilService   : 1 editors generated. Generate 1 instructors...
    23:44:27.635 | 441 ool-1-worker-205 | DEBUG | d.t.c.a.a.c.u.util.UserUtilService   : 1 instructors generated
    23:44:27.637 | 441 ool-1-worker-205 | DEBUG | d.t.c.a.a.c.u.util.UserUtilService   : Removing 16 users from all courses...
    23:44:27.639 | 441 ool-1-worker-205 | DEBUG | d.t.c.a.a.c.u.util.UserUtilService   : Removing 16 users from all courses. Done
    23:44:27.639 | 441 ool-1-worker-205 | DEBUG | d.t.c.a.a.c.u.util.UserUtilService   : Save 15 users to database...
    23:44:27.647 | 441 ool-1-worker-205 | DEBUG | d.t.c.a.a.c.u.util.UserUtilService   : Save 15 users to database. Done
    23:44:27.657 | 441 ool-1-worker-205 | INFO  | i.z.t.d.l.EmbeddedDatabaseReporter   : JDBC URL to connect to 'dataSource': url='jdbc:h2:tcp://localhost:41063/mem:736625c0-cf5e-400d-aeaa-8a7eabd6262b;USER=sa', scope='CourseGitlabJenkinsIntegrationTest#testDownloadCourseArchiveAsStudent_forbidden'
    23:44:27.659 | 441 ool-1-worker-205 | DEBUG | d.t.c.a.a.c.s.f.ApiVersionFilter     : Adding Version to Request GET /api/courses/1/download-archive
    23:44:27.660 | 441 ool-1-worker-205 | WARN  | o.z.p.spring.common.AdviceTraits     : Forbidden: Access Denied

  Starting logs for CourseGitlabJenkinsIntegrationTest > testGetAssessmentDashboardStats_withAssessmentsAndFeedBackRequestsAndResponses()
    23:44:27.683 | 441 ool-1-worker-205 | DEBUG | d.t.c.a.a.c.u.util.UserUtilService   : Generate 8 students...
    23:44:27.706 | 441 ool-1-worker-205 | DEBUG | d.t.c.a.a.c.u.util.UserUtilService   : 8 students generated. Generate 5 tutors...
    23:44:27.714 | 441 ool-1-worker-205 | DEBUG | d.t.c.a.a.c.u.util.UserUtilService   : 5 tutors generated. Generate 1 editors...
    23:44:27.716 | 441 ool-1-worker-205 | DEBUG | d.t.c.a.a.c.u.util.UserUtilService   : 1 editors generated. Generate 1 instructors...
    23:44:27.719 | 441 ool-1-worker-205 | DEBUG | d.t.c.a.a.c.u.util.UserUtilService   : 1 instructors generated
    23:44:27.721 | 441 ool-1-worker-205 | DEBUG | d.t.c.a.a.c.u.util.UserUtilService   : Removing 16 users from all courses...
    23:44:27.723 | 441 ool-1-worker-205 | DEBUG | d.t.c.a.a.c.u.util.UserUtilService   : Removing 16 users from all courses. Done
    23:44:27.723 | 441 ool-1-worker-205 | DEBUG | d.t.c.a.a.c.u.util.UserUtilService   : Save 15 users to database...
    23:44:27.732 | 441 ool-1-worker-205 | DEBUG | d.t.c.a.a.c.u.util.UserUtilService   : Save 15 users to database. Done
    23:44:27.742 | 441 ool-1-worker-205 | INFO  | i.z.t.d.l.EmbeddedDatabaseReporter   : JDBC URL to connect to 'dataSource': url='jdbc:h2:tcp://localhost:41063/mem:736625c0-cf5e-400d-aeaa-8a7eabd6262b;USER=sa', scope='CourseGitlabJenkinsIntegrationTest#testGetAssessmentDashboardStats_withAssessmentsAndFeedBackRequestsAndResponses'
    23:44:27.785 | 441 ool-1-worker-205 | DEBUG | .c.s.m.InstanceMessageReceiveService : Received schedule participant score for exercise 2500 and participant 689 (result to be deleted: null)
    23:44:27.785 | 441 ool-1-worker-205 | DEBUG | .a.s.ParticipantScoreScheduleService : Scheduled task for exercise 2500 and participant 689 at 2025-02-14T23:44:27.885050583Z[Etc/UTC].
    23:44:27.788 | 441 ool-1-worker-205 | DEBUG | .c.s.m.InstanceMessageReceiveService : Received schedule participant score for exercise 2500 and participant 689 (result to be deleted: null)
    23:44:27.788 | 441 ool-1-worker-205 | DEBUG | .a.s.ParticipantScoreScheduleService : Scheduled task for exercise 2500 and participant 689 at 2025-02-14T23:44:27.888724167Z[Etc/UTC].
    23:44:27.810 | 441 ool-1-worker-205 | DEBUG | .c.s.m.InstanceMessageReceiveService : Received schedule participant score for exercise 2500 and participant 690 (result to be deleted: null)
    23:44:27.810 | 441 ool-1-worker-205 | DEBUG | .a.s.ParticipantScoreScheduleService : Scheduled task for exercise 2500 and participant 690 at 2025-02-14T23:44:27.910425024Z[Etc/UTC].
    23:44:27.814 | 441 ool-1-worker-205 | DEBUG | .c.s.m.InstanceMessageReceiveService : Received schedule participant score for exercise 2500 and participant 690 (result to be deleted: null)
    23:44:27.814 | 441 ool-1-worker-205 | DEBUG | .a.s.ParticipantScoreScheduleService : Scheduled task for exercise 2500 and participant 690 at 2025-02-14T23:44:27.914229656Z[Etc/UTC].
    23:44:27.828 | 441 ool-1-worker-205 | DEBUG | .c.s.m.InstanceMessageReceiveService : Received schedule participant score for exercise 2500 and participant 691 (result to be deleted: null)
    23:44:27.828 | 441 ool-1-worker-205 | DEBUG | .a.s.ParticipantScoreScheduleService : Scheduled task for exercise 2500 and participant 691 at 2025-02-14T23:44:27.928073783Z[Etc/UTC].
    23:44:27.832 | 441 ool-1-worker-205 | DEBUG | .c.s.m.InstanceMessageReceiveService : Received schedule participant score for exercise 2500 and participant 691 (result to be deleted: null)
    23:44:27.832 | 441 ool-1-worker-205 | DEBUG | .a.s.ParticipantScoreScheduleService : Scheduled task for exercise 2500 and participant 691 at 2025-02-14T23:44:27.932148371Z[Etc/UTC].
    23:44:27.847 | 441 ool-1-worker-205 | DEBUG | .c.s.m.InstanceMessageReceiveService : Received schedule participant score for exercise 2500 and participant 692 (result to be deleted: null)
    23:44:27.847 | 441 ool-1-worker-205 | DEBUG | .a.s.ParticipantScoreScheduleService : Scheduled task for exercise 2500 and participant 692 at 2025-02-14T23:44:27.947096146Z[Etc/UTC].
    23:44:27.850 | 441 ool-1-worker-205 | DEBUG | .c.s.m.InstanceMessageReceiveService : Received schedule participant score for exercise 2500 and participant 692 (result to be deleted: null)
    23:44:27.850 | 441 ool-1-worker-205 | DEBUG | .a.s.ParticipantScoreScheduleService : Scheduled task for exercise 2500 and participant 692 at 2025-02-14T23:44:27.950700106Z[Etc/UTC].
    23:44:27.865 | 441 ool-1-worker-205 | DEBUG | .c.s.m.InstanceMessageReceiveService : Received schedule participant score for exercise 2501 and participant 689 (result to be deleted: null)
    23:44:27.865 | 441 ool-1-worker-205 | DEBUG | .a.s.ParticipantScoreScheduleService : Scheduled task for exercise 2501 and participant 689 at 2025-02-14T23:44:27.965172425Z[Etc/UTC].
    23:44:27.870 | 441 ool-1-worker-205 | DEBUG | .c.s.m.InstanceMessageReceiveService : Received schedule participant score for exercise 2501 and participant 689 (result to be deleted: null)
    23:44:27.870 | 441 ool-1-worker-205 | DEBUG | .a.s.ParticipantScoreScheduleService : Scheduled task for exercise 2501 and participant 689 at 2025-02-14T23:44:27.970056041Z[Etc/UTC].
    23:44:27.888 | 441 ool-1-worker-205 | DEBUG | .c.s.m.InstanceMessageReceiveService : Received schedule participant score for exercise 2501 and participant 690 (result to be deleted: null)
    23:44:27.888 | 441 ool-1-worker-205 | DEBUG | .a.s.ParticipantScoreScheduleService : Scheduled task for exercise 2501 and participant 690 at 2025-02-14T23:44:27.988835672Z[Etc/UTC].
    23:44:27.888 | 326 taskScheduler-1  | DEBUG | .a.s.ParticipantScoreScheduleService : Processing exercise 2500 and participant 689 to update participant scores.
    23:44:27.894 | 326 taskScheduler-1  | DEBUG | .a.s.ParticipantScoreScheduleService : Updated participant score 275.
    23:44:27.894 | 326 taskScheduler-1  | DEBUG | .a.s.ParticipantScoreScheduleService : Updating the participant score for exercise 2500 and participant 689 took 6 ms.
    23:44:27.896 | 441 ool-1-worker-205 | DEBUG | .c.s.m.InstanceMessageReceiveService : Received schedule participant score for exercise 2501 and participant 690 (result to be deleted: null)
    23:44:27.896 | 441 ool-1-worker-205 | DEBUG | .a.s.ParticipantScoreScheduleService : Scheduled task for exercise 2501 and participant 690 at 2025-02-14T23:44:27.996858383Z[Etc/UTC].
    23:44:27.910 | 441 ool-1-worker-205 | DEBUG | .c.s.m.InstanceMessageReceiveService : Received schedule participant score for exercise 2501 and participant 691 (result to be deleted: null)
    23:44:27.910 | 441 ool-1-worker-205 | DEBUG | .a.s.ParticipantScoreScheduleService : Scheduled task for exercise 2501 and participant 691 at 2025-02-14T23:44:28.010167131Z[Etc/UTC].
    23:44:27.913 | 441 ool-1-worker-205 | DEBUG | .c.s.m.InstanceMessageReceiveService : Received schedule participant score for exercise 2501 and participant 691 (result to be deleted: null)
    23:44:27.913 | 441 ool-1-worker-205 | DEBUG | .a.s.ParticipantScoreScheduleService : Scheduled task for exercise 2501 and participant 691 at 2025-02-14T23:44:28.013945867Z[Etc/UTC].
    23:44:27.914 | 328 taskScheduler-3  | DEBUG | .a.s.ParticipantScoreScheduleService : Processing exercise 2500 and participant 690 to update participant scores.
    23:44:27.920 | 328 taskScheduler-3  | DEBUG | .a.s.ParticipantScoreScheduleService : Updated participant score 276.
    23:44:27.920 | 328 taskScheduler-3  | DEBUG | .a.s.ParticipantScoreScheduleService : Updating the participant score for exercise 2500 and participant 690 took 6 ms.
    23:44:27.929 | 441 ool-1-worker-205 | DEBUG | .c.s.m.InstanceMessageReceiveService : Received schedule participant score for exercise 2501 and participant 692 (result to be deleted: null)
    23:44:27.929 | 441 ool-1-worker-205 | DEBUG | .a.s.ParticipantScoreScheduleService : Scheduled task for exercise 2501 and participant 692 at 2025-02-14T23:44:28.029530690Z[Etc/UTC].
    23:44:27.932 | 327 taskScheduler-2  | DEBUG | .a.s.ParticipantScoreScheduleService : Processing exercise 2500 and participant 691 to update participant scores.
    23:44:27.935 | 441 ool-1-worker-205 | DEBUG | .c.s.m.InstanceMessageReceiveService : Received schedule participant score for exercise 2501 and participant 692 (result to be deleted: null)
    23:44:27.935 | 441 ool-1-worker-205 | DEBUG | .a.s.ParticipantScoreScheduleService : Scheduled task for exercise 2501 and participant 692 at 2025-02-14T23:44:28.035817434Z[Etc/UTC].
    23:44:27.945 | 327 taskScheduler-2  | DEBUG | .a.s.ParticipantScoreScheduleService : Updated participant score 277.
    23:44:27.946 | 327 taskScheduler-2  | DEBUG | .a.s.ParticipantScoreScheduleService : Updating the participant score for exercise 2500 and participant 691 took 14 ms.
    23:44:27.950 | 329 taskScheduler-4  | DEBUG | .a.s.ParticipantScoreScheduleService : Processing exercise 2500 and participant 692 to update participant scores.
    23:44:27.956 | 329 taskScheduler-4  | DEBUG | .a.s.ParticipantScoreScheduleService : Updated participant score 278.
    23:44:27.959 | 441 ool-1-worker-205 | DEBUG | .c.s.m.InstanceMessageReceiveService : Received schedule participant score for exercise 2502 and participant 689 (result to be deleted: null)
    23:44:27.959 | 441 ool-1-worker-205 | DEBUG | .a.s.ParticipantScoreScheduleService : Scheduled task for exercise 2502 and participant 689 at 2025-02-14T23:44:28.059464931Z[Etc/UTC].
    23:44:27.959 | 329 taskScheduler-4  | DEBUG | .a.s.ParticipantScoreScheduleService : Updating the participant score for exercise 2500 and participant 692 took 9 ms.
    23:44:27.965 | 441 ool-1-worker-205 | DEBUG | .c.s.m.InstanceMessageReceiveService : Received schedule participant score for exercise 2502 and participant 689 (result to be deleted: null)
    23:44:27.965 | 441 ool-1-worker-205 | DEBUG | .a.s.ParticipantScoreScheduleService : Scheduled task for exercise 2502 and participant 689 at 2025-02-14T23:44:28.065943122Z[Etc/UTC].
    23:44:27.970 | 326 taskScheduler-1  | DEBUG | .a.s.ParticipantScoreScheduleService : Processing exercise 2501 and participant 689 to update participant scores.
    23:44:27.976 | 326 taskScheduler-1  | DEBUG | .a.s.ParticipantScoreScheduleService : Updated participant score 279.
    23:44:27.980 | 326 taskScheduler-1  | DEBUG | .a.s.ParticipantScoreScheduleService : Updating the participant score for exercise 2501 and participant 689 took 10 ms.
    23:44:27.996 | 328 taskScheduler-3  | DEBUG | .a.s.ParticipantScoreScheduleService : Processing exercise 2501 and participant 690 to update participant scores.
    23:44:28.007 | 328 taskScheduler-3  | DEBUG | .a.s.ParticipantScoreScheduleService : Updated participant score 280.
    23:44:28.007 | 328 taskScheduler-3  | DEBUG | .a.s.ParticipantScoreScheduleService : Updating the participant score for exercise 2501 and participant 690 took 11 ms.
    23:44:28.014 | 327 taskScheduler-2  | DEBUG | .a.s.ParticipantScoreScheduleService : Processing exercise 2501 and participant 691 to update participant scores.
    23:44:28.019 | 441 ool-1-worker-205 | DEBUG | .c.s.m.InstanceMessageReceiveService : Received schedule participant score for exercise 2502 and participant 690 (result to be deleted: null)
    23:44:28.019 | 441 ool-1-worker-205 | DEBUG | .a.s.ParticipantScoreScheduleService : Scheduled task for exercise 2502 and participant 690 at 2025-02-14T23:44:28.119455041Z[Etc/UTC].
    23:44:28.020 | 327 taskScheduler-2  | DEBUG | .a.s.ParticipantScoreScheduleService : Updated participant score 281.
    23:44:28.020 | 327 taskScheduler-2  | DEBUG | .a.s.ParticipantScoreScheduleService : Updating the participant score for exercise 2501 and participant 691 took 6 ms.
    23:44:28.031 | 441 ool-1-worker-205 | DEBUG | .c.s.m.InstanceMessageReceiveService : Received schedule participant score for exercise 2502 and participant 690 (result to be deleted: null)
    23:44:28.031 | 441 ool-1-worker-205 | DEBUG | .a.s.ParticipantScoreScheduleService : Scheduled task for exercise 2502 and participant 690 at 2025-02-14T23:44:28.131657456Z[Etc/UTC].
    23:44:28.035 | 329 taskScheduler-4  | DEBUG | .a.s.ParticipantScoreScheduleService : Processing exercise 2501 and participant 692 to update participant scores.
    23:44:28.047 | 329 taskScheduler-4  | DEBUG | .a.s.ParticipantScoreScheduleService : Updated participant score 282.
    23:44:28.047 | 329 taskScheduler-4  | DEBUG | .a.s.ParticipantScoreScheduleService : Updating the participant score for exercise 2501 and participant 692 took 12 ms.
    23:44:28.066 | 326 taskScheduler-1  | DEBUG | .a.s.ParticipantScoreScheduleService : Processing exercise 2502 and participant 689 to update participant scores.
    23:44:28.072 | 326 taskScheduler-1  | DEBUG | .a.s.ParticipantScoreScheduleService : Updated participant score 283.
    23:44:28.072 | 326 taskScheduler-1  | DEBUG | .a.s.ParticipantScoreScheduleService : Updating the participant score for exercise 2502 and participant 689 took 6 ms.
    23:44:28.077 | 441 ool-1-worker-205 | DEBUG | .c.s.m.InstanceMessageReceiveService : Received schedule participant score for exercise 2502 and participant 691 (result to be deleted: null)
    23:44:28.077 | 441 ool-1-worker-205 | DEBUG | .a.s.ParticipantScoreScheduleService : Scheduled task for exercise 2502 and participant 691 at 2025-02-14T23:44:28.177393886Z[Etc/UTC].
    23:44:28.089 | 441 ool-1-worker-205 | DEBUG | .c.s.m.InstanceMessageReceiveService : Received schedule participant score for exercise 2502 and participant 691 (result to be deleted: null)
    23:44:28.089 | 441 ool-1-worker-205 | DEBUG | .a.s.ParticipantScoreScheduleService : Scheduled task for exercise 2502 and participant 691 at 2025-02-14T23:44:28.189695757Z[Etc/UTC].
    23:44:28.131 | 328 taskScheduler-3  | DEBUG | .a.s.ParticipantScoreScheduleService : Processing exercise 2502 and participant 690 to update participant scores.
    23:44:28.136 | 441 ool-1-worker-205 | DEBUG | .c.s.m.InstanceMessageReceiveService : Received schedule participant score for exercise 2502 and participant 692 (result to be deleted: null)
    23:44:28.136 | 441 ool-1-worker-205 | DEBUG | .a.s.ParticipantScoreScheduleService : Scheduled task for exercise 2502 and participant 692 at 2025-02-14T23:44:28.236982969Z[Etc/UTC].
    23:44:28.143 | 328 taskScheduler-3  | DEBUG | .a.s.ParticipantScoreScheduleService : Updated participant score 284.
    23:44:28.144 | 328 taskScheduler-3  | DEBUG | .a.s.ParticipantScoreScheduleService : Updating the participant score for exercise 2502 and participant 690 took 13 ms.
    23:44:28.149 | 441 ool-1-worker-205 | DEBUG | .c.s.m.InstanceMessageReceiveService : Received schedule participant score for exercise 2502 and participant 692 (result to be deleted: null)
    23:44:28.149 | 441 ool-1-worker-205 | DEBUG | .a.s.ParticipantScoreScheduleService : Scheduled task for exercise 2502 and participant 692 at 2025-02-14T23:44:28.249234486Z[Etc/UTC].
    23:44:28.178 | 441 ool-1-worker-205 | DEBUG | .c.s.m.InstanceMessageReceiveService : Received schedule participant score for exercise 2503 and participant 689 (result to be deleted: null)
    23:44:28.178 | 441 ool-1-worker-205 | DEBUG | .a.s.ParticipantScoreScheduleService : Scheduled task for exercise 2503 and participant 689 at 2025-02-14T23:44:28.278155299Z[Etc/UTC].
    23:44:28.184 | 441 ool-1-worker-205 | DEBUG | .c.s.m.InstanceMessageReceiveService : Received schedule participant score for exercise 2503 and participant 689 (result to be deleted: null)
    23:44:28.184 | 441 ool-1-worker-205 | DEBUG | .a.s.ParticipantScoreScheduleService : Scheduled task for exercise 2503 and participant 689 at 2025-02-14T23:44:28.284095917Z[Etc/UTC].
    23:44:28.189 | 327 taskScheduler-2  | DEBUG | .a.s.ParticipantScoreScheduleService : Processing exercise 2502 and participant 691 to update participant scores.
    23:44:28.195 | 327 taskScheduler-2  | DEBUG | .a.s.ParticipantScoreScheduleService : Updated participant score 285.
    23:44:28.196 | 327 taskScheduler-2  | DEBUG | .a.s.ParticipantScoreScheduleService : Updating the participant score for exercise 2502 and participant 691 took 7 ms.
    23:44:28.225 | 441 ool-1-worker-205 | DEBUG | .c.s.m.InstanceMessageReceiveService : Received schedule participant score for exercise 2503 and participant 690 (result to be deleted: null)
    23:44:28.225 | 441 ool-1-worker-205 | DEBUG | .a.s.ParticipantScoreScheduleService : Scheduled task for exercise 2503 and participant 690 at 2025-02-14T23:44:28.325227360Z[Etc/UTC].
    23:44:28.236 | 441 ool-1-worker-205 | DEBUG | .c.s.m.InstanceMessageReceiveService : Received schedule participant score for exercise 2503 and participant 690 (result to be deleted: null)
    23:44:28.236 | 441 ool-1-worker-205 | DEBUG | .a.s.ParticipantScoreScheduleService : Scheduled task for exercise 2503 and participant 690 at 2025-02-14T23:44:28.336080669Z[Etc/UTC].
    23:44:28.249 | 329 taskScheduler-4  | DEBUG | .a.s.ParticipantScoreScheduleService : Processing exercise 2502 and participant 692 to update participant scores.
    23:44:28.260 | 329 taskScheduler-4  | DEBUG | .a.s.ParticipantScoreScheduleService : Updated participant score 286.
    23:44:28.260 | 329 taskScheduler-4  | DEBUG | .a.s.ParticipantScoreScheduleService : Updating the participant score for exercise 2502 and participant 692 took 11 ms.
    23:44:28.260 | 441 ool-1-worker-205 | DEBUG | .c.s.m.InstanceMessageReceiveService : Received schedule participant score for exercise 2503 and participant 691 (result to be deleted: null)
    23:44:28.261 | 441 ool-1-worker-205 | DEBUG | .a.s.ParticipantScoreScheduleService : Scheduled task for exercise 2503 and participant 691 at 2025-02-14T23:44:28.360997478Z[Etc/UTC].
    23:44:28.270 | 441 ool-1-worker-205 | DEBUG | .c.s.m.InstanceMessageReceiveService : Received schedule participant score for exercise 2503 and participant 691 (result to be deleted: null)
    23:44:28.270 | 441 ool-1-worker-205 | DEBUG | .a.s.ParticipantScoreScheduleService : Scheduled task for exercise 2503 and participant 691 at 2025-02-14T23:44:28.370075213Z[Etc/UTC].
    23:44:28.286 | 326 taskScheduler-1  | DEBUG | .a.s.ParticipantScoreScheduleService : Processing exercise 2503 and participant 689 to update participant scores.
    23:44:28.289 | 441 ool-1-worker-205 | DEBUG | .c.s.m.InstanceMessageReceiveService : Received schedule participant score for exercise 2503 and participant 692 (result to be deleted: null)
    23:44:28.289 | 441 ool-1-worker-205 | DEBUG | .a.s.ParticipantScoreScheduleService : Scheduled task for exercise 2503 and participant 692 at 2025-02-14T23:44:28.389806819Z[Etc/UTC].
    23:44:28.294 | 326 taskScheduler-1  | DEBUG | .a.s.ParticipantScoreScheduleService : Updated participant score 287.
    23:44:28.294 | 326 taskScheduler-1  | DEBUG | .a.s.ParticipantScoreScheduleService : Updating the participant score for exercise 2503 and participant 689 took 8 ms.
    23:44:28.296 | 441 ool-1-worker-205 | DEBUG | .c.s.m.InstanceMessageReceiveService : Received schedule participant score for exercise 2503 and participant 692 (result to be deleted: null)
    23:44:28.296 | 441 ool-1-worker-205 | DEBUG | .a.s.ParticipantScoreScheduleService : Scheduled task for exercise 2503 and participant 692 at 2025-02-14T23:44:28.396515710Z[Etc/UTC].
    23:44:28.315 | 441 ool-1-worker-205 | DEBUG | .c.s.m.InstanceMessageReceiveService : Received schedule participant score for exercise 2504 and participant 689 (result to be deleted: null)
    23:44:28.315 | 441 ool-1-worker-205 | DEBUG | .a.s.ParticipantScoreScheduleService : Scheduled task for exercise 2504 and participant 689 at 2025-02-14T23:44:28.415234277Z[Etc/UTC].
    23:44:28.321 | 441 ool-1-worker-205 | DEBUG | .c.s.m.InstanceMessageReceiveService : Received schedule participant score for exercise 2504 and participant 689 (result to be deleted: null)
    23:44:28.321 | 441 ool-1-worker-205 | DEBUG | .a.s.ParticipantScoreScheduleService : Scheduled task for exercise 2504 and participant 689 at 2025-02-14T23:44:28.421341085Z[Etc/UTC].
    23:44:28.336 | 328 taskScheduler-3  | DEBUG | .a.s.ParticipantScoreScheduleService : Processing exercise 2503 and participant 690 to update participant scores.
    23:44:28.343 | 328 taskScheduler-3  | DEBUG | .a.s.ParticipantScoreScheduleService : Updated participant score 288.
    23:44:28.344 | 328 taskScheduler-3  | DEBUG | .a.s.ParticipantScoreScheduleService : Updating the participant score for exercise 2503 and participant 690 took 8 ms.
    23:44:28.351 | 441 ool-1-worker-205 | DEBUG | .c.s.m.InstanceMessageReceiveService : Received schedule participant score for exercise 2504 and participant 690 (result to be deleted: null)
    23:44:28.351 | 441 ool-1-worker-205 | DEBUG | .a.s.ParticipantScoreScheduleService : Scheduled task for exercise 2504 and participant 690 at 2025-02-14T23:44:28.451192453Z[Etc/UTC].
    23:44:28.356 | 441 ool-1-worker-205 | DEBUG | .c.s.m.InstanceMessageReceiveService : Received schedule participant score for exercise 2504 and participant 690 (result to be deleted: null)
    23:44:28.357 | 441 ool-1-worker-205 | DEBUG | .a.s.ParticipantScoreScheduleService : Scheduled task for exercise 2504 and participant 690 at 2025-02-14T23:44:28.457024889Z[Etc/UTC].
    23:44:28.370 | 327 taskScheduler-2  | DEBUG | .a.s.ParticipantScoreScheduleService : Processing exercise 2503 and participant 691 to update participant scores.
    23:44:28.372 | 441 ool-1-worker-205 | DEBUG | .c.s.m.InstanceMessageReceiveService : Received schedule participant score for exercise 2504 and participant 691 (result to be deleted: null)
    23:44:28.373 | 441 ool-1-worker-205 | DEBUG | .a.s.ParticipantScoreScheduleService : Scheduled task for exercise 2504 and participant 691 at 2025-02-14T23:44:28.472989400Z[Etc/UTC].
    23:44:28.378 | 441 ool-1-worker-205 | DEBUG | .c.s.m.InstanceMessageReceiveService : Received schedule participant score for exercise 2504 and participant 691 (result to be deleted: null)
    23:44:28.378 | 441 ool-1-worker-205 | DEBUG | .a.s.ParticipantScoreScheduleService : Scheduled task for exercise 2504 and participant 691 at 2025-02-14T23:44:28.478861541Z[Etc/UTC].
    23:44:28.381 | 327 taskScheduler-2  | DEBUG | .a.s.ParticipantScoreScheduleService : Updated participant score 289.
    23:44:28.381 | 327 taskScheduler-2  | DEBUG | .a.s.ParticipantScoreScheduleService : Updating the participant score for exercise 2503 and participant 691 took 11 ms.
    23:44:28.393 | 441 ool-1-worker-205 | DEBUG | .c.s.m.InstanceMessageReceiveService : Received schedule participant score for exercise 2504 and participant 692 (result to be deleted: null)
    23:44:28.393 | 441 ool-1-worker-205 | DEBUG | .a.s.ParticipantScoreScheduleService : Scheduled task for exercise 2504 and participant 692 at 2025-02-14T23:44:28.493465515Z[Etc/UTC].
    23:44:28.396 | 329 taskScheduler-4  | DEBUG | .a.s.ParticipantScoreScheduleService : Processing exercise 2503 and participant 692 to update participant scores.
    23:44:28.399 | 441 ool-1-worker-205 | DEBUG | .c.s.m.InstanceMessageReceiveService : Received schedule participant score for exercise 2504 and participant 692 (result to be deleted: null)
    23:44:28.399 | 441 ool-1-worker-205 | DEBUG | .a.s.ParticipantScoreScheduleService : Scheduled task for exercise 2504 and participant 692 at 2025-02-14T23:44:28.499226638Z[Etc/UTC].
    23:44:28.407 | 329 taskScheduler-4  | DEBUG | .a.s.ParticipantScoreScheduleService : Updated participant score 290.
    23:44:28.408 | 329 taskScheduler-4  | DEBUG | .a.s.ParticipantScoreScheduleService : Updating the participant score for exercise 2503 and participant 692 took 12 ms.
    23:44:28.421 | 326 taskScheduler-1  | DEBUG | .a.s.ParticipantScoreScheduleService : Processing exercise 2504 and participant 689 to update participant scores.
    23:44:28.425 | 441 ool-1-worker-205 | DEBUG | .c.s.m.InstanceMessageReceiveService : Received schedule participant score for exercise 2505 and participant 689 (result to be deleted: null)
    23:44:28.425 | 441 ool-1-worker-205 | DEBUG | .a.s.ParticipantScoreScheduleService : Scheduled task for exercise 2505 and participant 689 at 2025-02-14T23:44:28.525190256Z[Etc/UTC].
    23:44:28.430 | 326 taskScheduler-1  | DEBUG | .a.s.ParticipantScoreScheduleService : Updated participant score 291.
    23:44:28.430 | 326 taskScheduler-1  | DEBUG | .a.s.ParticipantScoreScheduleService : Updating the participant score for exercise 2504 and participant 689 took 9 ms.
    23:44:28.431 | 441 ool-1-worker-205 | DEBUG | .c.s.m.InstanceMessageReceiveService : Received schedule participant score for exercise 2505 and participant 689 (result to be deleted: null)
    23:44:28.431 | 441 ool-1-worker-205 | DEBUG | .a.s.ParticipantScoreScheduleService : Scheduled task for exercise 2505 and participant 689 at 2025-02-14T23:44:28.531723559Z[Etc/UTC].
    23:44:28.457 | 328 taskScheduler-3  | DEBUG | .a.s.ParticipantScoreScheduleService : Processing exercise 2504 and participant 690 to update participant scores.
    23:44:28.457 | 441 ool-1-worker-205 | DEBUG | .c.s.m.InstanceMessageReceiveService : Received schedule participant score for exercise 2505 and participant 690 (result to be deleted: null)
    23:44:28.457 | 441 ool-1-worker-205 | DEBUG | .a.s.ParticipantScoreScheduleService : Scheduled task for exercise 2505 and participant 690 at 2025-02-14T23:44:28.557612448Z[Etc/UTC].
    23:44:28.464 | 441 ool-1-worker-205 | DEBUG | .c.s.m.InstanceMessageReceiveService : Received schedule participant score for exercise 2505 and participant 690 (result to be deleted: null)
    23:44:28.464 | 441 ool-1-worker-205 | DEBUG | .a.s.ParticipantScoreScheduleService : Scheduled task for exercise 2505 and participant 690 at 2025-02-14T23:44:28.564719200Z[Etc/UTC].
    23:44:28.468 | 328 taskScheduler-3  | DEBUG | .a.s.ParticipantScoreScheduleService : Updated participant score 292.
    23:44:28.469 | 328 taskScheduler-3  | DEBUG | .a.s.ParticipantScoreScheduleService : Updating the participant score for exercise 2504 and participant 690 took 12 ms.
    23:44:28.478 | 327 taskScheduler-2  | DEBUG | .a.s.ParticipantScoreScheduleService : Processing exercise 2504 and participant 691 to update participant scores.
    23:44:28.488 | 327 taskScheduler-2  | DEBUG | .a.s.ParticipantScoreScheduleService : Updated participant score 293.
    23:44:28.488 | 327 taskScheduler-2  | DEBUG | .a.s.ParticipantScoreScheduleService : Updating the participant score for exercise 2504 and participant 691 took 10 ms.
    23:44:28.499 | 329 taskScheduler-4  | DEBUG | .a.s.ParticipantScoreScheduleService : Processing exercise 2504 and participant 692 to update participant scores.
    23:44:28.505 | 329 taskScheduler-4  | DEBUG | .a.s.ParticipantScoreScheduleService : Updated participant score 294.
    23:44:28.506 | 329 taskScheduler-4  | DEBUG | .a.s.ParticipantScoreScheduleService : Updating the participant score for exercise 2504 and participant 692 took 7 ms.
    23:44:28.508 | 441 ool-1-worker-205 | DEBUG | .c.s.m.InstanceMessageReceiveService : Received schedule participant score for exercise 2505 and participant 691 (result to be deleted: null)
    23:44:28.508 | 441 ool-1-worker-205 | DEBUG | .a.s.ParticipantScoreScheduleService : Scheduled task for exercise 2505 and participant 691 at 2025-02-14T23:44:28.608919589Z[Etc/UTC].
    23:44:28.521 | 441 ool-1-worker-205 | DEBUG | .c.s.m.InstanceMessageReceiveService : Received schedule participant score for exercise 2505 and participant 691 (result to be deleted: null)
    23:44:28.521 | 441 ool-1-worker-205 | DEBUG | .a.s.ParticipantScoreScheduleService : Scheduled task for exercise 2505 and participant 691 at 2025-02-14T23:44:28.621293986Z[Etc/UTC].
    23:44:28.531 | 326 taskScheduler-1  | DEBUG | .a.s.ParticipantScoreScheduleService : Processing exercise 2505 and participant 689 to update participant scores.
    23:44:28.536 | 326 taskScheduler-1  | DEBUG | .a.s.ParticipantScoreScheduleService : Updated participant score 295.
    23:44:28.536 | 326 taskScheduler-1  | DEBUG | .a.s.ParticipantScoreScheduleService : Updating the participant score for exercise 2505 and participant 689 took 5 ms.
    23:44:28.545 | 441 ool-1-worker-205 | DEBUG | .c.s.m.InstanceMessageReceiveService : Received schedule participant score for exercise 2505 and participant 692 (result to be deleted: null)
    23:44:28.545 | 441 ool-1-worker-205 | DEBUG | .a.s.ParticipantScoreScheduleService : Scheduled task for exercise 2505 and participant 692 at 2025-02-14T23:44:28.645938634Z[Etc/UTC].
    23:44:28.552 | 441 ool-1-worker-205 | DEBUG | .c.s.m.InstanceMessageReceiveService : Received schedule participant score for exercise 2505 and participant 692 (result to be deleted: null)
    23:44:28.552 | 441 ool-1-worker-205 | DEBUG | .a.s.ParticipantScoreScheduleService : Scheduled task for exercise 2505 and participant 692 at 2025-02-14T23:44:28.652240987Z[Etc/UTC].
    23:44:28.553 | 441 ool-1-worker-205 | DEBUG | d.t.c.a.a.c.s.f.ApiVersionFilter     : Adding Version to Request GET /api/courses/809/stats-for-assessment-dashboard
    23:44:28.569 | 328 taskScheduler-3  | DEBUG | .a.s.ParticipantScoreScheduleService : Processing exercise 2505 and participant 690 to update participant scores.
    23:44:28.574 | 328 taskScheduler-3  | DEBUG | .a.s.ParticipantScoreScheduleService : Updated participant score 296.
    23:44:28.578 | 328 taskScheduler-3  | DEBUG | .a.s.ParticipantScoreScheduleService : Updating the participant score for exercise 2505 and participant 690 took 9 ms.

  Starting logs for CourseGitlabJenkinsIntegrationTest > testCreateDefaultCourseChannelsOnCourseCreation()
    23:44:28.609 | 441 ool-1-worker-205 | DEBUG | d.t.c.a.a.c.u.util.UserUtilService   : Generate 8 students...
    23:44:28.619 | 441 ool-1-worker-205 | DEBUG | d.t.c.a.a.c.u.util.UserUtilService   : 8 students generated. Generate 5 tutors...
    23:44:28.626 | 441 ool-1-worker-205 | DEBUG | d.t.c.a.a.c.u.util.UserUtilService   : 5 tutors generated. Generate 1 editors...
    23:44:28.629 | 441 ool-1-worker-205 | DEBUG | d.t.c.a.a.c.u.util.UserUtilService   : 1 editors generated. Generate 1 instructors...
    23:44:28.631 | 441 ool-1-worker-205 | DEBUG | d.t.c.a.a.c.u.util.UserUtilService   : 1 instructors generated
    23:44:28.633 | 441 ool-1-worker-205 | DEBUG | d.t.c.a.a.c.u.util.UserUtilService   : Removing 16 users from all courses...
    23:44:28.635 | 441 ool-1-worker-205 | DEBUG | d.t.c.a.a.c.u.util.UserUtilService   : Removing 16 users from all courses. Done
    23:44:28.635 | 441 ool-1-worker-205 | DEBUG | d.t.c.a.a.c.u.util.UserUtilService   : Save 15 users to database...
    23:44:28.645 | 441 ool-1-worker-205 | DEBUG | d.t.c.a.a.c.u.util.UserUtilService   : Save 15 users to database. Done
    23:44:28.655 | 441 ool-1-worker-205 | INFO  | i.z.t.d.l.EmbeddedDatabaseReporter   : JDBC URL to connect to 'dataSource': url='jdbc:h2:tcp://localhost:41063/mem:736625c0-cf5e-400d-aeaa-8a7eabd6262b;USER=sa', scope='CourseGitlabJenkinsIntegrationTest#testCreateDefaultCourseChannelsOnCourseCreation'
    23:44:28.669 | 441 ool-1-worker-205 | DEBUG | d.t.c.a.a.c.s.f.ApiVersionFilter     : Adding Version to Request POST /api/admin/courses
    23:44:28.670 | 441 ool-1-worker-205 | DEBUG | d.t.c.a.a.c.w.a.AdminCourseResource  : REST request to save Course : Course{id=null, title='Course title d2a7bb7e-51b8-48cf-a52d-051deecadfbd', description='null', shortName='testdefaultchannels', studentGroupName='null', teachingAssistantGroupName='null', editorGroupName='null', instructorGroupName='null', startDate='null', endDate='null', enrollmentStartDate='null', enrollmentEndDate='null', unenrollmentEndDate='null', semester='null'', onlineCourse='false', color='null', courseIcon='null', enrollmentEnabled='true', unenrollmentEnabled='false', presentationScore='2', faqEnabled='false'}
    23:44:28.676 | 441 ool-1-worker-205 | DEBUG | d.t.c.a.a.c.s.f.ApiVersionFilter     : Adding Version to Request POST /api/courses/810/students/courseegitlabjenkinsstudent1
    23:44:28.676 | 441 ool-1-worker-205 | DEBUG | d.t.c.a.a.core.web.CourseResource    : REST request to add courseegitlabjenkinsstudent1 as student to course : 810
    23:44:28.678 | 441 ool-1-worker-205 | DEBUG | d.t.c.a.a.c.service.user.UserService : Add user courseegitlabjenkinsstudent1 to group artemis-testdefaultchannels-students
    23:44:28.681 | 441 ool-1-worker-205 | DEBUG | d.t.c.a.a.c.service.user.UserService : Save user User{login='courseegitlabjenkinsstudent1', firstName='courseegitlabjenkinsstudent1First', lastName='courseegitlabjenkinsstudent1Last', email='courseegitlabjenkinsstudent1@test.de', imageUrl='null', activated='true', langKey='en', activationKey='null'}
    23:44:28.685 | 441 ool-1-worker-205 | INFO  | .a.p.s.g.GitLabUserManagementService : Update Gitlab permissions for programming exercises: []
    23:44:28.688 | 441 ool-1-worker-205 | INFO  | a.p.s.j.JenkinsUserManagementService : Update Jenkins permissions (add users to groups) for programming exercises: []
    23:44:28.689 | 441 ool-1-worker-205 | DEBUG | d.t.c.a.a.c.s.f.ApiVersionFilter     : Adding Version to Request POST /api/courses/810/instructors/courseegitlabjenkinsinstructor1
    23:44:28.690 | 441 ool-1-worker-205 | DEBUG | d.t.c.a.a.core.web.CourseResource    : REST request to add courseegitlabjenkinsinstructor1 as instructors to course : 810
    23:44:28.692 | 441 ool-1-worker-205 | DEBUG | d.t.c.a.a.c.service.user.UserService : Add user courseegitlabjenkinsinstructor1 to group artemis-testdefaultchannels-instructors
    23:44:28.694 | 441 ool-1-worker-205 | DEBUG | d.t.c.a.a.c.service.user.UserService : Save user User{login='courseegitlabjenkinsinstructor1', firstName='courseegitlabjenkinsinstructor1First', lastName='courseegitlabjenkinsinstructor1Last', email='courseegitlabjenkinsinstructor1@test.de', imageUrl='null', activated='true', langKey='en', activationKey='null'}
    23:44:28.698 | 441 ool-1-worker-205 | INFO  | .a.p.s.g.GitLabUserManagementService : Update Gitlab permissions for programming exercises: []
    23:44:28.701 | 441 ool-1-worker-205 | INFO  | a.p.s.j.JenkinsUserManagementService : Update Jenkins permissions (add users to groups) for programming exercises: []

  Starting logs for CourseGitlabJenkinsIntegrationTest > testExportCourse_cannotCreateTmpDir()
    23:44:28.721 | 441 ool-1-worker-205 | DEBUG | d.t.c.a.a.c.u.util.UserUtilService   : Generate 8 students...
    23:44:28.733 | 441 ool-1-worker-205 | DEBUG | d.t.c.a.a.c.u.util.UserUtilService   : 8 students generated. Generate 5 tutors...
    23:44:28.741 | 441 ool-1-worker-205 | DEBUG | d.t.c.a.a.c.u.util.UserUtilService   : 5 tutors generated. Generate 1 editors...
    23:44:28.743 | 441 ool-1-worker-205 | DEBUG | d.t.c.a.a.c.u.util.UserUtilService   : 1 editors generated. Generate 1 instructors...
    23:44:28.746 | 441 ool-1-worker-205 | DEBUG | d.t.c.a.a.c.u.util.UserUtilService   : 1 instructors generated
    23:44:28.748 | 441 ool-1-worker-205 | DEBUG | d.t.c.a.a.c.u.util.UserUtilService   : Removing 16 users from all courses...
    23:44:28.751 | 441 ool-1-worker-205 | DEBUG | d.t.c.a.a.c.u.util.UserUtilService   : Removing 16 users from all courses. Done
    23:44:28.751 | 441 ool-1-worker-205 | DEBUG | d.t.c.a.a.c.u.util.UserUtilService   : Save 15 users to database...
    23:44:28.761 | 441 ool-1-worker-205 | DEBUG | d.t.c.a.a.c.u.util.UserUtilService   : Save 15 users to database. Done
    23:44:28.772 | 441 ool-1-worker-205 | INFO  | i.z.t.d.l.EmbeddedDatabaseReporter   : JDBC URL to connect to 'dataSource': url='jdbc:h2:tcp://localhost:41063/mem:736625c0-cf5e-400d-aeaa-8a7eabd6262b;USER=sa', scope='CourseGitlabJenkinsIntegrationTest#testExportCourse_cannotCreateTmpDir'
    23:44:28.842 | 441 ool-1-worker-205 | ERROR | .c.a.a.c.s.e.CourseExamExportService : Failed to export course 811 because the temporary directory: ./exports/server-integration-test/courses/_temp-exports_/short4afcaae805b1d04b0d0b8260968016d28288-Course_title_2b7ca9fa-d79e-4e55-9c31-85d45e57c11d-20250214-234428 cannot be created.
java.io.IOException: null

  Starting logs for CourseGitlabJenkinsIntegrationTest > testUpdateValidOnlineCourseConfigurationNotOnlineCourse()
    23:44:28.858 | 441 ool-1-worker-205 | DEBUG | d.t.c.a.a.c.u.util.UserUtilService   : Generate 8 students...
    23:44:28.870 | 441 ool-1-worker-205 | DEBUG | d.t.c.a.a.c.u.util.UserUtilService   : 8 students generated. Generate 5 tutors...
    23:44:28.880 | 441 ool-1-worker-205 | DEBUG | d.t.c.a.a.c.u.util.UserUtilService   : 5 tutors generated. Generate 1 editors...
    23:44:28.883 | 441 ool-1-worker-205 | DEBUG | d.t.c.a.a.c.u.util.UserUtilService   : 1 editors generated. Generate 1 instructors...
    23:44:28.886 | 441 ool-1-worker-205 | DEBUG | d.t.c.a.a.c.u.util.UserUtilService   : 1 instructors generated
    23:44:28.889 | 441 ool-1-worker-205 | DEBUG | d.t.c.a.a.c.u.util.UserUtilService   : Removing 16 users from all courses...
    23:44:28.891 | 441 ool-1-worker-205 | DEBUG | d.t.c.a.a.c.u.util.UserUtilService   : Removing 16 users from all courses. Done
    23:44:28.891 | 441 ool-1-worker-205 | DEBUG | d.t.c.a.a.c.u.util.UserUtilService   : Save 15 users to database...
    23:44:28.901 | 441 ool-1-worker-205 | DEBUG | d.t.c.a.a.c.u.util.UserUtilService   : Save 15 users to database. Done
    23:44:28.922 | 441 ool-1-worker-205 | INFO  | i.z.t.d.l.EmbeddedDatabaseReporter   : JDBC URL to connect to 'dataSource': url='jdbc:h2:tcp://localhost:41063/mem:736625c0-cf5e-400d-aeaa-8a7eabd6262b;USER=sa', scope='CourseGitlabJenkinsIntegrationTest#testUpdateValidOnlineCourseConfigurationNotOnlineCourse'
    23:44:28.923 | 441 ool-1-worker-205 | DEBUG | d.t.c.a.a.c.s.f.ApiVersionFilter     : Adding Version to Request POST /api/admin/courses
    23:44:28.924 | 441 ool-1-worker-205 | DEBUG | d.t.c.a.a.c.w.a.AdminCourseResource  : REST request to save Course : Course{id=null, title='Course title a010068c-1a92-4035-b3d6-f18d108bef2e', description='null', shortName='shortd619dbd707194048990adca002e35a49ab4c', studentGroupName='student', teachingAssistantGroupName='tutor', editorGroupName='editor', instructorGroupName='instructor', startDate='2025-02-13T23:44:28.922268895Z', endDate='2025-02-14T23:44:28.922271760Z', enrollmentStartDate='null', enrollmentEndDate='null', unenrollmentEndDate='null', semester='null'', onlineCourse='false', color='null', courseIcon='null', enrollmentEnabled='false', unenrollmentEnabled='false', presentationScore='2', faqEnabled='false'}
    23:44:28.930 | 441 ool-1-worker-205 | DEBUG | d.t.c.a.a.c.s.f.ApiVersionFilter     : Adding Version to Request PUT /api/courses/812/online-course-configuration
    23:44:28.931 | 441 ool-1-worker-205 | DEBUG | d.t.c.a.artemis.lti.web.LtiResource  : REST request to update the online course configuration for Course : 812
    23:44:28.934 | 441 ool-1-worker-205 | ERROR | tech.jhipster.web.util.HeaderUtil    : Entity processing failed, Course must be online course
    23:44:28.934 | 441 ool-1-worker-205 | WARN  | o.z.p.spring.common.AdviceTraits     : Bad Request: Course must be online course

  Starting logs for CourseGitlabJenkinsIntegrationTest > testGetCoursesWithPermission()
    23:44:28.962 | 441 ool-1-worker-205 | DEBUG | d.t.c.a.a.c.u.util.UserUtilService   : Generate 8 students...
    23:44:28.978 | 441 ool-1-worker-205 | DEBUG | d.t.c.a.a.c.u.util.UserUtilService   : 8 students generated. Generate 5 tutors...
    23:44:28.987 | 441 ool-1-worker-205 | DEBUG | d.t.c.a.a.c.u.util.UserUtilService   : 5 tutors generated. Generate 1 editors...
    23:44:28.989 | 441 ool-1-worker-205 | DEBUG | d.t.c.a.a.c.u.util.UserUtilService   : 1 editors generated. Generate 1 instructors...
    23:44:28.992 | 441 ool-1-worker-205 | DEBUG | d.t.c.a.a.c.u.util.UserUtilService   : 1 instructors generated
    23:44:28.994 | 441 ool-1-worker-205 | DEBUG | d.t.c.a.a.c.u.util.UserUtilService   : Removing 16 users from all courses...
    23:44:28.996 | 441 ool-1-worker-205 | DEBUG | d.t.c.a.a.c.u.util.UserUtilService   : Removing 16 users from all courses. Done
    23:44:28.996 | 441 ool-1-worker-205 | DEBUG | d.t.c.a.a.c.u.util.UserUtilService   : Save 15 users to database...
    23:44:29.005 | 441 ool-1-worker-205 | DEBUG | d.t.c.a.a.c.u.util.UserUtilService   : Save 15 users to database. Done
    23:44:29.016 | 441 ool-1-worker-205 | INFO  | i.z.t.d.l.EmbeddedDatabaseReporter   : JDBC URL to connect to 'dataSource': url='jdbc:h2:tcp://localhost:41063/mem:736625c0-cf5e-400d-aeaa-8a7eabd6262b;USER=sa', scope='CourseGitlabJenkinsIntegrationTest#testGetCoursesWithPermission'
    23:44:29.039 | 441 ool-1-worker-205 | DEBUG | d.t.c.a.a.c.s.f.ApiVersionFilter     : Adding Version to Request GET /api/courses
    23:44:29.040 | 441 ool-1-worker-205 | DEBUG | d.t.c.a.a.core.web.CourseResource    : REST request to get all courses the user has access to

  Starting logs for CourseGitlabJenkinsIntegrationTest > searchMembersForUserMentionsSearchTermFilteringCorrect()
    23:44:29.162 | 441 ool-1-worker-205 | DEBUG | d.t.c.a.a.c.u.util.UserUtilService   : Generate 8 students...
    23:44:29.175 | 441 ool-1-worker-205 | DEBUG | d.t.c.a.a.c.u.util.UserUtilService   : 8 students generated. Generate 5 tutors...
    23:44:29.187 | 441 ool-1-worker-205 | DEBUG | d.t.c.a.a.c.u.util.UserUtilService   : 5 tutors generated. Generate 1 editors...
    23:44:29.189 | 441 ool-1-worker-205 | DEBUG | d.t.c.a.a.c.u.util.UserUtilService   : 1 editors generated. Generate 1 instructors...
    23:44:29.192 | 441 ool-1-worker-205 | DEBUG | d.t.c.a.a.c.u.util.UserUtilService   : 1 instructors generated
    23:44:29.194 | 441 ool-1-worker-205 | DEBUG | d.t.c.a.a.c.u.util.UserUtilService   : Removing 16 users from all courses...
    23:44:29.196 | 441 ool-1-worker-205 | DEBUG | d.t.c.a.a.c.u.util.UserUtilService   : Removing 16 users from all courses. Done
    23:44:29.196 | 441 ool-1-worker-205 | DEBUG | d.t.c.a.a.c.u.util.UserUtilService   : Save 15 users to database...
    23:44:29.213 | 441 ool-1-worker-205 | DEBUG | d.t.c.a.a.c.u.util.UserUtilService   : Save 15 users to database. Done
    23:44:29.225 | 441 ool-1-worker-205 | INFO  | i.z.t.d.l.EmbeddedDatabaseReporter   : JDBC URL to connect to 'dataSource': url='jdbc:h2:tcp://localhost:41063/mem:736625c0-cf5e-400d-aeaa-8a7eabd6262b;USER=sa', scope='CourseGitlabJenkinsIntegrationTest#searchMembersForUserMentionsSearchTermFilteringCorrect'
    23:44:29.248 | 441 ool-1-worker-205 | DEBUG | d.t.c.a.a.c.s.f.ApiVersionFilter     : Adding Version to Request GET /api/courses/815/members/search
    23:44:29.249 | 441 ool-1-worker-205 | DEBUG | d.t.c.a.a.core.web.CourseResource    : REST request to get members with login or name : courseegitlabjenkinstutor in course: 815

  Starting logs for CourseGitlabJenkinsIntegrationTest > testGetCourseWithoutPermission()
    23:44:29.273 | 441 ool-1-worker-205 | DEBUG | d.t.c.a.a.c.u.util.UserUtilService   : Generate 8 students...
    23:44:29.287 | 441 ool-1-worker-205 | DEBUG | d.t.c.a.a.c.u.util.UserUtilService   : 8 students generated. Generate 5 tutors...
    23:44:29.294 | 441 ool-1-worker-205 | DEBUG | d.t.c.a.a.c.u.util.UserUtilService   : 5 tutors generated. Generate 1 editors...
    23:44:29.298 | 441 ool-1-worker-205 | DEBUG | d.t.c.a.a.c.u.util.UserUtilService   : 1 editors generated. Generate 1 instructors...
    23:44:29.301 | 441 ool-1-worker-205 | DEBUG | d.t.c.a.a.c.u.util.UserUtilService   : 1 instructors generated
    23:44:29.303 | 441 ool-1-worker-205 | DEBUG | d.t.c.a.a.c.u.util.UserUtilService   : Removing 16 users from all courses...
    23:44:29.304 | 441 ool-1-worker-205 | DEBUG | d.t.c.a.a.c.u.util.UserUtilService   : Removing 16 users from all courses. Done
    23:44:29.304 | 441 ool-1-worker-205 | DEBUG | d.t.c.a.a.c.u.util.UserUtilService   : Save 15 users to database...
    23:44:29.313 | 441 ool-1-worker-205 | DEBUG | d.t.c.a.a.c.u.util.UserUtilService   : Save 15 users to database. Done
    23:44:29.324 | 441 ool-1-worker-205 | INFO  | i.z.t.d.l.EmbeddedDatabaseReporter   : JDBC URL to connect to 'dataSource': url='jdbc:h2:tcp://localhost:41063/mem:736625c0-cf5e-400d-aeaa-8a7eabd6262b;USER=sa', scope='CourseGitlabJenkinsIntegrationTest#testGetCourseWithoutPermission'
    23:44:29.325 | 441 ool-1-worker-205 | DEBUG | d.t.c.a.a.c.s.f.ApiVersionFilter     : Adding Version to Request GET /api/courses
    23:44:29.326 | 441 ool-1-worker-205 | WARN  | o.z.p.spring.common.AdviceTraits     : Forbidden: Access Denied

  Starting logs for CourseGitlabJenkinsIntegrationTest > testAddStudentOrTutorOrInstructorToCourse()
    23:44:29.356 | 441 ool-1-worker-205 | DEBUG | d.t.c.a.a.c.u.util.UserUtilService   : Generate 8 students...
    23:44:29.376 | 441 ool-1-worker-205 | DEBUG | d.t.c.a.a.c.u.util.UserUtilService   : 8 students generated. Generate 5 tutors...
    23:44:29.385 | 441 ool-1-worker-205 | DEBUG | d.t.c.a.a.c.u.util.UserUtilService   : 5 tutors generated. Generate 1 editors...
    23:44:29.388 | 441 ool-1-worker-205 | DEBUG | d.t.c.a.a.c.u.util.UserUtilService   : 1 editors generated. Generate 1 instructors...
    23:44:29.390 | 441 ool-1-worker-205 | DEBUG | d.t.c.a.a.c.u.util.UserUtilService   : 1 instructors generated
    23:44:29.393 | 441 ool-1-worker-205 | DEBUG | d.t.c.a.a.c.u.util.UserUtilService   : Removing 16 users from all courses...
    23:44:29.395 | 441 ool-1-worker-205 | DEBUG | d.t.c.a.a.c.u.util.UserUtilService   : Removing 16 users from all courses. Done
    23:44:29.395 | 441 ool-1-worker-205 | DEBUG | d.t.c.a.a.c.u.util.UserUtilService   : Save 15 users to database...
    23:44:29.406 | 441 ool-1-worker-205 | DEBUG | d.t.c.a.a.c.u.util.UserUtilService   : Save 15 users to database. Done
    23:44:29.417 | 441 ool-1-worker-205 | INFO  | i.z.t.d.l.EmbeddedDatabaseReporter   : JDBC URL to connect to 'dataSource': url='jdbc:h2:tcp://localhost:41063/mem:736625c0-cf5e-400d-aeaa-8a7eabd6262b;USER=sa', scope='CourseGitlabJenkinsIntegrationTest#testAddStudentOrTutorOrInstructorToCourse'
    23:44:29.513 | 441 ool-1-worker-205 | DEBUG | d.t.c.a.a.c.s.f.ApiVersionFilter     : Adding Version to Request POST /api/courses/816/students/courseegitlabjenkinsstudent1
    23:44:29.514 | 441 ool-1-worker-205 | DEBUG | d.t.c.a.a.core.web.CourseResource    : REST request to add courseegitlabjenkinsstudent1 as student to course : 816
    23:44:29.516 | 441 ool-1-worker-205 | DEBUG | d.t.c.a.a.c.service.user.UserService : Add user courseegitlabjenkinsstudent1 to group courseegitlabjenkinsstudent
    23:44:29.520 | 441 ool-1-worker-205 | INFO  | .a.p.s.g.GitLabUserManagementService : Update Gitlab permissions for programming exercises: []
    23:44:29.523 | 441 ool-1-worker-205 | INFO  | a.p.s.j.JenkinsUserManagementService : Update Jenkins permissions (add users to groups) for programming exercises: []
    23:44:29.528 | 441 ool-1-worker-205 | DEBUG | d.t.c.a.a.a.s.l.LearningPathService  : Created LearningPath (id=1) for user (id=689) in course (id=816)
    23:44:29.530 | 441 ool-1-worker-205 | DEBUG | d.t.c.a.a.a.s.l.LearningPathService  : Updated LearningPath (id=1) for user (id=689)
    23:44:29.532 | 441 ool-1-worker-205 | DEBUG | d.t.c.a.a.c.s.f.ApiVersionFilter     : Adding Version to Request POST /api/courses/816/tutors/courseegitlabjenkinstutor1
    23:44:29.533 | 441 ool-1-worker-205 | DEBUG | d.t.c.a.a.core.web.CourseResource    : REST request to add courseegitlabjenkinstutor1 as tutors to course : 816
    23:44:29.535 | 441 ool-1-worker-205 | DEBUG | d.t.c.a.a.c.service.user.UserService : Add user courseegitlabjenkinstutor1 to group courseegitlabjenkinstutor
    23:44:29.540 | 441 ool-1-worker-205 | INFO  | .a.p.s.g.GitLabUserManagementService : Update Gitlab permissions for programming exercises: [SHORT1D2A008A0C29704FB90983203C834C268F59T284, SHORT946C69020CCA5048180BCDE023AAED3839C1TC82, SHORT4A7B29700CF49045BC0A886053CDF569874DT590, SHORTAB1C88AA065AC0495D09A97048DDA4533736TB58, SHORT489A18930496F0468A0B8AE0702EBABADF33T36C, SHORTC35F79E300BBD04E050BC250826A850B2417TEFE, SHORT93F8018F0B739044BE0A98A04D8E0855AF70T68A, SHORT08F5E2BC0DE4B047370B6D70C75440A60CD2T360, SHORT45BCF1EC04ECB04980085910433C09EF95A8TDE0, SHORTEF853C83008A904F200A80E0EAA0CF48D3FDT0D8, SHORTDB85E65000286047150A514037AF72FAD42ATSTEXC, SHORT46FDE84B04C8104F8508FBE0B1B85CC847FFTE7C, SHORTCBE64F44027500448908FC60227E19C86369T9DB, SHORTE632B5530D6BB04DEE0B00908D1E3920BBCAT640, SHORTCDC37B2B06472041490BD5907703E66CADD9TSTEXC, SHORTBF7998FE0A5E1045340BC7508AE83C43E0AFT353]
    23:44:29.540 | 441 ool-1-worker-205 | INFO  | .a.p.s.g.GitLabUserManagementService : Add member 1 to Gitlab group SHORT1D2A008A0C29704FB90983203C834C268F59T284
    23:44:29.541 | 441 ool-1-worker-205 | INFO  | .a.p.s.g.GitLabUserManagementService : Add member 1 to Gitlab group SHORT946C69020CCA5048180BCDE023AAED3839C1TC82
    23:44:29.541 | 441 ool-1-worker-205 | INFO  | .a.p.s.g.GitLabUserManagementService : Add member 1 to Gitlab group SHORT4A7B29700CF49045BC0A886053CDF569874DT590
    23:44:29.541 | 441 ool-1-worker-205 | INFO  | .a.p.s.g.GitLabUserManagementService : Add member 1 to Gitlab group SHORTAB1C88AA065AC0495D09A97048DDA4533736TB58
    23:44:29.541 | 441 ool-1-worker-205 | INFO  | .a.p.s.g.GitLabUserManagementService : Add member 1 to Gitlab group SHORT489A18930496F0468A0B8AE0702EBABADF33T36C
    23:44:29.541 | 441 ool-1-worker-205 | INFO  | .a.p.s.g.GitLabUserManagementService : Add member 1 to Gitlab group SHORTC35F79E300BBD04E050BC250826A850B2417TEFE
    23:44:29.541 | 441 ool-1-worker-205 | INFO  | .a.p.s.g.GitLabUserManagementService : Add member 1 to Gitlab group SHORT93F8018F0B739044BE0A98A04D8E0855AF70T68A
    23:44:29.541 | 441 ool-1-worker-205 | INFO  | .a.p.s.g.GitLabUserManagementService : Add member 1 to Gitlab group SHORT08F5E2BC0DE4B047370B6D70C75440A60CD2T360
    23:44:29.541 | 441 ool-1-worker-205 | INFO  | .a.p.s.g.GitLabUserManagementService : Add member 1 to Gitlab group SHORT45BCF1EC04ECB04980085910433C09EF95A8TDE0
    23:44:29.541 | 441 ool-1-worker-205 | INFO  | .a.p.s.g.GitLabUserManagementService : Add member 1 to Gitlab group SHORTEF853C83008A904F200A80E0EAA0CF48D3FDT0D8
    23:44:29.541 | 441 ool-1-worker-205 | INFO  | .a.p.s.g.GitLabUserManagementService : Add member 1 to Gitlab group SHORTDB85E65000286047150A514037AF72FAD42ATSTEXC
    23:44:29.541 | 441 ool-1-worker-205 | INFO  | .a.p.s.g.GitLabUserManagementService : Add member 1 to Gitlab group SHORT46FDE84B04C8104F8508FBE0B1B85CC847FFTE7C
    23:44:29.541 | 441 ool-1-worker-205 | INFO  | .a.p.s.g.GitLabUserManagementService : Add member 1 to Gitlab group SHORTCBE64F44027500448908FC60227E19C86369T9DB
    23:44:29.542 | 441 ool-1-worker-205 | INFO  | .a.p.s.g.GitLabUserManagementService : Add member 1 to Gitlab group SHORTE632B5530D6BB04DEE0B00908D1E3920BBCAT640
    23:44:29.542 | 441 ool-1-worker-205 | INFO  | .a.p.s.g.GitLabUserManagementService : Add member 1 to Gitlab group SHORTCDC37B2B06472041490BD5907703E66CADD9TSTEXC
    23:44:29.542 | 441 ool-1-worker-205 | INFO  | .a.p.s.g.GitLabUserManagementService : Add member 1 to Gitlab group SHORTBF7998FE0A5E1045340BC7508AE83C43E0AFT353
    23:44:29.546 | 441 ool-1-worker-205 | INFO  | a.p.s.j.JenkinsUserManagementService : Update Jenkins permissions (add users to groups) for programming exercises: [SHORT1D2A008A0C29704FB90983203C834C268F59T284, SHORT946C69020CCA5048180BCDE023AAED3839C1TC82, SHORT4A7B29700CF49045BC0A886053CDF569874DT590, SHORTAB1C88AA065AC0495D09A97048DDA4533736TB58, SHORT489A18930496F0468A0B8AE0702EBABADF33T36C, SHORTC35F79E300BBD04E050BC250826A850B2417TEFE, SHORT93F8018F0B739044BE0A98A04D8E0855AF70T68A, SHORT08F5E2BC0DE4B047370B6D70C75440A60CD2T360, SHORT45BCF1EC04ECB04980085910433C09EF95A8TDE0, SHORTEF853C83008A904F200A80E0EAA0CF48D3FDT0D8, SHORTDB85E65000286047150A514037AF72FAD42ATSTEXC, SHORT46FDE84B04C8104F8508FBE0B1B85CC847FFTE7C, SHORTCBE64F44027500448908FC60227E19C86369T9DB, SHORTE632B5530D6BB04DEE0B00908D1E3920BBCAT640, SHORTCDC37B2B06472041490BD5907703E66CADD9TSTEXC, SHORTBF7998FE0A5E1045340BC7508AE83C43E0AFT353]
    23:44:29.574 | 441 ool-1-worker-205 | DEBUG | d.t.c.a.a.c.s.f.ApiVersionFilter     : Adding Version to Request POST /api/courses/816/editors/courseegitlabjenkinseditor1
    23:44:29.574 | 441 ool-1-worker-205 | DEBUG | d.t.c.a.a.core.web.CourseResource    : REST request to add courseegitlabjenkinseditor1 as editors to course : 816
    23:44:29.580 | 441 ool-1-worker-205 | DEBUG | d.t.c.a.a.c.service.user.UserService : Add user courseegitlabjenkinseditor1 to group courseegitlabjenkinseditor
    23:44:29.586 | 441 ool-1-worker-205 | INFO  | .a.p.s.g.GitLabUserManagementService : Update Gitlab permissions for programming exercises: [SHORT1D2A008A0C29704FB90983203C834C268F59T284, SHORT946C69020CCA5048180BCDE023AAED3839C1TC82, SHORT4A7B29700CF49045BC0A886053CDF569874DT590, SHORTAB1C88AA065AC0495D09A97048DDA4533736TB58, SHORT489A18930496F0468A0B8AE0702EBABADF33T36C, SHORTC35F79E300BBD04E050BC250826A850B2417TEFE, SHORT93F8018F0B739044BE0A98A04D8E0855AF70T68A, SHORT08F5E2BC0DE4B047370B6D70C75440A60CD2T360, SHORT45BCF1EC04ECB04980085910433C09EF95A8TDE0, SHORTEF853C83008A904F200A80E0EAA0CF48D3FDT0D8, SHORTDB85E65000286047150A514037AF72FAD42ATSTEXC, SHORT46FDE84B04C8104F8508FBE0B1B85CC847FFTE7C, SHORTCBE64F44027500448908FC60227E19C86369T9DB, SHORTE632B5530D6BB04DEE0B00908D1E3920BBCAT640, SHORTCDC37B2B06472041490BD5907703E66CADD9TSTEXC, SHORTBF7998FE0A5E1045340BC7508AE83C43E0AFT353]
    23:44:29.587 | 441 ool-1-worker-205 | INFO  | .a.p.s.g.GitLabUserManagementService : Add member 1 to Gitlab group SHORT1D2A008A0C29704FB90983203C834C268F59T284
    23:44:29.587 | 441 ool-1-worker-205 | INFO  | .a.p.s.g.GitLabUserManagementService : Add member 1 to Gitlab group SHORT946C69020CCA5048180BCDE023AAED3839C1TC82
    23:44:29.587 | 441 ool-1-worker-205 | INFO  | .a.p.s.g.GitLabUserManagementService : Add member 1 to Gitlab group SHORT4A7B29700CF49045BC0A886053CDF569874DT590
    23:44:29.587 | 441 ool-1-worker-205 | INFO  | .a.p.s.g.GitLabUserManagementService : Add member 1 to Gitlab group SHORTAB1C88AA065AC0495D09A97048DDA4533736TB58
    23:44:29.587 | 441 ool-1-worker-205 | INFO  | .a.p.s.g.GitLabUserManagementService : Add member 1 to Gitlab group SHORT489A18930496F0468A0B8AE0702EBABADF33T36C
    23:44:29.587 | 441 ool-1-worker-205 | INFO  | .a.p.s.g.GitLabUserManagementService : Add member 1 to Gitlab group SHORTC35F79E300BBD04E050BC250826A850B2417TEFE
    23:44:29.587 | 441 ool-1-worker-205 | INFO  | .a.p.s.g.GitLabUserManagementService : Add member 1 to Gitlab group SHORT93F8018F0B739044BE0A98A04D8E0855AF70T68A
    23:44:29.587 | 441 ool-1-worker-205 | INFO  | .a.p.s.g.GitLabUserManagementService : Add member 1 to Gitlab group SHORT08F5E2BC0DE4B047370B6D70C75440A60CD2T360
    23:44:29.587 | 441 ool-1-worker-205 | INFO  | .a.p.s.g.GitLabUserManagementService : Add member 1 to Gitlab group SHORT45BCF1EC04ECB04980085910433C09EF95A8TDE0
    23:44:29.587 | 441 ool-1-worker-205 | INFO  | .a.p.s.g.GitLabUserManagementService : Add member 1 to Gitlab group SHORTEF853C83008A904F200A80E0EAA0CF48D3FDT0D8
    23:44:29.587 | 441 ool-1-worker-205 | INFO  | .a.p.s.g.GitLabUserManagementService : Add member 1 to Gitlab group SHORTDB85E65000286047150A514037AF72FAD42ATSTEXC
    23:44:29.587 | 441 ool-1-worker-205 | INFO  | .a.p.s.g.GitLabUserManagementService : Add member 1 to Gitlab group SHORT46FDE84B04C8104F8508FBE0B1B85CC847FFTE7C
    23:44:29.588 | 441 ool-1-worker-205 | INFO  | .a.p.s.g.GitLabUserManagementService : Add member 1 to Gitlab group SHORTCBE64F44027500448908FC60227E19C86369T9DB
    23:44:29.588 | 441 ool-1-worker-205 | INFO  | .a.p.s.g.GitLabUserManagementService : Add member 1 to Gitlab group SHORTE632B5530D6BB04DEE0B00908D1E3920BBCAT640
    23:44:29.588 | 441 ool-1-worker-205 | INFO  | .a.p.s.g.GitLabUserManagementService : Add member 1 to Gitlab group SHORTCDC37B2B06472041490BD5907703E66CADD9TSTEXC
    23:44:29.588 | 441 ool-1-worker-205 | INFO  | .a.p.s.g.GitLabUserManagementService : Add member 1 to Gitlab group SHORTBF7998FE0A5E1045340BC7508AE83C43E0AFT353
    23:44:29.593 | 441 ool-1-worker-205 | INFO  | a.p.s.j.JenkinsUserManagementService : Update Jenkins permissions (add users to groups) for programming exercises: [SHORT1D2A008A0C29704FB90983203C834C268F59T284, SHORT946C69020CCA5048180BCDE023AAED3839C1TC82, SHORT4A7B29700CF49045BC0A886053CDF569874DT590, SHORTAB1C88AA065AC0495D09A97048DDA4533736TB58, SHORT489A18930496F0468A0B8AE0702EBABADF33T36C, SHORTC35F79E300BBD04E050BC250826A850B2417TEFE, SHORT93F8018F0B739044BE0A98A04D8E0855AF70T68A, SHORT08F5E2BC0DE4B047370B6D70C75440A60CD2T360, SHORT45BCF1EC04ECB04980085910433C09EF95A8TDE0, SHORTEF853C83008A904F200A80E0EAA0CF48D3FDT0D8, SHORTDB85E65000286047150A514037AF72FAD42ATSTEXC, SHORT46FDE84B04C8104F8508FBE0B1B85CC847FFTE7C, SHORTCBE64F44027500448908FC60227E19C86369T9DB, SHORTE632B5530D6BB04DEE0B00908D1E3920BBCAT640, SHORTCDC37B2B06472041490BD5907703E66CADD9TSTEXC, SHORTBF7998FE0A5E1045340BC7508AE83C43E0AFT353]
    23:44:29.627 | 441 ool-1-worker-205 | DEBUG | d.t.c.a.a.c.s.f.ApiVersionFilter     : Adding Version to Request POST /api/courses/816/instructors/courseegitlabjenkinsinstructor1
    23:44:29.628 | 441 ool-1-worker-205 | DEBUG | d.t.c.a.a.core.web.CourseResource    : REST request to add courseegitlabjenkinsinstructor1 as instructors to course : 816
    23:44:29.630 | 441 ool-1-worker-205 | DEBUG | d.t.c.a.a.c.service.user.UserService : Add user courseegitlabjenkinsinstructor1 to group courseegitlabjenkinsinstructor
    23:44:29.636 | 441 ool-1-worker-205 | INFO  | .a.p.s.g.GitLabUserManagementService : Update Gitlab permissions for programming exercises: [SHORT1D2A008A0C29704FB90983203C834C268F59T284, SHORT946C69020CCA5048180BCDE023AAED3839C1TC82, SHORT4A7B29700CF49045BC0A886053CDF569874DT590, SHORTAB1C88AA065AC0495D09A97048DDA4533736TB58, SHORT489A18930496F0468A0B8AE0702EBABADF33T36C, SHORTC35F79E300BBD04E050BC250826A850B2417TEFE, SHORT08F5E2BC0DE4B047370B6D70C75440A60CD2T360, SHORT45BCF1EC04ECB04980085910433C09EF95A8TDE0, SHORTEF853C83008A904F200A80E0EAA0CF48D3FDT0D8, SHORTDB85E65000286047150A514037AF72FAD42ATSTEXC, SHORTCBE64F44027500448908FC60227E19C86369T9DB, SHORTE632B5530D6BB04DEE0B00908D1E3920BBCAT640, SHORTCDC37B2B06472041490BD5907703E66CADD9TSTEXC, SHORTBF7998FE0A5E1045340BC7508AE83C43E0AFT353]
    23:44:29.636 | 441 ool-1-worker-205 | INFO  | .a.p.s.g.GitLabUserManagementService : Add member 1 to Gitlab group SHORT1D2A008A0C29704FB90983203C834C268F59T284
    23:44:29.636 | 441 ool-1-worker-205 | INFO  | .a.p.s.g.GitLabUserManagementService : Add member 1 to Gitlab group SHORT946C69020CCA5048180BCDE023AAED3839C1TC82
    23:44:29.636 | 441 ool-1-worker-205 | INFO  | .a.p.s.g.GitLabUserManagementService : Add member 1 to Gitlab group SHORT4A7B29700CF49045BC0A886053CDF569874DT590
    23:44:29.636 | 441 ool-1-worker-205 | INFO  | .a.p.s.g.GitLabUserManagementService : Add member 1 to Gitlab group SHORTAB1C88AA065AC0495D09A97048DDA4533736TB58
    23:44:29.636 | 441 ool-1-worker-205 | INFO  | .a.p.s.g.GitLabUserManagementService : Add member 1 to Gitlab group SHORT489A18930496F0468A0B8AE0702EBABADF33T36C
    23:44:29.637 | 441 ool-1-worker-205 | INFO  | .a.p.s.g.GitLabUserManagementService : Add member 1 to Gitlab group SHORTC35F79E300BBD04E050BC250826A850B2417TEFE
    23:44:29.637 | 441 ool-1-worker-205 | INFO  | .a.p.s.g.GitLabUserManagementService : Add member 1 to Gitlab group SHORT08F5E2BC0DE4B047370B6D70C75440A60CD2T360
    23:44:29.637 | 441 ool-1-worker-205 | INFO  | .a.p.s.g.GitLabUserManagementService : Add member 1 to Gitlab group SHORT45BCF1EC04ECB04980085910433C09EF95A8TDE0
    23:44:29.637 | 441 ool-1-worker-205 | INFO  | .a.p.s.g.GitLabUserManagementService : Add member 1 to Gitlab group SHORTEF853C83008A904F200A80E0EAA0CF48D3FDT0D8
    23:44:29.637 | 441 ool-1-worker-205 | INFO  | .a.p.s.g.GitLabUserManagementService : Add member 1 to Gitlab group SHORTDB85E65000286047150A514037AF72FAD42ATSTEXC
    23:44:29.637 | 441 ool-1-worker-205 | INFO  | .a.p.s.g.GitLabUserManagementService : Add member 1 to Gitlab group SHORTCBE64F44027500448908FC60227E19C86369T9DB
    23:44:29.637 | 441 ool-1-worker-205 | INFO  | .a.p.s.g.GitLabUserManagementService : Add member 1 to Gitlab group SHORTE632B5530D6BB04DEE0B00908D1E3920BBCAT640
    23:44:29.638 | 441 ool-1-worker-205 | INFO  | .a.p.s.g.GitLabUserManagementService : Add member 1 to Gitlab group SHORTCDC37B2B06472041490BD5907703E66CADD9TSTEXC
    23:44:29.638 | 441 ool-1-worker-205 | INFO  | .a.p.s.g.GitLabUserManagementService : Add member 1 to Gitlab group SHORTBF7998FE0A5E1045340BC7508AE83C43E0AFT353
    23:44:29.643 | 441 ool-1-worker-205 | INFO  | a.p.s.j.JenkinsUserManagementService : Update Jenkins permissions (add users to groups) for programming exercises: [SHORT1D2A008A0C29704FB90983203C834C268F59T284, SHORT946C69020CCA5048180BCDE023AAED3839C1TC82, SHORT4A7B29700CF49045BC0A886053CDF569874DT590, SHORTAB1C88AA065AC0495D09A97048DDA4533736TB58, SHORT489A18930496F0468A0B8AE0702EBABADF33T36C, SHORTC35F79E300BBD04E050BC250826A850B2417TEFE, SHORT08F5E2BC0DE4B047370B6D70C75440A60CD2T360, SHORT45BCF1EC04ECB04980085910433C09EF95A8TDE0, SHORTEF853C83008A904F200A80E0EAA0CF48D3FDT0D8, SHORTDB85E65000286047150A514037AF72FAD42ATSTEXC, SHORTCBE64F44027500448908FC60227E19C86369T9DB, SHORTE632B5530D6BB04DEE0B00908D1E3920BBCAT640, SHORTCDC37B2B06472041490BD5907703E66CADD9TSTEXC, SHORTBF7998FE0A5E1045340BC7508AE83C43E0AFT353]

  Starting logs for CourseGitlabJenkinsIntegrationTest > testArchiveCourseAsStudent_forbidden()
    23:44:29.692 | 441 ool-1-worker-205 | DEBUG | d.t.c.a.a.c.u.util.UserUtilService   : Generate 8 students...
    23:44:29.702 | 441 ool-1-worker-205 | DEBUG | d.t.c.a.a.c.u.util.UserUtilService   : 8 students generated. Generate 5 tutors...
    23:44:29.711 | 441 ool-1-worker-205 | DEBUG | d.t.c.a.a.c.u.util.UserUtilService   : 5 tutors generated. Generate 1 editors...
    23:44:29.715 | 441 ool-1-worker-205 | DEBUG | d.t.c.a.a.c.u.util.UserUtilService   : 1 editors generated. Generate 1 instructors...
    23:44:29.718 | 441 ool-1-worker-205 | DEBUG | d.t.c.a.a.c.u.util.UserUtilService   : 1 instructors generated
    23:44:29.720 | 441 ool-1-worker-205 | DEBUG | d.t.c.a.a.c.u.util.UserUtilService   : Removing 16 users from all courses...
    23:44:29.723 | 441 ool-1-worker-205 | DEBUG | d.t.c.a.a.c.u.util.UserUtilService   : Removing 16 users from all courses. Done
    23:44:29.723 | 441 ool-1-worker-205 | DEBUG | d.t.c.a.a.c.u.util.UserUtilService   : Save 15 users to database...
    23:44:29.739 | 441 ool-1-worker-205 | DEBUG | d.t.c.a.a.c.u.util.UserUtilService   : Save 15 users to database. Done
    23:44:29.752 | 441 ool-1-worker-205 | INFO  | i.z.t.d.l.EmbeddedDatabaseReporter   : JDBC URL to connect to 'dataSource': url='jdbc:h2:tcp://localhost:41063/mem:736625c0-cf5e-400d-aeaa-8a7eabd6262b;USER=sa', scope='CourseGitlabJenkinsIntegrationTest#testArchiveCourseAsStudent_forbidden'
    23:44:29.753 | 441 ool-1-worker-205 | DEBUG | d.t.c.a.a.c.s.f.ApiVersionFilter     : Adding Version to Request PUT /api/courses/1/archive
    23:44:29.754 | 441 ool-1-worker-205 | WARN  | o.z.p.spring.common.AdviceTraits     : Forbidden: Access Denied

  Starting logs for CourseGitlabJenkinsIntegrationTest > testCreateAndUpdateCourseWithRemoveCourseImageOnUpdate()
    23:44:29.769 | 441 ool-1-worker-205 | DEBUG | d.t.c.a.a.c.u.util.UserUtilService   : Generate 8 students...
    23:44:29.780 | 441 ool-1-worker-205 | DEBUG | d.t.c.a.a.c.u.util.UserUtilService   : 8 students generated. Generate 5 tutors...
    23:44:29.788 | 441 ool-1-worker-205 | DEBUG | d.t.c.a.a.c.u.util.UserUtilService   : 5 tutors generated. Generate 1 editors...
    23:44:29.791 | 441 ool-1-worker-205 | DEBUG | d.t.c.a.a.c.u.util.UserUtilService   : 1 editors generated. Generate 1 instructors...
    23:44:29.793 | 441 ool-1-worker-205 | DEBUG | d.t.c.a.a.c.u.util.UserUtilService   : 1 instructors generated
    23:44:29.795 | 441 ool-1-worker-205 | DEBUG | d.t.c.a.a.c.u.util.UserUtilService   : Removing 16 users from all courses...
    23:44:29.797 | 441 ool-1-worker-205 | DEBUG | d.t.c.a.a.c.u.util.UserUtilService   : Removing 16 users from all courses. Done
    23:44:29.797 | 441 ool-1-worker-205 | DEBUG | d.t.c.a.a.c.u.util.UserUtilService   : Save 15 users to database...
    23:44:29.811 | 441 ool-1-worker-205 | DEBUG | d.t.c.a.a.c.u.util.UserUtilService   : Save 15 users to database. Done
    23:44:29.823 | 441 ool-1-worker-205 | INFO  | i.z.t.d.l.EmbeddedDatabaseReporter   : JDBC URL to connect to 'dataSource': url='jdbc:h2:tcp://localhost:41063/mem:736625c0-cf5e-400d-aeaa-8a7eabd6262b;USER=sa', scope='CourseGitlabJenkinsIntegrationTest#testCreateAndUpdateCourseWithRemoveCourseImageOnUpdate'
    23:44:29.824 | 441 ool-1-worker-205 | DEBUG | d.t.c.a.a.c.s.f.ApiVersionFilter     : Adding Version to Request POST /api/admin/courses
    23:44:29.825 | 441 ool-1-worker-205 | DEBUG | d.t.c.a.a.c.w.a.AdminCourseResource  : REST request to save Course : Course{id=null, title='Course title 9567e175-bd01-45b1-b7ab-6c53b6c74d14', description='null', shortName='shortdf582107007430478b087d905d57fd7ce39a', studentGroupName='null', teachingAssistantGroupName='null', editorGroupName='null', instructorGroupName='null', startDate='null', endDate='null', enrollmentStartDate='null', enrollmentEndDate='null', unenrollmentEndDate='null', semester='null'', onlineCourse='false', color='null', courseIcon='null', enrollmentEnabled='false', unenrollmentEnabled='false', presentationScore='2', faqEnabled='false'}
    23:44:29.840 | 441 ool-1-worker-205 | DEBUG | d.t.c.a.a.c.s.f.ApiVersionFilter     : Adding Version to Request GET /api/files/course/icons/817/CourseIcon_2025-02-14T23-44-29-827_68033957.png
    23:44:29.840 | 441 ool-1-worker-205 | DEBUG | d.t.c.a.a.core.web.FileResource      : REST request to get icon for course : 817
    23:44:29.843 | 441 ool-1-worker-205 | DEBUG | d.t.c.a.a.c.s.f.ApiVersionFilter     : Adding Version to Request PUT /api/courses/817
    23:44:29.844 | 441 ool-1-worker-205 | DEBUG | d.t.c.a.a.core.web.CourseResource    : REST request to update Course : Course{id=817, title='Course title 9567e175-bd01-45b1-b7ab-6c53b6c74d14', description='null', shortName='shortdf582107007430478b087d905d57fd7ce39a', studentGroupName='artemis-shortdf582107007430478b087d905d57fd7ce39a-students', teachingAssistantGroupName='artemis-shortdf582107007430478b087d905d57fd7ce39a-tutors', editorGroupName='artemis-shortdf582107007430478b087d905d57fd7ce39a-editors', instructorGroupName='artemis-shortdf582107007430478b087d905d57fd7ce39a-instructors', startDate='null', endDate='null', enrollmentStartDate='null', enrollmentEndDate='null', unenrollmentEndDate='null', semester='null'', onlineCourse='false', color='null', courseIcon='null', enrollmentEnabled='false', unenrollmentEnabled='false', presentationScore='2', faqEnabled='false'}
    23:44:29.851 | 731 pool-3-thread-1  | INFO  | d.t.c.a.a.core.service.FileService   : Delete file uploads/images/course/icons/CourseIcon_2025-02-14T23-44-29-827_68033957.png

  Starting logs for CourseGitlabJenkinsIntegrationTest > testCleanupCourseAsStudent_forbidden()
    23:44:29.869 | 441 ool-1-worker-205 | DEBUG | d.t.c.a.a.c.u.util.UserUtilService   : Generate 8 students...
    23:44:29.881 | 441 ool-1-worker-205 | DEBUG | d.t.c.a.a.c.u.util.UserUtilService   : 8 students generated. Generate 5 tutors...
    23:44:29.888 | 441 ool-1-worker-205 | DEBUG | d.t.c.a.a.c.u.util.UserUtilService   : 5 tutors generated. Generate 1 editors...
    23:44:29.891 | 441 ool-1-worker-205 | DEBUG | d.t.c.a.a.c.u.util.UserUtilService   : 1 editors generated. Generate 1 instructors...
    23:44:29.894 | 441 ool-1-worker-205 | DEBUG | d.t.c.a.a.c.u.util.UserUtilService   : 1 instructors generated
    23:44:29.896 | 441 ool-1-worker-205 | DEBUG | d.t.c.a.a.c.u.util.UserUtilService   : Removing 16 users from all courses...
    23:44:29.949 | 441 ool-1-worker-205 | DEBUG | d.t.c.a.a.c.u.util.UserUtilService   : Removing 16 users from all courses. Done
    23:44:29.949 | 441 ool-1-worker-205 | DEBUG | d.t.c.a.a.c.u.util.UserUtilService   : Save 15 users to database...
    23:44:29.960 | 441 ool-1-worker-205 | DEBUG | d.t.c.a.a.c.u.util.UserUtilService   : Save 15 users to database. Done
    23:44:29.972 | 441 ool-1-worker-205 | INFO  | i.z.t.d.l.EmbeddedDatabaseReporter   : JDBC URL to connect to 'dataSource': url='jdbc:h2:tcp://localhost:41063/mem:736625c0-cf5e-400d-aeaa-8a7eabd6262b;USER=sa', scope='CourseGitlabJenkinsIntegrationTest#testCleanupCourseAsStudent_forbidden'
    23:44:29.973 | 441 ool-1-worker-205 | DEBUG | d.t.c.a.a.c.s.f.ApiVersionFilter     : Adding Version to Request DELETE /api/courses/1/cleanup
    23:44:29.974 | 441 ool-1-worker-205 | WARN  | o.z.p.spring.common.AdviceTraits     : Forbidden: Access Denied

  Starting logs for CourseGitlabJenkinsIntegrationTest > testGetAssessmentDashboardStats_withAssessmentsAndComplaintsAndResponses()
    23:44:30.006 | 441 ool-1-worker-205 | DEBUG | d.t.c.a.a.c.u.util.UserUtilService   : Generate 8 students...
    23:44:30.017 | 441 ool-1-worker-205 | DEBUG | d.t.c.a.a.c.u.util.UserUtilService   : 8 students generated. Generate 5 tutors...
    23:44:30.024 | 441 ool-1-worker-205 | DEBUG | d.t.c.a.a.c.u.util.UserUtilService   : 5 tutors generated. Generate 1 editors...
    23:44:30.027 | 441 ool-1-worker-205 | DEBUG | d.t.c.a.a.c.u.util.UserUtilService   : 1 editors generated. Generate 1 instructors...
    23:44:30.029 | 441 ool-1-worker-205 | DEBUG | d.t.c.a.a.c.u.util.UserUtilService   : 1 instructors generated
    23:44:30.031 | 441 ool-1-worker-205 | DEBUG | d.t.c.a.a.c.u.util.UserUtilService   : Removing 16 users from all courses...
    23:44:30.033 | 441 ool-1-worker-205 | DEBUG | d.t.c.a.a.c.u.util.UserUtilService   : Removing 16 users from all courses. Done
    23:44:30.033 | 441 ool-1-worker-205 | DEBUG | d.t.c.a.a.c.u.util.UserUtilService   : Save 15 users to database...
    23:44:30.044 | 441 ool-1-worker-205 | DEBUG | d.t.c.a.a.c.u.util.UserUtilService   : Save 15 users to database. Done
    23:44:30.055 | 441 ool-1-worker-205 | INFO  | i.z.t.d.l.EmbeddedDatabaseReporter   : JDBC URL to connect to 'dataSource': url='jdbc:h2:tcp://localhost:41063/mem:736625c0-cf5e-400d-aeaa-8a7eabd6262b;USER=sa', scope='CourseGitlabJenkinsIntegrationTest#testGetAssessmentDashboardStats_withAssessmentsAndComplaintsAndResponses'
    23:44:30.113 | 441 ool-1-worker-205 | DEBUG | .c.s.m.InstanceMessageReceiveService : Received schedule participant score for exercise 2514 and participant 689 (result to be deleted: null)
    23:44:30.114 | 441 ool-1-worker-205 | DEBUG | .a.s.ParticipantScoreScheduleService : Scheduled task for exercise 2514 and participant 689 at 2025-02-14T23:44:30.214038178Z[Etc/UTC].
    23:44:30.120 | 441 ool-1-worker-205 | DEBUG | .c.s.m.InstanceMessageReceiveService : Received schedule participant score for exercise 2514 and participant 689 (result to be deleted: null)
    23:44:30.120 | 441 ool-1-worker-205 | DEBUG | .a.s.ParticipantScoreScheduleService : Scheduled task for exercise 2514 and participant 689 at 2025-02-14T23:44:30.220056721Z[Etc/UTC].
    23:44:30.142 | 441 ool-1-worker-205 | DEBUG | .c.s.m.InstanceMessageReceiveService : Received schedule participant score for exercise 2514 and participant 690 (result to be deleted: null)
    23:44:30.142 | 441 ool-1-worker-205 | DEBUG | .a.s.ParticipantScoreScheduleService : Scheduled task for exercise 2514 and participant 690 at 2025-02-14T23:44:30.242161991Z[Etc/UTC].
    23:44:30.146 | 441 ool-1-worker-205 | DEBUG | .c.s.m.InstanceMessageReceiveService : Received schedule participant score for exercise 2514 and participant 690 (result to be deleted: null)
    23:44:30.146 | 441 ool-1-worker-205 | DEBUG | .a.s.ParticipantScoreScheduleService : Scheduled task for exercise 2514 and participant 690 at 2025-02-14T23:44:30.246258541Z[Etc/UTC].
    23:44:30.161 | 441 ool-1-worker-205 | DEBUG | .c.s.m.InstanceMessageReceiveService : Received schedule participant score for exercise 2514 and participant 691 (result to be deleted: null)
    23:44:30.161 | 441 ool-1-worker-205 | DEBUG | .a.s.ParticipantScoreScheduleService : Scheduled task for exercise 2514 and participant 691 at 2025-02-14T23:44:30.261513268Z[Etc/UTC].
    23:44:30.165 | 441 ool-1-worker-205 | DEBUG | .c.s.m.InstanceMessageReceiveService : Received schedule participant score for exercise 2514 and participant 691 (result to be deleted: null)
    23:44:30.165 | 441 ool-1-worker-205 | DEBUG | .a.s.ParticipantScoreScheduleService : Scheduled task for exercise 2514 and participant 691 at 2025-02-14T23:44:30.265383846Z[Etc/UTC].
    23:44:30.183 | 441 ool-1-worker-205 | DEBUG | .c.s.m.InstanceMessageReceiveService : Received schedule participant score for exercise 2514 and participant 692 (result to be deleted: null)
    23:44:30.183 | 441 ool-1-worker-205 | DEBUG | .a.s.ParticipantScoreScheduleService : Scheduled task for exercise 2514 and participant 692 at 2025-02-14T23:44:30.283061241Z[Etc/UTC].
    23:44:30.186 | 441 ool-1-worker-205 | DEBUG | .c.s.m.InstanceMessageReceiveService : Received schedule participant score for exercise 2514 and participant 692 (result to be deleted: null)
    23:44:30.186 | 441 ool-1-worker-205 | DEBUG | .a.s.ParticipantScoreScheduleService : Scheduled task for exercise 2514 and participant 692 at 2025-02-14T23:44:30.286926169Z[Etc/UTC].
    23:44:30.205 | 441 ool-1-worker-205 | DEBUG | .c.s.m.InstanceMessageReceiveService : Received schedule participant score for exercise 2515 and participant 689 (result to be deleted: null)
    23:44:30.205 | 441 ool-1-worker-205 | DEBUG | .a.s.ParticipantScoreScheduleService : Scheduled task for exercise 2515 and participant 689 at 2025-02-14T23:44:30.305632904Z[Etc/UTC].
    23:44:30.220 | 326 taskScheduler-1  | DEBUG | .a.s.ParticipantScoreScheduleService : Processing exercise 2514 and participant 689 to update participant scores.
    23:44:30.224 | 441 ool-1-worker-205 | DEBUG | .c.s.m.InstanceMessageReceiveService : Received schedule participant score for exercise 2515 and participant 689 (result to be deleted: null)
    23:44:30.224 | 441 ool-1-worker-205 | DEBUG | .a.s.ParticipantScoreScheduleService : Scheduled task for exercise 2515 and participant 689 at 2025-02-14T23:44:30.324984020Z[Etc/UTC].
    23:44:30.231 | 326 taskScheduler-1  | DEBUG | .a.s.ParticipantScoreScheduleService : Updated participant score 297.
    23:44:30.231 | 326 taskScheduler-1  | DEBUG | .a.s.ParticipantScoreScheduleService : Updating the participant score for exercise 2514 and participant 689 took 11 ms.
    23:44:30.246 | 327 taskScheduler-2  | DEBUG | .a.s.ParticipantScoreScheduleService : Processing exercise 2514 and participant 690 to update participant scores.
    23:44:30.253 | 327 taskScheduler-2  | DEBUG | .a.s.ParticipantScoreScheduleService : Updated participant score 298.
    23:44:30.254 | 327 taskScheduler-2  | DEBUG | .a.s.ParticipantScoreScheduleService : Updating the participant score for exercise 2514 and participant 690 took 8 ms.
    23:44:30.263 | 441 ool-1-worker-205 | DEBUG | .c.s.m.InstanceMessageReceiveService : Received schedule participant score for exercise 2515 and participant 690 (result to be deleted: null)
    23:44:30.263 | 441 ool-1-worker-205 | DEBUG | .a.s.ParticipantScoreScheduleService : Scheduled task for exercise 2515 and participant 690 at 2025-02-14T23:44:30.363978847Z[Etc/UTC].
    23:44:30.265 | 329 taskScheduler-4  | DEBUG | .a.s.ParticipantScoreScheduleService : Processing exercise 2514 and participant 691 to update participant scores.
    23:44:30.271 | 441 ool-1-worker-205 | DEBUG | .c.s.m.InstanceMessageReceiveService : Received schedule participant score for exercise 2515 and participant 690 (result to be deleted: null)
    23:44:30.271 | 441 ool-1-worker-205 | DEBUG | .a.s.ParticipantScoreScheduleService : Scheduled task for exercise 2515 and participant 690 at 2025-02-14T23:44:30.371315870Z[Etc/UTC].
    23:44:30.273 | 329 taskScheduler-4  | DEBUG | .a.s.ParticipantScoreScheduleService : Updated participant score 299.
    23:44:30.273 | 329 taskScheduler-4  | DEBUG | .a.s.ParticipantScoreScheduleService : Updating the participant score for exercise 2514 and participant 691 took 8 ms.
    23:44:30.287 | 328 taskScheduler-3  | DEBUG | .a.s.ParticipantScoreScheduleService : Processing exercise 2514 and participant 692 to update participant scores.
    23:44:30.296 | 328 taskScheduler-3  | DEBUG | .a.s.ParticipantScoreScheduleService : Updated participant score 300.
    23:44:30.296 | 328 taskScheduler-3  | DEBUG | .a.s.ParticipantScoreScheduleService : Updating the participant score for exercise 2514 and participant 692 took 9 ms.
    23:44:30.309 | 441 ool-1-worker-205 | DEBUG | .c.s.m.InstanceMessageReceiveService : Received schedule participant score for exercise 2515 and participant 691 (result to be deleted: null)
    23:44:30.309 | 441 ool-1-worker-205 | DEBUG | .a.s.ParticipantScoreScheduleService : Scheduled task for exercise 2515 and participant 691 at 2025-02-14T23:44:30.409700391Z[Etc/UTC].
    23:44:30.316 | 441 ool-1-worker-205 | DEBUG | .c.s.m.InstanceMessageReceiveService : Received schedule participant score for exercise 2515 and participant 691 (result to be deleted: null)
    23:44:30.316 | 441 ool-1-worker-205 | DEBUG | .a.s.ParticipantScoreScheduleService : Scheduled task for exercise 2515 and participant 691 at 2025-02-14T23:44:30.416544234Z[Etc/UTC].
    23:44:30.330 | 326 taskScheduler-1  | DEBUG | .a.s.ParticipantScoreScheduleService : Processing exercise 2515 and participant 689 to update participant scores.
    23:44:30.333 | 441 ool-1-worker-205 | DEBUG | .c.s.m.InstanceMessageReceiveService : Received schedule participant score for exercise 2515 and participant 692 (result to be deleted: null)
    23:44:30.333 | 441 ool-1-worker-205 | DEBUG | .a.s.ParticipantScoreScheduleService : Scheduled task for exercise 2515 and participant 692 at 2025-02-14T23:44:30.433259946Z[Etc/UTC].
    23:44:30.335 | 326 taskScheduler-1  | DEBUG | .a.s.ParticipantScoreScheduleService : Updated participant score 301.
    23:44:30.336 | 326 taskScheduler-1  | DEBUG | .a.s.ParticipantScoreScheduleService : Updating the participant score for exercise 2515 and participant 689 took 6 ms.
    23:44:30.339 | 441 ool-1-worker-205 | DEBUG | .c.s.m.InstanceMessageReceiveService : Received schedule participant score for exercise 2515 and participant 692 (result to be deleted: null)
    23:44:30.339 | 441 ool-1-worker-205 | DEBUG | .a.s.ParticipantScoreScheduleService : Scheduled task for exercise 2515 and participant 692 at 2025-02-14T23:44:30.439888517Z[Etc/UTC].
    23:44:30.364 | 441 ool-1-worker-205 | DEBUG | .c.s.m.InstanceMessageReceiveService : Received schedule participant score for exercise 2516 and participant 689 (result to be deleted: null)
    23:44:30.364 | 441 ool-1-worker-205 | DEBUG | .a.s.ParticipantScoreScheduleService : Scheduled task for exercise 2516 and participant 689 at 2025-02-14T23:44:30.464929266Z[Etc/UTC].
    23:44:30.371 | 441 ool-1-worker-205 | DEBUG | .c.s.m.InstanceMessageReceiveService : Received schedule participant score for exercise 2516 and participant 689 (result to be deleted: null)
    23:44:30.371 | 441 ool-1-worker-205 | DEBUG | .a.s.ParticipantScoreScheduleService : Scheduled task for exercise 2516 and participant 689 at 2025-02-14T23:44:30.471162520Z[Etc/UTC].
    23:44:30.371 | 326 taskScheduler-1  | DEBUG | .a.s.ParticipantScoreScheduleService : Processing exercise 2515 and participant 690 to update participant scores.
    23:44:30.379 | 326 taskScheduler-1  | DEBUG | .a.s.ParticipantScoreScheduleService : Updated participant score 302.
    23:44:30.379 | 326 taskScheduler-1  | DEBUG | .a.s.ParticipantScoreScheduleService : Updating the participant score for exercise 2515 and participant 690 took 8 ms.
    23:44:30.416 | 329 taskScheduler-4  | DEBUG | .a.s.ParticipantScoreScheduleService : Processing exercise 2515 and participant 691 to update participant scores.
    23:44:30.422 | 441 ool-1-worker-205 | DEBUG | .c.s.m.InstanceMessageReceiveService : Received schedule participant score for exercise 2516 and participant 690 (result to be deleted: null)
    23:44:30.422 | 441 ool-1-worker-205 | DEBUG | .a.s.ParticipantScoreScheduleService : Scheduled task for exercise 2516 and participant 690 at 2025-02-14T23:44:30.522355646Z[Etc/UTC].
    23:44:30.422 | 329 taskScheduler-4  | DEBUG | .a.s.ParticipantScoreScheduleService : Updated participant score 303.
    23:44:30.422 | 329 taskScheduler-4  | DEBUG | .a.s.ParticipantScoreScheduleService : Updating the participant score for exercise 2515 and participant 691 took 6 ms.
    23:44:30.428 | 441 ool-1-worker-205 | DEBUG | .c.s.m.InstanceMessageReceiveService : Received schedule participant score for exercise 2516 and participant 690 (result to be deleted: null)
    23:44:30.428 | 441 ool-1-worker-205 | DEBUG | .a.s.ParticipantScoreScheduleService : Scheduled task for exercise 2516 and participant 690 at 2025-02-14T23:44:30.528278671Z[Etc/UTC].
    23:44:30.439 | 328 taskScheduler-3  | DEBUG | .a.s.ParticipantScoreScheduleService : Processing exercise 2515 and participant 692 to update participant scores.
    23:44:30.448 | 328 taskScheduler-3  | DEBUG | .a.s.ParticipantScoreScheduleService : Updated participant score 304.
    23:44:30.449 | 328 taskScheduler-3  | DEBUG | .a.s.ParticipantScoreScheduleService : Updating the participant score for exercise 2515 and participant 692 took 10 ms.
    23:44:30.450 | 441 ool-1-worker-205 | DEBUG | .c.s.m.InstanceMessageReceiveService : Received schedule participant score for exercise 2516 and participant 691 (result to be deleted: null)
    23:44:30.450 | 441 ool-1-worker-205 | DEBUG | .a.s.ParticipantScoreScheduleService : Scheduled task for exercise 2516 and participant 691 at 2025-02-14T23:44:30.550712066Z[Etc/UTC].
    23:44:30.458 | 441 ool-1-worker-205 | DEBUG | .c.s.m.InstanceMessageReceiveService : Received schedule participant score for exercise 2516 and participant 691 (result to be deleted: null)
    23:44:30.458 | 441 ool-1-worker-205 | DEBUG | .a.s.ParticipantScoreScheduleService : Scheduled task for exercise 2516 and participant 691 at 2025-02-14T23:44:30.558120972Z[Etc/UTC].
    23:44:30.471 | 327 taskScheduler-2  | DEBUG | .a.s.ParticipantScoreScheduleService : Processing exercise 2516 and participant 689 to update participant scores.
    23:44:30.478 | 327 taskScheduler-2  | DEBUG | .a.s.ParticipantScoreScheduleService : Updated participant score 305.
    23:44:30.478 | 327 taskScheduler-2  | DEBUG | .a.s.ParticipantScoreScheduleService : Updating the participant score for exercise 2516 and participant 689 took 7 ms.
    23:44:30.480 | 441 ool-1-worker-205 | DEBUG | .c.s.m.InstanceMessageReceiveService : Received schedule participant score for exercise 2516 and participant 692 (result to be deleted: null)
    23:44:30.480 | 441 ool-1-worker-205 | DEBUG | .a.s.ParticipantScoreScheduleService : Scheduled task for exercise 2516 and participant 692 at 2025-02-14T23:44:30.580576929Z[Etc/UTC].
    23:44:30.486 | 441 ool-1-worker-205 | DEBUG | .c.s.m.InstanceMessageReceiveService : Received schedule participant score for exercise 2516 and participant 692 (result to be deleted: null)
    23:44:30.486 | 441 ool-1-worker-205 | DEBUG | .a.s.ParticipantScoreScheduleService : Scheduled task for exercise 2516 and participant 692 at 2025-02-14T23:44:30.586461262Z[Etc/UTC].
    23:44:30.513 | 441 ool-1-worker-205 | DEBUG | .c.s.m.InstanceMessageReceiveService : Received schedule participant score for exercise 2517 and participant 689 (result to be deleted: null)
    23:44:30.514 | 441 ool-1-worker-205 | DEBUG | .a.s.ParticipantScoreScheduleService : Scheduled task for exercise 2517 and participant 689 at 2025-02-14T23:44:30.614008110Z[Etc/UTC].
    23:44:30.520 | 441 ool-1-worker-205 | DEBUG | .c.s.m.InstanceMessageReceiveService : Received schedule participant score for exercise 2517 and participant 689 (result to be deleted: null)
    23:44:30.520 | 441 ool-1-worker-205 | DEBUG | .a.s.ParticipantScoreScheduleService : Scheduled task for exercise 2517 and participant 689 at 2025-02-14T23:44:30.620292088Z[Etc/UTC].
    23:44:30.528 | 326 taskScheduler-1  | DEBUG | .a.s.ParticipantScoreScheduleService : Processing exercise 2516 and participant 690 to update participant scores.
    23:44:30.539 | 326 taskScheduler-1  | DEBUG | .a.s.ParticipantScoreScheduleService : Updated participant score 306.
    23:44:30.539 | 326 taskScheduler-1  | DEBUG | .a.s.ParticipantScoreScheduleService : Updating the participant score for exercise 2516 and participant 690 took 11 ms.
    23:44:30.552 | 441 ool-1-worker-205 | DEBUG | .c.s.m.InstanceMessageReceiveService : Received schedule participant score for exercise 2517 and participant 690 (result to be deleted: null)
    23:44:30.552 | 441 ool-1-worker-205 | DEBUG | .a.s.ParticipantScoreScheduleService : Scheduled task for exercise 2517 and participant 690 at 2025-02-14T23:44:30.652236158Z[Etc/UTC].
    23:44:30.558 | 329 taskScheduler-4  | DEBUG | .a.s.ParticipantScoreScheduleService : Processing exercise 2516 and participant 691 to update participant scores.
    23:44:30.558 | 441 ool-1-worker-205 | DEBUG | .c.s.m.InstanceMessageReceiveService : Received schedule participant score for exercise 2517 and participant 690 (result to be deleted: null)
    23:44:30.558 | 441 ool-1-worker-205 | DEBUG | .a.s.ParticipantScoreScheduleService : Scheduled task for exercise 2517 and participant 690 at 2025-02-14T23:44:30.658530116Z[Etc/UTC].
    23:44:30.568 | 329 taskScheduler-4  | DEBUG | .a.s.ParticipantScoreScheduleService : Updated participant score 307.
    23:44:30.569 | 329 taskScheduler-4  | DEBUG | .a.s.ParticipantScoreScheduleService : Updating the participant score for exercise 2516 and participant 691 took 11 ms.
    23:44:30.586 | 328 taskScheduler-3  | DEBUG | .a.s.ParticipantScoreScheduleService : Processing exercise 2516 and participant 692 to update participant scores.
    23:44:30.588 | 441 ool-1-worker-205 | DEBUG | .c.s.m.InstanceMessageReceiveService : Received schedule participant score for exercise 2517 and participant 691 (result to be deleted: null)
    23:44:30.588 | 441 ool-1-worker-205 | DEBUG | .a.s.ParticipantScoreScheduleService : Scheduled task for exercise 2517 and participant 691 at 2025-02-14T23:44:30.688367046Z[Etc/UTC].
    23:44:30.595 | 441 ool-1-worker-205 | DEBUG | .c.s.m.InstanceMessageReceiveService : Received schedule participant score for exercise 2517 and participant 691 (result to be deleted: null)
    23:44:30.595 | 441 ool-1-worker-205 | DEBUG | .a.s.ParticipantScoreScheduleService : Scheduled task for exercise 2517 and participant 691 at 2025-02-14T23:44:30.695135218Z[Etc/UTC].
    23:44:30.601 | 328 taskScheduler-3  | DEBUG | .a.s.ParticipantScoreScheduleService : Updated participant score 308.
    23:44:30.601 | 328 taskScheduler-3  | DEBUG | .a.s.ParticipantScoreScheduleService : Updating the participant score for exercise 2516 and participant 692 took 15 ms.
    23:44:30.616 | 441 ool-1-worker-205 | DEBUG | .c.s.m.InstanceMessageReceiveService : Received schedule participant score for exercise 2517 and participant 692 (result to be deleted: null)
    23:44:30.616 | 441 ool-1-worker-205 | DEBUG | .a.s.ParticipantScoreScheduleService : Scheduled task for exercise 2517 and participant 692 at 2025-02-14T23:44:30.716614753Z[Etc/UTC].
    23:44:30.620 | 327 taskScheduler-2  | DEBUG | .a.s.ParticipantScoreScheduleService : Processing exercise 2517 and participant 689 to update participant scores.
    23:44:30.627 | 441 ool-1-worker-205 | DEBUG | .c.s.m.InstanceMessageReceiveService : Received schedule participant score for exercise 2517 and participant 692 (result to be deleted: null)
    23:44:30.627 | 441 ool-1-worker-205 | DEBUG | .a.s.ParticipantScoreScheduleService : Scheduled task for exercise 2517 and participant 692 at 2025-02-14T23:44:30.727724721Z[Etc/UTC].
    23:44:30.636 | 327 taskScheduler-2  | DEBUG | .a.s.ParticipantScoreScheduleService : Updated participant score 309.
    23:44:30.637 | 327 taskScheduler-2  | DEBUG | .a.s.ParticipantScoreScheduleService : Updating the participant score for exercise 2517 and participant 689 took 17 ms.
    23:44:30.646 | 441 ool-1-worker-205 | DEBUG | .c.s.m.InstanceMessageReceiveService : Received schedule participant score for exercise 2518 and participant 689 (result to be deleted: null)
    23:44:30.646 | 441 ool-1-worker-205 | DEBUG | .a.s.ParticipantScoreScheduleService : Scheduled task for exercise 2518 and participant 689 at 2025-02-14T23:44:30.746781859Z[Etc/UTC].
    23:44:30.653 | 441 ool-1-worker-205 | DEBUG | .c.s.m.InstanceMessageReceiveService : Received schedule participant score for exercise 2518 and participant 689 (result to be deleted: null)
    23:44:30.653 | 441 ool-1-worker-205 | DEBUG | .a.s.ParticipantScoreScheduleService : Scheduled task for exercise 2518 and participant 689 at 2025-02-14T23:44:30.753504186Z[Etc/UTC].
    23:44:30.659 | 326 taskScheduler-1  | DEBUG | .a.s.ParticipantScoreScheduleService : Processing exercise 2517 and participant 690 to update participant scores.
    23:44:30.668 | 326 taskScheduler-1  | DEBUG | .a.s.ParticipantScoreScheduleService : Updated participant score 310.
    23:44:30.673 | 326 taskScheduler-1  | DEBUG | .a.s.ParticipantScoreScheduleService : Updating the participant score for exercise 2517 and participant 690 took 14 ms.
    23:44:30.676 | 441 ool-1-worker-205 | DEBUG | .c.s.m.InstanceMessageReceiveService : Received schedule participant score for exercise 2518 and participant 690 (result to be deleted: null)
    23:44:30.676 | 441 ool-1-worker-205 | DEBUG | .a.s.ParticipantScoreScheduleService : Scheduled task for exercise 2518 and participant 690 at 2025-02-14T23:44:30.776292812Z[Etc/UTC].
    23:44:30.685 | 441 ool-1-worker-205 | DEBUG | .c.s.m.InstanceMessageReceiveService : Received schedule participant score for exercise 2518 and participant 690 (result to be deleted: null)
    23:44:30.685 | 441 ool-1-worker-205 | DEBUG | .a.s.ParticipantScoreScheduleService : Scheduled task for exercise 2518 and participant 690 at 2025-02-14T23:44:30.785802346Z[Etc/UTC].
    23:44:30.695 | 329 taskScheduler-4  | DEBUG | .a.s.ParticipantScoreScheduleService : Processing exercise 2517 and participant 691 to update participant scores.
    23:44:30.701 | 329 taskScheduler-4  | DEBUG | .a.s.ParticipantScoreScheduleService : Updated participant score 311.
    23:44:30.702 | 329 taskScheduler-4  | DEBUG | .a.s.ParticipantScoreScheduleService : Updating the participant score for exercise 2517 and participant 691 took 7 ms.
    23:44:30.702 | 441 ool-1-worker-205 | DEBUG | .c.s.m.InstanceMessageReceiveService : Received schedule participant score for exercise 2518 and participant 691 (result to be deleted: null)
    23:44:30.702 | 441 ool-1-worker-205 | DEBUG | .a.s.ParticipantScoreScheduleService : Scheduled task for exercise 2518 and participant 691 at 2025-02-14T23:44:30.802826263Z[Etc/UTC].
    23:44:30.713 | 441 ool-1-worker-205 | DEBUG | .c.s.m.InstanceMessageReceiveService : Received schedule participant score for exercise 2518 and participant 691 (result to be deleted: null)
    23:44:30.713 | 441 ool-1-worker-205 | DEBUG | .a.s.ParticipantScoreScheduleService : Scheduled task for exercise 2518 and participant 691 at 2025-02-14T23:44:30.813633957Z[Etc/UTC].
    23:44:30.727 | 328 taskScheduler-3  | DEBUG | .a.s.ParticipantScoreScheduleService : Processing exercise 2517 and participant 692 to update participant scores.
    23:44:30.729 | 441 ool-1-worker-205 | DEBUG | .c.s.m.InstanceMessageReceiveService : Received schedule participant score for exercise 2518 and participant 692 (result to be deleted: null)
    23:44:30.729 | 441 ool-1-worker-205 | DEBUG | .a.s.ParticipantScoreScheduleService : Scheduled task for exercise 2518 and participant 692 at 2025-02-14T23:44:30.829981603Z[Etc/UTC].
    23:44:30.736 | 441 ool-1-worker-205 | DEBUG | .c.s.m.InstanceMessageReceiveService : Received schedule participant score for exercise 2518 and participant 692 (result to be deleted: null)
    23:44:30.736 | 441 ool-1-worker-205 | DEBUG | .a.s.ParticipantScoreScheduleService : Scheduled task for exercise 2518 and participant 692 at 2025-02-14T23:44:30.836081328Z[Etc/UTC].
    23:44:30.744 | 328 taskScheduler-3  | DEBUG | .a.s.ParticipantScoreScheduleService : Updated participant score 312.
    23:44:30.747 | 328 taskScheduler-3  | DEBUG | .a.s.ParticipantScoreScheduleService : Updating the participant score for exercise 2517 and participant 692 took 20 ms.
    23:44:30.753 | 327 taskScheduler-2  | DEBUG | .a.s.ParticipantScoreScheduleService : Processing exercise 2518 and participant 689 to update participant scores.
    23:44:30.761 | 441 ool-1-worker-205 | DEBUG | .c.s.m.InstanceMessageReceiveService : Received schedule participant score for exercise 2519 and participant 689 (result to be deleted: null)
    23:44:30.761 | 441 ool-1-worker-205 | DEBUG | .a.s.ParticipantScoreScheduleService : Scheduled task for exercise 2519 and participant 689 at 2025-02-14T23:44:30.861736560Z[Etc/UTC].
    23:44:30.762 | 327 taskScheduler-2  | DEBUG | .a.s.ParticipantScoreScheduleService : Updated participant score 313.
    23:44:30.762 | 327 taskScheduler-2  | DEBUG | .a.s.ParticipantScoreScheduleService : Updating the participant score for exercise 2518 and participant 689 took 9 ms.
    23:44:30.768 | 441 ool-1-worker-205 | DEBUG | .c.s.m.InstanceMessageReceiveService : Received schedule participant score for exercise 2519 and participant 689 (result to be deleted: null)
    23:44:30.768 | 441 ool-1-worker-205 | DEBUG | .a.s.ParticipantScoreScheduleService : Scheduled task for exercise 2519 and participant 689 at 2025-02-14T23:44:30.868444419Z[Etc/UTC].
    23:44:30.785 | 326 taskScheduler-1  | DEBUG | .a.s.ParticipantScoreScheduleService : Processing exercise 2518 and participant 690 to update participant scores.
    23:44:30.790 | 326 taskScheduler-1  | DEBUG | .a.s.ParticipantScoreScheduleService : Updated participant score 314.
    23:44:30.791 | 326 taskScheduler-1  | DEBUG | .a.s.ParticipantScoreScheduleService : Updating the participant score for exercise 2518 and participant 690 took 6 ms.
    23:44:30.795 | 441 ool-1-worker-205 | DEBUG | .c.s.m.InstanceMessageReceiveService : Received schedule participant score for exercise 2519 and participant 690 (result to be deleted: null)
    23:44:30.795 | 441 ool-1-worker-205 | DEBUG | .a.s.ParticipantScoreScheduleService : Scheduled task for exercise 2519 and participant 690 at 2025-02-14T23:44:30.895187100Z[Etc/UTC].
    23:44:30.801 | 441 ool-1-worker-205 | DEBUG | .c.s.m.InstanceMessageReceiveService : Received schedule participant score for exercise 2519 and participant 690 (result to be deleted: null)
    23:44:30.801 | 441 ool-1-worker-205 | DEBUG | .a.s.ParticipantScoreScheduleService : Scheduled task for exercise 2519 and participant 690 at 2025-02-14T23:44:30.901566887Z[Etc/UTC].
    23:44:30.813 | 329 taskScheduler-4  | DEBUG | .a.s.ParticipantScoreScheduleService : Processing exercise 2518 and participant 691 to update participant scores.
    23:44:30.817 | 329 taskScheduler-4  | DEBUG | .a.s.ParticipantScoreScheduleService : Updated participant score 315.
    23:44:30.820 | 329 taskScheduler-4  | DEBUG | .a.s.ParticipantScoreScheduleService : Updating the participant score for exercise 2518 and participant 691 took 7 ms.
    23:44:30.827 | 441 ool-1-worker-205 | DEBUG | .c.s.m.InstanceMessageReceiveService : Received schedule participant score for exercise 2519 and participant 691 (result to be deleted: null)
    23:44:30.827 | 441 ool-1-worker-205 | DEBUG | .a.s.ParticipantScoreScheduleService : Scheduled task for exercise 2519 and participant 691 at 2025-02-14T23:44:30.927145346Z[Etc/UTC].
    23:44:30.832 | 441 ool-1-worker-205 | DEBUG | .c.s.m.InstanceMessageReceiveService : Received schedule participant score for exercise 2519 and participant 691 (result to be deleted: null)
    23:44:30.832 | 441 ool-1-worker-205 | DEBUG | .a.s.ParticipantScoreScheduleService : Scheduled task for exercise 2519 and participant 691 at 2025-02-14T23:44:30.932823365Z[Etc/UTC].
    23:44:30.836 | 328 taskScheduler-3  | DEBUG | .a.s.ParticipantScoreScheduleService : Processing exercise 2518 and participant 692 to update participant scores.
    23:44:30.844 | 328 taskScheduler-3  | DEBUG | .a.s.ParticipantScoreScheduleService : Updated participant score 316.
    23:44:30.845 | 328 taskScheduler-3  | DEBUG | .a.s.ParticipantScoreScheduleService : Updating the participant score for exercise 2518 and participant 692 took 9 ms.
    23:44:30.853 | 441 ool-1-worker-205 | DEBUG | .c.s.m.InstanceMessageReceiveService : Received schedule participant score for exercise 2519 and participant 692 (result to be deleted: null)
    23:44:30.853 | 441 ool-1-worker-205 | DEBUG | .a.s.ParticipantScoreScheduleService : Scheduled task for exercise 2519 and participant 692 at 2025-02-14T23:44:30.953232625Z[Etc/UTC].
    23:44:30.858 | 441 ool-1-worker-205 | DEBUG | .c.s.m.InstanceMessageReceiveService : Received schedule participant score for exercise 2519 and participant 692 (result to be deleted: null)
    23:44:30.858 | 441 ool-1-worker-205 | DEBUG | .a.s.ParticipantScoreScheduleService : Scheduled task for exercise 2519 and participant 692 at 2025-02-14T23:44:30.958868725Z[Etc/UTC].
    23:44:30.860 | 441 ool-1-worker-205 | DEBUG | d.t.c.a.a.c.s.f.ApiVersionFilter     : Adding Version to Request GET /api/courses/818/stats-for-assessment-dashboard
    23:44:30.868 | 327 taskScheduler-2  | DEBUG | .a.s.ParticipantScoreScheduleService : Processing exercise 2519 and participant 689 to update participant scores.
    23:44:30.878 | 327 taskScheduler-2  | DEBUG | .a.s.ParticipantScoreScheduleService : Updated participant score 317.
    23:44:30.878 | 327 taskScheduler-2  | DEBUG | .a.s.ParticipantScoreScheduleService : Updating the participant score for exercise 2519 and participant 689 took 10 ms.

  Starting logs for CourseGitlabJenkinsIntegrationTest > testGetCourseManagementDetailData()
    23:44:30.916 | 441 ool-1-worker-205 | DEBUG | d.t.c.a.a.c.u.util.UserUtilService   : Generate 8 students...
    23:44:30.939 | 441 ool-1-worker-205 | DEBUG | d.t.c.a.a.c.u.util.UserUtilService   : 8 students generated. Generate 5 tutors...
    23:44:30.950 | 441 ool-1-worker-205 | DEBUG | d.t.c.a.a.c.u.util.UserUtilService   : 5 tutors generated. Generate 1 editors...
    23:44:30.953 | 441 ool-1-worker-205 | DEBUG | d.t.c.a.a.c.u.util.UserUtilService   : 1 editors generated. Generate 1 instructors...
    23:44:30.955 | 441 ool-1-worker-205 | DEBUG | d.t.c.a.a.c.u.util.UserUtilService   : 1 instructors generated
    23:44:30.957 | 441 ool-1-worker-205 | DEBUG | d.t.c.a.a.c.u.util.UserUtilService   : Removing 16 users from all courses...
    23:44:30.959 | 441 ool-1-worker-205 | DEBUG | d.t.c.a.a.c.u.util.UserUtilService   : Removing 16 users from all courses. Done
    23:44:30.959 | 441 ool-1-worker-205 | DEBUG | d.t.c.a.a.c.u.util.UserUtilService   : Save 15 users to database...
    23:44:30.969 | 441 ool-1-worker-205 | DEBUG | d.t.c.a.a.c.u.util.UserUtilService   : Save 15 users to database. Done
    23:44:30.980 | 441 ool-1-worker-205 | INFO  | i.z.t.d.l.EmbeddedDatabaseReporter   : JDBC URL to connect to 'dataSource': url='jdbc:h2:tcp://localhost:41063/mem:736625c0-cf5e-400d-aeaa-8a7eabd6262b;USER=sa', scope='CourseGitlabJenkinsIntegrationTest#testGetCourseManagementDetailData'
    23:44:31.056 | 441 ool-1-worker-205 | DEBUG | .c.s.m.InstanceMessageReceiveService : Received schedule participant score for exercise 2520 and participant 689 (result to be deleted: null)
    23:44:31.056 | 441 ool-1-worker-205 | DEBUG | .a.s.ParticipantScoreScheduleService : Scheduled task for exercise 2520 and participant 689 at 2025-02-14T23:44:31.156172665Z[Etc/UTC].
    23:44:31.056 | 441 ool-1-worker-205 | DEBUG | .c.s.m.InstanceMessageReceiveService : Received schedule participant score for exercise 2520 and participant 689 (result to be deleted: null)
    23:44:31.056 | 441 ool-1-worker-205 | DEBUG | .a.s.ParticipantScoreScheduleService : Scheduled task for exercise 2520 and participant 689 at 2025-02-14T23:44:31.156729353Z[Etc/UTC].
    23:44:31.057 | 441 ool-1-worker-205 | DEBUG | .c.s.m.InstanceMessageReceiveService : Received schedule participant score for exercise 2521 and participant 689 (result to be deleted: null)
    23:44:31.057 | 441 ool-1-worker-205 | DEBUG | .a.s.ParticipantScoreScheduleService : Scheduled task for exercise 2521 and participant 689 at 2025-02-14T23:44:31.157248120Z[Etc/UTC].
    23:44:31.057 | 441 ool-1-worker-205 | DEBUG | .c.s.m.InstanceMessageReceiveService : Received schedule participant score for exercise 2523 and participant 689 (result to be deleted: null)
    23:44:31.057 | 441 ool-1-worker-205 | DEBUG | .a.s.ParticipantScoreScheduleService : Scheduled task for exercise 2523 and participant 689 at 2025-02-14T23:44:31.157810910Z[Etc/UTC].
    23:44:31.058 | 441 ool-1-worker-205 | DEBUG | .c.s.m.InstanceMessageReceiveService : Received schedule participant score for exercise 2523 and participant 689 (result to be deleted: null)
    23:44:31.058 | 441 ool-1-worker-205 | DEBUG | .a.s.ParticipantScoreScheduleService : Scheduled task for exercise 2523 and participant 689 at 2025-02-14T23:44:31.158411400Z[Etc/UTC].
    23:44:31.069 | 441 ool-1-worker-205 | DEBUG | .c.s.m.InstanceMessageReceiveService : Received schedule participant score for exercise 2520 and participant 689 (result to be deleted: null)
    23:44:31.069 | 441 ool-1-worker-205 | DEBUG | .a.s.ParticipantScoreScheduleService : Scheduled task for exercise 2520 and participant 689 at 2025-02-14T23:44:31.169183818Z[Etc/UTC].
    23:44:31.080 | 441 ool-1-worker-205 | DEBUG | .c.s.m.InstanceMessageReceiveService : Received schedule participant score for exercise 2520 and participant 689 (result to be deleted: null)
    23:44:31.080 | 441 ool-1-worker-205 | DEBUG | .a.s.ParticipantScoreScheduleService : Scheduled task for exercise 2520 and participant 689 at 2025-02-14T23:44:31.180472820Z[Etc/UTC].
    23:44:31.091 | 441 ool-1-worker-205 | DEBUG | .c.s.m.InstanceMessageReceiveService : Received schedule participant score for exercise 2521 and participant 689 (result to be deleted: null)
    23:44:31.091 | 441 ool-1-worker-205 | DEBUG | .a.s.ParticipantScoreScheduleService : Scheduled task for exercise 2521 and participant 689 at 2025-02-14T23:44:31.191770178Z[Etc/UTC].
    23:44:31.102 | 441 ool-1-worker-205 | DEBUG | .c.s.m.InstanceMessageReceiveService : Received schedule participant score for exercise 2523 and participant 689 (result to be deleted: null)
    23:44:31.102 | 441 ool-1-worker-205 | DEBUG | .a.s.ParticipantScoreScheduleService : Scheduled task for exercise 2523 and participant 689 at 2025-02-14T23:44:31.202449603Z[Etc/UTC].
    23:44:31.113 | 441 ool-1-worker-205 | DEBUG | .c.s.m.InstanceMessageReceiveService : Received schedule participant score for exercise 2523 and participant 689 (result to be deleted: null)
    23:44:31.113 | 441 ool-1-worker-205 | DEBUG | .a.s.ParticipantScoreScheduleService : Scheduled task for exercise 2523 and participant 689 at 2025-02-14T23:44:31.213067444Z[Etc/UTC].
    23:44:31.134 | 441 ool-1-worker-205 | DEBUG | .c.s.m.InstanceMessageReceiveService : Received schedule participant score for exercise 2525 and participant 712 (result to be deleted: null)
    23:44:31.134 | 441 ool-1-worker-205 | DEBUG | .a.s.ParticipantScoreScheduleService : Scheduled task for exercise 2525 and participant 712 at 2025-02-14T23:44:31.234353218Z[Etc/UTC].
    23:44:31.147 | 441 ool-1-worker-205 | DEBUG | .c.s.m.InstanceMessageReceiveService : Received schedule participant score for exercise 2525 and participant 713 (result to be deleted: null)
    23:44:31.147 | 441 ool-1-worker-205 | DEBUG | .a.s.ParticipantScoreScheduleService : Scheduled task for exercise 2525 and participant 713 at 2025-02-14T23:44:31.247592266Z[Etc/UTC].
    23:44:31.171 | 441 ool-1-worker-205 | DEBUG | .c.s.m.InstanceMessageReceiveService : Received schedule participant score for exercise 2526 and participant 712 (result to be deleted: null)
    23:44:31.171 | 441 ool-1-worker-205 | DEBUG | .a.s.ParticipantScoreScheduleService : Scheduled task for exercise 2526 and participant 712 at 2025-02-14T23:44:31.271616948Z[Etc/UTC].
    23:44:31.180 | 329 taskScheduler-4  | DEBUG | .a.s.ParticipantScoreScheduleService : Processing exercise 2520 and participant 689 to update participant scores.
    23:44:31.189 | 329 taskScheduler-4  | DEBUG | .a.s.ParticipantScoreScheduleService : Updating the participant score for exercise 2520 and participant 689 took 9 ms.
    23:44:31.191 | 328 taskScheduler-3  | DEBUG | .a.s.ParticipantScoreScheduleService : Processing exercise 2521 and participant 689 to update participant scores.
    23:44:31.194 | 441 ool-1-worker-205 | DEBUG | .c.s.m.InstanceMessageReceiveService : Received schedule participant score for exercise 2526 and participant 713 (result to be deleted: null)
    23:44:31.194 | 441 ool-1-worker-205 | DEBUG | .a.s.ParticipantScoreScheduleService : Scheduled task for exercise 2526 and participant 713 at 2025-02-14T23:44:31.294286213Z[Etc/UTC].
    23:44:31.197 | 328 taskScheduler-3  | DEBUG | .a.s.ParticipantScoreScheduleService : Updating the participant score for exercise 2521 and participant 689 took 6 ms.
    23:44:31.205 | 441 ool-1-worker-205 | DEBUG | .c.s.m.InstanceMessageReceiveService : Received schedule participant score for exercise 2525 and participant 712 (result to be deleted: null)
    23:44:31.205 | 441 ool-1-worker-205 | DEBUG | .a.s.ParticipantScoreScheduleService : Scheduled task for exercise 2525 and participant 712 at 2025-02-14T23:44:31.305656386Z[Etc/UTC].
    23:44:31.213 | 326 taskScheduler-1  | DEBUG | .a.s.ParticipantScoreScheduleService : Processing exercise 2523 and participant 689 to update participant scores.
    23:44:31.215 | 441 ool-1-worker-205 | DEBUG | .c.s.m.InstanceMessageReceiveService : Received schedule participant score for exercise 2526 and participant 712 (result to be deleted: null)
    23:44:31.215 | 441 ool-1-worker-205 | DEBUG | .a.s.ParticipantScoreScheduleService : Scheduled task for exercise 2526 and participant 712 at 2025-02-14T23:44:31.315440622Z[Etc/UTC].
    23:44:31.221 | 326 taskScheduler-1  | DEBUG | .a.s.ParticipantScoreScheduleService : Updating the participant score for exercise 2523 and participant 689 took 8 ms.
    23:44:31.225 | 441 ool-1-worker-205 | DEBUG | .c.s.m.InstanceMessageReceiveService : Received schedule participant score for exercise 2525 and participant 713 (result to be deleted: null)
    23:44:31.225 | 441 ool-1-worker-205 | DEBUG | .a.s.ParticipantScoreScheduleService : Scheduled task for exercise 2525 and participant 713 at 2025-02-14T23:44:31.325174895Z[Etc/UTC].
    23:44:31.235 | 441 ool-1-worker-205 | DEBUG | .c.s.m.InstanceMessageReceiveService : Received schedule participant score for exercise 2526 and participant 713 (result to be deleted: null)
    23:44:31.235 | 441 ool-1-worker-205 | DEBUG | .a.s.ParticipantScoreScheduleService : Scheduled task for exercise 2526 and participant 713 at 2025-02-14T23:44:31.335227170Z[Etc/UTC].
    23:44:31.241 | 441 ool-1-worker-205 | DEBUG | .c.s.m.InstanceMessageReceiveService : Received schedule participant score for exercise 2525 and participant 712 (result to be deleted: null)
    23:44:31.241 | 441 ool-1-worker-205 | DEBUG | .a.s.ParticipantScoreScheduleService : Scheduled task for exercise 2525 and participant 712 at 2025-02-14T23:44:31.341605785Z[Etc/UTC].
    23:44:31.247 | 441 ool-1-worker-205 | DEBUG | .c.s.m.InstanceMessageReceiveService : Received schedule participant score for exercise 2525 and participant 713 (result to be deleted: null)
    23:44:31.247 | 441 ool-1-worker-205 | DEBUG | .a.s.ParticipantScoreScheduleService : Scheduled task for exercise 2525 and participant 713 at 2025-02-14T23:44:31.347712754Z[Etc/UTC].
    23:44:31.260 | 441 ool-1-worker-205 | DEBUG | .c.s.m.InstanceMessageReceiveService : Received schedule participant score for exercise 2526 and participant 712 (result to be deleted: null)
    23:44:31.260 | 441 ool-1-worker-205 | DEBUG | .a.s.ParticipantScoreScheduleService : Scheduled task for exercise 2526 and participant 712 at 2025-02-14T23:44:31.360909013Z[Etc/UTC].
    23:44:31.269 | 441 ool-1-worker-205 | DEBUG | .c.s.m.InstanceMessageReceiveService : Received schedule participant score for exercise 2526 and participant 713 (result to be deleted: null)
    23:44:31.269 | 441 ool-1-worker-205 | DEBUG | .a.s.ParticipantScoreScheduleService : Scheduled task for exercise 2526 and participant 713 at 2025-02-14T23:44:31.369710807Z[Etc/UTC].
    23:44:31.280 | 441 ool-1-worker-205 | DEBUG | d.t.c.a.a.c.s.f.ApiVersionFilter     : Adding Version to Request PUT /api/participations/1777/submissions/1228/text-assessment-after-complaint
    23:44:31.286 | 441 ool-1-worker-205 | DEBUG | d.t.c.a.a.t.w.TextAssessmentResource : REST request to update the assessment of submission 1228 after complaint.
    23:44:31.299 | 441 ool-1-worker-205 | DEBUG | .c.s.m.InstanceMessageReceiveService : Received schedule participant score for exercise 2525 and participant 712 (result to be deleted: null)
    23:44:31.299 | 441 ool-1-worker-205 | DEBUG | .a.s.ParticipantScoreScheduleService : Scheduled task for exercise 2525 and participant 712 at 2025-02-14T23:44:31.399364495Z[Etc/UTC].
    23:44:31.315 | 441 ool-1-worker-205 | DEBUG | .c.s.m.InstanceMessageReceiveService : Received schedule participant score for exercise 2525 and participant 712 (result to be deleted: null)
    23:44:31.315 | 441 ool-1-worker-205 | DEBUG | .a.s.ParticipantScoreScheduleService : Scheduled task for exercise 2525 and participant 712 at 2025-02-14T23:44:31.415422511Z[Etc/UTC].
    23:44:31.330 | 441 ool-1-worker-205 | DEBUG | .c.s.m.InstanceMessageReceiveService : Received schedule participant score for exercise 2525 and participant 712 (result to be deleted: null)
    23:44:31.330 | 441 ool-1-worker-205 | DEBUG | .a.s.ParticipantScoreScheduleService : Scheduled task for exercise 2525 and participant 712 at 2025-02-14T23:44:31.430225416Z[Etc/UTC].
    23:44:31.341 | 441 ool-1-worker-205 | DEBUG | .c.s.m.InstanceMessageReceiveService : Received schedule participant score for exercise 2525 and participant 712 (result to be deleted: null)
    23:44:31.341 | 441 ool-1-worker-205 | DEBUG | .a.s.ParticipantScoreScheduleService : Scheduled task for exercise 2525 and participant 712 at 2025-02-14T23:44:31.441566846Z[Etc/UTC].
    23:44:31.347 | 327 taskScheduler-2  | DEBUG | .a.s.ParticipantScoreScheduleService : Processing exercise 2525 and participant 713 to update participant scores.
    23:44:31.352 | 441 ool-1-worker-205 | DEBUG | .c.s.m.InstanceMessageReceiveService : Received schedule participant score for exercise 2525 and participant 712 (result to be deleted: null)
    23:44:31.352 | 441 ool-1-worker-205 | DEBUG | .a.s.ParticipantScoreScheduleService : Scheduled task for exercise 2525 and participant 712 at 2025-02-14T23:44:31.452844707Z[Etc/UTC].
    23:44:31.353 | 327 taskScheduler-2  | DEBUG | .a.s.ParticipantScoreScheduleService : Updated participant score 318.
    23:44:31.353 | 327 taskScheduler-2  | DEBUG | .a.s.ParticipantScoreScheduleService : Updating the participant score for exercise 2525 and participant 713 took 6 ms.
    23:44:31.359 | 441 ool-1-worker-205 | DEBUG | d.t.c.a.a.c.s.f.ApiVersionFilter     : Adding Version to Request PUT /api/participations/1778/submissions/1229/text-assessment-after-complaint
    23:44:31.360 | 441 ool-1-worker-205 | DEBUG | d.t.c.a.a.t.w.TextAssessmentResource : REST request to update the assessment of submission 1229 after complaint.
    23:44:31.361 | 329 taskScheduler-4  | DEBUG | .a.s.ParticipantScoreScheduleService : Processing exercise 2526 and participant 712 to update participant scores.
    23:44:31.369 | 328 taskScheduler-3  | DEBUG | .a.s.ParticipantScoreScheduleService : Processing exercise 2526 and participant 713 to update participant scores.
    23:44:31.370 | 441 ool-1-worker-205 | DEBUG | .c.s.m.InstanceMessageReceiveService : Received schedule participant score for exercise 2525 and participant 713 (result to be deleted: null)
    23:44:31.370 | 441 ool-1-worker-205 | DEBUG | .a.s.ParticipantScoreScheduleService : Scheduled task for exercise 2525 and participant 713 at 2025-02-14T23:44:31.470088814Z[Etc/UTC].
    23:44:31.370 | 329 taskScheduler-4  | DEBUG | .a.s.ParticipantScoreScheduleService : Updated participant score 319.
    23:44:31.371 | 329 taskScheduler-4  | DEBUG | .a.s.ParticipantScoreScheduleService : Updating the participant score for exercise 2526 and participant 712 took 10 ms.
    23:44:31.376 | 328 taskScheduler-3  | DEBUG | .a.s.ParticipantScoreScheduleService : Updated participant score 320.
    23:44:31.376 | 328 taskScheduler-3  | DEBUG | .a.s.ParticipantScoreScheduleService : Updating the participant score for exercise 2526 and participant 713 took 7 ms.
    23:44:31.380 | 441 ool-1-worker-205 | DEBUG | .c.s.m.InstanceMessageReceiveService : Received schedule participant score for exercise 2525 and participant 713 (result to be deleted: null)
    23:44:31.380 | 441 ool-1-worker-205 | DEBUG | .a.s.ParticipantScoreScheduleService : Scheduled task for exercise 2525 and participant 713 at 2025-02-14T23:44:31.480687859Z[Etc/UTC].
    23:44:31.393 | 441 ool-1-worker-205 | DEBUG | .c.s.m.InstanceMessageReceiveService : Received schedule participant score for exercise 2525 and participant 713 (result to be deleted: null)
    23:44:31.393 | 441 ool-1-worker-205 | DEBUG | .a.s.ParticipantScoreScheduleService : Scheduled task for exercise 2525 and participant 713 at 2025-02-14T23:44:31.493504180Z[Etc/UTC].
    23:44:31.414 | 441 ool-1-worker-205 | DEBUG | .c.s.m.InstanceMessageReceiveService : Received schedule participant score for exercise 2525 and participant 713 (result to be deleted: null)
    23:44:31.414 | 441 ool-1-worker-205 | DEBUG | .a.s.ParticipantScoreScheduleService : Scheduled task for exercise 2525 and participant 713 at 2025-02-14T23:44:31.514092319Z[Etc/UTC].
    23:44:31.424 | 441 ool-1-worker-205 | DEBUG | .c.s.m.InstanceMessageReceiveService : Received schedule participant score for exercise 2525 and participant 713 (result to be deleted: null)
    23:44:31.424 | 441 ool-1-worker-205 | DEBUG | .a.s.ParticipantScoreScheduleService : Scheduled task for exercise 2525 and participant 713 at 2025-02-14T23:44:31.524157830Z[Etc/UTC].
    23:44:31.452 | 327 taskScheduler-2  | DEBUG | .a.s.ParticipantScoreScheduleService : Processing exercise 2525 and participant 712 to update participant scores.
    23:44:31.458 | 327 taskScheduler-2  | DEBUG | .a.s.ParticipantScoreScheduleService : Updated participant score 321.
    23:44:31.458 | 327 taskScheduler-2  | DEBUG | .a.s.ParticipantScoreScheduleService : Updating the participant score for exercise 2525 and participant 712 took 6 ms.
    23:44:31.524 | 329 taskScheduler-4  | DEBUG | .a.s.ParticipantScoreScheduleService : Processing exercise 2525 and participant 713 to update participant scores.
    23:44:31.532 | 329 taskScheduler-4  | DEBUG | .a.s.ParticipantScoreScheduleService : Updated participant score 318.
    23:44:31.532 | 329 taskScheduler-4  | DEBUG | .a.s.ParticipantScoreScheduleService : Updating the participant score for exercise 2525 and participant 713 took 8 ms.
    23:44:31.735 | 441 ool-1-worker-205 | DEBUG | d.t.c.a.a.c.s.f.ApiVersionFilter     : Adding Version to Request GET /api/courses/819/management-detail
    23:44:31.762 | 441 ool-1-worker-205 | DEBUG | d.t.c.a.a.c.s.f.ApiVersionFilter     : Adding Version to Request GET /api/courses/820/statistics-lifetime-overview
    23:44:31.772 | 441 ool-1-worker-205 | DEBUG | d.t.c.a.a.c.s.f.ApiVersionFilter     : Adding Version to Request GET /api/courses/820/statistics-lifetime-overview
    23:44:31.788 | 441 ool-1-worker-205 | DEBUG | d.t.c.a.a.c.s.f.ApiVersionFilter     : Adding Version to Request GET /api/courses/820/management-detail
    23:44:31.815 | 441 ool-1-worker-205 | DEBUG | d.t.c.a.a.c.s.f.ApiVersionFilter     : Adding Version to Request GET /api/courses/819/statistics
    23:44:31.822 | 441 ool-1-worker-205 | DEBUG | d.t.c.a.a.c.s.f.ApiVersionFilter     : Adding Version to Request GET /api/courses/819/statistics

  Starting logs for CourseGitlabJenkinsIntegrationTest > testGetLockedSubmissionsForCourseAsTutor()
    23:44:31.840 | 441 ool-1-worker-205 | DEBUG | d.t.c.a.a.c.u.util.UserUtilService   : Generate 8 students...
    23:44:31.851 | 441 ool-1-worker-205 | DEBUG | d.t.c.a.a.c.u.util.UserUtilService   : 8 students generated. Generate 5 tutors...
    23:44:31.859 | 441 ool-1-worker-205 | DEBUG | d.t.c.a.a.c.u.util.UserUtilService   : 5 tutors generated. Generate 1 editors...
    23:44:31.861 | 441 ool-1-worker-205 | DEBUG | d.t.c.a.a.c.u.util.UserUtilService   : 1 editors generated. Generate 1 instructors...
    23:44:31.864 | 441 ool-1-worker-205 | DEBUG | d.t.c.a.a.c.u.util.UserUtilService   : 1 instructors generated
    23:44:31.866 | 441 ool-1-worker-205 | DEBUG | d.t.c.a.a.c.u.util.UserUtilService   : Removing 16 users from all courses...
    23:44:31.868 | 441 ool-1-worker-205 | DEBUG | d.t.c.a.a.c.u.util.UserUtilService   : Removing 16 users from all courses. Done
    23:44:31.868 | 441 ool-1-worker-205 | DEBUG | d.t.c.a.a.c.u.util.UserUtilService   : Save 15 users to database...
    23:44:31.878 | 441 ool-1-worker-205 | DEBUG | d.t.c.a.a.c.u.util.UserUtilService   : Save 15 users to database. Done
    23:44:31.892 | 441 ool-1-worker-205 | INFO  | i.z.t.d.l.EmbeddedDatabaseReporter   : JDBC URL to connect to 'dataSource': url='jdbc:h2:tcp://localhost:41063/mem:736625c0-cf5e-400d-aeaa-8a7eabd6262b;USER=sa', scope='CourseGitlabJenkinsIntegrationTest#testGetLockedSubmissionsForCourseAsTutor'
    23:44:31.912 | 441 ool-1-worker-205 | DEBUG | d.t.c.a.a.c.s.f.ApiVersionFilter     : Adding Version to Request GET /api/courses/821/locked-submissions
    23:44:31.912 | 441 ool-1-worker-205 | DEBUG | d.t.c.a.a.core.web.CourseResource    : REST request to get all locked submissions for course : 821
    23:44:31.947 | 441 ool-1-worker-205 | DEBUG | .c.s.m.InstanceMessageReceiveService : Received schedule participant score for exercise 2527 and participant 689 (result to be deleted: null)
    23:44:31.947 | 441 ool-1-worker-205 | DEBUG | .a.s.ParticipantScoreScheduleService : Scheduled task for exercise 2527 and participant 689 at 2025-02-14T23:44:32.047584310Z[Etc/UTC].
    23:44:31.976 | 441 ool-1-worker-205 | DEBUG | .c.s.m.InstanceMessageReceiveService : Received schedule participant score for exercise 2527 and participant 690 (result to be deleted: null)
    23:44:31.976 | 441 ool-1-worker-205 | DEBUG | .a.s.ParticipantScoreScheduleService : Scheduled task for exercise 2527 and participant 690 at 2025-02-14T23:44:32.076754681Z[Etc/UTC].
    23:44:32.002 | 441 ool-1-worker-205 | DEBUG | .c.s.m.InstanceMessageReceiveService : Received schedule participant score for exercise 2527 and participant 691 (result to be deleted: null)
    23:44:32.002 | 441 ool-1-worker-205 | DEBUG | .a.s.ParticipantScoreScheduleService : Scheduled task for exercise 2527 and participant 691 at 2025-02-14T23:44:32.102047477Z[Etc/UTC].
    23:44:32.009 | 441 ool-1-worker-205 | DEBUG | d.t.c.a.a.c.s.f.ApiVersionFilter     : Adding Version to Request GET /api/courses/821/locked-submissions
    23:44:32.009 | 441 ool-1-worker-205 | DEBUG | d.t.c.a.a.core.web.CourseResource    : REST request to get all locked submissions for course : 821

  Starting logs for CourseGitlabJenkinsIntegrationTest > testUpdateOldMembersInCourse()
    23:44:32.028 | 441 ool-1-worker-205 | DEBUG | d.t.c.a.a.c.u.util.UserUtilService   : Generate 8 students...
    23:44:32.037 | 441 ool-1-worker-205 | DEBUG | d.t.c.a.a.c.u.util.UserUtilService   : 8 students generated. Generate 5 tutors...
    23:44:32.043 | 441 ool-1-worker-205 | DEBUG | d.t.c.a.a.c.u.util.UserUtilService   : 5 tutors generated. Generate 1 editors...
    23:44:32.046 | 441 ool-1-worker-205 | DEBUG | d.t.c.a.a.c.u.util.UserUtilService   : 1 editors generated. Generate 1 instructors...
    23:44:32.049 | 441 ool-1-worker-205 | DEBUG | d.t.c.a.a.c.u.util.UserUtilService   : 1 instructors generated
    23:44:32.051 | 441 ool-1-worker-205 | DEBUG | d.t.c.a.a.c.u.util.UserUtilService   : Removing 16 users from all courses...
    23:44:32.053 | 441 ool-1-worker-205 | DEBUG | d.t.c.a.a.c.u.util.UserUtilService   : Removing 16 users from all courses. Done
    23:44:32.053 | 441 ool-1-worker-205 | DEBUG | d.t.c.a.a.c.u.util.UserUtilService   : Save 15 users to database...
    23:44:32.063 | 441 ool-1-worker-205 | DEBUG | d.t.c.a.a.c.u.util.UserUtilService   : Save 15 users to database. Done
    23:44:32.073 | 441 ool-1-worker-205 | INFO  | i.z.t.d.l.EmbeddedDatabaseReporter   : JDBC URL to connect to 'dataSource': url='jdbc:h2:tcp://localhost:41063/mem:736625c0-cf5e-400d-aeaa-8a7eabd6262b;USER=sa', scope='CourseGitlabJenkinsIntegrationTest#testUpdateOldMembersInCourse'
    23:44:32.103 | 441 ool-1-worker-205 | DEBUG | d.t.c.a.a.c.s.f.ApiVersionFilter     : Adding Version to Request PUT /api/courses/822
    23:44:32.103 | 441 ool-1-worker-205 | DEBUG | d.t.c.a.a.core.web.CourseResource    : REST request to update Course : Course{id=822, title='Course title be77f5cc-894b-438e-ad7b-fc3435ed4bab', description='null', shortName='shortc08950440c4b20422c0858507ae09ac71016', studentGroupName='tumuser', teachingAssistantGroupName='tutor', editorGroupName='editor', instructorGroupName='new-editor-group', startDate='2025-02-13T23:39:54.015067Z', endDate='2025-02-16T23:39:54.015089Z', enrollmentStartDate='null', enrollmentEndDate='null', unenrollmentEndDate='null', semester='null'', onlineCourse='false', color='null', courseIcon='null', enrollmentEnabled='false', unenrollmentEnabled='false', presentationScore='2', faqEnabled='false'}
    23:44:32.110 | 441 ool-1-worker-205 | INFO  | .a.p.s.g.GitLabUserManagementService : Update Gitlab permissions for programming exercises: [SHORTC08950440C4B20422C0858507AE09AC71016TSTEXC]
    23:44:32.118 | 441 ool-1-worker-205 | INFO  | a.p.s.j.JenkinsUserManagementService : Update Jenkins permissions (update course permissions) for programming exercises: [SHORTC08950440C4B20422C0858507AE09AC71016TSTEXC]

  Starting logs for CourseGitlabJenkinsIntegrationTest > testGetAssessmentDashboardStats_withAssessmentsAndComplaintsAndResponses_Large()
    23:44:32.142 | 441 ool-1-worker-205 | DEBUG | d.t.c.a.a.c.u.util.UserUtilService   : Generate 8 students...
    23:44:32.152 | 441 ool-1-worker-205 | DEBUG | d.t.c.a.a.c.u.util.UserUtilService   : 8 students generated. Generate 5 tutors...
    23:44:32.159 | 441 ool-1-worker-205 | DEBUG | d.t.c.a.a.c.u.util.UserUtilService   : 5 tutors generated. Generate 1 editors...
    23:44:32.162 | 441 ool-1-worker-205 | DEBUG | d.t.c.a.a.c.u.util.UserUtilService   : 1 editors generated. Generate 1 instructors...
    23:44:32.164 | 441 ool-1-worker-205 | DEBUG | d.t.c.a.a.c.u.util.UserUtilService   : 1 instructors generated
    23:44:32.166 | 441 ool-1-worker-205 | DEBUG | d.t.c.a.a.c.u.util.UserUtilService   : Removing 16 users from all courses...
    23:44:32.168 | 441 ool-1-worker-205 | DEBUG | d.t.c.a.a.c.u.util.UserUtilService   : Removing 16 users from all courses. Done
    23:44:32.168 | 441 ool-1-worker-205 | DEBUG | d.t.c.a.a.c.u.util.UserUtilService   : Save 15 users to database...
    23:44:32.179 | 441 ool-1-worker-205 | DEBUG | d.t.c.a.a.c.u.util.UserUtilService   : Save 15 users to database. Done
    23:44:32.189 | 441 ool-1-worker-205 | INFO  | i.z.t.d.l.EmbeddedDatabaseReporter   : JDBC URL to connect to 'dataSource': url='jdbc:h2:tcp://localhost:41063/mem:736625c0-cf5e-400d-aeaa-8a7eabd6262b;USER=sa', scope='CourseGitlabJenkinsIntegrationTest#testGetAssessmentDashboardStats_withAssessmentsAndComplaintsAndResponses_Large'
    23:44:32.232 | 441 ool-1-worker-205 | DEBUG | .c.s.m.InstanceMessageReceiveService : Received schedule participant score for exercise 2539 and participant 689 (result to be deleted: null)
    23:44:32.232 | 441 ool-1-worker-205 | DEBUG | .a.s.ParticipantScoreScheduleService : Scheduled task for exercise 2539 and participant 689 at 2025-02-14T23:44:32.332330665Z[Etc/UTC].
    23:44:32.238 | 441 ool-1-worker-205 | DEBUG | .c.s.m.InstanceMessageReceiveService : Received schedule participant score for exercise 2539 and participant 689 (result to be deleted: null)
    23:44:32.238 | 441 ool-1-worker-205 | DEBUG | .a.s.ParticipantScoreScheduleService : Scheduled task for exercise 2539 and participant 689 at 2025-02-14T23:44:32.338186795Z[Etc/UTC].
    23:44:32.261 | 441 ool-1-worker-205 | DEBUG | .c.s.m.InstanceMessageReceiveService : Received schedule participant score for exercise 2539 and participant 690 (result to be deleted: null)
    23:44:32.262 | 441 ool-1-worker-205 | DEBUG | .a.s.ParticipantScoreScheduleService : Scheduled task for exercise 2539 and participant 690 at 2025-02-14T23:44:32.362013829Z[Etc/UTC].
    23:44:32.267 | 441 ool-1-worker-205 | DEBUG | .c.s.m.InstanceMessageReceiveService : Received schedule participant score for exercise 2539 and participant 690 (result to be deleted: null)
    23:44:32.267 | 441 ool-1-worker-205 | DEBUG | .a.s.ParticipantScoreScheduleService : Scheduled task for exercise 2539 and participant 690 at 2025-02-14T23:44:32.367986156Z[Etc/UTC].
    23:44:32.290 | 441 ool-1-worker-205 | DEBUG | .c.s.m.InstanceMessageReceiveService : Received schedule participant score for exercise 2539 and participant 691 (result to be deleted: null)
    23:44:32.290 | 441 ool-1-worker-205 | DEBUG | .a.s.ParticipantScoreScheduleService : Scheduled task for exercise 2539 and participant 691 at 2025-02-14T23:44:32.390697399Z[Etc/UTC].
    23:44:32.296 | 441 ool-1-worker-205 | DEBUG | .c.s.m.InstanceMessageReceiveService : Received schedule participant score for exercise 2539 and participant 691 (result to be deleted: null)
    23:44:32.296 | 441 ool-1-worker-205 | DEBUG | .a.s.ParticipantScoreScheduleService : Scheduled task for exercise 2539 and participant 691 at 2025-02-14T23:44:32.396217843Z[Etc/UTC].
    23:44:32.319 | 441 ool-1-worker-205 | DEBUG | .c.s.m.InstanceMessageReceiveService : Received schedule participant score for exercise 2539 and participant 692 (result to be deleted: null)
    23:44:32.319 | 441 ool-1-worker-205 | DEBUG | .a.s.ParticipantScoreScheduleService : Scheduled task for exercise 2539 and participant 692 at 2025-02-14T23:44:32.419782728Z[Etc/UTC].
    23:44:32.325 | 441 ool-1-worker-205 | DEBUG | .c.s.m.InstanceMessageReceiveService : Received schedule participant score for exercise 2539 and participant 692 (result to be deleted: null)
    23:44:32.325 | 441 ool-1-worker-205 | DEBUG | .a.s.ParticipantScoreScheduleService : Scheduled task for exercise 2539 and participant 692 at 2025-02-14T23:44:32.425440889Z[Etc/UTC].
    23:44:32.338 | 328 taskScheduler-3  | DEBUG | .a.s.ParticipantScoreScheduleService : Processing exercise 2539 and participant 689 to update participant scores.
    23:44:32.345 | 328 taskScheduler-3  | DEBUG | .a.s.ParticipantScoreScheduleService : Updated participant score 322.
    23:44:32.345 | 328 taskScheduler-3  | DEBUG | .a.s.ParticipantScoreScheduleService : Updating the participant score for exercise 2539 and participant 689 took 7 ms.
    23:44:32.348 | 441 ool-1-worker-205 | DEBUG | .c.s.m.InstanceMessageReceiveService : Received schedule participant score for exercise 2539 and participant 693 (result to be deleted: null)
    23:44:32.348 | 441 ool-1-worker-205 | DEBUG | .a.s.ParticipantScoreScheduleService : Scheduled task for exercise 2539 and participant 693 at 2025-02-14T23:44:32.448613632Z[Etc/UTC].
    23:44:32.354 | 441 ool-1-worker-205 | DEBUG | .c.s.m.InstanceMessageReceiveService : Received schedule participant score for exercise 2539 and participant 693 (result to be deleted: null)
    23:44:32.354 | 441 ool-1-worker-205 | DEBUG | .a.s.ParticipantScoreScheduleService : Scheduled task for exercise 2539 and participant 693 at 2025-02-14T23:44:32.454828793Z[Etc/UTC].
    23:44:32.393 | 326 taskScheduler-1  | DEBUG | .a.s.ParticipantScoreScheduleService : Processing exercise 2539 and participant 690 to update participant scores.
    23:44:32.396 | 327 taskScheduler-2  | DEBUG | .a.s.ParticipantScoreScheduleService : Processing exercise 2539 and participant 691 to update participant scores.
    23:44:32.417 | 327 taskScheduler-2  | DEBUG | .a.s.ParticipantScoreScheduleService : Updated participant score 323.
    23:44:32.417 | 326 taskScheduler-1  | DEBUG | .a.s.ParticipantScoreScheduleService : Updated participant score 324.
    23:44:32.418 | 326 taskScheduler-1  | DEBUG | .a.s.ParticipantScoreScheduleService : Updating the participant score for exercise 2539 and participant 690 took 25 ms.
    23:44:32.421 | 327 taskScheduler-2  | DEBUG | .a.s.ParticipantScoreScheduleService : Updating the participant score for exercise 2539 and participant 691 took 25 ms.
    23:44:32.421 | 441 ool-1-worker-205 | DEBUG | .c.s.m.InstanceMessageReceiveService : Received schedule participant score for exercise 2540 and participant 689 (result to be deleted: null)
    23:44:32.421 | 441 ool-1-worker-205 | DEBUG | .a.s.ParticipantScoreScheduleService : Scheduled task for exercise 2540 and participant 689 at 2025-02-14T23:44:32.521927289Z[Etc/UTC].
    23:44:32.425 | 328 taskScheduler-3  | DEBUG | .a.s.ParticipantScoreScheduleService : Processing exercise 2539 and participant 692 to update participant scores.
    23:44:32.429 | 441 ool-1-worker-205 | DEBUG | .c.s.m.InstanceMessageReceiveService : Received schedule participant score for exercise 2540 and participant 689 (result to be deleted: null)
    23:44:32.429 | 441 ool-1-worker-205 | DEBUG | .a.s.ParticipantScoreScheduleService : Scheduled task for exercise 2540 and participant 689 at 2025-02-14T23:44:32.529395937Z[Etc/UTC].
    23:44:32.437 | 328 taskScheduler-3  | DEBUG | .a.s.ParticipantScoreScheduleService : Updated participant score 325.
    23:44:32.437 | 328 taskScheduler-3  | DEBUG | .a.s.ParticipantScoreScheduleService : Updating the participant score for exercise 2539 and participant 692 took 12 ms.
    23:44:32.450 | 441 ool-1-worker-205 | DEBUG | .c.s.m.InstanceMessageReceiveService : Received schedule participant score for exercise 2540 and participant 690 (result to be deleted: null)
    23:44:32.450 | 441 ool-1-worker-205 | DEBUG | .a.s.ParticipantScoreScheduleService : Scheduled task for exercise 2540 and participant 690 at 2025-02-14T23:44:32.550441854Z[Etc/UTC].
    23:44:32.454 | 326 taskScheduler-1  | DEBUG | .a.s.ParticipantScoreScheduleService : Processing exercise 2539 and participant 693 to update participant scores.
    23:44:32.460 | 441 ool-1-worker-205 | DEBUG | .c.s.m.InstanceMessageReceiveService : Received schedule participant score for exercise 2540 and participant 690 (result to be deleted: null)
    23:44:32.460 | 441 ool-1-worker-205 | DEBUG | .a.s.ParticipantScoreScheduleService : Scheduled task for exercise 2540 and participant 690 at 2025-02-14T23:44:32.560378705Z[Etc/UTC].
    23:44:32.462 | 326 taskScheduler-1  | DEBUG | .a.s.ParticipantScoreScheduleService : Updated participant score 326.
    23:44:32.462 | 326 taskScheduler-1  | DEBUG | .a.s.ParticipantScoreScheduleService : Updating the participant score for exercise 2539 and participant 693 took 8 ms.
    23:44:32.483 | 441 ool-1-worker-205 | DEBUG | .c.s.m.InstanceMessageReceiveService : Received schedule participant score for exercise 2540 and participant 691 (result to be deleted: null)
    23:44:32.483 | 441 ool-1-worker-205 | DEBUG | .a.s.ParticipantScoreScheduleService : Scheduled task for exercise 2540 and participant 691 at 2025-02-14T23:44:32.583165688Z[Etc/UTC].
    23:44:32.489 | 441 ool-1-worker-205 | DEBUG | .c.s.m.InstanceMessageReceiveService : Received schedule participant score for exercise 2540 and participant 691 (result to be deleted: null)
    23:44:32.489 | 441 ool-1-worker-205 | DEBUG | .a.s.ParticipantScoreScheduleService : Scheduled task for exercise 2540 and participant 691 at 2025-02-14T23:44:32.589604406Z[Etc/UTC].
    23:44:32.509 | 441 ool-1-worker-205 | DEBUG | .c.s.m.InstanceMessageReceiveService : Received schedule participant score for exercise 2540 and participant 692 (result to be deleted: null)
    23:44:32.509 | 441 ool-1-worker-205 | DEBUG | .a.s.ParticipantScoreScheduleService : Scheduled task for exercise 2540 and participant 692 at 2025-02-14T23:44:32.609463610Z[Etc/UTC].
    23:44:32.515 | 441 ool-1-worker-205 | DEBUG | .c.s.m.InstanceMessageReceiveService : Received schedule participant score for exercise 2540 and participant 692 (result to be deleted: null)
    23:44:32.515 | 441 ool-1-worker-205 | DEBUG | .a.s.ParticipantScoreScheduleService : Scheduled task for exercise 2540 and participant 692 at 2025-02-14T23:44:32.615869576Z[Etc/UTC].
    23:44:32.529 | 327 taskScheduler-2  | DEBUG | .a.s.ParticipantScoreScheduleService : Processing exercise 2540 and participant 689 to update participant scores.
    23:44:32.535 | 327 taskScheduler-2  | DEBUG | .a.s.ParticipantScoreScheduleService : Updated participant score 327.
    23:44:32.535 | 327 taskScheduler-2  | DEBUG | .a.s.ParticipantScoreScheduleService : Updating the participant score for exercise 2540 and participant 689 took 6 ms.
    23:44:32.537 | 441 ool-1-worker-205 | DEBUG | .c.s.m.InstanceMessageReceiveService : Received schedule participant score for exercise 2540 and participant 693 (result to be deleted: null)
    23:44:32.537 | 441 ool-1-worker-205 | DEBUG | .a.s.ParticipantScoreScheduleService : Scheduled task for exercise 2540 and participant 693 at 2025-02-14T23:44:32.637905860Z[Etc/UTC].
    23:44:32.544 | 441 ool-1-worker-205 | DEBUG | .c.s.m.InstanceMessageReceiveService : Received schedule participant score for exercise 2540 and participant 693 (result to be deleted: null)
    23:44:32.544 | 441 ool-1-worker-205 | DEBUG | .a.s.ParticipantScoreScheduleService : Scheduled task for exercise 2540 and participant 693 at 2025-02-14T23:44:32.644591918Z[Etc/UTC].
    23:44:32.560 | 329 taskScheduler-4  | DEBUG | .a.s.ParticipantScoreScheduleService : Processing exercise 2540 and participant 690 to update participant scores.
    23:44:32.570 | 329 taskScheduler-4  | DEBUG | .a.s.ParticipantScoreScheduleService : Updated participant score 328.
    23:44:32.570 | 329 taskScheduler-4  | DEBUG | .a.s.ParticipantScoreScheduleService : Updating the participant score for exercise 2540 and participant 690 took 10 ms.
    23:44:32.572 | 441 ool-1-worker-205 | DEBUG | .c.s.m.InstanceMessageReceiveService : Received schedule participant score for exercise 2541 and participant 689 (result to be deleted: null)
    23:44:32.572 | 441 ool-1-worker-205 | DEBUG | .a.s.ParticipantScoreScheduleService : Scheduled task for exercise 2541 and participant 689 at 2025-02-14T23:44:32.672633020Z[Etc/UTC].
    23:44:32.580 | 441 ool-1-worker-205 | DEBUG | .c.s.m.InstanceMessageReceiveService : Received schedule participant score for exercise 2541 and participant 689 (result to be deleted: null)
    23:44:32.580 | 441 ool-1-worker-205 | DEBUG | .a.s.ParticipantScoreScheduleService : Scheduled task for exercise 2541 and participant 689 at 2025-02-14T23:44:32.680588846Z[Etc/UTC].
    23:44:32.589 | 328 taskScheduler-3  | DEBUG | .a.s.ParticipantScoreScheduleService : Processing exercise 2540 and participant 691 to update participant scores.
    23:44:32.594 | 328 taskScheduler-3  | DEBUG | .a.s.ParticipantScoreScheduleService : Updated participant score 329.
    23:44:32.594 | 328 taskScheduler-3  | DEBUG | .a.s.ParticipantScoreScheduleService : Updating the participant score for exercise 2540 and participant 691 took 5 ms.
    23:44:32.613 | 441 ool-1-worker-205 | DEBUG | .c.s.m.InstanceMessageReceiveService : Received schedule participant score for exercise 2541 and participant 690 (result to be deleted: null)
    23:44:32.613 | 441 ool-1-worker-205 | DEBUG | .a.s.ParticipantScoreScheduleService : Scheduled task for exercise 2541 and participant 690 at 2025-02-14T23:44:32.713486064Z[Etc/UTC].
    23:44:32.615 | 326 taskScheduler-1  | DEBUG | .a.s.ParticipantScoreScheduleService : Processing exercise 2540 and participant 692 to update participant scores.
    23:44:32.622 | 326 taskScheduler-1  | DEBUG | .a.s.ParticipantScoreScheduleService : Updated participant score 330.
    23:44:32.623 | 326 taskScheduler-1  | DEBUG | .a.s.ParticipantScoreScheduleService : Updating the participant score for exercise 2540 and participant 692 took 8 ms.
    23:44:32.625 | 441 ool-1-worker-205 | DEBUG | .c.s.m.InstanceMessageReceiveService : Received schedule participant score for exercise 2541 and participant 690 (result to be deleted: null)
    23:44:32.625 | 441 ool-1-worker-205 | DEBUG | .a.s.ParticipantScoreScheduleService : Scheduled task for exercise 2541 and participant 690 at 2025-02-14T23:44:32.725595926Z[Etc/UTC].
    23:44:32.644 | 327 taskScheduler-2  | DEBUG | .a.s.ParticipantScoreScheduleService : Processing exercise 2540 and participant 693 to update participant scores.
    23:44:32.652 | 327 taskScheduler-2  | DEBUG | .a.s.ParticipantScoreScheduleService : Updated participant score 331.
    23:44:32.652 | 327 taskScheduler-2  | DEBUG | .a.s.ParticipantScoreScheduleService : Updating the participant score for exercise 2540 and participant 693 took 8 ms.
    23:44:32.658 | 441 ool-1-worker-205 | DEBUG | .c.s.m.InstanceMessageReceiveService : Received schedule participant score for exercise 2541 and participant 691 (result to be deleted: null)
    23:44:32.658 | 441 ool-1-worker-205 | DEBUG | .a.s.ParticipantScoreScheduleService : Scheduled task for exercise 2541 and participant 691 at 2025-02-14T23:44:32.758845481Z[Etc/UTC].
    23:44:32.665 | 441 ool-1-worker-205 | DEBUG | .c.s.m.InstanceMessageReceiveService : Received schedule participant score for exercise 2541 and participant 691 (result to be deleted: null)
    23:44:32.665 | 441 ool-1-worker-205 | DEBUG | .a.s.ParticipantScoreScheduleService : Scheduled task for exercise 2541 and participant 691 at 2025-02-14T23:44:32.765608623Z[Etc/UTC].
    23:44:32.680 | 329 taskScheduler-4  | DEBUG | .a.s.ParticipantScoreScheduleService : Processing exercise 2541 and participant 689 to update participant scores.
    23:44:32.689 | 329 taskScheduler-4  | DEBUG | .a.s.ParticipantScoreScheduleService : Updated participant score 332.
    23:44:32.690 | 329 taskScheduler-4  | DEBUG | .a.s.ParticipantScoreScheduleService : Updating the participant score for exercise 2541 and participant 689 took 10 ms.
    23:44:32.698 | 441 ool-1-worker-205 | DEBUG | .c.s.m.InstanceMessageReceiveService : Received schedule participant score for exercise 2541 and participant 692 (result to be deleted: null)
    23:44:32.698 | 441 ool-1-worker-205 | DEBUG | .a.s.ParticipantScoreScheduleService : Scheduled task for exercise 2541 and participant 692 at 2025-02-14T23:44:32.798332116Z[Etc/UTC].
    23:44:32.704 | 441 ool-1-worker-205 | DEBUG | .c.s.m.InstanceMessageReceiveService : Received schedule participant score for exercise 2541 and participant 692 (result to be deleted: null)
    23:44:32.704 | 441 ool-1-worker-205 | DEBUG | .a.s.ParticipantScoreScheduleService : Scheduled task for exercise 2541 and participant 692 at 2025-02-14T23:44:32.804654256Z[Etc/UTC].
    23:44:32.725 | 328 taskScheduler-3  | DEBUG | .a.s.ParticipantScoreScheduleService : Processing exercise 2541 and participant 690 to update participant scores.
    23:44:32.734 | 328 taskScheduler-3  | DEBUG | .a.s.ParticipantScoreScheduleService : Updated participant score 333.
    23:44:32.734 | 328 taskScheduler-3  | DEBUG | .a.s.ParticipantScoreScheduleService : Updating the participant score for exercise 2541 and participant 690 took 9 ms.
    23:44:32.757 | 441 ool-1-worker-205 | DEBUG | .c.s.m.InstanceMessageReceiveService : Received schedule participant score for exercise 2541 and participant 693 (result to be deleted: null)
    23:44:32.757 | 441 ool-1-worker-205 | DEBUG | .a.s.ParticipantScoreScheduleService : Scheduled task for exercise 2541 and participant 693 at 2025-02-14T23:44:32.857877128Z[Etc/UTC].
    23:44:32.765 | 326 taskScheduler-1  | DEBUG | .a.s.ParticipantScoreScheduleService : Processing exercise 2541 and participant 691 to update participant scores.
    23:44:32.774 | 326 taskScheduler-1  | DEBUG | .a.s.ParticipantScoreScheduleService : Updated participant score 334.
    23:44:32.774 | 441 ool-1-worker-205 | DEBUG | .c.s.m.InstanceMessageReceiveService : Received schedule participant score for exercise 2541 and participant 693 (result to be deleted: null)
    23:44:32.774 | 441 ool-1-worker-205 | DEBUG | .a.s.ParticipantScoreScheduleService : Scheduled task for exercise 2541 and participant 693 at 2025-02-14T23:44:32.874524793Z[Etc/UTC].
    23:44:32.775 | 326 taskScheduler-1  | DEBUG | .a.s.ParticipantScoreScheduleService : Updating the participant score for exercise 2541 and participant 691 took 10 ms.
    23:44:32.798 | 441 ool-1-worker-205 | DEBUG | .c.s.m.InstanceMessageReceiveService : Received schedule participant score for exercise 2542 and participant 689 (result to be deleted: null)
    23:44:32.798 | 441 ool-1-worker-205 | DEBUG | .a.s.ParticipantScoreScheduleService : Scheduled task for exercise 2542 and participant 689 at 2025-02-14T23:44:32.898138068Z[Etc/UTC].
    23:44:32.804 | 327 taskScheduler-2  | DEBUG | .a.s.ParticipantScoreScheduleService : Processing exercise 2541 and participant 692 to update participant scores.
    23:44:32.807 | 441 ool-1-worker-205 | DEBUG | .c.s.m.InstanceMessageReceiveService : Received schedule participant score for exercise 2542 and participant 689 (result to be deleted: null)
    23:44:32.807 | 441 ool-1-worker-205 | DEBUG | .a.s.ParticipantScoreScheduleService : Scheduled task for exercise 2542 and participant 689 at 2025-02-14T23:44:32.907925309Z[Etc/UTC].
    23:44:32.812 | 327 taskScheduler-2  | DEBUG | .a.s.ParticipantScoreScheduleService : Updated participant score 335.
    23:44:32.812 | 327 taskScheduler-2  | DEBUG | .a.s.ParticipantScoreScheduleService : Updating the participant score for exercise 2541 and participant 692 took 8 ms.
    23:44:32.837 | 441 ool-1-worker-205 | DEBUG | .c.s.m.InstanceMessageReceiveService : Received schedule participant score for exercise 2542 and participant 690 (result to be deleted: null)
    23:44:32.837 | 441 ool-1-worker-205 | DEBUG | .a.s.ParticipantScoreScheduleService : Scheduled task for exercise 2542 and participant 690 at 2025-02-14T23:44:32.937802044Z[Etc/UTC].
    23:44:32.844 | 441 ool-1-worker-205 | DEBUG | .c.s.m.InstanceMessageReceiveService : Received schedule participant score for exercise 2542 and participant 690 (result to be deleted: null)
    23:44:32.844 | 441 ool-1-worker-205 | DEBUG | .a.s.ParticipantScoreScheduleService : Scheduled task for exercise 2542 and participant 690 at 2025-02-14T23:44:32.944467233Z[Etc/UTC].
    23:44:32.870 | 441 ool-1-worker-205 | DEBUG | .c.s.m.InstanceMessageReceiveService : Received schedule participant score for exercise 2542 and participant 691 (result to be deleted: null)
    23:44:32.870 | 441 ool-1-worker-205 | DEBUG | .a.s.ParticipantScoreScheduleService : Scheduled task for exercise 2542 and participant 691 at 2025-02-14T23:44:32.970071761Z[Etc/UTC].
    23:44:32.874 | 329 taskScheduler-4  | DEBUG | .a.s.ParticipantScoreScheduleService : Processing exercise 2541 and participant 693 to update participant scores.
    23:44:32.880 | 329 taskScheduler-4  | DEBUG | .a.s.ParticipantScoreScheduleService : Updated participant score 336.
    23:44:32.881 | 441 ool-1-worker-205 | DEBUG | .c.s.m.InstanceMessageReceiveService : Received schedule participant score for exercise 2542 and participant 691 (result to be deleted: null)
    23:44:32.881 | 441 ool-1-worker-205 | DEBUG | .a.s.ParticipantScoreScheduleService : Scheduled task for exercise 2542 and participant 691 at 2025-02-14T23:44:32.981687633Z[Etc/UTC].
    23:44:32.883 | 329 taskScheduler-4  | DEBUG | .a.s.ParticipantScoreScheduleService : Updating the participant score for exercise 2541 and participant 693 took 9 ms.
    23:44:32.907 | 441 ool-1-worker-205 | DEBUG | .c.s.m.InstanceMessageReceiveService : Received schedule participant score for exercise 2542 and participant 692 (result to be deleted: null)
    23:44:32.907 | 441 ool-1-worker-205 | DEBUG | .a.s.ParticipantScoreScheduleService : Scheduled task for exercise 2542 and participant 692 at 2025-02-14T23:44:33.007662992Z[Etc/UTC].
    23:44:32.908 | 328 taskScheduler-3  | DEBUG | .a.s.ParticipantScoreScheduleService : Processing exercise 2542 and participant 689 to update participant scores.
    23:44:32.914 | 328 taskScheduler-3  | DEBUG | .a.s.ParticipantScoreScheduleService : Updated participant score 337.
    23:44:32.915 | 328 taskScheduler-3  | DEBUG | .a.s.ParticipantScoreScheduleService : Updating the participant score for exercise 2542 and participant 689 took 7 ms.
    23:44:32.920 | 441 ool-1-worker-205 | DEBUG | .c.s.m.InstanceMessageReceiveService : Received schedule participant score for exercise 2542 and participant 692 (result to be deleted: null)
    23:44:32.920 | 441 ool-1-worker-205 | DEBUG | .a.s.ParticipantScoreScheduleService : Scheduled task for exercise 2542 and participant 692 at 2025-02-14T23:44:33.020684095Z[Etc/UTC].
    23:44:32.941 | 441 ool-1-worker-205 | DEBUG | .c.s.m.InstanceMessageReceiveService : Received schedule participant score for exercise 2542 and participant 693 (result to be deleted: null)
    23:44:32.941 | 441 ool-1-worker-205 | DEBUG | .a.s.ParticipantScoreScheduleService : Scheduled task for exercise 2542 and participant 693 at 2025-02-14T23:44:33.041289861Z[Etc/UTC].
    23:44:32.944 | 326 taskScheduler-1  | DEBUG | .a.s.ParticipantScoreScheduleService : Processing exercise 2542 and participant 690 to update participant scores.
    23:44:32.947 | 441 ool-1-worker-205 | DEBUG | .c.s.m.InstanceMessageReceiveService : Received schedule participant score for exercise 2542 and participant 693 (result to be deleted: null)
    23:44:32.947 | 441 ool-1-worker-205 | DEBUG | .a.s.ParticipantScoreScheduleService : Scheduled task for exercise 2542 and participant 693 at 2025-02-14T23:44:33.047317210Z[Etc/UTC].
    23:44:32.956 | 326 taskScheduler-1  | DEBUG | .a.s.ParticipantScoreScheduleService : Updated participant score 338.
    23:44:32.956 | 326 taskScheduler-1  | DEBUG | .a.s.ParticipantScoreScheduleService : Updating the participant score for exercise 2542 and participant 690 took 12 ms.
    23:44:32.964 | 441 ool-1-worker-205 | DEBUG | .c.s.m.InstanceMessageReceiveService : Received schedule participant score for exercise 2543 and participant 689 (result to be deleted: null)
    23:44:32.965 | 441 ool-1-worker-205 | DEBUG | .a.s.ParticipantScoreScheduleService : Scheduled task for exercise 2543 and participant 689 at 2025-02-14T23:44:33.065037646Z[Etc/UTC].
    23:44:32.971 | 441 ool-1-worker-205 | DEBUG | .c.s.m.InstanceMessageReceiveService : Received schedule participant score for exercise 2543 and participant 689 (result to be deleted: null)
    23:44:32.971 | 441 ool-1-worker-205 | DEBUG | .a.s.ParticipantScoreScheduleService : Scheduled task for exercise 2543 and participant 689 at 2025-02-14T23:44:33.071549680Z[Etc/UTC].
    23:44:32.981 | 327 taskScheduler-2  | DEBUG | .a.s.ParticipantScoreScheduleService : Processing exercise 2542 and participant 691 to update participant scores.
    23:44:32.988 | 327 taskScheduler-2  | DEBUG | .a.s.ParticipantScoreScheduleService : Updated participant score 339.
    23:44:32.988 | 327 taskScheduler-2  | DEBUG | .a.s.ParticipantScoreScheduleService : Updating the participant score for exercise 2542 and participant 691 took 7 ms.
    23:44:32.997 | 441 ool-1-worker-205 | DEBUG | .c.s.m.InstanceMessageReceiveService : Received schedule participant score for exercise 2543 and participant 690 (result to be deleted: null)
    23:44:32.997 | 441 ool-1-worker-205 | DEBUG | .a.s.ParticipantScoreScheduleService : Scheduled task for exercise 2543 and participant 690 at 2025-02-14T23:44:33.097579110Z[Etc/UTC].
    23:44:33.004 | 441 ool-1-worker-205 | DEBUG | .c.s.m.InstanceMessageReceiveService : Received schedule participant score for exercise 2543 and participant 690 (result to be deleted: null)
    23:44:33.004 | 441 ool-1-worker-205 | DEBUG | .a.s.ParticipantScoreScheduleService : Scheduled task for exercise 2543 and participant 690 at 2025-02-14T23:44:33.104595364Z[Etc/UTC].
    23:44:33.020 | 329 taskScheduler-4  | DEBUG | .a.s.ParticipantScoreScheduleService : Processing exercise 2542 and participant 692 to update participant scores.
    23:44:33.026 | 329 taskScheduler-4  | DEBUG | .a.s.ParticipantScoreScheduleService : Updated participant score 340.
    23:44:33.026 | 329 taskScheduler-4  | DEBUG | .a.s.ParticipantScoreScheduleService : Updating the participant score for exercise 2542 and participant 692 took 6 ms.
    23:44:33.029 | 441 ool-1-worker-205 | DEBUG | .c.s.m.InstanceMessageReceiveService : Received schedule participant score for exercise 2543 and participant 691 (result to be deleted: null)
    23:44:33.029 | 441 ool-1-worker-205 | DEBUG | .a.s.ParticipantScoreScheduleService : Scheduled task for exercise 2543 and participant 691 at 2025-02-14T23:44:33.129368141Z[Etc/UTC].
    23:44:33.035 | 441 ool-1-worker-205 | DEBUG | .c.s.m.InstanceMessageReceiveService : Received schedule participant score for exercise 2543 and participant 691 (result to be deleted: null)
    23:44:33.035 | 441 ool-1-worker-205 | DEBUG | .a.s.ParticipantScoreScheduleService : Scheduled task for exercise 2543 and participant 691 at 2025-02-14T23:44:33.135416991Z[Etc/UTC].
    23:44:33.047 | 328 taskScheduler-3  | DEBUG | .a.s.ParticipantScoreScheduleService : Processing exercise 2542 and participant 693 to update participant scores.
    23:44:33.053 | 328 taskScheduler-3  | DEBUG | .a.s.ParticipantScoreScheduleService : Updated participant score 341.
    23:44:33.053 | 328 taskScheduler-3  | DEBUG | .a.s.ParticipantScoreScheduleService : Updating the participant score for exercise 2542 and participant 693 took 6 ms.
    23:44:33.061 | 441 ool-1-worker-205 | DEBUG | .c.s.m.InstanceMessageReceiveService : Received schedule participant score for exercise 2543 and participant 692 (result to be deleted: null)
    23:44:33.061 | 441 ool-1-worker-205 | DEBUG | .a.s.ParticipantScoreScheduleService : Scheduled task for exercise 2543 and participant 692 at 2025-02-14T23:44:33.161240388Z[Etc/UTC].
    23:44:33.067 | 441 ool-1-worker-205 | DEBUG | .c.s.m.InstanceMessageReceiveService : Received schedule participant score for exercise 2543 and participant 692 (result to be deleted: null)
    23:44:33.067 | 441 ool-1-worker-205 | DEBUG | .a.s.ParticipantScoreScheduleService : Scheduled task for exercise 2543 and participant 692 at 2025-02-14T23:44:33.167700234Z[Etc/UTC].
    23:44:33.071 | 326 taskScheduler-1  | DEBUG | .a.s.ParticipantScoreScheduleService : Processing exercise 2543 and participant 689 to update participant scores.
    23:44:33.076 | 326 taskScheduler-1  | DEBUG | .a.s.ParticipantScoreScheduleService : Updated participant score 342.
    23:44:33.076 | 326 taskScheduler-1  | DEBUG | .a.s.ParticipantScoreScheduleService : Updating the participant score for exercise 2543 and participant 689 took 5 ms.
    23:44:33.085 | 441 ool-1-worker-205 | DEBUG | .c.s.m.InstanceMessageReceiveService : Received schedule participant score for exercise 2543 and participant 693 (result to be deleted: null)
    23:44:33.085 | 441 ool-1-worker-205 | DEBUG | .a.s.ParticipantScoreScheduleService : Scheduled task for exercise 2543 and participant 693 at 2025-02-14T23:44:33.185141349Z[Etc/UTC].
    23:44:33.091 | 441 ool-1-worker-205 | DEBUG | .c.s.m.InstanceMessageReceiveService : Received schedule participant score for exercise 2543 and participant 693 (result to be deleted: null)
    23:44:33.091 | 441 ool-1-worker-205 | DEBUG | .a.s.ParticipantScoreScheduleService : Scheduled task for exercise 2543 and participant 693 at 2025-02-14T23:44:33.191552635Z[Etc/UTC].
    23:44:33.104 | 327 taskScheduler-2  | DEBUG | .a.s.ParticipantScoreScheduleService : Processing exercise 2543 and participant 690 to update participant scores.
    23:44:33.111 | 327 taskScheduler-2  | DEBUG | .a.s.ParticipantScoreScheduleService : Updated participant score 343.
    23:44:33.113 | 327 taskScheduler-2  | DEBUG | .a.s.ParticipantScoreScheduleService : Updating the participant score for exercise 2543 and participant 690 took 9 ms.
    23:44:33.121 | 441 ool-1-worker-205 | DEBUG | .c.s.m.InstanceMessageReceiveService : Received schedule participant score for exercise 2544 and participant 689 (result to be deleted: null)
    23:44:33.121 | 441 ool-1-worker-205 | DEBUG | .a.s.ParticipantScoreScheduleService : Scheduled task for exercise 2544 and participant 689 at 2025-02-14T23:44:33.221683293Z[Etc/UTC].
    23:44:33.128 | 441 ool-1-worker-205 | DEBUG | .c.s.m.InstanceMessageReceiveService : Received schedule participant score for exercise 2544 and participant 689 (result to be deleted: null)
    23:44:33.128 | 441 ool-1-worker-205 | DEBUG | .a.s.ParticipantScoreScheduleService : Scheduled task for exercise 2544 and participant 689 at 2025-02-14T23:44:33.228139162Z[Etc/UTC].
    23:44:33.135 | 329 taskScheduler-4  | DEBUG | .a.s.ParticipantScoreScheduleService : Processing exercise 2543 and participant 691 to update participant scores.
    23:44:33.140 | 329 taskScheduler-4  | DEBUG | .a.s.ParticipantScoreScheduleService : Updated participant score 344.
    23:44:33.140 | 329 taskScheduler-4  | DEBUG | .a.s.ParticipantScoreScheduleService : Updating the participant score for exercise 2543 and participant 691 took 5 ms.
    23:44:33.158 | 441 ool-1-worker-205 | DEBUG | .c.s.m.InstanceMessageReceiveService : Received schedule participant score for exercise 2544 and participant 690 (result to be deleted: null)
    23:44:33.158 | 441 ool-1-worker-205 | DEBUG | .a.s.ParticipantScoreScheduleService : Scheduled task for exercise 2544 and participant 690 at 2025-02-14T23:44:33.258602821Z[Etc/UTC].
    23:44:33.164 | 441 ool-1-worker-205 | DEBUG | .c.s.m.InstanceMessageReceiveService : Received schedule participant score for exercise 2544 and participant 690 (result to be deleted: null)
    23:44:33.164 | 441 ool-1-worker-205 | DEBUG | .a.s.ParticipantScoreScheduleService : Scheduled task for exercise 2544 and participant 690 at 2025-02-14T23:44:33.264807953Z[Etc/UTC].
    23:44:33.167 | 328 taskScheduler-3  | DEBUG | .a.s.ParticipantScoreScheduleService : Processing exercise 2543 and participant 692 to update participant scores.
    23:44:33.172 | 328 taskScheduler-3  | DEBUG | .a.s.ParticipantScoreScheduleService : Updated participant score 345.
    23:44:33.176 | 328 taskScheduler-3  | DEBUG | .a.s.ParticipantScoreScheduleService : Updating the participant score for exercise 2543 and participant 692 took 9 ms.
    23:44:33.191 | 326 taskScheduler-1  | DEBUG | .a.s.ParticipantScoreScheduleService : Processing exercise 2543 and participant 693 to update participant scores.
    23:44:33.197 | 441 ool-1-worker-205 | DEBUG | .c.s.m.InstanceMessageReceiveService : Received schedule participant score for exercise 2544 and participant 691 (result to be deleted: null)
    23:44:33.197 | 441 ool-1-worker-205 | DEBUG | .a.s.ParticipantScoreScheduleService : Scheduled task for exercise 2544 and participant 691 at 2025-02-14T23:44:33.297564488Z[Etc/UTC].
    23:44:33.202 | 326 taskScheduler-1  | DEBUG | .a.s.ParticipantScoreScheduleService : Updated participant score 346.
    23:44:33.203 | 326 taskScheduler-1  | DEBUG | .a.s.ParticipantScoreScheduleService : Updating the participant score for exercise 2543 and participant 693 took 12 ms.
    23:44:33.203 | 441 ool-1-worker-205 | DEBUG | .c.s.m.InstanceMessageReceiveService : Received schedule participant score for exercise 2544 and participant 691 (result to be deleted: null)
    23:44:33.203 | 441 ool-1-worker-205 | DEBUG | .a.s.ParticipantScoreScheduleService : Scheduled task for exercise 2544 and participant 691 at 2025-02-14T23:44:33.303902958Z[Etc/UTC].
    23:44:33.228 | 327 taskScheduler-2  | DEBUG | .a.s.ParticipantScoreScheduleService : Processing exercise 2544 and participant 689 to update participant scores.
    23:44:33.230 | 441 ool-1-worker-205 | DEBUG | .c.s.m.InstanceMessageReceiveService : Received schedule participant score for exercise 2544 and participant 692 (result to be deleted: null)
    23:44:33.230 | 441 ool-1-worker-205 | DEBUG | .a.s.ParticipantScoreScheduleService : Scheduled task for exercise 2544 and participant 692 at 2025-02-14T23:44:33.330243940Z[Etc/UTC].
    23:44:33.234 | 327 taskScheduler-2  | DEBUG | .a.s.ParticipantScoreScheduleService : Updated participant score 347.
    23:44:33.235 | 327 taskScheduler-2  | DEBUG | .a.s.ParticipantScoreScheduleService : Updating the participant score for exercise 2544 and participant 689 took 7 ms.
    23:44:33.236 | 441 ool-1-worker-205 | DEBUG | .c.s.m.InstanceMessageReceiveService : Received schedule participant score for exercise 2544 and participant 692 (result to be deleted: null)
    23:44:33.236 | 441 ool-1-worker-205 | DEBUG | .a.s.ParticipantScoreScheduleService : Scheduled task for exercise 2544 and participant 692 at 2025-02-14T23:44:33.336841323Z[Etc/UTC].
    23:44:33.259 | 441 ool-1-worker-205 | DEBUG | .c.s.m.InstanceMessageReceiveService : Received schedule participant score for exercise 2544 and participant 693 (result to be deleted: null)
    23:44:33.259 | 441 ool-1-worker-205 | DEBUG | .a.s.ParticipantScoreScheduleService : Scheduled task for exercise 2544 and participant 693 at 2025-02-14T23:44:33.359518472Z[Etc/UTC].
    23:44:33.264 | 329 taskScheduler-4  | DEBUG | .a.s.ParticipantScoreScheduleService : Processing exercise 2544 and participant 690 to update participant scores.
    23:44:33.268 | 441 ool-1-worker-205 | DEBUG | .c.s.m.InstanceMessageReceiveService : Received schedule participant score for exercise 2544 and participant 693 (result to be deleted: null)
    23:44:33.268 | 441 ool-1-worker-205 | DEBUG | .a.s.ParticipantScoreScheduleService : Scheduled task for exercise 2544 and participant 693 at 2025-02-14T23:44:33.368315817Z[Etc/UTC].
    23:44:33.276 | 329 taskScheduler-4  | DEBUG | .a.s.ParticipantScoreScheduleService : Updated participant score 348.
    23:44:33.277 | 329 taskScheduler-4  | DEBUG | .a.s.ParticipantScoreScheduleService : Updating the participant score for exercise 2544 and participant 690 took 13 ms.
    23:44:33.298 | 441 ool-1-worker-205 | DEBUG | .c.s.m.InstanceMessageReceiveService : Received schedule participant score for exercise 2545 and participant 689 (result to be deleted: null)
    23:44:33.298 | 441 ool-1-worker-205 | DEBUG | .a.s.ParticipantScoreScheduleService : Scheduled task for exercise 2545 and participant 689 at 2025-02-14T23:44:33.398518219Z[Etc/UTC].
    23:44:33.303 | 328 taskScheduler-3  | DEBUG | .a.s.ParticipantScoreScheduleService : Processing exercise 2544 and participant 691 to update participant scores.
    23:44:33.306 | 441 ool-1-worker-205 | DEBUG | .c.s.m.InstanceMessageReceiveService : Received schedule participant score for exercise 2545 and participant 689 (result to be deleted: null)
    23:44:33.306 | 441 ool-1-worker-205 | DEBUG | .a.s.ParticipantScoreScheduleService : Scheduled task for exercise 2545 and participant 689 at 2025-02-14T23:44:33.406831853Z[Etc/UTC].
    23:44:33.314 | 328 taskScheduler-3  | DEBUG | .a.s.ParticipantScoreScheduleService : Updated participant score 349.
    23:44:33.314 | 328 taskScheduler-3  | DEBUG | .a.s.ParticipantScoreScheduleService : Updating the participant score for exercise 2544 and participant 691 took 11 ms.
    23:44:33.336 | 326 taskScheduler-1  | DEBUG | .a.s.ParticipantScoreScheduleService : Processing exercise 2544 and participant 692 to update participant scores.
    23:44:33.339 | 441 ool-1-worker-205 | DEBUG | .c.s.m.InstanceMessageReceiveService : Received schedule participant score for exercise 2545 and participant 690 (result to be deleted: null)
    23:44:33.339 | 441 ool-1-worker-205 | DEBUG | .a.s.ParticipantScoreScheduleService : Scheduled task for exercise 2545 and participant 690 at 2025-02-14T23:44:33.439935936Z[Etc/UTC].
    23:44:33.346 | 326 taskScheduler-1  | DEBUG | .a.s.ParticipantScoreScheduleService : Updated participant score 350.
    23:44:33.348 | 441 ool-1-worker-205 | DEBUG | .c.s.m.InstanceMessageReceiveService : Received schedule participant score for exercise 2545 and participant 690 (result to be deleted: null)
    23:44:33.348 | 441 ool-1-worker-205 | DEBUG | .a.s.ParticipantScoreScheduleService : Scheduled task for exercise 2545 and participant 690 at 2025-02-14T23:44:33.448195218Z[Etc/UTC].
    23:44:33.348 | 326 taskScheduler-1  | DEBUG | .a.s.ParticipantScoreScheduleService : Updating the participant score for exercise 2544 and participant 692 took 11 ms.
    23:44:33.368 | 327 taskScheduler-2  | DEBUG | .a.s.ParticipantScoreScheduleService : Processing exercise 2544 and participant 693 to update participant scores.
    23:44:33.373 | 327 taskScheduler-2  | DEBUG | .a.s.ParticipantScoreScheduleService : Updated participant score 351.
    23:44:33.373 | 327 taskScheduler-2  | DEBUG | .a.s.ParticipantScoreScheduleService : Updating the participant score for exercise 2544 and participant 693 took 5 ms.
    23:44:33.375 | 441 ool-1-worker-205 | DEBUG | .c.s.m.InstanceMessageReceiveService : Received schedule participant score for exercise 2545 and participant 691 (result to be deleted: null)
    23:44:33.376 | 441 ool-1-worker-205 | DEBUG | .a.s.ParticipantScoreScheduleService : Scheduled task for exercise 2545 and participant 691 at 2025-02-14T23:44:33.476035055Z[Etc/UTC].
    23:44:33.382 | 441 ool-1-worker-205 | DEBUG | .c.s.m.InstanceMessageReceiveService : Received schedule participant score for exercise 2545 and participant 691 (result to be deleted: null)
    23:44:33.382 | 441 ool-1-worker-205 | DEBUG | .a.s.ParticipantScoreScheduleService : Scheduled task for exercise 2545 and participant 691 at 2025-02-14T23:44:33.482842740Z[Etc/UTC].
    23:44:33.406 | 329 taskScheduler-4  | DEBUG | .a.s.ParticipantScoreScheduleService : Processing exercise 2545 and participant 689 to update participant scores.
    23:44:33.413 | 441 ool-1-worker-205 | DEBUG | .c.s.m.InstanceMessageReceiveService : Received schedule participant score for exercise 2545 and participant 692 (result to be deleted: null)
    23:44:33.413 | 441 ool-1-worker-205 | DEBUG | .a.s.ParticipantScoreScheduleService : Scheduled task for exercise 2545 and participant 692 at 2025-02-14T23:44:33.513284890Z[Etc/UTC].
    23:44:33.416 | 329 taskScheduler-4  | DEBUG | .a.s.ParticipantScoreScheduleService : Updated participant score 352.
    23:44:33.417 | 329 taskScheduler-4  | DEBUG | .a.s.ParticipantScoreScheduleService : Updating the participant score for exercise 2545 and participant 689 took 11 ms.
    23:44:33.421 | 441 ool-1-worker-205 | DEBUG | .c.s.m.InstanceMessageReceiveService : Received schedule participant score for exercise 2545 and participant 692 (result to be deleted: null)
    23:44:33.421 | 441 ool-1-worker-205 | DEBUG | .a.s.ParticipantScoreScheduleService : Scheduled task for exercise 2545 and participant 692 at 2025-02-14T23:44:33.521055670Z[Etc/UTC].
    23:44:33.443 | 441 ool-1-worker-205 | DEBUG | .c.s.m.InstanceMessageReceiveService : Received schedule participant score for exercise 2545 and participant 693 (result to be deleted: null)
    23:44:33.443 | 441 ool-1-worker-205 | DEBUG | .a.s.ParticipantScoreScheduleService : Scheduled task for exercise 2545 and participant 693 at 2025-02-14T23:44:33.543812468Z[Etc/UTC].
    23:44:33.448 | 328 taskScheduler-3  | DEBUG | .a.s.ParticipantScoreScheduleService : Processing exercise 2545 and participant 690 to update participant scores.
    23:44:33.450 | 441 ool-1-worker-205 | DEBUG | .c.s.m.InstanceMessageReceiveService : Received schedule participant score for exercise 2545 and participant 693 (result to be deleted: null)
    23:44:33.450 | 441 ool-1-worker-205 | DEBUG | .a.s.ParticipantScoreScheduleService : Scheduled task for exercise 2545 and participant 693 at 2025-02-14T23:44:33.550412255Z[Etc/UTC].
    23:44:33.458 | 328 taskScheduler-3  | DEBUG | .a.s.ParticipantScoreScheduleService : Updated participant score 353.
    23:44:33.459 | 328 taskScheduler-3  | DEBUG | .a.s.ParticipantScoreScheduleService : Updating the participant score for exercise 2545 and participant 690 took 11 ms.
    23:44:33.469 | 441 ool-1-worker-205 | DEBUG | .c.s.m.InstanceMessageReceiveService : Received schedule participant score for exercise 2546 and participant 689 (result to be deleted: null)
    23:44:33.469 | 441 ool-1-worker-205 | DEBUG | .a.s.ParticipantScoreScheduleService : Scheduled task for exercise 2546 and participant 689 at 2025-02-14T23:44:33.569077253Z[Etc/UTC].
    23:44:33.476 | 441 ool-1-worker-205 | DEBUG | .c.s.m.InstanceMessageReceiveService : Received schedule participant score for exercise 2546 and participant 689 (result to be deleted: null)
    23:44:33.476 | 441 ool-1-worker-205 | DEBUG | .a.s.ParticipantScoreScheduleService : Scheduled task for exercise 2546 and participant 689 at 2025-02-14T23:44:33.576078208Z[Etc/UTC].
    23:44:33.482 | 329 taskScheduler-4  | DEBUG | .a.s.ParticipantScoreScheduleService : Processing exercise 2545 and participant 691 to update participant scores.
    23:44:33.491 | 329 taskScheduler-4  | DEBUG | .a.s.ParticipantScoreScheduleService : Updated participant score 354.
    23:44:33.491 | 329 taskScheduler-4  | DEBUG | .a.s.ParticipantScoreScheduleService : Updating the participant score for exercise 2545 and participant 691 took 9 ms.
    23:44:33.503 | 441 ool-1-worker-205 | DEBUG | .c.s.m.InstanceMessageReceiveService : Received schedule participant score for exercise 2546 and participant 690 (result to be deleted: null)
    23:44:33.503 | 441 ool-1-worker-205 | DEBUG | .a.s.ParticipantScoreScheduleService : Scheduled task for exercise 2546 and participant 690 at 2025-02-14T23:44:33.603642881Z[Etc/UTC].
    23:44:33.510 | 441 ool-1-worker-205 | DEBUG | .c.s.m.InstanceMessageReceiveService : Received schedule participant score for exercise 2546 and participant 690 (result to be deleted: null)
    23:44:33.510 | 441 ool-1-worker-205 | DEBUG | .a.s.ParticipantScoreScheduleService : Scheduled task for exercise 2546 and participant 690 at 2025-02-14T23:44:33.610316056Z[Etc/UTC].
    23:44:33.521 | 327 taskScheduler-2  | DEBUG | .a.s.ParticipantScoreScheduleService : Processing exercise 2545 and participant 692 to update participant scores.
    23:44:33.529 | 327 taskScheduler-2  | DEBUG | .a.s.ParticipantScoreScheduleService : Updated participant score 355.
    23:44:33.530 | 327 taskScheduler-2  | DEBUG | .a.s.ParticipantScoreScheduleService : Updating the participant score for exercise 2545 and participant 692 took 9 ms.
    23:44:33.532 | 441 ool-1-worker-205 | DEBUG | .c.s.m.InstanceMessageReceiveService : Received schedule participant score for exercise 2546 and participant 691 (result to be deleted: null)
    23:44:33.532 | 441 ool-1-worker-205 | DEBUG | .a.s.ParticipantScoreScheduleService : Scheduled task for exercise 2546 and participant 691 at 2025-02-14T23:44:33.632716499Z[Etc/UTC].
    23:44:33.539 | 441 ool-1-worker-205 | DEBUG | .c.s.m.InstanceMessageReceiveService : Received schedule participant score for exercise 2546 and participant 691 (result to be deleted: null)
    23:44:33.539 | 441 ool-1-worker-205 | DEBUG | .a.s.ParticipantScoreScheduleService : Scheduled task for exercise 2546 and participant 691 at 2025-02-14T23:44:33.639432172Z[Etc/UTC].
    23:44:33.550 | 326 taskScheduler-1  | DEBUG | .a.s.ParticipantScoreScheduleService : Processing exercise 2545 and participant 693 to update participant scores.
    23:44:33.558 | 326 taskScheduler-1  | DEBUG | .a.s.ParticipantScoreScheduleService : Updated participant score 356.
    23:44:33.558 | 326 taskScheduler-1  | DEBUG | .a.s.ParticipantScoreScheduleService : Updating the participant score for exercise 2545 and participant 693 took 8 ms.
    23:44:33.566 | 441 ool-1-worker-205 | DEBUG | .c.s.m.InstanceMessageReceiveService : Received schedule participant score for exercise 2546 and participant 692 (result to be deleted: null)
    23:44:33.566 | 441 ool-1-worker-205 | DEBUG | .a.s.ParticipantScoreScheduleService : Scheduled task for exercise 2546 and participant 692 at 2025-02-14T23:44:33.666252948Z[Etc/UTC].
    23:44:33.574 | 441 ool-1-worker-205 | DEBUG | .c.s.m.InstanceMessageReceiveService : Received schedule participant score for exercise 2546 and participant 692 (result to be deleted: null)
    23:44:33.574 | 441 ool-1-worker-205 | DEBUG | .a.s.ParticipantScoreScheduleService : Scheduled task for exercise 2546 and participant 692 at 2025-02-14T23:44:33.674091195Z[Etc/UTC].
    23:44:33.576 | 328 taskScheduler-3  | DEBUG | .a.s.ParticipantScoreScheduleService : Processing exercise 2546 and participant 689 to update participant scores.
    23:44:33.585 | 328 taskScheduler-3  | DEBUG | .a.s.ParticipantScoreScheduleService : Updated participant score 357.
    23:44:33.589 | 328 taskScheduler-3  | DEBUG | .a.s.ParticipantScoreScheduleService : Updating the participant score for exercise 2546 and participant 689 took 13 ms.
    23:44:33.594 | 441 ool-1-worker-205 | DEBUG | .c.s.m.InstanceMessageReceiveService : Received schedule participant score for exercise 2546 and participant 693 (result to be deleted: null)
    23:44:33.594 | 441 ool-1-worker-205 | DEBUG | .a.s.ParticipantScoreScheduleService : Scheduled task for exercise 2546 and participant 693 at 2025-02-14T23:44:33.694675532Z[Etc/UTC].
    23:44:33.601 | 441 ool-1-worker-205 | DEBUG | .c.s.m.InstanceMessageReceiveService : Received schedule participant score for exercise 2546 and participant 693 (result to be deleted: null)
    23:44:33.601 | 441 ool-1-worker-205 | DEBUG | .a.s.ParticipantScoreScheduleService : Scheduled task for exercise 2546 and participant 693 at 2025-02-14T23:44:33.701907808Z[Etc/UTC].
    23:44:33.610 | 329 taskScheduler-4  | DEBUG | .a.s.ParticipantScoreScheduleService : Processing exercise 2546 and participant 690 to update participant scores.
    23:44:33.618 | 329 taskScheduler-4  | DEBUG | .a.s.ParticipantScoreScheduleService : Updated participant score 358.
    23:44:33.619 | 329 taskScheduler-4  | DEBUG | .a.s.ParticipantScoreScheduleService : Updating the participant score for exercise 2546 and participant 690 took 9 ms.
    23:44:33.636 | 441 ool-1-worker-205 | DEBUG | .c.s.m.InstanceMessageReceiveService : Received schedule participant score for exercise 2547 and participant 689 (result to be deleted: null)
    23:44:33.636 | 441 ool-1-worker-205 | DEBUG | .a.s.ParticipantScoreScheduleService : Scheduled task for exercise 2547 and participant 689 at 2025-02-14T23:44:33.736464951Z[Etc/UTC].
    23:44:33.639 | 328 taskScheduler-3  | DEBUG | .a.s.ParticipantScoreScheduleService : Processing exercise 2546 and participant 691 to update participant scores.
    23:44:33.643 | 441 ool-1-worker-205 | DEBUG | .c.s.m.InstanceMessageReceiveService : Received schedule participant score for exercise 2547 and participant 689 (result to be deleted: null)
    23:44:33.643 | 441 ool-1-worker-205 | DEBUG | .a.s.ParticipantScoreScheduleService : Scheduled task for exercise 2547 and participant 689 at 2025-02-14T23:44:33.743396748Z[Etc/UTC].
    23:44:33.651 | 328 taskScheduler-3  | DEBUG | .a.s.ParticipantScoreScheduleService : Updated participant score 359.
    23:44:33.651 | 328 taskScheduler-3  | DEBUG | .a.s.ParticipantScoreScheduleService : Updating the participant score for exercise 2546 and participant 691 took 12 ms.
    23:44:33.674 | 326 taskScheduler-1  | DEBUG | .a.s.ParticipantScoreScheduleService : Processing exercise 2546 and participant 692 to update participant scores.
    23:44:33.678 | 441 ool-1-worker-205 | DEBUG | .c.s.m.InstanceMessageReceiveService : Received schedule participant score for exercise 2547 and participant 690 (result to be deleted: null)
    23:44:33.678 | 441 ool-1-worker-205 | DEBUG | .a.s.ParticipantScoreScheduleService : Scheduled task for exercise 2547 and participant 690 at 2025-02-14T23:44:33.778571292Z[Etc/UTC].
    23:44:33.683 | 326 taskScheduler-1  | DEBUG | .a.s.ParticipantScoreScheduleService : Updated participant score 360.
    23:44:33.684 | 326 taskScheduler-1  | DEBUG | .a.s.ParticipantScoreScheduleService : Updating the participant score for exercise 2546 and participant 692 took 10 ms.
    23:44:33.688 | 441 ool-1-worker-205 | DEBUG | .c.s.m.InstanceMessageReceiveService : Received schedule participant score for exercise 2547 and participant 690 (result to be deleted: null)
    23:44:33.688 | 441 ool-1-worker-205 | DEBUG | .a.s.ParticipantScoreScheduleService : Scheduled task for exercise 2547 and participant 690 at 2025-02-14T23:44:33.788442190Z[Etc/UTC].
    23:44:33.702 | 327 taskScheduler-2  | DEBUG | .a.s.ParticipantScoreScheduleService : Processing exercise 2546 and participant 693 to update participant scores.
    23:44:33.710 | 327 taskScheduler-2  | DEBUG | .a.s.ParticipantScoreScheduleService : Updated participant score 361.
    23:44:33.711 | 327 taskScheduler-2  | DEBUG | .a.s.ParticipantScoreScheduleService : Updating the participant score for exercise 2546 and participant 693 took 10 ms.
    23:44:33.717 | 441 ool-1-worker-205 | DEBUG | .c.s.m.InstanceMessageReceiveService : Received schedule participant score for exercise 2547 and participant 691 (result to be deleted: null)
    23:44:33.717 | 441 ool-1-worker-205 | DEBUG | .a.s.ParticipantScoreScheduleService : Scheduled task for exercise 2547 and participant 691 at 2025-02-14T23:44:33.817451177Z[Etc/UTC].
    23:44:33.724 | 441 ool-1-worker-205 | DEBUG | .c.s.m.InstanceMessageReceiveService : Received schedule participant score for exercise 2547 and participant 691 (result to be deleted: null)
    23:44:33.724 | 441 ool-1-worker-205 | DEBUG | .a.s.ParticipantScoreScheduleService : Scheduled task for exercise 2547 and participant 691 at 2025-02-14T23:44:33.824786836Z[Etc/UTC].
    23:44:33.743 | 329 taskScheduler-4  | DEBUG | .a.s.ParticipantScoreScheduleService : Processing exercise 2547 and participant 689 to update participant scores.
    23:44:33.750 | 329 taskScheduler-4  | DEBUG | .a.s.ParticipantScoreScheduleService : Updated participant score 362.
    23:44:33.751 | 329 taskScheduler-4  | DEBUG | .a.s.ParticipantScoreScheduleService : Updating the participant score for exercise 2547 and participant 689 took 8 ms.
    23:44:33.757 | 441 ool-1-worker-205 | DEBUG | .c.s.m.InstanceMessageReceiveService : Received schedule participant score for exercise 2547 and participant 692 (result to be deleted: null)
    23:44:33.757 | 441 ool-1-worker-205 | DEBUG | .a.s.ParticipantScoreScheduleService : Scheduled task for exercise 2547 and participant 692 at 2025-02-14T23:44:33.857425392Z[Etc/UTC].
    23:44:33.763 | 441 ool-1-worker-205 | DEBUG | .c.s.m.InstanceMessageReceiveService : Received schedule participant score for exercise 2547 and participant 692 (result to be deleted: null)
    23:44:33.763 | 441 ool-1-worker-205 | DEBUG | .a.s.ParticipantScoreScheduleService : Scheduled task for exercise 2547 and participant 692 at 2025-02-14T23:44:33.863739126Z[Etc/UTC].
    23:44:33.787 | 441 ool-1-worker-205 | DEBUG | .c.s.m.InstanceMessageReceiveService : Received schedule participant score for exercise 2547 and participant 693 (result to be deleted: null)
    23:44:33.787 | 441 ool-1-worker-205 | DEBUG | .a.s.ParticipantScoreScheduleService : Scheduled task for exercise 2547 and participant 693 at 2025-02-14T23:44:33.887903518Z[Etc/UTC].
    23:44:33.788 | 328 taskScheduler-3  | DEBUG | .a.s.ParticipantScoreScheduleService : Processing exercise 2547 and participant 690 to update participant scores.
    23:44:33.795 | 441 ool-1-worker-205 | DEBUG | .c.s.m.InstanceMessageReceiveService : Received schedule participant score for exercise 2547 and participant 693 (result to be deleted: null)
    23:44:33.795 | 441 ool-1-worker-205 | DEBUG | .a.s.ParticipantScoreScheduleService : Scheduled task for exercise 2547 and participant 693 at 2025-02-14T23:44:33.895704706Z[Etc/UTC].
    23:44:33.797 | 441 ool-1-worker-205 | DEBUG | d.t.c.a.a.c.s.f.ApiVersionFilter     : Adding Version to Request GET /api/courses/823/stats-for-assessment-dashboard
    23:44:33.802 | 328 taskScheduler-3  | DEBUG | .a.s.ParticipantScoreScheduleService : Updated participant score 363.
    23:44:33.802 | 328 taskScheduler-3  | DEBUG | .a.s.ParticipantScoreScheduleService : Updating the participant score for exercise 2547 and participant 690 took 14 ms.
    23:44:33.824 | 326 taskScheduler-1  | DEBUG | .a.s.ParticipantScoreScheduleService : Processing exercise 2547 and participant 691 to update participant scores.
    23:44:33.835 | 326 taskScheduler-1  | DEBUG | .a.s.ParticipantScoreScheduleService : Updated participant score 364.
    23:44:33.836 | 326 taskScheduler-1  | DEBUG | .a.s.ParticipantScoreScheduleService : Updating the participant score for exercise 2547 and participant 691 took 12 ms.

  Starting logs for CourseGitlabJenkinsIntegrationTest > testArchiveCourseWithTestModelingAndFileUploadExercises()
    23:44:33.859 | 441 ool-1-worker-205 | DEBUG | d.t.c.a.a.c.u.util.UserUtilService   : Generate 8 students...
    23:44:33.870 | 441 ool-1-worker-205 | DEBUG | d.t.c.a.a.c.u.util.UserUtilService   : 8 students generated. Generate 5 tutors...
    23:44:33.878 | 441 ool-1-worker-205 | DEBUG | d.t.c.a.a.c.u.util.UserUtilService   : 5 tutors generated. Generate 1 editors...
    23:44:33.881 | 441 ool-1-worker-205 | DEBUG | d.t.c.a.a.c.u.util.UserUtilService   : 1 editors generated. Generate 1 instructors...
    23:44:33.883 | 441 ool-1-worker-205 | DEBUG | d.t.c.a.a.c.u.util.UserUtilService   : 1 instructors generated
    23:44:33.886 | 441 ool-1-worker-205 | DEBUG | d.t.c.a.a.c.u.util.UserUtilService   : Removing 16 users from all courses...
    23:44:33.887 | 441 ool-1-worker-205 | DEBUG | d.t.c.a.a.c.u.util.UserUtilService   : Removing 16 users from all courses. Done
    23:44:33.887 | 441 ool-1-worker-205 | DEBUG | d.t.c.a.a.c.u.util.UserUtilService   : Save 15 users to database...
    23:44:33.897 | 441 ool-1-worker-205 | DEBUG | d.t.c.a.a.c.u.util.UserUtilService   : Save 15 users to database. Done
    23:44:33.910 | 441 ool-1-worker-205 | INFO  | i.z.t.d.l.EmbeddedDatabaseReporter   : JDBC URL to connect to 'dataSource': url='jdbc:h2:tcp://localhost:41063/mem:736625c0-cf5e-400d-aeaa-8a7eabd6262b;USER=sa', scope='CourseGitlabJenkinsIntegrationTest#testArchiveCourseWithTestModelingAndFileUploadExercises'
    23:44:33.948 | 441 ool-1-worker-205 | DEBUG | d.t.c.a.a.c.s.f.ApiVersionFilter     : Adding Version to Request PUT /api/courses/824/archive
    23:44:33.952 | 441 ool-1-worker-205 | INFO  | d.t.c.a.a.core.web.CourseResource    : REST request to archive Course : 824
    23:44:33.962 |  68 artemis-task-1   | INFO  | d.t.c.a.a.core.service.CourseService : Created the course archives directory at exports/server-integration-test/courses because it didn't exist.
    23:44:33.963 |  68 artemis-task-1   | INFO  | .c.a.a.c.s.e.CourseExamExportService : Exporting course exercises for course 824 and title Course title b75b6e2c-a3f9-422a-b55f-cddb83512c2d
    23:44:33.963 |  68 artemis-task-1   | INFO  | .c.a.a.c.s.e.CourseExamExportService : Exporting modeling exercise Modeling with id 2548 
    23:44:33.968 |  68 artemis-task-1   | DEBUG | ExerciseWithSubmissionsExportService : Found embedded files: [] 
    23:44:33.968 |  68 artemis-task-1   | DEBUG | ExerciseWithSubmissionsExportService : Found embedded files: [] 
    23:44:33.974 |  68 artemis-task-1   | INFO  | .c.a.a.c.s.e.CourseExamExportService : Exporting text exercise Text with id 2549 
    23:44:33.976 |  68 artemis-task-1   | DEBUG | ExerciseWithSubmissionsExportService : Found embedded files: [] 
    23:44:33.976 |  68 artemis-task-1   | DEBUG | ExerciseWithSubmissionsExportService : Found embedded files: [] 
    23:44:33.985 |  68 artemis-task-1   | INFO  | .c.a.a.c.s.e.CourseExamExportService : Exporting file-upload exercise FileUpload with id 2550 
    23:44:33.986 |  68 artemis-task-1   | DEBUG | ExerciseWithSubmissionsExportService : Found embedded files: [] 
    23:44:33.986 |  68 artemis-task-1   | DEBUG | ExerciseWithSubmissionsExportService : Found embedded files: [] 
    23:44:33.994 |  68 artemis-task-1   | WARN  | .c.a.a.c.s.e.CourseExamExportService : Skipping exam export since the course does not have any exams
    23:44:34.011 |  68 artemis-task-1   | INFO  | .c.a.a.c.s.e.CourseExamExportService : Successfully created zip file: exports/server-integration-test/courses/short9f396f120d9fd04eac08b480c54ba3ae8473-Course_title_b75b6e2c-a3f9-422a-b55f-cddb83512c2d-20250214-234433.zip
    23:44:34.012 |  68 artemis-task-1   | INFO  | .c.a.a.c.s.e.CourseExamExportService : Successfully exported course 824. The zip file is located at: exports/server-integration-test/courses/short9f396f120d9fd04eac08b480c54ba3ae8473-Course_title_b75b6e2c-a3f9-422a-b55f-cddb83512c2d-20250214-234433.zip
    23:44:34.020 |  68 artemis-task-1   | INFO  | d.t.c.a.a.core.service.CourseService : archive course took 62.75ms

  Starting logs for CourseGitlabJenkinsIntegrationTest > testFindAllOnlineCoursesForLtiDashboard()
    23:44:34.079 | 441 ool-1-worker-205 | DEBUG | d.t.c.a.a.c.u.util.UserUtilService   : Generate 8 students...
    23:44:34.090 | 441 ool-1-worker-205 | DEBUG | d.t.c.a.a.c.u.util.UserUtilService   : 8 students generated. Generate 5 tutors...
    23:44:34.099 | 441 ool-1-worker-205 | DEBUG | d.t.c.a.a.c.u.util.UserUtilService   : 5 tutors generated. Generate 1 editors...
    23:44:34.102 | 441 ool-1-worker-205 | DEBUG | d.t.c.a.a.c.u.util.UserUtilService   : 1 editors generated. Generate 1 instructors...
    23:44:34.105 | 441 ool-1-worker-205 | DEBUG | d.t.c.a.a.c.u.util.UserUtilService   : 1 instructors generated
    23:44:34.107 | 441 ool-1-worker-205 | DEBUG | d.t.c.a.a.c.u.util.UserUtilService   : Removing 16 users from all courses...
    23:44:34.109 | 441 ool-1-worker-205 | DEBUG | d.t.c.a.a.c.u.util.UserUtilService   : Removing 16 users from all courses. Done
    23:44:34.109 | 441 ool-1-worker-205 | DEBUG | d.t.c.a.a.c.u.util.UserUtilService   : Save 15 users to database...
    23:44:34.119 | 441 ool-1-worker-205 | DEBUG | d.t.c.a.a.c.u.util.UserUtilService   : Save 15 users to database. Done
    23:44:34.130 | 441 ool-1-worker-205 | INFO  | i.z.t.d.l.EmbeddedDatabaseReporter   : JDBC URL to connect to 'dataSource': url='jdbc:h2:tcp://localhost:41063/mem:736625c0-cf5e-400d-aeaa-8a7eabd6262b;USER=sa', scope='CourseGitlabJenkinsIntegrationTest#testFindAllOnlineCoursesForLtiDashboard'
    23:44:34.138 | 441 ool-1-worker-205 | DEBUG | d.t.c.a.a.c.s.f.ApiVersionFilter     : Adding Version to Request GET /api/courses/for-lti-dashboard
    23:44:34.145 | 441 ool-1-worker-205 | DEBUG | d.t.c.a.a.core.web.CourseResource    : REST request to get all online courses the user courseegitlabjenkinsinstructor1 has access to

  Starting logs for CourseGitlabJenkinsIntegrationTest > testExportCourseExam_cannotCreateTmpDir()
    23:44:34.177 | 441 ool-1-worker-205 | DEBUG | d.t.c.a.a.c.u.util.UserUtilService   : Generate 8 students...
    23:44:34.189 | 441 ool-1-worker-205 | DEBUG | d.t.c.a.a.c.u.util.UserUtilService   : 8 students generated. Generate 5 tutors...
    23:44:34.197 | 441 ool-1-worker-205 | DEBUG | d.t.c.a.a.c.u.util.UserUtilService   : 5 tutors generated. Generate 1 editors...
    23:44:34.200 | 441 ool-1-worker-205 | DEBUG | d.t.c.a.a.c.u.util.UserUtilService   : 1 editors generated. Generate 1 instructors...
    23:44:34.203 | 441 ool-1-worker-205 | DEBUG | d.t.c.a.a.c.u.util.UserUtilService   : 1 instructors generated
    23:44:34.205 | 441 ool-1-worker-205 | DEBUG | d.t.c.a.a.c.u.util.UserUtilService   : Removing 16 users from all courses...
    23:44:34.207 | 441 ool-1-worker-205 | DEBUG | d.t.c.a.a.c.u.util.UserUtilService   : Removing 16 users from all courses. Done
    23:44:34.207 | 441 ool-1-worker-205 | DEBUG | d.t.c.a.a.c.u.util.UserUtilService   : Save 15 users to database...
    23:44:34.217 | 441 ool-1-worker-205 | DEBUG | d.t.c.a.a.c.u.util.UserUtilService   : Save 15 users to database. Done
    23:44:34.227 | 441 ool-1-worker-205 | INFO  | i.z.t.d.l.EmbeddedDatabaseReporter   : JDBC URL to connect to 'dataSource': url='jdbc:h2:tcp://localhost:41063/mem:736625c0-cf5e-400d-aeaa-8a7eabd6262b;USER=sa', scope='CourseGitlabJenkinsIntegrationTest#testExportCourseExam_cannotCreateTmpDir'
    23:44:34.267 | 441 ool-1-worker-205 | ERROR | .c.a.a.c.s.e.CourseExamExportService : Failed to export exam 1200 because the temporary directory: ./exports/server-integration-test/courses/_temp-exports_/1200-Real_exam_1-20250214-234434 cannot be created.
java.io.IOException: null

  Starting logs for CourseGitlabJenkinsIntegrationTest > testGetCoursesForEnrollmentAndAccurateTimeZoneEvaluation()
    23:44:34.281 | 441 ool-1-worker-205 | DEBUG | d.t.c.a.a.c.u.util.UserUtilService   : Generate 8 students...
    23:44:34.294 | 441 ool-1-worker-205 | DEBUG | d.t.c.a.a.c.u.util.UserUtilService   : 8 students generated. Generate 5 tutors...
    23:44:34.302 | 441 ool-1-worker-205 | DEBUG | d.t.c.a.a.c.u.util.UserUtilService   : 5 tutors generated. Generate 1 editors...
    23:44:34.305 | 441 ool-1-worker-205 | DEBUG | d.t.c.a.a.c.u.util.UserUtilService   : 1 editors generated. Generate 1 instructors...
    23:44:34.308 | 441 ool-1-worker-205 | DEBUG | d.t.c.a.a.c.u.util.UserUtilService   : 1 instructors generated
    23:44:34.310 | 441 ool-1-worker-205 | DEBUG | d.t.c.a.a.c.u.util.UserUtilService   : Removing 16 users from all courses...
    23:44:34.312 | 441 ool-1-worker-205 | DEBUG | d.t.c.a.a.c.u.util.UserUtilService   : Removing 16 users from all courses. Done
    23:44:34.312 | 441 ool-1-worker-205 | DEBUG | d.t.c.a.a.c.u.util.UserUtilService   : Save 15 users to database...
    23:44:34.322 | 441 ool-1-worker-205 | DEBUG | d.t.c.a.a.c.u.util.UserUtilService   : Save 15 users to database. Done
    23:44:34.333 | 441 ool-1-worker-205 | INFO  | i.z.t.d.l.EmbeddedDatabaseReporter   : JDBC URL to connect to 'dataSource': url='jdbc:h2:tcp://localhost:41063/mem:736625c0-cf5e-400d-aeaa-8a7eabd6262b;USER=sa', scope='CourseGitlabJenkinsIntegrationTest#testGetCoursesForEnrollmentAndAccurateTimeZoneEvaluation'
    23:44:34.336 | 441 ool-1-worker-205 | INFO  | .c.a.a.c.s.TitleCacheEvictionService : Evicted entry '1' from title cache 'courseTitle'
    23:44:34.339 | 441 ool-1-worker-205 | INFO  | .c.a.a.c.s.TitleCacheEvictionService : Evicted entry '2' from title cache 'courseTitle'
    23:44:34.341 | 441 ool-1-worker-205 | INFO  | .c.a.a.c.s.TitleCacheEvictionService : Evicted entry '3' from title cache 'courseTitle'
    23:44:34.347 | 441 ool-1-worker-205 | INFO  | .c.a.a.c.s.TitleCacheEvictionService : Evicted entry '4' from title cache 'courseTitle'
    23:44:34.350 | 441 ool-1-worker-205 | DEBUG | d.t.c.a.a.c.s.f.ApiVersionFilter     : Adding Version to Request GET /api/courses/for-enrollment
    23:44:34.350 | 441 ool-1-worker-205 | DEBUG | d.t.c.a.a.core.web.CourseResource    : REST request to get all currently active courses that are not online courses

  Starting logs for CourseGitlabJenkinsIntegrationTest > testGetCourseForDashboard(boolean) [1] userRefresh=true
    23:44:34.387 | 441 ool-1-worker-205 | DEBUG | d.t.c.a.a.c.u.util.UserUtilService   : Generate 8 students...
    23:44:34.423 | 441 ool-1-worker-205 | DEBUG | d.t.c.a.a.c.u.util.UserUtilService   : 8 students generated. Generate 5 tutors...
    23:44:34.446 | 441 ool-1-worker-205 | DEBUG | d.t.c.a.a.c.u.util.UserUtilService   : 5 tutors generated. Generate 1 editors...
    23:44:34.450 | 441 ool-1-worker-205 | DEBUG | d.t.c.a.a.c.u.util.UserUtilService   : 1 editors generated. Generate 1 instructors...
    23:44:34.456 | 441 ool-1-worker-205 | DEBUG | d.t.c.a.a.c.u.util.UserUtilService   : 1 instructors generated
    23:44:34.458 | 441 ool-1-worker-205 | DEBUG | d.t.c.a.a.c.u.util.UserUtilService   : Removing 16 users from all courses...
    23:44:34.464 | 441 ool-1-worker-205 | DEBUG | d.t.c.a.a.c.u.util.UserUtilService   : Removing 16 users from all courses. Done
    23:44:34.464 | 441 ool-1-worker-205 | DEBUG | d.t.c.a.a.c.u.util.UserUtilService   : Save 15 users to database...
    23:44:34.486 | 441 ool-1-worker-205 | DEBUG | d.t.c.a.a.c.u.util.UserUtilService   : Save 15 users to database. Done
    23:44:34.507 | 441 ool-1-worker-205 | INFO  | i.z.t.d.l.EmbeddedDatabaseReporter   : JDBC URL to connect to 'dataSource': url='jdbc:h2:tcp://localhost:41063/mem:736625c0-cf5e-400d-aeaa-8a7eabd6262b;USER=sa', scope='CourseGitlabJenkinsIntegrationTest#testGetCourseForDashboard'
    23:44:34.606 | 441 ool-1-worker-205 | DEBUG | .c.s.m.InstanceMessageReceiveService : Received schedule participant score for exercise 2554 and participant 689 (result to be deleted: null)
    23:44:34.606 | 441 ool-1-worker-205 | DEBUG | .a.s.ParticipantScoreScheduleService : Scheduled task for exercise 2554 and participant 689 at 2025-02-14T23:44:34.706825166Z[Etc/UTC].
    23:44:34.607 | 441 ool-1-worker-205 | DEBUG | .c.s.m.InstanceMessageReceiveService : Received schedule participant score for exercise 2554 and participant 689 (result to be deleted: null)
    23:44:34.607 | 441 ool-1-worker-205 | DEBUG | .a.s.ParticipantScoreScheduleService : Scheduled task for exercise 2554 and participant 689 at 2025-02-14T23:44:34.707538926Z[Etc/UTC].
    23:44:34.608 | 441 ool-1-worker-205 | DEBUG | .c.s.m.InstanceMessageReceiveService : Received schedule participant score for exercise 2555 and participant 689 (result to be deleted: null)
    23:44:34.608 | 441 ool-1-worker-205 | DEBUG | .a.s.ParticipantScoreScheduleService : Scheduled task for exercise 2555 and participant 689 at 2025-02-14T23:44:34.708054077Z[Etc/UTC].
    23:44:34.608 | 441 ool-1-worker-205 | DEBUG | .c.s.m.InstanceMessageReceiveService : Received schedule participant score for exercise 2557 and participant 689 (result to be deleted: null)
    23:44:34.608 | 441 ool-1-worker-205 | DEBUG | .a.s.ParticipantScoreScheduleService : Scheduled task for exercise 2557 and participant 689 at 2025-02-14T23:44:34.708591229Z[Etc/UTC].
    23:44:34.609 | 441 ool-1-worker-205 | DEBUG | .c.s.m.InstanceMessageReceiveService : Received schedule participant score for exercise 2557 and participant 689 (result to be deleted: null)
    23:44:34.609 | 441 ool-1-worker-205 | DEBUG | .a.s.ParticipantScoreScheduleService : Scheduled task for exercise 2557 and participant 689 at 2025-02-14T23:44:34.709172122Z[Etc/UTC].
    23:44:34.619 | 441 ool-1-worker-205 | DEBUG | .c.s.m.InstanceMessageReceiveService : Received schedule participant score for exercise 2554 and participant 689 (result to be deleted: null)
    23:44:34.619 | 441 ool-1-worker-205 | DEBUG | .a.s.ParticipantScoreScheduleService : Scheduled task for exercise 2554 and participant 689 at 2025-02-14T23:44:34.719670881Z[Etc/UTC].
    23:44:34.630 | 441 ool-1-worker-205 | DEBUG | .c.s.m.InstanceMessageReceiveService : Received schedule participant score for exercise 2554 and participant 689 (result to be deleted: null)
    23:44:34.630 | 441 ool-1-worker-205 | DEBUG | .a.s.ParticipantScoreScheduleService : Scheduled task for exercise 2554 and participant 689 at 2025-02-14T23:44:34.730261390Z[Etc/UTC].
    23:44:34.642 | 441 ool-1-worker-205 | DEBUG | .c.s.m.InstanceMessageReceiveService : Received schedule participant score for exercise 2555 and participant 689 (result to be deleted: null)
    23:44:34.642 | 441 ool-1-worker-205 | DEBUG | .a.s.ParticipantScoreScheduleService : Scheduled task for exercise 2555 and participant 689 at 2025-02-14T23:44:34.742649902Z[Etc/UTC].
    23:44:34.655 | 441 ool-1-worker-205 | DEBUG | .c.s.m.InstanceMessageReceiveService : Received schedule participant score for exercise 2557 and participant 689 (result to be deleted: null)
    23:44:34.655 | 441 ool-1-worker-205 | DEBUG | .a.s.ParticipantScoreScheduleService : Scheduled task for exercise 2557 and participant 689 at 2025-02-14T23:44:34.755451355Z[Etc/UTC].
    23:44:34.666 | 441 ool-1-worker-205 | DEBUG | .c.s.m.InstanceMessageReceiveService : Received schedule participant score for exercise 2557 and participant 689 (result to be deleted: null)
    23:44:34.666 | 441 ool-1-worker-205 | DEBUG | .a.s.ParticipantScoreScheduleService : Scheduled task for exercise 2557 and participant 689 at 2025-02-14T23:44:34.766225838Z[Etc/UTC].
    23:44:34.707 | 441 ool-1-worker-205 | DEBUG | d.t.c.a.a.c.s.f.ApiVersionFilter     : Adding Version to Request GET /api/courses/827/for-dashboard
    23:44:34.707 | 441 ool-1-worker-205 | DEBUG | d.t.c.a.a.core.web.CourseResource    : REST request to get one course 827 with exams, lectures, exercises, participations, submissions and results, etc.
    23:44:34.715 | 441 ool-1-worker-205 | DEBUG | d.t.c.a.a.core.web.CourseResource    : courseService.findOneWithExercisesAndLecturesAndExamsAndCompetenciesAndTutorialGroupsForUser done
    23:44:34.717 | 441 ool-1-worker-205 | DEBUG | d.t.c.a.a.core.web.CourseResource    : courseService.fetchParticipationsWithSubmissionsAndResultsForCourses done in getCourseForDashboard
    23:44:34.717 | 441 ool-1-worker-205 | DEBUG | d.t.c.a.a.core.web.CourseResource    : courseService.fetchPlagiarismCasesForCourseExercises done in getCourseForDashboard
    23:44:34.718 | 441 ool-1-worker-205 | DEBUG | d.t.c.a.a.core.web.CourseResource    : gradingScaleRepository.findByCourseId done in getCourseForDashboard
    23:44:34.718 | 441 ool-1-worker-205 | INFO  | d.t.c.a.a.core.web.CourseResource    : courses/827/for-dashboard (single course) finished in 10.99ms for 1 courses with 5 individual exercise(s) and 0 team exercise(s) for user courseegitlabjenkinsstudent1

  Starting logs for CourseGitlabJenkinsIntegrationTest > testGetCourseForDashboard(boolean) [2] userRefresh=false
    23:44:34.739 | 441 ool-1-worker-205 | DEBUG | d.t.c.a.a.c.u.util.UserUtilService   : Generate 8 students...
    23:44:34.753 | 441 ool-1-worker-205 | DEBUG | d.t.c.a.a.c.u.util.UserUtilService   : 8 students generated. Generate 5 tutors...
    23:44:34.761 | 441 ool-1-worker-205 | DEBUG | d.t.c.a.a.c.u.util.UserUtilService   : 5 tutors generated. Generate 1 editors...
    23:44:34.764 | 441 ool-1-worker-205 | DEBUG | d.t.c.a.a.c.u.util.UserUtilService   : 1 editors generated. Generate 1 instructors...
    23:44:34.767 | 441 ool-1-worker-205 | DEBUG | d.t.c.a.a.c.u.util.UserUtilService   : 1 instructors generated
    23:44:34.769 | 441 ool-1-worker-205 | DEBUG | d.t.c.a.a.c.u.util.UserUtilService   : Removing 16 users from all courses...
    23:44:34.772 | 441 ool-1-worker-205 | DEBUG | d.t.c.a.a.c.u.util.UserUtilService   : Removing 16 users from all courses. Done
    23:44:34.772 | 441 ool-1-worker-205 | DEBUG | d.t.c.a.a.c.u.util.UserUtilService   : Save 15 users to database...
    23:44:34.784 | 441 ool-1-worker-205 | DEBUG | d.t.c.a.a.c.u.util.UserUtilService   : Save 15 users to database. Done
    23:44:34.795 | 441 ool-1-worker-205 | INFO  | i.z.t.d.l.EmbeddedDatabaseReporter   : JDBC URL to connect to 'dataSource': url='jdbc:h2:tcp://localhost:41063/mem:736625c0-cf5e-400d-aeaa-8a7eabd6262b;USER=sa', scope='CourseGitlabJenkinsIntegrationTest#testGetCourseForDashboard'
    23:44:34.851 | 441 ool-1-worker-205 | DEBUG | .c.s.m.InstanceMessageReceiveService : Received schedule participant score for exercise 2559 and participant 689 (result to be deleted: null)
    23:44:34.851 | 441 ool-1-worker-205 | DEBUG | .a.s.ParticipantScoreScheduleService : Scheduled task for exercise 2559 and participant 689 at 2025-02-14T23:44:34.951725782Z[Etc/UTC].
    23:44:34.852 | 441 ool-1-worker-205 | DEBUG | .c.s.m.InstanceMessageReceiveService : Received schedule participant score for exercise 2559 and participant 689 (result to be deleted: null)
    23:44:34.852 | 441 ool-1-worker-205 | DEBUG | .a.s.ParticipantScoreScheduleService : Scheduled task for exercise 2559 and participant 689 at 2025-02-14T23:44:34.952349846Z[Etc/UTC].
    23:44:34.852 | 441 ool-1-worker-205 | DEBUG | .c.s.m.InstanceMessageReceiveService : Received schedule participant score for exercise 2560 and participant 689 (result to be deleted: null)
    23:44:34.852 | 441 ool-1-worker-205 | DEBUG | .a.s.ParticipantScoreScheduleService : Scheduled task for exercise 2560 and participant 689 at 2025-02-14T23:44:34.952875035Z[Etc/UTC].
    23:44:34.853 | 441 ool-1-worker-205 | DEBUG | .c.s.m.InstanceMessageReceiveService : Received schedule participant score for exercise 2562 and participant 689 (result to be deleted: null)
    23:44:34.853 | 441 ool-1-worker-205 | DEBUG | .a.s.ParticipantScoreScheduleService : Scheduled task for exercise 2562 and participant 689 at 2025-02-14T23:44:34.953421023Z[Etc/UTC].
    23:44:34.853 | 441 ool-1-worker-205 | DEBUG | .c.s.m.InstanceMessageReceiveService : Received schedule participant score for exercise 2562 and participant 689 (result to be deleted: null)
    23:44:34.854 | 441 ool-1-worker-205 | DEBUG | .a.s.ParticipantScoreScheduleService : Scheduled task for exercise 2562 and participant 689 at 2025-02-14T23:44:34.954063060Z[Etc/UTC].
    23:44:34.867 | 441 ool-1-worker-205 | DEBUG | .c.s.m.InstanceMessageReceiveService : Received schedule participant score for exercise 2559 and participant 689 (result to be deleted: null)
    23:44:34.867 | 441 ool-1-worker-205 | DEBUG | .a.s.ParticipantScoreScheduleService : Scheduled task for exercise 2559 and participant 689 at 2025-02-14T23:44:34.967142010Z[Etc/UTC].
    23:44:34.880 | 441 ool-1-worker-205 | DEBUG | .c.s.m.InstanceMessageReceiveService : Received schedule participant score for exercise 2559 and participant 689 (result to be deleted: null)
    23:44:34.880 | 441 ool-1-worker-205 | DEBUG | .a.s.ParticipantScoreScheduleService : Scheduled task for exercise 2559 and participant 689 at 2025-02-14T23:44:34.980843982Z[Etc/UTC].
    23:44:34.892 | 441 ool-1-worker-205 | DEBUG | .c.s.m.InstanceMessageReceiveService : Received schedule participant score for exercise 2560 and participant 689 (result to be deleted: null)
    23:44:34.892 | 441 ool-1-worker-205 | DEBUG | .a.s.ParticipantScoreScheduleService : Scheduled task for exercise 2560 and participant 689 at 2025-02-14T23:44:34.992251816Z[Etc/UTC].
    23:44:34.904 | 441 ool-1-worker-205 | DEBUG | .c.s.m.InstanceMessageReceiveService : Received schedule participant score for exercise 2562 and participant 689 (result to be deleted: null)
    23:44:34.904 | 441 ool-1-worker-205 | DEBUG | .a.s.ParticipantScoreScheduleService : Scheduled task for exercise 2562 and participant 689 at 2025-02-14T23:44:35.004887239Z[Etc/UTC].
    23:44:34.922 | 441 ool-1-worker-205 | DEBUG | .c.s.m.InstanceMessageReceiveService : Received schedule participant score for exercise 2562 and participant 689 (result to be deleted: null)
    23:44:34.922 | 441 ool-1-worker-205 | DEBUG | .a.s.ParticipantScoreScheduleService : Scheduled task for exercise 2562 and participant 689 at 2025-02-14T23:44:35.022274162Z[Etc/UTC].
    23:44:34.980 | 326 taskScheduler-1  | DEBUG | .a.s.ParticipantScoreScheduleService : Processing exercise 2559 and participant 689 to update participant scores.
    23:44:34.988 | 326 taskScheduler-1  | DEBUG | .a.s.ParticipantScoreScheduleService : Updating the participant score for exercise 2559 and participant 689 took 8 ms.
    23:44:34.992 | 328 taskScheduler-3  | DEBUG | .a.s.ParticipantScoreScheduleService : Processing exercise 2560 and participant 689 to update participant scores.
    23:44:35.001 | 328 taskScheduler-3  | DEBUG | .a.s.ParticipantScoreScheduleService : Updating the participant score for exercise 2560 and participant 689 took 9 ms.
    23:44:35.007 | 441 ool-1-worker-205 | DEBUG | d.t.c.a.a.c.s.f.ApiVersionFilter     : Adding Version to Request GET /api/courses/829/for-dashboard
    23:44:35.007 | 441 ool-1-worker-205 | DEBUG | d.t.c.a.a.core.web.CourseResource    : REST request to get one course 829 with exams, lectures, exercises, participations, submissions and results, etc.
    23:44:35.014 | 441 ool-1-worker-205 | DEBUG | d.t.c.a.a.core.web.CourseResource    : courseService.findOneWithExercisesAndLecturesAndExamsAndCompetenciesAndTutorialGroupsForUser done
    23:44:35.016 | 441 ool-1-worker-205 | DEBUG | d.t.c.a.a.core.web.CourseResource    : courseService.fetchParticipationsWithSubmissionsAndResultsForCourses done in getCourseForDashboard
    23:44:35.019 | 441 ool-1-worker-205 | DEBUG | d.t.c.a.a.core.web.CourseResource    : courseService.fetchPlagiarismCasesForCourseExercises done in getCourseForDashboard
    23:44:35.020 | 441 ool-1-worker-205 | DEBUG | d.t.c.a.a.core.web.CourseResource    : gradingScaleRepository.findByCourseId done in getCourseForDashboard
    23:44:35.020 | 441 ool-1-worker-205 | INFO  | d.t.c.a.a.core.web.CourseResource    : courses/829/for-dashboard (single course) finished in 12.75ms for 1 courses with 5 individual exercise(s) and 0 team exercise(s) for user courseegitlabjenkinsstudent1
    23:44:35.025 | 329 taskScheduler-4  | DEBUG | .a.s.ParticipantScoreScheduleService : Processing exercise 2562 and participant 689 to update participant scores.
    23:44:35.032 | 329 taskScheduler-4  | DEBUG | .a.s.ParticipantScoreScheduleService : Updating the participant score for exercise 2562 and participant 689 took 7 ms.

  Starting logs for CourseGitlabJenkinsIntegrationTest > searchUsersInCourse_searchForTutorsAndInstructors_shouldReturnUsersMatchingSearchTerm()
    23:44:35.083 | 441 ool-1-worker-205 | DEBUG | d.t.c.a.a.c.u.util.UserUtilService   : Generate 8 students...
    23:44:35.096 | 441 ool-1-worker-205 | DEBUG | d.t.c.a.a.c.u.util.UserUtilService   : 8 students generated. Generate 5 tutors...
    23:44:35.104 | 441 ool-1-worker-205 | DEBUG | d.t.c.a.a.c.u.util.UserUtilService   : 5 tutors generated. Generate 1 editors...
    23:44:35.106 | 441 ool-1-worker-205 | DEBUG | d.t.c.a.a.c.u.util.UserUtilService   : 1 editors generated. Generate 1 instructors...
    23:44:35.109 | 441 ool-1-worker-205 | DEBUG | d.t.c.a.a.c.u.util.UserUtilService   : 1 instructors generated
    23:44:35.111 | 441 ool-1-worker-205 | DEBUG | d.t.c.a.a.c.u.util.UserUtilService   : Removing 16 users from all courses...
    23:44:35.113 | 441 ool-1-worker-205 | DEBUG | d.t.c.a.a.c.u.util.UserUtilService   : Removing 16 users from all courses. Done
    23:44:35.113 | 441 ool-1-worker-205 | DEBUG | d.t.c.a.a.c.u.util.UserUtilService   : Save 15 users to database...
    23:44:35.124 | 441 ool-1-worker-205 | DEBUG | d.t.c.a.a.c.u.util.UserUtilService   : Save 15 users to database. Done
    23:44:35.136 | 441 ool-1-worker-205 | INFO  | i.z.t.d.l.EmbeddedDatabaseReporter   : JDBC URL to connect to 'dataSource': url='jdbc:h2:tcp://localhost:41063/mem:736625c0-cf5e-400d-aeaa-8a7eabd6262b;USER=sa', scope='CourseGitlabJenkinsIntegrationTest#searchUsersInCourse_searchForTutorsAndInstructors_shouldReturnUsersMatchingSearchTerm'
    23:44:35.160 | 441 ool-1-worker-205 | DEBUG | d.t.c.a.a.c.s.f.ApiVersionFilter     : Adding Version to Request GET /api/courses/831/users/search
    23:44:35.161 | 441 ool-1-worker-205 | DEBUG | d.t.c.a.a.core.web.CourseResource    : REST request to search users in course : 831 with login or name : courseegitlabjenkinstutor

  Starting logs for CourseGitlabJenkinsIntegrationTest > testDownloadCourseArchiveAsInstructor()
    23:44:35.185 | 441 ool-1-worker-205 | DEBUG | d.t.c.a.a.c.u.util.UserUtilService   : Generate 8 students...
    23:44:35.197 | 441 ool-1-worker-205 | DEBUG | d.t.c.a.a.c.u.util.UserUtilService   : 8 students generated. Generate 5 tutors...
    23:44:35.204 | 441 ool-1-worker-205 | DEBUG | d.t.c.a.a.c.u.util.UserUtilService   : 5 tutors generated. Generate 1 editors...
    23:44:35.207 | 441 ool-1-worker-205 | DEBUG | d.t.c.a.a.c.u.util.UserUtilService   : 1 editors generated. Generate 1 instructors...
    23:44:35.209 | 441 ool-1-worker-205 | DEBUG | d.t.c.a.a.c.u.util.UserUtilService   : 1 instructors generated
    23:44:35.212 | 441 ool-1-worker-205 | DEBUG | d.t.c.a.a.c.u.util.UserUtilService   : Removing 16 users from all courses...
    23:44:35.213 | 441 ool-1-worker-205 | DEBUG | d.t.c.a.a.c.u.util.UserUtilService   : Removing 16 users from all courses. Done
    23:44:35.213 | 441 ool-1-worker-205 | DEBUG | d.t.c.a.a.c.u.util.UserUtilService   : Save 15 users to database...
    23:44:35.224 | 441 ool-1-worker-205 | DEBUG | d.t.c.a.a.c.u.util.UserUtilService   : Save 15 users to database. Done
    23:44:35.236 | 441 ool-1-worker-205 | INFO  | i.z.t.d.l.EmbeddedDatabaseReporter   : JDBC URL to connect to 'dataSource': url='jdbc:h2:tcp://localhost:41063/mem:736625c0-cf5e-400d-aeaa-8a7eabd6262b;USER=sa', scope='CourseGitlabJenkinsIntegrationTest#testDownloadCourseArchiveAsInstructor'
    23:44:35.287 | 441 ool-1-worker-205 | DEBUG | d.t.c.a.a.c.s.f.ApiVersionFilter     : Adding Version to Request PUT /api/courses/832/archive
    23:44:35.288 | 441 ool-1-worker-205 | INFO  | d.t.c.a.a.core.web.CourseResource    : REST request to archive Course : 832
    23:44:35.292 |  68 artemis-task-1   | INFO  | d.t.c.a.a.core.service.CourseService : Created the course archives directory at exports/server-integration-test/courses because it didn't exist.
    23:44:35.293 |  68 artemis-task-1   | INFO  | .c.a.a.c.s.e.CourseExamExportService : Exporting course exercises for course 832 and title Course title 2211a618-1ff5-4bf4-be5d-a9af73570ecc
    23:44:35.293 |  68 artemis-task-1   | INFO  | .c.a.a.c.s.e.CourseExamExportService : Exporting modeling exercise Modeling with id 2564 
    23:44:35.294 |  68 artemis-task-1   | DEBUG | ExerciseWithSubmissionsExportService : Found embedded files: [] 
    23:44:35.294 |  68 artemis-task-1   | DEBUG | ExerciseWithSubmissionsExportService : Found embedded files: [] 
    23:44:35.296 |  68 artemis-task-1   | INFO  | .c.a.a.c.s.e.CourseExamExportService : Exporting text exercise Text with id 2565 
    23:44:35.297 |  68 artemis-task-1   | DEBUG | ExerciseWithSubmissionsExportService : Found embedded files: [] 
    23:44:35.297 |  68 artemis-task-1   | DEBUG | ExerciseWithSubmissionsExportService : Found embedded files: [] 
    23:44:35.299 |  68 artemis-task-1   | INFO  | .c.a.a.c.s.e.CourseExamExportService : Exporting file-upload exercise FileUpload with id 2566 
    23:44:35.299 |  68 artemis-task-1   | DEBUG | ExerciseWithSubmissionsExportService : Found embedded files: [] 
    23:44:35.299 |  68 artemis-task-1   | DEBUG | ExerciseWithSubmissionsExportService : Found embedded files: [] 
    23:44:35.302 |  68 artemis-task-1   | WARN  | .c.a.a.c.s.e.CourseExamExportService : Skipping exam export since the course does not have any exams
    23:44:35.310 |  68 artemis-task-1   | INFO  | .c.a.a.c.s.e.CourseExamExportService : Successfully created zip file: exports/server-integration-test/courses/shorta86419b60678904dd60bee7027fd912ec52b-Course_title_2211a618-1ff5-4bf4-be5d-a9af73570ecc-20250214-234435.zip
    23:44:35.310 |  68 artemis-task-1   | INFO  | .c.a.a.c.s.e.CourseExamExportService : Successfully exported course 832. The zip file is located at: exports/server-integration-test/courses/shorta86419b60678904dd60bee7027fd912ec52b-Course_title_2211a618-1ff5-4bf4-be5d-a9af73570ecc-20250214-234435.zip
    23:44:35.313 |  68 artemis-task-1   | INFO  | d.t.c.a.a.core.service.CourseService : archive course took 21.50ms
    23:44:35.398 | 441 ool-1-worker-205 | DEBUG | d.t.c.a.a.c.s.f.ApiVersionFilter     : Adding Version to Request GET /api/courses/832/download-archive
    23:44:35.398 | 441 ool-1-worker-205 | INFO  | d.t.c.a.a.core.web.CourseResource    : REST request to download archive of Course : 832

  Starting logs for CourseGitlabJenkinsIntegrationTest > testCleanupCourseAsInstructor()
    23:44:35.441 | 441 ool-1-worker-205 | DEBUG | d.t.c.a.a.c.u.util.UserUtilService   : Generate 8 students...
    23:44:35.465 | 441 ool-1-worker-205 | DEBUG | d.t.c.a.a.c.u.util.UserUtilService   : 8 students generated. Generate 5 tutors...
    23:44:35.483 | 441 ool-1-worker-205 | DEBUG | d.t.c.a.a.c.u.util.UserUtilService   : 5 tutors generated. Generate 1 editors...
    23:44:35.489 | 441 ool-1-worker-205 | DEBUG | d.t.c.a.a.c.u.util.UserUtilService   : 1 editors generated. Generate 1 instructors...
    23:44:35.494 | 441 ool-1-worker-205 | DEBUG | d.t.c.a.a.c.u.util.UserUtilService   : 1 instructors generated
    23:44:35.500 | 441 ool-1-worker-205 | DEBUG | d.t.c.a.a.c.u.util.UserUtilService   : Removing 16 users from all courses...
    23:44:35.502 | 441 ool-1-worker-205 | DEBUG | d.t.c.a.a.c.u.util.UserUtilService   : Removing 16 users from all courses. Done
    23:44:35.502 | 441 ool-1-worker-205 | DEBUG | d.t.c.a.a.c.u.util.UserUtilService   : Save 15 users to database...
    23:44:35.525 | 441 ool-1-worker-205 | DEBUG | d.t.c.a.a.c.u.util.UserUtilService   : Save 15 users to database. Done
    23:44:35.548 | 441 ool-1-worker-205 | INFO  | i.z.t.d.l.EmbeddedDatabaseReporter   : JDBC URL to connect to 'dataSource': url='jdbc:h2:tcp://localhost:41063/mem:736625c0-cf5e-400d-aeaa-8a7eabd6262b;USER=sa', scope='CourseGitlabJenkinsIntegrationTest#testCleanupCourseAsInstructor'
    23:44:35.586 | 441 ool-1-worker-205 | DEBUG | PersonalAccessTokenManagementService : Generate secure vcs access token
    23:44:35.589 | 441 ool-1-worker-205 | DEBUG | d.t.c.a.a.c.s.f.ApiVersionFilter     : Adding Version to Request DELETE /api/courses/833/cleanup
    23:44:35.589 | 441 ool-1-worker-205 | INFO  | d.t.c.a.a.core.web.CourseResource    : REST request to cleanup the Course : 833
    23:44:35.594 | 441 ool-1-worker-205 | INFO  | .t.c.a.a.e.s.ExerciseDeletionService : Cleanup all participations for exercise 2567 in parallel
    23:44:35.608 | 441 ool-1-worker-205 | INFO  | d.t.c.a.a.core.service.CourseService : The course 833 has been cleaned up!

  Starting logs for CourseGitlabJenkinsIntegrationTest > testGetExerciseStatsForCourseOverview()
    23:44:35.634 | 441 ool-1-worker-205 | DEBUG | d.t.c.a.a.c.u.util.UserUtilService   : Generate 8 students...
    23:44:35.646 | 441 ool-1-worker-205 | DEBUG | d.t.c.a.a.c.u.util.UserUtilService   : 8 students generated. Generate 5 tutors...
    23:44:35.654 | 441 ool-1-worker-205 | DEBUG | d.t.c.a.a.c.u.util.UserUtilService   : 5 tutors generated. Generate 1 editors...
    23:44:35.656 | 441 ool-1-worker-205 | DEBUG | d.t.c.a.a.c.u.util.UserUtilService   : 1 editors generated. Generate 1 instructors...
    23:44:35.659 | 441 ool-1-worker-205 | DEBUG | d.t.c.a.a.c.u.util.UserUtilService   : 1 instructors generated
    23:44:35.661 | 441 ool-1-worker-205 | DEBUG | d.t.c.a.a.c.u.util.UserUtilService   : Removing 16 users from all courses...
    23:44:35.663 | 441 ool-1-worker-205 | DEBUG | d.t.c.a.a.c.u.util.UserUtilService   : Removing 16 users from all courses. Done
    23:44:35.663 | 441 ool-1-worker-205 | DEBUG | d.t.c.a.a.c.u.util.UserUtilService   : Save 15 users to database...
    23:44:35.674 | 441 ool-1-worker-205 | DEBUG | d.t.c.a.a.c.u.util.UserUtilService   : Save 15 users to database. Done
    23:44:35.686 | 441 ool-1-worker-205 | INFO  | i.z.t.d.l.EmbeddedDatabaseReporter   : JDBC URL to connect to 'dataSource': url='jdbc:h2:tcp://localhost:41063/mem:736625c0-cf5e-400d-aeaa-8a7eabd6262b;USER=sa', scope='CourseGitlabJenkinsIntegrationTest#testGetExerciseStatsForCourseOverview'
    23:44:35.750 | 441 ool-1-worker-205 | DEBUG | .c.s.m.InstanceMessageReceiveService : Received schedule participant score for exercise 2569 and participant 712 (result to be deleted: null)
    23:44:35.750 | 441 ool-1-worker-205 | DEBUG | .a.s.ParticipantScoreScheduleService : Scheduled task for exercise 2569 and participant 712 at 2025-02-14T23:44:35.850882664Z[Etc/UTC].
    23:44:35.762 | 441 ool-1-worker-205 | DEBUG | .c.s.m.InstanceMessageReceiveService : Received schedule participant score for exercise 2570 and participant 712 (result to be deleted: null)
    23:44:35.762 | 441 ool-1-worker-205 | DEBUG | .a.s.ParticipantScoreScheduleService : Scheduled task for exercise 2570 and participant 712 at 2025-02-14T23:44:35.862619090Z[Etc/UTC].
    23:44:35.768 | 441 ool-1-worker-205 | DEBUG | .c.s.m.InstanceMessageReceiveService : Received schedule participant score for exercise 2570 and participant 712 (result to be deleted: null)
    23:44:35.768 | 441 ool-1-worker-205 | DEBUG | .a.s.ParticipantScoreScheduleService : Scheduled task for exercise 2570 and participant 712 at 2025-02-14T23:44:35.868823600Z[Etc/UTC].
    23:44:35.778 | 441 ool-1-worker-205 | DEBUG | .c.s.m.InstanceMessageReceiveService : Received schedule participant score for exercise 2570 and participant 712 (result to be deleted: null)
    23:44:35.778 | 441 ool-1-worker-205 | DEBUG | .a.s.ParticipantScoreScheduleService : Scheduled task for exercise 2570 and participant 712 at 2025-02-14T23:44:35.878693526Z[Etc/UTC].
    23:44:35.850 | 328 taskScheduler-3  | DEBUG | .a.s.ParticipantScoreScheduleService : Processing exercise 2569 and participant 712 to update participant scores.
    23:44:35.860 | 328 taskScheduler-3  | DEBUG | .a.s.ParticipantScoreScheduleService : Updated participant score 365.
    23:44:35.860 | 328 taskScheduler-3  | DEBUG | .a.s.ParticipantScoreScheduleService : Updating the participant score for exercise 2569 and participant 712 took 10 ms.
    23:44:35.878 | 327 taskScheduler-2  | DEBUG | .a.s.ParticipantScoreScheduleService : Processing exercise 2570 and participant 712 to update participant scores.
    23:44:35.883 | 327 taskScheduler-2  | DEBUG | .a.s.ParticipantScoreScheduleService : Updated participant score 366.
    23:44:35.883 | 327 taskScheduler-2  | DEBUG | .a.s.ParticipantScoreScheduleService : Updating the participant score for exercise 2570 and participant 712 took 5 ms.
    23:44:35.892 | 441 ool-1-worker-205 | DEBUG | d.t.c.a.a.c.s.f.ApiVersionFilter     : Adding Version to Request GET /api/courses/stats-for-management-overview
    23:44:35.893 | 441 ool-1-worker-205 | DEBUG | d.t.c.a.a.core.web.CourseResource    : REST request to get statistics for the courses of the user

  Starting logs for CourseGitlabJenkinsIntegrationTest > testUpdateCourseIsEmpty()
    23:44:35.926 | 441 ool-1-worker-205 | DEBUG | d.t.c.a.a.c.u.util.UserUtilService   : Generate 8 students...
    23:44:35.937 | 441 ool-1-worker-205 | DEBUG | d.t.c.a.a.c.u.util.UserUtilService   : 8 students generated. Generate 5 tutors...
    23:44:35.945 | 441 ool-1-worker-205 | DEBUG | d.t.c.a.a.c.u.util.UserUtilService   : 5 tutors generated. Generate 1 editors...
    23:44:35.948 | 441 ool-1-worker-205 | DEBUG | d.t.c.a.a.c.u.util.UserUtilService   : 1 editors generated. Generate 1 instructors...
    23:44:35.951 | 441 ool-1-worker-205 | DEBUG | d.t.c.a.a.c.u.util.UserUtilService   : 1 instructors generated
    23:44:35.953 | 441 ool-1-worker-205 | DEBUG | d.t.c.a.a.c.u.util.UserUtilService   : Removing 16 users from all courses...
    23:44:35.955 | 441 ool-1-worker-205 | DEBUG | d.t.c.a.a.c.u.util.UserUtilService   : Removing 16 users from all courses. Done
    23:44:35.955 | 441 ool-1-worker-205 | DEBUG | d.t.c.a.a.c.u.util.UserUtilService   : Save 15 users to database...
    23:44:35.965 | 441 ool-1-worker-205 | DEBUG | d.t.c.a.a.c.u.util.UserUtilService   : Save 15 users to database. Done
    23:44:35.976 | 441 ool-1-worker-205 | INFO  | i.z.t.d.l.EmbeddedDatabaseReporter   : JDBC URL to connect to 'dataSource': url='jdbc:h2:tcp://localhost:41063/mem:736625c0-cf5e-400d-aeaa-8a7eabd6262b;USER=sa', scope='CourseGitlabJenkinsIntegrationTest#testUpdateCourseIsEmpty'
    23:44:35.977 | 441 ool-1-worker-205 | DEBUG | d.t.c.a.a.c.s.f.ApiVersionFilter     : Adding Version to Request POST /api/admin/courses
    23:44:35.978 | 441 ool-1-worker-205 | DEBUG | d.t.c.a.a.c.w.a.AdminCourseResource  : REST request to save Course : Course{id=1042001, title='Course title 57cd0261-e389-42cf-8764-5d40959245bd', description='null', shortName='shortaf51fc7e02f56044a1096c60aec1cf8bf238', studentGroupName='null', teachingAssistantGroupName='null', editorGroupName='null', instructorGroupName='null', startDate='null', endDate='null', enrollmentStartDate='null', enrollmentEndDate='null', unenrollmentEndDate='null', semester='null'', onlineCourse='false', color='null', courseIcon='null', enrollmentEnabled='false', unenrollmentEnabled='false', presentationScore='2', faqEnabled='false'}
    23:44:35.978 | 441 ool-1-worker-205 | ERROR | tech.jhipster.web.util.HeaderUtil    : Entity processing failed, A new course cannot already have an ID
    23:44:35.978 | 441 ool-1-worker-205 | WARN  | o.z.p.spring.common.AdviceTraits     : Bad Request: A new course cannot already have an ID

  Starting logs for CourseGitlabJenkinsIntegrationTest > testGetAssessmentDashboardStats_withAssessmentsAndComplaints()
    23:44:36.081 | 441 ool-1-worker-205 | DEBUG | d.t.c.a.a.c.u.util.UserUtilService   : Generate 8 students...
    23:44:36.101 | 441 ool-1-worker-205 | DEBUG | d.t.c.a.a.c.u.util.UserUtilService   : 8 students generated. Generate 5 tutors...
    23:44:36.114 | 441 ool-1-worker-205 | DEBUG | d.t.c.a.a.c.u.util.UserUtilService   : 5 tutors generated. Generate 1 editors...
    23:44:36.117 | 441 ool-1-worker-205 | DEBUG | d.t.c.a.a.c.u.util.UserUtilService   : 1 editors generated. Generate 1 instructors...
    23:44:36.119 | 441 ool-1-worker-205 | DEBUG | d.t.c.a.a.c.u.util.UserUtilService   : 1 instructors generated
    23:44:36.121 | 441 ool-1-worker-205 | DEBUG | d.t.c.a.a.c.u.util.UserUtilService   : Removing 16 users from all courses...
    23:44:36.123 | 441 ool-1-worker-205 | DEBUG | d.t.c.a.a.c.u.util.UserUtilService   : Removing 16 users from all courses. Done
    23:44:36.123 | 441 ool-1-worker-205 | DEBUG | d.t.c.a.a.c.u.util.UserUtilService   : Save 15 users to database...
    23:44:36.133 | 441 ool-1-worker-205 | DEBUG | d.t.c.a.a.c.u.util.UserUtilService   : Save 15 users to database. Done
    23:44:36.144 | 441 ool-1-worker-205 | INFO  | i.z.t.d.l.EmbeddedDatabaseReporter   : JDBC URL to connect to 'dataSource': url='jdbc:h2:tcp://localhost:41063/mem:736625c0-cf5e-400d-aeaa-8a7eabd6262b;USER=sa', scope='CourseGitlabJenkinsIntegrationTest#testGetAssessmentDashboardStats_withAssessmentsAndComplaints'
    23:44:36.193 | 441 ool-1-worker-205 | DEBUG | .c.s.m.InstanceMessageReceiveService : Received schedule participant score for exercise 2571 and participant 689 (result to be deleted: null)
    23:44:36.193 | 441 ool-1-worker-205 | DEBUG | .a.s.ParticipantScoreScheduleService : Scheduled task for exercise 2571 and participant 689 at 2025-02-14T23:44:36.293716354Z[Etc/UTC].
    23:44:36.199 | 441 ool-1-worker-205 | DEBUG | .c.s.m.InstanceMessageReceiveService : Received schedule participant score for exercise 2571 and participant 689 (result to be deleted: null)
    23:44:36.199 | 441 ool-1-worker-205 | DEBUG | .a.s.ParticipantScoreScheduleService : Scheduled task for exercise 2571 and participant 689 at 2025-02-14T23:44:36.299763321Z[Etc/UTC].
    23:44:36.228 | 441 ool-1-worker-205 | DEBUG | .c.s.m.InstanceMessageReceiveService : Received schedule participant score for exercise 2571 and participant 690 (result to be deleted: null)
    23:44:36.228 | 441 ool-1-worker-205 | DEBUG | .a.s.ParticipantScoreScheduleService : Scheduled task for exercise 2571 and participant 690 at 2025-02-14T23:44:36.328677552Z[Etc/UTC].
    23:44:36.235 | 441 ool-1-worker-205 | DEBUG | .c.s.m.InstanceMessageReceiveService : Received schedule participant score for exercise 2571 and participant 690 (result to be deleted: null)
    23:44:36.235 | 441 ool-1-worker-205 | DEBUG | .a.s.ParticipantScoreScheduleService : Scheduled task for exercise 2571 and participant 690 at 2025-02-14T23:44:36.335488433Z[Etc/UTC].
    23:44:36.259 | 441 ool-1-worker-205 | DEBUG | .c.s.m.InstanceMessageReceiveService : Received schedule participant score for exercise 2571 and participant 691 (result to be deleted: null)
    23:44:36.259 | 441 ool-1-worker-205 | DEBUG | .a.s.ParticipantScoreScheduleService : Scheduled task for exercise 2571 and participant 691 at 2025-02-14T23:44:36.359210471Z[Etc/UTC].
    23:44:36.266 | 441 ool-1-worker-205 | DEBUG | .c.s.m.InstanceMessageReceiveService : Received schedule participant score for exercise 2571 and participant 691 (result to be deleted: null)
    23:44:36.266 | 441 ool-1-worker-205 | DEBUG | .a.s.ParticipantScoreScheduleService : Scheduled task for exercise 2571 and participant 691 at 2025-02-14T23:44:36.366334917Z[Etc/UTC].
    23:44:36.290 | 441 ool-1-worker-205 | DEBUG | .c.s.m.InstanceMessageReceiveService : Received schedule participant score for exercise 2571 and participant 692 (result to be deleted: null)
    23:44:36.290 | 441 ool-1-worker-205 | DEBUG | .a.s.ParticipantScoreScheduleService : Scheduled task for exercise 2571 and participant 692 at 2025-02-14T23:44:36.390200273Z[Etc/UTC].
    23:44:36.297 | 441 ool-1-worker-205 | DEBUG | .c.s.m.InstanceMessageReceiveService : Received schedule participant score for exercise 2571 and participant 692 (result to be deleted: null)
    23:44:36.297 | 441 ool-1-worker-205 | DEBUG | .a.s.ParticipantScoreScheduleService : Scheduled task for exercise 2571 and participant 692 at 2025-02-14T23:44:36.397919167Z[Etc/UTC].
    23:44:36.299 | 326 taskScheduler-1  | DEBUG | .a.s.ParticipantScoreScheduleService : Processing exercise 2571 and participant 689 to update participant scores.
    23:44:36.309 | 326 taskScheduler-1  | DEBUG | .a.s.ParticipantScoreScheduleService : Updated participant score 367.
    23:44:36.309 | 326 taskScheduler-1  | DEBUG | .a.s.ParticipantScoreScheduleService : Updating the participant score for exercise 2571 and participant 689 took 10 ms.
    23:44:36.316 | 441 ool-1-worker-205 | DEBUG | .c.s.m.InstanceMessageReceiveService : Received schedule participant score for exercise 2572 and participant 689 (result to be deleted: null)
    23:44:36.316 | 441 ool-1-worker-205 | DEBUG | .a.s.ParticipantScoreScheduleService : Scheduled task for exercise 2572 and participant 689 at 2025-02-14T23:44:36.416897690Z[Etc/UTC].
    23:44:36.323 | 441 ool-1-worker-205 | DEBUG | .c.s.m.InstanceMessageReceiveService : Received schedule participant score for exercise 2572 and participant 689 (result to be deleted: null)
    23:44:36.323 | 441 ool-1-worker-205 | DEBUG | .a.s.ParticipantScoreScheduleService : Scheduled task for exercise 2572 and participant 689 at 2025-02-14T23:44:36.423289078Z[Etc/UTC].
    23:44:36.335 | 328 taskScheduler-3  | DEBUG | .a.s.ParticipantScoreScheduleService : Processing exercise 2571 and participant 690 to update participant scores.
    23:44:36.339 | 328 taskScheduler-3  | DEBUG | .a.s.ParticipantScoreScheduleService : Updated participant score 368.
    23:44:36.340 | 328 taskScheduler-3  | DEBUG | .a.s.ParticipantScoreScheduleService : Updating the participant score for exercise 2571 and participant 690 took 5 ms.
    23:44:36.342 | 441 ool-1-worker-205 | DEBUG | .c.s.m.InstanceMessageReceiveService : Received schedule participant score for exercise 2572 and participant 690 (result to be deleted: null)
    23:44:36.342 | 441 ool-1-worker-205 | DEBUG | .a.s.ParticipantScoreScheduleService : Scheduled task for exercise 2572 and participant 690 at 2025-02-14T23:44:36.442797819Z[Etc/UTC].
    23:44:36.355 | 441 ool-1-worker-205 | DEBUG | .c.s.m.InstanceMessageReceiveService : Received schedule participant score for exercise 2572 and participant 690 (result to be deleted: null)
    23:44:36.355 | 441 ool-1-worker-205 | DEBUG | .a.s.ParticipantScoreScheduleService : Scheduled task for exercise 2572 and participant 690 at 2025-02-14T23:44:36.455348825Z[Etc/UTC].
    23:44:36.366 | 329 taskScheduler-4  | DEBUG | .a.s.ParticipantScoreScheduleService : Processing exercise 2571 and participant 691 to update participant scores.
    23:44:36.372 | 329 taskScheduler-4  | DEBUG | .a.s.ParticipantScoreScheduleService : Updated participant score 369.
    23:44:36.372 | 329 taskScheduler-4  | DEBUG | .a.s.ParticipantScoreScheduleService : Updating the participant score for exercise 2571 and participant 691 took 6 ms.
    23:44:36.377 | 441 ool-1-worker-205 | DEBUG | .c.s.m.InstanceMessageReceiveService : Received schedule participant score for exercise 2572 and participant 691 (result to be deleted: null)
    23:44:36.377 | 441 ool-1-worker-205 | DEBUG | .a.s.ParticipantScoreScheduleService : Scheduled task for exercise 2572 and participant 691 at 2025-02-14T23:44:36.477477332Z[Etc/UTC].
    23:44:36.383 | 441 ool-1-worker-205 | DEBUG | .c.s.m.InstanceMessageReceiveService : Received schedule participant score for exercise 2572 and participant 691 (result to be deleted: null)
    23:44:36.383 | 441 ool-1-worker-205 | DEBUG | .a.s.ParticipantScoreScheduleService : Scheduled task for exercise 2572 and participant 691 at 2025-02-14T23:44:36.483823286Z[Etc/UTC].
    23:44:36.398 | 327 taskScheduler-2  | DEBUG | .a.s.ParticipantScoreScheduleService : Processing exercise 2571 and participant 692 to update participant scores.
    23:44:36.402 | 327 taskScheduler-2  | DEBUG | .a.s.ParticipantScoreScheduleService : Updated participant score 370.
    23:44:36.405 | 327 taskScheduler-2  | DEBUG | .a.s.ParticipantScoreScheduleService : Updating the participant score for exercise 2571 and participant 692 took 8 ms.
    23:44:36.405 | 441 ool-1-worker-205 | DEBUG | .c.s.m.InstanceMessageReceiveService : Received schedule participant score for exercise 2572 and participant 692 (result to be deleted: null)
    23:44:36.405 | 441 ool-1-worker-205 | DEBUG | .a.s.ParticipantScoreScheduleService : Scheduled task for exercise 2572 and participant 692 at 2025-02-14T23:44:36.505318502Z[Etc/UTC].
    23:44:36.413 | 441 ool-1-worker-205 | DEBUG | .c.s.m.InstanceMessageReceiveService : Received schedule participant score for exercise 2572 and participant 692 (result to be deleted: null)
    23:44:36.413 | 441 ool-1-worker-205 | DEBUG | .a.s.ParticipantScoreScheduleService : Scheduled task for exercise 2572 and participant 692 at 2025-02-14T23:44:36.513811860Z[Etc/UTC].
    23:44:36.423 | 326 taskScheduler-1  | DEBUG | .a.s.ParticipantScoreScheduleService : Processing exercise 2572 and participant 689 to update participant scores.
    23:44:36.430 | 326 taskScheduler-1  | DEBUG | .a.s.ParticipantScoreScheduleService : Updated participant score 371.
    23:44:36.431 | 326 taskScheduler-1  | DEBUG | .a.s.ParticipantScoreScheduleService : Updating the participant score for exercise 2572 and participant 689 took 8 ms.
    23:44:36.438 | 441 ool-1-worker-205 | DEBUG | .c.s.m.InstanceMessageReceiveService : Received schedule participant score for exercise 2573 and participant 689 (result to be deleted: null)
    23:44:36.438 | 441 ool-1-worker-205 | DEBUG | .a.s.ParticipantScoreScheduleService : Scheduled task for exercise 2573 and participant 689 at 2025-02-14T23:44:36.538835185Z[Etc/UTC].
    23:44:36.444 | 441 ool-1-worker-205 | DEBUG | .c.s.m.InstanceMessageReceiveService : Received schedule participant score for exercise 2573 and participant 689 (result to be deleted: null)
    23:44:36.444 | 441 ool-1-worker-205 | DEBUG | .a.s.ParticipantScoreScheduleService : Scheduled task for exercise 2573 and participant 689 at 2025-02-14T23:44:36.544945019Z[Etc/UTC].
    23:44:36.455 | 327 taskScheduler-2  | DEBUG | .a.s.ParticipantScoreScheduleService : Processing exercise 2572 and participant 690 to update participant scores.
    23:44:36.462 | 327 taskScheduler-2  | DEBUG | .a.s.ParticipantScoreScheduleService : Updated participant score 372.
    23:44:36.462 | 327 taskScheduler-2  | DEBUG | .a.s.ParticipantScoreScheduleService : Updating the participant score for exercise 2572 and participant 690 took 7 ms.
    23:44:36.471 | 441 ool-1-worker-205 | DEBUG | .c.s.m.InstanceMessageReceiveService : Received schedule participant score for exercise 2573 and participant 690 (result to be deleted: null)
    23:44:36.471 | 441 ool-1-worker-205 | DEBUG | .a.s.ParticipantScoreScheduleService : Scheduled task for exercise 2573 and participant 690 at 2025-02-14T23:44:36.571331807Z[Etc/UTC].
    23:44:36.477 | 441 ool-1-worker-205 | DEBUG | .c.s.m.InstanceMessageReceiveService : Received schedule participant score for exercise 2573 and participant 690 (result to be deleted: null)
    23:44:36.477 | 441 ool-1-worker-205 | DEBUG | .a.s.ParticipantScoreScheduleService : Scheduled task for exercise 2573 and participant 690 at 2025-02-14T23:44:36.577410753Z[Etc/UTC].
    23:44:36.483 | 329 taskScheduler-4  | DEBUG | .a.s.ParticipantScoreScheduleService : Processing exercise 2572 and participant 691 to update participant scores.
    23:44:36.490 | 329 taskScheduler-4  | DEBUG | .a.s.ParticipantScoreScheduleService : Updated participant score 373.
    23:44:36.491 | 329 taskScheduler-4  | DEBUG | .a.s.ParticipantScoreScheduleService : Updating the participant score for exercise 2572 and participant 691 took 8 ms.
    23:44:36.505 | 441 ool-1-worker-205 | DEBUG | .c.s.m.InstanceMessageReceiveService : Received schedule participant score for exercise 2573 and participant 691 (result to be deleted: null)
    23:44:36.505 | 441 ool-1-worker-205 | DEBUG | .a.s.ParticipantScoreScheduleService : Scheduled task for exercise 2573 and participant 691 at 2025-02-14T23:44:36.605485679Z[Etc/UTC].
    23:44:36.512 | 441 ool-1-worker-205 | DEBUG | .c.s.m.InstanceMessageReceiveService : Received schedule participant score for exercise 2573 and participant 691 (result to be deleted: null)
    23:44:36.512 | 441 ool-1-worker-205 | DEBUG | .a.s.ParticipantScoreScheduleService : Scheduled task for exercise 2573 and participant 691 at 2025-02-14T23:44:36.612356201Z[Etc/UTC].
    23:44:36.513 | 328 taskScheduler-3  | DEBUG | .a.s.ParticipantScoreScheduleService : Processing exercise 2572 and participant 692 to update participant scores.
    23:44:36.519 | 328 taskScheduler-3  | DEBUG | .a.s.ParticipantScoreScheduleService : Updated participant score 374.
    23:44:36.520 | 328 taskScheduler-3  | DEBUG | .a.s.ParticipantScoreScheduleService : Updating the participant score for exercise 2572 and participant 692 took 7 ms.
    23:44:36.537 | 441 ool-1-worker-205 | DEBUG | .c.s.m.InstanceMessageReceiveService : Received schedule participant score for exercise 2573 and participant 692 (result to be deleted: null)
    23:44:36.537 | 441 ool-1-worker-205 | DEBUG | .a.s.ParticipantScoreScheduleService : Scheduled task for exercise 2573 and participant 692 at 2025-02-14T23:44:36.637489742Z[Etc/UTC].
    23:44:36.543 | 441 ool-1-worker-205 | DEBUG | .c.s.m.InstanceMessageReceiveService : Received schedule participant score for exercise 2573 and participant 692 (result to be deleted: null)
    23:44:36.543 | 441 ool-1-worker-205 | DEBUG | .a.s.ParticipantScoreScheduleService : Scheduled task for exercise 2573 and participant 692 at 2025-02-14T23:44:36.643708118Z[Etc/UTC].
    23:44:36.545 | 326 taskScheduler-1  | DEBUG | .a.s.ParticipantScoreScheduleService : Processing exercise 2573 and participant 689 to update participant scores.
    23:44:36.549 | 326 taskScheduler-1  | DEBUG | .a.s.ParticipantScoreScheduleService : Updated participant score 375.
    23:44:36.549 | 326 taskScheduler-1  | DEBUG | .a.s.ParticipantScoreScheduleService : Updating the participant score for exercise 2573 and participant 689 took 4 ms.
    23:44:36.570 | 441 ool-1-worker-205 | DEBUG | .c.s.m.InstanceMessageReceiveService : Received schedule participant score for exercise 2574 and participant 689 (result to be deleted: null)
    23:44:36.570 | 441 ool-1-worker-205 | DEBUG | .a.s.ParticipantScoreScheduleService : Scheduled task for exercise 2574 and participant 689 at 2025-02-14T23:44:36.670779512Z[Etc/UTC].
    23:44:36.576 | 441 ool-1-worker-205 | DEBUG | .c.s.m.InstanceMessageReceiveService : Received schedule participant score for exercise 2574 and participant 689 (result to be deleted: null)
    23:44:36.576 | 441 ool-1-worker-205 | DEBUG | .a.s.ParticipantScoreScheduleService : Scheduled task for exercise 2574 and participant 689 at 2025-02-14T23:44:36.676799308Z[Etc/UTC].
    23:44:36.577 | 327 taskScheduler-2  | DEBUG | .a.s.ParticipantScoreScheduleService : Processing exercise 2573 and participant 690 to update participant scores.
    23:44:36.581 | 327 taskScheduler-2  | DEBUG | .a.s.ParticipantScoreScheduleService : Updated participant score 376.
    23:44:36.581 | 327 taskScheduler-2  | DEBUG | .a.s.ParticipantScoreScheduleService : Updating the participant score for exercise 2573 and participant 690 took 4 ms.
    23:44:36.601 | 441 ool-1-worker-205 | DEBUG | .c.s.m.InstanceMessageReceiveService : Received schedule participant score for exercise 2574 and participant 690 (result to be deleted: null)
    23:44:36.601 | 441 ool-1-worker-205 | DEBUG | .a.s.ParticipantScoreScheduleService : Scheduled task for exercise 2574 and participant 690 at 2025-02-14T23:44:36.701886101Z[Etc/UTC].
    23:44:36.607 | 441 ool-1-worker-205 | DEBUG | .c.s.m.InstanceMessageReceiveService : Received schedule participant score for exercise 2574 and participant 690 (result to be deleted: null)
    23:44:36.608 | 441 ool-1-worker-205 | DEBUG | .a.s.ParticipantScoreScheduleService : Scheduled task for exercise 2574 and participant 690 at 2025-02-14T23:44:36.708010833Z[Etc/UTC].
    23:44:36.612 | 329 taskScheduler-4  | DEBUG | .a.s.ParticipantScoreScheduleService : Processing exercise 2573 and participant 691 to update participant scores.
    23:44:36.616 | 329 taskScheduler-4  | DEBUG | .a.s.ParticipantScoreScheduleService : Updated participant score 377.
    23:44:36.616 | 329 taskScheduler-4  | DEBUG | .a.s.ParticipantScoreScheduleService : Updating the participant score for exercise 2573 and participant 691 took 4 ms.
    23:44:36.632 | 441 ool-1-worker-205 | DEBUG | .c.s.m.InstanceMessageReceiveService : Received schedule participant score for exercise 2574 and participant 691 (result to be deleted: null)
    23:44:36.632 | 441 ool-1-worker-205 | DEBUG | .a.s.ParticipantScoreScheduleService : Scheduled task for exercise 2574 and participant 691 at 2025-02-14T23:44:36.732637779Z[Etc/UTC].
    23:44:36.638 | 441 ool-1-worker-205 | DEBUG | .c.s.m.InstanceMessageReceiveService : Received schedule participant score for exercise 2574 and participant 691 (result to be deleted: null)
    23:44:36.638 | 441 ool-1-worker-205 | DEBUG | .a.s.ParticipantScoreScheduleService : Scheduled task for exercise 2574 and participant 691 at 2025-02-14T23:44:36.738526170Z[Etc/UTC].
    23:44:36.643 | 328 taskScheduler-3  | DEBUG | .a.s.ParticipantScoreScheduleService : Processing exercise 2573 and participant 692 to update participant scores.
    23:44:36.648 | 328 taskScheduler-3  | DEBUG | .a.s.ParticipantScoreScheduleService : Updated participant score 378.
    23:44:36.648 | 328 taskScheduler-3  | DEBUG | .a.s.ParticipantScoreScheduleService : Updating the participant score for exercise 2573 and participant 692 took 5 ms.
    23:44:36.663 | 441 ool-1-worker-205 | DEBUG | .c.s.m.InstanceMessageReceiveService : Received schedule participant score for exercise 2574 and participant 692 (result to be deleted: null)
    23:44:36.663 | 441 ool-1-worker-205 | DEBUG | .a.s.ParticipantScoreScheduleService : Scheduled task for exercise 2574 and participant 692 at 2025-02-14T23:44:36.763635495Z[Etc/UTC].
    23:44:36.669 | 441 ool-1-worker-205 | DEBUG | .c.s.m.InstanceMessageReceiveService : Received schedule participant score for exercise 2574 and participant 692 (result to be deleted: null)
    23:44:36.669 | 441 ool-1-worker-205 | DEBUG | .a.s.ParticipantScoreScheduleService : Scheduled task for exercise 2574 and participant 692 at 2025-02-14T23:44:36.769714972Z[Etc/UTC].
    23:44:36.676 | 326 taskScheduler-1  | DEBUG | .a.s.ParticipantScoreScheduleService : Processing exercise 2574 and participant 689 to update participant scores.
    23:44:36.681 | 326 taskScheduler-1  | DEBUG | .a.s.ParticipantScoreScheduleService : Updated participant score 379.
    23:44:36.681 | 326 taskScheduler-1  | DEBUG | .a.s.ParticipantScoreScheduleService : Updating the participant score for exercise 2574 and participant 689 took 5 ms.
    23:44:36.690 | 441 ool-1-worker-205 | DEBUG | .c.s.m.InstanceMessageReceiveService : Received schedule participant score for exercise 2575 and participant 689 (result to be deleted: null)
    23:44:36.690 | 441 ool-1-worker-205 | DEBUG | .a.s.ParticipantScoreScheduleService : Scheduled task for exercise 2575 and participant 689 at 2025-02-14T23:44:36.790535359Z[Etc/UTC].
    23:44:36.696 | 441 ool-1-worker-205 | DEBUG | .c.s.m.InstanceMessageReceiveService : Received schedule participant score for exercise 2575 and participant 689 (result to be deleted: null)
    23:44:36.696 | 441 ool-1-worker-205 | DEBUG | .a.s.ParticipantScoreScheduleService : Scheduled task for exercise 2575 and participant 689 at 2025-02-14T23:44:36.796542872Z[Etc/UTC].
    23:44:36.708 | 327 taskScheduler-2  | DEBUG | .a.s.ParticipantScoreScheduleService : Processing exercise 2574 and participant 690 to update participant scores.
    23:44:36.713 | 327 taskScheduler-2  | DEBUG | .a.s.ParticipantScoreScheduleService : Updated participant score 380.
    23:44:36.713 | 327 taskScheduler-2  | DEBUG | .a.s.ParticipantScoreScheduleService : Updating the participant score for exercise 2574 and participant 690 took 5 ms.
    23:44:36.717 | 441 ool-1-worker-205 | DEBUG | .c.s.m.InstanceMessageReceiveService : Received schedule participant score for exercise 2575 and participant 690 (result to be deleted: null)
    23:44:36.717 | 441 ool-1-worker-205 | DEBUG | .a.s.ParticipantScoreScheduleService : Scheduled task for exercise 2575 and participant 690 at 2025-02-14T23:44:36.817823467Z[Etc/UTC].
    23:44:36.724 | 441 ool-1-worker-205 | DEBUG | .c.s.m.InstanceMessageReceiveService : Received schedule participant score for exercise 2575 and participant 690 (result to be deleted: null)
    23:44:36.724 | 441 ool-1-worker-205 | DEBUG | .a.s.ParticipantScoreScheduleService : Scheduled task for exercise 2575 and participant 690 at 2025-02-14T23:44:36.824498796Z[Etc/UTC].
    23:44:36.738 | 329 taskScheduler-4  | DEBUG | .a.s.ParticipantScoreScheduleService : Processing exercise 2574 and participant 691 to update participant scores.
    23:44:36.742 | 329 taskScheduler-4  | DEBUG | .a.s.ParticipantScoreScheduleService : Updated participant score 381.
    23:44:36.742 | 329 taskScheduler-4  | DEBUG | .a.s.ParticipantScoreScheduleService : Updating the participant score for exercise 2574 and participant 691 took 4 ms.
    23:44:36.744 | 441 ool-1-worker-205 | DEBUG | .c.s.m.InstanceMessageReceiveService : Received schedule participant score for exercise 2575 and participant 691 (result to be deleted: null)
    23:44:36.744 | 441 ool-1-worker-205 | DEBUG | .a.s.ParticipantScoreScheduleService : Scheduled task for exercise 2575 and participant 691 at 2025-02-14T23:44:36.844841302Z[Etc/UTC].
    23:44:36.750 | 441 ool-1-worker-205 | DEBUG | .c.s.m.InstanceMessageReceiveService : Received schedule participant score for exercise 2575 and participant 691 (result to be deleted: null)
    23:44:36.750 | 441 ool-1-worker-205 | DEBUG | .a.s.ParticipantScoreScheduleService : Scheduled task for exercise 2575 and participant 691 at 2025-02-14T23:44:36.850917884Z[Etc/UTC].
    23:44:36.767 | 441 ool-1-worker-205 | DEBUG | .c.s.m.InstanceMessageReceiveService : Received schedule participant score for exercise 2575 and participant 692 (result to be deleted: null)
    23:44:36.767 | 441 ool-1-worker-205 | DEBUG | .a.s.ParticipantScoreScheduleService : Scheduled task for exercise 2575 and participant 692 at 2025-02-14T23:44:36.867747128Z[Etc/UTC].
    23:44:36.769 | 328 taskScheduler-3  | DEBUG | .a.s.ParticipantScoreScheduleService : Processing exercise 2574 and participant 692 to update participant scores.
    23:44:36.776 | 328 taskScheduler-3  | DEBUG | .a.s.ParticipantScoreScheduleService : Updated participant score 382.
    23:44:36.776 | 328 taskScheduler-3  | DEBUG | .a.s.ParticipantScoreScheduleService : Updating the participant score for exercise 2574 and participant 692 took 7 ms.
    23:44:36.778 | 441 ool-1-worker-205 | DEBUG | .c.s.m.InstanceMessageReceiveService : Received schedule participant score for exercise 2575 and participant 692 (result to be deleted: null)
    23:44:36.778 | 441 ool-1-worker-205 | DEBUG | .a.s.ParticipantScoreScheduleService : Scheduled task for exercise 2575 and participant 692 at 2025-02-14T23:44:36.878697138Z[Etc/UTC].
    23:44:36.796 | 326 taskScheduler-1  | DEBUG | .a.s.ParticipantScoreScheduleService : Processing exercise 2575 and participant 689 to update participant scores.
    23:44:36.801 | 326 taskScheduler-1  | DEBUG | .a.s.ParticipantScoreScheduleService : Updated participant score 383.
    23:44:36.803 | 326 taskScheduler-1  | DEBUG | .a.s.ParticipantScoreScheduleService : Updating the participant score for exercise 2575 and participant 689 took 7 ms.
    23:44:36.808 | 441 ool-1-worker-205 | DEBUG | .c.s.m.InstanceMessageReceiveService : Received schedule participant score for exercise 2576 and participant 689 (result to be deleted: null)
    23:44:36.808 | 441 ool-1-worker-205 | DEBUG | .a.s.ParticipantScoreScheduleService : Scheduled task for exercise 2576 and participant 689 at 2025-02-14T23:44:36.908606905Z[Etc/UTC].
    23:44:36.815 | 441 ool-1-worker-205 | DEBUG | .c.s.m.InstanceMessageReceiveService : Received schedule participant score for exercise 2576 and participant 689 (result to be deleted: null)
    23:44:36.815 | 441 ool-1-worker-205 | DEBUG | .a.s.ParticipantScoreScheduleService : Scheduled task for exercise 2576 and participant 689 at 2025-02-14T23:44:36.915308212Z[Etc/UTC].
    23:44:36.824 | 327 taskScheduler-2  | DEBUG | .a.s.ParticipantScoreScheduleService : Processing exercise 2575 and participant 690 to update participant scores.
    23:44:36.829 | 327 taskScheduler-2  | DEBUG | .a.s.ParticipantScoreScheduleService : Updated participant score 384.
    23:44:36.831 | 327 taskScheduler-2  | DEBUG | .a.s.ParticipantScoreScheduleService : Updating the participant score for exercise 2575 and participant 690 took 7 ms.
    23:44:36.843 | 441 ool-1-worker-205 | DEBUG | .c.s.m.InstanceMessageReceiveService : Received schedule participant score for exercise 2576 and participant 690 (result to be deleted: null)
    23:44:36.843 | 441 ool-1-worker-205 | DEBUG | .a.s.ParticipantScoreScheduleService : Scheduled task for exercise 2576 and participant 690 at 2025-02-14T23:44:36.943892959Z[Etc/UTC].
    23:44:36.850 | 441 ool-1-worker-205 | DEBUG | .c.s.m.InstanceMessageReceiveService : Received schedule participant score for exercise 2576 and participant 690 (result to be deleted: null)
    23:44:36.850 | 441 ool-1-worker-205 | DEBUG | .a.s.ParticipantScoreScheduleService : Scheduled task for exercise 2576 and participant 690 at 2025-02-14T23:44:36.950293936Z[Etc/UTC].
    23:44:36.851 | 329 taskScheduler-4  | DEBUG | .a.s.ParticipantScoreScheduleService : Processing exercise 2575 and participant 691 to update participant scores.
    23:44:36.856 | 329 taskScheduler-4  | DEBUG | .a.s.ParticipantScoreScheduleService : Updated participant score 385.
    23:44:36.856 | 329 taskScheduler-4  | DEBUG | .a.s.ParticipantScoreScheduleService : Updating the participant score for exercise 2575 and participant 691 took 5 ms.
    23:44:36.877 | 441 ool-1-worker-205 | DEBUG | .c.s.m.InstanceMessageReceiveService : Received schedule participant score for exercise 2576 and participant 691 (result to be deleted: null)
    23:44:36.877 | 441 ool-1-worker-205 | DEBUG | .a.s.ParticipantScoreScheduleService : Scheduled task for exercise 2576 and participant 691 at 2025-02-14T23:44:36.977743706Z[Etc/UTC].
    23:44:36.878 | 328 taskScheduler-3  | DEBUG | .a.s.ParticipantScoreScheduleService : Processing exercise 2575 and participant 692 to update participant scores.
    23:44:36.887 | 328 taskScheduler-3  | DEBUG | .a.s.ParticipantScoreScheduleService : Updated participant score 386.
    23:44:36.888 | 328 taskScheduler-3  | DEBUG | .a.s.ParticipantScoreScheduleService : Updating the participant score for exercise 2575 and participant 692 took 10 ms.
    23:44:36.891 | 441 ool-1-worker-205 | DEBUG | .c.s.m.InstanceMessageReceiveService : Received schedule participant score for exercise 2576 and participant 691 (result to be deleted: null)
    23:44:36.891 | 441 ool-1-worker-205 | DEBUG | .a.s.ParticipantScoreScheduleService : Scheduled task for exercise 2576 and participant 691 at 2025-02-14T23:44:36.991347645Z[Etc/UTC].
    23:44:36.915 | 326 taskScheduler-1  | DEBUG | .a.s.ParticipantScoreScheduleService : Processing exercise 2576 and participant 689 to update participant scores.
    23:44:36.919 | 326 taskScheduler-1  | DEBUG | .a.s.ParticipantScoreScheduleService : Updated participant score 387.
    23:44:36.920 | 326 taskScheduler-1  | DEBUG | .a.s.ParticipantScoreScheduleService : Updating the participant score for exercise 2576 and participant 689 took 5 ms.
    23:44:36.920 | 441 ool-1-worker-205 | DEBUG | .c.s.m.InstanceMessageReceiveService : Received schedule participant score for exercise 2576 and participant 692 (result to be deleted: null)
    23:44:36.920 | 441 ool-1-worker-205 | DEBUG | .a.s.ParticipantScoreScheduleService : Scheduled task for exercise 2576 and participant 692 at 2025-02-14T23:44:37.020498056Z[Etc/UTC].
    23:44:36.930 | 441 ool-1-worker-205 | DEBUG | .c.s.m.InstanceMessageReceiveService : Received schedule participant score for exercise 2576 and participant 692 (result to be deleted: null)
    23:44:36.930 | 441 ool-1-worker-205 | DEBUG | .a.s.ParticipantScoreScheduleService : Scheduled task for exercise 2576 and participant 692 at 2025-02-14T23:44:37.030592691Z[Etc/UTC].
    23:44:36.932 | 441 ool-1-worker-205 | DEBUG | d.t.c.a.a.c.s.f.ApiVersionFilter     : Adding Version to Request GET /api/courses/835/stats-for-assessment-dashboard
    23:44:36.950 | 327 taskScheduler-2  | DEBUG | .a.s.ParticipantScoreScheduleService : Processing exercise 2576 and participant 690 to update participant scores.
    23:44:36.956 | 327 taskScheduler-2  | DEBUG | .a.s.ParticipantScoreScheduleService : Updated participant score 388.
    23:44:36.957 | 327 taskScheduler-2  | DEBUG | .a.s.ParticipantScoreScheduleService : Updating the participant score for exercise 2576 and participant 690 took 7 ms.

  Starting logs for CourseGitlabJenkinsIntegrationTest > testSetPermissionsForNewGroupMembersInCourseMemberDoesntExist()
    23:44:36.993 | 441 ool-1-worker-205 | DEBUG | d.t.c.a.a.c.u.util.UserUtilService   : Generate 8 students...
    23:44:37.003 | 441 ool-1-worker-205 | DEBUG | d.t.c.a.a.c.u.util.UserUtilService   : 8 students generated. Generate 5 tutors...
    23:44:37.010 | 441 ool-1-worker-205 | DEBUG | d.t.c.a.a.c.u.util.UserUtilService   : 5 tutors generated. Generate 1 editors...
    23:44:37.013 | 441 ool-1-worker-205 | DEBUG | d.t.c.a.a.c.u.util.UserUtilService   : 1 editors generated. Generate 1 instructors...
    23:44:37.015 | 441 ool-1-worker-205 | DEBUG | d.t.c.a.a.c.u.util.UserUtilService   : 1 instructors generated
    23:44:37.017 | 441 ool-1-worker-205 | DEBUG | d.t.c.a.a.c.u.util.UserUtilService   : Removing 16 users from all courses...
    23:44:37.019 | 441 ool-1-worker-205 | DEBUG | d.t.c.a.a.c.u.util.UserUtilService   : Removing 16 users from all courses. Done
    23:44:37.019 | 441 ool-1-worker-205 | DEBUG | d.t.c.a.a.c.u.util.UserUtilService   : Save 15 users to database...
    23:44:37.028 | 441 ool-1-worker-205 | DEBUG | d.t.c.a.a.c.u.util.UserUtilService   : Save 15 users to database. Done
    23:44:37.038 | 441 ool-1-worker-205 | INFO  | i.z.t.d.l.EmbeddedDatabaseReporter   : JDBC URL to connect to 'dataSource': url='jdbc:h2:tcp://localhost:41063/mem:736625c0-cf5e-400d-aeaa-8a7eabd6262b;USER=sa', scope='CourseGitlabJenkinsIntegrationTest#testSetPermissionsForNewGroupMembersInCourseMemberDoesntExist'
    23:44:37.062 | 441 ool-1-worker-205 | DEBUG | d.t.c.a.a.c.s.f.ApiVersionFilter     : Adding Version to Request PUT /api/courses/836
    23:44:37.067 | 441 ool-1-worker-205 | DEBUG | d.t.c.a.a.core.web.CourseResource    : REST request to update Course : Course{id=836, title='Course title c070ea9a-29e2-404e-8279-26cf91dbd24f', description='null', shortName='short3db24da70a4f904b290a93e0e6647bf488d4', studentGroupName='tumuser', teachingAssistantGroupName='tutor', editorGroupName='editor', instructorGroupName='new-instructor-group', startDate='2025-02-13T23:39:54.015067Z', endDate='2025-02-16T23:39:54.015089Z', enrollmentStartDate='null', enrollmentEndDate='null', unenrollmentEndDate='null', semester='null'', onlineCourse='false', color='null', courseIcon='null', enrollmentEnabled='false', unenrollmentEnabled='false', presentationScore='2', faqEnabled='false'}
    23:44:37.087 | 441 ool-1-worker-205 | INFO  | .a.p.s.g.GitLabUserManagementService : Update Gitlab permissions for programming exercises: [SHORT3DB24DA70A4F904B290A93E0E6647BF488D4TSTEXC]
    23:44:37.110 | 441 ool-1-worker-205 | WARN  | .a.p.s.g.GitLabUserManagementService : User courseegitlabjenkinstutor1 does not exist in Gitlab and cannot be updated!
    23:44:37.110 | 441 ool-1-worker-205 | WARN  | .a.p.s.g.GitLabUserManagementService : User courseegitlabjenkinstutor2 does not exist in Gitlab and cannot be updated!
    23:44:37.110 | 441 ool-1-worker-205 | WARN  | .a.p.s.g.GitLabUserManagementService : User courseegitlabjenkinstutor3 does not exist in Gitlab and cannot be updated!
    23:44:37.110 | 441 ool-1-worker-205 | WARN  | .a.p.s.g.GitLabUserManagementService : User courseegitlabjenkinstutor4 does not exist in Gitlab and cannot be updated!
    23:44:37.110 | 441 ool-1-worker-205 | WARN  | .a.p.s.g.GitLabUserManagementService : User courseegitlabjenkinstutor5 does not exist in Gitlab and cannot be updated!
    23:44:37.110 | 441 ool-1-worker-205 | WARN  | .a.p.s.g.GitLabUserManagementService : User courseegitlabjenkinseditor1 does not exist in Gitlab and cannot be updated!
    23:44:37.110 | 441 ool-1-worker-205 | WARN  | .a.p.s.g.GitLabUserManagementService : User courseegitlabjenkinsinstructor1 does not exist in Gitlab and cannot be updated!
    23:44:37.110 | 441 ool-1-worker-205 | WARN  | .a.p.s.g.GitLabUserManagementService : User new-editor does not exist in Gitlab and cannot be updated!
    23:44:37.112 | 441 ool-1-worker-205 | INFO  | a.p.s.j.JenkinsUserManagementService : Update Jenkins permissions (update course permissions) for programming exercises: [SHORT3DB24DA70A4F904B290A93E0E6647BF488D4TSTEXC]
    23:44:37.127 | 441 ool-1-worker-205 | ERROR | o.z.p.spring.common.AdviceTraits     : Internal Server Error
jakarta.servlet.ServletException: Handler dispatch failed: java.lang.AssertionError: No further requests expected: HTTP GET https://continuous-integration.fake.fake/job/SHORT3DB24DA70A4F904B290A93E0E6647BF488D4TSTEXC/api/json
0 request(s) executed.

	at org.springframework.web.servlet.DispatcherServlet.doDispatch(DispatcherServlet.java:1103)
	at org.springframework.web.servlet.DispatcherServlet.doService(DispatcherServlet.java:978)
	at org.springframework.web.servlet.FrameworkServlet.processRequest(FrameworkServlet.java:1014)
	at org.springframework.web.servlet.FrameworkServlet.doPut(FrameworkServlet.java:925)
	at jakarta.servlet.http.HttpServlet.service(HttpServlet.java:550)
	at org.springframework.web.servlet.FrameworkServlet.service(FrameworkServlet.java:885)
	at org.springframework.test.web.servlet.TestDispatcherServlet.service(TestDispatcherServlet.java:72)
	at jakarta.servlet.http.HttpServlet.service(HttpServlet.java:614)
	at org.springframework.mock.web.MockFilterChain$ServletFilterProxy.doFilter(MockFilterChain.java:165)
	at org.springframework.mock.web.MockFilterChain.doFilter(MockFilterChain.java:132)
	at org.springframework.web.filter.OncePerRequestFilter.doFilter(OncePerRequestFilter.java:110)
	at org.springframework.test.web.servlet.setup.MockMvcFilterDecorator.doFilter(MockMvcFilterDecorator.java:162)
	at org.springframework.mock.web.MockFilterChain.doFilter(MockFilterChain.java:132)
	at de.tum.cit.aet.artemis.core.security.filter.ApiVersionFilter.doFilter(ApiVersionFilter.java:55)
	at org.springframework.test.web.servlet.setup.MockMvcFilterDecorator.doFilter(MockMvcFilterDecorator.java:162)
	at org.springframework.mock.web.MockFilterChain.doFilter(MockFilterChain.java:132)
	at io.sentry.spring.jakarta.SentryUserFilter.doFilterInternal(SentryUserFilter.java:56)
	at org.springframework.web.filter.OncePerRequestFilter.doFilter(OncePerRequestFilter.java:116)
	at org.springframework.test.web.servlet.setup.MockMvcFilterDecorator.doFilter(MockMvcFilterDecorator.java:162)
	at org.springframework.mock.web.MockFilterChain.doFilter(MockFilterChain.java:132)
	at org.springframework.web.filter.CompositeFilter$VirtualFilterChain.doFilter(CompositeFilter.java:108)
	at org.springframework.security.web.FilterChainProxy.lambda$doFilterInternal$3(FilterChainProxy.java:231)
	at org.springframework.security.web.ObservationFilterChainDecorator$FilterObservation$SimpleFilterObservation.lambda$wrap$1(ObservationFilterChainDecorator.java:479)
	at org.springframework.security.web.ObservationFilterChainDecorator$AroundFilterObservation$SimpleAroundFilterObservation.lambda$wrap$1(ObservationFilterChainDecorator.java:340)
	at org.springframework.security.web.ObservationFilterChainDecorator.lambda$wrapSecured$0(ObservationFilterChainDecorator.java:82)
	at org.springframework.security.web.ObservationFilterChainDecorator$VirtualFilterChain.doFilter(ObservationFilterChainDecorator.java:128)
	at org.springframework.security.web.access.intercept.AuthorizationFilter.doFilter(AuthorizationFilter.java:101)
	at org.springframework.security.web.ObservationFilterChainDecorator$ObservationFilter.wrapFilter(ObservationFilterChainDecorator.java:240)
	at org.springframework.security.web.ObservationFilterChainDecorator$ObservationFilter.doFilter(ObservationFilterChainDecorator.java:227)
	at org.springframework.security.web.ObservationFilterChainDecorator$VirtualFilterChain.doFilter(ObservationFilterChainDecorator.java:137)
	at org.springframework.security.web.access.ExceptionTranslationFilter.doFilter(ExceptionTranslationFilter.java:126)
	at org.springframework.security.web.access.ExceptionTranslationFilter.doFilter(ExceptionTranslationFilter.java:120)
	at org.springframework.security.web.ObservationFilterChainDecorator$ObservationFilter.wrapFilter(ObservationFilterChainDecorator.java:240)
	at org.springframework.security.web.ObservationFilterChainDecorator$ObservationFilter.doFilter(ObservationFilterChainDecorator.java:227)
	at org.springframework.security.web.ObservationFilterChainDecorator$VirtualFilterChain.doFilter(ObservationFilterChainDecorator.java:137)
	at org.springframework.security.web.session.SessionManagementFilter.doFilter(SessionManagementFilter.java:131)
	at org.springframework.security.web.session.SessionManagementFilter.doFilter(SessionManagementFilter.java:85)
	at org.springframework.security.web.ObservationFilterChainDecorator$ObservationFilter.wrapFilter(ObservationFilterChainDecorator.java:240)
	at org.springframework.security.web.ObservationFilterChainDecorator$ObservationFilter.doFilter(ObservationFilterChainDecorator.java:227)
	at org.springframework.security.web.ObservationFilterChainDecorator$VirtualFilterChain.doFilter(ObservationFilterChainDecorator.java:137)
	at org.springframework.security.web.authentication.AnonymousAuthenticationFilter.doFilter(AnonymousAuthenticationFilter.java:100)
	at org.springframework.security.web.ObservationFilterChainDecorator$ObservationFilter.wrapFilter(ObservationFilterChainDecorator.java:240)
	at org.springframework.security.web.ObservationFilterChainDecorator$ObservationFilter.doFilter(ObservationFilterChainDecorator.java:227)
	at org.springframework.security.web.ObservationFilterChainDecorator$VirtualFilterChain.doFilter(ObservationFilterChainDecorator.java:137)
	at org.springframework.security.web.servletapi.SecurityContextHolderAwareRequestFilter.doFilter(SecurityContextHolderAwareRequestFilter.java:179)
	at org.springframework.security.web.ObservationFilterChainDecorator$ObservationFilter.wrapFilter(ObservationFilterChainDecorator.java:240)
	at org.springframework.security.web.ObservationFilterChainDecorator$ObservationFilter.doFilter(ObservationFilterChainDecorator.java:227)
	at org.springframework.security.web.ObservationFilterChainDecorator$VirtualFilterChain.doFilter(ObservationFilterChainDecorator.java:137)
	at org.springframework.security.web.savedrequest.RequestCacheAwareFilter.doFilter(RequestCacheAwareFilter.java:63)
	at org.springframework.security.web.ObservationFilterChainDecorator$ObservationFilter.wrapFilter(ObservationFilterChainDecorator.java:240)
	at org.springframework.security.web.ObservationFilterChainDecorator$ObservationFilter.doFilter(ObservationFilterChainDecorator.java:227)
	at org.springframework.security.web.ObservationFilterChainDecorator$VirtualFilterChain.doFilter(ObservationFilterChainDecorator.java:137)
	at de.tum.cit.aet.artemis.core.security.filter.SpaWebFilter.doFilterInternal(SpaWebFilter.java:23)
	at org.springframework.web.filter.OncePerRequestFilter.doFilter(OncePerRequestFilter.java:116)
	at org.springframework.security.web.ObservationFilterChainDecorator$ObservationFilter.wrapFilter(ObservationFilterChainDecorator.java:240)
	at org.springframework.security.web.ObservationFilterChainDecorator$ObservationFilter.doFilter(ObservationFilterChainDecorator.java:227)
	at org.springframework.security.web.ObservationFilterChainDecorator$VirtualFilterChain.doFilter(ObservationFilterChainDecorator.java:137)
	at org.springframework.web.filter.OncePerRequestFilter.doFilter(OncePerRequestFilter.java:110)
	at org.springframework.security.web.ObservationFilterChainDecorator$ObservationFilter.wrapFilter(ObservationFilterChainDecorator.java:240)
	at org.springframework.security.web.ObservationFilterChainDecorator$ObservationFilter.doFilter(ObservationFilterChainDecorator.java:227)
	at org.springframework.security.web.ObservationFilterChainDecorator$VirtualFilterChain.doFilter(ObservationFilterChainDecorator.java:137)
	at de.tum.cit.aet.artemis.lti.config.Lti13LaunchFilter.doFilterInternal(Lti13LaunchFilter.java:60)
	at org.springframework.web.filter.OncePerRequestFilter.doFilter(OncePerRequestFilter.java:116)
	at org.springframework.security.web.ObservationFilterChainDecorator$ObservationFilter.wrapFilter(ObservationFilterChainDecorator.java:240)
	at org.springframework.security.web.ObservationFilterChainDecorator$ObservationFilter.doFilter(ObservationFilterChainDecorator.java:227)
	at org.springframework.security.web.ObservationFilterChainDecorator$VirtualFilterChain.doFilter(ObservationFilterChainDecorator.java:137)
	at de.tum.cit.aet.artemis.core.security.jwt.JWTFilter.doFilter(JWTFilter.java:55)
	at org.springframework.security.web.ObservationFilterChainDecorator$ObservationFilter.wrapFilter(ObservationFilterChainDecorator.java:240)
	at org.springframework.security.web.ObservationFilterChainDecorator$ObservationFilter.doFilter(ObservationFilterChainDecorator.java:227)
	at org.springframework.security.web.ObservationFilterChainDecorator$VirtualFilterChain.doFilter(ObservationFilterChainDecorator.java:137)
	at de.tum.cit.aet.artemis.core.security.jwt.JWTFilter.doFilter(JWTFilter.java:55)
	at org.springframework.security.web.ObservationFilterChainDecorator$ObservationFilter.wrapFilter(ObservationFilterChainDecorator.java:240)
	at org.springframework.security.web.ObservationFilterChainDecorator$ObservationFilter.doFilter(ObservationFilterChainDecorator.java:227)
	at org.springframework.security.web.ObservationFilterChainDecorator$VirtualFilterChain.doFilter(ObservationFilterChainDecorator.java:137)
	at org.springframework.web.filter.CorsFilter.doFilterInternal(CorsFilter.java:91)
	at org.springframework.web.filter.OncePerRequestFilter.doFilter(OncePerRequestFilter.java:116)
	at org.springframework.security.web.ObservationFilterChainDecorator$ObservationFilter.wrapFilter(ObservationFilterChainDecorator.java:240)
	at org.springframework.security.web.ObservationFilterChainDecorator$ObservationFilter.doFilter(ObservationFilterChainDecorator.java:227)
	at org.springframework.security.web.ObservationFilterChainDecorator$VirtualFilterChain.doFilter(ObservationFilterChainDecorator.java:137)
	at org.springframework.web.filter.OncePerRequestFilter.doFilter(OncePerRequestFilter.java:110)
	at org.springframework.security.web.ObservationFilterChainDecorator$ObservationFilter.wrapFilter(ObservationFilterChainDecorator.java:240)
	at org.springframework.security.web.ObservationFilterChainDecorator$ObservationFilter.doFilter(ObservationFilterChainDecorator.java:227)
	at org.springframework.security.web.ObservationFilterChainDecorator$VirtualFilterChain.doFilter(ObservationFilterChainDecorator.java:137)
	at uk.ac.ox.ctl.lti13.security.oauth2.client.lti.web.OAuth2AuthorizationRequestRedirectFilter.doFilterInternal(OAuth2AuthorizationRequestRedirectFilter.java:142)
	at org.springframework.web.filter.OncePerRequestFilter.doFilter(OncePerRequestFilter.java:116)
	at org.springframework.security.web.ObservationFilterChainDecorator$ObservationFilter.wrapFilter(ObservationFilterChainDecorator.java:240)
	at org.springframework.security.web.ObservationFilterChainDecorator$ObservationFilter.doFilter(ObservationFilterChainDecorator.java:227)
	at org.springframework.security.web.ObservationFilterChainDecorator$VirtualFilterChain.doFilter(ObservationFilterChainDecorator.java:137)
	at org.springframework.security.web.authentication.logout.LogoutFilter.doFilter(LogoutFilter.java:107)
	at org.springframework.security.web.authentication.logout.LogoutFilter.doFilter(LogoutFilter.java:93)
	at org.springframework.security.web.ObservationFilterChainDecorator$ObservationFilter.wrapFilter(ObservationFilterChainDecorator.java:240)
	at org.springframework.security.web.ObservationFilterChainDecorator$ObservationFilter.doFilter(ObservationFilterChainDecorator.java:227)
	at org.springframework.security.web.ObservationFilterChainDecorator$VirtualFilterChain.doFilter(ObservationFilterChainDecorator.java:137)
	at org.springframework.security.web.header.HeaderWriterFilter.doHeadersAfter(HeaderWriterFilter.java:90)
	at org.springframework.security.web.header.HeaderWriterFilter.doFilterInternal(HeaderWriterFilter.java:75)
	at org.springframework.web.filter.OncePerRequestFilter.doFilter(OncePerRequestFilter.java:116)
	at org.springframework.security.web.ObservationFilterChainDecorator$ObservationFilter.wrapFilter(ObservationFilterChainDecorator.java:240)
	at org.springframework.security.web.ObservationFilterChainDecorator$ObservationFilter.doFilter(ObservationFilterChainDecorator.java:227)
	at org.springframework.security.web.ObservationFilterChainDecorator$VirtualFilterChain.doFilter(ObservationFilterChainDecorator.java:137)
	at org.springframework.security.web.context.SecurityContextHolderFilter.doFilter(SecurityContextHolderFilter.java:82)
	at org.springframework.security.web.context.SecurityContextHolderFilter.doFilter(SecurityContextHolderFilter.java:69)
	at org.springframework.security.web.ObservationFilterChainDecorator$ObservationFilter.wrapFilter(ObservationFilterChainDecorator.java:240)
	at org.springframework.security.web.ObservationFilterChainDecorator$ObservationFilter.doFilter(ObservationFilterChainDecorator.java:227)
	at org.springframework.security.web.ObservationFilterChainDecorator$VirtualFilterChain.doFilter(ObservationFilterChainDecorator.java:137)
	at org.springframework.security.web.context.request.async.WebAsyncManagerIntegrationFilter.doFilterInternal(WebAsyncManagerIntegrationFilter.java:62)
	at org.springframework.web.filter.OncePerRequestFilter.doFilter(OncePerRequestFilter.java:116)
	at org.springframework.security.web.ObservationFilterChainDecorator$ObservationFilter.wrapFilter(ObservationFilterChainDecorator.java:240)
	at org.springframework.security.web.ObservationFilterChainDecorator$ObservationFilter.doFilter(ObservationFilterChainDecorator.java:227)
	at org.springframework.security.web.ObservationFilterChainDecorator$VirtualFilterChain.doFilter(ObservationFilterChainDecorator.java:137)
	at org.springframework.security.web.session.DisableEncodeUrlFilter.doFilterInternal(DisableEncodeUrlFilter.java:42)
	at org.springframework.web.filter.OncePerRequestFilter.doFilter(OncePerRequestFilter.java:116)
	at org.springframework.security.web.ObservationFilterChainDecorator$ObservationFilter.wrapFilter(ObservationFilterChainDecorator.java:240)
	at org.springframework.security.web.ObservationFilterChainDecorator$AroundFilterObservation$SimpleAroundFilterObservation.lambda$wrap$0(ObservationFilterChainDecorator.java:323)
	at org.springframework.security.web.ObservationFilterChainDecorator$ObservationFilter.doFilter(ObservationFilterChainDecorator.java:224)
	at org.springframework.security.web.ObservationFilterChainDecorator$VirtualFilterChain.doFilter(ObservationFilterChainDecorator.java:137)
	at org.springframework.security.web.FilterChainProxy.doFilterInternal(FilterChainProxy.java:233)
	at org.springframework.security.web.FilterChainProxy.doFilter(FilterChainProxy.java:191)
	at org.springframework.web.filter.CompositeFilter$VirtualFilterChain.doFilter(CompositeFilter.java:113)
	at org.springframework.web.servlet.handler.HandlerMappingIntrospector.lambda$createCacheFilter$3(HandlerMappingIntrospector.java:243)
	at org.springframework.web.filter.CompositeFilter$VirtualFilterChain.doFilter(CompositeFilter.java:113)
	at org.springframework.web.filter.CompositeFilter.doFilter(CompositeFilter.java:74)
	at org.springframework.security.config.annotation.web.configuration.WebMvcSecurityConfiguration$CompositeFilterChainProxy.doFilter(WebMvcSecurityConfiguration.java:238)
	at org.springframework.web.filter.DelegatingFilterProxy.invokeDelegate(DelegatingFilterProxy.java:362)
	at org.springframework.web.filter.DelegatingFilterProxy.doFilter(DelegatingFilterProxy.java:278)
	at org.springframework.test.web.servlet.setup.MockMvcFilterDecorator.doFilter(MockMvcFilterDecorator.java:162)
	at org.springframework.mock.web.MockFilterChain.doFilter(MockFilterChain.java:132)
	at org.springframework.web.filter.RequestContextFilter.doFilterInternal(RequestContextFilter.java:100)
	at org.springframework.web.filter.OncePerRequestFilter.doFilter(OncePerRequestFilter.java:116)
	at org.springframework.test.web.servlet.setup.MockMvcFilterDecorator.doFilter(MockMvcFilterDecorator.java:162)
	at org.springframework.mock.web.MockFilterChain.doFilter(MockFilterChain.java:132)
	at org.springframework.web.filter.FormContentFilter.doFilterInternal(FormContentFilter.java:93)
	at org.springframework.web.filter.OncePerRequestFilter.doFilter(OncePerRequestFilter.java:116)
	at org.springframework.test.web.servlet.setup.MockMvcFilterDecorator.doFilter(MockMvcFilterDecorator.java:162)
	at org.springframework.mock.web.MockFilterChain.doFilter(MockFilterChain.java:132)
	at org.springframework.web.filter.ServerHttpObservationFilter.doFilterInternal(ServerHttpObservationFilter.java:114)
	at org.springframework.web.filter.OncePerRequestFilter.doFilter(OncePerRequestFilter.java:116)
	at org.springframework.test.web.servlet.setup.MockMvcFilterDecorator.doFilter(MockMvcFilterDecorator.java:162)
	at org.springframework.mock.web.MockFilterChain.doFilter(MockFilterChain.java:132)
	at io.sentry.spring.jakarta.tracing.SentryTracingFilter.doFilterInternal(SentryTracingFilter.java:91)
	at org.springframework.web.filter.OncePerRequestFilter.doFilter(OncePerRequestFilter.java:116)
	at org.springframework.test.web.servlet.setup.MockMvcFilterDecorator.doFilter(MockMvcFilterDecorator.java:162)
	at org.springframework.mock.web.MockFilterChain.doFilter(MockFilterChain.java:132)
	at org.springframework.web.filter.CharacterEncodingFilter.doFilterInternal(CharacterEncodingFilter.java:201)
	at org.springframework.web.filter.OncePerRequestFilter.doFilter(OncePerRequestFilter.java:116)
	at org.springframework.test.web.servlet.setup.MockMvcFilterDecorator.doFilter(MockMvcFilterDecorator.java:162)
	at org.springframework.mock.web.MockFilterChain.doFilter(MockFilterChain.java:132)
	at io.sentry.spring.jakarta.SentrySpringFilter.doFilterInternal(SentrySpringFilter.java:76)
	at org.springframework.web.filter.OncePerRequestFilter.doFilter(OncePerRequestFilter.java:116)
	at org.springframework.test.web.servlet.setup.MockMvcFilterDecorator.doFilter(MockMvcFilterDecorator.java:162)
	at org.springframework.mock.web.MockFilterChain.doFilter(MockFilterChain.java:132)
	at org.springframework.test.web.servlet.MockMvc.perform(MockMvc.java:201)
	at de.tum.cit.aet.artemis.core.util.RequestUtilService.performMvcRequest(RequestUtilService.java:79)
	at de.tum.cit.aet.artemis.programming.CourseGitlabJenkinsIntegrationTest.testSetPermissionsForNewGroupMembersInCourseMemberDoesntExist(CourseGitlabJenkinsIntegrationTest.java:255)
	at java.base/jdk.internal.reflect.DirectMethodHandleAccessor.invoke(DirectMethodHandleAccessor.java:103)
	at java.base/java.lang.reflect.Method.invoke(Method.java:580)
	at org.junit.platform.commons.util.ReflectionUtils.invokeMethod(ReflectionUtils.java:767)
	at org.junit.jupiter.engine.execution.MethodInvocation.proceed(MethodInvocation.java:60)
	at org.junit.jupiter.engine.execution.InvocationInterceptorChain$ValidatingInvocation.proceed(InvocationInterceptorChain.java:131)
	at org.junit.jupiter.engine.extension.TimeoutExtension.intercept(TimeoutExtension.java:156)
	at org.junit.jupiter.engine.extension.TimeoutExtension.interceptTestableMethod(TimeoutExtension.java:147)
	at org.junit.jupiter.engine.extension.TimeoutExtension.interceptTestMethod(TimeoutExtension.java:86)
	at org.junit.jupiter.engine.execution.InterceptingExecutableInvoker$ReflectiveInterceptorCall.lambda$ofVoidMethod$0(InterceptingExecutableInvoker.java:103)
	at org.junit.jupiter.engine.execution.InterceptingExecutableInvoker.lambda$invoke$0(InterceptingExecutableInvoker.java:93)
	at org.junit.jupiter.engine.execution.InvocationInterceptorChain$InterceptedInvocation.proceed(InvocationInterceptorChain.java:106)
	at org.junit.jupiter.engine.execution.InvocationInterceptorChain.proceed(InvocationInterceptorChain.java:64)
	at org.junit.jupiter.engine.execution.InvocationInterceptorChain.chainAndInvoke(InvocationInterceptorChain.java:45)
	at org.junit.jupiter.engine.execution.InvocationInterceptorChain.invoke(InvocationInterceptorChain.java:37)
	at org.junit.jupiter.engine.execution.InterceptingExecutableInvoker.invoke(InterceptingExecutableInvoker.java:92)
	at org.junit.jupiter.engine.execution.InterceptingExecutableInvoker.invoke(InterceptingExecutableInvoker.java:86)
	at org.junit.jupiter.engine.descriptor.TestMethodTestDescriptor.lambda$invokeTestMethod$8(TestMethodTestDescriptor.java:217)
	at org.junit.platform.engine.support.hierarchical.ThrowableCollector.execute(ThrowableCollector.java:73)
	at org.junit.jupiter.engine.descriptor.TestMethodTestDescriptor.invokeTestMethod(TestMethodTestDescriptor.java:213)
	at org.junit.jupiter.engine.descriptor.TestMethodTestDescriptor.execute(TestMethodTestDescriptor.java:138)
	at org.junit.jupiter.engine.descriptor.TestMethodTestDescriptor.execute(TestMethodTestDescriptor.java:68)
	at org.junit.platform.engine.support.hierarchical.NodeTestTask.lambda$executeRecursively$6(NodeTestTask.java:156)
	at org.junit.platform.engine.support.hierarchical.ThrowableCollector.execute(ThrowableCollector.java:73)
	at org.junit.platform.engine.support.hierarchical.NodeTestTask.lambda$executeRecursively$8(NodeTestTask.java:146)
	at org.junit.platform.engine.support.hierarchical.Node.around(Node.java:137)
	at org.junit.platform.engine.support.hierarchical.NodeTestTask.lambda$executeRecursively$9(NodeTestTask.java:144)
	at org.junit.platform.engine.support.hierarchical.ThrowableCollector.execute(ThrowableCollector.java:73)
	at org.junit.platform.engine.support.hierarchical.NodeTestTask.executeRecursively(NodeTestTask.java:143)
	at org.junit.platform.engine.support.hierarchical.NodeTestTask.execute(NodeTestTask.java:100)
	at org.junit.platform.engine.support.hierarchical.ForkJoinPoolHierarchicalTestExecutorService$ExclusiveTask.exec(ForkJoinPoolHierarchicalTestExecutorService.java:274)
	at org.junit.platform.engine.support.hierarchical.ForkJoinPoolHierarchicalTestExecutorService$ExclusiveTask.execSync(ForkJoinPoolHierarchicalTestExecutorService.java:247)
	at org.junit.platform.engine.support.hierarchical.ForkJoinPoolHierarchicalTestExecutorService.executeSync(ForkJoinPoolHierarchicalTestExecutorService.java:194)
	at org.junit.platform.engine.support.hierarchical.ForkJoinPoolHierarchicalTestExecutorService.invokeAll(ForkJoinPoolHierarchicalTestExecutorService.java:166)
	at org.junit.platform.engine.support.hierarchical.NodeTestTask.lambda$executeRecursively$6(NodeTestTask.java:160)
	at org.junit.platform.engine.support.hierarchical.ThrowableCollector.execute(ThrowableCollector.java:73)
	at org.junit.platform.engine.support.hierarchical.NodeTestTask.lambda$executeRecursively$8(NodeTestTask.java:146)
	at org.junit.platform.engine.support.hierarchical.Node.around(Node.java:137)
	at org.junit.platform.engine.support.hierarchical.NodeTestTask.lambda$executeRecursively$9(NodeTestTask.java:144)
	at org.junit.platform.engine.support.hierarchical.ThrowableCollector.execute(ThrowableCollector.java:73)
	at org.junit.platform.engine.support.hierarchical.NodeTestTask.executeRecursively(NodeTestTask.java:143)
	at org.junit.platform.engine.support.hierarchical.NodeTestTask.execute(NodeTestTask.java:100)
	at org.junit.platform.engine.support.hierarchical.ForkJoinPoolHierarchicalTestExecutorService$ExclusiveTask.exec(ForkJoinPoolHierarchicalTestExecutorService.java:274)
	at java.base/java.util.concurrent.ForkJoinTask.doExec(ForkJoinTask.java:387)
	at java.base/java.util.concurrent.ForkJoinPool$WorkQueue.topLevelExec(ForkJoinPool.java:1312)
	at java.base/java.util.concurrent.ForkJoinPool.scan(ForkJoinPool.java:1843)
	at java.base/java.util.concurrent.ForkJoinPool.runWorker(ForkJoinPool.java:1808)
	at java.base/java.util.concurrent.ForkJoinWorkerThread.run(ForkJoinWorkerThread.java:188)
Caused by: java.lang.AssertionError: No further requests expected: HTTP GET https://continuous-integration.fake.fake/job/SHORT3DB24DA70A4F904B290A93E0E6647BF488D4TSTEXC/api/json
0 request(s) executed.

	at org.springframework.test.web.client.AbstractRequestExpectationManager.createUnexpectedRequestError(AbstractRequestExpectationManager.java:193)
	at org.springframework.test.web.client.UnorderedRequestExpectationManager.matchRequest(UnorderedRequestExpectationManager.java:44)
	at org.springframework.test.web.client.AbstractRequestExpectationManager.validateRequest(AbstractRequestExpectationManager.java:91)
	at org.springframework.test.web.client.MockRestServiceServer$MockClientHttpRequestFactory$1.executeInternal(MockRestServiceServer.java:324)
	at org.springframework.mock.http.client.MockClientHttpRequest.execute(MockClientHttpRequest.java:141)
	at org.springframework.http.client.BufferingClientHttpRequestWrapper.executeInternal(BufferingClientHttpRequestWrapper.java:77)
	at org.springframework.http.client.AbstractBufferingClientHttpRequest.executeInternal(AbstractBufferingClientHttpRequest.java:48)
	at org.springframework.http.client.AbstractClientHttpRequest.execute(AbstractClientHttpRequest.java:81)
	at org.springframework.web.client.RestTemplate.doExecute(RestTemplate.java:900)
	at org.springframework.web.client.RestTemplate.execute(RestTemplate.java:841)
	at org.springframework.web.client.RestTemplate.getForObject(RestTemplate.java:433)
	at de.tum.cit.aet.artemis.programming.service.jenkins.jobs.JenkinsJobService.getFolderJob(JenkinsJobService.java:92)
	at de.tum.cit.aet.artemis.programming.service.jenkins.jobs.JenkinsJobService.getFolderConfig(JenkinsJobService.java:144)
	at de.tum.cit.aet.artemis.programming.service.jenkins.jobs.JenkinsJobPermissionsService.removePermissionsFromUsersForFolder(JenkinsJobPermissionsService.java:185)
	at de.tum.cit.aet.artemis.programming.service.jenkins.JenkinsUserManagementService.lambda$removePermissionsFromInstructorsAndEditorsAndTAsForCourse$3(JenkinsUserManagementService.java:379)
	at java.base/java.util.ArrayList.forEach(ArrayList.java:1596)
	at de.tum.cit.aet.artemis.programming.service.jenkins.JenkinsUserManagementService.removePermissionsFromInstructorsAndEditorsAndTAsForCourse(JenkinsUserManagementService.java:377)
	at de.tum.cit.aet.artemis.programming.service.jenkins.JenkinsUserManagementService.updateCoursePermissions(JenkinsUserManagementService.java:323)
	at de.tum.cit.aet.artemis.core.web.CourseResource.lambda$updateCourse$2(CourseResource.java:349)
	at java.base/java.util.Optional.ifPresent(Optional.java:178)
	at de.tum.cit.aet.artemis.core.web.CourseResource.updateCourse(CourseResource.java:349)
	at java.base/jdk.internal.reflect.DirectMethodHandleAccessor.invoke(DirectMethodHandleAccessor.java:103)
	at java.base/java.lang.reflect.Method.invoke(Method.java:580)
	at org.springframework.aop.support.AopUtils.invokeJoinpointUsingReflection(AopUtils.java:359)
	at org.springframework.aop.framework.ReflectiveMethodInvocation.invokeJoinpoint(ReflectiveMethodInvocation.java:196)
	at org.springframework.aop.framework.ReflectiveMethodInvocation.proceed(ReflectiveMethodInvocation.java:163)
	at org.springframework.security.authorization.method.AuthorizationManagerBeforeMethodInterceptor.proceed(AuthorizationManagerBeforeMethodInterceptor.java:268)
	at org.springframework.security.authorization.method.AuthorizationManagerBeforeMethodInterceptor.attemptAuthorization(AuthorizationManagerBeforeMethodInterceptor.java:263)
	at org.springframework.security.authorization.method.AuthorizationManagerBeforeMethodInterceptor.invoke(AuthorizationManagerBeforeMethodInterceptor.java:196)
	at org.springframework.security.config.annotation.method.configuration.DeferringMethodInterceptor.invoke(DeferringMethodInterceptor.java:44)
	at org.springframework.aop.framework.ReflectiveMethodInvocation.proceed(ReflectiveMethodInvocation.java:184)
	at org.springframework.aop.interceptor.ExposeInvocationInterceptor.invoke(ExposeInvocationInterceptor.java:97)
	at org.springframework.aop.framework.ReflectiveMethodInvocation.proceed(ReflectiveMethodInvocation.java:184)
	at org.springframework.aop.framework.CglibAopProxy$DynamicAdvisedInterceptor.intercept(CglibAopProxy.java:727)
	at de.tum.cit.aet.artemis.core.web.CourseResource$$SpringCGLIB$$0.updateCourse(<generated>)
	at java.base/jdk.internal.reflect.DirectMethodHandleAccessor.invoke(DirectMethodHandleAccessor.java:103)
	at java.base/java.lang.reflect.Method.invoke(Method.java:580)
	at org.springframework.web.method.support.InvocableHandlerMethod.doInvoke(InvocableHandlerMethod.java:257)
	at org.springframework.web.method.support.InvocableHandlerMethod.invokeForRequest(InvocableHandlerMethod.java:190)
	at org.springframework.web.servlet.mvc.method.annotation.ServletInvocableHandlerMethod.invokeAndHandle(ServletInvocableHandlerMethod.java:118)
	at org.springframework.web.servlet.mvc.method.annotation.RequestMappingHandlerAdapter.invokeHandlerMethod(RequestMappingHandlerAdapter.java:986)
	at org.springframework.web.servlet.mvc.method.annotation.RequestMappingHandlerAdapter.handleInternal(RequestMappingHandlerAdapter.java:891)
	at org.springframework.web.servlet.mvc.method.AbstractHandlerMethodAdapter.handle(AbstractHandlerMethodAdapter.java:87)
	at org.springframework.web.servlet.DispatcherServlet.doDispatch(DispatcherServlet.java:1088)
	... 199 common frames omitted

  Starting logs for CourseGitlabJenkinsIntegrationTest > testGetExistingExerciseDetails_asEditor()
    23:44:37.141 | 441 ool-1-worker-205 | DEBUG | d.t.c.a.a.c.u.util.UserUtilService   : Generate 8 students...
    23:44:37.152 | 441 ool-1-worker-205 | DEBUG | d.t.c.a.a.c.u.util.UserUtilService   : 8 students generated. Generate 5 tutors...
    23:44:37.160 | 441 ool-1-worker-205 | DEBUG | d.t.c.a.a.c.u.util.UserUtilService   : 5 tutors generated. Generate 1 editors...
    23:44:37.162 | 441 ool-1-worker-205 | DEBUG | d.t.c.a.a.c.u.util.UserUtilService   : 1 editors generated. Generate 1 instructors...
    23:44:37.165 | 441 ool-1-worker-205 | DEBUG | d.t.c.a.a.c.u.util.UserUtilService   : 1 instructors generated
    23:44:37.167 | 441 ool-1-worker-205 | DEBUG | d.t.c.a.a.c.u.util.UserUtilService   : Removing 17 users from all courses...
    23:44:37.169 | 441 ool-1-worker-205 | DEBUG | d.t.c.a.a.c.u.util.UserUtilService   : Removing 17 users from all courses. Done
    23:44:37.169 | 441 ool-1-worker-205 | DEBUG | d.t.c.a.a.c.u.util.UserUtilService   : Save 15 users to database...
    23:44:37.178 | 441 ool-1-worker-205 | DEBUG | d.t.c.a.a.c.u.util.UserUtilService   : Save 15 users to database. Done
    23:44:37.196 | 441 ool-1-worker-205 | INFO  | i.z.t.d.l.EmbeddedDatabaseReporter   : JDBC URL to connect to 'dataSource': url='jdbc:h2:tcp://localhost:41063/mem:736625c0-cf5e-400d-aeaa-8a7eabd6262b;USER=sa', scope='CourseGitlabJenkinsIntegrationTest#testGetExistingExerciseDetails_asEditor'
    23:44:37.206 | 441 ool-1-worker-205 | DEBUG | d.t.c.a.a.c.s.f.ApiVersionFilter     : Adding Version to Request GET /api/courses/837/existing-exercise-details
    23:44:37.214 | 441 ool-1-worker-205 | DEBUG | d.t.c.a.a.core.web.CourseResource    : REST request to get details of existing exercises in course : 837

  Starting logs for CourseGitlabJenkinsIntegrationTest > testGetAllCoursesForCourseArchiveWithNonNullSemesters()
    23:44:37.261 | 441 ool-1-worker-205 | DEBUG | d.t.c.a.a.c.u.util.UserUtilService   : Generate 8 students...
    23:44:37.272 | 441 ool-1-worker-205 | DEBUG | d.t.c.a.a.c.u.util.UserUtilService   : 8 students generated. Generate 5 tutors...
    23:44:37.281 | 441 ool-1-worker-205 | DEBUG | d.t.c.a.a.c.u.util.UserUtilService   : 5 tutors generated. Generate 1 editors...
    23:44:37.286 | 441 ool-1-worker-205 | DEBUG | d.t.c.a.a.c.u.util.UserUtilService   : 1 editors generated. Generate 1 instructors...
    23:44:37.291 | 441 ool-1-worker-205 | DEBUG | d.t.c.a.a.c.u.util.UserUtilService   : 1 instructors generated
    23:44:37.293 | 441 ool-1-worker-205 | DEBUG | d.t.c.a.a.c.u.util.UserUtilService   : Removing 16 users from all courses...
    23:44:37.294 | 441 ool-1-worker-205 | DEBUG | d.t.c.a.a.c.u.util.UserUtilService   : Removing 16 users from all courses. Done
    23:44:37.294 | 441 ool-1-worker-205 | DEBUG | d.t.c.a.a.c.u.util.UserUtilService   : Save 15 users to database...
    23:44:37.304 | 441 ool-1-worker-205 | DEBUG | d.t.c.a.a.c.u.util.UserUtilService   : Save 15 users to database. Done
    23:44:37.314 |  90 ns.HealthMonitor | INFO  | c.h.i.diagnostics.HealthMonitor      : [127.0.0.1]:5701 [dev] [5.5.0] processors=4, physical.memory.total=15.6G, physical.memory.free=2.5G, swap.space.total=0, swap.space.free=0, heap.memory.used=2.8G, heap.memory.free=338.0M, heap.memory.total=3.1G, heap.memory.max=6.0G, heap.memory.used/total=89.37%, heap.memory.used/max=46.25%, minor.gc.count=154, minor.gc.time=7522ms, major.gc.count=0, major.gc.time=0ms, unknown.gc.count=67, unknown.gc.time=1180ms, load.process=0.00%, load.system=99.19%, load.systemAverage=6.20, thread.count=487, thread.peakCount=500, cluster.timeDiff=0, event.q.size=0, executor.q.async.size=0, executor.q.client.size=0, executor.q.client.query.size=0, executor.q.client.blocking.size=0, executor.q.query.size=0, executor.q.scheduled.size=0, executor.q.io.size=0, executor.q.system.size=0, executor.q.operations.size=0, executor.q.priorityOperation.size=0, operations.completed.count=1553, executor.q.mapLoad.size=0, executor.q.mapLoadAllKeys.size=0, executor.q.cluster.size=0, executor.q.response.size=0, operations.running.count=0, operations.pending.invocations.percentage=0.00%, operations.pending.invocations.count=0, proxy.count=207, clientEndpoint.count=0, connection.active.count=0, client.connection.count=0, connection.count=0
    23:44:37.314 | 441 ool-1-worker-205 | INFO  | i.z.t.d.l.EmbeddedDatabaseReporter   : JDBC URL to connect to 'dataSource': url='jdbc:h2:tcp://localhost:41063/mem:736625c0-cf5e-400d-aeaa-8a7eabd6262b;USER=sa', scope='CourseGitlabJenkinsIntegrationTest#testGetAllCoursesForCourseArchiveWithNonNullSemesters'
    23:44:37.317 | 441 ool-1-worker-205 | INFO  | .c.a.a.c.s.TitleCacheEvictionService : Evicted entry '1' from title cache 'courseTitle'
    23:44:37.320 | 441 ool-1-worker-205 | INFO  | .c.a.a.c.s.TitleCacheEvictionService : Evicted entry '2' from title cache 'courseTitle'
    23:44:37.323 | 441 ool-1-worker-205 | INFO  | .c.a.a.c.s.TitleCacheEvictionService : Evicted entry '3' from title cache 'courseTitle'
    23:44:37.326 | 441 ool-1-worker-205 | INFO  | .c.a.a.c.s.TitleCacheEvictionService : Evicted entry '4' from title cache 'courseTitle'
    23:44:37.331 | 441 ool-1-worker-205 | DEBUG | d.t.c.a.a.c.s.f.ApiVersionFilter     : Adding Version to Request GET /api/courses/for-archive
    23:44:37.332 | 441 ool-1-worker-205 | DEBUG | d.t.c.a.a.core.web.CourseResource    : REST request to get all inactive courses from previous semesters user courseegitlabjenkinsstudent1 has access to
    23:44:37.335 | 441 ool-1-worker-205 | DEBUG | d.t.c.a.a.core.web.CourseResource    : courseService.getAllCoursesForCourseArchive done
    23:44:37.335 | 441 ool-1-worker-205 | INFO  | d.t.c.a.a.core.web.CourseResource    : GET /courses/for-archive took 3.96ms for 3 courses for user courseegitlabjenkinsstudent1

  Starting logs for CourseGitlabJenkinsIntegrationTest > testUpdateCourseGroups_InExternalCiUserManagement_failToAddUser()
    23:44:37.352 | 441 ool-1-worker-205 | DEBUG | d.t.c.a.a.c.u.util.UserUtilService   : Generate 8 students...
    23:44:37.363 | 441 ool-1-worker-205 | DEBUG | d.t.c.a.a.c.u.util.UserUtilService   : 8 students generated. Generate 5 tutors...
    23:44:37.370 | 441 ool-1-worker-205 | DEBUG | d.t.c.a.a.c.u.util.UserUtilService   : 5 tutors generated. Generate 1 editors...
    23:44:37.373 | 441 ool-1-worker-205 | DEBUG | d.t.c.a.a.c.u.util.UserUtilService   : 1 editors generated. Generate 1 instructors...
    23:44:37.375 | 441 ool-1-worker-205 | DEBUG | d.t.c.a.a.c.u.util.UserUtilService   : 1 instructors generated
    23:44:37.377 | 441 ool-1-worker-205 | DEBUG | d.t.c.a.a.c.u.util.UserUtilService   : Removing 16 users from all courses...
    23:44:37.379 | 441 ool-1-worker-205 | DEBUG | d.t.c.a.a.c.u.util.UserUtilService   : Removing 16 users from all courses. Done
    23:44:37.379 | 441 ool-1-worker-205 | DEBUG | d.t.c.a.a.c.u.util.UserUtilService   : Save 15 users to database...
    23:44:37.387 | 441 ool-1-worker-205 | DEBUG | d.t.c.a.a.c.u.util.UserUtilService   : Save 15 users to database. Done
    23:44:37.397 | 441 ool-1-worker-205 | INFO  | i.z.t.d.l.EmbeddedDatabaseReporter   : JDBC URL to connect to 'dataSource': url='jdbc:h2:tcp://localhost:41063/mem:736625c0-cf5e-400d-aeaa-8a7eabd6262b;USER=sa', scope='CourseGitlabJenkinsIntegrationTest#testUpdateCourseGroups_InExternalCiUserManagement_failToAddUser'
    23:44:37.429 | 441 ool-1-worker-205 | DEBUG | d.t.c.a.a.c.s.f.ApiVersionFilter     : Adding Version to Request PUT /api/courses/838
    23:44:37.430 | 441 ool-1-worker-205 | DEBUG | d.t.c.a.a.core.web.CourseResource    : REST request to update Course : Course{id=838, title='Course title 0143c80a-0068-4bbf-951e-a1dc2d6dda15', description='null', shortName='short7303577a03e9d0444b0a9810c01b34cd42f6', studentGroupName='tumuser', teachingAssistantGroupName='new-ta-group', editorGroupName='editor', instructorGroupName='new-editor-group', startDate='2025-02-13T23:39:54.015067Z', endDate='2025-02-16T23:39:54.015089Z', enrollmentStartDate='null', enrollmentEndDate='null', unenrollmentEndDate='null', semester='null'', onlineCourse='false', color='null', courseIcon='null', enrollmentEnabled='false', unenrollmentEnabled='false', presentationScore='2', faqEnabled='false'}
    23:44:37.442 | 441 ool-1-worker-205 | INFO  | .a.p.s.g.GitLabUserManagementService : Update Gitlab permissions for programming exercises: [SHORT7303577A03E9D0444B0A9810C01B34CD42F6TSTEXC]
    23:44:37.454 | 441 ool-1-worker-205 | INFO  | a.p.s.j.JenkinsUserManagementService : Update Jenkins permissions (update course permissions) for programming exercises: [SHORT7303577A03E9D0444B0A9810C01B34CD42F6TSTEXC]
    23:44:37.473 | 441 ool-1-worker-205 | ERROR | o.z.p.spring.common.AdviceTraits     : Internal Server Error
org.springframework.web.client.HttpClientErrorException$BadRequest: 400 Bad Request on POST request for "https://continuous-integration.fake.fake/job/SHORT7303577A03E9D0444B0A9810C01B34CD42F6TSTEXC/config.xml": [no body]
	at org.springframework.web.client.HttpClientErrorException.create(HttpClientErrorException.java:103)
	at org.springframework.web.client.DefaultResponseErrorHandler.handleError(DefaultResponseErrorHandler.java:186)
	at org.springframework.web.client.DefaultResponseErrorHandler.handleError(DefaultResponseErrorHandler.java:147)
	at org.springframework.web.client.RestTemplate.handleResponse(RestTemplate.java:953)
	at org.springframework.web.client.RestTemplate.doExecute(RestTemplate.java:902)
	at org.springframework.web.client.RestTemplate.execute(RestTemplate.java:841)
	at org.springframework.web.client.RestTemplate.postForEntity(RestTemplate.java:567)
	at de.tum.cit.aet.artemis.programming.service.jenkins.jobs.JenkinsJobService.updateFolderJob(JenkinsJobService.java:251)
	at de.tum.cit.aet.artemis.programming.service.jenkins.jobs.JenkinsJobPermissionsService.addInstructorAndEditorAndTAPermissionsToUsersForFolder(JenkinsJobPermissionsService.java:89)
	at de.tum.cit.aet.artemis.programming.service.jenkins.jobs.JenkinsJobPermissionsService.addInstructorAndEditorAndTAPermissionsToUsersForFolder(JenkinsJobPermissionsService.java:72)
	at de.tum.cit.aet.artemis.programming.service.jenkins.JenkinsUserManagementService.lambda$assignPermissionsToInstructorAndEditorAndTAsForCourse$2(JenkinsUserManagementService.java:348)
	at java.base/java.util.ArrayList.forEach(ArrayList.java:1596)
	at de.tum.cit.aet.artemis.programming.service.jenkins.JenkinsUserManagementService.assignPermissionsToInstructorAndEditorAndTAsForCourse(JenkinsUserManagementService.java:345)
	at de.tum.cit.aet.artemis.programming.service.jenkins.JenkinsUserManagementService.updateCoursePermissions(JenkinsUserManagementService.java:326)
	at de.tum.cit.aet.artemis.core.web.CourseResource.lambda$updateCourse$2(CourseResource.java:349)
	at java.base/java.util.Optional.ifPresent(Optional.java:178)
	at de.tum.cit.aet.artemis.core.web.CourseResource.updateCourse(CourseResource.java:349)
	at java.base/jdk.internal.reflect.DirectMethodHandleAccessor.invoke(DirectMethodHandleAccessor.java:103)
	at java.base/java.lang.reflect.Method.invoke(Method.java:580)
	at org.springframework.aop.support.AopUtils.invokeJoinpointUsingReflection(AopUtils.java:359)
	at org.springframework.aop.framework.ReflectiveMethodInvocation.invokeJoinpoint(ReflectiveMethodInvocation.java:196)
	at org.springframework.aop.framework.ReflectiveMethodInvocation.proceed(ReflectiveMethodInvocation.java:163)
	at org.springframework.security.authorization.method.AuthorizationManagerBeforeMethodInterceptor.proceed(AuthorizationManagerBeforeMethodInterceptor.java:268)
	at org.springframework.security.authorization.method.AuthorizationManagerBeforeMethodInterceptor.attemptAuthorization(AuthorizationManagerBeforeMethodInterceptor.java:263)
	at org.springframework.security.authorization.method.AuthorizationManagerBeforeMethodInterceptor.invoke(AuthorizationManagerBeforeMethodInterceptor.java:196)
	at org.springframework.security.config.annotation.method.configuration.DeferringMethodInterceptor.invoke(DeferringMethodInterceptor.java:44)
	at org.springframework.aop.framework.ReflectiveMethodInvocation.proceed(ReflectiveMethodInvocation.java:184)
	at org.springframework.aop.interceptor.ExposeInvocationInterceptor.invoke(ExposeInvocationInterceptor.java:97)
	at org.springframework.aop.framework.ReflectiveMethodInvocation.proceed(ReflectiveMethodInvocation.java:184)
	at org.springframework.aop.framework.CglibAopProxy$DynamicAdvisedInterceptor.intercept(CglibAopProxy.java:727)
	at de.tum.cit.aet.artemis.core.web.CourseResource$$SpringCGLIB$$0.updateCourse(<generated>)
	at java.base/jdk.internal.reflect.DirectMethodHandleAccessor.invoke(DirectMethodHandleAccessor.java:103)
	at java.base/java.lang.reflect.Method.invoke(Method.java:580)
	at org.springframework.web.method.support.InvocableHandlerMethod.doInvoke(InvocableHandlerMethod.java:257)
	at org.springframework.web.method.support.InvocableHandlerMethod.invokeForRequest(InvocableHandlerMethod.java:190)
	at org.springframework.web.servlet.mvc.method.annotation.ServletInvocableHandlerMethod.invokeAndHandle(ServletInvocableHandlerMethod.java:118)
	at org.springframework.web.servlet.mvc.method.annotation.RequestMappingHandlerAdapter.invokeHandlerMethod(RequestMappingHandlerAdapter.java:986)
	at org.springframework.web.servlet.mvc.method.annotation.RequestMappingHandlerAdapter.handleInternal(RequestMappingHandlerAdapter.java:891)
	at org.springframework.web.servlet.mvc.method.AbstractHandlerMethodAdapter.handle(AbstractHandlerMethodAdapter.java:87)
	at org.springframework.web.servlet.DispatcherServlet.doDispatch(DispatcherServlet.java:1088)
	at org.springframework.web.servlet.DispatcherServlet.doService(DispatcherServlet.java:978)
	at org.springframework.web.servlet.FrameworkServlet.processRequest(FrameworkServlet.java:1014)
	at org.springframework.web.servlet.FrameworkServlet.doPut(FrameworkServlet.java:925)
	at jakarta.servlet.http.HttpServlet.service(HttpServlet.java:550)
	at org.springframework.web.servlet.FrameworkServlet.service(FrameworkServlet.java:885)
	at org.springframework.test.web.servlet.TestDispatcherServlet.service(TestDispatcherServlet.java:72)
	at jakarta.servlet.http.HttpServlet.service(HttpServlet.java:614)
	at org.springframework.mock.web.MockFilterChain$ServletFilterProxy.doFilter(MockFilterChain.java:165)
	at org.springframework.mock.web.MockFilterChain.doFilter(MockFilterChain.java:132)
	at org.springframework.web.filter.OncePerRequestFilter.doFilter(OncePerRequestFilter.java:110)
	at org.springframework.test.web.servlet.setup.MockMvcFilterDecorator.doFilter(MockMvcFilterDecorator.java:162)
	at org.springframework.mock.web.MockFilterChain.doFilter(MockFilterChain.java:132)
	at de.tum.cit.aet.artemis.core.security.filter.ApiVersionFilter.doFilter(ApiVersionFilter.java:55)
	at org.springframework.test.web.servlet.setup.MockMvcFilterDecorator.doFilter(MockMvcFilterDecorator.java:162)
	at org.springframework.mock.web.MockFilterChain.doFilter(MockFilterChain.java:132)
	at io.sentry.spring.jakarta.SentryUserFilter.doFilterInternal(SentryUserFilter.java:56)
	at org.springframework.web.filter.OncePerRequestFilter.doFilter(OncePerRequestFilter.java:116)
	at org.springframework.test.web.servlet.setup.MockMvcFilterDecorator.doFilter(MockMvcFilterDecorator.java:162)
	at org.springframework.mock.web.MockFilterChain.doFilter(MockFilterChain.java:132)
	at org.springframework.web.filter.CompositeFilter$VirtualFilterChain.doFilter(CompositeFilter.java:108)
	at org.springframework.security.web.FilterChainProxy.lambda$doFilterInternal$3(FilterChainProxy.java:231)
	at org.springframework.security.web.ObservationFilterChainDecorator$FilterObservation$SimpleFilterObservation.lambda$wrap$1(ObservationFilterChainDecorator.java:479)
	at org.springframework.security.web.ObservationFilterChainDecorator$AroundFilterObservation$SimpleAroundFilterObservation.lambda$wrap$1(ObservationFilterChainDecorator.java:340)
	at org.springframework.security.web.ObservationFilterChainDecorator.lambda$wrapSecured$0(ObservationFilterChainDecorator.java:82)
	at org.springframework.security.web.ObservationFilterChainDecorator$VirtualFilterChain.doFilter(ObservationFilterChainDecorator.java:128)
	at org.springframework.security.web.access.intercept.AuthorizationFilter.doFilter(AuthorizationFilter.java:101)
	at org.springframework.security.web.ObservationFilterChainDecorator$ObservationFilter.wrapFilter(ObservationFilterChainDecorator.java:240)
	at org.springframework.security.web.ObservationFilterChainDecorator$ObservationFilter.doFilter(ObservationFilterChainDecorator.java:227)
	at org.springframework.security.web.ObservationFilterChainDecorator$VirtualFilterChain.doFilter(ObservationFilterChainDecorator.java:137)
	at org.springframework.security.web.access.ExceptionTranslationFilter.doFilter(ExceptionTranslationFilter.java:126)
	at org.springframework.security.web.access.ExceptionTranslationFilter.doFilter(ExceptionTranslationFilter.java:120)
	at org.springframework.security.web.ObservationFilterChainDecorator$ObservationFilter.wrapFilter(ObservationFilterChainDecorator.java:240)
	at org.springframework.security.web.ObservationFilterChainDecorator$ObservationFilter.doFilter(ObservationFilterChainDecorator.java:227)
	at org.springframework.security.web.ObservationFilterChainDecorator$VirtualFilterChain.doFilter(ObservationFilterChainDecorator.java:137)
	at org.springframework.security.web.session.SessionManagementFilter.doFilter(SessionManagementFilter.java:131)
	at org.springframework.security.web.session.SessionManagementFilter.doFilter(SessionManagementFilter.java:85)
	at org.springframework.security.web.ObservationFilterChainDecorator$ObservationFilter.wrapFilter(ObservationFilterChainDecorator.java:240)
	at org.springframework.security.web.ObservationFilterChainDecorator$ObservationFilter.doFilter(ObservationFilterChainDecorator.java:227)
	at org.springframework.security.web.ObservationFilterChainDecorator$VirtualFilterChain.doFilter(ObservationFilterChainDecorator.java:137)
	at org.springframework.security.web.authentication.AnonymousAuthenticationFilter.doFilter(AnonymousAuthenticationFilter.java:100)
	at org.springframework.security.web.ObservationFilterChainDecorator$ObservationFilter.wrapFilter(ObservationFilterChainDecorator.java:240)
	at org.springframework.security.web.ObservationFilterChainDecorator$ObservationFilter.doFilter(ObservationFilterChainDecorator.java:227)
	at org.springframework.security.web.ObservationFilterChainDecorator$VirtualFilterChain.doFilter(ObservationFilterChainDecorator.java:137)
	at org.springframework.security.web.servletapi.SecurityContextHolderAwareRequestFilter.doFilter(SecurityContextHolderAwareRequestFilter.java:179)
	at org.springframework.security.web.ObservationFilterChainDecorator$ObservationFilter.wrapFilter(ObservationFilterChainDecorator.java:240)
	at org.springframework.security.web.ObservationFilterChainDecorator$ObservationFilter.doFilter(ObservationFilterChainDecorator.java:227)
	at org.springframework.security.web.ObservationFilterChainDecorator$VirtualFilterChain.doFilter(ObservationFilterChainDecorator.java:137)
	at org.springframework.security.web.savedrequest.RequestCacheAwareFilter.doFilter(RequestCacheAwareFilter.java:63)
	at org.springframework.security.web.ObservationFilterChainDecorator$ObservationFilter.wrapFilter(ObservationFilterChainDecorator.java:240)
	at org.springframework.security.web.ObservationFilterChainDecorator$ObservationFilter.doFilter(ObservationFilterChainDecorator.java:227)
	at org.springframework.security.web.ObservationFilterChainDecorator$VirtualFilterChain.doFilter(ObservationFilterChainDecorator.java:137)
	at de.tum.cit.aet.artemis.core.security.filter.SpaWebFilter.doFilterInternal(SpaWebFilter.java:23)
	at org.springframework.web.filter.OncePerRequestFilter.doFilter(OncePerRequestFilter.java:116)
	at org.springframework.security.web.ObservationFilterChainDecorator$ObservationFilter.wrapFilter(ObservationFilterChainDecorator.java:240)
	at org.springframework.security.web.ObservationFilterChainDecorator$ObservationFilter.doFilter(ObservationFilterChainDecorator.java:227)
	at org.springframework.security.web.ObservationFilterChainDecorator$VirtualFilterChain.doFilter(ObservationFilterChainDecorator.java:137)
	at org.springframework.web.filter.OncePerRequestFilter.doFilter(OncePerRequestFilter.java:110)
	at org.springframework.security.web.ObservationFilterChainDecorator$ObservationFilter.wrapFilter(ObservationFilterChainDecorator.java:240)
	at org.springframework.security.web.ObservationFilterChainDecorator$ObservationFilter.doFilter(ObservationFilterChainDecorator.java:227)
	at org.springframework.security.web.ObservationFilterChainDecorator$VirtualFilterChain.doFilter(ObservationFilterChainDecorator.java:137)
	at de.tum.cit.aet.artemis.lti.config.Lti13LaunchFilter.doFilterInternal(Lti13LaunchFilter.java:60)
	at org.springframework.web.filter.OncePerRequestFilter.doFilter(OncePerRequestFilter.java:116)
	at org.springframework.security.web.ObservationFilterChainDecorator$ObservationFilter.wrapFilter(ObservationFilterChainDecorator.java:240)
	at org.springframework.security.web.ObservationFilterChainDecorator$ObservationFilter.doFilter(ObservationFilterChainDecorator.java:227)
	at org.springframework.security.web.ObservationFilterChainDecorator$VirtualFilterChain.doFilter(ObservationFilterChainDecorator.java:137)
	at de.tum.cit.aet.artemis.core.security.jwt.JWTFilter.doFilter(JWTFilter.java:55)
	at org.springframework.security.web.ObservationFilterChainDecorator$ObservationFilter.wrapFilter(ObservationFilterChainDecorator.java:240)
	at org.springframework.security.web.ObservationFilterChainDecorator$ObservationFilter.doFilter(ObservationFilterChainDecorator.java:227)
	at org.springframework.security.web.ObservationFilterChainDecorator$VirtualFilterChain.doFilter(ObservationFilterChainDecorator.java:137)
	at de.tum.cit.aet.artemis.core.security.jwt.JWTFilter.doFilter(JWTFilter.java:55)
	at org.springframework.security.web.ObservationFilterChainDecorator$ObservationFilter.wrapFilter(ObservationFilterChainDecorator.java:240)
	at org.springframework.security.web.ObservationFilterChainDecorator$ObservationFilter.doFilter(ObservationFilterChainDecorator.java:227)
	at org.springframework.security.web.ObservationFilterChainDecorator$VirtualFilterChain.doFilter(ObservationFilterChainDecorator.java:137)
	at org.springframework.web.filter.CorsFilter.doFilterInternal(CorsFilter.java:91)
	at org.springframework.web.filter.OncePerRequestFilter.doFilter(OncePerRequestFilter.java:116)
	at org.springframework.security.web.ObservationFilterChainDecorator$ObservationFilter.wrapFilter(ObservationFilterChainDecorator.java:240)
	at org.springframework.security.web.ObservationFilterChainDecorator$ObservationFilter.doFilter(ObservationFilterChainDecorator.java:227)
	at org.springframework.security.web.ObservationFilterChainDecorator$VirtualFilterChain.doFilter(ObservationFilterChainDecorator.java:137)
	at org.springframework.web.filter.OncePerRequestFilter.doFilter(OncePerRequestFilter.java:110)
	at org.springframework.security.web.ObservationFilterChainDecorator$ObservationFilter.wrapFilter(ObservationFilterChainDecorator.java:240)
	at org.springframework.security.web.ObservationFilterChainDecorator$ObservationFilter.doFilter(ObservationFilterChainDecorator.java:227)
	at org.springframework.security.web.ObservationFilterChainDecorator$VirtualFilterChain.doFilter(ObservationFilterChainDecorator.java:137)
	at uk.ac.ox.ctl.lti13.security.oauth2.client.lti.web.OAuth2AuthorizationRequestRedirectFilter.doFilterInternal(OAuth2AuthorizationRequestRedirectFilter.java:142)
	at org.springframework.web.filter.OncePerRequestFilter.doFilter(OncePerRequestFilter.java:116)
	at org.springframework.security.web.ObservationFilterChainDecorator$ObservationFilter.wrapFilter(ObservationFilterChainDecorator.java:240)
	at org.springframework.security.web.ObservationFilterChainDecorator$ObservationFilter.doFilter(ObservationFilterChainDecorator.java:227)
	at org.springframework.security.web.ObservationFilterChainDecorator$VirtualFilterChain.doFilter(ObservationFilterChainDecorator.java:137)
	at org.springframework.security.web.authentication.logout.LogoutFilter.doFilter(LogoutFilter.java:107)
	at org.springframework.security.web.authentication.logout.LogoutFilter.doFilter(LogoutFilter.java:93)
	at org.springframework.security.web.ObservationFilterChainDecorator$ObservationFilter.wrapFilter(ObservationFilterChainDecorator.java:240)
	at org.springframework.security.web.ObservationFilterChainDecorator$ObservationFilter.doFilter(ObservationFilterChainDecorator.java:227)
	at org.springframework.security.web.ObservationFilterChainDecorator$VirtualFilterChain.doFilter(ObservationFilterChainDecorator.java:137)
	at org.springframework.security.web.header.HeaderWriterFilter.doHeadersAfter(HeaderWriterFilter.java:90)
	at org.springframework.security.web.header.HeaderWriterFilter.doFilterInternal(HeaderWriterFilter.java:75)
	at org.springframework.web.filter.OncePerRequestFilter.doFilter(OncePerRequestFilter.java:116)
	at org.springframework.security.web.ObservationFilterChainDecorator$ObservationFilter.wrapFilter(ObservationFilterChainDecorator.java:240)
	at org.springframework.security.web.ObservationFilterChainDecorator$ObservationFilter.doFilter(ObservationFilterChainDecorator.java:227)
	at org.springframework.security.web.ObservationFilterChainDecorator$VirtualFilterChain.doFilter(ObservationFilterChainDecorator.java:137)
	at org.springframework.security.web.context.SecurityContextHolderFilter.doFilter(SecurityContextHolderFilter.java:82)
	at org.springframework.security.web.context.SecurityContextHolderFilter.doFilter(SecurityContextHolderFilter.java:69)
	at org.springframework.security.web.ObservationFilterChainDecorator$ObservationFilter.wrapFilter(ObservationFilterChainDecorator.java:240)
	at org.springframework.security.web.ObservationFilterChainDecorator$ObservationFilter.doFilter(ObservationFilterChainDecorator.java:227)
	at org.springframework.security.web.ObservationFilterChainDecorator$VirtualFilterChain.doFilter(ObservationFilterChainDecorator.java:137)
	at org.springframework.security.web.context.request.async.WebAsyncManagerIntegrationFilter.doFilterInternal(WebAsyncManagerIntegrationFilter.java:62)
	at org.springframework.web.filter.OncePerRequestFilter.doFilter(OncePerRequestFilter.java:116)
	at org.springframework.security.web.ObservationFilterChainDecorator$ObservationFilter.wrapFilter(ObservationFilterChainDecorator.java:240)
	at org.springframework.security.web.ObservationFilterChainDecorator$ObservationFilter.doFilter(ObservationFilterChainDecorator.java:227)
	at org.springframework.security.web.ObservationFilterChainDecorator$VirtualFilterChain.doFilter(ObservationFilterChainDecorator.java:137)
	at org.springframework.security.web.session.DisableEncodeUrlFilter.doFilterInternal(DisableEncodeUrlFilter.java:42)
	at org.springframework.web.filter.OncePerRequestFilter.doFilter(OncePerRequestFilter.java:116)
	at org.springframework.security.web.ObservationFilterChainDecorator$ObservationFilter.wrapFilter(ObservationFilterChainDecorator.java:240)
	at org.springframework.security.web.ObservationFilterChainDecorator$AroundFilterObservation$SimpleAroundFilterObservation.lambda$wrap$0(ObservationFilterChainDecorator.java:323)
	at org.springframework.security.web.ObservationFilterChainDecorator$ObservationFilter.doFilter(ObservationFilterChainDecorator.java:224)
	at org.springframework.security.web.ObservationFilterChainDecorator$VirtualFilterChain.doFilter(ObservationFilterChainDecorator.java:137)
	at org.springframework.security.web.FilterChainProxy.doFilterInternal(FilterChainProxy.java:233)
	at org.springframework.security.web.FilterChainProxy.doFilter(FilterChainProxy.java:191)
	at org.springframework.web.filter.CompositeFilter$VirtualFilterChain.doFilter(CompositeFilter.java:113)
	at org.springframework.web.servlet.handler.HandlerMappingIntrospector.lambda$createCacheFilter$3(HandlerMappingIntrospector.java:243)
	at org.springframework.web.filter.CompositeFilter$VirtualFilterChain.doFilter(CompositeFilter.java:113)
	at org.springframework.web.filter.CompositeFilter.doFilter(CompositeFilter.java:74)
	at org.springframework.security.config.annotation.web.configuration.WebMvcSecurityConfiguration$CompositeFilterChainProxy.doFilter(WebMvcSecurityConfiguration.java:238)
	at org.springframework.web.filter.DelegatingFilterProxy.invokeDelegate(DelegatingFilterProxy.java:362)
	at org.springframework.web.filter.DelegatingFilterProxy.doFilter(DelegatingFilterProxy.java:278)
	at org.springframework.test.web.servlet.setup.MockMvcFilterDecorator.doFilter(MockMvcFilterDecorator.java:162)
	at org.springframework.mock.web.MockFilterChain.doFilter(MockFilterChain.java:132)
	at org.springframework.web.filter.RequestContextFilter.doFilterInternal(RequestContextFilter.java:100)
	at org.springframework.web.filter.OncePerRequestFilter.doFilter(OncePerRequestFilter.java:116)
	at org.springframework.test.web.servlet.setup.MockMvcFilterDecorator.doFilter(MockMvcFilterDecorator.java:162)
	at org.springframework.mock.web.MockFilterChain.doFilter(MockFilterChain.java:132)
	at org.springframework.web.filter.FormContentFilter.doFilterInternal(FormContentFilter.java:93)
	at org.springframework.web.filter.OncePerRequestFilter.doFilter(OncePerRequestFilter.java:116)
	at org.springframework.test.web.servlet.setup.MockMvcFilterDecorator.doFilter(MockMvcFilterDecorator.java:162)
	at org.springframework.mock.web.MockFilterChain.doFilter(MockFilterChain.java:132)
	at org.springframework.web.filter.ServerHttpObservationFilter.doFilterInternal(ServerHttpObservationFilter.java:114)
	at org.springframework.web.filter.OncePerRequestFilter.doFilter(OncePerRequestFilter.java:116)
	at org.springframework.test.web.servlet.setup.MockMvcFilterDecorator.doFilter(MockMvcFilterDecorator.java:162)
	at org.springframework.mock.web.MockFilterChain.doFilter(MockFilterChain.java:132)
	at io.sentry.spring.jakarta.tracing.SentryTracingFilter.doFilterInternal(SentryTracingFilter.java:91)
	at org.springframework.web.filter.OncePerRequestFilter.doFilter(OncePerRequestFilter.java:116)
	at org.springframework.test.web.servlet.setup.MockMvcFilterDecorator.doFilter(MockMvcFilterDecorator.java:162)
	at org.springframework.mock.web.MockFilterChain.doFilter(MockFilterChain.java:132)
	at org.springframework.web.filter.CharacterEncodingFilter.doFilterInternal(CharacterEncodingFilter.java:201)
	at org.springframework.web.filter.OncePerRequestFilter.doFilter(OncePerRequestFilter.java:116)
	at org.springframework.test.web.servlet.setup.MockMvcFilterDecorator.doFilter(MockMvcFilterDecorator.java:162)
	at org.springframework.mock.web.MockFilterChain.doFilter(MockFilterChain.java:132)
	at io.sentry.spring.jakarta.SentrySpringFilter.doFilterInternal(SentrySpringFilter.java:76)
	at org.springframework.web.filter.OncePerRequestFilter.doFilter(OncePerRequestFilter.java:116)
	at org.springframework.test.web.servlet.setup.MockMvcFilterDecorator.doFilter(MockMvcFilterDecorator.java:162)
	at org.springframework.mock.web.MockFilterChain.doFilter(MockFilterChain.java:132)
	at org.springframework.test.web.servlet.MockMvc.perform(MockMvc.java:201)
	at de.tum.cit.aet.artemis.core.util.RequestUtilService.performMvcRequest(RequestUtilService.java:79)
	at de.tum.cit.aet.artemis.core.util.CourseTestService.testUpdateCourseGroups_InExternalCiUserManagement_failToAddUser(CourseTestService.java:805)
	at de.tum.cit.aet.artemis.programming.CourseGitlabJenkinsIntegrationTest.testUpdateCourseGroups_InExternalCiUserManagement_failToAddUser(CourseGitlabJenkinsIntegrationTest.java:331)
	at java.base/jdk.internal.reflect.DirectMethodHandleAccessor.invoke(DirectMethodHandleAccessor.java:103)
	at java.base/java.lang.reflect.Method.invoke(Method.java:580)
	at org.junit.platform.commons.util.ReflectionUtils.invokeMethod(ReflectionUtils.java:767)
	at org.junit.jupiter.engine.execution.MethodInvocation.proceed(MethodInvocation.java:60)
	at org.junit.jupiter.engine.execution.InvocationInterceptorChain$ValidatingInvocation.proceed(InvocationInterceptorChain.java:131)
	at org.junit.jupiter.engine.extension.TimeoutExtension.intercept(TimeoutExtension.java:156)
	at org.junit.jupiter.engine.extension.TimeoutExtension.interceptTestableMethod(TimeoutExtension.java:147)
	at org.junit.jupiter.engine.extension.TimeoutExtension.interceptTestMethod(TimeoutExtension.java:86)
	at org.junit.jupiter.engine.execution.InterceptingExecutableInvoker$ReflectiveInterceptorCall.lambda$ofVoidMethod$0(InterceptingExecutableInvoker.java:103)
	at org.junit.jupiter.engine.execution.InterceptingExecutableInvoker.lambda$invoke$0(InterceptingExecutableInvoker.java:93)
	at org.junit.jupiter.engine.execution.InvocationInterceptorChain$InterceptedInvocation.proceed(InvocationInterceptorChain.java:106)
	at org.junit.jupiter.engine.execution.InvocationInterceptorChain.proceed(InvocationInterceptorChain.java:64)
	at org.junit.jupiter.engine.execution.InvocationInterceptorChain.chainAndInvoke(InvocationInterceptorChain.java:45)
	at org.junit.jupiter.engine.execution.InvocationInterceptorChain.invoke(InvocationInterceptorChain.java:37)
	at org.junit.jupiter.engine.execution.InterceptingExecutableInvoker.invoke(InterceptingExecutableInvoker.java:92)
	at org.junit.jupiter.engine.execution.InterceptingExecutableInvoker.invoke(InterceptingExecutableInvoker.java:86)
	at org.junit.jupiter.engine.descriptor.TestMethodTestDescriptor.lambda$invokeTestMethod$8(TestMethodTestDescriptor.java:217)
	at org.junit.platform.engine.support.hierarchical.ThrowableCollector.execute(ThrowableCollector.java:73)
	at org.junit.jupiter.engine.descriptor.TestMethodTestDescriptor.invokeTestMethod(TestMethodTestDescriptor.java:213)
	at org.junit.jupiter.engine.descriptor.TestMethodTestDescriptor.execute(TestMethodTestDescriptor.java:138)
	at org.junit.jupiter.engine.descriptor.TestMethodTestDescriptor.execute(TestMethodTestDescriptor.java:68)
	at org.junit.platform.engine.support.hierarchical.NodeTestTask.lambda$executeRecursively$6(NodeTestTask.java:156)
	at org.junit.platform.engine.support.hierarchical.ThrowableCollector.execute(ThrowableCollector.java:73)
	at org.junit.platform.engine.support.hierarchical.NodeTestTask.lambda$executeRecursively$8(NodeTestTask.java:146)
	at org.junit.platform.engine.support.hierarchical.Node.around(Node.java:137)
	at org.junit.platform.engine.support.hierarchical.NodeTestTask.lambda$executeRecursively$9(NodeTestTask.java:144)
	at org.junit.platform.engine.support.hierarchical.ThrowableCollector.execute(ThrowableCollector.java:73)
	at org.junit.platform.engine.support.hierarchical.NodeTestTask.executeRecursively(NodeTestTask.java:143)
	at org.junit.platform.engine.support.hierarchical.NodeTestTask.execute(NodeTestTask.java:100)
	at org.junit.platform.engine.support.hierarchical.ForkJoinPoolHierarchicalTestExecutorService$ExclusiveTask.exec(ForkJoinPoolHierarchicalTestExecutorService.java:274)
	at org.junit.platform.engine.support.hierarchical.ForkJoinPoolHierarchicalTestExecutorService$ExclusiveTask.execSync(ForkJoinPoolHierarchicalTestExecutorService.java:247)
	at org.junit.platform.engine.support.hierarchical.ForkJoinPoolHierarchicalTestExecutorService.executeSync(ForkJoinPoolHierarchicalTestExecutorService.java:194)
	at org.junit.platform.engine.support.hierarchical.ForkJoinPoolHierarchicalTestExecutorService.invokeAll(ForkJoinPoolHierarchicalTestExecutorService.java:166)
	at org.junit.platform.engine.support.hierarchical.NodeTestTask.lambda$executeRecursively$6(NodeTestTask.java:160)
	at org.junit.platform.engine.support.hierarchical.ThrowableCollector.execute(ThrowableCollector.java:73)
	at org.junit.platform.engine.support.hierarchical.NodeTestTask.lambda$executeRecursively$8(NodeTestTask.java:146)
	at org.junit.platform.engine.support.hierarchical.Node.around(Node.java:137)
	at org.junit.platform.engine.support.hierarchical.NodeTestTask.lambda$executeRecursively$9(NodeTestTask.java:144)
	at org.junit.platform.engine.support.hierarchical.ThrowableCollector.execute(ThrowableCollector.java:73)
	at org.junit.platform.engine.support.hierarchical.NodeTestTask.executeRecursively(NodeTestTask.java:143)
	at org.junit.platform.engine.support.hierarchical.NodeTestTask.execute(NodeTestTask.java:100)
	at org.junit.platform.engine.support.hierarchical.ForkJoinPoolHierarchicalTestExecutorService$ExclusiveTask.exec(ForkJoinPoolHierarchicalTestExecutorService.java:274)
	at java.base/java.util.concurrent.ForkJoinTask.doExec(ForkJoinTask.java:387)
	at java.base/java.util.concurrent.ForkJoinPool$WorkQueue.topLevelExec(ForkJoinPool.java:1312)
	at java.base/java.util.concurrent.ForkJoinPool.scan(ForkJoinPool.java:1843)
	at java.base/java.util.concurrent.ForkJoinPool.runWorker(ForkJoinPool.java:1808)
	at java.base/java.util.concurrent.ForkJoinWorkerThread.run(ForkJoinWorkerThread.java:188)

  Starting logs for CourseGitlabJenkinsIntegrationTest > testUpdateCourse_withExternalUserManagement_vcsUserManagementHasNotBeenCalled()
    23:44:37.501 | 441 ool-1-worker-205 | DEBUG | d.t.c.a.a.c.u.util.UserUtilService   : Generate 8 students...
    23:44:37.511 | 441 ool-1-worker-205 | DEBUG | d.t.c.a.a.c.u.util.UserUtilService   : 8 students generated. Generate 5 tutors...
    23:44:37.518 | 441 ool-1-worker-205 | DEBUG | d.t.c.a.a.c.u.util.UserUtilService   : 5 tutors generated. Generate 1 editors...
    23:44:37.521 | 441 ool-1-worker-205 | DEBUG | d.t.c.a.a.c.u.util.UserUtilService   : 1 editors generated. Generate 1 instructors...
    23:44:37.524 | 441 ool-1-worker-205 | DEBUG | d.t.c.a.a.c.u.util.UserUtilService   : 1 instructors generated
    23:44:37.526 | 441 ool-1-worker-205 | DEBUG | d.t.c.a.a.c.u.util.UserUtilService   : Removing 16 users from all courses...
    23:44:37.528 | 441 ool-1-worker-205 | DEBUG | d.t.c.a.a.c.u.util.UserUtilService   : Removing 16 users from all courses. Done
    23:44:37.528 | 441 ool-1-worker-205 | DEBUG | d.t.c.a.a.c.u.util.UserUtilService   : Save 15 users to database...
    23:44:37.536 | 441 ool-1-worker-205 | DEBUG | d.t.c.a.a.c.u.util.UserUtilService   : Save 15 users to database. Done
    23:44:37.575 | 441 ool-1-worker-205 | INFO  | i.z.t.d.l.EmbeddedDatabaseReporter   : JDBC URL to connect to 'dataSource': url='jdbc:h2:tcp://localhost:41063/mem:736625c0-cf5e-400d-aeaa-8a7eabd6262b;USER=sa', scope='CourseGitlabJenkinsIntegrationTest#testUpdateCourse_withExternalUserManagement_vcsUserManagementHasNotBeenCalled'
    23:44:37.577 | 441 ool-1-worker-205 | INFO  | .c.a.a.c.s.TitleCacheEvictionService : Evicted entry '1' from title cache 'courseTitle'
    23:44:37.579 | 441 ool-1-worker-205 | DEBUG | d.t.c.a.a.c.s.f.ApiVersionFilter     : Adding Version to Request PUT /api/courses/1
    23:44:37.580 | 441 ool-1-worker-205 | DEBUG | d.t.c.a.a.core.web.CourseResource    : REST request to update Course : Course{id=1, title='Course title 06c5a1a2-517f-4db0-aede-bb602ac6b1e9', description='null', shortName='short53e212650be7e049f20be6d03a13b75c8985', studentGroupName='tumuser', teachingAssistantGroupName='tutor', editorGroupName='editor', instructorGroupName='instructor', startDate='null', endDate='null', enrollmentStartDate='null', enrollmentEndDate='null', unenrollmentEndDate='null', semester='null'', onlineCourse='false', color='null', courseIcon='null', enrollmentEnabled='false', unenrollmentEnabled='false', presentationScore='2', faqEnabled='false'}

  Starting logs for CourseGitlabJenkinsIntegrationTest > testEditCourseWithPermission()
    23:44:37.598 | 441 ool-1-worker-205 | DEBUG | d.t.c.a.a.c.u.util.UserUtilService   : Generate 8 students...
    23:44:37.609 | 441 ool-1-worker-205 | DEBUG | d.t.c.a.a.c.u.util.UserUtilService   : 8 students generated. Generate 5 tutors...
    23:44:37.618 | 441 ool-1-worker-205 | DEBUG | d.t.c.a.a.c.u.util.UserUtilService   : 5 tutors generated. Generate 1 editors...
    23:44:37.621 | 441 ool-1-worker-205 | DEBUG | d.t.c.a.a.c.u.util.UserUtilService   : 1 editors generated. Generate 1 instructors...
    23:44:37.623 | 441 ool-1-worker-205 | DEBUG | d.t.c.a.a.c.u.util.UserUtilService   : 1 instructors generated
    23:44:37.625 | 441 ool-1-worker-205 | DEBUG | d.t.c.a.a.c.u.util.UserUtilService   : Removing 16 users from all courses...
    23:44:37.627 | 441 ool-1-worker-205 | DEBUG | d.t.c.a.a.c.u.util.UserUtilService   : Removing 16 users from all courses. Done
    23:44:37.627 | 441 ool-1-worker-205 | DEBUG | d.t.c.a.a.c.u.util.UserUtilService   : Save 15 users to database...
    23:44:37.646 | 441 ool-1-worker-205 | DEBUG | d.t.c.a.a.c.u.util.UserUtilService   : Save 15 users to database. Done
    23:44:37.666 | 441 ool-1-worker-205 | INFO  | i.z.t.d.l.EmbeddedDatabaseReporter   : JDBC URL to connect to 'dataSource': url='jdbc:h2:tcp://localhost:41063/mem:736625c0-cf5e-400d-aeaa-8a7eabd6262b;USER=sa', scope='CourseGitlabJenkinsIntegrationTest#testEditCourseWithPermission'
    23:44:37.669 | 441 ool-1-worker-205 | INFO  | .c.a.a.c.s.TitleCacheEvictionService : Evicted entry '1' from title cache 'courseTitle'
    23:44:37.671 | 441 ool-1-worker-205 | DEBUG | d.t.c.a.a.c.s.f.ApiVersionFilter     : Adding Version to Request PUT /api/courses/1
    23:44:37.672 | 441 ool-1-worker-205 | DEBUG | d.t.c.a.a.core.web.CourseResource    : REST request to update Course : Course{id=1, title='Test Course', description='null', shortName='short09efd9ba00b7604e85087980457111f206ad', studentGroupName='tumuser', teachingAssistantGroupName='tutor', editorGroupName='editor', instructorGroupName='instructor', startDate='2025-02-09T23:44:37.669919665Z', endDate='2025-02-19T23:44:37.669921579Z', enrollmentStartDate='null', enrollmentEndDate='null', unenrollmentEndDate='null', semester='null'', onlineCourse='false', color='null', courseIcon='null', enrollmentEnabled='false', unenrollmentEnabled='false', presentationScore='2', faqEnabled='false'}
    23:44:37.677 | 441 ool-1-worker-205 | INFO  | .c.a.a.c.s.TitleCacheEvictionService : Evicted entry '1' from title cache 'courseTitle'

  Starting logs for CourseGitlabJenkinsIntegrationTest > testGetExerciseStatsForCourseOverviewWithPastExercises()
    23:44:37.692 | 441 ool-1-worker-205 | DEBUG | d.t.c.a.a.c.u.util.UserUtilService   : Generate 8 students...
    23:44:37.703 | 441 ool-1-worker-205 | DEBUG | d.t.c.a.a.c.u.util.UserUtilService   : 8 students generated. Generate 5 tutors...
    23:44:37.711 | 441 ool-1-worker-205 | DEBUG | d.t.c.a.a.c.u.util.UserUtilService   : 5 tutors generated. Generate 1 editors...
    23:44:37.713 | 441 ool-1-worker-205 | DEBUG | d.t.c.a.a.c.u.util.UserUtilService   : 1 editors generated. Generate 1 instructors...
    23:44:37.716 | 441 ool-1-worker-205 | DEBUG | d.t.c.a.a.c.u.util.UserUtilService   : 1 instructors generated
    23:44:37.718 | 441 ool-1-worker-205 | DEBUG | d.t.c.a.a.c.u.util.UserUtilService   : Removing 16 users from all courses...
    23:44:37.720 | 441 ool-1-worker-205 | DEBUG | d.t.c.a.a.c.u.util.UserUtilService   : Removing 16 users from all courses. Done
    23:44:37.720 | 441 ool-1-worker-205 | DEBUG | d.t.c.a.a.c.u.util.UserUtilService   : Save 15 users to database...
    23:44:37.731 | 441 ool-1-worker-205 | DEBUG | d.t.c.a.a.c.u.util.UserUtilService   : Save 15 users to database. Done
    23:44:37.742 | 441 ool-1-worker-205 | INFO  | i.z.t.d.l.EmbeddedDatabaseReporter   : JDBC URL to connect to 'dataSource': url='jdbc:h2:tcp://localhost:41063/mem:736625c0-cf5e-400d-aeaa-8a7eabd6262b;USER=sa', scope='CourseGitlabJenkinsIntegrationTest#testGetExerciseStatsForCourseOverviewWithPastExercises'
    23:44:37.775 | 441 ool-1-worker-205 | DEBUG | d.t.c.a.a.c.s.f.ApiVersionFilter     : Adding Version to Request GET /api/courses/stats-for-management-overview
    23:44:37.776 | 441 ool-1-worker-205 | DEBUG | d.t.c.a.a.core.web.CourseResource    : REST request to get statistics for the courses of the user

  Starting logs for CourseGitlabJenkinsIntegrationTest > testGetAllGroupsForAllCourses()
    23:44:37.802 | 441 ool-1-worker-205 | DEBUG | d.t.c.a.a.c.u.util.UserUtilService   : Generate 8 students...
    23:44:37.822 | 441 ool-1-worker-205 | DEBUG | d.t.c.a.a.c.u.util.UserUtilService   : 8 students generated. Generate 5 tutors...
    23:44:37.830 | 441 ool-1-worker-205 | DEBUG | d.t.c.a.a.c.u.util.UserUtilService   : 5 tutors generated. Generate 1 editors...
    23:44:37.832 | 441 ool-1-worker-205 | DEBUG | d.t.c.a.a.c.u.util.UserUtilService   : 1 editors generated. Generate 1 instructors...
    23:44:37.835 | 441 ool-1-worker-205 | DEBUG | d.t.c.a.a.c.u.util.UserUtilService   : 1 instructors generated
    23:44:37.837 | 441 ool-1-worker-205 | DEBUG | d.t.c.a.a.c.u.util.UserUtilService   : Removing 16 users from all courses...
    23:44:37.838 | 441 ool-1-worker-205 | DEBUG | d.t.c.a.a.c.u.util.UserUtilService   : Removing 16 users from all courses. Done
    23:44:37.838 | 441 ool-1-worker-205 | DEBUG | d.t.c.a.a.c.u.util.UserUtilService   : Save 15 users to database...
    23:44:37.848 | 441 ool-1-worker-205 | DEBUG | d.t.c.a.a.c.u.util.UserUtilService   : Save 15 users to database. Done
    23:44:37.858 | 441 ool-1-worker-205 | INFO  | i.z.t.d.l.EmbeddedDatabaseReporter   : JDBC URL to connect to 'dataSource': url='jdbc:h2:tcp://localhost:41063/mem:736625c0-cf5e-400d-aeaa-8a7eabd6262b;USER=sa', scope='CourseGitlabJenkinsIntegrationTest#testGetAllGroupsForAllCourses'
    23:44:37.859 | 441 ool-1-worker-205 | DEBUG | d.t.c.a.a.c.s.f.ApiVersionFilter     : Adding Version to Request GET /api/admin/courses/groups
    23:44:37.860 | 441 ool-1-worker-205 | DEBUG | d.t.c.a.a.c.w.a.AdminCourseResource  : REST request to get all Groups for all Courses

  Starting logs for CourseGitlabJenkinsIntegrationTest > searchUsersInCourse_searchForStudentsTutorsEditorsAndInstructors_shouldReturnUsersMatchingSearchTerm()
    23:44:37.909 | 441 ool-1-worker-205 | DEBUG | d.t.c.a.a.c.u.util.UserUtilService   : Generate 8 students...
    23:44:37.920 | 441 ool-1-worker-205 | DEBUG | d.t.c.a.a.c.u.util.UserUtilService   : 8 students generated. Generate 5 tutors...
    23:44:37.927 | 441 ool-1-worker-205 | DEBUG | d.t.c.a.a.c.u.util.UserUtilService   : 5 tutors generated. Generate 1 editors...
    23:44:37.929 | 441 ool-1-worker-205 | DEBUG | d.t.c.a.a.c.u.util.UserUtilService   : 1 editors generated. Generate 1 instructors...
    23:44:37.932 | 441 ool-1-worker-205 | DEBUG | d.t.c.a.a.c.u.util.UserUtilService   : 1 instructors generated
    23:44:37.934 | 441 ool-1-worker-205 | DEBUG | d.t.c.a.a.c.u.util.UserUtilService   : Removing 16 users from all courses...
    23:44:37.936 | 441 ool-1-worker-205 | DEBUG | d.t.c.a.a.c.u.util.UserUtilService   : Removing 16 users from all courses. Done
    23:44:37.936 | 441 ool-1-worker-205 | DEBUG | d.t.c.a.a.c.u.util.UserUtilService   : Save 15 users to database...
    23:44:37.947 | 441 ool-1-worker-205 | DEBUG | d.t.c.a.a.c.u.util.UserUtilService   : Save 15 users to database. Done
    23:44:37.957 | 441 ool-1-worker-205 | INFO  | i.z.t.d.l.EmbeddedDatabaseReporter   : JDBC URL to connect to 'dataSource': url='jdbc:h2:tcp://localhost:41063/mem:736625c0-cf5e-400d-aeaa-8a7eabd6262b;USER=sa', scope='CourseGitlabJenkinsIntegrationTest#searchUsersInCourse_searchForStudentsTutorsEditorsAndInstructors_shouldReturnUsersMatchingSearchTerm'
    23:44:37.979 | 441 ool-1-worker-205 | DEBUG | d.t.c.a.a.c.s.f.ApiVersionFilter     : Adding Version to Request GET /api/courses/840/users/search
    23:44:37.979 | 441 ool-1-worker-205 | DEBUG | d.t.c.a.a.core.web.CourseResource    : REST request to search users in course : 840 with login or name : courseegitlabjenkinstutor

  Starting logs for CourseGitlabJenkinsIntegrationTest > testCreateCourseWithInvalidStartAndEndDate()
    23:44:38.001 | 441 ool-1-worker-205 | DEBUG | d.t.c.a.a.c.u.util.UserUtilService   : Generate 8 students...
    23:44:38.011 | 441 ool-1-worker-205 | DEBUG | d.t.c.a.a.c.u.util.UserUtilService   : 8 students generated. Generate 5 tutors...
    23:44:38.018 | 441 ool-1-worker-205 | DEBUG | d.t.c.a.a.c.u.util.UserUtilService   : 5 tutors generated. Generate 1 editors...
    23:44:38.021 | 441 ool-1-worker-205 | DEBUG | d.t.c.a.a.c.u.util.UserUtilService   : 1 editors generated. Generate 1 instructors...
    23:44:38.023 | 441 ool-1-worker-205 | DEBUG | d.t.c.a.a.c.u.util.UserUtilService   : 1 instructors generated
    23:44:38.025 | 441 ool-1-worker-205 | DEBUG | d.t.c.a.a.c.u.util.UserUtilService   : Removing 16 users from all courses...
    23:44:38.027 | 441 ool-1-worker-205 | DEBUG | d.t.c.a.a.c.u.util.UserUtilService   : Removing 16 users from all courses. Done
    23:44:38.027 | 441 ool-1-worker-205 | DEBUG | d.t.c.a.a.c.u.util.UserUtilService   : Save 15 users to database...
    23:44:38.039 | 441 ool-1-worker-205 | DEBUG | d.t.c.a.a.c.u.util.UserUtilService   : Save 15 users to database. Done
    23:44:38.049 | 441 ool-1-worker-205 | INFO  | i.z.t.d.l.EmbeddedDatabaseReporter   : JDBC URL to connect to 'dataSource': url='jdbc:h2:tcp://localhost:41063/mem:736625c0-cf5e-400d-aeaa-8a7eabd6262b;USER=sa', scope='CourseGitlabJenkinsIntegrationTest#testCreateCourseWithInvalidStartAndEndDate'
    23:44:38.050 | 441 ool-1-worker-205 | DEBUG | d.t.c.a.a.c.s.f.ApiVersionFilter     : Adding Version to Request POST /api/admin/courses
    23:44:38.051 | 441 ool-1-worker-205 | DEBUG | d.t.c.a.a.c.w.a.AdminCourseResource  : REST request to save Course : Course{id=null, title='Course title 2f9eedfc-694d-47e9-8aea-7b56c9b95d66', description='null', shortName='short542d1ca8062c4044100ad680a79fe8795fd5', studentGroupName='student', teachingAssistantGroupName='tutor', editorGroupName='editor', instructorGroupName='instructor', startDate='2025-02-15T23:44:38.049738334Z', endDate='2025-02-14T23:44:38.049739747Z', enrollmentStartDate='null', enrollmentEndDate='null', unenrollmentEndDate='null', semester='null'', onlineCourse='false', color='null', courseIcon='null', enrollmentEnabled='false', unenrollmentEnabled='false', presentationScore='2', faqEnabled='false'}
    23:44:38.052 | 441 ool-1-worker-205 | ERROR | tech.jhipster.web.util.HeaderUtil    : Entity processing failed, For Courses, the start date has to be before the end date
    23:44:38.052 | 441 ool-1-worker-205 | WARN  | o.z.p.spring.common.AdviceTraits     : Bad Request: For Courses, the start date has to be before the end date

Finished logs for CourseGitlabJenkinsIntegrationTest

Starting logs for EnforceRoleInCourseTest

  Starting logs for EnforceRoleInCourseTest > testAsInstructorOfOtherCourse(String, HttpStatus) [1] endpoint=testEnforceAtLeastStudentInCourseExplicit, expectedStatus=403 FORBIDDEN
    23:44:31.173 | 193 Pool-1-worker-86 | DEBUG | d.t.c.a.a.c.u.util.UserUtilService   : Generate 1 students...
    23:44:31.175 | 193 Pool-1-worker-86 | DEBUG | d.t.c.a.a.c.u.util.UserUtilService   : 1 students generated. Generate 1 tutors...
    23:44:31.180 | 193 Pool-1-worker-86 | DEBUG | d.t.c.a.a.c.u.util.UserUtilService   : 1 tutors generated. Generate 1 editors...
    23:44:31.184 | 193 Pool-1-worker-86 | DEBUG | d.t.c.a.a.c.u.util.UserUtilService   : 1 editors generated. Generate 1 instructors...
    23:44:31.186 | 193 Pool-1-worker-86 | DEBUG | d.t.c.a.a.c.u.util.UserUtilService   : 1 instructors generated
    23:44:31.191 | 193 Pool-1-worker-86 | DEBUG | d.t.c.a.a.c.u.util.UserUtilService   : Removing 8 users from all courses...
    23:44:31.192 | 193 Pool-1-worker-86 | DEBUG | d.t.c.a.a.c.u.util.UserUtilService   : Removing 8 users from all courses. Done
    23:44:31.192 | 193 Pool-1-worker-86 | DEBUG | d.t.c.a.a.c.u.util.UserUtilService   : Save 4 users to database...
    23:44:31.197 | 193 Pool-1-worker-86 | DEBUG | d.t.c.a.a.c.u.util.UserUtilService   : Save 4 users to database. Done
    23:44:31.231 | 193 Pool-1-worker-86 | INFO  | i.z.t.d.l.EmbeddedDatabaseReporter   : JDBC URL to connect to 'dataSource': url='jdbc:h2:tcp://localhost:41063/mem:df70fc46-7e57-4cb5-9cd0-c1d90c14afa7;USER=sa', scope='EnforceRoleInCourseTest#testAsInstructorOfOtherCourse'
    23:44:31.232 | 193 Pool-1-worker-86 | DEBUG | d.t.c.a.a.c.s.f.ApiVersionFilter     : Adding Version to Request GET /api/test/testEnforceAtLeastStudentInCourseExplicit/1276
    23:44:31.236 | 193 Pool-1-worker-86 | WARN  | o.z.p.spring.common.AdviceTraits     : Forbidden: You are not allowed to access the Course with id 1276

  Starting logs for EnforceRoleInCourseTest > testAsInstructorOfOtherCourse(String, HttpStatus) [2] endpoint=testEnforceAtLeastStudentInCourse, expectedStatus=403 FORBIDDEN
    23:44:31.254 | 193 Pool-1-worker-86 | DEBUG | d.t.c.a.a.c.u.util.UserUtilService   : Generate 1 students...
    23:44:31.257 | 193 Pool-1-worker-86 | DEBUG | d.t.c.a.a.c.u.util.UserUtilService   : 1 students generated. Generate 1 tutors...
    23:44:31.260 | 193 Pool-1-worker-86 | DEBUG | d.t.c.a.a.c.u.util.UserUtilService   : 1 tutors generated. Generate 1 editors...
    23:44:31.263 | 193 Pool-1-worker-86 | DEBUG | d.t.c.a.a.c.u.util.UserUtilService   : 1 editors generated. Generate 1 instructors...
    23:44:31.266 | 193 Pool-1-worker-86 | DEBUG | d.t.c.a.a.c.u.util.UserUtilService   : 1 instructors generated
    23:44:31.267 | 193 Pool-1-worker-86 | DEBUG | d.t.c.a.a.c.u.util.UserUtilService   : Removing 8 users from all courses...
    23:44:31.269 | 193 Pool-1-worker-86 | DEBUG | d.t.c.a.a.c.u.util.UserUtilService   : Removing 8 users from all courses. Done
    23:44:31.269 | 193 Pool-1-worker-86 | DEBUG | d.t.c.a.a.c.u.util.UserUtilService   : Save 4 users to database...
    23:44:31.284 | 193 Pool-1-worker-86 | DEBUG | d.t.c.a.a.c.u.util.UserUtilService   : Save 4 users to database. Done
    23:44:31.327 | 193 Pool-1-worker-86 | INFO  | i.z.t.d.l.EmbeddedDatabaseReporter   : JDBC URL to connect to 'dataSource': url='jdbc:h2:tcp://localhost:41063/mem:df70fc46-7e57-4cb5-9cd0-c1d90c14afa7;USER=sa', scope='EnforceRoleInCourseTest#testAsInstructorOfOtherCourse'
    23:44:31.329 | 193 Pool-1-worker-86 | DEBUG | d.t.c.a.a.c.s.f.ApiVersionFilter     : Adding Version to Request GET /api/test/testEnforceAtLeastStudentInCourse/1277
    23:44:31.332 | 193 Pool-1-worker-86 | WARN  | o.z.p.spring.common.AdviceTraits     : Forbidden: You are not allowed to access the Course with id 1277

  Starting logs for EnforceRoleInCourseTest > testAsInstructorOfOtherCourse(String, HttpStatus) [3] endpoint=testEnforceAtLeastTutorInCourseExplicit, expectedStatus=403 FORBIDDEN
    23:44:31.350 | 193 Pool-1-worker-86 | DEBUG | d.t.c.a.a.c.u.util.UserUtilService   : Generate 1 students...
    23:44:31.355 | 193 Pool-1-worker-86 | DEBUG | d.t.c.a.a.c.u.util.UserUtilService   : 1 students generated. Generate 1 tutors...
    23:44:31.358 | 193 Pool-1-worker-86 | DEBUG | d.t.c.a.a.c.u.util.UserUtilService   : 1 tutors generated. Generate 1 editors...
    23:44:31.366 | 193 Pool-1-worker-86 | DEBUG | d.t.c.a.a.c.u.util.UserUtilService   : 1 editors generated. Generate 1 instructors...
    23:44:31.371 | 193 Pool-1-worker-86 | DEBUG | d.t.c.a.a.c.u.util.UserUtilService   : 1 instructors generated
    23:44:31.373 | 193 Pool-1-worker-86 | DEBUG | d.t.c.a.a.c.u.util.UserUtilService   : Removing 8 users from all courses...
    23:44:31.374 | 193 Pool-1-worker-86 | DEBUG | d.t.c.a.a.c.u.util.UserUtilService   : Removing 8 users from all courses. Done
    23:44:31.374 | 193 Pool-1-worker-86 | DEBUG | d.t.c.a.a.c.u.util.UserUtilService   : Save 4 users to database...
    23:44:31.379 | 193 Pool-1-worker-86 | DEBUG | d.t.c.a.a.c.u.util.UserUtilService   : Save 4 users to database. Done
    23:44:31.400 | 193 Pool-1-worker-86 | INFO  | i.z.t.d.l.EmbeddedDatabaseReporter   : JDBC URL to connect to 'dataSource': url='jdbc:h2:tcp://localhost:41063/mem:df70fc46-7e57-4cb5-9cd0-c1d90c14afa7;USER=sa', scope='EnforceRoleInCourseTest#testAsInstructorOfOtherCourse'
    23:44:31.402 | 193 Pool-1-worker-86 | DEBUG | d.t.c.a.a.c.s.f.ApiVersionFilter     : Adding Version to Request GET /api/test/testEnforceAtLeastTutorInCourseExplicit/1278
    23:44:31.404 | 193 Pool-1-worker-86 | WARN  | o.z.p.spring.common.AdviceTraits     : Forbidden: You are not allowed to access the Course with id 1278

  Starting logs for EnforceRoleInCourseTest > testAsInstructorOfOtherCourse(String, HttpStatus) [4] endpoint=testEnforceAtLeastTutorInCourse, expectedStatus=403 FORBIDDEN
    23:44:31.422 | 193 Pool-1-worker-86 | DEBUG | d.t.c.a.a.c.u.util.UserUtilService   : Generate 1 students...
    23:44:31.425 | 193 Pool-1-worker-86 | DEBUG | d.t.c.a.a.c.u.util.UserUtilService   : 1 students generated. Generate 1 tutors...
    23:44:31.427 | 193 Pool-1-worker-86 | DEBUG | d.t.c.a.a.c.u.util.UserUtilService   : 1 tutors generated. Generate 1 editors...
    23:44:31.430 | 193 Pool-1-worker-86 | DEBUG | d.t.c.a.a.c.u.util.UserUtilService   : 1 editors generated. Generate 1 instructors...
    23:44:31.432 | 193 Pool-1-worker-86 | DEBUG | d.t.c.a.a.c.u.util.UserUtilService   : 1 instructors generated
    23:44:31.433 | 193 Pool-1-worker-86 | DEBUG | d.t.c.a.a.c.u.util.UserUtilService   : Removing 8 users from all courses...
    23:44:31.434 | 193 Pool-1-worker-86 | DEBUG | d.t.c.a.a.c.u.util.UserUtilService   : Removing 8 users from all courses. Done
    23:44:31.434 | 193 Pool-1-worker-86 | DEBUG | d.t.c.a.a.c.u.util.UserUtilService   : Save 4 users to database...
    23:44:31.436 | 193 Pool-1-worker-86 | DEBUG | d.t.c.a.a.c.u.util.UserUtilService   : Save 4 users to database. Done
    23:44:31.451 | 193 Pool-1-worker-86 | INFO  | i.z.t.d.l.EmbeddedDatabaseReporter   : JDBC URL to connect to 'dataSource': url='jdbc:h2:tcp://localhost:41063/mem:df70fc46-7e57-4cb5-9cd0-c1d90c14afa7;USER=sa', scope='EnforceRoleInCourseTest#testAsInstructorOfOtherCourse'
    23:44:31.452 | 193 Pool-1-worker-86 | DEBUG | d.t.c.a.a.c.s.f.ApiVersionFilter     : Adding Version to Request GET /api/test/testEnforceAtLeastTutorInCourse/1279
    23:44:31.456 | 193 Pool-1-worker-86 | WARN  | o.z.p.spring.common.AdviceTraits     : Forbidden: You are not allowed to access the Course with id 1279

  Starting logs for EnforceRoleInCourseTest > testAsInstructorOfOtherCourse(String, HttpStatus) [5] endpoint=testEnforceAtLeastEditorInCourseExplicit, expectedStatus=403 FORBIDDEN
    23:44:31.468 | 193 Pool-1-worker-86 | DEBUG | d.t.c.a.a.c.u.util.UserUtilService   : Generate 1 students...
    23:44:31.471 | 193 Pool-1-worker-86 | DEBUG | d.t.c.a.a.c.u.util.UserUtilService   : 1 students generated. Generate 1 tutors...
    23:44:31.473 | 193 Pool-1-worker-86 | DEBUG | d.t.c.a.a.c.u.util.UserUtilService   : 1 tutors generated. Generate 1 editors...
    23:44:31.476 | 193 Pool-1-worker-86 | DEBUG | d.t.c.a.a.c.u.util.UserUtilService   : 1 editors generated. Generate 1 instructors...
    23:44:31.479 | 193 Pool-1-worker-86 | DEBUG | d.t.c.a.a.c.u.util.UserUtilService   : 1 instructors generated
    23:44:31.480 | 193 Pool-1-worker-86 | DEBUG | d.t.c.a.a.c.u.util.UserUtilService   : Removing 8 users from all courses...
    23:44:31.481 | 193 Pool-1-worker-86 | DEBUG | d.t.c.a.a.c.u.util.UserUtilService   : Removing 8 users from all courses. Done
    23:44:31.481 | 193 Pool-1-worker-86 | DEBUG | d.t.c.a.a.c.u.util.UserUtilService   : Save 4 users to database...
    23:44:31.485 | 193 Pool-1-worker-86 | DEBUG | d.t.c.a.a.c.u.util.UserUtilService   : Save 4 users to database. Done
    23:44:31.506 | 193 Pool-1-worker-86 | INFO  | i.z.t.d.l.EmbeddedDatabaseReporter   : JDBC URL to connect to 'dataSource': url='jdbc:h2:tcp://localhost:41063/mem:df70fc46-7e57-4cb5-9cd0-c1d90c14afa7;USER=sa', scope='EnforceRoleInCourseTest#testAsInstructorOfOtherCourse'
    23:44:31.507 | 193 Pool-1-worker-86 | DEBUG | d.t.c.a.a.c.s.f.ApiVersionFilter     : Adding Version to Request GET /api/test/testEnforceAtLeastEditorInCourseExplicit/1280
    23:44:31.511 | 193 Pool-1-worker-86 | WARN  | o.z.p.spring.common.AdviceTraits     : Forbidden: You are not allowed to access the Course with id 1280

  Starting logs for EnforceRoleInCourseTest > testAsInstructorOfOtherCourse(String, HttpStatus) [6] endpoint=testEnforceAtLeastEditorInCourse, expectedStatus=403 FORBIDDEN
    23:44:31.532 | 193 Pool-1-worker-86 | DEBUG | d.t.c.a.a.c.u.util.UserUtilService   : Generate 1 students...
    23:44:31.535 | 193 Pool-1-worker-86 | DEBUG | d.t.c.a.a.c.u.util.UserUtilService   : 1 students generated. Generate 1 tutors...
    23:44:31.537 | 193 Pool-1-worker-86 | DEBUG | d.t.c.a.a.c.u.util.UserUtilService   : 1 tutors generated. Generate 1 editors...
    23:44:31.540 | 193 Pool-1-worker-86 | DEBUG | d.t.c.a.a.c.u.util.UserUtilService   : 1 editors generated. Generate 1 instructors...
    23:44:31.543 | 193 Pool-1-worker-86 | DEBUG | d.t.c.a.a.c.u.util.UserUtilService   : 1 instructors generated
    23:44:31.545 | 193 Pool-1-worker-86 | DEBUG | d.t.c.a.a.c.u.util.UserUtilService   : Removing 8 users from all courses...
    23:44:31.546 | 193 Pool-1-worker-86 | DEBUG | d.t.c.a.a.c.u.util.UserUtilService   : Removing 8 users from all courses. Done
    23:44:31.546 | 193 Pool-1-worker-86 | DEBUG | d.t.c.a.a.c.u.util.UserUtilService   : Save 4 users to database...
    23:44:31.549 | 193 Pool-1-worker-86 | DEBUG | d.t.c.a.a.c.u.util.UserUtilService   : Save 4 users to database. Done
    23:44:31.564 | 193 Pool-1-worker-86 | INFO  | i.z.t.d.l.EmbeddedDatabaseReporter   : JDBC URL to connect to 'dataSource': url='jdbc:h2:tcp://localhost:41063/mem:df70fc46-7e57-4cb5-9cd0-c1d90c14afa7;USER=sa', scope='EnforceRoleInCourseTest#testAsInstructorOfOtherCourse'
    23:44:31.565 | 193 Pool-1-worker-86 | DEBUG | d.t.c.a.a.c.s.f.ApiVersionFilter     : Adding Version to Request GET /api/test/testEnforceAtLeastEditorInCourse/1281
    23:44:31.567 | 193 Pool-1-worker-86 | WARN  | o.z.p.spring.common.AdviceTraits     : Forbidden: You are not allowed to access the Course with id 1281

  Starting logs for EnforceRoleInCourseTest > testAsInstructorOfOtherCourse(String, HttpStatus) [7] endpoint=testEnforceAtLeastInstructorInCourseExplicit, expectedStatus=403 FORBIDDEN
    23:44:31.578 | 193 Pool-1-worker-86 | DEBUG | d.t.c.a.a.c.u.util.UserUtilService   : Generate 1 students...
    23:44:31.581 | 193 Pool-1-worker-86 | DEBUG | d.t.c.a.a.c.u.util.UserUtilService   : 1 students generated. Generate 1 tutors...
    23:44:31.583 | 193 Pool-1-worker-86 | DEBUG | d.t.c.a.a.c.u.util.UserUtilService   : 1 tutors generated. Generate 1 editors...
    23:44:31.585 | 193 Pool-1-worker-86 | DEBUG | d.t.c.a.a.c.u.util.UserUtilService   : 1 editors generated. Generate 1 instructors...
    23:44:31.587 | 193 Pool-1-worker-86 | DEBUG | d.t.c.a.a.c.u.util.UserUtilService   : 1 instructors generated
    23:44:31.588 | 193 Pool-1-worker-86 | DEBUG | d.t.c.a.a.c.u.util.UserUtilService   : Removing 8 users from all courses...
    23:44:31.589 | 193 Pool-1-worker-86 | DEBUG | d.t.c.a.a.c.u.util.UserUtilService   : Removing 8 users from all courses. Done
    23:44:31.589 | 193 Pool-1-worker-86 | DEBUG | d.t.c.a.a.c.u.util.UserUtilService   : Save 4 users to database...
    23:44:31.591 | 193 Pool-1-worker-86 | DEBUG | d.t.c.a.a.c.u.util.UserUtilService   : Save 4 users to database. Done
    23:44:31.605 | 193 Pool-1-worker-86 | INFO  | i.z.t.d.l.EmbeddedDatabaseReporter   : JDBC URL to connect to 'dataSource': url='jdbc:h2:tcp://localhost:41063/mem:df70fc46-7e57-4cb5-9cd0-c1d90c14afa7;USER=sa', scope='EnforceRoleInCourseTest#testAsInstructorOfOtherCourse'
    23:44:31.607 | 193 Pool-1-worker-86 | DEBUG | d.t.c.a.a.c.s.f.ApiVersionFilter     : Adding Version to Request GET /api/test/testEnforceAtLeastInstructorInCourseExplicit/1282
    23:44:31.609 | 193 Pool-1-worker-86 | WARN  | o.z.p.spring.common.AdviceTraits     : Forbidden: You are not allowed to access the Course with id 1282

  Starting logs for EnforceRoleInCourseTest > testAsInstructorOfOtherCourse(String, HttpStatus) [8] endpoint=testEnforceAtLeastInstructorInCourse, expectedStatus=403 FORBIDDEN
    23:44:31.620 | 193 Pool-1-worker-86 | DEBUG | d.t.c.a.a.c.u.util.UserUtilService   : Generate 1 students...
    23:44:31.623 | 193 Pool-1-worker-86 | DEBUG | d.t.c.a.a.c.u.util.UserUtilService   : 1 students generated. Generate 1 tutors...
    23:44:31.625 | 193 Pool-1-worker-86 | DEBUG | d.t.c.a.a.c.u.util.UserUtilService   : 1 tutors generated. Generate 1 editors...
    23:44:31.627 | 193 Pool-1-worker-86 | DEBUG | d.t.c.a.a.c.u.util.UserUtilService   : 1 editors generated. Generate 1 instructors...
    23:44:31.629 | 193 Pool-1-worker-86 | DEBUG | d.t.c.a.a.c.u.util.UserUtilService   : 1 instructors generated
    23:44:31.631 | 193 Pool-1-worker-86 | DEBUG | d.t.c.a.a.c.u.util.UserUtilService   : Removing 8 users from all courses...
    23:44:31.631 | 193 Pool-1-worker-86 | DEBUG | d.t.c.a.a.c.u.util.UserUtilService   : Removing 8 users from all courses. Done
    23:44:31.631 | 193 Pool-1-worker-86 | DEBUG | d.t.c.a.a.c.u.util.UserUtilService   : Save 4 users to database...
    23:44:31.634 | 193 Pool-1-worker-86 | DEBUG | d.t.c.a.a.c.u.util.UserUtilService   : Save 4 users to database. Done
    23:44:31.649 | 193 Pool-1-worker-86 | INFO  | i.z.t.d.l.EmbeddedDatabaseReporter   : JDBC URL to connect to 'dataSource': url='jdbc:h2:tcp://localhost:41063/mem:df70fc46-7e57-4cb5-9cd0-c1d90c14afa7;USER=sa', scope='EnforceRoleInCourseTest#testAsInstructorOfOtherCourse'
    23:44:31.650 | 193 Pool-1-worker-86 | DEBUG | d.t.c.a.a.c.s.f.ApiVersionFilter     : Adding Version to Request GET /api/test/testEnforceAtLeastInstructorInCourse/1283
    23:44:31.652 | 193 Pool-1-worker-86 | WARN  | o.z.p.spring.common.AdviceTraits     : Forbidden: You are not allowed to access the Course with id 1283

  Starting logs for EnforceRoleInCourseTest > testAsInstructorOfOtherCourse(String, HttpStatus) [9] endpoint=testEnforceRoleInCourseFieldName, expectedStatus=403 FORBIDDEN
    23:44:31.663 | 193 Pool-1-worker-86 | DEBUG | d.t.c.a.a.c.u.util.UserUtilService   : Generate 1 students...
    23:44:31.666 | 193 Pool-1-worker-86 | DEBUG | d.t.c.a.a.c.u.util.UserUtilService   : 1 students generated. Generate 1 tutors...
    23:44:31.668 | 193 Pool-1-worker-86 | DEBUG | d.t.c.a.a.c.u.util.UserUtilService   : 1 tutors generated. Generate 1 editors...
    23:44:31.670 | 193 Pool-1-worker-86 | DEBUG | d.t.c.a.a.c.u.util.UserUtilService   : 1 editors generated. Generate 1 instructors...
    23:44:31.672 | 193 Pool-1-worker-86 | DEBUG | d.t.c.a.a.c.u.util.UserUtilService   : 1 instructors generated
    23:44:31.674 | 193 Pool-1-worker-86 | DEBUG | d.t.c.a.a.c.u.util.UserUtilService   : Removing 8 users from all courses...
    23:44:31.675 | 193 Pool-1-worker-86 | DEBUG | d.t.c.a.a.c.u.util.UserUtilService   : Removing 8 users from all courses. Done
    23:44:31.675 | 193 Pool-1-worker-86 | DEBUG | d.t.c.a.a.c.u.util.UserUtilService   : Save 4 users to database...
    23:44:31.678 | 193 Pool-1-worker-86 | DEBUG | d.t.c.a.a.c.u.util.UserUtilService   : Save 4 users to database. Done
    23:44:31.695 | 193 Pool-1-worker-86 | INFO  | i.z.t.d.l.EmbeddedDatabaseReporter   : JDBC URL to connect to 'dataSource': url='jdbc:h2:tcp://localhost:41063/mem:df70fc46-7e57-4cb5-9cd0-c1d90c14afa7;USER=sa', scope='EnforceRoleInCourseTest#testAsInstructorOfOtherCourse'
    23:44:31.697 | 193 Pool-1-worker-86 | DEBUG | d.t.c.a.a.c.s.f.ApiVersionFilter     : Adding Version to Request GET /api/test/testEnforceRoleInCourseFieldName/1284
    23:44:31.699 | 193 Pool-1-worker-86 | WARN  | o.z.p.spring.common.AdviceTraits     : Forbidden: You are not allowed to access the Course with id 1284

  Starting logs for EnforceRoleInCourseTest > testAsInstructorOfOtherCourse(String, HttpStatus) [10] endpoint=testEnforceAtLeastStudentInCourseFieldName, expectedStatus=403 FORBIDDEN
    23:44:31.713 | 193 Pool-1-worker-86 | DEBUG | d.t.c.a.a.c.u.util.UserUtilService   : Generate 1 students...
    23:44:31.715 | 193 Pool-1-worker-86 | DEBUG | d.t.c.a.a.c.u.util.UserUtilService   : 1 students generated. Generate 1 tutors...
    23:44:31.717 | 193 Pool-1-worker-86 | DEBUG | d.t.c.a.a.c.u.util.UserUtilService   : 1 tutors generated. Generate 1 editors...
    23:44:31.719 | 193 Pool-1-worker-86 | DEBUG | d.t.c.a.a.c.u.util.UserUtilService   : 1 editors generated. Generate 1 instructors...
    23:44:31.721 | 193 Pool-1-worker-86 | DEBUG | d.t.c.a.a.c.u.util.UserUtilService   : 1 instructors generated
    23:44:31.723 | 193 Pool-1-worker-86 | DEBUG | d.t.c.a.a.c.u.util.UserUtilService   : Removing 8 users from all courses...
    23:44:31.723 | 193 Pool-1-worker-86 | DEBUG | d.t.c.a.a.c.u.util.UserUtilService   : Removing 8 users from all courses. Done
    23:44:31.723 | 193 Pool-1-worker-86 | DEBUG | d.t.c.a.a.c.u.util.UserUtilService   : Save 4 users to database...
    23:44:31.726 | 193 Pool-1-worker-86 | DEBUG | d.t.c.a.a.c.u.util.UserUtilService   : Save 4 users to database. Done
    23:44:31.745 | 193 Pool-1-worker-86 | INFO  | i.z.t.d.l.EmbeddedDatabaseReporter   : JDBC URL to connect to 'dataSource': url='jdbc:h2:tcp://localhost:41063/mem:df70fc46-7e57-4cb5-9cd0-c1d90c14afa7;USER=sa', scope='EnforceRoleInCourseTest#testAsInstructorOfOtherCourse'
    23:44:31.746 | 193 Pool-1-worker-86 | DEBUG | d.t.c.a.a.c.s.f.ApiVersionFilter     : Adding Version to Request GET /api/test/testEnforceAtLeastStudentInCourseFieldName/1285
    23:44:31.749 | 193 Pool-1-worker-86 | WARN  | o.z.p.spring.common.AdviceTraits     : Forbidden: You are not allowed to access the Course with id 1285

  Starting logs for EnforceRoleInCourseTest > testAsInstructorOfOtherCourse(String, HttpStatus) [11] endpoint=testEnforceAtLeastTutorInCourseFieldName, expectedStatus=403 FORBIDDEN
    23:44:31.762 | 193 Pool-1-worker-86 | DEBUG | d.t.c.a.a.c.u.util.UserUtilService   : Generate 1 students...
    23:44:31.765 | 193 Pool-1-worker-86 | DEBUG | d.t.c.a.a.c.u.util.UserUtilService   : 1 students generated. Generate 1 tutors...
    23:44:31.768 | 193 Pool-1-worker-86 | DEBUG | d.t.c.a.a.c.u.util.UserUtilService   : 1 tutors generated. Generate 1 editors...
    23:44:31.770 | 193 Pool-1-worker-86 | DEBUG | d.t.c.a.a.c.u.util.UserUtilService   : 1 editors generated. Generate 1 instructors...
    23:44:31.773 | 193 Pool-1-worker-86 | DEBUG | d.t.c.a.a.c.u.util.UserUtilService   : 1 instructors generated
    23:44:31.775 | 193 Pool-1-worker-86 | DEBUG | d.t.c.a.a.c.u.util.UserUtilService   : Removing 8 users from all courses...
    23:44:31.776 | 193 Pool-1-worker-86 | DEBUG | d.t.c.a.a.c.u.util.UserUtilService   : Removing 8 users from all courses. Done
    23:44:31.776 | 193 Pool-1-worker-86 | DEBUG | d.t.c.a.a.c.u.util.UserUtilService   : Save 4 users to database...
    23:44:31.780 | 193 Pool-1-worker-86 | DEBUG | d.t.c.a.a.c.u.util.UserUtilService   : Save 4 users to database. Done
    23:44:31.801 | 193 Pool-1-worker-86 | INFO  | i.z.t.d.l.EmbeddedDatabaseReporter   : JDBC URL to connect to 'dataSource': url='jdbc:h2:tcp://localhost:41063/mem:df70fc46-7e57-4cb5-9cd0-c1d90c14afa7;USER=sa', scope='EnforceRoleInCourseTest#testAsInstructorOfOtherCourse'
    23:44:31.802 | 193 Pool-1-worker-86 | DEBUG | d.t.c.a.a.c.s.f.ApiVersionFilter     : Adding Version to Request GET /api/test/testEnforceAtLeastTutorInCourseFieldName/1286
    23:44:31.805 | 193 Pool-1-worker-86 | WARN  | o.z.p.spring.common.AdviceTraits     : Forbidden: You are not allowed to access the Course with id 1286

  Starting logs for EnforceRoleInCourseTest > testAsInstructorOfOtherCourse(String, HttpStatus) [12] endpoint=testEnforceAtLeastEditorInCourseFieldName, expectedStatus=403 FORBIDDEN
    23:44:31.838 | 193 Pool-1-worker-86 | DEBUG | d.t.c.a.a.c.u.util.UserUtilService   : Generate 1 students...
    23:44:31.843 | 193 Pool-1-worker-86 | DEBUG | d.t.c.a.a.c.u.util.UserUtilService   : 1 students generated. Generate 1 tutors...
    23:44:31.849 | 193 Pool-1-worker-86 | DEBUG | d.t.c.a.a.c.u.util.UserUtilService   : 1 tutors generated. Generate 1 editors...
    23:44:31.852 | 193 Pool-1-worker-86 | DEBUG | d.t.c.a.a.c.u.util.UserUtilService   : 1 editors generated. Generate 1 instructors...
    23:44:31.857 | 193 Pool-1-worker-86 | DEBUG | d.t.c.a.a.c.u.util.UserUtilService   : 1 instructors generated
    23:44:31.862 | 193 Pool-1-worker-86 | DEBUG | d.t.c.a.a.c.u.util.UserUtilService   : Removing 8 users from all courses...
    23:44:31.863 | 193 Pool-1-worker-86 | DEBUG | d.t.c.a.a.c.u.util.UserUtilService   : Removing 8 users from all courses. Done
    23:44:31.863 | 193 Pool-1-worker-86 | DEBUG | d.t.c.a.a.c.u.util.UserUtilService   : Save 4 users to database...
    23:44:31.873 | 193 Pool-1-worker-86 | DEBUG | d.t.c.a.a.c.u.util.UserUtilService   : Save 4 users to database. Done
    23:44:31.900 | 193 Pool-1-worker-86 | INFO  | i.z.t.d.l.EmbeddedDatabaseReporter   : JDBC URL to connect to 'dataSource': url='jdbc:h2:tcp://localhost:41063/mem:df70fc46-7e57-4cb5-9cd0-c1d90c14afa7;USER=sa', scope='EnforceRoleInCourseTest#testAsInstructorOfOtherCourse'
    23:44:31.901 | 193 Pool-1-worker-86 | DEBUG | d.t.c.a.a.c.s.f.ApiVersionFilter     : Adding Version to Request GET /api/test/testEnforceAtLeastEditorInCourseFieldName/1287
    23:44:31.904 | 193 Pool-1-worker-86 | WARN  | o.z.p.spring.common.AdviceTraits     : Forbidden: You are not allowed to access the Course with id 1287

  Starting logs for EnforceRoleInCourseTest > testAsInstructorOfOtherCourse(String, HttpStatus) [13] endpoint=testEnforceAtLeastInstructorInCourseFieldName, expectedStatus=403 FORBIDDEN
    23:44:31.920 | 193 Pool-1-worker-86 | DEBUG | d.t.c.a.a.c.u.util.UserUtilService   : Generate 1 students...
    23:44:31.923 | 193 Pool-1-worker-86 | DEBUG | d.t.c.a.a.c.u.util.UserUtilService   : 1 students generated. Generate 1 tutors...
    23:44:31.925 | 193 Pool-1-worker-86 | DEBUG | d.t.c.a.a.c.u.util.UserUtilService   : 1 tutors generated. Generate 1 editors...
    23:44:31.927 | 193 Pool-1-worker-86 | DEBUG | d.t.c.a.a.c.u.util.UserUtilService   : 1 editors generated. Generate 1 instructors...
    23:44:31.929 | 193 Pool-1-worker-86 | DEBUG | d.t.c.a.a.c.u.util.UserUtilService   : 1 instructors generated
    23:44:31.931 | 193 Pool-1-worker-86 | DEBUG | d.t.c.a.a.c.u.util.UserUtilService   : Removing 8 users from all courses...
    23:44:31.932 | 193 Pool-1-worker-86 | DEBUG | d.t.c.a.a.c.u.util.UserUtilService   : Removing 8 users from all courses. Done
    23:44:31.932 | 193 Pool-1-worker-86 | DEBUG | d.t.c.a.a.c.u.util.UserUtilService   : Save 4 users to database...
    23:44:31.934 | 193 Pool-1-worker-86 | DEBUG | d.t.c.a.a.c.u.util.UserUtilService   : Save 4 users to database. Done
    23:44:31.953 | 193 Pool-1-worker-86 | INFO  | i.z.t.d.l.EmbeddedDatabaseReporter   : JDBC URL to connect to 'dataSource': url='jdbc:h2:tcp://localhost:41063/mem:df70fc46-7e57-4cb5-9cd0-c1d90c14afa7;USER=sa', scope='EnforceRoleInCourseTest#testAsInstructorOfOtherCourse'
    23:44:31.954 | 193 Pool-1-worker-86 | DEBUG | d.t.c.a.a.c.s.f.ApiVersionFilter     : Adding Version to Request GET /api/test/testEnforceAtLeastInstructorInCourseFieldName/1288
    23:44:31.957 | 193 Pool-1-worker-86 | WARN  | o.z.p.spring.common.AdviceTraits     : Forbidden: You are not allowed to access the Course with id 1288

  Starting logs for EnforceRoleInCourseTest > testAsAdmin(String, HttpStatus) [1] endpoint=testEnforceAtLeastStudentInCourseExplicit, expectedStatus=200 OK
    23:44:31.973 | 193 Pool-1-worker-86 | DEBUG | d.t.c.a.a.c.u.util.UserUtilService   : Generate 1 students...
    23:44:31.976 | 193 Pool-1-worker-86 | DEBUG | d.t.c.a.a.c.u.util.UserUtilService   : 1 students generated. Generate 1 tutors...
    23:44:31.979 | 193 Pool-1-worker-86 | DEBUG | d.t.c.a.a.c.u.util.UserUtilService   : 1 tutors generated. Generate 1 editors...
    23:44:31.981 | 193 Pool-1-worker-86 | DEBUG | d.t.c.a.a.c.u.util.UserUtilService   : 1 editors generated. Generate 1 instructors...
    23:44:31.984 | 193 Pool-1-worker-86 | DEBUG | d.t.c.a.a.c.u.util.UserUtilService   : 1 instructors generated
    23:44:31.986 | 193 Pool-1-worker-86 | DEBUG | d.t.c.a.a.c.u.util.UserUtilService   : Removing 8 users from all courses...
    23:44:31.987 | 193 Pool-1-worker-86 | DEBUG | d.t.c.a.a.c.u.util.UserUtilService   : Removing 8 users from all courses. Done
    23:44:31.987 | 193 Pool-1-worker-86 | DEBUG | d.t.c.a.a.c.u.util.UserUtilService   : Save 4 users to database...
    23:44:31.991 | 193 Pool-1-worker-86 | DEBUG | d.t.c.a.a.c.u.util.UserUtilService   : Save 4 users to database. Done
    23:44:32.011 | 193 Pool-1-worker-86 | INFO  | i.z.t.d.l.EmbeddedDatabaseReporter   : JDBC URL to connect to 'dataSource': url='jdbc:h2:tcp://localhost:41063/mem:df70fc46-7e57-4cb5-9cd0-c1d90c14afa7;USER=sa', scope='EnforceRoleInCourseTest#testAsAdmin'
    23:44:32.012 | 193 Pool-1-worker-86 | DEBUG | d.t.c.a.a.c.s.f.ApiVersionFilter     : Adding Version to Request GET /api/test/testEnforceAtLeastStudentInCourseExplicit/1289

  Starting logs for EnforceRoleInCourseTest > testAsAdmin(String, HttpStatus) [2] endpoint=testEnforceAtLeastStudentInCourse, expectedStatus=200 OK
    23:44:32.029 | 193 Pool-1-worker-86 | DEBUG | d.t.c.a.a.c.u.util.UserUtilService   : Generate 1 students...
    23:44:32.032 | 193 Pool-1-worker-86 | DEBUG | d.t.c.a.a.c.u.util.UserUtilService   : 1 students generated. Generate 1 tutors...
    23:44:32.035 | 193 Pool-1-worker-86 | DEBUG | d.t.c.a.a.c.u.util.UserUtilService   : 1 tutors generated. Generate 1 editors...
    23:44:32.037 | 193 Pool-1-worker-86 | DEBUG | d.t.c.a.a.c.u.util.UserUtilService   : 1 editors generated. Generate 1 instructors...
    23:44:32.040 | 193 Pool-1-worker-86 | DEBUG | d.t.c.a.a.c.u.util.UserUtilService   : 1 instructors generated
    23:44:32.042 | 193 Pool-1-worker-86 | DEBUG | d.t.c.a.a.c.u.util.UserUtilService   : Removing 8 users from all courses...
    23:44:32.043 | 193 Pool-1-worker-86 | DEBUG | d.t.c.a.a.c.u.util.UserUtilService   : Removing 8 users from all courses. Done
    23:44:32.043 | 193 Pool-1-worker-86 | DEBUG | d.t.c.a.a.c.u.util.UserUtilService   : Save 4 users to database...
    23:44:32.047 | 193 Pool-1-worker-86 | DEBUG | d.t.c.a.a.c.u.util.UserUtilService   : Save 4 users to database. Done
    23:44:32.066 | 193 Pool-1-worker-86 | INFO  | i.z.t.d.l.EmbeddedDatabaseReporter   : JDBC URL to connect to 'dataSource': url='jdbc:h2:tcp://localhost:41063/mem:df70fc46-7e57-4cb5-9cd0-c1d90c14afa7;USER=sa', scope='EnforceRoleInCourseTest#testAsAdmin'
    23:44:32.068 | 193 Pool-1-worker-86 | DEBUG | d.t.c.a.a.c.s.f.ApiVersionFilter     : Adding Version to Request GET /api/test/testEnforceAtLeastStudentInCourse/1290

  Starting logs for EnforceRoleInCourseTest > testAsAdmin(String, HttpStatus) [3] endpoint=testEnforceAtLeastTutorInCourseExplicit, expectedStatus=200 OK
    23:44:32.084 | 193 Pool-1-worker-86 | DEBUG | d.t.c.a.a.c.u.util.UserUtilService   : Generate 1 students...
    23:44:32.087 | 193 Pool-1-worker-86 | DEBUG | d.t.c.a.a.c.u.util.UserUtilService   : 1 students generated. Generate 1 tutors...
    23:44:32.090 | 193 Pool-1-worker-86 | DEBUG | d.t.c.a.a.c.u.util.UserUtilService   : 1 tutors generated. Generate 1 editors...
    23:44:32.092 | 193 Pool-1-worker-86 | DEBUG | d.t.c.a.a.c.u.util.UserUtilService   : 1 editors generated. Generate 1 instructors...
    23:44:32.095 | 193 Pool-1-worker-86 | DEBUG | d.t.c.a.a.c.u.util.UserUtilService   : 1 instructors generated
    23:44:32.097 | 193 Pool-1-worker-86 | DEBUG | d.t.c.a.a.c.u.util.UserUtilService   : Removing 8 users from all courses...
    23:44:32.098 | 193 Pool-1-worker-86 | DEBUG | d.t.c.a.a.c.u.util.UserUtilService   : Removing 8 users from all courses. Done
    23:44:32.098 | 193 Pool-1-worker-86 | DEBUG | d.t.c.a.a.c.u.util.UserUtilService   : Save 4 users to database...
    23:44:32.102 | 193 Pool-1-worker-86 | DEBUG | d.t.c.a.a.c.u.util.UserUtilService   : Save 4 users to database. Done
    23:44:32.122 | 193 Pool-1-worker-86 | INFO  | i.z.t.d.l.EmbeddedDatabaseReporter   : JDBC URL to connect to 'dataSource': url='jdbc:h2:tcp://localhost:41063/mem:df70fc46-7e57-4cb5-9cd0-c1d90c14afa7;USER=sa', scope='EnforceRoleInCourseTest#testAsAdmin'
    23:44:32.124 | 193 Pool-1-worker-86 | DEBUG | d.t.c.a.a.c.s.f.ApiVersionFilter     : Adding Version to Request GET /api/test/testEnforceAtLeastTutorInCourseExplicit/1291

  Starting logs for EnforceRoleInCourseTest > testAsAdmin(String, HttpStatus) [4] endpoint=testEnforceAtLeastTutorInCourse, expectedStatus=200 OK
    23:44:32.140 | 193 Pool-1-worker-86 | DEBUG | d.t.c.a.a.c.u.util.UserUtilService   : Generate 1 students...
    23:44:32.143 | 193 Pool-1-worker-86 | DEBUG | d.t.c.a.a.c.u.util.UserUtilService   : 1 students generated. Generate 1 tutors...
    23:44:32.146 | 193 Pool-1-worker-86 | DEBUG | d.t.c.a.a.c.u.util.UserUtilService   : 1 tutors generated. Generate 1 editors...
    23:44:32.148 | 193 Pool-1-worker-86 | DEBUG | d.t.c.a.a.c.u.util.UserUtilService   : 1 editors generated. Generate 1 instructors...
    23:44:32.151 | 193 Pool-1-worker-86 | DEBUG | d.t.c.a.a.c.u.util.UserUtilService   : 1 instructors generated
    23:44:32.153 | 193 Pool-1-worker-86 | DEBUG | d.t.c.a.a.c.u.util.UserUtilService   : Removing 8 users from all courses...
    23:44:32.154 | 193 Pool-1-worker-86 | DEBUG | d.t.c.a.a.c.u.util.UserUtilService   : Removing 8 users from all courses. Done
    23:44:32.154 | 193 Pool-1-worker-86 | DEBUG | d.t.c.a.a.c.u.util.UserUtilService   : Save 4 users to database...
    23:44:32.158 | 193 Pool-1-worker-86 | DEBUG | d.t.c.a.a.c.u.util.UserUtilService   : Save 4 users to database. Done
    23:44:32.178 | 193 Pool-1-worker-86 | INFO  | i.z.t.d.l.EmbeddedDatabaseReporter   : JDBC URL to connect to 'dataSource': url='jdbc:h2:tcp://localhost:41063/mem:df70fc46-7e57-4cb5-9cd0-c1d90c14afa7;USER=sa', scope='EnforceRoleInCourseTest#testAsAdmin'
    23:44:32.180 | 193 Pool-1-worker-86 | DEBUG | d.t.c.a.a.c.s.f.ApiVersionFilter     : Adding Version to Request GET /api/test/testEnforceAtLeastTutorInCourse/1292

  Starting logs for EnforceRoleInCourseTest > testAsAdmin(String, HttpStatus) [5] endpoint=testEnforceAtLeastEditorInCourseExplicit, expectedStatus=200 OK
    23:44:32.197 | 193 Pool-1-worker-86 | DEBUG | d.t.c.a.a.c.u.util.UserUtilService   : Generate 1 students...
    23:44:32.200 | 193 Pool-1-worker-86 | DEBUG | d.t.c.a.a.c.u.util.UserUtilService   : 1 students generated. Generate 1 tutors...
    23:44:32.203 | 193 Pool-1-worker-86 | DEBUG | d.t.c.a.a.c.u.util.UserUtilService   : 1 tutors generated. Generate 1 editors...
    23:44:32.205 | 193 Pool-1-worker-86 | DEBUG | d.t.c.a.a.c.u.util.UserUtilService   : 1 editors generated. Generate 1 instructors...
    23:44:32.208 | 193 Pool-1-worker-86 | DEBUG | d.t.c.a.a.c.u.util.UserUtilService   : 1 instructors generated
    23:44:32.210 | 193 Pool-1-worker-86 | DEBUG | d.t.c.a.a.c.u.util.UserUtilService   : Removing 8 users from all courses...
    23:44:32.211 | 193 Pool-1-worker-86 | DEBUG | d.t.c.a.a.c.u.util.UserUtilService   : Removing 8 users from all courses. Done
    23:44:32.211 | 193 Pool-1-worker-86 | DEBUG | d.t.c.a.a.c.u.util.UserUtilService   : Save 4 users to database...
    23:44:32.213 | 193 Pool-1-worker-86 | DEBUG | d.t.c.a.a.c.u.util.UserUtilService   : Save 4 users to database. Done
    23:44:32.229 | 193 Pool-1-worker-86 | INFO  | i.z.t.d.l.EmbeddedDatabaseReporter   : JDBC URL to connect to 'dataSource': url='jdbc:h2:tcp://localhost:41063/mem:df70fc46-7e57-4cb5-9cd0-c1d90c14afa7;USER=sa', scope='EnforceRoleInCourseTest#testAsAdmin'
    23:44:32.230 | 193 Pool-1-worker-86 | DEBUG | d.t.c.a.a.c.s.f.ApiVersionFilter     : Adding Version to Request GET /api/test/testEnforceAtLeastEditorInCourseExplicit/1293

  Starting logs for EnforceRoleInCourseTest > testAsAdmin(String, HttpStatus) [6] endpoint=testEnforceAtLeastEditorInCourse, expectedStatus=200 OK
    23:44:32.243 | 193 Pool-1-worker-86 | DEBUG | d.t.c.a.a.c.u.util.UserUtilService   : Generate 1 students...
    23:44:32.245 | 193 Pool-1-worker-86 | DEBUG | d.t.c.a.a.c.u.util.UserUtilService   : 1 students generated. Generate 1 tutors...
    23:44:32.247 | 193 Pool-1-worker-86 | DEBUG | d.t.c.a.a.c.u.util.UserUtilService   : 1 tutors generated. Generate 1 editors...
    23:44:32.250 | 193 Pool-1-worker-86 | DEBUG | d.t.c.a.a.c.u.util.UserUtilService   : 1 editors generated. Generate 1 instructors...
    23:44:32.252 | 193 Pool-1-worker-86 | DEBUG | d.t.c.a.a.c.u.util.UserUtilService   : 1 instructors generated
    23:44:32.253 | 193 Pool-1-worker-86 | DEBUG | d.t.c.a.a.c.u.util.UserUtilService   : Removing 8 users from all courses...
    23:44:32.254 | 193 Pool-1-worker-86 | DEBUG | d.t.c.a.a.c.u.util.UserUtilService   : Removing 8 users from all courses. Done
    23:44:32.254 | 193 Pool-1-worker-86 | DEBUG | d.t.c.a.a.c.u.util.UserUtilService   : Save 4 users to database...
    23:44:32.257 | 193 Pool-1-worker-86 | DEBUG | d.t.c.a.a.c.u.util.UserUtilService   : Save 4 users to database. Done
    23:44:32.271 | 193 Pool-1-worker-86 | INFO  | i.z.t.d.l.EmbeddedDatabaseReporter   : JDBC URL to connect to 'dataSource': url='jdbc:h2:tcp://localhost:41063/mem:df70fc46-7e57-4cb5-9cd0-c1d90c14afa7;USER=sa', scope='EnforceRoleInCourseTest#testAsAdmin'
    23:44:32.272 | 193 Pool-1-worker-86 | DEBUG | d.t.c.a.a.c.s.f.ApiVersionFilter     : Adding Version to Request GET /api/test/testEnforceAtLeastEditorInCourse/1294

  Starting logs for EnforceRoleInCourseTest > testAsAdmin(String, HttpStatus) [7] endpoint=testEnforceAtLeastInstructorInCourseExplicit, expectedStatus=200 OK
    23:44:32.286 | 193 Pool-1-worker-86 | DEBUG | d.t.c.a.a.c.u.util.UserUtilService   : Generate 1 students...
    23:44:32.288 | 193 Pool-1-worker-86 | DEBUG | d.t.c.a.a.c.u.util.UserUtilService   : 1 students generated. Generate 1 tutors...
    23:44:32.290 | 193 Pool-1-worker-86 | DEBUG | d.t.c.a.a.c.u.util.UserUtilService   : 1 tutors generated. Generate 1 editors...
    23:44:32.292 | 193 Pool-1-worker-86 | DEBUG | d.t.c.a.a.c.u.util.UserUtilService   : 1 editors generated. Generate 1 instructors...
    23:44:32.295 | 193 Pool-1-worker-86 | DEBUG | d.t.c.a.a.c.u.util.UserUtilService   : 1 instructors generated
    23:44:32.296 | 193 Pool-1-worker-86 | DEBUG | d.t.c.a.a.c.u.util.UserUtilService   : Removing 8 users from all courses...
    23:44:32.297 | 193 Pool-1-worker-86 | DEBUG | d.t.c.a.a.c.u.util.UserUtilService   : Removing 8 users from all courses. Done
    23:44:32.297 | 193 Pool-1-worker-86 | DEBUG | d.t.c.a.a.c.u.util.UserUtilService   : Save 4 users to database...
    23:44:32.299 | 193 Pool-1-worker-86 | DEBUG | d.t.c.a.a.c.u.util.UserUtilService   : Save 4 users to database. Done
    23:44:32.314 | 193 Pool-1-worker-86 | INFO  | i.z.t.d.l.EmbeddedDatabaseReporter   : JDBC URL to connect to 'dataSource': url='jdbc:h2:tcp://localhost:41063/mem:df70fc46-7e57-4cb5-9cd0-c1d90c14afa7;USER=sa', scope='EnforceRoleInCourseTest#testAsAdmin'
    23:44:32.315 | 193 Pool-1-worker-86 | DEBUG | d.t.c.a.a.c.s.f.ApiVersionFilter     : Adding Version to Request GET /api/test/testEnforceAtLeastInstructorInCourseExplicit/1295

  Starting logs for EnforceRoleInCourseTest > testAsAdmin(String, HttpStatus) [8] endpoint=testEnforceAtLeastInstructorInCourse, expectedStatus=200 OK
    23:44:32.331 | 193 Pool-1-worker-86 | DEBUG | d.t.c.a.a.c.u.util.UserUtilService   : Generate 1 students...
    23:44:32.334 | 193 Pool-1-worker-86 | DEBUG | d.t.c.a.a.c.u.util.UserUtilService   : 1 students generated. Generate 1 tutors...
    23:44:32.336 | 193 Pool-1-worker-86 | DEBUG | d.t.c.a.a.c.u.util.UserUtilService   : 1 tutors generated. Generate 1 editors...
    23:44:32.339 | 193 Pool-1-worker-86 | DEBUG | d.t.c.a.a.c.u.util.UserUtilService   : 1 editors generated. Generate 1 instructors...
    23:44:32.342 | 193 Pool-1-worker-86 | DEBUG | d.t.c.a.a.c.u.util.UserUtilService   : 1 instructors generated
    23:44:32.344 | 193 Pool-1-worker-86 | DEBUG | d.t.c.a.a.c.u.util.UserUtilService   : Removing 8 users from all courses...
    23:44:32.345 | 193 Pool-1-worker-86 | DEBUG | d.t.c.a.a.c.u.util.UserUtilService   : Removing 8 users from all courses. Done
    23:44:32.345 | 193 Pool-1-worker-86 | DEBUG | d.t.c.a.a.c.u.util.UserUtilService   : Save 4 users to database...
    23:44:32.348 | 193 Pool-1-worker-86 | DEBUG | d.t.c.a.a.c.u.util.UserUtilService   : Save 4 users to database. Done
    23:44:32.408 | 193 Pool-1-worker-86 | INFO  | i.z.t.d.l.EmbeddedDatabaseReporter   : JDBC URL to connect to 'dataSource': url='jdbc:h2:tcp://localhost:41063/mem:df70fc46-7e57-4cb5-9cd0-c1d90c14afa7;USER=sa', scope='EnforceRoleInCourseTest#testAsAdmin'
    23:44:32.410 | 193 Pool-1-worker-86 | DEBUG | d.t.c.a.a.c.s.f.ApiVersionFilter     : Adding Version to Request GET /api/test/testEnforceAtLeastInstructorInCourse/1296

  Starting logs for EnforceRoleInCourseTest > testAsAdmin(String, HttpStatus) [9] endpoint=testEnforceRoleInCourseFieldName, expectedStatus=200 OK
    23:44:32.434 | 193 Pool-1-worker-86 | DEBUG | d.t.c.a.a.c.u.util.UserUtilService   : Generate 1 students...
    23:44:32.437 | 193 Pool-1-worker-86 | DEBUG | d.t.c.a.a.c.u.util.UserUtilService   : 1 students generated. Generate 1 tutors...
    23:44:32.440 | 193 Pool-1-worker-86 | DEBUG | d.t.c.a.a.c.u.util.UserUtilService   : 1 tutors generated. Generate 1 editors...
    23:44:32.443 | 193 Pool-1-worker-86 | DEBUG | d.t.c.a.a.c.u.util.UserUtilService   : 1 editors generated. Generate 1 instructors...
    23:44:32.446 | 193 Pool-1-worker-86 | DEBUG | d.t.c.a.a.c.u.util.UserUtilService   : 1 instructors generated
    23:44:32.448 | 193 Pool-1-worker-86 | DEBUG | d.t.c.a.a.c.u.util.UserUtilService   : Removing 8 users from all courses...
    23:44:32.450 | 193 Pool-1-worker-86 | DEBUG | d.t.c.a.a.c.u.util.UserUtilService   : Removing 8 users from all courses. Done
    23:44:32.450 | 193 Pool-1-worker-86 | DEBUG | d.t.c.a.a.c.u.util.UserUtilService   : Save 4 users to database...
    23:44:32.454 | 193 Pool-1-worker-86 | DEBUG | d.t.c.a.a.c.u.util.UserUtilService   : Save 4 users to database. Done
    23:44:32.477 | 193 Pool-1-worker-86 | INFO  | i.z.t.d.l.EmbeddedDatabaseReporter   : JDBC URL to connect to 'dataSource': url='jdbc:h2:tcp://localhost:41063/mem:df70fc46-7e57-4cb5-9cd0-c1d90c14afa7;USER=sa', scope='EnforceRoleInCourseTest#testAsAdmin'
    23:44:32.479 | 193 Pool-1-worker-86 | DEBUG | d.t.c.a.a.c.s.f.ApiVersionFilter     : Adding Version to Request GET /api/test/testEnforceRoleInCourseFieldName/1297

  Starting logs for EnforceRoleInCourseTest > testAsAdmin(String, HttpStatus) [10] endpoint=testEnforceAtLeastStudentInCourseFieldName, expectedStatus=200 OK
    23:44:32.495 | 193 Pool-1-worker-86 | DEBUG | d.t.c.a.a.c.u.util.UserUtilService   : Generate 1 students...
    23:44:32.499 | 193 Pool-1-worker-86 | DEBUG | d.t.c.a.a.c.u.util.UserUtilService   : 1 students generated. Generate 1 tutors...
    23:44:32.501 | 193 Pool-1-worker-86 | DEBUG | d.t.c.a.a.c.u.util.UserUtilService   : 1 tutors generated. Generate 1 editors...
    23:44:32.504 | 193 Pool-1-worker-86 | DEBUG | d.t.c.a.a.c.u.util.UserUtilService   : 1 editors generated. Generate 1 instructors...
    23:44:32.507 | 193 Pool-1-worker-86 | DEBUG | d.t.c.a.a.c.u.util.UserUtilService   : 1 instructors generated
    23:44:32.509 | 193 Pool-1-worker-86 | DEBUG | d.t.c.a.a.c.u.util.UserUtilService   : Removing 8 users from all courses...
    23:44:32.510 | 193 Pool-1-worker-86 | DEBUG | d.t.c.a.a.c.u.util.UserUtilService   : Removing 8 users from all courses. Done
    23:44:32.510 | 193 Pool-1-worker-86 | DEBUG | d.t.c.a.a.c.u.util.UserUtilService   : Save 4 users to database...
    23:44:32.513 | 193 Pool-1-worker-86 | DEBUG | d.t.c.a.a.c.u.util.UserUtilService   : Save 4 users to database. Done
    23:44:32.536 | 193 Pool-1-worker-86 | INFO  | i.z.t.d.l.EmbeddedDatabaseReporter   : JDBC URL to connect to 'dataSource': url='jdbc:h2:tcp://localhost:41063/mem:df70fc46-7e57-4cb5-9cd0-c1d90c14afa7;USER=sa', scope='EnforceRoleInCourseTest#testAsAdmin'
    23:44:32.537 | 193 Pool-1-worker-86 | DEBUG | d.t.c.a.a.c.s.f.ApiVersionFilter     : Adding Version to Request GET /api/test/testEnforceAtLeastStudentInCourseFieldName/1298

  Starting logs for EnforceRoleInCourseTest > testAsAdmin(String, HttpStatus) [11] endpoint=testEnforceAtLeastTutorInCourseFieldName, expectedStatus=200 OK
    23:44:32.556 | 193 Pool-1-worker-86 | DEBUG | d.t.c.a.a.c.u.util.UserUtilService   : Generate 1 students...
    23:44:32.559 | 193 Pool-1-worker-86 | DEBUG | d.t.c.a.a.c.u.util.UserUtilService   : 1 students generated. Generate 1 tutors...
    23:44:32.562 | 193 Pool-1-worker-86 | DEBUG | d.t.c.a.a.c.u.util.UserUtilService   : 1 tutors generated. Generate 1 editors...
    23:44:32.564 | 193 Pool-1-worker-86 | DEBUG | d.t.c.a.a.c.u.util.UserUtilService   : 1 editors generated. Generate 1 instructors...
    23:44:32.567 | 193 Pool-1-worker-86 | DEBUG | d.t.c.a.a.c.u.util.UserUtilService   : 1 instructors generated
    23:44:32.569 | 193 Pool-1-worker-86 | DEBUG | d.t.c.a.a.c.u.util.UserUtilService   : Removing 8 users from all courses...
    23:44:32.570 | 193 Pool-1-worker-86 | DEBUG | d.t.c.a.a.c.u.util.UserUtilService   : Removing 8 users from all courses. Done
    23:44:32.570 | 193 Pool-1-worker-86 | DEBUG | d.t.c.a.a.c.u.util.UserUtilService   : Save 4 users to database...
    23:44:32.574 | 193 Pool-1-worker-86 | DEBUG | d.t.c.a.a.c.u.util.UserUtilService   : Save 4 users to database. Done
    23:44:32.595 | 193 Pool-1-worker-86 | INFO  | i.z.t.d.l.EmbeddedDatabaseReporter   : JDBC URL to connect to 'dataSource': url='jdbc:h2:tcp://localhost:41063/mem:df70fc46-7e57-4cb5-9cd0-c1d90c14afa7;USER=sa', scope='EnforceRoleInCourseTest#testAsAdmin'
    23:44:32.597 | 193 Pool-1-worker-86 | DEBUG | d.t.c.a.a.c.s.f.ApiVersionFilter     : Adding Version to Request GET /api/test/testEnforceAtLeastTutorInCourseFieldName/1299

  Starting logs for EnforceRoleInCourseTest > testAsAdmin(String, HttpStatus) [12] endpoint=testEnforceAtLeastEditorInCourseFieldName, expectedStatus=200 OK
    23:44:32.628 | 193 Pool-1-worker-86 | DEBUG | d.t.c.a.a.c.u.util.UserUtilService   : Generate 1 students...
    23:44:32.634 | 193 Pool-1-worker-86 | DEBUG | d.t.c.a.a.c.u.util.UserUtilService   : 1 students generated. Generate 1 tutors...
    23:44:32.640 | 193 Pool-1-worker-86 | DEBUG | d.t.c.a.a.c.u.util.UserUtilService   : 1 tutors generated. Generate 1 editors...
    23:44:32.646 | 193 Pool-1-worker-86 | DEBUG | d.t.c.a.a.c.u.util.UserUtilService   : 1 editors generated. Generate 1 instructors...
    23:44:32.652 | 193 Pool-1-worker-86 | DEBUG | d.t.c.a.a.c.u.util.UserUtilService   : 1 instructors generated
    23:44:32.653 | 193 Pool-1-worker-86 | DEBUG | d.t.c.a.a.c.u.util.UserUtilService   : Removing 8 users from all courses...
    23:44:32.658 | 193 Pool-1-worker-86 | DEBUG | d.t.c.a.a.c.u.util.UserUtilService   : Removing 8 users from all courses. Done
    23:44:32.658 | 193 Pool-1-worker-86 | DEBUG | d.t.c.a.a.c.u.util.UserUtilService   : Save 4 users to database...
    23:44:32.663 | 193 Pool-1-worker-86 | DEBUG | d.t.c.a.a.c.u.util.UserUtilService   : Save 4 users to database. Done
    23:44:32.713 | 193 Pool-1-worker-86 | INFO  | i.z.t.d.l.EmbeddedDatabaseReporter   : JDBC URL to connect to 'dataSource': url='jdbc:h2:tcp://localhost:41063/mem:df70fc46-7e57-4cb5-9cd0-c1d90c14afa7;USER=sa', scope='EnforceRoleInCourseTest#testAsAdmin'
    23:44:32.715 | 193 Pool-1-worker-86 | DEBUG | d.t.c.a.a.c.s.f.ApiVersionFilter     : Adding Version to Request GET /api/test/testEnforceAtLeastEditorInCourseFieldName/1300

  Starting logs for EnforceRoleInCourseTest > testAsAdmin(String, HttpStatus) [13] endpoint=testEnforceAtLeastInstructorInCourseFieldName, expectedStatus=200 OK
    23:44:32.750 | 193 Pool-1-worker-86 | DEBUG | d.t.c.a.a.c.u.util.UserUtilService   : Generate 1 students...
    23:44:32.756 | 193 Pool-1-worker-86 | DEBUG | d.t.c.a.a.c.u.util.UserUtilService   : 1 students generated. Generate 1 tutors...
    23:44:32.762 | 193 Pool-1-worker-86 | DEBUG | d.t.c.a.a.c.u.util.UserUtilService   : 1 tutors generated. Generate 1 editors...
    23:44:32.767 | 193 Pool-1-worker-86 | DEBUG | d.t.c.a.a.c.u.util.UserUtilService   : 1 editors generated. Generate 1 instructors...
    23:44:32.773 | 193 Pool-1-worker-86 | DEBUG | d.t.c.a.a.c.u.util.UserUtilService   : 1 instructors generated
    23:44:32.775 | 193 Pool-1-worker-86 | DEBUG | d.t.c.a.a.c.u.util.UserUtilService   : Removing 8 users from all courses...
    23:44:32.779 | 193 Pool-1-worker-86 | DEBUG | d.t.c.a.a.c.u.util.UserUtilService   : Removing 8 users from all courses. Done
    23:44:32.779 | 193 Pool-1-worker-86 | DEBUG | d.t.c.a.a.c.u.util.UserUtilService   : Save 4 users to database...
    23:44:32.790 | 193 Pool-1-worker-86 | DEBUG | d.t.c.a.a.c.u.util.UserUtilService   : Save 4 users to database. Done
    23:44:32.837 | 193 Pool-1-worker-86 | INFO  | i.z.t.d.l.EmbeddedDatabaseReporter   : JDBC URL to connect to 'dataSource': url='jdbc:h2:tcp://localhost:41063/mem:df70fc46-7e57-4cb5-9cd0-c1d90c14afa7;USER=sa', scope='EnforceRoleInCourseTest#testAsAdmin'
    23:44:32.838 | 193 Pool-1-worker-86 | DEBUG | d.t.c.a.a.c.s.f.ApiVersionFilter     : Adding Version to Request GET /api/test/testEnforceAtLeastInstructorInCourseFieldName/1301

  Starting logs for EnforceRoleInCourseTest > testAsStudentOfOther(String, HttpStatus) [1] endpoint=testEnforceAtLeastStudentInCourseExplicit, expectedStatus=403 FORBIDDEN
    23:44:32.875 | 193 Pool-1-worker-86 | DEBUG | d.t.c.a.a.c.u.util.UserUtilService   : Generate 1 students...
    23:44:32.878 | 193 Pool-1-worker-86 | DEBUG | d.t.c.a.a.c.u.util.UserUtilService   : 1 students generated. Generate 1 tutors...
    23:44:32.881 | 193 Pool-1-worker-86 | DEBUG | d.t.c.a.a.c.u.util.UserUtilService   : 1 tutors generated. Generate 1 editors...
    23:44:32.884 | 193 Pool-1-worker-86 | DEBUG | d.t.c.a.a.c.u.util.UserUtilService   : 1 editors generated. Generate 1 instructors...
    23:44:32.887 | 193 Pool-1-worker-86 | DEBUG | d.t.c.a.a.c.u.util.UserUtilService   : 1 instructors generated
    23:44:32.889 | 193 Pool-1-worker-86 | DEBUG | d.t.c.a.a.c.u.util.UserUtilService   : Removing 8 users from all courses...
    23:44:32.890 | 193 Pool-1-worker-86 | DEBUG | d.t.c.a.a.c.u.util.UserUtilService   : Removing 8 users from all courses. Done
    23:44:32.890 | 193 Pool-1-worker-86 | DEBUG | d.t.c.a.a.c.u.util.UserUtilService   : Save 4 users to database...
    23:44:32.893 | 193 Pool-1-worker-86 | DEBUG | d.t.c.a.a.c.u.util.UserUtilService   : Save 4 users to database. Done
    23:44:32.916 | 193 Pool-1-worker-86 | INFO  | i.z.t.d.l.EmbeddedDatabaseReporter   : JDBC URL to connect to 'dataSource': url='jdbc:h2:tcp://localhost:41063/mem:df70fc46-7e57-4cb5-9cd0-c1d90c14afa7;USER=sa', scope='EnforceRoleInCourseTest#testAsStudentOfOther'
    23:44:32.918 | 193 Pool-1-worker-86 | DEBUG | d.t.c.a.a.c.s.f.ApiVersionFilter     : Adding Version to Request GET /api/test/testEnforceAtLeastStudentInCourseExplicit/1302
    23:44:32.920 | 193 Pool-1-worker-86 | WARN  | o.z.p.spring.common.AdviceTraits     : Forbidden: You are not allowed to access the Course with id 1302

  Starting logs for EnforceRoleInCourseTest > testAsStudentOfOther(String, HttpStatus) [2] endpoint=testEnforceAtLeastStudentInCourse, expectedStatus=403 FORBIDDEN
    23:44:32.938 | 193 Pool-1-worker-86 | DEBUG | d.t.c.a.a.c.u.util.UserUtilService   : Generate 1 students...
    23:44:32.941 | 193 Pool-1-worker-86 | DEBUG | d.t.c.a.a.c.u.util.UserUtilService   : 1 students generated. Generate 1 tutors...
    23:44:32.944 | 193 Pool-1-worker-86 | DEBUG | d.t.c.a.a.c.u.util.UserUtilService   : 1 tutors generated. Generate 1 editors...
    23:44:32.947 | 193 Pool-1-worker-86 | DEBUG | d.t.c.a.a.c.u.util.UserUtilService   : 1 editors generated. Generate 1 instructors...
    23:44:32.950 | 193 Pool-1-worker-86 | DEBUG | d.t.c.a.a.c.u.util.UserUtilService   : 1 instructors generated
    23:44:32.952 | 193 Pool-1-worker-86 | DEBUG | d.t.c.a.a.c.u.util.UserUtilService   : Removing 8 users from all courses...
    23:44:32.953 | 193 Pool-1-worker-86 | DEBUG | d.t.c.a.a.c.u.util.UserUtilService   : Removing 8 users from all courses. Done
    23:44:32.953 | 193 Pool-1-worker-86 | DEBUG | d.t.c.a.a.c.u.util.UserUtilService   : Save 4 users to database...
    23:44:32.957 | 193 Pool-1-worker-86 | DEBUG | d.t.c.a.a.c.u.util.UserUtilService   : Save 4 users to database. Done
    23:44:32.979 | 193 Pool-1-worker-86 | INFO  | i.z.t.d.l.EmbeddedDatabaseReporter   : JDBC URL to connect to 'dataSource': url='jdbc:h2:tcp://localhost:41063/mem:df70fc46-7e57-4cb5-9cd0-c1d90c14afa7;USER=sa', scope='EnforceRoleInCourseTest#testAsStudentOfOther'
    23:44:32.981 | 193 Pool-1-worker-86 | DEBUG | d.t.c.a.a.c.s.f.ApiVersionFilter     : Adding Version to Request GET /api/test/testEnforceAtLeastStudentInCourse/1303
    23:44:32.983 | 193 Pool-1-worker-86 | WARN  | o.z.p.spring.common.AdviceTraits     : Forbidden: You are not allowed to access the Course with id 1303

  Starting logs for EnforceRoleInCourseTest > testAsStudentOfOther(String, HttpStatus) [3] endpoint=testEnforceAtLeastTutorInCourseExplicit, expectedStatus=403 FORBIDDEN
    23:44:33.006 | 193 Pool-1-worker-86 | DEBUG | d.t.c.a.a.c.u.util.UserUtilService   : Generate 1 students...
    23:44:33.009 | 193 Pool-1-worker-86 | DEBUG | d.t.c.a.a.c.u.util.UserUtilService   : 1 students generated. Generate 1 tutors...
    23:44:33.012 | 193 Pool-1-worker-86 | DEBUG | d.t.c.a.a.c.u.util.UserUtilService   : 1 tutors generated. Generate 1 editors...
    23:44:33.015 | 193 Pool-1-worker-86 | DEBUG | d.t.c.a.a.c.u.util.UserUtilService   : 1 editors generated. Generate 1 instructors...
    23:44:33.017 | 193 Pool-1-worker-86 | DEBUG | d.t.c.a.a.c.u.util.UserUtilService   : 1 instructors generated
    23:44:33.020 | 193 Pool-1-worker-86 | DEBUG | d.t.c.a.a.c.u.util.UserUtilService   : Removing 8 users from all courses...
    23:44:33.021 | 193 Pool-1-worker-86 | DEBUG | d.t.c.a.a.c.u.util.UserUtilService   : Removing 8 users from all courses. Done
    23:44:33.021 | 193 Pool-1-worker-86 | DEBUG | d.t.c.a.a.c.u.util.UserUtilService   : Save 4 users to database...
    23:44:33.032 | 193 Pool-1-worker-86 | DEBUG | d.t.c.a.a.c.u.util.UserUtilService   : Save 4 users to database. Done
    23:44:33.065 | 193 Pool-1-worker-86 | INFO  | i.z.t.d.l.EmbeddedDatabaseReporter   : JDBC URL to connect to 'dataSource': url='jdbc:h2:tcp://localhost:41063/mem:df70fc46-7e57-4cb5-9cd0-c1d90c14afa7;USER=sa', scope='EnforceRoleInCourseTest#testAsStudentOfOther'
    23:44:33.067 | 193 Pool-1-worker-86 | DEBUG | d.t.c.a.a.c.s.f.ApiVersionFilter     : Adding Version to Request GET /api/test/testEnforceAtLeastTutorInCourseExplicit/1304
    23:44:33.069 | 193 Pool-1-worker-86 | WARN  | o.z.p.spring.common.AdviceTraits     : Forbidden: You are not allowed to access the Course with id 1304

  Starting logs for EnforceRoleInCourseTest > testAsStudentOfOther(String, HttpStatus) [4] endpoint=testEnforceAtLeastTutorInCourse, expectedStatus=403 FORBIDDEN
    23:44:33.086 | 193 Pool-1-worker-86 | DEBUG | d.t.c.a.a.c.u.util.UserUtilService   : Generate 1 students...
    23:44:33.089 | 193 Pool-1-worker-86 | DEBUG | d.t.c.a.a.c.u.util.UserUtilService   : 1 students generated. Generate 1 tutors...
    23:44:33.091 | 193 Pool-1-worker-86 | DEBUG | d.t.c.a.a.c.u.util.UserUtilService   : 1 tutors generated. Generate 1 editors...
    23:44:33.094 | 193 Pool-1-worker-86 | DEBUG | d.t.c.a.a.c.u.util.UserUtilService   : 1 editors generated. Generate 1 instructors...
    23:44:33.097 | 193 Pool-1-worker-86 | DEBUG | d.t.c.a.a.c.u.util.UserUtilService   : 1 instructors generated
    23:44:33.099 | 193 Pool-1-worker-86 | DEBUG | d.t.c.a.a.c.u.util.UserUtilService   : Removing 8 users from all courses...
    23:44:33.101 | 193 Pool-1-worker-86 | DEBUG | d.t.c.a.a.c.u.util.UserUtilService   : Removing 8 users from all courses. Done
    23:44:33.101 | 193 Pool-1-worker-86 | DEBUG | d.t.c.a.a.c.u.util.UserUtilService   : Save 4 users to database...
    23:44:33.106 | 193 Pool-1-worker-86 | DEBUG | d.t.c.a.a.c.u.util.UserUtilService   : Save 4 users to database. Done
    23:44:33.129 | 193 Pool-1-worker-86 | INFO  | i.z.t.d.l.EmbeddedDatabaseReporter   : JDBC URL to connect to 'dataSource': url='jdbc:h2:tcp://localhost:41063/mem:df70fc46-7e57-4cb5-9cd0-c1d90c14afa7;USER=sa', scope='EnforceRoleInCourseTest#testAsStudentOfOther'
    23:44:33.130 | 193 Pool-1-worker-86 | DEBUG | d.t.c.a.a.c.s.f.ApiVersionFilter     : Adding Version to Request GET /api/test/testEnforceAtLeastTutorInCourse/1305
    23:44:33.132 | 193 Pool-1-worker-86 | WARN  | o.z.p.spring.common.AdviceTraits     : Forbidden: Access Denied

  Starting logs for EnforceRoleInCourseTest > testAsStudentOfOther(String, HttpStatus) [5] endpoint=testEnforceAtLeastEditorInCourseExplicit, expectedStatus=403 FORBIDDEN
    23:44:33.158 | 193 Pool-1-worker-86 | DEBUG | d.t.c.a.a.c.u.util.UserUtilService   : Generate 1 students...
    23:44:33.161 | 193 Pool-1-worker-86 | DEBUG | d.t.c.a.a.c.u.util.UserUtilService   : 1 students generated. Generate 1 tutors...
    23:44:33.164 | 193 Pool-1-worker-86 | DEBUG | d.t.c.a.a.c.u.util.UserUtilService   : 1 tutors generated. Generate 1 editors...
    23:44:33.168 | 193 Pool-1-worker-86 | DEBUG | d.t.c.a.a.c.u.util.UserUtilService   : 1 editors generated. Generate 1 instructors...
    23:44:33.171 | 193 Pool-1-worker-86 | DEBUG | d.t.c.a.a.c.u.util.UserUtilService   : 1 instructors generated
    23:44:33.173 | 193 Pool-1-worker-86 | DEBUG | d.t.c.a.a.c.u.util.UserUtilService   : Removing 8 users from all courses...
    23:44:33.174 | 193 Pool-1-worker-86 | DEBUG | d.t.c.a.a.c.u.util.UserUtilService   : Removing 8 users from all courses. Done
    23:44:33.174 | 193 Pool-1-worker-86 | DEBUG | d.t.c.a.a.c.u.util.UserUtilService   : Save 4 users to database...
    23:44:33.178 | 193 Pool-1-worker-86 | DEBUG | d.t.c.a.a.c.u.util.UserUtilService   : Save 4 users to database. Done
    23:44:33.202 | 193 Pool-1-worker-86 | INFO  | i.z.t.d.l.EmbeddedDatabaseReporter   : JDBC URL to connect to 'dataSource': url='jdbc:h2:tcp://localhost:41063/mem:df70fc46-7e57-4cb5-9cd0-c1d90c14afa7;USER=sa', scope='EnforceRoleInCourseTest#testAsStudentOfOther'
    23:44:33.203 | 193 Pool-1-worker-86 | DEBUG | d.t.c.a.a.c.s.f.ApiVersionFilter     : Adding Version to Request GET /api/test/testEnforceAtLeastEditorInCourseExplicit/1306
    23:44:33.207 | 193 Pool-1-worker-86 | WARN  | o.z.p.spring.common.AdviceTraits     : Forbidden: You are not allowed to access the Course with id 1306

  Starting logs for EnforceRoleInCourseTest > testAsStudentOfOther(String, HttpStatus) [6] endpoint=testEnforceAtLeastEditorInCourse, expectedStatus=403 FORBIDDEN
    23:44:33.221 | 193 Pool-1-worker-86 | DEBUG | d.t.c.a.a.c.u.util.UserUtilService   : Generate 1 students...
    23:44:33.224 | 193 Pool-1-worker-86 | DEBUG | d.t.c.a.a.c.u.util.UserUtilService   : 1 students generated. Generate 1 tutors...
    23:44:33.227 | 193 Pool-1-worker-86 | DEBUG | d.t.c.a.a.c.u.util.UserUtilService   : 1 tutors generated. Generate 1 editors...
    23:44:33.229 | 193 Pool-1-worker-86 | DEBUG | d.t.c.a.a.c.u.util.UserUtilService   : 1 editors generated. Generate 1 instructors...
    23:44:33.232 | 193 Pool-1-worker-86 | DEBUG | d.t.c.a.a.c.u.util.UserUtilService   : 1 instructors generated
    23:44:33.235 | 193 Pool-1-worker-86 | DEBUG | d.t.c.a.a.c.u.util.UserUtilService   : Removing 8 users from all courses...
    23:44:33.236 | 193 Pool-1-worker-86 | DEBUG | d.t.c.a.a.c.u.util.UserUtilService   : Removing 8 users from all courses. Done
    23:44:33.236 | 193 Pool-1-worker-86 | DEBUG | d.t.c.a.a.c.u.util.UserUtilService   : Save 4 users to database...
    23:44:33.241 | 193 Pool-1-worker-86 | DEBUG | d.t.c.a.a.c.u.util.UserUtilService   : Save 4 users to database. Done
    23:44:33.264 | 193 Pool-1-worker-86 | INFO  | i.z.t.d.l.EmbeddedDatabaseReporter   : JDBC URL to connect to 'dataSource': url='jdbc:h2:tcp://localhost:41063/mem:df70fc46-7e57-4cb5-9cd0-c1d90c14afa7;USER=sa', scope='EnforceRoleInCourseTest#testAsStudentOfOther'
    23:44:33.266 | 193 Pool-1-worker-86 | DEBUG | d.t.c.a.a.c.s.f.ApiVersionFilter     : Adding Version to Request GET /api/test/testEnforceAtLeastEditorInCourse/1307
    23:44:33.267 | 193 Pool-1-worker-86 | WARN  | o.z.p.spring.common.AdviceTraits     : Forbidden: Access Denied

  Starting logs for EnforceRoleInCourseTest > testAsStudentOfOther(String, HttpStatus) [7] endpoint=testEnforceAtLeastInstructorInCourseExplicit, expectedStatus=403 FORBIDDEN
    23:44:33.293 | 193 Pool-1-worker-86 | DEBUG | d.t.c.a.a.c.u.util.UserUtilService   : Generate 1 students...
    23:44:33.298 | 193 Pool-1-worker-86 | DEBUG | d.t.c.a.a.c.u.util.UserUtilService   : 1 students generated. Generate 1 tutors...
    23:44:33.301 | 193 Pool-1-worker-86 | DEBUG | d.t.c.a.a.c.u.util.UserUtilService   : 1 tutors generated. Generate 1 editors...
    23:44:33.303 | 193 Pool-1-worker-86 | DEBUG | d.t.c.a.a.c.u.util.UserUtilService   : 1 editors generated. Generate 1 instructors...
    23:44:33.306 | 193 Pool-1-worker-86 | DEBUG | d.t.c.a.a.c.u.util.UserUtilService   : 1 instructors generated
    23:44:33.308 | 193 Pool-1-worker-86 | DEBUG | d.t.c.a.a.c.u.util.UserUtilService   : Removing 8 users from all courses...
    23:44:33.309 | 193 Pool-1-worker-86 | DEBUG | d.t.c.a.a.c.u.util.UserUtilService   : Removing 8 users from all courses. Done
    23:44:33.309 | 193 Pool-1-worker-86 | DEBUG | d.t.c.a.a.c.u.util.UserUtilService   : Save 4 users to database...
    23:44:33.313 | 193 Pool-1-worker-86 | DEBUG | d.t.c.a.a.c.u.util.UserUtilService   : Save 4 users to database. Done
    23:44:33.336 | 193 Pool-1-worker-86 | INFO  | i.z.t.d.l.EmbeddedDatabaseReporter   : JDBC URL to connect to 'dataSource': url='jdbc:h2:tcp://localhost:41063/mem:df70fc46-7e57-4cb5-9cd0-c1d90c14afa7;USER=sa', scope='EnforceRoleInCourseTest#testAsStudentOfOther'
    23:44:33.338 | 193 Pool-1-worker-86 | DEBUG | d.t.c.a.a.c.s.f.ApiVersionFilter     : Adding Version to Request GET /api/test/testEnforceAtLeastInstructorInCourseExplicit/1308
    23:44:33.341 | 193 Pool-1-worker-86 | WARN  | o.z.p.spring.common.AdviceTraits     : Forbidden: You are not allowed to access the Course with id 1308

  Starting logs for EnforceRoleInCourseTest > testAsStudentOfOther(String, HttpStatus) [8] endpoint=testEnforceAtLeastInstructorInCourse, expectedStatus=403 FORBIDDEN
    23:44:33.362 | 193 Pool-1-worker-86 | DEBUG | d.t.c.a.a.c.u.util.UserUtilService   : Generate 1 students...
    23:44:33.365 | 193 Pool-1-worker-86 | DEBUG | d.t.c.a.a.c.u.util.UserUtilService   : 1 students generated. Generate 1 tutors...
    23:44:33.368 | 193 Pool-1-worker-86 | DEBUG | d.t.c.a.a.c.u.util.UserUtilService   : 1 tutors generated. Generate 1 editors...
    23:44:33.371 | 193 Pool-1-worker-86 | DEBUG | d.t.c.a.a.c.u.util.UserUtilService   : 1 editors generated. Generate 1 instructors...
    23:44:33.374 | 193 Pool-1-worker-86 | DEBUG | d.t.c.a.a.c.u.util.UserUtilService   : 1 instructors generated
    23:44:33.377 | 193 Pool-1-worker-86 | DEBUG | d.t.c.a.a.c.u.util.UserUtilService   : Removing 8 users from all courses...
    23:44:33.379 | 193 Pool-1-worker-86 | DEBUG | d.t.c.a.a.c.u.util.UserUtilService   : Removing 8 users from all courses. Done
    23:44:33.379 | 193 Pool-1-worker-86 | DEBUG | d.t.c.a.a.c.u.util.UserUtilService   : Save 4 users to database...
    23:44:33.383 | 193 Pool-1-worker-86 | DEBUG | d.t.c.a.a.c.u.util.UserUtilService   : Save 4 users to database. Done
    23:44:33.407 | 193 Pool-1-worker-86 | INFO  | i.z.t.d.l.EmbeddedDatabaseReporter   : JDBC URL to connect to 'dataSource': url='jdbc:h2:tcp://localhost:41063/mem:df70fc46-7e57-4cb5-9cd0-c1d90c14afa7;USER=sa', scope='EnforceRoleInCourseTest#testAsStudentOfOther'
    23:44:33.408 | 193 Pool-1-worker-86 | DEBUG | d.t.c.a.a.c.s.f.ApiVersionFilter     : Adding Version to Request GET /api/test/testEnforceAtLeastInstructorInCourse/1309
    23:44:33.409 | 193 Pool-1-worker-86 | WARN  | o.z.p.spring.common.AdviceTraits     : Forbidden: Access Denied

  Starting logs for EnforceRoleInCourseTest > testAsStudentOfOther(String, HttpStatus) [9] endpoint=testEnforceRoleInCourseFieldName, expectedStatus=403 FORBIDDEN
    23:44:33.426 | 193 Pool-1-worker-86 | DEBUG | d.t.c.a.a.c.u.util.UserUtilService   : Generate 1 students...
    23:44:33.429 | 193 Pool-1-worker-86 | DEBUG | d.t.c.a.a.c.u.util.UserUtilService   : 1 students generated. Generate 1 tutors...
    23:44:33.432 | 193 Pool-1-worker-86 | DEBUG | d.t.c.a.a.c.u.util.UserUtilService   : 1 tutors generated. Generate 1 editors...
    23:44:33.435 | 193 Pool-1-worker-86 | DEBUG | d.t.c.a.a.c.u.util.UserUtilService   : 1 editors generated. Generate 1 instructors...
    23:44:33.438 | 193 Pool-1-worker-86 | DEBUG | d.t.c.a.a.c.u.util.UserUtilService   : 1 instructors generated
    23:44:33.440 | 193 Pool-1-worker-86 | DEBUG | d.t.c.a.a.c.u.util.UserUtilService   : Removing 8 users from all courses...
    23:44:33.441 | 193 Pool-1-worker-86 | DEBUG | d.t.c.a.a.c.u.util.UserUtilService   : Removing 8 users from all courses. Done
    23:44:33.441 | 193 Pool-1-worker-86 | DEBUG | d.t.c.a.a.c.u.util.UserUtilService   : Save 4 users to database...
    23:44:33.445 | 193 Pool-1-worker-86 | DEBUG | d.t.c.a.a.c.u.util.UserUtilService   : Save 4 users to database. Done
    23:44:33.471 | 193 Pool-1-worker-86 | INFO  | i.z.t.d.l.EmbeddedDatabaseReporter   : JDBC URL to connect to 'dataSource': url='jdbc:h2:tcp://localhost:41063/mem:df70fc46-7e57-4cb5-9cd0-c1d90c14afa7;USER=sa', scope='EnforceRoleInCourseTest#testAsStudentOfOther'
    23:44:33.473 | 193 Pool-1-worker-86 | DEBUG | d.t.c.a.a.c.s.f.ApiVersionFilter     : Adding Version to Request GET /api/test/testEnforceRoleInCourseFieldName/1310
    23:44:33.477 | 193 Pool-1-worker-86 | WARN  | o.z.p.spring.common.AdviceTraits     : Forbidden: You are not allowed to access the Course with id 1310

  Starting logs for EnforceRoleInCourseTest > testAsStudentOfOther(String, HttpStatus) [10] endpoint=testEnforceAtLeastStudentInCourseFieldName, expectedStatus=403 FORBIDDEN
    23:44:33.494 | 193 Pool-1-worker-86 | DEBUG | d.t.c.a.a.c.u.util.UserUtilService   : Generate 1 students...
    23:44:33.497 | 193 Pool-1-worker-86 | DEBUG | d.t.c.a.a.c.u.util.UserUtilService   : 1 students generated. Generate 1 tutors...
    23:44:33.500 | 193 Pool-1-worker-86 | DEBUG | d.t.c.a.a.c.u.util.UserUtilService   : 1 tutors generated. Generate 1 editors...
    23:44:33.502 | 193 Pool-1-worker-86 | DEBUG | d.t.c.a.a.c.u.util.UserUtilService   : 1 editors generated. Generate 1 instructors...
    23:44:33.505 | 193 Pool-1-worker-86 | DEBUG | d.t.c.a.a.c.u.util.UserUtilService   : 1 instructors generated
    23:44:33.507 | 193 Pool-1-worker-86 | DEBUG | d.t.c.a.a.c.u.util.UserUtilService   : Removing 8 users from all courses...
    23:44:33.508 | 193 Pool-1-worker-86 | DEBUG | d.t.c.a.a.c.u.util.UserUtilService   : Removing 8 users from all courses. Done
    23:44:33.508 | 193 Pool-1-worker-86 | DEBUG | d.t.c.a.a.c.u.util.UserUtilService   : Save 4 users to database...
    23:44:33.512 | 193 Pool-1-worker-86 | DEBUG | d.t.c.a.a.c.u.util.UserUtilService   : Save 4 users to database. Done
    23:44:33.535 | 193 Pool-1-worker-86 | INFO  | i.z.t.d.l.EmbeddedDatabaseReporter   : JDBC URL to connect to 'dataSource': url='jdbc:h2:tcp://localhost:41063/mem:df70fc46-7e57-4cb5-9cd0-c1d90c14afa7;USER=sa', scope='EnforceRoleInCourseTest#testAsStudentOfOther'
    23:44:33.537 | 193 Pool-1-worker-86 | DEBUG | d.t.c.a.a.c.s.f.ApiVersionFilter     : Adding Version to Request GET /api/test/testEnforceAtLeastStudentInCourseFieldName/1311
    23:44:33.539 | 193 Pool-1-worker-86 | WARN  | o.z.p.spring.common.AdviceTraits     : Forbidden: You are not allowed to access the Course with id 1311

  Starting logs for EnforceRoleInCourseTest > testAsStudentOfOther(String, HttpStatus) [11] endpoint=testEnforceAtLeastTutorInCourseFieldName, expectedStatus=403 FORBIDDEN
    23:44:33.556 | 193 Pool-1-worker-86 | DEBUG | d.t.c.a.a.c.u.util.UserUtilService   : Generate 1 students...
    23:44:33.559 | 193 Pool-1-worker-86 | DEBUG | d.t.c.a.a.c.u.util.UserUtilService   : 1 students generated. Generate 1 tutors...
    23:44:33.562 | 193 Pool-1-worker-86 | DEBUG | d.t.c.a.a.c.u.util.UserUtilService   : 1 tutors generated. Generate 1 editors...
    23:44:33.565 | 193 Pool-1-worker-86 | DEBUG | d.t.c.a.a.c.u.util.UserUtilService   : 1 editors generated. Generate 1 instructors...
    23:44:33.568 | 193 Pool-1-worker-86 | DEBUG | d.t.c.a.a.c.u.util.UserUtilService   : 1 instructors generated
    23:44:33.570 | 193 Pool-1-worker-86 | DEBUG | d.t.c.a.a.c.u.util.UserUtilService   : Removing 8 users from all courses...
    23:44:33.571 | 193 Pool-1-worker-86 | DEBUG | d.t.c.a.a.c.u.util.UserUtilService   : Removing 8 users from all courses. Done
    23:44:33.571 | 193 Pool-1-worker-86 | DEBUG | d.t.c.a.a.c.u.util.UserUtilService   : Save 4 users to database...
    23:44:33.577 | 193 Pool-1-worker-86 | DEBUG | d.t.c.a.a.c.u.util.UserUtilService   : Save 4 users to database. Done
    23:44:33.600 | 193 Pool-1-worker-86 | INFO  | i.z.t.d.l.EmbeddedDatabaseReporter   : JDBC URL to connect to 'dataSource': url='jdbc:h2:tcp://localhost:41063/mem:df70fc46-7e57-4cb5-9cd0-c1d90c14afa7;USER=sa', scope='EnforceRoleInCourseTest#testAsStudentOfOther'
    23:44:33.601 | 193 Pool-1-worker-86 | DEBUG | d.t.c.a.a.c.s.f.ApiVersionFilter     : Adding Version to Request GET /api/test/testEnforceAtLeastTutorInCourseFieldName/1312
    23:44:33.603 | 193 Pool-1-worker-86 | WARN  | o.z.p.spring.common.AdviceTraits     : Forbidden: Access Denied

  Starting logs for EnforceRoleInCourseTest > testAsStudentOfOther(String, HttpStatus) [12] endpoint=testEnforceAtLeastEditorInCourseFieldName, expectedStatus=403 FORBIDDEN
    23:44:33.619 | 193 Pool-1-worker-86 | DEBUG | d.t.c.a.a.c.u.util.UserUtilService   : Generate 1 students...
    23:44:33.622 | 193 Pool-1-worker-86 | DEBUG | d.t.c.a.a.c.u.util.UserUtilService   : 1 students generated. Generate 1 tutors...
    23:44:33.625 | 193 Pool-1-worker-86 | DEBUG | d.t.c.a.a.c.u.util.UserUtilService   : 1 tutors generated. Generate 1 editors...
    23:44:33.628 | 193 Pool-1-worker-86 | DEBUG | d.t.c.a.a.c.u.util.UserUtilService   : 1 editors generated. Generate 1 instructors...
    23:44:33.631 | 193 Pool-1-worker-86 | DEBUG | d.t.c.a.a.c.u.util.UserUtilService   : 1 instructors generated
    23:44:33.633 | 193 Pool-1-worker-86 | DEBUG | d.t.c.a.a.c.u.util.UserUtilService   : Removing 8 users from all courses...
    23:44:33.634 | 193 Pool-1-worker-86 | DEBUG | d.t.c.a.a.c.u.util.UserUtilService   : Removing 8 users from all courses. Done
    23:44:33.634 | 193 Pool-1-worker-86 | DEBUG | d.t.c.a.a.c.u.util.UserUtilService   : Save 4 users to database...
    23:44:33.639 | 193 Pool-1-worker-86 | DEBUG | d.t.c.a.a.c.u.util.UserUtilService   : Save 4 users to database. Done
    23:44:33.661 | 193 Pool-1-worker-86 | INFO  | i.z.t.d.l.EmbeddedDatabaseReporter   : JDBC URL to connect to 'dataSource': url='jdbc:h2:tcp://localhost:41063/mem:df70fc46-7e57-4cb5-9cd0-c1d90c14afa7;USER=sa', scope='EnforceRoleInCourseTest#testAsStudentOfOther'
    23:44:33.663 | 193 Pool-1-worker-86 | DEBUG | d.t.c.a.a.c.s.f.ApiVersionFilter     : Adding Version to Request GET /api/test/testEnforceAtLeastEditorInCourseFieldName/1313
    23:44:33.664 | 193 Pool-1-worker-86 | WARN  | o.z.p.spring.common.AdviceTraits     : Forbidden: Access Denied

  Starting logs for EnforceRoleInCourseTest > testAsStudentOfOther(String, HttpStatus) [13] endpoint=testEnforceAtLeastInstructorInCourseFieldName, expectedStatus=403 FORBIDDEN
    23:44:33.682 | 193 Pool-1-worker-86 | DEBUG | d.t.c.a.a.c.u.util.UserUtilService   : Generate 1 students...
    23:44:33.685 | 193 Pool-1-worker-86 | DEBUG | d.t.c.a.a.c.u.util.UserUtilService   : 1 students generated. Generate 1 tutors...
    23:44:33.688 | 193 Pool-1-worker-86 | DEBUG | d.t.c.a.a.c.u.util.UserUtilService   : 1 tutors generated. Generate 1 editors...
    23:44:33.691 | 193 Pool-1-worker-86 | DEBUG | d.t.c.a.a.c.u.util.UserUtilService   : 1 editors generated. Generate 1 instructors...
    23:44:33.694 | 193 Pool-1-worker-86 | DEBUG | d.t.c.a.a.c.u.util.UserUtilService   : 1 instructors generated
    23:44:33.696 | 193 Pool-1-worker-86 | DEBUG | d.t.c.a.a.c.u.util.UserUtilService   : Removing 8 users from all courses...
    23:44:33.697 | 193 Pool-1-worker-86 | DEBUG | d.t.c.a.a.c.u.util.UserUtilService   : Removing 8 users from all courses. Done
    23:44:33.697 | 193 Pool-1-worker-86 | DEBUG | d.t.c.a.a.c.u.util.UserUtilService   : Save 4 users to database...
    23:44:33.701 | 193 Pool-1-worker-86 | DEBUG | d.t.c.a.a.c.u.util.UserUtilService   : Save 4 users to database. Done
    23:44:33.724 | 193 Pool-1-worker-86 | INFO  | i.z.t.d.l.EmbeddedDatabaseReporter   : JDBC URL to connect to 'dataSource': url='jdbc:h2:tcp://localhost:41063/mem:df70fc46-7e57-4cb5-9cd0-c1d90c14afa7;USER=sa', scope='EnforceRoleInCourseTest#testAsStudentOfOther'
    23:44:33.725 | 193 Pool-1-worker-86 | DEBUG | d.t.c.a.a.c.s.f.ApiVersionFilter     : Adding Version to Request GET /api/test/testEnforceAtLeastInstructorInCourseFieldName/1314
    23:44:33.727 | 193 Pool-1-worker-86 | WARN  | o.z.p.spring.common.AdviceTraits     : Forbidden: Access Denied

  Starting logs for EnforceRoleInCourseTest > testAsEditorOfCourse(String, HttpStatus) [1] endpoint=testEnforceAtLeastStudentInCourseExplicit, expectedStatus=200 OK
    23:44:33.749 | 193 Pool-1-worker-86 | DEBUG | d.t.c.a.a.c.u.util.UserUtilService   : Generate 1 students...
    23:44:33.752 | 193 Pool-1-worker-86 | DEBUG | d.t.c.a.a.c.u.util.UserUtilService   : 1 students generated. Generate 1 tutors...
    23:44:33.754 | 193 Pool-1-worker-86 | DEBUG | d.t.c.a.a.c.u.util.UserUtilService   : 1 tutors generated. Generate 1 editors...
    23:44:33.757 | 193 Pool-1-worker-86 | DEBUG | d.t.c.a.a.c.u.util.UserUtilService   : 1 editors generated. Generate 1 instructors...
    23:44:33.760 | 193 Pool-1-worker-86 | DEBUG | d.t.c.a.a.c.u.util.UserUtilService   : 1 instructors generated
    23:44:33.762 | 193 Pool-1-worker-86 | DEBUG | d.t.c.a.a.c.u.util.UserUtilService   : Removing 8 users from all courses...
    23:44:33.763 | 193 Pool-1-worker-86 | DEBUG | d.t.c.a.a.c.u.util.UserUtilService   : Removing 8 users from all courses. Done
    23:44:33.763 | 193 Pool-1-worker-86 | DEBUG | d.t.c.a.a.c.u.util.UserUtilService   : Save 4 users to database...
    23:44:33.767 | 193 Pool-1-worker-86 | DEBUG | d.t.c.a.a.c.u.util.UserUtilService   : Save 4 users to database. Done
    23:44:33.791 | 193 Pool-1-worker-86 | INFO  | i.z.t.d.l.EmbeddedDatabaseReporter   : JDBC URL to connect to 'dataSource': url='jdbc:h2:tcp://localhost:41063/mem:df70fc46-7e57-4cb5-9cd0-c1d90c14afa7;USER=sa', scope='EnforceRoleInCourseTest#testAsEditorOfCourse'
    23:44:33.793 | 193 Pool-1-worker-86 | DEBUG | d.t.c.a.a.c.s.f.ApiVersionFilter     : Adding Version to Request GET /api/test/testEnforceAtLeastStudentInCourseExplicit/1315

  Starting logs for EnforceRoleInCourseTest > testAsEditorOfCourse(String, HttpStatus) [2] endpoint=testEnforceAtLeastStudentInCourse, expectedStatus=200 OK
    23:44:33.821 | 193 Pool-1-worker-86 | DEBUG | d.t.c.a.a.c.u.util.UserUtilService   : Generate 1 students...
    23:44:33.824 | 193 Pool-1-worker-86 | DEBUG | d.t.c.a.a.c.u.util.UserUtilService   : 1 students generated. Generate 1 tutors...
    23:44:33.830 | 193 Pool-1-worker-86 | DEBUG | d.t.c.a.a.c.u.util.UserUtilService   : 1 tutors generated. Generate 1 editors...
    23:44:33.836 | 193 Pool-1-worker-86 | DEBUG | d.t.c.a.a.c.u.util.UserUtilService   : 1 editors generated. Generate 1 instructors...
    23:44:33.842 | 193 Pool-1-worker-86 | DEBUG | d.t.c.a.a.c.u.util.UserUtilService   : 1 instructors generated
    23:44:33.847 | 193 Pool-1-worker-86 | DEBUG | d.t.c.a.a.c.u.util.UserUtilService   : Removing 8 users from all courses...
    23:44:33.848 | 193 Pool-1-worker-86 | DEBUG | d.t.c.a.a.c.u.util.UserUtilService   : Removing 8 users from all courses. Done
    23:44:33.849 | 193 Pool-1-worker-86 | DEBUG | d.t.c.a.a.c.u.util.UserUtilService   : Save 4 users to database...
    23:44:33.859 | 193 Pool-1-worker-86 | DEBUG | d.t.c.a.a.c.u.util.UserUtilService   : Save 4 users to database. Done
    23:44:33.889 | 193 Pool-1-worker-86 | INFO  | i.z.t.d.l.EmbeddedDatabaseReporter   : JDBC URL to connect to 'dataSource': url='jdbc:h2:tcp://localhost:41063/mem:df70fc46-7e57-4cb5-9cd0-c1d90c14afa7;USER=sa', scope='EnforceRoleInCourseTest#testAsEditorOfCourse'
    23:44:33.890 | 193 Pool-1-worker-86 | DEBUG | d.t.c.a.a.c.s.f.ApiVersionFilter     : Adding Version to Request GET /api/test/testEnforceAtLeastStudentInCourse/1316

  Starting logs for EnforceRoleInCourseTest > testAsEditorOfCourse(String, HttpStatus) [3] endpoint=testEnforceAtLeastTutorInCourseExplicit, expectedStatus=200 OK
    23:44:33.909 | 193 Pool-1-worker-86 | DEBUG | d.t.c.a.a.c.u.util.UserUtilService   : Generate 1 students...
    23:44:33.912 | 193 Pool-1-worker-86 | DEBUG | d.t.c.a.a.c.u.util.UserUtilService   : 1 students generated. Generate 1 tutors...
    23:44:33.915 | 193 Pool-1-worker-86 | DEBUG | d.t.c.a.a.c.u.util.UserUtilService   : 1 tutors generated. Generate 1 editors...
    23:44:33.918 | 193 Pool-1-worker-86 | DEBUG | d.t.c.a.a.c.u.util.UserUtilService   : 1 editors generated. Generate 1 instructors...
    23:44:33.920 | 193 Pool-1-worker-86 | DEBUG | d.t.c.a.a.c.u.util.UserUtilService   : 1 instructors generated
    23:44:33.922 | 193 Pool-1-worker-86 | DEBUG | d.t.c.a.a.c.u.util.UserUtilService   : Removing 8 users from all courses...
    23:44:33.924 | 193 Pool-1-worker-86 | DEBUG | d.t.c.a.a.c.u.util.UserUtilService   : Removing 8 users from all courses. Done
    23:44:33.924 | 193 Pool-1-worker-86 | DEBUG | d.t.c.a.a.c.u.util.UserUtilService   : Save 4 users to database...
    23:44:33.928 | 193 Pool-1-worker-86 | DEBUG | d.t.c.a.a.c.u.util.UserUtilService   : Save 4 users to database. Done
    23:44:33.964 | 193 Pool-1-worker-86 | INFO  | i.z.t.d.l.EmbeddedDatabaseReporter   : JDBC URL to connect to 'dataSource': url='jdbc:h2:tcp://localhost:41063/mem:df70fc46-7e57-4cb5-9cd0-c1d90c14afa7;USER=sa', scope='EnforceRoleInCourseTest#testAsEditorOfCourse'
    23:44:33.965 | 193 Pool-1-worker-86 | DEBUG | d.t.c.a.a.c.s.f.ApiVersionFilter     : Adding Version to Request GET /api/test/testEnforceAtLeastTutorInCourseExplicit/1317

  Starting logs for EnforceRoleInCourseTest > testAsEditorOfCourse(String, HttpStatus) [4] endpoint=testEnforceAtLeastTutorInCourse, expectedStatus=200 OK
    23:44:34.013 | 193 Pool-1-worker-86 | DEBUG | d.t.c.a.a.c.u.util.UserUtilService   : Generate 1 students...
    23:44:34.021 | 193 Pool-1-worker-86 | DEBUG | d.t.c.a.a.c.u.util.UserUtilService   : 1 students generated. Generate 1 tutors...
    23:44:34.024 | 193 Pool-1-worker-86 | DEBUG | d.t.c.a.a.c.u.util.UserUtilService   : 1 tutors generated. Generate 1 editors...
    23:44:34.027 | 193 Pool-1-worker-86 | DEBUG | d.t.c.a.a.c.u.util.UserUtilService   : 1 editors generated. Generate 1 instructors...
    23:44:34.030 | 193 Pool-1-worker-86 | DEBUG | d.t.c.a.a.c.u.util.UserUtilService   : 1 instructors generated
    23:44:34.032 | 193 Pool-1-worker-86 | DEBUG | d.t.c.a.a.c.u.util.UserUtilService   : Removing 8 users from all courses...
    23:44:34.033 | 193 Pool-1-worker-86 | DEBUG | d.t.c.a.a.c.u.util.UserUtilService   : Removing 8 users from all courses. Done
    23:44:34.033 | 193 Pool-1-worker-86 | DEBUG | d.t.c.a.a.c.u.util.UserUtilService   : Save 4 users to database...
    23:44:34.037 | 193 Pool-1-worker-86 | DEBUG | d.t.c.a.a.c.u.util.UserUtilService   : Save 4 users to database. Done
    23:44:34.059 | 193 Pool-1-worker-86 | INFO  | i.z.t.d.l.EmbeddedDatabaseReporter   : JDBC URL to connect to 'dataSource': url='jdbc:h2:tcp://localhost:41063/mem:df70fc46-7e57-4cb5-9cd0-c1d90c14afa7;USER=sa', scope='EnforceRoleInCourseTest#testAsEditorOfCourse'
    23:44:34.060 | 193 Pool-1-worker-86 | DEBUG | d.t.c.a.a.c.s.f.ApiVersionFilter     : Adding Version to Request GET /api/test/testEnforceAtLeastTutorInCourse/1318

  Starting logs for EnforceRoleInCourseTest > testAsEditorOfCourse(String, HttpStatus) [5] endpoint=testEnforceAtLeastEditorInCourseExplicit, expectedStatus=200 OK
    23:44:34.079 | 193 Pool-1-worker-86 | DEBUG | d.t.c.a.a.c.u.util.UserUtilService   : Generate 1 students...
    23:44:34.082 | 193 Pool-1-worker-86 | DEBUG | d.t.c.a.a.c.u.util.UserUtilService   : 1 students generated. Generate 1 tutors...
    23:44:34.085 | 193 Pool-1-worker-86 | DEBUG | d.t.c.a.a.c.u.util.UserUtilService   : 1 tutors generated. Generate 1 editors...
    23:44:34.088 | 193 Pool-1-worker-86 | DEBUG | d.t.c.a.a.c.u.util.UserUtilService   : 1 editors generated. Generate 1 instructors...
    23:44:34.091 | 193 Pool-1-worker-86 | DEBUG | d.t.c.a.a.c.u.util.UserUtilService   : 1 instructors generated
    23:44:34.093 | 193 Pool-1-worker-86 | DEBUG | d.t.c.a.a.c.u.util.UserUtilService   : Removing 8 users from all courses...
    23:44:34.094 | 193 Pool-1-worker-86 | DEBUG | d.t.c.a.a.c.u.util.UserUtilService   : Removing 8 users from all courses. Done
    23:44:34.094 | 193 Pool-1-worker-86 | DEBUG | d.t.c.a.a.c.u.util.UserUtilService   : Save 4 users to database...
    23:44:34.099 | 193 Pool-1-worker-86 | DEBUG | d.t.c.a.a.c.u.util.UserUtilService   : Save 4 users to database. Done
    23:44:34.122 | 193 Pool-1-worker-86 | INFO  | i.z.t.d.l.EmbeddedDatabaseReporter   : JDBC URL to connect to 'dataSource': url='jdbc:h2:tcp://localhost:41063/mem:df70fc46-7e57-4cb5-9cd0-c1d90c14afa7;USER=sa', scope='EnforceRoleInCourseTest#testAsEditorOfCourse'
    23:44:34.123 | 193 Pool-1-worker-86 | DEBUG | d.t.c.a.a.c.s.f.ApiVersionFilter     : Adding Version to Request GET /api/test/testEnforceAtLeastEditorInCourseExplicit/1319

  Starting logs for EnforceRoleInCourseTest > testAsEditorOfCourse(String, HttpStatus) [6] endpoint=testEnforceAtLeastEditorInCourse, expectedStatus=200 OK
    23:44:34.140 | 193 Pool-1-worker-86 | DEBUG | d.t.c.a.a.c.u.util.UserUtilService   : Generate 1 students...
    23:44:34.143 | 193 Pool-1-worker-86 | DEBUG | d.t.c.a.a.c.u.util.UserUtilService   : 1 students generated. Generate 1 tutors...
    23:44:34.146 | 193 Pool-1-worker-86 | DEBUG | d.t.c.a.a.c.u.util.UserUtilService   : 1 tutors generated. Generate 1 editors...
    23:44:34.149 | 193 Pool-1-worker-86 | DEBUG | d.t.c.a.a.c.u.util.UserUtilService   : 1 editors generated. Generate 1 instructors...
    23:44:34.151 | 193 Pool-1-worker-86 | DEBUG | d.t.c.a.a.c.u.util.UserUtilService   : 1 instructors generated
    23:44:34.153 | 193 Pool-1-worker-86 | DEBUG | d.t.c.a.a.c.u.util.UserUtilService   : Removing 8 users from all courses...
    23:44:34.155 | 193 Pool-1-worker-86 | DEBUG | d.t.c.a.a.c.u.util.UserUtilService   : Removing 8 users from all courses. Done
    23:44:34.155 | 193 Pool-1-worker-86 | DEBUG | d.t.c.a.a.c.u.util.UserUtilService   : Save 4 users to database...
    23:44:34.159 | 193 Pool-1-worker-86 | DEBUG | d.t.c.a.a.c.u.util.UserUtilService   : Save 4 users to database. Done
    23:44:34.182 | 193 Pool-1-worker-86 | INFO  | i.z.t.d.l.EmbeddedDatabaseReporter   : JDBC URL to connect to 'dataSource': url='jdbc:h2:tcp://localhost:41063/mem:df70fc46-7e57-4cb5-9cd0-c1d90c14afa7;USER=sa', scope='EnforceRoleInCourseTest#testAsEditorOfCourse'
    23:44:34.183 | 193 Pool-1-worker-86 | DEBUG | d.t.c.a.a.c.s.f.ApiVersionFilter     : Adding Version to Request GET /api/test/testEnforceAtLeastEditorInCourse/1320

  Starting logs for EnforceRoleInCourseTest > testAsEditorOfCourse(String, HttpStatus) [7] endpoint=testEnforceAtLeastInstructorInCourseExplicit, expectedStatus=403 FORBIDDEN
    23:44:34.201 | 193 Pool-1-worker-86 | DEBUG | d.t.c.a.a.c.u.util.UserUtilService   : Generate 1 students...
    23:44:34.203 | 193 Pool-1-worker-86 | DEBUG | d.t.c.a.a.c.u.util.UserUtilService   : 1 students generated. Generate 1 tutors...
    23:44:34.206 | 193 Pool-1-worker-86 | DEBUG | d.t.c.a.a.c.u.util.UserUtilService   : 1 tutors generated. Generate 1 editors...
    23:44:34.209 | 193 Pool-1-worker-86 | DEBUG | d.t.c.a.a.c.u.util.UserUtilService   : 1 editors generated. Generate 1 instructors...
    23:44:34.212 | 193 Pool-1-worker-86 | DEBUG | d.t.c.a.a.c.u.util.UserUtilService   : 1 instructors generated
    23:44:34.214 | 193 Pool-1-worker-86 | DEBUG | d.t.c.a.a.c.u.util.UserUtilService   : Removing 8 users from all courses...
    23:44:34.215 | 193 Pool-1-worker-86 | DEBUG | d.t.c.a.a.c.u.util.UserUtilService   : Removing 8 users from all courses. Done
    23:44:34.215 | 193 Pool-1-worker-86 | DEBUG | d.t.c.a.a.c.u.util.UserUtilService   : Save 4 users to database...
    23:44:34.219 | 193 Pool-1-worker-86 | DEBUG | d.t.c.a.a.c.u.util.UserUtilService   : Save 4 users to database. Done
    23:44:34.242 | 193 Pool-1-worker-86 | INFO  | i.z.t.d.l.EmbeddedDatabaseReporter   : JDBC URL to connect to 'dataSource': url='jdbc:h2:tcp://localhost:41063/mem:df70fc46-7e57-4cb5-9cd0-c1d90c14afa7;USER=sa', scope='EnforceRoleInCourseTest#testAsEditorOfCourse'
    23:44:34.243 | 193 Pool-1-worker-86 | DEBUG | d.t.c.a.a.c.s.f.ApiVersionFilter     : Adding Version to Request GET /api/test/testEnforceAtLeastInstructorInCourseExplicit/1321
    23:44:34.245 | 193 Pool-1-worker-86 | WARN  | o.z.p.spring.common.AdviceTraits     : Forbidden: You are not allowed to access the Course with id 1321

  Starting logs for EnforceRoleInCourseTest > testAsEditorOfCourse(String, HttpStatus) [8] endpoint=testEnforceAtLeastInstructorInCourse, expectedStatus=403 FORBIDDEN
    23:44:34.266 | 193 Pool-1-worker-86 | DEBUG | d.t.c.a.a.c.u.util.UserUtilService   : Generate 1 students...
    23:44:34.269 | 193 Pool-1-worker-86 | DEBUG | d.t.c.a.a.c.u.util.UserUtilService   : 1 students generated. Generate 1 tutors...
    23:44:34.272 | 193 Pool-1-worker-86 | DEBUG | d.t.c.a.a.c.u.util.UserUtilService   : 1 tutors generated. Generate 1 editors...
    23:44:34.278 | 193 Pool-1-worker-86 | DEBUG | d.t.c.a.a.c.u.util.UserUtilService   : 1 editors generated. Generate 1 instructors...
    23:44:34.284 | 193 Pool-1-worker-86 | DEBUG | d.t.c.a.a.c.u.util.UserUtilService   : 1 instructors generated
    23:44:34.288 | 193 Pool-1-worker-86 | DEBUG | d.t.c.a.a.c.u.util.UserUtilService   : Removing 8 users from all courses...
    23:44:34.292 | 193 Pool-1-worker-86 | DEBUG | d.t.c.a.a.c.u.util.UserUtilService   : Removing 8 users from all courses. Done
    23:44:34.292 | 193 Pool-1-worker-86 | DEBUG | d.t.c.a.a.c.u.util.UserUtilService   : Save 4 users to database...
    23:44:34.302 | 193 Pool-1-worker-86 | DEBUG | d.t.c.a.a.c.u.util.UserUtilService   : Save 4 users to database. Done
    23:44:34.345 | 193 Pool-1-worker-86 | INFO  | i.z.t.d.l.EmbeddedDatabaseReporter   : JDBC URL to connect to 'dataSource': url='jdbc:h2:tcp://localhost:41063/mem:df70fc46-7e57-4cb5-9cd0-c1d90c14afa7;USER=sa', scope='EnforceRoleInCourseTest#testAsEditorOfCourse'
    23:44:34.347 | 193 Pool-1-worker-86 | DEBUG | d.t.c.a.a.c.s.f.ApiVersionFilter     : Adding Version to Request GET /api/test/testEnforceAtLeastInstructorInCourse/1322
    23:44:34.348 | 193 Pool-1-worker-86 | WARN  | o.z.p.spring.common.AdviceTraits     : Forbidden: Access Denied

  Starting logs for EnforceRoleInCourseTest > testAsEditorOfCourse(String, HttpStatus) [9] endpoint=testEnforceRoleInCourseFieldName, expectedStatus=200 OK
    23:44:34.372 | 193 Pool-1-worker-86 | DEBUG | d.t.c.a.a.c.u.util.UserUtilService   : Generate 1 students...
    23:44:34.378 | 193 Pool-1-worker-86 | DEBUG | d.t.c.a.a.c.u.util.UserUtilService   : 1 students generated. Generate 1 tutors...
    23:44:34.380 | 193 Pool-1-worker-86 | DEBUG | d.t.c.a.a.c.u.util.UserUtilService   : 1 tutors generated. Generate 1 editors...
    23:44:34.383 | 193 Pool-1-worker-86 | DEBUG | d.t.c.a.a.c.u.util.UserUtilService   : 1 editors generated. Generate 1 instructors...
    23:44:34.386 | 193 Pool-1-worker-86 | DEBUG | d.t.c.a.a.c.u.util.UserUtilService   : 1 instructors generated
    23:44:34.389 | 193 Pool-1-worker-86 | DEBUG | d.t.c.a.a.c.u.util.UserUtilService   : Removing 8 users from all courses...
    23:44:34.390 | 193 Pool-1-worker-86 | DEBUG | d.t.c.a.a.c.u.util.UserUtilService   : Removing 8 users from all courses. Done
    23:44:34.390 | 193 Pool-1-worker-86 | DEBUG | d.t.c.a.a.c.u.util.UserUtilService   : Save 4 users to database...
    23:44:34.394 | 193 Pool-1-worker-86 | DEBUG | d.t.c.a.a.c.u.util.UserUtilService   : Save 4 users to database. Done
    23:44:34.448 | 193 Pool-1-worker-86 | INFO  | i.z.t.d.l.EmbeddedDatabaseReporter   : JDBC URL to connect to 'dataSource': url='jdbc:h2:tcp://localhost:41063/mem:df70fc46-7e57-4cb5-9cd0-c1d90c14afa7;USER=sa', scope='EnforceRoleInCourseTest#testAsEditorOfCourse'
    23:44:34.449 | 193 Pool-1-worker-86 | DEBUG | d.t.c.a.a.c.s.f.ApiVersionFilter     : Adding Version to Request GET /api/test/testEnforceRoleInCourseFieldName/1323

  Starting logs for EnforceRoleInCourseTest > testAsEditorOfCourse(String, HttpStatus) [10] endpoint=testEnforceAtLeastStudentInCourseFieldName, expectedStatus=200 OK
    23:44:34.486 | 193 Pool-1-worker-86 | DEBUG | d.t.c.a.a.c.u.util.UserUtilService   : Generate 1 students...
    23:44:34.490 | 193 Pool-1-worker-86 | DEBUG | d.t.c.a.a.c.u.util.UserUtilService   : 1 students generated. Generate 1 tutors...
    23:44:34.492 | 193 Pool-1-worker-86 | DEBUG | d.t.c.a.a.c.u.util.UserUtilService   : 1 tutors generated. Generate 1 editors...
    23:44:34.495 | 193 Pool-1-worker-86 | DEBUG | d.t.c.a.a.c.u.util.UserUtilService   : 1 editors generated. Generate 1 instructors...
    23:44:34.498 | 193 Pool-1-worker-86 | DEBUG | d.t.c.a.a.c.u.util.UserUtilService   : 1 instructors generated
    23:44:34.500 | 193 Pool-1-worker-86 | DEBUG | d.t.c.a.a.c.u.util.UserUtilService   : Removing 8 users from all courses...
    23:44:34.501 | 193 Pool-1-worker-86 | DEBUG | d.t.c.a.a.c.u.util.UserUtilService   : Removing 8 users from all courses. Done
    23:44:34.501 | 193 Pool-1-worker-86 | DEBUG | d.t.c.a.a.c.u.util.UserUtilService   : Save 4 users to database...
    23:44:34.505 | 193 Pool-1-worker-86 | DEBUG | d.t.c.a.a.c.u.util.UserUtilService   : Save 4 users to database. Done
    23:44:34.527 | 193 Pool-1-worker-86 | INFO  | i.z.t.d.l.EmbeddedDatabaseReporter   : JDBC URL to connect to 'dataSource': url='jdbc:h2:tcp://localhost:41063/mem:df70fc46-7e57-4cb5-9cd0-c1d90c14afa7;USER=sa', scope='EnforceRoleInCourseTest#testAsEditorOfCourse'
    23:44:34.529 | 193 Pool-1-worker-86 | DEBUG | d.t.c.a.a.c.s.f.ApiVersionFilter     : Adding Version to Request GET /api/test/testEnforceAtLeastStudentInCourseFieldName/1324

  Starting logs for EnforceRoleInCourseTest > testAsEditorOfCourse(String, HttpStatus) [11] endpoint=testEnforceAtLeastTutorInCourseFieldName, expectedStatus=200 OK
    23:44:34.546 | 193 Pool-1-worker-86 | DEBUG | d.t.c.a.a.c.u.util.UserUtilService   : Generate 1 students...
    23:44:34.549 | 193 Pool-1-worker-86 | DEBUG | d.t.c.a.a.c.u.util.UserUtilService   : 1 students generated. Generate 1 tutors...
    23:44:34.552 | 193 Pool-1-worker-86 | DEBUG | d.t.c.a.a.c.u.util.UserUtilService   : 1 tutors generated. Generate 1 editors...
    23:44:34.554 | 193 Pool-1-worker-86 | DEBUG | d.t.c.a.a.c.u.util.UserUtilService   : 1 editors generated. Generate 1 instructors...
    23:44:34.557 | 193 Pool-1-worker-86 | DEBUG | d.t.c.a.a.c.u.util.UserUtilService   : 1 instructors generated
    23:44:34.559 | 193 Pool-1-worker-86 | DEBUG | d.t.c.a.a.c.u.util.UserUtilService   : Removing 8 users from all courses...
    23:44:34.560 | 193 Pool-1-worker-86 | DEBUG | d.t.c.a.a.c.u.util.UserUtilService   : Removing 8 users from all courses. Done
    23:44:34.560 | 193 Pool-1-worker-86 | DEBUG | d.t.c.a.a.c.u.util.UserUtilService   : Save 4 users to database...
    23:44:34.564 | 193 Pool-1-worker-86 | DEBUG | d.t.c.a.a.c.u.util.UserUtilService   : Save 4 users to database. Done
    23:44:34.586 | 193 Pool-1-worker-86 | INFO  | i.z.t.d.l.EmbeddedDatabaseReporter   : JDBC URL to connect to 'dataSource': url='jdbc:h2:tcp://localhost:41063/mem:df70fc46-7e57-4cb5-9cd0-c1d90c14afa7;USER=sa', scope='EnforceRoleInCourseTest#testAsEditorOfCourse'
    23:44:34.587 | 193 Pool-1-worker-86 | DEBUG | d.t.c.a.a.c.s.f.ApiVersionFilter     : Adding Version to Request GET /api/test/testEnforceAtLeastTutorInCourseFieldName/1325

  Starting logs for EnforceRoleInCourseTest > testAsEditorOfCourse(String, HttpStatus) [12] endpoint=testEnforceAtLeastEditorInCourseFieldName, expectedStatus=200 OK
    23:44:34.609 | 193 Pool-1-worker-86 | DEBUG | d.t.c.a.a.c.u.util.UserUtilService   : Generate 1 students...
    23:44:34.611 | 193 Pool-1-worker-86 | DEBUG | d.t.c.a.a.c.u.util.UserUtilService   : 1 students generated. Generate 1 tutors...
    23:44:34.614 | 193 Pool-1-worker-86 | DEBUG | d.t.c.a.a.c.u.util.UserUtilService   : 1 tutors generated. Generate 1 editors...
    23:44:34.617 | 193 Pool-1-worker-86 | DEBUG | d.t.c.a.a.c.u.util.UserUtilService   : 1 editors generated. Generate 1 instructors...
    23:44:34.620 | 193 Pool-1-worker-86 | DEBUG | d.t.c.a.a.c.u.util.UserUtilService   : 1 instructors generated
    23:44:34.621 | 193 Pool-1-worker-86 | DEBUG | d.t.c.a.a.c.u.util.UserUtilService   : Removing 8 users from all courses...
    23:44:34.623 | 193 Pool-1-worker-86 | DEBUG | d.t.c.a.a.c.u.util.UserUtilService   : Removing 8 users from all courses. Done
    23:44:34.623 | 193 Pool-1-worker-86 | DEBUG | d.t.c.a.a.c.u.util.UserUtilService   : Save 4 users to database...
    23:44:34.627 | 193 Pool-1-worker-86 | DEBUG | d.t.c.a.a.c.u.util.UserUtilService   : Save 4 users to database. Done
    23:44:34.651 | 193 Pool-1-worker-86 | INFO  | i.z.t.d.l.EmbeddedDatabaseReporter   : JDBC URL to connect to 'dataSource': url='jdbc:h2:tcp://localhost:41063/mem:df70fc46-7e57-4cb5-9cd0-c1d90c14afa7;USER=sa', scope='EnforceRoleInCourseTest#testAsEditorOfCourse'
    23:44:34.652 | 193 Pool-1-worker-86 | DEBUG | d.t.c.a.a.c.s.f.ApiVersionFilter     : Adding Version to Request GET /api/test/testEnforceAtLeastEditorInCourseFieldName/1326

  Starting logs for EnforceRoleInCourseTest > testAsEditorOfCourse(String, HttpStatus) [13] endpoint=testEnforceAtLeastInstructorInCourseFieldName, expectedStatus=403 FORBIDDEN
    23:44:34.671 | 193 Pool-1-worker-86 | DEBUG | d.t.c.a.a.c.u.util.UserUtilService   : Generate 1 students...
    23:44:34.673 | 193 Pool-1-worker-86 | DEBUG | d.t.c.a.a.c.u.util.UserUtilService   : 1 students generated. Generate 1 tutors...
    23:44:34.676 | 193 Pool-1-worker-86 | DEBUG | d.t.c.a.a.c.u.util.UserUtilService   : 1 tutors generated. Generate 1 editors...
    23:44:34.679 | 193 Pool-1-worker-86 | DEBUG | d.t.c.a.a.c.u.util.UserUtilService   : 1 editors generated. Generate 1 instructors...
    23:44:34.682 | 193 Pool-1-worker-86 | DEBUG | d.t.c.a.a.c.u.util.UserUtilService   : 1 instructors generated
    23:44:34.684 | 193 Pool-1-worker-86 | DEBUG | d.t.c.a.a.c.u.util.UserUtilService   : Removing 8 users from all courses...
    23:44:34.685 | 193 Pool-1-worker-86 | DEBUG | d.t.c.a.a.c.u.util.UserUtilService   : Removing 8 users from all courses. Done
    23:44:34.685 | 193 Pool-1-worker-86 | DEBUG | d.t.c.a.a.c.u.util.UserUtilService   : Save 4 users to database...
    23:44:34.689 | 193 Pool-1-worker-86 | DEBUG | d.t.c.a.a.c.u.util.UserUtilService   : Save 4 users to database. Done
    23:44:34.713 | 193 Pool-1-worker-86 | INFO  | i.z.t.d.l.EmbeddedDatabaseReporter   : JDBC URL to connect to 'dataSource': url='jdbc:h2:tcp://localhost:41063/mem:df70fc46-7e57-4cb5-9cd0-c1d90c14afa7;USER=sa', scope='EnforceRoleInCourseTest#testAsEditorOfCourse'
    23:44:34.714 | 193 Pool-1-worker-86 | DEBUG | d.t.c.a.a.c.s.f.ApiVersionFilter     : Adding Version to Request GET /api/test/testEnforceAtLeastInstructorInCourseFieldName/1327
    23:44:34.715 | 193 Pool-1-worker-86 | WARN  | o.z.p.spring.common.AdviceTraits     : Forbidden: Access Denied

  Starting logs for EnforceRoleInCourseTest > testAsInstructorOfCourse(String, HttpStatus) [1] endpoint=testEnforceAtLeastStudentInCourseExplicit, expectedStatus=200 OK
    23:44:34.740 | 193 Pool-1-worker-86 | DEBUG | d.t.c.a.a.c.u.util.UserUtilService   : Generate 1 students...
    23:44:34.744 | 193 Pool-1-worker-86 | DEBUG | d.t.c.a.a.c.u.util.UserUtilService   : 1 students generated. Generate 1 tutors...
    23:44:34.746 | 193 Pool-1-worker-86 | DEBUG | d.t.c.a.a.c.u.util.UserUtilService   : 1 tutors generated. Generate 1 editors...
    23:44:34.749 | 193 Pool-1-worker-86 | DEBUG | d.t.c.a.a.c.u.util.UserUtilService   : 1 editors generated. Generate 1 instructors...
    23:44:34.752 | 193 Pool-1-worker-86 | DEBUG | d.t.c.a.a.c.u.util.UserUtilService   : 1 instructors generated
    23:44:34.754 | 193 Pool-1-worker-86 | DEBUG | d.t.c.a.a.c.u.util.UserUtilService   : Removing 8 users from all courses...
    23:44:34.755 | 193 Pool-1-worker-86 | DEBUG | d.t.c.a.a.c.u.util.UserUtilService   : Removing 8 users from all courses. Done
    23:44:34.755 | 193 Pool-1-worker-86 | DEBUG | d.t.c.a.a.c.u.util.UserUtilService   : Save 4 users to database...
    23:44:34.759 | 193 Pool-1-worker-86 | DEBUG | d.t.c.a.a.c.u.util.UserUtilService   : Save 4 users to database. Done
    23:44:34.781 | 193 Pool-1-worker-86 | INFO  | i.z.t.d.l.EmbeddedDatabaseReporter   : JDBC URL to connect to 'dataSource': url='jdbc:h2:tcp://localhost:41063/mem:df70fc46-7e57-4cb5-9cd0-c1d90c14afa7;USER=sa', scope='EnforceRoleInCourseTest#testAsInstructorOfCourse'
    23:44:34.783 | 193 Pool-1-worker-86 | DEBUG | d.t.c.a.a.c.s.f.ApiVersionFilter     : Adding Version to Request GET /api/test/testEnforceAtLeastStudentInCourseExplicit/1328

  Starting logs for EnforceRoleInCourseTest > testAsInstructorOfCourse(String, HttpStatus) [2] endpoint=testEnforceAtLeastStudentInCourse, expectedStatus=200 OK
    23:44:34.800 | 193 Pool-1-worker-86 | DEBUG | d.t.c.a.a.c.u.util.UserUtilService   : Generate 1 students...
    23:44:34.803 | 193 Pool-1-worker-86 | DEBUG | d.t.c.a.a.c.u.util.UserUtilService   : 1 students generated. Generate 1 tutors...
    23:44:34.805 | 193 Pool-1-worker-86 | DEBUG | d.t.c.a.a.c.u.util.UserUtilService   : 1 tutors generated. Generate 1 editors...
    23:44:34.808 | 193 Pool-1-worker-86 | DEBUG | d.t.c.a.a.c.u.util.UserUtilService   : 1 editors generated. Generate 1 instructors...
    23:44:34.811 | 193 Pool-1-worker-86 | DEBUG | d.t.c.a.a.c.u.util.UserUtilService   : 1 instructors generated
    23:44:34.813 | 193 Pool-1-worker-86 | DEBUG | d.t.c.a.a.c.u.util.UserUtilService   : Removing 8 users from all courses...
    23:44:34.814 | 193 Pool-1-worker-86 | DEBUG | d.t.c.a.a.c.u.util.UserUtilService   : Removing 8 users from all courses. Done
    23:44:34.814 | 193 Pool-1-worker-86 | DEBUG | d.t.c.a.a.c.u.util.UserUtilService   : Save 4 users to database...
    23:44:34.818 | 193 Pool-1-worker-86 | DEBUG | d.t.c.a.a.c.u.util.UserUtilService   : Save 4 users to database. Done
    23:44:34.840 | 193 Pool-1-worker-86 | INFO  | i.z.t.d.l.EmbeddedDatabaseReporter   : JDBC URL to connect to 'dataSource': url='jdbc:h2:tcp://localhost:41063/mem:df70fc46-7e57-4cb5-9cd0-c1d90c14afa7;USER=sa', scope='EnforceRoleInCourseTest#testAsInstructorOfCourse'
    23:44:34.842 | 193 Pool-1-worker-86 | DEBUG | d.t.c.a.a.c.s.f.ApiVersionFilter     : Adding Version to Request GET /api/test/testEnforceAtLeastStudentInCourse/1329

  Starting logs for EnforceRoleInCourseTest > testAsInstructorOfCourse(String, HttpStatus) [3] endpoint=testEnforceAtLeastTutorInCourseExplicit, expectedStatus=200 OK
    23:44:34.858 | 193 Pool-1-worker-86 | DEBUG | d.t.c.a.a.c.u.util.UserUtilService   : Generate 1 students...
    23:44:34.861 | 193 Pool-1-worker-86 | DEBUG | d.t.c.a.a.c.u.util.UserUtilService   : 1 students generated. Generate 1 tutors...
    23:44:34.863 | 193 Pool-1-worker-86 | DEBUG | d.t.c.a.a.c.u.util.UserUtilService   : 1 tutors generated. Generate 1 editors...
    23:44:34.866 | 193 Pool-1-worker-86 | DEBUG | d.t.c.a.a.c.u.util.UserUtilService   : 1 editors generated. Generate 1 instructors...
    23:44:34.869 | 193 Pool-1-worker-86 | DEBUG | d.t.c.a.a.c.u.util.UserUtilService   : 1 instructors generated
    23:44:34.871 | 193 Pool-1-worker-86 | DEBUG | d.t.c.a.a.c.u.util.UserUtilService   : Removing 8 users from all courses...
    23:44:34.872 | 193 Pool-1-worker-86 | DEBUG | d.t.c.a.a.c.u.util.UserUtilService   : Removing 8 users from all courses. Done
    23:44:34.872 | 193 Pool-1-worker-86 | DEBUG | d.t.c.a.a.c.u.util.UserUtilService   : Save 4 users to database...
    23:44:34.879 | 193 Pool-1-worker-86 | DEBUG | d.t.c.a.a.c.u.util.UserUtilService   : Save 4 users to database. Done
    23:44:34.901 | 193 Pool-1-worker-86 | INFO  | i.z.t.d.l.EmbeddedDatabaseReporter   : JDBC URL to connect to 'dataSource': url='jdbc:h2:tcp://localhost:41063/mem:df70fc46-7e57-4cb5-9cd0-c1d90c14afa7;USER=sa', scope='EnforceRoleInCourseTest#testAsInstructorOfCourse'
    23:44:34.903 | 193 Pool-1-worker-86 | DEBUG | d.t.c.a.a.c.s.f.ApiVersionFilter     : Adding Version to Request GET /api/test/testEnforceAtLeastTutorInCourseExplicit/1330

  Starting logs for EnforceRoleInCourseTest > testAsInstructorOfCourse(String, HttpStatus) [4] endpoint=testEnforceAtLeastTutorInCourse, expectedStatus=200 OK
    23:44:34.920 | 193 Pool-1-worker-86 | DEBUG | d.t.c.a.a.c.u.util.UserUtilService   : Generate 1 students...
    23:44:34.922 | 193 Pool-1-worker-86 | DEBUG | d.t.c.a.a.c.u.util.UserUtilService   : 1 students generated. Generate 1 tutors...
    23:44:34.925 | 193 Pool-1-worker-86 | DEBUG | d.t.c.a.a.c.u.util.UserUtilService   : 1 tutors generated. Generate 1 editors...
    23:44:34.928 | 193 Pool-1-worker-86 | DEBUG | d.t.c.a.a.c.u.util.UserUtilService   : 1 editors generated. Generate 1 instructors...
    23:44:34.931 | 193 Pool-1-worker-86 | DEBUG | d.t.c.a.a.c.u.util.UserUtilService   : 1 instructors generated
    23:44:34.932 | 193 Pool-1-worker-86 | DEBUG | d.t.c.a.a.c.u.util.UserUtilService   : Removing 8 users from all courses...
    23:44:34.934 | 193 Pool-1-worker-86 | DEBUG | d.t.c.a.a.c.u.util.UserUtilService   : Removing 8 users from all courses. Done
    23:44:34.934 | 193 Pool-1-worker-86 | DEBUG | d.t.c.a.a.c.u.util.UserUtilService   : Save 4 users to database...
    23:44:34.937 | 193 Pool-1-worker-86 | DEBUG | d.t.c.a.a.c.u.util.UserUtilService   : Save 4 users to database. Done
    23:44:34.959 | 193 Pool-1-worker-86 | INFO  | i.z.t.d.l.EmbeddedDatabaseReporter   : JDBC URL to connect to 'dataSource': url='jdbc:h2:tcp://localhost:41063/mem:df70fc46-7e57-4cb5-9cd0-c1d90c14afa7;USER=sa', scope='EnforceRoleInCourseTest#testAsInstructorOfCourse'
    23:44:34.961 | 193 Pool-1-worker-86 | DEBUG | d.t.c.a.a.c.s.f.ApiVersionFilter     : Adding Version to Request GET /api/test/testEnforceAtLeastTutorInCourse/1331

  Starting logs for EnforceRoleInCourseTest > testAsInstructorOfCourse(String, HttpStatus) [5] endpoint=testEnforceAtLeastEditorInCourseExplicit, expectedStatus=200 OK
    23:44:34.981 | 193 Pool-1-worker-86 | DEBUG | d.t.c.a.a.c.u.util.UserUtilService   : Generate 1 students...
    23:44:34.984 | 193 Pool-1-worker-86 | DEBUG | d.t.c.a.a.c.u.util.UserUtilService   : 1 students generated. Generate 1 tutors...
    23:44:34.987 | 193 Pool-1-worker-86 | DEBUG | d.t.c.a.a.c.u.util.UserUtilService   : 1 tutors generated. Generate 1 editors...
    23:44:34.989 | 193 Pool-1-worker-86 | DEBUG | d.t.c.a.a.c.u.util.UserUtilService   : 1 editors generated. Generate 1 instructors...
    23:44:34.992 | 193 Pool-1-worker-86 | DEBUG | d.t.c.a.a.c.u.util.UserUtilService   : 1 instructors generated
    23:44:34.994 | 193 Pool-1-worker-86 | DEBUG | d.t.c.a.a.c.u.util.UserUtilService   : Removing 8 users from all courses...
    23:44:34.995 | 193 Pool-1-worker-86 | DEBUG | d.t.c.a.a.c.u.util.UserUtilService   : Removing 8 users from all courses. Done
    23:44:34.995 | 193 Pool-1-worker-86 | DEBUG | d.t.c.a.a.c.u.util.UserUtilService   : Save 4 users to database...
    23:44:34.999 | 193 Pool-1-worker-86 | DEBUG | d.t.c.a.a.c.u.util.UserUtilService   : Save 4 users to database. Done
    23:44:35.021 | 193 Pool-1-worker-86 | INFO  | i.z.t.d.l.EmbeddedDatabaseReporter   : JDBC URL to connect to 'dataSource': url='jdbc:h2:tcp://localhost:41063/mem:df70fc46-7e57-4cb5-9cd0-c1d90c14afa7;USER=sa', scope='EnforceRoleInCourseTest#testAsInstructorOfCourse'
    23:44:35.022 | 193 Pool-1-worker-86 | DEBUG | d.t.c.a.a.c.s.f.ApiVersionFilter     : Adding Version to Request GET /api/test/testEnforceAtLeastEditorInCourseExplicit/1332

  Starting logs for EnforceRoleInCourseTest > testAsInstructorOfCourse(String, HttpStatus) [6] endpoint=testEnforceAtLeastEditorInCourse, expectedStatus=200 OK
    23:44:35.041 | 193 Pool-1-worker-86 | DEBUG | d.t.c.a.a.c.u.util.UserUtilService   : Generate 1 students...
    23:44:35.044 | 193 Pool-1-worker-86 | DEBUG | d.t.c.a.a.c.u.util.UserUtilService   : 1 students generated. Generate 1 tutors...
    23:44:35.074 | 193 Pool-1-worker-86 | DEBUG | d.t.c.a.a.c.u.util.UserUtilService   : 1 tutors generated. Generate 1 editors...
    23:44:35.078 | 193 Pool-1-worker-86 | DEBUG | d.t.c.a.a.c.u.util.UserUtilService   : 1 editors generated. Generate 1 instructors...
    23:44:35.081 | 193 Pool-1-worker-86 | DEBUG | d.t.c.a.a.c.u.util.UserUtilService   : 1 instructors generated
    23:44:35.083 | 193 Pool-1-worker-86 | DEBUG | d.t.c.a.a.c.u.util.UserUtilService   : Removing 8 users from all courses...
    23:44:35.084 | 193 Pool-1-worker-86 | DEBUG | d.t.c.a.a.c.u.util.UserUtilService   : Removing 8 users from all courses. Done
    23:44:35.084 | 193 Pool-1-worker-86 | DEBUG | d.t.c.a.a.c.u.util.UserUtilService   : Save 4 users to database...
    23:44:35.088 | 193 Pool-1-worker-86 | DEBUG | d.t.c.a.a.c.u.util.UserUtilService   : Save 4 users to database. Done
    23:44:35.112 | 193 Pool-1-worker-86 | INFO  | i.z.t.d.l.EmbeddedDatabaseReporter   : JDBC URL to connect to 'dataSource': url='jdbc:h2:tcp://localhost:41063/mem:df70fc46-7e57-4cb5-9cd0-c1d90c14afa7;USER=sa', scope='EnforceRoleInCourseTest#testAsInstructorOfCourse'
    23:44:35.113 | 193 Pool-1-worker-86 | DEBUG | d.t.c.a.a.c.s.f.ApiVersionFilter     : Adding Version to Request GET /api/test/testEnforceAtLeastEditorInCourse/1333

  Starting logs for EnforceRoleInCourseTest > testAsInstructorOfCourse(String, HttpStatus) [7] endpoint=testEnforceAtLeastInstructorInCourseExplicit, expectedStatus=200 OK
    23:44:35.131 | 193 Pool-1-worker-86 | DEBUG | d.t.c.a.a.c.u.util.UserUtilService   : Generate 1 students...
    23:44:35.134 | 193 Pool-1-worker-86 | DEBUG | d.t.c.a.a.c.u.util.UserUtilService   : 1 students generated. Generate 1 tutors...
    23:44:35.137 | 193 Pool-1-worker-86 | DEBUG | d.t.c.a.a.c.u.util.UserUtilService   : 1 tutors generated. Generate 1 editors...
    23:44:35.140 | 193 Pool-1-worker-86 | DEBUG | d.t.c.a.a.c.u.util.UserUtilService   : 1 editors generated. Generate 1 instructors...
    23:44:35.143 | 193 Pool-1-worker-86 | DEBUG | d.t.c.a.a.c.u.util.UserUtilService   : 1 instructors generated
    23:44:35.145 | 193 Pool-1-worker-86 | DEBUG | d.t.c.a.a.c.u.util.UserUtilService   : Removing 8 users from all courses...
    23:44:35.146 | 193 Pool-1-worker-86 | DEBUG | d.t.c.a.a.c.u.util.UserUtilService   : Removing 8 users from all courses. Done
    23:44:35.146 | 193 Pool-1-worker-86 | DEBUG | d.t.c.a.a.c.u.util.UserUtilService   : Save 4 users to database...
    23:44:35.150 | 193 Pool-1-worker-86 | DEBUG | d.t.c.a.a.c.u.util.UserUtilService   : Save 4 users to database. Done
    23:44:35.179 | 193 Pool-1-worker-86 | INFO  | i.z.t.d.l.EmbeddedDatabaseReporter   : JDBC URL to connect to 'dataSource': url='jdbc:h2:tcp://localhost:41063/mem:df70fc46-7e57-4cb5-9cd0-c1d90c14afa7;USER=sa', scope='EnforceRoleInCourseTest#testAsInstructorOfCourse'
    23:44:35.181 | 193 Pool-1-worker-86 | DEBUG | d.t.c.a.a.c.s.f.ApiVersionFilter     : Adding Version to Request GET /api/test/testEnforceAtLeastInstructorInCourseExplicit/1334

  Starting logs for EnforceRoleInCourseTest > testAsInstructorOfCourse(String, HttpStatus) [8] endpoint=testEnforceAtLeastInstructorInCourse, expectedStatus=200 OK
    23:44:35.215 | 193 Pool-1-worker-86 | DEBUG | d.t.c.a.a.c.u.util.UserUtilService   : Generate 1 students...
    23:44:35.218 | 193 Pool-1-worker-86 | DEBUG | d.t.c.a.a.c.u.util.UserUtilService   : 1 students generated. Generate 1 tutors...
    23:44:35.221 | 193 Pool-1-worker-86 | DEBUG | d.t.c.a.a.c.u.util.UserUtilService   : 1 tutors generated. Generate 1 editors...
    23:44:35.224 | 193 Pool-1-worker-86 | DEBUG | d.t.c.a.a.c.u.util.UserUtilService   : 1 editors generated. Generate 1 instructors...
    23:44:35.227 | 193 Pool-1-worker-86 | DEBUG | d.t.c.a.a.c.u.util.UserUtilService   : 1 instructors generated
    23:44:35.230 | 193 Pool-1-worker-86 | DEBUG | d.t.c.a.a.c.u.util.UserUtilService   : Removing 8 users from all courses...
    23:44:35.231 | 193 Pool-1-worker-86 | DEBUG | d.t.c.a.a.c.u.util.UserUtilService   : Removing 8 users from all courses. Done
    23:44:35.231 | 193 Pool-1-worker-86 | DEBUG | d.t.c.a.a.c.u.util.UserUtilService   : Save 4 users to database...
    23:44:35.235 | 193 Pool-1-worker-86 | DEBUG | d.t.c.a.a.c.u.util.UserUtilService   : Save 4 users to database. Done
    23:44:35.258 | 193 Pool-1-worker-86 | INFO  | i.z.t.d.l.EmbeddedDatabaseReporter   : JDBC URL to connect to 'dataSource': url='jdbc:h2:tcp://localhost:41063/mem:df70fc46-7e57-4cb5-9cd0-c1d90c14afa7;USER=sa', scope='EnforceRoleInCourseTest#testAsInstructorOfCourse'
    23:44:35.259 | 193 Pool-1-worker-86 | DEBUG | d.t.c.a.a.c.s.f.ApiVersionFilter     : Adding Version to Request GET /api/test/testEnforceAtLeastInstructorInCourse/1335

  Starting logs for EnforceRoleInCourseTest > testAsInstructorOfCourse(String, HttpStatus) [9] endpoint=testEnforceRoleInCourseFieldName, expectedStatus=200 OK
    23:44:35.283 | 193 Pool-1-worker-86 | DEBUG | d.t.c.a.a.c.u.util.UserUtilService   : Generate 1 students...
    23:44:35.293 | 193 Pool-1-worker-86 | DEBUG | d.t.c.a.a.c.u.util.UserUtilService   : 1 students generated. Generate 1 tutors...
    23:44:35.299 | 193 Pool-1-worker-86 | DEBUG | d.t.c.a.a.c.u.util.UserUtilService   : 1 tutors generated. Generate 1 editors...
    23:44:35.302 | 193 Pool-1-worker-86 | DEBUG | d.t.c.a.a.c.u.util.UserUtilService   : 1 editors generated. Generate 1 instructors...
    23:44:35.304 | 193 Pool-1-worker-86 | DEBUG | d.t.c.a.a.c.u.util.UserUtilService   : 1 instructors generated
    23:44:35.306 | 193 Pool-1-worker-86 | DEBUG | d.t.c.a.a.c.u.util.UserUtilService   : Removing 8 users from all courses...
    23:44:35.308 | 193 Pool-1-worker-86 | DEBUG | d.t.c.a.a.c.u.util.UserUtilService   : Removing 8 users from all courses. Done
    23:44:35.308 | 193 Pool-1-worker-86 | DEBUG | d.t.c.a.a.c.u.util.UserUtilService   : Save 4 users to database...
    23:44:35.313 | 193 Pool-1-worker-86 | DEBUG | d.t.c.a.a.c.u.util.UserUtilService   : Save 4 users to database. Done
    23:44:35.329 | 193 Pool-1-worker-86 | INFO  | i.z.t.d.l.EmbeddedDatabaseReporter   : JDBC URL to connect to 'dataSource': url='jdbc:h2:tcp://localhost:41063/mem:df70fc46-7e57-4cb5-9cd0-c1d90c14afa7;USER=sa', scope='EnforceRoleInCourseTest#testAsInstructorOfCourse'
    23:44:35.330 | 193 Pool-1-worker-86 | DEBUG | d.t.c.a.a.c.s.f.ApiVersionFilter     : Adding Version to Request GET /api/test/testEnforceRoleInCourseFieldName/1336

  Starting logs for EnforceRoleInCourseTest > testAsInstructorOfCourse(String, HttpStatus) [10] endpoint=testEnforceAtLeastStudentInCourseFieldName, expectedStatus=200 OK
    23:44:35.344 | 193 Pool-1-worker-86 | DEBUG | d.t.c.a.a.c.u.util.UserUtilService   : Generate 1 students...
    23:44:35.347 | 193 Pool-1-worker-86 | DEBUG | d.t.c.a.a.c.u.util.UserUtilService   : 1 students generated. Generate 1 tutors...
    23:44:35.349 | 193 Pool-1-worker-86 | DEBUG | d.t.c.a.a.c.u.util.UserUtilService   : 1 tutors generated. Generate 1 editors...
    23:44:35.351 | 193 Pool-1-worker-86 | DEBUG | d.t.c.a.a.c.u.util.UserUtilService   : 1 editors generated. Generate 1 instructors...
    23:44:35.353 | 193 Pool-1-worker-86 | DEBUG | d.t.c.a.a.c.u.util.UserUtilService   : 1 instructors generated
    23:44:35.355 | 193 Pool-1-worker-86 | DEBUG | d.t.c.a.a.c.u.util.UserUtilService   : Removing 8 users from all courses...
    23:44:35.356 | 193 Pool-1-worker-86 | DEBUG | d.t.c.a.a.c.u.util.UserUtilService   : Removing 8 users from all courses. Done
    23:44:35.356 | 193 Pool-1-worker-86 | DEBUG | d.t.c.a.a.c.u.util.UserUtilService   : Save 4 users to database...
    23:44:35.358 | 193 Pool-1-worker-86 | DEBUG | d.t.c.a.a.c.u.util.UserUtilService   : Save 4 users to database. Done
    23:44:35.376 | 193 Pool-1-worker-86 | INFO  | i.z.t.d.l.EmbeddedDatabaseReporter   : JDBC URL to connect to 'dataSource': url='jdbc:h2:tcp://localhost:41063/mem:df70fc46-7e57-4cb5-9cd0-c1d90c14afa7;USER=sa', scope='EnforceRoleInCourseTest#testAsInstructorOfCourse'
    23:44:35.377 | 193 Pool-1-worker-86 | DEBUG | d.t.c.a.a.c.s.f.ApiVersionFilter     : Adding Version to Request GET /api/test/testEnforceAtLeastStudentInCourseFieldName/1337

  Starting logs for EnforceRoleInCourseTest > testAsInstructorOfCourse(String, HttpStatus) [11] endpoint=testEnforceAtLeastTutorInCourseFieldName, expectedStatus=200 OK
    23:44:35.393 | 193 Pool-1-worker-86 | DEBUG | d.t.c.a.a.c.u.util.UserUtilService   : Generate 1 students...
    23:44:35.395 | 193 Pool-1-worker-86 | DEBUG | d.t.c.a.a.c.u.util.UserUtilService   : 1 students generated. Generate 1 tutors...
    23:44:35.398 | 193 Pool-1-worker-86 | DEBUG | d.t.c.a.a.c.u.util.UserUtilService   : 1 tutors generated. Generate 1 editors...
    23:44:35.401 | 193 Pool-1-worker-86 | DEBUG | d.t.c.a.a.c.u.util.UserUtilService   : 1 editors generated. Generate 1 instructors...
    23:44:35.404 | 193 Pool-1-worker-86 | DEBUG | d.t.c.a.a.c.u.util.UserUtilService   : 1 instructors generated
    23:44:35.406 | 193 Pool-1-worker-86 | DEBUG | d.t.c.a.a.c.u.util.UserUtilService   : Removing 8 users from all courses...
    23:44:35.407 | 193 Pool-1-worker-86 | DEBUG | d.t.c.a.a.c.u.util.UserUtilService   : Removing 8 users from all courses. Done
    23:44:35.407 | 193 Pool-1-worker-86 | DEBUG | d.t.c.a.a.c.u.util.UserUtilService   : Save 4 users to database...
    23:44:35.412 | 193 Pool-1-worker-86 | DEBUG | d.t.c.a.a.c.u.util.UserUtilService   : Save 4 users to database. Done
    23:44:35.436 | 193 Pool-1-worker-86 | INFO  | i.z.t.d.l.EmbeddedDatabaseReporter   : JDBC URL to connect to 'dataSource': url='jdbc:h2:tcp://localhost:41063/mem:df70fc46-7e57-4cb5-9cd0-c1d90c14afa7;USER=sa', scope='EnforceRoleInCourseTest#testAsInstructorOfCourse'
    23:44:35.437 | 193 Pool-1-worker-86 | DEBUG | d.t.c.a.a.c.s.f.ApiVersionFilter     : Adding Version to Request GET /api/test/testEnforceAtLeastTutorInCourseFieldName/1338

  Starting logs for EnforceRoleInCourseTest > testAsInstructorOfCourse(String, HttpStatus) [12] endpoint=testEnforceAtLeastEditorInCourseFieldName, expectedStatus=200 OK
    23:44:35.455 | 193 Pool-1-worker-86 | DEBUG | d.t.c.a.a.c.u.util.UserUtilService   : Generate 1 students...
    23:44:35.458 | 193 Pool-1-worker-86 | DEBUG | d.t.c.a.a.c.u.util.UserUtilService   : 1 students generated. Generate 1 tutors...
    23:44:35.461 | 193 Pool-1-worker-86 | DEBUG | d.t.c.a.a.c.u.util.UserUtilService   : 1 tutors generated. Generate 1 editors...
    23:44:35.464 | 193 Pool-1-worker-86 | DEBUG | d.t.c.a.a.c.u.util.UserUtilService   : 1 editors generated. Generate 1 instructors...
    23:44:35.467 | 193 Pool-1-worker-86 | DEBUG | d.t.c.a.a.c.u.util.UserUtilService   : 1 instructors generated
    23:44:35.469 | 193 Pool-1-worker-86 | DEBUG | d.t.c.a.a.c.u.util.UserUtilService   : Removing 8 users from all courses...
    23:44:35.470 | 193 Pool-1-worker-86 | DEBUG | d.t.c.a.a.c.u.util.UserUtilService   : Removing 8 users from all courses. Done
    23:44:35.470 | 193 Pool-1-worker-86 | DEBUG | d.t.c.a.a.c.u.util.UserUtilService   : Save 4 users to database...
    23:44:35.474 | 193 Pool-1-worker-86 | DEBUG | d.t.c.a.a.c.u.util.UserUtilService   : Save 4 users to database. Done
    23:44:35.498 | 193 Pool-1-worker-86 | INFO  | i.z.t.d.l.EmbeddedDatabaseReporter   : JDBC URL to connect to 'dataSource': url='jdbc:h2:tcp://localhost:41063/mem:df70fc46-7e57-4cb5-9cd0-c1d90c14afa7;USER=sa', scope='EnforceRoleInCourseTest#testAsInstructorOfCourse'
    23:44:35.500 | 193 Pool-1-worker-86 | DEBUG | d.t.c.a.a.c.s.f.ApiVersionFilter     : Adding Version to Request GET /api/test/testEnforceAtLeastEditorInCourseFieldName/1339

  Starting logs for EnforceRoleInCourseTest > testAsInstructorOfCourse(String, HttpStatus) [13] endpoint=testEnforceAtLeastInstructorInCourseFieldName, expectedStatus=200 OK
    23:44:35.519 | 193 Pool-1-worker-86 | DEBUG | d.t.c.a.a.c.u.util.UserUtilService   : Generate 1 students...
    23:44:35.521 | 193 Pool-1-worker-86 | DEBUG | d.t.c.a.a.c.u.util.UserUtilService   : 1 students generated. Generate 1 tutors...
    23:44:35.524 | 193 Pool-1-worker-86 | DEBUG | d.t.c.a.a.c.u.util.UserUtilService   : 1 tutors generated. Generate 1 editors...
    23:44:35.527 | 193 Pool-1-worker-86 | DEBUG | d.t.c.a.a.c.u.util.UserUtilService   : 1 editors generated. Generate 1 instructors...
    23:44:35.530 | 193 Pool-1-worker-86 | DEBUG | d.t.c.a.a.c.u.util.UserUtilService   : 1 instructors generated
    23:44:35.532 | 193 Pool-1-worker-86 | DEBUG | d.t.c.a.a.c.u.util.UserUtilService   : Removing 8 users from all courses...
    23:44:35.533 | 193 Pool-1-worker-86 | DEBUG | d.t.c.a.a.c.u.util.UserUtilService   : Removing 8 users from all courses. Done
    23:44:35.533 | 193 Pool-1-worker-86 | DEBUG | d.t.c.a.a.c.u.util.UserUtilService   : Save 4 users to database...
    23:44:35.537 | 193 Pool-1-worker-86 | DEBUG | d.t.c.a.a.c.u.util.UserUtilService   : Save 4 users to database. Done
    23:44:35.560 | 193 Pool-1-worker-86 | INFO  | i.z.t.d.l.EmbeddedDatabaseReporter   : JDBC URL to connect to 'dataSource': url='jdbc:h2:tcp://localhost:41063/mem:df70fc46-7e57-4cb5-9cd0-c1d90c14afa7;USER=sa', scope='EnforceRoleInCourseTest#testAsInstructorOfCourse'
    23:44:35.561 | 193 Pool-1-worker-86 | DEBUG | d.t.c.a.a.c.s.f.ApiVersionFilter     : Adding Version to Request GET /api/test/testEnforceAtLeastInstructorInCourseFieldName/1340

  Starting logs for EnforceRoleInCourseTest > testAsTutorOfCourse(String, HttpStatus) [1] endpoint=testEnforceAtLeastStudentInCourseExplicit, expectedStatus=200 OK
    23:44:35.588 | 193 Pool-1-worker-86 | DEBUG | d.t.c.a.a.c.u.util.UserUtilService   : Generate 1 students...
    23:44:35.592 | 193 Pool-1-worker-86 | DEBUG | d.t.c.a.a.c.u.util.UserUtilService   : 1 students generated. Generate 1 tutors...
    23:44:35.597 | 193 Pool-1-worker-86 | DEBUG | d.t.c.a.a.c.u.util.UserUtilService   : 1 tutors generated. Generate 1 editors...
    23:44:35.599 | 193 Pool-1-worker-86 | DEBUG | d.t.c.a.a.c.u.util.UserUtilService   : 1 editors generated. Generate 1 instructors...
    23:44:35.602 | 193 Pool-1-worker-86 | DEBUG | d.t.c.a.a.c.u.util.UserUtilService   : 1 instructors generated
    23:44:35.604 | 193 Pool-1-worker-86 | DEBUG | d.t.c.a.a.c.u.util.UserUtilService   : Removing 8 users from all courses...
    23:44:35.605 | 193 Pool-1-worker-86 | DEBUG | d.t.c.a.a.c.u.util.UserUtilService   : Removing 8 users from all courses. Done
    23:44:35.605 | 193 Pool-1-worker-86 | DEBUG | d.t.c.a.a.c.u.util.UserUtilService   : Save 4 users to database...
    23:44:35.612 | 193 Pool-1-worker-86 | DEBUG | d.t.c.a.a.c.u.util.UserUtilService   : Save 4 users to database. Done
    23:44:35.656 | 193 Pool-1-worker-86 | INFO  | i.z.t.d.l.EmbeddedDatabaseReporter   : JDBC URL to connect to 'dataSource': url='jdbc:h2:tcp://localhost:41063/mem:df70fc46-7e57-4cb5-9cd0-c1d90c14afa7;USER=sa', scope='EnforceRoleInCourseTest#testAsTutorOfCourse'
    23:44:35.657 | 193 Pool-1-worker-86 | DEBUG | d.t.c.a.a.c.s.f.ApiVersionFilter     : Adding Version to Request GET /api/test/testEnforceAtLeastStudentInCourseExplicit/1341

  Starting logs for EnforceRoleInCourseTest > testAsTutorOfCourse(String, HttpStatus) [2] endpoint=testEnforceAtLeastStudentInCourse, expectedStatus=200 OK
    23:44:35.674 | 193 Pool-1-worker-86 | DEBUG | d.t.c.a.a.c.u.util.UserUtilService   : Generate 1 students...
    23:44:35.680 | 193 Pool-1-worker-86 | DEBUG | d.t.c.a.a.c.u.util.UserUtilService   : 1 students generated. Generate 1 tutors...
    23:44:35.683 | 193 Pool-1-worker-86 | DEBUG | d.t.c.a.a.c.u.util.UserUtilService   : 1 tutors generated. Generate 1 editors...
    23:44:35.686 | 193 Pool-1-worker-86 | DEBUG | d.t.c.a.a.c.u.util.UserUtilService   : 1 editors generated. Generate 1 instructors...
    23:44:35.689 | 193 Pool-1-worker-86 | DEBUG | d.t.c.a.a.c.u.util.UserUtilService   : 1 instructors generated
    23:44:35.691 | 193 Pool-1-worker-86 | DEBUG | d.t.c.a.a.c.u.util.UserUtilService   : Removing 8 users from all courses...
    23:44:35.692 | 193 Pool-1-worker-86 | DEBUG | d.t.c.a.a.c.u.util.UserUtilService   : Removing 8 users from all courses. Done
    23:44:35.692 | 193 Pool-1-worker-86 | DEBUG | d.t.c.a.a.c.u.util.UserUtilService   : Save 4 users to database...
    23:44:35.696 | 193 Pool-1-worker-86 | DEBUG | d.t.c.a.a.c.u.util.UserUtilService   : Save 4 users to database. Done
    23:44:35.719 | 193 Pool-1-worker-86 | INFO  | i.z.t.d.l.EmbeddedDatabaseReporter   : JDBC URL to connect to 'dataSource': url='jdbc:h2:tcp://localhost:41063/mem:df70fc46-7e57-4cb5-9cd0-c1d90c14afa7;USER=sa', scope='EnforceRoleInCourseTest#testAsTutorOfCourse'
    23:44:35.720 | 193 Pool-1-worker-86 | DEBUG | d.t.c.a.a.c.s.f.ApiVersionFilter     : Adding Version to Request GET /api/test/testEnforceAtLeastStudentInCourse/1342

  Starting logs for EnforceRoleInCourseTest > testAsTutorOfCourse(String, HttpStatus) [3] endpoint=testEnforceAtLeastTutorInCourseExplicit, expectedStatus=200 OK
    23:44:35.739 | 193 Pool-1-worker-86 | DEBUG | d.t.c.a.a.c.u.util.UserUtilService   : Generate 1 students...
    23:44:35.742 | 193 Pool-1-worker-86 | DEBUG | d.t.c.a.a.c.u.util.UserUtilService   : 1 students generated. Generate 1 tutors...
    23:44:35.744 | 193 Pool-1-worker-86 | DEBUG | d.t.c.a.a.c.u.util.UserUtilService   : 1 tutors generated. Generate 1 editors...
    23:44:35.747 | 193 Pool-1-worker-86 | DEBUG | d.t.c.a.a.c.u.util.UserUtilService   : 1 editors generated. Generate 1 instructors...
    23:44:35.750 | 193 Pool-1-worker-86 | DEBUG | d.t.c.a.a.c.u.util.UserUtilService   : 1 instructors generated
    23:44:35.752 | 193 Pool-1-worker-86 | DEBUG | d.t.c.a.a.c.u.util.UserUtilService   : Removing 8 users from all courses...
    23:44:35.753 | 193 Pool-1-worker-86 | DEBUG | d.t.c.a.a.c.u.util.UserUtilService   : Removing 8 users from all courses. Done
    23:44:35.753 | 193 Pool-1-worker-86 | DEBUG | d.t.c.a.a.c.u.util.UserUtilService   : Save 4 users to database...
    23:44:35.757 | 193 Pool-1-worker-86 | DEBUG | d.t.c.a.a.c.u.util.UserUtilService   : Save 4 users to database. Done
    23:44:35.781 | 193 Pool-1-worker-86 | INFO  | i.z.t.d.l.EmbeddedDatabaseReporter   : JDBC URL to connect to 'dataSource': url='jdbc:h2:tcp://localhost:41063/mem:df70fc46-7e57-4cb5-9cd0-c1d90c14afa7;USER=sa', scope='EnforceRoleInCourseTest#testAsTutorOfCourse'
    23:44:35.783 | 193 Pool-1-worker-86 | DEBUG | d.t.c.a.a.c.s.f.ApiVersionFilter     : Adding Version to Request GET /api/test/testEnforceAtLeastTutorInCourseExplicit/1343

  Starting logs for EnforceRoleInCourseTest > testAsTutorOfCourse(String, HttpStatus) [4] endpoint=testEnforceAtLeastTutorInCourse, expectedStatus=200 OK
    23:44:35.800 | 193 Pool-1-worker-86 | DEBUG | d.t.c.a.a.c.u.util.UserUtilService   : Generate 1 students...
    23:44:35.803 | 193 Pool-1-worker-86 | DEBUG | d.t.c.a.a.c.u.util.UserUtilService   : 1 students generated. Generate 1 tutors...
    23:44:35.805 | 193 Pool-1-worker-86 | DEBUG | d.t.c.a.a.c.u.util.UserUtilService   : 1 tutors generated. Generate 1 editors...
    23:44:35.808 | 193 Pool-1-worker-86 | DEBUG | d.t.c.a.a.c.u.util.UserUtilService   : 1 editors generated. Generate 1 instructors...
    23:44:35.810 | 193 Pool-1-worker-86 | DEBUG | d.t.c.a.a.c.u.util.UserUtilService   : 1 instructors generated
    23:44:35.812 | 193 Pool-1-worker-86 | DEBUG | d.t.c.a.a.c.u.util.UserUtilService   : Removing 8 users from all courses...
    23:44:35.814 | 193 Pool-1-worker-86 | DEBUG | d.t.c.a.a.c.u.util.UserUtilService   : Removing 8 users from all courses. Done
    23:44:35.814 | 193 Pool-1-worker-86 | DEBUG | d.t.c.a.a.c.u.util.UserUtilService   : Save 4 users to database...
    23:44:35.817 | 193 Pool-1-worker-86 | DEBUG | d.t.c.a.a.c.u.util.UserUtilService   : Save 4 users to database. Done
    23:44:35.840 | 193 Pool-1-worker-86 | INFO  | i.z.t.d.l.EmbeddedDatabaseReporter   : JDBC URL to connect to 'dataSource': url='jdbc:h2:tcp://localhost:41063/mem:df70fc46-7e57-4cb5-9cd0-c1d90c14afa7;USER=sa', scope='EnforceRoleInCourseTest#testAsTutorOfCourse'
    23:44:35.841 | 193 Pool-1-worker-86 | DEBUG | d.t.c.a.a.c.s.f.ApiVersionFilter     : Adding Version to Request GET /api/test/testEnforceAtLeastTutorInCourse/1344

  Starting logs for EnforceRoleInCourseTest > testAsTutorOfCourse(String, HttpStatus) [5] endpoint=testEnforceAtLeastEditorInCourseExplicit, expectedStatus=403 FORBIDDEN
    23:44:35.862 | 193 Pool-1-worker-86 | DEBUG | d.t.c.a.a.c.u.util.UserUtilService   : Generate 1 students...
    23:44:35.864 | 193 Pool-1-worker-86 | DEBUG | d.t.c.a.a.c.u.util.UserUtilService   : 1 students generated. Generate 1 tutors...
    23:44:35.867 | 193 Pool-1-worker-86 | DEBUG | d.t.c.a.a.c.u.util.UserUtilService   : 1 tutors generated. Generate 1 editors...
    23:44:35.870 | 193 Pool-1-worker-86 | DEBUG | d.t.c.a.a.c.u.util.UserUtilService   : 1 editors generated. Generate 1 instructors...
    23:44:35.872 | 193 Pool-1-worker-86 | DEBUG | d.t.c.a.a.c.u.util.UserUtilService   : 1 instructors generated
    23:44:35.874 | 193 Pool-1-worker-86 | DEBUG | d.t.c.a.a.c.u.util.UserUtilService   : Removing 8 users from all courses...
    23:44:35.875 | 193 Pool-1-worker-86 | DEBUG | d.t.c.a.a.c.u.util.UserUtilService   : Removing 8 users from all courses. Done
    23:44:35.875 | 193 Pool-1-worker-86 | DEBUG | d.t.c.a.a.c.u.util.UserUtilService   : Save 4 users to database...
    23:44:35.880 | 193 Pool-1-worker-86 | DEBUG | d.t.c.a.a.c.u.util.UserUtilService   : Save 4 users to database. Done
    23:44:35.903 | 193 Pool-1-worker-86 | INFO  | i.z.t.d.l.EmbeddedDatabaseReporter   : JDBC URL to connect to 'dataSource': url='jdbc:h2:tcp://localhost:41063/mem:df70fc46-7e57-4cb5-9cd0-c1d90c14afa7;USER=sa', scope='EnforceRoleInCourseTest#testAsTutorOfCourse'
    23:44:35.904 | 193 Pool-1-worker-86 | DEBUG | d.t.c.a.a.c.s.f.ApiVersionFilter     : Adding Version to Request GET /api/test/testEnforceAtLeastEditorInCourseExplicit/1345
    23:44:35.906 | 193 Pool-1-worker-86 | WARN  | o.z.p.spring.common.AdviceTraits     : Forbidden: You are not allowed to access the Course with id 1345

  Starting logs for EnforceRoleInCourseTest > testAsTutorOfCourse(String, HttpStatus) [6] endpoint=testEnforceAtLeastEditorInCourse, expectedStatus=403 FORBIDDEN
    23:44:35.924 | 193 Pool-1-worker-86 | DEBUG | d.t.c.a.a.c.u.util.UserUtilService   : Generate 1 students...
    23:44:35.930 | 193 Pool-1-worker-86 | DEBUG | d.t.c.a.a.c.u.util.UserUtilService   : 1 students generated. Generate 1 tutors...
    23:44:35.934 | 193 Pool-1-worker-86 | DEBUG | d.t.c.a.a.c.u.util.UserUtilService   : 1 tutors generated. Generate 1 editors...
    23:44:35.937 | 193 Pool-1-worker-86 | DEBUG | d.t.c.a.a.c.u.util.UserUtilService   : 1 editors generated. Generate 1 instructors...
    23:44:35.940 | 193 Pool-1-worker-86 | DEBUG | d.t.c.a.a.c.u.util.UserUtilService   : 1 instructors generated
    23:44:35.942 | 193 Pool-1-worker-86 | DEBUG | d.t.c.a.a.c.u.util.UserUtilService   : Removing 8 users from all courses...
    23:44:35.943 | 193 Pool-1-worker-86 | DEBUG | d.t.c.a.a.c.u.util.UserUtilService   : Removing 8 users from all courses. Done
    23:44:35.943 | 193 Pool-1-worker-86 | DEBUG | d.t.c.a.a.c.u.util.UserUtilService   : Save 4 users to database...
    23:44:35.947 | 193 Pool-1-worker-86 | DEBUG | d.t.c.a.a.c.u.util.UserUtilService   : Save 4 users to database. Done
    23:44:35.970 | 193 Pool-1-worker-86 | INFO  | i.z.t.d.l.EmbeddedDatabaseReporter   : JDBC URL to connect to 'dataSource': url='jdbc:h2:tcp://localhost:41063/mem:df70fc46-7e57-4cb5-9cd0-c1d90c14afa7;USER=sa', scope='EnforceRoleInCourseTest#testAsTutorOfCourse'
    23:44:35.972 | 193 Pool-1-worker-86 | DEBUG | d.t.c.a.a.c.s.f.ApiVersionFilter     : Adding Version to Request GET /api/test/testEnforceAtLeastEditorInCourse/1346
    23:44:35.973 | 193 Pool-1-worker-86 | WARN  | o.z.p.spring.common.AdviceTraits     : Forbidden: Access Denied

  Starting logs for EnforceRoleInCourseTest > testAsTutorOfCourse(String, HttpStatus) [7] endpoint=testEnforceAtLeastInstructorInCourseExplicit, expectedStatus=403 FORBIDDEN
    23:44:36.084 | 193 Pool-1-worker-86 | DEBUG | d.t.c.a.a.c.u.util.UserUtilService   : Generate 1 students...
    23:44:36.087 | 193 Pool-1-worker-86 | DEBUG | d.t.c.a.a.c.u.util.UserUtilService   : 1 students generated. Generate 1 tutors...
    23:44:36.092 | 193 Pool-1-worker-86 | DEBUG | d.t.c.a.a.c.u.util.UserUtilService   : 1 tutors generated. Generate 1 editors...
    23:44:36.098 | 193 Pool-1-worker-86 | DEBUG | d.t.c.a.a.c.u.util.UserUtilService   : 1 editors generated. Generate 1 instructors...
    23:44:36.101 | 193 Pool-1-worker-86 | DEBUG | d.t.c.a.a.c.u.util.UserUtilService   : 1 instructors generated
    23:44:36.103 | 193 Pool-1-worker-86 | DEBUG | d.t.c.a.a.c.u.util.UserUtilService   : Removing 8 users from all courses...
    23:44:36.104 | 193 Pool-1-worker-86 | DEBUG | d.t.c.a.a.c.u.util.UserUtilService   : Removing 8 users from all courses. Done
    23:44:36.104 | 193 Pool-1-worker-86 | DEBUG | d.t.c.a.a.c.u.util.UserUtilService   : Save 4 users to database...
    23:44:36.108 | 193 Pool-1-worker-86 | DEBUG | d.t.c.a.a.c.u.util.UserUtilService   : Save 4 users to database. Done
    23:44:36.128 | 193 Pool-1-worker-86 | INFO  | i.z.t.d.l.EmbeddedDatabaseReporter   : JDBC URL to connect to 'dataSource': url='jdbc:h2:tcp://localhost:41063/mem:df70fc46-7e57-4cb5-9cd0-c1d90c14afa7;USER=sa', scope='EnforceRoleInCourseTest#testAsTutorOfCourse'
    23:44:36.132 | 193 Pool-1-worker-86 | DEBUG | d.t.c.a.a.c.s.f.ApiVersionFilter     : Adding Version to Request GET /api/test/testEnforceAtLeastInstructorInCourseExplicit/1347
    23:44:36.136 | 193 Pool-1-worker-86 | WARN  | o.z.p.spring.common.AdviceTraits     : Forbidden: You are not allowed to access the Course with id 1347

  Starting logs for EnforceRoleInCourseTest > testAsTutorOfCourse(String, HttpStatus) [8] endpoint=testEnforceAtLeastInstructorInCourse, expectedStatus=403 FORBIDDEN
    23:44:36.156 | 193 Pool-1-worker-86 | DEBUG | d.t.c.a.a.c.u.util.UserUtilService   : Generate 1 students...
    23:44:36.158 | 193 Pool-1-worker-86 | DEBUG | d.t.c.a.a.c.u.util.UserUtilService   : 1 students generated. Generate 1 tutors...
    23:44:36.161 | 193 Pool-1-worker-86 | DEBUG | d.t.c.a.a.c.u.util.UserUtilService   : 1 tutors generated. Generate 1 editors...
    23:44:36.164 | 193 Pool-1-worker-86 | DEBUG | d.t.c.a.a.c.u.util.UserUtilService   : 1 editors generated. Generate 1 instructors...
    23:44:36.166 | 193 Pool-1-worker-86 | DEBUG | d.t.c.a.a.c.u.util.UserUtilService   : 1 instructors generated
    23:44:36.168 | 193 Pool-1-worker-86 | DEBUG | d.t.c.a.a.c.u.util.UserUtilService   : Removing 8 users from all courses...
    23:44:36.169 | 193 Pool-1-worker-86 | DEBUG | d.t.c.a.a.c.u.util.UserUtilService   : Removing 8 users from all courses. Done
    23:44:36.169 | 193 Pool-1-worker-86 | DEBUG | d.t.c.a.a.c.u.util.UserUtilService   : Save 4 users to database...
    23:44:36.173 | 193 Pool-1-worker-86 | DEBUG | d.t.c.a.a.c.u.util.UserUtilService   : Save 4 users to database. Done
    23:44:36.193 | 193 Pool-1-worker-86 | INFO  | i.z.t.d.l.EmbeddedDatabaseReporter   : JDBC URL to connect to 'dataSource': url='jdbc:h2:tcp://localhost:41063/mem:df70fc46-7e57-4cb5-9cd0-c1d90c14afa7;USER=sa', scope='EnforceRoleInCourseTest#testAsTutorOfCourse'
    23:44:36.195 | 193 Pool-1-worker-86 | DEBUG | d.t.c.a.a.c.s.f.ApiVersionFilter     : Adding Version to Request GET /api/test/testEnforceAtLeastInstructorInCourse/1348
    23:44:36.197 | 193 Pool-1-worker-86 | WARN  | o.z.p.spring.common.AdviceTraits     : Forbidden: Access Denied

  Starting logs for EnforceRoleInCourseTest > testAsTutorOfCourse(String, HttpStatus) [9] endpoint=testEnforceRoleInCourseFieldName, expectedStatus=200 OK
    23:44:36.213 | 193 Pool-1-worker-86 | DEBUG | d.t.c.a.a.c.u.util.UserUtilService   : Generate 1 students...
    23:44:36.216 | 193 Pool-1-worker-86 | DEBUG | d.t.c.a.a.c.u.util.UserUtilService   : 1 students generated. Generate 1 tutors...
    23:44:36.219 | 193 Pool-1-worker-86 | DEBUG | d.t.c.a.a.c.u.util.UserUtilService   : 1 tutors generated. Generate 1 editors...
    23:44:36.221 | 193 Pool-1-worker-86 | DEBUG | d.t.c.a.a.c.u.util.UserUtilService   : 1 editors generated. Generate 1 instructors...
    23:44:36.224 | 193 Pool-1-worker-86 | DEBUG | d.t.c.a.a.c.u.util.UserUtilService   : 1 instructors generated
    23:44:36.226 | 193 Pool-1-worker-86 | DEBUG | d.t.c.a.a.c.u.util.UserUtilService   : Removing 8 users from all courses...
    23:44:36.227 | 193 Pool-1-worker-86 | DEBUG | d.t.c.a.a.c.u.util.UserUtilService   : Removing 8 users from all courses. Done
    23:44:36.227 | 193 Pool-1-worker-86 | DEBUG | d.t.c.a.a.c.u.util.UserUtilService   : Save 4 users to database...
    23:44:36.231 | 193 Pool-1-worker-86 | DEBUG | d.t.c.a.a.c.u.util.UserUtilService   : Save 4 users to database. Done
    23:44:36.251 | 193 Pool-1-worker-86 | INFO  | i.z.t.d.l.EmbeddedDatabaseReporter   : JDBC URL to connect to 'dataSource': url='jdbc:h2:tcp://localhost:41063/mem:df70fc46-7e57-4cb5-9cd0-c1d90c14afa7;USER=sa', scope='EnforceRoleInCourseTest#testAsTutorOfCourse'
    23:44:36.252 | 193 Pool-1-worker-86 | DEBUG | d.t.c.a.a.c.s.f.ApiVersionFilter     : Adding Version to Request GET /api/test/testEnforceRoleInCourseFieldName/1349

  Starting logs for EnforceRoleInCourseTest > testAsTutorOfCourse(String, HttpStatus) [10] endpoint=testEnforceAtLeastStudentInCourseFieldName, expectedStatus=200 OK
    23:44:36.270 | 193 Pool-1-worker-86 | DEBUG | d.t.c.a.a.c.u.util.UserUtilService   : Generate 1 students...
    23:44:36.273 | 193 Pool-1-worker-86 | DEBUG | d.t.c.a.a.c.u.util.UserUtilService   : 1 students generated. Generate 1 tutors...
    23:44:36.278 | 193 Pool-1-worker-86 | DEBUG | d.t.c.a.a.c.u.util.UserUtilService   : 1 tutors generated. Generate 1 editors...
    23:44:36.281 | 193 Pool-1-worker-86 | DEBUG | d.t.c.a.a.c.u.util.UserUtilService   : 1 editors generated. Generate 1 instructors...
    23:44:36.283 | 193 Pool-1-worker-86 | DEBUG | d.t.c.a.a.c.u.util.UserUtilService   : 1 instructors generated
    23:44:36.285 | 193 Pool-1-worker-86 | DEBUG | d.t.c.a.a.c.u.util.UserUtilService   : Removing 8 users from all courses...
    23:44:36.286 | 193 Pool-1-worker-86 | DEBUG | d.t.c.a.a.c.u.util.UserUtilService   : Removing 8 users from all courses. Done
    23:44:36.286 | 193 Pool-1-worker-86 | DEBUG | d.t.c.a.a.c.u.util.UserUtilService   : Save 4 users to database...
    23:44:36.290 | 193 Pool-1-worker-86 | DEBUG | d.t.c.a.a.c.u.util.UserUtilService   : Save 4 users to database. Done
    23:44:36.316 | 193 Pool-1-worker-86 | INFO  | i.z.t.d.l.EmbeddedDatabaseReporter   : JDBC URL to connect to 'dataSource': url='jdbc:h2:tcp://localhost:41063/mem:df70fc46-7e57-4cb5-9cd0-c1d90c14afa7;USER=sa', scope='EnforceRoleInCourseTest#testAsTutorOfCourse'
    23:44:36.318 | 193 Pool-1-worker-86 | DEBUG | d.t.c.a.a.c.s.f.ApiVersionFilter     : Adding Version to Request GET /api/test/testEnforceAtLeastStudentInCourseFieldName/1350

  Starting logs for EnforceRoleInCourseTest > testAsTutorOfCourse(String, HttpStatus) [11] endpoint=testEnforceAtLeastTutorInCourseFieldName, expectedStatus=200 OK
    23:44:36.340 | 193 Pool-1-worker-86 | DEBUG | d.t.c.a.a.c.u.util.UserUtilService   : Generate 1 students...
    23:44:36.343 | 193 Pool-1-worker-86 | DEBUG | d.t.c.a.a.c.u.util.UserUtilService   : 1 students generated. Generate 1 tutors...
    23:44:36.346 | 193 Pool-1-worker-86 | DEBUG | d.t.c.a.a.c.u.util.UserUtilService   : 1 tutors generated. Generate 1 editors...
    23:44:36.348 | 193 Pool-1-worker-86 | DEBUG | d.t.c.a.a.c.u.util.UserUtilService   : 1 editors generated. Generate 1 instructors...
    23:44:36.351 | 193 Pool-1-worker-86 | DEBUG | d.t.c.a.a.c.u.util.UserUtilService   : 1 instructors generated
    23:44:36.353 | 193 Pool-1-worker-86 | DEBUG | d.t.c.a.a.c.u.util.UserUtilService   : Removing 8 users from all courses...
    23:44:36.354 | 193 Pool-1-worker-86 | DEBUG | d.t.c.a.a.c.u.util.UserUtilService   : Removing 8 users from all courses. Done
    23:44:36.354 | 193 Pool-1-worker-86 | DEBUG | d.t.c.a.a.c.u.util.UserUtilService   : Save 4 users to database...
    23:44:36.358 | 193 Pool-1-worker-86 | DEBUG | d.t.c.a.a.c.u.util.UserUtilService   : Save 4 users to database. Done
    23:44:36.379 | 193 Pool-1-worker-86 | INFO  | i.z.t.d.l.EmbeddedDatabaseReporter   : JDBC URL to connect to 'dataSource': url='jdbc:h2:tcp://localhost:41063/mem:df70fc46-7e57-4cb5-9cd0-c1d90c14afa7;USER=sa', scope='EnforceRoleInCourseTest#testAsTutorOfCourse'
    23:44:36.380 | 193 Pool-1-worker-86 | DEBUG | d.t.c.a.a.c.s.f.ApiVersionFilter     : Adding Version to Request GET /api/test/testEnforceAtLeastTutorInCourseFieldName/1351

  Starting logs for EnforceRoleInCourseTest > testAsTutorOfCourse(String, HttpStatus) [12] endpoint=testEnforceAtLeastEditorInCourseFieldName, expectedStatus=403 FORBIDDEN
    23:44:36.398 | 193 Pool-1-worker-86 | DEBUG | d.t.c.a.a.c.u.util.UserUtilService   : Generate 1 students...
    23:44:36.400 | 193 Pool-1-worker-86 | DEBUG | d.t.c.a.a.c.u.util.UserUtilService   : 1 students generated. Generate 1 tutors...
    23:44:36.403 | 193 Pool-1-worker-86 | DEBUG | d.t.c.a.a.c.u.util.UserUtilService   : 1 tutors generated. Generate 1 editors...
    23:44:36.407 | 193 Pool-1-worker-86 | DEBUG | d.t.c.a.a.c.u.util.UserUtilService   : 1 editors generated. Generate 1 instructors...
    23:44:36.410 | 193 Pool-1-worker-86 | DEBUG | d.t.c.a.a.c.u.util.UserUtilService   : 1 instructors generated
    23:44:36.412 | 193 Pool-1-worker-86 | DEBUG | d.t.c.a.a.c.u.util.UserUtilService   : Removing 8 users from all courses...
    23:44:36.413 | 193 Pool-1-worker-86 | DEBUG | d.t.c.a.a.c.u.util.UserUtilService   : Removing 8 users from all courses. Done
    23:44:36.413 | 193 Pool-1-worker-86 | DEBUG | d.t.c.a.a.c.u.util.UserUtilService   : Save 4 users to database...
    23:44:36.417 | 193 Pool-1-worker-86 | DEBUG | d.t.c.a.a.c.u.util.UserUtilService   : Save 4 users to database. Done
    23:44:36.437 | 193 Pool-1-worker-86 | INFO  | i.z.t.d.l.EmbeddedDatabaseReporter   : JDBC URL to connect to 'dataSource': url='jdbc:h2:tcp://localhost:41063/mem:df70fc46-7e57-4cb5-9cd0-c1d90c14afa7;USER=sa', scope='EnforceRoleInCourseTest#testAsTutorOfCourse'
    23:44:36.438 | 193 Pool-1-worker-86 | DEBUG | d.t.c.a.a.c.s.f.ApiVersionFilter     : Adding Version to Request GET /api/test/testEnforceAtLeastEditorInCourseFieldName/1352
    23:44:36.439 | 193 Pool-1-worker-86 | WARN  | o.z.p.spring.common.AdviceTraits     : Forbidden: Access Denied

  Starting logs for EnforceRoleInCourseTest > testAsTutorOfCourse(String, HttpStatus) [13] endpoint=testEnforceAtLeastInstructorInCourseFieldName, expectedStatus=403 FORBIDDEN
    23:44:36.462 | 193 Pool-1-worker-86 | DEBUG | d.t.c.a.a.c.u.util.UserUtilService   : Generate 1 students...
    23:44:36.465 | 193 Pool-1-worker-86 | DEBUG | d.t.c.a.a.c.u.util.UserUtilService   : 1 students generated. Generate 1 tutors...
    23:44:36.467 | 193 Pool-1-worker-86 | DEBUG | d.t.c.a.a.c.u.util.UserUtilService   : 1 tutors generated. Generate 1 editors...
    23:44:36.470 | 193 Pool-1-worker-86 | DEBUG | d.t.c.a.a.c.u.util.UserUtilService   : 1 editors generated. Generate 1 instructors...
    23:44:36.473 | 193 Pool-1-worker-86 | DEBUG | d.t.c.a.a.c.u.util.UserUtilService   : 1 instructors generated
    23:44:36.475 | 193 Pool-1-worker-86 | DEBUG | d.t.c.a.a.c.u.util.UserUtilService   : Removing 8 users from all courses...
    23:44:36.476 | 193 Pool-1-worker-86 | DEBUG | d.t.c.a.a.c.u.util.UserUtilService   : Removing 8 users from all courses. Done
    23:44:36.476 | 193 Pool-1-worker-86 | DEBUG | d.t.c.a.a.c.u.util.UserUtilService   : Save 4 users to database...
    23:44:36.481 | 193 Pool-1-worker-86 | DEBUG | d.t.c.a.a.c.u.util.UserUtilService   : Save 4 users to database. Done
    23:44:36.501 | 193 Pool-1-worker-86 | INFO  | i.z.t.d.l.EmbeddedDatabaseReporter   : JDBC URL to connect to 'dataSource': url='jdbc:h2:tcp://localhost:41063/mem:df70fc46-7e57-4cb5-9cd0-c1d90c14afa7;USER=sa', scope='EnforceRoleInCourseTest#testAsTutorOfCourse'
    23:44:36.503 | 193 Pool-1-worker-86 | DEBUG | d.t.c.a.a.c.s.f.ApiVersionFilter     : Adding Version to Request GET /api/test/testEnforceAtLeastInstructorInCourseFieldName/1353
    23:44:36.504 | 193 Pool-1-worker-86 | WARN  | o.z.p.spring.common.AdviceTraits     : Forbidden: Access Denied

  Starting logs for EnforceRoleInCourseTest > testAsStudentOfCourse(String, HttpStatus) [1] endpoint=testEnforceAtLeastStudentInCourseExplicit, expectedStatus=200 OK
    23:44:36.522 | 193 Pool-1-worker-86 | DEBUG | d.t.c.a.a.c.u.util.UserUtilService   : Generate 1 students...
    23:44:36.525 | 193 Pool-1-worker-86 | DEBUG | d.t.c.a.a.c.u.util.UserUtilService   : 1 students generated. Generate 1 tutors...
    23:44:36.529 | 193 Pool-1-worker-86 | DEBUG | d.t.c.a.a.c.u.util.UserUtilService   : 1 tutors generated. Generate 1 editors...
    23:44:36.532 | 193 Pool-1-worker-86 | DEBUG | d.t.c.a.a.c.u.util.UserUtilService   : 1 editors generated. Generate 1 instructors...
    23:44:36.534 | 193 Pool-1-worker-86 | DEBUG | d.t.c.a.a.c.u.util.UserUtilService   : 1 instructors generated
    23:44:36.536 | 193 Pool-1-worker-86 | DEBUG | d.t.c.a.a.c.u.util.UserUtilService   : Removing 8 users from all courses...
    23:44:36.537 | 193 Pool-1-worker-86 | DEBUG | d.t.c.a.a.c.u.util.UserUtilService   : Removing 8 users from all courses. Done
    23:44:36.537 | 193 Pool-1-worker-86 | DEBUG | d.t.c.a.a.c.u.util.UserUtilService   : Save 4 users to database...
    23:44:36.541 | 193 Pool-1-worker-86 | DEBUG | d.t.c.a.a.c.u.util.UserUtilService   : Save 4 users to database. Done
    23:44:36.562 | 193 Pool-1-worker-86 | INFO  | i.z.t.d.l.EmbeddedDatabaseReporter   : JDBC URL to connect to 'dataSource': url='jdbc:h2:tcp://localhost:41063/mem:df70fc46-7e57-4cb5-9cd0-c1d90c14afa7;USER=sa', scope='EnforceRoleInCourseTest#testAsStudentOfCourse'
    23:44:36.563 | 193 Pool-1-worker-86 | DEBUG | d.t.c.a.a.c.s.f.ApiVersionFilter     : Adding Version to Request GET /api/test/testEnforceAtLeastStudentInCourseExplicit/1354

  Starting logs for EnforceRoleInCourseTest > testAsStudentOfCourse(String, HttpStatus) [2] endpoint=testEnforceAtLeastStudentInCourse, expectedStatus=200 OK
    23:44:36.582 | 193 Pool-1-worker-86 | DEBUG | d.t.c.a.a.c.u.util.UserUtilService   : Generate 1 students...
    23:44:36.585 | 193 Pool-1-worker-86 | DEBUG | d.t.c.a.a.c.u.util.UserUtilService   : 1 students generated. Generate 1 tutors...
    23:44:36.587 | 193 Pool-1-worker-86 | DEBUG | d.t.c.a.a.c.u.util.UserUtilService   : 1 tutors generated. Generate 1 editors...
    23:44:36.590 | 193 Pool-1-worker-86 | DEBUG | d.t.c.a.a.c.u.util.UserUtilService   : 1 editors generated. Generate 1 instructors...
    23:44:36.593 | 193 Pool-1-worker-86 | DEBUG | d.t.c.a.a.c.u.util.UserUtilService   : 1 instructors generated
    23:44:36.595 | 193 Pool-1-worker-86 | DEBUG | d.t.c.a.a.c.u.util.UserUtilService   : Removing 8 users from all courses...
    23:44:36.596 | 193 Pool-1-worker-86 | DEBUG | d.t.c.a.a.c.u.util.UserUtilService   : Removing 8 users from all courses. Done
    23:44:36.596 | 193 Pool-1-worker-86 | DEBUG | d.t.c.a.a.c.u.util.UserUtilService   : Save 4 users to database...
    23:44:36.600 | 193 Pool-1-worker-86 | DEBUG | d.t.c.a.a.c.u.util.UserUtilService   : Save 4 users to database. Done
    23:44:36.619 | 193 Pool-1-worker-86 | INFO  | i.z.t.d.l.EmbeddedDatabaseReporter   : JDBC URL to connect to 'dataSource': url='jdbc:h2:tcp://localhost:41063/mem:df70fc46-7e57-4cb5-9cd0-c1d90c14afa7;USER=sa', scope='EnforceRoleInCourseTest#testAsStudentOfCourse'
    23:44:36.621 | 193 Pool-1-worker-86 | DEBUG | d.t.c.a.a.c.s.f.ApiVersionFilter     : Adding Version to Request GET /api/test/testEnforceAtLeastStudentInCourse/1355

  Starting logs for EnforceRoleInCourseTest > testAsStudentOfCourse(String, HttpStatus) [3] endpoint=testEnforceAtLeastTutorInCourseExplicit, expectedStatus=403 FORBIDDEN
    23:44:36.638 | 193 Pool-1-worker-86 | DEBUG | d.t.c.a.a.c.u.util.UserUtilService   : Generate 1 students...
    23:44:36.641 | 193 Pool-1-worker-86 | DEBUG | d.t.c.a.a.c.u.util.UserUtilService   : 1 students generated. Generate 1 tutors...
    23:44:36.644 | 193 Pool-1-worker-86 | DEBUG | d.t.c.a.a.c.u.util.UserUtilService   : 1 tutors generated. Generate 1 editors...
    23:44:36.647 | 193 Pool-1-worker-86 | DEBUG | d.t.c.a.a.c.u.util.UserUtilService   : 1 editors generated. Generate 1 instructors...
    23:44:36.650 | 193 Pool-1-worker-86 | DEBUG | d.t.c.a.a.c.u.util.UserUtilService   : 1 instructors generated
    23:44:36.651 | 193 Pool-1-worker-86 | DEBUG | d.t.c.a.a.c.u.util.UserUtilService   : Removing 8 users from all courses...
    23:44:36.652 | 193 Pool-1-worker-86 | DEBUG | d.t.c.a.a.c.u.util.UserUtilService   : Removing 8 users from all courses. Done
    23:44:36.652 | 193 Pool-1-worker-86 | DEBUG | d.t.c.a.a.c.u.util.UserUtilService   : Save 4 users to database...
    23:44:36.656 | 193 Pool-1-worker-86 | DEBUG | d.t.c.a.a.c.u.util.UserUtilService   : Save 4 users to database. Done
    23:44:36.678 | 193 Pool-1-worker-86 | INFO  | i.z.t.d.l.EmbeddedDatabaseReporter   : JDBC URL to connect to 'dataSource': url='jdbc:h2:tcp://localhost:41063/mem:df70fc46-7e57-4cb5-9cd0-c1d90c14afa7;USER=sa', scope='EnforceRoleInCourseTest#testAsStudentOfCourse'
    23:44:36.679 | 193 Pool-1-worker-86 | DEBUG | d.t.c.a.a.c.s.f.ApiVersionFilter     : Adding Version to Request GET /api/test/testEnforceAtLeastTutorInCourseExplicit/1356
    23:44:36.682 | 193 Pool-1-worker-86 | WARN  | o.z.p.spring.common.AdviceTraits     : Forbidden: You are not allowed to access the Course with id 1356

  Starting logs for EnforceRoleInCourseTest > testAsStudentOfCourse(String, HttpStatus) [4] endpoint=testEnforceAtLeastTutorInCourse, expectedStatus=403 FORBIDDEN
    23:44:36.697 | 193 Pool-1-worker-86 | DEBUG | d.t.c.a.a.c.u.util.UserUtilService   : Generate 1 students...
    23:44:36.700 | 193 Pool-1-worker-86 | DEBUG | d.t.c.a.a.c.u.util.UserUtilService   : 1 students generated. Generate 1 tutors...
    23:44:36.702 | 193 Pool-1-worker-86 | DEBUG | d.t.c.a.a.c.u.util.UserUtilService   : 1 tutors generated. Generate 1 editors...
    23:44:36.705 | 193 Pool-1-worker-86 | DEBUG | d.t.c.a.a.c.u.util.UserUtilService   : 1 editors generated. Generate 1 instructors...
    23:44:36.708 | 193 Pool-1-worker-86 | DEBUG | d.t.c.a.a.c.u.util.UserUtilService   : 1 instructors generated
    23:44:36.709 | 193 Pool-1-worker-86 | DEBUG | d.t.c.a.a.c.u.util.UserUtilService   : Removing 8 users from all courses...
    23:44:36.711 | 193 Pool-1-worker-86 | DEBUG | d.t.c.a.a.c.u.util.UserUtilService   : Removing 8 users from all courses. Done
    23:44:36.711 | 193 Pool-1-worker-86 | DEBUG | d.t.c.a.a.c.u.util.UserUtilService   : Save 4 users to database...
    23:44:36.714 | 193 Pool-1-worker-86 | DEBUG | d.t.c.a.a.c.u.util.UserUtilService   : Save 4 users to database. Done
    23:44:36.735 | 193 Pool-1-worker-86 | INFO  | i.z.t.d.l.EmbeddedDatabaseReporter   : JDBC URL to connect to 'dataSource': url='jdbc:h2:tcp://localhost:41063/mem:df70fc46-7e57-4cb5-9cd0-c1d90c14afa7;USER=sa', scope='EnforceRoleInCourseTest#testAsStudentOfCourse'
    23:44:36.736 | 193 Pool-1-worker-86 | DEBUG | d.t.c.a.a.c.s.f.ApiVersionFilter     : Adding Version to Request GET /api/test/testEnforceAtLeastTutorInCourse/1357
    23:44:36.738 | 193 Pool-1-worker-86 | WARN  | o.z.p.spring.common.AdviceTraits     : Forbidden: Access Denied

  Starting logs for EnforceRoleInCourseTest > testAsStudentOfCourse(String, HttpStatus) [5] endpoint=testEnforceAtLeastEditorInCourseExplicit, expectedStatus=403 FORBIDDEN
    23:44:36.755 | 193 Pool-1-worker-86 | DEBUG | d.t.c.a.a.c.u.util.UserUtilService   : Generate 1 students...
    23:44:36.758 | 193 Pool-1-worker-86 | DEBUG | d.t.c.a.a.c.u.util.UserUtilService   : 1 students generated. Generate 1 tutors...
    23:44:36.760 | 193 Pool-1-worker-86 | DEBUG | d.t.c.a.a.c.u.util.UserUtilService   : 1 tutors generated. Generate 1 editors...
    23:44:36.763 | 193 Pool-1-worker-86 | DEBUG | d.t.c.a.a.c.u.util.UserUtilService   : 1 editors generated. Generate 1 instructors...
    23:44:36.766 | 193 Pool-1-worker-86 | DEBUG | d.t.c.a.a.c.u.util.UserUtilService   : 1 instructors generated
    23:44:36.767 | 193 Pool-1-worker-86 | DEBUG | d.t.c.a.a.c.u.util.UserUtilService   : Removing 8 users from all courses...
    23:44:36.768 | 193 Pool-1-worker-86 | DEBUG | d.t.c.a.a.c.u.util.UserUtilService   : Removing 8 users from all courses. Done
    23:44:36.768 | 193 Pool-1-worker-86 | DEBUG | d.t.c.a.a.c.u.util.UserUtilService   : Save 4 users to database...
    23:44:36.772 | 193 Pool-1-worker-86 | DEBUG | d.t.c.a.a.c.u.util.UserUtilService   : Save 4 users to database. Done
    23:44:36.793 | 193 Pool-1-worker-86 | INFO  | i.z.t.d.l.EmbeddedDatabaseReporter   : JDBC URL to connect to 'dataSource': url='jdbc:h2:tcp://localhost:41063/mem:df70fc46-7e57-4cb5-9cd0-c1d90c14afa7;USER=sa', scope='EnforceRoleInCourseTest#testAsStudentOfCourse'
    23:44:36.794 | 193 Pool-1-worker-86 | DEBUG | d.t.c.a.a.c.s.f.ApiVersionFilter     : Adding Version to Request GET /api/test/testEnforceAtLeastEditorInCourseExplicit/1358
    23:44:36.797 | 193 Pool-1-worker-86 | WARN  | o.z.p.spring.common.AdviceTraits     : Forbidden: You are not allowed to access the Course with id 1358

  Starting logs for EnforceRoleInCourseTest > testAsStudentOfCourse(String, HttpStatus) [6] endpoint=testEnforceAtLeastEditorInCourse, expectedStatus=403 FORBIDDEN
    23:44:36.814 | 193 Pool-1-worker-86 | DEBUG | d.t.c.a.a.c.u.util.UserUtilService   : Generate 1 students...
    23:44:36.816 | 193 Pool-1-worker-86 | DEBUG | d.t.c.a.a.c.u.util.UserUtilService   : 1 students generated. Generate 1 tutors...
    23:44:36.819 | 193 Pool-1-worker-86 | DEBUG | d.t.c.a.a.c.u.util.UserUtilService   : 1 tutors generated. Generate 1 editors...
    23:44:36.822 | 193 Pool-1-worker-86 | DEBUG | d.t.c.a.a.c.u.util.UserUtilService   : 1 editors generated. Generate 1 instructors...
    23:44:36.824 | 193 Pool-1-worker-86 | DEBUG | d.t.c.a.a.c.u.util.UserUtilService   : 1 instructors generated
    23:44:36.826 | 193 Pool-1-worker-86 | DEBUG | d.t.c.a.a.c.u.util.UserUtilService   : Removing 8 users from all courses...
    23:44:36.827 | 193 Pool-1-worker-86 | DEBUG | d.t.c.a.a.c.u.util.UserUtilService   : Removing 8 users from all courses. Done
    23:44:36.827 | 193 Pool-1-worker-86 | DEBUG | d.t.c.a.a.c.u.util.UserUtilService   : Save 4 users to database...
    23:44:36.831 | 193 Pool-1-worker-86 | DEBUG | d.t.c.a.a.c.u.util.UserUtilService   : Save 4 users to database. Done
    23:44:36.851 | 193 Pool-1-worker-86 | INFO  | i.z.t.d.l.EmbeddedDatabaseReporter   : JDBC URL to connect to 'dataSource': url='jdbc:h2:tcp://localhost:41063/mem:df70fc46-7e57-4cb5-9cd0-c1d90c14afa7;USER=sa', scope='EnforceRoleInCourseTest#testAsStudentOfCourse'
    23:44:36.852 | 193 Pool-1-worker-86 | DEBUG | d.t.c.a.a.c.s.f.ApiVersionFilter     : Adding Version to Request GET /api/test/testEnforceAtLeastEditorInCourse/1359
    23:44:36.853 | 193 Pool-1-worker-86 | WARN  | o.z.p.spring.common.AdviceTraits     : Forbidden: Access Denied

  Starting logs for EnforceRoleInCourseTest > testAsStudentOfCourse(String, HttpStatus) [7] endpoint=testEnforceAtLeastInstructorInCourseExplicit, expectedStatus=403 FORBIDDEN
    23:44:36.869 | 193 Pool-1-worker-86 | DEBUG | d.t.c.a.a.c.u.util.UserUtilService   : Generate 1 students...
    23:44:36.873 | 193 Pool-1-worker-86 | DEBUG | d.t.c.a.a.c.u.util.UserUtilService   : 1 students generated. Generate 1 tutors...
    23:44:36.875 | 193 Pool-1-worker-86 | DEBUG | d.t.c.a.a.c.u.util.UserUtilService   : 1 tutors generated. Generate 1 editors...
    23:44:36.880 | 193 Pool-1-worker-86 | DEBUG | d.t.c.a.a.c.u.util.UserUtilService   : 1 editors generated. Generate 1 instructors...
    23:44:36.886 | 193 Pool-1-worker-86 | DEBUG | d.t.c.a.a.c.u.util.UserUtilService   : 1 instructors generated
    23:44:36.888 | 193 Pool-1-worker-86 | DEBUG | d.t.c.a.a.c.u.util.UserUtilService   : Removing 8 users from all courses...
    23:44:36.889 | 193 Pool-1-worker-86 | DEBUG | d.t.c.a.a.c.u.util.UserUtilService   : Removing 8 users from all courses. Done
    23:44:36.889 | 193 Pool-1-worker-86 | DEBUG | d.t.c.a.a.c.u.util.UserUtilService   : Save 4 users to database...
    23:44:36.893 | 193 Pool-1-worker-86 | DEBUG | d.t.c.a.a.c.u.util.UserUtilService   : Save 4 users to database. Done
    23:44:36.918 | 193 Pool-1-worker-86 | INFO  | i.z.t.d.l.EmbeddedDatabaseReporter   : JDBC URL to connect to 'dataSource': url='jdbc:h2:tcp://localhost:41063/mem:df70fc46-7e57-4cb5-9cd0-c1d90c14afa7;USER=sa', scope='EnforceRoleInCourseTest#testAsStudentOfCourse'
    23:44:36.919 | 193 Pool-1-worker-86 | DEBUG | d.t.c.a.a.c.s.f.ApiVersionFilter     : Adding Version to Request GET /api/test/testEnforceAtLeastInstructorInCourseExplicit/1360
    23:44:36.922 | 193 Pool-1-worker-86 | WARN  | o.z.p.spring.common.AdviceTraits     : Forbidden: You are not allowed to access the Course with id 1360

  Starting logs for EnforceRoleInCourseTest > testAsStudentOfCourse(String, HttpStatus) [8] endpoint=testEnforceAtLeastInstructorInCourse, expectedStatus=403 FORBIDDEN
    23:44:36.938 | 193 Pool-1-worker-86 | DEBUG | d.t.c.a.a.c.u.util.UserUtilService   : Generate 1 students...
    23:44:36.941 | 193 Pool-1-worker-86 | DEBUG | d.t.c.a.a.c.u.util.UserUtilService   : 1 students generated. Generate 1 tutors...
    23:44:36.944 | 193 Pool-1-worker-86 | DEBUG | d.t.c.a.a.c.u.util.UserUtilService   : 1 tutors generated. Generate 1 editors...
    23:44:36.946 | 193 Pool-1-worker-86 | DEBUG | d.t.c.a.a.c.u.util.UserUtilService   : 1 editors generated. Generate 1 instructors...
    23:44:36.949 | 193 Pool-1-worker-86 | DEBUG | d.t.c.a.a.c.u.util.UserUtilService   : 1 instructors generated
    23:44:36.951 | 193 Pool-1-worker-86 | DEBUG | d.t.c.a.a.c.u.util.UserUtilService   : Removing 8 users from all courses...
    23:44:36.957 | 193 Pool-1-worker-86 | DEBUG | d.t.c.a.a.c.u.util.UserUtilService   : Removing 8 users from all courses. Done
    23:44:36.957 | 193 Pool-1-worker-86 | DEBUG | d.t.c.a.a.c.u.util.UserUtilService   : Save 4 users to database...
    23:44:36.960 | 193 Pool-1-worker-86 | DEBUG | d.t.c.a.a.c.u.util.UserUtilService   : Save 4 users to database. Done
    23:44:36.981 | 193 Pool-1-worker-86 | INFO  | i.z.t.d.l.EmbeddedDatabaseReporter   : JDBC URL to connect to 'dataSource': url='jdbc:h2:tcp://localhost:41063/mem:df70fc46-7e57-4cb5-9cd0-c1d90c14afa7;USER=sa', scope='EnforceRoleInCourseTest#testAsStudentOfCourse'
    23:44:36.982 | 193 Pool-1-worker-86 | DEBUG | d.t.c.a.a.c.s.f.ApiVersionFilter     : Adding Version to Request GET /api/test/testEnforceAtLeastInstructorInCourse/1361
    23:44:36.983 | 193 Pool-1-worker-86 | WARN  | o.z.p.spring.common.AdviceTraits     : Forbidden: Access Denied

  Starting logs for EnforceRoleInCourseTest > testAsStudentOfCourse(String, HttpStatus) [9] endpoint=testEnforceRoleInCourseFieldName, expectedStatus=200 OK
    23:44:36.999 | 193 Pool-1-worker-86 | DEBUG | d.t.c.a.a.c.u.util.UserUtilService   : Generate 1 students...
    23:44:37.001 | 193 Pool-1-worker-86 | DEBUG | d.t.c.a.a.c.u.util.UserUtilService   : 1 students generated. Generate 1 tutors...
    23:44:37.004 | 193 Pool-1-worker-86 | DEBUG | d.t.c.a.a.c.u.util.UserUtilService   : 1 tutors generated. Generate 1 editors...
    23:44:37.007 | 193 Pool-1-worker-86 | DEBUG | d.t.c.a.a.c.u.util.UserUtilService   : 1 editors generated. Generate 1 instructors...
    23:44:37.009 | 193 Pool-1-worker-86 | DEBUG | d.t.c.a.a.c.u.util.UserUtilService   : 1 instructors generated
    23:44:37.013 | 193 Pool-1-worker-86 | DEBUG | d.t.c.a.a.c.u.util.UserUtilService   : Removing 8 users from all courses...
    23:44:37.016 | 193 Pool-1-worker-86 | DEBUG | d.t.c.a.a.c.u.util.UserUtilService   : Removing 8 users from all courses. Done
    23:44:37.016 | 193 Pool-1-worker-86 | DEBUG | d.t.c.a.a.c.u.util.UserUtilService   : Save 4 users to database...
    23:44:37.019 | 193 Pool-1-worker-86 | DEBUG | d.t.c.a.a.c.u.util.UserUtilService   : Save 4 users to database. Done
    23:44:37.037 | 193 Pool-1-worker-86 | INFO  | i.z.t.d.l.EmbeddedDatabaseReporter   : JDBC URL to connect to 'dataSource': url='jdbc:h2:tcp://localhost:41063/mem:df70fc46-7e57-4cb5-9cd0-c1d90c14afa7;USER=sa', scope='EnforceRoleInCourseTest#testAsStudentOfCourse'
    23:44:37.039 | 193 Pool-1-worker-86 | DEBUG | d.t.c.a.a.c.s.f.ApiVersionFilter     : Adding Version to Request GET /api/test/testEnforceRoleInCourseFieldName/1362

  Starting logs for EnforceRoleInCourseTest > testAsStudentOfCourse(String, HttpStatus) [10] endpoint=testEnforceAtLeastStudentInCourseFieldName, expectedStatus=200 OK
    23:44:37.063 | 193 Pool-1-worker-86 | DEBUG | d.t.c.a.a.c.u.util.UserUtilService   : Generate 1 students...
    23:44:37.066 | 193 Pool-1-worker-86 | DEBUG | d.t.c.a.a.c.u.util.UserUtilService   : 1 students generated. Generate 1 tutors...
    23:44:37.068 | 193 Pool-1-worker-86 | DEBUG | d.t.c.a.a.c.u.util.UserUtilService   : 1 tutors generated. Generate 1 editors...
    23:44:37.071 | 193 Pool-1-worker-86 | DEBUG | d.t.c.a.a.c.u.util.UserUtilService   : 1 editors generated. Generate 1 instructors...
    23:44:37.079 | 193 Pool-1-worker-86 | DEBUG | d.t.c.a.a.c.u.util.UserUtilService   : 1 instructors generated
    23:44:37.081 | 193 Pool-1-worker-86 | DEBUG | d.t.c.a.a.c.u.util.UserUtilService   : Removing 8 users from all courses...
    23:44:37.082 | 193 Pool-1-worker-86 | DEBUG | d.t.c.a.a.c.u.util.UserUtilService   : Removing 8 users from all courses. Done
    23:44:37.082 | 193 Pool-1-worker-86 | DEBUG | d.t.c.a.a.c.u.util.UserUtilService   : Save 4 users to database...
    23:44:37.086 | 193 Pool-1-worker-86 | DEBUG | d.t.c.a.a.c.u.util.UserUtilService   : Save 4 users to database. Done
    23:44:37.109 | 193 Pool-1-worker-86 | INFO  | i.z.t.d.l.EmbeddedDatabaseReporter   : JDBC URL to connect to 'dataSource': url='jdbc:h2:tcp://localhost:41063/mem:df70fc46-7e57-4cb5-9cd0-c1d90c14afa7;USER=sa', scope='EnforceRoleInCourseTest#testAsStudentOfCourse'
    23:44:37.111 | 193 Pool-1-worker-86 | DEBUG | d.t.c.a.a.c.s.f.ApiVersionFilter     : Adding Version to Request GET /api/test/testEnforceAtLeastStudentInCourseFieldName/1363

  Starting logs for EnforceRoleInCourseTest > testAsStudentOfCourse(String, HttpStatus) [11] endpoint=testEnforceAtLeastTutorInCourseFieldName, expectedStatus=403 FORBIDDEN
    23:44:37.128 | 193 Pool-1-worker-86 | DEBUG | d.t.c.a.a.c.u.util.UserUtilService   : Generate 1 students...
    23:44:37.131 | 193 Pool-1-worker-86 | DEBUG | d.t.c.a.a.c.u.util.UserUtilService   : 1 students generated. Generate 1 tutors...
    23:44:37.134 | 193 Pool-1-worker-86 | DEBUG | d.t.c.a.a.c.u.util.UserUtilService   : 1 tutors generated. Generate 1 editors...
    23:44:37.137 | 193 Pool-1-worker-86 | DEBUG | d.t.c.a.a.c.u.util.UserUtilService   : 1 editors generated. Generate 1 instructors...
    23:44:37.140 | 193 Pool-1-worker-86 | DEBUG | d.t.c.a.a.c.u.util.UserUtilService   : 1 instructors generated
    23:44:37.142 | 193 Pool-1-worker-86 | DEBUG | d.t.c.a.a.c.u.util.UserUtilService   : Removing 8 users from all courses...
    23:44:37.143 | 193 Pool-1-worker-86 | DEBUG | d.t.c.a.a.c.u.util.UserUtilService   : Removing 8 users from all courses. Done
    23:44:37.143 | 193 Pool-1-worker-86 | DEBUG | d.t.c.a.a.c.u.util.UserUtilService   : Save 4 users to database...
    23:44:37.147 | 193 Pool-1-worker-86 | DEBUG | d.t.c.a.a.c.u.util.UserUtilService   : Save 4 users to database. Done
    23:44:37.171 | 193 Pool-1-worker-86 | INFO  | i.z.t.d.l.EmbeddedDatabaseReporter   : JDBC URL to connect to 'dataSource': url='jdbc:h2:tcp://localhost:41063/mem:df70fc46-7e57-4cb5-9cd0-c1d90c14afa7;USER=sa', scope='EnforceRoleInCourseTest#testAsStudentOfCourse'
    23:44:37.172 | 193 Pool-1-worker-86 | DEBUG | d.t.c.a.a.c.s.f.ApiVersionFilter     : Adding Version to Request GET /api/test/testEnforceAtLeastTutorInCourseFieldName/1364
    23:44:37.174 | 193 Pool-1-worker-86 | WARN  | o.z.p.spring.common.AdviceTraits     : Forbidden: Access Denied

  Starting logs for EnforceRoleInCourseTest > testAsStudentOfCourse(String, HttpStatus) [12] endpoint=testEnforceAtLeastEditorInCourseFieldName, expectedStatus=403 FORBIDDEN
    23:44:37.190 | 193 Pool-1-worker-86 | DEBUG | d.t.c.a.a.c.u.util.UserUtilService   : Generate 1 students...
    23:44:37.192 | 193 Pool-1-worker-86 | DEBUG | d.t.c.a.a.c.u.util.UserUtilService   : 1 students generated. Generate 1 tutors...
    23:44:37.195 | 193 Pool-1-worker-86 | DEBUG | d.t.c.a.a.c.u.util.UserUtilService   : 1 tutors generated. Generate 1 editors...
    23:44:37.198 | 193 Pool-1-worker-86 | DEBUG | d.t.c.a.a.c.u.util.UserUtilService   : 1 editors generated. Generate 1 instructors...
    23:44:37.200 | 193 Pool-1-worker-86 | DEBUG | d.t.c.a.a.c.u.util.UserUtilService   : 1 instructors generated
    23:44:37.202 | 193 Pool-1-worker-86 | DEBUG | d.t.c.a.a.c.u.util.UserUtilService   : Removing 8 users from all courses...
    23:44:37.203 | 193 Pool-1-worker-86 | DEBUG | d.t.c.a.a.c.u.util.UserUtilService   : Removing 8 users from all courses. Done
    23:44:37.203 | 193 Pool-1-worker-86 | DEBUG | d.t.c.a.a.c.u.util.UserUtilService   : Save 4 users to database...
    23:44:37.206 | 193 Pool-1-worker-86 | DEBUG | d.t.c.a.a.c.u.util.UserUtilService   : Save 4 users to database. Done
    23:44:37.226 | 193 Pool-1-worker-86 | INFO  | i.z.t.d.l.EmbeddedDatabaseReporter   : JDBC URL to connect to 'dataSource': url='jdbc:h2:tcp://localhost:41063/mem:df70fc46-7e57-4cb5-9cd0-c1d90c14afa7;USER=sa', scope='EnforceRoleInCourseTest#testAsStudentOfCourse'
    23:44:37.227 | 193 Pool-1-worker-86 | DEBUG | d.t.c.a.a.c.s.f.ApiVersionFilter     : Adding Version to Request GET /api/test/testEnforceAtLeastEditorInCourseFieldName/1365
    23:44:37.228 | 193 Pool-1-worker-86 | WARN  | o.z.p.spring.common.AdviceTraits     : Forbidden: Access Denied

  Starting logs for EnforceRoleInCourseTest > testAsStudentOfCourse(String, HttpStatus) [13] endpoint=testEnforceAtLeastInstructorInCourseFieldName, expectedStatus=403 FORBIDDEN
    23:44:37.244 | 193 Pool-1-worker-86 | DEBUG | d.t.c.a.a.c.u.util.UserUtilService   : Generate 1 students...
    23:44:37.247 | 193 Pool-1-worker-86 | DEBUG | d.t.c.a.a.c.u.util.UserUtilService   : 1 students generated. Generate 1 tutors...
    23:44:37.251 | 193 Pool-1-worker-86 | DEBUG | d.t.c.a.a.c.u.util.UserUtilService   : 1 tutors generated. Generate 1 editors...
    23:44:37.253 | 193 Pool-1-worker-86 | DEBUG | d.t.c.a.a.c.u.util.UserUtilService   : 1 editors generated. Generate 1 instructors...
    23:44:37.256 | 193 Pool-1-worker-86 | DEBUG | d.t.c.a.a.c.u.util.UserUtilService   : 1 instructors generated
    23:44:37.258 | 193 Pool-1-worker-86 | DEBUG | d.t.c.a.a.c.u.util.UserUtilService   : Removing 8 users from all courses...
    23:44:37.259 | 193 Pool-1-worker-86 | DEBUG | d.t.c.a.a.c.u.util.UserUtilService   : Removing 8 users from all courses. Done
    23:44:37.259 | 193 Pool-1-worker-86 | DEBUG | d.t.c.a.a.c.u.util.UserUtilService   : Save 4 users to database...
    23:44:37.263 | 193 Pool-1-worker-86 | DEBUG | d.t.c.a.a.c.u.util.UserUtilService   : Save 4 users to database. Done
    23:44:37.283 | 193 Pool-1-worker-86 | INFO  | i.z.t.d.l.EmbeddedDatabaseReporter   : JDBC URL to connect to 'dataSource': url='jdbc:h2:tcp://localhost:41063/mem:df70fc46-7e57-4cb5-9cd0-c1d90c14afa7;USER=sa', scope='EnforceRoleInCourseTest#testAsStudentOfCourse'
    23:44:37.284 | 193 Pool-1-worker-86 | DEBUG | d.t.c.a.a.c.s.f.ApiVersionFilter     : Adding Version to Request GET /api/test/testEnforceAtLeastInstructorInCourseFieldName/1366
    23:44:37.285 | 193 Pool-1-worker-86 | WARN  | o.z.p.spring.common.AdviceTraits     : Forbidden: Access Denied

  Starting logs for EnforceRoleInCourseTest > testAsEditorOfOtherCourse(String, HttpStatus) [1] endpoint=testEnforceAtLeastStudentInCourseExplicit, expectedStatus=403 FORBIDDEN
    23:44:37.299 | 193 Pool-1-worker-86 | DEBUG | d.t.c.a.a.c.u.util.UserUtilService   : Generate 1 students...
    23:44:37.302 | 193 Pool-1-worker-86 | DEBUG | d.t.c.a.a.c.u.util.UserUtilService   : 1 students generated. Generate 1 tutors...
    23:44:37.305 | 193 Pool-1-worker-86 | DEBUG | d.t.c.a.a.c.u.util.UserUtilService   : 1 tutors generated. Generate 1 editors...
    23:44:37.307 | 193 Pool-1-worker-86 | DEBUG | d.t.c.a.a.c.u.util.UserUtilService   : 1 editors generated. Generate 1 instructors...
    23:44:37.310 | 193 Pool-1-worker-86 | DEBUG | d.t.c.a.a.c.u.util.UserUtilService   : 1 instructors generated
    23:44:37.312 | 193 Pool-1-worker-86 | DEBUG | d.t.c.a.a.c.u.util.UserUtilService   : Removing 8 users from all courses...
    23:44:37.313 | 193 Pool-1-worker-86 | DEBUG | d.t.c.a.a.c.u.util.UserUtilService   : Removing 8 users from all courses. Done
    23:44:37.313 | 193 Pool-1-worker-86 | DEBUG | d.t.c.a.a.c.u.util.UserUtilService   : Save 4 users to database...
    23:44:37.316 | 193 Pool-1-worker-86 | DEBUG | d.t.c.a.a.c.u.util.UserUtilService   : Save 4 users to database. Done
    23:44:37.337 | 193 Pool-1-worker-86 | INFO  | i.z.t.d.l.EmbeddedDatabaseReporter   : JDBC URL to connect to 'dataSource': url='jdbc:h2:tcp://localhost:41063/mem:df70fc46-7e57-4cb5-9cd0-c1d90c14afa7;USER=sa', scope='EnforceRoleInCourseTest#testAsEditorOfOtherCourse'
    23:44:37.338 | 193 Pool-1-worker-86 | DEBUG | d.t.c.a.a.c.s.f.ApiVersionFilter     : Adding Version to Request GET /api/test/testEnforceAtLeastStudentInCourseExplicit/1367
    23:44:37.340 | 193 Pool-1-worker-86 | WARN  | o.z.p.spring.common.AdviceTraits     : Forbidden: You are not allowed to access the Course with id 1367

  Starting logs for EnforceRoleInCourseTest > testAsEditorOfOtherCourse(String, HttpStatus) [2] endpoint=testEnforceAtLeastStudentInCourse, expectedStatus=403 FORBIDDEN
    23:44:37.354 | 193 Pool-1-worker-86 | DEBUG | d.t.c.a.a.c.u.util.UserUtilService   : Generate 1 students...
    23:44:37.356 | 193 Pool-1-worker-86 | DEBUG | d.t.c.a.a.c.u.util.UserUtilService   : 1 students generated. Generate 1 tutors...
    23:44:37.359 | 193 Pool-1-worker-86 | DEBUG | d.t.c.a.a.c.u.util.UserUtilService   : 1 tutors generated. Generate 1 editors...
    23:44:37.362 | 193 Pool-1-worker-86 | DEBUG | d.t.c.a.a.c.u.util.UserUtilService   : 1 editors generated. Generate 1 instructors...
    23:44:37.364 | 193 Pool-1-worker-86 | DEBUG | d.t.c.a.a.c.u.util.UserUtilService   : 1 instructors generated
    23:44:37.366 | 193 Pool-1-worker-86 | DEBUG | d.t.c.a.a.c.u.util.UserUtilService   : Removing 8 users from all courses...
    23:44:37.367 | 193 Pool-1-worker-86 | DEBUG | d.t.c.a.a.c.u.util.UserUtilService   : Removing 8 users from all courses. Done
    23:44:37.367 | 193 Pool-1-worker-86 | DEBUG | d.t.c.a.a.c.u.util.UserUtilService   : Save 4 users to database...
    23:44:37.371 | 193 Pool-1-worker-86 | DEBUG | d.t.c.a.a.c.u.util.UserUtilService   : Save 4 users to database. Done
    23:44:37.390 | 193 Pool-1-worker-86 | INFO  | i.z.t.d.l.EmbeddedDatabaseReporter   : JDBC URL to connect to 'dataSource': url='jdbc:h2:tcp://localhost:41063/mem:df70fc46-7e57-4cb5-9cd0-c1d90c14afa7;USER=sa', scope='EnforceRoleInCourseTest#testAsEditorOfOtherCourse'
    23:44:37.391 | 193 Pool-1-worker-86 | DEBUG | d.t.c.a.a.c.s.f.ApiVersionFilter     : Adding Version to Request GET /api/test/testEnforceAtLeastStudentInCourse/1368
    23:44:37.394 | 193 Pool-1-worker-86 | WARN  | o.z.p.spring.common.AdviceTraits     : Forbidden: You are not allowed to access the Course with id 1368

  Starting logs for EnforceRoleInCourseTest > testAsEditorOfOtherCourse(String, HttpStatus) [3] endpoint=testEnforceAtLeastTutorInCourseExplicit, expectedStatus=403 FORBIDDEN
    23:44:37.409 | 193 Pool-1-worker-86 | DEBUG | d.t.c.a.a.c.u.util.UserUtilService   : Generate 1 students...
    23:44:37.411 | 193 Pool-1-worker-86 | DEBUG | d.t.c.a.a.c.u.util.UserUtilService   : 1 students generated. Generate 1 tutors...
    23:44:37.414 | 193 Pool-1-worker-86 | DEBUG | d.t.c.a.a.c.u.util.UserUtilService   : 1 tutors generated. Generate 1 editors...
    23:44:37.417 | 193 Pool-1-worker-86 | DEBUG | d.t.c.a.a.c.u.util.UserUtilService   : 1 editors generated. Generate 1 instructors...
    23:44:37.419 | 193 Pool-1-worker-86 | DEBUG | d.t.c.a.a.c.u.util.UserUtilService   : 1 instructors generated
    23:44:37.421 | 193 Pool-1-worker-86 | DEBUG | d.t.c.a.a.c.u.util.UserUtilService   : Removing 8 users from all courses...
    23:44:37.422 | 193 Pool-1-worker-86 | DEBUG | d.t.c.a.a.c.u.util.UserUtilService   : Removing 8 users from all courses. Done
    23:44:37.422 | 193 Pool-1-worker-86 | DEBUG | d.t.c.a.a.c.u.util.UserUtilService   : Save 4 users to database...
    23:44:37.426 | 193 Pool-1-worker-86 | DEBUG | d.t.c.a.a.c.u.util.UserUtilService   : Save 4 users to database. Done
    23:44:37.445 | 193 Pool-1-worker-86 | INFO  | i.z.t.d.l.EmbeddedDatabaseReporter   : JDBC URL to connect to 'dataSource': url='jdbc:h2:tcp://localhost:41063/mem:df70fc46-7e57-4cb5-9cd0-c1d90c14afa7;USER=sa', scope='EnforceRoleInCourseTest#testAsEditorOfOtherCourse'
    23:44:37.446 | 193 Pool-1-worker-86 | DEBUG | d.t.c.a.a.c.s.f.ApiVersionFilter     : Adding Version to Request GET /api/test/testEnforceAtLeastTutorInCourseExplicit/1369
    23:44:37.448 | 193 Pool-1-worker-86 | WARN  | o.z.p.spring.common.AdviceTraits     : Forbidden: You are not allowed to access the Course with id 1369

  Starting logs for EnforceRoleInCourseTest > testAsEditorOfOtherCourse(String, HttpStatus) [4] endpoint=testEnforceAtLeastTutorInCourse, expectedStatus=403 FORBIDDEN
    23:44:37.462 | 193 Pool-1-worker-86 | DEBUG | d.t.c.a.a.c.u.util.UserUtilService   : Generate 1 students...
    23:44:37.464 | 193 Pool-1-worker-86 | DEBUG | d.t.c.a.a.c.u.util.UserUtilService   : 1 students generated. Generate 1 tutors...
    23:44:37.467 | 193 Pool-1-worker-86 | DEBUG | d.t.c.a.a.c.u.util.UserUtilService   : 1 tutors generated. Generate 1 editors...
    23:44:37.470 | 193 Pool-1-worker-86 | DEBUG | d.t.c.a.a.c.u.util.UserUtilService   : 1 editors generated. Generate 1 instructors...
    23:44:37.473 | 193 Pool-1-worker-86 | DEBUG | d.t.c.a.a.c.u.util.UserUtilService   : 1 instructors generated
    23:44:37.474 | 193 Pool-1-worker-86 | DEBUG | d.t.c.a.a.c.u.util.UserUtilService   : Removing 8 users from all courses...
    23:44:37.476 | 193 Pool-1-worker-86 | DEBUG | d.t.c.a.a.c.u.util.UserUtilService   : Removing 8 users from all courses. Done
    23:44:37.476 | 193 Pool-1-worker-86 | DEBUG | d.t.c.a.a.c.u.util.UserUtilService   : Save 4 users to database...
    23:44:37.479 | 193 Pool-1-worker-86 | DEBUG | d.t.c.a.a.c.u.util.UserUtilService   : Save 4 users to database. Done
    23:44:37.499 | 193 Pool-1-worker-86 | INFO  | i.z.t.d.l.EmbeddedDatabaseReporter   : JDBC URL to connect to 'dataSource': url='jdbc:h2:tcp://localhost:41063/mem:df70fc46-7e57-4cb5-9cd0-c1d90c14afa7;USER=sa', scope='EnforceRoleInCourseTest#testAsEditorOfOtherCourse'
    23:44:37.500 | 193 Pool-1-worker-86 | DEBUG | d.t.c.a.a.c.s.f.ApiVersionFilter     : Adding Version to Request GET /api/test/testEnforceAtLeastTutorInCourse/1370
    23:44:37.502 | 193 Pool-1-worker-86 | WARN  | o.z.p.spring.common.AdviceTraits     : Forbidden: You are not allowed to access the Course with id 1370

  Starting logs for EnforceRoleInCourseTest > testAsEditorOfOtherCourse(String, HttpStatus) [5] endpoint=testEnforceAtLeastEditorInCourseExplicit, expectedStatus=403 FORBIDDEN
    23:44:37.517 | 193 Pool-1-worker-86 | DEBUG | d.t.c.a.a.c.u.util.UserUtilService   : Generate 1 students...
    23:44:37.519 | 193 Pool-1-worker-86 | DEBUG | d.t.c.a.a.c.u.util.UserUtilService   : 1 students generated. Generate 1 tutors...
    23:44:37.522 | 193 Pool-1-worker-86 | DEBUG | d.t.c.a.a.c.u.util.UserUtilService   : 1 tutors generated. Generate 1 editors...
    23:44:37.524 | 193 Pool-1-worker-86 | DEBUG | d.t.c.a.a.c.u.util.UserUtilService   : 1 editors generated. Generate 1 instructors...
    23:44:37.527 | 193 Pool-1-worker-86 | DEBUG | d.t.c.a.a.c.u.util.UserUtilService   : 1 instructors generated
    23:44:37.529 | 193 Pool-1-worker-86 | DEBUG | d.t.c.a.a.c.u.util.UserUtilService   : Removing 8 users from all courses...
    23:44:37.530 | 193 Pool-1-worker-86 | DEBUG | d.t.c.a.a.c.u.util.UserUtilService   : Removing 8 users from all courses. Done
    23:44:37.530 | 193 Pool-1-worker-86 | DEBUG | d.t.c.a.a.c.u.util.UserUtilService   : Save 4 users to database...
    23:44:37.533 | 193 Pool-1-worker-86 | DEBUG | d.t.c.a.a.c.u.util.UserUtilService   : Save 4 users to database. Done
    23:44:37.583 | 193 Pool-1-worker-86 | INFO  | i.z.t.d.l.EmbeddedDatabaseReporter   : JDBC URL to connect to 'dataSource': url='jdbc:h2:tcp://localhost:41063/mem:df70fc46-7e57-4cb5-9cd0-c1d90c14afa7;USER=sa', scope='EnforceRoleInCourseTest#testAsEditorOfOtherCourse'
    23:44:37.584 | 193 Pool-1-worker-86 | DEBUG | d.t.c.a.a.c.s.f.ApiVersionFilter     : Adding Version to Request GET /api/test/testEnforceAtLeastEditorInCourseExplicit/1371
    23:44:37.586 | 193 Pool-1-worker-86 | WARN  | o.z.p.spring.common.AdviceTraits     : Forbidden: You are not allowed to access the Course with id 1371

  Starting logs for EnforceRoleInCourseTest > testAsEditorOfOtherCourse(String, HttpStatus) [6] endpoint=testEnforceAtLeastEditorInCourse, expectedStatus=403 FORBIDDEN
    23:44:37.599 | 193 Pool-1-worker-86 | DEBUG | d.t.c.a.a.c.u.util.UserUtilService   : Generate 1 students...
    23:44:37.601 | 193 Pool-1-worker-86 | DEBUG | d.t.c.a.a.c.u.util.UserUtilService   : 1 students generated. Generate 1 tutors...
    23:44:37.604 | 193 Pool-1-worker-86 | DEBUG | d.t.c.a.a.c.u.util.UserUtilService   : 1 tutors generated. Generate 1 editors...
    23:44:37.607 | 193 Pool-1-worker-86 | DEBUG | d.t.c.a.a.c.u.util.UserUtilService   : 1 editors generated. Generate 1 instructors...
    23:44:37.610 | 193 Pool-1-worker-86 | DEBUG | d.t.c.a.a.c.u.util.UserUtilService   : 1 instructors generated
    23:44:37.612 | 193 Pool-1-worker-86 | DEBUG | d.t.c.a.a.c.u.util.UserUtilService   : Removing 8 users from all courses...
    23:44:37.613 | 193 Pool-1-worker-86 | DEBUG | d.t.c.a.a.c.u.util.UserUtilService   : Removing 8 users from all courses. Done
    23:44:37.613 | 193 Pool-1-worker-86 | DEBUG | d.t.c.a.a.c.u.util.UserUtilService   : Save 4 users to database...
    23:44:37.617 | 193 Pool-1-worker-86 | DEBUG | d.t.c.a.a.c.u.util.UserUtilService   : Save 4 users to database. Done
    23:44:37.638 | 193 Pool-1-worker-86 | INFO  | i.z.t.d.l.EmbeddedDatabaseReporter   : JDBC URL to connect to 'dataSource': url='jdbc:h2:tcp://localhost:41063/mem:df70fc46-7e57-4cb5-9cd0-c1d90c14afa7;USER=sa', scope='EnforceRoleInCourseTest#testAsEditorOfOtherCourse'
    23:44:37.639 | 193 Pool-1-worker-86 | DEBUG | d.t.c.a.a.c.s.f.ApiVersionFilter     : Adding Version to Request GET /api/test/testEnforceAtLeastEditorInCourse/1372
    23:44:37.641 | 193 Pool-1-worker-86 | WARN  | o.z.p.spring.common.AdviceTraits     : Forbidden: You are not allowed to access the Course with id 1372

  Starting logs for EnforceRoleInCourseTest > testAsEditorOfOtherCourse(String, HttpStatus) [7] endpoint=testEnforceAtLeastInstructorInCourseExplicit, expectedStatus=403 FORBIDDEN
    23:44:37.664 | 193 Pool-1-worker-86 | DEBUG | d.t.c.a.a.c.u.util.UserUtilService   : Generate 1 students...
    23:44:37.669 | 193 Pool-1-worker-86 | DEBUG | d.t.c.a.a.c.u.util.UserUtilService   : 1 students generated. Generate 1 tutors...
    23:44:37.671 | 193 Pool-1-worker-86 | DEBUG | d.t.c.a.a.c.u.util.UserUtilService   : 1 tutors generated. Generate 1 editors...
    23:44:37.675 | 193 Pool-1-worker-86 | DEBUG | d.t.c.a.a.c.u.util.UserUtilService   : 1 editors generated. Generate 1 instructors...
    23:44:37.678 | 193 Pool-1-worker-86 | DEBUG | d.t.c.a.a.c.u.util.UserUtilService   : 1 instructors generated
    23:44:37.679 | 193 Pool-1-worker-86 | DEBUG | d.t.c.a.a.c.u.util.UserUtilService   : Removing 8 users from all courses...
    23:44:37.680 | 193 Pool-1-worker-86 | DEBUG | d.t.c.a.a.c.u.util.UserUtilService   : Removing 8 users from all courses. Done
    23:44:37.680 | 193 Pool-1-worker-86 | DEBUG | d.t.c.a.a.c.u.util.UserUtilService   : Save 4 users to database...
    23:44:37.684 | 193 Pool-1-worker-86 | DEBUG | d.t.c.a.a.c.u.util.UserUtilService   : Save 4 users to database. Done
    23:44:37.705 | 193 Pool-1-worker-86 | INFO  | i.z.t.d.l.EmbeddedDatabaseReporter   : JDBC URL to connect to 'dataSource': url='jdbc:h2:tcp://localhost:41063/mem:df70fc46-7e57-4cb5-9cd0-c1d90c14afa7;USER=sa', scope='EnforceRoleInCourseTest#testAsEditorOfOtherCourse'
    23:44:37.706 | 193 Pool-1-worker-86 | DEBUG | d.t.c.a.a.c.s.f.ApiVersionFilter     : Adding Version to Request GET /api/test/testEnforceAtLeastInstructorInCourseExplicit/1373
    23:44:37.708 | 193 Pool-1-worker-86 | WARN  | o.z.p.spring.common.AdviceTraits     : Forbidden: You are not allowed to access the Course with id 1373

  Starting logs for EnforceRoleInCourseTest > testAsEditorOfOtherCourse(String, HttpStatus) [8] endpoint=testEnforceAtLeastInstructorInCourse, expectedStatus=403 FORBIDDEN
    23:44:37.724 | 193 Pool-1-worker-86 | DEBUG | d.t.c.a.a.c.u.util.UserUtilService   : Generate 1 students...
    23:44:37.727 | 193 Pool-1-worker-86 | DEBUG | d.t.c.a.a.c.u.util.UserUtilService   : 1 students generated. Generate 1 tutors...
    23:44:37.730 | 193 Pool-1-worker-86 | DEBUG | d.t.c.a.a.c.u.util.UserUtilService   : 1 tutors generated. Generate 1 editors...
    23:44:37.733 | 193 Pool-1-worker-86 | DEBUG | d.t.c.a.a.c.u.util.UserUtilService   : 1 editors generated. Generate 1 instructors...
    23:44:37.735 | 193 Pool-1-worker-86 | DEBUG | d.t.c.a.a.c.u.util.UserUtilService   : 1 instructors generated
    23:44:37.737 | 193 Pool-1-worker-86 | DEBUG | d.t.c.a.a.c.u.util.UserUtilService   : Removing 8 users from all courses...
    23:44:37.739 | 193 Pool-1-worker-86 | DEBUG | d.t.c.a.a.c.u.util.UserUtilService   : Removing 8 users from all courses. Done
    23:44:37.739 | 193 Pool-1-worker-86 | DEBUG | d.t.c.a.a.c.u.util.UserUtilService   : Save 4 users to database...
    23:44:37.742 | 193 Pool-1-worker-86 | DEBUG | d.t.c.a.a.c.u.util.UserUtilService   : Save 4 users to database. Done
    23:44:37.763 | 193 Pool-1-worker-86 | INFO  | i.z.t.d.l.EmbeddedDatabaseReporter   : JDBC URL to connect to 'dataSource': url='jdbc:h2:tcp://localhost:41063/mem:df70fc46-7e57-4cb5-9cd0-c1d90c14afa7;USER=sa', scope='EnforceRoleInCourseTest#testAsEditorOfOtherCourse'
    23:44:37.764 | 193 Pool-1-worker-86 | DEBUG | d.t.c.a.a.c.s.f.ApiVersionFilter     : Adding Version to Request GET /api/test/testEnforceAtLeastInstructorInCourse/1374
    23:44:37.765 | 193 Pool-1-worker-86 | WARN  | o.z.p.spring.common.AdviceTraits     : Forbidden: Access Denied

  Starting logs for EnforceRoleInCourseTest > testAsEditorOfOtherCourse(String, HttpStatus) [9] endpoint=testEnforceRoleInCourseFieldName, expectedStatus=403 FORBIDDEN
    23:44:37.782 | 193 Pool-1-worker-86 | DEBUG | d.t.c.a.a.c.u.util.UserUtilService   : Generate 1 students...
    23:44:37.785 | 193 Pool-1-worker-86 | DEBUG | d.t.c.a.a.c.u.util.UserUtilService   : 1 students generated. Generate 1 tutors...
    23:44:37.787 | 193 Pool-1-worker-86 | DEBUG | d.t.c.a.a.c.u.util.UserUtilService   : 1 tutors generated. Generate 1 editors...
    23:44:37.790 | 193 Pool-1-worker-86 | DEBUG | d.t.c.a.a.c.u.util.UserUtilService   : 1 editors generated. Generate 1 instructors...
    23:44:37.793 | 193 Pool-1-worker-86 | DEBUG | d.t.c.a.a.c.u.util.UserUtilService   : 1 instructors generated
    23:44:37.796 | 193 Pool-1-worker-86 | DEBUG | d.t.c.a.a.c.u.util.UserUtilService   : Removing 8 users from all courses...
    23:44:37.797 | 193 Pool-1-worker-86 | DEBUG | d.t.c.a.a.c.u.util.UserUtilService   : Removing 8 users from all courses. Done
    23:44:37.797 | 193 Pool-1-worker-86 | DEBUG | d.t.c.a.a.c.u.util.UserUtilService   : Save 4 users to database...
    23:44:37.801 | 193 Pool-1-worker-86 | DEBUG | d.t.c.a.a.c.u.util.UserUtilService   : Save 4 users to database. Done
    23:44:37.822 | 193 Pool-1-worker-86 | INFO  | i.z.t.d.l.EmbeddedDatabaseReporter   : JDBC URL to connect to 'dataSource': url='jdbc:h2:tcp://localhost:41063/mem:df70fc46-7e57-4cb5-9cd0-c1d90c14afa7;USER=sa', scope='EnforceRoleInCourseTest#testAsEditorOfOtherCourse'
    23:44:37.824 | 193 Pool-1-worker-86 | DEBUG | d.t.c.a.a.c.s.f.ApiVersionFilter     : Adding Version to Request GET /api/test/testEnforceRoleInCourseFieldName/1375
    23:44:37.826 | 193 Pool-1-worker-86 | WARN  | o.z.p.spring.common.AdviceTraits     : Forbidden: You are not allowed to access the Course with id 1375

  Starting logs for EnforceRoleInCourseTest > testAsEditorOfOtherCourse(String, HttpStatus) [10] endpoint=testEnforceAtLeastStudentInCourseFieldName, expectedStatus=403 FORBIDDEN
    23:44:37.841 | 193 Pool-1-worker-86 | DEBUG | d.t.c.a.a.c.u.util.UserUtilService   : Generate 1 students...
    23:44:37.844 | 193 Pool-1-worker-86 | DEBUG | d.t.c.a.a.c.u.util.UserUtilService   : 1 students generated. Generate 1 tutors...
    23:44:37.847 | 193 Pool-1-worker-86 | DEBUG | d.t.c.a.a.c.u.util.UserUtilService   : 1 tutors generated. Generate 1 editors...
    23:44:37.849 | 193 Pool-1-worker-86 | DEBUG | d.t.c.a.a.c.u.util.UserUtilService   : 1 editors generated. Generate 1 instructors...
    23:44:37.852 | 193 Pool-1-worker-86 | DEBUG | d.t.c.a.a.c.u.util.UserUtilService   : 1 instructors generated
    23:44:37.854 | 193 Pool-1-worker-86 | DEBUG | d.t.c.a.a.c.u.util.UserUtilService   : Removing 8 users from all courses...
    23:44:37.855 | 193 Pool-1-worker-86 | DEBUG | d.t.c.a.a.c.u.util.UserUtilService   : Removing 8 users from all courses. Done
    23:44:37.855 | 193 Pool-1-worker-86 | DEBUG | d.t.c.a.a.c.u.util.UserUtilService   : Save 4 users to database...
    23:44:37.858 | 193 Pool-1-worker-86 | DEBUG | d.t.c.a.a.c.u.util.UserUtilService   : Save 4 users to database. Done
    23:44:37.886 | 193 Pool-1-worker-86 | INFO  | i.z.t.d.l.EmbeddedDatabaseReporter   : JDBC URL to connect to 'dataSource': url='jdbc:h2:tcp://localhost:41063/mem:df70fc46-7e57-4cb5-9cd0-c1d90c14afa7;USER=sa', scope='EnforceRoleInCourseTest#testAsEditorOfOtherCourse'
    23:44:37.887 | 193 Pool-1-worker-86 | DEBUG | d.t.c.a.a.c.s.f.ApiVersionFilter     : Adding Version to Request GET /api/test/testEnforceAtLeastStudentInCourseFieldName/1376
    23:44:37.890 | 193 Pool-1-worker-86 | WARN  | o.z.p.spring.common.AdviceTraits     : Forbidden: You are not allowed to access the Course with id 1376

  Starting logs for EnforceRoleInCourseTest > testAsEditorOfOtherCourse(String, HttpStatus) [11] endpoint=testEnforceAtLeastTutorInCourseFieldName, expectedStatus=403 FORBIDDEN
    23:44:37.907 | 193 Pool-1-worker-86 | DEBUG | d.t.c.a.a.c.u.util.UserUtilService   : Generate 1 students...
    23:44:37.910 | 193 Pool-1-worker-86 | DEBUG | d.t.c.a.a.c.u.util.UserUtilService   : 1 students generated. Generate 1 tutors...
    23:44:37.913 | 193 Pool-1-worker-86 | DEBUG | d.t.c.a.a.c.u.util.UserUtilService   : 1 tutors generated. Generate 1 editors...
    23:44:37.917 | 193 Pool-1-worker-86 | DEBUG | d.t.c.a.a.c.u.util.UserUtilService   : 1 editors generated. Generate 1 instructors...
    23:44:37.920 | 193 Pool-1-worker-86 | DEBUG | d.t.c.a.a.c.u.util.UserUtilService   : 1 instructors generated
    23:44:37.922 | 193 Pool-1-worker-86 | DEBUG | d.t.c.a.a.c.u.util.UserUtilService   : Removing 8 users from all courses...
    23:44:37.923 | 193 Pool-1-worker-86 | DEBUG | d.t.c.a.a.c.u.util.UserUtilService   : Removing 8 users from all courses. Done
    23:44:37.923 | 193 Pool-1-worker-86 | DEBUG | d.t.c.a.a.c.u.util.UserUtilService   : Save 4 users to database...
    23:44:37.928 | 193 Pool-1-worker-86 | DEBUG | d.t.c.a.a.c.u.util.UserUtilService   : Save 4 users to database. Done
    23:44:37.951 | 193 Pool-1-worker-86 | INFO  | i.z.t.d.l.EmbeddedDatabaseReporter   : JDBC URL to connect to 'dataSource': url='jdbc:h2:tcp://localhost:41063/mem:df70fc46-7e57-4cb5-9cd0-c1d90c14afa7;USER=sa', scope='EnforceRoleInCourseTest#testAsEditorOfOtherCourse'
    23:44:37.953 | 193 Pool-1-worker-86 | DEBUG | d.t.c.a.a.c.s.f.ApiVersionFilter     : Adding Version to Request GET /api/test/testEnforceAtLeastTutorInCourseFieldName/1377
    23:44:37.955 | 193 Pool-1-worker-86 | WARN  | o.z.p.spring.common.AdviceTraits     : Forbidden: You are not allowed to access the Course with id 1377

  Starting logs for EnforceRoleInCourseTest > testAsEditorOfOtherCourse(String, HttpStatus) [12] endpoint=testEnforceAtLeastEditorInCourseFieldName, expectedStatus=403 FORBIDDEN
    23:44:37.973 | 193 Pool-1-worker-86 | DEBUG | d.t.c.a.a.c.u.util.UserUtilService   : Generate 1 students...
    23:44:37.977 | 193 Pool-1-worker-86 | DEBUG | d.t.c.a.a.c.u.util.UserUtilService   : 1 students generated. Generate 1 tutors...
    23:44:37.983 | 193 Pool-1-worker-86 | DEBUG | d.t.c.a.a.c.u.util.UserUtilService   : 1 tutors generated. Generate 1 editors...
    23:44:37.988 | 193 Pool-1-worker-86 | DEBUG | d.t.c.a.a.c.u.util.UserUtilService   : 1 editors generated. Generate 1 instructors...
    23:44:37.990 | 193 Pool-1-worker-86 | DEBUG | d.t.c.a.a.c.u.util.UserUtilService   : 1 instructors generated
    23:44:37.992 | 193 Pool-1-worker-86 | DEBUG | d.t.c.a.a.c.u.util.UserUtilService   : Removing 8 users from all courses...
    23:44:37.993 | 193 Pool-1-worker-86 | DEBUG | d.t.c.a.a.c.u.util.UserUtilService   : Removing 8 users from all courses. Done
    23:44:37.993 | 193 Pool-1-worker-86 | DEBUG | d.t.c.a.a.c.u.util.UserUtilService   : Save 4 users to database...
    23:44:37.996 | 193 Pool-1-worker-86 | DEBUG | d.t.c.a.a.c.u.util.UserUtilService   : Save 4 users to database. Done
    23:44:38.016 | 193 Pool-1-worker-86 | INFO  | i.z.t.d.l.EmbeddedDatabaseReporter   : JDBC URL to connect to 'dataSource': url='jdbc:h2:tcp://localhost:41063/mem:df70fc46-7e57-4cb5-9cd0-c1d90c14afa7;USER=sa', scope='EnforceRoleInCourseTest#testAsEditorOfOtherCourse'
    23:44:38.018 | 193 Pool-1-worker-86 | DEBUG | d.t.c.a.a.c.s.f.ApiVersionFilter     : Adding Version to Request GET /api/test/testEnforceAtLeastEditorInCourseFieldName/1378
    23:44:38.020 | 193 Pool-1-worker-86 | WARN  | o.z.p.spring.common.AdviceTraits     : Forbidden: You are not allowed to access the Course with id 1378

  Starting logs for EnforceRoleInCourseTest > testAsEditorOfOtherCourse(String, HttpStatus) [13] endpoint=testEnforceAtLeastInstructorInCourseFieldName, expectedStatus=403 FORBIDDEN
    23:44:38.034 | 193 Pool-1-worker-86 | DEBUG | d.t.c.a.a.c.u.util.UserUtilService   : Generate 1 students...
    23:44:38.037 | 193 Pool-1-worker-86 | DEBUG | d.t.c.a.a.c.u.util.UserUtilService   : 1 students generated. Generate 1 tutors...
    23:44:38.040 | 193 Pool-1-worker-86 | DEBUG | d.t.c.a.a.c.u.util.UserUtilService   : 1 tutors generated. Generate 1 editors...
    23:44:38.043 | 193 Pool-1-worker-86 | DEBUG | d.t.c.a.a.c.u.util.UserUtilService   : 1 editors generated. Generate 1 instructors...
    23:44:38.045 | 193 Pool-1-worker-86 | DEBUG | d.t.c.a.a.c.u.util.UserUtilService   : 1 instructors generated
    23:44:38.047 | 193 Pool-1-worker-86 | DEBUG | d.t.c.a.a.c.u.util.UserUtilService   : Removing 8 users from all courses...
    23:44:38.048 | 193 Pool-1-worker-86 | DEBUG | d.t.c.a.a.c.u.util.UserUtilService   : Removing 8 users from all courses. Done
    23:44:38.048 | 193 Pool-1-worker-86 | DEBUG | d.t.c.a.a.c.u.util.UserUtilService   : Save 4 users to database...
    23:44:38.052 | 193 Pool-1-worker-86 | DEBUG | d.t.c.a.a.c.u.util.UserUtilService   : Save 4 users to database. Done
    23:44:38.072 | 193 Pool-1-worker-86 | INFO  | i.z.t.d.l.EmbeddedDatabaseReporter   : JDBC URL to connect to 'dataSource': url='jdbc:h2:tcp://localhost:41063/mem:df70fc46-7e57-4cb5-9cd0-c1d90c14afa7;USER=sa', scope='EnforceRoleInCourseTest#testAsEditorOfOtherCourse'
    23:44:38.073 | 193 Pool-1-worker-86 | DEBUG | d.t.c.a.a.c.s.f.ApiVersionFilter     : Adding Version to Request GET /api/test/testEnforceAtLeastInstructorInCourseFieldName/1379
    23:44:38.075 | 193 Pool-1-worker-86 | WARN  | o.z.p.spring.common.AdviceTraits     : Forbidden: Access Denied

  Starting logs for EnforceRoleInCourseTest > testAsTutorOfOtherCourse(String, HttpStatus) [1] endpoint=testEnforceAtLeastStudentInCourseExplicit, expectedStatus=403 FORBIDDEN
    23:44:38.138 | 193 Pool-1-worker-86 | DEBUG | d.t.c.a.a.c.u.util.UserUtilService   : Generate 1 students...
    23:44:38.140 | 193 Pool-1-worker-86 | DEBUG | d.t.c.a.a.c.u.util.UserUtilService   : 1 students generated. Generate 1 tutors...
    23:44:38.149 | 193 Pool-1-worker-86 | DEBUG | d.t.c.a.a.c.u.util.UserUtilService   : 1 tutors generated. Generate 1 editors...
    23:44:38.157 | 193 Pool-1-worker-86 | DEBUG | d.t.c.a.a.c.u.util.UserUtilService   : 1 editors generated. Generate 1 instructors...
    23:44:38.167 | 193 Pool-1-worker-86 | DEBUG | d.t.c.a.a.c.u.util.UserUtilService   : 1 instructors generated
    23:44:38.172 | 193 Pool-1-worker-86 | DEBUG | d.t.c.a.a.c.u.util.UserUtilService   : Removing 8 users from all courses...
    23:44:38.173 | 193 Pool-1-worker-86 | DEBUG | d.t.c.a.a.c.u.util.UserUtilService   : Removing 8 users from all courses. Done
    23:44:38.173 | 193 Pool-1-worker-86 | DEBUG | d.t.c.a.a.c.u.util.UserUtilService   : Save 4 users to database...
    23:44:38.190 | 193 Pool-1-worker-86 | DEBUG | d.t.c.a.a.c.u.util.UserUtilService   : Save 4 users to database. Done
    23:44:38.235 | 193 Pool-1-worker-86 | INFO  | i.z.t.d.l.EmbeddedDatabaseReporter   : JDBC URL to connect to 'dataSource': url='jdbc:h2:tcp://localhost:41063/mem:df70fc46-7e57-4cb5-9cd0-c1d90c14afa7;USER=sa', scope='EnforceRoleInCourseTest#testAsTutorOfOtherCourse'
    23:44:38.236 | 193 Pool-1-worker-86 | DEBUG | d.t.c.a.a.c.s.f.ApiVersionFilter     : Adding Version to Request GET /api/test/testEnforceAtLeastStudentInCourseExplicit/1380
    23:44:38.242 | 193 Pool-1-worker-86 | WARN  | o.z.p.spring.common.AdviceTraits     : Forbidden: You are not allowed to access the Course with id 1380

  Starting logs for EnforceRoleInCourseTest > testAsTutorOfOtherCourse(String, HttpStatus) [2] endpoint=testEnforceAtLeastStudentInCourse, expectedStatus=403 FORBIDDEN
    23:44:38.268 | 193 Pool-1-worker-86 | DEBUG | d.t.c.a.a.c.u.util.UserUtilService   : Generate 1 students...
    23:44:38.271 | 193 Pool-1-worker-86 | DEBUG | d.t.c.a.a.c.u.util.UserUtilService   : 1 students generated. Generate 1 tutors...
    23:44:38.273 | 193 Pool-1-worker-86 | DEBUG | d.t.c.a.a.c.u.util.UserUtilService   : 1 tutors generated. Generate 1 editors...
    23:44:38.280 | 193 Pool-1-worker-86 | DEBUG | d.t.c.a.a.c.u.util.UserUtilService   : 1 editors generated. Generate 1 instructors...
    23:44:38.289 | 193 Pool-1-worker-86 | DEBUG | d.t.c.a.a.c.u.util.UserUtilService   : 1 instructors generated
    23:44:38.290 | 193 Pool-1-worker-86 | DEBUG | d.t.c.a.a.c.u.util.UserUtilService   : Removing 8 users from all courses...
    23:44:38.295 | 193 Pool-1-worker-86 | DEBUG | d.t.c.a.a.c.u.util.UserUtilService   : Removing 8 users from all courses. Done
    23:44:38.295 | 193 Pool-1-worker-86 | DEBUG | d.t.c.a.a.c.u.util.UserUtilService   : Save 4 users to database...
    23:44:38.299 | 193 Pool-1-worker-86 | DEBUG | d.t.c.a.a.c.u.util.UserUtilService   : Save 4 users to database. Done
    23:44:38.318 | 193 Pool-1-worker-86 | INFO  | i.z.t.d.l.EmbeddedDatabaseReporter   : JDBC URL to connect to 'dataSource': url='jdbc:h2:tcp://localhost:41063/mem:df70fc46-7e57-4cb5-9cd0-c1d90c14afa7;USER=sa', scope='EnforceRoleInCourseTest#testAsTutorOfOtherCourse'
    23:44:38.320 | 193 Pool-1-worker-86 | DEBUG | d.t.c.a.a.c.s.f.ApiVersionFilter     : Adding Version to Request GET /api/test/testEnforceAtLeastStudentInCourse/1381
    23:44:38.322 | 193 Pool-1-worker-86 | WARN  | o.z.p.spring.common.AdviceTraits     : Forbidden: You are not allowed to access the Course with id 1381

  Starting logs for EnforceRoleInCourseTest > testAsTutorOfOtherCourse(String, HttpStatus) [3] endpoint=testEnforceAtLeastTutorInCourseExplicit, expectedStatus=403 FORBIDDEN
    23:44:38.335 | 193 Pool-1-worker-86 | DEBUG | d.t.c.a.a.c.u.util.UserUtilService   : Generate 1 students...
    23:44:38.338 | 193 Pool-1-worker-86 | DEBUG | d.t.c.a.a.c.u.util.UserUtilService   : 1 students generated. Generate 1 tutors...
    23:44:38.341 | 193 Pool-1-worker-86 | DEBUG | d.t.c.a.a.c.u.util.UserUtilService   : 1 tutors generated. Generate 1 editors...
    23:44:38.343 | 193 Pool-1-worker-86 | DEBUG | d.t.c.a.a.c.u.util.UserUtilService   : 1 editors generated. Generate 1 instructors...
    23:44:38.346 | 193 Pool-1-worker-86 | DEBUG | d.t.c.a.a.c.u.util.UserUtilService   : 1 instructors generated
    23:44:38.347 | 193 Pool-1-worker-86 | DEBUG | d.t.c.a.a.c.u.util.UserUtilService   : Removing 8 users from all courses...
    23:44:38.349 | 193 Pool-1-worker-86 | DEBUG | d.t.c.a.a.c.u.util.UserUtilService   : Removing 8 users from all courses. Done
    23:44:38.349 | 193 Pool-1-worker-86 | DEBUG | d.t.c.a.a.c.u.util.UserUtilService   : Save 4 users to database...
    23:44:38.352 | 193 Pool-1-worker-86 | DEBUG | d.t.c.a.a.c.u.util.UserUtilService   : Save 4 users to database. Done
    23:44:38.371 | 193 Pool-1-worker-86 | INFO  | i.z.t.d.l.EmbeddedDatabaseReporter   : JDBC URL to connect to 'dataSource': url='jdbc:h2:tcp://localhost:41063/mem:df70fc46-7e57-4cb5-9cd0-c1d90c14afa7;USER=sa', scope='EnforceRoleInCourseTest#testAsTutorOfOtherCourse'
    23:44:38.373 | 193 Pool-1-worker-86 | DEBUG | d.t.c.a.a.c.s.f.ApiVersionFilter     : Adding Version to Request GET /api/test/testEnforceAtLeastTutorInCourseExplicit/1382
    23:44:38.375 | 193 Pool-1-worker-86 | WARN  | o.z.p.spring.common.AdviceTraits     : Forbidden: You are not allowed to access the Course with id 1382

  Starting logs for EnforceRoleInCourseTest > testAsTutorOfOtherCourse(String, HttpStatus) [4] endpoint=testEnforceAtLeastTutorInCourse, expectedStatus=403 FORBIDDEN
    23:44:38.397 | 193 Pool-1-worker-86 | DEBUG | d.t.c.a.a.c.u.util.UserUtilService   : Generate 1 students...
    23:44:38.400 | 193 Pool-1-worker-86 | DEBUG | d.t.c.a.a.c.u.util.UserUtilService   : 1 students generated. Generate 1 tutors...
    23:44:38.402 | 193 Pool-1-worker-86 | DEBUG | d.t.c.a.a.c.u.util.UserUtilService   : 1 tutors generated. Generate 1 editors...
    23:44:38.405 | 193 Pool-1-worker-86 | DEBUG | d.t.c.a.a.c.u.util.UserUtilService   : 1 editors generated. Generate 1 instructors...
    23:44:38.408 | 193 Pool-1-worker-86 | DEBUG | d.t.c.a.a.c.u.util.UserUtilService   : 1 instructors generated
    23:44:38.409 | 193 Pool-1-worker-86 | DEBUG | d.t.c.a.a.c.u.util.UserUtilService   : Removing 8 users from all courses...
    23:44:38.410 | 193 Pool-1-worker-86 | DEBUG | d.t.c.a.a.c.u.util.UserUtilService   : Removing 8 users from all courses. Done
    23:44:38.410 | 193 Pool-1-worker-86 | DEBUG | d.t.c.a.a.c.u.util.UserUtilService   : Save 4 users to database...
    23:44:38.414 | 193 Pool-1-worker-86 | DEBUG | d.t.c.a.a.c.u.util.UserUtilService   : Save 4 users to database. Done
    23:44:38.434 | 193 Pool-1-worker-86 | INFO  | i.z.t.d.l.EmbeddedDatabaseReporter   : JDBC URL to connect to 'dataSource': url='jdbc:h2:tcp://localhost:41063/mem:df70fc46-7e57-4cb5-9cd0-c1d90c14afa7;USER=sa', scope='EnforceRoleInCourseTest#testAsTutorOfOtherCourse'
    23:44:38.436 | 193 Pool-1-worker-86 | DEBUG | d.t.c.a.a.c.s.f.ApiVersionFilter     : Adding Version to Request GET /api/test/testEnforceAtLeastTutorInCourse/1383
    23:44:38.438 | 193 Pool-1-worker-86 | WARN  | o.z.p.spring.common.AdviceTraits     : Forbidden: You are not allowed to access the Course with id 1383

  Starting logs for EnforceRoleInCourseTest > testAsTutorOfOtherCourse(String, HttpStatus) [5] endpoint=testEnforceAtLeastEditorInCourseExplicit, expectedStatus=403 FORBIDDEN
    23:44:38.451 | 193 Pool-1-worker-86 | DEBUG | d.t.c.a.a.c.u.util.UserUtilService   : Generate 1 students...
    23:44:38.454 | 193 Pool-1-worker-86 | DEBUG | d.t.c.a.a.c.u.util.UserUtilService   : 1 students generated. Generate 1 tutors...
    23:44:38.457 | 193 Pool-1-worker-86 | DEBUG | d.t.c.a.a.c.u.util.UserUtilService   : 1 tutors generated. Generate 1 editors...
    23:44:38.459 | 193 Pool-1-worker-86 | DEBUG | d.t.c.a.a.c.u.util.UserUtilService   : 1 editors generated. Generate 1 instructors...
    23:44:38.462 | 193 Pool-1-worker-86 | DEBUG | d.t.c.a.a.c.u.util.UserUtilService   : 1 instructors generated
    23:44:38.463 | 193 Pool-1-worker-86 | DEBUG | d.t.c.a.a.c.u.util.UserUtilService   : Removing 8 users from all courses...
    23:44:38.465 | 193 Pool-1-worker-86 | DEBUG | d.t.c.a.a.c.u.util.UserUtilService   : Removing 8 users from all courses. Done
    23:44:38.465 | 193 Pool-1-worker-86 | DEBUG | d.t.c.a.a.c.u.util.UserUtilService   : Save 4 users to database...
    23:44:38.468 | 193 Pool-1-worker-86 | DEBUG | d.t.c.a.a.c.u.util.UserUtilService   : Save 4 users to database. Done
    23:44:38.493 | 193 Pool-1-worker-86 | INFO  | i.z.t.d.l.EmbeddedDatabaseReporter   : JDBC URL to connect to 'dataSource': url='jdbc:h2:tcp://localhost:41063/mem:df70fc46-7e57-4cb5-9cd0-c1d90c14afa7;USER=sa', scope='EnforceRoleInCourseTest#testAsTutorOfOtherCourse'
    23:44:38.494 | 193 Pool-1-worker-86 | DEBUG | d.t.c.a.a.c.s.f.ApiVersionFilter     : Adding Version to Request GET /api/test/testEnforceAtLeastEditorInCourseExplicit/1384
    23:44:38.499 | 193 Pool-1-worker-86 | WARN  | o.z.p.spring.common.AdviceTraits     : Forbidden: You are not allowed to access the Course with id 1384

  Starting logs for EnforceRoleInCourseTest > testAsTutorOfOtherCourse(String, HttpStatus) [6] endpoint=testEnforceAtLeastEditorInCourse, expectedStatus=403 FORBIDDEN
    23:44:38.535 | 193 Pool-1-worker-86 | DEBUG | d.t.c.a.a.c.u.util.UserUtilService   : Generate 1 students...
    23:44:38.538 | 193 Pool-1-worker-86 | DEBUG | d.t.c.a.a.c.u.util.UserUtilService   : 1 students generated. Generate 1 tutors...
    23:44:38.541 | 193 Pool-1-worker-86 | DEBUG | d.t.c.a.a.c.u.util.UserUtilService   : 1 tutors generated. Generate 1 editors...
    23:44:38.543 | 193 Pool-1-worker-86 | DEBUG | d.t.c.a.a.c.u.util.UserUtilService   : 1 editors generated. Generate 1 instructors...
    23:44:38.546 | 193 Pool-1-worker-86 | DEBUG | d.t.c.a.a.c.u.util.UserUtilService   : 1 instructors generated
    23:44:38.548 | 193 Pool-1-worker-86 | DEBUG | d.t.c.a.a.c.u.util.UserUtilService   : Removing 8 users from all courses...
    23:44:38.550 | 193 Pool-1-worker-86 | DEBUG | d.t.c.a.a.c.u.util.UserUtilService   : Removing 8 users from all courses. Done
    23:44:38.550 | 193 Pool-1-worker-86 | DEBUG | d.t.c.a.a.c.u.util.UserUtilService   : Save 4 users to database...
    23:44:38.553 | 193 Pool-1-worker-86 | DEBUG | d.t.c.a.a.c.u.util.UserUtilService   : Save 4 users to database. Done
    23:44:38.573 | 193 Pool-1-worker-86 | INFO  | i.z.t.d.l.EmbeddedDatabaseReporter   : JDBC URL to connect to 'dataSource': url='jdbc:h2:tcp://localhost:41063/mem:df70fc46-7e57-4cb5-9cd0-c1d90c14afa7;USER=sa', scope='EnforceRoleInCourseTest#testAsTutorOfOtherCourse'
    23:44:38.575 | 193 Pool-1-worker-86 | DEBUG | d.t.c.a.a.c.s.f.ApiVersionFilter     : Adding Version to Request GET /api/test/testEnforceAtLeastEditorInCourse/1385
    23:44:38.576 | 193 Pool-1-worker-86 | WARN  | o.z.p.spring.common.AdviceTraits     : Forbidden: Access Denied

  Starting logs for EnforceRoleInCourseTest > testAsTutorOfOtherCourse(String, HttpStatus) [7] endpoint=testEnforceAtLeastInstructorInCourseExplicit, expectedStatus=403 FORBIDDEN
    23:44:38.590 | 193 Pool-1-worker-86 | DEBUG | d.t.c.a.a.c.u.util.UserUtilService   : Generate 1 students...
    23:44:38.596 | 193 Pool-1-worker-86 | DEBUG | d.t.c.a.a.c.u.util.UserUtilService   : 1 students generated. Generate 1 tutors...
    23:44:38.598 | 193 Pool-1-worker-86 | DEBUG | d.t.c.a.a.c.u.util.UserUtilService   : 1 tutors generated. Generate 1 editors...
    23:44:38.604 | 193 Pool-1-worker-86 | DEBUG | d.t.c.a.a.c.u.util.UserUtilService   : 1 editors generated. Generate 1 instructors...
    23:44:38.610 | 193 Pool-1-worker-86 | DEBUG | d.t.c.a.a.c.u.util.UserUtilService   : 1 instructors generated
    23:44:38.614 | 193 Pool-1-worker-86 | DEBUG | d.t.c.a.a.c.u.util.UserUtilService   : Removing 8 users from all courses...
    23:44:38.615 | 193 Pool-1-worker-86 | DEBUG | d.t.c.a.a.c.u.util.UserUtilService   : Removing 8 users from all courses. Done
    23:44:38.615 | 193 Pool-1-worker-86 | DEBUG | d.t.c.a.a.c.u.util.UserUtilService   : Save 4 users to database...
    23:44:38.626 | 193 Pool-1-worker-86 | DEBUG | d.t.c.a.a.c.u.util.UserUtilService   : Save 4 users to database. Done
    23:44:38.662 | 193 Pool-1-worker-86 | INFO  | i.z.t.d.l.EmbeddedDatabaseReporter   : JDBC URL to connect to 'dataSource': url='jdbc:h2:tcp://localhost:41063/mem:df70fc46-7e57-4cb5-9cd0-c1d90c14afa7;USER=sa', scope='EnforceRoleInCourseTest#testAsTutorOfOtherCourse'
    23:44:38.663 | 193 Pool-1-worker-86 | DEBUG | d.t.c.a.a.c.s.f.ApiVersionFilter     : Adding Version to Request GET /api/test/testEnforceAtLeastInstructorInCourseExplicit/1386
    23:44:38.666 | 193 Pool-1-worker-86 | WARN  | o.z.p.spring.common.AdviceTraits     : Forbidden: You are not allowed to access the Course with id 1386

  Starting logs for EnforceRoleInCourseTest > testAsTutorOfOtherCourse(String, HttpStatus) [8] endpoint=testEnforceAtLeastInstructorInCourse, expectedStatus=403 FORBIDDEN
    23:44:38.682 | 193 Pool-1-worker-86 | DEBUG | d.t.c.a.a.c.u.util.UserUtilService   : Generate 1 students...
    23:44:38.685 | 193 Pool-1-worker-86 | DEBUG | d.t.c.a.a.c.u.util.UserUtilService   : 1 students generated. Generate 1 tutors...
    23:44:38.688 | 193 Pool-1-worker-86 | DEBUG | d.t.c.a.a.c.u.util.UserUtilService   : 1 tutors generated. Generate 1 editors...
    23:44:38.691 | 193 Pool-1-worker-86 | DEBUG | d.t.c.a.a.c.u.util.UserUtilService   : 1 editors generated. Generate 1 instructors...
    23:44:38.693 | 193 Pool-1-worker-86 | DEBUG | d.t.c.a.a.c.u.util.UserUtilService   : 1 instructors generated
    23:44:38.695 | 193 Pool-1-worker-86 | DEBUG | d.t.c.a.a.c.u.util.UserUtilService   : Removing 8 users from all courses...
    23:44:38.696 | 193 Pool-1-worker-86 | DEBUG | d.t.c.a.a.c.u.util.UserUtilService   : Removing 8 users from all courses. Done
    23:44:38.696 | 193 Pool-1-worker-86 | DEBUG | d.t.c.a.a.c.u.util.UserUtilService   : Save 4 users to database...
    23:44:38.701 | 193 Pool-1-worker-86 | DEBUG | d.t.c.a.a.c.u.util.UserUtilService   : Save 4 users to database. Done
    23:44:38.721 | 193 Pool-1-worker-86 | INFO  | i.z.t.d.l.EmbeddedDatabaseReporter   : JDBC URL to connect to 'dataSource': url='jdbc:h2:tcp://localhost:41063/mem:df70fc46-7e57-4cb5-9cd0-c1d90c14afa7;USER=sa', scope='EnforceRoleInCourseTest#testAsTutorOfOtherCourse'
    23:44:38.726 | 193 Pool-1-worker-86 | DEBUG | d.t.c.a.a.c.s.f.ApiVersionFilter     : Adding Version to Request GET /api/test/testEnforceAtLeastInstructorInCourse/1387
    23:44:38.729 | 193 Pool-1-worker-86 | WARN  | o.z.p.spring.common.AdviceTraits     : Forbidden: Access Denied

  Starting logs for EnforceRoleInCourseTest > testAsTutorOfOtherCourse(String, HttpStatus) [9] endpoint=testEnforceRoleInCourseFieldName, expectedStatus=403 FORBIDDEN
    23:44:38.770 | 193 Pool-1-worker-86 | DEBUG | d.t.c.a.a.c.u.util.UserUtilService   : Generate 1 students...
    23:44:38.776 | 193 Pool-1-worker-86 | DEBUG | d.t.c.a.a.c.u.util.UserUtilService   : 1 students generated. Generate 1 tutors...
    23:44:38.781 | 193 Pool-1-worker-86 | DEBUG | d.t.c.a.a.c.u.util.UserUtilService   : 1 tutors generated. Generate 1 editors...
    23:44:38.786 | 193 Pool-1-worker-86 | DEBUG | d.t.c.a.a.c.u.util.UserUtilService   : 1 editors generated. Generate 1 instructors...
    23:44:38.792 | 193 Pool-1-worker-86 | DEBUG | d.t.c.a.a.c.u.util.UserUtilService   : 1 instructors generated
    23:44:38.795 | 193 Pool-1-worker-86 | DEBUG | d.t.c.a.a.c.u.util.UserUtilService   : Removing 8 users from all courses...
    23:44:38.796 | 193 Pool-1-worker-86 | DEBUG | d.t.c.a.a.c.u.util.UserUtilService   : Removing 8 users from all courses. Done
    23:44:38.796 | 193 Pool-1-worker-86 | DEBUG | d.t.c.a.a.c.u.util.UserUtilService   : Save 4 users to database...
    23:44:38.806 | 193 Pool-1-worker-86 | DEBUG | d.t.c.a.a.c.u.util.UserUtilService   : Save 4 users to database. Done
    23:44:38.847 | 193 Pool-1-worker-86 | INFO  | i.z.t.d.l.EmbeddedDatabaseReporter   : JDBC URL to connect to 'dataSource': url='jdbc:h2:tcp://localhost:41063/mem:df70fc46-7e57-4cb5-9cd0-c1d90c14afa7;USER=sa', scope='EnforceRoleInCourseTest#testAsTutorOfOtherCourse'
    23:44:38.850 | 193 Pool-1-worker-86 | DEBUG | d.t.c.a.a.c.s.f.ApiVersionFilter     : Adding Version to Request GET /api/test/testEnforceRoleInCourseFieldName/1388
    23:44:38.855 | 193 Pool-1-worker-86 | WARN  | o.z.p.spring.common.AdviceTraits     : Forbidden: You are not allowed to access the Course with id 1388

  Starting logs for EnforceRoleInCourseTest > testAsTutorOfOtherCourse(String, HttpStatus) [10] endpoint=testEnforceAtLeastStudentInCourseFieldName, expectedStatus=403 FORBIDDEN
    23:44:38.888 | 193 Pool-1-worker-86 | DEBUG | d.t.c.a.a.c.u.util.UserUtilService   : Generate 1 students...
    23:44:38.891 | 193 Pool-1-worker-86 | DEBUG | d.t.c.a.a.c.u.util.UserUtilService   : 1 students generated. Generate 1 tutors...
    23:44:38.894 | 193 Pool-1-worker-86 | DEBUG | d.t.c.a.a.c.u.util.UserUtilService   : 1 tutors generated. Generate 1 editors...
    23:44:38.897 | 193 Pool-1-worker-86 | DEBUG | d.t.c.a.a.c.u.util.UserUtilService   : 1 editors generated. Generate 1 instructors...
    23:44:38.900 | 193 Pool-1-worker-86 | DEBUG | d.t.c.a.a.c.u.util.UserUtilService   : 1 instructors generated
    23:44:38.901 | 193 Pool-1-worker-86 | DEBUG | d.t.c.a.a.c.u.util.UserUtilService   : Removing 8 users from all courses...
    23:44:38.903 | 193 Pool-1-worker-86 | DEBUG | d.t.c.a.a.c.u.util.UserUtilService   : Removing 8 users from all courses. Done
    23:44:38.903 | 193 Pool-1-worker-86 | DEBUG | d.t.c.a.a.c.u.util.UserUtilService   : Save 4 users to database...
    23:44:38.906 | 193 Pool-1-worker-86 | DEBUG | d.t.c.a.a.c.u.util.UserUtilService   : Save 4 users to database. Done
    23:44:38.928 | 193 Pool-1-worker-86 | INFO  | i.z.t.d.l.EmbeddedDatabaseReporter   : JDBC URL to connect to 'dataSource': url='jdbc:h2:tcp://localhost:41063/mem:df70fc46-7e57-4cb5-9cd0-c1d90c14afa7;USER=sa', scope='EnforceRoleInCourseTest#testAsTutorOfOtherCourse'
    23:44:38.929 | 193 Pool-1-worker-86 | DEBUG | d.t.c.a.a.c.s.f.ApiVersionFilter     : Adding Version to Request GET /api/test/testEnforceAtLeastStudentInCourseFieldName/1389
    23:44:38.932 | 193 Pool-1-worker-86 | WARN  | o.z.p.spring.common.AdviceTraits     : Forbidden: You are not allowed to access the Course with id 1389

  Starting logs for EnforceRoleInCourseTest > testAsTutorOfOtherCourse(String, HttpStatus) [11] endpoint=testEnforceAtLeastTutorInCourseFieldName, expectedStatus=403 FORBIDDEN
    23:44:38.949 | 193 Pool-1-worker-86 | DEBUG | d.t.c.a.a.c.u.util.UserUtilService   : Generate 1 students...
    23:44:38.952 | 193 Pool-1-worker-86 | DEBUG | d.t.c.a.a.c.u.util.UserUtilService   : 1 students generated. Generate 1 tutors...
    23:44:38.954 | 193 Pool-1-worker-86 | DEBUG | d.t.c.a.a.c.u.util.UserUtilService   : 1 tutors generated. Generate 1 editors...
    23:44:38.957 | 193 Pool-1-worker-86 | DEBUG | d.t.c.a.a.c.u.util.UserUtilService   : 1 editors generated. Generate 1 instructors...
    23:44:38.960 | 193 Pool-1-worker-86 | DEBUG | d.t.c.a.a.c.u.util.UserUtilService   : 1 instructors generated
    23:44:38.962 | 193 Pool-1-worker-86 | DEBUG | d.t.c.a.a.c.u.util.UserUtilService   : Removing 8 users from all courses...
    23:44:38.963 | 193 Pool-1-worker-86 | DEBUG | d.t.c.a.a.c.u.util.UserUtilService   : Removing 8 users from all courses. Done
    23:44:38.963 | 193 Pool-1-worker-86 | DEBUG | d.t.c.a.a.c.u.util.UserUtilService   : Save 4 users to database...
    23:44:38.967 | 193 Pool-1-worker-86 | DEBUG | d.t.c.a.a.c.u.util.UserUtilService   : Save 4 users to database. Done
    23:44:39.010 | 193 Pool-1-worker-86 | INFO  | i.z.t.d.l.EmbeddedDatabaseReporter   : JDBC URL to connect to 'dataSource': url='jdbc:h2:tcp://localhost:41063/mem:df70fc46-7e57-4cb5-9cd0-c1d90c14afa7;USER=sa', scope='EnforceRoleInCourseTest#testAsTutorOfOtherCourse'
    23:44:39.011 | 193 Pool-1-worker-86 | DEBUG | d.t.c.a.a.c.s.f.ApiVersionFilter     : Adding Version to Request GET /api/test/testEnforceAtLeastTutorInCourseFieldName/1390
    23:44:39.017 | 193 Pool-1-worker-86 | WARN  | o.z.p.spring.common.AdviceTraits     : Forbidden: You are not allowed to access the Course with id 1390

  Starting logs for EnforceRoleInCourseTest > testAsTutorOfOtherCourse(String, HttpStatus) [12] endpoint=testEnforceAtLeastEditorInCourseFieldName, expectedStatus=403 FORBIDDEN
    23:44:39.043 | 193 Pool-1-worker-86 | DEBUG | d.t.c.a.a.c.u.util.UserUtilService   : Generate 1 students...
    23:44:39.046 | 193 Pool-1-worker-86 | DEBUG | d.t.c.a.a.c.u.util.UserUtilService   : 1 students generated. Generate 1 tutors...
    23:44:39.048 | 193 Pool-1-worker-86 | DEBUG | d.t.c.a.a.c.u.util.UserUtilService   : 1 tutors generated. Generate 1 editors...
    23:44:39.051 | 193 Pool-1-worker-86 | DEBUG | d.t.c.a.a.c.u.util.UserUtilService   : 1 editors generated. Generate 1 instructors...
    23:44:39.057 | 193 Pool-1-worker-86 | DEBUG | d.t.c.a.a.c.u.util.UserUtilService   : 1 instructors generated
    23:44:39.061 | 193 Pool-1-worker-86 | DEBUG | d.t.c.a.a.c.u.util.UserUtilService   : Removing 8 users from all courses...
    23:44:39.063 | 193 Pool-1-worker-86 | DEBUG | d.t.c.a.a.c.u.util.UserUtilService   : Removing 8 users from all courses. Done
    23:44:39.063 | 193 Pool-1-worker-86 | DEBUG | d.t.c.a.a.c.u.util.UserUtilService   : Save 4 users to database...
    23:44:39.067 | 193 Pool-1-worker-86 | DEBUG | d.t.c.a.a.c.u.util.UserUtilService   : Save 4 users to database. Done
    23:44:39.088 | 193 Pool-1-worker-86 | INFO  | i.z.t.d.l.EmbeddedDatabaseReporter   : JDBC URL to connect to 'dataSource': url='jdbc:h2:tcp://localhost:41063/mem:df70fc46-7e57-4cb5-9cd0-c1d90c14afa7;USER=sa', scope='EnforceRoleInCourseTest#testAsTutorOfOtherCourse'
    23:44:39.091 | 193 Pool-1-worker-86 | DEBUG | d.t.c.a.a.c.s.f.ApiVersionFilter     : Adding Version to Request GET /api/test/testEnforceAtLeastEditorInCourseFieldName/1391
    23:44:39.094 | 193 Pool-1-worker-86 | WARN  | o.z.p.spring.common.AdviceTraits     : Forbidden: Access Denied

  Starting logs for EnforceRoleInCourseTest > testAsTutorOfOtherCourse(String, HttpStatus) [13] endpoint=testEnforceAtLeastInstructorInCourseFieldName, expectedStatus=403 FORBIDDEN
    23:44:39.109 | 193 Pool-1-worker-86 | DEBUG | d.t.c.a.a.c.u.util.UserUtilService   : Generate 1 students...
    23:44:39.112 | 193 Pool-1-worker-86 | DEBUG | d.t.c.a.a.c.u.util.UserUtilService   : 1 students generated. Generate 1 tutors...
    23:44:39.115 | 193 Pool-1-worker-86 | DEBUG | d.t.c.a.a.c.u.util.UserUtilService   : 1 tutors generated. Generate 1 editors...
    23:44:39.118 | 193 Pool-1-worker-86 | DEBUG | d.t.c.a.a.c.u.util.UserUtilService   : 1 editors generated. Generate 1 instructors...
    23:44:39.120 | 193 Pool-1-worker-86 | DEBUG | d.t.c.a.a.c.u.util.UserUtilService   : 1 instructors generated
    23:44:39.124 | 193 Pool-1-worker-86 | DEBUG | d.t.c.a.a.c.u.util.UserUtilService   : Removing 8 users from all courses...
    23:44:39.125 | 193 Pool-1-worker-86 | DEBUG | d.t.c.a.a.c.u.util.UserUtilService   : Removing 8 users from all courses. Done
    23:44:39.125 | 193 Pool-1-worker-86 | DEBUG | d.t.c.a.a.c.u.util.UserUtilService   : Save 4 users to database...
    23:44:39.134 | 193 Pool-1-worker-86 | DEBUG | d.t.c.a.a.c.u.util.UserUtilService   : Save 4 users to database. Done
    23:44:39.158 | 193 Pool-1-worker-86 | INFO  | i.z.t.d.l.EmbeddedDatabaseReporter   : JDBC URL to connect to 'dataSource': url='jdbc:h2:tcp://localhost:41063/mem:df70fc46-7e57-4cb5-9cd0-c1d90c14afa7;USER=sa', scope='EnforceRoleInCourseTest#testAsTutorOfOtherCourse'
    23:44:39.159 | 193 Pool-1-worker-86 | DEBUG | d.t.c.a.a.c.s.f.ApiVersionFilter     : Adding Version to Request GET /api/test/testEnforceAtLeastInstructorInCourseFieldName/1392
    23:44:39.161 | 193 Pool-1-worker-86 | WARN  | o.z.p.spring.common.AdviceTraits     : Forbidden: Access Denied

Finished logs for EnforceRoleInCourseTest
]]></system-out>
  <system-err><![CDATA[]]></system-err>
</testsuite>
