<?xml version="1.0" encoding="UTF-8"?>
<testsuite name="de.tum.cit.aet.artemis.atlas.service.LearningPathServiceTest$GenerateNgxPathRepresentation" tests="1" skipped="0" failures="0" errors="0" timestamp="2025-02-14T23:43:23" hostname="fv-az1721-502" time="0.053">
  <properties/>
  <testcase name="testUtilityConstantsValid()" classname="de.tum.cit.aet.artemis.atlas.service.LearningPathServiceTest$GenerateNgxPathRepresentation" time="0.053"/>
  <system-out><![CDATA[
Starting logs for GenerateNgxPathRepresentation

  Starting logs for GenerateNgxPathRepresentation > testUtilityConstantsValid()
    23:43:23.559 | 128 Pool-1-worker-43 | DEBUG | d.t.c.a.a.c.u.util.UserUtilService   : Generate 1 students...
    23:43:23.561 | 128 Pool-1-worker-43 | DEBUG | d.t.c.a.a.c.u.util.UserUtilService   : 1 students generated. Generate 0 tutors...
    23:43:23.564 | 128 Pool-1-worker-43 | DEBUG | d.t.c.a.a.c.u.util.UserUtilService   : 0 tutors generated. Generate 0 editors...
    23:43:23.565 | 128 Pool-1-worker-43 | DEBUG | d.t.c.a.a.c.u.util.UserUtilService   : 0 editors generated. Generate 0 instructors...
    23:43:23.572 | 128 Pool-1-worker-43 | DEBUG | d.t.c.a.a.c.u.util.UserUtilService   : 0 instructors generated
    23:43:23.573 | 128 Pool-1-worker-43 | DEBUG | d.t.c.a.a.c.u.util.UserUtilService   : Removing 1 users from all courses...
    23:43:23.575 | 128 Pool-1-worker-43 | DEBUG | d.t.c.a.a.c.u.util.UserUtilService   : Removing 1 users from all courses. Done
    23:43:23.575 | 128 Pool-1-worker-43 | DEBUG | d.t.c.a.a.c.u.util.UserUtilService   : Save 1 users to database...
    23:43:23.578 | 128 Pool-1-worker-43 | DEBUG | d.t.c.a.a.c.u.util.UserUtilService   : Save 1 users to database. Done
    23:43:23.579 | 128 Pool-1-worker-43 | INFO  | i.z.t.d.l.EmbeddedDatabaseReporter   : JDBC URL to connect to 'dataSource': url='jdbc:h2:tcp://localhost:41063/mem:df70fc46-7e57-4cb5-9cd0-c1d90c14afa7;USER=sa', scope='GenerateNgxPathRepresentation#testUtilityConstantsValid'

Finished logs for GenerateNgxPathRepresentation
]]></system-out>
  <system-err><![CDATA[]]></system-err>
</testsuite>
