<?xml version="1.0" encoding="UTF-8"?>
<testsuite name="de.tum.cit.aet.artemis.modeling.ModelingAssessmentIntegrationTest" tests="74" skipped="0" failures="0" errors="0" timestamp="2025-02-14T23:44:08" hostname="fv-az1721-502" time="15.505">
  <properties/>
  <testcase name="testOverrideSubmittedManualAssessment_conflict()" classname="de.tum.cit.aet.artemis.modeling.ModelingAssessmentIntegrationTest" time="0.252"/>
  <testcase name="testAutomaticAssessmentCommunicationDiagramUponAssessmentSubmission()" classname="de.tum.cit.aet.artemis.modeling.ModelingAssessmentIntegrationTest" time="0.152"/>
  <testcase name="testOverrideAssessment_saveSameTutorAfterAssessmentDueDatePossible()" classname="de.tum.cit.aet.artemis.modeling.ModelingAssessmentIntegrationTest" time="0.134"/>
  <testcase name="testGetAssessmentBySubmissionId()" classname="de.tum.cit.aet.artemis.modeling.ModelingAssessmentIntegrationTest" time="0.133"/>
  <testcase name="multipleCorrectionRoundsForExam()" classname="de.tum.cit.aet.artemis.modeling.ModelingAssessmentIntegrationTest" time="0.569"/>
  <testcase name="testGetAssessmentBySubmissionId_assessmentDueDateNotOver_forbidden()" classname="de.tum.cit.aet.artemis.modeling.ModelingAssessmentIntegrationTest" time="0.39"/>
  <testcase name="testNoAutomaticAssessmentWhenNotBuild()" classname="de.tum.cit.aet.artemis.modeling.ModelingAssessmentIntegrationTest" time="0.18"/>
  <testcase name="testOverrideAssessment_submitSameTutorPossible()" classname="de.tum.cit.aet.artemis.modeling.ModelingAssessmentIntegrationTest" time="0.102"/>
  <testcase name="testManualAssessmentSave_noCourse()" classname="de.tum.cit.aet.artemis.modeling.ModelingAssessmentIntegrationTest" time="0.221"/>
  <testcase name="testAutomaticAssessmentUponModelSubmission_noResultInDatabase()" classname="de.tum.cit.aet.artemis.modeling.ModelingAssessmentIntegrationTest" time="0.451"/>
  <testcase name="testOverrideAssessment_submitSameTutorAfterAssessmentDueDatePossible()" classname="de.tum.cit.aet.artemis.modeling.ModelingAssessmentIntegrationTest" time="0.241"/>
  <testcase name="testGetAssessmentBySubmissionId_studentNotOwnerOfSubmission_forbidden()" classname="de.tum.cit.aet.artemis.modeling.ModelingAssessmentIntegrationTest" time="0.249"/>
  <testcase name="testManualAssessmentSubmitAsStudent()" classname="de.tum.cit.aet.artemis.modeling.ModelingAssessmentIntegrationTest" time="0.16"/>
  <testcase name="testAutomaticAssessmentObjectDiagramUponAssessmentSubmission()" classname="de.tum.cit.aet.artemis.modeling.ModelingAssessmentIntegrationTest" time="0.21"/>
  <testcase name="testManualAssessmentSubmit_objectDiagram()" classname="de.tum.cit.aet.artemis.modeling.ModelingAssessmentIntegrationTest" time="0.116"/>
  <testcase name="cancelAssessmentOfOtherTutorAsTutor()" classname="de.tum.cit.aet.artemis.modeling.ModelingAssessmentIntegrationTest" time="0.116"/>
  <testcase name="testAutomaticAssessmentSyntaxTreeDiagramUponAssessmentSubmission()" classname="de.tum.cit.aet.artemis.modeling.ModelingAssessmentIntegrationTest" time="0.19"/>
  <testcase name="testAutomaticAssessment_elementsWithDifferentContextInSameSimilaritySet()" classname="de.tum.cit.aet.artemis.modeling.ModelingAssessmentIntegrationTest" time="0.303"/>
  <testcase name="testAutomaticAssessmentUponModelSubmission_identicalModel()" classname="de.tum.cit.aet.artemis.modeling.ModelingAssessmentIntegrationTest" time="0.28"/>
  <testcase name="testGetExampleAssessmentAsInstructor()" classname="de.tum.cit.aet.artemis.modeling.ModelingAssessmentIntegrationTest" time="0.156"/>
  <testcase name="testManualAssessmentSave()" classname="de.tum.cit.aet.artemis.modeling.ModelingAssessmentIntegrationTest" time="0.116"/>
  <testcase name="testAutomaticAssessmentComponentDiagramUponAssessmentSubmission()" classname="de.tum.cit.aet.artemis.modeling.ModelingAssessmentIntegrationTest" time="0.205"/>
  <testcase name="overrideAssessmentAfterComplaint()" classname="de.tum.cit.aet.artemis.modeling.ModelingAssessmentIntegrationTest" time="0.199"/>
  <testcase name="testCheckPlagiarismIdenticalLongModels()" classname="de.tum.cit.aet.artemis.modeling.ModelingAssessmentIntegrationTest" time="0.218"/>
  <testcase name="testOverrideAssessment_submitOtherTutorForbidden()" classname="de.tum.cit.aet.artemis.modeling.ModelingAssessmentIntegrationTest" time="0.173"/>
  <testcase name="testAutomaticAssessmentUponModelSubmission_similarElementsWithinModel()" classname="de.tum.cit.aet.artemis.modeling.ModelingAssessmentIntegrationTest" time="0.214"/>
  <testcase name="testOverrideAutomaticAssessment()" classname="de.tum.cit.aet.artemis.modeling.ModelingAssessmentIntegrationTest" time="0.273"/>
  <testcase name="testAutomaticAssessmentUponModelSubmission_partialModelExists()" classname="de.tum.cit.aet.artemis.modeling.ModelingAssessmentIntegrationTest" time="0.135"/>
  <testcase name="testManualAssessmentSubmit_classDiagram()" classname="de.tum.cit.aet.artemis.modeling.ModelingAssessmentIntegrationTest" time="0.177"/>
  <testcase name="testAutomaticAssessmentFlowchartDiagramUponAssessmentSubmission()" classname="de.tum.cit.aet.artemis.modeling.ModelingAssessmentIntegrationTest" time="0.136"/>
  <testcase name="testOverrideAssessment_saveSameTutorAfterAssessmentDueDateForbidden()" classname="de.tum.cit.aet.artemis.modeling.ModelingAssessmentIntegrationTest" time="0.123"/>
  <testcase name="testAutomaticAssessmentUponModelSubmission_partialModel()" classname="de.tum.cit.aet.artemis.modeling.ModelingAssessmentIntegrationTest" time="0.166"/>
  <testcase name="testOverrideAssessment_saveInstructorAfterAssessmentDueDatePossible()" classname="de.tum.cit.aet.artemis.modeling.ModelingAssessmentIntegrationTest" time="0.191"/>
  <testcase name="testdeleteResult()" classname="de.tum.cit.aet.artemis.modeling.ModelingAssessmentIntegrationTest" time="0.126"/>
  <testcase name="testOverrideAssessment_submitOtherTutorAfterAssessmentDueDateForbidden()" classname="de.tum.cit.aet.artemis.modeling.ModelingAssessmentIntegrationTest" time="0.111"/>
  <testcase name="testAutomaticAssessmentUseCaseDiagramUponAssessmentSubmission()" classname="de.tum.cit.aet.artemis.modeling.ModelingAssessmentIntegrationTest" time="0.128"/>
  <testcase name="testAutomaticAssessmentUponModelSubmission_emptyModel()" classname="de.tum.cit.aet.artemis.modeling.ModelingAssessmentIntegrationTest" time="0.064"/>
  <testcase name="overrideAssessment_inFirstCorrectionRoundByInstructor()" classname="de.tum.cit.aet.artemis.modeling.ModelingAssessmentIntegrationTest" time="0.114"/>
  <testcase name="testGetAssessmentBySubmissionId_notFound()" classname="de.tum.cit.aet.artemis.modeling.ModelingAssessmentIntegrationTest" time="0.065"/>
  <testcase name="testManualAssessmentSaveAndSubmit()" classname="de.tum.cit.aet.artemis.modeling.ModelingAssessmentIntegrationTest" time="0.145"/>
  <testcase name="cancelAssessmentOfOtherTutorAsInstructor()" classname="de.tum.cit.aet.artemis.modeling.ModelingAssessmentIntegrationTest" time="0.101"/>
  <testcase name="testAutomaticAssessmentDeploymentDiagramUponAssessmentSubmission()" classname="de.tum.cit.aet.artemis.modeling.ModelingAssessmentIntegrationTest" time="0.183"/>
  <testcase name="testAutomaticAssessmentPetriNetDiagramUponAssessmentSubmission()" classname="de.tum.cit.aet.artemis.modeling.ModelingAssessmentIntegrationTest" time="0.16"/>
  <testcase name="testLongestFeedbackTextSelection()" classname="de.tum.cit.aet.artemis.modeling.ModelingAssessmentIntegrationTest" time="0.208"/>
  <testcase name="testOverrideAssessment_saveOtherTutorForbidden()" classname="de.tum.cit.aet.artemis.modeling.ModelingAssessmentIntegrationTest" time="0.107"/>
  <testcase name="testAutomaticAssessmentUponModelSubmission_activityDiagram_identicalModel()" classname="de.tum.cit.aet.artemis.modeling.ModelingAssessmentIntegrationTest" time="0.143"/>
  <testcase name="testAutomaticAssessmentActivityDiagramUponAssessmentSubmission()" classname="de.tum.cit.aet.artemis.modeling.ModelingAssessmentIntegrationTest" time="0.138"/>
  <testcase name="testAutomaticAssessmentUponAssessmentSubmission()" classname="de.tum.cit.aet.artemis.modeling.ModelingAssessmentIntegrationTest" time="0.136"/>
  <testcase name="testOverrideAssessment_submitSameTutorAfterAssessmentDueDateForbidden()" classname="de.tum.cit.aet.artemis.modeling.ModelingAssessmentIntegrationTest" time="0.096"/>
  <testcase name="testOverrideSubmittedManualAssessment_noConflict()" classname="de.tum.cit.aet.artemis.modeling.ModelingAssessmentIntegrationTest" time="0.176"/>
  <testcase name="testOverrideAssessment_submitInstructorAfterAssessmentDueDatePossible()" classname="de.tum.cit.aet.artemis.modeling.ModelingAssessmentIntegrationTest" time="0.204"/>
  <testcase name="testGetExampleAssessmentAsTutorNoTutorial()" classname="de.tum.cit.aet.artemis.modeling.ModelingAssessmentIntegrationTest" time="0.106"/>
  <testcase name="testOverrideAssessment_saveOtherTutorAfterAssessmentDueDateForbidden()" classname="de.tum.cit.aet.artemis.modeling.ModelingAssessmentIntegrationTest" time="0.099"/>
  <testcase name="testGetExampleAssessmentAsTutor()" classname="de.tum.cit.aet.artemis.modeling.ModelingAssessmentIntegrationTest" time="0.122"/>
  <testcase name="testGetAssessmentBySubmissionId_assessmentNotFinished_forbidden()" classname="de.tum.cit.aet.artemis.modeling.ModelingAssessmentIntegrationTest" time="0.1"/>
  <testcase name="testAutomaticAssessmentUponModelSubmission_objectDiagram_identicalModel()" classname="de.tum.cit.aet.artemis.modeling.ModelingAssessmentIntegrationTest" time="0.163"/>
  <testcase name="testManualAssessmentSubmit_activityDiagram()" classname="de.tum.cit.aet.artemis.modeling.ModelingAssessmentIntegrationTest" time="0.11"/>
  <testcase name="testManualAssessmentSubmit_useCaseDiagram()" classname="de.tum.cit.aet.artemis.modeling.ModelingAssessmentIntegrationTest" time="0.144"/>
  <testcase name="testManualAssessmentSubmit(IncludedInOverallScore, boolean) [1] includedInOverallScore=INCLUDED_COMPLETELY, bonus=true" classname="de.tum.cit.aet.artemis.modeling.ModelingAssessmentIntegrationTest" time="0.473"/>
  <testcase name="testManualAssessmentSubmit(IncludedInOverallScore, boolean) [2] includedInOverallScore=INCLUDED_COMPLETELY, bonus=false" classname="de.tum.cit.aet.artemis.modeling.ModelingAssessmentIntegrationTest" time="0.357"/>
  <testcase name="testManualAssessmentSubmit(IncludedInOverallScore, boolean) [3] includedInOverallScore=INCLUDED_AS_BONUS, bonus=true" classname="de.tum.cit.aet.artemis.modeling.ModelingAssessmentIntegrationTest" time="0.643"/>
  <testcase name="testManualAssessmentSubmit(IncludedInOverallScore, boolean) [4] includedInOverallScore=INCLUDED_AS_BONUS, bonus=false" classname="de.tum.cit.aet.artemis.modeling.ModelingAssessmentIntegrationTest" time="0.49"/>
  <testcase name="testManualAssessmentSubmit(IncludedInOverallScore, boolean) [5] includedInOverallScore=NOT_INCLUDED, bonus=true" classname="de.tum.cit.aet.artemis.modeling.ModelingAssessmentIntegrationTest" time="0.579"/>
  <testcase name="testManualAssessmentSubmit(IncludedInOverallScore, boolean) [6] includedInOverallScore=INCLUDED_AS_BONUS, bonus=false" classname="de.tum.cit.aet.artemis.modeling.ModelingAssessmentIntegrationTest" time="0.531"/>
  <testcase name="testOverrideAssessment_submitInstructorPossible()" classname="de.tum.cit.aet.artemis.modeling.ModelingAssessmentIntegrationTest" time="0.15"/>
  <testcase name="testOverrideAutomaticAssessment_existingManualAssessmentDoesNotChange()" classname="de.tum.cit.aet.artemis.modeling.ModelingAssessmentIntegrationTest" time="0.203"/>
  <testcase name="cancelOwnAssessmentAsTutor()" classname="de.tum.cit.aet.artemis.modeling.ModelingAssessmentIntegrationTest" time="0.146"/>
  <testcase name="testOverrideAssessment_saveSameTutorPossible()" classname="de.tum.cit.aet.artemis.modeling.ModelingAssessmentIntegrationTest" time="0.195"/>
  <testcase name="testAutomaticAssessmentUponModelSubmission_noSimilarity()" classname="de.tum.cit.aet.artemis.modeling.ModelingAssessmentIntegrationTest" time="0.127"/>
  <testcase name="testManualAssessmentSubmit_withResultOver100Percent()" classname="de.tum.cit.aet.artemis.modeling.ModelingAssessmentIntegrationTest" time="0.186"/>
  <testcase name="testOverrideAssessment_saveInstructorPossible()" classname="de.tum.cit.aet.artemis.modeling.ModelingAssessmentIntegrationTest" time="0.131"/>
  <testcase name="testConfidenceThreshold()" classname="de.tum.cit.aet.artemis.modeling.ModelingAssessmentIntegrationTest" time="0.405"/>
  <testcase name="testAutomaticAssessmentUponAssessmentSubmission_noResultInDatabase()" classname="de.tum.cit.aet.artemis.modeling.ModelingAssessmentIntegrationTest" time="0.113"/>
  <testcase name="cancelOwnAssessmentAsStudent()" classname="de.tum.cit.aet.artemis.modeling.ModelingAssessmentIntegrationTest" time="0.155"/>
  <system-out><![CDATA[
Starting logs for ModelingAssessmentIntegrationTest

  Starting logs for ModelingAssessmentIntegrationTest > testOverrideSubmittedManualAssessment_conflict()
    23:44:08.830 | 426 ool-1-worker-190 | DEBUG | d.t.c.a.a.c.u.util.UserUtilService   : Generate 6 students...
    23:44:08.834 | 426 ool-1-worker-190 | DEBUG | d.t.c.a.a.c.u.util.UserUtilService   : 6 students generated. Generate 2 tutors...
    23:44:08.836 | 426 ool-1-worker-190 | DEBUG | d.t.c.a.a.c.u.util.UserUtilService   : 2 tutors generated. Generate 0 editors...
    23:44:08.838 | 426 ool-1-worker-190 | DEBUG | d.t.c.a.a.c.u.util.UserUtilService   : 0 editors generated. Generate 1 instructors...
    23:44:08.839 | 426 ool-1-worker-190 | DEBUG | d.t.c.a.a.c.u.util.UserUtilService   : 1 instructors generated
    23:44:08.841 | 426 ool-1-worker-190 | DEBUG | d.t.c.a.a.c.u.util.UserUtilService   : Removing 2 users from all courses...
    23:44:08.841 | 426 ool-1-worker-190 | DEBUG | d.t.c.a.a.c.u.util.UserUtilService   : Removing 2 users from all courses. Done
    23:44:08.841 | 426 ool-1-worker-190 | DEBUG | d.t.c.a.a.c.u.util.UserUtilService   : Save 9 users to database...
    23:44:08.845 | 426 ool-1-worker-190 | DEBUG | d.t.c.a.a.c.u.util.UserUtilService   : Save 9 users to database. Done
    23:44:08.860 | 426 ool-1-worker-190 | INFO  | i.z.t.d.l.EmbeddedDatabaseReporter   : JDBC URL to connect to 'dataSource': url='jdbc:h2:tcp://localhost:41063/mem:f240edcd-27ce-47a3-b4ab-a6a00c154135;USER=sa', scope='ModelingAssessmentIntegrationTest#testOverrideSubmittedManualAssessment_conflict'
    23:44:08.894 | 426 ool-1-worker-190 | INFO  | d.t.c.a.a.m.s.compass.CompassService : ModelCluster: start building clusters of 3 submissions for modeling exercise 662
    23:44:08.897 | 426 ool-1-worker-190 | INFO  | d.t.c.a.a.m.s.compass.CompassService : ModelClusterTimeLog: building clusters of 3 submissions for modeling exercise 662 done in 9.96ms
    23:44:08.906 | 426 ool-1-worker-190 | INFO  | d.t.c.a.a.m.s.compass.CompassService : ModelClusterTimeLog: building and saving clusters of 3 submissions for exercise 662 done in 19.36ms
    23:44:08.912 | 426 ool-1-worker-190 | DEBUG | d.t.c.a.a.c.s.f.ApiVersionFilter     : Adding Version to Request PUT /api/modeling-submissions/599/result/0/assessment
    23:44:08.929 | 426 ool-1-worker-190 | DEBUG | .c.s.m.InstanceMessageReceiveService : Received schedule participant score for exercise 662 and participant 104 (result to be deleted: null)
    23:44:08.929 | 426 ool-1-worker-190 | DEBUG | .a.s.ParticipantScoreScheduleService : Scheduled task for exercise 662 and participant 104 at 2025-02-14T23:44:09.029289896Z[Etc/UTC].
    23:44:08.942 | 426 ool-1-worker-190 | DEBUG | .c.s.m.InstanceMessageReceiveService : Received schedule participant score for exercise 662 and participant 104 (result to be deleted: null)
    23:44:08.942 | 426 ool-1-worker-190 | DEBUG | .a.s.ParticipantScoreScheduleService : Scheduled task for exercise 662 and participant 104 at 2025-02-14T23:44:09.042172941Z[Etc/UTC].
    23:44:08.961 | 426 ool-1-worker-190 | DEBUG | .c.s.m.InstanceMessageReceiveService : Received schedule participant score for exercise 662 and participant 104 (result to be deleted: null)
    23:44:08.961 | 426 ool-1-worker-190 | DEBUG | .a.s.ParticipantScoreScheduleService : Scheduled task for exercise 662 and participant 104 at 2025-02-14T23:44:09.061939603Z[Etc/UTC].
    23:44:08.968 | 426 ool-1-worker-190 | DEBUG | .c.s.m.InstanceMessageReceiveService : Received schedule participant score for exercise 662 and participant 104 (result to be deleted: null)
    23:44:08.968 | 426 ool-1-worker-190 | DEBUG | .a.s.ParticipantScoreScheduleService : Scheduled task for exercise 662 and participant 104 at 2025-02-14T23:44:09.068861080Z[Etc/UTC].
    23:44:08.972 | 426 ool-1-worker-190 | DEBUG | d.t.c.a.a.c.s.f.ApiVersionFilter     : Adding Version to Request PUT /api/modeling-submissions/600/result/0/assessment
    23:44:08.979 | 426 ool-1-worker-190 | DEBUG | .c.s.m.InstanceMessageReceiveService : Received schedule participant score for exercise 662 and participant 105 (result to be deleted: null)
    23:44:08.979 | 426 ool-1-worker-190 | DEBUG | .a.s.ParticipantScoreScheduleService : Scheduled task for exercise 662 and participant 105 at 2025-02-14T23:44:09.079153624Z[Etc/UTC].
    23:44:08.991 | 426 ool-1-worker-190 | DEBUG | .c.s.m.InstanceMessageReceiveService : Received schedule participant score for exercise 662 and participant 105 (result to be deleted: null)
    23:44:08.991 | 426 ool-1-worker-190 | DEBUG | .a.s.ParticipantScoreScheduleService : Scheduled task for exercise 662 and participant 105 at 2025-02-14T23:44:09.091195884Z[Etc/UTC].
    23:44:09.004 | 426 ool-1-worker-190 | DEBUG | .c.s.m.InstanceMessageReceiveService : Received schedule participant score for exercise 662 and participant 105 (result to be deleted: null)
    23:44:09.004 | 426 ool-1-worker-190 | DEBUG | .a.s.ParticipantScoreScheduleService : Scheduled task for exercise 662 and participant 105 at 2025-02-14T23:44:09.104400067Z[Etc/UTC].
    23:44:09.014 | 426 ool-1-worker-190 | DEBUG | .c.s.m.InstanceMessageReceiveService : Received schedule participant score for exercise 662 and participant 105 (result to be deleted: null)
    23:44:09.014 | 426 ool-1-worker-190 | DEBUG | .a.s.ParticipantScoreScheduleService : Scheduled task for exercise 662 and participant 105 at 2025-02-14T23:44:09.114263130Z[Etc/UTC].
    23:44:09.021 | 426 ool-1-worker-190 | DEBUG | d.t.c.a.a.c.s.f.ApiVersionFilter     : Adding Version to Request PUT /api/modeling-submissions/599/result/328/assessment
    23:44:09.042 | 426 ool-1-worker-190 | DEBUG | .c.s.m.InstanceMessageReceiveService : Received schedule participant score for exercise 662 and participant 104 (result to be deleted: null)
    23:44:09.042 | 426 ool-1-worker-190 | DEBUG | .a.s.ParticipantScoreScheduleService : Scheduled task for exercise 662 and participant 104 at 2025-02-14T23:44:09.142737891Z[Etc/UTC].

  Starting logs for ModelingAssessmentIntegrationTest > testAutomaticAssessmentCommunicationDiagramUponAssessmentSubmission()
    23:44:09.092 | 426 ool-1-worker-190 | DEBUG | d.t.c.a.a.c.u.util.UserUtilService   : Generate 6 students...
    23:44:09.104 | 426 ool-1-worker-190 | DEBUG | d.t.c.a.a.c.u.util.UserUtilService   : 6 students generated. Generate 2 tutors...
    23:44:09.108 | 426 ool-1-worker-190 | DEBUG | d.t.c.a.a.c.u.util.UserUtilService   : 2 tutors generated. Generate 0 editors...
    23:44:09.109 | 426 ool-1-worker-190 | DEBUG | d.t.c.a.a.c.u.util.UserUtilService   : 0 editors generated. Generate 1 instructors...
    23:44:09.112 | 426 ool-1-worker-190 | DEBUG | d.t.c.a.a.c.u.util.UserUtilService   : 1 instructors generated
    23:44:09.113 | 426 ool-1-worker-190 | DEBUG | d.t.c.a.a.c.u.util.UserUtilService   : Removing 9 users from all courses...
    23:44:09.115 | 426 ool-1-worker-190 | DEBUG | d.t.c.a.a.c.u.util.UserUtilService   : Removing 9 users from all courses. Done
    23:44:09.115 | 426 ool-1-worker-190 | DEBUG | d.t.c.a.a.c.u.util.UserUtilService   : Save 9 users to database...
    23:44:09.133 | 426 ool-1-worker-190 | DEBUG | d.t.c.a.a.c.u.util.UserUtilService   : Save 9 users to database. Done
    23:44:09.146 | 426 ool-1-worker-190 | INFO  | i.z.t.d.l.EmbeddedDatabaseReporter   : JDBC URL to connect to 'dataSource': url='jdbc:h2:tcp://localhost:41063/mem:f240edcd-27ce-47a3-b4ab-a6a00c154135;USER=sa', scope='ModelingAssessmentIntegrationTest#testAutomaticAssessmentCommunicationDiagramUponAssessmentSubmission'
    23:44:09.180 | 426 ool-1-worker-190 | INFO  | d.t.c.a.a.m.s.compass.CompassService : ModelCluster: start building clusters of 2 submissions for modeling exercise 677
    23:44:09.181 | 426 ool-1-worker-190 | INFO  | d.t.c.a.a.m.s.compass.CompassService : ModelClusterTimeLog: building clusters of 2 submissions for modeling exercise 677 done in 2.97ms
    23:44:09.187 | 426 ool-1-worker-190 | INFO  | d.t.c.a.a.m.s.compass.CompassService : ModelClusterTimeLog: building and saving clusters of 2 submissions for exercise 677 done in 8.81ms
    23:44:09.188 | 426 ool-1-worker-190 | DEBUG | d.t.c.a.a.c.s.f.ApiVersionFilter     : Adding Version to Request PUT /api/modeling-submissions/602/result/0/assessment
    23:44:09.193 | 426 ool-1-worker-190 | DEBUG | .c.s.m.InstanceMessageReceiveService : Received schedule participant score for exercise 677 and participant 104 (result to be deleted: null)
    23:44:09.193 | 426 ool-1-worker-190 | DEBUG | .a.s.ParticipantScoreScheduleService : Scheduled task for exercise 677 and participant 104 at 2025-02-14T23:44:09.293843229Z[Etc/UTC].
    23:44:09.199 | 426 ool-1-worker-190 | DEBUG | .c.s.m.InstanceMessageReceiveService : Received schedule participant score for exercise 677 and participant 104 (result to be deleted: null)
    23:44:09.199 | 426 ool-1-worker-190 | DEBUG | .a.s.ParticipantScoreScheduleService : Scheduled task for exercise 677 and participant 104 at 2025-02-14T23:44:09.299876099Z[Etc/UTC].
    23:44:09.207 | 426 ool-1-worker-190 | DEBUG | .c.s.m.InstanceMessageReceiveService : Received schedule participant score for exercise 677 and participant 104 (result to be deleted: null)
    23:44:09.207 | 426 ool-1-worker-190 | DEBUG | .a.s.ParticipantScoreScheduleService : Scheduled task for exercise 677 and participant 104 at 2025-02-14T23:44:09.307313519Z[Etc/UTC].
    23:44:09.211 | 426 ool-1-worker-190 | DEBUG | .c.s.m.InstanceMessageReceiveService : Received schedule participant score for exercise 677 and participant 104 (result to be deleted: null)
    23:44:09.211 | 426 ool-1-worker-190 | DEBUG | .a.s.ParticipantScoreScheduleService : Scheduled task for exercise 677 and participant 104 at 2025-02-14T23:44:09.311854978Z[Etc/UTC].

  Starting logs for ModelingAssessmentIntegrationTest > testOverrideAssessment_saveSameTutorAfterAssessmentDueDatePossible()
    23:44:09.241 | 426 ool-1-worker-190 | DEBUG | d.t.c.a.a.c.u.util.UserUtilService   : Generate 6 students...
    23:44:09.250 | 426 ool-1-worker-190 | DEBUG | d.t.c.a.a.c.u.util.UserUtilService   : 6 students generated. Generate 2 tutors...
    23:44:09.254 | 426 ool-1-worker-190 | DEBUG | d.t.c.a.a.c.u.util.UserUtilService   : 2 tutors generated. Generate 0 editors...
    23:44:09.255 | 426 ool-1-worker-190 | DEBUG | d.t.c.a.a.c.u.util.UserUtilService   : 0 editors generated. Generate 1 instructors...
    23:44:09.258 | 426 ool-1-worker-190 | DEBUG | d.t.c.a.a.c.u.util.UserUtilService   : 1 instructors generated
    23:44:09.259 | 426 ool-1-worker-190 | DEBUG | d.t.c.a.a.c.u.util.UserUtilService   : Removing 9 users from all courses...
    23:44:09.261 | 426 ool-1-worker-190 | DEBUG | d.t.c.a.a.c.u.util.UserUtilService   : Removing 9 users from all courses. Done
    23:44:09.261 | 426 ool-1-worker-190 | DEBUG | d.t.c.a.a.c.u.util.UserUtilService   : Save 9 users to database...
    23:44:09.268 | 426 ool-1-worker-190 | DEBUG | d.t.c.a.a.c.u.util.UserUtilService   : Save 9 users to database. Done
    23:44:09.294 | 426 ool-1-worker-190 | INFO  | i.z.t.d.l.EmbeddedDatabaseReporter   : JDBC URL to connect to 'dataSource': url='jdbc:h2:tcp://localhost:41063/mem:f240edcd-27ce-47a3-b4ab-a6a00c154135;USER=sa', scope='ModelingAssessmentIntegrationTest#testOverrideAssessment_saveSameTutorAfterAssessmentDueDatePossible'
    23:44:09.337 | 426 ool-1-worker-190 | DEBUG | .c.s.m.InstanceMessageReceiveService : Received schedule participant score for exercise 684 and participant 104 (result to be deleted: null)
    23:44:09.337 | 426 ool-1-worker-190 | DEBUG | .a.s.ParticipantScoreScheduleService : Scheduled task for exercise 684 and participant 104 at 2025-02-14T23:44:09.437418204Z[Etc/UTC].
    23:44:09.346 | 426 ool-1-worker-190 | DEBUG | .c.s.m.InstanceMessageReceiveService : Received schedule participant score for exercise 684 and participant 104 (result to be deleted: null)
    23:44:09.347 | 426 ool-1-worker-190 | DEBUG | .a.s.ParticipantScoreScheduleService : Scheduled task for exercise 684 and participant 104 at 2025-02-14T23:44:09.447062569Z[Etc/UTC].
    23:44:09.349 | 426 ool-1-worker-190 | DEBUG | d.t.c.a.a.c.s.f.ApiVersionFilter     : Adding Version to Request PUT /api/modeling-submissions/604/result/331/assessment
    23:44:09.357 | 426 ool-1-worker-190 | DEBUG | .c.s.m.InstanceMessageReceiveService : Received schedule participant score for exercise 684 and participant 104 (result to be deleted: null)
    23:44:09.357 | 426 ool-1-worker-190 | DEBUG | .a.s.ParticipantScoreScheduleService : Scheduled task for exercise 684 and participant 104 at 2025-02-14T23:44:09.457117550Z[Etc/UTC].

  Starting logs for ModelingAssessmentIntegrationTest > testGetAssessmentBySubmissionId()
    23:44:09.377 | 426 ool-1-worker-190 | DEBUG | d.t.c.a.a.c.u.util.UserUtilService   : Generate 6 students...
    23:44:09.388 | 426 ool-1-worker-190 | DEBUG | d.t.c.a.a.c.u.util.UserUtilService   : 6 students generated. Generate 2 tutors...
    23:44:09.393 | 426 ool-1-worker-190 | DEBUG | d.t.c.a.a.c.u.util.UserUtilService   : 2 tutors generated. Generate 0 editors...
    23:44:09.394 | 426 ool-1-worker-190 | DEBUG | d.t.c.a.a.c.u.util.UserUtilService   : 0 editors generated. Generate 1 instructors...
    23:44:09.397 | 426 ool-1-worker-190 | DEBUG | d.t.c.a.a.c.u.util.UserUtilService   : 1 instructors generated
    23:44:09.399 | 426 ool-1-worker-190 | DEBUG | d.t.c.a.a.c.u.util.UserUtilService   : Removing 9 users from all courses...
    23:44:09.400 | 426 ool-1-worker-190 | DEBUG | d.t.c.a.a.c.u.util.UserUtilService   : Removing 9 users from all courses. Done
    23:44:09.400 | 426 ool-1-worker-190 | DEBUG | d.t.c.a.a.c.u.util.UserUtilService   : Save 9 users to database...
    23:44:09.408 | 426 ool-1-worker-190 | DEBUG | d.t.c.a.a.c.u.util.UserUtilService   : Save 9 users to database. Done
    23:44:09.422 | 426 ool-1-worker-190 | INFO  | i.z.t.d.l.EmbeddedDatabaseReporter   : JDBC URL to connect to 'dataSource': url='jdbc:h2:tcp://localhost:41063/mem:f240edcd-27ce-47a3-b4ab-a6a00c154135;USER=sa', scope='ModelingAssessmentIntegrationTest#testGetAssessmentBySubmissionId'
    23:44:09.435 | 426 ool-1-worker-190 | DEBUG | .c.s.m.InstanceMessageReceiveService : Received schedule participant score for exercise 695 and participant 104 (result to be deleted: null)
    23:44:09.436 | 426 ool-1-worker-190 | DEBUG | .a.s.ParticipantScoreScheduleService : Scheduled task for exercise 695 and participant 104 at 2025-02-14T23:44:09.536009230Z[Etc/UTC].
    23:44:09.449 | 426 ool-1-worker-190 | DEBUG | .c.s.m.InstanceMessageReceiveService : Received schedule participant score for exercise 695 and participant 104 (result to be deleted: null)
    23:44:09.449 | 426 ool-1-worker-190 | DEBUG | .a.s.ParticipantScoreScheduleService : Scheduled task for exercise 695 and participant 104 at 2025-02-14T23:44:09.549652242Z[Etc/UTC].
    23:44:09.458 | 426 ool-1-worker-190 | DEBUG | .c.s.m.InstanceMessageReceiveService : Received schedule participant score for exercise 695 and participant 104 (result to be deleted: null)
    23:44:09.458 | 426 ool-1-worker-190 | DEBUG | .a.s.ParticipantScoreScheduleService : Scheduled task for exercise 695 and participant 104 at 2025-02-14T23:44:09.558080119Z[Etc/UTC].
    23:44:09.461 | 426 ool-1-worker-190 | DEBUG | .c.s.m.InstanceMessageReceiveService : Received schedule participant score for exercise 695 and participant 104 (result to be deleted: null)
    23:44:09.461 | 426 ool-1-worker-190 | DEBUG | .a.s.ParticipantScoreScheduleService : Scheduled task for exercise 695 and participant 104 at 2025-02-14T23:44:09.561910632Z[Etc/UTC].
    23:44:09.478 | 426 ool-1-worker-190 | DEBUG | .c.s.m.InstanceMessageReceiveService : Received schedule participant score for exercise 695 and participant 104 (result to be deleted: null)
    23:44:09.478 | 426 ool-1-worker-190 | DEBUG | .a.s.ParticipantScoreScheduleService : Scheduled task for exercise 695 and participant 104 at 2025-02-14T23:44:09.578319933Z[Etc/UTC].
    23:44:09.483 | 426 ool-1-worker-190 | DEBUG | d.t.c.a.a.c.s.f.ApiVersionFilter     : Adding Version to Request GET /api/modeling-submissions/605/result
    23:44:09.484 | 426 ool-1-worker-190 | DEBUG | d.t.c.a.a.a.web.AssessmentResource   : REST request to get assessment for submission with id 605

  Starting logs for ModelingAssessmentIntegrationTest > multipleCorrectionRoundsForExam()
    23:44:09.513 | 426 ool-1-worker-190 | DEBUG | d.t.c.a.a.c.u.util.UserUtilService   : Generate 6 students...
    23:44:09.522 | 426 ool-1-worker-190 | DEBUG | d.t.c.a.a.c.u.util.UserUtilService   : 6 students generated. Generate 2 tutors...
    23:44:09.526 | 426 ool-1-worker-190 | DEBUG | d.t.c.a.a.c.u.util.UserUtilService   : 2 tutors generated. Generate 0 editors...
    23:44:09.527 | 426 ool-1-worker-190 | DEBUG | d.t.c.a.a.c.u.util.UserUtilService   : 0 editors generated. Generate 1 instructors...
    23:44:09.530 | 426 ool-1-worker-190 | DEBUG | d.t.c.a.a.c.u.util.UserUtilService   : 1 instructors generated
    23:44:09.531 | 426 ool-1-worker-190 | DEBUG | d.t.c.a.a.c.u.util.UserUtilService   : Removing 9 users from all courses...
    23:44:09.533 | 426 ool-1-worker-190 | DEBUG | d.t.c.a.a.c.u.util.UserUtilService   : Removing 9 users from all courses. Done
    23:44:09.533 | 426 ool-1-worker-190 | DEBUG | d.t.c.a.a.c.u.util.UserUtilService   : Save 9 users to database...
    23:44:09.540 | 426 ool-1-worker-190 | DEBUG | d.t.c.a.a.c.u.util.UserUtilService   : Save 9 users to database. Done
    23:44:09.554 | 426 ool-1-worker-190 | INFO  | i.z.t.d.l.EmbeddedDatabaseReporter   : JDBC URL to connect to 'dataSource': url='jdbc:h2:tcp://localhost:41063/mem:f240edcd-27ce-47a3-b4ab-a6a00c154135;USER=sa', scope='ModelingAssessmentIntegrationTest#multipleCorrectionRoundsForExam'
    23:44:09.575 | 426 ool-1-worker-190 | DEBUG | d.t.c.a.a.c.s.f.ApiVersionFilter     : Adding Version to Request GET /api/exercises/717/modeling-submission-without-assessment
    23:44:09.577 | 426 ool-1-worker-190 | DEBUG | c.a.a.m.w.ModelingSubmissionResource : REST request to get a modeling submission without assessment
    23:44:09.607 | 426 ool-1-worker-190 | DEBUG | .c.s.m.InstanceMessageReceiveService : Received schedule participant score for exercise 717 and participant 104 (result to be deleted: null)
    23:44:09.618 | 426 ool-1-worker-190 | DEBUG | .a.s.ParticipantScoreScheduleService : Scheduled task for exercise 717 and participant 104 at 2025-02-14T23:44:09.707077413Z[Etc/UTC].
    23:44:09.638 | 426 ool-1-worker-190 | DEBUG | .c.s.m.InstanceMessageReceiveService : Received schedule participant score for exercise 717 and participant 104 (result to be deleted: null)
    23:44:09.638 | 426 ool-1-worker-190 | DEBUG | .a.s.ParticipantScoreScheduleService : Scheduled task for exercise 717 and participant 104 at 2025-02-14T23:44:09.738380551Z[Etc/UTC].
    23:44:09.663 | 426 ool-1-worker-190 | DEBUG | .c.s.m.InstanceMessageReceiveService : Received schedule participant score for exercise 717 and participant 104 (result to be deleted: null)
    23:44:09.663 | 426 ool-1-worker-190 | DEBUG | .a.s.ParticipantScoreScheduleService : Scheduled task for exercise 717 and participant 104 at 2025-02-14T23:44:09.763327954Z[Etc/UTC].
    23:44:09.686 | 426 ool-1-worker-190 | DEBUG | d.t.c.a.a.c.s.f.ApiVersionFilter     : Adding Version to Request GET /api/exercises/717/modeling-submissions
    23:44:09.692 | 426 ool-1-worker-190 | DEBUG | c.a.a.m.w.ModelingSubmissionResource : REST request to get all modeling upload submissions
    23:44:09.719 | 426 ool-1-worker-190 | DEBUG | d.t.c.a.a.c.s.f.ApiVersionFilter     : Adding Version to Request PUT /api/modeling-submissions/606/result/333/assessment
    23:44:09.745 | 426 ool-1-worker-190 | DEBUG | .c.s.m.InstanceMessageReceiveService : Received schedule participant score for exercise 717 and participant 104 (result to be deleted: null)
    23:44:09.745 | 426 ool-1-worker-190 | DEBUG | .a.s.ParticipantScoreScheduleService : Scheduled task for exercise 717 and participant 104 at 2025-02-14T23:44:09.845510689Z[Etc/UTC].
    23:44:09.752 | 426 ool-1-worker-190 | DEBUG | .c.s.m.InstanceMessageReceiveService : Received schedule participant score for exercise 717 and participant 104 (result to be deleted: null)
    23:44:09.752 | 426 ool-1-worker-190 | DEBUG | .a.s.ParticipantScoreScheduleService : Scheduled task for exercise 717 and participant 104 at 2025-02-14T23:44:09.852596914Z[Etc/UTC].
    23:44:09.762 | 426 ool-1-worker-190 | DEBUG | d.t.c.a.a.c.s.f.ApiVersionFilter     : Adding Version to Request GET /api/exercises/717/modeling-submissions
    23:44:09.762 | 426 ool-1-worker-190 | DEBUG | c.a.a.m.w.ModelingSubmissionResource : REST request to get all modeling upload submissions
    23:44:09.782 | 426 ool-1-worker-190 | DEBUG | d.t.c.a.a.c.s.f.ApiVersionFilter     : Adding Version to Request GET /api/exercises/717/modeling-submission-without-assessment
    23:44:09.783 | 426 ool-1-worker-190 | DEBUG | c.a.a.m.w.ModelingSubmissionResource : REST request to get a modeling submission without assessment
    23:44:09.810 | 426 ool-1-worker-190 | DEBUG | .c.s.m.InstanceMessageReceiveService : Received schedule participant score for exercise 717 and participant 104 (result to be deleted: null)
    23:44:09.810 | 426 ool-1-worker-190 | DEBUG | .a.s.ParticipantScoreScheduleService : Scheduled task for exercise 717 and participant 104 at 2025-02-14T23:44:09.910717961Z[Etc/UTC].
    23:44:09.838 | 426 ool-1-worker-190 | DEBUG | .c.s.m.InstanceMessageReceiveService : Received schedule participant score for exercise 717 and participant 104 (result to be deleted: null)
    23:44:09.838 | 426 ool-1-worker-190 | DEBUG | .a.s.ParticipantScoreScheduleService : Scheduled task for exercise 717 and participant 104 at 2025-02-14T23:44:09.938670758Z[Etc/UTC].
    23:44:09.885 | 426 ool-1-worker-190 | DEBUG | .c.s.m.InstanceMessageReceiveService : Received schedule participant score for exercise 717 and participant 104 (result to be deleted: null)
    23:44:09.885 | 426 ool-1-worker-190 | DEBUG | .a.s.ParticipantScoreScheduleService : Scheduled task for exercise 717 and participant 104 at 2025-02-14T23:44:09.985314612Z[Etc/UTC].
    23:44:09.921 | 426 ool-1-worker-190 | DEBUG | .c.s.m.InstanceMessageReceiveService : Received schedule participant score for exercise 717 and participant 104 (result to be deleted: null)
    23:44:09.921 | 426 ool-1-worker-190 | DEBUG | .a.s.ParticipantScoreScheduleService : Scheduled task for exercise 717 and participant 104 at 2025-02-14T23:44:10.021360311Z[Etc/UTC].
    23:44:09.953 | 426 ool-1-worker-190 | DEBUG | d.t.c.a.a.c.s.f.ApiVersionFilter     : Adding Version to Request PUT /api/modeling-submissions/606/result/334/assessment
    23:44:09.983 | 426 ool-1-worker-190 | DEBUG | .c.s.m.InstanceMessageReceiveService : Received schedule participant score for exercise 717 and participant 104 (result to be deleted: null)
    23:44:09.983 | 426 ool-1-worker-190 | DEBUG | .a.s.ParticipantScoreScheduleService : Scheduled task for exercise 717 and participant 104 at 2025-02-14T23:44:10.083790434Z[Etc/UTC].
    23:44:09.998 | 426 ool-1-worker-190 | DEBUG | .c.s.m.InstanceMessageReceiveService : Received schedule participant score for exercise 717 and participant 104 (result to be deleted: null)
    23:44:09.998 | 426 ool-1-worker-190 | DEBUG | .a.s.ParticipantScoreScheduleService : Scheduled task for exercise 717 and participant 104 at 2025-02-14T23:44:10.098286617Z[Etc/UTC].
    23:44:10.007 | 426 ool-1-worker-190 | DEBUG | d.t.c.a.a.c.s.f.ApiVersionFilter     : Adding Version to Request GET /api/exercises/717/modeling-submissions
    23:44:10.008 | 426 ool-1-worker-190 | DEBUG | c.a.a.m.w.ModelingSubmissionResource : REST request to get all modeling upload submissions
    23:44:10.030 | 426 ool-1-worker-190 | DEBUG | d.t.c.a.a.c.s.f.ApiVersionFilter     : Adding Version to Request GET /api/exercises/717/modeling-submissions
    23:44:10.031 | 426 ool-1-worker-190 | DEBUG | c.a.a.m.w.ModelingSubmissionResource : REST request to get all modeling upload submissions

  Starting logs for ModelingAssessmentIntegrationTest > testGetAssessmentBySubmissionId_assessmentDueDateNotOver_forbidden()
    23:44:10.111 | 426 ool-1-worker-190 | DEBUG | d.t.c.a.a.c.u.util.UserUtilService   : Generate 6 students...
    23:44:10.193 | 426 ool-1-worker-190 | DEBUG | d.t.c.a.a.c.u.util.UserUtilService   : 6 students generated. Generate 2 tutors...
    23:44:10.206 | 426 ool-1-worker-190 | DEBUG | d.t.c.a.a.c.u.util.UserUtilService   : 2 tutors generated. Generate 0 editors...
    23:44:10.213 | 426 ool-1-worker-190 | DEBUG | d.t.c.a.a.c.u.util.UserUtilService   : 0 editors generated. Generate 1 instructors...
    23:44:10.222 | 426 ool-1-worker-190 | DEBUG | d.t.c.a.a.c.u.util.UserUtilService   : 1 instructors generated
    23:44:10.224 | 426 ool-1-worker-190 | DEBUG | d.t.c.a.a.c.u.util.UserUtilService   : Removing 9 users from all courses...
    23:44:10.231 | 426 ool-1-worker-190 | DEBUG | d.t.c.a.a.c.u.util.UserUtilService   : Removing 9 users from all courses. Done
    23:44:10.231 | 426 ool-1-worker-190 | DEBUG | d.t.c.a.a.c.u.util.UserUtilService   : Save 9 users to database...
    23:44:10.249 | 426 ool-1-worker-190 | DEBUG | d.t.c.a.a.c.u.util.UserUtilService   : Save 9 users to database. Done
    23:44:10.299 | 426 ool-1-worker-190 | INFO  | i.z.t.d.l.EmbeddedDatabaseReporter   : JDBC URL to connect to 'dataSource': url='jdbc:h2:tcp://localhost:41063/mem:f240edcd-27ce-47a3-b4ab-a6a00c154135;USER=sa', scope='ModelingAssessmentIntegrationTest#testGetAssessmentBySubmissionId_assessmentDueDateNotOver_forbidden'
    23:44:10.336 | 426 ool-1-worker-190 | DEBUG | .c.s.m.InstanceMessageReceiveService : Received schedule participant score for exercise 718 and participant 104 (result to be deleted: null)
    23:44:10.339 | 426 ool-1-worker-190 | DEBUG | .a.s.ParticipantScoreScheduleService : Scheduled task for exercise 718 and participant 104 at 2025-02-14T23:44:10.436307685Z[Etc/UTC].
    23:44:10.357 | 426 ool-1-worker-190 | DEBUG | .c.s.m.InstanceMessageReceiveService : Received schedule participant score for exercise 718 and participant 104 (result to be deleted: null)
    23:44:10.357 | 426 ool-1-worker-190 | DEBUG | .a.s.ParticipantScoreScheduleService : Scheduled task for exercise 718 and participant 104 at 2025-02-14T23:44:10.457328235Z[Etc/UTC].
    23:44:10.374 | 426 ool-1-worker-190 | DEBUG | .c.s.m.InstanceMessageReceiveService : Received schedule participant score for exercise 718 and participant 104 (result to be deleted: null)
    23:44:10.374 | 426 ool-1-worker-190 | DEBUG | .a.s.ParticipantScoreScheduleService : Scheduled task for exercise 718 and participant 104 at 2025-02-14T23:44:10.474347633Z[Etc/UTC].
    23:44:10.384 | 426 ool-1-worker-190 | DEBUG | .c.s.m.InstanceMessageReceiveService : Received schedule participant score for exercise 718 and participant 104 (result to be deleted: null)
    23:44:10.384 | 426 ool-1-worker-190 | DEBUG | .a.s.ParticipantScoreScheduleService : Scheduled task for exercise 718 and participant 104 at 2025-02-14T23:44:10.484273293Z[Etc/UTC].
    23:44:10.418 | 426 ool-1-worker-190 | DEBUG | .c.s.m.InstanceMessageReceiveService : Received schedule participant score for exercise 718 and participant 104 (result to be deleted: null)
    23:44:10.418 | 426 ool-1-worker-190 | DEBUG | .a.s.ParticipantScoreScheduleService : Scheduled task for exercise 718 and participant 104 at 2025-02-14T23:44:10.518456780Z[Etc/UTC].
    23:44:10.427 | 426 ool-1-worker-190 | DEBUG | d.t.c.a.a.c.s.f.ApiVersionFilter     : Adding Version to Request GET /api/modeling-submissions/607/result
    23:44:10.434 | 426 ool-1-worker-190 | DEBUG | d.t.c.a.a.a.web.AssessmentResource   : REST request to get assessment for submission with id 607
    23:44:10.441 | 426 ool-1-worker-190 | WARN  | o.z.p.spring.common.AdviceTraits     : Forbidden: You are not allowed to access this resource

  Starting logs for ModelingAssessmentIntegrationTest > testNoAutomaticAssessmentWhenNotBuild()
    23:44:10.505 | 426 ool-1-worker-190 | DEBUG | d.t.c.a.a.c.u.util.UserUtilService   : Generate 6 students...
    23:44:10.543 | 426 ool-1-worker-190 | DEBUG | d.t.c.a.a.c.u.util.UserUtilService   : 6 students generated. Generate 2 tutors...
    23:44:10.556 | 426 ool-1-worker-190 | DEBUG | d.t.c.a.a.c.u.util.UserUtilService   : 2 tutors generated. Generate 0 editors...
    23:44:10.565 | 426 ool-1-worker-190 | DEBUG | d.t.c.a.a.c.u.util.UserUtilService   : 0 editors generated. Generate 1 instructors...
    23:44:10.577 | 426 ool-1-worker-190 | DEBUG | d.t.c.a.a.c.u.util.UserUtilService   : 1 instructors generated
    23:44:10.586 | 426 ool-1-worker-190 | DEBUG | d.t.c.a.a.c.u.util.UserUtilService   : Removing 9 users from all courses...
    23:44:10.587 | 426 ool-1-worker-190 | DEBUG | d.t.c.a.a.c.u.util.UserUtilService   : Removing 9 users from all courses. Done
    23:44:10.587 | 426 ool-1-worker-190 | DEBUG | d.t.c.a.a.c.u.util.UserUtilService   : Save 9 users to database...
    23:44:10.595 | 426 ool-1-worker-190 | DEBUG | d.t.c.a.a.c.u.util.UserUtilService   : Save 9 users to database. Done
    23:44:10.608 | 426 ool-1-worker-190 | INFO  | i.z.t.d.l.EmbeddedDatabaseReporter   : JDBC URL to connect to 'dataSource': url='jdbc:h2:tcp://localhost:41063/mem:f240edcd-27ce-47a3-b4ab-a6a00c154135;USER=sa', scope='ModelingAssessmentIntegrationTest#testNoAutomaticAssessmentWhenNotBuild'
    23:44:10.627 | 426 ool-1-worker-190 | DEBUG | d.t.c.a.a.c.s.f.ApiVersionFilter     : Adding Version to Request PUT /api/modeling-submissions/608/result/0/assessment
    23:44:10.632 | 426 ool-1-worker-190 | DEBUG | .c.s.m.InstanceMessageReceiveService : Received schedule participant score for exercise 729 and participant 104 (result to be deleted: null)
    23:44:10.632 | 426 ool-1-worker-190 | DEBUG | .a.s.ParticipantScoreScheduleService : Scheduled task for exercise 729 and participant 104 at 2025-02-14T23:44:10.732738459Z[Etc/UTC].
    23:44:10.638 | 426 ool-1-worker-190 | DEBUG | .c.s.m.InstanceMessageReceiveService : Received schedule participant score for exercise 729 and participant 104 (result to be deleted: null)
    23:44:10.638 | 426 ool-1-worker-190 | DEBUG | .a.s.ParticipantScoreScheduleService : Scheduled task for exercise 729 and participant 104 at 2025-02-14T23:44:10.738685940Z[Etc/UTC].
    23:44:10.647 | 426 ool-1-worker-190 | DEBUG | .c.s.m.InstanceMessageReceiveService : Received schedule participant score for exercise 729 and participant 104 (result to be deleted: null)
    23:44:10.647 | 426 ool-1-worker-190 | DEBUG | .a.s.ParticipantScoreScheduleService : Scheduled task for exercise 729 and participant 104 at 2025-02-14T23:44:10.747147900Z[Etc/UTC].

  Starting logs for ModelingAssessmentIntegrationTest > testOverrideAssessment_submitSameTutorPossible()
    23:44:10.672 | 426 ool-1-worker-190 | DEBUG | d.t.c.a.a.c.u.util.UserUtilService   : Generate 6 students...
    23:44:10.682 | 426 ool-1-worker-190 | DEBUG | d.t.c.a.a.c.u.util.UserUtilService   : 6 students generated. Generate 2 tutors...
    23:44:10.686 | 426 ool-1-worker-190 | DEBUG | d.t.c.a.a.c.u.util.UserUtilService   : 2 tutors generated. Generate 0 editors...
    23:44:10.688 | 426 ool-1-worker-190 | DEBUG | d.t.c.a.a.c.u.util.UserUtilService   : 0 editors generated. Generate 1 instructors...
    23:44:10.690 | 426 ool-1-worker-190 | DEBUG | d.t.c.a.a.c.u.util.UserUtilService   : 1 instructors generated
    23:44:10.692 | 426 ool-1-worker-190 | DEBUG | d.t.c.a.a.c.u.util.UserUtilService   : Removing 9 users from all courses...
    23:44:10.693 | 426 ool-1-worker-190 | DEBUG | d.t.c.a.a.c.u.util.UserUtilService   : Removing 9 users from all courses. Done
    23:44:10.693 | 426 ool-1-worker-190 | DEBUG | d.t.c.a.a.c.u.util.UserUtilService   : Save 9 users to database...
    23:44:10.699 | 426 ool-1-worker-190 | DEBUG | d.t.c.a.a.c.u.util.UserUtilService   : Save 9 users to database. Done
    23:44:10.712 | 426 ool-1-worker-190 | INFO  | i.z.t.d.l.EmbeddedDatabaseReporter   : JDBC URL to connect to 'dataSource': url='jdbc:h2:tcp://localhost:41063/mem:f240edcd-27ce-47a3-b4ab-a6a00c154135;USER=sa', scope='ModelingAssessmentIntegrationTest#testOverrideAssessment_submitSameTutorPossible'
    23:44:10.735 | 426 ool-1-worker-190 | DEBUG | .c.s.m.InstanceMessageReceiveService : Received schedule participant score for exercise 740 and participant 104 (result to be deleted: null)
    23:44:10.735 | 426 ool-1-worker-190 | DEBUG | .a.s.ParticipantScoreScheduleService : Scheduled task for exercise 740 and participant 104 at 2025-02-14T23:44:10.835763775Z[Etc/UTC].
    23:44:10.744 | 426 ool-1-worker-190 | DEBUG | .c.s.m.InstanceMessageReceiveService : Received schedule participant score for exercise 740 and participant 104 (result to be deleted: null)
    23:44:10.744 | 426 ool-1-worker-190 | DEBUG | .a.s.ParticipantScoreScheduleService : Scheduled task for exercise 740 and participant 104 at 2025-02-14T23:44:10.844208583Z[Etc/UTC].
    23:44:10.746 | 426 ool-1-worker-190 | DEBUG | d.t.c.a.a.c.s.f.ApiVersionFilter     : Adding Version to Request PUT /api/modeling-submissions/610/result/337/assessment
    23:44:10.754 | 426 ool-1-worker-190 | DEBUG | .c.s.m.InstanceMessageReceiveService : Received schedule participant score for exercise 740 and participant 104 (result to be deleted: null)
    23:44:10.754 | 426 ool-1-worker-190 | DEBUG | .a.s.ParticipantScoreScheduleService : Scheduled task for exercise 740 and participant 104 at 2025-02-14T23:44:10.854072628Z[Etc/UTC].
    23:44:10.758 | 426 ool-1-worker-190 | DEBUG | .c.s.m.InstanceMessageReceiveService : Received schedule participant score for exercise 740 and participant 104 (result to be deleted: null)
    23:44:10.758 | 426 ool-1-worker-190 | DEBUG | .a.s.ParticipantScoreScheduleService : Scheduled task for exercise 740 and participant 104 at 2025-02-14T23:44:10.858196909Z[Etc/UTC].

  Starting logs for ModelingAssessmentIntegrationTest > testManualAssessmentSave_noCourse()
    23:44:10.779 | 426 ool-1-worker-190 | DEBUG | d.t.c.a.a.c.u.util.UserUtilService   : Generate 6 students...
    23:44:10.792 | 426 ool-1-worker-190 | DEBUG | d.t.c.a.a.c.u.util.UserUtilService   : 6 students generated. Generate 2 tutors...
    23:44:10.796 | 426 ool-1-worker-190 | DEBUG | d.t.c.a.a.c.u.util.UserUtilService   : 2 tutors generated. Generate 0 editors...
    23:44:10.798 | 426 ool-1-worker-190 | DEBUG | d.t.c.a.a.c.u.util.UserUtilService   : 0 editors generated. Generate 1 instructors...
    23:44:10.800 | 426 ool-1-worker-190 | DEBUG | d.t.c.a.a.c.u.util.UserUtilService   : 1 instructors generated
    23:44:10.802 | 426 ool-1-worker-190 | DEBUG | d.t.c.a.a.c.u.util.UserUtilService   : Removing 9 users from all courses...
    23:44:10.803 | 426 ool-1-worker-190 | DEBUG | d.t.c.a.a.c.u.util.UserUtilService   : Removing 9 users from all courses. Done
    23:44:10.803 | 426 ool-1-worker-190 | DEBUG | d.t.c.a.a.c.u.util.UserUtilService   : Save 9 users to database...
    23:44:10.826 | 426 ool-1-worker-190 | DEBUG | d.t.c.a.a.c.u.util.UserUtilService   : Save 9 users to database. Done
    23:44:10.863 | 426 ool-1-worker-190 | INFO  | i.z.t.d.l.EmbeddedDatabaseReporter   : JDBC URL to connect to 'dataSource': url='jdbc:h2:tcp://localhost:41063/mem:f240edcd-27ce-47a3-b4ab-a6a00c154135;USER=sa', scope='ModelingAssessmentIntegrationTest#testManualAssessmentSave_noCourse'
    23:44:10.940 | 426 ool-1-worker-190 | DEBUG | d.t.c.a.a.c.s.f.ApiVersionFilter     : Adding Version to Request PUT /api/modeling-submissions/611/result/0/assessment
    23:44:10.957 | 426 ool-1-worker-190 | ERROR | tech.jhipster.web.util.HeaderUtil    : Entity processing failed, The course belonging to this exercise or its exercise group and exam does not exist
    23:44:10.957 | 426 ool-1-worker-190 | WARN  | o.z.p.spring.common.AdviceTraits     : Bad Request: The course belonging to this exercise or its exercise group and exam does not exist

  Starting logs for ModelingAssessmentIntegrationTest > testAutomaticAssessmentUponModelSubmission_noResultInDatabase()
    23:44:11.037 | 426 ool-1-worker-190 | DEBUG | d.t.c.a.a.c.u.util.UserUtilService   : Generate 6 students...
    23:44:11.085 | 426 ool-1-worker-190 | DEBUG | d.t.c.a.a.c.u.util.UserUtilService   : 6 students generated. Generate 2 tutors...
    23:44:11.096 | 426 ool-1-worker-190 | DEBUG | d.t.c.a.a.c.u.util.UserUtilService   : 2 tutors generated. Generate 0 editors...
    23:44:11.104 | 426 ool-1-worker-190 | DEBUG | d.t.c.a.a.c.u.util.UserUtilService   : 0 editors generated. Generate 1 instructors...
    23:44:11.113 | 426 ool-1-worker-190 | DEBUG | d.t.c.a.a.c.u.util.UserUtilService   : 1 instructors generated
    23:44:11.121 | 426 ool-1-worker-190 | DEBUG | d.t.c.a.a.c.u.util.UserUtilService   : Removing 9 users from all courses...
    23:44:11.123 | 426 ool-1-worker-190 | DEBUG | d.t.c.a.a.c.u.util.UserUtilService   : Removing 9 users from all courses. Done
    23:44:11.123 | 426 ool-1-worker-190 | DEBUG | d.t.c.a.a.c.u.util.UserUtilService   : Save 9 users to database...
    23:44:11.156 | 426 ool-1-worker-190 | DEBUG | d.t.c.a.a.c.u.util.UserUtilService   : Save 9 users to database. Done
    23:44:11.204 | 426 ool-1-worker-190 | INFO  | i.z.t.d.l.EmbeddedDatabaseReporter   : JDBC URL to connect to 'dataSource': url='jdbc:h2:tcp://localhost:41063/mem:f240edcd-27ce-47a3-b4ab-a6a00c154135;USER=sa', scope='ModelingAssessmentIntegrationTest#testAutomaticAssessmentUponModelSubmission_noResultInDatabase'
    23:44:11.245 | 426 ool-1-worker-190 | DEBUG | .c.s.m.InstanceMessageReceiveService : Received schedule participant score for exercise 762 and participant 104 (result to be deleted: null)
    23:44:11.245 | 426 ool-1-worker-190 | DEBUG | .a.s.ParticipantScoreScheduleService : Scheduled task for exercise 762 and participant 104 at 2025-02-14T23:44:11.345331270Z[Etc/UTC].
    23:44:11.264 | 426 ool-1-worker-190 | DEBUG | .c.s.m.InstanceMessageReceiveService : Received schedule participant score for exercise 762 and participant 104 (result to be deleted: null)
    23:44:11.264 | 426 ool-1-worker-190 | DEBUG | .a.s.ParticipantScoreScheduleService : Scheduled task for exercise 762 and participant 104 at 2025-02-14T23:44:11.364486822Z[Etc/UTC].
    23:44:11.298 | 426 ool-1-worker-190 | DEBUG | .c.s.m.InstanceMessageReceiveService : Received schedule participant score for exercise 762 and participant 104 (result to be deleted: null)
    23:44:11.298 | 426 ool-1-worker-190 | DEBUG | .a.s.ParticipantScoreScheduleService : Scheduled task for exercise 762 and participant 104 at 2025-02-14T23:44:11.398365210Z[Etc/UTC].
    23:44:11.312 | 426 ool-1-worker-190 | DEBUG | .c.s.m.InstanceMessageReceiveService : Received schedule participant score for exercise 762 and participant 104 (result to be deleted: null)
    23:44:11.312 | 426 ool-1-worker-190 | DEBUG | .a.s.ParticipantScoreScheduleService : Scheduled task for exercise 762 and participant 104 at 2025-02-14T23:44:11.412311838Z[Etc/UTC].
    23:44:11.364 | 426 ool-1-worker-190 | DEBUG | .c.s.m.InstanceMessageReceiveService : Received schedule participant score for exercise 762 and participant 104 (result to be deleted: null)
    23:44:11.364 | 426 ool-1-worker-190 | DEBUG | .a.s.ParticipantScoreScheduleService : Scheduled task for exercise 762 and participant 104 at 2025-02-14T23:44:11.464580329Z[Etc/UTC].
    23:44:11.374 | 426 ool-1-worker-190 | DEBUG | d.t.c.a.a.c.s.f.ApiVersionFilter     : Adding Version to Request POST /api/exercises/762/modeling-submissions
    23:44:11.405 | 426 ool-1-worker-190 | DEBUG | c.a.a.m.w.ModelingSubmissionResource : REST request to create modeling submission: {  "version": "2.0",  "size": {    "width": 220,    "height": 960  },  "type": "ClassDiagram",  "interactive": {    "elements": [],    "relationships": []  },  "elements": [    {      "id": "6aba5764-d102-4740-9675-b2bd0a4f2680",      "name": "First",      "owner": null,      "type": "Class",      "bounds": {        "x": 660,        "y": 510,        "width": 200,        "height": 70      },      "attributes": [],      "methods": [        "c39d6521-e7a1-43bf-8ca2-9c9a1b716569"      ]    },    {      "id": "f96984a2-2ce0-46f6-9211-ec389b19512a",      "name": "Second",      "owner": null,      "type": "Class",      "bounds": {        "x": 1000,        "y": 510,        "width": 200,        "height": 70      },      "attributes": [],      "methods": [        "ec697b17-d33d-4c85-b181-7c3f0901e9a7"      ]    },    {      "id": "1d10b2d1-2e6e-4579-9298-ba68618c6927",      "name": "AbstractStrategy",      "owner": null,      "type": "AbstractClass",      "bounds": {        "x": 830,        "y": 340,        "width": 200,        "height": 70      },      "attributes": [],      "methods": [        "84fdf0a9-4f52-4114-a8f3-eae08ccd4a6a"      ]    },    {      "id": "2bc2367e-e300-4512-9f6c-08f8e51d38ad",      "name": "Client",      "owner": null,      "type": "Class",      "bounds": {        "x": 450,        "y": 310,        "width": 200,        "height": 40      },      "attributes": [],      "methods": []    },    {      "id": "c39d6521-e7a1-43bf-8ca2-9c9a1b716569",      "name": "+ connect()",      "owner": "6aba5764-d102-4740-9675-b2bd0a4f2680",      "type": "ClassMethod",      "bounds": {        "x": 0,        "y": 30,        "width": 200,        "height": 30      }    },    {      "id": "ec697b17-d33d-4c85-b181-7c3f0901e9a7",      "name": "+ connect()",      "owner": "f96984a2-2ce0-46f6-9211-ec389b19512a",      "type": "ClassMethod",      "bounds": {        "x": 0,        "y": 30,        "width": 200,        "height": 30      }    },    {      "id": "84fdf0a9-4f52-4114-a8f3-eae08ccd4a6a",      "name": "+ connect()",      "owner": "1d10b2d1-2e6e-4579-9298-ba68618c6927",      "type": "ClassMethod",      "bounds": {        "x": 0,        "y": 30,        "width": 200,        "height": 30      }    }  ],  "relationships": [    {      "id": "eb2392c6-c87d-40b0-8867-26c27575a6ae",      "name": "Relationship",      "type": "ClassInheritance",      "source": {        "element": "f96984a2-2ce0-46f6-9211-ec389b19512a",        "direction": "Up",        "multiplicity": "",        "role": ""      },      "target": {        "element": "1d10b2d1-2e6e-4579-9298-ba68618c6927",        "direction": "Down",        "multiplicity": "",        "role": ""      },      "path": [        {          "x": 0,          "y": 170        },        {          "x": 0,          "y": 0        }      ],      "bounds": {        "x": 90,        "y": -330,        "width": 0,        "height": 170      }    },    {      "id": "593f9a18-9563-4e8f-86bc-d6f77734f692",      "name": "Relationship",      "type": "ClassInheritance",      "source": {        "element": "6aba5764-d102-4740-9675-b2bd0a4f2680",        "direction": "Up",        "multiplicity": "",        "role": ""      },      "target": {        "element": "1d10b2d1-2e6e-4579-9298-ba68618c6927",        "direction": "Down",        "multiplicity": "",        "role": ""      },      "path": [        {          "x": 0,          "y": 170        },        {          "x": 0,          "y": 0        }      ],      "bounds": {        "x": 90,        "y": -330,        "width": 0,        "height": 170      }    },    {      "id": "858f8bcc-876e-4e64-ac6f-f8894f54a5ee",      "name": "Relationship",      "type": "ClassUnidirectional",      "source": {        "element": "2bc2367e-e300-4512-9f6c-08f8e51d38ad",        "direction": "Right",        "multiplicity": "",        "role": ""      },      "target": {        "element": "1d10b2d1-2e6e-4579-9298-ba68618c6927",        "direction": "Left",        "multiplicity": "",        "role": ""      },      "path": [        {          "x": 0,          "y": 170        },        {          "x": 0,          "y": 0        }      ],      "bounds": {        "x": 90,        "y": -330,        "width": 0,        "height": 170      }    }  ],  "assessments": []}
    23:44:11.417 | 426 ool-1-worker-190 | INFO  | c.a.a.m.w.ModelingSubmissionResource : save took 12ms for exercise 762 and user modelingassessmentstudent2

  Starting logs for ModelingAssessmentIntegrationTest > testOverrideAssessment_submitSameTutorAfterAssessmentDueDatePossible()
    23:44:11.467 | 426 ool-1-worker-190 | DEBUG | d.t.c.a.a.c.u.util.UserUtilService   : Generate 6 students...
    23:44:11.495 | 426 ool-1-worker-190 | DEBUG | d.t.c.a.a.c.u.util.UserUtilService   : 6 students generated. Generate 2 tutors...
    23:44:11.500 | 426 ool-1-worker-190 | DEBUG | d.t.c.a.a.c.u.util.UserUtilService   : 2 tutors generated. Generate 0 editors...
    23:44:11.501 | 426 ool-1-worker-190 | DEBUG | d.t.c.a.a.c.u.util.UserUtilService   : 0 editors generated. Generate 1 instructors...
    23:44:11.504 | 426 ool-1-worker-190 | DEBUG | d.t.c.a.a.c.u.util.UserUtilService   : 1 instructors generated
    23:44:11.506 | 426 ool-1-worker-190 | DEBUG | d.t.c.a.a.c.u.util.UserUtilService   : Removing 9 users from all courses...
    23:44:11.508 | 426 ool-1-worker-190 | DEBUG | d.t.c.a.a.c.u.util.UserUtilService   : Removing 9 users from all courses. Done
    23:44:11.508 | 426 ool-1-worker-190 | DEBUG | d.t.c.a.a.c.u.util.UserUtilService   : Save 9 users to database...
    23:44:11.528 | 426 ool-1-worker-190 | DEBUG | d.t.c.a.a.c.u.util.UserUtilService   : Save 9 users to database. Done
    23:44:11.557 | 426 ool-1-worker-190 | INFO  | i.z.t.d.l.EmbeddedDatabaseReporter   : JDBC URL to connect to 'dataSource': url='jdbc:h2:tcp://localhost:41063/mem:f240edcd-27ce-47a3-b4ab-a6a00c154135;USER=sa', scope='ModelingAssessmentIntegrationTest#testOverrideAssessment_submitSameTutorAfterAssessmentDueDatePossible'
    23:44:11.613 | 426 ool-1-worker-190 | DEBUG | .c.s.m.InstanceMessageReceiveService : Received schedule participant score for exercise 773 and participant 104 (result to be deleted: null)
    23:44:11.613 | 426 ool-1-worker-190 | DEBUG | .a.s.ParticipantScoreScheduleService : Scheduled task for exercise 773 and participant 104 at 2025-02-14T23:44:11.713357511Z[Etc/UTC].
    23:44:11.633 | 426 ool-1-worker-190 | DEBUG | .c.s.m.InstanceMessageReceiveService : Received schedule participant score for exercise 773 and participant 104 (result to be deleted: null)
    23:44:11.633 | 426 ool-1-worker-190 | DEBUG | .a.s.ParticipantScoreScheduleService : Scheduled task for exercise 773 and participant 104 at 2025-02-14T23:44:11.733368448Z[Etc/UTC].
    23:44:11.635 | 426 ool-1-worker-190 | DEBUG | d.t.c.a.a.c.s.f.ApiVersionFilter     : Adding Version to Request PUT /api/modeling-submissions/614/result/339/assessment
    23:44:11.658 | 426 ool-1-worker-190 | DEBUG | .c.s.m.InstanceMessageReceiveService : Received schedule participant score for exercise 773 and participant 104 (result to be deleted: null)
    23:44:11.658 | 426 ool-1-worker-190 | DEBUG | .a.s.ParticipantScoreScheduleService : Scheduled task for exercise 773 and participant 104 at 2025-02-14T23:44:11.758787280Z[Etc/UTC].
    23:44:11.667 | 426 ool-1-worker-190 | DEBUG | .c.s.m.InstanceMessageReceiveService : Received schedule participant score for exercise 773 and participant 104 (result to be deleted: null)
    23:44:11.667 | 426 ool-1-worker-190 | DEBUG | .a.s.ParticipantScoreScheduleService : Scheduled task for exercise 773 and participant 104 at 2025-02-14T23:44:11.767624220Z[Etc/UTC].

  Starting logs for ModelingAssessmentIntegrationTest > testGetAssessmentBySubmissionId_studentNotOwnerOfSubmission_forbidden()
    23:44:11.705 | 426 ool-1-worker-190 | DEBUG | d.t.c.a.a.c.u.util.UserUtilService   : Generate 6 students...
    23:44:11.721 | 426 ool-1-worker-190 | DEBUG | d.t.c.a.a.c.u.util.UserUtilService   : 6 students generated. Generate 2 tutors...
    23:44:11.726 | 426 ool-1-worker-190 | DEBUG | d.t.c.a.a.c.u.util.UserUtilService   : 2 tutors generated. Generate 0 editors...
    23:44:11.727 | 426 ool-1-worker-190 | DEBUG | d.t.c.a.a.c.u.util.UserUtilService   : 0 editors generated. Generate 1 instructors...
    23:44:11.731 | 426 ool-1-worker-190 | DEBUG | d.t.c.a.a.c.u.util.UserUtilService   : 1 instructors generated
    23:44:11.734 | 426 ool-1-worker-190 | DEBUG | d.t.c.a.a.c.u.util.UserUtilService   : Removing 9 users from all courses...
    23:44:11.735 | 426 ool-1-worker-190 | DEBUG | d.t.c.a.a.c.u.util.UserUtilService   : Removing 9 users from all courses. Done
    23:44:11.735 | 426 ool-1-worker-190 | DEBUG | d.t.c.a.a.c.u.util.UserUtilService   : Save 9 users to database...
    23:44:11.743 | 426 ool-1-worker-190 | DEBUG | d.t.c.a.a.c.u.util.UserUtilService   : Save 9 users to database. Done
    23:44:11.768 | 426 ool-1-worker-190 | INFO  | i.z.t.d.l.EmbeddedDatabaseReporter   : JDBC URL to connect to 'dataSource': url='jdbc:h2:tcp://localhost:41063/mem:f240edcd-27ce-47a3-b4ab-a6a00c154135;USER=sa', scope='ModelingAssessmentIntegrationTest#testGetAssessmentBySubmissionId_studentNotOwnerOfSubmission_forbidden'
    23:44:11.787 | 426 ool-1-worker-190 | DEBUG | .c.s.m.InstanceMessageReceiveService : Received schedule participant score for exercise 784 and participant 104 (result to be deleted: null)
    23:44:11.787 | 426 ool-1-worker-190 | DEBUG | .a.s.ParticipantScoreScheduleService : Scheduled task for exercise 784 and participant 104 at 2025-02-14T23:44:11.887229425Z[Etc/UTC].
    23:44:11.799 | 426 ool-1-worker-190 | DEBUG | .c.s.m.InstanceMessageReceiveService : Received schedule participant score for exercise 784 and participant 104 (result to be deleted: null)
    23:44:11.799 | 426 ool-1-worker-190 | DEBUG | .a.s.ParticipantScoreScheduleService : Scheduled task for exercise 784 and participant 104 at 2025-02-14T23:44:11.899372149Z[Etc/UTC].
    23:44:11.819 | 426 ool-1-worker-190 | DEBUG | .c.s.m.InstanceMessageReceiveService : Received schedule participant score for exercise 784 and participant 104 (result to be deleted: null)
    23:44:11.819 | 426 ool-1-worker-190 | DEBUG | .a.s.ParticipantScoreScheduleService : Scheduled task for exercise 784 and participant 104 at 2025-02-14T23:44:11.919385267Z[Etc/UTC].
    23:44:11.828 | 426 ool-1-worker-190 | DEBUG | .c.s.m.InstanceMessageReceiveService : Received schedule participant score for exercise 784 and participant 104 (result to be deleted: null)
    23:44:11.828 | 426 ool-1-worker-190 | DEBUG | .a.s.ParticipantScoreScheduleService : Scheduled task for exercise 784 and participant 104 at 2025-02-14T23:44:11.928599290Z[Etc/UTC].
    23:44:11.854 | 426 ool-1-worker-190 | DEBUG | .c.s.m.InstanceMessageReceiveService : Received schedule participant score for exercise 784 and participant 104 (result to be deleted: null)
    23:44:11.854 | 426 ool-1-worker-190 | DEBUG | .a.s.ParticipantScoreScheduleService : Scheduled task for exercise 784 and participant 104 at 2025-02-14T23:44:11.954611910Z[Etc/UTC].
    23:44:11.865 | 426 ool-1-worker-190 | DEBUG | d.t.c.a.a.c.s.f.ApiVersionFilter     : Adding Version to Request GET /api/modeling-submissions/615/result
    23:44:11.865 | 426 ool-1-worker-190 | DEBUG | d.t.c.a.a.a.web.AssessmentResource   : REST request to get assessment for submission with id 615
    23:44:11.877 | 426 ool-1-worker-190 | WARN  | o.z.p.spring.common.AdviceTraits     : Forbidden: You are not allowed to access this resource

  Starting logs for ModelingAssessmentIntegrationTest > testManualAssessmentSubmitAsStudent()
    23:44:11.975 | 426 ool-1-worker-190 | DEBUG | d.t.c.a.a.c.u.util.UserUtilService   : Generate 6 students...
    23:44:11.993 | 426 ool-1-worker-190 | DEBUG | d.t.c.a.a.c.u.util.UserUtilService   : 6 students generated. Generate 2 tutors...
    23:44:12.000 | 426 ool-1-worker-190 | DEBUG | d.t.c.a.a.c.u.util.UserUtilService   : 2 tutors generated. Generate 0 editors...
    23:44:12.005 | 426 ool-1-worker-190 | DEBUG | d.t.c.a.a.c.u.util.UserUtilService   : 0 editors generated. Generate 1 instructors...
    23:44:12.011 | 426 ool-1-worker-190 | DEBUG | d.t.c.a.a.c.u.util.UserUtilService   : 1 instructors generated
    23:44:12.012 | 426 ool-1-worker-190 | DEBUG | d.t.c.a.a.c.u.util.UserUtilService   : Removing 9 users from all courses...
    23:44:12.017 | 426 ool-1-worker-190 | DEBUG | d.t.c.a.a.c.u.util.UserUtilService   : Removing 9 users from all courses. Done
    23:44:12.017 | 426 ool-1-worker-190 | DEBUG | d.t.c.a.a.c.u.util.UserUtilService   : Save 9 users to database...
    23:44:12.031 | 426 ool-1-worker-190 | DEBUG | d.t.c.a.a.c.u.util.UserUtilService   : Save 9 users to database. Done
    23:44:12.055 | 426 ool-1-worker-190 | INFO  | i.z.t.d.l.EmbeddedDatabaseReporter   : JDBC URL to connect to 'dataSource': url='jdbc:h2:tcp://localhost:41063/mem:f240edcd-27ce-47a3-b4ab-a6a00c154135;USER=sa', scope='ModelingAssessmentIntegrationTest#testManualAssessmentSubmitAsStudent'
    23:44:12.081 | 426 ool-1-worker-190 | DEBUG | d.t.c.a.a.c.s.f.ApiVersionFilter     : Adding Version to Request PUT /api/modeling-submissions/616/result/0/assessment
    23:44:12.085 | 426 ool-1-worker-190 | WARN  | o.z.p.spring.common.AdviceTraits     : Forbidden: Access Denied

  Starting logs for ModelingAssessmentIntegrationTest > testAutomaticAssessmentObjectDiagramUponAssessmentSubmission()
    23:44:12.128 | 426 ool-1-worker-190 | DEBUG | d.t.c.a.a.c.u.util.UserUtilService   : Generate 6 students...
    23:44:12.146 | 426 ool-1-worker-190 | DEBUG | d.t.c.a.a.c.u.util.UserUtilService   : 6 students generated. Generate 2 tutors...
    23:44:12.154 | 426 ool-1-worker-190 | DEBUG | d.t.c.a.a.c.u.util.UserUtilService   : 2 tutors generated. Generate 0 editors...
    23:44:12.156 | 426 ool-1-worker-190 | DEBUG | d.t.c.a.a.c.u.util.UserUtilService   : 0 editors generated. Generate 1 instructors...
    23:44:12.162 | 426 ool-1-worker-190 | DEBUG | d.t.c.a.a.c.u.util.UserUtilService   : 1 instructors generated
    23:44:12.164 | 426 ool-1-worker-190 | DEBUG | d.t.c.a.a.c.u.util.UserUtilService   : Removing 9 users from all courses...
    23:44:12.165 | 426 ool-1-worker-190 | DEBUG | d.t.c.a.a.c.u.util.UserUtilService   : Removing 9 users from all courses. Done
    23:44:12.165 | 426 ool-1-worker-190 | DEBUG | d.t.c.a.a.c.u.util.UserUtilService   : Save 9 users to database...
    23:44:12.172 | 426 ool-1-worker-190 | DEBUG | d.t.c.a.a.c.u.util.UserUtilService   : Save 9 users to database. Done
    23:44:12.197 | 426 ool-1-worker-190 | INFO  | i.z.t.d.l.EmbeddedDatabaseReporter   : JDBC URL to connect to 'dataSource': url='jdbc:h2:tcp://localhost:41063/mem:f240edcd-27ce-47a3-b4ab-a6a00c154135;USER=sa', scope='ModelingAssessmentIntegrationTest#testAutomaticAssessmentObjectDiagramUponAssessmentSubmission'
    23:44:12.237 | 426 ool-1-worker-190 | INFO  | d.t.c.a.a.m.s.compass.CompassService : ModelCluster: start building clusters of 2 submissions for modeling exercise 808
    23:44:12.238 | 426 ool-1-worker-190 | INFO  | d.t.c.a.a.m.s.compass.CompassService : ModelClusterTimeLog: building clusters of 2 submissions for modeling exercise 808 done in 5.32ms
    23:44:12.253 | 426 ool-1-worker-190 | INFO  | d.t.c.a.a.m.s.compass.CompassService : ModelClusterTimeLog: building and saving clusters of 2 submissions for exercise 808 done in 20.90ms
    23:44:12.255 | 426 ool-1-worker-190 | DEBUG | d.t.c.a.a.c.s.f.ApiVersionFilter     : Adding Version to Request PUT /api/modeling-submissions/617/result/0/assessment
    23:44:12.266 | 426 ool-1-worker-190 | DEBUG | .c.s.m.InstanceMessageReceiveService : Received schedule participant score for exercise 808 and participant 104 (result to be deleted: null)
    23:44:12.266 | 426 ool-1-worker-190 | DEBUG | .a.s.ParticipantScoreScheduleService : Scheduled task for exercise 808 and participant 104 at 2025-02-14T23:44:12.366283314Z[Etc/UTC].
    23:44:12.277 | 426 ool-1-worker-190 | DEBUG | .c.s.m.InstanceMessageReceiveService : Received schedule participant score for exercise 808 and participant 104 (result to be deleted: null)
    23:44:12.277 | 426 ool-1-worker-190 | DEBUG | .a.s.ParticipantScoreScheduleService : Scheduled task for exercise 808 and participant 104 at 2025-02-14T23:44:12.377134278Z[Etc/UTC].
    23:44:12.284 | 426 ool-1-worker-190 | DEBUG | .c.s.m.InstanceMessageReceiveService : Received schedule participant score for exercise 808 and participant 104 (result to be deleted: null)
    23:44:12.285 | 426 ool-1-worker-190 | DEBUG | .a.s.ParticipantScoreScheduleService : Scheduled task for exercise 808 and participant 104 at 2025-02-14T23:44:12.385029772Z[Etc/UTC].
    23:44:12.288 | 426 ool-1-worker-190 | DEBUG | .c.s.m.InstanceMessageReceiveService : Received schedule participant score for exercise 808 and participant 104 (result to be deleted: null)
    23:44:12.288 | 426 ool-1-worker-190 | DEBUG | .a.s.ParticipantScoreScheduleService : Scheduled task for exercise 808 and participant 104 at 2025-02-14T23:44:12.388948720Z[Etc/UTC].

  Starting logs for ModelingAssessmentIntegrationTest > testManualAssessmentSubmit_objectDiagram()
    23:44:12.336 | 426 ool-1-worker-190 | DEBUG | d.t.c.a.a.c.u.util.UserUtilService   : Generate 6 students...
    23:44:12.345 | 426 ool-1-worker-190 | DEBUG | d.t.c.a.a.c.u.util.UserUtilService   : 6 students generated. Generate 2 tutors...
    23:44:12.349 | 426 ool-1-worker-190 | DEBUG | d.t.c.a.a.c.u.util.UserUtilService   : 2 tutors generated. Generate 0 editors...
    23:44:12.350 | 426 ool-1-worker-190 | DEBUG | d.t.c.a.a.c.u.util.UserUtilService   : 0 editors generated. Generate 1 instructors...
    23:44:12.354 | 426 ool-1-worker-190 | DEBUG | d.t.c.a.a.c.u.util.UserUtilService   : 1 instructors generated
    23:44:12.356 | 426 ool-1-worker-190 | DEBUG | d.t.c.a.a.c.u.util.UserUtilService   : Removing 9 users from all courses...
    23:44:12.357 | 426 ool-1-worker-190 | DEBUG | d.t.c.a.a.c.u.util.UserUtilService   : Removing 9 users from all courses. Done
    23:44:12.357 | 426 ool-1-worker-190 | DEBUG | d.t.c.a.a.c.u.util.UserUtilService   : Save 9 users to database...
    23:44:12.364 | 426 ool-1-worker-190 | DEBUG | d.t.c.a.a.c.u.util.UserUtilService   : Save 9 users to database. Done
    23:44:12.379 | 426 ool-1-worker-190 | INFO  | i.z.t.d.l.EmbeddedDatabaseReporter   : JDBC URL to connect to 'dataSource': url='jdbc:h2:tcp://localhost:41063/mem:f240edcd-27ce-47a3-b4ab-a6a00c154135;USER=sa', scope='ModelingAssessmentIntegrationTest#testManualAssessmentSubmit_objectDiagram'
    23:44:12.389 | 426 ool-1-worker-190 | DEBUG | d.t.c.a.a.c.s.f.ApiVersionFilter     : Adding Version to Request PUT /api/modeling-submissions/619/result/0/assessment
    23:44:12.393 | 426 ool-1-worker-190 | DEBUG | .c.s.m.InstanceMessageReceiveService : Received schedule participant score for exercise 819 and participant 104 (result to be deleted: null)
    23:44:12.393 | 426 ool-1-worker-190 | DEBUG | .a.s.ParticipantScoreScheduleService : Scheduled task for exercise 819 and participant 104 at 2025-02-14T23:44:12.493831315Z[Etc/UTC].
    23:44:12.399 | 426 ool-1-worker-190 | DEBUG | .c.s.m.InstanceMessageReceiveService : Received schedule participant score for exercise 819 and participant 104 (result to be deleted: null)
    23:44:12.399 | 426 ool-1-worker-190 | DEBUG | .a.s.ParticipantScoreScheduleService : Scheduled task for exercise 819 and participant 104 at 2025-02-14T23:44:12.499321984Z[Etc/UTC].
    23:44:12.412 | 426 ool-1-worker-190 | DEBUG | .c.s.m.InstanceMessageReceiveService : Received schedule participant score for exercise 819 and participant 104 (result to be deleted: null)
    23:44:12.412 | 426 ool-1-worker-190 | DEBUG | .a.s.ParticipantScoreScheduleService : Scheduled task for exercise 819 and participant 104 at 2025-02-14T23:44:12.512936052Z[Etc/UTC].
    23:44:12.420 | 426 ool-1-worker-190 | DEBUG | .c.s.m.InstanceMessageReceiveService : Received schedule participant score for exercise 819 and participant 104 (result to be deleted: null)
    23:44:12.420 | 426 ool-1-worker-190 | DEBUG | .a.s.ParticipantScoreScheduleService : Scheduled task for exercise 819 and participant 104 at 2025-02-14T23:44:12.520260240Z[Etc/UTC].

  Starting logs for ModelingAssessmentIntegrationTest > cancelAssessmentOfOtherTutorAsTutor()
    23:44:12.466 | 426 ool-1-worker-190 | DEBUG | d.t.c.a.a.c.u.util.UserUtilService   : Generate 6 students...
    23:44:12.479 | 426 ool-1-worker-190 | DEBUG | d.t.c.a.a.c.u.util.UserUtilService   : 6 students generated. Generate 2 tutors...
    23:44:12.483 | 426 ool-1-worker-190 | DEBUG | d.t.c.a.a.c.u.util.UserUtilService   : 2 tutors generated. Generate 0 editors...
    23:44:12.484 | 426 ool-1-worker-190 | DEBUG | d.t.c.a.a.c.u.util.UserUtilService   : 0 editors generated. Generate 1 instructors...
    23:44:12.487 | 426 ool-1-worker-190 | DEBUG | d.t.c.a.a.c.u.util.UserUtilService   : 1 instructors generated
    23:44:12.488 | 426 ool-1-worker-190 | DEBUG | d.t.c.a.a.c.u.util.UserUtilService   : Removing 9 users from all courses...
    23:44:12.489 | 426 ool-1-worker-190 | DEBUG | d.t.c.a.a.c.u.util.UserUtilService   : Removing 9 users from all courses. Done
    23:44:12.489 | 426 ool-1-worker-190 | DEBUG | d.t.c.a.a.c.u.util.UserUtilService   : Save 9 users to database...
    23:44:12.496 | 426 ool-1-worker-190 | DEBUG | d.t.c.a.a.c.u.util.UserUtilService   : Save 9 users to database. Done
    23:44:12.514 | 426 ool-1-worker-190 | INFO  | i.z.t.d.l.EmbeddedDatabaseReporter   : JDBC URL to connect to 'dataSource': url='jdbc:h2:tcp://localhost:41063/mem:f240edcd-27ce-47a3-b4ab-a6a00c154135;USER=sa', scope='ModelingAssessmentIntegrationTest#cancelAssessmentOfOtherTutorAsTutor'
    23:44:12.523 | 426 ool-1-worker-190 | DEBUG | .c.s.m.InstanceMessageReceiveService : Received schedule participant score for exercise 829 and participant 104 (result to be deleted: null)
    23:44:12.523 | 426 ool-1-worker-190 | DEBUG | .a.s.ParticipantScoreScheduleService : Scheduled task for exercise 829 and participant 104 at 2025-02-14T23:44:12.623942910Z[Etc/UTC].
    23:44:12.529 | 426 ool-1-worker-190 | DEBUG | .c.s.m.InstanceMessageReceiveService : Received schedule participant score for exercise 829 and participant 104 (result to be deleted: null)
    23:44:12.529 | 426 ool-1-worker-190 | DEBUG | .a.s.ParticipantScoreScheduleService : Scheduled task for exercise 829 and participant 104 at 2025-02-14T23:44:12.629133810Z[Etc/UTC].
    23:44:12.537 | 426 ool-1-worker-190 | DEBUG | .c.s.m.InstanceMessageReceiveService : Received schedule participant score for exercise 829 and participant 104 (result to be deleted: null)
    23:44:12.537 | 426 ool-1-worker-190 | DEBUG | .a.s.ParticipantScoreScheduleService : Scheduled task for exercise 829 and participant 104 at 2025-02-14T23:44:12.637562327Z[Etc/UTC].
    23:44:12.544 | 426 ool-1-worker-190 | DEBUG | .c.s.m.InstanceMessageReceiveService : Received schedule participant score for exercise 829 and participant 104 (result to be deleted: null)
    23:44:12.544 | 426 ool-1-worker-190 | DEBUG | .a.s.ParticipantScoreScheduleService : Scheduled task for exercise 829 and participant 104 at 2025-02-14T23:44:12.644568102Z[Etc/UTC].
    23:44:12.547 | 426 ool-1-worker-190 | DEBUG | d.t.c.a.a.c.s.f.ApiVersionFilter     : Adding Version to Request PUT /api/modeling-submissions/620/cancel-assessment
    23:44:12.548 | 426 ool-1-worker-190 | DEBUG | d.t.c.a.a.a.web.AssessmentResource   : REST request to cancel assessment of submission: 620
    23:44:12.554 | 426 ool-1-worker-190 | WARN  | o.z.p.spring.common.AdviceTraits     : Forbidden: You are not allowed to access this resource

  Starting logs for ModelingAssessmentIntegrationTest > testAutomaticAssessmentSyntaxTreeDiagramUponAssessmentSubmission()
    23:44:12.587 | 426 ool-1-worker-190 | DEBUG | d.t.c.a.a.c.u.util.UserUtilService   : Generate 6 students...
    23:44:12.609 | 426 ool-1-worker-190 | DEBUG | d.t.c.a.a.c.u.util.UserUtilService   : 6 students generated. Generate 2 tutors...
    23:44:12.616 | 426 ool-1-worker-190 | DEBUG | d.t.c.a.a.c.u.util.UserUtilService   : 2 tutors generated. Generate 0 editors...
    23:44:12.620 | 426 ool-1-worker-190 | DEBUG | d.t.c.a.a.c.u.util.UserUtilService   : 0 editors generated. Generate 1 instructors...
    23:44:12.626 | 426 ool-1-worker-190 | DEBUG | d.t.c.a.a.c.u.util.UserUtilService   : 1 instructors generated
    23:44:12.630 | 426 ool-1-worker-190 | DEBUG | d.t.c.a.a.c.u.util.UserUtilService   : Removing 9 users from all courses...
    23:44:12.631 | 426 ool-1-worker-190 | DEBUG | d.t.c.a.a.c.u.util.UserUtilService   : Removing 9 users from all courses. Done
    23:44:12.631 | 426 ool-1-worker-190 | DEBUG | d.t.c.a.a.c.u.util.UserUtilService   : Save 9 users to database...
    23:44:12.644 | 426 ool-1-worker-190 | DEBUG | d.t.c.a.a.c.u.util.UserUtilService   : Save 9 users to database. Done
    23:44:12.666 | 426 ool-1-worker-190 | INFO  | i.z.t.d.l.EmbeddedDatabaseReporter   : JDBC URL to connect to 'dataSource': url='jdbc:h2:tcp://localhost:41063/mem:f240edcd-27ce-47a3-b4ab-a6a00c154135;USER=sa', scope='ModelingAssessmentIntegrationTest#testAutomaticAssessmentSyntaxTreeDiagramUponAssessmentSubmission'
    23:44:12.696 | 426 ool-1-worker-190 | INFO  | d.t.c.a.a.m.s.compass.CompassService : ModelCluster: start building clusters of 2 submissions for modeling exercise 847
    23:44:12.696 | 426 ool-1-worker-190 | INFO  | d.t.c.a.a.m.s.compass.CompassService : ModelClusterTimeLog: building clusters of 2 submissions for modeling exercise 847 done in 3.64ms
    23:44:12.705 | 426 ool-1-worker-190 | INFO  | d.t.c.a.a.m.s.compass.CompassService : ModelClusterTimeLog: building and saving clusters of 2 submissions for exercise 847 done in 12.58ms
    23:44:12.708 | 426 ool-1-worker-190 | DEBUG | d.t.c.a.a.c.s.f.ApiVersionFilter     : Adding Version to Request PUT /api/modeling-submissions/621/result/0/assessment
    23:44:12.716 | 426 ool-1-worker-190 | DEBUG | .c.s.m.InstanceMessageReceiveService : Received schedule participant score for exercise 847 and participant 104 (result to be deleted: null)
    23:44:12.716 | 426 ool-1-worker-190 | DEBUG | .a.s.ParticipantScoreScheduleService : Scheduled task for exercise 847 and participant 104 at 2025-02-14T23:44:12.816612808Z[Etc/UTC].
    23:44:12.722 | 426 ool-1-worker-190 | DEBUG | .c.s.m.InstanceMessageReceiveService : Received schedule participant score for exercise 847 and participant 104 (result to be deleted: null)
    23:44:12.722 | 426 ool-1-worker-190 | DEBUG | .a.s.ParticipantScoreScheduleService : Scheduled task for exercise 847 and participant 104 at 2025-02-14T23:44:12.822636271Z[Etc/UTC].
    23:44:12.730 | 426 ool-1-worker-190 | DEBUG | .c.s.m.InstanceMessageReceiveService : Received schedule participant score for exercise 847 and participant 104 (result to be deleted: null)
    23:44:12.730 | 426 ool-1-worker-190 | DEBUG | .a.s.ParticipantScoreScheduleService : Scheduled task for exercise 847 and participant 104 at 2025-02-14T23:44:12.830665764Z[Etc/UTC].
    23:44:12.734 | 426 ool-1-worker-190 | DEBUG | .c.s.m.InstanceMessageReceiveService : Received schedule participant score for exercise 847 and participant 104 (result to be deleted: null)
    23:44:12.734 | 426 ool-1-worker-190 | DEBUG | .a.s.ParticipantScoreScheduleService : Scheduled task for exercise 847 and participant 104 at 2025-02-14T23:44:12.834402533Z[Etc/UTC].

  Starting logs for ModelingAssessmentIntegrationTest > testAutomaticAssessment_elementsWithDifferentContextInSameSimilaritySet()
    23:44:12.779 | 426 ool-1-worker-190 | DEBUG | d.t.c.a.a.c.u.util.UserUtilService   : Generate 6 students...
    23:44:12.800 | 426 ool-1-worker-190 | DEBUG | d.t.c.a.a.c.u.util.UserUtilService   : 6 students generated. Generate 2 tutors...
    23:44:12.804 | 426 ool-1-worker-190 | DEBUG | d.t.c.a.a.c.u.util.UserUtilService   : 2 tutors generated. Generate 0 editors...
    23:44:12.805 | 426 ool-1-worker-190 | DEBUG | d.t.c.a.a.c.u.util.UserUtilService   : 0 editors generated. Generate 1 instructors...
    23:44:12.807 | 426 ool-1-worker-190 | DEBUG | d.t.c.a.a.c.u.util.UserUtilService   : 1 instructors generated
    23:44:12.809 | 426 ool-1-worker-190 | DEBUG | d.t.c.a.a.c.u.util.UserUtilService   : Removing 9 users from all courses...
    23:44:12.810 | 426 ool-1-worker-190 | DEBUG | d.t.c.a.a.c.u.util.UserUtilService   : Removing 9 users from all courses. Done
    23:44:12.810 | 426 ool-1-worker-190 | DEBUG | d.t.c.a.a.c.u.util.UserUtilService   : Save 9 users to database...
    23:44:12.817 | 426 ool-1-worker-190 | DEBUG | d.t.c.a.a.c.u.util.UserUtilService   : Save 9 users to database. Done
    23:44:12.840 | 426 ool-1-worker-190 | INFO  | i.z.t.d.l.EmbeddedDatabaseReporter   : JDBC URL to connect to 'dataSource': url='jdbc:h2:tcp://localhost:41063/mem:f240edcd-27ce-47a3-b4ab-a6a00c154135;USER=sa', scope='ModelingAssessmentIntegrationTest#testAutomaticAssessment_elementsWithDifferentContextInSameSimilaritySet'
    23:44:12.903 | 426 ool-1-worker-190 | INFO  | d.t.c.a.a.m.s.compass.CompassService : ModelCluster: start building clusters of 3 submissions for modeling exercise 850
    23:44:12.904 | 426 ool-1-worker-190 | INFO  | d.t.c.a.a.m.s.compass.CompassService : ModelClusterTimeLog: building clusters of 3 submissions for modeling exercise 850 done in 7.96ms
    23:44:12.914 | 426 ool-1-worker-190 | INFO  | d.t.c.a.a.m.s.compass.CompassService : ModelClusterTimeLog: building and saving clusters of 3 submissions for exercise 850 done in 18.51ms
    23:44:12.915 | 426 ool-1-worker-190 | DEBUG | d.t.c.a.a.c.s.f.ApiVersionFilter     : Adding Version to Request PUT /api/modeling-submissions/623/result/0/assessment
    23:44:12.926 | 426 ool-1-worker-190 | DEBUG | .c.s.m.InstanceMessageReceiveService : Received schedule participant score for exercise 850 and participant 104 (result to be deleted: null)
    23:44:12.926 | 426 ool-1-worker-190 | DEBUG | .a.s.ParticipantScoreScheduleService : Scheduled task for exercise 850 and participant 104 at 2025-02-14T23:44:13.026255472Z[Etc/UTC].
    23:44:12.938 | 426 ool-1-worker-190 | DEBUG | .c.s.m.InstanceMessageReceiveService : Received schedule participant score for exercise 850 and participant 104 (result to be deleted: null)
    23:44:12.938 | 426 ool-1-worker-190 | DEBUG | .a.s.ParticipantScoreScheduleService : Scheduled task for exercise 850 and participant 104 at 2025-02-14T23:44:13.038740614Z[Etc/UTC].
    23:44:12.955 | 426 ool-1-worker-190 | DEBUG | .c.s.m.InstanceMessageReceiveService : Received schedule participant score for exercise 850 and participant 104 (result to be deleted: null)
    23:44:12.955 | 426 ool-1-worker-190 | DEBUG | .a.s.ParticipantScoreScheduleService : Scheduled task for exercise 850 and participant 104 at 2025-02-14T23:44:13.055426320Z[Etc/UTC].
    23:44:12.962 | 426 ool-1-worker-190 | DEBUG | .c.s.m.InstanceMessageReceiveService : Received schedule participant score for exercise 850 and participant 104 (result to be deleted: null)
    23:44:12.962 | 426 ool-1-worker-190 | DEBUG | .a.s.ParticipantScoreScheduleService : Scheduled task for exercise 850 and participant 104 at 2025-02-14T23:44:13.062119651Z[Etc/UTC].
    23:44:12.980 | 426 ool-1-worker-190 | DEBUG | d.t.c.a.a.c.s.f.ApiVersionFilter     : Adding Version to Request PUT /api/modeling-submissions/624/result/0/assessment
    23:44:12.988 | 426 ool-1-worker-190 | DEBUG | .c.s.m.InstanceMessageReceiveService : Received schedule participant score for exercise 850 and participant 105 (result to be deleted: null)
    23:44:12.988 | 426 ool-1-worker-190 | DEBUG | .a.s.ParticipantScoreScheduleService : Scheduled task for exercise 850 and participant 105 at 2025-02-14T23:44:13.088579774Z[Etc/UTC].
    23:44:13.001 | 426 ool-1-worker-190 | DEBUG | .c.s.m.InstanceMessageReceiveService : Received schedule participant score for exercise 850 and participant 105 (result to be deleted: null)
    23:44:13.001 | 426 ool-1-worker-190 | DEBUG | .a.s.ParticipantScoreScheduleService : Scheduled task for exercise 850 and participant 105 at 2025-02-14T23:44:13.101331153Z[Etc/UTC].
    23:44:13.020 | 426 ool-1-worker-190 | DEBUG | .c.s.m.InstanceMessageReceiveService : Received schedule participant score for exercise 850 and participant 105 (result to be deleted: null)
    23:44:13.020 | 426 ool-1-worker-190 | DEBUG | .a.s.ParticipantScoreScheduleService : Scheduled task for exercise 850 and participant 105 at 2025-02-14T23:44:13.120313571Z[Etc/UTC].
    23:44:13.026 | 426 ool-1-worker-190 | DEBUG | .c.s.m.InstanceMessageReceiveService : Received schedule participant score for exercise 850 and participant 105 (result to be deleted: null)
    23:44:13.026 | 426 ool-1-worker-190 | DEBUG | .a.s.ParticipantScoreScheduleService : Scheduled task for exercise 850 and participant 105 at 2025-02-14T23:44:13.126234733Z[Etc/UTC].

  Starting logs for ModelingAssessmentIntegrationTest > testAutomaticAssessmentUponModelSubmission_identicalModel()
    23:44:13.092 | 426 ool-1-worker-190 | DEBUG | d.t.c.a.a.c.u.util.UserUtilService   : Generate 6 students...
    23:44:13.112 | 426 ool-1-worker-190 | DEBUG | d.t.c.a.a.c.u.util.UserUtilService   : 6 students generated. Generate 2 tutors...
    23:44:13.129 | 426 ool-1-worker-190 | DEBUG | d.t.c.a.a.c.u.util.UserUtilService   : 2 tutors generated. Generate 0 editors...
    23:44:13.130 | 426 ool-1-worker-190 | DEBUG | d.t.c.a.a.c.u.util.UserUtilService   : 0 editors generated. Generate 1 instructors...
    23:44:13.140 | 426 ool-1-worker-190 | DEBUG | d.t.c.a.a.c.u.util.UserUtilService   : 1 instructors generated
    23:44:13.143 | 426 ool-1-worker-190 | DEBUG | d.t.c.a.a.c.u.util.UserUtilService   : Removing 9 users from all courses...
    23:44:13.146 | 426 ool-1-worker-190 | DEBUG | d.t.c.a.a.c.u.util.UserUtilService   : Removing 9 users from all courses. Done
    23:44:13.146 | 426 ool-1-worker-190 | DEBUG | d.t.c.a.a.c.u.util.UserUtilService   : Save 9 users to database...
    23:44:13.160 | 426 ool-1-worker-190 | DEBUG | d.t.c.a.a.c.u.util.UserUtilService   : Save 9 users to database. Done
    23:44:13.187 | 426 ool-1-worker-190 | INFO  | i.z.t.d.l.EmbeddedDatabaseReporter   : JDBC URL to connect to 'dataSource': url='jdbc:h2:tcp://localhost:41063/mem:f240edcd-27ce-47a3-b4ab-a6a00c154135;USER=sa', scope='ModelingAssessmentIntegrationTest#testAutomaticAssessmentUponModelSubmission_identicalModel'
    23:44:13.205 | 426 ool-1-worker-190 | DEBUG | .c.s.m.InstanceMessageReceiveService : Received schedule participant score for exercise 861 and participant 104 (result to be deleted: null)
    23:44:13.205 | 426 ool-1-worker-190 | DEBUG | .a.s.ParticipantScoreScheduleService : Scheduled task for exercise 861 and participant 104 at 2025-02-14T23:44:13.305582378Z[Etc/UTC].
    23:44:13.217 | 426 ool-1-worker-190 | DEBUG | .c.s.m.InstanceMessageReceiveService : Received schedule participant score for exercise 861 and participant 104 (result to be deleted: null)
    23:44:13.217 | 426 ool-1-worker-190 | DEBUG | .a.s.ParticipantScoreScheduleService : Scheduled task for exercise 861 and participant 104 at 2025-02-14T23:44:13.317273810Z[Etc/UTC].
    23:44:13.234 | 426 ool-1-worker-190 | DEBUG | .c.s.m.InstanceMessageReceiveService : Received schedule participant score for exercise 861 and participant 104 (result to be deleted: null)
    23:44:13.234 | 426 ool-1-worker-190 | DEBUG | .a.s.ParticipantScoreScheduleService : Scheduled task for exercise 861 and participant 104 at 2025-02-14T23:44:13.334432488Z[Etc/UTC].
    23:44:13.244 | 426 ool-1-worker-190 | DEBUG | .c.s.m.InstanceMessageReceiveService : Received schedule participant score for exercise 861 and participant 104 (result to be deleted: null)
    23:44:13.244 | 426 ool-1-worker-190 | DEBUG | .a.s.ParticipantScoreScheduleService : Scheduled task for exercise 861 and participant 104 at 2025-02-14T23:44:13.344254684Z[Etc/UTC].
    23:44:13.302 | 426 ool-1-worker-190 | DEBUG | .c.s.m.InstanceMessageReceiveService : Received schedule participant score for exercise 861 and participant 104 (result to be deleted: null)
    23:44:13.302 | 426 ool-1-worker-190 | DEBUG | .a.s.ParticipantScoreScheduleService : Scheduled task for exercise 861 and participant 104 at 2025-02-14T23:44:13.402316168Z[Etc/UTC].
    23:44:13.316 | 426 ool-1-worker-190 | DEBUG | d.t.c.a.a.c.s.f.ApiVersionFilter     : Adding Version to Request POST /api/exercises/861/modeling-submissions
    23:44:13.323 | 426 ool-1-worker-190 | DEBUG | c.a.a.m.w.ModelingSubmissionResource : REST request to create modeling submission: {  "version": "2.0",  "size": {    "width": 220,    "height": 960  },  "type": "ClassDiagram",  "interactive": {    "elements": [],    "relationships": []  },  "elements": [    {      "id": "6aba5764-d102-4740-9675-b2bd0a4f2680",      "name": "First",      "owner": null,      "type": "Class",      "bounds": {        "x": 660,        "y": 510,        "width": 200,        "height": 70      },      "attributes": [],      "methods": [        "c39d6521-e7a1-43bf-8ca2-9c9a1b716569"      ]    },    {      "id": "f96984a2-2ce0-46f6-9211-ec389b19512a",      "name": "Second",      "owner": null,      "type": "Class",      "bounds": {        "x": 1000,        "y": 510,        "width": 200,        "height": 70      },      "attributes": [],      "methods": [        "ec697b17-d33d-4c85-b181-7c3f0901e9a7"      ]    },    {      "id": "1d10b2d1-2e6e-4579-9298-ba68618c6927",      "name": "AbstractStrategy",      "owner": null,      "type": "AbstractClass",      "bounds": {        "x": 830,        "y": 340,        "width": 200,        "height": 70      },      "attributes": [],      "methods": [        "84fdf0a9-4f52-4114-a8f3-eae08ccd4a6a"      ]    },    {      "id": "2bc2367e-e300-4512-9f6c-08f8e51d38ad",      "name": "Client",      "owner": null,      "type": "Class",      "bounds": {        "x": 450,        "y": 310,        "width": 200,        "height": 40      },      "attributes": [],      "methods": []    },    {      "id": "c39d6521-e7a1-43bf-8ca2-9c9a1b716569",      "name": "+ connect()",      "owner": "6aba5764-d102-4740-9675-b2bd0a4f2680",      "type": "ClassMethod",      "bounds": {        "x": 0,        "y": 30,        "width": 200,        "height": 30      }    },    {      "id": "ec697b17-d33d-4c85-b181-7c3f0901e9a7",      "name": "+ connect()",      "owner": "f96984a2-2ce0-46f6-9211-ec389b19512a",      "type": "ClassMethod",      "bounds": {        "x": 0,        "y": 30,        "width": 200,        "height": 30      }    },    {      "id": "84fdf0a9-4f52-4114-a8f3-eae08ccd4a6a",      "name": "+ connect()",      "owner": "1d10b2d1-2e6e-4579-9298-ba68618c6927",      "type": "ClassMethod",      "bounds": {        "x": 0,        "y": 30,        "width": 200,        "height": 30      }    }  ],  "relationships": [    {      "id": "eb2392c6-c87d-40b0-8867-26c27575a6ae",      "name": "Relationship",      "type": "ClassInheritance",      "source": {        "element": "f96984a2-2ce0-46f6-9211-ec389b19512a",        "direction": "Up",        "multiplicity": "",        "role": ""      },      "target": {        "element": "1d10b2d1-2e6e-4579-9298-ba68618c6927",        "direction": "Down",        "multiplicity": "",        "role": ""      },      "path": [        {          "x": 0,          "y": 170        },        {          "x": 0,          "y": 0        }      ],      "bounds": {        "x": 90,        "y": -330,        "width": 0,        "height": 170      }    },    {      "id": "593f9a18-9563-4e8f-86bc-d6f77734f692",      "name": "Relationship",      "type": "ClassInheritance",      "source": {        "element": "6aba5764-d102-4740-9675-b2bd0a4f2680",        "direction": "Up",        "multiplicity": "",        "role": ""      },      "target": {        "element": "1d10b2d1-2e6e-4579-9298-ba68618c6927",        "direction": "Down",        "multiplicity": "",        "role": ""      },      "path": [        {          "x": 0,          "y": 170        },        {          "x": 0,          "y": 0        }      ],      "bounds": {        "x": 90,        "y": -330,        "width": 0,        "height": 170      }    },    {      "id": "858f8bcc-876e-4e64-ac6f-f8894f54a5ee",      "name": "Relationship",      "type": "ClassUnidirectional",      "source": {        "element": "2bc2367e-e300-4512-9f6c-08f8e51d38ad",        "direction": "Right",        "multiplicity": "",        "role": ""      },      "target": {        "element": "1d10b2d1-2e6e-4579-9298-ba68618c6927",        "direction": "Left",        "multiplicity": "",        "role": ""      },      "path": [        {          "x": 0,          "y": 170        },        {          "x": 0,          "y": 0        }      ],      "bounds": {        "x": 90,        "y": -330,        "width": 0,        "height": 170      }    }  ],  "assessments": []}
    23:44:13.330 | 426 ool-1-worker-190 | INFO  | c.a.a.m.w.ModelingSubmissionResource : save took 7ms for exercise 861 and user modelingassessmentstudent2

  Starting logs for ModelingAssessmentIntegrationTest > testGetExampleAssessmentAsInstructor()
    23:44:13.373 | 426 ool-1-worker-190 | DEBUG | d.t.c.a.a.c.u.util.UserUtilService   : Generate 6 students...
    23:44:13.391 | 426 ool-1-worker-190 | DEBUG | d.t.c.a.a.c.u.util.UserUtilService   : 6 students generated. Generate 2 tutors...
    23:44:13.399 | 426 ool-1-worker-190 | DEBUG | d.t.c.a.a.c.u.util.UserUtilService   : 2 tutors generated. Generate 0 editors...
    23:44:13.403 | 426 ool-1-worker-190 | DEBUG | d.t.c.a.a.c.u.util.UserUtilService   : 0 editors generated. Generate 1 instructors...
    23:44:13.409 | 426 ool-1-worker-190 | DEBUG | d.t.c.a.a.c.u.util.UserUtilService   : 1 instructors generated
    23:44:13.411 | 426 ool-1-worker-190 | DEBUG | d.t.c.a.a.c.u.util.UserUtilService   : Removing 9 users from all courses...
    23:44:13.413 | 426 ool-1-worker-190 | DEBUG | d.t.c.a.a.c.u.util.UserUtilService   : Removing 9 users from all courses. Done
    23:44:13.413 | 426 ool-1-worker-190 | DEBUG | d.t.c.a.a.c.u.util.UserUtilService   : Save 9 users to database...
    23:44:13.428 | 426 ool-1-worker-190 | DEBUG | d.t.c.a.a.c.u.util.UserUtilService   : Save 9 users to database. Done
    23:44:13.449 | 426 ool-1-worker-190 | INFO  | i.z.t.d.l.EmbeddedDatabaseReporter   : JDBC URL to connect to 'dataSource': url='jdbc:h2:tcp://localhost:41063/mem:f240edcd-27ce-47a3-b4ab-a6a00c154135;USER=sa', scope='ModelingAssessmentIntegrationTest#testGetExampleAssessmentAsInstructor'
    23:44:13.455 | 426 ool-1-worker-190 | DEBUG | d.t.c.a.a.c.s.f.ApiVersionFilter     : Adding Version to Request PUT /api/modeling-submissions/29/example-assessment
    23:44:13.456 | 426 ool-1-worker-190 | DEBUG | c.a.a.m.w.ModelingAssessmentResource : REST request to save modeling example assessment : 29
    23:44:13.485 | 426 ool-1-worker-190 | DEBUG | d.t.c.a.a.c.s.f.ApiVersionFilter     : Adding Version to Request GET /api/exercise/872/modeling-submissions/628/example-assessment
    23:44:13.486 | 426 ool-1-worker-190 | DEBUG | c.a.a.m.w.ModelingAssessmentResource : REST request to get example assessment for tutors text assessment: 628

  Starting logs for ModelingAssessmentIntegrationTest > testManualAssessmentSave()
    23:44:13.530 | 426 ool-1-worker-190 | DEBUG | d.t.c.a.a.c.u.util.UserUtilService   : Generate 6 students...
    23:44:13.547 | 426 ool-1-worker-190 | DEBUG | d.t.c.a.a.c.u.util.UserUtilService   : 6 students generated. Generate 2 tutors...
    23:44:13.554 | 426 ool-1-worker-190 | DEBUG | d.t.c.a.a.c.u.util.UserUtilService   : 2 tutors generated. Generate 0 editors...
    23:44:13.558 | 426 ool-1-worker-190 | DEBUG | d.t.c.a.a.c.u.util.UserUtilService   : 0 editors generated. Generate 1 instructors...
    23:44:13.562 | 426 ool-1-worker-190 | DEBUG | d.t.c.a.a.c.u.util.UserUtilService   : 1 instructors generated
    23:44:13.564 | 426 ool-1-worker-190 | DEBUG | d.t.c.a.a.c.u.util.UserUtilService   : Removing 9 users from all courses...
    23:44:13.565 | 426 ool-1-worker-190 | DEBUG | d.t.c.a.a.c.u.util.UserUtilService   : Removing 9 users from all courses. Done
    23:44:13.565 | 426 ool-1-worker-190 | DEBUG | d.t.c.a.a.c.u.util.UserUtilService   : Save 9 users to database...
    23:44:13.572 | 426 ool-1-worker-190 | DEBUG | d.t.c.a.a.c.u.util.UserUtilService   : Save 9 users to database. Done
    23:44:13.593 | 426 ool-1-worker-190 | INFO  | i.z.t.d.l.EmbeddedDatabaseReporter   : JDBC URL to connect to 'dataSource': url='jdbc:h2:tcp://localhost:41063/mem:f240edcd-27ce-47a3-b4ab-a6a00c154135;USER=sa', scope='ModelingAssessmentIntegrationTest#testManualAssessmentSave'
    23:44:13.604 | 426 ool-1-worker-190 | DEBUG | d.t.c.a.a.c.s.f.ApiVersionFilter     : Adding Version to Request PUT /api/modeling-submissions/629/result/0/assessment
    23:44:13.608 | 426 ool-1-worker-190 | DEBUG | .c.s.m.InstanceMessageReceiveService : Received schedule participant score for exercise 883 and participant 104 (result to be deleted: null)
    23:44:13.608 | 426 ool-1-worker-190 | DEBUG | .a.s.ParticipantScoreScheduleService : Scheduled task for exercise 883 and participant 104 at 2025-02-14T23:44:13.708664579Z[Etc/UTC].
    23:44:13.614 | 426 ool-1-worker-190 | DEBUG | .c.s.m.InstanceMessageReceiveService : Received schedule participant score for exercise 883 and participant 104 (result to be deleted: null)
    23:44:13.614 | 426 ool-1-worker-190 | DEBUG | .a.s.ParticipantScoreScheduleService : Scheduled task for exercise 883 and participant 104 at 2025-02-14T23:44:13.714197707Z[Etc/UTC].
    23:44:13.621 | 426 ool-1-worker-190 | DEBUG | .c.s.m.InstanceMessageReceiveService : Received schedule participant score for exercise 883 and participant 104 (result to be deleted: null)
    23:44:13.621 | 426 ool-1-worker-190 | DEBUG | .a.s.ParticipantScoreScheduleService : Scheduled task for exercise 883 and participant 104 at 2025-02-14T23:44:13.721903718Z[Etc/UTC].

  Starting logs for ModelingAssessmentIntegrationTest > testAutomaticAssessmentComponentDiagramUponAssessmentSubmission()
    23:44:13.650 | 426 ool-1-worker-190 | DEBUG | d.t.c.a.a.c.u.util.UserUtilService   : Generate 6 students...
    23:44:13.672 | 426 ool-1-worker-190 | DEBUG | d.t.c.a.a.c.u.util.UserUtilService   : 6 students generated. Generate 2 tutors...
    23:44:13.679 | 426 ool-1-worker-190 | DEBUG | d.t.c.a.a.c.u.util.UserUtilService   : 2 tutors generated. Generate 0 editors...
    23:44:13.680 | 426 ool-1-worker-190 | DEBUG | d.t.c.a.a.c.u.util.UserUtilService   : 0 editors generated. Generate 1 instructors...
    23:44:13.684 | 426 ool-1-worker-190 | DEBUG | d.t.c.a.a.c.u.util.UserUtilService   : 1 instructors generated
    23:44:13.689 | 426 ool-1-worker-190 | DEBUG | d.t.c.a.a.c.u.util.UserUtilService   : Removing 9 users from all courses...
    23:44:13.691 | 426 ool-1-worker-190 | DEBUG | d.t.c.a.a.c.u.util.UserUtilService   : Removing 9 users from all courses. Done
    23:44:13.691 | 426 ool-1-worker-190 | DEBUG | d.t.c.a.a.c.u.util.UserUtilService   : Save 9 users to database...
    23:44:13.708 | 426 ool-1-worker-190 | DEBUG | d.t.c.a.a.c.u.util.UserUtilService   : Save 9 users to database. Done
    23:44:13.741 | 426 ool-1-worker-190 | INFO  | i.z.t.d.l.EmbeddedDatabaseReporter   : JDBC URL to connect to 'dataSource': url='jdbc:h2:tcp://localhost:41063/mem:f240edcd-27ce-47a3-b4ab-a6a00c154135;USER=sa', scope='ModelingAssessmentIntegrationTest#testAutomaticAssessmentComponentDiagramUponAssessmentSubmission'
    23:44:13.772 | 426 ool-1-worker-190 | INFO  | d.t.c.a.a.m.s.compass.CompassService : ModelCluster: start building clusters of 2 submissions for modeling exercise 899
    23:44:13.772 | 426 ool-1-worker-190 | INFO  | d.t.c.a.a.m.s.compass.CompassService : ModelClusterTimeLog: building clusters of 2 submissions for modeling exercise 899 done in 4.06ms
    23:44:13.788 | 426 ool-1-worker-190 | INFO  | d.t.c.a.a.m.s.compass.CompassService : ModelClusterTimeLog: building and saving clusters of 2 submissions for exercise 899 done in 19.74ms
    23:44:13.789 | 426 ool-1-worker-190 | DEBUG | d.t.c.a.a.c.s.f.ApiVersionFilter     : Adding Version to Request PUT /api/modeling-submissions/630/result/0/assessment
    23:44:13.799 | 426 ool-1-worker-190 | DEBUG | .c.s.m.InstanceMessageReceiveService : Received schedule participant score for exercise 899 and participant 104 (result to be deleted: null)
    23:44:13.799 | 426 ool-1-worker-190 | DEBUG | .a.s.ParticipantScoreScheduleService : Scheduled task for exercise 899 and participant 104 at 2025-02-14T23:44:13.899952881Z[Etc/UTC].
    23:44:13.806 | 426 ool-1-worker-190 | DEBUG | .c.s.m.InstanceMessageReceiveService : Received schedule participant score for exercise 899 and participant 104 (result to be deleted: null)
    23:44:13.806 | 426 ool-1-worker-190 | DEBUG | .a.s.ParticipantScoreScheduleService : Scheduled task for exercise 899 and participant 104 at 2025-02-14T23:44:13.906573157Z[Etc/UTC].
    23:44:13.815 | 426 ool-1-worker-190 | DEBUG | .c.s.m.InstanceMessageReceiveService : Received schedule participant score for exercise 899 and participant 104 (result to be deleted: null)
    23:44:13.816 | 426 ool-1-worker-190 | DEBUG | .a.s.ParticipantScoreScheduleService : Scheduled task for exercise 899 and participant 104 at 2025-02-14T23:44:13.916027016Z[Etc/UTC].
    23:44:13.820 | 426 ool-1-worker-190 | DEBUG | .c.s.m.InstanceMessageReceiveService : Received schedule participant score for exercise 899 and participant 104 (result to be deleted: null)
    23:44:13.820 | 426 ool-1-worker-190 | DEBUG | .a.s.ParticipantScoreScheduleService : Scheduled task for exercise 899 and participant 104 at 2025-02-14T23:44:13.920364936Z[Etc/UTC].

  Starting logs for ModelingAssessmentIntegrationTest > overrideAssessmentAfterComplaint()
    23:44:13.850 | 426 ool-1-worker-190 | DEBUG | d.t.c.a.a.c.u.util.UserUtilService   : Generate 6 students...
    23:44:13.859 | 426 ool-1-worker-190 | DEBUG | d.t.c.a.a.c.u.util.UserUtilService   : 6 students generated. Generate 2 tutors...
    23:44:13.863 | 426 ool-1-worker-190 | DEBUG | d.t.c.a.a.c.u.util.UserUtilService   : 2 tutors generated. Generate 0 editors...
    23:44:13.865 | 426 ool-1-worker-190 | DEBUG | d.t.c.a.a.c.u.util.UserUtilService   : 0 editors generated. Generate 1 instructors...
    23:44:13.867 | 426 ool-1-worker-190 | DEBUG | d.t.c.a.a.c.u.util.UserUtilService   : 1 instructors generated
    23:44:13.869 | 426 ool-1-worker-190 | DEBUG | d.t.c.a.a.c.u.util.UserUtilService   : Removing 9 users from all courses...
    23:44:13.871 | 426 ool-1-worker-190 | DEBUG | d.t.c.a.a.c.u.util.UserUtilService   : Removing 9 users from all courses. Done
    23:44:13.871 | 426 ool-1-worker-190 | DEBUG | d.t.c.a.a.c.u.util.UserUtilService   : Save 9 users to database...
    23:44:13.885 | 426 ool-1-worker-190 | DEBUG | d.t.c.a.a.c.u.util.UserUtilService   : Save 9 users to database. Done
    23:44:13.908 | 426 ool-1-worker-190 | INFO  | i.z.t.d.l.EmbeddedDatabaseReporter   : JDBC URL to connect to 'dataSource': url='jdbc:h2:tcp://localhost:41063/mem:f240edcd-27ce-47a3-b4ab-a6a00c154135;USER=sa', scope='ModelingAssessmentIntegrationTest#overrideAssessmentAfterComplaint'
    23:44:13.921 | 426 ool-1-worker-190 | DEBUG | .c.s.m.InstanceMessageReceiveService : Received schedule participant score for exercise 916 and participant 104 (result to be deleted: null)
    23:44:13.921 | 426 ool-1-worker-190 | DEBUG | .a.s.ParticipantScoreScheduleService : Scheduled task for exercise 916 and participant 104 at 2025-02-14T23:44:14.021150981Z[Etc/UTC].
    23:44:13.929 | 426 ool-1-worker-190 | DEBUG | .c.s.m.InstanceMessageReceiveService : Received schedule participant score for exercise 916 and participant 104 (result to be deleted: null)
    23:44:13.929 | 426 ool-1-worker-190 | DEBUG | .a.s.ParticipantScoreScheduleService : Scheduled task for exercise 916 and participant 104 at 2025-02-14T23:44:14.029451741Z[Etc/UTC].
    23:44:13.947 | 426 ool-1-worker-190 | DEBUG | .c.s.m.InstanceMessageReceiveService : Received schedule participant score for exercise 916 and participant 104 (result to be deleted: null)
    23:44:13.947 | 426 ool-1-worker-190 | DEBUG | .a.s.ParticipantScoreScheduleService : Scheduled task for exercise 916 and participant 104 at 2025-02-14T23:44:14.047119748Z[Etc/UTC].
    23:44:13.961 | 426 ool-1-worker-190 | DEBUG | .c.s.m.InstanceMessageReceiveService : Received schedule participant score for exercise 916 and participant 104 (result to be deleted: null)
    23:44:13.962 | 426 ool-1-worker-190 | DEBUG | .a.s.ParticipantScoreScheduleService : Scheduled task for exercise 916 and participant 104 at 2025-02-14T23:44:14.062080357Z[Etc/UTC].
    23:44:13.986 | 426 ool-1-worker-190 | DEBUG | .c.s.m.InstanceMessageReceiveService : Received schedule participant score for exercise 916 and participant 104 (result to be deleted: null)
    23:44:13.986 | 426 ool-1-worker-190 | DEBUG | .a.s.ParticipantScoreScheduleService : Scheduled task for exercise 916 and participant 104 at 2025-02-14T23:44:14.086713994Z[Etc/UTC].
    23:44:13.986 | 426 ool-1-worker-190 | DEBUG | .c.s.m.InstanceMessageReceiveService : Received schedule participant score for exercise 916 and participant 104 (result to be deleted: null)
    23:44:13.986 | 426 ool-1-worker-190 | DEBUG | .a.s.ParticipantScoreScheduleService : Scheduled task for exercise 916 and participant 104 at 2025-02-14T23:44:14.086903868Z[Etc/UTC].
    23:44:14.000 | 426 ool-1-worker-190 | DEBUG | .c.s.m.InstanceMessageReceiveService : Received schedule participant score for exercise 916 and participant 104 (result to be deleted: null)
    23:44:14.000 | 426 ool-1-worker-190 | DEBUG | .a.s.ParticipantScoreScheduleService : Scheduled task for exercise 916 and participant 104 at 2025-02-14T23:44:14.100276565Z[Etc/UTC].
    23:44:14.012 | 426 ool-1-worker-190 | DEBUG | .c.s.m.InstanceMessageReceiveService : Received schedule participant score for exercise 916 and participant 104 (result to be deleted: null)
    23:44:14.012 | 426 ool-1-worker-190 | DEBUG | .a.s.ParticipantScoreScheduleService : Scheduled task for exercise 916 and participant 104 at 2025-02-14T23:44:14.112306078Z[Etc/UTC].
    23:44:14.014 | 426 ool-1-worker-190 | DEBUG | d.t.c.a.a.c.s.f.ApiVersionFilter     : Adding Version to Request PUT /api/modeling-submissions/632/result/352/assessment
    23:44:14.025 | 426 ool-1-worker-190 | DEBUG | .c.s.m.InstanceMessageReceiveService : Received schedule participant score for exercise 916 and participant 104 (result to be deleted: null)
    23:44:14.025 | 426 ool-1-worker-190 | DEBUG | .a.s.ParticipantScoreScheduleService : Scheduled task for exercise 916 and participant 104 at 2025-02-14T23:44:14.125607803Z[Etc/UTC].
    23:44:14.031 | 426 ool-1-worker-190 | DEBUG | .c.s.m.InstanceMessageReceiveService : Received schedule participant score for exercise 916 and participant 104 (result to be deleted: null)
    23:44:14.031 | 426 ool-1-worker-190 | DEBUG | .a.s.ParticipantScoreScheduleService : Scheduled task for exercise 916 and participant 104 at 2025-02-14T23:44:14.131703239Z[Etc/UTC].

  Starting logs for ModelingAssessmentIntegrationTest > testCheckPlagiarismIdenticalLongModels()
    23:44:14.051 | 426 ool-1-worker-190 | DEBUG | d.t.c.a.a.c.u.util.UserUtilService   : Generate 6 students...
    23:44:14.060 | 426 ool-1-worker-190 | DEBUG | d.t.c.a.a.c.u.util.UserUtilService   : 6 students generated. Generate 2 tutors...
    23:44:14.064 | 426 ool-1-worker-190 | DEBUG | d.t.c.a.a.c.u.util.UserUtilService   : 2 tutors generated. Generate 0 editors...
    23:44:14.068 | 426 ool-1-worker-190 | DEBUG | d.t.c.a.a.c.u.util.UserUtilService   : 0 editors generated. Generate 1 instructors...
    23:44:14.071 | 426 ool-1-worker-190 | DEBUG | d.t.c.a.a.c.u.util.UserUtilService   : 1 instructors generated
    23:44:14.075 | 426 ool-1-worker-190 | DEBUG | d.t.c.a.a.c.u.util.UserUtilService   : Removing 9 users from all courses...
    23:44:14.077 | 426 ool-1-worker-190 | DEBUG | d.t.c.a.a.c.u.util.UserUtilService   : Removing 9 users from all courses. Done
    23:44:14.077 | 426 ool-1-worker-190 | DEBUG | d.t.c.a.a.c.u.util.UserUtilService   : Save 9 users to database...
    23:44:14.092 | 426 ool-1-worker-190 | DEBUG | d.t.c.a.a.c.u.util.UserUtilService   : Save 9 users to database. Done
    23:44:14.116 | 426 ool-1-worker-190 | INFO  | i.z.t.d.l.EmbeddedDatabaseReporter   : JDBC URL to connect to 'dataSource': url='jdbc:h2:tcp://localhost:41063/mem:f240edcd-27ce-47a3-b4ab-a6a00c154135;USER=sa', scope='ModelingAssessmentIntegrationTest#testCheckPlagiarismIdenticalLongModels'
    23:44:14.164 | 426 ool-1-worker-190 | DEBUG | d.t.c.a.a.c.s.f.ApiVersionFilter     : Adding Version to Request GET /api/modeling-exercises/917/check-plagiarism
    23:44:14.187 | 426 ool-1-worker-190 | INFO  | t.c.a.a.m.w.ModelingExerciseResource : Started manual plagiarism checks for modeling exercise: exerciseId=917.
    23:44:14.204 | 426 ool-1-worker-190 | DEBUG | s.ModelingPlagiarismDetectionService : Build UML diagram from json
    23:44:14.207 | 426 ool-1-worker-190 | DEBUG | s.ModelingPlagiarismDetectionService : Build UML diagram from json
    23:44:14.208 | 426 ool-1-worker-190 | INFO  | s.ModelingPlagiarismDetectionService : Found 2 modeling submissions with at least 0 elements to compare
    23:44:14.208 | 426 ool-1-worker-190 | DEBUG | s.ModelingPlagiarismDetectionService : Compare result 0 with 1: 0.9999999999999998
    23:44:14.208 | 426 ool-1-worker-190 | INFO  | s.ModelingPlagiarismDetectionService : Found similar models 0 with 1: 0.9999999999999998
    23:44:14.209 | 426 ool-1-worker-190 | INFO  | s.ModelingPlagiarismDetectionService : Found 1 similar modeling submission combinations (>50.0)
    23:44:14.213 | 426 ool-1-worker-190 | INFO  | c.a.a.p.s.PlagiarismDetectionService : Finished modelingPlagiarismDetectionService.checkPlagiarism call for 1 comparisons
    23:44:14.236 | 426 ool-1-worker-190 | INFO  | t.c.a.a.m.w.ModelingExerciseResource : Finished manual plagiarism checks for modeling exercise: exerciseId=917, elapsed=48.42ms.

  Starting logs for ModelingAssessmentIntegrationTest > testOverrideAssessment_submitOtherTutorForbidden()
    23:44:14.270 | 426 ool-1-worker-190 | DEBUG | d.t.c.a.a.c.u.util.UserUtilService   : Generate 6 students...
    23:44:14.286 | 426 ool-1-worker-190 | DEBUG | d.t.c.a.a.c.u.util.UserUtilService   : 6 students generated. Generate 2 tutors...
    23:44:14.293 | 426 ool-1-worker-190 | DEBUG | d.t.c.a.a.c.u.util.UserUtilService   : 2 tutors generated. Generate 0 editors...
    23:44:14.294 | 426 ool-1-worker-190 | DEBUG | d.t.c.a.a.c.u.util.UserUtilService   : 0 editors generated. Generate 1 instructors...
    23:44:14.300 | 426 ool-1-worker-190 | DEBUG | d.t.c.a.a.c.u.util.UserUtilService   : 1 instructors generated
    23:44:14.304 | 426 ool-1-worker-190 | DEBUG | d.t.c.a.a.c.u.util.UserUtilService   : Removing 9 users from all courses...
    23:44:14.306 | 426 ool-1-worker-190 | DEBUG | d.t.c.a.a.c.u.util.UserUtilService   : Removing 9 users from all courses. Done
    23:44:14.306 | 426 ool-1-worker-190 | DEBUG | d.t.c.a.a.c.u.util.UserUtilService   : Save 9 users to database...
    23:44:14.322 | 426 ool-1-worker-190 | DEBUG | d.t.c.a.a.c.u.util.UserUtilService   : Save 9 users to database. Done
    23:44:14.343 | 426 ool-1-worker-190 | INFO  | i.z.t.d.l.EmbeddedDatabaseReporter   : JDBC URL to connect to 'dataSource': url='jdbc:h2:tcp://localhost:41063/mem:f240edcd-27ce-47a3-b4ab-a6a00c154135;USER=sa', scope='ModelingAssessmentIntegrationTest#testOverrideAssessment_submitOtherTutorForbidden'
    23:44:14.389 | 426 ool-1-worker-190 | DEBUG | .c.s.m.InstanceMessageReceiveService : Received schedule participant score for exercise 928 and participant 104 (result to be deleted: null)
    23:44:14.389 | 426 ool-1-worker-190 | DEBUG | .a.s.ParticipantScoreScheduleService : Scheduled task for exercise 928 and participant 104 at 2025-02-14T23:44:14.489495561Z[Etc/UTC].
    23:44:14.407 | 426 ool-1-worker-190 | DEBUG | .c.s.m.InstanceMessageReceiveService : Received schedule participant score for exercise 928 and participant 104 (result to be deleted: null)
    23:44:14.407 | 426 ool-1-worker-190 | DEBUG | .a.s.ParticipantScoreScheduleService : Scheduled task for exercise 928 and participant 104 at 2025-02-14T23:44:14.507802710Z[Etc/UTC].
    23:44:14.412 | 426 ool-1-worker-190 | DEBUG | d.t.c.a.a.c.s.f.ApiVersionFilter     : Adding Version to Request PUT /api/modeling-submissions/637/result/353/assessment
    23:44:14.415 | 426 ool-1-worker-190 | DEBUG | d.t.c.a.a.a.web.AssessmentResource   : The user modelingassessmenttutor2 is not allowed to override the assessment for the submission 637
    23:44:14.419 | 426 ool-1-worker-190 | WARN  | o.z.p.spring.common.AdviceTraits     : Forbidden: The user is not allowed to override the assessment

  Starting logs for ModelingAssessmentIntegrationTest > testAutomaticAssessmentUponModelSubmission_similarElementsWithinModel()
    23:44:14.455 | 426 ool-1-worker-190 | DEBUG | d.t.c.a.a.c.u.util.UserUtilService   : Generate 6 students...
    23:44:14.480 | 426 ool-1-worker-190 | DEBUG | d.t.c.a.a.c.u.util.UserUtilService   : 6 students generated. Generate 2 tutors...
    23:44:14.491 | 426 ool-1-worker-190 | DEBUG | d.t.c.a.a.c.u.util.UserUtilService   : 2 tutors generated. Generate 0 editors...
    23:44:14.494 | 426 ool-1-worker-190 | DEBUG | d.t.c.a.a.c.u.util.UserUtilService   : 0 editors generated. Generate 1 instructors...
    23:44:14.499 | 426 ool-1-worker-190 | DEBUG | d.t.c.a.a.c.u.util.UserUtilService   : 1 instructors generated
    23:44:14.500 | 426 ool-1-worker-190 | DEBUG | d.t.c.a.a.c.u.util.UserUtilService   : Removing 9 users from all courses...
    23:44:14.502 | 426 ool-1-worker-190 | DEBUG | d.t.c.a.a.c.u.util.UserUtilService   : Removing 9 users from all courses. Done
    23:44:14.502 | 426 ool-1-worker-190 | DEBUG | d.t.c.a.a.c.u.util.UserUtilService   : Save 9 users to database...
    23:44:14.518 | 426 ool-1-worker-190 | DEBUG | d.t.c.a.a.c.u.util.UserUtilService   : Save 9 users to database. Done
    23:44:14.543 | 426 ool-1-worker-190 | INFO  | i.z.t.d.l.EmbeddedDatabaseReporter   : JDBC URL to connect to 'dataSource': url='jdbc:h2:tcp://localhost:41063/mem:f240edcd-27ce-47a3-b4ab-a6a00c154135;USER=sa', scope='ModelingAssessmentIntegrationTest#testAutomaticAssessmentUponModelSubmission_similarElementsWithinModel'
    23:44:14.549 | 570 vc.HealthMonitor | INFO  | c.h.i.diagnostics.HealthMonitor      : [127.0.0.1]:5703 [dev] [5.5.0] processors=4, physical.memory.total=15.6G, physical.memory.free=2.5G, swap.space.total=0, swap.space.free=0, heap.memory.used=2.2G, heap.memory.free=954.8M, heap.memory.total=3.1G, heap.memory.max=6.0G, heap.memory.used/total=69.97%, heap.memory.used/max=36.21%, minor.gc.count=145, minor.gc.time=7256ms, major.gc.count=0, major.gc.time=0ms, unknown.gc.count=63, unknown.gc.time=1064ms, load.process=0.00%, load.system=100.00%, load.systemAverage=6.73, thread.count=485, thread.peakCount=500, cluster.timeDiff=0, event.q.size=0, executor.q.async.size=0, executor.q.client.size=0, executor.q.client.query.size=0, executor.q.client.blocking.size=0, executor.q.query.size=0, executor.q.scheduled.size=0, executor.q.io.size=0, executor.q.system.size=0, executor.q.operations.size=0, executor.q.priorityOperation.size=0, operations.completed.count=1632, executor.q.mapLoad.size=0, executor.q.mapLoadAllKeys.size=0, executor.q.cluster.size=0, executor.q.response.size=0, operations.running.count=0, operations.pending.invocations.percentage=0.00%, operations.pending.invocations.count=0, proxy.count=215, clientEndpoint.count=0, connection.active.count=0, client.connection.count=0, connection.count=0
    23:44:14.557 | 426 ool-1-worker-190 | DEBUG | .c.s.m.InstanceMessageReceiveService : Received schedule participant score for exercise 939 and participant 104 (result to be deleted: null)
    23:44:14.557 | 426 ool-1-worker-190 | DEBUG | .a.s.ParticipantScoreScheduleService : Scheduled task for exercise 939 and participant 104 at 2025-02-14T23:44:14.657532606Z[Etc/UTC].
    23:44:14.569 | 426 ool-1-worker-190 | DEBUG | .c.s.m.InstanceMessageReceiveService : Received schedule participant score for exercise 939 and participant 104 (result to be deleted: null)
    23:44:14.569 | 426 ool-1-worker-190 | DEBUG | .a.s.ParticipantScoreScheduleService : Scheduled task for exercise 939 and participant 104 at 2025-02-14T23:44:14.669467332Z[Etc/UTC].
    23:44:14.588 | 426 ool-1-worker-190 | DEBUG | .c.s.m.InstanceMessageReceiveService : Received schedule participant score for exercise 939 and participant 104 (result to be deleted: null)
    23:44:14.588 | 426 ool-1-worker-190 | DEBUG | .a.s.ParticipantScoreScheduleService : Scheduled task for exercise 939 and participant 104 at 2025-02-14T23:44:14.688395519Z[Etc/UTC].
    23:44:14.596 | 426 ool-1-worker-190 | DEBUG | .c.s.m.InstanceMessageReceiveService : Received schedule participant score for exercise 939 and participant 104 (result to be deleted: null)
    23:44:14.596 | 426 ool-1-worker-190 | DEBUG | .a.s.ParticipantScoreScheduleService : Scheduled task for exercise 939 and participant 104 at 2025-02-14T23:44:14.696250728Z[Etc/UTC].
    23:44:14.624 | 426 ool-1-worker-190 | DEBUG | .c.s.m.InstanceMessageReceiveService : Received schedule participant score for exercise 939 and participant 104 (result to be deleted: null)
    23:44:14.624 | 426 ool-1-worker-190 | DEBUG | .a.s.ParticipantScoreScheduleService : Scheduled task for exercise 939 and participant 104 at 2025-02-14T23:44:14.724255441Z[Etc/UTC].
    23:44:14.631 | 426 ool-1-worker-190 | DEBUG | d.t.c.a.a.c.s.f.ApiVersionFilter     : Adding Version to Request POST /api/exercises/939/modeling-submissions
    23:44:14.632 | 426 ool-1-worker-190 | DEBUG | c.a.a.m.w.ModelingSubmissionResource : REST request to create modeling submission: {    "version": "2.0.0",    "size": {        "width": 830,        "height": 280    },    "type": "ClassDiagram",    "interactive": {        "elements": [],        "relationships": []    },    "elements": [        {            "id": "8bf82205-e4c2-46ce-8f0d-c41c35cf3aaa",            "name": "Car",            "owner": null,            "type": "AbstractClass",            "bounds": {                "x": 320,                "y": 0,                "width": 200,                "height": 100            },            "attributes": [                "b6a57e2c-dd95-4aae-b061-ff1dff923bbb"            ],            "methods": [                "1b93b52a-d31a-4218-900c-0a306f498ccc"            ]        },        {            "id": "b6a57e2c-dd95-4aae-b061-ff1dff923bbb",            "name": "+ speed: int",            "owner": "8bf82205-e4c2-46ce-8f0d-c41c35cf3aaa",            "type": "ClassAttribute",            "bounds": {                "x": 320,                "y": 40,                "width": 200,                "height": 30            }        },        {            "id": "1b93b52a-d31a-4218-900c-0a306f498ccc",            "name": "+ drive()",            "owner": "8bf82205-e4c2-46ce-8f0d-c41c35cf3aaa",            "type": "ClassMethod",            "bounds": {                "x": 320,                "y": 70,                "width": 200,                "height": 30            }        },        {            "id": "56ba66ca-6004-4f3a-bb33-ce74e3192ddd",            "name": "SlowCar",            "owner": null,            "type": "Class",            "bounds": {                "x": 0,                "y": 210,                "width": 200,                "height": 40            },            "attributes": [],            "methods": []        },        {            "id": "7552e321-071b-42dc-a1dc-45c90f91deee",            "name": "FastCar",            "owner": null,            "type": "Class",            "bounds": {                "x": 320,                "y": 210,                "width": 200,                "height": 70            },            "attributes": [],            "methods": [                "4e668fe4-41ec-48db-97ed-b6a6aab5bfff"            ]        },        {            "id": "4e668fe4-41ec-48db-97ed-b6a6aab5bfff",            "name": "+ accelerate()",            "owner": "7552e321-071b-42dc-a1dc-45c90f91deee",            "type": "ClassMethod",            "bounds": {                "x": 320,                "y": 250,                "width": 200,                "height": 30            }        },        {            "id": "2b5c2671-a261-47ab-95ba-eeee2c01f000",            "name": "AutonomousCar",            "owner": null,            "type": "Class",            "bounds": {                "x": 630,                "y": 210,                "width": 200,                "height": 70            },            "attributes": [                "329d802f-4227-4743-b8cc-10914399b111"            ],            "methods": []        },        {            "id": "329d802f-4227-4743-b8cc-10914399b111",            "name": "- shield: Rectangle",            "owner": "2b5c2671-a261-47ab-95ba-eeee2c01f000",            "type": "ClassAttribute",            "bounds": {                "x": 630,                "y": 250,                "width": 200,                "height": 30            }        }    ],    "relationships": [        {            "id": "d74ef9be-e35b-4dc0-a560-79a2b812a222",            "name": "",            "type": "ClassInheritance",            "source": {                "element": "7552e321-071b-42dc-a1dc-45c90f91deee",                "direction": "Up",                "multiplicity": "",                "role": ""            },            "target": {                "element": "8bf82205-e4c2-46ce-8f0d-c41c35cf3aaa",                "direction": "Down",                "multiplicity": "",                "role": ""            },            "path": [                {                    "x": 0,                    "y": 110                },                {                    "x": 0,                    "y": 0                }            ],            "bounds": {                "x": 420,                "y": 100,                "width": 1,                "height": 110            }        },        {            "id": "1db861e9-c4eb-46a2-9558-bccb4ccad333",            "name": "",            "type": "ClassInheritance",            "source": {                "element": "2b5c2671-a261-47ab-95ba-eeee2c01f000",                "direction": "Up",                "multiplicity": "",                "role": ""            },            "target": {                "element": "8bf82205-e4c2-46ce-8f0d-c41c35cf3aaa",                "direction": "Down",                "multiplicity": "",                "role": ""            },            "path": [                {                    "x": 310,                    "y": 110                },                {                    "x": 310,                    "y": 55                },                {                    "x": 0,                    "y": 55                },                {                    "x": 0,                    "y": 0                }            ],            "bounds": {                "x": 420,                "y": 100,                "width": 310,                "height": 110            }        },        {            "id": "3bcd82e3-98c0-4c6f-8b70-ad06f15d8444",            "name": "",            "type": "ClassInheritance",            "source": {                "element": "56ba66ca-6004-4f3a-bb33-ce74e3192ddd",                "direction": "Up",                "multiplicity": "",                "role": ""            },            "target": {                "element": "8bf82205-e4c2-46ce-8f0d-c41c35cf3aaa",                "direction": "Down",                "multiplicity": "",                "role": ""            },            "path": [                {                    "x": 0,                    "y": 110                },                {                    "x": 0,                    "y": 55                },                {                    "x": 320,                    "y": 55                },                {                    "x": 320,                    "y": 0                }            ],            "bounds": {                "x": 100,                "y": 100,                "width": 320,                "height": 110            }        }    ],    "assessments": []}
    23:44:14.636 | 426 ool-1-worker-190 | INFO  | c.a.a.m.w.ModelingSubmissionResource : save took 4ms for exercise 939 and user modelingassessmentstudent2

  Starting logs for ModelingAssessmentIntegrationTest > testOverrideAutomaticAssessment()
    23:44:14.667 | 426 ool-1-worker-190 | DEBUG | d.t.c.a.a.c.u.util.UserUtilService   : Generate 6 students...
    23:44:14.691 | 426 ool-1-worker-190 | DEBUG | d.t.c.a.a.c.u.util.UserUtilService   : 6 students generated. Generate 2 tutors...
    23:44:14.698 | 426 ool-1-worker-190 | DEBUG | d.t.c.a.a.c.u.util.UserUtilService   : 2 tutors generated. Generate 0 editors...
    23:44:14.703 | 426 ool-1-worker-190 | DEBUG | d.t.c.a.a.c.u.util.UserUtilService   : 0 editors generated. Generate 1 instructors...
    23:44:14.707 | 426 ool-1-worker-190 | DEBUG | d.t.c.a.a.c.u.util.UserUtilService   : 1 instructors generated
    23:44:14.708 | 426 ool-1-worker-190 | DEBUG | d.t.c.a.a.c.u.util.UserUtilService   : Removing 9 users from all courses...
    23:44:14.710 | 426 ool-1-worker-190 | DEBUG | d.t.c.a.a.c.u.util.UserUtilService   : Removing 9 users from all courses. Done
    23:44:14.710 | 426 ool-1-worker-190 | DEBUG | d.t.c.a.a.c.u.util.UserUtilService   : Save 9 users to database...
    23:44:14.716 | 426 ool-1-worker-190 | DEBUG | d.t.c.a.a.c.u.util.UserUtilService   : Save 9 users to database. Done
    23:44:14.730 | 426 ool-1-worker-190 | INFO  | i.z.t.d.l.EmbeddedDatabaseReporter   : JDBC URL to connect to 'dataSource': url='jdbc:h2:tcp://localhost:41063/mem:f240edcd-27ce-47a3-b4ab-a6a00c154135;USER=sa', scope='ModelingAssessmentIntegrationTest#testOverrideAutomaticAssessment'
    23:44:14.747 | 426 ool-1-worker-190 | DEBUG | .c.s.m.InstanceMessageReceiveService : Received schedule participant score for exercise 950 and participant 104 (result to be deleted: null)
    23:44:14.747 | 426 ool-1-worker-190 | DEBUG | .a.s.ParticipantScoreScheduleService : Scheduled task for exercise 950 and participant 104 at 2025-02-14T23:44:14.847353656Z[Etc/UTC].
    23:44:14.753 | 426 ool-1-worker-190 | DEBUG | .c.s.m.InstanceMessageReceiveService : Received schedule participant score for exercise 950 and participant 104 (result to be deleted: null)
    23:44:14.753 | 426 ool-1-worker-190 | DEBUG | .a.s.ParticipantScoreScheduleService : Scheduled task for exercise 950 and participant 104 at 2025-02-14T23:44:14.853630491Z[Etc/UTC].
    23:44:14.760 | 426 ool-1-worker-190 | DEBUG | .c.s.m.InstanceMessageReceiveService : Received schedule participant score for exercise 950 and participant 104 (result to be deleted: null)
    23:44:14.760 | 426 ool-1-worker-190 | DEBUG | .a.s.ParticipantScoreScheduleService : Scheduled task for exercise 950 and participant 104 at 2025-02-14T23:44:14.860502466Z[Etc/UTC].
    23:44:14.763 | 426 ool-1-worker-190 | DEBUG | .c.s.m.InstanceMessageReceiveService : Received schedule participant score for exercise 950 and participant 104 (result to be deleted: null)
    23:44:14.763 | 426 ool-1-worker-190 | DEBUG | .a.s.ParticipantScoreScheduleService : Scheduled task for exercise 950 and participant 104 at 2025-02-14T23:44:14.863459601Z[Etc/UTC].
    23:44:14.773 | 426 ool-1-worker-190 | DEBUG | .c.s.m.InstanceMessageReceiveService : Received schedule participant score for exercise 950 and participant 104 (result to be deleted: null)
    23:44:14.773 | 426 ool-1-worker-190 | DEBUG | .a.s.ParticipantScoreScheduleService : Scheduled task for exercise 950 and participant 104 at 2025-02-14T23:44:14.873699055Z[Etc/UTC].
    23:44:14.782 | 426 ool-1-worker-190 | DEBUG | d.t.c.a.a.c.s.f.ApiVersionFilter     : Adding Version to Request POST /api/exercises/950/modeling-submissions
    23:44:14.783 | 426 ool-1-worker-190 | DEBUG | c.a.a.m.w.ModelingSubmissionResource : REST request to create modeling submission: {  "version": "2.0",  "size": {    "width": 220,    "height": 960  },  "type": "ClassDiagram",  "interactive": {    "elements": [],    "relationships": []  },  "elements": [    {      "id": "6aba5764-d102-4740-9675-b2bd0a4f2680",      "name": "First",      "owner": null,      "type": "Class",      "bounds": {        "x": 660,        "y": 510,        "width": 200,        "height": 70      },      "attributes": [],      "methods": [        "c39d6521-e7a1-43bf-8ca2-9c9a1b716569"      ]    },    {      "id": "f96984a2-2ce0-46f6-9211-ec389b19512a",      "name": "Second",      "owner": null,      "type": "Class",      "bounds": {        "x": 1000,        "y": 510,        "width": 200,        "height": 70      },      "attributes": [],      "methods": [        "ec697b17-d33d-4c85-b181-7c3f0901e9a7"      ]    },    {      "id": "1d10b2d1-2e6e-4579-9298-ba68618c6927",      "name": "AbstractStrategy",      "owner": null,      "type": "AbstractClass",      "bounds": {        "x": 830,        "y": 340,        "width": 200,        "height": 70      },      "attributes": [],      "methods": [        "84fdf0a9-4f52-4114-a8f3-eae08ccd4a6a"      ]    },    {      "id": "2bc2367e-e300-4512-9f6c-08f8e51d38ad",      "name": "Client",      "owner": null,      "type": "Class",      "bounds": {        "x": 450,        "y": 310,        "width": 200,        "height": 40      },      "attributes": [],      "methods": []    },    {      "id": "c39d6521-e7a1-43bf-8ca2-9c9a1b716569",      "name": "+ connect()",      "owner": "6aba5764-d102-4740-9675-b2bd0a4f2680",      "type": "ClassMethod",      "bounds": {        "x": 0,        "y": 30,        "width": 200,        "height": 30      }    },    {      "id": "ec697b17-d33d-4c85-b181-7c3f0901e9a7",      "name": "+ connect()",      "owner": "f96984a2-2ce0-46f6-9211-ec389b19512a",      "type": "ClassMethod",      "bounds": {        "x": 0,        "y": 30,        "width": 200,        "height": 30      }    },    {      "id": "84fdf0a9-4f52-4114-a8f3-eae08ccd4a6a",      "name": "+ connect()",      "owner": "1d10b2d1-2e6e-4579-9298-ba68618c6927",      "type": "ClassMethod",      "bounds": {        "x": 0,        "y": 30,        "width": 200,        "height": 30      }    }  ],  "relationships": [    {      "id": "eb2392c6-c87d-40b0-8867-26c27575a6ae",      "name": "Relationship",      "type": "ClassInheritance",      "source": {        "element": "f96984a2-2ce0-46f6-9211-ec389b19512a",        "direction": "Up",        "multiplicity": "",        "role": ""      },      "target": {        "element": "1d10b2d1-2e6e-4579-9298-ba68618c6927",        "direction": "Down",        "multiplicity": "",        "role": ""      },      "path": [        {          "x": 0,          "y": 170        },        {          "x": 0,          "y": 0        }      ],      "bounds": {        "x": 90,        "y": -330,        "width": 0,        "height": 170      }    },    {      "id": "593f9a18-9563-4e8f-86bc-d6f77734f692",      "name": "Relationship",      "type": "ClassInheritance",      "source": {        "element": "6aba5764-d102-4740-9675-b2bd0a4f2680",        "direction": "Up",        "multiplicity": "",        "role": ""      },      "target": {        "element": "1d10b2d1-2e6e-4579-9298-ba68618c6927",        "direction": "Down",        "multiplicity": "",        "role": ""      },      "path": [        {          "x": 0,          "y": 170        },        {          "x": 0,          "y": 0        }      ],      "bounds": {        "x": 90,        "y": -330,        "width": 0,        "height": 170      }    },    {      "id": "858f8bcc-876e-4e64-ac6f-f8894f54a5ee",      "name": "Relationship",      "type": "ClassUnidirectional",      "source": {        "element": "2bc2367e-e300-4512-9f6c-08f8e51d38ad",        "direction": "Right",        "multiplicity": "",        "role": ""      },      "target": {        "element": "1d10b2d1-2e6e-4579-9298-ba68618c6927",        "direction": "Left",        "multiplicity": "",        "role": ""      },      "path": [        {          "x": 0,          "y": 170        },        {          "x": 0,          "y": 0        }      ],      "bounds": {        "x": 90,        "y": -330,        "width": 0,        "height": 170      }    }  ],  "assessments": []}
    23:44:14.786 | 426 ool-1-worker-190 | INFO  | c.a.a.m.w.ModelingSubmissionResource : save took 3ms for exercise 950 and user modelingassessmenttutor1
    23:44:14.797 | 426 ool-1-worker-190 | INFO  | d.t.c.a.a.m.s.compass.CompassService : ModelCluster: start building clusters of 2 submissions for modeling exercise 950
    23:44:14.798 | 426 ool-1-worker-190 | INFO  | d.t.c.a.a.m.s.compass.CompassService : ModelClusterTimeLog: building clusters of 2 submissions for modeling exercise 950 done in 9.72ms
    23:44:14.806 | 426 ool-1-worker-190 | INFO  | d.t.c.a.a.m.s.compass.CompassService : ModelClusterTimeLog: building and saving clusters of 2 submissions for exercise 950 done in 17.49ms
    23:44:14.807 | 426 ool-1-worker-190 | DEBUG | d.t.c.a.a.c.s.f.ApiVersionFilter     : Adding Version to Request GET /api/exercises/950/modeling-submission-without-assessment
    23:44:14.808 | 426 ool-1-worker-190 | DEBUG | c.a.a.m.w.ModelingSubmissionResource : REST request to get a modeling submission without assessment
    23:44:14.843 | 426 ool-1-worker-190 | DEBUG | .c.s.m.InstanceMessageReceiveService : Received schedule participant score for exercise 950 and participant 110 (result to be deleted: null)
    23:44:14.843 | 426 ool-1-worker-190 | DEBUG | .a.s.ParticipantScoreScheduleService : Scheduled task for exercise 950 and participant 110 at 2025-02-14T23:44:14.943286712Z[Etc/UTC].
    23:44:14.860 | 601 taskScheduler-2  | DEBUG | a.a.b.s.SharedQueueProcessingService : Currently processing jobs on this node: 0, active threads in Pool: 0, maximum pool size of thread executor : 1
    23:44:14.866 | 426 ool-1-worker-190 | DEBUG | .c.s.m.InstanceMessageReceiveService : Received schedule participant score for exercise 950 and participant 110 (result to be deleted: null)
    23:44:14.867 | 426 ool-1-worker-190 | DEBUG | .a.s.ParticipantScoreScheduleService : Scheduled task for exercise 950 and participant 110 at 2025-02-14T23:44:14.967046780Z[Etc/UTC].
    23:44:14.873 | 600 taskScheduler-1  | DEBUG | .a.s.ParticipantScoreScheduleService : Processing exercise 950 and participant 104 to update participant scores.
    23:44:14.884 | 600 taskScheduler-1  | DEBUG | .a.s.ParticipantScoreScheduleService : Updated participant score 79.
    23:44:14.888 | 600 taskScheduler-1  | DEBUG | .a.s.ParticipantScoreScheduleService : Updating the participant score for exercise 950 and participant 104 took 15 ms.
    23:44:14.891 | 426 ool-1-worker-190 | DEBUG | .c.s.m.InstanceMessageReceiveService : Received schedule participant score for exercise 950 and participant 110 (result to be deleted: null)
    23:44:14.891 | 426 ool-1-worker-190 | DEBUG | .a.s.ParticipantScoreScheduleService : Scheduled task for exercise 950 and participant 110 at 2025-02-14T23:44:14.991612500Z[Etc/UTC].
    23:44:14.897 | 426 ool-1-worker-190 | DEBUG | d.t.c.a.a.c.s.f.ApiVersionFilter     : Adding Version to Request PUT /api/modeling-submissions/640/result/355/assessment
    23:44:14.914 | 426 ool-1-worker-190 | DEBUG | .c.s.m.InstanceMessageReceiveService : Received schedule participant score for exercise 950 and participant 104 (result to be deleted: null)
    23:44:14.914 | 426 ool-1-worker-190 | DEBUG | .a.s.ParticipantScoreScheduleService : Scheduled task for exercise 950 and participant 104 at 2025-02-14T23:44:15.014620005Z[Etc/UTC].

  Starting logs for ModelingAssessmentIntegrationTest > testAutomaticAssessmentUponModelSubmission_partialModelExists()
    23:44:14.939 | 426 ool-1-worker-190 | DEBUG | d.t.c.a.a.c.u.util.UserUtilService   : Generate 6 students...
    23:44:14.954 | 426 ool-1-worker-190 | DEBUG | d.t.c.a.a.c.u.util.UserUtilService   : 6 students generated. Generate 2 tutors...
    23:44:14.958 | 426 ool-1-worker-190 | DEBUG | d.t.c.a.a.c.u.util.UserUtilService   : 2 tutors generated. Generate 0 editors...
    23:44:14.959 | 426 ool-1-worker-190 | DEBUG | d.t.c.a.a.c.u.util.UserUtilService   : 0 editors generated. Generate 1 instructors...
    23:44:14.963 | 426 ool-1-worker-190 | DEBUG | d.t.c.a.a.c.u.util.UserUtilService   : 1 instructors generated
    23:44:14.964 | 426 ool-1-worker-190 | DEBUG | d.t.c.a.a.c.u.util.UserUtilService   : Removing 9 users from all courses...
    23:44:14.967 | 426 ool-1-worker-190 | DEBUG | d.t.c.a.a.c.u.util.UserUtilService   : Removing 9 users from all courses. Done
    23:44:14.967 | 426 ool-1-worker-190 | DEBUG | d.t.c.a.a.c.u.util.UserUtilService   : Save 9 users to database...
    23:44:14.973 | 426 ool-1-worker-190 | DEBUG | d.t.c.a.a.c.u.util.UserUtilService   : Save 9 users to database. Done
    23:44:14.987 | 426 ool-1-worker-190 | INFO  | i.z.t.d.l.EmbeddedDatabaseReporter   : JDBC URL to connect to 'dataSource': url='jdbc:h2:tcp://localhost:41063/mem:f240edcd-27ce-47a3-b4ab-a6a00c154135;USER=sa', scope='ModelingAssessmentIntegrationTest#testAutomaticAssessmentUponModelSubmission_partialModelExists'
    23:44:14.995 | 426 ool-1-worker-190 | DEBUG | .c.s.m.InstanceMessageReceiveService : Received schedule participant score for exercise 961 and participant 104 (result to be deleted: null)
    23:44:14.996 | 426 ool-1-worker-190 | DEBUG | .a.s.ParticipantScoreScheduleService : Scheduled task for exercise 961 and participant 104 at 2025-02-14T23:44:15.096046920Z[Etc/UTC].
    23:44:15.001 | 426 ool-1-worker-190 | DEBUG | .c.s.m.InstanceMessageReceiveService : Received schedule participant score for exercise 961 and participant 104 (result to be deleted: null)
    23:44:15.001 | 426 ool-1-worker-190 | DEBUG | .a.s.ParticipantScoreScheduleService : Scheduled task for exercise 961 and participant 104 at 2025-02-14T23:44:15.101505369Z[Etc/UTC].
    23:44:15.008 | 426 ool-1-worker-190 | DEBUG | .c.s.m.InstanceMessageReceiveService : Received schedule participant score for exercise 961 and participant 104 (result to be deleted: null)
    23:44:15.008 | 426 ool-1-worker-190 | DEBUG | .a.s.ParticipantScoreScheduleService : Scheduled task for exercise 961 and participant 104 at 2025-02-14T23:44:15.108882185Z[Etc/UTC].
    23:44:15.012 | 426 ool-1-worker-190 | DEBUG | .c.s.m.InstanceMessageReceiveService : Received schedule participant score for exercise 961 and participant 104 (result to be deleted: null)
    23:44:15.012 | 426 ool-1-worker-190 | DEBUG | .a.s.ParticipantScoreScheduleService : Scheduled task for exercise 961 and participant 104 at 2025-02-14T23:44:15.112231901Z[Etc/UTC].
    23:44:15.022 | 426 ool-1-worker-190 | DEBUG | .c.s.m.InstanceMessageReceiveService : Received schedule participant score for exercise 961 and participant 104 (result to be deleted: null)
    23:44:15.022 | 426 ool-1-worker-190 | DEBUG | .a.s.ParticipantScoreScheduleService : Scheduled task for exercise 961 and participant 104 at 2025-02-14T23:44:15.122643287Z[Etc/UTC].
    23:44:15.037 | 426 ool-1-worker-190 | DEBUG | d.t.c.a.a.c.s.f.ApiVersionFilter     : Adding Version to Request POST /api/exercises/961/modeling-submissions
    23:44:15.038 | 426 ool-1-worker-190 | DEBUG | c.a.a.m.w.ModelingSubmissionResource : REST request to create modeling submission: {  "version": "2.0",  "size": {    "width": 220,    "height": 960  },  "type": "ClassDiagram",  "interactive": {    "elements": [],    "relationships": []  },  "elements": [    {      "id": "6aba5764-d102-4740-9675-b2bd0a4f2680",      "name": "First",      "owner": null,      "type": "Class",      "bounds": {        "x": 660,        "y": 510,        "width": 200,        "height": 70      },      "attributes": [],      "methods": [        "c39d6521-e7a1-43bf-8ca2-9c9a1b716569"      ]    },    {      "id": "f96984a2-2ce0-46f6-9211-ec389b19512a",      "name": "Second",      "owner": null,      "type": "Class",      "bounds": {        "x": 1000,        "y": 510,        "width": 200,        "height": 70      },      "attributes": [],      "methods": [        "ec697b17-d33d-4c85-b181-7c3f0901e9a7"      ]    },    {      "id": "1d10b2d1-2e6e-4579-9298-ba68618c6927",      "name": "AbstractStrategy",      "owner": null,      "type": "AbstractClass",      "bounds": {        "x": 830,        "y": 340,        "width": 200,        "height": 70      },      "attributes": [],      "methods": [        "84fdf0a9-4f52-4114-a8f3-eae08ccd4a6a"      ]    },    {      "id": "2bc2367e-e300-4512-9f6c-08f8e51d38ad",      "name": "Client",      "owner": null,      "type": "Class",      "bounds": {        "x": 450,        "y": 310,        "width": 200,        "height": 40      },      "attributes": [],      "methods": []    },    {      "id": "c39d6521-e7a1-43bf-8ca2-9c9a1b716569",      "name": "+ connect()",      "owner": "6aba5764-d102-4740-9675-b2bd0a4f2680",      "type": "ClassMethod",      "bounds": {        "x": 0,        "y": 30,        "width": 200,        "height": 30      }    },    {      "id": "ec697b17-d33d-4c85-b181-7c3f0901e9a7",      "name": "+ connect()",      "owner": "f96984a2-2ce0-46f6-9211-ec389b19512a",      "type": "ClassMethod",      "bounds": {        "x": 0,        "y": 30,        "width": 200,        "height": 30      }    },    {      "id": "84fdf0a9-4f52-4114-a8f3-eae08ccd4a6a",      "name": "+ connect()",      "owner": "1d10b2d1-2e6e-4579-9298-ba68618c6927",      "type": "ClassMethod",      "bounds": {        "x": 0,        "y": 30,        "width": 200,        "height": 30      }    }  ],  "relationships": [    {      "id": "eb2392c6-c87d-40b0-8867-26c27575a6ae",      "name": "Relationship",      "type": "ClassInheritance",      "source": {        "element": "f96984a2-2ce0-46f6-9211-ec389b19512a",        "direction": "Up",        "multiplicity": "",        "role": ""      },      "target": {        "element": "1d10b2d1-2e6e-4579-9298-ba68618c6927",        "direction": "Down",        "multiplicity": "",        "role": ""      },      "path": [        {          "x": 0,          "y": 170        },        {          "x": 0,          "y": 0        }      ],      "bounds": {        "x": 90,        "y": -330,        "width": 0,        "height": 170      }    },    {      "id": "593f9a18-9563-4e8f-86bc-d6f77734f692",      "name": "Relationship",      "type": "ClassInheritance",      "source": {        "element": "6aba5764-d102-4740-9675-b2bd0a4f2680",        "direction": "Up",        "multiplicity": "",        "role": ""      },      "target": {        "element": "1d10b2d1-2e6e-4579-9298-ba68618c6927",        "direction": "Down",        "multiplicity": "",        "role": ""      },      "path": [        {          "x": 0,          "y": 170        },        {          "x": 0,          "y": 0        }      ],      "bounds": {        "x": 90,        "y": -330,        "width": 0,        "height": 170      }    },    {      "id": "858f8bcc-876e-4e64-ac6f-f8894f54a5ee",      "name": "Relationship",      "type": "ClassUnidirectional",      "source": {        "element": "2bc2367e-e300-4512-9f6c-08f8e51d38ad",        "direction": "Right",        "multiplicity": "",        "role": ""      },      "target": {        "element": "1d10b2d1-2e6e-4579-9298-ba68618c6927",        "direction": "Left",        "multiplicity": "",        "role": ""      },      "path": [        {          "x": 0,          "y": 170        },        {          "x": 0,          "y": 0        }      ],      "bounds": {        "x": 90,        "y": -330,        "width": 0,        "height": 170      }    }  ],  "assessments": []}
    23:44:15.045 | 426 ool-1-worker-190 | INFO  | c.a.a.m.w.ModelingSubmissionResource : save took 7ms for exercise 961 and user modelingassessmentstudent2

  Starting logs for ModelingAssessmentIntegrationTest > testManualAssessmentSubmit_classDiagram()
    23:44:15.081 | 426 ool-1-worker-190 | DEBUG | d.t.c.a.a.c.u.util.UserUtilService   : Generate 6 students...
    23:44:15.093 | 426 ool-1-worker-190 | DEBUG | d.t.c.a.a.c.u.util.UserUtilService   : 6 students generated. Generate 2 tutors...
    23:44:15.097 | 426 ool-1-worker-190 | DEBUG | d.t.c.a.a.c.u.util.UserUtilService   : 2 tutors generated. Generate 0 editors...
    23:44:15.098 | 426 ool-1-worker-190 | DEBUG | d.t.c.a.a.c.u.util.UserUtilService   : 0 editors generated. Generate 1 instructors...
    23:44:15.101 | 426 ool-1-worker-190 | DEBUG | d.t.c.a.a.c.u.util.UserUtilService   : 1 instructors generated
    23:44:15.102 | 426 ool-1-worker-190 | DEBUG | d.t.c.a.a.c.u.util.UserUtilService   : Removing 9 users from all courses...
    23:44:15.104 | 426 ool-1-worker-190 | DEBUG | d.t.c.a.a.c.u.util.UserUtilService   : Removing 9 users from all courses. Done
    23:44:15.104 | 426 ool-1-worker-190 | DEBUG | d.t.c.a.a.c.u.util.UserUtilService   : Save 9 users to database...
    23:44:15.110 | 426 ool-1-worker-190 | DEBUG | d.t.c.a.a.c.u.util.UserUtilService   : Save 9 users to database. Done
    23:44:15.124 | 426 ool-1-worker-190 | INFO  | i.z.t.d.l.EmbeddedDatabaseReporter   : JDBC URL to connect to 'dataSource': url='jdbc:h2:tcp://localhost:41063/mem:f240edcd-27ce-47a3-b4ab-a6a00c154135;USER=sa', scope='ModelingAssessmentIntegrationTest#testManualAssessmentSubmit_classDiagram'
    23:44:15.135 | 426 ool-1-worker-190 | DEBUG | d.t.c.a.a.c.s.f.ApiVersionFilter     : Adding Version to Request PUT /api/modeling-submissions/644/result/0/assessment
    23:44:15.139 | 426 ool-1-worker-190 | DEBUG | .c.s.m.InstanceMessageReceiveService : Received schedule participant score for exercise 972 and participant 104 (result to be deleted: null)
    23:44:15.139 | 426 ool-1-worker-190 | DEBUG | .a.s.ParticipantScoreScheduleService : Scheduled task for exercise 972 and participant 104 at 2025-02-14T23:44:15.239969346Z[Etc/UTC].
    23:44:15.145 | 426 ool-1-worker-190 | DEBUG | .c.s.m.InstanceMessageReceiveService : Received schedule participant score for exercise 972 and participant 104 (result to be deleted: null)
    23:44:15.145 | 426 ool-1-worker-190 | DEBUG | .a.s.ParticipantScoreScheduleService : Scheduled task for exercise 972 and participant 104 at 2025-02-14T23:44:15.245384034Z[Etc/UTC].
    23:44:15.152 | 426 ool-1-worker-190 | DEBUG | .c.s.m.InstanceMessageReceiveService : Received schedule participant score for exercise 972 and participant 104 (result to be deleted: null)
    23:44:15.153 | 426 ool-1-worker-190 | DEBUG | .a.s.ParticipantScoreScheduleService : Scheduled task for exercise 972 and participant 104 at 2025-02-14T23:44:15.252992392Z[Etc/UTC].
    23:44:15.156 | 426 ool-1-worker-190 | DEBUG | .c.s.m.InstanceMessageReceiveService : Received schedule participant score for exercise 972 and participant 104 (result to be deleted: null)
    23:44:15.157 | 426 ool-1-worker-190 | DEBUG | .a.s.ParticipantScoreScheduleService : Scheduled task for exercise 972 and participant 104 at 2025-02-14T23:44:15.256995597Z[Etc/UTC].
    23:44:15.161 | 426 ool-1-worker-190 | DEBUG | d.t.c.a.a.c.s.f.ApiVersionFilter     : Adding Version to Request GET /api/courses/444/for-assessment-dashboard
    23:44:15.165 | 426 ool-1-worker-190 | DEBUG | d.t.c.a.a.core.web.CourseResource    : REST request /courses/{courseId}/for-assessment-dashboard
    23:44:15.169 | 426 ool-1-worker-190 | DEBUG | c.a.a.a.s.AssessmentDashboardService : generateStatisticsForExercisesForAssessmentDashboard invoked
    23:44:15.173 | 426 ool-1-worker-190 | DEBUG | c.a.a.a.s.AssessmentDashboardService : Finished >> complaintService.calculateNrOfOpenComplaints all << in 3.48ms
    23:44:15.183 | 426 ool-1-worker-190 | DEBUG | c.a.a.a.s.AssessmentDashboardService : Finished >> assessmentDashboardService.calculateNumberOfSubmissions all << in 10.73ms
    23:44:15.185 | 426 ool-1-worker-190 | DEBUG | c.a.a.a.s.AssessmentDashboardService : Finished >> resultRepository.countNumberOfFinishedAssessmentsForExercise << call for exercise 976 in 1.87ms
    23:44:15.186 | 426 ool-1-worker-190 | DEBUG | c.a.a.a.s.AssessmentDashboardService : Finished >> exampleSubmissionRepository.findAllWithResultByExerciseId << call for course 976 in 1.17ms
    23:44:15.188 | 426 ool-1-worker-190 | DEBUG | c.a.a.a.s.AssessmentDashboardService : Finished >> assessmentDashboardLoopIteration << call for exercise 976 in 18.88ms
    23:44:15.189 | 426 ool-1-worker-190 | DEBUG | c.a.a.a.s.AssessmentDashboardService : Finished >> resultRepository.countNumberOfFinishedAssessmentsForExercise << call for exercise 977 in 2.46ms
    23:44:15.190 | 426 ool-1-worker-190 | DEBUG | c.a.a.a.s.AssessmentDashboardService : Finished >> exampleSubmissionRepository.findAllWithResultByExerciseId << call for course 977 in 849µs
    23:44:15.190 | 426 ool-1-worker-190 | DEBUG | c.a.a.a.s.AssessmentDashboardService : Finished >> assessmentDashboardLoopIteration << call for exercise 977 in 21.08ms
    23:44:15.191 | 426 ool-1-worker-190 | DEBUG | c.a.a.a.s.AssessmentDashboardService : Finished >> resultRepository.countNumberOfFinishedAssessmentsForExercise << call for exercise 978 in 1.25ms
    23:44:15.192 | 426 ool-1-worker-190 | DEBUG | c.a.a.a.s.AssessmentDashboardService : Finished >> exampleSubmissionRepository.findAllWithResultByExerciseId << call for course 978 in 714µs
    23:44:15.192 | 426 ool-1-worker-190 | DEBUG | c.a.a.a.s.AssessmentDashboardService : Finished >> assessmentDashboardLoopIteration << call for exercise 978 in 23.04ms
    23:44:15.193 | 426 ool-1-worker-190 | DEBUG | c.a.a.a.s.AssessmentDashboardService : Finished >> resultRepository.countNumberOfFinishedAssessmentsForExercise << call for exercise 979 in 1.22ms
    23:44:15.194 | 426 ool-1-worker-190 | DEBUG | c.a.a.a.s.AssessmentDashboardService : Finished >> exampleSubmissionRepository.findAllWithResultByExerciseId << call for course 979 in 770µs
    23:44:15.194 | 426 ool-1-worker-190 | DEBUG | c.a.a.a.s.AssessmentDashboardService : Finished >> assessmentDashboardLoopIteration << call for exercise 979 in 25.08ms
    23:44:15.195 | 426 ool-1-worker-190 | DEBUG | c.a.a.a.s.AssessmentDashboardService : Finished >> resultRepository.countNumberOfFinishedAssessmentsForExercise << call for exercise 980 in 1.25ms
    23:44:15.196 | 426 ool-1-worker-190 | DEBUG | c.a.a.a.s.AssessmentDashboardService : Finished >> exampleSubmissionRepository.findAllWithResultByExerciseId << call for course 980 in 820µs
    23:44:15.196 | 426 ool-1-worker-190 | DEBUG | c.a.a.a.s.AssessmentDashboardService : Finished >> assessmentDashboardLoopIteration << call for exercise 980 in 27.20ms
    23:44:15.197 | 426 ool-1-worker-190 | DEBUG | c.a.a.a.s.AssessmentDashboardService : Finished >> resultRepository.countNumberOfFinishedAssessmentsForExercise << call for exercise 981 in 1.29ms
    23:44:15.198 | 426 ool-1-worker-190 | DEBUG | c.a.a.a.s.AssessmentDashboardService : Finished >> exampleSubmissionRepository.findAllWithResultByExerciseId << call for course 981 in 712µs
    23:44:15.198 | 426 ool-1-worker-190 | DEBUG | c.a.a.a.s.AssessmentDashboardService : Finished >> assessmentDashboardLoopIteration << call for exercise 981 in 29.20ms
    23:44:15.199 | 426 ool-1-worker-190 | DEBUG | c.a.a.a.s.AssessmentDashboardService : Finished >> resultRepository.countNumberOfFinishedAssessmentsForExercise << call for exercise 982 in 1.24ms
    23:44:15.200 | 426 ool-1-worker-190 | DEBUG | c.a.a.a.s.AssessmentDashboardService : Finished >> exampleSubmissionRepository.findAllWithResultByExerciseId << call for course 982 in 790µs
    23:44:15.200 | 426 ool-1-worker-190 | DEBUG | c.a.a.a.s.AssessmentDashboardService : Finished >> assessmentDashboardLoopIteration << call for exercise 982 in 31.27ms
    23:44:15.201 | 426 ool-1-worker-190 | DEBUG | c.a.a.a.s.AssessmentDashboardService : Finished >> resultRepository.countNumberOfFinishedAssessmentsForExercise << call for exercise 972 in 1.19ms
    23:44:15.202 | 426 ool-1-worker-190 | DEBUG | c.a.a.a.s.AssessmentDashboardService : Finished >> exampleSubmissionRepository.findAllWithResultByExerciseId << call for course 972 in 685µs
    23:44:15.202 | 426 ool-1-worker-190 | DEBUG | c.a.a.a.s.AssessmentDashboardService : Finished >> assessmentDashboardLoopIteration << call for exercise 972 in 33.22ms
    23:44:15.203 | 426 ool-1-worker-190 | DEBUG | c.a.a.a.s.AssessmentDashboardService : Finished >> resultRepository.countNumberOfFinishedAssessmentsForExercise << call for exercise 973 in 1.21ms
    23:44:15.204 | 426 ool-1-worker-190 | DEBUG | c.a.a.a.s.AssessmentDashboardService : Finished >> exampleSubmissionRepository.findAllWithResultByExerciseId << call for course 973 in 815µs
    23:44:15.204 | 426 ool-1-worker-190 | DEBUG | c.a.a.a.s.AssessmentDashboardService : Finished >> assessmentDashboardLoopIteration << call for exercise 973 in 35.21ms
    23:44:15.205 | 426 ool-1-worker-190 | DEBUG | c.a.a.a.s.AssessmentDashboardService : Finished >> resultRepository.countNumberOfFinishedAssessmentsForExercise << call for exercise 974 in 1.20ms
    23:44:15.206 | 426 ool-1-worker-190 | DEBUG | c.a.a.a.s.AssessmentDashboardService : Finished >> exampleSubmissionRepository.findAllWithResultByExerciseId << call for course 974 in 762µs
    23:44:15.206 | 426 ool-1-worker-190 | DEBUG | c.a.a.a.s.AssessmentDashboardService : Finished >> assessmentDashboardLoopIteration << call for exercise 974 in 37.21ms
    23:44:15.207 | 426 ool-1-worker-190 | DEBUG | c.a.a.a.s.AssessmentDashboardService : Finished >> resultRepository.countNumberOfFinishedAssessmentsForExercise << call for exercise 975 in 1.28ms
    23:44:15.208 | 426 ool-1-worker-190 | DEBUG | c.a.a.a.s.AssessmentDashboardService : Finished >> exampleSubmissionRepository.findAllWithResultByExerciseId << call for course 975 in 766µs
    23:44:15.208 | 426 ool-1-worker-190 | DEBUG | c.a.a.a.s.AssessmentDashboardService : Finished >> assessmentDashboardLoopIteration << call for exercise 975 in 39.29ms
    23:44:15.208 | 426 ool-1-worker-190 | DEBUG | c.a.a.a.s.AssessmentDashboardService : Finished >> generateStatisticsForExercisesForAssessmentDashboard << call in 39.30ms

  Starting logs for ModelingAssessmentIntegrationTest > testAutomaticAssessmentFlowchartDiagramUponAssessmentSubmission()
    23:44:15.263 | 426 ool-1-worker-190 | DEBUG | d.t.c.a.a.c.u.util.UserUtilService   : Generate 6 students...
    23:44:15.281 | 426 ool-1-worker-190 | DEBUG | d.t.c.a.a.c.u.util.UserUtilService   : 6 students generated. Generate 2 tutors...
    23:44:15.285 | 426 ool-1-worker-190 | DEBUG | d.t.c.a.a.c.u.util.UserUtilService   : 2 tutors generated. Generate 0 editors...
    23:44:15.286 | 426 ool-1-worker-190 | DEBUG | d.t.c.a.a.c.u.util.UserUtilService   : 0 editors generated. Generate 1 instructors...
    23:44:15.289 | 426 ool-1-worker-190 | DEBUG | d.t.c.a.a.c.u.util.UserUtilService   : 1 instructors generated
    23:44:15.290 | 426 ool-1-worker-190 | DEBUG | d.t.c.a.a.c.u.util.UserUtilService   : Removing 9 users from all courses...
    23:44:15.292 | 426 ool-1-worker-190 | DEBUG | d.t.c.a.a.c.u.util.UserUtilService   : Removing 9 users from all courses. Done
    23:44:15.292 | 426 ool-1-worker-190 | DEBUG | d.t.c.a.a.c.u.util.UserUtilService   : Save 9 users to database...
    23:44:15.298 | 426 ool-1-worker-190 | DEBUG | d.t.c.a.a.c.u.util.UserUtilService   : Save 9 users to database. Done
    23:44:15.312 | 426 ool-1-worker-190 | INFO  | i.z.t.d.l.EmbeddedDatabaseReporter   : JDBC URL to connect to 'dataSource': url='jdbc:h2:tcp://localhost:41063/mem:f240edcd-27ce-47a3-b4ab-a6a00c154135;USER=sa', scope='ModelingAssessmentIntegrationTest#testAutomaticAssessmentFlowchartDiagramUponAssessmentSubmission'
    23:44:15.331 | 426 ool-1-worker-190 | INFO  | d.t.c.a.a.m.s.compass.CompassService : ModelCluster: start building clusters of 2 submissions for modeling exercise 992
    23:44:15.332 | 426 ool-1-worker-190 | INFO  | d.t.c.a.a.m.s.compass.CompassService : ModelClusterTimeLog: building clusters of 2 submissions for modeling exercise 992 done in 2.72ms
    23:44:15.338 | 426 ool-1-worker-190 | INFO  | d.t.c.a.a.m.s.compass.CompassService : ModelClusterTimeLog: building and saving clusters of 2 submissions for exercise 992 done in 9.22ms
    23:44:15.340 | 426 ool-1-worker-190 | DEBUG | d.t.c.a.a.c.s.f.ApiVersionFilter     : Adding Version to Request PUT /api/modeling-submissions/645/result/0/assessment
    23:44:15.345 | 426 ool-1-worker-190 | DEBUG | .c.s.m.InstanceMessageReceiveService : Received schedule participant score for exercise 992 and participant 104 (result to be deleted: null)
    23:44:15.345 | 426 ool-1-worker-190 | DEBUG | .a.s.ParticipantScoreScheduleService : Scheduled task for exercise 992 and participant 104 at 2025-02-14T23:44:15.445060387Z[Etc/UTC].
    23:44:15.350 | 426 ool-1-worker-190 | DEBUG | .c.s.m.InstanceMessageReceiveService : Received schedule participant score for exercise 992 and participant 104 (result to be deleted: null)
    23:44:15.351 | 426 ool-1-worker-190 | DEBUG | .a.s.ParticipantScoreScheduleService : Scheduled task for exercise 992 and participant 104 at 2025-02-14T23:44:15.451000454Z[Etc/UTC].
    23:44:15.359 | 426 ool-1-worker-190 | DEBUG | .c.s.m.InstanceMessageReceiveService : Received schedule participant score for exercise 992 and participant 104 (result to be deleted: null)
    23:44:15.359 | 426 ool-1-worker-190 | DEBUG | .a.s.ParticipantScoreScheduleService : Scheduled task for exercise 992 and participant 104 at 2025-02-14T23:44:15.459241362Z[Etc/UTC].
    23:44:15.363 | 426 ool-1-worker-190 | DEBUG | .c.s.m.InstanceMessageReceiveService : Received schedule participant score for exercise 992 and participant 104 (result to be deleted: null)
    23:44:15.363 | 426 ool-1-worker-190 | DEBUG | .a.s.ParticipantScoreScheduleService : Scheduled task for exercise 992 and participant 104 at 2025-02-14T23:44:15.463612083Z[Etc/UTC].

  Starting logs for ModelingAssessmentIntegrationTest > testOverrideAssessment_saveSameTutorAfterAssessmentDueDateForbidden()
    23:44:15.391 | 426 ool-1-worker-190 | DEBUG | d.t.c.a.a.c.u.util.UserUtilService   : Generate 6 students...
    23:44:15.400 | 426 ool-1-worker-190 | DEBUG | d.t.c.a.a.c.u.util.UserUtilService   : 6 students generated. Generate 2 tutors...
    23:44:15.404 | 426 ool-1-worker-190 | DEBUG | d.t.c.a.a.c.u.util.UserUtilService   : 2 tutors generated. Generate 0 editors...
    23:44:15.405 | 426 ool-1-worker-190 | DEBUG | d.t.c.a.a.c.u.util.UserUtilService   : 0 editors generated. Generate 1 instructors...
    23:44:15.408 | 426 ool-1-worker-190 | DEBUG | d.t.c.a.a.c.u.util.UserUtilService   : 1 instructors generated
    23:44:15.410 | 426 ool-1-worker-190 | DEBUG | d.t.c.a.a.c.u.util.UserUtilService   : Removing 9 users from all courses...
    23:44:15.412 | 426 ool-1-worker-190 | DEBUG | d.t.c.a.a.c.u.util.UserUtilService   : Removing 9 users from all courses. Done
    23:44:15.412 | 426 ool-1-worker-190 | DEBUG | d.t.c.a.a.c.u.util.UserUtilService   : Save 9 users to database...
    23:44:15.419 | 426 ool-1-worker-190 | DEBUG | d.t.c.a.a.c.u.util.UserUtilService   : Save 9 users to database. Done
    23:44:15.431 | 426 ool-1-worker-190 | INFO  | i.z.t.d.l.EmbeddedDatabaseReporter   : JDBC URL to connect to 'dataSource': url='jdbc:h2:tcp://localhost:41063/mem:f240edcd-27ce-47a3-b4ab-a6a00c154135;USER=sa', scope='ModelingAssessmentIntegrationTest#testOverrideAssessment_saveSameTutorAfterAssessmentDueDateForbidden'
    23:44:15.481 | 426 ool-1-worker-190 | DEBUG | .c.s.m.InstanceMessageReceiveService : Received schedule participant score for exercise 994 and participant 104 (result to be deleted: null)
    23:44:15.481 | 426 ool-1-worker-190 | DEBUG | .a.s.ParticipantScoreScheduleService : Scheduled task for exercise 994 and participant 104 at 2025-02-14T23:44:15.581326196Z[Etc/UTC].
    23:44:15.493 | 426 ool-1-worker-190 | DEBUG | .c.s.m.InstanceMessageReceiveService : Received schedule participant score for exercise 994 and participant 104 (result to be deleted: null)
    23:44:15.493 | 426 ool-1-worker-190 | DEBUG | .a.s.ParticipantScoreScheduleService : Scheduled task for exercise 994 and participant 104 at 2025-02-14T23:44:15.593768869Z[Etc/UTC].
    23:44:15.495 | 426 ool-1-worker-190 | DEBUG | d.t.c.a.a.c.s.f.ApiVersionFilter     : Adding Version to Request PUT /api/modeling-submissions/647/result/360/assessment
    23:44:15.498 | 426 ool-1-worker-190 | DEBUG | d.t.c.a.a.a.web.AssessmentResource   : The user modelingassessmenttutor1 is not allowed to override the assessment for the submission 647
    23:44:15.499 | 426 ool-1-worker-190 | WARN  | o.z.p.spring.common.AdviceTraits     : Forbidden: The user is not allowed to override the assessment

  Starting logs for ModelingAssessmentIntegrationTest > testAutomaticAssessmentUponModelSubmission_partialModel()
    23:44:15.525 | 426 ool-1-worker-190 | DEBUG | d.t.c.a.a.c.u.util.UserUtilService   : Generate 6 students...
    23:44:15.542 | 426 ool-1-worker-190 | DEBUG | d.t.c.a.a.c.u.util.UserUtilService   : 6 students generated. Generate 2 tutors...
    23:44:15.552 | 426 ool-1-worker-190 | DEBUG | d.t.c.a.a.c.u.util.UserUtilService   : 2 tutors generated. Generate 0 editors...
    23:44:15.553 | 426 ool-1-worker-190 | DEBUG | d.t.c.a.a.c.u.util.UserUtilService   : 0 editors generated. Generate 1 instructors...
    23:44:15.559 | 426 ool-1-worker-190 | DEBUG | d.t.c.a.a.c.u.util.UserUtilService   : 1 instructors generated
    23:44:15.560 | 426 ool-1-worker-190 | DEBUG | d.t.c.a.a.c.u.util.UserUtilService   : Removing 9 users from all courses...
    23:44:15.565 | 426 ool-1-worker-190 | DEBUG | d.t.c.a.a.c.u.util.UserUtilService   : Removing 9 users from all courses. Done
    23:44:15.565 | 426 ool-1-worker-190 | DEBUG | d.t.c.a.a.c.u.util.UserUtilService   : Save 9 users to database...
    23:44:15.581 | 426 ool-1-worker-190 | DEBUG | d.t.c.a.a.c.u.util.UserUtilService   : Save 9 users to database. Done
    23:44:15.601 | 426 ool-1-worker-190 | INFO  | i.z.t.d.l.EmbeddedDatabaseReporter   : JDBC URL to connect to 'dataSource': url='jdbc:h2:tcp://localhost:41063/mem:f240edcd-27ce-47a3-b4ab-a6a00c154135;USER=sa', scope='ModelingAssessmentIntegrationTest#testAutomaticAssessmentUponModelSubmission_partialModel'
    23:44:15.610 | 426 ool-1-worker-190 | DEBUG | .c.s.m.InstanceMessageReceiveService : Received schedule participant score for exercise 1005 and participant 104 (result to be deleted: null)
    23:44:15.610 | 426 ool-1-worker-190 | DEBUG | .a.s.ParticipantScoreScheduleService : Scheduled task for exercise 1005 and participant 104 at 2025-02-14T23:44:15.710071232Z[Etc/UTC].
    23:44:15.616 | 426 ool-1-worker-190 | DEBUG | .c.s.m.InstanceMessageReceiveService : Received schedule participant score for exercise 1005 and participant 104 (result to be deleted: null)
    23:44:15.616 | 426 ool-1-worker-190 | DEBUG | .a.s.ParticipantScoreScheduleService : Scheduled task for exercise 1005 and participant 104 at 2025-02-14T23:44:15.716506483Z[Etc/UTC].
    23:44:15.624 | 426 ool-1-worker-190 | DEBUG | .c.s.m.InstanceMessageReceiveService : Received schedule participant score for exercise 1005 and participant 104 (result to be deleted: null)
    23:44:15.624 | 426 ool-1-worker-190 | DEBUG | .a.s.ParticipantScoreScheduleService : Scheduled task for exercise 1005 and participant 104 at 2025-02-14T23:44:15.724152170Z[Etc/UTC].
    23:44:15.627 | 426 ool-1-worker-190 | DEBUG | .c.s.m.InstanceMessageReceiveService : Received schedule participant score for exercise 1005 and participant 104 (result to be deleted: null)
    23:44:15.627 | 426 ool-1-worker-190 | DEBUG | .a.s.ParticipantScoreScheduleService : Scheduled task for exercise 1005 and participant 104 at 2025-02-14T23:44:15.727930176Z[Etc/UTC].
    23:44:15.642 | 426 ool-1-worker-190 | DEBUG | .c.s.m.InstanceMessageReceiveService : Received schedule participant score for exercise 1005 and participant 104 (result to be deleted: null)
    23:44:15.642 | 426 ool-1-worker-190 | DEBUG | .a.s.ParticipantScoreScheduleService : Scheduled task for exercise 1005 and participant 104 at 2025-02-14T23:44:15.742454291Z[Etc/UTC].
    23:44:15.649 | 426 ool-1-worker-190 | DEBUG | d.t.c.a.a.c.s.f.ApiVersionFilter     : Adding Version to Request POST /api/exercises/1005/modeling-submissions
    23:44:15.650 | 426 ool-1-worker-190 | DEBUG | c.a.a.m.w.ModelingSubmissionResource : REST request to create modeling submission: {  "version": "2.0",  "size": {    "width": 220,    "height": 960  },  "type": "ClassDiagram",  "interactive": {    "elements": [],    "relationships": []  },  "elements": [    {      "id": "6aba5764-d102-4740-9675-b2bd0a4f2680",      "name": "First",      "owner": null,      "type": "Class",      "bounds": {        "x": 660,        "y": 510,        "width": 200,        "height": 70      },      "attributes": [],      "methods": [        "c39d6521-e7a1-43bf-8ca2-9c9a1b716569"      ]    },    {      "id": "1d10b2d1-2e6e-4579-9298-ba68618c6927",      "name": "AbstractStrategy",      "owner": null,      "type": "AbstractClass",      "bounds": {        "x": 830,        "y": 340,        "width": 200,        "height": 70      },      "attributes": [],      "methods": [        "84fdf0a9-4f52-4114-a8f3-eae08ccd4a6a"      ]    },    {      "id": "2bc2367e-e300-4512-9f6c-08f8e51d38ad",      "name": "Client",      "owner": null,      "type": "Class",      "bounds": {        "x": 450,        "y": 310,        "width": 200,        "height": 40      },      "attributes": [],      "methods": []    },    {      "id": "c39d6521-e7a1-43bf-8ca2-9c9a1b716569",      "name": "+ connect()",      "owner": "6aba5764-d102-4740-9675-b2bd0a4f2680",      "type": "ClassMethod",      "bounds": {        "x": 0,        "y": 30,        "width": 200,        "height": 30      }    },    {      "id": "84fdf0a9-4f52-4114-a8f3-eae08ccd4a6a",      "name": "+ connect()",      "owner": "1d10b2d1-2e6e-4579-9298-ba68618c6927",      "type": "ClassMethod",      "bounds": {        "x": 0,        "y": 30,        "width": 200,        "height": 30      }    }  ],  "relationships": [    {      "id": "593f9a18-9563-4e8f-86bc-d6f77734f692",      "name": "Relationship",      "type": "ClassInheritance",      "source": {        "element": "6aba5764-d102-4740-9675-b2bd0a4f2680",        "direction": "Up",        "multiplicity": "",        "role": ""      },      "target": {        "element": "1d10b2d1-2e6e-4579-9298-ba68618c6927",        "direction": "Down",        "multiplicity": "",        "role": ""      },      "path": [        {          "x": 0,          "y": 170        },        {          "x": 0,          "y": 0        }      ],      "bounds": {        "x": 90,        "y": -330,        "width": 0,        "height": 170      }    },    {      "id": "858f8bcc-876e-4e64-ac6f-f8894f54a5ee",      "name": "Relationship",      "type": "ClassUnidirectional",      "source": {        "element": "2bc2367e-e300-4512-9f6c-08f8e51d38ad",        "direction": "Right",        "multiplicity": "",        "role": ""      },      "target": {        "element": "1d10b2d1-2e6e-4579-9298-ba68618c6927",        "direction": "Left",        "multiplicity": "",        "role": ""      },      "path": [        {          "x": 0,          "y": 170        },        {          "x": 0,          "y": 0        }      ],      "bounds": {        "x": 90,        "y": -330,        "width": 0,        "height": 170      }    }  ],  "assessments": []}
    23:44:15.654 | 426 ool-1-worker-190 | INFO  | c.a.a.m.w.ModelingSubmissionResource : save took 4ms for exercise 1005 and user modelingassessmentstudent2

  Starting logs for ModelingAssessmentIntegrationTest > testOverrideAssessment_saveInstructorAfterAssessmentDueDatePossible()
    23:44:15.694 | 426 ool-1-worker-190 | DEBUG | d.t.c.a.a.c.u.util.UserUtilService   : Generate 6 students...
    23:44:15.704 | 426 ool-1-worker-190 | DEBUG | d.t.c.a.a.c.u.util.UserUtilService   : 6 students generated. Generate 2 tutors...
    23:44:15.708 | 426 ool-1-worker-190 | DEBUG | d.t.c.a.a.c.u.util.UserUtilService   : 2 tutors generated. Generate 0 editors...
    23:44:15.710 | 426 ool-1-worker-190 | DEBUG | d.t.c.a.a.c.u.util.UserUtilService   : 0 editors generated. Generate 1 instructors...
    23:44:15.712 | 426 ool-1-worker-190 | DEBUG | d.t.c.a.a.c.u.util.UserUtilService   : 1 instructors generated
    23:44:15.714 | 426 ool-1-worker-190 | DEBUG | d.t.c.a.a.c.u.util.UserUtilService   : Removing 9 users from all courses...
    23:44:15.715 | 426 ool-1-worker-190 | DEBUG | d.t.c.a.a.c.u.util.UserUtilService   : Removing 9 users from all courses. Done
    23:44:15.715 | 426 ool-1-worker-190 | DEBUG | d.t.c.a.a.c.u.util.UserUtilService   : Save 9 users to database...
    23:44:15.725 | 426 ool-1-worker-190 | DEBUG | d.t.c.a.a.c.u.util.UserUtilService   : Save 9 users to database. Done
    23:44:15.746 | 426 ool-1-worker-190 | INFO  | i.z.t.d.l.EmbeddedDatabaseReporter   : JDBC URL to connect to 'dataSource': url='jdbc:h2:tcp://localhost:41063/mem:f240edcd-27ce-47a3-b4ab-a6a00c154135;USER=sa', scope='ModelingAssessmentIntegrationTest#testOverrideAssessment_saveInstructorAfterAssessmentDueDatePossible'
    23:44:15.806 | 426 ool-1-worker-190 | DEBUG | .c.s.m.InstanceMessageReceiveService : Received schedule participant score for exercise 1016 and participant 104 (result to be deleted: null)
    23:44:15.806 | 426 ool-1-worker-190 | DEBUG | .a.s.ParticipantScoreScheduleService : Scheduled task for exercise 1016 and participant 104 at 2025-02-14T23:44:15.906072534Z[Etc/UTC].
    23:44:15.832 | 426 ool-1-worker-190 | DEBUG | .c.s.m.InstanceMessageReceiveService : Received schedule participant score for exercise 1016 and participant 104 (result to be deleted: null)
    23:44:15.832 | 426 ool-1-worker-190 | DEBUG | .a.s.ParticipantScoreScheduleService : Scheduled task for exercise 1016 and participant 104 at 2025-02-14T23:44:15.932243327Z[Etc/UTC].
    23:44:15.833 | 426 ool-1-worker-190 | DEBUG | d.t.c.a.a.c.s.f.ApiVersionFilter     : Adding Version to Request PUT /api/modeling-submissions/650/result/362/assessment
    23:44:15.849 | 426 ool-1-worker-190 | DEBUG | .c.s.m.InstanceMessageReceiveService : Received schedule participant score for exercise 1016 and participant 104 (result to be deleted: null)
    23:44:15.849 | 426 ool-1-worker-190 | DEBUG | .a.s.ParticipantScoreScheduleService : Scheduled task for exercise 1016 and participant 104 at 2025-02-14T23:44:15.949596077Z[Etc/UTC].

  Starting logs for ModelingAssessmentIntegrationTest > testdeleteResult()
    23:44:15.889 | 426 ool-1-worker-190 | DEBUG | d.t.c.a.a.c.u.util.UserUtilService   : Generate 6 students...
    23:44:15.906 | 426 ool-1-worker-190 | DEBUG | d.t.c.a.a.c.u.util.UserUtilService   : 6 students generated. Generate 2 tutors...
    23:44:15.916 | 426 ool-1-worker-190 | DEBUG | d.t.c.a.a.c.u.util.UserUtilService   : 2 tutors generated. Generate 0 editors...
    23:44:15.917 | 426 ool-1-worker-190 | DEBUG | d.t.c.a.a.c.u.util.UserUtilService   : 0 editors generated. Generate 1 instructors...
    23:44:15.923 | 426 ool-1-worker-190 | DEBUG | d.t.c.a.a.c.u.util.UserUtilService   : 1 instructors generated
    23:44:15.925 | 426 ool-1-worker-190 | DEBUG | d.t.c.a.a.c.u.util.UserUtilService   : Removing 9 users from all courses...
    23:44:15.926 | 426 ool-1-worker-190 | DEBUG | d.t.c.a.a.c.u.util.UserUtilService   : Removing 9 users from all courses. Done
    23:44:15.926 | 426 ool-1-worker-190 | DEBUG | d.t.c.a.a.c.u.util.UserUtilService   : Save 9 users to database...
    23:44:15.933 | 426 ool-1-worker-190 | DEBUG | d.t.c.a.a.c.u.util.UserUtilService   : Save 9 users to database. Done
    23:44:15.946 | 426 ool-1-worker-190 | INFO  | i.z.t.d.l.EmbeddedDatabaseReporter   : JDBC URL to connect to 'dataSource': url='jdbc:h2:tcp://localhost:41063/mem:f240edcd-27ce-47a3-b4ab-a6a00c154135;USER=sa', scope='ModelingAssessmentIntegrationTest#testdeleteResult'
    23:44:15.969 | 426 ool-1-worker-190 | DEBUG | .c.s.m.InstanceMessageReceiveService : Received schedule participant score for exercise 1038 and participant 104 (result to be deleted: null)
    23:44:15.970 | 426 ool-1-worker-190 | DEBUG | .a.s.ParticipantScoreScheduleService : Scheduled task for exercise 1038 and participant 104 at 2025-02-14T23:44:16.069988948Z[Etc/UTC].
    23:44:15.982 | 426 ool-1-worker-190 | DEBUG | .c.s.m.InstanceMessageReceiveService : Received schedule participant score for exercise 1038 and participant 104 (result to be deleted: null)
    23:44:15.982 | 426 ool-1-worker-190 | DEBUG | .a.s.ParticipantScoreScheduleService : Scheduled task for exercise 1038 and participant 104 at 2025-02-14T23:44:16.082916625Z[Etc/UTC].
    23:44:15.986 | 426 ool-1-worker-190 | DEBUG | d.t.c.a.a.c.s.f.ApiVersionFilter     : Adding Version to Request DELETE /api/participations/1178/modeling-submissions/651/results/363
    23:44:15.987 | 426 ool-1-worker-190 | INFO  | d.t.c.a.a.a.web.AssessmentResource   : REST request by user: admin to delete result 363
    23:44:15.991 | 426 ool-1-worker-190 | DEBUG | d.t.c.a.a.a.service.ResultService    : Delete result references 363
    23:44:15.996 | 426 ool-1-worker-190 | DEBUG | .c.s.m.InstanceMessageReceiveService : Received schedule participant score for exercise 1038 and participant 104 (result to be deleted: 363)
    23:44:15.996 | 426 ool-1-worker-190 | DEBUG | .a.s.ParticipantScoreScheduleService : Scheduled task for exercise 1038 and participant 104 at 2025-02-14T23:44:16.096333505Z[Etc/UTC].

  Starting logs for ModelingAssessmentIntegrationTest > testOverrideAssessment_submitOtherTutorAfterAssessmentDueDateForbidden()
    23:44:16.014 | 426 ool-1-worker-190 | DEBUG | d.t.c.a.a.c.u.util.UserUtilService   : Generate 6 students...
    23:44:16.021 | 426 ool-1-worker-190 | DEBUG | d.t.c.a.a.c.u.util.UserUtilService   : 6 students generated. Generate 2 tutors...
    23:44:16.025 | 426 ool-1-worker-190 | DEBUG | d.t.c.a.a.c.u.util.UserUtilService   : 2 tutors generated. Generate 0 editors...
    23:44:16.026 | 426 ool-1-worker-190 | DEBUG | d.t.c.a.a.c.u.util.UserUtilService   : 0 editors generated. Generate 1 instructors...
    23:44:16.029 | 426 ool-1-worker-190 | DEBUG | d.t.c.a.a.c.u.util.UserUtilService   : 1 instructors generated
    23:44:16.030 | 426 ool-1-worker-190 | DEBUG | d.t.c.a.a.c.u.util.UserUtilService   : Removing 9 users from all courses...
    23:44:16.031 | 426 ool-1-worker-190 | DEBUG | d.t.c.a.a.c.u.util.UserUtilService   : Removing 9 users from all courses. Done
    23:44:16.031 | 426 ool-1-worker-190 | DEBUG | d.t.c.a.a.c.u.util.UserUtilService   : Save 9 users to database...
    23:44:16.039 | 426 ool-1-worker-190 | DEBUG | d.t.c.a.a.c.u.util.UserUtilService   : Save 9 users to database. Done
    23:44:16.052 | 426 ool-1-worker-190 | INFO  | i.z.t.d.l.EmbeddedDatabaseReporter   : JDBC URL to connect to 'dataSource': url='jdbc:h2:tcp://localhost:41063/mem:f240edcd-27ce-47a3-b4ab-a6a00c154135;USER=sa', scope='ModelingAssessmentIntegrationTest#testOverrideAssessment_submitOtherTutorAfterAssessmentDueDateForbidden'
    23:44:16.081 | 426 ool-1-worker-190 | DEBUG | .c.s.m.InstanceMessageReceiveService : Received schedule participant score for exercise 1039 and participant 104 (result to be deleted: null)
    23:44:16.081 | 426 ool-1-worker-190 | DEBUG | .a.s.ParticipantScoreScheduleService : Scheduled task for exercise 1039 and participant 104 at 2025-02-14T23:44:16.181924695Z[Etc/UTC].
    23:44:16.095 | 426 ool-1-worker-190 | DEBUG | .c.s.m.InstanceMessageReceiveService : Received schedule participant score for exercise 1039 and participant 104 (result to be deleted: null)
    23:44:16.095 | 426 ool-1-worker-190 | DEBUG | .a.s.ParticipantScoreScheduleService : Scheduled task for exercise 1039 and participant 104 at 2025-02-14T23:44:16.195795261Z[Etc/UTC].
    23:44:16.097 | 426 ool-1-worker-190 | DEBUG | d.t.c.a.a.c.s.f.ApiVersionFilter     : Adding Version to Request PUT /api/modeling-submissions/652/result/365/assessment
    23:44:16.100 | 426 ool-1-worker-190 | DEBUG | d.t.c.a.a.a.web.AssessmentResource   : The user modelingassessmenttutor2 is not allowed to override the assessment for the submission 652
    23:44:16.101 | 426 ool-1-worker-190 | WARN  | o.z.p.spring.common.AdviceTraits     : Forbidden: The user is not allowed to override the assessment

  Starting logs for ModelingAssessmentIntegrationTest > testAutomaticAssessmentUseCaseDiagramUponAssessmentSubmission()
    23:44:16.134 | 426 ool-1-worker-190 | DEBUG | d.t.c.a.a.c.u.util.UserUtilService   : Generate 6 students...
    23:44:16.143 | 426 ool-1-worker-190 | DEBUG | d.t.c.a.a.c.u.util.UserUtilService   : 6 students generated. Generate 2 tutors...
    23:44:16.147 | 426 ool-1-worker-190 | DEBUG | d.t.c.a.a.c.u.util.UserUtilService   : 2 tutors generated. Generate 0 editors...
    23:44:16.148 | 426 ool-1-worker-190 | DEBUG | d.t.c.a.a.c.u.util.UserUtilService   : 0 editors generated. Generate 1 instructors...
    23:44:16.151 | 426 ool-1-worker-190 | DEBUG | d.t.c.a.a.c.u.util.UserUtilService   : 1 instructors generated
    23:44:16.152 | 426 ool-1-worker-190 | DEBUG | d.t.c.a.a.c.u.util.UserUtilService   : Removing 9 users from all courses...
    23:44:16.153 | 426 ool-1-worker-190 | DEBUG | d.t.c.a.a.c.u.util.UserUtilService   : Removing 9 users from all courses. Done
    23:44:16.153 | 426 ool-1-worker-190 | DEBUG | d.t.c.a.a.c.u.util.UserUtilService   : Save 9 users to database...
    23:44:16.159 | 426 ool-1-worker-190 | DEBUG | d.t.c.a.a.c.u.util.UserUtilService   : Save 9 users to database. Done
    23:44:16.172 | 426 ool-1-worker-190 | INFO  | i.z.t.d.l.EmbeddedDatabaseReporter   : JDBC URL to connect to 'dataSource': url='jdbc:h2:tcp://localhost:41063/mem:f240edcd-27ce-47a3-b4ab-a6a00c154135;USER=sa', scope='ModelingAssessmentIntegrationTest#testAutomaticAssessmentUseCaseDiagramUponAssessmentSubmission'
    23:44:16.206 | 426 ool-1-worker-190 | INFO  | d.t.c.a.a.m.s.compass.CompassService : ModelCluster: start building clusters of 2 submissions for modeling exercise 1053
    23:44:16.206 | 426 ool-1-worker-190 | INFO  | d.t.c.a.a.m.s.compass.CompassService : ModelClusterTimeLog: building clusters of 2 submissions for modeling exercise 1053 done in 2.73ms
    23:44:16.212 | 426 ool-1-worker-190 | INFO  | d.t.c.a.a.m.s.compass.CompassService : ModelClusterTimeLog: building and saving clusters of 2 submissions for exercise 1053 done in 7.78ms
    23:44:16.213 | 426 ool-1-worker-190 | DEBUG | d.t.c.a.a.c.s.f.ApiVersionFilter     : Adding Version to Request PUT /api/modeling-submissions/653/result/0/assessment
    23:44:16.217 | 426 ool-1-worker-190 | DEBUG | .c.s.m.InstanceMessageReceiveService : Received schedule participant score for exercise 1053 and participant 104 (result to be deleted: null)
    23:44:16.217 | 426 ool-1-worker-190 | DEBUG | .a.s.ParticipantScoreScheduleService : Scheduled task for exercise 1053 and participant 104 at 2025-02-14T23:44:16.317863574Z[Etc/UTC].
    23:44:16.223 | 426 ool-1-worker-190 | DEBUG | .c.s.m.InstanceMessageReceiveService : Received schedule participant score for exercise 1053 and participant 104 (result to be deleted: null)
    23:44:16.223 | 426 ool-1-worker-190 | DEBUG | .a.s.ParticipantScoreScheduleService : Scheduled task for exercise 1053 and participant 104 at 2025-02-14T23:44:16.323312105Z[Etc/UTC].
    23:44:16.229 | 426 ool-1-worker-190 | DEBUG | .c.s.m.InstanceMessageReceiveService : Received schedule participant score for exercise 1053 and participant 104 (result to be deleted: null)
    23:44:16.230 | 426 ool-1-worker-190 | DEBUG | .a.s.ParticipantScoreScheduleService : Scheduled task for exercise 1053 and participant 104 at 2025-02-14T23:44:16.329999916Z[Etc/UTC].
    23:44:16.233 | 426 ool-1-worker-190 | DEBUG | .c.s.m.InstanceMessageReceiveService : Received schedule participant score for exercise 1053 and participant 104 (result to be deleted: null)
    23:44:16.233 | 426 ool-1-worker-190 | DEBUG | .a.s.ParticipantScoreScheduleService : Scheduled task for exercise 1053 and participant 104 at 2025-02-14T23:44:16.333606091Z[Etc/UTC].

  Starting logs for ModelingAssessmentIntegrationTest > testAutomaticAssessmentUponModelSubmission_emptyModel()
    23:44:16.259 | 426 ool-1-worker-190 | DEBUG | d.t.c.a.a.c.u.util.UserUtilService   : Generate 6 students...
    23:44:16.267 | 426 ool-1-worker-190 | DEBUG | d.t.c.a.a.c.u.util.UserUtilService   : 6 students generated. Generate 2 tutors...
    23:44:16.271 | 426 ool-1-worker-190 | DEBUG | d.t.c.a.a.c.u.util.UserUtilService   : 2 tutors generated. Generate 0 editors...
    23:44:16.273 | 426 ool-1-worker-190 | DEBUG | d.t.c.a.a.c.u.util.UserUtilService   : 0 editors generated. Generate 1 instructors...
    23:44:16.278 | 426 ool-1-worker-190 | DEBUG | d.t.c.a.a.c.u.util.UserUtilService   : 1 instructors generated
    23:44:16.279 | 426 ool-1-worker-190 | DEBUG | d.t.c.a.a.c.u.util.UserUtilService   : Removing 9 users from all courses...
    23:44:16.280 | 426 ool-1-worker-190 | DEBUG | d.t.c.a.a.c.u.util.UserUtilService   : Removing 9 users from all courses. Done
    23:44:16.280 | 426 ool-1-worker-190 | DEBUG | d.t.c.a.a.c.u.util.UserUtilService   : Save 9 users to database...
    23:44:16.286 | 426 ool-1-worker-190 | DEBUG | d.t.c.a.a.c.u.util.UserUtilService   : Save 9 users to database. Done
    23:44:16.299 | 426 ool-1-worker-190 | INFO  | i.z.t.d.l.EmbeddedDatabaseReporter   : JDBC URL to connect to 'dataSource': url='jdbc:h2:tcp://localhost:41063/mem:f240edcd-27ce-47a3-b4ab-a6a00c154135;USER=sa', scope='ModelingAssessmentIntegrationTest#testAutomaticAssessmentUponModelSubmission_emptyModel'
    23:44:16.304 | 426 ool-1-worker-190 | DEBUG | d.t.c.a.a.c.s.f.ApiVersionFilter     : Adding Version to Request POST /api/exercises/1061/modeling-submissions
    23:44:16.304 | 426 ool-1-worker-190 | DEBUG | c.a.a.m.w.ModelingSubmissionResource : REST request to create modeling submission: null
    23:44:16.308 | 426 ool-1-worker-190 | INFO  | c.a.a.m.w.ModelingSubmissionResource : save took 4ms for exercise 1061 and user modelingassessmentstudent2

  Starting logs for ModelingAssessmentIntegrationTest > overrideAssessment_inFirstCorrectionRoundByInstructor()
    23:44:16.325 | 426 ool-1-worker-190 | DEBUG | d.t.c.a.a.c.u.util.UserUtilService   : Generate 6 students...
    23:44:16.333 | 426 ool-1-worker-190 | DEBUG | d.t.c.a.a.c.u.util.UserUtilService   : 6 students generated. Generate 2 tutors...
    23:44:16.337 | 426 ool-1-worker-190 | DEBUG | d.t.c.a.a.c.u.util.UserUtilService   : 2 tutors generated. Generate 0 editors...
    23:44:16.339 | 426 ool-1-worker-190 | DEBUG | d.t.c.a.a.c.u.util.UserUtilService   : 0 editors generated. Generate 1 instructors...
    23:44:16.341 | 426 ool-1-worker-190 | DEBUG | d.t.c.a.a.c.u.util.UserUtilService   : 1 instructors generated
    23:44:16.343 | 426 ool-1-worker-190 | DEBUG | d.t.c.a.a.c.u.util.UserUtilService   : Removing 9 users from all courses...
    23:44:16.344 | 426 ool-1-worker-190 | DEBUG | d.t.c.a.a.c.u.util.UserUtilService   : Removing 9 users from all courses. Done
    23:44:16.344 | 426 ool-1-worker-190 | DEBUG | d.t.c.a.a.c.u.util.UserUtilService   : Save 9 users to database...
    23:44:16.350 | 426 ool-1-worker-190 | DEBUG | d.t.c.a.a.c.u.util.UserUtilService   : Save 9 users to database. Done
    23:44:16.362 | 426 ool-1-worker-190 | INFO  | i.z.t.d.l.EmbeddedDatabaseReporter   : JDBC URL to connect to 'dataSource': url='jdbc:h2:tcp://localhost:41063/mem:f240edcd-27ce-47a3-b4ab-a6a00c154135;USER=sa', scope='ModelingAssessmentIntegrationTest#overrideAssessment_inFirstCorrectionRoundByInstructor'
    23:44:16.384 | 426 ool-1-worker-190 | DEBUG | .c.s.m.InstanceMessageReceiveService : Received schedule participant score for exercise 1072 and participant 104 (result to be deleted: null)
    23:44:16.384 | 426 ool-1-worker-190 | DEBUG | .a.s.ParticipantScoreScheduleService : Scheduled task for exercise 1072 and participant 104 at 2025-02-14T23:44:16.484530222Z[Etc/UTC].
    23:44:16.393 | 426 ool-1-worker-190 | DEBUG | .c.s.m.InstanceMessageReceiveService : Received schedule participant score for exercise 1072 and participant 104 (result to be deleted: null)
    23:44:16.393 | 426 ool-1-worker-190 | DEBUG | .a.s.ParticipantScoreScheduleService : Scheduled task for exercise 1072 and participant 104 at 2025-02-14T23:44:16.493397427Z[Etc/UTC].
    23:44:16.400 | 426 ool-1-worker-190 | DEBUG | .c.s.m.InstanceMessageReceiveService : Received schedule participant score for exercise 1072 and participant 104 (result to be deleted: null)
    23:44:16.400 | 426 ool-1-worker-190 | DEBUG | .a.s.ParticipantScoreScheduleService : Scheduled task for exercise 1072 and participant 104 at 2025-02-14T23:44:16.500952186Z[Etc/UTC].
    23:44:16.401 | 426 ool-1-worker-190 | DEBUG | .c.s.m.InstanceMessageReceiveService : Received schedule participant score for exercise 1072 and participant 104 (result to be deleted: null)
    23:44:16.401 | 426 ool-1-worker-190 | DEBUG | .a.s.ParticipantScoreScheduleService : Scheduled task for exercise 1072 and participant 104 at 2025-02-14T23:44:16.501145226Z[Etc/UTC].
    23:44:16.403 | 426 ool-1-worker-190 | DEBUG | .c.s.m.InstanceMessageReceiveService : Received schedule participant score for exercise 1072 and participant 104 (result to be deleted: null)
    23:44:16.403 | 426 ool-1-worker-190 | DEBUG | .a.s.ParticipantScoreScheduleService : Scheduled task for exercise 1072 and participant 104 at 2025-02-14T23:44:16.503805416Z[Etc/UTC].
    23:44:16.405 | 426 ool-1-worker-190 | DEBUG | d.t.c.a.a.c.s.f.ApiVersionFilter     : Adding Version to Request PUT /api/modeling-submissions/656/result/368/assessment
    23:44:16.418 | 426 ool-1-worker-190 | DEBUG | .c.s.m.InstanceMessageReceiveService : Received schedule participant score for exercise 1072 and participant 104 (result to be deleted: null)
    23:44:16.418 | 426 ool-1-worker-190 | DEBUG | .a.s.ParticipantScoreScheduleService : Scheduled task for exercise 1072 and participant 104 at 2025-02-14T23:44:16.518559199Z[Etc/UTC].
    23:44:16.422 | 426 ool-1-worker-190 | DEBUG | .c.s.m.InstanceMessageReceiveService : Received schedule participant score for exercise 1072 and participant 104 (result to be deleted: null)
    23:44:16.422 | 426 ool-1-worker-190 | DEBUG | .a.s.ParticipantScoreScheduleService : Scheduled task for exercise 1072 and participant 104 at 2025-02-14T23:44:16.522843609Z[Etc/UTC].

  Starting logs for ModelingAssessmentIntegrationTest > testGetAssessmentBySubmissionId_notFound()
    23:44:16.441 | 426 ool-1-worker-190 | DEBUG | d.t.c.a.a.c.u.util.UserUtilService   : Generate 6 students...
    23:44:16.450 | 426 ool-1-worker-190 | DEBUG | d.t.c.a.a.c.u.util.UserUtilService   : 6 students generated. Generate 2 tutors...
    23:44:16.455 | 426 ool-1-worker-190 | DEBUG | d.t.c.a.a.c.u.util.UserUtilService   : 2 tutors generated. Generate 0 editors...
    23:44:16.456 | 426 ool-1-worker-190 | DEBUG | d.t.c.a.a.c.u.util.UserUtilService   : 0 editors generated. Generate 1 instructors...
    23:44:16.458 | 426 ool-1-worker-190 | DEBUG | d.t.c.a.a.c.u.util.UserUtilService   : 1 instructors generated
    23:44:16.460 | 426 ool-1-worker-190 | DEBUG | d.t.c.a.a.c.u.util.UserUtilService   : Removing 9 users from all courses...
    23:44:16.461 | 426 ool-1-worker-190 | DEBUG | d.t.c.a.a.c.u.util.UserUtilService   : Removing 9 users from all courses. Done
    23:44:16.461 | 426 ool-1-worker-190 | DEBUG | d.t.c.a.a.c.u.util.UserUtilService   : Save 9 users to database...
    23:44:16.467 | 426 ool-1-worker-190 | DEBUG | d.t.c.a.a.c.u.util.UserUtilService   : Save 9 users to database. Done
    23:44:16.481 | 426 ool-1-worker-190 | INFO  | i.z.t.d.l.EmbeddedDatabaseReporter   : JDBC URL to connect to 'dataSource': url='jdbc:h2:tcp://localhost:41063/mem:f240edcd-27ce-47a3-b4ab-a6a00c154135;USER=sa', scope='ModelingAssessmentIntegrationTest#testGetAssessmentBySubmissionId_notFound'
    23:44:16.490 | 426 ool-1-worker-190 | DEBUG | d.t.c.a.a.c.s.f.ApiVersionFilter     : Adding Version to Request GET /api/modeling-submissions/657/result
    23:44:16.490 | 426 ool-1-worker-190 | DEBUG | d.t.c.a.a.a.web.AssessmentResource   : REST request to get assessment for submission with id 657
    23:44:16.492 | 426 ool-1-worker-190 | WARN  | o.z.p.spring.common.AdviceTraits     : Not Found: Result with submission with id: "657" does not exist

  Starting logs for ModelingAssessmentIntegrationTest > testManualAssessmentSaveAndSubmit()
    23:44:16.508 | 426 ool-1-worker-190 | DEBUG | d.t.c.a.a.c.u.util.UserUtilService   : Generate 6 students...
    23:44:16.516 | 426 ool-1-worker-190 | DEBUG | d.t.c.a.a.c.u.util.UserUtilService   : 6 students generated. Generate 2 tutors...
    23:44:16.548 | 426 ool-1-worker-190 | DEBUG | d.t.c.a.a.c.u.util.UserUtilService   : 2 tutors generated. Generate 0 editors...
    23:44:16.549 | 426 ool-1-worker-190 | DEBUG | d.t.c.a.a.c.u.util.UserUtilService   : 0 editors generated. Generate 1 instructors...
    23:44:16.553 | 426 ool-1-worker-190 | DEBUG | d.t.c.a.a.c.u.util.UserUtilService   : 1 instructors generated
    23:44:16.554 | 426 ool-1-worker-190 | DEBUG | d.t.c.a.a.c.u.util.UserUtilService   : Removing 9 users from all courses...
    23:44:16.555 | 426 ool-1-worker-190 | DEBUG | d.t.c.a.a.c.u.util.UserUtilService   : Removing 9 users from all courses. Done
    23:44:16.555 | 426 ool-1-worker-190 | DEBUG | d.t.c.a.a.c.u.util.UserUtilService   : Save 9 users to database...
    23:44:16.561 | 426 ool-1-worker-190 | DEBUG | d.t.c.a.a.c.u.util.UserUtilService   : Save 9 users to database. Done
    23:44:16.574 | 426 ool-1-worker-190 | INFO  | i.z.t.d.l.EmbeddedDatabaseReporter   : JDBC URL to connect to 'dataSource': url='jdbc:h2:tcp://localhost:41063/mem:f240edcd-27ce-47a3-b4ab-a6a00c154135;USER=sa', scope='ModelingAssessmentIntegrationTest#testManualAssessmentSaveAndSubmit'
    23:44:16.586 | 426 ool-1-worker-190 | DEBUG | d.t.c.a.a.c.s.f.ApiVersionFilter     : Adding Version to Request PUT /api/modeling-submissions/658/result/0/assessment
    23:44:16.591 | 426 ool-1-worker-190 | DEBUG | .c.s.m.InstanceMessageReceiveService : Received schedule participant score for exercise 1094 and participant 104 (result to be deleted: null)
    23:44:16.591 | 426 ool-1-worker-190 | DEBUG | .a.s.ParticipantScoreScheduleService : Scheduled task for exercise 1094 and participant 104 at 2025-02-14T23:44:16.691229514Z[Etc/UTC].
    23:44:16.596 | 426 ool-1-worker-190 | DEBUG | .c.s.m.InstanceMessageReceiveService : Received schedule participant score for exercise 1094 and participant 104 (result to be deleted: null)
    23:44:16.596 | 426 ool-1-worker-190 | DEBUG | .a.s.ParticipantScoreScheduleService : Scheduled task for exercise 1094 and participant 104 at 2025-02-14T23:44:16.696917050Z[Etc/UTC].
    23:44:16.603 | 426 ool-1-worker-190 | DEBUG | .c.s.m.InstanceMessageReceiveService : Received schedule participant score for exercise 1094 and participant 104 (result to be deleted: null)
    23:44:16.604 | 426 ool-1-worker-190 | DEBUG | .a.s.ParticipantScoreScheduleService : Scheduled task for exercise 1094 and participant 104 at 2025-02-14T23:44:16.704036917Z[Etc/UTC].
    23:44:16.610 | 426 ool-1-worker-190 | DEBUG | d.t.c.a.a.c.s.f.ApiVersionFilter     : Adding Version to Request PUT /api/modeling-submissions/658/result/0/assessment
    23:44:16.615 | 426 ool-1-worker-190 | DEBUG | .c.s.m.InstanceMessageReceiveService : Received schedule participant score for exercise 1094 and participant 104 (result to be deleted: null)
    23:44:16.615 | 426 ool-1-worker-190 | DEBUG | .a.s.ParticipantScoreScheduleService : Scheduled task for exercise 1094 and participant 104 at 2025-02-14T23:44:16.715650214Z[Etc/UTC].
    23:44:16.623 | 426 ool-1-worker-190 | DEBUG | .c.s.m.InstanceMessageReceiveService : Received schedule participant score for exercise 1094 and participant 104 (result to be deleted: null)
    23:44:16.623 | 426 ool-1-worker-190 | DEBUG | .a.s.ParticipantScoreScheduleService : Scheduled task for exercise 1094 and participant 104 at 2025-02-14T23:44:16.723923011Z[Etc/UTC].
    23:44:16.631 | 426 ool-1-worker-190 | DEBUG | .c.s.m.InstanceMessageReceiveService : Received schedule participant score for exercise 1094 and participant 104 (result to be deleted: null)
    23:44:16.631 | 426 ool-1-worker-190 | DEBUG | .a.s.ParticipantScoreScheduleService : Scheduled task for exercise 1094 and participant 104 at 2025-02-14T23:44:16.731446110Z[Etc/UTC].
    23:44:16.635 | 426 ool-1-worker-190 | DEBUG | .c.s.m.InstanceMessageReceiveService : Received schedule participant score for exercise 1094 and participant 104 (result to be deleted: null)
    23:44:16.635 | 426 ool-1-worker-190 | DEBUG | .a.s.ParticipantScoreScheduleService : Scheduled task for exercise 1094 and participant 104 at 2025-02-14T23:44:16.735824194Z[Etc/UTC].

  Starting logs for ModelingAssessmentIntegrationTest > cancelAssessmentOfOtherTutorAsInstructor()
    23:44:16.657 | 426 ool-1-worker-190 | DEBUG | d.t.c.a.a.c.u.util.UserUtilService   : Generate 6 students...
    23:44:16.665 | 426 ool-1-worker-190 | DEBUG | d.t.c.a.a.c.u.util.UserUtilService   : 6 students generated. Generate 2 tutors...
    23:44:16.669 | 426 ool-1-worker-190 | DEBUG | d.t.c.a.a.c.u.util.UserUtilService   : 2 tutors generated. Generate 0 editors...
    23:44:16.671 | 426 ool-1-worker-190 | DEBUG | d.t.c.a.a.c.u.util.UserUtilService   : 0 editors generated. Generate 1 instructors...
    23:44:16.674 | 426 ool-1-worker-190 | DEBUG | d.t.c.a.a.c.u.util.UserUtilService   : 1 instructors generated
    23:44:16.676 | 426 ool-1-worker-190 | DEBUG | d.t.c.a.a.c.u.util.UserUtilService   : Removing 9 users from all courses...
    23:44:16.677 | 426 ool-1-worker-190 | DEBUG | d.t.c.a.a.c.u.util.UserUtilService   : Removing 9 users from all courses. Done
    23:44:16.677 | 426 ool-1-worker-190 | DEBUG | d.t.c.a.a.c.u.util.UserUtilService   : Save 9 users to database...
    23:44:16.683 | 426 ool-1-worker-190 | DEBUG | d.t.c.a.a.c.u.util.UserUtilService   : Save 9 users to database. Done
    23:44:16.696 | 426 ool-1-worker-190 | INFO  | i.z.t.d.l.EmbeddedDatabaseReporter   : JDBC URL to connect to 'dataSource': url='jdbc:h2:tcp://localhost:41063/mem:f240edcd-27ce-47a3-b4ab-a6a00c154135;USER=sa', scope='ModelingAssessmentIntegrationTest#cancelAssessmentOfOtherTutorAsInstructor'
    23:44:16.710 | 426 ool-1-worker-190 | DEBUG | .c.s.m.InstanceMessageReceiveService : Received schedule participant score for exercise 1106 and participant 104 (result to be deleted: null)
    23:44:16.710 | 426 ool-1-worker-190 | DEBUG | .a.s.ParticipantScoreScheduleService : Scheduled task for exercise 1106 and participant 104 at 2025-02-14T23:44:16.810342346Z[Etc/UTC].
    23:44:16.716 | 426 ool-1-worker-190 | DEBUG | .c.s.m.InstanceMessageReceiveService : Received schedule participant score for exercise 1106 and participant 104 (result to be deleted: null)
    23:44:16.716 | 426 ool-1-worker-190 | DEBUG | .a.s.ParticipantScoreScheduleService : Scheduled task for exercise 1106 and participant 104 at 2025-02-14T23:44:16.816243450Z[Etc/UTC].
    23:44:16.723 | 426 ool-1-worker-190 | DEBUG | .c.s.m.InstanceMessageReceiveService : Received schedule participant score for exercise 1106 and participant 104 (result to be deleted: null)
    23:44:16.723 | 426 ool-1-worker-190 | DEBUG | .a.s.ParticipantScoreScheduleService : Scheduled task for exercise 1106 and participant 104 at 2025-02-14T23:44:16.823873619Z[Etc/UTC].
    23:44:16.730 | 426 ool-1-worker-190 | DEBUG | .c.s.m.InstanceMessageReceiveService : Received schedule participant score for exercise 1106 and participant 104 (result to be deleted: null)
    23:44:16.730 | 426 ool-1-worker-190 | DEBUG | .a.s.ParticipantScoreScheduleService : Scheduled task for exercise 1106 and participant 104 at 2025-02-14T23:44:16.830519301Z[Etc/UTC].
    23:44:16.733 | 426 ool-1-worker-190 | DEBUG | d.t.c.a.a.c.s.f.ApiVersionFilter     : Adding Version to Request PUT /api/modeling-submissions/659/cancel-assessment
    23:44:16.733 | 426 ool-1-worker-190 | DEBUG | d.t.c.a.a.a.web.AssessmentResource   : REST request to cancel assessment of submission: 659
    23:44:16.737 | 426 ool-1-worker-190 | DEBUG | d.t.c.a.a.a.service.ResultService    : Delete result 371
    23:44:16.737 | 426 ool-1-worker-190 | DEBUG | d.t.c.a.a.a.service.ResultService    : Delete result references 371

  Starting logs for ModelingAssessmentIntegrationTest > testAutomaticAssessmentDeploymentDiagramUponAssessmentSubmission()
    23:44:16.761 | 426 ool-1-worker-190 | DEBUG | d.t.c.a.a.c.u.util.UserUtilService   : Generate 6 students...
    23:44:16.771 | 426 ool-1-worker-190 | DEBUG | d.t.c.a.a.c.u.util.UserUtilService   : 6 students generated. Generate 2 tutors...
    23:44:16.775 | 426 ool-1-worker-190 | DEBUG | d.t.c.a.a.c.u.util.UserUtilService   : 2 tutors generated. Generate 0 editors...
    23:44:16.776 | 426 ool-1-worker-190 | DEBUG | d.t.c.a.a.c.u.util.UserUtilService   : 0 editors generated. Generate 1 instructors...
    23:44:16.779 | 426 ool-1-worker-190 | DEBUG | d.t.c.a.a.c.u.util.UserUtilService   : 1 instructors generated
    23:44:16.780 | 426 ool-1-worker-190 | DEBUG | d.t.c.a.a.c.u.util.UserUtilService   : Removing 9 users from all courses...
    23:44:16.782 | 426 ool-1-worker-190 | DEBUG | d.t.c.a.a.c.u.util.UserUtilService   : Removing 9 users from all courses. Done
    23:44:16.782 | 426 ool-1-worker-190 | DEBUG | d.t.c.a.a.c.u.util.UserUtilService   : Save 9 users to database...
    23:44:16.788 | 426 ool-1-worker-190 | DEBUG | d.t.c.a.a.c.u.util.UserUtilService   : Save 9 users to database. Done
    23:44:16.802 | 426 ool-1-worker-190 | INFO  | i.z.t.d.l.EmbeddedDatabaseReporter   : JDBC URL to connect to 'dataSource': url='jdbc:h2:tcp://localhost:41063/mem:f240edcd-27ce-47a3-b4ab-a6a00c154135;USER=sa', scope='ModelingAssessmentIntegrationTest#testAutomaticAssessmentDeploymentDiagramUponAssessmentSubmission'
    23:44:16.826 | 426 ool-1-worker-190 | INFO  | d.t.c.a.a.m.s.compass.CompassService : ModelCluster: start building clusters of 2 submissions for modeling exercise 1122
    23:44:16.833 | 426 ool-1-worker-190 | INFO  | d.t.c.a.a.m.s.compass.CompassService : ModelClusterTimeLog: building clusters of 2 submissions for modeling exercise 1122 done in 9.21ms
    23:44:16.844 | 426 ool-1-worker-190 | INFO  | d.t.c.a.a.m.s.compass.CompassService : ModelClusterTimeLog: building and saving clusters of 2 submissions for exercise 1122 done in 20.07ms
    23:44:16.845 | 426 ool-1-worker-190 | DEBUG | d.t.c.a.a.c.s.f.ApiVersionFilter     : Adding Version to Request PUT /api/modeling-submissions/660/result/0/assessment
    23:44:16.857 | 426 ool-1-worker-190 | DEBUG | .c.s.m.InstanceMessageReceiveService : Received schedule participant score for exercise 1122 and participant 104 (result to be deleted: null)
    23:44:16.859 | 426 ool-1-worker-190 | DEBUG | .a.s.ParticipantScoreScheduleService : Scheduled task for exercise 1122 and participant 104 at 2025-02-14T23:44:16.957822180Z[Etc/UTC].
    23:44:16.872 | 426 ool-1-worker-190 | DEBUG | .c.s.m.InstanceMessageReceiveService : Received schedule participant score for exercise 1122 and participant 104 (result to be deleted: null)
    23:44:16.872 | 426 ool-1-worker-190 | DEBUG | .a.s.ParticipantScoreScheduleService : Scheduled task for exercise 1122 and participant 104 at 2025-02-14T23:44:16.972941423Z[Etc/UTC].
    23:44:16.886 | 426 ool-1-worker-190 | DEBUG | .c.s.m.InstanceMessageReceiveService : Received schedule participant score for exercise 1122 and participant 104 (result to be deleted: null)
    23:44:16.886 | 426 ool-1-worker-190 | DEBUG | .a.s.ParticipantScoreScheduleService : Scheduled task for exercise 1122 and participant 104 at 2025-02-14T23:44:16.986441468Z[Etc/UTC].
    23:44:16.895 | 426 ool-1-worker-190 | DEBUG | .c.s.m.InstanceMessageReceiveService : Received schedule participant score for exercise 1122 and participant 104 (result to be deleted: null)
    23:44:16.896 | 426 ool-1-worker-190 | DEBUG | .a.s.ParticipantScoreScheduleService : Scheduled task for exercise 1122 and participant 104 at 2025-02-14T23:44:16.996055616Z[Etc/UTC].

  Starting logs for ModelingAssessmentIntegrationTest > testAutomaticAssessmentPetriNetDiagramUponAssessmentSubmission()
    23:44:16.949 | 426 ool-1-worker-190 | DEBUG | d.t.c.a.a.c.u.util.UserUtilService   : Generate 6 students...
    23:44:16.958 | 426 ool-1-worker-190 | DEBUG | d.t.c.a.a.c.u.util.UserUtilService   : 6 students generated. Generate 2 tutors...
    23:44:16.961 | 426 ool-1-worker-190 | DEBUG | d.t.c.a.a.c.u.util.UserUtilService   : 2 tutors generated. Generate 0 editors...
    23:44:16.963 | 426 ool-1-worker-190 | DEBUG | d.t.c.a.a.c.u.util.UserUtilService   : 0 editors generated. Generate 1 instructors...
    23:44:16.966 | 426 ool-1-worker-190 | DEBUG | d.t.c.a.a.c.u.util.UserUtilService   : 1 instructors generated
    23:44:16.968 | 426 ool-1-worker-190 | DEBUG | d.t.c.a.a.c.u.util.UserUtilService   : Removing 9 users from all courses...
    23:44:16.969 | 426 ool-1-worker-190 | DEBUG | d.t.c.a.a.c.u.util.UserUtilService   : Removing 9 users from all courses. Done
    23:44:16.969 | 426 ool-1-worker-190 | DEBUG | d.t.c.a.a.c.u.util.UserUtilService   : Save 9 users to database...
    23:44:16.978 | 426 ool-1-worker-190 | DEBUG | d.t.c.a.a.c.u.util.UserUtilService   : Save 9 users to database. Done
    23:44:16.995 | 426 ool-1-worker-190 | INFO  | i.z.t.d.l.EmbeddedDatabaseReporter   : JDBC URL to connect to 'dataSource': url='jdbc:h2:tcp://localhost:41063/mem:f240edcd-27ce-47a3-b4ab-a6a00c154135;USER=sa', scope='ModelingAssessmentIntegrationTest#testAutomaticAssessmentPetriNetDiagramUponAssessmentSubmission'
    23:44:17.016 | 426 ool-1-worker-190 | INFO  | d.t.c.a.a.m.s.compass.CompassService : ModelCluster: start building clusters of 2 submissions for modeling exercise 1134
    23:44:17.017 | 426 ool-1-worker-190 | INFO  | d.t.c.a.a.m.s.compass.CompassService : ModelClusterTimeLog: building clusters of 2 submissions for modeling exercise 1134 done in 3.69ms
    23:44:17.021 | 426 ool-1-worker-190 | INFO  | d.t.c.a.a.m.s.compass.CompassService : ModelClusterTimeLog: building and saving clusters of 2 submissions for exercise 1134 done in 7.58ms
    23:44:17.022 | 426 ool-1-worker-190 | DEBUG | d.t.c.a.a.c.s.f.ApiVersionFilter     : Adding Version to Request PUT /api/modeling-submissions/662/result/0/assessment
    23:44:17.027 | 426 ool-1-worker-190 | DEBUG | .c.s.m.InstanceMessageReceiveService : Received schedule participant score for exercise 1134 and participant 104 (result to be deleted: null)
    23:44:17.028 | 426 ool-1-worker-190 | DEBUG | .a.s.ParticipantScoreScheduleService : Scheduled task for exercise 1134 and participant 104 at 2025-02-14T23:44:17.127978837Z[Etc/UTC].
    23:44:17.038 | 426 ool-1-worker-190 | DEBUG | .c.s.m.InstanceMessageReceiveService : Received schedule participant score for exercise 1134 and participant 104 (result to be deleted: null)
    23:44:17.038 | 426 ool-1-worker-190 | DEBUG | .a.s.ParticipantScoreScheduleService : Scheduled task for exercise 1134 and participant 104 at 2025-02-14T23:44:17.138330428Z[Etc/UTC].
    23:44:17.051 | 426 ool-1-worker-190 | DEBUG | .c.s.m.InstanceMessageReceiveService : Received schedule participant score for exercise 1134 and participant 104 (result to be deleted: null)
    23:44:17.051 | 426 ool-1-worker-190 | DEBUG | .a.s.ParticipantScoreScheduleService : Scheduled task for exercise 1134 and participant 104 at 2025-02-14T23:44:17.151986273Z[Etc/UTC].
    23:44:17.061 | 426 ool-1-worker-190 | DEBUG | .c.s.m.InstanceMessageReceiveService : Received schedule participant score for exercise 1134 and participant 104 (result to be deleted: null)
    23:44:17.061 | 426 ool-1-worker-190 | DEBUG | .a.s.ParticipantScoreScheduleService : Scheduled task for exercise 1134 and participant 104 at 2025-02-14T23:44:17.161115187Z[Etc/UTC].

  Starting logs for ModelingAssessmentIntegrationTest > testLongestFeedbackTextSelection()
    23:44:17.108 | 426 ool-1-worker-190 | DEBUG | d.t.c.a.a.c.u.util.UserUtilService   : Generate 6 students...
    23:44:17.117 | 426 ool-1-worker-190 | DEBUG | d.t.c.a.a.c.u.util.UserUtilService   : 6 students generated. Generate 2 tutors...
    23:44:17.121 | 426 ool-1-worker-190 | DEBUG | d.t.c.a.a.c.u.util.UserUtilService   : 2 tutors generated. Generate 0 editors...
    23:44:17.123 | 426 ool-1-worker-190 | DEBUG | d.t.c.a.a.c.u.util.UserUtilService   : 0 editors generated. Generate 1 instructors...
    23:44:17.131 | 426 ool-1-worker-190 | DEBUG | d.t.c.a.a.c.u.util.UserUtilService   : 1 instructors generated
    23:44:17.133 | 426 ool-1-worker-190 | DEBUG | d.t.c.a.a.c.u.util.UserUtilService   : Removing 9 users from all courses...
    23:44:17.134 | 426 ool-1-worker-190 | DEBUG | d.t.c.a.a.c.u.util.UserUtilService   : Removing 9 users from all courses. Done
    23:44:17.134 | 426 ool-1-worker-190 | DEBUG | d.t.c.a.a.c.u.util.UserUtilService   : Save 9 users to database...
    23:44:17.143 | 426 ool-1-worker-190 | DEBUG | d.t.c.a.a.c.u.util.UserUtilService   : Save 9 users to database. Done
    23:44:17.163 | 426 ool-1-worker-190 | INFO  | i.z.t.d.l.EmbeddedDatabaseReporter   : JDBC URL to connect to 'dataSource': url='jdbc:h2:tcp://localhost:41063/mem:f240edcd-27ce-47a3-b4ab-a6a00c154135;USER=sa', scope='ModelingAssessmentIntegrationTest#testLongestFeedbackTextSelection'
    23:44:17.213 | 426 ool-1-worker-190 | INFO  | d.t.c.a.a.m.s.compass.CompassService : ModelCluster: start building clusters of 4 submissions for modeling exercise 1138
    23:44:17.214 | 426 ool-1-worker-190 | INFO  | d.t.c.a.a.m.s.compass.CompassService : ModelClusterTimeLog: building clusters of 4 submissions for modeling exercise 1138 done in 3.26ms
    23:44:17.216 | 426 ool-1-worker-190 | INFO  | d.t.c.a.a.m.s.compass.CompassService : ModelClusterTimeLog: building and saving clusters of 4 submissions for exercise 1138 done in 5.92ms
    23:44:17.218 | 426 ool-1-worker-190 | DEBUG | d.t.c.a.a.c.s.f.ApiVersionFilter     : Adding Version to Request PUT /api/modeling-submissions/664/result/0/assessment
    23:44:17.222 | 426 ool-1-worker-190 | DEBUG | .c.s.m.InstanceMessageReceiveService : Received schedule participant score for exercise 1138 and participant 104 (result to be deleted: null)
    23:44:17.222 | 426 ool-1-worker-190 | DEBUG | .a.s.ParticipantScoreScheduleService : Scheduled task for exercise 1138 and participant 104 at 2025-02-14T23:44:17.322813812Z[Etc/UTC].
    23:44:17.228 | 426 ool-1-worker-190 | DEBUG | .c.s.m.InstanceMessageReceiveService : Received schedule participant score for exercise 1138 and participant 104 (result to be deleted: null)
    23:44:17.228 | 426 ool-1-worker-190 | DEBUG | .a.s.ParticipantScoreScheduleService : Scheduled task for exercise 1138 and participant 104 at 2025-02-14T23:44:17.328492722Z[Etc/UTC].
    23:44:17.234 | 426 ool-1-worker-190 | DEBUG | .c.s.m.InstanceMessageReceiveService : Received schedule participant score for exercise 1138 and participant 104 (result to be deleted: null)
    23:44:17.234 | 426 ool-1-worker-190 | DEBUG | .a.s.ParticipantScoreScheduleService : Scheduled task for exercise 1138 and participant 104 at 2025-02-14T23:44:17.334788924Z[Etc/UTC].
    23:44:17.238 | 426 ool-1-worker-190 | DEBUG | .c.s.m.InstanceMessageReceiveService : Received schedule participant score for exercise 1138 and participant 104 (result to be deleted: null)
    23:44:17.238 | 426 ool-1-worker-190 | DEBUG | .a.s.ParticipantScoreScheduleService : Scheduled task for exercise 1138 and participant 104 at 2025-02-14T23:44:17.338178655Z[Etc/UTC].
    23:44:17.246 | 426 ool-1-worker-190 | DEBUG | d.t.c.a.a.c.s.f.ApiVersionFilter     : Adding Version to Request PUT /api/modeling-submissions/665/result/0/assessment
    23:44:17.250 | 426 ool-1-worker-190 | DEBUG | .c.s.m.InstanceMessageReceiveService : Received schedule participant score for exercise 1138 and participant 105 (result to be deleted: null)
    23:44:17.250 | 426 ool-1-worker-190 | DEBUG | .a.s.ParticipantScoreScheduleService : Scheduled task for exercise 1138 and participant 105 at 2025-02-14T23:44:17.350865994Z[Etc/UTC].
    23:44:17.256 | 426 ool-1-worker-190 | DEBUG | .c.s.m.InstanceMessageReceiveService : Received schedule participant score for exercise 1138 and participant 105 (result to be deleted: null)
    23:44:17.256 | 426 ool-1-worker-190 | DEBUG | .a.s.ParticipantScoreScheduleService : Scheduled task for exercise 1138 and participant 105 at 2025-02-14T23:44:17.356649379Z[Etc/UTC].
    23:44:17.262 | 426 ool-1-worker-190 | DEBUG | .c.s.m.InstanceMessageReceiveService : Received schedule participant score for exercise 1138 and participant 105 (result to be deleted: null)
    23:44:17.262 | 426 ool-1-worker-190 | DEBUG | .a.s.ParticipantScoreScheduleService : Scheduled task for exercise 1138 and participant 105 at 2025-02-14T23:44:17.362972520Z[Etc/UTC].
    23:44:17.265 | 426 ool-1-worker-190 | DEBUG | .c.s.m.InstanceMessageReceiveService : Received schedule participant score for exercise 1138 and participant 105 (result to be deleted: null)
    23:44:17.265 | 426 ool-1-worker-190 | DEBUG | .a.s.ParticipantScoreScheduleService : Scheduled task for exercise 1138 and participant 105 at 2025-02-14T23:44:17.365945284Z[Etc/UTC].
    23:44:17.274 | 426 ool-1-worker-190 | DEBUG | d.t.c.a.a.c.s.f.ApiVersionFilter     : Adding Version to Request PUT /api/modeling-submissions/666/result/0/assessment
    23:44:17.278 | 426 ool-1-worker-190 | DEBUG | .c.s.m.InstanceMessageReceiveService : Received schedule participant score for exercise 1138 and participant 106 (result to be deleted: null)
    23:44:17.278 | 426 ool-1-worker-190 | DEBUG | .a.s.ParticipantScoreScheduleService : Scheduled task for exercise 1138 and participant 106 at 2025-02-14T23:44:17.378377438Z[Etc/UTC].
    23:44:17.283 | 426 ool-1-worker-190 | DEBUG | .c.s.m.InstanceMessageReceiveService : Received schedule participant score for exercise 1138 and participant 106 (result to be deleted: null)
    23:44:17.283 | 426 ool-1-worker-190 | DEBUG | .a.s.ParticipantScoreScheduleService : Scheduled task for exercise 1138 and participant 106 at 2025-02-14T23:44:17.383955179Z[Etc/UTC].
    23:44:17.290 | 426 ool-1-worker-190 | DEBUG | .c.s.m.InstanceMessageReceiveService : Received schedule participant score for exercise 1138 and participant 106 (result to be deleted: null)
    23:44:17.290 | 426 ool-1-worker-190 | DEBUG | .a.s.ParticipantScoreScheduleService : Scheduled task for exercise 1138 and participant 106 at 2025-02-14T23:44:17.390374830Z[Etc/UTC].
    23:44:17.293 | 426 ool-1-worker-190 | DEBUG | .c.s.m.InstanceMessageReceiveService : Received schedule participant score for exercise 1138 and participant 106 (result to be deleted: null)
    23:44:17.293 | 426 ool-1-worker-190 | DEBUG | .a.s.ParticipantScoreScheduleService : Scheduled task for exercise 1138 and participant 106 at 2025-02-14T23:44:17.393313550Z[Etc/UTC].

  Starting logs for ModelingAssessmentIntegrationTest > testOverrideAssessment_saveOtherTutorForbidden()
    23:44:17.319 | 426 ool-1-worker-190 | DEBUG | d.t.c.a.a.c.u.util.UserUtilService   : Generate 6 students...
    23:44:17.328 | 426 ool-1-worker-190 | DEBUG | d.t.c.a.a.c.u.util.UserUtilService   : 6 students generated. Generate 2 tutors...
    23:44:17.332 | 426 ool-1-worker-190 | DEBUG | d.t.c.a.a.c.u.util.UserUtilService   : 2 tutors generated. Generate 0 editors...
    23:44:17.333 | 426 ool-1-worker-190 | DEBUG | d.t.c.a.a.c.u.util.UserUtilService   : 0 editors generated. Generate 1 instructors...
    23:44:17.337 | 426 ool-1-worker-190 | DEBUG | d.t.c.a.a.c.u.util.UserUtilService   : 1 instructors generated
    23:44:17.338 | 426 ool-1-worker-190 | DEBUG | d.t.c.a.a.c.u.util.UserUtilService   : Removing 9 users from all courses...
    23:44:17.340 | 426 ool-1-worker-190 | DEBUG | d.t.c.a.a.c.u.util.UserUtilService   : Removing 9 users from all courses. Done
    23:44:17.340 | 426 ool-1-worker-190 | DEBUG | d.t.c.a.a.c.u.util.UserUtilService   : Save 9 users to database...
    23:44:17.347 | 426 ool-1-worker-190 | DEBUG | d.t.c.a.a.c.u.util.UserUtilService   : Save 9 users to database. Done
    23:44:17.361 | 426 ool-1-worker-190 | INFO  | i.z.t.d.l.EmbeddedDatabaseReporter   : JDBC URL to connect to 'dataSource': url='jdbc:h2:tcp://localhost:41063/mem:f240edcd-27ce-47a3-b4ab-a6a00c154135;USER=sa', scope='ModelingAssessmentIntegrationTest#testOverrideAssessment_saveOtherTutorForbidden'
    23:44:17.384 | 426 ool-1-worker-190 | DEBUG | .c.s.m.InstanceMessageReceiveService : Received schedule participant score for exercise 1149 and participant 104 (result to be deleted: null)
    23:44:17.384 | 426 ool-1-worker-190 | DEBUG | .a.s.ParticipantScoreScheduleService : Scheduled task for exercise 1149 and participant 104 at 2025-02-14T23:44:17.484824600Z[Etc/UTC].
    23:44:17.398 | 426 ool-1-worker-190 | DEBUG | .c.s.m.InstanceMessageReceiveService : Received schedule participant score for exercise 1149 and participant 104 (result to be deleted: null)
    23:44:17.398 | 426 ool-1-worker-190 | DEBUG | .a.s.ParticipantScoreScheduleService : Scheduled task for exercise 1149 and participant 104 at 2025-02-14T23:44:17.498344702Z[Etc/UTC].
    23:44:17.400 | 426 ool-1-worker-190 | DEBUG | d.t.c.a.a.c.s.f.ApiVersionFilter     : Adding Version to Request PUT /api/modeling-submissions/668/result/377/assessment
    23:44:17.405 | 426 ool-1-worker-190 | DEBUG | d.t.c.a.a.a.web.AssessmentResource   : The user modelingassessmenttutor2 is not allowed to override the assessment for the submission 668
    23:44:17.409 | 426 ool-1-worker-190 | WARN  | o.z.p.spring.common.AdviceTraits     : Forbidden: The user is not allowed to override the assessment

  Starting logs for ModelingAssessmentIntegrationTest > testAutomaticAssessmentUponModelSubmission_activityDiagram_identicalModel()
    23:44:17.427 | 426 ool-1-worker-190 | DEBUG | d.t.c.a.a.c.u.util.UserUtilService   : Generate 6 students...
    23:44:17.436 | 426 ool-1-worker-190 | DEBUG | d.t.c.a.a.c.u.util.UserUtilService   : 6 students generated. Generate 2 tutors...
    23:44:17.440 | 426 ool-1-worker-190 | DEBUG | d.t.c.a.a.c.u.util.UserUtilService   : 2 tutors generated. Generate 0 editors...
    23:44:17.442 | 426 ool-1-worker-190 | DEBUG | d.t.c.a.a.c.u.util.UserUtilService   : 0 editors generated. Generate 1 instructors...
    23:44:17.445 | 426 ool-1-worker-190 | DEBUG | d.t.c.a.a.c.u.util.UserUtilService   : 1 instructors generated
    23:44:17.447 | 426 ool-1-worker-190 | DEBUG | d.t.c.a.a.c.u.util.UserUtilService   : Removing 9 users from all courses...
    23:44:17.450 | 426 ool-1-worker-190 | DEBUG | d.t.c.a.a.c.u.util.UserUtilService   : Removing 9 users from all courses. Done
    23:44:17.450 | 426 ool-1-worker-190 | DEBUG | d.t.c.a.a.c.u.util.UserUtilService   : Save 9 users to database...
    23:44:17.458 | 426 ool-1-worker-190 | DEBUG | d.t.c.a.a.c.u.util.UserUtilService   : Save 9 users to database. Done
    23:44:17.477 | 426 ool-1-worker-190 | INFO  | i.z.t.d.l.EmbeddedDatabaseReporter   : JDBC URL to connect to 'dataSource': url='jdbc:h2:tcp://localhost:41063/mem:f240edcd-27ce-47a3-b4ab-a6a00c154135;USER=sa', scope='ModelingAssessmentIntegrationTest#testAutomaticAssessmentUponModelSubmission_activityDiagram_identicalModel'
    23:44:17.487 | 426 ool-1-worker-190 | DEBUG | .c.s.m.InstanceMessageReceiveService : Received schedule participant score for exercise 1161 and participant 104 (result to be deleted: null)
    23:44:17.487 | 426 ool-1-worker-190 | DEBUG | .a.s.ParticipantScoreScheduleService : Scheduled task for exercise 1161 and participant 104 at 2025-02-14T23:44:17.587982549Z[Etc/UTC].
    23:44:17.499 | 426 ool-1-worker-190 | DEBUG | .c.s.m.InstanceMessageReceiveService : Received schedule participant score for exercise 1161 and participant 104 (result to be deleted: null)
    23:44:17.499 | 426 ool-1-worker-190 | DEBUG | .a.s.ParticipantScoreScheduleService : Scheduled task for exercise 1161 and participant 104 at 2025-02-14T23:44:17.599798263Z[Etc/UTC].
    23:44:17.509 | 426 ool-1-worker-190 | DEBUG | .c.s.m.InstanceMessageReceiveService : Received schedule participant score for exercise 1161 and participant 104 (result to be deleted: null)
    23:44:17.509 | 426 ool-1-worker-190 | DEBUG | .a.s.ParticipantScoreScheduleService : Scheduled task for exercise 1161 and participant 104 at 2025-02-14T23:44:17.609888489Z[Etc/UTC].
    23:44:17.515 | 426 ool-1-worker-190 | DEBUG | .c.s.m.InstanceMessageReceiveService : Received schedule participant score for exercise 1161 and participant 104 (result to be deleted: null)
    23:44:17.515 | 426 ool-1-worker-190 | DEBUG | .a.s.ParticipantScoreScheduleService : Scheduled task for exercise 1161 and participant 104 at 2025-02-14T23:44:17.615527135Z[Etc/UTC].
    23:44:17.540 | 426 ool-1-worker-190 | DEBUG | .c.s.m.InstanceMessageReceiveService : Received schedule participant score for exercise 1161 and participant 104 (result to be deleted: null)
    23:44:17.540 | 426 ool-1-worker-190 | DEBUG | .a.s.ParticipantScoreScheduleService : Scheduled task for exercise 1161 and participant 104 at 2025-02-14T23:44:17.640185427Z[Etc/UTC].
    23:44:17.547 | 426 ool-1-worker-190 | DEBUG | d.t.c.a.a.c.s.f.ApiVersionFilter     : Adding Version to Request POST /api/exercises/1161/modeling-submissions
    23:44:17.548 | 426 ool-1-worker-190 | DEBUG | c.a.a.m.w.ModelingSubmissionResource : REST request to create modeling submission: {  "version": "2.0.0",  "type": "ActivityDiagram",  "size": {    "width": 1780,    "height": 520  },  "interactive": {    "elements": [],    "relationships": []  },  "elements": [    {      "id": "f85b009b-3320-4c73-9c7b-0d4bbe7e74f9",      "name": "Activity2",      "type": "Activity",      "owner": null,      "bounds": {        "x": 370,        "y": 0,        "width": 1040,        "height": 510      }    },    {      "id": "02c342c2-53d4-4bd7-9e08-774dbaa97ca6",      "name": "Decision",      "type": "ActivityMergeNode",      "owner": "f85b009b-3320-4c73-9c7b-0d4bbe7e74f9",      "bounds": {        "x": 540,        "y": 180,        "width": 200,        "height": 60      }    },    {      "id": "06c289b0-0a7d-4f9b-abef-3027a06330aa",      "name": "",      "type": "ActivityForkNode",      "owner": "f85b009b-3320-4c73-9c7b-0d4bbe7e74f9",      "bounds": {        "x": 820,        "y": 180,        "width": 20,        "height": 60      }    },    {      "id": "1c0576f6-89b0-4b13-96d9-e1a0a227e8e1",      "name": "Action1",      "type": "ActivityActionNode",      "owner": "f85b009b-3320-4c73-9c7b-0d4bbe7e74f9",      "bounds": {        "x": 990,        "y": 70,        "width": 200,        "height": 100      }    },    {      "id": "056d0fe3-942a-4719-9b59-4c52443adcd5",      "name": "Action2",      "type": "ActivityActionNode",      "owner": "f85b009b-3320-4c73-9c7b-0d4bbe7e74f9",      "bounds": {        "x": 990,        "y": 250,        "width": 200,        "height": 100      }    },    {      "id": "2d1fbb07-bf49-43c1-a55f-35437e2cfcdc",      "name": "",      "type": "ActivityInitialNode",      "owner": "f85b009b-3320-4c73-9c7b-0d4bbe7e74f9",      "bounds": {        "x": 390,        "y": 190,        "width": 45,        "height": 45      }    },    {      "id": "5019a714-3bef-4e4e-b649-b759c2b8778a",      "name": "",      "type": "ActivityFinalNode",      "owner": "f85b009b-3320-4c73-9c7b-0d4bbe7e74f9",      "bounds": {        "x": 390,        "y": 390,        "width": 45,        "height": 45      }    },    {      "id": "525b1697-6f48-4b07-9504-8feddb48a882",      "name": "Object",      "type": "ActivityObjectNode",      "owner": "f85b009b-3320-4c73-9c7b-0d4bbe7e74f9",      "bounds": {        "x": 990,        "y": 360,        "width": 200,        "height": 100      }    },    {      "id": "e81a38a1-9ceb-46c9-b9e4-f8d274c76085",      "name": "Merge",      "type": "ActivityMergeNode",      "owner": "f85b009b-3320-4c73-9c7b-0d4bbe7e74f9",      "bounds": {        "x": 540,        "y": 380,        "width": 200,        "height": 60      }    },    {      "id": "cfcb7b17-0500-4654-89bb-a7082d5c3b6d",      "name": "Activity1",      "type": "Activity",      "owner": null,      "bounds": {        "x": 0,        "y": 200,        "width": 200,        "height": 100      }    }  ],  "relationships": [    {      "id": "50a3baf7-7678-446a-ac5b-e491210ea673",      "name": "",      "type": "ActivityControlFlow",      "owner": null,      "bounds": {        "x": 740,        "y": 210,        "width": 80,        "height": 1      },      "path": [        {          "x": 0,          "y": 0        },        {          "x": 80,          "y": 0        }      ],      "source": {        "direction": "Right",        "element": "02c342c2-53d4-4bd7-9e08-774dbaa97ca6"      },      "target": {        "direction": "Left",        "element": "06c289b0-0a7d-4f9b-abef-3027a06330aa"      }    },    {      "id": "98368d15-25a3-4572-a6b6-3fc97e0d532f",      "name": "",      "type": "ActivityControlFlow",      "owner": null,      "bounds": {        "x": 840,        "y": 120,        "width": 150,        "height": 90      },      "path": [        {          "x": 0,          "y": 90        },        {          "x": 40,          "y": 90        },        {          "x": 40,          "y": 0        },        {          "x": 150,          "y": 0        }      ],      "source": {        "direction": "Right",        "element": "06c289b0-0a7d-4f9b-abef-3027a06330aa"      },      "target": {        "direction": "Left",        "element": "1c0576f6-89b0-4b13-96d9-e1a0a227e8e1"      }    },    {      "id": "7e59aded-6e55-4241-ac61-ab306ea23ecd",      "name": "",      "type": "ActivityControlFlow",      "owner": null,      "bounds": {        "x": 840,        "y": 210,        "width": 150,        "height": 90      },      "path": [        {          "x": 0,          "y": 0        },        {          "x": 40,          "y": 0        },        {          "x": 40,          "y": 90        },        {          "x": 150,          "y": 90        }      ],      "source": {        "direction": "Right",        "element": "06c289b0-0a7d-4f9b-abef-3027a06330aa"      },      "target": {        "direction": "Left",        "element": "056d0fe3-942a-4719-9b59-4c52443adcd5"      }    },    {      "id": "9fb27fb7-153c-4938-92a7-3f79722cf5c0",      "name": "",      "type": "ActivityControlFlow",      "owner": null,      "bounds": {        "x": 1190,        "y": 120,        "width": 170,        "height": 90      },      "path": [        {          "x": 0,          "y": 0        },        {          "x": 85,          "y": 0        },        {          "x": 85,          "y": 90        },        {          "x": 170,          "y": 90        }      ],      "source": {        "direction": "Right",        "element": "1c0576f6-89b0-4b13-96d9-e1a0a227e8e1"      },      "target": {        "direction": "Left",        "element": "f85b009b-3320-4c73-9c7b-0d4bbe7e74f9"      }    },    {      "id": "a14b46df-64aa-401a-87f1-82076ba20e9c",      "name": "",      "type": "ActivityControlFlow",      "owner": null,      "bounds": {        "x": 1190,        "y": 210,        "width": 170,        "height": 90      },      "path": [        {          "x": 0,          "y": 90        },        {          "x": 85,          "y": 90        },        {          "x": 85,          "y": 0        },        {          "x": 170,          "y": 0        }      ],      "source": {        "direction": "Right",        "element": "056d0fe3-942a-4719-9b59-4c52443adcd5"      },      "target": {        "direction": "Left",        "element": "f85b009b-3320-4c73-9c7b-0d4bbe7e74f9"      }    },    {      "id": "fa4fb017-4022-4b44-8caa-fe030173b8c5",      "name": "",      "type": "ActivityControlFlow",      "owner": null,      "bounds": {        "x": 435,        "y": 212.5,        "width": 105,        "height": 1      },      "path": [        {          "x": 0,          "y": 0        },        {          "x": 105,          "y": 0        }      ],      "source": {        "direction": "Right",        "element": "2d1fbb07-bf49-43c1-a55f-35437e2cfcdc"      },      "target": {        "direction": "Left",        "element": "02c342c2-53d4-4bd7-9e08-774dbaa97ca6"      }    },    {      "id": "c479f73c-8125-40de-8e6b-0e67ea515307",      "name": "",      "type": "ActivityControlFlow",      "owner": null,      "bounds": {        "x": 640,        "y": 240,        "width": 1,        "height": 140      },      "path": [        {          "x": 0,          "y": 0        },        {          "x": 0,          "y": 140        }      ],      "source": {        "direction": "Down",        "element": "02c342c2-53d4-4bd7-9e08-774dbaa97ca6"      },      "target": {        "direction": "Up",        "element": "e81a38a1-9ceb-46c9-b9e4-f8d274c76085"      }    },    {      "id": "d268d8d8-8785-4f54-9777-4fa15e008728",      "name": "",      "type": "ActivityControlFlow",      "owner": null,      "bounds": {        "x": 740,        "y": 410,        "width": 250,        "height": 1      },      "path": [        {          "x": 250,          "y": 0        },        {          "x": 0,          "y": 0        }      ],      "source": {        "direction": "Left",        "element": "525b1697-6f48-4b07-9504-8feddb48a882"      },      "target": {        "direction": "Right",        "element": "e81a38a1-9ceb-46c9-b9e4-f8d274c76085"      }    },    {      "id": "fa9b870d-2b4b-47e1-946a-abf365dc0f15",      "name": "",      "type": "ActivityControlFlow",      "owner": null,      "bounds": {        "x": 1190,        "y": 240,        "width": 180,        "height": 170      },      "path": [        {          "x": 180,          "y": 0        },        {          "x": 180,          "y": 170        },        {          "x": 0,          "y": 170        }      ],      "source": {        "direction": "Down",        "element": "f85b009b-3320-4c73-9c7b-0d4bbe7e74f9"      },      "target": {        "direction": "Right",        "element": "525b1697-6f48-4b07-9504-8feddb48a882"      }    },    {      "id": "84cb94c0-dc0a-4794-b8b1-83c44b3be13e",      "name": "",      "type": "ActivityControlFlow",      "owner": null,      "bounds": {        "x": 435,        "y": 412.5,        "width": 105,        "height": 1      },      "path": [        {          "x": 105,          "y": 0        },        {          "x": 0,          "y": 0        }      ],      "source": {        "direction": "Left",        "element": "e81a38a1-9ceb-46c9-b9e4-f8d274c76085"      },      "target": {        "direction": "Right",        "element": "5019a714-3bef-4e4e-b649-b759c2b8778a"      }    },    {      "id": "fa0285e3-a3e6-4281-8c0e-223e5758106e",      "name": "",      "type": "ActivityControlFlow",      "owner": null,      "bounds": {        "x": 200,        "y": 250,        "width": 170,        "height": 1      },      "path": [        {          "x": 0,          "y": 0        },        {          "x": 170,          "y": 0        }      ],      "source": {        "direction": "Right",        "element": "cfcb7b17-0500-4654-89bb-a7082d5c3b6d"      },      "target": {        "direction": "Left",        "element": "f85b009b-3320-4c73-9c7b-0d4bbe7e74f9"      }    }  ],  "assessments": []}
    23:44:17.552 | 426 ool-1-worker-190 | INFO  | c.a.a.m.w.ModelingSubmissionResource : save took 4ms for exercise 1161 and user modelingassessmentstudent2

  Starting logs for ModelingAssessmentIntegrationTest > testAutomaticAssessmentActivityDiagramUponAssessmentSubmission()
    23:44:17.573 | 426 ool-1-worker-190 | DEBUG | d.t.c.a.a.c.u.util.UserUtilService   : Generate 6 students...
    23:44:17.582 | 426 ool-1-worker-190 | DEBUG | d.t.c.a.a.c.u.util.UserUtilService   : 6 students generated. Generate 2 tutors...
    23:44:17.585 | 426 ool-1-worker-190 | DEBUG | d.t.c.a.a.c.u.util.UserUtilService   : 2 tutors generated. Generate 0 editors...
    23:44:17.586 | 426 ool-1-worker-190 | DEBUG | d.t.c.a.a.c.u.util.UserUtilService   : 0 editors generated. Generate 1 instructors...
    23:44:17.589 | 426 ool-1-worker-190 | DEBUG | d.t.c.a.a.c.u.util.UserUtilService   : 1 instructors generated
    23:44:17.590 | 426 ool-1-worker-190 | DEBUG | d.t.c.a.a.c.u.util.UserUtilService   : Removing 9 users from all courses...
    23:44:17.592 | 426 ool-1-worker-190 | DEBUG | d.t.c.a.a.c.u.util.UserUtilService   : Removing 9 users from all courses. Done
    23:44:17.592 | 426 ool-1-worker-190 | DEBUG | d.t.c.a.a.c.u.util.UserUtilService   : Save 9 users to database...
    23:44:17.598 | 426 ool-1-worker-190 | DEBUG | d.t.c.a.a.c.u.util.UserUtilService   : Save 9 users to database. Done
    23:44:17.613 | 426 ool-1-worker-190 | INFO  | i.z.t.d.l.EmbeddedDatabaseReporter   : JDBC URL to connect to 'dataSource': url='jdbc:h2:tcp://localhost:41063/mem:f240edcd-27ce-47a3-b4ab-a6a00c154135;USER=sa', scope='ModelingAssessmentIntegrationTest#testAutomaticAssessmentActivityDiagramUponAssessmentSubmission'
    23:44:17.632 | 426 ool-1-worker-190 | INFO  | d.t.c.a.a.m.s.compass.CompassService : ModelCluster: start building clusters of 2 submissions for modeling exercise 1172
    23:44:17.635 | 426 ool-1-worker-190 | INFO  | d.t.c.a.a.m.s.compass.CompassService : ModelClusterTimeLog: building clusters of 2 submissions for modeling exercise 1172 done in 5.84ms
    23:44:17.648 | 426 ool-1-worker-190 | INFO  | d.t.c.a.a.m.s.compass.CompassService : ModelClusterTimeLog: building and saving clusters of 2 submissions for exercise 1172 done in 18.84ms
    23:44:17.650 | 426 ool-1-worker-190 | DEBUG | d.t.c.a.a.c.s.f.ApiVersionFilter     : Adding Version to Request PUT /api/modeling-submissions/671/result/0/assessment
    23:44:17.654 | 426 ool-1-worker-190 | DEBUG | .c.s.m.InstanceMessageReceiveService : Received schedule participant score for exercise 1172 and participant 104 (result to be deleted: null)
    23:44:17.654 | 426 ool-1-worker-190 | DEBUG | .a.s.ParticipantScoreScheduleService : Scheduled task for exercise 1172 and participant 104 at 2025-02-14T23:44:17.754633312Z[Etc/UTC].
    23:44:17.660 | 426 ool-1-worker-190 | DEBUG | .c.s.m.InstanceMessageReceiveService : Received schedule participant score for exercise 1172 and participant 104 (result to be deleted: null)
    23:44:17.660 | 426 ool-1-worker-190 | DEBUG | .a.s.ParticipantScoreScheduleService : Scheduled task for exercise 1172 and participant 104 at 2025-02-14T23:44:17.760300791Z[Etc/UTC].
    23:44:17.669 | 426 ool-1-worker-190 | DEBUG | .c.s.m.InstanceMessageReceiveService : Received schedule participant score for exercise 1172 and participant 104 (result to be deleted: null)
    23:44:17.669 | 426 ool-1-worker-190 | DEBUG | .a.s.ParticipantScoreScheduleService : Scheduled task for exercise 1172 and participant 104 at 2025-02-14T23:44:17.769421570Z[Etc/UTC].
    23:44:17.675 | 426 ool-1-worker-190 | DEBUG | .c.s.m.InstanceMessageReceiveService : Received schedule participant score for exercise 1172 and participant 104 (result to be deleted: null)
    23:44:17.675 | 426 ool-1-worker-190 | DEBUG | .a.s.ParticipantScoreScheduleService : Scheduled task for exercise 1172 and participant 104 at 2025-02-14T23:44:17.775327533Z[Etc/UTC].

  Starting logs for ModelingAssessmentIntegrationTest > testAutomaticAssessmentUponAssessmentSubmission()
    23:44:17.710 | 426 ool-1-worker-190 | DEBUG | d.t.c.a.a.c.u.util.UserUtilService   : Generate 6 students...
    23:44:17.718 | 426 ool-1-worker-190 | DEBUG | d.t.c.a.a.c.u.util.UserUtilService   : 6 students generated. Generate 2 tutors...
    23:44:17.722 | 426 ool-1-worker-190 | DEBUG | d.t.c.a.a.c.u.util.UserUtilService   : 2 tutors generated. Generate 0 editors...
    23:44:17.724 | 426 ool-1-worker-190 | DEBUG | d.t.c.a.a.c.u.util.UserUtilService   : 0 editors generated. Generate 1 instructors...
    23:44:17.726 | 426 ool-1-worker-190 | DEBUG | d.t.c.a.a.c.u.util.UserUtilService   : 1 instructors generated
    23:44:17.728 | 426 ool-1-worker-190 | DEBUG | d.t.c.a.a.c.u.util.UserUtilService   : Removing 9 users from all courses...
    23:44:17.729 | 426 ool-1-worker-190 | DEBUG | d.t.c.a.a.c.u.util.UserUtilService   : Removing 9 users from all courses. Done
    23:44:17.729 | 426 ool-1-worker-190 | DEBUG | d.t.c.a.a.c.u.util.UserUtilService   : Save 9 users to database...
    23:44:17.735 | 426 ool-1-worker-190 | DEBUG | d.t.c.a.a.c.u.util.UserUtilService   : Save 9 users to database. Done
    23:44:17.748 | 426 ool-1-worker-190 | INFO  | i.z.t.d.l.EmbeddedDatabaseReporter   : JDBC URL to connect to 'dataSource': url='jdbc:h2:tcp://localhost:41063/mem:f240edcd-27ce-47a3-b4ab-a6a00c154135;USER=sa', scope='ModelingAssessmentIntegrationTest#testAutomaticAssessmentUponAssessmentSubmission'
    23:44:17.775 | 426 ool-1-worker-190 | INFO  | d.t.c.a.a.m.s.compass.CompassService : ModelCluster: start building clusters of 2 submissions for modeling exercise 1182
    23:44:17.776 | 426 ool-1-worker-190 | INFO  | d.t.c.a.a.m.s.compass.CompassService : ModelClusterTimeLog: building clusters of 2 submissions for modeling exercise 1182 done in 6.36ms
    23:44:17.791 | 426 ool-1-worker-190 | INFO  | d.t.c.a.a.m.s.compass.CompassService : ModelClusterTimeLog: building and saving clusters of 2 submissions for exercise 1182 done in 21.05ms
    23:44:17.793 | 426 ool-1-worker-190 | DEBUG | d.t.c.a.a.c.s.f.ApiVersionFilter     : Adding Version to Request PUT /api/modeling-submissions/673/result/0/assessment
    23:44:17.799 | 426 ool-1-worker-190 | DEBUG | .c.s.m.InstanceMessageReceiveService : Received schedule participant score for exercise 1182 and participant 104 (result to be deleted: null)
    23:44:17.799 | 426 ool-1-worker-190 | DEBUG | .a.s.ParticipantScoreScheduleService : Scheduled task for exercise 1182 and participant 104 at 2025-02-14T23:44:17.899360650Z[Etc/UTC].
    23:44:17.804 | 426 ool-1-worker-190 | DEBUG | .c.s.m.InstanceMessageReceiveService : Received schedule participant score for exercise 1182 and participant 104 (result to be deleted: null)
    23:44:17.804 | 426 ool-1-worker-190 | DEBUG | .a.s.ParticipantScoreScheduleService : Scheduled task for exercise 1182 and participant 104 at 2025-02-14T23:44:17.904921670Z[Etc/UTC].
    23:44:17.812 | 426 ool-1-worker-190 | DEBUG | .c.s.m.InstanceMessageReceiveService : Received schedule participant score for exercise 1182 and participant 104 (result to be deleted: null)
    23:44:17.812 | 426 ool-1-worker-190 | DEBUG | .a.s.ParticipantScoreScheduleService : Scheduled task for exercise 1182 and participant 104 at 2025-02-14T23:44:17.912335776Z[Etc/UTC].
    23:44:17.816 | 426 ool-1-worker-190 | DEBUG | .c.s.m.InstanceMessageReceiveService : Received schedule participant score for exercise 1182 and participant 104 (result to be deleted: null)
    23:44:17.816 | 426 ool-1-worker-190 | DEBUG | .a.s.ParticipantScoreScheduleService : Scheduled task for exercise 1182 and participant 104 at 2025-02-14T23:44:17.916539285Z[Etc/UTC].

  Starting logs for ModelingAssessmentIntegrationTest > testOverrideAssessment_submitSameTutorAfterAssessmentDueDateForbidden()
    23:44:17.848 | 426 ool-1-worker-190 | DEBUG | d.t.c.a.a.c.u.util.UserUtilService   : Generate 6 students...
    23:44:17.856 | 426 ool-1-worker-190 | DEBUG | d.t.c.a.a.c.u.util.UserUtilService   : 6 students generated. Generate 2 tutors...
    23:44:17.861 | 426 ool-1-worker-190 | DEBUG | d.t.c.a.a.c.u.util.UserUtilService   : 2 tutors generated. Generate 0 editors...
    23:44:17.862 | 426 ool-1-worker-190 | DEBUG | d.t.c.a.a.c.u.util.UserUtilService   : 0 editors generated. Generate 1 instructors...
    23:44:17.865 | 426 ool-1-worker-190 | DEBUG | d.t.c.a.a.c.u.util.UserUtilService   : 1 instructors generated
    23:44:17.867 | 426 ool-1-worker-190 | DEBUG | d.t.c.a.a.c.u.util.UserUtilService   : Removing 9 users from all courses...
    23:44:17.868 | 426 ool-1-worker-190 | DEBUG | d.t.c.a.a.c.u.util.UserUtilService   : Removing 9 users from all courses. Done
    23:44:17.868 | 426 ool-1-worker-190 | DEBUG | d.t.c.a.a.c.u.util.UserUtilService   : Save 9 users to database...
    23:44:17.875 | 426 ool-1-worker-190 | DEBUG | d.t.c.a.a.c.u.util.UserUtilService   : Save 9 users to database. Done
    23:44:17.888 | 426 ool-1-worker-190 | INFO  | i.z.t.d.l.EmbeddedDatabaseReporter   : JDBC URL to connect to 'dataSource': url='jdbc:h2:tcp://localhost:41063/mem:f240edcd-27ce-47a3-b4ab-a6a00c154135;USER=sa', scope='ModelingAssessmentIntegrationTest#testOverrideAssessment_submitSameTutorAfterAssessmentDueDateForbidden'
    23:44:17.914 | 426 ool-1-worker-190 | DEBUG | .c.s.m.InstanceMessageReceiveService : Received schedule participant score for exercise 1193 and participant 104 (result to be deleted: null)
    23:44:17.914 | 426 ool-1-worker-190 | DEBUG | .a.s.ParticipantScoreScheduleService : Scheduled task for exercise 1193 and participant 104 at 2025-02-14T23:44:18.014405936Z[Etc/UTC].
    23:44:17.922 | 426 ool-1-worker-190 | DEBUG | .c.s.m.InstanceMessageReceiveService : Received schedule participant score for exercise 1193 and participant 104 (result to be deleted: null)
    23:44:17.922 | 426 ool-1-worker-190 | DEBUG | .a.s.ParticipantScoreScheduleService : Scheduled task for exercise 1193 and participant 104 at 2025-02-14T23:44:18.022415473Z[Etc/UTC].
    23:44:17.924 | 426 ool-1-worker-190 | DEBUG | d.t.c.a.a.c.s.f.ApiVersionFilter     : Adding Version to Request PUT /api/modeling-submissions/675/result/381/assessment
    23:44:17.927 | 426 ool-1-worker-190 | DEBUG | d.t.c.a.a.a.web.AssessmentResource   : The user modelingassessmenttutor1 is not allowed to override the assessment for the submission 675
    23:44:17.927 | 426 ool-1-worker-190 | WARN  | o.z.p.spring.common.AdviceTraits     : Forbidden: The user is not allowed to override the assessment

  Starting logs for ModelingAssessmentIntegrationTest > testOverrideSubmittedManualAssessment_noConflict()
    23:44:17.948 | 426 ool-1-worker-190 | DEBUG | d.t.c.a.a.c.u.util.UserUtilService   : Generate 6 students...
    23:44:17.957 | 426 ool-1-worker-190 | DEBUG | d.t.c.a.a.c.u.util.UserUtilService   : 6 students generated. Generate 2 tutors...
    23:44:17.960 | 426 ool-1-worker-190 | DEBUG | d.t.c.a.a.c.u.util.UserUtilService   : 2 tutors generated. Generate 0 editors...
    23:44:17.962 | 426 ool-1-worker-190 | DEBUG | d.t.c.a.a.c.u.util.UserUtilService   : 0 editors generated. Generate 1 instructors...
    23:44:17.964 | 426 ool-1-worker-190 | DEBUG | d.t.c.a.a.c.u.util.UserUtilService   : 1 instructors generated
    23:44:17.966 | 426 ool-1-worker-190 | DEBUG | d.t.c.a.a.c.u.util.UserUtilService   : Removing 9 users from all courses...
    23:44:17.967 | 426 ool-1-worker-190 | DEBUG | d.t.c.a.a.c.u.util.UserUtilService   : Removing 9 users from all courses. Done
    23:44:17.967 | 426 ool-1-worker-190 | DEBUG | d.t.c.a.a.c.u.util.UserUtilService   : Save 9 users to database...
    23:44:17.973 | 426 ool-1-worker-190 | DEBUG | d.t.c.a.a.c.u.util.UserUtilService   : Save 9 users to database. Done
    23:44:17.997 | 426 ool-1-worker-190 | INFO  | i.z.t.d.l.EmbeddedDatabaseReporter   : JDBC URL to connect to 'dataSource': url='jdbc:h2:tcp://localhost:41063/mem:f240edcd-27ce-47a3-b4ab-a6a00c154135;USER=sa', scope='ModelingAssessmentIntegrationTest#testOverrideSubmittedManualAssessment_noConflict'
    23:44:18.037 | 426 ool-1-worker-190 | INFO  | d.t.c.a.a.m.s.compass.CompassService : ModelCluster: start building clusters of 2 submissions for modeling exercise 1204
    23:44:18.038 | 426 ool-1-worker-190 | INFO  | d.t.c.a.a.m.s.compass.CompassService : ModelClusterTimeLog: building clusters of 2 submissions for modeling exercise 1204 done in 9.05ms
    23:44:18.045 | 426 ool-1-worker-190 | INFO  | d.t.c.a.a.m.s.compass.CompassService : ModelClusterTimeLog: building and saving clusters of 2 submissions for exercise 1204 done in 16.39ms
    23:44:18.046 | 426 ool-1-worker-190 | DEBUG | d.t.c.a.a.c.s.f.ApiVersionFilter     : Adding Version to Request PUT /api/modeling-submissions/676/result/0/assessment
    23:44:18.057 | 426 ool-1-worker-190 | DEBUG | .c.s.m.InstanceMessageReceiveService : Received schedule participant score for exercise 1204 and participant 104 (result to be deleted: null)
    23:44:18.057 | 426 ool-1-worker-190 | DEBUG | .a.s.ParticipantScoreScheduleService : Scheduled task for exercise 1204 and participant 104 at 2025-02-14T23:44:18.157205569Z[Etc/UTC].
    23:44:18.068 | 426 ool-1-worker-190 | DEBUG | .c.s.m.InstanceMessageReceiveService : Received schedule participant score for exercise 1204 and participant 104 (result to be deleted: null)
    23:44:18.068 | 426 ool-1-worker-190 | DEBUG | .a.s.ParticipantScoreScheduleService : Scheduled task for exercise 1204 and participant 104 at 2025-02-14T23:44:18.168535878Z[Etc/UTC].
    23:44:18.085 | 426 ool-1-worker-190 | DEBUG | .c.s.m.InstanceMessageReceiveService : Received schedule participant score for exercise 1204 and participant 104 (result to be deleted: null)
    23:44:18.085 | 426 ool-1-worker-190 | DEBUG | .a.s.ParticipantScoreScheduleService : Scheduled task for exercise 1204 and participant 104 at 2025-02-14T23:44:18.185411347Z[Etc/UTC].
    23:44:18.088 | 426 ool-1-worker-190 | DEBUG | .c.s.m.InstanceMessageReceiveService : Received schedule participant score for exercise 1204 and participant 104 (result to be deleted: null)
    23:44:18.088 | 426 ool-1-worker-190 | DEBUG | .a.s.ParticipantScoreScheduleService : Scheduled task for exercise 1204 and participant 104 at 2025-02-14T23:44:18.188812821Z[Etc/UTC].
    23:44:18.093 | 426 ool-1-worker-190 | DEBUG | d.t.c.a.a.c.s.f.ApiVersionFilter     : Adding Version to Request PUT /api/modeling-submissions/676/result/382/assessment
    23:44:18.103 | 426 ool-1-worker-190 | DEBUG | .c.s.m.InstanceMessageReceiveService : Received schedule participant score for exercise 1204 and participant 104 (result to be deleted: null)
    23:44:18.103 | 426 ool-1-worker-190 | DEBUG | .a.s.ParticipantScoreScheduleService : Scheduled task for exercise 1204 and participant 104 at 2025-02-14T23:44:18.203186024Z[Etc/UTC].

  Starting logs for ModelingAssessmentIntegrationTest > testOverrideAssessment_submitInstructorAfterAssessmentDueDatePossible()
    23:44:18.134 | 426 ool-1-worker-190 | DEBUG | d.t.c.a.a.c.u.util.UserUtilService   : Generate 6 students...
    23:44:18.151 | 426 ool-1-worker-190 | DEBUG | d.t.c.a.a.c.u.util.UserUtilService   : 6 students generated. Generate 2 tutors...
    23:44:18.155 | 426 ool-1-worker-190 | DEBUG | d.t.c.a.a.c.u.util.UserUtilService   : 2 tutors generated. Generate 0 editors...
    23:44:18.157 | 426 ool-1-worker-190 | DEBUG | d.t.c.a.a.c.u.util.UserUtilService   : 0 editors generated. Generate 1 instructors...
    23:44:18.159 | 426 ool-1-worker-190 | DEBUG | d.t.c.a.a.c.u.util.UserUtilService   : 1 instructors generated
    23:44:18.163 | 426 ool-1-worker-190 | DEBUG | d.t.c.a.a.c.u.util.UserUtilService   : Removing 9 users from all courses...
    23:44:18.168 | 426 ool-1-worker-190 | DEBUG | d.t.c.a.a.c.u.util.UserUtilService   : Removing 9 users from all courses. Done
    23:44:18.168 | 426 ool-1-worker-190 | DEBUG | d.t.c.a.a.c.u.util.UserUtilService   : Save 9 users to database...
    23:44:18.194 | 426 ool-1-worker-190 | DEBUG | d.t.c.a.a.c.u.util.UserUtilService   : Save 9 users to database. Done
    23:44:18.215 | 426 ool-1-worker-190 | INFO  | i.z.t.d.l.EmbeddedDatabaseReporter   : JDBC URL to connect to 'dataSource': url='jdbc:h2:tcp://localhost:41063/mem:f240edcd-27ce-47a3-b4ab-a6a00c154135;USER=sa', scope='ModelingAssessmentIntegrationTest#testOverrideAssessment_submitInstructorAfterAssessmentDueDatePossible'
    23:44:18.268 | 426 ool-1-worker-190 | DEBUG | .c.s.m.InstanceMessageReceiveService : Received schedule participant score for exercise 1215 and participant 104 (result to be deleted: null)
    23:44:18.268 | 426 ool-1-worker-190 | DEBUG | .a.s.ParticipantScoreScheduleService : Scheduled task for exercise 1215 and participant 104 at 2025-02-14T23:44:18.368516463Z[Etc/UTC].
    23:44:18.280 | 426 ool-1-worker-190 | DEBUG | .c.s.m.InstanceMessageReceiveService : Received schedule participant score for exercise 1215 and participant 104 (result to be deleted: null)
    23:44:18.280 | 426 ool-1-worker-190 | DEBUG | .a.s.ParticipantScoreScheduleService : Scheduled task for exercise 1215 and participant 104 at 2025-02-14T23:44:18.380164805Z[Etc/UTC].
    23:44:18.281 | 426 ool-1-worker-190 | DEBUG | d.t.c.a.a.c.s.f.ApiVersionFilter     : Adding Version to Request PUT /api/modeling-submissions/678/result/383/assessment
    23:44:18.296 | 426 ool-1-worker-190 | DEBUG | .c.s.m.InstanceMessageReceiveService : Received schedule participant score for exercise 1215 and participant 104 (result to be deleted: null)
    23:44:18.296 | 426 ool-1-worker-190 | DEBUG | .a.s.ParticipantScoreScheduleService : Scheduled task for exercise 1215 and participant 104 at 2025-02-14T23:44:18.396312483Z[Etc/UTC].
    23:44:18.307 | 426 ool-1-worker-190 | DEBUG | .c.s.m.InstanceMessageReceiveService : Received schedule participant score for exercise 1215 and participant 104 (result to be deleted: null)
    23:44:18.307 | 426 ool-1-worker-190 | DEBUG | .a.s.ParticipantScoreScheduleService : Scheduled task for exercise 1215 and participant 104 at 2025-02-14T23:44:18.407343995Z[Etc/UTC].

  Starting logs for ModelingAssessmentIntegrationTest > testGetExampleAssessmentAsTutorNoTutorial()
    23:44:18.330 | 426 ool-1-worker-190 | DEBUG | d.t.c.a.a.c.u.util.UserUtilService   : Generate 6 students...
    23:44:18.339 | 426 ool-1-worker-190 | DEBUG | d.t.c.a.a.c.u.util.UserUtilService   : 6 students generated. Generate 2 tutors...
    23:44:18.348 | 426 ool-1-worker-190 | DEBUG | d.t.c.a.a.c.u.util.UserUtilService   : 2 tutors generated. Generate 0 editors...
    23:44:18.349 | 426 ool-1-worker-190 | DEBUG | d.t.c.a.a.c.u.util.UserUtilService   : 0 editors generated. Generate 1 instructors...
    23:44:18.351 | 426 ool-1-worker-190 | DEBUG | d.t.c.a.a.c.u.util.UserUtilService   : 1 instructors generated
    23:44:18.353 | 426 ool-1-worker-190 | DEBUG | d.t.c.a.a.c.u.util.UserUtilService   : Removing 9 users from all courses...
    23:44:18.354 | 426 ool-1-worker-190 | DEBUG | d.t.c.a.a.c.u.util.UserUtilService   : Removing 9 users from all courses. Done
    23:44:18.354 | 426 ool-1-worker-190 | DEBUG | d.t.c.a.a.c.u.util.UserUtilService   : Save 9 users to database...
    23:44:18.362 | 426 ool-1-worker-190 | DEBUG | d.t.c.a.a.c.u.util.UserUtilService   : Save 9 users to database. Done
    23:44:18.375 | 426 ool-1-worker-190 | INFO  | i.z.t.d.l.EmbeddedDatabaseReporter   : JDBC URL to connect to 'dataSource': url='jdbc:h2:tcp://localhost:41063/mem:f240edcd-27ce-47a3-b4ab-a6a00c154135;USER=sa', scope='ModelingAssessmentIntegrationTest#testGetExampleAssessmentAsTutorNoTutorial'
    23:44:18.380 | 426 ool-1-worker-190 | DEBUG | d.t.c.a.a.c.s.f.ApiVersionFilter     : Adding Version to Request PUT /api/modeling-submissions/30/example-assessment
    23:44:18.382 | 426 ool-1-worker-190 | DEBUG | c.a.a.m.w.ModelingAssessmentResource : REST request to save modeling example assessment : 30
    23:44:18.417 | 426 ool-1-worker-190 | DEBUG | d.t.c.a.a.c.s.f.ApiVersionFilter     : Adding Version to Request GET /api/exercise/1226/modeling-submissions/679/example-assessment
    23:44:18.418 | 426 ool-1-worker-190 | DEBUG | c.a.a.m.w.ModelingAssessmentResource : REST request to get example assessment for tutors text assessment: 679

  Starting logs for ModelingAssessmentIntegrationTest > testOverrideAssessment_saveOtherTutorAfterAssessmentDueDateForbidden()
    23:44:18.436 | 426 ool-1-worker-190 | DEBUG | d.t.c.a.a.c.u.util.UserUtilService   : Generate 6 students...
    23:44:18.443 | 426 ool-1-worker-190 | DEBUG | d.t.c.a.a.c.u.util.UserUtilService   : 6 students generated. Generate 2 tutors...
    23:44:18.446 | 426 ool-1-worker-190 | DEBUG | d.t.c.a.a.c.u.util.UserUtilService   : 2 tutors generated. Generate 0 editors...
    23:44:18.447 | 426 ool-1-worker-190 | DEBUG | d.t.c.a.a.c.u.util.UserUtilService   : 0 editors generated. Generate 1 instructors...
    23:44:18.449 | 426 ool-1-worker-190 | DEBUG | d.t.c.a.a.c.u.util.UserUtilService   : 1 instructors generated
    23:44:18.450 | 426 ool-1-worker-190 | DEBUG | d.t.c.a.a.c.u.util.UserUtilService   : Removing 9 users from all courses...
    23:44:18.451 | 426 ool-1-worker-190 | DEBUG | d.t.c.a.a.c.u.util.UserUtilService   : Removing 9 users from all courses. Done
    23:44:18.451 | 426 ool-1-worker-190 | DEBUG | d.t.c.a.a.c.u.util.UserUtilService   : Save 9 users to database...
    23:44:18.455 | 426 ool-1-worker-190 | DEBUG | d.t.c.a.a.c.u.util.UserUtilService   : Save 9 users to database. Done
    23:44:18.466 | 426 ool-1-worker-190 | INFO  | i.z.t.d.l.EmbeddedDatabaseReporter   : JDBC URL to connect to 'dataSource': url='jdbc:h2:tcp://localhost:41063/mem:f240edcd-27ce-47a3-b4ab-a6a00c154135;USER=sa', scope='ModelingAssessmentIntegrationTest#testOverrideAssessment_saveOtherTutorAfterAssessmentDueDateForbidden'
    23:44:18.491 | 426 ool-1-worker-190 | DEBUG | .c.s.m.InstanceMessageReceiveService : Received schedule participant score for exercise 1237 and participant 104 (result to be deleted: null)
    23:44:18.491 | 426 ool-1-worker-190 | DEBUG | .a.s.ParticipantScoreScheduleService : Scheduled task for exercise 1237 and participant 104 at 2025-02-14T23:44:18.591554563Z[Etc/UTC].
    23:44:18.501 | 426 ool-1-worker-190 | DEBUG | .c.s.m.InstanceMessageReceiveService : Received schedule participant score for exercise 1237 and participant 104 (result to be deleted: null)
    23:44:18.501 | 426 ool-1-worker-190 | DEBUG | .a.s.ParticipantScoreScheduleService : Scheduled task for exercise 1237 and participant 104 at 2025-02-14T23:44:18.601895417Z[Etc/UTC].
    23:44:18.506 | 426 ool-1-worker-190 | DEBUG | d.t.c.a.a.c.s.f.ApiVersionFilter     : Adding Version to Request PUT /api/modeling-submissions/680/result/385/assessment
    23:44:18.512 | 426 ool-1-worker-190 | DEBUG | d.t.c.a.a.a.web.AssessmentResource   : The user modelingassessmenttutor2 is not allowed to override the assessment for the submission 680
    23:44:18.513 | 426 ool-1-worker-190 | WARN  | o.z.p.spring.common.AdviceTraits     : Forbidden: The user is not allowed to override the assessment

  Starting logs for ModelingAssessmentIntegrationTest > testGetExampleAssessmentAsTutor()
    23:44:18.552 | 426 ool-1-worker-190 | DEBUG | d.t.c.a.a.c.u.util.UserUtilService   : Generate 6 students...
    23:44:18.561 | 426 ool-1-worker-190 | DEBUG | d.t.c.a.a.c.u.util.UserUtilService   : 6 students generated. Generate 2 tutors...
    23:44:18.564 | 426 ool-1-worker-190 | DEBUG | d.t.c.a.a.c.u.util.UserUtilService   : 2 tutors generated. Generate 0 editors...
    23:44:18.566 | 426 ool-1-worker-190 | DEBUG | d.t.c.a.a.c.u.util.UserUtilService   : 0 editors generated. Generate 1 instructors...
    23:44:18.568 | 426 ool-1-worker-190 | DEBUG | d.t.c.a.a.c.u.util.UserUtilService   : 1 instructors generated
    23:44:18.570 | 426 ool-1-worker-190 | DEBUG | d.t.c.a.a.c.u.util.UserUtilService   : Removing 9 users from all courses...
    23:44:18.571 | 426 ool-1-worker-190 | DEBUG | d.t.c.a.a.c.u.util.UserUtilService   : Removing 9 users from all courses. Done
    23:44:18.571 | 426 ool-1-worker-190 | DEBUG | d.t.c.a.a.c.u.util.UserUtilService   : Save 9 users to database...
    23:44:18.577 | 426 ool-1-worker-190 | DEBUG | d.t.c.a.a.c.u.util.UserUtilService   : Save 9 users to database. Done
    23:44:18.595 | 426 ool-1-worker-190 | INFO  | i.z.t.d.l.EmbeddedDatabaseReporter   : JDBC URL to connect to 'dataSource': url='jdbc:h2:tcp://localhost:41063/mem:f240edcd-27ce-47a3-b4ab-a6a00c154135;USER=sa', scope='ModelingAssessmentIntegrationTest#testGetExampleAssessmentAsTutor'
    23:44:18.600 | 426 ool-1-worker-190 | DEBUG | d.t.c.a.a.c.s.f.ApiVersionFilter     : Adding Version to Request PUT /api/modeling-submissions/31/example-assessment
    23:44:18.600 | 426 ool-1-worker-190 | DEBUG | c.a.a.m.w.ModelingAssessmentResource : REST request to save modeling example assessment : 31
    23:44:18.645 | 426 ool-1-worker-190 | DEBUG | d.t.c.a.a.c.s.f.ApiVersionFilter     : Adding Version to Request GET /api/exercise/1248/modeling-submissions/681/example-assessment
    23:44:18.646 | 426 ool-1-worker-190 | DEBUG | c.a.a.m.w.ModelingAssessmentResource : REST request to get example assessment for tutors text assessment: 681

  Starting logs for ModelingAssessmentIntegrationTest > testGetAssessmentBySubmissionId_assessmentNotFinished_forbidden()
    23:44:18.841 | 426 ool-1-worker-190 | DEBUG | d.t.c.a.a.c.u.util.UserUtilService   : Generate 6 students...
    23:44:18.849 | 426 ool-1-worker-190 | DEBUG | d.t.c.a.a.c.u.util.UserUtilService   : 6 students generated. Generate 2 tutors...
    23:44:18.853 | 426 ool-1-worker-190 | DEBUG | d.t.c.a.a.c.u.util.UserUtilService   : 2 tutors generated. Generate 0 editors...
    23:44:18.854 | 426 ool-1-worker-190 | DEBUG | d.t.c.a.a.c.u.util.UserUtilService   : 0 editors generated. Generate 1 instructors...
    23:44:18.857 | 426 ool-1-worker-190 | DEBUG | d.t.c.a.a.c.u.util.UserUtilService   : 1 instructors generated
    23:44:18.858 | 426 ool-1-worker-190 | DEBUG | d.t.c.a.a.c.u.util.UserUtilService   : Removing 9 users from all courses...
    23:44:18.859 | 426 ool-1-worker-190 | DEBUG | d.t.c.a.a.c.u.util.UserUtilService   : Removing 9 users from all courses. Done
    23:44:18.859 | 426 ool-1-worker-190 | DEBUG | d.t.c.a.a.c.u.util.UserUtilService   : Save 9 users to database...
    23:44:18.866 | 426 ool-1-worker-190 | DEBUG | d.t.c.a.a.c.u.util.UserUtilService   : Save 9 users to database. Done
    23:44:18.877 | 426 ool-1-worker-190 | INFO  | i.z.t.d.l.EmbeddedDatabaseReporter   : JDBC URL to connect to 'dataSource': url='jdbc:h2:tcp://localhost:41063/mem:f240edcd-27ce-47a3-b4ab-a6a00c154135;USER=sa', scope='ModelingAssessmentIntegrationTest#testGetAssessmentBySubmissionId_assessmentNotFinished_forbidden'
    23:44:18.885 | 426 ool-1-worker-190 | DEBUG | .c.s.m.InstanceMessageReceiveService : Received schedule participant score for exercise 1259 and participant 104 (result to be deleted: null)
    23:44:18.885 | 426 ool-1-worker-190 | DEBUG | .a.s.ParticipantScoreScheduleService : Scheduled task for exercise 1259 and participant 104 at 2025-02-14T23:44:18.985649752Z[Etc/UTC].
    23:44:18.891 | 426 ool-1-worker-190 | DEBUG | .c.s.m.InstanceMessageReceiveService : Received schedule participant score for exercise 1259 and participant 104 (result to be deleted: null)
    23:44:18.891 | 426 ool-1-worker-190 | DEBUG | .a.s.ParticipantScoreScheduleService : Scheduled task for exercise 1259 and participant 104 at 2025-02-14T23:44:18.991346435Z[Etc/UTC].
    23:44:18.901 | 426 ool-1-worker-190 | DEBUG | .c.s.m.InstanceMessageReceiveService : Received schedule participant score for exercise 1259 and participant 104 (result to be deleted: null)
    23:44:18.901 | 426 ool-1-worker-190 | DEBUG | .a.s.ParticipantScoreScheduleService : Scheduled task for exercise 1259 and participant 104 at 2025-02-14T23:44:19.001765064Z[Etc/UTC].
    23:44:18.915 | 426 ool-1-worker-190 | DEBUG | .c.s.m.InstanceMessageReceiveService : Received schedule participant score for exercise 1259 and participant 104 (result to be deleted: null)
    23:44:18.915 | 426 ool-1-worker-190 | DEBUG | .a.s.ParticipantScoreScheduleService : Scheduled task for exercise 1259 and participant 104 at 2025-02-14T23:44:19.015649977Z[Etc/UTC].
    23:44:18.918 | 426 ool-1-worker-190 | DEBUG | d.t.c.a.a.c.s.f.ApiVersionFilter     : Adding Version to Request GET /api/modeling-submissions/682/result
    23:44:18.919 | 426 ool-1-worker-190 | DEBUG | d.t.c.a.a.a.web.AssessmentResource   : REST request to get assessment for submission with id 682
    23:44:18.922 | 426 ool-1-worker-190 | WARN  | o.z.p.spring.common.AdviceTraits     : Forbidden: You are not allowed to access this resource

  Starting logs for ModelingAssessmentIntegrationTest > testAutomaticAssessmentUponModelSubmission_objectDiagram_identicalModel()
    23:44:18.941 | 426 ool-1-worker-190 | DEBUG | d.t.c.a.a.c.u.util.UserUtilService   : Generate 6 students...
    23:44:18.950 | 426 ool-1-worker-190 | DEBUG | d.t.c.a.a.c.u.util.UserUtilService   : 6 students generated. Generate 2 tutors...
    23:44:18.954 | 426 ool-1-worker-190 | DEBUG | d.t.c.a.a.c.u.util.UserUtilService   : 2 tutors generated. Generate 0 editors...
    23:44:18.955 | 426 ool-1-worker-190 | DEBUG | d.t.c.a.a.c.u.util.UserUtilService   : 0 editors generated. Generate 1 instructors...
    23:44:18.958 | 426 ool-1-worker-190 | DEBUG | d.t.c.a.a.c.u.util.UserUtilService   : 1 instructors generated
    23:44:18.960 | 426 ool-1-worker-190 | DEBUG | d.t.c.a.a.c.u.util.UserUtilService   : Removing 9 users from all courses...
    23:44:18.961 | 426 ool-1-worker-190 | DEBUG | d.t.c.a.a.c.u.util.UserUtilService   : Removing 9 users from all courses. Done
    23:44:18.961 | 426 ool-1-worker-190 | DEBUG | d.t.c.a.a.c.u.util.UserUtilService   : Save 9 users to database...
    23:44:18.967 | 426 ool-1-worker-190 | DEBUG | d.t.c.a.a.c.u.util.UserUtilService   : Save 9 users to database. Done
    23:44:18.981 | 426 ool-1-worker-190 | INFO  | i.z.t.d.l.EmbeddedDatabaseReporter   : JDBC URL to connect to 'dataSource': url='jdbc:h2:tcp://localhost:41063/mem:f240edcd-27ce-47a3-b4ab-a6a00c154135;USER=sa', scope='ModelingAssessmentIntegrationTest#testAutomaticAssessmentUponModelSubmission_objectDiagram_identicalModel'
    23:44:19.002 | 426 ool-1-worker-190 | DEBUG | .c.s.m.InstanceMessageReceiveService : Received schedule participant score for exercise 1271 and participant 104 (result to be deleted: null)
    23:44:19.002 | 426 ool-1-worker-190 | DEBUG | .a.s.ParticipantScoreScheduleService : Scheduled task for exercise 1271 and participant 104 at 2025-02-14T23:44:19.102211787Z[Etc/UTC].
    23:44:19.014 | 426 ool-1-worker-190 | DEBUG | .c.s.m.InstanceMessageReceiveService : Received schedule participant score for exercise 1271 and participant 104 (result to be deleted: null)
    23:44:19.014 | 426 ool-1-worker-190 | DEBUG | .a.s.ParticipantScoreScheduleService : Scheduled task for exercise 1271 and participant 104 at 2025-02-14T23:44:19.114285673Z[Etc/UTC].
    23:44:19.023 | 426 ool-1-worker-190 | DEBUG | .c.s.m.InstanceMessageReceiveService : Received schedule participant score for exercise 1271 and participant 104 (result to be deleted: null)
    23:44:19.023 | 426 ool-1-worker-190 | DEBUG | .a.s.ParticipantScoreScheduleService : Scheduled task for exercise 1271 and participant 104 at 2025-02-14T23:44:19.123339086Z[Etc/UTC].
    23:44:19.028 | 426 ool-1-worker-190 | DEBUG | .c.s.m.InstanceMessageReceiveService : Received schedule participant score for exercise 1271 and participant 104 (result to be deleted: null)
    23:44:19.028 | 426 ool-1-worker-190 | DEBUG | .a.s.ParticipantScoreScheduleService : Scheduled task for exercise 1271 and participant 104 at 2025-02-14T23:44:19.128316988Z[Etc/UTC].
    23:44:19.050 | 426 ool-1-worker-190 | DEBUG | .c.s.m.InstanceMessageReceiveService : Received schedule participant score for exercise 1271 and participant 104 (result to be deleted: null)
    23:44:19.050 | 426 ool-1-worker-190 | DEBUG | .a.s.ParticipantScoreScheduleService : Scheduled task for exercise 1271 and participant 104 at 2025-02-14T23:44:19.150365294Z[Etc/UTC].
    23:44:19.058 | 426 ool-1-worker-190 | DEBUG | d.t.c.a.a.c.s.f.ApiVersionFilter     : Adding Version to Request POST /api/exercises/1271/modeling-submissions
    23:44:19.061 | 426 ool-1-worker-190 | DEBUG | c.a.a.m.w.ModelingSubmissionResource : REST request to create modeling submission: {  "version": "2.0.0",  "type": "ActivityDiagram",  "size": {    "width": 1780,    "height": 520  },  "interactive": {    "elements": [],    "relationships": []  },  "elements": [    {      "id": "f85b009b-3320-4c73-9c7b-0d4bbe7e74f9",      "name": "Activity2",      "type": "Activity",      "owner": null,      "bounds": {        "x": 370,        "y": 0,        "width": 1040,        "height": 510      }    },    {      "id": "02c342c2-53d4-4bd7-9e08-774dbaa97ca6",      "name": "Decision",      "type": "ActivityMergeNode",      "owner": "f85b009b-3320-4c73-9c7b-0d4bbe7e74f9",      "bounds": {        "x": 540,        "y": 180,        "width": 200,        "height": 60      }    },    {      "id": "06c289b0-0a7d-4f9b-abef-3027a06330aa",      "name": "",      "type": "ActivityForkNode",      "owner": "f85b009b-3320-4c73-9c7b-0d4bbe7e74f9",      "bounds": {        "x": 820,        "y": 180,        "width": 20,        "height": 60      }    },    {      "id": "1c0576f6-89b0-4b13-96d9-e1a0a227e8e1",      "name": "Action1",      "type": "ActivityActionNode",      "owner": "f85b009b-3320-4c73-9c7b-0d4bbe7e74f9",      "bounds": {        "x": 990,        "y": 70,        "width": 200,        "height": 100      }    },    {      "id": "056d0fe3-942a-4719-9b59-4c52443adcd5",      "name": "Action2",      "type": "ActivityActionNode",      "owner": "f85b009b-3320-4c73-9c7b-0d4bbe7e74f9",      "bounds": {        "x": 990,        "y": 250,        "width": 200,        "height": 100      }    },    {      "id": "2d1fbb07-bf49-43c1-a55f-35437e2cfcdc",      "name": "",      "type": "ActivityInitialNode",      "owner": "f85b009b-3320-4c73-9c7b-0d4bbe7e74f9",      "bounds": {        "x": 390,        "y": 190,        "width": 45,        "height": 45      }    },    {      "id": "5019a714-3bef-4e4e-b649-b759c2b8778a",      "name": "",      "type": "ActivityFinalNode",      "owner": "f85b009b-3320-4c73-9c7b-0d4bbe7e74f9",      "bounds": {        "x": 390,        "y": 390,        "width": 45,        "height": 45      }    },    {      "id": "525b1697-6f48-4b07-9504-8feddb48a882",      "name": "Object",      "type": "ActivityObjectNode",      "owner": "f85b009b-3320-4c73-9c7b-0d4bbe7e74f9",      "bounds": {        "x": 990,        "y": 360,        "width": 200,        "height": 100      }    },    {      "id": "e81a38a1-9ceb-46c9-b9e4-f8d274c76085",      "name": "Merge",      "type": "ActivityMergeNode",      "owner": "f85b009b-3320-4c73-9c7b-0d4bbe7e74f9",      "bounds": {        "x": 540,        "y": 380,        "width": 200,        "height": 60      }    },    {      "id": "cfcb7b17-0500-4654-89bb-a7082d5c3b6d",      "name": "Activity1",      "type": "Activity",      "owner": null,      "bounds": {        "x": 0,        "y": 200,        "width": 200,        "height": 100      }    }  ],  "relationships": [    {      "id": "50a3baf7-7678-446a-ac5b-e491210ea673",      "name": "",      "type": "ActivityControlFlow",      "owner": null,      "bounds": {        "x": 740,        "y": 210,        "width": 80,        "height": 1      },      "path": [        {          "x": 0,          "y": 0        },        {          "x": 80,          "y": 0        }      ],      "source": {        "direction": "Right",        "element": "02c342c2-53d4-4bd7-9e08-774dbaa97ca6"      },      "target": {        "direction": "Left",        "element": "06c289b0-0a7d-4f9b-abef-3027a06330aa"      }    },    {      "id": "98368d15-25a3-4572-a6b6-3fc97e0d532f",      "name": "",      "type": "ActivityControlFlow",      "owner": null,      "bounds": {        "x": 840,        "y": 120,        "width": 150,        "height": 90      },      "path": [        {          "x": 0,          "y": 90        },        {          "x": 40,          "y": 90        },        {          "x": 40,          "y": 0        },        {          "x": 150,          "y": 0        }      ],      "source": {        "direction": "Right",        "element": "06c289b0-0a7d-4f9b-abef-3027a06330aa"      },      "target": {        "direction": "Left",        "element": "1c0576f6-89b0-4b13-96d9-e1a0a227e8e1"      }    },    {      "id": "7e59aded-6e55-4241-ac61-ab306ea23ecd",      "name": "",      "type": "ActivityControlFlow",      "owner": null,      "bounds": {        "x": 840,        "y": 210,        "width": 150,        "height": 90      },      "path": [        {          "x": 0,          "y": 0        },        {          "x": 40,          "y": 0        },        {          "x": 40,          "y": 90        },        {          "x": 150,          "y": 90        }      ],      "source": {        "direction": "Right",        "element": "06c289b0-0a7d-4f9b-abef-3027a06330aa"      },      "target": {        "direction": "Left",        "element": "056d0fe3-942a-4719-9b59-4c52443adcd5"      }    },    {      "id": "9fb27fb7-153c-4938-92a7-3f79722cf5c0",      "name": "",      "type": "ActivityControlFlow",      "owner": null,      "bounds": {        "x": 1190,        "y": 120,        "width": 170,        "height": 90      },      "path": [        {          "x": 0,          "y": 0        },        {          "x": 85,          "y": 0        },        {          "x": 85,          "y": 90        },        {          "x": 170,          "y": 90        }      ],      "source": {        "direction": "Right",        "element": "1c0576f6-89b0-4b13-96d9-e1a0a227e8e1"      },      "target": {        "direction": "Left",        "element": "f85b009b-3320-4c73-9c7b-0d4bbe7e74f9"      }    },    {      "id": "a14b46df-64aa-401a-87f1-82076ba20e9c",      "name": "",      "type": "ActivityControlFlow",      "owner": null,      "bounds": {        "x": 1190,        "y": 210,        "width": 170,        "height": 90      },      "path": [        {          "x": 0,          "y": 90        },        {          "x": 85,          "y": 90        },        {          "x": 85,          "y": 0        },        {          "x": 170,          "y": 0        }      ],      "source": {        "direction": "Right",        "element": "056d0fe3-942a-4719-9b59-4c52443adcd5"      },      "target": {        "direction": "Left",        "element": "f85b009b-3320-4c73-9c7b-0d4bbe7e74f9"      }    },    {      "id": "fa4fb017-4022-4b44-8caa-fe030173b8c5",      "name": "",      "type": "ActivityControlFlow",      "owner": null,      "bounds": {        "x": 435,        "y": 212.5,        "width": 105,        "height": 1      },      "path": [        {          "x": 0,          "y": 0        },        {          "x": 105,          "y": 0        }      ],      "source": {        "direction": "Right",        "element": "2d1fbb07-bf49-43c1-a55f-35437e2cfcdc"      },      "target": {        "direction": "Left",        "element": "02c342c2-53d4-4bd7-9e08-774dbaa97ca6"      }    },    {      "id": "c479f73c-8125-40de-8e6b-0e67ea515307",      "name": "",      "type": "ActivityControlFlow",      "owner": null,      "bounds": {        "x": 640,        "y": 240,        "width": 1,        "height": 140      },      "path": [        {          "x": 0,          "y": 0        },        {          "x": 0,          "y": 140        }      ],      "source": {        "direction": "Down",        "element": "02c342c2-53d4-4bd7-9e08-774dbaa97ca6"      },      "target": {        "direction": "Up",        "element": "e81a38a1-9ceb-46c9-b9e4-f8d274c76085"      }    },    {      "id": "d268d8d8-8785-4f54-9777-4fa15e008728",      "name": "",      "type": "ActivityControlFlow",      "owner": null,      "bounds": {        "x": 740,        "y": 410,        "width": 250,        "height": 1      },      "path": [        {          "x": 250,          "y": 0        },        {          "x": 0,          "y": 0        }      ],      "source": {        "direction": "Left",        "element": "525b1697-6f48-4b07-9504-8feddb48a882"      },      "target": {        "direction": "Right",        "element": "e81a38a1-9ceb-46c9-b9e4-f8d274c76085"      }    },    {      "id": "fa9b870d-2b4b-47e1-946a-abf365dc0f15",      "name": "",      "type": "ActivityControlFlow",      "owner": null,      "bounds": {        "x": 1190,        "y": 240,        "width": 180,        "height": 170      },      "path": [        {          "x": 180,          "y": 0        },        {          "x": 180,          "y": 170        },        {          "x": 0,          "y": 170        }      ],      "source": {        "direction": "Down",        "element": "f85b009b-3320-4c73-9c7b-0d4bbe7e74f9"      },      "target": {        "direction": "Right",        "element": "525b1697-6f48-4b07-9504-8feddb48a882"      }    },    {      "id": "84cb94c0-dc0a-4794-b8b1-83c44b3be13e",      "name": "",      "type": "ActivityControlFlow",      "owner": null,      "bounds": {        "x": 435,        "y": 412.5,        "width": 105,        "height": 1      },      "path": [        {          "x": 105,          "y": 0        },        {          "x": 0,          "y": 0        }      ],      "source": {        "direction": "Left",        "element": "e81a38a1-9ceb-46c9-b9e4-f8d274c76085"      },      "target": {        "direction": "Right",        "element": "5019a714-3bef-4e4e-b649-b759c2b8778a"      }    },    {      "id": "fa0285e3-a3e6-4281-8c0e-223e5758106e",      "name": "",      "type": "ActivityControlFlow",      "owner": null,      "bounds": {        "x": 200,        "y": 250,        "width": 170,        "height": 1      },      "path": [        {          "x": 0,          "y": 0        },        {          "x": 170,          "y": 0        }      ],      "source": {        "direction": "Right",        "element": "cfcb7b17-0500-4654-89bb-a7082d5c3b6d"      },      "target": {        "direction": "Left",        "element": "f85b009b-3320-4c73-9c7b-0d4bbe7e74f9"      }    }  ],  "assessments": []}
    23:44:19.068 | 426 ool-1-worker-190 | INFO  | c.a.a.m.w.ModelingSubmissionResource : save took 7ms for exercise 1271 and user modelingassessmentstudent2

  Starting logs for ModelingAssessmentIntegrationTest > testManualAssessmentSubmit_activityDiagram()
    23:44:19.116 | 426 ool-1-worker-190 | DEBUG | d.t.c.a.a.c.u.util.UserUtilService   : Generate 6 students...
    23:44:19.130 | 426 ool-1-worker-190 | DEBUG | d.t.c.a.a.c.u.util.UserUtilService   : 6 students generated. Generate 2 tutors...
    23:44:19.133 | 426 ool-1-worker-190 | DEBUG | d.t.c.a.a.c.u.util.UserUtilService   : 2 tutors generated. Generate 0 editors...
    23:44:19.135 | 426 ool-1-worker-190 | DEBUG | d.t.c.a.a.c.u.util.UserUtilService   : 0 editors generated. Generate 1 instructors...
    23:44:19.137 | 426 ool-1-worker-190 | DEBUG | d.t.c.a.a.c.u.util.UserUtilService   : 1 instructors generated
    23:44:19.139 | 426 ool-1-worker-190 | DEBUG | d.t.c.a.a.c.u.util.UserUtilService   : Removing 9 users from all courses...
    23:44:19.140 | 426 ool-1-worker-190 | DEBUG | d.t.c.a.a.c.u.util.UserUtilService   : Removing 9 users from all courses. Done
    23:44:19.140 | 426 ool-1-worker-190 | DEBUG | d.t.c.a.a.c.u.util.UserUtilService   : Save 9 users to database...
    23:44:19.146 | 426 ool-1-worker-190 | DEBUG | d.t.c.a.a.c.u.util.UserUtilService   : Save 9 users to database. Done
    23:44:19.158 | 426 ool-1-worker-190 | INFO  | i.z.t.d.l.EmbeddedDatabaseReporter   : JDBC URL to connect to 'dataSource': url='jdbc:h2:tcp://localhost:41063/mem:f240edcd-27ce-47a3-b4ab-a6a00c154135;USER=sa', scope='ModelingAssessmentIntegrationTest#testManualAssessmentSubmit_activityDiagram'
    23:44:19.170 | 426 ool-1-worker-190 | DEBUG | d.t.c.a.a.c.s.f.ApiVersionFilter     : Adding Version to Request PUT /api/modeling-submissions/685/result/0/assessment
    23:44:19.175 | 426 ool-1-worker-190 | DEBUG | .c.s.m.InstanceMessageReceiveService : Received schedule participant score for exercise 1282 and participant 104 (result to be deleted: null)
    23:44:19.175 | 426 ool-1-worker-190 | DEBUG | .a.s.ParticipantScoreScheduleService : Scheduled task for exercise 1282 and participant 104 at 2025-02-14T23:44:19.275730292Z[Etc/UTC].
    23:44:19.181 | 426 ool-1-worker-190 | DEBUG | .c.s.m.InstanceMessageReceiveService : Received schedule participant score for exercise 1282 and participant 104 (result to be deleted: null)
    23:44:19.181 | 426 ool-1-worker-190 | DEBUG | .a.s.ParticipantScoreScheduleService : Scheduled task for exercise 1282 and participant 104 at 2025-02-14T23:44:19.281703461Z[Etc/UTC].
    23:44:19.191 | 426 ool-1-worker-190 | DEBUG | .c.s.m.InstanceMessageReceiveService : Received schedule participant score for exercise 1282 and participant 104 (result to be deleted: null)
    23:44:19.191 | 426 ool-1-worker-190 | DEBUG | .a.s.ParticipantScoreScheduleService : Scheduled task for exercise 1282 and participant 104 at 2025-02-14T23:44:19.291548069Z[Etc/UTC].
    23:44:19.197 | 426 ool-1-worker-190 | DEBUG | .c.s.m.InstanceMessageReceiveService : Received schedule participant score for exercise 1282 and participant 104 (result to be deleted: null)
    23:44:19.197 | 426 ool-1-worker-190 | DEBUG | .a.s.ParticipantScoreScheduleService : Scheduled task for exercise 1282 and participant 104 at 2025-02-14T23:44:19.297624861Z[Etc/UTC].

  Starting logs for ModelingAssessmentIntegrationTest > testManualAssessmentSubmit_useCaseDiagram()
    23:44:19.218 | 426 ool-1-worker-190 | DEBUG | d.t.c.a.a.c.u.util.UserUtilService   : Generate 6 students...
    23:44:19.226 | 426 ool-1-worker-190 | DEBUG | d.t.c.a.a.c.u.util.UserUtilService   : 6 students generated. Generate 2 tutors...
    23:44:19.230 | 426 ool-1-worker-190 | DEBUG | d.t.c.a.a.c.u.util.UserUtilService   : 2 tutors generated. Generate 0 editors...
    23:44:19.232 | 426 ool-1-worker-190 | DEBUG | d.t.c.a.a.c.u.util.UserUtilService   : 0 editors generated. Generate 1 instructors...
    23:44:19.235 | 426 ool-1-worker-190 | DEBUG | d.t.c.a.a.c.u.util.UserUtilService   : 1 instructors generated
    23:44:19.236 | 426 ool-1-worker-190 | DEBUG | d.t.c.a.a.c.u.util.UserUtilService   : Removing 9 users from all courses...
    23:44:19.238 | 426 ool-1-worker-190 | DEBUG | d.t.c.a.a.c.u.util.UserUtilService   : Removing 9 users from all courses. Done
    23:44:19.238 | 426 ool-1-worker-190 | DEBUG | d.t.c.a.a.c.u.util.UserUtilService   : Save 9 users to database...
    23:44:19.245 | 426 ool-1-worker-190 | DEBUG | d.t.c.a.a.c.u.util.UserUtilService   : Save 9 users to database. Done
    23:44:19.259 | 426 ool-1-worker-190 | INFO  | i.z.t.d.l.EmbeddedDatabaseReporter   : JDBC URL to connect to 'dataSource': url='jdbc:h2:tcp://localhost:41063/mem:f240edcd-27ce-47a3-b4ab-a6a00c154135;USER=sa', scope='ModelingAssessmentIntegrationTest#testManualAssessmentSubmit_useCaseDiagram'
    23:44:19.271 | 426 ool-1-worker-190 | DEBUG | d.t.c.a.a.c.s.f.ApiVersionFilter     : Adding Version to Request PUT /api/modeling-submissions/686/result/0/assessment
    23:44:19.276 | 426 ool-1-worker-190 | DEBUG | .c.s.m.InstanceMessageReceiveService : Received schedule participant score for exercise 1295 and participant 104 (result to be deleted: null)
    23:44:19.276 | 426 ool-1-worker-190 | DEBUG | .a.s.ParticipantScoreScheduleService : Scheduled task for exercise 1295 and participant 104 at 2025-02-14T23:44:19.376311999Z[Etc/UTC].
    23:44:19.284 | 426 ool-1-worker-190 | DEBUG | .c.s.m.InstanceMessageReceiveService : Received schedule participant score for exercise 1295 and participant 104 (result to be deleted: null)
    23:44:19.284 | 426 ool-1-worker-190 | DEBUG | .a.s.ParticipantScoreScheduleService : Scheduled task for exercise 1295 and participant 104 at 2025-02-14T23:44:19.384393498Z[Etc/UTC].
    23:44:19.295 | 426 ool-1-worker-190 | DEBUG | .c.s.m.InstanceMessageReceiveService : Received schedule participant score for exercise 1295 and participant 104 (result to be deleted: null)
    23:44:19.295 | 426 ool-1-worker-190 | DEBUG | .a.s.ParticipantScoreScheduleService : Scheduled task for exercise 1295 and participant 104 at 2025-02-14T23:44:19.395209267Z[Etc/UTC].
    23:44:19.305 | 426 ool-1-worker-190 | DEBUG | .c.s.m.InstanceMessageReceiveService : Received schedule participant score for exercise 1295 and participant 104 (result to be deleted: null)
    23:44:19.305 | 426 ool-1-worker-190 | DEBUG | .a.s.ParticipantScoreScheduleService : Scheduled task for exercise 1295 and participant 104 at 2025-02-14T23:44:19.405242728Z[Etc/UTC].

  Starting logs for ModelingAssessmentIntegrationTest > testManualAssessmentSubmit(IncludedInOverallScore, boolean) [1] includedInOverallScore=INCLUDED_COMPLETELY, bonus=true
    23:44:19.398 | 426 ool-1-worker-190 | DEBUG | d.t.c.a.a.c.u.util.UserUtilService   : Generate 6 students...
    23:44:19.408 | 426 ool-1-worker-190 | DEBUG | d.t.c.a.a.c.u.util.UserUtilService   : 6 students generated. Generate 2 tutors...
    23:44:19.412 | 426 ool-1-worker-190 | DEBUG | d.t.c.a.a.c.u.util.UserUtilService   : 2 tutors generated. Generate 0 editors...
    23:44:19.413 | 426 ool-1-worker-190 | DEBUG | d.t.c.a.a.c.u.util.UserUtilService   : 0 editors generated. Generate 1 instructors...
    23:44:19.416 | 426 ool-1-worker-190 | DEBUG | d.t.c.a.a.c.u.util.UserUtilService   : 1 instructors generated
    23:44:19.418 | 426 ool-1-worker-190 | DEBUG | d.t.c.a.a.c.u.util.UserUtilService   : Removing 9 users from all courses...
    23:44:19.420 | 426 ool-1-worker-190 | DEBUG | d.t.c.a.a.c.u.util.UserUtilService   : Removing 9 users from all courses. Done
    23:44:19.420 | 426 ool-1-worker-190 | DEBUG | d.t.c.a.a.c.u.util.UserUtilService   : Save 9 users to database...
    23:44:19.426 | 426 ool-1-worker-190 | DEBUG | d.t.c.a.a.c.u.util.UserUtilService   : Save 9 users to database. Done
    23:44:19.442 | 426 ool-1-worker-190 | INFO  | i.z.t.d.l.EmbeddedDatabaseReporter   : JDBC URL to connect to 'dataSource': url='jdbc:h2:tcp://localhost:41063/mem:f240edcd-27ce-47a3-b4ab-a6a00c154135;USER=sa', scope='ModelingAssessmentIntegrationTest#testManualAssessmentSubmit'
    23:44:19.469 | 426 ool-1-worker-190 | DEBUG | d.t.c.a.a.c.s.f.ApiVersionFilter     : Adding Version to Request PUT /api/modeling-submissions/687/result/0/assessment
    23:44:19.475 | 426 ool-1-worker-190 | DEBUG | .c.s.m.InstanceMessageReceiveService : Received schedule participant score for exercise 1306 and participant 104 (result to be deleted: null)
    23:44:19.475 | 426 ool-1-worker-190 | DEBUG | .a.s.ParticipantScoreScheduleService : Scheduled task for exercise 1306 and participant 104 at 2025-02-14T23:44:19.575226763Z[Etc/UTC].
    23:44:19.481 | 426 ool-1-worker-190 | DEBUG | .c.s.m.InstanceMessageReceiveService : Received schedule participant score for exercise 1306 and participant 104 (result to be deleted: null)
    23:44:19.481 | 426 ool-1-worker-190 | DEBUG | .a.s.ParticipantScoreScheduleService : Scheduled task for exercise 1306 and participant 104 at 2025-02-14T23:44:19.581859572Z[Etc/UTC].
    23:44:19.491 | 426 ool-1-worker-190 | DEBUG | .c.s.m.InstanceMessageReceiveService : Received schedule participant score for exercise 1306 and participant 104 (result to be deleted: null)
    23:44:19.491 | 426 ool-1-worker-190 | DEBUG | .a.s.ParticipantScoreScheduleService : Scheduled task for exercise 1306 and participant 104 at 2025-02-14T23:44:19.591613090Z[Etc/UTC].
    23:44:19.495 | 426 ool-1-worker-190 | DEBUG | .c.s.m.InstanceMessageReceiveService : Received schedule participant score for exercise 1306 and participant 104 (result to be deleted: null)
    23:44:19.495 | 426 ool-1-worker-190 | DEBUG | .a.s.ParticipantScoreScheduleService : Scheduled task for exercise 1306 and participant 104 at 2025-02-14T23:44:19.595593423Z[Etc/UTC].
    23:44:19.501 | 426 ool-1-worker-190 | DEBUG | d.t.c.a.a.c.s.f.ApiVersionFilter     : Adding Version to Request PUT /api/modeling-submissions/687/result/0/assessment
    23:44:19.505 | 426 ool-1-worker-190 | DEBUG | .c.s.m.InstanceMessageReceiveService : Received schedule participant score for exercise 1306 and participant 104 (result to be deleted: null)
    23:44:19.505 | 426 ool-1-worker-190 | DEBUG | .a.s.ParticipantScoreScheduleService : Scheduled task for exercise 1306 and participant 104 at 2025-02-14T23:44:19.605849638Z[Etc/UTC].
    23:44:19.518 | 426 ool-1-worker-190 | DEBUG | .c.s.m.InstanceMessageReceiveService : Received schedule participant score for exercise 1306 and participant 104 (result to be deleted: null)
    23:44:19.518 | 426 ool-1-worker-190 | DEBUG | .a.s.ParticipantScoreScheduleService : Scheduled task for exercise 1306 and participant 104 at 2025-02-14T23:44:19.618215168Z[Etc/UTC].
    23:44:19.527 | 426 ool-1-worker-190 | DEBUG | .c.s.m.InstanceMessageReceiveService : Received schedule participant score for exercise 1306 and participant 104 (result to be deleted: null)
    23:44:19.527 | 426 ool-1-worker-190 | DEBUG | .a.s.ParticipantScoreScheduleService : Scheduled task for exercise 1306 and participant 104 at 2025-02-14T23:44:19.627292595Z[Etc/UTC].
    23:44:19.531 | 426 ool-1-worker-190 | DEBUG | .c.s.m.InstanceMessageReceiveService : Received schedule participant score for exercise 1306 and participant 104 (result to be deleted: null)
    23:44:19.531 | 426 ool-1-worker-190 | DEBUG | .a.s.ParticipantScoreScheduleService : Scheduled task for exercise 1306 and participant 104 at 2025-02-14T23:44:19.631210812Z[Etc/UTC].
    23:44:19.536 | 426 ool-1-worker-190 | DEBUG | d.t.c.a.a.c.s.f.ApiVersionFilter     : Adding Version to Request PUT /api/modeling-submissions/687/result/0/assessment
    23:44:19.541 | 426 ool-1-worker-190 | DEBUG | .c.s.m.InstanceMessageReceiveService : Received schedule participant score for exercise 1306 and participant 104 (result to be deleted: null)
    23:44:19.541 | 426 ool-1-worker-190 | DEBUG | .a.s.ParticipantScoreScheduleService : Scheduled task for exercise 1306 and participant 104 at 2025-02-14T23:44:19.641801020Z[Etc/UTC].
    23:44:19.553 | 426 ool-1-worker-190 | DEBUG | .c.s.m.InstanceMessageReceiveService : Received schedule participant score for exercise 1306 and participant 104 (result to be deleted: null)
    23:44:19.553 | 426 ool-1-worker-190 | DEBUG | .a.s.ParticipantScoreScheduleService : Scheduled task for exercise 1306 and participant 104 at 2025-02-14T23:44:19.653337253Z[Etc/UTC].
    23:44:19.561 | 426 ool-1-worker-190 | DEBUG | .c.s.m.InstanceMessageReceiveService : Received schedule participant score for exercise 1306 and participant 104 (result to be deleted: null)
    23:44:19.561 | 426 ool-1-worker-190 | DEBUG | .a.s.ParticipantScoreScheduleService : Scheduled task for exercise 1306 and participant 104 at 2025-02-14T23:44:19.661616503Z[Etc/UTC].
    23:44:19.565 | 426 ool-1-worker-190 | DEBUG | .c.s.m.InstanceMessageReceiveService : Received schedule participant score for exercise 1306 and participant 104 (result to be deleted: null)
    23:44:19.565 | 426 ool-1-worker-190 | DEBUG | .a.s.ParticipantScoreScheduleService : Scheduled task for exercise 1306 and participant 104 at 2025-02-14T23:44:19.665828447Z[Etc/UTC].
    23:44:19.570 | 426 ool-1-worker-190 | DEBUG | d.t.c.a.a.c.s.f.ApiVersionFilter     : Adding Version to Request PUT /api/modeling-submissions/687/result/0/assessment
    23:44:19.585 | 426 ool-1-worker-190 | DEBUG | .c.s.m.InstanceMessageReceiveService : Received schedule participant score for exercise 1306 and participant 104 (result to be deleted: null)
    23:44:19.585 | 426 ool-1-worker-190 | DEBUG | .a.s.ParticipantScoreScheduleService : Scheduled task for exercise 1306 and participant 104 at 2025-02-14T23:44:19.685165366Z[Etc/UTC].
    23:44:19.611 | 426 ool-1-worker-190 | DEBUG | .c.s.m.InstanceMessageReceiveService : Received schedule participant score for exercise 1306 and participant 104 (result to be deleted: null)
    23:44:19.611 | 426 ool-1-worker-190 | DEBUG | .a.s.ParticipantScoreScheduleService : Scheduled task for exercise 1306 and participant 104 at 2025-02-14T23:44:19.711330089Z[Etc/UTC].
    23:44:19.625 | 426 ool-1-worker-190 | DEBUG | .c.s.m.InstanceMessageReceiveService : Received schedule participant score for exercise 1306 and participant 104 (result to be deleted: null)
    23:44:19.625 | 426 ool-1-worker-190 | DEBUG | .a.s.ParticipantScoreScheduleService : Scheduled task for exercise 1306 and participant 104 at 2025-02-14T23:44:19.725862959Z[Etc/UTC].
    23:44:19.630 | 426 ool-1-worker-190 | DEBUG | .c.s.m.InstanceMessageReceiveService : Received schedule participant score for exercise 1306 and participant 104 (result to be deleted: null)
    23:44:19.630 | 426 ool-1-worker-190 | DEBUG | .a.s.ParticipantScoreScheduleService : Scheduled task for exercise 1306 and participant 104 at 2025-02-14T23:44:19.730133042Z[Etc/UTC].
    23:44:19.635 | 426 ool-1-worker-190 | DEBUG | d.t.c.a.a.c.s.f.ApiVersionFilter     : Adding Version to Request PUT /api/modeling-submissions/687/result/0/assessment
    23:44:19.640 | 426 ool-1-worker-190 | DEBUG | .c.s.m.InstanceMessageReceiveService : Received schedule participant score for exercise 1306 and participant 104 (result to be deleted: null)
    23:44:19.640 | 426 ool-1-worker-190 | DEBUG | .a.s.ParticipantScoreScheduleService : Scheduled task for exercise 1306 and participant 104 at 2025-02-14T23:44:19.740840580Z[Etc/UTC].
    23:44:19.652 | 426 ool-1-worker-190 | DEBUG | .c.s.m.InstanceMessageReceiveService : Received schedule participant score for exercise 1306 and participant 104 (result to be deleted: null)
    23:44:19.652 | 426 ool-1-worker-190 | DEBUG | .a.s.ParticipantScoreScheduleService : Scheduled task for exercise 1306 and participant 104 at 2025-02-14T23:44:19.752700837Z[Etc/UTC].
    23:44:19.660 | 426 ool-1-worker-190 | DEBUG | .c.s.m.InstanceMessageReceiveService : Received schedule participant score for exercise 1306 and participant 104 (result to be deleted: null)
    23:44:19.660 | 426 ool-1-worker-190 | DEBUG | .a.s.ParticipantScoreScheduleService : Scheduled task for exercise 1306 and participant 104 at 2025-02-14T23:44:19.760671009Z[Etc/UTC].
    23:44:19.666 | 426 ool-1-worker-190 | DEBUG | .c.s.m.InstanceMessageReceiveService : Received schedule participant score for exercise 1306 and participant 104 (result to be deleted: null)
    23:44:19.666 | 426 ool-1-worker-190 | DEBUG | .a.s.ParticipantScoreScheduleService : Scheduled task for exercise 1306 and participant 104 at 2025-02-14T23:44:19.766268908Z[Etc/UTC].
    23:44:19.671 | 426 ool-1-worker-190 | DEBUG | d.t.c.a.a.c.s.f.ApiVersionFilter     : Adding Version to Request PUT /api/modeling-submissions/687/result/0/assessment
    23:44:19.677 | 426 ool-1-worker-190 | DEBUG | .c.s.m.InstanceMessageReceiveService : Received schedule participant score for exercise 1306 and participant 104 (result to be deleted: null)
    23:44:19.677 | 426 ool-1-worker-190 | DEBUG | .a.s.ParticipantScoreScheduleService : Scheduled task for exercise 1306 and participant 104 at 2025-02-14T23:44:19.777348760Z[Etc/UTC].
    23:44:19.692 | 426 ool-1-worker-190 | DEBUG | .c.s.m.InstanceMessageReceiveService : Received schedule participant score for exercise 1306 and participant 104 (result to be deleted: null)
    23:44:19.692 | 426 ool-1-worker-190 | DEBUG | .a.s.ParticipantScoreScheduleService : Scheduled task for exercise 1306 and participant 104 at 2025-02-14T23:44:19.792231954Z[Etc/UTC].
    23:44:19.700 | 426 ool-1-worker-190 | DEBUG | .c.s.m.InstanceMessageReceiveService : Received schedule participant score for exercise 1306 and participant 104 (result to be deleted: null)
    23:44:19.700 | 426 ool-1-worker-190 | DEBUG | .a.s.ParticipantScoreScheduleService : Scheduled task for exercise 1306 and participant 104 at 2025-02-14T23:44:19.800920547Z[Etc/UTC].
    23:44:19.706 | 426 ool-1-worker-190 | DEBUG | .c.s.m.InstanceMessageReceiveService : Received schedule participant score for exercise 1306 and participant 104 (result to be deleted: null)
    23:44:19.706 | 426 ool-1-worker-190 | DEBUG | .a.s.ParticipantScoreScheduleService : Scheduled task for exercise 1306 and participant 104 at 2025-02-14T23:44:19.806084897Z[Etc/UTC].
    23:44:19.711 | 426 ool-1-worker-190 | DEBUG | d.t.c.a.a.c.s.f.ApiVersionFilter     : Adding Version to Request PUT /api/modeling-submissions/687/result/0/assessment
    23:44:19.717 | 426 ool-1-worker-190 | DEBUG | .c.s.m.InstanceMessageReceiveService : Received schedule participant score for exercise 1306 and participant 104 (result to be deleted: null)
    23:44:19.717 | 426 ool-1-worker-190 | DEBUG | .a.s.ParticipantScoreScheduleService : Scheduled task for exercise 1306 and participant 104 at 2025-02-14T23:44:19.817186590Z[Etc/UTC].
    23:44:19.745 | 426 ool-1-worker-190 | DEBUG | .c.s.m.InstanceMessageReceiveService : Received schedule participant score for exercise 1306 and participant 104 (result to be deleted: null)
    23:44:19.745 | 426 ool-1-worker-190 | DEBUG | .a.s.ParticipantScoreScheduleService : Scheduled task for exercise 1306 and participant 104 at 2025-02-14T23:44:19.845262245Z[Etc/UTC].
    23:44:19.762 | 426 ool-1-worker-190 | DEBUG | .c.s.m.InstanceMessageReceiveService : Received schedule participant score for exercise 1306 and participant 104 (result to be deleted: null)
    23:44:19.762 | 426 ool-1-worker-190 | DEBUG | .a.s.ParticipantScoreScheduleService : Scheduled task for exercise 1306 and participant 104 at 2025-02-14T23:44:19.862285170Z[Etc/UTC].
    23:44:19.774 | 426 ool-1-worker-190 | DEBUG | .c.s.m.InstanceMessageReceiveService : Received schedule participant score for exercise 1306 and participant 104 (result to be deleted: null)
    23:44:19.774 | 426 ool-1-worker-190 | DEBUG | .a.s.ParticipantScoreScheduleService : Scheduled task for exercise 1306 and participant 104 at 2025-02-14T23:44:19.874299183Z[Etc/UTC].
    23:44:19.782 | 426 ool-1-worker-190 | DEBUG | d.t.c.a.a.c.s.f.ApiVersionFilter     : Adding Version to Request PUT /api/modeling-submissions/687/result/0/assessment
    23:44:19.798 | 426 ool-1-worker-190 | DEBUG | .c.s.m.InstanceMessageReceiveService : Received schedule participant score for exercise 1306 and participant 104 (result to be deleted: null)
    23:44:19.798 | 426 ool-1-worker-190 | DEBUG | .a.s.ParticipantScoreScheduleService : Scheduled task for exercise 1306 and participant 104 at 2025-02-14T23:44:19.898373708Z[Etc/UTC].
    23:44:19.832 | 426 ool-1-worker-190 | DEBUG | .c.s.m.InstanceMessageReceiveService : Received schedule participant score for exercise 1306 and participant 104 (result to be deleted: null)
    23:44:19.832 | 426 ool-1-worker-190 | DEBUG | .a.s.ParticipantScoreScheduleService : Scheduled task for exercise 1306 and participant 104 at 2025-02-14T23:44:19.932795106Z[Etc/UTC].
    23:44:19.841 | 426 ool-1-worker-190 | DEBUG | .c.s.m.InstanceMessageReceiveService : Received schedule participant score for exercise 1306 and participant 104 (result to be deleted: null)
    23:44:19.841 | 426 ool-1-worker-190 | DEBUG | .a.s.ParticipantScoreScheduleService : Scheduled task for exercise 1306 and participant 104 at 2025-02-14T23:44:19.941844622Z[Etc/UTC].
    23:44:19.847 | 426 ool-1-worker-190 | DEBUG | .c.s.m.InstanceMessageReceiveService : Received schedule participant score for exercise 1306 and participant 104 (result to be deleted: null)
    23:44:19.847 | 426 ool-1-worker-190 | DEBUG | .a.s.ParticipantScoreScheduleService : Scheduled task for exercise 1306 and participant 104 at 2025-02-14T23:44:19.947929058Z[Etc/UTC].

  Starting logs for ModelingAssessmentIntegrationTest > testManualAssessmentSubmit(IncludedInOverallScore, boolean) [2] includedInOverallScore=INCLUDED_COMPLETELY, bonus=false
    23:44:19.869 | 426 ool-1-worker-190 | DEBUG | d.t.c.a.a.c.u.util.UserUtilService   : Generate 6 students...
    23:44:19.885 | 426 ool-1-worker-190 | DEBUG | d.t.c.a.a.c.u.util.UserUtilService   : 6 students generated. Generate 2 tutors...
    23:44:19.890 | 426 ool-1-worker-190 | DEBUG | d.t.c.a.a.c.u.util.UserUtilService   : 2 tutors generated. Generate 0 editors...
    23:44:19.891 | 426 ool-1-worker-190 | DEBUG | d.t.c.a.a.c.u.util.UserUtilService   : 0 editors generated. Generate 1 instructors...
    23:44:19.898 | 426 ool-1-worker-190 | DEBUG | d.t.c.a.a.c.u.util.UserUtilService   : 1 instructors generated
    23:44:19.903 | 426 ool-1-worker-190 | DEBUG | d.t.c.a.a.c.u.util.UserUtilService   : Removing 9 users from all courses...
    23:44:19.904 | 426 ool-1-worker-190 | DEBUG | d.t.c.a.a.c.u.util.UserUtilService   : Removing 9 users from all courses. Done
    23:44:19.904 | 426 ool-1-worker-190 | DEBUG | d.t.c.a.a.c.u.util.UserUtilService   : Save 9 users to database...
    23:44:19.924 | 426 ool-1-worker-190 | DEBUG | d.t.c.a.a.c.u.util.UserUtilService   : Save 9 users to database. Done
    23:44:19.957 | 426 ool-1-worker-190 | INFO  | i.z.t.d.l.EmbeddedDatabaseReporter   : JDBC URL to connect to 'dataSource': url='jdbc:h2:tcp://localhost:41063/mem:f240edcd-27ce-47a3-b4ab-a6a00c154135;USER=sa', scope='ModelingAssessmentIntegrationTest#testManualAssessmentSubmit'
    23:44:19.974 | 426 ool-1-worker-190 | DEBUG | d.t.c.a.a.c.s.f.ApiVersionFilter     : Adding Version to Request PUT /api/modeling-submissions/688/result/0/assessment
    23:44:19.979 | 426 ool-1-worker-190 | DEBUG | .c.s.m.InstanceMessageReceiveService : Received schedule participant score for exercise 1317 and participant 104 (result to be deleted: null)
    23:44:19.979 | 426 ool-1-worker-190 | DEBUG | .a.s.ParticipantScoreScheduleService : Scheduled task for exercise 1317 and participant 104 at 2025-02-14T23:44:20.079693413Z[Etc/UTC].
    23:44:19.985 | 426 ool-1-worker-190 | DEBUG | .c.s.m.InstanceMessageReceiveService : Received schedule participant score for exercise 1317 and participant 104 (result to be deleted: null)
    23:44:19.985 | 426 ool-1-worker-190 | DEBUG | .a.s.ParticipantScoreScheduleService : Scheduled task for exercise 1317 and participant 104 at 2025-02-14T23:44:20.085454766Z[Etc/UTC].
    23:44:19.992 | 426 ool-1-worker-190 | DEBUG | .c.s.m.InstanceMessageReceiveService : Received schedule participant score for exercise 1317 and participant 104 (result to be deleted: null)
    23:44:19.992 | 426 ool-1-worker-190 | DEBUG | .a.s.ParticipantScoreScheduleService : Scheduled task for exercise 1317 and participant 104 at 2025-02-14T23:44:20.092276227Z[Etc/UTC].
    23:44:19.995 | 426 ool-1-worker-190 | DEBUG | .c.s.m.InstanceMessageReceiveService : Received schedule participant score for exercise 1317 and participant 104 (result to be deleted: null)
    23:44:19.995 | 426 ool-1-worker-190 | DEBUG | .a.s.ParticipantScoreScheduleService : Scheduled task for exercise 1317 and participant 104 at 2025-02-14T23:44:20.095608080Z[Etc/UTC].
    23:44:20.000 | 426 ool-1-worker-190 | DEBUG | d.t.c.a.a.c.s.f.ApiVersionFilter     : Adding Version to Request PUT /api/modeling-submissions/688/result/0/assessment
    23:44:20.005 | 426 ool-1-worker-190 | DEBUG | .c.s.m.InstanceMessageReceiveService : Received schedule participant score for exercise 1317 and participant 104 (result to be deleted: null)
    23:44:20.005 | 426 ool-1-worker-190 | DEBUG | .a.s.ParticipantScoreScheduleService : Scheduled task for exercise 1317 and participant 104 at 2025-02-14T23:44:20.105158209Z[Etc/UTC].
    23:44:20.014 | 426 ool-1-worker-190 | DEBUG | .c.s.m.InstanceMessageReceiveService : Received schedule participant score for exercise 1317 and participant 104 (result to be deleted: null)
    23:44:20.014 | 426 ool-1-worker-190 | DEBUG | .a.s.ParticipantScoreScheduleService : Scheduled task for exercise 1317 and participant 104 at 2025-02-14T23:44:20.114301099Z[Etc/UTC].
    23:44:20.021 | 426 ool-1-worker-190 | DEBUG | .c.s.m.InstanceMessageReceiveService : Received schedule participant score for exercise 1317 and participant 104 (result to be deleted: null)
    23:44:20.021 | 426 ool-1-worker-190 | DEBUG | .a.s.ParticipantScoreScheduleService : Scheduled task for exercise 1317 and participant 104 at 2025-02-14T23:44:20.121600661Z[Etc/UTC].
    23:44:20.024 | 426 ool-1-worker-190 | DEBUG | .c.s.m.InstanceMessageReceiveService : Received schedule participant score for exercise 1317 and participant 104 (result to be deleted: null)
    23:44:20.025 | 426 ool-1-worker-190 | DEBUG | .a.s.ParticipantScoreScheduleService : Scheduled task for exercise 1317 and participant 104 at 2025-02-14T23:44:20.125033843Z[Etc/UTC].
    23:44:20.029 | 426 ool-1-worker-190 | DEBUG | d.t.c.a.a.c.s.f.ApiVersionFilter     : Adding Version to Request PUT /api/modeling-submissions/688/result/0/assessment
    23:44:20.034 | 426 ool-1-worker-190 | DEBUG | .c.s.m.InstanceMessageReceiveService : Received schedule participant score for exercise 1317 and participant 104 (result to be deleted: null)
    23:44:20.034 | 426 ool-1-worker-190 | DEBUG | .a.s.ParticipantScoreScheduleService : Scheduled task for exercise 1317 and participant 104 at 2025-02-14T23:44:20.134854136Z[Etc/UTC].
    23:44:20.044 | 426 ool-1-worker-190 | DEBUG | .c.s.m.InstanceMessageReceiveService : Received schedule participant score for exercise 1317 and participant 104 (result to be deleted: null)
    23:44:20.044 | 426 ool-1-worker-190 | DEBUG | .a.s.ParticipantScoreScheduleService : Scheduled task for exercise 1317 and participant 104 at 2025-02-14T23:44:20.144427869Z[Etc/UTC].
    23:44:20.051 | 426 ool-1-worker-190 | DEBUG | .c.s.m.InstanceMessageReceiveService : Received schedule participant score for exercise 1317 and participant 104 (result to be deleted: null)
    23:44:20.052 | 426 ool-1-worker-190 | DEBUG | .a.s.ParticipantScoreScheduleService : Scheduled task for exercise 1317 and participant 104 at 2025-02-14T23:44:20.152050484Z[Etc/UTC].
    23:44:20.056 | 426 ool-1-worker-190 | DEBUG | .c.s.m.InstanceMessageReceiveService : Received schedule participant score for exercise 1317 and participant 104 (result to be deleted: null)
    23:44:20.056 | 426 ool-1-worker-190 | DEBUG | .a.s.ParticipantScoreScheduleService : Scheduled task for exercise 1317 and participant 104 at 2025-02-14T23:44:20.156413650Z[Etc/UTC].
    23:44:20.061 | 426 ool-1-worker-190 | DEBUG | d.t.c.a.a.c.s.f.ApiVersionFilter     : Adding Version to Request PUT /api/modeling-submissions/688/result/0/assessment
    23:44:20.075 | 426 ool-1-worker-190 | DEBUG | .c.s.m.InstanceMessageReceiveService : Received schedule participant score for exercise 1317 and participant 104 (result to be deleted: null)
    23:44:20.075 | 426 ool-1-worker-190 | DEBUG | .a.s.ParticipantScoreScheduleService : Scheduled task for exercise 1317 and participant 104 at 2025-02-14T23:44:20.175291053Z[Etc/UTC].
    23:44:20.098 | 426 ool-1-worker-190 | DEBUG | .c.s.m.InstanceMessageReceiveService : Received schedule participant score for exercise 1317 and participant 104 (result to be deleted: null)
    23:44:20.098 | 426 ool-1-worker-190 | DEBUG | .a.s.ParticipantScoreScheduleService : Scheduled task for exercise 1317 and participant 104 at 2025-02-14T23:44:20.198360764Z[Etc/UTC].
    23:44:20.116 | 426 ool-1-worker-190 | DEBUG | .c.s.m.InstanceMessageReceiveService : Received schedule participant score for exercise 1317 and participant 104 (result to be deleted: null)
    23:44:20.116 | 426 ool-1-worker-190 | DEBUG | .a.s.ParticipantScoreScheduleService : Scheduled task for exercise 1317 and participant 104 at 2025-02-14T23:44:20.216155918Z[Etc/UTC].
    23:44:20.124 | 426 ool-1-worker-190 | DEBUG | .c.s.m.InstanceMessageReceiveService : Received schedule participant score for exercise 1317 and participant 104 (result to be deleted: null)
    23:44:20.124 | 426 ool-1-worker-190 | DEBUG | .a.s.ParticipantScoreScheduleService : Scheduled task for exercise 1317 and participant 104 at 2025-02-14T23:44:20.224944387Z[Etc/UTC].
    23:44:20.135 | 426 ool-1-worker-190 | DEBUG | d.t.c.a.a.c.s.f.ApiVersionFilter     : Adding Version to Request PUT /api/modeling-submissions/688/result/0/assessment
    23:44:20.141 | 426 ool-1-worker-190 | DEBUG | .c.s.m.InstanceMessageReceiveService : Received schedule participant score for exercise 1317 and participant 104 (result to be deleted: null)
    23:44:20.141 | 426 ool-1-worker-190 | DEBUG | .a.s.ParticipantScoreScheduleService : Scheduled task for exercise 1317 and participant 104 at 2025-02-14T23:44:20.241628079Z[Etc/UTC].
    23:44:20.154 | 426 ool-1-worker-190 | DEBUG | .c.s.m.InstanceMessageReceiveService : Received schedule participant score for exercise 1317 and participant 104 (result to be deleted: null)
    23:44:20.154 | 426 ool-1-worker-190 | DEBUG | .a.s.ParticipantScoreScheduleService : Scheduled task for exercise 1317 and participant 104 at 2025-02-14T23:44:20.254227975Z[Etc/UTC].
    23:44:20.162 | 426 ool-1-worker-190 | DEBUG | .c.s.m.InstanceMessageReceiveService : Received schedule participant score for exercise 1317 and participant 104 (result to be deleted: null)
    23:44:20.162 | 426 ool-1-worker-190 | DEBUG | .a.s.ParticipantScoreScheduleService : Scheduled task for exercise 1317 and participant 104 at 2025-02-14T23:44:20.262716815Z[Etc/UTC].
    23:44:20.167 | 426 ool-1-worker-190 | DEBUG | .c.s.m.InstanceMessageReceiveService : Received schedule participant score for exercise 1317 and participant 104 (result to be deleted: null)
    23:44:20.167 | 426 ool-1-worker-190 | DEBUG | .a.s.ParticipantScoreScheduleService : Scheduled task for exercise 1317 and participant 104 at 2025-02-14T23:44:20.267820613Z[Etc/UTC].
    23:44:20.173 | 426 ool-1-worker-190 | DEBUG | d.t.c.a.a.c.s.f.ApiVersionFilter     : Adding Version to Request PUT /api/modeling-submissions/688/result/0/assessment
    23:44:20.179 | 426 ool-1-worker-190 | DEBUG | .c.s.m.InstanceMessageReceiveService : Received schedule participant score for exercise 1317 and participant 104 (result to be deleted: null)
    23:44:20.179 | 426 ool-1-worker-190 | DEBUG | .a.s.ParticipantScoreScheduleService : Scheduled task for exercise 1317 and participant 104 at 2025-02-14T23:44:20.279390829Z[Etc/UTC].
    23:44:20.194 | 426 ool-1-worker-190 | DEBUG | .c.s.m.InstanceMessageReceiveService : Received schedule participant score for exercise 1317 and participant 104 (result to be deleted: null)
    23:44:20.194 | 426 ool-1-worker-190 | DEBUG | .a.s.ParticipantScoreScheduleService : Scheduled task for exercise 1317 and participant 104 at 2025-02-14T23:44:20.294308798Z[Etc/UTC].
    23:44:20.202 | 426 ool-1-worker-190 | DEBUG | .c.s.m.InstanceMessageReceiveService : Received schedule participant score for exercise 1317 and participant 104 (result to be deleted: null)
    23:44:20.202 | 426 ool-1-worker-190 | DEBUG | .a.s.ParticipantScoreScheduleService : Scheduled task for exercise 1317 and participant 104 at 2025-02-14T23:44:20.302386231Z[Etc/UTC].
    23:44:20.207 | 426 ool-1-worker-190 | DEBUG | .c.s.m.InstanceMessageReceiveService : Received schedule participant score for exercise 1317 and participant 104 (result to be deleted: null)
    23:44:20.207 | 426 ool-1-worker-190 | DEBUG | .a.s.ParticipantScoreScheduleService : Scheduled task for exercise 1317 and participant 104 at 2025-02-14T23:44:20.307368892Z[Etc/UTC].

  Starting logs for ModelingAssessmentIntegrationTest > testManualAssessmentSubmit(IncludedInOverallScore, boolean) [3] includedInOverallScore=INCLUDED_AS_BONUS, bonus=true
    23:44:20.226 | 426 ool-1-worker-190 | DEBUG | d.t.c.a.a.c.u.util.UserUtilService   : Generate 6 students...
    23:44:20.236 | 426 ool-1-worker-190 | DEBUG | d.t.c.a.a.c.u.util.UserUtilService   : 6 students generated. Generate 2 tutors...
    23:44:20.240 | 426 ool-1-worker-190 | DEBUG | d.t.c.a.a.c.u.util.UserUtilService   : 2 tutors generated. Generate 0 editors...
    23:44:20.241 | 426 ool-1-worker-190 | DEBUG | d.t.c.a.a.c.u.util.UserUtilService   : 0 editors generated. Generate 1 instructors...
    23:44:20.244 | 426 ool-1-worker-190 | DEBUG | d.t.c.a.a.c.u.util.UserUtilService   : 1 instructors generated
    23:44:20.245 | 426 ool-1-worker-190 | DEBUG | d.t.c.a.a.c.u.util.UserUtilService   : Removing 9 users from all courses...
    23:44:20.247 | 426 ool-1-worker-190 | DEBUG | d.t.c.a.a.c.u.util.UserUtilService   : Removing 9 users from all courses. Done
    23:44:20.247 | 426 ool-1-worker-190 | DEBUG | d.t.c.a.a.c.u.util.UserUtilService   : Save 9 users to database...
    23:44:20.258 | 426 ool-1-worker-190 | DEBUG | d.t.c.a.a.c.u.util.UserUtilService   : Save 9 users to database. Done
    23:44:20.463 | 426 ool-1-worker-190 | INFO  | i.z.t.d.l.EmbeddedDatabaseReporter   : JDBC URL to connect to 'dataSource': url='jdbc:h2:tcp://localhost:41063/mem:f240edcd-27ce-47a3-b4ab-a6a00c154135;USER=sa', scope='ModelingAssessmentIntegrationTest#testManualAssessmentSubmit'
    23:44:20.491 | 426 ool-1-worker-190 | DEBUG | d.t.c.a.a.c.s.f.ApiVersionFilter     : Adding Version to Request PUT /api/modeling-submissions/689/result/0/assessment
    23:44:20.496 | 426 ool-1-worker-190 | DEBUG | .c.s.m.InstanceMessageReceiveService : Received schedule participant score for exercise 1328 and participant 104 (result to be deleted: null)
    23:44:20.496 | 426 ool-1-worker-190 | DEBUG | .a.s.ParticipantScoreScheduleService : Scheduled task for exercise 1328 and participant 104 at 2025-02-14T23:44:20.596672540Z[Etc/UTC].
    23:44:20.509 | 426 ool-1-worker-190 | DEBUG | .c.s.m.InstanceMessageReceiveService : Received schedule participant score for exercise 1328 and participant 104 (result to be deleted: null)
    23:44:20.509 | 426 ool-1-worker-190 | DEBUG | .a.s.ParticipantScoreScheduleService : Scheduled task for exercise 1328 and participant 104 at 2025-02-14T23:44:20.609466406Z[Etc/UTC].
    23:44:20.520 | 426 ool-1-worker-190 | DEBUG | .c.s.m.InstanceMessageReceiveService : Received schedule participant score for exercise 1328 and participant 104 (result to be deleted: null)
    23:44:20.520 | 426 ool-1-worker-190 | DEBUG | .a.s.ParticipantScoreScheduleService : Scheduled task for exercise 1328 and participant 104 at 2025-02-14T23:44:20.620368486Z[Etc/UTC].
    23:44:20.523 | 426 ool-1-worker-190 | DEBUG | .c.s.m.InstanceMessageReceiveService : Received schedule participant score for exercise 1328 and participant 104 (result to be deleted: null)
    23:44:20.523 | 426 ool-1-worker-190 | DEBUG | .a.s.ParticipantScoreScheduleService : Scheduled task for exercise 1328 and participant 104 at 2025-02-14T23:44:20.623935558Z[Etc/UTC].
    23:44:20.528 | 426 ool-1-worker-190 | DEBUG | d.t.c.a.a.c.s.f.ApiVersionFilter     : Adding Version to Request PUT /api/modeling-submissions/689/result/0/assessment
    23:44:20.533 | 426 ool-1-worker-190 | DEBUG | .c.s.m.InstanceMessageReceiveService : Received schedule participant score for exercise 1328 and participant 104 (result to be deleted: null)
    23:44:20.533 | 426 ool-1-worker-190 | DEBUG | .a.s.ParticipantScoreScheduleService : Scheduled task for exercise 1328 and participant 104 at 2025-02-14T23:44:20.633496808Z[Etc/UTC].
    23:44:20.542 | 426 ool-1-worker-190 | DEBUG | .c.s.m.InstanceMessageReceiveService : Received schedule participant score for exercise 1328 and participant 104 (result to be deleted: null)
    23:44:20.542 | 426 ool-1-worker-190 | DEBUG | .a.s.ParticipantScoreScheduleService : Scheduled task for exercise 1328 and participant 104 at 2025-02-14T23:44:20.642146718Z[Etc/UTC].
    23:44:20.550 | 426 ool-1-worker-190 | DEBUG | .c.s.m.InstanceMessageReceiveService : Received schedule participant score for exercise 1328 and participant 104 (result to be deleted: null)
    23:44:20.550 | 426 ool-1-worker-190 | DEBUG | .a.s.ParticipantScoreScheduleService : Scheduled task for exercise 1328 and participant 104 at 2025-02-14T23:44:20.650063662Z[Etc/UTC].
    23:44:20.553 | 426 ool-1-worker-190 | DEBUG | .c.s.m.InstanceMessageReceiveService : Received schedule participant score for exercise 1328 and participant 104 (result to be deleted: null)
    23:44:20.553 | 426 ool-1-worker-190 | DEBUG | .a.s.ParticipantScoreScheduleService : Scheduled task for exercise 1328 and participant 104 at 2025-02-14T23:44:20.653843862Z[Etc/UTC].
    23:44:20.561 | 426 ool-1-worker-190 | DEBUG | d.t.c.a.a.c.s.f.ApiVersionFilter     : Adding Version to Request PUT /api/modeling-submissions/689/result/0/assessment
    23:44:20.573 | 426 ool-1-worker-190 | DEBUG | .c.s.m.InstanceMessageReceiveService : Received schedule participant score for exercise 1328 and participant 104 (result to be deleted: null)
    23:44:20.573 | 426 ool-1-worker-190 | DEBUG | .a.s.ParticipantScoreScheduleService : Scheduled task for exercise 1328 and participant 104 at 2025-02-14T23:44:20.673642512Z[Etc/UTC].
    23:44:20.586 | 426 ool-1-worker-190 | DEBUG | .c.s.m.InstanceMessageReceiveService : Received schedule participant score for exercise 1328 and participant 104 (result to be deleted: null)
    23:44:20.586 | 426 ool-1-worker-190 | DEBUG | .a.s.ParticipantScoreScheduleService : Scheduled task for exercise 1328 and participant 104 at 2025-02-14T23:44:20.686701535Z[Etc/UTC].
    23:44:20.594 | 426 ool-1-worker-190 | DEBUG | .c.s.m.InstanceMessageReceiveService : Received schedule participant score for exercise 1328 and participant 104 (result to be deleted: null)
    23:44:20.594 | 426 ool-1-worker-190 | DEBUG | .a.s.ParticipantScoreScheduleService : Scheduled task for exercise 1328 and participant 104 at 2025-02-14T23:44:20.694709979Z[Etc/UTC].
    23:44:20.598 | 426 ool-1-worker-190 | DEBUG | .c.s.m.InstanceMessageReceiveService : Received schedule participant score for exercise 1328 and participant 104 (result to be deleted: null)
    23:44:20.598 | 426 ool-1-worker-190 | DEBUG | .a.s.ParticipantScoreScheduleService : Scheduled task for exercise 1328 and participant 104 at 2025-02-14T23:44:20.698850500Z[Etc/UTC].
    23:44:20.603 | 426 ool-1-worker-190 | DEBUG | d.t.c.a.a.c.s.f.ApiVersionFilter     : Adding Version to Request PUT /api/modeling-submissions/689/result/0/assessment
    23:44:20.608 | 426 ool-1-worker-190 | DEBUG | .c.s.m.InstanceMessageReceiveService : Received schedule participant score for exercise 1328 and participant 104 (result to be deleted: null)
    23:44:20.609 | 426 ool-1-worker-190 | DEBUG | .a.s.ParticipantScoreScheduleService : Scheduled task for exercise 1328 and participant 104 at 2025-02-14T23:44:20.709023200Z[Etc/UTC].
    23:44:20.619 | 426 ool-1-worker-190 | DEBUG | .c.s.m.InstanceMessageReceiveService : Received schedule participant score for exercise 1328 and participant 104 (result to be deleted: null)
    23:44:20.619 | 426 ool-1-worker-190 | DEBUG | .a.s.ParticipantScoreScheduleService : Scheduled task for exercise 1328 and participant 104 at 2025-02-14T23:44:20.719507131Z[Etc/UTC].
    23:44:20.627 | 426 ool-1-worker-190 | DEBUG | .c.s.m.InstanceMessageReceiveService : Received schedule participant score for exercise 1328 and participant 104 (result to be deleted: null)
    23:44:20.627 | 426 ool-1-worker-190 | DEBUG | .a.s.ParticipantScoreScheduleService : Scheduled task for exercise 1328 and participant 104 at 2025-02-14T23:44:20.727812018Z[Etc/UTC].
    23:44:20.632 | 426 ool-1-worker-190 | DEBUG | .c.s.m.InstanceMessageReceiveService : Received schedule participant score for exercise 1328 and participant 104 (result to be deleted: null)
    23:44:20.632 | 426 ool-1-worker-190 | DEBUG | .a.s.ParticipantScoreScheduleService : Scheduled task for exercise 1328 and participant 104 at 2025-02-14T23:44:20.732492125Z[Etc/UTC].
    23:44:20.637 | 426 ool-1-worker-190 | DEBUG | d.t.c.a.a.c.s.f.ApiVersionFilter     : Adding Version to Request PUT /api/modeling-submissions/689/result/0/assessment
    23:44:20.642 | 426 ool-1-worker-190 | DEBUG | .c.s.m.InstanceMessageReceiveService : Received schedule participant score for exercise 1328 and participant 104 (result to be deleted: null)
    23:44:20.642 | 426 ool-1-worker-190 | DEBUG | .a.s.ParticipantScoreScheduleService : Scheduled task for exercise 1328 and participant 104 at 2025-02-14T23:44:20.742618950Z[Etc/UTC].
    23:44:20.654 | 426 ool-1-worker-190 | DEBUG | .c.s.m.InstanceMessageReceiveService : Received schedule participant score for exercise 1328 and participant 104 (result to be deleted: null)
    23:44:20.654 | 426 ool-1-worker-190 | DEBUG | .a.s.ParticipantScoreScheduleService : Scheduled task for exercise 1328 and participant 104 at 2025-02-14T23:44:20.754842454Z[Etc/UTC].
    23:44:20.662 | 426 ool-1-worker-190 | DEBUG | .c.s.m.InstanceMessageReceiveService : Received schedule participant score for exercise 1328 and participant 104 (result to be deleted: null)
    23:44:20.662 | 426 ool-1-worker-190 | DEBUG | .a.s.ParticipantScoreScheduleService : Scheduled task for exercise 1328 and participant 104 at 2025-02-14T23:44:20.762711047Z[Etc/UTC].
    23:44:20.667 | 426 ool-1-worker-190 | DEBUG | .c.s.m.InstanceMessageReceiveService : Received schedule participant score for exercise 1328 and participant 104 (result to be deleted: null)
    23:44:20.667 | 426 ool-1-worker-190 | DEBUG | .a.s.ParticipantScoreScheduleService : Scheduled task for exercise 1328 and participant 104 at 2025-02-14T23:44:20.767541094Z[Etc/UTC].
    23:44:20.672 | 426 ool-1-worker-190 | DEBUG | d.t.c.a.a.c.s.f.ApiVersionFilter     : Adding Version to Request PUT /api/modeling-submissions/689/result/0/assessment
    23:44:20.678 | 426 ool-1-worker-190 | DEBUG | .c.s.m.InstanceMessageReceiveService : Received schedule participant score for exercise 1328 and participant 104 (result to be deleted: null)
    23:44:20.678 | 426 ool-1-worker-190 | DEBUG | .a.s.ParticipantScoreScheduleService : Scheduled task for exercise 1328 and participant 104 at 2025-02-14T23:44:20.778796233Z[Etc/UTC].
    23:44:20.700 | 426 ool-1-worker-190 | DEBUG | .c.s.m.InstanceMessageReceiveService : Received schedule participant score for exercise 1328 and participant 104 (result to be deleted: null)
    23:44:20.701 | 426 ool-1-worker-190 | DEBUG | .a.s.ParticipantScoreScheduleService : Scheduled task for exercise 1328 and participant 104 at 2025-02-14T23:44:20.801048770Z[Etc/UTC].
    23:44:20.717 | 426 ool-1-worker-190 | DEBUG | .c.s.m.InstanceMessageReceiveService : Received schedule participant score for exercise 1328 and participant 104 (result to be deleted: null)
    23:44:20.718 | 426 ool-1-worker-190 | DEBUG | .a.s.ParticipantScoreScheduleService : Scheduled task for exercise 1328 and participant 104 at 2025-02-14T23:44:20.817991935Z[Etc/UTC].
    23:44:20.729 | 426 ool-1-worker-190 | DEBUG | .c.s.m.InstanceMessageReceiveService : Received schedule participant score for exercise 1328 and participant 104 (result to be deleted: null)
    23:44:20.729 | 426 ool-1-worker-190 | DEBUG | .a.s.ParticipantScoreScheduleService : Scheduled task for exercise 1328 and participant 104 at 2025-02-14T23:44:20.829364413Z[Etc/UTC].
    23:44:20.740 | 426 ool-1-worker-190 | DEBUG | d.t.c.a.a.c.s.f.ApiVersionFilter     : Adding Version to Request PUT /api/modeling-submissions/689/result/0/assessment
    23:44:20.753 | 426 ool-1-worker-190 | DEBUG | .c.s.m.InstanceMessageReceiveService : Received schedule participant score for exercise 1328 and participant 104 (result to be deleted: null)
    23:44:20.753 | 426 ool-1-worker-190 | DEBUG | .a.s.ParticipantScoreScheduleService : Scheduled task for exercise 1328 and participant 104 at 2025-02-14T23:44:20.853720322Z[Etc/UTC].
    23:44:20.782 | 426 ool-1-worker-190 | DEBUG | .c.s.m.InstanceMessageReceiveService : Received schedule participant score for exercise 1328 and participant 104 (result to be deleted: null)
    23:44:20.782 | 426 ool-1-worker-190 | DEBUG | .a.s.ParticipantScoreScheduleService : Scheduled task for exercise 1328 and participant 104 at 2025-02-14T23:44:20.882711104Z[Etc/UTC].
    23:44:20.791 | 426 ool-1-worker-190 | DEBUG | .c.s.m.InstanceMessageReceiveService : Received schedule participant score for exercise 1328 and participant 104 (result to be deleted: null)
    23:44:20.791 | 426 ool-1-worker-190 | DEBUG | .a.s.ParticipantScoreScheduleService : Scheduled task for exercise 1328 and participant 104 at 2025-02-14T23:44:20.891443348Z[Etc/UTC].
    23:44:20.800 | 426 ool-1-worker-190 | DEBUG | .c.s.m.InstanceMessageReceiveService : Received schedule participant score for exercise 1328 and participant 104 (result to be deleted: null)
    23:44:20.800 | 426 ool-1-worker-190 | DEBUG | .a.s.ParticipantScoreScheduleService : Scheduled task for exercise 1328 and participant 104 at 2025-02-14T23:44:20.900416922Z[Etc/UTC].
    23:44:20.806 | 426 ool-1-worker-190 | DEBUG | d.t.c.a.a.c.s.f.ApiVersionFilter     : Adding Version to Request PUT /api/modeling-submissions/689/result/0/assessment
    23:44:20.814 | 426 ool-1-worker-190 | DEBUG | .c.s.m.InstanceMessageReceiveService : Received schedule participant score for exercise 1328 and participant 104 (result to be deleted: null)
    23:44:20.814 | 426 ool-1-worker-190 | DEBUG | .a.s.ParticipantScoreScheduleService : Scheduled task for exercise 1328 and participant 104 at 2025-02-14T23:44:20.914488683Z[Etc/UTC].
    23:44:20.829 | 426 ool-1-worker-190 | DEBUG | .c.s.m.InstanceMessageReceiveService : Received schedule participant score for exercise 1328 and participant 104 (result to be deleted: null)
    23:44:20.830 | 426 ool-1-worker-190 | DEBUG | .a.s.ParticipantScoreScheduleService : Scheduled task for exercise 1328 and participant 104 at 2025-02-14T23:44:20.930012061Z[Etc/UTC].
    23:44:20.840 | 426 ool-1-worker-190 | DEBUG | .c.s.m.InstanceMessageReceiveService : Received schedule participant score for exercise 1328 and participant 104 (result to be deleted: null)
    23:44:20.840 | 426 ool-1-worker-190 | DEBUG | .a.s.ParticipantScoreScheduleService : Scheduled task for exercise 1328 and participant 104 at 2025-02-14T23:44:20.940331946Z[Etc/UTC].
    23:44:20.847 | 426 ool-1-worker-190 | DEBUG | .c.s.m.InstanceMessageReceiveService : Received schedule participant score for exercise 1328 and participant 104 (result to be deleted: null)
    23:44:20.847 | 426 ool-1-worker-190 | DEBUG | .a.s.ParticipantScoreScheduleService : Scheduled task for exercise 1328 and participant 104 at 2025-02-14T23:44:20.947204451Z[Etc/UTC].

  Starting logs for ModelingAssessmentIntegrationTest > testManualAssessmentSubmit(IncludedInOverallScore, boolean) [4] includedInOverallScore=INCLUDED_AS_BONUS, bonus=false
    23:44:20.878 | 426 ool-1-worker-190 | DEBUG | d.t.c.a.a.c.u.util.UserUtilService   : Generate 6 students...
    23:44:20.893 | 426 ool-1-worker-190 | DEBUG | d.t.c.a.a.c.u.util.UserUtilService   : 6 students generated. Generate 2 tutors...
    23:44:20.898 | 426 ool-1-worker-190 | DEBUG | d.t.c.a.a.c.u.util.UserUtilService   : 2 tutors generated. Generate 0 editors...
    23:44:20.902 | 426 ool-1-worker-190 | DEBUG | d.t.c.a.a.c.u.util.UserUtilService   : 0 editors generated. Generate 1 instructors...
    23:44:20.906 | 426 ool-1-worker-190 | DEBUG | d.t.c.a.a.c.u.util.UserUtilService   : 1 instructors generated
    23:44:20.911 | 426 ool-1-worker-190 | DEBUG | d.t.c.a.a.c.u.util.UserUtilService   : Removing 9 users from all courses...
    23:44:20.915 | 426 ool-1-worker-190 | DEBUG | d.t.c.a.a.c.u.util.UserUtilService   : Removing 9 users from all courses. Done
    23:44:20.915 | 426 ool-1-worker-190 | DEBUG | d.t.c.a.a.c.u.util.UserUtilService   : Save 9 users to database...
    23:44:20.931 | 426 ool-1-worker-190 | DEBUG | d.t.c.a.a.c.u.util.UserUtilService   : Save 9 users to database. Done
    23:44:20.968 | 426 ool-1-worker-190 | INFO  | i.z.t.d.l.EmbeddedDatabaseReporter   : JDBC URL to connect to 'dataSource': url='jdbc:h2:tcp://localhost:41063/mem:f240edcd-27ce-47a3-b4ab-a6a00c154135;USER=sa', scope='ModelingAssessmentIntegrationTest#testManualAssessmentSubmit'
    23:44:21.023 | 426 ool-1-worker-190 | DEBUG | d.t.c.a.a.c.s.f.ApiVersionFilter     : Adding Version to Request PUT /api/modeling-submissions/690/result/0/assessment
    23:44:21.030 | 426 ool-1-worker-190 | DEBUG | .c.s.m.InstanceMessageReceiveService : Received schedule participant score for exercise 1339 and participant 104 (result to be deleted: null)
    23:44:21.030 | 426 ool-1-worker-190 | DEBUG | .a.s.ParticipantScoreScheduleService : Scheduled task for exercise 1339 and participant 104 at 2025-02-14T23:44:21.130910638Z[Etc/UTC].
    23:44:21.051 | 426 ool-1-worker-190 | DEBUG | .c.s.m.InstanceMessageReceiveService : Received schedule participant score for exercise 1339 and participant 104 (result to be deleted: null)
    23:44:21.051 | 426 ool-1-worker-190 | DEBUG | .a.s.ParticipantScoreScheduleService : Scheduled task for exercise 1339 and participant 104 at 2025-02-14T23:44:21.151308064Z[Etc/UTC].
    23:44:21.065 | 426 ool-1-worker-190 | DEBUG | .c.s.m.InstanceMessageReceiveService : Received schedule participant score for exercise 1339 and participant 104 (result to be deleted: null)
    23:44:21.065 | 426 ool-1-worker-190 | DEBUG | .a.s.ParticipantScoreScheduleService : Scheduled task for exercise 1339 and participant 104 at 2025-02-14T23:44:21.165579228Z[Etc/UTC].
    23:44:21.074 | 426 ool-1-worker-190 | DEBUG | .c.s.m.InstanceMessageReceiveService : Received schedule participant score for exercise 1339 and participant 104 (result to be deleted: null)
    23:44:21.074 | 426 ool-1-worker-190 | DEBUG | .a.s.ParticipantScoreScheduleService : Scheduled task for exercise 1339 and participant 104 at 2025-02-14T23:44:21.174871466Z[Etc/UTC].
    23:44:21.086 | 426 ool-1-worker-190 | DEBUG | d.t.c.a.a.c.s.f.ApiVersionFilter     : Adding Version to Request PUT /api/modeling-submissions/690/result/0/assessment
    23:44:21.095 | 426 ool-1-worker-190 | DEBUG | .c.s.m.InstanceMessageReceiveService : Received schedule participant score for exercise 1339 and participant 104 (result to be deleted: null)
    23:44:21.100 | 426 ool-1-worker-190 | DEBUG | .a.s.ParticipantScoreScheduleService : Scheduled task for exercise 1339 and participant 104 at 2025-02-14T23:44:21.200552749Z[Etc/UTC].
    23:44:21.116 | 426 ool-1-worker-190 | DEBUG | .c.s.m.InstanceMessageReceiveService : Received schedule participant score for exercise 1339 and participant 104 (result to be deleted: null)
    23:44:21.116 | 426 ool-1-worker-190 | DEBUG | .a.s.ParticipantScoreScheduleService : Scheduled task for exercise 1339 and participant 104 at 2025-02-14T23:44:21.216505886Z[Etc/UTC].
    23:44:21.132 | 426 ool-1-worker-190 | DEBUG | .c.s.m.InstanceMessageReceiveService : Received schedule participant score for exercise 1339 and participant 104 (result to be deleted: null)
    23:44:21.132 | 426 ool-1-worker-190 | DEBUG | .a.s.ParticipantScoreScheduleService : Scheduled task for exercise 1339 and participant 104 at 2025-02-14T23:44:21.232136153Z[Etc/UTC].
    23:44:21.140 | 426 ool-1-worker-190 | DEBUG | .c.s.m.InstanceMessageReceiveService : Received schedule participant score for exercise 1339 and participant 104 (result to be deleted: null)
    23:44:21.140 | 426 ool-1-worker-190 | DEBUG | .a.s.ParticipantScoreScheduleService : Scheduled task for exercise 1339 and participant 104 at 2025-02-14T23:44:21.240717656Z[Etc/UTC].
    23:44:21.146 | 426 ool-1-worker-190 | DEBUG | d.t.c.a.a.c.s.f.ApiVersionFilter     : Adding Version to Request PUT /api/modeling-submissions/690/result/0/assessment
    23:44:21.160 | 426 ool-1-worker-190 | DEBUG | .c.s.m.InstanceMessageReceiveService : Received schedule participant score for exercise 1339 and participant 104 (result to be deleted: null)
    23:44:21.160 | 426 ool-1-worker-190 | DEBUG | .a.s.ParticipantScoreScheduleService : Scheduled task for exercise 1339 and participant 104 at 2025-02-14T23:44:21.260302037Z[Etc/UTC].
    23:44:21.181 | 426 ool-1-worker-190 | DEBUG | .c.s.m.InstanceMessageReceiveService : Received schedule participant score for exercise 1339 and participant 104 (result to be deleted: null)
    23:44:21.181 | 426 ool-1-worker-190 | DEBUG | .a.s.ParticipantScoreScheduleService : Scheduled task for exercise 1339 and participant 104 at 2025-02-14T23:44:21.281946570Z[Etc/UTC].
    23:44:21.199 | 426 ool-1-worker-190 | DEBUG | .c.s.m.InstanceMessageReceiveService : Received schedule participant score for exercise 1339 and participant 104 (result to be deleted: null)
    23:44:21.199 | 426 ool-1-worker-190 | DEBUG | .a.s.ParticipantScoreScheduleService : Scheduled task for exercise 1339 and participant 104 at 2025-02-14T23:44:21.299137147Z[Etc/UTC].
    23:44:21.204 | 426 ool-1-worker-190 | DEBUG | .c.s.m.InstanceMessageReceiveService : Received schedule participant score for exercise 1339 and participant 104 (result to be deleted: null)
    23:44:21.204 | 426 ool-1-worker-190 | DEBUG | .a.s.ParticipantScoreScheduleService : Scheduled task for exercise 1339 and participant 104 at 2025-02-14T23:44:21.304529232Z[Etc/UTC].
    23:44:21.214 | 426 ool-1-worker-190 | DEBUG | d.t.c.a.a.c.s.f.ApiVersionFilter     : Adding Version to Request PUT /api/modeling-submissions/690/result/0/assessment
    23:44:21.229 | 426 ool-1-worker-190 | DEBUG | .c.s.m.InstanceMessageReceiveService : Received schedule participant score for exercise 1339 and participant 104 (result to be deleted: null)
    23:44:21.229 | 426 ool-1-worker-190 | DEBUG | .a.s.ParticipantScoreScheduleService : Scheduled task for exercise 1339 and participant 104 at 2025-02-14T23:44:21.329341412Z[Etc/UTC].
    23:44:21.252 | 426 ool-1-worker-190 | DEBUG | .c.s.m.InstanceMessageReceiveService : Received schedule participant score for exercise 1339 and participant 104 (result to be deleted: null)
    23:44:21.252 | 426 ool-1-worker-190 | DEBUG | .a.s.ParticipantScoreScheduleService : Scheduled task for exercise 1339 and participant 104 at 2025-02-14T23:44:21.352360217Z[Etc/UTC].
    23:44:21.267 | 426 ool-1-worker-190 | DEBUG | .c.s.m.InstanceMessageReceiveService : Received schedule participant score for exercise 1339 and participant 104 (result to be deleted: null)
    23:44:21.267 | 426 ool-1-worker-190 | DEBUG | .a.s.ParticipantScoreScheduleService : Scheduled task for exercise 1339 and participant 104 at 2025-02-14T23:44:21.367739406Z[Etc/UTC].
    23:44:21.272 | 426 ool-1-worker-190 | DEBUG | .c.s.m.InstanceMessageReceiveService : Received schedule participant score for exercise 1339 and participant 104 (result to be deleted: null)
    23:44:21.272 | 426 ool-1-worker-190 | DEBUG | .a.s.ParticipantScoreScheduleService : Scheduled task for exercise 1339 and participant 104 at 2025-02-14T23:44:21.372377685Z[Etc/UTC].
    23:44:21.278 | 426 ool-1-worker-190 | DEBUG | d.t.c.a.a.c.s.f.ApiVersionFilter     : Adding Version to Request PUT /api/modeling-submissions/690/result/0/assessment
    23:44:21.283 | 426 ool-1-worker-190 | DEBUG | .c.s.m.InstanceMessageReceiveService : Received schedule participant score for exercise 1339 and participant 104 (result to be deleted: null)
    23:44:21.283 | 426 ool-1-worker-190 | DEBUG | .a.s.ParticipantScoreScheduleService : Scheduled task for exercise 1339 and participant 104 at 2025-02-14T23:44:21.383633976Z[Etc/UTC].
    23:44:21.295 | 426 ool-1-worker-190 | DEBUG | .c.s.m.InstanceMessageReceiveService : Received schedule participant score for exercise 1339 and participant 104 (result to be deleted: null)
    23:44:21.295 | 426 ool-1-worker-190 | DEBUG | .a.s.ParticipantScoreScheduleService : Scheduled task for exercise 1339 and participant 104 at 2025-02-14T23:44:21.395115166Z[Etc/UTC].
    23:44:21.303 | 426 ool-1-worker-190 | DEBUG | .c.s.m.InstanceMessageReceiveService : Received schedule participant score for exercise 1339 and participant 104 (result to be deleted: null)
    23:44:21.304 | 426 ool-1-worker-190 | DEBUG | .a.s.ParticipantScoreScheduleService : Scheduled task for exercise 1339 and participant 104 at 2025-02-14T23:44:21.404006567Z[Etc/UTC].
    23:44:21.308 | 426 ool-1-worker-190 | DEBUG | .c.s.m.InstanceMessageReceiveService : Received schedule participant score for exercise 1339 and participant 104 (result to be deleted: null)
    23:44:21.308 | 426 ool-1-worker-190 | DEBUG | .a.s.ParticipantScoreScheduleService : Scheduled task for exercise 1339 and participant 104 at 2025-02-14T23:44:21.408728102Z[Etc/UTC].
    23:44:21.313 | 426 ool-1-worker-190 | DEBUG | d.t.c.a.a.c.s.f.ApiVersionFilter     : Adding Version to Request PUT /api/modeling-submissions/690/result/0/assessment
    23:44:21.319 | 426 ool-1-worker-190 | DEBUG | .c.s.m.InstanceMessageReceiveService : Received schedule participant score for exercise 1339 and participant 104 (result to be deleted: null)
    23:44:21.319 | 426 ool-1-worker-190 | DEBUG | .a.s.ParticipantScoreScheduleService : Scheduled task for exercise 1339 and participant 104 at 2025-02-14T23:44:21.419587492Z[Etc/UTC].
    23:44:21.332 | 426 ool-1-worker-190 | DEBUG | .c.s.m.InstanceMessageReceiveService : Received schedule participant score for exercise 1339 and participant 104 (result to be deleted: null)
    23:44:21.332 | 426 ool-1-worker-190 | DEBUG | .a.s.ParticipantScoreScheduleService : Scheduled task for exercise 1339 and participant 104 at 2025-02-14T23:44:21.432547119Z[Etc/UTC].
    23:44:21.340 | 426 ool-1-worker-190 | DEBUG | .c.s.m.InstanceMessageReceiveService : Received schedule participant score for exercise 1339 and participant 104 (result to be deleted: null)
    23:44:21.340 | 426 ool-1-worker-190 | DEBUG | .a.s.ParticipantScoreScheduleService : Scheduled task for exercise 1339 and participant 104 at 2025-02-14T23:44:21.440673333Z[Etc/UTC].
    23:44:21.345 | 426 ool-1-worker-190 | DEBUG | .c.s.m.InstanceMessageReceiveService : Received schedule participant score for exercise 1339 and participant 104 (result to be deleted: null)
    23:44:21.345 | 426 ool-1-worker-190 | DEBUG | .a.s.ParticipantScoreScheduleService : Scheduled task for exercise 1339 and participant 104 at 2025-02-14T23:44:21.445934644Z[Etc/UTC].

  Starting logs for ModelingAssessmentIntegrationTest > testManualAssessmentSubmit(IncludedInOverallScore, boolean) [5] includedInOverallScore=NOT_INCLUDED, bonus=true
    23:44:21.383 | 426 ool-1-worker-190 | DEBUG | d.t.c.a.a.c.u.util.UserUtilService   : Generate 6 students...
    23:44:21.397 | 426 ool-1-worker-190 | DEBUG | d.t.c.a.a.c.u.util.UserUtilService   : 6 students generated. Generate 2 tutors...
    23:44:21.401 | 426 ool-1-worker-190 | DEBUG | d.t.c.a.a.c.u.util.UserUtilService   : 2 tutors generated. Generate 0 editors...
    23:44:21.402 | 426 ool-1-worker-190 | DEBUG | d.t.c.a.a.c.u.util.UserUtilService   : 0 editors generated. Generate 1 instructors...
    23:44:21.405 | 426 ool-1-worker-190 | DEBUG | d.t.c.a.a.c.u.util.UserUtilService   : 1 instructors generated
    23:44:21.408 | 426 ool-1-worker-190 | DEBUG | d.t.c.a.a.c.u.util.UserUtilService   : Removing 9 users from all courses...
    23:44:21.409 | 426 ool-1-worker-190 | DEBUG | d.t.c.a.a.c.u.util.UserUtilService   : Removing 9 users from all courses. Done
    23:44:21.409 | 426 ool-1-worker-190 | DEBUG | d.t.c.a.a.c.u.util.UserUtilService   : Save 9 users to database...
    23:44:21.417 | 426 ool-1-worker-190 | DEBUG | d.t.c.a.a.c.u.util.UserUtilService   : Save 9 users to database. Done
    23:44:21.430 | 426 ool-1-worker-190 | INFO  | i.z.t.d.l.EmbeddedDatabaseReporter   : JDBC URL to connect to 'dataSource': url='jdbc:h2:tcp://localhost:41063/mem:f240edcd-27ce-47a3-b4ab-a6a00c154135;USER=sa', scope='ModelingAssessmentIntegrationTest#testManualAssessmentSubmit'
    23:44:21.450 | 426 ool-1-worker-190 | DEBUG | d.t.c.a.a.c.s.f.ApiVersionFilter     : Adding Version to Request PUT /api/modeling-submissions/691/result/0/assessment
    23:44:21.454 | 426 ool-1-worker-190 | DEBUG | .c.s.m.InstanceMessageReceiveService : Received schedule participant score for exercise 1350 and participant 104 (result to be deleted: null)
    23:44:21.454 | 426 ool-1-worker-190 | DEBUG | .a.s.ParticipantScoreScheduleService : Scheduled task for exercise 1350 and participant 104 at 2025-02-14T23:44:21.554728985Z[Etc/UTC].
    23:44:21.462 | 426 ool-1-worker-190 | DEBUG | .c.s.m.InstanceMessageReceiveService : Received schedule participant score for exercise 1350 and participant 104 (result to be deleted: null)
    23:44:21.462 | 426 ool-1-worker-190 | DEBUG | .a.s.ParticipantScoreScheduleService : Scheduled task for exercise 1350 and participant 104 at 2025-02-14T23:44:21.562207742Z[Etc/UTC].
    23:44:21.470 | 426 ool-1-worker-190 | DEBUG | .c.s.m.InstanceMessageReceiveService : Received schedule participant score for exercise 1350 and participant 104 (result to be deleted: null)
    23:44:21.470 | 426 ool-1-worker-190 | DEBUG | .a.s.ParticipantScoreScheduleService : Scheduled task for exercise 1350 and participant 104 at 2025-02-14T23:44:21.570287609Z[Etc/UTC].
    23:44:21.475 | 426 ool-1-worker-190 | DEBUG | .c.s.m.InstanceMessageReceiveService : Received schedule participant score for exercise 1350 and participant 104 (result to be deleted: null)
    23:44:21.476 | 426 ool-1-worker-190 | DEBUG | .a.s.ParticipantScoreScheduleService : Scheduled task for exercise 1350 and participant 104 at 2025-02-14T23:44:21.576001605Z[Etc/UTC].
    23:44:21.481 | 426 ool-1-worker-190 | DEBUG | d.t.c.a.a.c.s.f.ApiVersionFilter     : Adding Version to Request PUT /api/modeling-submissions/691/result/0/assessment
    23:44:21.486 | 426 ool-1-worker-190 | DEBUG | .c.s.m.InstanceMessageReceiveService : Received schedule participant score for exercise 1350 and participant 104 (result to be deleted: null)
    23:44:21.486 | 426 ool-1-worker-190 | DEBUG | .a.s.ParticipantScoreScheduleService : Scheduled task for exercise 1350 and participant 104 at 2025-02-14T23:44:21.586969047Z[Etc/UTC].
    23:44:21.495 | 426 ool-1-worker-190 | DEBUG | .c.s.m.InstanceMessageReceiveService : Received schedule participant score for exercise 1350 and participant 104 (result to be deleted: null)
    23:44:21.495 | 426 ool-1-worker-190 | DEBUG | .a.s.ParticipantScoreScheduleService : Scheduled task for exercise 1350 and participant 104 at 2025-02-14T23:44:21.595989568Z[Etc/UTC].
    23:44:21.504 | 426 ool-1-worker-190 | DEBUG | .c.s.m.InstanceMessageReceiveService : Received schedule participant score for exercise 1350 and participant 104 (result to be deleted: null)
    23:44:21.504 | 426 ool-1-worker-190 | DEBUG | .a.s.ParticipantScoreScheduleService : Scheduled task for exercise 1350 and participant 104 at 2025-02-14T23:44:21.604149034Z[Etc/UTC].
    23:44:21.507 | 426 ool-1-worker-190 | DEBUG | .c.s.m.InstanceMessageReceiveService : Received schedule participant score for exercise 1350 and participant 104 (result to be deleted: null)
    23:44:21.508 | 426 ool-1-worker-190 | DEBUG | .a.s.ParticipantScoreScheduleService : Scheduled task for exercise 1350 and participant 104 at 2025-02-14T23:44:21.608050149Z[Etc/UTC].
    23:44:21.513 | 426 ool-1-worker-190 | DEBUG | d.t.c.a.a.c.s.f.ApiVersionFilter     : Adding Version to Request PUT /api/modeling-submissions/691/result/0/assessment
    23:44:21.518 | 426 ool-1-worker-190 | DEBUG | .c.s.m.InstanceMessageReceiveService : Received schedule participant score for exercise 1350 and participant 104 (result to be deleted: null)
    23:44:21.518 | 426 ool-1-worker-190 | DEBUG | .a.s.ParticipantScoreScheduleService : Scheduled task for exercise 1350 and participant 104 at 2025-02-14T23:44:21.618827948Z[Etc/UTC].
    23:44:21.529 | 426 ool-1-worker-190 | DEBUG | .c.s.m.InstanceMessageReceiveService : Received schedule participant score for exercise 1350 and participant 104 (result to be deleted: null)
    23:44:21.529 | 426 ool-1-worker-190 | DEBUG | .a.s.ParticipantScoreScheduleService : Scheduled task for exercise 1350 and participant 104 at 2025-02-14T23:44:21.629625182Z[Etc/UTC].
    23:44:21.537 | 426 ool-1-worker-190 | DEBUG | .c.s.m.InstanceMessageReceiveService : Received schedule participant score for exercise 1350 and participant 104 (result to be deleted: null)
    23:44:21.537 | 426 ool-1-worker-190 | DEBUG | .a.s.ParticipantScoreScheduleService : Scheduled task for exercise 1350 and participant 104 at 2025-02-14T23:44:21.637853597Z[Etc/UTC].
    23:44:21.541 | 426 ool-1-worker-190 | DEBUG | .c.s.m.InstanceMessageReceiveService : Received schedule participant score for exercise 1350 and participant 104 (result to be deleted: null)
    23:44:21.543 | 426 ool-1-worker-190 | DEBUG | .a.s.ParticipantScoreScheduleService : Scheduled task for exercise 1350 and participant 104 at 2025-02-14T23:44:21.643740154Z[Etc/UTC].
    23:44:21.550 | 426 ool-1-worker-190 | DEBUG | d.t.c.a.a.c.s.f.ApiVersionFilter     : Adding Version to Request PUT /api/modeling-submissions/691/result/0/assessment
    23:44:21.560 | 426 ool-1-worker-190 | DEBUG | .c.s.m.InstanceMessageReceiveService : Received schedule participant score for exercise 1350 and participant 104 (result to be deleted: null)
    23:44:21.560 | 426 ool-1-worker-190 | DEBUG | .a.s.ParticipantScoreScheduleService : Scheduled task for exercise 1350 and participant 104 at 2025-02-14T23:44:21.660956569Z[Etc/UTC].
    23:44:21.600 | 426 ool-1-worker-190 | DEBUG | .c.s.m.InstanceMessageReceiveService : Received schedule participant score for exercise 1350 and participant 104 (result to be deleted: null)
    23:44:21.600 | 426 ool-1-worker-190 | DEBUG | .a.s.ParticipantScoreScheduleService : Scheduled task for exercise 1350 and participant 104 at 2025-02-14T23:44:21.700538371Z[Etc/UTC].
    23:44:21.612 | 426 ool-1-worker-190 | DEBUG | .c.s.m.InstanceMessageReceiveService : Received schedule participant score for exercise 1350 and participant 104 (result to be deleted: null)
    23:44:21.612 | 426 ool-1-worker-190 | DEBUG | .a.s.ParticipantScoreScheduleService : Scheduled task for exercise 1350 and participant 104 at 2025-02-14T23:44:21.712312979Z[Etc/UTC].
    23:44:21.623 | 426 ool-1-worker-190 | DEBUG | .c.s.m.InstanceMessageReceiveService : Received schedule participant score for exercise 1350 and participant 104 (result to be deleted: null)
    23:44:21.623 | 426 ool-1-worker-190 | DEBUG | .a.s.ParticipantScoreScheduleService : Scheduled task for exercise 1350 and participant 104 at 2025-02-14T23:44:21.723275321Z[Etc/UTC].
    23:44:21.629 | 426 ool-1-worker-190 | DEBUG | d.t.c.a.a.c.s.f.ApiVersionFilter     : Adding Version to Request PUT /api/modeling-submissions/691/result/0/assessment
    23:44:21.635 | 426 ool-1-worker-190 | DEBUG | .c.s.m.InstanceMessageReceiveService : Received schedule participant score for exercise 1350 and participant 104 (result to be deleted: null)
    23:44:21.635 | 426 ool-1-worker-190 | DEBUG | .a.s.ParticipantScoreScheduleService : Scheduled task for exercise 1350 and participant 104 at 2025-02-14T23:44:21.735074104Z[Etc/UTC].
    23:44:21.652 | 426 ool-1-worker-190 | DEBUG | .c.s.m.InstanceMessageReceiveService : Received schedule participant score for exercise 1350 and participant 104 (result to be deleted: null)
    23:44:21.652 | 426 ool-1-worker-190 | DEBUG | .a.s.ParticipantScoreScheduleService : Scheduled task for exercise 1350 and participant 104 at 2025-02-14T23:44:21.752490151Z[Etc/UTC].
    23:44:21.661 | 426 ool-1-worker-190 | DEBUG | .c.s.m.InstanceMessageReceiveService : Received schedule participant score for exercise 1350 and participant 104 (result to be deleted: null)
    23:44:21.661 | 426 ool-1-worker-190 | DEBUG | .a.s.ParticipantScoreScheduleService : Scheduled task for exercise 1350 and participant 104 at 2025-02-14T23:44:21.761150060Z[Etc/UTC].
    23:44:21.665 | 426 ool-1-worker-190 | DEBUG | .c.s.m.InstanceMessageReceiveService : Received schedule participant score for exercise 1350 and participant 104 (result to be deleted: null)
    23:44:21.665 | 426 ool-1-worker-190 | DEBUG | .a.s.ParticipantScoreScheduleService : Scheduled task for exercise 1350 and participant 104 at 2025-02-14T23:44:21.765800422Z[Etc/UTC].
    23:44:21.673 | 426 ool-1-worker-190 | DEBUG | d.t.c.a.a.c.s.f.ApiVersionFilter     : Adding Version to Request PUT /api/modeling-submissions/691/result/0/assessment
    23:44:21.679 | 426 ool-1-worker-190 | DEBUG | .c.s.m.InstanceMessageReceiveService : Received schedule participant score for exercise 1350 and participant 104 (result to be deleted: null)
    23:44:21.679 | 426 ool-1-worker-190 | DEBUG | .a.s.ParticipantScoreScheduleService : Scheduled task for exercise 1350 and participant 104 at 2025-02-14T23:44:21.779927156Z[Etc/UTC].
    23:44:21.698 | 426 ool-1-worker-190 | DEBUG | .c.s.m.InstanceMessageReceiveService : Received schedule participant score for exercise 1350 and participant 104 (result to be deleted: null)
    23:44:21.698 | 426 ool-1-worker-190 | DEBUG | .a.s.ParticipantScoreScheduleService : Scheduled task for exercise 1350 and participant 104 at 2025-02-14T23:44:21.798623942Z[Etc/UTC].
    23:44:21.706 | 426 ool-1-worker-190 | DEBUG | .c.s.m.InstanceMessageReceiveService : Received schedule participant score for exercise 1350 and participant 104 (result to be deleted: null)
    23:44:21.706 | 426 ool-1-worker-190 | DEBUG | .a.s.ParticipantScoreScheduleService : Scheduled task for exercise 1350 and participant 104 at 2025-02-14T23:44:21.806892070Z[Etc/UTC].
    23:44:21.712 | 426 ool-1-worker-190 | DEBUG | .c.s.m.InstanceMessageReceiveService : Received schedule participant score for exercise 1350 and participant 104 (result to be deleted: null)
    23:44:21.712 | 426 ool-1-worker-190 | DEBUG | .a.s.ParticipantScoreScheduleService : Scheduled task for exercise 1350 and participant 104 at 2025-02-14T23:44:21.812541966Z[Etc/UTC].
    23:44:21.719 | 426 ool-1-worker-190 | DEBUG | d.t.c.a.a.c.s.f.ApiVersionFilter     : Adding Version to Request PUT /api/modeling-submissions/691/result/0/assessment
    23:44:21.733 | 426 ool-1-worker-190 | DEBUG | .c.s.m.InstanceMessageReceiveService : Received schedule participant score for exercise 1350 and participant 104 (result to be deleted: null)
    23:44:21.733 | 426 ool-1-worker-190 | DEBUG | .a.s.ParticipantScoreScheduleService : Scheduled task for exercise 1350 and participant 104 at 2025-02-14T23:44:21.833532159Z[Etc/UTC].
    23:44:21.771 | 426 ool-1-worker-190 | DEBUG | .c.s.m.InstanceMessageReceiveService : Received schedule participant score for exercise 1350 and participant 104 (result to be deleted: null)
    23:44:21.771 | 426 ool-1-worker-190 | DEBUG | .a.s.ParticipantScoreScheduleService : Scheduled task for exercise 1350 and participant 104 at 2025-02-14T23:44:21.871297844Z[Etc/UTC].
    23:44:21.807 | 426 ool-1-worker-190 | DEBUG | .c.s.m.InstanceMessageReceiveService : Received schedule participant score for exercise 1350 and participant 104 (result to be deleted: null)
    23:44:21.807 | 426 ool-1-worker-190 | DEBUG | .a.s.ParticipantScoreScheduleService : Scheduled task for exercise 1350 and participant 104 at 2025-02-14T23:44:21.907335447Z[Etc/UTC].
    23:44:21.820 | 426 ool-1-worker-190 | DEBUG | .c.s.m.InstanceMessageReceiveService : Received schedule participant score for exercise 1350 and participant 104 (result to be deleted: null)
    23:44:21.820 | 426 ool-1-worker-190 | DEBUG | .a.s.ParticipantScoreScheduleService : Scheduled task for exercise 1350 and participant 104 at 2025-02-14T23:44:21.920318989Z[Etc/UTC].
    23:44:21.832 | 426 ool-1-worker-190 | DEBUG | d.t.c.a.a.c.s.f.ApiVersionFilter     : Adding Version to Request PUT /api/modeling-submissions/691/result/0/assessment
    23:44:21.843 | 426 ool-1-worker-190 | DEBUG | .c.s.m.InstanceMessageReceiveService : Received schedule participant score for exercise 1350 and participant 104 (result to be deleted: null)
    23:44:21.843 | 426 ool-1-worker-190 | DEBUG | .a.s.ParticipantScoreScheduleService : Scheduled task for exercise 1350 and participant 104 at 2025-02-14T23:44:21.943362483Z[Etc/UTC].
    23:44:21.877 | 426 ool-1-worker-190 | DEBUG | .c.s.m.InstanceMessageReceiveService : Received schedule participant score for exercise 1350 and participant 104 (result to be deleted: null)
    23:44:21.877 | 426 ool-1-worker-190 | DEBUG | .a.s.ParticipantScoreScheduleService : Scheduled task for exercise 1350 and participant 104 at 2025-02-14T23:44:21.977415345Z[Etc/UTC].
    23:44:21.899 | 426 ool-1-worker-190 | DEBUG | .c.s.m.InstanceMessageReceiveService : Received schedule participant score for exercise 1350 and participant 104 (result to be deleted: null)
    23:44:21.899 | 426 ool-1-worker-190 | DEBUG | .a.s.ParticipantScoreScheduleService : Scheduled task for exercise 1350 and participant 104 at 2025-02-14T23:44:22.399377811Z[Etc/UTC].
    23:44:21.916 | 426 ool-1-worker-190 | DEBUG | .c.s.m.InstanceMessageReceiveService : Received schedule participant score for exercise 1350 and participant 104 (result to be deleted: null)
    23:44:21.916 | 426 ool-1-worker-190 | DEBUG | .a.s.ParticipantScoreScheduleService : Scheduled task for exercise 1350 and participant 104 at 2025-02-14T23:44:22.016317731Z[Etc/UTC].

  Starting logs for ModelingAssessmentIntegrationTest > testManualAssessmentSubmit(IncludedInOverallScore, boolean) [6] includedInOverallScore=INCLUDED_AS_BONUS, bonus=false
    23:44:21.968 | 426 ool-1-worker-190 | DEBUG | d.t.c.a.a.c.u.util.UserUtilService   : Generate 6 students...
    23:44:21.980 | 426 ool-1-worker-190 | DEBUG | d.t.c.a.a.c.u.util.UserUtilService   : 6 students generated. Generate 2 tutors...
    23:44:21.984 | 426 ool-1-worker-190 | DEBUG | d.t.c.a.a.c.u.util.UserUtilService   : 2 tutors generated. Generate 0 editors...
    23:44:21.986 | 426 ool-1-worker-190 | DEBUG | d.t.c.a.a.c.u.util.UserUtilService   : 0 editors generated. Generate 1 instructors...
    23:44:21.988 | 426 ool-1-worker-190 | DEBUG | d.t.c.a.a.c.u.util.UserUtilService   : 1 instructors generated
    23:44:21.990 | 426 ool-1-worker-190 | DEBUG | d.t.c.a.a.c.u.util.UserUtilService   : Removing 9 users from all courses...
    23:44:21.992 | 426 ool-1-worker-190 | DEBUG | d.t.c.a.a.c.u.util.UserUtilService   : Removing 9 users from all courses. Done
    23:44:21.992 | 426 ool-1-worker-190 | DEBUG | d.t.c.a.a.c.u.util.UserUtilService   : Save 9 users to database...
    23:44:21.999 | 426 ool-1-worker-190 | DEBUG | d.t.c.a.a.c.u.util.UserUtilService   : Save 9 users to database. Done
    23:44:22.024 | 426 ool-1-worker-190 | INFO  | i.z.t.d.l.EmbeddedDatabaseReporter   : JDBC URL to connect to 'dataSource': url='jdbc:h2:tcp://localhost:41063/mem:f240edcd-27ce-47a3-b4ab-a6a00c154135;USER=sa', scope='ModelingAssessmentIntegrationTest#testManualAssessmentSubmit'
    23:44:22.064 | 426 ool-1-worker-190 | DEBUG | d.t.c.a.a.c.s.f.ApiVersionFilter     : Adding Version to Request PUT /api/modeling-submissions/692/result/0/assessment
    23:44:22.074 | 426 ool-1-worker-190 | DEBUG | .c.s.m.InstanceMessageReceiveService : Received schedule participant score for exercise 1361 and participant 104 (result to be deleted: null)
    23:44:22.076 | 426 ool-1-worker-190 | DEBUG | .a.s.ParticipantScoreScheduleService : Scheduled task for exercise 1361 and participant 104 at 2025-02-14T23:44:22.174647224Z[Etc/UTC].
    23:44:22.089 | 426 ool-1-worker-190 | DEBUG | .c.s.m.InstanceMessageReceiveService : Received schedule participant score for exercise 1361 and participant 104 (result to be deleted: null)
    23:44:22.089 | 426 ool-1-worker-190 | DEBUG | .a.s.ParticipantScoreScheduleService : Scheduled task for exercise 1361 and participant 104 at 2025-02-14T23:44:22.189371101Z[Etc/UTC].
    23:44:22.103 | 426 ool-1-worker-190 | DEBUG | .c.s.m.InstanceMessageReceiveService : Received schedule participant score for exercise 1361 and participant 104 (result to be deleted: null)
    23:44:22.103 | 426 ool-1-worker-190 | DEBUG | .a.s.ParticipantScoreScheduleService : Scheduled task for exercise 1361 and participant 104 at 2025-02-14T23:44:22.203194599Z[Etc/UTC].
    23:44:22.113 | 426 ool-1-worker-190 | DEBUG | .c.s.m.InstanceMessageReceiveService : Received schedule participant score for exercise 1361 and participant 104 (result to be deleted: null)
    23:44:22.113 | 426 ool-1-worker-190 | DEBUG | .a.s.ParticipantScoreScheduleService : Scheduled task for exercise 1361 and participant 104 at 2025-02-14T23:44:22.213525775Z[Etc/UTC].
    23:44:22.122 | 426 ool-1-worker-190 | DEBUG | d.t.c.a.a.c.s.f.ApiVersionFilter     : Adding Version to Request PUT /api/modeling-submissions/692/result/0/assessment
    23:44:22.132 | 426 ool-1-worker-190 | DEBUG | .c.s.m.InstanceMessageReceiveService : Received schedule participant score for exercise 1361 and participant 104 (result to be deleted: null)
    23:44:22.132 | 426 ool-1-worker-190 | DEBUG | .a.s.ParticipantScoreScheduleService : Scheduled task for exercise 1361 and participant 104 at 2025-02-14T23:44:22.232956609Z[Etc/UTC].
    23:44:22.155 | 426 ool-1-worker-190 | DEBUG | .c.s.m.InstanceMessageReceiveService : Received schedule participant score for exercise 1361 and participant 104 (result to be deleted: null)
    23:44:22.155 | 426 ool-1-worker-190 | DEBUG | .a.s.ParticipantScoreScheduleService : Scheduled task for exercise 1361 and participant 104 at 2025-02-14T23:44:22.255351922Z[Etc/UTC].
    23:44:22.173 | 426 ool-1-worker-190 | DEBUG | .c.s.m.InstanceMessageReceiveService : Received schedule participant score for exercise 1361 and participant 104 (result to be deleted: null)
    23:44:22.173 | 426 ool-1-worker-190 | DEBUG | .a.s.ParticipantScoreScheduleService : Scheduled task for exercise 1361 and participant 104 at 2025-02-14T23:44:22.273316383Z[Etc/UTC].
    23:44:22.181 | 426 ool-1-worker-190 | DEBUG | .c.s.m.InstanceMessageReceiveService : Received schedule participant score for exercise 1361 and participant 104 (result to be deleted: null)
    23:44:22.181 | 426 ool-1-worker-190 | DEBUG | .a.s.ParticipantScoreScheduleService : Scheduled task for exercise 1361 and participant 104 at 2025-02-14T23:44:22.281850317Z[Etc/UTC].
    23:44:22.194 | 426 ool-1-worker-190 | DEBUG | d.t.c.a.a.c.s.f.ApiVersionFilter     : Adding Version to Request PUT /api/modeling-submissions/692/result/0/assessment
    23:44:22.206 | 426 ool-1-worker-190 | DEBUG | .c.s.m.InstanceMessageReceiveService : Received schedule participant score for exercise 1361 and participant 104 (result to be deleted: null)
    23:44:22.206 | 426 ool-1-worker-190 | DEBUG | .a.s.ParticipantScoreScheduleService : Scheduled task for exercise 1361 and participant 104 at 2025-02-14T23:44:22.306272589Z[Etc/UTC].
    23:44:22.229 | 426 ool-1-worker-190 | DEBUG | .c.s.m.InstanceMessageReceiveService : Received schedule participant score for exercise 1361 and participant 104 (result to be deleted: null)
    23:44:22.229 | 426 ool-1-worker-190 | DEBUG | .a.s.ParticipantScoreScheduleService : Scheduled task for exercise 1361 and participant 104 at 2025-02-14T23:44:22.329315640Z[Etc/UTC].
    23:44:22.243 | 426 ool-1-worker-190 | DEBUG | .c.s.m.InstanceMessageReceiveService : Received schedule participant score for exercise 1361 and participant 104 (result to be deleted: null)
    23:44:22.243 | 426 ool-1-worker-190 | DEBUG | .a.s.ParticipantScoreScheduleService : Scheduled task for exercise 1361 and participant 104 at 2025-02-14T23:44:22.343564642Z[Etc/UTC].
    23:44:22.254 | 426 ool-1-worker-190 | DEBUG | .c.s.m.InstanceMessageReceiveService : Received schedule participant score for exercise 1361 and participant 104 (result to be deleted: null)
    23:44:22.254 | 426 ool-1-worker-190 | DEBUG | .a.s.ParticipantScoreScheduleService : Scheduled task for exercise 1361 and participant 104 at 2025-02-14T23:44:22.354342991Z[Etc/UTC].
    23:44:22.263 | 426 ool-1-worker-190 | DEBUG | d.t.c.a.a.c.s.f.ApiVersionFilter     : Adding Version to Request PUT /api/modeling-submissions/692/result/0/assessment
    23:44:22.274 | 426 ool-1-worker-190 | DEBUG | .c.s.m.InstanceMessageReceiveService : Received schedule participant score for exercise 1361 and participant 104 (result to be deleted: null)
    23:44:22.275 | 426 ool-1-worker-190 | DEBUG | .a.s.ParticipantScoreScheduleService : Scheduled task for exercise 1361 and participant 104 at 2025-02-14T23:44:22.374994081Z[Etc/UTC].
    23:44:22.299 | 426 ool-1-worker-190 | DEBUG | .c.s.m.InstanceMessageReceiveService : Received schedule participant score for exercise 1361 and participant 104 (result to be deleted: null)
    23:44:22.299 | 426 ool-1-worker-190 | DEBUG | .a.s.ParticipantScoreScheduleService : Scheduled task for exercise 1361 and participant 104 at 2025-02-14T23:44:22.399941774Z[Etc/UTC].
    23:44:22.316 | 426 ool-1-worker-190 | DEBUG | .c.s.m.InstanceMessageReceiveService : Received schedule participant score for exercise 1361 and participant 104 (result to be deleted: null)
    23:44:22.316 | 426 ool-1-worker-190 | DEBUG | .a.s.ParticipantScoreScheduleService : Scheduled task for exercise 1361 and participant 104 at 2025-02-14T23:44:22.416843062Z[Etc/UTC].
    23:44:22.328 | 426 ool-1-worker-190 | DEBUG | .c.s.m.InstanceMessageReceiveService : Received schedule participant score for exercise 1361 and participant 104 (result to be deleted: null)
    23:44:22.328 | 426 ool-1-worker-190 | DEBUG | .a.s.ParticipantScoreScheduleService : Scheduled task for exercise 1361 and participant 104 at 2025-02-14T23:44:22.428677901Z[Etc/UTC].
    23:44:22.337 | 426 ool-1-worker-190 | DEBUG | d.t.c.a.a.c.s.f.ApiVersionFilter     : Adding Version to Request PUT /api/modeling-submissions/692/result/0/assessment
    23:44:22.349 | 426 ool-1-worker-190 | DEBUG | .c.s.m.InstanceMessageReceiveService : Received schedule participant score for exercise 1361 and participant 104 (result to be deleted: null)
    23:44:22.349 | 426 ool-1-worker-190 | DEBUG | .a.s.ParticipantScoreScheduleService : Scheduled task for exercise 1361 and participant 104 at 2025-02-14T23:44:22.449187127Z[Etc/UTC].
    23:44:22.362 | 426 ool-1-worker-190 | DEBUG | .c.s.m.InstanceMessageReceiveService : Received schedule participant score for exercise 1361 and participant 104 (result to be deleted: null)
    23:44:22.362 | 426 ool-1-worker-190 | DEBUG | .a.s.ParticipantScoreScheduleService : Scheduled task for exercise 1361 and participant 104 at 2025-02-14T23:44:22.462238345Z[Etc/UTC].
    23:44:22.370 | 426 ool-1-worker-190 | DEBUG | .c.s.m.InstanceMessageReceiveService : Received schedule participant score for exercise 1361 and participant 104 (result to be deleted: null)
    23:44:22.370 | 426 ool-1-worker-190 | DEBUG | .a.s.ParticipantScoreScheduleService : Scheduled task for exercise 1361 and participant 104 at 2025-02-14T23:44:22.470079617Z[Etc/UTC].
    23:44:22.375 | 426 ool-1-worker-190 | DEBUG | .c.s.m.InstanceMessageReceiveService : Received schedule participant score for exercise 1361 and participant 104 (result to be deleted: null)
    23:44:22.375 | 426 ool-1-worker-190 | DEBUG | .a.s.ParticipantScoreScheduleService : Scheduled task for exercise 1361 and participant 104 at 2025-02-14T23:44:22.475083118Z[Etc/UTC].
    23:44:22.380 | 426 ool-1-worker-190 | DEBUG | d.t.c.a.a.c.s.f.ApiVersionFilter     : Adding Version to Request PUT /api/modeling-submissions/692/result/0/assessment
    23:44:22.389 | 426 ool-1-worker-190 | DEBUG | .c.s.m.InstanceMessageReceiveService : Received schedule participant score for exercise 1361 and participant 104 (result to be deleted: null)
    23:44:22.389 | 426 ool-1-worker-190 | DEBUG | .a.s.ParticipantScoreScheduleService : Scheduled task for exercise 1361 and participant 104 at 2025-02-14T23:44:22.489738918Z[Etc/UTC].
    23:44:22.419 | 426 ool-1-worker-190 | DEBUG | .c.s.m.InstanceMessageReceiveService : Received schedule participant score for exercise 1361 and participant 104 (result to be deleted: null)
    23:44:22.419 | 426 ool-1-worker-190 | DEBUG | .a.s.ParticipantScoreScheduleService : Scheduled task for exercise 1361 and participant 104 at 2025-02-14T23:44:22.519348113Z[Etc/UTC].
    23:44:22.437 | 426 ool-1-worker-190 | DEBUG | .c.s.m.InstanceMessageReceiveService : Received schedule participant score for exercise 1361 and participant 104 (result to be deleted: null)
    23:44:22.437 | 426 ool-1-worker-190 | DEBUG | .a.s.ParticipantScoreScheduleService : Scheduled task for exercise 1361 and participant 104 at 2025-02-14T23:44:22.537388916Z[Etc/UTC].
    23:44:22.448 | 426 ool-1-worker-190 | DEBUG | .c.s.m.InstanceMessageReceiveService : Received schedule participant score for exercise 1361 and participant 104 (result to be deleted: null)
    23:44:22.448 | 426 ool-1-worker-190 | DEBUG | .a.s.ParticipantScoreScheduleService : Scheduled task for exercise 1361 and participant 104 at 2025-02-14T23:44:22.548411090Z[Etc/UTC].

  Starting logs for ModelingAssessmentIntegrationTest > testOverrideAssessment_submitInstructorPossible()
    23:44:22.506 | 426 ool-1-worker-190 | DEBUG | d.t.c.a.a.c.u.util.UserUtilService   : Generate 6 students...
    23:44:22.516 | 426 ool-1-worker-190 | DEBUG | d.t.c.a.a.c.u.util.UserUtilService   : 6 students generated. Generate 2 tutors...
    23:44:22.520 | 426 ool-1-worker-190 | DEBUG | d.t.c.a.a.c.u.util.UserUtilService   : 2 tutors generated. Generate 0 editors...
    23:44:22.522 | 426 ool-1-worker-190 | DEBUG | d.t.c.a.a.c.u.util.UserUtilService   : 0 editors generated. Generate 1 instructors...
    23:44:22.525 | 426 ool-1-worker-190 | DEBUG | d.t.c.a.a.c.u.util.UserUtilService   : 1 instructors generated
    23:44:22.526 | 426 ool-1-worker-190 | DEBUG | d.t.c.a.a.c.u.util.UserUtilService   : Removing 9 users from all courses...
    23:44:22.530 | 426 ool-1-worker-190 | DEBUG | d.t.c.a.a.c.u.util.UserUtilService   : Removing 9 users from all courses. Done
    23:44:22.530 | 426 ool-1-worker-190 | DEBUG | d.t.c.a.a.c.u.util.UserUtilService   : Save 9 users to database...
    23:44:22.538 | 426 ool-1-worker-190 | DEBUG | d.t.c.a.a.c.u.util.UserUtilService   : Save 9 users to database. Done
    23:44:22.555 | 426 ool-1-worker-190 | INFO  | i.z.t.d.l.EmbeddedDatabaseReporter   : JDBC URL to connect to 'dataSource': url='jdbc:h2:tcp://localhost:41063/mem:f240edcd-27ce-47a3-b4ab-a6a00c154135;USER=sa', scope='ModelingAssessmentIntegrationTest#testOverrideAssessment_submitInstructorPossible'
    23:44:22.582 | 426 ool-1-worker-190 | DEBUG | .c.s.m.InstanceMessageReceiveService : Received schedule participant score for exercise 1369 and participant 104 (result to be deleted: null)
    23:44:22.582 | 426 ool-1-worker-190 | DEBUG | .a.s.ParticipantScoreScheduleService : Scheduled task for exercise 1369 and participant 104 at 2025-02-14T23:44:22.682440105Z[Etc/UTC].
    23:44:22.594 | 426 ool-1-worker-190 | DEBUG | .c.s.m.InstanceMessageReceiveService : Received schedule participant score for exercise 1369 and participant 104 (result to be deleted: null)
    23:44:22.594 | 426 ool-1-worker-190 | DEBUG | .a.s.ParticipantScoreScheduleService : Scheduled task for exercise 1369 and participant 104 at 2025-02-14T23:44:23.094581947Z[Etc/UTC].
    23:44:22.596 | 426 ool-1-worker-190 | DEBUG | d.t.c.a.a.c.s.f.ApiVersionFilter     : Adding Version to Request PUT /api/modeling-submissions/693/result/433/assessment
    23:44:22.612 | 426 ool-1-worker-190 | DEBUG | .c.s.m.InstanceMessageReceiveService : Received schedule participant score for exercise 1369 and participant 104 (result to be deleted: null)
    23:44:22.612 | 426 ool-1-worker-190 | DEBUG | .a.s.ParticipantScoreScheduleService : Scheduled task for exercise 1369 and participant 104 at 2025-02-14T23:44:22.712911909Z[Etc/UTC].
    23:44:22.620 | 426 ool-1-worker-190 | DEBUG | .c.s.m.InstanceMessageReceiveService : Received schedule participant score for exercise 1369 and participant 104 (result to be deleted: null)
    23:44:22.620 | 426 ool-1-worker-190 | DEBUG | .a.s.ParticipantScoreScheduleService : Scheduled task for exercise 1369 and participant 104 at 2025-02-14T23:44:22.720235736Z[Etc/UTC].

  Starting logs for ModelingAssessmentIntegrationTest > testOverrideAutomaticAssessment_existingManualAssessmentDoesNotChange()
    23:44:22.648 | 426 ool-1-worker-190 | DEBUG | d.t.c.a.a.c.u.util.UserUtilService   : Generate 6 students...
    23:44:22.658 | 426 ool-1-worker-190 | DEBUG | d.t.c.a.a.c.u.util.UserUtilService   : 6 students generated. Generate 2 tutors...
    23:44:22.662 | 426 ool-1-worker-190 | DEBUG | d.t.c.a.a.c.u.util.UserUtilService   : 2 tutors generated. Generate 0 editors...
    23:44:22.664 | 426 ool-1-worker-190 | DEBUG | d.t.c.a.a.c.u.util.UserUtilService   : 0 editors generated. Generate 1 instructors...
    23:44:22.666 | 426 ool-1-worker-190 | DEBUG | d.t.c.a.a.c.u.util.UserUtilService   : 1 instructors generated
    23:44:22.668 | 426 ool-1-worker-190 | DEBUG | d.t.c.a.a.c.u.util.UserUtilService   : Removing 9 users from all courses...
    23:44:22.670 | 426 ool-1-worker-190 | DEBUG | d.t.c.a.a.c.u.util.UserUtilService   : Removing 9 users from all courses. Done
    23:44:22.670 | 426 ool-1-worker-190 | DEBUG | d.t.c.a.a.c.u.util.UserUtilService   : Save 9 users to database...
    23:44:22.702 | 426 ool-1-worker-190 | DEBUG | d.t.c.a.a.c.u.util.UserUtilService   : Save 9 users to database. Done
    23:44:22.716 | 426 ool-1-worker-190 | INFO  | i.z.t.d.l.EmbeddedDatabaseReporter   : JDBC URL to connect to 'dataSource': url='jdbc:h2:tcp://localhost:41063/mem:f240edcd-27ce-47a3-b4ab-a6a00c154135;USER=sa', scope='ModelingAssessmentIntegrationTest#testOverrideAutomaticAssessment_existingManualAssessmentDoesNotChange'
    23:44:22.753 | 426 ool-1-worker-190 | DEBUG | d.t.c.a.a.c.s.f.ApiVersionFilter     : Adding Version to Request PUT /api/modeling-submissions/694/result/0/assessment
    23:44:22.758 | 426 ool-1-worker-190 | DEBUG | .c.s.m.InstanceMessageReceiveService : Received schedule participant score for exercise 1380 and participant 104 (result to be deleted: null)
    23:44:22.758 | 426 ool-1-worker-190 | DEBUG | .a.s.ParticipantScoreScheduleService : Scheduled task for exercise 1380 and participant 104 at 2025-02-14T23:44:22.858754166Z[Etc/UTC].
    23:44:22.765 | 426 ool-1-worker-190 | DEBUG | .c.s.m.InstanceMessageReceiveService : Received schedule participant score for exercise 1380 and participant 104 (result to be deleted: null)
    23:44:22.765 | 426 ool-1-worker-190 | DEBUG | .a.s.ParticipantScoreScheduleService : Scheduled task for exercise 1380 and participant 104 at 2025-02-14T23:44:22.865716900Z[Etc/UTC].
    23:44:22.772 | 426 ool-1-worker-190 | DEBUG | .c.s.m.InstanceMessageReceiveService : Received schedule participant score for exercise 1380 and participant 104 (result to be deleted: null)
    23:44:22.772 | 426 ool-1-worker-190 | DEBUG | .a.s.ParticipantScoreScheduleService : Scheduled task for exercise 1380 and participant 104 at 2025-02-14T23:44:22.872977169Z[Etc/UTC].
    23:44:22.776 | 426 ool-1-worker-190 | DEBUG | .c.s.m.InstanceMessageReceiveService : Received schedule participant score for exercise 1380 and participant 104 (result to be deleted: null)
    23:44:22.776 | 426 ool-1-worker-190 | DEBUG | .a.s.ParticipantScoreScheduleService : Scheduled task for exercise 1380 and participant 104 at 2025-02-14T23:44:22.876378442Z[Etc/UTC].
    23:44:22.780 | 426 ool-1-worker-190 | DEBUG | d.t.c.a.a.c.s.f.ApiVersionFilter     : Adding Version to Request PUT /api/modeling-submissions/695/result/0/assessment
    23:44:22.785 | 426 ool-1-worker-190 | DEBUG | .c.s.m.InstanceMessageReceiveService : Received schedule participant score for exercise 1380 and participant 105 (result to be deleted: null)
    23:44:22.785 | 426 ool-1-worker-190 | DEBUG | .a.s.ParticipantScoreScheduleService : Scheduled task for exercise 1380 and participant 105 at 2025-02-14T23:44:22.885853621Z[Etc/UTC].
    23:44:22.793 | 426 ool-1-worker-190 | DEBUG | .c.s.m.InstanceMessageReceiveService : Received schedule participant score for exercise 1380 and participant 105 (result to be deleted: null)
    23:44:22.793 | 426 ool-1-worker-190 | DEBUG | .a.s.ParticipantScoreScheduleService : Scheduled task for exercise 1380 and participant 105 at 2025-02-14T23:44:22.893886541Z[Etc/UTC].
    23:44:22.808 | 426 ool-1-worker-190 | DEBUG | .c.s.m.InstanceMessageReceiveService : Received schedule participant score for exercise 1380 and participant 105 (result to be deleted: null)
    23:44:22.808 | 426 ool-1-worker-190 | DEBUG | .a.s.ParticipantScoreScheduleService : Scheduled task for exercise 1380 and participant 105 at 2025-02-14T23:44:22.908245908Z[Etc/UTC].
    23:44:22.816 | 426 ool-1-worker-190 | DEBUG | .c.s.m.InstanceMessageReceiveService : Received schedule participant score for exercise 1380 and participant 105 (result to be deleted: null)
    23:44:22.816 | 426 ool-1-worker-190 | DEBUG | .a.s.ParticipantScoreScheduleService : Scheduled task for exercise 1380 and participant 105 at 2025-02-14T23:44:22.916599746Z[Etc/UTC].

  Starting logs for ModelingAssessmentIntegrationTest > cancelOwnAssessmentAsTutor()
    23:44:22.852 | 426 ool-1-worker-190 | DEBUG | d.t.c.a.a.c.u.util.UserUtilService   : Generate 6 students...
    23:44:22.861 | 426 ool-1-worker-190 | DEBUG | d.t.c.a.a.c.u.util.UserUtilService   : 6 students generated. Generate 2 tutors...
    23:44:22.865 | 426 ool-1-worker-190 | DEBUG | d.t.c.a.a.c.u.util.UserUtilService   : 2 tutors generated. Generate 0 editors...
    23:44:22.866 | 426 ool-1-worker-190 | DEBUG | d.t.c.a.a.c.u.util.UserUtilService   : 0 editors generated. Generate 1 instructors...
    23:44:22.869 | 426 ool-1-worker-190 | DEBUG | d.t.c.a.a.c.u.util.UserUtilService   : 1 instructors generated
    23:44:22.871 | 426 ool-1-worker-190 | DEBUG | d.t.c.a.a.c.u.util.UserUtilService   : Removing 9 users from all courses...
    23:44:22.872 | 426 ool-1-worker-190 | DEBUG | d.t.c.a.a.c.u.util.UserUtilService   : Removing 9 users from all courses. Done
    23:44:22.872 | 426 ool-1-worker-190 | DEBUG | d.t.c.a.a.c.u.util.UserUtilService   : Save 9 users to database...
    23:44:22.884 | 426 ool-1-worker-190 | DEBUG | d.t.c.a.a.c.u.util.UserUtilService   : Save 9 users to database. Done
    23:44:22.905 | 426 ool-1-worker-190 | INFO  | i.z.t.d.l.EmbeddedDatabaseReporter   : JDBC URL to connect to 'dataSource': url='jdbc:h2:tcp://localhost:41063/mem:f240edcd-27ce-47a3-b4ab-a6a00c154135;USER=sa', scope='ModelingAssessmentIntegrationTest#cancelOwnAssessmentAsTutor'
    23:44:22.927 | 426 ool-1-worker-190 | DEBUG | .c.s.m.InstanceMessageReceiveService : Received schedule participant score for exercise 1392 and participant 104 (result to be deleted: null)
    23:44:22.927 | 426 ool-1-worker-190 | DEBUG | .a.s.ParticipantScoreScheduleService : Scheduled task for exercise 1392 and participant 104 at 2025-02-14T23:44:23.027443558Z[Etc/UTC].
    23:44:22.942 | 426 ool-1-worker-190 | DEBUG | .c.s.m.InstanceMessageReceiveService : Received schedule participant score for exercise 1392 and participant 104 (result to be deleted: null)
    23:44:22.942 | 426 ool-1-worker-190 | DEBUG | .a.s.ParticipantScoreScheduleService : Scheduled task for exercise 1392 and participant 104 at 2025-02-14T23:44:23.042281969Z[Etc/UTC].
    23:44:22.958 | 426 ool-1-worker-190 | DEBUG | .c.s.m.InstanceMessageReceiveService : Received schedule participant score for exercise 1392 and participant 104 (result to be deleted: null)
    23:44:22.958 | 426 ool-1-worker-190 | DEBUG | .a.s.ParticipantScoreScheduleService : Scheduled task for exercise 1392 and participant 104 at 2025-02-14T23:44:23.058376051Z[Etc/UTC].
    23:44:22.967 | 426 ool-1-worker-190 | DEBUG | .c.s.m.InstanceMessageReceiveService : Received schedule participant score for exercise 1392 and participant 104 (result to be deleted: null)
    23:44:22.967 | 426 ool-1-worker-190 | DEBUG | .a.s.ParticipantScoreScheduleService : Scheduled task for exercise 1392 and participant 104 at 2025-02-14T23:44:23.067286157Z[Etc/UTC].
    23:44:22.970 | 426 ool-1-worker-190 | DEBUG | d.t.c.a.a.c.s.f.ApiVersionFilter     : Adding Version to Request PUT /api/modeling-submissions/696/cancel-assessment
    23:44:22.970 | 426 ool-1-worker-190 | DEBUG | d.t.c.a.a.a.web.AssessmentResource   : REST request to cancel assessment of submission: 696
    23:44:22.974 | 426 ool-1-worker-190 | DEBUG | d.t.c.a.a.a.service.ResultService    : Delete result 436
    23:44:22.974 | 426 ool-1-worker-190 | DEBUG | d.t.c.a.a.a.service.ResultService    : Delete result references 436

  Starting logs for ModelingAssessmentIntegrationTest > testOverrideAssessment_saveSameTutorPossible()
    23:44:23.011 | 426 ool-1-worker-190 | DEBUG | d.t.c.a.a.c.u.util.UserUtilService   : Generate 6 students...
    23:44:23.028 | 426 ool-1-worker-190 | DEBUG | d.t.c.a.a.c.u.util.UserUtilService   : 6 students generated. Generate 2 tutors...
    23:44:23.031 | 426 ool-1-worker-190 | DEBUG | d.t.c.a.a.c.u.util.UserUtilService   : 2 tutors generated. Generate 0 editors...
    23:44:23.034 | 426 ool-1-worker-190 | DEBUG | d.t.c.a.a.c.u.util.UserUtilService   : 0 editors generated. Generate 1 instructors...
    23:44:23.037 | 426 ool-1-worker-190 | DEBUG | d.t.c.a.a.c.u.util.UserUtilService   : 1 instructors generated
    23:44:23.038 | 426 ool-1-worker-190 | DEBUG | d.t.c.a.a.c.u.util.UserUtilService   : Removing 9 users from all courses...
    23:44:23.039 | 426 ool-1-worker-190 | DEBUG | d.t.c.a.a.c.u.util.UserUtilService   : Removing 9 users from all courses. Done
    23:44:23.039 | 426 ool-1-worker-190 | DEBUG | d.t.c.a.a.c.u.util.UserUtilService   : Save 9 users to database...
    23:44:23.052 | 426 ool-1-worker-190 | DEBUG | d.t.c.a.a.c.u.util.UserUtilService   : Save 9 users to database. Done
    23:44:23.074 | 426 ool-1-worker-190 | INFO  | i.z.t.d.l.EmbeddedDatabaseReporter   : JDBC URL to connect to 'dataSource': url='jdbc:h2:tcp://localhost:41063/mem:f240edcd-27ce-47a3-b4ab-a6a00c154135;USER=sa', scope='ModelingAssessmentIntegrationTest#testOverrideAssessment_saveSameTutorPossible'
    23:44:23.127 | 426 ool-1-worker-190 | DEBUG | .c.s.m.InstanceMessageReceiveService : Received schedule participant score for exercise 1402 and participant 104 (result to be deleted: null)
    23:44:23.127 | 426 ool-1-worker-190 | DEBUG | .a.s.ParticipantScoreScheduleService : Scheduled task for exercise 1402 and participant 104 at 2025-02-14T23:44:23.227478504Z[Etc/UTC].
    23:44:23.147 | 426 ool-1-worker-190 | DEBUG | .c.s.m.InstanceMessageReceiveService : Received schedule participant score for exercise 1402 and participant 104 (result to be deleted: null)
    23:44:23.147 | 426 ool-1-worker-190 | DEBUG | .a.s.ParticipantScoreScheduleService : Scheduled task for exercise 1402 and participant 104 at 2025-02-14T23:44:23.247645054Z[Etc/UTC].
    23:44:23.149 | 426 ool-1-worker-190 | DEBUG | d.t.c.a.a.c.s.f.ApiVersionFilter     : Adding Version to Request PUT /api/modeling-submissions/697/result/437/assessment
    23:44:23.167 | 426 ool-1-worker-190 | DEBUG | .c.s.m.InstanceMessageReceiveService : Received schedule participant score for exercise 1402 and participant 104 (result to be deleted: null)
    23:44:23.168 | 426 ool-1-worker-190 | DEBUG | .a.s.ParticipantScoreScheduleService : Scheduled task for exercise 1402 and participant 104 at 2025-02-14T23:44:23.268062769Z[Etc/UTC].

  Starting logs for ModelingAssessmentIntegrationTest > testAutomaticAssessmentUponModelSubmission_noSimilarity()
    23:44:23.204 | 426 ool-1-worker-190 | DEBUG | d.t.c.a.a.c.u.util.UserUtilService   : Generate 6 students...
    23:44:23.213 | 426 ool-1-worker-190 | DEBUG | d.t.c.a.a.c.u.util.UserUtilService   : 6 students generated. Generate 2 tutors...
    23:44:23.217 | 426 ool-1-worker-190 | DEBUG | d.t.c.a.a.c.u.util.UserUtilService   : 2 tutors generated. Generate 0 editors...
    23:44:23.219 | 426 ool-1-worker-190 | DEBUG | d.t.c.a.a.c.u.util.UserUtilService   : 0 editors generated. Generate 1 instructors...
    23:44:23.222 | 426 ool-1-worker-190 | DEBUG | d.t.c.a.a.c.u.util.UserUtilService   : 1 instructors generated
    23:44:23.223 | 426 ool-1-worker-190 | DEBUG | d.t.c.a.a.c.u.util.UserUtilService   : Removing 9 users from all courses...
    23:44:23.225 | 426 ool-1-worker-190 | DEBUG | d.t.c.a.a.c.u.util.UserUtilService   : Removing 9 users from all courses. Done
    23:44:23.225 | 426 ool-1-worker-190 | DEBUG | d.t.c.a.a.c.u.util.UserUtilService   : Save 9 users to database...
    23:44:23.231 | 426 ool-1-worker-190 | DEBUG | d.t.c.a.a.c.u.util.UserUtilService   : Save 9 users to database. Done
    23:44:23.245 | 426 ool-1-worker-190 | INFO  | i.z.t.d.l.EmbeddedDatabaseReporter   : JDBC URL to connect to 'dataSource': url='jdbc:h2:tcp://localhost:41063/mem:f240edcd-27ce-47a3-b4ab-a6a00c154135;USER=sa', scope='ModelingAssessmentIntegrationTest#testAutomaticAssessmentUponModelSubmission_noSimilarity'
    23:44:23.255 | 426 ool-1-worker-190 | DEBUG | .c.s.m.InstanceMessageReceiveService : Received schedule participant score for exercise 1413 and participant 104 (result to be deleted: null)
    23:44:23.255 | 426 ool-1-worker-190 | DEBUG | .a.s.ParticipantScoreScheduleService : Scheduled task for exercise 1413 and participant 104 at 2025-02-14T23:44:23.355571085Z[Etc/UTC].
    23:44:23.261 | 426 ool-1-worker-190 | DEBUG | .c.s.m.InstanceMessageReceiveService : Received schedule participant score for exercise 1413 and participant 104 (result to be deleted: null)
    23:44:23.261 | 426 ool-1-worker-190 | DEBUG | .a.s.ParticipantScoreScheduleService : Scheduled task for exercise 1413 and participant 104 at 2025-02-14T23:44:23.361827392Z[Etc/UTC].
    23:44:23.270 | 426 ool-1-worker-190 | DEBUG | .c.s.m.InstanceMessageReceiveService : Received schedule participant score for exercise 1413 and participant 104 (result to be deleted: null)
    23:44:23.270 | 426 ool-1-worker-190 | DEBUG | .a.s.ParticipantScoreScheduleService : Scheduled task for exercise 1413 and participant 104 at 2025-02-14T23:44:23.370271338Z[Etc/UTC].
    23:44:23.274 | 426 ool-1-worker-190 | DEBUG | .c.s.m.InstanceMessageReceiveService : Received schedule participant score for exercise 1413 and participant 104 (result to be deleted: null)
    23:44:23.274 | 426 ool-1-worker-190 | DEBUG | .a.s.ParticipantScoreScheduleService : Scheduled task for exercise 1413 and participant 104 at 2025-02-14T23:44:23.374914546Z[Etc/UTC].
    23:44:23.292 | 426 ool-1-worker-190 | DEBUG | .c.s.m.InstanceMessageReceiveService : Received schedule participant score for exercise 1413 and participant 104 (result to be deleted: null)
    23:44:23.292 | 426 ool-1-worker-190 | DEBUG | .a.s.ParticipantScoreScheduleService : Scheduled task for exercise 1413 and participant 104 at 2025-02-14T23:44:23.392793607Z[Etc/UTC].
    23:44:23.300 | 426 ool-1-worker-190 | DEBUG | d.t.c.a.a.c.s.f.ApiVersionFilter     : Adding Version to Request POST /api/exercises/1413/modeling-submissions
    23:44:23.301 | 426 ool-1-worker-190 | DEBUG | c.a.a.m.w.ModelingSubmissionResource : REST request to create modeling submission: {  "version": "2.0",  "size": {    "width": 220,    "height": 960  },  "type": "ClassDiagram",  "interactive": {    "elements": [],    "relationships": []  },  "elements": [    {      "id": "6aba5764-d102-4740-9675-b2bd0a4f2680",      "name": "First",      "owner": null,      "type": "Class",      "bounds": {        "x": 660,        "y": 510,        "width": 200,        "height": 70      },      "attributes": [],      "methods": [        "c39d6521-e7a1-43bf-8ca2-9c9a1b716569"      ]    },    {      "id": "f96984a2-2ce0-46f6-9211-ec389b19512a",      "name": "Second",      "owner": null,      "type": "Class",      "bounds": {        "x": 1000,        "y": 510,        "width": 200,        "height": 70      },      "attributes": [],      "methods": [        "ec697b17-d33d-4c85-b181-7c3f0901e9a7"      ]    },    {      "id": "1d10b2d1-2e6e-4579-9298-ba68618c6927",      "name": "AbstractStrategy",      "owner": null,      "type": "AbstractClass",      "bounds": {        "x": 830,        "y": 340,        "width": 200,        "height": 70      },      "attributes": [],      "methods": [        "84fdf0a9-4f52-4114-a8f3-eae08ccd4a6a"      ]    },    {      "id": "2bc2367e-e300-4512-9f6c-08f8e51d38ad",      "name": "Client",      "owner": null,      "type": "Class",      "bounds": {        "x": 450,        "y": 310,        "width": 200,        "height": 40      },      "attributes": [],      "methods": []    },    {      "id": "c39d6521-e7a1-43bf-8ca2-9c9a1b716569",      "name": "+ connect()",      "owner": "6aba5764-d102-4740-9675-b2bd0a4f2680",      "type": "ClassMethod",      "bounds": {        "x": 0,        "y": 30,        "width": 200,        "height": 30      }    },    {      "id": "ec697b17-d33d-4c85-b181-7c3f0901e9a7",      "name": "+ connect()",      "owner": "f96984a2-2ce0-46f6-9211-ec389b19512a",      "type": "ClassMethod",      "bounds": {        "x": 0,        "y": 30,        "width": 200,        "height": 30      }    },    {      "id": "84fdf0a9-4f52-4114-a8f3-eae08ccd4a6a",      "name": "+ connect()",      "owner": "1d10b2d1-2e6e-4579-9298-ba68618c6927",      "type": "ClassMethod",      "bounds": {        "x": 0,        "y": 30,        "width": 200,        "height": 30      }    }  ],  "relationships": [    {      "id": "eb2392c6-c87d-40b0-8867-26c27575a6ae",      "name": "Relationship",      "type": "ClassInheritance",      "source": {        "element": "f96984a2-2ce0-46f6-9211-ec389b19512a",        "direction": "Up",        "multiplicity": "",        "role": ""      },      "target": {        "element": "1d10b2d1-2e6e-4579-9298-ba68618c6927",        "direction": "Down",        "multiplicity": "",        "role": ""      },      "path": [        {          "x": 0,          "y": 170        },        {          "x": 0,          "y": 0        }      ],      "bounds": {        "x": 90,        "y": -330,        "width": 0,        "height": 170      }    },    {      "id": "593f9a18-9563-4e8f-86bc-d6f77734f692",      "name": "Relationship",      "type": "ClassInheritance",      "source": {        "element": "6aba5764-d102-4740-9675-b2bd0a4f2680",        "direction": "Up",        "multiplicity": "",        "role": ""      },      "target": {        "element": "1d10b2d1-2e6e-4579-9298-ba68618c6927",        "direction": "Down",        "multiplicity": "",        "role": ""      },      "path": [        {          "x": 0,          "y": 170        },        {          "x": 0,          "y": 0        }      ],      "bounds": {        "x": 90,        "y": -330,        "width": 0,        "height": 170      }    },    {      "id": "858f8bcc-876e-4e64-ac6f-f8894f54a5ee",      "name": "Relationship",      "type": "ClassUnidirectional",      "source": {        "element": "2bc2367e-e300-4512-9f6c-08f8e51d38ad",        "direction": "Right",        "multiplicity": "",        "role": ""      },      "target": {        "element": "1d10b2d1-2e6e-4579-9298-ba68618c6927",        "direction": "Left",        "multiplicity": "",        "role": ""      },      "path": [        {          "x": 0,          "y": 170        },        {          "x": 0,          "y": 0        }      ],      "bounds": {        "x": 90,        "y": -330,        "width": 0,        "height": 170      }    }  ],  "assessments": []}
    23:44:23.305 | 426 ool-1-worker-190 | INFO  | c.a.a.m.w.ModelingSubmissionResource : save took 4ms for exercise 1413 and user modelingassessmentstudent2

  Starting logs for ModelingAssessmentIntegrationTest > testManualAssessmentSubmit_withResultOver100Percent()
    23:44:23.330 | 426 ool-1-worker-190 | DEBUG | d.t.c.a.a.c.u.util.UserUtilService   : Generate 6 students...
    23:44:23.340 | 426 ool-1-worker-190 | DEBUG | d.t.c.a.a.c.u.util.UserUtilService   : 6 students generated. Generate 2 tutors...
    23:44:23.345 | 426 ool-1-worker-190 | DEBUG | d.t.c.a.a.c.u.util.UserUtilService   : 2 tutors generated. Generate 0 editors...
    23:44:23.346 | 426 ool-1-worker-190 | DEBUG | d.t.c.a.a.c.u.util.UserUtilService   : 0 editors generated. Generate 1 instructors...
    23:44:23.349 | 426 ool-1-worker-190 | DEBUG | d.t.c.a.a.c.u.util.UserUtilService   : 1 instructors generated
    23:44:23.350 | 426 ool-1-worker-190 | DEBUG | d.t.c.a.a.c.u.util.UserUtilService   : Removing 9 users from all courses...
    23:44:23.352 | 426 ool-1-worker-190 | DEBUG | d.t.c.a.a.c.u.util.UserUtilService   : Removing 9 users from all courses. Done
    23:44:23.352 | 426 ool-1-worker-190 | DEBUG | d.t.c.a.a.c.u.util.UserUtilService   : Save 9 users to database...
    23:44:23.361 | 426 ool-1-worker-190 | DEBUG | d.t.c.a.a.c.u.util.UserUtilService   : Save 9 users to database. Done
    23:44:23.380 | 426 ool-1-worker-190 | INFO  | i.z.t.d.l.EmbeddedDatabaseReporter   : JDBC URL to connect to 'dataSource': url='jdbc:h2:tcp://localhost:41063/mem:f240edcd-27ce-47a3-b4ab-a6a00c154135;USER=sa', scope='ModelingAssessmentIntegrationTest#testManualAssessmentSubmit_withResultOver100Percent'
    23:44:23.416 | 426 ool-1-worker-190 | DEBUG | d.t.c.a.a.c.s.f.ApiVersionFilter     : Adding Version to Request PUT /api/modeling-submissions/700/result/0/assessment
    23:44:23.421 | 426 ool-1-worker-190 | DEBUG | .c.s.m.InstanceMessageReceiveService : Received schedule participant score for exercise 1427 and participant 104 (result to be deleted: null)
    23:44:23.421 | 426 ool-1-worker-190 | DEBUG | .a.s.ParticipantScoreScheduleService : Scheduled task for exercise 1427 and participant 104 at 2025-02-14T23:44:23.521683702Z[Etc/UTC].
    23:44:23.427 | 426 ool-1-worker-190 | DEBUG | .c.s.m.InstanceMessageReceiveService : Received schedule participant score for exercise 1427 and participant 104 (result to be deleted: null)
    23:44:23.427 | 426 ool-1-worker-190 | DEBUG | .a.s.ParticipantScoreScheduleService : Scheduled task for exercise 1427 and participant 104 at 2025-02-14T23:44:23.527518673Z[Etc/UTC].
    23:44:23.434 | 426 ool-1-worker-190 | DEBUG | .c.s.m.InstanceMessageReceiveService : Received schedule participant score for exercise 1427 and participant 104 (result to be deleted: null)
    23:44:23.434 | 426 ool-1-worker-190 | DEBUG | .a.s.ParticipantScoreScheduleService : Scheduled task for exercise 1427 and participant 104 at 2025-02-14T23:44:23.534169576Z[Etc/UTC].
    23:44:23.437 | 426 ool-1-worker-190 | DEBUG | .c.s.m.InstanceMessageReceiveService : Received schedule participant score for exercise 1427 and participant 104 (result to be deleted: null)
    23:44:23.437 | 426 ool-1-worker-190 | DEBUG | .a.s.ParticipantScoreScheduleService : Scheduled task for exercise 1427 and participant 104 at 2025-02-14T23:44:23.537338245Z[Etc/UTC].
    23:44:23.441 | 426 ool-1-worker-190 | DEBUG | d.t.c.a.a.c.s.f.ApiVersionFilter     : Adding Version to Request PUT /api/modeling-submissions/700/result/0/assessment
    23:44:23.446 | 426 ool-1-worker-190 | DEBUG | .c.s.m.InstanceMessageReceiveService : Received schedule participant score for exercise 1427 and participant 104 (result to be deleted: null)
    23:44:23.446 | 426 ool-1-worker-190 | DEBUG | .a.s.ParticipantScoreScheduleService : Scheduled task for exercise 1427 and participant 104 at 2025-02-14T23:44:23.546853489Z[Etc/UTC].
    23:44:23.461 | 426 ool-1-worker-190 | DEBUG | .c.s.m.InstanceMessageReceiveService : Received schedule participant score for exercise 1427 and participant 104 (result to be deleted: null)
    23:44:23.461 | 426 ool-1-worker-190 | DEBUG | .a.s.ParticipantScoreScheduleService : Scheduled task for exercise 1427 and participant 104 at 2025-02-14T23:44:23.561811913Z[Etc/UTC].
    23:44:23.478 | 426 ool-1-worker-190 | DEBUG | .c.s.m.InstanceMessageReceiveService : Received schedule participant score for exercise 1427 and participant 104 (result to be deleted: null)
    23:44:23.478 | 426 ool-1-worker-190 | DEBUG | .a.s.ParticipantScoreScheduleService : Scheduled task for exercise 1427 and participant 104 at 2025-02-14T23:44:23.578292316Z[Etc/UTC].
    23:44:23.485 | 426 ool-1-worker-190 | DEBUG | .c.s.m.InstanceMessageReceiveService : Received schedule participant score for exercise 1427 and participant 104 (result to be deleted: null)
    23:44:23.485 | 426 ool-1-worker-190 | DEBUG | .a.s.ParticipantScoreScheduleService : Scheduled task for exercise 1427 and participant 104 at 2025-02-14T23:44:23.585522749Z[Etc/UTC].

  Starting logs for ModelingAssessmentIntegrationTest > testOverrideAssessment_saveInstructorPossible()
    23:44:23.531 | 426 ool-1-worker-190 | DEBUG | d.t.c.a.a.c.u.util.UserUtilService   : Generate 6 students...
    23:44:23.549 | 426 ool-1-worker-190 | DEBUG | d.t.c.a.a.c.u.util.UserUtilService   : 6 students generated. Generate 2 tutors...
    23:44:23.553 | 426 ool-1-worker-190 | DEBUG | d.t.c.a.a.c.u.util.UserUtilService   : 2 tutors generated. Generate 0 editors...
    23:44:23.554 | 426 ool-1-worker-190 | DEBUG | d.t.c.a.a.c.u.util.UserUtilService   : 0 editors generated. Generate 1 instructors...
    23:44:23.557 | 426 ool-1-worker-190 | DEBUG | d.t.c.a.a.c.u.util.UserUtilService   : 1 instructors generated
    23:44:23.558 | 426 ool-1-worker-190 | DEBUG | d.t.c.a.a.c.u.util.UserUtilService   : Removing 9 users from all courses...
    23:44:23.560 | 426 ool-1-worker-190 | DEBUG | d.t.c.a.a.c.u.util.UserUtilService   : Removing 9 users from all courses. Done
    23:44:23.560 | 426 ool-1-worker-190 | DEBUG | d.t.c.a.a.c.u.util.UserUtilService   : Save 9 users to database...
    23:44:23.567 | 426 ool-1-worker-190 | DEBUG | d.t.c.a.a.c.u.util.UserUtilService   : Save 9 users to database. Done
    23:44:23.581 | 426 ool-1-worker-190 | INFO  | i.z.t.d.l.EmbeddedDatabaseReporter   : JDBC URL to connect to 'dataSource': url='jdbc:h2:tcp://localhost:41063/mem:f240edcd-27ce-47a3-b4ab-a6a00c154135;USER=sa', scope='ModelingAssessmentIntegrationTest#testOverrideAssessment_saveInstructorPossible'
    23:44:23.614 | 426 ool-1-worker-190 | DEBUG | .c.s.m.InstanceMessageReceiveService : Received schedule participant score for exercise 1435 and participant 104 (result to be deleted: null)
    23:44:23.614 | 426 ool-1-worker-190 | DEBUG | .a.s.ParticipantScoreScheduleService : Scheduled task for exercise 1435 and participant 104 at 2025-02-14T23:44:23.714949343Z[Etc/UTC].
    23:44:23.623 | 426 ool-1-worker-190 | DEBUG | .c.s.m.InstanceMessageReceiveService : Received schedule participant score for exercise 1435 and participant 104 (result to be deleted: null)
    23:44:23.623 | 426 ool-1-worker-190 | DEBUG | .a.s.ParticipantScoreScheduleService : Scheduled task for exercise 1435 and participant 104 at 2025-02-14T23:44:23.723880498Z[Etc/UTC].
    23:44:23.625 | 426 ool-1-worker-190 | DEBUG | d.t.c.a.a.c.s.f.ApiVersionFilter     : Adding Version to Request PUT /api/modeling-submissions/701/result/441/assessment
    23:44:23.633 | 426 ool-1-worker-190 | DEBUG | .c.s.m.InstanceMessageReceiveService : Received schedule participant score for exercise 1435 and participant 104 (result to be deleted: null)
    23:44:23.633 | 426 ool-1-worker-190 | DEBUG | .a.s.ParticipantScoreScheduleService : Scheduled task for exercise 1435 and participant 104 at 2025-02-14T23:44:23.733615321Z[Etc/UTC].

  Starting logs for ModelingAssessmentIntegrationTest > testConfidenceThreshold()
    23:44:23.653 | 426 ool-1-worker-190 | DEBUG | d.t.c.a.a.c.u.util.UserUtilService   : Generate 6 students...
    23:44:23.670 | 426 ool-1-worker-190 | DEBUG | d.t.c.a.a.c.u.util.UserUtilService   : 6 students generated. Generate 2 tutors...
    23:44:23.674 | 426 ool-1-worker-190 | DEBUG | d.t.c.a.a.c.u.util.UserUtilService   : 2 tutors generated. Generate 0 editors...
    23:44:23.676 | 426 ool-1-worker-190 | DEBUG | d.t.c.a.a.c.u.util.UserUtilService   : 0 editors generated. Generate 1 instructors...
    23:44:23.679 | 426 ool-1-worker-190 | DEBUG | d.t.c.a.a.c.u.util.UserUtilService   : 1 instructors generated
    23:44:23.681 | 426 ool-1-worker-190 | DEBUG | d.t.c.a.a.c.u.util.UserUtilService   : Removing 9 users from all courses...
    23:44:23.682 | 426 ool-1-worker-190 | DEBUG | d.t.c.a.a.c.u.util.UserUtilService   : Removing 9 users from all courses. Done
    23:44:23.682 | 426 ool-1-worker-190 | DEBUG | d.t.c.a.a.c.u.util.UserUtilService   : Save 9 users to database...
    23:44:23.697 | 426 ool-1-worker-190 | DEBUG | d.t.c.a.a.c.u.util.UserUtilService   : Save 9 users to database. Done
    23:44:23.720 | 426 ool-1-worker-190 | INFO  | i.z.t.d.l.EmbeddedDatabaseReporter   : JDBC URL to connect to 'dataSource': url='jdbc:h2:tcp://localhost:41063/mem:f240edcd-27ce-47a3-b4ab-a6a00c154135;USER=sa', scope='ModelingAssessmentIntegrationTest#testConfidenceThreshold'
    23:44:23.784 | 426 ool-1-worker-190 | INFO  | d.t.c.a.a.m.s.compass.CompassService : ModelCluster: start building clusters of 6 submissions for modeling exercise 1446
    23:44:23.785 | 426 ool-1-worker-190 | INFO  | d.t.c.a.a.m.s.compass.CompassService : ModelClusterTimeLog: building clusters of 6 submissions for modeling exercise 1446 done in 7.13ms
    23:44:23.788 | 426 ool-1-worker-190 | INFO  | d.t.c.a.a.m.s.compass.CompassService : ModelClusterTimeLog: building and saving clusters of 6 submissions for exercise 1446 done in 10.39ms
    23:44:23.789 | 426 ool-1-worker-190 | DEBUG | d.t.c.a.a.c.s.f.ApiVersionFilter     : Adding Version to Request PUT /api/modeling-submissions/702/result/0/assessment
    23:44:23.795 | 426 ool-1-worker-190 | DEBUG | .c.s.m.InstanceMessageReceiveService : Received schedule participant score for exercise 1446 and participant 104 (result to be deleted: null)
    23:44:23.795 | 426 ool-1-worker-190 | DEBUG | .a.s.ParticipantScoreScheduleService : Scheduled task for exercise 1446 and participant 104 at 2025-02-14T23:44:23.895164912Z[Etc/UTC].
    23:44:23.803 | 426 ool-1-worker-190 | DEBUG | .c.s.m.InstanceMessageReceiveService : Received schedule participant score for exercise 1446 and participant 104 (result to be deleted: null)
    23:44:23.803 | 426 ool-1-worker-190 | DEBUG | .a.s.ParticipantScoreScheduleService : Scheduled task for exercise 1446 and participant 104 at 2025-02-14T23:44:23.903821565Z[Etc/UTC].
    23:44:23.811 | 426 ool-1-worker-190 | DEBUG | .c.s.m.InstanceMessageReceiveService : Received schedule participant score for exercise 1446 and participant 104 (result to be deleted: null)
    23:44:23.811 | 426 ool-1-worker-190 | DEBUG | .a.s.ParticipantScoreScheduleService : Scheduled task for exercise 1446 and participant 104 at 2025-02-14T23:44:23.911483072Z[Etc/UTC].
    23:44:23.814 | 426 ool-1-worker-190 | DEBUG | .c.s.m.InstanceMessageReceiveService : Received schedule participant score for exercise 1446 and participant 104 (result to be deleted: null)
    23:44:23.815 | 426 ool-1-worker-190 | DEBUG | .a.s.ParticipantScoreScheduleService : Scheduled task for exercise 1446 and participant 104 at 2025-02-14T23:44:23.915036529Z[Etc/UTC].
    23:44:23.889 | 426 ool-1-worker-190 | DEBUG | d.t.c.a.a.c.s.f.ApiVersionFilter     : Adding Version to Request PUT /api/modeling-submissions/703/result/0/assessment
    23:44:23.896 | 426 ool-1-worker-190 | DEBUG | .c.s.m.InstanceMessageReceiveService : Received schedule participant score for exercise 1446 and participant 105 (result to be deleted: null)
    23:44:23.896 | 426 ool-1-worker-190 | DEBUG | .a.s.ParticipantScoreScheduleService : Scheduled task for exercise 1446 and participant 105 at 2025-02-14T23:44:23.996870062Z[Etc/UTC].
    23:44:23.915 | 615 taskScheduler-4  | DEBUG | .a.s.ParticipantScoreScheduleService : Processing exercise 1446 and participant 104 to update participant scores.
    23:44:23.918 | 426 ool-1-worker-190 | DEBUG | .c.s.m.InstanceMessageReceiveService : Received schedule participant score for exercise 1446 and participant 105 (result to be deleted: null)
    23:44:23.918 | 426 ool-1-worker-190 | DEBUG | .a.s.ParticipantScoreScheduleService : Scheduled task for exercise 1446 and participant 105 at 2025-02-14T23:44:24.018312558Z[Etc/UTC].
    23:44:23.923 | 615 taskScheduler-4  | DEBUG | .a.s.ParticipantScoreScheduleService : Updated participant score 80.
    23:44:23.927 | 615 taskScheduler-4  | DEBUG | .a.s.ParticipantScoreScheduleService : Updating the participant score for exercise 1446 and participant 104 took 12 ms.
    23:44:23.930 | 426 ool-1-worker-190 | DEBUG | .c.s.m.InstanceMessageReceiveService : Received schedule participant score for exercise 1446 and participant 105 (result to be deleted: null)
    23:44:23.930 | 426 ool-1-worker-190 | DEBUG | .a.s.ParticipantScoreScheduleService : Scheduled task for exercise 1446 and participant 105 at 2025-02-14T23:44:24.030303549Z[Etc/UTC].
    23:44:23.933 | 426 ool-1-worker-190 | DEBUG | .c.s.m.InstanceMessageReceiveService : Received schedule participant score for exercise 1446 and participant 105 (result to be deleted: null)
    23:44:23.933 | 426 ool-1-worker-190 | DEBUG | .a.s.ParticipantScoreScheduleService : Scheduled task for exercise 1446 and participant 105 at 2025-02-14T23:44:24.033463111Z[Etc/UTC].
    23:44:23.943 | 426 ool-1-worker-190 | DEBUG | d.t.c.a.a.c.s.f.ApiVersionFilter     : Adding Version to Request PUT /api/modeling-submissions/704/result/0/assessment
    23:44:23.947 | 426 ool-1-worker-190 | DEBUG | .c.s.m.InstanceMessageReceiveService : Received schedule participant score for exercise 1446 and participant 106 (result to be deleted: null)
    23:44:23.947 | 426 ool-1-worker-190 | DEBUG | .a.s.ParticipantScoreScheduleService : Scheduled task for exercise 1446 and participant 106 at 2025-02-14T23:44:24.047904421Z[Etc/UTC].
    23:44:23.953 | 426 ool-1-worker-190 | DEBUG | .c.s.m.InstanceMessageReceiveService : Received schedule participant score for exercise 1446 and participant 106 (result to be deleted: null)
    23:44:23.953 | 426 ool-1-worker-190 | DEBUG | .a.s.ParticipantScoreScheduleService : Scheduled task for exercise 1446 and participant 106 at 2025-02-14T23:44:24.053785077Z[Etc/UTC].
    23:44:23.960 | 426 ool-1-worker-190 | DEBUG | .c.s.m.InstanceMessageReceiveService : Received schedule participant score for exercise 1446 and participant 106 (result to be deleted: null)
    23:44:23.960 | 426 ool-1-worker-190 | DEBUG | .a.s.ParticipantScoreScheduleService : Scheduled task for exercise 1446 and participant 106 at 2025-02-14T23:44:24.060429659Z[Etc/UTC].
    23:44:23.963 | 426 ool-1-worker-190 | DEBUG | .c.s.m.InstanceMessageReceiveService : Received schedule participant score for exercise 1446 and participant 106 (result to be deleted: null)
    23:44:23.963 | 426 ool-1-worker-190 | DEBUG | .a.s.ParticipantScoreScheduleService : Scheduled task for exercise 1446 and participant 106 at 2025-02-14T23:44:24.063347069Z[Etc/UTC].
    23:44:23.971 | 426 ool-1-worker-190 | DEBUG | d.t.c.a.a.c.s.f.ApiVersionFilter     : Adding Version to Request PUT /api/modeling-submissions/705/result/0/assessment
    23:44:23.976 | 426 ool-1-worker-190 | DEBUG | .c.s.m.InstanceMessageReceiveService : Received schedule participant score for exercise 1446 and participant 107 (result to be deleted: null)
    23:44:23.976 | 426 ool-1-worker-190 | DEBUG | .a.s.ParticipantScoreScheduleService : Scheduled task for exercise 1446 and participant 107 at 2025-02-14T23:44:24.076504475Z[Etc/UTC].
    23:44:23.982 | 426 ool-1-worker-190 | DEBUG | .c.s.m.InstanceMessageReceiveService : Received schedule participant score for exercise 1446 and participant 107 (result to be deleted: null)
    23:44:23.982 | 426 ool-1-worker-190 | DEBUG | .a.s.ParticipantScoreScheduleService : Scheduled task for exercise 1446 and participant 107 at 2025-02-14T23:44:24.082900863Z[Etc/UTC].
    23:44:23.989 | 426 ool-1-worker-190 | DEBUG | .c.s.m.InstanceMessageReceiveService : Received schedule participant score for exercise 1446 and participant 107 (result to be deleted: null)
    23:44:23.989 | 426 ool-1-worker-190 | DEBUG | .a.s.ParticipantScoreScheduleService : Scheduled task for exercise 1446 and participant 107 at 2025-02-14T23:44:24.089844461Z[Etc/UTC].
    23:44:23.992 | 426 ool-1-worker-190 | DEBUG | .c.s.m.InstanceMessageReceiveService : Received schedule participant score for exercise 1446 and participant 107 (result to be deleted: null)
    23:44:23.992 | 426 ool-1-worker-190 | DEBUG | .a.s.ParticipantScoreScheduleService : Scheduled task for exercise 1446 and participant 107 at 2025-02-14T23:44:24.092862379Z[Etc/UTC].
    23:44:24.007 | 426 ool-1-worker-190 | DEBUG | d.t.c.a.a.c.s.f.ApiVersionFilter     : Adding Version to Request PUT /api/modeling-submissions/706/result/0/assessment
    23:44:24.012 | 426 ool-1-worker-190 | DEBUG | .c.s.m.InstanceMessageReceiveService : Received schedule participant score for exercise 1446 and participant 108 (result to be deleted: null)
    23:44:24.012 | 426 ool-1-worker-190 | DEBUG | .a.s.ParticipantScoreScheduleService : Scheduled task for exercise 1446 and participant 108 at 2025-02-14T23:44:24.112563047Z[Etc/UTC].
    23:44:24.017 | 426 ool-1-worker-190 | DEBUG | .c.s.m.InstanceMessageReceiveService : Received schedule participant score for exercise 1446 and participant 108 (result to be deleted: null)
    23:44:24.018 | 426 ool-1-worker-190 | DEBUG | .a.s.ParticipantScoreScheduleService : Scheduled task for exercise 1446 and participant 108 at 2025-02-14T23:44:24.118045260Z[Etc/UTC].
    23:44:24.030 | 426 ool-1-worker-190 | DEBUG | .c.s.m.InstanceMessageReceiveService : Received schedule participant score for exercise 1446 and participant 108 (result to be deleted: null)
    23:44:24.030 | 426 ool-1-worker-190 | DEBUG | .a.s.ParticipantScoreScheduleService : Scheduled task for exercise 1446 and participant 108 at 2025-02-14T23:44:24.130717311Z[Etc/UTC].
    23:44:24.033 | 600 taskScheduler-1  | DEBUG | .a.s.ParticipantScoreScheduleService : Processing exercise 1446 and participant 105 to update participant scores.
    23:44:24.033 | 426 ool-1-worker-190 | DEBUG | .c.s.m.InstanceMessageReceiveService : Received schedule participant score for exercise 1446 and participant 108 (result to be deleted: null)
    23:44:24.033 | 426 ool-1-worker-190 | DEBUG | .a.s.ParticipantScoreScheduleService : Scheduled task for exercise 1446 and participant 108 at 2025-02-14T23:44:24.133878146Z[Etc/UTC].
    23:44:24.042 | 600 taskScheduler-1  | DEBUG | .a.s.ParticipantScoreScheduleService : Updated participant score 81.
    23:44:24.043 | 600 taskScheduler-1  | DEBUG | .a.s.ParticipantScoreScheduleService : Updating the participant score for exercise 1446 and participant 105 took 10 ms.

  Starting logs for ModelingAssessmentIntegrationTest > testAutomaticAssessmentUponAssessmentSubmission_noResultInDatabase()
    23:44:24.060 | 426 ool-1-worker-190 | DEBUG | d.t.c.a.a.c.u.util.UserUtilService   : Generate 6 students...
    23:44:24.069 | 426 ool-1-worker-190 | DEBUG | d.t.c.a.a.c.u.util.UserUtilService   : 6 students generated. Generate 2 tutors...
    23:44:24.073 | 426 ool-1-worker-190 | DEBUG | d.t.c.a.a.c.u.util.UserUtilService   : 2 tutors generated. Generate 0 editors...
    23:44:24.074 | 426 ool-1-worker-190 | DEBUG | d.t.c.a.a.c.u.util.UserUtilService   : 0 editors generated. Generate 1 instructors...
    23:44:24.078 | 426 ool-1-worker-190 | DEBUG | d.t.c.a.a.c.u.util.UserUtilService   : 1 instructors generated
    23:44:24.079 | 426 ool-1-worker-190 | DEBUG | d.t.c.a.a.c.u.util.UserUtilService   : Removing 9 users from all courses...
    23:44:24.080 | 426 ool-1-worker-190 | DEBUG | d.t.c.a.a.c.u.util.UserUtilService   : Removing 9 users from all courses. Done
    23:44:24.080 | 426 ool-1-worker-190 | DEBUG | d.t.c.a.a.c.u.util.UserUtilService   : Save 9 users to database...
    23:44:24.087 | 426 ool-1-worker-190 | DEBUG | d.t.c.a.a.c.u.util.UserUtilService   : Save 9 users to database. Done
    23:44:24.101 | 426 ool-1-worker-190 | INFO  | i.z.t.d.l.EmbeddedDatabaseReporter   : JDBC URL to connect to 'dataSource': url='jdbc:h2:tcp://localhost:41063/mem:f240edcd-27ce-47a3-b4ab-a6a00c154135;USER=sa', scope='ModelingAssessmentIntegrationTest#testAutomaticAssessmentUponAssessmentSubmission_noResultInDatabase'
    23:44:24.122 | 426 ool-1-worker-190 | INFO  | d.t.c.a.a.m.s.compass.CompassService : ModelCluster: start building clusters of 2 submissions for modeling exercise 1457
    23:44:24.123 | 426 ool-1-worker-190 | INFO  | d.t.c.a.a.m.s.compass.CompassService : ModelClusterTimeLog: building clusters of 2 submissions for modeling exercise 1457 done in 4.62ms
    23:44:24.129 | 426 ool-1-worker-190 | INFO  | d.t.c.a.a.m.s.compass.CompassService : ModelClusterTimeLog: building and saving clusters of 2 submissions for exercise 1457 done in 10.62ms
    23:44:24.130 | 426 ool-1-worker-190 | DEBUG | d.t.c.a.a.c.s.f.ApiVersionFilter     : Adding Version to Request PUT /api/modeling-submissions/708/result/0/assessment
    23:44:24.135 | 426 ool-1-worker-190 | DEBUG | .c.s.m.InstanceMessageReceiveService : Received schedule participant score for exercise 1457 and participant 104 (result to be deleted: null)
    23:44:24.135 | 426 ool-1-worker-190 | DEBUG | .a.s.ParticipantScoreScheduleService : Scheduled task for exercise 1457 and participant 104 at 2025-02-14T23:44:24.235775925Z[Etc/UTC].
    23:44:24.141 | 426 ool-1-worker-190 | DEBUG | .c.s.m.InstanceMessageReceiveService : Received schedule participant score for exercise 1457 and participant 104 (result to be deleted: null)
    23:44:24.141 | 426 ool-1-worker-190 | DEBUG | .a.s.ParticipantScoreScheduleService : Scheduled task for exercise 1457 and participant 104 at 2025-02-14T23:44:24.241778619Z[Etc/UTC].
    23:44:24.149 | 426 ool-1-worker-190 | DEBUG | .c.s.m.InstanceMessageReceiveService : Received schedule participant score for exercise 1457 and participant 104 (result to be deleted: null)
    23:44:24.149 | 426 ool-1-worker-190 | DEBUG | .a.s.ParticipantScoreScheduleService : Scheduled task for exercise 1457 and participant 104 at 2025-02-14T23:44:24.249437331Z[Etc/UTC].
    23:44:24.153 | 426 ool-1-worker-190 | DEBUG | .c.s.m.InstanceMessageReceiveService : Received schedule participant score for exercise 1457 and participant 104 (result to be deleted: null)
    23:44:24.153 | 426 ool-1-worker-190 | DEBUG | .a.s.ParticipantScoreScheduleService : Scheduled task for exercise 1457 and participant 104 at 2025-02-14T23:44:24.253683439Z[Etc/UTC].

  Starting logs for ModelingAssessmentIntegrationTest > cancelOwnAssessmentAsStudent()
    23:44:24.192 | 426 ool-1-worker-190 | DEBUG | d.t.c.a.a.c.u.util.UserUtilService   : Generate 6 students...
    23:44:24.210 | 426 ool-1-worker-190 | DEBUG | d.t.c.a.a.c.u.util.UserUtilService   : 6 students generated. Generate 2 tutors...
    23:44:24.217 | 426 ool-1-worker-190 | DEBUG | d.t.c.a.a.c.u.util.UserUtilService   : 2 tutors generated. Generate 0 editors...
    23:44:24.220 | 426 ool-1-worker-190 | DEBUG | d.t.c.a.a.c.u.util.UserUtilService   : 0 editors generated. Generate 1 instructors...
    23:44:24.226 | 426 ool-1-worker-190 | DEBUG | d.t.c.a.a.c.u.util.UserUtilService   : 1 instructors generated
    23:44:24.228 | 426 ool-1-worker-190 | DEBUG | d.t.c.a.a.c.u.util.UserUtilService   : Removing 9 users from all courses...
    23:44:24.232 | 426 ool-1-worker-190 | DEBUG | d.t.c.a.a.c.u.util.UserUtilService   : Removing 9 users from all courses. Done
    23:44:24.232 | 426 ool-1-worker-190 | DEBUG | d.t.c.a.a.c.u.util.UserUtilService   : Save 9 users to database...
    23:44:24.244 | 426 ool-1-worker-190 | DEBUG | d.t.c.a.a.c.u.util.UserUtilService   : Save 9 users to database. Done
    23:44:24.267 | 426 ool-1-worker-190 | INFO  | i.z.t.d.l.EmbeddedDatabaseReporter   : JDBC URL to connect to 'dataSource': url='jdbc:h2:tcp://localhost:41063/mem:f240edcd-27ce-47a3-b4ab-a6a00c154135;USER=sa', scope='ModelingAssessmentIntegrationTest#cancelOwnAssessmentAsStudent'
    23:44:24.287 | 426 ool-1-worker-190 | DEBUG | .c.s.m.InstanceMessageReceiveService : Received schedule participant score for exercise 1469 and participant 104 (result to be deleted: null)
    23:44:24.287 | 426 ool-1-worker-190 | DEBUG | .a.s.ParticipantScoreScheduleService : Scheduled task for exercise 1469 and participant 104 at 2025-02-14T23:44:24.387961561Z[Etc/UTC].
    23:44:24.296 | 426 ool-1-worker-190 | DEBUG | .c.s.m.InstanceMessageReceiveService : Received schedule participant score for exercise 1469 and participant 104 (result to be deleted: null)
    23:44:24.296 | 426 ool-1-worker-190 | DEBUG | .a.s.ParticipantScoreScheduleService : Scheduled task for exercise 1469 and participant 104 at 2025-02-14T23:44:24.796423408Z[Etc/UTC].
    23:44:24.303 | 426 ool-1-worker-190 | DEBUG | .c.s.m.InstanceMessageReceiveService : Received schedule participant score for exercise 1469 and participant 104 (result to be deleted: null)
    23:44:24.303 | 426 ool-1-worker-190 | DEBUG | .a.s.ParticipantScoreScheduleService : Scheduled task for exercise 1469 and participant 104 at 2025-02-14T23:44:24.803849116Z[Etc/UTC].
    23:44:24.310 | 426 ool-1-worker-190 | DEBUG | .c.s.m.InstanceMessageReceiveService : Received schedule participant score for exercise 1469 and participant 104 (result to be deleted: null)
    23:44:24.310 | 426 ool-1-worker-190 | DEBUG | .a.s.ParticipantScoreScheduleService : Scheduled task for exercise 1469 and participant 104 at 2025-02-14T23:44:24.410936222Z[Etc/UTC].
    23:44:24.313 | 426 ool-1-worker-190 | DEBUG | d.t.c.a.a.c.s.f.ApiVersionFilter     : Adding Version to Request PUT /api/modeling-submissions/710/cancel-assessment
    23:44:24.314 | 426 ool-1-worker-190 | WARN  | o.z.p.spring.common.AdviceTraits     : Forbidden: Access Denied

Finished logs for ModelingAssessmentIntegrationTest
]]></system-out>
  <system-err><![CDATA[]]></system-err>
</testsuite>
