<?xml version="1.0" encoding="UTF-8"?>
<testsuite name="de.tum.cit.aet.artemis.exam.ExamSessionIntegrationTest" tests="5" skipped="0" failures="0" errors="0" timestamp="2025-02-14T23:45:42" hostname="fv-az1721-502" time="0.326">
  <properties/>
  <testcase name="testStartExamSession_asStudent()" classname="de.tum.cit.aet.artemis.exam.ExamSessionIntegrationTest" time="0.03"/>
  <testcase name="storeFingerprintOnStartExamSession_asStudent()" classname="de.tum.cit.aet.artemis.exam.ExamSessionIntegrationTest" time="0.062"/>
  <testcase name="storeIPv4OnStartExamSession_asStudent()" classname="de.tum.cit.aet.artemis.exam.ExamSessionIntegrationTest" time="0.053"/>
  <testcase name="storeUserAgentOnStartExamSession_asStudent()" classname="de.tum.cit.aet.artemis.exam.ExamSessionIntegrationTest" time="0.084"/>
  <testcase name="storeIPv6OnStartExamSession_asStudent()" classname="de.tum.cit.aet.artemis.exam.ExamSessionIntegrationTest" time="0.09"/>
  <system-out><![CDATA[
Starting logs for ExamSessionIntegrationTest

  Starting logs for ExamSessionIntegrationTest > testStartExamSession_asStudent()
    23:45:42.641 | 364 ool-1-worker-128 | DEBUG | d.t.c.a.a.c.u.util.UserUtilService   : Generate 1 students...
    23:45:42.643 | 364 ool-1-worker-128 | DEBUG | d.t.c.a.a.c.u.util.UserUtilService   : 1 students generated. Generate 1 tutors...
    23:45:42.645 | 364 ool-1-worker-128 | DEBUG | d.t.c.a.a.c.u.util.UserUtilService   : 1 tutors generated. Generate 0 editors...
    23:45:42.646 | 364 ool-1-worker-128 | DEBUG | d.t.c.a.a.c.u.util.UserUtilService   : 0 editors generated. Generate 1 instructors...
    23:45:42.648 | 364 ool-1-worker-128 | DEBUG | d.t.c.a.a.c.u.util.UserUtilService   : 1 instructors generated
    23:45:42.649 | 364 ool-1-worker-128 | DEBUG | d.t.c.a.a.c.u.util.UserUtilService   : Removing 6 users from all courses...
    23:45:42.650 | 364 ool-1-worker-128 | DEBUG | d.t.c.a.a.c.u.util.UserUtilService   : Removing 6 users from all courses. Done
    23:45:42.650 | 364 ool-1-worker-128 | DEBUG | d.t.c.a.a.c.u.util.UserUtilService   : Save 3 users to database...
    23:45:42.652 | 364 ool-1-worker-128 | DEBUG | d.t.c.a.a.c.u.util.UserUtilService   : Save 3 users to database. Done
    23:45:42.658 | 364 ool-1-worker-128 | INFO  | i.z.t.d.l.EmbeddedDatabaseReporter   : JDBC URL to connect to 'dataSource': url='jdbc:h2:tcp://localhost:41063/mem:df70fc46-7e57-4cb5-9cd0-c1d90c14afa7;USER=sa', scope='ExamSessionIntegrationTest#testStartExamSession_asStudent'
    23:45:42.658 | 364 ool-1-worker-128 | DEBUG | d.t.c.a.a.e.s.ExamSessionService     : Exam session started
    23:45:42.659 | 364 ool-1-worker-128 | DEBUG | d.t.c.a.a.e.s.ExamSessionService     : Exam session started
    23:45:42.659 | 364 ool-1-worker-128 | DEBUG | d.t.c.a.a.e.s.ExamSessionService     : Exam session started

  Starting logs for ExamSessionIntegrationTest > storeFingerprintOnStartExamSession_asStudent()
    23:45:42.671 | 364 ool-1-worker-128 | DEBUG | d.t.c.a.a.c.u.util.UserUtilService   : Generate 1 students...
    23:45:42.676 | 364 ool-1-worker-128 | DEBUG | d.t.c.a.a.c.u.util.UserUtilService   : 1 students generated. Generate 1 tutors...
    23:45:42.681 | 364 ool-1-worker-128 | DEBUG | d.t.c.a.a.c.u.util.UserUtilService   : 1 tutors generated. Generate 0 editors...
    23:45:42.685 | 364 ool-1-worker-128 | DEBUG | d.t.c.a.a.c.u.util.UserUtilService   : 0 editors generated. Generate 1 instructors...
    23:45:42.690 | 364 ool-1-worker-128 | DEBUG | d.t.c.a.a.c.u.util.UserUtilService   : 1 instructors generated
    23:45:42.692 | 364 ool-1-worker-128 | DEBUG | d.t.c.a.a.c.u.util.UserUtilService   : Removing 3 users from all courses...
    23:45:42.692 | 364 ool-1-worker-128 | DEBUG | d.t.c.a.a.c.u.util.UserUtilService   : Removing 3 users from all courses. Done
    23:45:42.692 | 364 ool-1-worker-128 | DEBUG | d.t.c.a.a.c.u.util.UserUtilService   : Save 3 users to database...
    23:45:42.705 | 364 ool-1-worker-128 | DEBUG | d.t.c.a.a.c.u.util.UserUtilService   : Save 3 users to database. Done
    23:45:42.715 | 364 ool-1-worker-128 | INFO  | i.z.t.d.l.EmbeddedDatabaseReporter   : JDBC URL to connect to 'dataSource': url='jdbc:h2:tcp://localhost:41063/mem:df70fc46-7e57-4cb5-9cd0-c1d90c14afa7;USER=sa', scope='ExamSessionIntegrationTest#storeFingerprintOnStartExamSession_asStudent'
    23:45:42.715 | 364 ool-1-worker-128 | DEBUG | d.t.c.a.a.e.s.ExamSessionService     : Exam session started

  Starting logs for ExamSessionIntegrationTest > storeIPv4OnStartExamSession_asStudent()
    23:45:42.738 | 364 ool-1-worker-128 | DEBUG | d.t.c.a.a.c.u.util.UserUtilService   : Generate 1 students...
    23:45:42.741 | 364 ool-1-worker-128 | DEBUG | d.t.c.a.a.c.u.util.UserUtilService   : 1 students generated. Generate 1 tutors...
    23:45:42.744 | 364 ool-1-worker-128 | DEBUG | d.t.c.a.a.c.u.util.UserUtilService   : 1 tutors generated. Generate 0 editors...
    23:45:42.745 | 364 ool-1-worker-128 | DEBUG | d.t.c.a.a.c.u.util.UserUtilService   : 0 editors generated. Generate 1 instructors...
    23:45:42.748 | 364 ool-1-worker-128 | DEBUG | d.t.c.a.a.c.u.util.UserUtilService   : 1 instructors generated
    23:45:42.749 | 364 ool-1-worker-128 | DEBUG | d.t.c.a.a.c.u.util.UserUtilService   : Removing 3 users from all courses...
    23:45:42.750 | 364 ool-1-worker-128 | DEBUG | d.t.c.a.a.c.u.util.UserUtilService   : Removing 3 users from all courses. Done
    23:45:42.750 | 364 ool-1-worker-128 | DEBUG | d.t.c.a.a.c.u.util.UserUtilService   : Save 3 users to database...
    23:45:42.757 | 364 ool-1-worker-128 | DEBUG | d.t.c.a.a.c.u.util.UserUtilService   : Save 3 users to database. Done
    23:45:42.771 | 364 ool-1-worker-128 | INFO  | i.z.t.d.l.EmbeddedDatabaseReporter   : JDBC URL to connect to 'dataSource': url='jdbc:h2:tcp://localhost:41063/mem:df70fc46-7e57-4cb5-9cd0-c1d90c14afa7;USER=sa', scope='ExamSessionIntegrationTest#storeIPv4OnStartExamSession_asStudent'
    23:45:42.772 | 364 ool-1-worker-128 | DEBUG | d.t.c.a.a.e.s.ExamSessionService     : Exam session started

  Starting logs for ExamSessionIntegrationTest > storeUserAgentOnStartExamSession_asStudent()
    23:45:42.796 | 364 ool-1-worker-128 | DEBUG | d.t.c.a.a.c.u.util.UserUtilService   : Generate 1 students...
    23:45:42.804 | 364 ool-1-worker-128 | DEBUG | d.t.c.a.a.c.u.util.UserUtilService   : 1 students generated. Generate 1 tutors...
    23:45:42.812 | 364 ool-1-worker-128 | DEBUG | d.t.c.a.a.c.u.util.UserUtilService   : 1 tutors generated. Generate 0 editors...
    23:45:42.814 | 364 ool-1-worker-128 | DEBUG | d.t.c.a.a.c.u.util.UserUtilService   : 0 editors generated. Generate 1 instructors...
    23:45:42.828 | 364 ool-1-worker-128 | DEBUG | d.t.c.a.a.c.u.util.UserUtilService   : 1 instructors generated
    23:45:42.829 | 364 ool-1-worker-128 | DEBUG | d.t.c.a.a.c.u.util.UserUtilService   : Removing 3 users from all courses...
    23:45:42.830 | 364 ool-1-worker-128 | DEBUG | d.t.c.a.a.c.u.util.UserUtilService   : Removing 3 users from all courses. Done
    23:45:42.830 | 364 ool-1-worker-128 | DEBUG | d.t.c.a.a.c.u.util.UserUtilService   : Save 3 users to database...
    23:45:42.840 | 364 ool-1-worker-128 | DEBUG | d.t.c.a.a.c.u.util.UserUtilService   : Save 3 users to database. Done
    23:45:42.854 | 364 ool-1-worker-128 | INFO  | i.z.t.d.l.EmbeddedDatabaseReporter   : JDBC URL to connect to 'dataSource': url='jdbc:h2:tcp://localhost:41063/mem:df70fc46-7e57-4cb5-9cd0-c1d90c14afa7;USER=sa', scope='ExamSessionIntegrationTest#storeUserAgentOnStartExamSession_asStudent'
    23:45:42.854 | 364 ool-1-worker-128 | DEBUG | d.t.c.a.a.e.s.ExamSessionService     : Exam session started

  Starting logs for ExamSessionIntegrationTest > storeIPv6OnStartExamSession_asStudent()
    23:45:42.883 | 364 ool-1-worker-128 | DEBUG | d.t.c.a.a.c.u.util.UserUtilService   : Generate 1 students...
    23:45:42.889 | 364 ool-1-worker-128 | DEBUG | d.t.c.a.a.c.u.util.UserUtilService   : 1 students generated. Generate 1 tutors...
    23:45:42.894 | 364 ool-1-worker-128 | DEBUG | d.t.c.a.a.c.u.util.UserUtilService   : 1 tutors generated. Generate 0 editors...
    23:45:42.896 | 364 ool-1-worker-128 | DEBUG | d.t.c.a.a.c.u.util.UserUtilService   : 0 editors generated. Generate 1 instructors...
    23:45:42.901 | 364 ool-1-worker-128 | DEBUG | d.t.c.a.a.c.u.util.UserUtilService   : 1 instructors generated
    23:45:42.906 | 364 ool-1-worker-128 | DEBUG | d.t.c.a.a.c.u.util.UserUtilService   : Removing 3 users from all courses...
    23:45:42.906 | 364 ool-1-worker-128 | DEBUG | d.t.c.a.a.c.u.util.UserUtilService   : Removing 3 users from all courses. Done
    23:45:42.906 | 364 ool-1-worker-128 | DEBUG | d.t.c.a.a.c.u.util.UserUtilService   : Save 3 users to database...
    23:45:42.913 | 364 ool-1-worker-128 | DEBUG | d.t.c.a.a.c.u.util.UserUtilService   : Save 3 users to database. Done
    23:45:42.940 | 364 ool-1-worker-128 | INFO  | i.z.t.d.l.EmbeddedDatabaseReporter   : JDBC URL to connect to 'dataSource': url='jdbc:h2:tcp://localhost:41063/mem:df70fc46-7e57-4cb5-9cd0-c1d90c14afa7;USER=sa', scope='ExamSessionIntegrationTest#storeIPv6OnStartExamSession_asStudent'
    23:45:42.940 | 364 ool-1-worker-128 | DEBUG | d.t.c.a.a.e.s.ExamSessionService     : Exam session started

Finished logs for ExamSessionIntegrationTest
]]></system-out>
  <system-err><![CDATA[]]></system-err>
</testsuite>
