<?xml version="1.0" encoding="UTF-8"?>
<testsuite name="de.tum.cit.aet.artemis.communication.linkpreview.LinkPreviewIntegrationTest" tests="12" skipped="0" failures="0" errors="0" timestamp="2025-02-14T23:44:06" hostname="fv-az1721-502" time="1.559">
  <properties/>
  <testcase name="testLinkPreviewDataExtractionWithInvalidUrls()" classname="de.tum.cit.aet.artemis.communication.linkpreview.LinkPreviewIntegrationTest" time="0.029"/>
  <testcase name="testLinkPreviewDataExtractionWithFullIpv6Address()" classname="de.tum.cit.aet.artemis.communication.linkpreview.LinkPreviewIntegrationTest" time="0.026"/>
  <testcase name="[1] url=https://github.com/ls1intum/Artemis/pull/6615, htmlFile=src/test/java/de/tum/cit/aet/artemis/communication/linkpreview/mockFiles/github_pull_request_6615.txt" classname="de.tum.cit.aet.artemis.communication.linkpreview.LinkPreviewIntegrationTest" time="0.93"/>
  <testcase name="[2] url=https://github.com/ls1intum/Artemis/pull/6618, htmlFile=src/test/java/de/tum/cit/aet/artemis/communication/linkpreview/mockFiles/github_pull_request_6618.txt" classname="de.tum.cit.aet.artemis.communication.linkpreview.LinkPreviewIntegrationTest" time="0.185"/>
  <testcase name="[3] url=https://github.com/, htmlFile=src/test/java/de/tum/cit/aet/artemis/communication/linkpreview/mockFiles/github_home.txt" classname="de.tum.cit.aet.artemis.communication.linkpreview.LinkPreviewIntegrationTest" time="0.105"/>
  <testcase name="[4] url=https://google.com, htmlFile=src/test/java/de/tum/cit/aet/artemis/communication/linkpreview/mockFiles/google.txt" classname="de.tum.cit.aet.artemis.communication.linkpreview.LinkPreviewIntegrationTest" time="0.047"/>
  <testcase name="testLinkPreviewDataExtractionWithLoopbackIp()" classname="de.tum.cit.aet.artemis.communication.linkpreview.LinkPreviewIntegrationTest" time="0.028"/>
  <testcase name="testLinkPreviewDataExtractionWithJavaScriptUrl()" classname="de.tum.cit.aet.artemis.communication.linkpreview.LinkPreviewIntegrationTest" time="0.029"/>
  <testcase name="testLinkPreviewDataExtractionWithIpAddress()" classname="de.tum.cit.aet.artemis.communication.linkpreview.LinkPreviewIntegrationTest" time="0.04"/>
  <testcase name="testLinkPreviewDataExtractionWithIpv6Address()" classname="de.tum.cit.aet.artemis.communication.linkpreview.LinkPreviewIntegrationTest" time="0.049"/>
  <testcase name="testLinkPreviewDataExtractionWithInvalidTld()" classname="de.tum.cit.aet.artemis.communication.linkpreview.LinkPreviewIntegrationTest" time="0.027"/>
  <testcase name="testLinkPreviewDataExtractionWithInvalidScheme()" classname="de.tum.cit.aet.artemis.communication.linkpreview.LinkPreviewIntegrationTest" time="0.026"/>
  <system-out><![CDATA[
Starting logs for LinkPreviewIntegrationTest

  Starting logs for LinkPreviewIntegrationTest > testLinkPreviewDataExtractionWithInvalidUrls()
    23:44:06.022 | 141 Pool-1-worker-56 | DEBUG | d.t.c.a.a.c.u.util.UserUtilService   : Generate 0 students...
    23:44:06.023 | 141 Pool-1-worker-56 | DEBUG | d.t.c.a.a.c.u.util.UserUtilService   : 0 students generated. Generate 0 tutors...
    23:44:06.025 | 141 Pool-1-worker-56 | DEBUG | d.t.c.a.a.c.u.util.UserUtilService   : 0 tutors generated. Generate 0 editors...
    23:44:06.026 | 141 Pool-1-worker-56 | DEBUG | d.t.c.a.a.c.u.util.UserUtilService   : 0 editors generated. Generate 1 instructors...
    23:44:06.028 | 141 Pool-1-worker-56 | DEBUG | d.t.c.a.a.c.u.util.UserUtilService   : 1 instructors generated
    23:44:06.030 | 141 Pool-1-worker-56 | DEBUG | d.t.c.a.a.c.u.util.UserUtilService   : Removing 18 users from all courses...
    23:44:06.032 | 141 Pool-1-worker-56 | DEBUG | d.t.c.a.a.c.u.util.UserUtilService   : Removing 18 users from all courses. Done
    23:44:06.032 | 141 Pool-1-worker-56 | DEBUG | d.t.c.a.a.c.u.util.UserUtilService   : Save 1 users to database...
    23:44:06.033 | 141 Pool-1-worker-56 | DEBUG | d.t.c.a.a.c.u.util.UserUtilService   : Save 1 users to database. Done
    23:44:06.033 | 141 Pool-1-worker-56 | INFO  | i.z.t.d.l.EmbeddedDatabaseReporter   : JDBC URL to connect to 'dataSource': url='jdbc:h2:tcp://localhost:41063/mem:df70fc46-7e57-4cb5-9cd0-c1d90c14afa7;USER=sa', scope='LinkPreviewIntegrationTest#testLinkPreviewDataExtractionWithInvalidUrls'
    23:44:06.034 | 141 Pool-1-worker-56 | DEBUG | d.t.c.a.a.c.s.f.ApiVersionFilter     : Adding Version to Request GET /api/link-preview
    23:44:06.034 | 141 Pool-1-worker-56 | DEBUG | d.t.c.a.a.c.web.LinkPreviewResource  : REST request to get link preview for URL: https://localhost
    23:44:06.035 | 141 Pool-1-worker-56 | WARN  | d.t.c.a.a.c.web.LinkPreviewResource  : Invalid or potentially unsafe URL https://localhost

  Starting logs for LinkPreviewIntegrationTest > testLinkPreviewDataExtractionWithFullIpv6Address()
    23:44:06.052 | 141 Pool-1-worker-56 | DEBUG | d.t.c.a.a.c.u.util.UserUtilService   : Generate 0 students...
    23:44:06.053 | 141 Pool-1-worker-56 | DEBUG | d.t.c.a.a.c.u.util.UserUtilService   : 0 students generated. Generate 0 tutors...
    23:44:06.055 | 141 Pool-1-worker-56 | DEBUG | d.t.c.a.a.c.u.util.UserUtilService   : 0 tutors generated. Generate 0 editors...
    23:44:06.056 | 141 Pool-1-worker-56 | DEBUG | d.t.c.a.a.c.u.util.UserUtilService   : 0 editors generated. Generate 1 instructors...
    23:44:06.059 | 141 Pool-1-worker-56 | DEBUG | d.t.c.a.a.c.u.util.UserUtilService   : 1 instructors generated
    23:44:06.060 | 141 Pool-1-worker-56 | DEBUG | d.t.c.a.a.c.u.util.UserUtilService   : Removing 1 users from all courses...
    23:44:06.061 | 141 Pool-1-worker-56 | DEBUG | d.t.c.a.a.c.u.util.UserUtilService   : Removing 1 users from all courses. Done
    23:44:06.061 | 141 Pool-1-worker-56 | DEBUG | d.t.c.a.a.c.u.util.UserUtilService   : Save 1 users to database...
    23:44:06.063 | 141 Pool-1-worker-56 | DEBUG | d.t.c.a.a.c.u.util.UserUtilService   : Save 1 users to database. Done
    23:44:06.064 | 141 Pool-1-worker-56 | INFO  | i.z.t.d.l.EmbeddedDatabaseReporter   : JDBC URL to connect to 'dataSource': url='jdbc:h2:tcp://localhost:41063/mem:df70fc46-7e57-4cb5-9cd0-c1d90c14afa7;USER=sa', scope='LinkPreviewIntegrationTest#testLinkPreviewDataExtractionWithFullIpv6Address'
    23:44:06.064 | 141 Pool-1-worker-56 | DEBUG | d.t.c.a.a.c.s.f.ApiVersionFilter     : Adding Version to Request GET /api/link-preview
    23:44:06.065 | 141 Pool-1-worker-56 | DEBUG | d.t.c.a.a.c.web.LinkPreviewResource  : REST request to get link preview for URL: http://[2606:4700:4700::1111]
    23:44:06.065 | 141 Pool-1-worker-56 | WARN  | d.t.c.a.a.c.web.LinkPreviewResource  : Invalid or potentially unsafe URL http://[2606:4700:4700::1111]

  Starting logs for LinkPreviewIntegrationTest > [1] url=https://github.com/ls1intum/Artemis/pull/6615, htmlFile=src/test/java/de/tum/cit/aet/artemis/communication/linkpreview/mockFiles/github_pull_request_6615.txt
    23:44:06.082 | 141 Pool-1-worker-56 | DEBUG | d.t.c.a.a.c.u.util.UserUtilService   : Generate 0 students...
    23:44:06.083 | 141 Pool-1-worker-56 | DEBUG | d.t.c.a.a.c.u.util.UserUtilService   : 0 students generated. Generate 0 tutors...
    23:44:06.085 | 141 Pool-1-worker-56 | DEBUG | d.t.c.a.a.c.u.util.UserUtilService   : 0 tutors generated. Generate 0 editors...
    23:44:06.086 | 141 Pool-1-worker-56 | DEBUG | d.t.c.a.a.c.u.util.UserUtilService   : 0 editors generated. Generate 1 instructors...
    23:44:06.089 | 141 Pool-1-worker-56 | DEBUG | d.t.c.a.a.c.u.util.UserUtilService   : 1 instructors generated
    23:44:06.090 | 141 Pool-1-worker-56 | DEBUG | d.t.c.a.a.c.u.util.UserUtilService   : Removing 1 users from all courses...
    23:44:06.091 | 141 Pool-1-worker-56 | DEBUG | d.t.c.a.a.c.u.util.UserUtilService   : Removing 1 users from all courses. Done
    23:44:06.091 | 141 Pool-1-worker-56 | DEBUG | d.t.c.a.a.c.u.util.UserUtilService   : Save 1 users to database...
    23:44:06.093 | 141 Pool-1-worker-56 | DEBUG | d.t.c.a.a.c.u.util.UserUtilService   : Save 1 users to database. Done
    23:44:06.093 | 141 Pool-1-worker-56 | INFO  | i.z.t.d.l.EmbeddedDatabaseReporter   : JDBC URL to connect to 'dataSource': url='jdbc:h2:tcp://localhost:41063/mem:df70fc46-7e57-4cb5-9cd0-c1d90c14afa7;USER=sa', scope='LinkPreviewIntegrationTest#testLinkPreviewDataExtraction'
    23:44:06.786 | 141 Pool-1-worker-56 | DEBUG | d.t.c.a.a.c.s.f.ApiVersionFilter     : Adding Version to Request GET /api/link-preview
    23:44:06.787 | 141 Pool-1-worker-56 | DEBUG | d.t.c.a.a.c.web.LinkPreviewResource  : REST request to get link preview for URL: https://github.com/ls1intum/Artemis/pull/6615
    23:44:06.790 | 141 Pool-1-worker-56 | DEBUG | d.t.c.a.a.c.s.l.LinkPreviewService   : Parsing html meta elements from url: https://github.com/ls1intum/Artemis/pull/6615
    23:44:06.793 | 141 Pool-1-worker-56 | INFO  | .c.a.a.c.s.l.OgMetaElementHtmlParser : Parsing html meta elements from url: https://github.com/ls1intum/Artemis/pull/6615

  Starting logs for LinkPreviewIntegrationTest > [2] url=https://github.com/ls1intum/Artemis/pull/6618, htmlFile=src/test/java/de/tum/cit/aet/artemis/communication/linkpreview/mockFiles/github_pull_request_6618.txt
    23:44:07.033 | 141 Pool-1-worker-56 | DEBUG | d.t.c.a.a.c.u.util.UserUtilService   : Generate 0 students...
    23:44:07.035 | 141 Pool-1-worker-56 | DEBUG | d.t.c.a.a.c.u.util.UserUtilService   : 0 students generated. Generate 0 tutors...
    23:44:07.039 | 141 Pool-1-worker-56 | DEBUG | d.t.c.a.a.c.u.util.UserUtilService   : 0 tutors generated. Generate 0 editors...
    23:44:07.043 | 141 Pool-1-worker-56 | DEBUG | d.t.c.a.a.c.u.util.UserUtilService   : 0 editors generated. Generate 1 instructors...
    23:44:07.049 | 141 Pool-1-worker-56 | DEBUG | d.t.c.a.a.c.u.util.UserUtilService   : 1 instructors generated
    23:44:07.050 | 141 Pool-1-worker-56 | DEBUG | d.t.c.a.a.c.u.util.UserUtilService   : Removing 1 users from all courses...
    23:44:07.051 | 141 Pool-1-worker-56 | DEBUG | d.t.c.a.a.c.u.util.UserUtilService   : Removing 1 users from all courses. Done
    23:44:07.051 | 141 Pool-1-worker-56 | DEBUG | d.t.c.a.a.c.u.util.UserUtilService   : Save 1 users to database...
    23:44:07.058 | 141 Pool-1-worker-56 | DEBUG | d.t.c.a.a.c.u.util.UserUtilService   : Save 1 users to database. Done
    23:44:07.058 | 141 Pool-1-worker-56 | INFO  | i.z.t.d.l.EmbeddedDatabaseReporter   : JDBC URL to connect to 'dataSource': url='jdbc:h2:tcp://localhost:41063/mem:df70fc46-7e57-4cb5-9cd0-c1d90c14afa7;USER=sa', scope='LinkPreviewIntegrationTest#testLinkPreviewDataExtraction'
    23:44:07.180 | 141 Pool-1-worker-56 | DEBUG | d.t.c.a.a.c.s.f.ApiVersionFilter     : Adding Version to Request GET /api/link-preview
    23:44:07.180 | 141 Pool-1-worker-56 | DEBUG | d.t.c.a.a.c.web.LinkPreviewResource  : REST request to get link preview for URL: https://github.com/ls1intum/Artemis/pull/6618
    23:44:07.181 | 141 Pool-1-worker-56 | DEBUG | d.t.c.a.a.c.s.l.LinkPreviewService   : Parsing html meta elements from url: https://github.com/ls1intum/Artemis/pull/6618
    23:44:07.181 | 141 Pool-1-worker-56 | INFO  | .c.a.a.c.s.l.OgMetaElementHtmlParser : Parsing html meta elements from url: https://github.com/ls1intum/Artemis/pull/6618

  Starting logs for LinkPreviewIntegrationTest > [3] url=https://github.com/, htmlFile=src/test/java/de/tum/cit/aet/artemis/communication/linkpreview/mockFiles/github_home.txt
    23:44:07.217 | 141 Pool-1-worker-56 | DEBUG | d.t.c.a.a.c.u.util.UserUtilService   : Generate 0 students...
    23:44:07.218 | 141 Pool-1-worker-56 | DEBUG | d.t.c.a.a.c.u.util.UserUtilService   : 0 students generated. Generate 0 tutors...
    23:44:07.224 | 141 Pool-1-worker-56 | DEBUG | d.t.c.a.a.c.u.util.UserUtilService   : 0 tutors generated. Generate 0 editors...
    23:44:07.225 | 141 Pool-1-worker-56 | DEBUG | d.t.c.a.a.c.u.util.UserUtilService   : 0 editors generated. Generate 1 instructors...
    23:44:07.231 | 141 Pool-1-worker-56 | DEBUG | d.t.c.a.a.c.u.util.UserUtilService   : 1 instructors generated
    23:44:07.232 | 141 Pool-1-worker-56 | DEBUG | d.t.c.a.a.c.u.util.UserUtilService   : Removing 1 users from all courses...
    23:44:07.233 | 141 Pool-1-worker-56 | DEBUG | d.t.c.a.a.c.u.util.UserUtilService   : Removing 1 users from all courses. Done
    23:44:07.233 | 141 Pool-1-worker-56 | DEBUG | d.t.c.a.a.c.u.util.UserUtilService   : Save 1 users to database...
    23:44:07.235 | 141 Pool-1-worker-56 | DEBUG | d.t.c.a.a.c.u.util.UserUtilService   : Save 1 users to database. Done
    23:44:07.235 | 141 Pool-1-worker-56 | INFO  | i.z.t.d.l.EmbeddedDatabaseReporter   : JDBC URL to connect to 'dataSource': url='jdbc:h2:tcp://localhost:41063/mem:df70fc46-7e57-4cb5-9cd0-c1d90c14afa7;USER=sa', scope='LinkPreviewIntegrationTest#testLinkPreviewDataExtraction'
    23:44:07.283 | 141 Pool-1-worker-56 | DEBUG | d.t.c.a.a.c.s.f.ApiVersionFilter     : Adding Version to Request GET /api/link-preview
    23:44:07.283 | 141 Pool-1-worker-56 | DEBUG | d.t.c.a.a.c.web.LinkPreviewResource  : REST request to get link preview for URL: https://github.com/
    23:44:07.284 | 141 Pool-1-worker-56 | DEBUG | d.t.c.a.a.c.s.l.LinkPreviewService   : Parsing html meta elements from url: https://github.com/
    23:44:07.284 | 141 Pool-1-worker-56 | INFO  | .c.a.a.c.s.l.OgMetaElementHtmlParser : Parsing html meta elements from url: https://github.com/

  Starting logs for LinkPreviewIntegrationTest > [4] url=https://google.com, htmlFile=src/test/java/de/tum/cit/aet/artemis/communication/linkpreview/mockFiles/google.txt
    23:44:07.318 | 141 Pool-1-worker-56 | DEBUG | d.t.c.a.a.c.u.util.UserUtilService   : Generate 0 students...
    23:44:07.320 | 141 Pool-1-worker-56 | DEBUG | d.t.c.a.a.c.u.util.UserUtilService   : 0 students generated. Generate 0 tutors...
    23:44:07.321 | 141 Pool-1-worker-56 | DEBUG | d.t.c.a.a.c.u.util.UserUtilService   : 0 tutors generated. Generate 0 editors...
    23:44:07.322 | 141 Pool-1-worker-56 | DEBUG | d.t.c.a.a.c.u.util.UserUtilService   : 0 editors generated. Generate 1 instructors...
    23:44:07.326 | 141 Pool-1-worker-56 | DEBUG | d.t.c.a.a.c.u.util.UserUtilService   : 1 instructors generated
    23:44:07.327 | 141 Pool-1-worker-56 | DEBUG | d.t.c.a.a.c.u.util.UserUtilService   : Removing 1 users from all courses...
    23:44:07.328 | 141 Pool-1-worker-56 | DEBUG | d.t.c.a.a.c.u.util.UserUtilService   : Removing 1 users from all courses. Done
    23:44:07.328 | 141 Pool-1-worker-56 | DEBUG | d.t.c.a.a.c.u.util.UserUtilService   : Save 1 users to database...
    23:44:07.330 | 141 Pool-1-worker-56 | DEBUG | d.t.c.a.a.c.u.util.UserUtilService   : Save 1 users to database. Done
    23:44:07.330 | 141 Pool-1-worker-56 | INFO  | i.z.t.d.l.EmbeddedDatabaseReporter   : JDBC URL to connect to 'dataSource': url='jdbc:h2:tcp://localhost:41063/mem:df70fc46-7e57-4cb5-9cd0-c1d90c14afa7;USER=sa', scope='LinkPreviewIntegrationTest#testLinkPreviewDataExtraction'
    23:44:07.350 | 141 Pool-1-worker-56 | DEBUG | d.t.c.a.a.c.s.f.ApiVersionFilter     : Adding Version to Request GET /api/link-preview
    23:44:07.350 | 141 Pool-1-worker-56 | DEBUG | d.t.c.a.a.c.web.LinkPreviewResource  : REST request to get link preview for URL: https://google.com
    23:44:07.351 | 141 Pool-1-worker-56 | DEBUG | d.t.c.a.a.c.s.l.LinkPreviewService   : Parsing html meta elements from url: https://google.com
    23:44:07.351 | 141 Pool-1-worker-56 | INFO  | .c.a.a.c.s.l.OgMetaElementHtmlParser : Parsing html meta elements from url: https://google.com

  Starting logs for LinkPreviewIntegrationTest > testLinkPreviewDataExtractionWithLoopbackIp()
    23:44:07.368 | 141 Pool-1-worker-56 | DEBUG | d.t.c.a.a.c.u.util.UserUtilService   : Generate 0 students...
    23:44:07.369 | 141 Pool-1-worker-56 | DEBUG | d.t.c.a.a.c.u.util.UserUtilService   : 0 students generated. Generate 0 tutors...
    23:44:07.371 | 141 Pool-1-worker-56 | DEBUG | d.t.c.a.a.c.u.util.UserUtilService   : 0 tutors generated. Generate 0 editors...
    23:44:07.372 | 141 Pool-1-worker-56 | DEBUG | d.t.c.a.a.c.u.util.UserUtilService   : 0 editors generated. Generate 1 instructors...
    23:44:07.376 | 141 Pool-1-worker-56 | DEBUG | d.t.c.a.a.c.u.util.UserUtilService   : 1 instructors generated
    23:44:07.378 | 141 Pool-1-worker-56 | DEBUG | d.t.c.a.a.c.u.util.UserUtilService   : Removing 1 users from all courses...
    23:44:07.378 | 141 Pool-1-worker-56 | DEBUG | d.t.c.a.a.c.u.util.UserUtilService   : Removing 1 users from all courses. Done
    23:44:07.378 | 141 Pool-1-worker-56 | DEBUG | d.t.c.a.a.c.u.util.UserUtilService   : Save 1 users to database...
    23:44:07.380 | 141 Pool-1-worker-56 | DEBUG | d.t.c.a.a.c.u.util.UserUtilService   : Save 1 users to database. Done
    23:44:07.381 | 141 Pool-1-worker-56 | INFO  | i.z.t.d.l.EmbeddedDatabaseReporter   : JDBC URL to connect to 'dataSource': url='jdbc:h2:tcp://localhost:41063/mem:df70fc46-7e57-4cb5-9cd0-c1d90c14afa7;USER=sa', scope='LinkPreviewIntegrationTest#testLinkPreviewDataExtractionWithLoopbackIp'
    23:44:07.382 | 141 Pool-1-worker-56 | DEBUG | d.t.c.a.a.c.s.f.ApiVersionFilter     : Adding Version to Request GET /api/link-preview
    23:44:07.382 | 141 Pool-1-worker-56 | DEBUG | d.t.c.a.a.c.web.LinkPreviewResource  : REST request to get link preview for URL: http://127.0.0.1
    23:44:07.382 | 141 Pool-1-worker-56 | WARN  | d.t.c.a.a.c.web.LinkPreviewResource  : Invalid or potentially unsafe URL http://127.0.0.1

  Starting logs for LinkPreviewIntegrationTest > testLinkPreviewDataExtractionWithJavaScriptUrl()
    23:44:07.399 | 141 Pool-1-worker-56 | DEBUG | d.t.c.a.a.c.u.util.UserUtilService   : Generate 0 students...
    23:44:07.400 | 141 Pool-1-worker-56 | DEBUG | d.t.c.a.a.c.u.util.UserUtilService   : 0 students generated. Generate 0 tutors...
    23:44:07.402 | 141 Pool-1-worker-56 | DEBUG | d.t.c.a.a.c.u.util.UserUtilService   : 0 tutors generated. Generate 0 editors...
    23:44:07.404 | 141 Pool-1-worker-56 | DEBUG | d.t.c.a.a.c.u.util.UserUtilService   : 0 editors generated. Generate 1 instructors...
    23:44:07.408 | 141 Pool-1-worker-56 | DEBUG | d.t.c.a.a.c.u.util.UserUtilService   : 1 instructors generated
    23:44:07.410 | 141 Pool-1-worker-56 | DEBUG | d.t.c.a.a.c.u.util.UserUtilService   : Removing 1 users from all courses...
    23:44:07.411 | 141 Pool-1-worker-56 | DEBUG | d.t.c.a.a.c.u.util.UserUtilService   : Removing 1 users from all courses. Done
    23:44:07.411 | 141 Pool-1-worker-56 | DEBUG | d.t.c.a.a.c.u.util.UserUtilService   : Save 1 users to database...
    23:44:07.413 | 141 Pool-1-worker-56 | DEBUG | d.t.c.a.a.c.u.util.UserUtilService   : Save 1 users to database. Done
    23:44:07.413 | 141 Pool-1-worker-56 | INFO  | i.z.t.d.l.EmbeddedDatabaseReporter   : JDBC URL to connect to 'dataSource': url='jdbc:h2:tcp://localhost:41063/mem:df70fc46-7e57-4cb5-9cd0-c1d90c14afa7;USER=sa', scope='LinkPreviewIntegrationTest#testLinkPreviewDataExtractionWithJavaScriptUrl'
    23:44:07.414 | 141 Pool-1-worker-56 | DEBUG | d.t.c.a.a.c.s.f.ApiVersionFilter     : Adding Version to Request GET /api/link-preview
    23:44:07.414 | 141 Pool-1-worker-56 | DEBUG | d.t.c.a.a.c.web.LinkPreviewResource  : REST request to get link preview for URL: javascript:void(0);
    23:44:07.415 | 141 Pool-1-worker-56 | WARN  | d.t.c.a.a.c.web.LinkPreviewResource  : Invalid or potentially unsafe URL javascript:void(0);

  Starting logs for LinkPreviewIntegrationTest > testLinkPreviewDataExtractionWithIpAddress()
    23:44:07.431 | 141 Pool-1-worker-56 | DEBUG | d.t.c.a.a.c.u.util.UserUtilService   : Generate 0 students...
    23:44:07.432 | 141 Pool-1-worker-56 | DEBUG | d.t.c.a.a.c.u.util.UserUtilService   : 0 students generated. Generate 0 tutors...
    23:44:07.433 | 141 Pool-1-worker-56 | DEBUG | d.t.c.a.a.c.u.util.UserUtilService   : 0 tutors generated. Generate 0 editors...
    23:44:07.435 | 141 Pool-1-worker-56 | DEBUG | d.t.c.a.a.c.u.util.UserUtilService   : 0 editors generated. Generate 1 instructors...
    23:44:07.438 | 141 Pool-1-worker-56 | DEBUG | d.t.c.a.a.c.u.util.UserUtilService   : 1 instructors generated
    23:44:07.439 | 141 Pool-1-worker-56 | DEBUG | d.t.c.a.a.c.u.util.UserUtilService   : Removing 1 users from all courses...
    23:44:07.443 | 141 Pool-1-worker-56 | DEBUG | d.t.c.a.a.c.u.util.UserUtilService   : Removing 1 users from all courses. Done
    23:44:07.443 | 141 Pool-1-worker-56 | DEBUG | d.t.c.a.a.c.u.util.UserUtilService   : Save 1 users to database...
    23:44:07.447 | 141 Pool-1-worker-56 | DEBUG | d.t.c.a.a.c.u.util.UserUtilService   : Save 1 users to database. Done
    23:44:07.447 | 141 Pool-1-worker-56 | INFO  | i.z.t.d.l.EmbeddedDatabaseReporter   : JDBC URL to connect to 'dataSource': url='jdbc:h2:tcp://localhost:41063/mem:df70fc46-7e57-4cb5-9cd0-c1d90c14afa7;USER=sa', scope='LinkPreviewIntegrationTest#testLinkPreviewDataExtractionWithIpAddress'
    23:44:07.448 | 141 Pool-1-worker-56 | DEBUG | d.t.c.a.a.c.s.f.ApiVersionFilter     : Adding Version to Request GET /api/link-preview
    23:44:07.448 | 141 Pool-1-worker-56 | DEBUG | d.t.c.a.a.c.web.LinkPreviewResource  : REST request to get link preview for URL: http://192.168.1.1
    23:44:07.448 | 141 Pool-1-worker-56 | WARN  | d.t.c.a.a.c.web.LinkPreviewResource  : Invalid or potentially unsafe URL http://192.168.1.1

  Starting logs for LinkPreviewIntegrationTest > testLinkPreviewDataExtractionWithIpv6Address()
    23:44:07.477 | 141 Pool-1-worker-56 | DEBUG | d.t.c.a.a.c.u.util.UserUtilService   : Generate 0 students...
    23:44:07.479 | 141 Pool-1-worker-56 | DEBUG | d.t.c.a.a.c.u.util.UserUtilService   : 0 students generated. Generate 0 tutors...
    23:44:07.483 | 141 Pool-1-worker-56 | DEBUG | d.t.c.a.a.c.u.util.UserUtilService   : 0 tutors generated. Generate 0 editors...
    23:44:07.485 | 141 Pool-1-worker-56 | DEBUG | d.t.c.a.a.c.u.util.UserUtilService   : 0 editors generated. Generate 1 instructors...
    23:44:07.490 | 141 Pool-1-worker-56 | DEBUG | d.t.c.a.a.c.u.util.UserUtilService   : 1 instructors generated
    23:44:07.495 | 141 Pool-1-worker-56 | DEBUG | d.t.c.a.a.c.u.util.UserUtilService   : Removing 1 users from all courses...
    23:44:07.495 | 141 Pool-1-worker-56 | DEBUG | d.t.c.a.a.c.u.util.UserUtilService   : Removing 1 users from all courses. Done
    23:44:07.495 | 141 Pool-1-worker-56 | DEBUG | d.t.c.a.a.c.u.util.UserUtilService   : Save 1 users to database...
    23:44:07.500 | 141 Pool-1-worker-56 | DEBUG | d.t.c.a.a.c.u.util.UserUtilService   : Save 1 users to database. Done
    23:44:07.500 | 141 Pool-1-worker-56 | INFO  | i.z.t.d.l.EmbeddedDatabaseReporter   : JDBC URL to connect to 'dataSource': url='jdbc:h2:tcp://localhost:41063/mem:df70fc46-7e57-4cb5-9cd0-c1d90c14afa7;USER=sa', scope='LinkPreviewIntegrationTest#testLinkPreviewDataExtractionWithIpv6Address'
    23:44:07.500 | 141 Pool-1-worker-56 | DEBUG | d.t.c.a.a.c.s.f.ApiVersionFilter     : Adding Version to Request GET /api/link-preview
    23:44:07.501 | 141 Pool-1-worker-56 | DEBUG | d.t.c.a.a.c.web.LinkPreviewResource  : REST request to get link preview for URL: http://[::1]
    23:44:07.501 | 141 Pool-1-worker-56 | WARN  | d.t.c.a.a.c.web.LinkPreviewResource  : Invalid or potentially unsafe URL http://[::1]

  Starting logs for LinkPreviewIntegrationTest > testLinkPreviewDataExtractionWithInvalidTld()
    23:44:07.527 | 141 Pool-1-worker-56 | DEBUG | d.t.c.a.a.c.u.util.UserUtilService   : Generate 0 students...
    23:44:07.529 | 141 Pool-1-worker-56 | DEBUG | d.t.c.a.a.c.u.util.UserUtilService   : 0 students generated. Generate 0 tutors...
    23:44:07.530 | 141 Pool-1-worker-56 | DEBUG | d.t.c.a.a.c.u.util.UserUtilService   : 0 tutors generated. Generate 0 editors...
    23:44:07.532 | 141 Pool-1-worker-56 | DEBUG | d.t.c.a.a.c.u.util.UserUtilService   : 0 editors generated. Generate 1 instructors...
    23:44:07.535 | 141 Pool-1-worker-56 | DEBUG | d.t.c.a.a.c.u.util.UserUtilService   : 1 instructors generated
    23:44:07.536 | 141 Pool-1-worker-56 | DEBUG | d.t.c.a.a.c.u.util.UserUtilService   : Removing 1 users from all courses...
    23:44:07.537 | 141 Pool-1-worker-56 | DEBUG | d.t.c.a.a.c.u.util.UserUtilService   : Removing 1 users from all courses. Done
    23:44:07.537 | 141 Pool-1-worker-56 | DEBUG | d.t.c.a.a.c.u.util.UserUtilService   : Save 1 users to database...
    23:44:07.539 | 141 Pool-1-worker-56 | DEBUG | d.t.c.a.a.c.u.util.UserUtilService   : Save 1 users to database. Done
    23:44:07.539 | 141 Pool-1-worker-56 | INFO  | i.z.t.d.l.EmbeddedDatabaseReporter   : JDBC URL to connect to 'dataSource': url='jdbc:h2:tcp://localhost:41063/mem:df70fc46-7e57-4cb5-9cd0-c1d90c14afa7;USER=sa', scope='LinkPreviewIntegrationTest#testLinkPreviewDataExtractionWithInvalidTld'
    23:44:07.540 | 141 Pool-1-worker-56 | DEBUG | d.t.c.a.a.c.s.f.ApiVersionFilter     : Adding Version to Request GET /api/link-preview
    23:44:07.540 | 141 Pool-1-worker-56 | DEBUG | d.t.c.a.a.c.web.LinkPreviewResource  : REST request to get link preview for URL: https://example.superlongtldover20chars
    23:44:07.540 | 141 Pool-1-worker-56 | WARN  | d.t.c.a.a.c.web.LinkPreviewResource  : Invalid or potentially unsafe URL https://example.superlongtldover20chars

  Starting logs for LinkPreviewIntegrationTest > testLinkPreviewDataExtractionWithInvalidScheme()
    23:44:07.555 | 141 Pool-1-worker-56 | DEBUG | d.t.c.a.a.c.u.util.UserUtilService   : Generate 0 students...
    23:44:07.556 | 141 Pool-1-worker-56 | DEBUG | d.t.c.a.a.c.u.util.UserUtilService   : 0 students generated. Generate 0 tutors...
    23:44:07.558 | 141 Pool-1-worker-56 | DEBUG | d.t.c.a.a.c.u.util.UserUtilService   : 0 tutors generated. Generate 0 editors...
    23:44:07.559 | 141 Pool-1-worker-56 | DEBUG | d.t.c.a.a.c.u.util.UserUtilService   : 0 editors generated. Generate 1 instructors...
    23:44:07.562 | 141 Pool-1-worker-56 | DEBUG | d.t.c.a.a.c.u.util.UserUtilService   : 1 instructors generated
    23:44:07.564 | 141 Pool-1-worker-56 | DEBUG | d.t.c.a.a.c.u.util.UserUtilService   : Removing 1 users from all courses...
    23:44:07.564 | 141 Pool-1-worker-56 | DEBUG | d.t.c.a.a.c.u.util.UserUtilService   : Removing 1 users from all courses. Done
    23:44:07.564 | 141 Pool-1-worker-56 | DEBUG | d.t.c.a.a.c.u.util.UserUtilService   : Save 1 users to database...
    23:44:07.566 | 141 Pool-1-worker-56 | DEBUG | d.t.c.a.a.c.u.util.UserUtilService   : Save 1 users to database. Done
    23:44:07.566 | 141 Pool-1-worker-56 | INFO  | i.z.t.d.l.EmbeddedDatabaseReporter   : JDBC URL to connect to 'dataSource': url='jdbc:h2:tcp://localhost:41063/mem:df70fc46-7e57-4cb5-9cd0-c1d90c14afa7;USER=sa', scope='LinkPreviewIntegrationTest#testLinkPreviewDataExtractionWithInvalidScheme'
    23:44:07.567 | 141 Pool-1-worker-56 | DEBUG | d.t.c.a.a.c.s.f.ApiVersionFilter     : Adding Version to Request GET /api/link-preview
    23:44:07.567 | 141 Pool-1-worker-56 | DEBUG | d.t.c.a.a.c.web.LinkPreviewResource  : REST request to get link preview for URL: ftp://example.com
    23:44:07.568 | 141 Pool-1-worker-56 | WARN  | d.t.c.a.a.c.web.LinkPreviewResource  : Invalid or potentially unsafe URL ftp://example.com

Finished logs for LinkPreviewIntegrationTest
]]></system-out>
  <system-err><![CDATA[]]></system-err>
</testsuite>
