<?xml version="1.0" encoding="UTF-8"?>
<testsuite name="de.tum.cit.aet.artemis.programming.CourseGitlabJenkinsIntegrationTest" tests="153" skipped="0" failures="0" errors="0" timestamp="2025-02-14T23:44:04" hostname="fv-az1721-502" time="33.22">
  <properties/>
  <testcase name="testCleanupCourseAsInstructor_no_Archive()" classname="de.tum.cit.aet.artemis.programming.CourseGitlabJenkinsIntegrationTest" time="0.053"/>
  <testcase name="testGetCourseForRegistration()" classname="de.tum.cit.aet.artemis.programming.CourseGitlabJenkinsIntegrationTest" time="0.297"/>
  <testcase name="testGetCourseTitle()" classname="de.tum.cit.aet.artemis.programming.CourseGitlabJenkinsIntegrationTest" time="0.087"/>
  <testcase name="testEditCourseRemoveExistingIcon()" classname="de.tum.cit.aet.artemis.programming.CourseGitlabJenkinsIntegrationTest" time="0.097"/>
  <testcase name="testExportCourseExam_cannotCreateExamExercisesDir()" classname="de.tum.cit.aet.artemis.programming.CourseGitlabJenkinsIntegrationTest" time="0.427"/>
  <testcase name="testAddUsersToCourseGroup()" classname="de.tum.cit.aet.artemis.programming.CourseGitlabJenkinsIntegrationTest" time="0.12"/>
  <testcase name="testCreateValidOnlineCourse()" classname="de.tum.cit.aet.artemis.programming.CourseGitlabJenkinsIntegrationTest" time="0.069"/>
  <testcase name="searchForStudentsInCourse()" classname="de.tum.cit.aet.artemis.programming.CourseGitlabJenkinsIntegrationTest" time="0.177"/>
  <testcase name="testUpdateValidOnlineCourseConfigurationAsStudent_forbidden()" classname="de.tum.cit.aet.artemis.programming.CourseGitlabJenkinsIntegrationTest" time="0.071"/>
  <testcase name="testCreateCourseWithNegativeMaxComplaintTextLimit()" classname="de.tum.cit.aet.artemis.programming.CourseGitlabJenkinsIntegrationTest" time="0.095"/>
  <testcase name="testUpdateCourseGroups()" classname="de.tum.cit.aet.artemis.programming.CourseGitlabJenkinsIntegrationTest" time="0.503"/>
  <testcase name="testRemoveStudentOrTutorOrInstructorFromCourse_AsInstructorOfOtherCourse_forbidden()" classname="de.tum.cit.aet.artemis.programming.CourseGitlabJenkinsIntegrationTest" time="0.187"/>
  <testcase name="testUnenrollFromCourse()" classname="de.tum.cit.aet.artemis.programming.CourseGitlabJenkinsIntegrationTest" time="0.196"/>
  <testcase name="testCleanupCourseAsTutor_forbidden()" classname="de.tum.cit.aet.artemis.programming.CourseGitlabJenkinsIntegrationTest" time="0.069"/>
  <testcase name="testGetExistingExerciseDetails_asTutor()" classname="de.tum.cit.aet.artemis.programming.CourseGitlabJenkinsIntegrationTest" time="0.145"/>
  <testcase name="testGetCoursesAccurateTimezoneEvaluation()" classname="de.tum.cit.aet.artemis.programming.CourseGitlabJenkinsIntegrationTest" time="0.278"/>
  <testcase name="testGetCourseForDashboardAccessDenied(boolean) [1] userRefresh=true" classname="de.tum.cit.aet.artemis.programming.CourseGitlabJenkinsIntegrationTest" time="0.33"/>
  <testcase name="testGetCourseForDashboardAccessDenied(boolean) [2] userRefresh=false" classname="de.tum.cit.aet.artemis.programming.CourseGitlabJenkinsIntegrationTest" time="0.266"/>
  <testcase name="testRemoveStudentOrTutorOrInstructorFromCourse_AsTutor_forbidden()" classname="de.tum.cit.aet.artemis.programming.CourseGitlabJenkinsIntegrationTest" time="0.147"/>
  <testcase name="testFailToUpdateOldMembersInCourse()" classname="de.tum.cit.aet.artemis.programming.CourseGitlabJenkinsIntegrationTest" time="0.119"/>
  <testcase name="testSetPermissionsForNewGroupMembersInCourse()" classname="de.tum.cit.aet.artemis.programming.CourseGitlabJenkinsIntegrationTest" time="0.281"/>
  <testcase name="testGetLockedSubmissionsForCourseAsStudent()" classname="de.tum.cit.aet.artemis.programming.CourseGitlabJenkinsIntegrationTest" time="0.083"/>
  <testcase name="testGetCourseForAssessmentDashboard_averageRatingComputedCorrectly()" classname="de.tum.cit.aet.artemis.programming.CourseGitlabJenkinsIntegrationTest" time="0.38"/>
  <testcase name="testUpdateCourseGroupsFailsToRemoveOldMember()" classname="de.tum.cit.aet.artemis.programming.CourseGitlabJenkinsIntegrationTest" time="0.178"/>
  <testcase name="testGetCourseTitleAsTeachingAssistant()" classname="de.tum.cit.aet.artemis.programming.CourseGitlabJenkinsIntegrationTest" time="0.144"/>
  <testcase name="searchUsersInCourse_searchForAllTutorsAndInstructors_shouldReturnAllTutorsEditorsAndInstructors()" classname="de.tum.cit.aet.artemis.programming.CourseGitlabJenkinsIntegrationTest" time="0.195"/>
  <testcase name="searchUsersInCourse_searchForAllInstructor_shouldReturnAllInstructors()" classname="de.tum.cit.aet.artemis.programming.CourseGitlabJenkinsIntegrationTest" time="0.341"/>
  <testcase name="testEnrollInCourse()" classname="de.tum.cit.aet.artemis.programming.CourseGitlabJenkinsIntegrationTest" time="0.342"/>
  <testcase name="testGetCoursesForDashboardPracticeRepositories()" classname="de.tum.cit.aet.artemis.programming.CourseGitlabJenkinsIntegrationTest" time="1.396"/>
  <testcase name="tearchMembersForUserMentionsNoSearchTerm()" classname="de.tum.cit.aet.artemis.programming.CourseGitlabJenkinsIntegrationTest" time="0.115"/>
  <testcase name="testEditCourseShouldPreserveAssociations()" classname="de.tum.cit.aet.artemis.programming.CourseGitlabJenkinsIntegrationTest" time="0.122"/>
  <testcase name="testCreateCourseWithCustomNonExistingGroupNames()" classname="de.tum.cit.aet.artemis.programming.CourseGitlabJenkinsIntegrationTest" time="0.08"/>
  <testcase name="testGetCoursesForImport_asAdmin()" classname="de.tum.cit.aet.artemis.programming.CourseGitlabJenkinsIntegrationTest" time="0.194"/>
  <testcase name="testGetAllCoursesWithUserStats()" classname="de.tum.cit.aet.artemis.programming.CourseGitlabJenkinsIntegrationTest" time="0.28"/>
  <testcase name="testAddStudentOrTutorOrInstructorToCourse_WithNonExistingUser()" classname="de.tum.cit.aet.artemis.programming.CourseGitlabJenkinsIntegrationTest" time="0.114"/>
  <testcase name="testCreateCourseWithPermission()" classname="de.tum.cit.aet.artemis.programming.CourseGitlabJenkinsIntegrationTest" time="0.121"/>
  <testcase name="testExportCourse_cannotCreateCourseExercisesDir()" classname="de.tum.cit.aet.artemis.programming.CourseGitlabJenkinsIntegrationTest" time="0.248"/>
  <testcase name="testGetCourseManagementDetailDataForFutureCourse()" classname="de.tum.cit.aet.artemis.programming.CourseGitlabJenkinsIntegrationTest" time="0.115"/>
  <testcase name="searchUsersInCourse_searchForStudentsTutorsAndInstructorsAndTooShortSearchTerm_shouldReturnBadRequest()" classname="de.tum.cit.aet.artemis.programming.CourseGitlabJenkinsIntegrationTest" time="0.146"/>
  <testcase name="testGetCoursesWithQuizExercises()" classname="de.tum.cit.aet.artemis.programming.CourseGitlabJenkinsIntegrationTest" time="0.173"/>
  <testcase name="testGetCoursesWithoutActiveExercises()" classname="de.tum.cit.aet.artemis.programming.CourseGitlabJenkinsIntegrationTest" time="0.164"/>
  <testcase name="testCreateCourseWithModifiedMaxComplainTimeDaysAndMaxComplains()" classname="de.tum.cit.aet.artemis.programming.CourseGitlabJenkinsIntegrationTest" time="0.076"/>
  <testcase name="testGetAllStudentsOrTutorsOrInstructorsInCourse()" classname="de.tum.cit.aet.artemis.programming.CourseGitlabJenkinsIntegrationTest" time="0.163"/>
  <testcase name="testDeleteCourseDeletesOnlineConfiguration()" classname="de.tum.cit.aet.artemis.programming.CourseGitlabJenkinsIntegrationTest" time="0.114"/>
  <testcase name="testCreateCourseWithWrongShortName()" classname="de.tum.cit.aet.artemis.programming.CourseGitlabJenkinsIntegrationTest" time="0.141"/>
  <testcase name="testGetAllCoursesForDashboard()" classname="de.tum.cit.aet.artemis.programming.CourseGitlabJenkinsIntegrationTest" time="0.431"/>
  <testcase name="testGetCategoriesInCourse_instructorNotInCourse()" classname="de.tum.cit.aet.artemis.programming.CourseGitlabJenkinsIntegrationTest" time="0.103"/>
  <testcase name="testCreateCourseWithoutPermission()" classname="de.tum.cit.aet.artemis.programming.CourseGitlabJenkinsIntegrationTest" time="0.1"/>
  <testcase name="testGetCoursesForImport_asInstuctor()" classname="de.tum.cit.aet.artemis.programming.CourseGitlabJenkinsIntegrationTest" time="0.156"/>
  <testcase name="testAddStudentOrTutorOrInstructorToCourse_AsTutor_forbidden()" classname="de.tum.cit.aet.artemis.programming.CourseGitlabJenkinsIntegrationTest" time="0.142"/>
  <testcase name="testGetAssessmentDashboardStats_withAssessmentsAndFeedbackRequests()" classname="de.tum.cit.aet.artemis.programming.CourseGitlabJenkinsIntegrationTest" time="0.93"/>
  <testcase name="testGetCourse_tutorNotInCourse()" classname="de.tum.cit.aet.artemis.programming.CourseGitlabJenkinsIntegrationTest" time="0.075"/>
  <testcase name="testGetAllCoursesForManagementOverview()" classname="de.tum.cit.aet.artemis.programming.CourseGitlabJenkinsIntegrationTest" time="0.102"/>
  <testcase name="searchUsersInCourse_searchForAllTutors_shouldReturnAllTutorsAndEditors()" classname="de.tum.cit.aet.artemis.programming.CourseGitlabJenkinsIntegrationTest" time="0.121"/>
  <testcase name="testArchiveCourseAsTutor_forbidden()" classname="de.tum.cit.aet.artemis.programming.CourseGitlabJenkinsIntegrationTest" time="0.099"/>
  <testcase name="searchUsersInCourse_searchForStudentsAndTooShortSearchTerm_shouldReturnBadRequest()" classname="de.tum.cit.aet.artemis.programming.CourseGitlabJenkinsIntegrationTest" time="0.085"/>
  <testcase name="testGetCategoriesInCourse()" classname="de.tum.cit.aet.artemis.programming.CourseGitlabJenkinsIntegrationTest" time="0.086"/>
  <testcase name="testUpdateCourseRemoveOnlineCourseConfiguration()" classname="de.tum.cit.aet.artemis.programming.CourseGitlabJenkinsIntegrationTest" time="0.078"/>
  <testcase name="testUpdateCourseGroups_InExternalCiUserManagement_failToRemoveUser()" classname="de.tum.cit.aet.artemis.programming.CourseGitlabJenkinsIntegrationTest" time="0.124"/>
  <testcase name="testRemoveStudentOrTutorOrInstructorFromCourse_WithNonExistingUser()" classname="de.tum.cit.aet.artemis.programming.CourseGitlabJenkinsIntegrationTest" time="0.112"/>
  <testcase name="searchMembersForUserMentionsSearchResultLimit()" classname="de.tum.cit.aet.artemis.programming.CourseGitlabJenkinsIntegrationTest" time="0.129"/>
  <testcase name="testGetCourseForInstructorDashboardWithStats_instructorNotInCourse()" classname="de.tum.cit.aet.artemis.programming.CourseGitlabJenkinsIntegrationTest" time="0.065"/>
  <testcase name="testRemoveTutorFromCourse_removeUserFromGitlabGroupFails()" classname="de.tum.cit.aet.artemis.programming.CourseGitlabJenkinsIntegrationTest" time="0.183"/>
  <testcase name="testGetAllCoursesForDashboardExams(boolean) [1] userRefresh=true" classname="de.tum.cit.aet.artemis.programming.CourseGitlabJenkinsIntegrationTest" time="0.204"/>
  <testcase name="testGetAllCoursesForDashboardExams(boolean) [2] userRefresh=false" classname="de.tum.cit.aet.artemis.programming.CourseGitlabJenkinsIntegrationTest" time="0.2"/>
  <testcase name="testGetCourseForAssessmentDashboardWithStats()" classname="de.tum.cit.aet.artemis.programming.CourseGitlabJenkinsIntegrationTest" time="0.42"/>
  <testcase name="testCreateCourseWithNegativeMaxComplainTimeDays()" classname="de.tum.cit.aet.artemis.programming.CourseGitlabJenkinsIntegrationTest" time="0.07"/>
  <testcase name="testUpdateCourseGroupsFailsToGetUser()" classname="de.tum.cit.aet.artemis.programming.CourseGitlabJenkinsIntegrationTest" time="0.142"/>
  <testcase name="testGetCourseForDashboardForbiddenWithRegistrationPossible()" classname="de.tum.cit.aet.artemis.programming.CourseGitlabJenkinsIntegrationTest" time="0.468"/>
  <testcase name="testUpdateValidOnlineCourseConfiguration()" classname="de.tum.cit.aet.artemis.programming.CourseGitlabJenkinsIntegrationTest" time="0.085"/>
  <testcase name="testGetAssessmentDashboardStats_withAssessments()" classname="de.tum.cit.aet.artemis.programming.CourseGitlabJenkinsIntegrationTest" time="0.757"/>
  <testcase name="testCreateAndUpdateCourseWithPersistentCourseImageOnUpdate()" classname="de.tum.cit.aet.artemis.programming.CourseGitlabJenkinsIntegrationTest" time="0.135"/>
  <testcase name="testAddTutorAndInstructorToCourse_failsToAddUserToGroup()" classname="de.tum.cit.aet.artemis.programming.CourseGitlabJenkinsIntegrationTest" time="0.53"/>
  <testcase name="testSearchStudentsAndTutorsAndInstructorsInCourse()" classname="de.tum.cit.aet.artemis.programming.CourseGitlabJenkinsIntegrationTest" time="0.133"/>
  <testcase name="testGetCourseTitleForNonExistingCourse()" classname="de.tum.cit.aet.artemis.programming.CourseGitlabJenkinsIntegrationTest" time="0.141"/>
  <testcase name="searchUsersInCourse_searchForAllStudents_shouldReturnBadRequest()" classname="de.tum.cit.aet.artemis.programming.CourseGitlabJenkinsIntegrationTest" time="0.171"/>
  <testcase name="testCreateCourseWithOptions()" classname="de.tum.cit.aet.artemis.programming.CourseGitlabJenkinsIntegrationTest" time="0.149"/>
  <testcase name="searchUsersInCourse_searchForStudents_shouldReturnUsersMatchingSearchTerm()" classname="de.tum.cit.aet.artemis.programming.CourseGitlabJenkinsIntegrationTest" time="0.129"/>
  <testcase name="testGetExercisesForCourseOverview()" classname="de.tum.cit.aet.artemis.programming.CourseGitlabJenkinsIntegrationTest" time="0.113"/>
  <testcase name="testUpdateOnlineCourseConfiguration()" classname="de.tum.cit.aet.artemis.programming.CourseGitlabJenkinsIntegrationTest" time="0.092"/>
  <testcase name="testCreateAndUpdateCourseWithSetNewImageDespiteRemoval()" classname="de.tum.cit.aet.artemis.programming.CourseGitlabJenkinsIntegrationTest" time="0.097"/>
  <testcase name="testCreateCourseWithValidStartAndEndDate()" classname="de.tum.cit.aet.artemis.programming.CourseGitlabJenkinsIntegrationTest" time="0.08"/>
  <testcase name="testUpdateInvalidOnlineCourseConfiguration()" classname="de.tum.cit.aet.artemis.programming.CourseGitlabJenkinsIntegrationTest" time="0.143"/>
  <testcase name="testEnrollInCourse_notMeetsDate()" classname="de.tum.cit.aet.artemis.programming.CourseGitlabJenkinsIntegrationTest" time="0.16"/>
  <testcase name="testCreateCourseWithNegativeMaxComplainNumber()" classname="de.tum.cit.aet.artemis.programming.CourseGitlabJenkinsIntegrationTest" time="0.092"/>
  <testcase name="testUpdateCourse_instructorNotInCourse()" classname="de.tum.cit.aet.artemis.programming.CourseGitlabJenkinsIntegrationTest" time="0.091"/>
  <testcase name="testCreateInvalidOnlineCourse()" classname="de.tum.cit.aet.artemis.programming.CourseGitlabJenkinsIntegrationTest" time="0.08"/>
  <testcase name="testCreateCourseWithSameShortName()" classname="de.tum.cit.aet.artemis.programming.CourseGitlabJenkinsIntegrationTest" time="0.148"/>
  <testcase name="testDeleteCourseWithPermission()" classname="de.tum.cit.aet.artemis.programming.CourseGitlabJenkinsIntegrationTest" time="0.68"/>
  <testcase name="testGetCourseForAssessmentDashboardWithStats_tutorNotInCourse()" classname="de.tum.cit.aet.artemis.programming.CourseGitlabJenkinsIntegrationTest" time="0.11"/>
  <testcase name="testSearchStudentsAndTutorsAndInstructorsInOtherCourse_forbidden()" classname="de.tum.cit.aet.artemis.programming.CourseGitlabJenkinsIntegrationTest" time="0.094"/>
  <testcase name="testGetAllCoursesForCourseArchiveForUnenrolledStudent()" classname="de.tum.cit.aet.artemis.programming.CourseGitlabJenkinsIntegrationTest" time="0.109"/>
  <testcase name="testDownloadCourseArchiveAsInstructor_not_found()" classname="de.tum.cit.aet.artemis.programming.CourseGitlabJenkinsIntegrationTest" time="0.112"/>
  <testcase name="testGetCourseForRegistrationAccessDenied()" classname="de.tum.cit.aet.artemis.programming.CourseGitlabJenkinsIntegrationTest" time="0.33"/>
  <testcase name="testGetCourseTitleAsUser()" classname="de.tum.cit.aet.artemis.programming.CourseGitlabJenkinsIntegrationTest" time="0.082"/>
  <testcase name="testDownloadCourseArchiveAsTutor_forbidden()" classname="de.tum.cit.aet.artemis.programming.CourseGitlabJenkinsIntegrationTest" time="0.072"/>
  <testcase name="testDeleteNotExistingCourse()" classname="de.tum.cit.aet.artemis.programming.CourseGitlabJenkinsIntegrationTest" time="0.072"/>
  <testcase name="testUpdateToOnlineCourse()" classname="de.tum.cit.aet.artemis.programming.CourseGitlabJenkinsIntegrationTest" time="0.114"/>
  <testcase name="testOnlineCourseConfigurationIsLazyLoaded()" classname="de.tum.cit.aet.artemis.programming.CourseGitlabJenkinsIntegrationTest" time="0.295"/>
  <testcase name="testGetAllStudentsOrTutorsOrInstructorsInCourse_AsTutor_forbidden()" classname="de.tum.cit.aet.artemis.programming.CourseGitlabJenkinsIntegrationTest" time="0.078"/>
  <testcase name="testCreateCourseWithNegativeMaxTeamComplainNumber()" classname="de.tum.cit.aet.artemis.programming.CourseGitlabJenkinsIntegrationTest" time="0.065"/>
  <testcase name="testGetCourse()" classname="de.tum.cit.aet.artemis.programming.CourseGitlabJenkinsIntegrationTest" time="0.204"/>
  <testcase name="testCreateCourseWithNegativeMaxComplaintResponseTextLimit()" classname="de.tum.cit.aet.artemis.programming.CourseGitlabJenkinsIntegrationTest" time="0.066"/>
  <testcase name="testSetPermissionsForNewGroupMembersInCourseFails()" classname="de.tum.cit.aet.artemis.programming.CourseGitlabJenkinsIntegrationTest" time="0.132"/>
  <testcase name="testUpdateValidOnlineCourseConfiguration_IdMismatch()" classname="de.tum.cit.aet.artemis.programming.CourseGitlabJenkinsIntegrationTest" time="0.114"/>
  <testcase name="testGetAssessmentDashboardStats_withoutAssessments()" classname="de.tum.cit.aet.artemis.programming.CourseGitlabJenkinsIntegrationTest" time="0.376"/>
  <testcase name="testCreateAndUpdateCourseWithCourseImage()" classname="de.tum.cit.aet.artemis.programming.CourseGitlabJenkinsIntegrationTest" time="0.1"/>
  <testcase name="testAddStudentOrTutorOrInstructorToCourse_AsInstructorOfOtherCourse_forbidden()" classname="de.tum.cit.aet.artemis.programming.CourseGitlabJenkinsIntegrationTest" time="0.132"/>
  <testcase name="testGetAllStudentsOrTutorsOrInstructorsInCourse_AsInstructorOfOtherCourse_forbidden()" classname="de.tum.cit.aet.artemis.programming.CourseGitlabJenkinsIntegrationTest" time="0.154"/>
  <testcase name="testRemoveStudentOrTutorOrInstructorFromCourse()" classname="de.tum.cit.aet.artemis.programming.CourseGitlabJenkinsIntegrationTest" time="1.163"/>
  <testcase name="testRemoveTutorFromCourse_failsToRemoveUserFromGroup()" classname="de.tum.cit.aet.artemis.programming.CourseGitlabJenkinsIntegrationTest" time="0.154"/>
  <testcase name="testGetCoursesForImportWithoutPermission()" classname="de.tum.cit.aet.artemis.programming.CourseGitlabJenkinsIntegrationTest" time="0.061"/>
  <testcase name="testGetCourseWithOrganizations()" classname="de.tum.cit.aet.artemis.programming.CourseGitlabJenkinsIntegrationTest" time="0.1"/>
  <testcase name="testGetAllEditorsInCourse()" classname="de.tum.cit.aet.artemis.programming.CourseGitlabJenkinsIntegrationTest" time="0.084"/>
  <testcase name="testDownloadCourseArchiveAsStudent_forbidden()" classname="de.tum.cit.aet.artemis.programming.CourseGitlabJenkinsIntegrationTest" time="0.061"/>
  <testcase name="testGetAssessmentDashboardStats_withAssessmentsAndFeedBackRequestsAndResponses()" classname="de.tum.cit.aet.artemis.programming.CourseGitlabJenkinsIntegrationTest" time="0.929"/>
  <testcase name="testCreateDefaultCourseChannelsOnCourseCreation()" classname="de.tum.cit.aet.artemis.programming.CourseGitlabJenkinsIntegrationTest" time="0.109"/>
  <testcase name="testExportCourse_cannotCreateTmpDir()" classname="de.tum.cit.aet.artemis.programming.CourseGitlabJenkinsIntegrationTest" time="0.137"/>
  <testcase name="testUpdateValidOnlineCourseConfigurationNotOnlineCourse()" classname="de.tum.cit.aet.artemis.programming.CourseGitlabJenkinsIntegrationTest" time="0.096"/>
  <testcase name="testGetCoursesWithPermission()" classname="de.tum.cit.aet.artemis.programming.CourseGitlabJenkinsIntegrationTest" time="0.197"/>
  <testcase name="searchMembersForUserMentionsSearchTermFilteringCorrect()" classname="de.tum.cit.aet.artemis.programming.CourseGitlabJenkinsIntegrationTest" time="0.108"/>
  <testcase name="testGetCourseWithoutPermission()" classname="de.tum.cit.aet.artemis.programming.CourseGitlabJenkinsIntegrationTest" time="0.074"/>
  <testcase name="testAddStudentOrTutorOrInstructorToCourse()" classname="de.tum.cit.aet.artemis.programming.CourseGitlabJenkinsIntegrationTest" time="0.339"/>
  <testcase name="testArchiveCourseAsStudent_forbidden()" classname="de.tum.cit.aet.artemis.programming.CourseGitlabJenkinsIntegrationTest" time="0.078"/>
  <testcase name="testCreateAndUpdateCourseWithRemoveCourseImageOnUpdate()" classname="de.tum.cit.aet.artemis.programming.CourseGitlabJenkinsIntegrationTest" time="0.096"/>
  <testcase name="testCleanupCourseAsStudent_forbidden()" classname="de.tum.cit.aet.artemis.programming.CourseGitlabJenkinsIntegrationTest" time="0.126"/>
  <testcase name="testGetAssessmentDashboardStats_withAssessmentsAndComplaintsAndResponses()" classname="de.tum.cit.aet.artemis.programming.CourseGitlabJenkinsIntegrationTest" time="0.911"/>
  <testcase name="testGetCourseManagementDetailData()" classname="de.tum.cit.aet.artemis.programming.CourseGitlabJenkinsIntegrationTest" time="0.929"/>
  <testcase name="testGetLockedSubmissionsForCourseAsTutor()" classname="de.tum.cit.aet.artemis.programming.CourseGitlabJenkinsIntegrationTest" time="0.188"/>
  <testcase name="testUpdateOldMembersInCourse()" classname="de.tum.cit.aet.artemis.programming.CourseGitlabJenkinsIntegrationTest" time="0.111"/>
  <testcase name="testGetAssessmentDashboardStats_withAssessmentsAndComplaintsAndResponses_Large()" classname="de.tum.cit.aet.artemis.programming.CourseGitlabJenkinsIntegrationTest" time="1.715"/>
  <testcase name="testArchiveCourseWithTestModelingAndFileUploadExercises()" classname="de.tum.cit.aet.artemis.programming.CourseGitlabJenkinsIntegrationTest" time="0.216"/>
  <testcase name="testFindAllOnlineCoursesForLtiDashboard()" classname="de.tum.cit.aet.artemis.programming.CourseGitlabJenkinsIntegrationTest" time="0.096"/>
  <testcase name="testExportCourseExam_cannotCreateTmpDir()" classname="de.tum.cit.aet.artemis.programming.CourseGitlabJenkinsIntegrationTest" time="0.103"/>
  <testcase name="testGetCoursesForEnrollmentAndAccurateTimeZoneEvaluation()" classname="de.tum.cit.aet.artemis.programming.CourseGitlabJenkinsIntegrationTest" time="0.09"/>
  <testcase name="testGetCourseForDashboard(boolean) [1] userRefresh=true" classname="de.tum.cit.aet.artemis.programming.CourseGitlabJenkinsIntegrationTest" time="0.349"/>
  <testcase name="testGetCourseForDashboard(boolean) [2] userRefresh=false" classname="de.tum.cit.aet.artemis.programming.CourseGitlabJenkinsIntegrationTest" time="0.31"/>
  <testcase name="searchUsersInCourse_searchForTutorsAndInstructors_shouldReturnUsersMatchingSearchTerm()" classname="de.tum.cit.aet.artemis.programming.CourseGitlabJenkinsIntegrationTest" time="0.103"/>
  <testcase name="testDownloadCourseArchiveAsInstructor()" classname="de.tum.cit.aet.artemis.programming.CourseGitlabJenkinsIntegrationTest" time="0.25"/>
  <testcase name="testCleanupCourseAsInstructor()" classname="de.tum.cit.aet.artemis.programming.CourseGitlabJenkinsIntegrationTest" time="0.195"/>
  <testcase name="testGetExerciseStatsForCourseOverview()" classname="de.tum.cit.aet.artemis.programming.CourseGitlabJenkinsIntegrationTest" time="0.29"/>
  <testcase name="testUpdateCourseIsEmpty()" classname="de.tum.cit.aet.artemis.programming.CourseGitlabJenkinsIntegrationTest" time="0.065"/>
  <testcase name="testGetAssessmentDashboardStats_withAssessmentsAndComplaints()" classname="de.tum.cit.aet.artemis.programming.CourseGitlabJenkinsIntegrationTest" time="0.925"/>
  <testcase name="testSetPermissionsForNewGroupMembersInCourseMemberDoesntExist()" classname="de.tum.cit.aet.artemis.programming.CourseGitlabJenkinsIntegrationTest" time="0.147"/>
  <testcase name="testGetExistingExerciseDetails_asEditor()" classname="de.tum.cit.aet.artemis.programming.CourseGitlabJenkinsIntegrationTest" time="0.109"/>
  <testcase name="testGetAllCoursesForCourseArchiveWithNonNullSemesters()" classname="de.tum.cit.aet.artemis.programming.CourseGitlabJenkinsIntegrationTest" time="0.095"/>
  <testcase name="testUpdateCourseGroups_InExternalCiUserManagement_failToAddUser()" classname="de.tum.cit.aet.artemis.programming.CourseGitlabJenkinsIntegrationTest" time="0.142"/>
  <testcase name="testUpdateCourse_withExternalUserManagement_vcsUserManagementHasNotBeenCalled()" classname="de.tum.cit.aet.artemis.programming.CourseGitlabJenkinsIntegrationTest" time="0.101"/>
  <testcase name="testEditCourseWithPermission()" classname="de.tum.cit.aet.artemis.programming.CourseGitlabJenkinsIntegrationTest" time="0.091"/>
  <testcase name="testGetExerciseStatsForCourseOverviewWithPastExercises()" classname="de.tum.cit.aet.artemis.programming.CourseGitlabJenkinsIntegrationTest" time="0.106"/>
  <testcase name="testGetAllGroupsForAllCourses()" classname="de.tum.cit.aet.artemis.programming.CourseGitlabJenkinsIntegrationTest" time="0.108"/>
  <testcase name="searchUsersInCourse_searchForStudentsTutorsEditorsAndInstructors_shouldReturnUsersMatchingSearchTerm()" classname="de.tum.cit.aet.artemis.programming.CourseGitlabJenkinsIntegrationTest" time="0.089"/>
  <testcase name="testCreateCourseWithInvalidStartAndEndDate()" classname="de.tum.cit.aet.artemis.programming.CourseGitlabJenkinsIntegrationTest" time="0.064"/>
  <system-out><![CDATA[  Starting logs for ContentVersionIntegrationTest > testContentVersionHeaderIsSetCorrectly()
    23:44:17.961 | 181 Pool-1-worker-74 | DEBUG | d.t.c.a.a.c.u.util.UserUtilService   : Generate 1 students...
    23:44:17.963 | 181 Pool-1-worker-74 | DEBUG | d.t.c.a.a.c.u.util.UserUtilService   : 1 students generated. Generate 0 tutors...
    23:44:17.964 | 181 Pool-1-worker-74 | DEBUG | d.t.c.a.a.c.u.util.UserUtilService   : 0 tutors generated. Generate 0 editors...
    23:44:17.965 | 181 Pool-1-worker-74 | DEBUG | d.t.c.a.a.c.u.util.UserUtilService   : 0 editors generated. Generate 0 instructors...
    23:44:17.967 | 181 Pool-1-worker-74 | DEBUG | d.t.c.a.a.c.u.util.UserUtilService   : 0 instructors generated
    23:44:17.968 | 181 Pool-1-worker-74 | DEBUG | d.t.c.a.a.c.u.util.UserUtilService   : Removing 2 users from all courses...
    23:44:17.969 | 181 Pool-1-worker-74 | DEBUG | d.t.c.a.a.c.u.util.UserUtilService   : Removing 2 users from all courses. Done
    23:44:17.969 | 181 Pool-1-worker-74 | DEBUG | d.t.c.a.a.c.u.util.UserUtilService   : Save 1 users to database...
    23:44:17.970 | 181 Pool-1-worker-74 | DEBUG | d.t.c.a.a.c.u.util.UserUtilService   : Save 1 users to database. Done
    23:44:17.970 | 181 Pool-1-worker-74 | INFO  | i.z.t.d.l.EmbeddedDatabaseReporter   : JDBC URL to connect to 'dataSource': url='jdbc:h2:tcp://localhost:41063/mem:df70fc46-7e57-4cb5-9cd0-c1d90c14afa7;USER=sa', scope='ContentVersionIntegrationTest#testContentVersionHeaderIsSetCorrectly'
    23:44:17.971 | 181 Pool-1-worker-74 | DEBUG | d.t.c.a.a.c.s.f.ApiVersionFilter     : Adding Version to Request GET /api/public/account
    23:44:17.975 | 181 Pool-1-worker-74 | DEBUG | .t.c.a.a.c.w.o.PublicAccountResource : GET /account contentversionstudent1 took 3ms

Finished logs for ContentVersionIntegrationTest

  Starting logs for ImprintResourceIntegrationTest > [2] language=GERMAN
    23:44:20.743 | 185 Pool-1-worker-78 | INFO  | i.z.t.d.l.EmbeddedDatabaseReporter   : JDBC URL to connect to 'dataSource': url='jdbc:h2:tcp://localhost:41063/mem:df70fc46-7e57-4cb5-9cd0-c1d90c14afa7;USER=sa', scope='ImprintResourceIntegrationTest#testGetImprintForUpdateReturnsCorrectFileContent'
    23:44:20.744 | 185 Pool-1-worker-78 | DEBUG | d.t.c.a.a.c.s.f.ApiVersionFilter     : Adding Version to Request GET /api/admin/imprint-for-update

  Starting logs for ImprintResourceIntegrationTest > testGetImprint_cannotReadFileInternalServerError()
    23:44:20.784 | 185 Pool-1-worker-78 | INFO  | i.z.t.d.l.EmbeddedDatabaseReporter   : JDBC URL to connect to 'dataSource': url='jdbc:h2:tcp://localhost:41063/mem:df70fc46-7e57-4cb5-9cd0-c1d90c14afa7;USER=sa', scope='ImprintResourceIntegrationTest#testGetImprint_cannotReadFileInternalServerError'
    23:44:20.788 | 185 Pool-1-worker-78 | DEBUG | d.t.c.a.a.c.s.f.ApiVersionFilter     : Adding Version to Request GET /api/public/imprint
    23:44:20.790 | 185 Pool-1-worker-78 | ERROR | d.t.c.a.a.c.s.LegalDocumentService   : Could not read IMPRINT file for language GERMAN:null
java.io.IOException: null
	at java.base/java.nio.file.Files.readString(Files.java:3318)
	at de.tum.cit.aet.artemis.core.service.LegalDocumentService.readLegalDocument(LegalDocumentService.java:145)
	at de.tum.cit.aet.artemis.core.service.LegalDocumentService.getLegalDocument(LegalDocumentService.java:132)
	at de.tum.cit.aet.artemis.core.service.LegalDocumentService.getImprint(LegalDocumentService.java:67)
	at de.tum.cit.aet.artemis.core.web.open.PublicImprintResource.getImprint(PublicImprintResource.java:46)
	at java.base/jdk.internal.reflect.DirectMethodHandleAccessor.invoke(DirectMethodHandleAccessor.java:103)
	at java.base/java.lang.reflect.Method.invoke(Method.java:580)
	at org.springframework.aop.support.AopUtils.invokeJoinpointUsingReflection(AopUtils.java:359)
	at org.springframework.aop.framework.ReflectiveMethodInvocation.invokeJoinpoint(ReflectiveMethodInvocation.java:196)
	at org.springframework.aop.framework.ReflectiveMethodInvocation.proceed(ReflectiveMethodInvocation.java:163)
	at org.springframework.security.authorization.method.AuthorizationManagerBeforeMethodInterceptor.proceed(AuthorizationManagerBeforeMethodInterceptor.java:268)
	at org.springframework.security.authorization.method.AuthorizationManagerBeforeMethodInterceptor.attemptAuthorization(AuthorizationManagerBeforeMethodInterceptor.java:263)
	at org.springframework.security.authorization.method.AuthorizationManagerBeforeMethodInterceptor.invoke(AuthorizationManagerBeforeMethodInterceptor.java:196)
	at org.springframework.security.config.annotation.method.configuration.DeferringMethodInterceptor.invoke(DeferringMethodInterceptor.java:44)
	at org.springframework.aop.framework.ReflectiveMethodInvocation.proceed(ReflectiveMethodInvocation.java:184)
	at org.springframework.aop.framework.CglibAopProxy$DynamicAdvisedInterceptor.intercept(CglibAopProxy.java:727)
	at de.tum.cit.aet.artemis.core.web.open.PublicImprintResource$$SpringCGLIB$$0.getImprint(<generated>)
	at java.base/jdk.internal.reflect.DirectMethodHandleAccessor.invoke(DirectMethodHandleAccessor.java:103)
	at java.base/java.lang.reflect.Method.invoke(Method.java:580)
	at org.springframework.web.method.support.InvocableHandlerMethod.doInvoke(InvocableHandlerMethod.java:257)
	at org.springframework.web.method.support.InvocableHandlerMethod.invokeForRequest(InvocableHandlerMethod.java:190)
	at org.springframework.web.servlet.mvc.method.annotation.ServletInvocableHandlerMethod.invokeAndHandle(ServletInvocableHandlerMethod.java:118)
	at org.springframework.web.servlet.mvc.method.annotation.RequestMappingHandlerAdapter.invokeHandlerMethod(RequestMappingHandlerAdapter.java:986)
	at org.springframework.web.servlet.mvc.method.annotation.RequestMappingHandlerAdapter.handleInternal(RequestMappingHandlerAdapter.java:891)
	at org.springframework.web.servlet.mvc.method.AbstractHandlerMethodAdapter.handle(AbstractHandlerMethodAdapter.java:87)
	at org.springframework.web.servlet.DispatcherServlet.doDispatch(DispatcherServlet.java:1088)
	at org.springframework.web.servlet.DispatcherServlet.doService(DispatcherServlet.java:978)
	at org.springframework.web.servlet.FrameworkServlet.processRequest(FrameworkServlet.java:1014)
	at org.springframework.web.servlet.FrameworkServlet.doGet(FrameworkServlet.java:903)
	at jakarta.servlet.http.HttpServlet.service(HttpServlet.java:527)
	at org.springframework.web.servlet.FrameworkServlet.service(FrameworkServlet.java:885)
	at org.springframework.test.web.servlet.TestDispatcherServlet.service(TestDispatcherServlet.java:72)
	at jakarta.servlet.http.HttpServlet.service(HttpServlet.java:614)
	at org.springframework.mock.web.MockFilterChain$ServletFilterProxy.doFilter(MockFilterChain.java:165)
	at org.springframework.mock.web.MockFilterChain.doFilter(MockFilterChain.java:132)
	at org.springframework.web.filter.OncePerRequestFilter.doFilter(OncePerRequestFilter.java:110)
	at org.springframework.test.web.servlet.setup.MockMvcFilterDecorator.doFilter(MockMvcFilterDecorator.java:162)
	at org.springframework.mock.web.MockFilterChain.doFilter(MockFilterChain.java:132)
	at de.tum.cit.aet.artemis.core.security.filter.ApiVersionFilter.doFilter(ApiVersionFilter.java:55)
	at org.springframework.test.web.servlet.setup.MockMvcFilterDecorator.doFilter(MockMvcFilterDecorator.java:162)
	at org.springframework.mock.web.MockFilterChain.doFilter(MockFilterChain.java:132)
	at io.sentry.spring.jakarta.SentryUserFilter.doFilterInternal(SentryUserFilter.java:56)
	at org.springframework.web.filter.OncePerRequestFilter.doFilter(OncePerRequestFilter.java:116)
	at org.springframework.test.web.servlet.setup.MockMvcFilterDecorator.doFilter(MockMvcFilterDecorator.java:162)
	at org.springframework.mock.web.MockFilterChain.doFilter(MockFilterChain.java:132)
	at org.springframework.web.filter.CompositeFilter$VirtualFilterChain.doFilter(CompositeFilter.java:108)
	at org.springframework.security.web.FilterChainProxy.lambda$doFilterInternal$3(FilterChainProxy.java:231)
	at org.springframework.security.web.ObservationFilterChainDecorator$FilterObservation$SimpleFilterObservation.lambda$wrap$1(ObservationFilterChainDecorator.java:479)
	at org.springframework.security.web.ObservationFilterChainDecorator$AroundFilterObservation$SimpleAroundFilterObservation.lambda$wrap$1(ObservationFilterChainDecorator.java:340)
	at org.springframework.security.web.ObservationFilterChainDecorator.lambda$wrapSecured$0(ObservationFilterChainDecorator.java:82)
	at org.springframework.security.web.ObservationFilterChainDecorator$VirtualFilterChain.doFilter(ObservationFilterChainDecorator.java:128)
	at org.springframework.security.web.access.intercept.AuthorizationFilter.doFilter(AuthorizationFilter.java:101)
	at org.springframework.security.web.ObservationFilterChainDecorator$ObservationFilter.wrapFilter(ObservationFilterChainDecorator.java:240)
	at org.springframework.security.web.ObservationFilterChainDecorator$ObservationFilter.doFilter(ObservationFilterChainDecorator.java:227)
	at org.springframework.security.web.ObservationFilterChainDecorator$VirtualFilterChain.doFilter(ObservationFilterChainDecorator.java:137)
	at org.springframework.security.web.access.ExceptionTranslationFilter.doFilter(ExceptionTranslationFilter.java:126)
	at org.springframework.security.web.access.ExceptionTranslationFilter.doFilter(ExceptionTranslationFilter.java:120)
	at org.springframework.security.web.ObservationFilterChainDecorator$ObservationFilter.wrapFilter(ObservationFilterChainDecorator.java:240)
	at org.springframework.security.web.ObservationFilterChainDecorator$ObservationFilter.doFilter(ObservationFilterChainDecorator.java:227)
	at org.springframework.security.web.ObservationFilterChainDecorator$VirtualFilterChain.doFilter(ObservationFilterChainDecorator.java:137)
	at org.springframework.security.web.session.SessionManagementFilter.doFilter(SessionManagementFilter.java:131)
	at org.springframework.security.web.session.SessionManagementFilter.doFilter(SessionManagementFilter.java:85)
	at org.springframework.security.web.ObservationFilterChainDecorator$ObservationFilter.wrapFilter(ObservationFilterChainDecorator.java:240)
	at org.springframework.security.web.ObservationFilterChainDecorator$ObservationFilter.doFilter(ObservationFilterChainDecorator.java:227)
	at org.springframework.security.web.ObservationFilterChainDecorator$VirtualFilterChain.doFilter(ObservationFilterChainDecorator.java:137)
	at org.springframework.security.web.authentication.AnonymousAuthenticationFilter.doFilter(AnonymousAuthenticationFilter.java:100)
	at org.springframework.security.web.ObservationFilterChainDecorator$ObservationFilter.wrapFilter(ObservationFilterChainDecorator.java:240)
	at org.springframework.security.web.ObservationFilterChainDecorator$ObservationFilter.doFilter(ObservationFilterChainDecorator.java:227)
	at org.springframework.security.web.ObservationFilterChainDecorator$VirtualFilterChain.doFilter(ObservationFilterChainDecorator.java:137)
	at org.springframework.security.web.servletapi.SecurityContextHolderAwareRequestFilter.doFilter(SecurityContextHolderAwareRequestFilter.java:179)
	at org.springframework.security.web.ObservationFilterChainDecorator$ObservationFilter.wrapFilter(ObservationFilterChainDecorator.java:240)
	at org.springframework.security.web.ObservationFilterChainDecorator$ObservationFilter.doFilter(ObservationFilterChainDecorator.java:227)
	at org.springframework.security.web.ObservationFilterChainDecorator$VirtualFilterChain.doFilter(ObservationFilterChainDecorator.java:137)
	at org.springframework.security.web.savedrequest.RequestCacheAwareFilter.doFilter(RequestCacheAwareFilter.java:63)
	at org.springframework.security.web.ObservationFilterChainDecorator$ObservationFilter.wrapFilter(ObservationFilterChainDecorator.java:240)
	at org.springframework.security.web.ObservationFilterChainDecorator$ObservationFilter.doFilter(ObservationFilterChainDecorator.java:227)
	at org.springframework.security.web.ObservationFilterChainDecorator$VirtualFilterChain.doFilter(ObservationFilterChainDecorator.java:137)
	at de.tum.cit.aet.artemis.core.security.filter.SpaWebFilter.doFilterInternal(SpaWebFilter.java:23)
	at org.springframework.web.filter.OncePerRequestFilter.doFilter(OncePerRequestFilter.java:116)
	at org.springframework.security.web.ObservationFilterChainDecorator$ObservationFilter.wrapFilter(ObservationFilterChainDecorator.java:240)
	at org.springframework.security.web.ObservationFilterChainDecorator$ObservationFilter.doFilter(ObservationFilterChainDecorator.java:227)
	at org.springframework.security.web.ObservationFilterChainDecorator$VirtualFilterChain.doFilter(ObservationFilterChainDecorator.java:137)
	at org.springframework.web.filter.OncePerRequestFilter.doFilter(OncePerRequestFilter.java:110)
	at org.springframework.security.web.ObservationFilterChainDecorator$ObservationFilter.wrapFilter(ObservationFilterChainDecorator.java:240)
	at org.springframework.security.web.ObservationFilterChainDecorator$ObservationFilter.doFilter(ObservationFilterChainDecorator.java:227)
	at org.springframework.security.web.ObservationFilterChainDecorator$VirtualFilterChain.doFilter(ObservationFilterChainDecorator.java:137)
	at de.tum.cit.aet.artemis.lti.config.Lti13LaunchFilter.doFilterInternal(Lti13LaunchFilter.java:60)
	at org.springframework.web.filter.OncePerRequestFilter.doFilter(OncePerRequestFilter.java:116)
	at org.springframework.security.web.ObservationFilterChainDecorator$ObservationFilter.wrapFilter(ObservationFilterChainDecorator.java:240)
	at org.springframework.security.web.ObservationFilterChainDecorator$ObservationFilter.doFilter(ObservationFilterChainDecorator.java:227)
	at org.springframework.security.web.ObservationFilterChainDecorator$VirtualFilterChain.doFilter(ObservationFilterChainDecorator.java:137)
	at de.tum.cit.aet.artemis.core.security.jwt.JWTFilter.doFilter(JWTFilter.java:55)
	at org.springframework.security.web.ObservationFilterChainDecorator$ObservationFilter.wrapFilter(ObservationFilterChainDecorator.java:240)
	at org.springframework.security.web.ObservationFilterChainDecorator$ObservationFilter.doFilter(ObservationFilterChainDecorator.java:227)
	at org.springframework.security.web.ObservationFilterChainDecorator$VirtualFilterChain.doFilter(ObservationFilterChainDecorator.java:137)
	at de.tum.cit.aet.artemis.core.security.jwt.JWTFilter.doFilter(JWTFilter.java:55)
	at org.springframework.security.web.ObservationFilterChainDecorator$ObservationFilter.wrapFilter(ObservationFilterChainDecorator.java:240)
	at org.springframework.security.web.ObservationFilterChainDecorator$ObservationFilter.doFilter(ObservationFilterChainDecorator.java:227)
	at org.springframework.security.web.ObservationFilterChainDecorator$VirtualFilterChain.doFilter(ObservationFilterChainDecorator.java:137)
	at org.springframework.web.filter.CorsFilter.doFilterInternal(CorsFilter.java:91)
	at org.springframework.web.filter.OncePerRequestFilter.doFilter(OncePerRequestFilter.java:116)
	at org.springframework.security.web.ObservationFilterChainDecorator$ObservationFilter.wrapFilter(ObservationFilterChainDecorator.java:240)
	at org.springframework.security.web.ObservationFilterChainDecorator$ObservationFilter.doFilter(ObservationFilterChainDecorator.java:227)
	at org.springframework.security.web.ObservationFilterChainDecorator$VirtualFilterChain.doFilter(ObservationFilterChainDecorator.java:137)
	at org.springframework.web.filter.OncePerRequestFilter.doFilter(OncePerRequestFilter.java:110)
	at org.springframework.security.web.ObservationFilterChainDecorator$ObservationFilter.wrapFilter(ObservationFilterChainDecorator.java:240)
	at org.springframework.security.web.ObservationFilterChainDecorator$ObservationFilter.doFilter(ObservationFilterChainDecorator.java:227)
	at org.springframework.security.web.ObservationFilterChainDecorator$VirtualFilterChain.doFilter(ObservationFilterChainDecorator.java:137)
	at uk.ac.ox.ctl.lti13.security.oauth2.client.lti.web.OAuth2AuthorizationRequestRedirectFilter.doFilterInternal(OAuth2AuthorizationRequestRedirectFilter.java:142)
	at org.springframework.web.filter.OncePerRequestFilter.doFilter(OncePerRequestFilter.java:116)
	at org.springframework.security.web.ObservationFilterChainDecorator$ObservationFilter.wrapFilter(ObservationFilterChainDecorator.java:240)
	at org.springframework.security.web.ObservationFilterChainDecorator$ObservationFilter.doFilter(ObservationFilterChainDecorator.java:227)
	at org.springframework.security.web.ObservationFilterChainDecorator$VirtualFilterChain.doFilter(ObservationFilterChainDecorator.java:137)
	at org.springframework.security.web.authentication.logout.LogoutFilter.doFilter(LogoutFilter.java:107)
	at org.springframework.security.web.authentication.logout.LogoutFilter.doFilter(LogoutFilter.java:93)
	at org.springframework.security.web.ObservationFilterChainDecorator$ObservationFilter.wrapFilter(ObservationFilterChainDecorator.java:240)
	at org.springframework.security.web.ObservationFilterChainDecorator$ObservationFilter.doFilter(ObservationFilterChainDecorator.java:227)
	at org.springframework.security.web.ObservationFilterChainDecorator$VirtualFilterChain.doFilter(ObservationFilterChainDecorator.java:137)
	at org.springframework.security.web.header.HeaderWriterFilter.doHeadersAfter(HeaderWriterFilter.java:90)
	at org.springframework.security.web.header.HeaderWriterFilter.doFilterInternal(HeaderWriterFilter.java:75)
	at org.springframework.web.filter.OncePerRequestFilter.doFilter(OncePerRequestFilter.java:116)
	at org.springframework.security.web.ObservationFilterChainDecorator$ObservationFilter.wrapFilter(ObservationFilterChainDecorator.java:240)
	at org.springframework.security.web.ObservationFilterChainDecorator$ObservationFilter.doFilter(ObservationFilterChainDecorator.java:227)
	at org.springframework.security.web.ObservationFilterChainDecorator$VirtualFilterChain.doFilter(ObservationFilterChainDecorator.java:137)
	at org.springframework.security.web.context.SecurityContextHolderFilter.doFilter(SecurityContextHolderFilter.java:82)
	at org.springframework.security.web.context.SecurityContextHolderFilter.doFilter(SecurityContextHolderFilter.java:69)
	at org.springframework.security.web.ObservationFilterChainDecorator$ObservationFilter.wrapFilter(ObservationFilterChainDecorator.java:240)
	at org.springframework.security.web.ObservationFilterChainDecorator$ObservationFilter.doFilter(ObservationFilterChainDecorator.java:227)
	at org.springframework.security.web.ObservationFilterChainDecorator$VirtualFilterChain.doFilter(ObservationFilterChainDecorator.java:137)
	at org.springframework.security.web.context.request.async.WebAsyncManagerIntegrationFilter.doFilterInternal(WebAsyncManagerIntegrationFilter.java:62)
	at org.springframework.web.filter.OncePerRequestFilter.doFilter(OncePerRequestFilter.java:116)
	at org.springframework.security.web.ObservationFilterChainDecorator$ObservationFilter.wrapFilter(ObservationFilterChainDecorator.java:240)
	at org.springframework.security.web.ObservationFilterChainDecorator$ObservationFilter.doFilter(ObservationFilterChainDecorator.java:227)
	at org.springframework.security.web.ObservationFilterChainDecorator$VirtualFilterChain.doFilter(ObservationFilterChainDecorator.java:137)
	at org.springframework.security.web.session.DisableEncodeUrlFilter.doFilterInternal(DisableEncodeUrlFilter.java:42)
	at org.springframework.web.filter.OncePerRequestFilter.doFilter(OncePerRequestFilter.java:116)
	at org.springframework.security.web.ObservationFilterChainDecorator$ObservationFilter.wrapFilter(ObservationFilterChainDecorator.java:240)
	at org.springframework.security.web.ObservationFilterChainDecorator$AroundFilterObservation$SimpleAroundFilterObservation.lambda$wrap$0(ObservationFilterChainDecorator.java:323)
	at org.springframework.security.web.ObservationFilterChainDecorator$ObservationFilter.doFilter(ObservationFilterChainDecorator.java:224)
	at org.springframework.security.web.ObservationFilterChainDecorator$VirtualFilterChain.doFilter(ObservationFilterChainDecorator.java:137)
	at org.springframework.security.web.FilterChainProxy.doFilterInternal(FilterChainProxy.java:233)
	at org.springframework.security.web.FilterChainProxy.doFilter(FilterChainProxy.java:191)
	at org.springframework.web.filter.CompositeFilter$VirtualFilterChain.doFilter(CompositeFilter.java:113)
	at org.springframework.web.servlet.handler.HandlerMappingIntrospector.lambda$createCacheFilter$3(HandlerMappingIntrospector.java:243)
	at org.springframework.web.filter.CompositeFilter$VirtualFilterChain.doFilter(CompositeFilter.java:113)
	at org.springframework.web.filter.CompositeFilter.doFilter(CompositeFilter.java:74)
	at org.springframework.security.config.annotation.web.configuration.WebMvcSecurityConfiguration$CompositeFilterChainProxy.doFilter(WebMvcSecurityConfiguration.java:238)
	at org.springframework.web.filter.DelegatingFilterProxy.invokeDelegate(DelegatingFilterProxy.java:362)
	at org.springframework.web.filter.DelegatingFilterProxy.doFilter(DelegatingFilterProxy.java:278)
	at org.springframework.test.web.servlet.setup.MockMvcFilterDecorator.doFilter(MockMvcFilterDecorator.java:162)
	at org.springframework.mock.web.MockFilterChain.doFilter(MockFilterChain.java:132)
	at org.springframework.web.filter.RequestContextFilter.doFilterInternal(RequestContextFilter.java:100)
	at org.springframework.web.filter.OncePerRequestFilter.doFilter(OncePerRequestFilter.java:116)
	at org.springframework.test.web.servlet.setup.MockMvcFilterDecorator.doFilter(MockMvcFilterDecorator.java:162)
	at org.springframework.mock.web.MockFilterChain.doFilter(MockFilterChain.java:132)
	at org.springframework.web.filter.FormContentFilter.doFilterInternal(FormContentFilter.java:93)
	at org.springframework.web.filter.OncePerRequestFilter.doFilter(OncePerRequestFilter.java:116)
	at org.springframework.test.web.servlet.setup.MockMvcFilterDecorator.doFilter(MockMvcFilterDecorator.java:162)
	at org.springframework.mock.web.MockFilterChain.doFilter(MockFilterChain.java:132)
	at org.springframework.web.filter.ServerHttpObservationFilter.doFilterInternal(ServerHttpObservationFilter.java:114)
	at org.springframework.web.filter.OncePerRequestFilter.doFilter(OncePerRequestFilter.java:116)
	at org.springframework.test.web.servlet.setup.MockMvcFilterDecorator.doFilter(MockMvcFilterDecorator.java:162)
	at org.springframework.mock.web.MockFilterChain.doFilter(MockFilterChain.java:132)
	at io.sentry.spring.jakarta.tracing.SentryTracingFilter.doFilterInternal(SentryTracingFilter.java:91)
	at org.springframework.web.filter.OncePerRequestFilter.doFilter(OncePerRequestFilter.java:116)
	at org.springframework.test.web.servlet.setup.MockMvcFilterDecorator.doFilter(MockMvcFilterDecorator.java:162)
	at org.springframework.mock.web.MockFilterChain.doFilter(MockFilterChain.java:132)
	at org.springframework.web.filter.CharacterEncodingFilter.doFilterInternal(CharacterEncodingFilter.java:201)
	at org.springframework.web.filter.OncePerRequestFilter.doFilter(OncePerRequestFilter.java:116)
	at org.springframework.test.web.servlet.setup.MockMvcFilterDecorator.doFilter(MockMvcFilterDecorator.java:162)
	at org.springframework.mock.web.MockFilterChain.doFilter(MockFilterChain.java:132)
	at io.sentry.spring.jakarta.SentrySpringFilter.doFilterInternal(SentrySpringFilter.java:76)
	at org.springframework.web.filter.OncePerRequestFilter.doFilter(OncePerRequestFilter.java:116)
	at org.springframework.test.web.servlet.setup.MockMvcFilterDecorator.doFilter(MockMvcFilterDecorator.java:162)
	at org.springframework.mock.web.MockFilterChain.doFilter(MockFilterChain.java:132)
	at org.springframework.test.web.servlet.MockMvc.perform(MockMvc.java:201)
	at de.tum.cit.aet.artemis.core.util.RequestUtilService.performMvcRequest(RequestUtilService.java:79)
	at de.tum.cit.aet.artemis.core.util.RequestUtilService.get(RequestUtilService.java:656)
	at de.tum.cit.aet.artemis.core.util.RequestUtilService.get(RequestUtilService.java:622)
	at de.tum.cit.aet.artemis.core.util.RequestUtilService.get(RequestUtilService.java:600)
	at de.tum.cit.aet.artemis.core.ImprintResourceIntegrationTest.testGetImprint_cannotReadFileInternalServerError(ImprintResourceIntegrationTest.java:45)
	at java.base/jdk.internal.reflect.DirectMethodHandleAccessor.invoke(DirectMethodHandleAccessor.java:103)
	at java.base/java.lang.reflect.Method.invoke(Method.java:580)
	at org.junit.platform.commons.util.ReflectionUtils.invokeMethod(ReflectionUtils.java:767)
	at org.junit.jupiter.engine.execution.MethodInvocation.proceed(MethodInvocation.java:60)
	at org.junit.jupiter.engine.execution.InvocationInterceptorChain$ValidatingInvocation.proceed(InvocationInterceptorChain.java:131)
	at org.junit.jupiter.engine.extension.TimeoutExtension.intercept(TimeoutExtension.java:156)
	at org.junit.jupiter.engine.extension.TimeoutExtension.interceptTestableMethod(TimeoutExtension.java:147)
	at org.junit.jupiter.engine.extension.TimeoutExtension.interceptTestMethod(TimeoutExtension.java:86)
	at org.junit.jupiter.engine.execution.InterceptingExecutableInvoker$ReflectiveInterceptorCall.lambda$ofVoidMethod$0(InterceptingExecutableInvoker.java:103)
	at org.junit.jupiter.engine.execution.InterceptingExecutableInvoker.lambda$invoke$0(InterceptingExecutableInvoker.java:93)
	at org.junit.jupiter.engine.execution.InvocationInterceptorChain$InterceptedInvocation.proceed(InvocationInterceptorChain.java:106)
	at org.junit.jupiter.engine.execution.InvocationInterceptorChain.proceed(InvocationInterceptorChain.java:64)
	at org.junit.jupiter.engine.execution.InvocationInterceptorChain.chainAndInvoke(InvocationInterceptorChain.java:45)
	at org.junit.jupiter.engine.execution.InvocationInterceptorChain.invoke(InvocationInterceptorChain.java:37)
	at org.junit.jupiter.engine.execution.InterceptingExecutableInvoker.invoke(InterceptingExecutableInvoker.java:92)
	at org.junit.jupiter.engine.execution.InterceptingExecutableInvoker.invoke(InterceptingExecutableInvoker.java:86)
	at org.junit.jupiter.engine.descriptor.TestMethodTestDescriptor.lambda$invokeTestMethod$8(TestMethodTestDescriptor.java:217)
	at org.junit.platform.engine.support.hierarchical.ThrowableCollector.execute(ThrowableCollector.java:73)
	at org.junit.jupiter.engine.descriptor.TestMethodTestDescriptor.invokeTestMethod(TestMethodTestDescriptor.java:213)
	at org.junit.jupiter.engine.descriptor.TestMethodTestDescriptor.execute(TestMethodTestDescriptor.java:138)
	at org.junit.jupiter.engine.descriptor.TestMethodTestDescriptor.execute(TestMethodTestDescriptor.java:68)
	at org.junit.platform.engine.support.hierarchical.NodeTestTask.lambda$executeRecursively$6(NodeTestTask.java:156)
	at org.junit.platform.engine.support.hierarchical.ThrowableCollector.execute(ThrowableCollector.java:73)
	at org.junit.platform.engine.support.hierarchical.NodeTestTask.lambda$executeRecursively$8(NodeTestTask.java:146)
	at org.junit.platform.engine.support.hierarchical.Node.around(Node.java:137)
	at org.junit.platform.engine.support.hierarchical.NodeTestTask.lambda$executeRecursively$9(NodeTestTask.java:144)
	at org.junit.platform.engine.support.hierarchical.ThrowableCollector.execute(ThrowableCollector.java:73)
	at org.junit.platform.engine.support.hierarchical.NodeTestTask.executeRecursively(NodeTestTask.java:143)
	at org.junit.platform.engine.support.hierarchical.NodeTestTask.execute(NodeTestTask.java:100)
	at org.junit.platform.engine.support.hierarchical.ForkJoinPoolHierarchicalTestExecutorService$ExclusiveTask.exec(ForkJoinPoolHierarchicalTestExecutorService.java:274)
	at org.junit.platform.engine.support.hierarchical.ForkJoinPoolHierarchicalTestExecutorService$ExclusiveTask.execSync(ForkJoinPoolHierarchicalTestExecutorService.java:247)
	at org.junit.platform.engine.support.hierarchical.ForkJoinPoolHierarchicalTestExecutorService.executeSync(ForkJoinPoolHierarchicalTestExecutorService.java:194)
	at org.junit.platform.engine.support.hierarchical.ForkJoinPoolHierarchicalTestExecutorService.invokeAll(ForkJoinPoolHierarchicalTestExecutorService.java:166)
	at org.junit.platform.engine.support.hierarchical.NodeTestTask.lambda$executeRecursively$6(NodeTestTask.java:160)
	at org.junit.platform.engine.support.hierarchical.ThrowableCollector.execute(ThrowableCollector.java:73)
	at org.junit.platform.engine.support.hierarchical.NodeTestTask.lambda$executeRecursively$8(NodeTestTask.java:146)
	at org.junit.platform.engine.support.hierarchical.Node.around(Node.java:137)
	at org.junit.platform.engine.support.hierarchical.NodeTestTask.lambda$executeRecursively$9(NodeTestTask.java:144)
	at org.junit.platform.engine.support.hierarchical.ThrowableCollector.execute(ThrowableCollector.java:73)
	at org.junit.platform.engine.support.hierarchical.NodeTestTask.executeRecursively(NodeTestTask.java:143)
	at org.junit.platform.engine.support.hierarchical.NodeTestTask.execute(NodeTestTask.java:100)
	at org.junit.platform.engine.support.hierarchical.ForkJoinPoolHierarchicalTestExecutorService$ExclusiveTask.exec(ForkJoinPoolHierarchicalTestExecutorService.java:274)
	at java.base/java.util.concurrent.ForkJoinTask.doExec(ForkJoinTask.java:387)
	at java.base/java.util.concurrent.ForkJoinPool$WorkQueue.topLevelExec(ForkJoinPool.java:1312)
	at java.base/java.util.concurrent.ForkJoinPool.scan(ForkJoinPool.java:1843)
	at java.base/java.util.concurrent.ForkJoinPool.runWorker(ForkJoinPool.java:1808)
	at java.base/java.util.concurrent.ForkJoinWorkerThread.run(ForkJoinWorkerThread.java:188)
    23:44:20.791 | 185 Pool-1-worker-78 | ERROR | o.z.p.spring.common.AdviceTraits     : Internal Server Error
de.tum.cit.aet.artemis.core.exception.InternalServerErrorException: Could not read IMPRINT file for language GERMAN
	at de.tum.cit.aet.artemis.core.service.LegalDocumentService.readLegalDocument(LegalDocumentService.java:149)
	at de.tum.cit.aet.artemis.core.service.LegalDocumentService.getLegalDocument(LegalDocumentService.java:132)
	at de.tum.cit.aet.artemis.core.service.LegalDocumentService.getImprint(LegalDocumentService.java:67)
	at de.tum.cit.aet.artemis.core.web.open.PublicImprintResource.getImprint(PublicImprintResource.java:46)
	at java.base/jdk.internal.reflect.DirectMethodHandleAccessor.invoke(DirectMethodHandleAccessor.java:103)
	at java.base/java.lang.reflect.Method.invoke(Method.java:580)
	at org.springframework.aop.support.AopUtils.invokeJoinpointUsingReflection(AopUtils.java:359)
	at org.springframework.aop.framework.ReflectiveMethodInvocation.invokeJoinpoint(ReflectiveMethodInvocation.java:196)
	at org.springframework.aop.framework.ReflectiveMethodInvocation.proceed(ReflectiveMethodInvocation.java:163)
	at org.springframework.security.authorization.method.AuthorizationManagerBeforeMethodInterceptor.proceed(AuthorizationManagerBeforeMethodInterceptor.java:268)
	at org.springframework.security.authorization.method.AuthorizationManagerBeforeMethodInterceptor.attemptAuthorization(AuthorizationManagerBeforeMethodInterceptor.java:263)
	at org.springframework.security.authorization.method.AuthorizationManagerBeforeMethodInterceptor.invoke(AuthorizationManagerBeforeMethodInterceptor.java:196)
	at org.springframework.security.config.annotation.method.configuration.DeferringMethodInterceptor.invoke(DeferringMethodInterceptor.java:44)
	at org.springframework.aop.framework.ReflectiveMethodInvocation.proceed(ReflectiveMethodInvocation.java:184)
	at org.springframework.aop.framework.CglibAopProxy$DynamicAdvisedInterceptor.intercept(CglibAopProxy.java:727)
	at de.tum.cit.aet.artemis.core.web.open.PublicImprintResource$$SpringCGLIB$$0.getImprint(<generated>)
	at java.base/jdk.internal.reflect.DirectMethodHandleAccessor.invoke(DirectMethodHandleAccessor.java:103)
	at java.base/java.lang.reflect.Method.invoke(Method.java:580)
	at org.springframework.web.method.support.InvocableHandlerMethod.doInvoke(InvocableHandlerMethod.java:257)
	at org.springframework.web.method.support.InvocableHandlerMethod.invokeForRequest(InvocableHandlerMethod.java:190)
	at org.springframework.web.servlet.mvc.method.annotation.ServletInvocableHandlerMethod.invokeAndHandle(ServletInvocableHandlerMethod.java:118)
	at org.springframework.web.servlet.mvc.method.annotation.RequestMappingHandlerAdapter.invokeHandlerMethod(RequestMappingHandlerAdapter.java:986)
	at org.springframework.web.servlet.mvc.method.annotation.RequestMappingHandlerAdapter.handleInternal(RequestMappingHandlerAdapter.java:891)
	at org.springframework.web.servlet.mvc.method.AbstractHandlerMethodAdapter.handle(AbstractHandlerMethodAdapter.java:87)
	at org.springframework.web.servlet.DispatcherServlet.doDispatch(DispatcherServlet.java:1088)
	at org.springframework.web.servlet.DispatcherServlet.doService(DispatcherServlet.java:978)
	at org.springframework.web.servlet.FrameworkServlet.processRequest(FrameworkServlet.java:1014)
	at org.springframework.web.servlet.FrameworkServlet.doGet(FrameworkServlet.java:903)
	at jakarta.servlet.http.HttpServlet.service(HttpServlet.java:527)
	at org.springframework.web.servlet.FrameworkServlet.service(FrameworkServlet.java:885)
	at org.springframework.test.web.servlet.TestDispatcherServlet.service(TestDispatcherServlet.java:72)
	at jakarta.servlet.http.HttpServlet.service(HttpServlet.java:614)
	at org.springframework.mock.web.MockFilterChain$ServletFilterProxy.doFilter(MockFilterChain.java:165)
	at org.springframework.mock.web.MockFilterChain.doFilter(MockFilterChain.java:132)
	at org.springframework.web.filter.OncePerRequestFilter.doFilter(OncePerRequestFilter.java:110)
	at org.springframework.test.web.servlet.setup.MockMvcFilterDecorator.doFilter(MockMvcFilterDecorator.java:162)
	at org.springframework.mock.web.MockFilterChain.doFilter(MockFilterChain.java:132)
	at de.tum.cit.aet.artemis.core.security.filter.ApiVersionFilter.doFilter(ApiVersionFilter.java:55)
	at org.springframework.test.web.servlet.setup.MockMvcFilterDecorator.doFilter(MockMvcFilterDecorator.java:162)
	at org.springframework.mock.web.MockFilterChain.doFilter(MockFilterChain.java:132)
	at io.sentry.spring.jakarta.SentryUserFilter.doFilterInternal(SentryUserFilter.java:56)
	at org.springframework.web.filter.OncePerRequestFilter.doFilter(OncePerRequestFilter.java:116)
	at org.springframework.test.web.servlet.setup.MockMvcFilterDecorator.doFilter(MockMvcFilterDecorator.java:162)
	at org.springframework.mock.web.MockFilterChain.doFilter(MockFilterChain.java:132)
	at org.springframework.web.filter.CompositeFilter$VirtualFilterChain.doFilter(CompositeFilter.java:108)
	at org.springframework.security.web.FilterChainProxy.lambda$doFilterInternal$3(FilterChainProxy.java:231)
	at org.springframework.security.web.ObservationFilterChainDecorator$FilterObservation$SimpleFilterObservation.lambda$wrap$1(ObservationFilterChainDecorator.java:479)
	at org.springframework.security.web.ObservationFilterChainDecorator$AroundFilterObservation$SimpleAroundFilterObservation.lambda$wrap$1(ObservationFilterChainDecorator.java:340)
	at org.springframework.security.web.ObservationFilterChainDecorator.lambda$wrapSecured$0(ObservationFilterChainDecorator.java:82)
	at org.springframework.security.web.ObservationFilterChainDecorator$VirtualFilterChain.doFilter(ObservationFilterChainDecorator.java:128)
	at org.springframework.security.web.access.intercept.AuthorizationFilter.doFilter(AuthorizationFilter.java:101)
	at org.springframework.security.web.ObservationFilterChainDecorator$ObservationFilter.wrapFilter(ObservationFilterChainDecorator.java:240)
	at org.springframework.security.web.ObservationFilterChainDecorator$ObservationFilter.doFilter(ObservationFilterChainDecorator.java:227)
	at org.springframework.security.web.ObservationFilterChainDecorator$VirtualFilterChain.doFilter(ObservationFilterChainDecorator.java:137)
	at org.springframework.security.web.access.ExceptionTranslationFilter.doFilter(ExceptionTranslationFilter.java:126)
	at org.springframework.security.web.access.ExceptionTranslationFilter.doFilter(ExceptionTranslationFilter.java:120)
	at org.springframework.security.web.ObservationFilterChainDecorator$ObservationFilter.wrapFilter(ObservationFilterChainDecorator.java:240)
	at org.springframework.security.web.ObservationFilterChainDecorator$ObservationFilter.doFilter(ObservationFilterChainDecorator.java:227)
	at org.springframework.security.web.ObservationFilterChainDecorator$VirtualFilterChain.doFilter(ObservationFilterChainDecorator.java:137)
	at org.springframework.security.web.session.SessionManagementFilter.doFilter(SessionManagementFilter.java:131)
	at org.springframework.security.web.session.SessionManagementFilter.doFilter(SessionManagementFilter.java:85)
	at org.springframework.security.web.ObservationFilterChainDecorator$ObservationFilter.wrapFilter(ObservationFilterChainDecorator.java:240)
	at org.springframework.security.web.ObservationFilterChainDecorator$ObservationFilter.doFilter(ObservationFilterChainDecorator.java:227)
	at org.springframework.security.web.ObservationFilterChainDecorator$VirtualFilterChain.doFilter(ObservationFilterChainDecorator.java:137)
	at org.springframework.security.web.authentication.AnonymousAuthenticationFilter.doFilter(AnonymousAuthenticationFilter.java:100)
	at org.springframework.security.web.ObservationFilterChainDecorator$ObservationFilter.wrapFilter(ObservationFilterChainDecorator.java:240)
	at org.springframework.security.web.ObservationFilterChainDecorator$ObservationFilter.doFilter(ObservationFilterChainDecorator.java:227)
	at org.springframework.security.web.ObservationFilterChainDecorator$VirtualFilterChain.doFilter(ObservationFilterChainDecorator.java:137)
	at org.springframework.security.web.servletapi.SecurityContextHolderAwareRequestFilter.doFilter(SecurityContextHolderAwareRequestFilter.java:179)
	at org.springframework.security.web.ObservationFilterChainDecorator$ObservationFilter.wrapFilter(ObservationFilterChainDecorator.java:240)
	at org.springframework.security.web.ObservationFilterChainDecorator$ObservationFilter.doFilter(ObservationFilterChainDecorator.java:227)
	at org.springframework.security.web.ObservationFilterChainDecorator$VirtualFilterChain.doFilter(ObservationFilterChainDecorator.java:137)
	at org.springframework.security.web.savedrequest.RequestCacheAwareFilter.doFilter(RequestCacheAwareFilter.java:63)
	at org.springframework.security.web.ObservationFilterChainDecorator$ObservationFilter.wrapFilter(ObservationFilterChainDecorator.java:240)
	at org.springframework.security.web.ObservationFilterChainDecorator$ObservationFilter.doFilter(ObservationFilterChainDecorator.java:227)
	at org.springframework.security.web.ObservationFilterChainDecorator$VirtualFilterChain.doFilter(ObservationFilterChainDecorator.java:137)
	at de.tum.cit.aet.artemis.core.security.filter.SpaWebFilter.doFilterInternal(SpaWebFilter.java:23)
	at org.springframework.web.filter.OncePerRequestFilter.doFilter(OncePerRequestFilter.java:116)
	at org.springframework.security.web.ObservationFilterChainDecorator$ObservationFilter.wrapFilter(ObservationFilterChainDecorator.java:240)
	at org.springframework.security.web.ObservationFilterChainDecorator$ObservationFilter.doFilter(ObservationFilterChainDecorator.java:227)
	at org.springframework.security.web.ObservationFilterChainDecorator$VirtualFilterChain.doFilter(ObservationFilterChainDecorator.java:137)
	at org.springframework.web.filter.OncePerRequestFilter.doFilter(OncePerRequestFilter.java:110)
	at org.springframework.security.web.ObservationFilterChainDecorator$ObservationFilter.wrapFilter(ObservationFilterChainDecorator.java:240)
	at org.springframework.security.web.ObservationFilterChainDecorator$ObservationFilter.doFilter(ObservationFilterChainDecorator.java:227)
	at org.springframework.security.web.ObservationFilterChainDecorator$VirtualFilterChain.doFilter(ObservationFilterChainDecorator.java:137)
	at de.tum.cit.aet.artemis.lti.config.Lti13LaunchFilter.doFilterInternal(Lti13LaunchFilter.java:60)
	at org.springframework.web.filter.OncePerRequestFilter.doFilter(OncePerRequestFilter.java:116)
	at org.springframework.security.web.ObservationFilterChainDecorator$ObservationFilter.wrapFilter(ObservationFilterChainDecorator.java:240)
	at org.springframework.security.web.ObservationFilterChainDecorator$ObservationFilter.doFilter(ObservationFilterChainDecorator.java:227)
	at org.springframework.security.web.ObservationFilterChainDecorator$VirtualFilterChain.doFilter(ObservationFilterChainDecorator.java:137)
	at de.tum.cit.aet.artemis.core.security.jwt.JWTFilter.doFilter(JWTFilter.java:55)
	at org.springframework.security.web.ObservationFilterChainDecorator$ObservationFilter.wrapFilter(ObservationFilterChainDecorator.java:240)
	at org.springframework.security.web.ObservationFilterChainDecorator$ObservationFilter.doFilter(ObservationFilterChainDecorator.java:227)
	at org.springframework.security.web.ObservationFilterChainDecorator$VirtualFilterChain.doFilter(ObservationFilterChainDecorator.java:137)
	at de.tum.cit.aet.artemis.core.security.jwt.JWTFilter.doFilter(JWTFilter.java:55)
	at org.springframework.security.web.ObservationFilterChainDecorator$ObservationFilter.wrapFilter(ObservationFilterChainDecorator.java:240)
	at org.springframework.security.web.ObservationFilterChainDecorator$ObservationFilter.doFilter(ObservationFilterChainDecorator.java:227)
	at org.springframework.security.web.ObservationFilterChainDecorator$VirtualFilterChain.doFilter(ObservationFilterChainDecorator.java:137)
	at org.springframework.web.filter.CorsFilter.doFilterInternal(CorsFilter.java:91)
	at org.springframework.web.filter.OncePerRequestFilter.doFilter(OncePerRequestFilter.java:116)
	at org.springframework.security.web.ObservationFilterChainDecorator$ObservationFilter.wrapFilter(ObservationFilterChainDecorator.java:240)
	at org.springframework.security.web.ObservationFilterChainDecorator$ObservationFilter.doFilter(ObservationFilterChainDecorator.java:227)
	at org.springframework.security.web.ObservationFilterChainDecorator$VirtualFilterChain.doFilter(ObservationFilterChainDecorator.java:137)
	at org.springframework.web.filter.OncePerRequestFilter.doFilter(OncePerRequestFilter.java:110)
	at org.springframework.security.web.ObservationFilterChainDecorator$ObservationFilter.wrapFilter(ObservationFilterChainDecorator.java:240)
	at org.springframework.security.web.ObservationFilterChainDecorator$ObservationFilter.doFilter(ObservationFilterChainDecorator.java:227)
	at org.springframework.security.web.ObservationFilterChainDecorator$VirtualFilterChain.doFilter(ObservationFilterChainDecorator.java:137)
	at uk.ac.ox.ctl.lti13.security.oauth2.client.lti.web.OAuth2AuthorizationRequestRedirectFilter.doFilterInternal(OAuth2AuthorizationRequestRedirectFilter.java:142)
	at org.springframework.web.filter.OncePerRequestFilter.doFilter(OncePerRequestFilter.java:116)
	at org.springframework.security.web.ObservationFilterChainDecorator$ObservationFilter.wrapFilter(ObservationFilterChainDecorator.java:240)
	at org.springframework.security.web.ObservationFilterChainDecorator$ObservationFilter.doFilter(ObservationFilterChainDecorator.java:227)
	at org.springframework.security.web.ObservationFilterChainDecorator$VirtualFilterChain.doFilter(ObservationFilterChainDecorator.java:137)
	at org.springframework.security.web.authentication.logout.LogoutFilter.doFilter(LogoutFilter.java:107)
	at org.springframework.security.web.authentication.logout.LogoutFilter.doFilter(LogoutFilter.java:93)
	at org.springframework.security.web.ObservationFilterChainDecorator$ObservationFilter.wrapFilter(ObservationFilterChainDecorator.java:240)
	at org.springframework.security.web.ObservationFilterChainDecorator$ObservationFilter.doFilter(ObservationFilterChainDecorator.java:227)
	at org.springframework.security.web.ObservationFilterChainDecorator$VirtualFilterChain.doFilter(ObservationFilterChainDecorator.java:137)
	at org.springframework.security.web.header.HeaderWriterFilter.doHeadersAfter(HeaderWriterFilter.java:90)
	at org.springframework.security.web.header.HeaderWriterFilter.doFilterInternal(HeaderWriterFilter.java:75)
	at org.springframework.web.filter.OncePerRequestFilter.doFilter(OncePerRequestFilter.java:116)
	at org.springframework.security.web.ObservationFilterChainDecorator$ObservationFilter.wrapFilter(ObservationFilterChainDecorator.java:240)
	at org.springframework.security.web.ObservationFilterChainDecorator$ObservationFilter.doFilter(ObservationFilterChainDecorator.java:227)
	at org.springframework.security.web.ObservationFilterChainDecorator$VirtualFilterChain.doFilter(ObservationFilterChainDecorator.java:137)
	at org.springframework.security.web.context.SecurityContextHolderFilter.doFilter(SecurityContextHolderFilter.java:82)
	at org.springframework.security.web.context.SecurityContextHolderFilter.doFilter(SecurityContextHolderFilter.java:69)
	at org.springframework.security.web.ObservationFilterChainDecorator$ObservationFilter.wrapFilter(ObservationFilterChainDecorator.java:240)
	at org.springframework.security.web.ObservationFilterChainDecorator$ObservationFilter.doFilter(ObservationFilterChainDecorator.java:227)
	at org.springframework.security.web.ObservationFilterChainDecorator$VirtualFilterChain.doFilter(ObservationFilterChainDecorator.java:137)
	at org.springframework.security.web.context.request.async.WebAsyncManagerIntegrationFilter.doFilterInternal(WebAsyncManagerIntegrationFilter.java:62)
	at org.springframework.web.filter.OncePerRequestFilter.doFilter(OncePerRequestFilter.java:116)
	at org.springframework.security.web.ObservationFilterChainDecorator$ObservationFilter.wrapFilter(ObservationFilterChainDecorator.java:240)
	at org.springframework.security.web.ObservationFilterChainDecorator$ObservationFilter.doFilter(ObservationFilterChainDecorator.java:227)
	at org.springframework.security.web.ObservationFilterChainDecorator$VirtualFilterChain.doFilter(ObservationFilterChainDecorator.java:137)
	at org.springframework.security.web.session.DisableEncodeUrlFilter.doFilterInternal(DisableEncodeUrlFilter.java:42)
	at org.springframework.web.filter.OncePerRequestFilter.doFilter(OncePerRequestFilter.java:116)
	at org.springframework.security.web.ObservationFilterChainDecorator$ObservationFilter.wrapFilter(ObservationFilterChainDecorator.java:240)
	at org.springframework.security.web.ObservationFilterChainDecorator$AroundFilterObservation$SimpleAroundFilterObservation.lambda$wrap$0(ObservationFilterChainDecorator.java:323)
	at org.springframework.security.web.ObservationFilterChainDecorator$ObservationFilter.doFilter(ObservationFilterChainDecorator.java:224)
	at org.springframework.security.web.ObservationFilterChainDecorator$VirtualFilterChain.doFilter(ObservationFilterChainDecorator.java:137)
	at org.springframework.security.web.FilterChainProxy.doFilterInternal(FilterChainProxy.java:233)
	at org.springframework.security.web.FilterChainProxy.doFilter(FilterChainProxy.java:191)
	at org.springframework.web.filter.CompositeFilter$VirtualFilterChain.doFilter(CompositeFilter.java:113)
	at org.springframework.web.servlet.handler.HandlerMappingIntrospector.lambda$createCacheFilter$3(HandlerMappingIntrospector.java:243)
	at org.springframework.web.filter.CompositeFilter$VirtualFilterChain.doFilter(CompositeFilter.java:113)
	at org.springframework.web.filter.CompositeFilter.doFilter(CompositeFilter.java:74)
	at org.springframework.security.config.annotation.web.configuration.WebMvcSecurityConfiguration$CompositeFilterChainProxy.doFilter(WebMvcSecurityConfiguration.java:238)
	at org.springframework.web.filter.DelegatingFilterProxy.invokeDelegate(DelegatingFilterProxy.java:362)
	at org.springframework.web.filter.DelegatingFilterProxy.doFilter(DelegatingFilterProxy.java:278)
	at org.springframework.test.web.servlet.setup.MockMvcFilterDecorator.doFilter(MockMvcFilterDecorator.java:162)
	at org.springframework.mock.web.MockFilterChain.doFilter(MockFilterChain.java:132)
	at org.springframework.web.filter.RequestContextFilter.doFilterInternal(RequestContextFilter.java:100)
	at org.springframework.web.filter.OncePerRequestFilter.doFilter(OncePerRequestFilter.java:116)
	at org.springframework.test.web.servlet.setup.MockMvcFilterDecorator.doFilter(MockMvcFilterDecorator.java:162)
	at org.springframework.mock.web.MockFilterChain.doFilter(MockFilterChain.java:132)
	at org.springframework.web.filter.FormContentFilter.doFilterInternal(FormContentFilter.java:93)
	at org.springframework.web.filter.OncePerRequestFilter.doFilter(OncePerRequestFilter.java:116)
	at org.springframework.test.web.servlet.setup.MockMvcFilterDecorator.doFilter(MockMvcFilterDecorator.java:162)
	at org.springframework.mock.web.MockFilterChain.doFilter(MockFilterChain.java:132)
	at org.springframework.web.filter.ServerHttpObservationFilter.doFilterInternal(ServerHttpObservationFilter.java:114)
	at org.springframework.web.filter.OncePerRequestFilter.doFilter(OncePerRequestFilter.java:116)
	at org.springframework.test.web.servlet.setup.MockMvcFilterDecorator.doFilter(MockMvcFilterDecorator.java:162)
	at org.springframework.mock.web.MockFilterChain.doFilter(MockFilterChain.java:132)
	at io.sentry.spring.jakarta.tracing.SentryTracingFilter.doFilterInternal(SentryTracingFilter.java:91)
	at org.springframework.web.filter.OncePerRequestFilter.doFilter(OncePerRequestFilter.java:116)
	at org.springframework.test.web.servlet.setup.MockMvcFilterDecorator.doFilter(MockMvcFilterDecorator.java:162)
	at org.springframework.mock.web.MockFilterChain.doFilter(MockFilterChain.java:132)
	at org.springframework.web.filter.CharacterEncodingFilter.doFilterInternal(CharacterEncodingFilter.java:201)
	at org.springframework.web.filter.OncePerRequestFilter.doFilter(OncePerRequestFilter.java:116)
	at org.springframework.test.web.servlet.setup.MockMvcFilterDecorator.doFilter(MockMvcFilterDecorator.java:162)
	at org.springframework.mock.web.MockFilterChain.doFilter(MockFilterChain.java:132)
	at io.sentry.spring.jakarta.SentrySpringFilter.doFilterInternal(SentrySpringFilter.java:76)
	at org.springframework.web.filter.OncePerRequestFilter.doFilter(OncePerRequestFilter.java:116)
	at org.springframework.test.web.servlet.setup.MockMvcFilterDecorator.doFilter(MockMvcFilterDecorator.java:162)
	at org.springframework.mock.web.MockFilterChain.doFilter(MockFilterChain.java:132)
	at org.springframework.test.web.servlet.MockMvc.perform(MockMvc.java:201)
	at de.tum.cit.aet.artemis.core.util.RequestUtilService.performMvcRequest(RequestUtilService.java:79)
	at de.tum.cit.aet.artemis.core.util.RequestUtilService.get(RequestUtilService.java:656)
	at de.tum.cit.aet.artemis.core.util.RequestUtilService.get(RequestUtilService.java:622)
	at de.tum.cit.aet.artemis.core.util.RequestUtilService.get(RequestUtilService.java:600)
	at de.tum.cit.aet.artemis.core.ImprintResourceIntegrationTest.testGetImprint_cannotReadFileInternalServerError(ImprintResourceIntegrationTest.java:45)
	at java.base/jdk.internal.reflect.DirectMethodHandleAccessor.invoke(DirectMethodHandleAccessor.java:103)
	at java.base/java.lang.reflect.Method.invoke(Method.java:580)
	at org.junit.platform.commons.util.ReflectionUtils.invokeMethod(ReflectionUtils.java:767)
	at org.junit.jupiter.engine.execution.MethodInvocation.proceed(MethodInvocation.java:60)
	at org.junit.jupiter.engine.execution.InvocationInterceptorChain$ValidatingInvocation.proceed(InvocationInterceptorChain.java:131)
	at org.junit.jupiter.engine.extension.TimeoutExtension.intercept(TimeoutExtension.java:156)
	at org.junit.jupiter.engine.extension.TimeoutExtension.interceptTestableMethod(TimeoutExtension.java:147)
	at org.junit.jupiter.engine.extension.TimeoutExtension.interceptTestMethod(TimeoutExtension.java:86)
	at org.junit.jupiter.engine.execution.InterceptingExecutableInvoker$ReflectiveInterceptorCall.lambda$ofVoidMethod$0(InterceptingExecutableInvoker.java:103)
	at org.junit.jupiter.engine.execution.InterceptingExecutableInvoker.lambda$invoke$0(InterceptingExecutableInvoker.java:93)
	at org.junit.jupiter.engine.execution.InvocationInterceptorChain$InterceptedInvocation.proceed(InvocationInterceptorChain.java:106)
	at org.junit.jupiter.engine.execution.InvocationInterceptorChain.proceed(InvocationInterceptorChain.java:64)
	at org.junit.jupiter.engine.execution.InvocationInterceptorChain.chainAndInvoke(InvocationInterceptorChain.java:45)
	at org.junit.jupiter.engine.execution.InvocationInterceptorChain.invoke(InvocationInterceptorChain.java:37)
	at org.junit.jupiter.engine.execution.InterceptingExecutableInvoker.invoke(InterceptingExecutableInvoker.java:92)
	at org.junit.jupiter.engine.execution.InterceptingExecutableInvoker.invoke(InterceptingExecutableInvoker.java:86)
	at org.junit.jupiter.engine.descriptor.TestMethodTestDescriptor.lambda$invokeTestMethod$8(TestMethodTestDescriptor.java:217)
	at org.junit.platform.engine.support.hierarchical.ThrowableCollector.execute(ThrowableCollector.java:73)
	at org.junit.jupiter.engine.descriptor.TestMethodTestDescriptor.invokeTestMethod(TestMethodTestDescriptor.java:213)
	at org.junit.jupiter.engine.descriptor.TestMethodTestDescriptor.execute(TestMethodTestDescriptor.java:138)
	at org.junit.jupiter.engine.descriptor.TestMethodTestDescriptor.execute(TestMethodTestDescriptor.java:68)
	at org.junit.platform.engine.support.hierarchical.NodeTestTask.lambda$executeRecursively$6(NodeTestTask.java:156)
	at org.junit.platform.engine.support.hierarchical.ThrowableCollector.execute(ThrowableCollector.java:73)
	at org.junit.platform.engine.support.hierarchical.NodeTestTask.lambda$executeRecursively$8(NodeTestTask.java:146)
	at org.junit.platform.engine.support.hierarchical.Node.around(Node.java:137)
	at org.junit.platform.engine.support.hierarchical.NodeTestTask.lambda$executeRecursively$9(NodeTestTask.java:144)
	at org.junit.platform.engine.support.hierarchical.ThrowableCollector.execute(ThrowableCollector.java:73)
	at org.junit.platform.engine.support.hierarchical.NodeTestTask.executeRecursively(NodeTestTask.java:143)
	at org.junit.platform.engine.support.hierarchical.NodeTestTask.execute(NodeTestTask.java:100)
	at org.junit.platform.engine.support.hierarchical.ForkJoinPoolHierarchicalTestExecutorService$ExclusiveTask.exec(ForkJoinPoolHierarchicalTestExecutorService.java:274)
	at org.junit.platform.engine.support.hierarchical.ForkJoinPoolHierarchicalTestExecutorService$ExclusiveTask.execSync(ForkJoinPoolHierarchicalTestExecutorService.java:247)
	at org.junit.platform.engine.support.hierarchical.ForkJoinPoolHierarchicalTestExecutorService.executeSync(ForkJoinPoolHierarchicalTestExecutorService.java:194)
	at org.junit.platform.engine.support.hierarchical.ForkJoinPoolHierarchicalTestExecutorService.invokeAll(ForkJoinPoolHierarchicalTestExecutorService.java:166)
	at org.junit.platform.engine.support.hierarchical.NodeTestTask.lambda$executeRecursively$6(NodeTestTask.java:160)
	at org.junit.platform.engine.support.hierarchical.ThrowableCollector.execute(ThrowableCollector.java:73)
	at org.junit.platform.engine.support.hierarchical.NodeTestTask.lambda$executeRecursively$8(NodeTestTask.java:146)
	at org.junit.platform.engine.support.hierarchical.Node.around(Node.java:137)
	at org.junit.platform.engine.support.hierarchical.NodeTestTask.lambda$executeRecursively$9(NodeTestTask.java:144)
	at org.junit.platform.engine.support.hierarchical.ThrowableCollector.execute(ThrowableCollector.java:73)
	at org.junit.platform.engine.support.hierarchical.NodeTestTask.executeRecursively(NodeTestTask.java:143)
	at org.junit.platform.engine.support.hierarchical.NodeTestTask.execute(NodeTestTask.java:100)
	at org.junit.platform.engine.support.hierarchical.ForkJoinPoolHierarchicalTestExecutorService$ExclusiveTask.exec(ForkJoinPoolHierarchicalTestExecutorService.java:274)
	at java.base/java.util.concurrent.ForkJoinTask.doExec(ForkJoinTask.java:387)
	at java.base/java.util.concurrent.ForkJoinPool$WorkQueue.topLevelExec(ForkJoinPool.java:1312)
	at java.base/java.util.concurrent.ForkJoinPool.scan(ForkJoinPool.java:1843)
	at java.base/java.util.concurrent.ForkJoinPool.runWorker(ForkJoinPool.java:1808)
	at java.base/java.util.concurrent.ForkJoinWorkerThread.run(ForkJoinWorkerThread.java:188)

  Starting logs for ImprintResourceIntegrationTest > [1] language=ENGLISH
    23:44:20.811 | 185 Pool-1-worker-78 | INFO  | i.z.t.d.l.EmbeddedDatabaseReporter   : JDBC URL to connect to 'dataSource': url='jdbc:h2:tcp://localhost:41063/mem:df70fc46-7e57-4cb5-9cd0-c1d90c14afa7;USER=sa', scope='ImprintResourceIntegrationTest#testGetImprintReturnsCorrectFileContent'
    23:44:20.813 | 185 Pool-1-worker-78 | DEBUG | d.t.c.a.a.c.s.f.ApiVersionFilter     : Adding Version to Request GET /api/public/imprint

  Starting logs for ImprintResourceIntegrationTest > [2] language=GERMAN
    23:44:20.831 | 185 Pool-1-worker-78 | INFO  | i.z.t.d.l.EmbeddedDatabaseReporter   : JDBC URL to connect to 'dataSource': url='jdbc:h2:tcp://localhost:41063/mem:df70fc46-7e57-4cb5-9cd0-c1d90c14afa7;USER=sa', scope='ImprintResourceIntegrationTest#testGetImprintReturnsCorrectFileContent'
    23:44:20.832 | 185 Pool-1-worker-78 | DEBUG | d.t.c.a.a.c.s.f.ApiVersionFilter     : Adding Version to Request GET /api/public/imprint

  Starting logs for ImprintResourceIntegrationTest > testGetImprintForUpdate_unsupportedLanguageBadRequest()
    23:44:20.851 | 185 Pool-1-worker-78 | INFO  | i.z.t.d.l.EmbeddedDatabaseReporter   : JDBC URL to connect to 'dataSource': url='jdbc:h2:tcp://localhost:41063/mem:df70fc46-7e57-4cb5-9cd0-c1d90c14afa7;USER=sa', scope='ImprintResourceIntegrationTest#testGetImprintForUpdate_unsupportedLanguageBadRequest'
    23:44:20.852 | 185 Pool-1-worker-78 | DEBUG | d.t.c.a.a.c.s.f.ApiVersionFilter     : Adding Version to Request GET /api/admin/imprint-for-update
    23:44:20.853 | 185 Pool-1-worker-78 | WARN  | o.z.p.spring.common.AdviceTraits     : Bad Request: Language not supported

  Starting logs for ImprintResourceIntegrationTest > testUpdateImprint_unsupportedLanguageBadRequest()
    23:44:20.872 | 185 Pool-1-worker-78 | INFO  | i.z.t.d.l.EmbeddedDatabaseReporter   : JDBC URL to connect to 'dataSource': url='jdbc:h2:tcp://localhost:41063/mem:df70fc46-7e57-4cb5-9cd0-c1d90c14afa7;USER=sa', scope='ImprintResourceIntegrationTest#testUpdateImprint_unsupportedLanguageBadRequest'
    23:44:20.873 | 185 Pool-1-worker-78 | DEBUG | d.t.c.a.a.c.s.f.ApiVersionFilter     : Adding Version to Request PUT /api/admin/imprint
    23:44:20.875 | 185 Pool-1-worker-78 | WARN  | o.z.p.spring.common.AdviceTraits     : Bad Request: JSON parse error: Cannot construct instance of `de.tum.cit.aet.artemis.core.dto.ImprintDTO` (although at least one Creator exists): no String-argument constructor/factory method to deserialize from String value ('{"language":"FRENCH","text":"test"}')

Finished logs for ImprintResourceIntegrationTest

Starting logs for CourseGitlabJenkinsIntegrationTest

  Starting logs for CourseGitlabJenkinsIntegrationTest > testCleanupCourseAsInstructor_no_Archive()
    23:44:04.847 | 441 ool-1-worker-205 | DEBUG | d.t.c.a.a.c.u.util.UserUtilService   : Generate 8 students...
    23:44:04.851 | 441 ool-1-worker-205 | DEBUG | d.t.c.a.a.c.u.util.UserUtilService   : 8 students generated. Generate 5 tutors...
    23:44:04.855 | 441 ool-1-worker-205 | DEBUG | d.t.c.a.a.c.u.util.UserUtilService   : 5 tutors generated. Generate 1 editors...
    23:44:04.857 | 441 ool-1-worker-205 | DEBUG | d.t.c.a.a.c.u.util.UserUtilService   : 1 editors generated. Generate 1 instructors...
    23:44:04.858 | 441 ool-1-worker-205 | DEBUG | d.t.c.a.a.c.u.util.UserUtilService   : 1 instructors generated
    23:44:04.860 | 441 ool-1-worker-205 | DEBUG | d.t.c.a.a.c.u.util.UserUtilService   : Removing 5 users from all courses...
    23:44:04.861 | 441 ool-1-worker-205 | DEBUG | d.t.c.a.a.c.u.util.UserUtilService   : Removing 5 users from all courses. Done
    23:44:04.861 | 441 ool-1-worker-205 | DEBUG | d.t.c.a.a.c.u.util.UserUtilService   : Save 15 users to database...
    23:44:04.866 | 441 ool-1-worker-205 | DEBUG | d.t.c.a.a.c.u.util.UserUtilService   : Save 15 users to database. Done
    23:44:04.873 | 441 ool-1-worker-205 | INFO  | i.z.t.d.l.EmbeddedDatabaseReporter   : JDBC URL to connect to 'dataSource': url='jdbc:h2:tcp://localhost:41063/mem:736625c0-cf5e-400d-aeaa-8a7eabd6262b;USER=sa', scope='CourseGitlabJenkinsIntegrationTest#testCleanupCourseAsInstructor_no_Archive'
    23:44:04.881 | 441 ool-1-worker-205 | DEBUG | d.t.c.a.a.c.s.f.ApiVersionFilter     : Adding Version to Request DELETE /api/courses/686/cleanup
    23:44:04.882 | 441 ool-1-worker-205 | INFO  | d.t.c.a.a.core.web.CourseResource    : REST request to cleanup the Course : 686
    23:44:04.884 | 441 ool-1-worker-205 | ERROR | tech.jhipster.web.util.HeaderUtil    : Entity processing failed, Failed to clean up course 686 because it needs to be archived first.
    23:44:04.884 | 441 ool-1-worker-205 | WARN  | o.z.p.spring.common.AdviceTraits     : Bad Request: Failed to clean up course 686 because it needs to be archived first.

  Starting logs for CourseGitlabJenkinsIntegrationTest > testGetCourseForRegistration()
    23:44:04.908 | 441 ool-1-worker-205 | DEBUG | d.t.c.a.a.c.u.util.UserUtilService   : Generate 8 students...
    23:44:04.933 | 441 ool-1-worker-205 | DEBUG | d.t.c.a.a.c.u.util.UserUtilService   : 8 students generated. Generate 5 tutors...
    23:44:04.947 | 441 ool-1-worker-205 | DEBUG | d.t.c.a.a.c.u.util.UserUtilService   : 5 tutors generated. Generate 1 editors...
    23:44:04.953 | 441 ool-1-worker-205 | DEBUG | d.t.c.a.a.c.u.util.UserUtilService   : 1 editors generated. Generate 1 instructors...
    23:44:04.961 | 441 ool-1-worker-205 | DEBUG | d.t.c.a.a.c.u.util.UserUtilService   : 1 instructors generated
    23:44:04.963 | 441 ool-1-worker-205 | DEBUG | d.t.c.a.a.c.u.util.UserUtilService   : Removing 16 users from all courses...
    23:44:04.968 | 441 ool-1-worker-205 | DEBUG | d.t.c.a.a.c.u.util.UserUtilService   : Removing 16 users from all courses. Done
    23:44:04.968 | 441 ool-1-worker-205 | DEBUG | d.t.c.a.a.c.u.util.UserUtilService   : Save 15 users to database...
    23:44:04.998 | 441 ool-1-worker-205 | DEBUG | d.t.c.a.a.c.u.util.UserUtilService   : Save 15 users to database. Done
    23:44:05.010 | 441 ool-1-worker-205 | INFO  | i.z.t.d.l.EmbeddedDatabaseReporter   : JDBC URL to connect to 'dataSource': url='jdbc:h2:tcp://localhost:41063/mem:736625c0-cf5e-400d-aeaa-8a7eabd6262b;USER=sa', scope='CourseGitlabJenkinsIntegrationTest#testGetCourseForRegistration'
    23:44:05.066 | 441 ool-1-worker-205 | DEBUG | .c.s.m.InstanceMessageReceiveService : Received schedule participant score for exercise 2387 and participant 689 (result to be deleted: null)
    23:44:05.066 | 441 ool-1-worker-205 | DEBUG | .a.s.ParticipantScoreScheduleService : Scheduled task for exercise 2387 and participant 689 at 2025-02-14T23:44:05.166389927Z[Etc/UTC].
    23:44:05.066 | 441 ool-1-worker-205 | DEBUG | .c.s.m.InstanceMessageReceiveService : Received schedule participant score for exercise 2387 and participant 689 (result to be deleted: null)
    23:44:05.066 | 441 ool-1-worker-205 | DEBUG | .a.s.ParticipantScoreScheduleService : Scheduled task for exercise 2387 and participant 689 at 2025-02-14T23:44:05.166970790Z[Etc/UTC].
    23:44:05.067 | 441 ool-1-worker-205 | DEBUG | .c.s.m.InstanceMessageReceiveService : Received schedule participant score for exercise 2388 and participant 689 (result to be deleted: null)
    23:44:05.067 | 441 ool-1-worker-205 | DEBUG | .a.s.ParticipantScoreScheduleService : Scheduled task for exercise 2388 and participant 689 at 2025-02-14T23:44:05.167508222Z[Etc/UTC].
    23:44:05.067 | 441 ool-1-worker-205 | DEBUG | .c.s.m.InstanceMessageReceiveService : Received schedule participant score for exercise 2390 and participant 689 (result to be deleted: null)
    23:44:05.068 | 441 ool-1-worker-205 | DEBUG | .a.s.ParticipantScoreScheduleService : Scheduled task for exercise 2390 and participant 689 at 2025-02-14T23:44:05.168010950Z[Etc/UTC].
    23:44:05.068 | 441 ool-1-worker-205 | DEBUG | .c.s.m.InstanceMessageReceiveService : Received schedule participant score for exercise 2390 and participant 689 (result to be deleted: null)
    23:44:05.068 | 441 ool-1-worker-205 | DEBUG | .a.s.ParticipantScoreScheduleService : Scheduled task for exercise 2390 and participant 689 at 2025-02-14T23:44:05.168546027Z[Etc/UTC].
    23:44:05.077 | 061 pool-4-thread-4  | INFO  | d.t.c.a.a.p.s.gitlab.GitLabService   : Protecting branch main for Gitlab repository SHORT5688773E03BF3048BD0A66E0F0E86995F45AT2AB/short5688773e03bf3048bd0a66e0f0e86995f45at2ab-studexamstudent1
    23:44:05.079 | 441 ool-1-worker-205 | DEBUG | .c.s.m.InstanceMessageReceiveService : Received schedule participant score for exercise 2387 and participant 689 (result to be deleted: null)
    23:44:05.079 | 441 ool-1-worker-205 | DEBUG | .a.s.ParticipantScoreScheduleService : Scheduled task for exercise 2387 and participant 689 at 2025-02-14T23:44:05.179698615Z[Etc/UTC].
    23:44:05.090 | 441 ool-1-worker-205 | DEBUG | .c.s.m.InstanceMessageReceiveService : Received schedule participant score for exercise 2387 and participant 689 (result to be deleted: null)
    23:44:05.090 | 441 ool-1-worker-205 | DEBUG | .a.s.ParticipantScoreScheduleService : Scheduled task for exercise 2387 and participant 689 at 2025-02-14T23:44:05.190710431Z[Etc/UTC].
    23:44:05.101 | 441 ool-1-worker-205 | DEBUG | .c.s.m.InstanceMessageReceiveService : Received schedule participant score for exercise 2388 and participant 689 (result to be deleted: null)
    23:44:05.101 | 441 ool-1-worker-205 | DEBUG | .a.s.ParticipantScoreScheduleService : Scheduled task for exercise 2388 and participant 689 at 2025-02-14T23:44:05.201469184Z[Etc/UTC].
    23:44:05.112 | 441 ool-1-worker-205 | DEBUG | .c.s.m.InstanceMessageReceiveService : Received schedule participant score for exercise 2390 and participant 689 (result to be deleted: null)
    23:44:05.112 | 441 ool-1-worker-205 | DEBUG | .a.s.ParticipantScoreScheduleService : Scheduled task for exercise 2390 and participant 689 at 2025-02-14T23:44:05.212256210Z[Etc/UTC].
    23:44:05.122 | 441 ool-1-worker-205 | DEBUG | .c.s.m.InstanceMessageReceiveService : Received schedule participant score for exercise 2390 and participant 689 (result to be deleted: null)
    23:44:05.122 | 441 ool-1-worker-205 | DEBUG | .a.s.ParticipantScoreScheduleService : Scheduled task for exercise 2390 and participant 689 at 2025-02-14T23:44:05.222837142Z[Etc/UTC].
    23:44:05.179 | 441 ool-1-worker-205 | DEBUG | d.t.c.a.a.c.s.f.ApiVersionFilter     : Adding Version to Request GET /api/courses/687/for-enrollment
    23:44:05.180 | 441 ool-1-worker-205 | DEBUG | d.t.c.a.a.core.web.CourseResource    : REST request to get a currently active course for enrollment

  Starting logs for CourseGitlabJenkinsIntegrationTest > testGetCourseTitle()
    23:44:05.198 | 441 ool-1-worker-205 | DEBUG | d.t.c.a.a.c.u.util.UserUtilService   : Generate 8 students...
    23:44:05.208 | 441 ool-1-worker-205 | DEBUG | d.t.c.a.a.c.u.util.UserUtilService   : 8 students generated. Generate 5 tutors...
    23:44:05.215 | 441 ool-1-worker-205 | DEBUG | d.t.c.a.a.c.u.util.UserUtilService   : 5 tutors generated. Generate 1 editors...
    23:44:05.218 | 441 ool-1-worker-205 | DEBUG | d.t.c.a.a.c.u.util.UserUtilService   : 1 editors generated. Generate 1 instructors...
    23:44:05.221 | 441 ool-1-worker-205 | DEBUG | d.t.c.a.a.c.u.util.UserUtilService   : 1 instructors generated
    23:44:05.222 | 441 ool-1-worker-205 | DEBUG | d.t.c.a.a.c.u.util.UserUtilService   : Removing 16 users from all courses...
    23:44:05.224 | 441 ool-1-worker-205 | DEBUG | d.t.c.a.a.c.u.util.UserUtilService   : Removing 16 users from all courses. Done
    23:44:05.224 | 441 ool-1-worker-205 | DEBUG | d.t.c.a.a.c.u.util.UserUtilService   : Save 15 users to database...
    23:44:05.234 | 441 ool-1-worker-205 | DEBUG | d.t.c.a.a.c.u.util.UserUtilService   : Save 15 users to database. Done
    23:44:05.247 | 441 ool-1-worker-205 | INFO  | i.z.t.d.l.EmbeddedDatabaseReporter   : JDBC URL to connect to 'dataSource': url='jdbc:h2:tcp://localhost:41063/mem:736625c0-cf5e-400d-aeaa-8a7eabd6262b;USER=sa', scope='CourseGitlabJenkinsIntegrationTest#testGetCourseTitle'
    23:44:05.262 | 441 ool-1-worker-205 | INFO  | .c.a.a.c.s.TitleCacheEvictionService : Evicted entry '689' from title cache 'courseTitle'
    23:44:05.263 | 441 ool-1-worker-205 | DEBUG | d.t.c.a.a.c.s.f.ApiVersionFilter     : Adding Version to Request GET /api/courses/689/title

  Starting logs for CourseGitlabJenkinsIntegrationTest > testEditCourseRemoveExistingIcon()
    23:44:05.293 | 441 ool-1-worker-205 | DEBUG | d.t.c.a.a.c.u.util.UserUtilService   : Generate 8 students...
    23:44:05.307 | 441 ool-1-worker-205 | DEBUG | d.t.c.a.a.c.u.util.UserUtilService   : 8 students generated. Generate 5 tutors...
    23:44:05.315 | 441 ool-1-worker-205 | DEBUG | d.t.c.a.a.c.u.util.UserUtilService   : 5 tutors generated. Generate 1 editors...
    23:44:05.317 | 441 ool-1-worker-205 | DEBUG | d.t.c.a.a.c.u.util.UserUtilService   : 1 editors generated. Generate 1 instructors...
    23:44:05.320 | 441 ool-1-worker-205 | DEBUG | d.t.c.a.a.c.u.util.UserUtilService   : 1 instructors generated
    23:44:05.322 | 441 ool-1-worker-205 | DEBUG | d.t.c.a.a.c.u.util.UserUtilService   : Removing 16 users from all courses...
    23:44:05.324 | 441 ool-1-worker-205 | DEBUG | d.t.c.a.a.c.u.util.UserUtilService   : Removing 16 users from all courses. Done
    23:44:05.324 | 441 ool-1-worker-205 | DEBUG | d.t.c.a.a.c.u.util.UserUtilService   : Save 15 users to database...
    23:44:05.334 | 441 ool-1-worker-205 | DEBUG | d.t.c.a.a.c.u.util.UserUtilService   : Save 15 users to database. Done
    23:44:05.344 | 441 ool-1-worker-205 | INFO  | i.z.t.d.l.EmbeddedDatabaseReporter   : JDBC URL to connect to 'dataSource': url='jdbc:h2:tcp://localhost:41063/mem:736625c0-cf5e-400d-aeaa-8a7eabd6262b;USER=sa', scope='CourseGitlabJenkinsIntegrationTest#testEditCourseRemoveExistingIcon'
    23:44:05.347 | 441 ool-1-worker-205 | DEBUG | d.t.c.a.a.c.s.f.ApiVersionFilter     : Adding Version to Request PUT /api/courses/690
    23:44:05.348 | 441 ool-1-worker-205 | DEBUG | d.t.c.a.a.core.web.CourseResource    : REST request to update Course : Course{id=690, title='Course title 98dcee57-687b-46f8-bd3b-15c14717dfb1', description='null', shortName='short6092d43e03e4e04b1c094440be311b2212a7', studentGroupName='tumuser', teachingAssistantGroupName='tutor', editorGroupName='editor', instructorGroupName='instructor', startDate='2025-02-09T23:44:05.344631646Z', endDate='2025-02-19T23:44:05.344635804Z', enrollmentStartDate='null', enrollmentEndDate='null', unenrollmentEndDate='null', semester='null'', onlineCourse='false', color='null', courseIcon='null', enrollmentEnabled='false', unenrollmentEnabled='false', presentationScore='2', faqEnabled='false'}
    23:44:05.359 | 441 ool-1-worker-205 | DEBUG | d.t.c.a.a.c.s.f.ApiVersionFilter     : Adding Version to Request PUT /api/courses/690
    23:44:05.359 | 441 ool-1-worker-205 | DEBUG | d.t.c.a.a.core.web.CourseResource    : REST request to update Course : Course{id=690, title='Course title 98dcee57-687b-46f8-bd3b-15c14717dfb1', description='null', shortName='short6092d43e03e4e04b1c094440be311b2212a7', studentGroupName='tumuser', teachingAssistantGroupName='tutor', editorGroupName='editor', instructorGroupName='instructor', startDate='2025-02-09T23:44:05.344631646Z', endDate='2025-02-19T23:44:05.344635804Z', enrollmentStartDate='null', enrollmentEndDate='null', unenrollmentEndDate='null', semester='null'', onlineCourse='false', color='null', courseIcon='null', enrollmentEnabled='false', unenrollmentEnabled='false', presentationScore='2', faqEnabled='false'}
    23:44:05.363 | 733 pool-3-thread-3  | INFO  | d.t.c.a.a.core.service.FileService   : Delete file uploads/images/course/icons/CourseIcon_2025-02-14T23-44-05-351_5e96ee05.png

  Starting logs for CourseGitlabJenkinsIntegrationTest > testExportCourseExam_cannotCreateExamExercisesDir()
    23:44:05.393 | 441 ool-1-worker-205 | DEBUG | d.t.c.a.a.c.u.util.UserUtilService   : Generate 8 students...
    23:44:05.418 | 441 ool-1-worker-205 | DEBUG | d.t.c.a.a.c.u.util.UserUtilService   : 8 students generated. Generate 5 tutors...
    23:44:05.429 | 441 ool-1-worker-205 | DEBUG | d.t.c.a.a.c.u.util.UserUtilService   : 5 tutors generated. Generate 1 editors...
    23:44:05.436 | 441 ool-1-worker-205 | DEBUG | d.t.c.a.a.c.u.util.UserUtilService   : 1 editors generated. Generate 1 instructors...
    23:44:05.442 | 441 ool-1-worker-205 | DEBUG | d.t.c.a.a.c.u.util.UserUtilService   : 1 instructors generated
    23:44:05.444 | 441 ool-1-worker-205 | DEBUG | d.t.c.a.a.c.u.util.UserUtilService   : Removing 16 users from all courses...
    23:44:05.446 | 441 ool-1-worker-205 | DEBUG | d.t.c.a.a.c.u.util.UserUtilService   : Removing 16 users from all courses. Done
    23:44:05.446 | 441 ool-1-worker-205 | DEBUG | d.t.c.a.a.c.u.util.UserUtilService   : Save 15 users to database...
    23:44:05.455 | 441 ool-1-worker-205 | DEBUG | d.t.c.a.a.c.u.util.UserUtilService   : Save 15 users to database. Done
    23:44:05.468 | 441 ool-1-worker-205 | INFO  | i.z.t.d.l.EmbeddedDatabaseReporter   : JDBC URL to connect to 'dataSource': url='jdbc:h2:tcp://localhost:41063/mem:736625c0-cf5e-400d-aeaa-8a7eabd6262b;USER=sa', scope='CourseGitlabJenkinsIntegrationTest#testExportCourseExam_cannotCreateExamExercisesDir'
    23:44:05.475 | 059 pool-4-thread-2  | INFO  | d.t.c.a.a.p.s.gitlab.GitLabService   : Protecting branch main for Gitlab repository SHORTA5F6F2100A2DA0489B09E8E03FA18F59E4A9T0BB/shorta5f6f2100a2da0489b09e8e03fa18f59e4a9t0bb-studexamstudent1
    23:44:05.797 | 441 ool-1-worker-205 | INFO  | .c.a.a.c.s.e.CourseExamExportService : Exporting course exercises for course 691 and title Course title f7ac9ebb-4deb-4dc3-808f-10e0edd58610
    23:44:05.797 | 441 ool-1-worker-205 | INFO  | .c.a.a.c.s.e.CourseExamExportService : Export course exams for course 691 and title Course title f7ac9ebb-4deb-4dc3-808f-10e0edd58610
    23:44:05.797 | 441 ool-1-worker-205 | ERROR | .c.a.a.c.s.e.CourseExamExportService : Failed to create course exams directory ./exports/server-integration-test/courses/_temp-exports_/short76acfe5f0d01f04ecd09e9d0f21dd2a467d7-Course_title_f7ac9ebb-4deb-4dc3-808f-10e0edd58610-20250214-234405/exams.
java.io.IOException: null

  Starting logs for CourseGitlabJenkinsIntegrationTest > testAddUsersToCourseGroup()
    23:44:05.815 | 441 ool-1-worker-205 | DEBUG | d.t.c.a.a.c.u.util.UserUtilService   : Generate 8 students...
    23:44:05.833 | 441 ool-1-worker-205 | DEBUG | d.t.c.a.a.c.u.util.UserUtilService   : 8 students generated. Generate 5 tutors...
    23:44:05.849 | 441 ool-1-worker-205 | DEBUG | d.t.c.a.a.c.u.util.UserUtilService   : 5 tutors generated. Generate 1 editors...
    23:44:05.854 | 441 ool-1-worker-205 | DEBUG | d.t.c.a.a.c.u.util.UserUtilService   : 1 editors generated. Generate 1 instructors...
    23:44:05.860 | 441 ool-1-worker-205 | DEBUG | d.t.c.a.a.c.u.util.UserUtilService   : 1 instructors generated
    23:44:05.862 | 441 ool-1-worker-205 | DEBUG | d.t.c.a.a.c.u.util.UserUtilService   : Removing 16 users from all courses...
    23:44:05.865 | 441 ool-1-worker-205 | DEBUG | d.t.c.a.a.c.u.util.UserUtilService   : Removing 16 users from all courses. Done
    23:44:05.865 | 441 ool-1-worker-205 | DEBUG | d.t.c.a.a.c.u.util.UserUtilService   : Save 15 users to database...
    23:44:05.886 | 441 ool-1-worker-205 | DEBUG | d.t.c.a.a.c.u.util.UserUtilService   : Save 15 users to database. Done
    23:44:05.909 | 441 ool-1-worker-205 | INFO  | i.z.t.d.l.EmbeddedDatabaseReporter   : JDBC URL to connect to 'dataSource': url='jdbc:h2:tcp://localhost:41063/mem:736625c0-cf5e-400d-aeaa-8a7eabd6262b;USER=sa', scope='CourseGitlabJenkinsIntegrationTest#testAddUsersToCourseGroup'
    23:44:05.911 | 441 ool-1-worker-205 | DEBUG | d.t.c.a.a.c.s.f.ApiVersionFilter     : Adding Version to Request POST /api/courses/692/students
    23:44:05.915 | 441 ool-1-worker-205 | DEBUG | d.t.c.a.a.core.web.CourseResource    : REST request to add [StudentDTO[login=newstudent1, firstName=null, lastName=null, registrationNumber=1234567, email=null], StudentDTO[login=newstudent2, firstName=null, lastName=null, registrationNumber=2345678, email=null], StudentDTO[login=null, firstName=null, lastName=null, registrationNumber=null, email=test@mail]] as students to course 692
    23:44:05.917 | 441 ool-1-worker-205 | WARN  | d.t.c.a.a.c.service.user.UserService : User with registration number '1234567', login 'newstudent1' and email 'null' NOT found in Artemis user database NOR in connected LDAP
    23:44:05.919 | 441 ool-1-worker-205 | WARN  | d.t.c.a.a.c.service.user.UserService : User with registration number '2345678', login 'newstudent2' and email 'null' NOT found in Artemis user database NOR in connected LDAP
    23:44:05.920 | 441 ool-1-worker-205 | WARN  | d.t.c.a.a.c.service.user.UserService : User with registration number 'null', login 'null' and email 'test@mail' NOT found in Artemis user database NOR in connected LDAP

  Starting logs for CourseGitlabJenkinsIntegrationTest > testCreateValidOnlineCourse()
    23:44:05.938 | 441 ool-1-worker-205 | DEBUG | d.t.c.a.a.c.u.util.UserUtilService   : Generate 8 students...
    23:44:05.949 | 441 ool-1-worker-205 | DEBUG | d.t.c.a.a.c.u.util.UserUtilService   : 8 students generated. Generate 5 tutors...
    23:44:05.956 | 441 ool-1-worker-205 | DEBUG | d.t.c.a.a.c.u.util.UserUtilService   : 5 tutors generated. Generate 1 editors...
    23:44:05.959 | 441 ool-1-worker-205 | DEBUG | d.t.c.a.a.c.u.util.UserUtilService   : 1 editors generated. Generate 1 instructors...
    23:44:05.962 | 441 ool-1-worker-205 | DEBUG | d.t.c.a.a.c.u.util.UserUtilService   : 1 instructors generated
    23:44:05.963 | 441 ool-1-worker-205 | DEBUG | d.t.c.a.a.c.u.util.UserUtilService   : Removing 16 users from all courses...
    23:44:05.965 | 441 ool-1-worker-205 | DEBUG | d.t.c.a.a.c.u.util.UserUtilService   : Removing 16 users from all courses. Done
    23:44:05.965 | 441 ool-1-worker-205 | DEBUG | d.t.c.a.a.c.u.util.UserUtilService   : Save 15 users to database...
    23:44:05.974 | 441 ool-1-worker-205 | DEBUG | d.t.c.a.a.c.u.util.UserUtilService   : Save 15 users to database. Done
    23:44:05.984 | 441 ool-1-worker-205 | INFO  | i.z.t.d.l.EmbeddedDatabaseReporter   : JDBC URL to connect to 'dataSource': url='jdbc:h2:tcp://localhost:41063/mem:736625c0-cf5e-400d-aeaa-8a7eabd6262b;USER=sa', scope='CourseGitlabJenkinsIntegrationTest#testCreateValidOnlineCourse'
    23:44:05.985 | 441 ool-1-worker-205 | DEBUG | d.t.c.a.a.c.s.f.ApiVersionFilter     : Adding Version to Request POST /api/admin/courses
    23:44:05.986 | 441 ool-1-worker-205 | DEBUG | d.t.c.a.a.c.w.a.AdminCourseResource  : REST request to save Course : Course{id=null, title='Course title 5696a844-66e9-4d55-ab2c-93391cbc7659', description='null', shortName='short8eb0651c089aa04618082f90b04fb04cd271', studentGroupName='student', teachingAssistantGroupName='tutor', editorGroupName='editor', instructorGroupName='instructor', startDate='2025-02-13T23:44:05.984816660Z', endDate='2025-02-14T23:44:05.984818033Z', enrollmentStartDate='null', enrollmentEndDate='null', unenrollmentEndDate='null', semester='null'', onlineCourse='true', color='null', courseIcon='null', enrollmentEnabled='false', unenrollmentEnabled='false', presentationScore='2', faqEnabled='false'}

  Starting logs for CourseGitlabJenkinsIntegrationTest > searchForStudentsInCourse()
    23:44:06.017 | 441 ool-1-worker-205 | DEBUG | d.t.c.a.a.c.u.util.UserUtilService   : Generate 8 students...
    23:44:06.037 | 441 ool-1-worker-205 | DEBUG | d.t.c.a.a.c.u.util.UserUtilService   : 8 students generated. Generate 5 tutors...
    23:44:06.056 | 441 ool-1-worker-205 | DEBUG | d.t.c.a.a.c.u.util.UserUtilService   : 5 tutors generated. Generate 1 editors...
    23:44:06.061 | 441 ool-1-worker-205 | DEBUG | d.t.c.a.a.c.u.util.UserUtilService   : 1 editors generated. Generate 1 instructors...
    23:44:06.069 | 441 ool-1-worker-205 | DEBUG | d.t.c.a.a.c.u.util.UserUtilService   : 1 instructors generated
    23:44:06.071 | 441 ool-1-worker-205 | DEBUG | d.t.c.a.a.c.u.util.UserUtilService   : Removing 16 users from all courses...
    23:44:06.073 | 441 ool-1-worker-205 | DEBUG | d.t.c.a.a.c.u.util.UserUtilService   : Removing 16 users from all courses. Done
    23:44:06.073 | 441 ool-1-worker-205 | DEBUG | d.t.c.a.a.c.u.util.UserUtilService   : Save 15 users to database...
    23:44:06.094 | 441 ool-1-worker-205 | DEBUG | d.t.c.a.a.c.u.util.UserUtilService   : Save 15 users to database. Done
    23:44:06.116 | 441 ool-1-worker-205 | INFO  | i.z.t.d.l.EmbeddedDatabaseReporter   : JDBC URL to connect to 'dataSource': url='jdbc:h2:tcp://localhost:41063/mem:736625c0-cf5e-400d-aeaa-8a7eabd6262b;USER=sa', scope='CourseGitlabJenkinsIntegrationTest#searchForStudentsInCourse'
    23:44:06.118 | 441 ool-1-worker-205 | DEBUG | d.t.c.a.a.c.s.f.ApiVersionFilter     : Adding Version to Request GET /api/courses/694/students/search
    23:44:06.119 | 441 ool-1-worker-205 | DEBUG | d.t.c.a.a.core.web.CourseResource    : REST request to search for students in course : 694 with login or name : courseegitlabjenkinsstudent
    23:44:06.151 | 441 ool-1-worker-205 | DEBUG | d.t.c.a.a.c.s.f.ApiVersionFilter     : Adding Version to Request GET /api/courses/694/students/search
    23:44:06.155 | 441 ool-1-worker-205 | DEBUG | d.t.c.a.a.core.web.CourseResource    : REST request to search for students in course : 694 with login or name : courseegitlabjenkinstutor

  Starting logs for CourseGitlabJenkinsIntegrationTest > testUpdateValidOnlineCourseConfigurationAsStudent_forbidden()
    23:44:06.189 | 441 ool-1-worker-205 | DEBUG | d.t.c.a.a.c.u.util.UserUtilService   : Generate 8 students...
    23:44:06.201 | 441 ool-1-worker-205 | DEBUG | d.t.c.a.a.c.u.util.UserUtilService   : 8 students generated. Generate 5 tutors...
    23:44:06.209 | 441 ool-1-worker-205 | DEBUG | d.t.c.a.a.c.u.util.UserUtilService   : 5 tutors generated. Generate 1 editors...
    23:44:06.212 | 441 ool-1-worker-205 | DEBUG | d.t.c.a.a.c.u.util.UserUtilService   : 1 editors generated. Generate 1 instructors...
    23:44:06.215 | 441 ool-1-worker-205 | DEBUG | d.t.c.a.a.c.u.util.UserUtilService   : 1 instructors generated
    23:44:06.217 | 441 ool-1-worker-205 | DEBUG | d.t.c.a.a.c.u.util.UserUtilService   : Removing 16 users from all courses...
    23:44:06.219 | 441 ool-1-worker-205 | DEBUG | d.t.c.a.a.c.u.util.UserUtilService   : Removing 16 users from all courses. Done
    23:44:06.219 | 441 ool-1-worker-205 | DEBUG | d.t.c.a.a.c.u.util.UserUtilService   : Save 15 users to database...
    23:44:06.227 | 059 pool-4-thread-2  | INFO  | d.t.c.a.a.p.s.gitlab.GitLabService   : Protecting branch main for Gitlab repository SHORT99E1FAA00B12F042B70BFD4086A46B201CD5TD12/short99e1faa00b12f042b70bfd4086a46b201cd5td12-studexamstudent1
    23:44:06.228 | 441 ool-1-worker-205 | DEBUG | d.t.c.a.a.c.u.util.UserUtilService   : Save 15 users to database. Done
    23:44:06.240 | 441 ool-1-worker-205 | INFO  | i.z.t.d.l.EmbeddedDatabaseReporter   : JDBC URL to connect to 'dataSource': url='jdbc:h2:tcp://localhost:41063/mem:736625c0-cf5e-400d-aeaa-8a7eabd6262b;USER=sa', scope='CourseGitlabJenkinsIntegrationTest#testUpdateValidOnlineCourseConfigurationAsStudent_forbidden'
    23:44:06.242 | 441 ool-1-worker-205 | DEBUG | d.t.c.a.a.c.s.f.ApiVersionFilter     : Adding Version to Request PUT /api/courses/695/online-course-configuration
    23:44:06.244 | 441 ool-1-worker-205 | WARN  | o.z.p.spring.common.AdviceTraits     : Forbidden: Access Denied

  Starting logs for CourseGitlabJenkinsIntegrationTest > testCreateCourseWithNegativeMaxComplaintTextLimit()
    23:44:06.263 | 441 ool-1-worker-205 | DEBUG | d.t.c.a.a.c.u.util.UserUtilService   : Generate 8 students...
    23:44:06.276 | 441 ool-1-worker-205 | DEBUG | d.t.c.a.a.c.u.util.UserUtilService   : 8 students generated. Generate 5 tutors...
    23:44:06.284 | 441 ool-1-worker-205 | DEBUG | d.t.c.a.a.c.u.util.UserUtilService   : 5 tutors generated. Generate 1 editors...
    23:44:06.287 | 441 ool-1-worker-205 | DEBUG | d.t.c.a.a.c.u.util.UserUtilService   : 1 editors generated. Generate 1 instructors...
    23:44:06.290 | 441 ool-1-worker-205 | DEBUG | d.t.c.a.a.c.u.util.UserUtilService   : 1 instructors generated
    23:44:06.292 | 441 ool-1-worker-205 | DEBUG | d.t.c.a.a.c.u.util.UserUtilService   : Removing 16 users from all courses...
    23:44:06.294 | 441 ool-1-worker-205 | DEBUG | d.t.c.a.a.c.u.util.UserUtilService   : Removing 16 users from all courses. Done
    23:44:06.294 | 441 ool-1-worker-205 | DEBUG | d.t.c.a.a.c.u.util.UserUtilService   : Save 15 users to database...
    23:44:06.305 | 441 ool-1-worker-205 | DEBUG | d.t.c.a.a.c.u.util.UserUtilService   : Save 15 users to database. Done
    23:44:06.326 | 441 ool-1-worker-205 | INFO  | i.z.t.d.l.EmbeddedDatabaseReporter   : JDBC URL to connect to 'dataSource': url='jdbc:h2:tcp://localhost:41063/mem:736625c0-cf5e-400d-aeaa-8a7eabd6262b;USER=sa', scope='CourseGitlabJenkinsIntegrationTest#testCreateCourseWithNegativeMaxComplaintTextLimit'
    23:44:06.327 | 441 ool-1-worker-205 | DEBUG | d.t.c.a.a.c.s.f.ApiVersionFilter     : Adding Version to Request POST /api/admin/courses
    23:44:06.331 | 441 ool-1-worker-205 | DEBUG | d.t.c.a.a.c.w.a.AdminCourseResource  : REST request to save Course : Course{id=null, title='Course title 639ec8d5-8135-4b09-83be-0cfae0c4075a', description='null', shortName='shortee28ff700bba504851095d900ff4a2d32d83', studentGroupName='null', teachingAssistantGroupName='null', editorGroupName='null', instructorGroupName='null', startDate='null', endDate='null', enrollmentStartDate='null', enrollmentEndDate='null', unenrollmentEndDate='null', semester='null'', onlineCourse='false', color='null', courseIcon='null', enrollmentEnabled='false', unenrollmentEnabled='false', presentationScore='2', faqEnabled='false'}
    23:44:06.332 | 441 ool-1-worker-205 | ERROR | tech.jhipster.web.util.HeaderUtil    : Entity processing failed, Max Complaint text limit cannot be negative
    23:44:06.332 | 441 ool-1-worker-205 | WARN  | o.z.p.spring.common.AdviceTraits     : Bad Request: Max Complaint text limit cannot be negative

  Starting logs for CourseGitlabJenkinsIntegrationTest > testUpdateCourseGroups()
    23:44:06.359 | 441 ool-1-worker-205 | DEBUG | d.t.c.a.a.c.u.util.UserUtilService   : Generate 8 students...
    23:44:06.370 | 441 ool-1-worker-205 | DEBUG | d.t.c.a.a.c.u.util.UserUtilService   : 8 students generated. Generate 5 tutors...
    23:44:06.377 | 441 ool-1-worker-205 | DEBUG | d.t.c.a.a.c.u.util.UserUtilService   : 5 tutors generated. Generate 1 editors...
    23:44:06.380 | 441 ool-1-worker-205 | DEBUG | d.t.c.a.a.c.u.util.UserUtilService   : 1 editors generated. Generate 1 instructors...
    23:44:06.542 | 441 ool-1-worker-205 | DEBUG | d.t.c.a.a.c.u.util.UserUtilService   : 1 instructors generated
    23:44:06.544 | 441 ool-1-worker-205 | DEBUG | d.t.c.a.a.c.u.util.UserUtilService   : Removing 16 users from all courses...
    23:44:06.546 | 441 ool-1-worker-205 | DEBUG | d.t.c.a.a.c.u.util.UserUtilService   : Removing 16 users from all courses. Done
    23:44:06.546 | 441 ool-1-worker-205 | DEBUG | d.t.c.a.a.c.u.util.UserUtilService   : Save 15 users to database...
    23:44:06.723 | 441 ool-1-worker-205 | DEBUG | d.t.c.a.a.c.u.util.UserUtilService   : Save 15 users to database. Done
    23:44:06.725 | 059 pool-4-thread-2  | INFO  | d.t.c.a.a.p.s.gitlab.GitLabService   : Protecting branch main for Gitlab repository SHORTCD99EEFF01904040380A09307C4BDB91C871T479/shortcd99eeff01904040380a09307c4bdb91c871t479-studexamstudent1
    23:44:06.740 | 441 ool-1-worker-205 | INFO  | i.z.t.d.l.EmbeddedDatabaseReporter   : JDBC URL to connect to 'dataSource': url='jdbc:h2:tcp://localhost:41063/mem:736625c0-cf5e-400d-aeaa-8a7eabd6262b;USER=sa', scope='CourseGitlabJenkinsIntegrationTest#testUpdateCourseGroups'
    23:44:06.780 | 441 ool-1-worker-205 | DEBUG | d.t.c.a.a.c.s.f.ApiVersionFilter     : Adding Version to Request PUT /api/courses/696
    23:44:06.781 | 441 ool-1-worker-205 | DEBUG | d.t.c.a.a.core.web.CourseResource    : REST request to update Course : Course{id=696, title='Course title 1d94411f-9661-4e47-996d-e34ca6b78323', description='null', shortName='shortfa57d8540c10e04f6e0936d026c0327dccf6', studentGroupName='tumuser', teachingAssistantGroupName='new-ta-group', editorGroupName='new-editor-group', instructorGroupName='new-instructor-group', startDate='2025-02-13T23:39:54.015067Z', endDate='2025-02-16T23:39:54.015089Z', enrollmentStartDate='null', enrollmentEndDate='null', unenrollmentEndDate='null', semester='null'', onlineCourse='false', color='null', courseIcon='null', enrollmentEnabled='false', unenrollmentEnabled='false', presentationScore='2', faqEnabled='false'}
    23:44:06.800 | 441 ool-1-worker-205 | INFO  | .a.p.s.g.GitLabUserManagementService : Update Gitlab permissions for programming exercises: [SHORTFA57D8540C10E04F6E0936D026C0327DCCF6TSTEXC]
    23:44:06.818 | 441 ool-1-worker-205 | INFO  | .a.p.s.g.GitLabUserManagementService : Add member 1 to Gitlab group SHORTFA57D8540C10E04F6E0936D026C0327DCCF6TSTEXC
    23:44:06.818 | 441 ool-1-worker-205 | INFO  | .a.p.s.g.GitLabUserManagementService : Add member 1 to Gitlab group SHORTFA57D8540C10E04F6E0936D026C0327DCCF6TSTEXC
    23:44:06.820 | 441 ool-1-worker-205 | INFO  | a.p.s.j.JenkinsUserManagementService : Update Jenkins permissions (update course permissions) for programming exercises: [SHORTFA57D8540C10E04F6E0936D026C0327DCCF6TSTEXC]

  Starting logs for CourseGitlabJenkinsIntegrationTest > testRemoveStudentOrTutorOrInstructorFromCourse_AsInstructorOfOtherCourse_forbidden()
    23:44:06.896 | 441 ool-1-worker-205 | DEBUG | d.t.c.a.a.c.u.util.UserUtilService   : Generate 8 students...
    23:44:06.922 | 441 ool-1-worker-205 | DEBUG | d.t.c.a.a.c.u.util.UserUtilService   : 8 students generated. Generate 5 tutors...
    23:44:06.935 | 441 ool-1-worker-205 | DEBUG | d.t.c.a.a.c.u.util.UserUtilService   : 5 tutors generated. Generate 1 editors...
    23:44:06.939 | 441 ool-1-worker-205 | DEBUG | d.t.c.a.a.c.u.util.UserUtilService   : 1 editors generated. Generate 1 instructors...
    23:44:06.946 | 441 ool-1-worker-205 | DEBUG | d.t.c.a.a.c.u.util.UserUtilService   : 1 instructors generated
    23:44:06.956 | 441 ool-1-worker-205 | DEBUG | d.t.c.a.a.c.u.util.UserUtilService   : Removing 18 users from all courses...
    23:44:06.962 | 441 ool-1-worker-205 | DEBUG | d.t.c.a.a.c.u.util.UserUtilService   : Removing 18 users from all courses. Done
    23:44:06.962 | 441 ool-1-worker-205 | DEBUG | d.t.c.a.a.c.u.util.UserUtilService   : Save 15 users to database...
    23:44:06.972 | 441 ool-1-worker-205 | DEBUG | d.t.c.a.a.c.u.util.UserUtilService   : Save 15 users to database. Done
    23:44:06.984 | 441 ool-1-worker-205 | INFO  | i.z.t.d.l.EmbeddedDatabaseReporter   : JDBC URL to connect to 'dataSource': url='jdbc:h2:tcp://localhost:41063/mem:736625c0-cf5e-400d-aeaa-8a7eabd6262b;USER=sa', scope='CourseGitlabJenkinsIntegrationTest#testRemoveStudentOrTutorOrInstructorFromCourse_AsInstructorOfOtherCourse_forbidden'
    23:44:07.021 | 441 ool-1-worker-205 | DEBUG | d.t.c.a.a.c.s.f.ApiVersionFilter     : Adding Version to Request DELETE /api/courses/697/students/courseegitlabjenkinsstudent1
    23:44:07.023 | 441 ool-1-worker-205 | DEBUG | d.t.c.a.a.core.web.CourseResource    : REST request to remove courseegitlabjenkinsstudent1 as student from course : 697
    23:44:07.025 | 441 ool-1-worker-205 | WARN  | o.z.p.spring.common.AdviceTraits     : Forbidden: You are not allowed to access this resource
    23:44:07.027 | 441 ool-1-worker-205 | DEBUG | d.t.c.a.a.c.s.f.ApiVersionFilter     : Adding Version to Request DELETE /api/courses/697/tutors/courseegitlabjenkinstutor1
    23:44:07.028 | 441 ool-1-worker-205 | DEBUG | d.t.c.a.a.core.web.CourseResource    : REST request to remove courseegitlabjenkinstutor1 as tutor from course : 697
    23:44:07.029 | 441 ool-1-worker-205 | WARN  | o.z.p.spring.common.AdviceTraits     : Forbidden: You are not allowed to access this resource
    23:44:07.030 | 441 ool-1-worker-205 | DEBUG | d.t.c.a.a.c.s.f.ApiVersionFilter     : Adding Version to Request DELETE /api/courses/697/editors/courseegitlabjenkinseditor1
    23:44:07.031 | 441 ool-1-worker-205 | DEBUG | d.t.c.a.a.core.web.CourseResource    : REST request to remove courseegitlabjenkinseditor1 as editor from course : 697
    23:44:07.033 | 441 ool-1-worker-205 | WARN  | o.z.p.spring.common.AdviceTraits     : Forbidden: You are not allowed to access this resource
    23:44:07.034 | 441 ool-1-worker-205 | DEBUG | d.t.c.a.a.c.s.f.ApiVersionFilter     : Adding Version to Request DELETE /api/courses/697/instructors/courseegitlabjenkinsinstructor1
    23:44:07.034 | 441 ool-1-worker-205 | DEBUG | d.t.c.a.a.core.web.CourseResource    : REST request to remove courseegitlabjenkinsinstructor1 as instructor from course : 697
    23:44:07.036 | 441 ool-1-worker-205 | WARN  | o.z.p.spring.common.AdviceTraits     : Forbidden: You are not allowed to access this resource

  Starting logs for CourseGitlabJenkinsIntegrationTest > testUnenrollFromCourse()
    23:44:07.055 | 441 ool-1-worker-205 | DEBUG | d.t.c.a.a.c.u.util.UserUtilService   : Generate 8 students...
    23:44:07.080 | 441 ool-1-worker-205 | DEBUG | d.t.c.a.a.c.u.util.UserUtilService   : 8 students generated. Generate 5 tutors...
    23:44:07.088 | 441 ool-1-worker-205 | DEBUG | d.t.c.a.a.c.u.util.UserUtilService   : 5 tutors generated. Generate 1 editors...
    23:44:07.091 | 441 ool-1-worker-205 | DEBUG | d.t.c.a.a.c.u.util.UserUtilService   : 1 editors generated. Generate 1 instructors...
    23:44:07.094 | 441 ool-1-worker-205 | DEBUG | d.t.c.a.a.c.u.util.UserUtilService   : 1 instructors generated
    23:44:07.096 | 441 ool-1-worker-205 | DEBUG | d.t.c.a.a.c.u.util.UserUtilService   : Removing 16 users from all courses...
    23:44:07.098 | 441 ool-1-worker-205 | DEBUG | d.t.c.a.a.c.u.util.UserUtilService   : Removing 16 users from all courses. Done
    23:44:07.098 | 441 ool-1-worker-205 | DEBUG | d.t.c.a.a.c.u.util.UserUtilService   : Save 15 users to database...
    23:44:07.107 | 441 ool-1-worker-205 | DEBUG | d.t.c.a.a.c.u.util.UserUtilService   : Save 15 users to database. Done
    23:44:07.120 | 441 ool-1-worker-205 | INFO  | i.z.t.d.l.EmbeddedDatabaseReporter   : JDBC URL to connect to 'dataSource': url='jdbc:h2:tcp://localhost:41063/mem:736625c0-cf5e-400d-aeaa-8a7eabd6262b;USER=sa', scope='CourseGitlabJenkinsIntegrationTest#testUnenrollFromCourse'
    23:44:07.187 | 441 ool-1-worker-205 | DEBUG | d.t.c.a.a.c.s.f.ApiVersionFilter     : Adding Version to Request POST /api/courses/698/unenroll
    23:44:07.193 | 441 ool-1-worker-205 | DEBUG | d.t.c.a.a.core.web.CourseResource    : REST request to unenroll courseegitlabjenkinsstudent1First courseegitlabjenkinsstudent1Last for Course Course title 9cc6d05b-a09c-4e91-afcb-1b0750e2cd4e
    23:44:07.193 | 441 ool-1-worker-205 | INFO  | d.t.c.a.a.c.service.user.UserService : Remove user courseegitlabjenkinsstudent1 from group unenrolltestcourse1
    23:44:07.198 | 441 ool-1-worker-205 | DEBUG | d.t.c.a.a.c.service.user.UserService : Save user User{login='courseegitlabjenkinsstudent1', firstName='courseegitlabjenkinsstudent1First', lastName='courseegitlabjenkinsstudent1Last', email='courseegitlabjenkinsstudent1@test.de', imageUrl='null', activated='true', langKey='en', activationKey='null'}
    23:44:07.205 | 441 ool-1-worker-205 | INFO  | .a.p.s.g.GitLabUserManagementService : Update Gitlab permissions for programming exercises: []
    23:44:07.211 | 441 ool-1-worker-205 | INFO  | a.p.s.j.JenkinsUserManagementService : Update Jenkins permissions (remove users from groups) for programming exercises: []
    23:44:07.219 | 441 ool-1-worker-205 | INFO  | d.t.c.a.a.core.service.CourseService : User courseegitlabjenkinsstudent1 has successfully unenrolled from course Course title 9cc6d05b-a09c-4e91-afcb-1b0750e2cd4e
    23:44:07.226 | 441 ool-1-worker-205 | DEBUG | d.t.c.a.a.c.s.f.ApiVersionFilter     : Adding Version to Request POST /api/courses/699/unenroll
    23:44:07.228 | 441 ool-1-worker-205 | DEBUG | d.t.c.a.a.core.web.CourseResource    : REST request to unenroll courseegitlabjenkinsstudent1First courseegitlabjenkinsstudent1Last for Course Course title 7d656e1b-955e-42b0-a70e-6b9fa8fe5bea
    23:44:07.229 | 441 ool-1-worker-205 | WARN  | o.z.p.spring.common.AdviceTraits     : Forbidden: The course does currently not allow unenrollment.
    23:44:07.231 | 441 ool-1-worker-205 | DEBUG | d.t.c.a.a.c.s.f.ApiVersionFilter     : Adding Version to Request POST /api/courses/700/unenroll
    23:44:07.233 | 441 ool-1-worker-205 | DEBUG | d.t.c.a.a.core.web.CourseResource    : REST request to unenroll courseegitlabjenkinsstudent1First courseegitlabjenkinsstudent1Last for Course Course title 0a42e25d-f47d-486e-b768-206c67e4271e
    23:44:07.233 | 441 ool-1-worker-205 | WARN  | o.z.p.spring.common.AdviceTraits     : Forbidden: The course does currently not allow unenrollment.

  Starting logs for CourseGitlabJenkinsIntegrationTest > testCleanupCourseAsTutor_forbidden()
    23:44:07.250 | 441 ool-1-worker-205 | DEBUG | d.t.c.a.a.c.u.util.UserUtilService   : Generate 8 students...
    23:44:07.262 | 441 ool-1-worker-205 | DEBUG | d.t.c.a.a.c.u.util.UserUtilService   : 8 students generated. Generate 5 tutors...
    23:44:07.271 | 441 ool-1-worker-205 | DEBUG | d.t.c.a.a.c.u.util.UserUtilService   : 5 tutors generated. Generate 1 editors...
    23:44:07.274 | 441 ool-1-worker-205 | DEBUG | d.t.c.a.a.c.u.util.UserUtilService   : 1 editors generated. Generate 1 instructors...
    23:44:07.278 | 441 ool-1-worker-205 | DEBUG | d.t.c.a.a.c.u.util.UserUtilService   : 1 instructors generated
    23:44:07.280 | 441 ool-1-worker-205 | DEBUG | d.t.c.a.a.c.u.util.UserUtilService   : Removing 16 users from all courses...
    23:44:07.282 | 441 ool-1-worker-205 | DEBUG | d.t.c.a.a.c.u.util.UserUtilService   : Removing 16 users from all courses. Done
    23:44:07.282 | 441 ool-1-worker-205 | DEBUG | d.t.c.a.a.c.u.util.UserUtilService   : Save 15 users to database...
    23:44:07.292 | 441 ool-1-worker-205 | DEBUG | d.t.c.a.a.c.u.util.UserUtilService   : Save 15 users to database. Done
    23:44:07.304 | 441 ool-1-worker-205 | INFO  | i.z.t.d.l.EmbeddedDatabaseReporter   : JDBC URL to connect to 'dataSource': url='jdbc:h2:tcp://localhost:41063/mem:736625c0-cf5e-400d-aeaa-8a7eabd6262b;USER=sa', scope='CourseGitlabJenkinsIntegrationTest#testCleanupCourseAsTutor_forbidden'
    23:44:07.305 | 441 ool-1-worker-205 | DEBUG | d.t.c.a.a.c.s.f.ApiVersionFilter     : Adding Version to Request DELETE /api/courses/1/cleanup
    23:44:07.306 | 441 ool-1-worker-205 | WARN  | o.z.p.spring.common.AdviceTraits     : Forbidden: Access Denied

  Starting logs for CourseGitlabJenkinsIntegrationTest > testGetExistingExerciseDetails_asTutor()
    23:44:07.325 | 441 ool-1-worker-205 | DEBUG | d.t.c.a.a.c.u.util.UserUtilService   : Generate 8 students...
    23:44:07.349 | 441 ool-1-worker-205 | DEBUG | d.t.c.a.a.c.u.util.UserUtilService   : 8 students generated. Generate 5 tutors...
    23:44:07.367 | 441 ool-1-worker-205 | DEBUG | d.t.c.a.a.c.u.util.UserUtilService   : 5 tutors generated. Generate 1 editors...
    23:44:07.373 | 441 ool-1-worker-205 | DEBUG | d.t.c.a.a.c.u.util.UserUtilService   : 1 editors generated. Generate 1 instructors...
    23:44:07.381 | 441 ool-1-worker-205 | DEBUG | d.t.c.a.a.c.u.util.UserUtilService   : 1 instructors generated
    23:44:07.383 | 441 ool-1-worker-205 | DEBUG | d.t.c.a.a.c.u.util.UserUtilService   : Removing 16 users from all courses...
    23:44:07.389 | 441 ool-1-worker-205 | DEBUG | d.t.c.a.a.c.u.util.UserUtilService   : Removing 16 users from all courses. Done
    23:44:07.389 | 441 ool-1-worker-205 | DEBUG | d.t.c.a.a.c.u.util.UserUtilService   : Save 15 users to database...
    23:44:07.410 | 441 ool-1-worker-205 | DEBUG | d.t.c.a.a.c.u.util.UserUtilService   : Save 15 users to database. Done
    23:44:07.431 | 441 ool-1-worker-205 | INFO  | i.z.t.d.l.EmbeddedDatabaseReporter   : JDBC URL to connect to 'dataSource': url='jdbc:h2:tcp://localhost:41063/mem:736625c0-cf5e-400d-aeaa-8a7eabd6262b;USER=sa', scope='CourseGitlabJenkinsIntegrationTest#testGetExistingExerciseDetails_asTutor'
    23:44:07.445 | 441 ool-1-worker-205 | DEBUG | d.t.c.a.a.c.s.f.ApiVersionFilter     : Adding Version to Request GET /api/courses/701/existing-exercise-details
    23:44:07.446 | 441 ool-1-worker-205 | WARN  | o.z.p.spring.common.AdviceTraits     : Forbidden: Access Denied

  Starting logs for CourseGitlabJenkinsIntegrationTest > testGetCoursesAccurateTimezoneEvaluation()
    23:44:07.479 | 441 ool-1-worker-205 | DEBUG | d.t.c.a.a.c.u.util.UserUtilService   : Generate 8 students...
    23:44:07.492 | 441 ool-1-worker-205 | DEBUG | d.t.c.a.a.c.u.util.UserUtilService   : 8 students generated. Generate 5 tutors...
    23:44:07.496 | 059 pool-4-thread-2  | INFO  | d.t.c.a.a.p.s.gitlab.GitLabService   : Protecting branch main for Gitlab repository SHORTC8D982FE09C5C04B2E09005039C8E7E41B7FT27B/shortc8d982fe09c5c04b2e09005039c8e7e41b7ft27b-studexamstudent1
    23:44:07.501 | 441 ool-1-worker-205 | DEBUG | d.t.c.a.a.c.u.util.UserUtilService   : 5 tutors generated. Generate 1 editors...
    23:44:07.503 | 441 ool-1-worker-205 | DEBUG | d.t.c.a.a.c.u.util.UserUtilService   : 1 editors generated. Generate 1 instructors...
    23:44:07.506 | 441 ool-1-worker-205 | DEBUG | d.t.c.a.a.c.u.util.UserUtilService   : 1 instructors generated
    23:44:07.509 | 441 ool-1-worker-205 | DEBUG | d.t.c.a.a.c.u.util.UserUtilService   : Removing 16 users from all courses...
    23:44:07.511 | 441 ool-1-worker-205 | DEBUG | d.t.c.a.a.c.u.util.UserUtilService   : Removing 16 users from all courses. Done
    23:44:07.511 | 441 ool-1-worker-205 | DEBUG | d.t.c.a.a.c.u.util.UserUtilService   : Save 15 users to database...
    23:44:07.523 | 441 ool-1-worker-205 | DEBUG | d.t.c.a.a.c.u.util.UserUtilService   : Save 15 users to database. Done
    23:44:07.524 | 059 pool-4-thread-2  | INFO  | d.t.c.a.a.p.s.gitlab.GitLabService   : Protecting branch main for Gitlab repository SHORTC8D982FE09C5C04B2E09005039C8E7E41B7FT27B/shortc8d982fe09c5c04b2e09005039c8e7e41b7ft27b-studexamstudent2
    23:44:07.534 | 441 ool-1-worker-205 | INFO  | i.z.t.d.l.EmbeddedDatabaseReporter   : JDBC URL to connect to 'dataSource': url='jdbc:h2:tcp://localhost:41063/mem:736625c0-cf5e-400d-aeaa-8a7eabd6262b;USER=sa', scope='CourseGitlabJenkinsIntegrationTest#testGetCoursesAccurateTimezoneEvaluation'
    23:44:07.561 | 441 ool-1-worker-205 | DEBUG | d.t.c.a.a.c.s.f.ApiVersionFilter     : Adding Version to Request GET /api/courses/for-dashboard
    23:44:07.562 | 441 ool-1-worker-205 | DEBUG | d.t.c.a.a.core.web.CourseResource    : Request to get all courses user courseegitlabjenkinstutor1 has access to with exams, lectures, exercises, participations, submissions and results + calculated scores
    23:44:07.615 | 441 ool-1-worker-205 | DEBUG | d.t.c.a.a.core.service.CourseService : Find user visible courses finished after 52.08ms
    23:44:07.616 | 441 ool-1-worker-205 | DEBUG | d.t.c.a.a.core.service.CourseService : findAllExercisesByCourseIdsWithCategories finished with 0 exercises after 1.52ms
    23:44:07.619 | 441 ool-1-worker-205 | DEBUG | d.t.c.a.a.core.service.CourseService : all 1 filterExercisesForCourse individually finished together after 841µs
    23:44:07.619 | 441 ool-1-worker-205 | DEBUG | d.t.c.a.a.core.service.CourseService : Filter exercises, lectures, and exams finished after 56.78ms
    23:44:07.619 | 441 ool-1-worker-205 | DEBUG | d.t.c.a.a.core.web.CourseResource    : courseService.findAllActiveWithExercisesForUser done
    23:44:07.620 | 441 ool-1-worker-205 | DEBUG | d.t.c.a.a.core.web.CourseResource    : courseService.fetchParticipationsWithSubmissionsAndResultsForCourses done
    23:44:07.621 | 441 ool-1-worker-205 | DEBUG | d.t.c.a.a.core.web.CourseResource    : courseService.fetchPlagiarismCasesForCourseExercises done
    23:44:07.628 | 441 ool-1-worker-205 | DEBUG | d.t.c.a.a.core.web.CourseResource    : gradingScaleRepository.findAllByCourseIds done
    23:44:07.630 | 441 ool-1-worker-205 | INFO  | d.t.c.a.a.core.web.CourseResource    : courses/for-dashboard (multiple courses) finished in 68.88ms for 1 courses with 0 individual exercise(s) and 0 team exercise(s) for user courseegitlabjenkinstutor1
    23:44:07.655 | 441 ool-1-worker-205 | DEBUG | d.t.c.a.a.c.s.f.ApiVersionFilter     : Adding Version to Request GET /api/courses/for-notifications
    23:44:07.656 | 441 ool-1-worker-205 | DEBUG | d.t.c.a.a.core.web.CourseResource    : REST request to get all Courses the user has access to

  Starting logs for CourseGitlabJenkinsIntegrationTest > testGetCourseForDashboardAccessDenied(boolean) [1] userRefresh=true
    23:44:07.768 | 441 ool-1-worker-205 | DEBUG | d.t.c.a.a.c.u.util.UserUtilService   : Generate 8 students...
    23:44:07.782 | 441 ool-1-worker-205 | DEBUG | d.t.c.a.a.c.u.util.UserUtilService   : 8 students generated. Generate 5 tutors...
    23:44:07.790 | 441 ool-1-worker-205 | DEBUG | d.t.c.a.a.c.u.util.UserUtilService   : 5 tutors generated. Generate 1 editors...
    23:44:07.795 | 441 ool-1-worker-205 | DEBUG | d.t.c.a.a.c.u.util.UserUtilService   : 1 editors generated. Generate 1 instructors...
    23:44:07.798 | 441 ool-1-worker-205 | DEBUG | d.t.c.a.a.c.u.util.UserUtilService   : 1 instructors generated
    23:44:07.809 | 441 ool-1-worker-205 | DEBUG | d.t.c.a.a.c.u.util.UserUtilService   : Removing 16 users from all courses...
    23:44:07.814 | 441 ool-1-worker-205 | DEBUG | d.t.c.a.a.c.u.util.UserUtilService   : Removing 16 users from all courses. Done
    23:44:07.814 | 441 ool-1-worker-205 | DEBUG | d.t.c.a.a.c.u.util.UserUtilService   : Save 15 users to database...
    23:44:07.829 | 441 ool-1-worker-205 | DEBUG | d.t.c.a.a.c.u.util.UserUtilService   : Save 15 users to database. Done
    23:44:07.845 | 441 ool-1-worker-205 | INFO  | i.z.t.d.l.EmbeddedDatabaseReporter   : JDBC URL to connect to 'dataSource': url='jdbc:h2:tcp://localhost:41063/mem:736625c0-cf5e-400d-aeaa-8a7eabd6262b;USER=sa', scope='CourseGitlabJenkinsIntegrationTest#testGetCourseForDashboardAccessDenied'
    23:44:07.915 | 441 ool-1-worker-205 | DEBUG | .c.s.m.InstanceMessageReceiveService : Received schedule participant score for exercise 2399 and participant 689 (result to be deleted: null)
    23:44:07.915 | 441 ool-1-worker-205 | DEBUG | .a.s.ParticipantScoreScheduleService : Scheduled task for exercise 2399 and participant 689 at 2025-02-14T23:44:08.015808856Z[Etc/UTC].
    23:44:07.916 | 441 ool-1-worker-205 | DEBUG | .c.s.m.InstanceMessageReceiveService : Received schedule participant score for exercise 2399 and participant 689 (result to be deleted: null)
    23:44:07.916 | 441 ool-1-worker-205 | DEBUG | .a.s.ParticipantScoreScheduleService : Scheduled task for exercise 2399 and participant 689 at 2025-02-14T23:44:08.016500255Z[Etc/UTC].
    23:44:07.917 | 441 ool-1-worker-205 | DEBUG | .c.s.m.InstanceMessageReceiveService : Received schedule participant score for exercise 2400 and participant 689 (result to be deleted: null)
    23:44:07.917 | 441 ool-1-worker-205 | DEBUG | .a.s.ParticipantScoreScheduleService : Scheduled task for exercise 2400 and participant 689 at 2025-02-14T23:44:08.017139988Z[Etc/UTC].
    23:44:07.917 | 441 ool-1-worker-205 | DEBUG | .c.s.m.InstanceMessageReceiveService : Received schedule participant score for exercise 2402 and participant 689 (result to be deleted: null)
    23:44:07.917 | 441 ool-1-worker-205 | DEBUG | .a.s.ParticipantScoreScheduleService : Scheduled task for exercise 2402 and participant 689 at 2025-02-14T23:44:08.017684584Z[Etc/UTC].
    23:44:07.918 | 441 ool-1-worker-205 | DEBUG | .c.s.m.InstanceMessageReceiveService : Received schedule participant score for exercise 2402 and participant 689 (result to be deleted: null)
    23:44:07.918 | 441 ool-1-worker-205 | DEBUG | .a.s.ParticipantScoreScheduleService : Scheduled task for exercise 2402 and participant 689 at 2025-02-14T23:44:08.018252112Z[Etc/UTC].
    23:44:07.931 | 441 ool-1-worker-205 | DEBUG | .c.s.m.InstanceMessageReceiveService : Received schedule participant score for exercise 2399 and participant 689 (result to be deleted: null)
    23:44:07.931 | 441 ool-1-worker-205 | DEBUG | .a.s.ParticipantScoreScheduleService : Scheduled task for exercise 2399 and participant 689 at 2025-02-14T23:44:08.031665606Z[Etc/UTC].
    23:44:07.942 | 441 ool-1-worker-205 | DEBUG | .c.s.m.InstanceMessageReceiveService : Received schedule participant score for exercise 2399 and participant 689 (result to be deleted: null)
    23:44:07.942 | 441 ool-1-worker-205 | DEBUG | .a.s.ParticipantScoreScheduleService : Scheduled task for exercise 2399 and participant 689 at 2025-02-14T23:44:08.042502926Z[Etc/UTC].
    23:44:07.953 | 441 ool-1-worker-205 | DEBUG | .c.s.m.InstanceMessageReceiveService : Received schedule participant score for exercise 2400 and participant 689 (result to be deleted: null)
    23:44:07.953 | 441 ool-1-worker-205 | DEBUG | .a.s.ParticipantScoreScheduleService : Scheduled task for exercise 2400 and participant 689 at 2025-02-14T23:44:08.053340957Z[Etc/UTC].
    23:44:07.964 | 441 ool-1-worker-205 | DEBUG | .c.s.m.InstanceMessageReceiveService : Received schedule participant score for exercise 2402 and participant 689 (result to be deleted: null)
    23:44:07.964 | 441 ool-1-worker-205 | DEBUG | .a.s.ParticipantScoreScheduleService : Scheduled task for exercise 2402 and participant 689 at 2025-02-14T23:44:08.064480621Z[Etc/UTC].
    23:44:07.975 | 441 ool-1-worker-205 | DEBUG | .c.s.m.InstanceMessageReceiveService : Received schedule participant score for exercise 2402 and participant 689 (result to be deleted: null)
    23:44:07.975 | 441 ool-1-worker-205 | DEBUG | .a.s.ParticipantScoreScheduleService : Scheduled task for exercise 2402 and participant 689 at 2025-02-14T23:44:08.075250284Z[Etc/UTC].
    23:44:08.034 | 441 ool-1-worker-205 | DEBUG | d.t.c.a.a.c.s.f.ApiVersionFilter     : Adding Version to Request GET /api/courses/705/for-dashboard
    23:44:08.035 | 441 ool-1-worker-205 | DEBUG | d.t.c.a.a.core.web.CourseResource    : REST request to get one course 705 with exams, lectures, exercises, participations, submissions and results, etc.
    23:44:08.042 | 326 taskScheduler-1  | DEBUG | .a.s.ParticipantScoreScheduleService : Processing exercise 2399 and participant 689 to update participant scores.
    23:44:08.053 | 329 taskScheduler-4  | DEBUG | .a.s.ParticipantScoreScheduleService : Processing exercise 2400 and participant 689 to update participant scores.
    23:44:08.056 | 326 taskScheduler-1  | DEBUG | .a.s.ParticipantScoreScheduleService : Updating the participant score for exercise 2399 and participant 689 took 14 ms.
    23:44:08.058 | 441 ool-1-worker-205 | DEBUG | d.t.c.a.a.core.web.CourseResource    : courseService.findOneWithExercisesAndLecturesAndExamsAndCompetenciesAndTutorialGroupsForUser done
    23:44:08.062 | 329 taskScheduler-4  | DEBUG | .a.s.ParticipantScoreScheduleService : Updating the participant score for exercise 2400 and participant 689 took 9 ms.
    23:44:08.064 | 441 ool-1-worker-205 | WARN  | o.z.p.spring.common.AdviceTraits     : Forbidden: You don't have access to this course, but you could enroll in it.

  Starting logs for CourseGitlabJenkinsIntegrationTest > testGetCourseForDashboardAccessDenied(boolean) [2] userRefresh=false
    23:44:08.098 | 441 ool-1-worker-205 | DEBUG | d.t.c.a.a.c.u.util.UserUtilService   : Generate 8 students...
    23:44:08.110 | 441 ool-1-worker-205 | DEBUG | d.t.c.a.a.c.u.util.UserUtilService   : 8 students generated. Generate 5 tutors...
    23:44:08.118 | 441 ool-1-worker-205 | DEBUG | d.t.c.a.a.c.u.util.UserUtilService   : 5 tutors generated. Generate 1 editors...
    23:44:08.121 | 441 ool-1-worker-205 | DEBUG | d.t.c.a.a.c.u.util.UserUtilService   : 1 editors generated. Generate 1 instructors...
    23:44:08.124 | 441 ool-1-worker-205 | DEBUG | d.t.c.a.a.c.u.util.UserUtilService   : 1 instructors generated
    23:44:08.126 | 441 ool-1-worker-205 | DEBUG | d.t.c.a.a.c.u.util.UserUtilService   : Removing 15 users from all courses...
    23:44:08.128 | 441 ool-1-worker-205 | DEBUG | d.t.c.a.a.c.u.util.UserUtilService   : Removing 15 users from all courses. Done
    23:44:08.128 | 441 ool-1-worker-205 | DEBUG | d.t.c.a.a.c.u.util.UserUtilService   : Save 15 users to database...
    23:44:08.137 | 441 ool-1-worker-205 | DEBUG | d.t.c.a.a.c.u.util.UserUtilService   : Save 15 users to database. Done
    23:44:08.148 | 441 ool-1-worker-205 | INFO  | i.z.t.d.l.EmbeddedDatabaseReporter   : JDBC URL to connect to 'dataSource': url='jdbc:h2:tcp://localhost:41063/mem:736625c0-cf5e-400d-aeaa-8a7eabd6262b;USER=sa', scope='CourseGitlabJenkinsIntegrationTest#testGetCourseForDashboardAccessDenied'
    23:44:08.217 | 441 ool-1-worker-205 | DEBUG | .c.s.m.InstanceMessageReceiveService : Received schedule participant score for exercise 2404 and participant 689 (result to be deleted: null)
    23:44:08.217 | 441 ool-1-worker-205 | DEBUG | .a.s.ParticipantScoreScheduleService : Scheduled task for exercise 2404 and participant 689 at 2025-02-14T23:44:08.317577033Z[Etc/UTC].
    23:44:08.218 | 441 ool-1-worker-205 | DEBUG | .c.s.m.InstanceMessageReceiveService : Received schedule participant score for exercise 2404 and participant 689 (result to be deleted: null)
    23:44:08.218 | 441 ool-1-worker-205 | DEBUG | .a.s.ParticipantScoreScheduleService : Scheduled task for exercise 2404 and participant 689 at 2025-02-14T23:44:08.318521384Z[Etc/UTC].
    23:44:08.219 | 441 ool-1-worker-205 | DEBUG | .c.s.m.InstanceMessageReceiveService : Received schedule participant score for exercise 2405 and participant 689 (result to be deleted: null)
    23:44:08.219 | 441 ool-1-worker-205 | DEBUG | .a.s.ParticipantScoreScheduleService : Scheduled task for exercise 2405 and participant 689 at 2025-02-14T23:44:08.319121293Z[Etc/UTC].
    23:44:08.219 | 441 ool-1-worker-205 | DEBUG | .c.s.m.InstanceMessageReceiveService : Received schedule participant score for exercise 2407 and participant 689 (result to be deleted: null)
    23:44:08.219 | 441 ool-1-worker-205 | DEBUG | .a.s.ParticipantScoreScheduleService : Scheduled task for exercise 2407 and participant 689 at 2025-02-14T23:44:08.319729316Z[Etc/UTC].
    23:44:08.220 | 441 ool-1-worker-205 | DEBUG | .c.s.m.InstanceMessageReceiveService : Received schedule participant score for exercise 2407 and participant 689 (result to be deleted: null)
    23:44:08.220 | 441 ool-1-worker-205 | DEBUG | .a.s.ParticipantScoreScheduleService : Scheduled task for exercise 2407 and participant 689 at 2025-02-14T23:44:08.320324416Z[Etc/UTC].
    23:44:08.231 | 441 ool-1-worker-205 | DEBUG | .c.s.m.InstanceMessageReceiveService : Received schedule participant score for exercise 2404 and participant 689 (result to be deleted: null)
    23:44:08.231 | 441 ool-1-worker-205 | DEBUG | .a.s.ParticipantScoreScheduleService : Scheduled task for exercise 2404 and participant 689 at 2025-02-14T23:44:08.331149544Z[Etc/UTC].
    23:44:08.242 | 441 ool-1-worker-205 | DEBUG | .c.s.m.InstanceMessageReceiveService : Received schedule participant score for exercise 2404 and participant 689 (result to be deleted: null)
    23:44:08.242 | 441 ool-1-worker-205 | DEBUG | .a.s.ParticipantScoreScheduleService : Scheduled task for exercise 2404 and participant 689 at 2025-02-14T23:44:08.342226911Z[Etc/UTC].
    23:44:08.255 | 441 ool-1-worker-205 | DEBUG | .c.s.m.InstanceMessageReceiveService : Received schedule participant score for exercise 2405 and participant 689 (result to be deleted: null)
    23:44:08.255 | 441 ool-1-worker-205 | DEBUG | .a.s.ParticipantScoreScheduleService : Scheduled task for exercise 2405 and participant 689 at 2025-02-14T23:44:08.355422930Z[Etc/UTC].
    23:44:08.267 | 441 ool-1-worker-205 | DEBUG | .c.s.m.InstanceMessageReceiveService : Received schedule participant score for exercise 2407 and participant 689 (result to be deleted: null)
    23:44:08.268 | 441 ool-1-worker-205 | DEBUG | .a.s.ParticipantScoreScheduleService : Scheduled task for exercise 2407 and participant 689 at 2025-02-14T23:44:08.368035320Z[Etc/UTC].
    23:44:08.280 | 441 ool-1-worker-205 | DEBUG | .c.s.m.InstanceMessageReceiveService : Received schedule participant score for exercise 2407 and participant 689 (result to be deleted: null)
    23:44:08.280 | 441 ool-1-worker-205 | DEBUG | .a.s.ParticipantScoreScheduleService : Scheduled task for exercise 2407 and participant 689 at 2025-02-14T23:44:08.380739313Z[Etc/UTC].
    23:44:08.337 | 441 ool-1-worker-205 | DEBUG | d.t.c.a.a.c.s.f.ApiVersionFilter     : Adding Version to Request GET /api/courses/707/for-dashboard
    23:44:08.338 | 441 ool-1-worker-205 | DEBUG | d.t.c.a.a.core.web.CourseResource    : REST request to get one course 707 with exams, lectures, exercises, participations, submissions and results, etc.
    23:44:08.342 | 327 taskScheduler-2  | DEBUG | .a.s.ParticipantScoreScheduleService : Processing exercise 2404 and participant 689 to update participant scores.
    23:44:08.346 | 441 ool-1-worker-205 | DEBUG | d.t.c.a.a.core.web.CourseResource    : courseService.findOneWithExercisesAndLecturesAndExamsAndCompetenciesAndTutorialGroupsForUser done
    23:44:08.347 | 441 ool-1-worker-205 | WARN  | o.z.p.spring.common.AdviceTraits     : Forbidden: You don't have access to this course, but you could enroll in it.
    23:44:08.351 | 327 taskScheduler-2  | DEBUG | .a.s.ParticipantScoreScheduleService : Updating the participant score for exercise 2404 and participant 689 took 9 ms.

  Starting logs for CourseGitlabJenkinsIntegrationTest > testRemoveStudentOrTutorOrInstructorFromCourse_AsTutor_forbidden()
    23:44:08.363 | 441 ool-1-worker-205 | DEBUG | d.t.c.a.a.c.u.util.UserUtilService   : Generate 8 students...
    23:44:08.377 | 441 ool-1-worker-205 | DEBUG | d.t.c.a.a.c.u.util.UserUtilService   : 8 students generated. Generate 5 tutors...
    23:44:08.385 | 441 ool-1-worker-205 | DEBUG | d.t.c.a.a.c.u.util.UserUtilService   : 5 tutors generated. Generate 1 editors...
    23:44:08.388 | 441 ool-1-worker-205 | DEBUG | d.t.c.a.a.c.u.util.UserUtilService   : 1 editors generated. Generate 1 instructors...
    23:44:08.391 | 441 ool-1-worker-205 | DEBUG | d.t.c.a.a.c.u.util.UserUtilService   : 1 instructors generated
    23:44:08.393 | 441 ool-1-worker-205 | DEBUG | d.t.c.a.a.c.u.util.UserUtilService   : Removing 15 users from all courses...
    23:44:08.395 | 441 ool-1-worker-205 | DEBUG | d.t.c.a.a.c.u.util.UserUtilService   : Removing 15 users from all courses. Done
    23:44:08.395 | 441 ool-1-worker-205 | DEBUG | d.t.c.a.a.c.u.util.UserUtilService   : Save 15 users to database...
    23:44:08.408 | 441 ool-1-worker-205 | DEBUG | d.t.c.a.a.c.u.util.UserUtilService   : Save 15 users to database. Done
    23:44:08.419 | 441 ool-1-worker-205 | INFO  | i.z.t.d.l.EmbeddedDatabaseReporter   : JDBC URL to connect to 'dataSource': url='jdbc:h2:tcp://localhost:41063/mem:736625c0-cf5e-400d-aeaa-8a7eabd6262b;USER=sa', scope='CourseGitlabJenkinsIntegrationTest#testRemoveStudentOrTutorOrInstructorFromCourse_AsTutor_forbidden'
    23:44:08.487 | 441 ool-1-worker-205 | DEBUG | d.t.c.a.a.c.s.f.ApiVersionFilter     : Adding Version to Request DELETE /api/courses/709/students/courseegitlabjenkinsstudent1
    23:44:08.488 | 441 ool-1-worker-205 | WARN  | o.z.p.spring.common.AdviceTraits     : Forbidden: Access Denied
    23:44:08.489 | 441 ool-1-worker-205 | DEBUG | d.t.c.a.a.c.s.f.ApiVersionFilter     : Adding Version to Request DELETE /api/courses/709/tutors/courseegitlabjenkinstutor1
    23:44:08.490 | 441 ool-1-worker-205 | WARN  | o.z.p.spring.common.AdviceTraits     : Forbidden: Access Denied
    23:44:08.491 | 441 ool-1-worker-205 | DEBUG | d.t.c.a.a.c.s.f.ApiVersionFilter     : Adding Version to Request DELETE /api/courses/709/editors/courseegitlabjenkinseditor1
    23:44:08.492 | 441 ool-1-worker-205 | WARN  | o.z.p.spring.common.AdviceTraits     : Forbidden: Access Denied
    23:44:08.493 | 441 ool-1-worker-205 | DEBUG | d.t.c.a.a.c.s.f.ApiVersionFilter     : Adding Version to Request DELETE /api/courses/709/instructors/courseegitlabjenkinsinstructor1
    23:44:08.494 | 441 ool-1-worker-205 | WARN  | o.z.p.spring.common.AdviceTraits     : Forbidden: Access Denied

  Starting logs for CourseGitlabJenkinsIntegrationTest > testFailToUpdateOldMembersInCourse()
    23:44:08.512 | 441 ool-1-worker-205 | DEBUG | d.t.c.a.a.c.u.util.UserUtilService   : Generate 8 students...
    23:44:08.524 | 441 ool-1-worker-205 | DEBUG | d.t.c.a.a.c.u.util.UserUtilService   : 8 students generated. Generate 5 tutors...
    23:44:08.531 | 441 ool-1-worker-205 | DEBUG | d.t.c.a.a.c.u.util.UserUtilService   : 5 tutors generated. Generate 1 editors...
    23:44:08.536 | 441 ool-1-worker-205 | DEBUG | d.t.c.a.a.c.u.util.UserUtilService   : 1 editors generated. Generate 1 instructors...
    23:44:08.538 | 441 ool-1-worker-205 | DEBUG | d.t.c.a.a.c.u.util.UserUtilService   : 1 instructors generated
    23:44:08.540 | 441 ool-1-worker-205 | DEBUG | d.t.c.a.a.c.u.util.UserUtilService   : Removing 16 users from all courses...
    23:44:08.542 | 441 ool-1-worker-205 | DEBUG | d.t.c.a.a.c.u.util.UserUtilService   : Removing 16 users from all courses. Done
    23:44:08.542 | 441 ool-1-worker-205 | DEBUG | d.t.c.a.a.c.u.util.UserUtilService   : Save 15 users to database...
    23:44:08.553 | 441 ool-1-worker-205 | DEBUG | d.t.c.a.a.c.u.util.UserUtilService   : Save 15 users to database. Done
    23:44:08.564 | 441 ool-1-worker-205 | INFO  | i.z.t.d.l.EmbeddedDatabaseReporter   : JDBC URL to connect to 'dataSource': url='jdbc:h2:tcp://localhost:41063/mem:736625c0-cf5e-400d-aeaa-8a7eabd6262b;USER=sa', scope='CourseGitlabJenkinsIntegrationTest#testFailToUpdateOldMembersInCourse'
    23:44:08.586 | 441 ool-1-worker-205 | DEBUG | d.t.c.a.a.c.s.f.ApiVersionFilter     : Adding Version to Request PUT /api/courses/710
    23:44:08.587 | 441 ool-1-worker-205 | DEBUG | d.t.c.a.a.core.web.CourseResource    : REST request to update Course : Course{id=710, title='Course title c0547ec9-4546-4998-bb88-06ada7a86cb8', description='null', shortName='short443a976801a1004c070ac3b0eb28fe41742e', studentGroupName='tumuser', teachingAssistantGroupName='tutor', editorGroupName='editor', instructorGroupName='new-editor-group', startDate='2025-02-13T23:39:54.015067Z', endDate='2025-02-16T23:39:54.015089Z', enrollmentStartDate='null', enrollmentEndDate='null', unenrollmentEndDate='null', semester='null'', onlineCourse='false', color='null', courseIcon='null', enrollmentEnabled='false', unenrollmentEnabled='false', presentationScore='2', faqEnabled='false'}
    23:44:08.598 | 441 ool-1-worker-205 | INFO  | .a.p.s.g.GitLabUserManagementService : Update Gitlab permissions for programming exercises: [SHORT443A976801A1004C070AC3B0EB28FE41742ETSTEXC]
    23:44:08.609 | 441 ool-1-worker-205 | ERROR | o.z.p.spring.common.AdviceTraits     : Internal Server Error
de.tum.cit.aet.artemis.programming.service.gitlab.GitLabException: Error while updating GitLab group SHORT443A976801A1004C070AC3B0EB28FE41742ETSTEXC
	at de.tum.cit.aet.artemis.programming.service.gitlab.GitLabUserManagementService.lambda$updateMemberExercisePermissions$0(GitLabUserManagementService.java:251)
	at java.base/java.util.ArrayList.forEach(ArrayList.java:1596)
	at de.tum.cit.aet.artemis.programming.service.gitlab.GitLabUserManagementService.updateMemberExercisePermissions(GitLabUserManagementService.java:246)
	at de.tum.cit.aet.artemis.programming.service.gitlab.GitLabUserManagementService.updateOldGroupMembers(GitLabUserManagementService.java:226)
	at de.tum.cit.aet.artemis.programming.service.gitlab.GitLabUserManagementService.updateCoursePermissions(GitLabUserManagementService.java:162)
	at de.tum.cit.aet.artemis.programming.service.gitlab.GitLabUserManagementService.updateCoursePermissions(GitLabUserManagementService.java:132)
	at de.tum.cit.aet.artemis.core.web.CourseResource.lambda$updateCourse$1(CourseResource.java:347)
	at java.base/java.util.Optional.ifPresent(Optional.java:178)
	at de.tum.cit.aet.artemis.core.web.CourseResource.updateCourse(CourseResource.java:347)
	at java.base/jdk.internal.reflect.DirectMethodHandleAccessor.invoke(DirectMethodHandleAccessor.java:103)
	at java.base/java.lang.reflect.Method.invoke(Method.java:580)
	at org.springframework.aop.support.AopUtils.invokeJoinpointUsingReflection(AopUtils.java:359)
	at org.springframework.aop.framework.ReflectiveMethodInvocation.invokeJoinpoint(ReflectiveMethodInvocation.java:196)
	at org.springframework.aop.framework.ReflectiveMethodInvocation.proceed(ReflectiveMethodInvocation.java:163)
	at org.springframework.security.authorization.method.AuthorizationManagerBeforeMethodInterceptor.proceed(AuthorizationManagerBeforeMethodInterceptor.java:268)
	at org.springframework.security.authorization.method.AuthorizationManagerBeforeMethodInterceptor.attemptAuthorization(AuthorizationManagerBeforeMethodInterceptor.java:263)
	at org.springframework.security.authorization.method.AuthorizationManagerBeforeMethodInterceptor.invoke(AuthorizationManagerBeforeMethodInterceptor.java:196)
	at org.springframework.security.config.annotation.method.configuration.DeferringMethodInterceptor.invoke(DeferringMethodInterceptor.java:44)
	at org.springframework.aop.framework.ReflectiveMethodInvocation.proceed(ReflectiveMethodInvocation.java:184)
	at org.springframework.aop.interceptor.ExposeInvocationInterceptor.invoke(ExposeInvocationInterceptor.java:97)
	at org.springframework.aop.framework.ReflectiveMethodInvocation.proceed(ReflectiveMethodInvocation.java:184)
	at org.springframework.aop.framework.CglibAopProxy$DynamicAdvisedInterceptor.intercept(CglibAopProxy.java:727)
	at de.tum.cit.aet.artemis.core.web.CourseResource$$SpringCGLIB$$0.updateCourse(<generated>)
	at java.base/jdk.internal.reflect.DirectMethodHandleAccessor.invoke(DirectMethodHandleAccessor.java:103)
	at java.base/java.lang.reflect.Method.invoke(Method.java:580)
	at org.springframework.web.method.support.InvocableHandlerMethod.doInvoke(InvocableHandlerMethod.java:257)
	at org.springframework.web.method.support.InvocableHandlerMethod.invokeForRequest(InvocableHandlerMethod.java:190)
	at org.springframework.web.servlet.mvc.method.annotation.ServletInvocableHandlerMethod.invokeAndHandle(ServletInvocableHandlerMethod.java:118)
	at org.springframework.web.servlet.mvc.method.annotation.RequestMappingHandlerAdapter.invokeHandlerMethod(RequestMappingHandlerAdapter.java:986)
	at org.springframework.web.servlet.mvc.method.annotation.RequestMappingHandlerAdapter.handleInternal(RequestMappingHandlerAdapter.java:891)
	at org.springframework.web.servlet.mvc.method.AbstractHandlerMethodAdapter.handle(AbstractHandlerMethodAdapter.java:87)
	at org.springframework.web.servlet.DispatcherServlet.doDispatch(DispatcherServlet.java:1088)
	at org.springframework.web.servlet.DispatcherServlet.doService(DispatcherServlet.java:978)
	at org.springframework.web.servlet.FrameworkServlet.processRequest(FrameworkServlet.java:1014)
	at org.springframework.web.servlet.FrameworkServlet.doPut(FrameworkServlet.java:925)
	at jakarta.servlet.http.HttpServlet.service(HttpServlet.java:550)
	at org.springframework.web.servlet.FrameworkServlet.service(FrameworkServlet.java:885)
	at org.springframework.test.web.servlet.TestDispatcherServlet.service(TestDispatcherServlet.java:72)
	at jakarta.servlet.http.HttpServlet.service(HttpServlet.java:614)
	at org.springframework.mock.web.MockFilterChain$ServletFilterProxy.doFilter(MockFilterChain.java:165)
	at org.springframework.mock.web.MockFilterChain.doFilter(MockFilterChain.java:132)
	at org.springframework.web.filter.OncePerRequestFilter.doFilter(OncePerRequestFilter.java:110)
	at org.springframework.test.web.servlet.setup.MockMvcFilterDecorator.doFilter(MockMvcFilterDecorator.java:162)
	at org.springframework.mock.web.MockFilterChain.doFilter(MockFilterChain.java:132)
	at de.tum.cit.aet.artemis.core.security.filter.ApiVersionFilter.doFilter(ApiVersionFilter.java:55)
	at org.springframework.test.web.servlet.setup.MockMvcFilterDecorator.doFilter(MockMvcFilterDecorator.java:162)
	at org.springframework.mock.web.MockFilterChain.doFilter(MockFilterChain.java:132)
	at io.sentry.spring.jakarta.SentryUserFilter.doFilterInternal(SentryUserFilter.java:56)
	at org.springframework.web.filter.OncePerRequestFilter.doFilter(OncePerRequestFilter.java:116)
	at org.springframework.test.web.servlet.setup.MockMvcFilterDecorator.doFilter(MockMvcFilterDecorator.java:162)
	at org.springframework.mock.web.MockFilterChain.doFilter(MockFilterChain.java:132)
	at org.springframework.web.filter.CompositeFilter$VirtualFilterChain.doFilter(CompositeFilter.java:108)
	at org.springframework.security.web.FilterChainProxy.lambda$doFilterInternal$3(FilterChainProxy.java:231)
	at org.springframework.security.web.ObservationFilterChainDecorator$FilterObservation$SimpleFilterObservation.lambda$wrap$1(ObservationFilterChainDecorator.java:479)
	at org.springframework.security.web.ObservationFilterChainDecorator$AroundFilterObservation$SimpleAroundFilterObservation.lambda$wrap$1(ObservationFilterChainDecorator.java:340)
	at org.springframework.security.web.ObservationFilterChainDecorator.lambda$wrapSecured$0(ObservationFilterChainDecorator.java:82)
	at org.springframework.security.web.ObservationFilterChainDecorator$VirtualFilterChain.doFilter(ObservationFilterChainDecorator.java:128)
	at org.springframework.security.web.access.intercept.AuthorizationFilter.doFilter(AuthorizationFilter.java:101)
	at org.springframework.security.web.ObservationFilterChainDecorator$ObservationFilter.wrapFilter(ObservationFilterChainDecorator.java:240)
	at org.springframework.security.web.ObservationFilterChainDecorator$ObservationFilter.doFilter(ObservationFilterChainDecorator.java:227)
	at org.springframework.security.web.ObservationFilterChainDecorator$VirtualFilterChain.doFilter(ObservationFilterChainDecorator.java:137)
	at org.springframework.security.web.access.ExceptionTranslationFilter.doFilter(ExceptionTranslationFilter.java:126)
	at org.springframework.security.web.access.ExceptionTranslationFilter.doFilter(ExceptionTranslationFilter.java:120)
	at org.springframework.security.web.ObservationFilterChainDecorator$ObservationFilter.wrapFilter(ObservationFilterChainDecorator.java:240)
	at org.springframework.security.web.ObservationFilterChainDecorator$ObservationFilter.doFilter(ObservationFilterChainDecorator.java:227)
	at org.springframework.security.web.ObservationFilterChainDecorator$VirtualFilterChain.doFilter(ObservationFilterChainDecorator.java:137)
	at org.springframework.security.web.session.SessionManagementFilter.doFilter(SessionManagementFilter.java:131)
	at org.springframework.security.web.session.SessionManagementFilter.doFilter(SessionManagementFilter.java:85)
	at org.springframework.security.web.ObservationFilterChainDecorator$ObservationFilter.wrapFilter(ObservationFilterChainDecorator.java:240)
	at org.springframework.security.web.ObservationFilterChainDecorator$ObservationFilter.doFilter(ObservationFilterChainDecorator.java:227)
	at org.springframework.security.web.ObservationFilterChainDecorator$VirtualFilterChain.doFilter(ObservationFilterChainDecorator.java:137)
	at org.springframework.security.web.authentication.AnonymousAuthenticationFilter.doFilter(AnonymousAuthenticationFilter.java:100)
	at org.springframework.security.web.ObservationFilterChainDecorator$ObservationFilter.wrapFilter(ObservationFilterChainDecorator.java:240)
	at org.springframework.security.web.ObservationFilterChainDecorator$ObservationFilter.doFilter(ObservationFilterChainDecorator.java:227)
	at org.springframework.security.web.ObservationFilterChainDecorator$VirtualFilterChain.doFilter(ObservationFilterChainDecorator.java:137)
	at org.springframework.security.web.servletapi.SecurityContextHolderAwareRequestFilter.doFilter(SecurityContextHolderAwareRequestFilter.java:179)
	at org.springframework.security.web.ObservationFilterChainDecorator$ObservationFilter.wrapFilter(ObservationFilterChainDecorator.java:240)
	at org.springframework.security.web.ObservationFilterChainDecorator$ObservationFilter.doFilter(ObservationFilterChainDecorator.java:227)
	at org.springframework.security.web.ObservationFilterChainDecorator$VirtualFilterChain.doFilter(ObservationFilterChainDecorator.java:137)
	at org.springframework.security.web.savedrequest.RequestCacheAwareFilter.doFilter(RequestCacheAwareFilter.java:63)
	at org.springframework.security.web.ObservationFilterChainDecorator$ObservationFilter.wrapFilter(ObservationFilterChainDecorator.java:240)
	at org.springframework.security.web.ObservationFilterChainDecorator$ObservationFilter.doFilter(ObservationFilterChainDecorator.java:227)
	at org.springframework.security.web.ObservationFilterChainDecorator$VirtualFilterChain.doFilter(ObservationFilterChainDecorator.java:137)
	at de.tum.cit.aet.artemis.core.security.filter.SpaWebFilter.doFilterInternal(SpaWebFilter.java:23)
	at org.springframework.web.filter.OncePerRequestFilter.doFilter(OncePerRequestFilter.java:116)
	at org.springframework.security.web.ObservationFilterChainDecorator$ObservationFilter.wrapFilter(ObservationFilterChainDecorator.java:240)
	at org.springframework.security.web.ObservationFilterChainDecorator$ObservationFilter.doFilter(ObservationFilterChainDecorator.java:227)
	at org.springframework.security.web.ObservationFilterChainDecorator$VirtualFilterChain.doFilter(ObservationFilterChainDecorator.java:137)
	at org.springframework.web.filter.OncePerRequestFilter.doFilter(OncePerRequestFilter.java:110)
	at org.springframework.security.web.ObservationFilterChainDecorator$ObservationFilter.wrapFilter(ObservationFilterChainDecorator.java:240)
	at org.springframework.security.web.ObservationFilterChainDecorator$ObservationFilter.doFilter(ObservationFilterChainDecorator.java:227)
	at org.springframework.security.web.ObservationFilterChainDecorator$VirtualFilterChain.doFilter(ObservationFilterChainDecorator.java:137)
	at de.tum.cit.aet.artemis.lti.config.Lti13LaunchFilter.doFilterInternal(Lti13LaunchFilter.java:60)
	at org.springframework.web.filter.OncePerRequestFilter.doFilter(OncePerRequestFilter.java:116)
	at org.springframework.security.web.ObservationFilterChainDecorator$ObservationFilter.wrapFilter(ObservationFilterChainDecorator.java:240)
	at org.springframework.security.web.ObservationFilterChainDecorator$ObservationFilter.doFilter(ObservationFilterChainDecorator.java:227)
	at org.springframework.security.web.ObservationFilterChainDecorator$VirtualFilterChain.doFilter(ObservationFilterChainDecorator.java:137)
	at de.tum.cit.aet.artemis.core.security.jwt.JWTFilter.doFilter(JWTFilter.java:55)
	at org.springframework.security.web.ObservationFilterChainDecorator$ObservationFilter.wrapFilter(ObservationFilterChainDecorator.java:240)
	at org.springframework.security.web.ObservationFilterChainDecorator$ObservationFilter.doFilter(ObservationFilterChainDecorator.java:227)
	at org.springframework.security.web.ObservationFilterChainDecorator$VirtualFilterChain.doFilter(ObservationFilterChainDecorator.java:137)
	at de.tum.cit.aet.artemis.core.security.jwt.JWTFilter.doFilter(JWTFilter.java:55)
	at org.springframework.security.web.ObservationFilterChainDecorator$ObservationFilter.wrapFilter(ObservationFilterChainDecorator.java:240)
	at org.springframework.security.web.ObservationFilterChainDecorator$ObservationFilter.doFilter(ObservationFilterChainDecorator.java:227)
	at org.springframework.security.web.ObservationFilterChainDecorator$VirtualFilterChain.doFilter(ObservationFilterChainDecorator.java:137)
	at org.springframework.web.filter.CorsFilter.doFilterInternal(CorsFilter.java:91)
	at org.springframework.web.filter.OncePerRequestFilter.doFilter(OncePerRequestFilter.java:116)
	at org.springframework.security.web.ObservationFilterChainDecorator$ObservationFilter.wrapFilter(ObservationFilterChainDecorator.java:240)
	at org.springframework.security.web.ObservationFilterChainDecorator$ObservationFilter.doFilter(ObservationFilterChainDecorator.java:227)
	at org.springframework.security.web.ObservationFilterChainDecorator$VirtualFilterChain.doFilter(ObservationFilterChainDecorator.java:137)
	at org.springframework.web.filter.OncePerRequestFilter.doFilter(OncePerRequestFilter.java:110)
	at org.springframework.security.web.ObservationFilterChainDecorator$ObservationFilter.wrapFilter(ObservationFilterChainDecorator.java:240)
	at org.springframework.security.web.ObservationFilterChainDecorator$ObservationFilter.doFilter(ObservationFilterChainDecorator.java:227)
	at org.springframework.security.web.ObservationFilterChainDecorator$VirtualFilterChain.doFilter(ObservationFilterChainDecorator.java:137)
	at uk.ac.ox.ctl.lti13.security.oauth2.client.lti.web.OAuth2AuthorizationRequestRedirectFilter.doFilterInternal(OAuth2AuthorizationRequestRedirectFilter.java:142)
	at org.springframework.web.filter.OncePerRequestFilter.doFilter(OncePerRequestFilter.java:116)
	at org.springframework.security.web.ObservationFilterChainDecorator$ObservationFilter.wrapFilter(ObservationFilterChainDecorator.java:240)
	at org.springframework.security.web.ObservationFilterChainDecorator$ObservationFilter.doFilter(ObservationFilterChainDecorator.java:227)
	at org.springframework.security.web.ObservationFilterChainDecorator$VirtualFilterChain.doFilter(ObservationFilterChainDecorator.java:137)
	at org.springframework.security.web.authentication.logout.LogoutFilter.doFilter(LogoutFilter.java:107)
	at org.springframework.security.web.authentication.logout.LogoutFilter.doFilter(LogoutFilter.java:93)
	at org.springframework.security.web.ObservationFilterChainDecorator$ObservationFilter.wrapFilter(ObservationFilterChainDecorator.java:240)
	at org.springframework.security.web.ObservationFilterChainDecorator$ObservationFilter.doFilter(ObservationFilterChainDecorator.java:227)
	at org.springframework.security.web.ObservationFilterChainDecorator$VirtualFilterChain.doFilter(ObservationFilterChainDecorator.java:137)
	at org.springframework.security.web.header.HeaderWriterFilter.doHeadersAfter(HeaderWriterFilter.java:90)
	at org.springframework.security.web.header.HeaderWriterFilter.doFilterInternal(HeaderWriterFilter.java:75)
	at org.springframework.web.filter.OncePerRequestFilter.doFilter(OncePerRequestFilter.java:116)
	at org.springframework.security.web.ObservationFilterChainDecorator$ObservationFilter.wrapFilter(ObservationFilterChainDecorator.java:240)
	at org.springframework.security.web.ObservationFilterChainDecorator$ObservationFilter.doFilter(ObservationFilterChainDecorator.java:227)
	at org.springframework.security.web.ObservationFilterChainDecorator$VirtualFilterChain.doFilter(ObservationFilterChainDecorator.java:137)
	at org.springframework.security.web.context.SecurityContextHolderFilter.doFilter(SecurityContextHolderFilter.java:82)
	at org.springframework.security.web.context.SecurityContextHolderFilter.doFilter(SecurityContextHolderFilter.java:69)
	at org.springframework.security.web.ObservationFilterChainDecorator$ObservationFilter.wrapFilter(ObservationFilterChainDecorator.java:240)
	at org.springframework.security.web.ObservationFilterChainDecorator$ObservationFilter.doFilter(ObservationFilterChainDecorator.java:227)
	at org.springframework.security.web.ObservationFilterChainDecorator$VirtualFilterChain.doFilter(ObservationFilterChainDecorator.java:137)
	at org.springframework.security.web.context.request.async.WebAsyncManagerIntegrationFilter.doFilterInternal(WebAsyncManagerIntegrationFilter.java:62)
	at org.springframework.web.filter.OncePerRequestFilter.doFilter(OncePerRequestFilter.java:116)
	at org.springframework.security.web.ObservationFilterChainDecorator$ObservationFilter.wrapFilter(ObservationFilterChainDecorator.java:240)
	at org.springframework.security.web.ObservationFilterChainDecorator$ObservationFilter.doFilter(ObservationFilterChainDecorator.java:227)
	at org.springframework.security.web.ObservationFilterChainDecorator$VirtualFilterChain.doFilter(ObservationFilterChainDecorator.java:137)
	at org.springframework.security.web.session.DisableEncodeUrlFilter.doFilterInternal(DisableEncodeUrlFilter.java:42)
	at org.springframework.web.filter.OncePerRequestFilter.doFilter(OncePerRequestFilter.java:116)
	at org.springframework.security.web.ObservationFilterChainDecorator$ObservationFilter.wrapFilter(ObservationFilterChainDecorator.java:240)
	at org.springframework.security.web.ObservationFilterChainDecorator$AroundFilterObservation$SimpleAroundFilterObservation.lambda$wrap$0(ObservationFilterChainDecorator.java:323)
	at org.springframework.security.web.ObservationFilterChainDecorator$ObservationFilter.doFilter(ObservationFilterChainDecorator.java:224)
	at org.springframework.security.web.ObservationFilterChainDecorator$VirtualFilterChain.doFilter(ObservationFilterChainDecorator.java:137)
	at org.springframework.security.web.FilterChainProxy.doFilterInternal(FilterChainProxy.java:233)
	at org.springframework.security.web.FilterChainProxy.doFilter(FilterChainProxy.java:191)
	at org.springframework.web.filter.CompositeFilter$VirtualFilterChain.doFilter(CompositeFilter.java:113)
	at org.springframework.web.servlet.handler.HandlerMappingIntrospector.lambda$createCacheFilter$3(HandlerMappingIntrospector.java:243)
	at org.springframework.web.filter.CompositeFilter$VirtualFilterChain.doFilter(CompositeFilter.java:113)
	at org.springframework.web.filter.CompositeFilter.doFilter(CompositeFilter.java:74)
	at org.springframework.security.config.annotation.web.configuration.WebMvcSecurityConfiguration$CompositeFilterChainProxy.doFilter(WebMvcSecurityConfiguration.java:238)
	at org.springframework.web.filter.DelegatingFilterProxy.invokeDelegate(DelegatingFilterProxy.java:362)
	at org.springframework.web.filter.DelegatingFilterProxy.doFilter(DelegatingFilterProxy.java:278)
	at org.springframework.test.web.servlet.setup.MockMvcFilterDecorator.doFilter(MockMvcFilterDecorator.java:162)
	at org.springframework.mock.web.MockFilterChain.doFilter(MockFilterChain.java:132)
	at org.springframework.web.filter.RequestContextFilter.doFilterInternal(RequestContextFilter.java:100)
	at org.springframework.web.filter.OncePerRequestFilter.doFilter(OncePerRequestFilter.java:116)
	at org.springframework.test.web.servlet.setup.MockMvcFilterDecorator.doFilter(MockMvcFilterDecorator.java:162)
	at org.springframework.mock.web.MockFilterChain.doFilter(MockFilterChain.java:132)
	at org.springframework.web.filter.FormContentFilter.doFilterInternal(FormContentFilter.java:93)
	at org.springframework.web.filter.OncePerRequestFilter.doFilter(OncePerRequestFilter.java:116)
	at org.springframework.test.web.servlet.setup.MockMvcFilterDecorator.doFilter(MockMvcFilterDecorator.java:162)
	at org.springframework.mock.web.MockFilterChain.doFilter(MockFilterChain.java:132)
	at org.springframework.web.filter.ServerHttpObservationFilter.doFilterInternal(ServerHttpObservationFilter.java:114)
	at org.springframework.web.filter.OncePerRequestFilter.doFilter(OncePerRequestFilter.java:116)
	at org.springframework.test.web.servlet.setup.MockMvcFilterDecorator.doFilter(MockMvcFilterDecorator.java:162)
	at org.springframework.mock.web.MockFilterChain.doFilter(MockFilterChain.java:132)
	at io.sentry.spring.jakarta.tracing.SentryTracingFilter.doFilterInternal(SentryTracingFilter.java:91)
	at org.springframework.web.filter.OncePerRequestFilter.doFilter(OncePerRequestFilter.java:116)
	at org.springframework.test.web.servlet.setup.MockMvcFilterDecorator.doFilter(MockMvcFilterDecorator.java:162)
	at org.springframework.mock.web.MockFilterChain.doFilter(MockFilterChain.java:132)
	at org.springframework.web.filter.CharacterEncodingFilter.doFilterInternal(CharacterEncodingFilter.java:201)
	at org.springframework.web.filter.OncePerRequestFilter.doFilter(OncePerRequestFilter.java:116)
	at org.springframework.test.web.servlet.setup.MockMvcFilterDecorator.doFilter(MockMvcFilterDecorator.java:162)
	at org.springframework.mock.web.MockFilterChain.doFilter(MockFilterChain.java:132)
	at io.sentry.spring.jakarta.SentrySpringFilter.doFilterInternal(SentrySpringFilter.java:76)
	at org.springframework.web.filter.OncePerRequestFilter.doFilter(OncePerRequestFilter.java:116)
	at org.springframework.test.web.servlet.setup.MockMvcFilterDecorator.doFilter(MockMvcFilterDecorator.java:162)
	at org.springframework.mock.web.MockFilterChain.doFilter(MockFilterChain.java:132)
	at org.springframework.test.web.servlet.MockMvc.perform(MockMvc.java:201)
	at de.tum.cit.aet.artemis.core.util.RequestUtilService.performMvcRequest(RequestUtilService.java:79)
	at de.tum.cit.aet.artemis.programming.CourseGitlabJenkinsIntegrationTest.testFailToUpdateOldMembersInCourse(CourseGitlabJenkinsIntegrationTest.java:274)
	at java.base/jdk.internal.reflect.DirectMethodHandleAccessor.invoke(DirectMethodHandleAccessor.java:103)
	at java.base/java.lang.reflect.Method.invoke(Method.java:580)
	at org.junit.platform.commons.util.ReflectionUtils.invokeMethod(ReflectionUtils.java:767)
	at org.junit.jupiter.engine.execution.MethodInvocation.proceed(MethodInvocation.java:60)
	at org.junit.jupiter.engine.execution.InvocationInterceptorChain$ValidatingInvocation.proceed(InvocationInterceptorChain.java:131)
	at org.junit.jupiter.engine.extension.TimeoutExtension.intercept(TimeoutExtension.java:156)
	at org.junit.jupiter.engine.extension.TimeoutExtension.interceptTestableMethod(TimeoutExtension.java:147)
	at org.junit.jupiter.engine.extension.TimeoutExtension.interceptTestMethod(TimeoutExtension.java:86)
	at org.junit.jupiter.engine.execution.InterceptingExecutableInvoker$ReflectiveInterceptorCall.lambda$ofVoidMethod$0(InterceptingExecutableInvoker.java:103)
	at org.junit.jupiter.engine.execution.InterceptingExecutableInvoker.lambda$invoke$0(InterceptingExecutableInvoker.java:93)
	at org.junit.jupiter.engine.execution.InvocationInterceptorChain$InterceptedInvocation.proceed(InvocationInterceptorChain.java:106)
	at org.junit.jupiter.engine.execution.InvocationInterceptorChain.proceed(InvocationInterceptorChain.java:64)
	at org.junit.jupiter.engine.execution.InvocationInterceptorChain.chainAndInvoke(InvocationInterceptorChain.java:45)
	at org.junit.jupiter.engine.execution.InvocationInterceptorChain.invoke(InvocationInterceptorChain.java:37)
	at org.junit.jupiter.engine.execution.InterceptingExecutableInvoker.invoke(InterceptingExecutableInvoker.java:92)
	at org.junit.jupiter.engine.execution.InterceptingExecutableInvoker.invoke(InterceptingExecutableInvoker.java:86)
	at org.junit.jupiter.engine.descriptor.TestMethodTestDescriptor.lambda$invokeTestMethod$8(TestMethodTestDescriptor.java:217)
	at org.junit.platform.engine.support.hierarchical.ThrowableCollector.execute(ThrowableCollector.java:73)
	at org.junit.jupiter.engine.descriptor.TestMethodTestDescriptor.invokeTestMethod(TestMethodTestDescriptor.java:213)
	at org.junit.jupiter.engine.descriptor.TestMethodTestDescriptor.execute(TestMethodTestDescriptor.java:138)
	at org.junit.jupiter.engine.descriptor.TestMethodTestDescriptor.execute(TestMethodTestDescriptor.java:68)
	at org.junit.platform.engine.support.hierarchical.NodeTestTask.lambda$executeRecursively$6(NodeTestTask.java:156)
	at org.junit.platform.engine.support.hierarchical.ThrowableCollector.execute(ThrowableCollector.java:73)
	at org.junit.platform.engine.support.hierarchical.NodeTestTask.lambda$executeRecursively$8(NodeTestTask.java:146)
	at org.junit.platform.engine.support.hierarchical.Node.around(Node.java:137)
	at org.junit.platform.engine.support.hierarchical.NodeTestTask.lambda$executeRecursively$9(NodeTestTask.java:144)
	at org.junit.platform.engine.support.hierarchical.ThrowableCollector.execute(ThrowableCollector.java:73)
	at org.junit.platform.engine.support.hierarchical.NodeTestTask.executeRecursively(NodeTestTask.java:143)
	at org.junit.platform.engine.support.hierarchical.NodeTestTask.execute(NodeTestTask.java:100)
	at org.junit.platform.engine.support.hierarchical.ForkJoinPoolHierarchicalTestExecutorService$ExclusiveTask.exec(ForkJoinPoolHierarchicalTestExecutorService.java:274)
	at org.junit.platform.engine.support.hierarchical.ForkJoinPoolHierarchicalTestExecutorService$ExclusiveTask.execSync(ForkJoinPoolHierarchicalTestExecutorService.java:247)
	at org.junit.platform.engine.support.hierarchical.ForkJoinPoolHierarchicalTestExecutorService.executeSync(ForkJoinPoolHierarchicalTestExecutorService.java:194)
	at org.junit.platform.engine.support.hierarchical.ForkJoinPoolHierarchicalTestExecutorService.invokeAll(ForkJoinPoolHierarchicalTestExecutorService.java:166)
	at org.junit.platform.engine.support.hierarchical.NodeTestTask.lambda$executeRecursively$6(NodeTestTask.java:160)
	at org.junit.platform.engine.support.hierarchical.ThrowableCollector.execute(ThrowableCollector.java:73)
	at org.junit.platform.engine.support.hierarchical.NodeTestTask.lambda$executeRecursively$8(NodeTestTask.java:146)
	at org.junit.platform.engine.support.hierarchical.Node.around(Node.java:137)
	at org.junit.platform.engine.support.hierarchical.NodeTestTask.lambda$executeRecursively$9(NodeTestTask.java:144)
	at org.junit.platform.engine.support.hierarchical.ThrowableCollector.execute(ThrowableCollector.java:73)
	at org.junit.platform.engine.support.hierarchical.NodeTestTask.executeRecursively(NodeTestTask.java:143)
	at org.junit.platform.engine.support.hierarchical.NodeTestTask.execute(NodeTestTask.java:100)
	at org.junit.platform.engine.support.hierarchical.ForkJoinPoolHierarchicalTestExecutorService$ExclusiveTask.exec(ForkJoinPoolHierarchicalTestExecutorService.java:274)
	at java.base/java.util.concurrent.ForkJoinTask.doExec(ForkJoinTask.java:387)
	at java.base/java.util.concurrent.ForkJoinPool$WorkQueue.topLevelExec(ForkJoinPool.java:1312)
	at java.base/java.util.concurrent.ForkJoinPool.scan(ForkJoinPool.java:1843)
	at java.base/java.util.concurrent.ForkJoinPool.runWorker(ForkJoinPool.java:1808)
	at java.base/java.util.concurrent.ForkJoinWorkerThread.run(ForkJoinWorkerThread.java:188)
Caused by: org.gitlab4j.api.GitLabApiException: null

  Starting logs for CourseGitlabJenkinsIntegrationTest > testSetPermissionsForNewGroupMembersInCourse()
    23:44:08.642 | 441 ool-1-worker-205 | DEBUG | d.t.c.a.a.c.u.util.UserUtilService   : Generate 8 students...
    23:44:08.667 | 441 ool-1-worker-205 | DEBUG | d.t.c.a.a.c.u.util.UserUtilService   : 8 students generated. Generate 5 tutors...
    23:44:08.688 | 441 ool-1-worker-205 | DEBUG | d.t.c.a.a.c.u.util.UserUtilService   : 5 tutors generated. Generate 1 editors...
    23:44:08.691 | 441 ool-1-worker-205 | DEBUG | d.t.c.a.a.c.u.util.UserUtilService   : 1 editors generated. Generate 1 instructors...
    23:44:08.694 | 441 ool-1-worker-205 | DEBUG | d.t.c.a.a.c.u.util.UserUtilService   : 1 instructors generated
    23:44:08.696 | 441 ool-1-worker-205 | DEBUG | d.t.c.a.a.c.u.util.UserUtilService   : Removing 16 users from all courses...
    23:44:08.698 | 441 ool-1-worker-205 | DEBUG | d.t.c.a.a.c.u.util.UserUtilService   : Removing 16 users from all courses. Done
    23:44:08.698 | 441 ool-1-worker-205 | DEBUG | d.t.c.a.a.c.u.util.UserUtilService   : Save 15 users to database...
    23:44:08.720 | 441 ool-1-worker-205 | DEBUG | d.t.c.a.a.c.u.util.UserUtilService   : Save 15 users to database. Done
    23:44:08.741 | 441 ool-1-worker-205 | INFO  | i.z.t.d.l.EmbeddedDatabaseReporter   : JDBC URL to connect to 'dataSource': url='jdbc:h2:tcp://localhost:41063/mem:736625c0-cf5e-400d-aeaa-8a7eabd6262b;USER=sa', scope='CourseGitlabJenkinsIntegrationTest#testSetPermissionsForNewGroupMembersInCourse'
    23:44:08.822 | 441 ool-1-worker-205 | DEBUG | d.t.c.a.a.c.s.f.ApiVersionFilter     : Adding Version to Request PUT /api/courses/711
    23:44:08.823 | 441 ool-1-worker-205 | DEBUG | d.t.c.a.a.core.web.CourseResource    : REST request to update Course : Course{id=711, title='Course title b4d7ddb0-8f46-452e-a1b1-e7522a6cfe9c', description='null', shortName='shortfb6459c00ea11044da0a681041df016f8e9f', studentGroupName='tumuser', teachingAssistantGroupName='new-ta-group', editorGroupName='new-editor-group', instructorGroupName='new-instructor-group', startDate='2025-02-13T23:39:54.015067Z', endDate='2025-02-16T23:39:54.015089Z', enrollmentStartDate='null', enrollmentEndDate='null', unenrollmentEndDate='null', semester='null'', onlineCourse='false', color='null', courseIcon='null', enrollmentEnabled='false', unenrollmentEnabled='false', presentationScore='2', faqEnabled='false'}
    23:44:08.844 | 441 ool-1-worker-205 | INFO  | .a.p.s.g.GitLabUserManagementService : Update Gitlab permissions for programming exercises: [SHORTFB6459C00EA11044DA0A681041DF016F8E9FTSTEXC]
    23:44:08.863 | 441 ool-1-worker-205 | INFO  | .a.p.s.g.GitLabUserManagementService : Add member 1 to Gitlab group SHORTFB6459C00EA11044DA0A681041DF016F8E9FTSTEXC
    23:44:08.864 | 441 ool-1-worker-205 | INFO  | .a.p.s.g.GitLabUserManagementService : Add member 1 to Gitlab group SHORTFB6459C00EA11044DA0A681041DF016F8E9FTSTEXC
    23:44:08.864 | 441 ool-1-worker-205 | INFO  | .a.p.s.g.GitLabUserManagementService : Add member 1 to Gitlab group SHORTFB6459C00EA11044DA0A681041DF016F8E9FTSTEXC
    23:44:08.871 | 441 ool-1-worker-205 | INFO  | a.p.s.j.JenkinsUserManagementService : Update Jenkins permissions (update course permissions) for programming exercises: [SHORTFB6459C00EA11044DA0A681041DF016F8E9FTSTEXC]

  Starting logs for CourseGitlabJenkinsIntegrationTest > testGetLockedSubmissionsForCourseAsStudent()
    23:44:08.922 | 441 ool-1-worker-205 | DEBUG | d.t.c.a.a.c.u.util.UserUtilService   : Generate 8 students...
    23:44:08.935 | 441 ool-1-worker-205 | DEBUG | d.t.c.a.a.c.u.util.UserUtilService   : 8 students generated. Generate 5 tutors...
    23:44:08.944 | 441 ool-1-worker-205 | DEBUG | d.t.c.a.a.c.u.util.UserUtilService   : 5 tutors generated. Generate 1 editors...
    23:44:08.947 | 441 ool-1-worker-205 | DEBUG | d.t.c.a.a.c.u.util.UserUtilService   : 1 editors generated. Generate 1 instructors...
    23:44:08.950 | 441 ool-1-worker-205 | DEBUG | d.t.c.a.a.c.u.util.UserUtilService   : 1 instructors generated
    23:44:08.952 | 441 ool-1-worker-205 | DEBUG | d.t.c.a.a.c.u.util.UserUtilService   : Removing 19 users from all courses...
    23:44:08.955 | 441 ool-1-worker-205 | DEBUG | d.t.c.a.a.c.u.util.UserUtilService   : Removing 19 users from all courses. Done
    23:44:08.955 | 441 ool-1-worker-205 | DEBUG | d.t.c.a.a.c.u.util.UserUtilService   : Save 15 users to database...
    23:44:08.965 | 441 ool-1-worker-205 | DEBUG | d.t.c.a.a.c.u.util.UserUtilService   : Save 15 users to database. Done
    23:44:08.977 | 441 ool-1-worker-205 | INFO  | i.z.t.d.l.EmbeddedDatabaseReporter   : JDBC URL to connect to 'dataSource': url='jdbc:h2:tcp://localhost:41063/mem:736625c0-cf5e-400d-aeaa-8a7eabd6262b;USER=sa', scope='CourseGitlabJenkinsIntegrationTest#testGetLockedSubmissionsForCourseAsStudent'
    23:44:08.978 | 441 ool-1-worker-205 | DEBUG | d.t.c.a.a.c.s.f.ApiVersionFilter     : Adding Version to Request GET /api/courses/1/locked-submissions
    23:44:08.979 | 441 ool-1-worker-205 | WARN  | o.z.p.spring.common.AdviceTraits     : Forbidden: Access Denied

  Starting logs for CourseGitlabJenkinsIntegrationTest > testGetCourseForAssessmentDashboard_averageRatingComputedCorrectly()
    23:44:09.012 | 441 ool-1-worker-205 | DEBUG | d.t.c.a.a.c.u.util.UserUtilService   : Generate 8 students...
    23:44:09.024 | 441 ool-1-worker-205 | DEBUG | d.t.c.a.a.c.u.util.UserUtilService   : 8 students generated. Generate 5 tutors...
    23:44:09.033 | 441 ool-1-worker-205 | DEBUG | d.t.c.a.a.c.u.util.UserUtilService   : 5 tutors generated. Generate 1 editors...
    23:44:09.035 | 441 ool-1-worker-205 | DEBUG | d.t.c.a.a.c.u.util.UserUtilService   : 1 editors generated. Generate 1 instructors...
    23:44:09.038 | 441 ool-1-worker-205 | DEBUG | d.t.c.a.a.c.u.util.UserUtilService   : 1 instructors generated
    23:44:09.040 | 441 ool-1-worker-205 | DEBUG | d.t.c.a.a.c.u.util.UserUtilService   : Removing 16 users from all courses...
    23:44:09.043 | 441 ool-1-worker-205 | DEBUG | d.t.c.a.a.c.u.util.UserUtilService   : Removing 16 users from all courses. Done
    23:44:09.043 | 441 ool-1-worker-205 | DEBUG | d.t.c.a.a.c.u.util.UserUtilService   : Save 15 users to database...
    23:44:09.053 | 441 ool-1-worker-205 | DEBUG | d.t.c.a.a.c.u.util.UserUtilService   : Save 15 users to database. Done
    23:44:09.065 | 441 ool-1-worker-205 | INFO  | i.z.t.d.l.EmbeddedDatabaseReporter   : JDBC URL to connect to 'dataSource': url='jdbc:h2:tcp://localhost:41063/mem:736625c0-cf5e-400d-aeaa-8a7eabd6262b;USER=sa', scope='CourseGitlabJenkinsIntegrationTest#testGetCourseForAssessmentDashboard_averageRatingComputedCorrectly'
    23:44:09.125 | 441 ool-1-worker-205 | DEBUG | .c.s.m.InstanceMessageReceiveService : Received schedule participant score for exercise 2411 and participant 689 (result to be deleted: null)
    23:44:09.126 | 441 ool-1-worker-205 | DEBUG | .a.s.ParticipantScoreScheduleService : Scheduled task for exercise 2411 and participant 689 at 2025-02-14T23:44:09.226008985Z[Etc/UTC].
    23:44:09.126 | 441 ool-1-worker-205 | DEBUG | .c.s.m.InstanceMessageReceiveService : Received schedule participant score for exercise 2411 and participant 689 (result to be deleted: null)
    23:44:09.126 | 441 ool-1-worker-205 | DEBUG | .a.s.ParticipantScoreScheduleService : Scheduled task for exercise 2411 and participant 689 at 2025-02-14T23:44:09.226776336Z[Etc/UTC].
    23:44:09.127 | 441 ool-1-worker-205 | DEBUG | .c.s.m.InstanceMessageReceiveService : Received schedule participant score for exercise 2412 and participant 689 (result to be deleted: null)
    23:44:09.127 | 441 ool-1-worker-205 | DEBUG | .a.s.ParticipantScoreScheduleService : Scheduled task for exercise 2412 and participant 689 at 2025-02-14T23:44:09.227387416Z[Etc/UTC].
    23:44:09.127 | 441 ool-1-worker-205 | DEBUG | .c.s.m.InstanceMessageReceiveService : Received schedule participant score for exercise 2414 and participant 689 (result to be deleted: null)
    23:44:09.127 | 441 ool-1-worker-205 | DEBUG | .a.s.ParticipantScoreScheduleService : Scheduled task for exercise 2414 and participant 689 at 2025-02-14T23:44:09.227957940Z[Etc/UTC].
    23:44:09.128 | 441 ool-1-worker-205 | DEBUG | .c.s.m.InstanceMessageReceiveService : Received schedule participant score for exercise 2414 and participant 689 (result to be deleted: null)
    23:44:09.128 | 441 ool-1-worker-205 | DEBUG | .a.s.ParticipantScoreScheduleService : Scheduled task for exercise 2414 and participant 689 at 2025-02-14T23:44:09.228567436Z[Etc/UTC].
    23:44:09.140 | 441 ool-1-worker-205 | DEBUG | .c.s.m.InstanceMessageReceiveService : Received schedule participant score for exercise 2411 and participant 689 (result to be deleted: null)
    23:44:09.141 | 441 ool-1-worker-205 | DEBUG | .a.s.ParticipantScoreScheduleService : Scheduled task for exercise 2411 and participant 689 at 2025-02-14T23:44:09.241013967Z[Etc/UTC].
    23:44:09.152 | 441 ool-1-worker-205 | DEBUG | .c.s.m.InstanceMessageReceiveService : Received schedule participant score for exercise 2411 and participant 689 (result to be deleted: null)
    23:44:09.152 | 441 ool-1-worker-205 | DEBUG | .a.s.ParticipantScoreScheduleService : Scheduled task for exercise 2411 and participant 689 at 2025-02-14T23:44:09.252977487Z[Etc/UTC].
    23:44:09.164 | 441 ool-1-worker-205 | DEBUG | .c.s.m.InstanceMessageReceiveService : Received schedule participant score for exercise 2412 and participant 689 (result to be deleted: null)
    23:44:09.164 | 441 ool-1-worker-205 | DEBUG | .a.s.ParticipantScoreScheduleService : Scheduled task for exercise 2412 and participant 689 at 2025-02-14T23:44:09.264715357Z[Etc/UTC].
    23:44:09.177 | 441 ool-1-worker-205 | DEBUG | .c.s.m.InstanceMessageReceiveService : Received schedule participant score for exercise 2414 and participant 689 (result to be deleted: null)
    23:44:09.177 | 441 ool-1-worker-205 | DEBUG | .a.s.ParticipantScoreScheduleService : Scheduled task for exercise 2414 and participant 689 at 2025-02-14T23:44:09.277836145Z[Etc/UTC].
    23:44:09.194 | 441 ool-1-worker-205 | DEBUG | .c.s.m.InstanceMessageReceiveService : Received schedule participant score for exercise 2414 and participant 689 (result to be deleted: null)
    23:44:09.194 | 441 ool-1-worker-205 | DEBUG | .a.s.ParticipantScoreScheduleService : Scheduled task for exercise 2414 and participant 689 at 2025-02-14T23:44:09.294573948Z[Etc/UTC].
    23:44:09.229 | 441 ool-1-worker-205 | DEBUG | .c.s.m.InstanceMessageReceiveService : Received schedule participant score for exercise 2412 and participant 689 (result to be deleted: null)
    23:44:09.229 | 441 ool-1-worker-205 | DEBUG | .a.s.ParticipantScoreScheduleService : Scheduled task for exercise 2412 and participant 689 at 2025-02-14T23:44:09.329523514Z[Etc/UTC].
    23:44:09.251 | 441 ool-1-worker-205 | DEBUG | .c.s.m.InstanceMessageReceiveService : Received schedule participant score for exercise 2412 and participant 689 (result to be deleted: null)
    23:44:09.251 | 441 ool-1-worker-205 | DEBUG | .a.s.ParticipantScoreScheduleService : Scheduled task for exercise 2412 and participant 689 at 2025-02-14T23:44:09.351599532Z[Etc/UTC].
    23:44:09.253 | 328 taskScheduler-3  | DEBUG | .a.s.ParticipantScoreScheduleService : Processing exercise 2411 and participant 689 to update participant scores.
    23:44:09.271 | 328 taskScheduler-3  | DEBUG | .a.s.ParticipantScoreScheduleService : Updating the participant score for exercise 2411 and participant 689 took 18 ms.
    23:44:09.280 | 441 ool-1-worker-205 | DEBUG | .c.s.m.InstanceMessageReceiveService : Received schedule participant score for exercise 2412 and participant 690 (result to be deleted: null)
    23:44:09.280 | 441 ool-1-worker-205 | DEBUG | .a.s.ParticipantScoreScheduleService : Scheduled task for exercise 2412 and participant 690 at 2025-02-14T23:44:09.380691303Z[Etc/UTC].
    23:44:09.291 | 441 ool-1-worker-205 | DEBUG | .c.s.m.InstanceMessageReceiveService : Received schedule participant score for exercise 2412 and participant 690 (result to be deleted: null)
    23:44:09.291 | 441 ool-1-worker-205 | DEBUG | .a.s.ParticipantScoreScheduleService : Scheduled task for exercise 2412 and participant 690 at 2025-02-14T23:44:09.391085898Z[Etc/UTC].
    23:44:09.294 | 327 taskScheduler-2  | DEBUG | .a.s.ParticipantScoreScheduleService : Processing exercise 2414 and participant 689 to update participant scores.
    23:44:09.303 | 327 taskScheduler-2  | DEBUG | .a.s.ParticipantScoreScheduleService : Updating the participant score for exercise 2414 and participant 689 took 9 ms.
    23:44:09.312 | 441 ool-1-worker-205 | DEBUG | .c.s.m.InstanceMessageReceiveService : Received schedule participant score for exercise 2412 and participant 691 (result to be deleted: null)
    23:44:09.312 | 441 ool-1-worker-205 | DEBUG | .a.s.ParticipantScoreScheduleService : Scheduled task for exercise 2412 and participant 691 at 2025-02-14T23:44:09.412485665Z[Etc/UTC].
    23:44:09.324 | 441 ool-1-worker-205 | DEBUG | .c.s.m.InstanceMessageReceiveService : Received schedule participant score for exercise 2412 and participant 691 (result to be deleted: null)
    23:44:09.324 | 441 ool-1-worker-205 | DEBUG | .a.s.ParticipantScoreScheduleService : Scheduled task for exercise 2412 and participant 691 at 2025-02-14T23:44:09.424790211Z[Etc/UTC].
    23:44:09.328 | 441 ool-1-worker-205 | DEBUG | d.t.c.a.a.c.s.f.ApiVersionFilter     : Adding Version to Request GET /api/courses/712/for-assessment-dashboard
    23:44:09.333 | 441 ool-1-worker-205 | DEBUG | d.t.c.a.a.core.web.CourseResource    : REST request /courses/{courseId}/for-assessment-dashboard
    23:44:09.337 | 441 ool-1-worker-205 | DEBUG | c.a.a.a.s.AssessmentDashboardService : generateStatisticsForExercisesForAssessmentDashboard invoked
    23:44:09.341 | 441 ool-1-worker-205 | DEBUG | c.a.a.a.s.AssessmentDashboardService : Finished >> complaintService.calculateNrOfOpenComplaints all << in 3.72ms
    23:44:09.344 | 441 ool-1-worker-205 | DEBUG | c.a.a.a.s.AssessmentDashboardService : Finished >> assessmentDashboardService.calculateNumberOfSubmissions all << in 2.96ms
    23:44:09.345 | 441 ool-1-worker-205 | DEBUG | c.a.a.a.s.AssessmentDashboardService : Finished >> resultRepository.countNumberOfFinishedAssessmentsForExercise << call for exercise 2411 in 913µs
    23:44:09.347 | 441 ool-1-worker-205 | DEBUG | c.a.a.a.s.AssessmentDashboardService : Finished >> exampleSubmissionRepository.findAllWithResultByExerciseId << call for course 2411 in 1.47ms
    23:44:09.347 | 441 ool-1-worker-205 | DEBUG | c.a.a.a.s.AssessmentDashboardService : Finished >> assessmentDashboardLoopIteration << call for exercise 2411 in 9.86ms
    23:44:09.348 | 441 ool-1-worker-205 | DEBUG | c.a.a.a.s.AssessmentDashboardService : Finished >> resultRepository.countNumberOfFinishedAssessmentsForExercise << call for exercise 2412 in 1.42ms
    23:44:09.349 | 441 ool-1-worker-205 | DEBUG | c.a.a.a.s.AssessmentDashboardService : Finished >> exampleSubmissionRepository.findAllWithResultByExerciseId << call for course 2412 in 961µs
    23:44:09.350 | 441 ool-1-worker-205 | DEBUG | c.a.a.a.s.AssessmentDashboardService : Finished >> assessmentDashboardLoopIteration << call for exercise 2412 in 12.42ms
    23:44:09.351 | 441 ool-1-worker-205 | DEBUG | c.a.a.a.s.AssessmentDashboardService : Finished >> resultRepository.countNumberOfFinishedAssessmentsForExercise << call for exercise 2413 in 1.59ms
    23:44:09.351 | 326 taskScheduler-1  | DEBUG | .a.s.ParticipantScoreScheduleService : Processing exercise 2412 and participant 689 to update participant scores.
    23:44:09.356 | 326 taskScheduler-1  | DEBUG | .a.s.ParticipantScoreScheduleService : Updated participant score 239.
    23:44:09.356 | 326 taskScheduler-1  | DEBUG | .a.s.ParticipantScoreScheduleService : Updating the participant score for exercise 2412 and participant 689 took 5 ms.
    23:44:09.357 | 441 ool-1-worker-205 | DEBUG | c.a.a.a.s.AssessmentDashboardService : Finished >> exampleSubmissionRepository.findAllWithResultByExerciseId << call for course 2413 in 6.20ms
    23:44:09.357 | 441 ool-1-worker-205 | DEBUG | c.a.a.a.s.AssessmentDashboardService : Finished >> assessmentDashboardLoopIteration << call for exercise 2413 in 19.88ms
    23:44:09.359 | 441 ool-1-worker-205 | DEBUG | c.a.a.a.s.AssessmentDashboardService : Finished >> programmingExerciseRepository.countAssessmentsByExerciseIdSubmitted << call for exercise 2414 in 2.71ms
    23:44:09.360 | 441 ool-1-worker-205 | DEBUG | c.a.a.a.s.AssessmentDashboardService : Finished >> exampleSubmissionRepository.findAllWithResultByExerciseId << call for course 2414 in 932µs
    23:44:09.361 | 441 ool-1-worker-205 | DEBUG | c.a.a.a.s.AssessmentDashboardService : Finished >> assessmentDashboardLoopIteration << call for exercise 2414 in 23.58ms
    23:44:09.361 | 441 ool-1-worker-205 | DEBUG | c.a.a.a.s.AssessmentDashboardService : Finished >> generateStatisticsForExercisesForAssessmentDashboard << call in 23.60ms

  Starting logs for CourseGitlabJenkinsIntegrationTest > testUpdateCourseGroupsFailsToRemoveOldMember()
    23:44:09.395 | 441 ool-1-worker-205 | DEBUG | d.t.c.a.a.c.u.util.UserUtilService   : Generate 8 students...
    23:44:09.407 | 441 ool-1-worker-205 | DEBUG | d.t.c.a.a.c.u.util.UserUtilService   : 8 students generated. Generate 5 tutors...
    23:44:09.416 | 441 ool-1-worker-205 | DEBUG | d.t.c.a.a.c.u.util.UserUtilService   : 5 tutors generated. Generate 1 editors...
    23:44:09.423 | 441 ool-1-worker-205 | DEBUG | d.t.c.a.a.c.u.util.UserUtilService   : 1 editors generated. Generate 1 instructors...
    23:44:09.429 | 441 ool-1-worker-205 | DEBUG | d.t.c.a.a.c.u.util.UserUtilService   : 1 instructors generated
    23:44:09.431 | 441 ool-1-worker-205 | DEBUG | d.t.c.a.a.c.u.util.UserUtilService   : Removing 16 users from all courses...
    23:44:09.433 | 441 ool-1-worker-205 | DEBUG | d.t.c.a.a.c.u.util.UserUtilService   : Removing 16 users from all courses. Done
    23:44:09.433 | 441 ool-1-worker-205 | DEBUG | d.t.c.a.a.c.u.util.UserUtilService   : Save 15 users to database...
    23:44:09.444 | 441 ool-1-worker-205 | DEBUG | d.t.c.a.a.c.u.util.UserUtilService   : Save 15 users to database. Done
    23:44:09.460 | 441 ool-1-worker-205 | INFO  | i.z.t.d.l.EmbeddedDatabaseReporter   : JDBC URL to connect to 'dataSource': url='jdbc:h2:tcp://localhost:41063/mem:736625c0-cf5e-400d-aeaa-8a7eabd6262b;USER=sa', scope='CourseGitlabJenkinsIntegrationTest#testUpdateCourseGroupsFailsToRemoveOldMember'
    23:44:09.503 | 441 ool-1-worker-205 | DEBUG | d.t.c.a.a.c.s.f.ApiVersionFilter     : Adding Version to Request PUT /api/courses/714
    23:44:09.504 | 441 ool-1-worker-205 | DEBUG | d.t.c.a.a.core.web.CourseResource    : REST request to update Course : Course{id=714, title='Course title 7feb710d-8a86-43fb-a064-f7e600267d5b', description='null', shortName='short2ebc58cd0dd99045300b3eb04d1d3be1800c', studentGroupName='tumuser', teachingAssistantGroupName='tutor', editorGroupName='editor', instructorGroupName='new-instructor-group', startDate='2025-02-13T23:39:54.015067Z', endDate='2025-02-16T23:39:54.015089Z', enrollmentStartDate='null', enrollmentEndDate='null', unenrollmentEndDate='null', semester='null'', onlineCourse='false', color='null', courseIcon='null', enrollmentEnabled='false', unenrollmentEnabled='false', presentationScore='2', faqEnabled='false'}
    23:44:09.525 | 441 ool-1-worker-205 | INFO  | .a.p.s.g.GitLabUserManagementService : Update Gitlab permissions for programming exercises: [SHORT2EBC58CD0DD99045300B3EB04D1D3BE1800CTSTEXC]
    23:44:09.545 | 441 ool-1-worker-205 | WARN  | .a.p.s.g.GitLabUserManagementService : User courseegitlabjenkinstutor1 does not exist in Gitlab and cannot be updated!
    23:44:09.545 | 441 ool-1-worker-205 | WARN  | .a.p.s.g.GitLabUserManagementService : User courseegitlabjenkinstutor2 does not exist in Gitlab and cannot be updated!
    23:44:09.545 | 441 ool-1-worker-205 | WARN  | .a.p.s.g.GitLabUserManagementService : User courseegitlabjenkinstutor3 does not exist in Gitlab and cannot be updated!
    23:44:09.545 | 441 ool-1-worker-205 | WARN  | .a.p.s.g.GitLabUserManagementService : User courseegitlabjenkinstutor4 does not exist in Gitlab and cannot be updated!
    23:44:09.545 | 441 ool-1-worker-205 | WARN  | .a.p.s.g.GitLabUserManagementService : User courseegitlabjenkinstutor5 does not exist in Gitlab and cannot be updated!
    23:44:09.545 | 441 ool-1-worker-205 | WARN  | .a.p.s.g.GitLabUserManagementService : User courseegitlabjenkinseditor1 does not exist in Gitlab and cannot be updated!
    23:44:09.546 | 441 ool-1-worker-205 | ERROR | o.z.p.spring.common.AdviceTraits     : Internal Server Error
de.tum.cit.aet.artemis.programming.service.gitlab.GitLabException: Error while updating GitLab group SHORT2EBC58CD0DD99045300B3EB04D1D3BE1800CTSTEXC
	at de.tum.cit.aet.artemis.programming.service.gitlab.GitLabUserManagementService.lambda$removeMemberFromExercises$1(GitLabUserManagementService.java:269)
	at java.base/java.util.ArrayList.forEach(ArrayList.java:1596)
	at de.tum.cit.aet.artemis.programming.service.gitlab.GitLabUserManagementService.removeMemberFromExercises(GitLabUserManagementService.java:264)
	at de.tum.cit.aet.artemis.programming.service.gitlab.GitLabUserManagementService.updateOldGroupMembers(GitLabUserManagementService.java:229)
	at de.tum.cit.aet.artemis.programming.service.gitlab.GitLabUserManagementService.updateCoursePermissions(GitLabUserManagementService.java:162)
	at de.tum.cit.aet.artemis.programming.service.gitlab.GitLabUserManagementService.updateCoursePermissions(GitLabUserManagementService.java:132)
	at de.tum.cit.aet.artemis.core.web.CourseResource.lambda$updateCourse$1(CourseResource.java:347)
	at java.base/java.util.Optional.ifPresent(Optional.java:178)
	at de.tum.cit.aet.artemis.core.web.CourseResource.updateCourse(CourseResource.java:347)
	at java.base/jdk.internal.reflect.DirectMethodHandleAccessor.invoke(DirectMethodHandleAccessor.java:103)
	at java.base/java.lang.reflect.Method.invoke(Method.java:580)
	at org.springframework.aop.support.AopUtils.invokeJoinpointUsingReflection(AopUtils.java:359)
	at org.springframework.aop.framework.ReflectiveMethodInvocation.invokeJoinpoint(ReflectiveMethodInvocation.java:196)
	at org.springframework.aop.framework.ReflectiveMethodInvocation.proceed(ReflectiveMethodInvocation.java:163)
	at org.springframework.security.authorization.method.AuthorizationManagerBeforeMethodInterceptor.proceed(AuthorizationManagerBeforeMethodInterceptor.java:268)
	at org.springframework.security.authorization.method.AuthorizationManagerBeforeMethodInterceptor.attemptAuthorization(AuthorizationManagerBeforeMethodInterceptor.java:263)
	at org.springframework.security.authorization.method.AuthorizationManagerBeforeMethodInterceptor.invoke(AuthorizationManagerBeforeMethodInterceptor.java:196)
	at org.springframework.security.config.annotation.method.configuration.DeferringMethodInterceptor.invoke(DeferringMethodInterceptor.java:44)
	at org.springframework.aop.framework.ReflectiveMethodInvocation.proceed(ReflectiveMethodInvocation.java:184)
	at org.springframework.aop.interceptor.ExposeInvocationInterceptor.invoke(ExposeInvocationInterceptor.java:97)
	at org.springframework.aop.framework.ReflectiveMethodInvocation.proceed(ReflectiveMethodInvocation.java:184)
	at org.springframework.aop.framework.CglibAopProxy$DynamicAdvisedInterceptor.intercept(CglibAopProxy.java:727)
	at de.tum.cit.aet.artemis.core.web.CourseResource$$SpringCGLIB$$0.updateCourse(<generated>)
	at java.base/jdk.internal.reflect.DirectMethodHandleAccessor.invoke(DirectMethodHandleAccessor.java:103)
	at java.base/java.lang.reflect.Method.invoke(Method.java:580)
	at org.springframework.web.method.support.InvocableHandlerMethod.doInvoke(InvocableHandlerMethod.java:257)
	at org.springframework.web.method.support.InvocableHandlerMethod.invokeForRequest(InvocableHandlerMethod.java:190)
	at org.springframework.web.servlet.mvc.method.annotation.ServletInvocableHandlerMethod.invokeAndHandle(ServletInvocableHandlerMethod.java:118)
	at org.springframework.web.servlet.mvc.method.annotation.RequestMappingHandlerAdapter.invokeHandlerMethod(RequestMappingHandlerAdapter.java:986)
	at org.springframework.web.servlet.mvc.method.annotation.RequestMappingHandlerAdapter.handleInternal(RequestMappingHandlerAdapter.java:891)
	at org.springframework.web.servlet.mvc.method.AbstractHandlerMethodAdapter.handle(AbstractHandlerMethodAdapter.java:87)
	at org.springframework.web.servlet.DispatcherServlet.doDispatch(DispatcherServlet.java:1088)
	at org.springframework.web.servlet.DispatcherServlet.doService(DispatcherServlet.java:978)
	at org.springframework.web.servlet.FrameworkServlet.processRequest(FrameworkServlet.java:1014)
	at org.springframework.web.servlet.FrameworkServlet.doPut(FrameworkServlet.java:925)
	at jakarta.servlet.http.HttpServlet.service(HttpServlet.java:550)
	at org.springframework.web.servlet.FrameworkServlet.service(FrameworkServlet.java:885)
	at org.springframework.test.web.servlet.TestDispatcherServlet.service(TestDispatcherServlet.java:72)
	at jakarta.servlet.http.HttpServlet.service(HttpServlet.java:614)
	at org.springframework.mock.web.MockFilterChain$ServletFilterProxy.doFilter(MockFilterChain.java:165)
	at org.springframework.mock.web.MockFilterChain.doFilter(MockFilterChain.java:132)
	at org.springframework.web.filter.OncePerRequestFilter.doFilter(OncePerRequestFilter.java:110)
	at org.springframework.test.web.servlet.setup.MockMvcFilterDecorator.doFilter(MockMvcFilterDecorator.java:162)
	at org.springframework.mock.web.MockFilterChain.doFilter(MockFilterChain.java:132)
	at de.tum.cit.aet.artemis.core.security.filter.ApiVersionFilter.doFilter(ApiVersionFilter.java:55)
	at org.springframework.test.web.servlet.setup.MockMvcFilterDecorator.doFilter(MockMvcFilterDecorator.java:162)
	at org.springframework.mock.web.MockFilterChain.doFilter(MockFilterChain.java:132)
	at io.sentry.spring.jakarta.SentryUserFilter.doFilterInternal(SentryUserFilter.java:56)
	at org.springframework.web.filter.OncePerRequestFilter.doFilter(OncePerRequestFilter.java:116)
	at org.springframework.test.web.servlet.setup.MockMvcFilterDecorator.doFilter(MockMvcFilterDecorator.java:162)
	at org.springframework.mock.web.MockFilterChain.doFilter(MockFilterChain.java:132)
	at org.springframework.web.filter.CompositeFilter$VirtualFilterChain.doFilter(CompositeFilter.java:108)
	at org.springframework.security.web.FilterChainProxy.lambda$doFilterInternal$3(FilterChainProxy.java:231)
	at org.springframework.security.web.ObservationFilterChainDecorator$FilterObservation$SimpleFilterObservation.lambda$wrap$1(ObservationFilterChainDecorator.java:479)
	at org.springframework.security.web.ObservationFilterChainDecorator$AroundFilterObservation$SimpleAroundFilterObservation.lambda$wrap$1(ObservationFilterChainDecorator.java:340)
	at org.springframework.security.web.ObservationFilterChainDecorator.lambda$wrapSecured$0(ObservationFilterChainDecorator.java:82)
	at org.springframework.security.web.ObservationFilterChainDecorator$VirtualFilterChain.doFilter(ObservationFilterChainDecorator.java:128)
	at org.springframework.security.web.access.intercept.AuthorizationFilter.doFilter(AuthorizationFilter.java:101)
	at org.springframework.security.web.ObservationFilterChainDecorator$ObservationFilter.wrapFilter(ObservationFilterChainDecorator.java:240)
	at org.springframework.security.web.ObservationFilterChainDecorator$ObservationFilter.doFilter(ObservationFilterChainDecorator.java:227)
	at org.springframework.security.web.ObservationFilterChainDecorator$VirtualFilterChain.doFilter(ObservationFilterChainDecorator.java:137)
	at org.springframework.security.web.access.ExceptionTranslationFilter.doFilter(ExceptionTranslationFilter.java:126)
	at org.springframework.security.web.access.ExceptionTranslationFilter.doFilter(ExceptionTranslationFilter.java:120)
	at org.springframework.security.web.ObservationFilterChainDecorator$ObservationFilter.wrapFilter(ObservationFilterChainDecorator.java:240)
	at org.springframework.security.web.ObservationFilterChainDecorator$ObservationFilter.doFilter(ObservationFilterChainDecorator.java:227)
	at org.springframework.security.web.ObservationFilterChainDecorator$VirtualFilterChain.doFilter(ObservationFilterChainDecorator.java:137)
	at org.springframework.security.web.session.SessionManagementFilter.doFilter(SessionManagementFilter.java:131)
	at org.springframework.security.web.session.SessionManagementFilter.doFilter(SessionManagementFilter.java:85)
	at org.springframework.security.web.ObservationFilterChainDecorator$ObservationFilter.wrapFilter(ObservationFilterChainDecorator.java:240)
	at org.springframework.security.web.ObservationFilterChainDecorator$ObservationFilter.doFilter(ObservationFilterChainDecorator.java:227)
	at org.springframework.security.web.ObservationFilterChainDecorator$VirtualFilterChain.doFilter(ObservationFilterChainDecorator.java:137)
	at org.springframework.security.web.authentication.AnonymousAuthenticationFilter.doFilter(AnonymousAuthenticationFilter.java:100)
	at org.springframework.security.web.ObservationFilterChainDecorator$ObservationFilter.wrapFilter(ObservationFilterChainDecorator.java:240)
	at org.springframework.security.web.ObservationFilterChainDecorator$ObservationFilter.doFilter(ObservationFilterChainDecorator.java:227)
	at org.springframework.security.web.ObservationFilterChainDecorator$VirtualFilterChain.doFilter(ObservationFilterChainDecorator.java:137)
	at org.springframework.security.web.servletapi.SecurityContextHolderAwareRequestFilter.doFilter(SecurityContextHolderAwareRequestFilter.java:179)
	at org.springframework.security.web.ObservationFilterChainDecorator$ObservationFilter.wrapFilter(ObservationFilterChainDecorator.java:240)
	at org.springframework.security.web.ObservationFilterChainDecorator$ObservationFilter.doFilter(ObservationFilterChainDecorator.java:227)
	at org.springframework.security.web.ObservationFilterChainDecorator$VirtualFilterChain.doFilter(ObservationFilterChainDecorator.java:137)
	at org.springframework.security.web.savedrequest.RequestCacheAwareFilter.doFilter(RequestCacheAwareFilter.java:63)
	at org.springframework.security.web.ObservationFilterChainDecorator$ObservationFilter.wrapFilter(ObservationFilterChainDecorator.java:240)
	at org.springframework.security.web.ObservationFilterChainDecorator$ObservationFilter.doFilter(ObservationFilterChainDecorator.java:227)
	at org.springframework.security.web.ObservationFilterChainDecorator$VirtualFilterChain.doFilter(ObservationFilterChainDecorator.java:137)
	at de.tum.cit.aet.artemis.core.security.filter.SpaWebFilter.doFilterInternal(SpaWebFilter.java:23)
	at org.springframework.web.filter.OncePerRequestFilter.doFilter(OncePerRequestFilter.java:116)
	at org.springframework.security.web.ObservationFilterChainDecorator$ObservationFilter.wrapFilter(ObservationFilterChainDecorator.java:240)
	at org.springframework.security.web.ObservationFilterChainDecorator$ObservationFilter.doFilter(ObservationFilterChainDecorator.java:227)
	at org.springframework.security.web.ObservationFilterChainDecorator$VirtualFilterChain.doFilter(ObservationFilterChainDecorator.java:137)
	at org.springframework.web.filter.OncePerRequestFilter.doFilter(OncePerRequestFilter.java:110)
	at org.springframework.security.web.ObservationFilterChainDecorator$ObservationFilter.wrapFilter(ObservationFilterChainDecorator.java:240)
	at org.springframework.security.web.ObservationFilterChainDecorator$ObservationFilter.doFilter(ObservationFilterChainDecorator.java:227)
	at org.springframework.security.web.ObservationFilterChainDecorator$VirtualFilterChain.doFilter(ObservationFilterChainDecorator.java:137)
	at de.tum.cit.aet.artemis.lti.config.Lti13LaunchFilter.doFilterInternal(Lti13LaunchFilter.java:60)
	at org.springframework.web.filter.OncePerRequestFilter.doFilter(OncePerRequestFilter.java:116)
	at org.springframework.security.web.ObservationFilterChainDecorator$ObservationFilter.wrapFilter(ObservationFilterChainDecorator.java:240)
	at org.springframework.security.web.ObservationFilterChainDecorator$ObservationFilter.doFilter(ObservationFilterChainDecorator.java:227)
	at org.springframework.security.web.ObservationFilterChainDecorator$VirtualFilterChain.doFilter(ObservationFilterChainDecorator.java:137)
	at de.tum.cit.aet.artemis.core.security.jwt.JWTFilter.doFilter(JWTFilter.java:55)
	at org.springframework.security.web.ObservationFilterChainDecorator$ObservationFilter.wrapFilter(ObservationFilterChainDecorator.java:240)
	at org.springframework.security.web.ObservationFilterChainDecorator$ObservationFilter.doFilter(ObservationFilterChainDecorator.java:227)
	at org.springframework.security.web.ObservationFilterChainDecorator$VirtualFilterChain.doFilter(ObservationFilterChainDecorator.java:137)
	at de.tum.cit.aet.artemis.core.security.jwt.JWTFilter.doFilter(JWTFilter.java:55)
	at org.springframework.security.web.ObservationFilterChainDecorator$ObservationFilter.wrapFilter(ObservationFilterChainDecorator.java:240)
	at org.springframework.security.web.ObservationFilterChainDecorator$ObservationFilter.doFilter(ObservationFilterChainDecorator.java:227)
	at org.springframework.security.web.ObservationFilterChainDecorator$VirtualFilterChain.doFilter(ObservationFilterChainDecorator.java:137)
	at org.springframework.web.filter.CorsFilter.doFilterInternal(CorsFilter.java:91)
	at org.springframework.web.filter.OncePerRequestFilter.doFilter(OncePerRequestFilter.java:116)
	at org.springframework.security.web.ObservationFilterChainDecorator$ObservationFilter.wrapFilter(ObservationFilterChainDecorator.java:240)
	at org.springframework.security.web.ObservationFilterChainDecorator$ObservationFilter.doFilter(ObservationFilterChainDecorator.java:227)
	at org.springframework.security.web.ObservationFilterChainDecorator$VirtualFilterChain.doFilter(ObservationFilterChainDecorator.java:137)
	at org.springframework.web.filter.OncePerRequestFilter.doFilter(OncePerRequestFilter.java:110)
	at org.springframework.security.web.ObservationFilterChainDecorator$ObservationFilter.wrapFilter(ObservationFilterChainDecorator.java:240)
	at org.springframework.security.web.ObservationFilterChainDecorator$ObservationFilter.doFilter(ObservationFilterChainDecorator.java:227)
	at org.springframework.security.web.ObservationFilterChainDecorator$VirtualFilterChain.doFilter(ObservationFilterChainDecorator.java:137)
	at uk.ac.ox.ctl.lti13.security.oauth2.client.lti.web.OAuth2AuthorizationRequestRedirectFilter.doFilterInternal(OAuth2AuthorizationRequestRedirectFilter.java:142)
	at org.springframework.web.filter.OncePerRequestFilter.doFilter(OncePerRequestFilter.java:116)
	at org.springframework.security.web.ObservationFilterChainDecorator$ObservationFilter.wrapFilter(ObservationFilterChainDecorator.java:240)
	at org.springframework.security.web.ObservationFilterChainDecorator$ObservationFilter.doFilter(ObservationFilterChainDecorator.java:227)
	at org.springframework.security.web.ObservationFilterChainDecorator$VirtualFilterChain.doFilter(ObservationFilterChainDecorator.java:137)
	at org.springframework.security.web.authentication.logout.LogoutFilter.doFilter(LogoutFilter.java:107)
	at org.springframework.security.web.authentication.logout.LogoutFilter.doFilter(LogoutFilter.java:93)
	at org.springframework.security.web.ObservationFilterChainDecorator$ObservationFilter.wrapFilter(ObservationFilterChainDecorator.java:240)
	at org.springframework.security.web.ObservationFilterChainDecorator$ObservationFilter.doFilter(ObservationFilterChainDecorator.java:227)
	at org.springframework.security.web.ObservationFilterChainDecorator$VirtualFilterChain.doFilter(ObservationFilterChainDecorator.java:137)
	at org.springframework.security.web.header.HeaderWriterFilter.doHeadersAfter(HeaderWriterFilter.java:90)
	at org.springframework.security.web.header.HeaderWriterFilter.doFilterInternal(HeaderWriterFilter.java:75)
	at org.springframework.web.filter.OncePerRequestFilter.doFilter(OncePerRequestFilter.java:116)
	at org.springframework.security.web.ObservationFilterChainDecorator$ObservationFilter.wrapFilter(ObservationFilterChainDecorator.java:240)
	at org.springframework.security.web.ObservationFilterChainDecorator$ObservationFilter.doFilter(ObservationFilterChainDecorator.java:227)
	at org.springframework.security.web.ObservationFilterChainDecorator$VirtualFilterChain.doFilter(ObservationFilterChainDecorator.java:137)
	at org.springframework.security.web.context.SecurityContextHolderFilter.doFilter(SecurityContextHolderFilter.java:82)
	at org.springframework.security.web.context.SecurityContextHolderFilter.doFilter(SecurityContextHolderFilter.java:69)
	at org.springframework.security.web.ObservationFilterChainDecorator$ObservationFilter.wrapFilter(ObservationFilterChainDecorator.java:240)
	at org.springframework.security.web.ObservationFilterChainDecorator$ObservationFilter.doFilter(ObservationFilterChainDecorator.java:227)
	at org.springframework.security.web.ObservationFilterChainDecorator$VirtualFilterChain.doFilter(ObservationFilterChainDecorator.java:137)
	at org.springframework.security.web.context.request.async.WebAsyncManagerIntegrationFilter.doFilterInternal(WebAsyncManagerIntegrationFilter.java:62)
	at org.springframework.web.filter.OncePerRequestFilter.doFilter(OncePerRequestFilter.java:116)
	at org.springframework.security.web.ObservationFilterChainDecorator$ObservationFilter.wrapFilter(ObservationFilterChainDecorator.java:240)
	at org.springframework.security.web.ObservationFilterChainDecorator$ObservationFilter.doFilter(ObservationFilterChainDecorator.java:227)
	at org.springframework.security.web.ObservationFilterChainDecorator$VirtualFilterChain.doFilter(ObservationFilterChainDecorator.java:137)
	at org.springframework.security.web.session.DisableEncodeUrlFilter.doFilterInternal(DisableEncodeUrlFilter.java:42)
	at org.springframework.web.filter.OncePerRequestFilter.doFilter(OncePerRequestFilter.java:116)
	at org.springframework.security.web.ObservationFilterChainDecorator$ObservationFilter.wrapFilter(ObservationFilterChainDecorator.java:240)
	at org.springframework.security.web.ObservationFilterChainDecorator$AroundFilterObservation$SimpleAroundFilterObservation.lambda$wrap$0(ObservationFilterChainDecorator.java:323)
	at org.springframework.security.web.ObservationFilterChainDecorator$ObservationFilter.doFilter(ObservationFilterChainDecorator.java:224)
	at org.springframework.security.web.ObservationFilterChainDecorator$VirtualFilterChain.doFilter(ObservationFilterChainDecorator.java:137)
	at org.springframework.security.web.FilterChainProxy.doFilterInternal(FilterChainProxy.java:233)
	at org.springframework.security.web.FilterChainProxy.doFilter(FilterChainProxy.java:191)
	at org.springframework.web.filter.CompositeFilter$VirtualFilterChain.doFilter(CompositeFilter.java:113)
	at org.springframework.web.servlet.handler.HandlerMappingIntrospector.lambda$createCacheFilter$3(HandlerMappingIntrospector.java:243)
	at org.springframework.web.filter.CompositeFilter$VirtualFilterChain.doFilter(CompositeFilter.java:113)
	at org.springframework.web.filter.CompositeFilter.doFilter(CompositeFilter.java:74)
	at org.springframework.security.config.annotation.web.configuration.WebMvcSecurityConfiguration$CompositeFilterChainProxy.doFilter(WebMvcSecurityConfiguration.java:238)
	at org.springframework.web.filter.DelegatingFilterProxy.invokeDelegate(DelegatingFilterProxy.java:362)
	at org.springframework.web.filter.DelegatingFilterProxy.doFilter(DelegatingFilterProxy.java:278)
	at org.springframework.test.web.servlet.setup.MockMvcFilterDecorator.doFilter(MockMvcFilterDecorator.java:162)
	at org.springframework.mock.web.MockFilterChain.doFilter(MockFilterChain.java:132)
	at org.springframework.web.filter.RequestContextFilter.doFilterInternal(RequestContextFilter.java:100)
	at org.springframework.web.filter.OncePerRequestFilter.doFilter(OncePerRequestFilter.java:116)
	at org.springframework.test.web.servlet.setup.MockMvcFilterDecorator.doFilter(MockMvcFilterDecorator.java:162)
	at org.springframework.mock.web.MockFilterChain.doFilter(MockFilterChain.java:132)
	at org.springframework.web.filter.FormContentFilter.doFilterInternal(FormContentFilter.java:93)
	at org.springframework.web.filter.OncePerRequestFilter.doFilter(OncePerRequestFilter.java:116)
	at org.springframework.test.web.servlet.setup.MockMvcFilterDecorator.doFilter(MockMvcFilterDecorator.java:162)
	at org.springframework.mock.web.MockFilterChain.doFilter(MockFilterChain.java:132)
	at org.springframework.web.filter.ServerHttpObservationFilter.doFilterInternal(ServerHttpObservationFilter.java:114)
	at org.springframework.web.filter.OncePerRequestFilter.doFilter(OncePerRequestFilter.java:116)
	at org.springframework.test.web.servlet.setup.MockMvcFilterDecorator.doFilter(MockMvcFilterDecorator.java:162)
	at org.springframework.mock.web.MockFilterChain.doFilter(MockFilterChain.java:132)
	at io.sentry.spring.jakarta.tracing.SentryTracingFilter.doFilterInternal(SentryTracingFilter.java:91)
	at org.springframework.web.filter.OncePerRequestFilter.doFilter(OncePerRequestFilter.java:116)
	at org.springframework.test.web.servlet.setup.MockMvcFilterDecorator.doFilter(MockMvcFilterDecorator.java:162)
	at org.springframework.mock.web.MockFilterChain.doFilter(MockFilterChain.java:132)
	at org.springframework.web.filter.CharacterEncodingFilter.doFilterInternal(CharacterEncodingFilter.java:201)
	at org.springframework.web.filter.OncePerRequestFilter.doFilter(OncePerRequestFilter.java:116)
	at org.springframework.test.web.servlet.setup.MockMvcFilterDecorator.doFilter(MockMvcFilterDecorator.java:162)
	at org.springframework.mock.web.MockFilterChain.doFilter(MockFilterChain.java:132)
	at io.sentry.spring.jakarta.SentrySpringFilter.doFilterInternal(SentrySpringFilter.java:76)
	at org.springframework.web.filter.OncePerRequestFilter.doFilter(OncePerRequestFilter.java:116)
	at org.springframework.test.web.servlet.setup.MockMvcFilterDecorator.doFilter(MockMvcFilterDecorator.java:162)
	at org.springframework.mock.web.MockFilterChain.doFilter(MockFilterChain.java:132)
	at org.springframework.test.web.servlet.MockMvc.perform(MockMvc.java:201)
	at de.tum.cit.aet.artemis.core.util.RequestUtilService.performMvcRequest(RequestUtilService.java:79)
	at de.tum.cit.aet.artemis.programming.CourseGitlabJenkinsIntegrationTest.testUpdateCourseGroupsFailsToRemoveOldMember(CourseGitlabJenkinsIntegrationTest.java:319)
	at java.base/jdk.internal.reflect.DirectMethodHandleAccessor.invoke(DirectMethodHandleAccessor.java:103)
	at java.base/java.lang.reflect.Method.invoke(Method.java:580)
	at org.junit.platform.commons.util.ReflectionUtils.invokeMethod(ReflectionUtils.java:767)
	at org.junit.jupiter.engine.execution.MethodInvocation.proceed(MethodInvocation.java:60)
	at org.junit.jupiter.engine.execution.InvocationInterceptorChain$ValidatingInvocation.proceed(InvocationInterceptorChain.java:131)
	at org.junit.jupiter.engine.extension.TimeoutExtension.intercept(TimeoutExtension.java:156)
	at org.junit.jupiter.engine.extension.TimeoutExtension.interceptTestableMethod(TimeoutExtension.java:147)
	at org.junit.jupiter.engine.extension.TimeoutExtension.interceptTestMethod(TimeoutExtension.java:86)
	at org.junit.jupiter.engine.execution.InterceptingExecutableInvoker$ReflectiveInterceptorCall.lambda$ofVoidMethod$0(InterceptingExecutableInvoker.java:103)
	at org.junit.jupiter.engine.execution.InterceptingExecutableInvoker.lambda$invoke$0(InterceptingExecutableInvoker.java:93)
	at org.junit.jupiter.engine.execution.InvocationInterceptorChain$InterceptedInvocation.proceed(InvocationInterceptorChain.java:106)
	at org.junit.jupiter.engine.execution.InvocationInterceptorChain.proceed(InvocationInterceptorChain.java:64)
	at org.junit.jupiter.engine.execution.InvocationInterceptorChain.chainAndInvoke(InvocationInterceptorChain.java:45)
	at org.junit.jupiter.engine.execution.InvocationInterceptorChain.invoke(InvocationInterceptorChain.java:37)
	at org.junit.jupiter.engine.execution.InterceptingExecutableInvoker.invoke(InterceptingExecutableInvoker.java:92)
	at org.junit.jupiter.engine.execution.InterceptingExecutableInvoker.invoke(InterceptingExecutableInvoker.java:86)
	at org.junit.jupiter.engine.descriptor.TestMethodTestDescriptor.lambda$invokeTestMethod$8(TestMethodTestDescriptor.java:217)
	at org.junit.platform.engine.support.hierarchical.ThrowableCollector.execute(ThrowableCollector.java:73)
	at org.junit.jupiter.engine.descriptor.TestMethodTestDescriptor.invokeTestMethod(TestMethodTestDescriptor.java:213)
	at org.junit.jupiter.engine.descriptor.TestMethodTestDescriptor.execute(TestMethodTestDescriptor.java:138)
	at org.junit.jupiter.engine.descriptor.TestMethodTestDescriptor.execute(TestMethodTestDescriptor.java:68)
	at org.junit.platform.engine.support.hierarchical.NodeTestTask.lambda$executeRecursively$6(NodeTestTask.java:156)
	at org.junit.platform.engine.support.hierarchical.ThrowableCollector.execute(ThrowableCollector.java:73)
	at org.junit.platform.engine.support.hierarchical.NodeTestTask.lambda$executeRecursively$8(NodeTestTask.java:146)
	at org.junit.platform.engine.support.hierarchical.Node.around(Node.java:137)
	at org.junit.platform.engine.support.hierarchical.NodeTestTask.lambda$executeRecursively$9(NodeTestTask.java:144)
	at org.junit.platform.engine.support.hierarchical.ThrowableCollector.execute(ThrowableCollector.java:73)
	at org.junit.platform.engine.support.hierarchical.NodeTestTask.executeRecursively(NodeTestTask.java:143)
	at org.junit.platform.engine.support.hierarchical.NodeTestTask.execute(NodeTestTask.java:100)
	at org.junit.platform.engine.support.hierarchical.ForkJoinPoolHierarchicalTestExecutorService$ExclusiveTask.exec(ForkJoinPoolHierarchicalTestExecutorService.java:274)
	at org.junit.platform.engine.support.hierarchical.ForkJoinPoolHierarchicalTestExecutorService$ExclusiveTask.execSync(ForkJoinPoolHierarchicalTestExecutorService.java:247)
	at org.junit.platform.engine.support.hierarchical.ForkJoinPoolHierarchicalTestExecutorService.executeSync(ForkJoinPoolHierarchicalTestExecutorService.java:194)
	at org.junit.platform.engine.support.hierarchical.ForkJoinPoolHierarchicalTestExecutorService.invokeAll(ForkJoinPoolHierarchicalTestExecutorService.java:166)
	at org.junit.platform.engine.support.hierarchical.NodeTestTask.lambda$executeRecursively$6(NodeTestTask.java:160)
	at org.junit.platform.engine.support.hierarchical.ThrowableCollector.execute(ThrowableCollector.java:73)
	at org.junit.platform.engine.support.hierarchical.NodeTestTask.lambda$executeRecursively$8(NodeTestTask.java:146)
	at org.junit.platform.engine.support.hierarchical.Node.around(Node.java:137)
	at org.junit.platform.engine.support.hierarchical.NodeTestTask.lambda$executeRecursively$9(NodeTestTask.java:144)
	at org.junit.platform.engine.support.hierarchical.ThrowableCollector.execute(ThrowableCollector.java:73)
	at org.junit.platform.engine.support.hierarchical.NodeTestTask.executeRecursively(NodeTestTask.java:143)
	at org.junit.platform.engine.support.hierarchical.NodeTestTask.execute(NodeTestTask.java:100)
	at org.junit.platform.engine.support.hierarchical.ForkJoinPoolHierarchicalTestExecutorService$ExclusiveTask.exec(ForkJoinPoolHierarchicalTestExecutorService.java:274)
	at java.base/java.util.concurrent.ForkJoinTask.doExec(ForkJoinTask.java:387)
	at java.base/java.util.concurrent.ForkJoinPool$WorkQueue.topLevelExec(ForkJoinPool.java:1312)
	at java.base/java.util.concurrent.ForkJoinPool.scan(ForkJoinPool.java:1843)
	at java.base/java.util.concurrent.ForkJoinPool.runWorker(ForkJoinPool.java:1808)
	at java.base/java.util.concurrent.ForkJoinWorkerThread.run(ForkJoinWorkerThread.java:188)
Caused by: org.gitlab4j.api.GitLabApiException: null

  Starting logs for CourseGitlabJenkinsIntegrationTest > testGetCourseTitleAsTeachingAssistant()
    23:44:09.577 | 441 ool-1-worker-205 | DEBUG | d.t.c.a.a.c.u.util.UserUtilService   : Generate 8 students...
    23:44:09.595 | 441 ool-1-worker-205 | DEBUG | d.t.c.a.a.c.u.util.UserUtilService   : 8 students generated. Generate 5 tutors...
    23:44:09.604 | 441 ool-1-worker-205 | DEBUG | d.t.c.a.a.c.u.util.UserUtilService   : 5 tutors generated. Generate 1 editors...
    23:44:09.607 | 441 ool-1-worker-205 | DEBUG | d.t.c.a.a.c.u.util.UserUtilService   : 1 editors generated. Generate 1 instructors...
    23:44:09.611 | 441 ool-1-worker-205 | DEBUG | d.t.c.a.a.c.u.util.UserUtilService   : 1 instructors generated
    23:44:09.613 | 441 ool-1-worker-205 | DEBUG | d.t.c.a.a.c.u.util.UserUtilService   : Removing 16 users from all courses...
    23:44:09.622 | 441 ool-1-worker-205 | DEBUG | d.t.c.a.a.c.u.util.UserUtilService   : Removing 16 users from all courses. Done
    23:44:09.622 | 441 ool-1-worker-205 | DEBUG | d.t.c.a.a.c.u.util.UserUtilService   : Save 15 users to database...
    23:44:09.657 | 441 ool-1-worker-205 | DEBUG | d.t.c.a.a.c.u.util.UserUtilService   : Save 15 users to database. Done
    23:44:09.684 | 441 ool-1-worker-205 | INFO  | i.z.t.d.l.EmbeddedDatabaseReporter   : JDBC URL to connect to 'dataSource': url='jdbc:h2:tcp://localhost:41063/mem:736625c0-cf5e-400d-aeaa-8a7eabd6262b;USER=sa', scope='CourseGitlabJenkinsIntegrationTest#testGetCourseTitleAsTeachingAssistant'
    23:44:09.699 | 441 ool-1-worker-205 | INFO  | .c.a.a.c.s.TitleCacheEvictionService : Evicted entry '715' from title cache 'courseTitle'
    23:44:09.700 | 441 ool-1-worker-205 | DEBUG | d.t.c.a.a.c.s.f.ApiVersionFilter     : Adding Version to Request GET /api/courses/715/title

  Starting logs for CourseGitlabJenkinsIntegrationTest > searchUsersInCourse_searchForAllTutorsAndInstructors_shouldReturnAllTutorsEditorsAndInstructors()
    23:44:09.720 | 441 ool-1-worker-205 | DEBUG | d.t.c.a.a.c.u.util.UserUtilService   : Generate 8 students...
    23:44:09.732 | 441 ool-1-worker-205 | DEBUG | d.t.c.a.a.c.u.util.UserUtilService   : 8 students generated. Generate 5 tutors...
    23:44:09.740 | 441 ool-1-worker-205 | DEBUG | d.t.c.a.a.c.u.util.UserUtilService   : 5 tutors generated. Generate 1 editors...
    23:44:09.742 | 441 ool-1-worker-205 | DEBUG | d.t.c.a.a.c.u.util.UserUtilService   : 1 editors generated. Generate 1 instructors...
    23:44:09.748 | 441 ool-1-worker-205 | DEBUG | d.t.c.a.a.c.u.util.UserUtilService   : 1 instructors generated
    23:44:09.752 | 441 ool-1-worker-205 | DEBUG | d.t.c.a.a.c.u.util.UserUtilService   : Removing 16 users from all courses...
    23:44:09.758 | 441 ool-1-worker-205 | DEBUG | d.t.c.a.a.c.u.util.UserUtilService   : Removing 16 users from all courses. Done
    23:44:09.758 | 441 ool-1-worker-205 | DEBUG | d.t.c.a.a.c.u.util.UserUtilService   : Save 15 users to database...
    23:44:09.779 | 441 ool-1-worker-205 | DEBUG | d.t.c.a.a.c.u.util.UserUtilService   : Save 15 users to database. Done
    23:44:09.803 | 441 ool-1-worker-205 | INFO  | i.z.t.d.l.EmbeddedDatabaseReporter   : JDBC URL to connect to 'dataSource': url='jdbc:h2:tcp://localhost:41063/mem:736625c0-cf5e-400d-aeaa-8a7eabd6262b;USER=sa', scope='CourseGitlabJenkinsIntegrationTest#searchUsersInCourse_searchForAllTutorsAndInstructors_shouldReturnAllTutorsEditorsAndInstructors'
    23:44:09.866 | 441 ool-1-worker-205 | DEBUG | d.t.c.a.a.c.s.f.ApiVersionFilter     : Adding Version to Request GET /api/courses/716/users/search
    23:44:09.868 | 441 ool-1-worker-205 | DEBUG | d.t.c.a.a.core.web.CourseResource    : REST request to search users in course : 716 with login or name : 

  Starting logs for CourseGitlabJenkinsIntegrationTest > searchUsersInCourse_searchForAllInstructor_shouldReturnAllInstructors()
    23:44:09.925 | 441 ool-1-worker-205 | DEBUG | d.t.c.a.a.c.u.util.UserUtilService   : Generate 8 students...
    23:44:09.952 | 441 ool-1-worker-205 | DEBUG | d.t.c.a.a.c.u.util.UserUtilService   : 8 students generated. Generate 5 tutors...
    23:44:09.966 | 441 ool-1-worker-205 | DEBUG | d.t.c.a.a.c.u.util.UserUtilService   : 5 tutors generated. Generate 1 editors...
    23:44:09.975 | 441 ool-1-worker-205 | DEBUG | d.t.c.a.a.c.u.util.UserUtilService   : 1 editors generated. Generate 1 instructors...
    23:44:09.984 | 441 ool-1-worker-205 | DEBUG | d.t.c.a.a.c.u.util.UserUtilService   : 1 instructors generated
    23:44:09.991 | 441 ool-1-worker-205 | DEBUG | d.t.c.a.a.c.u.util.UserUtilService   : Removing 16 users from all courses...
    23:44:09.993 | 441 ool-1-worker-205 | DEBUG | d.t.c.a.a.c.u.util.UserUtilService   : Removing 16 users from all courses. Done
    23:44:09.993 | 441 ool-1-worker-205 | DEBUG | d.t.c.a.a.c.u.util.UserUtilService   : Save 15 users to database...
    23:44:10.037 | 441 ool-1-worker-205 | DEBUG | d.t.c.a.a.c.u.util.UserUtilService   : Save 15 users to database. Done
    23:44:10.070 | 441 ool-1-worker-205 | INFO  | i.z.t.d.l.EmbeddedDatabaseReporter   : JDBC URL to connect to 'dataSource': url='jdbc:h2:tcp://localhost:41063/mem:736625c0-cf5e-400d-aeaa-8a7eabd6262b;USER=sa', scope='CourseGitlabJenkinsIntegrationTest#searchUsersInCourse_searchForAllInstructor_shouldReturnAllInstructors'
    23:44:10.202 | 441 ool-1-worker-205 | DEBUG | d.t.c.a.a.c.s.f.ApiVersionFilter     : Adding Version to Request GET /api/courses/717/users/search
    23:44:10.203 | 441 ool-1-worker-205 | DEBUG | d.t.c.a.a.core.web.CourseResource    : REST request to search users in course : 717 with login or name : 

  Starting logs for CourseGitlabJenkinsIntegrationTest > testEnrollInCourse()
    23:44:10.302 | 441 ool-1-worker-205 | DEBUG | d.t.c.a.a.c.u.util.UserUtilService   : Generate 8 students...
    23:44:10.349 | 441 ool-1-worker-205 | DEBUG | d.t.c.a.a.c.u.util.UserUtilService   : 8 students generated. Generate 5 tutors...
    23:44:10.361 | 441 ool-1-worker-205 | DEBUG | d.t.c.a.a.c.u.util.UserUtilService   : 5 tutors generated. Generate 1 editors...
    23:44:10.368 | 441 ool-1-worker-205 | DEBUG | d.t.c.a.a.c.u.util.UserUtilService   : 1 editors generated. Generate 1 instructors...
    23:44:10.373 | 441 ool-1-worker-205 | DEBUG | d.t.c.a.a.c.u.util.UserUtilService   : 1 instructors generated
    23:44:10.378 | 441 ool-1-worker-205 | DEBUG | d.t.c.a.a.c.u.util.UserUtilService   : Removing 16 users from all courses...
    23:44:10.382 | 441 ool-1-worker-205 | DEBUG | d.t.c.a.a.c.u.util.UserUtilService   : Removing 16 users from all courses. Done
    23:44:10.382 | 441 ool-1-worker-205 | DEBUG | d.t.c.a.a.c.u.util.UserUtilService   : Save 15 users to database...
    23:44:10.411 | 441 ool-1-worker-205 | DEBUG | d.t.c.a.a.c.u.util.UserUtilService   : Save 15 users to database. Done
    23:44:10.447 | 441 ool-1-worker-205 | INFO  | i.z.t.d.l.EmbeddedDatabaseReporter   : JDBC URL to connect to 'dataSource': url='jdbc:h2:tcp://localhost:41063/mem:736625c0-cf5e-400d-aeaa-8a7eabd6262b;USER=sa', scope='CourseGitlabJenkinsIntegrationTest#testEnrollInCourse'
    23:44:10.510 | 441 ool-1-worker-205 | DEBUG | d.t.c.a.a.c.s.f.ApiVersionFilter     : Adding Version to Request POST /api/courses/718/enroll
    23:44:10.519 | 441 ool-1-worker-205 | DEBUG | d.t.c.a.a.core.web.CourseResource    : REST request to enroll ab12cdeFirst ab12cdeLast in Course Course title 21570f23-566e-4359-b323-1a4ecd7d7d50
    23:44:10.519 | 441 ool-1-worker-205 | DEBUG | d.t.c.a.a.c.service.user.UserService : Add user ab12cde to group testcourse1
    23:44:10.533 | 441 ool-1-worker-205 | DEBUG | d.t.c.a.a.c.service.user.UserService : Save user User{login='ab12cde', firstName='ab12cdeFirst', lastName='ab12cdeLast', email='ab12cde@test.de', imageUrl='null', activated='true', langKey='en', activationKey='null'}
    23:44:10.546 | 441 ool-1-worker-205 | INFO  | .a.p.s.g.GitLabUserManagementService : Update Gitlab permissions for programming exercises: []
    23:44:10.558 | 441 ool-1-worker-205 | INFO  | a.p.s.j.JenkinsUserManagementService : Update Jenkins permissions (add users to groups) for programming exercises: []
    23:44:10.559 | 441 ool-1-worker-205 | INFO  | d.t.c.a.a.core.service.CourseService : User ab12cde has successfully enrolled in course Course title 21570f23-566e-4359-b323-1a4ecd7d7d50
    23:44:10.572 | 441 ool-1-worker-205 | DEBUG | d.t.c.a.a.c.s.f.ApiVersionFilter     : Adding Version to Request POST /api/courses/719/enroll
    23:44:10.584 | 441 ool-1-worker-205 | DEBUG | d.t.c.a.a.core.web.CourseResource    : REST request to enroll ab12cdeFirst ab12cdeLast in Course Course title 63f5ac29-9abf-4ec7-b130-5bd3e669fb69
    23:44:10.588 | 441 ool-1-worker-205 | WARN  | o.z.p.spring.common.AdviceTraits     : Forbidden: The course does not allow enrollment.

  Starting logs for CourseGitlabJenkinsIntegrationTest > testGetCoursesForDashboardPracticeRepositories()
    23:44:10.627 | 441 ool-1-worker-205 | DEBUG | d.t.c.a.a.c.u.util.UserUtilService   : Generate 8 students...
    23:44:10.656 | 441 ool-1-worker-205 | DEBUG | d.t.c.a.a.c.u.util.UserUtilService   : 8 students generated. Generate 5 tutors...
    23:44:10.676 | 441 ool-1-worker-205 | DEBUG | d.t.c.a.a.c.u.util.UserUtilService   : 5 tutors generated. Generate 1 editors...
    23:44:10.679 | 441 ool-1-worker-205 | DEBUG | d.t.c.a.a.c.u.util.UserUtilService   : 1 editors generated. Generate 1 instructors...
    23:44:10.685 | 441 ool-1-worker-205 | DEBUG | d.t.c.a.a.c.u.util.UserUtilService   : 1 instructors generated
    23:44:10.690 | 441 ool-1-worker-205 | DEBUG | d.t.c.a.a.c.u.util.UserUtilService   : Removing 17 users from all courses...
    23:44:10.694 | 441 ool-1-worker-205 | DEBUG | d.t.c.a.a.c.u.util.UserUtilService   : Removing 17 users from all courses. Done
    23:44:10.694 | 441 ool-1-worker-205 | DEBUG | d.t.c.a.a.c.u.util.UserUtilService   : Save 15 users to database...
    23:44:10.716 | 441 ool-1-worker-205 | DEBUG | d.t.c.a.a.c.u.util.UserUtilService   : Save 15 users to database. Done
    23:44:10.739 | 441 ool-1-worker-205 | INFO  | i.z.t.d.l.EmbeddedDatabaseReporter   : JDBC URL to connect to 'dataSource': url='jdbc:h2:tcp://localhost:41063/mem:736625c0-cf5e-400d-aeaa-8a7eabd6262b;USER=sa', scope='CourseGitlabJenkinsIntegrationTest#testGetCoursesForDashboardPracticeRepositories'
    23:44:10.790 | 441 ool-1-worker-205 | DEBUG | .c.s.m.InstanceMessageReceiveService : Received schedule participant score for exercise 2417 and participant 689 (result to be deleted: null)
    23:44:10.790 | 441 ool-1-worker-205 | DEBUG | .a.s.ParticipantScoreScheduleService : Scheduled task for exercise 2417 and participant 689 at 2025-02-14T23:44:10.890260011Z[Etc/UTC].
    23:44:10.805 | 441 ool-1-worker-205 | DEBUG | .c.s.m.InstanceMessageReceiveService : Received schedule participant score for exercise 2417 and participant 689 (result to be deleted: null)
    23:44:10.805 | 441 ool-1-worker-205 | DEBUG | .a.s.ParticipantScoreScheduleService : Scheduled task for exercise 2417 and participant 689 at 2025-02-14T23:44:10.905902963Z[Etc/UTC].
    23:44:10.843 | 441 ool-1-worker-205 | DEBUG | .c.s.m.InstanceMessageReceiveService : Received schedule participant score for exercise 2417 and participant 689 (result to be deleted: null)
    23:44:10.843 | 441 ool-1-worker-205 | DEBUG | .a.s.ParticipantScoreScheduleService : Scheduled task for exercise 2417 and participant 689 at 2025-02-14T23:44:10.943905141Z[Etc/UTC].
    23:44:10.888 | 441 ool-1-worker-205 | DEBUG | .c.s.m.InstanceMessageReceiveService : Received schedule participant score for exercise 2417 and participant 689 (result to be deleted: null)
    23:44:10.888 | 441 ool-1-worker-205 | DEBUG | .a.s.ParticipantScoreScheduleService : Scheduled task for exercise 2417 and participant 689 at 2025-02-14T23:44:10.988541794Z[Etc/UTC].
    23:44:10.894 | 441 ool-1-worker-205 | DEBUG | .c.s.m.InstanceMessageReceiveService : Received schedule participant score for exercise 2417 and participant 689 (result to be deleted: null)
    23:44:10.894 | 441 ool-1-worker-205 | DEBUG | .a.s.ParticipantScoreScheduleService : Scheduled task for exercise 2417 and participant 689 at 2025-02-14T23:44:10.994215675Z[Etc/UTC].
    23:44:10.926 | 441 ool-1-worker-205 | DEBUG | .c.s.m.InstanceMessageReceiveService : Received schedule participant score for exercise 2417 and participant 689 (result to be deleted: null)
    23:44:10.926 | 441 ool-1-worker-205 | DEBUG | .a.s.ParticipantScoreScheduleService : Scheduled task for exercise 2417 and participant 689 at 2025-02-14T23:44:11.026316488Z[Etc/UTC].
    23:44:10.946 | 441 ool-1-worker-205 | DEBUG | .c.s.m.InstanceMessageReceiveService : Received schedule participant score for exercise 2417 and participant 689 (result to be deleted: null)
    23:44:10.946 | 441 ool-1-worker-205 | DEBUG | .a.s.ParticipantScoreScheduleService : Scheduled task for exercise 2417 and participant 689 at 2025-02-14T23:44:11.046898190Z[Etc/UTC].
    23:44:11.036 | 441 ool-1-worker-205 | DEBUG | .c.s.m.InstanceMessageReceiveService : Received schedule participant score for exercise 2417 and participant 689 (result to be deleted: null)
    23:44:11.037 | 441 ool-1-worker-205 | DEBUG | .a.s.ParticipantScoreScheduleService : Scheduled task for exercise 2417 and participant 689 at 2025-02-14T23:44:11.137005676Z[Etc/UTC].
    23:44:11.063 | 441 ool-1-worker-205 | DEBUG | .c.s.m.InstanceMessageReceiveService : Received schedule participant score for exercise 2417 and participant 690 (result to be deleted: null)
    23:44:11.063 | 441 ool-1-worker-205 | DEBUG | .a.s.ParticipantScoreScheduleService : Scheduled task for exercise 2417 and participant 690 at 2025-02-14T23:44:11.163260336Z[Etc/UTC].
    23:44:11.070 | 441 ool-1-worker-205 | DEBUG | d.t.c.a.a.c.s.f.ApiVersionFilter     : Adding Version to Request GET /api/courses/for-dashboard
    23:44:11.071 | 441 ool-1-worker-205 | DEBUG | d.t.c.a.a.core.web.CourseResource    : Request to get all courses user courseegitlabjenkinsstudent1 has access to with exams, lectures, exercises, participations, submissions and results + calculated scores
    23:44:11.137 | 328 taskScheduler-3  | DEBUG | .a.s.ParticipantScoreScheduleService : Processing exercise 2417 and participant 689 to update participant scores.
    23:44:11.162 | 328 taskScheduler-3  | DEBUG | .a.s.ParticipantScoreScheduleService : Updated participant score 240.
    23:44:11.163 | 327 taskScheduler-2  | DEBUG | .a.s.ParticipantScoreScheduleService : Processing exercise 2417 and participant 690 to update participant scores.
    23:44:11.166 | 328 taskScheduler-3  | DEBUG | .a.s.ParticipantScoreScheduleService : Updating the participant score for exercise 2417 and participant 689 took 29 ms.
    23:44:11.173 | 441 ool-1-worker-205 | DEBUG | d.t.c.a.a.core.service.CourseService : Find user visible courses finished after 101.80ms
    23:44:11.185 | 327 taskScheduler-2  | DEBUG | .a.s.ParticipantScoreScheduleService : Updating the participant score for exercise 2417 and participant 690 took 22 ms.
    23:44:11.350 | 441 ool-1-worker-205 | DEBUG | d.t.c.a.a.core.service.CourseService : findAllExercisesByCourseIdsWithCategories finished with 225 exercises after 176.84ms
    23:44:11.528 | 441 ool-1-worker-205 | DEBUG | d.t.c.a.a.core.service.CourseService : all 667 filterExercisesForCourse individually finished together after 89.09ms
    23:44:11.528 | 441 ool-1-worker-205 | DEBUG | d.t.c.a.a.core.service.CourseService : Filter exercises, lectures, and exams finished after 456.42ms
    23:44:11.528 | 441 ool-1-worker-205 | DEBUG | d.t.c.a.a.core.web.CourseResource    : courseService.findAllActiveWithExercisesForUser done
    23:44:11.551 | 441 ool-1-worker-205 | DEBUG | d.t.c.a.a.core.web.CourseResource    : courseService.fetchParticipationsWithSubmissionsAndResultsForCourses done
    23:44:11.561 | 441 ool-1-worker-205 | DEBUG | d.t.c.a.a.core.web.CourseResource    : courseService.fetchPlagiarismCasesForCourseExercises done
    23:44:11.613 | 441 ool-1-worker-205 | DEBUG | d.t.c.a.a.core.web.CourseResource    : gradingScaleRepository.findAllByCourseIds done
    23:44:11.645 | 441 ool-1-worker-205 | INFO  | d.t.c.a.a.core.web.CourseResource    : courses/for-dashboard (multiple courses) finished in 574.90ms for 667 courses with 152 individual exercise(s) and 2 team exercise(s) for user courseegitlabjenkinsstudent1
    23:44:11.977 | 441 ool-1-worker-205 | DEBUG | d.t.c.a.a.c.s.f.ApiVersionFilter     : Adding Version to Request GET /api/courses/720/for-dashboard
    23:44:11.977 | 441 ool-1-worker-205 | DEBUG | d.t.c.a.a.core.web.CourseResource    : REST request to get one course 720 with exams, lectures, exercises, participations, submissions and results, etc.
    23:44:11.987 | 441 ool-1-worker-205 | DEBUG | d.t.c.a.a.core.web.CourseResource    : courseService.findOneWithExercisesAndLecturesAndExamsAndCompetenciesAndTutorialGroupsForUser done
    23:44:11.989 | 441 ool-1-worker-205 | DEBUG | d.t.c.a.a.core.web.CourseResource    : courseService.fetchParticipationsWithSubmissionsAndResultsForCourses done in getCourseForDashboard
    23:44:11.991 | 441 ool-1-worker-205 | DEBUG | d.t.c.a.a.core.web.CourseResource    : courseService.fetchPlagiarismCasesForCourseExercises done in getCourseForDashboard
    23:44:11.991 | 441 ool-1-worker-205 | DEBUG | d.t.c.a.a.core.web.CourseResource    : gradingScaleRepository.findByCourseId done in getCourseForDashboard
    23:44:11.992 | 441 ool-1-worker-205 | INFO  | d.t.c.a.a.core.web.CourseResource    : courses/720/for-dashboard (single course) finished in 14.61ms for 1 courses with 1 individual exercise(s) and 0 team exercise(s) for user courseegitlabjenkinsstudent1

  Starting logs for CourseGitlabJenkinsIntegrationTest > tearchMembersForUserMentionsNoSearchTerm()
    23:44:12.019 | 441 ool-1-worker-205 | DEBUG | d.t.c.a.a.c.u.util.UserUtilService   : Generate 8 students...
    23:44:12.033 | 441 ool-1-worker-205 | DEBUG | d.t.c.a.a.c.u.util.UserUtilService   : 8 students generated. Generate 5 tutors...
    23:44:12.040 | 441 ool-1-worker-205 | DEBUG | d.t.c.a.a.c.u.util.UserUtilService   : 5 tutors generated. Generate 1 editors...
    23:44:12.043 | 441 ool-1-worker-205 | DEBUG | d.t.c.a.a.c.u.util.UserUtilService   : 1 editors generated. Generate 1 instructors...
    23:44:12.046 | 441 ool-1-worker-205 | DEBUG | d.t.c.a.a.c.u.util.UserUtilService   : 1 instructors generated
    23:44:12.048 | 441 ool-1-worker-205 | DEBUG | d.t.c.a.a.c.u.util.UserUtilService   : Removing 16 users from all courses...
    23:44:12.050 | 441 ool-1-worker-205 | DEBUG | d.t.c.a.a.c.u.util.UserUtilService   : Removing 16 users from all courses. Done
    23:44:12.050 | 441 ool-1-worker-205 | DEBUG | d.t.c.a.a.c.u.util.UserUtilService   : Save 15 users to database...
    23:44:12.071 | 441 ool-1-worker-205 | DEBUG | d.t.c.a.a.c.u.util.UserUtilService   : Save 15 users to database. Done
    23:44:12.095 | 441 ool-1-worker-205 | INFO  | i.z.t.d.l.EmbeddedDatabaseReporter   : JDBC URL to connect to 'dataSource': url='jdbc:h2:tcp://localhost:41063/mem:736625c0-cf5e-400d-aeaa-8a7eabd6262b;USER=sa', scope='CourseGitlabJenkinsIntegrationTest#tearchMembersForUserMentionsNoSearchTerm'
    23:44:12.119 | 441 ool-1-worker-205 | DEBUG | d.t.c.a.a.c.s.f.ApiVersionFilter     : Adding Version to Request GET /api/courses/721/members/search
    23:44:12.120 | 441 ool-1-worker-205 | WARN  | o.z.p.spring.common.AdviceTraits     : Bad Request: Required request parameter 'loginOrName' for method parameter type String is not present

  Starting logs for CourseGitlabJenkinsIntegrationTest > testEditCourseShouldPreserveAssociations()
    23:44:12.133 | 441 ool-1-worker-205 | DEBUG | d.t.c.a.a.c.u.util.UserUtilService   : Generate 8 students...
    23:44:12.144 | 441 ool-1-worker-205 | DEBUG | d.t.c.a.a.c.u.util.UserUtilService   : 8 students generated. Generate 5 tutors...
    23:44:12.152 | 441 ool-1-worker-205 | DEBUG | d.t.c.a.a.c.u.util.UserUtilService   : 5 tutors generated. Generate 1 editors...
    23:44:12.155 | 441 ool-1-worker-205 | DEBUG | d.t.c.a.a.c.u.util.UserUtilService   : 1 editors generated. Generate 1 instructors...
    23:44:12.157 | 441 ool-1-worker-205 | DEBUG | d.t.c.a.a.c.u.util.UserUtilService   : 1 instructors generated
    23:44:12.159 | 441 ool-1-worker-205 | DEBUG | d.t.c.a.a.c.u.util.UserUtilService   : Removing 16 users from all courses...
    23:44:12.161 | 441 ool-1-worker-205 | DEBUG | d.t.c.a.a.c.u.util.UserUtilService   : Removing 16 users from all courses. Done
    23:44:12.162 | 441 ool-1-worker-205 | DEBUG | d.t.c.a.a.c.u.util.UserUtilService   : Save 15 users to database...
    23:44:12.182 | 441 ool-1-worker-205 | DEBUG | d.t.c.a.a.c.u.util.UserUtilService   : Save 15 users to database. Done
    23:44:12.195 | 441 ool-1-worker-205 | INFO  | i.z.t.d.l.EmbeddedDatabaseReporter   : JDBC URL to connect to 'dataSource': url='jdbc:h2:tcp://localhost:41063/mem:736625c0-cf5e-400d-aeaa-8a7eabd6262b;USER=sa', scope='CourseGitlabJenkinsIntegrationTest#testEditCourseShouldPreserveAssociations'
    23:44:12.225 | 441 ool-1-worker-205 | DEBUG | d.t.c.a.a.c.s.f.ApiVersionFilter     : Adding Version to Request PUT /api/courses/722
    23:44:12.228 | 441 ool-1-worker-205 | DEBUG | d.t.c.a.a.core.web.CourseResource    : REST request to update Course : Course{id=722, title='Course title ff5b48fd-c149-470c-bd01-276c89b387a7', description='null', shortName='short711eaac40e2dd0486709a42062afd45efa64', studentGroupName='tumuser', teachingAssistantGroupName='tutor', editorGroupName='editor', instructorGroupName='instructor', startDate='2025-02-13T23:39:39.316604985Z', endDate='2025-02-15T23:39:39.316637746Z', enrollmentStartDate='null', enrollmentEndDate='null', unenrollmentEndDate='null', semester='null'', onlineCourse='false', color='null', courseIcon='null', enrollmentEnabled='true', unenrollmentEnabled='false', presentationScore='2', faqEnabled='false'}

  Starting logs for CourseGitlabJenkinsIntegrationTest > testCreateCourseWithCustomNonExistingGroupNames()
    23:44:12.258 | 441 ool-1-worker-205 | DEBUG | d.t.c.a.a.c.u.util.UserUtilService   : Generate 8 students...
    23:44:12.270 | 441 ool-1-worker-205 | DEBUG | d.t.c.a.a.c.u.util.UserUtilService   : 8 students generated. Generate 5 tutors...
    23:44:12.280 | 441 ool-1-worker-205 | DEBUG | d.t.c.a.a.c.u.util.UserUtilService   : 5 tutors generated. Generate 1 editors...
    23:44:12.285 | 441 ool-1-worker-205 | DEBUG | d.t.c.a.a.c.u.util.UserUtilService   : 1 editors generated. Generate 1 instructors...
    23:44:12.291 | 441 ool-1-worker-205 | DEBUG | d.t.c.a.a.c.u.util.UserUtilService   : 1 instructors generated
    23:44:12.293 | 441 ool-1-worker-205 | DEBUG | d.t.c.a.a.c.u.util.UserUtilService   : Removing 16 users from all courses...
    23:44:12.295 | 441 ool-1-worker-205 | DEBUG | d.t.c.a.a.c.u.util.UserUtilService   : Removing 16 users from all courses. Done
    23:44:12.295 | 441 ool-1-worker-205 | DEBUG | d.t.c.a.a.c.u.util.UserUtilService   : Save 15 users to database...
    23:44:12.305 | 441 ool-1-worker-205 | DEBUG | d.t.c.a.a.c.u.util.UserUtilService   : Save 15 users to database. Done
    23:44:12.316 | 441 ool-1-worker-205 | INFO  | i.z.t.d.l.EmbeddedDatabaseReporter   : JDBC URL to connect to 'dataSource': url='jdbc:h2:tcp://localhost:41063/mem:736625c0-cf5e-400d-aeaa-8a7eabd6262b;USER=sa', scope='CourseGitlabJenkinsIntegrationTest#testCreateCourseWithCustomNonExistingGroupNames'
    23:44:12.316 | 441 ool-1-worker-205 | DEBUG | d.t.c.a.a.c.s.f.ApiVersionFilter     : Adding Version to Request POST /api/admin/courses
    23:44:12.317 | 441 ool-1-worker-205 | DEBUG | d.t.c.a.a.c.w.a.AdminCourseResource  : REST request to save Course : Course{id=null, title='Course title 644154e3-7fb3-45e2-9126-ec0e37801092', description='null', shortName='shortcb2d182301b5d04d7509a43071bedd9b94f9', studentGroupName='StudentGroupName', teachingAssistantGroupName='TeachingAssistantGroupName', editorGroupName='EditorGroupName', instructorGroupName='InstructorGroupName', startDate='null', endDate='null', enrollmentStartDate='null', enrollmentEndDate='null', unenrollmentEndDate='null', semester='null'', onlineCourse='false', color='null', courseIcon='null', enrollmentEnabled='false', unenrollmentEnabled='false', presentationScore='2', faqEnabled='false'}

  Starting logs for CourseGitlabJenkinsIntegrationTest > testGetCoursesForImport_asAdmin()
    23:44:12.348 | 441 ool-1-worker-205 | DEBUG | d.t.c.a.a.c.u.util.UserUtilService   : Generate 8 students...
    23:44:12.370 | 441 ool-1-worker-205 | DEBUG | d.t.c.a.a.c.u.util.UserUtilService   : 8 students generated. Generate 5 tutors...
    23:44:12.385 | 441 ool-1-worker-205 | DEBUG | d.t.c.a.a.c.u.util.UserUtilService   : 5 tutors generated. Generate 1 editors...
    23:44:12.389 | 441 ool-1-worker-205 | DEBUG | d.t.c.a.a.c.u.util.UserUtilService   : 1 editors generated. Generate 1 instructors...
    23:44:12.396 | 441 ool-1-worker-205 | DEBUG | d.t.c.a.a.c.u.util.UserUtilService   : 1 instructors generated
    23:44:12.398 | 441 ool-1-worker-205 | DEBUG | d.t.c.a.a.c.u.util.UserUtilService   : Removing 16 users from all courses...
    23:44:12.404 | 441 ool-1-worker-205 | DEBUG | d.t.c.a.a.c.u.util.UserUtilService   : Removing 16 users from all courses. Done
    23:44:12.404 | 441 ool-1-worker-205 | DEBUG | d.t.c.a.a.c.u.util.UserUtilService   : Save 15 users to database...
    23:44:12.426 | 441 ool-1-worker-205 | DEBUG | d.t.c.a.a.c.u.util.UserUtilService   : Save 15 users to database. Done
    23:44:12.448 | 441 ool-1-worker-205 | INFO  | i.z.t.d.l.EmbeddedDatabaseReporter   : JDBC URL to connect to 'dataSource': url='jdbc:h2:tcp://localhost:41063/mem:736625c0-cf5e-400d-aeaa-8a7eabd6262b;USER=sa', scope='CourseGitlabJenkinsIntegrationTest#testGetCoursesForImport_asAdmin'
    23:44:12.464 | 441 ool-1-worker-205 | INFO  | .c.a.a.c.s.TitleCacheEvictionService : Evicted entry '1' from title cache 'courseTitle'
    23:44:12.480 | 441 ool-1-worker-205 | INFO  | .c.a.a.c.s.TitleCacheEvictionService : Evicted entry '2' from title cache 'courseTitle'
    23:44:12.482 | 441 ool-1-worker-205 | DEBUG | d.t.c.a.a.c.s.f.ApiVersionFilter     : Adding Version to Request GET /api/courses/for-import
    23:44:12.484 | 441 ool-1-worker-205 | DEBUG | d.t.c.a.a.core.web.CourseResource    : REST request to get a list of courses for import.

  Starting logs for CourseGitlabJenkinsIntegrationTest > testGetAllCoursesWithUserStats()
    23:44:12.546 | 441 ool-1-worker-205 | DEBUG | d.t.c.a.a.c.u.util.UserUtilService   : Generate 8 students...
    23:44:12.571 | 441 ool-1-worker-205 | DEBUG | d.t.c.a.a.c.u.util.UserUtilService   : 8 students generated. Generate 5 tutors...
    23:44:12.584 | 441 ool-1-worker-205 | DEBUG | d.t.c.a.a.c.u.util.UserUtilService   : 5 tutors generated. Generate 1 editors...
    23:44:12.590 | 441 ool-1-worker-205 | DEBUG | d.t.c.a.a.c.u.util.UserUtilService   : 1 editors generated. Generate 1 instructors...
    23:44:12.596 | 441 ool-1-worker-205 | DEBUG | d.t.c.a.a.c.u.util.UserUtilService   : 1 instructors generated
    23:44:12.604 | 441 ool-1-worker-205 | DEBUG | d.t.c.a.a.c.u.util.UserUtilService   : Removing 16 users from all courses...
    23:44:12.610 | 441 ool-1-worker-205 | DEBUG | d.t.c.a.a.c.u.util.UserUtilService   : Removing 16 users from all courses. Done
    23:44:12.610 | 441 ool-1-worker-205 | DEBUG | d.t.c.a.a.c.u.util.UserUtilService   : Save 15 users to database...
    23:44:12.624 | 441 ool-1-worker-205 | DEBUG | d.t.c.a.a.c.u.util.UserUtilService   : Save 15 users to database. Done
    23:44:12.635 | 441 ool-1-worker-205 | INFO  | i.z.t.d.l.EmbeddedDatabaseReporter   : JDBC URL to connect to 'dataSource': url='jdbc:h2:tcp://localhost:41063/mem:736625c0-cf5e-400d-aeaa-8a7eabd6262b;USER=sa', scope='CourseGitlabJenkinsIntegrationTest#testGetAllCoursesWithUserStats'
    23:44:12.723 | 441 ool-1-worker-205 | DEBUG | d.t.c.a.a.c.s.f.ApiVersionFilter     : Adding Version to Request GET /api/courses/with-user-stats
    23:44:12.724 | 441 ool-1-worker-205 | DEBUG | d.t.c.a.a.core.web.CourseResource    : get courses with user stats, only active: false

  Starting logs for CourseGitlabJenkinsIntegrationTest > testAddStudentOrTutorOrInstructorToCourse_WithNonExistingUser()
    23:44:12.826 | 441 ool-1-worker-205 | DEBUG | d.t.c.a.a.c.u.util.UserUtilService   : Generate 8 students...
    23:44:12.837 | 441 ool-1-worker-205 | DEBUG | d.t.c.a.a.c.u.util.UserUtilService   : 8 students generated. Generate 5 tutors...
    23:44:12.845 | 441 ool-1-worker-205 | DEBUG | d.t.c.a.a.c.u.util.UserUtilService   : 5 tutors generated. Generate 1 editors...
    23:44:12.848 | 441 ool-1-worker-205 | DEBUG | d.t.c.a.a.c.u.util.UserUtilService   : 1 editors generated. Generate 1 instructors...
    23:44:12.850 | 441 ool-1-worker-205 | DEBUG | d.t.c.a.a.c.u.util.UserUtilService   : 1 instructors generated
    23:44:12.852 | 441 ool-1-worker-205 | DEBUG | d.t.c.a.a.c.u.util.UserUtilService   : Removing 16 users from all courses...
    23:44:12.854 | 441 ool-1-worker-205 | DEBUG | d.t.c.a.a.c.u.util.UserUtilService   : Removing 16 users from all courses. Done
    23:44:12.854 | 441 ool-1-worker-205 | DEBUG | d.t.c.a.a.c.u.util.UserUtilService   : Save 15 users to database...
    23:44:12.863 | 441 ool-1-worker-205 | DEBUG | d.t.c.a.a.c.u.util.UserUtilService   : Save 15 users to database. Done
    23:44:12.876 | 441 ool-1-worker-205 | INFO  | i.z.t.d.l.EmbeddedDatabaseReporter   : JDBC URL to connect to 'dataSource': url='jdbc:h2:tcp://localhost:41063/mem:736625c0-cf5e-400d-aeaa-8a7eabd6262b;USER=sa', scope='CourseGitlabJenkinsIntegrationTest#testAddStudentOrTutorOrInstructorToCourse_WithNonExistingUser'
    23:44:12.898 | 441 ool-1-worker-205 | DEBUG | d.t.c.a.a.c.s.f.ApiVersionFilter     : Adding Version to Request POST /api/courses/726/students/maxMustermann
    23:44:12.899 | 441 ool-1-worker-205 | DEBUG | d.t.c.a.a.core.web.CourseResource    : REST request to add maxMustermann as student to course : 726
    23:44:12.902 | 441 ool-1-worker-205 | WARN  | o.z.p.spring.common.AdviceTraits     : Not Found: User with identifier: "maxMustermann" does not exist
    23:44:12.903 | 441 ool-1-worker-205 | DEBUG | d.t.c.a.a.c.s.f.ApiVersionFilter     : Adding Version to Request POST /api/courses/726/tutors/maxMustermann
    23:44:12.906 | 441 ool-1-worker-205 | DEBUG | d.t.c.a.a.core.web.CourseResource    : REST request to add maxMustermann as tutors to course : 726
    23:44:12.910 | 441 ool-1-worker-205 | WARN  | o.z.p.spring.common.AdviceTraits     : Not Found: User with identifier: "maxMustermann" does not exist
    23:44:12.911 | 441 ool-1-worker-205 | DEBUG | d.t.c.a.a.c.s.f.ApiVersionFilter     : Adding Version to Request POST /api/courses/726/editors/maxMustermann
    23:44:12.912 | 441 ool-1-worker-205 | DEBUG | d.t.c.a.a.core.web.CourseResource    : REST request to add maxMustermann as editors to course : 726
    23:44:12.914 | 441 ool-1-worker-205 | WARN  | o.z.p.spring.common.AdviceTraits     : Not Found: User with identifier: "maxMustermann" does not exist
    23:44:12.915 | 441 ool-1-worker-205 | DEBUG | d.t.c.a.a.c.s.f.ApiVersionFilter     : Adding Version to Request POST /api/courses/726/instructors/maxMustermann
    23:44:12.917 | 441 ool-1-worker-205 | DEBUG | d.t.c.a.a.core.web.CourseResource    : REST request to add maxMustermann as instructors to course : 726
    23:44:12.919 | 441 ool-1-worker-205 | WARN  | o.z.p.spring.common.AdviceTraits     : Not Found: User with identifier: "maxMustermann" does not exist

  Starting logs for CourseGitlabJenkinsIntegrationTest > testCreateCourseWithPermission()
    23:44:12.942 | 441 ool-1-worker-205 | DEBUG | d.t.c.a.a.c.u.util.UserUtilService   : Generate 8 students...
    23:44:12.964 | 441 ool-1-worker-205 | DEBUG | d.t.c.a.a.c.u.util.UserUtilService   : 8 students generated. Generate 5 tutors...
    23:44:12.977 | 441 ool-1-worker-205 | DEBUG | d.t.c.a.a.c.u.util.UserUtilService   : 5 tutors generated. Generate 1 editors...
    23:44:12.984 | 441 ool-1-worker-205 | DEBUG | d.t.c.a.a.c.u.util.UserUtilService   : 1 editors generated. Generate 1 instructors...
    23:44:12.990 | 441 ool-1-worker-205 | DEBUG | d.t.c.a.a.c.u.util.UserUtilService   : 1 instructors generated
    23:44:12.995 | 441 ool-1-worker-205 | DEBUG | d.t.c.a.a.c.u.util.UserUtilService   : Removing 16 users from all courses...
    23:44:12.996 | 441 ool-1-worker-205 | DEBUG | d.t.c.a.a.c.u.util.UserUtilService   : Removing 16 users from all courses. Done
    23:44:12.996 | 441 ool-1-worker-205 | DEBUG | d.t.c.a.a.c.u.util.UserUtilService   : Save 15 users to database...
    23:44:13.016 | 441 ool-1-worker-205 | DEBUG | d.t.c.a.a.c.u.util.UserUtilService   : Save 15 users to database. Done
    23:44:13.028 | 441 ool-1-worker-205 | INFO  | i.z.t.d.l.EmbeddedDatabaseReporter   : JDBC URL to connect to 'dataSource': url='jdbc:h2:tcp://localhost:41063/mem:736625c0-cf5e-400d-aeaa-8a7eabd6262b;USER=sa', scope='CourseGitlabJenkinsIntegrationTest#testCreateCourseWithPermission'
    23:44:13.037 | 441 ool-1-worker-205 | DEBUG | d.t.c.a.a.c.s.f.ApiVersionFilter     : Adding Version to Request POST /api/admin/courses
    23:44:13.037 | 441 ool-1-worker-205 | DEBUG | d.t.c.a.a.c.w.a.AdminCourseResource  : REST request to save Course : Course{id=null, title='Course title f6b13b97-6e18-4ae1-9ae1-c6e4f6bbc477', description='null', shortName='short2a3818a109f3b045170b44b0bb277d190b7b', studentGroupName='null', teachingAssistantGroupName='null', editorGroupName='null', instructorGroupName='null', startDate='null', endDate='null', enrollmentStartDate='null', enrollmentEndDate='null', unenrollmentEndDate='null', semester='null'', onlineCourse='false', color='null', courseIcon='null', enrollmentEnabled='false', unenrollmentEnabled='false', presentationScore='2', faqEnabled='false'}
    23:44:13.044 | 441 ool-1-worker-205 | DEBUG | d.t.c.a.a.c.s.f.ApiVersionFilter     : Adding Version to Request POST /api/admin/courses
    23:44:13.044 | 441 ool-1-worker-205 | DEBUG | d.t.c.a.a.c.w.a.AdminCourseResource  : REST request to save Course : Course{id=1, title='Course title d0105e46-d967-4963-b98f-815edcbbf24f', description='null', shortName='short4cc13894053a304fa1086970732e49e778b6', studentGroupName='null', teachingAssistantGroupName='null', editorGroupName='null', instructorGroupName='null', startDate='null', endDate='null', enrollmentStartDate='null', enrollmentEndDate='null', unenrollmentEndDate='null', semester='null'', onlineCourse='false', color='null', courseIcon='null', enrollmentEnabled='false', unenrollmentEnabled='false', presentationScore='2', faqEnabled='false'}
    23:44:13.044 | 441 ool-1-worker-205 | ERROR | tech.jhipster.web.util.HeaderUtil    : Entity processing failed, A new course cannot already have an ID
    23:44:13.045 | 441 ool-1-worker-205 | WARN  | o.z.p.spring.common.AdviceTraits     : Bad Request: A new course cannot already have an ID

  Starting logs for CourseGitlabJenkinsIntegrationTest > testExportCourse_cannotCreateCourseExercisesDir()
    23:44:13.086 | 441 ool-1-worker-205 | DEBUG | d.t.c.a.a.c.u.util.UserUtilService   : Generate 8 students...
    23:44:13.114 | 441 ool-1-worker-205 | DEBUG | d.t.c.a.a.c.u.util.UserUtilService   : 8 students generated. Generate 5 tutors...
    23:44:13.130 | 441 ool-1-worker-205 | DEBUG | d.t.c.a.a.c.u.util.UserUtilService   : 5 tutors generated. Generate 1 editors...
    23:44:13.133 | 441 ool-1-worker-205 | DEBUG | d.t.c.a.a.c.u.util.UserUtilService   : 1 editors generated. Generate 1 instructors...
    23:44:13.140 | 441 ool-1-worker-205 | DEBUG | d.t.c.a.a.c.u.util.UserUtilService   : 1 instructors generated
    23:44:13.144 | 441 ool-1-worker-205 | DEBUG | d.t.c.a.a.c.u.util.UserUtilService   : Removing 16 users from all courses...
    23:44:13.148 | 441 ool-1-worker-205 | DEBUG | d.t.c.a.a.c.u.util.UserUtilService   : Removing 16 users from all courses. Done
    23:44:13.148 | 441 ool-1-worker-205 | DEBUG | d.t.c.a.a.c.u.util.UserUtilService   : Save 15 users to database...
    23:44:13.169 | 441 ool-1-worker-205 | DEBUG | d.t.c.a.a.c.u.util.UserUtilService   : Save 15 users to database. Done
    23:44:13.195 | 441 ool-1-worker-205 | INFO  | i.z.t.d.l.EmbeddedDatabaseReporter   : JDBC URL to connect to 'dataSource': url='jdbc:h2:tcp://localhost:41063/mem:736625c0-cf5e-400d-aeaa-8a7eabd6262b;USER=sa', scope='CourseGitlabJenkinsIntegrationTest#testExportCourse_cannotCreateCourseExercisesDir'
    23:44:13.294 | 441 ool-1-worker-205 | INFO  | .c.a.a.c.s.e.CourseExamExportService : Exporting course exercises for course 728 and title Course title 81642539-d50f-4f05-a6be-8563e72b1659
    23:44:13.294 | 441 ool-1-worker-205 | ERROR | .c.a.a.c.s.e.CourseExamExportService : Failed to create course exercise directory./exports/server-integration-test/courses/_temp-exports_/shortd32b9af6096a3047150b9160bd341d46d53a-Course_title_81642539-d50f-4f05-a6be-8563e72b1659-20250214-234413/course-exercises.
java.io.IOException: null
    23:44:13.294 | 441 ool-1-worker-205 | WARN  | .c.a.a.c.s.e.CourseExamExportService : Skipping exam export since the course does not have any exams

  Starting logs for CourseGitlabJenkinsIntegrationTest > testGetCourseManagementDetailDataForFutureCourse()
    23:44:13.309 | 441 ool-1-worker-205 | DEBUG | d.t.c.a.a.c.u.util.UserUtilService   : Generate 8 students...
    23:44:13.322 | 441 ool-1-worker-205 | DEBUG | d.t.c.a.a.c.u.util.UserUtilService   : 8 students generated. Generate 5 tutors...
    23:44:13.329 | 441 ool-1-worker-205 | DEBUG | d.t.c.a.a.c.u.util.UserUtilService   : 5 tutors generated. Generate 1 editors...
    23:44:13.332 | 441 ool-1-worker-205 | DEBUG | d.t.c.a.a.c.u.util.UserUtilService   : 1 editors generated. Generate 1 instructors...
    23:44:13.335 | 441 ool-1-worker-205 | DEBUG | d.t.c.a.a.c.u.util.UserUtilService   : 1 instructors generated
    23:44:13.337 | 441 ool-1-worker-205 | DEBUG | d.t.c.a.a.c.u.util.UserUtilService   : Removing 16 users from all courses...
    23:44:13.339 | 441 ool-1-worker-205 | DEBUG | d.t.c.a.a.c.u.util.UserUtilService   : Removing 16 users from all courses. Done
    23:44:13.339 | 441 ool-1-worker-205 | DEBUG | d.t.c.a.a.c.u.util.UserUtilService   : Save 15 users to database...
    23:44:13.349 | 441 ool-1-worker-205 | DEBUG | d.t.c.a.a.c.u.util.UserUtilService   : Save 15 users to database. Done
    23:44:13.361 | 441 ool-1-worker-205 | INFO  | i.z.t.d.l.EmbeddedDatabaseReporter   : JDBC URL to connect to 'dataSource': url='jdbc:h2:tcp://localhost:41063/mem:736625c0-cf5e-400d-aeaa-8a7eabd6262b;USER=sa', scope='CourseGitlabJenkinsIntegrationTest#testGetCourseManagementDetailDataForFutureCourse'
    23:44:13.398 | 441 ool-1-worker-205 | DEBUG | d.t.c.a.a.c.s.f.ApiVersionFilter     : Adding Version to Request GET /api/courses/729/management-detail

  Starting logs for CourseGitlabJenkinsIntegrationTest > searchUsersInCourse_searchForStudentsTutorsAndInstructorsAndTooShortSearchTerm_shouldReturnBadRequest()
    23:44:13.428 | 441 ool-1-worker-205 | DEBUG | d.t.c.a.a.c.u.util.UserUtilService   : Generate 8 students...
    23:44:13.439 | 441 ool-1-worker-205 | DEBUG | d.t.c.a.a.c.u.util.UserUtilService   : 8 students generated. Generate 5 tutors...
    23:44:13.446 | 441 ool-1-worker-205 | DEBUG | d.t.c.a.a.c.u.util.UserUtilService   : 5 tutors generated. Generate 1 editors...
    23:44:13.449 | 441 ool-1-worker-205 | DEBUG | d.t.c.a.a.c.u.util.UserUtilService   : 1 editors generated. Generate 1 instructors...
    23:44:13.452 | 441 ool-1-worker-205 | DEBUG | d.t.c.a.a.c.u.util.UserUtilService   : 1 instructors generated
    23:44:13.454 | 441 ool-1-worker-205 | DEBUG | d.t.c.a.a.c.u.util.UserUtilService   : Removing 17 users from all courses...
    23:44:13.455 | 441 ool-1-worker-205 | DEBUG | d.t.c.a.a.c.u.util.UserUtilService   : Removing 17 users from all courses. Done
    23:44:13.455 | 441 ool-1-worker-205 | DEBUG | d.t.c.a.a.c.u.util.UserUtilService   : Save 15 users to database...
    23:44:13.482 | 441 ool-1-worker-205 | DEBUG | d.t.c.a.a.c.u.util.UserUtilService   : Save 15 users to database. Done
    23:44:13.505 | 441 ool-1-worker-205 | INFO  | i.z.t.d.l.EmbeddedDatabaseReporter   : JDBC URL to connect to 'dataSource': url='jdbc:h2:tcp://localhost:41063/mem:736625c0-cf5e-400d-aeaa-8a7eabd6262b;USER=sa', scope='CourseGitlabJenkinsIntegrationTest#searchUsersInCourse_searchForStudentsTutorsAndInstructorsAndTooShortSearchTerm_shouldReturnBadRequest'
    23:44:13.544 | 441 ool-1-worker-205 | DEBUG | d.t.c.a.a.c.s.f.ApiVersionFilter     : Adding Version to Request GET /api/courses/730/users/search
    23:44:13.545 | 441 ool-1-worker-205 | DEBUG | d.t.c.a.a.core.web.CourseResource    : REST request to search users in course : 730 with login or name : tu
    23:44:13.550 | 441 ool-1-worker-205 | WARN  | o.z.p.spring.common.AdviceTraits     : Bad Request: 400 BAD_REQUEST "Query param 'loginOrName' must be three characters or longer if you search for students."

  Starting logs for CourseGitlabJenkinsIntegrationTest > testGetCoursesWithQuizExercises()
    23:44:13.583 | 441 ool-1-worker-205 | DEBUG | d.t.c.a.a.c.u.util.UserUtilService   : Generate 8 students...
    23:44:13.606 | 441 ool-1-worker-205 | DEBUG | d.t.c.a.a.c.u.util.UserUtilService   : 8 students generated. Generate 5 tutors...
    23:44:13.619 | 441 ool-1-worker-205 | DEBUG | d.t.c.a.a.c.u.util.UserUtilService   : 5 tutors generated. Generate 1 editors...
    23:44:13.626 | 441 ool-1-worker-205 | DEBUG | d.t.c.a.a.c.u.util.UserUtilService   : 1 editors generated. Generate 1 instructors...
    23:44:13.635 | 441 ool-1-worker-205 | DEBUG | d.t.c.a.a.c.u.util.UserUtilService   : 1 instructors generated
    23:44:13.637 | 441 ool-1-worker-205 | DEBUG | d.t.c.a.a.c.u.util.UserUtilService   : Removing 16 users from all courses...
    23:44:13.643 | 441 ool-1-worker-205 | DEBUG | d.t.c.a.a.c.u.util.UserUtilService   : Removing 16 users from all courses. Done
    23:44:13.643 | 441 ool-1-worker-205 | DEBUG | d.t.c.a.a.c.u.util.UserUtilService   : Save 15 users to database...
    23:44:13.665 | 441 ool-1-worker-205 | DEBUG | d.t.c.a.a.c.u.util.UserUtilService   : Save 15 users to database. Done
    23:44:13.688 | 441 ool-1-worker-205 | INFO  | i.z.t.d.l.EmbeddedDatabaseReporter   : JDBC URL to connect to 'dataSource': url='jdbc:h2:tcp://localhost:41063/mem:736625c0-cf5e-400d-aeaa-8a7eabd6262b;USER=sa', scope='CourseGitlabJenkinsIntegrationTest#testGetCoursesWithQuizExercises'
    23:44:13.720 | 441 ool-1-worker-205 | DEBUG | d.t.c.a.a.c.s.f.ApiVersionFilter     : Adding Version to Request GET /api/courses/courses-with-quiz

  Starting logs for CourseGitlabJenkinsIntegrationTest > testGetCoursesWithoutActiveExercises()
    23:44:13.765 | 441 ool-1-worker-205 | DEBUG | d.t.c.a.a.c.u.util.UserUtilService   : Generate 8 students...
    23:44:13.791 | 441 ool-1-worker-205 | DEBUG | d.t.c.a.a.c.u.util.UserUtilService   : 8 students generated. Generate 5 tutors...
    23:44:13.803 | 441 ool-1-worker-205 | DEBUG | d.t.c.a.a.c.u.util.UserUtilService   : 5 tutors generated. Generate 1 editors...
    23:44:13.806 | 441 ool-1-worker-205 | DEBUG | d.t.c.a.a.c.u.util.UserUtilService   : 1 editors generated. Generate 1 instructors...
    23:44:13.808 | 441 ool-1-worker-205 | DEBUG | d.t.c.a.a.c.u.util.UserUtilService   : 1 instructors generated
    23:44:13.810 | 441 ool-1-worker-205 | DEBUG | d.t.c.a.a.c.u.util.UserUtilService   : Removing 16 users from all courses...
    23:44:13.813 | 441 ool-1-worker-205 | DEBUG | d.t.c.a.a.c.u.util.UserUtilService   : Removing 16 users from all courses. Done
    23:44:13.813 | 441 ool-1-worker-205 | DEBUG | d.t.c.a.a.c.u.util.UserUtilService   : Save 15 users to database...
    23:44:13.825 | 441 ool-1-worker-205 | DEBUG | d.t.c.a.a.c.u.util.UserUtilService   : Save 15 users to database. Done
    23:44:13.836 | 441 ool-1-worker-205 | INFO  | i.z.t.d.l.EmbeddedDatabaseReporter   : JDBC URL to connect to 'dataSource': url='jdbc:h2:tcp://localhost:41063/mem:736625c0-cf5e-400d-aeaa-8a7eabd6262b;USER=sa', scope='CourseGitlabJenkinsIntegrationTest#testGetCoursesWithoutActiveExercises'
    23:44:13.858 | 441 ool-1-worker-205 | DEBUG | d.t.c.a.a.c.s.f.ApiVersionFilter     : Adding Version to Request GET /api/courses/for-dashboard
    23:44:13.860 | 441 ool-1-worker-205 | DEBUG | d.t.c.a.a.core.web.CourseResource    : Request to get all courses user courseegitlabjenkinstutor1 has access to with exams, lectures, exercises, participations, submissions and results + calculated scores
    23:44:13.899 | 441 ool-1-worker-205 | DEBUG | d.t.c.a.a.core.service.CourseService : Find user visible courses finished after 39.42ms
    23:44:13.900 | 441 ool-1-worker-205 | DEBUG | d.t.c.a.a.core.service.CourseService : findAllExercisesByCourseIdsWithCategories finished with 0 exercises after 1.21ms
    23:44:13.902 | 441 ool-1-worker-205 | DEBUG | d.t.c.a.a.core.service.CourseService : all 1 filterExercisesForCourse individually finished together after 62µs
    23:44:13.902 | 441 ool-1-worker-205 | DEBUG | d.t.c.a.a.core.service.CourseService : Filter exercises, lectures, and exams finished after 42.27ms
    23:44:13.902 | 441 ool-1-worker-205 | DEBUG | d.t.c.a.a.core.web.CourseResource    : courseService.findAllActiveWithExercisesForUser done
    23:44:13.902 | 441 ool-1-worker-205 | DEBUG | d.t.c.a.a.core.web.CourseResource    : courseService.fetchParticipationsWithSubmissionsAndResultsForCourses done
    23:44:13.903 | 441 ool-1-worker-205 | DEBUG | d.t.c.a.a.core.web.CourseResource    : courseService.fetchPlagiarismCasesForCourseExercises done
    23:44:13.903 | 441 ool-1-worker-205 | DEBUG | d.t.c.a.a.core.web.CourseResource    : gradingScaleRepository.findAllByCourseIds done
    23:44:13.904 | 441 ool-1-worker-205 | INFO  | d.t.c.a.a.core.web.CourseResource    : courses/for-dashboard (multiple courses) finished in 44.75ms for 1 courses with 0 individual exercise(s) and 0 team exercise(s) for user courseegitlabjenkinstutor1

  Starting logs for CourseGitlabJenkinsIntegrationTest > testCreateCourseWithModifiedMaxComplainTimeDaysAndMaxComplains()
    23:44:13.924 | 441 ool-1-worker-205 | DEBUG | d.t.c.a.a.c.u.util.UserUtilService   : Generate 8 students...
    23:44:13.937 | 441 ool-1-worker-205 | DEBUG | d.t.c.a.a.c.u.util.UserUtilService   : 8 students generated. Generate 5 tutors...
    23:44:13.945 | 441 ool-1-worker-205 | DEBUG | d.t.c.a.a.c.u.util.UserUtilService   : 5 tutors generated. Generate 1 editors...
    23:44:13.948 | 441 ool-1-worker-205 | DEBUG | d.t.c.a.a.c.u.util.UserUtilService   : 1 editors generated. Generate 1 instructors...
    23:44:13.950 | 441 ool-1-worker-205 | DEBUG | d.t.c.a.a.c.u.util.UserUtilService   : 1 instructors generated
    23:44:13.952 | 441 ool-1-worker-205 | DEBUG | d.t.c.a.a.c.u.util.UserUtilService   : Removing 16 users from all courses...
    23:44:13.955 | 441 ool-1-worker-205 | DEBUG | d.t.c.a.a.c.u.util.UserUtilService   : Removing 16 users from all courses. Done
    23:44:13.955 | 441 ool-1-worker-205 | DEBUG | d.t.c.a.a.c.u.util.UserUtilService   : Save 15 users to database...
    23:44:13.965 | 441 ool-1-worker-205 | DEBUG | d.t.c.a.a.c.u.util.UserUtilService   : Save 15 users to database. Done
    23:44:13.976 | 441 ool-1-worker-205 | INFO  | i.z.t.d.l.EmbeddedDatabaseReporter   : JDBC URL to connect to 'dataSource': url='jdbc:h2:tcp://localhost:41063/mem:736625c0-cf5e-400d-aeaa-8a7eabd6262b;USER=sa', scope='CourseGitlabJenkinsIntegrationTest#testCreateCourseWithModifiedMaxComplainTimeDaysAndMaxComplains'
    23:44:13.977 | 441 ool-1-worker-205 | DEBUG | d.t.c.a.a.c.s.f.ApiVersionFilter     : Adding Version to Request POST /api/admin/courses
    23:44:13.978 | 441 ool-1-worker-205 | DEBUG | d.t.c.a.a.c.w.a.AdminCourseResource  : REST request to save Course : Course{id=null, title='Course title 4c3c2491-e5df-4333-8e68-dab165062a4c', description='null', shortName='short36b890bc0e2ec04a0a0874d08ac86053b765', studentGroupName='null', teachingAssistantGroupName='null', editorGroupName='null', instructorGroupName='null', startDate='null', endDate='null', enrollmentStartDate='null', enrollmentEndDate='null', unenrollmentEndDate='null', semester='null'', onlineCourse='false', color='null', courseIcon='null', enrollmentEnabled='false', unenrollmentEnabled='false', presentationScore='2', faqEnabled='false'}
    23:44:13.979 | 441 ool-1-worker-205 | ERROR | tech.jhipster.web.util.HeaderUtil    : Entity processing failed, If complaints or more feedback requests are allowed, the complaint time in days must be positive.
    23:44:13.979 | 441 ool-1-worker-205 | WARN  | o.z.p.spring.common.AdviceTraits     : Bad Request: If complaints or more feedback requests are allowed, the complaint time in days must be positive.
    23:44:13.981 | 441 ool-1-worker-205 | DEBUG | d.t.c.a.a.c.s.f.ApiVersionFilter     : Adding Version to Request POST /api/admin/courses
    23:44:13.981 | 441 ool-1-worker-205 | DEBUG | d.t.c.a.a.c.w.a.AdminCourseResource  : REST request to save Course : Course{id=null, title='Course title 4c3c2491-e5df-4333-8e68-dab165062a4c', description='null', shortName='short36b890bc0e2ec04a0a0874d08ac86053b765', studentGroupName='null', teachingAssistantGroupName='null', editorGroupName='null', instructorGroupName='null', startDate='null', endDate='null', enrollmentStartDate='null', enrollmentEndDate='null', unenrollmentEndDate='null', semester='null'', onlineCourse='false', color='null', courseIcon='null', enrollmentEnabled='false', unenrollmentEnabled='false', presentationScore='2', faqEnabled='false'}
    23:44:13.983 | 441 ool-1-worker-205 | ERROR | tech.jhipster.web.util.HeaderUtil    : Entity processing failed, If no complaints or more feedback requests are allowed, the complaint time in days should be set to zero.
    23:44:13.983 | 441 ool-1-worker-205 | WARN  | o.z.p.spring.common.AdviceTraits     : Bad Request: If no complaints or more feedback requests are allowed, the complaint time in days should be set to zero.
    23:44:13.984 | 441 ool-1-worker-205 | DEBUG | d.t.c.a.a.c.s.f.ApiVersionFilter     : Adding Version to Request POST /api/admin/courses
    23:44:13.984 | 441 ool-1-worker-205 | DEBUG | d.t.c.a.a.c.w.a.AdminCourseResource  : REST request to save Course : Course{id=null, title='Course title 4c3c2491-e5df-4333-8e68-dab165062a4c', description='null', shortName='short36b890bc0e2ec04a0a0874d08ac86053b765', studentGroupName='null', teachingAssistantGroupName='null', editorGroupName='null', instructorGroupName='null', startDate='null', endDate='null', enrollmentStartDate='null', enrollmentEndDate='null', unenrollmentEndDate='null', semester='null'', onlineCourse='false', color='null', courseIcon='null', enrollmentEnabled='false', unenrollmentEnabled='false', presentationScore='2', faqEnabled='false'}
    23:44:13.985 | 441 ool-1-worker-205 | ERROR | tech.jhipster.web.util.HeaderUtil    : Entity processing failed, Max Request More Feedback Days cannot be negative
    23:44:13.985 | 441 ool-1-worker-205 | WARN  | o.z.p.spring.common.AdviceTraits     : Bad Request: Max Request More Feedback Days cannot be negative

  Starting logs for CourseGitlabJenkinsIntegrationTest > testGetAllStudentsOrTutorsOrInstructorsInCourse()
    23:44:14.003 | 441 ool-1-worker-205 | DEBUG | d.t.c.a.a.c.u.util.UserUtilService   : Generate 8 students...
    23:44:14.017 | 441 ool-1-worker-205 | DEBUG | d.t.c.a.a.c.u.util.UserUtilService   : 8 students generated. Generate 5 tutors...
    23:44:14.025 | 441 ool-1-worker-205 | DEBUG | d.t.c.a.a.c.u.util.UserUtilService   : 5 tutors generated. Generate 1 editors...
    23:44:14.028 | 441 ool-1-worker-205 | DEBUG | d.t.c.a.a.c.u.util.UserUtilService   : 1 editors generated. Generate 1 instructors...
    23:44:14.031 | 441 ool-1-worker-205 | DEBUG | d.t.c.a.a.c.u.util.UserUtilService   : 1 instructors generated
    23:44:14.033 | 441 ool-1-worker-205 | DEBUG | d.t.c.a.a.c.u.util.UserUtilService   : Removing 16 users from all courses...
    23:44:14.036 | 441 ool-1-worker-205 | DEBUG | d.t.c.a.a.c.u.util.UserUtilService   : Removing 16 users from all courses. Done
    23:44:14.036 | 441 ool-1-worker-205 | DEBUG | d.t.c.a.a.c.u.util.UserUtilService   : Save 15 users to database...
    23:44:14.047 | 441 ool-1-worker-205 | DEBUG | d.t.c.a.a.c.u.util.UserUtilService   : Save 15 users to database. Done
    23:44:14.065 | 441 ool-1-worker-205 | INFO  | i.z.t.d.l.EmbeddedDatabaseReporter   : JDBC URL to connect to 'dataSource': url='jdbc:h2:tcp://localhost:41063/mem:736625c0-cf5e-400d-aeaa-8a7eabd6262b;USER=sa', scope='CourseGitlabJenkinsIntegrationTest#testGetAllStudentsOrTutorsOrInstructorsInCourse'
    23:44:14.110 | 441 ool-1-worker-205 | DEBUG | d.t.c.a.a.c.s.f.ApiVersionFilter     : Adding Version to Request GET /api/courses/734/students
    23:44:14.111 | 441 ool-1-worker-205 | DEBUG | d.t.c.a.a.core.web.CourseResource    : REST request to get all students in course : 734
    23:44:14.124 | 441 ool-1-worker-205 | DEBUG | d.t.c.a.a.c.s.f.ApiVersionFilter     : Adding Version to Request GET /api/courses/734/tutors
    23:44:14.125 | 441 ool-1-worker-205 | DEBUG | d.t.c.a.a.core.web.CourseResource    : REST request to get all tutors in course : 734
    23:44:14.136 | 441 ool-1-worker-205 | DEBUG | d.t.c.a.a.c.s.f.ApiVersionFilter     : Adding Version to Request GET /api/courses/734/instructors
    23:44:14.137 | 441 ool-1-worker-205 | DEBUG | d.t.c.a.a.core.web.CourseResource    : REST request to get all instructors in course : 734

  Starting logs for CourseGitlabJenkinsIntegrationTest > testDeleteCourseDeletesOnlineConfiguration()
    23:44:14.172 | 441 ool-1-worker-205 | DEBUG | d.t.c.a.a.c.u.util.UserUtilService   : Generate 8 students...
    23:44:14.184 | 441 ool-1-worker-205 | DEBUG | d.t.c.a.a.c.u.util.UserUtilService   : 8 students generated. Generate 5 tutors...
    23:44:14.193 | 441 ool-1-worker-205 | DEBUG | d.t.c.a.a.c.u.util.UserUtilService   : 5 tutors generated. Generate 1 editors...
    23:44:14.196 | 441 ool-1-worker-205 | DEBUG | d.t.c.a.a.c.u.util.UserUtilService   : 1 editors generated. Generate 1 instructors...
    23:44:14.198 | 441 ool-1-worker-205 | DEBUG | d.t.c.a.a.c.u.util.UserUtilService   : 1 instructors generated
    23:44:14.200 | 441 ool-1-worker-205 | DEBUG | d.t.c.a.a.c.u.util.UserUtilService   : Removing 16 users from all courses...
    23:44:14.202 | 441 ool-1-worker-205 | DEBUG | d.t.c.a.a.c.u.util.UserUtilService   : Removing 16 users from all courses. Done
    23:44:14.202 | 441 ool-1-worker-205 | DEBUG | d.t.c.a.a.c.u.util.UserUtilService   : Save 15 users to database...
    23:44:14.219 | 441 ool-1-worker-205 | DEBUG | d.t.c.a.a.c.u.util.UserUtilService   : Save 15 users to database. Done
    23:44:14.231 | 441 ool-1-worker-205 | INFO  | i.z.t.d.l.EmbeddedDatabaseReporter   : JDBC URL to connect to 'dataSource': url='jdbc:h2:tcp://localhost:41063/mem:736625c0-cf5e-400d-aeaa-8a7eabd6262b;USER=sa', scope='CourseGitlabJenkinsIntegrationTest#testDeleteCourseDeletesOnlineConfiguration'
    23:44:14.233 | 441 ool-1-worker-205 | DEBUG | d.t.c.a.a.c.s.f.ApiVersionFilter     : Adding Version to Request DELETE /api/admin/courses/735
    23:44:14.234 | 441 ool-1-worker-205 | INFO  | d.t.c.a.a.c.w.a.AdminCourseResource  : REST request to delete Course : 735
    23:44:14.242 | 441 ool-1-worker-205 | INFO  | d.t.c.a.a.c.w.a.AdminCourseResource  : User admin has requested to delete the course Course title cf1dea31-34f8-44ca-8ea1-98f64bcf7faf
    23:44:14.242 | 441 ool-1-worker-205 | DEBUG | d.t.c.a.a.core.service.CourseService : Request to delete Course : Course title cf1dea31-34f8-44ca-8ea1-98f64bcf7faf
    23:44:14.260 | 441 ool-1-worker-205 | INFO  | .c.a.a.c.s.TitleCacheEvictionService : Evicted entry '735' from title cache 'courseTitle'
    23:44:14.261 | 441 ool-1-worker-205 | DEBUG | d.t.c.a.a.core.service.CourseService : Successfully deleted course Course title cf1dea31-34f8-44ca-8ea1-98f64bcf7faf.

  Starting logs for CourseGitlabJenkinsIntegrationTest > testCreateCourseWithWrongShortName()
    23:44:14.295 | 441 ool-1-worker-205 | DEBUG | d.t.c.a.a.c.u.util.UserUtilService   : Generate 8 students...
    23:44:14.321 | 441 ool-1-worker-205 | DEBUG | d.t.c.a.a.c.u.util.UserUtilService   : 8 students generated. Generate 5 tutors...
    23:44:14.337 | 441 ool-1-worker-205 | DEBUG | d.t.c.a.a.c.u.util.UserUtilService   : 5 tutors generated. Generate 1 editors...
    23:44:14.342 | 441 ool-1-worker-205 | DEBUG | d.t.c.a.a.c.u.util.UserUtilService   : 1 editors generated. Generate 1 instructors...
    23:44:14.348 | 441 ool-1-worker-205 | DEBUG | d.t.c.a.a.c.u.util.UserUtilService   : 1 instructors generated
    23:44:14.351 | 441 ool-1-worker-205 | DEBUG | d.t.c.a.a.c.u.util.UserUtilService   : Removing 16 users from all courses...
    23:44:14.355 | 441 ool-1-worker-205 | DEBUG | d.t.c.a.a.c.u.util.UserUtilService   : Removing 16 users from all courses. Done
    23:44:14.355 | 441 ool-1-worker-205 | DEBUG | d.t.c.a.a.c.u.util.UserUtilService   : Save 15 users to database...
    23:44:14.375 | 441 ool-1-worker-205 | DEBUG | d.t.c.a.a.c.u.util.UserUtilService   : Save 15 users to database. Done
    23:44:14.398 | 441 ool-1-worker-205 | INFO  | i.z.t.d.l.EmbeddedDatabaseReporter   : JDBC URL to connect to 'dataSource': url='jdbc:h2:tcp://localhost:41063/mem:736625c0-cf5e-400d-aeaa-8a7eabd6262b;USER=sa', scope='CourseGitlabJenkinsIntegrationTest#testCreateCourseWithWrongShortName'
    23:44:14.399 | 441 ool-1-worker-205 | DEBUG | d.t.c.a.a.c.s.f.ApiVersionFilter     : Adding Version to Request POST /api/admin/courses
    23:44:14.404 | 441 ool-1-worker-205 | DEBUG | d.t.c.a.a.c.w.a.AdminCourseResource  : REST request to save Course : Course{id=null, title='Course title 6c0aceb5-20de-44b6-979c-b6fdb0066a90', description='null', shortName='`badName~', studentGroupName='null', teachingAssistantGroupName='null', editorGroupName='null', instructorGroupName='null', startDate='null', endDate='null', enrollmentStartDate='null', enrollmentEndDate='null', unenrollmentEndDate='null', semester='null'', onlineCourse='false', color='null', courseIcon='null', enrollmentEnabled='false', unenrollmentEnabled='false', presentationScore='2', faqEnabled='false'}
    23:44:14.404 | 441 ool-1-worker-205 | ERROR | tech.jhipster.web.util.HeaderUtil    : Entity processing failed, The shortname is invalid
    23:44:14.404 | 441 ool-1-worker-205 | WARN  | o.z.p.spring.common.AdviceTraits     : Bad Request: The shortname is invalid

  Starting logs for CourseGitlabJenkinsIntegrationTest > testGetAllCoursesForDashboard()
    23:44:14.446 | 441 ool-1-worker-205 | DEBUG | d.t.c.a.a.c.u.util.UserUtilService   : Generate 8 students...
    23:44:14.472 | 441 ool-1-worker-205 | DEBUG | d.t.c.a.a.c.u.util.UserUtilService   : 8 students generated. Generate 5 tutors...
    23:44:14.495 | 441 ool-1-worker-205 | DEBUG | d.t.c.a.a.c.u.util.UserUtilService   : 5 tutors generated. Generate 1 editors...
    23:44:14.501 | 441 ool-1-worker-205 | DEBUG | d.t.c.a.a.c.u.util.UserUtilService   : 1 editors generated. Generate 1 instructors...
    23:44:14.506 | 441 ool-1-worker-205 | DEBUG | d.t.c.a.a.c.u.util.UserUtilService   : 1 instructors generated
    23:44:14.509 | 441 ool-1-worker-205 | DEBUG | d.t.c.a.a.c.u.util.UserUtilService   : Removing 16 users from all courses...
    23:44:14.519 | 441 ool-1-worker-205 | DEBUG | d.t.c.a.a.c.u.util.UserUtilService   : Removing 16 users from all courses. Done
    23:44:14.519 | 441 ool-1-worker-205 | DEBUG | d.t.c.a.a.c.u.util.UserUtilService   : Save 15 users to database...
    23:44:14.542 | 441 ool-1-worker-205 | DEBUG | d.t.c.a.a.c.u.util.UserUtilService   : Save 15 users to database. Done
    23:44:14.570 | 441 ool-1-worker-205 | INFO  | i.z.t.d.l.EmbeddedDatabaseReporter   : JDBC URL to connect to 'dataSource': url='jdbc:h2:tcp://localhost:41063/mem:736625c0-cf5e-400d-aeaa-8a7eabd6262b;USER=sa', scope='CourseGitlabJenkinsIntegrationTest#testGetAllCoursesForDashboard'
    23:44:14.693 | 441 ool-1-worker-205 | DEBUG | .c.s.m.InstanceMessageReceiveService : Received schedule participant score for exercise 2431 and participant 689 (result to be deleted: null)
    23:44:14.694 | 441 ool-1-worker-205 | DEBUG | .a.s.ParticipantScoreScheduleService : Scheduled task for exercise 2431 and participant 689 at 2025-02-14T23:44:14.794045628Z[Etc/UTC].
    23:44:14.696 | 441 ool-1-worker-205 | DEBUG | .c.s.m.InstanceMessageReceiveService : Received schedule participant score for exercise 2431 and participant 689 (result to be deleted: null)
    23:44:14.696 | 441 ool-1-worker-205 | DEBUG | .a.s.ParticipantScoreScheduleService : Scheduled task for exercise 2431 and participant 689 at 2025-02-14T23:44:14.796533097Z[Etc/UTC].
    23:44:14.699 | 441 ool-1-worker-205 | DEBUG | .c.s.m.InstanceMessageReceiveService : Received schedule participant score for exercise 2432 and participant 689 (result to be deleted: null)
    23:44:14.699 | 441 ool-1-worker-205 | DEBUG | .a.s.ParticipantScoreScheduleService : Scheduled task for exercise 2432 and participant 689 at 2025-02-14T23:44:14.799594525Z[Etc/UTC].
    23:44:14.700 | 441 ool-1-worker-205 | DEBUG | .c.s.m.InstanceMessageReceiveService : Received schedule participant score for exercise 2434 and participant 689 (result to be deleted: null)
    23:44:14.700 | 441 ool-1-worker-205 | DEBUG | .a.s.ParticipantScoreScheduleService : Scheduled task for exercise 2434 and participant 689 at 2025-02-14T23:44:14.800081643Z[Etc/UTC].
    23:44:14.700 | 441 ool-1-worker-205 | DEBUG | .c.s.m.InstanceMessageReceiveService : Received schedule participant score for exercise 2434 and participant 689 (result to be deleted: null)
    23:44:14.700 | 441 ool-1-worker-205 | DEBUG | .a.s.ParticipantScoreScheduleService : Scheduled task for exercise 2434 and participant 689 at 2025-02-14T23:44:14.800580914Z[Etc/UTC].
    23:44:14.712 | 441 ool-1-worker-205 | DEBUG | .c.s.m.InstanceMessageReceiveService : Received schedule participant score for exercise 2431 and participant 689 (result to be deleted: null)
    23:44:14.712 | 441 ool-1-worker-205 | DEBUG | .a.s.ParticipantScoreScheduleService : Scheduled task for exercise 2431 and participant 689 at 2025-02-14T23:44:14.812850265Z[Etc/UTC].
    23:44:14.722 | 441 ool-1-worker-205 | DEBUG | .c.s.m.InstanceMessageReceiveService : Received schedule participant score for exercise 2431 and participant 689 (result to be deleted: null)
    23:44:14.722 | 441 ool-1-worker-205 | DEBUG | .a.s.ParticipantScoreScheduleService : Scheduled task for exercise 2431 and participant 689 at 2025-02-14T23:44:14.822840886Z[Etc/UTC].
    23:44:14.733 | 441 ool-1-worker-205 | DEBUG | .c.s.m.InstanceMessageReceiveService : Received schedule participant score for exercise 2432 and participant 689 (result to be deleted: null)
    23:44:14.734 | 441 ool-1-worker-205 | DEBUG | .a.s.ParticipantScoreScheduleService : Scheduled task for exercise 2432 and participant 689 at 2025-02-14T23:44:14.834062902Z[Etc/UTC].
    23:44:14.744 | 441 ool-1-worker-205 | DEBUG | .c.s.m.InstanceMessageReceiveService : Received schedule participant score for exercise 2434 and participant 689 (result to be deleted: null)
    23:44:14.745 | 441 ool-1-worker-205 | DEBUG | .a.s.ParticipantScoreScheduleService : Scheduled task for exercise 2434 and participant 689 at 2025-02-14T23:44:14.845050362Z[Etc/UTC].
    23:44:14.756 | 441 ool-1-worker-205 | DEBUG | .c.s.m.InstanceMessageReceiveService : Received schedule participant score for exercise 2434 and participant 689 (result to be deleted: null)
    23:44:14.756 | 441 ool-1-worker-205 | DEBUG | .a.s.ParticipantScoreScheduleService : Scheduled task for exercise 2434 and participant 689 at 2025-02-14T23:44:14.856267570Z[Etc/UTC].
    23:44:14.791 | 441 ool-1-worker-205 | DEBUG | d.t.c.a.a.c.s.f.ApiVersionFilter     : Adding Version to Request GET /api/courses/for-dashboard
    23:44:14.792 | 441 ool-1-worker-205 | DEBUG | d.t.c.a.a.core.web.CourseResource    : Request to get all courses user courseegitlabjenkinsstudent1 has access to with exams, lectures, exercises, participations, submissions and results + calculated scores
    23:44:14.822 | 329 taskScheduler-4  | DEBUG | .a.s.ParticipantScoreScheduleService : Processing exercise 2431 and participant 689 to update participant scores.
    23:44:14.832 | 329 taskScheduler-4  | DEBUG | .a.s.ParticipantScoreScheduleService : Updating the participant score for exercise 2431 and participant 689 took 10 ms.
    23:44:14.832 | 441 ool-1-worker-205 | DEBUG | d.t.c.a.a.core.service.CourseService : Find user visible courses finished after 40.11ms
    23:44:14.833 | 441 ool-1-worker-205 | DEBUG | d.t.c.a.a.core.service.CourseService : findAllExercisesByCourseIdsWithCategories finished with 5 exercises after 1.29ms
    23:44:14.834 | 326 taskScheduler-1  | DEBUG | .a.s.ParticipantScoreScheduleService : Processing exercise 2432 and participant 689 to update participant scores.
    23:44:14.838 | 326 taskScheduler-1  | DEBUG | .a.s.ParticipantScoreScheduleService : Updating the participant score for exercise 2432 and participant 689 took 4 ms.
    23:44:14.841 | 441 ool-1-worker-205 | DEBUG | d.t.c.a.a.core.service.CourseService : all 1 filterExercisesForCourse individually finished together after 1.96ms
    23:44:14.841 | 441 ool-1-worker-205 | DEBUG | d.t.c.a.a.core.service.CourseService : Filter exercises, lectures, and exams finished after 48.73ms
    23:44:14.841 | 441 ool-1-worker-205 | DEBUG | d.t.c.a.a.core.web.CourseResource    : courseService.findAllActiveWithExercisesForUser done
    23:44:14.842 | 441 ool-1-worker-205 | DEBUG | d.t.c.a.a.core.web.CourseResource    : courseService.fetchParticipationsWithSubmissionsAndResultsForCourses done
    23:44:14.843 | 441 ool-1-worker-205 | DEBUG | d.t.c.a.a.core.web.CourseResource    : courseService.fetchPlagiarismCasesForCourseExercises done
    23:44:14.844 | 441 ool-1-worker-205 | DEBUG | d.t.c.a.a.core.web.CourseResource    : gradingScaleRepository.findAllByCourseIds done
    23:44:14.844 | 441 ool-1-worker-205 | INFO  | d.t.c.a.a.core.web.CourseResource    : courses/for-dashboard (multiple courses) finished in 53.29ms for 1 courses with 5 individual exercise(s) and 0 team exercise(s) for user courseegitlabjenkinsstudent1

  Starting logs for CourseGitlabJenkinsIntegrationTest > testGetCategoriesInCourse_instructorNotInCourse()
    23:44:14.864 | 441 ool-1-worker-205 | DEBUG | d.t.c.a.a.c.u.util.UserUtilService   : Generate 8 students...
    23:44:14.875 | 441 ool-1-worker-205 | DEBUG | d.t.c.a.a.c.u.util.UserUtilService   : 8 students generated. Generate 5 tutors...
    23:44:14.883 | 441 ool-1-worker-205 | DEBUG | d.t.c.a.a.c.u.util.UserUtilService   : 5 tutors generated. Generate 1 editors...
    23:44:14.885 | 441 ool-1-worker-205 | DEBUG | d.t.c.a.a.c.u.util.UserUtilService   : 1 editors generated. Generate 1 instructors...
    23:44:14.888 | 441 ool-1-worker-205 | DEBUG | d.t.c.a.a.c.u.util.UserUtilService   : 1 instructors generated
    23:44:14.890 | 441 ool-1-worker-205 | DEBUG | d.t.c.a.a.c.u.util.UserUtilService   : Removing 16 users from all courses...
    23:44:14.892 | 441 ool-1-worker-205 | DEBUG | d.t.c.a.a.c.u.util.UserUtilService   : Removing 16 users from all courses. Done
    23:44:14.892 | 441 ool-1-worker-205 | DEBUG | d.t.c.a.a.c.u.util.UserUtilService   : Save 15 users to database...
    23:44:14.910 | 441 ool-1-worker-205 | DEBUG | d.t.c.a.a.c.u.util.UserUtilService   : Save 15 users to database. Done
    23:44:14.936 | 441 ool-1-worker-205 | INFO  | i.z.t.d.l.EmbeddedDatabaseReporter   : JDBC URL to connect to 'dataSource': url='jdbc:h2:tcp://localhost:41063/mem:736625c0-cf5e-400d-aeaa-8a7eabd6262b;USER=sa', scope='CourseGitlabJenkinsIntegrationTest#testGetCategoriesInCourse_instructorNotInCourse'
    23:44:14.941 | 441 ool-1-worker-205 | DEBUG | d.t.c.a.a.c.s.f.ApiVersionFilter     : Adding Version to Request GET /api/courses/738/categories
    23:44:14.942 | 441 ool-1-worker-205 | DEBUG | d.t.c.a.a.core.web.CourseResource    : REST request to get categories of Course : 738
    23:44:14.946 | 441 ool-1-worker-205 | WARN  | o.z.p.spring.common.AdviceTraits     : Forbidden: You are not allowed to access the Course with id 738

  Starting logs for CourseGitlabJenkinsIntegrationTest > testCreateCourseWithoutPermission()
    23:44:14.976 | 441 ool-1-worker-205 | DEBUG | d.t.c.a.a.c.u.util.UserUtilService   : Generate 8 students...
    23:44:14.998 | 441 ool-1-worker-205 | DEBUG | d.t.c.a.a.c.u.util.UserUtilService   : 8 students generated. Generate 5 tutors...
    23:44:15.013 | 441 ool-1-worker-205 | DEBUG | d.t.c.a.a.c.u.util.UserUtilService   : 5 tutors generated. Generate 1 editors...
    23:44:15.022 | 441 ool-1-worker-205 | DEBUG | d.t.c.a.a.c.u.util.UserUtilService   : 1 editors generated. Generate 1 instructors...
    23:44:15.024 | 441 ool-1-worker-205 | DEBUG | d.t.c.a.a.c.u.util.UserUtilService   : 1 instructors generated
    23:44:15.028 | 441 ool-1-worker-205 | DEBUG | d.t.c.a.a.c.u.util.UserUtilService   : Removing 16 users from all courses...
    23:44:15.030 | 441 ool-1-worker-205 | DEBUG | d.t.c.a.a.c.u.util.UserUtilService   : Removing 16 users from all courses. Done
    23:44:15.030 | 441 ool-1-worker-205 | DEBUG | d.t.c.a.a.c.u.util.UserUtilService   : Save 15 users to database...
    23:44:15.042 | 441 ool-1-worker-205 | DEBUG | d.t.c.a.a.c.u.util.UserUtilService   : Save 15 users to database. Done
    23:44:15.052 | 441 ool-1-worker-205 | INFO  | i.z.t.d.l.EmbeddedDatabaseReporter   : JDBC URL to connect to 'dataSource': url='jdbc:h2:tcp://localhost:41063/mem:736625c0-cf5e-400d-aeaa-8a7eabd6262b;USER=sa', scope='CourseGitlabJenkinsIntegrationTest#testCreateCourseWithoutPermission'
    23:44:15.054 | 441 ool-1-worker-205 | WARN  | o.z.p.spring.common.AdviceTraits     : Forbidden: Access Denied

  Starting logs for CourseGitlabJenkinsIntegrationTest > testGetCoursesForImport_asInstuctor()
    23:44:15.078 | 441 ool-1-worker-205 | DEBUG | d.t.c.a.a.c.u.util.UserUtilService   : Generate 8 students...
    23:44:15.102 | 441 ool-1-worker-205 | DEBUG | d.t.c.a.a.c.u.util.UserUtilService   : 8 students generated. Generate 5 tutors...
    23:44:15.119 | 441 ool-1-worker-205 | DEBUG | d.t.c.a.a.c.u.util.UserUtilService   : 5 tutors generated. Generate 1 editors...
    23:44:15.124 | 441 ool-1-worker-205 | DEBUG | d.t.c.a.a.c.u.util.UserUtilService   : 1 editors generated. Generate 1 instructors...
    23:44:15.130 | 441 ool-1-worker-205 | DEBUG | d.t.c.a.a.c.u.util.UserUtilService   : 1 instructors generated
    23:44:15.132 | 441 ool-1-worker-205 | DEBUG | d.t.c.a.a.c.u.util.UserUtilService   : Removing 16 users from all courses...
    23:44:15.137 | 441 ool-1-worker-205 | DEBUG | d.t.c.a.a.c.u.util.UserUtilService   : Removing 16 users from all courses. Done
    23:44:15.137 | 441 ool-1-worker-205 | DEBUG | d.t.c.a.a.c.u.util.UserUtilService   : Save 15 users to database...
    23:44:15.156 | 441 ool-1-worker-205 | DEBUG | d.t.c.a.a.c.u.util.UserUtilService   : Save 15 users to database. Done
    23:44:15.178 | 441 ool-1-worker-205 | INFO  | i.z.t.d.l.EmbeddedDatabaseReporter   : JDBC URL to connect to 'dataSource': url='jdbc:h2:tcp://localhost:41063/mem:736625c0-cf5e-400d-aeaa-8a7eabd6262b;USER=sa', scope='CourseGitlabJenkinsIntegrationTest#testGetCoursesForImport_asInstuctor'
    23:44:15.184 | 441 ool-1-worker-205 | INFO  | .c.a.a.c.s.TitleCacheEvictionService : Evicted entry '1' from title cache 'courseTitle'
    23:44:15.190 | 441 ool-1-worker-205 | INFO  | .c.a.a.c.s.TitleCacheEvictionService : Evicted entry '2' from title cache 'courseTitle'
    23:44:15.192 | 441 ool-1-worker-205 | DEBUG | d.t.c.a.a.c.s.f.ApiVersionFilter     : Adding Version to Request GET /api/courses/for-import
    23:44:15.192 | 441 ool-1-worker-205 | DEBUG | d.t.c.a.a.core.web.CourseResource    : REST request to get a list of courses for import.

  Starting logs for CourseGitlabJenkinsIntegrationTest > testAddStudentOrTutorOrInstructorToCourse_AsTutor_forbidden()
    23:44:15.229 | 441 ool-1-worker-205 | DEBUG | d.t.c.a.a.c.u.util.UserUtilService   : Generate 8 students...
    23:44:15.241 | 441 ool-1-worker-205 | DEBUG | d.t.c.a.a.c.u.util.UserUtilService   : 8 students generated. Generate 5 tutors...
    23:44:15.250 | 441 ool-1-worker-205 | DEBUG | d.t.c.a.a.c.u.util.UserUtilService   : 5 tutors generated. Generate 1 editors...
    23:44:15.252 | 441 ool-1-worker-205 | DEBUG | d.t.c.a.a.c.u.util.UserUtilService   : 1 editors generated. Generate 1 instructors...
    23:44:15.255 | 441 ool-1-worker-205 | DEBUG | d.t.c.a.a.c.u.util.UserUtilService   : 1 instructors generated
    23:44:15.257 | 441 ool-1-worker-205 | DEBUG | d.t.c.a.a.c.u.util.UserUtilService   : Removing 16 users from all courses...
    23:44:15.259 | 441 ool-1-worker-205 | DEBUG | d.t.c.a.a.c.u.util.UserUtilService   : Removing 16 users from all courses. Done
    23:44:15.259 | 441 ool-1-worker-205 | DEBUG | d.t.c.a.a.c.u.util.UserUtilService   : Save 15 users to database...
    23:44:15.268 | 441 ool-1-worker-205 | DEBUG | d.t.c.a.a.c.u.util.UserUtilService   : Save 15 users to database. Done
    23:44:15.279 | 441 ool-1-worker-205 | INFO  | i.z.t.d.l.EmbeddedDatabaseReporter   : JDBC URL to connect to 'dataSource': url='jdbc:h2:tcp://localhost:41063/mem:736625c0-cf5e-400d-aeaa-8a7eabd6262b;USER=sa', scope='CourseGitlabJenkinsIntegrationTest#testAddStudentOrTutorOrInstructorToCourse_AsTutor_forbidden'
    23:44:15.352 | 441 ool-1-worker-205 | DEBUG | d.t.c.a.a.c.s.f.ApiVersionFilter     : Adding Version to Request POST /api/courses/739/students/courseegitlabjenkinsstudent1
    23:44:15.353 | 441 ool-1-worker-205 | WARN  | o.z.p.spring.common.AdviceTraits     : Forbidden: Access Denied
    23:44:15.354 | 441 ool-1-worker-205 | DEBUG | d.t.c.a.a.c.s.f.ApiVersionFilter     : Adding Version to Request POST /api/courses/739/tutors/courseegitlabjenkinstutor1
    23:44:15.355 | 441 ool-1-worker-205 | WARN  | o.z.p.spring.common.AdviceTraits     : Forbidden: Access Denied
    23:44:15.356 | 441 ool-1-worker-205 | DEBUG | d.t.c.a.a.c.s.f.ApiVersionFilter     : Adding Version to Request POST /api/courses/739/editors/courseegitlabjenkinseditor1
    23:44:15.357 | 441 ool-1-worker-205 | WARN  | o.z.p.spring.common.AdviceTraits     : Forbidden: Access Denied
    23:44:15.358 | 441 ool-1-worker-205 | DEBUG | d.t.c.a.a.c.s.f.ApiVersionFilter     : Adding Version to Request POST /api/courses/739/instructors/courseegitlabjenkinsinstructor1
    23:44:15.359 | 441 ool-1-worker-205 | WARN  | o.z.p.spring.common.AdviceTraits     : Forbidden: Access Denied

  Starting logs for CourseGitlabJenkinsIntegrationTest > testGetAssessmentDashboardStats_withAssessmentsAndFeedbackRequests()
    23:44:15.378 | 441 ool-1-worker-205 | DEBUG | d.t.c.a.a.c.u.util.UserUtilService   : Generate 8 students...
    23:44:15.389 | 441 ool-1-worker-205 | DEBUG | d.t.c.a.a.c.u.util.UserUtilService   : 8 students generated. Generate 5 tutors...
    23:44:15.396 | 441 ool-1-worker-205 | DEBUG | d.t.c.a.a.c.u.util.UserUtilService   : 5 tutors generated. Generate 1 editors...
    23:44:15.399 | 441 ool-1-worker-205 | DEBUG | d.t.c.a.a.c.u.util.UserUtilService   : 1 editors generated. Generate 1 instructors...
    23:44:15.401 | 441 ool-1-worker-205 | DEBUG | d.t.c.a.a.c.u.util.UserUtilService   : 1 instructors generated
    23:44:15.403 | 441 ool-1-worker-205 | DEBUG | d.t.c.a.a.c.u.util.UserUtilService   : Removing 16 users from all courses...
    23:44:15.405 | 441 ool-1-worker-205 | DEBUG | d.t.c.a.a.c.u.util.UserUtilService   : Removing 16 users from all courses. Done
    23:44:15.405 | 441 ool-1-worker-205 | DEBUG | d.t.c.a.a.c.u.util.UserUtilService   : Save 15 users to database...
    23:44:15.418 | 441 ool-1-worker-205 | DEBUG | d.t.c.a.a.c.u.util.UserUtilService   : Save 15 users to database. Done
    23:44:15.438 | 441 ool-1-worker-205 | INFO  | i.z.t.d.l.EmbeddedDatabaseReporter   : JDBC URL to connect to 'dataSource': url='jdbc:h2:tcp://localhost:41063/mem:736625c0-cf5e-400d-aeaa-8a7eabd6262b;USER=sa', scope='CourseGitlabJenkinsIntegrationTest#testGetAssessmentDashboardStats_withAssessmentsAndFeedbackRequests'
    23:44:15.482 | 441 ool-1-worker-205 | DEBUG | .c.s.m.InstanceMessageReceiveService : Received schedule participant score for exercise 2436 and participant 689 (result to be deleted: null)
    23:44:15.482 | 441 ool-1-worker-205 | DEBUG | .a.s.ParticipantScoreScheduleService : Scheduled task for exercise 2436 and participant 689 at 2025-02-14T23:44:15.582337154Z[Etc/UTC].
    23:44:15.488 | 441 ool-1-worker-205 | DEBUG | .c.s.m.InstanceMessageReceiveService : Received schedule participant score for exercise 2436 and participant 689 (result to be deleted: null)
    23:44:15.488 | 441 ool-1-worker-205 | DEBUG | .a.s.ParticipantScoreScheduleService : Scheduled task for exercise 2436 and participant 689 at 2025-02-14T23:44:15.588081436Z[Etc/UTC].
    23:44:15.508 | 441 ool-1-worker-205 | DEBUG | .c.s.m.InstanceMessageReceiveService : Received schedule participant score for exercise 2436 and participant 690 (result to be deleted: null)
    23:44:15.508 | 441 ool-1-worker-205 | DEBUG | .a.s.ParticipantScoreScheduleService : Scheduled task for exercise 2436 and participant 690 at 2025-02-14T23:44:15.608299599Z[Etc/UTC].
    23:44:15.514 | 441 ool-1-worker-205 | DEBUG | .c.s.m.InstanceMessageReceiveService : Received schedule participant score for exercise 2436 and participant 690 (result to be deleted: null)
    23:44:15.514 | 441 ool-1-worker-205 | DEBUG | .a.s.ParticipantScoreScheduleService : Scheduled task for exercise 2436 and participant 690 at 2025-02-14T23:44:15.614252409Z[Etc/UTC].
    23:44:15.535 | 441 ool-1-worker-205 | DEBUG | .c.s.m.InstanceMessageReceiveService : Received schedule participant score for exercise 2436 and participant 691 (result to be deleted: null)
    23:44:15.535 | 441 ool-1-worker-205 | DEBUG | .a.s.ParticipantScoreScheduleService : Scheduled task for exercise 2436 and participant 691 at 2025-02-14T23:44:15.635607883Z[Etc/UTC].
    23:44:15.541 | 441 ool-1-worker-205 | DEBUG | .c.s.m.InstanceMessageReceiveService : Received schedule participant score for exercise 2436 and participant 691 (result to be deleted: null)
    23:44:15.541 | 441 ool-1-worker-205 | DEBUG | .a.s.ParticipantScoreScheduleService : Scheduled task for exercise 2436 and participant 691 at 2025-02-14T23:44:15.641614113Z[Etc/UTC].
    23:44:15.560 | 441 ool-1-worker-205 | DEBUG | .c.s.m.InstanceMessageReceiveService : Received schedule participant score for exercise 2436 and participant 692 (result to be deleted: null)
    23:44:15.560 | 441 ool-1-worker-205 | DEBUG | .a.s.ParticipantScoreScheduleService : Scheduled task for exercise 2436 and participant 692 at 2025-02-14T23:44:15.660955441Z[Etc/UTC].
    23:44:15.566 | 441 ool-1-worker-205 | DEBUG | .c.s.m.InstanceMessageReceiveService : Received schedule participant score for exercise 2436 and participant 692 (result to be deleted: null)
    23:44:15.566 | 441 ool-1-worker-205 | DEBUG | .a.s.ParticipantScoreScheduleService : Scheduled task for exercise 2436 and participant 692 at 2025-02-14T23:44:15.666667303Z[Etc/UTC].
    23:44:15.584 | 441 ool-1-worker-205 | DEBUG | .c.s.m.InstanceMessageReceiveService : Received schedule participant score for exercise 2437 and participant 689 (result to be deleted: null)
    23:44:15.584 | 441 ool-1-worker-205 | DEBUG | .a.s.ParticipantScoreScheduleService : Scheduled task for exercise 2437 and participant 689 at 2025-02-14T23:44:15.684621814Z[Etc/UTC].
    23:44:15.588 | 326 taskScheduler-1  | DEBUG | .a.s.ParticipantScoreScheduleService : Processing exercise 2436 and participant 689 to update participant scores.
    23:44:15.590 | 441 ool-1-worker-205 | DEBUG | .c.s.m.InstanceMessageReceiveService : Received schedule participant score for exercise 2437 and participant 689 (result to be deleted: null)
    23:44:15.590 | 441 ool-1-worker-205 | DEBUG | .a.s.ParticipantScoreScheduleService : Scheduled task for exercise 2437 and participant 689 at 2025-02-14T23:44:15.690768447Z[Etc/UTC].
    23:44:15.598 | 326 taskScheduler-1  | DEBUG | .a.s.ParticipantScoreScheduleService : Updated participant score 241.
    23:44:15.598 | 326 taskScheduler-1  | DEBUG | .a.s.ParticipantScoreScheduleService : Updating the participant score for exercise 2436 and participant 689 took 10 ms.
    23:44:15.614 | 328 taskScheduler-3  | DEBUG | .a.s.ParticipantScoreScheduleService : Processing exercise 2436 and participant 690 to update participant scores.
    23:44:15.621 | 328 taskScheduler-3  | DEBUG | .a.s.ParticipantScoreScheduleService : Updated participant score 242.
    23:44:15.621 | 328 taskScheduler-3  | DEBUG | .a.s.ParticipantScoreScheduleService : Updating the participant score for exercise 2436 and participant 690 took 7 ms.
    23:44:15.628 | 441 ool-1-worker-205 | DEBUG | .c.s.m.InstanceMessageReceiveService : Received schedule participant score for exercise 2437 and participant 690 (result to be deleted: null)
    23:44:15.628 | 441 ool-1-worker-205 | DEBUG | .a.s.ParticipantScoreScheduleService : Scheduled task for exercise 2437 and participant 690 at 2025-02-14T23:44:15.728238509Z[Etc/UTC].
    23:44:15.641 | 327 taskScheduler-2  | DEBUG | .a.s.ParticipantScoreScheduleService : Processing exercise 2436 and participant 691 to update participant scores.
    23:44:15.648 | 327 taskScheduler-2  | DEBUG | .a.s.ParticipantScoreScheduleService : Updated participant score 243.
    23:44:15.648 | 327 taskScheduler-2  | DEBUG | .a.s.ParticipantScoreScheduleService : Updating the participant score for exercise 2436 and participant 691 took 7 ms.
    23:44:15.653 | 441 ool-1-worker-205 | DEBUG | .c.s.m.InstanceMessageReceiveService : Received schedule participant score for exercise 2437 and participant 690 (result to be deleted: null)
    23:44:15.654 | 441 ool-1-worker-205 | DEBUG | .a.s.ParticipantScoreScheduleService : Scheduled task for exercise 2437 and participant 690 at 2025-02-14T23:44:15.754056466Z[Etc/UTC].
    23:44:15.666 | 329 taskScheduler-4  | DEBUG | .a.s.ParticipantScoreScheduleService : Processing exercise 2436 and participant 692 to update participant scores.
    23:44:15.669 | 441 ool-1-worker-205 | DEBUG | .c.s.m.InstanceMessageReceiveService : Received schedule participant score for exercise 2437 and participant 691 (result to be deleted: null)
    23:44:15.669 | 441 ool-1-worker-205 | DEBUG | .a.s.ParticipantScoreScheduleService : Scheduled task for exercise 2437 and participant 691 at 2025-02-14T23:44:15.769701100Z[Etc/UTC].
    23:44:15.675 | 441 ool-1-worker-205 | DEBUG | .c.s.m.InstanceMessageReceiveService : Received schedule participant score for exercise 2437 and participant 691 (result to be deleted: null)
    23:44:15.675 | 441 ool-1-worker-205 | DEBUG | .a.s.ParticipantScoreScheduleService : Scheduled task for exercise 2437 and participant 691 at 2025-02-14T23:44:15.775832093Z[Etc/UTC].
    23:44:15.677 | 329 taskScheduler-4  | DEBUG | .a.s.ParticipantScoreScheduleService : Updated participant score 244.
    23:44:15.677 | 329 taskScheduler-4  | DEBUG | .a.s.ParticipantScoreScheduleService : Updating the participant score for exercise 2436 and participant 692 took 11 ms.
    23:44:15.690 | 326 taskScheduler-1  | DEBUG | .a.s.ParticipantScoreScheduleService : Processing exercise 2437 and participant 689 to update participant scores.
    23:44:15.692 | 441 ool-1-worker-205 | DEBUG | .c.s.m.InstanceMessageReceiveService : Received schedule participant score for exercise 2437 and participant 692 (result to be deleted: null)
    23:44:15.692 | 441 ool-1-worker-205 | DEBUG | .a.s.ParticipantScoreScheduleService : Scheduled task for exercise 2437 and participant 692 at 2025-02-14T23:44:15.792334227Z[Etc/UTC].
    23:44:15.696 | 326 taskScheduler-1  | DEBUG | .a.s.ParticipantScoreScheduleService : Updated participant score 245.
    23:44:15.697 | 326 taskScheduler-1  | DEBUG | .a.s.ParticipantScoreScheduleService : Updating the participant score for exercise 2437 and participant 689 took 7 ms.
    23:44:15.698 | 441 ool-1-worker-205 | DEBUG | .c.s.m.InstanceMessageReceiveService : Received schedule participant score for exercise 2437 and participant 692 (result to be deleted: null)
    23:44:15.698 | 441 ool-1-worker-205 | DEBUG | .a.s.ParticipantScoreScheduleService : Scheduled task for exercise 2437 and participant 692 at 2025-02-14T23:44:15.798264505Z[Etc/UTC].
    23:44:15.720 | 441 ool-1-worker-205 | DEBUG | .c.s.m.InstanceMessageReceiveService : Received schedule participant score for exercise 2438 and participant 689 (result to be deleted: null)
    23:44:15.720 | 441 ool-1-worker-205 | DEBUG | .a.s.ParticipantScoreScheduleService : Scheduled task for exercise 2438 and participant 689 at 2025-02-14T23:44:15.820343558Z[Etc/UTC].
    23:44:15.726 | 441 ool-1-worker-205 | DEBUG | .c.s.m.InstanceMessageReceiveService : Received schedule participant score for exercise 2438 and participant 689 (result to be deleted: null)
    23:44:15.726 | 441 ool-1-worker-205 | DEBUG | .a.s.ParticipantScoreScheduleService : Scheduled task for exercise 2438 and participant 689 at 2025-02-14T23:44:15.826944868Z[Etc/UTC].
    23:44:15.751 | 441 ool-1-worker-205 | DEBUG | .c.s.m.InstanceMessageReceiveService : Received schedule participant score for exercise 2438 and participant 690 (result to be deleted: null)
    23:44:15.751 | 441 ool-1-worker-205 | DEBUG | .a.s.ParticipantScoreScheduleService : Scheduled task for exercise 2438 and participant 690 at 2025-02-14T23:44:15.851617929Z[Etc/UTC].
    23:44:15.754 | 328 taskScheduler-3  | DEBUG | .a.s.ParticipantScoreScheduleService : Processing exercise 2437 and participant 690 to update participant scores.
    23:44:15.758 | 441 ool-1-worker-205 | DEBUG | .c.s.m.InstanceMessageReceiveService : Received schedule participant score for exercise 2438 and participant 690 (result to be deleted: null)
    23:44:15.758 | 441 ool-1-worker-205 | DEBUG | .a.s.ParticipantScoreScheduleService : Scheduled task for exercise 2438 and participant 690 at 2025-02-14T23:44:15.858362606Z[Etc/UTC].
    23:44:15.761 | 328 taskScheduler-3  | DEBUG | .a.s.ParticipantScoreScheduleService : Updated participant score 246.
    23:44:15.764 | 328 taskScheduler-3  | DEBUG | .a.s.ParticipantScoreScheduleService : Updating the participant score for exercise 2437 and participant 690 took 10 ms.
    23:44:15.775 | 327 taskScheduler-2  | DEBUG | .a.s.ParticipantScoreScheduleService : Processing exercise 2437 and participant 691 to update participant scores.
    23:44:15.783 | 327 taskScheduler-2  | DEBUG | .a.s.ParticipantScoreScheduleService : Updated participant score 247.
    23:44:15.784 | 327 taskScheduler-2  | DEBUG | .a.s.ParticipantScoreScheduleService : Updating the participant score for exercise 2437 and participant 691 took 9 ms.
    23:44:15.786 | 441 ool-1-worker-205 | DEBUG | .c.s.m.InstanceMessageReceiveService : Received schedule participant score for exercise 2438 and participant 691 (result to be deleted: null)
    23:44:15.786 | 441 ool-1-worker-205 | DEBUG | .a.s.ParticipantScoreScheduleService : Scheduled task for exercise 2438 and participant 691 at 2025-02-14T23:44:15.886624316Z[Etc/UTC].
    23:44:15.792 | 441 ool-1-worker-205 | DEBUG | .c.s.m.InstanceMessageReceiveService : Received schedule participant score for exercise 2438 and participant 691 (result to be deleted: null)
    23:44:15.792 | 441 ool-1-worker-205 | DEBUG | .a.s.ParticipantScoreScheduleService : Scheduled task for exercise 2438 and participant 691 at 2025-02-14T23:44:15.892908464Z[Etc/UTC].
    23:44:15.798 | 329 taskScheduler-4  | DEBUG | .a.s.ParticipantScoreScheduleService : Processing exercise 2437 and participant 692 to update participant scores.
    23:44:15.807 | 329 taskScheduler-4  | DEBUG | .a.s.ParticipantScoreScheduleService : Updated participant score 248.
    23:44:15.808 | 329 taskScheduler-4  | DEBUG | .a.s.ParticipantScoreScheduleService : Updating the participant score for exercise 2437 and participant 692 took 10 ms.
    23:44:15.818 | 441 ool-1-worker-205 | DEBUG | .c.s.m.InstanceMessageReceiveService : Received schedule participant score for exercise 2438 and participant 692 (result to be deleted: null)
    23:44:15.818 | 441 ool-1-worker-205 | DEBUG | .a.s.ParticipantScoreScheduleService : Scheduled task for exercise 2438 and participant 692 at 2025-02-14T23:44:15.918562013Z[Etc/UTC].
    23:44:15.825 | 441 ool-1-worker-205 | DEBUG | .c.s.m.InstanceMessageReceiveService : Received schedule participant score for exercise 2438 and participant 692 (result to be deleted: null)
    23:44:15.825 | 441 ool-1-worker-205 | DEBUG | .a.s.ParticipantScoreScheduleService : Scheduled task for exercise 2438 and participant 692 at 2025-02-14T23:44:15.925336506Z[Etc/UTC].
    23:44:15.827 | 326 taskScheduler-1  | DEBUG | .a.s.ParticipantScoreScheduleService : Processing exercise 2438 and participant 689 to update participant scores.
    23:44:15.837 | 326 taskScheduler-1  | DEBUG | .a.s.ParticipantScoreScheduleService : Updated participant score 249.
    23:44:15.837 | 326 taskScheduler-1  | DEBUG | .a.s.ParticipantScoreScheduleService : Updating the participant score for exercise 2438 and participant 689 took 10 ms.
    23:44:15.849 | 441 ool-1-worker-205 | DEBUG | .c.s.m.InstanceMessageReceiveService : Received schedule participant score for exercise 2439 and participant 689 (result to be deleted: null)
    23:44:15.849 | 441 ool-1-worker-205 | DEBUG | .a.s.ParticipantScoreScheduleService : Scheduled task for exercise 2439 and participant 689 at 2025-02-14T23:44:15.949572592Z[Etc/UTC].
    23:44:15.855 | 441 ool-1-worker-205 | DEBUG | .c.s.m.InstanceMessageReceiveService : Received schedule participant score for exercise 2439 and participant 689 (result to be deleted: null)
    23:44:15.855 | 441 ool-1-worker-205 | DEBUG | .a.s.ParticipantScoreScheduleService : Scheduled task for exercise 2439 and participant 689 at 2025-02-14T23:44:15.955273373Z[Etc/UTC].
    23:44:15.859 | 328 taskScheduler-3  | DEBUG | .a.s.ParticipantScoreScheduleService : Processing exercise 2438 and participant 690 to update participant scores.
    23:44:15.866 | 328 taskScheduler-3  | DEBUG | .a.s.ParticipantScoreScheduleService : Updated participant score 250.
    23:44:15.869 | 328 taskScheduler-3  | DEBUG | .a.s.ParticipantScoreScheduleService : Updating the participant score for exercise 2438 and participant 690 took 10 ms.
    23:44:15.879 | 441 ool-1-worker-205 | DEBUG | .c.s.m.InstanceMessageReceiveService : Received schedule participant score for exercise 2439 and participant 690 (result to be deleted: null)
    23:44:15.879 | 441 ool-1-worker-205 | DEBUG | .a.s.ParticipantScoreScheduleService : Scheduled task for exercise 2439 and participant 690 at 2025-02-14T23:44:15.979222112Z[Etc/UTC].
    23:44:15.885 | 441 ool-1-worker-205 | DEBUG | .c.s.m.InstanceMessageReceiveService : Received schedule participant score for exercise 2439 and participant 690 (result to be deleted: null)
    23:44:15.885 | 441 ool-1-worker-205 | DEBUG | .a.s.ParticipantScoreScheduleService : Scheduled task for exercise 2439 and participant 690 at 2025-02-14T23:44:15.985318230Z[Etc/UTC].
    23:44:15.892 | 327 taskScheduler-2  | DEBUG | .a.s.ParticipantScoreScheduleService : Processing exercise 2438 and participant 691 to update participant scores.
    23:44:15.898 | 327 taskScheduler-2  | DEBUG | .a.s.ParticipantScoreScheduleService : Updated participant score 251.
    23:44:15.900 | 327 taskScheduler-2  | DEBUG | .a.s.ParticipantScoreScheduleService : Updating the participant score for exercise 2438 and participant 691 took 8 ms.
    23:44:15.911 | 441 ool-1-worker-205 | DEBUG | .c.s.m.InstanceMessageReceiveService : Received schedule participant score for exercise 2439 and participant 691 (result to be deleted: null)
    23:44:15.911 | 441 ool-1-worker-205 | DEBUG | .a.s.ParticipantScoreScheduleService : Scheduled task for exercise 2439 and participant 691 at 2025-02-14T23:44:16.011634936Z[Etc/UTC].
    23:44:15.917 | 441 ool-1-worker-205 | DEBUG | .c.s.m.InstanceMessageReceiveService : Received schedule participant score for exercise 2439 and participant 691 (result to be deleted: null)
    23:44:15.917 | 441 ool-1-worker-205 | DEBUG | .a.s.ParticipantScoreScheduleService : Scheduled task for exercise 2439 and participant 691 at 2025-02-14T23:44:16.017399656Z[Etc/UTC].
    23:44:15.925 | 329 taskScheduler-4  | DEBUG | .a.s.ParticipantScoreScheduleService : Processing exercise 2438 and participant 692 to update participant scores.
    23:44:15.930 | 329 taskScheduler-4  | DEBUG | .a.s.ParticipantScoreScheduleService : Updated participant score 252.
    23:44:15.930 | 329 taskScheduler-4  | DEBUG | .a.s.ParticipantScoreScheduleService : Updating the participant score for exercise 2438 and participant 692 took 5 ms.
    23:44:15.942 | 441 ool-1-worker-205 | DEBUG | .c.s.m.InstanceMessageReceiveService : Received schedule participant score for exercise 2439 and participant 692 (result to be deleted: null)
    23:44:15.943 | 441 ool-1-worker-205 | DEBUG | .a.s.ParticipantScoreScheduleService : Scheduled task for exercise 2439 and participant 692 at 2025-02-14T23:44:16.043017528Z[Etc/UTC].
    23:44:15.948 | 441 ool-1-worker-205 | DEBUG | .c.s.m.InstanceMessageReceiveService : Received schedule participant score for exercise 2439 and participant 692 (result to be deleted: null)
    23:44:15.949 | 441 ool-1-worker-205 | DEBUG | .a.s.ParticipantScoreScheduleService : Scheduled task for exercise 2439 and participant 692 at 2025-02-14T23:44:16.049010564Z[Etc/UTC].
    23:44:15.955 | 326 taskScheduler-1  | DEBUG | .a.s.ParticipantScoreScheduleService : Processing exercise 2439 and participant 689 to update participant scores.
    23:44:15.964 | 326 taskScheduler-1  | DEBUG | .a.s.ParticipantScoreScheduleService : Updated participant score 253.
    23:44:15.964 | 326 taskScheduler-1  | DEBUG | .a.s.ParticipantScoreScheduleService : Updating the participant score for exercise 2439 and participant 689 took 9 ms.
    23:44:15.972 | 441 ool-1-worker-205 | DEBUG | .c.s.m.InstanceMessageReceiveService : Received schedule participant score for exercise 2440 and participant 689 (result to be deleted: null)
    23:44:15.972 | 441 ool-1-worker-205 | DEBUG | .a.s.ParticipantScoreScheduleService : Scheduled task for exercise 2440 and participant 689 at 2025-02-14T23:44:16.072374713Z[Etc/UTC].
    23:44:15.976 | 441 ool-1-worker-205 | DEBUG | .c.s.m.InstanceMessageReceiveService : Received schedule participant score for exercise 2440 and participant 689 (result to be deleted: null)
    23:44:15.976 | 441 ool-1-worker-205 | DEBUG | .a.s.ParticipantScoreScheduleService : Scheduled task for exercise 2440 and participant 689 at 2025-02-14T23:44:16.076586558Z[Etc/UTC].
    23:44:15.985 | 328 taskScheduler-3  | DEBUG | .a.s.ParticipantScoreScheduleService : Processing exercise 2439 and participant 690 to update participant scores.
    23:44:15.989 | 328 taskScheduler-3  | DEBUG | .a.s.ParticipantScoreScheduleService : Updated participant score 254.
    23:44:15.990 | 328 taskScheduler-3  | DEBUG | .a.s.ParticipantScoreScheduleService : Updating the participant score for exercise 2439 and participant 690 took 5 ms.
    23:44:15.996 | 441 ool-1-worker-205 | DEBUG | .c.s.m.InstanceMessageReceiveService : Received schedule participant score for exercise 2440 and participant 690 (result to be deleted: null)
    23:44:15.996 | 441 ool-1-worker-205 | DEBUG | .a.s.ParticipantScoreScheduleService : Scheduled task for exercise 2440 and participant 690 at 2025-02-14T23:44:16.096335618Z[Etc/UTC].
    23:44:16.002 | 441 ool-1-worker-205 | DEBUG | .c.s.m.InstanceMessageReceiveService : Received schedule participant score for exercise 2440 and participant 690 (result to be deleted: null)
    23:44:16.002 | 441 ool-1-worker-205 | DEBUG | .a.s.ParticipantScoreScheduleService : Scheduled task for exercise 2440 and participant 690 at 2025-02-14T23:44:16.102411649Z[Etc/UTC].
    23:44:16.017 | 327 taskScheduler-2  | DEBUG | .a.s.ParticipantScoreScheduleService : Processing exercise 2439 and participant 691 to update participant scores.
    23:44:16.017 | 441 ool-1-worker-205 | DEBUG | .c.s.m.InstanceMessageReceiveService : Received schedule participant score for exercise 2440 and participant 691 (result to be deleted: null)
    23:44:16.017 | 441 ool-1-worker-205 | DEBUG | .a.s.ParticipantScoreScheduleService : Scheduled task for exercise 2440 and participant 691 at 2025-02-14T23:44:16.117934115Z[Etc/UTC].
    23:44:16.021 | 327 taskScheduler-2  | DEBUG | .a.s.ParticipantScoreScheduleService : Updated participant score 255.
    23:44:16.022 | 327 taskScheduler-2  | DEBUG | .a.s.ParticipantScoreScheduleService : Updating the participant score for exercise 2439 and participant 691 took 5 ms.
    23:44:16.024 | 441 ool-1-worker-205 | DEBUG | .c.s.m.InstanceMessageReceiveService : Received schedule participant score for exercise 2440 and participant 691 (result to be deleted: null)
    23:44:16.024 | 441 ool-1-worker-205 | DEBUG | .a.s.ParticipantScoreScheduleService : Scheduled task for exercise 2440 and participant 691 at 2025-02-14T23:44:16.124161568Z[Etc/UTC].
    23:44:16.039 | 441 ool-1-worker-205 | DEBUG | .c.s.m.InstanceMessageReceiveService : Received schedule participant score for exercise 2440 and participant 692 (result to be deleted: null)
    23:44:16.039 | 441 ool-1-worker-205 | DEBUG | .a.s.ParticipantScoreScheduleService : Scheduled task for exercise 2440 and participant 692 at 2025-02-14T23:44:16.139567066Z[Etc/UTC].
    23:44:16.045 | 441 ool-1-worker-205 | DEBUG | .c.s.m.InstanceMessageReceiveService : Received schedule participant score for exercise 2440 and participant 692 (result to be deleted: null)
    23:44:16.045 | 441 ool-1-worker-205 | DEBUG | .a.s.ParticipantScoreScheduleService : Scheduled task for exercise 2440 and participant 692 at 2025-02-14T23:44:16.145376800Z[Etc/UTC].
    23:44:16.049 | 329 taskScheduler-4  | DEBUG | .a.s.ParticipantScoreScheduleService : Processing exercise 2439 and participant 692 to update participant scores.
    23:44:16.060 | 329 taskScheduler-4  | DEBUG | .a.s.ParticipantScoreScheduleService : Updated participant score 256.
    23:44:16.060 | 329 taskScheduler-4  | DEBUG | .a.s.ParticipantScoreScheduleService : Updating the participant score for exercise 2439 and participant 692 took 11 ms.
    23:44:16.073 | 441 ool-1-worker-205 | DEBUG | .c.s.m.InstanceMessageReceiveService : Received schedule participant score for exercise 2441 and participant 689 (result to be deleted: null)
    23:44:16.073 | 441 ool-1-worker-205 | DEBUG | .a.s.ParticipantScoreScheduleService : Scheduled task for exercise 2441 and participant 689 at 2025-02-14T23:44:16.173652689Z[Etc/UTC].
    23:44:16.076 | 326 taskScheduler-1  | DEBUG | .a.s.ParticipantScoreScheduleService : Processing exercise 2440 and participant 689 to update participant scores.
    23:44:16.081 | 441 ool-1-worker-205 | DEBUG | .c.s.m.InstanceMessageReceiveService : Received schedule participant score for exercise 2441 and participant 689 (result to be deleted: null)
    23:44:16.081 | 441 ool-1-worker-205 | DEBUG | .a.s.ParticipantScoreScheduleService : Scheduled task for exercise 2441 and participant 689 at 2025-02-14T23:44:16.181246370Z[Etc/UTC].
    23:44:16.087 | 326 taskScheduler-1  | DEBUG | .a.s.ParticipantScoreScheduleService : Updated participant score 257.
    23:44:16.088 | 326 taskScheduler-1  | DEBUG | .a.s.ParticipantScoreScheduleService : Updating the participant score for exercise 2440 and participant 689 took 12 ms.
    23:44:16.102 | 328 taskScheduler-3  | DEBUG | .a.s.ParticipantScoreScheduleService : Processing exercise 2440 and participant 690 to update participant scores.
    23:44:16.107 | 328 taskScheduler-3  | DEBUG | .a.s.ParticipantScoreScheduleService : Updated participant score 258.
    23:44:16.109 | 441 ool-1-worker-205 | DEBUG | .c.s.m.InstanceMessageReceiveService : Received schedule participant score for exercise 2441 and participant 690 (result to be deleted: null)
    23:44:16.109 | 441 ool-1-worker-205 | DEBUG | .a.s.ParticipantScoreScheduleService : Scheduled task for exercise 2441 and participant 690 at 2025-02-14T23:44:16.209599312Z[Etc/UTC].
    23:44:16.109 | 328 taskScheduler-3  | DEBUG | .a.s.ParticipantScoreScheduleService : Updating the participant score for exercise 2440 and participant 690 took 7 ms.
    23:44:16.115 | 441 ool-1-worker-205 | DEBUG | .c.s.m.InstanceMessageReceiveService : Received schedule participant score for exercise 2441 and participant 690 (result to be deleted: null)
    23:44:16.115 | 441 ool-1-worker-205 | DEBUG | .a.s.ParticipantScoreScheduleService : Scheduled task for exercise 2441 and participant 690 at 2025-02-14T23:44:16.215761935Z[Etc/UTC].
    23:44:16.124 | 327 taskScheduler-2  | DEBUG | .a.s.ParticipantScoreScheduleService : Processing exercise 2440 and participant 691 to update participant scores.
    23:44:16.129 | 327 taskScheduler-2  | DEBUG | .a.s.ParticipantScoreScheduleService : Updated participant score 259.
    23:44:16.129 | 327 taskScheduler-2  | DEBUG | .a.s.ParticipantScoreScheduleService : Updating the participant score for exercise 2440 and participant 691 took 5 ms.
    23:44:16.145 | 329 taskScheduler-4  | DEBUG | .a.s.ParticipantScoreScheduleService : Processing exercise 2440 and participant 692 to update participant scores.
    23:44:16.148 | 441 ool-1-worker-205 | DEBUG | .c.s.m.InstanceMessageReceiveService : Received schedule participant score for exercise 2441 and participant 691 (result to be deleted: null)
    23:44:16.148 | 441 ool-1-worker-205 | DEBUG | .a.s.ParticipantScoreScheduleService : Scheduled task for exercise 2441 and participant 691 at 2025-02-14T23:44:16.248742306Z[Etc/UTC].
    23:44:16.155 | 329 taskScheduler-4  | DEBUG | .a.s.ParticipantScoreScheduleService : Updated participant score 260.
    23:44:16.156 | 329 taskScheduler-4  | DEBUG | .a.s.ParticipantScoreScheduleService : Updating the participant score for exercise 2440 and participant 692 took 11 ms.
    23:44:16.161 | 441 ool-1-worker-205 | DEBUG | .c.s.m.InstanceMessageReceiveService : Received schedule participant score for exercise 2441 and participant 691 (result to be deleted: null)
    23:44:16.161 | 441 ool-1-worker-205 | DEBUG | .a.s.ParticipantScoreScheduleService : Scheduled task for exercise 2441 and participant 691 at 2025-02-14T23:44:16.261132792Z[Etc/UTC].
    23:44:16.181 | 326 taskScheduler-1  | DEBUG | .a.s.ParticipantScoreScheduleService : Processing exercise 2441 and participant 689 to update participant scores.
    23:44:16.188 | 326 taskScheduler-1  | DEBUG | .a.s.ParticipantScoreScheduleService : Updated participant score 261.
    23:44:16.190 | 326 taskScheduler-1  | DEBUG | .a.s.ParticipantScoreScheduleService : Updating the participant score for exercise 2441 and participant 689 took 9 ms.
    23:44:16.203 | 441 ool-1-worker-205 | DEBUG | .c.s.m.InstanceMessageReceiveService : Received schedule participant score for exercise 2441 and participant 692 (result to be deleted: null)
    23:44:16.203 | 441 ool-1-worker-205 | DEBUG | .a.s.ParticipantScoreScheduleService : Scheduled task for exercise 2441 and participant 692 at 2025-02-14T23:44:16.303293974Z[Etc/UTC].
    23:44:16.215 | 328 taskScheduler-3  | DEBUG | .a.s.ParticipantScoreScheduleService : Processing exercise 2441 and participant 690 to update participant scores.
    23:44:16.217 | 441 ool-1-worker-205 | DEBUG | .c.s.m.InstanceMessageReceiveService : Received schedule participant score for exercise 2441 and participant 692 (result to be deleted: null)
    23:44:16.217 | 441 ool-1-worker-205 | DEBUG | .a.s.ParticipantScoreScheduleService : Scheduled task for exercise 2441 and participant 692 at 2025-02-14T23:44:16.317559457Z[Etc/UTC].
    23:44:16.218 | 441 ool-1-worker-205 | DEBUG | d.t.c.a.a.c.s.f.ApiVersionFilter     : Adding Version to Request GET /api/courses/740/stats-for-assessment-dashboard
    23:44:16.220 | 328 taskScheduler-3  | DEBUG | .a.s.ParticipantScoreScheduleService : Updated participant score 262.
    23:44:16.220 | 328 taskScheduler-3  | DEBUG | .a.s.ParticipantScoreScheduleService : Updating the participant score for exercise 2441 and participant 690 took 5 ms.
    23:44:16.261 | 327 taskScheduler-2  | DEBUG | .a.s.ParticipantScoreScheduleService : Processing exercise 2441 and participant 691 to update participant scores.
    23:44:16.270 | 327 taskScheduler-2  | DEBUG | .a.s.ParticipantScoreScheduleService : Updated participant score 263.
    23:44:16.271 | 327 taskScheduler-2  | DEBUG | .a.s.ParticipantScoreScheduleService : Updating the participant score for exercise 2441 and participant 691 took 10 ms.

  Starting logs for CourseGitlabJenkinsIntegrationTest > testGetCourse_tutorNotInCourse()
    23:44:16.314 | 441 ool-1-worker-205 | DEBUG | d.t.c.a.a.c.u.util.UserUtilService   : Generate 8 students...
    23:44:16.326 | 441 ool-1-worker-205 | DEBUG | d.t.c.a.a.c.u.util.UserUtilService   : 8 students generated. Generate 5 tutors...
    23:44:16.333 | 441 ool-1-worker-205 | DEBUG | d.t.c.a.a.c.u.util.UserUtilService   : 5 tutors generated. Generate 1 editors...
    23:44:16.336 | 441 ool-1-worker-205 | DEBUG | d.t.c.a.a.c.u.util.UserUtilService   : 1 editors generated. Generate 1 instructors...
    23:44:16.338 | 441 ool-1-worker-205 | DEBUG | d.t.c.a.a.c.u.util.UserUtilService   : 1 instructors generated
    23:44:16.340 | 441 ool-1-worker-205 | DEBUG | d.t.c.a.a.c.u.util.UserUtilService   : Removing 16 users from all courses...
    23:44:16.342 | 441 ool-1-worker-205 | DEBUG | d.t.c.a.a.c.u.util.UserUtilService   : Removing 16 users from all courses. Done
    23:44:16.342 | 441 ool-1-worker-205 | DEBUG | d.t.c.a.a.c.u.util.UserUtilService   : Save 15 users to database...
    23:44:16.351 | 441 ool-1-worker-205 | DEBUG | d.t.c.a.a.c.u.util.UserUtilService   : Save 15 users to database. Done
    23:44:16.361 | 441 ool-1-worker-205 | INFO  | i.z.t.d.l.EmbeddedDatabaseReporter   : JDBC URL to connect to 'dataSource': url='jdbc:h2:tcp://localhost:41063/mem:736625c0-cf5e-400d-aeaa-8a7eabd6262b;USER=sa', scope='CourseGitlabJenkinsIntegrationTest#testGetCourse_tutorNotInCourse'
    23:44:16.363 | 441 ool-1-worker-205 | DEBUG | d.t.c.a.a.c.s.f.ApiVersionFilter     : Adding Version to Request GET /api/courses/741
    23:44:16.364 | 441 ool-1-worker-205 | DEBUG | d.t.c.a.a.core.web.CourseResource    : REST request to get course 741 for students
    23:44:16.366 | 441 ool-1-worker-205 | WARN  | o.z.p.spring.common.AdviceTraits     : Forbidden: You are not allowed to access the Course with id 741
    23:44:16.368 | 441 ool-1-worker-205 | DEBUG | d.t.c.a.a.c.s.f.ApiVersionFilter     : Adding Version to Request GET /api/courses/741/with-exercises
    23:44:16.369 | 441 ool-1-worker-205 | DEBUG | d.t.c.a.a.core.web.CourseResource    : REST request to get course 741 for tutors
    23:44:16.372 | 441 ool-1-worker-205 | WARN  | o.z.p.spring.common.AdviceTraits     : Forbidden: You are not allowed to access the Course with id 741

  Starting logs for CourseGitlabJenkinsIntegrationTest > testGetAllCoursesForManagementOverview()
    23:44:16.388 | 441 ool-1-worker-205 | DEBUG | d.t.c.a.a.c.u.util.UserUtilService   : Generate 8 students...
    23:44:16.399 | 441 ool-1-worker-205 | DEBUG | d.t.c.a.a.c.u.util.UserUtilService   : 8 students generated. Generate 5 tutors...
    23:44:16.407 | 441 ool-1-worker-205 | DEBUG | d.t.c.a.a.c.u.util.UserUtilService   : 5 tutors generated. Generate 1 editors...
    23:44:16.410 | 441 ool-1-worker-205 | DEBUG | d.t.c.a.a.c.u.util.UserUtilService   : 1 editors generated. Generate 1 instructors...
    23:44:16.412 | 441 ool-1-worker-205 | DEBUG | d.t.c.a.a.c.u.util.UserUtilService   : 1 instructors generated
    23:44:16.414 | 441 ool-1-worker-205 | DEBUG | d.t.c.a.a.c.u.util.UserUtilService   : Removing 16 users from all courses...
    23:44:16.416 | 441 ool-1-worker-205 | DEBUG | d.t.c.a.a.c.u.util.UserUtilService   : Removing 16 users from all courses. Done
    23:44:16.416 | 441 ool-1-worker-205 | DEBUG | d.t.c.a.a.c.u.util.UserUtilService   : Save 15 users to database...
    23:44:16.426 | 441 ool-1-worker-205 | DEBUG | d.t.c.a.a.c.u.util.UserUtilService   : Save 15 users to database. Done
    23:44:16.438 | 441 ool-1-worker-205 | INFO  | i.z.t.d.l.EmbeddedDatabaseReporter   : JDBC URL to connect to 'dataSource': url='jdbc:h2:tcp://localhost:41063/mem:736625c0-cf5e-400d-aeaa-8a7eabd6262b;USER=sa', scope='CourseGitlabJenkinsIntegrationTest#testGetAllCoursesForManagementOverview'
    23:44:16.469 | 441 ool-1-worker-205 | DEBUG | d.t.c.a.a.c.s.f.ApiVersionFilter     : Adding Version to Request GET /api/courses/course-management-overview

  Starting logs for CourseGitlabJenkinsIntegrationTest > searchUsersInCourse_searchForAllTutors_shouldReturnAllTutorsAndEditors()
    23:44:16.491 | 441 ool-1-worker-205 | DEBUG | d.t.c.a.a.c.u.util.UserUtilService   : Generate 8 students...
    23:44:16.502 | 441 ool-1-worker-205 | DEBUG | d.t.c.a.a.c.u.util.UserUtilService   : 8 students generated. Generate 5 tutors...
    23:44:16.510 | 441 ool-1-worker-205 | DEBUG | d.t.c.a.a.c.u.util.UserUtilService   : 5 tutors generated. Generate 1 editors...
    23:44:16.513 | 441 ool-1-worker-205 | DEBUG | d.t.c.a.a.c.u.util.UserUtilService   : 1 editors generated. Generate 1 instructors...
    23:44:16.515 | 441 ool-1-worker-205 | DEBUG | d.t.c.a.a.c.u.util.UserUtilService   : 1 instructors generated
    23:44:16.517 | 441 ool-1-worker-205 | DEBUG | d.t.c.a.a.c.u.util.UserUtilService   : Removing 16 users from all courses...
    23:44:16.519 | 441 ool-1-worker-205 | DEBUG | d.t.c.a.a.c.u.util.UserUtilService   : Removing 16 users from all courses. Done
    23:44:16.519 | 441 ool-1-worker-205 | DEBUG | d.t.c.a.a.c.u.util.UserUtilService   : Save 15 users to database...
    23:44:16.557 | 441 ool-1-worker-205 | DEBUG | d.t.c.a.a.c.u.util.UserUtilService   : Save 15 users to database. Done
    23:44:16.569 | 441 ool-1-worker-205 | INFO  | i.z.t.d.l.EmbeddedDatabaseReporter   : JDBC URL to connect to 'dataSource': url='jdbc:h2:tcp://localhost:41063/mem:736625c0-cf5e-400d-aeaa-8a7eabd6262b;USER=sa', scope='CourseGitlabJenkinsIntegrationTest#searchUsersInCourse_searchForAllTutors_shouldReturnAllTutorsAndEditors'
    23:44:16.590 | 441 ool-1-worker-205 | DEBUG | d.t.c.a.a.c.s.f.ApiVersionFilter     : Adding Version to Request GET /api/courses/744/users/search
    23:44:16.591 | 441 ool-1-worker-205 | DEBUG | d.t.c.a.a.core.web.CourseResource    : REST request to search users in course : 744 with login or name : 

  Starting logs for CourseGitlabJenkinsIntegrationTest > testArchiveCourseAsTutor_forbidden()
    23:44:16.630 | 441 ool-1-worker-205 | DEBUG | d.t.c.a.a.c.u.util.UserUtilService   : Generate 8 students...
    23:44:16.642 | 441 ool-1-worker-205 | DEBUG | d.t.c.a.a.c.u.util.UserUtilService   : 8 students generated. Generate 5 tutors...
    23:44:16.652 | 441 ool-1-worker-205 | DEBUG | d.t.c.a.a.c.u.util.UserUtilService   : 5 tutors generated. Generate 1 editors...
    23:44:16.660 | 441 ool-1-worker-205 | DEBUG | d.t.c.a.a.c.u.util.UserUtilService   : 1 editors generated. Generate 1 instructors...
    23:44:16.662 | 441 ool-1-worker-205 | DEBUG | d.t.c.a.a.c.u.util.UserUtilService   : 1 instructors generated
    23:44:16.667 | 441 ool-1-worker-205 | DEBUG | d.t.c.a.a.c.u.util.UserUtilService   : Removing 16 users from all courses...
    23:44:16.669 | 441 ool-1-worker-205 | DEBUG | d.t.c.a.a.c.u.util.UserUtilService   : Removing 16 users from all courses. Done
    23:44:16.669 | 441 ool-1-worker-205 | DEBUG | d.t.c.a.a.c.u.util.UserUtilService   : Save 15 users to database...
    23:44:16.684 | 441 ool-1-worker-205 | DEBUG | d.t.c.a.a.c.u.util.UserUtilService   : Save 15 users to database. Done
    23:44:16.696 | 441 ool-1-worker-205 | INFO  | i.z.t.d.l.EmbeddedDatabaseReporter   : JDBC URL to connect to 'dataSource': url='jdbc:h2:tcp://localhost:41063/mem:736625c0-cf5e-400d-aeaa-8a7eabd6262b;USER=sa', scope='CourseGitlabJenkinsIntegrationTest#testArchiveCourseAsTutor_forbidden'
    23:44:16.697 | 441 ool-1-worker-205 | DEBUG | d.t.c.a.a.c.s.f.ApiVersionFilter     : Adding Version to Request PUT /api/courses/1/archive
    23:44:16.699 | 441 ool-1-worker-205 | WARN  | o.z.p.spring.common.AdviceTraits     : Forbidden: Access Denied

  Starting logs for CourseGitlabJenkinsIntegrationTest > searchUsersInCourse_searchForStudentsAndTooShortSearchTerm_shouldReturnBadRequest()
    23:44:16.715 | 441 ool-1-worker-205 | DEBUG | d.t.c.a.a.c.u.util.UserUtilService   : Generate 8 students...
    23:44:16.726 | 441 ool-1-worker-205 | DEBUG | d.t.c.a.a.c.u.util.UserUtilService   : 8 students generated. Generate 5 tutors...
    23:44:16.734 | 441 ool-1-worker-205 | DEBUG | d.t.c.a.a.c.u.util.UserUtilService   : 5 tutors generated. Generate 1 editors...
    23:44:16.736 | 441 ool-1-worker-205 | DEBUG | d.t.c.a.a.c.u.util.UserUtilService   : 1 editors generated. Generate 1 instructors...
    23:44:16.740 | 441 ool-1-worker-205 | DEBUG | d.t.c.a.a.c.u.util.UserUtilService   : 1 instructors generated
    23:44:16.743 | 441 ool-1-worker-205 | DEBUG | d.t.c.a.a.c.u.util.UserUtilService   : Removing 16 users from all courses...
    23:44:16.745 | 441 ool-1-worker-205 | DEBUG | d.t.c.a.a.c.u.util.UserUtilService   : Removing 16 users from all courses. Done
    23:44:16.745 | 441 ool-1-worker-205 | DEBUG | d.t.c.a.a.c.u.util.UserUtilService   : Save 15 users to database...
    23:44:16.754 | 441 ool-1-worker-205 | DEBUG | d.t.c.a.a.c.u.util.UserUtilService   : Save 15 users to database. Done
    23:44:16.762 | 441 ool-1-worker-205 | INFO  | i.z.t.d.l.EmbeddedDatabaseReporter   : JDBC URL to connect to 'dataSource': url='jdbc:h2:tcp://localhost:41063/mem:736625c0-cf5e-400d-aeaa-8a7eabd6262b;USER=sa', scope='CourseGitlabJenkinsIntegrationTest#searchUsersInCourse_searchForStudentsAndTooShortSearchTerm_shouldReturnBadRequest'
    23:44:16.783 | 441 ool-1-worker-205 | DEBUG | d.t.c.a.a.c.s.f.ApiVersionFilter     : Adding Version to Request GET /api/courses/745/users/search
    23:44:16.783 | 441 ool-1-worker-205 | DEBUG | d.t.c.a.a.core.web.CourseResource    : REST request to search users in course : 745 with login or name : st
    23:44:16.785 | 441 ool-1-worker-205 | WARN  | o.z.p.spring.common.AdviceTraits     : Bad Request: 400 BAD_REQUEST "Query param 'loginOrName' must be three characters or longer if you search for students."

  Starting logs for CourseGitlabJenkinsIntegrationTest > testGetCategoriesInCourse()
    23:44:16.803 | 441 ool-1-worker-205 | DEBUG | d.t.c.a.a.c.u.util.UserUtilService   : Generate 8 students...
    23:44:16.815 | 441 ool-1-worker-205 | DEBUG | d.t.c.a.a.c.u.util.UserUtilService   : 8 students generated. Generate 5 tutors...
    23:44:16.822 | 441 ool-1-worker-205 | DEBUG | d.t.c.a.a.c.u.util.UserUtilService   : 5 tutors generated. Generate 1 editors...
    23:44:16.825 | 441 ool-1-worker-205 | DEBUG | d.t.c.a.a.c.u.util.UserUtilService   : 1 editors generated. Generate 1 instructors...
    23:44:16.828 | 441 ool-1-worker-205 | DEBUG | d.t.c.a.a.c.u.util.UserUtilService   : 1 instructors generated
    23:44:16.829 | 441 ool-1-worker-205 | DEBUG | d.t.c.a.a.c.u.util.UserUtilService   : Removing 16 users from all courses...
    23:44:16.831 | 441 ool-1-worker-205 | DEBUG | d.t.c.a.a.c.u.util.UserUtilService   : Removing 16 users from all courses. Done
    23:44:16.831 | 441 ool-1-worker-205 | DEBUG | d.t.c.a.a.c.u.util.UserUtilService   : Save 15 users to database...
    23:44:16.839 | 441 ool-1-worker-205 | DEBUG | d.t.c.a.a.c.u.util.UserUtilService   : Save 15 users to database. Done
    23:44:16.850 | 441 ool-1-worker-205 | INFO  | i.z.t.d.l.EmbeddedDatabaseReporter   : JDBC URL to connect to 'dataSource': url='jdbc:h2:tcp://localhost:41063/mem:736625c0-cf5e-400d-aeaa-8a7eabd6262b;USER=sa', scope='CourseGitlabJenkinsIntegrationTest#testGetCategoriesInCourse'
    23:44:16.869 | 441 ool-1-worker-205 | DEBUG | d.t.c.a.a.c.s.f.ApiVersionFilter     : Adding Version to Request GET /api/courses/746/categories
    23:44:16.870 | 441 ool-1-worker-205 | DEBUG | d.t.c.a.a.core.web.CourseResource    : REST request to get categories of Course : 746
    23:44:16.874 | 441 ool-1-worker-205 | DEBUG | d.t.c.a.a.c.s.f.ApiVersionFilter     : Adding Version to Request GET /api/courses/747/categories
    23:44:16.874 | 441 ool-1-worker-205 | DEBUG | d.t.c.a.a.core.web.CourseResource    : REST request to get categories of Course : 747

  Starting logs for CourseGitlabJenkinsIntegrationTest > testUpdateCourseRemoveOnlineCourseConfiguration()
    23:44:16.889 | 441 ool-1-worker-205 | DEBUG | d.t.c.a.a.c.u.util.UserUtilService   : Generate 8 students...
    23:44:16.900 | 441 ool-1-worker-205 | DEBUG | d.t.c.a.a.c.u.util.UserUtilService   : 8 students generated. Generate 5 tutors...
    23:44:16.907 | 441 ool-1-worker-205 | DEBUG | d.t.c.a.a.c.u.util.UserUtilService   : 5 tutors generated. Generate 1 editors...
    23:44:16.910 | 441 ool-1-worker-205 | DEBUG | d.t.c.a.a.c.u.util.UserUtilService   : 1 editors generated. Generate 1 instructors...
    23:44:16.912 | 441 ool-1-worker-205 | DEBUG | d.t.c.a.a.c.u.util.UserUtilService   : 1 instructors generated
    23:44:16.914 | 441 ool-1-worker-205 | DEBUG | d.t.c.a.a.c.u.util.UserUtilService   : Removing 16 users from all courses...
    23:44:16.916 | 441 ool-1-worker-205 | DEBUG | d.t.c.a.a.c.u.util.UserUtilService   : Removing 16 users from all courses. Done
    23:44:16.916 | 441 ool-1-worker-205 | DEBUG | d.t.c.a.a.c.u.util.UserUtilService   : Save 15 users to database...
    23:44:16.924 | 441 ool-1-worker-205 | DEBUG | d.t.c.a.a.c.u.util.UserUtilService   : Save 15 users to database. Done
    23:44:16.934 | 441 ool-1-worker-205 | INFO  | i.z.t.d.l.EmbeddedDatabaseReporter   : JDBC URL to connect to 'dataSource': url='jdbc:h2:tcp://localhost:41063/mem:736625c0-cf5e-400d-aeaa-8a7eabd6262b;USER=sa', scope='CourseGitlabJenkinsIntegrationTest#testUpdateCourseRemoveOnlineCourseConfiguration'
    23:44:16.935 | 441 ool-1-worker-205 | DEBUG | d.t.c.a.a.c.s.f.ApiVersionFilter     : Adding Version to Request POST /api/admin/courses
    23:44:16.936 | 441 ool-1-worker-205 | DEBUG | d.t.c.a.a.c.w.a.AdminCourseResource  : REST request to save Course : Course{id=null, title='Course title 9d868231-1864-4ade-a87e-b0e7f6a5e6fe', description='null', shortName='short8c6a5e85013c80496d0853b073909565533b', studentGroupName='student', teachingAssistantGroupName='tutor', editorGroupName='editor', instructorGroupName='instructor', startDate='2025-02-13T23:44:16.934843787Z', endDate='2025-02-14T23:44:16.934845380Z', enrollmentStartDate='null', enrollmentEndDate='null', unenrollmentEndDate='null', semester='null'', onlineCourse='true', color='null', courseIcon='null', enrollmentEnabled='false', unenrollmentEnabled='false', presentationScore='2', faqEnabled='false'}
    23:44:16.942 | 441 ool-1-worker-205 | DEBUG | d.t.c.a.a.c.s.f.ApiVersionFilter     : Adding Version to Request PUT /api/courses/748
    23:44:16.943 | 441 ool-1-worker-205 | DEBUG | d.t.c.a.a.core.web.CourseResource    : REST request to update Course : Course{id=748, title='Course title 9d868231-1864-4ade-a87e-b0e7f6a5e6fe', description='null', shortName='short8c6a5e85013c80496d0853b073909565533b', studentGroupName='student', teachingAssistantGroupName='tutor', editorGroupName='editor', instructorGroupName='instructor', startDate='2025-02-13T23:44:16.934843787Z', endDate='2025-02-14T23:44:16.934845380Z', enrollmentStartDate='null', enrollmentEndDate='null', unenrollmentEndDate='null', semester='null'', onlineCourse='false', color='null', courseIcon='null', enrollmentEnabled='false', unenrollmentEnabled='false', presentationScore='2', faqEnabled='false'}

  Starting logs for CourseGitlabJenkinsIntegrationTest > testUpdateCourseGroups_InExternalCiUserManagement_failToRemoveUser()
    23:44:16.969 | 441 ool-1-worker-205 | DEBUG | d.t.c.a.a.c.u.util.UserUtilService   : Generate 8 students...
    23:44:16.983 | 441 ool-1-worker-205 | DEBUG | d.t.c.a.a.c.u.util.UserUtilService   : 8 students generated. Generate 5 tutors...
    23:44:16.990 | 441 ool-1-worker-205 | DEBUG | d.t.c.a.a.c.u.util.UserUtilService   : 5 tutors generated. Generate 1 editors...
    23:44:16.992 | 441 ool-1-worker-205 | DEBUG | d.t.c.a.a.c.u.util.UserUtilService   : 1 editors generated. Generate 1 instructors...
    23:44:16.994 | 441 ool-1-worker-205 | DEBUG | d.t.c.a.a.c.u.util.UserUtilService   : 1 instructors generated
    23:44:16.995 | 441 ool-1-worker-205 | DEBUG | d.t.c.a.a.c.u.util.UserUtilService   : Removing 16 users from all courses...
    23:44:16.997 | 441 ool-1-worker-205 | DEBUG | d.t.c.a.a.c.u.util.UserUtilService   : Removing 16 users from all courses. Done
    23:44:16.997 | 441 ool-1-worker-205 | DEBUG | d.t.c.a.a.c.u.util.UserUtilService   : Save 15 users to database...
    23:44:17.003 | 441 ool-1-worker-205 | DEBUG | d.t.c.a.a.c.u.util.UserUtilService   : Save 15 users to database. Done
    23:44:17.013 | 441 ool-1-worker-205 | INFO  | i.z.t.d.l.EmbeddedDatabaseReporter   : JDBC URL to connect to 'dataSource': url='jdbc:h2:tcp://localhost:41063/mem:736625c0-cf5e-400d-aeaa-8a7eabd6262b;USER=sa', scope='CourseGitlabJenkinsIntegrationTest#testUpdateCourseGroups_InExternalCiUserManagement_failToRemoveUser'
    23:44:17.048 | 441 ool-1-worker-205 | DEBUG | d.t.c.a.a.c.s.f.ApiVersionFilter     : Adding Version to Request PUT /api/courses/749
    23:44:17.049 | 441 ool-1-worker-205 | DEBUG | d.t.c.a.a.core.web.CourseResource    : REST request to update Course : Course{id=749, title='Course title 69d90249-d383-4bd6-bcbe-4e4e427946ee', description='null', shortName='shortfc2662450c5a604f9d093cb02fe79a11e38b', studentGroupName='tumuser', teachingAssistantGroupName='new-ta-group', editorGroupName='editor', instructorGroupName='new-editor-group', startDate='2025-02-13T23:39:54.015067Z', endDate='2025-02-16T23:39:54.015089Z', enrollmentStartDate='null', enrollmentEndDate='null', unenrollmentEndDate='null', semester='null'', onlineCourse='false', color='null', courseIcon='null', enrollmentEnabled='false', unenrollmentEnabled='false', presentationScore='2', faqEnabled='false'}
    23:44:17.059 | 441 ool-1-worker-205 | INFO  | .a.p.s.g.GitLabUserManagementService : Update Gitlab permissions for programming exercises: [SHORTFC2662450C5A604F9D093CB02FE79A11E38BTSTEXC]
    23:44:17.072 | 441 ool-1-worker-205 | INFO  | a.p.s.j.JenkinsUserManagementService : Update Jenkins permissions (update course permissions) for programming exercises: [SHORTFC2662450C5A604F9D093CB02FE79A11E38BTSTEXC]
    23:44:17.078 | 441 ool-1-worker-205 | ERROR | o.z.p.spring.common.AdviceTraits     : Internal Server Error
de.tum.cit.aet.artemis.core.exception.JenkinsException: Cannot remove permissions from all users for job: SHORTFC2662450C5A604F9D093CB02FE79A11E38BTSTEXC
	at de.tum.cit.aet.artemis.programming.service.jenkins.JenkinsUserManagementService.lambda$removePermissionsFromInstructorsAndEditorsAndTAsForCourse$3(JenkinsUserManagementService.java:382)
	at java.base/java.util.ArrayList.forEach(ArrayList.java:1596)
	at de.tum.cit.aet.artemis.programming.service.jenkins.JenkinsUserManagementService.removePermissionsFromInstructorsAndEditorsAndTAsForCourse(JenkinsUserManagementService.java:377)
	at de.tum.cit.aet.artemis.programming.service.jenkins.JenkinsUserManagementService.updateCoursePermissions(JenkinsUserManagementService.java:323)
	at de.tum.cit.aet.artemis.core.web.CourseResource.lambda$updateCourse$2(CourseResource.java:349)
	at java.base/java.util.Optional.ifPresent(Optional.java:178)
	at de.tum.cit.aet.artemis.core.web.CourseResource.updateCourse(CourseResource.java:349)
	at java.base/jdk.internal.reflect.DirectMethodHandleAccessor.invoke(DirectMethodHandleAccessor.java:103)
	at java.base/java.lang.reflect.Method.invoke(Method.java:580)
	at org.springframework.aop.support.AopUtils.invokeJoinpointUsingReflection(AopUtils.java:359)
	at org.springframework.aop.framework.ReflectiveMethodInvocation.invokeJoinpoint(ReflectiveMethodInvocation.java:196)
	at org.springframework.aop.framework.ReflectiveMethodInvocation.proceed(ReflectiveMethodInvocation.java:163)
	at org.springframework.security.authorization.method.AuthorizationManagerBeforeMethodInterceptor.proceed(AuthorizationManagerBeforeMethodInterceptor.java:268)
	at org.springframework.security.authorization.method.AuthorizationManagerBeforeMethodInterceptor.attemptAuthorization(AuthorizationManagerBeforeMethodInterceptor.java:263)
	at org.springframework.security.authorization.method.AuthorizationManagerBeforeMethodInterceptor.invoke(AuthorizationManagerBeforeMethodInterceptor.java:196)
	at org.springframework.security.config.annotation.method.configuration.DeferringMethodInterceptor.invoke(DeferringMethodInterceptor.java:44)
	at org.springframework.aop.framework.ReflectiveMethodInvocation.proceed(ReflectiveMethodInvocation.java:184)
	at org.springframework.aop.interceptor.ExposeInvocationInterceptor.invoke(ExposeInvocationInterceptor.java:97)
	at org.springframework.aop.framework.ReflectiveMethodInvocation.proceed(ReflectiveMethodInvocation.java:184)
	at org.springframework.aop.framework.CglibAopProxy$DynamicAdvisedInterceptor.intercept(CglibAopProxy.java:727)
	at de.tum.cit.aet.artemis.core.web.CourseResource$$SpringCGLIB$$0.updateCourse(<generated>)
	at java.base/jdk.internal.reflect.DirectMethodHandleAccessor.invoke(DirectMethodHandleAccessor.java:103)
	at java.base/java.lang.reflect.Method.invoke(Method.java:580)
	at org.springframework.web.method.support.InvocableHandlerMethod.doInvoke(InvocableHandlerMethod.java:257)
	at org.springframework.web.method.support.InvocableHandlerMethod.invokeForRequest(InvocableHandlerMethod.java:190)
	at org.springframework.web.servlet.mvc.method.annotation.ServletInvocableHandlerMethod.invokeAndHandle(ServletInvocableHandlerMethod.java:118)
	at org.springframework.web.servlet.mvc.method.annotation.RequestMappingHandlerAdapter.invokeHandlerMethod(RequestMappingHandlerAdapter.java:986)
	at org.springframework.web.servlet.mvc.method.annotation.RequestMappingHandlerAdapter.handleInternal(RequestMappingHandlerAdapter.java:891)
	at org.springframework.web.servlet.mvc.method.AbstractHandlerMethodAdapter.handle(AbstractHandlerMethodAdapter.java:87)
	at org.springframework.web.servlet.DispatcherServlet.doDispatch(DispatcherServlet.java:1088)
	at org.springframework.web.servlet.DispatcherServlet.doService(DispatcherServlet.java:978)
	at org.springframework.web.servlet.FrameworkServlet.processRequest(FrameworkServlet.java:1014)
	at org.springframework.web.servlet.FrameworkServlet.doPut(FrameworkServlet.java:925)
	at jakarta.servlet.http.HttpServlet.service(HttpServlet.java:550)
	at org.springframework.web.servlet.FrameworkServlet.service(FrameworkServlet.java:885)
	at org.springframework.test.web.servlet.TestDispatcherServlet.service(TestDispatcherServlet.java:72)
	at jakarta.servlet.http.HttpServlet.service(HttpServlet.java:614)
	at org.springframework.mock.web.MockFilterChain$ServletFilterProxy.doFilter(MockFilterChain.java:165)
	at org.springframework.mock.web.MockFilterChain.doFilter(MockFilterChain.java:132)
	at org.springframework.web.filter.OncePerRequestFilter.doFilter(OncePerRequestFilter.java:110)
	at org.springframework.test.web.servlet.setup.MockMvcFilterDecorator.doFilter(MockMvcFilterDecorator.java:162)
	at org.springframework.mock.web.MockFilterChain.doFilter(MockFilterChain.java:132)
	at de.tum.cit.aet.artemis.core.security.filter.ApiVersionFilter.doFilter(ApiVersionFilter.java:55)
	at org.springframework.test.web.servlet.setup.MockMvcFilterDecorator.doFilter(MockMvcFilterDecorator.java:162)
	at org.springframework.mock.web.MockFilterChain.doFilter(MockFilterChain.java:132)
	at io.sentry.spring.jakarta.SentryUserFilter.doFilterInternal(SentryUserFilter.java:56)
	at org.springframework.web.filter.OncePerRequestFilter.doFilter(OncePerRequestFilter.java:116)
	at org.springframework.test.web.servlet.setup.MockMvcFilterDecorator.doFilter(MockMvcFilterDecorator.java:162)
	at org.springframework.mock.web.MockFilterChain.doFilter(MockFilterChain.java:132)
	at org.springframework.web.filter.CompositeFilter$VirtualFilterChain.doFilter(CompositeFilter.java:108)
	at org.springframework.security.web.FilterChainProxy.lambda$doFilterInternal$3(FilterChainProxy.java:231)
	at org.springframework.security.web.ObservationFilterChainDecorator$FilterObservation$SimpleFilterObservation.lambda$wrap$1(ObservationFilterChainDecorator.java:479)
	at org.springframework.security.web.ObservationFilterChainDecorator$AroundFilterObservation$SimpleAroundFilterObservation.lambda$wrap$1(ObservationFilterChainDecorator.java:340)
	at org.springframework.security.web.ObservationFilterChainDecorator.lambda$wrapSecured$0(ObservationFilterChainDecorator.java:82)
	at org.springframework.security.web.ObservationFilterChainDecorator$VirtualFilterChain.doFilter(ObservationFilterChainDecorator.java:128)
	at org.springframework.security.web.access.intercept.AuthorizationFilter.doFilter(AuthorizationFilter.java:101)
	at org.springframework.security.web.ObservationFilterChainDecorator$ObservationFilter.wrapFilter(ObservationFilterChainDecorator.java:240)
	at org.springframework.security.web.ObservationFilterChainDecorator$ObservationFilter.doFilter(ObservationFilterChainDecorator.java:227)
	at org.springframework.security.web.ObservationFilterChainDecorator$VirtualFilterChain.doFilter(ObservationFilterChainDecorator.java:137)
	at org.springframework.security.web.access.ExceptionTranslationFilter.doFilter(ExceptionTranslationFilter.java:126)
	at org.springframework.security.web.access.ExceptionTranslationFilter.doFilter(ExceptionTranslationFilter.java:120)
	at org.springframework.security.web.ObservationFilterChainDecorator$ObservationFilter.wrapFilter(ObservationFilterChainDecorator.java:240)
	at org.springframework.security.web.ObservationFilterChainDecorator$ObservationFilter.doFilter(ObservationFilterChainDecorator.java:227)
	at org.springframework.security.web.ObservationFilterChainDecorator$VirtualFilterChain.doFilter(ObservationFilterChainDecorator.java:137)
	at org.springframework.security.web.session.SessionManagementFilter.doFilter(SessionManagementFilter.java:131)
	at org.springframework.security.web.session.SessionManagementFilter.doFilter(SessionManagementFilter.java:85)
	at org.springframework.security.web.ObservationFilterChainDecorator$ObservationFilter.wrapFilter(ObservationFilterChainDecorator.java:240)
	at org.springframework.security.web.ObservationFilterChainDecorator$ObservationFilter.doFilter(ObservationFilterChainDecorator.java:227)
	at org.springframework.security.web.ObservationFilterChainDecorator$VirtualFilterChain.doFilter(ObservationFilterChainDecorator.java:137)
	at org.springframework.security.web.authentication.AnonymousAuthenticationFilter.doFilter(AnonymousAuthenticationFilter.java:100)
	at org.springframework.security.web.ObservationFilterChainDecorator$ObservationFilter.wrapFilter(ObservationFilterChainDecorator.java:240)
	at org.springframework.security.web.ObservationFilterChainDecorator$ObservationFilter.doFilter(ObservationFilterChainDecorator.java:227)
	at org.springframework.security.web.ObservationFilterChainDecorator$VirtualFilterChain.doFilter(ObservationFilterChainDecorator.java:137)
	at org.springframework.security.web.servletapi.SecurityContextHolderAwareRequestFilter.doFilter(SecurityContextHolderAwareRequestFilter.java:179)
	at org.springframework.security.web.ObservationFilterChainDecorator$ObservationFilter.wrapFilter(ObservationFilterChainDecorator.java:240)
	at org.springframework.security.web.ObservationFilterChainDecorator$ObservationFilter.doFilter(ObservationFilterChainDecorator.java:227)
	at org.springframework.security.web.ObservationFilterChainDecorator$VirtualFilterChain.doFilter(ObservationFilterChainDecorator.java:137)
	at org.springframework.security.web.savedrequest.RequestCacheAwareFilter.doFilter(RequestCacheAwareFilter.java:63)
	at org.springframework.security.web.ObservationFilterChainDecorator$ObservationFilter.wrapFilter(ObservationFilterChainDecorator.java:240)
	at org.springframework.security.web.ObservationFilterChainDecorator$ObservationFilter.doFilter(ObservationFilterChainDecorator.java:227)
	at org.springframework.security.web.ObservationFilterChainDecorator$VirtualFilterChain.doFilter(ObservationFilterChainDecorator.java:137)
	at de.tum.cit.aet.artemis.core.security.filter.SpaWebFilter.doFilterInternal(SpaWebFilter.java:23)
	at org.springframework.web.filter.OncePerRequestFilter.doFilter(OncePerRequestFilter.java:116)
	at org.springframework.security.web.ObservationFilterChainDecorator$ObservationFilter.wrapFilter(ObservationFilterChainDecorator.java:240)
	at org.springframework.security.web.ObservationFilterChainDecorator$ObservationFilter.doFilter(ObservationFilterChainDecorator.java:227)
	at org.springframework.security.web.ObservationFilterChainDecorator$VirtualFilterChain.doFilter(ObservationFilterChainDecorator.java:137)
	at org.springframework.web.filter.OncePerRequestFilter.doFilter(OncePerRequestFilter.java:110)
	at org.springframework.security.web.ObservationFilterChainDecorator$ObservationFilter.wrapFilter(ObservationFilterChainDecorator.java:240)
	at org.springframework.security.web.ObservationFilterChainDecorator$ObservationFilter.doFilter(ObservationFilterChainDecorator.java:227)
	at org.springframework.security.web.ObservationFilterChainDecorator$VirtualFilterChain.doFilter(ObservationFilterChainDecorator.java:137)
	at de.tum.cit.aet.artemis.lti.config.Lti13LaunchFilter.doFilterInternal(Lti13LaunchFilter.java:60)
	at org.springframework.web.filter.OncePerRequestFilter.doFilter(OncePerRequestFilter.java:116)
	at org.springframework.security.web.ObservationFilterChainDecorator$ObservationFilter.wrapFilter(ObservationFilterChainDecorator.java:240)
	at org.springframework.security.web.ObservationFilterChainDecorator$ObservationFilter.doFilter(ObservationFilterChainDecorator.java:227)
	at org.springframework.security.web.ObservationFilterChainDecorator$VirtualFilterChain.doFilter(ObservationFilterChainDecorator.java:137)
	at de.tum.cit.aet.artemis.core.security.jwt.JWTFilter.doFilter(JWTFilter.java:55)
	at org.springframework.security.web.ObservationFilterChainDecorator$ObservationFilter.wrapFilter(ObservationFilterChainDecorator.java:240)
	at org.springframework.security.web.ObservationFilterChainDecorator$ObservationFilter.doFilter(ObservationFilterChainDecorator.java:227)
	at org.springframework.security.web.ObservationFilterChainDecorator$VirtualFilterChain.doFilter(ObservationFilterChainDecorator.java:137)
	at de.tum.cit.aet.artemis.core.security.jwt.JWTFilter.doFilter(JWTFilter.java:55)
	at org.springframework.security.web.ObservationFilterChainDecorator$ObservationFilter.wrapFilter(ObservationFilterChainDecorator.java:240)
	at org.springframework.security.web.ObservationFilterChainDecorator$ObservationFilter.doFilter(ObservationFilterChainDecorator.java:227)
	at org.springframework.security.web.ObservationFilterChainDecorator$VirtualFilterChain.doFilter(ObservationFilterChainDecorator.java:137)
	at org.springframework.web.filter.CorsFilter.doFilterInternal(CorsFilter.java:91)
	at org.springframework.web.filter.OncePerRequestFilter.doFilter(OncePerRequestFilter.java:116)
	at org.springframework.security.web.ObservationFilterChainDecorator$ObservationFilter.wrapFilter(ObservationFilterChainDecorator.java:240)
	at org.springframework.security.web.ObservationFilterChainDecorator$ObservationFilter.doFilter(ObservationFilterChainDecorator.java:227)
	at org.springframework.security.web.ObservationFilterChainDecorator$VirtualFilterChain.doFilter(ObservationFilterChainDecorator.java:137)
	at org.springframework.web.filter.OncePerRequestFilter.doFilter(OncePerRequestFilter.java:110)
	at org.springframework.security.web.ObservationFilterChainDecorator$ObservationFilter.wrapFilter(ObservationFilterChainDecorator.java:240)
	at org.springframework.security.web.ObservationFilterChainDecorator$ObservationFilter.doFilter(ObservationFilterChainDecorator.java:227)
	at org.springframework.security.web.ObservationFilterChainDecorator$VirtualFilterChain.doFilter(ObservationFilterChainDecorator.java:137)
	at uk.ac.ox.ctl.lti13.security.oauth2.client.lti.web.OAuth2AuthorizationRequestRedirectFilter.doFilterInternal(OAuth2AuthorizationRequestRedirectFilter.java:142)
	at org.springframework.web.filter.OncePerRequestFilter.doFilter(OncePerRequestFilter.java:116)
	at org.springframework.security.web.ObservationFilterChainDecorator$ObservationFilter.wrapFilter(ObservationFilterChainDecorator.java:240)
	at org.springframework.security.web.ObservationFilterChainDecorator$ObservationFilter.doFilter(ObservationFilterChainDecorator.java:227)
	at org.springframework.security.web.ObservationFilterChainDecorator$VirtualFilterChain.doFilter(ObservationFilterChainDecorator.java:137)
	at org.springframework.security.web.authentication.logout.LogoutFilter.doFilter(LogoutFilter.java:107)
	at org.springframework.security.web.authentication.logout.LogoutFilter.doFilter(LogoutFilter.java:93)
	at org.springframework.security.web.ObservationFilterChainDecorator$ObservationFilter.wrapFilter(ObservationFilterChainDecorator.java:240)
	at org.springframework.security.web.ObservationFilterChainDecorator$ObservationFilter.doFilter(ObservationFilterChainDecorator.java:227)
	at org.springframework.security.web.ObservationFilterChainDecorator$VirtualFilterChain.doFilter(ObservationFilterChainDecorator.java:137)
	at org.springframework.security.web.header.HeaderWriterFilter.doHeadersAfter(HeaderWriterFilter.java:90)
	at org.springframework.security.web.header.HeaderWriterFilter.doFilterInternal(HeaderWriterFilter.java:75)
	at org.springframework.web.filter.OncePerRequestFilter.doFilter(OncePerRequestFilter.java:116)
	at org.springframework.security.web.ObservationFilterChainDecorator$ObservationFilter.wrapFilter(ObservationFilterChainDecorator.java:240)
	at org.springframework.security.web.ObservationFilterChainDecorator$ObservationFilter.doFilter(ObservationFilterChainDecorator.java:227)
	at org.springframework.security.web.ObservationFilterChainDecorator$VirtualFilterChain.doFilter(ObservationFilterChainDecorator.java:137)
	at org.springframework.security.web.context.SecurityContextHolderFilter.doFilter(SecurityContextHolderFilter.java:82)
	at org.springframework.security.web.context.SecurityContextHolderFilter.doFilter(SecurityContextHolderFilter.java:69)
	at org.springframework.security.web.ObservationFilterChainDecorator$ObservationFilter.wrapFilter(ObservationFilterChainDecorator.java:240)
	at org.springframework.security.web.ObservationFilterChainDecorator$ObservationFilter.doFilter(ObservationFilterChainDecorator.java:227)
	at org.springframework.security.web.ObservationFilterChainDecorator$VirtualFilterChain.doFilter(ObservationFilterChainDecorator.java:137)
	at org.springframework.security.web.context.request.async.WebAsyncManagerIntegrationFilter.doFilterInternal(WebAsyncManagerIntegrationFilter.java:62)
	at org.springframework.web.filter.OncePerRequestFilter.doFilter(OncePerRequestFilter.java:116)
	at org.springframework.security.web.ObservationFilterChainDecorator$ObservationFilter.wrapFilter(ObservationFilterChainDecorator.java:240)
	at org.springframework.security.web.ObservationFilterChainDecorator$ObservationFilter.doFilter(ObservationFilterChainDecorator.java:227)
	at org.springframework.security.web.ObservationFilterChainDecorator$VirtualFilterChain.doFilter(ObservationFilterChainDecorator.java:137)
	at org.springframework.security.web.session.DisableEncodeUrlFilter.doFilterInternal(DisableEncodeUrlFilter.java:42)
	at org.springframework.web.filter.OncePerRequestFilter.doFilter(OncePerRequestFilter.java:116)
	at org.springframework.security.web.ObservationFilterChainDecorator$ObservationFilter.wrapFilter(ObservationFilterChainDecorator.java:240)
	at org.springframework.security.web.ObservationFilterChainDecorator$AroundFilterObservation$SimpleAroundFilterObservation.lambda$wrap$0(ObservationFilterChainDecorator.java:323)
	at org.springframework.security.web.ObservationFilterChainDecorator$ObservationFilter.doFilter(ObservationFilterChainDecorator.java:224)
	at org.springframework.security.web.ObservationFilterChainDecorator$VirtualFilterChain.doFilter(ObservationFilterChainDecorator.java:137)
	at org.springframework.security.web.FilterChainProxy.doFilterInternal(FilterChainProxy.java:233)
	at org.springframework.security.web.FilterChainProxy.doFilter(FilterChainProxy.java:191)
	at org.springframework.web.filter.CompositeFilter$VirtualFilterChain.doFilter(CompositeFilter.java:113)
	at org.springframework.web.servlet.handler.HandlerMappingIntrospector.lambda$createCacheFilter$3(HandlerMappingIntrospector.java:243)
	at org.springframework.web.filter.CompositeFilter$VirtualFilterChain.doFilter(CompositeFilter.java:113)
	at org.springframework.web.filter.CompositeFilter.doFilter(CompositeFilter.java:74)
	at org.springframework.security.config.annotation.web.configuration.WebMvcSecurityConfiguration$CompositeFilterChainProxy.doFilter(WebMvcSecurityConfiguration.java:238)
	at org.springframework.web.filter.DelegatingFilterProxy.invokeDelegate(DelegatingFilterProxy.java:362)
	at org.springframework.web.filter.DelegatingFilterProxy.doFilter(DelegatingFilterProxy.java:278)
	at org.springframework.test.web.servlet.setup.MockMvcFilterDecorator.doFilter(MockMvcFilterDecorator.java:162)
	at org.springframework.mock.web.MockFilterChain.doFilter(MockFilterChain.java:132)
	at org.springframework.web.filter.RequestContextFilter.doFilterInternal(RequestContextFilter.java:100)
	at org.springframework.web.filter.OncePerRequestFilter.doFilter(OncePerRequestFilter.java:116)
	at org.springframework.test.web.servlet.setup.MockMvcFilterDecorator.doFilter(MockMvcFilterDecorator.java:162)
	at org.springframework.mock.web.MockFilterChain.doFilter(MockFilterChain.java:132)
	at org.springframework.web.filter.FormContentFilter.doFilterInternal(FormContentFilter.java:93)
	at org.springframework.web.filter.OncePerRequestFilter.doFilter(OncePerRequestFilter.java:116)
	at org.springframework.test.web.servlet.setup.MockMvcFilterDecorator.doFilter(MockMvcFilterDecorator.java:162)
	at org.springframework.mock.web.MockFilterChain.doFilter(MockFilterChain.java:132)
	at org.springframework.web.filter.ServerHttpObservationFilter.doFilterInternal(ServerHttpObservationFilter.java:114)
	at org.springframework.web.filter.OncePerRequestFilter.doFilter(OncePerRequestFilter.java:116)
	at org.springframework.test.web.servlet.setup.MockMvcFilterDecorator.doFilter(MockMvcFilterDecorator.java:162)
	at org.springframework.mock.web.MockFilterChain.doFilter(MockFilterChain.java:132)
	at io.sentry.spring.jakarta.tracing.SentryTracingFilter.doFilterInternal(SentryTracingFilter.java:91)
	at org.springframework.web.filter.OncePerRequestFilter.doFilter(OncePerRequestFilter.java:116)
	at org.springframework.test.web.servlet.setup.MockMvcFilterDecorator.doFilter(MockMvcFilterDecorator.java:162)
	at org.springframework.mock.web.MockFilterChain.doFilter(MockFilterChain.java:132)
	at org.springframework.web.filter.CharacterEncodingFilter.doFilterInternal(CharacterEncodingFilter.java:201)
	at org.springframework.web.filter.OncePerRequestFilter.doFilter(OncePerRequestFilter.java:116)
	at org.springframework.test.web.servlet.setup.MockMvcFilterDecorator.doFilter(MockMvcFilterDecorator.java:162)
	at org.springframework.mock.web.MockFilterChain.doFilter(MockFilterChain.java:132)
	at io.sentry.spring.jakarta.SentrySpringFilter.doFilterInternal(SentrySpringFilter.java:76)
	at org.springframework.web.filter.OncePerRequestFilter.doFilter(OncePerRequestFilter.java:116)
	at org.springframework.test.web.servlet.setup.MockMvcFilterDecorator.doFilter(MockMvcFilterDecorator.java:162)
	at org.springframework.mock.web.MockFilterChain.doFilter(MockFilterChain.java:132)
	at org.springframework.test.web.servlet.MockMvc.perform(MockMvc.java:201)
	at de.tum.cit.aet.artemis.core.util.RequestUtilService.performMvcRequest(RequestUtilService.java:79)
	at de.tum.cit.aet.artemis.core.util.CourseTestService.testUpdateCourseGroups_InExternalCiUserManagement_failToRemoveUser(CourseTestService.java:790)
	at de.tum.cit.aet.artemis.programming.CourseGitlabJenkinsIntegrationTest.testUpdateCourseGroups_InExternalCiUserManagement_failToRemoveUser(CourseGitlabJenkinsIntegrationTest.java:325)
	at java.base/jdk.internal.reflect.DirectMethodHandleAccessor.invoke(DirectMethodHandleAccessor.java:103)
	at java.base/java.lang.reflect.Method.invoke(Method.java:580)
	at org.junit.platform.commons.util.ReflectionUtils.invokeMethod(ReflectionUtils.java:767)
	at org.junit.jupiter.engine.execution.MethodInvocation.proceed(MethodInvocation.java:60)
	at org.junit.jupiter.engine.execution.InvocationInterceptorChain$ValidatingInvocation.proceed(InvocationInterceptorChain.java:131)
	at org.junit.jupiter.engine.extension.TimeoutExtension.intercept(TimeoutExtension.java:156)
	at org.junit.jupiter.engine.extension.TimeoutExtension.interceptTestableMethod(TimeoutExtension.java:147)
	at org.junit.jupiter.engine.extension.TimeoutExtension.interceptTestMethod(TimeoutExtension.java:86)
	at org.junit.jupiter.engine.execution.InterceptingExecutableInvoker$ReflectiveInterceptorCall.lambda$ofVoidMethod$0(InterceptingExecutableInvoker.java:103)
	at org.junit.jupiter.engine.execution.InterceptingExecutableInvoker.lambda$invoke$0(InterceptingExecutableInvoker.java:93)
	at org.junit.jupiter.engine.execution.InvocationInterceptorChain$InterceptedInvocation.proceed(InvocationInterceptorChain.java:106)
	at org.junit.jupiter.engine.execution.InvocationInterceptorChain.proceed(InvocationInterceptorChain.java:64)
	at org.junit.jupiter.engine.execution.InvocationInterceptorChain.chainAndInvoke(InvocationInterceptorChain.java:45)
	at org.junit.jupiter.engine.execution.InvocationInterceptorChain.invoke(InvocationInterceptorChain.java:37)
	at org.junit.jupiter.engine.execution.InterceptingExecutableInvoker.invoke(InterceptingExecutableInvoker.java:92)
	at org.junit.jupiter.engine.execution.InterceptingExecutableInvoker.invoke(InterceptingExecutableInvoker.java:86)
	at org.junit.jupiter.engine.descriptor.TestMethodTestDescriptor.lambda$invokeTestMethod$8(TestMethodTestDescriptor.java:217)
	at org.junit.platform.engine.support.hierarchical.ThrowableCollector.execute(ThrowableCollector.java:73)
	at org.junit.jupiter.engine.descriptor.TestMethodTestDescriptor.invokeTestMethod(TestMethodTestDescriptor.java:213)
	at org.junit.jupiter.engine.descriptor.TestMethodTestDescriptor.execute(TestMethodTestDescriptor.java:138)
	at org.junit.jupiter.engine.descriptor.TestMethodTestDescriptor.execute(TestMethodTestDescriptor.java:68)
	at org.junit.platform.engine.support.hierarchical.NodeTestTask.lambda$executeRecursively$6(NodeTestTask.java:156)
	at org.junit.platform.engine.support.hierarchical.ThrowableCollector.execute(ThrowableCollector.java:73)
	at org.junit.platform.engine.support.hierarchical.NodeTestTask.lambda$executeRecursively$8(NodeTestTask.java:146)
	at org.junit.platform.engine.support.hierarchical.Node.around(Node.java:137)
	at org.junit.platform.engine.support.hierarchical.NodeTestTask.lambda$executeRecursively$9(NodeTestTask.java:144)
	at org.junit.platform.engine.support.hierarchical.ThrowableCollector.execute(ThrowableCollector.java:73)
	at org.junit.platform.engine.support.hierarchical.NodeTestTask.executeRecursively(NodeTestTask.java:143)
	at org.junit.platform.engine.support.hierarchical.NodeTestTask.execute(NodeTestTask.java:100)
	at org.junit.platform.engine.support.hierarchical.ForkJoinPoolHierarchicalTestExecutorService$ExclusiveTask.exec(ForkJoinPoolHierarchicalTestExecutorService.java:274)
	at org.junit.platform.engine.support.hierarchical.ForkJoinPoolHierarchicalTestExecutorService$ExclusiveTask.execSync(ForkJoinPoolHierarchicalTestExecutorService.java:247)
	at org.junit.platform.engine.support.hierarchical.ForkJoinPoolHierarchicalTestExecutorService.executeSync(ForkJoinPoolHierarchicalTestExecutorService.java:194)
	at org.junit.platform.engine.support.hierarchical.ForkJoinPoolHierarchicalTestExecutorService.invokeAll(ForkJoinPoolHierarchicalTestExecutorService.java:166)
	at org.junit.platform.engine.support.hierarchical.NodeTestTask.lambda$executeRecursively$6(NodeTestTask.java:160)
	at org.junit.platform.engine.support.hierarchical.ThrowableCollector.execute(ThrowableCollector.java:73)
	at org.junit.platform.engine.support.hierarchical.NodeTestTask.lambda$executeRecursively$8(NodeTestTask.java:146)
	at org.junit.platform.engine.support.hierarchical.Node.around(Node.java:137)
	at org.junit.platform.engine.support.hierarchical.NodeTestTask.lambda$executeRecursively$9(NodeTestTask.java:144)
	at org.junit.platform.engine.support.hierarchical.ThrowableCollector.execute(ThrowableCollector.java:73)
	at org.junit.platform.engine.support.hierarchical.NodeTestTask.executeRecursively(NodeTestTask.java:143)
	at org.junit.platform.engine.support.hierarchical.NodeTestTask.execute(NodeTestTask.java:100)
	at org.junit.platform.engine.support.hierarchical.ForkJoinPoolHierarchicalTestExecutorService$ExclusiveTask.exec(ForkJoinPoolHierarchicalTestExecutorService.java:274)
	at java.base/java.util.concurrent.ForkJoinTask.doExec(ForkJoinTask.java:387)
	at java.base/java.util.concurrent.ForkJoinPool$WorkQueue.topLevelExec(ForkJoinPool.java:1312)
	at java.base/java.util.concurrent.ForkJoinPool.scan(ForkJoinPool.java:1843)
	at java.base/java.util.concurrent.ForkJoinPool.runWorker(ForkJoinPool.java:1808)
	at java.base/java.util.concurrent.ForkJoinWorkerThread.run(ForkJoinWorkerThread.java:188)
Caused by: java.io.IOException: null

  Starting logs for CourseGitlabJenkinsIntegrationTest > testRemoveStudentOrTutorOrInstructorFromCourse_WithNonExistingUser()
    23:44:17.096 | 441 ool-1-worker-205 | DEBUG | d.t.c.a.a.c.u.util.UserUtilService   : Generate 8 students...
    23:44:17.107 | 441 ool-1-worker-205 | DEBUG | d.t.c.a.a.c.u.util.UserUtilService   : 8 students generated. Generate 5 tutors...
    23:44:17.115 | 441 ool-1-worker-205 | DEBUG | d.t.c.a.a.c.u.util.UserUtilService   : 5 tutors generated. Generate 1 editors...
    23:44:17.118 | 441 ool-1-worker-205 | DEBUG | d.t.c.a.a.c.u.util.UserUtilService   : 1 editors generated. Generate 1 instructors...
    23:44:17.120 | 441 ool-1-worker-205 | DEBUG | d.t.c.a.a.c.u.util.UserUtilService   : 1 instructors generated
    23:44:17.122 | 441 ool-1-worker-205 | DEBUG | d.t.c.a.a.c.u.util.UserUtilService   : Removing 16 users from all courses...
    23:44:17.125 | 441 ool-1-worker-205 | DEBUG | d.t.c.a.a.c.u.util.UserUtilService   : Removing 16 users from all courses. Done
    23:44:17.125 | 441 ool-1-worker-205 | DEBUG | d.t.c.a.a.c.u.util.UserUtilService   : Save 15 users to database...
    23:44:17.135 | 441 ool-1-worker-205 | DEBUG | d.t.c.a.a.c.u.util.UserUtilService   : Save 15 users to database. Done
    23:44:17.156 | 441 ool-1-worker-205 | INFO  | i.z.t.d.l.EmbeddedDatabaseReporter   : JDBC URL to connect to 'dataSource': url='jdbc:h2:tcp://localhost:41063/mem:736625c0-cf5e-400d-aeaa-8a7eabd6262b;USER=sa', scope='CourseGitlabJenkinsIntegrationTest#testRemoveStudentOrTutorOrInstructorFromCourse_WithNonExistingUser'
    23:44:17.181 | 441 ool-1-worker-205 | DEBUG | d.t.c.a.a.c.s.f.ApiVersionFilter     : Adding Version to Request DELETE /api/courses/750/students/maxMustermann
    23:44:17.181 | 441 ool-1-worker-205 | DEBUG | d.t.c.a.a.core.web.CourseResource    : REST request to remove maxMustermann as student from course : 750
    23:44:17.184 | 441 ool-1-worker-205 | WARN  | o.z.p.spring.common.AdviceTraits     : Not Found: User with identifier: "maxMustermann" does not exist
    23:44:17.185 | 441 ool-1-worker-205 | DEBUG | d.t.c.a.a.c.s.f.ApiVersionFilter     : Adding Version to Request DELETE /api/courses/750/tutors/maxMustermann
    23:44:17.185 | 441 ool-1-worker-205 | DEBUG | d.t.c.a.a.core.web.CourseResource    : REST request to remove maxMustermann as tutor from course : 750
    23:44:17.188 | 441 ool-1-worker-205 | WARN  | o.z.p.spring.common.AdviceTraits     : Not Found: User with identifier: "maxMustermann" does not exist
    23:44:17.189 | 441 ool-1-worker-205 | DEBUG | d.t.c.a.a.c.s.f.ApiVersionFilter     : Adding Version to Request DELETE /api/courses/750/editors/maxMustermann
    23:44:17.189 | 441 ool-1-worker-205 | DEBUG | d.t.c.a.a.core.web.CourseResource    : REST request to remove maxMustermann as editor from course : 750
    23:44:17.191 | 441 ool-1-worker-205 | WARN  | o.z.p.spring.common.AdviceTraits     : Not Found: User with identifier: "maxMustermann" does not exist
    23:44:17.193 | 441 ool-1-worker-205 | DEBUG | d.t.c.a.a.c.s.f.ApiVersionFilter     : Adding Version to Request DELETE /api/courses/750/instructors/maxMustermann
    23:44:17.193 | 441 ool-1-worker-205 | DEBUG | d.t.c.a.a.core.web.CourseResource    : REST request to remove maxMustermann as instructor from course : 750
    23:44:17.195 | 441 ool-1-worker-205 | WARN  | o.z.p.spring.common.AdviceTraits     : Not Found: User with identifier: "maxMustermann" does not exist

  Starting logs for CourseGitlabJenkinsIntegrationTest > searchMembersForUserMentionsSearchResultLimit()
    23:44:17.211 | 441 ool-1-worker-205 | DEBUG | d.t.c.a.a.c.u.util.UserUtilService   : Generate 8 students...
    23:44:17.222 | 441 ool-1-worker-205 | DEBUG | d.t.c.a.a.c.u.util.UserUtilService   : 8 students generated. Generate 5 tutors...
    23:44:17.229 | 441 ool-1-worker-205 | DEBUG | d.t.c.a.a.c.u.util.UserUtilService   : 5 tutors generated. Generate 1 editors...
    23:44:17.232 | 441 ool-1-worker-205 | DEBUG | d.t.c.a.a.c.u.util.UserUtilService   : 1 editors generated. Generate 1 instructors...
    23:44:17.235 | 441 ool-1-worker-205 | DEBUG | d.t.c.a.a.c.u.util.UserUtilService   : 1 instructors generated
    23:44:17.237 | 441 ool-1-worker-205 | DEBUG | d.t.c.a.a.c.u.util.UserUtilService   : Removing 16 users from all courses...
    23:44:17.238 | 441 ool-1-worker-205 | DEBUG | d.t.c.a.a.c.u.util.UserUtilService   : Removing 16 users from all courses. Done
    23:44:17.238 | 441 ool-1-worker-205 | DEBUG | d.t.c.a.a.c.u.util.UserUtilService   : Save 15 users to database...
    23:44:17.248 | 441 ool-1-worker-205 | DEBUG | d.t.c.a.a.c.u.util.UserUtilService   : Save 15 users to database. Done
    23:44:17.263 | 441 ool-1-worker-205 | INFO  | i.z.t.d.l.EmbeddedDatabaseReporter   : JDBC URL to connect to 'dataSource': url='jdbc:h2:tcp://localhost:41063/mem:736625c0-cf5e-400d-aeaa-8a7eabd6262b;USER=sa', scope='CourseGitlabJenkinsIntegrationTest#searchMembersForUserMentionsSearchResultLimit'
    23:44:17.308 | 441 ool-1-worker-205 | DEBUG | d.t.c.a.a.c.s.f.ApiVersionFilter     : Adding Version to Request GET /api/courses/751/members/search
    23:44:17.308 | 441 ool-1-worker-205 | DEBUG | d.t.c.a.a.core.web.CourseResource    : REST request to get members with login or name :  in course: 751
    23:44:17.310 |  90 ns.HealthMonitor | INFO  | c.h.i.diagnostics.HealthMonitor      : [127.0.0.1]:5701 [dev] [5.5.0] processors=4, physical.memory.total=15.6G, physical.memory.free=2.5G, swap.space.total=0, swap.space.free=0, heap.memory.used=2.1G, heap.memory.free=1004.1M, heap.memory.total=3.1G, heap.memory.max=6.0G, heap.memory.used/total=68.42%, heap.memory.used/max=35.41%, minor.gc.count=145, minor.gc.time=7256ms, major.gc.count=0, major.gc.time=0ms, unknown.gc.count=64, unknown.gc.time=1064ms, load.process=0.00%, load.system=99.05%, load.systemAverage=6.59, thread.count=485, thread.peakCount=500, cluster.timeDiff=0, event.q.size=0, executor.q.async.size=0, executor.q.client.size=0, executor.q.client.query.size=0, executor.q.client.blocking.size=0, executor.q.query.size=0, executor.q.scheduled.size=0, executor.q.io.size=0, executor.q.system.size=0, executor.q.operations.size=0, executor.q.priorityOperation.size=0, operations.completed.count=1464, executor.q.mapLoad.size=0, executor.q.mapLoadAllKeys.size=0, executor.q.cluster.size=0, executor.q.response.size=0, operations.running.count=0, operations.pending.invocations.percentage=0.00%, operations.pending.invocations.count=0, proxy.count=206, clientEndpoint.count=0, connection.active.count=0, client.connection.count=0, connection.count=0

  Starting logs for CourseGitlabJenkinsIntegrationTest > testGetCourseForInstructorDashboardWithStats_instructorNotInCourse()
    23:44:17.341 | 441 ool-1-worker-205 | DEBUG | d.t.c.a.a.c.u.util.UserUtilService   : Generate 8 students...
    23:44:17.352 | 441 ool-1-worker-205 | DEBUG | d.t.c.a.a.c.u.util.UserUtilService   : 8 students generated. Generate 5 tutors...
    23:44:17.359 | 441 ool-1-worker-205 | DEBUG | d.t.c.a.a.c.u.util.UserUtilService   : 5 tutors generated. Generate 1 editors...
    23:44:17.362 | 441 ool-1-worker-205 | DEBUG | d.t.c.a.a.c.u.util.UserUtilService   : 1 editors generated. Generate 1 instructors...
    23:44:17.364 | 441 ool-1-worker-205 | DEBUG | d.t.c.a.a.c.u.util.UserUtilService   : 1 instructors generated
    23:44:17.366 | 441 ool-1-worker-205 | DEBUG | d.t.c.a.a.c.u.util.UserUtilService   : Removing 16 users from all courses...
    23:44:17.368 | 441 ool-1-worker-205 | DEBUG | d.t.c.a.a.c.u.util.UserUtilService   : Removing 16 users from all courses. Done
    23:44:17.368 | 441 ool-1-worker-205 | DEBUG | d.t.c.a.a.c.u.util.UserUtilService   : Save 15 users to database...
    23:44:17.377 | 441 ool-1-worker-205 | DEBUG | d.t.c.a.a.c.u.util.UserUtilService   : Save 15 users to database. Done
    23:44:17.388 | 441 ool-1-worker-205 | INFO  | i.z.t.d.l.EmbeddedDatabaseReporter   : JDBC URL to connect to 'dataSource': url='jdbc:h2:tcp://localhost:41063/mem:736625c0-cf5e-400d-aeaa-8a7eabd6262b;USER=sa', scope='CourseGitlabJenkinsIntegrationTest#testGetCourseForInstructorDashboardWithStats_instructorNotInCourse'
    23:44:17.390 | 441 ool-1-worker-205 | DEBUG | d.t.c.a.a.c.s.f.ApiVersionFilter     : Adding Version to Request GET /api/courses/752/for-assessment-dashboard
    23:44:17.392 | 441 ool-1-worker-205 | WARN  | o.z.p.spring.common.AdviceTraits     : Forbidden: You are not allowed to access the Course with id 752

  Starting logs for CourseGitlabJenkinsIntegrationTest > testRemoveTutorFromCourse_removeUserFromGitlabGroupFails()
    23:44:17.409 | 441 ool-1-worker-205 | DEBUG | d.t.c.a.a.c.u.util.UserUtilService   : Generate 8 students...
    23:44:17.419 | 441 ool-1-worker-205 | DEBUG | d.t.c.a.a.c.u.util.UserUtilService   : 8 students generated. Generate 5 tutors...
    23:44:17.428 | 441 ool-1-worker-205 | DEBUG | d.t.c.a.a.c.u.util.UserUtilService   : 5 tutors generated. Generate 1 editors...
    23:44:17.430 | 441 ool-1-worker-205 | DEBUG | d.t.c.a.a.c.u.util.UserUtilService   : 1 editors generated. Generate 1 instructors...
    23:44:17.433 | 441 ool-1-worker-205 | DEBUG | d.t.c.a.a.c.u.util.UserUtilService   : 1 instructors generated
    23:44:17.435 | 441 ool-1-worker-205 | DEBUG | d.t.c.a.a.c.u.util.UserUtilService   : Removing 16 users from all courses...
    23:44:17.437 | 441 ool-1-worker-205 | DEBUG | d.t.c.a.a.c.u.util.UserUtilService   : Removing 16 users from all courses. Done
    23:44:17.437 | 441 ool-1-worker-205 | DEBUG | d.t.c.a.a.c.u.util.UserUtilService   : Save 15 users to database...
    23:44:17.445 | 441 ool-1-worker-205 | DEBUG | d.t.c.a.a.c.u.util.UserUtilService   : Save 15 users to database. Done
    23:44:17.456 | 441 ool-1-worker-205 | INFO  | i.z.t.d.l.EmbeddedDatabaseReporter   : JDBC URL to connect to 'dataSource': url='jdbc:h2:tcp://localhost:41063/mem:736625c0-cf5e-400d-aeaa-8a7eabd6262b;USER=sa', scope='CourseGitlabJenkinsIntegrationTest#testRemoveTutorFromCourse_removeUserFromGitlabGroupFails'
    23:44:17.534 | 441 ool-1-worker-205 | DEBUG | d.t.c.a.a.c.s.f.ApiVersionFilter     : Adding Version to Request DELETE /api/courses/753/tutors/courseegitlabjenkinstutor1
    23:44:17.534 | 441 ool-1-worker-205 | DEBUG | d.t.c.a.a.core.web.CourseResource    : REST request to remove courseegitlabjenkinstutor1 as tutor from course : 753
    23:44:17.540 | 441 ool-1-worker-205 | INFO  | d.t.c.a.a.c.service.user.UserService : Remove user courseegitlabjenkinstutor1 from group tutor
    23:44:17.543 | 441 ool-1-worker-205 | DEBUG | d.t.c.a.a.c.service.user.UserService : Save user User{login='courseegitlabjenkinstutor1', firstName='courseegitlabjenkinstutor1First', lastName='courseegitlabjenkinstutor1Last', email='courseegitlabjenkinstutor1@test.de', imageUrl='null', activated='true', langKey='en', activationKey='null'}
    23:44:17.576 | 441 ool-1-worker-205 | INFO  | .a.p.s.g.GitLabUserManagementService : Update Gitlab permissions for programming exercises: [null, null, SHORTDA184D9404036043920AC46061569DF9331ETSTEXC, SHORT4D18CB7903AAA049CD0891F00A7F77B5708ATSTEXC, SHORTE6CC1DA70D6B904FCF0AD3E0D4E2DA8018E7TSTEXC, SHORT2929F3C70393604A6A08F0803B79521686FDTSTEXC, SHORT95EE97310304B0435C08EDC0DFB1957C430DTSTEXC, SHORTCB0191F202F5404D7708DC50B0F54FF07D9ATSTEXC, SHORTE823DA4E035B904F250A6CB070A6B897835BTSTEXC, SHORT60AEF9F3062A804B80093E003D8346BCFDC4TSTEXC, SHORT015E8A9B05C69048AA087F40D0CD7F2312FDTSTEXC, SHORTE9ACA8550BFBA044EC08BCA09CE37420D51CTSTEXC, SHORT0D0C100208AE704FA90A38D0246D081FC16BTSTEXC, SHORT17FCEBBF01AB6041EF0B50E0F7F031E5DC15TSTEXC, SHORT3C8083500B4F4049060B86900DECE2E4E215TSTEXC, SHORT2D4D78CB02EB3042890BEC205671442D8CF8TSTEXC, SHORTADD785730E45604F9E0AB420275EF800D7E0TSTEXC, SHORT3C3F5A2208B1A049110ADEE072E577E5654ETSTEXC, SHORTA8CFEDC30EDC804E8508DDC0ACEC623B04A2TSTEXC, SHORTB6ECA2AF03D56044D20850E032D251EBE378TSTEXC, SHORT0B79AF1B0994304249092B00280004BBDC11TSTEXC, SHORTA13D35E50A39B040D108DFF0266C35C2E79DTSTEXC, SHORTDD22B6AD07E2B04F570B79C09AB7523409E8TSTEXC, SHORTC907FB5B0CF690494C0B6770C0E38FA9148ETSTEXC, SHORTA101A11F08EC90446008DED09C0467307EDCTSTEXC, SHORTD60BF4A506298044DF0821308BAC9DC2758ETSTEXC, SHORT804E11A302BD8045DC0A855023748D587851TSTEXC, SHORTC1F0176D037FA042AF0B01E05BB0A9B2E9BETSTEXC, SHORT0C7BCE7C0593B04AB9094D902D8C4BB8750CTSTEXC, SHORTA1002EDA02485040D709DFA024F1B4B414B7TSTEXC, SHORT252B48D702ACA04E7D09D1E026DE0EDBBC57TSTEXC, SHORT15FE276D091C20493D0A7750711FA8A288C4TSTEXC, SHORT04658EE40CF56043A90978F0D7CCEBB734C1TSTEXC, SHORT7CF576DD082A90450A0A82901E8EBFA88A7BTSTEXC, SHORTA972A00F0893B04D6F08C3D034FEB43C0DD8TSTEXC, SHORTC75A50230639D0498808D2F0E8C1A7B58CC5TSTEXC, SHORT3F566B5F0B72404479097E108CAA3BDA1949TSTEXC, SHORT6AAEE3480E5A40453808E8C00464EF5E5AB4TSTEXC, SHORTF7EE08B20B328046340B4AE0AE6603A3ED4FTSTEXC, SHORTB8D3A8190AF6B047CC0A8000C1445A11C533TSTEXC, SHORT13F751CC04C2E045660A7840124C5F74C6FBTSTEXC, SHORT8825F5AC06B80041720B67703B1A4C59180FTSTEXC, SHORT94B3497E0FA8A044F00B60D05C198A08807CTSTEXC, SHORT2AF074880E18F04BE50832D0DB91CC34A794TSTEXC, SHORTADCFB1060E55E048180BB4203D062BCEBD2BTSTEXC, SHORT15D509CE0B7C304FCD099A907183843CD29ATSTEXC, SHORT866495D9024C904D61083A20AFA040BBC5C4TSTEXC, SHORT17C6BEF20460A0439C0822C0CFA7DC22A993TSTEXC, SHORT73663F9D027A004C4D09DD804EB8E2CA7273TSTEXC, SHORTAC8413E208FA4047F30AFAE0C00C3CCA1DD5TSTEXC, SHORT9804F30E05B7C047890921800A2A88028BB3TSTEXC, SHORT923F395608E20042F80A5DB03BB021AE3150TSTEXC, SHORT5B1FAE6C0FF560469C097D40A66462B374ADTSTEXC, SHORT138EF83F0141B04F7E08A5A089903D88581DTSTEXC, SHORT74127E77086E1042F3086F7076A592D1D0C9TSTEXC, SHORT5137C02804236041A30A2E504180F52AF1EETSTEXC, SHORT737ED94E0AE950448F0B4C30C9057D986E44TSTEXC, SHORTA0F19189087D104EA00BD4A0CCC155DBF367TSTEXC, SHORTC0408902059E3040BC0918601FBAC034C3ABTSTEXC, SHORT8C0D20950A952041FE0B1E2093699E4DFC17TSTEXC, SHORT1E0068C102D8F0422B0A5650F17B7A8CC27DTSTEXC, EXAMC7D62D4E08019046D808E890BCE2994E7205TE51, EXAMNORESULTS3068FB3D027790402E09B620C479A3B02134TAF3, SHORT1F53F79705502049690B95903E6B3E32B388T283, SHORT2F7AFE190F70C041190A7260A95E1F07D3DAT16A, SHORT954415470ACD50442A0A95201ABA238FABBFT3DE, SHORT21CFA79A0C345042110BF1C0D91586AF8F0AT44E, SHORTF58B704B082D404FB409B5000EDCBE5A6DDATESTEXFOREXAM, SHORT3175E8D00A18E0422A082F209C5D849020F5T245, SHORT3175E8D00A18E0422A082F209C5D849020F5T1F2, SHORTA448ACF207C5E04A4F0891A0FA9E44E72CD9TESTEXFOREXAM, SHORT4BB24783086B404533083240DC7E25F1B1A8TESTEXFOREXAM, SHORT2070E84E084790441B0B95708F80C60A65C8TESTEXFOREXAM, SHORTB485D3610070F047D70A9FE02198D7A1835BTESTEXFOREXAM, SHORTE01F284C044ED040CB0894206E56183452FATC1B, SHORTE01F284C044ED040CB0894206E56183452FAT1F4, SHORT611B4DAF0D63804E2E0BD7A0EE0C25D00141T608, SHORT921D70B00BFA20467F08BBD0D27002DFA910TESTEXFOREXAM, SHORTD5A844640B11C04DE108A2E03DF3C1FC329BTESTEXFOREXAM, SHORT16918D1C055E5048F7083050A54198DEDE72T8F3, SHORT7BDB76AD0CD0D04A1D0B04D05776F4FE8B34T9E9, SHORT4BEAEB4502B9204C790B56E04F6AE45A48E0TA17, SHORT36EC8E3E06FE2042FD09ADB0586ABC6F55CDT2DD, SHORT47A427010770004E9E082920C1573544B746T725, SHORT855E7A5C0A6470447509D4709398D5C20FB4T91A, SHORT9962A16509E3A0413C097730FE2C5B1C9680TCD3, SHORTE4AED03D07F940486B0BF6309C227475AE19T780, SHORT7776DE460563304665080E50ABEBE52BA76FTA02, SHORTC24489380C3F0040CE0958F065433B260274T3FE, SHORT5F936CC702AF1046EF0AB560F168D00FFAE1TE27, SHORTF793EFAE0836704D5908EB1013F96DAE2372TFD0, SHORT42E223C408C2004A060BDF509ED2D364D534TEC8, SHORTFA761ACC0C67304BD209C4602F5E92345863T525, SHORT470149D3066E1047110812108E16C7F803A5T1D6, SHORT470149D3066E1047110812108E16C7F803A5TC66, SHORTBFF878130BB70048BC08A9B037E84F8A6A50T146, SHORT0E1CE3F30D17E042B20B20609597F3542843T60B, SHORTFE0EF7D60DD6B04B2208788081DF074CE29FT934, SHORT05A1211400274047FB0BEFC00F284F696022T291, SHORT4C8891310593104EED0BC3D07E2A5ED1E51DT9CC, SHORTDF2D27C300BE0047150A54F0CD30926E0B5BT79D, SHORT8B81EF700824F04A6A0A51004176B1ED11EBT1DC, SHORT40B47A980F1A604272080E90ECB990E0E01ETA4D, SHORT93A7B18301B7504BBB0ACC5016667D8DCEB0TA4D, SHORT1C8BE8050845E046F208CC80C8B0CC6CDC93TFA3, SHORT1C8BE8050845E046F208CC80C8B0CC6CDC93TESTEXFOREXAM, SHORT63F2E94801E29040920A790003E8B75F2B0CT49D, SHORTE64205E8040B504FAE09555008EC5D91F845T6AD, SHORT468F69DF016C5046BE091E500F8A3705C212TF5B, SHORT4265098006B0F040FB089F40EA163DB98906T4BE, SHORT02C9CD880256D0439F0A29F0734634575CA5T18C, SHORTAE5099A908E5A040120AD2B05B4DAD8532B6T225, SHORTCB7ADE2801C9A041B50AD830E60D07627E61T3C8, SHORTA3B7B2490506F04EAD0929C011896D98A6ECT041, SHORT1A05D6BB0D262045220B01A013632C018398T892, SHORTDD787A4A042910481C0B3300D7DCC0DC7514T6E9, SHORT43CC7027014D30496C0B7BC007ADDD5E63AFT255, SHORT2BA924B2000B6049C0087A40CD018715EF4ETBA5, SHORTDEC8F60A0206E04BC20B19000452CB630126TD28, SHORT46CDF4A80A924042020B8E40B0A8CB8067FFT328, SHORT817B5BE60D1E0041740BC3C0577CF9F66DAFT77C, SHORTDA47CEAF0A40704D68080720C6DFF8C9CC59T31C, SHORT3AA7656B00F36041890A23F0B5F691CFBE3FT5F3, SHORT987833E5013C50475F090DF0E7681E32B5E4TCCA, SHORT756996DD060F80464E081DC0BB99B2FF3ED5TAA1, SHORT69AB29C3066650488B0915A07F584C5E1D2AT8B8, SHORT47F085DA0899104F7208CE5060659041CBEAT6EA, SHORTEB297D890E437045620A5C60F91CF3D3CE14T477, SHORT7B4C249704270048F40BEFF0B76CABA101F6T228, SHORTB2F9E2750979D046D009C920FFA8B4F904DETCA0, SHORTB9929E730FF13040E10BE660C7A22CF6678CT320, SHORT53312A6E002B8044420A51C04FCF020B36E4TD05, SHORT6B9662FA0F5AE04BBC085F10BA014641B3E1T642, SHORT1C9C0D3009557042240AACB00D6516DD9A1BT7B4, SHORT284129140C194045BB0AFE4025A528744EC0TEAE, SHORTCCBF8CB90C63D045770A1180E269D1B856A7T8D6, SHORT8EE5866E069420476C0865D0DE39727FB8BAT6AA, SHORT3BCB2D3A07211044E009FFB039A41B8ABF8ET9EF, SHORT36F9D7F3012FE042390B5370ACF8A972B465T0AD, SHORT51BB6C420BAC7040C909F750CEBCEAD61EDFTCA0, SHORTCDDFF54A002B804697086D406556D04FB658T9CB, SHORT3C0DA0A7021530493609775010468B464CEBTF61, SHORT5E70291D0F9140422C0991A06085509E0787T8A9, SHORT6029D5B80DF0E04DDB0A00706AF26EDD3BAFT4CB, SHORT83EBF9270E68F04D980A41F0790E6606396FTF8B, SHORT8FCF437A015CE04F670B5950AF19D8598292TBC5, SHORT525E0CB4064F1043160ABB20079CF89CE770TE30, SHORT7BB261EA06EDC04A0C0889908AF423E07976T9CC, SHORTC82A959C0C85F04630096B909C8C562003F6TF97, SHORT9263EBE003CCE04CBB0935A0D07BC643C8A1T7A2, SHORT76E752270FD56046930AB190E96BDA8B24FDT6A7, SHORT0C34C3510307C04CB208B9F0248C3D24985BT743, SHORTAD4D2C120033204F5909C3806A57C2175565TF31, SHORT3E279B710EAB004EA00B7D80E94E0011584FT93A, SHORT66FB39A10683F049700AE7D0848E35DFD8D0TF6C, SHORT0CD7BE5A065F30414108448071F36A58906ET2A5, SHORT9D13B6FD01D360477B09213059C182B8700ET319, SHORTF399EB2F08FAF045AE098380260FFB945EA7TA49, SHORT1F61DA7C0A80604E7F0A1370468039F5606DT1BF, SHORT4D709C6C0C3DA04D640AF760D891B58ECE56T361, SHORT5C1438A509C5B041AF0880004C4E53D464CET83D, SHORT6D05B22A041C7044B708294033D5C85FDEC6TFD6, SHORT8C2CDACF0C6460429E0808800C090E019083T4E0, SHORT075843F603A560438009EE70DB89F7DCF685T885, SHORT2449F873061F6042AC0A5A607D5A52470FA2T61D, SHORT72F1407904A0204CA209BF7010CB54B98C08T538, SHORT2EF0B6B10C60B048E10B05F0A7BD2E5D79AAT665, SHORT1134E97D0D3E70420F0B5D706E3DEFB9B710T879, SHORT2AEA91AC060CF0417A0B5F601037F84C2018TFC4, SHORT363C4FEB0451C045A40B62803AA968560447T4FA, SHORT1B59D83404286044CE0827601CD8820A13EDT664, SHORT5F534AA40674B048F90A7E200F04EE9587C7T6B2, SHORT6346F56204B9A04F720892604CA44F8543DETB8E, SHORT8B12801C03F17043C00B14E032BC287C8E8AT74D, SHORT91DBADFC017F4042F309284050EFB2DE33A0T5C2, SHORT9DA93A2907F7A0436B082D20680E22E10DC0T1FA, SHORTA50F626603E14048CE0858A01ACEFE1E5ACCTC7C, SHORT439890170063B04EFE09D340F40776177D7ETCF7, SHORT782032EF0820B049D40AC3F02F7868A0721DT819, SHORT1F95B8B70BA7404517092510D12D28965E87TE78, SHORT37D3288203BA6048EE083CF0B5B54D5079AAT1E3, SHORTD1ED502C0B652048A60A9D80539B8BB1A261T8C8, SHORTD1236C1306C5A047490A5CF0B1157A214EA1T1F1, SHORT13BB6B820C5FD040E60BC9E0C42EBE0734C3T9CE, SHORT9AA3EF690EAED0438B08EF00924E34BFCF64TAD5, SHORT644FEA6B021F50408608080006824C0AC1ACT638, SHORT2F95ED7B049590470D0B9BF04B6C5C788FCDT611, SHORT697D244E0BC680405109753072EBE6C6107CT37A, SHORT3173F68206AAE04E3308C1809D187F7600B6T401, SHORT5D0378A5027A904A590BB1605241B62AFFC1T674, SHORT78999C0B0C60304A6A0A1D70FDFA00A0EEFFT3B2, SHORTCFC2D82F0DE970443A094D80A22E7E11B48ETSTEXC, SHORT71AB632808A1504329083060432BE7F57293TDA8, SHORT8E395D740FD890452308AE7055D1D6237A37T110, SHORT805C7E0608F1E0440908A7F0CBA9BEED3D98T616, SHORT76835AF00F34D04C48086210A465CCC1CDDATD53, SHORT8F63C69A0D7DC043810A2F90C2ED9347A244TEC8, SHORT2B5EDBDC073A204A1808D0E0203BF069C055T4FF, SHORTBC276B940427C046A00AC440E4CFB5F67D55T1A0, SHORT53626AA40B94904CE20BEB4060C51C0EF675T67A, SHORT3D855F230CDF1043BE09BFA0337DE1619493T926, SHORT39D73DC80768A04C870840B0750DBC02E313T02A, SHORT5BDC1A290006904E3C093310ECA97977217CTA43, SHORT5688773E03BF3048BD0A66E0F0E86995F45AT2AB, SHORTA5F6F2100A2DA0489B09E8E03FA18F59E4A9T0BB, SHORT027C2F7F013E50420F099BC0B67108FE2A9CTD8B, SHORT99E1FAA00B12F042B70BFD4086A46B201CD5TD12, SHORTCD99EEFF01904040380A09307C4BDB91C871T479, SHORT61812DAB04A8604D130BE7101A30A7865DEBT715, SHORTC8D982FE09C5C04B2E09005039C8E7E41B7FT27B, SHORT9B0B38BC05C1804639088920F04D078D6F78T24D, SHORTC27C3DD00791E042F00A0970A2C5BE1804AFT90F, SHORT13268C400629C04E1708C690208FFD348A2DT464, SHORT089740AD0645704C5908DA506B07F02C65A7T4B5, SHORT147BD86F02BF0043780A29E04D3F9238A4A5T3BB, SHORTD20F679B08580044F40B68D068D08B2A0B13T842, SHORT7493F2400942604F5B0906A0265A16C65152T2A4, SHORT2E31EE1900B0004BC80AE3A07B9793BA4E90T103, SHORTC3F61D5C0F20A049B00987A09DD3C4022A3BT941, SHORT0A1AA3C304046046DC080E80E38DF6E07D46T786, SHORT8804351A03151042950A0460E777EFD2F9AET5A3, SHORTCE995F0906700046960B4790F991C01F2DDBTB22, SHORT0B06F36A0A498049020B36401732A76AF799TDE9, SHORT756E4A550841704EEA0AF110D1947FF34F56T6DC, SHORT78C291B30403704CBA0BF8A037B391B61381TD7D, SHORT9A395D2B016B604E8D084390A6CB2DC873A7T48C, SHORT00F459E80EECB04B650BBCA05F2F5E6EF36DT76D, SHORT403AEBBD020AF049C9092A00D5136414D542T7D7, SHORT5A51076F07DD2041280826C0D5F66CAAD73FT53B, SHORTE8C51A6C00387044C4082A803C11E2D52D1CTAD1, SHORT83270A0E0D42B044700AEC60D37713995D4CT9EB, SHORT4851DCAF0328F04A6F09ABF0B3939985A345T67F, SHORTC202E8FE07862047370A18308A83F005E8C9T429, SHORT69ADF5380AE6204F020A21A042509D4A69CDTE8B, SHORTB3EE03E10843204C00087510B52439B1D228TEA0, SHORTFB21760E0E984049CA0BB4F08148DECBD568TEE0, SHORTBB48099E05A5D049FD09BC90025E1C21DADET9DB, SHORTEB8C3FD80DB6504CD6084B90BE3F88862C81TE55, SHORTBF613E87094E20438A0A06F05D543882F379TC72, SHORT2C69081B03CDB0462C0ABF009DA3DF59C927T301, SHORTEC8717FE06D4C04E800837C091A32018A26CT833, SHORTF60A69AD0E50104F6A0900202868CFD5A604T4EC, SHORTC71DCE000315804E6F0BB5B067566A0682DAT9FD, SHORTA24839960965A04AE10AC240BDAC5998A594T7CD, SHORT8BBF905304E09048E90BBF70C12D27F4A9A9T36F, SHORT0C0A76F6007900457109C2607E18139CBFDBTSTEXC, SHORT92B2FFEE0E88C0420D0A1E50AF6C1B60D6C4TSTEXC, SHORT1F752F350F94D04D130A7EC0964B05AC6949TSTEXC, SHORT0DD48E2608F0204348089BE0D63087D12478TSTEXC, SHORT3275661704996042AD0B70D05DF8480B84DDTSTEXC, SHORT3F279FAC02CC9041430AD75081DFC29EE491TSTEXC, SHORT79EE62C90F856043420A31E01B5CDDA03349TSTEXC, SHORT158A13360319B04B8D08BF90949AF628FFD7TSTEXC, SHORT4C0D4751040BD04A550A2220A63058AE49EETSTEXC, null, null, null, null, null, null, null, null, null, null, null, null, null, SHORT4ED4D3570647404A0D08F250D186452C0F0DTSTEXC, SHORT516F656F03690042920946B0F2A0B120F4F0TSTEXC, SHORT499426490DB8A043900A3C8028E46D206906TSTEXC, SHORT9908C20207C2C04E49097790F0390D025F62TSTEXC, SHORTADB6943500EA104EB109A4F091C2806EF356TSTEXC, SHORT443A976801A1004C070AC3B0EB28FE41742ETSTEXC, SHORT2EBC58CD0DD99045300B3EB04D1D3BE1800CTSTEXC, SHORT5A5726A20584504E6A0BDDF0684C8401D553TSTEXC, SHORT3DED0CFB0FAD9048640A15C0312EEB0F30B0TSTEXC]
    23:44:17.577 | 441 ool-1-worker-205 | ERROR | .a.p.s.g.GitLabUserManagementService : Gitlab Exception when removing a user 1 to a group null
org.gitlab4j.api.GitLabApiException: Forbidden
	at org.gitlab4j.api.GroupApi.removeMember(GroupApi.java:1330)
	at de.tum.cit.aet.artemis.programming.service.gitlab.GitLabUserManagementService.removeUserFromGroup(GitLabUserManagementService.java:464)
	at de.tum.cit.aet.artemis.programming.service.gitlab.GitLabUserManagementService.removeOrUpdateUserFromGroups(GitLabUserManagementService.java:423)
	at de.tum.cit.aet.artemis.programming.service.gitlab.GitLabUserManagementService.updateVcsUser(GitLabUserManagementService.java:80)
	at de.tum.cit.aet.artemis.programming.service.gitlab.GitLabUserManagementService.updateVcsUser(GitLabUserManagementService.java:69)
	at de.tum.cit.aet.artemis.programming.service.vcs.VcsUserManagementService.updateVcsUser(VcsUserManagementService.java:37)
	at de.tum.cit.aet.artemis.programming.service.vcs.VcsUserManagementService.updateVcsUser(VcsUserManagementService.java:37)
	at de.tum.cit.aet.artemis.core.service.user.UserService.lambda$removeUserFromGroup$21(UserService.java:704)
	at java.base/java.util.Optional.ifPresent(Optional.java:178)
	at de.tum.cit.aet.artemis.core.service.user.UserService.removeUserFromGroup(UserService.java:704)
	at de.tum.cit.aet.artemis.core.service.CourseService.removeUserFromGroup(CourseService.java:1095)
	at java.base/jdk.internal.reflect.DirectMethodHandleAccessor.invoke(DirectMethodHandleAccessor.java:103)
	at java.base/java.lang.reflect.Method.invoke(Method.java:580)
	at org.springframework.aop.support.AopUtils.invokeJoinpointUsingReflection(AopUtils.java:359)
	at org.springframework.aop.framework.CglibAopProxy$DynamicAdvisedInterceptor.intercept(CglibAopProxy.java:723)
	at de.tum.cit.aet.artemis.core.service.CourseService$$SpringCGLIB$$0.removeUserFromGroup(<generated>)
	at de.tum.cit.aet.artemis.core.web.CourseResource.removeUserFromCourseGroup(CourseResource.java:1325)
	at de.tum.cit.aet.artemis.core.web.CourseResource.removeTutorFromCourse(CourseResource.java:1273)
	at java.base/jdk.internal.reflect.DirectMethodHandleAccessor.invoke(DirectMethodHandleAccessor.java:103)
	at java.base/java.lang.reflect.Method.invoke(Method.java:580)
	at org.springframework.aop.support.AopUtils.invokeJoinpointUsingReflection(AopUtils.java:359)
	at org.springframework.aop.framework.ReflectiveMethodInvocation.invokeJoinpoint(ReflectiveMethodInvocation.java:196)
	at org.springframework.aop.framework.ReflectiveMethodInvocation.proceed(ReflectiveMethodInvocation.java:163)
	at org.springframework.security.authorization.method.AuthorizationManagerBeforeMethodInterceptor.proceed(AuthorizationManagerBeforeMethodInterceptor.java:268)
	at org.springframework.security.authorization.method.AuthorizationManagerBeforeMethodInterceptor.attemptAuthorization(AuthorizationManagerBeforeMethodInterceptor.java:263)
	at org.springframework.security.authorization.method.AuthorizationManagerBeforeMethodInterceptor.invoke(AuthorizationManagerBeforeMethodInterceptor.java:196)
	at org.springframework.security.config.annotation.method.configuration.DeferringMethodInterceptor.invoke(DeferringMethodInterceptor.java:44)
	at org.springframework.aop.framework.ReflectiveMethodInvocation.proceed(ReflectiveMethodInvocation.java:184)
	at org.springframework.aop.interceptor.ExposeInvocationInterceptor.invoke(ExposeInvocationInterceptor.java:97)
	at org.springframework.aop.framework.ReflectiveMethodInvocation.proceed(ReflectiveMethodInvocation.java:184)
	at org.springframework.aop.framework.CglibAopProxy$DynamicAdvisedInterceptor.intercept(CglibAopProxy.java:727)
	at de.tum.cit.aet.artemis.core.web.CourseResource$$SpringCGLIB$$0.removeTutorFromCourse(<generated>)
	at java.base/jdk.internal.reflect.DirectMethodHandleAccessor.invoke(DirectMethodHandleAccessor.java:103)
	at java.base/java.lang.reflect.Method.invoke(Method.java:580)
	at org.springframework.web.method.support.InvocableHandlerMethod.doInvoke(InvocableHandlerMethod.java:257)
	at org.springframework.web.method.support.InvocableHandlerMethod.invokeForRequest(InvocableHandlerMethod.java:190)
	at org.springframework.web.servlet.mvc.method.annotation.ServletInvocableHandlerMethod.invokeAndHandle(ServletInvocableHandlerMethod.java:118)
	at org.springframework.web.servlet.mvc.method.annotation.RequestMappingHandlerAdapter.invokeHandlerMethod(RequestMappingHandlerAdapter.java:986)
	at org.springframework.web.servlet.mvc.method.annotation.RequestMappingHandlerAdapter.handleInternal(RequestMappingHandlerAdapter.java:891)
	at org.springframework.web.servlet.mvc.method.AbstractHandlerMethodAdapter.handle(AbstractHandlerMethodAdapter.java:87)
	at org.springframework.web.servlet.DispatcherServlet.doDispatch(DispatcherServlet.java:1088)
	at org.springframework.web.servlet.DispatcherServlet.doService(DispatcherServlet.java:978)
	at org.springframework.web.servlet.FrameworkServlet.processRequest(FrameworkServlet.java:1014)
	at org.springframework.web.servlet.FrameworkServlet.doDelete(FrameworkServlet.java:936)
	at jakarta.servlet.http.HttpServlet.service(HttpServlet.java:553)
	at org.springframework.web.servlet.FrameworkServlet.service(FrameworkServlet.java:885)
	at org.springframework.test.web.servlet.TestDispatcherServlet.service(TestDispatcherServlet.java:72)
	at jakarta.servlet.http.HttpServlet.service(HttpServlet.java:614)
	at org.springframework.mock.web.MockFilterChain$ServletFilterProxy.doFilter(MockFilterChain.java:165)
	at org.springframework.mock.web.MockFilterChain.doFilter(MockFilterChain.java:132)
	at org.springframework.web.filter.OncePerRequestFilter.doFilter(OncePerRequestFilter.java:110)
	at org.springframework.test.web.servlet.setup.MockMvcFilterDecorator.doFilter(MockMvcFilterDecorator.java:162)
	at org.springframework.mock.web.MockFilterChain.doFilter(MockFilterChain.java:132)
	at de.tum.cit.aet.artemis.core.security.filter.ApiVersionFilter.doFilter(ApiVersionFilter.java:55)
	at org.springframework.test.web.servlet.setup.MockMvcFilterDecorator.doFilter(MockMvcFilterDecorator.java:162)
	at org.springframework.mock.web.MockFilterChain.doFilter(MockFilterChain.java:132)
	at io.sentry.spring.jakarta.SentryUserFilter.doFilterInternal(SentryUserFilter.java:56)
	at org.springframework.web.filter.OncePerRequestFilter.doFilter(OncePerRequestFilter.java:116)
	at org.springframework.test.web.servlet.setup.MockMvcFilterDecorator.doFilter(MockMvcFilterDecorator.java:162)
	at org.springframework.mock.web.MockFilterChain.doFilter(MockFilterChain.java:132)
	at org.springframework.web.filter.CompositeFilter$VirtualFilterChain.doFilter(CompositeFilter.java:108)
	at org.springframework.security.web.FilterChainProxy.lambda$doFilterInternal$3(FilterChainProxy.java:231)
	at org.springframework.security.web.ObservationFilterChainDecorator$FilterObservation$SimpleFilterObservation.lambda$wrap$1(ObservationFilterChainDecorator.java:479)
	at org.springframework.security.web.ObservationFilterChainDecorator$AroundFilterObservation$SimpleAroundFilterObservation.lambda$wrap$1(ObservationFilterChainDecorator.java:340)
	at org.springframework.security.web.ObservationFilterChainDecorator.lambda$wrapSecured$0(ObservationFilterChainDecorator.java:82)
	at org.springframework.security.web.ObservationFilterChainDecorator$VirtualFilterChain.doFilter(ObservationFilterChainDecorator.java:128)
	at org.springframework.security.web.access.intercept.AuthorizationFilter.doFilter(AuthorizationFilter.java:101)
	at org.springframework.security.web.ObservationFilterChainDecorator$ObservationFilter.wrapFilter(ObservationFilterChainDecorator.java:240)
	at org.springframework.security.web.ObservationFilterChainDecorator$ObservationFilter.doFilter(ObservationFilterChainDecorator.java:227)
	at org.springframework.security.web.ObservationFilterChainDecorator$VirtualFilterChain.doFilter(ObservationFilterChainDecorator.java:137)
	at org.springframework.security.web.access.ExceptionTranslationFilter.doFilter(ExceptionTranslationFilter.java:126)
	at org.springframework.security.web.access.ExceptionTranslationFilter.doFilter(ExceptionTranslationFilter.java:120)
	at org.springframework.security.web.ObservationFilterChainDecorator$ObservationFilter.wrapFilter(ObservationFilterChainDecorator.java:240)
	at org.springframework.security.web.ObservationFilterChainDecorator$ObservationFilter.doFilter(ObservationFilterChainDecorator.java:227)
	at org.springframework.security.web.ObservationFilterChainDecorator$VirtualFilterChain.doFilter(ObservationFilterChainDecorator.java:137)
	at org.springframework.security.web.session.SessionManagementFilter.doFilter(SessionManagementFilter.java:131)
	at org.springframework.security.web.session.SessionManagementFilter.doFilter(SessionManagementFilter.java:85)
	at org.springframework.security.web.ObservationFilterChainDecorator$ObservationFilter.wrapFilter(ObservationFilterChainDecorator.java:240)
	at org.springframework.security.web.ObservationFilterChainDecorator$ObservationFilter.doFilter(ObservationFilterChainDecorator.java:227)
	at org.springframework.security.web.ObservationFilterChainDecorator$VirtualFilterChain.doFilter(ObservationFilterChainDecorator.java:137)
	at org.springframework.security.web.authentication.AnonymousAuthenticationFilter.doFilter(AnonymousAuthenticationFilter.java:100)
	at org.springframework.security.web.ObservationFilterChainDecorator$ObservationFilter.wrapFilter(ObservationFilterChainDecorator.java:240)
	at org.springframework.security.web.ObservationFilterChainDecorator$ObservationFilter.doFilter(ObservationFilterChainDecorator.java:227)
	at org.springframework.security.web.ObservationFilterChainDecorator$VirtualFilterChain.doFilter(ObservationFilterChainDecorator.java:137)
	at org.springframework.security.web.servletapi.SecurityContextHolderAwareRequestFilter.doFilter(SecurityContextHolderAwareRequestFilter.java:179)
	at org.springframework.security.web.ObservationFilterChainDecorator$ObservationFilter.wrapFilter(ObservationFilterChainDecorator.java:240)
	at org.springframework.security.web.ObservationFilterChainDecorator$ObservationFilter.doFilter(ObservationFilterChainDecorator.java:227)
	at org.springframework.security.web.ObservationFilterChainDecorator$VirtualFilterChain.doFilter(ObservationFilterChainDecorator.java:137)
	at org.springframework.security.web.savedrequest.RequestCacheAwareFilter.doFilter(RequestCacheAwareFilter.java:63)
	at org.springframework.security.web.ObservationFilterChainDecorator$ObservationFilter.wrapFilter(ObservationFilterChainDecorator.java:240)
	at org.springframework.security.web.ObservationFilterChainDecorator$ObservationFilter.doFilter(ObservationFilterChainDecorator.java:227)
	at org.springframework.security.web.ObservationFilterChainDecorator$VirtualFilterChain.doFilter(ObservationFilterChainDecorator.java:137)
	at de.tum.cit.aet.artemis.core.security.filter.SpaWebFilter.doFilterInternal(SpaWebFilter.java:23)
	at org.springframework.web.filter.OncePerRequestFilter.doFilter(OncePerRequestFilter.java:116)
	at org.springframework.security.web.ObservationFilterChainDecorator$ObservationFilter.wrapFilter(ObservationFilterChainDecorator.java:240)
	at org.springframework.security.web.ObservationFilterChainDecorator$ObservationFilter.doFilter(ObservationFilterChainDecorator.java:227)
	at org.springframework.security.web.ObservationFilterChainDecorator$VirtualFilterChain.doFilter(ObservationFilterChainDecorator.java:137)
	at org.springframework.web.filter.OncePerRequestFilter.doFilter(OncePerRequestFilter.java:110)
	at org.springframework.security.web.ObservationFilterChainDecorator$ObservationFilter.wrapFilter(ObservationFilterChainDecorator.java:240)
	at org.springframework.security.web.ObservationFilterChainDecorator$ObservationFilter.doFilter(ObservationFilterChainDecorator.java:227)
	at org.springframework.security.web.ObservationFilterChainDecorator$VirtualFilterChain.doFilter(ObservationFilterChainDecorator.java:137)
	at de.tum.cit.aet.artemis.lti.config.Lti13LaunchFilter.doFilterInternal(Lti13LaunchFilter.java:60)
	at org.springframework.web.filter.OncePerRequestFilter.doFilter(OncePerRequestFilter.java:116)
	at org.springframework.security.web.ObservationFilterChainDecorator$ObservationFilter.wrapFilter(ObservationFilterChainDecorator.java:240)
	at org.springframework.security.web.ObservationFilterChainDecorator$ObservationFilter.doFilter(ObservationFilterChainDecorator.java:227)
	at org.springframework.security.web.ObservationFilterChainDecorator$VirtualFilterChain.doFilter(ObservationFilterChainDecorator.java:137)
	at de.tum.cit.aet.artemis.core.security.jwt.JWTFilter.doFilter(JWTFilter.java:55)
	at org.springframework.security.web.ObservationFilterChainDecorator$ObservationFilter.wrapFilter(ObservationFilterChainDecorator.java:240)
	at org.springframework.security.web.ObservationFilterChainDecorator$ObservationFilter.doFilter(ObservationFilterChainDecorator.java:227)
	at org.springframework.security.web.ObservationFilterChainDecorator$VirtualFilterChain.doFilter(ObservationFilterChainDecorator.java:137)
	at de.tum.cit.aet.artemis.core.security.jwt.JWTFilter.doFilter(JWTFilter.java:55)
	at org.springframework.security.web.ObservationFilterChainDecorator$ObservationFilter.wrapFilter(ObservationFilterChainDecorator.java:240)
	at org.springframework.security.web.ObservationFilterChainDecorator$ObservationFilter.doFilter(ObservationFilterChainDecorator.java:227)
	at org.springframework.security.web.ObservationFilterChainDecorator$VirtualFilterChain.doFilter(ObservationFilterChainDecorator.java:137)
	at org.springframework.web.filter.CorsFilter.doFilterInternal(CorsFilter.java:91)
	at org.springframework.web.filter.OncePerRequestFilter.doFilter(OncePerRequestFilter.java:116)
	at org.springframework.security.web.ObservationFilterChainDecorator$ObservationFilter.wrapFilter(ObservationFilterChainDecorator.java:240)
	at org.springframework.security.web.ObservationFilterChainDecorator$ObservationFilter.doFilter(ObservationFilterChainDecorator.java:227)
	at org.springframework.security.web.ObservationFilterChainDecorator$VirtualFilterChain.doFilter(ObservationFilterChainDecorator.java:137)
	at org.springframework.web.filter.OncePerRequestFilter.doFilter(OncePerRequestFilter.java:110)
	at org.springframework.security.web.ObservationFilterChainDecorator$ObservationFilter.wrapFilter(ObservationFilterChainDecorator.java:240)
	at org.springframework.security.web.ObservationFilterChainDecorator$ObservationFilter.doFilter(ObservationFilterChainDecorator.java:227)
	at org.springframework.security.web.ObservationFilterChainDecorator$VirtualFilterChain.doFilter(ObservationFilterChainDecorator.java:137)
	at uk.ac.ox.ctl.lti13.security.oauth2.client.lti.web.OAuth2AuthorizationRequestRedirectFilter.doFilterInternal(OAuth2AuthorizationRequestRedirectFilter.java:142)
	at org.springframework.web.filter.OncePerRequestFilter.doFilter(OncePerRequestFilter.java:116)
	at org.springframework.security.web.ObservationFilterChainDecorator$ObservationFilter.wrapFilter(ObservationFilterChainDecorator.java:240)
	at org.springframework.security.web.ObservationFilterChainDecorator$ObservationFilter.doFilter(ObservationFilterChainDecorator.java:227)
	at org.springframework.security.web.ObservationFilterChainDecorator$VirtualFilterChain.doFilter(ObservationFilterChainDecorator.java:137)
	at org.springframework.security.web.authentication.logout.LogoutFilter.doFilter(LogoutFilter.java:107)
	at org.springframework.security.web.authentication.logout.LogoutFilter.doFilter(LogoutFilter.java:93)
	at org.springframework.security.web.ObservationFilterChainDecorator$ObservationFilter.wrapFilter(ObservationFilterChainDecorator.java:240)
	at org.springframework.security.web.ObservationFilterChainDecorator$ObservationFilter.doFilter(ObservationFilterChainDecorator.java:227)
	at org.springframework.security.web.ObservationFilterChainDecorator$VirtualFilterChain.doFilter(ObservationFilterChainDecorator.java:137)
	at org.springframework.security.web.header.HeaderWriterFilter.doHeadersAfter(HeaderWriterFilter.java:90)
	at org.springframework.security.web.header.HeaderWriterFilter.doFilterInternal(HeaderWriterFilter.java:75)
	at org.springframework.web.filter.OncePerRequestFilter.doFilter(OncePerRequestFilter.java:116)
	at org.springframework.security.web.ObservationFilterChainDecorator$ObservationFilter.wrapFilter(ObservationFilterChainDecorator.java:240)
	at org.springframework.security.web.ObservationFilterChainDecorator$ObservationFilter.doFilter(ObservationFilterChainDecorator.java:227)
	at org.springframework.security.web.ObservationFilterChainDecorator$VirtualFilterChain.doFilter(ObservationFilterChainDecorator.java:137)
	at org.springframework.security.web.context.SecurityContextHolderFilter.doFilter(SecurityContextHolderFilter.java:82)
	at org.springframework.security.web.context.SecurityContextHolderFilter.doFilter(SecurityContextHolderFilter.java:69)
	at org.springframework.security.web.ObservationFilterChainDecorator$ObservationFilter.wrapFilter(ObservationFilterChainDecorator.java:240)
	at org.springframework.security.web.ObservationFilterChainDecorator$ObservationFilter.doFilter(ObservationFilterChainDecorator.java:227)
	at org.springframework.security.web.ObservationFilterChainDecorator$VirtualFilterChain.doFilter(ObservationFilterChainDecorator.java:137)
	at org.springframework.security.web.context.request.async.WebAsyncManagerIntegrationFilter.doFilterInternal(WebAsyncManagerIntegrationFilter.java:62)
	at org.springframework.web.filter.OncePerRequestFilter.doFilter(OncePerRequestFilter.java:116)
	at org.springframework.security.web.ObservationFilterChainDecorator$ObservationFilter.wrapFilter(ObservationFilterChainDecorator.java:240)
	at org.springframework.security.web.ObservationFilterChainDecorator$ObservationFilter.doFilter(ObservationFilterChainDecorator.java:227)
	at org.springframework.security.web.ObservationFilterChainDecorator$VirtualFilterChain.doFilter(ObservationFilterChainDecorator.java:137)
	at org.springframework.security.web.session.DisableEncodeUrlFilter.doFilterInternal(DisableEncodeUrlFilter.java:42)
	at org.springframework.web.filter.OncePerRequestFilter.doFilter(OncePerRequestFilter.java:116)
	at org.springframework.security.web.ObservationFilterChainDecorator$ObservationFilter.wrapFilter(ObservationFilterChainDecorator.java:240)
	at org.springframework.security.web.ObservationFilterChainDecorator$AroundFilterObservation$SimpleAroundFilterObservation.lambda$wrap$0(ObservationFilterChainDecorator.java:323)
	at org.springframework.security.web.ObservationFilterChainDecorator$ObservationFilter.doFilter(ObservationFilterChainDecorator.java:224)
	at org.springframework.security.web.ObservationFilterChainDecorator$VirtualFilterChain.doFilter(ObservationFilterChainDecorator.java:137)
	at org.springframework.security.web.FilterChainProxy.doFilterInternal(FilterChainProxy.java:233)
	at org.springframework.security.web.FilterChainProxy.doFilter(FilterChainProxy.java:191)
	at org.springframework.web.filter.CompositeFilter$VirtualFilterChain.doFilter(CompositeFilter.java:113)
	at org.springframework.web.servlet.handler.HandlerMappingIntrospector.lambda$createCacheFilter$3(HandlerMappingIntrospector.java:243)
	at org.springframework.web.filter.CompositeFilter$VirtualFilterChain.doFilter(CompositeFilter.java:113)
	at org.springframework.web.filter.CompositeFilter.doFilter(CompositeFilter.java:74)
	at org.springframework.security.config.annotation.web.configuration.WebMvcSecurityConfiguration$CompositeFilterChainProxy.doFilter(WebMvcSecurityConfiguration.java:238)
	at org.springframework.web.filter.DelegatingFilterProxy.invokeDelegate(DelegatingFilterProxy.java:362)
	at org.springframework.web.filter.DelegatingFilterProxy.doFilter(DelegatingFilterProxy.java:278)
	at org.springframework.test.web.servlet.setup.MockMvcFilterDecorator.doFilter(MockMvcFilterDecorator.java:162)
	at org.springframework.mock.web.MockFilterChain.doFilter(MockFilterChain.java:132)
	at org.springframework.web.filter.RequestContextFilter.doFilterInternal(RequestContextFilter.java:100)
	at org.springframework.web.filter.OncePerRequestFilter.doFilter(OncePerRequestFilter.java:116)
	at org.springframework.test.web.servlet.setup.MockMvcFilterDecorator.doFilter(MockMvcFilterDecorator.java:162)
	at org.springframework.mock.web.MockFilterChain.doFilter(MockFilterChain.java:132)
	at org.springframework.web.filter.FormContentFilter.doFilterInternal(FormContentFilter.java:93)
	at org.springframework.web.filter.OncePerRequestFilter.doFilter(OncePerRequestFilter.java:116)
	at org.springframework.test.web.servlet.setup.MockMvcFilterDecorator.doFilter(MockMvcFilterDecorator.java:162)
	at org.springframework.mock.web.MockFilterChain.doFilter(MockFilterChain.java:132)
]]></system-out>
  <system-err><![CDATA[]]></system-err>
</testsuite>
