<?xml version="1.0" encoding="UTF-8"?>
<testsuite name="de.tum.cit.aet.artemis.assessment.BonusIntegrationTest" tests="16" skipped="0" failures="0" errors="0" timestamp="2025-02-14T23:42:32" hostname="fv-az1721-502" time="1.611">
  <properties/>
  <testcase name="testUpdateBonusWithoutChangingSourceGradingScale()" classname="de.tum.cit.aet.artemis.assessment.BonusIntegrationTest" time="0.205"/>
  <testcase name="testDeleteBonus()" classname="de.tum.cit.aet.artemis.assessment.BonusIntegrationTest" time="0.102"/>
  <testcase name="testDeleteBonusIsNotAtLeastInstructorInCourseForbidden()" classname="de.tum.cit.aet.artemis.assessment.BonusIntegrationTest" time="0.044"/>
  <testcase name="testCalculateRawBonusWithPointsBonusStrategy_nonNumericGrades()" classname="de.tum.cit.aet.artemis.assessment.BonusIntegrationTest" time="0.136"/>
  <testcase name="testSaveBonusForTargetExam()" classname="de.tum.cit.aet.artemis.assessment.BonusIntegrationTest" time="0.114"/>
  <testcase name="testUpdateBonusWithMismatchingIdsInPathAndBodyConflict()" classname="de.tum.cit.aet.artemis.assessment.BonusIntegrationTest" time="0.055"/>
  <testcase name="testUpdateBonusWithChangingSourceGradingScale()" classname="de.tum.cit.aet.artemis.assessment.BonusIntegrationTest" time="0.108"/>
  <testcase name="testCalculateRawBonusWithGradesContinuousBonusStrategy_nonNumericGrades()" classname="de.tum.cit.aet.artemis.assessment.BonusIntegrationTest" time="0.172"/>
  <testcase name="testUpdateBonusIsNotAtLeastInstructorInCourseForbidden()" classname="de.tum.cit.aet.artemis.assessment.BonusIntegrationTest" time="0.09"/>
  <testcase name="testSaveBonusForGradeScaleTypeError()" classname="de.tum.cit.aet.artemis.assessment.BonusIntegrationTest" time="0.092"/>
  <testcase name="testGetBonusForTargetExam()" classname="de.tum.cit.aet.artemis.assessment.BonusIntegrationTest" time="0.053"/>
  <testcase name="testCreateBonusIsNotAtLeastInstructorInCourseForbidden()" classname="de.tum.cit.aet.artemis.assessment.BonusIntegrationTest" time="0.046"/>
  <testcase name="testGetBonusSourcesForTargetExamNotFound()" classname="de.tum.cit.aet.artemis.assessment.BonusIntegrationTest" time="0.069"/>
  <testcase name="testSaveBonusForTargetExamDuplicateError()" classname="de.tum.cit.aet.artemis.assessment.BonusIntegrationTest" time="0.078"/>
  <testcase name="testCalculateRawBonus(BonusStrategy) [1] bonusStrategy=GRADES_CONTINUOUS" classname="de.tum.cit.aet.artemis.assessment.BonusIntegrationTest" time="0.115"/>
  <testcase name="testCalculateRawBonus(BonusStrategy) [2] bonusStrategy=POINTS" classname="de.tum.cit.aet.artemis.assessment.BonusIntegrationTest" time="0.091"/>
  <system-out><![CDATA[
Starting logs for BonusIntegrationTest

  Starting logs for BonusIntegrationTest > testUpdateBonusWithoutChangingSourceGradingScale()
    23:42:33.006 |  29 nPool-1-worker-3 | DEBUG | d.t.c.a.a.c.u.util.UserUtilService   : Generate 0 students...
    23:42:33.011 |  29 nPool-1-worker-3 | DEBUG | d.t.c.a.a.c.u.util.UserUtilService   : 0 students generated. Generate 0 tutors...
    23:42:33.012 |  29 nPool-1-worker-3 | DEBUG | d.t.c.a.a.c.u.util.UserUtilService   : 0 tutors generated. Generate 0 editors...
    23:42:33.017 |  29 nPool-1-worker-3 | DEBUG | d.t.c.a.a.c.u.util.UserUtilService   : 0 editors generated. Generate 1 instructors...
    23:42:33.022 |  29 nPool-1-worker-3 | DEBUG | d.t.c.a.a.c.u.util.UserUtilService   : 1 instructors generated
    23:42:33.025 |  29 nPool-1-worker-3 | DEBUG | d.t.c.a.a.c.u.util.UserUtilService   : Removing 6 users from all courses...
    23:42:33.026 |  29 nPool-1-worker-3 | DEBUG | d.t.c.a.a.c.u.util.UserUtilService   : Removing 6 users from all courses. Done
    23:42:33.026 |  29 nPool-1-worker-3 | DEBUG | d.t.c.a.a.c.u.util.UserUtilService   : Save 1 users to database...
    23:42:33.031 |  29 nPool-1-worker-3 | DEBUG | d.t.c.a.a.c.u.util.UserUtilService   : Save 1 users to database. Done
    23:42:33.068 |  29 nPool-1-worker-3 | INFO  | i.z.t.d.l.EmbeddedDatabaseReporter   : JDBC URL to connect to 'dataSource': url='jdbc:h2:tcp://localhost:41063/mem:df70fc46-7e57-4cb5-9cd0-c1d90c14afa7;USER=sa', scope='BonusIntegrationTest#testUpdateBonusWithoutChangingSourceGradingScale'
    23:42:33.074 |  29 nPool-1-worker-3 | DEBUG | d.t.c.a.a.c.s.f.ApiVersionFilter     : Adding Version to Request GET /api/courses/228/exams/11/bonus
    23:42:33.077 |  29 nPool-1-worker-3 | DEBUG | d.t.c.a.a.a.web.BonusResource        : REST request to get bonus for exam: 11
    23:42:33.122 |  29 nPool-1-worker-3 | DEBUG | d.t.c.a.a.c.s.f.ApiVersionFilter     : Adding Version to Request PUT /api/courses/228/exams/11/bonus/1
    23:42:33.126 |  29 nPool-1-worker-3 | DEBUG | d.t.c.a.a.a.web.BonusResource        : REST request to update a updatedBonus: 1
    23:42:33.152 |  29 nPool-1-worker-3 | DEBUG | d.t.c.a.a.c.s.f.ApiVersionFilter     : Adding Version to Request GET /api/courses/228/exams/11/bonus
    23:42:33.153 |  29 nPool-1-worker-3 | DEBUG | d.t.c.a.a.a.web.BonusResource        : REST request to get bonus for exam: 11

  Starting logs for BonusIntegrationTest > testDeleteBonus()
    23:42:33.208 |  29 nPool-1-worker-3 | DEBUG | d.t.c.a.a.c.u.util.UserUtilService   : Generate 0 students...
    23:42:33.211 |  29 nPool-1-worker-3 | DEBUG | d.t.c.a.a.c.u.util.UserUtilService   : 0 students generated. Generate 0 tutors...
    23:42:33.213 |  29 nPool-1-worker-3 | DEBUG | d.t.c.a.a.c.u.util.UserUtilService   : 0 tutors generated. Generate 0 editors...
    23:42:33.216 |  29 nPool-1-worker-3 | DEBUG | d.t.c.a.a.c.u.util.UserUtilService   : 0 editors generated. Generate 1 instructors...
    23:42:33.222 |  29 nPool-1-worker-3 | DEBUG | d.t.c.a.a.c.u.util.UserUtilService   : 1 instructors generated
    23:42:33.224 |  29 nPool-1-worker-3 | DEBUG | d.t.c.a.a.c.u.util.UserUtilService   : Removing 1 users from all courses...
    23:42:33.227 |  29 nPool-1-worker-3 | DEBUG | d.t.c.a.a.c.u.util.UserUtilService   : Removing 1 users from all courses. Done
    23:42:33.227 |  29 nPool-1-worker-3 | DEBUG | d.t.c.a.a.c.u.util.UserUtilService   : Save 1 users to database...
    23:42:33.230 |  29 nPool-1-worker-3 | DEBUG | d.t.c.a.a.c.u.util.UserUtilService   : Save 1 users to database. Done
    23:42:33.244 |  29 nPool-1-worker-3 | INFO  | i.z.t.d.l.EmbeddedDatabaseReporter   : JDBC URL to connect to 'dataSource': url='jdbc:h2:tcp://localhost:41063/mem:df70fc46-7e57-4cb5-9cd0-c1d90c14afa7;USER=sa', scope='BonusIntegrationTest#testDeleteBonus'
    23:42:33.246 |  29 nPool-1-worker-3 | DEBUG | d.t.c.a.a.c.s.f.ApiVersionFilter     : Adding Version to Request GET /api/courses/229/exams/13/bonus
    23:42:33.247 |  29 nPool-1-worker-3 | DEBUG | d.t.c.a.a.a.web.BonusResource        : REST request to get bonus for exam: 13
    23:42:33.259 |  29 nPool-1-worker-3 | DEBUG | d.t.c.a.a.c.s.f.ApiVersionFilter     : Adding Version to Request DELETE /api/courses/229/exams/13/bonus/2
    23:42:33.260 |  29 nPool-1-worker-3 | DEBUG | d.t.c.a.a.a.web.BonusResource        : REST request to delete the bonus: 2
    23:42:33.274 |  29 nPool-1-worker-3 | DEBUG | d.t.c.a.a.c.s.f.ApiVersionFilter     : Adding Version to Request GET /api/courses/229/exams/13/bonus
    23:42:33.277 |  29 nPool-1-worker-3 | DEBUG | d.t.c.a.a.a.web.BonusResource        : REST request to get bonus for exam: 13
    23:42:33.281 |  29 nPool-1-worker-3 | WARN  | o.z.p.spring.common.AdviceTraits     : Not Found: BonusToGradingScale exam with id: "13" does not exist

  Starting logs for BonusIntegrationTest > testDeleteBonusIsNotAtLeastInstructorInCourseForbidden()
    23:42:33.304 |  29 nPool-1-worker-3 | DEBUG | d.t.c.a.a.c.u.util.UserUtilService   : Generate 0 students...
    23:42:33.305 |  29 nPool-1-worker-3 | DEBUG | d.t.c.a.a.c.u.util.UserUtilService   : 0 students generated. Generate 0 tutors...
    23:42:33.307 |  29 nPool-1-worker-3 | DEBUG | d.t.c.a.a.c.u.util.UserUtilService   : 0 tutors generated. Generate 0 editors...
    23:42:33.308 |  29 nPool-1-worker-3 | DEBUG | d.t.c.a.a.c.u.util.UserUtilService   : 0 editors generated. Generate 1 instructors...
    23:42:33.311 |  29 nPool-1-worker-3 | DEBUG | d.t.c.a.a.c.u.util.UserUtilService   : 1 instructors generated
    23:42:33.312 |  29 nPool-1-worker-3 | DEBUG | d.t.c.a.a.c.u.util.UserUtilService   : Removing 1 users from all courses...
    23:42:33.312 |  29 nPool-1-worker-3 | DEBUG | d.t.c.a.a.c.u.util.UserUtilService   : Removing 1 users from all courses. Done
    23:42:33.312 |  29 nPool-1-worker-3 | DEBUG | d.t.c.a.a.c.u.util.UserUtilService   : Save 1 users to database...
    23:42:33.315 |  29 nPool-1-worker-3 | DEBUG | d.t.c.a.a.c.u.util.UserUtilService   : Save 1 users to database. Done
    23:42:33.328 |  29 nPool-1-worker-3 | INFO  | i.z.t.d.l.EmbeddedDatabaseReporter   : JDBC URL to connect to 'dataSource': url='jdbc:h2:tcp://localhost:41063/mem:df70fc46-7e57-4cb5-9cd0-c1d90c14afa7;USER=sa', scope='BonusIntegrationTest#testDeleteBonusIsNotAtLeastInstructorInCourseForbidden'
    23:42:33.331 |  29 nPool-1-worker-3 | DEBUG | d.t.c.a.a.c.s.f.ApiVersionFilter     : Adding Version to Request DELETE /api/courses/230/exams/15/bonus/3
    23:42:33.332 |  29 nPool-1-worker-3 | WARN  | o.z.p.spring.common.AdviceTraits     : Forbidden: Access Denied

  Starting logs for BonusIntegrationTest > testCalculateRawBonusWithPointsBonusStrategy_nonNumericGrades()
    23:42:33.348 |  29 nPool-1-worker-3 | DEBUG | d.t.c.a.a.c.u.util.UserUtilService   : Generate 0 students...
    23:42:33.350 |  29 nPool-1-worker-3 | DEBUG | d.t.c.a.a.c.u.util.UserUtilService   : 0 students generated. Generate 0 tutors...
    23:42:33.351 |  29 nPool-1-worker-3 | DEBUG | d.t.c.a.a.c.u.util.UserUtilService   : 0 tutors generated. Generate 0 editors...
    23:42:33.353 |  29 nPool-1-worker-3 | DEBUG | d.t.c.a.a.c.u.util.UserUtilService   : 0 editors generated. Generate 1 instructors...
    23:42:33.356 |  29 nPool-1-worker-3 | DEBUG | d.t.c.a.a.c.u.util.UserUtilService   : 1 instructors generated
    23:42:33.357 |  29 nPool-1-worker-3 | DEBUG | d.t.c.a.a.c.u.util.UserUtilService   : Removing 1 users from all courses...
    23:42:33.358 |  29 nPool-1-worker-3 | DEBUG | d.t.c.a.a.c.u.util.UserUtilService   : Removing 1 users from all courses. Done
    23:42:33.358 |  29 nPool-1-worker-3 | DEBUG | d.t.c.a.a.c.u.util.UserUtilService   : Save 1 users to database...
    23:42:33.360 |  29 nPool-1-worker-3 | DEBUG | d.t.c.a.a.c.u.util.UserUtilService   : Save 1 users to database. Done
    23:42:33.382 |  29 nPool-1-worker-3 | INFO  | i.z.t.d.l.EmbeddedDatabaseReporter   : JDBC URL to connect to 'dataSource': url='jdbc:h2:tcp://localhost:41063/mem:df70fc46-7e57-4cb5-9cd0-c1d90c14afa7;USER=sa', scope='BonusIntegrationTest#testCalculateRawBonusWithPointsBonusStrategy_nonNumericGrades'
    23:42:33.403 |  29 nPool-1-worker-3 | DEBUG | d.t.c.a.a.c.s.f.ApiVersionFilter     : Adding Version to Request GET /api/courses/231/exams/17/bonus/calculate-raw
    23:42:33.460 |  29 nPool-1-worker-3 | ERROR | tech.jhipster.web.util.HeaderUtil    : Entity processing failed, Bonus source grade names must be numeric
    23:42:33.460 |  29 nPool-1-worker-3 | WARN  | o.z.p.spring.common.AdviceTraits     : Bad Request: Bonus source grade names must be numeric

  Starting logs for BonusIntegrationTest > testSaveBonusForTargetExam()
    23:42:33.491 |  29 nPool-1-worker-3 | DEBUG | d.t.c.a.a.c.u.util.UserUtilService   : Generate 0 students...
    23:42:33.496 |  29 nPool-1-worker-3 | DEBUG | d.t.c.a.a.c.u.util.UserUtilService   : 0 students generated. Generate 0 tutors...
    23:42:33.497 |  29 nPool-1-worker-3 | DEBUG | d.t.c.a.a.c.u.util.UserUtilService   : 0 tutors generated. Generate 0 editors...
    23:42:33.502 |  29 nPool-1-worker-3 | DEBUG | d.t.c.a.a.c.u.util.UserUtilService   : 0 editors generated. Generate 1 instructors...
    23:42:33.507 |  29 nPool-1-worker-3 | DEBUG | d.t.c.a.a.c.u.util.UserUtilService   : 1 instructors generated
    23:42:33.508 |  29 nPool-1-worker-3 | DEBUG | d.t.c.a.a.c.u.util.UserUtilService   : Removing 1 users from all courses...
    23:42:33.511 |  29 nPool-1-worker-3 | DEBUG | d.t.c.a.a.c.u.util.UserUtilService   : Removing 1 users from all courses. Done
    23:42:33.511 |  29 nPool-1-worker-3 | DEBUG | d.t.c.a.a.c.u.util.UserUtilService   : Save 1 users to database...
    23:42:33.516 |  29 nPool-1-worker-3 | DEBUG | d.t.c.a.a.c.u.util.UserUtilService   : Save 1 users to database. Done
    23:42:33.544 |  29 nPool-1-worker-3 | INFO  | i.z.t.d.l.EmbeddedDatabaseReporter   : JDBC URL to connect to 'dataSource': url='jdbc:h2:tcp://localhost:41063/mem:df70fc46-7e57-4cb5-9cd0-c1d90c14afa7;USER=sa', scope='BonusIntegrationTest#testSaveBonusForTargetExam'
    23:42:33.551 |  29 nPool-1-worker-3 | DEBUG | d.t.c.a.a.c.s.f.ApiVersionFilter     : Adding Version to Request POST /api/courses/232/exams/19/bonus
    23:42:33.557 |  29 nPool-1-worker-3 | DEBUG | d.t.c.a.a.a.web.BonusResource        : REST request to create a bonus for exam: 19

  Starting logs for BonusIntegrationTest > testUpdateBonusWithMismatchingIdsInPathAndBodyConflict()
    23:42:33.606 |  29 nPool-1-worker-3 | DEBUG | d.t.c.a.a.c.u.util.UserUtilService   : Generate 0 students...
    23:42:33.607 |  29 nPool-1-worker-3 | DEBUG | d.t.c.a.a.c.u.util.UserUtilService   : 0 students generated. Generate 0 tutors...
    23:42:33.608 |  29 nPool-1-worker-3 | DEBUG | d.t.c.a.a.c.u.util.UserUtilService   : 0 tutors generated. Generate 0 editors...
    23:42:33.610 |  29 nPool-1-worker-3 | DEBUG | d.t.c.a.a.c.u.util.UserUtilService   : 0 editors generated. Generate 1 instructors...
    23:42:33.613 |  29 nPool-1-worker-3 | DEBUG | d.t.c.a.a.c.u.util.UserUtilService   : 1 instructors generated
    23:42:33.614 |  29 nPool-1-worker-3 | DEBUG | d.t.c.a.a.c.u.util.UserUtilService   : Removing 1 users from all courses...
    23:42:33.614 |  29 nPool-1-worker-3 | DEBUG | d.t.c.a.a.c.u.util.UserUtilService   : Removing 1 users from all courses. Done
    23:42:33.614 |  29 nPool-1-worker-3 | DEBUG | d.t.c.a.a.c.u.util.UserUtilService   : Save 1 users to database...
    23:42:33.616 |  29 nPool-1-worker-3 | DEBUG | d.t.c.a.a.c.u.util.UserUtilService   : Save 1 users to database. Done
    23:42:33.639 |  29 nPool-1-worker-3 | INFO  | i.z.t.d.l.EmbeddedDatabaseReporter   : JDBC URL to connect to 'dataSource': url='jdbc:h2:tcp://localhost:41063/mem:df70fc46-7e57-4cb5-9cd0-c1d90c14afa7;USER=sa', scope='BonusIntegrationTest#testUpdateBonusWithMismatchingIdsInPathAndBodyConflict'
    23:42:33.642 |  29 nPool-1-worker-3 | DEBUG | d.t.c.a.a.c.s.f.ApiVersionFilter     : Adding Version to Request PUT /api/courses/233/exams/22/bonus/71
    23:42:33.643 |  29 nPool-1-worker-3 | DEBUG | d.t.c.a.a.a.web.BonusResource        : REST request to update a updatedBonus: 71
    23:42:33.644 |  29 nPool-1-worker-3 | WARN  | o.z.p.spring.common.AdviceTraits     : Conflict: The updatedBonus id in the body and path do not match

  Starting logs for BonusIntegrationTest > testUpdateBonusWithChangingSourceGradingScale()
    23:42:33.661 |  29 nPool-1-worker-3 | DEBUG | d.t.c.a.a.c.u.util.UserUtilService   : Generate 0 students...
    23:42:33.663 |  29 nPool-1-worker-3 | DEBUG | d.t.c.a.a.c.u.util.UserUtilService   : 0 students generated. Generate 0 tutors...
    23:42:33.664 |  29 nPool-1-worker-3 | DEBUG | d.t.c.a.a.c.u.util.UserUtilService   : 0 tutors generated. Generate 0 editors...
    23:42:33.666 |  29 nPool-1-worker-3 | DEBUG | d.t.c.a.a.c.u.util.UserUtilService   : 0 editors generated. Generate 1 instructors...
    23:42:33.669 |  29 nPool-1-worker-3 | DEBUG | d.t.c.a.a.c.u.util.UserUtilService   : 1 instructors generated
    23:42:33.670 |  29 nPool-1-worker-3 | DEBUG | d.t.c.a.a.c.u.util.UserUtilService   : Removing 1 users from all courses...
    23:42:33.670 |  29 nPool-1-worker-3 | DEBUG | d.t.c.a.a.c.u.util.UserUtilService   : Removing 1 users from all courses. Done
    23:42:33.670 |  29 nPool-1-worker-3 | DEBUG | d.t.c.a.a.c.u.util.UserUtilService   : Save 1 users to database...
    23:42:33.672 |  29 nPool-1-worker-3 | DEBUG | d.t.c.a.a.c.u.util.UserUtilService   : Save 1 users to database. Done
    23:42:33.696 |  29 nPool-1-worker-3 | INFO  | i.z.t.d.l.EmbeddedDatabaseReporter   : JDBC URL to connect to 'dataSource': url='jdbc:h2:tcp://localhost:41063/mem:df70fc46-7e57-4cb5-9cd0-c1d90c14afa7;USER=sa', scope='BonusIntegrationTest#testUpdateBonusWithChangingSourceGradingScale'
    23:42:33.702 |  29 nPool-1-worker-3 | DEBUG | d.t.c.a.a.c.s.f.ApiVersionFilter     : Adding Version to Request GET /api/courses/234/exams/24/bonus
    23:42:33.703 |  29 nPool-1-worker-3 | DEBUG | d.t.c.a.a.a.web.BonusResource        : REST request to get bonus for exam: 24
    23:42:33.722 |  29 nPool-1-worker-3 | DEBUG | d.t.c.a.a.c.s.f.ApiVersionFilter     : Adding Version to Request PUT /api/courses/234/exams/24/bonus/8
    23:42:33.726 |  29 nPool-1-worker-3 | DEBUG | d.t.c.a.a.a.web.BonusResource        : REST request to update a updatedBonus: 8
    23:42:33.751 |  29 nPool-1-worker-3 | DEBUG | d.t.c.a.a.c.s.f.ApiVersionFilter     : Adding Version to Request GET /api/courses/234/exams/24/bonus
    23:42:33.752 |  29 nPool-1-worker-3 | DEBUG | d.t.c.a.a.a.web.BonusResource        : REST request to get bonus for exam: 24

  Starting logs for BonusIntegrationTest > testCalculateRawBonusWithGradesContinuousBonusStrategy_nonNumericGrades()
    23:42:33.773 |  29 nPool-1-worker-3 | DEBUG | d.t.c.a.a.c.u.util.UserUtilService   : Generate 0 students...
    23:42:33.774 |  29 nPool-1-worker-3 | DEBUG | d.t.c.a.a.c.u.util.UserUtilService   : 0 students generated. Generate 0 tutors...
    23:42:33.776 |  29 nPool-1-worker-3 | DEBUG | d.t.c.a.a.c.u.util.UserUtilService   : 0 tutors generated. Generate 0 editors...
    23:42:33.777 |  29 nPool-1-worker-3 | DEBUG | d.t.c.a.a.c.u.util.UserUtilService   : 0 editors generated. Generate 1 instructors...
    23:42:33.795 |  29 nPool-1-worker-3 | DEBUG | d.t.c.a.a.c.u.util.UserUtilService   : 1 instructors generated
    23:42:33.796 |  29 nPool-1-worker-3 | DEBUG | d.t.c.a.a.c.u.util.UserUtilService   : Removing 1 users from all courses...
    23:42:33.796 |  29 nPool-1-worker-3 | DEBUG | d.t.c.a.a.c.u.util.UserUtilService   : Removing 1 users from all courses. Done
    23:42:33.796 |  29 nPool-1-worker-3 | DEBUG | d.t.c.a.a.c.u.util.UserUtilService   : Save 1 users to database...
    23:42:33.805 |  29 nPool-1-worker-3 | DEBUG | d.t.c.a.a.c.u.util.UserUtilService   : Save 1 users to database. Done
    23:42:33.835 |  29 nPool-1-worker-3 | INFO  | i.z.t.d.l.EmbeddedDatabaseReporter   : JDBC URL to connect to 'dataSource': url='jdbc:h2:tcp://localhost:41063/mem:df70fc46-7e57-4cb5-9cd0-c1d90c14afa7;USER=sa', scope='BonusIntegrationTest#testCalculateRawBonusWithGradesContinuousBonusStrategy_nonNumericGrades'
    23:42:33.849 |  29 nPool-1-worker-3 | DEBUG | d.t.c.a.a.c.s.f.ApiVersionFilter     : Adding Version to Request GET /api/courses/235/exams/26/bonus/calculate-raw
    23:42:33.875 |  29 nPool-1-worker-3 | DEBUG | d.t.c.a.a.c.s.f.ApiVersionFilter     : Adding Version to Request GET /api/courses/235/exams/26/bonus/calculate-raw
    23:42:33.892 |  29 nPool-1-worker-3 | ERROR | tech.jhipster.web.util.HeaderUtil    : Entity processing failed, Bonus source grade names must be numeric
    23:42:33.892 |  29 nPool-1-worker-3 | WARN  | o.z.p.spring.common.AdviceTraits     : Bad Request: Bonus source grade names must be numeric
    23:42:33.902 |  29 nPool-1-worker-3 | DEBUG | d.t.c.a.a.c.s.f.ApiVersionFilter     : Adding Version to Request GET /api/courses/235/exams/26/bonus/calculate-raw
    23:42:33.921 |  29 nPool-1-worker-3 | ERROR | tech.jhipster.web.util.HeaderUtil    : Entity processing failed, Final exam grade names must be numeric for this bonus strategy
    23:42:33.921 |  29 nPool-1-worker-3 | WARN  | o.z.p.spring.common.AdviceTraits     : Bad Request: Final exam grade names must be numeric for this bonus strategy

  Starting logs for BonusIntegrationTest > testUpdateBonusIsNotAtLeastInstructorInCourseForbidden()
    23:42:33.957 |  29 nPool-1-worker-3 | DEBUG | d.t.c.a.a.c.u.util.UserUtilService   : Generate 0 students...
    23:42:33.958 |  29 nPool-1-worker-3 | DEBUG | d.t.c.a.a.c.u.util.UserUtilService   : 0 students generated. Generate 0 tutors...
    23:42:33.960 |  29 nPool-1-worker-3 | DEBUG | d.t.c.a.a.c.u.util.UserUtilService   : 0 tutors generated. Generate 0 editors...
    23:42:33.961 |  29 nPool-1-worker-3 | DEBUG | d.t.c.a.a.c.u.util.UserUtilService   : 0 editors generated. Generate 1 instructors...
    23:42:33.967 |  29 nPool-1-worker-3 | DEBUG | d.t.c.a.a.c.u.util.UserUtilService   : 1 instructors generated
    23:42:33.971 |  29 nPool-1-worker-3 | DEBUG | d.t.c.a.a.c.u.util.UserUtilService   : Removing 1 users from all courses...
    23:42:33.972 |  29 nPool-1-worker-3 | DEBUG | d.t.c.a.a.c.u.util.UserUtilService   : Removing 1 users from all courses. Done
    23:42:33.972 |  29 nPool-1-worker-3 | DEBUG | d.t.c.a.a.c.u.util.UserUtilService   : Save 1 users to database...
    23:42:33.978 |  29 nPool-1-worker-3 | DEBUG | d.t.c.a.a.c.u.util.UserUtilService   : Save 1 users to database. Done
    23:42:34.005 |  29 nPool-1-worker-3 | INFO  | i.z.t.d.l.EmbeddedDatabaseReporter   : JDBC URL to connect to 'dataSource': url='jdbc:h2:tcp://localhost:41063/mem:df70fc46-7e57-4cb5-9cd0-c1d90c14afa7;USER=sa', scope='BonusIntegrationTest#testUpdateBonusIsNotAtLeastInstructorInCourseForbidden'
    23:42:34.011 |  29 nPool-1-worker-3 | DEBUG | d.t.c.a.a.c.s.f.ApiVersionFilter     : Adding Version to Request PUT /api/courses/236/exams/28/bonus/10
    23:42:34.016 |  29 nPool-1-worker-3 | WARN  | o.z.p.spring.common.AdviceTraits     : Forbidden: Access Denied

  Starting logs for BonusIntegrationTest > testSaveBonusForGradeScaleTypeError()
    23:42:34.053 |  29 nPool-1-worker-3 | DEBUG | d.t.c.a.a.c.u.util.UserUtilService   : Generate 0 students...
    23:42:34.054 |  29 nPool-1-worker-3 | DEBUG | d.t.c.a.a.c.u.util.UserUtilService   : 0 students generated. Generate 0 tutors...
    23:42:34.059 |  29 nPool-1-worker-3 | DEBUG | d.t.c.a.a.c.u.util.UserUtilService   : 0 tutors generated. Generate 0 editors...
    23:42:34.062 |  29 nPool-1-worker-3 | DEBUG | d.t.c.a.a.c.u.util.UserUtilService   : 0 editors generated. Generate 1 instructors...
    23:42:34.066 |  29 nPool-1-worker-3 | DEBUG | d.t.c.a.a.c.u.util.UserUtilService   : 1 instructors generated
    23:42:34.070 |  29 nPool-1-worker-3 | DEBUG | d.t.c.a.a.c.u.util.UserUtilService   : Removing 1 users from all courses...
    23:42:34.070 |  29 nPool-1-worker-3 | DEBUG | d.t.c.a.a.c.u.util.UserUtilService   : Removing 1 users from all courses. Done
    23:42:34.070 |  29 nPool-1-worker-3 | DEBUG | d.t.c.a.a.c.u.util.UserUtilService   : Save 1 users to database...
    23:42:34.076 |  29 nPool-1-worker-3 | DEBUG | d.t.c.a.a.c.u.util.UserUtilService   : Save 1 users to database. Done
    23:42:34.101 |  29 nPool-1-worker-3 | INFO  | i.z.t.d.l.EmbeddedDatabaseReporter   : JDBC URL to connect to 'dataSource': url='jdbc:h2:tcp://localhost:41063/mem:df70fc46-7e57-4cb5-9cd0-c1d90c14afa7;USER=sa', scope='BonusIntegrationTest#testSaveBonusForGradeScaleTypeError'
    23:42:34.105 |  29 nPool-1-worker-3 | DEBUG | d.t.c.a.a.c.s.f.ApiVersionFilter     : Adding Version to Request POST /api/courses/237/exams/30/bonus
    23:42:34.106 |  29 nPool-1-worker-3 | DEBUG | d.t.c.a.a.a.web.BonusResource        : REST request to create a bonus for exam: 30
    23:42:34.112 |  29 nPool-1-worker-3 | ERROR | tech.jhipster.web.util.HeaderUtil    : Entity processing failed, Source grade scale should have bonus type.
    23:42:34.112 |  29 nPool-1-worker-3 | WARN  | o.z.p.spring.common.AdviceTraits     : Bad Request: Source grade scale should have bonus type.
    23:42:34.115 |  29 nPool-1-worker-3 | DEBUG | d.t.c.a.a.c.s.f.ApiVersionFilter     : Adding Version to Request POST /api/courses/237/exams/30/bonus
    23:42:34.116 |  29 nPool-1-worker-3 | DEBUG | d.t.c.a.a.a.web.BonusResource        : REST request to create a bonus for exam: 30
    23:42:34.121 |  29 nPool-1-worker-3 | ERROR | tech.jhipster.web.util.HeaderUtil    : Entity processing failed, BonusTo grade scale should have grade type.
    23:42:34.121 |  29 nPool-1-worker-3 | WARN  | o.z.p.spring.common.AdviceTraits     : Bad Request: BonusTo grade scale should have grade type.

  Starting logs for BonusIntegrationTest > testGetBonusForTargetExam()
    23:42:34.136 |  29 nPool-1-worker-3 | DEBUG | d.t.c.a.a.c.u.util.UserUtilService   : Generate 0 students...
    23:42:34.137 |  29 nPool-1-worker-3 | DEBUG | d.t.c.a.a.c.u.util.UserUtilService   : 0 students generated. Generate 0 tutors...
    23:42:34.139 |  29 nPool-1-worker-3 | DEBUG | d.t.c.a.a.c.u.util.UserUtilService   : 0 tutors generated. Generate 0 editors...
    23:42:34.140 |  29 nPool-1-worker-3 | DEBUG | d.t.c.a.a.c.u.util.UserUtilService   : 0 editors generated. Generate 1 instructors...
    23:42:34.143 |  29 nPool-1-worker-3 | DEBUG | d.t.c.a.a.c.u.util.UserUtilService   : 1 instructors generated
    23:42:34.144 |  29 nPool-1-worker-3 | DEBUG | d.t.c.a.a.c.u.util.UserUtilService   : Removing 1 users from all courses...
    23:42:34.145 |  29 nPool-1-worker-3 | DEBUG | d.t.c.a.a.c.u.util.UserUtilService   : Removing 1 users from all courses. Done
    23:42:34.145 |  29 nPool-1-worker-3 | DEBUG | d.t.c.a.a.c.u.util.UserUtilService   : Save 1 users to database...
    23:42:34.147 |  29 nPool-1-worker-3 | DEBUG | d.t.c.a.a.c.u.util.UserUtilService   : Save 1 users to database. Done
    23:42:34.160 |  29 nPool-1-worker-3 | INFO  | i.z.t.d.l.EmbeddedDatabaseReporter   : JDBC URL to connect to 'dataSource': url='jdbc:h2:tcp://localhost:41063/mem:df70fc46-7e57-4cb5-9cd0-c1d90c14afa7;USER=sa', scope='BonusIntegrationTest#testGetBonusForTargetExam'
    23:42:34.163 |  29 nPool-1-worker-3 | DEBUG | d.t.c.a.a.c.s.f.ApiVersionFilter     : Adding Version to Request GET /api/courses/238/exams/32/bonus
    23:42:34.164 |  29 nPool-1-worker-3 | DEBUG | d.t.c.a.a.a.web.BonusResource        : REST request to get bonus for exam: 32

  Starting logs for BonusIntegrationTest > testCreateBonusIsNotAtLeastInstructorInCourseForbidden()
    23:42:34.193 |  29 nPool-1-worker-3 | DEBUG | d.t.c.a.a.c.u.util.UserUtilService   : Generate 0 students...
    23:42:34.195 |  29 nPool-1-worker-3 | DEBUG | d.t.c.a.a.c.u.util.UserUtilService   : 0 students generated. Generate 0 tutors...
    23:42:34.196 |  29 nPool-1-worker-3 | DEBUG | d.t.c.a.a.c.u.util.UserUtilService   : 0 tutors generated. Generate 0 editors...
    23:42:34.198 |  29 nPool-1-worker-3 | DEBUG | d.t.c.a.a.c.u.util.UserUtilService   : 0 editors generated. Generate 1 instructors...
    23:42:34.200 |  29 nPool-1-worker-3 | DEBUG | d.t.c.a.a.c.u.util.UserUtilService   : 1 instructors generated
    23:42:34.201 |  29 nPool-1-worker-3 | DEBUG | d.t.c.a.a.c.u.util.UserUtilService   : Removing 1 users from all courses...
    23:42:34.202 |  29 nPool-1-worker-3 | DEBUG | d.t.c.a.a.c.u.util.UserUtilService   : Removing 1 users from all courses. Done
    23:42:34.202 |  29 nPool-1-worker-3 | DEBUG | d.t.c.a.a.c.u.util.UserUtilService   : Save 1 users to database...
    23:42:34.205 |  29 nPool-1-worker-3 | DEBUG | d.t.c.a.a.c.u.util.UserUtilService   : Save 1 users to database. Done
    23:42:34.220 |  29 nPool-1-worker-3 | INFO  | i.z.t.d.l.EmbeddedDatabaseReporter   : JDBC URL to connect to 'dataSource': url='jdbc:h2:tcp://localhost:41063/mem:df70fc46-7e57-4cb5-9cd0-c1d90c14afa7;USER=sa', scope='BonusIntegrationTest#testCreateBonusIsNotAtLeastInstructorInCourseForbidden'
    23:42:34.222 |  29 nPool-1-worker-3 | DEBUG | d.t.c.a.a.c.s.f.ApiVersionFilter     : Adding Version to Request POST /api/courses/239/exams/34/bonus
    23:42:34.224 |  29 nPool-1-worker-3 | WARN  | o.z.p.spring.common.AdviceTraits     : Forbidden: Access Denied

  Starting logs for BonusIntegrationTest > testGetBonusSourcesForTargetExamNotFound()
    23:42:34.241 |  29 nPool-1-worker-3 | DEBUG | d.t.c.a.a.c.u.util.UserUtilService   : Generate 0 students...
    23:42:34.242 |  29 nPool-1-worker-3 | DEBUG | d.t.c.a.a.c.u.util.UserUtilService   : 0 students generated. Generate 0 tutors...
    23:42:34.244 |  29 nPool-1-worker-3 | DEBUG | d.t.c.a.a.c.u.util.UserUtilService   : 0 tutors generated. Generate 0 editors...
    23:42:34.245 |  29 nPool-1-worker-3 | DEBUG | d.t.c.a.a.c.u.util.UserUtilService   : 0 editors generated. Generate 1 instructors...
    23:42:34.248 |  29 nPool-1-worker-3 | DEBUG | d.t.c.a.a.c.u.util.UserUtilService   : 1 instructors generated
    23:42:34.249 |  29 nPool-1-worker-3 | DEBUG | d.t.c.a.a.c.u.util.UserUtilService   : Removing 1 users from all courses...
    23:42:34.249 |  29 nPool-1-worker-3 | DEBUG | d.t.c.a.a.c.u.util.UserUtilService   : Removing 1 users from all courses. Done
    23:42:34.249 |  29 nPool-1-worker-3 | DEBUG | d.t.c.a.a.c.u.util.UserUtilService   : Save 1 users to database...
    23:42:34.251 |  29 nPool-1-worker-3 | DEBUG | d.t.c.a.a.c.u.util.UserUtilService   : Save 1 users to database. Done
    23:42:34.266 |  29 nPool-1-worker-3 | INFO  | i.z.t.d.l.EmbeddedDatabaseReporter   : JDBC URL to connect to 'dataSource': url='jdbc:h2:tcp://localhost:41063/mem:df70fc46-7e57-4cb5-9cd0-c1d90c14afa7;USER=sa', scope='BonusIntegrationTest#testGetBonusSourcesForTargetExamNotFound'
    23:42:34.274 |  29 nPool-1-worker-3 | DEBUG | d.t.c.a.a.c.s.f.ApiVersionFilter     : Adding Version to Request GET /api/courses/240/exams/36/bonus
    23:42:34.275 |  29 nPool-1-worker-3 | DEBUG | d.t.c.a.a.a.web.BonusResource        : REST request to get bonus for exam: 36
    23:42:34.282 |  29 nPool-1-worker-3 | WARN  | o.z.p.spring.common.AdviceTraits     : Not Found: BonusToGradingScale exam with id: "36" does not exist

  Starting logs for BonusIntegrationTest > testSaveBonusForTargetExamDuplicateError()
    23:42:34.320 |  29 nPool-1-worker-3 | DEBUG | d.t.c.a.a.c.u.util.UserUtilService   : Generate 0 students...
    23:42:34.321 |  29 nPool-1-worker-3 | DEBUG | d.t.c.a.a.c.u.util.UserUtilService   : 0 students generated. Generate 0 tutors...
    23:42:34.322 |  29 nPool-1-worker-3 | DEBUG | d.t.c.a.a.c.u.util.UserUtilService   : 0 tutors generated. Generate 0 editors...
    23:42:34.324 |  29 nPool-1-worker-3 | DEBUG | d.t.c.a.a.c.u.util.UserUtilService   : 0 editors generated. Generate 1 instructors...
    23:42:34.327 |  29 nPool-1-worker-3 | DEBUG | d.t.c.a.a.c.u.util.UserUtilService   : 1 instructors generated
    23:42:34.328 |  29 nPool-1-worker-3 | DEBUG | d.t.c.a.a.c.u.util.UserUtilService   : Removing 1 users from all courses...
    23:42:34.329 |  29 nPool-1-worker-3 | DEBUG | d.t.c.a.a.c.u.util.UserUtilService   : Removing 1 users from all courses. Done
    23:42:34.329 |  29 nPool-1-worker-3 | DEBUG | d.t.c.a.a.c.u.util.UserUtilService   : Save 1 users to database...
    23:42:34.331 |  29 nPool-1-worker-3 | DEBUG | d.t.c.a.a.c.u.util.UserUtilService   : Save 1 users to database. Done
    23:42:34.344 |  29 nPool-1-worker-3 | INFO  | i.z.t.d.l.EmbeddedDatabaseReporter   : JDBC URL to connect to 'dataSource': url='jdbc:h2:tcp://localhost:41063/mem:df70fc46-7e57-4cb5-9cd0-c1d90c14afa7;USER=sa', scope='BonusIntegrationTest#testSaveBonusForTargetExamDuplicateError'
    23:42:34.349 |  29 nPool-1-worker-3 | DEBUG | d.t.c.a.a.c.s.f.ApiVersionFilter     : Adding Version to Request POST /api/courses/241/exams/38/bonus
    23:42:34.351 |  29 nPool-1-worker-3 | DEBUG | d.t.c.a.a.a.web.BonusResource        : REST request to create a bonus for exam: 38
    23:42:34.359 |  29 nPool-1-worker-3 | ERROR | tech.jhipster.web.util.HeaderUtil    : Entity processing failed, A bonus is already created for this bonusToGradingScale
    23:42:34.359 |  29 nPool-1-worker-3 | WARN  | o.z.p.spring.common.AdviceTraits     : Bad Request: A bonus is already created for this bonusToGradingScale

  Starting logs for BonusIntegrationTest > testCalculateRawBonus(BonusStrategy) [1] bonusStrategy=GRADES_CONTINUOUS
    23:42:34.394 |  29 nPool-1-worker-3 | DEBUG | d.t.c.a.a.c.u.util.UserUtilService   : Generate 0 students...
    23:42:34.395 |  29 nPool-1-worker-3 | DEBUG | d.t.c.a.a.c.u.util.UserUtilService   : 0 students generated. Generate 0 tutors...
    23:42:34.401 |  29 nPool-1-worker-3 | DEBUG | d.t.c.a.a.c.u.util.UserUtilService   : 0 tutors generated. Generate 0 editors...
    23:42:34.406 |  29 nPool-1-worker-3 | DEBUG | d.t.c.a.a.c.u.util.UserUtilService   : 0 editors generated. Generate 1 instructors...
    23:42:34.409 |  29 nPool-1-worker-3 | DEBUG | d.t.c.a.a.c.u.util.UserUtilService   : 1 instructors generated
    23:42:34.410 |  29 nPool-1-worker-3 | DEBUG | d.t.c.a.a.c.u.util.UserUtilService   : Removing 1 users from all courses...
    23:42:34.410 |  29 nPool-1-worker-3 | DEBUG | d.t.c.a.a.c.u.util.UserUtilService   : Removing 1 users from all courses. Done
    23:42:34.410 |  29 nPool-1-worker-3 | DEBUG | d.t.c.a.a.c.u.util.UserUtilService   : Save 1 users to database...
    23:42:34.417 |  29 nPool-1-worker-3 | DEBUG | d.t.c.a.a.c.u.util.UserUtilService   : Save 1 users to database. Done
    23:42:34.448 |  29 nPool-1-worker-3 | INFO  | i.z.t.d.l.EmbeddedDatabaseReporter   : JDBC URL to connect to 'dataSource': url='jdbc:h2:tcp://localhost:41063/mem:df70fc46-7e57-4cb5-9cd0-c1d90c14afa7;USER=sa', scope='BonusIntegrationTest#testCalculateRawBonus'
    23:42:34.454 |  29 nPool-1-worker-3 | DEBUG | d.t.c.a.a.c.s.f.ApiVersionFilter     : Adding Version to Request GET /api/courses/242/exams/40/bonus/calculate-raw
    23:42:34.465 |  29 nPool-1-worker-3 | DEBUG | d.t.c.a.a.c.s.f.ApiVersionFilter     : Adding Version to Request GET /api/courses/242/exams/40/bonus/calculate-raw
    23:42:34.483 |  29 nPool-1-worker-3 | DEBUG | d.t.c.a.a.c.s.f.ApiVersionFilter     : Adding Version to Request GET /api/courses/242/exams/40/bonus/calculate-raw

  Starting logs for BonusIntegrationTest > testCalculateRawBonus(BonusStrategy) [2] bonusStrategy=POINTS
    23:42:34.510 |  29 nPool-1-worker-3 | DEBUG | d.t.c.a.a.c.u.util.UserUtilService   : Generate 0 students...
    23:42:34.511 |  29 nPool-1-worker-3 | DEBUG | d.t.c.a.a.c.u.util.UserUtilService   : 0 students generated. Generate 0 tutors...
    23:42:34.512 |  29 nPool-1-worker-3 | DEBUG | d.t.c.a.a.c.u.util.UserUtilService   : 0 tutors generated. Generate 0 editors...
    23:42:34.514 |  29 nPool-1-worker-3 | DEBUG | d.t.c.a.a.c.u.util.UserUtilService   : 0 editors generated. Generate 1 instructors...
    23:42:34.517 |  29 nPool-1-worker-3 | DEBUG | d.t.c.a.a.c.u.util.UserUtilService   : 1 instructors generated
    23:42:34.518 |  29 nPool-1-worker-3 | DEBUG | d.t.c.a.a.c.u.util.UserUtilService   : Removing 1 users from all courses...
    23:42:34.518 |  29 nPool-1-worker-3 | DEBUG | d.t.c.a.a.c.u.util.UserUtilService   : Removing 1 users from all courses. Done
    23:42:34.518 |  29 nPool-1-worker-3 | DEBUG | d.t.c.a.a.c.u.util.UserUtilService   : Save 1 users to database...
    23:42:34.520 |  29 nPool-1-worker-3 | DEBUG | d.t.c.a.a.c.u.util.UserUtilService   : Save 1 users to database. Done
    23:42:34.534 |  29 nPool-1-worker-3 | INFO  | i.z.t.d.l.EmbeddedDatabaseReporter   : JDBC URL to connect to 'dataSource': url='jdbc:h2:tcp://localhost:41063/mem:df70fc46-7e57-4cb5-9cd0-c1d90c14afa7;USER=sa', scope='BonusIntegrationTest#testCalculateRawBonus'
    23:42:34.541 |  29 nPool-1-worker-3 | DEBUG | d.t.c.a.a.c.s.f.ApiVersionFilter     : Adding Version to Request GET /api/courses/243/exams/42/bonus/calculate-raw
    23:42:34.553 |  29 nPool-1-worker-3 | DEBUG | d.t.c.a.a.c.s.f.ApiVersionFilter     : Adding Version to Request GET /api/courses/243/exams/42/bonus/calculate-raw
    23:42:34.567 |  29 nPool-1-worker-3 | DEBUG | d.t.c.a.a.c.s.f.ApiVersionFilter     : Adding Version to Request GET /api/courses/243/exams/42/bonus/calculate-raw

Finished logs for BonusIntegrationTest
]]></system-out>
  <system-err><![CDATA[]]></system-err>
</testsuite>
