<?xml version="1.0" encoding="UTF-8"?>
<testsuite name="de.tum.cit.aet.artemis.programming.icl.LocalCIIntegrationTest" tests="19" skipped="0" failures="0" errors="0" timestamp="2025-02-14T23:42:41" hostname="fv-az1721-502" time="50.049">
  <properties/>
  <testcase name="testDisableNetworkAccessAndEnvVars()" classname="de.tum.cit.aet.artemis.programming.icl.LocalCIIntegrationTest" time="7.594"/>
  <testcase name="testCommitHashNull()" classname="de.tum.cit.aet.artemis.programming.icl.LocalCIIntegrationTest" time="3.717"/>
  <testcase name="testPauseAndResumeBuildAgent()" classname="de.tum.cit.aet.artemis.programming.icl.LocalCIIntegrationTest" time="3.562"/>
  <testcase name="testGetSubmissionReturnsWhenSubmissionProcessing()" classname="de.tum.cit.aet.artemis.programming.icl.LocalCIIntegrationTest" time="0.347"/>
  <testcase name="testSubmitViaOnlineEditor()" classname="de.tum.cit.aet.artemis.programming.icl.LocalCIIntegrationTest" time="3.757"/>
  <testcase name="testStaticCodeAnalysis()" classname="de.tum.cit.aet.artemis.programming.icl.LocalCIIntegrationTest" time="3.675"/>
  <testcase name="testInvalidLocalVCRepositoryUri()" classname="de.tum.cit.aet.artemis.programming.icl.LocalCIIntegrationTest" time="0.206"/>
  <testcase name="testBuildLogs()" classname="de.tum.cit.aet.artemis.programming.icl.LocalCIIntegrationTest" time="3.72"/>
  <testcase name="testIOExceptionWhenParsingTestResults()" classname="de.tum.cit.aet.artemis.programming.icl.LocalCIIntegrationTest" time="1.819"/>
  <testcase name="testEmptyResultFile()" classname="de.tum.cit.aet.artemis.programming.icl.LocalCIIntegrationTest" time="3.578"/>
  <testcase name="testLegacyResultFormat()" classname="de.tum.cit.aet.artemis.programming.icl.LocalCIIntegrationTest" time="3.607"/>
  <testcase name="testResultsNotFound()" classname="de.tum.cit.aet.artemis.programming.icl.LocalCIIntegrationTest" time="2.033"/>
  <testcase name="testBuildJobPersistence()" classname="de.tum.cit.aet.artemis.programming.icl.LocalCIIntegrationTest" time="1.711"/>
  <testcase name="testCustomCheckoutPaths()" classname="de.tum.cit.aet.artemis.programming.icl.LocalCIIntegrationTest" time="3.655"/>
  <testcase name="testBuildJobTimingInfo()" classname="de.tum.cit.aet.artemis.programming.icl.LocalCIIntegrationTest" time="0.385"/>
  <testcase name="testProjectTypeIsNull()" classname="de.tum.cit.aet.artemis.programming.icl.LocalCIIntegrationTest" time="3.841"/>
  <testcase name="testNoParticipationWhenPushingToTestsRepository()" classname="de.tum.cit.aet.artemis.programming.icl.LocalCIIntegrationTest" time="0.405"/>
  <testcase name="testFaultyResultFiles()" classname="de.tum.cit.aet.artemis.programming.icl.LocalCIIntegrationTest" time="2.041"/>
  <testcase name="testNoExceptionWhenResolvingWrongCommitHash()" classname="de.tum.cit.aet.artemis.programming.icl.LocalCIIntegrationTest" time="0.381"/>
  <system-out><![CDATA[
Starting logs for LocalCIIntegrationTest

  Starting logs for LocalCIIntegrationTest > testDisableNetworkAccessAndEnvVars()
    23:42:41.536 |  27 nPool-1-worker-1 | DEBUG | d.t.c.a.a.c.u.util.UserUtilService   : Generate 2 students...
    23:42:41.538 |  27 nPool-1-worker-1 | DEBUG | d.t.c.a.a.c.u.util.UserUtilService   : 2 students generated. Generate 1 tutors...
    23:42:41.540 |  27 nPool-1-worker-1 | DEBUG | d.t.c.a.a.c.u.util.UserUtilService   : 1 tutors generated. Generate 0 editors...
    23:42:41.542 |  27 nPool-1-worker-1 | DEBUG | d.t.c.a.a.c.u.util.UserUtilService   : 0 editors generated. Generate 2 instructors...
    23:42:41.544 |  27 nPool-1-worker-1 | DEBUG | d.t.c.a.a.c.u.util.UserUtilService   : 2 instructors generated
    23:42:41.545 |  27 nPool-1-worker-1 | DEBUG | d.t.c.a.a.c.u.util.UserUtilService   : Removing 0 users from all courses...
    23:42:41.545 |  27 nPool-1-worker-1 | DEBUG | d.t.c.a.a.c.u.util.UserUtilService   : Removing 0 users from all courses. Done
    23:42:41.545 |  27 nPool-1-worker-1 | DEBUG | d.t.c.a.a.c.u.util.UserUtilService   : Save 5 users to database...
    23:42:41.548 |  27 nPool-1-worker-1 | DEBUG | d.t.c.a.a.c.u.util.UserUtilService   : Save 5 users to database. Done
    23:42:42.230 |  27 nPool-1-worker-1 | INFO  | i.z.t.d.l.EmbeddedDatabaseReporter   : JDBC URL to connect to 'dataSource': url='jdbc:h2:tcp://localhost:41063/mem:f240edcd-27ce-47a3-b4ab-a6a00c154135;USER=sa', scope='LocalCIIntegrationTest#testDisableNetworkAccessAndEnvVars'
    23:42:42.240 |  27 nPool-1-worker-1 | DEBUG | PersonalAccessTokenManagementService : Generate secure vcs access token
    23:42:42.248 |  27 nPool-1-worker-1 | DEBUG | .c.a.a.p.i.LocalVCLocalCITestService : Created participation with id: 462
    23:42:42.302 |  27 nPool-1-worker-1 | INFO  | a.a.p.s.ProgrammingSubmissionService : NotifyPush invoked due to the commit a9c717ccf7bcbe9531d3eee21dbaeb5aab2ff971 by runner with runner@fv-az1721-502.3f4brhnmpvfezfvsf01bsr3jih.cx.internal.cloudapp.net in branch main
    23:42:42.303 |  27 nPool-1-worker-1 | INFO  | .t.c.a.a.p.s.l.LocalCITriggerService : Triggering build for participation 462 and commit hash a9c717ccf7bcbe9531d3eee21dbaeb5aab2ff971
    23:42:42.303 |  27 nPool-1-worker-1 | DEBUG | d.t.c.a.a.p.s.AbstractGitService     : getLastCommitHash http://localhost:49152/git/SHORT43ACF76B02BC1044B80938509D14043FABDETSTEXC/short43acf76b02bc1044b80938509d14043fabdetstexc-localciintstudent1.git
    23:42:42.304 |  27 nPool-1-worker-1 | ERROR | d.t.c.a.a.p.s.AbstractGitService     : Cannot use ssh properly because of mismatch of Jgit transport object: org.eclipse.jgit.transport.TransportLocal@3607f1c
    23:42:42.318 |  27 nPool-1-worker-1 | DEBUG | d.t.c.a.a.p.s.AbstractGitService     : getLastCommitHash http://localhost:49152/git/SHORT43ACF76B02BC1044B80938509D14043FABDETSTEXC/short43acf76b02bc1044b80938509d14043fabdetstexc-tests.git
    23:42:42.318 |  27 nPool-1-worker-1 | ERROR | d.t.c.a.a.p.s.AbstractGitService     : Cannot use ssh properly because of mismatch of Jgit transport object: org.eclipse.jgit.transport.TransportLocal@424d7888
    23:42:42.359 |  27 nPool-1-worker-1 | INFO  | .t.c.a.a.p.s.l.LocalCITriggerService : Added build job 4621739576562326 for exercise TSTEXC and participation 462 with priority 2 to the queue
    23:42:42.366 |  27 nPool-1-worker-1 | INFO  | a.a.p.s.ProgrammingSubmissionService : Create new programmingSubmission with commitHash: a9c717ccf7bcbe9531d3eee21dbaeb5aab2ff971 for participation 462
    23:42:42.376 |  27 nPool-1-worker-1 | DEBUG | .t.c.a.a.p.s.l.LocalVCServletService : New push processed to repository http://localhost:49152/git/SHORT43ACF76B02BC1044B80938509D14043FABDETSTEXC/short43acf76b02bc1044b80938509d14043fabdetstexc-localciintstudent1.git for commit a9c717ccf7bcbe9531d3eee21dbaeb5aab2ff971 in 125.84ms. A build job was queued.
    23:42:42.379 | 566 localvc.event-13 | DEBUG | s.l.LocalCIWebsocketMessagingService : Sending message on topic /topic/admin/queued-jobs: [BuildJobQueueItem[id=4621739576562326, name=SHORT43ACF76B02BC1044B80938509D14043FABDETSTEXC-LOCALCIINTSTUDENT1, buildAgent=BuildAgentDTO[name=null, memberAddress=null, displayName=null], participationId=462, courseId=147, exerciseId=298, retryCount=0, priority=2, status=null, repositoryInfo=RepositoryInfo[repositoryName=short43acf76b02bc1044b80938509d14043fabdetstexc-localciintstudent1, repositoryType=user, triggeredByPushTo=user, assignmentRepositoryUri=, testRepositoryUri=, solutionRepositoryUri=, auxiliaryRepositoryUris=null, auxiliaryRepositoryCheckoutDirectories=null], jobTimingInfo=JobTimingInfo[submissionDate=2025-02-14T23:42:42.326978596Z[Etc/UTC], buildStartDate=null, buildCompletionDate=null, estimatedCompletionDate=null, estimatedDuration=19], buildConfig=BuildConfig[buildScript=, dockerImage=, commitHashToBuild=a9c717ccf7bcbe9531d3eee21dbaeb5aab2ff971, assignmentCommitHash=, testCommitHash=, branch=, programmingLanguage=null, projectType=null, scaEnabled=false, sequentialTestRunsEnabled=false, resultPaths=null, timeoutSeconds=0, assignmentCheckoutPath=, testCheckoutPath=, solutionCheckoutPath=, dockerRunConfig=null], submissionResult=null]]
    23:42:42.413 | 566 localvc.event-13 | DEBUG | s.l.LocalCIWebsocketMessagingService : Sending message on topic /topic/courses/147/queued-jobs: [BuildJobQueueItem[id=4621739576562326, name=SHORT43ACF76B02BC1044B80938509D14043FABDETSTEXC-LOCALCIINTSTUDENT1, buildAgent=BuildAgentDTO[name=null, memberAddress=null, displayName=null], participationId=462, courseId=147, exerciseId=298, retryCount=0, priority=2, status=null, repositoryInfo=RepositoryInfo[repositoryName=short43acf76b02bc1044b80938509d14043fabdetstexc-localciintstudent1, repositoryType=user, triggeredByPushTo=user, assignmentRepositoryUri=, testRepositoryUri=, solutionRepositoryUri=, auxiliaryRepositoryUris=null, auxiliaryRepositoryCheckoutDirectories=null], jobTimingInfo=JobTimingInfo[submissionDate=2025-02-14T23:42:42.326978596Z[Etc/UTC], buildStartDate=null, buildCompletionDate=null, estimatedCompletionDate=null, estimatedDuration=19], buildConfig=BuildConfig[buildScript=, dockerImage=, commitHashToBuild=a9c717ccf7bcbe9531d3eee21dbaeb5aab2ff971, assignmentCommitHash=, testCommitHash=, branch=, programmingLanguage=null, projectType=null, scaEnabled=false, sequentialTestRunsEnabled=false, resultPaths=null, timeoutSeconds=0, assignmentCheckoutPath=, testCheckoutPath=, solutionCheckoutPath=, dockerRunConfig=null], submissionResult=null]]
    23:42:42.414 | 566 localvc.event-13 | DEBUG | a.a.b.s.SharedQueueProcessingService : CIBuildJobQueueItem added to queue: BuildJobQueueItem[id=4621739576562326, name=SHORT43ACF76B02BC1044B80938509D14043FABDETSTEXC-LOCALCIINTSTUDENT1, buildAgent=BuildAgentDTO[name=null, memberAddress=null, displayName=null], participationId=462, courseId=147, exerciseId=298, retryCount=0, priority=2, status=null, repositoryInfo=RepositoryInfo[repositoryName=short43acf76b02bc1044b80938509d14043fabdetstexc-localciintstudent1, repositoryType=user, triggeredByPushTo=user, assignmentRepositoryUri=http://localhost:49152/git/SHORT43ACF76B02BC1044B80938509D14043FABDETSTEXC/short43acf76b02bc1044b80938509d14043fabdetstexc-localciintstudent1.git, testRepositoryUri=http://localhost:49152/git/SHORT43ACF76B02BC1044B80938509D14043FABDETSTEXC/short43acf76b02bc1044b80938509d14043fabdetstexc-tests.git, solutionRepositoryUri=null, auxiliaryRepositoryUris=[Ljava.lang.String;@448c4d07, auxiliaryRepositoryCheckoutDirectories=[Ljava.lang.String;@6e994248], jobTimingInfo=JobTimingInfo[submissionDate=2025-02-14T23:42:42.326978596Z[Etc/UTC], buildStartDate=null, buildCompletionDate=null, estimatedCompletionDate=null, estimatedDuration=19], buildConfig=BuildConfig[buildScript=#!/bin/bash
cd /var/tmp/testing-dir
chmod +x ./gradlew
./gradlew clean test
, dockerImage=dummy-docker-image:latest, commitHashToBuild=a9c717ccf7bcbe9531d3eee21dbaeb5aab2ff971, assignmentCommitHash=a9c717ccf7bcbe9531d3eee21dbaeb5aab2ff971, testCommitHash=a9c717ccf7bcbe9531d3eee21dbaeb5aab2ff971, branch=main, programmingLanguage=JAVA, projectType=PLAIN_GRADLE, scaEnabled=false, sequentialTestRunsEnabled=false, resultPaths=[/var/tmp/testing-dir/**/test-results/test/*.xml], timeoutSeconds=0, assignmentCheckoutPath=null, testCheckoutPath=null, solutionCheckoutPath=null, dockerRunConfig=DockerRunConfig[isNetworkDisabled=true, env=[key=value]]], submissionResult=null]
    23:42:42.386 | 951 waitility-thread | DEBUG | .a.s.ParticipantScoreScheduleService : Processing of 0 results and 0 participant scores.
    23:42:42.417 | 588 artemis-task-1   | DEBUG | d.t.c.a.a.c.c.w.GzipMessageConverter : Compressed message payload from 730 to 604 (saved 17.3% payload size)
    23:42:42.417 | 588 artemis-task-1   | DEBUG | d.t.c.a.a.c.c.w.GzipMessageConverter : Compressed message payload from 730 to 604 (saved 17.3% payload size)
    23:42:42.417 | 566 localvc.event-13 | DEBUG | a.a.b.s.SharedQueueProcessingService : Current queued items: 1
    23:42:42.418 | 566 localvc.event-13 | DEBUG | a.a.b.s.SharedQueueProcessingService : Currently processing jobs on this node: 0, active threads in Pool: 0, maximum pool size of thread executor : 1
    23:42:42.418 | 566 localvc.event-13 | DEBUG | a.a.b.s.SharedQueueProcessingService : Currently processing jobs on this node: 0, active threads in Pool: 0, maximum pool size of thread executor : 1
    23:42:42.421 | 564 localvc.event-11 | DEBUG | a.p.s.l.LocalCIQueueWebsocketService : CIBuildJobQueueItem added to processing jobs: BuildJobQueueItem[id=4621739576562326, name=SHORT43ACF76B02BC1044B80938509D14043FABDETSTEXC-LOCALCIINTSTUDENT1, buildAgent=BuildAgentDTO[name=artemis-build-agent-test, memberAddress=[127.0.0.1]:5703, displayName=artemis-build-agent-test], participationId=462, courseId=147, exerciseId=298, retryCount=0, priority=2, status=null, repositoryInfo=RepositoryInfo[repositoryName=short43acf76b02bc1044b80938509d14043fabdetstexc-localciintstudent1, repositoryType=user, triggeredByPushTo=user, assignmentRepositoryUri=http://localhost:49152/git/SHORT43ACF76B02BC1044B80938509D14043FABDETSTEXC/short43acf76b02bc1044b80938509d14043fabdetstexc-localciintstudent1.git, testRepositoryUri=http://localhost:49152/git/SHORT43ACF76B02BC1044B80938509D14043FABDETSTEXC/short43acf76b02bc1044b80938509d14043fabdetstexc-tests.git, solutionRepositoryUri=null, auxiliaryRepositoryUris=[Ljava.lang.String;@23e6127d, auxiliaryRepositoryCheckoutDirectories=[Ljava.lang.String;@27d992d9], jobTimingInfo=JobTimingInfo[submissionDate=2025-02-14T23:42:42.326978596Z[Etc/UTC], buildStartDate=2025-02-14T23:42:42.420147010Z[Etc/UTC], buildCompletionDate=null, estimatedCompletionDate=2025-02-14T23:43:01.420129377Z[Etc/UTC], estimatedDuration=19], buildConfig=BuildConfig[buildScript=#!/bin/bash
cd /var/tmp/testing-dir
chmod +x ./gradlew
./gradlew clean test
, dockerImage=dummy-docker-image:latest, commitHashToBuild=a9c717ccf7bcbe9531d3eee21dbaeb5aab2ff971, assignmentCommitHash=a9c717ccf7bcbe9531d3eee21dbaeb5aab2ff971, testCommitHash=a9c717ccf7bcbe9531d3eee21dbaeb5aab2ff971, branch=main, programmingLanguage=JAVA, projectType=PLAIN_GRADLE, scaEnabled=false, sequentialTestRunsEnabled=false, resultPaths=[/var/tmp/testing-dir/**/test-results/test/*.xml], timeoutSeconds=0, assignmentCheckoutPath=null, testCheckoutPath=null, solutionCheckoutPath=null, dockerRunConfig=DockerRunConfig[isNetworkDisabled=true, env=[key=value]]], submissionResult=null]
    23:42:42.425 | 564 localvc.event-11 | DEBUG | s.l.LocalCIWebsocketMessagingService : Sending message on topic /topic/admin/running-jobs: [BuildJobQueueItem[id=4621739576562326, name=SHORT43ACF76B02BC1044B80938509D14043FABDETSTEXC-LOCALCIINTSTUDENT1, buildAgent=BuildAgentDTO[name=artemis-build-agent-test, memberAddress=[127.0.0.1]:5703, displayName=artemis-build-agent-test], participationId=462, courseId=147, exerciseId=298, retryCount=0, priority=2, status=null, repositoryInfo=RepositoryInfo[repositoryName=short43acf76b02bc1044b80938509d14043fabdetstexc-localciintstudent1, repositoryType=user, triggeredByPushTo=user, assignmentRepositoryUri=, testRepositoryUri=, solutionRepositoryUri=, auxiliaryRepositoryUris=null, auxiliaryRepositoryCheckoutDirectories=null], jobTimingInfo=JobTimingInfo[submissionDate=2025-02-14T23:42:42.326978596Z[Etc/UTC], buildStartDate=2025-02-14T23:42:42.420147010Z[Etc/UTC], buildCompletionDate=null, estimatedCompletionDate=2025-02-14T23:43:01.420129377Z[Etc/UTC], estimatedDuration=19], buildConfig=BuildConfig[buildScript=, dockerImage=, commitHashToBuild=a9c717ccf7bcbe9531d3eee21dbaeb5aab2ff971, assignmentCommitHash=, testCommitHash=, branch=, programmingLanguage=null, projectType=null, scaEnabled=false, sequentialTestRunsEnabled=false, resultPaths=null, timeoutSeconds=0, assignmentCheckoutPath=, testCheckoutPath=, solutionCheckoutPath=, dockerRunConfig=null], submissionResult=null]]
    23:42:42.426 | 564 localvc.event-11 | DEBUG | s.l.LocalCIWebsocketMessagingService : Sending message on topic /topic/courses/147/running-jobs: [BuildJobQueueItem[id=4621739576562326, name=SHORT43ACF76B02BC1044B80938509D14043FABDETSTEXC-LOCALCIINTSTUDENT1, buildAgent=BuildAgentDTO[name=artemis-build-agent-test, memberAddress=[127.0.0.1]:5703, displayName=artemis-build-agent-test], participationId=462, courseId=147, exerciseId=298, retryCount=0, priority=2, status=null, repositoryInfo=RepositoryInfo[repositoryName=short43acf76b02bc1044b80938509d14043fabdetstexc-localciintstudent1, repositoryType=user, triggeredByPushTo=user, assignmentRepositoryUri=, testRepositoryUri=, solutionRepositoryUri=, auxiliaryRepositoryUris=null, auxiliaryRepositoryCheckoutDirectories=null], jobTimingInfo=JobTimingInfo[submissionDate=2025-02-14T23:42:42.326978596Z[Etc/UTC], buildStartDate=2025-02-14T23:42:42.420147010Z[Etc/UTC], buildCompletionDate=null, estimatedCompletionDate=2025-02-14T23:43:01.420129377Z[Etc/UTC], estimatedDuration=19], buildConfig=BuildConfig[buildScript=, dockerImage=, commitHashToBuild=a9c717ccf7bcbe9531d3eee21dbaeb5aab2ff971, assignmentCommitHash=, testCommitHash=, branch=, programmingLanguage=null, projectType=null, scaEnabled=false, sequentialTestRunsEnabled=false, resultPaths=null, timeoutSeconds=0, assignmentCheckoutPath=, testCheckoutPath=, solutionCheckoutPath=, dockerRunConfig=null], submissionResult=null]]
    23:42:42.428 | 588 artemis-task-1   | DEBUG | d.t.c.a.a.c.c.w.GzipMessageConverter : Compressed message payload from 984 to 720 (saved 26.8% payload size)
    23:42:42.428 | 588 artemis-task-1   | DEBUG | d.t.c.a.a.c.c.w.GzipMessageConverter : Compressed message payload from 984 to 720 (saved 26.8% payload size)
    23:42:42.432 | 566 localvc.event-13 | INFO  | a.a.b.s.SharedQueueProcessingService : Processing build job: BuildJobQueueItem[id=4621739576562326, name=SHORT43ACF76B02BC1044B80938509D14043FABDETSTEXC-LOCALCIINTSTUDENT1, buildAgent=BuildAgentDTO[name=artemis-build-agent-test, memberAddress=[127.0.0.1]:5703, displayName=artemis-build-agent-test], participationId=462, courseId=147, exerciseId=298, retryCount=0, priority=2, status=null, repositoryInfo=RepositoryInfo[repositoryName=short43acf76b02bc1044b80938509d14043fabdetstexc-localciintstudent1, repositoryType=user, triggeredByPushTo=user, assignmentRepositoryUri=http://localhost:49152/git/SHORT43ACF76B02BC1044B80938509D14043FABDETSTEXC/short43acf76b02bc1044b80938509d14043fabdetstexc-localciintstudent1.git, testRepositoryUri=http://localhost:49152/git/SHORT43ACF76B02BC1044B80938509D14043FABDETSTEXC/short43acf76b02bc1044b80938509d14043fabdetstexc-tests.git, solutionRepositoryUri=null, auxiliaryRepositoryUris=[Ljava.lang.String;@4d60a121, auxiliaryRepositoryCheckoutDirectories=[Ljava.lang.String;@7e7965f2], jobTimingInfo=JobTimingInfo[submissionDate=2025-02-14T23:42:42.326978596Z[Etc/UTC], buildStartDate=2025-02-14T23:42:42.420147010Z[Etc/UTC], buildCompletionDate=null, estimatedCompletionDate=2025-02-14T23:43:01.420129377Z[Etc/UTC], estimatedDuration=19], buildConfig=BuildConfig[buildScript=#!/bin/bash
cd /var/tmp/testing-dir
chmod +x ./gradlew
./gradlew clean test
, dockerImage=dummy-docker-image:latest, commitHashToBuild=a9c717ccf7bcbe9531d3eee21dbaeb5aab2ff971, assignmentCommitHash=a9c717ccf7bcbe9531d3eee21dbaeb5aab2ff971, testCommitHash=a9c717ccf7bcbe9531d3eee21dbaeb5aab2ff971, branch=main, programmingLanguage=JAVA, projectType=PLAIN_GRADLE, scaEnabled=false, sequentialTestRunsEnabled=false, resultPaths=[/var/tmp/testing-dir/**/test-results/test/*.xml], timeoutSeconds=0, assignmentCheckoutPath=null, testCheckoutPath=null, solutionCheckoutPath=null, dockerRunConfig=DockerRunConfig[isNetworkDisabled=true, env=[key=value]]], submissionResult=null]
    23:42:42.436 | 953 local-ci-build-0 | DEBUG | t.c.a.a.b.s.BuildJobExecutionService : ~~~~~~~~~~~~~~~~~~~~ Start Build Job 4621739576562326 ~~~~~~~~~~~~~~~~~~~~
    23:42:42.437 | 953 local-ci-build-0 | INFO  | .t.c.a.a.b.s.BuildAgentDockerService : ~~~~~~~~~~~~~~~~~~~~ Inspecting docker image dummy-docker-image:latest ~~~~~~~~~~~~~~~~~~~~
    23:42:42.437 | 953 local-ci-build-0 | DEBUG | d.t.c.a.a.b.s.BuildJobGitService     : Cloning from ssh://git@localhost:7921/git/SHORT43ACF76B02BC1044B80938509D14043FABDETSTEXC/short43acf76b02bc1044b80938509d14043fabdetstexc-localciintstudent1.git to checked-out-repos/a9c717ccf7bcbe9531d3eee21dbaeb5aab2ff971/SHORT43ACF76B02BC1044B80938509D14043FABDETSTEXC/short43acf76b02bc1044b80938509d14043fabdetstexc-localciintstudent1
    23:42:42.522 | 951 waitility-thread | DEBUG | .a.s.ParticipantScoreScheduleService : Processing of 0 results and 0 participant scores.
    23:42:42.548 | 614 taskScheduler-3  | DEBUG | a.a.b.s.SharedQueueProcessingService : Currently processing jobs on this node: 1, active threads in Pool: 1, maximum pool size of thread executor : 1
    23:42:42.548 | 614 taskScheduler-3  | DEBUG | a.a.b.s.SharedQueueProcessingService : Node has no available threads currently
    23:42:42.680 | 953 local-ci-build-0 | DEBUG | d.t.c.a.a.p.s.AbstractGitService     : getOptions: localhost:7921
    23:42:42.727 | 951 waitility-thread | DEBUG | .a.s.ParticipantScoreScheduleService : Processing of 0 results and 0 participant scores.
    23:42:42.991 | 960 1)-nio2-thread-2 | WARN  | s.s.k.SimpleGeneratorHostKeyProvider : resolveKeyPair(EC)[/home/runner/work/Artemis/Artemis/tmp/hostkey.ser] Failed (NoSuchFileException) to write EC key: /home/runner/work/Artemis/Artemis/tmp/hostkey.ser
    23:42:43.134 | 951 waitility-thread | DEBUG | .a.s.ParticipantScoreScheduleService : Processing of 0 results and 0 participant scores.
    23:42:43.948 | 951 waitility-thread | DEBUG | .a.s.ParticipantScoreScheduleService : Processing of 0 results and 0 participant scores.
    23:42:44.012 | 967 0]-nio2-thread-5 | WARN  | o.e.j.i.t.s.OpenSshServerKeyDatabase : Could not update known hosts file /tmp/known_hosts
org.eclipse.jgit.errors.UnsupportedCredentialItem: /tmp/known_hosts: org.eclipse.jgit.transport.CredentialItem$YesNoType:Create file /tmp/known_hosts ?
	at org.eclipse.jgit.transport.UsernamePasswordCredentialsProvider.get(UsernamePasswordCredentialsProvider.java:100)
	at org.eclipse.jgit.transport.CredentialsProvider.get(CredentialsProvider.java:125)
	at org.eclipse.jgit.internal.transport.sshd.OpenSshServerKeyDatabase$AskUser.askUser(OpenSshServerKeyDatabase.java:429)
	at org.eclipse.jgit.internal.transport.sshd.OpenSshServerKeyDatabase$AskUser.createNewFile(OpenSshServerKeyDatabase.java:549)
	at org.eclipse.jgit.internal.transport.sshd.OpenSshServerKeyDatabase.accept(OpenSshServerKeyDatabase.java:249)
	at org.eclipse.jgit.internal.transport.sshd.JGitServerKeyVerifier.verifyServerKey(JGitServerKeyVerifier.java:94)
	at org.apache.sshd.client.session.AbstractClientSession.checkKeys(AbstractClientSession.java:637)
	at org.apache.sshd.common.session.helpers.AbstractSession.handleKexMessage(AbstractSession.java:767)
	at org.apache.sshd.common.session.helpers.AbstractSession.doHandleMessage(AbstractSession.java:622)
	at org.apache.sshd.common.session.helpers.AbstractSession.lambda$handleMessage$0(AbstractSession.java:546)
	at org.apache.sshd.common.util.threads.ThreadUtils.runAsInternal(ThreadUtils.java:68)
	at org.apache.sshd.common.session.helpers.AbstractSession.handleMessage(AbstractSession.java:545)
	at org.apache.sshd.common.session.helpers.AbstractSession.decode(AbstractSession.java:1729)
	at org.apache.sshd.common.session.helpers.AbstractSession.messageReceived(AbstractSession.java:506)
	at org.eclipse.jgit.internal.transport.sshd.JGitClientSession.messageReceived(JGitClientSession.java:223)
	at org.apache.sshd.common.session.helpers.AbstractSessionIoHandler.messageReceived(AbstractSessionIoHandler.java:64)
	at org.apache.sshd.common.io.nio2.Nio2Session.handleReadCycleCompletion(Nio2Session.java:409)
	at org.apache.sshd.common.io.nio2.Nio2Session$1.onCompleted(Nio2Session.java:382)
	at org.apache.sshd.common.io.nio2.Nio2Session$1.onCompleted(Nio2Session.java:377)
	at org.apache.sshd.common.io.nio2.Nio2CompletionHandler.lambda$completed$0(Nio2CompletionHandler.java:38)
	at java.base/java.security.AccessController.doPrivileged(AccessController.java:319)
	at org.apache.sshd.common.io.nio2.Nio2CompletionHandler.completed(Nio2CompletionHandler.java:37)
	at java.base/sun.nio.ch.Invoker.invokeUnchecked(Invoker.java:129)
	at java.base/sun.nio.ch.Invoker$2.run(Invoker.java:221)
	at java.base/sun.nio.ch.AsynchronousChannelGroupImpl$1.run(AsynchronousChannelGroupImpl.java:113)
	at java.base/java.util.concurrent.ThreadPoolExecutor.runWorker(ThreadPoolExecutor.java:1144)
	at java.base/java.util.concurrent.ThreadPoolExecutor$Worker.run(ThreadPoolExecutor.java:642)
	at java.base/java.lang.Thread.run(Thread.java:1583)
    23:42:44.195 | 970 1)-nio2-thread-5 | DEBUG | s.l.GitPublickeyAuthenticatorService : Authenticating build agent artemis-build-agent-test on address [127.0.0.1]:5703
    23:42:44.243 | 958 1)-nio2-thread-1 | DEBUG | s.l.GitPublickeyAuthenticatorService : Authenticating build agent artemis-build-agent-test on address [127.0.0.1]:5703
    23:42:44.368 | 966 1)-nio2-thread-3 | DEBUG | d.t.c.a.a.p.s.l.ssh.SshGitCommand    : start(ChannelSession[id=0, recipient=0]-ServerSessionImpl[git@/127.0.0.1:58114]) starting runner for command=git-upload-pack '/git/SHORT43ACF76B02BC1044B80938509D14043FABDETSTEXC/short43acf76b02bc1044b80938509d14043fabdetstexc-localciintstudent1.git'
    23:42:44.378 | 973 git-ssh-thread-1 | DEBUG | .t.c.a.a.p.s.l.LocalVCServletService : Path to resolve repository from: /tmp/SHORT43ACF76B02BC1044B80938509D14043FABDETSTEXC/short43acf76b02bc1044b80938509d14043fabdetstexc-localciintstudent1.git
    23:42:44.378 | 973 git-ssh-thread-1 | DEBUG | .t.c.a.a.p.s.l.LocalVCServletService : Opening local repository SHORT43ACF76B02BC1044B80938509D14043FABDETSTEXC/short43acf76b02bc1044b80938509d14043fabdetstexc-localciintstudent1.git
    23:42:44.379 | 973 git-ssh-thread-1 | DEBUG | .t.c.a.a.p.s.l.LocalVCServletService : Resolving repository for repository SHORT43ACF76B02BC1044B80938509D14043FABDETSTEXC/short43acf76b02bc1044b80938509d14043fabdetstexc-localciintstudent1.git took 802µs
    23:42:44.570 | 973 git-ssh-thread-1 | DEBUG | d.t.c.a.a.p.s.l.ssh.SshGitCommand    : onExit(ServerSessionImpl[git@/127.0.0.1:58114])[SshGitCommand[git-upload-pack '/git/SHORT43ACF76B02BC1044B80938509D14043FABDETSTEXC/short43acf76b02bc1044b80938509d14043fabdetstexc-localciintstudent1.git'][session=ServerSessionImpl[git@/127.0.0.1:58114]]] exiting - value=0, message=
    23:42:44.578 | 973 git-ssh-thread-1 | DEBUG | d.t.c.a.a.p.s.l.ssh.SshGitCommand    : destroy(ChannelSession[id=0, recipient=0]-ServerSessionImpl[git@/127.0.0.1:58114])[SshGitCommand[git-upload-pack '/git/SHORT43ACF76B02BC1044B80938509D14043FABDETSTEXC/short43acf76b02bc1044b80938509d14043fabdetstexc-localciintstudent1.git'][session=ServerSessionImpl[git@/127.0.0.1:58114]]] - shutdown executor service - runners count=0
    23:42:44.578 | 973 git-ssh-thread-1 | DEBUG | d.t.c.a.a.p.s.l.ssh.SshGitCommand    : destroy(SshGitCommand[git-upload-pack '/git/SHORT43ACF76B02BC1044B80938509D14043FABDETSTEXC/short43acf76b02bc1044b80938509d14043fabdetstexc-localciintstudent1.git'][session=ServerSessionImpl[git@/127.0.0.1:58114]]) - failed (UnsupportedOperationException) to close file system=sun.nio.fs.LinuxFileSystem@348460d6: null
    23:42:44.624 | 953 local-ci-build-0 | WARN  | org.eclipse.jgit.lib.Repository      : close() called when useCnt is already zero for Repository[checked-out-repos/a9c717ccf7bcbe9531d3eee21dbaeb5aab2ff971/SHORT43ACF76B02BC1044B80938509D14043FABDETSTEXC/short43acf76b02bc1044b80938509d14043fabdetstexc-localciintstudent1/.git]
    23:42:44.625 | 953 local-ci-build-0 | DEBUG | d.t.c.a.a.b.s.BuildJobGitService     : Cloning from ssh://git@localhost:7921/git/SHORT43ACF76B02BC1044B80938509D14043FABDETSTEXC/short43acf76b02bc1044b80938509d14043fabdetstexc-tests.git to checked-out-repos/a9c717ccf7bcbe9531d3eee21dbaeb5aab2ff971/SHORT43ACF76B02BC1044B80938509D14043FABDETSTEXC/short43acf76b02bc1044b80938509d14043fabdetstexc-tests
    23:42:44.637 | 953 local-ci-build-0 | DEBUG | d.t.c.a.a.p.s.AbstractGitService     : getOptions: localhost:7921
    23:42:45.166 | 981 d]-nio2-thread-3 | WARN  | o.e.j.i.t.s.OpenSshServerKeyDatabase : Could not update known hosts file /tmp/known_hosts
org.eclipse.jgit.errors.UnsupportedCredentialItem: /tmp/known_hosts: org.eclipse.jgit.transport.CredentialItem$YesNoType:Create file /tmp/known_hosts ?
	at org.eclipse.jgit.transport.UsernamePasswordCredentialsProvider.get(UsernamePasswordCredentialsProvider.java:100)
	at org.eclipse.jgit.transport.CredentialsProvider.get(CredentialsProvider.java:125)
	at org.eclipse.jgit.internal.transport.sshd.OpenSshServerKeyDatabase$AskUser.askUser(OpenSshServerKeyDatabase.java:429)
	at org.eclipse.jgit.internal.transport.sshd.OpenSshServerKeyDatabase$AskUser.createNewFile(OpenSshServerKeyDatabase.java:549)
	at org.eclipse.jgit.internal.transport.sshd.OpenSshServerKeyDatabase.accept(OpenSshServerKeyDatabase.java:249)
	at org.eclipse.jgit.internal.transport.sshd.JGitServerKeyVerifier.verifyServerKey(JGitServerKeyVerifier.java:94)
	at org.apache.sshd.client.session.AbstractClientSession.checkKeys(AbstractClientSession.java:637)
	at org.apache.sshd.common.session.helpers.AbstractSession.handleKexMessage(AbstractSession.java:767)
	at org.apache.sshd.common.session.helpers.AbstractSession.doHandleMessage(AbstractSession.java:622)
	at org.apache.sshd.common.session.helpers.AbstractSession.lambda$handleMessage$0(AbstractSession.java:546)
	at org.apache.sshd.common.util.threads.ThreadUtils.runAsInternal(ThreadUtils.java:68)
	at org.apache.sshd.common.session.helpers.AbstractSession.handleMessage(AbstractSession.java:545)
	at org.apache.sshd.common.session.helpers.AbstractSession.decode(AbstractSession.java:1729)
	at org.apache.sshd.common.session.helpers.AbstractSession.messageReceived(AbstractSession.java:506)
	at org.eclipse.jgit.internal.transport.sshd.JGitClientSession.messageReceived(JGitClientSession.java:223)
	at org.apache.sshd.common.session.helpers.AbstractSessionIoHandler.messageReceived(AbstractSessionIoHandler.java:64)
	at org.apache.sshd.common.io.nio2.Nio2Session.handleReadCycleCompletion(Nio2Session.java:409)
	at org.apache.sshd.common.io.nio2.Nio2Session$1.onCompleted(Nio2Session.java:382)
	at org.apache.sshd.common.io.nio2.Nio2Session$1.onCompleted(Nio2Session.java:377)
	at org.apache.sshd.common.io.nio2.Nio2CompletionHandler.lambda$completed$0(Nio2CompletionHandler.java:38)
	at java.base/java.security.AccessController.doPrivileged(AccessController.java:319)
	at org.apache.sshd.common.io.nio2.Nio2CompletionHandler.completed(Nio2CompletionHandler.java:37)
	at java.base/sun.nio.ch.Invoker.invokeUnchecked(Invoker.java:129)
	at java.base/sun.nio.ch.Invoker$2.run(Invoker.java:221)
	at java.base/sun.nio.ch.AsynchronousChannelGroupImpl$1.run(AsynchronousChannelGroupImpl.java:113)
	at java.base/java.util.concurrent.ThreadPoolExecutor.runWorker(ThreadPoolExecutor.java:1144)
	at java.base/java.util.concurrent.ThreadPoolExecutor$Worker.run(ThreadPoolExecutor.java:642)
	at java.base/java.lang.Thread.run(Thread.java:1583)
    23:42:45.176 | 970 1)-nio2-thread-5 | DEBUG | s.l.GitPublickeyAuthenticatorService : Authenticating build agent artemis-build-agent-test on address [127.0.0.1]:5703
    23:42:45.217 | 958 1)-nio2-thread-1 | DEBUG | s.l.GitPublickeyAuthenticatorService : Authenticating build agent artemis-build-agent-test on address [127.0.0.1]:5703
    23:42:45.266 | 969 1)-nio2-thread-4 | DEBUG | d.t.c.a.a.p.s.l.ssh.SshGitCommand    : start(ChannelSession[id=0, recipient=0]-ServerSessionImpl[git@/127.0.0.1:58122]) starting runner for command=git-upload-pack '/git/SHORT43ACF76B02BC1044B80938509D14043FABDETSTEXC/short43acf76b02bc1044b80938509d14043fabdetstexc-tests.git'
    23:42:45.277 | 986 git-ssh-thread-1 | DEBUG | .t.c.a.a.p.s.l.LocalVCServletService : Path to resolve repository from: /tmp/SHORT43ACF76B02BC1044B80938509D14043FABDETSTEXC/short43acf76b02bc1044b80938509d14043fabdetstexc-tests.git
    23:42:45.277 | 986 git-ssh-thread-1 | DEBUG | .t.c.a.a.p.s.l.LocalVCServletService : Opening local repository SHORT43ACF76B02BC1044B80938509D14043FABDETSTEXC/short43acf76b02bc1044b80938509d14043fabdetstexc-tests.git
    23:42:45.281 | 986 git-ssh-thread-1 | DEBUG | .t.c.a.a.p.s.l.LocalVCServletService : Resolving repository for repository SHORT43ACF76B02BC1044B80938509D14043FABDETSTEXC/short43acf76b02bc1044b80938509d14043fabdetstexc-tests.git took 4.22ms
    23:42:45.438 | 986 git-ssh-thread-1 | DEBUG | d.t.c.a.a.p.s.l.ssh.SshGitCommand    : onExit(ServerSessionImpl[git@/127.0.0.1:58122])[SshGitCommand[git-upload-pack '/git/SHORT43ACF76B02BC1044B80938509D14043FABDETSTEXC/short43acf76b02bc1044b80938509d14043fabdetstexc-tests.git'][session=ServerSessionImpl[git@/127.0.0.1:58122]]] exiting - value=0, message=
    23:42:45.443 | 958 1)-nio2-thread-1 | DEBUG | d.t.c.a.a.p.s.l.ssh.SshGitCommand    : destroy(ChannelSession[id=0, recipient=0]-ServerSessionImpl[git@/127.0.0.1:58122])[SshGitCommand[git-upload-pack '/git/SHORT43ACF76B02BC1044B80938509D14043FABDETSTEXC/short43acf76b02bc1044b80938509d14043fabdetstexc-tests.git'][session=ServerSessionImpl[git@/127.0.0.1:58122]]] - shutdown executor service - runners count=0
    23:42:45.443 | 958 1)-nio2-thread-1 | DEBUG | d.t.c.a.a.p.s.l.ssh.SshGitCommand    : destroy(SshGitCommand[git-upload-pack '/git/SHORT43ACF76B02BC1044B80938509D14043FABDETSTEXC/short43acf76b02bc1044b80938509d14043fabdetstexc-tests.git'][session=ServerSessionImpl[git@/127.0.0.1:58122]]) - failed (UnsupportedOperationException) to close file system=sun.nio.fs.LinuxFileSystem@348460d6: null
    23:42:45.467 | 953 local-ci-build-0 | WARN  | org.eclipse.jgit.lib.Repository      : close() called when useCnt is already zero for Repository[checked-out-repos/a9c717ccf7bcbe9531d3eee21dbaeb5aab2ff971/SHORT43ACF76B02BC1044B80938509D14043FABDETSTEXC/short43acf76b02bc1044b80938509d14043fabdetstexc-tests/.git]
    23:42:45.468 | 953 local-ci-build-0 | INFO  | t.c.a.a.b.s.BuildJobExecutionService : ~~~~~~~~~~~~~~~~~~~~ Started container local-ci-4621739576562326 for build job 4621739576562326 ~~~~~~~~~~~~~~~~~~~~
    23:42:45.468 | 953 local-ci-build-0 | DEBUG | t.c.a.a.b.s.BuildJobExecutionService : ~~~~~~~~~~~~~~~~~~~~ Populating build job container with repositories and build script ~~~~~~~~~~~~~~~~~~~~
    23:42:45.519 | 953 local-ci-build-0 | DEBUG | t.c.a.a.b.s.BuildJobExecutionService : ~~~~~~~~~~~~~~~~~~~~ Executing Build Script for Build job 4621739576562326 ~~~~~~~~~~~~~~~~~~~~
    23:42:45.519 | 953 local-ci-build-0 | INFO  | t.c.a.a.b.s.BuildJobContainerService : disconnecting container with id 1234567890 from network
    23:42:45.519 | 953 local-ci-build-0 | INFO  | t.c.a.a.b.s.BuildJobContainerService : Started running the build script for build job in container with id 1234567890
    23:42:45.519 | 953 local-ci-build-0 | INFO  | t.c.a.a.b.s.BuildJobExecutionService : ~~~~~~~~~~~~~~~~~~~~ Finished Executing Build Script for Build job 4621739576562326 ~~~~~~~~~~~~~~~~~~~~
    23:42:45.519 | 953 local-ci-build-0 | DEBUG | t.c.a.a.b.s.BuildJobExecutionService : ~~~~~~~~~~~~~~~~~~~~ Moving test results to specified directory for build job 4621739576562326 ~~~~~~~~~~~~~~~~~~~~
    23:42:45.520 | 953 local-ci-build-0 | INFO  | t.c.a.a.b.s.BuildJobExecutionService : ~~~~~~~~~~~~~~~~~~~~ Collecting test results from container 1234567890 for build job 4621739576562326 ~~~~~~~~~~~~~~~~~~~~
    23:42:45.554 | 951 waitility-thread | DEBUG | .a.s.ParticipantScoreScheduleService : Processing of 0 results and 0 participant scores.
    23:42:45.557 | 953 local-ci-build-0 | WARN  | org.eclipse.jgit.lib.Repository      : close() called when useCnt is already zero for Repository[checked-out-repos/a9c717ccf7bcbe9531d3eee21dbaeb5aab2ff971/SHORT43ACF76B02BC1044B80938509D14043FABDETSTEXC/short43acf76b02bc1044b80938509d14043fabdetstexc-localciintstudent1/.git]
    23:42:45.561 | 953 local-ci-build-0 | DEBUG | d.t.c.a.a.p.s.AbstractGitService     : Deleted Repository at checked-out-repos/a9c717ccf7bcbe9531d3eee21dbaeb5aab2ff971/SHORT43ACF76B02BC1044B80938509D14043FABDETSTEXC/short43acf76b02bc1044b80938509d14043fabdetstexc-localciintstudent1
    23:42:45.562 | 953 local-ci-build-0 | WARN  | org.eclipse.jgit.lib.Repository      : close() called when useCnt is already zero for Repository[checked-out-repos/a9c717ccf7bcbe9531d3eee21dbaeb5aab2ff971/SHORT43ACF76B02BC1044B80938509D14043FABDETSTEXC/short43acf76b02bc1044b80938509d14043fabdetstexc-tests/.git]
    23:42:45.570 | 953 local-ci-build-0 | DEBUG | d.t.c.a.a.p.s.AbstractGitService     : Deleted Repository at checked-out-repos/a9c717ccf7bcbe9531d3eee21dbaeb5aab2ff971/SHORT43ACF76B02BC1044B80938509D14043FABDETSTEXC/short43acf76b02bc1044b80938509d14043fabdetstexc-tests
    23:42:45.570 | 953 local-ci-build-0 | INFO  | t.c.a.a.b.s.BuildJobExecutionService : Building and testing submission for repository short43acf76b02bc1044b80938509d14043fabdetstexc-localciintstudent1 and commit hash a9c717ccf7bcbe9531d3eee21dbaeb5aab2ff971 took 102.24ms for build job 4621739576562326
    23:42:45.573 | 566 localvc.event-13 | DEBUG | a.a.b.s.SharedQueueProcessingService : Build job completed: BuildJobQueueItem[id=4621739576562326, name=SHORT43ACF76B02BC1044B80938509D14043FABDETSTEXC-LOCALCIINTSTUDENT1, buildAgent=BuildAgentDTO[name=artemis-build-agent-test, memberAddress=[127.0.0.1]:5703, displayName=artemis-build-agent-test], participationId=462, courseId=147, exerciseId=298, retryCount=0, priority=2, status=null, repositoryInfo=RepositoryInfo[repositoryName=short43acf76b02bc1044b80938509d14043fabdetstexc-localciintstudent1, repositoryType=user, triggeredByPushTo=user, assignmentRepositoryUri=http://localhost:49152/git/SHORT43ACF76B02BC1044B80938509D14043FABDETSTEXC/short43acf76b02bc1044b80938509d14043fabdetstexc-localciintstudent1.git, testRepositoryUri=http://localhost:49152/git/SHORT43ACF76B02BC1044B80938509D14043FABDETSTEXC/short43acf76b02bc1044b80938509d14043fabdetstexc-tests.git, solutionRepositoryUri=null, auxiliaryRepositoryUris=[Ljava.lang.String;@4d60a121, auxiliaryRepositoryCheckoutDirectories=[Ljava.lang.String;@7e7965f2], jobTimingInfo=JobTimingInfo[submissionDate=2025-02-14T23:42:42.326978596Z[Etc/UTC], buildStartDate=2025-02-14T23:42:42.420147010Z[Etc/UTC], buildCompletionDate=null, estimatedCompletionDate=2025-02-14T23:43:01.420129377Z[Etc/UTC], estimatedDuration=19], buildConfig=BuildConfig[buildScript=#!/bin/bash
cd /var/tmp/testing-dir
chmod +x ./gradlew
./gradlew clean test
, dockerImage=dummy-docker-image:latest, commitHashToBuild=a9c717ccf7bcbe9531d3eee21dbaeb5aab2ff971, assignmentCommitHash=a9c717ccf7bcbe9531d3eee21dbaeb5aab2ff971, testCommitHash=a9c717ccf7bcbe9531d3eee21dbaeb5aab2ff971, branch=main, programmingLanguage=JAVA, projectType=PLAIN_GRADLE, scaEnabled=false, sequentialTestRunsEnabled=false, resultPaths=[/var/tmp/testing-dir/**/test-results/test/*.xml], timeoutSeconds=0, assignmentCheckoutPath=null, testCheckoutPath=null, solutionCheckoutPath=null, dockerRunConfig=DockerRunConfig[isNetworkDisabled=true, env=[key=value]]], submissionResult=null]
    23:42:45.592 | 564 localvc.event-11 | DEBUG | a.p.s.l.LocalCIQueueWebsocketService : CIBuildJobQueueItem removed from processing jobs: BuildJobQueueItem[id=4621739576562326, name=SHORT43ACF76B02BC1044B80938509D14043FABDETSTEXC-LOCALCIINTSTUDENT1, buildAgent=BuildAgentDTO[name=artemis-build-agent-test, memberAddress=[127.0.0.1]:5703, displayName=artemis-build-agent-test], participationId=462, courseId=147, exerciseId=298, retryCount=0, priority=2, status=null, repositoryInfo=RepositoryInfo[repositoryName=short43acf76b02bc1044b80938509d14043fabdetstexc-localciintstudent1, repositoryType=user, triggeredByPushTo=user, assignmentRepositoryUri=http://localhost:49152/git/SHORT43ACF76B02BC1044B80938509D14043FABDETSTEXC/short43acf76b02bc1044b80938509d14043fabdetstexc-localciintstudent1.git, testRepositoryUri=http://localhost:49152/git/SHORT43ACF76B02BC1044B80938509D14043FABDETSTEXC/short43acf76b02bc1044b80938509d14043fabdetstexc-tests.git, solutionRepositoryUri=null, auxiliaryRepositoryUris=[Ljava.lang.String;@8386019, auxiliaryRepositoryCheckoutDirectories=[Ljava.lang.String;@4df98a60], jobTimingInfo=JobTimingInfo[submissionDate=2025-02-14T23:42:42.326978596Z[Etc/UTC], buildStartDate=2025-02-14T23:42:42.420147010Z[Etc/UTC], buildCompletionDate=null, estimatedCompletionDate=2025-02-14T23:43:01.420129377Z[Etc/UTC], estimatedDuration=19], buildConfig=BuildConfig[buildScript=#!/bin/bash
cd /var/tmp/testing-dir
chmod +x ./gradlew
./gradlew clean test
, dockerImage=dummy-docker-image:latest, commitHashToBuild=a9c717ccf7bcbe9531d3eee21dbaeb5aab2ff971, assignmentCommitHash=a9c717ccf7bcbe9531d3eee21dbaeb5aab2ff971, testCommitHash=a9c717ccf7bcbe9531d3eee21dbaeb5aab2ff971, branch=main, programmingLanguage=JAVA, projectType=PLAIN_GRADLE, scaEnabled=false, sequentialTestRunsEnabled=false, resultPaths=[/var/tmp/testing-dir/**/test-results/test/*.xml], timeoutSeconds=0, assignmentCheckoutPath=null, testCheckoutPath=null, solutionCheckoutPath=null, dockerRunConfig=DockerRunConfig[isNetworkDisabled=true, env=[key=value]]], submissionResult=null]
    23:42:45.593 | 564 localvc.event-11 | DEBUG | s.l.LocalCIWebsocketMessagingService : Sending message on topic /topic/admin/running-jobs: []
    23:42:45.593 | 564 localvc.event-11 | DEBUG | s.l.LocalCIWebsocketMessagingService : Sending message on topic /topic/courses/147/running-jobs: []
    23:42:45.598 | 566 localvc.event-13 | DEBUG | a.a.b.s.SharedQueueProcessingService : Currently processing jobs on this node: 0, active threads in Pool: 0, maximum pool size of thread executor : 1
    23:42:45.599 | 566 localvc.event-13 | DEBUG | s.l.LocalCIWebsocketMessagingService : Sending message on topic /topic/admin/queued-jobs: []
    23:42:45.599 | 566 localvc.event-13 | DEBUG | s.l.LocalCIWebsocketMessagingService : Sending message on topic /topic/courses/147/queued-jobs: []
    23:42:45.600 | 566 localvc.event-13 | DEBUG | a.a.b.s.SharedQueueProcessingService : CIBuildJobQueueItem removed from queue: BuildJobQueueItem[id=4621739576562326, name=SHORT43ACF76B02BC1044B80938509D14043FABDETSTEXC-LOCALCIINTSTUDENT1, buildAgent=BuildAgentDTO[name=null, memberAddress=null, displayName=null], participationId=462, courseId=147, exerciseId=298, retryCount=0, priority=2, status=null, repositoryInfo=RepositoryInfo[repositoryName=short43acf76b02bc1044b80938509d14043fabdetstexc-localciintstudent1, repositoryType=user, triggeredByPushTo=user, assignmentRepositoryUri=http://localhost:49152/git/SHORT43ACF76B02BC1044B80938509D14043FABDETSTEXC/short43acf76b02bc1044b80938509d14043fabdetstexc-localciintstudent1.git, testRepositoryUri=http://localhost:49152/git/SHORT43ACF76B02BC1044B80938509D14043FABDETSTEXC/short43acf76b02bc1044b80938509d14043fabdetstexc-tests.git, solutionRepositoryUri=null, auxiliaryRepositoryUris=[Ljava.lang.String;@4c262abe, auxiliaryRepositoryCheckoutDirectories=[Ljava.lang.String;@965528a], jobTimingInfo=JobTimingInfo[submissionDate=2025-02-14T23:42:42.326978596Z[Etc/UTC], buildStartDate=null, buildCompletionDate=null, estimatedCompletionDate=null, estimatedDuration=19], buildConfig=BuildConfig[buildScript=#!/bin/bash
cd /var/tmp/testing-dir
chmod +x ./gradlew
./gradlew clean test
, dockerImage=dummy-docker-image:latest, commitHashToBuild=a9c717ccf7bcbe9531d3eee21dbaeb5aab2ff971, assignmentCommitHash=a9c717ccf7bcbe9531d3eee21dbaeb5aab2ff971, testCommitHash=a9c717ccf7bcbe9531d3eee21dbaeb5aab2ff971, branch=main, programmingLanguage=JAVA, projectType=PLAIN_GRADLE, scaEnabled=false, sequentialTestRunsEnabled=false, resultPaths=[/var/tmp/testing-dir/**/test-results/test/*.xml], timeoutSeconds=0, assignmentCheckoutPath=null, testCheckoutPath=null, solutionCheckoutPath=null, dockerRunConfig=DockerRunConfig[isNetworkDisabled=true, env=[key=value]]], submissionResult=null]
    23:42:45.602 | 566 localvc.event-13 | DEBUG | a.p.s.l.LocalCIQueueWebsocketService : Build agent updated: BuildAgentInformation[buildAgent=BuildAgentDTO[name=artemis-build-agent-test, memberAddress=[127.0.0.1]:5703, displayName=artemis-build-agent-test], maxNumberOfConcurrentBuildJobs=1, numberOfCurrentBuildJobs=1, runningBuildJobs=[BuildJobQueueItem[id=4621739576562326, name=SHORT43ACF76B02BC1044B80938509D14043FABDETSTEXC-LOCALCIINTSTUDENT1, buildAgent=BuildAgentDTO[name=artemis-build-agent-test, memberAddress=[127.0.0.1]:5703, displayName=artemis-build-agent-test], participationId=462, courseId=147, exerciseId=298, retryCount=0, priority=2, status=null, repositoryInfo=RepositoryInfo[repositoryName=short43acf76b02bc1044b80938509d14043fabdetstexc-localciintstudent1, repositoryType=user, triggeredByPushTo=user, assignmentRepositoryUri=http://localhost:49152/git/SHORT43ACF76B02BC1044B80938509D14043FABDETSTEXC/short43acf76b02bc1044b80938509d14043fabdetstexc-localciintstudent1.git, testRepositoryUri=http://localhost:49152/git/SHORT43ACF76B02BC1044B80938509D14043FABDETSTEXC/short43acf76b02bc1044b80938509d14043fabdetstexc-tests.git, solutionRepositoryUri=null, auxiliaryRepositoryUris=[Ljava.lang.String;@5c48c758, auxiliaryRepositoryCheckoutDirectories=[Ljava.lang.String;@5b81dde7], jobTimingInfo=JobTimingInfo[submissionDate=2025-02-14T23:42:42.326978596Z[Etc/UTC], buildStartDate=2025-02-14T23:42:42.420147010Z[Etc/UTC], buildCompletionDate=null, estimatedCompletionDate=2025-02-14T23:43:01.420129377Z[Etc/UTC], estimatedDuration=19], buildConfig=BuildConfig[buildScript=#!/bin/bash
cd /var/tmp/testing-dir
chmod +x ./gradlew
./gradlew clean test
, dockerImage=dummy-docker-image:latest, commitHashToBuild=a9c717ccf7bcbe9531d3eee21dbaeb5aab2ff971, assignmentCommitHash=a9c717ccf7bcbe9531d3eee21dbaeb5aab2ff971, testCommitHash=a9c717ccf7bcbe9531d3eee21dbaeb5aab2ff971, branch=main, programmingLanguage=JAVA, projectType=PLAIN_GRADLE, scaEnabled=false, sequentialTestRunsEnabled=false, resultPaths=[/var/tmp/testing-dir/**/test-results/test/*.xml], timeoutSeconds=0, assignmentCheckoutPath=null, testCheckoutPath=null, solutionCheckoutPath=null, dockerRunConfig=DockerRunConfig[isNetworkDisabled=true, env=[key=value]]], submissionResult=null]], status=ACTIVE, recentBuildJobs=[], publicSshKey=ssh-rsa AAAAB3NzaC1yc2EAAAADAQABAAACAQCOPdMsxRE2jFJ/UEa5/LsBxtwzJcrh3/rYBCQvcMeVpiRfhzQPWu7mrt/G2Ew+i+vRloGH9aqKg6dd1liRncao53Zmd/ePxoatXePNhmzTfkCkcSkTUz7B+QMjkoDDV5jwuFPD6mF3JkhuzSi64n9Zy905t4w2IhVcjM2mL3eYNjiCXt6Qpq3Pkt7dM/Ksw1nxnvuiIALuJLB3FTkXkHqq3PJav+9HSq2r6ZaWgekneaGxlQlb+U+Vy3XOuArKAzK8c8i+0bR+AHiTG6ncYXt7ax3U+TdlDTF7OLP3umwaYjs1NBXOHwG42pevvpKn2fqavZZozk+M05jXLx3bq0O7itxfErWc7etky8qYPyyIMF/txQIVLd78+Ze4d7Y60t5MGbXM5cGE6fFif5fEJwgswXD+BrG0cafz1CTatjSKFdvp8Vp4VszXhHDan1PrP6JEFJ5Cc5GDmLRZPCFa3vL9f5qXgf4bkqKN8MYeEujwJE5nMRWoiJVNakix2bcrrneQMBlnYeYZVWXXXUusAQBzl4NgddC1umZpihZkL1b1MffZAUW3EGEXi7KHnllQhkTLLsQ8ntMgbylqaJKStqaXlLvdeRJcEnUuiFCrHEVVbXRFZR7XVDZ02CE5o3MuaRPty8Kh+jRTF3COlAckHwYEJCNNJvXFgb2CNXL4mjzYDw== test@localhost]
    23:42:45.604 | 566 localvc.event-13 | DEBUG | s.l.LocalCIWebsocketMessagingService : Sending message on topic /topic/admin/build-agents: [BuildAgentInformation[buildAgent=BuildAgentDTO[name=artemis-build-agent-test, memberAddress=[127.0.0.1]:5703, displayName=artemis-build-agent-test], maxNumberOfConcurrentBuildJobs=1, numberOfCurrentBuildJobs=0, runningBuildJobs=[], status=IDLE, recentBuildJobs=null, publicSshKey=null]]
    23:42:45.606 | 588 artemis-task-1   | DEBUG | d.t.c.a.a.c.c.w.GzipMessageConverter : Compressed message payload from 255 to 232 (saved 9.0% payload size)
    23:42:45.608 | 566 localvc.event-13 | DEBUG | s.l.LocalCIWebsocketMessagingService : Sending message on topic /topic/admin/build-agent/artemis-build-agent-test: BuildAgentInformation[buildAgent=BuildAgentDTO[name=artemis-build-agent-test, memberAddress=[127.0.0.1]:5703, displayName=artemis-build-agent-test], maxNumberOfConcurrentBuildJobs=1, numberOfCurrentBuildJobs=0, runningBuildJobs=[], status=IDLE, recentBuildJobs=[BuildJobQueueItem[id=4621739576562326, name=SHORT43ACF76B02BC1044B80938509D14043FABDETSTEXC-LOCALCIINTSTUDENT1, buildAgent=BuildAgentDTO[name=artemis-build-agent-test, memberAddress=[127.0.0.1]:5703, displayName=artemis-build-agent-test], participationId=462, courseId=147, exerciseId=298, retryCount=0, priority=2, status=SUCCESSFUL, repositoryInfo=RepositoryInfo[repositoryName=short43acf76b02bc1044b80938509d14043fabdetstexc-localciintstudent1, repositoryType=user, triggeredByPushTo=user, assignmentRepositoryUri=http://localhost:49152/git/SHORT43ACF76B02BC1044B80938509D14043FABDETSTEXC/short43acf76b02bc1044b80938509d14043fabdetstexc-localciintstudent1.git, testRepositoryUri=http://localhost:49152/git/SHORT43ACF76B02BC1044B80938509D14043FABDETSTEXC/short43acf76b02bc1044b80938509d14043fabdetstexc-tests.git, solutionRepositoryUri=null, auxiliaryRepositoryUris=[Ljava.lang.String;@1f35ed5e, auxiliaryRepositoryCheckoutDirectories=[Ljava.lang.String;@4a8e75ba], jobTimingInfo=JobTimingInfo[submissionDate=2025-02-14T23:42:42.326978596Z[Etc/UTC], buildStartDate=2025-02-14T23:42:42.420147010Z[Etc/UTC], buildCompletionDate=2025-02-14T23:42:45.573855829Z[Etc/UTC], estimatedCompletionDate=2025-02-14T23:43:01.420129377Z[Etc/UTC], estimatedDuration=19], buildConfig=BuildConfig[buildScript=#!/bin/bash
cd /var/tmp/testing-dir
chmod +x ./gradlew
./gradlew clean test
, dockerImage=dummy-docker-image:latest, commitHashToBuild=a9c717ccf7bcbe9531d3eee21dbaeb5aab2ff971, assignmentCommitHash=a9c717ccf7bcbe9531d3eee21dbaeb5aab2ff971, testCommitHash=a9c717ccf7bcbe9531d3eee21dbaeb5aab2ff971, branch=main, programmingLanguage=JAVA, projectType=PLAIN_GRADLE, scaEnabled=false, sequentialTestRunsEnabled=false, resultPaths=[/var/tmp/testing-dir/**/test-results/test/*.xml], timeoutSeconds=0, assignmentCheckoutPath=null, testCheckoutPath=null, solutionCheckoutPath=null, dockerRunConfig=DockerRunConfig[isNetworkDisabled=true, env=[key=value]]], submissionResult=null]], publicSshKey=ssh-rsa AAAAB3NzaC1yc2EAAAADAQABAAACAQCOPdMsxRE2jFJ/UEa5/LsBxtwzJcrh3/rYBCQvcMeVpiRfhzQPWu7mrt/G2Ew+i+vRloGH9aqKg6dd1liRncao53Zmd/ePxoatXePNhmzTfkCkcSkTUz7B+QMjkoDDV5jwuFPD6mF3JkhuzSi64n9Zy905t4w2IhVcjM2mL3eYNjiCXt6Qpq3Pkt7dM/Ksw1nxnvuiIALuJLB3FTkXkHqq3PJav+9HSq2r6ZaWgekneaGxlQlb+U+Vy3XOuArKAzK8c8i+0bR+AHiTG6ncYXt7ax3U+TdlDTF7OLP3umwaYjs1NBXOHwG42pevvpKn2fqavZZozk+M05jXLx3bq0O7itxfErWc7etky8qYPyyIMF/txQIVLd78+Ze4d7Y60t5MGbXM5cGE6fFif5fEJwgswXD+BrG0cafz1CTatjSKFdvp8Vp4VszXhHDan1PrP6JEFJ5Cc5GDmLRZPCFa3vL9f5qXgf4bkqKN8MYeEujwJE5nMRWoiJVNakix2bcrrneQMBlnYeYZVWXXXUusAQBzl4NgddC1umZpihZkL1b1MffZAUW3EGEXi7KHnllQhkTLLsQ8ntMgbylqaJKStqaXlLvdeRJcEnUuiFCrHEVVbXRFZR7XVDZ02CE5o3MuaRPty8Kh+jRTF3COlAckHwYEJCNNJvXFgb2CNXL4mjzYDw== test@localhost]
    23:42:45.608 | 566 localvc.event-13 | DEBUG | a.p.s.l.SharedQueueManagementService : Build agent updated: null
    23:42:45.611 | 588 artemis-task-1   | DEBUG | d.t.c.a.a.c.c.w.GzipMessageConverter : Compressed message payload from 3105 to 2040 (saved 34.3% payload size)
    23:42:45.621 | 566 localvc.event-13 | DEBUG | p.s.l.LocalCIResultProcessingService : Result of build job with id 4621739576562326 added to queue
    23:42:45.622 | 566 localvc.event-13 | INFO  | p.s.l.LocalCIResultProcessingService : Processing build job result with id 4621739576562326
    23:42:45.623 | 566 localvc.event-13 | DEBUG | p.s.l.LocalCIResultProcessingService : Build jobs waiting in queue: 0
    23:42:45.624 | 566 localvc.event-13 | DEBUG | p.s.l.LocalCIResultProcessingService : Queued build jobs: []
    23:42:45.626 | 566 localvc.event-13 | DEBUG | .s.ProgrammingExerciseGradingService : Received new build result (NEW) for participation 462
    23:42:45.685 | 566 localvc.event-13 | DEBUG | .c.s.m.InstanceMessageReceiveService : Received schedule participant score for exercise 298 and participant 37 (result to be deleted: null)
    23:42:45.685 | 566 localvc.event-13 | DEBUG | .a.s.ParticipantScoreScheduleService : Scheduled task for exercise 298 and participant 37 at 2025-02-14T23:42:45.785759785Z[Etc/UTC].
    23:42:45.690 | 566 localvc.event-13 | DEBUG | .a.a.p.s.ProgrammingMessagingService : Send result to client over websocket. Result: Result{id132, completionDate=2025-02-14T23:42:45.519869118Z[Etc/UTC], successful=false, score=7.7, rated=true, assessmentType=AUTOMATIC, hasComplaint=null, testCaseCount=13, passedTestCaseCount=1, codeIssueCount=0}, Submission: ProgrammingSubmission{commitHash='a9c717ccf7bcbe9531d3eee21dbaeb5aab2ff971', buildFailed=false, buildArtifact=false, type=MANUAL}, Participation: ProgrammingExerciseStudentParticipation{id=462, repositoryUri='http://localhost:49152/git/SHORT43ACF76B02BC1044B80938509D14043FABDETSTEXC/short43acf76b02bc1044b80938509d14043fabdetstexc-localciintstudent1.git', buildPlanId='SHORT43ACF76B02BC1044B80938509D14043FABDETSTEXC-LOCALCIINTSTUDENT1', initializationState='INITIALIZED', initializationDate='2025-02-14T23:42:42.235994Z', individualDueDate=null', presentationScore=null}
    23:42:45.723 | 566 localvc.event-13 | DEBUG | d.t.c.a.a.p.s.BuildLogEntryService   : Saved build logs for build job 4621739576562326 to file /tmp/build-logs/short43acf76b02bc1044b80938509d14043fabde/TSTEXC/4621739576562326.log
    23:42:45.728 | 566 localvc.event-13 | DEBUG | a.p.s.l.LocalCIQueueWebsocketService : Build agent updated: BuildAgentInformation[buildAgent=BuildAgentDTO[name=artemis-build-agent-test, memberAddress=[127.0.0.1]:5703, displayName=artemis-build-agent-test], maxNumberOfConcurrentBuildJobs=1, numberOfCurrentBuildJobs=0, runningBuildJobs=[], status=IDLE, recentBuildJobs=[BuildJobQueueItem[id=4621739576562326, name=SHORT43ACF76B02BC1044B80938509D14043FABDETSTEXC-LOCALCIINTSTUDENT1, buildAgent=BuildAgentDTO[name=artemis-build-agent-test, memberAddress=[127.0.0.1]:5703, displayName=artemis-build-agent-test], participationId=462, courseId=147, exerciseId=298, retryCount=0, priority=2, status=SUCCESSFUL, repositoryInfo=RepositoryInfo[repositoryName=short43acf76b02bc1044b80938509d14043fabdetstexc-localciintstudent1, repositoryType=user, triggeredByPushTo=user, assignmentRepositoryUri=http://localhost:49152/git/SHORT43ACF76B02BC1044B80938509D14043FABDETSTEXC/short43acf76b02bc1044b80938509d14043fabdetstexc-localciintstudent1.git, testRepositoryUri=http://localhost:49152/git/SHORT43ACF76B02BC1044B80938509D14043FABDETSTEXC/short43acf76b02bc1044b80938509d14043fabdetstexc-tests.git, solutionRepositoryUri=null, auxiliaryRepositoryUris=[Ljava.lang.String;@165fefa4, auxiliaryRepositoryCheckoutDirectories=[Ljava.lang.String;@fe2c4d0], jobTimingInfo=JobTimingInfo[submissionDate=2025-02-14T23:42:42.326978596Z[Etc/UTC], buildStartDate=2025-02-14T23:42:42.420147010Z[Etc/UTC], buildCompletionDate=2025-02-14T23:42:45.573855829Z[Etc/UTC], estimatedCompletionDate=2025-02-14T23:43:01.420129377Z[Etc/UTC], estimatedDuration=19], buildConfig=BuildConfig[buildScript=#!/bin/bash
cd /var/tmp/testing-dir
chmod +x ./gradlew
./gradlew clean test
, dockerImage=dummy-docker-image:latest, commitHashToBuild=a9c717ccf7bcbe9531d3eee21dbaeb5aab2ff971, assignmentCommitHash=a9c717ccf7bcbe9531d3eee21dbaeb5aab2ff971, testCommitHash=a9c717ccf7bcbe9531d3eee21dbaeb5aab2ff971, branch=main, programmingLanguage=JAVA, projectType=PLAIN_GRADLE, scaEnabled=false, sequentialTestRunsEnabled=false, resultPaths=[/var/tmp/testing-dir/**/test-results/test/*.xml], timeoutSeconds=0, assignmentCheckoutPath=null, testCheckoutPath=null, solutionCheckoutPath=null, dockerRunConfig=DockerRunConfig[isNetworkDisabled=true, env=[key=value]]], submissionResult=null]], publicSshKey=ssh-rsa AAAAB3NzaC1yc2EAAAADAQABAAACAQCOPdMsxRE2jFJ/UEa5/LsBxtwzJcrh3/rYBCQvcMeVpiRfhzQPWu7mrt/G2Ew+i+vRloGH9aqKg6dd1liRncao53Zmd/ePxoatXePNhmzTfkCkcSkTUz7B+QMjkoDDV5jwuFPD6mF3JkhuzSi64n9Zy905t4w2IhVcjM2mL3eYNjiCXt6Qpq3Pkt7dM/Ksw1nxnvuiIALuJLB3FTkXkHqq3PJav+9HSq2r6ZaWgekneaGxlQlb+U+Vy3XOuArKAzK8c8i+0bR+AHiTG6ncYXt7ax3U+TdlDTF7OLP3umwaYjs1NBXOHwG42pevvpKn2fqavZZozk+M05jXLx3bq0O7itxfErWc7etky8qYPyyIMF/txQIVLd78+Ze4d7Y60t5MGbXM5cGE6fFif5fEJwgswXD+BrG0cafz1CTatjSKFdvp8Vp4VszXhHDan1PrP6JEFJ5Cc5GDmLRZPCFa3vL9f5qXgf4bkqKN8MYeEujwJE5nMRWoiJVNakix2bcrrneQMBlnYeYZVWXXXUusAQBzl4NgddC1umZpihZkL1b1MffZAUW3EGEXi7KHnllQhkTLLsQ8ntMgbylqaJKStqaXlLvdeRJcEnUuiFCrHEVVbXRFZR7XVDZ02CE5o3MuaRPty8Kh+jRTF3COlAckHwYEJCNNJvXFgb2CNXL4mjzYDw== test@localhost]
    23:42:45.746 | 566 localvc.event-13 | DEBUG | s.l.LocalCIWebsocketMessagingService : Sending message on topic /topic/admin/build-agents: [BuildAgentInformation[buildAgent=BuildAgentDTO[name=artemis-build-agent-test, memberAddress=[127.0.0.1]:5703, displayName=artemis-build-agent-test], maxNumberOfConcurrentBuildJobs=1, numberOfCurrentBuildJobs=0, runningBuildJobs=[], status=IDLE, recentBuildJobs=null, publicSshKey=null]]
    23:42:45.748 | 588 artemis-task-1   | DEBUG | d.t.c.a.a.c.c.w.GzipMessageConverter : Compressed message payload from 255 to 232 (saved 9.0% payload size)
    23:42:45.755 | 566 localvc.event-13 | DEBUG | s.l.LocalCIWebsocketMessagingService : Sending message on topic /topic/admin/build-agent/artemis-build-agent-test: BuildAgentInformation[buildAgent=BuildAgentDTO[name=artemis-build-agent-test, memberAddress=[127.0.0.1]:5703, displayName=artemis-build-agent-test], maxNumberOfConcurrentBuildJobs=1, numberOfCurrentBuildJobs=0, runningBuildJobs=[], status=IDLE, recentBuildJobs=[BuildJobQueueItem[id=4621739576562326, name=SHORT43ACF76B02BC1044B80938509D14043FABDETSTEXC-LOCALCIINTSTUDENT1, buildAgent=BuildAgentDTO[name=artemis-build-agent-test, memberAddress=[127.0.0.1]:5703, displayName=artemis-build-agent-test], participationId=462, courseId=147, exerciseId=298, retryCount=0, priority=2, status=SUCCESSFUL, repositoryInfo=RepositoryInfo[repositoryName=short43acf76b02bc1044b80938509d14043fabdetstexc-localciintstudent1, repositoryType=user, triggeredByPushTo=user, assignmentRepositoryUri=http://localhost:49152/git/SHORT43ACF76B02BC1044B80938509D14043FABDETSTEXC/short43acf76b02bc1044b80938509d14043fabdetstexc-localciintstudent1.git, testRepositoryUri=http://localhost:49152/git/SHORT43ACF76B02BC1044B80938509D14043FABDETSTEXC/short43acf76b02bc1044b80938509d14043fabdetstexc-tests.git, solutionRepositoryUri=null, auxiliaryRepositoryUris=[Ljava.lang.String;@53cf2cb4, auxiliaryRepositoryCheckoutDirectories=[Ljava.lang.String;@d40c028], jobTimingInfo=JobTimingInfo[submissionDate=2025-02-14T23:42:42.326978596Z[Etc/UTC], buildStartDate=2025-02-14T23:42:42.420147010Z[Etc/UTC], buildCompletionDate=2025-02-14T23:42:45.573855829Z[Etc/UTC], estimatedCompletionDate=2025-02-14T23:43:01.420129377Z[Etc/UTC], estimatedDuration=19], buildConfig=BuildConfig[buildScript=#!/bin/bash
cd /var/tmp/testing-dir
chmod +x ./gradlew
./gradlew clean test
, dockerImage=dummy-docker-image:latest, commitHashToBuild=a9c717ccf7bcbe9531d3eee21dbaeb5aab2ff971, assignmentCommitHash=a9c717ccf7bcbe9531d3eee21dbaeb5aab2ff971, testCommitHash=a9c717ccf7bcbe9531d3eee21dbaeb5aab2ff971, branch=main, programmingLanguage=JAVA, projectType=PLAIN_GRADLE, scaEnabled=false, sequentialTestRunsEnabled=false, resultPaths=[/var/tmp/testing-dir/**/test-results/test/*.xml], timeoutSeconds=0, assignmentCheckoutPath=null, testCheckoutPath=null, solutionCheckoutPath=null, dockerRunConfig=DockerRunConfig[isNetworkDisabled=true, env=[key=value]]], submissionResult=ResultDTO[id=132, completionDate=2025-02-14T23:42:45.519869118Z[Etc/UTC], successful=false, score=7.7, rated=true, submission=SubmissionDTO[id=119, submitted=true, type=MANUAL, exampleSubmission=null, submissionDate=2025-02-14T23:42:42.302762Z, commitHash=a9c717ccf7bcbe9531d3eee21dbaeb5aab2ff971, buildFailed=false, buildArtifact=false, participation=ParticipationDTO[id=462, testRun=false, type=programming, submissionCount=null, exercise=ParticipationExerciseDTO[id=298, exerciseType=PROGRAMMING, type=programming, assessmentType=AUTOMATIC, dueDate=2025-02-16T23:42:41.553955Z, assessmentDueDate=null, maxPoints=42.0, course=CourseDTO[id=147, accuracyOfScores=1]]], submissionExerciseType=programming, isProcessing=false, buildStartDate=null, estimatedCompletionDate=null], participation=ParticipationDTO[id=462, testRun=false, type=programming, submissionCount=null, exercise=ParticipationExerciseDTO[id=298, exerciseType=PROGRAMMING, type=programming, assessmentType=AUTOMATIC, dueDate=2025-02-16T23:42:41.553955Z, assessmentDueDate=null, maxPoints=42.0, course=CourseDTO[id=147, accuracyOfScores=1]]], feedbacks=[FeedbackDTO[id=67, text=null, detailText=The exercise expects a class with the name Context in the package testpackage. You did not implement the class in the exercise., hasLongFeedbackText=false, reference=null, credits=0.0, positive=false, type=AUTOMATIC, visibility=ALWAYS, testCase=TestCaseDTO[testName=null, id=13]], FeedbackDTO[id=68, text=null, detailText=The exercise expects a class with the name Policy in the package testpackage. You did not implement the class in the exercise., hasLongFeedbackText=false, reference=null, credits=0.0, positive=false, type=AUTOMATIC, visibility=ALWAYS, testCase=TestCaseDTO[testName=null, id=14]], FeedbackDTO[id=69, text=null, detailText=The exercise expects a class with the name SortStrategy in the package testpackage. You did not implement the class in the exercise., hasLongFeedbackText=false, reference=null, credits=0.0, positive=false, type=AUTOMATIC, visibility=ALWAYS, testCase=TestCaseDTO[testName=null, id=15]], FeedbackDTO[id=70, text=null, detailText=The class 'MergeSort' does not implement the interface 'SortStrategy' as expected. Implement the interface and its methods., hasLongFeedbackText=false, reference=null, credits=0.0, positive=false, type=AUTOMATIC, visibility=ALWAYS, testCase=TestCaseDTO[testName=null, id=10]], FeedbackDTO[id=71, text=null, detailText=The exercise expects a class with the name SortStrategy in the package testpackage. You did not implement the class in the exercise., hasLongFeedbackText=false, reference=null, credits=0.0, positive=false, type=AUTOMATIC, visibility=ALWAYS, testCase=TestCaseDTO[testName=null, id=7]], FeedbackDTO[id=72, text=null, detailText=The class 'BubbleSort' does not implement the interface 'SortStrategy' as expected. Implement the interface and its methods., hasLongFeedbackText=false, reference=null, credits=0.0, positive=false, type=AUTOMATIC, visibility=ALWAYS, testCase=TestCaseDTO[testName=null, id=11]], FeedbackDTO[id=73, text=null, detailText=MergeSort does not sort correctly, hasLongFeedbackText=false, reference=null, credits=0.0, positive=false, type=AUTOMATIC, visibility=ALWAYS, testCase=TestCaseDTO[testName=null, id=16]], FeedbackDTO[id=74, text=null, detailText=The class 'Context' was not found within the submission. Make sure to implement it properly., hasLongFeedbackText=false, reference=null, credits=0.0, positive=false, type=AUTOMATIC, visibility=ALWAYS, testCase=TestCaseDTO[testName=null, id=17]], FeedbackDTO[id=75, text=null, detailText=The class 'Context' was not found within the submission. Make sure to implement it properly., hasLongFeedbackText=false, reference=null, credits=0.0, positive=false, type=AUTOMATIC, visibility=ALWAYS, testCase=TestCaseDTO[testName=null, id=18]], FeedbackDTO[id=76, text=null, detailText=The exercise expects a class with the name Policy in the package testpackage. You did not implement the class in the exercise., hasLongFeedbackText=false, reference=null, credits=0.0, positive=false, type=AUTOMATIC, visibility=ALWAYS, testCase=TestCaseDTO[testName=null, id=12]], FeedbackDTO[id=77, text=null, detailText=The exercise expects a class with the name Context in the package testpackage. You did not implement the class in the exercise., hasLongFeedbackText=false, reference=null, credits=0.0, positive=false, type=AUTOMATIC, visibility=ALWAYS, testCase=TestCaseDTO[testName=null, id=8]], FeedbackDTO[id=78, text=null, detailText=The exercise expects a class with the name Policy in the package testpackage. You did not implement the class in the exercise., hasLongFeedbackText=false, reference=null, credits=0.0, positive=false, type=AUTOMATIC, visibility=ALWAYS, testCase=TestCaseDTO[testName=null, id=9]], FeedbackDTO[id=79, text=null, detailText=null, hasLongFeedbackText=false, reference=null, credits=3.230769230769231, positive=true, type=AUTOMATIC, visibility=ALWAYS, testCase=TestCaseDTO[testName=null, id=19]]], assessmentType=AUTOMATIC, hasComplaint=null, exampleResult=null, testCaseCount=13, passedTestCaseCount=1, codeIssueCount=0]]], publicSshKey=ssh-rsa AAAAB3NzaC1yc2EAAAADAQABAAACAQCOPdMsxRE2jFJ/UEa5/LsBxtwzJcrh3/rYBCQvcMeVpiRfhzQPWu7mrt/G2Ew+i+vRloGH9aqKg6dd1liRncao53Zmd/ePxoatXePNhmzTfkCkcSkTUz7B+QMjkoDDV5jwuFPD6mF3JkhuzSi64n9Zy905t4w2IhVcjM2mL3eYNjiCXt6Qpq3Pkt7dM/Ksw1nxnvuiIALuJLB3FTkXkHqq3PJav+9HSq2r6ZaWgekneaGxlQlb+U+Vy3XOuArKAzK8c8i+0bR+AHiTG6ncYXt7ax3U+TdlDTF7OLP3umwaYjs1NBXOHwG42pevvpKn2fqavZZozk+M05jXLx3bq0O7itxfErWc7etky8qYPyyIMF/txQIVLd78+Ze4d7Y60t5MGbXM5cGE6fFif5fEJwgswXD+BrG0cafz1CTatjSKFdvp8Vp4VszXhHDan1PrP6JEFJ5Cc5GDmLRZPCFa3vL9f5qXgf4bkqKN8MYeEujwJE5nMRWoiJVNakix2bcrrneQMBlnYeYZVWXXXUusAQBzl4NgddC1umZpihZkL1b1MffZAUW3EGEXi7KHnllQhkTLLsQ8ntMgbylqaJKStqaXlLvdeRJcEnUuiFCrHEVVbXRFZR7XVDZ02CE5o3MuaRPty8Kh+jRTF3COlAckHwYEJCNNJvXFgb2CNXL4mjzYDw== test@localhost]
    23:42:45.756 | 566 localvc.event-13 | DEBUG | a.p.s.l.SharedQueueManagementService : Build agent updated: null
    23:42:45.757 | 588 artemis-task-1   | DEBUG | d.t.c.a.a.c.c.w.GzipMessageConverter : Compressed message payload from 9564 to 3080 (saved 67.8% payload size)
    23:42:45.770 | 566 localvc.event-13 | DEBUG | a.p.s.l.LocalCIQueueWebsocketService : Build agent updated: BuildAgentInformation[buildAgent=BuildAgentDTO[name=artemis-build-agent-test, memberAddress=[127.0.0.1]:5703, displayName=artemis-build-agent-test], maxNumberOfConcurrentBuildJobs=1, numberOfCurrentBuildJobs=0, runningBuildJobs=[], status=IDLE, recentBuildJobs=[BuildJobQueueItem[id=4621739576562326, name=SHORT43ACF76B02BC1044B80938509D14043FABDETSTEXC-LOCALCIINTSTUDENT1, buildAgent=BuildAgentDTO[name=artemis-build-agent-test, memberAddress=[127.0.0.1]:5703, displayName=artemis-build-agent-test], participationId=462, courseId=147, exerciseId=298, retryCount=0, priority=2, status=SUCCESSFUL, repositoryInfo=RepositoryInfo[repositoryName=short43acf76b02bc1044b80938509d14043fabdetstexc-localciintstudent1, repositoryType=user, triggeredByPushTo=user, assignmentRepositoryUri=http://localhost:49152/git/SHORT43ACF76B02BC1044B80938509D14043FABDETSTEXC/short43acf76b02bc1044b80938509d14043fabdetstexc-localciintstudent1.git, testRepositoryUri=http://localhost:49152/git/SHORT43ACF76B02BC1044B80938509D14043FABDETSTEXC/short43acf76b02bc1044b80938509d14043fabdetstexc-tests.git, solutionRepositoryUri=null, auxiliaryRepositoryUris=[Ljava.lang.String;@457c56c6, auxiliaryRepositoryCheckoutDirectories=[Ljava.lang.String;@8ff426], jobTimingInfo=JobTimingInfo[submissionDate=2025-02-14T23:42:42.326978596Z[Etc/UTC], buildStartDate=2025-02-14T23:42:42.420147010Z[Etc/UTC], buildCompletionDate=2025-02-14T23:42:45.573855829Z[Etc/UTC], estimatedCompletionDate=2025-02-14T23:43:01.420129377Z[Etc/UTC], estimatedDuration=19], buildConfig=BuildConfig[buildScript=#!/bin/bash
cd /var/tmp/testing-dir
chmod +x ./gradlew
./gradlew clean test
, dockerImage=dummy-docker-image:latest, commitHashToBuild=a9c717ccf7bcbe9531d3eee21dbaeb5aab2ff971, assignmentCommitHash=a9c717ccf7bcbe9531d3eee21dbaeb5aab2ff971, testCommitHash=a9c717ccf7bcbe9531d3eee21dbaeb5aab2ff971, branch=main, programmingLanguage=JAVA, projectType=PLAIN_GRADLE, scaEnabled=false, sequentialTestRunsEnabled=false, resultPaths=[/var/tmp/testing-dir/**/test-results/test/*.xml], timeoutSeconds=0, assignmentCheckoutPath=null, testCheckoutPath=null, solutionCheckoutPath=null, dockerRunConfig=DockerRunConfig[isNetworkDisabled=true, env=[key=value]]], submissionResult=ResultDTO[id=132, completionDate=2025-02-14T23:42:45.519869118Z[Etc/UTC], successful=false, score=7.7, rated=true, submission=SubmissionDTO[id=119, submitted=true, type=MANUAL, exampleSubmission=null, submissionDate=2025-02-14T23:42:42.302762Z, commitHash=a9c717ccf7bcbe9531d3eee21dbaeb5aab2ff971, buildFailed=false, buildArtifact=false, participation=ParticipationDTO[id=462, testRun=false, type=programming, submissionCount=null, exercise=ParticipationExerciseDTO[id=298, exerciseType=PROGRAMMING, type=programming, assessmentType=AUTOMATIC, dueDate=2025-02-16T23:42:41.553955Z, assessmentDueDate=null, maxPoints=42.0, course=CourseDTO[id=147, accuracyOfScores=1]]], submissionExerciseType=programming, isProcessing=false, buildStartDate=null, estimatedCompletionDate=null], participation=ParticipationDTO[id=462, testRun=false, type=programming, submissionCount=null, exercise=ParticipationExerciseDTO[id=298, exerciseType=PROGRAMMING, type=programming, assessmentType=AUTOMATIC, dueDate=2025-02-16T23:42:41.553955Z, assessmentDueDate=null, maxPoints=42.0, course=CourseDTO[id=147, accuracyOfScores=1]]], feedbacks=[FeedbackDTO[id=67, text=null, detailText=The exercise expects a class with the name Context in the package testpackage. You did not implement the class in the exercise., hasLongFeedbackText=false, reference=null, credits=0.0, positive=false, type=AUTOMATIC, visibility=ALWAYS, testCase=TestCaseDTO[testName=null, id=13]], FeedbackDTO[id=68, text=null, detailText=The exercise expects a class with the name Policy in the package testpackage. You did not implement the class in the exercise., hasLongFeedbackText=false, reference=null, credits=0.0, positive=false, type=AUTOMATIC, visibility=ALWAYS, testCase=TestCaseDTO[testName=null, id=14]], FeedbackDTO[id=69, text=null, detailText=The exercise expects a class with the name SortStrategy in the package testpackage. You did not implement the class in the exercise., hasLongFeedbackText=false, reference=null, credits=0.0, positive=false, type=AUTOMATIC, visibility=ALWAYS, testCase=TestCaseDTO[testName=null, id=15]], FeedbackDTO[id=70, text=null, detailText=The class 'MergeSort' does not implement the interface 'SortStrategy' as expected. Implement the interface and its methods., hasLongFeedbackText=false, reference=null, credits=0.0, positive=false, type=AUTOMATIC, visibility=ALWAYS, testCase=TestCaseDTO[testName=null, id=10]], FeedbackDTO[id=71, text=null, detailText=The exercise expects a class with the name SortStrategy in the package testpackage. You did not implement the class in the exercise., hasLongFeedbackText=false, reference=null, credits=0.0, positive=false, type=AUTOMATIC, visibility=ALWAYS, testCase=TestCaseDTO[testName=null, id=7]], FeedbackDTO[id=72, text=null, detailText=The class 'BubbleSort' does not implement the interface 'SortStrategy' as expected. Implement the interface and its methods., hasLongFeedbackText=false, reference=null, credits=0.0, positive=false, type=AUTOMATIC, visibility=ALWAYS, testCase=TestCaseDTO[testName=null, id=11]], FeedbackDTO[id=73, text=null, detailText=MergeSort does not sort correctly, hasLongFeedbackText=false, reference=null, credits=0.0, positive=false, type=AUTOMATIC, visibility=ALWAYS, testCase=TestCaseDTO[testName=null, id=16]], FeedbackDTO[id=74, text=null, detailText=The class 'Context' was not found within the submission. Make sure to implement it properly., hasLongFeedbackText=false, reference=null, credits=0.0, positive=false, type=AUTOMATIC, visibility=ALWAYS, testCase=TestCaseDTO[testName=null, id=17]], FeedbackDTO[id=75, text=null, detailText=The class 'Context' was not found within the submission. Make sure to implement it properly., hasLongFeedbackText=false, reference=null, credits=0.0, positive=false, type=AUTOMATIC, visibility=ALWAYS, testCase=TestCaseDTO[testName=null, id=18]], FeedbackDTO[id=76, text=null, detailText=The exercise expects a class with the name Policy in the package testpackage. You did not implement the class in the exercise., hasLongFeedbackText=false, reference=null, credits=0.0, positive=false, type=AUTOMATIC, visibility=ALWAYS, testCase=TestCaseDTO[testName=null, id=12]], FeedbackDTO[id=77, text=null, detailText=The exercise expects a class with the name Context in the package testpackage. You did not implement the class in the exercise., hasLongFeedbackText=false, reference=null, credits=0.0, positive=false, type=AUTOMATIC, visibility=ALWAYS, testCase=TestCaseDTO[testName=null, id=8]], FeedbackDTO[id=78, text=null, detailText=The exercise expects a class with the name Policy in the package testpackage. You did not implement the class in the exercise., hasLongFeedbackText=false, reference=null, credits=0.0, positive=false, type=AUTOMATIC, visibility=ALWAYS, testCase=TestCaseDTO[testName=null, id=9]], FeedbackDTO[id=79, text=null, detailText=null, hasLongFeedbackText=false, reference=null, credits=3.230769230769231, positive=true, type=AUTOMATIC, visibility=ALWAYS, testCase=TestCaseDTO[testName=null, id=19]]], assessmentType=AUTOMATIC, hasComplaint=null, exampleResult=null, testCaseCount=13, passedTestCaseCount=1, codeIssueCount=0]]], publicSshKey=ssh-rsa AAAAB3NzaC1yc2EAAAADAQABAAACAQCOPdMsxRE2jFJ/UEa5/LsBxtwzJcrh3/rYBCQvcMeVpiRfhzQPWu7mrt/G2Ew+i+vRloGH9aqKg6dd1liRncao53Zmd/ePxoatXePNhmzTfkCkcSkTUz7B+QMjkoDDV5jwuFPD6mF3JkhuzSi64n9Zy905t4w2IhVcjM2mL3eYNjiCXt6Qpq3Pkt7dM/Ksw1nxnvuiIALuJLB3FTkXkHqq3PJav+9HSq2r6ZaWgekneaGxlQlb+U+Vy3XOuArKAzK8c8i+0bR+AHiTG6ncYXt7ax3U+TdlDTF7OLP3umwaYjs1NBXOHwG42pevvpKn2fqavZZozk+M05jXLx3bq0O7itxfErWc7etky8qYPyyIMF/txQIVLd78+Ze4d7Y60t5MGbXM5cGE6fFif5fEJwgswXD+BrG0cafz1CTatjSKFdvp8Vp4VszXhHDan1PrP6JEFJ5Cc5GDmLRZPCFa3vL9f5qXgf4bkqKN8MYeEujwJE5nMRWoiJVNakix2bcrrneQMBlnYeYZVWXXXUusAQBzl4NgddC1umZpihZkL1b1MffZAUW3EGEXi7KHnllQhkTLLsQ8ntMgbylqaJKStqaXlLvdeRJcEnUuiFCrHEVVbXRFZR7XVDZ02CE5o3MuaRPty8Kh+jRTF3COlAckHwYEJCNNJvXFgb2CNXL4mjzYDw== test@localhost]
    23:42:45.772 | 566 localvc.event-13 | DEBUG | s.l.LocalCIWebsocketMessagingService : Sending message on topic /topic/admin/build-agents: [BuildAgentInformation[buildAgent=BuildAgentDTO[name=artemis-build-agent-test, memberAddress=[127.0.0.1]:5703, displayName=artemis-build-agent-test], maxNumberOfConcurrentBuildJobs=1, numberOfCurrentBuildJobs=0, runningBuildJobs=[], status=IDLE, recentBuildJobs=null, publicSshKey=null]]
    23:42:45.773 | 588 artemis-task-1   | DEBUG | d.t.c.a.a.c.c.w.GzipMessageConverter : Compressed message payload from 255 to 232 (saved 9.0% payload size)
    23:42:45.774 | 566 localvc.event-13 | DEBUG | s.l.LocalCIWebsocketMessagingService : Sending message on topic /topic/admin/build-agent/artemis-build-agent-test: BuildAgentInformation[buildAgent=BuildAgentDTO[name=artemis-build-agent-test, memberAddress=[127.0.0.1]:5703, displayName=artemis-build-agent-test], maxNumberOfConcurrentBuildJobs=1, numberOfCurrentBuildJobs=0, runningBuildJobs=[], status=IDLE, recentBuildJobs=[BuildJobQueueItem[id=4621739576562326, name=SHORT43ACF76B02BC1044B80938509D14043FABDETSTEXC-LOCALCIINTSTUDENT1, buildAgent=BuildAgentDTO[name=artemis-build-agent-test, memberAddress=[127.0.0.1]:5703, displayName=artemis-build-agent-test], participationId=462, courseId=147, exerciseId=298, retryCount=0, priority=2, status=SUCCESSFUL, repositoryInfo=RepositoryInfo[repositoryName=short43acf76b02bc1044b80938509d14043fabdetstexc-localciintstudent1, repositoryType=user, triggeredByPushTo=user, assignmentRepositoryUri=http://localhost:49152/git/SHORT43ACF76B02BC1044B80938509D14043FABDETSTEXC/short43acf76b02bc1044b80938509d14043fabdetstexc-localciintstudent1.git, testRepositoryUri=http://localhost:49152/git/SHORT43ACF76B02BC1044B80938509D14043FABDETSTEXC/short43acf76b02bc1044b80938509d14043fabdetstexc-tests.git, solutionRepositoryUri=null, auxiliaryRepositoryUris=[Ljava.lang.String;@c9c58a4, auxiliaryRepositoryCheckoutDirectories=[Ljava.lang.String;@73cdb3d5], jobTimingInfo=JobTimingInfo[submissionDate=2025-02-14T23:42:42.326978596Z[Etc/UTC], buildStartDate=2025-02-14T23:42:42.420147010Z[Etc/UTC], buildCompletionDate=2025-02-14T23:42:45.573855829Z[Etc/UTC], estimatedCompletionDate=2025-02-14T23:43:01.420129377Z[Etc/UTC], estimatedDuration=19], buildConfig=BuildConfig[buildScript=#!/bin/bash
cd /var/tmp/testing-dir
chmod +x ./gradlew
./gradlew clean test
, dockerImage=dummy-docker-image:latest, commitHashToBuild=a9c717ccf7bcbe9531d3eee21dbaeb5aab2ff971, assignmentCommitHash=a9c717ccf7bcbe9531d3eee21dbaeb5aab2ff971, testCommitHash=a9c717ccf7bcbe9531d3eee21dbaeb5aab2ff971, branch=main, programmingLanguage=JAVA, projectType=PLAIN_GRADLE, scaEnabled=false, sequentialTestRunsEnabled=false, resultPaths=[/var/tmp/testing-dir/**/test-results/test/*.xml], timeoutSeconds=0, assignmentCheckoutPath=null, testCheckoutPath=null, solutionCheckoutPath=null, dockerRunConfig=DockerRunConfig[isNetworkDisabled=true, env=[key=value]]], submissionResult=ResultDTO[id=132, completionDate=2025-02-14T23:42:45.519869118Z[Etc/UTC], successful=false, score=7.7, rated=true, submission=SubmissionDTO[id=119, submitted=true, type=MANUAL, exampleSubmission=null, submissionDate=2025-02-14T23:42:42.302762Z, commitHash=a9c717ccf7bcbe9531d3eee21dbaeb5aab2ff971, buildFailed=false, buildArtifact=false, participation=ParticipationDTO[id=462, testRun=false, type=programming, submissionCount=null, exercise=ParticipationExerciseDTO[id=298, exerciseType=PROGRAMMING, type=programming, assessmentType=AUTOMATIC, dueDate=2025-02-16T23:42:41.553955Z, assessmentDueDate=null, maxPoints=42.0, course=CourseDTO[id=147, accuracyOfScores=1]]], submissionExerciseType=programming, isProcessing=false, buildStartDate=null, estimatedCompletionDate=null], participation=ParticipationDTO[id=462, testRun=false, type=programming, submissionCount=null, exercise=ParticipationExerciseDTO[id=298, exerciseType=PROGRAMMING, type=programming, assessmentType=AUTOMATIC, dueDate=2025-02-16T23:42:41.553955Z, assessmentDueDate=null, maxPoints=42.0, course=CourseDTO[id=147, accuracyOfScores=1]]], feedbacks=[FeedbackDTO[id=67, text=null, detailText=The exercise expects a class with the name Context in the package testpackage. You did not implement the class in the exercise., hasLongFeedbackText=false, reference=null, credits=0.0, positive=false, type=AUTOMATIC, visibility=ALWAYS, testCase=TestCaseDTO[testName=null, id=13]], FeedbackDTO[id=68, text=null, detailText=The exercise expects a class with the name Policy in the package testpackage. You did not implement the class in the exercise., hasLongFeedbackText=false, reference=null, credits=0.0, positive=false, type=AUTOMATIC, visibility=ALWAYS, testCase=TestCaseDTO[testName=null, id=14]], FeedbackDTO[id=69, text=null, detailText=The exercise expects a class with the name SortStrategy in the package testpackage. You did not implement the class in the exercise., hasLongFeedbackText=false, reference=null, credits=0.0, positive=false, type=AUTOMATIC, visibility=ALWAYS, testCase=TestCaseDTO[testName=null, id=15]], FeedbackDTO[id=70, text=null, detailText=The class 'MergeSort' does not implement the interface 'SortStrategy' as expected. Implement the interface and its methods., hasLongFeedbackText=false, reference=null, credits=0.0, positive=false, type=AUTOMATIC, visibility=ALWAYS, testCase=TestCaseDTO[testName=null, id=10]], FeedbackDTO[id=71, text=null, detailText=The exercise expects a class with the name SortStrategy in the package testpackage. You did not implement the class in the exercise., hasLongFeedbackText=false, reference=null, credits=0.0, positive=false, type=AUTOMATIC, visibility=ALWAYS, testCase=TestCaseDTO[testName=null, id=7]], FeedbackDTO[id=72, text=null, detailText=The class 'BubbleSort' does not implement the interface 'SortStrategy' as expected. Implement the interface and its methods., hasLongFeedbackText=false, reference=null, credits=0.0, positive=false, type=AUTOMATIC, visibility=ALWAYS, testCase=TestCaseDTO[testName=null, id=11]], FeedbackDTO[id=73, text=null, detailText=MergeSort does not sort correctly, hasLongFeedbackText=false, reference=null, credits=0.0, positive=false, type=AUTOMATIC, visibility=ALWAYS, testCase=TestCaseDTO[testName=null, id=16]], FeedbackDTO[id=74, text=null, detailText=The class 'Context' was not found within the submission. Make sure to implement it properly., hasLongFeedbackText=false, reference=null, credits=0.0, positive=false, type=AUTOMATIC, visibility=ALWAYS, testCase=TestCaseDTO[testName=null, id=17]], FeedbackDTO[id=75, text=null, detailText=The class 'Context' was not found within the submission. Make sure to implement it properly., hasLongFeedbackText=false, reference=null, credits=0.0, positive=false, type=AUTOMATIC, visibility=ALWAYS, testCase=TestCaseDTO[testName=null, id=18]], FeedbackDTO[id=76, text=null, detailText=The exercise expects a class with the name Policy in the package testpackage. You did not implement the class in the exercise., hasLongFeedbackText=false, reference=null, credits=0.0, positive=false, type=AUTOMATIC, visibility=ALWAYS, testCase=TestCaseDTO[testName=null, id=12]], FeedbackDTO[id=77, text=null, detailText=The exercise expects a class with the name Context in the package testpackage. You did not implement the class in the exercise., hasLongFeedbackText=false, reference=null, credits=0.0, positive=false, type=AUTOMATIC, visibility=ALWAYS, testCase=TestCaseDTO[testName=null, id=8]], FeedbackDTO[id=78, text=null, detailText=The exercise expects a class with the name Policy in the package testpackage. You did not implement the class in the exercise., hasLongFeedbackText=false, reference=null, credits=0.0, positive=false, type=AUTOMATIC, visibility=ALWAYS, testCase=TestCaseDTO[testName=null, id=9]], FeedbackDTO[id=79, text=null, detailText=null, hasLongFeedbackText=false, reference=null, credits=3.230769230769231, positive=true, type=AUTOMATIC, visibility=ALWAYS, testCase=TestCaseDTO[testName=null, id=19]]], assessmentType=AUTOMATIC, hasComplaint=null, exampleResult=null, testCaseCount=13, passedTestCaseCount=1, codeIssueCount=0]]], publicSshKey=ssh-rsa AAAAB3NzaC1yc2EAAAADAQABAAACAQCOPdMsxRE2jFJ/UEa5/LsBxtwzJcrh3/rYBCQvcMeVpiRfhzQPWu7mrt/G2Ew+i+vRloGH9aqKg6dd1liRncao53Zmd/ePxoatXePNhmzTfkCkcSkTUz7B+QMjkoDDV5jwuFPD6mF3JkhuzSi64n9Zy905t4w2IhVcjM2mL3eYNjiCXt6Qpq3Pkt7dM/Ksw1nxnvuiIALuJLB3FTkXkHqq3PJav+9HSq2r6ZaWgekneaGxlQlb+U+Vy3XOuArKAzK8c8i+0bR+AHiTG6ncYXt7ax3U+TdlDTF7OLP3umwaYjs1NBXOHwG42pevvpKn2fqavZZozk+M05jXLx3bq0O7itxfErWc7etky8qYPyyIMF/txQIVLd78+Ze4d7Y60t5MGbXM5cGE6fFif5fEJwgswXD+BrG0cafz1CTatjSKFdvp8Vp4VszXhHDan1PrP6JEFJ5Cc5GDmLRZPCFa3vL9f5qXgf4bkqKN8MYeEujwJE5nMRWoiJVNakix2bcrrneQMBlnYeYZVWXXXUusAQBzl4NgddC1umZpihZkL1b1MffZAUW3EGEXi7KHnllQhkTLLsQ8ntMgbylqaJKStqaXlLvdeRJcEnUuiFCrHEVVbXRFZR7XVDZ02CE5o3MuaRPty8Kh+jRTF3COlAckHwYEJCNNJvXFgb2CNXL4mjzYDw== test@localhost]
    23:42:45.780 | 566 localvc.event-13 | DEBUG | a.p.s.l.SharedQueueManagementService : Build agent updated: null
    23:42:45.785 | 588 artemis-task-1   | DEBUG | d.t.c.a.a.c.c.w.GzipMessageConverter : Compressed message payload from 9564 to 3080 (saved 67.8% payload size)
    23:42:45.785 | 601 taskScheduler-2  | DEBUG | .a.s.ParticipantScoreScheduleService : Processing exercise 298 and participant 37 to update participant scores.
    23:42:45.801 | 601 taskScheduler-2  | DEBUG | .a.s.ParticipantScoreScheduleService : Updated participant score 65.
    23:42:45.802 | 601 taskScheduler-2  | DEBUG | .a.s.ParticipantScoreScheduleService : Updating the participant score for exercise 298 and participant 37 took 17 ms.
    23:42:48.762 | 951 waitility-thread | DEBUG | .a.s.ParticipantScoreScheduleService : Scheduled task for exercise 298 and participant 37 at 2025-02-14T23:42:48.962853936Z[Etc/UTC].
    23:42:48.763 | 951 waitility-thread | DEBUG | .a.s.ParticipantScoreScheduleService : Processing of 1 results and 0 participant scores.
    23:42:48.962 | 615 taskScheduler-4  | DEBUG | .a.s.ParticipantScoreScheduleService : Processing exercise 298 and participant 37 to update participant scores.
    23:42:48.965 | 615 taskScheduler-4  | DEBUG | .a.s.ParticipantScoreScheduleService : Participant score 65 is already up-to-date, skipping.
    23:42:49.075 |  27 nPool-1-worker-1 | INFO  | .c.a.a.p.i.LocalVCLocalCITestService : Expected commit hash: a9c717ccf7bcbe9531d3eee21dbaeb5aab2ff971
    23:42:49.075 |  27 nPool-1-worker-1 | INFO  | .c.a.a.p.i.LocalVCLocalCITestService : Submission with commit hash: a9c717ccf7bcbe9531d3eee21dbaeb5aab2ff971

  Starting logs for LocalCIIntegrationTest > testCommitHashNull()
    23:42:49.131 |  27 nPool-1-worker-1 | DEBUG | d.t.c.a.a.c.u.util.UserUtilService   : Generate 2 students...
    23:42:49.139 |  27 nPool-1-worker-1 | DEBUG | d.t.c.a.a.c.u.util.UserUtilService   : 2 students generated. Generate 1 tutors...
    23:42:49.142 |  27 nPool-1-worker-1 | DEBUG | d.t.c.a.a.c.u.util.UserUtilService   : 1 tutors generated. Generate 0 editors...
    23:42:49.143 |  27 nPool-1-worker-1 | DEBUG | d.t.c.a.a.c.u.util.UserUtilService   : 0 editors generated. Generate 2 instructors...
    23:42:49.147 |  27 nPool-1-worker-1 | DEBUG | d.t.c.a.a.c.u.util.UserUtilService   : 2 instructors generated
    23:42:49.149 |  27 nPool-1-worker-1 | DEBUG | d.t.c.a.a.c.u.util.UserUtilService   : Removing 4 users from all courses...
    23:42:49.149 |  27 nPool-1-worker-1 | DEBUG | d.t.c.a.a.c.u.util.UserUtilService   : Removing 4 users from all courses. Done
    23:42:49.149 |  27 nPool-1-worker-1 | DEBUG | d.t.c.a.a.c.u.util.UserUtilService   : Save 5 users to database...
    23:42:49.160 |  27 nPool-1-worker-1 | DEBUG | d.t.c.a.a.c.u.util.UserUtilService   : Save 5 users to database. Done
    23:42:49.304 |  27 nPool-1-worker-1 | INFO  | i.z.t.d.l.EmbeddedDatabaseReporter   : JDBC URL to connect to 'dataSource': url='jdbc:h2:tcp://localhost:41063/mem:f240edcd-27ce-47a3-b4ab-a6a00c154135;USER=sa', scope='LocalCIIntegrationTest#testCommitHashNull'
    23:42:49.308 |  27 nPool-1-worker-1 | DEBUG | PersonalAccessTokenManagementService : Generate secure vcs access token
    23:42:49.312 |  27 nPool-1-worker-1 | DEBUG | .c.a.a.p.i.LocalVCLocalCITestService : Created participation with id: 465
    23:42:49.321 |  27 nPool-1-worker-1 | INFO  | a.a.p.s.ProgrammingSubmissionService : NotifyPush invoked due to the commit 41581fff25954d36cf07586926ee0c77d1003131 by runner with runner@fv-az1721-502.3f4brhnmpvfezfvsf01bsr3jih.cx.internal.cloudapp.net in branch main
    23:42:49.322 |  27 nPool-1-worker-1 | INFO  | .t.c.a.a.p.s.l.LocalCITriggerService : Triggering build for participation 465 and commit hash 41581fff25954d36cf07586926ee0c77d1003131
    23:42:49.322 |  27 nPool-1-worker-1 | DEBUG | d.t.c.a.a.p.s.AbstractGitService     : getLastCommitHash http://localhost:49152/git/SHORTB06DD3F905F4604F6E085260D83ED657A6DFTSTEXC/shortb06dd3f905f4604f6e085260d83ed657a6dftstexc-localciintstudent1.git
    23:42:49.322 |  27 nPool-1-worker-1 | ERROR | d.t.c.a.a.p.s.AbstractGitService     : Cannot use ssh properly because of mismatch of Jgit transport object: org.eclipse.jgit.transport.TransportLocal@6e669518
    23:42:49.326 |  27 nPool-1-worker-1 | DEBUG | d.t.c.a.a.p.s.AbstractGitService     : getLastCommitHash http://localhost:49152/git/SHORTB06DD3F905F4604F6E085260D83ED657A6DFTSTEXC/shortb06dd3f905f4604f6e085260d83ed657a6dftstexc-tests.git
    23:42:49.326 |  27 nPool-1-worker-1 | ERROR | d.t.c.a.a.p.s.AbstractGitService     : Cannot use ssh properly because of mismatch of Jgit transport object: org.eclipse.jgit.transport.TransportLocal@6b1e87e
    23:42:49.340 | 566 localvc.event-13 | DEBUG | s.l.LocalCIWebsocketMessagingService : Sending message on topic /topic/admin/queued-jobs: [BuildJobQueueItem[id=4651739576569330, name=SHORTB06DD3F905F4604F6E085260D83ED657A6DFTSTEXC-LOCALCIINTSTUDENT1, buildAgent=BuildAgentDTO[name=null, memberAddress=null, displayName=null], participationId=465, courseId=148, exerciseId=299, retryCount=0, priority=2, status=null, repositoryInfo=RepositoryInfo[repositoryName=shortb06dd3f905f4604f6e085260d83ed657a6dftstexc-localciintstudent1, repositoryType=user, triggeredByPushTo=user, assignmentRepositoryUri=, testRepositoryUri=, solutionRepositoryUri=, auxiliaryRepositoryUris=null, auxiliaryRepositoryCheckoutDirectories=null], jobTimingInfo=JobTimingInfo[submissionDate=2025-02-14T23:42:49.330093960Z[Etc/UTC], buildStartDate=null, buildCompletionDate=null, estimatedCompletionDate=null, estimatedDuration=19], buildConfig=BuildConfig[buildScript=, dockerImage=, commitHashToBuild=41581fff25954d36cf07586926ee0c77d1003131, assignmentCommitHash=, testCommitHash=, branch=, programmingLanguage=null, projectType=null, scaEnabled=false, sequentialTestRunsEnabled=false, resultPaths=null, timeoutSeconds=0, assignmentCheckoutPath=, testCheckoutPath=, solutionCheckoutPath=, dockerRunConfig=null], submissionResult=null]]
    23:42:49.340 | 566 localvc.event-13 | DEBUG | s.l.LocalCIWebsocketMessagingService : Sending message on topic /topic/courses/148/queued-jobs: [BuildJobQueueItem[id=4651739576569330, name=SHORTB06DD3F905F4604F6E085260D83ED657A6DFTSTEXC-LOCALCIINTSTUDENT1, buildAgent=BuildAgentDTO[name=null, memberAddress=null, displayName=null], participationId=465, courseId=148, exerciseId=299, retryCount=0, priority=2, status=null, repositoryInfo=RepositoryInfo[repositoryName=shortb06dd3f905f4604f6e085260d83ed657a6dftstexc-localciintstudent1, repositoryType=user, triggeredByPushTo=user, assignmentRepositoryUri=, testRepositoryUri=, solutionRepositoryUri=, auxiliaryRepositoryUris=null, auxiliaryRepositoryCheckoutDirectories=null], jobTimingInfo=JobTimingInfo[submissionDate=2025-02-14T23:42:49.330093960Z[Etc/UTC], buildStartDate=null, buildCompletionDate=null, estimatedCompletionDate=null, estimatedDuration=19], buildConfig=BuildConfig[buildScript=, dockerImage=, commitHashToBuild=41581fff25954d36cf07586926ee0c77d1003131, assignmentCommitHash=, testCommitHash=, branch=, programmingLanguage=null, projectType=null, scaEnabled=false, sequentialTestRunsEnabled=false, resultPaths=null, timeoutSeconds=0, assignmentCheckoutPath=, testCheckoutPath=, solutionCheckoutPath=, dockerRunConfig=null], submissionResult=null]]
    23:42:49.341 | 588 artemis-task-1   | DEBUG | d.t.c.a.a.c.c.w.GzipMessageConverter : Compressed message payload from 729 to 608 (saved 16.6% payload size)
    23:42:49.341 | 566 localvc.event-13 | DEBUG | a.a.b.s.SharedQueueProcessingService : CIBuildJobQueueItem added to queue: BuildJobQueueItem[id=4651739576569330, name=SHORTB06DD3F905F4604F6E085260D83ED657A6DFTSTEXC-LOCALCIINTSTUDENT1, buildAgent=BuildAgentDTO[name=null, memberAddress=null, displayName=null], participationId=465, courseId=148, exerciseId=299, retryCount=0, priority=2, status=null, repositoryInfo=RepositoryInfo[repositoryName=shortb06dd3f905f4604f6e085260d83ed657a6dftstexc-localciintstudent1, repositoryType=user, triggeredByPushTo=user, assignmentRepositoryUri=http://localhost:49152/git/SHORTB06DD3F905F4604F6E085260D83ED657A6DFTSTEXC/shortb06dd3f905f4604f6e085260d83ed657a6dftstexc-localciintstudent1.git, testRepositoryUri=http://localhost:49152/git/SHORTB06DD3F905F4604F6E085260D83ED657A6DFTSTEXC/shortb06dd3f905f4604f6e085260d83ed657a6dftstexc-tests.git, solutionRepositoryUri=null, auxiliaryRepositoryUris=[Ljava.lang.String;@318629fc, auxiliaryRepositoryCheckoutDirectories=[Ljava.lang.String;@4083e9a9], jobTimingInfo=JobTimingInfo[submissionDate=2025-02-14T23:42:49.330093960Z[Etc/UTC], buildStartDate=null, buildCompletionDate=null, estimatedCompletionDate=null, estimatedDuration=19], buildConfig=BuildConfig[buildScript=#!/bin/bash
cd /var/tmp/testing-dir
chmod +x ./gradlew
./gradlew clean test
, dockerImage=dummy-docker-image:latest, commitHashToBuild=41581fff25954d36cf07586926ee0c77d1003131, assignmentCommitHash=41581fff25954d36cf07586926ee0c77d1003131, testCommitHash=41581fff25954d36cf07586926ee0c77d1003131, branch=main, programmingLanguage=JAVA, projectType=PLAIN_GRADLE, scaEnabled=false, sequentialTestRunsEnabled=false, resultPaths=[/var/tmp/testing-dir/**/test-results/test/*.xml], timeoutSeconds=0, assignmentCheckoutPath=null, testCheckoutPath=null, solutionCheckoutPath=null, dockerRunConfig=null], submissionResult=null]
    23:42:49.341 |  27 nPool-1-worker-1 | INFO  | .t.c.a.a.p.s.l.LocalCITriggerService : Added build job 4651739576569330 for exercise TSTEXC and participation 465 with priority 2 to the queue
    23:42:49.341 | 588 artemis-task-1   | DEBUG | d.t.c.a.a.c.c.w.GzipMessageConverter : Compressed message payload from 729 to 608 (saved 16.6% payload size)
    23:42:49.342 |  27 nPool-1-worker-1 | INFO  | a.a.p.s.ProgrammingSubmissionService : Create new programmingSubmission with commitHash: 41581fff25954d36cf07586926ee0c77d1003131 for participation 465
    23:42:49.344 | 566 localvc.event-13 | DEBUG | a.a.b.s.SharedQueueProcessingService : Current queued items: 1
    23:42:49.344 | 566 localvc.event-13 | DEBUG | a.a.b.s.SharedQueueProcessingService : Currently processing jobs on this node: 0, active threads in Pool: 0, maximum pool size of thread executor : 1
    23:42:49.347 | 566 localvc.event-13 | DEBUG | a.a.b.s.SharedQueueProcessingService : Currently processing jobs on this node: 0, active threads in Pool: 0, maximum pool size of thread executor : 1
    23:42:49.348 | 565 localvc.event-12 | DEBUG | a.p.s.l.LocalCIQueueWebsocketService : CIBuildJobQueueItem added to processing jobs: BuildJobQueueItem[id=4651739576569330, name=SHORTB06DD3F905F4604F6E085260D83ED657A6DFTSTEXC-LOCALCIINTSTUDENT1, buildAgent=BuildAgentDTO[name=artemis-build-agent-test, memberAddress=[127.0.0.1]:5703, displayName=artemis-build-agent-test], participationId=465, courseId=148, exerciseId=299, retryCount=0, priority=2, status=null, repositoryInfo=RepositoryInfo[repositoryName=shortb06dd3f905f4604f6e085260d83ed657a6dftstexc-localciintstudent1, repositoryType=user, triggeredByPushTo=user, assignmentRepositoryUri=http://localhost:49152/git/SHORTB06DD3F905F4604F6E085260D83ED657A6DFTSTEXC/shortb06dd3f905f4604f6e085260d83ed657a6dftstexc-localciintstudent1.git, testRepositoryUri=http://localhost:49152/git/SHORTB06DD3F905F4604F6E085260D83ED657A6DFTSTEXC/shortb06dd3f905f4604f6e085260d83ed657a6dftstexc-tests.git, solutionRepositoryUri=null, auxiliaryRepositoryUris=[Ljava.lang.String;@24dbb22b, auxiliaryRepositoryCheckoutDirectories=[Ljava.lang.String;@20e43268], jobTimingInfo=JobTimingInfo[submissionDate=2025-02-14T23:42:49.330093960Z[Etc/UTC], buildStartDate=2025-02-14T23:42:49.347797345Z[Etc/UTC], buildCompletionDate=null, estimatedCompletionDate=2025-02-14T23:43:08.347788449Z[Etc/UTC], estimatedDuration=19], buildConfig=BuildConfig[buildScript=#!/bin/bash
cd /var/tmp/testing-dir
chmod +x ./gradlew
./gradlew clean test
, dockerImage=dummy-docker-image:latest, commitHashToBuild=41581fff25954d36cf07586926ee0c77d1003131, assignmentCommitHash=41581fff25954d36cf07586926ee0c77d1003131, testCommitHash=41581fff25954d36cf07586926ee0c77d1003131, branch=main, programmingLanguage=JAVA, projectType=PLAIN_GRADLE, scaEnabled=false, sequentialTestRunsEnabled=false, resultPaths=[/var/tmp/testing-dir/**/test-results/test/*.xml], timeoutSeconds=0, assignmentCheckoutPath=null, testCheckoutPath=null, solutionCheckoutPath=null, dockerRunConfig=null], submissionResult=null]
    23:42:49.349 | 565 localvc.event-12 | DEBUG | s.l.LocalCIWebsocketMessagingService : Sending message on topic /topic/admin/running-jobs: [BuildJobQueueItem[id=4651739576569330, name=SHORTB06DD3F905F4604F6E085260D83ED657A6DFTSTEXC-LOCALCIINTSTUDENT1, buildAgent=BuildAgentDTO[name=artemis-build-agent-test, memberAddress=[127.0.0.1]:5703, displayName=artemis-build-agent-test], participationId=465, courseId=148, exerciseId=299, retryCount=0, priority=2, status=null, repositoryInfo=RepositoryInfo[repositoryName=shortb06dd3f905f4604f6e085260d83ed657a6dftstexc-localciintstudent1, repositoryType=user, triggeredByPushTo=user, assignmentRepositoryUri=, testRepositoryUri=, solutionRepositoryUri=, auxiliaryRepositoryUris=null, auxiliaryRepositoryCheckoutDirectories=null], jobTimingInfo=JobTimingInfo[submissionDate=2025-02-14T23:42:49.330093960Z[Etc/UTC], buildStartDate=2025-02-14T23:42:49.347797345Z[Etc/UTC], buildCompletionDate=null, estimatedCompletionDate=2025-02-14T23:43:08.347788449Z[Etc/UTC], estimatedDuration=19], buildConfig=BuildConfig[buildScript=, dockerImage=, commitHashToBuild=41581fff25954d36cf07586926ee0c77d1003131, assignmentCommitHash=, testCommitHash=, branch=, programmingLanguage=null, projectType=null, scaEnabled=false, sequentialTestRunsEnabled=false, resultPaths=null, timeoutSeconds=0, assignmentCheckoutPath=, testCheckoutPath=, solutionCheckoutPath=, dockerRunConfig=null], submissionResult=null]]
    23:42:49.350 | 588 artemis-task-1   | DEBUG | d.t.c.a.a.c.c.w.GzipMessageConverter : Compressed message payload from 984 to 724 (saved 26.4% payload size)
    23:42:49.352 |  27 nPool-1-worker-1 | DEBUG | .t.c.a.a.p.s.l.LocalVCServletService : New push processed to repository http://localhost:49152/git/SHORTB06DD3F905F4604F6E085260D83ED657A6DFTSTEXC/shortb06dd3f905f4604f6e085260d83ed657a6dftstexc-localciintstudent1.git for commit 41581fff25954d36cf07586926ee0c77d1003131 in 39.58ms. A build job was queued.
    23:42:49.354 | 017 waitility-thread | DEBUG | .a.s.ParticipantScoreScheduleService : Processing of 0 results and 0 participant scores.
    23:42:49.356 | 565 localvc.event-12 | DEBUG | s.l.LocalCIWebsocketMessagingService : Sending message on topic /topic/courses/148/running-jobs: [BuildJobQueueItem[id=4651739576569330, name=SHORTB06DD3F905F4604F6E085260D83ED657A6DFTSTEXC-LOCALCIINTSTUDENT1, buildAgent=BuildAgentDTO[name=artemis-build-agent-test, memberAddress=[127.0.0.1]:5703, displayName=artemis-build-agent-test], participationId=465, courseId=148, exerciseId=299, retryCount=0, priority=2, status=null, repositoryInfo=RepositoryInfo[repositoryName=shortb06dd3f905f4604f6e085260d83ed657a6dftstexc-localciintstudent1, repositoryType=user, triggeredByPushTo=user, assignmentRepositoryUri=, testRepositoryUri=, solutionRepositoryUri=, auxiliaryRepositoryUris=null, auxiliaryRepositoryCheckoutDirectories=null], jobTimingInfo=JobTimingInfo[submissionDate=2025-02-14T23:42:49.330093960Z[Etc/UTC], buildStartDate=2025-02-14T23:42:49.347797345Z[Etc/UTC], buildCompletionDate=null, estimatedCompletionDate=2025-02-14T23:43:08.347788449Z[Etc/UTC], estimatedDuration=19], buildConfig=BuildConfig[buildScript=, dockerImage=, commitHashToBuild=41581fff25954d36cf07586926ee0c77d1003131, assignmentCommitHash=, testCommitHash=, branch=, programmingLanguage=null, projectType=null, scaEnabled=false, sequentialTestRunsEnabled=false, resultPaths=null, timeoutSeconds=0, assignmentCheckoutPath=, testCheckoutPath=, solutionCheckoutPath=, dockerRunConfig=null], submissionResult=null]]
    23:42:49.358 | 566 localvc.event-13 | INFO  | a.a.b.s.SharedQueueProcessingService : Processing build job: BuildJobQueueItem[id=4651739576569330, name=SHORTB06DD3F905F4604F6E085260D83ED657A6DFTSTEXC-LOCALCIINTSTUDENT1, buildAgent=BuildAgentDTO[name=artemis-build-agent-test, memberAddress=[127.0.0.1]:5703, displayName=artemis-build-agent-test], participationId=465, courseId=148, exerciseId=299, retryCount=0, priority=2, status=null, repositoryInfo=RepositoryInfo[repositoryName=shortb06dd3f905f4604f6e085260d83ed657a6dftstexc-localciintstudent1, repositoryType=user, triggeredByPushTo=user, assignmentRepositoryUri=http://localhost:49152/git/SHORTB06DD3F905F4604F6E085260D83ED657A6DFTSTEXC/shortb06dd3f905f4604f6e085260d83ed657a6dftstexc-localciintstudent1.git, testRepositoryUri=http://localhost:49152/git/SHORTB06DD3F905F4604F6E085260D83ED657A6DFTSTEXC/shortb06dd3f905f4604f6e085260d83ed657a6dftstexc-tests.git, solutionRepositoryUri=null, auxiliaryRepositoryUris=[Ljava.lang.String;@74c3dfbd, auxiliaryRepositoryCheckoutDirectories=[Ljava.lang.String;@5f287d4a], jobTimingInfo=JobTimingInfo[submissionDate=2025-02-14T23:42:49.330093960Z[Etc/UTC], buildStartDate=2025-02-14T23:42:49.347797345Z[Etc/UTC], buildCompletionDate=null, estimatedCompletionDate=2025-02-14T23:43:08.347788449Z[Etc/UTC], estimatedDuration=19], buildConfig=BuildConfig[buildScript=#!/bin/bash
cd /var/tmp/testing-dir
chmod +x ./gradlew
./gradlew clean test
, dockerImage=dummy-docker-image:latest, commitHashToBuild=41581fff25954d36cf07586926ee0c77d1003131, assignmentCommitHash=41581fff25954d36cf07586926ee0c77d1003131, testCommitHash=41581fff25954d36cf07586926ee0c77d1003131, branch=main, programmingLanguage=JAVA, projectType=PLAIN_GRADLE, scaEnabled=false, sequentialTestRunsEnabled=false, resultPaths=[/var/tmp/testing-dir/**/test-results/test/*.xml], timeoutSeconds=0, assignmentCheckoutPath=null, testCheckoutPath=null, solutionCheckoutPath=null, dockerRunConfig=null], submissionResult=null]
    23:42:49.358 | 588 artemis-task-1   | DEBUG | d.t.c.a.a.c.c.w.GzipMessageConverter : Compressed message payload from 984 to 724 (saved 26.4% payload size)
    23:42:49.358 | 953 local-ci-build-0 | DEBUG | t.c.a.a.b.s.BuildJobExecutionService : ~~~~~~~~~~~~~~~~~~~~ Start Build Job 4651739576569330 ~~~~~~~~~~~~~~~~~~~~
    23:42:49.358 | 953 local-ci-build-0 | INFO  | .t.c.a.a.b.s.BuildAgentDockerService : ~~~~~~~~~~~~~~~~~~~~ Inspecting docker image dummy-docker-image:latest ~~~~~~~~~~~~~~~~~~~~
    23:42:49.359 | 953 local-ci-build-0 | DEBUG | d.t.c.a.a.b.s.BuildJobGitService     : Cloning from ssh://git@localhost:7921/git/SHORTB06DD3F905F4604F6E085260D83ED657A6DFTSTEXC/shortb06dd3f905f4604f6e085260d83ed657a6dftstexc-localciintstudent1.git to checked-out-repos/41581fff25954d36cf07586926ee0c77d1003131/SHORTB06DD3F905F4604F6E085260D83ED657A6DFTSTEXC/shortb06dd3f905f4604f6e085260d83ed657a6dftstexc-localciintstudent1
    23:42:49.372 | 953 local-ci-build-0 | DEBUG | d.t.c.a.a.p.s.AbstractGitService     : getOptions: localhost:7921
    23:42:49.463 | 017 waitility-thread | DEBUG | .a.s.ParticipantScoreScheduleService : Processing of 0 results and 0 participant scores.
    23:42:49.682 | 017 waitility-thread | DEBUG | .a.s.ParticipantScoreScheduleService : Processing of 0 results and 0 participant scores.
    23:42:50.011 | 028 d]-nio2-thread-4 | WARN  | o.e.j.i.t.s.OpenSshServerKeyDatabase : Could not update known hosts file /tmp/known_hosts
org.eclipse.jgit.errors.UnsupportedCredentialItem: /tmp/known_hosts: org.eclipse.jgit.transport.CredentialItem$YesNoType:Create file /tmp/known_hosts ?
	at org.eclipse.jgit.transport.UsernamePasswordCredentialsProvider.get(UsernamePasswordCredentialsProvider.java:100)
	at org.eclipse.jgit.transport.CredentialsProvider.get(CredentialsProvider.java:125)
	at org.eclipse.jgit.internal.transport.sshd.OpenSshServerKeyDatabase$AskUser.askUser(OpenSshServerKeyDatabase.java:429)
	at org.eclipse.jgit.internal.transport.sshd.OpenSshServerKeyDatabase$AskUser.createNewFile(OpenSshServerKeyDatabase.java:549)
	at org.eclipse.jgit.internal.transport.sshd.OpenSshServerKeyDatabase.accept(OpenSshServerKeyDatabase.java:249)
	at org.eclipse.jgit.internal.transport.sshd.JGitServerKeyVerifier.verifyServerKey(JGitServerKeyVerifier.java:94)
	at org.apache.sshd.client.session.AbstractClientSession.checkKeys(AbstractClientSession.java:637)
	at org.apache.sshd.common.session.helpers.AbstractSession.handleKexMessage(AbstractSession.java:767)
	at org.apache.sshd.common.session.helpers.AbstractSession.doHandleMessage(AbstractSession.java:622)
	at org.apache.sshd.common.session.helpers.AbstractSession.lambda$handleMessage$0(AbstractSession.java:546)
	at org.apache.sshd.common.util.threads.ThreadUtils.runAsInternal(ThreadUtils.java:68)
	at org.apache.sshd.common.session.helpers.AbstractSession.handleMessage(AbstractSession.java:545)
	at org.apache.sshd.common.session.helpers.AbstractSession.decode(AbstractSession.java:1729)
	at org.apache.sshd.common.session.helpers.AbstractSession.messageReceived(AbstractSession.java:506)
	at org.eclipse.jgit.internal.transport.sshd.JGitClientSession.messageReceived(JGitClientSession.java:223)
	at org.apache.sshd.common.session.helpers.AbstractSessionIoHandler.messageReceived(AbstractSessionIoHandler.java:64)
	at org.apache.sshd.common.io.nio2.Nio2Session.handleReadCycleCompletion(Nio2Session.java:409)
	at org.apache.sshd.common.io.nio2.Nio2Session$1.onCompleted(Nio2Session.java:382)
	at org.apache.sshd.common.io.nio2.Nio2Session$1.onCompleted(Nio2Session.java:377)
	at org.apache.sshd.common.io.nio2.Nio2CompletionHandler.lambda$completed$0(Nio2CompletionHandler.java:38)
	at java.base/java.security.AccessController.doPrivileged(AccessController.java:319)
	at org.apache.sshd.common.io.nio2.Nio2CompletionHandler.completed(Nio2CompletionHandler.java:37)
	at java.base/sun.nio.ch.Invoker.invokeUnchecked(Invoker.java:129)
	at java.base/sun.nio.ch.Invoker$2.run(Invoker.java:221)
	at java.base/sun.nio.ch.AsynchronousChannelGroupImpl$1.run(AsynchronousChannelGroupImpl.java:113)
	at java.base/java.util.concurrent.ThreadPoolExecutor.runWorker(ThreadPoolExecutor.java:1144)
	at java.base/java.util.concurrent.ThreadPoolExecutor$Worker.run(ThreadPoolExecutor.java:642)
	at java.base/java.lang.Thread.run(Thread.java:1583)
    23:42:50.021 | 969 1)-nio2-thread-4 | DEBUG | s.l.GitPublickeyAuthenticatorService : Authenticating build agent artemis-build-agent-test on address [127.0.0.1]:5703
    23:42:50.039 | 970 1)-nio2-thread-5 | DEBUG | s.l.GitPublickeyAuthenticatorService : Authenticating build agent artemis-build-agent-test on address [127.0.0.1]:5703
    23:42:50.086 | 966 1)-nio2-thread-3 | DEBUG | d.t.c.a.a.p.s.l.ssh.SshGitCommand    : start(ChannelSession[id=0, recipient=0]-ServerSessionImpl[git@/127.0.0.1:54330]) starting runner for command=git-upload-pack '/git/SHORTB06DD3F905F4604F6E085260D83ED657A6DFTSTEXC/shortb06dd3f905f4604f6e085260d83ed657a6dftstexc-localciintstudent1.git'
    23:42:50.087 | 017 waitility-thread | DEBUG | .a.s.ParticipantScoreScheduleService : Processing of 0 results and 0 participant scores.
    23:42:50.091 | 032 git-ssh-thread-1 | DEBUG | .t.c.a.a.p.s.l.LocalVCServletService : Path to resolve repository from: /tmp/SHORTB06DD3F905F4604F6E085260D83ED657A6DFTSTEXC/shortb06dd3f905f4604f6e085260d83ed657a6dftstexc-localciintstudent1.git
    23:42:50.091 | 032 git-ssh-thread-1 | DEBUG | .t.c.a.a.p.s.l.LocalVCServletService : Opening local repository SHORTB06DD3F905F4604F6E085260D83ED657A6DFTSTEXC/shortb06dd3f905f4604f6e085260d83ed657a6dftstexc-localciintstudent1.git
    23:42:50.092 | 032 git-ssh-thread-1 | DEBUG | .t.c.a.a.p.s.l.LocalVCServletService : Resolving repository for repository SHORTB06DD3F905F4604F6E085260D83ED657A6DFTSTEXC/shortb06dd3f905f4604f6e085260d83ed657a6dftstexc-localciintstudent1.git took 795µs
    23:42:50.237 | 032 git-ssh-thread-1 | DEBUG | d.t.c.a.a.p.s.l.ssh.SshGitCommand    : onExit(ServerSessionImpl[git@/127.0.0.1:54330])[SshGitCommand[git-upload-pack '/git/SHORTB06DD3F905F4604F6E085260D83ED657A6DFTSTEXC/shortb06dd3f905f4604f6e085260d83ed657a6dftstexc-localciintstudent1.git'][session=ServerSessionImpl[git@/127.0.0.1:54330]]] exiting - value=0, message=
    23:42:50.238 | 960 1)-nio2-thread-2 | DEBUG | d.t.c.a.a.p.s.l.ssh.SshGitCommand    : destroy(ChannelSession[id=0, recipient=0]-ServerSessionImpl[git@/127.0.0.1:54330])[SshGitCommand[git-upload-pack '/git/SHORTB06DD3F905F4604F6E085260D83ED657A6DFTSTEXC/shortb06dd3f905f4604f6e085260d83ed657a6dftstexc-localciintstudent1.git'][session=ServerSessionImpl[git@/127.0.0.1:54330]]] - shutdown executor service - runners count=0
    23:42:50.238 | 960 1)-nio2-thread-2 | DEBUG | d.t.c.a.a.p.s.l.ssh.SshGitCommand    : destroy(SshGitCommand[git-upload-pack '/git/SHORTB06DD3F905F4604F6E085260D83ED657A6DFTSTEXC/shortb06dd3f905f4604f6e085260d83ed657a6dftstexc-localciintstudent1.git'][session=ServerSessionImpl[git@/127.0.0.1:54330]]) - failed (UnsupportedOperationException) to close file system=sun.nio.fs.LinuxFileSystem@348460d6: null
    23:42:50.267 | 953 local-ci-build-0 | WARN  | org.eclipse.jgit.lib.Repository      : close() called when useCnt is already zero for Repository[checked-out-repos/41581fff25954d36cf07586926ee0c77d1003131/SHORTB06DD3F905F4604F6E085260D83ED657A6DFTSTEXC/shortb06dd3f905f4604f6e085260d83ed657a6dftstexc-localciintstudent1/.git]
    23:42:50.267 | 953 local-ci-build-0 | DEBUG | d.t.c.a.a.b.s.BuildJobGitService     : Cloning from ssh://git@localhost:7921/git/SHORTB06DD3F905F4604F6E085260D83ED657A6DFTSTEXC/shortb06dd3f905f4604f6e085260d83ed657a6dftstexc-tests.git to checked-out-repos/41581fff25954d36cf07586926ee0c77d1003131/SHORTB06DD3F905F4604F6E085260D83ED657A6DFTSTEXC/shortb06dd3f905f4604f6e085260d83ed657a6dftstexc-tests
    23:42:50.280 | 953 local-ci-build-0 | DEBUG | d.t.c.a.a.p.s.AbstractGitService     : getOptions: localhost:7921
    23:42:50.836 | 043 d]-nio2-thread-4 | WARN  | o.e.j.i.t.s.OpenSshServerKeyDatabase : Could not update known hosts file /tmp/known_hosts
org.eclipse.jgit.errors.UnsupportedCredentialItem: /tmp/known_hosts: org.eclipse.jgit.transport.CredentialItem$YesNoType:Create file /tmp/known_hosts ?
	at org.eclipse.jgit.transport.UsernamePasswordCredentialsProvider.get(UsernamePasswordCredentialsProvider.java:100)
	at org.eclipse.jgit.transport.CredentialsProvider.get(CredentialsProvider.java:125)
	at org.eclipse.jgit.internal.transport.sshd.OpenSshServerKeyDatabase$AskUser.askUser(OpenSshServerKeyDatabase.java:429)
	at org.eclipse.jgit.internal.transport.sshd.OpenSshServerKeyDatabase$AskUser.createNewFile(OpenSshServerKeyDatabase.java:549)
	at org.eclipse.jgit.internal.transport.sshd.OpenSshServerKeyDatabase.accept(OpenSshServerKeyDatabase.java:249)
	at org.eclipse.jgit.internal.transport.sshd.JGitServerKeyVerifier.verifyServerKey(JGitServerKeyVerifier.java:94)
	at org.apache.sshd.client.session.AbstractClientSession.checkKeys(AbstractClientSession.java:637)
	at org.apache.sshd.common.session.helpers.AbstractSession.handleKexMessage(AbstractSession.java:767)
	at org.apache.sshd.common.session.helpers.AbstractSession.doHandleMessage(AbstractSession.java:622)
	at org.apache.sshd.common.session.helpers.AbstractSession.lambda$handleMessage$0(AbstractSession.java:546)
	at org.apache.sshd.common.util.threads.ThreadUtils.runAsInternal(ThreadUtils.java:68)
	at org.apache.sshd.common.session.helpers.AbstractSession.handleMessage(AbstractSession.java:545)
	at org.apache.sshd.common.session.helpers.AbstractSession.decode(AbstractSession.java:1729)
	at org.apache.sshd.common.session.helpers.AbstractSession.messageReceived(AbstractSession.java:506)
	at org.eclipse.jgit.internal.transport.sshd.JGitClientSession.messageReceived(JGitClientSession.java:223)
	at org.apache.sshd.common.session.helpers.AbstractSessionIoHandler.messageReceived(AbstractSessionIoHandler.java:64)
	at org.apache.sshd.common.io.nio2.Nio2Session.handleReadCycleCompletion(Nio2Session.java:409)
	at org.apache.sshd.common.io.nio2.Nio2Session$1.onCompleted(Nio2Session.java:382)
	at org.apache.sshd.common.io.nio2.Nio2Session$1.onCompleted(Nio2Session.java:377)
	at org.apache.sshd.common.io.nio2.Nio2CompletionHandler.lambda$completed$0(Nio2CompletionHandler.java:38)
	at java.base/java.security.AccessController.doPrivileged(AccessController.java:319)
	at org.apache.sshd.common.io.nio2.Nio2CompletionHandler.completed(Nio2CompletionHandler.java:37)
	at java.base/sun.nio.ch.Invoker.invokeUnchecked(Invoker.java:129)
	at java.base/sun.nio.ch.Invoker$2.run(Invoker.java:221)
	at java.base/sun.nio.ch.AsynchronousChannelGroupImpl$1.run(AsynchronousChannelGroupImpl.java:113)
	at java.base/java.util.concurrent.ThreadPoolExecutor.runWorker(ThreadPoolExecutor.java:1144)
	at java.base/java.util.concurrent.ThreadPoolExecutor$Worker.run(ThreadPoolExecutor.java:642)
	at java.base/java.lang.Thread.run(Thread.java:1583)
    23:42:50.842 | 958 1)-nio2-thread-1 | DEBUG | s.l.GitPublickeyAuthenticatorService : Authenticating build agent artemis-build-agent-test on address [127.0.0.1]:5703
    23:42:50.865 | 960 1)-nio2-thread-2 | DEBUG | s.l.GitPublickeyAuthenticatorService : Authenticating build agent artemis-build-agent-test on address [127.0.0.1]:5703
    23:42:50.894 | 017 waitility-thread | DEBUG | .a.s.ParticipantScoreScheduleService : Processing of 0 results and 0 participant scores.
    23:42:50.910 | 970 1)-nio2-thread-5 | DEBUG | d.t.c.a.a.p.s.l.ssh.SshGitCommand    : start(ChannelSession[id=0, recipient=0]-ServerSessionImpl[git@/127.0.0.1:54332]) starting runner for command=git-upload-pack '/git/SHORTB06DD3F905F4604F6E085260D83ED657A6DFTSTEXC/shortb06dd3f905f4604f6e085260d83ed657a6dftstexc-tests.git'
    23:42:50.913 | 048 git-ssh-thread-1 | DEBUG | .t.c.a.a.p.s.l.LocalVCServletService : Path to resolve repository from: /tmp/SHORTB06DD3F905F4604F6E085260D83ED657A6DFTSTEXC/shortb06dd3f905f4604f6e085260d83ed657a6dftstexc-tests.git
    23:42:50.913 | 048 git-ssh-thread-1 | DEBUG | .t.c.a.a.p.s.l.LocalVCServletService : Opening local repository SHORTB06DD3F905F4604F6E085260D83ED657A6DFTSTEXC/shortb06dd3f905f4604f6e085260d83ed657a6dftstexc-tests.git
    23:42:50.914 | 048 git-ssh-thread-1 | DEBUG | .t.c.a.a.p.s.l.LocalVCServletService : Resolving repository for repository SHORTB06DD3F905F4604F6E085260D83ED657A6DFTSTEXC/shortb06dd3f905f4604f6e085260d83ed657a6dftstexc-tests.git took 597µs
    23:42:51.088 | 048 git-ssh-thread-1 | DEBUG | d.t.c.a.a.p.s.l.ssh.SshGitCommand    : onExit(ServerSessionImpl[git@/127.0.0.1:54332])[SshGitCommand[git-upload-pack '/git/SHORTB06DD3F905F4604F6E085260D83ED657A6DFTSTEXC/shortb06dd3f905f4604f6e085260d83ed657a6dftstexc-tests.git'][session=ServerSessionImpl[git@/127.0.0.1:54332]]] exiting - value=0, message=
    23:42:51.100 | 970 1)-nio2-thread-5 | DEBUG | d.t.c.a.a.p.s.l.ssh.SshGitCommand    : destroy(ChannelSession[id=0, recipient=0]-ServerSessionImpl[git@/127.0.0.1:54332])[SshGitCommand[git-upload-pack '/git/SHORTB06DD3F905F4604F6E085260D83ED657A6DFTSTEXC/shortb06dd3f905f4604f6e085260d83ed657a6dftstexc-tests.git'][session=ServerSessionImpl[git@/127.0.0.1:54332]]] - shutdown executor service - runners count=0
    23:42:51.100 | 970 1)-nio2-thread-5 | DEBUG | d.t.c.a.a.p.s.l.ssh.SshGitCommand    : destroy(SshGitCommand[git-upload-pack '/git/SHORTB06DD3F905F4604F6E085260D83ED657A6DFTSTEXC/shortb06dd3f905f4604f6e085260d83ed657a6dftstexc-tests.git'][session=ServerSessionImpl[git@/127.0.0.1:54332]]) - failed (UnsupportedOperationException) to close file system=sun.nio.fs.LinuxFileSystem@348460d6: null
    23:42:51.104 | 953 local-ci-build-0 | WARN  | org.eclipse.jgit.lib.Repository      : close() called when useCnt is already zero for Repository[checked-out-repos/41581fff25954d36cf07586926ee0c77d1003131/SHORTB06DD3F905F4604F6E085260D83ED657A6DFTSTEXC/shortb06dd3f905f4604f6e085260d83ed657a6dftstexc-tests/.git]
    23:42:51.107 | 953 local-ci-build-0 | INFO  | t.c.a.a.b.s.BuildJobExecutionService : ~~~~~~~~~~~~~~~~~~~~ Started container local-ci-4651739576569330 for build job 4651739576569330 ~~~~~~~~~~~~~~~~~~~~
    23:42:51.107 | 953 local-ci-build-0 | DEBUG | t.c.a.a.b.s.BuildJobExecutionService : ~~~~~~~~~~~~~~~~~~~~ Populating build job container with repositories and build script ~~~~~~~~~~~~~~~~~~~~
    23:42:51.153 | 953 local-ci-build-0 | DEBUG | t.c.a.a.b.s.BuildJobExecutionService : ~~~~~~~~~~~~~~~~~~~~ Executing Build Script for Build job 4651739576569330 ~~~~~~~~~~~~~~~~~~~~
    23:42:51.153 | 953 local-ci-build-0 | INFO  | t.c.a.a.b.s.BuildJobContainerService : Started running the build script for build job in container with id 1234567890
    23:42:51.155 | 953 local-ci-build-0 | INFO  | t.c.a.a.b.s.BuildJobExecutionService : ~~~~~~~~~~~~~~~~~~~~ Finished Executing Build Script for Build job 4651739576569330 ~~~~~~~~~~~~~~~~~~~~
    23:42:51.155 | 953 local-ci-build-0 | DEBUG | t.c.a.a.b.s.BuildJobExecutionService : ~~~~~~~~~~~~~~~~~~~~ Moving test results to specified directory for build job 4651739576569330 ~~~~~~~~~~~~~~~~~~~~
    23:42:51.155 | 953 local-ci-build-0 | INFO  | t.c.a.a.b.s.BuildJobExecutionService : ~~~~~~~~~~~~~~~~~~~~ Collecting test results from container 1234567890 for build job 4651739576569330 ~~~~~~~~~~~~~~~~~~~~
    23:42:51.182 | 953 local-ci-build-0 | WARN  | org.eclipse.jgit.lib.Repository      : close() called when useCnt is already zero for Repository[checked-out-repos/41581fff25954d36cf07586926ee0c77d1003131/SHORTB06DD3F905F4604F6E085260D83ED657A6DFTSTEXC/shortb06dd3f905f4604f6e085260d83ed657a6dftstexc-localciintstudent1/.git]
    23:42:51.189 | 953 local-ci-build-0 | DEBUG | d.t.c.a.a.p.s.AbstractGitService     : Deleted Repository at checked-out-repos/41581fff25954d36cf07586926ee0c77d1003131/SHORTB06DD3F905F4604F6E085260D83ED657A6DFTSTEXC/shortb06dd3f905f4604f6e085260d83ed657a6dftstexc-localciintstudent1
    23:42:51.190 | 953 local-ci-build-0 | WARN  | org.eclipse.jgit.lib.Repository      : close() called when useCnt is already zero for Repository[checked-out-repos/41581fff25954d36cf07586926ee0c77d1003131/SHORTB06DD3F905F4604F6E085260D83ED657A6DFTSTEXC/shortb06dd3f905f4604f6e085260d83ed657a6dftstexc-tests/.git]
    23:42:51.201 | 953 local-ci-build-0 | DEBUG | d.t.c.a.a.p.s.AbstractGitService     : Deleted Repository at checked-out-repos/41581fff25954d36cf07586926ee0c77d1003131/SHORTB06DD3F905F4604F6E085260D83ED657A6DFTSTEXC/shortb06dd3f905f4604f6e085260d83ed657a6dftstexc-tests
    23:42:51.201 | 953 local-ci-build-0 | INFO  | t.c.a.a.b.s.BuildJobExecutionService : Building and testing submission for repository shortb06dd3f905f4604f6e085260d83ed657a6dftstexc-localciintstudent1 and commit hash 41581fff25954d36cf07586926ee0c77d1003131 took 93.53ms for build job 4651739576569330
    23:42:51.204 | 566 localvc.event-13 | DEBUG | a.a.b.s.SharedQueueProcessingService : Build job completed: BuildJobQueueItem[id=4651739576569330, name=SHORTB06DD3F905F4604F6E085260D83ED657A6DFTSTEXC-LOCALCIINTSTUDENT1, buildAgent=BuildAgentDTO[name=artemis-build-agent-test, memberAddress=[127.0.0.1]:5703, displayName=artemis-build-agent-test], participationId=465, courseId=148, exerciseId=299, retryCount=0, priority=2, status=null, repositoryInfo=RepositoryInfo[repositoryName=shortb06dd3f905f4604f6e085260d83ed657a6dftstexc-localciintstudent1, repositoryType=user, triggeredByPushTo=user, assignmentRepositoryUri=http://localhost:49152/git/SHORTB06DD3F905F4604F6E085260D83ED657A6DFTSTEXC/shortb06dd3f905f4604f6e085260d83ed657a6dftstexc-localciintstudent1.git, testRepositoryUri=http://localhost:49152/git/SHORTB06DD3F905F4604F6E085260D83ED657A6DFTSTEXC/shortb06dd3f905f4604f6e085260d83ed657a6dftstexc-tests.git, solutionRepositoryUri=null, auxiliaryRepositoryUris=[Ljava.lang.String;@74c3dfbd, auxiliaryRepositoryCheckoutDirectories=[Ljava.lang.String;@5f287d4a], jobTimingInfo=JobTimingInfo[submissionDate=2025-02-14T23:42:49.330093960Z[Etc/UTC], buildStartDate=2025-02-14T23:42:49.347797345Z[Etc/UTC], buildCompletionDate=null, estimatedCompletionDate=2025-02-14T23:43:08.347788449Z[Etc/UTC], estimatedDuration=19], buildConfig=BuildConfig[buildScript=#!/bin/bash
cd /var/tmp/testing-dir
chmod +x ./gradlew
./gradlew clean test
, dockerImage=dummy-docker-image:latest, commitHashToBuild=41581fff25954d36cf07586926ee0c77d1003131, assignmentCommitHash=41581fff25954d36cf07586926ee0c77d1003131, testCommitHash=41581fff25954d36cf07586926ee0c77d1003131, branch=main, programmingLanguage=JAVA, projectType=PLAIN_GRADLE, scaEnabled=false, sequentialTestRunsEnabled=false, resultPaths=[/var/tmp/testing-dir/**/test-results/test/*.xml], timeoutSeconds=0, assignmentCheckoutPath=null, testCheckoutPath=null, solutionCheckoutPath=null, dockerRunConfig=null], submissionResult=null]
    23:42:51.207 | 565 localvc.event-12 | DEBUG | a.p.s.l.LocalCIQueueWebsocketService : CIBuildJobQueueItem removed from processing jobs: BuildJobQueueItem[id=4651739576569330, name=SHORTB06DD3F905F4604F6E085260D83ED657A6DFTSTEXC-LOCALCIINTSTUDENT1, buildAgent=BuildAgentDTO[name=artemis-build-agent-test, memberAddress=[127.0.0.1]:5703, displayName=artemis-build-agent-test], participationId=465, courseId=148, exerciseId=299, retryCount=0, priority=2, status=null, repositoryInfo=RepositoryInfo[repositoryName=shortb06dd3f905f4604f6e085260d83ed657a6dftstexc-localciintstudent1, repositoryType=user, triggeredByPushTo=user, assignmentRepositoryUri=http://localhost:49152/git/SHORTB06DD3F905F4604F6E085260D83ED657A6DFTSTEXC/shortb06dd3f905f4604f6e085260d83ed657a6dftstexc-localciintstudent1.git, testRepositoryUri=http://localhost:49152/git/SHORTB06DD3F905F4604F6E085260D83ED657A6DFTSTEXC/shortb06dd3f905f4604f6e085260d83ed657a6dftstexc-tests.git, solutionRepositoryUri=null, auxiliaryRepositoryUris=[Ljava.lang.String;@10f35006, auxiliaryRepositoryCheckoutDirectories=[Ljava.lang.String;@5696aa1a], jobTimingInfo=JobTimingInfo[submissionDate=2025-02-14T23:42:49.330093960Z[Etc/UTC], buildStartDate=2025-02-14T23:42:49.347797345Z[Etc/UTC], buildCompletionDate=null, estimatedCompletionDate=2025-02-14T23:43:08.347788449Z[Etc/UTC], estimatedDuration=19], buildConfig=BuildConfig[buildScript=#!/bin/bash
cd /var/tmp/testing-dir
chmod +x ./gradlew
./gradlew clean test
, dockerImage=dummy-docker-image:latest, commitHashToBuild=41581fff25954d36cf07586926ee0c77d1003131, assignmentCommitHash=41581fff25954d36cf07586926ee0c77d1003131, testCommitHash=41581fff25954d36cf07586926ee0c77d1003131, branch=main, programmingLanguage=JAVA, projectType=PLAIN_GRADLE, scaEnabled=false, sequentialTestRunsEnabled=false, resultPaths=[/var/tmp/testing-dir/**/test-results/test/*.xml], timeoutSeconds=0, assignmentCheckoutPath=null, testCheckoutPath=null, solutionCheckoutPath=null, dockerRunConfig=null], submissionResult=null]
    23:42:51.208 | 565 localvc.event-12 | DEBUG | s.l.LocalCIWebsocketMessagingService : Sending message on topic /topic/admin/running-jobs: []
    23:42:51.212 | 566 localvc.event-13 | DEBUG | a.a.b.s.SharedQueueProcessingService : Currently processing jobs on this node: 0, active threads in Pool: 0, maximum pool size of thread executor : 1
    23:42:51.213 | 566 localvc.event-13 | DEBUG | s.l.LocalCIWebsocketMessagingService : Sending message on topic /topic/admin/queued-jobs: []
    23:42:51.213 | 566 localvc.event-13 | DEBUG | s.l.LocalCIWebsocketMessagingService : Sending message on topic /topic/courses/148/queued-jobs: []
    23:42:51.213 | 566 localvc.event-13 | DEBUG | a.a.b.s.SharedQueueProcessingService : CIBuildJobQueueItem removed from queue: BuildJobQueueItem[id=4651739576569330, name=SHORTB06DD3F905F4604F6E085260D83ED657A6DFTSTEXC-LOCALCIINTSTUDENT1, buildAgent=BuildAgentDTO[name=null, memberAddress=null, displayName=null], participationId=465, courseId=148, exerciseId=299, retryCount=0, priority=2, status=null, repositoryInfo=RepositoryInfo[repositoryName=shortb06dd3f905f4604f6e085260d83ed657a6dftstexc-localciintstudent1, repositoryType=user, triggeredByPushTo=user, assignmentRepositoryUri=http://localhost:49152/git/SHORTB06DD3F905F4604F6E085260D83ED657A6DFTSTEXC/shortb06dd3f905f4604f6e085260d83ed657a6dftstexc-localciintstudent1.git, testRepositoryUri=http://localhost:49152/git/SHORTB06DD3F905F4604F6E085260D83ED657A6DFTSTEXC/shortb06dd3f905f4604f6e085260d83ed657a6dftstexc-tests.git, solutionRepositoryUri=null, auxiliaryRepositoryUris=[Ljava.lang.String;@4b65768f, auxiliaryRepositoryCheckoutDirectories=[Ljava.lang.String;@6e76a133], jobTimingInfo=JobTimingInfo[submissionDate=2025-02-14T23:42:49.330093960Z[Etc/UTC], buildStartDate=null, buildCompletionDate=null, estimatedCompletionDate=null, estimatedDuration=19], buildConfig=BuildConfig[buildScript=#!/bin/bash
cd /var/tmp/testing-dir
chmod +x ./gradlew
./gradlew clean test
, dockerImage=dummy-docker-image:latest, commitHashToBuild=41581fff25954d36cf07586926ee0c77d1003131, assignmentCommitHash=41581fff25954d36cf07586926ee0c77d1003131, testCommitHash=41581fff25954d36cf07586926ee0c77d1003131, branch=main, programmingLanguage=JAVA, projectType=PLAIN_GRADLE, scaEnabled=false, sequentialTestRunsEnabled=false, resultPaths=[/var/tmp/testing-dir/**/test-results/test/*.xml], timeoutSeconds=0, assignmentCheckoutPath=null, testCheckoutPath=null, solutionCheckoutPath=null, dockerRunConfig=null], submissionResult=null]
    23:42:51.213 | 565 localvc.event-12 | DEBUG | s.l.LocalCIWebsocketMessagingService : Sending message on topic /topic/courses/148/running-jobs: []
    23:42:51.214 | 566 localvc.event-13 | DEBUG | a.p.s.l.LocalCIQueueWebsocketService : Build agent updated: BuildAgentInformation[buildAgent=BuildAgentDTO[name=artemis-build-agent-test, memberAddress=[127.0.0.1]:5703, displayName=artemis-build-agent-test], maxNumberOfConcurrentBuildJobs=1, numberOfCurrentBuildJobs=1, runningBuildJobs=[BuildJobQueueItem[id=4651739576569330, name=SHORTB06DD3F905F4604F6E085260D83ED657A6DFTSTEXC-LOCALCIINTSTUDENT1, buildAgent=BuildAgentDTO[name=artemis-build-agent-test, memberAddress=[127.0.0.1]:5703, displayName=artemis-build-agent-test], participationId=465, courseId=148, exerciseId=299, retryCount=0, priority=2, status=null, repositoryInfo=RepositoryInfo[repositoryName=shortb06dd3f905f4604f6e085260d83ed657a6dftstexc-localciintstudent1, repositoryType=user, triggeredByPushTo=user, assignmentRepositoryUri=http://localhost:49152/git/SHORTB06DD3F905F4604F6E085260D83ED657A6DFTSTEXC/shortb06dd3f905f4604f6e085260d83ed657a6dftstexc-localciintstudent1.git, testRepositoryUri=http://localhost:49152/git/SHORTB06DD3F905F4604F6E085260D83ED657A6DFTSTEXC/shortb06dd3f905f4604f6e085260d83ed657a6dftstexc-tests.git, solutionRepositoryUri=null, auxiliaryRepositoryUris=[Ljava.lang.String;@714957bb, auxiliaryRepositoryCheckoutDirectories=[Ljava.lang.String;@27ff4caa], jobTimingInfo=JobTimingInfo[submissionDate=2025-02-14T23:42:49.330093960Z[Etc/UTC], buildStartDate=2025-02-14T23:42:49.347797345Z[Etc/UTC], buildCompletionDate=null, estimatedCompletionDate=2025-02-14T23:43:08.347788449Z[Etc/UTC], estimatedDuration=19], buildConfig=BuildConfig[buildScript=#!/bin/bash
cd /var/tmp/testing-dir
chmod +x ./gradlew
./gradlew clean test
, dockerImage=dummy-docker-image:latest, commitHashToBuild=41581fff25954d36cf07586926ee0c77d1003131, assignmentCommitHash=41581fff25954d36cf07586926ee0c77d1003131, testCommitHash=41581fff25954d36cf07586926ee0c77d1003131, branch=main, programmingLanguage=JAVA, projectType=PLAIN_GRADLE, scaEnabled=false, sequentialTestRunsEnabled=false, resultPaths=[/var/tmp/testing-dir/**/test-results/test/*.xml], timeoutSeconds=0, assignmentCheckoutPath=null, testCheckoutPath=null, solutionCheckoutPath=null, dockerRunConfig=null], submissionResult=null]], status=ACTIVE, recentBuildJobs=[BuildJobQueueItem[id=4621739576562326, name=SHORT43ACF76B02BC1044B80938509D14043FABDETSTEXC-LOCALCIINTSTUDENT1, buildAgent=BuildAgentDTO[name=artemis-build-agent-test, memberAddress=[127.0.0.1]:5703, displayName=artemis-build-agent-test], participationId=462, courseId=147, exerciseId=298, retryCount=0, priority=2, status=SUCCESSFUL, repositoryInfo=RepositoryInfo[repositoryName=short43acf76b02bc1044b80938509d14043fabdetstexc-localciintstudent1, repositoryType=user, triggeredByPushTo=user, assignmentRepositoryUri=http://localhost:49152/git/SHORT43ACF76B02BC1044B80938509D14043FABDETSTEXC/short43acf76b02bc1044b80938509d14043fabdetstexc-localciintstudent1.git, testRepositoryUri=http://localhost:49152/git/SHORT43ACF76B02BC1044B80938509D14043FABDETSTEXC/short43acf76b02bc1044b80938509d14043fabdetstexc-tests.git, solutionRepositoryUri=null, auxiliaryRepositoryUris=[Ljava.lang.String;@47ce97d4, auxiliaryRepositoryCheckoutDirectories=[Ljava.lang.String;@1c6ac927], jobTimingInfo=JobTimingInfo[submissionDate=2025-02-14T23:42:42.326978596Z[Etc/UTC], buildStartDate=2025-02-14T23:42:42.420147010Z[Etc/UTC], buildCompletionDate=2025-02-14T23:42:45.573855829Z[Etc/UTC], estimatedCompletionDate=2025-02-14T23:43:01.420129377Z[Etc/UTC], estimatedDuration=19], buildConfig=BuildConfig[buildScript=#!/bin/bash
cd /var/tmp/testing-dir
chmod +x ./gradlew
./gradlew clean test
, dockerImage=dummy-docker-image:latest, commitHashToBuild=a9c717ccf7bcbe9531d3eee21dbaeb5aab2ff971, assignmentCommitHash=a9c717ccf7bcbe9531d3eee21dbaeb5aab2ff971, testCommitHash=a9c717ccf7bcbe9531d3eee21dbaeb5aab2ff971, branch=main, programmingLanguage=JAVA, projectType=PLAIN_GRADLE, scaEnabled=false, sequentialTestRunsEnabled=false, resultPaths=[/var/tmp/testing-dir/**/test-results/test/*.xml], timeoutSeconds=0, assignmentCheckoutPath=null, testCheckoutPath=null, solutionCheckoutPath=null, dockerRunConfig=DockerRunConfig[isNetworkDisabled=true, env=[key=value]]], submissionResult=ResultDTO[id=132, completionDate=2025-02-14T23:42:45.519869118Z[Etc/UTC], successful=false, score=7.7, rated=true, submission=SubmissionDTO[id=119, submitted=true, type=MANUAL, exampleSubmission=null, submissionDate=2025-02-14T23:42:42.302762Z, commitHash=a9c717ccf7bcbe9531d3eee21dbaeb5aab2ff971, buildFailed=false, buildArtifact=false, participation=ParticipationDTO[id=462, testRun=false, type=programming, submissionCount=null, exercise=ParticipationExerciseDTO[id=298, exerciseType=PROGRAMMING, type=programming, assessmentType=AUTOMATIC, dueDate=2025-02-16T23:42:41.553955Z, assessmentDueDate=null, maxPoints=42.0, course=CourseDTO[id=147, accuracyOfScores=1]]], submissionExerciseType=programming, isProcessing=false, buildStartDate=null, estimatedCompletionDate=null], participation=ParticipationDTO[id=462, testRun=false, type=programming, submissionCount=null, exercise=ParticipationExerciseDTO[id=298, exerciseType=PROGRAMMING, type=programming, assessmentType=AUTOMATIC, dueDate=2025-02-16T23:42:41.553955Z, assessmentDueDate=null, maxPoints=42.0, course=CourseDTO[id=147, accuracyOfScores=1]]], feedbacks=[FeedbackDTO[id=67, text=null, detailText=The exercise expects a class with the name Context in the package testpackage. You did not implement the class in the exercise., hasLongFeedbackText=false, reference=null, credits=0.0, positive=false, type=AUTOMATIC, visibility=ALWAYS, testCase=TestCaseDTO[testName=null, id=13]], FeedbackDTO[id=68, text=null, detailText=The exercise expects a class with the name Policy in the package testpackage. You did not implement the class in the exercise., hasLongFeedbackText=false, reference=null, credits=0.0, positive=false, type=AUTOMATIC, visibility=ALWAYS, testCase=TestCaseDTO[testName=null, id=14]], FeedbackDTO[id=69, text=null, detailText=The exercise expects a class with the name SortStrategy in the package testpackage. You did not implement the class in the exercise., hasLongFeedbackText=false, reference=null, credits=0.0, positive=false, type=AUTOMATIC, visibility=ALWAYS, testCase=TestCaseDTO[testName=null, id=15]], FeedbackDTO[id=70, text=null, detailText=The class 'MergeSort' does not implement the interface 'SortStrategy' as expected. Implement the interface and its methods., hasLongFeedbackText=false, reference=null, credits=0.0, positive=false, type=AUTOMATIC, visibility=ALWAYS, testCase=TestCaseDTO[testName=null, id=10]], FeedbackDTO[id=71, text=null, detailText=The exercise expects a class with the name SortStrategy in the package testpackage. You did not implement the class in the exercise., hasLongFeedbackText=false, reference=null, credits=0.0, positive=false, type=AUTOMATIC, visibility=ALWAYS, testCase=TestCaseDTO[testName=null, id=7]], FeedbackDTO[id=72, text=null, detailText=The class 'BubbleSort' does not implement the interface 'SortStrategy' as expected. Implement the interface and its methods., hasLongFeedbackText=false, reference=null, credits=0.0, positive=false, type=AUTOMATIC, visibility=ALWAYS, testCase=TestCaseDTO[testName=null, id=11]], FeedbackDTO[id=73, text=null, detailText=MergeSort does not sort correctly, hasLongFeedbackText=false, reference=null, credits=0.0, positive=false, type=AUTOMATIC, visibility=ALWAYS, testCase=TestCaseDTO[testName=null, id=16]], FeedbackDTO[id=74, text=null, detailText=The class 'Context' was not found within the submission. Make sure to implement it properly., hasLongFeedbackText=false, reference=null, credits=0.0, positive=false, type=AUTOMATIC, visibility=ALWAYS, testCase=TestCaseDTO[testName=null, id=17]], FeedbackDTO[id=75, text=null, detailText=The class 'Context' was not found within the submission. Make sure to implement it properly., hasLongFeedbackText=false, reference=null, credits=0.0, positive=false, type=AUTOMATIC, visibility=ALWAYS, testCase=TestCaseDTO[testName=null, id=18]], FeedbackDTO[id=76, text=null, detailText=The exercise expects a class with the name Policy in the package testpackage. You did not implement the class in the exercise., hasLongFeedbackText=false, reference=null, credits=0.0, positive=false, type=AUTOMATIC, visibility=ALWAYS, testCase=TestCaseDTO[testName=null, id=12]], FeedbackDTO[id=77, text=null, detailText=The exercise expects a class with the name Context in the package testpackage. You did not implement the class in the exercise., hasLongFeedbackText=false, reference=null, credits=0.0, positive=false, type=AUTOMATIC, visibility=ALWAYS, testCase=TestCaseDTO[testName=null, id=8]], FeedbackDTO[id=78, text=null, detailText=The exercise expects a class with the name Policy in the package testpackage. You did not implement the class in the exercise., hasLongFeedbackText=false, reference=null, credits=0.0, positive=false, type=AUTOMATIC, visibility=ALWAYS, testCase=TestCaseDTO[testName=null, id=9]], FeedbackDTO[id=79, text=null, detailText=null, hasLongFeedbackText=false, reference=null, credits=3.230769230769231, positive=true, type=AUTOMATIC, visibility=ALWAYS, testCase=TestCaseDTO[testName=null, id=19]]], assessmentType=AUTOMATIC, hasComplaint=null, exampleResult=null, testCaseCount=13, passedTestCaseCount=1, codeIssueCount=0]]], publicSshKey=ssh-rsa AAAAB3NzaC1yc2EAAAADAQABAAACAQCOPdMsxRE2jFJ/UEa5/LsBxtwzJcrh3/rYBCQvcMeVpiRfhzQPWu7mrt/G2Ew+i+vRloGH9aqKg6dd1liRncao53Zmd/ePxoatXePNhmzTfkCkcSkTUz7B+QMjkoDDV5jwuFPD6mF3JkhuzSi64n9Zy905t4w2IhVcjM2mL3eYNjiCXt6Qpq3Pkt7dM/Ksw1nxnvuiIALuJLB3FTkXkHqq3PJav+9HSq2r6ZaWgekneaGxlQlb+U+Vy3XOuArKAzK8c8i+0bR+AHiTG6ncYXt7ax3U+TdlDTF7OLP3umwaYjs1NBXOHwG42pevvpKn2fqavZZozk+M05jXLx3bq0O7itxfErWc7etky8qYPyyIMF/txQIVLd78+Ze4d7Y60t5MGbXM5cGE6fFif5fEJwgswXD+BrG0cafz1CTatjSKFdvp8Vp4VszXhHDan1PrP6JEFJ5Cc5GDmLRZPCFa3vL9f5qXgf4bkqKN8MYeEujwJE5nMRWoiJVNakix2bcrrneQMBlnYeYZVWXXXUusAQBzl4NgddC1umZpihZkL1b1MffZAUW3EGEXi7KHnllQhkTLLsQ8ntMgbylqaJKStqaXlLvdeRJcEnUuiFCrHEVVbXRFZR7XVDZ02CE5o3MuaRPty8Kh+jRTF3COlAckHwYEJCNNJvXFgb2CNXL4mjzYDw== test@localhost]
    23:42:51.216 | 566 localvc.event-13 | DEBUG | s.l.LocalCIWebsocketMessagingService : Sending message on topic /topic/admin/build-agents: [BuildAgentInformation[buildAgent=BuildAgentDTO[name=artemis-build-agent-test, memberAddress=[127.0.0.1]:5703, displayName=artemis-build-agent-test], maxNumberOfConcurrentBuildJobs=1, numberOfCurrentBuildJobs=0, runningBuildJobs=[], status=IDLE, recentBuildJobs=null, publicSshKey=null]]
    23:42:51.217 | 566 localvc.event-13 | DEBUG | s.l.LocalCIWebsocketMessagingService : Sending message on topic /topic/admin/build-agent/artemis-build-agent-test: BuildAgentInformation[buildAgent=BuildAgentDTO[name=artemis-build-agent-test, memberAddress=[127.0.0.1]:5703, displayName=artemis-build-agent-test], maxNumberOfConcurrentBuildJobs=1, numberOfCurrentBuildJobs=0, runningBuildJobs=[], status=IDLE, recentBuildJobs=[BuildJobQueueItem[id=4621739576562326, name=SHORT43ACF76B02BC1044B80938509D14043FABDETSTEXC-LOCALCIINTSTUDENT1, buildAgent=BuildAgentDTO[name=artemis-build-agent-test, memberAddress=[127.0.0.1]:5703, displayName=artemis-build-agent-test], participationId=462, courseId=147, exerciseId=298, retryCount=0, priority=2, status=SUCCESSFUL, repositoryInfo=RepositoryInfo[repositoryName=short43acf76b02bc1044b80938509d14043fabdetstexc-localciintstudent1, repositoryType=user, triggeredByPushTo=user, assignmentRepositoryUri=http://localhost:49152/git/SHORT43ACF76B02BC1044B80938509D14043FABDETSTEXC/short43acf76b02bc1044b80938509d14043fabdetstexc-localciintstudent1.git, testRepositoryUri=http://localhost:49152/git/SHORT43ACF76B02BC1044B80938509D14043FABDETSTEXC/short43acf76b02bc1044b80938509d14043fabdetstexc-tests.git, solutionRepositoryUri=null, auxiliaryRepositoryUris=[Ljava.lang.String;@49216b63, auxiliaryRepositoryCheckoutDirectories=[Ljava.lang.String;@348b091], jobTimingInfo=JobTimingInfo[submissionDate=2025-02-14T23:42:42.326978596Z[Etc/UTC], buildStartDate=2025-02-14T23:42:42.420147010Z[Etc/UTC], buildCompletionDate=2025-02-14T23:42:45.573855829Z[Etc/UTC], estimatedCompletionDate=2025-02-14T23:43:01.420129377Z[Etc/UTC], estimatedDuration=19], buildConfig=BuildConfig[buildScript=#!/bin/bash
cd /var/tmp/testing-dir
chmod +x ./gradlew
./gradlew clean test
, dockerImage=dummy-docker-image:latest, commitHashToBuild=a9c717ccf7bcbe9531d3eee21dbaeb5aab2ff971, assignmentCommitHash=a9c717ccf7bcbe9531d3eee21dbaeb5aab2ff971, testCommitHash=a9c717ccf7bcbe9531d3eee21dbaeb5aab2ff971, branch=main, programmingLanguage=JAVA, projectType=PLAIN_GRADLE, scaEnabled=false, sequentialTestRunsEnabled=false, resultPaths=[/var/tmp/testing-dir/**/test-results/test/*.xml], timeoutSeconds=0, assignmentCheckoutPath=null, testCheckoutPath=null, solutionCheckoutPath=null, dockerRunConfig=DockerRunConfig[isNetworkDisabled=true, env=[key=value]]], submissionResult=ResultDTO[id=132, completionDate=2025-02-14T23:42:45.519869118Z[Etc/UTC], successful=false, score=7.7, rated=true, submission=SubmissionDTO[id=119, submitted=true, type=MANUAL, exampleSubmission=null, submissionDate=2025-02-14T23:42:42.302762Z, commitHash=a9c717ccf7bcbe9531d3eee21dbaeb5aab2ff971, buildFailed=false, buildArtifact=false, participation=ParticipationDTO[id=462, testRun=false, type=programming, submissionCount=null, exercise=ParticipationExerciseDTO[id=298, exerciseType=PROGRAMMING, type=programming, assessmentType=AUTOMATIC, dueDate=2025-02-16T23:42:41.553955Z, assessmentDueDate=null, maxPoints=42.0, course=CourseDTO[id=147, accuracyOfScores=1]]], submissionExerciseType=programming, isProcessing=false, buildStartDate=null, estimatedCompletionDate=null], participation=ParticipationDTO[id=462, testRun=false, type=programming, submissionCount=null, exercise=ParticipationExerciseDTO[id=298, exerciseType=PROGRAMMING, type=programming, assessmentType=AUTOMATIC, dueDate=2025-02-16T23:42:41.553955Z, assessmentDueDate=null, maxPoints=42.0, course=CourseDTO[id=147, accuracyOfScores=1]]], feedbacks=[FeedbackDTO[id=67, text=null, detailText=The exercise expects a class with the name Context in the package testpackage. You did not implement the class in the exercise., hasLongFeedbackText=false, reference=null, credits=0.0, positive=false, type=AUTOMATIC, visibility=ALWAYS, testCase=TestCaseDTO[testName=null, id=13]], FeedbackDTO[id=68, text=null, detailText=The exercise expects a class with the name Policy in the package testpackage. You did not implement the class in the exercise., hasLongFeedbackText=false, reference=null, credits=0.0, positive=false, type=AUTOMATIC, visibility=ALWAYS, testCase=TestCaseDTO[testName=null, id=14]], FeedbackDTO[id=69, text=null, detailText=The exercise expects a class with the name SortStrategy in the package testpackage. You did not implement the class in the exercise., hasLongFeedbackText=false, reference=null, credits=0.0, positive=false, type=AUTOMATIC, visibility=ALWAYS, testCase=TestCaseDTO[testName=null, id=15]], FeedbackDTO[id=70, text=null, detailText=The class 'MergeSort' does not implement the interface 'SortStrategy' as expected. Implement the interface and its methods., hasLongFeedbackText=false, reference=null, credits=0.0, positive=false, type=AUTOMATIC, visibility=ALWAYS, testCase=TestCaseDTO[testName=null, id=10]], FeedbackDTO[id=71, text=null, detailText=The exercise expects a class with the name SortStrategy in the package testpackage. You did not implement the class in the exercise., hasLongFeedbackText=false, reference=null, credits=0.0, positive=false, type=AUTOMATIC, visibility=ALWAYS, testCase=TestCaseDTO[testName=null, id=7]], FeedbackDTO[id=72, text=null, detailText=The class 'BubbleSort' does not implement the interface 'SortStrategy' as expected. Implement the interface and its methods., hasLongFeedbackText=false, reference=null, credits=0.0, positive=false, type=AUTOMATIC, visibility=ALWAYS, testCase=TestCaseDTO[testName=null, id=11]], FeedbackDTO[id=73, text=null, detailText=MergeSort does not sort correctly, hasLongFeedbackText=false, reference=null, credits=0.0, positive=false, type=AUTOMATIC, visibility=ALWAYS, testCase=TestCaseDTO[testName=null, id=16]], FeedbackDTO[id=74, text=null, detailText=The class 'Context' was not found within the submission. Make sure to implement it properly., hasLongFeedbackText=false, reference=null, credits=0.0, positive=false, type=AUTOMATIC, visibility=ALWAYS, testCase=TestCaseDTO[testName=null, id=17]], FeedbackDTO[id=75, text=null, detailText=The class 'Context' was not found within the submission. Make sure to implement it properly., hasLongFeedbackText=false, reference=null, credits=0.0, positive=false, type=AUTOMATIC, visibility=ALWAYS, testCase=TestCaseDTO[testName=null, id=18]], FeedbackDTO[id=76, text=null, detailText=The exercise expects a class with the name Policy in the package testpackage. You did not implement the class in the exercise., hasLongFeedbackText=false, reference=null, credits=0.0, positive=false, type=AUTOMATIC, visibility=ALWAYS, testCase=TestCaseDTO[testName=null, id=12]], FeedbackDTO[id=77, text=null, detailText=The exercise expects a class with the name Context in the package testpackage. You did not implement the class in the exercise., hasLongFeedbackText=false, reference=null, credits=0.0, positive=false, type=AUTOMATIC, visibility=ALWAYS, testCase=TestCaseDTO[testName=null, id=8]], FeedbackDTO[id=78, text=null, detailText=The exercise expects a class with the name Policy in the package testpackage. You did not implement the class in the exercise., hasLongFeedbackText=false, reference=null, credits=0.0, positive=false, type=AUTOMATIC, visibility=ALWAYS, testCase=TestCaseDTO[testName=null, id=9]], FeedbackDTO[id=79, text=null, detailText=null, hasLongFeedbackText=false, reference=null, credits=3.230769230769231, positive=true, type=AUTOMATIC, visibility=ALWAYS, testCase=TestCaseDTO[testName=null, id=19]]], assessmentType=AUTOMATIC, hasComplaint=null, exampleResult=null, testCaseCount=13, passedTestCaseCount=1, codeIssueCount=0]], BuildJobQueueItem[id=4651739576569330, name=SHORTB06DD3F905F4604F6E085260D83ED657A6DFTSTEXC-LOCALCIINTSTUDENT1, buildAgent=BuildAgentDTO[name=artemis-build-agent-test, memberAddress=[127.0.0.1]:5703, displayName=artemis-build-agent-test], participationId=465, courseId=148, exerciseId=299, retryCount=0, priority=2, status=SUCCESSFUL, repositoryInfo=RepositoryInfo[repositoryName=shortb06dd3f905f4604f6e085260d83ed657a6dftstexc-localciintstudent1, repositoryType=user, triggeredByPushTo=user, assignmentRepositoryUri=http://localhost:49152/git/SHORTB06DD3F905F4604F6E085260D83ED657A6DFTSTEXC/shortb06dd3f905f4604f6e085260d83ed657a6dftstexc-localciintstudent1.git, testRepositoryUri=http://localhost:49152/git/SHORTB06DD3F905F4604F6E085260D83ED657A6DFTSTEXC/shortb06dd3f905f4604f6e085260d83ed657a6dftstexc-tests.git, solutionRepositoryUri=null, auxiliaryRepositoryUris=[Ljava.lang.String;@96bd827, auxiliaryRepositoryCheckoutDirectories=[Ljava.lang.String;@62fc7605], jobTimingInfo=JobTimingInfo[submissionDate=2025-02-14T23:42:49.330093960Z[Etc/UTC], buildStartDate=2025-02-14T23:42:49.347797345Z[Etc/UTC], buildCompletionDate=2025-02-14T23:42:51.204319751Z[Etc/UTC], estimatedCompletionDate=2025-02-14T23:43:08.347788449Z[Etc/UTC], estimatedDuration=19], buildConfig=BuildConfig[buildScript=#!/bin/bash
cd /var/tmp/testing-dir
chmod +x ./gradlew
./gradlew clean test
, dockerImage=dummy-docker-image:latest, commitHashToBuild=41581fff25954d36cf07586926ee0c77d1003131, assignmentCommitHash=41581fff25954d36cf07586926ee0c77d1003131, testCommitHash=41581fff25954d36cf07586926ee0c77d1003131, branch=main, programmingLanguage=JAVA, projectType=PLAIN_GRADLE, scaEnabled=false, sequentialTestRunsEnabled=false, resultPaths=[/var/tmp/testing-dir/**/test-results/test/*.xml], timeoutSeconds=0, assignmentCheckoutPath=null, testCheckoutPath=null, solutionCheckoutPath=null, dockerRunConfig=null], submissionResult=null]], publicSshKey=ssh-rsa AAAAB3NzaC1yc2EAAAADAQABAAACAQCOPdMsxRE2jFJ/UEa5/LsBxtwzJcrh3/rYBCQvcMeVpiRfhzQPWu7mrt/G2Ew+i+vRloGH9aqKg6dd1liRncao53Zmd/ePxoatXePNhmzTfkCkcSkTUz7B+QMjkoDDV5jwuFPD6mF3JkhuzSi64n9Zy905t4w2IhVcjM2mL3eYNjiCXt6Qpq3Pkt7dM/Ksw1nxnvuiIALuJLB3FTkXkHqq3PJav+9HSq2r6ZaWgekneaGxlQlb+U+Vy3XOuArKAzK8c8i+0bR+AHiTG6ncYXt7ax3U+TdlDTF7OLP3umwaYjs1NBXOHwG42pevvpKn2fqavZZozk+M05jXLx3bq0O7itxfErWc7etky8qYPyyIMF/txQIVLd78+Ze4d7Y60t5MGbXM5cGE6fFif5fEJwgswXD+BrG0cafz1CTatjSKFdvp8Vp4VszXhHDan1PrP6JEFJ5Cc5GDmLRZPCFa3vL9f5qXgf4bkqKN8MYeEujwJE5nMRWoiJVNakix2bcrrneQMBlnYeYZVWXXXUusAQBzl4NgddC1umZpihZkL1b1MffZAUW3EGEXi7KHnllQhkTLLsQ8ntMgbylqaJKStqaXlLvdeRJcEnUuiFCrHEVVbXRFZR7XVDZ02CE5o3MuaRPty8Kh+jRTF3COlAckHwYEJCNNJvXFgb2CNXL4mjzYDw== test@localhost]
    23:42:51.217 | 566 localvc.event-13 | DEBUG | a.p.s.l.SharedQueueManagementService : Build agent updated: null
    23:42:51.219 | 588 artemis-task-1   | DEBUG | d.t.c.a.a.c.c.w.GzipMessageConverter : Compressed message payload from 255 to 232 (saved 9.0% payload size)
    23:42:51.220 | 588 artemis-task-1   | DEBUG | d.t.c.a.a.c.c.w.GzipMessageConverter : Compressed message payload from 11525 to 3356 (saved 70.9% payload size)
    23:42:51.221 | 566 localvc.event-13 | DEBUG | p.s.l.LocalCIResultProcessingService : Result of build job with id 4651739576569330 added to queue
    23:42:51.221 | 566 localvc.event-13 | INFO  | p.s.l.LocalCIResultProcessingService : Processing build job result with id 4651739576569330
    23:42:51.221 | 566 localvc.event-13 | DEBUG | p.s.l.LocalCIResultProcessingService : Build jobs waiting in queue: 0
    23:42:51.221 | 566 localvc.event-13 | DEBUG | p.s.l.LocalCIResultProcessingService : Queued build jobs: []
    23:42:51.223 | 566 localvc.event-13 | DEBUG | .s.ProgrammingExerciseGradingService : Received new build result (NEW) for participation 465
    23:42:51.243 | 566 localvc.event-13 | DEBUG | .c.s.m.InstanceMessageReceiveService : Received schedule participant score for exercise 299 and participant 37 (result to be deleted: null)
    23:42:51.243 | 566 localvc.event-13 | DEBUG | .a.s.ParticipantScoreScheduleService : Scheduled task for exercise 299 and participant 37 at 2025-02-14T23:42:51.343090814Z[Etc/UTC].
    23:42:51.245 | 566 localvc.event-13 | DEBUG | .a.a.p.s.ProgrammingMessagingService : Send result to client over websocket. Result: Result{id133, completionDate=2025-02-14T23:42:51.155372920Z[Etc/UTC], successful=false, score=7.7, rated=true, assessmentType=AUTOMATIC, hasComplaint=null, testCaseCount=13, passedTestCaseCount=1, codeIssueCount=0}, Submission: ProgrammingSubmission{commitHash='41581fff25954d36cf07586926ee0c77d1003131', buildFailed=false, buildArtifact=false, type=MANUAL}, Participation: ProgrammingExerciseStudentParticipation{id=465, repositoryUri='http://localhost:49152/git/SHORTB06DD3F905F4604F6E085260D83ED657A6DFTSTEXC/shortb06dd3f905f4604f6e085260d83ed657a6dftstexc-localciintstudent1.git', buildPlanId='SHORTB06DD3F905F4604F6E085260D83ED657A6DFTSTEXC-LOCALCIINTSTUDENT1', initializationState='INITIALIZED', initializationDate='2025-02-14T23:42:49.306905Z', individualDueDate=null', presentationScore=null}
    23:42:51.258 | 566 localvc.event-13 | DEBUG | d.t.c.a.a.p.s.BuildLogEntryService   : Saved build logs for build job 4651739576569330 to file /tmp/build-logs/shortb06dd3f905f4604f6e085260d83ed657a6df/TSTEXC/4651739576569330.log
    23:42:51.260 | 566 localvc.event-13 | DEBUG | a.p.s.l.LocalCIQueueWebsocketService : Build agent updated: BuildAgentInformation[buildAgent=BuildAgentDTO[name=artemis-build-agent-test, memberAddress=[127.0.0.1]:5703, displayName=artemis-build-agent-test], maxNumberOfConcurrentBuildJobs=1, numberOfCurrentBuildJobs=0, runningBuildJobs=[], status=IDLE, recentBuildJobs=[BuildJobQueueItem[id=4621739576562326, name=SHORT43ACF76B02BC1044B80938509D14043FABDETSTEXC-LOCALCIINTSTUDENT1, buildAgent=BuildAgentDTO[name=artemis-build-agent-test, memberAddress=[127.0.0.1]:5703, displayName=artemis-build-agent-test], participationId=462, courseId=147, exerciseId=298, retryCount=0, priority=2, status=SUCCESSFUL, repositoryInfo=RepositoryInfo[repositoryName=short43acf76b02bc1044b80938509d14043fabdetstexc-localciintstudent1, repositoryType=user, triggeredByPushTo=user, assignmentRepositoryUri=http://localhost:49152/git/SHORT43ACF76B02BC1044B80938509D14043FABDETSTEXC/short43acf76b02bc1044b80938509d14043fabdetstexc-localciintstudent1.git, testRepositoryUri=http://localhost:49152/git/SHORT43ACF76B02BC1044B80938509D14043FABDETSTEXC/short43acf76b02bc1044b80938509d14043fabdetstexc-tests.git, solutionRepositoryUri=null, auxiliaryRepositoryUris=[Ljava.lang.String;@1cdb0bd5, auxiliaryRepositoryCheckoutDirectories=[Ljava.lang.String;@53ca38e], jobTimingInfo=JobTimingInfo[submissionDate=2025-02-14T23:42:42.326978596Z[Etc/UTC], buildStartDate=2025-02-14T23:42:42.420147010Z[Etc/UTC], buildCompletionDate=2025-02-14T23:42:45.573855829Z[Etc/UTC], estimatedCompletionDate=2025-02-14T23:43:01.420129377Z[Etc/UTC], estimatedDuration=19], buildConfig=BuildConfig[buildScript=#!/bin/bash
cd /var/tmp/testing-dir
chmod +x ./gradlew
./gradlew clean test
, dockerImage=dummy-docker-image:latest, commitHashToBuild=a9c717ccf7bcbe9531d3eee21dbaeb5aab2ff971, assignmentCommitHash=a9c717ccf7bcbe9531d3eee21dbaeb5aab2ff971, testCommitHash=a9c717ccf7bcbe9531d3eee21dbaeb5aab2ff971, branch=main, programmingLanguage=JAVA, projectType=PLAIN_GRADLE, scaEnabled=false, sequentialTestRunsEnabled=false, resultPaths=[/var/tmp/testing-dir/**/test-results/test/*.xml], timeoutSeconds=0, assignmentCheckoutPath=null, testCheckoutPath=null, solutionCheckoutPath=null, dockerRunConfig=DockerRunConfig[isNetworkDisabled=true, env=[key=value]]], submissionResult=ResultDTO[id=132, completionDate=2025-02-14T23:42:45.519869118Z[Etc/UTC], successful=false, score=7.7, rated=true, submission=SubmissionDTO[id=119, submitted=true, type=MANUAL, exampleSubmission=null, submissionDate=2025-02-14T23:42:42.302762Z, commitHash=a9c717ccf7bcbe9531d3eee21dbaeb5aab2ff971, buildFailed=false, buildArtifact=false, participation=ParticipationDTO[id=462, testRun=false, type=programming, submissionCount=null, exercise=ParticipationExerciseDTO[id=298, exerciseType=PROGRAMMING, type=programming, assessmentType=AUTOMATIC, dueDate=2025-02-16T23:42:41.553955Z, assessmentDueDate=null, maxPoints=42.0, course=CourseDTO[id=147, accuracyOfScores=1]]], submissionExerciseType=programming, isProcessing=false, buildStartDate=null, estimatedCompletionDate=null], participation=ParticipationDTO[id=462, testRun=false, type=programming, submissionCount=null, exercise=ParticipationExerciseDTO[id=298, exerciseType=PROGRAMMING, type=programming, assessmentType=AUTOMATIC, dueDate=2025-02-16T23:42:41.553955Z, assessmentDueDate=null, maxPoints=42.0, course=CourseDTO[id=147, accuracyOfScores=1]]], feedbacks=[FeedbackDTO[id=67, text=null, detailText=The exercise expects a class with the name Context in the package testpackage. You did not implement the class in the exercise., hasLongFeedbackText=false, reference=null, credits=0.0, positive=false, type=AUTOMATIC, visibility=ALWAYS, testCase=TestCaseDTO[testName=null, id=13]], FeedbackDTO[id=68, text=null, detailText=The exercise expects a class with the name Policy in the package testpackage. You did not implement the class in the exercise., hasLongFeedbackText=false, reference=null, credits=0.0, positive=false, type=AUTOMATIC, visibility=ALWAYS, testCase=TestCaseDTO[testName=null, id=14]], FeedbackDTO[id=69, text=null, detailText=The exercise expects a class with the name SortStrategy in the package testpackage. You did not implement the class in the exercise., hasLongFeedbackText=false, reference=null, credits=0.0, positive=false, type=AUTOMATIC, visibility=ALWAYS, testCase=TestCaseDTO[testName=null, id=15]], FeedbackDTO[id=70, text=null, detailText=The class 'MergeSort' does not implement the interface 'SortStrategy' as expected. Implement the interface and its methods., hasLongFeedbackText=false, reference=null, credits=0.0, positive=false, type=AUTOMATIC, visibility=ALWAYS, testCase=TestCaseDTO[testName=null, id=10]], FeedbackDTO[id=71, text=null, detailText=The exercise expects a class with the name SortStrategy in the package testpackage. You did not implement the class in the exercise., hasLongFeedbackText=false, reference=null, credits=0.0, positive=false, type=AUTOMATIC, visibility=ALWAYS, testCase=TestCaseDTO[testName=null, id=7]], FeedbackDTO[id=72, text=null, detailText=The class 'BubbleSort' does not implement the interface 'SortStrategy' as expected. Implement the interface and its methods., hasLongFeedbackText=false, reference=null, credits=0.0, positive=false, type=AUTOMATIC, visibility=ALWAYS, testCase=TestCaseDTO[testName=null, id=11]], FeedbackDTO[id=73, text=null, detailText=MergeSort does not sort correctly, hasLongFeedbackText=false, reference=null, credits=0.0, positive=false, type=AUTOMATIC, visibility=ALWAYS, testCase=TestCaseDTO[testName=null, id=16]], FeedbackDTO[id=74, text=null, detailText=The class 'Context' was not found within the submission. Make sure to implement it properly., hasLongFeedbackText=false, reference=null, credits=0.0, positive=false, type=AUTOMATIC, visibility=ALWAYS, testCase=TestCaseDTO[testName=null, id=17]], FeedbackDTO[id=75, text=null, detailText=The class 'Context' was not found within the submission. Make sure to implement it properly., hasLongFeedbackText=false, reference=null, credits=0.0, positive=false, type=AUTOMATIC, visibility=ALWAYS, testCase=TestCaseDTO[testName=null, id=18]], FeedbackDTO[id=76, text=null, detailText=The exercise expects a class with the name Policy in the package testpackage. You did not implement the class in the exercise., hasLongFeedbackText=false, reference=null, credits=0.0, positive=false, type=AUTOMATIC, visibility=ALWAYS, testCase=TestCaseDTO[testName=null, id=12]], FeedbackDTO[id=77, text=null, detailText=The exercise expects a class with the name Context in the package testpackage. You did not implement the class in the exercise., hasLongFeedbackText=false, reference=null, credits=0.0, positive=false, type=AUTOMATIC, visibility=ALWAYS, testCase=TestCaseDTO[testName=null, id=8]], FeedbackDTO[id=78, text=null, detailText=The exercise expects a class with the name Policy in the package testpackage. You did not implement the class in the exercise., hasLongFeedbackText=false, reference=null, credits=0.0, positive=false, type=AUTOMATIC, visibility=ALWAYS, testCase=TestCaseDTO[testName=null, id=9]], FeedbackDTO[id=79, text=null, detailText=null, hasLongFeedbackText=false, reference=null, credits=3.230769230769231, positive=true, type=AUTOMATIC, visibility=ALWAYS, testCase=TestCaseDTO[testName=null, id=19]]], assessmentType=AUTOMATIC, hasComplaint=null, exampleResult=null, testCaseCount=13, passedTestCaseCount=1, codeIssueCount=0]], BuildJobQueueItem[id=4651739576569330, name=SHORTB06DD3F905F4604F6E085260D83ED657A6DFTSTEXC-LOCALCIINTSTUDENT1, buildAgent=BuildAgentDTO[name=artemis-build-agent-test, memberAddress=[127.0.0.1]:5703, displayName=artemis-build-agent-test], participationId=465, courseId=148, exerciseId=299, retryCount=0, priority=2, status=SUCCESSFUL, repositoryInfo=RepositoryInfo[repositoryName=shortb06dd3f905f4604f6e085260d83ed657a6dftstexc-localciintstudent1, repositoryType=user, triggeredByPushTo=user, assignmentRepositoryUri=http://localhost:49152/git/SHORTB06DD3F905F4604F6E085260D83ED657A6DFTSTEXC/shortb06dd3f905f4604f6e085260d83ed657a6dftstexc-localciintstudent1.git, testRepositoryUri=http://localhost:49152/git/SHORTB06DD3F905F4604F6E085260D83ED657A6DFTSTEXC/shortb06dd3f905f4604f6e085260d83ed657a6dftstexc-tests.git, solutionRepositoryUri=null, auxiliaryRepositoryUris=[Ljava.lang.String;@444b2942, auxiliaryRepositoryCheckoutDirectories=[Ljava.lang.String;@1f680d4b], jobTimingInfo=JobTimingInfo[submissionDate=2025-02-14T23:42:49.330093960Z[Etc/UTC], buildStartDate=2025-02-14T23:42:49.347797345Z[Etc/UTC], buildCompletionDate=2025-02-14T23:42:51.204319751Z[Etc/UTC], estimatedCompletionDate=2025-02-14T23:43:08.347788449Z[Etc/UTC], estimatedDuration=19], buildConfig=BuildConfig[buildScript=#!/bin/bash
cd /var/tmp/testing-dir
chmod +x ./gradlew
./gradlew clean test
, dockerImage=dummy-docker-image:latest, commitHashToBuild=41581fff25954d36cf07586926ee0c77d1003131, assignmentCommitHash=41581fff25954d36cf07586926ee0c77d1003131, testCommitHash=41581fff25954d36cf07586926ee0c77d1003131, branch=main, programmingLanguage=JAVA, projectType=PLAIN_GRADLE, scaEnabled=false, sequentialTestRunsEnabled=false, resultPaths=[/var/tmp/testing-dir/**/test-results/test/*.xml], timeoutSeconds=0, assignmentCheckoutPath=null, testCheckoutPath=null, solutionCheckoutPath=null, dockerRunConfig=null], submissionResult=null]], publicSshKey=ssh-rsa AAAAB3NzaC1yc2EAAAADAQABAAACAQCOPdMsxRE2jFJ/UEa5/LsBxtwzJcrh3/rYBCQvcMeVpiRfhzQPWu7mrt/G2Ew+i+vRloGH9aqKg6dd1liRncao53Zmd/ePxoatXePNhmzTfkCkcSkTUz7B+QMjkoDDV5jwuFPD6mF3JkhuzSi64n9Zy905t4w2IhVcjM2mL3eYNjiCXt6Qpq3Pkt7dM/Ksw1nxnvuiIALuJLB3FTkXkHqq3PJav+9HSq2r6ZaWgekneaGxlQlb+U+Vy3XOuArKAzK8c8i+0bR+AHiTG6ncYXt7ax3U+TdlDTF7OLP3umwaYjs1NBXOHwG42pevvpKn2fqavZZozk+M05jXLx3bq0O7itxfErWc7etky8qYPyyIMF/txQIVLd78+Ze4d7Y60t5MGbXM5cGE6fFif5fEJwgswXD+BrG0cafz1CTatjSKFdvp8Vp4VszXhHDan1PrP6JEFJ5Cc5GDmLRZPCFa3vL9f5qXgf4bkqKN8MYeEujwJE5nMRWoiJVNakix2bcrrneQMBlnYeYZVWXXXUusAQBzl4NgddC1umZpihZkL1b1MffZAUW3EGEXi7KHnllQhkTLLsQ8ntMgbylqaJKStqaXlLvdeRJcEnUuiFCrHEVVbXRFZR7XVDZ02CE5o3MuaRPty8Kh+jRTF3COlAckHwYEJCNNJvXFgb2CNXL4mjzYDw== test@localhost]
    23:42:51.262 | 566 localvc.event-13 | DEBUG | s.l.LocalCIWebsocketMessagingService : Sending message on topic /topic/admin/build-agents: [BuildAgentInformation[buildAgent=BuildAgentDTO[name=artemis-build-agent-test, memberAddress=[127.0.0.1]:5703, displayName=artemis-build-agent-test], maxNumberOfConcurrentBuildJobs=1, numberOfCurrentBuildJobs=0, runningBuildJobs=[], status=IDLE, recentBuildJobs=null, publicSshKey=null]]
    23:42:51.263 | 588 artemis-task-1   | DEBUG | d.t.c.a.a.c.c.w.GzipMessageConverter : Compressed message payload from 255 to 232 (saved 9.0% payload size)
    23:42:51.269 | 566 localvc.event-13 | DEBUG | s.l.LocalCIWebsocketMessagingService : Sending message on topic /topic/admin/build-agent/artemis-build-agent-test: BuildAgentInformation[buildAgent=BuildAgentDTO[name=artemis-build-agent-test, memberAddress=[127.0.0.1]:5703, displayName=artemis-build-agent-test], maxNumberOfConcurrentBuildJobs=1, numberOfCurrentBuildJobs=0, runningBuildJobs=[], status=IDLE, recentBuildJobs=[BuildJobQueueItem[id=4621739576562326, name=SHORT43ACF76B02BC1044B80938509D14043FABDETSTEXC-LOCALCIINTSTUDENT1, buildAgent=BuildAgentDTO[name=artemis-build-agent-test, memberAddress=[127.0.0.1]:5703, displayName=artemis-build-agent-test], participationId=462, courseId=147, exerciseId=298, retryCount=0, priority=2, status=SUCCESSFUL, repositoryInfo=RepositoryInfo[repositoryName=short43acf76b02bc1044b80938509d14043fabdetstexc-localciintstudent1, repositoryType=user, triggeredByPushTo=user, assignmentRepositoryUri=http://localhost:49152/git/SHORT43ACF76B02BC1044B80938509D14043FABDETSTEXC/short43acf76b02bc1044b80938509d14043fabdetstexc-localciintstudent1.git, testRepositoryUri=http://localhost:49152/git/SHORT43ACF76B02BC1044B80938509D14043FABDETSTEXC/short43acf76b02bc1044b80938509d14043fabdetstexc-tests.git, solutionRepositoryUri=null, auxiliaryRepositoryUris=[Ljava.lang.String;@79a8ac2e, auxiliaryRepositoryCheckoutDirectories=[Ljava.lang.String;@6b55e463], jobTimingInfo=JobTimingInfo[submissionDate=2025-02-14T23:42:42.326978596Z[Etc/UTC], buildStartDate=2025-02-14T23:42:42.420147010Z[Etc/UTC], buildCompletionDate=2025-02-14T23:42:45.573855829Z[Etc/UTC], estimatedCompletionDate=2025-02-14T23:43:01.420129377Z[Etc/UTC], estimatedDuration=19], buildConfig=BuildConfig[buildScript=#!/bin/bash
cd /var/tmp/testing-dir
chmod +x ./gradlew
./gradlew clean test
, dockerImage=dummy-docker-image:latest, commitHashToBuild=a9c717ccf7bcbe9531d3eee21dbaeb5aab2ff971, assignmentCommitHash=a9c717ccf7bcbe9531d3eee21dbaeb5aab2ff971, testCommitHash=a9c717ccf7bcbe9531d3eee21dbaeb5aab2ff971, branch=main, programmingLanguage=JAVA, projectType=PLAIN_GRADLE, scaEnabled=false, sequentialTestRunsEnabled=false, resultPaths=[/var/tmp/testing-dir/**/test-results/test/*.xml], timeoutSeconds=0, assignmentCheckoutPath=null, testCheckoutPath=null, solutionCheckoutPath=null, dockerRunConfig=DockerRunConfig[isNetworkDisabled=true, env=[key=value]]], submissionResult=ResultDTO[id=132, completionDate=2025-02-14T23:42:45.519869118Z[Etc/UTC], successful=false, score=7.7, rated=true, submission=SubmissionDTO[id=119, submitted=true, type=MANUAL, exampleSubmission=null, submissionDate=2025-02-14T23:42:42.302762Z, commitHash=a9c717ccf7bcbe9531d3eee21dbaeb5aab2ff971, buildFailed=false, buildArtifact=false, participation=ParticipationDTO[id=462, testRun=false, type=programming, submissionCount=null, exercise=ParticipationExerciseDTO[id=298, exerciseType=PROGRAMMING, type=programming, assessmentType=AUTOMATIC, dueDate=2025-02-16T23:42:41.553955Z, assessmentDueDate=null, maxPoints=42.0, course=CourseDTO[id=147, accuracyOfScores=1]]], submissionExerciseType=programming, isProcessing=false, buildStartDate=null, estimatedCompletionDate=null], participation=ParticipationDTO[id=462, testRun=false, type=programming, submissionCount=null, exercise=ParticipationExerciseDTO[id=298, exerciseType=PROGRAMMING, type=programming, assessmentType=AUTOMATIC, dueDate=2025-02-16T23:42:41.553955Z, assessmentDueDate=null, maxPoints=42.0, course=CourseDTO[id=147, accuracyOfScores=1]]], feedbacks=[FeedbackDTO[id=67, text=null, detailText=The exercise expects a class with the name Context in the package testpackage. You did not implement the class in the exercise., hasLongFeedbackText=false, reference=null, credits=0.0, positive=false, type=AUTOMATIC, visibility=ALWAYS, testCase=TestCaseDTO[testName=null, id=13]], FeedbackDTO[id=68, text=null, detailText=The exercise expects a class with the name Policy in the package testpackage. You did not implement the class in the exercise., hasLongFeedbackText=false, reference=null, credits=0.0, positive=false, type=AUTOMATIC, visibility=ALWAYS, testCase=TestCaseDTO[testName=null, id=14]], FeedbackDTO[id=69, text=null, detailText=The exercise expects a class with the name SortStrategy in the package testpackage. You did not implement the class in the exercise., hasLongFeedbackText=false, reference=null, credits=0.0, positive=false, type=AUTOMATIC, visibility=ALWAYS, testCase=TestCaseDTO[testName=null, id=15]], FeedbackDTO[id=70, text=null, detailText=The class 'MergeSort' does not implement the interface 'SortStrategy' as expected. Implement the interface and its methods., hasLongFeedbackText=false, reference=null, credits=0.0, positive=false, type=AUTOMATIC, visibility=ALWAYS, testCase=TestCaseDTO[testName=null, id=10]], FeedbackDTO[id=71, text=null, detailText=The exercise expects a class with the name SortStrategy in the package testpackage. You did not implement the class in the exercise., hasLongFeedbackText=false, reference=null, credits=0.0, positive=false, type=AUTOMATIC, visibility=ALWAYS, testCase=TestCaseDTO[testName=null, id=7]], FeedbackDTO[id=72, text=null, detailText=The class 'BubbleSort' does not implement the interface 'SortStrategy' as expected. Implement the interface and its methods., hasLongFeedbackText=false, reference=null, credits=0.0, positive=false, type=AUTOMATIC, visibility=ALWAYS, testCase=TestCaseDTO[testName=null, id=11]], FeedbackDTO[id=73, text=null, detailText=MergeSort does not sort correctly, hasLongFeedbackText=false, reference=null, credits=0.0, positive=false, type=AUTOMATIC, visibility=ALWAYS, testCase=TestCaseDTO[testName=null, id=16]], FeedbackDTO[id=74, text=null, detailText=The class 'Context' was not found within the submission. Make sure to implement it properly., hasLongFeedbackText=false, reference=null, credits=0.0, positive=false, type=AUTOMATIC, visibility=ALWAYS, testCase=TestCaseDTO[testName=null, id=17]], FeedbackDTO[id=75, text=null, detailText=The class 'Context' was not found within the submission. Make sure to implement it properly., hasLongFeedbackText=false, reference=null, credits=0.0, positive=false, type=AUTOMATIC, visibility=ALWAYS, testCase=TestCaseDTO[testName=null, id=18]], FeedbackDTO[id=76, text=null, detailText=The exercise expects a class with the name Policy in the package testpackage. You did not implement the class in the exercise., hasLongFeedbackText=false, reference=null, credits=0.0, positive=false, type=AUTOMATIC, visibility=ALWAYS, testCase=TestCaseDTO[testName=null, id=12]], FeedbackDTO[id=77, text=null, detailText=The exercise expects a class with the name Context in the package testpackage. You did not implement the class in the exercise., hasLongFeedbackText=false, reference=null, credits=0.0, positive=false, type=AUTOMATIC, visibility=ALWAYS, testCase=TestCaseDTO[testName=null, id=8]], FeedbackDTO[id=78, text=null, detailText=The exercise expects a class with the name Policy in the package testpackage. You did not implement the class in the exercise., hasLongFeedbackText=false, reference=null, credits=0.0, positive=false, type=AUTOMATIC, visibility=ALWAYS, testCase=TestCaseDTO[testName=null, id=9]], FeedbackDTO[id=79, text=null, detailText=null, hasLongFeedbackText=false, reference=null, credits=3.230769230769231, positive=true, type=AUTOMATIC, visibility=ALWAYS, testCase=TestCaseDTO[testName=null, id=19]]], assessmentType=AUTOMATIC, hasComplaint=null, exampleResult=null, testCaseCount=13, passedTestCaseCount=1, codeIssueCount=0]], BuildJobQueueItem[id=4651739576569330, name=SHORTB06DD3F905F4604F6E085260D83ED657A6DFTSTEXC-LOCALCIINTSTUDENT1, buildAgent=BuildAgentDTO[name=artemis-build-agent-test, memberAddress=[127.0.0.1]:5703, displayName=artemis-build-agent-test], participationId=465, courseId=148, exerciseId=299, retryCount=0, priority=2, status=SUCCESSFUL, repositoryInfo=RepositoryInfo[repositoryName=shortb06dd3f905f4604f6e085260d83ed657a6dftstexc-localciintstudent1, repositoryType=user, triggeredByPushTo=user, assignmentRepositoryUri=http://localhost:49152/git/SHORTB06DD3F905F4604F6E085260D83ED657A6DFTSTEXC/shortb06dd3f905f4604f6e085260d83ed657a6dftstexc-localciintstudent1.git, testRepositoryUri=http://localhost:49152/git/SHORTB06DD3F905F4604F6E085260D83ED657A6DFTSTEXC/shortb06dd3f905f4604f6e085260d83ed657a6dftstexc-tests.git, solutionRepositoryUri=null, auxiliaryRepositoryUris=[Ljava.lang.String;@1e4e17e1, auxiliaryRepositoryCheckoutDirectories=[Ljava.lang.String;@17cd8149], jobTimingInfo=JobTimingInfo[submissionDate=2025-02-14T23:42:49.330093960Z[Etc/UTC], buildStartDate=2025-02-14T23:42:49.347797345Z[Etc/UTC], buildCompletionDate=2025-02-14T23:42:51.204319751Z[Etc/UTC], estimatedCompletionDate=2025-02-14T23:43:08.347788449Z[Etc/UTC], estimatedDuration=19], buildConfig=BuildConfig[buildScript=#!/bin/bash
cd /var/tmp/testing-dir
chmod +x ./gradlew
./gradlew clean test
, dockerImage=dummy-docker-image:latest, commitHashToBuild=41581fff25954d36cf07586926ee0c77d1003131, assignmentCommitHash=41581fff25954d36cf07586926ee0c77d1003131, testCommitHash=41581fff25954d36cf07586926ee0c77d1003131, branch=main, programmingLanguage=JAVA, projectType=PLAIN_GRADLE, scaEnabled=false, sequentialTestRunsEnabled=false, resultPaths=[/var/tmp/testing-dir/**/test-results/test/*.xml], timeoutSeconds=0, assignmentCheckoutPath=null, testCheckoutPath=null, solutionCheckoutPath=null, dockerRunConfig=null], submissionResult=ResultDTO[id=133, completionDate=2025-02-14T23:42:51.155372920Z[Etc/UTC], successful=false, score=7.7, rated=true, submission=SubmissionDTO[id=120, submitted=true, type=MANUAL, exampleSubmission=null, submissionDate=2025-02-14T23:42:49.321855Z, commitHash=41581fff25954d36cf07586926ee0c77d1003131, buildFailed=false, buildArtifact=false, participation=ParticipationDTO[id=465, testRun=false, type=programming, submissionCount=null, exercise=ParticipationExerciseDTO[id=299, exerciseType=PROGRAMMING, type=programming, assessmentType=AUTOMATIC, dueDate=2025-02-16T23:42:49.163661Z, assessmentDueDate=null, maxPoints=42.0, course=CourseDTO[id=148, accuracyOfScores=1]]], submissionExerciseType=programming, isProcessing=false, buildStartDate=null, estimatedCompletionDate=null], participation=ParticipationDTO[id=465, testRun=false, type=programming, submissionCount=null, exercise=ParticipationExerciseDTO[id=299, exerciseType=PROGRAMMING, type=programming, assessmentType=AUTOMATIC, dueDate=2025-02-16T23:42:49.163661Z, assessmentDueDate=null, maxPoints=42.0, course=CourseDTO[id=148, accuracyOfScores=1]]], feedbacks=[FeedbackDTO[id=80, text=null, detailText=The exercise expects a class with the name Context in the package testpackage. You did not implement the class in the exercise., hasLongFeedbackText=false, reference=null, credits=0.0, positive=false, type=AUTOMATIC, visibility=ALWAYS, testCase=TestCaseDTO[testName=null, id=26]], FeedbackDTO[id=81, text=null, detailText=The exercise expects a class with the name Policy in the package testpackage. You did not implement the class in the exercise., hasLongFeedbackText=false, reference=null, credits=0.0, positive=false, type=AUTOMATIC, visibility=ALWAYS, testCase=TestCaseDTO[testName=null, id=27]], FeedbackDTO[id=82, text=null, detailText=The exercise expects a class with the name SortStrategy in the package testpackage. You did not implement the class in the exercise., hasLongFeedbackText=false, reference=null, credits=0.0, positive=false, type=AUTOMATIC, visibility=ALWAYS, testCase=TestCaseDTO[testName=null, id=28]], FeedbackDTO[id=83, text=null, detailText=The class 'MergeSort' does not implement the interface 'SortStrategy' as expected. Implement the interface and its methods., hasLongFeedbackText=false, reference=null, credits=0.0, positive=false, type=AUTOMATIC, visibility=ALWAYS, testCase=TestCaseDTO[testName=null, id=23]], FeedbackDTO[id=84, text=null, detailText=The exercise expects a class with the name SortStrategy in the package testpackage. You did not implement the class in the exercise., hasLongFeedbackText=false, reference=null, credits=0.0, positive=false, type=AUTOMATIC, visibility=ALWAYS, testCase=TestCaseDTO[testName=null, id=20]], FeedbackDTO[id=85, text=null, detailText=The class 'BubbleSort' does not implement the interface 'SortStrategy' as expected. Implement the interface and its methods., hasLongFeedbackText=false, reference=null, credits=0.0, positive=false, type=AUTOMATIC, visibility=ALWAYS, testCase=TestCaseDTO[testName=null, id=24]], FeedbackDTO[id=86, text=null, detailText=MergeSort does not sort correctly, hasLongFeedbackText=false, reference=null, credits=0.0, positive=false, type=AUTOMATIC, visibility=ALWAYS, testCase=TestCaseDTO[testName=null, id=29]], FeedbackDTO[id=87, text=null, detailText=The class 'Context' was not found within the submission. Make sure to implement it properly., hasLongFeedbackText=false, reference=null, credits=0.0, positive=false, type=AUTOMATIC, visibility=ALWAYS, testCase=TestCaseDTO[testName=null, id=30]], FeedbackDTO[id=88, text=null, detailText=The class 'Context' was not found within the submission. Make sure to implement it properly., hasLongFeedbackText=false, reference=null, credits=0.0, positive=false, type=AUTOMATIC, visibility=ALWAYS, testCase=TestCaseDTO[testName=null, id=31]], FeedbackDTO[id=89, text=null, detailText=The exercise expects a class with the name Policy in the package testpackage. You did not implement the class in the exercise., hasLongFeedbackText=false, reference=null, credits=0.0, positive=false, type=AUTOMATIC, visibility=ALWAYS, testCase=TestCaseDTO[testName=null, id=25]], FeedbackDTO[id=90, text=null, detailText=The exercise expects a class with the name Context in the package testpackage. You did not implement the class in the exercise., hasLongFeedbackText=false, reference=null, credits=0.0, positive=false, type=AUTOMATIC, visibility=ALWAYS, testCase=TestCaseDTO[testName=null, id=21]], FeedbackDTO[id=91, text=null, detailText=The exercise expects a class with the name Policy in the package testpackage. You did not implement the class in the exercise., hasLongFeedbackText=false, reference=null, credits=0.0, positive=false, type=AUTOMATIC, visibility=ALWAYS, testCase=TestCaseDTO[testName=null, id=22]], FeedbackDTO[id=92, text=null, detailText=null, hasLongFeedbackText=false, reference=null, credits=3.230769230769231, positive=true, type=AUTOMATIC, visibility=ALWAYS, testCase=TestCaseDTO[testName=null, id=32]]], assessmentType=AUTOMATIC, hasComplaint=null, exampleResult=null, testCaseCount=13, passedTestCaseCount=1, codeIssueCount=0]]], publicSshKey=ssh-rsa AAAAB3NzaC1yc2EAAAADAQABAAACAQCOPdMsxRE2jFJ/UEa5/LsBxtwzJcrh3/rYBCQvcMeVpiRfhzQPWu7mrt/G2Ew+i+vRloGH9aqKg6dd1liRncao53Zmd/ePxoatXePNhmzTfkCkcSkTUz7B+QMjkoDDV5jwuFPD6mF3JkhuzSi64n9Zy905t4w2IhVcjM2mL3eYNjiCXt6Qpq3Pkt7dM/Ksw1nxnvuiIALuJLB3FTkXkHqq3PJav+9HSq2r6ZaWgekneaGxlQlb+U+Vy3XOuArKAzK8c8i+0bR+AHiTG6ncYXt7ax3U+TdlDTF7OLP3umwaYjs1NBXOHwG42pevvpKn2fqavZZozk+M05jXLx3bq0O7itxfErWc7etky8qYPyyIMF/txQIVLd78+Ze4d7Y60t5MGbXM5cGE6fFif5fEJwgswXD+BrG0cafz1CTatjSKFdvp8Vp4VszXhHDan1PrP6JEFJ5Cc5GDmLRZPCFa3vL9f5qXgf4bkqKN8MYeEujwJE5nMRWoiJVNakix2bcrrneQMBlnYeYZVWXXXUusAQBzl4NgddC1umZpihZkL1b1MffZAUW3EGEXi7KHnllQhkTLLsQ8ntMgbylqaJKStqaXlLvdeRJcEnUuiFCrHEVVbXRFZR7XVDZ02CE5o3MuaRPty8Kh+jRTF3COlAckHwYEJCNNJvXFgb2CNXL4mjzYDw== test@localhost]
    23:42:51.270 | 566 localvc.event-13 | DEBUG | a.p.s.l.SharedQueueManagementService : Build agent updated: null
    23:42:51.271 | 588 artemis-task-1   | DEBUG | d.t.c.a.a.c.c.w.GzipMessageConverter : Compressed message payload from 17986 to 3716 (saved 79.3% payload size)
    23:42:51.273 | 566 localvc.event-13 | DEBUG | a.p.s.l.LocalCIQueueWebsocketService : Build agent updated: BuildAgentInformation[buildAgent=BuildAgentDTO[name=artemis-build-agent-test, memberAddress=[127.0.0.1]:5703, displayName=artemis-build-agent-test], maxNumberOfConcurrentBuildJobs=1, numberOfCurrentBuildJobs=0, runningBuildJobs=[], status=IDLE, recentBuildJobs=[BuildJobQueueItem[id=4621739576562326, name=SHORT43ACF76B02BC1044B80938509D14043FABDETSTEXC-LOCALCIINTSTUDENT1, buildAgent=BuildAgentDTO[name=artemis-build-agent-test, memberAddress=[127.0.0.1]:5703, displayName=artemis-build-agent-test], participationId=462, courseId=147, exerciseId=298, retryCount=0, priority=2, status=SUCCESSFUL, repositoryInfo=RepositoryInfo[repositoryName=short43acf76b02bc1044b80938509d14043fabdetstexc-localciintstudent1, repositoryType=user, triggeredByPushTo=user, assignmentRepositoryUri=http://localhost:49152/git/SHORT43ACF76B02BC1044B80938509D14043FABDETSTEXC/short43acf76b02bc1044b80938509d14043fabdetstexc-localciintstudent1.git, testRepositoryUri=http://localhost:49152/git/SHORT43ACF76B02BC1044B80938509D14043FABDETSTEXC/short43acf76b02bc1044b80938509d14043fabdetstexc-tests.git, solutionRepositoryUri=null, auxiliaryRepositoryUris=[Ljava.lang.String;@6f8a19ba, auxiliaryRepositoryCheckoutDirectories=[Ljava.lang.String;@195eab5], jobTimingInfo=JobTimingInfo[submissionDate=2025-02-14T23:42:42.326978596Z[Etc/UTC], buildStartDate=2025-02-14T23:42:42.420147010Z[Etc/UTC], buildCompletionDate=2025-02-14T23:42:45.573855829Z[Etc/UTC], estimatedCompletionDate=2025-02-14T23:43:01.420129377Z[Etc/UTC], estimatedDuration=19], buildConfig=BuildConfig[buildScript=#!/bin/bash
cd /var/tmp/testing-dir
chmod +x ./gradlew
./gradlew clean test
, dockerImage=dummy-docker-image:latest, commitHashToBuild=a9c717ccf7bcbe9531d3eee21dbaeb5aab2ff971, assignmentCommitHash=a9c717ccf7bcbe9531d3eee21dbaeb5aab2ff971, testCommitHash=a9c717ccf7bcbe9531d3eee21dbaeb5aab2ff971, branch=main, programmingLanguage=JAVA, projectType=PLAIN_GRADLE, scaEnabled=false, sequentialTestRunsEnabled=false, resultPaths=[/var/tmp/testing-dir/**/test-results/test/*.xml], timeoutSeconds=0, assignmentCheckoutPath=null, testCheckoutPath=null, solutionCheckoutPath=null, dockerRunConfig=DockerRunConfig[isNetworkDisabled=true, env=[key=value]]], submissionResult=ResultDTO[id=132, completionDate=2025-02-14T23:42:45.519869118Z[Etc/UTC], successful=false, score=7.7, rated=true, submission=SubmissionDTO[id=119, submitted=true, type=MANUAL, exampleSubmission=null, submissionDate=2025-02-14T23:42:42.302762Z, commitHash=a9c717ccf7bcbe9531d3eee21dbaeb5aab2ff971, buildFailed=false, buildArtifact=false, participation=ParticipationDTO[id=462, testRun=false, type=programming, submissionCount=null, exercise=ParticipationExerciseDTO[id=298, exerciseType=PROGRAMMING, type=programming, assessmentType=AUTOMATIC, dueDate=2025-02-16T23:42:41.553955Z, assessmentDueDate=null, maxPoints=42.0, course=CourseDTO[id=147, accuracyOfScores=1]]], submissionExerciseType=programming, isProcessing=false, buildStartDate=null, estimatedCompletionDate=null], participation=ParticipationDTO[id=462, testRun=false, type=programming, submissionCount=null, exercise=ParticipationExerciseDTO[id=298, exerciseType=PROGRAMMING, type=programming, assessmentType=AUTOMATIC, dueDate=2025-02-16T23:42:41.553955Z, assessmentDueDate=null, maxPoints=42.0, course=CourseDTO[id=147, accuracyOfScores=1]]], feedbacks=[FeedbackDTO[id=67, text=null, detailText=The exercise expects a class with the name Context in the package testpackage. You did not implement the class in the exercise., hasLongFeedbackText=false, reference=null, credits=0.0, positive=false, type=AUTOMATIC, visibility=ALWAYS, testCase=TestCaseDTO[testName=null, id=13]], FeedbackDTO[id=68, text=null, detailText=The exercise expects a class with the name Policy in the package testpackage. You did not implement the class in the exercise., hasLongFeedbackText=false, reference=null, credits=0.0, positive=false, type=AUTOMATIC, visibility=ALWAYS, testCase=TestCaseDTO[testName=null, id=14]], FeedbackDTO[id=69, text=null, detailText=The exercise expects a class with the name SortStrategy in the package testpackage. You did not implement the class in the exercise., hasLongFeedbackText=false, reference=null, credits=0.0, positive=false, type=AUTOMATIC, visibility=ALWAYS, testCase=TestCaseDTO[testName=null, id=15]], FeedbackDTO[id=70, text=null, detailText=The class 'MergeSort' does not implement the interface 'SortStrategy' as expected. Implement the interface and its methods., hasLongFeedbackText=false, reference=null, credits=0.0, positive=false, type=AUTOMATIC, visibility=ALWAYS, testCase=TestCaseDTO[testName=null, id=10]], FeedbackDTO[id=71, text=null, detailText=The exercise expects a class with the name SortStrategy in the package testpackage. You did not implement the class in the exercise., hasLongFeedbackText=false, reference=null, credits=0.0, positive=false, type=AUTOMATIC, visibility=ALWAYS, testCase=TestCaseDTO[testName=null, id=7]], FeedbackDTO[id=72, text=null, detailText=The class 'BubbleSort' does not implement the interface 'SortStrategy' as expected. Implement the interface and its methods., hasLongFeedbackText=false, reference=null, credits=0.0, positive=false, type=AUTOMATIC, visibility=ALWAYS, testCase=TestCaseDTO[testName=null, id=11]], FeedbackDTO[id=73, text=null, detailText=MergeSort does not sort correctly, hasLongFeedbackText=false, reference=null, credits=0.0, positive=false, type=AUTOMATIC, visibility=ALWAYS, testCase=TestCaseDTO[testName=null, id=16]], FeedbackDTO[id=74, text=null, detailText=The class 'Context' was not found within the submission. Make sure to implement it properly., hasLongFeedbackText=false, reference=null, credits=0.0, positive=false, type=AUTOMATIC, visibility=ALWAYS, testCase=TestCaseDTO[testName=null, id=17]], FeedbackDTO[id=75, text=null, detailText=The class 'Context' was not found within the submission. Make sure to implement it properly., hasLongFeedbackText=false, reference=null, credits=0.0, positive=false, type=AUTOMATIC, visibility=ALWAYS, testCase=TestCaseDTO[testName=null, id=18]], FeedbackDTO[id=76, text=null, detailText=The exercise expects a class with the name Policy in the package testpackage. You did not implement the class in the exercise., hasLongFeedbackText=false, reference=null, credits=0.0, positive=false, type=AUTOMATIC, visibility=ALWAYS, testCase=TestCaseDTO[testName=null, id=12]], FeedbackDTO[id=77, text=null, detailText=The exercise expects a class with the name Context in the package testpackage. You did not implement the class in the exercise., hasLongFeedbackText=false, reference=null, credits=0.0, positive=false, type=AUTOMATIC, visibility=ALWAYS, testCase=TestCaseDTO[testName=null, id=8]], FeedbackDTO[id=78, text=null, detailText=The exercise expects a class with the name Policy in the package testpackage. You did not implement the class in the exercise., hasLongFeedbackText=false, reference=null, credits=0.0, positive=false, type=AUTOMATIC, visibility=ALWAYS, testCase=TestCaseDTO[testName=null, id=9]], FeedbackDTO[id=79, text=null, detailText=null, hasLongFeedbackText=false, reference=null, credits=3.230769230769231, positive=true, type=AUTOMATIC, visibility=ALWAYS, testCase=TestCaseDTO[testName=null, id=19]]], assessmentType=AUTOMATIC, hasComplaint=null, exampleResult=null, testCaseCount=13, passedTestCaseCount=1, codeIssueCount=0]], BuildJobQueueItem[id=4651739576569330, name=SHORTB06DD3F905F4604F6E085260D83ED657A6DFTSTEXC-LOCALCIINTSTUDENT1, buildAgent=BuildAgentDTO[name=artemis-build-agent-test, memberAddress=[127.0.0.1]:5703, displayName=artemis-build-agent-test], participationId=465, courseId=148, exerciseId=299, retryCount=0, priority=2, status=SUCCESSFUL, repositoryInfo=RepositoryInfo[repositoryName=shortb06dd3f905f4604f6e085260d83ed657a6dftstexc-localciintstudent1, repositoryType=user, triggeredByPushTo=user, assignmentRepositoryUri=http://localhost:49152/git/SHORTB06DD3F905F4604F6E085260D83ED657A6DFTSTEXC/shortb06dd3f905f4604f6e085260d83ed657a6dftstexc-localciintstudent1.git, testRepositoryUri=http://localhost:49152/git/SHORTB06DD3F905F4604F6E085260D83ED657A6DFTSTEXC/shortb06dd3f905f4604f6e085260d83ed657a6dftstexc-tests.git, solutionRepositoryUri=null, auxiliaryRepositoryUris=[Ljava.lang.String;@7a29e407, auxiliaryRepositoryCheckoutDirectories=[Ljava.lang.String;@154ce786], jobTimingInfo=JobTimingInfo[submissionDate=2025-02-14T23:42:49.330093960Z[Etc/UTC], buildStartDate=2025-02-14T23:42:49.347797345Z[Etc/UTC], buildCompletionDate=2025-02-14T23:42:51.204319751Z[Etc/UTC], estimatedCompletionDate=2025-02-14T23:43:08.347788449Z[Etc/UTC], estimatedDuration=19], buildConfig=BuildConfig[buildScript=#!/bin/bash
cd /var/tmp/testing-dir
chmod +x ./gradlew
./gradlew clean test
, dockerImage=dummy-docker-image:latest, commitHashToBuild=41581fff25954d36cf07586926ee0c77d1003131, assignmentCommitHash=41581fff25954d36cf07586926ee0c77d1003131, testCommitHash=41581fff25954d36cf07586926ee0c77d1003131, branch=main, programmingLanguage=JAVA, projectType=PLAIN_GRADLE, scaEnabled=false, sequentialTestRunsEnabled=false, resultPaths=[/var/tmp/testing-dir/**/test-results/test/*.xml], timeoutSeconds=0, assignmentCheckoutPath=null, testCheckoutPath=null, solutionCheckoutPath=null, dockerRunConfig=null], submissionResult=ResultDTO[id=133, completionDate=2025-02-14T23:42:51.155372920Z[Etc/UTC], successful=false, score=7.7, rated=true, submission=SubmissionDTO[id=120, submitted=true, type=MANUAL, exampleSubmission=null, submissionDate=2025-02-14T23:42:49.321855Z, commitHash=41581fff25954d36cf07586926ee0c77d1003131, buildFailed=false, buildArtifact=false, participation=ParticipationDTO[id=465, testRun=false, type=programming, submissionCount=null, exercise=ParticipationExerciseDTO[id=299, exerciseType=PROGRAMMING, type=programming, assessmentType=AUTOMATIC, dueDate=2025-02-16T23:42:49.163661Z, assessmentDueDate=null, maxPoints=42.0, course=CourseDTO[id=148, accuracyOfScores=1]]], submissionExerciseType=programming, isProcessing=false, buildStartDate=null, estimatedCompletionDate=null], participation=ParticipationDTO[id=465, testRun=false, type=programming, submissionCount=null, exercise=ParticipationExerciseDTO[id=299, exerciseType=PROGRAMMING, type=programming, assessmentType=AUTOMATIC, dueDate=2025-02-16T23:42:49.163661Z, assessmentDueDate=null, maxPoints=42.0, course=CourseDTO[id=148, accuracyOfScores=1]]], feedbacks=[FeedbackDTO[id=80, text=null, detailText=The exercise expects a class with the name Context in the package testpackage. You did not implement the class in the exercise., hasLongFeedbackText=false, reference=null, credits=0.0, positive=false, type=AUTOMATIC, visibility=ALWAYS, testCase=TestCaseDTO[testName=null, id=26]], FeedbackDTO[id=81, text=null, detailText=The exercise expects a class with the name Policy in the package testpackage. You did not implement the class in the exercise., hasLongFeedbackText=false, reference=null, credits=0.0, positive=false, type=AUTOMATIC, visibility=ALWAYS, testCase=TestCaseDTO[testName=null, id=27]], FeedbackDTO[id=82, text=null, detailText=The exercise expects a class with the name SortStrategy in the package testpackage. You did not implement the class in the exercise., hasLongFeedbackText=false, reference=null, credits=0.0, positive=false, type=AUTOMATIC, visibility=ALWAYS, testCase=TestCaseDTO[testName=null, id=28]], FeedbackDTO[id=83, text=null, detailText=The class 'MergeSort' does not implement the interface 'SortStrategy' as expected. Implement the interface and its methods., hasLongFeedbackText=false, reference=null, credits=0.0, positive=false, type=AUTOMATIC, visibility=ALWAYS, testCase=TestCaseDTO[testName=null, id=23]], FeedbackDTO[id=84, text=null, detailText=The exercise expects a class with the name SortStrategy in the package testpackage. You did not implement the class in the exercise., hasLongFeedbackText=false, reference=null, credits=0.0, positive=false, type=AUTOMATIC, visibility=ALWAYS, testCase=TestCaseDTO[testName=null, id=20]], FeedbackDTO[id=85, text=null, detailText=The class 'BubbleSort' does not implement the interface 'SortStrategy' as expected. Implement the interface and its methods., hasLongFeedbackText=false, reference=null, credits=0.0, positive=false, type=AUTOMATIC, visibility=ALWAYS, testCase=TestCaseDTO[testName=null, id=24]], FeedbackDTO[id=86, text=null, detailText=MergeSort does not sort correctly, hasLongFeedbackText=false, reference=null, credits=0.0, positive=false, type=AUTOMATIC, visibility=ALWAYS, testCase=TestCaseDTO[testName=null, id=29]], FeedbackDTO[id=87, text=null, detailText=The class 'Context' was not found within the submission. Make sure to implement it properly., hasLongFeedbackText=false, reference=null, credits=0.0, positive=false, type=AUTOMATIC, visibility=ALWAYS, testCase=TestCaseDTO[testName=null, id=30]], FeedbackDTO[id=88, text=null, detailText=The class 'Context' was not found within the submission. Make sure to implement it properly., hasLongFeedbackText=false, reference=null, credits=0.0, positive=false, type=AUTOMATIC, visibility=ALWAYS, testCase=TestCaseDTO[testName=null, id=31]], FeedbackDTO[id=89, text=null, detailText=The exercise expects a class with the name Policy in the package testpackage. You did not implement the class in the exercise., hasLongFeedbackText=false, reference=null, credits=0.0, positive=false, type=AUTOMATIC, visibility=ALWAYS, testCase=TestCaseDTO[testName=null, id=25]], FeedbackDTO[id=90, text=null, detailText=The exercise expects a class with the name Context in the package testpackage. You did not implement the class in the exercise., hasLongFeedbackText=false, reference=null, credits=0.0, positive=false, type=AUTOMATIC, visibility=ALWAYS, testCase=TestCaseDTO[testName=null, id=21]], FeedbackDTO[id=91, text=null, detailText=The exercise expects a class with the name Policy in the package testpackage. You did not implement the class in the exercise., hasLongFeedbackText=false, reference=null, credits=0.0, positive=false, type=AUTOMATIC, visibility=ALWAYS, testCase=TestCaseDTO[testName=null, id=22]], FeedbackDTO[id=92, text=null, detailText=null, hasLongFeedbackText=false, reference=null, credits=3.230769230769231, positive=true, type=AUTOMATIC, visibility=ALWAYS, testCase=TestCaseDTO[testName=null, id=32]]], assessmentType=AUTOMATIC, hasComplaint=null, exampleResult=null, testCaseCount=13, passedTestCaseCount=1, codeIssueCount=0]]], publicSshKey=ssh-rsa AAAAB3NzaC1yc2EAAAADAQABAAACAQCOPdMsxRE2jFJ/UEa5/LsBxtwzJcrh3/rYBCQvcMeVpiRfhzQPWu7mrt/G2Ew+i+vRloGH9aqKg6dd1liRncao53Zmd/ePxoatXePNhmzTfkCkcSkTUz7B+QMjkoDDV5jwuFPD6mF3JkhuzSi64n9Zy905t4w2IhVcjM2mL3eYNjiCXt6Qpq3Pkt7dM/Ksw1nxnvuiIALuJLB3FTkXkHqq3PJav+9HSq2r6ZaWgekneaGxlQlb+U+Vy3XOuArKAzK8c8i+0bR+AHiTG6ncYXt7ax3U+TdlDTF7OLP3umwaYjs1NBXOHwG42pevvpKn2fqavZZozk+M05jXLx3bq0O7itxfErWc7etky8qYPyyIMF/txQIVLd78+Ze4d7Y60t5MGbXM5cGE6fFif5fEJwgswXD+BrG0cafz1CTatjSKFdvp8Vp4VszXhHDan1PrP6JEFJ5Cc5GDmLRZPCFa3vL9f5qXgf4bkqKN8MYeEujwJE5nMRWoiJVNakix2bcrrneQMBlnYeYZVWXXXUusAQBzl4NgddC1umZpihZkL1b1MffZAUW3EGEXi7KHnllQhkTLLsQ8ntMgbylqaJKStqaXlLvdeRJcEnUuiFCrHEVVbXRFZR7XVDZ02CE5o3MuaRPty8Kh+jRTF3COlAckHwYEJCNNJvXFgb2CNXL4mjzYDw== test@localhost]
    23:42:51.281 | 566 localvc.event-13 | DEBUG | s.l.LocalCIWebsocketMessagingService : Sending message on topic /topic/admin/build-agents: [BuildAgentInformation[buildAgent=BuildAgentDTO[name=artemis-build-agent-test, memberAddress=[127.0.0.1]:5703, displayName=artemis-build-agent-test], maxNumberOfConcurrentBuildJobs=1, numberOfCurrentBuildJobs=0, runningBuildJobs=[], status=IDLE, recentBuildJobs=null, publicSshKey=null]]
    23:42:51.282 | 566 localvc.event-13 | DEBUG | s.l.LocalCIWebsocketMessagingService : Sending message on topic /topic/admin/build-agent/artemis-build-agent-test: BuildAgentInformation[buildAgent=BuildAgentDTO[name=artemis-build-agent-test, memberAddress=[127.0.0.1]:5703, displayName=artemis-build-agent-test], maxNumberOfConcurrentBuildJobs=1, numberOfCurrentBuildJobs=0, runningBuildJobs=[], status=IDLE, recentBuildJobs=[BuildJobQueueItem[id=4621739576562326, name=SHORT43ACF76B02BC1044B80938509D14043FABDETSTEXC-LOCALCIINTSTUDENT1, buildAgent=BuildAgentDTO[name=artemis-build-agent-test, memberAddress=[127.0.0.1]:5703, displayName=artemis-build-agent-test], participationId=462, courseId=147, exerciseId=298, retryCount=0, priority=2, status=SUCCESSFUL, repositoryInfo=RepositoryInfo[repositoryName=short43acf76b02bc1044b80938509d14043fabdetstexc-localciintstudent1, repositoryType=user, triggeredByPushTo=user, assignmentRepositoryUri=http://localhost:49152/git/SHORT43ACF76B02BC1044B80938509D14043FABDETSTEXC/short43acf76b02bc1044b80938509d14043fabdetstexc-localciintstudent1.git, testRepositoryUri=http://localhost:49152/git/SHORT43ACF76B02BC1044B80938509D14043FABDETSTEXC/short43acf76b02bc1044b80938509d14043fabdetstexc-tests.git, solutionRepositoryUri=null, auxiliaryRepositoryUris=[Ljava.lang.String;@31e639bd, auxiliaryRepositoryCheckoutDirectories=[Ljava.lang.String;@436488d0], jobTimingInfo=JobTimingInfo[submissionDate=2025-02-14T23:42:42.326978596Z[Etc/UTC], buildStartDate=2025-02-14T23:42:42.420147010Z[Etc/UTC], buildCompletionDate=2025-02-14T23:42:45.573855829Z[Etc/UTC], estimatedCompletionDate=2025-02-14T23:43:01.420129377Z[Etc/UTC], estimatedDuration=19], buildConfig=BuildConfig[buildScript=#!/bin/bash
cd /var/tmp/testing-dir
chmod +x ./gradlew
./gradlew clean test
, dockerImage=dummy-docker-image:latest, commitHashToBuild=a9c717ccf7bcbe9531d3eee21dbaeb5aab2ff971, assignmentCommitHash=a9c717ccf7bcbe9531d3eee21dbaeb5aab2ff971, testCommitHash=a9c717ccf7bcbe9531d3eee21dbaeb5aab2ff971, branch=main, programmingLanguage=JAVA, projectType=PLAIN_GRADLE, scaEnabled=false, sequentialTestRunsEnabled=false, resultPaths=[/var/tmp/testing-dir/**/test-results/test/*.xml], timeoutSeconds=0, assignmentCheckoutPath=null, testCheckoutPath=null, solutionCheckoutPath=null, dockerRunConfig=DockerRunConfig[isNetworkDisabled=true, env=[key=value]]], submissionResult=ResultDTO[id=132, completionDate=2025-02-14T23:42:45.519869118Z[Etc/UTC], successful=false, score=7.7, rated=true, submission=SubmissionDTO[id=119, submitted=true, type=MANUAL, exampleSubmission=null, submissionDate=2025-02-14T23:42:42.302762Z, commitHash=a9c717ccf7bcbe9531d3eee21dbaeb5aab2ff971, buildFailed=false, buildArtifact=false, participation=ParticipationDTO[id=462, testRun=false, type=programming, submissionCount=null, exercise=ParticipationExerciseDTO[id=298, exerciseType=PROGRAMMING, type=programming, assessmentType=AUTOMATIC, dueDate=2025-02-16T23:42:41.553955Z, assessmentDueDate=null, maxPoints=42.0, course=CourseDTO[id=147, accuracyOfScores=1]]], submissionExerciseType=programming, isProcessing=false, buildStartDate=null, estimatedCompletionDate=null], participation=ParticipationDTO[id=462, testRun=false, type=programming, submissionCount=null, exercise=ParticipationExerciseDTO[id=298, exerciseType=PROGRAMMING, type=programming, assessmentType=AUTOMATIC, dueDate=2025-02-16T23:42:41.553955Z, assessmentDueDate=null, maxPoints=42.0, course=CourseDTO[id=147, accuracyOfScores=1]]], feedbacks=[FeedbackDTO[id=67, text=null, detailText=The exercise expects a class with the name Context in the package testpackage. You did not implement the class in the exercise., hasLongFeedbackText=false, reference=null, credits=0.0, positive=false, type=AUTOMATIC, visibility=ALWAYS, testCase=TestCaseDTO[testName=null, id=13]], FeedbackDTO[id=68, text=null, detailText=The exercise expects a class with the name Policy in the package testpackage. You did not implement the class in the exercise., hasLongFeedbackText=false, reference=null, credits=0.0, positive=false, type=AUTOMATIC, visibility=ALWAYS, testCase=TestCaseDTO[testName=null, id=14]], FeedbackDTO[id=69, text=null, detailText=The exercise expects a class with the name SortStrategy in the package testpackage. You did not implement the class in the exercise., hasLongFeedbackText=false, reference=null, credits=0.0, positive=false, type=AUTOMATIC, visibility=ALWAYS, testCase=TestCaseDTO[testName=null, id=15]], FeedbackDTO[id=70, text=null, detailText=The class 'MergeSort' does not implement the interface 'SortStrategy' as expected. Implement the interface and its methods., hasLongFeedbackText=false, reference=null, credits=0.0, positive=false, type=AUTOMATIC, visibility=ALWAYS, testCase=TestCaseDTO[testName=null, id=10]], FeedbackDTO[id=71, text=null, detailText=The exercise expects a class with the name SortStrategy in the package testpackage. You did not implement the class in the exercise., hasLongFeedbackText=false, reference=null, credits=0.0, positive=false, type=AUTOMATIC, visibility=ALWAYS, testCase=TestCaseDTO[testName=null, id=7]], FeedbackDTO[id=72, text=null, detailText=The class 'BubbleSort' does not implement the interface 'SortStrategy' as expected. Implement the interface and its methods., hasLongFeedbackText=false, reference=null, credits=0.0, positive=false, type=AUTOMATIC, visibility=ALWAYS, testCase=TestCaseDTO[testName=null, id=11]], FeedbackDTO[id=73, text=null, detailText=MergeSort does not sort correctly, hasLongFeedbackText=false, reference=null, credits=0.0, positive=false, type=AUTOMATIC, visibility=ALWAYS, testCase=TestCaseDTO[testName=null, id=16]], FeedbackDTO[id=74, text=null, detailText=The class 'Context' was not found within the submission. Make sure to implement it properly., hasLongFeedbackText=false, reference=null, credits=0.0, positive=false, type=AUTOMATIC, visibility=ALWAYS, testCase=TestCaseDTO[testName=null, id=17]], FeedbackDTO[id=75, text=null, detailText=The class 'Context' was not found within the submission. Make sure to implement it properly., hasLongFeedbackText=false, reference=null, credits=0.0, positive=false, type=AUTOMATIC, visibility=ALWAYS, testCase=TestCaseDTO[testName=null, id=18]], FeedbackDTO[id=76, text=null, detailText=The exercise expects a class with the name Policy in the package testpackage. You did not implement the class in the exercise., hasLongFeedbackText=false, reference=null, credits=0.0, positive=false, type=AUTOMATIC, visibility=ALWAYS, testCase=TestCaseDTO[testName=null, id=12]], FeedbackDTO[id=77, text=null, detailText=The exercise expects a class with the name Context in the package testpackage. You did not implement the class in the exercise., hasLongFeedbackText=false, reference=null, credits=0.0, positive=false, type=AUTOMATIC, visibility=ALWAYS, testCase=TestCaseDTO[testName=null, id=8]], FeedbackDTO[id=78, text=null, detailText=The exercise expects a class with the name Policy in the package testpackage. You did not implement the class in the exercise., hasLongFeedbackText=false, reference=null, credits=0.0, positive=false, type=AUTOMATIC, visibility=ALWAYS, testCase=TestCaseDTO[testName=null, id=9]], FeedbackDTO[id=79, text=null, detailText=null, hasLongFeedbackText=false, reference=null, credits=3.230769230769231, positive=true, type=AUTOMATIC, visibility=ALWAYS, testCase=TestCaseDTO[testName=null, id=19]]], assessmentType=AUTOMATIC, hasComplaint=null, exampleResult=null, testCaseCount=13, passedTestCaseCount=1, codeIssueCount=0]], BuildJobQueueItem[id=4651739576569330, name=SHORTB06DD3F905F4604F6E085260D83ED657A6DFTSTEXC-LOCALCIINTSTUDENT1, buildAgent=BuildAgentDTO[name=artemis-build-agent-test, memberAddress=[127.0.0.1]:5703, displayName=artemis-build-agent-test], participationId=465, courseId=148, exerciseId=299, retryCount=0, priority=2, status=SUCCESSFUL, repositoryInfo=RepositoryInfo[repositoryName=shortb06dd3f905f4604f6e085260d83ed657a6dftstexc-localciintstudent1, repositoryType=user, triggeredByPushTo=user, assignmentRepositoryUri=http://localhost:49152/git/SHORTB06DD3F905F4604F6E085260D83ED657A6DFTSTEXC/shortb06dd3f905f4604f6e085260d83ed657a6dftstexc-localciintstudent1.git, testRepositoryUri=http://localhost:49152/git/SHORTB06DD3F905F4604F6E085260D83ED657A6DFTSTEXC/shortb06dd3f905f4604f6e085260d83ed657a6dftstexc-tests.git, solutionRepositoryUri=null, auxiliaryRepositoryUris=[Ljava.lang.String;@4a83757b, auxiliaryRepositoryCheckoutDirectories=[Ljava.lang.String;@19ed45c2], jobTimingInfo=JobTimingInfo[submissionDate=2025-02-14T23:42:49.330093960Z[Etc/UTC], buildStartDate=2025-02-14T23:42:49.347797345Z[Etc/UTC], buildCompletionDate=2025-02-14T23:42:51.204319751Z[Etc/UTC], estimatedCompletionDate=2025-02-14T23:43:08.347788449Z[Etc/UTC], estimatedDuration=19], buildConfig=BuildConfig[buildScript=#!/bin/bash
cd /var/tmp/testing-dir
chmod +x ./gradlew
./gradlew clean test
, dockerImage=dummy-docker-image:latest, commitHashToBuild=41581fff25954d36cf07586926ee0c77d1003131, assignmentCommitHash=41581fff25954d36cf07586926ee0c77d1003131, testCommitHash=41581fff25954d36cf07586926ee0c77d1003131, branch=main, programmingLanguage=JAVA, projectType=PLAIN_GRADLE, scaEnabled=false, sequentialTestRunsEnabled=false, resultPaths=[/var/tmp/testing-dir/**/test-results/test/*.xml], timeoutSeconds=0, assignmentCheckoutPath=null, testCheckoutPath=null, solutionCheckoutPath=null, dockerRunConfig=null], submissionResult=ResultDTO[id=133, completionDate=2025-02-14T23:42:51.155372920Z[Etc/UTC], successful=false, score=7.7, rated=true, submission=SubmissionDTO[id=120, submitted=true, type=MANUAL, exampleSubmission=null, submissionDate=2025-02-14T23:42:49.321855Z, commitHash=41581fff25954d36cf07586926ee0c77d1003131, buildFailed=false, buildArtifact=false, participation=ParticipationDTO[id=465, testRun=false, type=programming, submissionCount=null, exercise=ParticipationExerciseDTO[id=299, exerciseType=PROGRAMMING, type=programming, assessmentType=AUTOMATIC, dueDate=2025-02-16T23:42:49.163661Z, assessmentDueDate=null, maxPoints=42.0, course=CourseDTO[id=148, accuracyOfScores=1]]], submissionExerciseType=programming, isProcessing=false, buildStartDate=null, estimatedCompletionDate=null], participation=ParticipationDTO[id=465, testRun=false, type=programming, submissionCount=null, exercise=ParticipationExerciseDTO[id=299, exerciseType=PROGRAMMING, type=programming, assessmentType=AUTOMATIC, dueDate=2025-02-16T23:42:49.163661Z, assessmentDueDate=null, maxPoints=42.0, course=CourseDTO[id=148, accuracyOfScores=1]]], feedbacks=[FeedbackDTO[id=80, text=null, detailText=The exercise expects a class with the name Context in the package testpackage. You did not implement the class in the exercise., hasLongFeedbackText=false, reference=null, credits=0.0, positive=false, type=AUTOMATIC, visibility=ALWAYS, testCase=TestCaseDTO[testName=null, id=26]], FeedbackDTO[id=81, text=null, detailText=The exercise expects a class with the name Policy in the package testpackage. You did not implement the class in the exercise., hasLongFeedbackText=false, reference=null, credits=0.0, positive=false, type=AUTOMATIC, visibility=ALWAYS, testCase=TestCaseDTO[testName=null, id=27]], FeedbackDTO[id=82, text=null, detailText=The exercise expects a class with the name SortStrategy in the package testpackage. You did not implement the class in the exercise., hasLongFeedbackText=false, reference=null, credits=0.0, positive=false, type=AUTOMATIC, visibility=ALWAYS, testCase=TestCaseDTO[testName=null, id=28]], FeedbackDTO[id=83, text=null, detailText=The class 'MergeSort' does not implement the interface 'SortStrategy' as expected. Implement the interface and its methods., hasLongFeedbackText=false, reference=null, credits=0.0, positive=false, type=AUTOMATIC, visibility=ALWAYS, testCase=TestCaseDTO[testName=null, id=23]], FeedbackDTO[id=84, text=null, detailText=The exercise expects a class with the name SortStrategy in the package testpackage. You did not implement the class in the exercise., hasLongFeedbackText=false, reference=null, credits=0.0, positive=false, type=AUTOMATIC, visibility=ALWAYS, testCase=TestCaseDTO[testName=null, id=20]], FeedbackDTO[id=85, text=null, detailText=The class 'BubbleSort' does not implement the interface 'SortStrategy' as expected. Implement the interface and its methods., hasLongFeedbackText=false, reference=null, credits=0.0, positive=false, type=AUTOMATIC, visibility=ALWAYS, testCase=TestCaseDTO[testName=null, id=24]], FeedbackDTO[id=86, text=null, detailText=MergeSort does not sort correctly, hasLongFeedbackText=false, reference=null, credits=0.0, positive=false, type=AUTOMATIC, visibility=ALWAYS, testCase=TestCaseDTO[testName=null, id=29]], FeedbackDTO[id=87, text=null, detailText=The class 'Context' was not found within the submission. Make sure to implement it properly., hasLongFeedbackText=false, reference=null, credits=0.0, positive=false, type=AUTOMATIC, visibility=ALWAYS, testCase=TestCaseDTO[testName=null, id=30]], FeedbackDTO[id=88, text=null, detailText=The class 'Context' was not found within the submission. Make sure to implement it properly., hasLongFeedbackText=false, reference=null, credits=0.0, positive=false, type=AUTOMATIC, visibility=ALWAYS, testCase=TestCaseDTO[testName=null, id=31]], FeedbackDTO[id=89, text=null, detailText=The exercise expects a class with the name Policy in the package testpackage. You did not implement the class in the exercise., hasLongFeedbackText=false, reference=null, credits=0.0, positive=false, type=AUTOMATIC, visibility=ALWAYS, testCase=TestCaseDTO[testName=null, id=25]], FeedbackDTO[id=90, text=null, detailText=The exercise expects a class with the name Context in the package testpackage. You did not implement the class in the exercise., hasLongFeedbackText=false, reference=null, credits=0.0, positive=false, type=AUTOMATIC, visibility=ALWAYS, testCase=TestCaseDTO[testName=null, id=21]], FeedbackDTO[id=91, text=null, detailText=The exercise expects a class with the name Policy in the package testpackage. You did not implement the class in the exercise., hasLongFeedbackText=false, reference=null, credits=0.0, positive=false, type=AUTOMATIC, visibility=ALWAYS, testCase=TestCaseDTO[testName=null, id=22]], FeedbackDTO[id=92, text=null, detailText=null, hasLongFeedbackText=false, reference=null, credits=3.230769230769231, positive=true, type=AUTOMATIC, visibility=ALWAYS, testCase=TestCaseDTO[testName=null, id=32]]], assessmentType=AUTOMATIC, hasComplaint=null, exampleResult=null, testCaseCount=13, passedTestCaseCount=1, codeIssueCount=0]]], publicSshKey=ssh-rsa AAAAB3NzaC1yc2EAAAADAQABAAACAQCOPdMsxRE2jFJ/UEa5/LsBxtwzJcrh3/rYBCQvcMeVpiRfhzQPWu7mrt/G2Ew+i+vRloGH9aqKg6dd1liRncao53Zmd/ePxoatXePNhmzTfkCkcSkTUz7B+QMjkoDDV5jwuFPD6mF3JkhuzSi64n9Zy905t4w2IhVcjM2mL3eYNjiCXt6Qpq3Pkt7dM/Ksw1nxnvuiIALuJLB3FTkXkHqq3PJav+9HSq2r6ZaWgekneaGxlQlb+U+Vy3XOuArKAzK8c8i+0bR+AHiTG6ncYXt7ax3U+TdlDTF7OLP3umwaYjs1NBXOHwG42pevvpKn2fqavZZozk+M05jXLx3bq0O7itxfErWc7etky8qYPyyIMF/txQIVLd78+Ze4d7Y60t5MGbXM5cGE6fFif5fEJwgswXD+BrG0cafz1CTatjSKFdvp8Vp4VszXhHDan1PrP6JEFJ5Cc5GDmLRZPCFa3vL9f5qXgf4bkqKN8MYeEujwJE5nMRWoiJVNakix2bcrrneQMBlnYeYZVWXXXUusAQBzl4NgddC1umZpihZkL1b1MffZAUW3EGEXi7KHnllQhkTLLsQ8ntMgbylqaJKStqaXlLvdeRJcEnUuiFCrHEVVbXRFZR7XVDZ02CE5o3MuaRPty8Kh+jRTF3COlAckHwYEJCNNJvXFgb2CNXL4mjzYDw== test@localhost]
    23:42:51.282 | 588 artemis-task-1   | DEBUG | d.t.c.a.a.c.c.w.GzipMessageConverter : Compressed message payload from 255 to 232 (saved 9.0% payload size)
    23:42:51.282 | 566 localvc.event-13 | DEBUG | a.p.s.l.SharedQueueManagementService : Build agent updated: null
    23:42:51.287 | 588 artemis-task-1   | DEBUG | d.t.c.a.a.c.c.w.GzipMessageConverter : Compressed message payload from 17986 to 3716 (saved 79.3% payload size)
    23:42:51.343 | 615 taskScheduler-4  | DEBUG | .a.s.ParticipantScoreScheduleService : Processing exercise 299 and participant 37 to update participant scores.
    23:42:51.348 | 615 taskScheduler-4  | DEBUG | .a.s.ParticipantScoreScheduleService : Updated participant score 66.
    23:42:51.349 | 615 taskScheduler-4  | DEBUG | .a.s.ParticipantScoreScheduleService : Updating the participant score for exercise 299 and participant 37 took 6 ms.
    23:42:52.500 | 017 waitility-thread | DEBUG | .a.s.ParticipantScoreScheduleService : Scheduled task for exercise 299 and participant 37 at 2025-02-14T23:42:52.600685879Z[Etc/UTC].
    23:42:52.500 | 017 waitility-thread | DEBUG | .a.s.ParticipantScoreScheduleService : Processing of 1 results and 0 participant scores.
    23:42:52.548 | 600 taskScheduler-1  | DEBUG | a.a.b.s.SharedQueueProcessingService : Currently processing jobs on this node: 0, active threads in Pool: 0, maximum pool size of thread executor : 1
    23:42:52.600 | 614 taskScheduler-3  | DEBUG | .a.s.ParticipantScoreScheduleService : Processing exercise 299 and participant 37 to update participant scores.
    23:42:52.602 | 614 taskScheduler-3  | DEBUG | .a.s.ParticipantScoreScheduleService : Participant score 66 is already up-to-date, skipping.
    23:42:52.806 |  27 nPool-1-worker-1 | INFO  | .c.a.a.p.i.LocalVCLocalCITestService : Expected commit hash: 41581fff25954d36cf07586926ee0c77d1003131
    23:42:52.806 |  27 nPool-1-worker-1 | INFO  | .c.a.a.p.i.LocalVCLocalCITestService : Submission with commit hash: 41581fff25954d36cf07586926ee0c77d1003131

  Starting logs for LocalCIIntegrationTest > testPauseAndResumeBuildAgent()
    23:42:52.850 |  27 nPool-1-worker-1 | DEBUG | d.t.c.a.a.c.u.util.UserUtilService   : Generate 2 students...
    23:42:52.855 |  27 nPool-1-worker-1 | DEBUG | d.t.c.a.a.c.u.util.UserUtilService   : 2 students generated. Generate 1 tutors...
    23:42:52.857 |  27 nPool-1-worker-1 | DEBUG | d.t.c.a.a.c.u.util.UserUtilService   : 1 tutors generated. Generate 0 editors...
    23:42:52.859 |  27 nPool-1-worker-1 | DEBUG | d.t.c.a.a.c.u.util.UserUtilService   : 0 editors generated. Generate 2 instructors...
    23:42:52.863 |  27 nPool-1-worker-1 | DEBUG | d.t.c.a.a.c.u.util.UserUtilService   : 2 instructors generated
    23:42:52.864 |  27 nPool-1-worker-1 | DEBUG | d.t.c.a.a.c.u.util.UserUtilService   : Removing 4 users from all courses...
    23:42:52.865 |  27 nPool-1-worker-1 | DEBUG | d.t.c.a.a.c.u.util.UserUtilService   : Removing 4 users from all courses. Done
    23:42:52.865 |  27 nPool-1-worker-1 | DEBUG | d.t.c.a.a.c.u.util.UserUtilService   : Save 5 users to database...
    23:42:52.870 |  27 nPool-1-worker-1 | DEBUG | d.t.c.a.a.c.u.util.UserUtilService   : Save 5 users to database. Done
    23:42:53.030 |  27 nPool-1-worker-1 | INFO  | i.z.t.d.l.EmbeddedDatabaseReporter   : JDBC URL to connect to 'dataSource': url='jdbc:h2:tcp://localhost:41063/mem:f240edcd-27ce-47a3-b4ab-a6a00c154135;USER=sa', scope='LocalCIIntegrationTest#testPauseAndResumeBuildAgent'
    23:42:53.031 | 564 localvc.event-11 | INFO  | a.a.b.s.SharedQueueProcessingService : Pausing build agent with address [127.0.0.1]:5703
    23:42:53.039 |  27 nPool-1-worker-1 | DEBUG | PersonalAccessTokenManagementService : Generate secure vcs access token
    23:42:53.041 |  27 nPool-1-worker-1 | DEBUG | .c.a.a.p.i.LocalVCLocalCITestService : Created participation with id: 468
    23:42:53.043 | 566 localvc.event-13 | DEBUG | a.p.s.l.LocalCIQueueWebsocketService : Build agent updated: BuildAgentInformation[buildAgent=BuildAgentDTO[name=artemis-build-agent-test, memberAddress=[127.0.0.1]:5703, displayName=artemis-build-agent-test], maxNumberOfConcurrentBuildJobs=1, numberOfCurrentBuildJobs=0, runningBuildJobs=[], status=PAUSED, recentBuildJobs=[BuildJobQueueItem[id=4621739576562326, name=SHORT43ACF76B02BC1044B80938509D14043FABDETSTEXC-LOCALCIINTSTUDENT1, buildAgent=BuildAgentDTO[name=artemis-build-agent-test, memberAddress=[127.0.0.1]:5703, displayName=artemis-build-agent-test], participationId=462, courseId=147, exerciseId=298, retryCount=0, priority=2, status=SUCCESSFUL, repositoryInfo=RepositoryInfo[repositoryName=short43acf76b02bc1044b80938509d14043fabdetstexc-localciintstudent1, repositoryType=user, triggeredByPushTo=user, assignmentRepositoryUri=http://localhost:49152/git/SHORT43ACF76B02BC1044B80938509D14043FABDETSTEXC/short43acf76b02bc1044b80938509d14043fabdetstexc-localciintstudent1.git, testRepositoryUri=http://localhost:49152/git/SHORT43ACF76B02BC1044B80938509D14043FABDETSTEXC/short43acf76b02bc1044b80938509d14043fabdetstexc-tests.git, solutionRepositoryUri=null, auxiliaryRepositoryUris=[Ljava.lang.String;@7e038563, auxiliaryRepositoryCheckoutDirectories=[Ljava.lang.String;@2ffa0f75], jobTimingInfo=JobTimingInfo[submissionDate=2025-02-14T23:42:42.326978596Z[Etc/UTC], buildStartDate=2025-02-14T23:42:42.420147010Z[Etc/UTC], buildCompletionDate=2025-02-14T23:42:45.573855829Z[Etc/UTC], estimatedCompletionDate=2025-02-14T23:43:01.420129377Z[Etc/UTC], estimatedDuration=19], buildConfig=BuildConfig[buildScript=#!/bin/bash
cd /var/tmp/testing-dir
chmod +x ./gradlew
./gradlew clean test
, dockerImage=dummy-docker-image:latest, commitHashToBuild=a9c717ccf7bcbe9531d3eee21dbaeb5aab2ff971, assignmentCommitHash=a9c717ccf7bcbe9531d3eee21dbaeb5aab2ff971, testCommitHash=a9c717ccf7bcbe9531d3eee21dbaeb5aab2ff971, branch=main, programmingLanguage=JAVA, projectType=PLAIN_GRADLE, scaEnabled=false, sequentialTestRunsEnabled=false, resultPaths=[/var/tmp/testing-dir/**/test-results/test/*.xml], timeoutSeconds=0, assignmentCheckoutPath=null, testCheckoutPath=null, solutionCheckoutPath=null, dockerRunConfig=DockerRunConfig[isNetworkDisabled=true, env=[key=value]]], submissionResult=ResultDTO[id=132, completionDate=2025-02-14T23:42:45.519869118Z[Etc/UTC], successful=false, score=7.7, rated=true, submission=SubmissionDTO[id=119, submitted=true, type=MANUAL, exampleSubmission=null, submissionDate=2025-02-14T23:42:42.302762Z, commitHash=a9c717ccf7bcbe9531d3eee21dbaeb5aab2ff971, buildFailed=false, buildArtifact=false, participation=ParticipationDTO[id=462, testRun=false, type=programming, submissionCount=null, exercise=ParticipationExerciseDTO[id=298, exerciseType=PROGRAMMING, type=programming, assessmentType=AUTOMATIC, dueDate=2025-02-16T23:42:41.553955Z, assessmentDueDate=null, maxPoints=42.0, course=CourseDTO[id=147, accuracyOfScores=1]]], submissionExerciseType=programming, isProcessing=false, buildStartDate=null, estimatedCompletionDate=null], participation=ParticipationDTO[id=462, testRun=false, type=programming, submissionCount=null, exercise=ParticipationExerciseDTO[id=298, exerciseType=PROGRAMMING, type=programming, assessmentType=AUTOMATIC, dueDate=2025-02-16T23:42:41.553955Z, assessmentDueDate=null, maxPoints=42.0, course=CourseDTO[id=147, accuracyOfScores=1]]], feedbacks=[FeedbackDTO[id=67, text=null, detailText=The exercise expects a class with the name Context in the package testpackage. You did not implement the class in the exercise., hasLongFeedbackText=false, reference=null, credits=0.0, positive=false, type=AUTOMATIC, visibility=ALWAYS, testCase=TestCaseDTO[testName=null, id=13]], FeedbackDTO[id=68, text=null, detailText=The exercise expects a class with the name Policy in the package testpackage. You did not implement the class in the exercise., hasLongFeedbackText=false, reference=null, credits=0.0, positive=false, type=AUTOMATIC, visibility=ALWAYS, testCase=TestCaseDTO[testName=null, id=14]], FeedbackDTO[id=69, text=null, detailText=The exercise expects a class with the name SortStrategy in the package testpackage. You did not implement the class in the exercise., hasLongFeedbackText=false, reference=null, credits=0.0, positive=false, type=AUTOMATIC, visibility=ALWAYS, testCase=TestCaseDTO[testName=null, id=15]], FeedbackDTO[id=70, text=null, detailText=The class 'MergeSort' does not implement the interface 'SortStrategy' as expected. Implement the interface and its methods., hasLongFeedbackText=false, reference=null, credits=0.0, positive=false, type=AUTOMATIC, visibility=ALWAYS, testCase=TestCaseDTO[testName=null, id=10]], FeedbackDTO[id=71, text=null, detailText=The exercise expects a class with the name SortStrategy in the package testpackage. You did not implement the class in the exercise., hasLongFeedbackText=false, reference=null, credits=0.0, positive=false, type=AUTOMATIC, visibility=ALWAYS, testCase=TestCaseDTO[testName=null, id=7]], FeedbackDTO[id=72, text=null, detailText=The class 'BubbleSort' does not implement the interface 'SortStrategy' as expected. Implement the interface and its methods., hasLongFeedbackText=false, reference=null, credits=0.0, positive=false, type=AUTOMATIC, visibility=ALWAYS, testCase=TestCaseDTO[testName=null, id=11]], FeedbackDTO[id=73, text=null, detailText=MergeSort does not sort correctly, hasLongFeedbackText=false, reference=null, credits=0.0, positive=false, type=AUTOMATIC, visibility=ALWAYS, testCase=TestCaseDTO[testName=null, id=16]], FeedbackDTO[id=74, text=null, detailText=The class 'Context' was not found within the submission. Make sure to implement it properly., hasLongFeedbackText=false, reference=null, credits=0.0, positive=false, type=AUTOMATIC, visibility=ALWAYS, testCase=TestCaseDTO[testName=null, id=17]], FeedbackDTO[id=75, text=null, detailText=The class 'Context' was not found within the submission. Make sure to implement it properly., hasLongFeedbackText=false, reference=null, credits=0.0, positive=false, type=AUTOMATIC, visibility=ALWAYS, testCase=TestCaseDTO[testName=null, id=18]], FeedbackDTO[id=76, text=null, detailText=The exercise expects a class with the name Policy in the package testpackage. You did not implement the class in the exercise., hasLongFeedbackText=false, reference=null, credits=0.0, positive=false, type=AUTOMATIC, visibility=ALWAYS, testCase=TestCaseDTO[testName=null, id=12]], FeedbackDTO[id=77, text=null, detailText=The exercise expects a class with the name Context in the package testpackage. You did not implement the class in the exercise., hasLongFeedbackText=false, reference=null, credits=0.0, positive=false, type=AUTOMATIC, visibility=ALWAYS, testCase=TestCaseDTO[testName=null, id=8]], FeedbackDTO[id=78, text=null, detailText=The exercise expects a class with the name Policy in the package testpackage. You did not implement the class in the exercise., hasLongFeedbackText=false, reference=null, credits=0.0, positive=false, type=AUTOMATIC, visibility=ALWAYS, testCase=TestCaseDTO[testName=null, id=9]], FeedbackDTO[id=79, text=null, detailText=null, hasLongFeedbackText=false, reference=null, credits=3.230769230769231, positive=true, type=AUTOMATIC, visibility=ALWAYS, testCase=TestCaseDTO[testName=null, id=19]]], assessmentType=AUTOMATIC, hasComplaint=null, exampleResult=null, testCaseCount=13, passedTestCaseCount=1, codeIssueCount=0]], BuildJobQueueItem[id=4651739576569330, name=SHORTB06DD3F905F4604F6E085260D83ED657A6DFTSTEXC-LOCALCIINTSTUDENT1, buildAgent=BuildAgentDTO[name=artemis-build-agent-test, memberAddress=[127.0.0.1]:5703, displayName=artemis-build-agent-test], participationId=465, courseId=148, exerciseId=299, retryCount=0, priority=2, status=SUCCESSFUL, repositoryInfo=RepositoryInfo[repositoryName=shortb06dd3f905f4604f6e085260d83ed657a6dftstexc-localciintstudent1, repositoryType=user, triggeredByPushTo=user, assignmentRepositoryUri=http://localhost:49152/git/SHORTB06DD3F905F4604F6E085260D83ED657A6DFTSTEXC/shortb06dd3f905f4604f6e085260d83ed657a6dftstexc-localciintstudent1.git, testRepositoryUri=http://localhost:49152/git/SHORTB06DD3F905F4604F6E085260D83ED657A6DFTSTEXC/shortb06dd3f905f4604f6e085260d83ed657a6dftstexc-tests.git, solutionRepositoryUri=null, auxiliaryRepositoryUris=[Ljava.lang.String;@5cca8c1d, auxiliaryRepositoryCheckoutDirectories=[Ljava.lang.String;@70c49123], jobTimingInfo=JobTimingInfo[submissionDate=2025-02-14T23:42:49.330093960Z[Etc/UTC], buildStartDate=2025-02-14T23:42:49.347797345Z[Etc/UTC], buildCompletionDate=2025-02-14T23:42:51.204319751Z[Etc/UTC], estimatedCompletionDate=2025-02-14T23:43:08.347788449Z[Etc/UTC], estimatedDuration=19], buildConfig=BuildConfig[buildScript=#!/bin/bash
cd /var/tmp/testing-dir
chmod +x ./gradlew
./gradlew clean test
, dockerImage=dummy-docker-image:latest, commitHashToBuild=41581fff25954d36cf07586926ee0c77d1003131, assignmentCommitHash=41581fff25954d36cf07586926ee0c77d1003131, testCommitHash=41581fff25954d36cf07586926ee0c77d1003131, branch=main, programmingLanguage=JAVA, projectType=PLAIN_GRADLE, scaEnabled=false, sequentialTestRunsEnabled=false, resultPaths=[/var/tmp/testing-dir/**/test-results/test/*.xml], timeoutSeconds=0, assignmentCheckoutPath=null, testCheckoutPath=null, solutionCheckoutPath=null, dockerRunConfig=null], submissionResult=ResultDTO[id=133, completionDate=2025-02-14T23:42:51.155372920Z[Etc/UTC], successful=false, score=7.7, rated=true, submission=SubmissionDTO[id=120, submitted=true, type=MANUAL, exampleSubmission=null, submissionDate=2025-02-14T23:42:49.321855Z, commitHash=41581fff25954d36cf07586926ee0c77d1003131, buildFailed=false, buildArtifact=false, participation=ParticipationDTO[id=465, testRun=false, type=programming, submissionCount=null, exercise=ParticipationExerciseDTO[id=299, exerciseType=PROGRAMMING, type=programming, assessmentType=AUTOMATIC, dueDate=2025-02-16T23:42:49.163661Z, assessmentDueDate=null, maxPoints=42.0, course=CourseDTO[id=148, accuracyOfScores=1]]], submissionExerciseType=programming, isProcessing=false, buildStartDate=null, estimatedCompletionDate=null], participation=ParticipationDTO[id=465, testRun=false, type=programming, submissionCount=null, exercise=ParticipationExerciseDTO[id=299, exerciseType=PROGRAMMING, type=programming, assessmentType=AUTOMATIC, dueDate=2025-02-16T23:42:49.163661Z, assessmentDueDate=null, maxPoints=42.0, course=CourseDTO[id=148, accuracyOfScores=1]]], feedbacks=[FeedbackDTO[id=80, text=null, detailText=The exercise expects a class with the name Context in the package testpackage. You did not implement the class in the exercise., hasLongFeedbackText=false, reference=null, credits=0.0, positive=false, type=AUTOMATIC, visibility=ALWAYS, testCase=TestCaseDTO[testName=null, id=26]], FeedbackDTO[id=81, text=null, detailText=The exercise expects a class with the name Policy in the package testpackage. You did not implement the class in the exercise., hasLongFeedbackText=false, reference=null, credits=0.0, positive=false, type=AUTOMATIC, visibility=ALWAYS, testCase=TestCaseDTO[testName=null, id=27]], FeedbackDTO[id=82, text=null, detailText=The exercise expects a class with the name SortStrategy in the package testpackage. You did not implement the class in the exercise., hasLongFeedbackText=false, reference=null, credits=0.0, positive=false, type=AUTOMATIC, visibility=ALWAYS, testCase=TestCaseDTO[testName=null, id=28]], FeedbackDTO[id=83, text=null, detailText=The class 'MergeSort' does not implement the interface 'SortStrategy' as expected. Implement the interface and its methods., hasLongFeedbackText=false, reference=null, credits=0.0, positive=false, type=AUTOMATIC, visibility=ALWAYS, testCase=TestCaseDTO[testName=null, id=23]], FeedbackDTO[id=84, text=null, detailText=The exercise expects a class with the name SortStrategy in the package testpackage. You did not implement the class in the exercise., hasLongFeedbackText=false, reference=null, credits=0.0, positive=false, type=AUTOMATIC, visibility=ALWAYS, testCase=TestCaseDTO[testName=null, id=20]], FeedbackDTO[id=85, text=null, detailText=The class 'BubbleSort' does not implement the interface 'SortStrategy' as expected. Implement the interface and its methods., hasLongFeedbackText=false, reference=null, credits=0.0, positive=false, type=AUTOMATIC, visibility=ALWAYS, testCase=TestCaseDTO[testName=null, id=24]], FeedbackDTO[id=86, text=null, detailText=MergeSort does not sort correctly, hasLongFeedbackText=false, reference=null, credits=0.0, positive=false, type=AUTOMATIC, visibility=ALWAYS, testCase=TestCaseDTO[testName=null, id=29]], FeedbackDTO[id=87, text=null, detailText=The class 'Context' was not found within the submission. Make sure to implement it properly., hasLongFeedbackText=false, reference=null, credits=0.0, positive=false, type=AUTOMATIC, visibility=ALWAYS, testCase=TestCaseDTO[testName=null, id=30]], FeedbackDTO[id=88, text=null, detailText=The class 'Context' was not found within the submission. Make sure to implement it properly., hasLongFeedbackText=false, reference=null, credits=0.0, positive=false, type=AUTOMATIC, visibility=ALWAYS, testCase=TestCaseDTO[testName=null, id=31]], FeedbackDTO[id=89, text=null, detailText=The exercise expects a class with the name Policy in the package testpackage. You did not implement the class in the exercise., hasLongFeedbackText=false, reference=null, credits=0.0, positive=false, type=AUTOMATIC, visibility=ALWAYS, testCase=TestCaseDTO[testName=null, id=25]], FeedbackDTO[id=90, text=null, detailText=The exercise expects a class with the name Context in the package testpackage. You did not implement the class in the exercise., hasLongFeedbackText=false, reference=null, credits=0.0, positive=false, type=AUTOMATIC, visibility=ALWAYS, testCase=TestCaseDTO[testName=null, id=21]], FeedbackDTO[id=91, text=null, detailText=The exercise expects a class with the name Policy in the package testpackage. You did not implement the class in the exercise., hasLongFeedbackText=false, reference=null, credits=0.0, positive=false, type=AUTOMATIC, visibility=ALWAYS, testCase=TestCaseDTO[testName=null, id=22]], FeedbackDTO[id=92, text=null, detailText=null, hasLongFeedbackText=false, reference=null, credits=3.230769230769231, positive=true, type=AUTOMATIC, visibility=ALWAYS, testCase=TestCaseDTO[testName=null, id=32]]], assessmentType=AUTOMATIC, hasComplaint=null, exampleResult=null, testCaseCount=13, passedTestCaseCount=1, codeIssueCount=0]]], publicSshKey=ssh-rsa AAAAB3NzaC1yc2EAAAADAQABAAACAQCOPdMsxRE2jFJ/UEa5/LsBxtwzJcrh3/rYBCQvcMeVpiRfhzQPWu7mrt/G2Ew+i+vRloGH9aqKg6dd1liRncao53Zmd/ePxoatXePNhmzTfkCkcSkTUz7B+QMjkoDDV5jwuFPD6mF3JkhuzSi64n9Zy905t4w2IhVcjM2mL3eYNjiCXt6Qpq3Pkt7dM/Ksw1nxnvuiIALuJLB3FTkXkHqq3PJav+9HSq2r6ZaWgekneaGxlQlb+U+Vy3XOuArKAzK8c8i+0bR+AHiTG6ncYXt7ax3U+TdlDTF7OLP3umwaYjs1NBXOHwG42pevvpKn2fqavZZozk+M05jXLx3bq0O7itxfErWc7etky8qYPyyIMF/txQIVLd78+Ze4d7Y60t5MGbXM5cGE6fFif5fEJwgswXD+BrG0cafz1CTatjSKFdvp8Vp4VszXhHDan1PrP6JEFJ5Cc5GDmLRZPCFa3vL9f5qXgf4bkqKN8MYeEujwJE5nMRWoiJVNakix2bcrrneQMBlnYeYZVWXXXUusAQBzl4NgddC1umZpihZkL1b1MffZAUW3EGEXi7KHnllQhkTLLsQ8ntMgbylqaJKStqaXlLvdeRJcEnUuiFCrHEVVbXRFZR7XVDZ02CE5o3MuaRPty8Kh+jRTF3COlAckHwYEJCNNJvXFgb2CNXL4mjzYDw== test@localhost]
    23:42:53.044 | 564 localvc.event-11 | INFO  | a.a.b.s.SharedQueueProcessingService : Gracefully cancelling running build jobs
    23:42:53.044 | 564 localvc.event-11 | INFO  | a.a.b.s.SharedQueueProcessingService : No running build jobs to cancel
    23:42:53.048 |  27 nPool-1-worker-1 | INFO  | a.a.p.s.ProgrammingSubmissionService : NotifyPush invoked due to the commit 2d5c0482fc77d3f5ec0841962528a43054e83170 by runner with runner@fv-az1721-502.3f4brhnmpvfezfvsf01bsr3jih.cx.internal.cloudapp.net in branch main
    23:42:53.048 |  27 nPool-1-worker-1 | INFO  | .t.c.a.a.p.s.l.LocalCITriggerService : Triggering build for participation 468 and commit hash 2d5c0482fc77d3f5ec0841962528a43054e83170
    23:42:53.048 |  27 nPool-1-worker-1 | DEBUG | d.t.c.a.a.p.s.AbstractGitService     : getLastCommitHash http://localhost:49152/git/SHORTBCF65534040390488B0A46605F5F3776B89ATSTEXC/shortbcf65534040390488b0a46605f5f3776b89atstexc-localciintstudent1.git
    23:42:53.051 |  27 nPool-1-worker-1 | ERROR | d.t.c.a.a.p.s.AbstractGitService     : Cannot use ssh properly because of mismatch of Jgit transport object: org.eclipse.jgit.transport.TransportLocal@6f0d53d8
    23:42:53.052 | 566 localvc.event-13 | DEBUG | s.l.LocalCIWebsocketMessagingService : Sending message on topic /topic/admin/build-agents: [BuildAgentInformation[buildAgent=BuildAgentDTO[name=artemis-build-agent-test, memberAddress=[127.0.0.1]:5703, displayName=artemis-build-agent-test], maxNumberOfConcurrentBuildJobs=1, numberOfCurrentBuildJobs=0, runningBuildJobs=[], status=PAUSED, recentBuildJobs=null, publicSshKey=null]]
    23:42:53.053 | 588 artemis-task-1   | DEBUG | d.t.c.a.a.c.c.w.GzipMessageConverter : Compressed message payload from 257 to 236 (saved 8.2% payload size)
    23:42:53.056 | 566 localvc.event-13 | DEBUG | s.l.LocalCIWebsocketMessagingService : Sending message on topic /topic/admin/build-agent/artemis-build-agent-test: BuildAgentInformation[buildAgent=BuildAgentDTO[name=artemis-build-agent-test, memberAddress=[127.0.0.1]:5703, displayName=artemis-build-agent-test], maxNumberOfConcurrentBuildJobs=1, numberOfCurrentBuildJobs=0, runningBuildJobs=[], status=PAUSED, recentBuildJobs=[BuildJobQueueItem[id=4621739576562326, name=SHORT43ACF76B02BC1044B80938509D14043FABDETSTEXC-LOCALCIINTSTUDENT1, buildAgent=BuildAgentDTO[name=artemis-build-agent-test, memberAddress=[127.0.0.1]:5703, displayName=artemis-build-agent-test], participationId=462, courseId=147, exerciseId=298, retryCount=0, priority=2, status=SUCCESSFUL, repositoryInfo=RepositoryInfo[repositoryName=short43acf76b02bc1044b80938509d14043fabdetstexc-localciintstudent1, repositoryType=user, triggeredByPushTo=user, assignmentRepositoryUri=http://localhost:49152/git/SHORT43ACF76B02BC1044B80938509D14043FABDETSTEXC/short43acf76b02bc1044b80938509d14043fabdetstexc-localciintstudent1.git, testRepositoryUri=http://localhost:49152/git/SHORT43ACF76B02BC1044B80938509D14043FABDETSTEXC/short43acf76b02bc1044b80938509d14043fabdetstexc-tests.git, solutionRepositoryUri=null, auxiliaryRepositoryUris=[Ljava.lang.String;@65d2cd91, auxiliaryRepositoryCheckoutDirectories=[Ljava.lang.String;@31cb0581], jobTimingInfo=JobTimingInfo[submissionDate=2025-02-14T23:42:42.326978596Z[Etc/UTC], buildStartDate=2025-02-14T23:42:42.420147010Z[Etc/UTC], buildCompletionDate=2025-02-14T23:42:45.573855829Z[Etc/UTC], estimatedCompletionDate=2025-02-14T23:43:01.420129377Z[Etc/UTC], estimatedDuration=19], buildConfig=BuildConfig[buildScript=#!/bin/bash
cd /var/tmp/testing-dir
chmod +x ./gradlew
./gradlew clean test
, dockerImage=dummy-docker-image:latest, commitHashToBuild=a9c717ccf7bcbe9531d3eee21dbaeb5aab2ff971, assignmentCommitHash=a9c717ccf7bcbe9531d3eee21dbaeb5aab2ff971, testCommitHash=a9c717ccf7bcbe9531d3eee21dbaeb5aab2ff971, branch=main, programmingLanguage=JAVA, projectType=PLAIN_GRADLE, scaEnabled=false, sequentialTestRunsEnabled=false, resultPaths=[/var/tmp/testing-dir/**/test-results/test/*.xml], timeoutSeconds=0, assignmentCheckoutPath=null, testCheckoutPath=null, solutionCheckoutPath=null, dockerRunConfig=DockerRunConfig[isNetworkDisabled=true, env=[key=value]]], submissionResult=ResultDTO[id=132, completionDate=2025-02-14T23:42:45.519869118Z[Etc/UTC], successful=false, score=7.7, rated=true, submission=SubmissionDTO[id=119, submitted=true, type=MANUAL, exampleSubmission=null, submissionDate=2025-02-14T23:42:42.302762Z, commitHash=a9c717ccf7bcbe9531d3eee21dbaeb5aab2ff971, buildFailed=false, buildArtifact=false, participation=ParticipationDTO[id=462, testRun=false, type=programming, submissionCount=null, exercise=ParticipationExerciseDTO[id=298, exerciseType=PROGRAMMING, type=programming, assessmentType=AUTOMATIC, dueDate=2025-02-16T23:42:41.553955Z, assessmentDueDate=null, maxPoints=42.0, course=CourseDTO[id=147, accuracyOfScores=1]]], submissionExerciseType=programming, isProcessing=false, buildStartDate=null, estimatedCompletionDate=null], participation=ParticipationDTO[id=462, testRun=false, type=programming, submissionCount=null, exercise=ParticipationExerciseDTO[id=298, exerciseType=PROGRAMMING, type=programming, assessmentType=AUTOMATIC, dueDate=2025-02-16T23:42:41.553955Z, assessmentDueDate=null, maxPoints=42.0, course=CourseDTO[id=147, accuracyOfScores=1]]], feedbacks=[FeedbackDTO[id=67, text=null, detailText=The exercise expects a class with the name Context in the package testpackage. You did not implement the class in the exercise., hasLongFeedbackText=false, reference=null, credits=0.0, positive=false, type=AUTOMATIC, visibility=ALWAYS, testCase=TestCaseDTO[testName=null, id=13]], FeedbackDTO[id=68, text=null, detailText=The exercise expects a class with the name Policy in the package testpackage. You did not implement the class in the exercise., hasLongFeedbackText=false, reference=null, credits=0.0, positive=false, type=AUTOMATIC, visibility=ALWAYS, testCase=TestCaseDTO[testName=null, id=14]], FeedbackDTO[id=69, text=null, detailText=The exercise expects a class with the name SortStrategy in the package testpackage. You did not implement the class in the exercise., hasLongFeedbackText=false, reference=null, credits=0.0, positive=false, type=AUTOMATIC, visibility=ALWAYS, testCase=TestCaseDTO[testName=null, id=15]], FeedbackDTO[id=70, text=null, detailText=The class 'MergeSort' does not implement the interface 'SortStrategy' as expected. Implement the interface and its methods., hasLongFeedbackText=false, reference=null, credits=0.0, positive=false, type=AUTOMATIC, visibility=ALWAYS, testCase=TestCaseDTO[testName=null, id=10]], FeedbackDTO[id=71, text=null, detailText=The exercise expects a class with the name SortStrategy in the package testpackage. You did not implement the class in the exercise., hasLongFeedbackText=false, reference=null, credits=0.0, positive=false, type=AUTOMATIC, visibility=ALWAYS, testCase=TestCaseDTO[testName=null, id=7]], FeedbackDTO[id=72, text=null, detailText=The class 'BubbleSort' does not implement the interface 'SortStrategy' as expected. Implement the interface and its methods., hasLongFeedbackText=false, reference=null, credits=0.0, positive=false, type=AUTOMATIC, visibility=ALWAYS, testCase=TestCaseDTO[testName=null, id=11]], FeedbackDTO[id=73, text=null, detailText=MergeSort does not sort correctly, hasLongFeedbackText=false, reference=null, credits=0.0, positive=false, type=AUTOMATIC, visibility=ALWAYS, testCase=TestCaseDTO[testName=null, id=16]], FeedbackDTO[id=74, text=null, detailText=The class 'Context' was not found within the submission. Make sure to implement it properly., hasLongFeedbackText=false, reference=null, credits=0.0, positive=false, type=AUTOMATIC, visibility=ALWAYS, testCase=TestCaseDTO[testName=null, id=17]], FeedbackDTO[id=75, text=null, detailText=The class 'Context' was not found within the submission. Make sure to implement it properly., hasLongFeedbackText=false, reference=null, credits=0.0, positive=false, type=AUTOMATIC, visibility=ALWAYS, testCase=TestCaseDTO[testName=null, id=18]], FeedbackDTO[id=76, text=null, detailText=The exercise expects a class with the name Policy in the package testpackage. You did not implement the class in the exercise., hasLongFeedbackText=false, reference=null, credits=0.0, positive=false, type=AUTOMATIC, visibility=ALWAYS, testCase=TestCaseDTO[testName=null, id=12]], FeedbackDTO[id=77, text=null, detailText=The exercise expects a class with the name Context in the package testpackage. You did not implement the class in the exercise., hasLongFeedbackText=false, reference=null, credits=0.0, positive=false, type=AUTOMATIC, visibility=ALWAYS, testCase=TestCaseDTO[testName=null, id=8]], FeedbackDTO[id=78, text=null, detailText=The exercise expects a class with the name Policy in the package testpackage. You did not implement the class in the exercise., hasLongFeedbackText=false, reference=null, credits=0.0, positive=false, type=AUTOMATIC, visibility=ALWAYS, testCase=TestCaseDTO[testName=null, id=9]], FeedbackDTO[id=79, text=null, detailText=null, hasLongFeedbackText=false, reference=null, credits=3.230769230769231, positive=true, type=AUTOMATIC, visibility=ALWAYS, testCase=TestCaseDTO[testName=null, id=19]]], assessmentType=AUTOMATIC, hasComplaint=null, exampleResult=null, testCaseCount=13, passedTestCaseCount=1, codeIssueCount=0]], BuildJobQueueItem[id=4651739576569330, name=SHORTB06DD3F905F4604F6E085260D83ED657A6DFTSTEXC-LOCALCIINTSTUDENT1, buildAgent=BuildAgentDTO[name=artemis-build-agent-test, memberAddress=[127.0.0.1]:5703, displayName=artemis-build-agent-test], participationId=465, courseId=148, exerciseId=299, retryCount=0, priority=2, status=SUCCESSFUL, repositoryInfo=RepositoryInfo[repositoryName=shortb06dd3f905f4604f6e085260d83ed657a6dftstexc-localciintstudent1, repositoryType=user, triggeredByPushTo=user, assignmentRepositoryUri=http://localhost:49152/git/SHORTB06DD3F905F4604F6E085260D83ED657A6DFTSTEXC/shortb06dd3f905f4604f6e085260d83ed657a6dftstexc-localciintstudent1.git, testRepositoryUri=http://localhost:49152/git/SHORTB06DD3F905F4604F6E085260D83ED657A6DFTSTEXC/shortb06dd3f905f4604f6e085260d83ed657a6dftstexc-tests.git, solutionRepositoryUri=null, auxiliaryRepositoryUris=[Ljava.lang.String;@5270d97f, auxiliaryRepositoryCheckoutDirectories=[Ljava.lang.String;@3f9fef49], jobTimingInfo=JobTimingInfo[submissionDate=2025-02-14T23:42:49.330093960Z[Etc/UTC], buildStartDate=2025-02-14T23:42:49.347797345Z[Etc/UTC], buildCompletionDate=2025-02-14T23:42:51.204319751Z[Etc/UTC], estimatedCompletionDate=2025-02-14T23:43:08.347788449Z[Etc/UTC], estimatedDuration=19], buildConfig=BuildConfig[buildScript=#!/bin/bash
cd /var/tmp/testing-dir
chmod +x ./gradlew
./gradlew clean test
, dockerImage=dummy-docker-image:latest, commitHashToBuild=41581fff25954d36cf07586926ee0c77d1003131, assignmentCommitHash=41581fff25954d36cf07586926ee0c77d1003131, testCommitHash=41581fff25954d36cf07586926ee0c77d1003131, branch=main, programmingLanguage=JAVA, projectType=PLAIN_GRADLE, scaEnabled=false, sequentialTestRunsEnabled=false, resultPaths=[/var/tmp/testing-dir/**/test-results/test/*.xml], timeoutSeconds=0, assignmentCheckoutPath=null, testCheckoutPath=null, solutionCheckoutPath=null, dockerRunConfig=null], submissionResult=ResultDTO[id=133, completionDate=2025-02-14T23:42:51.155372920Z[Etc/UTC], successful=false, score=7.7, rated=true, submission=SubmissionDTO[id=120, submitted=true, type=MANUAL, exampleSubmission=null, submissionDate=2025-02-14T23:42:49.321855Z, commitHash=41581fff25954d36cf07586926ee0c77d1003131, buildFailed=false, buildArtifact=false, participation=ParticipationDTO[id=465, testRun=false, type=programming, submissionCount=null, exercise=ParticipationExerciseDTO[id=299, exerciseType=PROGRAMMING, type=programming, assessmentType=AUTOMATIC, dueDate=2025-02-16T23:42:49.163661Z, assessmentDueDate=null, maxPoints=42.0, course=CourseDTO[id=148, accuracyOfScores=1]]], submissionExerciseType=programming, isProcessing=false, buildStartDate=null, estimatedCompletionDate=null], participation=ParticipationDTO[id=465, testRun=false, type=programming, submissionCount=null, exercise=ParticipationExerciseDTO[id=299, exerciseType=PROGRAMMING, type=programming, assessmentType=AUTOMATIC, dueDate=2025-02-16T23:42:49.163661Z, assessmentDueDate=null, maxPoints=42.0, course=CourseDTO[id=148, accuracyOfScores=1]]], feedbacks=[FeedbackDTO[id=80, text=null, detailText=The exercise expects a class with the name Context in the package testpackage. You did not implement the class in the exercise., hasLongFeedbackText=false, reference=null, credits=0.0, positive=false, type=AUTOMATIC, visibility=ALWAYS, testCase=TestCaseDTO[testName=null, id=26]], FeedbackDTO[id=81, text=null, detailText=The exercise expects a class with the name Policy in the package testpackage. You did not implement the class in the exercise., hasLongFeedbackText=false, reference=null, credits=0.0, positive=false, type=AUTOMATIC, visibility=ALWAYS, testCase=TestCaseDTO[testName=null, id=27]], FeedbackDTO[id=82, text=null, detailText=The exercise expects a class with the name SortStrategy in the package testpackage. You did not implement the class in the exercise., hasLongFeedbackText=false, reference=null, credits=0.0, positive=false, type=AUTOMATIC, visibility=ALWAYS, testCase=TestCaseDTO[testName=null, id=28]], FeedbackDTO[id=83, text=null, detailText=The class 'MergeSort' does not implement the interface 'SortStrategy' as expected. Implement the interface and its methods., hasLongFeedbackText=false, reference=null, credits=0.0, positive=false, type=AUTOMATIC, visibility=ALWAYS, testCase=TestCaseDTO[testName=null, id=23]], FeedbackDTO[id=84, text=null, detailText=The exercise expects a class with the name SortStrategy in the package testpackage. You did not implement the class in the exercise., hasLongFeedbackText=false, reference=null, credits=0.0, positive=false, type=AUTOMATIC, visibility=ALWAYS, testCase=TestCaseDTO[testName=null, id=20]], FeedbackDTO[id=85, text=null, detailText=The class 'BubbleSort' does not implement the interface 'SortStrategy' as expected. Implement the interface and its methods., hasLongFeedbackText=false, reference=null, credits=0.0, positive=false, type=AUTOMATIC, visibility=ALWAYS, testCase=TestCaseDTO[testName=null, id=24]], FeedbackDTO[id=86, text=null, detailText=MergeSort does not sort correctly, hasLongFeedbackText=false, reference=null, credits=0.0, positive=false, type=AUTOMATIC, visibility=ALWAYS, testCase=TestCaseDTO[testName=null, id=29]], FeedbackDTO[id=87, text=null, detailText=The class 'Context' was not found within the submission. Make sure to implement it properly., hasLongFeedbackText=false, reference=null, credits=0.0, positive=false, type=AUTOMATIC, visibility=ALWAYS, testCase=TestCaseDTO[testName=null, id=30]], FeedbackDTO[id=88, text=null, detailText=The class 'Context' was not found within the submission. Make sure to implement it properly., hasLongFeedbackText=false, reference=null, credits=0.0, positive=false, type=AUTOMATIC, visibility=ALWAYS, testCase=TestCaseDTO[testName=null, id=31]], FeedbackDTO[id=89, text=null, detailText=The exercise expects a class with the name Policy in the package testpackage. You did not implement the class in the exercise., hasLongFeedbackText=false, reference=null, credits=0.0, positive=false, type=AUTOMATIC, visibility=ALWAYS, testCase=TestCaseDTO[testName=null, id=25]], FeedbackDTO[id=90, text=null, detailText=The exercise expects a class with the name Context in the package testpackage. You did not implement the class in the exercise., hasLongFeedbackText=false, reference=null, credits=0.0, positive=false, type=AUTOMATIC, visibility=ALWAYS, testCase=TestCaseDTO[testName=null, id=21]], FeedbackDTO[id=91, text=null, detailText=The exercise expects a class with the name Policy in the package testpackage. You did not implement the class in the exercise., hasLongFeedbackText=false, reference=null, credits=0.0, positive=false, type=AUTOMATIC, visibility=ALWAYS, testCase=TestCaseDTO[testName=null, id=22]], FeedbackDTO[id=92, text=null, detailText=null, hasLongFeedbackText=false, reference=null, credits=3.230769230769231, positive=true, type=AUTOMATIC, visibility=ALWAYS, testCase=TestCaseDTO[testName=null, id=32]]], assessmentType=AUTOMATIC, hasComplaint=null, exampleResult=null, testCaseCount=13, passedTestCaseCount=1, codeIssueCount=0]]], publicSshKey=ssh-rsa AAAAB3NzaC1yc2EAAAADAQABAAACAQCOPdMsxRE2jFJ/UEa5/LsBxtwzJcrh3/rYBCQvcMeVpiRfhzQPWu7mrt/G2Ew+i+vRloGH9aqKg6dd1liRncao53Zmd/ePxoatXePNhmzTfkCkcSkTUz7B+QMjkoDDV5jwuFPD6mF3JkhuzSi64n9Zy905t4w2IhVcjM2mL3eYNjiCXt6Qpq3Pkt7dM/Ksw1nxnvuiIALuJLB3FTkXkHqq3PJav+9HSq2r6ZaWgekneaGxlQlb+U+Vy3XOuArKAzK8c8i+0bR+AHiTG6ncYXt7ax3U+TdlDTF7OLP3umwaYjs1NBXOHwG42pevvpKn2fqavZZozk+M05jXLx3bq0O7itxfErWc7etky8qYPyyIMF/txQIVLd78+Ze4d7Y60t5MGbXM5cGE6fFif5fEJwgswXD+BrG0cafz1CTatjSKFdvp8Vp4VszXhHDan1PrP6JEFJ5Cc5GDmLRZPCFa3vL9f5qXgf4bkqKN8MYeEujwJE5nMRWoiJVNakix2bcrrneQMBlnYeYZVWXXXUusAQBzl4NgddC1umZpihZkL1b1MffZAUW3EGEXi7KHnllQhkTLLsQ8ntMgbylqaJKStqaXlLvdeRJcEnUuiFCrHEVVbXRFZR7XVDZ02CE5o3MuaRPty8Kh+jRTF3COlAckHwYEJCNNJvXFgb2CNXL4mjzYDw== test@localhost]
    23:42:53.057 | 566 localvc.event-13 | DEBUG | a.p.s.l.SharedQueueManagementService : Build agent updated: null
    23:42:53.061 | 588 artemis-task-1   | DEBUG | d.t.c.a.a.c.c.w.GzipMessageConverter : Compressed message payload from 17988 to 3716 (saved 79.3% payload size)
    23:42:53.061 |  27 nPool-1-worker-1 | DEBUG | d.t.c.a.a.p.s.AbstractGitService     : getLastCommitHash http://localhost:49152/git/SHORTBCF65534040390488B0A46605F5F3776B89ATSTEXC/shortbcf65534040390488b0a46605f5f3776b89atstexc-tests.git
    23:42:53.061 |  27 nPool-1-worker-1 | ERROR | d.t.c.a.a.p.s.AbstractGitService     : Cannot use ssh properly because of mismatch of Jgit transport object: org.eclipse.jgit.transport.TransportLocal@7b4975b7
    23:42:53.070 |  27 nPool-1-worker-1 | INFO  | .t.c.a.a.p.s.l.LocalCITriggerService : Added build job 4681739576573068 for exercise TSTEXC and participation 468 with priority 2 to the queue
    23:42:53.071 | 566 localvc.event-13 | DEBUG | s.l.LocalCIWebsocketMessagingService : Sending message on topic /topic/admin/queued-jobs: [BuildJobQueueItem[id=4681739576573068, name=SHORTBCF65534040390488B0A46605F5F3776B89ATSTEXC-LOCALCIINTSTUDENT1, buildAgent=BuildAgentDTO[name=null, memberAddress=null, displayName=null], participationId=468, courseId=149, exerciseId=300, retryCount=0, priority=2, status=null, repositoryInfo=RepositoryInfo[repositoryName=shortbcf65534040390488b0a46605f5f3776b89atstexc-localciintstudent1, repositoryType=user, triggeredByPushTo=user, assignmentRepositoryUri=, testRepositoryUri=, solutionRepositoryUri=, auxiliaryRepositoryUris=null, auxiliaryRepositoryCheckoutDirectories=null], jobTimingInfo=JobTimingInfo[submissionDate=2025-02-14T23:42:53.068019209Z[Etc/UTC], buildStartDate=null, buildCompletionDate=null, estimatedCompletionDate=null, estimatedDuration=19], buildConfig=BuildConfig[buildScript=, dockerImage=, commitHashToBuild=2d5c0482fc77d3f5ec0841962528a43054e83170, assignmentCommitHash=, testCommitHash=, branch=, programmingLanguage=null, projectType=null, scaEnabled=false, sequentialTestRunsEnabled=false, resultPaths=null, timeoutSeconds=0, assignmentCheckoutPath=, testCheckoutPath=, solutionCheckoutPath=, dockerRunConfig=null], submissionResult=null]]
    23:42:53.071 | 566 localvc.event-13 | DEBUG | s.l.LocalCIWebsocketMessagingService : Sending message on topic /topic/courses/149/queued-jobs: [BuildJobQueueItem[id=4681739576573068, name=SHORTBCF65534040390488B0A46605F5F3776B89ATSTEXC-LOCALCIINTSTUDENT1, buildAgent=BuildAgentDTO[name=null, memberAddress=null, displayName=null], participationId=468, courseId=149, exerciseId=300, retryCount=0, priority=2, status=null, repositoryInfo=RepositoryInfo[repositoryName=shortbcf65534040390488b0a46605f5f3776b89atstexc-localciintstudent1, repositoryType=user, triggeredByPushTo=user, assignmentRepositoryUri=, testRepositoryUri=, solutionRepositoryUri=, auxiliaryRepositoryUris=null, auxiliaryRepositoryCheckoutDirectories=null], jobTimingInfo=JobTimingInfo[submissionDate=2025-02-14T23:42:53.068019209Z[Etc/UTC], buildStartDate=null, buildCompletionDate=null, estimatedCompletionDate=null, estimatedDuration=19], buildConfig=BuildConfig[buildScript=, dockerImage=, commitHashToBuild=2d5c0482fc77d3f5ec0841962528a43054e83170, assignmentCommitHash=, testCommitHash=, branch=, programmingLanguage=null, projectType=null, scaEnabled=false, sequentialTestRunsEnabled=false, resultPaths=null, timeoutSeconds=0, assignmentCheckoutPath=, testCheckoutPath=, solutionCheckoutPath=, dockerRunConfig=null], submissionResult=null]]
    23:42:53.072 | 588 artemis-task-1   | DEBUG | d.t.c.a.a.c.c.w.GzipMessageConverter : Compressed message payload from 730 to 600 (saved 17.8% payload size)
    23:42:53.072 | 588 artemis-task-1   | DEBUG | d.t.c.a.a.c.c.w.GzipMessageConverter : Compressed message payload from 730 to 600 (saved 17.8% payload size)
    23:42:53.073 |  27 nPool-1-worker-1 | INFO  | a.a.p.s.ProgrammingSubmissionService : Create new programmingSubmission with commitHash: 2d5c0482fc77d3f5ec0841962528a43054e83170 for participation 468
    23:42:53.076 |  27 nPool-1-worker-1 | DEBUG | .t.c.a.a.p.s.l.LocalVCServletService : New push processed to repository http://localhost:49152/git/SHORTBCF65534040390488B0A46605F5F3776B89ATSTEXC/shortbcf65534040390488b0a46605f5f3776b89atstexc-localciintstudent1.git for commit 2d5c0482fc77d3f5ec0841962528a43054e83170 in 35.21ms. A build job was queued.
    23:42:53.078 | 565 localvc.event-12 | INFO  | a.a.b.s.SharedQueueProcessingService : Resuming build agent with address [127.0.0.1]:5703
    23:42:53.078 | 565 localvc.event-12 | DEBUG | d.t.c.a.a.b.BuildAgentConfiguration  : Using ExecutorService with thread pool size 1.
    23:42:53.078 | 565 localvc.event-12 | DEBUG | d.t.c.a.a.b.BuildAgentConfiguration  : Create bean dockerClient
    23:42:53.081 | 079 waitility-thread | DEBUG | .a.s.ParticipantScoreScheduleService : Processing of 0 results and 0 participant scores.
    23:42:53.085 | 565 localvc.event-12 | DEBUG | d.t.c.a.a.b.BuildAgentConfiguration  : Docker client created with connection URI: unix:///var/run/docker.sock
    23:42:53.085 | 565 localvc.event-12 | INFO  | .t.c.a.a.b.s.BuildAgentDockerService : Start cleanup dangling build containers
    23:42:53.085 | 565 localvc.event-12 | INFO  | .t.c.a.a.b.s.BuildAgentDockerService : Cleanup dangling build containers done
    23:42:53.090 | 615 taskScheduler-4  | DEBUG | a.a.b.s.SharedQueueProcessingService : Currently processing jobs on this node: 0, active threads in Pool: 0, maximum pool size of thread executor : 1
    23:42:53.090 | 615 taskScheduler-4  | DEBUG | a.a.b.s.SharedQueueProcessingService : Currently processing jobs on this node: 0, active threads in Pool: 0, maximum pool size of thread executor : 1
    23:42:53.093 | 566 localvc.event-13 | DEBUG | a.p.s.l.LocalCIQueueWebsocketService : Build agent updated: BuildAgentInformation[buildAgent=BuildAgentDTO[name=artemis-build-agent-test, memberAddress=[127.0.0.1]:5703, displayName=artemis-build-agent-test], maxNumberOfConcurrentBuildJobs=1, numberOfCurrentBuildJobs=0, runningBuildJobs=[], status=IDLE, recentBuildJobs=[BuildJobQueueItem[id=4621739576562326, name=SHORT43ACF76B02BC1044B80938509D14043FABDETSTEXC-LOCALCIINTSTUDENT1, buildAgent=BuildAgentDTO[name=artemis-build-agent-test, memberAddress=[127.0.0.1]:5703, displayName=artemis-build-agent-test], participationId=462, courseId=147, exerciseId=298, retryCount=0, priority=2, status=SUCCESSFUL, repositoryInfo=RepositoryInfo[repositoryName=short43acf76b02bc1044b80938509d14043fabdetstexc-localciintstudent1, repositoryType=user, triggeredByPushTo=user, assignmentRepositoryUri=http://localhost:49152/git/SHORT43ACF76B02BC1044B80938509D14043FABDETSTEXC/short43acf76b02bc1044b80938509d14043fabdetstexc-localciintstudent1.git, testRepositoryUri=http://localhost:49152/git/SHORT43ACF76B02BC1044B80938509D14043FABDETSTEXC/short43acf76b02bc1044b80938509d14043fabdetstexc-tests.git, solutionRepositoryUri=null, auxiliaryRepositoryUris=[Ljava.lang.String;@31962245, auxiliaryRepositoryCheckoutDirectories=[Ljava.lang.String;@6d838e6a], jobTimingInfo=JobTimingInfo[submissionDate=2025-02-14T23:42:42.326978596Z[Etc/UTC], buildStartDate=2025-02-14T23:42:42.420147010Z[Etc/UTC], buildCompletionDate=2025-02-14T23:42:45.573855829Z[Etc/UTC], estimatedCompletionDate=2025-02-14T23:43:01.420129377Z[Etc/UTC], estimatedDuration=19], buildConfig=BuildConfig[buildScript=#!/bin/bash
cd /var/tmp/testing-dir
chmod +x ./gradlew
./gradlew clean test
]]></system-out>
  <system-err><![CDATA[]]></system-err>
</testsuite>
