<?xml version="1.0" encoding="UTF-8"?>
<testsuite name="de.tum.cit.aet.artemis.programming.aelous.AeolusTemplateResourceTest" tests="24" skipped="0" failures="0" errors="0" timestamp="2025-02-14T23:45:00" hostname="fv-az1721-502" time="1.393">
  <properties/>
  <testcase name="testGetNonExistingAeolusTemplateFile()" classname="de.tum.cit.aet.artemis.programming.aelous.AeolusTemplateResourceTest" time="0.091"/>
  <testcase name="testValidWindfileWithInvalidAction()" classname="de.tum.cit.aet.artemis.programming.aelous.AeolusTemplateResourceTest" time="0.101"/>
  <testcase name="testInvalidWindfileDeserialization()" classname="de.tum.cit.aet.artemis.programming.aelous.AeolusTemplateResourceTest" time="0.064"/>
  <testcase name="[1] templateKey=JAVA/PLAIN_GRADLE, expectedScriptActions=1" classname="de.tum.cit.aet.artemis.programming.aelous.AeolusTemplateResourceTest" time="0.047"/>
  <testcase name="[2] templateKey=JAVA/PLAIN_GRADLE?sequentialRuns=true, expectedScriptActions=2" classname="de.tum.cit.aet.artemis.programming.aelous.AeolusTemplateResourceTest" time="0.078"/>
  <testcase name="[3] templateKey=JAVA/PLAIN_GRADLE?staticAnalysis=true, expectedScriptActions=2" classname="de.tum.cit.aet.artemis.programming.aelous.AeolusTemplateResourceTest" time="0.062"/>
  <testcase name="[4] templateKey=JAVA/PLAIN_MAVEN, expectedScriptActions=1" classname="de.tum.cit.aet.artemis.programming.aelous.AeolusTemplateResourceTest" time="0.04"/>
  <testcase name="[5] templateKey=JAVA/PLAIN_MAVEN?sequentialRuns=true, expectedScriptActions=2" classname="de.tum.cit.aet.artemis.programming.aelous.AeolusTemplateResourceTest" time="0.039"/>
  <testcase name="[6] templateKey=JAVA/PLAIN_MAVEN?staticAnalysis=true, expectedScriptActions=2" classname="de.tum.cit.aet.artemis.programming.aelous.AeolusTemplateResourceTest" time="0.034"/>
  <testcase name="[7] templateKey=JAVA/MAVEN_BLACKBOX, expectedScriptActions=7" classname="de.tum.cit.aet.artemis.programming.aelous.AeolusTemplateResourceTest" time="0.045"/>
  <testcase name="[8] templateKey=JAVA/MAVEN_BLACKBOX?staticAnalysis=true, expectedScriptActions=8" classname="de.tum.cit.aet.artemis.programming.aelous.AeolusTemplateResourceTest" time="0.033"/>
  <testcase name="[9] templateKey=ASSEMBLER, expectedScriptActions=4" classname="de.tum.cit.aet.artemis.programming.aelous.AeolusTemplateResourceTest" time="0.032"/>
  <testcase name="[10] templateKey=C/FACT, expectedScriptActions=2" classname="de.tum.cit.aet.artemis.programming.aelous.AeolusTemplateResourceTest" time="0.041"/>
  <testcase name="[11] templateKey=C/GCC, expectedScriptActions=3" classname="de.tum.cit.aet.artemis.programming.aelous.AeolusTemplateResourceTest" time="0.06"/>
  <testcase name="[12] templateKey=C/GCC?staticAnalysis=true, expectedScriptActions=3" classname="de.tum.cit.aet.artemis.programming.aelous.AeolusTemplateResourceTest" time="0.038"/>
  <testcase name="[13] templateKey=KOTLIN, expectedScriptActions=1" classname="de.tum.cit.aet.artemis.programming.aelous.AeolusTemplateResourceTest" time="0.062"/>
  <testcase name="[14] templateKey=KOTLIN?sequentialRuns=true, expectedScriptActions=3" classname="de.tum.cit.aet.artemis.programming.aelous.AeolusTemplateResourceTest" time="0.073"/>
  <testcase name="[15] templateKey=VHDL, expectedScriptActions=4" classname="de.tum.cit.aet.artemis.programming.aelous.AeolusTemplateResourceTest" time="0.04"/>
  <testcase name="[16] templateKey=HASKELL, expectedScriptActions=1" classname="de.tum.cit.aet.artemis.programming.aelous.AeolusTemplateResourceTest" time="0.05"/>
  <testcase name="[17] templateKey=HASKELL?sequentialRuns=true, expectedScriptActions=2" classname="de.tum.cit.aet.artemis.programming.aelous.AeolusTemplateResourceTest" time="0.028"/>
  <testcase name="[18] templateKey=OCAML, expectedScriptActions=2" classname="de.tum.cit.aet.artemis.programming.aelous.AeolusTemplateResourceTest" time="0.067"/>
  <testcase name="[19] templateKey=SWIFT/PLAIN, expectedScriptActions=1" classname="de.tum.cit.aet.artemis.programming.aelous.AeolusTemplateResourceTest" time="0.063"/>
  <testcase name="[20] templateKey=SWIFT/PLAIN?staticAnalysis=true, expectedScriptActions=2" classname="de.tum.cit.aet.artemis.programming.aelous.AeolusTemplateResourceTest" time="0.058"/>
  <testcase name="testValidWindfileDeserializationWithClass()" classname="de.tum.cit.aet.artemis.programming.aelous.AeolusTemplateResourceTest" time="0.067"/>
  <system-out><![CDATA[    23:45:00.002 | 600 taskScheduler-1  | DEBUG | .a.s.ParticipantScoreScheduleService : Schedule tasks to process...

Starting logs for AeolusTemplateResourceTest

  Starting logs for AeolusTemplateResourceTest > testGetNonExistingAeolusTemplateFile()
    23:45:00.045 | 472 ool-1-worker-236 | DEBUG | d.t.c.a.a.c.u.util.UserUtilService   : Generate 0 students...
    23:45:00.049 | 472 ool-1-worker-236 | DEBUG | d.t.c.a.a.c.u.util.UserUtilService   : 0 students generated. Generate 0 tutors...
    23:45:00.050 | 472 ool-1-worker-236 | DEBUG | d.t.c.a.a.c.u.util.UserUtilService   : 0 tutors generated. Generate 0 editors...
    23:45:00.055 | 472 ool-1-worker-236 | DEBUG | d.t.c.a.a.c.u.util.UserUtilService   : 0 editors generated. Generate 1 instructors...
    23:45:00.058 | 472 ool-1-worker-236 | DEBUG | d.t.c.a.a.c.u.util.UserUtilService   : 1 instructors generated
    23:45:00.060 | 472 ool-1-worker-236 | DEBUG | d.t.c.a.a.c.u.util.UserUtilService   : Removing 5 users from all courses...
    23:45:00.066 | 472 ool-1-worker-236 | DEBUG | d.t.c.a.a.c.u.util.UserUtilService   : Removing 5 users from all courses. Done
    23:45:00.066 | 472 ool-1-worker-236 | DEBUG | d.t.c.a.a.c.u.util.UserUtilService   : Save 1 users to database...
    23:45:00.071 | 472 ool-1-worker-236 | DEBUG | d.t.c.a.a.c.u.util.UserUtilService   : Save 1 users to database. Done
    23:45:00.071 | 472 ool-1-worker-236 | INFO  | i.z.t.d.l.EmbeddedDatabaseReporter   : JDBC URL to connect to 'dataSource': url='jdbc:h2:tcp://localhost:41063/mem:f240edcd-27ce-47a3-b4ab-a6a00c154135;USER=sa', scope='AeolusTemplateResourceTest#testGetNonExistingAeolusTemplateFile'
    23:45:00.073 | 472 ool-1-worker-236 | DEBUG | d.t.c.a.a.c.s.f.ApiVersionFilter     : Adding Version to Request GET /api/aeolus/templates/JAVA/PLAIN_GRADLE
    23:45:00.081 | 472 ool-1-worker-236 | DEBUG | t.c.a.a.p.w.l.AeolusTemplateResource : REST request to get aeolus template for programming language JAVA and project type Optional[PLAIN_GRADLE], static Analysis: true, sequential Runs true
    23:45:00.085 | 472 ool-1-worker-236 | ERROR | .t.c.a.a.p.s.a.AeolusTemplateService : No windfile found for key java_plain_gradle_static_sequential.yaml

  Starting logs for AeolusTemplateResourceTest > testValidWindfileWithInvalidAction()
    23:45:00.138 | 472 ool-1-worker-236 | DEBUG | d.t.c.a.a.c.u.util.UserUtilService   : Generate 0 students...
    23:45:00.143 | 472 ool-1-worker-236 | DEBUG | d.t.c.a.a.c.u.util.UserUtilService   : 0 students generated. Generate 0 tutors...
    23:45:00.144 | 472 ool-1-worker-236 | DEBUG | d.t.c.a.a.c.u.util.UserUtilService   : 0 tutors generated. Generate 0 editors...
    23:45:00.155 | 472 ool-1-worker-236 | DEBUG | d.t.c.a.a.c.u.util.UserUtilService   : 0 editors generated. Generate 1 instructors...
    23:45:00.168 | 472 ool-1-worker-236 | DEBUG | d.t.c.a.a.c.u.util.UserUtilService   : 1 instructors generated
    23:45:00.169 | 472 ool-1-worker-236 | DEBUG | d.t.c.a.a.c.u.util.UserUtilService   : Removing 1 users from all courses...
    23:45:00.179 | 472 ool-1-worker-236 | DEBUG | d.t.c.a.a.c.u.util.UserUtilService   : Removing 1 users from all courses. Done
    23:45:00.179 | 472 ool-1-worker-236 | DEBUG | d.t.c.a.a.c.u.util.UserUtilService   : Save 1 users to database...
    23:45:00.192 | 472 ool-1-worker-236 | DEBUG | d.t.c.a.a.c.u.util.UserUtilService   : Save 1 users to database. Done
    23:45:00.193 | 472 ool-1-worker-236 | INFO  | i.z.t.d.l.EmbeddedDatabaseReporter   : JDBC URL to connect to 'dataSource': url='jdbc:h2:tcp://localhost:41063/mem:f240edcd-27ce-47a3-b4ab-a6a00c154135;USER=sa', scope='AeolusTemplateResourceTest#testValidWindfileWithInvalidAction'

  Starting logs for AeolusTemplateResourceTest > testInvalidWindfileDeserialization()
    23:45:00.246 | 472 ool-1-worker-236 | DEBUG | d.t.c.a.a.c.u.util.UserUtilService   : Generate 0 students...
    23:45:00.247 | 472 ool-1-worker-236 | DEBUG | d.t.c.a.a.c.u.util.UserUtilService   : 0 students generated. Generate 0 tutors...
    23:45:00.248 | 472 ool-1-worker-236 | DEBUG | d.t.c.a.a.c.u.util.UserUtilService   : 0 tutors generated. Generate 0 editors...
    23:45:00.254 | 472 ool-1-worker-236 | DEBUG | d.t.c.a.a.c.u.util.UserUtilService   : 0 editors generated. Generate 1 instructors...
    23:45:00.260 | 472 ool-1-worker-236 | DEBUG | d.t.c.a.a.c.u.util.UserUtilService   : 1 instructors generated
    23:45:00.269 | 472 ool-1-worker-236 | DEBUG | d.t.c.a.a.c.u.util.UserUtilService   : Removing 1 users from all courses...
    23:45:00.269 | 472 ool-1-worker-236 | DEBUG | d.t.c.a.a.c.u.util.UserUtilService   : Removing 1 users from all courses. Done
    23:45:00.269 | 472 ool-1-worker-236 | DEBUG | d.t.c.a.a.c.u.util.UserUtilService   : Save 1 users to database...
    23:45:00.272 | 472 ool-1-worker-236 | DEBUG | d.t.c.a.a.c.u.util.UserUtilService   : Save 1 users to database. Done
    23:45:00.273 | 472 ool-1-worker-236 | INFO  | i.z.t.d.l.EmbeddedDatabaseReporter   : JDBC URL to connect to 'dataSource': url='jdbc:h2:tcp://localhost:41063/mem:f240edcd-27ce-47a3-b4ab-a6a00c154135;USER=sa', scope='AeolusTemplateResourceTest#testInvalidWindfileDeserialization'

  Starting logs for AeolusTemplateResourceTest > [1] templateKey=JAVA/PLAIN_GRADLE, expectedScriptActions=1
    23:45:00.306 | 472 ool-1-worker-236 | DEBUG | d.t.c.a.a.c.u.util.UserUtilService   : Generate 0 students...
    23:45:00.307 | 472 ool-1-worker-236 | DEBUG | d.t.c.a.a.c.u.util.UserUtilService   : 0 students generated. Generate 0 tutors...
    23:45:00.308 | 472 ool-1-worker-236 | DEBUG | d.t.c.a.a.c.u.util.UserUtilService   : 0 tutors generated. Generate 0 editors...
    23:45:00.310 | 472 ool-1-worker-236 | DEBUG | d.t.c.a.a.c.u.util.UserUtilService   : 0 editors generated. Generate 1 instructors...
    23:45:00.313 | 472 ool-1-worker-236 | DEBUG | d.t.c.a.a.c.u.util.UserUtilService   : 1 instructors generated
    23:45:00.315 | 472 ool-1-worker-236 | DEBUG | d.t.c.a.a.c.u.util.UserUtilService   : Removing 1 users from all courses...
    23:45:00.315 | 472 ool-1-worker-236 | DEBUG | d.t.c.a.a.c.u.util.UserUtilService   : Removing 1 users from all courses. Done
    23:45:00.315 | 472 ool-1-worker-236 | DEBUG | d.t.c.a.a.c.u.util.UserUtilService   : Save 1 users to database...
    23:45:00.317 | 472 ool-1-worker-236 | DEBUG | d.t.c.a.a.c.u.util.UserUtilService   : Save 1 users to database. Done
    23:45:00.318 | 472 ool-1-worker-236 | INFO  | i.z.t.d.l.EmbeddedDatabaseReporter   : JDBC URL to connect to 'dataSource': url='jdbc:h2:tcp://localhost:41063/mem:f240edcd-27ce-47a3-b4ab-a6a00c154135;USER=sa', scope='AeolusTemplateResourceTest#testGetAeolusTemplateFile'
    23:45:00.319 | 472 ool-1-worker-236 | DEBUG | d.t.c.a.a.c.s.f.ApiVersionFilter     : Adding Version to Request GET /api/aeolus/templates/JAVA/PLAIN_GRADLE
    23:45:00.320 | 472 ool-1-worker-236 | DEBUG | t.c.a.a.p.w.l.AeolusTemplateResource : REST request to get aeolus template for programming language JAVA and project type Optional[PLAIN_GRADLE], static Analysis: false, sequential Runs false

  Starting logs for AeolusTemplateResourceTest > [2] templateKey=JAVA/PLAIN_GRADLE?sequentialRuns=true, expectedScriptActions=2
    23:45:00.366 | 472 ool-1-worker-236 | DEBUG | d.t.c.a.a.c.u.util.UserUtilService   : Generate 0 students...
    23:45:00.369 | 472 ool-1-worker-236 | DEBUG | d.t.c.a.a.c.u.util.UserUtilService   : 0 students generated. Generate 0 tutors...
    23:45:00.372 | 472 ool-1-worker-236 | DEBUG | d.t.c.a.a.c.u.util.UserUtilService   : 0 tutors generated. Generate 0 editors...
    23:45:00.375 | 472 ool-1-worker-236 | DEBUG | d.t.c.a.a.c.u.util.UserUtilService   : 0 editors generated. Generate 1 instructors...
    23:45:00.385 | 472 ool-1-worker-236 | DEBUG | d.t.c.a.a.c.u.util.UserUtilService   : 1 instructors generated
    23:45:00.391 | 472 ool-1-worker-236 | DEBUG | d.t.c.a.a.c.u.util.UserUtilService   : Removing 1 users from all courses...
    23:45:00.395 | 472 ool-1-worker-236 | DEBUG | d.t.c.a.a.c.u.util.UserUtilService   : Removing 1 users from all courses. Done
    23:45:00.395 | 472 ool-1-worker-236 | DEBUG | d.t.c.a.a.c.u.util.UserUtilService   : Save 1 users to database...
    23:45:00.401 | 472 ool-1-worker-236 | DEBUG | d.t.c.a.a.c.u.util.UserUtilService   : Save 1 users to database. Done
    23:45:00.401 | 472 ool-1-worker-236 | INFO  | i.z.t.d.l.EmbeddedDatabaseReporter   : JDBC URL to connect to 'dataSource': url='jdbc:h2:tcp://localhost:41063/mem:f240edcd-27ce-47a3-b4ab-a6a00c154135;USER=sa', scope='AeolusTemplateResourceTest#testGetAeolusTemplateFile'
    23:45:00.403 | 472 ool-1-worker-236 | DEBUG | d.t.c.a.a.c.s.f.ApiVersionFilter     : Adding Version to Request GET /api/aeolus/templates/JAVA/PLAIN_GRADLE
    23:45:00.404 | 472 ool-1-worker-236 | DEBUG | t.c.a.a.p.w.l.AeolusTemplateResource : REST request to get aeolus template for programming language JAVA and project type Optional[PLAIN_GRADLE], static Analysis: false, sequential Runs true

  Starting logs for AeolusTemplateResourceTest > [3] templateKey=JAVA/PLAIN_GRADLE?staticAnalysis=true, expectedScriptActions=2
    23:45:00.445 | 472 ool-1-worker-236 | DEBUG | d.t.c.a.a.c.u.util.UserUtilService   : Generate 0 students...
    23:45:00.447 | 472 ool-1-worker-236 | DEBUG | d.t.c.a.a.c.u.util.UserUtilService   : 0 students generated. Generate 0 tutors...
    23:45:00.449 | 472 ool-1-worker-236 | DEBUG | d.t.c.a.a.c.u.util.UserUtilService   : 0 tutors generated. Generate 0 editors...
    23:45:00.452 | 472 ool-1-worker-236 | DEBUG | d.t.c.a.a.c.u.util.UserUtilService   : 0 editors generated. Generate 1 instructors...
    23:45:00.459 | 472 ool-1-worker-236 | DEBUG | d.t.c.a.a.c.u.util.UserUtilService   : 1 instructors generated
    23:45:00.461 | 472 ool-1-worker-236 | DEBUG | d.t.c.a.a.c.u.util.UserUtilService   : Removing 1 users from all courses...
    23:45:00.461 | 472 ool-1-worker-236 | DEBUG | d.t.c.a.a.c.u.util.UserUtilService   : Removing 1 users from all courses. Done
    23:45:00.461 | 472 ool-1-worker-236 | DEBUG | d.t.c.a.a.c.u.util.UserUtilService   : Save 1 users to database...
    23:45:00.466 | 472 ool-1-worker-236 | DEBUG | d.t.c.a.a.c.u.util.UserUtilService   : Save 1 users to database. Done
    23:45:00.470 | 472 ool-1-worker-236 | INFO  | i.z.t.d.l.EmbeddedDatabaseReporter   : JDBC URL to connect to 'dataSource': url='jdbc:h2:tcp://localhost:41063/mem:f240edcd-27ce-47a3-b4ab-a6a00c154135;USER=sa', scope='AeolusTemplateResourceTest#testGetAeolusTemplateFile'
    23:45:00.473 | 472 ool-1-worker-236 | DEBUG | d.t.c.a.a.c.s.f.ApiVersionFilter     : Adding Version to Request GET /api/aeolus/templates/JAVA/PLAIN_GRADLE
    23:45:00.474 | 472 ool-1-worker-236 | DEBUG | t.c.a.a.p.w.l.AeolusTemplateResource : REST request to get aeolus template for programming language JAVA and project type Optional[PLAIN_GRADLE], static Analysis: true, sequential Runs false

  Starting logs for AeolusTemplateResourceTest > [4] templateKey=JAVA/PLAIN_MAVEN, expectedScriptActions=1
    23:45:00.510 | 472 ool-1-worker-236 | DEBUG | d.t.c.a.a.c.u.util.UserUtilService   : Generate 0 students...
    23:45:00.511 | 472 ool-1-worker-236 | DEBUG | d.t.c.a.a.c.u.util.UserUtilService   : 0 students generated. Generate 0 tutors...
    23:45:00.513 | 472 ool-1-worker-236 | DEBUG | d.t.c.a.a.c.u.util.UserUtilService   : 0 tutors generated. Generate 0 editors...
    23:45:00.514 | 472 ool-1-worker-236 | DEBUG | d.t.c.a.a.c.u.util.UserUtilService   : 0 editors generated. Generate 1 instructors...
    23:45:00.517 | 472 ool-1-worker-236 | DEBUG | d.t.c.a.a.c.u.util.UserUtilService   : 1 instructors generated
    23:45:00.519 | 472 ool-1-worker-236 | DEBUG | d.t.c.a.a.c.u.util.UserUtilService   : Removing 1 users from all courses...
    23:45:00.519 | 472 ool-1-worker-236 | DEBUG | d.t.c.a.a.c.u.util.UserUtilService   : Removing 1 users from all courses. Done
    23:45:00.519 | 472 ool-1-worker-236 | DEBUG | d.t.c.a.a.c.u.util.UserUtilService   : Save 1 users to database...
    23:45:00.521 | 472 ool-1-worker-236 | DEBUG | d.t.c.a.a.c.u.util.UserUtilService   : Save 1 users to database. Done
    23:45:00.521 | 472 ool-1-worker-236 | INFO  | i.z.t.d.l.EmbeddedDatabaseReporter   : JDBC URL to connect to 'dataSource': url='jdbc:h2:tcp://localhost:41063/mem:f240edcd-27ce-47a3-b4ab-a6a00c154135;USER=sa', scope='AeolusTemplateResourceTest#testGetAeolusTemplateFile'
    23:45:00.523 | 472 ool-1-worker-236 | DEBUG | d.t.c.a.a.c.s.f.ApiVersionFilter     : Adding Version to Request GET /api/aeolus/templates/JAVA/PLAIN_MAVEN
    23:45:00.523 | 472 ool-1-worker-236 | DEBUG | t.c.a.a.p.w.l.AeolusTemplateResource : REST request to get aeolus template for programming language JAVA and project type Optional[PLAIN_MAVEN], static Analysis: false, sequential Runs false

  Starting logs for AeolusTemplateResourceTest > [5] templateKey=JAVA/PLAIN_MAVEN?sequentialRuns=true, expectedScriptActions=2
    23:45:00.544 | 472 ool-1-worker-236 | DEBUG | d.t.c.a.a.c.u.util.UserUtilService   : Generate 0 students...
    23:45:00.546 | 472 ool-1-worker-236 | DEBUG | d.t.c.a.a.c.u.util.UserUtilService   : 0 students generated. Generate 0 tutors...
    23:45:00.547 | 472 ool-1-worker-236 | DEBUG | d.t.c.a.a.c.u.util.UserUtilService   : 0 tutors generated. Generate 0 editors...
    23:45:00.548 | 472 ool-1-worker-236 | DEBUG | d.t.c.a.a.c.u.util.UserUtilService   : 0 editors generated. Generate 1 instructors...
    23:45:00.552 | 472 ool-1-worker-236 | DEBUG | d.t.c.a.a.c.u.util.UserUtilService   : 1 instructors generated
    23:45:00.553 | 472 ool-1-worker-236 | DEBUG | d.t.c.a.a.c.u.util.UserUtilService   : Removing 1 users from all courses...
    23:45:00.554 | 472 ool-1-worker-236 | DEBUG | d.t.c.a.a.c.u.util.UserUtilService   : Removing 1 users from all courses. Done
    23:45:00.554 | 472 ool-1-worker-236 | DEBUG | d.t.c.a.a.c.u.util.UserUtilService   : Save 1 users to database...
    23:45:00.556 | 472 ool-1-worker-236 | DEBUG | d.t.c.a.a.c.u.util.UserUtilService   : Save 1 users to database. Done
    23:45:00.556 | 472 ool-1-worker-236 | INFO  | i.z.t.d.l.EmbeddedDatabaseReporter   : JDBC URL to connect to 'dataSource': url='jdbc:h2:tcp://localhost:41063/mem:f240edcd-27ce-47a3-b4ab-a6a00c154135;USER=sa', scope='AeolusTemplateResourceTest#testGetAeolusTemplateFile'
    23:45:00.558 | 472 ool-1-worker-236 | DEBUG | d.t.c.a.a.c.s.f.ApiVersionFilter     : Adding Version to Request GET /api/aeolus/templates/JAVA/PLAIN_MAVEN
    23:45:00.558 | 472 ool-1-worker-236 | DEBUG | t.c.a.a.p.w.l.AeolusTemplateResource : REST request to get aeolus template for programming language JAVA and project type Optional[PLAIN_MAVEN], static Analysis: false, sequential Runs true

  Starting logs for AeolusTemplateResourceTest > [6] templateKey=JAVA/PLAIN_MAVEN?staticAnalysis=true, expectedScriptActions=2
    23:45:00.588 | 472 ool-1-worker-236 | DEBUG | d.t.c.a.a.c.u.util.UserUtilService   : Generate 0 students...
    23:45:00.589 | 472 ool-1-worker-236 | DEBUG | d.t.c.a.a.c.u.util.UserUtilService   : 0 students generated. Generate 0 tutors...
    23:45:00.590 | 472 ool-1-worker-236 | DEBUG | d.t.c.a.a.c.u.util.UserUtilService   : 0 tutors generated. Generate 0 editors...
    23:45:00.592 | 472 ool-1-worker-236 | DEBUG | d.t.c.a.a.c.u.util.UserUtilService   : 0 editors generated. Generate 1 instructors...
    23:45:00.596 | 472 ool-1-worker-236 | DEBUG | d.t.c.a.a.c.u.util.UserUtilService   : 1 instructors generated
    23:45:00.597 | 472 ool-1-worker-236 | DEBUG | d.t.c.a.a.c.u.util.UserUtilService   : Removing 1 users from all courses...
    23:45:00.598 | 472 ool-1-worker-236 | DEBUG | d.t.c.a.a.c.u.util.UserUtilService   : Removing 1 users from all courses. Done
    23:45:00.598 | 472 ool-1-worker-236 | DEBUG | d.t.c.a.a.c.u.util.UserUtilService   : Save 1 users to database...
    23:45:00.600 | 472 ool-1-worker-236 | DEBUG | d.t.c.a.a.c.u.util.UserUtilService   : Save 1 users to database. Done
    23:45:00.600 | 472 ool-1-worker-236 | INFO  | i.z.t.d.l.EmbeddedDatabaseReporter   : JDBC URL to connect to 'dataSource': url='jdbc:h2:tcp://localhost:41063/mem:f240edcd-27ce-47a3-b4ab-a6a00c154135;USER=sa', scope='AeolusTemplateResourceTest#testGetAeolusTemplateFile'
    23:45:00.602 | 472 ool-1-worker-236 | DEBUG | d.t.c.a.a.c.s.f.ApiVersionFilter     : Adding Version to Request GET /api/aeolus/templates/JAVA/PLAIN_MAVEN
    23:45:00.602 | 472 ool-1-worker-236 | DEBUG | t.c.a.a.p.w.l.AeolusTemplateResource : REST request to get aeolus template for programming language JAVA and project type Optional[PLAIN_MAVEN], static Analysis: true, sequential Runs false

  Starting logs for AeolusTemplateResourceTest > [7] templateKey=JAVA/MAVEN_BLACKBOX, expectedScriptActions=7
    23:45:00.631 | 472 ool-1-worker-236 | DEBUG | d.t.c.a.a.c.u.util.UserUtilService   : Generate 0 students...
    23:45:00.632 | 472 ool-1-worker-236 | DEBUG | d.t.c.a.a.c.u.util.UserUtilService   : 0 students generated. Generate 0 tutors...
    23:45:00.635 | 472 ool-1-worker-236 | DEBUG | d.t.c.a.a.c.u.util.UserUtilService   : 0 tutors generated. Generate 0 editors...
    23:45:00.636 | 472 ool-1-worker-236 | DEBUG | d.t.c.a.a.c.u.util.UserUtilService   : 0 editors generated. Generate 1 instructors...
    23:45:00.641 | 472 ool-1-worker-236 | DEBUG | d.t.c.a.a.c.u.util.UserUtilService   : 1 instructors generated
    23:45:00.642 | 472 ool-1-worker-236 | DEBUG | d.t.c.a.a.c.u.util.UserUtilService   : Removing 1 users from all courses...
    23:45:00.643 | 472 ool-1-worker-236 | DEBUG | d.t.c.a.a.c.u.util.UserUtilService   : Removing 1 users from all courses. Done
    23:45:00.643 | 472 ool-1-worker-236 | DEBUG | d.t.c.a.a.c.u.util.UserUtilService   : Save 1 users to database...
    23:45:00.645 | 472 ool-1-worker-236 | DEBUG | d.t.c.a.a.c.u.util.UserUtilService   : Save 1 users to database. Done
    23:45:00.645 | 472 ool-1-worker-236 | INFO  | i.z.t.d.l.EmbeddedDatabaseReporter   : JDBC URL to connect to 'dataSource': url='jdbc:h2:tcp://localhost:41063/mem:f240edcd-27ce-47a3-b4ab-a6a00c154135;USER=sa', scope='AeolusTemplateResourceTest#testGetAeolusTemplateFile'
    23:45:00.646 | 472 ool-1-worker-236 | DEBUG | d.t.c.a.a.c.s.f.ApiVersionFilter     : Adding Version to Request GET /api/aeolus/templates/JAVA/MAVEN_BLACKBOX
    23:45:00.647 | 472 ool-1-worker-236 | DEBUG | t.c.a.a.p.w.l.AeolusTemplateResource : REST request to get aeolus template for programming language JAVA and project type Optional[MAVEN_BLACKBOX], static Analysis: false, sequential Runs false

  Starting logs for AeolusTemplateResourceTest > [8] templateKey=JAVA/MAVEN_BLACKBOX?staticAnalysis=true, expectedScriptActions=8
    23:45:00.669 | 472 ool-1-worker-236 | DEBUG | d.t.c.a.a.c.u.util.UserUtilService   : Generate 0 students...
    23:45:00.670 | 472 ool-1-worker-236 | DEBUG | d.t.c.a.a.c.u.util.UserUtilService   : 0 students generated. Generate 0 tutors...
    23:45:00.672 | 472 ool-1-worker-236 | DEBUG | d.t.c.a.a.c.u.util.UserUtilService   : 0 tutors generated. Generate 0 editors...
    23:45:00.674 | 472 ool-1-worker-236 | DEBUG | d.t.c.a.a.c.u.util.UserUtilService   : 0 editors generated. Generate 1 instructors...
    23:45:00.678 | 472 ool-1-worker-236 | DEBUG | d.t.c.a.a.c.u.util.UserUtilService   : 1 instructors generated
    23:45:00.679 | 472 ool-1-worker-236 | DEBUG | d.t.c.a.a.c.u.util.UserUtilService   : Removing 1 users from all courses...
    23:45:00.680 | 472 ool-1-worker-236 | DEBUG | d.t.c.a.a.c.u.util.UserUtilService   : Removing 1 users from all courses. Done
    23:45:00.680 | 472 ool-1-worker-236 | DEBUG | d.t.c.a.a.c.u.util.UserUtilService   : Save 1 users to database...
    23:45:00.682 | 472 ool-1-worker-236 | DEBUG | d.t.c.a.a.c.u.util.UserUtilService   : Save 1 users to database. Done
    23:45:00.683 | 472 ool-1-worker-236 | INFO  | i.z.t.d.l.EmbeddedDatabaseReporter   : JDBC URL to connect to 'dataSource': url='jdbc:h2:tcp://localhost:41063/mem:f240edcd-27ce-47a3-b4ab-a6a00c154135;USER=sa', scope='AeolusTemplateResourceTest#testGetAeolusTemplateFile'
    23:45:00.684 | 472 ool-1-worker-236 | DEBUG | d.t.c.a.a.c.s.f.ApiVersionFilter     : Adding Version to Request GET /api/aeolus/templates/JAVA/MAVEN_BLACKBOX
    23:45:00.685 | 472 ool-1-worker-236 | DEBUG | t.c.a.a.p.w.l.AeolusTemplateResource : REST request to get aeolus template for programming language JAVA and project type Optional[MAVEN_BLACKBOX], static Analysis: true, sequential Runs false

  Starting logs for AeolusTemplateResourceTest > [9] templateKey=ASSEMBLER, expectedScriptActions=4
    23:45:00.704 | 472 ool-1-worker-236 | DEBUG | d.t.c.a.a.c.u.util.UserUtilService   : Generate 0 students...
    23:45:00.706 | 472 ool-1-worker-236 | DEBUG | d.t.c.a.a.c.u.util.UserUtilService   : 0 students generated. Generate 0 tutors...
    23:45:00.707 | 472 ool-1-worker-236 | DEBUG | d.t.c.a.a.c.u.util.UserUtilService   : 0 tutors generated. Generate 0 editors...
    23:45:00.708 | 472 ool-1-worker-236 | DEBUG | d.t.c.a.a.c.u.util.UserUtilService   : 0 editors generated. Generate 1 instructors...
    23:45:00.711 | 472 ool-1-worker-236 | DEBUG | d.t.c.a.a.c.u.util.UserUtilService   : 1 instructors generated
    23:45:00.713 | 472 ool-1-worker-236 | DEBUG | d.t.c.a.a.c.u.util.UserUtilService   : Removing 1 users from all courses...
    23:45:00.713 | 472 ool-1-worker-236 | DEBUG | d.t.c.a.a.c.u.util.UserUtilService   : Removing 1 users from all courses. Done
    23:45:00.713 | 472 ool-1-worker-236 | DEBUG | d.t.c.a.a.c.u.util.UserUtilService   : Save 1 users to database...
    23:45:00.715 | 472 ool-1-worker-236 | DEBUG | d.t.c.a.a.c.u.util.UserUtilService   : Save 1 users to database. Done
    23:45:00.715 | 472 ool-1-worker-236 | INFO  | i.z.t.d.l.EmbeddedDatabaseReporter   : JDBC URL to connect to 'dataSource': url='jdbc:h2:tcp://localhost:41063/mem:f240edcd-27ce-47a3-b4ab-a6a00c154135;USER=sa', scope='AeolusTemplateResourceTest#testGetAeolusTemplateFile'
    23:45:00.717 | 472 ool-1-worker-236 | DEBUG | d.t.c.a.a.c.s.f.ApiVersionFilter     : Adding Version to Request GET /api/aeolus/templates/ASSEMBLER
    23:45:00.717 | 472 ool-1-worker-236 | DEBUG | t.c.a.a.p.w.l.AeolusTemplateResource : REST request to get aeolus template for programming language ASSEMBLER and project type Optional.empty, static Analysis: false, sequential Runs false

  Starting logs for AeolusTemplateResourceTest > [10] templateKey=C/FACT, expectedScriptActions=2
    23:45:00.739 | 472 ool-1-worker-236 | DEBUG | d.t.c.a.a.c.u.util.UserUtilService   : Generate 0 students...
    23:45:00.740 | 472 ool-1-worker-236 | DEBUG | d.t.c.a.a.c.u.util.UserUtilService   : 0 students generated. Generate 0 tutors...
    23:45:00.741 | 472 ool-1-worker-236 | DEBUG | d.t.c.a.a.c.u.util.UserUtilService   : 0 tutors generated. Generate 0 editors...
    23:45:00.743 | 472 ool-1-worker-236 | DEBUG | d.t.c.a.a.c.u.util.UserUtilService   : 0 editors generated. Generate 1 instructors...
    23:45:00.746 | 472 ool-1-worker-236 | DEBUG | d.t.c.a.a.c.u.util.UserUtilService   : 1 instructors generated
    23:45:00.747 | 472 ool-1-worker-236 | DEBUG | d.t.c.a.a.c.u.util.UserUtilService   : Removing 1 users from all courses...
    23:45:00.748 | 472 ool-1-worker-236 | DEBUG | d.t.c.a.a.c.u.util.UserUtilService   : Removing 1 users from all courses. Done
    23:45:00.748 | 472 ool-1-worker-236 | DEBUG | d.t.c.a.a.c.u.util.UserUtilService   : Save 1 users to database...
    23:45:00.750 | 472 ool-1-worker-236 | DEBUG | d.t.c.a.a.c.u.util.UserUtilService   : Save 1 users to database. Done
    23:45:00.750 | 472 ool-1-worker-236 | INFO  | i.z.t.d.l.EmbeddedDatabaseReporter   : JDBC URL to connect to 'dataSource': url='jdbc:h2:tcp://localhost:41063/mem:f240edcd-27ce-47a3-b4ab-a6a00c154135;USER=sa', scope='AeolusTemplateResourceTest#testGetAeolusTemplateFile'
    23:45:00.751 | 472 ool-1-worker-236 | DEBUG | d.t.c.a.a.c.s.f.ApiVersionFilter     : Adding Version to Request GET /api/aeolus/templates/C/FACT
    23:45:00.752 | 472 ool-1-worker-236 | DEBUG | t.c.a.a.p.w.l.AeolusTemplateResource : REST request to get aeolus template for programming language C and project type Optional[FACT], static Analysis: false, sequential Runs false

  Starting logs for AeolusTemplateResourceTest > [11] templateKey=C/GCC, expectedScriptActions=3
    23:45:00.788 | 472 ool-1-worker-236 | DEBUG | d.t.c.a.a.c.u.util.UserUtilService   : Generate 0 students...
    23:45:00.789 | 472 ool-1-worker-236 | DEBUG | d.t.c.a.a.c.u.util.UserUtilService   : 0 students generated. Generate 0 tutors...
    23:45:00.793 | 472 ool-1-worker-236 | DEBUG | d.t.c.a.a.c.u.util.UserUtilService   : 0 tutors generated. Generate 0 editors...
    23:45:00.794 | 472 ool-1-worker-236 | DEBUG | d.t.c.a.a.c.u.util.UserUtilService   : 0 editors generated. Generate 1 instructors...
    23:45:00.801 | 472 ool-1-worker-236 | DEBUG | d.t.c.a.a.c.u.util.UserUtilService   : 1 instructors generated
    23:45:00.805 | 472 ool-1-worker-236 | DEBUG | d.t.c.a.a.c.u.util.UserUtilService   : Removing 1 users from all courses...
    23:45:00.806 | 472 ool-1-worker-236 | DEBUG | d.t.c.a.a.c.u.util.UserUtilService   : Removing 1 users from all courses. Done
    23:45:00.806 | 472 ool-1-worker-236 | DEBUG | d.t.c.a.a.c.u.util.UserUtilService   : Save 1 users to database...
    23:45:00.813 | 472 ool-1-worker-236 | DEBUG | d.t.c.a.a.c.u.util.UserUtilService   : Save 1 users to database. Done
    23:45:00.813 | 472 ool-1-worker-236 | INFO  | i.z.t.d.l.EmbeddedDatabaseReporter   : JDBC URL to connect to 'dataSource': url='jdbc:h2:tcp://localhost:41063/mem:f240edcd-27ce-47a3-b4ab-a6a00c154135;USER=sa', scope='AeolusTemplateResourceTest#testGetAeolusTemplateFile'
    23:45:00.818 | 472 ool-1-worker-236 | DEBUG | d.t.c.a.a.c.s.f.ApiVersionFilter     : Adding Version to Request GET /api/aeolus/templates/C/GCC
    23:45:00.819 | 472 ool-1-worker-236 | DEBUG | t.c.a.a.p.w.l.AeolusTemplateResource : REST request to get aeolus template for programming language C and project type Optional[GCC], static Analysis: false, sequential Runs false

  Starting logs for AeolusTemplateResourceTest > [12] templateKey=C/GCC?staticAnalysis=true, expectedScriptActions=3
    23:45:00.845 | 472 ool-1-worker-236 | DEBUG | d.t.c.a.a.c.u.util.UserUtilService   : Generate 0 students...
    23:45:00.847 | 472 ool-1-worker-236 | DEBUG | d.t.c.a.a.c.u.util.UserUtilService   : 0 students generated. Generate 0 tutors...
    23:45:00.848 | 472 ool-1-worker-236 | DEBUG | d.t.c.a.a.c.u.util.UserUtilService   : 0 tutors generated. Generate 0 editors...
    23:45:00.849 | 472 ool-1-worker-236 | DEBUG | d.t.c.a.a.c.u.util.UserUtilService   : 0 editors generated. Generate 1 instructors...
    23:45:00.853 | 472 ool-1-worker-236 | DEBUG | d.t.c.a.a.c.u.util.UserUtilService   : 1 instructors generated
    23:45:00.854 | 472 ool-1-worker-236 | DEBUG | d.t.c.a.a.c.u.util.UserUtilService   : Removing 1 users from all courses...
    23:45:00.854 | 472 ool-1-worker-236 | DEBUG | d.t.c.a.a.c.u.util.UserUtilService   : Removing 1 users from all courses. Done
    23:45:00.854 | 472 ool-1-worker-236 | DEBUG | d.t.c.a.a.c.u.util.UserUtilService   : Save 1 users to database...
    23:45:00.856 | 472 ool-1-worker-236 | DEBUG | d.t.c.a.a.c.u.util.UserUtilService   : Save 1 users to database. Done
    23:45:00.857 | 472 ool-1-worker-236 | INFO  | i.z.t.d.l.EmbeddedDatabaseReporter   : JDBC URL to connect to 'dataSource': url='jdbc:h2:tcp://localhost:41063/mem:f240edcd-27ce-47a3-b4ab-a6a00c154135;USER=sa', scope='AeolusTemplateResourceTest#testGetAeolusTemplateFile'
    23:45:00.858 | 472 ool-1-worker-236 | DEBUG | d.t.c.a.a.c.s.f.ApiVersionFilter     : Adding Version to Request GET /api/aeolus/templates/C/GCC
    23:45:00.859 | 472 ool-1-worker-236 | DEBUG | t.c.a.a.p.w.l.AeolusTemplateResource : REST request to get aeolus template for programming language C and project type Optional[GCC], static Analysis: true, sequential Runs false

  Starting logs for AeolusTemplateResourceTest > [13] templateKey=KOTLIN, expectedScriptActions=1
    23:45:00.894 | 472 ool-1-worker-236 | DEBUG | d.t.c.a.a.c.u.util.UserUtilService   : Generate 0 students...
    23:45:00.898 | 472 ool-1-worker-236 | DEBUG | d.t.c.a.a.c.u.util.UserUtilService   : 0 students generated. Generate 0 tutors...
    23:45:00.902 | 472 ool-1-worker-236 | DEBUG | d.t.c.a.a.c.u.util.UserUtilService   : 0 tutors generated. Generate 0 editors...
    23:45:00.904 | 472 ool-1-worker-236 | DEBUG | d.t.c.a.a.c.u.util.UserUtilService   : 0 editors generated. Generate 1 instructors...
    23:45:00.910 | 472 ool-1-worker-236 | DEBUG | d.t.c.a.a.c.u.util.UserUtilService   : 1 instructors generated
    23:45:00.911 | 472 ool-1-worker-236 | DEBUG | d.t.c.a.a.c.u.util.UserUtilService   : Removing 1 users from all courses...
    23:45:00.912 | 472 ool-1-worker-236 | DEBUG | d.t.c.a.a.c.u.util.UserUtilService   : Removing 1 users from all courses. Done
    23:45:00.912 | 472 ool-1-worker-236 | DEBUG | d.t.c.a.a.c.u.util.UserUtilService   : Save 1 users to database...
    23:45:00.919 | 472 ool-1-worker-236 | DEBUG | d.t.c.a.a.c.u.util.UserUtilService   : Save 1 users to database. Done
    23:45:00.919 | 472 ool-1-worker-236 | INFO  | i.z.t.d.l.EmbeddedDatabaseReporter   : JDBC URL to connect to 'dataSource': url='jdbc:h2:tcp://localhost:41063/mem:f240edcd-27ce-47a3-b4ab-a6a00c154135;USER=sa', scope='AeolusTemplateResourceTest#testGetAeolusTemplateFile'
    23:45:00.920 | 472 ool-1-worker-236 | DEBUG | d.t.c.a.a.c.s.f.ApiVersionFilter     : Adding Version to Request GET /api/aeolus/templates/KOTLIN
    23:45:00.921 | 472 ool-1-worker-236 | DEBUG | t.c.a.a.p.w.l.AeolusTemplateResource : REST request to get aeolus template for programming language KOTLIN and project type Optional.empty, static Analysis: false, sequential Runs false

  Starting logs for AeolusTemplateResourceTest > [14] templateKey=KOTLIN?sequentialRuns=true, expectedScriptActions=3
    23:45:00.965 | 472 ool-1-worker-236 | DEBUG | d.t.c.a.a.c.u.util.UserUtilService   : Generate 0 students...
    23:45:00.967 | 472 ool-1-worker-236 | DEBUG | d.t.c.a.a.c.u.util.UserUtilService   : 0 students generated. Generate 0 tutors...
    23:45:00.969 | 472 ool-1-worker-236 | DEBUG | d.t.c.a.a.c.u.util.UserUtilService   : 0 tutors generated. Generate 0 editors...
    23:45:00.974 | 472 ool-1-worker-236 | DEBUG | d.t.c.a.a.c.u.util.UserUtilService   : 0 editors generated. Generate 1 instructors...
    23:45:00.984 | 472 ool-1-worker-236 | DEBUG | d.t.c.a.a.c.u.util.UserUtilService   : 1 instructors generated
    23:45:00.992 | 472 ool-1-worker-236 | DEBUG | d.t.c.a.a.c.u.util.UserUtilService   : Removing 1 users from all courses...
    23:45:00.992 | 472 ool-1-worker-236 | DEBUG | d.t.c.a.a.c.u.util.UserUtilService   : Removing 1 users from all courses. Done
    23:45:00.992 | 472 ool-1-worker-236 | DEBUG | d.t.c.a.a.c.u.util.UserUtilService   : Save 1 users to database...
    23:45:00.995 | 472 ool-1-worker-236 | DEBUG | d.t.c.a.a.c.u.util.UserUtilService   : Save 1 users to database. Done
    23:45:00.997 | 472 ool-1-worker-236 | INFO  | i.z.t.d.l.EmbeddedDatabaseReporter   : JDBC URL to connect to 'dataSource': url='jdbc:h2:tcp://localhost:41063/mem:f240edcd-27ce-47a3-b4ab-a6a00c154135;USER=sa', scope='AeolusTemplateResourceTest#testGetAeolusTemplateFile'
    23:45:00.998 | 472 ool-1-worker-236 | DEBUG | d.t.c.a.a.c.s.f.ApiVersionFilter     : Adding Version to Request GET /api/aeolus/templates/KOTLIN
    23:45:01.003 | 472 ool-1-worker-236 | DEBUG | t.c.a.a.p.w.l.AeolusTemplateResource : REST request to get aeolus template for programming language KOTLIN and project type Optional.empty, static Analysis: false, sequential Runs true

  Starting logs for AeolusTemplateResourceTest > [15] templateKey=VHDL, expectedScriptActions=4
    23:45:01.043 | 472 ool-1-worker-236 | DEBUG | d.t.c.a.a.c.u.util.UserUtilService   : Generate 0 students...
    23:45:01.044 | 472 ool-1-worker-236 | DEBUG | d.t.c.a.a.c.u.util.UserUtilService   : 0 students generated. Generate 0 tutors...
    23:45:01.049 | 472 ool-1-worker-236 | DEBUG | d.t.c.a.a.c.u.util.UserUtilService   : 0 tutors generated. Generate 0 editors...
    23:45:01.050 | 472 ool-1-worker-236 | DEBUG | d.t.c.a.a.c.u.util.UserUtilService   : 0 editors generated. Generate 1 instructors...
    23:45:01.053 | 472 ool-1-worker-236 | DEBUG | d.t.c.a.a.c.u.util.UserUtilService   : 1 instructors generated
    23:45:01.055 | 472 ool-1-worker-236 | DEBUG | d.t.c.a.a.c.u.util.UserUtilService   : Removing 1 users from all courses...
    23:45:01.055 | 472 ool-1-worker-236 | DEBUG | d.t.c.a.a.c.u.util.UserUtilService   : Removing 1 users from all courses. Done
    23:45:01.055 | 472 ool-1-worker-236 | DEBUG | d.t.c.a.a.c.u.util.UserUtilService   : Save 1 users to database...
    23:45:01.057 | 472 ool-1-worker-236 | DEBUG | d.t.c.a.a.c.u.util.UserUtilService   : Save 1 users to database. Done
    23:45:01.057 | 472 ool-1-worker-236 | INFO  | i.z.t.d.l.EmbeddedDatabaseReporter   : JDBC URL to connect to 'dataSource': url='jdbc:h2:tcp://localhost:41063/mem:f240edcd-27ce-47a3-b4ab-a6a00c154135;USER=sa', scope='AeolusTemplateResourceTest#testGetAeolusTemplateFile'
    23:45:01.059 | 472 ool-1-worker-236 | DEBUG | d.t.c.a.a.c.s.f.ApiVersionFilter     : Adding Version to Request GET /api/aeolus/templates/VHDL
    23:45:01.059 | 472 ool-1-worker-236 | DEBUG | t.c.a.a.p.w.l.AeolusTemplateResource : REST request to get aeolus template for programming language VHDL and project type Optional.empty, static Analysis: false, sequential Runs false

  Starting logs for AeolusTemplateResourceTest > [16] templateKey=HASKELL, expectedScriptActions=1
    23:45:01.089 | 472 ool-1-worker-236 | DEBUG | d.t.c.a.a.c.u.util.UserUtilService   : Generate 0 students...
    23:45:01.094 | 472 ool-1-worker-236 | DEBUG | d.t.c.a.a.c.u.util.UserUtilService   : 0 students generated. Generate 0 tutors...
    23:45:01.095 | 472 ool-1-worker-236 | DEBUG | d.t.c.a.a.c.u.util.UserUtilService   : 0 tutors generated. Generate 0 editors...
    23:45:01.101 | 472 ool-1-worker-236 | DEBUG | d.t.c.a.a.c.u.util.UserUtilService   : 0 editors generated. Generate 1 instructors...
    23:45:01.106 | 472 ool-1-worker-236 | DEBUG | d.t.c.a.a.c.u.util.UserUtilService   : 1 instructors generated
    23:45:01.107 | 472 ool-1-worker-236 | DEBUG | d.t.c.a.a.c.u.util.UserUtilService   : Removing 1 users from all courses...
    23:45:01.108 | 472 ool-1-worker-236 | DEBUG | d.t.c.a.a.c.u.util.UserUtilService   : Removing 1 users from all courses. Done
    23:45:01.108 | 472 ool-1-worker-236 | DEBUG | d.t.c.a.a.c.u.util.UserUtilService   : Save 1 users to database...
    23:45:01.110 | 472 ool-1-worker-236 | DEBUG | d.t.c.a.a.c.u.util.UserUtilService   : Save 1 users to database. Done
    23:45:01.110 | 472 ool-1-worker-236 | INFO  | i.z.t.d.l.EmbeddedDatabaseReporter   : JDBC URL to connect to 'dataSource': url='jdbc:h2:tcp://localhost:41063/mem:f240edcd-27ce-47a3-b4ab-a6a00c154135;USER=sa', scope='AeolusTemplateResourceTest#testGetAeolusTemplateFile'
    23:45:01.111 | 472 ool-1-worker-236 | DEBUG | d.t.c.a.a.c.s.f.ApiVersionFilter     : Adding Version to Request GET /api/aeolus/templates/HASKELL
    23:45:01.112 | 472 ool-1-worker-236 | DEBUG | t.c.a.a.p.w.l.AeolusTemplateResource : REST request to get aeolus template for programming language HASKELL and project type Optional.empty, static Analysis: false, sequential Runs false

  Starting logs for AeolusTemplateResourceTest > [17] templateKey=HASKELL?sequentialRuns=true, expectedScriptActions=2
    23:45:01.130 | 472 ool-1-worker-236 | DEBUG | d.t.c.a.a.c.u.util.UserUtilService   : Generate 0 students...
    23:45:01.131 | 472 ool-1-worker-236 | DEBUG | d.t.c.a.a.c.u.util.UserUtilService   : 0 students generated. Generate 0 tutors...
    23:45:01.132 | 472 ool-1-worker-236 | DEBUG | d.t.c.a.a.c.u.util.UserUtilService   : 0 tutors generated. Generate 0 editors...
    23:45:01.134 | 472 ool-1-worker-236 | DEBUG | d.t.c.a.a.c.u.util.UserUtilService   : 0 editors generated. Generate 1 instructors...
    23:45:01.137 | 472 ool-1-worker-236 | DEBUG | d.t.c.a.a.c.u.util.UserUtilService   : 1 instructors generated
    23:45:01.138 | 472 ool-1-worker-236 | DEBUG | d.t.c.a.a.c.u.util.UserUtilService   : Removing 1 users from all courses...
    23:45:01.139 | 472 ool-1-worker-236 | DEBUG | d.t.c.a.a.c.u.util.UserUtilService   : Removing 1 users from all courses. Done
    23:45:01.139 | 472 ool-1-worker-236 | DEBUG | d.t.c.a.a.c.u.util.UserUtilService   : Save 1 users to database...
    23:45:01.141 | 472 ool-1-worker-236 | DEBUG | d.t.c.a.a.c.u.util.UserUtilService   : Save 1 users to database. Done
    23:45:01.141 | 472 ool-1-worker-236 | INFO  | i.z.t.d.l.EmbeddedDatabaseReporter   : JDBC URL to connect to 'dataSource': url='jdbc:h2:tcp://localhost:41063/mem:f240edcd-27ce-47a3-b4ab-a6a00c154135;USER=sa', scope='AeolusTemplateResourceTest#testGetAeolusTemplateFile'
    23:45:01.142 | 472 ool-1-worker-236 | DEBUG | d.t.c.a.a.c.s.f.ApiVersionFilter     : Adding Version to Request GET /api/aeolus/templates/HASKELL
    23:45:01.143 | 472 ool-1-worker-236 | DEBUG | t.c.a.a.p.w.l.AeolusTemplateResource : REST request to get aeolus template for programming language HASKELL and project type Optional.empty, static Analysis: false, sequential Runs true

  Starting logs for AeolusTemplateResourceTest > [18] templateKey=OCAML, expectedScriptActions=2
    23:45:01.166 | 472 ool-1-worker-236 | DEBUG | d.t.c.a.a.c.u.util.UserUtilService   : Generate 0 students...
    23:45:01.168 | 472 ool-1-worker-236 | DEBUG | d.t.c.a.a.c.u.util.UserUtilService   : 0 students generated. Generate 0 tutors...
    23:45:01.172 | 472 ool-1-worker-236 | DEBUG | d.t.c.a.a.c.u.util.UserUtilService   : 0 tutors generated. Generate 0 editors...
    23:45:01.173 | 472 ool-1-worker-236 | DEBUG | d.t.c.a.a.c.u.util.UserUtilService   : 0 editors generated. Generate 1 instructors...
    23:45:01.180 | 472 ool-1-worker-236 | DEBUG | d.t.c.a.a.c.u.util.UserUtilService   : 1 instructors generated
    23:45:01.188 | 472 ool-1-worker-236 | DEBUG | d.t.c.a.a.c.u.util.UserUtilService   : Removing 1 users from all courses...
    23:45:01.189 | 472 ool-1-worker-236 | DEBUG | d.t.c.a.a.c.u.util.UserUtilService   : Removing 1 users from all courses. Done
    23:45:01.189 | 472 ool-1-worker-236 | DEBUG | d.t.c.a.a.c.u.util.UserUtilService   : Save 1 users to database...
    23:45:01.195 | 472 ool-1-worker-236 | DEBUG | d.t.c.a.a.c.u.util.UserUtilService   : Save 1 users to database. Done
    23:45:01.195 | 472 ool-1-worker-236 | INFO  | i.z.t.d.l.EmbeddedDatabaseReporter   : JDBC URL to connect to 'dataSource': url='jdbc:h2:tcp://localhost:41063/mem:f240edcd-27ce-47a3-b4ab-a6a00c154135;USER=sa', scope='AeolusTemplateResourceTest#testGetAeolusTemplateFile'
    23:45:01.196 | 472 ool-1-worker-236 | DEBUG | d.t.c.a.a.c.s.f.ApiVersionFilter     : Adding Version to Request GET /api/aeolus/templates/OCAML
    23:45:01.199 | 472 ool-1-worker-236 | DEBUG | t.c.a.a.p.w.l.AeolusTemplateResource : REST request to get aeolus template for programming language OCAML and project type Optional.empty, static Analysis: false, sequential Runs false

  Starting logs for AeolusTemplateResourceTest > [19] templateKey=SWIFT/PLAIN, expectedScriptActions=1
    23:45:01.236 | 472 ool-1-worker-236 | DEBUG | d.t.c.a.a.c.u.util.UserUtilService   : Generate 0 students...
    23:45:01.240 | 472 ool-1-worker-236 | DEBUG | d.t.c.a.a.c.u.util.UserUtilService   : 0 students generated. Generate 0 tutors...
    23:45:01.242 | 472 ool-1-worker-236 | DEBUG | d.t.c.a.a.c.u.util.UserUtilService   : 0 tutors generated. Generate 0 editors...
    23:45:01.246 | 472 ool-1-worker-236 | DEBUG | d.t.c.a.a.c.u.util.UserUtilService   : 0 editors generated. Generate 1 instructors...
    23:45:01.251 | 472 ool-1-worker-236 | DEBUG | d.t.c.a.a.c.u.util.UserUtilService   : 1 instructors generated
    23:45:01.252 | 472 ool-1-worker-236 | DEBUG | d.t.c.a.a.c.u.util.UserUtilService   : Removing 1 users from all courses...
    23:45:01.253 | 472 ool-1-worker-236 | DEBUG | d.t.c.a.a.c.u.util.UserUtilService   : Removing 1 users from all courses. Done
    23:45:01.253 | 472 ool-1-worker-236 | DEBUG | d.t.c.a.a.c.u.util.UserUtilService   : Save 1 users to database...
    23:45:01.262 | 472 ool-1-worker-236 | DEBUG | d.t.c.a.a.c.u.util.UserUtilService   : Save 1 users to database. Done
    23:45:01.262 | 472 ool-1-worker-236 | INFO  | i.z.t.d.l.EmbeddedDatabaseReporter   : JDBC URL to connect to 'dataSource': url='jdbc:h2:tcp://localhost:41063/mem:f240edcd-27ce-47a3-b4ab-a6a00c154135;USER=sa', scope='AeolusTemplateResourceTest#testGetAeolusTemplateFile'
    23:45:01.263 | 472 ool-1-worker-236 | DEBUG | d.t.c.a.a.c.s.f.ApiVersionFilter     : Adding Version to Request GET /api/aeolus/templates/SWIFT/PLAIN
    23:45:01.264 | 472 ool-1-worker-236 | DEBUG | t.c.a.a.p.w.l.AeolusTemplateResource : REST request to get aeolus template for programming language SWIFT and project type Optional[PLAIN], static Analysis: false, sequential Runs false

  Starting logs for AeolusTemplateResourceTest > [20] templateKey=SWIFT/PLAIN?staticAnalysis=true, expectedScriptActions=2
    23:45:01.305 | 472 ool-1-worker-236 | DEBUG | d.t.c.a.a.c.u.util.UserUtilService   : Generate 0 students...
    23:45:01.306 | 472 ool-1-worker-236 | DEBUG | d.t.c.a.a.c.u.util.UserUtilService   : 0 students generated. Generate 0 tutors...
    23:45:01.310 | 472 ool-1-worker-236 | DEBUG | d.t.c.a.a.c.u.util.UserUtilService   : 0 tutors generated. Generate 0 editors...
    23:45:01.312 | 472 ool-1-worker-236 | DEBUG | d.t.c.a.a.c.u.util.UserUtilService   : 0 editors generated. Generate 1 instructors...
    23:45:01.318 | 472 ool-1-worker-236 | DEBUG | d.t.c.a.a.c.u.util.UserUtilService   : 1 instructors generated
    23:45:01.322 | 472 ool-1-worker-236 | DEBUG | d.t.c.a.a.c.u.util.UserUtilService   : Removing 1 users from all courses...
    23:45:01.323 | 472 ool-1-worker-236 | DEBUG | d.t.c.a.a.c.u.util.UserUtilService   : Removing 1 users from all courses. Done
    23:45:01.323 | 472 ool-1-worker-236 | DEBUG | d.t.c.a.a.c.u.util.UserUtilService   : Save 1 users to database...
    23:45:01.327 | 472 ool-1-worker-236 | DEBUG | d.t.c.a.a.c.u.util.UserUtilService   : Save 1 users to database. Done
    23:45:01.327 | 472 ool-1-worker-236 | INFO  | i.z.t.d.l.EmbeddedDatabaseReporter   : JDBC URL to connect to 'dataSource': url='jdbc:h2:tcp://localhost:41063/mem:f240edcd-27ce-47a3-b4ab-a6a00c154135;USER=sa', scope='AeolusTemplateResourceTest#testGetAeolusTemplateFile'
    23:45:01.328 | 472 ool-1-worker-236 | DEBUG | d.t.c.a.a.c.s.f.ApiVersionFilter     : Adding Version to Request GET /api/aeolus/templates/SWIFT/PLAIN
    23:45:01.329 | 472 ool-1-worker-236 | DEBUG | t.c.a.a.p.w.l.AeolusTemplateResource : REST request to get aeolus template for programming language SWIFT and project type Optional[PLAIN], static Analysis: true, sequential Runs false

  Starting logs for AeolusTemplateResourceTest > testValidWindfileDeserializationWithClass()
    23:45:01.366 | 472 ool-1-worker-236 | DEBUG | d.t.c.a.a.c.u.util.UserUtilService   : Generate 0 students...
    23:45:01.367 | 472 ool-1-worker-236 | DEBUG | d.t.c.a.a.c.u.util.UserUtilService   : 0 students generated. Generate 0 tutors...
    23:45:01.370 | 472 ool-1-worker-236 | DEBUG | d.t.c.a.a.c.u.util.UserUtilService   : 0 tutors generated. Generate 0 editors...
    23:45:01.373 | 472 ool-1-worker-236 | DEBUG | d.t.c.a.a.c.u.util.UserUtilService   : 0 editors generated. Generate 1 instructors...
    23:45:01.377 | 472 ool-1-worker-236 | DEBUG | d.t.c.a.a.c.u.util.UserUtilService   : 1 instructors generated
    23:45:01.388 | 472 ool-1-worker-236 | DEBUG | d.t.c.a.a.c.u.util.UserUtilService   : Removing 1 users from all courses...
    23:45:01.388 | 472 ool-1-worker-236 | DEBUG | d.t.c.a.a.c.u.util.UserUtilService   : Removing 1 users from all courses. Done
    23:45:01.388 | 472 ool-1-worker-236 | DEBUG | d.t.c.a.a.c.u.util.UserUtilService   : Save 1 users to database...
    23:45:01.395 | 472 ool-1-worker-236 | DEBUG | d.t.c.a.a.c.u.util.UserUtilService   : Save 1 users to database. Done
    23:45:01.395 | 472 ool-1-worker-236 | INFO  | i.z.t.d.l.EmbeddedDatabaseReporter   : JDBC URL to connect to 'dataSource': url='jdbc:h2:tcp://localhost:41063/mem:f240edcd-27ce-47a3-b4ab-a6a00c154135;USER=sa', scope='AeolusTemplateResourceTest#testValidWindfileDeserializationWithClass'

Finished logs for AeolusTemplateResourceTest
]]></system-out>
  <system-err><![CDATA[]]></system-err>
</testsuite>
