<?xml version="1.0" encoding="UTF-8"?>
<testsuite name="de.tum.cit.aet.artemis.programming.ProgrammingExerciseTestCaseServiceTest" tests="7" skipped="0" failures="0" errors="0" timestamp="2025-02-14T23:44:53" hostname="fv-az1721-502" time="1.039">
  <properties/>
  <testcase name="shouldAllowTestCaseWeightSumZero(AssessmentType) [1] assessmentType=AUTOMATIC" classname="de.tum.cit.aet.artemis.programming.ProgrammingExerciseTestCaseServiceTest" time="0.151"/>
  <testcase name="shouldAllowTestCaseWeightSumZero(AssessmentType) [2] assessmentType=SEMI_AUTOMATIC" classname="de.tum.cit.aet.artemis.programming.ProgrammingExerciseTestCaseServiceTest" time="0.166"/>
  <testcase name="shouldAllowTestCaseWeightSumZero(AssessmentType) [3] assessmentType=MANUAL" classname="de.tum.cit.aet.artemis.programming.ProgrammingExerciseTestCaseServiceTest" time="0.142"/>
  <testcase name="shouldAllowTestCaseWeightSumZero(AssessmentType) [4] assessmentType=AUTOMATIC_ATHENA" classname="de.tum.cit.aet.artemis.programming.ProgrammingExerciseTestCaseServiceTest" time="0.155"/>
  <testcase name="shouldResetExamExerciseTestCases()" classname="de.tum.cit.aet.artemis.programming.ProgrammingExerciseTestCaseServiceTest" time="0.109"/>
  <testcase name="shouldUpdateTestWeight()" classname="de.tum.cit.aet.artemis.programming.ProgrammingExerciseTestCaseServiceTest" time="0.14"/>
  <testcase name="shouldResetCourseExerciseTestCases()" classname="de.tum.cit.aet.artemis.programming.ProgrammingExerciseTestCaseServiceTest" time="0.143"/>
  <system-out><![CDATA[
Starting logs for ProgrammingExerciseTestCaseServiceTest

  Starting logs for ProgrammingExerciseTestCaseServiceTest > shouldAllowTestCaseWeightSumZero(AssessmentType) [1] assessmentType=AUTOMATIC
    23:44:53.816 | 462 ool-1-worker-226 | DEBUG | d.t.c.a.a.c.u.util.UserUtilService   : Generate 5 students...
    23:44:53.822 | 462 ool-1-worker-226 | DEBUG | d.t.c.a.a.c.u.util.UserUtilService   : 5 students generated. Generate 1 tutors...
    23:44:53.827 | 462 ool-1-worker-226 | DEBUG | d.t.c.a.a.c.u.util.UserUtilService   : 1 tutors generated. Generate 0 editors...
    23:44:53.832 | 462 ool-1-worker-226 | DEBUG | d.t.c.a.a.c.u.util.UserUtilService   : 0 editors generated. Generate 1 instructors...
    23:44:53.833 | 462 ool-1-worker-226 | DEBUG | d.t.c.a.a.c.u.util.UserUtilService   : 1 instructors generated
    23:44:53.838 | 462 ool-1-worker-226 | DEBUG | d.t.c.a.a.c.u.util.UserUtilService   : Removing 4 users from all courses...
    23:44:53.838 | 462 ool-1-worker-226 | DEBUG | d.t.c.a.a.c.u.util.UserUtilService   : Removing 4 users from all courses. Done
    23:44:53.838 | 462 ool-1-worker-226 | DEBUG | d.t.c.a.a.c.u.util.UserUtilService   : Save 7 users to database...
    23:44:53.844 | 462 ool-1-worker-226 | DEBUG | d.t.c.a.a.c.u.util.UserUtilService   : Save 7 users to database. Done
    23:44:53.883 | 462 ool-1-worker-226 | INFO  | i.z.t.d.l.EmbeddedDatabaseReporter   : JDBC URL to connect to 'dataSource': url='jdbc:h2:tcp://localhost:41063/mem:f240edcd-27ce-47a3-b4ab-a6a00c154135;USER=sa', scope='ProgrammingExerciseTestCaseServiceTest#shouldAllowTestCaseWeightSumZero'
    23:44:53.929 | 462 ool-1-worker-226 | INFO  | .t.c.a.a.p.s.l.LocalCITriggerService : Triggering build for participation 1744 and commit hash null
    23:44:53.932 | 462 ool-1-worker-226 | WARN  | .t.c.a.a.p.s.l.LocalCITriggerService : Could not retrieve windfile for programming exercise 2446. Using default windfile instead.
    23:44:53.933 | 566 localvc.event-13 | DEBUG | s.l.LocalCIWebsocketMessagingService : Sending message on topic /topic/admin/queued-jobs: [BuildJobQueueItem[id=17441739576693929, name=SHORT1433D0160BE1D048240B38F04F231AEE650FTSTEXC-SOLUTION, buildAgent=BuildAgentDTO[name=null, memberAddress=null, displayName=null], participationId=1744, courseId=871, exerciseId=2446, retryCount=0, priority=2, status=null, repositoryInfo=RepositoryInfo[repositoryName=short1433d0160be1d048240b38f04f231aee650ftstexc-solution, repositoryType=solution, triggeredByPushTo=solution, assignmentRepositoryUri=, testRepositoryUri=, solutionRepositoryUri=, auxiliaryRepositoryUris=null, auxiliaryRepositoryCheckoutDirectories=null], jobTimingInfo=JobTimingInfo[submissionDate=2025-02-14T23:44:53.929193408Z[Etc/UTC], buildStartDate=null, buildCompletionDate=null, estimatedCompletionDate=null, estimatedDuration=19], buildConfig=BuildConfig[buildScript=, dockerImage=, commitHashToBuild=null, assignmentCommitHash=, testCommitHash=, branch=, programmingLanguage=null, projectType=null, scaEnabled=false, sequentialTestRunsEnabled=false, resultPaths=null, timeoutSeconds=0, assignmentCheckoutPath=, testCheckoutPath=, solutionCheckoutPath=, dockerRunConfig=null], submissionResult=null]]
    23:44:53.933 | 462 ool-1-worker-226 | INFO  | .t.c.a.a.p.s.l.LocalCITriggerService : Added build job 17441739576693929 for exercise TSTEXC and participation 1744 with priority 2 to the queue
    23:44:53.933 | 566 localvc.event-13 | DEBUG | s.l.LocalCIWebsocketMessagingService : Sending message on topic /topic/courses/871/queued-jobs: [BuildJobQueueItem[id=17441739576693929, name=SHORT1433D0160BE1D048240B38F04F231AEE650FTSTEXC-SOLUTION, buildAgent=BuildAgentDTO[name=null, memberAddress=null, displayName=null], participationId=1744, courseId=871, exerciseId=2446, retryCount=0, priority=2, status=null, repositoryInfo=RepositoryInfo[repositoryName=short1433d0160be1d048240b38f04f231aee650ftstexc-solution, repositoryType=solution, triggeredByPushTo=solution, assignmentRepositoryUri=, testRepositoryUri=, solutionRepositoryUri=, auxiliaryRepositoryUris=null, auxiliaryRepositoryCheckoutDirectories=null], jobTimingInfo=JobTimingInfo[submissionDate=2025-02-14T23:44:53.929193408Z[Etc/UTC], buildStartDate=null, buildCompletionDate=null, estimatedCompletionDate=null, estimatedDuration=19], buildConfig=BuildConfig[buildScript=, dockerImage=, commitHashToBuild=null, assignmentCommitHash=, testCommitHash=, branch=, programmingLanguage=null, projectType=null, scaEnabled=false, sequentialTestRunsEnabled=false, resultPaths=null, timeoutSeconds=0, assignmentCheckoutPath=, testCheckoutPath=, solutionCheckoutPath=, dockerRunConfig=null], submissionResult=null]]
    23:44:53.934 | 566 localvc.event-13 | DEBUG | a.a.b.s.SharedQueueProcessingService : CIBuildJobQueueItem added to queue: BuildJobQueueItem[id=17441739576693929, name=SHORT1433D0160BE1D048240B38F04F231AEE650FTSTEXC-SOLUTION, buildAgent=BuildAgentDTO[name=null, memberAddress=null, displayName=null], participationId=1744, courseId=871, exerciseId=2446, retryCount=0, priority=2, status=null, repositoryInfo=RepositoryInfo[repositoryName=short1433d0160be1d048240b38f04f231aee650ftstexc-solution, repositoryType=solution, triggeredByPushTo=solution, assignmentRepositoryUri=http://localhost:49152/git/SHORT1433D0160BE1D048240B38F04F231AEE650FTSTEXC/short1433d0160be1d048240b38f04f231aee650ftstexc-solution.git, testRepositoryUri=http://nadnasidni.tum/scm/SHORT1433D0160BE1D048240B38F04F231AEE650FTSTEXC/SHORT1433D0160BE1D048240B38F04F231AEE650FTSTEXC-tests.git, solutionRepositoryUri=null, auxiliaryRepositoryUris=[Ljava.lang.String;@3916ade1, auxiliaryRepositoryCheckoutDirectories=[Ljava.lang.String;@f191d93], jobTimingInfo=JobTimingInfo[submissionDate=2025-02-14T23:44:53.929193408Z[Etc/UTC], buildStartDate=null, buildCompletionDate=null, estimatedCompletionDate=null, estimatedDuration=19], buildConfig=BuildConfig[buildScript=#!/bin/bash
cd /var/tmp/testing-dir
mvn clean test
, dockerImage=dummy-docker-image, commitHashToBuild=null, assignmentCommitHash=9b3a9bd71a0d80e5bbc42204c319ed3d1d4f0d6d, testCommitHash=9b3a9bd71a0d80e5bbc42204c319ed3d1d4f0d6d, branch=main, programmingLanguage=JAVA, projectType=PLAIN_MAVEN, scaEnabled=false, sequentialTestRunsEnabled=false, resultPaths=[/var/tmp/testing-dir/**/target/surefire-reports/*.xml], timeoutSeconds=0, assignmentCheckoutPath=null, testCheckoutPath=null, solutionCheckoutPath=null, dockerRunConfig=null], submissionResult=null]
    23:44:53.934 | 462 ool-1-worker-226 | INFO  | .t.c.a.a.p.s.l.LocalCITriggerService : Triggering build for participation 1745 and commit hash null
    23:44:53.934 | 588 artemis-task-1   | DEBUG | d.t.c.a.a.c.c.w.GzipMessageConverter : Compressed message payload from 651 to 532 (saved 18.3% payload size)
    23:44:53.934 | 588 artemis-task-1   | DEBUG | d.t.c.a.a.c.c.w.GzipMessageConverter : Compressed message payload from 651 to 532 (saved 18.3% payload size)
    23:44:53.935 | 566 localvc.event-13 | DEBUG | a.a.b.s.SharedQueueProcessingService : Current queued items: 1
    23:44:53.935 | 462 ool-1-worker-226 | WARN  | .t.c.a.a.p.s.l.LocalCITriggerService : Could not retrieve windfile for programming exercise 2446. Using default windfile instead.
    23:44:53.935 | 566 localvc.event-13 | DEBUG | a.a.b.s.SharedQueueProcessingService : Currently processing jobs on this node: 0, active threads in Pool: 0, maximum pool size of thread executor : 1
    23:44:53.935 | 566 localvc.event-13 | DEBUG | a.a.b.s.SharedQueueProcessingService : Currently processing jobs on this node: 0, active threads in Pool: 0, maximum pool size of thread executor : 1
    23:44:53.936 | 564 localvc.event-11 | DEBUG | a.p.s.l.LocalCIQueueWebsocketService : CIBuildJobQueueItem added to processing jobs: BuildJobQueueItem[id=17441739576693929, name=SHORT1433D0160BE1D048240B38F04F231AEE650FTSTEXC-SOLUTION, buildAgent=BuildAgentDTO[name=artemis-build-agent-test, memberAddress=[127.0.0.1]:5703, displayName=artemis-build-agent-test], participationId=1744, courseId=871, exerciseId=2446, retryCount=0, priority=2, status=null, repositoryInfo=RepositoryInfo[repositoryName=short1433d0160be1d048240b38f04f231aee650ftstexc-solution, repositoryType=solution, triggeredByPushTo=solution, assignmentRepositoryUri=http://localhost:49152/git/SHORT1433D0160BE1D048240B38F04F231AEE650FTSTEXC/short1433d0160be1d048240b38f04f231aee650ftstexc-solution.git, testRepositoryUri=http://nadnasidni.tum/scm/SHORT1433D0160BE1D048240B38F04F231AEE650FTSTEXC/SHORT1433D0160BE1D048240B38F04F231AEE650FTSTEXC-tests.git, solutionRepositoryUri=null, auxiliaryRepositoryUris=[Ljava.lang.String;@1d3205ee, auxiliaryRepositoryCheckoutDirectories=[Ljava.lang.String;@a2dc937], jobTimingInfo=JobTimingInfo[submissionDate=2025-02-14T23:44:53.929193408Z[Etc/UTC], buildStartDate=2025-02-14T23:44:53.935912198Z[Etc/UTC], buildCompletionDate=null, estimatedCompletionDate=2025-02-14T23:45:12.935900175Z[Etc/UTC], estimatedDuration=19], buildConfig=BuildConfig[buildScript=#!/bin/bash
cd /var/tmp/testing-dir
mvn clean test
, dockerImage=dummy-docker-image, commitHashToBuild=null, assignmentCommitHash=9b3a9bd71a0d80e5bbc42204c319ed3d1d4f0d6d, testCommitHash=9b3a9bd71a0d80e5bbc42204c319ed3d1d4f0d6d, branch=main, programmingLanguage=JAVA, projectType=PLAIN_MAVEN, scaEnabled=false, sequentialTestRunsEnabled=false, resultPaths=[/var/tmp/testing-dir/**/target/surefire-reports/*.xml], timeoutSeconds=0, assignmentCheckoutPath=null, testCheckoutPath=null, solutionCheckoutPath=null, dockerRunConfig=null], submissionResult=null]
    23:44:53.936 | 564 localvc.event-11 | DEBUG | s.l.LocalCIWebsocketMessagingService : Sending message on topic /topic/admin/running-jobs: [BuildJobQueueItem[id=17441739576693929, name=SHORT1433D0160BE1D048240B38F04F231AEE650FTSTEXC-SOLUTION, buildAgent=BuildAgentDTO[name=artemis-build-agent-test, memberAddress=[127.0.0.1]:5703, displayName=artemis-build-agent-test], participationId=1744, courseId=871, exerciseId=2446, retryCount=0, priority=2, status=null, repositoryInfo=RepositoryInfo[repositoryName=short1433d0160be1d048240b38f04f231aee650ftstexc-solution, repositoryType=solution, triggeredByPushTo=solution, assignmentRepositoryUri=, testRepositoryUri=, solutionRepositoryUri=, auxiliaryRepositoryUris=null, auxiliaryRepositoryCheckoutDirectories=null], jobTimingInfo=JobTimingInfo[submissionDate=2025-02-14T23:44:53.929193408Z[Etc/UTC], buildStartDate=2025-02-14T23:44:53.935912198Z[Etc/UTC], buildCompletionDate=null, estimatedCompletionDate=2025-02-14T23:45:12.935900175Z[Etc/UTC], estimatedDuration=19], buildConfig=BuildConfig[buildScript=, dockerImage=, commitHashToBuild=null, assignmentCommitHash=, testCommitHash=, branch=, programmingLanguage=null, projectType=null, scaEnabled=false, sequentialTestRunsEnabled=false, resultPaths=null, timeoutSeconds=0, assignmentCheckoutPath=, testCheckoutPath=, solutionCheckoutPath=, dockerRunConfig=null], submissionResult=null]]
    23:44:53.937 | 564 localvc.event-11 | DEBUG | s.l.LocalCIWebsocketMessagingService : Sending message on topic /topic/courses/871/running-jobs: [BuildJobQueueItem[id=17441739576693929, name=SHORT1433D0160BE1D048240B38F04F231AEE650FTSTEXC-SOLUTION, buildAgent=BuildAgentDTO[name=artemis-build-agent-test, memberAddress=[127.0.0.1]:5703, displayName=artemis-build-agent-test], participationId=1744, courseId=871, exerciseId=2446, retryCount=0, priority=2, status=null, repositoryInfo=RepositoryInfo[repositoryName=short1433d0160be1d048240b38f04f231aee650ftstexc-solution, repositoryType=solution, triggeredByPushTo=solution, assignmentRepositoryUri=, testRepositoryUri=, solutionRepositoryUri=, auxiliaryRepositoryUris=null, auxiliaryRepositoryCheckoutDirectories=null], jobTimingInfo=JobTimingInfo[submissionDate=2025-02-14T23:44:53.929193408Z[Etc/UTC], buildStartDate=2025-02-14T23:44:53.935912198Z[Etc/UTC], buildCompletionDate=null, estimatedCompletionDate=2025-02-14T23:45:12.935900175Z[Etc/UTC], estimatedDuration=19], buildConfig=BuildConfig[buildScript=, dockerImage=, commitHashToBuild=null, assignmentCommitHash=, testCommitHash=, branch=, programmingLanguage=null, projectType=null, scaEnabled=false, sequentialTestRunsEnabled=false, resultPaths=null, timeoutSeconds=0, assignmentCheckoutPath=, testCheckoutPath=, solutionCheckoutPath=, dockerRunConfig=null], submissionResult=null]]
    23:44:53.937 | 462 ool-1-worker-226 | INFO  | .t.c.a.a.p.s.l.LocalCITriggerService : Added build job 17451739576693934 for exercise TSTEXC and participation 1745 with priority 2 to the queue
    23:44:53.937 | 588 artemis-task-1   | DEBUG | d.t.c.a.a.c.c.w.GzipMessageConverter : Compressed message payload from 906 to 644 (saved 28.9% payload size)
    23:44:53.937 | 588 artemis-task-1   | DEBUG | d.t.c.a.a.c.c.w.GzipMessageConverter : Compressed message payload from 906 to 644 (saved 28.9% payload size)
    23:44:53.948 | 566 localvc.event-13 | INFO  | a.a.b.s.SharedQueueProcessingService : Processing build job: BuildJobQueueItem[id=17441739576693929, name=SHORT1433D0160BE1D048240B38F04F231AEE650FTSTEXC-SOLUTION, buildAgent=BuildAgentDTO[name=artemis-build-agent-test, memberAddress=[127.0.0.1]:5703, displayName=artemis-build-agent-test], participationId=1744, courseId=871, exerciseId=2446, retryCount=0, priority=2, status=null, repositoryInfo=RepositoryInfo[repositoryName=short1433d0160be1d048240b38f04f231aee650ftstexc-solution, repositoryType=solution, triggeredByPushTo=solution, assignmentRepositoryUri=http://localhost:49152/git/SHORT1433D0160BE1D048240B38F04F231AEE650FTSTEXC/short1433d0160be1d048240b38f04f231aee650ftstexc-solution.git, testRepositoryUri=http://nadnasidni.tum/scm/SHORT1433D0160BE1D048240B38F04F231AEE650FTSTEXC/SHORT1433D0160BE1D048240B38F04F231AEE650FTSTEXC-tests.git, solutionRepositoryUri=null, auxiliaryRepositoryUris=[Ljava.lang.String;@7193d1b, auxiliaryRepositoryCheckoutDirectories=[Ljava.lang.String;@5d6364d7], jobTimingInfo=JobTimingInfo[submissionDate=2025-02-14T23:44:53.929193408Z[Etc/UTC], buildStartDate=2025-02-14T23:44:53.935912198Z[Etc/UTC], buildCompletionDate=null, estimatedCompletionDate=2025-02-14T23:45:12.935900175Z[Etc/UTC], estimatedDuration=19], buildConfig=BuildConfig[buildScript=#!/bin/bash
cd /var/tmp/testing-dir
mvn clean test
, dockerImage=dummy-docker-image, commitHashToBuild=null, assignmentCommitHash=9b3a9bd71a0d80e5bbc42204c319ed3d1d4f0d6d, testCommitHash=9b3a9bd71a0d80e5bbc42204c319ed3d1d4f0d6d, branch=main, programmingLanguage=JAVA, projectType=PLAIN_MAVEN, scaEnabled=false, sequentialTestRunsEnabled=false, resultPaths=[/var/tmp/testing-dir/**/target/surefire-reports/*.xml], timeoutSeconds=0, assignmentCheckoutPath=null, testCheckoutPath=null, solutionCheckoutPath=null, dockerRunConfig=null], submissionResult=null]
    23:44:53.948 | 081 local-ci-build-0 | DEBUG | t.c.a.a.b.s.BuildJobExecutionService : ~~~~~~~~~~~~~~~~~~~~ Start Build Job 17441739576693929 ~~~~~~~~~~~~~~~~~~~~
    23:44:53.952 | 081 local-ci-build-0 | INFO  | .t.c.a.a.b.s.BuildAgentDockerService : ~~~~~~~~~~~~~~~~~~~~ Inspecting docker image dummy-docker-image ~~~~~~~~~~~~~~~~~~~~

  Starting logs for ProgrammingExerciseTestCaseServiceTest > shouldAllowTestCaseWeightSumZero(AssessmentType) [2] assessmentType=SEMI_AUTOMATIC
    23:44:53.959 | 081 local-ci-build-0 | INFO  | .t.c.a.a.b.s.BuildAgentDockerService : ~~~~~~~~~~~~~~~~~~~~ Inspecting docker image dummy-docker-image again with a lock due to error Status 404: {"message":"No such image: dummy-docker-image:latest"}
 ~~~~~~~~~~~~~~~~~~~~
    23:44:53.969 | 462 ool-1-worker-226 | DEBUG | d.t.c.a.a.c.u.util.UserUtilService   : Generate 5 students...
    23:44:53.992 | 462 ool-1-worker-226 | DEBUG | d.t.c.a.a.c.u.util.UserUtilService   : 5 students generated. Generate 1 tutors...
    23:44:53.998 | 462 ool-1-worker-226 | DEBUG | d.t.c.a.a.c.u.util.UserUtilService   : 1 tutors generated. Generate 0 editors...
    23:44:54.002 | 462 ool-1-worker-226 | DEBUG | d.t.c.a.a.c.u.util.UserUtilService   : 0 editors generated. Generate 1 instructors...
    23:44:54.009 | 462 ool-1-worker-226 | DEBUG | d.t.c.a.a.c.u.util.UserUtilService   : 1 instructors generated
    23:44:54.013 | 462 ool-1-worker-226 | DEBUG | d.t.c.a.a.c.u.util.UserUtilService   : Removing 7 users from all courses...
    23:44:54.015 | 462 ool-1-worker-226 | DEBUG | d.t.c.a.a.c.u.util.UserUtilService   : Removing 7 users from all courses. Done
    23:44:54.015 | 462 ool-1-worker-226 | DEBUG | d.t.c.a.a.c.u.util.UserUtilService   : Save 7 users to database...
    23:44:54.046 | 081 local-ci-build-0 | INFO  | .t.c.a.a.b.s.BuildAgentDockerService : Remove oldest docker image test-image-name to cleanup disk space to avoid filling up the hard disk
    23:44:54.050 | 462 ool-1-worker-226 | DEBUG | d.t.c.a.a.c.u.util.UserUtilService   : Save 7 users to database. Done
    23:44:54.052 | 081 local-ci-build-0 | WARN  | .t.c.a.a.b.s.BuildAgentDockerService : Docker image test-image-name not found during disk cleanup
    23:44:54.052 | 081 local-ci-build-0 | ERROR | .t.c.a.a.b.s.BuildAgentDockerService : Error while checking disk space for Docker image cleanup: null
java.util.NoSuchElementException: null
	at java.base/java.util.ArrayList.getFirst(ArrayList.java:439)
	at de.tum.cit.aet.artemis.buildagent.service.BuildAgentDockerService.checkUsableDiskSpaceThenCleanUp(BuildAgentDockerService.java:397)
	at de.tum.cit.aet.artemis.buildagent.service.BuildAgentDockerService.pullDockerImage(BuildAgentDockerService.java:237)
	at de.tum.cit.aet.artemis.buildagent.service.BuildJobExecutionService.runBuildJob(BuildJobExecutionService.java:152)
	at java.base/jdk.internal.reflect.DirectMethodHandleAccessor.invoke(DirectMethodHandleAccessor.java:103)
	at java.base/java.lang.reflect.Method.invoke(Method.java:580)
	at org.springframework.aop.support.AopUtils.invokeJoinpointUsingReflection(AopUtils.java:359)
	at org.springframework.aop.framework.CglibAopProxy$DynamicAdvisedInterceptor.intercept(CglibAopProxy.java:723)
	at de.tum.cit.aet.artemis.buildagent.service.BuildJobExecutionService$$SpringCGLIB$$0.runBuildJob(<generated>)
	at de.tum.cit.aet.artemis.buildagent.service.BuildJobManagementService.lambda$executeBuildJob$1(BuildJobManagementService.java:129)
	at java.base/java.util.concurrent.FutureTask.run(FutureTask.java:317)
	at java.base/java.util.concurrent.ThreadPoolExecutor.runWorker(ThreadPoolExecutor.java:1144)
	at java.base/java.util.concurrent.ThreadPoolExecutor$Worker.run(ThreadPoolExecutor.java:642)
	at java.base/java.lang.Thread.run(Thread.java:1583)
    23:44:54.052 | 081 local-ci-build-0 | INFO  | .t.c.a.a.b.s.BuildAgentDockerService : ~~~~~~~~~~~~~~~~~~~~ Pulling docker image dummy-docker-image with a lock after error Status 404: {"message":"No such image: dummy-docker-image:latest"}
 ~~~~~~~~~~~~~~~~~~~~
    23:44:54.084 | 462 ool-1-worker-226 | INFO  | i.z.t.d.l.EmbeddedDatabaseReporter   : JDBC URL to connect to 'dataSource': url='jdbc:h2:tcp://localhost:41063/mem:f240edcd-27ce-47a3-b4ab-a6a00c154135;USER=sa', scope='ProgrammingExerciseTestCaseServiceTest#shouldAllowTestCaseWeightSumZero'
    23:44:54.099 | 462 ool-1-worker-226 | INFO  | .t.c.a.a.p.s.l.LocalCITriggerService : Triggering build for participation 1746 and commit hash null
    23:44:54.100 | 462 ool-1-worker-226 | WARN  | .t.c.a.a.p.s.l.LocalCITriggerService : Could not retrieve windfile for programming exercise 2447. Using default windfile instead.
    23:44:54.103 | 462 ool-1-worker-226 | INFO  | .t.c.a.a.p.s.l.LocalCITriggerService : Added build job 17461739576694099 for exercise TSTEXC and participation 1746 with priority 2 to the queue
    23:44:54.103 | 462 ool-1-worker-226 | INFO  | .t.c.a.a.p.s.l.LocalCITriggerService : Triggering build for participation 1747 and commit hash null
    23:44:54.105 | 462 ool-1-worker-226 | WARN  | .t.c.a.a.p.s.l.LocalCITriggerService : Could not retrieve windfile for programming exercise 2447. Using default windfile instead.
    23:44:54.106 | 462 ool-1-worker-226 | INFO  | .t.c.a.a.p.s.l.LocalCITriggerService : Added build job 17471739576694103 for exercise TSTEXC and participation 1747 with priority 2 to the queue

  Starting logs for ProgrammingExerciseTestCaseServiceTest > shouldAllowTestCaseWeightSumZero(AssessmentType) [3] assessmentType=MANUAL
    23:44:54.141 | 462 ool-1-worker-226 | DEBUG | d.t.c.a.a.c.u.util.UserUtilService   : Generate 5 students...
    23:44:54.158 | 462 ool-1-worker-226 | DEBUG | d.t.c.a.a.c.u.util.UserUtilService   : 5 students generated. Generate 1 tutors...
    23:44:54.163 | 462 ool-1-worker-226 | DEBUG | d.t.c.a.a.c.u.util.UserUtilService   : 1 tutors generated. Generate 0 editors...
    23:44:54.165 | 462 ool-1-worker-226 | DEBUG | d.t.c.a.a.c.u.util.UserUtilService   : 0 editors generated. Generate 1 instructors...
    23:44:54.171 | 462 ool-1-worker-226 | DEBUG | d.t.c.a.a.c.u.util.UserUtilService   : 1 instructors generated
    23:44:54.177 | 462 ool-1-worker-226 | DEBUG | d.t.c.a.a.c.u.util.UserUtilService   : Removing 7 users from all courses...
    23:44:54.178 | 462 ool-1-worker-226 | DEBUG | d.t.c.a.a.c.u.util.UserUtilService   : Removing 7 users from all courses. Done
    23:44:54.178 | 462 ool-1-worker-226 | DEBUG | d.t.c.a.a.c.u.util.UserUtilService   : Save 7 users to database...
    23:44:54.189 | 462 ool-1-worker-226 | DEBUG | d.t.c.a.a.c.u.util.UserUtilService   : Save 7 users to database. Done
    23:44:54.227 | 462 ool-1-worker-226 | INFO  | i.z.t.d.l.EmbeddedDatabaseReporter   : JDBC URL to connect to 'dataSource': url='jdbc:h2:tcp://localhost:41063/mem:f240edcd-27ce-47a3-b4ab-a6a00c154135;USER=sa', scope='ProgrammingExerciseTestCaseServiceTest#shouldAllowTestCaseWeightSumZero'
    23:44:54.246 | 462 ool-1-worker-226 | INFO  | .t.c.a.a.p.s.l.LocalCITriggerService : Triggering build for participation 1748 and commit hash null
    23:44:54.247 | 462 ool-1-worker-226 | WARN  | .t.c.a.a.p.s.l.LocalCITriggerService : Could not retrieve windfile for programming exercise 2448. Using default windfile instead.
    23:44:54.248 | 462 ool-1-worker-226 | INFO  | .t.c.a.a.p.s.l.LocalCITriggerService : Added build job 17481739576694246 for exercise TSTEXC and participation 1748 with priority 2 to the queue
    23:44:54.250 | 462 ool-1-worker-226 | INFO  | .t.c.a.a.p.s.l.LocalCITriggerService : Triggering build for participation 1749 and commit hash null
    23:44:54.251 | 462 ool-1-worker-226 | WARN  | .t.c.a.a.p.s.l.LocalCITriggerService : Could not retrieve windfile for programming exercise 2448. Using default windfile instead.
    23:44:54.254 | 462 ool-1-worker-226 | INFO  | .t.c.a.a.p.s.l.LocalCITriggerService : Added build job 17491739576694250 for exercise TSTEXC and participation 1749 with priority 2 to the queue

  Starting logs for ProgrammingExerciseTestCaseServiceTest > shouldAllowTestCaseWeightSumZero(AssessmentType) [4] assessmentType=AUTOMATIC_ATHENA
    23:44:54.300 | 462 ool-1-worker-226 | DEBUG | d.t.c.a.a.c.u.util.UserUtilService   : Generate 5 students...
    23:44:54.303 | 353 ream--1738962099 | ERROR | c.g.d.a.async.ResultCallbackTemplate : Error during callback
com.github.dockerjava.api.exception.NotFoundException: Status 404: {"message":"pull access denied for dummy-docker-image, repository does not exist or may require 'docker login': denied: requested access to the resource is denied"}

	at com.github.dockerjava.core.DefaultInvocationBuilder.execute(DefaultInvocationBuilder.java:241)
	at com.github.dockerjava.core.DefaultInvocationBuilder.lambda$executeAndStream$1(DefaultInvocationBuilder.java:269)
	at java.base/java.lang.Thread.run(Thread.java:1583)
    23:44:54.304 | 566 localvc.event-13 | ERROR | .c.a.a.b.s.BuildJobManagementService : Error while executing build job 17441739576693929: de.tum.cit.aet.artemis.core.exception.LocalCIException: Could not pull Docker image dummy-docker-image
java.util.concurrent.ExecutionException: de.tum.cit.aet.artemis.core.exception.LocalCIException: Could not pull Docker image dummy-docker-image
	at java.base/java.util.concurrent.FutureTask.report(FutureTask.java:122)
	at java.base/java.util.concurrent.FutureTask.get(FutureTask.java:205)
	at de.tum.cit.aet.artemis.buildagent.service.BuildJobManagementService.lambda$executeBuildJob$2(BuildJobManagementService.java:165)
	at de.tum.cit.aet.artemis.buildagent.service.BuildJobManagementService.createCompletableFuture(BuildJobManagementService.java:236)
	at de.tum.cit.aet.artemis.buildagent.service.BuildJobManagementService.executeBuildJob(BuildJobManagementService.java:163)
	at de.tum.cit.aet.artemis.buildagent.service.SharedQueueProcessingService.processBuild(SharedQueueProcessingService.java:413)
	at de.tum.cit.aet.artemis.buildagent.service.SharedQueueProcessingService.checkAvailabilityAndProcessNextBuild(SharedQueueProcessingService.java:269)
	at de.tum.cit.aet.artemis.buildagent.service.SharedQueueProcessingService$QueuedBuildJobItemListener.itemAdded(SharedQueueProcessingService.java:594)
	at com.hazelcast.collection.impl.queue.QueueService.lambda$dispatchEvent$1(QueueService.java:277)
	at com.hazelcast.internal.namespace.impl.NoOpUserCodeNamespaceService.runWithNamespace(NoOpUserCodeNamespaceService.java:82)
	at com.hazelcast.internal.namespace.NamespaceUtil.runWithNamespace(NamespaceUtil.java:106)
	at com.hazelcast.collection.impl.queue.QueueService.dispatchEvent(QueueService.java:275)
	at com.hazelcast.collection.impl.queue.QueueService.dispatchEvent(QueueService.java:98)
	at com.hazelcast.spi.impl.eventservice.impl.LocalEventDispatcher.run(LocalEventDispatcher.java:64)
	at com.hazelcast.internal.util.executor.StripedExecutor$Worker.process(StripedExecutor.java:244)
	at com.hazelcast.internal.util.executor.StripedExecutor$Worker.run(StripedExecutor.java:227)
Caused by: de.tum.cit.aet.artemis.core.exception.LocalCIException: Could not pull Docker image dummy-docker-image
	at de.tum.cit.aet.artemis.buildagent.service.BuildJobExecutionService.runBuildJob(BuildJobExecutionService.java:157)
	at java.base/jdk.internal.reflect.DirectMethodHandleAccessor.invoke(DirectMethodHandleAccessor.java:103)
	at java.base/java.lang.reflect.Method.invoke(Method.java:580)
	at org.springframework.aop.support.AopUtils.invokeJoinpointUsingReflection(AopUtils.java:359)
	at org.springframework.aop.framework.CglibAopProxy$DynamicAdvisedInterceptor.intercept(CglibAopProxy.java:723)
	at de.tum.cit.aet.artemis.buildagent.service.BuildJobExecutionService$$SpringCGLIB$$0.runBuildJob(<generated>)
	at de.tum.cit.aet.artemis.buildagent.service.BuildJobManagementService.lambda$executeBuildJob$1(BuildJobManagementService.java:129)
	at java.base/java.util.concurrent.FutureTask.run(FutureTask.java:317)
	at java.base/java.util.concurrent.ThreadPoolExecutor.runWorker(ThreadPoolExecutor.java:1144)
	at java.base/java.util.concurrent.ThreadPoolExecutor$Worker.run(ThreadPoolExecutor.java:642)
	at java.base/java.lang.Thread.run(Thread.java:1583)
Caused by: de.tum.cit.aet.artemis.core.exception.LocalCIException: Error while pulling docker image dummy-docker-image
	at de.tum.cit.aet.artemis.buildagent.service.BuildAgentDockerService.pullDockerImage(BuildAgentDockerService.java:258)
	at de.tum.cit.aet.artemis.buildagent.service.BuildJobExecutionService.runBuildJob(BuildJobExecutionService.java:152)
	... 10 common frames omitted
Caused by: com.github.dockerjava.api.exception.NotFoundException: Status 404: {"message":"pull access denied for dummy-docker-image, repository does not exist or may require 'docker login': denied: requested access to the resource is denied"}

	at com.github.dockerjava.core.DefaultInvocationBuilder.execute(DefaultInvocationBuilder.java:241)
	at com.github.dockerjava.core.DefaultInvocationBuilder.lambda$executeAndStream$1(DefaultInvocationBuilder.java:269)
	... 1 common frames omitted
    23:44:54.304 | 566 localvc.event-13 | INFO  | .c.a.a.b.s.BuildJobManagementService : Getting ID of running container local-ci-17441739576693929
    23:44:54.304 | 566 localvc.event-13 | INFO  | .c.a.a.b.s.BuildJobManagementService : Stopping unresponsive container with ID null
    23:44:54.304 | 566 localvc.event-13 | DEBUG | a.a.b.s.SharedQueueProcessingService : Build job completed with exception: BuildJobQueueItem[id=17441739576693929, name=SHORT1433D0160BE1D048240B38F04F231AEE650FTSTEXC-SOLUTION, buildAgent=BuildAgentDTO[name=artemis-build-agent-test, memberAddress=[127.0.0.1]:5703, displayName=artemis-build-agent-test], participationId=1744, courseId=871, exerciseId=2446, retryCount=0, priority=2, status=null, repositoryInfo=RepositoryInfo[repositoryName=short1433d0160be1d048240b38f04f231aee650ftstexc-solution, repositoryType=solution, triggeredByPushTo=solution, assignmentRepositoryUri=http://localhost:49152/git/SHORT1433D0160BE1D048240B38F04F231AEE650FTSTEXC/short1433d0160be1d048240b38f04f231aee650ftstexc-solution.git, testRepositoryUri=http://nadnasidni.tum/scm/SHORT1433D0160BE1D048240B38F04F231AEE650FTSTEXC/SHORT1433D0160BE1D048240B38F04F231AEE650FTSTEXC-tests.git, solutionRepositoryUri=null, auxiliaryRepositoryUris=[Ljava.lang.String;@7193d1b, auxiliaryRepositoryCheckoutDirectories=[Ljava.lang.String;@5d6364d7], jobTimingInfo=JobTimingInfo[submissionDate=2025-02-14T23:44:53.929193408Z[Etc/UTC], buildStartDate=2025-02-14T23:44:53.935912198Z[Etc/UTC], buildCompletionDate=null, estimatedCompletionDate=2025-02-14T23:45:12.935900175Z[Etc/UTC], estimatedDuration=19], buildConfig=BuildConfig[buildScript=#!/bin/bash
cd /var/tmp/testing-dir
mvn clean test
, dockerImage=dummy-docker-image, commitHashToBuild=null, assignmentCommitHash=9b3a9bd71a0d80e5bbc42204c319ed3d1d4f0d6d, testCommitHash=9b3a9bd71a0d80e5bbc42204c319ed3d1d4f0d6d, branch=main, programmingLanguage=JAVA, projectType=PLAIN_MAVEN, scaEnabled=false, sequentialTestRunsEnabled=false, resultPaths=[/var/tmp/testing-dir/**/target/surefire-reports/*.xml], timeoutSeconds=0, assignmentCheckoutPath=null, testCheckoutPath=null, solutionCheckoutPath=null, dockerRunConfig=null], submissionResult=null]
java.util.concurrent.CompletionException: java.util.concurrent.ExecutionException: de.tum.cit.aet.artemis.core.exception.LocalCIException: Could not pull Docker image dummy-docker-image
	at de.tum.cit.aet.artemis.buildagent.service.BuildJobManagementService.lambda$executeBuildJob$2(BuildJobManagementService.java:188)
	at de.tum.cit.aet.artemis.buildagent.service.BuildJobManagementService.createCompletableFuture(BuildJobManagementService.java:236)
	at de.tum.cit.aet.artemis.buildagent.service.BuildJobManagementService.executeBuildJob(BuildJobManagementService.java:163)
	at de.tum.cit.aet.artemis.buildagent.service.SharedQueueProcessingService.processBuild(SharedQueueProcessingService.java:413)
	at de.tum.cit.aet.artemis.buildagent.service.SharedQueueProcessingService.checkAvailabilityAndProcessNextBuild(SharedQueueProcessingService.java:269)
	at de.tum.cit.aet.artemis.buildagent.service.SharedQueueProcessingService$QueuedBuildJobItemListener.itemAdded(SharedQueueProcessingService.java:594)
	at com.hazelcast.collection.impl.queue.QueueService.lambda$dispatchEvent$1(QueueService.java:277)
	at com.hazelcast.internal.namespace.impl.NoOpUserCodeNamespaceService.runWithNamespace(NoOpUserCodeNamespaceService.java:82)
	at com.hazelcast.internal.namespace.NamespaceUtil.runWithNamespace(NamespaceUtil.java:106)
	at com.hazelcast.collection.impl.queue.QueueService.dispatchEvent(QueueService.java:275)
	at com.hazelcast.collection.impl.queue.QueueService.dispatchEvent(QueueService.java:98)
	at com.hazelcast.spi.impl.eventservice.impl.LocalEventDispatcher.run(LocalEventDispatcher.java:64)
	at com.hazelcast.internal.util.executor.StripedExecutor$Worker.process(StripedExecutor.java:244)
	at com.hazelcast.internal.util.executor.StripedExecutor$Worker.run(StripedExecutor.java:227)
Caused by: java.util.concurrent.ExecutionException: de.tum.cit.aet.artemis.core.exception.LocalCIException: Could not pull Docker image dummy-docker-image
	at java.base/java.util.concurrent.FutureTask.report(FutureTask.java:122)
	at java.base/java.util.concurrent.FutureTask.get(FutureTask.java:205)
	at de.tum.cit.aet.artemis.buildagent.service.BuildJobManagementService.lambda$executeBuildJob$2(BuildJobManagementService.java:165)
	... 13 common frames omitted
Caused by: de.tum.cit.aet.artemis.core.exception.LocalCIException: Could not pull Docker image dummy-docker-image
	at de.tum.cit.aet.artemis.buildagent.service.BuildJobExecutionService.runBuildJob(BuildJobExecutionService.java:157)
	at java.base/jdk.internal.reflect.DirectMethodHandleAccessor.invoke(DirectMethodHandleAccessor.java:103)
	at java.base/java.lang.reflect.Method.invoke(Method.java:580)
	at org.springframework.aop.support.AopUtils.invokeJoinpointUsingReflection(AopUtils.java:359)
	at org.springframework.aop.framework.CglibAopProxy$DynamicAdvisedInterceptor.intercept(CglibAopProxy.java:723)
	at de.tum.cit.aet.artemis.buildagent.service.BuildJobExecutionService$$SpringCGLIB$$0.runBuildJob(<generated>)
	at de.tum.cit.aet.artemis.buildagent.service.BuildJobManagementService.lambda$executeBuildJob$1(BuildJobManagementService.java:129)
	at java.base/java.util.concurrent.FutureTask.run(FutureTask.java:317)
	at java.base/java.util.concurrent.ThreadPoolExecutor.runWorker(ThreadPoolExecutor.java:1144)
	at java.base/java.util.concurrent.ThreadPoolExecutor$Worker.run(ThreadPoolExecutor.java:642)
	at java.base/java.lang.Thread.run(Thread.java:1583)
Caused by: de.tum.cit.aet.artemis.core.exception.LocalCIException: Error while pulling docker image dummy-docker-image
	at de.tum.cit.aet.artemis.buildagent.service.BuildAgentDockerService.pullDockerImage(BuildAgentDockerService.java:258)
	at de.tum.cit.aet.artemis.buildagent.service.BuildJobExecutionService.runBuildJob(BuildJobExecutionService.java:152)
	... 10 common frames omitted
Caused by: com.github.dockerjava.api.exception.NotFoundException: Status 404: {"message":"pull access denied for dummy-docker-image, repository does not exist or may require 'docker login': denied: requested access to the resource is denied"}

	at com.github.dockerjava.core.DefaultInvocationBuilder.execute(DefaultInvocationBuilder.java:241)
	at com.github.dockerjava.core.DefaultInvocationBuilder.lambda$executeAndStream$1(DefaultInvocationBuilder.java:269)
	... 1 common frames omitted
    23:44:54.304 | 566 localvc.event-13 | ERROR | a.a.b.s.SharedQueueProcessingService : Error while processing build job: BuildJobQueueItem[id=17441739576693929, name=SHORT1433D0160BE1D048240B38F04F231AEE650FTSTEXC-SOLUTION, buildAgent=BuildAgentDTO[name=artemis-build-agent-test, memberAddress=[127.0.0.1]:5703, displayName=artemis-build-agent-test], participationId=1744, courseId=871, exerciseId=2446, retryCount=0, priority=2, status=null, repositoryInfo=RepositoryInfo[repositoryName=short1433d0160be1d048240b38f04f231aee650ftstexc-solution, repositoryType=solution, triggeredByPushTo=solution, assignmentRepositoryUri=http://localhost:49152/git/SHORT1433D0160BE1D048240B38F04F231AEE650FTSTEXC/short1433d0160be1d048240b38f04f231aee650ftstexc-solution.git, testRepositoryUri=http://nadnasidni.tum/scm/SHORT1433D0160BE1D048240B38F04F231AEE650FTSTEXC/SHORT1433D0160BE1D048240B38F04F231AEE650FTSTEXC-tests.git, solutionRepositoryUri=null, auxiliaryRepositoryUris=[Ljava.lang.String;@7193d1b, auxiliaryRepositoryCheckoutDirectories=[Ljava.lang.String;@5d6364d7], jobTimingInfo=JobTimingInfo[submissionDate=2025-02-14T23:44:53.929193408Z[Etc/UTC], buildStartDate=2025-02-14T23:44:53.935912198Z[Etc/UTC], buildCompletionDate=null, estimatedCompletionDate=2025-02-14T23:45:12.935900175Z[Etc/UTC], estimatedDuration=19], buildConfig=BuildConfig[buildScript=#!/bin/bash
cd /var/tmp/testing-dir
mvn clean test
, dockerImage=dummy-docker-image, commitHashToBuild=null, assignmentCommitHash=9b3a9bd71a0d80e5bbc42204c319ed3d1d4f0d6d, testCommitHash=9b3a9bd71a0d80e5bbc42204c319ed3d1d4f0d6d, branch=main, programmingLanguage=JAVA, projectType=PLAIN_MAVEN, scaEnabled=false, sequentialTestRunsEnabled=false, resultPaths=[/var/tmp/testing-dir/**/target/surefire-reports/*.xml], timeoutSeconds=0, assignmentCheckoutPath=null, testCheckoutPath=null, solutionCheckoutPath=null, dockerRunConfig=null], submissionResult=null]
java.util.concurrent.CompletionException: java.util.concurrent.ExecutionException: de.tum.cit.aet.artemis.core.exception.LocalCIException: Could not pull Docker image dummy-docker-image
	at de.tum.cit.aet.artemis.buildagent.service.BuildJobManagementService.lambda$executeBuildJob$2(BuildJobManagementService.java:188)
	at de.tum.cit.aet.artemis.buildagent.service.BuildJobManagementService.createCompletableFuture(BuildJobManagementService.java:236)
	at de.tum.cit.aet.artemis.buildagent.service.BuildJobManagementService.executeBuildJob(BuildJobManagementService.java:163)
	at de.tum.cit.aet.artemis.buildagent.service.SharedQueueProcessingService.processBuild(SharedQueueProcessingService.java:413)
	at de.tum.cit.aet.artemis.buildagent.service.SharedQueueProcessingService.checkAvailabilityAndProcessNextBuild(SharedQueueProcessingService.java:269)
	at de.tum.cit.aet.artemis.buildagent.service.SharedQueueProcessingService$QueuedBuildJobItemListener.itemAdded(SharedQueueProcessingService.java:594)
	at com.hazelcast.collection.impl.queue.QueueService.lambda$dispatchEvent$1(QueueService.java:277)
	at com.hazelcast.internal.namespace.impl.NoOpUserCodeNamespaceService.runWithNamespace(NoOpUserCodeNamespaceService.java:82)
	at com.hazelcast.internal.namespace.NamespaceUtil.runWithNamespace(NamespaceUtil.java:106)
	at com.hazelcast.collection.impl.queue.QueueService.dispatchEvent(QueueService.java:275)
	at com.hazelcast.collection.impl.queue.QueueService.dispatchEvent(QueueService.java:98)
	at com.hazelcast.spi.impl.eventservice.impl.LocalEventDispatcher.run(LocalEventDispatcher.java:64)
	at com.hazelcast.internal.util.executor.StripedExecutor$Worker.process(StripedExecutor.java:244)
	at com.hazelcast.internal.util.executor.StripedExecutor$Worker.run(StripedExecutor.java:227)
Caused by: java.util.concurrent.ExecutionException: de.tum.cit.aet.artemis.core.exception.LocalCIException: Could not pull Docker image dummy-docker-image
	at java.base/java.util.concurrent.FutureTask.report(FutureTask.java:122)
	at java.base/java.util.concurrent.FutureTask.get(FutureTask.java:205)
	at de.tum.cit.aet.artemis.buildagent.service.BuildJobManagementService.lambda$executeBuildJob$2(BuildJobManagementService.java:165)
	... 13 common frames omitted
Caused by: de.tum.cit.aet.artemis.core.exception.LocalCIException: Could not pull Docker image dummy-docker-image
	at de.tum.cit.aet.artemis.buildagent.service.BuildJobExecutionService.runBuildJob(BuildJobExecutionService.java:157)
	at java.base/jdk.internal.reflect.DirectMethodHandleAccessor.invoke(DirectMethodHandleAccessor.java:103)
	at java.base/java.lang.reflect.Method.invoke(Method.java:580)
	at org.springframework.aop.support.AopUtils.invokeJoinpointUsingReflection(AopUtils.java:359)
	at org.springframework.aop.framework.CglibAopProxy$DynamicAdvisedInterceptor.intercept(CglibAopProxy.java:723)
	at de.tum.cit.aet.artemis.buildagent.service.BuildJobExecutionService$$SpringCGLIB$$0.runBuildJob(<generated>)
	at de.tum.cit.aet.artemis.buildagent.service.BuildJobManagementService.lambda$executeBuildJob$1(BuildJobManagementService.java:129)
	at java.base/java.util.concurrent.FutureTask.run(FutureTask.java:317)
	at java.base/java.util.concurrent.ThreadPoolExecutor.runWorker(ThreadPoolExecutor.java:1144)
	at java.base/java.util.concurrent.ThreadPoolExecutor$Worker.run(ThreadPoolExecutor.java:642)
	at java.base/java.lang.Thread.run(Thread.java:1583)
Caused by: de.tum.cit.aet.artemis.core.exception.LocalCIException: Error while pulling docker image dummy-docker-image
	at de.tum.cit.aet.artemis.buildagent.service.BuildAgentDockerService.pullDockerImage(BuildAgentDockerService.java:258)
	at de.tum.cit.aet.artemis.buildagent.service.BuildJobExecutionService.runBuildJob(BuildJobExecutionService.java:152)
	... 10 common frames omitted
Caused by: com.github.dockerjava.api.exception.NotFoundException: Status 404: {"message":"pull access denied for dummy-docker-image, repository does not exist or may require 'docker login': denied: requested access to the resource is denied"}

	at com.github.dockerjava.core.DefaultInvocationBuilder.execute(DefaultInvocationBuilder.java:241)
	at com.github.dockerjava.core.DefaultInvocationBuilder.lambda$executeAndStream$1(DefaultInvocationBuilder.java:269)
	... 1 common frames omitted
    23:44:54.312 | 564 localvc.event-11 | DEBUG | a.p.s.l.LocalCIQueueWebsocketService : CIBuildJobQueueItem removed from processing jobs: BuildJobQueueItem[id=17441739576693929, name=SHORT1433D0160BE1D048240B38F04F231AEE650FTSTEXC-SOLUTION, buildAgent=BuildAgentDTO[name=artemis-build-agent-test, memberAddress=[127.0.0.1]:5703, displayName=artemis-build-agent-test], participationId=1744, courseId=871, exerciseId=2446, retryCount=0, priority=2, status=null, repositoryInfo=RepositoryInfo[repositoryName=short1433d0160be1d048240b38f04f231aee650ftstexc-solution, repositoryType=solution, triggeredByPushTo=solution, assignmentRepositoryUri=http://localhost:49152/git/SHORT1433D0160BE1D048240B38F04F231AEE650FTSTEXC/short1433d0160be1d048240b38f04f231aee650ftstexc-solution.git, testRepositoryUri=http://nadnasidni.tum/scm/SHORT1433D0160BE1D048240B38F04F231AEE650FTSTEXC/SHORT1433D0160BE1D048240B38F04F231AEE650FTSTEXC-tests.git, solutionRepositoryUri=null, auxiliaryRepositoryUris=[Ljava.lang.String;@2ef8141, auxiliaryRepositoryCheckoutDirectories=[Ljava.lang.String;@106a9993], jobTimingInfo=JobTimingInfo[submissionDate=2025-02-14T23:44:53.929193408Z[Etc/UTC], buildStartDate=2025-02-14T23:44:53.935912198Z[Etc/UTC], buildCompletionDate=null, estimatedCompletionDate=2025-02-14T23:45:12.935900175Z[Etc/UTC], estimatedDuration=19], buildConfig=BuildConfig[buildScript=#!/bin/bash
cd /var/tmp/testing-dir
mvn clean test
, dockerImage=dummy-docker-image, commitHashToBuild=null, assignmentCommitHash=9b3a9bd71a0d80e5bbc42204c319ed3d1d4f0d6d, testCommitHash=9b3a9bd71a0d80e5bbc42204c319ed3d1d4f0d6d, branch=main, programmingLanguage=JAVA, projectType=PLAIN_MAVEN, scaEnabled=false, sequentialTestRunsEnabled=false, resultPaths=[/var/tmp/testing-dir/**/target/surefire-reports/*.xml], timeoutSeconds=0, assignmentCheckoutPath=null, testCheckoutPath=null, solutionCheckoutPath=null, dockerRunConfig=null], submissionResult=null]
    23:44:54.313 | 564 localvc.event-11 | DEBUG | s.l.LocalCIWebsocketMessagingService : Sending message on topic /topic/admin/running-jobs: []
    23:44:54.314 | 564 localvc.event-11 | DEBUG | s.l.LocalCIWebsocketMessagingService : Sending message on topic /topic/courses/871/running-jobs: []
    23:44:54.315 | 462 ool-1-worker-226 | DEBUG | d.t.c.a.a.c.u.util.UserUtilService   : 5 students generated. Generate 1 tutors...
    23:44:54.321 | 462 ool-1-worker-226 | DEBUG | d.t.c.a.a.c.u.util.UserUtilService   : 1 tutors generated. Generate 0 editors...
    23:44:54.325 | 462 ool-1-worker-226 | DEBUG | d.t.c.a.a.c.u.util.UserUtilService   : 0 editors generated. Generate 1 instructors...
    23:44:54.326 | 566 localvc.event-13 | DEBUG | a.a.b.s.SharedQueueProcessingService : Currently processing jobs on this node: 0, active threads in Pool: 0, maximum pool size of thread executor : 1
    23:44:54.326 | 566 localvc.event-13 | DEBUG | a.a.b.s.SharedQueueProcessingService : Currently processing jobs on this node: 0, active threads in Pool: 0, maximum pool size of thread executor : 1
    23:44:54.332 | 462 ool-1-worker-226 | DEBUG | d.t.c.a.a.c.u.util.UserUtilService   : 1 instructors generated
    23:44:54.333 | 462 ool-1-worker-226 | DEBUG | d.t.c.a.a.c.u.util.UserUtilService   : Removing 7 users from all courses...
    23:44:54.335 | 462 ool-1-worker-226 | DEBUG | d.t.c.a.a.c.u.util.UserUtilService   : Removing 7 users from all courses. Done
    23:44:54.335 | 462 ool-1-worker-226 | DEBUG | d.t.c.a.a.c.u.util.UserUtilService   : Save 7 users to database...
    23:44:54.340 | 566 localvc.event-13 | INFO  | a.a.b.s.SharedQueueProcessingService : Processing build job: BuildJobQueueItem[id=17451739576693934, name=SHORT1433D0160BE1D048240B38F04F231AEE650FTSTEXC-BASE, buildAgent=BuildAgentDTO[name=artemis-build-agent-test, memberAddress=[127.0.0.1]:5703, displayName=artemis-build-agent-test], participationId=1745, courseId=871, exerciseId=2446, retryCount=0, priority=2, status=null, repositoryInfo=RepositoryInfo[repositoryName=short1433d0160be1d048240b38f04f231aee650ftstexc-exercise, repositoryType=exercise, triggeredByPushTo=exercise, assignmentRepositoryUri=http://localhost:49152/git/SHORT1433D0160BE1D048240B38F04F231AEE650FTSTEXC/short1433d0160be1d048240b38f04f231aee650ftstexc-exercise.git, testRepositoryUri=http://nadnasidni.tum/scm/SHORT1433D0160BE1D048240B38F04F231AEE650FTSTEXC/SHORT1433D0160BE1D048240B38F04F231AEE650FTSTEXC-tests.git, solutionRepositoryUri=null, auxiliaryRepositoryUris=[Ljava.lang.String;@68f76819, auxiliaryRepositoryCheckoutDirectories=[Ljava.lang.String;@51c44cb7], jobTimingInfo=JobTimingInfo[submissionDate=2025-02-14T23:44:53.934335889Z[Etc/UTC], buildStartDate=2025-02-14T23:44:54.327124774Z[Etc/UTC], buildCompletionDate=null, estimatedCompletionDate=2025-02-14T23:45:13.327117811Z[Etc/UTC], estimatedDuration=19], buildConfig=BuildConfig[buildScript=#!/bin/bash
cd /var/tmp/testing-dir
mvn clean test
, dockerImage=dummy-docker-image, commitHashToBuild=null, assignmentCommitHash=9b3a9bd71a0d80e5bbc42204c319ed3d1d4f0d6d, testCommitHash=9b3a9bd71a0d80e5bbc42204c319ed3d1d4f0d6d, branch=main, programmingLanguage=JAVA, projectType=PLAIN_MAVEN, scaEnabled=false, sequentialTestRunsEnabled=false, resultPaths=[/var/tmp/testing-dir/**/target/surefire-reports/*.xml], timeoutSeconds=0, assignmentCheckoutPath=null, testCheckoutPath=null, solutionCheckoutPath=null, dockerRunConfig=null], submissionResult=null]
    23:44:54.341 | 081 local-ci-build-0 | DEBUG | t.c.a.a.b.s.BuildJobExecutionService : ~~~~~~~~~~~~~~~~~~~~ Start Build Job 17451739576693934 ~~~~~~~~~~~~~~~~~~~~
    23:44:54.341 | 081 local-ci-build-0 | INFO  | .t.c.a.a.b.s.BuildAgentDockerService : ~~~~~~~~~~~~~~~~~~~~ Inspecting docker image dummy-docker-image ~~~~~~~~~~~~~~~~~~~~
    23:44:54.341 | 081 local-ci-build-0 | ERROR | .t.c.a.a.b.s.BuildAgentDockerService : Docker image dummy-docker-image is not compatible with the current architecture. Needed 'linux/amd64', but got 'null'
    23:44:54.341 | 566 localvc.event-13 | ERROR | .c.a.a.b.s.BuildJobManagementService : Error while executing build job 17451739576693934: de.tum.cit.aet.artemis.core.exception.LocalCIException: Could not pull Docker image dummy-docker-image
java.util.concurrent.ExecutionException: de.tum.cit.aet.artemis.core.exception.LocalCIException: Could not pull Docker image dummy-docker-image
	at java.base/java.util.concurrent.FutureTask.report(FutureTask.java:122)
	at java.base/java.util.concurrent.FutureTask.get(FutureTask.java:205)
	at de.tum.cit.aet.artemis.buildagent.service.BuildJobManagementService.lambda$executeBuildJob$2(BuildJobManagementService.java:165)
	at de.tum.cit.aet.artemis.buildagent.service.BuildJobManagementService.createCompletableFuture(BuildJobManagementService.java:236)
	at de.tum.cit.aet.artemis.buildagent.service.BuildJobManagementService.executeBuildJob(BuildJobManagementService.java:163)
	at de.tum.cit.aet.artemis.buildagent.service.SharedQueueProcessingService.processBuild(SharedQueueProcessingService.java:413)
	at de.tum.cit.aet.artemis.buildagent.service.SharedQueueProcessingService.checkAvailabilityAndProcessNextBuild(SharedQueueProcessingService.java:269)
	at de.tum.cit.aet.artemis.buildagent.service.SharedQueueProcessingService.lambda$processBuild$5(SharedQueueProcessingService.java:480)
	at java.base/java.util.concurrent.CompletableFuture.uniExceptionally(CompletableFuture.java:990)
	at java.base/java.util.concurrent.CompletableFuture.uniExceptionallyStage(CompletableFuture.java:1008)
	at java.base/java.util.concurrent.CompletableFuture.exceptionally(CompletableFuture.java:2396)
	at de.tum.cit.aet.artemis.buildagent.service.SharedQueueProcessingService.processBuild(SharedQueueProcessingService.java:444)
	at de.tum.cit.aet.artemis.buildagent.service.SharedQueueProcessingService.checkAvailabilityAndProcessNextBuild(SharedQueueProcessingService.java:269)
	at de.tum.cit.aet.artemis.buildagent.service.SharedQueueProcessingService$QueuedBuildJobItemListener.itemAdded(SharedQueueProcessingService.java:594)
	at com.hazelcast.collection.impl.queue.QueueService.lambda$dispatchEvent$1(QueueService.java:277)
	at com.hazelcast.internal.namespace.impl.NoOpUserCodeNamespaceService.runWithNamespace(NoOpUserCodeNamespaceService.java:82)
	at com.hazelcast.internal.namespace.NamespaceUtil.runWithNamespace(NamespaceUtil.java:106)
	at com.hazelcast.collection.impl.queue.QueueService.dispatchEvent(QueueService.java:275)
	at com.hazelcast.collection.impl.queue.QueueService.dispatchEvent(QueueService.java:98)
	at com.hazelcast.spi.impl.eventservice.impl.LocalEventDispatcher.run(LocalEventDispatcher.java:64)
	at com.hazelcast.internal.util.executor.StripedExecutor$Worker.process(StripedExecutor.java:244)
	at com.hazelcast.internal.util.executor.StripedExecutor$Worker.run(StripedExecutor.java:227)
Caused by: de.tum.cit.aet.artemis.core.exception.LocalCIException: Could not pull Docker image dummy-docker-image
	at de.tum.cit.aet.artemis.buildagent.service.BuildJobExecutionService.runBuildJob(BuildJobExecutionService.java:157)
	at java.base/jdk.internal.reflect.DirectMethodHandleAccessor.invoke(DirectMethodHandleAccessor.java:103)
	at java.base/java.lang.reflect.Method.invoke(Method.java:580)
	at org.springframework.aop.support.AopUtils.invokeJoinpointUsingReflection(AopUtils.java:359)
	at org.springframework.aop.framework.CglibAopProxy$DynamicAdvisedInterceptor.intercept(CglibAopProxy.java:723)
	at de.tum.cit.aet.artemis.buildagent.service.BuildJobExecutionService$$SpringCGLIB$$0.runBuildJob(<generated>)
	at de.tum.cit.aet.artemis.buildagent.service.BuildJobManagementService.lambda$executeBuildJob$1(BuildJobManagementService.java:129)
	at java.base/java.util.concurrent.FutureTask.run(FutureTask.java:317)
	at java.base/java.util.concurrent.ThreadPoolExecutor.runWorker(ThreadPoolExecutor.java:1144)
	at java.base/java.util.concurrent.ThreadPoolExecutor$Worker.run(ThreadPoolExecutor.java:642)
	at java.base/java.lang.Thread.run(Thread.java:1583)
Caused by: de.tum.cit.aet.artemis.core.exception.LocalCIException: Docker image dummy-docker-image is not compatible with the current architecture. Needed 'linux/amd64', but got 'null'
	at de.tum.cit.aet.artemis.buildagent.service.BuildAgentDockerService.checkImageArchitecture(BuildAgentDockerService.java:291)
	at de.tum.cit.aet.artemis.buildagent.service.BuildAgentDockerService.pullDockerImage(BuildAgentDockerService.java:223)
	at de.tum.cit.aet.artemis.buildagent.service.BuildJobExecutionService.runBuildJob(BuildJobExecutionService.java:152)
	... 10 common frames omitted
    23:44:54.341 | 566 localvc.event-13 | INFO  | .c.a.a.b.s.BuildJobManagementService : Getting ID of running container local-ci-17451739576693934
    23:44:54.342 | 566 localvc.event-13 | INFO  | .c.a.a.b.s.BuildJobManagementService : Stopping unresponsive container with ID null
    23:44:54.342 | 566 localvc.event-13 | DEBUG | a.a.b.s.SharedQueueProcessingService : Build job completed with exception: BuildJobQueueItem[id=17451739576693934, name=SHORT1433D0160BE1D048240B38F04F231AEE650FTSTEXC-BASE, buildAgent=BuildAgentDTO[name=artemis-build-agent-test, memberAddress=[127.0.0.1]:5703, displayName=artemis-build-agent-test], participationId=1745, courseId=871, exerciseId=2446, retryCount=0, priority=2, status=null, repositoryInfo=RepositoryInfo[repositoryName=short1433d0160be1d048240b38f04f231aee650ftstexc-exercise, repositoryType=exercise, triggeredByPushTo=exercise, assignmentRepositoryUri=http://localhost:49152/git/SHORT1433D0160BE1D048240B38F04F231AEE650FTSTEXC/short1433d0160be1d048240b38f04f231aee650ftstexc-exercise.git, testRepositoryUri=http://nadnasidni.tum/scm/SHORT1433D0160BE1D048240B38F04F231AEE650FTSTEXC/SHORT1433D0160BE1D048240B38F04F231AEE650FTSTEXC-tests.git, solutionRepositoryUri=null, auxiliaryRepositoryUris=[Ljava.lang.String;@68f76819, auxiliaryRepositoryCheckoutDirectories=[Ljava.lang.String;@51c44cb7], jobTimingInfo=JobTimingInfo[submissionDate=2025-02-14T23:44:53.934335889Z[Etc/UTC], buildStartDate=2025-02-14T23:44:54.327124774Z[Etc/UTC], buildCompletionDate=null, estimatedCompletionDate=2025-02-14T23:45:13.327117811Z[Etc/UTC], estimatedDuration=19], buildConfig=BuildConfig[buildScript=#!/bin/bash
cd /var/tmp/testing-dir
mvn clean test
, dockerImage=dummy-docker-image, commitHashToBuild=null, assignmentCommitHash=9b3a9bd71a0d80e5bbc42204c319ed3d1d4f0d6d, testCommitHash=9b3a9bd71a0d80e5bbc42204c319ed3d1d4f0d6d, branch=main, programmingLanguage=JAVA, projectType=PLAIN_MAVEN, scaEnabled=false, sequentialTestRunsEnabled=false, resultPaths=[/var/tmp/testing-dir/**/target/surefire-reports/*.xml], timeoutSeconds=0, assignmentCheckoutPath=null, testCheckoutPath=null, solutionCheckoutPath=null, dockerRunConfig=null], submissionResult=null]
java.util.concurrent.CompletionException: java.util.concurrent.ExecutionException: de.tum.cit.aet.artemis.core.exception.LocalCIException: Could not pull Docker image dummy-docker-image
	at de.tum.cit.aet.artemis.buildagent.service.BuildJobManagementService.lambda$executeBuildJob$2(BuildJobManagementService.java:188)
	at de.tum.cit.aet.artemis.buildagent.service.BuildJobManagementService.createCompletableFuture(BuildJobManagementService.java:236)
	at de.tum.cit.aet.artemis.buildagent.service.BuildJobManagementService.executeBuildJob(BuildJobManagementService.java:163)
	at de.tum.cit.aet.artemis.buildagent.service.SharedQueueProcessingService.processBuild(SharedQueueProcessingService.java:413)
	at de.tum.cit.aet.artemis.buildagent.service.SharedQueueProcessingService.checkAvailabilityAndProcessNextBuild(SharedQueueProcessingService.java:269)
	at de.tum.cit.aet.artemis.buildagent.service.SharedQueueProcessingService.lambda$processBuild$5(SharedQueueProcessingService.java:480)
	at java.base/java.util.concurrent.CompletableFuture.uniExceptionally(CompletableFuture.java:990)
	at java.base/java.util.concurrent.CompletableFuture.uniExceptionallyStage(CompletableFuture.java:1008)
	at java.base/java.util.concurrent.CompletableFuture.exceptionally(CompletableFuture.java:2396)
	at de.tum.cit.aet.artemis.buildagent.service.SharedQueueProcessingService.processBuild(SharedQueueProcessingService.java:444)
	at de.tum.cit.aet.artemis.buildagent.service.SharedQueueProcessingService.checkAvailabilityAndProcessNextBuild(SharedQueueProcessingService.java:269)
	at de.tum.cit.aet.artemis.buildagent.service.SharedQueueProcessingService$QueuedBuildJobItemListener.itemAdded(SharedQueueProcessingService.java:594)
	at com.hazelcast.collection.impl.queue.QueueService.lambda$dispatchEvent$1(QueueService.java:277)
	at com.hazelcast.internal.namespace.impl.NoOpUserCodeNamespaceService.runWithNamespace(NoOpUserCodeNamespaceService.java:82)
	at com.hazelcast.internal.namespace.NamespaceUtil.runWithNamespace(NamespaceUtil.java:106)
	at com.hazelcast.collection.impl.queue.QueueService.dispatchEvent(QueueService.java:275)
	at com.hazelcast.collection.impl.queue.QueueService.dispatchEvent(QueueService.java:98)
	at com.hazelcast.spi.impl.eventservice.impl.LocalEventDispatcher.run(LocalEventDispatcher.java:64)
	at com.hazelcast.internal.util.executor.StripedExecutor$Worker.process(StripedExecutor.java:244)
	at com.hazelcast.internal.util.executor.StripedExecutor$Worker.run(StripedExecutor.java:227)
Caused by: java.util.concurrent.ExecutionException: de.tum.cit.aet.artemis.core.exception.LocalCIException: Could not pull Docker image dummy-docker-image
	at java.base/java.util.concurrent.FutureTask.report(FutureTask.java:122)
	at java.base/java.util.concurrent.FutureTask.get(FutureTask.java:205)
	at de.tum.cit.aet.artemis.buildagent.service.BuildJobManagementService.lambda$executeBuildJob$2(BuildJobManagementService.java:165)
	... 19 common frames omitted
Caused by: de.tum.cit.aet.artemis.core.exception.LocalCIException: Could not pull Docker image dummy-docker-image
	at de.tum.cit.aet.artemis.buildagent.service.BuildJobExecutionService.runBuildJob(BuildJobExecutionService.java:157)
	at java.base/jdk.internal.reflect.DirectMethodHandleAccessor.invoke(DirectMethodHandleAccessor.java:103)
	at java.base/java.lang.reflect.Method.invoke(Method.java:580)
	at org.springframework.aop.support.AopUtils.invokeJoinpointUsingReflection(AopUtils.java:359)
	at org.springframework.aop.framework.CglibAopProxy$DynamicAdvisedInterceptor.intercept(CglibAopProxy.java:723)
	at de.tum.cit.aet.artemis.buildagent.service.BuildJobExecutionService$$SpringCGLIB$$0.runBuildJob(<generated>)
	at de.tum.cit.aet.artemis.buildagent.service.BuildJobManagementService.lambda$executeBuildJob$1(BuildJobManagementService.java:129)
	at java.base/java.util.concurrent.FutureTask.run(FutureTask.java:317)
	at java.base/java.util.concurrent.ThreadPoolExecutor.runWorker(ThreadPoolExecutor.java:1144)
	at java.base/java.util.concurrent.ThreadPoolExecutor$Worker.run(ThreadPoolExecutor.java:642)
	at java.base/java.lang.Thread.run(Thread.java:1583)
Caused by: de.tum.cit.aet.artemis.core.exception.LocalCIException: Docker image dummy-docker-image is not compatible with the current architecture. Needed 'linux/amd64', but got 'null'
	at de.tum.cit.aet.artemis.buildagent.service.BuildAgentDockerService.checkImageArchitecture(BuildAgentDockerService.java:291)
	at de.tum.cit.aet.artemis.buildagent.service.BuildAgentDockerService.pullDockerImage(BuildAgentDockerService.java:223)
	at de.tum.cit.aet.artemis.buildagent.service.BuildJobExecutionService.runBuildJob(BuildJobExecutionService.java:152)
	... 10 common frames omitted
    23:44:54.342 | 566 localvc.event-13 | ERROR | a.a.b.s.SharedQueueProcessingService : Error while processing build job: BuildJobQueueItem[id=17451739576693934, name=SHORT1433D0160BE1D048240B38F04F231AEE650FTSTEXC-BASE, buildAgent=BuildAgentDTO[name=artemis-build-agent-test, memberAddress=[127.0.0.1]:5703, displayName=artemis-build-agent-test], participationId=1745, courseId=871, exerciseId=2446, retryCount=0, priority=2, status=null, repositoryInfo=RepositoryInfo[repositoryName=short1433d0160be1d048240b38f04f231aee650ftstexc-exercise, repositoryType=exercise, triggeredByPushTo=exercise, assignmentRepositoryUri=http://localhost:49152/git/SHORT1433D0160BE1D048240B38F04F231AEE650FTSTEXC/short1433d0160be1d048240b38f04f231aee650ftstexc-exercise.git, testRepositoryUri=http://nadnasidni.tum/scm/SHORT1433D0160BE1D048240B38F04F231AEE650FTSTEXC/SHORT1433D0160BE1D048240B38F04F231AEE650FTSTEXC-tests.git, solutionRepositoryUri=null, auxiliaryRepositoryUris=[Ljava.lang.String;@68f76819, auxiliaryRepositoryCheckoutDirectories=[Ljava.lang.String;@51c44cb7], jobTimingInfo=JobTimingInfo[submissionDate=2025-02-14T23:44:53.934335889Z[Etc/UTC], buildStartDate=2025-02-14T23:44:54.327124774Z[Etc/UTC], buildCompletionDate=null, estimatedCompletionDate=2025-02-14T23:45:13.327117811Z[Etc/UTC], estimatedDuration=19], buildConfig=BuildConfig[buildScript=#!/bin/bash
cd /var/tmp/testing-dir
mvn clean test
, dockerImage=dummy-docker-image, commitHashToBuild=null, assignmentCommitHash=9b3a9bd71a0d80e5bbc42204c319ed3d1d4f0d6d, testCommitHash=9b3a9bd71a0d80e5bbc42204c319ed3d1d4f0d6d, branch=main, programmingLanguage=JAVA, projectType=PLAIN_MAVEN, scaEnabled=false, sequentialTestRunsEnabled=false, resultPaths=[/var/tmp/testing-dir/**/target/surefire-reports/*.xml], timeoutSeconds=0, assignmentCheckoutPath=null, testCheckoutPath=null, solutionCheckoutPath=null, dockerRunConfig=null], submissionResult=null]
java.util.concurrent.CompletionException: java.util.concurrent.ExecutionException: de.tum.cit.aet.artemis.core.exception.LocalCIException: Could not pull Docker image dummy-docker-image
	at de.tum.cit.aet.artemis.buildagent.service.BuildJobManagementService.lambda$executeBuildJob$2(BuildJobManagementService.java:188)
	at de.tum.cit.aet.artemis.buildagent.service.BuildJobManagementService.createCompletableFuture(BuildJobManagementService.java:236)
	at de.tum.cit.aet.artemis.buildagent.service.BuildJobManagementService.executeBuildJob(BuildJobManagementService.java:163)
	at de.tum.cit.aet.artemis.buildagent.service.SharedQueueProcessingService.processBuild(SharedQueueProcessingService.java:413)
	at de.tum.cit.aet.artemis.buildagent.service.SharedQueueProcessingService.checkAvailabilityAndProcessNextBuild(SharedQueueProcessingService.java:269)
	at de.tum.cit.aet.artemis.buildagent.service.SharedQueueProcessingService.lambda$processBuild$5(SharedQueueProcessingService.java:480)
	at java.base/java.util.concurrent.CompletableFuture.uniExceptionally(CompletableFuture.java:990)
	at java.base/java.util.concurrent.CompletableFuture.uniExceptionallyStage(CompletableFuture.java:1008)
	at java.base/java.util.concurrent.CompletableFuture.exceptionally(CompletableFuture.java:2396)
	at de.tum.cit.aet.artemis.buildagent.service.SharedQueueProcessingService.processBuild(SharedQueueProcessingService.java:444)
	at de.tum.cit.aet.artemis.buildagent.service.SharedQueueProcessingService.checkAvailabilityAndProcessNextBuild(SharedQueueProcessingService.java:269)
	at de.tum.cit.aet.artemis.buildagent.service.SharedQueueProcessingService$QueuedBuildJobItemListener.itemAdded(SharedQueueProcessingService.java:594)
	at com.hazelcast.collection.impl.queue.QueueService.lambda$dispatchEvent$1(QueueService.java:277)
	at com.hazelcast.internal.namespace.impl.NoOpUserCodeNamespaceService.runWithNamespace(NoOpUserCodeNamespaceService.java:82)
	at com.hazelcast.internal.namespace.NamespaceUtil.runWithNamespace(NamespaceUtil.java:106)
	at com.hazelcast.collection.impl.queue.QueueService.dispatchEvent(QueueService.java:275)
	at com.hazelcast.collection.impl.queue.QueueService.dispatchEvent(QueueService.java:98)
	at com.hazelcast.spi.impl.eventservice.impl.LocalEventDispatcher.run(LocalEventDispatcher.java:64)
	at com.hazelcast.internal.util.executor.StripedExecutor$Worker.process(StripedExecutor.java:244)
	at com.hazelcast.internal.util.executor.StripedExecutor$Worker.run(StripedExecutor.java:227)
Caused by: java.util.concurrent.ExecutionException: de.tum.cit.aet.artemis.core.exception.LocalCIException: Could not pull Docker image dummy-docker-image
	at java.base/java.util.concurrent.FutureTask.report(FutureTask.java:122)
	at java.base/java.util.concurrent.FutureTask.get(FutureTask.java:205)
	at de.tum.cit.aet.artemis.buildagent.service.BuildJobManagementService.lambda$executeBuildJob$2(BuildJobManagementService.java:165)
	... 19 common frames omitted
Caused by: de.tum.cit.aet.artemis.core.exception.LocalCIException: Could not pull Docker image dummy-docker-image
	at de.tum.cit.aet.artemis.buildagent.service.BuildJobExecutionService.runBuildJob(BuildJobExecutionService.java:157)
	at java.base/jdk.internal.reflect.DirectMethodHandleAccessor.invoke(DirectMethodHandleAccessor.java:103)
	at java.base/java.lang.reflect.Method.invoke(Method.java:580)
	at org.springframework.aop.support.AopUtils.invokeJoinpointUsingReflection(AopUtils.java:359)
	at org.springframework.aop.framework.CglibAopProxy$DynamicAdvisedInterceptor.intercept(CglibAopProxy.java:723)
	at de.tum.cit.aet.artemis.buildagent.service.BuildJobExecutionService$$SpringCGLIB$$0.runBuildJob(<generated>)
	at de.tum.cit.aet.artemis.buildagent.service.BuildJobManagementService.lambda$executeBuildJob$1(BuildJobManagementService.java:129)
	at java.base/java.util.concurrent.FutureTask.run(FutureTask.java:317)
	at java.base/java.util.concurrent.ThreadPoolExecutor.runWorker(ThreadPoolExecutor.java:1144)
	at java.base/java.util.concurrent.ThreadPoolExecutor$Worker.run(ThreadPoolExecutor.java:642)
	at java.base/java.lang.Thread.run(Thread.java:1583)
Caused by: de.tum.cit.aet.artemis.core.exception.LocalCIException: Docker image dummy-docker-image is not compatible with the current architecture. Needed 'linux/amd64', but got 'null'
	at de.tum.cit.aet.artemis.buildagent.service.BuildAgentDockerService.checkImageArchitecture(BuildAgentDockerService.java:291)
	at de.tum.cit.aet.artemis.buildagent.service.BuildAgentDockerService.pullDockerImage(BuildAgentDockerService.java:223)
	at de.tum.cit.aet.artemis.buildagent.service.BuildJobExecutionService.runBuildJob(BuildJobExecutionService.java:152)
	... 10 common frames omitted
    23:44:54.347 | 462 ool-1-worker-226 | DEBUG | d.t.c.a.a.c.u.util.UserUtilService   : Save 7 users to database. Done
    23:44:54.356 | 566 localvc.event-13 | DEBUG | a.a.b.s.SharedQueueProcessingService : Currently processing jobs on this node: 0, active threads in Pool: 0, maximum pool size of thread executor : 1
    23:44:54.356 | 566 localvc.event-13 | DEBUG | a.a.b.s.SharedQueueProcessingService : Currently processing jobs on this node: 0, active threads in Pool: 0, maximum pool size of thread executor : 1
    23:44:54.357 | 565 localvc.event-12 | DEBUG | a.p.s.l.LocalCIQueueWebsocketService : CIBuildJobQueueItem added to processing jobs: BuildJobQueueItem[id=17461739576694099, name=SHORT9813A60B0D82D0492A0A4D90B91108517937TSTEXC-SOLUTION, buildAgent=BuildAgentDTO[name=artemis-build-agent-test, memberAddress=[127.0.0.1]:5703, displayName=artemis-build-agent-test], participationId=1746, courseId=872, exerciseId=2447, retryCount=0, priority=2, status=null, repositoryInfo=RepositoryInfo[repositoryName=short9813a60b0d82d0492a0a4d90b91108517937tstexc-solution, repositoryType=solution, triggeredByPushTo=solution, assignmentRepositoryUri=http://localhost:49152/git/SHORT9813A60B0D82D0492A0A4D90B91108517937TSTEXC/short9813a60b0d82d0492a0a4d90b91108517937tstexc-solution.git, testRepositoryUri=http://nadnasidni.tum/scm/SHORT9813A60B0D82D0492A0A4D90B91108517937TSTEXC/SHORT9813A60B0D82D0492A0A4D90B91108517937TSTEXC-tests.git, solutionRepositoryUri=null, auxiliaryRepositoryUris=[Ljava.lang.String;@7808e5ce, auxiliaryRepositoryCheckoutDirectories=[Ljava.lang.String;@6a609fa8], jobTimingInfo=JobTimingInfo[submissionDate=2025-02-14T23:44:54.099771235Z[Etc/UTC], buildStartDate=2025-02-14T23:44:54.357176465Z[Etc/UTC], buildCompletionDate=null, estimatedCompletionDate=2025-02-14T23:45:13.357171275Z[Etc/UTC], estimatedDuration=19], buildConfig=BuildConfig[buildScript=#!/bin/bash
cd /var/tmp/testing-dir
mvn clean test
, dockerImage=dummy-docker-image, commitHashToBuild=null, assignmentCommitHash=9b3a9bd71a0d80e5bbc42204c319ed3d1d4f0d6d, testCommitHash=9b3a9bd71a0d80e5bbc42204c319ed3d1d4f0d6d, branch=main, programmingLanguage=JAVA, projectType=PLAIN_MAVEN, scaEnabled=false, sequentialTestRunsEnabled=false, resultPaths=[/var/tmp/testing-dir/**/target/surefire-reports/*.xml], timeoutSeconds=0, assignmentCheckoutPath=null, testCheckoutPath=null, solutionCheckoutPath=null, dockerRunConfig=null], submissionResult=null]
    23:44:54.357 | 565 localvc.event-12 | DEBUG | s.l.LocalCIWebsocketMessagingService : Sending message on topic /topic/admin/running-jobs: [BuildJobQueueItem[id=17461739576694099, name=SHORT9813A60B0D82D0492A0A4D90B91108517937TSTEXC-SOLUTION, buildAgent=BuildAgentDTO[name=artemis-build-agent-test, memberAddress=[127.0.0.1]:5703, displayName=artemis-build-agent-test], participationId=1746, courseId=872, exerciseId=2447, retryCount=0, priority=2, status=null, repositoryInfo=RepositoryInfo[repositoryName=short9813a60b0d82d0492a0a4d90b91108517937tstexc-solution, repositoryType=solution, triggeredByPushTo=solution, assignmentRepositoryUri=, testRepositoryUri=, solutionRepositoryUri=, auxiliaryRepositoryUris=null, auxiliaryRepositoryCheckoutDirectories=null], jobTimingInfo=JobTimingInfo[submissionDate=2025-02-14T23:44:54.099771235Z[Etc/UTC], buildStartDate=2025-02-14T23:44:54.357176465Z[Etc/UTC], buildCompletionDate=null, estimatedCompletionDate=2025-02-14T23:45:13.357171275Z[Etc/UTC], estimatedDuration=19], buildConfig=BuildConfig[buildScript=, dockerImage=, commitHashToBuild=null, assignmentCommitHash=, testCommitHash=, branch=, programmingLanguage=null, projectType=null, scaEnabled=false, sequentialTestRunsEnabled=false, resultPaths=null, timeoutSeconds=0, assignmentCheckoutPath=, testCheckoutPath=, solutionCheckoutPath=, dockerRunConfig=null], submissionResult=null]]
    23:44:54.358 | 565 localvc.event-12 | DEBUG | s.l.LocalCIWebsocketMessagingService : Sending message on topic /topic/courses/872/running-jobs: [BuildJobQueueItem[id=17461739576694099, name=SHORT9813A60B0D82D0492A0A4D90B91108517937TSTEXC-SOLUTION, buildAgent=BuildAgentDTO[name=artemis-build-agent-test, memberAddress=[127.0.0.1]:5703, displayName=artemis-build-agent-test], participationId=1746, courseId=872, exerciseId=2447, retryCount=0, priority=2, status=null, repositoryInfo=RepositoryInfo[repositoryName=short9813a60b0d82d0492a0a4d90b91108517937tstexc-solution, repositoryType=solution, triggeredByPushTo=solution, assignmentRepositoryUri=, testRepositoryUri=, solutionRepositoryUri=, auxiliaryRepositoryUris=null, auxiliaryRepositoryCheckoutDirectories=null], jobTimingInfo=JobTimingInfo[submissionDate=2025-02-14T23:44:54.099771235Z[Etc/UTC], buildStartDate=2025-02-14T23:44:54.357176465Z[Etc/UTC], buildCompletionDate=null, estimatedCompletionDate=2025-02-14T23:45:13.357171275Z[Etc/UTC], estimatedDuration=19], buildConfig=BuildConfig[buildScript=, dockerImage=, commitHashToBuild=null, assignmentCommitHash=, testCommitHash=, branch=, programmingLanguage=null, projectType=null, scaEnabled=false, sequentialTestRunsEnabled=false, resultPaths=null, timeoutSeconds=0, assignmentCheckoutPath=, testCheckoutPath=, solutionCheckoutPath=, dockerRunConfig=null], submissionResult=null]]
    23:44:54.360 | 588 artemis-task-1   | DEBUG | d.t.c.a.a.c.c.w.GzipMessageConverter : Compressed message payload from 906 to 640 (saved 29.4% payload size)
    23:44:54.360 | 588 artemis-task-1   | DEBUG | d.t.c.a.a.c.c.w.GzipMessageConverter : Compressed message payload from 906 to 640 (saved 29.4% payload size)
    23:44:54.367 | 566 localvc.event-13 | INFO  | a.a.b.s.SharedQueueProcessingService : Processing build job: BuildJobQueueItem[id=17461739576694099, name=SHORT9813A60B0D82D0492A0A4D90B91108517937TSTEXC-SOLUTION, buildAgent=BuildAgentDTO[name=artemis-build-agent-test, memberAddress=[127.0.0.1]:5703, displayName=artemis-build-agent-test], participationId=1746, courseId=872, exerciseId=2447, retryCount=0, priority=2, status=null, repositoryInfo=RepositoryInfo[repositoryName=short9813a60b0d82d0492a0a4d90b91108517937tstexc-solution, repositoryType=solution, triggeredByPushTo=solution, assignmentRepositoryUri=http://localhost:49152/git/SHORT9813A60B0D82D0492A0A4D90B91108517937TSTEXC/short9813a60b0d82d0492a0a4d90b91108517937tstexc-solution.git, testRepositoryUri=http://nadnasidni.tum/scm/SHORT9813A60B0D82D0492A0A4D90B91108517937TSTEXC/SHORT9813A60B0D82D0492A0A4D90B91108517937TSTEXC-tests.git, solutionRepositoryUri=null, auxiliaryRepositoryUris=[Ljava.lang.String;@4a8d023a, auxiliaryRepositoryCheckoutDirectories=[Ljava.lang.String;@520dc062], jobTimingInfo=JobTimingInfo[submissionDate=2025-02-14T23:44:54.099771235Z[Etc/UTC], buildStartDate=2025-02-14T23:44:54.357176465Z[Etc/UTC], buildCompletionDate=null, estimatedCompletionDate=2025-02-14T23:45:13.357171275Z[Etc/UTC], estimatedDuration=19], buildConfig=BuildConfig[buildScript=#!/bin/bash
cd /var/tmp/testing-dir
mvn clean test
, dockerImage=dummy-docker-image, commitHashToBuild=null, assignmentCommitHash=9b3a9bd71a0d80e5bbc42204c319ed3d1d4f0d6d, testCommitHash=9b3a9bd71a0d80e5bbc42204c319ed3d1d4f0d6d, branch=main, programmingLanguage=JAVA, projectType=PLAIN_MAVEN, scaEnabled=false, sequentialTestRunsEnabled=false, resultPaths=[/var/tmp/testing-dir/**/target/surefire-reports/*.xml], timeoutSeconds=0, assignmentCheckoutPath=null, testCheckoutPath=null, solutionCheckoutPath=null, dockerRunConfig=null], submissionResult=null]
    23:44:54.367 | 081 local-ci-build-0 | DEBUG | t.c.a.a.b.s.BuildJobExecutionService : ~~~~~~~~~~~~~~~~~~~~ Start Build Job 17461739576694099 ~~~~~~~~~~~~~~~~~~~~
    23:44:54.367 | 081 local-ci-build-0 | INFO  | .t.c.a.a.b.s.BuildAgentDockerService : ~~~~~~~~~~~~~~~~~~~~ Inspecting docker image dummy-docker-image ~~~~~~~~~~~~~~~~~~~~
    23:44:54.367 | 081 local-ci-build-0 | ERROR | .t.c.a.a.b.s.BuildAgentDockerService : Docker image dummy-docker-image is not compatible with the current architecture. Needed 'linux/amd64', but got 'null'
    23:44:54.369 | 566 localvc.event-13 | ERROR | .c.a.a.b.s.BuildJobManagementService : Error while executing build job 17461739576694099: de.tum.cit.aet.artemis.core.exception.LocalCIException: Could not pull Docker image dummy-docker-image
java.util.concurrent.ExecutionException: de.tum.cit.aet.artemis.core.exception.LocalCIException: Could not pull Docker image dummy-docker-image
	at java.base/java.util.concurrent.FutureTask.report(FutureTask.java:122)
	at java.base/java.util.concurrent.FutureTask.get(FutureTask.java:205)
	at de.tum.cit.aet.artemis.buildagent.service.BuildJobManagementService.lambda$executeBuildJob$2(BuildJobManagementService.java:165)
	at de.tum.cit.aet.artemis.buildagent.service.BuildJobManagementService.createCompletableFuture(BuildJobManagementService.java:236)
	at de.tum.cit.aet.artemis.buildagent.service.BuildJobManagementService.executeBuildJob(BuildJobManagementService.java:163)
	at de.tum.cit.aet.artemis.buildagent.service.SharedQueueProcessingService.processBuild(SharedQueueProcessingService.java:413)
	at de.tum.cit.aet.artemis.buildagent.service.SharedQueueProcessingService.checkAvailabilityAndProcessNextBuild(SharedQueueProcessingService.java:269)
	at de.tum.cit.aet.artemis.buildagent.service.SharedQueueProcessingService.lambda$processBuild$5(SharedQueueProcessingService.java:480)
	at java.base/java.util.concurrent.CompletableFuture.uniExceptionally(CompletableFuture.java:990)
	at java.base/java.util.concurrent.CompletableFuture.uniExceptionallyStage(CompletableFuture.java:1008)
	at java.base/java.util.concurrent.CompletableFuture.exceptionally(CompletableFuture.java:2396)
	at de.tum.cit.aet.artemis.buildagent.service.SharedQueueProcessingService.processBuild(SharedQueueProcessingService.java:444)
	at de.tum.cit.aet.artemis.buildagent.service.SharedQueueProcessingService.checkAvailabilityAndProcessNextBuild(SharedQueueProcessingService.java:269)
	at de.tum.cit.aet.artemis.buildagent.service.SharedQueueProcessingService.lambda$processBuild$5(SharedQueueProcessingService.java:480)
	at java.base/java.util.concurrent.CompletableFuture.uniExceptionally(CompletableFuture.java:990)
	at java.base/java.util.concurrent.CompletableFuture.uniExceptionallyStage(CompletableFuture.java:1008)
	at java.base/java.util.concurrent.CompletableFuture.exceptionally(CompletableFuture.java:2396)
	at de.tum.cit.aet.artemis.buildagent.service.SharedQueueProcessingService.processBuild(SharedQueueProcessingService.java:444)
	at de.tum.cit.aet.artemis.buildagent.service.SharedQueueProcessingService.checkAvailabilityAndProcessNextBuild(SharedQueueProcessingService.java:269)
	at de.tum.cit.aet.artemis.buildagent.service.SharedQueueProcessingService$QueuedBuildJobItemListener.itemAdded(SharedQueueProcessingService.java:594)
	at com.hazelcast.collection.impl.queue.QueueService.lambda$dispatchEvent$1(QueueService.java:277)
	at com.hazelcast.internal.namespace.impl.NoOpUserCodeNamespaceService.runWithNamespace(NoOpUserCodeNamespaceService.java:82)
	at com.hazelcast.internal.namespace.NamespaceUtil.runWithNamespace(NamespaceUtil.java:106)
	at com.hazelcast.collection.impl.queue.QueueService.dispatchEvent(QueueService.java:275)
	at com.hazelcast.collection.impl.queue.QueueService.dispatchEvent(QueueService.java:98)
	at com.hazelcast.spi.impl.eventservice.impl.LocalEventDispatcher.run(LocalEventDispatcher.java:64)
	at com.hazelcast.internal.util.executor.StripedExecutor$Worker.process(StripedExecutor.java:244)
	at com.hazelcast.internal.util.executor.StripedExecutor$Worker.run(StripedExecutor.java:227)
Caused by: de.tum.cit.aet.artemis.core.exception.LocalCIException: Could not pull Docker image dummy-docker-image
	at de.tum.cit.aet.artemis.buildagent.service.BuildJobExecutionService.runBuildJob(BuildJobExecutionService.java:157)
	at java.base/jdk.internal.reflect.DirectMethodHandleAccessor.invoke(DirectMethodHandleAccessor.java:103)
	at java.base/java.lang.reflect.Method.invoke(Method.java:580)
	at org.springframework.aop.support.AopUtils.invokeJoinpointUsingReflection(AopUtils.java:359)
	at org.springframework.aop.framework.CglibAopProxy$DynamicAdvisedInterceptor.intercept(CglibAopProxy.java:723)
	at de.tum.cit.aet.artemis.buildagent.service.BuildJobExecutionService$$SpringCGLIB$$0.runBuildJob(<generated>)
	at de.tum.cit.aet.artemis.buildagent.service.BuildJobManagementService.lambda$executeBuildJob$1(BuildJobManagementService.java:129)
	at java.base/java.util.concurrent.FutureTask.run(FutureTask.java:317)
	at java.base/java.util.concurrent.ThreadPoolExecutor.runWorker(ThreadPoolExecutor.java:1144)
	at java.base/java.util.concurrent.ThreadPoolExecutor$Worker.run(ThreadPoolExecutor.java:642)
	at java.base/java.lang.Thread.run(Thread.java:1583)
Caused by: de.tum.cit.aet.artemis.core.exception.LocalCIException: Docker image dummy-docker-image is not compatible with the current architecture. Needed 'linux/amd64', but got 'null'
	at de.tum.cit.aet.artemis.buildagent.service.BuildAgentDockerService.checkImageArchitecture(BuildAgentDockerService.java:291)
	at de.tum.cit.aet.artemis.buildagent.service.BuildAgentDockerService.pullDockerImage(BuildAgentDockerService.java:223)
	at de.tum.cit.aet.artemis.buildagent.service.BuildJobExecutionService.runBuildJob(BuildJobExecutionService.java:152)
	... 10 common frames omitted
    23:44:54.369 | 566 localvc.event-13 | INFO  | .c.a.a.b.s.BuildJobManagementService : Getting ID of running container local-ci-17461739576694099
    23:44:54.369 | 566 localvc.event-13 | INFO  | .c.a.a.b.s.BuildJobManagementService : Stopping unresponsive container with ID null
    23:44:54.369 | 566 localvc.event-13 | DEBUG | a.a.b.s.SharedQueueProcessingService : Build job completed with exception: BuildJobQueueItem[id=17461739576694099, name=SHORT9813A60B0D82D0492A0A4D90B91108517937TSTEXC-SOLUTION, buildAgent=BuildAgentDTO[name=artemis-build-agent-test, memberAddress=[127.0.0.1]:5703, displayName=artemis-build-agent-test], participationId=1746, courseId=872, exerciseId=2447, retryCount=0, priority=2, status=null, repositoryInfo=RepositoryInfo[repositoryName=short9813a60b0d82d0492a0a4d90b91108517937tstexc-solution, repositoryType=solution, triggeredByPushTo=solution, assignmentRepositoryUri=http://localhost:49152/git/SHORT9813A60B0D82D0492A0A4D90B91108517937TSTEXC/short9813a60b0d82d0492a0a4d90b91108517937tstexc-solution.git, testRepositoryUri=http://nadnasidni.tum/scm/SHORT9813A60B0D82D0492A0A4D90B91108517937TSTEXC/SHORT9813A60B0D82D0492A0A4D90B91108517937TSTEXC-tests.git, solutionRepositoryUri=null, auxiliaryRepositoryUris=[Ljava.lang.String;@4a8d023a, auxiliaryRepositoryCheckoutDirectories=[Ljava.lang.String;@520dc062], jobTimingInfo=JobTimingInfo[submissionDate=2025-02-14T23:44:54.099771235Z[Etc/UTC], buildStartDate=2025-02-14T23:44:54.357176465Z[Etc/UTC], buildCompletionDate=null, estimatedCompletionDate=2025-02-14T23:45:13.357171275Z[Etc/UTC], estimatedDuration=19], buildConfig=BuildConfig[buildScript=#!/bin/bash
cd /var/tmp/testing-dir
mvn clean test
, dockerImage=dummy-docker-image, commitHashToBuild=null, assignmentCommitHash=9b3a9bd71a0d80e5bbc42204c319ed3d1d4f0d6d, testCommitHash=9b3a9bd71a0d80e5bbc42204c319ed3d1d4f0d6d, branch=main, programmingLanguage=JAVA, projectType=PLAIN_MAVEN, scaEnabled=false, sequentialTestRunsEnabled=false, resultPaths=[/var/tmp/testing-dir/**/target/surefire-reports/*.xml], timeoutSeconds=0, assignmentCheckoutPath=null, testCheckoutPath=null, solutionCheckoutPath=null, dockerRunConfig=null], submissionResult=null]
java.util.concurrent.CompletionException: java.util.concurrent.ExecutionException: de.tum.cit.aet.artemis.core.exception.LocalCIException: Could not pull Docker image dummy-docker-image
	at de.tum.cit.aet.artemis.buildagent.service.BuildJobManagementService.lambda$executeBuildJob$2(BuildJobManagementService.java:188)
	at de.tum.cit.aet.artemis.buildagent.service.BuildJobManagementService.createCompletableFuture(BuildJobManagementService.java:236)
	at de.tum.cit.aet.artemis.buildagent.service.BuildJobManagementService.executeBuildJob(BuildJobManagementService.java:163)
	at de.tum.cit.aet.artemis.buildagent.service.SharedQueueProcessingService.processBuild(SharedQueueProcessingService.java:413)
	at de.tum.cit.aet.artemis.buildagent.service.SharedQueueProcessingService.checkAvailabilityAndProcessNextBuild(SharedQueueProcessingService.java:269)
	at de.tum.cit.aet.artemis.buildagent.service.SharedQueueProcessingService.lambda$processBuild$5(SharedQueueProcessingService.java:480)
	at java.base/java.util.concurrent.CompletableFuture.uniExceptionally(CompletableFuture.java:990)
	at java.base/java.util.concurrent.CompletableFuture.uniExceptionallyStage(CompletableFuture.java:1008)
	at java.base/java.util.concurrent.CompletableFuture.exceptionally(CompletableFuture.java:2396)
	at de.tum.cit.aet.artemis.buildagent.service.SharedQueueProcessingService.processBuild(SharedQueueProcessingService.java:444)
	at de.tum.cit.aet.artemis.buildagent.service.SharedQueueProcessingService.checkAvailabilityAndProcessNextBuild(SharedQueueProcessingService.java:269)
	at de.tum.cit.aet.artemis.buildagent.service.SharedQueueProcessingService.lambda$processBuild$5(SharedQueueProcessingService.java:480)
	at java.base/java.util.concurrent.CompletableFuture.uniExceptionally(CompletableFuture.java:990)
	at java.base/java.util.concurrent.CompletableFuture.uniExceptionallyStage(CompletableFuture.java:1008)
	at java.base/java.util.concurrent.CompletableFuture.exceptionally(CompletableFuture.java:2396)
	at de.tum.cit.aet.artemis.buildagent.service.SharedQueueProcessingService.processBuild(SharedQueueProcessingService.java:444)
	at de.tum.cit.aet.artemis.buildagent.service.SharedQueueProcessingService.checkAvailabilityAndProcessNextBuild(SharedQueueProcessingService.java:269)
	at de.tum.cit.aet.artemis.buildagent.service.SharedQueueProcessingService$QueuedBuildJobItemListener.itemAdded(SharedQueueProcessingService.java:594)
	at com.hazelcast.collection.impl.queue.QueueService.lambda$dispatchEvent$1(QueueService.java:277)
	at com.hazelcast.internal.namespace.impl.NoOpUserCodeNamespaceService.runWithNamespace(NoOpUserCodeNamespaceService.java:82)
	at com.hazelcast.internal.namespace.NamespaceUtil.runWithNamespace(NamespaceUtil.java:106)
	at com.hazelcast.collection.impl.queue.QueueService.dispatchEvent(QueueService.java:275)
	at com.hazelcast.collection.impl.queue.QueueService.dispatchEvent(QueueService.java:98)
	at com.hazelcast.spi.impl.eventservice.impl.LocalEventDispatcher.run(LocalEventDispatcher.java:64)
	at com.hazelcast.internal.util.executor.StripedExecutor$Worker.process(StripedExecutor.java:244)
	at com.hazelcast.internal.util.executor.StripedExecutor$Worker.run(StripedExecutor.java:227)
Caused by: java.util.concurrent.ExecutionException: de.tum.cit.aet.artemis.core.exception.LocalCIException: Could not pull Docker image dummy-docker-image
	at java.base/java.util.concurrent.FutureTask.report(FutureTask.java:122)
	at java.base/java.util.concurrent.FutureTask.get(FutureTask.java:205)
	at de.tum.cit.aet.artemis.buildagent.service.BuildJobManagementService.lambda$executeBuildJob$2(BuildJobManagementService.java:165)
	... 25 common frames omitted
Caused by: de.tum.cit.aet.artemis.core.exception.LocalCIException: Could not pull Docker image dummy-docker-image
	at de.tum.cit.aet.artemis.buildagent.service.BuildJobExecutionService.runBuildJob(BuildJobExecutionService.java:157)
	at java.base/jdk.internal.reflect.DirectMethodHandleAccessor.invoke(DirectMethodHandleAccessor.java:103)
	at java.base/java.lang.reflect.Method.invoke(Method.java:580)
	at org.springframework.aop.support.AopUtils.invokeJoinpointUsingReflection(AopUtils.java:359)
	at org.springframework.aop.framework.CglibAopProxy$DynamicAdvisedInterceptor.intercept(CglibAopProxy.java:723)
	at de.tum.cit.aet.artemis.buildagent.service.BuildJobExecutionService$$SpringCGLIB$$0.runBuildJob(<generated>)
	at de.tum.cit.aet.artemis.buildagent.service.BuildJobManagementService.lambda$executeBuildJob$1(BuildJobManagementService.java:129)
	at java.base/java.util.concurrent.FutureTask.run(FutureTask.java:317)
	at java.base/java.util.concurrent.ThreadPoolExecutor.runWorker(ThreadPoolExecutor.java:1144)
	at java.base/java.util.concurrent.ThreadPoolExecutor$Worker.run(ThreadPoolExecutor.java:642)
	at java.base/java.lang.Thread.run(Thread.java:1583)
Caused by: de.tum.cit.aet.artemis.core.exception.LocalCIException: Docker image dummy-docker-image is not compatible with the current architecture. Needed 'linux/amd64', but got 'null'
	at de.tum.cit.aet.artemis.buildagent.service.BuildAgentDockerService.checkImageArchitecture(BuildAgentDockerService.java:291)
	at de.tum.cit.aet.artemis.buildagent.service.BuildAgentDockerService.pullDockerImage(BuildAgentDockerService.java:223)
	at de.tum.cit.aet.artemis.buildagent.service.BuildJobExecutionService.runBuildJob(BuildJobExecutionService.java:152)
	... 10 common frames omitted
    23:44:54.369 | 566 localvc.event-13 | ERROR | a.a.b.s.SharedQueueProcessingService : Error while processing build job: BuildJobQueueItem[id=17461739576694099, name=SHORT9813A60B0D82D0492A0A4D90B91108517937TSTEXC-SOLUTION, buildAgent=BuildAgentDTO[name=artemis-build-agent-test, memberAddress=[127.0.0.1]:5703, displayName=artemis-build-agent-test], participationId=1746, courseId=872, exerciseId=2447, retryCount=0, priority=2, status=null, repositoryInfo=RepositoryInfo[repositoryName=short9813a60b0d82d0492a0a4d90b91108517937tstexc-solution, repositoryType=solution, triggeredByPushTo=solution, assignmentRepositoryUri=http://localhost:49152/git/SHORT9813A60B0D82D0492A0A4D90B91108517937TSTEXC/short9813a60b0d82d0492a0a4d90b91108517937tstexc-solution.git, testRepositoryUri=http://nadnasidni.tum/scm/SHORT9813A60B0D82D0492A0A4D90B91108517937TSTEXC/SHORT9813A60B0D82D0492A0A4D90B91108517937TSTEXC-tests.git, solutionRepositoryUri=null, auxiliaryRepositoryUris=[Ljava.lang.String;@4a8d023a, auxiliaryRepositoryCheckoutDirectories=[Ljava.lang.String;@520dc062], jobTimingInfo=JobTimingInfo[submissionDate=2025-02-14T23:44:54.099771235Z[Etc/UTC], buildStartDate=2025-02-14T23:44:54.357176465Z[Etc/UTC], buildCompletionDate=null, estimatedCompletionDate=2025-02-14T23:45:13.357171275Z[Etc/UTC], estimatedDuration=19], buildConfig=BuildConfig[buildScript=#!/bin/bash
cd /var/tmp/testing-dir
mvn clean test
, dockerImage=dummy-docker-image, commitHashToBuild=null, assignmentCommitHash=9b3a9bd71a0d80e5bbc42204c319ed3d1d4f0d6d, testCommitHash=9b3a9bd71a0d80e5bbc42204c319ed3d1d4f0d6d, branch=main, programmingLanguage=JAVA, projectType=PLAIN_MAVEN, scaEnabled=false, sequentialTestRunsEnabled=false, resultPaths=[/var/tmp/testing-dir/**/target/surefire-reports/*.xml], timeoutSeconds=0, assignmentCheckoutPath=null, testCheckoutPath=null, solutionCheckoutPath=null, dockerRunConfig=null], submissionResult=null]
java.util.concurrent.CompletionException: java.util.concurrent.ExecutionException: de.tum.cit.aet.artemis.core.exception.LocalCIException: Could not pull Docker image dummy-docker-image
	at de.tum.cit.aet.artemis.buildagent.service.BuildJobManagementService.lambda$executeBuildJob$2(BuildJobManagementService.java:188)
	at de.tum.cit.aet.artemis.buildagent.service.BuildJobManagementService.createCompletableFuture(BuildJobManagementService.java:236)
	at de.tum.cit.aet.artemis.buildagent.service.BuildJobManagementService.executeBuildJob(BuildJobManagementService.java:163)
	at de.tum.cit.aet.artemis.buildagent.service.SharedQueueProcessingService.processBuild(SharedQueueProcessingService.java:413)
	at de.tum.cit.aet.artemis.buildagent.service.SharedQueueProcessingService.checkAvailabilityAndProcessNextBuild(SharedQueueProcessingService.java:269)
	at de.tum.cit.aet.artemis.buildagent.service.SharedQueueProcessingService.lambda$processBuild$5(SharedQueueProcessingService.java:480)
	at java.base/java.util.concurrent.CompletableFuture.uniExceptionally(CompletableFuture.java:990)
	at java.base/java.util.concurrent.CompletableFuture.uniExceptionallyStage(CompletableFuture.java:1008)
	at java.base/java.util.concurrent.CompletableFuture.exceptionally(CompletableFuture.java:2396)
	at de.tum.cit.aet.artemis.buildagent.service.SharedQueueProcessingService.processBuild(SharedQueueProcessingService.java:444)
	at de.tum.cit.aet.artemis.buildagent.service.SharedQueueProcessingService.checkAvailabilityAndProcessNextBuild(SharedQueueProcessingService.java:269)
	at de.tum.cit.aet.artemis.buildagent.service.SharedQueueProcessingService.lambda$processBuild$5(SharedQueueProcessingService.java:480)
	at java.base/java.util.concurrent.CompletableFuture.uniExceptionally(CompletableFuture.java:990)
	at java.base/java.util.concurrent.CompletableFuture.uniExceptionallyStage(CompletableFuture.java:1008)
	at java.base/java.util.concurrent.CompletableFuture.exceptionally(CompletableFuture.java:2396)
	at de.tum.cit.aet.artemis.buildagent.service.SharedQueueProcessingService.processBuild(SharedQueueProcessingService.java:444)
	at de.tum.cit.aet.artemis.buildagent.service.SharedQueueProcessingService.checkAvailabilityAndProcessNextBuild(SharedQueueProcessingService.java:269)
	at de.tum.cit.aet.artemis.buildagent.service.SharedQueueProcessingService$QueuedBuildJobItemListener.itemAdded(SharedQueueProcessingService.java:594)
	at com.hazelcast.collection.impl.queue.QueueService.lambda$dispatchEvent$1(QueueService.java:277)
	at com.hazelcast.internal.namespace.impl.NoOpUserCodeNamespaceService.runWithNamespace(NoOpUserCodeNamespaceService.java:82)
	at com.hazelcast.internal.namespace.NamespaceUtil.runWithNamespace(NamespaceUtil.java:106)
	at com.hazelcast.collection.impl.queue.QueueService.dispatchEvent(QueueService.java:275)
	at com.hazelcast.collection.impl.queue.QueueService.dispatchEvent(QueueService.java:98)
	at com.hazelcast.spi.impl.eventservice.impl.LocalEventDispatcher.run(LocalEventDispatcher.java:64)
	at com.hazelcast.internal.util.executor.StripedExecutor$Worker.process(StripedExecutor.java:244)
	at com.hazelcast.internal.util.executor.StripedExecutor$Worker.run(StripedExecutor.java:227)
Caused by: java.util.concurrent.ExecutionException: de.tum.cit.aet.artemis.core.exception.LocalCIException: Could not pull Docker image dummy-docker-image
	at java.base/java.util.concurrent.FutureTask.report(FutureTask.java:122)
	at java.base/java.util.concurrent.FutureTask.get(FutureTask.java:205)
	at de.tum.cit.aet.artemis.buildagent.service.BuildJobManagementService.lambda$executeBuildJob$2(BuildJobManagementService.java:165)
	... 25 common frames omitted
Caused by: de.tum.cit.aet.artemis.core.exception.LocalCIException: Could not pull Docker image dummy-docker-image
	at de.tum.cit.aet.artemis.buildagent.service.BuildJobExecutionService.runBuildJob(BuildJobExecutionService.java:157)
	at java.base/jdk.internal.reflect.DirectMethodHandleAccessor.invoke(DirectMethodHandleAccessor.java:103)
	at java.base/java.lang.reflect.Method.invoke(Method.java:580)
	at org.springframework.aop.support.AopUtils.invokeJoinpointUsingReflection(AopUtils.java:359)
	at org.springframework.aop.framework.CglibAopProxy$DynamicAdvisedInterceptor.intercept(CglibAopProxy.java:723)
	at de.tum.cit.aet.artemis.buildagent.service.BuildJobExecutionService$$SpringCGLIB$$0.runBuildJob(<generated>)
	at de.tum.cit.aet.artemis.buildagent.service.BuildJobManagementService.lambda$executeBuildJob$1(BuildJobManagementService.java:129)
	at java.base/java.util.concurrent.FutureTask.run(FutureTask.java:317)
	at java.base/java.util.concurrent.ThreadPoolExecutor.runWorker(ThreadPoolExecutor.java:1144)
	at java.base/java.util.concurrent.ThreadPoolExecutor$Worker.run(ThreadPoolExecutor.java:642)
	at java.base/java.lang.Thread.run(Thread.java:1583)
Caused by: de.tum.cit.aet.artemis.core.exception.LocalCIException: Docker image dummy-docker-image is not compatible with the current architecture. Needed 'linux/amd64', but got 'null'
	at de.tum.cit.aet.artemis.buildagent.service.BuildAgentDockerService.checkImageArchitecture(BuildAgentDockerService.java:291)
	at de.tum.cit.aet.artemis.buildagent.service.BuildAgentDockerService.pullDockerImage(BuildAgentDockerService.java:223)
	at de.tum.cit.aet.artemis.buildagent.service.BuildJobExecutionService.runBuildJob(BuildJobExecutionService.java:152)
	... 10 common frames omitted
    23:44:54.371 | 565 localvc.event-12 | DEBUG | a.p.s.l.LocalCIQueueWebsocketService : CIBuildJobQueueItem removed from processing jobs: BuildJobQueueItem[id=17461739576694099, name=SHORT9813A60B0D82D0492A0A4D90B91108517937TSTEXC-SOLUTION, buildAgent=BuildAgentDTO[name=artemis-build-agent-test, memberAddress=[127.0.0.1]:5703, displayName=artemis-build-agent-test], participationId=1746, courseId=872, exerciseId=2447, retryCount=0, priority=2, status=null, repositoryInfo=RepositoryInfo[repositoryName=short9813a60b0d82d0492a0a4d90b91108517937tstexc-solution, repositoryType=solution, triggeredByPushTo=solution, assignmentRepositoryUri=http://localhost:49152/git/SHORT9813A60B0D82D0492A0A4D90B91108517937TSTEXC/short9813a60b0d82d0492a0a4d90b91108517937tstexc-solution.git, testRepositoryUri=http://nadnasidni.tum/scm/SHORT9813A60B0D82D0492A0A4D90B91108517937TSTEXC/SHORT9813A60B0D82D0492A0A4D90B91108517937TSTEXC-tests.git, solutionRepositoryUri=null, auxiliaryRepositoryUris=[Ljava.lang.String;@214d8e8e, auxiliaryRepositoryCheckoutDirectories=[Ljava.lang.String;@7427648c], jobTimingInfo=JobTimingInfo[submissionDate=2025-02-14T23:44:54.099771235Z[Etc/UTC], buildStartDate=2025-02-14T23:44:54.357176465Z[Etc/UTC], buildCompletionDate=null, estimatedCompletionDate=2025-02-14T23:45:13.357171275Z[Etc/UTC], estimatedDuration=19], buildConfig=BuildConfig[buildScript=#!/bin/bash
cd /var/tmp/testing-dir
mvn clean test
, dockerImage=dummy-docker-image, commitHashToBuild=null, assignmentCommitHash=9b3a9bd71a0d80e5bbc42204c319ed3d1d4f0d6d, testCommitHash=9b3a9bd71a0d80e5bbc42204c319ed3d1d4f0d6d, branch=main, programmingLanguage=JAVA, projectType=PLAIN_MAVEN, scaEnabled=false, sequentialTestRunsEnabled=false, resultPaths=[/var/tmp/testing-dir/**/target/surefire-reports/*.xml], timeoutSeconds=0, assignmentCheckoutPath=null, testCheckoutPath=null, solutionCheckoutPath=null, dockerRunConfig=null], submissionResult=null]
    23:44:54.371 | 565 localvc.event-12 | DEBUG | s.l.LocalCIWebsocketMessagingService : Sending message on topic /topic/admin/running-jobs: []
    23:44:54.371 | 565 localvc.event-12 | DEBUG | s.l.LocalCIWebsocketMessagingService : Sending message on topic /topic/courses/872/running-jobs: []
    23:44:54.381 | 566 localvc.event-13 | DEBUG | a.a.b.s.SharedQueueProcessingService : Currently processing jobs on this node: 0, active threads in Pool: 0, maximum pool size of thread executor : 1
    23:44:54.382 | 566 localvc.event-13 | DEBUG | a.a.b.s.SharedQueueProcessingService : Currently processing jobs on this node: 0, active threads in Pool: 0, maximum pool size of thread executor : 1
    23:44:54.383 | 565 localvc.event-12 | DEBUG | a.p.s.l.LocalCIQueueWebsocketService : CIBuildJobQueueItem added to processing jobs: BuildJobQueueItem[id=17471739576694103, name=SHORT9813A60B0D82D0492A0A4D90B91108517937TSTEXC-BASE, buildAgent=BuildAgentDTO[name=artemis-build-agent-test, memberAddress=[127.0.0.1]:5703, displayName=artemis-build-agent-test], participationId=1747, courseId=872, exerciseId=2447, retryCount=0, priority=2, status=null, repositoryInfo=RepositoryInfo[repositoryName=short9813a60b0d82d0492a0a4d90b91108517937tstexc-exercise, repositoryType=exercise, triggeredByPushTo=exercise, assignmentRepositoryUri=http://localhost:49152/git/SHORT9813A60B0D82D0492A0A4D90B91108517937TSTEXC/short9813a60b0d82d0492a0a4d90b91108517937tstexc-exercise.git, testRepositoryUri=http://nadnasidni.tum/scm/SHORT9813A60B0D82D0492A0A4D90B91108517937TSTEXC/SHORT9813A60B0D82D0492A0A4D90B91108517937TSTEXC-tests.git, solutionRepositoryUri=null, auxiliaryRepositoryUris=[Ljava.lang.String;@68f86606, auxiliaryRepositoryCheckoutDirectories=[Ljava.lang.String;@27b47c91], jobTimingInfo=JobTimingInfo[submissionDate=2025-02-14T23:44:54.103710671Z[Etc/UTC], buildStartDate=2025-02-14T23:44:54.382756129Z[Etc/UTC], buildCompletionDate=null, estimatedCompletionDate=2025-02-14T23:45:13.382751040Z[Etc/UTC], estimatedDuration=19], buildConfig=BuildConfig[buildScript=#!/bin/bash
cd /var/tmp/testing-dir
mvn clean test
, dockerImage=dummy-docker-image, commitHashToBuild=null, assignmentCommitHash=9b3a9bd71a0d80e5bbc42204c319ed3d1d4f0d6d, testCommitHash=9b3a9bd71a0d80e5bbc42204c319ed3d1d4f0d6d, branch=main, programmingLanguage=JAVA, projectType=PLAIN_MAVEN, scaEnabled=false, sequentialTestRunsEnabled=false, resultPaths=[/var/tmp/testing-dir/**/target/surefire-reports/*.xml], timeoutSeconds=0, assignmentCheckoutPath=null, testCheckoutPath=null, solutionCheckoutPath=null, dockerRunConfig=null], submissionResult=null]
    23:44:54.383 | 565 localvc.event-12 | DEBUG | s.l.LocalCIWebsocketMessagingService : Sending message on topic /topic/admin/running-jobs: [BuildJobQueueItem[id=17471739576694103, name=SHORT9813A60B0D82D0492A0A4D90B91108517937TSTEXC-BASE, buildAgent=BuildAgentDTO[name=artemis-build-agent-test, memberAddress=[127.0.0.1]:5703, displayName=artemis-build-agent-test], participationId=1747, courseId=872, exerciseId=2447, retryCount=0, priority=2, status=null, repositoryInfo=RepositoryInfo[repositoryName=short9813a60b0d82d0492a0a4d90b91108517937tstexc-exercise, repositoryType=exercise, triggeredByPushTo=exercise, assignmentRepositoryUri=, testRepositoryUri=, solutionRepositoryUri=, auxiliaryRepositoryUris=null, auxiliaryRepositoryCheckoutDirectories=null], jobTimingInfo=JobTimingInfo[submissionDate=2025-02-14T23:44:54.103710671Z[Etc/UTC], buildStartDate=2025-02-14T23:44:54.382756129Z[Etc/UTC], buildCompletionDate=null, estimatedCompletionDate=2025-02-14T23:45:13.382751040Z[Etc/UTC], estimatedDuration=19], buildConfig=BuildConfig[buildScript=, dockerImage=, commitHashToBuild=null, assignmentCommitHash=, testCommitHash=, branch=, programmingLanguage=null, projectType=null, scaEnabled=false, sequentialTestRunsEnabled=false, resultPaths=null, timeoutSeconds=0, assignmentCheckoutPath=, testCheckoutPath=, solutionCheckoutPath=, dockerRunConfig=null], submissionResult=null]]
    23:44:54.383 | 565 localvc.event-12 | DEBUG | s.l.LocalCIWebsocketMessagingService : Sending message on topic /topic/courses/872/running-jobs: [BuildJobQueueItem[id=17471739576694103, name=SHORT9813A60B0D82D0492A0A4D90B91108517937TSTEXC-BASE, buildAgent=BuildAgentDTO[name=artemis-build-agent-test, memberAddress=[127.0.0.1]:5703, displayName=artemis-build-agent-test], participationId=1747, courseId=872, exerciseId=2447, retryCount=0, priority=2, status=null, repositoryInfo=RepositoryInfo[repositoryName=short9813a60b0d82d0492a0a4d90b91108517937tstexc-exercise, repositoryType=exercise, triggeredByPushTo=exercise, assignmentRepositoryUri=, testRepositoryUri=, solutionRepositoryUri=, auxiliaryRepositoryUris=null, auxiliaryRepositoryCheckoutDirectories=null], jobTimingInfo=JobTimingInfo[submissionDate=2025-02-14T23:44:54.103710671Z[Etc/UTC], buildStartDate=2025-02-14T23:44:54.382756129Z[Etc/UTC], buildCompletionDate=null, estimatedCompletionDate=2025-02-14T23:45:13.382751040Z[Etc/UTC], estimatedDuration=19], buildConfig=BuildConfig[buildScript=, dockerImage=, commitHashToBuild=null, assignmentCommitHash=, testCommitHash=, branch=, programmingLanguage=null, projectType=null, scaEnabled=false, sequentialTestRunsEnabled=false, resultPaths=null, timeoutSeconds=0, assignmentCheckoutPath=, testCheckoutPath=, solutionCheckoutPath=, dockerRunConfig=null], submissionResult=null]]
    23:44:54.384 | 462 ool-1-worker-226 | INFO  | i.z.t.d.l.EmbeddedDatabaseReporter   : JDBC URL to connect to 'dataSource': url='jdbc:h2:tcp://localhost:41063/mem:f240edcd-27ce-47a3-b4ab-a6a00c154135;USER=sa', scope='ProgrammingExerciseTestCaseServiceTest#shouldAllowTestCaseWeightSumZero'
    23:44:54.388 | 588 artemis-task-1   | DEBUG | d.t.c.a.a.c.c.w.GzipMessageConverter : Compressed message payload from 901 to 636 (saved 29.4% payload size)
    23:44:54.388 | 588 artemis-task-1   | DEBUG | d.t.c.a.a.c.c.w.GzipMessageConverter : Compressed message payload from 901 to 636 (saved 29.4% payload size)
    23:44:54.394 | 566 localvc.event-13 | INFO  | a.a.b.s.SharedQueueProcessingService : Processing build job: BuildJobQueueItem[id=17471739576694103, name=SHORT9813A60B0D82D0492A0A4D90B91108517937TSTEXC-BASE, buildAgent=BuildAgentDTO[name=artemis-build-agent-test, memberAddress=[127.0.0.1]:5703, displayName=artemis-build-agent-test], participationId=1747, courseId=872, exerciseId=2447, retryCount=0, priority=2, status=null, repositoryInfo=RepositoryInfo[repositoryName=short9813a60b0d82d0492a0a4d90b91108517937tstexc-exercise, repositoryType=exercise, triggeredByPushTo=exercise, assignmentRepositoryUri=http://localhost:49152/git/SHORT9813A60B0D82D0492A0A4D90B91108517937TSTEXC/short9813a60b0d82d0492a0a4d90b91108517937tstexc-exercise.git, testRepositoryUri=http://nadnasidni.tum/scm/SHORT9813A60B0D82D0492A0A4D90B91108517937TSTEXC/SHORT9813A60B0D82D0492A0A4D90B91108517937TSTEXC-tests.git, solutionRepositoryUri=null, auxiliaryRepositoryUris=[Ljava.lang.String;@1df896fa, auxiliaryRepositoryCheckoutDirectories=[Ljava.lang.String;@36ca4d77], jobTimingInfo=JobTimingInfo[submissionDate=2025-02-14T23:44:54.103710671Z[Etc/UTC], buildStartDate=2025-02-14T23:44:54.382756129Z[Etc/UTC], buildCompletionDate=null, estimatedCompletionDate=2025-02-14T23:45:13.382751040Z[Etc/UTC], estimatedDuration=19], buildConfig=BuildConfig[buildScript=#!/bin/bash
cd /var/tmp/testing-dir
mvn clean test
, dockerImage=dummy-docker-image, commitHashToBuild=null, assignmentCommitHash=9b3a9bd71a0d80e5bbc42204c319ed3d1d4f0d6d, testCommitHash=9b3a9bd71a0d80e5bbc42204c319ed3d1d4f0d6d, branch=main, programmingLanguage=JAVA, projectType=PLAIN_MAVEN, scaEnabled=false, sequentialTestRunsEnabled=false, resultPaths=[/var/tmp/testing-dir/**/target/surefire-reports/*.xml], timeoutSeconds=0, assignmentCheckoutPath=null, testCheckoutPath=null, solutionCheckoutPath=null, dockerRunConfig=null], submissionResult=null]
    23:44:54.397 | 081 local-ci-build-0 | DEBUG | t.c.a.a.b.s.BuildJobExecutionService : ~~~~~~~~~~~~~~~~~~~~ Start Build Job 17471739576694103 ~~~~~~~~~~~~~~~~~~~~
    23:44:54.397 | 081 local-ci-build-0 | INFO  | .t.c.a.a.b.s.BuildAgentDockerService : ~~~~~~~~~~~~~~~~~~~~ Inspecting docker image dummy-docker-image ~~~~~~~~~~~~~~~~~~~~
    23:44:54.397 | 081 local-ci-build-0 | ERROR | .t.c.a.a.b.s.BuildAgentDockerService : Docker image dummy-docker-image is not compatible with the current architecture. Needed 'linux/amd64', but got 'null'
    23:44:54.397 | 566 localvc.event-13 | ERROR | .c.a.a.b.s.BuildJobManagementService : Error while executing build job 17471739576694103: de.tum.cit.aet.artemis.core.exception.LocalCIException: Could not pull Docker image dummy-docker-image
java.util.concurrent.ExecutionException: de.tum.cit.aet.artemis.core.exception.LocalCIException: Could not pull Docker image dummy-docker-image
	at java.base/java.util.concurrent.FutureTask.report(FutureTask.java:122)
	at java.base/java.util.concurrent.FutureTask.get(FutureTask.java:205)
	at de.tum.cit.aet.artemis.buildagent.service.BuildJobManagementService.lambda$executeBuildJob$2(BuildJobManagementService.java:165)
	at de.tum.cit.aet.artemis.buildagent.service.BuildJobManagementService.createCompletableFuture(BuildJobManagementService.java:236)
	at de.tum.cit.aet.artemis.buildagent.service.BuildJobManagementService.executeBuildJob(BuildJobManagementService.java:163)
	at de.tum.cit.aet.artemis.buildagent.service.SharedQueueProcessingService.processBuild(SharedQueueProcessingService.java:413)
	at de.tum.cit.aet.artemis.buildagent.service.SharedQueueProcessingService.checkAvailabilityAndProcessNextBuild(SharedQueueProcessingService.java:269)
	at de.tum.cit.aet.artemis.buildagent.service.SharedQueueProcessingService.lambda$processBuild$5(SharedQueueProcessingService.java:480)
	at java.base/java.util.concurrent.CompletableFuture.uniExceptionally(CompletableFuture.java:990)
	at java.base/java.util.concurrent.CompletableFuture.uniExceptionallyStage(CompletableFuture.java:1008)
	at java.base/java.util.concurrent.CompletableFuture.exceptionally(CompletableFuture.java:2396)
	at de.tum.cit.aet.artemis.buildagent.service.SharedQueueProcessingService.processBuild(SharedQueueProcessingService.java:444)
	at de.tum.cit.aet.artemis.buildagent.service.SharedQueueProcessingService.checkAvailabilityAndProcessNextBuild(SharedQueueProcessingService.java:269)
	at de.tum.cit.aet.artemis.buildagent.service.SharedQueueProcessingService.lambda$processBuild$5(SharedQueueProcessingService.java:480)
	at java.base/java.util.concurrent.CompletableFuture.uniExceptionally(CompletableFuture.java:990)
	at java.base/java.util.concurrent.CompletableFuture.uniExceptionallyStage(CompletableFuture.java:1008)
	at java.base/java.util.concurrent.CompletableFuture.exceptionally(CompletableFuture.java:2396)
	at de.tum.cit.aet.artemis.buildagent.service.SharedQueueProcessingService.processBuild(SharedQueueProcessingService.java:444)
	at de.tum.cit.aet.artemis.buildagent.service.SharedQueueProcessingService.checkAvailabilityAndProcessNextBuild(SharedQueueProcessingService.java:269)
	at de.tum.cit.aet.artemis.buildagent.service.SharedQueueProcessingService.lambda$processBuild$5(SharedQueueProcessingService.java:480)
	at java.base/java.util.concurrent.CompletableFuture.uniExceptionally(CompletableFuture.java:990)
	at java.base/java.util.concurrent.CompletableFuture.uniExceptionallyStage(CompletableFuture.java:1008)
	at java.base/java.util.concurrent.CompletableFuture.exceptionally(CompletableFuture.java:2396)
	at de.tum.cit.aet.artemis.buildagent.service.SharedQueueProcessingService.processBuild(SharedQueueProcessingService.java:444)
	at de.tum.cit.aet.artemis.buildagent.service.SharedQueueProcessingService.checkAvailabilityAndProcessNextBuild(SharedQueueProcessingService.java:269)
	at de.tum.cit.aet.artemis.buildagent.service.SharedQueueProcessingService$QueuedBuildJobItemListener.itemAdded(SharedQueueProcessingService.java:594)
	at com.hazelcast.collection.impl.queue.QueueService.lambda$dispatchEvent$1(QueueService.java:277)
	at com.hazelcast.internal.namespace.impl.NoOpUserCodeNamespaceService.runWithNamespace(NoOpUserCodeNamespaceService.java:82)
	at com.hazelcast.internal.namespace.NamespaceUtil.runWithNamespace(NamespaceUtil.java:106)
	at com.hazelcast.collection.impl.queue.QueueService.dispatchEvent(QueueService.java:275)
	at com.hazelcast.collection.impl.queue.QueueService.dispatchEvent(QueueService.java:98)
	at com.hazelcast.spi.impl.eventservice.impl.LocalEventDispatcher.run(LocalEventDispatcher.java:64)
	at com.hazelcast.internal.util.executor.StripedExecutor$Worker.process(StripedExecutor.java:244)
	at com.hazelcast.internal.util.executor.StripedExecutor$Worker.run(StripedExecutor.java:227)
Caused by: de.tum.cit.aet.artemis.core.exception.LocalCIException: Could not pull Docker image dummy-docker-image
	at de.tum.cit.aet.artemis.buildagent.service.BuildJobExecutionService.runBuildJob(BuildJobExecutionService.java:157)
	at java.base/jdk.internal.reflect.DirectMethodHandleAccessor.invoke(DirectMethodHandleAccessor.java:103)
	at java.base/java.lang.reflect.Method.invoke(Method.java:580)
	at org.springframework.aop.support.AopUtils.invokeJoinpointUsingReflection(AopUtils.java:359)
	at org.springframework.aop.framework.CglibAopProxy$DynamicAdvisedInterceptor.intercept(CglibAopProxy.java:723)
	at de.tum.cit.aet.artemis.buildagent.service.BuildJobExecutionService$$SpringCGLIB$$0.runBuildJob(<generated>)
	at de.tum.cit.aet.artemis.buildagent.service.BuildJobManagementService.lambda$executeBuildJob$1(BuildJobManagementService.java:129)
	at java.base/java.util.concurrent.FutureTask.run(FutureTask.java:317)
	at java.base/java.util.concurrent.ThreadPoolExecutor.runWorker(ThreadPoolExecutor.java:1144)
	at java.base/java.util.concurrent.ThreadPoolExecutor$Worker.run(ThreadPoolExecutor.java:642)
	at java.base/java.lang.Thread.run(Thread.java:1583)
Caused by: de.tum.cit.aet.artemis.core.exception.LocalCIException: Docker image dummy-docker-image is not compatible with the current architecture. Needed 'linux/amd64', but got 'null'
	at de.tum.cit.aet.artemis.buildagent.service.BuildAgentDockerService.checkImageArchitecture(BuildAgentDockerService.java:291)
	at de.tum.cit.aet.artemis.buildagent.service.BuildAgentDockerService.pullDockerImage(BuildAgentDockerService.java:223)
	at de.tum.cit.aet.artemis.buildagent.service.BuildJobExecutionService.runBuildJob(BuildJobExecutionService.java:152)
	... 10 common frames omitted
    23:44:54.397 | 566 localvc.event-13 | INFO  | .c.a.a.b.s.BuildJobManagementService : Getting ID of running container local-ci-17471739576694103
    23:44:54.397 | 566 localvc.event-13 | INFO  | .c.a.a.b.s.BuildJobManagementService : Stopping unresponsive container with ID null
    23:44:54.397 | 566 localvc.event-13 | DEBUG | a.a.b.s.SharedQueueProcessingService : Build job completed with exception: BuildJobQueueItem[id=17471739576694103, name=SHORT9813A60B0D82D0492A0A4D90B91108517937TSTEXC-BASE, buildAgent=BuildAgentDTO[name=artemis-build-agent-test, memberAddress=[127.0.0.1]:5703, displayName=artemis-build-agent-test], participationId=1747, courseId=872, exerciseId=2447, retryCount=0, priority=2, status=null, repositoryInfo=RepositoryInfo[repositoryName=short9813a60b0d82d0492a0a4d90b91108517937tstexc-exercise, repositoryType=exercise, triggeredByPushTo=exercise, assignmentRepositoryUri=http://localhost:49152/git/SHORT9813A60B0D82D0492A0A4D90B91108517937TSTEXC/short9813a60b0d82d0492a0a4d90b91108517937tstexc-exercise.git, testRepositoryUri=http://nadnasidni.tum/scm/SHORT9813A60B0D82D0492A0A4D90B91108517937TSTEXC/SHORT9813A60B0D82D0492A0A4D90B91108517937TSTEXC-tests.git, solutionRepositoryUri=null, auxiliaryRepositoryUris=[Ljava.lang.String;@1df896fa, auxiliaryRepositoryCheckoutDirectories=[Ljava.lang.String;@36ca4d77], jobTimingInfo=JobTimingInfo[submissionDate=2025-02-14T23:44:54.103710671Z[Etc/UTC], buildStartDate=2025-02-14T23:44:54.382756129Z[Etc/UTC], buildCompletionDate=null, estimatedCompletionDate=2025-02-14T23:45:13.382751040Z[Etc/UTC], estimatedDuration=19], buildConfig=BuildConfig[buildScript=#!/bin/bash
cd /var/tmp/testing-dir
mvn clean test
, dockerImage=dummy-docker-image, commitHashToBuild=null, assignmentCommitHash=9b3a9bd71a0d80e5bbc42204c319ed3d1d4f0d6d, testCommitHash=9b3a9bd71a0d80e5bbc42204c319ed3d1d4f0d6d, branch=main, programmingLanguage=JAVA, projectType=PLAIN_MAVEN, scaEnabled=false, sequentialTestRunsEnabled=false, resultPaths=[/var/tmp/testing-dir/**/target/surefire-reports/*.xml], timeoutSeconds=0, assignmentCheckoutPath=null, testCheckoutPath=null, solutionCheckoutPath=null, dockerRunConfig=null], submissionResult=null]
java.util.concurrent.CompletionException: java.util.concurrent.ExecutionException: de.tum.cit.aet.artemis.core.exception.LocalCIException: Could not pull Docker image dummy-docker-image
	at de.tum.cit.aet.artemis.buildagent.service.BuildJobManagementService.lambda$executeBuildJob$2(BuildJobManagementService.java:188)
	at de.tum.cit.aet.artemis.buildagent.service.BuildJobManagementService.createCompletableFuture(BuildJobManagementService.java:236)
	at de.tum.cit.aet.artemis.buildagent.service.BuildJobManagementService.executeBuildJob(BuildJobManagementService.java:163)
	at de.tum.cit.aet.artemis.buildagent.service.SharedQueueProcessingService.processBuild(SharedQueueProcessingService.java:413)
	at de.tum.cit.aet.artemis.buildagent.service.SharedQueueProcessingService.checkAvailabilityAndProcessNextBuild(SharedQueueProcessingService.java:269)
	at de.tum.cit.aet.artemis.buildagent.service.SharedQueueProcessingService.lambda$processBuild$5(SharedQueueProcessingService.java:480)
	at java.base/java.util.concurrent.CompletableFuture.uniExceptionally(CompletableFuture.java:990)
	at java.base/java.util.concurrent.CompletableFuture.uniExceptionallyStage(CompletableFuture.java:1008)
	at java.base/java.util.concurrent.CompletableFuture.exceptionally(CompletableFuture.java:2396)
	at de.tum.cit.aet.artemis.buildagent.service.SharedQueueProcessingService.processBuild(SharedQueueProcessingService.java:444)
	at de.tum.cit.aet.artemis.buildagent.service.SharedQueueProcessingService.checkAvailabilityAndProcessNextBuild(SharedQueueProcessingService.java:269)
	at de.tum.cit.aet.artemis.buildagent.service.SharedQueueProcessingService.lambda$processBuild$5(SharedQueueProcessingService.java:480)
	at java.base/java.util.concurrent.CompletableFuture.uniExceptionally(CompletableFuture.java:990)
	at java.base/java.util.concurrent.CompletableFuture.uniExceptionallyStage(CompletableFuture.java:1008)
	at java.base/java.util.concurrent.CompletableFuture.exceptionally(CompletableFuture.java:2396)
	at de.tum.cit.aet.artemis.buildagent.service.SharedQueueProcessingService.processBuild(SharedQueueProcessingService.java:444)
	at de.tum.cit.aet.artemis.buildagent.service.SharedQueueProcessingService.checkAvailabilityAndProcessNextBuild(SharedQueueProcessingService.java:269)
	at de.tum.cit.aet.artemis.buildagent.service.SharedQueueProcessingService.lambda$processBuild$5(SharedQueueProcessingService.java:480)
	at java.base/java.util.concurrent.CompletableFuture.uniExceptionally(CompletableFuture.java:990)
	at java.base/java.util.concurrent.CompletableFuture.uniExceptionallyStage(CompletableFuture.java:1008)
	at java.base/java.util.concurrent.CompletableFuture.exceptionally(CompletableFuture.java:2396)
	at de.tum.cit.aet.artemis.buildagent.service.SharedQueueProcessingService.processBuild(SharedQueueProcessingService.java:444)
	at de.tum.cit.aet.artemis.buildagent.service.SharedQueueProcessingService.checkAvailabilityAndProcessNextBuild(SharedQueueProcessingService.java:269)
	at de.tum.cit.aet.artemis.buildagent.service.SharedQueueProcessingService$QueuedBuildJobItemListener.itemAdded(SharedQueueProcessingService.java:594)
	at com.hazelcast.collection.impl.queue.QueueService.lambda$dispatchEvent$1(QueueService.java:277)
	at com.hazelcast.internal.namespace.impl.NoOpUserCodeNamespaceService.runWithNamespace(NoOpUserCodeNamespaceService.java:82)
	at com.hazelcast.internal.namespace.NamespaceUtil.runWithNamespace(NamespaceUtil.java:106)
	at com.hazelcast.collection.impl.queue.QueueService.dispatchEvent(QueueService.java:275)
	at com.hazelcast.collection.impl.queue.QueueService.dispatchEvent(QueueService.java:98)
	at com.hazelcast.spi.impl.eventservice.impl.LocalEventDispatcher.run(LocalEventDispatcher.java:64)
	at com.hazelcast.internal.util.executor.StripedExecutor$Worker.process(StripedExecutor.java:244)
	at com.hazelcast.internal.util.executor.StripedExecutor$Worker.run(StripedExecutor.java:227)
Caused by: java.util.concurrent.ExecutionException: de.tum.cit.aet.artemis.core.exception.LocalCIException: Could not pull Docker image dummy-docker-image
	at java.base/java.util.concurrent.FutureTask.report(FutureTask.java:122)
	at java.base/java.util.concurrent.FutureTask.get(FutureTask.java:205)
	at de.tum.cit.aet.artemis.buildagent.service.BuildJobManagementService.lambda$executeBuildJob$2(BuildJobManagementService.java:165)
	... 31 common frames omitted
Caused by: de.tum.cit.aet.artemis.core.exception.LocalCIException: Could not pull Docker image dummy-docker-image
	at de.tum.cit.aet.artemis.buildagent.service.BuildJobExecutionService.runBuildJob(BuildJobExecutionService.java:157)
	at java.base/jdk.internal.reflect.DirectMethodHandleAccessor.invoke(DirectMethodHandleAccessor.java:103)
	at java.base/java.lang.reflect.Method.invoke(Method.java:580)
	at org.springframework.aop.support.AopUtils.invokeJoinpointUsingReflection(AopUtils.java:359)
	at org.springframework.aop.framework.CglibAopProxy$DynamicAdvisedInterceptor.intercept(CglibAopProxy.java:723)
	at de.tum.cit.aet.artemis.buildagent.service.BuildJobExecutionService$$SpringCGLIB$$0.runBuildJob(<generated>)
	at de.tum.cit.aet.artemis.buildagent.service.BuildJobManagementService.lambda$executeBuildJob$1(BuildJobManagementService.java:129)
	at java.base/java.util.concurrent.FutureTask.run(FutureTask.java:317)
	at java.base/java.util.concurrent.ThreadPoolExecutor.runWorker(ThreadPoolExecutor.java:1144)
	at java.base/java.util.concurrent.ThreadPoolExecutor$Worker.run(ThreadPoolExecutor.java:642)
	at java.base/java.lang.Thread.run(Thread.java:1583)
Caused by: de.tum.cit.aet.artemis.core.exception.LocalCIException: Docker image dummy-docker-image is not compatible with the current architecture. Needed 'linux/amd64', but got 'null'
	at de.tum.cit.aet.artemis.buildagent.service.BuildAgentDockerService.checkImageArchitecture(BuildAgentDockerService.java:291)
	at de.tum.cit.aet.artemis.buildagent.service.BuildAgentDockerService.pullDockerImage(BuildAgentDockerService.java:223)
	at de.tum.cit.aet.artemis.buildagent.service.BuildJobExecutionService.runBuildJob(BuildJobExecutionService.java:152)
	... 10 common frames omitted
    23:44:54.398 | 566 localvc.event-13 | ERROR | a.a.b.s.SharedQueueProcessingService : Error while processing build job: BuildJobQueueItem[id=17471739576694103, name=SHORT9813A60B0D82D0492A0A4D90B91108517937TSTEXC-BASE, buildAgent=BuildAgentDTO[name=artemis-build-agent-test, memberAddress=[127.0.0.1]:5703, displayName=artemis-build-agent-test], participationId=1747, courseId=872, exerciseId=2447, retryCount=0, priority=2, status=null, repositoryInfo=RepositoryInfo[repositoryName=short9813a60b0d82d0492a0a4d90b91108517937tstexc-exercise, repositoryType=exercise, triggeredByPushTo=exercise, assignmentRepositoryUri=http://localhost:49152/git/SHORT9813A60B0D82D0492A0A4D90B91108517937TSTEXC/short9813a60b0d82d0492a0a4d90b91108517937tstexc-exercise.git, testRepositoryUri=http://nadnasidni.tum/scm/SHORT9813A60B0D82D0492A0A4D90B91108517937TSTEXC/SHORT9813A60B0D82D0492A0A4D90B91108517937TSTEXC-tests.git, solutionRepositoryUri=null, auxiliaryRepositoryUris=[Ljava.lang.String;@1df896fa, auxiliaryRepositoryCheckoutDirectories=[Ljava.lang.String;@36ca4d77], jobTimingInfo=JobTimingInfo[submissionDate=2025-02-14T23:44:54.103710671Z[Etc/UTC], buildStartDate=2025-02-14T23:44:54.382756129Z[Etc/UTC], buildCompletionDate=null, estimatedCompletionDate=2025-02-14T23:45:13.382751040Z[Etc/UTC], estimatedDuration=19], buildConfig=BuildConfig[buildScript=#!/bin/bash
cd /var/tmp/testing-dir
mvn clean test
, dockerImage=dummy-docker-image, commitHashToBuild=null, assignmentCommitHash=9b3a9bd71a0d80e5bbc42204c319ed3d1d4f0d6d, testCommitHash=9b3a9bd71a0d80e5bbc42204c319ed3d1d4f0d6d, branch=main, programmingLanguage=JAVA, projectType=PLAIN_MAVEN, scaEnabled=false, sequentialTestRunsEnabled=false, resultPaths=[/var/tmp/testing-dir/**/target/surefire-reports/*.xml], timeoutSeconds=0, assignmentCheckoutPath=null, testCheckoutPath=null, solutionCheckoutPath=null, dockerRunConfig=null], submissionResult=null]
java.util.concurrent.CompletionException: java.util.concurrent.ExecutionException: de.tum.cit.aet.artemis.core.exception.LocalCIException: Could not pull Docker image dummy-docker-image
	at de.tum.cit.aet.artemis.buildagent.service.BuildJobManagementService.lambda$executeBuildJob$2(BuildJobManagementService.java:188)
	at de.tum.cit.aet.artemis.buildagent.service.BuildJobManagementService.createCompletableFuture(BuildJobManagementService.java:236)
	at de.tum.cit.aet.artemis.buildagent.service.BuildJobManagementService.executeBuildJob(BuildJobManagementService.java:163)
	at de.tum.cit.aet.artemis.buildagent.service.SharedQueueProcessingService.processBuild(SharedQueueProcessingService.java:413)
	at de.tum.cit.aet.artemis.buildagent.service.SharedQueueProcessingService.checkAvailabilityAndProcessNextBuild(SharedQueueProcessingService.java:269)
	at de.tum.cit.aet.artemis.buildagent.service.SharedQueueProcessingService.lambda$processBuild$5(SharedQueueProcessingService.java:480)
	at java.base/java.util.concurrent.CompletableFuture.uniExceptionally(CompletableFuture.java:990)
	at java.base/java.util.concurrent.CompletableFuture.uniExceptionallyStage(CompletableFuture.java:1008)
	at java.base/java.util.concurrent.CompletableFuture.exceptionally(CompletableFuture.java:2396)
	at de.tum.cit.aet.artemis.buildagent.service.SharedQueueProcessingService.processBuild(SharedQueueProcessingService.java:444)
	at de.tum.cit.aet.artemis.buildagent.service.SharedQueueProcessingService.checkAvailabilityAndProcessNextBuild(SharedQueueProcessingService.java:269)
	at de.tum.cit.aet.artemis.buildagent.service.SharedQueueProcessingService.lambda$processBuild$5(SharedQueueProcessingService.java:480)
	at java.base/java.util.concurrent.CompletableFuture.uniExceptionally(CompletableFuture.java:990)
	at java.base/java.util.concurrent.CompletableFuture.uniExceptionallyStage(CompletableFuture.java:1008)
	at java.base/java.util.concurrent.CompletableFuture.exceptionally(CompletableFuture.java:2396)
	at de.tum.cit.aet.artemis.buildagent.service.SharedQueueProcessingService.processBuild(SharedQueueProcessingService.java:444)
	at de.tum.cit.aet.artemis.buildagent.service.SharedQueueProcessingService.checkAvailabilityAndProcessNextBuild(SharedQueueProcessingService.java:269)
	at de.tum.cit.aet.artemis.buildagent.service.SharedQueueProcessingService.lambda$processBuild$5(SharedQueueProcessingService.java:480)
	at java.base/java.util.concurrent.CompletableFuture.uniExceptionally(CompletableFuture.java:990)
	at java.base/java.util.concurrent.CompletableFuture.uniExceptionallyStage(CompletableFuture.java:1008)
	at java.base/java.util.concurrent.CompletableFuture.exceptionally(CompletableFuture.java:2396)
	at de.tum.cit.aet.artemis.buildagent.service.SharedQueueProcessingService.processBuild(SharedQueueProcessingService.java:444)
	at de.tum.cit.aet.artemis.buildagent.service.SharedQueueProcessingService.checkAvailabilityAndProcessNextBuild(SharedQueueProcessingService.java:269)
	at de.tum.cit.aet.artemis.buildagent.service.SharedQueueProcessingService$QueuedBuildJobItemListener.itemAdded(SharedQueueProcessingService.java:594)
	at com.hazelcast.collection.impl.queue.QueueService.lambda$dispatchEvent$1(QueueService.java:277)
	at com.hazelcast.internal.namespace.impl.NoOpUserCodeNamespaceService.runWithNamespace(NoOpUserCodeNamespaceService.java:82)
	at com.hazelcast.internal.namespace.NamespaceUtil.runWithNamespace(NamespaceUtil.java:106)
	at com.hazelcast.collection.impl.queue.QueueService.dispatchEvent(QueueService.java:275)
	at com.hazelcast.collection.impl.queue.QueueService.dispatchEvent(QueueService.java:98)
	at com.hazelcast.spi.impl.eventservice.impl.LocalEventDispatcher.run(LocalEventDispatcher.java:64)
	at com.hazelcast.internal.util.executor.StripedExecutor$Worker.process(StripedExecutor.java:244)
	at com.hazelcast.internal.util.executor.StripedExecutor$Worker.run(StripedExecutor.java:227)
Caused by: java.util.concurrent.ExecutionException: de.tum.cit.aet.artemis.core.exception.LocalCIException: Could not pull Docker image dummy-docker-image
	at java.base/java.util.concurrent.FutureTask.report(FutureTask.java:122)
	at java.base/java.util.concurrent.FutureTask.get(FutureTask.java:205)
	at de.tum.cit.aet.artemis.buildagent.service.BuildJobManagementService.lambda$executeBuildJob$2(BuildJobManagementService.java:165)
	... 31 common frames omitted
Caused by: de.tum.cit.aet.artemis.core.exception.LocalCIException: Could not pull Docker image dummy-docker-image
	at de.tum.cit.aet.artemis.buildagent.service.BuildJobExecutionService.runBuildJob(BuildJobExecutionService.java:157)
	at java.base/jdk.internal.reflect.DirectMethodHandleAccessor.invoke(DirectMethodHandleAccessor.java:103)
	at java.base/java.lang.reflect.Method.invoke(Method.java:580)
	at org.springframework.aop.support.AopUtils.invokeJoinpointUsingReflection(AopUtils.java:359)
	at org.springframework.aop.framework.CglibAopProxy$DynamicAdvisedInterceptor.intercept(CglibAopProxy.java:723)
	at de.tum.cit.aet.artemis.buildagent.service.BuildJobExecutionService$$SpringCGLIB$$0.runBuildJob(<generated>)
	at de.tum.cit.aet.artemis.buildagent.service.BuildJobManagementService.lambda$executeBuildJob$1(BuildJobManagementService.java:129)
	at java.base/java.util.concurrent.FutureTask.run(FutureTask.java:317)
	at java.base/java.util.concurrent.ThreadPoolExecutor.runWorker(ThreadPoolExecutor.java:1144)
	at java.base/java.util.concurrent.ThreadPoolExecutor$Worker.run(ThreadPoolExecutor.java:642)
	at java.base/java.lang.Thread.run(Thread.java:1583)
Caused by: de.tum.cit.aet.artemis.core.exception.LocalCIException: Docker image dummy-docker-image is not compatible with the current architecture. Needed 'linux/amd64', but got 'null'
	at de.tum.cit.aet.artemis.buildagent.service.BuildAgentDockerService.checkImageArchitecture(BuildAgentDockerService.java:291)
	at de.tum.cit.aet.artemis.buildagent.service.BuildAgentDockerService.pullDockerImage(BuildAgentDockerService.java:223)
	at de.tum.cit.aet.artemis.buildagent.service.BuildJobExecutionService.runBuildJob(BuildJobExecutionService.java:152)
	... 10 common frames omitted
    23:44:54.399 | 565 localvc.event-12 | DEBUG | a.p.s.l.LocalCIQueueWebsocketService : CIBuildJobQueueItem removed from processing jobs: BuildJobQueueItem[id=17471739576694103, name=SHORT9813A60B0D82D0492A0A4D90B91108517937TSTEXC-BASE, buildAgent=BuildAgentDTO[name=artemis-build-agent-test, memberAddress=[127.0.0.1]:5703, displayName=artemis-build-agent-test], participationId=1747, courseId=872, exerciseId=2447, retryCount=0, priority=2, status=null, repositoryInfo=RepositoryInfo[repositoryName=short9813a60b0d82d0492a0a4d90b91108517937tstexc-exercise, repositoryType=exercise, triggeredByPushTo=exercise, assignmentRepositoryUri=http://localhost:49152/git/SHORT9813A60B0D82D0492A0A4D90B91108517937TSTEXC/short9813a60b0d82d0492a0a4d90b91108517937tstexc-exercise.git, testRepositoryUri=http://nadnasidni.tum/scm/SHORT9813A60B0D82D0492A0A4D90B91108517937TSTEXC/SHORT9813A60B0D82D0492A0A4D90B91108517937TSTEXC-tests.git, solutionRepositoryUri=null, auxiliaryRepositoryUris=[Ljava.lang.String;@238b24f0, auxiliaryRepositoryCheckoutDirectories=[Ljava.lang.String;@3fa0c3dc], jobTimingInfo=JobTimingInfo[submissionDate=2025-02-14T23:44:54.103710671Z[Etc/UTC], buildStartDate=2025-02-14T23:44:54.382756129Z[Etc/UTC], buildCompletionDate=null, estimatedCompletionDate=2025-02-14T23:45:13.382751040Z[Etc/UTC], estimatedDuration=19], buildConfig=BuildConfig[buildScript=#!/bin/bash
cd /var/tmp/testing-dir
mvn clean test
, dockerImage=dummy-docker-image, commitHashToBuild=null, assignmentCommitHash=9b3a9bd71a0d80e5bbc42204c319ed3d1d4f0d6d, testCommitHash=9b3a9bd71a0d80e5bbc42204c319ed3d1d4f0d6d, branch=main, programmingLanguage=JAVA, projectType=PLAIN_MAVEN, scaEnabled=false, sequentialTestRunsEnabled=false, resultPaths=[/var/tmp/testing-dir/**/target/surefire-reports/*.xml], timeoutSeconds=0, assignmentCheckoutPath=null, testCheckoutPath=null, solutionCheckoutPath=null, dockerRunConfig=null], submissionResult=null]
    23:44:54.400 | 565 localvc.event-12 | DEBUG | s.l.LocalCIWebsocketMessagingService : Sending message on topic /topic/admin/running-jobs: []
    23:44:54.400 | 565 localvc.event-12 | DEBUG | s.l.LocalCIWebsocketMessagingService : Sending message on topic /topic/courses/872/running-jobs: []
    23:44:54.407 | 462 ool-1-worker-226 | INFO  | .t.c.a.a.p.s.l.LocalCITriggerService : Triggering build for participation 1750 and commit hash null
    23:44:54.408 | 566 localvc.event-13 | DEBUG | a.a.b.s.SharedQueueProcessingService : Currently processing jobs on this node: 0, active threads in Pool: 0, maximum pool size of thread executor : 1
    23:44:54.408 | 566 localvc.event-13 | DEBUG | a.a.b.s.SharedQueueProcessingService : Currently processing jobs on this node: 0, active threads in Pool: 0, maximum pool size of thread executor : 1
    23:44:54.408 | 462 ool-1-worker-226 | WARN  | .t.c.a.a.p.s.l.LocalCITriggerService : Could not retrieve windfile for programming exercise 2449. Using default windfile instead.
    23:44:54.408 | 565 localvc.event-12 | DEBUG | a.p.s.l.LocalCIQueueWebsocketService : CIBuildJobQueueItem added to processing jobs: BuildJobQueueItem[id=17481739576694246, name=SHORTD91D0B6D0E6A204E010812505A867B04E6F8TSTEXC-SOLUTION, buildAgent=BuildAgentDTO[name=artemis-build-agent-test, memberAddress=[127.0.0.1]:5703, displayName=artemis-build-agent-test], participationId=1748, courseId=873, exerciseId=2448, retryCount=0, priority=2, status=null, repositoryInfo=RepositoryInfo[repositoryName=shortd91d0b6d0e6a204e010812505a867b04e6f8tstexc-solution, repositoryType=solution, triggeredByPushTo=solution, assignmentRepositoryUri=http://localhost:49152/git/SHORTD91D0B6D0E6A204E010812505A867B04E6F8TSTEXC/shortd91d0b6d0e6a204e010812505a867b04e6f8tstexc-solution.git, testRepositoryUri=http://nadnasidni.tum/scm/SHORTD91D0B6D0E6A204E010812505A867B04E6F8TSTEXC/SHORTD91D0B6D0E6A204E010812505A867B04E6F8TSTEXC-tests.git, solutionRepositoryUri=null, auxiliaryRepositoryUris=[Ljava.lang.String;@20ce86be, auxiliaryRepositoryCheckoutDirectories=[Ljava.lang.String;@19c91f58], jobTimingInfo=JobTimingInfo[submissionDate=2025-02-14T23:44:54.246508059Z[Etc/UTC], buildStartDate=2025-02-14T23:44:54.408522902Z[Etc/UTC], buildCompletionDate=null, estimatedCompletionDate=2025-02-14T23:45:13.408517873Z[Etc/UTC], estimatedDuration=19], buildConfig=BuildConfig[buildScript=#!/bin/bash
cd /var/tmp/testing-dir
mvn clean test
, dockerImage=dummy-docker-image, commitHashToBuild=null, assignmentCommitHash=9b3a9bd71a0d80e5bbc42204c319ed3d1d4f0d6d, testCommitHash=9b3a9bd71a0d80e5bbc42204c319ed3d1d4f0d6d, branch=main, programmingLanguage=JAVA, projectType=PLAIN_MAVEN, scaEnabled=false, sequentialTestRunsEnabled=false, resultPaths=[/var/tmp/testing-dir/**/target/surefire-reports/*.xml], timeoutSeconds=0, assignmentCheckoutPath=null, testCheckoutPath=null, solutionCheckoutPath=null, dockerRunConfig=null], submissionResult=null]
    23:44:54.409 | 565 localvc.event-12 | DEBUG | s.l.LocalCIWebsocketMessagingService : Sending message on topic /topic/admin/running-jobs: [BuildJobQueueItem[id=17481739576694246, name=SHORTD91D0B6D0E6A204E010812505A867B04E6F8TSTEXC-SOLUTION, buildAgent=BuildAgentDTO[name=artemis-build-agent-test, memberAddress=[127.0.0.1]:5703, displayName=artemis-build-agent-test], participationId=1748, courseId=873, exerciseId=2448, retryCount=0, priority=2, status=null, repositoryInfo=RepositoryInfo[repositoryName=shortd91d0b6d0e6a204e010812505a867b04e6f8tstexc-solution, repositoryType=solution, triggeredByPushTo=solution, assignmentRepositoryUri=, testRepositoryUri=, solutionRepositoryUri=, auxiliaryRepositoryUris=null, auxiliaryRepositoryCheckoutDirectories=null], jobTimingInfo=JobTimingInfo[submissionDate=2025-02-14T23:44:54.246508059Z[Etc/UTC], buildStartDate=2025-02-14T23:44:54.408522902Z[Etc/UTC], buildCompletionDate=null, estimatedCompletionDate=2025-02-14T23:45:13.408517873Z[Etc/UTC], estimatedDuration=19], buildConfig=BuildConfig[buildScript=, dockerImage=, commitHashToBuild=null, assignmentCommitHash=, testCommitHash=, branch=, programmingLanguage=null, projectType=null, scaEnabled=false, sequentialTestRunsEnabled=false, resultPaths=null, timeoutSeconds=0, assignmentCheckoutPath=, testCheckoutPath=, solutionCheckoutPath=, dockerRunConfig=null], submissionResult=null]]
    23:44:54.409 | 588 artemis-task-1   | DEBUG | d.t.c.a.a.c.c.w.GzipMessageConverter : Compressed message payload from 906 to 648 (saved 28.5% payload size)
    23:44:54.411 | 462 ool-1-worker-226 | INFO  | .t.c.a.a.p.s.l.LocalCITriggerService : Added build job 17501739576694407 for exercise TSTEXC and participation 1750 with priority 2 to the queue
    23:44:54.411 | 462 ool-1-worker-226 | INFO  | .t.c.a.a.p.s.l.LocalCITriggerService : Triggering build for participation 1751 and commit hash null
    23:44:54.412 | 565 localvc.event-12 | DEBUG | s.l.LocalCIWebsocketMessagingService : Sending message on topic /topic/courses/873/running-jobs: [BuildJobQueueItem[id=17481739576694246, name=SHORTD91D0B6D0E6A204E010812505A867B04E6F8TSTEXC-SOLUTION, buildAgent=BuildAgentDTO[name=artemis-build-agent-test, memberAddress=[127.0.0.1]:5703, displayName=artemis-build-agent-test], participationId=1748, courseId=873, exerciseId=2448, retryCount=0, priority=2, status=null, repositoryInfo=RepositoryInfo[repositoryName=shortd91d0b6d0e6a204e010812505a867b04e6f8tstexc-solution, repositoryType=solution, triggeredByPushTo=solution, assignmentRepositoryUri=, testRepositoryUri=, solutionRepositoryUri=, auxiliaryRepositoryUris=null, auxiliaryRepositoryCheckoutDirectories=null], jobTimingInfo=JobTimingInfo[submissionDate=2025-02-14T23:44:54.246508059Z[Etc/UTC], buildStartDate=2025-02-14T23:44:54.408522902Z[Etc/UTC], buildCompletionDate=null, estimatedCompletionDate=2025-02-14T23:45:13.408517873Z[Etc/UTC], estimatedDuration=19], buildConfig=BuildConfig[buildScript=, dockerImage=, commitHashToBuild=null, assignmentCommitHash=, testCommitHash=, branch=, programmingLanguage=null, projectType=null, scaEnabled=false, sequentialTestRunsEnabled=false, resultPaths=null, timeoutSeconds=0, assignmentCheckoutPath=, testCheckoutPath=, solutionCheckoutPath=, dockerRunConfig=null], submissionResult=null]]
    23:44:54.412 | 462 ool-1-worker-226 | WARN  | .t.c.a.a.p.s.l.LocalCITriggerService : Could not retrieve windfile for programming exercise 2449. Using default windfile instead.
    23:44:54.412 | 462 ool-1-worker-226 | INFO  | .t.c.a.a.p.s.l.LocalCITriggerService : Added build job 17511739576694411 for exercise TSTEXC and participation 1751 with priority 2 to the queue
    23:44:54.414 | 588 artemis-task-1   | DEBUG | d.t.c.a.a.c.c.w.GzipMessageConverter : Compressed message payload from 906 to 648 (saved 28.5% payload size)
    23:44:54.417 | 566 localvc.event-13 | INFO  | a.a.b.s.SharedQueueProcessingService : Processing build job: BuildJobQueueItem[id=17481739576694246, name=SHORTD91D0B6D0E6A204E010812505A867B04E6F8TSTEXC-SOLUTION, buildAgent=BuildAgentDTO[name=artemis-build-agent-test, memberAddress=[127.0.0.1]:5703, displayName=artemis-build-agent-test], participationId=1748, courseId=873, exerciseId=2448, retryCount=0, priority=2, status=null, repositoryInfo=RepositoryInfo[repositoryName=shortd91d0b6d0e6a204e010812505a867b04e6f8tstexc-solution, repositoryType=solution, triggeredByPushTo=solution, assignmentRepositoryUri=http://localhost:49152/git/SHORTD91D0B6D0E6A204E010812505A867B04E6F8TSTEXC/shortd91d0b6d0e6a204e010812505a867b04e6f8tstexc-solution.git, testRepositoryUri=http://nadnasidni.tum/scm/SHORTD91D0B6D0E6A204E010812505A867B04E6F8TSTEXC/SHORTD91D0B6D0E6A204E010812505A867B04E6F8TSTEXC-tests.git, solutionRepositoryUri=null, auxiliaryRepositoryUris=[Ljava.lang.String;@514e4a97, auxiliaryRepositoryCheckoutDirectories=[Ljava.lang.String;@16bb8c6a], jobTimingInfo=JobTimingInfo[submissionDate=2025-02-14T23:44:54.246508059Z[Etc/UTC], buildStartDate=2025-02-14T23:44:54.408522902Z[Etc/UTC], buildCompletionDate=null, estimatedCompletionDate=2025-02-14T23:45:13.408517873Z[Etc/UTC], estimatedDuration=19], buildConfig=BuildConfig[buildScript=#!/bin/bash
cd /var/tmp/testing-dir
mvn clean test
, dockerImage=dummy-docker-image, commitHashToBuild=null, assignmentCommitHash=9b3a9bd71a0d80e5bbc42204c319ed3d1d4f0d6d, testCommitHash=9b3a9bd71a0d80e5bbc42204c319ed3d1d4f0d6d, branch=main, programmingLanguage=JAVA, projectType=PLAIN_MAVEN, scaEnabled=false, sequentialTestRunsEnabled=false, resultPaths=[/var/tmp/testing-dir/**/target/surefire-reports/*.xml], timeoutSeconds=0, assignmentCheckoutPath=null, testCheckoutPath=null, solutionCheckoutPath=null, dockerRunConfig=null], submissionResult=null]
    23:44:54.417 | 081 local-ci-build-0 | DEBUG | t.c.a.a.b.s.BuildJobExecutionService : ~~~~~~~~~~~~~~~~~~~~ Start Build Job 17481739576694246 ~~~~~~~~~~~~~~~~~~~~
    23:44:54.417 | 081 local-ci-build-0 | INFO  | .t.c.a.a.b.s.BuildAgentDockerService : ~~~~~~~~~~~~~~~~~~~~ Inspecting docker image dummy-docker-image ~~~~~~~~~~~~~~~~~~~~
    23:44:54.419 | 081 local-ci-build-0 | INFO  | .t.c.a.a.b.s.BuildAgentDockerService : ~~~~~~~~~~~~~~~~~~~~ Inspecting docker image dummy-docker-image again with a lock due to error Status 404: {"message":"No such image: dummy-docker-image:latest"}
 ~~~~~~~~~~~~~~~~~~~~

  Starting logs for ProgrammingExerciseTestCaseServiceTest > shouldResetExamExerciseTestCases()
    23:44:54.448 | 081 local-ci-build-0 | ERROR | .t.c.a.a.b.s.BuildAgentDockerService : Error while checking disk space for Docker image cleanup: null
java.util.NoSuchElementException: null
	at java.base/java.util.ArrayList.getFirst(ArrayList.java:439)
	at de.tum.cit.aet.artemis.buildagent.service.BuildAgentDockerService.checkUsableDiskSpaceThenCleanUp(BuildAgentDockerService.java:397)
	at de.tum.cit.aet.artemis.buildagent.service.BuildAgentDockerService.pullDockerImage(BuildAgentDockerService.java:237)
	at de.tum.cit.aet.artemis.buildagent.service.BuildJobExecutionService.runBuildJob(BuildJobExecutionService.java:152)
	at java.base/jdk.internal.reflect.DirectMethodHandleAccessor.invoke(DirectMethodHandleAccessor.java:103)
	at java.base/java.lang.reflect.Method.invoke(Method.java:580)
	at org.springframework.aop.support.AopUtils.invokeJoinpointUsingReflection(AopUtils.java:359)
	at org.springframework.aop.framework.CglibAopProxy$DynamicAdvisedInterceptor.intercept(CglibAopProxy.java:723)
	at de.tum.cit.aet.artemis.buildagent.service.BuildJobExecutionService$$SpringCGLIB$$0.runBuildJob(<generated>)
	at de.tum.cit.aet.artemis.buildagent.service.BuildJobManagementService.lambda$executeBuildJob$1(BuildJobManagementService.java:129)
	at java.base/java.util.concurrent.FutureTask.run(FutureTask.java:317)
	at java.base/java.util.concurrent.ThreadPoolExecutor.runWorker(ThreadPoolExecutor.java:1144)
	at java.base/java.util.concurrent.ThreadPoolExecutor$Worker.run(ThreadPoolExecutor.java:642)
	at java.base/java.lang.Thread.run(Thread.java:1583)
    23:44:54.449 | 081 local-ci-build-0 | INFO  | .t.c.a.a.b.s.BuildAgentDockerService : ~~~~~~~~~~~~~~~~~~~~ Pulling docker image dummy-docker-image with a lock after error Status 404: {"message":"No such image: dummy-docker-image:latest"}
 ~~~~~~~~~~~~~~~~~~~~
    23:44:54.456 | 462 ool-1-worker-226 | DEBUG | d.t.c.a.a.c.u.util.UserUtilService   : Generate 5 students...
    23:44:54.465 | 462 ool-1-worker-226 | DEBUG | d.t.c.a.a.c.u.util.UserUtilService   : 5 students generated. Generate 1 tutors...
    23:44:54.468 | 462 ool-1-worker-226 | DEBUG | d.t.c.a.a.c.u.util.UserUtilService   : 1 tutors generated. Generate 0 editors...
    23:44:54.469 | 462 ool-1-worker-226 | DEBUG | d.t.c.a.a.c.u.util.UserUtilService   : 0 editors generated. Generate 1 instructors...
    23:44:54.472 | 462 ool-1-worker-226 | DEBUG | d.t.c.a.a.c.u.util.UserUtilService   : 1 instructors generated
    23:44:54.476 | 462 ool-1-worker-226 | DEBUG | d.t.c.a.a.c.u.util.UserUtilService   : Removing 7 users from all courses...
    23:44:54.477 | 462 ool-1-worker-226 | DEBUG | d.t.c.a.a.c.u.util.UserUtilService   : Removing 7 users from all courses. Done
    23:44:54.477 | 462 ool-1-worker-226 | DEBUG | d.t.c.a.a.c.u.util.UserUtilService   : Save 7 users to database...
    23:44:54.483 | 462 ool-1-worker-226 | DEBUG | d.t.c.a.a.c.u.util.UserUtilService   : Save 7 users to database. Done
    23:44:54.502 | 462 ool-1-worker-226 | INFO  | i.z.t.d.l.EmbeddedDatabaseReporter   : JDBC URL to connect to 'dataSource': url='jdbc:h2:tcp://localhost:41063/mem:f240edcd-27ce-47a3-b4ab-a6a00c154135;USER=sa', scope='ProgrammingExerciseTestCaseServiceTest#shouldResetExamExerciseTestCases'
    23:44:54.508 | 462 ool-1-worker-226 | DEBUG | .c.s.m.InstanceMessageReceiveService : Received schedule participant score for exercise 2450 and participant 159 (result to be deleted: null)
    23:44:54.508 | 462 ool-1-worker-226 | DEBUG | .a.s.ParticipantScoreScheduleService : Scheduled task for exercise 2450 and participant 159 at 2025-02-14T23:44:54.608886665Z[Etc/UTC].
    23:44:54.519 | 462 ool-1-worker-226 | INFO  | .t.c.a.a.p.s.l.LocalCITriggerService : Triggering build for participation 1752 and commit hash null
    23:44:54.520 | 462 ool-1-worker-226 | WARN  | .t.c.a.a.p.s.l.LocalCITriggerService : Could not retrieve windfile for programming exercise 2450. Using default windfile instead.
    23:44:54.522 | 462 ool-1-worker-226 | INFO  | .t.c.a.a.p.s.l.LocalCITriggerService : Added build job 17521739576694519 for exercise TSTEXC and participation 1752 with priority 2 to the queue
    23:44:54.522 | 462 ool-1-worker-226 | INFO  | .t.c.a.a.p.s.l.LocalCITriggerService : Triggering build for participation 1753 and commit hash null
    23:44:54.523 | 462 ool-1-worker-226 | WARN  | .t.c.a.a.p.s.l.LocalCITriggerService : Could not retrieve windfile for programming exercise 2450. Using default windfile instead.
    23:44:54.523 | 462 ool-1-worker-226 | INFO  | .t.c.a.a.p.s.l.LocalCITriggerService : Added build job 17531739576694522 for exercise TSTEXC and participation 1753 with priority 2 to the queue
    23:44:54.551 | 354 ream--1738962099 | ERROR | c.g.d.a.async.ResultCallbackTemplate : Error during callback
com.github.dockerjava.api.exception.NotFoundException: Status 404: {"message":"pull access denied for dummy-docker-image, repository does not exist or may require 'docker login': denied: requested access to the resource is denied"}

	at com.github.dockerjava.core.DefaultInvocationBuilder.execute(DefaultInvocationBuilder.java:241)
	at com.github.dockerjava.core.DefaultInvocationBuilder.lambda$executeAndStream$1(DefaultInvocationBuilder.java:269)
	at java.base/java.lang.Thread.run(Thread.java:1583)
    23:44:54.552 | 570 vc.HealthMonitor | INFO  | c.h.i.diagnostics.HealthMonitor      : [127.0.0.1]:5703 [dev] [5.5.0] processors=4, physical.memory.total=15.6G, physical.memory.free=2.4G, swap.space.total=0, swap.space.free=0, heap.memory.used=2.4G, heap.memory.free=721.2M, heap.memory.total=3.1G, heap.memory.max=6.0G, heap.memory.used/total=77.31%, heap.memory.used/max=40.02%, minor.gc.count=160, minor.gc.time=7790ms, major.gc.count=0, major.gc.time=0ms, unknown.gc.count=70, unknown.gc.time=1235ms, load.process=0.00%, load.system=99.51%, load.systemAverage=5.95, thread.count=488, thread.peakCount=500, cluster.timeDiff=0, event.q.size=68, executor.q.async.size=0, executor.q.client.size=0, executor.q.client.query.size=0, executor.q.client.blocking.size=0, executor.q.query.size=0, executor.q.scheduled.size=0, executor.q.io.size=0, executor.q.system.size=0, executor.q.operations.size=0, executor.q.priorityOperation.size=0, operations.completed.count=1891, executor.q.mapLoad.size=0, executor.q.mapLoadAllKeys.size=0, executor.q.cluster.size=0, executor.q.response.size=0, operations.running.count=0, operations.pending.invocations.percentage=0.00%, operations.pending.invocations.count=0, proxy.count=216, clientEndpoint.count=0, connection.active.count=0, client.connection.count=0, connection.count=0
    23:44:54.553 | 566 localvc.event-13 | ERROR | .c.a.a.b.s.BuildJobManagementService : Error while executing build job 17481739576694246: de.tum.cit.aet.artemis.core.exception.LocalCIException: Could not pull Docker image dummy-docker-image
java.util.concurrent.ExecutionException: de.tum.cit.aet.artemis.core.exception.LocalCIException: Could not pull Docker image dummy-docker-image
	at java.base/java.util.concurrent.FutureTask.report(FutureTask.java:122)
	at java.base/java.util.concurrent.FutureTask.get(FutureTask.java:205)
	at de.tum.cit.aet.artemis.buildagent.service.BuildJobManagementService.lambda$executeBuildJob$2(BuildJobManagementService.java:165)
	at de.tum.cit.aet.artemis.buildagent.service.BuildJobManagementService.createCompletableFuture(BuildJobManagementService.java:236)
	at de.tum.cit.aet.artemis.buildagent.service.BuildJobManagementService.executeBuildJob(BuildJobManagementService.java:163)
	at de.tum.cit.aet.artemis.buildagent.service.SharedQueueProcessingService.processBuild(SharedQueueProcessingService.java:413)
	at de.tum.cit.aet.artemis.buildagent.service.SharedQueueProcessingService.checkAvailabilityAndProcessNextBuild(SharedQueueProcessingService.java:269)
	at de.tum.cit.aet.artemis.buildagent.service.SharedQueueProcessingService.lambda$processBuild$5(SharedQueueProcessingService.java:480)
	at java.base/java.util.concurrent.CompletableFuture.uniExceptionally(CompletableFuture.java:990)
	at java.base/java.util.concurrent.CompletableFuture.uniExceptionallyStage(CompletableFuture.java:1008)
	at java.base/java.util.concurrent.CompletableFuture.exceptionally(CompletableFuture.java:2396)
	at de.tum.cit.aet.artemis.buildagent.service.SharedQueueProcessingService.processBuild(SharedQueueProcessingService.java:444)
	at de.tum.cit.aet.artemis.buildagent.service.SharedQueueProcessingService.checkAvailabilityAndProcessNextBuild(SharedQueueProcessingService.java:269)
	at de.tum.cit.aet.artemis.buildagent.service.SharedQueueProcessingService.lambda$processBuild$5(SharedQueueProcessingService.java:480)
	at java.base/java.util.concurrent.CompletableFuture.uniExceptionally(CompletableFuture.java:990)
	at java.base/java.util.concurrent.CompletableFuture.uniExceptionallyStage(CompletableFuture.java:1008)
	at java.base/java.util.concurrent.CompletableFuture.exceptionally(CompletableFuture.java:2396)
	at de.tum.cit.aet.artemis.buildagent.service.SharedQueueProcessingService.processBuild(SharedQueueProcessingService.java:444)
	at de.tum.cit.aet.artemis.buildagent.service.SharedQueueProcessingService.checkAvailabilityAndProcessNextBuild(SharedQueueProcessingService.java:269)
	at de.tum.cit.aet.artemis.buildagent.service.SharedQueueProcessingService.lambda$processBuild$5(SharedQueueProcessingService.java:480)
	at java.base/java.util.concurrent.CompletableFuture.uniExceptionally(CompletableFuture.java:990)
	at java.base/java.util.concurrent.CompletableFuture.uniExceptionallyStage(CompletableFuture.java:1008)
	at java.base/java.util.concurrent.CompletableFuture.exceptionally(CompletableFuture.java:2396)
	at de.tum.cit.aet.artemis.buildagent.service.SharedQueueProcessingService.processBuild(SharedQueueProcessingService.java:444)
	at de.tum.cit.aet.artemis.buildagent.service.SharedQueueProcessingService.checkAvailabilityAndProcessNextBuild(SharedQueueProcessingService.java:269)
	at de.tum.cit.aet.artemis.buildagent.service.SharedQueueProcessingService.lambda$processBuild$5(SharedQueueProcessingService.java:480)
	at java.base/java.util.concurrent.CompletableFuture.uniExceptionally(CompletableFuture.java:990)
	at java.base/java.util.concurrent.CompletableFuture.uniExceptionallyStage(CompletableFuture.java:1008)
	at java.base/java.util.concurrent.CompletableFuture.exceptionally(CompletableFuture.java:2396)
	at de.tum.cit.aet.artemis.buildagent.service.SharedQueueProcessingService.processBuild(SharedQueueProcessingService.java:444)
	at de.tum.cit.aet.artemis.buildagent.service.SharedQueueProcessingService.checkAvailabilityAndProcessNextBuild(SharedQueueProcessingService.java:269)
	at de.tum.cit.aet.artemis.buildagent.service.SharedQueueProcessingService$QueuedBuildJobItemListener.itemAdded(SharedQueueProcessingService.java:594)
	at com.hazelcast.collection.impl.queue.QueueService.lambda$dispatchEvent$1(QueueService.java:277)
	at com.hazelcast.internal.namespace.impl.NoOpUserCodeNamespaceService.runWithNamespace(NoOpUserCodeNamespaceService.java:82)
	at com.hazelcast.internal.namespace.NamespaceUtil.runWithNamespace(NamespaceUtil.java:106)
	at com.hazelcast.collection.impl.queue.QueueService.dispatchEvent(QueueService.java:275)
	at com.hazelcast.collection.impl.queue.QueueService.dispatchEvent(QueueService.java:98)
	at com.hazelcast.spi.impl.eventservice.impl.LocalEventDispatcher.run(LocalEventDispatcher.java:64)
	at com.hazelcast.internal.util.executor.StripedExecutor$Worker.process(StripedExecutor.java:244)
	at com.hazelcast.internal.util.executor.StripedExecutor$Worker.run(StripedExecutor.java:227)
Caused by: de.tum.cit.aet.artemis.core.exception.LocalCIException: Could not pull Docker image dummy-docker-image
	at de.tum.cit.aet.artemis.buildagent.service.BuildJobExecutionService.runBuildJob(BuildJobExecutionService.java:157)
	at java.base/jdk.internal.reflect.DirectMethodHandleAccessor.invoke(DirectMethodHandleAccessor.java:103)
	at java.base/java.lang.reflect.Method.invoke(Method.java:580)
	at org.springframework.aop.support.AopUtils.invokeJoinpointUsingReflection(AopUtils.java:359)
	at org.springframework.aop.framework.CglibAopProxy$DynamicAdvisedInterceptor.intercept(CglibAopProxy.java:723)
	at de.tum.cit.aet.artemis.buildagent.service.BuildJobExecutionService$$SpringCGLIB$$0.runBuildJob(<generated>)
	at de.tum.cit.aet.artemis.buildagent.service.BuildJobManagementService.lambda$executeBuildJob$1(BuildJobManagementService.java:129)
	at java.base/java.util.concurrent.FutureTask.run(FutureTask.java:317)
	at java.base/java.util.concurrent.ThreadPoolExecutor.runWorker(ThreadPoolExecutor.java:1144)
	at java.base/java.util.concurrent.ThreadPoolExecutor$Worker.run(ThreadPoolExecutor.java:642)
	at java.base/java.lang.Thread.run(Thread.java:1583)
Caused by: de.tum.cit.aet.artemis.core.exception.LocalCIException: Error while pulling docker image dummy-docker-image
	at de.tum.cit.aet.artemis.buildagent.service.BuildAgentDockerService.pullDockerImage(BuildAgentDockerService.java:258)
	at de.tum.cit.aet.artemis.buildagent.service.BuildJobExecutionService.runBuildJob(BuildJobExecutionService.java:152)
	... 10 common frames omitted
Caused by: com.github.dockerjava.api.exception.NotFoundException: Status 404: {"message":"pull access denied for dummy-docker-image, repository does not exist or may require 'docker login': denied: requested access to the resource is denied"}

	at com.github.dockerjava.core.DefaultInvocationBuilder.execute(DefaultInvocationBuilder.java:241)
	at com.github.dockerjava.core.DefaultInvocationBuilder.lambda$executeAndStream$1(DefaultInvocationBuilder.java:269)
	... 1 common frames omitted
    23:44:54.553 | 566 localvc.event-13 | INFO  | .c.a.a.b.s.BuildJobManagementService : Getting ID of running container local-ci-17481739576694246

  Starting logs for ProgrammingExerciseTestCaseServiceTest > shouldUpdateTestWeight()
    23:44:54.557 | 566 localvc.event-13 | INFO  | .c.a.a.b.s.BuildJobManagementService : Stopping unresponsive container with ID null
    23:44:54.557 | 566 localvc.event-13 | DEBUG | a.a.b.s.SharedQueueProcessingService : Build job completed with exception: BuildJobQueueItem[id=17481739576694246, name=SHORTD91D0B6D0E6A204E010812505A867B04E6F8TSTEXC-SOLUTION, buildAgent=BuildAgentDTO[name=artemis-build-agent-test, memberAddress=[127.0.0.1]:5703, displayName=artemis-build-agent-test], participationId=1748, courseId=873, exerciseId=2448, retryCount=0, priority=2, status=null, repositoryInfo=RepositoryInfo[repositoryName=shortd91d0b6d0e6a204e010812505a867b04e6f8tstexc-solution, repositoryType=solution, triggeredByPushTo=solution, assignmentRepositoryUri=http://localhost:49152/git/SHORTD91D0B6D0E6A204E010812505A867B04E6F8TSTEXC/shortd91d0b6d0e6a204e010812505a867b04e6f8tstexc-solution.git, testRepositoryUri=http://nadnasidni.tum/scm/SHORTD91D0B6D0E6A204E010812505A867B04E6F8TSTEXC/SHORTD91D0B6D0E6A204E010812505A867B04E6F8TSTEXC-tests.git, solutionRepositoryUri=null, auxiliaryRepositoryUris=[Ljava.lang.String;@514e4a97, auxiliaryRepositoryCheckoutDirectories=[Ljava.lang.String;@16bb8c6a], jobTimingInfo=JobTimingInfo[submissionDate=2025-02-14T23:44:54.246508059Z[Etc/UTC], buildStartDate=2025-02-14T23:44:54.408522902Z[Etc/UTC], buildCompletionDate=null, estimatedCompletionDate=2025-02-14T23:45:13.408517873Z[Etc/UTC], estimatedDuration=19], buildConfig=BuildConfig[buildScript=#!/bin/bash
cd /var/tmp/testing-dir
mvn clean test
, dockerImage=dummy-docker-image, commitHashToBuild=null, assignmentCommitHash=9b3a9bd71a0d80e5bbc42204c319ed3d1d4f0d6d, testCommitHash=9b3a9bd71a0d80e5bbc42204c319ed3d1d4f0d6d, branch=main, programmingLanguage=JAVA, projectType=PLAIN_MAVEN, scaEnabled=false, sequentialTestRunsEnabled=false, resultPaths=[/var/tmp/testing-dir/**/target/surefire-reports/*.xml], timeoutSeconds=0, assignmentCheckoutPath=null, testCheckoutPath=null, solutionCheckoutPath=null, dockerRunConfig=null], submissionResult=null]
java.util.concurrent.CompletionException: java.util.concurrent.ExecutionException: de.tum.cit.aet.artemis.core.exception.LocalCIException: Could not pull Docker image dummy-docker-image
	at de.tum.cit.aet.artemis.buildagent.service.BuildJobManagementService.lambda$executeBuildJob$2(BuildJobManagementService.java:188)
	at de.tum.cit.aet.artemis.buildagent.service.BuildJobManagementService.createCompletableFuture(BuildJobManagementService.java:236)
	at de.tum.cit.aet.artemis.buildagent.service.BuildJobManagementService.executeBuildJob(BuildJobManagementService.java:163)
	at de.tum.cit.aet.artemis.buildagent.service.SharedQueueProcessingService.processBuild(SharedQueueProcessingService.java:413)
	at de.tum.cit.aet.artemis.buildagent.service.SharedQueueProcessingService.checkAvailabilityAndProcessNextBuild(SharedQueueProcessingService.java:269)
	at de.tum.cit.aet.artemis.buildagent.service.SharedQueueProcessingService.lambda$processBuild$5(SharedQueueProcessingService.java:480)
	at java.base/java.util.concurrent.CompletableFuture.uniExceptionally(CompletableFuture.java:990)
	at java.base/java.util.concurrent.CompletableFuture.uniExceptionallyStage(CompletableFuture.java:1008)
	at java.base/java.util.concurrent.CompletableFuture.exceptionally(CompletableFuture.java:2396)
	at de.tum.cit.aet.artemis.buildagent.service.SharedQueueProcessingService.processBuild(SharedQueueProcessingService.java:444)
	at de.tum.cit.aet.artemis.buildagent.service.SharedQueueProcessingService.checkAvailabilityAndProcessNextBuild(SharedQueueProcessingService.java:269)
	at de.tum.cit.aet.artemis.buildagent.service.SharedQueueProcessingService.lambda$processBuild$5(SharedQueueProcessingService.java:480)
	at java.base/java.util.concurrent.CompletableFuture.uniExceptionally(CompletableFuture.java:990)
	at java.base/java.util.concurrent.CompletableFuture.uniExceptionallyStage(CompletableFuture.java:1008)
	at java.base/java.util.concurrent.CompletableFuture.exceptionally(CompletableFuture.java:2396)
	at de.tum.cit.aet.artemis.buildagent.service.SharedQueueProcessingService.processBuild(SharedQueueProcessingService.java:444)
	at de.tum.cit.aet.artemis.buildagent.service.SharedQueueProcessingService.checkAvailabilityAndProcessNextBuild(SharedQueueProcessingService.java:269)
	at de.tum.cit.aet.artemis.buildagent.service.SharedQueueProcessingService.lambda$processBuild$5(SharedQueueProcessingService.java:480)
	at java.base/java.util.concurrent.CompletableFuture.uniExceptionally(CompletableFuture.java:990)
	at java.base/java.util.concurrent.CompletableFuture.uniExceptionallyStage(CompletableFuture.java:1008)
	at java.base/java.util.concurrent.CompletableFuture.exceptionally(CompletableFuture.java:2396)
	at de.tum.cit.aet.artemis.buildagent.service.SharedQueueProcessingService.processBuild(SharedQueueProcessingService.java:444)
	at de.tum.cit.aet.artemis.buildagent.service.SharedQueueProcessingService.checkAvailabilityAndProcessNextBuild(SharedQueueProcessingService.java:269)
	at de.tum.cit.aet.artemis.buildagent.service.SharedQueueProcessingService.lambda$processBuild$5(SharedQueueProcessingService.java:480)
	at java.base/java.util.concurrent.CompletableFuture.uniExceptionally(CompletableFuture.java:990)
	at java.base/java.util.concurrent.CompletableFuture.uniExceptionallyStage(CompletableFuture.java:1008)
	at java.base/java.util.concurrent.CompletableFuture.exceptionally(CompletableFuture.java:2396)
	at de.tum.cit.aet.artemis.buildagent.service.SharedQueueProcessingService.processBuild(SharedQueueProcessingService.java:444)
	at de.tum.cit.aet.artemis.buildagent.service.SharedQueueProcessingService.checkAvailabilityAndProcessNextBuild(SharedQueueProcessingService.java:269)
	at de.tum.cit.aet.artemis.buildagent.service.SharedQueueProcessingService$QueuedBuildJobItemListener.itemAdded(SharedQueueProcessingService.java:594)
	at com.hazelcast.collection.impl.queue.QueueService.lambda$dispatchEvent$1(QueueService.java:277)
	at com.hazelcast.internal.namespace.impl.NoOpUserCodeNamespaceService.runWithNamespace(NoOpUserCodeNamespaceService.java:82)
	at com.hazelcast.internal.namespace.NamespaceUtil.runWithNamespace(NamespaceUtil.java:106)
	at com.hazelcast.collection.impl.queue.QueueService.dispatchEvent(QueueService.java:275)
	at com.hazelcast.collection.impl.queue.QueueService.dispatchEvent(QueueService.java:98)
	at com.hazelcast.spi.impl.eventservice.impl.LocalEventDispatcher.run(LocalEventDispatcher.java:64)
	at com.hazelcast.internal.util.executor.StripedExecutor$Worker.process(StripedExecutor.java:244)
	at com.hazelcast.internal.util.executor.StripedExecutor$Worker.run(StripedExecutor.java:227)
Caused by: java.util.concurrent.ExecutionException: de.tum.cit.aet.artemis.core.exception.LocalCIException: Could not pull Docker image dummy-docker-image
	at java.base/java.util.concurrent.FutureTask.report(FutureTask.java:122)
	at java.base/java.util.concurrent.FutureTask.get(FutureTask.java:205)
	at de.tum.cit.aet.artemis.buildagent.service.BuildJobManagementService.lambda$executeBuildJob$2(BuildJobManagementService.java:165)
	... 37 common frames omitted
Caused by: de.tum.cit.aet.artemis.core.exception.LocalCIException: Could not pull Docker image dummy-docker-image
	at de.tum.cit.aet.artemis.buildagent.service.BuildJobExecutionService.runBuildJob(BuildJobExecutionService.java:157)
	at java.base/jdk.internal.reflect.DirectMethodHandleAccessor.invoke(DirectMethodHandleAccessor.java:103)
	at java.base/java.lang.reflect.Method.invoke(Method.java:580)
	at org.springframework.aop.support.AopUtils.invokeJoinpointUsingReflection(AopUtils.java:359)
	at org.springframework.aop.framework.CglibAopProxy$DynamicAdvisedInterceptor.intercept(CglibAopProxy.java:723)
	at de.tum.cit.aet.artemis.buildagent.service.BuildJobExecutionService$$SpringCGLIB$$0.runBuildJob(<generated>)
	at de.tum.cit.aet.artemis.buildagent.service.BuildJobManagementService.lambda$executeBuildJob$1(BuildJobManagementService.java:129)
	at java.base/java.util.concurrent.FutureTask.run(FutureTask.java:317)
	at java.base/java.util.concurrent.ThreadPoolExecutor.runWorker(ThreadPoolExecutor.java:1144)
	at java.base/java.util.concurrent.ThreadPoolExecutor$Worker.run(ThreadPoolExecutor.java:642)
	at java.base/java.lang.Thread.run(Thread.java:1583)
Caused by: de.tum.cit.aet.artemis.core.exception.LocalCIException: Error while pulling docker image dummy-docker-image
	at de.tum.cit.aet.artemis.buildagent.service.BuildAgentDockerService.pullDockerImage(BuildAgentDockerService.java:258)
	at de.tum.cit.aet.artemis.buildagent.service.BuildJobExecutionService.runBuildJob(BuildJobExecutionService.java:152)
	... 10 common frames omitted
Caused by: com.github.dockerjava.api.exception.NotFoundException: Status 404: {"message":"pull access denied for dummy-docker-image, repository does not exist or may require 'docker login': denied: requested access to the resource is denied"}

	at com.github.dockerjava.core.DefaultInvocationBuilder.execute(DefaultInvocationBuilder.java:241)
	at com.github.dockerjava.core.DefaultInvocationBuilder.lambda$executeAndStream$1(DefaultInvocationBuilder.java:269)
	... 1 common frames omitted
    23:44:54.557 | 566 localvc.event-13 | ERROR | a.a.b.s.SharedQueueProcessingService : Error while processing build job: BuildJobQueueItem[id=17481739576694246, name=SHORTD91D0B6D0E6A204E010812505A867B04E6F8TSTEXC-SOLUTION, buildAgent=BuildAgentDTO[name=artemis-build-agent-test, memberAddress=[127.0.0.1]:5703, displayName=artemis-build-agent-test], participationId=1748, courseId=873, exerciseId=2448, retryCount=0, priority=2, status=null, repositoryInfo=RepositoryInfo[repositoryName=shortd91d0b6d0e6a204e010812505a867b04e6f8tstexc-solution, repositoryType=solution, triggeredByPushTo=solution, assignmentRepositoryUri=http://localhost:49152/git/SHORTD91D0B6D0E6A204E010812505A867B04E6F8TSTEXC/shortd91d0b6d0e6a204e010812505a867b04e6f8tstexc-solution.git, testRepositoryUri=http://nadnasidni.tum/scm/SHORTD91D0B6D0E6A204E010812505A867B04E6F8TSTEXC/SHORTD91D0B6D0E6A204E010812505A867B04E6F8TSTEXC-tests.git, solutionRepositoryUri=null, auxiliaryRepositoryUris=[Ljava.lang.String;@514e4a97, auxiliaryRepositoryCheckoutDirectories=[Ljava.lang.String;@16bb8c6a], jobTimingInfo=JobTimingInfo[submissionDate=2025-02-14T23:44:54.246508059Z[Etc/UTC], buildStartDate=2025-02-14T23:44:54.408522902Z[Etc/UTC], buildCompletionDate=null, estimatedCompletionDate=2025-02-14T23:45:13.408517873Z[Etc/UTC], estimatedDuration=19], buildConfig=BuildConfig[buildScript=#!/bin/bash
cd /var/tmp/testing-dir
mvn clean test
, dockerImage=dummy-docker-image, commitHashToBuild=null, assignmentCommitHash=9b3a9bd71a0d80e5bbc42204c319ed3d1d4f0d6d, testCommitHash=9b3a9bd71a0d80e5bbc42204c319ed3d1d4f0d6d, branch=main, programmingLanguage=JAVA, projectType=PLAIN_MAVEN, scaEnabled=false, sequentialTestRunsEnabled=false, resultPaths=[/var/tmp/testing-dir/**/target/surefire-reports/*.xml], timeoutSeconds=0, assignmentCheckoutPath=null, testCheckoutPath=null, solutionCheckoutPath=null, dockerRunConfig=null], submissionResult=null]
java.util.concurrent.CompletionException: java.util.concurrent.ExecutionException: de.tum.cit.aet.artemis.core.exception.LocalCIException: Could not pull Docker image dummy-docker-image
	at de.tum.cit.aet.artemis.buildagent.service.BuildJobManagementService.lambda$executeBuildJob$2(BuildJobManagementService.java:188)
	at de.tum.cit.aet.artemis.buildagent.service.BuildJobManagementService.createCompletableFuture(BuildJobManagementService.java:236)
	at de.tum.cit.aet.artemis.buildagent.service.BuildJobManagementService.executeBuildJob(BuildJobManagementService.java:163)
	at de.tum.cit.aet.artemis.buildagent.service.SharedQueueProcessingService.processBuild(SharedQueueProcessingService.java:413)
	at de.tum.cit.aet.artemis.buildagent.service.SharedQueueProcessingService.checkAvailabilityAndProcessNextBuild(SharedQueueProcessingService.java:269)
	at de.tum.cit.aet.artemis.buildagent.service.SharedQueueProcessingService.lambda$processBuild$5(SharedQueueProcessingService.java:480)
	at java.base/java.util.concurrent.CompletableFuture.uniExceptionally(CompletableFuture.java:990)
	at java.base/java.util.concurrent.CompletableFuture.uniExceptionallyStage(CompletableFuture.java:1008)
	at java.base/java.util.concurrent.CompletableFuture.exceptionally(CompletableFuture.java:2396)
	at de.tum.cit.aet.artemis.buildagent.service.SharedQueueProcessingService.processBuild(SharedQueueProcessingService.java:444)
	at de.tum.cit.aet.artemis.buildagent.service.SharedQueueProcessingService.checkAvailabilityAndProcessNextBuild(SharedQueueProcessingService.java:269)
	at de.tum.cit.aet.artemis.buildagent.service.SharedQueueProcessingService.lambda$processBuild$5(SharedQueueProcessingService.java:480)
	at java.base/java.util.concurrent.CompletableFuture.uniExceptionally(CompletableFuture.java:990)
	at java.base/java.util.concurrent.CompletableFuture.uniExceptionallyStage(CompletableFuture.java:1008)
	at java.base/java.util.concurrent.CompletableFuture.exceptionally(CompletableFuture.java:2396)
	at de.tum.cit.aet.artemis.buildagent.service.SharedQueueProcessingService.processBuild(SharedQueueProcessingService.java:444)
	at de.tum.cit.aet.artemis.buildagent.service.SharedQueueProcessingService.checkAvailabilityAndProcessNextBuild(SharedQueueProcessingService.java:269)
	at de.tum.cit.aet.artemis.buildagent.service.SharedQueueProcessingService.lambda$processBuild$5(SharedQueueProcessingService.java:480)
	at java.base/java.util.concurrent.CompletableFuture.uniExceptionally(CompletableFuture.java:990)
	at java.base/java.util.concurrent.CompletableFuture.uniExceptionallyStage(CompletableFuture.java:1008)
	at java.base/java.util.concurrent.CompletableFuture.exceptionally(CompletableFuture.java:2396)
	at de.tum.cit.aet.artemis.buildagent.service.SharedQueueProcessingService.processBuild(SharedQueueProcessingService.java:444)
	at de.tum.cit.aet.artemis.buildagent.service.SharedQueueProcessingService.checkAvailabilityAndProcessNextBuild(SharedQueueProcessingService.java:269)
	at de.tum.cit.aet.artemis.buildagent.service.SharedQueueProcessingService.lambda$processBuild$5(SharedQueueProcessingService.java:480)
	at java.base/java.util.concurrent.CompletableFuture.uniExceptionally(CompletableFuture.java:990)
	at java.base/java.util.concurrent.CompletableFuture.uniExceptionallyStage(CompletableFuture.java:1008)
	at java.base/java.util.concurrent.CompletableFuture.exceptionally(CompletableFuture.java:2396)
	at de.tum.cit.aet.artemis.buildagent.service.SharedQueueProcessingService.processBuild(SharedQueueProcessingService.java:444)
	at de.tum.cit.aet.artemis.buildagent.service.SharedQueueProcessingService.checkAvailabilityAndProcessNextBuild(SharedQueueProcessingService.java:269)
	at de.tum.cit.aet.artemis.buildagent.service.SharedQueueProcessingService$QueuedBuildJobItemListener.itemAdded(SharedQueueProcessingService.java:594)
	at com.hazelcast.collection.impl.queue.QueueService.lambda$dispatchEvent$1(QueueService.java:277)
	at com.hazelcast.internal.namespace.impl.NoOpUserCodeNamespaceService.runWithNamespace(NoOpUserCodeNamespaceService.java:82)
	at com.hazelcast.internal.namespace.NamespaceUtil.runWithNamespace(NamespaceUtil.java:106)
	at com.hazelcast.collection.impl.queue.QueueService.dispatchEvent(QueueService.java:275)
	at com.hazelcast.collection.impl.queue.QueueService.dispatchEvent(QueueService.java:98)
	at com.hazelcast.spi.impl.eventservice.impl.LocalEventDispatcher.run(LocalEventDispatcher.java:64)
	at com.hazelcast.internal.util.executor.StripedExecutor$Worker.process(StripedExecutor.java:244)
	at com.hazelcast.internal.util.executor.StripedExecutor$Worker.run(StripedExecutor.java:227)
Caused by: java.util.concurrent.ExecutionException: de.tum.cit.aet.artemis.core.exception.LocalCIException: Could not pull Docker image dummy-docker-image
	at java.base/java.util.concurrent.FutureTask.report(FutureTask.java:122)
	at java.base/java.util.concurrent.FutureTask.get(FutureTask.java:205)
	at de.tum.cit.aet.artemis.buildagent.service.BuildJobManagementService.lambda$executeBuildJob$2(BuildJobManagementService.java:165)
	... 37 common frames omitted
Caused by: de.tum.cit.aet.artemis.core.exception.LocalCIException: Could not pull Docker image dummy-docker-image
	at de.tum.cit.aet.artemis.buildagent.service.BuildJobExecutionService.runBuildJob(BuildJobExecutionService.java:157)
	at java.base/jdk.internal.reflect.DirectMethodHandleAccessor.invoke(DirectMethodHandleAccessor.java:103)
	at java.base/java.lang.reflect.Method.invoke(Method.java:580)
	at org.springframework.aop.support.AopUtils.invokeJoinpointUsingReflection(AopUtils.java:359)
	at org.springframework.aop.framework.CglibAopProxy$DynamicAdvisedInterceptor.intercept(CglibAopProxy.java:723)
	at de.tum.cit.aet.artemis.buildagent.service.BuildJobExecutionService$$SpringCGLIB$$0.runBuildJob(<generated>)
	at de.tum.cit.aet.artemis.buildagent.service.BuildJobManagementService.lambda$executeBuildJob$1(BuildJobManagementService.java:129)
	at java.base/java.util.concurrent.FutureTask.run(FutureTask.java:317)
	at java.base/java.util.concurrent.ThreadPoolExecutor.runWorker(ThreadPoolExecutor.java:1144)
	at java.base/java.util.concurrent.ThreadPoolExecutor$Worker.run(ThreadPoolExecutor.java:642)
	at java.base/java.lang.Thread.run(Thread.java:1583)
Caused by: de.tum.cit.aet.artemis.core.exception.LocalCIException: Error while pulling docker image dummy-docker-image
	at de.tum.cit.aet.artemis.buildagent.service.BuildAgentDockerService.pullDockerImage(BuildAgentDockerService.java:258)
	at de.tum.cit.aet.artemis.buildagent.service.BuildJobExecutionService.runBuildJob(BuildJobExecutionService.java:152)
	... 10 common frames omitted
Caused by: com.github.dockerjava.api.exception.NotFoundException: Status 404: {"message":"pull access denied for dummy-docker-image, repository does not exist or may require 'docker login': denied: requested access to the resource is denied"}

	at com.github.dockerjava.core.DefaultInvocationBuilder.execute(DefaultInvocationBuilder.java:241)
	at com.github.dockerjava.core.DefaultInvocationBuilder.lambda$executeAndStream$1(DefaultInvocationBuilder.java:269)
	... 1 common frames omitted
    23:44:54.560 | 565 localvc.event-12 | DEBUG | a.p.s.l.LocalCIQueueWebsocketService : CIBuildJobQueueItem removed from processing jobs: BuildJobQueueItem[id=17481739576694246, name=SHORTD91D0B6D0E6A204E010812505A867B04E6F8TSTEXC-SOLUTION, buildAgent=BuildAgentDTO[name=artemis-build-agent-test, memberAddress=[127.0.0.1]:5703, displayName=artemis-build-agent-test], participationId=1748, courseId=873, exerciseId=2448, retryCount=0, priority=2, status=null, repositoryInfo=RepositoryInfo[repositoryName=shortd91d0b6d0e6a204e010812505a867b04e6f8tstexc-solution, repositoryType=solution, triggeredByPushTo=solution, assignmentRepositoryUri=http://localhost:49152/git/SHORTD91D0B6D0E6A204E010812505A867B04E6F8TSTEXC/shortd91d0b6d0e6a204e010812505a867b04e6f8tstexc-solution.git, testRepositoryUri=http://nadnasidni.tum/scm/SHORTD91D0B6D0E6A204E010812505A867B04E6F8TSTEXC/SHORTD91D0B6D0E6A204E010812505A867B04E6F8TSTEXC-tests.git, solutionRepositoryUri=null, auxiliaryRepositoryUris=[Ljava.lang.String;@7361980d, auxiliaryRepositoryCheckoutDirectories=[Ljava.lang.String;@15eed7d1], jobTimingInfo=JobTimingInfo[submissionDate=2025-02-14T23:44:54.246508059Z[Etc/UTC], buildStartDate=2025-02-14T23:44:54.408522902Z[Etc/UTC], buildCompletionDate=null, estimatedCompletionDate=2025-02-14T23:45:13.408517873Z[Etc/UTC], estimatedDuration=19], buildConfig=BuildConfig[buildScript=#!/bin/bash
cd /var/tmp/testing-dir
mvn clean test
, dockerImage=dummy-docker-image, commitHashToBuild=null, assignmentCommitHash=9b3a9bd71a0d80e5bbc42204c319ed3d1d4f0d6d, testCommitHash=9b3a9bd71a0d80e5bbc42204c319ed3d1d4f0d6d, branch=main, programmingLanguage=JAVA, projectType=PLAIN_MAVEN, scaEnabled=false, sequentialTestRunsEnabled=false, resultPaths=[/var/tmp/testing-dir/**/target/surefire-reports/*.xml], timeoutSeconds=0, assignmentCheckoutPath=null, testCheckoutPath=null, solutionCheckoutPath=null, dockerRunConfig=null], submissionResult=null]
    23:44:54.560 | 565 localvc.event-12 | DEBUG | s.l.LocalCIWebsocketMessagingService : Sending message on topic /topic/admin/running-jobs: []
    23:44:54.560 | 565 localvc.event-12 | DEBUG | s.l.LocalCIWebsocketMessagingService : Sending message on topic /topic/courses/873/running-jobs: []
    23:44:54.561 | 462 ool-1-worker-226 | DEBUG | d.t.c.a.a.c.u.util.UserUtilService   : Generate 5 students...
    23:44:54.564 | 566 localvc.event-13 | DEBUG | a.a.b.s.SharedQueueProcessingService : Currently processing jobs on this node: 0, active threads in Pool: 0, maximum pool size of thread executor : 1
    23:44:54.564 | 566 localvc.event-13 | DEBUG | a.a.b.s.SharedQueueProcessingService : Currently processing jobs on this node: 0, active threads in Pool: 0, maximum pool size of thread executor : 1
    23:44:54.566 | 564 localvc.event-11 | DEBUG | a.p.s.l.LocalCIQueueWebsocketService : CIBuildJobQueueItem added to processing jobs: BuildJobQueueItem[id=17491739576694250, name=SHORTD91D0B6D0E6A204E010812505A867B04E6F8TSTEXC-BASE, buildAgent=BuildAgentDTO[name=artemis-build-agent-test, memberAddress=[127.0.0.1]:5703, displayName=artemis-build-agent-test], participationId=1749, courseId=873, exerciseId=2448, retryCount=0, priority=2, status=null, repositoryInfo=RepositoryInfo[repositoryName=shortd91d0b6d0e6a204e010812505a867b04e6f8tstexc-exercise, repositoryType=exercise, triggeredByPushTo=exercise, assignmentRepositoryUri=http://localhost:49152/git/SHORTD91D0B6D0E6A204E010812505A867B04E6F8TSTEXC/shortd91d0b6d0e6a204e010812505a867b04e6f8tstexc-exercise.git, testRepositoryUri=http://nadnasidni.tum/scm/SHORTD91D0B6D0E6A204E010812505A867B04E6F8TSTEXC/SHORTD91D0B6D0E6A204E010812505A867B04E6F8TSTEXC-tests.git, solutionRepositoryUri=null, auxiliaryRepositoryUris=[Ljava.lang.String;@41d7fa3, auxiliaryRepositoryCheckoutDirectories=[Ljava.lang.String;@407fd8b2], jobTimingInfo=JobTimingInfo[submissionDate=2025-02-14T23:44:54.250218388Z[Etc/UTC], buildStartDate=2025-02-14T23:44:54.565325579Z[Etc/UTC], buildCompletionDate=null, estimatedCompletionDate=2025-02-14T23:45:13.565320309Z[Etc/UTC], estimatedDuration=19], buildConfig=BuildConfig[buildScript=#!/bin/bash
cd /var/tmp/testing-dir
mvn clean test
, dockerImage=dummy-docker-image, commitHashToBuild=null, assignmentCommitHash=9b3a9bd71a0d80e5bbc42204c319ed3d1d4f0d6d, testCommitHash=9b3a9bd71a0d80e5bbc42204c319ed3d1d4f0d6d, branch=main, programmingLanguage=JAVA, projectType=PLAIN_MAVEN, scaEnabled=false, sequentialTestRunsEnabled=false, resultPaths=[/var/tmp/testing-dir/**/target/surefire-reports/*.xml], timeoutSeconds=0, assignmentCheckoutPath=null, testCheckoutPath=null, solutionCheckoutPath=null, dockerRunConfig=null], submissionResult=null]
    23:44:54.566 | 564 localvc.event-11 | DEBUG | s.l.LocalCIWebsocketMessagingService : Sending message on topic /topic/admin/running-jobs: [BuildJobQueueItem[id=17491739576694250, name=SHORTD91D0B6D0E6A204E010812505A867B04E6F8TSTEXC-BASE, buildAgent=BuildAgentDTO[name=artemis-build-agent-test, memberAddress=[127.0.0.1]:5703, displayName=artemis-build-agent-test], participationId=1749, courseId=873, exerciseId=2448, retryCount=0, priority=2, status=null, repositoryInfo=RepositoryInfo[repositoryName=shortd91d0b6d0e6a204e010812505a867b04e6f8tstexc-exercise, repositoryType=exercise, triggeredByPushTo=exercise, assignmentRepositoryUri=, testRepositoryUri=, solutionRepositoryUri=, auxiliaryRepositoryUris=null, auxiliaryRepositoryCheckoutDirectories=null], jobTimingInfo=JobTimingInfo[submissionDate=2025-02-14T23:44:54.250218388Z[Etc/UTC], buildStartDate=2025-02-14T23:44:54.565325579Z[Etc/UTC], buildCompletionDate=null, estimatedCompletionDate=2025-02-14T23:45:13.565320309Z[Etc/UTC], estimatedDuration=19], buildConfig=BuildConfig[buildScript=, dockerImage=, commitHashToBuild=null, assignmentCommitHash=, testCommitHash=, branch=, programmingLanguage=null, projectType=null, scaEnabled=false, sequentialTestRunsEnabled=false, resultPaths=null, timeoutSeconds=0, assignmentCheckoutPath=, testCheckoutPath=, solutionCheckoutPath=, dockerRunConfig=null], submissionResult=null]]
    23:44:54.566 | 588 artemis-task-1   | DEBUG | d.t.c.a.a.c.c.w.GzipMessageConverter : Compressed message payload from 902 to 640 (saved 29.0% payload size)
    23:44:54.567 | 564 localvc.event-11 | DEBUG | s.l.LocalCIWebsocketMessagingService : Sending message on topic /topic/courses/873/running-jobs: [BuildJobQueueItem[id=17491739576694250, name=SHORTD91D0B6D0E6A204E010812505A867B04E6F8TSTEXC-BASE, buildAgent=BuildAgentDTO[name=artemis-build-agent-test, memberAddress=[127.0.0.1]:5703, displayName=artemis-build-agent-test], participationId=1749, courseId=873, exerciseId=2448, retryCount=0, priority=2, status=null, repositoryInfo=RepositoryInfo[repositoryName=shortd91d0b6d0e6a204e010812505a867b04e6f8tstexc-exercise, repositoryType=exercise, triggeredByPushTo=exercise, assignmentRepositoryUri=, testRepositoryUri=, solutionRepositoryUri=, auxiliaryRepositoryUris=null, auxiliaryRepositoryCheckoutDirectories=null], jobTimingInfo=JobTimingInfo[submissionDate=2025-02-14T23:44:54.250218388Z[Etc/UTC], buildStartDate=2025-02-14T23:44:54.565325579Z[Etc/UTC], buildCompletionDate=null, estimatedCompletionDate=2025-02-14T23:45:13.565320309Z[Etc/UTC], estimatedDuration=19], buildConfig=BuildConfig[buildScript=, dockerImage=, commitHashToBuild=null, assignmentCommitHash=, testCommitHash=, branch=, programmingLanguage=null, projectType=null, scaEnabled=false, sequentialTestRunsEnabled=false, resultPaths=null, timeoutSeconds=0, assignmentCheckoutPath=, testCheckoutPath=, solutionCheckoutPath=, dockerRunConfig=null], submissionResult=null]]
    23:44:54.569 | 588 artemis-task-1   | DEBUG | d.t.c.a.a.c.c.w.GzipMessageConverter : Compressed message payload from 902 to 640 (saved 29.0% payload size)
    23:44:54.570 | 566 localvc.event-13 | INFO  | a.a.b.s.SharedQueueProcessingService : Processing build job: BuildJobQueueItem[id=17491739576694250, name=SHORTD91D0B6D0E6A204E010812505A867B04E6F8TSTEXC-BASE, buildAgent=BuildAgentDTO[name=artemis-build-agent-test, memberAddress=[127.0.0.1]:5703, displayName=artemis-build-agent-test], participationId=1749, courseId=873, exerciseId=2448, retryCount=0, priority=2, status=null, repositoryInfo=RepositoryInfo[repositoryName=shortd91d0b6d0e6a204e010812505a867b04e6f8tstexc-exercise, repositoryType=exercise, triggeredByPushTo=exercise, assignmentRepositoryUri=http://localhost:49152/git/SHORTD91D0B6D0E6A204E010812505A867B04E6F8TSTEXC/shortd91d0b6d0e6a204e010812505a867b04e6f8tstexc-exercise.git, testRepositoryUri=http://nadnasidni.tum/scm/SHORTD91D0B6D0E6A204E010812505A867B04E6F8TSTEXC/SHORTD91D0B6D0E6A204E010812505A867B04E6F8TSTEXC-tests.git, solutionRepositoryUri=null, auxiliaryRepositoryUris=[Ljava.lang.String;@311e00a3, auxiliaryRepositoryCheckoutDirectories=[Ljava.lang.String;@50197950], jobTimingInfo=JobTimingInfo[submissionDate=2025-02-14T23:44:54.250218388Z[Etc/UTC], buildStartDate=2025-02-14T23:44:54.565325579Z[Etc/UTC], buildCompletionDate=null, estimatedCompletionDate=2025-02-14T23:45:13.565320309Z[Etc/UTC], estimatedDuration=19], buildConfig=BuildConfig[buildScript=#!/bin/bash
cd /var/tmp/testing-dir
mvn clean test
, dockerImage=dummy-docker-image, commitHashToBuild=null, assignmentCommitHash=9b3a9bd71a0d80e5bbc42204c319ed3d1d4f0d6d, testCommitHash=9b3a9bd71a0d80e5bbc42204c319ed3d1d4f0d6d, branch=main, programmingLanguage=JAVA, projectType=PLAIN_MAVEN, scaEnabled=false, sequentialTestRunsEnabled=false, resultPaths=[/var/tmp/testing-dir/**/target/surefire-reports/*.xml], timeoutSeconds=0, assignmentCheckoutPath=null, testCheckoutPath=null, solutionCheckoutPath=null, dockerRunConfig=null], submissionResult=null]
    23:44:54.570 | 081 local-ci-build-0 | DEBUG | t.c.a.a.b.s.BuildJobExecutionService : ~~~~~~~~~~~~~~~~~~~~ Start Build Job 17491739576694250 ~~~~~~~~~~~~~~~~~~~~
    23:44:54.570 | 081 local-ci-build-0 | INFO  | .t.c.a.a.b.s.BuildAgentDockerService : ~~~~~~~~~~~~~~~~~~~~ Inspecting docker image dummy-docker-image ~~~~~~~~~~~~~~~~~~~~
    23:44:54.570 | 081 local-ci-build-0 | ERROR | .t.c.a.a.b.s.BuildAgentDockerService : Docker image dummy-docker-image is not compatible with the current architecture. Needed 'linux/amd64', but got 'null'
    23:44:54.572 | 566 localvc.event-13 | ERROR | .c.a.a.b.s.BuildJobManagementService : Error while executing build job 17491739576694250: de.tum.cit.aet.artemis.core.exception.LocalCIException: Could not pull Docker image dummy-docker-image
java.util.concurrent.ExecutionException: de.tum.cit.aet.artemis.core.exception.LocalCIException: Could not pull Docker image dummy-docker-image
	at java.base/java.util.concurrent.FutureTask.report(FutureTask.java:122)
	at java.base/java.util.concurrent.FutureTask.get(FutureTask.java:205)
	at de.tum.cit.aet.artemis.buildagent.service.BuildJobManagementService.lambda$executeBuildJob$2(BuildJobManagementService.java:165)
	at de.tum.cit.aet.artemis.buildagent.service.BuildJobManagementService.createCompletableFuture(BuildJobManagementService.java:236)
	at de.tum.cit.aet.artemis.buildagent.service.BuildJobManagementService.executeBuildJob(BuildJobManagementService.java:163)
	at de.tum.cit.aet.artemis.buildagent.service.SharedQueueProcessingService.processBuild(SharedQueueProcessingService.java:413)
	at de.tum.cit.aet.artemis.buildagent.service.SharedQueueProcessingService.checkAvailabilityAndProcessNextBuild(SharedQueueProcessingService.java:269)
	at de.tum.cit.aet.artemis.buildagent.service.SharedQueueProcessingService.lambda$processBuild$5(SharedQueueProcessingService.java:480)
	at java.base/java.util.concurrent.CompletableFuture.uniExceptionally(CompletableFuture.java:990)
	at java.base/java.util.concurrent.CompletableFuture.uniExceptionallyStage(CompletableFuture.java:1008)
	at java.base/java.util.concurrent.CompletableFuture.exceptionally(CompletableFuture.java:2396)
	at de.tum.cit.aet.artemis.buildagent.service.SharedQueueProcessingService.processBuild(SharedQueueProcessingService.java:444)
	at de.tum.cit.aet.artemis.buildagent.service.SharedQueueProcessingService.checkAvailabilityAndProcessNextBuild(SharedQueueProcessingService.java:269)
	at de.tum.cit.aet.artemis.buildagent.service.SharedQueueProcessingService.lambda$processBuild$5(SharedQueueProcessingService.java:480)
	at java.base/java.util.concurrent.CompletableFuture.uniExceptionally(CompletableFuture.java:990)
	at java.base/java.util.concurrent.CompletableFuture.uniExceptionallyStage(CompletableFuture.java:1008)
	at java.base/java.util.concurrent.CompletableFuture.exceptionally(CompletableFuture.java:2396)
	at de.tum.cit.aet.artemis.buildagent.service.SharedQueueProcessingService.processBuild(SharedQueueProcessingService.java:444)
	at de.tum.cit.aet.artemis.buildagent.service.SharedQueueProcessingService.checkAvailabilityAndProcessNextBuild(SharedQueueProcessingService.java:269)
	at de.tum.cit.aet.artemis.buildagent.service.SharedQueueProcessingService.lambda$processBuild$5(SharedQueueProcessingService.java:480)
	at java.base/java.util.concurrent.CompletableFuture.uniExceptionally(CompletableFuture.java:990)
	at java.base/java.util.concurrent.CompletableFuture.uniExceptionallyStage(CompletableFuture.java:1008)
	at java.base/java.util.concurrent.CompletableFuture.exceptionally(CompletableFuture.java:2396)
	at de.tum.cit.aet.artemis.buildagent.service.SharedQueueProcessingService.processBuild(SharedQueueProcessingService.java:444)
	at de.tum.cit.aet.artemis.buildagent.service.SharedQueueProcessingService.checkAvailabilityAndProcessNextBuild(SharedQueueProcessingService.java:269)
	at de.tum.cit.aet.artemis.buildagent.service.SharedQueueProcessingService.lambda$processBuild$5(SharedQueueProcessingService.java:480)
	at java.base/java.util.concurrent.CompletableFuture.uniExceptionally(CompletableFuture.java:990)
	at java.base/java.util.concurrent.CompletableFuture.uniExceptionallyStage(CompletableFuture.java:1008)
	at java.base/java.util.concurrent.CompletableFuture.exceptionally(CompletableFuture.java:2396)
	at de.tum.cit.aet.artemis.buildagent.service.SharedQueueProcessingService.processBuild(SharedQueueProcessingService.java:444)
	at de.tum.cit.aet.artemis.buildagent.service.SharedQueueProcessingService.checkAvailabilityAndProcessNextBuild(SharedQueueProcessingService.java:269)
	at de.tum.cit.aet.artemis.buildagent.service.SharedQueueProcessingService.lambda$processBuild$5(SharedQueueProcessingService.java:480)
	at java.base/java.util.concurrent.CompletableFuture.uniExceptionally(CompletableFuture.java:990)
	at java.base/java.util.concurrent.CompletableFuture.uniExceptionallyStage(CompletableFuture.java:1008)
	at java.base/java.util.concurrent.CompletableFuture.exceptionally(CompletableFuture.java:2396)
	at de.tum.cit.aet.artemis.buildagent.service.SharedQueueProcessingService.processBuild(SharedQueueProcessingService.java:444)
	at de.tum.cit.aet.artemis.buildagent.service.SharedQueueProcessingService.checkAvailabilityAndProcessNextBuild(SharedQueueProcessingService.java:269)
	at de.tum.cit.aet.artemis.buildagent.service.SharedQueueProcessingService$QueuedBuildJobItemListener.itemAdded(SharedQueueProcessingService.java:594)
	at com.hazelcast.collection.impl.queue.QueueService.lambda$dispatchEvent$1(QueueService.java:277)
	at com.hazelcast.internal.namespace.impl.NoOpUserCodeNamespaceService.runWithNamespace(NoOpUserCodeNamespaceService.java:82)
	at com.hazelcast.internal.namespace.NamespaceUtil.runWithNamespace(NamespaceUtil.java:106)
	at com.hazelcast.collection.impl.queue.QueueService.dispatchEvent(QueueService.java:275)
	at com.hazelcast.collection.impl.queue.QueueService.dispatchEvent(QueueService.java:98)
	at com.hazelcast.spi.impl.eventservice.impl.LocalEventDispatcher.run(LocalEventDispatcher.java:64)
	at com.hazelcast.internal.util.executor.StripedExecutor$Worker.process(StripedExecutor.java:244)
	at com.hazelcast.internal.util.executor.StripedExecutor$Worker.run(StripedExecutor.java:227)
Caused by: de.tum.cit.aet.artemis.core.exception.LocalCIException: Could not pull Docker image dummy-docker-image
	at de.tum.cit.aet.artemis.buildagent.service.BuildJobExecutionService.runBuildJob(BuildJobExecutionService.java:157)
	at java.base/jdk.internal.reflect.DirectMethodHandleAccessor.invoke(DirectMethodHandleAccessor.java:103)
	at java.base/java.lang.reflect.Method.invoke(Method.java:580)
	at org.springframework.aop.support.AopUtils.invokeJoinpointUsingReflection(AopUtils.java:359)
	at org.springframework.aop.framework.CglibAopProxy$DynamicAdvisedInterceptor.intercept(CglibAopProxy.java:723)
	at de.tum.cit.aet.artemis.buildagent.service.BuildJobExecutionService$$SpringCGLIB$$0.runBuildJob(<generated>)
	at de.tum.cit.aet.artemis.buildagent.service.BuildJobManagementService.lambda$executeBuildJob$1(BuildJobManagementService.java:129)
	at java.base/java.util.concurrent.FutureTask.run(FutureTask.java:317)
	at java.base/java.util.concurrent.ThreadPoolExecutor.runWorker(ThreadPoolExecutor.java:1144)
	at java.base/java.util.concurrent.ThreadPoolExecutor$Worker.run(ThreadPoolExecutor.java:642)
	at java.base/java.lang.Thread.run(Thread.java:1583)
Caused by: de.tum.cit.aet.artemis.core.exception.LocalCIException: Docker image dummy-docker-image is not compatible with the current architecture. Needed 'linux/amd64', but got 'null'
	at de.tum.cit.aet.artemis.buildagent.service.BuildAgentDockerService.checkImageArchitecture(BuildAgentDockerService.java:291)
	at de.tum.cit.aet.artemis.buildagent.service.BuildAgentDockerService.pullDockerImage(BuildAgentDockerService.java:223)
	at de.tum.cit.aet.artemis.buildagent.service.BuildJobExecutionService.runBuildJob(BuildJobExecutionService.java:152)
	... 10 common frames omitted
    23:44:54.572 | 566 localvc.event-13 | INFO  | .c.a.a.b.s.BuildJobManagementService : Getting ID of running container local-ci-17491739576694250
    23:44:54.572 | 566 localvc.event-13 | INFO  | .c.a.a.b.s.BuildJobManagementService : Stopping unresponsive container with ID null
    23:44:54.572 | 566 localvc.event-13 | DEBUG | a.a.b.s.SharedQueueProcessingService : Build job completed with exception: BuildJobQueueItem[id=17491739576694250, name=SHORTD91D0B6D0E6A204E010812505A867B04E6F8TSTEXC-BASE, buildAgent=BuildAgentDTO[name=artemis-build-agent-test, memberAddress=[127.0.0.1]:5703, displayName=artemis-build-agent-test], participationId=1749, courseId=873, exerciseId=2448, retryCount=0, priority=2, status=null, repositoryInfo=RepositoryInfo[repositoryName=shortd91d0b6d0e6a204e010812505a867b04e6f8tstexc-exercise, repositoryType=exercise, triggeredByPushTo=exercise, assignmentRepositoryUri=http://localhost:49152/git/SHORTD91D0B6D0E6A204E010812505A867B04E6F8TSTEXC/shortd91d0b6d0e6a204e010812505a867b04e6f8tstexc-exercise.git, testRepositoryUri=http://nadnasidni.tum/scm/SHORTD91D0B6D0E6A204E010812505A867B04E6F8TSTEXC/SHORTD91D0B6D0E6A204E010812505A867B04E6F8TSTEXC-tests.git, solutionRepositoryUri=null, auxiliaryRepositoryUris=[Ljava.lang.String;@311e00a3, auxiliaryRepositoryCheckoutDirectories=[Ljava.lang.String;@50197950], jobTimingInfo=JobTimingInfo[submissionDate=2025-02-14T23:44:54.250218388Z[Etc/UTC], buildStartDate=2025-02-14T23:44:54.565325579Z[Etc/UTC], buildCompletionDate=null, estimatedCompletionDate=2025-02-14T23:45:13.565320309Z[Etc/UTC], estimatedDuration=19], buildConfig=BuildConfig[buildScript=#!/bin/bash
cd /var/tmp/testing-dir
mvn clean test
, dockerImage=dummy-docker-image, commitHashToBuild=null, assignmentCommitHash=9b3a9bd71a0d80e5bbc42204c319ed3d1d4f0d6d, testCommitHash=9b3a9bd71a0d80e5bbc42204c319ed3d1d4f0d6d, branch=main, programmingLanguage=JAVA, projectType=PLAIN_MAVEN, scaEnabled=false, sequentialTestRunsEnabled=false, resultPaths=[/var/tmp/testing-dir/**/target/surefire-reports/*.xml], timeoutSeconds=0, assignmentCheckoutPath=null, testCheckoutPath=null, solutionCheckoutPath=null, dockerRunConfig=null], submissionResult=null]
java.util.concurrent.CompletionException: java.util.concurrent.ExecutionException: de.tum.cit.aet.artemis.core.exception.LocalCIException: Could not pull Docker image dummy-docker-image
	at de.tum.cit.aet.artemis.buildagent.service.BuildJobManagementService.lambda$executeBuildJob$2(BuildJobManagementService.java:188)
	at de.tum.cit.aet.artemis.buildagent.service.BuildJobManagementService.createCompletableFuture(BuildJobManagementService.java:236)
	at de.tum.cit.aet.artemis.buildagent.service.BuildJobManagementService.executeBuildJob(BuildJobManagementService.java:163)
	at de.tum.cit.aet.artemis.buildagent.service.SharedQueueProcessingService.processBuild(SharedQueueProcessingService.java:413)
	at de.tum.cit.aet.artemis.buildagent.service.SharedQueueProcessingService.checkAvailabilityAndProcessNextBuild(SharedQueueProcessingService.java:269)
	at de.tum.cit.aet.artemis.buildagent.service.SharedQueueProcessingService.lambda$processBuild$5(SharedQueueProcessingService.java:480)
	at java.base/java.util.concurrent.CompletableFuture.uniExceptionally(CompletableFuture.java:990)
	at java.base/java.util.concurrent.CompletableFuture.uniExceptionallyStage(CompletableFuture.java:1008)
	at java.base/java.util.concurrent.CompletableFuture.exceptionally(CompletableFuture.java:2396)
	at de.tum.cit.aet.artemis.buildagent.service.SharedQueueProcessingService.processBuild(SharedQueueProcessingService.java:444)
	at de.tum.cit.aet.artemis.buildagent.service.SharedQueueProcessingService.checkAvailabilityAndProcessNextBuild(SharedQueueProcessingService.java:269)
	at de.tum.cit.aet.artemis.buildagent.service.SharedQueueProcessingService.lambda$processBuild$5(SharedQueueProcessingService.java:480)
	at java.base/java.util.concurrent.CompletableFuture.uniExceptionally(CompletableFuture.java:990)
	at java.base/java.util.concurrent.CompletableFuture.uniExceptionallyStage(CompletableFuture.java:1008)
	at java.base/java.util.concurrent.CompletableFuture.exceptionally(CompletableFuture.java:2396)
	at de.tum.cit.aet.artemis.buildagent.service.SharedQueueProcessingService.processBuild(SharedQueueProcessingService.java:444)
	at de.tum.cit.aet.artemis.buildagent.service.SharedQueueProcessingService.checkAvailabilityAndProcessNextBuild(SharedQueueProcessingService.java:269)
	at de.tum.cit.aet.artemis.buildagent.service.SharedQueueProcessingService.lambda$processBuild$5(SharedQueueProcessingService.java:480)
	at java.base/java.util.concurrent.CompletableFuture.uniExceptionally(CompletableFuture.java:990)
	at java.base/java.util.concurrent.CompletableFuture.uniExceptionallyStage(CompletableFuture.java:1008)
	at java.base/java.util.concurrent.CompletableFuture.exceptionally(CompletableFuture.java:2396)
	at de.tum.cit.aet.artemis.buildagent.service.SharedQueueProcessingService.processBuild(SharedQueueProcessingService.java:444)
	at de.tum.cit.aet.artemis.buildagent.service.SharedQueueProcessingService.checkAvailabilityAndProcessNextBuild(SharedQueueProcessingService.java:269)
	at de.tum.cit.aet.artemis.buildagent.service.SharedQueueProcessingService.lambda$processBuild$5(SharedQueueProcessingService.java:480)
	at java.base/java.util.concurrent.CompletableFuture.uniExceptionally(CompletableFuture.java:990)
	at java.base/java.util.concurrent.CompletableFuture.uniExceptionallyStage(CompletableFuture.java:1008)
	at java.base/java.util.concurrent.CompletableFuture.exceptionally(CompletableFuture.java:2396)
	at de.tum.cit.aet.artemis.buildagent.service.SharedQueueProcessingService.processBuild(SharedQueueProcessingService.java:444)
	at de.tum.cit.aet.artemis.buildagent.service.SharedQueueProcessingService.checkAvailabilityAndProcessNextBuild(SharedQueueProcessingService.java:269)
	at de.tum.cit.aet.artemis.buildagent.service.SharedQueueProcessingService.lambda$processBuild$5(SharedQueueProcessingService.java:480)
	at java.base/java.util.concurrent.CompletableFuture.uniExceptionally(CompletableFuture.java:990)
	at java.base/java.util.concurrent.CompletableFuture.uniExceptionallyStage(CompletableFuture.java:1008)
	at java.base/java.util.concurrent.CompletableFuture.exceptionally(CompletableFuture.java:2396)
	at de.tum.cit.aet.artemis.buildagent.service.SharedQueueProcessingService.processBuild(SharedQueueProcessingService.java:444)
	at de.tum.cit.aet.artemis.buildagent.service.SharedQueueProcessingService.checkAvailabilityAndProcessNextBuild(SharedQueueProcessingService.java:269)
	at de.tum.cit.aet.artemis.buildagent.service.SharedQueueProcessingService$QueuedBuildJobItemListener.itemAdded(SharedQueueProcessingService.java:594)
	at com.hazelcast.collection.impl.queue.QueueService.lambda$dispatchEvent$1(QueueService.java:277)
	at com.hazelcast.internal.namespace.impl.NoOpUserCodeNamespaceService.runWithNamespace(NoOpUserCodeNamespaceService.java:82)
	at com.hazelcast.internal.namespace.NamespaceUtil.runWithNamespace(NamespaceUtil.java:106)
	at com.hazelcast.collection.impl.queue.QueueService.dispatchEvent(QueueService.java:275)
	at com.hazelcast.collection.impl.queue.QueueService.dispatchEvent(QueueService.java:98)
	at com.hazelcast.spi.impl.eventservice.impl.LocalEventDispatcher.run(LocalEventDispatcher.java:64)
	at com.hazelcast.internal.util.executor.StripedExecutor$Worker.process(StripedExecutor.java:244)
	at com.hazelcast.internal.util.executor.StripedExecutor$Worker.run(StripedExecutor.java:227)
Caused by: java.util.concurrent.ExecutionException: de.tum.cit.aet.artemis.core.exception.LocalCIException: Could not pull Docker image dummy-docker-image
	at java.base/java.util.concurrent.FutureTask.report(FutureTask.java:122)
	at java.base/java.util.concurrent.FutureTask.get(FutureTask.java:205)
	at de.tum.cit.aet.artemis.buildagent.service.BuildJobManagementService.lambda$executeBuildJob$2(BuildJobManagementService.java:165)
	... 43 common frames omitted
Caused by: de.tum.cit.aet.artemis.core.exception.LocalCIException: Could not pull Docker image dummy-docker-image
	at de.tum.cit.aet.artemis.buildagent.service.BuildJobExecutionService.runBuildJob(BuildJobExecutionService.java:157)
	at java.base/jdk.internal.reflect.DirectMethodHandleAccessor.invoke(DirectMethodHandleAccessor.java:103)
	at java.base/java.lang.reflect.Method.invoke(Method.java:580)
	at org.springframework.aop.support.AopUtils.invokeJoinpointUsingReflection(AopUtils.java:359)
	at org.springframework.aop.framework.CglibAopProxy$DynamicAdvisedInterceptor.intercept(CglibAopProxy.java:723)
	at de.tum.cit.aet.artemis.buildagent.service.BuildJobExecutionService$$SpringCGLIB$$0.runBuildJob(<generated>)
	at de.tum.cit.aet.artemis.buildagent.service.BuildJobManagementService.lambda$executeBuildJob$1(BuildJobManagementService.java:129)
	at java.base/java.util.concurrent.FutureTask.run(FutureTask.java:317)
	at java.base/java.util.concurrent.ThreadPoolExecutor.runWorker(ThreadPoolExecutor.java:1144)
	at java.base/java.util.concurrent.ThreadPoolExecutor$Worker.run(ThreadPoolExecutor.java:642)
	at java.base/java.lang.Thread.run(Thread.java:1583)
Caused by: de.tum.cit.aet.artemis.core.exception.LocalCIException: Docker image dummy-docker-image is not compatible with the current architecture. Needed 'linux/amd64', but got 'null'
	at de.tum.cit.aet.artemis.buildagent.service.BuildAgentDockerService.checkImageArchitecture(BuildAgentDockerService.java:291)
	at de.tum.cit.aet.artemis.buildagent.service.BuildAgentDockerService.pullDockerImage(BuildAgentDockerService.java:223)
	at de.tum.cit.aet.artemis.buildagent.service.BuildJobExecutionService.runBuildJob(BuildJobExecutionService.java:152)
	... 10 common frames omitted
    23:44:54.572 | 566 localvc.event-13 | ERROR | a.a.b.s.SharedQueueProcessingService : Error while processing build job: BuildJobQueueItem[id=17491739576694250, name=SHORTD91D0B6D0E6A204E010812505A867B04E6F8TSTEXC-BASE, buildAgent=BuildAgentDTO[name=artemis-build-agent-test, memberAddress=[127.0.0.1]:5703, displayName=artemis-build-agent-test], participationId=1749, courseId=873, exerciseId=2448, retryCount=0, priority=2, status=null, repositoryInfo=RepositoryInfo[repositoryName=shortd91d0b6d0e6a204e010812505a867b04e6f8tstexc-exercise, repositoryType=exercise, triggeredByPushTo=exercise, assignmentRepositoryUri=http://localhost:49152/git/SHORTD91D0B6D0E6A204E010812505A867B04E6F8TSTEXC/shortd91d0b6d0e6a204e010812505a867b04e6f8tstexc-exercise.git, testRepositoryUri=http://nadnasidni.tum/scm/SHORTD91D0B6D0E6A204E010812505A867B04E6F8TSTEXC/SHORTD91D0B6D0E6A204E010812505A867B04E6F8TSTEXC-tests.git, solutionRepositoryUri=null, auxiliaryRepositoryUris=[Ljava.lang.String;@311e00a3, auxiliaryRepositoryCheckoutDirectories=[Ljava.lang.String;@50197950], jobTimingInfo=JobTimingInfo[submissionDate=2025-02-14T23:44:54.250218388Z[Etc/UTC], buildStartDate=2025-02-14T23:44:54.565325579Z[Etc/UTC], buildCompletionDate=null, estimatedCompletionDate=2025-02-14T23:45:13.565320309Z[Etc/UTC], estimatedDuration=19], buildConfig=BuildConfig[buildScript=#!/bin/bash
cd /var/tmp/testing-dir
mvn clean test
, dockerImage=dummy-docker-image, commitHashToBuild=null, assignmentCommitHash=9b3a9bd71a0d80e5bbc42204c319ed3d1d4f0d6d, testCommitHash=9b3a9bd71a0d80e5bbc42204c319ed3d1d4f0d6d, branch=main, programmingLanguage=JAVA, projectType=PLAIN_MAVEN, scaEnabled=false, sequentialTestRunsEnabled=false, resultPaths=[/var/tmp/testing-dir/**/target/surefire-reports/*.xml], timeoutSeconds=0, assignmentCheckoutPath=null, testCheckoutPath=null, solutionCheckoutPath=null, dockerRunConfig=null], submissionResult=null]
java.util.concurrent.CompletionException: java.util.concurrent.ExecutionException: de.tum.cit.aet.artemis.core.exception.LocalCIException: Could not pull Docker image dummy-docker-image
	at de.tum.cit.aet.artemis.buildagent.service.BuildJobManagementService.lambda$executeBuildJob$2(BuildJobManagementService.java:188)
	at de.tum.cit.aet.artemis.buildagent.service.BuildJobManagementService.createCompletableFuture(BuildJobManagementService.java:236)
	at de.tum.cit.aet.artemis.buildagent.service.BuildJobManagementService.executeBuildJob(BuildJobManagementService.java:163)
	at de.tum.cit.aet.artemis.buildagent.service.SharedQueueProcessingService.processBuild(SharedQueueProcessingService.java:413)
	at de.tum.cit.aet.artemis.buildagent.service.SharedQueueProcessingService.checkAvailabilityAndProcessNextBuild(SharedQueueProcessingService.java:269)
	at de.tum.cit.aet.artemis.buildagent.service.SharedQueueProcessingService.lambda$processBuild$5(SharedQueueProcessingService.java:480)
	at java.base/java.util.concurrent.CompletableFuture.uniExceptionally(CompletableFuture.java:990)
	at java.base/java.util.concurrent.CompletableFuture.uniExceptionallyStage(CompletableFuture.java:1008)
	at java.base/java.util.concurrent.CompletableFuture.exceptionally(CompletableFuture.java:2396)
	at de.tum.cit.aet.artemis.buildagent.service.SharedQueueProcessingService.processBuild(SharedQueueProcessingService.java:444)
	at de.tum.cit.aet.artemis.buildagent.service.SharedQueueProcessingService.checkAvailabilityAndProcessNextBuild(SharedQueueProcessingService.java:269)
	at de.tum.cit.aet.artemis.buildagent.service.SharedQueueProcessingService.lambda$processBuild$5(SharedQueueProcessingService.java:480)
	at java.base/java.util.concurrent.CompletableFuture.uniExceptionally(CompletableFuture.java:990)
	at java.base/java.util.concurrent.CompletableFuture.uniExceptionallyStage(CompletableFuture.java:1008)
	at java.base/java.util.concurrent.CompletableFuture.exceptionally(CompletableFuture.java:2396)
	at de.tum.cit.aet.artemis.buildagent.service.SharedQueueProcessingService.processBuild(SharedQueueProcessingService.java:444)
	at de.tum.cit.aet.artemis.buildagent.service.SharedQueueProcessingService.checkAvailabilityAndProcessNextBuild(SharedQueueProcessingService.java:269)
	at de.tum.cit.aet.artemis.buildagent.service.SharedQueueProcessingService.lambda$processBuild$5(SharedQueueProcessingService.java:480)
	at java.base/java.util.concurrent.CompletableFuture.uniExceptionally(CompletableFuture.java:990)
	at java.base/java.util.concurrent.CompletableFuture.uniExceptionallyStage(CompletableFuture.java:1008)
	at java.base/java.util.concurrent.CompletableFuture.exceptionally(CompletableFuture.java:2396)
	at de.tum.cit.aet.artemis.buildagent.service.SharedQueueProcessingService.processBuild(SharedQueueProcessingService.java:444)
	at de.tum.cit.aet.artemis.buildagent.service.SharedQueueProcessingService.checkAvailabilityAndProcessNextBuild(SharedQueueProcessingService.java:269)
	at de.tum.cit.aet.artemis.buildagent.service.SharedQueueProcessingService.lambda$processBuild$5(SharedQueueProcessingService.java:480)
	at java.base/java.util.concurrent.CompletableFuture.uniExceptionally(CompletableFuture.java:990)
	at java.base/java.util.concurrent.CompletableFuture.uniExceptionallyStage(CompletableFuture.java:1008)
	at java.base/java.util.concurrent.CompletableFuture.exceptionally(CompletableFuture.java:2396)
	at de.tum.cit.aet.artemis.buildagent.service.SharedQueueProcessingService.processBuild(SharedQueueProcessingService.java:444)
	at de.tum.cit.aet.artemis.buildagent.service.SharedQueueProcessingService.checkAvailabilityAndProcessNextBuild(SharedQueueProcessingService.java:269)
	at de.tum.cit.aet.artemis.buildagent.service.SharedQueueProcessingService.lambda$processBuild$5(SharedQueueProcessingService.java:480)
	at java.base/java.util.concurrent.CompletableFuture.uniExceptionally(CompletableFuture.java:990)
	at java.base/java.util.concurrent.CompletableFuture.uniExceptionallyStage(CompletableFuture.java:1008)
	at java.base/java.util.concurrent.CompletableFuture.exceptionally(CompletableFuture.java:2396)
	at de.tum.cit.aet.artemis.buildagent.service.SharedQueueProcessingService.processBuild(SharedQueueProcessingService.java:444)
	at de.tum.cit.aet.artemis.buildagent.service.SharedQueueProcessingService.checkAvailabilityAndProcessNextBuild(SharedQueueProcessingService.java:269)
	at de.tum.cit.aet.artemis.buildagent.service.SharedQueueProcessingService$QueuedBuildJobItemListener.itemAdded(SharedQueueProcessingService.java:594)
	at com.hazelcast.collection.impl.queue.QueueService.lambda$dispatchEvent$1(QueueService.java:277)
	at com.hazelcast.internal.namespace.impl.NoOpUserCodeNamespaceService.runWithNamespace(NoOpUserCodeNamespaceService.java:82)
	at com.hazelcast.internal.namespace.NamespaceUtil.runWithNamespace(NamespaceUtil.java:106)
	at com.hazelcast.collection.impl.queue.QueueService.dispatchEvent(QueueService.java:275)
	at com.hazelcast.collection.impl.queue.QueueService.dispatchEvent(QueueService.java:98)
	at com.hazelcast.spi.impl.eventservice.impl.LocalEventDispatcher.run(LocalEventDispatcher.java:64)
	at com.hazelcast.internal.util.executor.StripedExecutor$Worker.process(StripedExecutor.java:244)
	at com.hazelcast.internal.util.executor.StripedExecutor$Worker.run(StripedExecutor.java:227)
Caused by: java.util.concurrent.ExecutionException: de.tum.cit.aet.artemis.core.exception.LocalCIException: Could not pull Docker image dummy-docker-image
	at java.base/java.util.concurrent.FutureTask.report(FutureTask.java:122)
	at java.base/java.util.concurrent.FutureTask.get(FutureTask.java:205)
	at de.tum.cit.aet.artemis.buildagent.service.BuildJobManagementService.lambda$executeBuildJob$2(BuildJobManagementService.java:165)
	... 43 common frames omitted
Caused by: de.tum.cit.aet.artemis.core.exception.LocalCIException: Could not pull Docker image dummy-docker-image
	at de.tum.cit.aet.artemis.buildagent.service.BuildJobExecutionService.runBuildJob(BuildJobExecutionService.java:157)
	at java.base/jdk.internal.reflect.DirectMethodHandleAccessor.invoke(DirectMethodHandleAccessor.java:103)
	at java.base/java.lang.reflect.Method.invoke(Method.java:580)
	at org.springframework.aop.support.AopUtils.invokeJoinpointUsingReflection(AopUtils.java:359)
	at org.springframework.aop.framework.CglibAopProxy$DynamicAdvisedInterceptor.intercept(CglibAopProxy.java:723)
	at de.tum.cit.aet.artemis.buildagent.service.BuildJobExecutionService$$SpringCGLIB$$0.runBuildJob(<generated>)
	at de.tum.cit.aet.artemis.buildagent.service.BuildJobManagementService.lambda$executeBuildJob$1(BuildJobManagementService.java:129)
	at java.base/java.util.concurrent.FutureTask.run(FutureTask.java:317)
	at java.base/java.util.concurrent.ThreadPoolExecutor.runWorker(ThreadPoolExecutor.java:1144)
	at java.base/java.util.concurrent.ThreadPoolExecutor$Worker.run(ThreadPoolExecutor.java:642)
	at java.base/java.lang.Thread.run(Thread.java:1583)
Caused by: de.tum.cit.aet.artemis.core.exception.LocalCIException: Docker image dummy-docker-image is not compatible with the current architecture. Needed 'linux/amd64', but got 'null'
	at de.tum.cit.aet.artemis.buildagent.service.BuildAgentDockerService.checkImageArchitecture(BuildAgentDockerService.java:291)
	at de.tum.cit.aet.artemis.buildagent.service.BuildAgentDockerService.pullDockerImage(BuildAgentDockerService.java:223)
	at de.tum.cit.aet.artemis.buildagent.service.BuildJobExecutionService.runBuildJob(BuildJobExecutionService.java:152)
	... 10 common frames omitted
    23:44:54.573 | 462 ool-1-worker-226 | DEBUG | d.t.c.a.a.c.u.util.UserUtilService   : 5 students generated. Generate 1 tutors...
    23:44:54.574 | 564 localvc.event-11 | DEBUG | a.p.s.l.LocalCIQueueWebsocketService : CIBuildJobQueueItem removed from processing jobs: BuildJobQueueItem[id=17491739576694250, name=SHORTD91D0B6D0E6A204E010812505A867B04E6F8TSTEXC-BASE, buildAgent=BuildAgentDTO[name=artemis-build-agent-test, memberAddress=[127.0.0.1]:5703, displayName=artemis-build-agent-test], participationId=1749, courseId=873, exerciseId=2448, retryCount=0, priority=2, status=null, repositoryInfo=RepositoryInfo[repositoryName=shortd91d0b6d0e6a204e010812505a867b04e6f8tstexc-exercise, repositoryType=exercise, triggeredByPushTo=exercise, assignmentRepositoryUri=http://localhost:49152/git/SHORTD91D0B6D0E6A204E010812505A867B04E6F8TSTEXC/shortd91d0b6d0e6a204e010812505a867b04e6f8tstexc-exercise.git, testRepositoryUri=http://nadnasidni.tum/scm/SHORTD91D0B6D0E6A204E010812505A867B04E6F8TSTEXC/SHORTD91D0B6D0E6A204E010812505A867B04E6F8TSTEXC-tests.git, solutionRepositoryUri=null, auxiliaryRepositoryUris=[Ljava.lang.String;@5fcabafd, auxiliaryRepositoryCheckoutDirectories=[Ljava.lang.String;@5e7269e4], jobTimingInfo=JobTimingInfo[submissionDate=2025-02-14T23:44:54.250218388Z[Etc/UTC], buildStartDate=2025-02-14T23:44:54.565325579Z[Etc/UTC], buildCompletionDate=null, estimatedCompletionDate=2025-02-14T23:45:13.565320309Z[Etc/UTC], estimatedDuration=19], buildConfig=BuildConfig[buildScript=#!/bin/bash
cd /var/tmp/testing-dir
mvn clean test
, dockerImage=dummy-docker-image, commitHashToBuild=null, assignmentCommitHash=9b3a9bd71a0d80e5bbc42204c319ed3d1d4f0d6d, testCommitHash=9b3a9bd71a0d80e5bbc42204c319ed3d1d4f0d6d, branch=main, programmingLanguage=JAVA, projectType=PLAIN_MAVEN, scaEnabled=false, sequentialTestRunsEnabled=false, resultPaths=[/var/tmp/testing-dir/**/target/surefire-reports/*.xml], timeoutSeconds=0, assignmentCheckoutPath=null, testCheckoutPath=null, solutionCheckoutPath=null, dockerRunConfig=null], submissionResult=null]
    23:44:54.574 | 564 localvc.event-11 | DEBUG | s.l.LocalCIWebsocketMessagingService : Sending message on topic /topic/admin/running-jobs: []
    23:44:54.574 | 564 localvc.event-11 | DEBUG | s.l.LocalCIWebsocketMessagingService : Sending message on topic /topic/courses/873/running-jobs: []
    23:44:54.578 | 462 ool-1-worker-226 | DEBUG | d.t.c.a.a.c.u.util.UserUtilService   : 1 tutors generated. Generate 0 editors...
    23:44:54.580 | 462 ool-1-worker-226 | DEBUG | d.t.c.a.a.c.u.util.UserUtilService   : 0 editors generated. Generate 1 instructors...
    23:44:54.584 | 462 ool-1-worker-226 | DEBUG | d.t.c.a.a.c.u.util.UserUtilService   : 1 instructors generated
    23:44:54.586 | 566 localvc.event-13 | DEBUG | a.a.b.s.SharedQueueProcessingService : Currently processing jobs on this node: 0, active threads in Pool: 0, maximum pool size of thread executor : 1
    23:44:54.587 | 566 localvc.event-13 | DEBUG | a.a.b.s.SharedQueueProcessingService : Currently processing jobs on this node: 0, active threads in Pool: 0, maximum pool size of thread executor : 1
    23:44:54.590 | 462 ool-1-worker-226 | DEBUG | d.t.c.a.a.c.u.util.UserUtilService   : Removing 7 users from all courses...
    23:44:54.591 | 462 ool-1-worker-226 | DEBUG | d.t.c.a.a.c.u.util.UserUtilService   : Removing 7 users from all courses. Done
    23:44:54.591 | 462 ool-1-worker-226 | DEBUG | d.t.c.a.a.c.u.util.UserUtilService   : Save 7 users to database...
    23:44:54.596 | 566 localvc.event-13 | INFO  | a.a.b.s.SharedQueueProcessingService : Processing build job: BuildJobQueueItem[id=17501739576694407, name=SHORTE1E2C8FB0925A040D30912709B8BA4309AE8TSTEXC-SOLUTION, buildAgent=BuildAgentDTO[name=artemis-build-agent-test, memberAddress=[127.0.0.1]:5703, displayName=artemis-build-agent-test], participationId=1750, courseId=874, exerciseId=2449, retryCount=0, priority=2, status=null, repositoryInfo=RepositoryInfo[repositoryName=shorte1e2c8fb0925a040d30912709b8ba4309ae8tstexc-solution, repositoryType=solution, triggeredByPushTo=solution, assignmentRepositoryUri=http://localhost:49152/git/SHORTE1E2C8FB0925A040D30912709B8BA4309AE8TSTEXC/shorte1e2c8fb0925a040d30912709b8ba4309ae8tstexc-solution.git, testRepositoryUri=http://nadnasidni.tum/scm/SHORTE1E2C8FB0925A040D30912709B8BA4309AE8TSTEXC/SHORTE1E2C8FB0925A040D30912709B8BA4309AE8TSTEXC-tests.git, solutionRepositoryUri=null, auxiliaryRepositoryUris=[Ljava.lang.String;@72489d4b, auxiliaryRepositoryCheckoutDirectories=[Ljava.lang.String;@1db089ad], jobTimingInfo=JobTimingInfo[submissionDate=2025-02-14T23:44:54.407559917Z[Etc/UTC], buildStartDate=2025-02-14T23:44:54.587426886Z[Etc/UTC], buildCompletionDate=null, estimatedCompletionDate=2025-02-14T23:45:13.587421336Z[Etc/UTC], estimatedDuration=19], buildConfig=BuildConfig[buildScript=#!/bin/bash
cd /var/tmp/testing-dir
mvn clean test
, dockerImage=dummy-docker-image, commitHashToBuild=null, assignmentCommitHash=9b3a9bd71a0d80e5bbc42204c319ed3d1d4f0d6d, testCommitHash=9b3a9bd71a0d80e5bbc42204c319ed3d1d4f0d6d, branch=main, programmingLanguage=JAVA, projectType=PLAIN_MAVEN, scaEnabled=false, sequentialTestRunsEnabled=false, resultPaths=[/var/tmp/testing-dir/**/target/surefire-reports/*.xml], timeoutSeconds=0, assignmentCheckoutPath=null, testCheckoutPath=null, solutionCheckoutPath=null, dockerRunConfig=null], submissionResult=null]
    23:44:54.596 | 081 local-ci-build-0 | DEBUG | t.c.a.a.b.s.BuildJobExecutionService : ~~~~~~~~~~~~~~~~~~~~ Start Build Job 17501739576694407 ~~~~~~~~~~~~~~~~~~~~
    23:44:54.596 | 081 local-ci-build-0 | INFO  | .t.c.a.a.b.s.BuildAgentDockerService : ~~~~~~~~~~~~~~~~~~~~ Inspecting docker image dummy-docker-image ~~~~~~~~~~~~~~~~~~~~
    23:44:54.596 | 081 local-ci-build-0 | ERROR | .t.c.a.a.b.s.BuildAgentDockerService : Docker image dummy-docker-image is not compatible with the current architecture. Needed 'linux/amd64', but got 'null'
    23:44:54.599 | 566 localvc.event-13 | ERROR | .c.a.a.b.s.BuildJobManagementService : Error while executing build job 17501739576694407: de.tum.cit.aet.artemis.core.exception.LocalCIException: Could not pull Docker image dummy-docker-image
java.util.concurrent.ExecutionException: de.tum.cit.aet.artemis.core.exception.LocalCIException: Could not pull Docker image dummy-docker-image
	at java.base/java.util.concurrent.FutureTask.report(FutureTask.java:122)
	at java.base/java.util.concurrent.FutureTask.get(FutureTask.java:205)
	at de.tum.cit.aet.artemis.buildagent.service.BuildJobManagementService.lambda$executeBuildJob$2(BuildJobManagementService.java:165)
	at de.tum.cit.aet.artemis.buildagent.service.BuildJobManagementService.createCompletableFuture(BuildJobManagementService.java:236)
	at de.tum.cit.aet.artemis.buildagent.service.BuildJobManagementService.executeBuildJob(BuildJobManagementService.java:163)
	at de.tum.cit.aet.artemis.buildagent.service.SharedQueueProcessingService.processBuild(SharedQueueProcessingService.java:413)
	at de.tum.cit.aet.artemis.buildagent.service.SharedQueueProcessingService.checkAvailabilityAndProcessNextBuild(SharedQueueProcessingService.java:269)
	at de.tum.cit.aet.artemis.buildagent.service.SharedQueueProcessingService.lambda$processBuild$5(SharedQueueProcessingService.java:480)
	at java.base/java.util.concurrent.CompletableFuture.uniExceptionally(CompletableFuture.java:990)
	at java.base/java.util.concurrent.CompletableFuture.uniExceptionallyStage(CompletableFuture.java:1008)
	at java.base/java.util.concurrent.CompletableFuture.exceptionally(CompletableFuture.java:2396)
	at de.tum.cit.aet.artemis.buildagent.service.SharedQueueProcessingService.processBuild(SharedQueueProcessingService.java:444)
	at de.tum.cit.aet.artemis.buildagent.service.SharedQueueProcessingService.checkAvailabilityAndProcessNextBuild(SharedQueueProcessingService.java:269)
	at de.tum.cit.aet.artemis.buildagent.service.SharedQueueProcessingService.lambda$processBuild$5(SharedQueueProcessingService.java:480)
	at java.base/java.util.concurrent.CompletableFuture.uniExceptionally(CompletableFuture.java:990)
	at java.base/java.util.concurrent.CompletableFuture.uniExceptionallyStage(CompletableFuture.java:1008)
	at java.base/java.util.concurrent.CompletableFuture.exceptionally(CompletableFuture.java:2396)
	at de.tum.cit.aet.artemis.buildagent.service.SharedQueueProcessingService.processBuild(SharedQueueProcessingService.java:444)
	at de.tum.cit.aet.artemis.buildagent.service.SharedQueueProcessingService.checkAvailabilityAndProcessNextBuild(SharedQueueProcessingService.java:269)
	at de.tum.cit.aet.artemis.buildagent.service.SharedQueueProcessingService.lambda$processBuild$5(SharedQueueProcessingService.java:480)
	at java.base/java.util.concurrent.CompletableFuture.uniExceptionally(CompletableFuture.java:990)
	at java.base/java.util.concurrent.CompletableFuture.uniExceptionallyStage(CompletableFuture.java:1008)
	at java.base/java.util.concurrent.CompletableFuture.exceptionally(CompletableFuture.java:2396)
	at de.tum.cit.aet.artemis.buildagent.service.SharedQueueProcessingService.processBuild(SharedQueueProcessingService.java:444)
	at de.tum.cit.aet.artemis.buildagent.service.SharedQueueProcessingService.checkAvailabilityAndProcessNextBuild(SharedQueueProcessingService.java:269)
	at de.tum.cit.aet.artemis.buildagent.service.SharedQueueProcessingService.lambda$processBuild$5(SharedQueueProcessingService.java:480)
	at java.base/java.util.concurrent.CompletableFuture.uniExceptionally(CompletableFuture.java:990)
	at java.base/java.util.concurrent.CompletableFuture.uniExceptionallyStage(CompletableFuture.java:1008)
	at java.base/java.util.concurrent.CompletableFuture.exceptionally(CompletableFuture.java:2396)
	at de.tum.cit.aet.artemis.buildagent.service.SharedQueueProcessingService.processBuild(SharedQueueProcessingService.java:444)
	at de.tum.cit.aet.artemis.buildagent.service.SharedQueueProcessingService.checkAvailabilityAndProcessNextBuild(SharedQueueProcessingService.java:269)
	at de.tum.cit.aet.artemis.buildagent.service.SharedQueueProcessingService.lambda$processBuild$5(SharedQueueProcessingService.java:480)
	at java.base/java.util.concurrent.CompletableFuture.uniExceptionally(CompletableFuture.java:990)
	at java.base/java.util.concurrent.CompletableFuture.uniExceptionallyStage(CompletableFuture.java:1008)
	at java.base/java.util.concurrent.CompletableFuture.exceptionally(CompletableFuture.java:2396)
	at de.tum.cit.aet.artemis.buildagent.service.SharedQueueProcessingService.processBuild(SharedQueueProcessingService.java:444)
	at de.tum.cit.aet.artemis.buildagent.service.SharedQueueProcessingService.checkAvailabilityAndProcessNextBuild(SharedQueueProcessingService.java:269)
	at de.tum.cit.aet.artemis.buildagent.service.SharedQueueProcessingService.lambda$processBuild$5(SharedQueueProcessingService.java:480)
	at java.base/java.util.concurrent.CompletableFuture.uniExceptionally(CompletableFuture.java:990)
	at java.base/java.util.concurrent.CompletableFuture.uniExceptionallyStage(CompletableFuture.java:1008)
	at java.base/java.util.concurrent.CompletableFuture.exceptionally(CompletableFuture.java:2396)
	at de.tum.cit.aet.artemis.buildagent.service.SharedQueueProcessingService.processBuild(SharedQueueProcessingService.java:444)
	at de.tum.cit.aet.artemis.buildagent.service.SharedQueueProcessingService.checkAvailabilityAndProcessNextBuild(SharedQueueProcessingService.java:269)
	at de.tum.cit.aet.artemis.buildagent.service.SharedQueueProcessingService$QueuedBuildJobItemListener.itemAdded(SharedQueueProcessingService.java:594)
	at com.hazelcast.collection.impl.queue.QueueService.lambda$dispatchEvent$1(QueueService.java:277)
	at com.hazelcast.internal.namespace.impl.NoOpUserCodeNamespaceService.runWithNamespace(NoOpUserCodeNamespaceService.java:82)
	at com.hazelcast.internal.namespace.NamespaceUtil.runWithNamespace(NamespaceUtil.java:106)
	at com.hazelcast.collection.impl.queue.QueueService.dispatchEvent(QueueService.java:275)
	at com.hazelcast.collection.impl.queue.QueueService.dispatchEvent(QueueService.java:98)
	at com.hazelcast.spi.impl.eventservice.impl.LocalEventDispatcher.run(LocalEventDispatcher.java:64)
	at com.hazelcast.internal.util.executor.StripedExecutor$Worker.process(StripedExecutor.java:244)
	at com.hazelcast.internal.util.executor.StripedExecutor$Worker.run(StripedExecutor.java:227)
Caused by: de.tum.cit.aet.artemis.core.exception.LocalCIException: Could not pull Docker image dummy-docker-image
	at de.tum.cit.aet.artemis.buildagent.service.BuildJobExecutionService.runBuildJob(BuildJobExecutionService.java:157)
	at java.base/jdk.internal.reflect.DirectMethodHandleAccessor.invoke(DirectMethodHandleAccessor.java:103)
	at java.base/java.lang.reflect.Method.invoke(Method.java:580)
	at org.springframework.aop.support.AopUtils.invokeJoinpointUsingReflection(AopUtils.java:359)
	at org.springframework.aop.framework.CglibAopProxy$DynamicAdvisedInterceptor.intercept(CglibAopProxy.java:723)
	at de.tum.cit.aet.artemis.buildagent.service.BuildJobExecutionService$$SpringCGLIB$$0.runBuildJob(<generated>)
	at de.tum.cit.aet.artemis.buildagent.service.BuildJobManagementService.lambda$executeBuildJob$1(BuildJobManagementService.java:129)
	at java.base/java.util.concurrent.FutureTask.run(FutureTask.java:317)
	at java.base/java.util.concurrent.ThreadPoolExecutor.runWorker(ThreadPoolExecutor.java:1144)
	at java.base/java.util.concurrent.ThreadPoolExecutor$Worker.run(ThreadPoolExecutor.java:642)
	at java.base/java.lang.Thread.run(Thread.java:1583)
Caused by: de.tum.cit.aet.artemis.core.exception.LocalCIException: Docker image dummy-docker-image is not compatible with the current architecture. Needed 'linux/amd64', but got 'null'
	at de.tum.cit.aet.artemis.buildagent.service.BuildAgentDockerService.checkImageArchitecture(BuildAgentDockerService.java:291)
	at de.tum.cit.aet.artemis.buildagent.service.BuildAgentDockerService.pullDockerImage(BuildAgentDockerService.java:223)
	at de.tum.cit.aet.artemis.buildagent.service.BuildJobExecutionService.runBuildJob(BuildJobExecutionService.java:152)
	... 10 common frames omitted
    23:44:54.599 | 566 localvc.event-13 | INFO  | .c.a.a.b.s.BuildJobManagementService : Getting ID of running container local-ci-17501739576694407
    23:44:54.599 | 566 localvc.event-13 | INFO  | .c.a.a.b.s.BuildJobManagementService : Stopping unresponsive container with ID null
    23:44:54.599 | 566 localvc.event-13 | DEBUG | a.a.b.s.SharedQueueProcessingService : Build job completed with exception: BuildJobQueueItem[id=17501739576694407, name=SHORTE1E2C8FB0925A040D30912709B8BA4309AE8TSTEXC-SOLUTION, buildAgent=BuildAgentDTO[name=artemis-build-agent-test, memberAddress=[127.0.0.1]:5703, displayName=artemis-build-agent-test], participationId=1750, courseId=874, exerciseId=2449, retryCount=0, priority=2, status=null, repositoryInfo=RepositoryInfo[repositoryName=shorte1e2c8fb0925a040d30912709b8ba4309ae8tstexc-solution, repositoryType=solution, triggeredByPushTo=solution, assignmentRepositoryUri=http://localhost:49152/git/SHORTE1E2C8FB0925A040D30912709B8BA4309AE8TSTEXC/shorte1e2c8fb0925a040d30912709b8ba4309ae8tstexc-solution.git, testRepositoryUri=http://nadnasidni.tum/scm/SHORTE1E2C8FB0925A040D30912709B8BA4309AE8TSTEXC/SHORTE1E2C8FB0925A040D30912709B8BA4309AE8TSTEXC-tests.git, solutionRepositoryUri=null, auxiliaryRepositoryUris=[Ljava.lang.String;@72489d4b, auxiliaryRepositoryCheckoutDirectories=[Ljava.lang.String;@1db089ad], jobTimingInfo=JobTimingInfo[submissionDate=2025-02-14T23:44:54.407559917Z[Etc/UTC], buildStartDate=2025-02-14T23:44:54.587426886Z[Etc/UTC], buildCompletionDate=null, estimatedCompletionDate=2025-02-14T23:45:13.587421336Z[Etc/UTC], estimatedDuration=19], buildConfig=BuildConfig[buildScript=#!/bin/bash
cd /var/tmp/testing-dir
mvn clean test
, dockerImage=dummy-docker-image, commitHashToBuild=null, assignmentCommitHash=9b3a9bd71a0d80e5bbc42204c319ed3d1d4f0d6d, testCommitHash=9b3a9bd71a0d80e5bbc42204c319ed3d1d4f0d6d, branch=main, programmingLanguage=JAVA, projectType=PLAIN_MAVEN, scaEnabled=false, sequentialTestRunsEnabled=false, resultPaths=[/var/tmp/testing-dir/**/target/surefire-reports/*.xml], timeoutSeconds=0, assignmentCheckoutPath=null, testCheckoutPath=null, solutionCheckoutPath=null, dockerRunConfig=null], submissionResult=null]
java.util.concurrent.CompletionException: java.util.concurrent.ExecutionException: de.tum.cit.aet.artemis.core.exception.LocalCIException: Could not pull Docker image dummy-docker-image
	at de.tum.cit.aet.artemis.buildagent.service.BuildJobManagementService.lambda$executeBuildJob$2(BuildJobManagementService.java:188)
	at de.tum.cit.aet.artemis.buildagent.service.BuildJobManagementService.createCompletableFuture(BuildJobManagementService.java:236)
	at de.tum.cit.aet.artemis.buildagent.service.BuildJobManagementService.executeBuildJob(BuildJobManagementService.java:163)
	at de.tum.cit.aet.artemis.buildagent.service.SharedQueueProcessingService.processBuild(SharedQueueProcessingService.java:413)
	at de.tum.cit.aet.artemis.buildagent.service.SharedQueueProcessingService.checkAvailabilityAndProcessNextBuild(SharedQueueProcessingService.java:269)
	at de.tum.cit.aet.artemis.buildagent.service.SharedQueueProcessingService.lambda$processBuild$5(SharedQueueProcessingService.java:480)
	at java.base/java.util.concurrent.CompletableFuture.uniExceptionally(CompletableFuture.java:990)
	at java.base/java.util.concurrent.CompletableFuture.uniExceptionallyStage(CompletableFuture.java:1008)
	at java.base/java.util.concurrent.CompletableFuture.exceptionally(CompletableFuture.java:2396)
	at de.tum.cit.aet.artemis.buildagent.service.SharedQueueProcessingService.processBuild(SharedQueueProcessingService.java:444)
	at de.tum.cit.aet.artemis.buildagent.service.SharedQueueProcessingService.checkAvailabilityAndProcessNextBuild(SharedQueueProcessingService.java:269)
	at de.tum.cit.aet.artemis.buildagent.service.SharedQueueProcessingService.lambda$processBuild$5(SharedQueueProcessingService.java:480)
	at java.base/java.util.concurrent.CompletableFuture.uniExceptionally(CompletableFuture.java:990)
	at java.base/java.util.concurrent.CompletableFuture.uniExceptionallyStage(CompletableFuture.java:1008)
	at java.base/java.util.concurrent.CompletableFuture.exceptionally(CompletableFuture.java:2396)
	at de.tum.cit.aet.artemis.buildagent.service.SharedQueueProcessingService.processBuild(SharedQueueProcessingService.java:444)
	at de.tum.cit.aet.artemis.buildagent.service.SharedQueueProcessingService.checkAvailabilityAndProcessNextBuild(SharedQueueProcessingService.java:269)
	at de.tum.cit.aet.artemis.buildagent.service.SharedQueueProcessingService.lambda$processBuild$5(SharedQueueProcessingService.java:480)
	at java.base/java.util.concurrent.CompletableFuture.uniExceptionally(CompletableFuture.java:990)
	at java.base/java.util.concurrent.CompletableFuture.uniExceptionallyStage(CompletableFuture.java:1008)
	at java.base/java.util.concurrent.CompletableFuture.exceptionally(CompletableFuture.java:2396)
	at de.tum.cit.aet.artemis.buildagent.service.SharedQueueProcessingService.processBuild(SharedQueueProcessingService.java:444)
	at de.tum.cit.aet.artemis.buildagent.service.SharedQueueProcessingService.checkAvailabilityAndProcessNextBuild(SharedQueueProcessingService.java:269)
	at de.tum.cit.aet.artemis.buildagent.service.SharedQueueProcessingService.lambda$processBuild$5(SharedQueueProcessingService.java:480)
	at java.base/java.util.concurrent.CompletableFuture.uniExceptionally(CompletableFuture.java:990)
	at java.base/java.util.concurrent.CompletableFuture.uniExceptionallyStage(CompletableFuture.java:1008)
	at java.base/java.util.concurrent.CompletableFuture.exceptionally(CompletableFuture.java:2396)
	at de.tum.cit.aet.artemis.buildagent.service.SharedQueueProcessingService.processBuild(SharedQueueProcessingService.java:444)
	at de.tum.cit.aet.artemis.buildagent.service.SharedQueueProcessingService.checkAvailabilityAndProcessNextBuild(SharedQueueProcessingService.java:269)
	at de.tum.cit.aet.artemis.buildagent.service.SharedQueueProcessingService.lambda$processBuild$5(SharedQueueProcessingService.java:480)
	at java.base/java.util.concurrent.CompletableFuture.uniExceptionally(CompletableFuture.java:990)
	at java.base/java.util.concurrent.CompletableFuture.uniExceptionallyStage(CompletableFuture.java:1008)
	at java.base/java.util.concurrent.CompletableFuture.exceptionally(CompletableFuture.java:2396)
	at de.tum.cit.aet.artemis.buildagent.service.SharedQueueProcessingService.processBuild(SharedQueueProcessingService.java:444)
	at de.tum.cit.aet.artemis.buildagent.service.SharedQueueProcessingService.checkAvailabilityAndProcessNextBuild(SharedQueueProcessingService.java:269)
	at de.tum.cit.aet.artemis.buildagent.service.SharedQueueProcessingService.lambda$processBuild$5(SharedQueueProcessingService.java:480)
	at java.base/java.util.concurrent.CompletableFuture.uniExceptionally(CompletableFuture.java:990)
	at java.base/java.util.concurrent.CompletableFuture.uniExceptionallyStage(CompletableFuture.java:1008)
	at java.base/java.util.concurrent.CompletableFuture.exceptionally(CompletableFuture.java:2396)
	at de.tum.cit.aet.artemis.buildagent.service.SharedQueueProcessingService.processBuild(SharedQueueProcessingService.java:444)
	at de.tum.cit.aet.artemis.buildagent.service.SharedQueueProcessingService.checkAvailabilityAndProcessNextBuild(SharedQueueProcessingService.java:269)
	at de.tum.cit.aet.artemis.buildagent.service.SharedQueueProcessingService$QueuedBuildJobItemListener.itemAdded(SharedQueueProcessingService.java:594)
	at com.hazelcast.collection.impl.queue.QueueService.lambda$dispatchEvent$1(QueueService.java:277)
	at com.hazelcast.internal.namespace.impl.NoOpUserCodeNamespaceService.runWithNamespace(NoOpUserCodeNamespaceService.java:82)
	at com.hazelcast.internal.namespace.NamespaceUtil.runWithNamespace(NamespaceUtil.java:106)
	at com.hazelcast.collection.impl.queue.QueueService.dispatchEvent(QueueService.java:275)
	at com.hazelcast.collection.impl.queue.QueueService.dispatchEvent(QueueService.java:98)
	at com.hazelcast.spi.impl.eventservice.impl.LocalEventDispatcher.run(LocalEventDispatcher.java:64)
	at com.hazelcast.internal.util.executor.StripedExecutor$Worker.process(StripedExecutor.java:244)
	at com.hazelcast.internal.util.executor.StripedExecutor$Worker.run(StripedExecutor.java:227)
Caused by: java.util.concurrent.ExecutionException: de.tum.cit.aet.artemis.core.exception.LocalCIException: Could not pull Docker image dummy-docker-image
	at java.base/java.util.concurrent.FutureTask.report(FutureTask.java:122)
	at java.base/java.util.concurrent.FutureTask.get(FutureTask.java:205)
	at de.tum.cit.aet.artemis.buildagent.service.BuildJobManagementService.lambda$executeBuildJob$2(BuildJobManagementService.java:165)
	... 49 common frames omitted
Caused by: de.tum.cit.aet.artemis.core.exception.LocalCIException: Could not pull Docker image dummy-docker-image
	at de.tum.cit.aet.artemis.buildagent.service.BuildJobExecutionService.runBuildJob(BuildJobExecutionService.java:157)
	at java.base/jdk.internal.reflect.DirectMethodHandleAccessor.invoke(DirectMethodHandleAccessor.java:103)
	at java.base/java.lang.reflect.Method.invoke(Method.java:580)
	at org.springframework.aop.support.AopUtils.invokeJoinpointUsingReflection(AopUtils.java:359)
	at org.springframework.aop.framework.CglibAopProxy$DynamicAdvisedInterceptor.intercept(CglibAopProxy.java:723)
	at de.tum.cit.aet.artemis.buildagent.service.BuildJobExecutionService$$SpringCGLIB$$0.runBuildJob(<generated>)
	at de.tum.cit.aet.artemis.buildagent.service.BuildJobManagementService.lambda$executeBuildJob$1(BuildJobManagementService.java:129)
	at java.base/java.util.concurrent.FutureTask.run(FutureTask.java:317)
	at java.base/java.util.concurrent.ThreadPoolExecutor.runWorker(ThreadPoolExecutor.java:1144)
	at java.base/java.util.concurrent.ThreadPoolExecutor$Worker.run(ThreadPoolExecutor.java:642)
	at java.base/java.lang.Thread.run(Thread.java:1583)
Caused by: de.tum.cit.aet.artemis.core.exception.LocalCIException: Docker image dummy-docker-image is not compatible with the current architecture. Needed 'linux/amd64', but got 'null'
	at de.tum.cit.aet.artemis.buildagent.service.BuildAgentDockerService.checkImageArchitecture(BuildAgentDockerService.java:291)
	at de.tum.cit.aet.artemis.buildagent.service.BuildAgentDockerService.pullDockerImage(BuildAgentDockerService.java:223)
	at de.tum.cit.aet.artemis.buildagent.service.BuildJobExecutionService.runBuildJob(BuildJobExecutionService.java:152)
	... 10 common frames omitted
    23:44:54.600 | 566 localvc.event-13 | ERROR | a.a.b.s.SharedQueueProcessingService : Error while processing build job: BuildJobQueueItem[id=17501739576694407, name=SHORTE1E2C8FB0925A040D30912709B8BA4309AE8TSTEXC-SOLUTION, buildAgent=BuildAgentDTO[name=artemis-build-agent-test, memberAddress=[127.0.0.1]:5703, displayName=artemis-build-agent-test], participationId=1750, courseId=874, exerciseId=2449, retryCount=0, priority=2, status=null, repositoryInfo=RepositoryInfo[repositoryName=shorte1e2c8fb0925a040d30912709b8ba4309ae8tstexc-solution, repositoryType=solution, triggeredByPushTo=solution, assignmentRepositoryUri=http://localhost:49152/git/SHORTE1E2C8FB0925A040D30912709B8BA4309AE8TSTEXC/shorte1e2c8fb0925a040d30912709b8ba4309ae8tstexc-solution.git, testRepositoryUri=http://nadnasidni.tum/scm/SHORTE1E2C8FB0925A040D30912709B8BA4309AE8TSTEXC/SHORTE1E2C8FB0925A040D30912709B8BA4309AE8TSTEXC-tests.git, solutionRepositoryUri=null, auxiliaryRepositoryUris=[Ljava.lang.String;@72489d4b, auxiliaryRepositoryCheckoutDirectories=[Ljava.lang.String;@1db089ad], jobTimingInfo=JobTimingInfo[submissionDate=2025-02-14T23:44:54.407559917Z[Etc/UTC], buildStartDate=2025-02-14T23:44:54.587426886Z[Etc/UTC], buildCompletionDate=null, estimatedCompletionDate=2025-02-14T23:45:13.587421336Z[Etc/UTC], estimatedDuration=19], buildConfig=BuildConfig[buildScript=#!/bin/bash
cd /var/tmp/testing-dir
mvn clean test
, dockerImage=dummy-docker-image, commitHashToBuild=null, assignmentCommitHash=9b3a9bd71a0d80e5bbc42204c319ed3d1d4f0d6d, testCommitHash=9b3a9bd71a0d80e5bbc42204c319ed3d1d4f0d6d, branch=main, programmingLanguage=JAVA, projectType=PLAIN_MAVEN, scaEnabled=false, sequentialTestRunsEnabled=false, resultPaths=[/var/tmp/testing-dir/**/target/surefire-reports/*.xml], timeoutSeconds=0, assignmentCheckoutPath=null, testCheckoutPath=null, solutionCheckoutPath=null, dockerRunConfig=null], submissionResult=null]
java.util.concurrent.CompletionException: java.util.concurrent.ExecutionException: de.tum.cit.aet.artemis.core.exception.LocalCIException: Could not pull Docker image dummy-docker-image
	at de.tum.cit.aet.artemis.buildagent.service.BuildJobManagementService.lambda$executeBuildJob$2(BuildJobManagementService.java:188)
	at de.tum.cit.aet.artemis.buildagent.service.BuildJobManagementService.createCompletableFuture(BuildJobManagementService.java:236)
	at de.tum.cit.aet.artemis.buildagent.service.BuildJobManagementService.executeBuildJob(BuildJobManagementService.java:163)
	at de.tum.cit.aet.artemis.buildagent.service.SharedQueueProcessingService.processBuild(SharedQueueProcessingService.java:413)
	at de.tum.cit.aet.artemis.buildagent.service.SharedQueueProcessingService.checkAvailabilityAndProcessNextBuild(SharedQueueProcessingService.java:269)
	at de.tum.cit.aet.artemis.buildagent.service.SharedQueueProcessingService.lambda$processBuild$5(SharedQueueProcessingService.java:480)
	at java.base/java.util.concurrent.CompletableFuture.uniExceptionally(CompletableFuture.java:990)
	at java.base/java.util.concurrent.CompletableFuture.uniExceptionallyStage(CompletableFuture.java:1008)
	at java.base/java.util.concurrent.CompletableFuture.exceptionally(CompletableFuture.java:2396)
	at de.tum.cit.aet.artemis.buildagent.service.SharedQueueProcessingService.processBuild(SharedQueueProcessingService.java:444)
	at de.tum.cit.aet.artemis.buildagent.service.SharedQueueProcessingService.checkAvailabilityAndProcessNextBuild(SharedQueueProcessingService.java:269)
	at de.tum.cit.aet.artemis.buildagent.service.SharedQueueProcessingService.lambda$processBuild$5(SharedQueueProcessingService.java:480)
	at java.base/java.util.concurrent.CompletableFuture.uniExceptionally(CompletableFuture.java:990)
	at java.base/java.util.concurrent.CompletableFuture.uniExceptionallyStage(CompletableFuture.java:1008)
	at java.base/java.util.concurrent.CompletableFuture.exceptionally(CompletableFuture.java:2396)
	at de.tum.cit.aet.artemis.buildagent.service.SharedQueueProcessingService.processBuild(SharedQueueProcessingService.java:444)
	at de.tum.cit.aet.artemis.buildagent.service.SharedQueueProcessingService.checkAvailabilityAndProcessNextBuild(SharedQueueProcessingService.java:269)
	at de.tum.cit.aet.artemis.buildagent.service.SharedQueueProcessingService.lambda$processBuild$5(SharedQueueProcessingService.java:480)
	at java.base/java.util.concurrent.CompletableFuture.uniExceptionally(CompletableFuture.java:990)
	at java.base/java.util.concurrent.CompletableFuture.uniExceptionallyStage(CompletableFuture.java:1008)
	at java.base/java.util.concurrent.CompletableFuture.exceptionally(CompletableFuture.java:2396)
	at de.tum.cit.aet.artemis.buildagent.service.SharedQueueProcessingService.processBuild(SharedQueueProcessingService.java:444)
	at de.tum.cit.aet.artemis.buildagent.service.SharedQueueProcessingService.checkAvailabilityAndProcessNextBuild(SharedQueueProcessingService.java:269)
	at de.tum.cit.aet.artemis.buildagent.service.SharedQueueProcessingService.lambda$processBuild$5(SharedQueueProcessingService.java:480)
	at java.base/java.util.concurrent.CompletableFuture.uniExceptionally(CompletableFuture.java:990)
	at java.base/java.util.concurrent.CompletableFuture.uniExceptionallyStage(CompletableFuture.java:1008)
	at java.base/java.util.concurrent.CompletableFuture.exceptionally(CompletableFuture.java:2396)
	at de.tum.cit.aet.artemis.buildagent.service.SharedQueueProcessingService.processBuild(SharedQueueProcessingService.java:444)
	at de.tum.cit.aet.artemis.buildagent.service.SharedQueueProcessingService.checkAvailabilityAndProcessNextBuild(SharedQueueProcessingService.java:269)
	at de.tum.cit.aet.artemis.buildagent.service.SharedQueueProcessingService.lambda$processBuild$5(SharedQueueProcessingService.java:480)
	at java.base/java.util.concurrent.CompletableFuture.uniExceptionally(CompletableFuture.java:990)
	at java.base/java.util.concurrent.CompletableFuture.uniExceptionallyStage(CompletableFuture.java:1008)
	at java.base/java.util.concurrent.CompletableFuture.exceptionally(CompletableFuture.java:2396)
	at de.tum.cit.aet.artemis.buildagent.service.SharedQueueProcessingService.processBuild(SharedQueueProcessingService.java:444)
	at de.tum.cit.aet.artemis.buildagent.service.SharedQueueProcessingService.checkAvailabilityAndProcessNextBuild(SharedQueueProcessingService.java:269)
	at de.tum.cit.aet.artemis.buildagent.service.SharedQueueProcessingService.lambda$processBuild$5(SharedQueueProcessingService.java:480)
	at java.base/java.util.concurrent.CompletableFuture.uniExceptionally(CompletableFuture.java:990)
	at java.base/java.util.concurrent.CompletableFuture.uniExceptionallyStage(CompletableFuture.java:1008)
	at java.base/java.util.concurrent.CompletableFuture.exceptionally(CompletableFuture.java:2396)
	at de.tum.cit.aet.artemis.buildagent.service.SharedQueueProcessingService.processBuild(SharedQueueProcessingService.java:444)
	at de.tum.cit.aet.artemis.buildagent.service.SharedQueueProcessingService.checkAvailabilityAndProcessNextBuild(SharedQueueProcessingService.java:269)
	at de.tum.cit.aet.artemis.buildagent.service.SharedQueueProcessingService$QueuedBuildJobItemListener.itemAdded(SharedQueueProcessingService.java:594)
	at com.hazelcast.collection.impl.queue.QueueService.lambda$dispatchEvent$1(QueueService.java:277)
	at com.hazelcast.internal.namespace.impl.NoOpUserCodeNamespaceService.runWithNamespace(NoOpUserCodeNamespaceService.java:82)
	at com.hazelcast.internal.namespace.NamespaceUtil.runWithNamespace(NamespaceUtil.java:106)
	at com.hazelcast.collection.impl.queue.QueueService.dispatchEvent(QueueService.java:275)
	at com.hazelcast.collection.impl.queue.QueueService.dispatchEvent(QueueService.java:98)
	at com.hazelcast.spi.impl.eventservice.impl.LocalEventDispatcher.run(LocalEventDispatcher.java:64)
	at com.hazelcast.internal.util.executor.StripedExecutor$Worker.process(StripedExecutor.java:244)
	at com.hazelcast.internal.util.executor.StripedExecutor$Worker.run(StripedExecutor.java:227)
Caused by: java.util.concurrent.ExecutionException: de.tum.cit.aet.artemis.core.exception.LocalCIException: Could not pull Docker image dummy-docker-image
	at java.base/java.util.concurrent.FutureTask.report(FutureTask.java:122)
	at java.base/java.util.concurrent.FutureTask.get(FutureTask.java:205)
	at de.tum.cit.aet.artemis.buildagent.service.BuildJobManagementService.lambda$executeBuildJob$2(BuildJobManagementService.java:165)
	... 49 common frames omitted
Caused by: de.tum.cit.aet.artemis.core.exception.LocalCIException: Could not pull Docker image dummy-docker-image
	at de.tum.cit.aet.artemis.buildagent.service.BuildJobExecutionService.runBuildJob(BuildJobExecutionService.java:157)
	at java.base/jdk.internal.reflect.DirectMethodHandleAccessor.invoke(DirectMethodHandleAccessor.java:103)
	at java.base/java.lang.reflect.Method.invoke(Method.java:580)
	at org.springframework.aop.support.AopUtils.invokeJoinpointUsingReflection(AopUtils.java:359)
	at org.springframework.aop.framework.CglibAopProxy$DynamicAdvisedInterceptor.intercept(CglibAopProxy.java:723)
	at de.tum.cit.aet.artemis.buildagent.service.BuildJobExecutionService$$SpringCGLIB$$0.runBuildJob(<generated>)
	at de.tum.cit.aet.artemis.buildagent.service.BuildJobManagementService.lambda$executeBuildJob$1(BuildJobManagementService.java:129)
	at java.base/java.util.concurrent.FutureTask.run(FutureTask.java:317)
	at java.base/java.util.concurrent.ThreadPoolExecutor.runWorker(ThreadPoolExecutor.java:1144)
	at java.base/java.util.concurrent.ThreadPoolExecutor$Worker.run(ThreadPoolExecutor.java:642)
	at java.base/java.lang.Thread.run(Thread.java:1583)
Caused by: de.tum.cit.aet.artemis.core.exception.LocalCIException: Docker image dummy-docker-image is not compatible with the current architecture. Needed 'linux/amd64', but got 'null'
	at de.tum.cit.aet.artemis.buildagent.service.BuildAgentDockerService.checkImageArchitecture(BuildAgentDockerService.java:291)
	at de.tum.cit.aet.artemis.buildagent.service.BuildAgentDockerService.pullDockerImage(BuildAgentDockerService.java:223)
	at de.tum.cit.aet.artemis.buildagent.service.BuildJobExecutionService.runBuildJob(BuildJobExecutionService.java:152)
	... 10 common frames omitted
    23:44:54.602 | 462 ool-1-worker-226 | DEBUG | d.t.c.a.a.c.u.util.UserUtilService   : Save 7 users to database. Done
    23:44:54.612 | 566 localvc.event-13 | DEBUG | a.a.b.s.SharedQueueProcessingService : Currently processing jobs on this node: 0, active threads in Pool: 0, maximum pool size of thread executor : 1
    23:44:54.612 | 566 localvc.event-13 | DEBUG | a.a.b.s.SharedQueueProcessingService : Currently processing jobs on this node: 0, active threads in Pool: 0, maximum pool size of thread executor : 1
    23:44:54.612 | 568 localvc.event-15 | DEBUG | a.p.s.l.LocalCIQueueWebsocketService : CIBuildJobQueueItem added to processing jobs: BuildJobQueueItem[id=17511739576694411, name=SHORTE1E2C8FB0925A040D30912709B8BA4309AE8TSTEXC-BASE, buildAgent=BuildAgentDTO[name=artemis-build-agent-test, memberAddress=[127.0.0.1]:5703, displayName=artemis-build-agent-test], participationId=1751, courseId=874, exerciseId=2449, retryCount=0, priority=2, status=null, repositoryInfo=RepositoryInfo[repositoryName=shorte1e2c8fb0925a040d30912709b8ba4309ae8tstexc-exercise, repositoryType=exercise, triggeredByPushTo=exercise, assignmentRepositoryUri=http://localhost:49152/git/SHORTE1E2C8FB0925A040D30912709B8BA4309AE8TSTEXC/shorte1e2c8fb0925a040d30912709b8ba4309ae8tstexc-exercise.git, testRepositoryUri=http://nadnasidni.tum/scm/SHORTE1E2C8FB0925A040D30912709B8BA4309AE8TSTEXC/SHORTE1E2C8FB0925A040D30912709B8BA4309AE8TSTEXC-tests.git, solutionRepositoryUri=null, auxiliaryRepositoryUris=[Ljava.lang.String;@2a1d1f79, auxiliaryRepositoryCheckoutDirectories=[Ljava.lang.String;@44338f], jobTimingInfo=JobTimingInfo[submissionDate=2025-02-14T23:44:54.411372528Z[Etc/UTC], buildStartDate=2025-02-14T23:44:54.612545140Z[Etc/UTC], buildCompletionDate=null, estimatedCompletionDate=2025-02-14T23:45:13.612539730Z[Etc/UTC], estimatedDuration=19], buildConfig=BuildConfig[buildScript=#!/bin/bash
cd /var/tmp/testing-dir
mvn clean test
, dockerImage=dummy-docker-image, commitHashToBuild=null, assignmentCommitHash=9b3a9bd71a0d80e5bbc42204c319ed3d1d4f0d6d, testCommitHash=9b3a9bd71a0d80e5bbc42204c319ed3d1d4f0d6d, branch=main, programmingLanguage=JAVA, projectType=PLAIN_MAVEN, scaEnabled=false, sequentialTestRunsEnabled=false, resultPaths=[/var/tmp/testing-dir/**/target/surefire-reports/*.xml], timeoutSeconds=0, assignmentCheckoutPath=null, testCheckoutPath=null, solutionCheckoutPath=null, dockerRunConfig=null], submissionResult=null]
    23:44:54.613 | 568 localvc.event-15 | DEBUG | s.l.LocalCIWebsocketMessagingService : Sending message on topic /topic/admin/running-jobs: [BuildJobQueueItem[id=17511739576694411, name=SHORTE1E2C8FB0925A040D30912709B8BA4309AE8TSTEXC-BASE, buildAgent=BuildAgentDTO[name=artemis-build-agent-test, memberAddress=[127.0.0.1]:5703, displayName=artemis-build-agent-test], participationId=1751, courseId=874, exerciseId=2449, retryCount=0, priority=2, status=null, repositoryInfo=RepositoryInfo[repositoryName=shorte1e2c8fb0925a040d30912709b8ba4309ae8tstexc-exercise, repositoryType=exercise, triggeredByPushTo=exercise, assignmentRepositoryUri=, testRepositoryUri=, solutionRepositoryUri=, auxiliaryRepositoryUris=null, auxiliaryRepositoryCheckoutDirectories=null], jobTimingInfo=JobTimingInfo[submissionDate=2025-02-14T23:44:54.411372528Z[Etc/UTC], buildStartDate=2025-02-14T23:44:54.612545140Z[Etc/UTC], buildCompletionDate=null, estimatedCompletionDate=2025-02-14T23:45:13.612539730Z[Etc/UTC], estimatedDuration=19], buildConfig=BuildConfig[buildScript=, dockerImage=, commitHashToBuild=null, assignmentCommitHash=, testCommitHash=, branch=, programmingLanguage=null, projectType=null, scaEnabled=false, sequentialTestRunsEnabled=false, resultPaths=null, timeoutSeconds=0, assignmentCheckoutPath=, testCheckoutPath=, solutionCheckoutPath=, dockerRunConfig=null], submissionResult=null]]
    23:44:54.613 | 568 localvc.event-15 | DEBUG | s.l.LocalCIWebsocketMessagingService : Sending message on topic /topic/courses/874/running-jobs: [BuildJobQueueItem[id=17511739576694411, name=SHORTE1E2C8FB0925A040D30912709B8BA4309AE8TSTEXC-BASE, buildAgent=BuildAgentDTO[name=artemis-build-agent-test, memberAddress=[127.0.0.1]:5703, displayName=artemis-build-agent-test], participationId=1751, courseId=874, exerciseId=2449, retryCount=0, priority=2, status=null, repositoryInfo=RepositoryInfo[repositoryName=shorte1e2c8fb0925a040d30912709b8ba4309ae8tstexc-exercise, repositoryType=exercise, triggeredByPushTo=exercise, assignmentRepositoryUri=, testRepositoryUri=, solutionRepositoryUri=, auxiliaryRepositoryUris=null, auxiliaryRepositoryCheckoutDirectories=null], jobTimingInfo=JobTimingInfo[submissionDate=2025-02-14T23:44:54.411372528Z[Etc/UTC], buildStartDate=2025-02-14T23:44:54.612545140Z[Etc/UTC], buildCompletionDate=null, estimatedCompletionDate=2025-02-14T23:45:13.612539730Z[Etc/UTC], estimatedDuration=19], buildConfig=BuildConfig[buildScript=, dockerImage=, commitHashToBuild=null, assignmentCommitHash=, testCommitHash=, branch=, programmingLanguage=null, projectType=null, scaEnabled=false, sequentialTestRunsEnabled=false, resultPaths=null, timeoutSeconds=0, assignmentCheckoutPath=, testCheckoutPath=, solutionCheckoutPath=, dockerRunConfig=null], submissionResult=null]]
    23:44:54.615 | 588 artemis-task-1   | DEBUG | d.t.c.a.a.c.c.w.GzipMessageConverter : Compressed message payload from 900 to 640 (saved 28.9% payload size)
    23:44:54.616 | 588 artemis-task-1   | DEBUG | d.t.c.a.a.c.c.w.GzipMessageConverter : Compressed message payload from 900 to 640 (saved 28.9% payload size)
    23:44:54.621 | 566 localvc.event-13 | INFO  | a.a.b.s.SharedQueueProcessingService : Processing build job: BuildJobQueueItem[id=17511739576694411, name=SHORTE1E2C8FB0925A040D30912709B8BA4309AE8TSTEXC-BASE, buildAgent=BuildAgentDTO[name=artemis-build-agent-test, memberAddress=[127.0.0.1]:5703, displayName=artemis-build-agent-test], participationId=1751, courseId=874, exerciseId=2449, retryCount=0, priority=2, status=null, repositoryInfo=RepositoryInfo[repositoryName=shorte1e2c8fb0925a040d30912709b8ba4309ae8tstexc-exercise, repositoryType=exercise, triggeredByPushTo=exercise, assignmentRepositoryUri=http://localhost:49152/git/SHORTE1E2C8FB0925A040D30912709B8BA4309AE8TSTEXC/shorte1e2c8fb0925a040d30912709b8ba4309ae8tstexc-exercise.git, testRepositoryUri=http://nadnasidni.tum/scm/SHORTE1E2C8FB0925A040D30912709B8BA4309AE8TSTEXC/SHORTE1E2C8FB0925A040D30912709B8BA4309AE8TSTEXC-tests.git, solutionRepositoryUri=null, auxiliaryRepositoryUris=[Ljava.lang.String;@52c357dc, auxiliaryRepositoryCheckoutDirectories=[Ljava.lang.String;@ca520c6], jobTimingInfo=JobTimingInfo[submissionDate=2025-02-14T23:44:54.411372528Z[Etc/UTC], buildStartDate=2025-02-14T23:44:54.612545140Z[Etc/UTC], buildCompletionDate=null, estimatedCompletionDate=2025-02-14T23:45:13.612539730Z[Etc/UTC], estimatedDuration=19], buildConfig=BuildConfig[buildScript=#!/bin/bash
cd /var/tmp/testing-dir
mvn clean test
, dockerImage=dummy-docker-image, commitHashToBuild=null, assignmentCommitHash=9b3a9bd71a0d80e5bbc42204c319ed3d1d4f0d6d, testCommitHash=9b3a9bd71a0d80e5bbc42204c319ed3d1d4f0d6d, branch=main, programmingLanguage=JAVA, projectType=PLAIN_MAVEN, scaEnabled=false, sequentialTestRunsEnabled=false, resultPaths=[/var/tmp/testing-dir/**/target/surefire-reports/*.xml], timeoutSeconds=0, assignmentCheckoutPath=null, testCheckoutPath=null, solutionCheckoutPath=null, dockerRunConfig=null], submissionResult=null]
    23:44:54.621 | 081 local-ci-build-0 | DEBUG | t.c.a.a.b.s.BuildJobExecutionService : ~~~~~~~~~~~~~~~~~~~~ Start Build Job 17511739576694411 ~~~~~~~~~~~~~~~~~~~~
    23:44:54.621 | 081 local-ci-build-0 | INFO  | .t.c.a.a.b.s.BuildAgentDockerService : ~~~~~~~~~~~~~~~~~~~~ Inspecting docker image dummy-docker-image ~~~~~~~~~~~~~~~~~~~~
    23:44:54.621 | 081 local-ci-build-0 | ERROR | .t.c.a.a.b.s.BuildAgentDockerService : Docker image dummy-docker-image is not compatible with the current architecture. Needed 'linux/amd64', but got 'null'
    23:44:54.622 | 566 localvc.event-13 | ERROR | .c.a.a.b.s.BuildJobManagementService : Error while executing build job 17511739576694411: de.tum.cit.aet.artemis.core.exception.LocalCIException: Could not pull Docker image dummy-docker-image
java.util.concurrent.ExecutionException: de.tum.cit.aet.artemis.core.exception.LocalCIException: Could not pull Docker image dummy-docker-image
	at java.base/java.util.concurrent.FutureTask.report(FutureTask.java:122)
	at java.base/java.util.concurrent.FutureTask.get(FutureTask.java:205)
	at de.tum.cit.aet.artemis.buildagent.service.BuildJobManagementService.lambda$executeBuildJob$2(BuildJobManagementService.java:165)
	at de.tum.cit.aet.artemis.buildagent.service.BuildJobManagementService.createCompletableFuture(BuildJobManagementService.java:236)
	at de.tum.cit.aet.artemis.buildagent.service.BuildJobManagementService.executeBuildJob(BuildJobManagementService.java:163)
	at de.tum.cit.aet.artemis.buildagent.service.SharedQueueProcessingService.processBuild(SharedQueueProcessingService.java:413)
	at de.tum.cit.aet.artemis.buildagent.service.SharedQueueProcessingService.checkAvailabilityAndProcessNextBuild(SharedQueueProcessingService.java:269)
	at de.tum.cit.aet.artemis.buildagent.service.SharedQueueProcessingService.lambda$processBuild$5(SharedQueueProcessingService.java:480)
	at java.base/java.util.concurrent.CompletableFuture.uniExceptionally(CompletableFuture.java:990)
	at java.base/java.util.concurrent.CompletableFuture.uniExceptionallyStage(CompletableFuture.java:1008)
	at java.base/java.util.concurrent.CompletableFuture.exceptionally(CompletableFuture.java:2396)
	at de.tum.cit.aet.artemis.buildagent.service.SharedQueueProcessingService.processBuild(SharedQueueProcessingService.java:444)
	at de.tum.cit.aet.artemis.buildagent.service.SharedQueueProcessingService.checkAvailabilityAndProcessNextBuild(SharedQueueProcessingService.java:269)
	at de.tum.cit.aet.artemis.buildagent.service.SharedQueueProcessingService.lambda$processBuild$5(SharedQueueProcessingService.java:480)
	at java.base/java.util.concurrent.CompletableFuture.uniExceptionally(CompletableFuture.java:990)
	at java.base/java.util.concurrent.CompletableFuture.uniExceptionallyStage(CompletableFuture.java:1008)
	at java.base/java.util.concurrent.CompletableFuture.exceptionally(CompletableFuture.java:2396)
	at de.tum.cit.aet.artemis.buildagent.service.SharedQueueProcessingService.processBuild(SharedQueueProcessingService.java:444)
	at de.tum.cit.aet.artemis.buildagent.service.SharedQueueProcessingService.checkAvailabilityAndProcessNextBuild(SharedQueueProcessingService.java:269)
	at de.tum.cit.aet.artemis.buildagent.service.SharedQueueProcessingService.lambda$processBuild$5(SharedQueueProcessingService.java:480)
	at java.base/java.util.concurrent.CompletableFuture.uniExceptionally(CompletableFuture.java:990)
	at java.base/java.util.concurrent.CompletableFuture.uniExceptionallyStage(CompletableFuture.java:1008)
	at java.base/java.util.concurrent.CompletableFuture.exceptionally(CompletableFuture.java:2396)
	at de.tum.cit.aet.artemis.buildagent.service.SharedQueueProcessingService.processBuild(SharedQueueProcessingService.java:444)
	at de.tum.cit.aet.artemis.buildagent.service.SharedQueueProcessingService.checkAvailabilityAndProcessNextBuild(SharedQueueProcessingService.java:269)
	at de.tum.cit.aet.artemis.buildagent.service.SharedQueueProcessingService.lambda$processBuild$5(SharedQueueProcessingService.java:480)
	at java.base/java.util.concurrent.CompletableFuture.uniExceptionally(CompletableFuture.java:990)
	at java.base/java.util.concurrent.CompletableFuture.uniExceptionallyStage(CompletableFuture.java:1008)
	at java.base/java.util.concurrent.CompletableFuture.exceptionally(CompletableFuture.java:2396)
	at de.tum.cit.aet.artemis.buildagent.service.SharedQueueProcessingService.processBuild(SharedQueueProcessingService.java:444)
	at de.tum.cit.aet.artemis.buildagent.service.SharedQueueProcessingService.checkAvailabilityAndProcessNextBuild(SharedQueueProcessingService.java:269)
	at de.tum.cit.aet.artemis.buildagent.service.SharedQueueProcessingService.lambda$processBuild$5(SharedQueueProcessingService.java:480)
	at java.base/java.util.concurrent.CompletableFuture.uniExceptionally(CompletableFuture.java:990)
	at java.base/java.util.concurrent.CompletableFuture.uniExceptionallyStage(CompletableFuture.java:1008)
	at java.base/java.util.concurrent.CompletableFuture.exceptionally(CompletableFuture.java:2396)
	at de.tum.cit.aet.artemis.buildagent.service.SharedQueueProcessingService.processBuild(SharedQueueProcessingService.java:444)
	at de.tum.cit.aet.artemis.buildagent.service.SharedQueueProcessingService.checkAvailabilityAndProcessNextBuild(SharedQueueProcessingService.java:269)
	at de.tum.cit.aet.artemis.buildagent.service.SharedQueueProcessingService.lambda$processBuild$5(SharedQueueProcessingService.java:480)
	at java.base/java.util.concurrent.CompletableFuture.uniExceptionally(CompletableFuture.java:990)
	at java.base/java.util.concurrent.CompletableFuture.uniExceptionallyStage(CompletableFuture.java:1008)
	at java.base/java.util.concurrent.CompletableFuture.exceptionally(CompletableFuture.java:2396)
	at de.tum.cit.aet.artemis.buildagent.service.SharedQueueProcessingService.processBuild(SharedQueueProcessingService.java:444)
	at de.tum.cit.aet.artemis.buildagent.service.SharedQueueProcessingService.checkAvailabilityAndProcessNextBuild(SharedQueueProcessingService.java:269)
	at de.tum.cit.aet.artemis.buildagent.service.SharedQueueProcessingService.lambda$processBuild$5(SharedQueueProcessingService.java:480)
	at java.base/java.util.concurrent.CompletableFuture.uniExceptionally(CompletableFuture.java:990)
	at java.base/java.util.concurrent.CompletableFuture.uniExceptionallyStage(CompletableFuture.java:1008)
	at java.base/java.util.concurrent.CompletableFuture.exceptionally(CompletableFuture.java:2396)
	at de.tum.cit.aet.artemis.buildagent.service.SharedQueueProcessingService.processBuild(SharedQueueProcessingService.java:444)
	at de.tum.cit.aet.artemis.buildagent.service.SharedQueueProcessingService.checkAvailabilityAndProcessNextBuild(SharedQueueProcessingService.java:269)
	at de.tum.cit.aet.artemis.buildagent.service.SharedQueueProcessingService$QueuedBuildJobItemListener.itemAdded(SharedQueueProcessingService.java:594)
	at com.hazelcast.collection.impl.queue.QueueService.lambda$dispatchEvent$1(QueueService.java:277)
	at com.hazelcast.internal.namespace.impl.NoOpUserCodeNamespaceService.runWithNamespace(NoOpUserCodeNamespaceService.java:82)
	at com.hazelcast.internal.namespace.NamespaceUtil.runWithNamespace(NamespaceUtil.java:106)
	at com.hazelcast.collection.impl.queue.QueueService.dispatchEvent(QueueService.java:275)
	at com.hazelcast.collection.impl.queue.QueueService.dispatchEvent(QueueService.java:98)
	at com.hazelcast.spi.impl.eventservice.impl.LocalEventDispatcher.run(LocalEventDispatcher.java:64)
	at com.hazelcast.internal.util.executor.StripedExecutor$Worker.process(StripedExecutor.java:244)
	at com.hazelcast.internal.util.executor.StripedExecutor$Worker.run(StripedExecutor.java:227)
Caused by: de.tum.cit.aet.artemis.core.exception.LocalCIException: Could not pull Docker image dummy-docker-image
	at de.tum.cit.aet.artemis.buildagent.service.BuildJobExecutionService.runBuildJob(BuildJobExecutionService.java:157)
	at java.base/jdk.internal.reflect.DirectMethodHandleAccessor.invoke(DirectMethodHandleAccessor.java:103)
	at java.base/java.lang.reflect.Method.invoke(Method.java:580)
	at org.springframework.aop.support.AopUtils.invokeJoinpointUsingReflection(AopUtils.java:359)
	at org.springframework.aop.framework.CglibAopProxy$DynamicAdvisedInterceptor.intercept(CglibAopProxy.java:723)
	at de.tum.cit.aet.artemis.buildagent.service.BuildJobExecutionService$$SpringCGLIB$$0.runBuildJob(<generated>)
	at de.tum.cit.aet.artemis.buildagent.service.BuildJobManagementService.lambda$executeBuildJob$1(BuildJobManagementService.java:129)
	at java.base/java.util.concurrent.FutureTask.run(FutureTask.java:317)
	at java.base/java.util.concurrent.ThreadPoolExecutor.runWorker(ThreadPoolExecutor.java:1144)
	at java.base/java.util.concurrent.ThreadPoolExecutor$Worker.run(ThreadPoolExecutor.java:642)
	at java.base/java.lang.Thread.run(Thread.java:1583)
Caused by: de.tum.cit.aet.artemis.core.exception.LocalCIException: Docker image dummy-docker-image is not compatible with the current architecture. Needed 'linux/amd64', but got 'null'
	at de.tum.cit.aet.artemis.buildagent.service.BuildAgentDockerService.checkImageArchitecture(BuildAgentDockerService.java:291)
	at de.tum.cit.aet.artemis.buildagent.service.BuildAgentDockerService.pullDockerImage(BuildAgentDockerService.java:223)
	at de.tum.cit.aet.artemis.buildagent.service.BuildJobExecutionService.runBuildJob(BuildJobExecutionService.java:152)
	... 10 common frames omitted
    23:44:54.622 | 566 localvc.event-13 | INFO  | .c.a.a.b.s.BuildJobManagementService : Getting ID of running container local-ci-17511739576694411
    23:44:54.622 | 566 localvc.event-13 | INFO  | .c.a.a.b.s.BuildJobManagementService : Stopping unresponsive container with ID null
    23:44:54.622 | 566 localvc.event-13 | DEBUG | a.a.b.s.SharedQueueProcessingService : Build job completed with exception: BuildJobQueueItem[id=17511739576694411, name=SHORTE1E2C8FB0925A040D30912709B8BA4309AE8TSTEXC-BASE, buildAgent=BuildAgentDTO[name=artemis-build-agent-test, memberAddress=[127.0.0.1]:5703, displayName=artemis-build-agent-test], participationId=1751, courseId=874, exerciseId=2449, retryCount=0, priority=2, status=null, repositoryInfo=RepositoryInfo[repositoryName=shorte1e2c8fb0925a040d30912709b8ba4309ae8tstexc-exercise, repositoryType=exercise, triggeredByPushTo=exercise, assignmentRepositoryUri=http://localhost:49152/git/SHORTE1E2C8FB0925A040D30912709B8BA4309AE8TSTEXC/shorte1e2c8fb0925a040d30912709b8ba4309ae8tstexc-exercise.git, testRepositoryUri=http://nadnasidni.tum/scm/SHORTE1E2C8FB0925A040D30912709B8BA4309AE8TSTEXC/SHORTE1E2C8FB0925A040D30912709B8BA4309AE8TSTEXC-tests.git, solutionRepositoryUri=null, auxiliaryRepositoryUris=[Ljava.lang.String;@52c357dc, auxiliaryRepositoryCheckoutDirectories=[Ljava.lang.String;@ca520c6], jobTimingInfo=JobTimingInfo[submissionDate=2025-02-14T23:44:54.411372528Z[Etc/UTC], buildStartDate=2025-02-14T23:44:54.612545140Z[Etc/UTC], buildCompletionDate=null, estimatedCompletionDate=2025-02-14T23:45:13.612539730Z[Etc/UTC], estimatedDuration=19], buildConfig=BuildConfig[buildScript=#!/bin/bash
cd /var/tmp/testing-dir
mvn clean test
, dockerImage=dummy-docker-image, commitHashToBuild=null, assignmentCommitHash=9b3a9bd71a0d80e5bbc42204c319ed3d1d4f0d6d, testCommitHash=9b3a9bd71a0d80e5bbc42204c319ed3d1d4f0d6d, branch=main, programmingLanguage=JAVA, projectType=PLAIN_MAVEN, scaEnabled=false, sequentialTestRunsEnabled=false, resultPaths=[/var/tmp/testing-dir/**/target/surefire-reports/*.xml], timeoutSeconds=0, assignmentCheckoutPath=null, testCheckoutPath=null, solutionCheckoutPath=null, dockerRunConfig=null], submissionResult=null]
java.util.concurrent.CompletionException: java.util.concurrent.ExecutionException: de.tum.cit.aet.artemis.core.exception.LocalCIException: Could not pull Docker image dummy-docker-image
	at de.tum.cit.aet.artemis.buildagent.service.BuildJobManagementService.lambda$executeBuildJob$2(BuildJobManagementService.java:188)
	at de.tum.cit.aet.artemis.buildagent.service.BuildJobManagementService.createCompletableFuture(BuildJobManagementService.java:236)
	at de.tum.cit.aet.artemis.buildagent.service.BuildJobManagementService.executeBuildJob(BuildJobManagementService.java:163)
	at de.tum.cit.aet.artemis.buildagent.service.SharedQueueProcessingService.processBuild(SharedQueueProcessingService.java:413)
	at de.tum.cit.aet.artemis.buildagent.service.SharedQueueProcessingService.checkAvailabilityAndProcessNextBuild(SharedQueueProcessingService.java:269)
	at de.tum.cit.aet.artemis.buildagent.service.SharedQueueProcessingService.lambda$processBuild$5(SharedQueueProcessingService.java:480)
	at java.base/java.util.concurrent.CompletableFuture.uniExceptionally(CompletableFuture.java:990)
	at java.base/java.util.concurrent.CompletableFuture.uniExceptionallyStage(CompletableFuture.java:1008)
	at java.base/java.util.concurrent.CompletableFuture.exceptionally(CompletableFuture.java:2396)
	at de.tum.cit.aet.artemis.buildagent.service.SharedQueueProcessingService.processBuild(SharedQueueProcessingService.java:444)
	at de.tum.cit.aet.artemis.buildagent.service.SharedQueueProcessingService.checkAvailabilityAndProcessNextBuild(SharedQueueProcessingService.java:269)
	at de.tum.cit.aet.artemis.buildagent.service.SharedQueueProcessingService.lambda$processBuild$5(SharedQueueProcessingService.java:480)
	at java.base/java.util.concurrent.CompletableFuture.uniExceptionally(CompletableFuture.java:990)
	at java.base/java.util.concurrent.CompletableFuture.uniExceptionallyStage(CompletableFuture.java:1008)
	at java.base/java.util.concurrent.CompletableFuture.exceptionally(CompletableFuture.java:2396)
	at de.tum.cit.aet.artemis.buildagent.service.SharedQueueProcessingService.processBuild(SharedQueueProcessingService.java:444)
	at de.tum.cit.aet.artemis.buildagent.service.SharedQueueProcessingService.checkAvailabilityAndProcessNextBuild(SharedQueueProcessingService.java:269)
	at de.tum.cit.aet.artemis.buildagent.service.SharedQueueProcessingService.lambda$processBuild$5(SharedQueueProcessingService.java:480)
	at java.base/java.util.concurrent.CompletableFuture.uniExceptionally(CompletableFuture.java:990)
	at java.base/java.util.concurrent.CompletableFuture.uniExceptionallyStage(CompletableFuture.java:1008)
	at java.base/java.util.concurrent.CompletableFuture.exceptionally(CompletableFuture.java:2396)
	at de.tum.cit.aet.artemis.buildagent.service.SharedQueueProcessingService.processBuild(SharedQueueProcessingService.java:444)
	at de.tum.cit.aet.artemis.buildagent.service.SharedQueueProcessingService.checkAvailabilityAndProcessNextBuild(SharedQueueProcessingService.java:269)
	at de.tum.cit.aet.artemis.buildagent.service.SharedQueueProcessingService.lambda$processBuild$5(SharedQueueProcessingService.java:480)
	at java.base/java.util.concurrent.CompletableFuture.uniExceptionally(CompletableFuture.java:990)
	at java.base/java.util.concurrent.CompletableFuture.uniExceptionallyStage(CompletableFuture.java:1008)
	at java.base/java.util.concurrent.CompletableFuture.exceptionally(CompletableFuture.java:2396)
	at de.tum.cit.aet.artemis.buildagent.service.SharedQueueProcessingService.processBuild(SharedQueueProcessingService.java:444)
	at de.tum.cit.aet.artemis.buildagent.service.SharedQueueProcessingService.checkAvailabilityAndProcessNextBuild(SharedQueueProcessingService.java:269)
	at de.tum.cit.aet.artemis.buildagent.service.SharedQueueProcessingService.lambda$processBuild$5(SharedQueueProcessingService.java:480)
	at java.base/java.util.concurrent.CompletableFuture.uniExceptionally(CompletableFuture.java:990)
	at java.base/java.util.concurrent.CompletableFuture.uniExceptionallyStage(CompletableFuture.java:1008)
	at java.base/java.util.concurrent.CompletableFuture.exceptionally(CompletableFuture.java:2396)
	at de.tum.cit.aet.artemis.buildagent.service.SharedQueueProcessingService.processBuild(SharedQueueProcessingService.java:444)
	at de.tum.cit.aet.artemis.buildagent.service.SharedQueueProcessingService.checkAvailabilityAndProcessNextBuild(SharedQueueProcessingService.java:269)
	at de.tum.cit.aet.artemis.buildagent.service.SharedQueueProcessingService.lambda$processBuild$5(SharedQueueProcessingService.java:480)
	at java.base/java.util.concurrent.CompletableFuture.uniExceptionally(CompletableFuture.java:990)
	at java.base/java.util.concurrent.CompletableFuture.uniExceptionallyStage(CompletableFuture.java:1008)
	at java.base/java.util.concurrent.CompletableFuture.exceptionally(CompletableFuture.java:2396)
	at de.tum.cit.aet.artemis.buildagent.service.SharedQueueProcessingService.processBuild(SharedQueueProcessingService.java:444)
	at de.tum.cit.aet.artemis.buildagent.service.SharedQueueProcessingService.checkAvailabilityAndProcessNextBuild(SharedQueueProcessingService.java:269)
	at de.tum.cit.aet.artemis.buildagent.service.SharedQueueProcessingService.lambda$processBuild$5(SharedQueueProcessingService.java:480)
	at java.base/java.util.concurrent.CompletableFuture.uniExceptionally(CompletableFuture.java:990)
	at java.base/java.util.concurrent.CompletableFuture.uniExceptionallyStage(CompletableFuture.java:1008)
	at java.base/java.util.concurrent.CompletableFuture.exceptionally(CompletableFuture.java:2396)
	at de.tum.cit.aet.artemis.buildagent.service.SharedQueueProcessingService.processBuild(SharedQueueProcessingService.java:444)
	at de.tum.cit.aet.artemis.buildagent.service.SharedQueueProcessingService.checkAvailabilityAndProcessNextBuild(SharedQueueProcessingService.java:269)
	at de.tum.cit.aet.artemis.buildagent.service.SharedQueueProcessingService$QueuedBuildJobItemListener.itemAdded(SharedQueueProcessingService.java:594)
	at com.hazelcast.collection.impl.queue.QueueService.lambda$dispatchEvent$1(QueueService.java:277)
	at com.hazelcast.internal.namespace.impl.NoOpUserCodeNamespaceService.runWithNamespace(NoOpUserCodeNamespaceService.java:82)
	at com.hazelcast.internal.namespace.NamespaceUtil.runWithNamespace(NamespaceUtil.java:106)
	at com.hazelcast.collection.impl.queue.QueueService.dispatchEvent(QueueService.java:275)
	at com.hazelcast.collection.impl.queue.QueueService.dispatchEvent(QueueService.java:98)
	at com.hazelcast.spi.impl.eventservice.impl.LocalEventDispatcher.run(LocalEventDispatcher.java:64)
	at com.hazelcast.internal.util.executor.StripedExecutor$Worker.process(StripedExecutor.java:244)
	at com.hazelcast.internal.util.executor.StripedExecutor$Worker.run(StripedExecutor.java:227)
Caused by: java.util.concurrent.ExecutionException: de.tum.cit.aet.artemis.core.exception.LocalCIException: Could not pull Docker image dummy-docker-image
	at java.base/java.util.concurrent.FutureTask.report(FutureTask.java:122)
	at java.base/java.util.concurrent.FutureTask.get(FutureTask.java:205)
	at de.tum.cit.aet.artemis.buildagent.service.BuildJobManagementService.lambda$executeBuildJob$2(BuildJobManagementService.java:165)
	... 55 common frames omitted
Caused by: de.tum.cit.aet.artemis.core.exception.LocalCIException: Could not pull Docker image dummy-docker-image
	at de.tum.cit.aet.artemis.buildagent.service.BuildJobExecutionService.runBuildJob(BuildJobExecutionService.java:157)
	at java.base/jdk.internal.reflect.DirectMethodHandleAccessor.invoke(DirectMethodHandleAccessor.java:103)
	at java.base/java.lang.reflect.Method.invoke(Method.java:580)
	at org.springframework.aop.support.AopUtils.invokeJoinpointUsingReflection(AopUtils.java:359)
	at org.springframework.aop.framework.CglibAopProxy$DynamicAdvisedInterceptor.intercept(CglibAopProxy.java:723)
	at de.tum.cit.aet.artemis.buildagent.service.BuildJobExecutionService$$SpringCGLIB$$0.runBuildJob(<generated>)
	at de.tum.cit.aet.artemis.buildagent.service.BuildJobManagementService.lambda$executeBuildJob$1(BuildJobManagementService.java:129)
	at java.base/java.util.concurrent.FutureTask.run(FutureTask.java:317)
	at java.base/java.util.concurrent.ThreadPoolExecutor.runWorker(ThreadPoolExecutor.java:1144)
	at java.base/java.util.concurrent.ThreadPoolExecutor$Worker.run(ThreadPoolExecutor.java:642)
	at java.base/java.lang.Thread.run(Thread.java:1583)
Caused by: de.tum.cit.aet.artemis.core.exception.LocalCIException: Docker image dummy-docker-image is not compatible with the current architecture. Needed 'linux/amd64', but got 'null'
	at de.tum.cit.aet.artemis.buildagent.service.BuildAgentDockerService.checkImageArchitecture(BuildAgentDockerService.java:291)
	at de.tum.cit.aet.artemis.buildagent.service.BuildAgentDockerService.pullDockerImage(BuildAgentDockerService.java:223)
	at de.tum.cit.aet.artemis.buildagent.service.BuildJobExecutionService.runBuildJob(BuildJobExecutionService.java:152)
	... 10 common frames omitted
    23:44:54.622 | 566 localvc.event-13 | ERROR | a.a.b.s.SharedQueueProcessingService : Error while processing build job: BuildJobQueueItem[id=17511739576694411, name=SHORTE1E2C8FB0925A040D30912709B8BA4309AE8TSTEXC-BASE, buildAgent=BuildAgentDTO[name=artemis-build-agent-test, memberAddress=[127.0.0.1]:5703, displayName=artemis-build-agent-test], participationId=1751, courseId=874, exerciseId=2449, retryCount=0, priority=2, status=null, repositoryInfo=RepositoryInfo[repositoryName=shorte1e2c8fb0925a040d30912709b8ba4309ae8tstexc-exercise, repositoryType=exercise, triggeredByPushTo=exercise, assignmentRepositoryUri=http://localhost:49152/git/SHORTE1E2C8FB0925A040D30912709B8BA4309AE8TSTEXC/shorte1e2c8fb0925a040d30912709b8ba4309ae8tstexc-exercise.git, testRepositoryUri=http://nadnasidni.tum/scm/SHORTE1E2C8FB0925A040D30912709B8BA4309AE8TSTEXC/SHORTE1E2C8FB0925A040D30912709B8BA4309AE8TSTEXC-tests.git, solutionRepositoryUri=null, auxiliaryRepositoryUris=[Ljava.lang.String;@52c357dc, auxiliaryRepositoryCheckoutDirectories=[Ljava.lang.String;@ca520c6], jobTimingInfo=JobTimingInfo[submissionDate=2025-02-14T23:44:54.411372528Z[Etc/UTC], buildStartDate=2025-02-14T23:44:54.612545140Z[Etc/UTC], buildCompletionDate=null, estimatedCompletionDate=2025-02-14T23:45:13.612539730Z[Etc/UTC], estimatedDuration=19], buildConfig=BuildConfig[buildScript=#!/bin/bash
cd /var/tmp/testing-dir
mvn clean test
, dockerImage=dummy-docker-image, commitHashToBuild=null, assignmentCommitHash=9b3a9bd71a0d80e5bbc42204c319ed3d1d4f0d6d, testCommitHash=9b3a9bd71a0d80e5bbc42204c319ed3d1d4f0d6d, branch=main, programmingLanguage=JAVA, projectType=PLAIN_MAVEN, scaEnabled=false, sequentialTestRunsEnabled=false, resultPaths=[/var/tmp/testing-dir/**/target/surefire-reports/*.xml], timeoutSeconds=0, assignmentCheckoutPath=null, testCheckoutPath=null, solutionCheckoutPath=null, dockerRunConfig=null], submissionResult=null]
java.util.concurrent.CompletionException: java.util.concurrent.ExecutionException: de.tum.cit.aet.artemis.core.exception.LocalCIException: Could not pull Docker image dummy-docker-image
	at de.tum.cit.aet.artemis.buildagent.service.BuildJobManagementService.lambda$executeBuildJob$2(BuildJobManagementService.java:188)
	at de.tum.cit.aet.artemis.buildagent.service.BuildJobManagementService.createCompletableFuture(BuildJobManagementService.java:236)
	at de.tum.cit.aet.artemis.buildagent.service.BuildJobManagementService.executeBuildJob(BuildJobManagementService.java:163)
	at de.tum.cit.aet.artemis.buildagent.service.SharedQueueProcessingService.processBuild(SharedQueueProcessingService.java:413)
	at de.tum.cit.aet.artemis.buildagent.service.SharedQueueProcessingService.checkAvailabilityAndProcessNextBuild(SharedQueueProcessingService.java:269)
	at de.tum.cit.aet.artemis.buildagent.service.SharedQueueProcessingService.lambda$processBuild$5(SharedQueueProcessingService.java:480)
	at java.base/java.util.concurrent.CompletableFuture.uniExceptionally(CompletableFuture.java:990)
	at java.base/java.util.concurrent.CompletableFuture.uniExceptionallyStage(CompletableFuture.java:1008)
	at java.base/java.util.concurrent.CompletableFuture.exceptionally(CompletableFuture.java:2396)
	at de.tum.cit.aet.artemis.buildagent.service.SharedQueueProcessingService.processBuild(SharedQueueProcessingService.java:444)
	at de.tum.cit.aet.artemis.buildagent.service.SharedQueueProcessingService.checkAvailabilityAndProcessNextBuild(SharedQueueProcessingService.java:269)
	at de.tum.cit.aet.artemis.buildagent.service.SharedQueueProcessingService.lambda$processBuild$5(SharedQueueProcessingService.java:480)
	at java.base/java.util.concurrent.CompletableFuture.uniExceptionally(CompletableFuture.java:990)
	at java.base/java.util.concurrent.CompletableFuture.uniExceptionallyStage(CompletableFuture.java:1008)
	at java.base/java.util.concurrent.CompletableFuture.exceptionally(CompletableFuture.java:2396)
	at de.tum.cit.aet.artemis.buildagent.service.SharedQueueProcessingService.processBuild(SharedQueueProcessingService.java:444)
	at de.tum.cit.aet.artemis.buildagent.service.SharedQueueProcessingService.checkAvailabilityAndProcessNextBuild(SharedQueueProcessingService.java:269)
	at de.tum.cit.aet.artemis.buildagent.service.SharedQueueProcessingService.lambda$processBuild$5(SharedQueueProcessingService.java:480)
	at java.base/java.util.concurrent.CompletableFuture.uniExceptionally(CompletableFuture.java:990)
	at java.base/java.util.concurrent.CompletableFuture.uniExceptionallyStage(CompletableFuture.java:1008)
	at java.base/java.util.concurrent.CompletableFuture.exceptionally(CompletableFuture.java:2396)
	at de.tum.cit.aet.artemis.buildagent.service.SharedQueueProcessingService.processBuild(SharedQueueProcessingService.java:444)
	at de.tum.cit.aet.artemis.buildagent.service.SharedQueueProcessingService.checkAvailabilityAndProcessNextBuild(SharedQueueProcessingService.java:269)
	at de.tum.cit.aet.artemis.buildagent.service.SharedQueueProcessingService.lambda$processBuild$5(SharedQueueProcessingService.java:480)
	at java.base/java.util.concurrent.CompletableFuture.uniExceptionally(CompletableFuture.java:990)
	at java.base/java.util.concurrent.CompletableFuture.uniExceptionallyStage(CompletableFuture.java:1008)
	at java.base/java.util.concurrent.CompletableFuture.exceptionally(CompletableFuture.java:2396)
	at de.tum.cit.aet.artemis.buildagent.service.SharedQueueProcessingService.processBuild(SharedQueueProcessingService.java:444)
	at de.tum.cit.aet.artemis.buildagent.service.SharedQueueProcessingService.checkAvailabilityAndProcessNextBuild(SharedQueueProcessingService.java:269)
	at de.tum.cit.aet.artemis.buildagent.service.SharedQueueProcessingService.lambda$processBuild$5(SharedQueueProcessingService.java:480)
	at java.base/java.util.concurrent.CompletableFuture.uniExceptionally(CompletableFuture.java:990)
	at java.base/java.util.concurrent.CompletableFuture.uniExceptionallyStage(CompletableFuture.java:1008)
	at java.base/java.util.concurrent.CompletableFuture.exceptionally(CompletableFuture.java:2396)
	at de.tum.cit.aet.artemis.buildagent.service.SharedQueueProcessingService.processBuild(SharedQueueProcessingService.java:444)
	at de.tum.cit.aet.artemis.buildagent.service.SharedQueueProcessingService.checkAvailabilityAndProcessNextBuild(SharedQueueProcessingService.java:269)
	at de.tum.cit.aet.artemis.buildagent.service.SharedQueueProcessingService.lambda$processBuild$5(SharedQueueProcessingService.java:480)
	at java.base/java.util.concurrent.CompletableFuture.uniExceptionally(CompletableFuture.java:990)
	at java.base/java.util.concurrent.CompletableFuture.uniExceptionallyStage(CompletableFuture.java:1008)
	at java.base/java.util.concurrent.CompletableFuture.exceptionally(CompletableFuture.java:2396)
	at de.tum.cit.aet.artemis.buildagent.service.SharedQueueProcessingService.processBuild(SharedQueueProcessingService.java:444)
	at de.tum.cit.aet.artemis.buildagent.service.SharedQueueProcessingService.checkAvailabilityAndProcessNextBuild(SharedQueueProcessingService.java:269)
	at de.tum.cit.aet.artemis.buildagent.service.SharedQueueProcessingService.lambda$processBuild$5(SharedQueueProcessingService.java:480)
	at java.base/java.util.concurrent.CompletableFuture.uniExceptionally(CompletableFuture.java:990)
	at java.base/java.util.concurrent.CompletableFuture.uniExceptionallyStage(CompletableFuture.java:1008)
	at java.base/java.util.concurrent.CompletableFuture.exceptionally(CompletableFuture.java:2396)
	at de.tum.cit.aet.artemis.buildagent.service.SharedQueueProcessingService.processBuild(SharedQueueProcessingService.java:444)
	at de.tum.cit.aet.artemis.buildagent.service.SharedQueueProcessingService.checkAvailabilityAndProcessNextBuild(SharedQueueProcessingService.java:269)
	at de.tum.cit.aet.artemis.buildagent.service.SharedQueueProcessingService$QueuedBuildJobItemListener.itemAdded(SharedQueueProcessingService.java:594)
	at com.hazelcast.collection.impl.queue.QueueService.lambda$dispatchEvent$1(QueueService.java:277)
	at com.hazelcast.internal.namespace.impl.NoOpUserCodeNamespaceService.runWithNamespace(NoOpUserCodeNamespaceService.java:82)
	at com.hazelcast.internal.namespace.NamespaceUtil.runWithNamespace(NamespaceUtil.java:106)
	at com.hazelcast.collection.impl.queue.QueueService.dispatchEvent(QueueService.java:275)
	at com.hazelcast.collection.impl.queue.QueueService.dispatchEvent(QueueService.java:98)
	at com.hazelcast.spi.impl.eventservice.impl.LocalEventDispatcher.run(LocalEventDispatcher.java:64)
	at com.hazelcast.internal.util.executor.StripedExecutor$Worker.process(StripedExecutor.java:244)
	at com.hazelcast.internal.util.executor.StripedExecutor$Worker.run(StripedExecutor.java:227)
Caused by: java.util.concurrent.ExecutionException: de.tum.cit.aet.artemis.core.exception.LocalCIException: Could not pull Docker image dummy-docker-image
	at java.base/java.util.concurrent.FutureTask.report(FutureTask.java:122)
	at java.base/java.util.concurrent.FutureTask.get(FutureTask.java:205)
	at de.tum.cit.aet.artemis.buildagent.service.BuildJobManagementService.lambda$executeBuildJob$2(BuildJobManagementService.java:165)
	... 55 common frames omitted
Caused by: de.tum.cit.aet.artemis.core.exception.LocalCIException: Could not pull Docker image dummy-docker-image
	at de.tum.cit.aet.artemis.buildagent.service.BuildJobExecutionService.runBuildJob(BuildJobExecutionService.java:157)
	at java.base/jdk.internal.reflect.DirectMethodHandleAccessor.invoke(DirectMethodHandleAccessor.java:103)
	at java.base/java.lang.reflect.Method.invoke(Method.java:580)
	at org.springframework.aop.support.AopUtils.invokeJoinpointUsingReflection(AopUtils.java:359)
	at org.springframework.aop.framework.CglibAopProxy$DynamicAdvisedInterceptor.intercept(CglibAopProxy.java:723)
	at de.tum.cit.aet.artemis.buildagent.service.BuildJobExecutionService$$SpringCGLIB$$0.runBuildJob(<generated>)
	at de.tum.cit.aet.artemis.buildagent.service.BuildJobManagementService.lambda$executeBuildJob$1(BuildJobManagementService.java:129)
	at java.base/java.util.concurrent.FutureTask.run(FutureTask.java:317)
	at java.base/java.util.concurrent.ThreadPoolExecutor.runWorker(ThreadPoolExecutor.java:1144)
	at java.base/java.util.concurrent.ThreadPoolExecutor$Worker.run(ThreadPoolExecutor.java:642)
	at java.base/java.lang.Thread.run(Thread.java:1583)
Caused by: de.tum.cit.aet.artemis.core.exception.LocalCIException: Docker image dummy-docker-image is not compatible with the current architecture. Needed 'linux/amd64', but got 'null'
	at de.tum.cit.aet.artemis.buildagent.service.BuildAgentDockerService.checkImageArchitecture(BuildAgentDockerService.java:291)
	at de.tum.cit.aet.artemis.buildagent.service.BuildAgentDockerService.pullDockerImage(BuildAgentDockerService.java:223)
	at de.tum.cit.aet.artemis.buildagent.service.BuildJobExecutionService.runBuildJob(BuildJobExecutionService.java:152)
	... 10 common frames omitted
    23:44:54.624 | 568 localvc.event-15 | DEBUG | a.p.s.l.LocalCIQueueWebsocketService : CIBuildJobQueueItem removed from processing jobs: BuildJobQueueItem[id=17511739576694411, name=SHORTE1E2C8FB0925A040D30912709B8BA4309AE8TSTEXC-BASE, buildAgent=BuildAgentDTO[name=artemis-build-agent-test, memberAddress=[127.0.0.1]:5703, displayName=artemis-build-agent-test], participationId=1751, courseId=874, exerciseId=2449, retryCount=0, priority=2, status=null, repositoryInfo=RepositoryInfo[repositoryName=shorte1e2c8fb0925a040d30912709b8ba4309ae8tstexc-exercise, repositoryType=exercise, triggeredByPushTo=exercise, assignmentRepositoryUri=http://localhost:49152/git/SHORTE1E2C8FB0925A040D30912709B8BA4309AE8TSTEXC/shorte1e2c8fb0925a040d30912709b8ba4309ae8tstexc-exercise.git, testRepositoryUri=http://nadnasidni.tum/scm/SHORTE1E2C8FB0925A040D30912709B8BA4309AE8TSTEXC/SHORTE1E2C8FB0925A040D30912709B8BA4309AE8TSTEXC-tests.git, solutionRepositoryUri=null, auxiliaryRepositoryUris=[Ljava.lang.String;@3681f5c, auxiliaryRepositoryCheckoutDirectories=[Ljava.lang.String;@64966f4c], jobTimingInfo=JobTimingInfo[submissionDate=2025-02-14T23:44:54.411372528Z[Etc/UTC], buildStartDate=2025-02-14T23:44:54.612545140Z[Etc/UTC], buildCompletionDate=null, estimatedCompletionDate=2025-02-14T23:45:13.612539730Z[Etc/UTC], estimatedDuration=19], buildConfig=BuildConfig[buildScript=#!/bin/bash
cd /var/tmp/testing-dir
mvn clean test
, dockerImage=dummy-docker-image, commitHashToBuild=null, assignmentCommitHash=9b3a9bd71a0d80e5bbc42204c319ed3d1d4f0d6d, testCommitHash=9b3a9bd71a0d80e5bbc42204c319ed3d1d4f0d6d, branch=main, programmingLanguage=JAVA, projectType=PLAIN_MAVEN, scaEnabled=false, sequentialTestRunsEnabled=false, resultPaths=[/var/tmp/testing-dir/**/target/surefire-reports/*.xml], timeoutSeconds=0, assignmentCheckoutPath=null, testCheckoutPath=null, solutionCheckoutPath=null, dockerRunConfig=null], submissionResult=null]
    23:44:54.624 | 568 localvc.event-15 | DEBUG | s.l.LocalCIWebsocketMessagingService : Sending message on topic /topic/admin/running-jobs: []
    23:44:54.624 | 568 localvc.event-15 | DEBUG | s.l.LocalCIWebsocketMessagingService : Sending message on topic /topic/courses/874/running-jobs: []
    23:44:54.633 | 566 localvc.event-13 | DEBUG | a.a.b.s.SharedQueueProcessingService : Currently processing jobs on this node: 0, active threads in Pool: 0, maximum pool size of thread executor : 1
    23:44:54.633 | 566 localvc.event-13 | DEBUG | a.a.b.s.SharedQueueProcessingService : Currently processing jobs on this node: 0, active threads in Pool: 0, maximum pool size of thread executor : 1
    23:44:54.634 | 568 localvc.event-15 | DEBUG | a.p.s.l.LocalCIQueueWebsocketService : CIBuildJobQueueItem added to processing jobs: BuildJobQueueItem[id=17521739576694519, name=SHORTFDB0CC0C02BA4046D90BD74095B77B392C2CTSTEXC-SOLUTION, buildAgent=BuildAgentDTO[name=artemis-build-agent-test, memberAddress=[127.0.0.1]:5703, displayName=artemis-build-agent-test], participationId=1752, courseId=875, exerciseId=2450, retryCount=0, priority=2, status=null, repositoryInfo=RepositoryInfo[repositoryName=shortfdb0cc0c02ba4046d90bd74095b77b392c2ctstexc-solution, repositoryType=solution, triggeredByPushTo=solution, assignmentRepositoryUri=http://localhost:49152/git/SHORTFDB0CC0C02BA4046D90BD74095B77B392C2CTSTEXC/shortfdb0cc0c02ba4046d90bd74095b77b392c2ctstexc-solution.git, testRepositoryUri=http://nadnasidni.tum/scm/SHORTFDB0CC0C02BA4046D90BD74095B77B392C2CTSTEXC/SHORTFDB0CC0C02BA4046D90BD74095B77B392C2CTSTEXC-tests.git, solutionRepositoryUri=null, auxiliaryRepositoryUris=[Ljava.lang.String;@36492b6c, auxiliaryRepositoryCheckoutDirectories=[Ljava.lang.String;@61f2dee6], jobTimingInfo=JobTimingInfo[submissionDate=2025-02-14T23:44:54.519944287Z[Etc/UTC], buildStartDate=2025-02-14T23:44:54.633715Z[Etc/UTC], buildCompletionDate=null, estimatedCompletionDate=2025-02-14T23:45:13.633710151Z[Etc/UTC], estimatedDuration=19], buildConfig=BuildConfig[buildScript=#!/bin/bash
cd /var/tmp/testing-dir
mvn clean test
, dockerImage=dummy-docker-image, commitHashToBuild=null, assignmentCommitHash=9b3a9bd71a0d80e5bbc42204c319ed3d1d4f0d6d, testCommitHash=9b3a9bd71a0d80e5bbc42204c319ed3d1d4f0d6d, branch=main, programmingLanguage=JAVA, projectType=PLAIN_MAVEN, scaEnabled=false, sequentialTestRunsEnabled=false, resultPaths=[/var/tmp/testing-dir/**/target/surefire-reports/*.xml], timeoutSeconds=0, assignmentCheckoutPath=null, testCheckoutPath=null, solutionCheckoutPath=null, dockerRunConfig=null], submissionResult=null]
    23:44:54.634 | 568 localvc.event-15 | DEBUG | s.l.LocalCIWebsocketMessagingService : Sending message on topic /topic/admin/running-jobs: [BuildJobQueueItem[id=17521739576694519, name=SHORTFDB0CC0C02BA4046D90BD74095B77B392C2CTSTEXC-SOLUTION, buildAgent=BuildAgentDTO[name=artemis-build-agent-test, memberAddress=[127.0.0.1]:5703, displayName=artemis-build-agent-test], participationId=1752, courseId=875, exerciseId=2450, retryCount=0, priority=2, status=null, repositoryInfo=RepositoryInfo[repositoryName=shortfdb0cc0c02ba4046d90bd74095b77b392c2ctstexc-solution, repositoryType=solution, triggeredByPushTo=solution, assignmentRepositoryUri=, testRepositoryUri=, solutionRepositoryUri=, auxiliaryRepositoryUris=null, auxiliaryRepositoryCheckoutDirectories=null], jobTimingInfo=JobTimingInfo[submissionDate=2025-02-14T23:44:54.519944287Z[Etc/UTC], buildStartDate=2025-02-14T23:44:54.633715Z[Etc/UTC], buildCompletionDate=null, estimatedCompletionDate=2025-02-14T23:45:13.633710151Z[Etc/UTC], estimatedDuration=19], buildConfig=BuildConfig[buildScript=, dockerImage=, commitHashToBuild=null, assignmentCommitHash=, testCommitHash=, branch=, programmingLanguage=null, projectType=null, scaEnabled=false, sequentialTestRunsEnabled=false, resultPaths=null, timeoutSeconds=0, assignmentCheckoutPath=, testCheckoutPath=, solutionCheckoutPath=, dockerRunConfig=null], submissionResult=null]]
    23:44:54.634 | 568 localvc.event-15 | DEBUG | s.l.LocalCIWebsocketMessagingService : Sending message on topic /topic/courses/875/running-jobs: [BuildJobQueueItem[id=17521739576694519, name=SHORTFDB0CC0C02BA4046D90BD74095B77B392C2CTSTEXC-SOLUTION, buildAgent=BuildAgentDTO[name=artemis-build-agent-test, memberAddress=[127.0.0.1]:5703, displayName=artemis-build-agent-test], participationId=1752, courseId=875, exerciseId=2450, retryCount=0, priority=2, status=null, repositoryInfo=RepositoryInfo[repositoryName=shortfdb0cc0c02ba4046d90bd74095b77b392c2ctstexc-solution, repositoryType=solution, triggeredByPushTo=solution, assignmentRepositoryUri=, testRepositoryUri=, solutionRepositoryUri=, auxiliaryRepositoryUris=null, auxiliaryRepositoryCheckoutDirectories=null], jobTimingInfo=JobTimingInfo[submissionDate=2025-02-14T23:44:54.519944287Z[Etc/UTC], buildStartDate=2025-02-14T23:44:54.633715Z[Etc/UTC], buildCompletionDate=null, estimatedCompletionDate=2025-02-14T23:45:13.633710151Z[Etc/UTC], estimatedDuration=19], buildConfig=BuildConfig[buildScript=, dockerImage=, commitHashToBuild=null, assignmentCommitHash=, testCommitHash=, branch=, programmingLanguage=null, projectType=null, scaEnabled=false, sequentialTestRunsEnabled=false, resultPaths=null, timeoutSeconds=0, assignmentCheckoutPath=, testCheckoutPath=, solutionCheckoutPath=, dockerRunConfig=null], submissionResult=null]]
    23:44:54.637 | 588 artemis-task-1   | DEBUG | d.t.c.a.a.c.c.w.GzipMessageConverter : Compressed message payload from 903 to 648 (saved 28.2% payload size)
    23:44:54.637 | 588 artemis-task-1   | DEBUG | d.t.c.a.a.c.c.w.GzipMessageConverter : Compressed message payload from 903 to 648 (saved 28.2% payload size)
    23:44:54.639 | 462 ool-1-worker-226 | INFO  | i.z.t.d.l.EmbeddedDatabaseReporter   : JDBC URL to connect to 'dataSource': url='jdbc:h2:tcp://localhost:41063/mem:f240edcd-27ce-47a3-b4ab-a6a00c154135;USER=sa', scope='ProgrammingExerciseTestCaseServiceTest#shouldUpdateTestWeight'
    23:44:54.641 | 566 localvc.event-13 | INFO  | a.a.b.s.SharedQueueProcessingService : Processing build job: BuildJobQueueItem[id=17521739576694519, name=SHORTFDB0CC0C02BA4046D90BD74095B77B392C2CTSTEXC-SOLUTION, buildAgent=BuildAgentDTO[name=artemis-build-agent-test, memberAddress=[127.0.0.1]:5703, displayName=artemis-build-agent-test], participationId=1752, courseId=875, exerciseId=2450, retryCount=0, priority=2, status=null, repositoryInfo=RepositoryInfo[repositoryName=shortfdb0cc0c02ba4046d90bd74095b77b392c2ctstexc-solution, repositoryType=solution, triggeredByPushTo=solution, assignmentRepositoryUri=http://localhost:49152/git/SHORTFDB0CC0C02BA4046D90BD74095B77B392C2CTSTEXC/shortfdb0cc0c02ba4046d90bd74095b77b392c2ctstexc-solution.git, testRepositoryUri=http://nadnasidni.tum/scm/SHORTFDB0CC0C02BA4046D90BD74095B77B392C2CTSTEXC/SHORTFDB0CC0C02BA4046D90BD74095B77B392C2CTSTEXC-tests.git, solutionRepositoryUri=null, auxiliaryRepositoryUris=[Ljava.lang.String;@7406f685, auxiliaryRepositoryCheckoutDirectories=[Ljava.lang.String;@7f7d6690], jobTimingInfo=JobTimingInfo[submissionDate=2025-02-14T23:44:54.519944287Z[Etc/UTC], buildStartDate=2025-02-14T23:44:54.633715Z[Etc/UTC], buildCompletionDate=null, estimatedCompletionDate=2025-02-14T23:45:13.633710151Z[Etc/UTC], estimatedDuration=19], buildConfig=BuildConfig[buildScript=#!/bin/bash
cd /var/tmp/testing-dir
mvn clean test
, dockerImage=dummy-docker-image, commitHashToBuild=null, assignmentCommitHash=9b3a9bd71a0d80e5bbc42204c319ed3d1d4f0d6d, testCommitHash=9b3a9bd71a0d80e5bbc42204c319ed3d1d4f0d6d, branch=main, programmingLanguage=JAVA, projectType=PLAIN_MAVEN, scaEnabled=false, sequentialTestRunsEnabled=false, resultPaths=[/var/tmp/testing-dir/**/target/surefire-reports/*.xml], timeoutSeconds=0, assignmentCheckoutPath=null, testCheckoutPath=null, solutionCheckoutPath=null, dockerRunConfig=null], submissionResult=null]
    23:44:54.641 | 081 local-ci-build-0 | DEBUG | t.c.a.a.b.s.BuildJobExecutionService : ~~~~~~~~~~~~~~~~~~~~ Start Build Job 17521739576694519 ~~~~~~~~~~~~~~~~~~~~
    23:44:54.641 | 081 local-ci-build-0 | INFO  | .t.c.a.a.b.s.BuildAgentDockerService : ~~~~~~~~~~~~~~~~~~~~ Inspecting docker image dummy-docker-image ~~~~~~~~~~~~~~~~~~~~
    23:44:54.641 | 081 local-ci-build-0 | ERROR | .t.c.a.a.b.s.BuildAgentDockerService : Docker image dummy-docker-image is not compatible with the current architecture. Needed 'linux/amd64', but got 'null'
    23:44:54.643 | 566 localvc.event-13 | ERROR | .c.a.a.b.s.BuildJobManagementService : Error while executing build job 17521739576694519: de.tum.cit.aet.artemis.core.exception.LocalCIException: Could not pull Docker image dummy-docker-image
java.util.concurrent.ExecutionException: de.tum.cit.aet.artemis.core.exception.LocalCIException: Could not pull Docker image dummy-docker-image
	at java.base/java.util.concurrent.FutureTask.report(FutureTask.java:122)
	at java.base/java.util.concurrent.FutureTask.get(FutureTask.java:205)
	at de.tum.cit.aet.artemis.buildagent.service.BuildJobManagementService.lambda$executeBuildJob$2(BuildJobManagementService.java:165)
	at de.tum.cit.aet.artemis.buildagent.service.BuildJobManagementService.createCompletableFuture(BuildJobManagementService.java:236)
	at de.tum.cit.aet.artemis.buildagent.service.BuildJobManagementService.executeBuildJob(BuildJobManagementService.java:163)
	at de.tum.cit.aet.artemis.buildagent.service.SharedQueueProcessingService.processBuild(SharedQueueProcessingService.java:413)
	at de.tum.cit.aet.artemis.buildagent.service.SharedQueueProcessingService.checkAvailabilityAndProcessNextBuild(SharedQueueProcessingService.java:269)
	at de.tum.cit.aet.artemis.buildagent.service.SharedQueueProcessingService.lambda$processBuild$5(SharedQueueProcessingService.java:480)
	at java.base/java.util.concurrent.CompletableFuture.uniExceptionally(CompletableFuture.java:990)
	at java.base/java.util.concurrent.CompletableFuture.uniExceptionallyStage(CompletableFuture.java:1008)
	at java.base/java.util.concurrent.CompletableFuture.exceptionally(CompletableFuture.java:2396)
	at de.tum.cit.aet.artemis.buildagent.service.SharedQueueProcessingService.processBuild(SharedQueueProcessingService.java:444)
	at de.tum.cit.aet.artemis.buildagent.service.SharedQueueProcessingService.checkAvailabilityAndProcessNextBuild(SharedQueueProcessingService.java:269)
	at de.tum.cit.aet.artemis.buildagent.service.SharedQueueProcessingService.lambda$processBuild$5(SharedQueueProcessingService.java:480)
	at java.base/java.util.concurrent.CompletableFuture.uniExceptionally(CompletableFuture.java:990)
	at java.base/java.util.concurrent.CompletableFuture.uniExceptionallyStage(CompletableFuture.java:1008)
	at java.base/java.util.concurrent.CompletableFuture.exceptionally(CompletableFuture.java:2396)
	at de.tum.cit.aet.artemis.buildagent.service.SharedQueueProcessingService.processBuild(SharedQueueProcessingService.java:444)
	at de.tum.cit.aet.artemis.buildagent.service.SharedQueueProcessingService.checkAvailabilityAndProcessNextBuild(SharedQueueProcessingService.java:269)
	at de.tum.cit.aet.artemis.buildagent.service.SharedQueueProcessingService.lambda$processBuild$5(SharedQueueProcessingService.java:480)
	at java.base/java.util.concurrent.CompletableFuture.uniExceptionally(CompletableFuture.java:990)
	at java.base/java.util.concurrent.CompletableFuture.uniExceptionallyStage(CompletableFuture.java:1008)
	at java.base/java.util.concurrent.CompletableFuture.exceptionally(CompletableFuture.java:2396)
	at de.tum.cit.aet.artemis.buildagent.service.SharedQueueProcessingService.processBuild(SharedQueueProcessingService.java:444)
	at de.tum.cit.aet.artemis.buildagent.service.SharedQueueProcessingService.checkAvailabilityAndProcessNextBuild(SharedQueueProcessingService.java:269)
	at de.tum.cit.aet.artemis.buildagent.service.SharedQueueProcessingService.lambda$processBuild$5(SharedQueueProcessingService.java:480)
	at java.base/java.util.concurrent.CompletableFuture.uniExceptionally(CompletableFuture.java:990)
	at java.base/java.util.concurrent.CompletableFuture.uniExceptionallyStage(CompletableFuture.java:1008)
	at java.base/java.util.concurrent.CompletableFuture.exceptionally(CompletableFuture.java:2396)
	at de.tum.cit.aet.artemis.buildagent.service.SharedQueueProcessingService.processBuild(SharedQueueProcessingService.java:444)
	at de.tum.cit.aet.artemis.buildagent.service.SharedQueueProcessingService.checkAvailabilityAndProcessNextBuild(SharedQueueProcessingService.java:269)
	at de.tum.cit.aet.artemis.buildagent.service.SharedQueueProcessingService.lambda$processBuild$5(SharedQueueProcessingService.java:480)
	at java.base/java.util.concurrent.CompletableFuture.uniExceptionally(CompletableFuture.java:990)
	at java.base/java.util.concurrent.CompletableFuture.uniExceptionallyStage(CompletableFuture.java:1008)
	at java.base/java.util.concurrent.CompletableFuture.exceptionally(CompletableFuture.java:2396)
	at de.tum.cit.aet.artemis.buildagent.service.SharedQueueProcessingService.processBuild(SharedQueueProcessingService.java:444)
	at de.tum.cit.aet.artemis.buildagent.service.SharedQueueProcessingService.checkAvailabilityAndProcessNextBuild(SharedQueueProcessingService.java:269)
	at de.tum.cit.aet.artemis.buildagent.service.SharedQueueProcessingService.lambda$processBuild$5(SharedQueueProcessingService.java:480)
	at java.base/java.util.concurrent.CompletableFuture.uniExceptionally(CompletableFuture.java:990)
	at java.base/java.util.concurrent.CompletableFuture.uniExceptionallyStage(CompletableFuture.java:1008)
	at java.base/java.util.concurrent.CompletableFuture.exceptionally(CompletableFuture.java:2396)
	at de.tum.cit.aet.artemis.buildagent.service.SharedQueueProcessingService.processBuild(SharedQueueProcessingService.java:444)
	at de.tum.cit.aet.artemis.buildagent.service.SharedQueueProcessingService.checkAvailabilityAndProcessNextBuild(SharedQueueProcessingService.java:269)
	at de.tum.cit.aet.artemis.buildagent.service.SharedQueueProcessingService.lambda$processBuild$5(SharedQueueProcessingService.java:480)
	at java.base/java.util.concurrent.CompletableFuture.uniExceptionally(CompletableFuture.java:990)
	at java.base/java.util.concurrent.CompletableFuture.uniExceptionallyStage(CompletableFuture.java:1008)
	at java.base/java.util.concurrent.CompletableFuture.exceptionally(CompletableFuture.java:2396)
	at de.tum.cit.aet.artemis.buildagent.service.SharedQueueProcessingService.processBuild(SharedQueueProcessingService.java:444)
	at de.tum.cit.aet.artemis.buildagent.service.SharedQueueProcessingService.checkAvailabilityAndProcessNextBuild(SharedQueueProcessingService.java:269)
	at de.tum.cit.aet.artemis.buildagent.service.SharedQueueProcessingService.lambda$processBuild$5(SharedQueueProcessingService.java:480)
	at java.base/java.util.concurrent.CompletableFuture.uniExceptionally(CompletableFuture.java:990)
	at java.base/java.util.concurrent.CompletableFuture.uniExceptionallyStage(CompletableFuture.java:1008)
	at java.base/java.util.concurrent.CompletableFuture.exceptionally(CompletableFuture.java:2396)
	at de.tum.cit.aet.artemis.buildagent.service.SharedQueueProcessingService.processBuild(SharedQueueProcessingService.java:444)
	at de.tum.cit.aet.artemis.buildagent.service.SharedQueueProcessingService.checkAvailabilityAndProcessNextBuild(SharedQueueProcessingService.java:269)
	at de.tum.cit.aet.artemis.buildagent.service.SharedQueueProcessingService$QueuedBuildJobItemListener.itemAdded(SharedQueueProcessingService.java:594)
	at com.hazelcast.collection.impl.queue.QueueService.lambda$dispatchEvent$1(QueueService.java:277)
	at com.hazelcast.internal.namespace.impl.NoOpUserCodeNamespaceService.runWithNamespace(NoOpUserCodeNamespaceService.java:82)
	at com.hazelcast.internal.namespace.NamespaceUtil.runWithNamespace(NamespaceUtil.java:106)
	at com.hazelcast.collection.impl.queue.QueueService.dispatchEvent(QueueService.java:275)
	at com.hazelcast.collection.impl.queue.QueueService.dispatchEvent(QueueService.java:98)
	at com.hazelcast.spi.impl.eventservice.impl.LocalEventDispatcher.run(LocalEventDispatcher.java:64)
	at com.hazelcast.internal.util.executor.StripedExecutor$Worker.process(StripedExecutor.java:244)
	at com.hazelcast.internal.util.executor.StripedExecutor$Worker.run(StripedExecutor.java:227)
Caused by: de.tum.cit.aet.artemis.core.exception.LocalCIException: Could not pull Docker image dummy-docker-image
	at de.tum.cit.aet.artemis.buildagent.service.BuildJobExecutionService.runBuildJob(BuildJobExecutionService.java:157)
	at java.base/jdk.internal.reflect.DirectMethodHandleAccessor.invoke(DirectMethodHandleAccessor.java:103)
	at java.base/java.lang.reflect.Method.invoke(Method.java:580)
	at org.springframework.aop.support.AopUtils.invokeJoinpointUsingReflection(AopUtils.java:359)
	at org.springframework.aop.framework.CglibAopProxy$DynamicAdvisedInterceptor.intercept(CglibAopProxy.java:723)
	at de.tum.cit.aet.artemis.buildagent.service.BuildJobExecutionService$$SpringCGLIB$$0.runBuildJob(<generated>)
	at de.tum.cit.aet.artemis.buildagent.service.BuildJobManagementService.lambda$executeBuildJob$1(BuildJobManagementService.java:129)
	at java.base/java.util.concurrent.FutureTask.run(FutureTask.java:317)
	at java.base/java.util.concurrent.ThreadPoolExecutor.runWorker(ThreadPoolExecutor.java:1144)
	at java.base/java.util.concurrent.ThreadPoolExecutor$Worker.run(ThreadPoolExecutor.java:642)
	at java.base/java.lang.Thread.run(Thread.java:1583)
Caused by: de.tum.cit.aet.artemis.core.exception.LocalCIException: Docker image dummy-docker-image is not compatible with the current architecture. Needed 'linux/amd64', but got 'null'
	at de.tum.cit.aet.artemis.buildagent.service.BuildAgentDockerService.checkImageArchitecture(BuildAgentDockerService.java:291)
	at de.tum.cit.aet.artemis.buildagent.service.BuildAgentDockerService.pullDockerImage(BuildAgentDockerService.java:223)
	at de.tum.cit.aet.artemis.buildagent.service.BuildJobExecutionService.runBuildJob(BuildJobExecutionService.java:152)
	... 10 common frames omitted
    23:44:54.643 | 566 localvc.event-13 | INFO  | .c.a.a.b.s.BuildJobManagementService : Getting ID of running container local-ci-17521739576694519
    23:44:54.643 | 566 localvc.event-13 | INFO  | .c.a.a.b.s.BuildJobManagementService : Stopping unresponsive container with ID null
    23:44:54.643 | 566 localvc.event-13 | DEBUG | a.a.b.s.SharedQueueProcessingService : Build job completed with exception: BuildJobQueueItem[id=17521739576694519, name=SHORTFDB0CC0C02BA4046D90BD74095B77B392C2CTSTEXC-SOLUTION, buildAgent=BuildAgentDTO[name=artemis-build-agent-test, memberAddress=[127.0.0.1]:5703, displayName=artemis-build-agent-test], participationId=1752, courseId=875, exerciseId=2450, retryCount=0, priority=2, status=null, repositoryInfo=RepositoryInfo[repositoryName=shortfdb0cc0c02ba4046d90bd74095b77b392c2ctstexc-solution, repositoryType=solution, triggeredByPushTo=solution, assignmentRepositoryUri=http://localhost:49152/git/SHORTFDB0CC0C02BA4046D90BD74095B77B392C2CTSTEXC/shortfdb0cc0c02ba4046d90bd74095b77b392c2ctstexc-solution.git, testRepositoryUri=http://nadnasidni.tum/scm/SHORTFDB0CC0C02BA4046D90BD74095B77B392C2CTSTEXC/SHORTFDB0CC0C02BA4046D90BD74095B77B392C2CTSTEXC-tests.git, solutionRepositoryUri=null, auxiliaryRepositoryUris=[Ljava.lang.String;@7406f685, auxiliaryRepositoryCheckoutDirectories=[Ljava.lang.String;@7f7d6690], jobTimingInfo=JobTimingInfo[submissionDate=2025-02-14T23:44:54.519944287Z[Etc/UTC], buildStartDate=2025-02-14T23:44:54.633715Z[Etc/UTC], buildCompletionDate=null, estimatedCompletionDate=2025-02-14T23:45:13.633710151Z[Etc/UTC], estimatedDuration=19], buildConfig=BuildConfig[buildScript=#!/bin/bash
cd /var/tmp/testing-dir
mvn clean test
, dockerImage=dummy-docker-image, commitHashToBuild=null, assignmentCommitHash=9b3a9bd71a0d80e5bbc42204c319ed3d1d4f0d6d, testCommitHash=9b3a9bd71a0d80e5bbc42204c319ed3d1d4f0d6d, branch=main, programmingLanguage=JAVA, projectType=PLAIN_MAVEN, scaEnabled=false, sequentialTestRunsEnabled=false, resultPaths=[/var/tmp/testing-dir/**/target/surefire-reports/*.xml], timeoutSeconds=0, assignmentCheckoutPath=null, testCheckoutPath=null, solutionCheckoutPath=null, dockerRunConfig=null], submissionResult=null]
java.util.concurrent.CompletionException: java.util.concurrent.ExecutionException: de.tum.cit.aet.artemis.core.exception.LocalCIException: Could not pull Docker image dummy-docker-image
	at de.tum.cit.aet.artemis.buildagent.service.BuildJobManagementService.lambda$executeBuildJob$2(BuildJobManagementService.java:188)
	at de.tum.cit.aet.artemis.buildagent.service.BuildJobManagementService.createCompletableFuture(BuildJobManagementService.java:236)
	at de.tum.cit.aet.artemis.buildagent.service.BuildJobManagementService.executeBuildJob(BuildJobManagementService.java:163)
	at de.tum.cit.aet.artemis.buildagent.service.SharedQueueProcessingService.processBuild(SharedQueueProcessingService.java:413)
	at de.tum.cit.aet.artemis.buildagent.service.SharedQueueProcessingService.checkAvailabilityAndProcessNextBuild(SharedQueueProcessingService.java:269)
	at de.tum.cit.aet.artemis.buildagent.service.SharedQueueProcessingService.lambda$processBuild$5(SharedQueueProcessingService.java:480)
	at java.base/java.util.concurrent.CompletableFuture.uniExceptionally(CompletableFuture.java:990)
	at java.base/java.util.concurrent.CompletableFuture.uniExceptionallyStage(CompletableFuture.java:1008)
	at java.base/java.util.concurrent.CompletableFuture.exceptionally(CompletableFuture.java:2396)
	at de.tum.cit.aet.artemis.buildagent.service.SharedQueueProcessingService.processBuild(SharedQueueProcessingService.java:444)
	at de.tum.cit.aet.artemis.buildagent.service.SharedQueueProcessingService.checkAvailabilityAndProcessNextBuild(SharedQueueProcessingService.java:269)
	at de.tum.cit.aet.artemis.buildagent.service.SharedQueueProcessingService.lambda$processBuild$5(SharedQueueProcessingService.java:480)
	at java.base/java.util.concurrent.CompletableFuture.uniExceptionally(CompletableFuture.java:990)
	at java.base/java.util.concurrent.CompletableFuture.uniExceptionallyStage(CompletableFuture.java:1008)
	at java.base/java.util.concurrent.CompletableFuture.exceptionally(CompletableFuture.java:2396)
	at de.tum.cit.aet.artemis.buildagent.service.SharedQueueProcessingService.processBuild(SharedQueueProcessingService.java:444)
	at de.tum.cit.aet.artemis.buildagent.service.SharedQueueProcessingService.checkAvailabilityAndProcessNextBuild(SharedQueueProcessingService.java:269)
	at de.tum.cit.aet.artemis.buildagent.service.SharedQueueProcessingService.lambda$processBuild$5(SharedQueueProcessingService.java:480)
	at java.base/java.util.concurrent.CompletableFuture.uniExceptionally(CompletableFuture.java:990)
	at java.base/java.util.concurrent.CompletableFuture.uniExceptionallyStage(CompletableFuture.java:1008)
	at java.base/java.util.concurrent.CompletableFuture.exceptionally(CompletableFuture.java:2396)
	at de.tum.cit.aet.artemis.buildagent.service.SharedQueueProcessingService.processBuild(SharedQueueProcessingService.java:444)
	at de.tum.cit.aet.artemis.buildagent.service.SharedQueueProcessingService.checkAvailabilityAndProcessNextBuild(SharedQueueProcessingService.java:269)
	at de.tum.cit.aet.artemis.buildagent.service.SharedQueueProcessingService.lambda$processBuild$5(SharedQueueProcessingService.java:480)
	at java.base/java.util.concurrent.CompletableFuture.uniExceptionally(CompletableFuture.java:990)
	at java.base/java.util.concurrent.CompletableFuture.uniExceptionallyStage(CompletableFuture.java:1008)
	at java.base/java.util.concurrent.CompletableFuture.exceptionally(CompletableFuture.java:2396)
	at de.tum.cit.aet.artemis.buildagent.service.SharedQueueProcessingService.processBuild(SharedQueueProcessingService.java:444)
	at de.tum.cit.aet.artemis.buildagent.service.SharedQueueProcessingService.checkAvailabilityAndProcessNextBuild(SharedQueueProcessingService.java:269)
	at de.tum.cit.aet.artemis.buildagent.service.SharedQueueProcessingService.lambda$processBuild$5(SharedQueueProcessingService.java:480)
	at java.base/java.util.concurrent.CompletableFuture.uniExceptionally(CompletableFuture.java:990)
	at java.base/java.util.concurrent.CompletableFuture.uniExceptionallyStage(CompletableFuture.java:1008)
	at java.base/java.util.concurrent.CompletableFuture.exceptionally(CompletableFuture.java:2396)
	at de.tum.cit.aet.artemis.buildagent.service.SharedQueueProcessingService.processBuild(SharedQueueProcessingService.java:444)
	at de.tum.cit.aet.artemis.buildagent.service.SharedQueueProcessingService.checkAvailabilityAndProcessNextBuild(SharedQueueProcessingService.java:269)
	at de.tum.cit.aet.artemis.buildagent.service.SharedQueueProcessingService.lambda$processBuild$5(SharedQueueProcessingService.java:480)
	at java.base/java.util.concurrent.CompletableFuture.uniExceptionally(CompletableFuture.java:990)
	at java.base/java.util.concurrent.CompletableFuture.uniExceptionallyStage(CompletableFuture.java:1008)
	at java.base/java.util.concurrent.CompletableFuture.exceptionally(CompletableFuture.java:2396)
	at de.tum.cit.aet.artemis.buildagent.service.SharedQueueProcessingService.processBuild(SharedQueueProcessingService.java:444)
	at de.tum.cit.aet.artemis.buildagent.service.SharedQueueProcessingService.checkAvailabilityAndProcessNextBuild(SharedQueueProcessingService.java:269)
	at de.tum.cit.aet.artemis.buildagent.service.SharedQueueProcessingService.lambda$processBuild$5(SharedQueueProcessingService.java:480)
	at java.base/java.util.concurrent.CompletableFuture.uniExceptionally(CompletableFuture.java:990)
	at java.base/java.util.concurrent.CompletableFuture.uniExceptionallyStage(CompletableFuture.java:1008)
	at java.base/java.util.concurrent.CompletableFuture.exceptionally(CompletableFuture.java:2396)
	at de.tum.cit.aet.artemis.buildagent.service.SharedQueueProcessingService.processBuild(SharedQueueProcessingService.java:444)
	at de.tum.cit.aet.artemis.buildagent.service.SharedQueueProcessingService.checkAvailabilityAndProcessNextBuild(SharedQueueProcessingService.java:269)
	at de.tum.cit.aet.artemis.buildagent.service.SharedQueueProcessingService.lambda$processBuild$5(SharedQueueProcessingService.java:480)
	at java.base/java.util.concurrent.CompletableFuture.uniExceptionally(CompletableFuture.java:990)
	at java.base/java.util.concurrent.CompletableFuture.uniExceptionallyStage(CompletableFuture.java:1008)
	at java.base/java.util.concurrent.CompletableFuture.exceptionally(CompletableFuture.java:2396)
	at de.tum.cit.aet.artemis.buildagent.service.SharedQueueProcessingService.processBuild(SharedQueueProcessingService.java:444)
	at de.tum.cit.aet.artemis.buildagent.service.SharedQueueProcessingService.checkAvailabilityAndProcessNextBuild(SharedQueueProcessingService.java:269)
	at de.tum.cit.aet.artemis.buildagent.service.SharedQueueProcessingService$QueuedBuildJobItemListener.itemAdded(SharedQueueProcessingService.java:594)
	at com.hazelcast.collection.impl.queue.QueueService.lambda$dispatchEvent$1(QueueService.java:277)
	at com.hazelcast.internal.namespace.impl.NoOpUserCodeNamespaceService.runWithNamespace(NoOpUserCodeNamespaceService.java:82)
	at com.hazelcast.internal.namespace.NamespaceUtil.runWithNamespace(NamespaceUtil.java:106)
	at com.hazelcast.collection.impl.queue.QueueService.dispatchEvent(QueueService.java:275)
	at com.hazelcast.collection.impl.queue.QueueService.dispatchEvent(QueueService.java:98)
	at com.hazelcast.spi.impl.eventservice.impl.LocalEventDispatcher.run(LocalEventDispatcher.java:64)
	at com.hazelcast.internal.util.executor.StripedExecutor$Worker.process(StripedExecutor.java:244)
	at com.hazelcast.internal.util.executor.StripedExecutor$Worker.run(StripedExecutor.java:227)
Caused by: java.util.concurrent.ExecutionException: de.tum.cit.aet.artemis.core.exception.LocalCIException: Could not pull Docker image dummy-docker-image
	at java.base/java.util.concurrent.FutureTask.report(FutureTask.java:122)
	at java.base/java.util.concurrent.FutureTask.get(FutureTask.java:205)
	at de.tum.cit.aet.artemis.buildagent.service.BuildJobManagementService.lambda$executeBuildJob$2(BuildJobManagementService.java:165)
	... 61 common frames omitted
Caused by: de.tum.cit.aet.artemis.core.exception.LocalCIException: Could not pull Docker image dummy-docker-image
	at de.tum.cit.aet.artemis.buildagent.service.BuildJobExecutionService.runBuildJob(BuildJobExecutionService.java:157)
	at java.base/jdk.internal.reflect.DirectMethodHandleAccessor.invoke(DirectMethodHandleAccessor.java:103)
	at java.base/java.lang.reflect.Method.invoke(Method.java:580)
	at org.springframework.aop.support.AopUtils.invokeJoinpointUsingReflection(AopUtils.java:359)
	at org.springframework.aop.framework.CglibAopProxy$DynamicAdvisedInterceptor.intercept(CglibAopProxy.java:723)
	at de.tum.cit.aet.artemis.buildagent.service.BuildJobExecutionService$$SpringCGLIB$$0.runBuildJob(<generated>)
	at de.tum.cit.aet.artemis.buildagent.service.BuildJobManagementService.lambda$executeBuildJob$1(BuildJobManagementService.java:129)
	at java.base/java.util.concurrent.FutureTask.run(FutureTask.java:317)
	at java.base/java.util.concurrent.ThreadPoolExecutor.runWorker(ThreadPoolExecutor.java:1144)
	at java.base/java.util.concurrent.ThreadPoolExecutor$Worker.run(ThreadPoolExecutor.java:642)
	at java.base/java.lang.Thread.run(Thread.java:1583)
Caused by: de.tum.cit.aet.artemis.core.exception.LocalCIException: Docker image dummy-docker-image is not compatible with the current architecture. Needed 'linux/amd64', but got 'null'
	at de.tum.cit.aet.artemis.buildagent.service.BuildAgentDockerService.checkImageArchitecture(BuildAgentDockerService.java:291)
	at de.tum.cit.aet.artemis.buildagent.service.BuildAgentDockerService.pullDockerImage(BuildAgentDockerService.java:223)
	at de.tum.cit.aet.artemis.buildagent.service.BuildJobExecutionService.runBuildJob(BuildJobExecutionService.java:152)
	... 10 common frames omitted
    23:44:54.643 | 566 localvc.event-13 | ERROR | a.a.b.s.SharedQueueProcessingService : Error while processing build job: BuildJobQueueItem[id=17521739576694519, name=SHORTFDB0CC0C02BA4046D90BD74095B77B392C2CTSTEXC-SOLUTION, buildAgent=BuildAgentDTO[name=artemis-build-agent-test, memberAddress=[127.0.0.1]:5703, displayName=artemis-build-agent-test], participationId=1752, courseId=875, exerciseId=2450, retryCount=0, priority=2, status=null, repositoryInfo=RepositoryInfo[repositoryName=shortfdb0cc0c02ba4046d90bd74095b77b392c2ctstexc-solution, repositoryType=solution, triggeredByPushTo=solution, assignmentRepositoryUri=http://localhost:49152/git/SHORTFDB0CC0C02BA4046D90BD74095B77B392C2CTSTEXC/shortfdb0cc0c02ba4046d90bd74095b77b392c2ctstexc-solution.git, testRepositoryUri=http://nadnasidni.tum/scm/SHORTFDB0CC0C02BA4046D90BD74095B77B392C2CTSTEXC/SHORTFDB0CC0C02BA4046D90BD74095B77B392C2CTSTEXC-tests.git, solutionRepositoryUri=null, auxiliaryRepositoryUris=[Ljava.lang.String;@7406f685, auxiliaryRepositoryCheckoutDirectories=[Ljava.lang.String;@7f7d6690], jobTimingInfo=JobTimingInfo[submissionDate=2025-02-14T23:44:54.519944287Z[Etc/UTC], buildStartDate=2025-02-14T23:44:54.633715Z[Etc/UTC], buildCompletionDate=null, estimatedCompletionDate=2025-02-14T23:45:13.633710151Z[Etc/UTC], estimatedDuration=19], buildConfig=BuildConfig[buildScript=#!/bin/bash
cd /var/tmp/testing-dir
mvn clean test
, dockerImage=dummy-docker-image, commitHashToBuild=null, assignmentCommitHash=9b3a9bd71a0d80e5bbc42204c319ed3d1d4f0d6d, testCommitHash=9b3a9bd71a0d80e5bbc42204c319ed3d1d4f0d6d, branch=main, programmingLanguage=JAVA, projectType=PLAIN_MAVEN, scaEnabled=false, sequentialTestRunsEnabled=false, resultPaths=[/var/tmp/testing-dir/**/target/surefire-reports/*.xml], timeoutSeconds=0, assignmentCheckoutPath=null, testCheckoutPath=null, solutionCheckoutPath=null, dockerRunConfig=null], submissionResult=null]
java.util.concurrent.CompletionException: java.util.concurrent.ExecutionException: de.tum.cit.aet.artemis.core.exception.LocalCIException: Could not pull Docker image dummy-docker-image
	at de.tum.cit.aet.artemis.buildagent.service.BuildJobManagementService.lambda$executeBuildJob$2(BuildJobManagementService.java:188)
	at de.tum.cit.aet.artemis.buildagent.service.BuildJobManagementService.createCompletableFuture(BuildJobManagementService.java:236)
	at de.tum.cit.aet.artemis.buildagent.service.BuildJobManagementService.executeBuildJob(BuildJobManagementService.java:163)
	at de.tum.cit.aet.artemis.buildagent.service.SharedQueueProcessingService.processBuild(SharedQueueProcessingService.java:413)
	at de.tum.cit.aet.artemis.buildagent.service.SharedQueueProcessingService.checkAvailabilityAndProcessNextBuild(SharedQueueProcessingService.java:269)
	at de.tum.cit.aet.artemis.buildagent.service.SharedQueueProcessingService.lambda$processBuild$5(SharedQueueProcessingService.java:480)
	at java.base/java.util.concurrent.CompletableFuture.uniExceptionally(CompletableFuture.java:990)
	at java.base/java.util.concurrent.CompletableFuture.uniExceptionallyStage(CompletableFuture.java:1008)
	at java.base/java.util.concurrent.CompletableFuture.exceptionally(CompletableFuture.java:2396)
	at de.tum.cit.aet.artemis.buildagent.service.SharedQueueProcessingService.processBuild(SharedQueueProcessingService.java:444)
	at de.tum.cit.aet.artemis.buildagent.service.SharedQueueProcessingService.checkAvailabilityAndProcessNextBuild(SharedQueueProcessingService.java:269)
	at de.tum.cit.aet.artemis.buildagent.service.SharedQueueProcessingService.lambda$processBuild$5(SharedQueueProcessingService.java:480)
	at java.base/java.util.concurrent.CompletableFuture.uniExceptionally(CompletableFuture.java:990)
	at java.base/java.util.concurrent.CompletableFuture.uniExceptionallyStage(CompletableFuture.java:1008)
	at java.base/java.util.concurrent.CompletableFuture.exceptionally(CompletableFuture.java:2396)
	at de.tum.cit.aet.artemis.buildagent.service.SharedQueueProcessingService.processBuild(SharedQueueProcessingService.java:444)
	at de.tum.cit.aet.artemis.buildagent.service.SharedQueueProcessingService.checkAvailabilityAndProcessNextBuild(SharedQueueProcessingService.java:269)
	at de.tum.cit.aet.artemis.buildagent.service.SharedQueueProcessingService.lambda$processBuild$5(SharedQueueProcessingService.java:480)
	at java.base/java.util.concurrent.CompletableFuture.uniExceptionally(CompletableFuture.java:990)
	at java.base/java.util.concurrent.CompletableFuture.uniExceptionallyStage(CompletableFuture.java:1008)
	at java.base/java.util.concurrent.CompletableFuture.exceptionally(CompletableFuture.java:2396)
	at de.tum.cit.aet.artemis.buildagent.service.SharedQueueProcessingService.processBuild(SharedQueueProcessingService.java:444)
	at de.tum.cit.aet.artemis.buildagent.service.SharedQueueProcessingService.checkAvailabilityAndProcessNextBuild(SharedQueueProcessingService.java:269)
	at de.tum.cit.aet.artemis.buildagent.service.SharedQueueProcessingService.lambda$processBuild$5(SharedQueueProcessingService.java:480)
	at java.base/java.util.concurrent.CompletableFuture.uniExceptionally(CompletableFuture.java:990)
	at java.base/java.util.concurrent.CompletableFuture.uniExceptionallyStage(CompletableFuture.java:1008)
	at java.base/java.util.concurrent.CompletableFuture.exceptionally(CompletableFuture.java:2396)
	at de.tum.cit.aet.artemis.buildagent.service.SharedQueueProcessingService.processBuild(SharedQueueProcessingService.java:444)
	at de.tum.cit.aet.artemis.buildagent.service.SharedQueueProcessingService.checkAvailabilityAndProcessNextBuild(SharedQueueProcessingService.java:269)
	at de.tum.cit.aet.artemis.buildagent.service.SharedQueueProcessingService.lambda$processBuild$5(SharedQueueProcessingService.java:480)
	at java.base/java.util.concurrent.CompletableFuture.uniExceptionally(CompletableFuture.java:990)
	at java.base/java.util.concurrent.CompletableFuture.uniExceptionallyStage(CompletableFuture.java:1008)
	at java.base/java.util.concurrent.CompletableFuture.exceptionally(CompletableFuture.java:2396)
	at de.tum.cit.aet.artemis.buildagent.service.SharedQueueProcessingService.processBuild(SharedQueueProcessingService.java:444)
	at de.tum.cit.aet.artemis.buildagent.service.SharedQueueProcessingService.checkAvailabilityAndProcessNextBuild(SharedQueueProcessingService.java:269)
	at de.tum.cit.aet.artemis.buildagent.service.SharedQueueProcessingService.lambda$processBuild$5(SharedQueueProcessingService.java:480)
	at java.base/java.util.concurrent.CompletableFuture.uniExceptionally(CompletableFuture.java:990)
	at java.base/java.util.concurrent.CompletableFuture.uniExceptionallyStage(CompletableFuture.java:1008)
	at java.base/java.util.concurrent.CompletableFuture.exceptionally(CompletableFuture.java:2396)
	at de.tum.cit.aet.artemis.buildagent.service.SharedQueueProcessingService.processBuild(SharedQueueProcessingService.java:444)
	at de.tum.cit.aet.artemis.buildagent.service.SharedQueueProcessingService.checkAvailabilityAndProcessNextBuild(SharedQueueProcessingService.java:269)
	at de.tum.cit.aet.artemis.buildagent.service.SharedQueueProcessingService.lambda$processBuild$5(SharedQueueProcessingService.java:480)
	at java.base/java.util.concurrent.CompletableFuture.uniExceptionally(CompletableFuture.java:990)
	at java.base/java.util.concurrent.CompletableFuture.uniExceptionallyStage(CompletableFuture.java:1008)
	at java.base/java.util.concurrent.CompletableFuture.exceptionally(CompletableFuture.java:2396)
	at de.tum.cit.aet.artemis.buildagent.service.SharedQueueProcessingService.processBuild(SharedQueueProcessingService.java:444)
	at de.tum.cit.aet.artemis.buildagent.service.SharedQueueProcessingService.checkAvailabilityAndProcessNextBuild(SharedQueueProcessingService.java:269)
	at de.tum.cit.aet.artemis.buildagent.service.SharedQueueProcessingService.lambda$processBuild$5(SharedQueueProcessingService.java:480)
	at java.base/java.util.concurrent.CompletableFuture.uniExceptionally(CompletableFuture.java:990)
	at java.base/java.util.concurrent.CompletableFuture.uniExceptionallyStage(CompletableFuture.java:1008)
	at java.base/java.util.concurrent.CompletableFuture.exceptionally(CompletableFuture.java:2396)
	at de.tum.cit.aet.artemis.buildagent.service.SharedQueueProcessingService.processBuild(SharedQueueProcessingService.java:444)
	at de.tum.cit.aet.artemis.buildagent.service.SharedQueueProcessingService.checkAvailabilityAndProcessNextBuild(SharedQueueProcessingService.java:269)
	at de.tum.cit.aet.artemis.buildagent.service.SharedQueueProcessingService$QueuedBuildJobItemListener.itemAdded(SharedQueueProcessingService.java:594)
	at com.hazelcast.collection.impl.queue.QueueService.lambda$dispatchEvent$1(QueueService.java:277)
	at com.hazelcast.internal.namespace.impl.NoOpUserCodeNamespaceService.runWithNamespace(NoOpUserCodeNamespaceService.java:82)
	at com.hazelcast.internal.namespace.NamespaceUtil.runWithNamespace(NamespaceUtil.java:106)
	at com.hazelcast.collection.impl.queue.QueueService.dispatchEvent(QueueService.java:275)
	at com.hazelcast.collection.impl.queue.QueueService.dispatchEvent(QueueService.java:98)
	at com.hazelcast.spi.impl.eventservice.impl.LocalEventDispatcher.run(LocalEventDispatcher.java:64)
	at com.hazelcast.internal.util.executor.StripedExecutor$Worker.process(StripedExecutor.java:244)
	at com.hazelcast.internal.util.executor.StripedExecutor$Worker.run(StripedExecutor.java:227)
Caused by: java.util.concurrent.ExecutionException: de.tum.cit.aet.artemis.core.exception.LocalCIException: Could not pull Docker image dummy-docker-image
	at java.base/java.util.concurrent.FutureTask.report(FutureTask.java:122)
	at java.base/java.util.concurrent.FutureTask.get(FutureTask.java:205)
	at de.tum.cit.aet.artemis.buildagent.service.BuildJobManagementService.lambda$executeBuildJob$2(BuildJobManagementService.java:165)
	... 61 common frames omitted
Caused by: de.tum.cit.aet.artemis.core.exception.LocalCIException: Could not pull Docker image dummy-docker-image
	at de.tum.cit.aet.artemis.buildagent.service.BuildJobExecutionService.runBuildJob(BuildJobExecutionService.java:157)
	at java.base/jdk.internal.reflect.DirectMethodHandleAccessor.invoke(DirectMethodHandleAccessor.java:103)
	at java.base/java.lang.reflect.Method.invoke(Method.java:580)
	at org.springframework.aop.support.AopUtils.invokeJoinpointUsingReflection(AopUtils.java:359)
	at org.springframework.aop.framework.CglibAopProxy$DynamicAdvisedInterceptor.intercept(CglibAopProxy.java:723)
	at de.tum.cit.aet.artemis.buildagent.service.BuildJobExecutionService$$SpringCGLIB$$0.runBuildJob(<generated>)
	at de.tum.cit.aet.artemis.buildagent.service.BuildJobManagementService.lambda$executeBuildJob$1(BuildJobManagementService.java:129)
	at java.base/java.util.concurrent.FutureTask.run(FutureTask.java:317)
	at java.base/java.util.concurrent.ThreadPoolExecutor.runWorker(ThreadPoolExecutor.java:1144)
	at java.base/java.util.concurrent.ThreadPoolExecutor$Worker.run(ThreadPoolExecutor.java:642)
	at java.base/java.lang.Thread.run(Thread.java:1583)
Caused by: de.tum.cit.aet.artemis.core.exception.LocalCIException: Docker image dummy-docker-image is not compatible with the current architecture. Needed 'linux/amd64', but got 'null'
	at de.tum.cit.aet.artemis.buildagent.service.BuildAgentDockerService.checkImageArchitecture(BuildAgentDockerService.java:291)
	at de.tum.cit.aet.artemis.buildagent.service.BuildAgentDockerService.pullDockerImage(BuildAgentDockerService.java:223)
	at de.tum.cit.aet.artemis.buildagent.service.BuildJobExecutionService.runBuildJob(BuildJobExecutionService.java:152)
	... 10 common frames omitted
    23:44:54.644 | 568 localvc.event-15 | DEBUG | a.p.s.l.LocalCIQueueWebsocketService : CIBuildJobQueueItem removed from processing jobs: BuildJobQueueItem[id=17521739576694519, name=SHORTFDB0CC0C02BA4046D90BD74095B77B392C2CTSTEXC-SOLUTION, buildAgent=BuildAgentDTO[name=artemis-build-agent-test, memberAddress=[127.0.0.1]:5703, displayName=artemis-build-agent-test], participationId=1752, courseId=875, exerciseId=2450, retryCount=0, priority=2, status=null, repositoryInfo=RepositoryInfo[repositoryName=shortfdb0cc0c02ba4046d90bd74095b77b392c2ctstexc-solution, repositoryType=solution, triggeredByPushTo=solution, assignmentRepositoryUri=http://localhost:49152/git/SHORTFDB0CC0C02BA4046D90BD74095B77B392C2CTSTEXC/shortfdb0cc0c02ba4046d90bd74095b77b392c2ctstexc-solution.git, testRepositoryUri=http://nadnasidni.tum/scm/SHORTFDB0CC0C02BA4046D90BD74095B77B392C2CTSTEXC/SHORTFDB0CC0C02BA4046D90BD74095B77B392C2CTSTEXC-tests.git, solutionRepositoryUri=null, auxiliaryRepositoryUris=[Ljava.lang.String;@5b651d51, auxiliaryRepositoryCheckoutDirectories=[Ljava.lang.String;@4ff8f382], jobTimingInfo=JobTimingInfo[submissionDate=2025-02-14T23:44:54.519944287Z[Etc/UTC], buildStartDate=2025-02-14T23:44:54.633715Z[Etc/UTC], buildCompletionDate=null, estimatedCompletionDate=2025-02-14T23:45:13.633710151Z[Etc/UTC], estimatedDuration=19], buildConfig=BuildConfig[buildScript=#!/bin/bash
cd /var/tmp/testing-dir
mvn clean test
, dockerImage=dummy-docker-image, commitHashToBuild=null, assignmentCommitHash=9b3a9bd71a0d80e5bbc42204c319ed3d1d4f0d6d, testCommitHash=9b3a9bd71a0d80e5bbc42204c319ed3d1d4f0d6d, branch=main, programmingLanguage=JAVA, projectType=PLAIN_MAVEN, scaEnabled=false, sequentialTestRunsEnabled=false, resultPaths=[/var/tmp/testing-dir/**/target/surefire-reports/*.xml], timeoutSeconds=0, assignmentCheckoutPath=null, testCheckoutPath=null, solutionCheckoutPath=null, dockerRunConfig=null], submissionResult=null]
    23:44:54.645 | 568 localvc.event-15 | DEBUG | s.l.LocalCIWebsocketMessagingService : Sending message on topic /topic/admin/running-jobs: []
    23:44:54.647 | 568 localvc.event-15 | DEBUG | s.l.LocalCIWebsocketMessagingService : Sending message on topic /topic/courses/875/running-jobs: []
    23:44:54.649 | 462 ool-1-worker-226 | DEBUG | .c.s.m.InstanceMessageReceiveService : Received schedule participant score for exercise 2451 and participant 159 (result to be deleted: null)
    23:44:54.649 | 462 ool-1-worker-226 | DEBUG | .a.s.ParticipantScoreScheduleService : Scheduled task for exercise 2451 and participant 159 at 2025-02-14T23:44:54.749844792Z[Etc/UTC].
    23:44:54.652 | 566 localvc.event-13 | DEBUG | a.a.b.s.SharedQueueProcessingService : Currently processing jobs on this node: 0, active threads in Pool: 0, maximum pool size of thread executor : 1
    23:44:54.652 | 566 localvc.event-13 | DEBUG | a.a.b.s.SharedQueueProcessingService : Currently processing jobs on this node: 0, active threads in Pool: 0, maximum pool size of thread executor : 1
    23:44:54.652 | 565 localvc.event-12 | DEBUG | a.p.s.l.LocalCIQueueWebsocketService : CIBuildJobQueueItem added to processing jobs: BuildJobQueueItem[id=17531739576694522, name=SHORTFDB0CC0C02BA4046D90BD74095B77B392C2CTSTEXC-BASE, buildAgent=BuildAgentDTO[name=artemis-build-agent-test, memberAddress=[127.0.0.1]:5703, displayName=artemis-build-agent-test], participationId=1753, courseId=875, exerciseId=2450, retryCount=0, priority=2, status=null, repositoryInfo=RepositoryInfo[repositoryName=shortfdb0cc0c02ba4046d90bd74095b77b392c2ctstexc-exercise, repositoryType=exercise, triggeredByPushTo=exercise, assignmentRepositoryUri=http://localhost:49152/git/SHORTFDB0CC0C02BA4046D90BD74095B77B392C2CTSTEXC/shortfdb0cc0c02ba4046d90bd74095b77b392c2ctstexc-exercise.git, testRepositoryUri=http://nadnasidni.tum/scm/SHORTFDB0CC0C02BA4046D90BD74095B77B392C2CTSTEXC/SHORTFDB0CC0C02BA4046D90BD74095B77B392C2CTSTEXC-tests.git, solutionRepositoryUri=null, auxiliaryRepositoryUris=[Ljava.lang.String;@1891c0d5, auxiliaryRepositoryCheckoutDirectories=[Ljava.lang.String;@7ba2cc49], jobTimingInfo=JobTimingInfo[submissionDate=2025-02-14T23:44:54.522500123Z[Etc/UTC], buildStartDate=2025-02-14T23:44:54.652544627Z[Etc/UTC], buildCompletionDate=null, estimatedCompletionDate=2025-02-14T23:45:13.652540008Z[Etc/UTC], estimatedDuration=19], buildConfig=BuildConfig[buildScript=#!/bin/bash
cd /var/tmp/testing-dir
mvn clean test
, dockerImage=dummy-docker-image, commitHashToBuild=null, assignmentCommitHash=9b3a9bd71a0d80e5bbc42204c319ed3d1d4f0d6d, testCommitHash=9b3a9bd71a0d80e5bbc42204c319ed3d1d4f0d6d, branch=main, programmingLanguage=JAVA, projectType=PLAIN_MAVEN, scaEnabled=false, sequentialTestRunsEnabled=false, resultPaths=[/var/tmp/testing-dir/**/target/surefire-reports/*.xml], timeoutSeconds=0, assignmentCheckoutPath=null, testCheckoutPath=null, solutionCheckoutPath=null, dockerRunConfig=null], submissionResult=null]
    23:44:54.653 | 565 localvc.event-12 | DEBUG | s.l.LocalCIWebsocketMessagingService : Sending message on topic /topic/admin/running-jobs: [BuildJobQueueItem[id=17531739576694522, name=SHORTFDB0CC0C02BA4046D90BD74095B77B392C2CTSTEXC-BASE, buildAgent=BuildAgentDTO[name=artemis-build-agent-test, memberAddress=[127.0.0.1]:5703, displayName=artemis-build-agent-test], participationId=1753, courseId=875, exerciseId=2450, retryCount=0, priority=2, status=null, repositoryInfo=RepositoryInfo[repositoryName=shortfdb0cc0c02ba4046d90bd74095b77b392c2ctstexc-exercise, repositoryType=exercise, triggeredByPushTo=exercise, assignmentRepositoryUri=, testRepositoryUri=, solutionRepositoryUri=, auxiliaryRepositoryUris=null, auxiliaryRepositoryCheckoutDirectories=null], jobTimingInfo=JobTimingInfo[submissionDate=2025-02-14T23:44:54.522500123Z[Etc/UTC], buildStartDate=2025-02-14T23:44:54.652544627Z[Etc/UTC], buildCompletionDate=null, estimatedCompletionDate=2025-02-14T23:45:13.652540008Z[Etc/UTC], estimatedDuration=19], buildConfig=BuildConfig[buildScript=, dockerImage=, commitHashToBuild=null, assignmentCommitHash=, testCommitHash=, branch=, programmingLanguage=null, projectType=null, scaEnabled=false, sequentialTestRunsEnabled=false, resultPaths=null, timeoutSeconds=0, assignmentCheckoutPath=, testCheckoutPath=, solutionCheckoutPath=, dockerRunConfig=null], submissionResult=null]]
    23:44:54.653 | 565 localvc.event-12 | DEBUG | s.l.LocalCIWebsocketMessagingService : Sending message on topic /topic/courses/875/running-jobs: [BuildJobQueueItem[id=17531739576694522, name=SHORTFDB0CC0C02BA4046D90BD74095B77B392C2CTSTEXC-BASE, buildAgent=BuildAgentDTO[name=artemis-build-agent-test, memberAddress=[127.0.0.1]:5703, displayName=artemis-build-agent-test], participationId=1753, courseId=875, exerciseId=2450, retryCount=0, priority=2, status=null, repositoryInfo=RepositoryInfo[repositoryName=shortfdb0cc0c02ba4046d90bd74095b77b392c2ctstexc-exercise, repositoryType=exercise, triggeredByPushTo=exercise, assignmentRepositoryUri=, testRepositoryUri=, solutionRepositoryUri=, auxiliaryRepositoryUris=null, auxiliaryRepositoryCheckoutDirectories=null], jobTimingInfo=JobTimingInfo[submissionDate=2025-02-14T23:44:54.522500123Z[Etc/UTC], buildStartDate=2025-02-14T23:44:54.652544627Z[Etc/UTC], buildCompletionDate=null, estimatedCompletionDate=2025-02-14T23:45:13.652540008Z[Etc/UTC], estimatedDuration=19], buildConfig=BuildConfig[buildScript=, dockerImage=, commitHashToBuild=null, assignmentCommitHash=, testCommitHash=, branch=, programmingLanguage=null, projectType=null, scaEnabled=false, sequentialTestRunsEnabled=false, resultPaths=null, timeoutSeconds=0, assignmentCheckoutPath=, testCheckoutPath=, solutionCheckoutPath=, dockerRunConfig=null], submissionResult=null]]
    23:44:54.653 | 588 artemis-task-1   | DEBUG | d.t.c.a.a.c.c.w.GzipMessageConverter : Compressed message payload from 902 to 648 (saved 28.2% payload size)
    23:44:54.653 | 588 artemis-task-1   | DEBUG | d.t.c.a.a.c.c.w.GzipMessageConverter : Compressed message payload from 902 to 648 (saved 28.2% payload size)
    23:44:54.666 | 566 localvc.event-13 | INFO  | a.a.b.s.SharedQueueProcessingService : Processing build job: BuildJobQueueItem[id=17531739576694522, name=SHORTFDB0CC0C02BA4046D90BD74095B77B392C2CTSTEXC-BASE, buildAgent=BuildAgentDTO[name=artemis-build-agent-test, memberAddress=[127.0.0.1]:5703, displayName=artemis-build-agent-test], participationId=1753, courseId=875, exerciseId=2450, retryCount=0, priority=2, status=null, repositoryInfo=RepositoryInfo[repositoryName=shortfdb0cc0c02ba4046d90bd74095b77b392c2ctstexc-exercise, repositoryType=exercise, triggeredByPushTo=exercise, assignmentRepositoryUri=http://localhost:49152/git/SHORTFDB0CC0C02BA4046D90BD74095B77B392C2CTSTEXC/shortfdb0cc0c02ba4046d90bd74095b77b392c2ctstexc-exercise.git, testRepositoryUri=http://nadnasidni.tum/scm/SHORTFDB0CC0C02BA4046D90BD74095B77B392C2CTSTEXC/SHORTFDB0CC0C02BA4046D90BD74095B77B392C2CTSTEXC-tests.git, solutionRepositoryUri=null, auxiliaryRepositoryUris=[Ljava.lang.String;@93c7575, auxiliaryRepositoryCheckoutDirectories=[Ljava.lang.String;@7bd949ff], jobTimingInfo=JobTimingInfo[submissionDate=2025-02-14T23:44:54.522500123Z[Etc/UTC], buildStartDate=2025-02-14T23:44:54.652544627Z[Etc/UTC], buildCompletionDate=null, estimatedCompletionDate=2025-02-14T23:45:13.652540008Z[Etc/UTC], estimatedDuration=19], buildConfig=BuildConfig[buildScript=#!/bin/bash
cd /var/tmp/testing-dir
mvn clean test
, dockerImage=dummy-docker-image, commitHashToBuild=null, assignmentCommitHash=9b3a9bd71a0d80e5bbc42204c319ed3d1d4f0d6d, testCommitHash=9b3a9bd71a0d80e5bbc42204c319ed3d1d4f0d6d, branch=main, programmingLanguage=JAVA, projectType=PLAIN_MAVEN, scaEnabled=false, sequentialTestRunsEnabled=false, resultPaths=[/var/tmp/testing-dir/**/target/surefire-reports/*.xml], timeoutSeconds=0, assignmentCheckoutPath=null, testCheckoutPath=null, solutionCheckoutPath=null, dockerRunConfig=null], submissionResult=null]
    23:44:54.666 | 462 ool-1-worker-226 | INFO  | .t.c.a.a.p.s.l.LocalCITriggerService : Triggering build for participation 1755 and commit hash null
    23:44:54.666 | 081 local-ci-build-0 | DEBUG | t.c.a.a.b.s.BuildJobExecutionService : ~~~~~~~~~~~~~~~~~~~~ Start Build Job 17531739576694522 ~~~~~~~~~~~~~~~~~~~~
    23:44:54.666 | 081 local-ci-build-0 | INFO  | .t.c.a.a.b.s.BuildAgentDockerService : ~~~~~~~~~~~~~~~~~~~~ Inspecting docker image dummy-docker-image ~~~~~~~~~~~~~~~~~~~~
    23:44:54.666 | 081 local-ci-build-0 | ERROR | .t.c.a.a.b.s.BuildAgentDockerService : Docker image dummy-docker-image is not compatible with the current architecture. Needed 'linux/amd64', but got 'null'
    23:44:54.667 | 566 localvc.event-13 | ERROR | .c.a.a.b.s.BuildJobManagementService : Error while executing build job 17531739576694522: de.tum.cit.aet.artemis.core.exception.LocalCIException: Could not pull Docker image dummy-docker-image
java.util.concurrent.ExecutionException: de.tum.cit.aet.artemis.core.exception.LocalCIException: Could not pull Docker image dummy-docker-image
	at java.base/java.util.concurrent.FutureTask.report(FutureTask.java:122)
	at java.base/java.util.concurrent.FutureTask.get(FutureTask.java:205)
	at de.tum.cit.aet.artemis.buildagent.service.BuildJobManagementService.lambda$executeBuildJob$2(BuildJobManagementService.java:165)
	at de.tum.cit.aet.artemis.buildagent.service.BuildJobManagementService.createCompletableFuture(BuildJobManagementService.java:236)
	at de.tum.cit.aet.artemis.buildagent.service.BuildJobManagementService.executeBuildJob(BuildJobManagementService.java:163)
	at de.tum.cit.aet.artemis.buildagent.service.SharedQueueProcessingService.processBuild(SharedQueueProcessingService.java:413)
	at de.tum.cit.aet.artemis.buildagent.service.SharedQueueProcessingService.checkAvailabilityAndProcessNextBuild(SharedQueueProcessingService.java:269)
	at de.tum.cit.aet.artemis.buildagent.service.SharedQueueProcessingService.lambda$processBuild$5(SharedQueueProcessingService.java:480)
	at java.base/java.util.concurrent.CompletableFuture.uniExceptionally(CompletableFuture.java:990)
	at java.base/java.util.concurrent.CompletableFuture.uniExceptionallyStage(CompletableFuture.java:1008)
	at java.base/java.util.concurrent.CompletableFuture.exceptionally(CompletableFuture.java:2396)
	at de.tum.cit.aet.artemis.buildagent.service.SharedQueueProcessingService.processBuild(SharedQueueProcessingService.java:444)
	at de.tum.cit.aet.artemis.buildagent.service.SharedQueueProcessingService.checkAvailabilityAndProcessNextBuild(SharedQueueProcessingService.java:269)
	at de.tum.cit.aet.artemis.buildagent.service.SharedQueueProcessingService.lambda$processBuild$5(SharedQueueProcessingService.java:480)
	at java.base/java.util.concurrent.CompletableFuture.uniExceptionally(CompletableFuture.java:990)
	at java.base/java.util.concurrent.CompletableFuture.uniExceptionallyStage(CompletableFuture.java:1008)
	at java.base/java.util.concurrent.CompletableFuture.exceptionally(CompletableFuture.java:2396)
	at de.tum.cit.aet.artemis.buildagent.service.SharedQueueProcessingService.processBuild(SharedQueueProcessingService.java:444)
	at de.tum.cit.aet.artemis.buildagent.service.SharedQueueProcessingService.checkAvailabilityAndProcessNextBuild(SharedQueueProcessingService.java:269)
	at de.tum.cit.aet.artemis.buildagent.service.SharedQueueProcessingService.lambda$processBuild$5(SharedQueueProcessingService.java:480)
	at java.base/java.util.concurrent.CompletableFuture.uniExceptionally(CompletableFuture.java:990)
	at java.base/java.util.concurrent.CompletableFuture.uniExceptionallyStage(CompletableFuture.java:1008)
	at java.base/java.util.concurrent.CompletableFuture.exceptionally(CompletableFuture.java:2396)
	at de.tum.cit.aet.artemis.buildagent.service.SharedQueueProcessingService.processBuild(SharedQueueProcessingService.java:444)
	at de.tum.cit.aet.artemis.buildagent.service.SharedQueueProcessingService.checkAvailabilityAndProcessNextBuild(SharedQueueProcessingService.java:269)
	at de.tum.cit.aet.artemis.buildagent.service.SharedQueueProcessingService.lambda$processBuild$5(SharedQueueProcessingService.java:480)
	at java.base/java.util.concurrent.CompletableFuture.uniExceptionally(CompletableFuture.java:990)
	at java.base/java.util.concurrent.CompletableFuture.uniExceptionallyStage(CompletableFuture.java:1008)
	at java.base/java.util.concurrent.CompletableFuture.exceptionally(CompletableFuture.java:2396)
	at de.tum.cit.aet.artemis.buildagent.service.SharedQueueProcessingService.processBuild(SharedQueueProcessingService.java:444)
	at de.tum.cit.aet.artemis.buildagent.service.SharedQueueProcessingService.checkAvailabilityAndProcessNextBuild(SharedQueueProcessingService.java:269)
	at de.tum.cit.aet.artemis.buildagent.service.SharedQueueProcessingService.lambda$processBuild$5(SharedQueueProcessingService.java:480)
	at java.base/java.util.concurrent.CompletableFuture.uniExceptionally(CompletableFuture.java:990)
	at java.base/java.util.concurrent.CompletableFuture.uniExceptionallyStage(CompletableFuture.java:1008)
	at java.base/java.util.concurrent.CompletableFuture.exceptionally(CompletableFuture.java:2396)
	at de.tum.cit.aet.artemis.buildagent.service.SharedQueueProcessingService.processBuild(SharedQueueProcessingService.java:444)
	at de.tum.cit.aet.artemis.buildagent.service.SharedQueueProcessingService.checkAvailabilityAndProcessNextBuild(SharedQueueProcessingService.java:269)
	at de.tum.cit.aet.artemis.buildagent.service.SharedQueueProcessingService.lambda$processBuild$5(SharedQueueProcessingService.java:480)
	at java.base/java.util.concurrent.CompletableFuture.uniExceptionally(CompletableFuture.java:990)
	at java.base/java.util.concurrent.CompletableFuture.uniExceptionallyStage(CompletableFuture.java:1008)
	at java.base/java.util.concurrent.CompletableFuture.exceptionally(CompletableFuture.java:2396)
	at de.tum.cit.aet.artemis.buildagent.service.SharedQueueProcessingService.processBuild(SharedQueueProcessingService.java:444)
	at de.tum.cit.aet.artemis.buildagent.service.SharedQueueProcessingService.checkAvailabilityAndProcessNextBuild(SharedQueueProcessingService.java:269)
	at de.tum.cit.aet.artemis.buildagent.service.SharedQueueProcessingService.lambda$processBuild$5(SharedQueueProcessingService.java:480)
	at java.base/java.util.concurrent.CompletableFuture.uniExceptionally(CompletableFuture.java:990)
	at java.base/java.util.concurrent.CompletableFuture.uniExceptionallyStage(CompletableFuture.java:1008)
	at java.base/java.util.concurrent.CompletableFuture.exceptionally(CompletableFuture.java:2396)
	at de.tum.cit.aet.artemis.buildagent.service.SharedQueueProcessingService.processBuild(SharedQueueProcessingService.java:444)
	at de.tum.cit.aet.artemis.buildagent.service.SharedQueueProcessingService.checkAvailabilityAndProcessNextBuild(SharedQueueProcessingService.java:269)
	at de.tum.cit.aet.artemis.buildagent.service.SharedQueueProcessingService.lambda$processBuild$5(SharedQueueProcessingService.java:480)
	at java.base/java.util.concurrent.CompletableFuture.uniExceptionally(CompletableFuture.java:990)
	at java.base/java.util.concurrent.CompletableFuture.uniExceptionallyStage(CompletableFuture.java:1008)
	at java.base/java.util.concurrent.CompletableFuture.exceptionally(CompletableFuture.java:2396)
	at de.tum.cit.aet.artemis.buildagent.service.SharedQueueProcessingService.processBuild(SharedQueueProcessingService.java:444)
	at de.tum.cit.aet.artemis.buildagent.service.SharedQueueProcessingService.checkAvailabilityAndProcessNextBuild(SharedQueueProcessingService.java:269)
	at de.tum.cit.aet.artemis.buildagent.service.SharedQueueProcessingService.lambda$processBuild$5(SharedQueueProcessingService.java:480)
	at java.base/java.util.concurrent.CompletableFuture.uniExceptionally(CompletableFuture.java:990)
	at java.base/java.util.concurrent.CompletableFuture.uniExceptionallyStage(CompletableFuture.java:1008)
	at java.base/java.util.concurrent.CompletableFuture.exceptionally(CompletableFuture.java:2396)
	at de.tum.cit.aet.artemis.buildagent.service.SharedQueueProcessingService.processBuild(SharedQueueProcessingService.java:444)
	at de.tum.cit.aet.artemis.buildagent.service.SharedQueueProcessingService.checkAvailabilityAndProcessNextBuild(SharedQueueProcessingService.java:269)
	at de.tum.cit.aet.artemis.buildagent.service.SharedQueueProcessingService$QueuedBuildJobItemListener.itemAdded(SharedQueueProcessingService.java:594)
	at com.hazelcast.collection.impl.queue.QueueService.lambda$dispatchEvent$1(QueueService.java:277)
	at com.hazelcast.internal.namespace.impl.NoOpUserCodeNamespaceService.runWithNamespace(NoOpUserCodeNamespaceService.java:82)
	at com.hazelcast.internal.namespace.NamespaceUtil.runWithNamespace(NamespaceUtil.java:106)
	at com.hazelcast.collection.impl.queue.QueueService.dispatchEvent(QueueService.java:275)
	at com.hazelcast.collection.impl.queue.QueueService.dispatchEvent(QueueService.java:98)
	at com.hazelcast.spi.impl.eventservice.impl.LocalEventDispatcher.run(LocalEventDispatcher.java:64)
	at com.hazelcast.internal.util.executor.StripedExecutor$Worker.process(StripedExecutor.java:244)
	at com.hazelcast.internal.util.executor.StripedExecutor$Worker.run(StripedExecutor.java:227)
Caused by: de.tum.cit.aet.artemis.core.exception.LocalCIException: Could not pull Docker image dummy-docker-image
	at de.tum.cit.aet.artemis.buildagent.service.BuildJobExecutionService.runBuildJob(BuildJobExecutionService.java:157)
	at java.base/jdk.internal.reflect.DirectMethodHandleAccessor.invoke(DirectMethodHandleAccessor.java:103)
	at java.base/java.lang.reflect.Method.invoke(Method.java:580)
	at org.springframework.aop.support.AopUtils.invokeJoinpointUsingReflection(AopUtils.java:359)
	at org.springframework.aop.framework.CglibAopProxy$DynamicAdvisedInterceptor.intercept(CglibAopProxy.java:723)
	at de.tum.cit.aet.artemis.buildagent.service.BuildJobExecutionService$$SpringCGLIB$$0.runBuildJob(<generated>)
	at de.tum.cit.aet.artemis.buildagent.service.BuildJobManagementService.lambda$executeBuildJob$1(BuildJobManagementService.java:129)
	at java.base/java.util.concurrent.FutureTask.run(FutureTask.java:317)
	at java.base/java.util.concurrent.ThreadPoolExecutor.runWorker(ThreadPoolExecutor.java:1144)
	at java.base/java.util.concurrent.ThreadPoolExecutor$Worker.run(ThreadPoolExecutor.java:642)
	at java.base/java.lang.Thread.run(Thread.java:1583)
Caused by: de.tum.cit.aet.artemis.core.exception.LocalCIException: Docker image dummy-docker-image is not compatible with the current architecture. Needed 'linux/amd64', but got 'null'
	at de.tum.cit.aet.artemis.buildagent.service.BuildAgentDockerService.checkImageArchitecture(BuildAgentDockerService.java:291)
	at de.tum.cit.aet.artemis.buildagent.service.BuildAgentDockerService.pullDockerImage(BuildAgentDockerService.java:223)
	at de.tum.cit.aet.artemis.buildagent.service.BuildJobExecutionService.runBuildJob(BuildJobExecutionService.java:152)
	... 10 common frames omitted
    23:44:54.667 | 462 ool-1-worker-226 | WARN  | .t.c.a.a.p.s.l.LocalCITriggerService : Could not retrieve windfile for programming exercise 2451. Using default windfile instead.
    23:44:54.667 | 566 localvc.event-13 | INFO  | .c.a.a.b.s.BuildJobManagementService : Getting ID of running container local-ci-17531739576694522
    23:44:54.667 | 566 localvc.event-13 | INFO  | .c.a.a.b.s.BuildJobManagementService : Stopping unresponsive container with ID null
    23:44:54.667 | 566 localvc.event-13 | DEBUG | a.a.b.s.SharedQueueProcessingService : Build job completed with exception: BuildJobQueueItem[id=17531739576694522, name=SHORTFDB0CC0C02BA4046D90BD74095B77B392C2CTSTEXC-BASE, buildAgent=BuildAgentDTO[name=artemis-build-agent-test, memberAddress=[127.0.0.1]:5703, displayName=artemis-build-agent-test], participationId=1753, courseId=875, exerciseId=2450, retryCount=0, priority=2, status=null, repositoryInfo=RepositoryInfo[repositoryName=shortfdb0cc0c02ba4046d90bd74095b77b392c2ctstexc-exercise, repositoryType=exercise, triggeredByPushTo=exercise, assignmentRepositoryUri=http://localhost:49152/git/SHORTFDB0CC0C02BA4046D90BD74095B77B392C2CTSTEXC/shortfdb0cc0c02ba4046d90bd74095b77b392c2ctstexc-exercise.git, testRepositoryUri=http://nadnasidni.tum/scm/SHORTFDB0CC0C02BA4046D90BD74095B77B392C2CTSTEXC/SHORTFDB0CC0C02BA4046D90BD74095B77B392C2CTSTEXC-tests.git, solutionRepositoryUri=null, auxiliaryRepositoryUris=[Ljava.lang.String;@93c7575, auxiliaryRepositoryCheckoutDirectories=[Ljava.lang.String;@7bd949ff], jobTimingInfo=JobTimingInfo[submissionDate=2025-02-14T23:44:54.522500123Z[Etc/UTC], buildStartDate=2025-02-14T23:44:54.652544627Z[Etc/UTC], buildCompletionDate=null, estimatedCompletionDate=2025-02-14T23:45:13.652540008Z[Etc/UTC], estimatedDuration=19], buildConfig=BuildConfig[buildScript=#!/bin/bash
cd /var/tmp/testing-dir
mvn clean test
, dockerImage=dummy-docker-image, commitHashToBuild=null, assignmentCommitHash=9b3a9bd71a0d80e5bbc42204c319ed3d1d4f0d6d, testCommitHash=9b3a9bd71a0d80e5bbc42204c319ed3d1d4f0d6d, branch=main, programmingLanguage=JAVA, projectType=PLAIN_MAVEN, scaEnabled=false, sequentialTestRunsEnabled=false, resultPaths=[/var/tmp/testing-dir/**/target/surefire-reports/*.xml], timeoutSeconds=0, assignmentCheckoutPath=null, testCheckoutPath=null, solutionCheckoutPath=null, dockerRunConfig=null], submissionResult=null]
java.util.concurrent.CompletionException: java.util.concurrent.ExecutionException: de.tum.cit.aet.artemis.core.exception.LocalCIException: Could not pull Docker image dummy-docker-image
	at de.tum.cit.aet.artemis.buildagent.service.BuildJobManagementService.lambda$executeBuildJob$2(BuildJobManagementService.java:188)
	at de.tum.cit.aet.artemis.buildagent.service.BuildJobManagementService.createCompletableFuture(BuildJobManagementService.java:236)
	at de.tum.cit.aet.artemis.buildagent.service.BuildJobManagementService.executeBuildJob(BuildJobManagementService.java:163)
	at de.tum.cit.aet.artemis.buildagent.service.SharedQueueProcessingService.processBuild(SharedQueueProcessingService.java:413)
	at de.tum.cit.aet.artemis.buildagent.service.SharedQueueProcessingService.checkAvailabilityAndProcessNextBuild(SharedQueueProcessingService.java:269)
	at de.tum.cit.aet.artemis.buildagent.service.SharedQueueProcessingService.lambda$processBuild$5(SharedQueueProcessingService.java:480)
	at java.base/java.util.concurrent.CompletableFuture.uniExceptionally(CompletableFuture.java:990)
	at java.base/java.util.concurrent.CompletableFuture.uniExceptionallyStage(CompletableFuture.java:1008)
	at java.base/java.util.concurrent.CompletableFuture.exceptionally(CompletableFuture.java:2396)
	at de.tum.cit.aet.artemis.buildagent.service.SharedQueueProcessingService.processBuild(SharedQueueProcessingService.java:444)
	at de.tum.cit.aet.artemis.buildagent.service.SharedQueueProcessingService.checkAvailabilityAndProcessNextBuild(SharedQueueProcessingService.java:269)
	at de.tum.cit.aet.artemis.buildagent.service.SharedQueueProcessingService.lambda$processBuild$5(SharedQueueProcessingService.java:480)
	at java.base/java.util.concurrent.CompletableFuture.uniExceptionally(CompletableFuture.java:990)
	at java.base/java.util.concurrent.CompletableFuture.uniExceptionallyStage(CompletableFuture.java:1008)
	at java.base/java.util.concurrent.CompletableFuture.exceptionally(CompletableFuture.java:2396)
	at de.tum.cit.aet.artemis.buildagent.service.SharedQueueProcessingService.processBuild(SharedQueueProcessingService.java:444)
	at de.tum.cit.aet.artemis.buildagent.service.SharedQueueProcessingService.checkAvailabilityAndProcessNextBuild(SharedQueueProcessingService.java:269)
	at de.tum.cit.aet.artemis.buildagent.service.SharedQueueProcessingService.lambda$processBuild$5(SharedQueueProcessingService.java:480)
	at java.base/java.util.concurrent.CompletableFuture.uniExceptionally(CompletableFuture.java:990)
	at java.base/java.util.concurrent.CompletableFuture.uniExceptionallyStage(CompletableFuture.java:1008)
	at java.base/java.util.concurrent.CompletableFuture.exceptionally(CompletableFuture.java:2396)
	at de.tum.cit.aet.artemis.buildagent.service.SharedQueueProcessingService.processBuild(SharedQueueProcessingService.java:444)
	at de.tum.cit.aet.artemis.buildagent.service.SharedQueueProcessingService.checkAvailabilityAndProcessNextBuild(SharedQueueProcessingService.java:269)
	at de.tum.cit.aet.artemis.buildagent.service.SharedQueueProcessingService.lambda$processBuild$5(SharedQueueProcessingService.java:480)
	at java.base/java.util.concurrent.CompletableFuture.uniExceptionally(CompletableFuture.java:990)
	at java.base/java.util.concurrent.CompletableFuture.uniExceptionallyStage(CompletableFuture.java:1008)
	at java.base/java.util.concurrent.CompletableFuture.exceptionally(CompletableFuture.java:2396)
	at de.tum.cit.aet.artemis.buildagent.service.SharedQueueProcessingService.processBuild(SharedQueueProcessingService.java:444)
	at de.tum.cit.aet.artemis.buildagent.service.SharedQueueProcessingService.checkAvailabilityAndProcessNextBuild(SharedQueueProcessingService.java:269)
	at de.tum.cit.aet.artemis.buildagent.service.SharedQueueProcessingService.lambda$processBuild$5(SharedQueueProcessingService.java:480)
	at java.base/java.util.concurrent.CompletableFuture.uniExceptionally(CompletableFuture.java:990)
	at java.base/java.util.concurrent.CompletableFuture.uniExceptionallyStage(CompletableFuture.java:1008)
	at java.base/java.util.concurrent.CompletableFuture.exceptionally(CompletableFuture.java:2396)
	at de.tum.cit.aet.artemis.buildagent.service.SharedQueueProcessingService.processBuild(SharedQueueProcessingService.java:444)
	at de.tum.cit.aet.artemis.buildagent.service.SharedQueueProcessingService.checkAvailabilityAndProcessNextBuild(SharedQueueProcessingService.java:269)
	at de.tum.cit.aet.artemis.buildagent.service.SharedQueueProcessingService.lambda$processBuild$5(SharedQueueProcessingService.java:480)
	at java.base/java.util.concurrent.CompletableFuture.uniExceptionally(CompletableFuture.java:990)
	at java.base/java.util.concurrent.CompletableFuture.uniExceptionallyStage(CompletableFuture.java:1008)
	at java.base/java.util.concurrent.CompletableFuture.exceptionally(CompletableFuture.java:2396)
	at de.tum.cit.aet.artemis.buildagent.service.SharedQueueProcessingService.processBuild(SharedQueueProcessingService.java:444)
	at de.tum.cit.aet.artemis.buildagent.service.SharedQueueProcessingService.checkAvailabilityAndProcessNextBuild(SharedQueueProcessingService.java:269)
	at de.tum.cit.aet.artemis.buildagent.service.SharedQueueProcessingService.lambda$processBuild$5(SharedQueueProcessingService.java:480)
	at java.base/java.util.concurrent.CompletableFuture.uniExceptionally(CompletableFuture.java:990)
	at java.base/java.util.concurrent.CompletableFuture.uniExceptionallyStage(CompletableFuture.java:1008)
	at java.base/java.util.concurrent.CompletableFuture.exceptionally(CompletableFuture.java:2396)
	at de.tum.cit.aet.artemis.buildagent.service.SharedQueueProcessingService.processBuild(SharedQueueProcessingService.java:444)
	at de.tum.cit.aet.artemis.buildagent.service.SharedQueueProcessingService.checkAvailabilityAndProcessNextBuild(SharedQueueProcessingService.java:269)
	at de.tum.cit.aet.artemis.buildagent.service.SharedQueueProcessingService.lambda$processBuild$5(SharedQueueProcessingService.java:480)
	at java.base/java.util.concurrent.CompletableFuture.uniExceptionally(CompletableFuture.java:990)
	at java.base/java.util.concurrent.CompletableFuture.uniExceptionallyStage(CompletableFuture.java:1008)
	at java.base/java.util.concurrent.CompletableFuture.exceptionally(CompletableFuture.java:2396)
	at de.tum.cit.aet.artemis.buildagent.service.SharedQueueProcessingService.processBuild(SharedQueueProcessingService.java:444)
	at de.tum.cit.aet.artemis.buildagent.service.SharedQueueProcessingService.checkAvailabilityAndProcessNextBuild(SharedQueueProcessingService.java:269)
	at de.tum.cit.aet.artemis.buildagent.service.SharedQueueProcessingService.lambda$processBuild$5(SharedQueueProcessingService.java:480)
	at java.base/java.util.concurrent.CompletableFuture.uniExceptionally(CompletableFuture.java:990)
	at java.base/java.util.concurrent.CompletableFuture.uniExceptionallyStage(CompletableFuture.java:1008)
	at java.base/java.util.concurrent.CompletableFuture.exceptionally(CompletableFuture.java:2396)
	at de.tum.cit.aet.artemis.buildagent.service.SharedQueueProcessingService.processBuild(SharedQueueProcessingService.java:444)
	at de.tum.cit.aet.artemis.buildagent.service.SharedQueueProcessingService.checkAvailabilityAndProcessNextBuild(SharedQueueProcessingService.java:269)
	at de.tum.cit.aet.artemis.buildagent.service.SharedQueueProcessingService$QueuedBuildJobItemListener.itemAdded(SharedQueueProcessingService.java:594)
	at com.hazelcast.collection.impl.queue.QueueService.lambda$dispatchEvent$1(QueueService.java:277)
	at com.hazelcast.internal.namespace.impl.NoOpUserCodeNamespaceService.runWithNamespace(NoOpUserCodeNamespaceService.java:82)
	at com.hazelcast.internal.namespace.NamespaceUtil.runWithNamespace(NamespaceUtil.java:106)
	at com.hazelcast.collection.impl.queue.QueueService.dispatchEvent(QueueService.java:275)
	at com.hazelcast.collection.impl.queue.QueueService.dispatchEvent(QueueService.java:98)
	at com.hazelcast.spi.impl.eventservice.impl.LocalEventDispatcher.run(LocalEventDispatcher.java:64)
	at com.hazelcast.internal.util.executor.StripedExecutor$Worker.process(StripedExecutor.java:244)
	at com.hazelcast.internal.util.executor.StripedExecutor$Worker.run(StripedExecutor.java:227)
Caused by: java.util.concurrent.ExecutionException: de.tum.cit.aet.artemis.core.exception.LocalCIException: Could not pull Docker image dummy-docker-image
	at java.base/java.util.concurrent.FutureTask.report(FutureTask.java:122)
	at java.base/java.util.concurrent.FutureTask.get(FutureTask.java:205)
	at de.tum.cit.aet.artemis.buildagent.service.BuildJobManagementService.lambda$executeBuildJob$2(BuildJobManagementService.java:165)
	... 67 common frames omitted
Caused by: de.tum.cit.aet.artemis.core.exception.LocalCIException: Could not pull Docker image dummy-docker-image
	at de.tum.cit.aet.artemis.buildagent.service.BuildJobExecutionService.runBuildJob(BuildJobExecutionService.java:157)
	at java.base/jdk.internal.reflect.DirectMethodHandleAccessor.invoke(DirectMethodHandleAccessor.java:103)
	at java.base/java.lang.reflect.Method.invoke(Method.java:580)
	at org.springframework.aop.support.AopUtils.invokeJoinpointUsingReflection(AopUtils.java:359)
	at org.springframework.aop.framework.CglibAopProxy$DynamicAdvisedInterceptor.intercept(CglibAopProxy.java:723)
	at de.tum.cit.aet.artemis.buildagent.service.BuildJobExecutionService$$SpringCGLIB$$0.runBuildJob(<generated>)
	at de.tum.cit.aet.artemis.buildagent.service.BuildJobManagementService.lambda$executeBuildJob$1(BuildJobManagementService.java:129)
	at java.base/java.util.concurrent.FutureTask.run(FutureTask.java:317)
	at java.base/java.util.concurrent.ThreadPoolExecutor.runWorker(ThreadPoolExecutor.java:1144)
	at java.base/java.util.concurrent.ThreadPoolExecutor$Worker.run(ThreadPoolExecutor.java:642)
	at java.base/java.lang.Thread.run(Thread.java:1583)
Caused by: de.tum.cit.aet.artemis.core.exception.LocalCIException: Docker image dummy-docker-image is not compatible with the current architecture. Needed 'linux/amd64', but got 'null'
	at de.tum.cit.aet.artemis.buildagent.service.BuildAgentDockerService.checkImageArchitecture(BuildAgentDockerService.java:291)
	at de.tum.cit.aet.artemis.buildagent.service.BuildAgentDockerService.pullDockerImage(BuildAgentDockerService.java:223)
	at de.tum.cit.aet.artemis.buildagent.service.BuildJobExecutionService.runBuildJob(BuildJobExecutionService.java:152)
	... 10 common frames omitted
    23:44:54.667 | 566 localvc.event-13 | ERROR | a.a.b.s.SharedQueueProcessingService : Error while processing build job: BuildJobQueueItem[id=17531739576694522, name=SHORTFDB0CC0C02BA4046D90BD74095B77B392C2CTSTEXC-BASE, buildAgent=BuildAgentDTO[name=artemis-build-agent-test, memberAddress=[127.0.0.1]:5703, displayName=artemis-build-agent-test], participationId=1753, courseId=875, exerciseId=2450, retryCount=0, priority=2, status=null, repositoryInfo=RepositoryInfo[repositoryName=shortfdb0cc0c02ba4046d90bd74095b77b392c2ctstexc-exercise, repositoryType=exercise, triggeredByPushTo=exercise, assignmentRepositoryUri=http://localhost:49152/git/SHORTFDB0CC0C02BA4046D90BD74095B77B392C2CTSTEXC/shortfdb0cc0c02ba4046d90bd74095b77b392c2ctstexc-exercise.git, testRepositoryUri=http://nadnasidni.tum/scm/SHORTFDB0CC0C02BA4046D90BD74095B77B392C2CTSTEXC/SHORTFDB0CC0C02BA4046D90BD74095B77B392C2CTSTEXC-tests.git, solutionRepositoryUri=null, auxiliaryRepositoryUris=[Ljava.lang.String;@93c7575, auxiliaryRepositoryCheckoutDirectories=[Ljava.lang.String;@7bd949ff], jobTimingInfo=JobTimingInfo[submissionDate=2025-02-14T23:44:54.522500123Z[Etc/UTC], buildStartDate=2025-02-14T23:44:54.652544627Z[Etc/UTC], buildCompletionDate=null, estimatedCompletionDate=2025-02-14T23:45:13.652540008Z[Etc/UTC], estimatedDuration=19], buildConfig=BuildConfig[buildScript=#!/bin/bash
cd /var/tmp/testing-dir
mvn clean test
, dockerImage=dummy-docker-image, commitHashToBuild=null, assignmentCommitHash=9b3a9bd71a0d80e5bbc42204c319ed3d1d4f0d6d, testCommitHash=9b3a9bd71a0d80e5bbc42204c319ed3d1d4f0d6d, branch=main, programmingLanguage=JAVA, projectType=PLAIN_MAVEN, scaEnabled=false, sequentialTestRunsEnabled=false, resultPaths=[/var/tmp/testing-dir/**/target/surefire-reports/*.xml], timeoutSeconds=0, assignmentCheckoutPath=null, testCheckoutPath=null, solutionCheckoutPath=null, dockerRunConfig=null], submissionResult=null]
java.util.concurrent.CompletionException: java.util.concurrent.ExecutionException: de.tum.cit.aet.artemis.core.exception.LocalCIException: Could not pull Docker image dummy-docker-image
	at de.tum.cit.aet.artemis.buildagent.service.BuildJobManagementService.lambda$executeBuildJob$2(BuildJobManagementService.java:188)
	at de.tum.cit.aet.artemis.buildagent.service.BuildJobManagementService.createCompletableFuture(BuildJobManagementService.java:236)
	at de.tum.cit.aet.artemis.buildagent.service.BuildJobManagementService.executeBuildJob(BuildJobManagementService.java:163)
	at de.tum.cit.aet.artemis.buildagent.service.SharedQueueProcessingService.processBuild(SharedQueueProcessingService.java:413)
	at de.tum.cit.aet.artemis.buildagent.service.SharedQueueProcessingService.checkAvailabilityAndProcessNextBuild(SharedQueueProcessingService.java:269)
	at de.tum.cit.aet.artemis.buildagent.service.SharedQueueProcessingService.lambda$processBuild$5(SharedQueueProcessingService.java:480)
	at java.base/java.util.concurrent.CompletableFuture.uniExceptionally(CompletableFuture.java:990)
	at java.base/java.util.concurrent.CompletableFuture.uniExceptionallyStage(CompletableFuture.java:1008)
	at java.base/java.util.concurrent.CompletableFuture.exceptionally(CompletableFuture.java:2396)
	at de.tum.cit.aet.artemis.buildagent.service.SharedQueueProcessingService.processBuild(SharedQueueProcessingService.java:444)
	at de.tum.cit.aet.artemis.buildagent.service.SharedQueueProcessingService.checkAvailabilityAndProcessNextBuild(SharedQueueProcessingService.java:269)
	at de.tum.cit.aet.artemis.buildagent.service.SharedQueueProcessingService.lambda$processBuild$5(SharedQueueProcessingService.java:480)
	at java.base/java.util.concurrent.CompletableFuture.uniExceptionally(CompletableFuture.java:990)
	at java.base/java.util.concurrent.CompletableFuture.uniExceptionallyStage(CompletableFuture.java:1008)
	at java.base/java.util.concurrent.CompletableFuture.exceptionally(CompletableFuture.java:2396)
	at de.tum.cit.aet.artemis.buildagent.service.SharedQueueProcessingService.processBuild(SharedQueueProcessingService.java:444)
	at de.tum.cit.aet.artemis.buildagent.service.SharedQueueProcessingService.checkAvailabilityAndProcessNextBuild(SharedQueueProcessingService.java:269)
	at de.tum.cit.aet.artemis.buildagent.service.SharedQueueProcessingService.lambda$processBuild$5(SharedQueueProcessingService.java:480)
	at java.base/java.util.concurrent.CompletableFuture.uniExceptionally(CompletableFuture.java:990)
	at java.base/java.util.concurrent.CompletableFuture.uniExceptionallyStage(CompletableFuture.java:1008)
	at java.base/java.util.concurrent.CompletableFuture.exceptionally(CompletableFuture.java:2396)
	at de.tum.cit.aet.artemis.buildagent.service.SharedQueueProcessingService.processBuild(SharedQueueProcessingService.java:444)
	at de.tum.cit.aet.artemis.buildagent.service.SharedQueueProcessingService.checkAvailabilityAndProcessNextBuild(SharedQueueProcessingService.java:269)
	at de.tum.cit.aet.artemis.buildagent.service.SharedQueueProcessingService.lambda$processBuild$5(SharedQueueProcessingService.java:480)
	at java.base/java.util.concurrent.CompletableFuture.uniExceptionally(CompletableFuture.java:990)
	at java.base/java.util.concurrent.CompletableFuture.uniExceptionallyStage(CompletableFuture.java:1008)
	at java.base/java.util.concurrent.CompletableFuture.exceptionally(CompletableFuture.java:2396)
	at de.tum.cit.aet.artemis.buildagent.service.SharedQueueProcessingService.processBuild(SharedQueueProcessingService.java:444)
	at de.tum.cit.aet.artemis.buildagent.service.SharedQueueProcessingService.checkAvailabilityAndProcessNextBuild(SharedQueueProcessingService.java:269)
	at de.tum.cit.aet.artemis.buildagent.service.SharedQueueProcessingService.lambda$processBuild$5(SharedQueueProcessingService.java:480)
	at java.base/java.util.concurrent.CompletableFuture.uniExceptionally(CompletableFuture.java:990)
	at java.base/java.util.concurrent.CompletableFuture.uniExceptionallyStage(CompletableFuture.java:1008)
	at java.base/java.util.concurrent.CompletableFuture.exceptionally(CompletableFuture.java:2396)
	at de.tum.cit.aet.artemis.buildagent.service.SharedQueueProcessingService.processBuild(SharedQueueProcessingService.java:444)
	at de.tum.cit.aet.artemis.buildagent.service.SharedQueueProcessingService.checkAvailabilityAndProcessNextBuild(SharedQueueProcessingService.java:269)
	at de.tum.cit.aet.artemis.buildagent.service.SharedQueueProcessingService.lambda$processBuild$5(SharedQueueProcessingService.java:480)
	at java.base/java.util.concurrent.CompletableFuture.uniExceptionally(CompletableFuture.java:990)
	at java.base/java.util.concurrent.CompletableFuture.uniExceptionallyStage(CompletableFuture.java:1008)
	at java.base/java.util.concurrent.CompletableFuture.exceptionally(CompletableFuture.java:2396)
	at de.tum.cit.aet.artemis.buildagent.service.SharedQueueProcessingService.processBuild(SharedQueueProcessingService.java:444)
	at de.tum.cit.aet.artemis.buildagent.service.SharedQueueProcessingService.checkAvailabilityAndProcessNextBuild(SharedQueueProcessingService.java:269)
	at de.tum.cit.aet.artemis.buildagent.service.SharedQueueProcessingService.lambda$processBuild$5(SharedQueueProcessingService.java:480)
	at java.base/java.util.concurrent.CompletableFuture.uniExceptionally(CompletableFuture.java:990)
	at java.base/java.util.concurrent.CompletableFuture.uniExceptionallyStage(CompletableFuture.java:1008)
	at java.base/java.util.concurrent.CompletableFuture.exceptionally(CompletableFuture.java:2396)
	at de.tum.cit.aet.artemis.buildagent.service.SharedQueueProcessingService.processBuild(SharedQueueProcessingService.java:444)
	at de.tum.cit.aet.artemis.buildagent.service.SharedQueueProcessingService.checkAvailabilityAndProcessNextBuild(SharedQueueProcessingService.java:269)
	at de.tum.cit.aet.artemis.buildagent.service.SharedQueueProcessingService.lambda$processBuild$5(SharedQueueProcessingService.java:480)
	at java.base/java.util.concurrent.CompletableFuture.uniExceptionally(CompletableFuture.java:990)
	at java.base/java.util.concurrent.CompletableFuture.uniExceptionallyStage(CompletableFuture.java:1008)
	at java.base/java.util.concurrent.CompletableFuture.exceptionally(CompletableFuture.java:2396)
	at de.tum.cit.aet.artemis.buildagent.service.SharedQueueProcessingService.processBuild(SharedQueueProcessingService.java:444)
	at de.tum.cit.aet.artemis.buildagent.service.SharedQueueProcessingService.checkAvailabilityAndProcessNextBuild(SharedQueueProcessingService.java:269)
	at de.tum.cit.aet.artemis.buildagent.service.SharedQueueProcessingService.lambda$processBuild$5(SharedQueueProcessingService.java:480)
	at java.base/java.util.concurrent.CompletableFuture.uniExceptionally(CompletableFuture.java:990)
	at java.base/java.util.concurrent.CompletableFuture.uniExceptionallyStage(CompletableFuture.java:1008)
	at java.base/java.util.concurrent.CompletableFuture.exceptionally(CompletableFuture.java:2396)
	at de.tum.cit.aet.artemis.buildagent.service.SharedQueueProcessingService.processBuild(SharedQueueProcessingService.java:444)
	at de.tum.cit.aet.artemis.buildagent.service.SharedQueueProcessingService.checkAvailabilityAndProcessNextBuild(SharedQueueProcessingService.java:269)
	at de.tum.cit.aet.artemis.buildagent.service.SharedQueueProcessingService$QueuedBuildJobItemListener.itemAdded(SharedQueueProcessingService.java:594)
	at com.hazelcast.collection.impl.queue.QueueService.lambda$dispatchEvent$1(QueueService.java:277)
	at com.hazelcast.internal.namespace.impl.NoOpUserCodeNamespaceService.runWithNamespace(NoOpUserCodeNamespaceService.java:82)
	at com.hazelcast.internal.namespace.NamespaceUtil.runWithNamespace(NamespaceUtil.java:106)
	at com.hazelcast.collection.impl.queue.QueueService.dispatchEvent(QueueService.java:275)
	at com.hazelcast.collection.impl.queue.QueueService.dispatchEvent(QueueService.java:98)
	at com.hazelcast.spi.impl.eventservice.impl.LocalEventDispatcher.run(LocalEventDispatcher.java:64)
	at com.hazelcast.internal.util.executor.StripedExecutor$Worker.process(StripedExecutor.java:244)
	at com.hazelcast.internal.util.executor.StripedExecutor$Worker.run(StripedExecutor.java:227)
Caused by: java.util.concurrent.ExecutionException: de.tum.cit.aet.artemis.core.exception.LocalCIException: Could not pull Docker image dummy-docker-image
	at java.base/java.util.concurrent.FutureTask.report(FutureTask.java:122)
	at java.base/java.util.concurrent.FutureTask.get(FutureTask.java:205)
	at de.tum.cit.aet.artemis.buildagent.service.BuildJobManagementService.lambda$executeBuildJob$2(BuildJobManagementService.java:165)
	... 67 common frames omitted
Caused by: de.tum.cit.aet.artemis.core.exception.LocalCIException: Could not pull Docker image dummy-docker-image
	at de.tum.cit.aet.artemis.buildagent.service.BuildJobExecutionService.runBuildJob(BuildJobExecutionService.java:157)
	at java.base/jdk.internal.reflect.DirectMethodHandleAccessor.invoke(DirectMethodHandleAccessor.java:103)
	at java.base/java.lang.reflect.Method.invoke(Method.java:580)
	at org.springframework.aop.support.AopUtils.invokeJoinpointUsingReflection(AopUtils.java:359)
	at org.springframework.aop.framework.CglibAopProxy$DynamicAdvisedInterceptor.intercept(CglibAopProxy.java:723)
	at de.tum.cit.aet.artemis.buildagent.service.BuildJobExecutionService$$SpringCGLIB$$0.runBuildJob(<generated>)
	at de.tum.cit.aet.artemis.buildagent.service.BuildJobManagementService.lambda$executeBuildJob$1(BuildJobManagementService.java:129)
	at java.base/java.util.concurrent.FutureTask.run(FutureTask.java:317)
	at java.base/java.util.concurrent.ThreadPoolExecutor.runWorker(ThreadPoolExecutor.java:1144)
	at java.base/java.util.concurrent.ThreadPoolExecutor$Worker.run(ThreadPoolExecutor.java:642)
	at java.base/java.lang.Thread.run(Thread.java:1583)
Caused by: de.tum.cit.aet.artemis.core.exception.LocalCIException: Docker image dummy-docker-image is not compatible with the current architecture. Needed 'linux/amd64', but got 'null'
	at de.tum.cit.aet.artemis.buildagent.service.BuildAgentDockerService.checkImageArchitecture(BuildAgentDockerService.java:291)
	at de.tum.cit.aet.artemis.buildagent.service.BuildAgentDockerService.pullDockerImage(BuildAgentDockerService.java:223)
	at de.tum.cit.aet.artemis.buildagent.service.BuildJobExecutionService.runBuildJob(BuildJobExecutionService.java:152)
	... 10 common frames omitted
    23:44:54.667 | 462 ool-1-worker-226 | INFO  | .t.c.a.a.p.s.l.LocalCITriggerService : Added build job 17551739576694666 for exercise TSTEXC and participation 1755 with priority 2 to the queue
    23:44:54.670 | 462 ool-1-worker-226 | INFO  | .t.c.a.a.p.s.l.LocalCITriggerService : Triggering build for participation 1756 and commit hash null
    23:44:54.671 | 462 ool-1-worker-226 | WARN  | .t.c.a.a.p.s.l.LocalCITriggerService : Could not retrieve windfile for programming exercise 2451. Using default windfile instead.
    23:44:54.672 | 565 localvc.event-12 | DEBUG | a.p.s.l.LocalCIQueueWebsocketService : CIBuildJobQueueItem removed from processing jobs: BuildJobQueueItem[id=17531739576694522, name=SHORTFDB0CC0C02BA4046D90BD74095B77B392C2CTSTEXC-BASE, buildAgent=BuildAgentDTO[name=artemis-build-agent-test, memberAddress=[127.0.0.1]:5703, displayName=artemis-build-agent-test], participationId=1753, courseId=875, exerciseId=2450, retryCount=0, priority=2, status=null, repositoryInfo=RepositoryInfo[repositoryName=shortfdb0cc0c02ba4046d90bd74095b77b392c2ctstexc-exercise, repositoryType=exercise, triggeredByPushTo=exercise, assignmentRepositoryUri=http://localhost:49152/git/SHORTFDB0CC0C02BA4046D90BD74095B77B392C2CTSTEXC/shortfdb0cc0c02ba4046d90bd74095b77b392c2ctstexc-exercise.git, testRepositoryUri=http://nadnasidni.tum/scm/SHORTFDB0CC0C02BA4046D90BD74095B77B392C2CTSTEXC/SHORTFDB0CC0C02BA4046D90BD74095B77B392C2CTSTEXC-tests.git, solutionRepositoryUri=null, auxiliaryRepositoryUris=[Ljava.lang.String;@29585ab2, auxiliaryRepositoryCheckoutDirectories=[Ljava.lang.String;@7c659d2b], jobTimingInfo=JobTimingInfo[submissionDate=2025-02-14T23:44:54.522500123Z[Etc/UTC], buildStartDate=2025-02-14T23:44:54.652544627Z[Etc/UTC], buildCompletionDate=null, estimatedCompletionDate=2025-02-14T23:45:13.652540008Z[Etc/UTC], estimatedDuration=19], buildConfig=BuildConfig[buildScript=#!/bin/bash
cd /var/tmp/testing-dir
mvn clean test
, dockerImage=dummy-docker-image, commitHashToBuild=null, assignmentCommitHash=9b3a9bd71a0d80e5bbc42204c319ed3d1d4f0d6d, testCommitHash=9b3a9bd71a0d80e5bbc42204c319ed3d1d4f0d6d, branch=main, programmingLanguage=JAVA, projectType=PLAIN_MAVEN, scaEnabled=false, sequentialTestRunsEnabled=false, resultPaths=[/var/tmp/testing-dir/**/target/surefire-reports/*.xml], timeoutSeconds=0, assignmentCheckoutPath=null, testCheckoutPath=null, solutionCheckoutPath=null, dockerRunConfig=null], submissionResult=null]
    23:44:54.672 | 565 localvc.event-12 | DEBUG | s.l.LocalCIWebsocketMessagingService : Sending message on topic /topic/admin/running-jobs: []
    23:44:54.672 | 565 localvc.event-12 | DEBUG | s.l.LocalCIWebsocketMessagingService : Sending message on topic /topic/courses/875/running-jobs: []
    23:44:54.673 | 462 ool-1-worker-226 | INFO  | .t.c.a.a.p.s.l.LocalCITriggerService : Added build job 17561739576694670 for exercise TSTEXC and participation 1756 with priority 2 to the queue
    23:44:54.679 | 566 localvc.event-13 | DEBUG | a.a.b.s.SharedQueueProcessingService : Currently processing jobs on this node: 0, active threads in Pool: 0, maximum pool size of thread executor : 1
    23:44:54.679 | 566 localvc.event-13 | DEBUG | a.a.b.s.SharedQueueProcessingService : Currently processing jobs on this node: 0, active threads in Pool: 0, maximum pool size of thread executor : 1
    23:44:54.680 | 567 localvc.event-14 | DEBUG | a.p.s.l.LocalCIQueueWebsocketService : CIBuildJobQueueItem added to processing jobs: BuildJobQueueItem[id=17551739576694666, name=SHORT4B6B7AAF03B28040600B8D20E984055B617ATSTEXC-SOLUTION, buildAgent=BuildAgentDTO[name=artemis-build-agent-test, memberAddress=[127.0.0.1]:5703, displayName=artemis-build-agent-test], participationId=1755, courseId=876, exerciseId=2451, retryCount=0, priority=2, status=null, repositoryInfo=RepositoryInfo[repositoryName=short4b6b7aaf03b28040600b8d20e984055b617atstexc-solution, repositoryType=solution, triggeredByPushTo=solution, assignmentRepositoryUri=http://localhost:49152/git/SHORT4B6B7AAF03B28040600B8D20E984055B617ATSTEXC/short4b6b7aaf03b28040600b8d20e984055b617atstexc-solution.git, testRepositoryUri=http://nadnasidni.tum/scm/SHORT4B6B7AAF03B28040600B8D20E984055B617ATSTEXC/SHORT4B6B7AAF03B28040600B8D20E984055B617ATSTEXC-tests.git, solutionRepositoryUri=null, auxiliaryRepositoryUris=[Ljava.lang.String;@5e5c1e72, auxiliaryRepositoryCheckoutDirectories=[Ljava.lang.String;@6ee18b8b], jobTimingInfo=JobTimingInfo[submissionDate=2025-02-14T23:44:54.666476750Z[Etc/UTC], buildStartDate=2025-02-14T23:44:54.680145230Z[Etc/UTC], buildCompletionDate=null, estimatedCompletionDate=2025-02-14T23:45:13.680139659Z[Etc/UTC], estimatedDuration=19], buildConfig=BuildConfig[buildScript=#!/bin/bash
cd /var/tmp/testing-dir
mvn clean test
, dockerImage=dummy-docker-image, commitHashToBuild=null, assignmentCommitHash=9b3a9bd71a0d80e5bbc42204c319ed3d1d4f0d6d, testCommitHash=9b3a9bd71a0d80e5bbc42204c319ed3d1d4f0d6d, branch=main, programmingLanguage=JAVA, projectType=PLAIN_MAVEN, scaEnabled=false, sequentialTestRunsEnabled=false, resultPaths=[/var/tmp/testing-dir/**/target/surefire-reports/*.xml], timeoutSeconds=0, assignmentCheckoutPath=null, testCheckoutPath=null, solutionCheckoutPath=null, dockerRunConfig=null], submissionResult=null]
    23:44:54.680 | 567 localvc.event-14 | DEBUG | s.l.LocalCIWebsocketMessagingService : Sending message on topic /topic/admin/running-jobs: [BuildJobQueueItem[id=17551739576694666, name=SHORT4B6B7AAF03B28040600B8D20E984055B617ATSTEXC-SOLUTION, buildAgent=BuildAgentDTO[name=artemis-build-agent-test, memberAddress=[127.0.0.1]:5703, displayName=artemis-build-agent-test], participationId=1755, courseId=876, exerciseId=2451, retryCount=0, priority=2, status=null, repositoryInfo=RepositoryInfo[repositoryName=short4b6b7aaf03b28040600b8d20e984055b617atstexc-solution, repositoryType=solution, triggeredByPushTo=solution, assignmentRepositoryUri=, testRepositoryUri=, solutionRepositoryUri=, auxiliaryRepositoryUris=null, auxiliaryRepositoryCheckoutDirectories=null], jobTimingInfo=JobTimingInfo[submissionDate=2025-02-14T23:44:54.666476750Z[Etc/UTC], buildStartDate=2025-02-14T23:44:54.680145230Z[Etc/UTC], buildCompletionDate=null, estimatedCompletionDate=2025-02-14T23:45:13.680139659Z[Etc/UTC], estimatedDuration=19], buildConfig=BuildConfig[buildScript=, dockerImage=, commitHashToBuild=null, assignmentCommitHash=, testCommitHash=, branch=, programmingLanguage=null, projectType=null, scaEnabled=false, sequentialTestRunsEnabled=false, resultPaths=null, timeoutSeconds=0, assignmentCheckoutPath=, testCheckoutPath=, solutionCheckoutPath=, dockerRunConfig=null], submissionResult=null]]
    23:44:54.681 | 588 artemis-task-1   | DEBUG | d.t.c.a.a.c.c.w.GzipMessageConverter : Compressed message payload from 904 to 644 (saved 28.8% payload size)
    23:44:54.681 | 567 localvc.event-14 | DEBUG | s.l.LocalCIWebsocketMessagingService : Sending message on topic /topic/courses/876/running-jobs: [BuildJobQueueItem[id=17551739576694666, name=SHORT4B6B7AAF03B28040600B8D20E984055B617ATSTEXC-SOLUTION, buildAgent=BuildAgentDTO[name=artemis-build-agent-test, memberAddress=[127.0.0.1]:5703, displayName=artemis-build-agent-test], participationId=1755, courseId=876, exerciseId=2451, retryCount=0, priority=2, status=null, repositoryInfo=RepositoryInfo[repositoryName=short4b6b7aaf03b28040600b8d20e984055b617atstexc-solution, repositoryType=solution, triggeredByPushTo=solution, assignmentRepositoryUri=, testRepositoryUri=, solutionRepositoryUri=, auxiliaryRepositoryUris=null, auxiliaryRepositoryCheckoutDirectories=null], jobTimingInfo=JobTimingInfo[submissionDate=2025-02-14T23:44:54.666476750Z[Etc/UTC], buildStartDate=2025-02-14T23:44:54.680145230Z[Etc/UTC], buildCompletionDate=null, estimatedCompletionDate=2025-02-14T23:45:13.680139659Z[Etc/UTC], estimatedDuration=19], buildConfig=BuildConfig[buildScript=, dockerImage=, commitHashToBuild=null, assignmentCommitHash=, testCommitHash=, branch=, programmingLanguage=null, projectType=null, scaEnabled=false, sequentialTestRunsEnabled=false, resultPaths=null, timeoutSeconds=0, assignmentCheckoutPath=, testCheckoutPath=, solutionCheckoutPath=, dockerRunConfig=null], submissionResult=null]]
    23:44:54.681 | 588 artemis-task-1   | DEBUG | d.t.c.a.a.c.c.w.GzipMessageConverter : Compressed message payload from 904 to 644 (saved 28.8% payload size)
    23:44:54.695 | 566 localvc.event-13 | INFO  | a.a.b.s.SharedQueueProcessingService : Processing build job: BuildJobQueueItem[id=17551739576694666, name=SHORT4B6B7AAF03B28040600B8D20E984055B617ATSTEXC-SOLUTION, buildAgent=BuildAgentDTO[name=artemis-build-agent-test, memberAddress=[127.0.0.1]:5703, displayName=artemis-build-agent-test], participationId=1755, courseId=876, exerciseId=2451, retryCount=0, priority=2, status=null, repositoryInfo=RepositoryInfo[repositoryName=short4b6b7aaf03b28040600b8d20e984055b617atstexc-solution, repositoryType=solution, triggeredByPushTo=solution, assignmentRepositoryUri=http://localhost:49152/git/SHORT4B6B7AAF03B28040600B8D20E984055B617ATSTEXC/short4b6b7aaf03b28040600b8d20e984055b617atstexc-solution.git, testRepositoryUri=http://nadnasidni.tum/scm/SHORT4B6B7AAF03B28040600B8D20E984055B617ATSTEXC/SHORT4B6B7AAF03B28040600B8D20E984055B617ATSTEXC-tests.git, solutionRepositoryUri=null, auxiliaryRepositoryUris=[Ljava.lang.String;@39f773b0, auxiliaryRepositoryCheckoutDirectories=[Ljava.lang.String;@40ff2af4], jobTimingInfo=JobTimingInfo[submissionDate=2025-02-14T23:44:54.666476750Z[Etc/UTC], buildStartDate=2025-02-14T23:44:54.680145230Z[Etc/UTC], buildCompletionDate=null, estimatedCompletionDate=2025-02-14T23:45:13.680139659Z[Etc/UTC], estimatedDuration=19], buildConfig=BuildConfig[buildScript=#!/bin/bash
cd /var/tmp/testing-dir
mvn clean test
, dockerImage=dummy-docker-image, commitHashToBuild=null, assignmentCommitHash=9b3a9bd71a0d80e5bbc42204c319ed3d1d4f0d6d, testCommitHash=9b3a9bd71a0d80e5bbc42204c319ed3d1d4f0d6d, branch=main, programmingLanguage=JAVA, projectType=PLAIN_MAVEN, scaEnabled=false, sequentialTestRunsEnabled=false, resultPaths=[/var/tmp/testing-dir/**/target/surefire-reports/*.xml], timeoutSeconds=0, assignmentCheckoutPath=null, testCheckoutPath=null, solutionCheckoutPath=null, dockerRunConfig=null], submissionResult=null]
    23:44:54.695 | 081 local-ci-build-0 | DEBUG | t.c.a.a.b.s.BuildJobExecutionService : ~~~~~~~~~~~~~~~~~~~~ Start Build Job 17551739576694666 ~~~~~~~~~~~~~~~~~~~~
    23:44:54.695 | 081 local-ci-build-0 | INFO  | .t.c.a.a.b.s.BuildAgentDockerService : ~~~~~~~~~~~~~~~~~~~~ Inspecting docker image dummy-docker-image ~~~~~~~~~~~~~~~~~~~~
    23:44:54.697 | 081 local-ci-build-0 | INFO  | .t.c.a.a.b.s.BuildAgentDockerService : ~~~~~~~~~~~~~~~~~~~~ Inspecting docker image dummy-docker-image again with a lock due to error Status 404: {"message":"No such image: dummy-docker-image:latest"}
 ~~~~~~~~~~~~~~~~~~~~

  Starting logs for ProgrammingExerciseTestCaseServiceTest > shouldResetCourseExerciseTestCases()
    23:44:54.716 | 081 local-ci-build-0 | ERROR | .t.c.a.a.b.s.BuildAgentDockerService : Error while checking disk space for Docker image cleanup: null
java.util.NoSuchElementException: null
	at java.base/java.util.ArrayList.getFirst(ArrayList.java:439)
	at de.tum.cit.aet.artemis.buildagent.service.BuildAgentDockerService.checkUsableDiskSpaceThenCleanUp(BuildAgentDockerService.java:397)
	at de.tum.cit.aet.artemis.buildagent.service.BuildAgentDockerService.pullDockerImage(BuildAgentDockerService.java:237)
	at de.tum.cit.aet.artemis.buildagent.service.BuildJobExecutionService.runBuildJob(BuildJobExecutionService.java:152)
	at java.base/jdk.internal.reflect.DirectMethodHandleAccessor.invoke(DirectMethodHandleAccessor.java:103)
	at java.base/java.lang.reflect.Method.invoke(Method.java:580)
	at org.springframework.aop.support.AopUtils.invokeJoinpointUsingReflection(AopUtils.java:359)
	at org.springframework.aop.framework.CglibAopProxy$DynamicAdvisedInterceptor.intercept(CglibAopProxy.java:723)
	at de.tum.cit.aet.artemis.buildagent.service.BuildJobExecutionService$$SpringCGLIB$$0.runBuildJob(<generated>)
	at de.tum.cit.aet.artemis.buildagent.service.BuildJobManagementService.lambda$executeBuildJob$1(BuildJobManagementService.java:129)
	at java.base/java.util.concurrent.FutureTask.run(FutureTask.java:317)
	at java.base/java.util.concurrent.ThreadPoolExecutor.runWorker(ThreadPoolExecutor.java:1144)
	at java.base/java.util.concurrent.ThreadPoolExecutor$Worker.run(ThreadPoolExecutor.java:642)
	at java.base/java.lang.Thread.run(Thread.java:1583)
    23:44:54.716 | 081 local-ci-build-0 | INFO  | .t.c.a.a.b.s.BuildAgentDockerService : ~~~~~~~~~~~~~~~~~~~~ Pulling docker image dummy-docker-image with a lock after error Status 404: {"message":"No such image: dummy-docker-image:latest"}
 ~~~~~~~~~~~~~~~~~~~~
    23:44:54.722 | 462 ool-1-worker-226 | DEBUG | d.t.c.a.a.c.u.util.UserUtilService   : Generate 5 students...
    23:44:54.741 | 462 ool-1-worker-226 | DEBUG | d.t.c.a.a.c.u.util.UserUtilService   : 5 students generated. Generate 1 tutors...
    23:44:54.752 | 462 ool-1-worker-226 | DEBUG | d.t.c.a.a.c.u.util.UserUtilService   : 1 tutors generated. Generate 0 editors...
    23:44:54.754 | 462 ool-1-worker-226 | DEBUG | d.t.c.a.a.c.u.util.UserUtilService   : 0 editors generated. Generate 1 instructors...
    23:44:54.760 | 462 ool-1-worker-226 | DEBUG | d.t.c.a.a.c.u.util.UserUtilService   : 1 instructors generated
    23:44:54.765 | 462 ool-1-worker-226 | DEBUG | d.t.c.a.a.c.u.util.UserUtilService   : Removing 7 users from all courses...
    23:44:54.767 | 462 ool-1-worker-226 | DEBUG | d.t.c.a.a.c.u.util.UserUtilService   : Removing 7 users from all courses. Done
    23:44:54.767 | 462 ool-1-worker-226 | DEBUG | d.t.c.a.a.c.u.util.UserUtilService   : Save 7 users to database...
    23:44:54.780 | 462 ool-1-worker-226 | DEBUG | d.t.c.a.a.c.u.util.UserUtilService   : Save 7 users to database. Done
    23:44:54.801 | 462 ool-1-worker-226 | INFO  | i.z.t.d.l.EmbeddedDatabaseReporter   : JDBC URL to connect to 'dataSource': url='jdbc:h2:tcp://localhost:41063/mem:f240edcd-27ce-47a3-b4ab-a6a00c154135;USER=sa', scope='ProgrammingExerciseTestCaseServiceTest#shouldResetCourseExerciseTestCases'
    23:44:54.805 | 462 ool-1-worker-226 | DEBUG | .c.s.m.InstanceMessageReceiveService : Received schedule participant score for exercise 2452 and participant 159 (result to be deleted: null)
    23:44:54.805 | 462 ool-1-worker-226 | DEBUG | .a.s.ParticipantScoreScheduleService : Scheduled task for exercise 2452 and participant 159 at 2025-02-14T23:44:54.905984806Z[Etc/UTC].
    23:44:54.812 | 462 ool-1-worker-226 | INFO  | .t.c.a.a.p.s.l.LocalCITriggerService : Triggering build for participation 1758 and commit hash null
    23:44:54.814 | 462 ool-1-worker-226 | WARN  | .t.c.a.a.p.s.l.LocalCITriggerService : Could not retrieve windfile for programming exercise 2452. Using default windfile instead.
    23:44:54.814 | 462 ool-1-worker-226 | INFO  | .t.c.a.a.p.s.l.LocalCITriggerService : Added build job 17581739576694813 for exercise TSTEXC and participation 1758 with priority 2 to the queue
    23:44:54.814 | 462 ool-1-worker-226 | INFO  | .t.c.a.a.p.s.l.LocalCITriggerService : Triggering build for participation 1759 and commit hash null
    23:44:54.817 | 367 ream--1738962099 | ERROR | c.g.d.a.async.ResultCallbackTemplate : Error during callback
com.github.dockerjava.api.exception.NotFoundException: Status 404: {"message":"pull access denied for dummy-docker-image, repository does not exist or may require 'docker login': denied: requested access to the resource is denied"}

	at com.github.dockerjava.core.DefaultInvocationBuilder.execute(DefaultInvocationBuilder.java:241)
	at com.github.dockerjava.core.DefaultInvocationBuilder.lambda$executeAndStream$1(DefaultInvocationBuilder.java:269)
	at java.base/java.lang.Thread.run(Thread.java:1583)
    23:44:54.822 | 462 ool-1-worker-226 | WARN  | .t.c.a.a.p.s.l.LocalCITriggerService : Could not retrieve windfile for programming exercise 2452. Using default windfile instead.
    23:44:54.822 | 566 localvc.event-13 | ERROR | .c.a.a.b.s.BuildJobManagementService : Error while executing build job 17551739576694666: de.tum.cit.aet.artemis.core.exception.LocalCIException: Could not pull Docker image dummy-docker-image
java.util.concurrent.ExecutionException: de.tum.cit.aet.artemis.core.exception.LocalCIException: Could not pull Docker image dummy-docker-image
	at java.base/java.util.concurrent.FutureTask.report(FutureTask.java:122)
	at java.base/java.util.concurrent.FutureTask.get(FutureTask.java:205)
	at de.tum.cit.aet.artemis.buildagent.service.BuildJobManagementService.lambda$executeBuildJob$2(BuildJobManagementService.java:165)
	at de.tum.cit.aet.artemis.buildagent.service.BuildJobManagementService.createCompletableFuture(BuildJobManagementService.java:236)
	at de.tum.cit.aet.artemis.buildagent.service.BuildJobManagementService.executeBuildJob(BuildJobManagementService.java:163)
	at de.tum.cit.aet.artemis.buildagent.service.SharedQueueProcessingService.processBuild(SharedQueueProcessingService.java:413)
	at de.tum.cit.aet.artemis.buildagent.service.SharedQueueProcessingService.checkAvailabilityAndProcessNextBuild(SharedQueueProcessingService.java:269)
	at de.tum.cit.aet.artemis.buildagent.service.SharedQueueProcessingService.lambda$processBuild$5(SharedQueueProcessingService.java:480)
	at java.base/java.util.concurrent.CompletableFuture.uniExceptionally(CompletableFuture.java:990)
	at java.base/java.util.concurrent.CompletableFuture.uniExceptionallyStage(CompletableFuture.java:1008)
	at java.base/java.util.concurrent.CompletableFuture.exceptionally(CompletableFuture.java:2396)
	at de.tum.cit.aet.artemis.buildagent.service.SharedQueueProcessingService.processBuild(SharedQueueProcessingService.java:444)
	at de.tum.cit.aet.artemis.buildagent.service.SharedQueueProcessingService.checkAvailabilityAndProcessNextBuild(SharedQueueProcessingService.java:269)
	at de.tum.cit.aet.artemis.buildagent.service.SharedQueueProcessingService.lambda$processBuild$5(SharedQueueProcessingService.java:480)
	at java.base/java.util.concurrent.CompletableFuture.uniExceptionally(CompletableFuture.java:990)
	at java.base/java.util.concurrent.CompletableFuture.uniExceptionallyStage(CompletableFuture.java:1008)
	at java.base/java.util.concurrent.CompletableFuture.exceptionally(CompletableFuture.java:2396)
	at de.tum.cit.aet.artemis.buildagent.service.SharedQueueProcessingService.processBuild(SharedQueueProcessingService.java:444)
	at de.tum.cit.aet.artemis.buildagent.service.SharedQueueProcessingService.checkAvailabilityAndProcessNextBuild(SharedQueueProcessingService.java:269)
	at de.tum.cit.aet.artemis.buildagent.service.SharedQueueProcessingService.lambda$processBuild$5(SharedQueueProcessingService.java:480)
	at java.base/java.util.concurrent.CompletableFuture.uniExceptionally(CompletableFuture.java:990)
	at java.base/java.util.concurrent.CompletableFuture.uniExceptionallyStage(CompletableFuture.java:1008)
	at java.base/java.util.concurrent.CompletableFuture.exceptionally(CompletableFuture.java:2396)
	at de.tum.cit.aet.artemis.buildagent.service.SharedQueueProcessingService.processBuild(SharedQueueProcessingService.java:444)
	at de.tum.cit.aet.artemis.buildagent.service.SharedQueueProcessingService.checkAvailabilityAndProcessNextBuild(SharedQueueProcessingService.java:269)
	at de.tum.cit.aet.artemis.buildagent.service.SharedQueueProcessingService.lambda$processBuild$5(SharedQueueProcessingService.java:480)
	at java.base/java.util.concurrent.CompletableFuture.uniExceptionally(CompletableFuture.java:990)
	at java.base/java.util.concurrent.CompletableFuture.uniExceptionallyStage(CompletableFuture.java:1008)
	at java.base/java.util.concurrent.CompletableFuture.exceptionally(CompletableFuture.java:2396)
	at de.tum.cit.aet.artemis.buildagent.service.SharedQueueProcessingService.processBuild(SharedQueueProcessingService.java:444)
	at de.tum.cit.aet.artemis.buildagent.service.SharedQueueProcessingService.checkAvailabilityAndProcessNextBuild(SharedQueueProcessingService.java:269)
	at de.tum.cit.aet.artemis.buildagent.service.SharedQueueProcessingService.lambda$processBuild$5(SharedQueueProcessingService.java:480)
	at java.base/java.util.concurrent.CompletableFuture.uniExceptionally(CompletableFuture.java:990)
	at java.base/java.util.concurrent.CompletableFuture.uniExceptionallyStage(CompletableFuture.java:1008)
	at java.base/java.util.concurrent.CompletableFuture.exceptionally(CompletableFuture.java:2396)
	at de.tum.cit.aet.artemis.buildagent.service.SharedQueueProcessingService.processBuild(SharedQueueProcessingService.java:444)
	at de.tum.cit.aet.artemis.buildagent.service.SharedQueueProcessingService.checkAvailabilityAndProcessNextBuild(SharedQueueProcessingService.java:269)
	at de.tum.cit.aet.artemis.buildagent.service.SharedQueueProcessingService.lambda$processBuild$5(SharedQueueProcessingService.java:480)
	at java.base/java.util.concurrent.CompletableFuture.uniExceptionally(CompletableFuture.java:990)
	at java.base/java.util.concurrent.CompletableFuture.uniExceptionallyStage(CompletableFuture.java:1008)
	at java.base/java.util.concurrent.CompletableFuture.exceptionally(CompletableFuture.java:2396)
	at de.tum.cit.aet.artemis.buildagent.service.SharedQueueProcessingService.processBuild(SharedQueueProcessingService.java:444)
	at de.tum.cit.aet.artemis.buildagent.service.SharedQueueProcessingService.checkAvailabilityAndProcessNextBuild(SharedQueueProcessingService.java:269)
	at de.tum.cit.aet.artemis.buildagent.service.SharedQueueProcessingService.lambda$processBuild$5(SharedQueueProcessingService.java:480)
	at java.base/java.util.concurrent.CompletableFuture.uniExceptionally(CompletableFuture.java:990)
	at java.base/java.util.concurrent.CompletableFuture.uniExceptionallyStage(CompletableFuture.java:1008)
	at java.base/java.util.concurrent.CompletableFuture.exceptionally(CompletableFuture.java:2396)
	at de.tum.cit.aet.artemis.buildagent.service.SharedQueueProcessingService.processBuild(SharedQueueProcessingService.java:444)
	at de.tum.cit.aet.artemis.buildagent.service.SharedQueueProcessingService.checkAvailabilityAndProcessNextBuild(SharedQueueProcessingService.java:269)
	at de.tum.cit.aet.artemis.buildagent.service.SharedQueueProcessingService.lambda$processBuild$5(SharedQueueProcessingService.java:480)
	at java.base/java.util.concurrent.CompletableFuture.uniExceptionally(CompletableFuture.java:990)
	at java.base/java.util.concurrent.CompletableFuture.uniExceptionallyStage(CompletableFuture.java:1008)
	at java.base/java.util.concurrent.CompletableFuture.exceptionally(CompletableFuture.java:2396)
	at de.tum.cit.aet.artemis.buildagent.service.SharedQueueProcessingService.processBuild(SharedQueueProcessingService.java:444)
	at de.tum.cit.aet.artemis.buildagent.service.SharedQueueProcessingService.checkAvailabilityAndProcessNextBuild(SharedQueueProcessingService.java:269)
	at de.tum.cit.aet.artemis.buildagent.service.SharedQueueProcessingService.lambda$processBuild$5(SharedQueueProcessingService.java:480)
	at java.base/java.util.concurrent.CompletableFuture.uniExceptionally(CompletableFuture.java:990)
	at java.base/java.util.concurrent.CompletableFuture.uniExceptionallyStage(CompletableFuture.java:1008)
	at java.base/java.util.concurrent.CompletableFuture.exceptionally(CompletableFuture.java:2396)
	at de.tum.cit.aet.artemis.buildagent.service.SharedQueueProcessingService.processBuild(SharedQueueProcessingService.java:444)
	at de.tum.cit.aet.artemis.buildagent.service.SharedQueueProcessingService.checkAvailabilityAndProcessNextBuild(SharedQueueProcessingService.java:269)
	at de.tum.cit.aet.artemis.buildagent.service.SharedQueueProcessingService.lambda$processBuild$5(SharedQueueProcessingService.java:480)
	at java.base/java.util.concurrent.CompletableFuture.uniExceptionally(CompletableFuture.java:990)
	at java.base/java.util.concurrent.CompletableFuture.uniExceptionallyStage(CompletableFuture.java:1008)
	at java.base/java.util.concurrent.CompletableFuture.exceptionally(CompletableFuture.java:2396)
	at de.tum.cit.aet.artemis.buildagent.service.SharedQueueProcessingService.processBuild(SharedQueueProcessingService.java:444)
	at de.tum.cit.aet.artemis.buildagent.service.SharedQueueProcessingService.checkAvailabilityAndProcessNextBuild(SharedQueueProcessingService.java:269)
	at de.tum.cit.aet.artemis.buildagent.service.SharedQueueProcessingService$QueuedBuildJobItemListener.itemAdded(SharedQueueProcessingService.java:594)
	at com.hazelcast.collection.impl.queue.QueueService.lambda$dispatchEvent$1(QueueService.java:277)
	at com.hazelcast.internal.namespace.impl.NoOpUserCodeNamespaceService.runWithNamespace(NoOpUserCodeNamespaceService.java:82)
	at com.hazelcast.internal.namespace.NamespaceUtil.runWithNamespace(NamespaceUtil.java:106)
	at com.hazelcast.collection.impl.queue.QueueService.dispatchEvent(QueueService.java:275)
	at com.hazelcast.collection.impl.queue.QueueService.dispatchEvent(QueueService.java:98)
	at com.hazelcast.spi.impl.eventservice.impl.LocalEventDispatcher.run(LocalEventDispatcher.java:64)
	at com.hazelcast.internal.util.executor.StripedExecutor$Worker.process(StripedExecutor.java:244)
	at com.hazelcast.internal.util.executor.StripedExecutor$Worker.run(StripedExecutor.java:227)
Caused by: de.tum.cit.aet.artemis.core.exception.LocalCIException: Could not pull Docker image dummy-docker-image
	at de.tum.cit.aet.artemis.buildagent.service.BuildJobExecutionService.runBuildJob(BuildJobExecutionService.java:157)
	at java.base/jdk.internal.reflect.DirectMethodHandleAccessor.invoke(DirectMethodHandleAccessor.java:103)
	at java.base/java.lang.reflect.Method.invoke(Method.java:580)
	at org.springframework.aop.support.AopUtils.invokeJoinpointUsingReflection(AopUtils.java:359)
	at org.springframework.aop.framework.CglibAopProxy$DynamicAdvisedInterceptor.intercept(CglibAopProxy.java:723)
	at de.tum.cit.aet.artemis.buildagent.service.BuildJobExecutionService$$SpringCGLIB$$0.runBuildJob(<generated>)
	at de.tum.cit.aet.artemis.buildagent.service.BuildJobManagementService.lambda$executeBuildJob$1(BuildJobManagementService.java:129)
	at java.base/java.util.concurrent.FutureTask.run(FutureTask.java:317)
	at java.base/java.util.concurrent.ThreadPoolExecutor.runWorker(ThreadPoolExecutor.java:1144)
	at java.base/java.util.concurrent.ThreadPoolExecutor$Worker.run(ThreadPoolExecutor.java:642)
	at java.base/java.lang.Thread.run(Thread.java:1583)
Caused by: de.tum.cit.aet.artemis.core.exception.LocalCIException: Error while pulling docker image dummy-docker-image
	at de.tum.cit.aet.artemis.buildagent.service.BuildAgentDockerService.pullDockerImage(BuildAgentDockerService.java:258)
	at de.tum.cit.aet.artemis.buildagent.service.BuildJobExecutionService.runBuildJob(BuildJobExecutionService.java:152)
	... 10 common frames omitted
Caused by: com.github.dockerjava.api.exception.NotFoundException: Status 404: {"message":"pull access denied for dummy-docker-image, repository does not exist or may require 'docker login': denied: requested access to the resource is denied"}

	at com.github.dockerjava.core.DefaultInvocationBuilder.execute(DefaultInvocationBuilder.java:241)
	at com.github.dockerjava.core.DefaultInvocationBuilder.lambda$executeAndStream$1(DefaultInvocationBuilder.java:269)
	... 1 common frames omitted
    23:44:54.822 | 566 localvc.event-13 | INFO  | .c.a.a.b.s.BuildJobManagementService : Getting ID of running container local-ci-17551739576694666
    23:44:54.822 | 462 ool-1-worker-226 | INFO  | .t.c.a.a.p.s.l.LocalCITriggerService : Added build job 17591739576694814 for exercise TSTEXC and participation 1759 with priority 2 to the queue
    23:44:54.823 | 566 localvc.event-13 | INFO  | .c.a.a.b.s.BuildJobManagementService : Stopping unresponsive container with ID null
    23:44:54.823 | 566 localvc.event-13 | DEBUG | a.a.b.s.SharedQueueProcessingService : Build job completed with exception: BuildJobQueueItem[id=17551739576694666, name=SHORT4B6B7AAF03B28040600B8D20E984055B617ATSTEXC-SOLUTION, buildAgent=BuildAgentDTO[name=artemis-build-agent-test, memberAddress=[127.0.0.1]:5703, displayName=artemis-build-agent-test], participationId=1755, courseId=876, exerciseId=2451, retryCount=0, priority=2, status=null, repositoryInfo=RepositoryInfo[repositoryName=short4b6b7aaf03b28040600b8d20e984055b617atstexc-solution, repositoryType=solution, triggeredByPushTo=solution, assignmentRepositoryUri=http://localhost:49152/git/SHORT4B6B7AAF03B28040600B8D20E984055B617ATSTEXC/short4b6b7aaf03b28040600b8d20e984055b617atstexc-solution.git, testRepositoryUri=http://nadnasidni.tum/scm/SHORT4B6B7AAF03B28040600B8D20E984055B617ATSTEXC/SHORT4B6B7AAF03B28040600B8D20E984055B617ATSTEXC-tests.git, solutionRepositoryUri=null, auxiliaryRepositoryUris=[Ljava.lang.String;@39f773b0, auxiliaryRepositoryCheckoutDirectories=[Ljava.lang.String;@40ff2af4], jobTimingInfo=JobTimingInfo[submissionDate=2025-02-14T23:44:54.666476750Z[Etc/UTC], buildStartDate=2025-02-14T23:44:54.680145230Z[Etc/UTC], buildCompletionDate=null, estimatedCompletionDate=2025-02-14T23:45:13.680139659Z[Etc/UTC], estimatedDuration=19], buildConfig=BuildConfig[buildScript=#!/bin/bash
cd /var/tmp/testing-dir
mvn clean test
, dockerImage=dummy-docker-image, commitHashToBuild=null, assignmentCommitHash=9b3a9bd71a0d80e5bbc42204c319ed3d1d4f0d6d, testCommitHash=9b3a9bd71a0d80e5bbc42204c319ed3d1d4f0d6d, branch=main, programmingLanguage=JAVA, projectType=PLAIN_MAVEN, scaEnabled=false, sequentialTestRunsEnabled=false, resultPaths=[/var/tmp/testing-dir/**/target/surefire-reports/*.xml], timeoutSeconds=0, assignmentCheckoutPath=null, testCheckoutPath=null, solutionCheckoutPath=null, dockerRunConfig=null], submissionResult=null]
java.util.concurrent.CompletionException: java.util.concurrent.ExecutionException: de.tum.cit.aet.artemis.core.exception.LocalCIException: Could not pull Docker image dummy-docker-image
	at de.tum.cit.aet.artemis.buildagent.service.BuildJobManagementService.lambda$executeBuildJob$2(BuildJobManagementService.java:188)
	at de.tum.cit.aet.artemis.buildagent.service.BuildJobManagementService.createCompletableFuture(BuildJobManagementService.java:236)
	at de.tum.cit.aet.artemis.buildagent.service.BuildJobManagementService.executeBuildJob(BuildJobManagementService.java:163)
	at de.tum.cit.aet.artemis.buildagent.service.SharedQueueProcessingService.processBuild(SharedQueueProcessingService.java:413)
	at de.tum.cit.aet.artemis.buildagent.service.SharedQueueProcessingService.checkAvailabilityAndProcessNextBuild(SharedQueueProcessingService.java:269)
	at de.tum.cit.aet.artemis.buildagent.service.SharedQueueProcessingService.lambda$processBuild$5(SharedQueueProcessingService.java:480)
	at java.base/java.util.concurrent.CompletableFuture.uniExceptionally(CompletableFuture.java:990)
	at java.base/java.util.concurrent.CompletableFuture.uniExceptionallyStage(CompletableFuture.java:1008)
	at java.base/java.util.concurrent.CompletableFuture.exceptionally(CompletableFuture.java:2396)
	at de.tum.cit.aet.artemis.buildagent.service.SharedQueueProcessingService.processBuild(SharedQueueProcessingService.java:444)
	at de.tum.cit.aet.artemis.buildagent.service.SharedQueueProcessingService.checkAvailabilityAndProcessNextBuild(SharedQueueProcessingService.java:269)
	at de.tum.cit.aet.artemis.buildagent.service.SharedQueueProcessingService.lambda$processBuild$5(SharedQueueProcessingService.java:480)
	at java.base/java.util.concurrent.CompletableFuture.uniExceptionally(CompletableFuture.java:990)
	at java.base/java.util.concurrent.CompletableFuture.uniExceptionallyStage(CompletableFuture.java:1008)
	at java.base/java.util.concurrent.CompletableFuture.exceptionally(CompletableFuture.java:2396)
	at de.tum.cit.aet.artemis.buildagent.service.SharedQueueProcessingService.processBuild(SharedQueueProcessingService.java:444)
	at de.tum.cit.aet.artemis.buildagent.service.SharedQueueProcessingService.checkAvailabilityAndProcessNextBuild(SharedQueueProcessingService.java:269)
	at de.tum.cit.aet.artemis.buildagent.service.SharedQueueProcessingService.lambda$processBuild$5(SharedQueueProcessingService.java:480)
	at java.base/java.util.concurrent.CompletableFuture.uniExceptionally(CompletableFuture.java:990)
	at java.base/java.util.concurrent.CompletableFuture.uniExceptionallyStage(CompletableFuture.java:1008)
	at java.base/java.util.concurrent.CompletableFuture.exceptionally(CompletableFuture.java:2396)
	at de.tum.cit.aet.artemis.buildagent.service.SharedQueueProcessingService.processBuild(SharedQueueProcessingService.java:444)
	at de.tum.cit.aet.artemis.buildagent.service.SharedQueueProcessingService.checkAvailabilityAndProcessNextBuild(SharedQueueProcessingService.java:269)
	at de.tum.cit.aet.artemis.buildagent.service.SharedQueueProcessingService.lambda$processBuild$5(SharedQueueProcessingService.java:480)
	at java.base/java.util.concurrent.CompletableFuture.uniExceptionally(CompletableFuture.java:990)
	at java.base/java.util.concurrent.CompletableFuture.uniExceptionallyStage(CompletableFuture.java:1008)
	at java.base/java.util.concurrent.CompletableFuture.exceptionally(CompletableFuture.java:2396)
	at de.tum.cit.aet.artemis.buildagent.service.SharedQueueProcessingService.processBuild(SharedQueueProcessingService.java:444)
	at de.tum.cit.aet.artemis.buildagent.service.SharedQueueProcessingService.checkAvailabilityAndProcessNextBuild(SharedQueueProcessingService.java:269)
	at de.tum.cit.aet.artemis.buildagent.service.SharedQueueProcessingService.lambda$processBuild$5(SharedQueueProcessingService.java:480)
	at java.base/java.util.concurrent.CompletableFuture.uniExceptionally(CompletableFuture.java:990)
	at java.base/java.util.concurrent.CompletableFuture.uniExceptionallyStage(CompletableFuture.java:1008)
	at java.base/java.util.concurrent.CompletableFuture.exceptionally(CompletableFuture.java:2396)
	at de.tum.cit.aet.artemis.buildagent.service.SharedQueueProcessingService.processBuild(SharedQueueProcessingService.java:444)
	at de.tum.cit.aet.artemis.buildagent.service.SharedQueueProcessingService.checkAvailabilityAndProcessNextBuild(SharedQueueProcessingService.java:269)
	at de.tum.cit.aet.artemis.buildagent.service.SharedQueueProcessingService.lambda$processBuild$5(SharedQueueProcessingService.java:480)
	at java.base/java.util.concurrent.CompletableFuture.uniExceptionally(CompletableFuture.java:990)
	at java.base/java.util.concurrent.CompletableFuture.uniExceptionallyStage(CompletableFuture.java:1008)
	at java.base/java.util.concurrent.CompletableFuture.exceptionally(CompletableFuture.java:2396)
	at de.tum.cit.aet.artemis.buildagent.service.SharedQueueProcessingService.processBuild(SharedQueueProcessingService.java:444)
	at de.tum.cit.aet.artemis.buildagent.service.SharedQueueProcessingService.checkAvailabilityAndProcessNextBuild(SharedQueueProcessingService.java:269)
	at de.tum.cit.aet.artemis.buildagent.service.SharedQueueProcessingService.lambda$processBuild$5(SharedQueueProcessingService.java:480)
	at java.base/java.util.concurrent.CompletableFuture.uniExceptionally(CompletableFuture.java:990)
	at java.base/java.util.concurrent.CompletableFuture.uniExceptionallyStage(CompletableFuture.java:1008)
	at java.base/java.util.concurrent.CompletableFuture.exceptionally(CompletableFuture.java:2396)
	at de.tum.cit.aet.artemis.buildagent.service.SharedQueueProcessingService.processBuild(SharedQueueProcessingService.java:444)
	at de.tum.cit.aet.artemis.buildagent.service.SharedQueueProcessingService.checkAvailabilityAndProcessNextBuild(SharedQueueProcessingService.java:269)
	at de.tum.cit.aet.artemis.buildagent.service.SharedQueueProcessingService.lambda$processBuild$5(SharedQueueProcessingService.java:480)
	at java.base/java.util.concurrent.CompletableFuture.uniExceptionally(CompletableFuture.java:990)
	at java.base/java.util.concurrent.CompletableFuture.uniExceptionallyStage(CompletableFuture.java:1008)
	at java.base/java.util.concurrent.CompletableFuture.exceptionally(CompletableFuture.java:2396)
	at de.tum.cit.aet.artemis.buildagent.service.SharedQueueProcessingService.processBuild(SharedQueueProcessingService.java:444)
	at de.tum.cit.aet.artemis.buildagent.service.SharedQueueProcessingService.checkAvailabilityAndProcessNextBuild(SharedQueueProcessingService.java:269)
	at de.tum.cit.aet.artemis.buildagent.service.SharedQueueProcessingService.lambda$processBuild$5(SharedQueueProcessingService.java:480)
	at java.base/java.util.concurrent.CompletableFuture.uniExceptionally(CompletableFuture.java:990)
	at java.base/java.util.concurrent.CompletableFuture.uniExceptionallyStage(CompletableFuture.java:1008)
	at java.base/java.util.concurrent.CompletableFuture.exceptionally(CompletableFuture.java:2396)
	at de.tum.cit.aet.artemis.buildagent.service.SharedQueueProcessingService.processBuild(SharedQueueProcessingService.java:444)
	at de.tum.cit.aet.artemis.buildagent.service.SharedQueueProcessingService.checkAvailabilityAndProcessNextBuild(SharedQueueProcessingService.java:269)
	at de.tum.cit.aet.artemis.buildagent.service.SharedQueueProcessingService.lambda$processBuild$5(SharedQueueProcessingService.java:480)
	at java.base/java.util.concurrent.CompletableFuture.uniExceptionally(CompletableFuture.java:990)
	at java.base/java.util.concurrent.CompletableFuture.uniExceptionallyStage(CompletableFuture.java:1008)
	at java.base/java.util.concurrent.CompletableFuture.exceptionally(CompletableFuture.java:2396)
	at de.tum.cit.aet.artemis.buildagent.service.SharedQueueProcessingService.processBuild(SharedQueueProcessingService.java:444)
	at de.tum.cit.aet.artemis.buildagent.service.SharedQueueProcessingService.checkAvailabilityAndProcessNextBuild(SharedQueueProcessingService.java:269)
	at de.tum.cit.aet.artemis.buildagent.service.SharedQueueProcessingService$QueuedBuildJobItemListener.itemAdded(SharedQueueProcessingService.java:594)
	at com.hazelcast.collection.impl.queue.QueueService.lambda$dispatchEvent$1(QueueService.java:277)
	at com.hazelcast.internal.namespace.impl.NoOpUserCodeNamespaceService.runWithNamespace(NoOpUserCodeNamespaceService.java:82)
	at com.hazelcast.internal.namespace.NamespaceUtil.runWithNamespace(NamespaceUtil.java:106)
	at com.hazelcast.collection.impl.queue.QueueService.dispatchEvent(QueueService.java:275)
	at com.hazelcast.collection.impl.queue.QueueService.dispatchEvent(QueueService.java:98)
	at com.hazelcast.spi.impl.eventservice.impl.LocalEventDispatcher.run(LocalEventDispatcher.java:64)
	at com.hazelcast.internal.util.executor.StripedExecutor$Worker.process(StripedExecutor.java:244)
	at com.hazelcast.internal.util.executor.StripedExecutor$Worker.run(StripedExecutor.java:227)
Caused by: java.util.concurrent.ExecutionException: de.tum.cit.aet.artemis.core.exception.LocalCIException: Could not pull Docker image dummy-docker-image
	at java.base/java.util.concurrent.FutureTask.report(FutureTask.java:122)
	at java.base/java.util.concurrent.FutureTask.get(FutureTask.java:205)
	at de.tum.cit.aet.artemis.buildagent.service.BuildJobManagementService.lambda$executeBuildJob$2(BuildJobManagementService.java:165)
	... 73 common frames omitted
Caused by: de.tum.cit.aet.artemis.core.exception.LocalCIException: Could not pull Docker image dummy-docker-image
	at de.tum.cit.aet.artemis.buildagent.service.BuildJobExecutionService.runBuildJob(BuildJobExecutionService.java:157)
	at java.base/jdk.internal.reflect.DirectMethodHandleAccessor.invoke(DirectMethodHandleAccessor.java:103)
	at java.base/java.lang.reflect.Method.invoke(Method.java:580)
	at org.springframework.aop.support.AopUtils.invokeJoinpointUsingReflection(AopUtils.java:359)
	at org.springframework.aop.framework.CglibAopProxy$DynamicAdvisedInterceptor.intercept(CglibAopProxy.java:723)
	at de.tum.cit.aet.artemis.buildagent.service.BuildJobExecutionService$$SpringCGLIB$$0.runBuildJob(<generated>)
	at de.tum.cit.aet.artemis.buildagent.service.BuildJobManagementService.lambda$executeBuildJob$1(BuildJobManagementService.java:129)
	at java.base/java.util.concurrent.FutureTask.run(FutureTask.java:317)
	at java.base/java.util.concurrent.ThreadPoolExecutor.runWorker(ThreadPoolExecutor.java:1144)
	at java.base/java.util.concurrent.ThreadPoolExecutor$Worker.run(ThreadPoolExecutor.java:642)
	at java.base/java.lang.Thread.run(Thread.java:1583)
Caused by: de.tum.cit.aet.artemis.core.exception.LocalCIException: Error while pulling docker image dummy-docker-image
	at de.tum.cit.aet.artemis.buildagent.service.BuildAgentDockerService.pullDockerImage(BuildAgentDockerService.java:258)
	at de.tum.cit.aet.artemis.buildagent.service.BuildJobExecutionService.runBuildJob(BuildJobExecutionService.java:152)
	... 10 common frames omitted
Caused by: com.github.dockerjava.api.exception.NotFoundException: Status 404: {"message":"pull access denied for dummy-docker-image, repository does not exist or may require 'docker login': denied: requested access to the resource is denied"}

	at com.github.dockerjava.core.DefaultInvocationBuilder.execute(DefaultInvocationBuilder.java:241)
	at com.github.dockerjava.core.DefaultInvocationBuilder.lambda$executeAndStream$1(DefaultInvocationBuilder.java:269)
	... 1 common frames omitted
    23:44:54.823 | 566 localvc.event-13 | ERROR | a.a.b.s.SharedQueueProcessingService : Error while processing build job: BuildJobQueueItem[id=17551739576694666, name=SHORT4B6B7AAF03B28040600B8D20E984055B617ATSTEXC-SOLUTION, buildAgent=BuildAgentDTO[name=artemis-build-agent-test, memberAddress=[127.0.0.1]:5703, displayName=artemis-build-agent-test], participationId=1755, courseId=876, exerciseId=2451, retryCount=0, priority=2, status=null, repositoryInfo=RepositoryInfo[repositoryName=short4b6b7aaf03b28040600b8d20e984055b617atstexc-solution, repositoryType=solution, triggeredByPushTo=solution, assignmentRepositoryUri=http://localhost:49152/git/SHORT4B6B7AAF03B28040600B8D20E984055B617ATSTEXC/short4b6b7aaf03b28040600b8d20e984055b617atstexc-solution.git, testRepositoryUri=http://nadnasidni.tum/scm/SHORT4B6B7AAF03B28040600B8D20E984055B617ATSTEXC/SHORT4B6B7AAF03B28040600B8D20E984055B617ATSTEXC-tests.git, solutionRepositoryUri=null, auxiliaryRepositoryUris=[Ljava.lang.String;@39f773b0, auxiliaryRepositoryCheckoutDirectories=[Ljava.lang.String;@40ff2af4], jobTimingInfo=JobTimingInfo[submissionDate=2025-02-14T23:44:54.666476750Z[Etc/UTC], buildStartDate=2025-02-14T23:44:54.680145230Z[Etc/UTC], buildCompletionDate=null, estimatedCompletionDate=2025-02-14T23:45:13.680139659Z[Etc/UTC], estimatedDuration=19], buildConfig=BuildConfig[buildScript=#!/bin/bash
cd /var/tmp/testing-dir
mvn clean test
, dockerImage=dummy-docker-image, commitHashToBuild=null, assignmentCommitHash=9b3a9bd71a0d80e5bbc42204c319ed3d1d4f0d6d, testCommitHash=9b3a9bd71a0d80e5bbc42204c319ed3d1d4f0d6d, branch=main, programmingLanguage=JAVA, projectType=PLAIN_MAVEN, scaEnabled=false, sequentialTestRunsEnabled=false, resultPaths=[/var/tmp/testing-dir/**/target/surefire-reports/*.xml], timeoutSeconds=0, assignmentCheckoutPath=null, testCheckoutPath=null, solutionCheckoutPath=null, dockerRunConfig=null], submissionResult=null]
java.util.concurrent.CompletionException: java.util.concurrent.ExecutionException: de.tum.cit.aet.artemis.core.exception.LocalCIException: Could not pull Docker image dummy-docker-image
	at de.tum.cit.aet.artemis.buildagent.service.BuildJobManagementService.lambda$executeBuildJob$2(BuildJobManagementService.java:188)
	at de.tum.cit.aet.artemis.buildagent.service.BuildJobManagementService.createCompletableFuture(BuildJobManagementService.java:236)
	at de.tum.cit.aet.artemis.buildagent.service.BuildJobManagementService.executeBuildJob(BuildJobManagementService.java:163)
	at de.tum.cit.aet.artemis.buildagent.service.SharedQueueProcessingService.processBuild(SharedQueueProcessingService.java:413)
	at de.tum.cit.aet.artemis.buildagent.service.SharedQueueProcessingService.checkAvailabilityAndProcessNextBuild(SharedQueueProcessingService.java:269)
	at de.tum.cit.aet.artemis.buildagent.service.SharedQueueProcessingService.lambda$processBuild$5(SharedQueueProcessingService.java:480)
	at java.base/java.util.concurrent.CompletableFuture.uniExceptionally(CompletableFuture.java:990)
	at java.base/java.util.concurrent.CompletableFuture.uniExceptionallyStage(CompletableFuture.java:1008)
	at java.base/java.util.concurrent.CompletableFuture.exceptionally(CompletableFuture.java:2396)
	at de.tum.cit.aet.artemis.buildagent.service.SharedQueueProcessingService.processBuild(SharedQueueProcessingService.java:444)
	at de.tum.cit.aet.artemis.buildagent.service.SharedQueueProcessingService.checkAvailabilityAndProcessNextBuild(SharedQueueProcessingService.java:269)
	at de.tum.cit.aet.artemis.buildagent.service.SharedQueueProcessingService.lambda$processBuild$5(SharedQueueProcessingService.java:480)
	at java.base/java.util.concurrent.CompletableFuture.uniExceptionally(CompletableFuture.java:990)
	at java.base/java.util.concurrent.CompletableFuture.uniExceptionallyStage(CompletableFuture.java:1008)
	at java.base/java.util.concurrent.CompletableFuture.exceptionally(CompletableFuture.java:2396)
	at de.tum.cit.aet.artemis.buildagent.service.SharedQueueProcessingService.processBuild(SharedQueueProcessingService.java:444)
	at de.tum.cit.aet.artemis.buildagent.service.SharedQueueProcessingService.checkAvailabilityAndProcessNextBuild(SharedQueueProcessingService.java:269)
	at de.tum.cit.aet.artemis.buildagent.service.SharedQueueProcessingService.lambda$processBuild$5(SharedQueueProcessingService.java:480)
	at java.base/java.util.concurrent.CompletableFuture.uniExceptionally(CompletableFuture.java:990)
	at java.base/java.util.concurrent.CompletableFuture.uniExceptionallyStage(CompletableFuture.java:1008)
	at java.base/java.util.concurrent.CompletableFuture.exceptionally(CompletableFuture.java:2396)
	at de.tum.cit.aet.artemis.buildagent.service.SharedQueueProcessingService.processBuild(SharedQueueProcessingService.java:444)
	at de.tum.cit.aet.artemis.buildagent.service.SharedQueueProcessingService.checkAvailabilityAndProcessNextBuild(SharedQueueProcessingService.java:269)
	at de.tum.cit.aet.artemis.buildagent.service.SharedQueueProcessingService.lambda$processBuild$5(SharedQueueProcessingService.java:480)
	at java.base/java.util.concurrent.CompletableFuture.uniExceptionally(CompletableFuture.java:990)
	at java.base/java.util.concurrent.CompletableFuture.uniExceptionallyStage(CompletableFuture.java:1008)
	at java.base/java.util.concurrent.CompletableFuture.exceptionally(CompletableFuture.java:2396)
	at de.tum.cit.aet.artemis.buildagent.service.SharedQueueProcessingService.processBuild(SharedQueueProcessingService.java:444)
	at de.tum.cit.aet.artemis.buildagent.service.SharedQueueProcessingService.checkAvailabilityAndProcessNextBuild(SharedQueueProcessingService.java:269)
	at de.tum.cit.aet.artemis.buildagent.service.SharedQueueProcessingService.lambda$processBuild$5(SharedQueueProcessingService.java:480)
	at java.base/java.util.concurrent.CompletableFuture.uniExceptionally(CompletableFuture.java:990)
	at java.base/java.util.concurrent.CompletableFuture.uniExceptionallyStage(CompletableFuture.java:1008)
	at java.base/java.util.concurrent.CompletableFuture.exceptionally(CompletableFuture.java:2396)
	at de.tum.cit.aet.artemis.buildagent.service.SharedQueueProcessingService.processBuild(SharedQueueProcessingService.java:444)
	at de.tum.cit.aet.artemis.buildagent.service.SharedQueueProcessingService.checkAvailabilityAndProcessNextBuild(SharedQueueProcessingService.java:269)
	at de.tum.cit.aet.artemis.buildagent.service.SharedQueueProcessingService.lambda$processBuild$5(SharedQueueProcessingService.java:480)
	at java.base/java.util.concurrent.CompletableFuture.uniExceptionally(CompletableFuture.java:990)
	at java.base/java.util.concurrent.CompletableFuture.uniExceptionallyStage(CompletableFuture.java:1008)
	at java.base/java.util.concurrent.CompletableFuture.exceptionally(CompletableFuture.java:2396)
	at de.tum.cit.aet.artemis.buildagent.service.SharedQueueProcessingService.processBuild(SharedQueueProcessingService.java:444)
	at de.tum.cit.aet.artemis.buildagent.service.SharedQueueProcessingService.checkAvailabilityAndProcessNextBuild(SharedQueueProcessingService.java:269)
	at de.tum.cit.aet.artemis.buildagent.service.SharedQueueProcessingService.lambda$processBuild$5(SharedQueueProcessingService.java:480)
	at java.base/java.util.concurrent.CompletableFuture.uniExceptionally(CompletableFuture.java:990)
	at java.base/java.util.concurrent.CompletableFuture.uniExceptionallyStage(CompletableFuture.java:1008)
	at java.base/java.util.concurrent.CompletableFuture.exceptionally(CompletableFuture.java:2396)
	at de.tum.cit.aet.artemis.buildagent.service.SharedQueueProcessingService.processBuild(SharedQueueProcessingService.java:444)
	at de.tum.cit.aet.artemis.buildagent.service.SharedQueueProcessingService.checkAvailabilityAndProcessNextBuild(SharedQueueProcessingService.java:269)
	at de.tum.cit.aet.artemis.buildagent.service.SharedQueueProcessingService.lambda$processBuild$5(SharedQueueProcessingService.java:480)
	at java.base/java.util.concurrent.CompletableFuture.uniExceptionally(CompletableFuture.java:990)
	at java.base/java.util.concurrent.CompletableFuture.uniExceptionallyStage(CompletableFuture.java:1008)
	at java.base/java.util.concurrent.CompletableFuture.exceptionally(CompletableFuture.java:2396)
	at de.tum.cit.aet.artemis.buildagent.service.SharedQueueProcessingService.processBuild(SharedQueueProcessingService.java:444)
	at de.tum.cit.aet.artemis.buildagent.service.SharedQueueProcessingService.checkAvailabilityAndProcessNextBuild(SharedQueueProcessingService.java:269)
	at de.tum.cit.aet.artemis.buildagent.service.SharedQueueProcessingService.lambda$processBuild$5(SharedQueueProcessingService.java:480)
	at java.base/java.util.concurrent.CompletableFuture.uniExceptionally(CompletableFuture.java:990)
	at java.base/java.util.concurrent.CompletableFuture.uniExceptionallyStage(CompletableFuture.java:1008)
	at java.base/java.util.concurrent.CompletableFuture.exceptionally(CompletableFuture.java:2396)
	at de.tum.cit.aet.artemis.buildagent.service.SharedQueueProcessingService.processBuild(SharedQueueProcessingService.java:444)
	at de.tum.cit.aet.artemis.buildagent.service.SharedQueueProcessingService.checkAvailabilityAndProcessNextBuild(SharedQueueProcessingService.java:269)
	at de.tum.cit.aet.artemis.buildagent.service.SharedQueueProcessingService.lambda$processBuild$5(SharedQueueProcessingService.java:480)
	at java.base/java.util.concurrent.CompletableFuture.uniExceptionally(CompletableFuture.java:990)
	at java.base/java.util.concurrent.CompletableFuture.uniExceptionallyStage(CompletableFuture.java:1008)
	at java.base/java.util.concurrent.CompletableFuture.exceptionally(CompletableFuture.java:2396)
	at de.tum.cit.aet.artemis.buildagent.service.SharedQueueProcessingService.processBuild(SharedQueueProcessingService.java:444)
	at de.tum.cit.aet.artemis.buildagent.service.SharedQueueProcessingService.checkAvailabilityAndProcessNextBuild(SharedQueueProcessingService.java:269)
	at de.tum.cit.aet.artemis.buildagent.service.SharedQueueProcessingService$QueuedBuildJobItemListener.itemAdded(SharedQueueProcessingService.java:594)
	at com.hazelcast.collection.impl.queue.QueueService.lambda$dispatchEvent$1(QueueService.java:277)
	at com.hazelcast.internal.namespace.impl.NoOpUserCodeNamespaceService.runWithNamespace(NoOpUserCodeNamespaceService.java:82)
	at com.hazelcast.internal.namespace.NamespaceUtil.runWithNamespace(NamespaceUtil.java:106)
	at com.hazelcast.collection.impl.queue.QueueService.dispatchEvent(QueueService.java:275)
	at com.hazelcast.collection.impl.queue.QueueService.dispatchEvent(QueueService.java:98)
	at com.hazelcast.spi.impl.eventservice.impl.LocalEventDispatcher.run(LocalEventDispatcher.java:64)
	at com.hazelcast.internal.util.executor.StripedExecutor$Worker.process(StripedExecutor.java:244)
	at com.hazelcast.internal.util.executor.StripedExecutor$Worker.run(StripedExecutor.java:227)
Caused by: java.util.concurrent.ExecutionException: de.tum.cit.aet.artemis.core.exception.LocalCIException: Could not pull Docker image dummy-docker-image
	at java.base/java.util.concurrent.FutureTask.report(FutureTask.java:122)
	at java.base/java.util.concurrent.FutureTask.get(FutureTask.java:205)
	at de.tum.cit.aet.artemis.buildagent.service.BuildJobManagementService.lambda$executeBuildJob$2(BuildJobManagementService.java:165)
	... 73 common frames omitted
Caused by: de.tum.cit.aet.artemis.core.exception.LocalCIException: Could not pull Docker image dummy-docker-image
	at de.tum.cit.aet.artemis.buildagent.service.BuildJobExecutionService.runBuildJob(BuildJobExecutionService.java:157)
	at java.base/jdk.internal.reflect.DirectMethodHandleAccessor.invoke(DirectMethodHandleAccessor.java:103)
	at java.base/java.lang.reflect.Method.invoke(Method.java:580)
	at org.springframework.aop.support.AopUtils.invokeJoinpointUsingReflection(AopUtils.java:359)
	at org.springframework.aop.framework.CglibAopProxy$DynamicAdvisedInterceptor.intercept(CglibAopProxy.java:723)
	at de.tum.cit.aet.artemis.buildagent.service.BuildJobExecutionService$$SpringCGLIB$$0.runBuildJob(<generated>)
	at de.tum.cit.aet.artemis.buildagent.service.BuildJobManagementService.lambda$executeBuildJob$1(BuildJobManagementService.java:129)
	at java.base/java.util.concurrent.FutureTask.run(FutureTask.java:317)
	at java.base/java.util.concurrent.ThreadPoolExecutor.runWorker(ThreadPoolExecutor.java:1144)
	at java.base/java.util.concurrent.ThreadPoolExecutor$Worker.run(ThreadPoolExecutor.java:642)
	at java.base/java.lang.Thread.run(Thread.java:1583)
Caused by: de.tum.cit.aet.artemis.core.exception.LocalCIException: Error while pulling docker image dummy-docker-image
	at de.tum.cit.aet.artemis.buildagent.service.BuildAgentDockerService.pullDockerImage(BuildAgentDockerService.java:258)
	at de.tum.cit.aet.artemis.buildagent.service.BuildJobExecutionService.runBuildJob(BuildJobExecutionService.java:152)
	... 10 common frames omitted
Caused by: com.github.dockerjava.api.exception.NotFoundException: Status 404: {"message":"pull access denied for dummy-docker-image, repository does not exist or may require 'docker login': denied: requested access to the resource is denied"}

	at com.github.dockerjava.core.DefaultInvocationBuilder.execute(DefaultInvocationBuilder.java:241)
	at com.github.dockerjava.core.DefaultInvocationBuilder.lambda$executeAndStream$1(DefaultInvocationBuilder.java:269)
	... 1 common frames omitted
    23:44:54.824 | 567 localvc.event-14 | DEBUG | a.p.s.l.LocalCIQueueWebsocketService : CIBuildJobQueueItem removed from processing jobs: BuildJobQueueItem[id=17551739576694666, name=SHORT4B6B7AAF03B28040600B8D20E984055B617ATSTEXC-SOLUTION, buildAgent=BuildAgentDTO[name=artemis-build-agent-test, memberAddress=[127.0.0.1]:5703, displayName=artemis-build-agent-test], participationId=1755, courseId=876, exerciseId=2451, retryCount=0, priority=2, status=null, repositoryInfo=RepositoryInfo[repositoryName=short4b6b7aaf03b28040600b8d20e984055b617atstexc-solution, repositoryType=solution, triggeredByPushTo=solution, assignmentRepositoryUri=http://localhost:49152/git/SHORT4B6B7AAF03B28040600B8D20E984055B617ATSTEXC/short4b6b7aaf03b28040600b8d20e984055b617atstexc-solution.git, testRepositoryUri=http://nadnasidni.tum/scm/SHORT4B6B7AAF03B28040600B8D20E984055B617ATSTEXC/SHORT4B6B7AAF03B28040600B8D20E984055B617ATSTEXC-tests.git, solutionRepositoryUri=null, auxiliaryRepositoryUris=[Ljava.lang.String;@768e06ec, auxiliaryRepositoryCheckoutDirectories=[Ljava.lang.String;@7ef2c91], jobTimingInfo=JobTimingInfo[submissionDate=2025-02-14T23:44:54.666476750Z[Etc/UTC], buildStartDate=2025-02-14T23:44:54.680145230Z[Etc/UTC], buildCompletionDate=null, estimatedCompletionDate=2025-02-14T23:45:13.680139659Z[Etc/UTC], estimatedDuration=19], buildConfig=BuildConfig[buildScript=#!/bin/bash
cd /var/tmp/testing-dir
mvn clean test
, dockerImage=dummy-docker-image, commitHashToBuild=null, assignmentCommitHash=9b3a9bd71a0d80e5bbc42204c319ed3d1d4f0d6d, testCommitHash=9b3a9bd71a0d80e5bbc42204c319ed3d1d4f0d6d, branch=main, programmingLanguage=JAVA, projectType=PLAIN_MAVEN, scaEnabled=false, sequentialTestRunsEnabled=false, resultPaths=[/var/tmp/testing-dir/**/target/surefire-reports/*.xml], timeoutSeconds=0, assignmentCheckoutPath=null, testCheckoutPath=null, solutionCheckoutPath=null, dockerRunConfig=null], submissionResult=null]
    23:44:54.825 | 567 localvc.event-14 | DEBUG | s.l.LocalCIWebsocketMessagingService : Sending message on topic /topic/admin/running-jobs: []
    23:44:54.825 | 567 localvc.event-14 | DEBUG | s.l.LocalCIWebsocketMessagingService : Sending message on topic /topic/courses/876/running-jobs: []
    23:44:54.838 | 566 localvc.event-13 | DEBUG | a.a.b.s.SharedQueueProcessingService : Currently processing jobs on this node: 0, active threads in Pool: 0, maximum pool size of thread executor : 1
    23:44:54.838 | 566 localvc.event-13 | DEBUG | a.a.b.s.SharedQueueProcessingService : Currently processing jobs on this node: 0, active threads in Pool: 0, maximum pool size of thread executor : 1

Finished logs for ProgrammingExerciseTestCaseServiceTest
]]></system-out>
  <system-err><![CDATA[]]></system-err>
</testsuite>
